<?xml version="1.0" encoding="UTF-8"?>
<testsuite errors="0" failures="0" hostname="dhcp-10.15.208.168.stl.redhat.com" name="org.hibernate.test.propertyref.inheritence.discrim.SubclassPropertyRefTest" tests="1" time="0.12" timestamp="2013-02-28T20:17:47">
  <properties />
  <testcase classname="org.hibernate.test.propertyref.inheritence.discrim.SubclassPropertyRefTest" name="testOneToOnePropertyRef" time="0.033" />
  <system-out><![CDATA[14:17:47,075  INFO CustomRunner:132 - BeforeClass: org.hibernate.test.propertyref.inheritence.discrim.SubclassPropertyRefTest
14:17:47,077  INFO Configuration:706 - HHH000221: Reading mappings from resource: org/hibernate/test/propertyref/inheritence/discrim/Person.hbm.xml
14:17:47,107  INFO DriverManagerConnectionProviderImpl:99 - HHH000402: Using Hibernate built-in connection pool (not for production use!)
14:17:47,107  INFO DriverManagerConnectionProviderImpl:135 - HHH000115: Hibernate connection pool size: 5
14:17:47,107  INFO DriverManagerConnectionProviderImpl:138 - HHH000006: Autocommit mode: false
14:17:47,107  INFO DriverManagerConnectionProviderImpl:153 - HHH000401: using driver [org.h2.Driver] at URL [jdbc:h2:mem:db1;DB_CLOSE_DELAY=-1;MVCC=TRUE]
14:17:47,108  INFO DriverManagerConnectionProviderImpl:158 - HHH000046: Connection properties: {user=sa}
14:17:47,109  INFO Dialect:103 - HHH000400: Using dialect: org.hibernate.dialect.H2Dialect
14:17:47,109  INFO LobCreatorBuilder:94 - HHH000423: Disabling contextual LOB creation as JDBC driver reported JDBC version [3] less than 4
14:17:47,110  INFO TransactionFactoryInitiator:66 - HHH000399: Using default transaction strategy (direct JDBC transactions)
14:17:47,110  INFO ASTQueryTranslatorFactory:48 - HHH000397: Using ASTQueryTranslatorFactory
14:17:47,110  WARN CachingRegionFactory:58 - CachingRegionFactory should be only used for testing.
14:17:47,121  INFO SchemaExport:343 - HHH000227: Running hbm2ddl schema export
14:17:47,121 DEBUG SchemaExport:353 - Import file not found: /import.sql
14:17:47,122 DEBUG SQL:104 - 
    alter table D_SBCLS_PROPREF_ACCT 
        drop constraint FKA9F38E01E496FD80
14:17:47,122 ERROR SchemaExport:425 - HHH000389: Unsuccessful: alter table D_SBCLS_PROPREF_ACCT drop constraint FKA9F38E01E496FD80
14:17:47,122 ERROR SchemaExport:426 - Table "D_SBCLS_PROPREF_ACCT" not found; SQL statement:

    alter table D_SBCLS_PROPREF_ACCT 
        drop constraint FKA9F38E01E496FD80 [42102-145]
14:17:47,122 DEBUG SQL:104 - 
    alter table D_SBCLS_PROPREF_ACCT 
        drop constraint FKA9F38E01FFCD127
14:17:47,122 ERROR SchemaExport:425 - HHH000389: Unsuccessful: alter table D_SBCLS_PROPREF_ACCT drop constraint FKA9F38E01FFCD127
14:17:47,122 ERROR SchemaExport:426 - Table "D_SBCLS_PROPREF_ACCT" not found; SQL statement:

    alter table D_SBCLS_PROPREF_ACCT 
        drop constraint FKA9F38E01FFCD127 [42102-145]
14:17:47,123 DEBUG SQL:104 - 
    drop table D_SBCLS_PROPREF_ACCT if exists
14:17:47,123 DEBUG SQL:104 - 
    drop table D_SBCLS_PROPREF_PERS if exists
14:17:47,123 DEBUG SQL:104 - 
    drop table hibernate_unique_key if exists
14:17:47,123 DEBUG SQL:104 - 
    create table D_SBCLS_PROPREF_ACCT (
        accountId varchar(32) not null,
        personId varchar(255) not null,
        customerPersonId varchar(255) not null,
        "type" char(255) not null,
        primary key (accountId)
    )
14:17:47,124 DEBUG SQL:104 - 
    create table D_SBCLS_PROPREF_PERS (
        id bigint not null,
        name varchar(100),
        personId varchar(8) not null,
        customerId varchar(8) not null,
        primary key (id)
    )
14:17:47,124 DEBUG SQL:104 - 
    alter table D_SBCLS_PROPREF_ACCT 
        add constraint uc_D_SBCLS_PROPREF_ACCT_1 unique (personId)
14:17:47,124 DEBUG SQL:104 - 
    alter table D_SBCLS_PROPREF_ACCT 
        add constraint uc_D_SBCLS_PROPREF_ACCT_2 unique (customerPersonId)
14:17:47,124 DEBUG SQL:104 - 
    alter table D_SBCLS_PROPREF_ACCT 
        add constraint FKA9F38E01E496FD80 
        foreign key (personId) 
        references D_SBCLS_PROPREF_PERS (personId)
14:17:47,125 DEBUG SQL:104 - 
    alter table D_SBCLS_PROPREF_ACCT 
        add constraint FKA9F38E01FFCD127 
        foreign key (customerPersonId) 
        references D_SBCLS_PROPREF_PERS (personId)
14:17:47,125 DEBUG SQL:104 - 
    alter table D_SBCLS_PROPREF_PERS 
        add constraint uc_D_SBCLS_PROPREF_PERS_1 unique (personId)
14:17:47,125 DEBUG SQL:104 - 
    alter table D_SBCLS_PROPREF_PERS 
        add constraint uc_D_SBCLS_PROPREF_PERS_2 unique (customerId)
14:17:47,126 DEBUG SQL:104 - 
    create table hibernate_unique_key (
         next_hi integer 
    )
14:17:47,127 DEBUG SQL:104 - 
    insert into hibernate_unique_key values ( 0 )
14:17:47,127  INFO SchemaExport:405 - HHH000230: Schema export complete
14:17:47,127  WARN SessionFactoryImpl:1554 - HHH000008: JTASessionContext being used with JDBCTransactionFactory; auto-flush will not operate correctly with getCurrentSession()
14:17:47,128  INFO CustomRunner:139 - Test: testOneToOnePropertyRef
14:17:47,129 DEBUG SQL:104 - 
    select
        next_hi 
    from
        hibernate_unique_key for update
            
14:17:47,129 DEBUG SQL:104 - 
    update
        hibernate_unique_key 
    set
        next_hi = ? 
    where
        next_hi = ?
14:17:47,130 DEBUG SQL:104 - 
    insert 
    into
        D_SBCLS_PROPREF_PERS
        (name, personId, customerId, id) 
    values
        (?, ?, ?, ?)
14:17:47,130 DEBUG SQL:104 - 
    insert 
    into
        D_SBCLS_PROPREF_ACCT
        (personId, customerPersonId, "type", accountId) 
    values
        (?, ?, ?, ?)
14:17:47,131 DEBUG QueryTranslatorImpl:265 - parse() - HQL: from org.hibernate.test.propertyref.inheritence.discrim.Account acc join fetch acc.customer join fetch acc.person
14:17:47,132 DEBUG QueryTranslatorImpl:283 - --- HQL AST ---
 \-[QUERY] Node: 'query'
    \-[SELECT_FROM] Node: 'SELECT_FROM'
       \-[FROM] Node: 'from'
          +-[RANGE] Node: 'RANGE'
          |  +-[DOT] Node: '.'
          |  |  +-[DOT] Node: '.'
          |  |  |  +-[DOT] Node: '.'
          |  |  |  |  +-[DOT] Node: '.'
          |  |  |  |  |  +-[DOT] Node: '.'
          |  |  |  |  |  |  +-[DOT] Node: '.'
          |  |  |  |  |  |  |  +-[IDENT] Node: 'org'
          |  |  |  |  |  |  |  \-[IDENT] Node: 'hibernate'
          |  |  |  |  |  |  \-[IDENT] Node: 'test'
          |  |  |  |  |  \-[IDENT] Node: 'propertyref'
          |  |  |  |  \-[IDENT] Node: 'inheritence'
          |  |  |  \-[IDENT] Node: 'discrim'
          |  |  \-[IDENT] Node: 'Account'
          |  \-[ALIAS] Node: 'acc'
          +-[JOIN] Node: 'join'
          |  +-[FETCH] Node: 'fetch'
          |  \-[DOT] Node: '.'
          |     +-[IDENT] Node: 'acc'
          |     \-[IDENT] Node: 'customer'
          \-[JOIN] Node: 'join'
             +-[FETCH] Node: 'fetch'
             \-[DOT] Node: '.'
                +-[IDENT] Node: 'acc'
                \-[IDENT] Node: 'person'

14:17:47,132 DEBUG ErrorCounter:82 - throwQueryException() : no errors
14:17:47,133 DEBUG FromElement:157 - FromClause{level=1} : org.hibernate.test.propertyref.inheritence.discrim.Account (acc) -> account0_
14:17:47,133 DEBUG FromReferenceNode:74 - Resolved : acc -> account0_.accountId
14:17:47,133 DEBUG DotNode:599 - getDataType() : customer -> org.hibernate.type.ManyToOneType(org.hibernate.test.propertyref.inheritence.discrim.Customer)
14:17:47,133 DEBUG DotNode:389 - dereferenceEntityJoin() : generating join for customer in org.hibernate.test.propertyref.inheritence.discrim.Account (<no alias>) parent = [ {null} ]
14:17:47,133 DEBUG FromElement:157 - FromClause{level=1} : org.hibernate.test.propertyref.inheritence.discrim.Customer (<no alias>) -> customer1_
14:17:47,133 DEBUG FromClause:282 - addJoinByPathMap() : acc.customer -> FromElement{explicit,not a collection join,not a fetch join,fetch non-lazy properties,classAlias=null,role=null,tableName=D_SBCLS_PROPREF_PERS,tableAlias=customer1_,origin=D_SBCLS_PROPREF_ACCT account0_,columns={account0_.customerPersonId ,className=org.hibernate.test.propertyref.inheritence.discrim.Customer}}
14:17:47,133 DEBUG FromReferenceNode:74 - Resolved : acc.customer -> account0_.customerPersonId
14:17:47,134 DEBUG HqlSqlWalker:403 - createFromJoinElement() : -- join tree --
 \-[JOIN_FRAGMENT] FromElement: 'D_SBCLS_PROPREF_PERS customer1_' FromElement{explicit,not a collection join,fetch join,fetch non-lazy properties,classAlias=null,role=null,tableName=D_SBCLS_PROPREF_PERS,tableAlias=customer1_,origin=D_SBCLS_PROPREF_ACCT account0_,columns={account0_.customerPersonId ,className=org.hibernate.test.propertyref.inheritence.discrim.Customer}}

14:17:47,134 DEBUG FromReferenceNode:74 - Resolved : acc -> account0_.accountId
14:17:47,134 DEBUG DotNode:599 - getDataType() : person -> org.hibernate.type.ManyToOneType(org.hibernate.test.propertyref.inheritence.discrim.Person)
14:17:47,134 DEBUG DotNode:389 - dereferenceEntityJoin() : generating join for person in org.hibernate.test.propertyref.inheritence.discrim.Account (<no alias>) parent = [ {null} ]
14:17:47,134 DEBUG FromElement:157 - FromClause{level=1} : org.hibernate.test.propertyref.inheritence.discrim.Person (<no alias>) -> person2_
14:17:47,134 DEBUG FromClause:282 - addJoinByPathMap() : acc.person -> FromElement{explicit,not a collection join,not a fetch join,fetch non-lazy properties,classAlias=null,role=null,tableName=D_SBCLS_PROPREF_PERS,tableAlias=person2_,origin=D_SBCLS_PROPREF_ACCT account0_,columns={account0_.personId ,className=org.hibernate.test.propertyref.inheritence.discrim.Person}}
14:17:47,134 DEBUG FromReferenceNode:74 - Resolved : acc.person -> account0_.personId
14:17:47,134 DEBUG HqlSqlWalker:403 - createFromJoinElement() : -- join tree --
 \-[JOIN_FRAGMENT] FromElement: 'D_SBCLS_PROPREF_PERS person2_' FromElement{explicit,not a collection join,fetch join,fetch non-lazy properties,classAlias=null,role=null,tableName=D_SBCLS_PROPREF_PERS,tableAlias=person2_,origin=D_SBCLS_PROPREF_ACCT account0_,columns={account0_.personId ,className=org.hibernate.test.propertyref.inheritence.discrim.Person}}

14:17:47,134 DEBUG HqlSqlWalker:629 - processQuery() :  ( SELECT ( FromClause{level=1} ( D_SBCLS_PROPREF_ACCT account0_ D_SBCLS_PROPREF_PERS customer1_ D_SBCLS_PROPREF_PERS person2_ ) ) )
14:17:47,135 DEBUG HqlSqlWalker:869 - Derived SELECT clause created.
14:17:47,135 DEBUG JoinProcessor:175 - Using FROM fragment [D_SBCLS_PROPREF_ACCT account0_]
14:17:47,135 DEBUG JoinProcessor:175 - Using FROM fragment [inner join D_SBCLS_PROPREF_PERS customer1_ on account0_.customerPersonId=customer1_.personId and customer1_.customerId is not null]
14:17:47,135 DEBUG JoinProcessor:175 - Using FROM fragment [inner join D_SBCLS_PROPREF_PERS person2_ on account0_.personId=person2_.personId]
14:17:47,135 DEBUG QueryTranslatorImpl:252 - --- SQL AST ---
 \-[SELECT] QueryNode: 'SELECT'  querySpaces (D_SBCLS_PROPREF_PERS,D_SBCLS_PROPREF_ACCT)
    +-[SELECT_CLAUSE] SelectClause: '{derived select clause}'
    |  +-[SELECT_EXPR] SelectExpressionImpl: 'account0_.accountId as accountId0_0_' {FromElement{explicit,not a collection join,not a fetch join,fetch non-lazy properties,classAlias=acc,role=null,tableName=D_SBCLS_PROPREF_ACCT,tableAlias=account0_,origin=null,columns={,className=org.hibernate.test.propertyref.inheritence.discrim.Account}}}
    |  +-[SELECT_EXPR] SelectExpressionImpl: 'customer1_.id as id1_1_' {FromElement{explicit,not a collection join,fetch join,fetch non-lazy properties,classAlias=null,role=null,tableName=D_SBCLS_PROPREF_PERS,tableAlias=customer1_,origin=D_SBCLS_PROPREF_ACCT account0_,columns={account0_.customerPersonId ,className=org.hibernate.test.propertyref.inheritence.discrim.Customer}}}
    |  +-[SELECT_EXPR] SelectExpressionImpl: 'person2_.id as id1_2_' {FromElement{explicit,not a collection join,fetch join,fetch non-lazy properties,classAlias=null,role=null,tableName=D_SBCLS_PROPREF_PERS,tableAlias=person2_,origin=D_SBCLS_PROPREF_ACCT account0_,columns={account0_.personId ,className=org.hibernate.test.propertyref.inheritence.discrim.Person}}}
    |  +-[SQL_TOKEN] SqlFragment: 'account0_.personId as personId0_0_, account0_.customerPersonId as customer3_0_0_, account0_."type" as type4_0_0_'
    |  +-[SQL_TOKEN] SqlFragment: 'customer1_.name as name1_1_, customer1_.personId as personId1_1_, customer1_.customerId as customerId1_1_'
    |  \-[SQL_TOKEN] SqlFragment: 'person2_.name as name1_2_, person2_.personId as personId1_2_, person2_.customerId as customerId1_2_, person2_.customerId as clazz_2_'
    \-[FROM] FromClause: 'from' FromClause{level=1, fromElementCounter=3, fromElements=3, fromElementByClassAlias=[acc], fromElementByTableAlias=[person2_, customer1_, account0_], fromElementsByPath=[acc.person, acc.customer], collectionJoinFromElementsByPath=[], impliedElements=[]}
       \-[FROM_FRAGMENT] FromElement: 'D_SBCLS_PROPREF_ACCT account0_' FromElement{explicit,not a collection join,not a fetch join,fetch non-lazy properties,classAlias=acc,role=null,tableName=D_SBCLS_PROPREF_ACCT,tableAlias=account0_,origin=null,columns={,className=org.hibernate.test.propertyref.inheritence.discrim.Account}}
          +-[JOIN_FRAGMENT] FromElement: 'inner join D_SBCLS_PROPREF_PERS customer1_ on account0_.customerPersonId=customer1_.personId and customer1_.customerId is not null' FromElement{explicit,not a collection join,fetch join,fetch non-lazy properties,classAlias=null,role=null,tableName=D_SBCLS_PROPREF_PERS,tableAlias=customer1_,origin=D_SBCLS_PROPREF_ACCT account0_,columns={account0_.customerPersonId ,className=org.hibernate.test.propertyref.inheritence.discrim.Customer}}
          \-[JOIN_FRAGMENT] FromElement: 'inner join D_SBCLS_PROPREF_PERS person2_ on account0_.personId=person2_.personId' FromElement{explicit,not a collection join,fetch join,fetch non-lazy properties,classAlias=null,role=null,tableName=D_SBCLS_PROPREF_PERS,tableAlias=person2_,origin=D_SBCLS_PROPREF_ACCT account0_,columns={account0_.personId ,className=org.hibernate.test.propertyref.inheritence.discrim.Person}}

14:17:47,136 DEBUG ErrorCounter:82 - throwQueryException() : no errors
14:17:47,136 DEBUG QueryTranslatorImpl:235 - HQL: from org.hibernate.test.propertyref.inheritence.discrim.Account acc join fetch acc.customer join fetch acc.person
14:17:47,137 DEBUG QueryTranslatorImpl:236 - SQL: select account0_.accountId as accountId0_0_, customer1_.id as id1_1_, person2_.id as id1_2_, account0_.personId as personId0_0_, account0_.customerPersonId as customer3_0_0_, account0_."type" as type4_0_0_, customer1_.name as name1_1_, customer1_.personId as personId1_1_, customer1_.customerId as customerId1_1_, person2_.name as name1_2_, person2_.personId as personId1_2_, person2_.customerId as customerId1_2_, person2_.customerId as clazz_2_ from D_SBCLS_PROPREF_ACCT account0_ inner join D_SBCLS_PROPREF_PERS customer1_ on account0_.customerPersonId=customer1_.personId and customer1_.customerId is not null inner join D_SBCLS_PROPREF_PERS person2_ on account0_.personId=person2_.personId
14:17:47,137 DEBUG ErrorCounter:82 - throwQueryException() : no errors
14:17:47,137 DEBUG SQL:104 - 
    select
        account0_.accountId as accountId0_0_,
        customer1_.id as id1_1_,
        person2_.id as id1_2_,
        account0_.personId as personId0_0_,
        account0_.customerPersonId as customer3_0_0_,
        account0_."type" as type4_0_0_,
        customer1_.name as name1_1_,
        customer1_.personId as personId1_1_,
        customer1_.customerId as customerId1_1_,
        person2_.name as name1_2_,
        person2_.personId as personId1_2_,
        person2_.customerId as customerId1_2_,
        person2_.customerId as clazz_2_ 
    from
        D_SBCLS_PROPREF_ACCT account0_ 
    inner join
        D_SBCLS_PROPREF_PERS customer1_ 
            on account0_.customerPersonId=customer1_.personId 
            and customer1_.customerId is not null 
    inner join
        D_SBCLS_PROPREF_PERS person2_ 
            on account0_.personId=person2_.personId
14:17:47,146 DEBUG SQL:104 - 
    select
        person0_.id as id1_0_,
        person0_.name as name1_0_,
        person0_.personId as personId1_0_,
        person0_.customerId as customerId1_0_,
        person0_.customerId as clazz_0_ 
    from
        D_SBCLS_PROPREF_PERS person0_ 
    where
        person0_.personId=?
14:17:47,147 DEBUG QueryTranslatorImpl:265 - parse() - HQL: from org.hibernate.test.propertyref.inheritence.discrim.Customer
14:17:47,148 DEBUG QueryTranslatorImpl:283 - --- HQL AST ---
 \-[QUERY] Node: 'query'
    \-[SELECT_FROM] Node: 'SELECT_FROM'
       \-[FROM] Node: 'from'
          \-[RANGE] Node: 'RANGE'
             \-[DOT] Node: '.'
                +-[DOT] Node: '.'
                |  +-[DOT] Node: '.'
                |  |  +-[DOT] Node: '.'
                |  |  |  +-[DOT] Node: '.'
                |  |  |  |  +-[DOT] Node: '.'
                |  |  |  |  |  +-[IDENT] Node: 'org'
                |  |  |  |  |  \-[IDENT] Node: 'hibernate'
                |  |  |  |  \-[IDENT] Node: 'test'
                |  |  |  \-[IDENT] Node: 'propertyref'
                |  |  \-[IDENT] Node: 'inheritence'
                |  \-[IDENT] Node: 'discrim'
                \-[IDENT] Node: 'Customer'

14:17:47,148 DEBUG ErrorCounter:82 - throwQueryException() : no errors
14:17:47,148 DEBUG FromElement:157 - FromClause{level=1} : org.hibernate.test.propertyref.inheritence.discrim.Customer (<no alias>) -> customer0_
14:17:47,148 DEBUG HqlSqlWalker:629 - processQuery() :  ( SELECT ( FromClause{level=1} D_SBCLS_PROPREF_PERS customer0_ ) )
14:17:47,149 DEBUG HqlSqlWalker:869 - Derived SELECT clause created.
14:17:47,149 DEBUG JoinProcessor:175 - Using FROM fragment [D_SBCLS_PROPREF_PERS customer0_]
14:17:47,149 DEBUG SyntheticAndFactory:92 - Using unprocessed WHERE-fragment [customer0_.customerId is not null]
14:17:47,149 DEBUG SyntheticAndFactory:124 - Using processed WHERE-fragment [customer0_.customerId is not null]
14:17:47,149 DEBUG QueryNode:73 - getWhereClause() : Creating a new WHERE clause...
14:17:47,149 DEBUG QueryTranslatorImpl:252 - --- SQL AST ---
 \-[SELECT] QueryNode: 'SELECT'  querySpaces (D_SBCLS_PROPREF_PERS)
    +-[SELECT_CLAUSE] SelectClause: '{derived select clause}'
    |  +-[SELECT_EXPR] SelectExpressionImpl: 'customer0_.id as id1_' {FromElement{explicit,not a collection join,not a fetch join,fetch non-lazy properties,classAlias=null,role=null,tableName=D_SBCLS_PROPREF_PERS,tableAlias=customer0_,origin=null,columns={,className=org.hibernate.test.propertyref.inheritence.discrim.Customer}}}
    |  \-[SQL_TOKEN] SqlFragment: 'customer0_.name as name1_, customer0_.personId as personId1_, customer0_.customerId as customerId1_'
    +-[FROM] FromClause: 'from' FromClause{level=1, fromElementCounter=1, fromElements=1, fromElementByClassAlias=[], fromElementByTableAlias=[customer0_], fromElementsByPath=[], collectionJoinFromElementsByPath=[], impliedElements=[]}
    |  \-[FROM_FRAGMENT] FromElement: 'D_SBCLS_PROPREF_PERS customer0_' FromElement{explicit,not a collection join,not a fetch join,fetch non-lazy properties,classAlias=null,role=null,tableName=D_SBCLS_PROPREF_PERS,tableAlias=customer0_,origin=null,columns={,className=org.hibernate.test.propertyref.inheritence.discrim.Customer}}
    \-[WHERE] SqlNode: 'WHERE'
       \-[FILTERS] SqlNode: '{filter conditions}'
          \-[SQL_TOKEN] SqlFragment: 'customer0_.customerId is not null'

14:17:47,149 DEBUG ErrorCounter:82 - throwQueryException() : no errors
14:17:47,150 DEBUG QueryTranslatorImpl:235 - HQL: from org.hibernate.test.propertyref.inheritence.discrim.Customer
14:17:47,150 DEBUG QueryTranslatorImpl:236 - SQL: select customer0_.id as id1_, customer0_.name as name1_, customer0_.personId as personId1_, customer0_.customerId as customerId1_ from D_SBCLS_PROPREF_PERS customer0_ where customer0_.customerId is not null
14:17:47,150 DEBUG ErrorCounter:82 - throwQueryException() : no errors
14:17:47,150 DEBUG SQL:104 - 
    select
        customer0_.id as id1_,
        customer0_.name as name1_,
        customer0_.personId as personId1_,
        customer0_.customerId as customerId1_ 
    from
        D_SBCLS_PROPREF_PERS customer0_ 
    where
        customer0_.customerId is not null
14:17:47,161 DEBUG SQL:104 - 
    delete 
    from
        D_SBCLS_PROPREF_ACCT 
    where
        accountId=?
14:17:47,161 DEBUG SQL:104 - 
    delete 
    from
        D_SBCLS_PROPREF_PERS 
    where
        id=?
14:17:47,162  INFO SchemaExport:343 - HHH000227: Running hbm2ddl schema export
14:17:47,162 DEBUG SchemaExport:353 - Import file not found: /import.sql
14:17:47,163 DEBUG SQL:104 - 
    alter table D_SBCLS_PROPREF_ACCT 
        drop constraint FKA9F38E01E496FD80
14:17:47,163 DEBUG SQL:104 - 
    alter table D_SBCLS_PROPREF_ACCT 
        drop constraint FKA9F38E01FFCD127
14:17:47,170 DEBUG SQL:104 - 
    drop table D_SBCLS_PROPREF_ACCT if exists
14:17:47,170 DEBUG SQL:104 - 
    drop table D_SBCLS_PROPREF_PERS if exists
14:17:47,171 DEBUG SQL:104 - 
    drop table hibernate_unique_key if exists
14:17:47,171  INFO SchemaExport:405 - HHH000230: Schema export complete
14:17:47,171  INFO DriverManagerConnectionProviderImpl:162 - HHH000030: Cleaning up connection pool [jdbc:h2:mem:db1;DB_CLOSE_DELAY=-1;MVCC=TRUE]
]]></system-out>
  <system-err><![CDATA[]]></system-err>
</testsuite>
