<?xml version="1.0" encoding="UTF-8"?>
<testsuite errors="0" failures="0" hostname="dhcp-10.15.208.168.stl.redhat.com" name="org.hibernate.test.array.ArrayTest" tests="1" time="0.456" timestamp="2013-02-28T20:10:50">
  <properties />
  <testcase classname="org.hibernate.test.array.ArrayTest" name="testArrayJoinFetch" time="0.051" />
  <system-out><![CDATA[14:10:50,410  INFO CustomRunner:132 - BeforeClass: org.hibernate.test.array.ArrayTest
14:10:50,436  INFO Configuration:706 - HHH000221: Reading mappings from resource: org/hibernate/test/array/A.hbm.xml
14:10:50,560  INFO DriverManagerConnectionProviderImpl:99 - HHH000402: Using Hibernate built-in connection pool (not for production use!)
14:10:50,563  INFO DriverManagerConnectionProviderImpl:135 - HHH000115: Hibernate connection pool size: 5
14:10:50,565  INFO DriverManagerConnectionProviderImpl:138 - HHH000006: Autocommit mode: false
14:10:50,568  INFO DriverManagerConnectionProviderImpl:153 - HHH000401: using driver [org.h2.Driver] at URL [jdbc:h2:mem:db1;DB_CLOSE_DELAY=-1;MVCC=TRUE]
14:10:50,570  INFO DriverManagerConnectionProviderImpl:158 - HHH000046: Connection properties: {user=sa}
14:10:50,585  INFO Dialect:103 - HHH000400: Using dialect: org.hibernate.dialect.H2Dialect
14:10:50,589  INFO LobCreatorBuilder:94 - HHH000423: Disabling contextual LOB creation as JDBC driver reported JDBC version [3] less than 4
14:10:50,591  INFO TransactionFactoryInitiator:66 - HHH000399: Using default transaction strategy (direct JDBC transactions)
14:10:50,591  INFO ASTQueryTranslatorFactory:48 - HHH000397: Using ASTQueryTranslatorFactory
14:10:50,592  WARN CachingRegionFactory:58 - CachingRegionFactory should be only used for testing.
14:10:50,655  INFO SchemaExport:343 - HHH000227: Running hbm2ddl schema export
14:10:50,658 DEBUG SchemaExport:353 - Import file not found: /import.sql
14:10:50,659 DEBUG SQL:104 - 
    alter table bbb 
        drop constraint FK17C224CBF4AF
14:10:50,660 ERROR SchemaExport:425 - HHH000389: Unsuccessful: alter table bbb drop constraint FK17C224CBF4AF
14:10:50,670 ERROR SchemaExport:426 - Table "BBB" not found; SQL statement:

    alter table bbb 
        drop constraint FK17C224CBF4AF [42102-145]
14:10:50,676 DEBUG SQL:104 - 
    drop table aaa if exists
14:10:50,680 DEBUG SQL:104 - 
    drop table bbb if exists
14:10:50,683 DEBUG SQL:104 - 
    create table aaa (
        id integer generated by default as identity,
        primary key (id)
    )
14:10:50,694 DEBUG SQL:104 - 
    create table bbb (
        id integer generated by default as identity,
        a_id integer,
        idx integer,
        primary key (id)
    )
14:10:50,698 DEBUG SQL:104 - 
    alter table bbb 
        add constraint FK17C224CBF4AF 
        foreign key (a_id) 
        references aaa
14:10:50,716  INFO SchemaExport:405 - HHH000230: Schema export complete
14:10:50,718  WARN SessionFactoryImpl:1554 - HHH000008: JTASessionContext being used with JDBCTransactionFactory; auto-flush will not operate correctly with getCurrentSession()
14:10:50,719  INFO CustomRunner:139 - Test: testArrayJoinFetch
14:10:50,726 DEBUG SQL:104 - 
    insert 
    into
        aaa
        (id) 
    values
        (null)
14:10:50,736 DEBUG SQL:104 - 
    insert 
    into
        bbb
        (id) 
    values
        (null)
14:10:50,742 DEBUG SQL:104 - 
    update
        bbb 
    set
        a_id=?,
        idx=? 
    where
        id=?
14:10:50,748 DEBUG SQL:104 - 
    select
        a0_.id as id0_1_,
        bs1_.a_id as a2_0_3_,
        bs1_.id as id1_3_,
        bs1_.idx as idx3_,
        bs1_.id as id1_0_ 
    from
        aaa a0_ 
    left outer join
        bbb bs1_ 
            on a0_.id=bs1_.a_id 
    where
        a0_.id=?
14:10:50,756 DEBUG SQL:104 - 
    update
        bbb 
    set
        a_id=null,
        idx=null 
    where
        a_id=?
14:10:50,761 DEBUG SQL:104 - 
    delete 
    from
        bbb 
    where
        id=?
14:10:50,767 DEBUG SQL:104 - 
    delete 
    from
        aaa 
    where
        id=?
14:10:50,805  INFO SchemaExport:343 - HHH000227: Running hbm2ddl schema export
14:10:50,809 DEBUG SchemaExport:353 - Import file not found: /import.sql
14:10:50,810 DEBUG SQL:104 - 
    alter table bbb 
        drop constraint FK17C224CBF4AF
14:10:50,811 DEBUG SQL:104 - 
    drop table aaa if exists
14:10:50,817 DEBUG SQL:104 - 
    drop table bbb if exists
14:10:50,832  INFO SchemaExport:405 - HHH000230: Schema export complete
14:10:50,833  INFO DriverManagerConnectionProviderImpl:162 - HHH000030: Cleaning up connection pool [jdbc:h2:mem:db1;DB_CLOSE_DELAY=-1;MVCC=TRUE]
]]></system-out>
  <system-err><![CDATA[]]></system-err>
</testsuite>
