<?xml version="1.0" encoding="UTF-8"?>
<testsuite errors="0" failures="0" hostname="dhcp-10.15.208.168.stl.redhat.com" name="org.hibernate.test.jdbc.internal.AggressiveReleaseTest" tests="3" time="0.097" timestamp="2013-02-28T20:14:48">
  <properties />
  <testcase classname="org.hibernate.test.jdbc.internal.AggressiveReleaseTest" name="testBasicRelease" time="0.01" />
  <testcase classname="org.hibernate.test.jdbc.internal.AggressiveReleaseTest" name="testReleaseCircumventedByHeldResources" time="0.003" />
  <testcase classname="org.hibernate.test.jdbc.internal.AggressiveReleaseTest" name="testReleaseCircumventedManually" time="0.002" />
  <system-out><![CDATA[14:14:48,487  INFO CustomRunner:132 - BeforeClass: org.hibernate.test.jdbc.internal.AggressiveReleaseTest
14:14:48,514  INFO DriverManagerConnectionProviderImpl:99 - HHH000402: Using Hibernate built-in connection pool (not for production use!)
14:14:48,514  INFO DriverManagerConnectionProviderImpl:135 - HHH000115: Hibernate connection pool size: 5
14:14:48,514  INFO DriverManagerConnectionProviderImpl:138 - HHH000006: Autocommit mode: false
14:14:48,515  INFO DriverManagerConnectionProviderImpl:153 - HHH000401: using driver [org.h2.Driver] at URL [jdbc:h2:mem:db1;DB_CLOSE_DELAY=-1;MVCC=TRUE]
14:14:48,515  INFO DriverManagerConnectionProviderImpl:158 - HHH000046: Connection properties: {user=sa}
14:14:48,516  INFO Dialect:103 - HHH000400: Using dialect: org.hibernate.dialect.H2Dialect
14:14:48,517  INFO LobCreatorBuilder:94 - HHH000423: Disabling contextual LOB creation as JDBC driver reported JDBC version [3] less than 4
14:14:48,517  INFO TransactionFactoryInitiator:66 - HHH000399: Using default transaction strategy (direct JDBC transactions)
14:14:48,518  INFO ASTQueryTranslatorFactory:48 - HHH000397: Using ASTQueryTranslatorFactory
14:14:48,518  WARN CachingRegionFactory:58 - CachingRegionFactory should be only used for testing.
14:14:48,522  INFO SchemaExport:343 - HHH000227: Running hbm2ddl schema export
14:14:48,522 DEBUG SchemaExport:353 - Import file not found: /import.sql
14:14:48,523  INFO SchemaExport:405 - HHH000230: Schema export complete
14:14:48,523  WARN SessionFactoryImpl:1554 - HHH000008: JTASessionContext being used with JDBCTransactionFactory; auto-flush will not operate correctly with getCurrentSession()
14:14:48,523  INFO CustomRunner:139 - Test: testBasicRelease
14:14:48,524  INFO DriverManagerConnectionProviderImpl:99 - HHH000402: Using Hibernate built-in connection pool (not for production use!)
14:14:48,524  INFO DriverManagerConnectionProviderImpl:135 - HHH000115: Hibernate connection pool size: 20
14:14:48,524  INFO DriverManagerConnectionProviderImpl:138 - HHH000006: Autocommit mode: false
14:14:48,531  INFO DriverManagerConnectionProviderImpl:153 - HHH000401: using driver [org.h2.Driver] at URL [jdbc:h2:mem:db1;DB_CLOSE_DELAY=-1;MVCC=TRUE]
14:14:48,531  INFO DriverManagerConnectionProviderImpl:158 - HHH000046: Connection properties: {user=sa, password=****}
14:14:48,531  INFO Dialect:103 - HHH000400: Using dialect: org.hibernate.dialect.H2Dialect
14:14:48,533 DEBUG SQL:104 - insert into SANDBOX_JDBC_TST( ID, NAME ) values ( ?, ? )
Hibernate: insert into SANDBOX_JDBC_TST( ID, NAME ) values ( ?, ? )
14:14:48,534  INFO DriverManagerConnectionProviderImpl:162 - HHH000030: Cleaning up connection pool [jdbc:h2:mem:db1;DB_CLOSE_DELAY=-1;MVCC=TRUE]
14:14:48,535  INFO CustomRunner:139 - Test: testReleaseCircumventedByHeldResources
14:14:48,535  INFO DriverManagerConnectionProviderImpl:99 - HHH000402: Using Hibernate built-in connection pool (not for production use!)
14:14:48,535  INFO DriverManagerConnectionProviderImpl:135 - HHH000115: Hibernate connection pool size: 20
14:14:48,536  INFO DriverManagerConnectionProviderImpl:138 - HHH000006: Autocommit mode: false
14:14:48,536  INFO DriverManagerConnectionProviderImpl:153 - HHH000401: using driver [org.h2.Driver] at URL [jdbc:h2:mem:db1;DB_CLOSE_DELAY=-1;MVCC=TRUE]
14:14:48,536  INFO DriverManagerConnectionProviderImpl:158 - HHH000046: Connection properties: {user=sa, password=****}
14:14:48,536  INFO Dialect:103 - HHH000400: Using dialect: org.hibernate.dialect.H2Dialect
14:14:48,536 DEBUG SQL:104 - insert into SANDBOX_JDBC_TST( ID, NAME ) values ( ?, ? )
Hibernate: insert into SANDBOX_JDBC_TST( ID, NAME ) values ( ?, ? )
14:14:48,537 DEBUG SQL:104 - select * from SANDBOX_JDBC_TST
Hibernate: select * from SANDBOX_JDBC_TST
14:14:48,537 DEBUG SQL:104 - select * from SANDBOX_JDBC_TST
Hibernate: select * from SANDBOX_JDBC_TST
14:14:48,537  INFO DriverManagerConnectionProviderImpl:162 - HHH000030: Cleaning up connection pool [jdbc:h2:mem:db1;DB_CLOSE_DELAY=-1;MVCC=TRUE]
14:14:48,538  INFO CustomRunner:139 - Test: testReleaseCircumventedManually
14:14:48,538  INFO DriverManagerConnectionProviderImpl:99 - HHH000402: Using Hibernate built-in connection pool (not for production use!)
14:14:48,538  INFO DriverManagerConnectionProviderImpl:135 - HHH000115: Hibernate connection pool size: 20
14:14:48,538  INFO DriverManagerConnectionProviderImpl:138 - HHH000006: Autocommit mode: false
14:14:48,538  INFO DriverManagerConnectionProviderImpl:153 - HHH000401: using driver [org.h2.Driver] at URL [jdbc:h2:mem:db1;DB_CLOSE_DELAY=-1;MVCC=TRUE]
14:14:48,538  INFO DriverManagerConnectionProviderImpl:158 - HHH000046: Connection properties: {user=sa, password=****}
14:14:48,539  INFO Dialect:103 - HHH000400: Using dialect: org.hibernate.dialect.H2Dialect
14:14:48,539 DEBUG SQL:104 - insert into SANDBOX_JDBC_TST( ID, NAME ) values ( ?, ? )
Hibernate: insert into SANDBOX_JDBC_TST( ID, NAME ) values ( ?, ? )
14:14:48,539 DEBUG SQL:104 - select * from SANDBOX_JDBC_TST
Hibernate: select * from SANDBOX_JDBC_TST
14:14:48,540  INFO DriverManagerConnectionProviderImpl:162 - HHH000030: Cleaning up connection pool [jdbc:h2:mem:db1;DB_CLOSE_DELAY=-1;MVCC=TRUE]
14:14:48,540  INFO SchemaExport:343 - HHH000227: Running hbm2ddl schema export
14:14:48,541 DEBUG SchemaExport:353 - Import file not found: /import.sql
14:14:48,541  INFO SchemaExport:405 - HHH000230: Schema export complete
14:14:48,541  INFO DriverManagerConnectionProviderImpl:162 - HHH000030: Cleaning up connection pool [jdbc:h2:mem:db1;DB_CLOSE_DELAY=-1;MVCC=TRUE]
]]></system-out>
  <system-err><![CDATA[]]></system-err>
</testsuite>
