<?xml version="1.0" encoding="UTF-8"?>
<testsuite errors="0" failures="0" hostname="dhcp-10.15.208.168.stl.redhat.com" name="org.hibernate.test.ops.SaveOrUpdateTest" tests="9" time="0.644" timestamp="2013-02-28T20:17:41">
  <properties />
  <testcase classname="org.hibernate.test.ops.SaveOrUpdateTest" name="testEvictThenSaveOrUpdate" time="0.076" />
  <testcase classname="org.hibernate.test.ops.SaveOrUpdateTest" name="testSaveOrUpdateDeepTree" time="0.128" />
  <testcase classname="org.hibernate.test.ops.SaveOrUpdateTest" name="testSaveOrUpdateDeepTreeWithGeneratedId" time="0.102" />
  <testcase classname="org.hibernate.test.ops.SaveOrUpdateTest" name="testSaveOrUpdateGot" time="0.054" />
  <testcase classname="org.hibernate.test.ops.SaveOrUpdateTest" name="testSaveOrUpdateGotWithMutableProp" time="0.062" />
  <testcase classname="org.hibernate.test.ops.SaveOrUpdateTest" name="testSaveOrUpdateManaged" time="0.02" />
  <testcase classname="org.hibernate.test.ops.SaveOrUpdateTest" name="testSaveOrUpdateTree" time="0.077" />
  <testcase classname="org.hibernate.test.ops.SaveOrUpdateTest" name="testSaveOrUpdateTreeWithGeneratedId" time="0.039" />
  <testcase classname="org.hibernate.test.ops.SaveOrUpdateTest" name="testSavePersistentEntityWithUpdate" time="0.013" />
  <system-out><![CDATA[14:17:41,914  INFO CustomRunner:132 - BeforeClass: org.hibernate.test.ops.SaveOrUpdateTest
14:17:41,916  INFO Configuration:706 - HHH000221: Reading mappings from resource: org/hibernate/test/ops/Node.hbm.xml
14:17:41,922  INFO DriverManagerConnectionProviderImpl:99 - HHH000402: Using Hibernate built-in connection pool (not for production use!)
14:17:41,922  INFO DriverManagerConnectionProviderImpl:135 - HHH000115: Hibernate connection pool size: 5
14:17:41,922  INFO DriverManagerConnectionProviderImpl:138 - HHH000006: Autocommit mode: false
14:17:41,922  INFO DriverManagerConnectionProviderImpl:153 - HHH000401: using driver [org.h2.Driver] at URL [jdbc:h2:mem:db1;DB_CLOSE_DELAY=-1;MVCC=TRUE]
14:17:41,922  INFO DriverManagerConnectionProviderImpl:158 - HHH000046: Connection properties: {user=sa}
14:17:41,923  INFO Dialect:103 - HHH000400: Using dialect: org.hibernate.dialect.H2Dialect
14:17:41,924  INFO LobCreatorBuilder:94 - HHH000423: Disabling contextual LOB creation as JDBC driver reported JDBC version [3] less than 4
14:17:41,924  INFO TransactionFactoryInitiator:66 - HHH000399: Using default transaction strategy (direct JDBC transactions)
14:17:41,924  INFO ASTQueryTranslatorFactory:48 - HHH000397: Using ASTQueryTranslatorFactory
14:17:41,925  WARN CachingRegionFactory:58 - CachingRegionFactory should be only used for testing.
14:17:41,930  INFO SchemaExport:343 - HHH000227: Running hbm2ddl schema export
14:17:41,930 DEBUG SchemaExport:353 - Import file not found: /import.sql
14:17:41,930 DEBUG SQL:104 - 
    alter table Node 
        drop constraint FK252222973190BE
14:17:41,931 ERROR SchemaExport:425 - HHH000389: Unsuccessful: alter table Node drop constraint FK252222973190BE
14:17:41,931 ERROR SchemaExport:426 - Table "NODE" not found; SQL statement:

    alter table Node 
        drop constraint FK252222973190BE [42102-145]
14:17:41,931 DEBUG SQL:104 - 
    alter table Node 
        drop constraint FK25222223B8C2EF
14:17:41,931 ERROR SchemaExport:425 - HHH000389: Unsuccessful: alter table Node drop constraint FK25222223B8C2EF
14:17:41,931 ERROR SchemaExport:426 - Table "NODE" not found; SQL statement:

    alter table Node 
        drop constraint FK25222223B8C2EF [42102-145]
14:17:41,931 DEBUG SQL:104 - 
    alter table NumberedNode 
        drop constraint FK667A9BEA3502F886
14:17:41,932 ERROR SchemaExport:425 - HHH000389: Unsuccessful: alter table NumberedNode drop constraint FK667A9BEA3502F886
14:17:41,932 ERROR SchemaExport:426 - Table "NUMBEREDNODE" not found; SQL statement:

    alter table NumberedNode 
        drop constraint FK667A9BEA3502F886 [42102-145]
14:17:41,932 DEBUG SQL:104 - 
    drop table Node if exists
14:17:41,932 DEBUG SQL:104 - 
    drop table NumberedNode if exists
14:17:41,932 DEBUG SQL:104 - 
    create table Node (
        name varchar(255) not null,
        description varchar(255),
        parent varchar(255),
        created date not null,
        CASC_PARENT varchar(255),
        primary key (name)
    )
14:17:41,933 DEBUG SQL:104 - 
    create table NumberedNode (
        id bigint generated by default as identity,
        name varchar(255) not null,
        description varchar(255),
        created date not null,
        parent bigint,
        primary key (id)
    )
14:17:41,933 DEBUG SQL:104 - 
    alter table Node 
        add constraint FK252222973190BE 
        foreign key (parent) 
        references Node
14:17:41,941 DEBUG SQL:104 - 
    alter table Node 
        add constraint FK25222223B8C2EF 
        foreign key (CASC_PARENT) 
        references Node
14:17:41,942 DEBUG SQL:104 - 
    create index iname on NumberedNode (name)
14:17:41,942 DEBUG SQL:104 - 
    alter table NumberedNode 
        add constraint FK667A9BEA3502F886 
        foreign key (parent) 
        references NumberedNode
14:17:41,943  INFO SchemaExport:405 - HHH000230: Schema export complete
14:17:41,943  WARN SessionFactoryImpl:1554 - HHH000008: JTASessionContext being used with JDBCTransactionFactory; auto-flush will not operate correctly with getCurrentSession()
14:17:41,944  INFO CustomRunner:139 - Test: testEvictThenSaveOrUpdate
14:17:41,944 DEBUG BaseGeneralDataRegion:46 - Cache[hibernate.test.org.hibernate.test.ops.Node] lookup : key[org.hibernate.test.ops.Node#1:parent]
14:17:41,945 DEBUG SQL:104 - 
    select
        node_.name,
        node_.description as descript2_0_,
        node_.parent as parent0_,
        node_.created as created0_ 
    from
        Node node_ 
    where
        node_.name=?
14:17:41,948 DEBUG BaseGeneralDataRegion:46 - Cache[hibernate.test.org.hibernate.test.ops.Node] lookup : key[org.hibernate.test.ops.Node#2:child]
14:17:41,948 DEBUG SQL:104 - 
    select
        node_.name,
        node_.description as descript2_0_,
        node_.parent as parent0_,
        node_.created as created0_ 
    from
        Node node_ 
    where
        node_.name=?
14:17:41,952 DEBUG BaseGeneralDataRegion:46 - Cache[hibernate.test.org.hibernate.test.ops.Node] lookup : key[org.hibernate.test.ops.Node#3:grandchild]
14:17:41,952 DEBUG SQL:104 - 
    select
        node_.name,
        node_.description as descript2_0_,
        node_.parent as parent0_,
        node_.created as created0_ 
    from
        Node node_ 
    where
        node_.name=?
14:17:41,953 DEBUG SQL:104 - 
    insert 
    into
        Node
        (description, parent, created, name) 
    values
        (?, ?, ?, ?)
14:17:41,954 DEBUG SQL:104 - 
    insert 
    into
        Node
        (description, parent, created, name) 
    values
        (?, ?, ?, ?)
14:17:41,961 DEBUG SQL:104 - 
    insert 
    into
        Node
        (description, parent, created, name) 
    values
        (?, ?, ?, ?)
14:17:41,962 DEBUG BaseGeneralDataRegion:69 - Evicting[hibernate.test.org.hibernate.test.ops.Node.children]: org.hibernate.test.ops.Node.children#1:parent
14:17:41,962 DEBUG BaseGeneralDataRegion:69 - Evicting[hibernate.test.org.hibernate.test.ops.Node.cascadingChildren]: org.hibernate.test.ops.Node.cascadingChildren#1:parent
14:17:41,962 DEBUG BaseGeneralDataRegion:69 - Evicting[hibernate.test.org.hibernate.test.ops.Node.children]: org.hibernate.test.ops.Node.children#2:child
14:17:41,962 DEBUG BaseGeneralDataRegion:69 - Evicting[hibernate.test.org.hibernate.test.ops.Node.cascadingChildren]: org.hibernate.test.ops.Node.cascadingChildren#2:child
14:17:41,962 DEBUG BaseGeneralDataRegion:69 - Evicting[hibernate.test.org.hibernate.test.ops.Node.children]: org.hibernate.test.ops.Node.children#3:grandchild
14:17:41,962 DEBUG BaseGeneralDataRegion:69 - Evicting[hibernate.test.org.hibernate.test.ops.Node.cascadingChildren]: org.hibernate.test.ops.Node.cascadingChildren#3:grandchild
14:17:41,962 DEBUG BaseGeneralDataRegion:69 - Evicting[hibernate.test.org.hibernate.test.ops.Node.children]: org.hibernate.test.ops.Node.children#1:parent
14:17:41,963 DEBUG BaseGeneralDataRegion:69 - Evicting[hibernate.test.org.hibernate.test.ops.Node.cascadingChildren]: org.hibernate.test.ops.Node.cascadingChildren#1:parent
14:17:41,963 DEBUG BaseGeneralDataRegion:69 - Evicting[hibernate.test.org.hibernate.test.ops.Node.children]: org.hibernate.test.ops.Node.children#2:child
14:17:41,963 DEBUG BaseGeneralDataRegion:69 - Evicting[hibernate.test.org.hibernate.test.ops.Node.cascadingChildren]: org.hibernate.test.ops.Node.cascadingChildren#2:child
14:17:41,963 DEBUG BaseGeneralDataRegion:69 - Evicting[hibernate.test.org.hibernate.test.ops.Node.children]: org.hibernate.test.ops.Node.children#3:grandchild
14:17:41,963 DEBUG BaseGeneralDataRegion:69 - Evicting[hibernate.test.org.hibernate.test.ops.Node.cascadingChildren]: org.hibernate.test.ops.Node.cascadingChildren#3:grandchild
14:17:41,963 DEBUG BaseGeneralDataRegion:46 - Cache[hibernate.test.org.hibernate.test.ops.Node] lookup : key[org.hibernate.test.ops.Node#2:child]
14:17:41,964 DEBUG SQL:104 - 
    select
        node0_.name as name0_0_,
        node0_.description as descript2_0_0_,
        node0_.parent as parent0_0_,
        node0_.created as created0_0_ 
    from
        Node node0_ 
    where
        node0_.name=?
14:17:41,972 DEBUG BaseRegionAccessStrategy:66 - Caching: org.hibernate.test.ops.Node#2:child
14:17:41,972 DEBUG BaseGeneralDataRegion:59 - Caching[hibernate.test.org.hibernate.test.ops.Node] : [org.hibernate.test.ops.Node#2:child] -> [CacheEntry(org.hibernate.test.ops.Node)[null,1:parent,2013-02-28,2:child,2:child]]
14:17:41,973 DEBUG BaseGeneralDataRegion:46 - Cache[hibernate.test.org.hibernate.test.ops.Node] lookup : key[org.hibernate.test.ops.Node#2:child]
14:17:41,974 DEBUG BaseGeneralDataRegion:52 - Cache[hibernate.test.org.hibernate.test.ops.Node] hit: org.hibernate.test.ops.Node#2:child
14:17:41,974 DEBUG BaseGeneralDataRegion:46 - Cache[hibernate.test.org.hibernate.test.ops.Node] lookup : key[org.hibernate.test.ops.Node#2:child]
14:17:41,974 DEBUG BaseGeneralDataRegion:52 - Cache[hibernate.test.org.hibernate.test.ops.Node] hit: org.hibernate.test.ops.Node#2:child
14:17:41,974 DEBUG BaseGeneralDataRegion:46 - Cache[hibernate.test.org.hibernate.test.ops.Node.children] lookup : key[org.hibernate.test.ops.Node.children#2:child]
14:17:41,974 DEBUG SQL:104 - 
    select
        children0_.parent as parent0_1_,
        children0_.name as name0_1_,
        children0_.name as name0_0_,
        children0_.description as descript2_0_0_,
        children0_.parent as parent0_0_,
        children0_.created as created0_0_ 
    from
        Node children0_ 
    where
        children0_.parent=?
14:17:41,975 DEBUG BaseRegionAccessStrategy:66 - Caching: org.hibernate.test.ops.Node#3:grandchild
14:17:41,975 DEBUG BaseGeneralDataRegion:59 - Caching[hibernate.test.org.hibernate.test.ops.Node] : [org.hibernate.test.ops.Node#3:grandchild] -> [CacheEntry(org.hibernate.test.ops.Node)[null,2:child,2013-02-28,3:grandchild,3:grandchild]]
14:17:41,975 DEBUG BaseRegionAccessStrategy:66 - Caching: org.hibernate.test.ops.Node.children#2:child
14:17:41,975 DEBUG BaseGeneralDataRegion:59 - Caching[hibernate.test.org.hibernate.test.ops.Node.children] : [org.hibernate.test.ops.Node.children#2:child] -> [CollectionCacheEntry[3:grandchild]]
14:17:41,975 DEBUG BaseGeneralDataRegion:46 - Cache[hibernate.test.org.hibernate.test.ops.Node] lookup : key[org.hibernate.test.ops.Node#1:parent]
14:17:41,976 DEBUG SQL:104 - 
    select
        node0_.name as name0_0_,
        node0_.description as descript2_0_0_,
        node0_.parent as parent0_0_,
        node0_.created as created0_0_ 
    from
        Node node0_ 
    where
        node0_.name=?
14:17:41,982 DEBUG BaseRegionAccessStrategy:66 - Caching: org.hibernate.test.ops.Node#1:parent
14:17:41,983 DEBUG BaseGeneralDataRegion:59 - Caching[hibernate.test.org.hibernate.test.ops.Node] : [org.hibernate.test.ops.Node#1:parent] -> [CacheEntry(org.hibernate.test.ops.Node)[null,null,2013-02-28,1:parent,1:parent]]
14:17:41,983 DEBUG SQL:104 - 
    update
        Node 
    set
        description=?,
        parent=?,
        created=? 
    where
        name=?
14:17:41,984 DEBUG BaseGeneralDataRegion:69 - Evicting[hibernate.test.org.hibernate.test.ops.Node]: org.hibernate.test.ops.Node#2:child
14:17:41,984 DEBUG BaseGeneralDataRegion:69 - Evicting[hibernate.test.org.hibernate.test.ops.Node]: org.hibernate.test.ops.Node#2:child
14:17:41,985 DEBUG BaseGeneralDataRegion:46 - Cache[hibernate.test.org.hibernate.test.ops.Node] lookup : key[org.hibernate.test.ops.Node#3:grandchild]
14:17:41,985 DEBUG BaseGeneralDataRegion:52 - Cache[hibernate.test.org.hibernate.test.ops.Node] hit: org.hibernate.test.ops.Node#3:grandchild
14:17:41,985 DEBUG BaseGeneralDataRegion:46 - Cache[hibernate.test.org.hibernate.test.ops.Node.cascadingChildren] lookup : key[org.hibernate.test.ops.Node.cascadingChildren#3:grandchild]
14:17:41,985 DEBUG SQL:104 - 
    select
        cascadingc0_.CASC_PARENT as CASC5_0_1_,
        cascadingc0_.name as name0_1_,
        cascadingc0_.name as name0_0_,
        cascadingc0_.description as descript2_0_0_,
        cascadingc0_.parent as parent0_0_,
        cascadingc0_.created as created0_0_ 
    from
        Node cascadingc0_ 
    where
        cascadingc0_.CASC_PARENT=?
14:17:41,994 DEBUG BaseGeneralDataRegion:46 - Cache[hibernate.test.org.hibernate.test.ops.Node] lookup : key[org.hibernate.test.ops.Node#2:child]
14:17:41,994 DEBUG SQL:104 - 
    select
        node0_.name as name0_0_,
        node0_.description as descript2_0_0_,
        node0_.parent as parent0_0_,
        node0_.created as created0_0_ 
    from
        Node node0_ 
    where
        node0_.name=?
14:17:41,995 DEBUG BaseRegionAccessStrategy:66 - Caching: org.hibernate.test.ops.Node#2:child
14:17:41,996 DEBUG BaseGeneralDataRegion:59 - Caching[hibernate.test.org.hibernate.test.ops.Node] : [org.hibernate.test.ops.Node#2:child] -> [CacheEntry(org.hibernate.test.ops.Node)[null,1:parent,2013-02-28,2:child,2:child]]
14:17:41,996 DEBUG BaseGeneralDataRegion:46 - Cache[hibernate.test.org.hibernate.test.ops.Node.cascadingChildren] lookup : key[org.hibernate.test.ops.Node.cascadingChildren#2:child]
14:17:41,996 DEBUG SQL:104 - 
    select
        cascadingc0_.CASC_PARENT as CASC5_0_1_,
        cascadingc0_.name as name0_1_,
        cascadingc0_.name as name0_0_,
        cascadingc0_.description as descript2_0_0_,
        cascadingc0_.parent as parent0_0_,
        cascadingc0_.created as created0_0_ 
    from
        Node cascadingc0_ 
    where
        cascadingc0_.CASC_PARENT=?
14:17:42,007 DEBUG BaseGeneralDataRegion:46 - Cache[hibernate.test.org.hibernate.test.ops.Node] lookup : key[org.hibernate.test.ops.Node#1:parent]
14:17:42,008 DEBUG BaseGeneralDataRegion:52 - Cache[hibernate.test.org.hibernate.test.ops.Node] hit: org.hibernate.test.ops.Node#1:parent
14:17:42,008 DEBUG BaseGeneralDataRegion:46 - Cache[hibernate.test.org.hibernate.test.ops.Node.cascadingChildren] lookup : key[org.hibernate.test.ops.Node.cascadingChildren#1:parent]
14:17:42,008 DEBUG SQL:104 - 
    select
        cascadingc0_.CASC_PARENT as CASC5_0_1_,
        cascadingc0_.name as name0_1_,
        cascadingc0_.name as name0_0_,
        cascadingc0_.description as descript2_0_0_,
        cascadingc0_.parent as parent0_0_,
        cascadingc0_.created as created0_0_ 
    from
        Node cascadingc0_ 
    where
        cascadingc0_.CASC_PARENT=?
14:17:42,009 DEBUG BaseGeneralDataRegion:69 - Evicting[hibernate.test.org.hibernate.test.ops.Node.children]: org.hibernate.test.ops.Node.children#3:grandchild
14:17:42,009 DEBUG BaseGeneralDataRegion:69 - Evicting[hibernate.test.org.hibernate.test.ops.Node.cascadingChildren]: org.hibernate.test.ops.Node.cascadingChildren#3:grandchild
14:17:42,009 DEBUG BaseGeneralDataRegion:69 - Evicting[hibernate.test.org.hibernate.test.ops.Node.children]: org.hibernate.test.ops.Node.children#2:child
14:17:42,009 DEBUG BaseGeneralDataRegion:69 - Evicting[hibernate.test.org.hibernate.test.ops.Node.cascadingChildren]: org.hibernate.test.ops.Node.cascadingChildren#2:child
14:17:42,009 DEBUG BaseGeneralDataRegion:69 - Evicting[hibernate.test.org.hibernate.test.ops.Node.children]: org.hibernate.test.ops.Node.children#1:parent
14:17:42,009 DEBUG BaseGeneralDataRegion:69 - Evicting[hibernate.test.org.hibernate.test.ops.Node.cascadingChildren]: org.hibernate.test.ops.Node.cascadingChildren#1:parent
14:17:42,009 DEBUG SQL:104 - 
    delete 
    from
        Node 
    where
        name=?
14:17:42,010 DEBUG BaseGeneralDataRegion:69 - Evicting[hibernate.test.org.hibernate.test.ops.Node]: org.hibernate.test.ops.Node#3:grandchild
14:17:42,010 DEBUG SQL:104 - 
    delete 
    from
        Node 
    where
        name=?
14:17:42,019 DEBUG BaseGeneralDataRegion:69 - Evicting[hibernate.test.org.hibernate.test.ops.Node]: org.hibernate.test.ops.Node#2:child
14:17:42,019 DEBUG SQL:104 - 
    delete 
    from
        Node 
    where
        name=?
14:17:42,019 DEBUG BaseGeneralDataRegion:69 - Evicting[hibernate.test.org.hibernate.test.ops.Node]: org.hibernate.test.ops.Node#1:parent
14:17:42,019 DEBUG BaseGeneralDataRegion:69 - Evicting[hibernate.test.org.hibernate.test.ops.Node.children]: org.hibernate.test.ops.Node.children#3:grandchild
14:17:42,019 DEBUG BaseGeneralDataRegion:69 - Evicting[hibernate.test.org.hibernate.test.ops.Node.cascadingChildren]: org.hibernate.test.ops.Node.cascadingChildren#3:grandchild
14:17:42,019 DEBUG BaseGeneralDataRegion:69 - Evicting[hibernate.test.org.hibernate.test.ops.Node.children]: org.hibernate.test.ops.Node.children#2:child
14:17:42,019 DEBUG BaseGeneralDataRegion:69 - Evicting[hibernate.test.org.hibernate.test.ops.Node.cascadingChildren]: org.hibernate.test.ops.Node.cascadingChildren#2:child
14:17:42,020 DEBUG BaseGeneralDataRegion:69 - Evicting[hibernate.test.org.hibernate.test.ops.Node.children]: org.hibernate.test.ops.Node.children#1:parent
14:17:42,020 DEBUG BaseGeneralDataRegion:69 - Evicting[hibernate.test.org.hibernate.test.ops.Node.cascadingChildren]: org.hibernate.test.ops.Node.cascadingChildren#1:parent
14:17:42,020 DEBUG BaseGeneralDataRegion:69 - Evicting[hibernate.test.org.hibernate.test.ops.Node]: org.hibernate.test.ops.Node#3:grandchild
14:17:42,020 DEBUG BaseGeneralDataRegion:69 - Evicting[hibernate.test.org.hibernate.test.ops.Node]: org.hibernate.test.ops.Node#2:child
14:17:42,020 DEBUG BaseGeneralDataRegion:69 - Evicting[hibernate.test.org.hibernate.test.ops.Node]: org.hibernate.test.ops.Node#1:parent
14:17:42,020  INFO CustomRunner:139 - Test: testSaveOrUpdateDeepTree
14:17:42,021 DEBUG BaseGeneralDataRegion:46 - Cache[hibernate.test.org.hibernate.test.ops.Node] lookup : key[org.hibernate.test.ops.Node#root]
14:17:42,021 DEBUG SQL:104 - 
    select
        node_.name,
        node_.description as descript2_0_,
        node_.parent as parent0_,
        node_.created as created0_ 
    from
        Node node_ 
    where
        node_.name=?
14:17:42,022 DEBUG BaseGeneralDataRegion:46 - Cache[hibernate.test.org.hibernate.test.ops.Node] lookup : key[org.hibernate.test.ops.Node#child]
14:17:42,022 DEBUG SQL:104 - 
    select
        node_.name,
        node_.description as descript2_0_,
        node_.parent as parent0_,
        node_.created as created0_ 
    from
        Node node_ 
    where
        node_.name=?
14:17:42,022 DEBUG BaseGeneralDataRegion:46 - Cache[hibernate.test.org.hibernate.test.ops.Node] lookup : key[org.hibernate.test.ops.Node#grandchild]
14:17:42,022 DEBUG SQL:104 - 
    select
        node_.name,
        node_.description as descript2_0_,
        node_.parent as parent0_,
        node_.created as created0_ 
    from
        Node node_ 
    where
        node_.name=?
14:17:42,023 DEBUG SQL:104 - 
    insert 
    into
        Node
        (description, parent, created, name) 
    values
        (?, ?, ?, ?)
14:17:42,031 DEBUG SQL:104 - 
    insert 
    into
        Node
        (description, parent, created, name) 
    values
        (?, ?, ?, ?)
14:17:42,031 DEBUG SQL:104 - 
    insert 
    into
        Node
        (description, parent, created, name) 
    values
        (?, ?, ?, ?)
14:17:42,032 DEBUG BaseGeneralDataRegion:69 - Evicting[hibernate.test.org.hibernate.test.ops.Node.children]: org.hibernate.test.ops.Node.children#root
14:17:42,032 DEBUG BaseGeneralDataRegion:69 - Evicting[hibernate.test.org.hibernate.test.ops.Node.cascadingChildren]: org.hibernate.test.ops.Node.cascadingChildren#root
14:17:42,032 DEBUG BaseGeneralDataRegion:69 - Evicting[hibernate.test.org.hibernate.test.ops.Node.children]: org.hibernate.test.ops.Node.children#child
14:17:42,032 DEBUG BaseGeneralDataRegion:69 - Evicting[hibernate.test.org.hibernate.test.ops.Node.cascadingChildren]: org.hibernate.test.ops.Node.cascadingChildren#child
14:17:42,032 DEBUG BaseGeneralDataRegion:69 - Evicting[hibernate.test.org.hibernate.test.ops.Node.children]: org.hibernate.test.ops.Node.children#grandchild
14:17:42,032 DEBUG BaseGeneralDataRegion:69 - Evicting[hibernate.test.org.hibernate.test.ops.Node.cascadingChildren]: org.hibernate.test.ops.Node.cascadingChildren#grandchild
14:17:42,032 DEBUG BaseGeneralDataRegion:69 - Evicting[hibernate.test.org.hibernate.test.ops.Node.children]: org.hibernate.test.ops.Node.children#root
14:17:42,032 DEBUG BaseGeneralDataRegion:69 - Evicting[hibernate.test.org.hibernate.test.ops.Node.cascadingChildren]: org.hibernate.test.ops.Node.cascadingChildren#root
14:17:42,032 DEBUG BaseGeneralDataRegion:69 - Evicting[hibernate.test.org.hibernate.test.ops.Node.children]: org.hibernate.test.ops.Node.children#child
14:17:42,032 DEBUG BaseGeneralDataRegion:69 - Evicting[hibernate.test.org.hibernate.test.ops.Node.cascadingChildren]: org.hibernate.test.ops.Node.cascadingChildren#child
14:17:42,033 DEBUG BaseGeneralDataRegion:69 - Evicting[hibernate.test.org.hibernate.test.ops.Node.children]: org.hibernate.test.ops.Node.children#grandchild
14:17:42,033 DEBUG BaseGeneralDataRegion:69 - Evicting[hibernate.test.org.hibernate.test.ops.Node.cascadingChildren]: org.hibernate.test.ops.Node.cascadingChildren#grandchild
14:17:42,033 DEBUG BaseGeneralDataRegion:46 - Cache[hibernate.test.org.hibernate.test.ops.Node] lookup : key[org.hibernate.test.ops.Node#root]
14:17:42,045 DEBUG SQL:104 - 
    select
        node_.name,
        node_.description as descript2_0_,
        node_.parent as parent0_,
        node_.created as created0_ 
    from
        Node node_ 
    where
        node_.name=?
14:17:42,046 DEBUG BaseGeneralDataRegion:46 - Cache[hibernate.test.org.hibernate.test.ops.Node] lookup : key[org.hibernate.test.ops.Node#child]
14:17:42,047 DEBUG SQL:104 - 
    select
        node_.name,
        node_.description as descript2_0_,
        node_.parent as parent0_,
        node_.created as created0_ 
    from
        Node node_ 
    where
        node_.name=?
14:17:42,047 DEBUG BaseGeneralDataRegion:46 - Cache[hibernate.test.org.hibernate.test.ops.Node] lookup : key[org.hibernate.test.ops.Node#grandchild2]
14:17:42,047 DEBUG SQL:104 - 
    select
        node_.name,
        node_.description as descript2_0_,
        node_.parent as parent0_,
        node_.created as created0_ 
    from
        Node node_ 
    where
        node_.name=?
14:17:42,056 DEBUG BaseGeneralDataRegion:46 - Cache[hibernate.test.org.hibernate.test.ops.Node] lookup : key[org.hibernate.test.ops.Node#grandchild]
14:17:42,056 DEBUG SQL:104 - 
    select
        node_.name,
        node_.description as descript2_0_,
        node_.parent as parent0_,
        node_.created as created0_ 
    from
        Node node_ 
    where
        node_.name=?
14:17:42,057 DEBUG SQL:104 - 
    insert 
    into
        Node
        (description, parent, created, name) 
    values
        (?, ?, ?, ?)
14:17:42,066 DEBUG SQL:104 - 
    update
        Node 
    set
        description=?,
        parent=?,
        created=? 
    where
        name=?
14:17:42,067 DEBUG BaseGeneralDataRegion:69 - Evicting[hibernate.test.org.hibernate.test.ops.Node]: org.hibernate.test.ops.Node#grandchild
14:17:42,067 DEBUG BaseGeneralDataRegion:69 - Evicting[hibernate.test.org.hibernate.test.ops.Node.children]: org.hibernate.test.ops.Node.children#child
14:17:42,067 DEBUG BaseGeneralDataRegion:69 - Evicting[hibernate.test.org.hibernate.test.ops.Node.children]: org.hibernate.test.ops.Node.children#grandchild2
14:17:42,067 DEBUG BaseGeneralDataRegion:69 - Evicting[hibernate.test.org.hibernate.test.ops.Node.cascadingChildren]: org.hibernate.test.ops.Node.cascadingChildren#grandchild2
14:17:42,068 DEBUG BaseGeneralDataRegion:69 - Evicting[hibernate.test.org.hibernate.test.ops.Node]: org.hibernate.test.ops.Node#grandchild
14:17:42,068 DEBUG BaseGeneralDataRegion:69 - Evicting[hibernate.test.org.hibernate.test.ops.Node.children]: org.hibernate.test.ops.Node.children#child
14:17:42,068 DEBUG BaseGeneralDataRegion:69 - Evicting[hibernate.test.org.hibernate.test.ops.Node.children]: org.hibernate.test.ops.Node.children#grandchild2
14:17:42,068 DEBUG BaseGeneralDataRegion:69 - Evicting[hibernate.test.org.hibernate.test.ops.Node.cascadingChildren]: org.hibernate.test.ops.Node.cascadingChildren#grandchild2
14:17:42,068 DEBUG BaseGeneralDataRegion:46 - Cache[hibernate.test.org.hibernate.test.ops.Node] lookup : key[org.hibernate.test.ops.Node#root]
14:17:42,068 DEBUG SQL:104 - 
    select
        node_.name,
        node_.description as descript2_0_,
        node_.parent as parent0_,
        node_.created as created0_ 
    from
        Node node_ 
    where
        node_.name=?
14:17:42,077 DEBUG BaseGeneralDataRegion:46 - Cache[hibernate.test.org.hibernate.test.ops.Node] lookup : key[org.hibernate.test.ops.Node#child]
14:17:42,077 DEBUG SQL:104 - 
    select
        node_.name,
        node_.description as descript2_0_,
        node_.parent as parent0_,
        node_.created as created0_ 
    from
        Node node_ 
    where
        node_.name=?
14:17:42,078 DEBUG BaseGeneralDataRegion:46 - Cache[hibernate.test.org.hibernate.test.ops.Node] lookup : key[org.hibernate.test.ops.Node#grandchild2]
14:17:42,078 DEBUG SQL:104 - 
    select
        node_.name,
        node_.description as descript2_0_,
        node_.parent as parent0_,
        node_.created as created0_ 
    from
        Node node_ 
    where
        node_.name=?
14:17:42,079 DEBUG BaseGeneralDataRegion:46 - Cache[hibernate.test.org.hibernate.test.ops.Node] lookup : key[org.hibernate.test.ops.Node#grandchild]
14:17:42,079 DEBUG SQL:104 - 
    select
        node_.name,
        node_.description as descript2_0_,
        node_.parent as parent0_,
        node_.created as created0_ 
    from
        Node node_ 
    where
        node_.name=?
14:17:42,088 DEBUG BaseGeneralDataRegion:46 - Cache[hibernate.test.org.hibernate.test.ops.Node] lookup : key[org.hibernate.test.ops.Node#child2]
14:17:42,088 DEBUG SQL:104 - 
    select
        node_.name,
        node_.description as descript2_0_,
        node_.parent as parent0_,
        node_.created as created0_ 
    from
        Node node_ 
    where
        node_.name=?
14:17:42,088 DEBUG BaseGeneralDataRegion:46 - Cache[hibernate.test.org.hibernate.test.ops.Node] lookup : key[org.hibernate.test.ops.Node#grandchild3]
14:17:42,088 DEBUG SQL:104 - 
    select
        node_.name,
        node_.description as descript2_0_,
        node_.parent as parent0_,
        node_.created as created0_ 
    from
        Node node_ 
    where
        node_.name=?
14:17:42,089 DEBUG SQL:104 - 
    insert 
    into
        Node
        (description, parent, created, name) 
    values
        (?, ?, ?, ?)
14:17:42,100 DEBUG SQL:104 - 
    insert 
    into
        Node
        (description, parent, created, name) 
    values
        (?, ?, ?, ?)
14:17:42,100 DEBUG BaseGeneralDataRegion:69 - Evicting[hibernate.test.org.hibernate.test.ops.Node.children]: org.hibernate.test.ops.Node.children#root
14:17:42,101 DEBUG BaseGeneralDataRegion:69 - Evicting[hibernate.test.org.hibernate.test.ops.Node.children]: org.hibernate.test.ops.Node.children#child2
14:17:42,101 DEBUG BaseGeneralDataRegion:69 - Evicting[hibernate.test.org.hibernate.test.ops.Node.cascadingChildren]: org.hibernate.test.ops.Node.cascadingChildren#child2
14:17:42,101 DEBUG BaseGeneralDataRegion:69 - Evicting[hibernate.test.org.hibernate.test.ops.Node.children]: org.hibernate.test.ops.Node.children#grandchild3
14:17:42,101 DEBUG BaseGeneralDataRegion:69 - Evicting[hibernate.test.org.hibernate.test.ops.Node.cascadingChildren]: org.hibernate.test.ops.Node.cascadingChildren#grandchild3
14:17:42,101 DEBUG BaseGeneralDataRegion:69 - Evicting[hibernate.test.org.hibernate.test.ops.Node.children]: org.hibernate.test.ops.Node.children#root
14:17:42,101 DEBUG BaseGeneralDataRegion:69 - Evicting[hibernate.test.org.hibernate.test.ops.Node.children]: org.hibernate.test.ops.Node.children#child2
14:17:42,101 DEBUG BaseGeneralDataRegion:69 - Evicting[hibernate.test.org.hibernate.test.ops.Node.cascadingChildren]: org.hibernate.test.ops.Node.cascadingChildren#child2
14:17:42,101 DEBUG BaseGeneralDataRegion:69 - Evicting[hibernate.test.org.hibernate.test.ops.Node.children]: org.hibernate.test.ops.Node.children#grandchild3
14:17:42,101 DEBUG BaseGeneralDataRegion:69 - Evicting[hibernate.test.org.hibernate.test.ops.Node.cascadingChildren]: org.hibernate.test.ops.Node.cascadingChildren#grandchild3
14:17:42,102 DEBUG BaseGeneralDataRegion:46 - Cache[hibernate.test.org.hibernate.test.ops.Node] lookup : key[org.hibernate.test.ops.Node#grandchild]
14:17:42,102 DEBUG SQL:104 - 
    select
        node_.name,
        node_.description as descript2_0_,
        node_.parent as parent0_,
        node_.created as created0_ 
    from
        Node node_ 
    where
        node_.name=?
14:17:42,112 DEBUG BaseGeneralDataRegion:46 - Cache[hibernate.test.org.hibernate.test.ops.Node] lookup : key[org.hibernate.test.ops.Node#child]
14:17:42,112 DEBUG SQL:104 - 
    select
        node_.name,
        node_.description as descript2_0_,
        node_.parent as parent0_,
        node_.created as created0_ 
    from
        Node node_ 
    where
        node_.name=?
14:17:42,112 DEBUG BaseGeneralDataRegion:46 - Cache[hibernate.test.org.hibernate.test.ops.Node] lookup : key[org.hibernate.test.ops.Node#grandchild2]
14:17:42,113 DEBUG SQL:104 - 
    select
        node_.name,
        node_.description as descript2_0_,
        node_.parent as parent0_,
        node_.created as created0_ 
    from
        Node node_ 
    where
        node_.name=?
14:17:42,113 DEBUG BaseGeneralDataRegion:46 - Cache[hibernate.test.org.hibernate.test.ops.Node] lookup : key[org.hibernate.test.ops.Node#child]
14:17:42,113 DEBUG BaseGeneralDataRegion:46 - Cache[hibernate.test.org.hibernate.test.ops.Node] lookup : key[org.hibernate.test.ops.Node#grandchild3]
14:17:42,113 DEBUG SQL:104 - 
    select
        node_.name,
        node_.description as descript2_0_,
        node_.parent as parent0_,
        node_.created as created0_ 
    from
        Node node_ 
    where
        node_.name=?
14:17:42,123 DEBUG BaseGeneralDataRegion:46 - Cache[hibernate.test.org.hibernate.test.ops.Node] lookup : key[org.hibernate.test.ops.Node#child2]
14:17:42,123 DEBUG SQL:104 - 
    select
        node_.name,
        node_.description as descript2_0_,
        node_.parent as parent0_,
        node_.created as created0_ 
    from
        Node node_ 
    where
        node_.name=?
14:17:42,123 DEBUG BaseGeneralDataRegion:46 - Cache[hibernate.test.org.hibernate.test.ops.Node] lookup : key[org.hibernate.test.ops.Node#child]
14:17:42,123 DEBUG BaseGeneralDataRegion:46 - Cache[hibernate.test.org.hibernate.test.ops.Node] lookup : key[org.hibernate.test.ops.Node#root]
14:17:42,123 DEBUG SQL:104 - 
    select
        node_.name,
        node_.description as descript2_0_,
        node_.parent as parent0_,
        node_.created as created0_ 
    from
        Node node_ 
    where
        node_.name=?
14:17:42,123 DEBUG BaseGeneralDataRegion:46 - Cache[hibernate.test.org.hibernate.test.ops.Node] lookup : key[org.hibernate.test.ops.Node#child2]
14:17:42,124 DEBUG BaseGeneralDataRegion:46 - Cache[hibernate.test.org.hibernate.test.ops.Node] lookup : key[org.hibernate.test.ops.Node#root]
14:17:42,124 DEBUG BaseGeneralDataRegion:46 - Cache[hibernate.test.org.hibernate.test.ops.Node] lookup : key[org.hibernate.test.ops.Node#root]
14:17:42,124 DEBUG BaseGeneralDataRegion:69 - Evicting[hibernate.test.org.hibernate.test.ops.Node.children]: org.hibernate.test.ops.Node.children#grandchild
14:17:42,134 DEBUG BaseGeneralDataRegion:69 - Evicting[hibernate.test.org.hibernate.test.ops.Node.cascadingChildren]: org.hibernate.test.ops.Node.cascadingChildren#grandchild
14:17:42,134 DEBUG BaseGeneralDataRegion:69 - Evicting[hibernate.test.org.hibernate.test.ops.Node.children]: org.hibernate.test.ops.Node.children#grandchild2
14:17:42,135 DEBUG BaseGeneralDataRegion:69 - Evicting[hibernate.test.org.hibernate.test.ops.Node.cascadingChildren]: org.hibernate.test.ops.Node.cascadingChildren#grandchild2
14:17:42,135 DEBUG BaseGeneralDataRegion:69 - Evicting[hibernate.test.org.hibernate.test.ops.Node.children]: org.hibernate.test.ops.Node.children#grandchild3
14:17:42,135 DEBUG BaseGeneralDataRegion:69 - Evicting[hibernate.test.org.hibernate.test.ops.Node.cascadingChildren]: org.hibernate.test.ops.Node.cascadingChildren#grandchild3
14:17:42,135 DEBUG BaseGeneralDataRegion:69 - Evicting[hibernate.test.org.hibernate.test.ops.Node.children]: org.hibernate.test.ops.Node.children#child
14:17:42,135 DEBUG BaseGeneralDataRegion:69 - Evicting[hibernate.test.org.hibernate.test.ops.Node.cascadingChildren]: org.hibernate.test.ops.Node.cascadingChildren#child
14:17:42,135 DEBUG BaseGeneralDataRegion:69 - Evicting[hibernate.test.org.hibernate.test.ops.Node.children]: org.hibernate.test.ops.Node.children#child2
14:17:42,135 DEBUG BaseGeneralDataRegion:69 - Evicting[hibernate.test.org.hibernate.test.ops.Node.cascadingChildren]: org.hibernate.test.ops.Node.cascadingChildren#child2
14:17:42,135 DEBUG BaseGeneralDataRegion:69 - Evicting[hibernate.test.org.hibernate.test.ops.Node.children]: org.hibernate.test.ops.Node.children#root
14:17:42,135 DEBUG BaseGeneralDataRegion:69 - Evicting[hibernate.test.org.hibernate.test.ops.Node.cascadingChildren]: org.hibernate.test.ops.Node.cascadingChildren#root
14:17:42,135 DEBUG SQL:104 - 
    delete 
    from
        Node 
    where
        name=?
14:17:42,136 DEBUG BaseGeneralDataRegion:69 - Evicting[hibernate.test.org.hibernate.test.ops.Node]: org.hibernate.test.ops.Node#grandchild
14:17:42,136 DEBUG SQL:104 - 
    delete 
    from
        Node 
    where
        name=?
14:17:42,136 DEBUG BaseGeneralDataRegion:69 - Evicting[hibernate.test.org.hibernate.test.ops.Node]: org.hibernate.test.ops.Node#grandchild2
14:17:42,136 DEBUG SQL:104 - 
    delete 
    from
        Node 
    where
        name=?
14:17:42,146 DEBUG BaseGeneralDataRegion:69 - Evicting[hibernate.test.org.hibernate.test.ops.Node]: org.hibernate.test.ops.Node#grandchild3
14:17:42,146 DEBUG SQL:104 - 
    delete 
    from
        Node 
    where
        name=?
14:17:42,146 DEBUG BaseGeneralDataRegion:69 - Evicting[hibernate.test.org.hibernate.test.ops.Node]: org.hibernate.test.ops.Node#child
14:17:42,146 DEBUG SQL:104 - 
    delete 
    from
        Node 
    where
        name=?
14:17:42,146 DEBUG BaseGeneralDataRegion:69 - Evicting[hibernate.test.org.hibernate.test.ops.Node]: org.hibernate.test.ops.Node#child2
14:17:42,147 DEBUG SQL:104 - 
    delete 
    from
        Node 
    where
        name=?
14:17:42,147 DEBUG BaseGeneralDataRegion:69 - Evicting[hibernate.test.org.hibernate.test.ops.Node]: org.hibernate.test.ops.Node#root
14:17:42,147 DEBUG BaseGeneralDataRegion:69 - Evicting[hibernate.test.org.hibernate.test.ops.Node.children]: org.hibernate.test.ops.Node.children#grandchild
14:17:42,147 DEBUG BaseGeneralDataRegion:69 - Evicting[hibernate.test.org.hibernate.test.ops.Node.cascadingChildren]: org.hibernate.test.ops.Node.cascadingChildren#grandchild
14:17:42,147 DEBUG BaseGeneralDataRegion:69 - Evicting[hibernate.test.org.hibernate.test.ops.Node.children]: org.hibernate.test.ops.Node.children#grandchild2
14:17:42,147 DEBUG BaseGeneralDataRegion:69 - Evicting[hibernate.test.org.hibernate.test.ops.Node.cascadingChildren]: org.hibernate.test.ops.Node.cascadingChildren#grandchild2
14:17:42,147 DEBUG BaseGeneralDataRegion:69 - Evicting[hibernate.test.org.hibernate.test.ops.Node.children]: org.hibernate.test.ops.Node.children#grandchild3
14:17:42,147 DEBUG BaseGeneralDataRegion:69 - Evicting[hibernate.test.org.hibernate.test.ops.Node.cascadingChildren]: org.hibernate.test.ops.Node.cascadingChildren#grandchild3
14:17:42,147 DEBUG BaseGeneralDataRegion:69 - Evicting[hibernate.test.org.hibernate.test.ops.Node.children]: org.hibernate.test.ops.Node.children#child
14:17:42,147 DEBUG BaseGeneralDataRegion:69 - Evicting[hibernate.test.org.hibernate.test.ops.Node.cascadingChildren]: org.hibernate.test.ops.Node.cascadingChildren#child
14:17:42,148 DEBUG BaseGeneralDataRegion:69 - Evicting[hibernate.test.org.hibernate.test.ops.Node.children]: org.hibernate.test.ops.Node.children#child2
14:17:42,148 DEBUG BaseGeneralDataRegion:69 - Evicting[hibernate.test.org.hibernate.test.ops.Node.cascadingChildren]: org.hibernate.test.ops.Node.cascadingChildren#child2
14:17:42,148 DEBUG BaseGeneralDataRegion:69 - Evicting[hibernate.test.org.hibernate.test.ops.Node.children]: org.hibernate.test.ops.Node.children#root
14:17:42,148 DEBUG BaseGeneralDataRegion:69 - Evicting[hibernate.test.org.hibernate.test.ops.Node.cascadingChildren]: org.hibernate.test.ops.Node.cascadingChildren#root
14:17:42,148 DEBUG BaseGeneralDataRegion:69 - Evicting[hibernate.test.org.hibernate.test.ops.Node]: org.hibernate.test.ops.Node#grandchild
14:17:42,148 DEBUG BaseGeneralDataRegion:69 - Evicting[hibernate.test.org.hibernate.test.ops.Node]: org.hibernate.test.ops.Node#grandchild2
14:17:42,148 DEBUG BaseGeneralDataRegion:69 - Evicting[hibernate.test.org.hibernate.test.ops.Node]: org.hibernate.test.ops.Node#grandchild3
14:17:42,148 DEBUG BaseGeneralDataRegion:69 - Evicting[hibernate.test.org.hibernate.test.ops.Node]: org.hibernate.test.ops.Node#child
14:17:42,148 DEBUG BaseGeneralDataRegion:69 - Evicting[hibernate.test.org.hibernate.test.ops.Node]: org.hibernate.test.ops.Node#child2
14:17:42,148 DEBUG BaseGeneralDataRegion:69 - Evicting[hibernate.test.org.hibernate.test.ops.Node]: org.hibernate.test.ops.Node#root
14:17:42,149  INFO CustomRunner:139 - Test: testSaveOrUpdateDeepTreeWithGeneratedId
14:17:42,150 DEBUG SQL:104 - 
    insert 
    into
        NumberedNode
        (id, name, description, created, parent) 
    values
        (null, ?, ?, ?, ?)
14:17:42,151 DEBUG SQL:104 - 
    insert 
    into
        NumberedNode
        (id, name, description, created, parent) 
    values
        (null, ?, ?, ?, ?)
14:17:42,160 DEBUG SQL:104 - 
    insert 
    into
        NumberedNode
        (id, name, description, created, parent) 
    values
        (null, ?, ?, ?, ?)
14:17:42,160 DEBUG BaseGeneralDataRegion:69 - Evicting[hibernate.test.org.hibernate.test.ops.NumberedNode.children]: org.hibernate.test.ops.NumberedNode.children#1
14:17:42,160 DEBUG BaseGeneralDataRegion:69 - Evicting[hibernate.test.org.hibernate.test.ops.NumberedNode.children]: org.hibernate.test.ops.NumberedNode.children#2
14:17:42,161 DEBUG BaseGeneralDataRegion:69 - Evicting[hibernate.test.org.hibernate.test.ops.NumberedNode.children]: org.hibernate.test.ops.NumberedNode.children#3
14:17:42,161 DEBUG BaseGeneralDataRegion:69 - Evicting[hibernate.test.org.hibernate.test.ops.NumberedNode.children]: org.hibernate.test.ops.NumberedNode.children#1
14:17:42,161 DEBUG BaseGeneralDataRegion:69 - Evicting[hibernate.test.org.hibernate.test.ops.NumberedNode.children]: org.hibernate.test.ops.NumberedNode.children#2
14:17:42,161 DEBUG BaseGeneralDataRegion:69 - Evicting[hibernate.test.org.hibernate.test.ops.NumberedNode.children]: org.hibernate.test.ops.NumberedNode.children#3
14:17:42,161 DEBUG SQL:104 - 
    insert 
    into
        NumberedNode
        (id, name, description, created, parent) 
    values
        (null, ?, ?, ?, ?)
14:17:42,162 DEBUG SQL:104 - 
    update
        NumberedNode 
    set
        name=?,
        description=?,
        created=?,
        parent=? 
    where
        id=?
14:17:42,174 DEBUG BaseGeneralDataRegion:69 - Evicting[hibernate.test.org.hibernate.test.ops.NumberedNode]: org.hibernate.test.ops.NumberedNode#1
14:17:42,174 DEBUG SQL:104 - 
    update
        NumberedNode 
    set
        name=?,
        description=?,
        created=?,
        parent=? 
    where
        id=?
14:17:42,174 DEBUG BaseGeneralDataRegion:69 - Evicting[hibernate.test.org.hibernate.test.ops.NumberedNode]: org.hibernate.test.ops.NumberedNode#2
14:17:42,175 DEBUG SQL:104 - 
    update
        NumberedNode 
    set
        name=?,
        description=?,
        created=?,
        parent=? 
    where
        id=?
14:17:42,175 DEBUG BaseGeneralDataRegion:69 - Evicting[hibernate.test.org.hibernate.test.ops.NumberedNode]: org.hibernate.test.ops.NumberedNode#3
14:17:42,175 DEBUG BaseGeneralDataRegion:69 - Evicting[hibernate.test.org.hibernate.test.ops.NumberedNode.children]: org.hibernate.test.ops.NumberedNode.children#2
14:17:42,175 DEBUG BaseGeneralDataRegion:69 - Evicting[hibernate.test.org.hibernate.test.ops.NumberedNode.children]: org.hibernate.test.ops.NumberedNode.children#4
14:17:42,175 DEBUG BaseGeneralDataRegion:69 - Evicting[hibernate.test.org.hibernate.test.ops.NumberedNode]: org.hibernate.test.ops.NumberedNode#1
14:17:42,175 DEBUG BaseGeneralDataRegion:69 - Evicting[hibernate.test.org.hibernate.test.ops.NumberedNode]: org.hibernate.test.ops.NumberedNode#2
14:17:42,175 DEBUG BaseGeneralDataRegion:69 - Evicting[hibernate.test.org.hibernate.test.ops.NumberedNode]: org.hibernate.test.ops.NumberedNode#3
14:17:42,175 DEBUG BaseGeneralDataRegion:69 - Evicting[hibernate.test.org.hibernate.test.ops.NumberedNode.children]: org.hibernate.test.ops.NumberedNode.children#2
14:17:42,176 DEBUG BaseGeneralDataRegion:69 - Evicting[hibernate.test.org.hibernate.test.ops.NumberedNode.children]: org.hibernate.test.ops.NumberedNode.children#4
14:17:42,176 DEBUG SQL:104 - 
    insert 
    into
        NumberedNode
        (id, name, description, created, parent) 
    values
        (null, ?, ?, ?, ?)
14:17:42,183 DEBUG SQL:104 - 
    insert 
    into
        NumberedNode
        (id, name, description, created, parent) 
    values
        (null, ?, ?, ?, ?)
14:17:42,184 DEBUG SQL:104 - 
    update
        NumberedNode 
    set
        name=?,
        description=?,
        created=?,
        parent=? 
    where
        id=?
14:17:42,196 DEBUG BaseGeneralDataRegion:69 - Evicting[hibernate.test.org.hibernate.test.ops.NumberedNode]: org.hibernate.test.ops.NumberedNode#1
14:17:42,197 DEBUG SQL:104 - 
    update
        NumberedNode 
    set
        name=?,
        description=?,
        created=?,
        parent=? 
    where
        id=?
14:17:42,197 DEBUG BaseGeneralDataRegion:69 - Evicting[hibernate.test.org.hibernate.test.ops.NumberedNode]: org.hibernate.test.ops.NumberedNode#2
14:17:42,197 DEBUG SQL:104 - 
    update
        NumberedNode 
    set
        name=?,
        description=?,
        created=?,
        parent=? 
    where
        id=?
14:17:42,208 DEBUG BaseGeneralDataRegion:69 - Evicting[hibernate.test.org.hibernate.test.ops.NumberedNode]: org.hibernate.test.ops.NumberedNode#3
14:17:42,208 DEBUG SQL:104 - 
    update
        NumberedNode 
    set
        name=?,
        description=?,
        created=?,
        parent=? 
    where
        id=?
14:17:42,208 DEBUG BaseGeneralDataRegion:69 - Evicting[hibernate.test.org.hibernate.test.ops.NumberedNode]: org.hibernate.test.ops.NumberedNode#4
14:17:42,209 DEBUG BaseGeneralDataRegion:69 - Evicting[hibernate.test.org.hibernate.test.ops.NumberedNode.children]: org.hibernate.test.ops.NumberedNode.children#1
14:17:42,209 DEBUG BaseGeneralDataRegion:69 - Evicting[hibernate.test.org.hibernate.test.ops.NumberedNode.children]: org.hibernate.test.ops.NumberedNode.children#5
14:17:42,209 DEBUG BaseGeneralDataRegion:69 - Evicting[hibernate.test.org.hibernate.test.ops.NumberedNode.children]: org.hibernate.test.ops.NumberedNode.children#6
14:17:42,209 DEBUG BaseGeneralDataRegion:69 - Evicting[hibernate.test.org.hibernate.test.ops.NumberedNode]: org.hibernate.test.ops.NumberedNode#1
14:17:42,209 DEBUG BaseGeneralDataRegion:69 - Evicting[hibernate.test.org.hibernate.test.ops.NumberedNode]: org.hibernate.test.ops.NumberedNode#2
14:17:42,209 DEBUG BaseGeneralDataRegion:69 - Evicting[hibernate.test.org.hibernate.test.ops.NumberedNode]: org.hibernate.test.ops.NumberedNode#3
14:17:42,209 DEBUG BaseGeneralDataRegion:69 - Evicting[hibernate.test.org.hibernate.test.ops.NumberedNode]: org.hibernate.test.ops.NumberedNode#4
14:17:42,209 DEBUG BaseGeneralDataRegion:69 - Evicting[hibernate.test.org.hibernate.test.ops.NumberedNode.children]: org.hibernate.test.ops.NumberedNode.children#1
14:17:42,209 DEBUG BaseGeneralDataRegion:69 - Evicting[hibernate.test.org.hibernate.test.ops.NumberedNode.children]: org.hibernate.test.ops.NumberedNode.children#5
14:17:42,209 DEBUG BaseGeneralDataRegion:69 - Evicting[hibernate.test.org.hibernate.test.ops.NumberedNode.children]: org.hibernate.test.ops.NumberedNode.children#6
14:17:42,210 DEBUG QueryTranslatorImpl:265 - parse() - HQL: delete from org.hibernate.test.ops.NumberedNode where name like 'grand%'
14:17:42,211 DEBUG QueryTranslatorImpl:283 - --- HQL AST ---
 \-[DELETE] Node: 'delete'
    +-[FROM] Node: 'FROM'
    |  \-[RANGE] Node: 'RANGE'
    |     \-[DOT] Node: '.'
    |        +-[DOT] Node: '.'
    |        |  +-[DOT] Node: '.'
    |        |  |  +-[DOT] Node: '.'
    |        |  |  |  +-[IDENT] Node: 'org'
    |        |  |  |  \-[IDENT] Node: 'hibernate'
    |        |  |  \-[IDENT] Node: 'test'
    |        |  \-[IDENT] Node: 'ops'
    |        \-[IDENT] Node: 'NumberedNode'
    \-[WHERE] Node: 'where'
       \-[LIKE] Node: 'like'
          +-[IDENT] Node: 'name'
          \-[QUOTED_STRING] Node: ''grand%''

14:17:42,217 DEBUG ErrorCounter:82 - throwQueryException() : no errors
14:17:42,218 DEBUG FromElement:157 - FromClause{level=1} : org.hibernate.test.ops.NumberedNode (<no alias>) -> numberedno0_
14:17:42,218 DEBUG FromReferenceNode:74 - Resolved : {synthetic-alias} -> {synthetic-alias}
14:17:42,218 DEBUG DotNode:599 - getDataType() : name -> org.hibernate.type.StringType@2dc8de40
14:17:42,218 DEBUG FromReferenceNode:74 - Resolved : {synthetic-alias}.name -> name
14:17:42,218 DEBUG QueryTranslatorImpl:252 - --- SQL AST ---
 \-[DELETE] DeleteStatement: 'delete'  querySpaces (NumberedNode)
    +-[FROM] FromClause: 'FROM' FromClause{level=1, fromElementCounter=1, fromElements=1, fromElementByClassAlias=[], fromElementByTableAlias=[numberedno0_], fromElementsByPath=[], collectionJoinFromElementsByPath=[], impliedElements=[]}
    |  \-[FROM_FRAGMENT] FromElement: 'NumberedNode' FromElement{explicit,not a collection join,not a fetch join,fetch non-lazy properties,classAlias=null,role=null,tableName=NumberedNode,tableAlias=numberedno0_,origin=null,columns={,className=org.hibernate.test.ops.NumberedNode}}
    \-[WHERE] SqlNode: 'where'
       \-[LIKE] BinaryLogicOperatorNode: 'like'
          +-[DOT] DotNode: 'name' {propertyName=name,dereferenceType=ALL,propertyPath=name,path={synthetic-alias}.name,tableAlias=numberedno0_,className=org.hibernate.test.ops.NumberedNode,classAlias=null}
          |  +-[IDENT] IdentNode: '{synthetic-alias}' {originalText={synthetic-alias}}
          |  \-[IDENT] IdentNode: 'name' {originalText=name}
          \-[QUOTED_STRING] LiteralNode: ''grand%''

14:17:42,218 DEBUG ErrorCounter:82 - throwQueryException() : no errors
14:17:42,219 DEBUG ErrorCounter:82 - throwQueryException() : no errors
14:17:42,228 DEBUG BaseGeneralDataRegion:79 - evict cache[hibernate.test.org.hibernate.test.ops.NumberedNode]
14:17:42,229 DEBUG BaseGeneralDataRegion:79 - evict cache[hibernate.test.org.hibernate.test.ops.NumberedNode.children]
14:17:42,229 DEBUG SQL:104 - 
    delete 
    from
        NumberedNode 
    where
        name like 'grand%'
14:17:42,229 DEBUG QueryTranslatorImpl:265 - parse() - HQL: delete from org.hibernate.test.ops.NumberedNode where name like 'child%'
14:17:42,230 DEBUG QueryTranslatorImpl:283 - --- HQL AST ---
 \-[DELETE] Node: 'delete'
    +-[FROM] Node: 'FROM'
    |  \-[RANGE] Node: 'RANGE'
    |     \-[DOT] Node: '.'
    |        +-[DOT] Node: '.'
    |        |  +-[DOT] Node: '.'
    |        |  |  +-[DOT] Node: '.'
    |        |  |  |  +-[IDENT] Node: 'org'
    |        |  |  |  \-[IDENT] Node: 'hibernate'
    |        |  |  \-[IDENT] Node: 'test'
    |        |  \-[IDENT] Node: 'ops'
    |        \-[IDENT] Node: 'NumberedNode'
    \-[WHERE] Node: 'where'
       \-[LIKE] Node: 'like'
          +-[IDENT] Node: 'name'
          \-[QUOTED_STRING] Node: ''child%''

14:17:42,230 DEBUG ErrorCounter:82 - throwQueryException() : no errors
14:17:42,230 DEBUG FromElement:157 - FromClause{level=1} : org.hibernate.test.ops.NumberedNode (<no alias>) -> numberedno0_
14:17:42,230 DEBUG FromReferenceNode:74 - Resolved : {synthetic-alias} -> {synthetic-alias}
14:17:42,238 DEBUG DotNode:599 - getDataType() : name -> org.hibernate.type.StringType@2dc8de40
14:17:42,238 DEBUG FromReferenceNode:74 - Resolved : {synthetic-alias}.name -> name
14:17:42,239 DEBUG QueryTranslatorImpl:252 - --- SQL AST ---
 \-[DELETE] DeleteStatement: 'delete'  querySpaces (NumberedNode)
    +-[FROM] FromClause: 'FROM' FromClause{level=1, fromElementCounter=1, fromElements=1, fromElementByClassAlias=[], fromElementByTableAlias=[numberedno0_], fromElementsByPath=[], collectionJoinFromElementsByPath=[], impliedElements=[]}
    |  \-[FROM_FRAGMENT] FromElement: 'NumberedNode' FromElement{explicit,not a collection join,not a fetch join,fetch non-lazy properties,classAlias=null,role=null,tableName=NumberedNode,tableAlias=numberedno0_,origin=null,columns={,className=org.hibernate.test.ops.NumberedNode}}
    \-[WHERE] SqlNode: 'where'
       \-[LIKE] BinaryLogicOperatorNode: 'like'
          +-[DOT] DotNode: 'name' {propertyName=name,dereferenceType=ALL,propertyPath=name,path={synthetic-alias}.name,tableAlias=numberedno0_,className=org.hibernate.test.ops.NumberedNode,classAlias=null}
          |  +-[IDENT] IdentNode: '{synthetic-alias}' {originalText={synthetic-alias}}
          |  \-[IDENT] IdentNode: 'name' {originalText=name}
          \-[QUOTED_STRING] LiteralNode: ''child%''

14:17:42,239 DEBUG ErrorCounter:82 - throwQueryException() : no errors
14:17:42,239 DEBUG ErrorCounter:82 - throwQueryException() : no errors
14:17:42,239 DEBUG BaseGeneralDataRegion:79 - evict cache[hibernate.test.org.hibernate.test.ops.NumberedNode]
14:17:42,239 DEBUG BaseGeneralDataRegion:79 - evict cache[hibernate.test.org.hibernate.test.ops.NumberedNode.children]
14:17:42,239 DEBUG SQL:104 - 
    delete 
    from
        NumberedNode 
    where
        name like 'child%'
14:17:42,240 DEBUG QueryTranslatorImpl:265 - parse() - HQL: delete from org.hibernate.test.ops.NumberedNode
14:17:42,241 DEBUG QueryTranslatorImpl:283 - --- HQL AST ---
 \-[DELETE] Node: 'delete'
    \-[FROM] Node: 'FROM'
       \-[RANGE] Node: 'RANGE'
          \-[DOT] Node: '.'
             +-[DOT] Node: '.'
             |  +-[DOT] Node: '.'
             |  |  +-[DOT] Node: '.'
             |  |  |  +-[IDENT] Node: 'org'
             |  |  |  \-[IDENT] Node: 'hibernate'
             |  |  \-[IDENT] Node: 'test'
             |  \-[IDENT] Node: 'ops'
             \-[IDENT] Node: 'NumberedNode'

14:17:42,249 DEBUG ErrorCounter:82 - throwQueryException() : no errors
14:17:42,249 DEBUG FromElement:157 - FromClause{level=1} : org.hibernate.test.ops.NumberedNode (<no alias>) -> numberedno0_
14:17:42,249 DEBUG QueryTranslatorImpl:252 - --- SQL AST ---
 \-[DELETE] DeleteStatement: 'delete'  querySpaces (NumberedNode)
    \-[FROM] FromClause: 'FROM' FromClause{level=1, fromElementCounter=1, fromElements=1, fromElementByClassAlias=[], fromElementByTableAlias=[numberedno0_], fromElementsByPath=[], collectionJoinFromElementsByPath=[], impliedElements=[]}
       \-[FROM_FRAGMENT] FromElement: 'NumberedNode' FromElement{explicit,not a collection join,not a fetch join,fetch non-lazy properties,classAlias=null,role=null,tableName=NumberedNode,tableAlias=numberedno0_,origin=null,columns={,className=org.hibernate.test.ops.NumberedNode}}

14:17:42,249 DEBUG ErrorCounter:82 - throwQueryException() : no errors
14:17:42,250 DEBUG ErrorCounter:82 - throwQueryException() : no errors
14:17:42,250 DEBUG BaseGeneralDataRegion:79 - evict cache[hibernate.test.org.hibernate.test.ops.NumberedNode]
14:17:42,250 DEBUG BaseGeneralDataRegion:79 - evict cache[hibernate.test.org.hibernate.test.ops.NumberedNode.children]
14:17:42,250 DEBUG SQL:104 - 
    delete 
    from
        NumberedNode
14:17:42,250 DEBUG BaseGeneralDataRegion:79 - evict cache[hibernate.test.org.hibernate.test.ops.NumberedNode]
14:17:42,250 DEBUG BaseGeneralDataRegion:79 - evict cache[hibernate.test.org.hibernate.test.ops.NumberedNode.children]
14:17:42,250 DEBUG BaseGeneralDataRegion:79 - evict cache[hibernate.test.org.hibernate.test.ops.NumberedNode]
14:17:42,250 DEBUG BaseGeneralDataRegion:79 - evict cache[hibernate.test.org.hibernate.test.ops.NumberedNode.children]
14:17:42,251 DEBUG BaseGeneralDataRegion:79 - evict cache[hibernate.test.org.hibernate.test.ops.NumberedNode]
14:17:42,251 DEBUG BaseGeneralDataRegion:79 - evict cache[hibernate.test.org.hibernate.test.ops.NumberedNode.children]
14:17:42,260  INFO CustomRunner:139 - Test: testSaveOrUpdateGot
14:17:42,262 DEBUG SQL:104 - 
    insert 
    into
        NumberedNode
        (id, name, description, created, parent) 
    values
        (null, ?, ?, ?, ?)
14:17:42,263 DEBUG BaseGeneralDataRegion:69 - Evicting[hibernate.test.org.hibernate.test.ops.NumberedNode.children]: org.hibernate.test.ops.NumberedNode.children#7
14:17:42,263 DEBUG BaseGeneralDataRegion:69 - Evicting[hibernate.test.org.hibernate.test.ops.NumberedNode.children]: org.hibernate.test.ops.NumberedNode.children#7
14:17:42,263 DEBUG SQL:104 - 
    update
        NumberedNode 
    set
        name=?,
        description=?,
        created=?,
        parent=? 
    where
        id=?
14:17:42,264 DEBUG BaseGeneralDataRegion:69 - Evicting[hibernate.test.org.hibernate.test.ops.NumberedNode]: org.hibernate.test.ops.NumberedNode#7
14:17:42,264 DEBUG BaseGeneralDataRegion:69 - Evicting[hibernate.test.org.hibernate.test.ops.NumberedNode]: org.hibernate.test.ops.NumberedNode#7
14:17:42,264 DEBUG BaseGeneralDataRegion:46 - Cache[hibernate.test.org.hibernate.test.ops.NumberedNode] lookup : key[org.hibernate.test.ops.NumberedNode#7]
14:17:42,264 DEBUG SQL:104 - 
    select
        numberedno0_.id as id1_0_,
        numberedno0_.name as name1_0_,
        numberedno0_.description as descript3_1_0_,
        numberedno0_.created as created1_0_,
        numberedno0_.parent as parent1_0_ 
    from
        NumberedNode numberedno0_ 
    where
        numberedno0_.id=?
14:17:42,273 DEBUG BaseRegionAccessStrategy:66 - Caching: org.hibernate.test.ops.NumberedNode#7
14:17:42,274 DEBUG BaseGeneralDataRegion:59 - Caching[hibernate.test.org.hibernate.test.ops.NumberedNode] : [org.hibernate.test.ops.NumberedNode#7] -> [CacheEntry(org.hibernate.test.ops.NumberedNode)[root,null,2013-02-28,null,7]]
14:17:42,274 DEBUG BaseGeneralDataRegion:46 - Cache[hibernate.test.org.hibernate.test.ops.NumberedNode.children] lookup : key[org.hibernate.test.ops.NumberedNode.children#7]
14:17:42,274 DEBUG SQL:104 - 
    select
        children0_.parent as parent1_1_,
        children0_.id as id1_1_,
        children0_.id as id1_0_,
        children0_.name as name1_0_,
        children0_.description as descript3_1_0_,
        children0_.created as created1_0_,
        children0_.parent as parent1_0_ 
    from
        NumberedNode children0_ 
    where
        children0_.parent=?
14:17:42,274 DEBUG BaseRegionAccessStrategy:66 - Caching: org.hibernate.test.ops.NumberedNode.children#7
14:17:42,274 DEBUG BaseGeneralDataRegion:59 - Caching[hibernate.test.org.hibernate.test.ops.NumberedNode.children] : [org.hibernate.test.ops.NumberedNode.children#7] -> [CollectionCacheEntry[]]
14:17:42,275 DEBUG SQL:104 - 
    insert 
    into
        NumberedNode
        (id, name, description, created, parent) 
    values
        (null, ?, ?, ?, ?)
14:17:42,276 DEBUG SQL:104 - 
    update
        NumberedNode 
    set
        name=?,
        description=?,
        created=?,
        parent=? 
    where
        id=?
14:17:42,276 DEBUG BaseGeneralDataRegion:69 - Evicting[hibernate.test.org.hibernate.test.ops.NumberedNode]: org.hibernate.test.ops.NumberedNode#7
14:17:42,276 DEBUG BaseGeneralDataRegion:69 - Evicting[hibernate.test.org.hibernate.test.ops.NumberedNode.children]: org.hibernate.test.ops.NumberedNode.children#7
14:17:42,276 DEBUG BaseGeneralDataRegion:69 - Evicting[hibernate.test.org.hibernate.test.ops.NumberedNode.children]: org.hibernate.test.ops.NumberedNode.children#8
14:17:42,276 DEBUG BaseGeneralDataRegion:69 - Evicting[hibernate.test.org.hibernate.test.ops.NumberedNode]: org.hibernate.test.ops.NumberedNode#7
14:17:42,276 DEBUG BaseGeneralDataRegion:69 - Evicting[hibernate.test.org.hibernate.test.ops.NumberedNode.children]: org.hibernate.test.ops.NumberedNode.children#7
14:17:42,276 DEBUG BaseGeneralDataRegion:69 - Evicting[hibernate.test.org.hibernate.test.ops.NumberedNode.children]: org.hibernate.test.ops.NumberedNode.children#8
14:17:42,277 DEBUG SQL:104 - 
    select
        count(*) as y0_ 
    from
        NumberedNode this_
14:17:42,277 DEBUG SQL:104 - 
    update
        NumberedNode 
    set
        name=?,
        description=?,
        created=?,
        parent=? 
    where
        id=?
14:17:42,313 DEBUG BaseGeneralDataRegion:69 - Evicting[hibernate.test.org.hibernate.test.ops.NumberedNode]: org.hibernate.test.ops.NumberedNode#8
14:17:42,314 DEBUG BaseGeneralDataRegion:69 - Evicting[hibernate.test.org.hibernate.test.ops.NumberedNode.children]: org.hibernate.test.ops.NumberedNode.children#7
14:17:42,314 DEBUG BaseGeneralDataRegion:69 - Evicting[hibernate.test.org.hibernate.test.ops.NumberedNode.children]: org.hibernate.test.ops.NumberedNode.children#8
14:17:42,314 DEBUG SQL:104 - 
    delete 
    from
        NumberedNode 
    where
        id=?
14:17:42,314 DEBUG BaseGeneralDataRegion:69 - Evicting[hibernate.test.org.hibernate.test.ops.NumberedNode]: org.hibernate.test.ops.NumberedNode#7
14:17:42,314 DEBUG SQL:104 - 
    delete 
    from
        NumberedNode 
    where
        id=?
14:17:42,315 DEBUG BaseGeneralDataRegion:69 - Evicting[hibernate.test.org.hibernate.test.ops.NumberedNode]: org.hibernate.test.ops.NumberedNode#8
14:17:42,315 DEBUG BaseGeneralDataRegion:69 - Evicting[hibernate.test.org.hibernate.test.ops.NumberedNode]: org.hibernate.test.ops.NumberedNode#8
14:17:42,315 DEBUG BaseGeneralDataRegion:69 - Evicting[hibernate.test.org.hibernate.test.ops.NumberedNode.children]: org.hibernate.test.ops.NumberedNode.children#7
14:17:42,315 DEBUG BaseGeneralDataRegion:69 - Evicting[hibernate.test.org.hibernate.test.ops.NumberedNode.children]: org.hibernate.test.ops.NumberedNode.children#8
14:17:42,315 DEBUG BaseGeneralDataRegion:69 - Evicting[hibernate.test.org.hibernate.test.ops.NumberedNode]: org.hibernate.test.ops.NumberedNode#7
14:17:42,315 DEBUG BaseGeneralDataRegion:69 - Evicting[hibernate.test.org.hibernate.test.ops.NumberedNode]: org.hibernate.test.ops.NumberedNode#8
14:17:42,316  INFO CustomRunner:139 - Test: testSaveOrUpdateGotWithMutableProp
14:17:42,316 DEBUG BaseGeneralDataRegion:46 - Cache[hibernate.test.org.hibernate.test.ops.Node] lookup : key[org.hibernate.test.ops.Node#root]
14:17:42,326 DEBUG SQL:104 - 
    select
        node_.name,
        node_.description as descript2_0_,
        node_.parent as parent0_,
        node_.created as created0_ 
    from
        Node node_ 
    where
        node_.name=?
14:17:42,326 DEBUG SQL:104 - 
    insert 
    into
        Node
        (description, parent, created, name) 
    values
        (?, ?, ?, ?)
14:17:42,327 DEBUG BaseGeneralDataRegion:69 - Evicting[hibernate.test.org.hibernate.test.ops.Node.children]: org.hibernate.test.ops.Node.children#root
14:17:42,327 DEBUG BaseGeneralDataRegion:69 - Evicting[hibernate.test.org.hibernate.test.ops.Node.cascadingChildren]: org.hibernate.test.ops.Node.cascadingChildren#root
14:17:42,327 DEBUG BaseGeneralDataRegion:69 - Evicting[hibernate.test.org.hibernate.test.ops.Node.children]: org.hibernate.test.ops.Node.children#root
14:17:42,327 DEBUG BaseGeneralDataRegion:69 - Evicting[hibernate.test.org.hibernate.test.ops.Node.cascadingChildren]: org.hibernate.test.ops.Node.cascadingChildren#root
14:17:42,327 DEBUG BaseGeneralDataRegion:46 - Cache[hibernate.test.org.hibernate.test.ops.Node] lookup : key[org.hibernate.test.ops.Node#root]
14:17:42,328 DEBUG SQL:104 - 
    select
        node_.name,
        node_.description as descript2_0_,
        node_.parent as parent0_,
        node_.created as created0_ 
    from
        Node node_ 
    where
        node_.name=?
14:17:42,336 DEBUG BaseGeneralDataRegion:46 - Cache[hibernate.test.org.hibernate.test.ops.Node] lookup : key[org.hibernate.test.ops.Node#root]
14:17:42,336 DEBUG SQL:104 - 
    select
        node0_.name as name0_0_,
        node0_.description as descript2_0_0_,
        node0_.parent as parent0_0_,
        node0_.created as created0_0_ 
    from
        Node node0_ 
    where
        node0_.name=?
14:17:42,345 DEBUG BaseRegionAccessStrategy:66 - Caching: org.hibernate.test.ops.Node#root
14:17:42,346 DEBUG BaseGeneralDataRegion:59 - Caching[hibernate.test.org.hibernate.test.ops.Node] : [org.hibernate.test.ops.Node#root] -> [CacheEntry(org.hibernate.test.ops.Node)[null,null,2013-02-28,root,root]]
14:17:42,346 DEBUG BaseGeneralDataRegion:46 - Cache[hibernate.test.org.hibernate.test.ops.Node.children] lookup : key[org.hibernate.test.ops.Node.children#root]
14:17:42,346 DEBUG SQL:104 - 
    select
        children0_.parent as parent0_1_,
        children0_.name as name0_1_,
        children0_.name as name0_0_,
        children0_.description as descript2_0_0_,
        children0_.parent as parent0_0_,
        children0_.created as created0_0_ 
    from
        Node children0_ 
    where
        children0_.parent=?
14:17:42,346 DEBUG BaseRegionAccessStrategy:66 - Caching: org.hibernate.test.ops.Node.children#root
14:17:42,347 DEBUG BaseGeneralDataRegion:59 - Caching[hibernate.test.org.hibernate.test.ops.Node.children] : [org.hibernate.test.ops.Node.children#root] -> [CollectionCacheEntry[]]
14:17:42,347 DEBUG BaseGeneralDataRegion:46 - Cache[hibernate.test.org.hibernate.test.ops.Node] lookup : key[org.hibernate.test.ops.Node#root]
14:17:42,347 DEBUG BaseGeneralDataRegion:52 - Cache[hibernate.test.org.hibernate.test.ops.Node] hit: org.hibernate.test.ops.Node#root
14:17:42,347 DEBUG BaseGeneralDataRegion:46 - Cache[hibernate.test.org.hibernate.test.ops.Node] lookup : key[org.hibernate.test.ops.Node#child]
14:17:42,347 DEBUG SQL:104 - 
    select
        node_.name,
        node_.description as descript2_0_,
        node_.parent as parent0_,
        node_.created as created0_ 
    from
        Node node_ 
    where
        node_.name=?
14:17:42,357 DEBUG SQL:104 - 
    insert 
    into
        Node
        (description, parent, created, name) 
    values
        (?, ?, ?, ?)
14:17:42,357 DEBUG SQL:104 - 
    update
        Node 
    set
        description=?,
        parent=?,
        created=? 
    where
        name=?
14:17:42,357 DEBUG BaseGeneralDataRegion:69 - Evicting[hibernate.test.org.hibernate.test.ops.Node]: org.hibernate.test.ops.Node#root
14:17:42,357 DEBUG BaseGeneralDataRegion:69 - Evicting[hibernate.test.org.hibernate.test.ops.Node.children]: org.hibernate.test.ops.Node.children#root
14:17:42,358 DEBUG BaseGeneralDataRegion:69 - Evicting[hibernate.test.org.hibernate.test.ops.Node.children]: org.hibernate.test.ops.Node.children#child
14:17:42,358 DEBUG BaseGeneralDataRegion:69 - Evicting[hibernate.test.org.hibernate.test.ops.Node.cascadingChildren]: org.hibernate.test.ops.Node.cascadingChildren#child
14:17:42,358 DEBUG BaseGeneralDataRegion:69 - Evicting[hibernate.test.org.hibernate.test.ops.Node]: org.hibernate.test.ops.Node#root
14:17:42,358 DEBUG BaseGeneralDataRegion:69 - Evicting[hibernate.test.org.hibernate.test.ops.Node.children]: org.hibernate.test.ops.Node.children#root
14:17:42,358 DEBUG BaseGeneralDataRegion:69 - Evicting[hibernate.test.org.hibernate.test.ops.Node.children]: org.hibernate.test.ops.Node.children#child
14:17:42,358 DEBUG BaseGeneralDataRegion:69 - Evicting[hibernate.test.org.hibernate.test.ops.Node.cascadingChildren]: org.hibernate.test.ops.Node.cascadingChildren#child
14:17:42,359 DEBUG SQL:104 - 
    select
        count(*) as y0_ 
    from
        Node this_
14:17:42,359 DEBUG BaseGeneralDataRegion:46 - Cache[hibernate.test.org.hibernate.test.ops.Node.cascadingChildren] lookup : key[org.hibernate.test.ops.Node.cascadingChildren#root]
14:17:42,359 DEBUG SQL:104 - 
    select
        cascadingc0_.CASC_PARENT as CASC5_0_1_,
        cascadingc0_.name as name0_1_,
        cascadingc0_.name as name0_0_,
        cascadingc0_.description as descript2_0_0_,
        cascadingc0_.parent as parent0_0_,
        cascadingc0_.created as created0_0_ 
    from
        Node cascadingc0_ 
    where
        cascadingc0_.CASC_PARENT=?
14:17:42,366 DEBUG SQL:104 - 
    update
        Node 
    set
        description=?,
        parent=?,
        created=? 
    where
        name=?
14:17:42,366 DEBUG BaseGeneralDataRegion:69 - Evicting[hibernate.test.org.hibernate.test.ops.Node]: org.hibernate.test.ops.Node#child
14:17:42,366 DEBUG BaseGeneralDataRegion:69 - Evicting[hibernate.test.org.hibernate.test.ops.Node.children]: org.hibernate.test.ops.Node.children#root
14:17:42,366 DEBUG BaseGeneralDataRegion:69 - Evicting[hibernate.test.org.hibernate.test.ops.Node.cascadingChildren]: org.hibernate.test.ops.Node.cascadingChildren#root
14:17:42,366 DEBUG BaseGeneralDataRegion:69 - Evicting[hibernate.test.org.hibernate.test.ops.Node.children]: org.hibernate.test.ops.Node.children#child
14:17:42,366 DEBUG BaseGeneralDataRegion:69 - Evicting[hibernate.test.org.hibernate.test.ops.Node.cascadingChildren]: org.hibernate.test.ops.Node.cascadingChildren#child
14:17:42,367 DEBUG SQL:104 - 
    delete 
    from
        Node 
    where
        name=?
14:17:42,376 DEBUG BaseGeneralDataRegion:69 - Evicting[hibernate.test.org.hibernate.test.ops.Node]: org.hibernate.test.ops.Node#root
14:17:42,377 DEBUG SQL:104 - 
    delete 
    from
        Node 
    where
        name=?
14:17:42,377 DEBUG BaseGeneralDataRegion:69 - Evicting[hibernate.test.org.hibernate.test.ops.Node]: org.hibernate.test.ops.Node#child
14:17:42,377 DEBUG BaseGeneralDataRegion:69 - Evicting[hibernate.test.org.hibernate.test.ops.Node]: org.hibernate.test.ops.Node#child
14:17:42,377 DEBUG BaseGeneralDataRegion:69 - Evicting[hibernate.test.org.hibernate.test.ops.Node.children]: org.hibernate.test.ops.Node.children#root
14:17:42,377 DEBUG BaseGeneralDataRegion:69 - Evicting[hibernate.test.org.hibernate.test.ops.Node.cascadingChildren]: org.hibernate.test.ops.Node.cascadingChildren#root
14:17:42,377 DEBUG BaseGeneralDataRegion:69 - Evicting[hibernate.test.org.hibernate.test.ops.Node.children]: org.hibernate.test.ops.Node.children#child
14:17:42,377 DEBUG BaseGeneralDataRegion:69 - Evicting[hibernate.test.org.hibernate.test.ops.Node.cascadingChildren]: org.hibernate.test.ops.Node.cascadingChildren#child
14:17:42,377 DEBUG BaseGeneralDataRegion:69 - Evicting[hibernate.test.org.hibernate.test.ops.Node]: org.hibernate.test.ops.Node#root
14:17:42,378 DEBUG BaseGeneralDataRegion:69 - Evicting[hibernate.test.org.hibernate.test.ops.Node]: org.hibernate.test.ops.Node#child
14:17:42,378  INFO CustomRunner:139 - Test: testSaveOrUpdateManaged
14:17:42,379 DEBUG SQL:104 - 
    insert 
    into
        NumberedNode
        (id, name, description, created, parent) 
    values
        (null, ?, ?, ?, ?)
14:17:42,380 DEBUG BaseGeneralDataRegion:69 - Evicting[hibernate.test.org.hibernate.test.ops.NumberedNode.children]: org.hibernate.test.ops.NumberedNode.children#9
14:17:42,380 DEBUG BaseGeneralDataRegion:69 - Evicting[hibernate.test.org.hibernate.test.ops.NumberedNode.children]: org.hibernate.test.ops.NumberedNode.children#9
14:17:42,386 DEBUG SQL:104 - 
    insert 
    into
        NumberedNode
        (id, name, description, created, parent) 
    values
        (null, ?, ?, ?, ?)
14:17:42,387 DEBUG BaseGeneralDataRegion:69 - Evicting[hibernate.test.org.hibernate.test.ops.NumberedNode.children]: org.hibernate.test.ops.NumberedNode.children#9
14:17:42,387 DEBUG BaseGeneralDataRegion:69 - Evicting[hibernate.test.org.hibernate.test.ops.NumberedNode.children]: org.hibernate.test.ops.NumberedNode.children#10
14:17:42,387 DEBUG BaseGeneralDataRegion:69 - Evicting[hibernate.test.org.hibernate.test.ops.NumberedNode.children]: org.hibernate.test.ops.NumberedNode.children#9
14:17:42,387 DEBUG BaseGeneralDataRegion:69 - Evicting[hibernate.test.org.hibernate.test.ops.NumberedNode.children]: org.hibernate.test.ops.NumberedNode.children#10
14:17:42,387 DEBUG SQL:104 - 
    select
        count(*) as y0_ 
    from
        NumberedNode this_
14:17:42,388 DEBUG SQL:104 - 
    update
        NumberedNode 
    set
        name=?,
        description=?,
        created=?,
        parent=? 
    where
        id=?
14:17:42,388 DEBUG BaseGeneralDataRegion:69 - Evicting[hibernate.test.org.hibernate.test.ops.NumberedNode]: org.hibernate.test.ops.NumberedNode#10
14:17:42,388 DEBUG BaseGeneralDataRegion:69 - Evicting[hibernate.test.org.hibernate.test.ops.NumberedNode.children]: org.hibernate.test.ops.NumberedNode.children#9
14:17:42,388 DEBUG BaseGeneralDataRegion:69 - Evicting[hibernate.test.org.hibernate.test.ops.NumberedNode.children]: org.hibernate.test.ops.NumberedNode.children#10
14:17:42,389 DEBUG SQL:104 - 
    delete 
    from
        NumberedNode 
    where
        id=?
14:17:42,397 DEBUG BaseGeneralDataRegion:69 - Evicting[hibernate.test.org.hibernate.test.ops.NumberedNode]: org.hibernate.test.ops.NumberedNode#9
14:17:42,397 DEBUG SQL:104 - 
    delete 
    from
        NumberedNode 
    where
        id=?
14:17:42,397 DEBUG BaseGeneralDataRegion:69 - Evicting[hibernate.test.org.hibernate.test.ops.NumberedNode]: org.hibernate.test.ops.NumberedNode#10
14:17:42,397 DEBUG BaseGeneralDataRegion:69 - Evicting[hibernate.test.org.hibernate.test.ops.NumberedNode]: org.hibernate.test.ops.NumberedNode#10
14:17:42,398 DEBUG BaseGeneralDataRegion:69 - Evicting[hibernate.test.org.hibernate.test.ops.NumberedNode.children]: org.hibernate.test.ops.NumberedNode.children#9
14:17:42,398 DEBUG BaseGeneralDataRegion:69 - Evicting[hibernate.test.org.hibernate.test.ops.NumberedNode.children]: org.hibernate.test.ops.NumberedNode.children#10
14:17:42,398 DEBUG BaseGeneralDataRegion:69 - Evicting[hibernate.test.org.hibernate.test.ops.NumberedNode]: org.hibernate.test.ops.NumberedNode#9
14:17:42,398 DEBUG BaseGeneralDataRegion:69 - Evicting[hibernate.test.org.hibernate.test.ops.NumberedNode]: org.hibernate.test.ops.NumberedNode#10
14:17:42,398  INFO CustomRunner:139 - Test: testSaveOrUpdateTree
14:17:42,399 DEBUG BaseGeneralDataRegion:46 - Cache[hibernate.test.org.hibernate.test.ops.Node] lookup : key[org.hibernate.test.ops.Node#root]
14:17:42,399 DEBUG SQL:104 - 
    select
        node_.name,
        node_.description as descript2_0_,
        node_.parent as parent0_,
        node_.created as created0_ 
    from
        Node node_ 
    where
        node_.name=?
14:17:42,400 DEBUG BaseGeneralDataRegion:46 - Cache[hibernate.test.org.hibernate.test.ops.Node] lookup : key[org.hibernate.test.ops.Node#child]
14:17:42,400 DEBUG SQL:104 - 
    select
        node_.name,
        node_.description as descript2_0_,
        node_.parent as parent0_,
        node_.created as created0_ 
    from
        Node node_ 
    where
        node_.name=?
14:17:42,400 DEBUG SQL:104 - 
    insert 
    into
        Node
        (description, parent, created, name) 
    values
        (?, ?, ?, ?)
14:17:42,401 DEBUG SQL:104 - 
    insert 
    into
        Node
        (description, parent, created, name) 
    values
        (?, ?, ?, ?)
14:17:42,401 DEBUG BaseGeneralDataRegion:69 - Evicting[hibernate.test.org.hibernate.test.ops.Node.children]: org.hibernate.test.ops.Node.children#root
14:17:42,401 DEBUG BaseGeneralDataRegion:69 - Evicting[hibernate.test.org.hibernate.test.ops.Node.cascadingChildren]: org.hibernate.test.ops.Node.cascadingChildren#root
14:17:42,401 DEBUG BaseGeneralDataRegion:69 - Evicting[hibernate.test.org.hibernate.test.ops.Node.children]: org.hibernate.test.ops.Node.children#child
14:17:42,411 DEBUG BaseGeneralDataRegion:69 - Evicting[hibernate.test.org.hibernate.test.ops.Node.cascadingChildren]: org.hibernate.test.ops.Node.cascadingChildren#child
14:17:42,411 DEBUG BaseGeneralDataRegion:69 - Evicting[hibernate.test.org.hibernate.test.ops.Node.children]: org.hibernate.test.ops.Node.children#root
14:17:42,412 DEBUG BaseGeneralDataRegion:69 - Evicting[hibernate.test.org.hibernate.test.ops.Node.cascadingChildren]: org.hibernate.test.ops.Node.cascadingChildren#root
14:17:42,412 DEBUG BaseGeneralDataRegion:69 - Evicting[hibernate.test.org.hibernate.test.ops.Node.children]: org.hibernate.test.ops.Node.children#child
14:17:42,412 DEBUG BaseGeneralDataRegion:69 - Evicting[hibernate.test.org.hibernate.test.ops.Node.cascadingChildren]: org.hibernate.test.ops.Node.cascadingChildren#child
14:17:42,412 DEBUG BaseGeneralDataRegion:46 - Cache[hibernate.test.org.hibernate.test.ops.Node] lookup : key[org.hibernate.test.ops.Node#root]
14:17:42,412 DEBUG SQL:104 - 
    select
        node_.name,
        node_.description as descript2_0_,
        node_.parent as parent0_,
        node_.created as created0_ 
    from
        Node node_ 
    where
        node_.name=?
14:17:42,413 DEBUG BaseGeneralDataRegion:46 - Cache[hibernate.test.org.hibernate.test.ops.Node] lookup : key[org.hibernate.test.ops.Node#second child]
14:17:42,413 DEBUG SQL:104 - 
    select
        node_.name,
        node_.description as descript2_0_,
        node_.parent as parent0_,
        node_.created as created0_ 
    from
        Node node_ 
    where
        node_.name=?
14:17:42,413 DEBUG BaseGeneralDataRegion:46 - Cache[hibernate.test.org.hibernate.test.ops.Node] lookup : key[org.hibernate.test.ops.Node#child]
14:17:42,413 DEBUG SQL:104 - 
    select
        node_.name,
        node_.description as descript2_0_,
        node_.parent as parent0_,
        node_.created as created0_ 
    from
        Node node_ 
    where
        node_.name=?
14:17:42,424 DEBUG SQL:104 - 
    insert 
    into
        Node
        (description, parent, created, name) 
    values
        (?, ?, ?, ?)
14:17:42,425 DEBUG SQL:104 - 
    update
        Node 
    set
        description=?,
        parent=?,
        created=? 
    where
        name=?
14:17:42,425 DEBUG BaseGeneralDataRegion:69 - Evicting[hibernate.test.org.hibernate.test.ops.Node]: org.hibernate.test.ops.Node#root
14:17:42,425 DEBUG SQL:104 - 
    update
        Node 
    set
        description=?,
        parent=?,
        created=? 
    where
        name=?
14:17:42,425 DEBUG BaseGeneralDataRegion:69 - Evicting[hibernate.test.org.hibernate.test.ops.Node]: org.hibernate.test.ops.Node#child
14:17:42,425 DEBUG BaseGeneralDataRegion:69 - Evicting[hibernate.test.org.hibernate.test.ops.Node.children]: org.hibernate.test.ops.Node.children#root
14:17:42,425 DEBUG BaseGeneralDataRegion:69 - Evicting[hibernate.test.org.hibernate.test.ops.Node.children]: org.hibernate.test.ops.Node.children#second child
14:17:42,426 DEBUG BaseGeneralDataRegion:69 - Evicting[hibernate.test.org.hibernate.test.ops.Node.cascadingChildren]: org.hibernate.test.ops.Node.cascadingChildren#second child
14:17:42,426 DEBUG BaseGeneralDataRegion:69 - Evicting[hibernate.test.org.hibernate.test.ops.Node]: org.hibernate.test.ops.Node#root
14:17:42,426 DEBUG BaseGeneralDataRegion:69 - Evicting[hibernate.test.org.hibernate.test.ops.Node]: org.hibernate.test.ops.Node#child
14:17:42,426 DEBUG BaseGeneralDataRegion:69 - Evicting[hibernate.test.org.hibernate.test.ops.Node.children]: org.hibernate.test.ops.Node.children#root
14:17:42,426 DEBUG BaseGeneralDataRegion:69 - Evicting[hibernate.test.org.hibernate.test.ops.Node.children]: org.hibernate.test.ops.Node.children#second child
14:17:42,426 DEBUG BaseGeneralDataRegion:69 - Evicting[hibernate.test.org.hibernate.test.ops.Node.cascadingChildren]: org.hibernate.test.ops.Node.cascadingChildren#second child
14:17:42,427 DEBUG QueryTranslatorImpl:265 - parse() - HQL: delete from org.hibernate.test.ops.Node where parent is not null
14:17:42,450 DEBUG QueryTranslatorImpl:283 - --- HQL AST ---
 \-[DELETE] Node: 'delete'
    +-[FROM] Node: 'FROM'
    |  \-[RANGE] Node: 'RANGE'
    |     \-[DOT] Node: '.'
    |        +-[DOT] Node: '.'
    |        |  +-[DOT] Node: '.'
    |        |  |  +-[DOT] Node: '.'
    |        |  |  |  +-[IDENT] Node: 'org'
    |        |  |  |  \-[IDENT] Node: 'hibernate'
    |        |  |  \-[IDENT] Node: 'test'
    |        |  \-[IDENT] Node: 'ops'
    |        \-[IDENT] Node: 'Node'
    \-[WHERE] Node: 'where'
       \-[IS_NOT_NULL] Node: 'is not null'
          \-[IDENT] Node: 'parent'

14:17:42,450 DEBUG ErrorCounter:82 - throwQueryException() : no errors
14:17:42,451 DEBUG FromElement:157 - FromClause{level=1} : org.hibernate.test.ops.Node (<no alias>) -> node0_
14:17:42,451 DEBUG FromReferenceNode:74 - Resolved : {synthetic-alias} -> {synthetic-alias}
14:17:42,451 DEBUG DotNode:599 - getDataType() : parent -> org.hibernate.type.ManyToOneType(org.hibernate.test.ops.Node)
14:17:42,451 DEBUG DotNode:562 - dereferenceShortcut() : property parent in org.hibernate.test.ops.Node does not require a join.
14:17:42,451 DEBUG DotNode:588 - Terminal propertyPath = [parent]
14:17:42,451 DEBUG FromReferenceNode:74 - Resolved : {synthetic-alias}.parent -> parent
14:17:42,451 DEBUG QueryTranslatorImpl:252 - --- SQL AST ---
 \-[DELETE] DeleteStatement: 'delete'  querySpaces (Node)
    +-[FROM] FromClause: 'FROM' FromClause{level=1, fromElementCounter=1, fromElements=1, fromElementByClassAlias=[], fromElementByTableAlias=[node0_], fromElementsByPath=[], collectionJoinFromElementsByPath=[], impliedElements=[]}
    |  \-[FROM_FRAGMENT] FromElement: 'Node' FromElement{explicit,not a collection join,not a fetch join,fetch non-lazy properties,classAlias=null,role=null,tableName=Node,tableAlias=node0_,origin=null,columns={,className=org.hibernate.test.ops.Node}}
    \-[WHERE] SqlNode: 'where'
       \-[IS_NOT_NULL] IsNotNullLogicOperatorNode: 'is not null'
          \-[DOT] DotNode: 'parent' {propertyName=parent,dereferenceType=0,propertyPath=parent,path={synthetic-alias}.parent,tableAlias=node0_,className=org.hibernate.test.ops.Node,classAlias=null}
             +-[IDENT] IdentNode: '{synthetic-alias}' {originalText={synthetic-alias}}
             \-[IDENT] IdentNode: 'parent' {originalText=parent}

14:17:42,463 DEBUG ErrorCounter:82 - throwQueryException() : no errors
14:17:42,463 DEBUG ErrorCounter:82 - throwQueryException() : no errors
14:17:42,464 DEBUG BaseGeneralDataRegion:79 - evict cache[hibernate.test.org.hibernate.test.ops.Node]
14:17:42,464 DEBUG BaseGeneralDataRegion:79 - evict cache[hibernate.test.org.hibernate.test.ops.Node.children]
14:17:42,464 DEBUG BaseGeneralDataRegion:79 - evict cache[hibernate.test.org.hibernate.test.ops.Node.cascadingChildren]
14:17:42,464 DEBUG SQL:104 - 
    delete 
    from
        Node 
    where
        parent is not null
14:17:42,465 DEBUG QueryTranslatorImpl:265 - parse() - HQL: delete from org.hibernate.test.ops.Node
14:17:42,465 DEBUG QueryTranslatorImpl:283 - --- HQL AST ---
 \-[DELETE] Node: 'delete'
    \-[FROM] Node: 'FROM'
       \-[RANGE] Node: 'RANGE'
          \-[DOT] Node: '.'
             +-[DOT] Node: '.'
             |  +-[DOT] Node: '.'
             |  |  +-[DOT] Node: '.'
             |  |  |  +-[IDENT] Node: 'org'
             |  |  |  \-[IDENT] Node: 'hibernate'
             |  |  \-[IDENT] Node: 'test'
             |  \-[IDENT] Node: 'ops'
             \-[IDENT] Node: 'Node'

14:17:42,474 DEBUG ErrorCounter:82 - throwQueryException() : no errors
14:17:42,474 DEBUG FromElement:157 - FromClause{level=1} : org.hibernate.test.ops.Node (<no alias>) -> node0_
14:17:42,475 DEBUG QueryTranslatorImpl:252 - --- SQL AST ---
 \-[DELETE] DeleteStatement: 'delete'  querySpaces (Node)
    \-[FROM] FromClause: 'FROM' FromClause{level=1, fromElementCounter=1, fromElements=1, fromElementByClassAlias=[], fromElementByTableAlias=[node0_], fromElementsByPath=[], collectionJoinFromElementsByPath=[], impliedElements=[]}
       \-[FROM_FRAGMENT] FromElement: 'Node' FromElement{explicit,not a collection join,not a fetch join,fetch non-lazy properties,classAlias=null,role=null,tableName=Node,tableAlias=node0_,origin=null,columns={,className=org.hibernate.test.ops.Node}}

14:17:42,475 DEBUG ErrorCounter:82 - throwQueryException() : no errors
14:17:42,475 DEBUG ErrorCounter:82 - throwQueryException() : no errors
14:17:42,475 DEBUG BaseGeneralDataRegion:79 - evict cache[hibernate.test.org.hibernate.test.ops.Node]
14:17:42,475 DEBUG BaseGeneralDataRegion:79 - evict cache[hibernate.test.org.hibernate.test.ops.Node.children]
14:17:42,475 DEBUG BaseGeneralDataRegion:79 - evict cache[hibernate.test.org.hibernate.test.ops.Node.cascadingChildren]
14:17:42,475 DEBUG SQL:104 - 
    delete 
    from
        Node
14:17:42,476 DEBUG BaseGeneralDataRegion:79 - evict cache[hibernate.test.org.hibernate.test.ops.Node]
14:17:42,476 DEBUG BaseGeneralDataRegion:79 - evict cache[hibernate.test.org.hibernate.test.ops.Node.cascadingChildren]
14:17:42,476 DEBUG BaseGeneralDataRegion:79 - evict cache[hibernate.test.org.hibernate.test.ops.Node.children]
14:17:42,476 DEBUG BaseGeneralDataRegion:79 - evict cache[hibernate.test.org.hibernate.test.ops.Node]
14:17:42,476 DEBUG BaseGeneralDataRegion:79 - evict cache[hibernate.test.org.hibernate.test.ops.Node.cascadingChildren]
14:17:42,476 DEBUG BaseGeneralDataRegion:79 - evict cache[hibernate.test.org.hibernate.test.ops.Node.children]
14:17:42,476  INFO CustomRunner:139 - Test: testSaveOrUpdateTreeWithGeneratedId
14:17:42,477 DEBUG SQL:104 - 
    insert 
    into
        NumberedNode
        (id, name, description, created, parent) 
    values
        (null, ?, ?, ?, ?)
14:17:42,485 DEBUG SQL:104 - 
    insert 
    into
        NumberedNode
        (id, name, description, created, parent) 
    values
        (null, ?, ?, ?, ?)
14:17:42,486 DEBUG BaseGeneralDataRegion:69 - Evicting[hibernate.test.org.hibernate.test.ops.NumberedNode.children]: org.hibernate.test.ops.NumberedNode.children#11
14:17:42,486 DEBUG BaseGeneralDataRegion:69 - Evicting[hibernate.test.org.hibernate.test.ops.NumberedNode.children]: org.hibernate.test.ops.NumberedNode.children#12
14:17:42,486 DEBUG BaseGeneralDataRegion:69 - Evicting[hibernate.test.org.hibernate.test.ops.NumberedNode.children]: org.hibernate.test.ops.NumberedNode.children#11
14:17:42,486 DEBUG BaseGeneralDataRegion:69 - Evicting[hibernate.test.org.hibernate.test.ops.NumberedNode.children]: org.hibernate.test.ops.NumberedNode.children#12
14:17:42,487 DEBUG SQL:104 - 
    insert 
    into
        NumberedNode
        (id, name, description, created, parent) 
    values
        (null, ?, ?, ?, ?)
14:17:42,487 DEBUG SQL:104 - 
    update
        NumberedNode 
    set
        name=?,
        description=?,
        created=?,
        parent=? 
    where
        id=?
14:17:42,494 DEBUG BaseGeneralDataRegion:69 - Evicting[hibernate.test.org.hibernate.test.ops.NumberedNode]: org.hibernate.test.ops.NumberedNode#11
14:17:42,495 DEBUG SQL:104 - 
    update
        NumberedNode 
    set
        name=?,
        description=?,
        created=?,
        parent=? 
    where
        id=?
14:17:42,495 DEBUG BaseGeneralDataRegion:69 - Evicting[hibernate.test.org.hibernate.test.ops.NumberedNode]: org.hibernate.test.ops.NumberedNode#12
14:17:42,495 DEBUG BaseGeneralDataRegion:69 - Evicting[hibernate.test.org.hibernate.test.ops.NumberedNode.children]: org.hibernate.test.ops.NumberedNode.children#11
14:17:42,495 DEBUG BaseGeneralDataRegion:69 - Evicting[hibernate.test.org.hibernate.test.ops.NumberedNode.children]: org.hibernate.test.ops.NumberedNode.children#13
14:17:42,495 DEBUG BaseGeneralDataRegion:69 - Evicting[hibernate.test.org.hibernate.test.ops.NumberedNode]: org.hibernate.test.ops.NumberedNode#11
14:17:42,495 DEBUG BaseGeneralDataRegion:69 - Evicting[hibernate.test.org.hibernate.test.ops.NumberedNode]: org.hibernate.test.ops.NumberedNode#12
14:17:42,495 DEBUG BaseGeneralDataRegion:69 - Evicting[hibernate.test.org.hibernate.test.ops.NumberedNode.children]: org.hibernate.test.ops.NumberedNode.children#11
14:17:42,496 DEBUG BaseGeneralDataRegion:69 - Evicting[hibernate.test.org.hibernate.test.ops.NumberedNode.children]: org.hibernate.test.ops.NumberedNode.children#13
14:17:42,496 DEBUG QueryTranslatorImpl:265 - parse() - HQL: delete from org.hibernate.test.ops.NumberedNode where parent is not null
14:17:42,497 DEBUG QueryTranslatorImpl:283 - --- HQL AST ---
 \-[DELETE] Node: 'delete'
    +-[FROM] Node: 'FROM'
    |  \-[RANGE] Node: 'RANGE'
    |     \-[DOT] Node: '.'
    |        +-[DOT] Node: '.'
    |        |  +-[DOT] Node: '.'
    |        |  |  +-[DOT] Node: '.'
    |        |  |  |  +-[IDENT] Node: 'org'
    |        |  |  |  \-[IDENT] Node: 'hibernate'
    |        |  |  \-[IDENT] Node: 'test'
    |        |  \-[IDENT] Node: 'ops'
    |        \-[IDENT] Node: 'NumberedNode'
    \-[WHERE] Node: 'where'
       \-[IS_NOT_NULL] Node: 'is not null'
          \-[IDENT] Node: 'parent'

14:17:42,505 DEBUG ErrorCounter:82 - throwQueryException() : no errors
14:17:42,505 DEBUG FromElement:157 - FromClause{level=1} : org.hibernate.test.ops.NumberedNode (<no alias>) -> numberedno0_
14:17:42,506 DEBUG FromReferenceNode:74 - Resolved : {synthetic-alias} -> {synthetic-alias}
14:17:42,506 DEBUG DotNode:599 - getDataType() : parent -> org.hibernate.type.ManyToOneType(org.hibernate.test.ops.NumberedNode)
14:17:42,506 DEBUG DotNode:562 - dereferenceShortcut() : property parent in org.hibernate.test.ops.NumberedNode does not require a join.
14:17:42,506 DEBUG DotNode:588 - Terminal propertyPath = [parent]
14:17:42,506 DEBUG FromReferenceNode:74 - Resolved : {synthetic-alias}.parent -> parent
14:17:42,507 DEBUG QueryTranslatorImpl:252 - --- SQL AST ---
 \-[DELETE] DeleteStatement: 'delete'  querySpaces (NumberedNode)
    +-[FROM] FromClause: 'FROM' FromClause{level=1, fromElementCounter=1, fromElements=1, fromElementByClassAlias=[], fromElementByTableAlias=[numberedno0_], fromElementsByPath=[], collectionJoinFromElementsByPath=[], impliedElements=[]}
    |  \-[FROM_FRAGMENT] FromElement: 'NumberedNode' FromElement{explicit,not a collection join,not a fetch join,fetch non-lazy properties,classAlias=null,role=null,tableName=NumberedNode,tableAlias=numberedno0_,origin=null,columns={,className=org.hibernate.test.ops.NumberedNode}}
    \-[WHERE] SqlNode: 'where'
       \-[IS_NOT_NULL] IsNotNullLogicOperatorNode: 'is not null'
          \-[DOT] DotNode: 'parent' {propertyName=parent,dereferenceType=0,propertyPath=parent,path={synthetic-alias}.parent,tableAlias=numberedno0_,className=org.hibernate.test.ops.NumberedNode,classAlias=null}
             +-[IDENT] IdentNode: '{synthetic-alias}' {originalText={synthetic-alias}}
             \-[IDENT] IdentNode: 'parent' {originalText=parent}

14:17:42,507 DEBUG ErrorCounter:82 - throwQueryException() : no errors
14:17:42,507 DEBUG ErrorCounter:82 - throwQueryException() : no errors
14:17:42,507 DEBUG BaseGeneralDataRegion:79 - evict cache[hibernate.test.org.hibernate.test.ops.NumberedNode]
14:17:42,515 DEBUG BaseGeneralDataRegion:79 - evict cache[hibernate.test.org.hibernate.test.ops.NumberedNode.children]
14:17:42,515 DEBUG SQL:104 - 
    delete 
    from
        NumberedNode 
    where
        parent is not null
14:17:42,516 DEBUG BaseGeneralDataRegion:79 - evict cache[hibernate.test.org.hibernate.test.ops.NumberedNode]
14:17:42,516 DEBUG BaseGeneralDataRegion:79 - evict cache[hibernate.test.org.hibernate.test.ops.NumberedNode.children]
14:17:42,516 DEBUG SQL:104 - 
    delete 
    from
        NumberedNode
14:17:42,516 DEBUG BaseGeneralDataRegion:79 - evict cache[hibernate.test.org.hibernate.test.ops.NumberedNode]
14:17:42,516 DEBUG BaseGeneralDataRegion:79 - evict cache[hibernate.test.org.hibernate.test.ops.NumberedNode.children]
14:17:42,516 DEBUG BaseGeneralDataRegion:79 - evict cache[hibernate.test.org.hibernate.test.ops.NumberedNode]
14:17:42,516 DEBUG BaseGeneralDataRegion:79 - evict cache[hibernate.test.org.hibernate.test.ops.NumberedNode.children]
14:17:42,517  INFO CustomRunner:139 - Test: testSavePersistentEntityWithUpdate
14:17:42,518 DEBUG SQL:104 - 
    insert 
    into
        NumberedNode
        (id, name, description, created, parent) 
    values
        (null, ?, ?, ?, ?)
14:17:42,518 DEBUG BaseGeneralDataRegion:69 - Evicting[hibernate.test.org.hibernate.test.ops.NumberedNode.children]: org.hibernate.test.ops.NumberedNode.children#14
14:17:42,518 DEBUG BaseGeneralDataRegion:69 - Evicting[hibernate.test.org.hibernate.test.ops.NumberedNode.children]: org.hibernate.test.ops.NumberedNode.children#14
14:17:42,519 DEBUG BaseGeneralDataRegion:46 - Cache[hibernate.test.org.hibernate.test.ops.NumberedNode] lookup : key[org.hibernate.test.ops.NumberedNode#14]
14:17:42,519 DEBUG SQL:104 - 
    select
        numberedno0_.id as id1_0_,
        numberedno0_.name as name1_0_,
        numberedno0_.description as descript3_1_0_,
        numberedno0_.created as created1_0_,
        numberedno0_.parent as parent1_0_ 
    from
        NumberedNode numberedno0_ 
    where
        numberedno0_.id=?
14:17:42,527 DEBUG BaseRegionAccessStrategy:66 - Caching: org.hibernate.test.ops.NumberedNode#14
14:17:42,527 DEBUG BaseGeneralDataRegion:59 - Caching[hibernate.test.org.hibernate.test.ops.NumberedNode] : [org.hibernate.test.ops.NumberedNode#14] -> [CacheEntry(org.hibernate.test.ops.NumberedNode)[a name,null,2013-02-28,null,14]]
14:17:42,528 DEBUG SQL:104 - 
    update
        NumberedNode 
    set
        name=?,
        description=?,
        created=?,
        parent=? 
    where
        id=?
14:17:42,528 DEBUG BaseGeneralDataRegion:69 - Evicting[hibernate.test.org.hibernate.test.ops.NumberedNode]: org.hibernate.test.ops.NumberedNode#14
14:17:42,528 DEBUG BaseGeneralDataRegion:69 - Evicting[hibernate.test.org.hibernate.test.ops.NumberedNode]: org.hibernate.test.ops.NumberedNode#14
14:17:42,528 DEBUG BaseGeneralDataRegion:46 - Cache[hibernate.test.org.hibernate.test.ops.NumberedNode] lookup : key[org.hibernate.test.ops.NumberedNode#14]
14:17:42,528 DEBUG SQL:104 - 
    select
        numberedno0_.id as id1_0_,
        numberedno0_.name as name1_0_,
        numberedno0_.description as descript3_1_0_,
        numberedno0_.created as created1_0_,
        numberedno0_.parent as parent1_0_ 
    from
        NumberedNode numberedno0_ 
    where
        numberedno0_.id=?
14:17:42,529 DEBUG BaseRegionAccessStrategy:66 - Caching: org.hibernate.test.ops.NumberedNode#14
14:17:42,529 DEBUG BaseGeneralDataRegion:59 - Caching[hibernate.test.org.hibernate.test.ops.NumberedNode] : [org.hibernate.test.ops.NumberedNode#14] -> [CacheEntry(org.hibernate.test.ops.NumberedNode)[a new name,null,2013-02-28,null,14]]
14:17:42,529 DEBUG BaseGeneralDataRegion:69 - Evicting[hibernate.test.org.hibernate.test.ops.NumberedNode.children]: org.hibernate.test.ops.NumberedNode.children#14
14:17:42,529 DEBUG SQL:104 - 
    delete 
    from
        NumberedNode 
    where
        id=?
14:17:42,529 DEBUG BaseGeneralDataRegion:69 - Evicting[hibernate.test.org.hibernate.test.ops.NumberedNode]: org.hibernate.test.ops.NumberedNode#14
14:17:42,530 DEBUG BaseGeneralDataRegion:69 - Evicting[hibernate.test.org.hibernate.test.ops.NumberedNode.children]: org.hibernate.test.ops.NumberedNode.children#14
14:17:42,530 DEBUG BaseGeneralDataRegion:69 - Evicting[hibernate.test.org.hibernate.test.ops.NumberedNode]: org.hibernate.test.ops.NumberedNode#14
14:17:42,530  INFO SchemaExport:343 - HHH000227: Running hbm2ddl schema export
14:17:42,531 DEBUG SchemaExport:353 - Import file not found: /import.sql
14:17:42,531 DEBUG SQL:104 - 
    alter table Node 
        drop constraint FK252222973190BE
14:17:42,531 DEBUG SQL:104 - 
    alter table Node 
        drop constraint FK25222223B8C2EF
14:17:42,532 DEBUG SQL:104 - 
    alter table NumberedNode 
        drop constraint FK667A9BEA3502F886
14:17:42,552 DEBUG SQL:104 - 
    drop table Node if exists
14:17:42,553 DEBUG SQL:104 - 
    drop table NumberedNode if exists
14:17:42,553  INFO SchemaExport:405 - HHH000230: Schema export complete
14:17:42,553  INFO DriverManagerConnectionProviderImpl:162 - HHH000030: Cleaning up connection pool [jdbc:h2:mem:db1;DB_CLOSE_DELAY=-1;MVCC=TRUE]
]]></system-out>
  <system-err><![CDATA[]]></system-err>
</testsuite>
