<?xml version="1.0" encoding="UTF-8"?>
<testsuite errors="0" failures="0" hostname="dhcp-10.15.208.168.stl.redhat.com" name="org.hibernate.test.collection.idbag.PersistentIdBagTest" tests="1" time="0.098" timestamp="2013-02-28T20:11:56">
  <properties />
  <testcase classname="org.hibernate.test.collection.idbag.PersistentIdBagTest" name="testWriteMethodDirtying" time="0.036" />
  <system-out><![CDATA[14:11:56,097  INFO CustomRunner:132 - BeforeClass: org.hibernate.test.collection.idbag.PersistentIdBagTest
14:11:56,100  INFO Configuration:706 - HHH000221: Reading mappings from resource: org/hibernate/test/collection/idbag/Mappings.hbm.xml
14:11:56,113  INFO DriverManagerConnectionProviderImpl:99 - HHH000402: Using Hibernate built-in connection pool (not for production use!)
14:11:56,113  INFO DriverManagerConnectionProviderImpl:135 - HHH000115: Hibernate connection pool size: 5
14:11:56,114  INFO DriverManagerConnectionProviderImpl:138 - HHH000006: Autocommit mode: false
14:11:56,114  INFO DriverManagerConnectionProviderImpl:153 - HHH000401: using driver [org.h2.Driver] at URL [jdbc:h2:mem:db1;DB_CLOSE_DELAY=-1;MVCC=TRUE]
14:11:56,114  INFO DriverManagerConnectionProviderImpl:158 - HHH000046: Connection properties: {user=sa}
14:11:56,115  INFO Dialect:103 - HHH000400: Using dialect: org.hibernate.dialect.H2Dialect
14:11:56,116  INFO LobCreatorBuilder:94 - HHH000423: Disabling contextual LOB creation as JDBC driver reported JDBC version [3] less than 4
14:11:56,116  INFO TransactionFactoryInitiator:66 - HHH000399: Using default transaction strategy (direct JDBC transactions)
14:11:56,116  INFO ASTQueryTranslatorFactory:48 - HHH000397: Using ASTQueryTranslatorFactory
14:11:56,117  WARN CachingRegionFactory:58 - CachingRegionFactory should be only used for testing.
14:11:56,126  INFO SchemaExport:343 - HHH000227: Running hbm2ddl schema export
14:11:56,127 DEBUG SchemaExport:353 - Import file not found: /import.sql
14:11:56,127 DEBUG SQL:104 - 
    alter table idbag_owner_children 
        drop constraint FK4DE7737D9F081169
14:11:56,127 ERROR SchemaExport:425 - HHH000389: Unsuccessful: alter table idbag_owner_children drop constraint FK4DE7737D9F081169
14:11:56,127 ERROR SchemaExport:426 - Table "IDBAG_OWNER_CHILDREN" not found; SQL statement:

    alter table idbag_owner_children 
        drop constraint FK4DE7737D9F081169 [42102-145]
14:11:56,128 DEBUG SQL:104 - 
    alter table idbag_owner_children 
        drop constraint FK4DE7737DB784AB1B
14:11:56,128 ERROR SchemaExport:425 - HHH000389: Unsuccessful: alter table idbag_owner_children drop constraint FK4DE7737DB784AB1B
14:11:56,128 ERROR SchemaExport:426 - Table "IDBAG_OWNER_CHILDREN" not found; SQL statement:

    alter table idbag_owner_children 
        drop constraint FK4DE7737DB784AB1B [42102-145]
14:11:56,130 DEBUG SQL:104 - 
    drop table IdbagOwner if exists
14:11:56,131 DEBUG SQL:104 - 
    drop table idbag_owner_children if exists
14:11:56,131 DEBUG SQL:104 - 
    create table IdbagOwner (
        NAME varchar(255) not null,
        primary key (NAME)
    )
14:11:56,132 DEBUG SQL:104 - 
    create table idbag_owner_children (
        PARENT_FK varchar(255) not null,
        CHILD_FK varchar(255) not null,
        CHILD bigint not null,
        primary key (CHILD)
    )
14:11:56,133 DEBUG SQL:104 - 
    alter table idbag_owner_children 
        add constraint FK4DE7737D9F081169 
        foreign key (CHILD_FK) 
        references IdbagOwner
14:11:56,133 DEBUG SQL:104 - 
    alter table idbag_owner_children 
        add constraint FK4DE7737DB784AB1B 
        foreign key (PARENT_FK) 
        references IdbagOwner
14:11:56,134  INFO SchemaExport:405 - HHH000230: Schema export complete
14:11:56,135  WARN SessionFactoryImpl:1554 - HHH000008: JTASessionContext being used with JDBCTransactionFactory; auto-flush will not operate correctly with getCurrentSession()
14:11:56,135  INFO CustomRunner:139 - Test: testWriteMethodDirtying
14:11:56,140 DEBUG SQL:104 - 
    select
        idbagowner_.NAME 
    from
        IdbagOwner idbagowner_ 
    where
        idbagowner_.NAME=?
14:11:56,141 DEBUG SQL:104 - 
    insert 
    into
        IdbagOwner
        (NAME) 
    values
        (?)
14:11:56,155 DEBUG SQL:104 - 
    insert 
    into
        IdbagOwner
        (NAME) 
    values
        (?)
14:11:56,156 DEBUG SQL:104 - 
    select
        max(CHILD) 
    from
        idbag_owner_children
14:11:56,156 DEBUG SQL:104 - 
    insert 
    into
        idbag_owner_children
        (PARENT_FK, CHILD, CHILD_FK) 
    values
        (?, ?, ?)
14:11:56,157 DEBUG SQL:104 - 
    delete 
    from
        idbag_owner_children 
    where
        PARENT_FK=?
14:11:56,158 DEBUG SQL:104 - 
    delete 
    from
        IdbagOwner 
    where
        NAME=?
14:11:56,170 DEBUG SQL:104 - 
    delete 
    from
        IdbagOwner 
    where
        NAME=?
14:11:56,172  INFO SchemaExport:343 - HHH000227: Running hbm2ddl schema export
14:11:56,173 DEBUG SchemaExport:353 - Import file not found: /import.sql
14:11:56,173 DEBUG SQL:104 - 
    alter table idbag_owner_children 
        drop constraint FK4DE7737D9F081169
14:11:56,173 DEBUG SQL:104 - 
    alter table idbag_owner_children 
        drop constraint FK4DE7737DB784AB1B
14:11:56,174 DEBUG SQL:104 - 
    drop table IdbagOwner if exists
14:11:56,174 DEBUG SQL:104 - 
    drop table idbag_owner_children if exists
14:11:56,174  INFO SchemaExport:405 - HHH000230: Schema export complete
14:11:56,174  INFO DriverManagerConnectionProviderImpl:162 - HHH000030: Cleaning up connection pool [jdbc:h2:mem:db1;DB_CLOSE_DELAY=-1;MVCC=TRUE]
]]></system-out>
  <system-err><![CDATA[]]></system-err>
</testsuite>
