<?xml version="1.0" encoding="UTF-8"?>
<testsuite errors="0" failures="0" hostname="dhcp-10.15.208.168.stl.redhat.com" name="org.hibernate.test.keymanytoone.bidir.component.LazyKeyManyToOneTest" tests="3" time="0.17" timestamp="2013-02-28T20:14:52">
  <properties />
  <testcase classname="org.hibernate.test.keymanytoone.bidir.component.LazyKeyManyToOneTest" name="testLoadingStrategies" time="0.07" />
  <testcase classname="org.hibernate.test.keymanytoone.bidir.component.LazyKeyManyToOneTest" name="testQueryingOnMany2One" time="0.051" />
  <testcase classname="org.hibernate.test.keymanytoone.bidir.component.LazyKeyManyToOneTest" name="testSaveCascadedToKeyManyToOne" time="0.009" />
  <system-out><![CDATA[14:14:52,400  INFO CustomRunner:132 - BeforeClass: org.hibernate.test.keymanytoone.bidir.component.LazyKeyManyToOneTest
14:14:52,402  INFO Configuration:706 - HHH000221: Reading mappings from resource: org/hibernate/test/keymanytoone/bidir/component/LazyMapping.hbm.xml
14:14:52,409  INFO DriverManagerConnectionProviderImpl:99 - HHH000402: Using Hibernate built-in connection pool (not for production use!)
14:14:52,409  INFO DriverManagerConnectionProviderImpl:135 - HHH000115: Hibernate connection pool size: 5
14:14:52,409  INFO DriverManagerConnectionProviderImpl:138 - HHH000006: Autocommit mode: false
14:14:52,410  INFO DriverManagerConnectionProviderImpl:153 - HHH000401: using driver [org.h2.Driver] at URL [jdbc:h2:mem:db1;DB_CLOSE_DELAY=-1;MVCC=TRUE]
14:14:52,410  INFO DriverManagerConnectionProviderImpl:158 - HHH000046: Connection properties: {user=sa}
14:14:52,411  INFO Dialect:103 - HHH000400: Using dialect: org.hibernate.dialect.H2Dialect
14:14:52,411  INFO LobCreatorBuilder:94 - HHH000423: Disabling contextual LOB creation as JDBC driver reported JDBC version [3] less than 4
14:14:52,412  INFO TransactionFactoryInitiator:66 - HHH000399: Using default transaction strategy (direct JDBC transactions)
14:14:52,412  INFO ASTQueryTranslatorFactory:48 - HHH000397: Using ASTQueryTranslatorFactory
14:14:52,412  WARN CachingRegionFactory:58 - CachingRegionFactory should be only used for testing.
14:14:52,416  INFO SchemaExport:343 - HHH000227: Running hbm2ddl schema export
14:14:52,417 DEBUG SchemaExport:353 - Import file not found: /import.sql
14:14:52,417 DEBUG SQL:104 - 
    alter table COMP_LAZY_KM2O_ITEM 
        drop constraint FKE1F448386D362AA6
14:14:52,418 ERROR SchemaExport:425 - HHH000389: Unsuccessful: alter table COMP_LAZY_KM2O_ITEM drop constraint FKE1F448386D362AA6
14:14:52,418 ERROR SchemaExport:426 - Table "COMP_LAZY_KM2O_ITEM" not found; SQL statement:

    alter table COMP_LAZY_KM2O_ITEM 
        drop constraint FKE1F448386D362AA6 [42102-145]
14:14:52,418 DEBUG SQL:104 - 
    alter table COMP_LAZY_KM2O_ORDR 
        drop constraint FKE1F6FAD674640B29
14:14:52,418 ERROR SchemaExport:425 - HHH000389: Unsuccessful: alter table COMP_LAZY_KM2O_ORDR drop constraint FKE1F6FAD674640B29
14:14:52,418 ERROR SchemaExport:426 - Table "COMP_LAZY_KM2O_ORDR" not found; SQL statement:

    alter table COMP_LAZY_KM2O_ORDR 
        drop constraint FKE1F6FAD674640B29 [42102-145]
14:14:52,420 DEBUG SQL:104 - 
    drop table COMP_LAZY_KM2O_CUST if exists
14:14:52,420 DEBUG SQL:104 - 
    drop table COMP_LAZY_KM2O_ITEM if exists
14:14:52,420 DEBUG SQL:104 - 
    drop table COMP_LAZY_KM2O_ORDR if exists
14:14:52,421 DEBUG SQL:104 - 
    create table COMP_LAZY_KM2O_CUST (
        ID bigint not null,
        NAME varchar(255),
        primary key (ID)
    )
14:14:52,421 DEBUG SQL:104 - 
    create table COMP_LAZY_KM2O_ITEM (
        CUST_ID bigint not null,
        ORDER_NUM bigint not null,
        ITEM_DESC varchar(255)
    )
14:14:52,421 DEBUG SQL:104 - 
    create table COMP_LAZY_KM2O_ORDR (
        CUST_ID bigint not null,
        ORDR_NUM bigint not null,
        primary key (CUST_ID, ORDR_NUM)
    )
14:14:52,421 DEBUG SQL:104 - 
    alter table COMP_LAZY_KM2O_ITEM 
        add constraint FKE1F448386D362AA6 
        foreign key (CUST_ID, ORDER_NUM) 
        references COMP_LAZY_KM2O_ORDR
14:14:52,432 DEBUG SQL:104 - 
    alter table COMP_LAZY_KM2O_ORDR 
        add constraint FKE1F6FAD674640B29 
        foreign key (CUST_ID) 
        references COMP_LAZY_KM2O_CUST
14:14:52,433  INFO SchemaExport:405 - HHH000230: Schema export complete
14:14:52,433  WARN SessionFactoryImpl:1554 - HHH000008: JTASessionContext being used with JDBCTransactionFactory; auto-flush will not operate correctly with getCurrentSession()
14:14:52,434  INFO CustomRunner:139 - Test: testLoadingStrategies
14:14:52,435 DEBUG SQL:104 - 
    select
        max(ID) 
    from
        COMP_LAZY_KM2O_CUST
14:14:52,438 DEBUG SQL:104 - 
    select
        order_.CUST_ID,
        order_.ORDR_NUM 
    from
        COMP_LAZY_KM2O_ORDR order_ 
    where
        order_.CUST_ID=? 
        and order_.ORDR_NUM=?
14:14:52,439 DEBUG SQL:104 - 
    insert 
    into
        COMP_LAZY_KM2O_CUST
        (NAME, ID) 
    values
        (?, ?)
14:14:52,440 DEBUG SQL:104 - 
    insert 
    into
        COMP_LAZY_KM2O_ORDR
        (CUST_ID, ORDR_NUM) 
    values
        (?, ?)
14:14:52,441 DEBUG SQL:104 - 
    select
        customer0_.ID as ID0_0_,
        customer0_.NAME as NAME0_0_ 
    from
        COMP_LAZY_KM2O_CUST customer0_ 
    where
        customer0_.ID=?
14:14:52,441 DEBUG SQL:104 - 
    select
        orders0_.CUST_ID as CUST1_0_1_,
        orders0_.CUST_ID as CUST1_2_1_,
        orders0_.ORDR_NUM as ORDR2_2_1_,
        orders0_.CUST_ID as CUST1_2_0_,
        orders0_.ORDR_NUM as ORDR2_2_0_ 
    from
        COMP_LAZY_KM2O_ORDR orders0_ 
    where
        orders0_.CUST_ID=?
14:14:52,443 DEBUG QueryTranslatorImpl:265 - parse() - HQL: from org.hibernate.test.keymanytoone.bidir.component.Customer
14:14:52,443 DEBUG QueryTranslatorImpl:283 - --- HQL AST ---
 \-[QUERY] Node: 'query'
    \-[SELECT_FROM] Node: 'SELECT_FROM'
       \-[FROM] Node: 'from'
          \-[RANGE] Node: 'RANGE'
             \-[DOT] Node: '.'
                +-[DOT] Node: '.'
                |  +-[DOT] Node: '.'
                |  |  +-[DOT] Node: '.'
                |  |  |  +-[DOT] Node: '.'
                |  |  |  |  +-[DOT] Node: '.'
                |  |  |  |  |  +-[IDENT] Node: 'org'
                |  |  |  |  |  \-[IDENT] Node: 'hibernate'
                |  |  |  |  \-[IDENT] Node: 'test'
                |  |  |  \-[IDENT] Node: 'keymanytoone'
                |  |  \-[IDENT] Node: 'bidir'
                |  \-[IDENT] Node: 'component'
                \-[IDENT] Node: 'Customer'

14:14:52,444 DEBUG ErrorCounter:82 - throwQueryException() : no errors
14:14:52,445 DEBUG FromElement:157 - FromClause{level=1} : org.hibernate.test.keymanytoone.bidir.component.Customer (<no alias>) -> customer0_
14:14:52,445 DEBUG HqlSqlWalker:629 - processQuery() :  ( SELECT ( FromClause{level=1} COMP_LAZY_KM2O_CUST customer0_ ) )
14:14:52,445 DEBUG HqlSqlWalker:869 - Derived SELECT clause created.
14:14:52,445 DEBUG JoinProcessor:175 - Using FROM fragment [COMP_LAZY_KM2O_CUST customer0_]
14:14:52,445 DEBUG QueryTranslatorImpl:252 - --- SQL AST ---
 \-[SELECT] QueryNode: 'SELECT'  querySpaces (COMP_LAZY_KM2O_CUST)
    +-[SELECT_CLAUSE] SelectClause: '{derived select clause}'
    |  +-[SELECT_EXPR] SelectExpressionImpl: 'customer0_.ID as ID0_' {FromElement{explicit,not a collection join,not a fetch join,fetch non-lazy properties,classAlias=null,role=null,tableName=COMP_LAZY_KM2O_CUST,tableAlias=customer0_,origin=null,columns={,className=org.hibernate.test.keymanytoone.bidir.component.Customer}}}
    |  \-[SQL_TOKEN] SqlFragment: 'customer0_.NAME as NAME0_'
    \-[FROM] FromClause: 'from' FromClause{level=1, fromElementCounter=1, fromElements=1, fromElementByClassAlias=[], fromElementByTableAlias=[customer0_], fromElementsByPath=[], collectionJoinFromElementsByPath=[], impliedElements=[]}
       \-[FROM_FRAGMENT] FromElement: 'COMP_LAZY_KM2O_CUST customer0_' FromElement{explicit,not a collection join,not a fetch join,fetch non-lazy properties,classAlias=null,role=null,tableName=COMP_LAZY_KM2O_CUST,tableAlias=customer0_,origin=null,columns={,className=org.hibernate.test.keymanytoone.bidir.component.Customer}}

14:14:52,445 DEBUG ErrorCounter:82 - throwQueryException() : no errors
14:14:52,455 DEBUG QueryTranslatorImpl:235 - HQL: from org.hibernate.test.keymanytoone.bidir.component.Customer
14:14:52,455 DEBUG QueryTranslatorImpl:236 - SQL: select customer0_.ID as ID0_, customer0_.NAME as NAME0_ from COMP_LAZY_KM2O_CUST customer0_
14:14:52,455 DEBUG ErrorCounter:82 - throwQueryException() : no errors
14:14:52,456 DEBUG SQL:104 - 
    select
        customer0_.ID as ID0_,
        customer0_.NAME as NAME0_ 
    from
        COMP_LAZY_KM2O_CUST customer0_
14:14:52,456 DEBUG SQL:104 - 
    select
        orders0_.CUST_ID as CUST1_0_1_,
        orders0_.CUST_ID as CUST1_2_1_,
        orders0_.ORDR_NUM as ORDR2_2_1_,
        orders0_.CUST_ID as CUST1_2_0_,
        orders0_.ORDR_NUM as ORDR2_2_0_ 
    from
        COMP_LAZY_KM2O_ORDR orders0_ 
    where
        orders0_.CUST_ID=?
14:14:52,458 DEBUG QueryTranslatorImpl:265 - parse() - HQL: from org.hibernate.test.keymanytoone.bidir.component.Customer c join fetch c.orders
14:14:52,459 DEBUG QueryTranslatorImpl:283 - --- HQL AST ---
 \-[QUERY] Node: 'query'
    \-[SELECT_FROM] Node: 'SELECT_FROM'
       \-[FROM] Node: 'from'
          +-[RANGE] Node: 'RANGE'
          |  +-[DOT] Node: '.'
          |  |  +-[DOT] Node: '.'
          |  |  |  +-[DOT] Node: '.'
          |  |  |  |  +-[DOT] Node: '.'
          |  |  |  |  |  +-[DOT] Node: '.'
          |  |  |  |  |  |  +-[DOT] Node: '.'
          |  |  |  |  |  |  |  +-[IDENT] Node: 'org'
          |  |  |  |  |  |  |  \-[IDENT] Node: 'hibernate'
          |  |  |  |  |  |  \-[IDENT] Node: 'test'
          |  |  |  |  |  \-[IDENT] Node: 'keymanytoone'
          |  |  |  |  \-[IDENT] Node: 'bidir'
          |  |  |  \-[IDENT] Node: 'component'
          |  |  \-[IDENT] Node: 'Customer'
          |  \-[ALIAS] Node: 'c'
          \-[JOIN] Node: 'join'
             +-[FETCH] Node: 'fetch'
             \-[DOT] Node: '.'
                +-[IDENT] Node: 'c'
                \-[IDENT] Node: 'orders'

14:14:52,470 DEBUG ErrorCounter:82 - throwQueryException() : no errors
14:14:52,471 DEBUG FromElement:157 - FromClause{level=1} : org.hibernate.test.keymanytoone.bidir.component.Customer (c) -> customer0_
14:14:52,471 DEBUG FromReferenceNode:74 - Resolved : c -> customer0_.ID
14:14:52,471 DEBUG DotNode:599 - getDataType() : orders -> org.hibernate.type.BagType(org.hibernate.test.keymanytoone.bidir.component.Customer.orders)
14:14:52,471 DEBUG FromElementFactory:376 - createEntityAssociation() : One to many - path = c.orders role = org.hibernate.test.keymanytoone.bidir.component.Customer.orders associatedEntityName = org.hibernate.test.keymanytoone.bidir.component.Order
14:14:52,471 DEBUG FromElement:157 - FromClause{level=1} : org.hibernate.test.keymanytoone.bidir.component.Order (<no alias>) -> orders1_
14:14:52,472 DEBUG FromClause:282 - addJoinByPathMap() : c.orders -> FromElement{explicit,not a collection join,not a fetch join,fetch non-lazy properties,classAlias=null,role=null,tableName=COMP_LAZY_KM2O_ORDR,tableAlias=orders1_,origin=COMP_LAZY_KM2O_CUST customer0_,columns={customer0_.ID ,className=org.hibernate.test.keymanytoone.bidir.component.Order}}
14:14:52,472 DEBUG DotNode:308 - dereferenceCollection() : Created new FROM element for c.orders : COMP_LAZY_KM2O_ORDR orders1_
14:14:52,472 DEBUG FromReferenceNode:74 - Resolved : c.orders -> .
14:14:52,472 DEBUG HqlSqlWalker:403 - createFromJoinElement() : -- join tree --
 \-[JOIN_FRAGMENT] FromElement: 'COMP_LAZY_KM2O_ORDR orders1_' FromElement{explicit,not a collection join,fetch join,fetch non-lazy properties,classAlias=null,role=org.hibernate.test.keymanytoone.bidir.component.Customer.orders,tableName=COMP_LAZY_KM2O_ORDR,tableAlias=orders1_,origin=COMP_LAZY_KM2O_CUST customer0_,columns={customer0_.ID ,className=org.hibernate.test.keymanytoone.bidir.component.Order}}

14:14:52,472 DEBUG HqlSqlWalker:629 - processQuery() :  ( SELECT ( FromClause{level=1} ( COMP_LAZY_KM2O_CUST customer0_ COMP_LAZY_KM2O_ORDR orders1_ ) ) )
14:14:52,481 DEBUG HqlSqlWalker:869 - Derived SELECT clause created.
14:14:52,481 DEBUG JoinProcessor:175 - Using FROM fragment [COMP_LAZY_KM2O_CUST customer0_]
14:14:52,481 DEBUG JoinProcessor:175 - Using FROM fragment [inner join COMP_LAZY_KM2O_ORDR orders1_ on customer0_.ID=orders1_.CUST_ID]
14:14:52,481 DEBUG QueryTranslatorImpl:252 - --- SQL AST ---
 \-[SELECT] QueryNode: 'SELECT'  querySpaces (COMP_LAZY_KM2O_ORDR,COMP_LAZY_KM2O_CUST)
    +-[SELECT_CLAUSE] SelectClause: '{derived select clause}'
    |  +-[SELECT_EXPR] SelectExpressionImpl: 'customer0_.ID as ID0_0_' {FromElement{explicit,not a collection join,not a fetch join,fetch non-lazy properties,classAlias=c,role=null,tableName=COMP_LAZY_KM2O_CUST,tableAlias=customer0_,origin=null,columns={,className=org.hibernate.test.keymanytoone.bidir.component.Customer}}}
    |  +-[SELECT_EXPR] SelectExpressionImpl: 'orders1_.CUST_ID as CUST1_2_1_, orders1_.ORDR_NUM as ORDR2_2_1_' {FromElement{explicit,not a collection join,fetch join,fetch non-lazy properties,classAlias=null,role=org.hibernate.test.keymanytoone.bidir.component.Customer.orders,tableName=COMP_LAZY_KM2O_ORDR,tableAlias=orders1_,origin=COMP_LAZY_KM2O_CUST customer0_,columns={customer0_.ID ,className=org.hibernate.test.keymanytoone.bidir.component.Order}}}
    |  +-[SQL_TOKEN] SqlFragment: 'customer0_.NAME as NAME0_0_'
    |  \-[SQL_TOKEN] SqlFragment: 'orders1_.CUST_ID as CUST1_0_0__, orders1_.CUST_ID as CUST1_2_0__, orders1_.ORDR_NUM as ORDR2_2_0__'
    \-[FROM] FromClause: 'from' FromClause{level=1, fromElementCounter=2, fromElements=2, fromElementByClassAlias=[c], fromElementByTableAlias=[orders1_, customer0_], fromElementsByPath=[c.orders], collectionJoinFromElementsByPath=[], impliedElements=[]}
       \-[FROM_FRAGMENT] FromElement: 'COMP_LAZY_KM2O_CUST customer0_' FromElement{explicit,not a collection join,not a fetch join,fetch non-lazy properties,classAlias=c,role=null,tableName=COMP_LAZY_KM2O_CUST,tableAlias=customer0_,origin=null,columns={,className=org.hibernate.test.keymanytoone.bidir.component.Customer}}
          \-[JOIN_FRAGMENT] FromElement: 'inner join COMP_LAZY_KM2O_ORDR orders1_ on customer0_.ID=orders1_.CUST_ID' FromElement{explicit,not a collection join,fetch join,fetch non-lazy properties,classAlias=null,role=org.hibernate.test.keymanytoone.bidir.component.Customer.orders,tableName=COMP_LAZY_KM2O_ORDR,tableAlias=orders1_,origin=COMP_LAZY_KM2O_CUST customer0_,columns={customer0_.ID ,className=org.hibernate.test.keymanytoone.bidir.component.Order}}

14:14:52,482 DEBUG ErrorCounter:82 - throwQueryException() : no errors
14:14:52,491 DEBUG QueryTranslatorImpl:235 - HQL: from org.hibernate.test.keymanytoone.bidir.component.Customer c join fetch c.orders
14:14:52,492 DEBUG QueryTranslatorImpl:236 - SQL: select customer0_.ID as ID0_0_, orders1_.CUST_ID as CUST1_2_1_, orders1_.ORDR_NUM as ORDR2_2_1_, customer0_.NAME as NAME0_0_, orders1_.CUST_ID as CUST1_0_0__, orders1_.CUST_ID as CUST1_2_0__, orders1_.ORDR_NUM as ORDR2_2_0__ from COMP_LAZY_KM2O_CUST customer0_ inner join COMP_LAZY_KM2O_ORDR orders1_ on customer0_.ID=orders1_.CUST_ID
14:14:52,492 DEBUG ErrorCounter:82 - throwQueryException() : no errors
14:14:52,492 DEBUG SQL:104 - 
    select
        customer0_.ID as ID0_0_,
        orders1_.CUST_ID as CUST1_2_1_,
        orders1_.ORDR_NUM as ORDR2_2_1_,
        customer0_.NAME as NAME0_0_,
        orders1_.CUST_ID as CUST1_0_0__,
        orders1_.CUST_ID as CUST1_2_0__,
        orders1_.ORDR_NUM as ORDR2_2_0__ 
    from
        COMP_LAZY_KM2O_CUST customer0_ 
    inner join
        COMP_LAZY_KM2O_ORDR orders1_ 
            on customer0_.ID=orders1_.CUST_ID
14:14:52,493 DEBUG SQL:104 - 
    select
        order_.CUST_ID,
        order_.ORDR_NUM 
    from
        COMP_LAZY_KM2O_ORDR order_ 
    where
        order_.CUST_ID=? 
        and order_.ORDR_NUM=?
14:14:52,494 DEBUG SQL:104 - 
    delete 
    from
        COMP_LAZY_KM2O_ITEM 
    where
        CUST_ID=? 
        and ORDER_NUM=?
14:14:52,503 DEBUG SQL:104 - 
    delete 
    from
        COMP_LAZY_KM2O_ORDR 
    where
        CUST_ID=? 
        and ORDR_NUM=?
14:14:52,504 DEBUG SQL:104 - 
    delete 
    from
        COMP_LAZY_KM2O_CUST 
    where
        ID=?
14:14:52,504  INFO CustomRunner:139 - Test: testQueryingOnMany2One
14:14:52,505 DEBUG SQL:104 - 
    select
        order_.CUST_ID,
        order_.ORDR_NUM 
    from
        COMP_LAZY_KM2O_ORDR order_ 
    where
        order_.CUST_ID=? 
        and order_.ORDR_NUM=?
14:14:52,506 DEBUG SQL:104 - 
    insert 
    into
        COMP_LAZY_KM2O_CUST
        (NAME, ID) 
    values
        (?, ?)
14:14:52,513 DEBUG SQL:104 - 
    insert 
    into
        COMP_LAZY_KM2O_ORDR
        (CUST_ID, ORDR_NUM) 
    values
        (?, ?)
14:14:52,513 DEBUG QueryTranslatorImpl:265 - parse() - HQL: from org.hibernate.test.keymanytoone.bidir.component.Order o where o.id.customer.name = :name
14:14:52,513 DEBUG HqlParser:347 - weakKeywords() : new LT(1) token - ["Order",<108> previously: <41>,line=1,col=54,possibleID=true]
14:14:52,514 DEBUG QueryTranslatorImpl:283 - --- HQL AST ---
 \-[QUERY] Node: 'query'
    +-[SELECT_FROM] Node: 'SELECT_FROM'
    |  \-[FROM] Node: 'from'
    |     \-[RANGE] Node: 'RANGE'
    |        +-[DOT] Node: '.'
    |        |  +-[DOT] Node: '.'
    |        |  |  +-[DOT] Node: '.'
    |        |  |  |  +-[DOT] Node: '.'
    |        |  |  |  |  +-[DOT] Node: '.'
    |        |  |  |  |  |  +-[DOT] Node: '.'
    |        |  |  |  |  |  |  +-[IDENT] Node: 'org'
    |        |  |  |  |  |  |  \-[IDENT] Node: 'hibernate'
    |        |  |  |  |  |  \-[IDENT] Node: 'test'
    |        |  |  |  |  \-[IDENT] Node: 'keymanytoone'
    |        |  |  |  \-[IDENT] Node: 'bidir'
    |        |  |  \-[IDENT] Node: 'component'
    |        |  \-[IDENT] Node: 'Order'
    |        \-[ALIAS] Node: 'o'
    \-[WHERE] Node: 'where'
       \-[EQ] Node: '='
          +-[DOT] Node: '.'
          |  +-[DOT] Node: '.'
          |  |  +-[DOT] Node: '.'
          |  |  |  +-[IDENT] Node: 'o'
          |  |  |  \-[IDENT] Node: 'id'
          |  |  \-[IDENT] Node: 'customer'
          |  \-[IDENT] Node: 'name'
          \-[COLON] Node: ':'
             \-[IDENT] Node: 'name'

14:14:52,523 DEBUG ErrorCounter:82 - throwQueryException() : no errors
14:14:52,523 DEBUG FromElement:157 - FromClause{level=1} : org.hibernate.test.keymanytoone.bidir.component.Order (o) -> order0_
14:14:52,523 DEBUG FromReferenceNode:74 - Resolved : o -> (order0_.CUST_ID, order0_.ORDR_NUM)
14:14:52,523 DEBUG DotNode:599 - getDataType() : id -> org.hibernate.type.ComponentType@875c5aa
14:14:52,525 DEBUG DotNode:585 - Unresolved property path is now 'id.customer'
14:14:52,526 DEBUG FromReferenceNode:74 - Resolved : o.id -> order0_.CUST_ID
14:14:52,526 DEBUG DotNode:599 - getDataType() : id.customer -> org.hibernate.type.ManyToOneType(org.hibernate.test.keymanytoone.bidir.component.Customer)
14:14:52,526 DEBUG DotNode:389 - dereferenceEntityJoin() : generating join for customer in org.hibernate.test.keymanytoone.bidir.component.Order (<no alias>) parent = [  ( . ( . ( order0_.CUST_ID (order0_.CUST_ID, order0_.ORDR_NUM) id ) customer ) name ) ]
14:14:52,526 DEBUG FromElement:157 - FromClause{level=1} : org.hibernate.test.keymanytoone.bidir.component.Customer (<no alias>) -> customer1_
14:14:52,526 DEBUG FromClause:282 - addJoinByPathMap() : o.id.customer -> ImpliedFromElement{implied,not a collection join,not a fetch join,fetch non-lazy properties,classAlias=null,role=null,tableName=COMP_LAZY_KM2O_CUST,tableAlias=customer1_,origin=COMP_LAZY_KM2O_ORDR order0_,columns={order0_.CUST_ID ,className=org.hibernate.test.keymanytoone.bidir.component.Customer}}
14:14:52,526 DEBUG FromReferenceNode:74 - Resolved : o.id.customer -> order0_.CUST_ID
14:14:52,526 DEBUG DotNode:599 - getDataType() : name -> org.hibernate.type.StringType@2dc8de40
14:14:52,526 DEBUG FromReferenceNode:74 - Resolved : o.id.customer.name -> customer1_.NAME
14:14:52,527 DEBUG HqlSqlWalker:629 - processQuery() :  ( SELECT ( FromClause{level=1} COMP_LAZY_KM2O_ORDR order0_ COMP_LAZY_KM2O_CUST customer1_ ) ( where ( = ( customer1_.NAME ( order0_.CUST_ID ( order0_.CUST_ID (order0_.CUST_ID, order0_.ORDR_NUM) id ) customer ) name ) ? ) ) )
14:14:52,536 DEBUG HqlSqlWalker:869 - Derived SELECT clause created.
14:14:52,536 DEBUG JoinProcessor:175 - Using FROM fragment [COMP_LAZY_KM2O_ORDR order0_]
14:14:52,537 DEBUG SyntheticAndFactory:92 - Using unprocessed WHERE-fragment [order0_.CUST_ID=customer1_.ID]
14:14:52,537 DEBUG SyntheticAndFactory:124 - Using processed WHERE-fragment [order0_.CUST_ID=customer1_.ID]
14:14:52,537 DEBUG QueryTranslatorImpl:252 - --- SQL AST ---
 \-[SELECT] QueryNode: 'SELECT'  querySpaces (COMP_LAZY_KM2O_ORDR,COMP_LAZY_KM2O_CUST)
    +-[SELECT_CLAUSE] SelectClause: '{derived select clause}'
    |  \-[SELECT_EXPR] SelectExpressionImpl: 'order0_.CUST_ID as CUST1_2_, order0_.ORDR_NUM as ORDR2_2_' {FromElement{explicit,not a collection join,not a fetch join,fetch non-lazy properties,classAlias=o,role=null,tableName=COMP_LAZY_KM2O_ORDR,tableAlias=order0_,origin=null,columns={,className=org.hibernate.test.keymanytoone.bidir.component.Order}}}
    +-[FROM] FromClause: 'from' FromClause{level=1, fromElementCounter=2, fromElements=2, fromElementByClassAlias=[o], fromElementByTableAlias=[customer1_, order0_], fromElementsByPath=[o.id.customer], collectionJoinFromElementsByPath=[], impliedElements=[]}
    |  +-[FROM_FRAGMENT] FromElement: 'COMP_LAZY_KM2O_ORDR order0_' FromElement{explicit,not a collection join,not a fetch join,fetch non-lazy properties,classAlias=o,role=null,tableName=COMP_LAZY_KM2O_ORDR,tableAlias=order0_,origin=null,columns={,className=org.hibernate.test.keymanytoone.bidir.component.Order}}
    |  \-[FROM_FRAGMENT] ImpliedFromElement: 'COMP_LAZY_KM2O_CUST customer1_' ImpliedFromElement{implied,not a collection join,not a fetch join,fetch non-lazy properties,classAlias=null,role=null,tableName=COMP_LAZY_KM2O_CUST,tableAlias=customer1_,origin=COMP_LAZY_KM2O_ORDR order0_,columns={order0_.CUST_ID ,className=org.hibernate.test.keymanytoone.bidir.component.Customer}}
    \-[WHERE] SqlNode: 'where'
       +-[THETA_JOINS] SqlNode: '{theta joins}'
       |  \-[SQL_TOKEN] SqlFragment: 'order0_.CUST_ID=customer1_.ID'
       \-[EQ] BinaryLogicOperatorNode: '='
          +-[DOT] DotNode: 'customer1_.NAME' {propertyName=name,dereferenceType=ALL,propertyPath=name,path=o.id.customer.name,tableAlias=customer1_,className=org.hibernate.test.keymanytoone.bidir.component.Customer,classAlias=null}
          |  +-[DOT] DotNode: 'order0_.CUST_ID' {propertyName=customer,dereferenceType=EOF,propertyPath=id.customer,path=o.id.customer,tableAlias=customer1_,className=org.hibernate.test.keymanytoone.bidir.component.Customer,classAlias=null}
          |  |  +-[DOT] DotNode: 'order0_.CUST_ID' {propertyName=customer,dereferenceType=2,propertyPath=id.customer,path=o.id,tableAlias=order0_,className=org.hibernate.test.keymanytoone.bidir.component.Order,classAlias=o}
          |  |  |  +-[ALIAS_REF] IdentNode: '(order0_.CUST_ID, order0_.ORDR_NUM)' {alias=o, className=org.hibernate.test.keymanytoone.bidir.component.Order, tableAlias=order0_}
          |  |  |  \-[IDENT] IdentNode: 'id' {originalText=id}
          |  |  \-[IDENT] IdentNode: 'customer' {originalText=customer}
          |  \-[IDENT] IdentNode: 'name' {originalText=name}
          \-[NAMED_PARAM] ParameterNode: '?' {name=name, expectedType=org.hibernate.type.StringType@2dc8de40}

14:14:52,537 DEBUG ErrorCounter:82 - throwQueryException() : no errors
14:14:52,537 DEBUG QueryTranslatorImpl:235 - HQL: from org.hibernate.test.keymanytoone.bidir.component.Order o where o.id.customer.name = :name
14:14:52,537 DEBUG QueryTranslatorImpl:236 - SQL: select order0_.CUST_ID as CUST1_2_, order0_.ORDR_NUM as ORDR2_2_ from COMP_LAZY_KM2O_ORDR order0_ cross join COMP_LAZY_KM2O_CUST customer1_ where order0_.CUST_ID=customer1_.ID and customer1_.NAME=?
14:14:52,537 DEBUG ErrorCounter:82 - throwQueryException() : no errors
14:14:52,538 DEBUG SQL:104 - 
    select
        order0_.CUST_ID as CUST1_2_,
        order0_.ORDR_NUM as ORDR2_2_ 
    from
        COMP_LAZY_KM2O_ORDR order0_ cross 
    join
        COMP_LAZY_KM2O_CUST customer1_ 
    where
        order0_.CUST_ID=customer1_.ID 
        and customer1_.NAME=?
14:14:52,547 DEBUG SQL:104 - 
    select
        order_.CUST_ID,
        order_.ORDR_NUM 
    from
        COMP_LAZY_KM2O_ORDR order_ 
    where
        order_.CUST_ID=? 
        and order_.ORDR_NUM=?
14:14:52,548 DEBUG SQL:104 - 
    delete 
    from
        COMP_LAZY_KM2O_ORDR 
    where
        CUST_ID=? 
        and ORDR_NUM=?
14:14:52,548 DEBUG SQL:104 - 
    delete 
    from
        COMP_LAZY_KM2O_CUST 
    where
        ID=?
14:14:52,557  INFO CustomRunner:139 - Test: testSaveCascadedToKeyManyToOne
14:14:52,558 DEBUG SQL:104 - 
    select
        order_.CUST_ID,
        order_.ORDR_NUM 
    from
        COMP_LAZY_KM2O_ORDR order_ 
    where
        order_.CUST_ID=? 
        and order_.ORDR_NUM=?
14:14:52,559 DEBUG SQL:104 - 
    insert 
    into
        COMP_LAZY_KM2O_CUST
        (NAME, ID) 
    values
        (?, ?)
14:14:52,559 DEBUG SQL:104 - 
    insert 
    into
        COMP_LAZY_KM2O_ORDR
        (CUST_ID, ORDR_NUM) 
    values
        (?, ?)
14:14:52,559 DEBUG SQL:104 - 
    delete 
    from
        COMP_LAZY_KM2O_ORDR 
    where
        CUST_ID=? 
        and ORDR_NUM=?
14:14:52,565 DEBUG SQL:104 - 
    delete 
    from
        COMP_LAZY_KM2O_CUST 
    where
        ID=?
14:14:52,566  INFO SchemaExport:343 - HHH000227: Running hbm2ddl schema export
14:14:52,567 DEBUG SchemaExport:353 - Import file not found: /import.sql
14:14:52,567 DEBUG SQL:104 - 
    alter table COMP_LAZY_KM2O_ITEM 
        drop constraint FKE1F448386D362AA6
14:14:52,567 DEBUG SQL:104 - 
    alter table COMP_LAZY_KM2O_ORDR 
        drop constraint FKE1F6FAD674640B29
14:14:52,567 DEBUG SQL:104 - 
    drop table COMP_LAZY_KM2O_CUST if exists
14:14:52,567 DEBUG SQL:104 - 
    drop table COMP_LAZY_KM2O_ITEM if exists
14:14:52,568 DEBUG SQL:104 - 
    drop table COMP_LAZY_KM2O_ORDR if exists
14:14:52,568  INFO SchemaExport:405 - HHH000230: Schema export complete
14:14:52,568  INFO DriverManagerConnectionProviderImpl:162 - HHH000030: Cleaning up connection pool [jdbc:h2:mem:db1;DB_CLOSE_DELAY=-1;MVCC=TRUE]
]]></system-out>
  <system-err><![CDATA[]]></system-err>
</testsuite>
