<?xml version="1.0" encoding="UTF-8"?>
<testsuite errors="0" failures="0" hostname="dhcp-10.15.208.168.stl.redhat.com" name="org.hibernate.test.annotations.lob.ImageTest" tests="1" time="0.002" timestamp="2013-02-28T20:10:33">
  <properties />
  <ignored-testcase classname="org.hibernate.test.annotations.lob.ImageTest" name="testBoundedLongByteArrayAccess" time="0.001" />
  <system-out><![CDATA[14:10:33,607  INFO CustomRunner:132 - BeforeClass: org.hibernate.test.annotations.lob.ImageTest
]]></system-out>
  <system-err><![CDATA[]]></system-err>
</testsuite>
