<?xml version="1.0" encoding="UTF-8"?>
<testsuite errors="0" failures="0" hostname="dhcp-10.15.208.168.stl.redhat.com" name="org.hibernate.test.annotations.notfound.NotFoundTest" tests="1" time="0.04" timestamp="2013-02-28T20:10:38">
  <properties />
  <testcase classname="org.hibernate.test.annotations.notfound.NotFoundTest" name="testManyToOne" time="0.013" />
  <system-out><![CDATA[14:10:38,874  INFO CustomRunner:132 - BeforeClass: org.hibernate.test.annotations.notfound.NotFoundTest
14:10:38,880  INFO DriverManagerConnectionProviderImpl:99 - HHH000402: Using Hibernate built-in connection pool (not for production use!)
14:10:38,880  INFO DriverManagerConnectionProviderImpl:135 - HHH000115: Hibernate connection pool size: 5
14:10:38,881  INFO DriverManagerConnectionProviderImpl:138 - HHH000006: Autocommit mode: false
14:10:38,881  INFO DriverManagerConnectionProviderImpl:153 - HHH000401: using driver [org.h2.Driver] at URL [jdbc:h2:mem:db1;DB_CLOSE_DELAY=-1;MVCC=TRUE]
14:10:38,881  INFO DriverManagerConnectionProviderImpl:158 - HHH000046: Connection properties: {user=sa}
14:10:38,882  INFO Dialect:103 - HHH000400: Using dialect: org.hibernate.dialect.H2Dialect
14:10:38,882  INFO LobCreatorBuilder:94 - HHH000423: Disabling contextual LOB creation as JDBC driver reported JDBC version [3] less than 4
14:10:38,883  INFO TransactionFactoryInitiator:66 - HHH000399: Using default transaction strategy (direct JDBC transactions)
14:10:38,883  INFO ASTQueryTranslatorFactory:48 - HHH000397: Using ASTQueryTranslatorFactory
14:10:38,883  WARN CachingRegionFactory:58 - CachingRegionFactory should be only used for testing.
14:10:38,895  INFO SchemaExport:343 - HHH000227: Running hbm2ddl schema export
14:10:38,895 DEBUG SchemaExport:353 - Import file not found: /import.sql
14:10:38,895 DEBUG SQL:104 - 
    drop table Coin if exists
14:10:38,895 DEBUG SQL:104 - 
    drop table Currency if exists
14:10:38,896 DEBUG SQL:104 - 
    drop sequence hibernate_sequence
14:10:38,896 ERROR SchemaExport:425 - HHH000389: Unsuccessful: drop sequence hibernate_sequence
14:10:38,896 ERROR SchemaExport:426 - Sequence "HIBERNATE_SEQUENCE" not found; SQL statement:

    drop sequence hibernate_sequence [90036-145]
14:10:38,896 DEBUG SQL:104 - 
    create table Coin (
        id integer not null,
        name varchar(255),
        currency varchar(255),
        primary key (id)
    )
14:10:38,896 DEBUG SQL:104 - 
    create table Currency (
        id integer not null,
        name varchar(255),
        primary key (id)
    )
14:10:38,897 DEBUG SQL:104 - 
    alter table Currency 
        add constraint UK_26265431337A8B unique (name)
14:10:38,897 DEBUG SQL:104 - 
    create sequence hibernate_sequence start with 1 increment by 1
14:10:38,897  INFO SchemaExport:405 - HHH000230: Schema export complete
14:10:38,897  WARN SessionFactoryImpl:1554 - HHH000008: JTASessionContext being used with JDBCTransactionFactory; auto-flush will not operate correctly with getCurrentSession()
14:10:38,898  INFO CustomRunner:139 - Test: testManyToOne
14:10:38,898 DEBUG SQL:104 - 
    call next value for hibernate_sequence
14:10:38,899 DEBUG SQL:104 - 
    call next value for hibernate_sequence
14:10:38,901 DEBUG SQL:104 - 
    insert 
    into
        Currency
        (name, id) 
    values
        (?, ?)
14:10:38,902 DEBUG SQL:104 - 
    insert 
    into
        Coin
        (currency, name, id) 
    values
        (?, ?, ?)
14:10:38,902 DEBUG SQL:104 - 
    select
        currency0_.id as id1_0_,
        currency0_.name as name1_0_ 
    from
        Currency currency0_ 
    where
        currency0_.id=?
14:10:38,903 DEBUG SQL:104 - 
    delete 
    from
        Currency 
    where
        id=?
14:10:38,903 DEBUG SQL:104 - 
    select
        coin0_.id as id0_1_,
        coin0_.currency as currency0_1_,
        coin0_.name as name0_1_,
        currency1_.id as id1_0_,
        currency1_.name as name1_0_ 
    from
        Coin coin0_ 
    left outer join
        Currency currency1_ 
            on coin0_.currency=currency1_.name 
    where
        coin0_.id=?
14:10:38,903 DEBUG SQL:104 - 
    select
        currency0_.id as id1_0_,
        currency0_.name as name1_0_ 
    from
        Currency currency0_ 
    where
        currency0_.name=?
14:10:38,911 DEBUG SQL:104 - 
    delete 
    from
        Coin 
    where
        id=?
14:10:38,911  INFO SchemaExport:343 - HHH000227: Running hbm2ddl schema export
14:10:38,912 DEBUG SchemaExport:353 - Import file not found: /import.sql
14:10:38,912 DEBUG SQL:104 - 
    drop table Coin if exists
14:10:38,912 DEBUG SQL:104 - 
    drop table Currency if exists
14:10:38,913 DEBUG SQL:104 - 
    drop sequence hibernate_sequence
14:10:38,913  INFO SchemaExport:405 - HHH000230: Schema export complete
14:10:38,913  INFO DriverManagerConnectionProviderImpl:162 - HHH000030: Cleaning up connection pool [jdbc:h2:mem:db1;DB_CLOSE_DELAY=-1;MVCC=TRUE]
]]></system-out>
  <system-err><![CDATA[]]></system-err>
</testsuite>
