<?xml version="1.0" encoding="UTF-8"?>
<testsuite errors="0" failures="0" hostname="dhcp-10.15.208.168.stl.redhat.com" name="org.hibernate.test.batch.BatchTest" tests="4" time="47.573" timestamp="2013-02-28T20:10:50">
  <properties />
  <testcase classname="org.hibernate.test.batch.BatchTest" name="testBatchInsertUpdate" time="46.11" />
  <testcase classname="org.hibernate.test.batch.BatchTest" name="testBatchInsertUpdateSizeEqJdbcBatchSize" time="0.368" />
  <testcase classname="org.hibernate.test.batch.BatchTest" name="testBatchInsertUpdateSizeGtJdbcBatchSize" time="0.346" />
  <testcase classname="org.hibernate.test.batch.BatchTest" name="testBatchInsertUpdateSizeLtJdbcBatchSize" time="0.366" />
  <system-out><![CDATA[14:10:50,906  INFO CustomRunner:132 - BeforeClass: org.hibernate.test.batch.BatchTest
14:10:50,947  INFO Configuration:706 - HHH000221: Reading mappings from resource: org/hibernate/test/batch/DataPoint.hbm.xml
14:10:51,105  INFO DriverManagerConnectionProviderImpl:99 - HHH000402: Using Hibernate built-in connection pool (not for production use!)
14:10:51,107  INFO DriverManagerConnectionProviderImpl:135 - HHH000115: Hibernate connection pool size: 5
14:10:51,108  INFO DriverManagerConnectionProviderImpl:138 - HHH000006: Autocommit mode: false
14:10:51,109  INFO DriverManagerConnectionProviderImpl:153 - HHH000401: using driver [org.h2.Driver] at URL [jdbc:h2:mem:db1;DB_CLOSE_DELAY=-1;MVCC=TRUE]
14:10:51,110  INFO DriverManagerConnectionProviderImpl:158 - HHH000046: Connection properties: {user=sa}
14:10:51,142  INFO Dialect:103 - HHH000400: Using dialect: org.hibernate.dialect.H2Dialect
14:10:51,145  INFO LobCreatorBuilder:94 - HHH000423: Disabling contextual LOB creation as JDBC driver reported JDBC version [3] less than 4
14:10:51,147  INFO TransactionFactoryInitiator:66 - HHH000399: Using default transaction strategy (direct JDBC transactions)
14:10:51,147  INFO ASTQueryTranslatorFactory:48 - HHH000397: Using ASTQueryTranslatorFactory
14:10:51,154  WARN CachingRegionFactory:58 - CachingRegionFactory should be only used for testing.
14:10:51,223  INFO SchemaExport:343 - HHH000227: Running hbm2ddl schema export
14:10:51,234 DEBUG SchemaExport:353 - Import file not found: /import.sql
14:10:51,235 DEBUG SQL:104 - 
    drop table DataPoint if exists
14:10:51,236 DEBUG SQL:104 - 
    create table DataPoint (
        id bigint not null,
        xval decimal(25,20) not null,
        yval decimal(25,20) not null,
        description varchar(255),
        primary key (id)
    )
14:10:51,248 DEBUG SQL:104 - 
    alter table DataPoint 
        add constraint xy unique (xval, yval)
14:10:51,262  INFO SchemaExport:405 - HHH000230: Schema export complete
14:10:51,264  WARN SessionFactoryImpl:1554 - HHH000008: JTASessionContext being used with JDBCTransactionFactory; auto-flush will not operate correctly with getCurrentSession()
14:10:51,265  INFO CustomRunner:139 - Test: testBatchInsertUpdate
14:10:51,269 DEBUG SQL:104 - 
    select
        max(id) 
    from
        DataPoint
14:10:55,631 DEBUG SQL:104 - 
    insert 
    into
        DataPoint
        (xval, yval, description, id) 
    values
        (?, ?, ?, ?)
14:10:55,715 DEBUG SQL:104 - 
    insert 
    into
        DataPoint
        (xval, yval, description, id) 
    values
        (?, ?, ?, ?)
14:10:55,717 DEBUG SQL:104 - 
    insert 
    into
        DataPoint
        (xval, yval, description, id) 
    values
        (?, ?, ?, ?)
14:10:55,719 DEBUG SQL:104 - 
    insert 
    into
        DataPoint
        (xval, yval, description, id) 
    values
        (?, ?, ?, ?)
14:10:55,721 DEBUG SQL:104 - 
    insert 
    into
        DataPoint
        (xval, yval, description, id) 
    values
        (?, ?, ?, ?)
14:10:55,722 DEBUG SQL:104 - 
    insert 
    into
        DataPoint
        (xval, yval, description, id) 
    values
        (?, ?, ?, ?)
14:10:55,724 DEBUG SQL:104 - 
    insert 
    into
        DataPoint
        (xval, yval, description, id) 
    values
        (?, ?, ?, ?)
14:10:55,739 DEBUG SQL:104 - 
    insert 
    into
        DataPoint
        (xval, yval, description, id) 
    values
        (?, ?, ?, ?)
14:10:55,746 DEBUG SQL:104 - 
    insert 
    into
        DataPoint
        (xval, yval, description, id) 
    values
        (?, ?, ?, ?)
14:10:55,768 DEBUG SQL:104 - 
    insert 
    into
        DataPoint
        (xval, yval, description, id) 
    values
        (?, ?, ?, ?)
14:10:55,770 DEBUG SQL:104 - 
    insert 
    into
        DataPoint
        (xval, yval, description, id) 
    values
        (?, ?, ?, ?)
14:10:55,772 DEBUG SQL:104 - 
    insert 
    into
        DataPoint
        (xval, yval, description, id) 
    values
        (?, ?, ?, ?)
14:10:55,773 DEBUG SQL:104 - 
    insert 
    into
        DataPoint
        (xval, yval, description, id) 
    values
        (?, ?, ?, ?)
14:10:55,775 DEBUG SQL:104 - 
    insert 
    into
        DataPoint
        (xval, yval, description, id) 
    values
        (?, ?, ?, ?)
14:10:55,778 DEBUG SQL:104 - 
    insert 
    into
        DataPoint
        (xval, yval, description, id) 
    values
        (?, ?, ?, ?)
14:10:55,780 DEBUG SQL:104 - 
    insert 
    into
        DataPoint
        (xval, yval, description, id) 
    values
        (?, ?, ?, ?)
14:10:55,782 DEBUG SQL:104 - 
    insert 
    into
        DataPoint
        (xval, yval, description, id) 
    values
        (?, ?, ?, ?)
14:10:55,784 DEBUG SQL:104 - 
    insert 
    into
        DataPoint
        (xval, yval, description, id) 
    values
        (?, ?, ?, ?)
14:10:55,789 DEBUG SQL:104 - 
    insert 
    into
        DataPoint
        (xval, yval, description, id) 
    values
        (?, ?, ?, ?)
14:10:55,792 DEBUG SQL:104 - 
    insert 
    into
        DataPoint
        (xval, yval, description, id) 
    values
        (?, ?, ?, ?)
14:10:55,797 DEBUG SQL:104 - 
    insert 
    into
        DataPoint
        (xval, yval, description, id) 
    values
        (?, ?, ?, ?)
14:10:55,799 DEBUG SQL:104 - 
    insert 
    into
        DataPoint
        (xval, yval, description, id) 
    values
        (?, ?, ?, ?)
14:10:55,803 DEBUG SQL:104 - 
    insert 
    into
        DataPoint
        (xval, yval, description, id) 
    values
        (?, ?, ?, ?)
14:10:55,828 DEBUG SQL:104 - 
    insert 
    into
        DataPoint
        (xval, yval, description, id) 
    values
        (?, ?, ?, ?)
14:10:55,830 DEBUG SQL:104 - 
    insert 
    into
        DataPoint
        (xval, yval, description, id) 
    values
        (?, ?, ?, ?)
14:10:55,832 DEBUG SQL:104 - 
    insert 
    into
        DataPoint
        (xval, yval, description, id) 
    values
        (?, ?, ?, ?)
14:10:55,833 DEBUG SQL:104 - 
    insert 
    into
        DataPoint
        (xval, yval, description, id) 
    values
        (?, ?, ?, ?)
14:10:55,835 DEBUG SQL:104 - 
    insert 
    into
        DataPoint
        (xval, yval, description, id) 
    values
        (?, ?, ?, ?)
14:10:55,837 DEBUG SQL:104 - 
    insert 
    into
        DataPoint
        (xval, yval, description, id) 
    values
        (?, ?, ?, ?)
14:10:55,838 DEBUG SQL:104 - 
    insert 
    into
        DataPoint
        (xval, yval, description, id) 
    values
        (?, ?, ?, ?)
14:10:55,840 DEBUG SQL:104 - 
    insert 
    into
        DataPoint
        (xval, yval, description, id) 
    values
        (?, ?, ?, ?)
14:10:55,843 DEBUG SQL:104 - 
    insert 
    into
        DataPoint
        (xval, yval, description, id) 
    values
        (?, ?, ?, ?)
14:10:55,849 DEBUG SQL:104 - 
    insert 
    into
        DataPoint
        (xval, yval, description, id) 
    values
        (?, ?, ?, ?)
14:10:55,850 DEBUG SQL:104 - 
    insert 
    into
        DataPoint
        (xval, yval, description, id) 
    values
        (?, ?, ?, ?)
14:10:55,851 DEBUG SQL:104 - 
    insert 
    into
        DataPoint
        (xval, yval, description, id) 
    values
        (?, ?, ?, ?)
14:10:55,853 DEBUG SQL:104 - 
    insert 
    into
        DataPoint
        (xval, yval, description, id) 
    values
        (?, ?, ?, ?)
14:10:55,853 DEBUG SQL:104 - 
    insert 
    into
        DataPoint
        (xval, yval, description, id) 
    values
        (?, ?, ?, ?)
14:10:55,854 DEBUG SQL:104 - 
    insert 
    into
        DataPoint
        (xval, yval, description, id) 
    values
        (?, ?, ?, ?)
14:10:55,855 DEBUG SQL:104 - 
    insert 
    into
        DataPoint
        (xval, yval, description, id) 
    values
        (?, ?, ?, ?)
14:10:55,858 DEBUG SQL:104 - 
    insert 
    into
        DataPoint
        (xval, yval, description, id) 
    values
        (?, ?, ?, ?)
14:10:55,864 DEBUG SQL:104 - 
    insert 
    into
        DataPoint
        (xval, yval, description, id) 
    values
        (?, ?, ?, ?)
14:10:55,865 DEBUG SQL:104 - 
    insert 
    into
        DataPoint
        (xval, yval, description, id) 
    values
        (?, ?, ?, ?)
14:10:55,866 DEBUG SQL:104 - 
    insert 
    into
        DataPoint
        (xval, yval, description, id) 
    values
        (?, ?, ?, ?)
14:10:55,867 DEBUG SQL:104 - 
    insert 
    into
        DataPoint
        (xval, yval, description, id) 
    values
        (?, ?, ?, ?)
14:10:55,868 DEBUG SQL:104 - 
    insert 
    into
        DataPoint
        (xval, yval, description, id) 
    values
        (?, ?, ?, ?)
14:10:55,869 DEBUG SQL:104 - 
    insert 
    into
        DataPoint
        (xval, yval, description, id) 
    values
        (?, ?, ?, ?)
14:10:55,870 DEBUG SQL:104 - 
    insert 
    into
        DataPoint
        (xval, yval, description, id) 
    values
        (?, ?, ?, ?)
14:10:55,871 DEBUG SQL:104 - 
    insert 
    into
        DataPoint
        (xval, yval, description, id) 
    values
        (?, ?, ?, ?)
14:10:55,872 DEBUG SQL:104 - 
    insert 
    into
        DataPoint
        (xval, yval, description, id) 
    values
        (?, ?, ?, ?)
14:10:55,873 DEBUG SQL:104 - 
    insert 
    into
        DataPoint
        (xval, yval, description, id) 
    values
        (?, ?, ?, ?)
14:10:55,874 DEBUG SQL:104 - 
    insert 
    into
        DataPoint
        (xval, yval, description, id) 
    values
        (?, ?, ?, ?)
14:10:55,878 DEBUG SQL:104 - 
    insert 
    into
        DataPoint
        (xval, yval, description, id) 
    values
        (?, ?, ?, ?)
14:10:55,880 DEBUG SQL:104 - 
    insert 
    into
        DataPoint
        (xval, yval, description, id) 
    values
        (?, ?, ?, ?)
14:10:55,882 DEBUG SQL:104 - 
    insert 
    into
        DataPoint
        (xval, yval, description, id) 
    values
        (?, ?, ?, ?)
14:10:55,955 DEBUG SQL:104 - 
    insert 
    into
        DataPoint
        (xval, yval, description, id) 
    values
        (?, ?, ?, ?)
14:10:55,962 DEBUG SQL:104 - 
    insert 
    into
        DataPoint
        (xval, yval, description, id) 
    values
        (?, ?, ?, ?)
14:10:55,965 DEBUG SQL:104 - 
    insert 
    into
        DataPoint
        (xval, yval, description, id) 
    values
        (?, ?, ?, ?)
14:10:55,966 DEBUG SQL:104 - 
    insert 
    into
        DataPoint
        (xval, yval, description, id) 
    values
        (?, ?, ?, ?)
14:10:55,969 DEBUG SQL:104 - 
    insert 
    into
        DataPoint
        (xval, yval, description, id) 
    values
        (?, ?, ?, ?)
14:10:55,970 DEBUG SQL:104 - 
    insert 
    into
        DataPoint
        (xval, yval, description, id) 
    values
        (?, ?, ?, ?)
14:10:55,977 DEBUG SQL:104 - 
    insert 
    into
        DataPoint
        (xval, yval, description, id) 
    values
        (?, ?, ?, ?)
14:10:55,978 DEBUG SQL:104 - 
    insert 
    into
        DataPoint
        (xval, yval, description, id) 
    values
        (?, ?, ?, ?)
14:10:55,979 DEBUG SQL:104 - 
    insert 
    into
        DataPoint
        (xval, yval, description, id) 
    values
        (?, ?, ?, ?)
14:10:55,980 DEBUG SQL:104 - 
    insert 
    into
        DataPoint
        (xval, yval, description, id) 
    values
        (?, ?, ?, ?)
14:10:55,981 DEBUG SQL:104 - 
    insert 
    into
        DataPoint
        (xval, yval, description, id) 
    values
        (?, ?, ?, ?)
14:10:55,982 DEBUG SQL:104 - 
    insert 
    into
        DataPoint
        (xval, yval, description, id) 
    values
        (?, ?, ?, ?)
14:10:55,983 DEBUG SQL:104 - 
    insert 
    into
        DataPoint
        (xval, yval, description, id) 
    values
        (?, ?, ?, ?)
14:10:55,983 DEBUG SQL:104 - 
    insert 
    into
        DataPoint
        (xval, yval, description, id) 
    values
        (?, ?, ?, ?)
14:10:55,984 DEBUG SQL:104 - 
    insert 
    into
        DataPoint
        (xval, yval, description, id) 
    values
        (?, ?, ?, ?)
14:10:55,985 DEBUG SQL:104 - 
    insert 
    into
        DataPoint
        (xval, yval, description, id) 
    values
        (?, ?, ?, ?)
14:10:55,988 DEBUG SQL:104 - 
    insert 
    into
        DataPoint
        (xval, yval, description, id) 
    values
        (?, ?, ?, ?)
14:10:56,019 DEBUG SQL:104 - 
    insert 
    into
        DataPoint
        (xval, yval, description, id) 
    values
        (?, ?, ?, ?)
14:10:56,021 DEBUG SQL:104 - 
    insert 
    into
        DataPoint
        (xval, yval, description, id) 
    values
        (?, ?, ?, ?)
14:10:56,022 DEBUG SQL:104 - 
    insert 
    into
        DataPoint
        (xval, yval, description, id) 
    values
        (?, ?, ?, ?)
14:10:56,024 DEBUG SQL:104 - 
    insert 
    into
        DataPoint
        (xval, yval, description, id) 
    values
        (?, ?, ?, ?)
14:10:56,025 DEBUG SQL:104 - 
    insert 
    into
        DataPoint
        (xval, yval, description, id) 
    values
        (?, ?, ?, ?)
14:10:56,027 DEBUG SQL:104 - 
    insert 
    into
        DataPoint
        (xval, yval, description, id) 
    values
        (?, ?, ?, ?)
14:10:56,034 DEBUG SQL:104 - 
    insert 
    into
        DataPoint
        (xval, yval, description, id) 
    values
        (?, ?, ?, ?)
14:10:56,036 DEBUG SQL:104 - 
    insert 
    into
        DataPoint
        (xval, yval, description, id) 
    values
        (?, ?, ?, ?)
14:10:56,037 DEBUG SQL:104 - 
    insert 
    into
        DataPoint
        (xval, yval, description, id) 
    values
        (?, ?, ?, ?)
14:10:56,042 DEBUG SQL:104 - 
    insert 
    into
        DataPoint
        (xval, yval, description, id) 
    values
        (?, ?, ?, ?)
14:10:56,044 DEBUG SQL:104 - 
    insert 
    into
        DataPoint
        (xval, yval, description, id) 
    values
        (?, ?, ?, ?)
14:10:56,045 DEBUG SQL:104 - 
    insert 
    into
        DataPoint
        (xval, yval, description, id) 
    values
        (?, ?, ?, ?)
14:10:56,058 DEBUG SQL:104 - 
    insert 
    into
        DataPoint
        (xval, yval, description, id) 
    values
        (?, ?, ?, ?)
14:10:56,059 DEBUG SQL:104 - 
    insert 
    into
        DataPoint
        (xval, yval, description, id) 
    values
        (?, ?, ?, ?)
14:10:56,072 DEBUG SQL:104 - 
    insert 
    into
        DataPoint
        (xval, yval, description, id) 
    values
        (?, ?, ?, ?)
14:10:56,073 DEBUG SQL:104 - 
    insert 
    into
        DataPoint
        (xval, yval, description, id) 
    values
        (?, ?, ?, ?)
14:10:56,074 DEBUG SQL:104 - 
    insert 
    into
        DataPoint
        (xval, yval, description, id) 
    values
        (?, ?, ?, ?)
14:10:56,076 DEBUG SQL:104 - 
    insert 
    into
        DataPoint
        (xval, yval, description, id) 
    values
        (?, ?, ?, ?)
14:10:56,077 DEBUG SQL:104 - 
    insert 
    into
        DataPoint
        (xval, yval, description, id) 
    values
        (?, ?, ?, ?)
14:10:56,079 DEBUG SQL:104 - 
    insert 
    into
        DataPoint
        (xval, yval, description, id) 
    values
        (?, ?, ?, ?)
14:10:56,080 DEBUG SQL:104 - 
    insert 
    into
        DataPoint
        (xval, yval, description, id) 
    values
        (?, ?, ?, ?)
14:10:56,086 DEBUG SQL:104 - 
    insert 
    into
        DataPoint
        (xval, yval, description, id) 
    values
        (?, ?, ?, ?)
14:10:56,087 DEBUG SQL:104 - 
    insert 
    into
        DataPoint
        (xval, yval, description, id) 
    values
        (?, ?, ?, ?)
14:10:56,089 DEBUG SQL:104 - 
    insert 
    into
        DataPoint
        (xval, yval, description, id) 
    values
        (?, ?, ?, ?)
14:10:56,090 DEBUG SQL:104 - 
    insert 
    into
        DataPoint
        (xval, yval, description, id) 
    values
        (?, ?, ?, ?)
14:10:56,092 DEBUG SQL:104 - 
    insert 
    into
        DataPoint
        (xval, yval, description, id) 
    values
        (?, ?, ?, ?)
14:10:56,093 DEBUG SQL:104 - 
    insert 
    into
        DataPoint
        (xval, yval, description, id) 
    values
        (?, ?, ?, ?)
14:10:56,095 DEBUG SQL:104 - 
    insert 
    into
        DataPoint
        (xval, yval, description, id) 
    values
        (?, ?, ?, ?)
14:10:56,096 DEBUG SQL:104 - 
    insert 
    into
        DataPoint
        (xval, yval, description, id) 
    values
        (?, ?, ?, ?)
14:10:56,106 DEBUG SQL:104 - 
    insert 
    into
        DataPoint
        (xval, yval, description, id) 
    values
        (?, ?, ?, ?)
14:10:56,109 DEBUG SQL:104 - 
    insert 
    into
        DataPoint
        (xval, yval, description, id) 
    values
        (?, ?, ?, ?)
14:10:56,111 DEBUG SQL:104 - 
    insert 
    into
        DataPoint
        (xval, yval, description, id) 
    values
        (?, ?, ?, ?)
14:10:56,112 DEBUG SQL:104 - 
    insert 
    into
        DataPoint
        (xval, yval, description, id) 
    values
        (?, ?, ?, ?)
14:10:56,113 DEBUG SQL:104 - 
    insert 
    into
        DataPoint
        (xval, yval, description, id) 
    values
        (?, ?, ?, ?)
14:10:56,115 DEBUG SQL:104 - 
    insert 
    into
        DataPoint
        (xval, yval, description, id) 
    values
        (?, ?, ?, ?)
14:10:56,116 DEBUG SQL:104 - 
    insert 
    into
        DataPoint
        (xval, yval, description, id) 
    values
        (?, ?, ?, ?)
14:10:56,117 DEBUG SQL:104 - 
    insert 
    into
        DataPoint
        (xval, yval, description, id) 
    values
        (?, ?, ?, ?)
14:10:56,134 DEBUG SQL:104 - 
    insert 
    into
        DataPoint
        (xval, yval, description, id) 
    values
        (?, ?, ?, ?)
14:10:56,135 DEBUG SQL:104 - 
    insert 
    into
        DataPoint
        (xval, yval, description, id) 
    values
        (?, ?, ?, ?)
14:10:56,136 DEBUG SQL:104 - 
    insert 
    into
        DataPoint
        (xval, yval, description, id) 
    values
        (?, ?, ?, ?)
14:10:56,137 DEBUG SQL:104 - 
    insert 
    into
        DataPoint
        (xval, yval, description, id) 
    values
        (?, ?, ?, ?)
14:10:56,138 DEBUG SQL:104 - 
    insert 
    into
        DataPoint
        (xval, yval, description, id) 
    values
        (?, ?, ?, ?)
14:10:56,139 DEBUG SQL:104 - 
    insert 
    into
        DataPoint
        (xval, yval, description, id) 
    values
        (?, ?, ?, ?)
14:10:56,140 DEBUG SQL:104 - 
    insert 
    into
        DataPoint
        (xval, yval, description, id) 
    values
        (?, ?, ?, ?)
14:10:56,141 DEBUG SQL:104 - 
    insert 
    into
        DataPoint
        (xval, yval, description, id) 
    values
        (?, ?, ?, ?)
14:10:56,142 DEBUG SQL:104 - 
    insert 
    into
        DataPoint
        (xval, yval, description, id) 
    values
        (?, ?, ?, ?)
14:10:56,143 DEBUG SQL:104 - 
    insert 
    into
        DataPoint
        (xval, yval, description, id) 
    values
        (?, ?, ?, ?)
14:10:56,143 DEBUG SQL:104 - 
    insert 
    into
        DataPoint
        (xval, yval, description, id) 
    values
        (?, ?, ?, ?)
14:10:56,144 DEBUG SQL:104 - 
    insert 
    into
        DataPoint
        (xval, yval, description, id) 
    values
        (?, ?, ?, ?)
14:10:56,183 DEBUG SQL:104 - 
    insert 
    into
        DataPoint
        (xval, yval, description, id) 
    values
        (?, ?, ?, ?)
14:10:56,185 DEBUG SQL:104 - 
    insert 
    into
        DataPoint
        (xval, yval, description, id) 
    values
        (?, ?, ?, ?)
14:10:56,211 DEBUG SQL:104 - 
    insert 
    into
        DataPoint
        (xval, yval, description, id) 
    values
        (?, ?, ?, ?)
14:10:56,219 DEBUG SQL:104 - 
    insert 
    into
        DataPoint
        (xval, yval, description, id) 
    values
        (?, ?, ?, ?)
14:10:56,220 DEBUG SQL:104 - 
    insert 
    into
        DataPoint
        (xval, yval, description, id) 
    values
        (?, ?, ?, ?)
14:10:56,221 DEBUG SQL:104 - 
    insert 
    into
        DataPoint
        (xval, yval, description, id) 
    values
        (?, ?, ?, ?)
14:10:56,221 DEBUG SQL:104 - 
    insert 
    into
        DataPoint
        (xval, yval, description, id) 
    values
        (?, ?, ?, ?)
14:10:56,222 DEBUG SQL:104 - 
    insert 
    into
        DataPoint
        (xval, yval, description, id) 
    values
        (?, ?, ?, ?)
14:10:56,223 DEBUG SQL:104 - 
    insert 
    into
        DataPoint
        (xval, yval, description, id) 
    values
        (?, ?, ?, ?)
14:10:56,224 DEBUG SQL:104 - 
    insert 
    into
        DataPoint
        (xval, yval, description, id) 
    values
        (?, ?, ?, ?)
14:10:56,225 DEBUG SQL:104 - 
    insert 
    into
        DataPoint
        (xval, yval, description, id) 
    values
        (?, ?, ?, ?)
14:10:56,225 DEBUG SQL:104 - 
    insert 
    into
        DataPoint
        (xval, yval, description, id) 
    values
        (?, ?, ?, ?)
14:10:56,226 DEBUG SQL:104 - 
    insert 
    into
        DataPoint
        (xval, yval, description, id) 
    values
        (?, ?, ?, ?)
14:10:56,227 DEBUG SQL:104 - 
    insert 
    into
        DataPoint
        (xval, yval, description, id) 
    values
        (?, ?, ?, ?)
14:10:56,232 DEBUG SQL:104 - 
    insert 
    into
        DataPoint
        (xval, yval, description, id) 
    values
        (?, ?, ?, ?)
14:10:56,233 DEBUG SQL:104 - 
    insert 
    into
        DataPoint
        (xval, yval, description, id) 
    values
        (?, ?, ?, ?)
14:10:56,234 DEBUG SQL:104 - 
    insert 
    into
        DataPoint
        (xval, yval, description, id) 
    values
        (?, ?, ?, ?)
14:10:56,235 DEBUG SQL:104 - 
    insert 
    into
        DataPoint
        (xval, yval, description, id) 
    values
        (?, ?, ?, ?)
14:10:56,239 DEBUG SQL:104 - 
    insert 
    into
        DataPoint
        (xval, yval, description, id) 
    values
        (?, ?, ?, ?)
14:10:56,262 DEBUG SQL:104 - 
    insert 
    into
        DataPoint
        (xval, yval, description, id) 
    values
        (?, ?, ?, ?)
14:10:56,279 DEBUG SQL:104 - 
    insert 
    into
        DataPoint
        (xval, yval, description, id) 
    values
        (?, ?, ?, ?)
14:10:56,280 DEBUG SQL:104 - 
    insert 
    into
        DataPoint
        (xval, yval, description, id) 
    values
        (?, ?, ?, ?)
14:10:56,281 DEBUG SQL:104 - 
    insert 
    into
        DataPoint
        (xval, yval, description, id) 
    values
        (?, ?, ?, ?)
14:10:56,282 DEBUG SQL:104 - 
    insert 
    into
        DataPoint
        (xval, yval, description, id) 
    values
        (?, ?, ?, ?)
14:10:56,283 DEBUG SQL:104 - 
    insert 
    into
        DataPoint
        (xval, yval, description, id) 
    values
        (?, ?, ?, ?)
14:10:56,283 DEBUG SQL:104 - 
    insert 
    into
        DataPoint
        (xval, yval, description, id) 
    values
        (?, ?, ?, ?)
14:10:56,284 DEBUG SQL:104 - 
    insert 
    into
        DataPoint
        (xval, yval, description, id) 
    values
        (?, ?, ?, ?)
14:10:56,296 DEBUG SQL:104 - 
    insert 
    into
        DataPoint
        (xval, yval, description, id) 
    values
        (?, ?, ?, ?)
14:10:56,302 DEBUG SQL:104 - 
    insert 
    into
        DataPoint
        (xval, yval, description, id) 
    values
        (?, ?, ?, ?)
14:10:56,303 DEBUG SQL:104 - 
    insert 
    into
        DataPoint
        (xval, yval, description, id) 
    values
        (?, ?, ?, ?)
14:10:56,304 DEBUG SQL:104 - 
    insert 
    into
        DataPoint
        (xval, yval, description, id) 
    values
        (?, ?, ?, ?)
14:10:56,305 DEBUG SQL:104 - 
    insert 
    into
        DataPoint
        (xval, yval, description, id) 
    values
        (?, ?, ?, ?)
14:10:56,306 DEBUG SQL:104 - 
    insert 
    into
        DataPoint
        (xval, yval, description, id) 
    values
        (?, ?, ?, ?)
14:10:56,307 DEBUG SQL:104 - 
    insert 
    into
        DataPoint
        (xval, yval, description, id) 
    values
        (?, ?, ?, ?)
14:10:56,308 DEBUG SQL:104 - 
    insert 
    into
        DataPoint
        (xval, yval, description, id) 
    values
        (?, ?, ?, ?)
14:10:56,309 DEBUG SQL:104 - 
    insert 
    into
        DataPoint
        (xval, yval, description, id) 
    values
        (?, ?, ?, ?)
14:10:56,309 DEBUG SQL:104 - 
    insert 
    into
        DataPoint
        (xval, yval, description, id) 
    values
        (?, ?, ?, ?)
14:10:56,310 DEBUG SQL:104 - 
    insert 
    into
        DataPoint
        (xval, yval, description, id) 
    values
        (?, ?, ?, ?)
14:10:56,318 DEBUG SQL:104 - 
    insert 
    into
        DataPoint
        (xval, yval, description, id) 
    values
        (?, ?, ?, ?)
14:10:56,319 DEBUG SQL:104 - 
    insert 
    into
        DataPoint
        (xval, yval, description, id) 
    values
        (?, ?, ?, ?)
14:10:56,323 DEBUG SQL:104 - 
    insert 
    into
        DataPoint
        (xval, yval, description, id) 
    values
        (?, ?, ?, ?)
14:10:56,324 DEBUG SQL:104 - 
    insert 
    into
        DataPoint
        (xval, yval, description, id) 
    values
        (?, ?, ?, ?)
14:10:56,325 DEBUG SQL:104 - 
    insert 
    into
        DataPoint
        (xval, yval, description, id) 
    values
        (?, ?, ?, ?)
14:10:56,326 DEBUG SQL:104 - 
    insert 
    into
        DataPoint
        (xval, yval, description, id) 
    values
        (?, ?, ?, ?)
14:10:56,337 DEBUG SQL:104 - 
    insert 
    into
        DataPoint
        (xval, yval, description, id) 
    values
        (?, ?, ?, ?)
14:10:56,338 DEBUG SQL:104 - 
    insert 
    into
        DataPoint
        (xval, yval, description, id) 
    values
        (?, ?, ?, ?)
14:10:56,338 DEBUG SQL:104 - 
    insert 
    into
        DataPoint
        (xval, yval, description, id) 
    values
        (?, ?, ?, ?)
14:10:56,339 DEBUG SQL:104 - 
    insert 
    into
        DataPoint
        (xval, yval, description, id) 
    values
        (?, ?, ?, ?)
14:10:56,340 DEBUG SQL:104 - 
    insert 
    into
        DataPoint
        (xval, yval, description, id) 
    values
        (?, ?, ?, ?)
14:10:56,341 DEBUG SQL:104 - 
    insert 
    into
        DataPoint
        (xval, yval, description, id) 
    values
        (?, ?, ?, ?)
14:10:56,342 DEBUG SQL:104 - 
    insert 
    into
        DataPoint
        (xval, yval, description, id) 
    values
        (?, ?, ?, ?)
14:10:56,343 DEBUG SQL:104 - 
    insert 
    into
        DataPoint
        (xval, yval, description, id) 
    values
        (?, ?, ?, ?)
14:10:56,344 DEBUG SQL:104 - 
    insert 
    into
        DataPoint
        (xval, yval, description, id) 
    values
        (?, ?, ?, ?)
14:10:56,344 DEBUG SQL:104 - 
    insert 
    into
        DataPoint
        (xval, yval, description, id) 
    values
        (?, ?, ?, ?)
14:10:56,345 DEBUG SQL:104 - 
    insert 
    into
        DataPoint
        (xval, yval, description, id) 
    values
        (?, ?, ?, ?)
14:10:56,372 DEBUG SQL:104 - 
    insert 
    into
        DataPoint
        (xval, yval, description, id) 
    values
        (?, ?, ?, ?)
14:10:56,374 DEBUG SQL:104 - 
    insert 
    into
        DataPoint
        (xval, yval, description, id) 
    values
        (?, ?, ?, ?)
14:10:56,375 DEBUG SQL:104 - 
    insert 
    into
        DataPoint
        (xval, yval, description, id) 
    values
        (?, ?, ?, ?)
14:10:56,375 DEBUG SQL:104 - 
    insert 
    into
        DataPoint
        (xval, yval, description, id) 
    values
        (?, ?, ?, ?)
14:10:56,376 DEBUG SQL:104 - 
    insert 
    into
        DataPoint
        (xval, yval, description, id) 
    values
        (?, ?, ?, ?)
14:10:56,381 DEBUG SQL:104 - 
    insert 
    into
        DataPoint
        (xval, yval, description, id) 
    values
        (?, ?, ?, ?)
14:10:56,382 DEBUG SQL:104 - 
    insert 
    into
        DataPoint
        (xval, yval, description, id) 
    values
        (?, ?, ?, ?)
14:10:56,383 DEBUG SQL:104 - 
    insert 
    into
        DataPoint
        (xval, yval, description, id) 
    values
        (?, ?, ?, ?)
14:10:56,384 DEBUG SQL:104 - 
    insert 
    into
        DataPoint
        (xval, yval, description, id) 
    values
        (?, ?, ?, ?)
14:10:56,385 DEBUG SQL:104 - 
    insert 
    into
        DataPoint
        (xval, yval, description, id) 
    values
        (?, ?, ?, ?)
14:10:56,386 DEBUG SQL:104 - 
    insert 
    into
        DataPoint
        (xval, yval, description, id) 
    values
        (?, ?, ?, ?)
14:10:56,399 DEBUG SQL:104 - 
    insert 
    into
        DataPoint
        (xval, yval, description, id) 
    values
        (?, ?, ?, ?)
14:10:56,400 DEBUG SQL:104 - 
    insert 
    into
        DataPoint
        (xval, yval, description, id) 
    values
        (?, ?, ?, ?)
14:10:56,401 DEBUG SQL:104 - 
    insert 
    into
        DataPoint
        (xval, yval, description, id) 
    values
        (?, ?, ?, ?)
14:10:56,402 DEBUG SQL:104 - 
    insert 
    into
        DataPoint
        (xval, yval, description, id) 
    values
        (?, ?, ?, ?)
14:10:56,403 DEBUG SQL:104 - 
    insert 
    into
        DataPoint
        (xval, yval, description, id) 
    values
        (?, ?, ?, ?)
14:10:56,404 DEBUG SQL:104 - 
    insert 
    into
        DataPoint
        (xval, yval, description, id) 
    values
        (?, ?, ?, ?)
14:10:56,422 DEBUG SQL:104 - 
    insert 
    into
        DataPoint
        (xval, yval, description, id) 
    values
        (?, ?, ?, ?)
14:10:56,424 DEBUG SQL:104 - 
    insert 
    into
        DataPoint
        (xval, yval, description, id) 
    values
        (?, ?, ?, ?)
14:10:56,426 DEBUG SQL:104 - 
    insert 
    into
        DataPoint
        (xval, yval, description, id) 
    values
        (?, ?, ?, ?)
14:10:56,427 DEBUG SQL:104 - 
    insert 
    into
        DataPoint
        (xval, yval, description, id) 
    values
        (?, ?, ?, ?)
14:10:56,428 DEBUG SQL:104 - 
    insert 
    into
        DataPoint
        (xval, yval, description, id) 
    values
        (?, ?, ?, ?)
14:10:56,429 DEBUG SQL:104 - 
    insert 
    into
        DataPoint
        (xval, yval, description, id) 
    values
        (?, ?, ?, ?)
14:10:56,430 DEBUG SQL:104 - 
    insert 
    into
        DataPoint
        (xval, yval, description, id) 
    values
        (?, ?, ?, ?)
14:10:56,432 DEBUG SQL:104 - 
    insert 
    into
        DataPoint
        (xval, yval, description, id) 
    values
        (?, ?, ?, ?)
14:10:56,437 DEBUG SQL:104 - 
    insert 
    into
        DataPoint
        (xval, yval, description, id) 
    values
        (?, ?, ?, ?)
14:10:56,438 DEBUG SQL:104 - 
    insert 
    into
        DataPoint
        (xval, yval, description, id) 
    values
        (?, ?, ?, ?)
14:10:56,439 DEBUG SQL:104 - 
    insert 
    into
        DataPoint
        (xval, yval, description, id) 
    values
        (?, ?, ?, ?)
14:10:56,439 DEBUG SQL:104 - 
    insert 
    into
        DataPoint
        (xval, yval, description, id) 
    values
        (?, ?, ?, ?)
14:10:56,440 DEBUG SQL:104 - 
    insert 
    into
        DataPoint
        (xval, yval, description, id) 
    values
        (?, ?, ?, ?)
14:10:56,441 DEBUG SQL:104 - 
    insert 
    into
        DataPoint
        (xval, yval, description, id) 
    values
        (?, ?, ?, ?)
14:10:56,442 DEBUG SQL:104 - 
    insert 
    into
        DataPoint
        (xval, yval, description, id) 
    values
        (?, ?, ?, ?)
14:10:56,443 DEBUG SQL:104 - 
    insert 
    into
        DataPoint
        (xval, yval, description, id) 
    values
        (?, ?, ?, ?)
14:10:56,444 DEBUG SQL:104 - 
    insert 
    into
        DataPoint
        (xval, yval, description, id) 
    values
        (?, ?, ?, ?)
14:10:56,445 DEBUG SQL:104 - 
    insert 
    into
        DataPoint
        (xval, yval, description, id) 
    values
        (?, ?, ?, ?)
14:10:56,445 DEBUG SQL:104 - 
    insert 
    into
        DataPoint
        (xval, yval, description, id) 
    values
        (?, ?, ?, ?)
14:10:56,454 DEBUG SQL:104 - 
    insert 
    into
        DataPoint
        (xval, yval, description, id) 
    values
        (?, ?, ?, ?)
14:10:56,480 DEBUG SQL:104 - 
    insert 
    into
        DataPoint
        (xval, yval, description, id) 
    values
        (?, ?, ?, ?)
14:10:56,482 DEBUG SQL:104 - 
    insert 
    into
        DataPoint
        (xval, yval, description, id) 
    values
        (?, ?, ?, ?)
14:10:56,503 DEBUG SQL:104 - 
    insert 
    into
        DataPoint
        (xval, yval, description, id) 
    values
        (?, ?, ?, ?)
14:10:56,504 DEBUG SQL:104 - 
    insert 
    into
        DataPoint
        (xval, yval, description, id) 
    values
        (?, ?, ?, ?)
14:10:56,505 DEBUG SQL:104 - 
    insert 
    into
        DataPoint
        (xval, yval, description, id) 
    values
        (?, ?, ?, ?)
14:10:56,506 DEBUG SQL:104 - 
    insert 
    into
        DataPoint
        (xval, yval, description, id) 
    values
        (?, ?, ?, ?)
14:10:56,507 DEBUG SQL:104 - 
    insert 
    into
        DataPoint
        (xval, yval, description, id) 
    values
        (?, ?, ?, ?)
14:10:56,508 DEBUG SQL:104 - 
    insert 
    into
        DataPoint
        (xval, yval, description, id) 
    values
        (?, ?, ?, ?)
14:10:56,512 DEBUG SQL:104 - 
    insert 
    into
        DataPoint
        (xval, yval, description, id) 
    values
        (?, ?, ?, ?)
14:10:56,513 DEBUG SQL:104 - 
    insert 
    into
        DataPoint
        (xval, yval, description, id) 
    values
        (?, ?, ?, ?)
14:10:56,514 DEBUG SQL:104 - 
    insert 
    into
        DataPoint
        (xval, yval, description, id) 
    values
        (?, ?, ?, ?)
14:10:56,514 DEBUG SQL:104 - 
    insert 
    into
        DataPoint
        (xval, yval, description, id) 
    values
        (?, ?, ?, ?)
14:10:56,515 DEBUG SQL:104 - 
    insert 
    into
        DataPoint
        (xval, yval, description, id) 
    values
        (?, ?, ?, ?)
14:10:56,516 DEBUG SQL:104 - 
    insert 
    into
        DataPoint
        (xval, yval, description, id) 
    values
        (?, ?, ?, ?)
14:10:56,517 DEBUG SQL:104 - 
    insert 
    into
        DataPoint
        (xval, yval, description, id) 
    values
        (?, ?, ?, ?)
14:10:56,518 DEBUG SQL:104 - 
    insert 
    into
        DataPoint
        (xval, yval, description, id) 
    values
        (?, ?, ?, ?)
14:10:56,519 DEBUG SQL:104 - 
    insert 
    into
        DataPoint
        (xval, yval, description, id) 
    values
        (?, ?, ?, ?)
14:10:56,519 DEBUG SQL:104 - 
    insert 
    into
        DataPoint
        (xval, yval, description, id) 
    values
        (?, ?, ?, ?)
14:10:56,520 DEBUG SQL:104 - 
    insert 
    into
        DataPoint
        (xval, yval, description, id) 
    values
        (?, ?, ?, ?)
14:10:56,521 DEBUG SQL:104 - 
    insert 
    into
        DataPoint
        (xval, yval, description, id) 
    values
        (?, ?, ?, ?)
14:10:56,522 DEBUG SQL:104 - 
    insert 
    into
        DataPoint
        (xval, yval, description, id) 
    values
        (?, ?, ?, ?)
14:10:56,523 DEBUG SQL:104 - 
    insert 
    into
        DataPoint
        (xval, yval, description, id) 
    values
        (?, ?, ?, ?)
14:10:56,523 DEBUG SQL:104 - 
    insert 
    into
        DataPoint
        (xval, yval, description, id) 
    values
        (?, ?, ?, ?)
14:10:56,524 DEBUG SQL:104 - 
    insert 
    into
        DataPoint
        (xval, yval, description, id) 
    values
        (?, ?, ?, ?)
14:10:56,538 DEBUG SQL:104 - 
    insert 
    into
        DataPoint
        (xval, yval, description, id) 
    values
        (?, ?, ?, ?)
14:10:56,542 DEBUG SQL:104 - 
    insert 
    into
        DataPoint
        (xval, yval, description, id) 
    values
        (?, ?, ?, ?)
14:10:56,546 DEBUG SQL:104 - 
    insert 
    into
        DataPoint
        (xval, yval, description, id) 
    values
        (?, ?, ?, ?)
14:10:56,550 DEBUG SQL:104 - 
    insert 
    into
        DataPoint
        (xval, yval, description, id) 
    values
        (?, ?, ?, ?)
14:10:56,559 DEBUG SQL:104 - 
    insert 
    into
        DataPoint
        (xval, yval, description, id) 
    values
        (?, ?, ?, ?)
14:10:56,560 DEBUG SQL:104 - 
    insert 
    into
        DataPoint
        (xval, yval, description, id) 
    values
        (?, ?, ?, ?)
14:10:56,572 DEBUG SQL:104 - 
    insert 
    into
        DataPoint
        (xval, yval, description, id) 
    values
        (?, ?, ?, ?)
14:10:56,581 DEBUG SQL:104 - 
    insert 
    into
        DataPoint
        (xval, yval, description, id) 
    values
        (?, ?, ?, ?)
14:10:56,585 DEBUG SQL:104 - 
    insert 
    into
        DataPoint
        (xval, yval, description, id) 
    values
        (?, ?, ?, ?)
14:10:56,588 DEBUG SQL:104 - 
    insert 
    into
        DataPoint
        (xval, yval, description, id) 
    values
        (?, ?, ?, ?)
14:10:56,592 DEBUG SQL:104 - 
    insert 
    into
        DataPoint
        (xval, yval, description, id) 
    values
        (?, ?, ?, ?)
14:10:56,596 DEBUG SQL:104 - 
    insert 
    into
        DataPoint
        (xval, yval, description, id) 
    values
        (?, ?, ?, ?)
14:10:56,614 DEBUG SQL:104 - 
    insert 
    into
        DataPoint
        (xval, yval, description, id) 
    values
        (?, ?, ?, ?)
14:10:56,615 DEBUG SQL:104 - 
    insert 
    into
        DataPoint
        (xval, yval, description, id) 
    values
        (?, ?, ?, ?)
14:10:56,616 DEBUG SQL:104 - 
    insert 
    into
        DataPoint
        (xval, yval, description, id) 
    values
        (?, ?, ?, ?)
14:10:56,617 DEBUG SQL:104 - 
    insert 
    into
        DataPoint
        (xval, yval, description, id) 
    values
        (?, ?, ?, ?)
14:10:56,618 DEBUG SQL:104 - 
    insert 
    into
        DataPoint
        (xval, yval, description, id) 
    values
        (?, ?, ?, ?)
14:10:56,619 DEBUG SQL:104 - 
    insert 
    into
        DataPoint
        (xval, yval, description, id) 
    values
        (?, ?, ?, ?)
14:10:56,620 DEBUG SQL:104 - 
    insert 
    into
        DataPoint
        (xval, yval, description, id) 
    values
        (?, ?, ?, ?)
14:10:56,637 DEBUG SQL:104 - 
    insert 
    into
        DataPoint
        (xval, yval, description, id) 
    values
        (?, ?, ?, ?)
14:10:56,640 DEBUG SQL:104 - 
    insert 
    into
        DataPoint
        (xval, yval, description, id) 
    values
        (?, ?, ?, ?)
14:10:56,642 DEBUG SQL:104 - 
    insert 
    into
        DataPoint
        (xval, yval, description, id) 
    values
        (?, ?, ?, ?)
14:10:56,647 DEBUG SQL:104 - 
    insert 
    into
        DataPoint
        (xval, yval, description, id) 
    values
        (?, ?, ?, ?)
14:10:56,648 DEBUG SQL:104 - 
    insert 
    into
        DataPoint
        (xval, yval, description, id) 
    values
        (?, ?, ?, ?)
14:10:56,662 DEBUG SQL:104 - 
    insert 
    into
        DataPoint
        (xval, yval, description, id) 
    values
        (?, ?, ?, ?)
14:10:56,684 DEBUG SQL:104 - 
    insert 
    into
        DataPoint
        (xval, yval, description, id) 
    values
        (?, ?, ?, ?)
14:10:56,685 DEBUG SQL:104 - 
    insert 
    into
        DataPoint
        (xval, yval, description, id) 
    values
        (?, ?, ?, ?)
14:10:56,686 DEBUG SQL:104 - 
    insert 
    into
        DataPoint
        (xval, yval, description, id) 
    values
        (?, ?, ?, ?)
14:10:56,687 DEBUG SQL:104 - 
    insert 
    into
        DataPoint
        (xval, yval, description, id) 
    values
        (?, ?, ?, ?)
14:10:56,688 DEBUG SQL:104 - 
    insert 
    into
        DataPoint
        (xval, yval, description, id) 
    values
        (?, ?, ?, ?)
14:10:56,688 DEBUG SQL:104 - 
    insert 
    into
        DataPoint
        (xval, yval, description, id) 
    values
        (?, ?, ?, ?)
14:10:56,689 DEBUG SQL:104 - 
    insert 
    into
        DataPoint
        (xval, yval, description, id) 
    values
        (?, ?, ?, ?)
14:10:56,724 DEBUG SQL:104 - 
    insert 
    into
        DataPoint
        (xval, yval, description, id) 
    values
        (?, ?, ?, ?)
14:10:56,726 DEBUG SQL:104 - 
    insert 
    into
        DataPoint
        (xval, yval, description, id) 
    values
        (?, ?, ?, ?)
14:10:56,728 DEBUG SQL:104 - 
    insert 
    into
        DataPoint
        (xval, yval, description, id) 
    values
        (?, ?, ?, ?)
14:10:56,729 DEBUG SQL:104 - 
    insert 
    into
        DataPoint
        (xval, yval, description, id) 
    values
        (?, ?, ?, ?)
14:10:56,730 DEBUG SQL:104 - 
    insert 
    into
        DataPoint
        (xval, yval, description, id) 
    values
        (?, ?, ?, ?)
14:10:56,731 DEBUG SQL:104 - 
    insert 
    into
        DataPoint
        (xval, yval, description, id) 
    values
        (?, ?, ?, ?)
14:10:56,733 DEBUG SQL:104 - 
    insert 
    into
        DataPoint
        (xval, yval, description, id) 
    values
        (?, ?, ?, ?)
14:10:56,735 DEBUG SQL:104 - 
    insert 
    into
        DataPoint
        (xval, yval, description, id) 
    values
        (?, ?, ?, ?)
14:10:56,737 DEBUG SQL:104 - 
    insert 
    into
        DataPoint
        (xval, yval, description, id) 
    values
        (?, ?, ?, ?)
14:10:56,739 DEBUG SQL:104 - 
    insert 
    into
        DataPoint
        (xval, yval, description, id) 
    values
        (?, ?, ?, ?)
14:10:56,740 DEBUG SQL:104 - 
    insert 
    into
        DataPoint
        (xval, yval, description, id) 
    values
        (?, ?, ?, ?)
14:10:56,751 DEBUG SQL:104 - 
    insert 
    into
        DataPoint
        (xval, yval, description, id) 
    values
        (?, ?, ?, ?)
14:10:56,756 DEBUG SQL:104 - 
    insert 
    into
        DataPoint
        (xval, yval, description, id) 
    values
        (?, ?, ?, ?)
14:10:56,757 DEBUG SQL:104 - 
    insert 
    into
        DataPoint
        (xval, yval, description, id) 
    values
        (?, ?, ?, ?)
14:10:56,759 DEBUG SQL:104 - 
    insert 
    into
        DataPoint
        (xval, yval, description, id) 
    values
        (?, ?, ?, ?)
14:10:56,759 DEBUG SQL:104 - 
    insert 
    into
        DataPoint
        (xval, yval, description, id) 
    values
        (?, ?, ?, ?)
14:10:56,763 DEBUG SQL:104 - 
    insert 
    into
        DataPoint
        (xval, yval, description, id) 
    values
        (?, ?, ?, ?)
14:10:56,769 DEBUG SQL:104 - 
    insert 
    into
        DataPoint
        (xval, yval, description, id) 
    values
        (?, ?, ?, ?)
14:10:56,771 DEBUG SQL:104 - 
    insert 
    into
        DataPoint
        (xval, yval, description, id) 
    values
        (?, ?, ?, ?)
14:10:56,772 DEBUG SQL:104 - 
    insert 
    into
        DataPoint
        (xval, yval, description, id) 
    values
        (?, ?, ?, ?)
14:10:56,773 DEBUG SQL:104 - 
    insert 
    into
        DataPoint
        (xval, yval, description, id) 
    values
        (?, ?, ?, ?)
14:10:56,774 DEBUG SQL:104 - 
    insert 
    into
        DataPoint
        (xval, yval, description, id) 
    values
        (?, ?, ?, ?)
14:10:56,789 DEBUG SQL:104 - 
    insert 
    into
        DataPoint
        (xval, yval, description, id) 
    values
        (?, ?, ?, ?)
14:10:56,791 DEBUG SQL:104 - 
    insert 
    into
        DataPoint
        (xval, yval, description, id) 
    values
        (?, ?, ?, ?)
14:10:56,791 DEBUG SQL:104 - 
    insert 
    into
        DataPoint
        (xval, yval, description, id) 
    values
        (?, ?, ?, ?)
14:10:56,792 DEBUG SQL:104 - 
    insert 
    into
        DataPoint
        (xval, yval, description, id) 
    values
        (?, ?, ?, ?)
14:10:56,824 DEBUG SQL:104 - 
    insert 
    into
        DataPoint
        (xval, yval, description, id) 
    values
        (?, ?, ?, ?)
14:10:56,825 DEBUG SQL:104 - 
    insert 
    into
        DataPoint
        (xval, yval, description, id) 
    values
        (?, ?, ?, ?)
14:10:56,826 DEBUG SQL:104 - 
    insert 
    into
        DataPoint
        (xval, yval, description, id) 
    values
        (?, ?, ?, ?)
14:10:56,839 DEBUG SQL:104 - 
    insert 
    into
        DataPoint
        (xval, yval, description, id) 
    values
        (?, ?, ?, ?)
14:10:56,840 DEBUG SQL:104 - 
    insert 
    into
        DataPoint
        (xval, yval, description, id) 
    values
        (?, ?, ?, ?)
14:10:56,841 DEBUG SQL:104 - 
    insert 
    into
        DataPoint
        (xval, yval, description, id) 
    values
        (?, ?, ?, ?)
14:10:56,846 DEBUG SQL:104 - 
    insert 
    into
        DataPoint
        (xval, yval, description, id) 
    values
        (?, ?, ?, ?)
14:10:56,846 DEBUG SQL:104 - 
    insert 
    into
        DataPoint
        (xval, yval, description, id) 
    values
        (?, ?, ?, ?)
14:10:56,850 DEBUG SQL:104 - 
    insert 
    into
        DataPoint
        (xval, yval, description, id) 
    values
        (?, ?, ?, ?)
14:10:56,850 DEBUG SQL:104 - 
    insert 
    into
        DataPoint
        (xval, yval, description, id) 
    values
        (?, ?, ?, ?)
14:10:56,851 DEBUG SQL:104 - 
    insert 
    into
        DataPoint
        (xval, yval, description, id) 
    values
        (?, ?, ?, ?)
14:10:56,852 DEBUG SQL:104 - 
    insert 
    into
        DataPoint
        (xval, yval, description, id) 
    values
        (?, ?, ?, ?)
14:10:56,853 DEBUG SQL:104 - 
    insert 
    into
        DataPoint
        (xval, yval, description, id) 
    values
        (?, ?, ?, ?)
14:10:56,854 DEBUG SQL:104 - 
    insert 
    into
        DataPoint
        (xval, yval, description, id) 
    values
        (?, ?, ?, ?)
14:10:56,856 DEBUG SQL:104 - 
    insert 
    into
        DataPoint
        (xval, yval, description, id) 
    values
        (?, ?, ?, ?)
14:10:56,886 DEBUG SQL:104 - 
    insert 
    into
        DataPoint
        (xval, yval, description, id) 
    values
        (?, ?, ?, ?)
14:10:56,887 DEBUG SQL:104 - 
    insert 
    into
        DataPoint
        (xval, yval, description, id) 
    values
        (?, ?, ?, ?)
14:10:56,887 DEBUG SQL:104 - 
    insert 
    into
        DataPoint
        (xval, yval, description, id) 
    values
        (?, ?, ?, ?)
14:10:56,888 DEBUG SQL:104 - 
    insert 
    into
        DataPoint
        (xval, yval, description, id) 
    values
        (?, ?, ?, ?)
14:10:56,889 DEBUG SQL:104 - 
    insert 
    into
        DataPoint
        (xval, yval, description, id) 
    values
        (?, ?, ?, ?)
14:10:56,914 DEBUG SQL:104 - 
    insert 
    into
        DataPoint
        (xval, yval, description, id) 
    values
        (?, ?, ?, ?)
14:10:56,915 DEBUG SQL:104 - 
    insert 
    into
        DataPoint
        (xval, yval, description, id) 
    values
        (?, ?, ?, ?)
14:10:56,916 DEBUG SQL:104 - 
    insert 
    into
        DataPoint
        (xval, yval, description, id) 
    values
        (?, ?, ?, ?)
14:10:56,917 DEBUG SQL:104 - 
    insert 
    into
        DataPoint
        (xval, yval, description, id) 
    values
        (?, ?, ?, ?)
14:10:56,918 DEBUG SQL:104 - 
    insert 
    into
        DataPoint
        (xval, yval, description, id) 
    values
        (?, ?, ?, ?)
14:10:56,919 DEBUG SQL:104 - 
    insert 
    into
        DataPoint
        (xval, yval, description, id) 
    values
        (?, ?, ?, ?)
14:10:56,936 DEBUG SQL:104 - 
    insert 
    into
        DataPoint
        (xval, yval, description, id) 
    values
        (?, ?, ?, ?)
14:10:56,950 DEBUG SQL:104 - 
    insert 
    into
        DataPoint
        (xval, yval, description, id) 
    values
        (?, ?, ?, ?)
14:10:56,951 DEBUG SQL:104 - 
    insert 
    into
        DataPoint
        (xval, yval, description, id) 
    values
        (?, ?, ?, ?)
14:10:56,952 DEBUG SQL:104 - 
    insert 
    into
        DataPoint
        (xval, yval, description, id) 
    values
        (?, ?, ?, ?)
14:10:56,953 DEBUG SQL:104 - 
    insert 
    into
        DataPoint
        (xval, yval, description, id) 
    values
        (?, ?, ?, ?)
14:10:56,954 DEBUG SQL:104 - 
    insert 
    into
        DataPoint
        (xval, yval, description, id) 
    values
        (?, ?, ?, ?)
14:10:56,955 DEBUG SQL:104 - 
    insert 
    into
        DataPoint
        (xval, yval, description, id) 
    values
        (?, ?, ?, ?)
14:10:56,956 DEBUG SQL:104 - 
    insert 
    into
        DataPoint
        (xval, yval, description, id) 
    values
        (?, ?, ?, ?)
14:10:56,957 DEBUG SQL:104 - 
    insert 
    into
        DataPoint
        (xval, yval, description, id) 
    values
        (?, ?, ?, ?)
14:10:56,967 DEBUG SQL:104 - 
    insert 
    into
        DataPoint
        (xval, yval, description, id) 
    values
        (?, ?, ?, ?)
14:10:56,968 DEBUG SQL:104 - 
    insert 
    into
        DataPoint
        (xval, yval, description, id) 
    values
        (?, ?, ?, ?)
14:10:56,969 DEBUG SQL:104 - 
    insert 
    into
        DataPoint
        (xval, yval, description, id) 
    values
        (?, ?, ?, ?)
14:10:56,980 DEBUG SQL:104 - 
    insert 
    into
        DataPoint
        (xval, yval, description, id) 
    values
        (?, ?, ?, ?)
14:10:57,021 DEBUG SQL:104 - 
    insert 
    into
        DataPoint
        (xval, yval, description, id) 
    values
        (?, ?, ?, ?)
14:10:57,022 DEBUG SQL:104 - 
    insert 
    into
        DataPoint
        (xval, yval, description, id) 
    values
        (?, ?, ?, ?)
14:10:57,023 DEBUG SQL:104 - 
    insert 
    into
        DataPoint
        (xval, yval, description, id) 
    values
        (?, ?, ?, ?)
14:10:57,023 DEBUG SQL:104 - 
    insert 
    into
        DataPoint
        (xval, yval, description, id) 
    values
        (?, ?, ?, ?)
14:10:57,024 DEBUG SQL:104 - 
    insert 
    into
        DataPoint
        (xval, yval, description, id) 
    values
        (?, ?, ?, ?)
14:10:57,025 DEBUG SQL:104 - 
    insert 
    into
        DataPoint
        (xval, yval, description, id) 
    values
        (?, ?, ?, ?)
14:10:57,026 DEBUG SQL:104 - 
    insert 
    into
        DataPoint
        (xval, yval, description, id) 
    values
        (?, ?, ?, ?)
14:10:57,043 DEBUG SQL:104 - 
    insert 
    into
        DataPoint
        (xval, yval, description, id) 
    values
        (?, ?, ?, ?)
14:10:57,044 DEBUG SQL:104 - 
    insert 
    into
        DataPoint
        (xval, yval, description, id) 
    values
        (?, ?, ?, ?)
14:10:57,045 DEBUG SQL:104 - 
    insert 
    into
        DataPoint
        (xval, yval, description, id) 
    values
        (?, ?, ?, ?)
14:10:57,046 DEBUG SQL:104 - 
    insert 
    into
        DataPoint
        (xval, yval, description, id) 
    values
        (?, ?, ?, ?)
14:10:57,047 DEBUG SQL:104 - 
    insert 
    into
        DataPoint
        (xval, yval, description, id) 
    values
        (?, ?, ?, ?)
14:10:57,048 DEBUG SQL:104 - 
    insert 
    into
        DataPoint
        (xval, yval, description, id) 
    values
        (?, ?, ?, ?)
14:10:57,048 DEBUG SQL:104 - 
    insert 
    into
        DataPoint
        (xval, yval, description, id) 
    values
        (?, ?, ?, ?)
14:10:57,049 DEBUG SQL:104 - 
    insert 
    into
        DataPoint
        (xval, yval, description, id) 
    values
        (?, ?, ?, ?)
14:10:57,050 DEBUG SQL:104 - 
    insert 
    into
        DataPoint
        (xval, yval, description, id) 
    values
        (?, ?, ?, ?)
14:10:57,051 DEBUG SQL:104 - 
    insert 
    into
        DataPoint
        (xval, yval, description, id) 
    values
        (?, ?, ?, ?)
14:10:57,073 DEBUG SQL:104 - 
    insert 
    into
        DataPoint
        (xval, yval, description, id) 
    values
        (?, ?, ?, ?)
14:10:57,074 DEBUG SQL:104 - 
    insert 
    into
        DataPoint
        (xval, yval, description, id) 
    values
        (?, ?, ?, ?)
14:10:57,075 DEBUG SQL:104 - 
    insert 
    into
        DataPoint
        (xval, yval, description, id) 
    values
        (?, ?, ?, ?)
14:10:57,075 DEBUG SQL:104 - 
    insert 
    into
        DataPoint
        (xval, yval, description, id) 
    values
        (?, ?, ?, ?)
14:10:57,076 DEBUG SQL:104 - 
    insert 
    into
        DataPoint
        (xval, yval, description, id) 
    values
        (?, ?, ?, ?)
14:10:57,107 DEBUG SQL:104 - 
    insert 
    into
        DataPoint
        (xval, yval, description, id) 
    values
        (?, ?, ?, ?)
14:10:57,108 DEBUG SQL:104 - 
    insert 
    into
        DataPoint
        (xval, yval, description, id) 
    values
        (?, ?, ?, ?)
14:10:57,109 DEBUG SQL:104 - 
    insert 
    into
        DataPoint
        (xval, yval, description, id) 
    values
        (?, ?, ?, ?)
14:10:57,110 DEBUG SQL:104 - 
    insert 
    into
        DataPoint
        (xval, yval, description, id) 
    values
        (?, ?, ?, ?)
14:10:57,133 DEBUG SQL:104 - 
    insert 
    into
        DataPoint
        (xval, yval, description, id) 
    values
        (?, ?, ?, ?)
14:10:57,149 DEBUG SQL:104 - 
    insert 
    into
        DataPoint
        (xval, yval, description, id) 
    values
        (?, ?, ?, ?)
14:10:57,150 DEBUG SQL:104 - 
    insert 
    into
        DataPoint
        (xval, yval, description, id) 
    values
        (?, ?, ?, ?)
14:10:57,151 DEBUG SQL:104 - 
    insert 
    into
        DataPoint
        (xval, yval, description, id) 
    values
        (?, ?, ?, ?)
14:10:57,169 DEBUG SQL:104 - 
    insert 
    into
        DataPoint
        (xval, yval, description, id) 
    values
        (?, ?, ?, ?)
14:10:57,171 DEBUG SQL:104 - 
    insert 
    into
        DataPoint
        (xval, yval, description, id) 
    values
        (?, ?, ?, ?)
14:10:57,172 DEBUG SQL:104 - 
    insert 
    into
        DataPoint
        (xval, yval, description, id) 
    values
        (?, ?, ?, ?)
14:10:57,172 DEBUG SQL:104 - 
    insert 
    into
        DataPoint
        (xval, yval, description, id) 
    values
        (?, ?, ?, ?)
14:10:57,173 DEBUG SQL:104 - 
    insert 
    into
        DataPoint
        (xval, yval, description, id) 
    values
        (?, ?, ?, ?)
14:10:57,174 DEBUG SQL:104 - 
    insert 
    into
        DataPoint
        (xval, yval, description, id) 
    values
        (?, ?, ?, ?)
14:10:57,175 DEBUG SQL:104 - 
    insert 
    into
        DataPoint
        (xval, yval, description, id) 
    values
        (?, ?, ?, ?)
14:10:57,226 DEBUG SQL:104 - 
    insert 
    into
        DataPoint
        (xval, yval, description, id) 
    values
        (?, ?, ?, ?)
14:10:57,227 DEBUG SQL:104 - 
    insert 
    into
        DataPoint
        (xval, yval, description, id) 
    values
        (?, ?, ?, ?)
14:10:57,227 DEBUG SQL:104 - 
    insert 
    into
        DataPoint
        (xval, yval, description, id) 
    values
        (?, ?, ?, ?)
14:10:57,228 DEBUG SQL:104 - 
    insert 
    into
        DataPoint
        (xval, yval, description, id) 
    values
        (?, ?, ?, ?)
14:10:57,229 DEBUG SQL:104 - 
    insert 
    into
        DataPoint
        (xval, yval, description, id) 
    values
        (?, ?, ?, ?)
14:10:57,230 DEBUG SQL:104 - 
    insert 
    into
        DataPoint
        (xval, yval, description, id) 
    values
        (?, ?, ?, ?)
14:10:57,231 DEBUG SQL:104 - 
    insert 
    into
        DataPoint
        (xval, yval, description, id) 
    values
        (?, ?, ?, ?)
14:10:57,232 DEBUG SQL:104 - 
    insert 
    into
        DataPoint
        (xval, yval, description, id) 
    values
        (?, ?, ?, ?)
14:10:57,233 DEBUG SQL:104 - 
    insert 
    into
        DataPoint
        (xval, yval, description, id) 
    values
        (?, ?, ?, ?)
14:10:57,251 DEBUG SQL:104 - 
    insert 
    into
        DataPoint
        (xval, yval, description, id) 
    values
        (?, ?, ?, ?)
14:10:57,263 DEBUG SQL:104 - 
    insert 
    into
        DataPoint
        (xval, yval, description, id) 
    values
        (?, ?, ?, ?)
14:10:57,264 DEBUG SQL:104 - 
    insert 
    into
        DataPoint
        (xval, yval, description, id) 
    values
        (?, ?, ?, ?)
14:10:57,265 DEBUG SQL:104 - 
    insert 
    into
        DataPoint
        (xval, yval, description, id) 
    values
        (?, ?, ?, ?)
14:10:57,278 DEBUG SQL:104 - 
    insert 
    into
        DataPoint
        (xval, yval, description, id) 
    values
        (?, ?, ?, ?)
14:10:57,288 DEBUG SQL:104 - 
    insert 
    into
        DataPoint
        (xval, yval, description, id) 
    values
        (?, ?, ?, ?)
14:10:57,290 DEBUG SQL:104 - 
    insert 
    into
        DataPoint
        (xval, yval, description, id) 
    values
        (?, ?, ?, ?)
14:10:57,291 DEBUG SQL:104 - 
    insert 
    into
        DataPoint
        (xval, yval, description, id) 
    values
        (?, ?, ?, ?)
14:10:57,292 DEBUG SQL:104 - 
    insert 
    into
        DataPoint
        (xval, yval, description, id) 
    values
        (?, ?, ?, ?)
14:10:57,293 DEBUG SQL:104 - 
    insert 
    into
        DataPoint
        (xval, yval, description, id) 
    values
        (?, ?, ?, ?)
14:10:57,331 DEBUG SQL:104 - 
    insert 
    into
        DataPoint
        (xval, yval, description, id) 
    values
        (?, ?, ?, ?)
14:10:57,332 DEBUG SQL:104 - 
    insert 
    into
        DataPoint
        (xval, yval, description, id) 
    values
        (?, ?, ?, ?)
14:10:57,333 DEBUG SQL:104 - 
    insert 
    into
        DataPoint
        (xval, yval, description, id) 
    values
        (?, ?, ?, ?)
14:10:57,334 DEBUG SQL:104 - 
    insert 
    into
        DataPoint
        (xval, yval, description, id) 
    values
        (?, ?, ?, ?)
14:10:57,335 DEBUG SQL:104 - 
    insert 
    into
        DataPoint
        (xval, yval, description, id) 
    values
        (?, ?, ?, ?)
14:10:57,336 DEBUG SQL:104 - 
    insert 
    into
        DataPoint
        (xval, yval, description, id) 
    values
        (?, ?, ?, ?)
14:10:57,337 DEBUG SQL:104 - 
    insert 
    into
        DataPoint
        (xval, yval, description, id) 
    values
        (?, ?, ?, ?)
14:10:57,338 DEBUG SQL:104 - 
    insert 
    into
        DataPoint
        (xval, yval, description, id) 
    values
        (?, ?, ?, ?)
14:10:57,339 DEBUG SQL:104 - 
    insert 
    into
        DataPoint
        (xval, yval, description, id) 
    values
        (?, ?, ?, ?)
14:10:57,346 DEBUG SQL:104 - 
    insert 
    into
        DataPoint
        (xval, yval, description, id) 
    values
        (?, ?, ?, ?)
14:10:57,354 DEBUG SQL:104 - 
    insert 
    into
        DataPoint
        (xval, yval, description, id) 
    values
        (?, ?, ?, ?)
14:10:57,360 DEBUG SQL:104 - 
    insert 
    into
        DataPoint
        (xval, yval, description, id) 
    values
        (?, ?, ?, ?)
14:10:57,361 DEBUG SQL:104 - 
    insert 
    into
        DataPoint
        (xval, yval, description, id) 
    values
        (?, ?, ?, ?)
14:10:57,361 DEBUG SQL:104 - 
    insert 
    into
        DataPoint
        (xval, yval, description, id) 
    values
        (?, ?, ?, ?)
14:10:57,362 DEBUG SQL:104 - 
    insert 
    into
        DataPoint
        (xval, yval, description, id) 
    values
        (?, ?, ?, ?)
14:10:57,365 DEBUG SQL:104 - 
    insert 
    into
        DataPoint
        (xval, yval, description, id) 
    values
        (?, ?, ?, ?)
14:10:57,366 DEBUG SQL:104 - 
    insert 
    into
        DataPoint
        (xval, yval, description, id) 
    values
        (?, ?, ?, ?)
14:10:57,366 DEBUG SQL:104 - 
    insert 
    into
        DataPoint
        (xval, yval, description, id) 
    values
        (?, ?, ?, ?)
14:10:57,402 DEBUG SQL:104 - 
    insert 
    into
        DataPoint
        (xval, yval, description, id) 
    values
        (?, ?, ?, ?)
14:10:57,403 DEBUG SQL:104 - 
    insert 
    into
        DataPoint
        (xval, yval, description, id) 
    values
        (?, ?, ?, ?)
14:10:57,404 DEBUG SQL:104 - 
    insert 
    into
        DataPoint
        (xval, yval, description, id) 
    values
        (?, ?, ?, ?)
14:10:57,405 DEBUG SQL:104 - 
    insert 
    into
        DataPoint
        (xval, yval, description, id) 
    values
        (?, ?, ?, ?)
14:10:57,414 DEBUG SQL:104 - 
    insert 
    into
        DataPoint
        (xval, yval, description, id) 
    values
        (?, ?, ?, ?)
14:10:57,415 DEBUG SQL:104 - 
    insert 
    into
        DataPoint
        (xval, yval, description, id) 
    values
        (?, ?, ?, ?)
14:10:57,416 DEBUG SQL:104 - 
    insert 
    into
        DataPoint
        (xval, yval, description, id) 
    values
        (?, ?, ?, ?)
14:10:57,417 DEBUG SQL:104 - 
    insert 
    into
        DataPoint
        (xval, yval, description, id) 
    values
        (?, ?, ?, ?)
14:10:57,418 DEBUG SQL:104 - 
    insert 
    into
        DataPoint
        (xval, yval, description, id) 
    values
        (?, ?, ?, ?)
14:10:57,419 DEBUG SQL:104 - 
    insert 
    into
        DataPoint
        (xval, yval, description, id) 
    values
        (?, ?, ?, ?)
14:10:57,419 DEBUG SQL:104 - 
    insert 
    into
        DataPoint
        (xval, yval, description, id) 
    values
        (?, ?, ?, ?)
14:10:57,443 DEBUG SQL:104 - 
    insert 
    into
        DataPoint
        (xval, yval, description, id) 
    values
        (?, ?, ?, ?)
14:10:57,453 DEBUG SQL:104 - 
    insert 
    into
        DataPoint
        (xval, yval, description, id) 
    values
        (?, ?, ?, ?)
14:10:57,458 DEBUG SQL:104 - 
    insert 
    into
        DataPoint
        (xval, yval, description, id) 
    values
        (?, ?, ?, ?)
14:10:57,459 DEBUG SQL:104 - 
    insert 
    into
        DataPoint
        (xval, yval, description, id) 
    values
        (?, ?, ?, ?)
14:10:57,511 DEBUG SQL:104 - 
    insert 
    into
        DataPoint
        (xval, yval, description, id) 
    values
        (?, ?, ?, ?)
14:10:57,512 DEBUG SQL:104 - 
    insert 
    into
        DataPoint
        (xval, yval, description, id) 
    values
        (?, ?, ?, ?)
14:10:57,513 DEBUG SQL:104 - 
    insert 
    into
        DataPoint
        (xval, yval, description, id) 
    values
        (?, ?, ?, ?)
14:10:57,514 DEBUG SQL:104 - 
    insert 
    into
        DataPoint
        (xval, yval, description, id) 
    values
        (?, ?, ?, ?)
14:10:57,515 DEBUG SQL:104 - 
    insert 
    into
        DataPoint
        (xval, yval, description, id) 
    values
        (?, ?, ?, ?)
14:10:57,516 DEBUG SQL:104 - 
    insert 
    into
        DataPoint
        (xval, yval, description, id) 
    values
        (?, ?, ?, ?)
14:10:57,518 DEBUG SQL:104 - 
    insert 
    into
        DataPoint
        (xval, yval, description, id) 
    values
        (?, ?, ?, ?)
14:10:57,519 DEBUG SQL:104 - 
    insert 
    into
        DataPoint
        (xval, yval, description, id) 
    values
        (?, ?, ?, ?)
14:10:57,520 DEBUG SQL:104 - 
    insert 
    into
        DataPoint
        (xval, yval, description, id) 
    values
        (?, ?, ?, ?)
14:10:57,527 DEBUG SQL:104 - 
    insert 
    into
        DataPoint
        (xval, yval, description, id) 
    values
        (?, ?, ?, ?)
14:10:57,532 DEBUG SQL:104 - 
    insert 
    into
        DataPoint
        (xval, yval, description, id) 
    values
        (?, ?, ?, ?)
14:10:57,533 DEBUG SQL:104 - 
    insert 
    into
        DataPoint
        (xval, yval, description, id) 
    values
        (?, ?, ?, ?)
14:10:57,540 DEBUG SQL:104 - 
    insert 
    into
        DataPoint
        (xval, yval, description, id) 
    values
        (?, ?, ?, ?)
14:10:57,541 DEBUG SQL:104 - 
    insert 
    into
        DataPoint
        (xval, yval, description, id) 
    values
        (?, ?, ?, ?)
14:10:57,542 DEBUG SQL:104 - 
    insert 
    into
        DataPoint
        (xval, yval, description, id) 
    values
        (?, ?, ?, ?)
14:10:57,543 DEBUG SQL:104 - 
    insert 
    into
        DataPoint
        (xval, yval, description, id) 
    values
        (?, ?, ?, ?)
14:10:57,550 DEBUG SQL:104 - 
    insert 
    into
        DataPoint
        (xval, yval, description, id) 
    values
        (?, ?, ?, ?)
14:10:57,554 DEBUG SQL:104 - 
    insert 
    into
        DataPoint
        (xval, yval, description, id) 
    values
        (?, ?, ?, ?)
14:10:57,559 DEBUG SQL:104 - 
    insert 
    into
        DataPoint
        (xval, yval, description, id) 
    values
        (?, ?, ?, ?)
14:10:57,560 DEBUG SQL:104 - 
    insert 
    into
        DataPoint
        (xval, yval, description, id) 
    values
        (?, ?, ?, ?)
14:10:57,611 DEBUG SQL:104 - 
    insert 
    into
        DataPoint
        (xval, yval, description, id) 
    values
        (?, ?, ?, ?)
14:10:57,612 DEBUG SQL:104 - 
    insert 
    into
        DataPoint
        (xval, yval, description, id) 
    values
        (?, ?, ?, ?)
14:10:57,612 DEBUG SQL:104 - 
    insert 
    into
        DataPoint
        (xval, yval, description, id) 
    values
        (?, ?, ?, ?)
14:10:57,613 DEBUG SQL:104 - 
    insert 
    into
        DataPoint
        (xval, yval, description, id) 
    values
        (?, ?, ?, ?)
14:10:57,614 DEBUG SQL:104 - 
    insert 
    into
        DataPoint
        (xval, yval, description, id) 
    values
        (?, ?, ?, ?)
14:10:57,615 DEBUG SQL:104 - 
    insert 
    into
        DataPoint
        (xval, yval, description, id) 
    values
        (?, ?, ?, ?)
14:10:57,615 DEBUG SQL:104 - 
    insert 
    into
        DataPoint
        (xval, yval, description, id) 
    values
        (?, ?, ?, ?)
14:10:57,628 DEBUG SQL:104 - 
    insert 
    into
        DataPoint
        (xval, yval, description, id) 
    values
        (?, ?, ?, ?)
14:10:57,628 DEBUG SQL:104 - 
    insert 
    into
        DataPoint
        (xval, yval, description, id) 
    values
        (?, ?, ?, ?)
14:10:57,629 DEBUG SQL:104 - 
    insert 
    into
        DataPoint
        (xval, yval, description, id) 
    values
        (?, ?, ?, ?)
14:10:57,639 DEBUG SQL:104 - 
    insert 
    into
        DataPoint
        (xval, yval, description, id) 
    values
        (?, ?, ?, ?)
14:10:57,645 DEBUG SQL:104 - 
    insert 
    into
        DataPoint
        (xval, yval, description, id) 
    values
        (?, ?, ?, ?)
14:10:57,650 DEBUG SQL:104 - 
    insert 
    into
        DataPoint
        (xval, yval, description, id) 
    values
        (?, ?, ?, ?)
14:10:57,651 DEBUG SQL:104 - 
    insert 
    into
        DataPoint
        (xval, yval, description, id) 
    values
        (?, ?, ?, ?)
14:10:57,652 DEBUG SQL:104 - 
    insert 
    into
        DataPoint
        (xval, yval, description, id) 
    values
        (?, ?, ?, ?)
14:10:57,653 DEBUG SQL:104 - 
    insert 
    into
        DataPoint
        (xval, yval, description, id) 
    values
        (?, ?, ?, ?)
14:10:57,655 DEBUG SQL:104 - 
    insert 
    into
        DataPoint
        (xval, yval, description, id) 
    values
        (?, ?, ?, ?)
14:10:57,656 DEBUG SQL:104 - 
    insert 
    into
        DataPoint
        (xval, yval, description, id) 
    values
        (?, ?, ?, ?)
14:10:57,672 DEBUG SQL:104 - 
    insert 
    into
        DataPoint
        (xval, yval, description, id) 
    values
        (?, ?, ?, ?)
14:10:57,673 DEBUG SQL:104 - 
    insert 
    into
        DataPoint
        (xval, yval, description, id) 
    values
        (?, ?, ?, ?)
14:10:57,696 DEBUG SQL:104 - 
    insert 
    into
        DataPoint
        (xval, yval, description, id) 
    values
        (?, ?, ?, ?)
14:10:57,697 DEBUG SQL:104 - 
    insert 
    into
        DataPoint
        (xval, yval, description, id) 
    values
        (?, ?, ?, ?)
14:10:57,698 DEBUG SQL:104 - 
    insert 
    into
        DataPoint
        (xval, yval, description, id) 
    values
        (?, ?, ?, ?)
14:10:57,699 DEBUG SQL:104 - 
    insert 
    into
        DataPoint
        (xval, yval, description, id) 
    values
        (?, ?, ?, ?)
14:10:57,700 DEBUG SQL:104 - 
    insert 
    into
        DataPoint
        (xval, yval, description, id) 
    values
        (?, ?, ?, ?)
14:10:57,701 DEBUG SQL:104 - 
    insert 
    into
        DataPoint
        (xval, yval, description, id) 
    values
        (?, ?, ?, ?)
14:10:57,739 DEBUG SQL:104 - 
    insert 
    into
        DataPoint
        (xval, yval, description, id) 
    values
        (?, ?, ?, ?)
14:10:57,740 DEBUG SQL:104 - 
    insert 
    into
        DataPoint
        (xval, yval, description, id) 
    values
        (?, ?, ?, ?)
14:10:57,741 DEBUG SQL:104 - 
    insert 
    into
        DataPoint
        (xval, yval, description, id) 
    values
        (?, ?, ?, ?)
14:10:57,742 DEBUG SQL:104 - 
    insert 
    into
        DataPoint
        (xval, yval, description, id) 
    values
        (?, ?, ?, ?)
14:10:57,742 DEBUG SQL:104 - 
    insert 
    into
        DataPoint
        (xval, yval, description, id) 
    values
        (?, ?, ?, ?)
14:10:57,763 DEBUG SQL:104 - 
    insert 
    into
        DataPoint
        (xval, yval, description, id) 
    values
        (?, ?, ?, ?)
14:10:57,767 DEBUG SQL:104 - 
    insert 
    into
        DataPoint
        (xval, yval, description, id) 
    values
        (?, ?, ?, ?)
14:10:57,768 DEBUG SQL:104 - 
    insert 
    into
        DataPoint
        (xval, yval, description, id) 
    values
        (?, ?, ?, ?)
14:10:57,777 DEBUG SQL:104 - 
    insert 
    into
        DataPoint
        (xval, yval, description, id) 
    values
        (?, ?, ?, ?)
14:10:57,778 DEBUG SQL:104 - 
    insert 
    into
        DataPoint
        (xval, yval, description, id) 
    values
        (?, ?, ?, ?)
14:10:57,778 DEBUG SQL:104 - 
    insert 
    into
        DataPoint
        (xval, yval, description, id) 
    values
        (?, ?, ?, ?)
14:10:57,792 DEBUG SQL:104 - 
    insert 
    into
        DataPoint
        (xval, yval, description, id) 
    values
        (?, ?, ?, ?)
14:10:57,797 DEBUG SQL:104 - 
    insert 
    into
        DataPoint
        (xval, yval, description, id) 
    values
        (?, ?, ?, ?)
14:10:57,797 DEBUG SQL:104 - 
    insert 
    into
        DataPoint
        (xval, yval, description, id) 
    values
        (?, ?, ?, ?)
14:10:57,799 DEBUG SQL:104 - 
    insert 
    into
        DataPoint
        (xval, yval, description, id) 
    values
        (?, ?, ?, ?)
14:10:57,799 DEBUG SQL:104 - 
    insert 
    into
        DataPoint
        (xval, yval, description, id) 
    values
        (?, ?, ?, ?)
14:10:57,800 DEBUG SQL:104 - 
    insert 
    into
        DataPoint
        (xval, yval, description, id) 
    values
        (?, ?, ?, ?)
14:10:57,801 DEBUG SQL:104 - 
    insert 
    into
        DataPoint
        (xval, yval, description, id) 
    values
        (?, ?, ?, ?)
14:10:57,801 DEBUG SQL:104 - 
    insert 
    into
        DataPoint
        (xval, yval, description, id) 
    values
        (?, ?, ?, ?)
14:10:57,802 DEBUG SQL:104 - 
    insert 
    into
        DataPoint
        (xval, yval, description, id) 
    values
        (?, ?, ?, ?)
14:10:57,829 DEBUG SQL:104 - 
    insert 
    into
        DataPoint
        (xval, yval, description, id) 
    values
        (?, ?, ?, ?)
14:10:57,830 DEBUG SQL:104 - 
    insert 
    into
        DataPoint
        (xval, yval, description, id) 
    values
        (?, ?, ?, ?)
14:10:57,830 DEBUG SQL:104 - 
    insert 
    into
        DataPoint
        (xval, yval, description, id) 
    values
        (?, ?, ?, ?)
14:10:57,831 DEBUG SQL:104 - 
    insert 
    into
        DataPoint
        (xval, yval, description, id) 
    values
        (?, ?, ?, ?)
14:10:57,873 DEBUG SQL:104 - 
    insert 
    into
        DataPoint
        (xval, yval, description, id) 
    values
        (?, ?, ?, ?)
14:10:57,882 DEBUG SQL:104 - 
    insert 
    into
        DataPoint
        (xval, yval, description, id) 
    values
        (?, ?, ?, ?)
14:10:57,882 DEBUG SQL:104 - 
    insert 
    into
        DataPoint
        (xval, yval, description, id) 
    values
        (?, ?, ?, ?)
14:10:57,883 DEBUG SQL:104 - 
    insert 
    into
        DataPoint
        (xval, yval, description, id) 
    values
        (?, ?, ?, ?)
14:10:57,884 DEBUG SQL:104 - 
    insert 
    into
        DataPoint
        (xval, yval, description, id) 
    values
        (?, ?, ?, ?)
14:10:57,893 DEBUG SQL:104 - 
    insert 
    into
        DataPoint
        (xval, yval, description, id) 
    values
        (?, ?, ?, ?)
14:10:57,894 DEBUG SQL:104 - 
    insert 
    into
        DataPoint
        (xval, yval, description, id) 
    values
        (?, ?, ?, ?)
14:10:57,895 DEBUG SQL:104 - 
    insert 
    into
        DataPoint
        (xval, yval, description, id) 
    values
        (?, ?, ?, ?)
14:10:57,900 DEBUG SQL:104 - 
    insert 
    into
        DataPoint
        (xval, yval, description, id) 
    values
        (?, ?, ?, ?)
14:10:57,900 DEBUG SQL:104 - 
    insert 
    into
        DataPoint
        (xval, yval, description, id) 
    values
        (?, ?, ?, ?)
14:10:57,901 DEBUG SQL:104 - 
    insert 
    into
        DataPoint
        (xval, yval, description, id) 
    values
        (?, ?, ?, ?)
14:10:57,913 DEBUG SQL:104 - 
    insert 
    into
        DataPoint
        (xval, yval, description, id) 
    values
        (?, ?, ?, ?)
14:10:57,913 DEBUG SQL:104 - 
    insert 
    into
        DataPoint
        (xval, yval, description, id) 
    values
        (?, ?, ?, ?)
14:10:57,914 DEBUG SQL:104 - 
    insert 
    into
        DataPoint
        (xval, yval, description, id) 
    values
        (?, ?, ?, ?)
14:10:57,926 DEBUG SQL:104 - 
    insert 
    into
        DataPoint
        (xval, yval, description, id) 
    values
        (?, ?, ?, ?)
14:10:57,927 DEBUG SQL:104 - 
    insert 
    into
        DataPoint
        (xval, yval, description, id) 
    values
        (?, ?, ?, ?)
14:10:57,942 DEBUG SQL:104 - 
    insert 
    into
        DataPoint
        (xval, yval, description, id) 
    values
        (?, ?, ?, ?)
14:10:57,943 DEBUG SQL:104 - 
    insert 
    into
        DataPoint
        (xval, yval, description, id) 
    values
        (?, ?, ?, ?)
14:10:57,944 DEBUG SQL:104 - 
    insert 
    into
        DataPoint
        (xval, yval, description, id) 
    values
        (?, ?, ?, ?)
14:10:57,944 DEBUG SQL:104 - 
    insert 
    into
        DataPoint
        (xval, yval, description, id) 
    values
        (?, ?, ?, ?)
14:10:57,955 DEBUG SQL:104 - 
    insert 
    into
        DataPoint
        (xval, yval, description, id) 
    values
        (?, ?, ?, ?)
14:10:57,959 DEBUG SQL:104 - 
    insert 
    into
        DataPoint
        (xval, yval, description, id) 
    values
        (?, ?, ?, ?)
14:10:57,990 DEBUG SQL:104 - 
    insert 
    into
        DataPoint
        (xval, yval, description, id) 
    values
        (?, ?, ?, ?)
14:10:58,002 DEBUG SQL:104 - 
    insert 
    into
        DataPoint
        (xval, yval, description, id) 
    values
        (?, ?, ?, ?)
14:10:58,002 DEBUG SQL:104 - 
    insert 
    into
        DataPoint
        (xval, yval, description, id) 
    values
        (?, ?, ?, ?)
14:10:58,003 DEBUG SQL:104 - 
    insert 
    into
        DataPoint
        (xval, yval, description, id) 
    values
        (?, ?, ?, ?)
14:10:58,004 DEBUG SQL:104 - 
    insert 
    into
        DataPoint
        (xval, yval, description, id) 
    values
        (?, ?, ?, ?)
14:10:58,004 DEBUG SQL:104 - 
    insert 
    into
        DataPoint
        (xval, yval, description, id) 
    values
        (?, ?, ?, ?)
14:10:58,009 DEBUG SQL:104 - 
    insert 
    into
        DataPoint
        (xval, yval, description, id) 
    values
        (?, ?, ?, ?)
14:10:58,010 DEBUG SQL:104 - 
    insert 
    into
        DataPoint
        (xval, yval, description, id) 
    values
        (?, ?, ?, ?)
14:10:58,011 DEBUG SQL:104 - 
    insert 
    into
        DataPoint
        (xval, yval, description, id) 
    values
        (?, ?, ?, ?)
14:10:58,044 DEBUG SQL:104 - 
    insert 
    into
        DataPoint
        (xval, yval, description, id) 
    values
        (?, ?, ?, ?)
14:10:58,054 DEBUG SQL:104 - 
    insert 
    into
        DataPoint
        (xval, yval, description, id) 
    values
        (?, ?, ?, ?)
14:10:58,055 DEBUG SQL:104 - 
    insert 
    into
        DataPoint
        (xval, yval, description, id) 
    values
        (?, ?, ?, ?)
14:10:58,056 DEBUG SQL:104 - 
    insert 
    into
        DataPoint
        (xval, yval, description, id) 
    values
        (?, ?, ?, ?)
14:10:58,072 DEBUG SQL:104 - 
    insert 
    into
        DataPoint
        (xval, yval, description, id) 
    values
        (?, ?, ?, ?)
14:10:58,073 DEBUG SQL:104 - 
    insert 
    into
        DataPoint
        (xval, yval, description, id) 
    values
        (?, ?, ?, ?)
14:10:58,074 DEBUG SQL:104 - 
    insert 
    into
        DataPoint
        (xval, yval, description, id) 
    values
        (?, ?, ?, ?)
14:10:58,075 DEBUG SQL:104 - 
    insert 
    into
        DataPoint
        (xval, yval, description, id) 
    values
        (?, ?, ?, ?)
14:10:58,075 DEBUG SQL:104 - 
    insert 
    into
        DataPoint
        (xval, yval, description, id) 
    values
        (?, ?, ?, ?)
14:10:58,084 DEBUG SQL:104 - 
    insert 
    into
        DataPoint
        (xval, yval, description, id) 
    values
        (?, ?, ?, ?)
14:10:58,085 DEBUG SQL:104 - 
    insert 
    into
        DataPoint
        (xval, yval, description, id) 
    values
        (?, ?, ?, ?)
14:10:58,098 DEBUG SQL:104 - 
    insert 
    into
        DataPoint
        (xval, yval, description, id) 
    values
        (?, ?, ?, ?)
14:10:58,100 DEBUG SQL:104 - 
    insert 
    into
        DataPoint
        (xval, yval, description, id) 
    values
        (?, ?, ?, ?)
14:10:58,101 DEBUG SQL:104 - 
    insert 
    into
        DataPoint
        (xval, yval, description, id) 
    values
        (?, ?, ?, ?)
14:10:58,102 DEBUG SQL:104 - 
    insert 
    into
        DataPoint
        (xval, yval, description, id) 
    values
        (?, ?, ?, ?)
14:10:58,122 DEBUG SQL:104 - 
    insert 
    into
        DataPoint
        (xval, yval, description, id) 
    values
        (?, ?, ?, ?)
14:10:58,123 DEBUG SQL:104 - 
    insert 
    into
        DataPoint
        (xval, yval, description, id) 
    values
        (?, ?, ?, ?)
14:10:58,128 DEBUG SQL:104 - 
    insert 
    into
        DataPoint
        (xval, yval, description, id) 
    values
        (?, ?, ?, ?)
14:10:58,131 DEBUG SQL:104 - 
    insert 
    into
        DataPoint
        (xval, yval, description, id) 
    values
        (?, ?, ?, ?)
14:10:58,132 DEBUG SQL:104 - 
    insert 
    into
        DataPoint
        (xval, yval, description, id) 
    values
        (?, ?, ?, ?)
14:10:58,132 DEBUG SQL:104 - 
    insert 
    into
        DataPoint
        (xval, yval, description, id) 
    values
        (?, ?, ?, ?)
14:10:58,133 DEBUG SQL:104 - 
    insert 
    into
        DataPoint
        (xval, yval, description, id) 
    values
        (?, ?, ?, ?)
14:10:58,134 DEBUG SQL:104 - 
    insert 
    into
        DataPoint
        (xval, yval, description, id) 
    values
        (?, ?, ?, ?)
14:10:58,134 DEBUG SQL:104 - 
    insert 
    into
        DataPoint
        (xval, yval, description, id) 
    values
        (?, ?, ?, ?)
14:10:58,148 DEBUG SQL:104 - 
    insert 
    into
        DataPoint
        (xval, yval, description, id) 
    values
        (?, ?, ?, ?)
14:10:58,153 DEBUG SQL:104 - 
    insert 
    into
        DataPoint
        (xval, yval, description, id) 
    values
        (?, ?, ?, ?)
14:10:58,156 DEBUG SQL:104 - 
    insert 
    into
        DataPoint
        (xval, yval, description, id) 
    values
        (?, ?, ?, ?)
14:10:58,160 DEBUG SQL:104 - 
    insert 
    into
        DataPoint
        (xval, yval, description, id) 
    values
        (?, ?, ?, ?)
14:10:58,176 DEBUG SQL:104 - 
    insert 
    into
        DataPoint
        (xval, yval, description, id) 
    values
        (?, ?, ?, ?)
14:10:58,177 DEBUG SQL:104 - 
    insert 
    into
        DataPoint
        (xval, yval, description, id) 
    values
        (?, ?, ?, ?)
14:10:58,177 DEBUG SQL:104 - 
    insert 
    into
        DataPoint
        (xval, yval, description, id) 
    values
        (?, ?, ?, ?)
14:10:58,178 DEBUG SQL:104 - 
    insert 
    into
        DataPoint
        (xval, yval, description, id) 
    values
        (?, ?, ?, ?)
14:10:58,179 DEBUG SQL:104 - 
    insert 
    into
        DataPoint
        (xval, yval, description, id) 
    values
        (?, ?, ?, ?)
14:10:58,193 DEBUG SQL:104 - 
    insert 
    into
        DataPoint
        (xval, yval, description, id) 
    values
        (?, ?, ?, ?)
14:10:58,194 DEBUG SQL:104 - 
    insert 
    into
        DataPoint
        (xval, yval, description, id) 
    values
        (?, ?, ?, ?)
14:10:58,220 DEBUG SQL:104 - 
    insert 
    into
        DataPoint
        (xval, yval, description, id) 
    values
        (?, ?, ?, ?)
14:10:58,229 DEBUG SQL:104 - 
    insert 
    into
        DataPoint
        (xval, yval, description, id) 
    values
        (?, ?, ?, ?)
14:10:58,234 DEBUG SQL:104 - 
    insert 
    into
        DataPoint
        (xval, yval, description, id) 
    values
        (?, ?, ?, ?)
14:10:58,235 DEBUG SQL:104 - 
    insert 
    into
        DataPoint
        (xval, yval, description, id) 
    values
        (?, ?, ?, ?)
14:10:58,287 DEBUG SQL:104 - 
    insert 
    into
        DataPoint
        (xval, yval, description, id) 
    values
        (?, ?, ?, ?)
14:10:58,288 DEBUG SQL:104 - 
    insert 
    into
        DataPoint
        (xval, yval, description, id) 
    values
        (?, ?, ?, ?)
14:10:58,289 DEBUG SQL:104 - 
    insert 
    into
        DataPoint
        (xval, yval, description, id) 
    values
        (?, ?, ?, ?)
14:10:58,290 DEBUG SQL:104 - 
    insert 
    into
        DataPoint
        (xval, yval, description, id) 
    values
        (?, ?, ?, ?)
14:10:58,290 DEBUG SQL:104 - 
    insert 
    into
        DataPoint
        (xval, yval, description, id) 
    values
        (?, ?, ?, ?)
14:10:58,291 DEBUG SQL:104 - 
    insert 
    into
        DataPoint
        (xval, yval, description, id) 
    values
        (?, ?, ?, ?)
14:10:58,292 DEBUG SQL:104 - 
    insert 
    into
        DataPoint
        (xval, yval, description, id) 
    values
        (?, ?, ?, ?)
14:10:58,292 DEBUG SQL:104 - 
    insert 
    into
        DataPoint
        (xval, yval, description, id) 
    values
        (?, ?, ?, ?)
14:10:58,293 DEBUG SQL:104 - 
    insert 
    into
        DataPoint
        (xval, yval, description, id) 
    values
        (?, ?, ?, ?)
14:10:58,293 DEBUG SQL:104 - 
    insert 
    into
        DataPoint
        (xval, yval, description, id) 
    values
        (?, ?, ?, ?)
14:10:58,295 DEBUG SQL:104 - 
    insert 
    into
        DataPoint
        (xval, yval, description, id) 
    values
        (?, ?, ?, ?)
14:10:58,296 DEBUG SQL:104 - 
    insert 
    into
        DataPoint
        (xval, yval, description, id) 
    values
        (?, ?, ?, ?)
14:10:58,296 DEBUG SQL:104 - 
    insert 
    into
        DataPoint
        (xval, yval, description, id) 
    values
        (?, ?, ?, ?)
14:10:58,312 DEBUG SQL:104 - 
    insert 
    into
        DataPoint
        (xval, yval, description, id) 
    values
        (?, ?, ?, ?)
14:10:58,314 DEBUG SQL:104 - 
    insert 
    into
        DataPoint
        (xval, yval, description, id) 
    values
        (?, ?, ?, ?)
14:10:58,315 DEBUG SQL:104 - 
    insert 
    into
        DataPoint
        (xval, yval, description, id) 
    values
        (?, ?, ?, ?)
14:10:58,316 DEBUG SQL:104 - 
    insert 
    into
        DataPoint
        (xval, yval, description, id) 
    values
        (?, ?, ?, ?)
14:10:58,327 DEBUG SQL:104 - 
    insert 
    into
        DataPoint
        (xval, yval, description, id) 
    values
        (?, ?, ?, ?)
14:10:58,334 DEBUG SQL:104 - 
    insert 
    into
        DataPoint
        (xval, yval, description, id) 
    values
        (?, ?, ?, ?)
14:10:58,341 DEBUG SQL:104 - 
    insert 
    into
        DataPoint
        (xval, yval, description, id) 
    values
        (?, ?, ?, ?)
14:10:58,365 DEBUG SQL:104 - 
    insert 
    into
        DataPoint
        (xval, yval, description, id) 
    values
        (?, ?, ?, ?)
14:10:58,365 DEBUG SQL:104 - 
    insert 
    into
        DataPoint
        (xval, yval, description, id) 
    values
        (?, ?, ?, ?)
14:10:58,366 DEBUG SQL:104 - 
    insert 
    into
        DataPoint
        (xval, yval, description, id) 
    values
        (?, ?, ?, ?)
14:10:58,367 DEBUG SQL:104 - 
    insert 
    into
        DataPoint
        (xval, yval, description, id) 
    values
        (?, ?, ?, ?)
14:10:58,399 DEBUG SQL:104 - 
    insert 
    into
        DataPoint
        (xval, yval, description, id) 
    values
        (?, ?, ?, ?)
14:10:58,400 DEBUG SQL:104 - 
    insert 
    into
        DataPoint
        (xval, yval, description, id) 
    values
        (?, ?, ?, ?)
14:10:58,401 DEBUG SQL:104 - 
    insert 
    into
        DataPoint
        (xval, yval, description, id) 
    values
        (?, ?, ?, ?)
14:10:58,401 DEBUG SQL:104 - 
    insert 
    into
        DataPoint
        (xval, yval, description, id) 
    values
        (?, ?, ?, ?)
14:10:58,402 DEBUG SQL:104 - 
    insert 
    into
        DataPoint
        (xval, yval, description, id) 
    values
        (?, ?, ?, ?)
14:10:58,403 DEBUG SQL:104 - 
    insert 
    into
        DataPoint
        (xval, yval, description, id) 
    values
        (?, ?, ?, ?)
14:10:58,406 DEBUG SQL:104 - 
    insert 
    into
        DataPoint
        (xval, yval, description, id) 
    values
        (?, ?, ?, ?)
14:10:58,410 DEBUG SQL:104 - 
    insert 
    into
        DataPoint
        (xval, yval, description, id) 
    values
        (?, ?, ?, ?)
14:10:58,411 DEBUG SQL:104 - 
    insert 
    into
        DataPoint
        (xval, yval, description, id) 
    values
        (?, ?, ?, ?)
14:10:58,435 DEBUG SQL:104 - 
    insert 
    into
        DataPoint
        (xval, yval, description, id) 
    values
        (?, ?, ?, ?)
14:10:58,436 DEBUG SQL:104 - 
    insert 
    into
        DataPoint
        (xval, yval, description, id) 
    values
        (?, ?, ?, ?)
14:10:58,437 DEBUG SQL:104 - 
    insert 
    into
        DataPoint
        (xval, yval, description, id) 
    values
        (?, ?, ?, ?)
14:10:58,438 DEBUG SQL:104 - 
    insert 
    into
        DataPoint
        (xval, yval, description, id) 
    values
        (?, ?, ?, ?)
14:10:58,470 DEBUG SQL:104 - 
    insert 
    into
        DataPoint
        (xval, yval, description, id) 
    values
        (?, ?, ?, ?)
14:10:58,474 DEBUG SQL:104 - 
    insert 
    into
        DataPoint
        (xval, yval, description, id) 
    values
        (?, ?, ?, ?)
14:10:58,475 DEBUG SQL:104 - 
    insert 
    into
        DataPoint
        (xval, yval, description, id) 
    values
        (?, ?, ?, ?)
14:10:58,476 DEBUG SQL:104 - 
    insert 
    into
        DataPoint
        (xval, yval, description, id) 
    values
        (?, ?, ?, ?)
14:10:58,476 DEBUG SQL:104 - 
    insert 
    into
        DataPoint
        (xval, yval, description, id) 
    values
        (?, ?, ?, ?)
14:10:58,480 DEBUG SQL:104 - 
    insert 
    into
        DataPoint
        (xval, yval, description, id) 
    values
        (?, ?, ?, ?)
14:10:58,481 DEBUG SQL:104 - 
    insert 
    into
        DataPoint
        (xval, yval, description, id) 
    values
        (?, ?, ?, ?)
14:10:58,493 DEBUG SQL:104 - 
    insert 
    into
        DataPoint
        (xval, yval, description, id) 
    values
        (?, ?, ?, ?)
14:10:58,494 DEBUG SQL:104 - 
    insert 
    into
        DataPoint
        (xval, yval, description, id) 
    values
        (?, ?, ?, ?)
14:10:58,496 DEBUG SQL:104 - 
    insert 
    into
        DataPoint
        (xval, yval, description, id) 
    values
        (?, ?, ?, ?)
14:10:58,497 DEBUG SQL:104 - 
    insert 
    into
        DataPoint
        (xval, yval, description, id) 
    values
        (?, ?, ?, ?)
14:10:58,536 DEBUG SQL:104 - 
    insert 
    into
        DataPoint
        (xval, yval, description, id) 
    values
        (?, ?, ?, ?)
14:10:58,539 DEBUG SQL:104 - 
    insert 
    into
        DataPoint
        (xval, yval, description, id) 
    values
        (?, ?, ?, ?)
14:10:58,541 DEBUG SQL:104 - 
    insert 
    into
        DataPoint
        (xval, yval, description, id) 
    values
        (?, ?, ?, ?)
14:10:58,543 DEBUG SQL:104 - 
    insert 
    into
        DataPoint
        (xval, yval, description, id) 
    values
        (?, ?, ?, ?)
14:10:58,545 DEBUG SQL:104 - 
    insert 
    into
        DataPoint
        (xval, yval, description, id) 
    values
        (?, ?, ?, ?)
14:10:58,548 DEBUG SQL:104 - 
    insert 
    into
        DataPoint
        (xval, yval, description, id) 
    values
        (?, ?, ?, ?)
14:10:58,550 DEBUG SQL:104 - 
    insert 
    into
        DataPoint
        (xval, yval, description, id) 
    values
        (?, ?, ?, ?)
14:10:58,553 DEBUG SQL:104 - 
    insert 
    into
        DataPoint
        (xval, yval, description, id) 
    values
        (?, ?, ?, ?)
14:10:58,555 DEBUG SQL:104 - 
    insert 
    into
        DataPoint
        (xval, yval, description, id) 
    values
        (?, ?, ?, ?)
14:10:58,556 DEBUG SQL:104 - 
    insert 
    into
        DataPoint
        (xval, yval, description, id) 
    values
        (?, ?, ?, ?)
14:10:58,563 DEBUG SQL:104 - 
    insert 
    into
        DataPoint
        (xval, yval, description, id) 
    values
        (?, ?, ?, ?)
14:10:58,564 DEBUG SQL:104 - 
    insert 
    into
        DataPoint
        (xval, yval, description, id) 
    values
        (?, ?, ?, ?)
14:10:58,564 DEBUG SQL:104 - 
    insert 
    into
        DataPoint
        (xval, yval, description, id) 
    values
        (?, ?, ?, ?)
14:10:58,585 DEBUG SQL:104 - 
    insert 
    into
        DataPoint
        (xval, yval, description, id) 
    values
        (?, ?, ?, ?)
14:10:58,587 DEBUG SQL:104 - 
    insert 
    into
        DataPoint
        (xval, yval, description, id) 
    values
        (?, ?, ?, ?)
14:10:58,589 DEBUG SQL:104 - 
    insert 
    into
        DataPoint
        (xval, yval, description, id) 
    values
        (?, ?, ?, ?)
14:10:58,590 DEBUG SQL:104 - 
    insert 
    into
        DataPoint
        (xval, yval, description, id) 
    values
        (?, ?, ?, ?)
14:10:58,592 DEBUG SQL:104 - 
    insert 
    into
        DataPoint
        (xval, yval, description, id) 
    values
        (?, ?, ?, ?)
14:10:58,609 DEBUG SQL:104 - 
    insert 
    into
        DataPoint
        (xval, yval, description, id) 
    values
        (?, ?, ?, ?)
14:10:58,611 DEBUG SQL:104 - 
    insert 
    into
        DataPoint
        (xval, yval, description, id) 
    values
        (?, ?, ?, ?)
14:10:58,626 DEBUG SQL:104 - 
    insert 
    into
        DataPoint
        (xval, yval, description, id) 
    values
        (?, ?, ?, ?)
14:10:58,628 DEBUG SQL:104 - 
    insert 
    into
        DataPoint
        (xval, yval, description, id) 
    values
        (?, ?, ?, ?)
14:10:58,629 DEBUG SQL:104 - 
    insert 
    into
        DataPoint
        (xval, yval, description, id) 
    values
        (?, ?, ?, ?)
14:10:58,629 DEBUG SQL:104 - 
    insert 
    into
        DataPoint
        (xval, yval, description, id) 
    values
        (?, ?, ?, ?)
14:10:58,692 DEBUG SQL:104 - 
    insert 
    into
        DataPoint
        (xval, yval, description, id) 
    values
        (?, ?, ?, ?)
14:10:58,693 DEBUG SQL:104 - 
    insert 
    into
        DataPoint
        (xval, yval, description, id) 
    values
        (?, ?, ?, ?)
14:10:58,693 DEBUG SQL:104 - 
    insert 
    into
        DataPoint
        (xval, yval, description, id) 
    values
        (?, ?, ?, ?)
14:10:58,694 DEBUG SQL:104 - 
    insert 
    into
        DataPoint
        (xval, yval, description, id) 
    values
        (?, ?, ?, ?)
14:10:58,695 DEBUG SQL:104 - 
    insert 
    into
        DataPoint
        (xval, yval, description, id) 
    values
        (?, ?, ?, ?)
14:10:58,695 DEBUG SQL:104 - 
    insert 
    into
        DataPoint
        (xval, yval, description, id) 
    values
        (?, ?, ?, ?)
14:10:58,700 DEBUG SQL:104 - 
    insert 
    into
        DataPoint
        (xval, yval, description, id) 
    values
        (?, ?, ?, ?)
14:10:58,701 DEBUG SQL:104 - 
    insert 
    into
        DataPoint
        (xval, yval, description, id) 
    values
        (?, ?, ?, ?)
14:10:58,701 DEBUG SQL:104 - 
    insert 
    into
        DataPoint
        (xval, yval, description, id) 
    values
        (?, ?, ?, ?)
14:10:58,702 DEBUG SQL:104 - 
    insert 
    into
        DataPoint
        (xval, yval, description, id) 
    values
        (?, ?, ?, ?)
14:10:58,704 DEBUG SQL:104 - 
    insert 
    into
        DataPoint
        (xval, yval, description, id) 
    values
        (?, ?, ?, ?)
14:10:58,705 DEBUG SQL:104 - 
    insert 
    into
        DataPoint
        (xval, yval, description, id) 
    values
        (?, ?, ?, ?)
14:10:58,706 DEBUG SQL:104 - 
    insert 
    into
        DataPoint
        (xval, yval, description, id) 
    values
        (?, ?, ?, ?)
14:10:58,726 DEBUG SQL:104 - 
    insert 
    into
        DataPoint
        (xval, yval, description, id) 
    values
        (?, ?, ?, ?)
14:10:58,727 DEBUG SQL:104 - 
    insert 
    into
        DataPoint
        (xval, yval, description, id) 
    values
        (?, ?, ?, ?)
14:10:58,728 DEBUG SQL:104 - 
    insert 
    into
        DataPoint
        (xval, yval, description, id) 
    values
        (?, ?, ?, ?)
14:10:58,728 DEBUG SQL:104 - 
    insert 
    into
        DataPoint
        (xval, yval, description, id) 
    values
        (?, ?, ?, ?)
14:10:58,729 DEBUG SQL:104 - 
    insert 
    into
        DataPoint
        (xval, yval, description, id) 
    values
        (?, ?, ?, ?)
14:10:58,740 DEBUG SQL:104 - 
    insert 
    into
        DataPoint
        (xval, yval, description, id) 
    values
        (?, ?, ?, ?)
14:10:58,741 DEBUG SQL:104 - 
    insert 
    into
        DataPoint
        (xval, yval, description, id) 
    values
        (?, ?, ?, ?)
14:10:58,742 DEBUG SQL:104 - 
    insert 
    into
        DataPoint
        (xval, yval, description, id) 
    values
        (?, ?, ?, ?)
14:10:58,743 DEBUG SQL:104 - 
    insert 
    into
        DataPoint
        (xval, yval, description, id) 
    values
        (?, ?, ?, ?)
14:10:58,775 DEBUG SQL:104 - 
    insert 
    into
        DataPoint
        (xval, yval, description, id) 
    values
        (?, ?, ?, ?)
14:10:58,776 DEBUG SQL:104 - 
    insert 
    into
        DataPoint
        (xval, yval, description, id) 
    values
        (?, ?, ?, ?)
14:10:58,791 DEBUG SQL:104 - 
    insert 
    into
        DataPoint
        (xval, yval, description, id) 
    values
        (?, ?, ?, ?)
14:10:58,792 DEBUG SQL:104 - 
    insert 
    into
        DataPoint
        (xval, yval, description, id) 
    values
        (?, ?, ?, ?)
14:10:58,796 DEBUG SQL:104 - 
    insert 
    into
        DataPoint
        (xval, yval, description, id) 
    values
        (?, ?, ?, ?)
14:10:58,797 DEBUG SQL:104 - 
    insert 
    into
        DataPoint
        (xval, yval, description, id) 
    values
        (?, ?, ?, ?)
14:10:58,799 DEBUG SQL:104 - 
    insert 
    into
        DataPoint
        (xval, yval, description, id) 
    values
        (?, ?, ?, ?)
14:10:58,816 DEBUG SQL:104 - 
    insert 
    into
        DataPoint
        (xval, yval, description, id) 
    values
        (?, ?, ?, ?)
14:10:58,817 DEBUG SQL:104 - 
    insert 
    into
        DataPoint
        (xval, yval, description, id) 
    values
        (?, ?, ?, ?)
14:10:58,818 DEBUG SQL:104 - 
    insert 
    into
        DataPoint
        (xval, yval, description, id) 
    values
        (?, ?, ?, ?)
14:10:58,822 DEBUG SQL:104 - 
    insert 
    into
        DataPoint
        (xval, yval, description, id) 
    values
        (?, ?, ?, ?)
14:10:58,822 DEBUG SQL:104 - 
    insert 
    into
        DataPoint
        (xval, yval, description, id) 
    values
        (?, ?, ?, ?)
14:10:58,827 DEBUG SQL:104 - 
    insert 
    into
        DataPoint
        (xval, yval, description, id) 
    values
        (?, ?, ?, ?)
14:10:58,827 DEBUG SQL:104 - 
    insert 
    into
        DataPoint
        (xval, yval, description, id) 
    values
        (?, ?, ?, ?)
14:10:58,828 DEBUG SQL:104 - 
    insert 
    into
        DataPoint
        (xval, yval, description, id) 
    values
        (?, ?, ?, ?)
14:10:58,864 DEBUG SQL:104 - 
    insert 
    into
        DataPoint
        (xval, yval, description, id) 
    values
        (?, ?, ?, ?)
14:10:58,864 DEBUG SQL:104 - 
    insert 
    into
        DataPoint
        (xval, yval, description, id) 
    values
        (?, ?, ?, ?)
14:10:58,868 DEBUG SQL:104 - 
    insert 
    into
        DataPoint
        (xval, yval, description, id) 
    values
        (?, ?, ?, ?)
14:10:58,872 DEBUG SQL:104 - 
    insert 
    into
        DataPoint
        (xval, yval, description, id) 
    values
        (?, ?, ?, ?)
14:10:58,873 DEBUG SQL:104 - 
    insert 
    into
        DataPoint
        (xval, yval, description, id) 
    values
        (?, ?, ?, ?)
14:10:58,873 DEBUG SQL:104 - 
    insert 
    into
        DataPoint
        (xval, yval, description, id) 
    values
        (?, ?, ?, ?)
14:10:58,874 DEBUG SQL:104 - 
    insert 
    into
        DataPoint
        (xval, yval, description, id) 
    values
        (?, ?, ?, ?)
14:10:58,875 DEBUG SQL:104 - 
    insert 
    into
        DataPoint
        (xval, yval, description, id) 
    values
        (?, ?, ?, ?)
14:10:58,875 DEBUG SQL:104 - 
    insert 
    into
        DataPoint
        (xval, yval, description, id) 
    values
        (?, ?, ?, ?)
14:10:58,884 DEBUG SQL:104 - 
    insert 
    into
        DataPoint
        (xval, yval, description, id) 
    values
        (?, ?, ?, ?)
14:10:58,888 DEBUG SQL:104 - 
    insert 
    into
        DataPoint
        (xval, yval, description, id) 
    values
        (?, ?, ?, ?)
14:10:58,908 DEBUG SQL:104 - 
    insert 
    into
        DataPoint
        (xval, yval, description, id) 
    values
        (?, ?, ?, ?)
14:10:58,909 DEBUG SQL:104 - 
    insert 
    into
        DataPoint
        (xval, yval, description, id) 
    values
        (?, ?, ?, ?)
14:10:58,910 DEBUG SQL:104 - 
    insert 
    into
        DataPoint
        (xval, yval, description, id) 
    values
        (?, ?, ?, ?)
14:10:58,910 DEBUG SQL:104 - 
    insert 
    into
        DataPoint
        (xval, yval, description, id) 
    values
        (?, ?, ?, ?)
14:10:58,911 DEBUG SQL:104 - 
    insert 
    into
        DataPoint
        (xval, yval, description, id) 
    values
        (?, ?, ?, ?)
14:10:58,912 DEBUG SQL:104 - 
    insert 
    into
        DataPoint
        (xval, yval, description, id) 
    values
        (?, ?, ?, ?)
14:10:58,913 DEBUG SQL:104 - 
    insert 
    into
        DataPoint
        (xval, yval, description, id) 
    values
        (?, ?, ?, ?)
14:10:58,913 DEBUG SQL:104 - 
    insert 
    into
        DataPoint
        (xval, yval, description, id) 
    values
        (?, ?, ?, ?)
14:10:58,914 DEBUG SQL:104 - 
    insert 
    into
        DataPoint
        (xval, yval, description, id) 
    values
        (?, ?, ?, ?)
14:10:58,924 DEBUG SQL:104 - 
    insert 
    into
        DataPoint
        (xval, yval, description, id) 
    values
        (?, ?, ?, ?)
14:10:58,928 DEBUG SQL:104 - 
    insert 
    into
        DataPoint
        (xval, yval, description, id) 
    values
        (?, ?, ?, ?)
14:10:58,928 DEBUG SQL:104 - 
    insert 
    into
        DataPoint
        (xval, yval, description, id) 
    values
        (?, ?, ?, ?)
14:10:58,929 DEBUG SQL:104 - 
    insert 
    into
        DataPoint
        (xval, yval, description, id) 
    values
        (?, ?, ?, ?)
14:10:58,974 DEBUG SQL:104 - 
    insert 
    into
        DataPoint
        (xval, yval, description, id) 
    values
        (?, ?, ?, ?)
14:10:58,975 DEBUG SQL:104 - 
    insert 
    into
        DataPoint
        (xval, yval, description, id) 
    values
        (?, ?, ?, ?)
14:10:58,976 DEBUG SQL:104 - 
    insert 
    into
        DataPoint
        (xval, yval, description, id) 
    values
        (?, ?, ?, ?)
14:10:58,977 DEBUG SQL:104 - 
    insert 
    into
        DataPoint
        (xval, yval, description, id) 
    values
        (?, ?, ?, ?)
14:10:58,979 DEBUG SQL:104 - 
    insert 
    into
        DataPoint
        (xval, yval, description, id) 
    values
        (?, ?, ?, ?)
14:10:58,984 DEBUG SQL:104 - 
    insert 
    into
        DataPoint
        (xval, yval, description, id) 
    values
        (?, ?, ?, ?)
14:10:58,985 DEBUG SQL:104 - 
    insert 
    into
        DataPoint
        (xval, yval, description, id) 
    values
        (?, ?, ?, ?)
14:10:58,985 DEBUG SQL:104 - 
    insert 
    into
        DataPoint
        (xval, yval, description, id) 
    values
        (?, ?, ?, ?)
14:10:58,986 DEBUG SQL:104 - 
    insert 
    into
        DataPoint
        (xval, yval, description, id) 
    values
        (?, ?, ?, ?)
14:10:58,998 DEBUG SQL:104 - 
    insert 
    into
        DataPoint
        (xval, yval, description, id) 
    values
        (?, ?, ?, ?)
14:10:58,999 DEBUG SQL:104 - 
    insert 
    into
        DataPoint
        (xval, yval, description, id) 
    values
        (?, ?, ?, ?)
14:10:58,999 DEBUG SQL:104 - 
    insert 
    into
        DataPoint
        (xval, yval, description, id) 
    values
        (?, ?, ?, ?)
14:10:59,000 DEBUG SQL:104 - 
    insert 
    into
        DataPoint
        (xval, yval, description, id) 
    values
        (?, ?, ?, ?)
14:10:59,029 DEBUG SQL:104 - 
    insert 
    into
        DataPoint
        (xval, yval, description, id) 
    values
        (?, ?, ?, ?)
14:10:59,032 DEBUG SQL:104 - 
    insert 
    into
        DataPoint
        (xval, yval, description, id) 
    values
        (?, ?, ?, ?)
14:10:59,033 DEBUG SQL:104 - 
    insert 
    into
        DataPoint
        (xval, yval, description, id) 
    values
        (?, ?, ?, ?)
14:10:59,033 DEBUG SQL:104 - 
    insert 
    into
        DataPoint
        (xval, yval, description, id) 
    values
        (?, ?, ?, ?)
14:10:59,034 DEBUG SQL:104 - 
    insert 
    into
        DataPoint
        (xval, yval, description, id) 
    values
        (?, ?, ?, ?)
14:10:59,081 DEBUG SQL:104 - 
    insert 
    into
        DataPoint
        (xval, yval, description, id) 
    values
        (?, ?, ?, ?)
14:10:59,082 DEBUG SQL:104 - 
    insert 
    into
        DataPoint
        (xval, yval, description, id) 
    values
        (?, ?, ?, ?)
14:10:59,082 DEBUG SQL:104 - 
    insert 
    into
        DataPoint
        (xval, yval, description, id) 
    values
        (?, ?, ?, ?)
14:10:59,084 DEBUG SQL:104 - 
    insert 
    into
        DataPoint
        (xval, yval, description, id) 
    values
        (?, ?, ?, ?)
14:10:59,084 DEBUG SQL:104 - 
    insert 
    into
        DataPoint
        (xval, yval, description, id) 
    values
        (?, ?, ?, ?)
14:10:59,085 DEBUG SQL:104 - 
    insert 
    into
        DataPoint
        (xval, yval, description, id) 
    values
        (?, ?, ?, ?)
14:10:59,095 DEBUG SQL:104 - 
    insert 
    into
        DataPoint
        (xval, yval, description, id) 
    values
        (?, ?, ?, ?)
14:10:59,101 DEBUG SQL:104 - 
    insert 
    into
        DataPoint
        (xval, yval, description, id) 
    values
        (?, ?, ?, ?)
14:10:59,101 DEBUG SQL:104 - 
    insert 
    into
        DataPoint
        (xval, yval, description, id) 
    values
        (?, ?, ?, ?)
14:10:59,102 DEBUG SQL:104 - 
    insert 
    into
        DataPoint
        (xval, yval, description, id) 
    values
        (?, ?, ?, ?)
14:10:59,103 DEBUG SQL:104 - 
    insert 
    into
        DataPoint
        (xval, yval, description, id) 
    values
        (?, ?, ?, ?)
14:10:59,113 DEBUG SQL:104 - 
    insert 
    into
        DataPoint
        (xval, yval, description, id) 
    values
        (?, ?, ?, ?)
14:10:59,114 DEBUG SQL:104 - 
    insert 
    into
        DataPoint
        (xval, yval, description, id) 
    values
        (?, ?, ?, ?)
14:10:59,115 DEBUG SQL:104 - 
    insert 
    into
        DataPoint
        (xval, yval, description, id) 
    values
        (?, ?, ?, ?)
14:10:59,116 DEBUG SQL:104 - 
    insert 
    into
        DataPoint
        (xval, yval, description, id) 
    values
        (?, ?, ?, ?)
14:10:59,129 DEBUG SQL:104 - 
    insert 
    into
        DataPoint
        (xval, yval, description, id) 
    values
        (?, ?, ?, ?)
14:10:59,130 DEBUG SQL:104 - 
    insert 
    into
        DataPoint
        (xval, yval, description, id) 
    values
        (?, ?, ?, ?)
14:10:59,148 DEBUG SQL:104 - 
    insert 
    into
        DataPoint
        (xval, yval, description, id) 
    values
        (?, ?, ?, ?)
14:10:59,149 DEBUG SQL:104 - 
    insert 
    into
        DataPoint
        (xval, yval, description, id) 
    values
        (?, ?, ?, ?)
14:10:59,149 DEBUG SQL:104 - 
    insert 
    into
        DataPoint
        (xval, yval, description, id) 
    values
        (?, ?, ?, ?)
14:10:59,150 DEBUG SQL:104 - 
    insert 
    into
        DataPoint
        (xval, yval, description, id) 
    values
        (?, ?, ?, ?)
14:10:59,171 DEBUG SQL:104 - 
    insert 
    into
        DataPoint
        (xval, yval, description, id) 
    values
        (?, ?, ?, ?)
14:10:59,172 DEBUG SQL:104 - 
    insert 
    into
        DataPoint
        (xval, yval, description, id) 
    values
        (?, ?, ?, ?)
14:10:59,172 DEBUG SQL:104 - 
    insert 
    into
        DataPoint
        (xval, yval, description, id) 
    values
        (?, ?, ?, ?)
14:10:59,173 DEBUG SQL:104 - 
    insert 
    into
        DataPoint
        (xval, yval, description, id) 
    values
        (?, ?, ?, ?)
14:10:59,174 DEBUG SQL:104 - 
    insert 
    into
        DataPoint
        (xval, yval, description, id) 
    values
        (?, ?, ?, ?)
14:10:59,203 DEBUG SQL:104 - 
    insert 
    into
        DataPoint
        (xval, yval, description, id) 
    values
        (?, ?, ?, ?)
14:10:59,210 DEBUG SQL:104 - 
    insert 
    into
        DataPoint
        (xval, yval, description, id) 
    values
        (?, ?, ?, ?)
14:10:59,212 DEBUG SQL:104 - 
    insert 
    into
        DataPoint
        (xval, yval, description, id) 
    values
        (?, ?, ?, ?)
14:10:59,212 DEBUG SQL:104 - 
    insert 
    into
        DataPoint
        (xval, yval, description, id) 
    values
        (?, ?, ?, ?)
14:10:59,213 DEBUG SQL:104 - 
    insert 
    into
        DataPoint
        (xval, yval, description, id) 
    values
        (?, ?, ?, ?)
14:10:59,214 DEBUG SQL:104 - 
    insert 
    into
        DataPoint
        (xval, yval, description, id) 
    values
        (?, ?, ?, ?)
14:10:59,214 DEBUG SQL:104 - 
    insert 
    into
        DataPoint
        (xval, yval, description, id) 
    values
        (?, ?, ?, ?)
14:10:59,215 DEBUG SQL:104 - 
    insert 
    into
        DataPoint
        (xval, yval, description, id) 
    values
        (?, ?, ?, ?)
14:10:59,216 DEBUG SQL:104 - 
    insert 
    into
        DataPoint
        (xval, yval, description, id) 
    values
        (?, ?, ?, ?)
14:10:59,216 DEBUG SQL:104 - 
    insert 
    into
        DataPoint
        (xval, yval, description, id) 
    values
        (?, ?, ?, ?)
14:10:59,217 DEBUG SQL:104 - 
    insert 
    into
        DataPoint
        (xval, yval, description, id) 
    values
        (?, ?, ?, ?)
14:10:59,217 DEBUG SQL:104 - 
    insert 
    into
        DataPoint
        (xval, yval, description, id) 
    values
        (?, ?, ?, ?)
14:10:59,219 DEBUG SQL:104 - 
    insert 
    into
        DataPoint
        (xval, yval, description, id) 
    values
        (?, ?, ?, ?)
14:10:59,264 DEBUG SQL:104 - 
    insert 
    into
        DataPoint
        (xval, yval, description, id) 
    values
        (?, ?, ?, ?)
14:10:59,265 DEBUG SQL:104 - 
    insert 
    into
        DataPoint
        (xval, yval, description, id) 
    values
        (?, ?, ?, ?)
14:10:59,266 DEBUG SQL:104 - 
    insert 
    into
        DataPoint
        (xval, yval, description, id) 
    values
        (?, ?, ?, ?)
14:10:59,267 DEBUG SQL:104 - 
    insert 
    into
        DataPoint
        (xval, yval, description, id) 
    values
        (?, ?, ?, ?)
14:10:59,267 DEBUG SQL:104 - 
    insert 
    into
        DataPoint
        (xval, yval, description, id) 
    values
        (?, ?, ?, ?)
14:10:59,268 DEBUG SQL:104 - 
    insert 
    into
        DataPoint
        (xval, yval, description, id) 
    values
        (?, ?, ?, ?)
14:10:59,288 DEBUG SQL:104 - 
    insert 
    into
        DataPoint
        (xval, yval, description, id) 
    values
        (?, ?, ?, ?)
14:10:59,289 DEBUG SQL:104 - 
    insert 
    into
        DataPoint
        (xval, yval, description, id) 
    values
        (?, ?, ?, ?)
14:10:59,297 DEBUG SQL:104 - 
    insert 
    into
        DataPoint
        (xval, yval, description, id) 
    values
        (?, ?, ?, ?)
14:10:59,298 DEBUG SQL:104 - 
    insert 
    into
        DataPoint
        (xval, yval, description, id) 
    values
        (?, ?, ?, ?)
14:10:59,299 DEBUG SQL:104 - 
    insert 
    into
        DataPoint
        (xval, yval, description, id) 
    values
        (?, ?, ?, ?)
14:10:59,309 DEBUG SQL:104 - 
    insert 
    into
        DataPoint
        (xval, yval, description, id) 
    values
        (?, ?, ?, ?)
14:10:59,310 DEBUG SQL:104 - 
    insert 
    into
        DataPoint
        (xval, yval, description, id) 
    values
        (?, ?, ?, ?)
14:10:59,311 DEBUG SQL:104 - 
    insert 
    into
        DataPoint
        (xval, yval, description, id) 
    values
        (?, ?, ?, ?)
14:10:59,311 DEBUG SQL:104 - 
    insert 
    into
        DataPoint
        (xval, yval, description, id) 
    values
        (?, ?, ?, ?)
14:10:59,312 DEBUG SQL:104 - 
    insert 
    into
        DataPoint
        (xval, yval, description, id) 
    values
        (?, ?, ?, ?)
14:10:59,312 DEBUG SQL:104 - 
    insert 
    into
        DataPoint
        (xval, yval, description, id) 
    values
        (?, ?, ?, ?)
14:10:59,314 DEBUG SQL:104 - 
    insert 
    into
        DataPoint
        (xval, yval, description, id) 
    values
        (?, ?, ?, ?)
14:10:59,314 DEBUG SQL:104 - 
    insert 
    into
        DataPoint
        (xval, yval, description, id) 
    values
        (?, ?, ?, ?)
14:10:59,315 DEBUG SQL:104 - 
    insert 
    into
        DataPoint
        (xval, yval, description, id) 
    values
        (?, ?, ?, ?)
14:10:59,330 DEBUG SQL:104 - 
    insert 
    into
        DataPoint
        (xval, yval, description, id) 
    values
        (?, ?, ?, ?)
14:10:59,331 DEBUG SQL:104 - 
    insert 
    into
        DataPoint
        (xval, yval, description, id) 
    values
        (?, ?, ?, ?)
14:10:59,332 DEBUG SQL:104 - 
    insert 
    into
        DataPoint
        (xval, yval, description, id) 
    values
        (?, ?, ?, ?)
14:10:59,332 DEBUG SQL:104 - 
    insert 
    into
        DataPoint
        (xval, yval, description, id) 
    values
        (?, ?, ?, ?)
14:10:59,353 DEBUG SQL:104 - 
    insert 
    into
        DataPoint
        (xval, yval, description, id) 
    values
        (?, ?, ?, ?)
14:10:59,354 DEBUG SQL:104 - 
    insert 
    into
        DataPoint
        (xval, yval, description, id) 
    values
        (?, ?, ?, ?)
14:10:59,354 DEBUG SQL:104 - 
    insert 
    into
        DataPoint
        (xval, yval, description, id) 
    values
        (?, ?, ?, ?)
14:10:59,355 DEBUG SQL:104 - 
    insert 
    into
        DataPoint
        (xval, yval, description, id) 
    values
        (?, ?, ?, ?)
14:10:59,360 DEBUG SQL:104 - 
    insert 
    into
        DataPoint
        (xval, yval, description, id) 
    values
        (?, ?, ?, ?)
14:10:59,360 DEBUG SQL:104 - 
    insert 
    into
        DataPoint
        (xval, yval, description, id) 
    values
        (?, ?, ?, ?)
14:10:59,379 DEBUG SQL:104 - 
    insert 
    into
        DataPoint
        (xval, yval, description, id) 
    values
        (?, ?, ?, ?)
14:10:59,380 DEBUG SQL:104 - 
    insert 
    into
        DataPoint
        (xval, yval, description, id) 
    values
        (?, ?, ?, ?)
14:10:59,380 DEBUG SQL:104 - 
    insert 
    into
        DataPoint
        (xval, yval, description, id) 
    values
        (?, ?, ?, ?)
14:10:59,381 DEBUG SQL:104 - 
    insert 
    into
        DataPoint
        (xval, yval, description, id) 
    values
        (?, ?, ?, ?)
14:10:59,382 DEBUG SQL:104 - 
    insert 
    into
        DataPoint
        (xval, yval, description, id) 
    values
        (?, ?, ?, ?)
14:10:59,404 DEBUG SQL:104 - 
    insert 
    into
        DataPoint
        (xval, yval, description, id) 
    values
        (?, ?, ?, ?)
14:10:59,405 DEBUG SQL:104 - 
    insert 
    into
        DataPoint
        (xval, yval, description, id) 
    values
        (?, ?, ?, ?)
14:10:59,405 DEBUG SQL:104 - 
    insert 
    into
        DataPoint
        (xval, yval, description, id) 
    values
        (?, ?, ?, ?)
14:10:59,406 DEBUG SQL:104 - 
    insert 
    into
        DataPoint
        (xval, yval, description, id) 
    values
        (?, ?, ?, ?)
14:10:59,432 DEBUG SQL:104 - 
    insert 
    into
        DataPoint
        (xval, yval, description, id) 
    values
        (?, ?, ?, ?)
14:10:59,433 DEBUG SQL:104 - 
    insert 
    into
        DataPoint
        (xval, yval, description, id) 
    values
        (?, ?, ?, ?)
14:10:59,434 DEBUG SQL:104 - 
    insert 
    into
        DataPoint
        (xval, yval, description, id) 
    values
        (?, ?, ?, ?)
14:10:59,434 DEBUG SQL:104 - 
    insert 
    into
        DataPoint
        (xval, yval, description, id) 
    values
        (?, ?, ?, ?)
14:10:59,435 DEBUG SQL:104 - 
    insert 
    into
        DataPoint
        (xval, yval, description, id) 
    values
        (?, ?, ?, ?)
14:10:59,435 DEBUG SQL:104 - 
    insert 
    into
        DataPoint
        (xval, yval, description, id) 
    values
        (?, ?, ?, ?)
14:10:59,436 DEBUG SQL:104 - 
    insert 
    into
        DataPoint
        (xval, yval, description, id) 
    values
        (?, ?, ?, ?)
14:10:59,437 DEBUG SQL:104 - 
    insert 
    into
        DataPoint
        (xval, yval, description, id) 
    values
        (?, ?, ?, ?)
14:10:59,437 DEBUG SQL:104 - 
    insert 
    into
        DataPoint
        (xval, yval, description, id) 
    values
        (?, ?, ?, ?)
14:10:59,500 DEBUG SQL:104 - 
    insert 
    into
        DataPoint
        (xval, yval, description, id) 
    values
        (?, ?, ?, ?)
14:10:59,500 DEBUG SQL:104 - 
    insert 
    into
        DataPoint
        (xval, yval, description, id) 
    values
        (?, ?, ?, ?)
14:10:59,501 DEBUG SQL:104 - 
    insert 
    into
        DataPoint
        (xval, yval, description, id) 
    values
        (?, ?, ?, ?)
14:10:59,502 DEBUG SQL:104 - 
    insert 
    into
        DataPoint
        (xval, yval, description, id) 
    values
        (?, ?, ?, ?)
14:10:59,508 DEBUG SQL:104 - 
    insert 
    into
        DataPoint
        (xval, yval, description, id) 
    values
        (?, ?, ?, ?)
14:10:59,509 DEBUG SQL:104 - 
    insert 
    into
        DataPoint
        (xval, yval, description, id) 
    values
        (?, ?, ?, ?)
14:10:59,509 DEBUG SQL:104 - 
    insert 
    into
        DataPoint
        (xval, yval, description, id) 
    values
        (?, ?, ?, ?)
14:10:59,510 DEBUG SQL:104 - 
    insert 
    into
        DataPoint
        (xval, yval, description, id) 
    values
        (?, ?, ?, ?)
14:10:59,510 DEBUG SQL:104 - 
    insert 
    into
        DataPoint
        (xval, yval, description, id) 
    values
        (?, ?, ?, ?)
14:10:59,511 DEBUG SQL:104 - 
    insert 
    into
        DataPoint
        (xval, yval, description, id) 
    values
        (?, ?, ?, ?)
14:10:59,512 DEBUG SQL:104 - 
    insert 
    into
        DataPoint
        (xval, yval, description, id) 
    values
        (?, ?, ?, ?)
14:10:59,549 DEBUG SQL:104 - 
    insert 
    into
        DataPoint
        (xval, yval, description, id) 
    values
        (?, ?, ?, ?)
14:10:59,553 DEBUG SQL:104 - 
    insert 
    into
        DataPoint
        (xval, yval, description, id) 
    values
        (?, ?, ?, ?)
14:10:59,554 DEBUG SQL:104 - 
    insert 
    into
        DataPoint
        (xval, yval, description, id) 
    values
        (?, ?, ?, ?)
14:10:59,555 DEBUG SQL:104 - 
    insert 
    into
        DataPoint
        (xval, yval, description, id) 
    values
        (?, ?, ?, ?)
14:10:59,555 DEBUG SQL:104 - 
    insert 
    into
        DataPoint
        (xval, yval, description, id) 
    values
        (?, ?, ?, ?)
14:10:59,556 DEBUG SQL:104 - 
    insert 
    into
        DataPoint
        (xval, yval, description, id) 
    values
        (?, ?, ?, ?)
14:10:59,556 DEBUG SQL:104 - 
    insert 
    into
        DataPoint
        (xval, yval, description, id) 
    values
        (?, ?, ?, ?)
14:10:59,557 DEBUG SQL:104 - 
    insert 
    into
        DataPoint
        (xval, yval, description, id) 
    values
        (?, ?, ?, ?)
14:10:59,579 DEBUG SQL:104 - 
    insert 
    into
        DataPoint
        (xval, yval, description, id) 
    values
        (?, ?, ?, ?)
14:10:59,584 DEBUG SQL:104 - 
    insert 
    into
        DataPoint
        (xval, yval, description, id) 
    values
        (?, ?, ?, ?)
14:10:59,585 DEBUG SQL:104 - 
    insert 
    into
        DataPoint
        (xval, yval, description, id) 
    values
        (?, ?, ?, ?)
14:10:59,585 DEBUG SQL:104 - 
    insert 
    into
        DataPoint
        (xval, yval, description, id) 
    values
        (?, ?, ?, ?)
14:10:59,586 DEBUG SQL:104 - 
    insert 
    into
        DataPoint
        (xval, yval, description, id) 
    values
        (?, ?, ?, ?)
14:10:59,601 DEBUG SQL:104 - 
    insert 
    into
        DataPoint
        (xval, yval, description, id) 
    values
        (?, ?, ?, ?)
14:10:59,601 DEBUG SQL:104 - 
    insert 
    into
        DataPoint
        (xval, yval, description, id) 
    values
        (?, ?, ?, ?)
14:10:59,602 DEBUG SQL:104 - 
    insert 
    into
        DataPoint
        (xval, yval, description, id) 
    values
        (?, ?, ?, ?)
14:10:59,603 DEBUG SQL:104 - 
    insert 
    into
        DataPoint
        (xval, yval, description, id) 
    values
        (?, ?, ?, ?)
14:10:59,603 DEBUG SQL:104 - 
    insert 
    into
        DataPoint
        (xval, yval, description, id) 
    values
        (?, ?, ?, ?)
14:10:59,604 DEBUG SQL:104 - 
    insert 
    into
        DataPoint
        (xval, yval, description, id) 
    values
        (?, ?, ?, ?)
14:10:59,630 DEBUG SQL:104 - 
    insert 
    into
        DataPoint
        (xval, yval, description, id) 
    values
        (?, ?, ?, ?)
14:10:59,631 DEBUG SQL:104 - 
    insert 
    into
        DataPoint
        (xval, yval, description, id) 
    values
        (?, ?, ?, ?)
14:10:59,631 DEBUG SQL:104 - 
    insert 
    into
        DataPoint
        (xval, yval, description, id) 
    values
        (?, ?, ?, ?)
14:10:59,632 DEBUG SQL:104 - 
    insert 
    into
        DataPoint
        (xval, yval, description, id) 
    values
        (?, ?, ?, ?)
14:10:59,633 DEBUG SQL:104 - 
    insert 
    into
        DataPoint
        (xval, yval, description, id) 
    values
        (?, ?, ?, ?)
14:10:59,671 DEBUG SQL:104 - 
    insert 
    into
        DataPoint
        (xval, yval, description, id) 
    values
        (?, ?, ?, ?)
14:10:59,673 DEBUG SQL:104 - 
    insert 
    into
        DataPoint
        (xval, yval, description, id) 
    values
        (?, ?, ?, ?)
14:10:59,673 DEBUG SQL:104 - 
    insert 
    into
        DataPoint
        (xval, yval, description, id) 
    values
        (?, ?, ?, ?)
14:10:59,674 DEBUG SQL:104 - 
    insert 
    into
        DataPoint
        (xval, yval, description, id) 
    values
        (?, ?, ?, ?)
14:10:59,674 DEBUG SQL:104 - 
    insert 
    into
        DataPoint
        (xval, yval, description, id) 
    values
        (?, ?, ?, ?)
14:10:59,679 DEBUG SQL:104 - 
    insert 
    into
        DataPoint
        (xval, yval, description, id) 
    values
        (?, ?, ?, ?)
14:10:59,680 DEBUG SQL:104 - 
    insert 
    into
        DataPoint
        (xval, yval, description, id) 
    values
        (?, ?, ?, ?)
14:10:59,680 DEBUG SQL:104 - 
    insert 
    into
        DataPoint
        (xval, yval, description, id) 
    values
        (?, ?, ?, ?)
14:10:59,695 DEBUG SQL:104 - 
    insert 
    into
        DataPoint
        (xval, yval, description, id) 
    values
        (?, ?, ?, ?)
14:10:59,696 DEBUG SQL:104 - 
    insert 
    into
        DataPoint
        (xval, yval, description, id) 
    values
        (?, ?, ?, ?)
14:10:59,696 DEBUG SQL:104 - 
    insert 
    into
        DataPoint
        (xval, yval, description, id) 
    values
        (?, ?, ?, ?)
14:10:59,697 DEBUG SQL:104 - 
    insert 
    into
        DataPoint
        (xval, yval, description, id) 
    values
        (?, ?, ?, ?)
14:10:59,698 DEBUG SQL:104 - 
    insert 
    into
        DataPoint
        (xval, yval, description, id) 
    values
        (?, ?, ?, ?)
14:10:59,709 DEBUG SQL:104 - 
    insert 
    into
        DataPoint
        (xval, yval, description, id) 
    values
        (?, ?, ?, ?)
14:10:59,710 DEBUG SQL:104 - 
    insert 
    into
        DataPoint
        (xval, yval, description, id) 
    values
        (?, ?, ?, ?)
14:10:59,710 DEBUG SQL:104 - 
    insert 
    into
        DataPoint
        (xval, yval, description, id) 
    values
        (?, ?, ?, ?)
14:10:59,711 DEBUG SQL:104 - 
    insert 
    into
        DataPoint
        (xval, yval, description, id) 
    values
        (?, ?, ?, ?)
14:10:59,711 DEBUG SQL:104 - 
    insert 
    into
        DataPoint
        (xval, yval, description, id) 
    values
        (?, ?, ?, ?)
14:10:59,712 DEBUG SQL:104 - 
    insert 
    into
        DataPoint
        (xval, yval, description, id) 
    values
        (?, ?, ?, ?)
14:10:59,791 DEBUG SQL:104 - 
    insert 
    into
        DataPoint
        (xval, yval, description, id) 
    values
        (?, ?, ?, ?)
14:10:59,793 DEBUG SQL:104 - 
    insert 
    into
        DataPoint
        (xval, yval, description, id) 
    values
        (?, ?, ?, ?)
14:10:59,794 DEBUG SQL:104 - 
    insert 
    into
        DataPoint
        (xval, yval, description, id) 
    values
        (?, ?, ?, ?)
14:10:59,794 DEBUG SQL:104 - 
    insert 
    into
        DataPoint
        (xval, yval, description, id) 
    values
        (?, ?, ?, ?)
14:10:59,795 DEBUG SQL:104 - 
    insert 
    into
        DataPoint
        (xval, yval, description, id) 
    values
        (?, ?, ?, ?)
14:10:59,796 DEBUG SQL:104 - 
    insert 
    into
        DataPoint
        (xval, yval, description, id) 
    values
        (?, ?, ?, ?)
14:10:59,801 DEBUG SQL:104 - 
    insert 
    into
        DataPoint
        (xval, yval, description, id) 
    values
        (?, ?, ?, ?)
14:10:59,802 DEBUG SQL:104 - 
    insert 
    into
        DataPoint
        (xval, yval, description, id) 
    values
        (?, ?, ?, ?)
14:10:59,802 DEBUG SQL:104 - 
    insert 
    into
        DataPoint
        (xval, yval, description, id) 
    values
        (?, ?, ?, ?)
14:10:59,809 DEBUG SQL:104 - 
    insert 
    into
        DataPoint
        (xval, yval, description, id) 
    values
        (?, ?, ?, ?)
14:10:59,810 DEBUG SQL:104 - 
    insert 
    into
        DataPoint
        (xval, yval, description, id) 
    values
        (?, ?, ?, ?)
14:10:59,811 DEBUG SQL:104 - 
    insert 
    into
        DataPoint
        (xval, yval, description, id) 
    values
        (?, ?, ?, ?)
14:10:59,811 DEBUG SQL:104 - 
    insert 
    into
        DataPoint
        (xval, yval, description, id) 
    values
        (?, ?, ?, ?)
14:10:59,849 DEBUG SQL:104 - 
    insert 
    into
        DataPoint
        (xval, yval, description, id) 
    values
        (?, ?, ?, ?)
14:10:59,849 DEBUG SQL:104 - 
    insert 
    into
        DataPoint
        (xval, yval, description, id) 
    values
        (?, ?, ?, ?)
14:10:59,850 DEBUG SQL:104 - 
    insert 
    into
        DataPoint
        (xval, yval, description, id) 
    values
        (?, ?, ?, ?)
14:10:59,851 DEBUG SQL:104 - 
    insert 
    into
        DataPoint
        (xval, yval, description, id) 
    values
        (?, ?, ?, ?)
14:10:59,851 DEBUG SQL:104 - 
    insert 
    into
        DataPoint
        (xval, yval, description, id) 
    values
        (?, ?, ?, ?)
14:10:59,852 DEBUG SQL:104 - 
    insert 
    into
        DataPoint
        (xval, yval, description, id) 
    values
        (?, ?, ?, ?)
14:10:59,852 DEBUG SQL:104 - 
    insert 
    into
        DataPoint
        (xval, yval, description, id) 
    values
        (?, ?, ?, ?)
14:10:59,885 DEBUG SQL:104 - 
    insert 
    into
        DataPoint
        (xval, yval, description, id) 
    values
        (?, ?, ?, ?)
14:10:59,886 DEBUG SQL:104 - 
    insert 
    into
        DataPoint
        (xval, yval, description, id) 
    values
        (?, ?, ?, ?)
14:10:59,887 DEBUG SQL:104 - 
    insert 
    into
        DataPoint
        (xval, yval, description, id) 
    values
        (?, ?, ?, ?)
14:10:59,887 DEBUG SQL:104 - 
    insert 
    into
        DataPoint
        (xval, yval, description, id) 
    values
        (?, ?, ?, ?)
14:10:59,898 DEBUG SQL:104 - 
    insert 
    into
        DataPoint
        (xval, yval, description, id) 
    values
        (?, ?, ?, ?)
14:10:59,899 DEBUG SQL:104 - 
    insert 
    into
        DataPoint
        (xval, yval, description, id) 
    values
        (?, ?, ?, ?)
14:10:59,904 DEBUG SQL:104 - 
    insert 
    into
        DataPoint
        (xval, yval, description, id) 
    values
        (?, ?, ?, ?)
14:10:59,905 DEBUG SQL:104 - 
    insert 
    into
        DataPoint
        (xval, yval, description, id) 
    values
        (?, ?, ?, ?)
14:10:59,905 DEBUG SQL:104 - 
    insert 
    into
        DataPoint
        (xval, yval, description, id) 
    values
        (?, ?, ?, ?)
14:10:59,928 DEBUG SQL:104 - 
    insert 
    into
        DataPoint
        (xval, yval, description, id) 
    values
        (?, ?, ?, ?)
14:10:59,929 DEBUG SQL:104 - 
    insert 
    into
        DataPoint
        (xval, yval, description, id) 
    values
        (?, ?, ?, ?)
14:10:59,930 DEBUG SQL:104 - 
    insert 
    into
        DataPoint
        (xval, yval, description, id) 
    values
        (?, ?, ?, ?)
14:10:59,930 DEBUG SQL:104 - 
    insert 
    into
        DataPoint
        (xval, yval, description, id) 
    values
        (?, ?, ?, ?)
14:10:59,931 DEBUG SQL:104 - 
    insert 
    into
        DataPoint
        (xval, yval, description, id) 
    values
        (?, ?, ?, ?)
14:10:59,931 DEBUG SQL:104 - 
    insert 
    into
        DataPoint
        (xval, yval, description, id) 
    values
        (?, ?, ?, ?)
14:10:59,932 DEBUG SQL:104 - 
    insert 
    into
        DataPoint
        (xval, yval, description, id) 
    values
        (?, ?, ?, ?)
14:10:59,932 DEBUG SQL:104 - 
    insert 
    into
        DataPoint
        (xval, yval, description, id) 
    values
        (?, ?, ?, ?)
14:10:59,965 DEBUG SQL:104 - 
    insert 
    into
        DataPoint
        (xval, yval, description, id) 
    values
        (?, ?, ?, ?)
14:10:59,966 DEBUG SQL:104 - 
    insert 
    into
        DataPoint
        (xval, yval, description, id) 
    values
        (?, ?, ?, ?)
14:10:59,967 DEBUG SQL:104 - 
    insert 
    into
        DataPoint
        (xval, yval, description, id) 
    values
        (?, ?, ?, ?)
14:10:59,968 DEBUG SQL:104 - 
    insert 
    into
        DataPoint
        (xval, yval, description, id) 
    values
        (?, ?, ?, ?)
14:10:59,970 DEBUG SQL:104 - 
    insert 
    into
        DataPoint
        (xval, yval, description, id) 
    values
        (?, ?, ?, ?)
14:10:59,989 DEBUG SQL:104 - 
    insert 
    into
        DataPoint
        (xval, yval, description, id) 
    values
        (?, ?, ?, ?)
14:10:59,989 DEBUG SQL:104 - 
    insert 
    into
        DataPoint
        (xval, yval, description, id) 
    values
        (?, ?, ?, ?)
14:10:59,990 DEBUG SQL:104 - 
    insert 
    into
        DataPoint
        (xval, yval, description, id) 
    values
        (?, ?, ?, ?)
14:10:59,991 DEBUG SQL:104 - 
    insert 
    into
        DataPoint
        (xval, yval, description, id) 
    values
        (?, ?, ?, ?)
14:10:59,995 DEBUG SQL:104 - 
    insert 
    into
        DataPoint
        (xval, yval, description, id) 
    values
        (?, ?, ?, ?)
14:10:59,996 DEBUG SQL:104 - 
    insert 
    into
        DataPoint
        (xval, yval, description, id) 
    values
        (?, ?, ?, ?)
14:11:00,022 DEBUG SQL:104 - 
    insert 
    into
        DataPoint
        (xval, yval, description, id) 
    values
        (?, ?, ?, ?)
14:11:00,024 DEBUG SQL:104 - 
    insert 
    into
        DataPoint
        (xval, yval, description, id) 
    values
        (?, ?, ?, ?)
14:11:00,025 DEBUG SQL:104 - 
    insert 
    into
        DataPoint
        (xval, yval, description, id) 
    values
        (?, ?, ?, ?)
14:11:00,025 DEBUG SQL:104 - 
    insert 
    into
        DataPoint
        (xval, yval, description, id) 
    values
        (?, ?, ?, ?)
14:11:00,026 DEBUG SQL:104 - 
    insert 
    into
        DataPoint
        (xval, yval, description, id) 
    values
        (?, ?, ?, ?)
14:11:00,051 DEBUG SQL:104 - 
    insert 
    into
        DataPoint
        (xval, yval, description, id) 
    values
        (?, ?, ?, ?)
14:11:00,052 DEBUG SQL:104 - 
    insert 
    into
        DataPoint
        (xval, yval, description, id) 
    values
        (?, ?, ?, ?)
14:11:00,053 DEBUG SQL:104 - 
    insert 
    into
        DataPoint
        (xval, yval, description, id) 
    values
        (?, ?, ?, ?)
14:11:00,053 DEBUG SQL:104 - 
    insert 
    into
        DataPoint
        (xval, yval, description, id) 
    values
        (?, ?, ?, ?)
14:11:00,054 DEBUG SQL:104 - 
    insert 
    into
        DataPoint
        (xval, yval, description, id) 
    values
        (?, ?, ?, ?)
14:11:00,055 DEBUG SQL:104 - 
    insert 
    into
        DataPoint
        (xval, yval, description, id) 
    values
        (?, ?, ?, ?)
14:11:00,055 DEBUG SQL:104 - 
    insert 
    into
        DataPoint
        (xval, yval, description, id) 
    values
        (?, ?, ?, ?)
14:11:00,056 DEBUG SQL:104 - 
    insert 
    into
        DataPoint
        (xval, yval, description, id) 
    values
        (?, ?, ?, ?)
14:11:00,063 DEBUG SQL:104 - 
    insert 
    into
        DataPoint
        (xval, yval, description, id) 
    values
        (?, ?, ?, ?)
14:11:00,064 DEBUG SQL:104 - 
    insert 
    into
        DataPoint
        (xval, yval, description, id) 
    values
        (?, ?, ?, ?)
14:11:00,064 DEBUG SQL:104 - 
    insert 
    into
        DataPoint
        (xval, yval, description, id) 
    values
        (?, ?, ?, ?)
14:11:00,065 DEBUG SQL:104 - 
    insert 
    into
        DataPoint
        (xval, yval, description, id) 
    values
        (?, ?, ?, ?)
14:11:00,066 DEBUG SQL:104 - 
    insert 
    into
        DataPoint
        (xval, yval, description, id) 
    values
        (?, ?, ?, ?)
14:11:00,093 DEBUG SQL:104 - 
    insert 
    into
        DataPoint
        (xval, yval, description, id) 
    values
        (?, ?, ?, ?)
14:11:00,094 DEBUG SQL:104 - 
    insert 
    into
        DataPoint
        (xval, yval, description, id) 
    values
        (?, ?, ?, ?)
14:11:00,095 DEBUG SQL:104 - 
    insert 
    into
        DataPoint
        (xval, yval, description, id) 
    values
        (?, ?, ?, ?)
14:11:00,095 DEBUG SQL:104 - 
    insert 
    into
        DataPoint
        (xval, yval, description, id) 
    values
        (?, ?, ?, ?)
14:11:00,096 DEBUG SQL:104 - 
    insert 
    into
        DataPoint
        (xval, yval, description, id) 
    values
        (?, ?, ?, ?)
14:11:00,096 DEBUG SQL:104 - 
    insert 
    into
        DataPoint
        (xval, yval, description, id) 
    values
        (?, ?, ?, ?)
14:11:00,144 DEBUG SQL:104 - 
    insert 
    into
        DataPoint
        (xval, yval, description, id) 
    values
        (?, ?, ?, ?)
14:11:00,145 DEBUG SQL:104 - 
    insert 
    into
        DataPoint
        (xval, yval, description, id) 
    values
        (?, ?, ?, ?)
14:11:00,145 DEBUG SQL:104 - 
    insert 
    into
        DataPoint
        (xval, yval, description, id) 
    values
        (?, ?, ?, ?)
14:11:00,146 DEBUG SQL:104 - 
    insert 
    into
        DataPoint
        (xval, yval, description, id) 
    values
        (?, ?, ?, ?)
14:11:00,146 DEBUG SQL:104 - 
    insert 
    into
        DataPoint
        (xval, yval, description, id) 
    values
        (?, ?, ?, ?)
14:11:00,147 DEBUG SQL:104 - 
    insert 
    into
        DataPoint
        (xval, yval, description, id) 
    values
        (?, ?, ?, ?)
14:11:00,148 DEBUG SQL:104 - 
    insert 
    into
        DataPoint
        (xval, yval, description, id) 
    values
        (?, ?, ?, ?)
14:11:00,149 DEBUG SQL:104 - 
    insert 
    into
        DataPoint
        (xval, yval, description, id) 
    values
        (?, ?, ?, ?)
14:11:00,149 DEBUG SQL:104 - 
    insert 
    into
        DataPoint
        (xval, yval, description, id) 
    values
        (?, ?, ?, ?)
14:11:00,150 DEBUG SQL:104 - 
    insert 
    into
        DataPoint
        (xval, yval, description, id) 
    values
        (?, ?, ?, ?)
14:11:00,150 DEBUG SQL:104 - 
    insert 
    into
        DataPoint
        (xval, yval, description, id) 
    values
        (?, ?, ?, ?)
14:11:00,162 DEBUG SQL:104 - 
    insert 
    into
        DataPoint
        (xval, yval, description, id) 
    values
        (?, ?, ?, ?)
14:11:00,162 DEBUG SQL:104 - 
    insert 
    into
        DataPoint
        (xval, yval, description, id) 
    values
        (?, ?, ?, ?)
14:11:00,163 DEBUG SQL:104 - 
    insert 
    into
        DataPoint
        (xval, yval, description, id) 
    values
        (?, ?, ?, ?)
14:11:00,189 DEBUG SQL:104 - 
    insert 
    into
        DataPoint
        (xval, yval, description, id) 
    values
        (?, ?, ?, ?)
14:11:00,189 DEBUG SQL:104 - 
    insert 
    into
        DataPoint
        (xval, yval, description, id) 
    values
        (?, ?, ?, ?)
14:11:00,190 DEBUG SQL:104 - 
    insert 
    into
        DataPoint
        (xval, yval, description, id) 
    values
        (?, ?, ?, ?)
14:11:00,191 DEBUG SQL:104 - 
    insert 
    into
        DataPoint
        (xval, yval, description, id) 
    values
        (?, ?, ?, ?)
14:11:00,191 DEBUG SQL:104 - 
    insert 
    into
        DataPoint
        (xval, yval, description, id) 
    values
        (?, ?, ?, ?)
14:11:00,192 DEBUG SQL:104 - 
    insert 
    into
        DataPoint
        (xval, yval, description, id) 
    values
        (?, ?, ?, ?)
14:11:00,192 DEBUG SQL:104 - 
    insert 
    into
        DataPoint
        (xval, yval, description, id) 
    values
        (?, ?, ?, ?)
14:11:00,193 DEBUG SQL:104 - 
    insert 
    into
        DataPoint
        (xval, yval, description, id) 
    values
        (?, ?, ?, ?)
14:11:00,193 DEBUG SQL:104 - 
    insert 
    into
        DataPoint
        (xval, yval, description, id) 
    values
        (?, ?, ?, ?)
14:11:00,194 DEBUG SQL:104 - 
    insert 
    into
        DataPoint
        (xval, yval, description, id) 
    values
        (?, ?, ?, ?)
14:11:00,197 DEBUG SQL:104 - 
    insert 
    into
        DataPoint
        (xval, yval, description, id) 
    values
        (?, ?, ?, ?)
14:11:00,198 DEBUG SQL:104 - 
    insert 
    into
        DataPoint
        (xval, yval, description, id) 
    values
        (?, ?, ?, ?)
14:11:00,198 DEBUG SQL:104 - 
    insert 
    into
        DataPoint
        (xval, yval, description, id) 
    values
        (?, ?, ?, ?)
14:11:00,199 DEBUG SQL:104 - 
    insert 
    into
        DataPoint
        (xval, yval, description, id) 
    values
        (?, ?, ?, ?)
14:11:00,216 DEBUG SQL:104 - 
    insert 
    into
        DataPoint
        (xval, yval, description, id) 
    values
        (?, ?, ?, ?)
14:11:00,219 DEBUG SQL:104 - 
    insert 
    into
        DataPoint
        (xval, yval, description, id) 
    values
        (?, ?, ?, ?)
14:11:00,233 DEBUG SQL:104 - 
    insert 
    into
        DataPoint
        (xval, yval, description, id) 
    values
        (?, ?, ?, ?)
14:11:00,233 DEBUG SQL:104 - 
    insert 
    into
        DataPoint
        (xval, yval, description, id) 
    values
        (?, ?, ?, ?)
14:11:00,234 DEBUG SQL:104 - 
    insert 
    into
        DataPoint
        (xval, yval, description, id) 
    values
        (?, ?, ?, ?)
14:11:00,235 DEBUG SQL:104 - 
    insert 
    into
        DataPoint
        (xval, yval, description, id) 
    values
        (?, ?, ?, ?)
14:11:00,239 DEBUG SQL:104 - 
    insert 
    into
        DataPoint
        (xval, yval, description, id) 
    values
        (?, ?, ?, ?)
14:11:00,291 DEBUG SQL:104 - 
    insert 
    into
        DataPoint
        (xval, yval, description, id) 
    values
        (?, ?, ?, ?)
14:11:00,291 DEBUG SQL:104 - 
    insert 
    into
        DataPoint
        (xval, yval, description, id) 
    values
        (?, ?, ?, ?)
14:11:00,292 DEBUG SQL:104 - 
    insert 
    into
        DataPoint
        (xval, yval, description, id) 
    values
        (?, ?, ?, ?)
14:11:00,293 DEBUG SQL:104 - 
    insert 
    into
        DataPoint
        (xval, yval, description, id) 
    values
        (?, ?, ?, ?)
14:11:00,293 DEBUG SQL:104 - 
    insert 
    into
        DataPoint
        (xval, yval, description, id) 
    values
        (?, ?, ?, ?)
14:11:00,294 DEBUG SQL:104 - 
    insert 
    into
        DataPoint
        (xval, yval, description, id) 
    values
        (?, ?, ?, ?)
14:11:00,294 DEBUG SQL:104 - 
    insert 
    into
        DataPoint
        (xval, yval, description, id) 
    values
        (?, ?, ?, ?)
14:11:00,295 DEBUG SQL:104 - 
    insert 
    into
        DataPoint
        (xval, yval, description, id) 
    values
        (?, ?, ?, ?)
14:11:00,295 DEBUG SQL:104 - 
    insert 
    into
        DataPoint
        (xval, yval, description, id) 
    values
        (?, ?, ?, ?)
14:11:00,296 DEBUG SQL:104 - 
    insert 
    into
        DataPoint
        (xval, yval, description, id) 
    values
        (?, ?, ?, ?)
14:11:00,296 DEBUG SQL:104 - 
    insert 
    into
        DataPoint
        (xval, yval, description, id) 
    values
        (?, ?, ?, ?)
14:11:00,297 DEBUG SQL:104 - 
    insert 
    into
        DataPoint
        (xval, yval, description, id) 
    values
        (?, ?, ?, ?)
14:11:00,298 DEBUG SQL:104 - 
    insert 
    into
        DataPoint
        (xval, yval, description, id) 
    values
        (?, ?, ?, ?)
14:11:00,299 DEBUG SQL:104 - 
    insert 
    into
        DataPoint
        (xval, yval, description, id) 
    values
        (?, ?, ?, ?)
14:11:00,325 DEBUG SQL:104 - 
    insert 
    into
        DataPoint
        (xval, yval, description, id) 
    values
        (?, ?, ?, ?)
14:11:00,326 DEBUG SQL:104 - 
    insert 
    into
        DataPoint
        (xval, yval, description, id) 
    values
        (?, ?, ?, ?)
14:11:00,326 DEBUG SQL:104 - 
    insert 
    into
        DataPoint
        (xval, yval, description, id) 
    values
        (?, ?, ?, ?)
14:11:00,327 DEBUG SQL:104 - 
    insert 
    into
        DataPoint
        (xval, yval, description, id) 
    values
        (?, ?, ?, ?)
14:11:00,327 DEBUG SQL:104 - 
    insert 
    into
        DataPoint
        (xval, yval, description, id) 
    values
        (?, ?, ?, ?)
14:11:00,343 DEBUG SQL:104 - 
    insert 
    into
        DataPoint
        (xval, yval, description, id) 
    values
        (?, ?, ?, ?)
14:11:00,344 DEBUG SQL:104 - 
    insert 
    into
        DataPoint
        (xval, yval, description, id) 
    values
        (?, ?, ?, ?)
14:11:00,345 DEBUG SQL:104 - 
    insert 
    into
        DataPoint
        (xval, yval, description, id) 
    values
        (?, ?, ?, ?)
14:11:00,345 DEBUG SQL:104 - 
    insert 
    into
        DataPoint
        (xval, yval, description, id) 
    values
        (?, ?, ?, ?)
14:11:00,350 DEBUG SQL:104 - 
    insert 
    into
        DataPoint
        (xval, yval, description, id) 
    values
        (?, ?, ?, ?)
14:11:00,351 DEBUG SQL:104 - 
    insert 
    into
        DataPoint
        (xval, yval, description, id) 
    values
        (?, ?, ?, ?)
14:11:00,352 DEBUG SQL:104 - 
    insert 
    into
        DataPoint
        (xval, yval, description, id) 
    values
        (?, ?, ?, ?)
14:11:00,353 DEBUG SQL:104 - 
    insert 
    into
        DataPoint
        (xval, yval, description, id) 
    values
        (?, ?, ?, ?)
14:11:00,353 DEBUG SQL:104 - 
    insert 
    into
        DataPoint
        (xval, yval, description, id) 
    values
        (?, ?, ?, ?)
14:11:00,354 DEBUG SQL:104 - 
    insert 
    into
        DataPoint
        (xval, yval, description, id) 
    values
        (?, ?, ?, ?)
14:11:00,355 DEBUG SQL:104 - 
    insert 
    into
        DataPoint
        (xval, yval, description, id) 
    values
        (?, ?, ?, ?)
14:11:00,398 DEBUG SQL:104 - 
    insert 
    into
        DataPoint
        (xval, yval, description, id) 
    values
        (?, ?, ?, ?)
14:11:00,399 DEBUG SQL:104 - 
    insert 
    into
        DataPoint
        (xval, yval, description, id) 
    values
        (?, ?, ?, ?)
14:11:00,399 DEBUG SQL:104 - 
    insert 
    into
        DataPoint
        (xval, yval, description, id) 
    values
        (?, ?, ?, ?)
14:11:00,400 DEBUG SQL:104 - 
    insert 
    into
        DataPoint
        (xval, yval, description, id) 
    values
        (?, ?, ?, ?)
14:11:00,428 DEBUG SQL:104 - 
    insert 
    into
        DataPoint
        (xval, yval, description, id) 
    values
        (?, ?, ?, ?)
14:11:00,430 DEBUG SQL:104 - 
    insert 
    into
        DataPoint
        (xval, yval, description, id) 
    values
        (?, ?, ?, ?)
14:11:00,430 DEBUG SQL:104 - 
    insert 
    into
        DataPoint
        (xval, yval, description, id) 
    values
        (?, ?, ?, ?)
14:11:00,431 DEBUG SQL:104 - 
    insert 
    into
        DataPoint
        (xval, yval, description, id) 
    values
        (?, ?, ?, ?)
14:11:00,453 DEBUG SQL:104 - 
    insert 
    into
        DataPoint
        (xval, yval, description, id) 
    values
        (?, ?, ?, ?)
14:11:00,460 DEBUG SQL:104 - 
    insert 
    into
        DataPoint
        (xval, yval, description, id) 
    values
        (?, ?, ?, ?)
14:11:00,460 DEBUG SQL:104 - 
    insert 
    into
        DataPoint
        (xval, yval, description, id) 
    values
        (?, ?, ?, ?)
14:11:00,461 DEBUG SQL:104 - 
    insert 
    into
        DataPoint
        (xval, yval, description, id) 
    values
        (?, ?, ?, ?)
14:11:00,461 DEBUG SQL:104 - 
    insert 
    into
        DataPoint
        (xval, yval, description, id) 
    values
        (?, ?, ?, ?)
14:11:00,464 DEBUG SQL:104 - 
    insert 
    into
        DataPoint
        (xval, yval, description, id) 
    values
        (?, ?, ?, ?)
14:11:00,464 DEBUG SQL:104 - 
    insert 
    into
        DataPoint
        (xval, yval, description, id) 
    values
        (?, ?, ?, ?)
14:11:00,468 DEBUG SQL:104 - 
    insert 
    into
        DataPoint
        (xval, yval, description, id) 
    values
        (?, ?, ?, ?)
14:11:00,469 DEBUG SQL:104 - 
    insert 
    into
        DataPoint
        (xval, yval, description, id) 
    values
        (?, ?, ?, ?)
14:11:00,488 DEBUG SQL:104 - 
    insert 
    into
        DataPoint
        (xval, yval, description, id) 
    values
        (?, ?, ?, ?)
14:11:00,491 DEBUG SQL:104 - 
    insert 
    into
        DataPoint
        (xval, yval, description, id) 
    values
        (?, ?, ?, ?)
14:11:00,491 DEBUG SQL:104 - 
    insert 
    into
        DataPoint
        (xval, yval, description, id) 
    values
        (?, ?, ?, ?)
14:11:00,492 DEBUG SQL:104 - 
    insert 
    into
        DataPoint
        (xval, yval, description, id) 
    values
        (?, ?, ?, ?)
14:11:00,503 DEBUG SQL:104 - 
    insert 
    into
        DataPoint
        (xval, yval, description, id) 
    values
        (?, ?, ?, ?)
14:11:00,504 DEBUG SQL:104 - 
    insert 
    into
        DataPoint
        (xval, yval, description, id) 
    values
        (?, ?, ?, ?)
14:11:00,504 DEBUG SQL:104 - 
    insert 
    into
        DataPoint
        (xval, yval, description, id) 
    values
        (?, ?, ?, ?)
14:11:00,505 DEBUG SQL:104 - 
    insert 
    into
        DataPoint
        (xval, yval, description, id) 
    values
        (?, ?, ?, ?)
14:11:00,505 DEBUG SQL:104 - 
    insert 
    into
        DataPoint
        (xval, yval, description, id) 
    values
        (?, ?, ?, ?)
14:11:00,506 DEBUG SQL:104 - 
    insert 
    into
        DataPoint
        (xval, yval, description, id) 
    values
        (?, ?, ?, ?)
14:11:00,506 DEBUG SQL:104 - 
    insert 
    into
        DataPoint
        (xval, yval, description, id) 
    values
        (?, ?, ?, ?)
14:11:00,542 DEBUG SQL:104 - 
    insert 
    into
        DataPoint
        (xval, yval, description, id) 
    values
        (?, ?, ?, ?)
14:11:00,548 DEBUG SQL:104 - 
    insert 
    into
        DataPoint
        (xval, yval, description, id) 
    values
        (?, ?, ?, ?)
14:11:00,549 DEBUG SQL:104 - 
    insert 
    into
        DataPoint
        (xval, yval, description, id) 
    values
        (?, ?, ?, ?)
14:11:00,549 DEBUG SQL:104 - 
    insert 
    into
        DataPoint
        (xval, yval, description, id) 
    values
        (?, ?, ?, ?)
14:11:00,575 DEBUG SQL:104 - 
    insert 
    into
        DataPoint
        (xval, yval, description, id) 
    values
        (?, ?, ?, ?)
14:11:00,576 DEBUG SQL:104 - 
    insert 
    into
        DataPoint
        (xval, yval, description, id) 
    values
        (?, ?, ?, ?)
14:11:00,577 DEBUG SQL:104 - 
    insert 
    into
        DataPoint
        (xval, yval, description, id) 
    values
        (?, ?, ?, ?)
14:11:00,577 DEBUG SQL:104 - 
    insert 
    into
        DataPoint
        (xval, yval, description, id) 
    values
        (?, ?, ?, ?)
14:11:00,578 DEBUG SQL:104 - 
    insert 
    into
        DataPoint
        (xval, yval, description, id) 
    values
        (?, ?, ?, ?)
14:11:00,589 DEBUG SQL:104 - 
    insert 
    into
        DataPoint
        (xval, yval, description, id) 
    values
        (?, ?, ?, ?)
14:11:00,590 DEBUG SQL:104 - 
    insert 
    into
        DataPoint
        (xval, yval, description, id) 
    values
        (?, ?, ?, ?)
14:11:00,590 DEBUG SQL:104 - 
    insert 
    into
        DataPoint
        (xval, yval, description, id) 
    values
        (?, ?, ?, ?)
14:11:00,591 DEBUG SQL:104 - 
    insert 
    into
        DataPoint
        (xval, yval, description, id) 
    values
        (?, ?, ?, ?)
14:11:00,591 DEBUG SQL:104 - 
    insert 
    into
        DataPoint
        (xval, yval, description, id) 
    values
        (?, ?, ?, ?)
14:11:00,592 DEBUG SQL:104 - 
    insert 
    into
        DataPoint
        (xval, yval, description, id) 
    values
        (?, ?, ?, ?)
14:11:00,592 DEBUG SQL:104 - 
    insert 
    into
        DataPoint
        (xval, yval, description, id) 
    values
        (?, ?, ?, ?)
14:11:00,593 DEBUG SQL:104 - 
    insert 
    into
        DataPoint
        (xval, yval, description, id) 
    values
        (?, ?, ?, ?)
14:11:00,604 DEBUG SQL:104 - 
    insert 
    into
        DataPoint
        (xval, yval, description, id) 
    values
        (?, ?, ?, ?)
14:11:00,606 DEBUG SQL:104 - 
    insert 
    into
        DataPoint
        (xval, yval, description, id) 
    values
        (?, ?, ?, ?)
14:11:00,606 DEBUG SQL:104 - 
    insert 
    into
        DataPoint
        (xval, yval, description, id) 
    values
        (?, ?, ?, ?)
14:11:00,607 DEBUG SQL:104 - 
    insert 
    into
        DataPoint
        (xval, yval, description, id) 
    values
        (?, ?, ?, ?)
14:11:00,611 DEBUG SQL:104 - 
    insert 
    into
        DataPoint
        (xval, yval, description, id) 
    values
        (?, ?, ?, ?)
14:11:00,626 DEBUG SQL:104 - 
    insert 
    into
        DataPoint
        (xval, yval, description, id) 
    values
        (?, ?, ?, ?)
14:11:00,627 DEBUG SQL:104 - 
    insert 
    into
        DataPoint
        (xval, yval, description, id) 
    values
        (?, ?, ?, ?)
14:11:00,627 DEBUG SQL:104 - 
    insert 
    into
        DataPoint
        (xval, yval, description, id) 
    values
        (?, ?, ?, ?)
14:11:00,628 DEBUG SQL:104 - 
    insert 
    into
        DataPoint
        (xval, yval, description, id) 
    values
        (?, ?, ?, ?)
14:11:00,629 DEBUG SQL:104 - 
    insert 
    into
        DataPoint
        (xval, yval, description, id) 
    values
        (?, ?, ?, ?)
14:11:00,629 DEBUG SQL:104 - 
    insert 
    into
        DataPoint
        (xval, yval, description, id) 
    values
        (?, ?, ?, ?)
14:11:00,699 DEBUG SQL:104 - 
    insert 
    into
        DataPoint
        (xval, yval, description, id) 
    values
        (?, ?, ?, ?)
14:11:00,700 DEBUG SQL:104 - 
    insert 
    into
        DataPoint
        (xval, yval, description, id) 
    values
        (?, ?, ?, ?)
14:11:00,701 DEBUG SQL:104 - 
    insert 
    into
        DataPoint
        (xval, yval, description, id) 
    values
        (?, ?, ?, ?)
14:11:00,701 DEBUG SQL:104 - 
    insert 
    into
        DataPoint
        (xval, yval, description, id) 
    values
        (?, ?, ?, ?)
14:11:00,702 DEBUG SQL:104 - 
    insert 
    into
        DataPoint
        (xval, yval, description, id) 
    values
        (?, ?, ?, ?)
14:11:00,710 DEBUG SQL:104 - 
    insert 
    into
        DataPoint
        (xval, yval, description, id) 
    values
        (?, ?, ?, ?)
14:11:00,710 DEBUG SQL:104 - 
    insert 
    into
        DataPoint
        (xval, yval, description, id) 
    values
        (?, ?, ?, ?)
14:11:00,711 DEBUG SQL:104 - 
    insert 
    into
        DataPoint
        (xval, yval, description, id) 
    values
        (?, ?, ?, ?)
14:11:00,711 DEBUG SQL:104 - 
    insert 
    into
        DataPoint
        (xval, yval, description, id) 
    values
        (?, ?, ?, ?)
14:11:00,712 DEBUG SQL:104 - 
    insert 
    into
        DataPoint
        (xval, yval, description, id) 
    values
        (?, ?, ?, ?)
14:11:00,712 DEBUG SQL:104 - 
    insert 
    into
        DataPoint
        (xval, yval, description, id) 
    values
        (?, ?, ?, ?)
14:11:00,713 DEBUG SQL:104 - 
    insert 
    into
        DataPoint
        (xval, yval, description, id) 
    values
        (?, ?, ?, ?)
14:11:00,713 DEBUG SQL:104 - 
    insert 
    into
        DataPoint
        (xval, yval, description, id) 
    values
        (?, ?, ?, ?)
14:11:00,743 DEBUG SQL:104 - 
    insert 
    into
        DataPoint
        (xval, yval, description, id) 
    values
        (?, ?, ?, ?)
14:11:00,744 DEBUG SQL:104 - 
    insert 
    into
        DataPoint
        (xval, yval, description, id) 
    values
        (?, ?, ?, ?)
14:11:00,744 DEBUG SQL:104 - 
    insert 
    into
        DataPoint
        (xval, yval, description, id) 
    values
        (?, ?, ?, ?)
14:11:00,745 DEBUG SQL:104 - 
    insert 
    into
        DataPoint
        (xval, yval, description, id) 
    values
        (?, ?, ?, ?)
14:11:00,745 DEBUG SQL:104 - 
    insert 
    into
        DataPoint
        (xval, yval, description, id) 
    values
        (?, ?, ?, ?)
14:11:00,762 DEBUG SQL:104 - 
    insert 
    into
        DataPoint
        (xval, yval, description, id) 
    values
        (?, ?, ?, ?)
14:11:00,762 DEBUG SQL:104 - 
    insert 
    into
        DataPoint
        (xval, yval, description, id) 
    values
        (?, ?, ?, ?)
14:11:00,763 DEBUG SQL:104 - 
    insert 
    into
        DataPoint
        (xval, yval, description, id) 
    values
        (?, ?, ?, ?)
14:11:00,763 DEBUG SQL:104 - 
    insert 
    into
        DataPoint
        (xval, yval, description, id) 
    values
        (?, ?, ?, ?)
14:11:00,764 DEBUG SQL:104 - 
    insert 
    into
        DataPoint
        (xval, yval, description, id) 
    values
        (?, ?, ?, ?)
14:11:00,764 DEBUG SQL:104 - 
    insert 
    into
        DataPoint
        (xval, yval, description, id) 
    values
        (?, ?, ?, ?)
14:11:00,829 DEBUG SQL:104 - 
    insert 
    into
        DataPoint
        (xval, yval, description, id) 
    values
        (?, ?, ?, ?)
14:11:00,830 DEBUG SQL:104 - 
    insert 
    into
        DataPoint
        (xval, yval, description, id) 
    values
        (?, ?, ?, ?)
14:11:00,830 DEBUG SQL:104 - 
    insert 
    into
        DataPoint
        (xval, yval, description, id) 
    values
        (?, ?, ?, ?)
14:11:00,831 DEBUG SQL:104 - 
    insert 
    into
        DataPoint
        (xval, yval, description, id) 
    values
        (?, ?, ?, ?)
14:11:00,831 DEBUG SQL:104 - 
    insert 
    into
        DataPoint
        (xval, yval, description, id) 
    values
        (?, ?, ?, ?)
14:11:00,837 DEBUG SQL:104 - 
    insert 
    into
        DataPoint
        (xval, yval, description, id) 
    values
        (?, ?, ?, ?)
14:11:00,837 DEBUG SQL:104 - 
    insert 
    into
        DataPoint
        (xval, yval, description, id) 
    values
        (?, ?, ?, ?)
14:11:00,838 DEBUG SQL:104 - 
    insert 
    into
        DataPoint
        (xval, yval, description, id) 
    values
        (?, ?, ?, ?)
14:11:00,839 DEBUG SQL:104 - 
    insert 
    into
        DataPoint
        (xval, yval, description, id) 
    values
        (?, ?, ?, ?)
14:11:00,843 DEBUG SQL:104 - 
    insert 
    into
        DataPoint
        (xval, yval, description, id) 
    values
        (?, ?, ?, ?)
14:11:00,843 DEBUG SQL:104 - 
    insert 
    into
        DataPoint
        (xval, yval, description, id) 
    values
        (?, ?, ?, ?)
14:11:00,844 DEBUG SQL:104 - 
    insert 
    into
        DataPoint
        (xval, yval, description, id) 
    values
        (?, ?, ?, ?)
14:11:00,844 DEBUG SQL:104 - 
    insert 
    into
        DataPoint
        (xval, yval, description, id) 
    values
        (?, ?, ?, ?)
14:11:00,855 DEBUG SQL:104 - 
    insert 
    into
        DataPoint
        (xval, yval, description, id) 
    values
        (?, ?, ?, ?)
14:11:00,856 DEBUG SQL:104 - 
    insert 
    into
        DataPoint
        (xval, yval, description, id) 
    values
        (?, ?, ?, ?)
14:11:00,856 DEBUG SQL:104 - 
    insert 
    into
        DataPoint
        (xval, yval, description, id) 
    values
        (?, ?, ?, ?)
14:11:00,860 DEBUG SQL:104 - 
    insert 
    into
        DataPoint
        (xval, yval, description, id) 
    values
        (?, ?, ?, ?)
14:11:00,863 DEBUG SQL:104 - 
    insert 
    into
        DataPoint
        (xval, yval, description, id) 
    values
        (?, ?, ?, ?)
14:11:00,864 DEBUG SQL:104 - 
    insert 
    into
        DataPoint
        (xval, yval, description, id) 
    values
        (?, ?, ?, ?)
14:11:00,864 DEBUG SQL:104 - 
    insert 
    into
        DataPoint
        (xval, yval, description, id) 
    values
        (?, ?, ?, ?)
14:11:00,896 DEBUG SQL:104 - 
    insert 
    into
        DataPoint
        (xval, yval, description, id) 
    values
        (?, ?, ?, ?)
14:11:00,897 DEBUG SQL:104 - 
    insert 
    into
        DataPoint
        (xval, yval, description, id) 
    values
        (?, ?, ?, ?)
14:11:00,898 DEBUG SQL:104 - 
    insert 
    into
        DataPoint
        (xval, yval, description, id) 
    values
        (?, ?, ?, ?)
14:11:00,899 DEBUG SQL:104 - 
    insert 
    into
        DataPoint
        (xval, yval, description, id) 
    values
        (?, ?, ?, ?)
14:11:00,911 DEBUG SQL:104 - 
    insert 
    into
        DataPoint
        (xval, yval, description, id) 
    values
        (?, ?, ?, ?)
14:11:00,912 DEBUG SQL:104 - 
    insert 
    into
        DataPoint
        (xval, yval, description, id) 
    values
        (?, ?, ?, ?)
14:11:00,912 DEBUG SQL:104 - 
    insert 
    into
        DataPoint
        (xval, yval, description, id) 
    values
        (?, ?, ?, ?)
14:11:00,913 DEBUG SQL:104 - 
    insert 
    into
        DataPoint
        (xval, yval, description, id) 
    values
        (?, ?, ?, ?)
14:11:00,914 DEBUG SQL:104 - 
    insert 
    into
        DataPoint
        (xval, yval, description, id) 
    values
        (?, ?, ?, ?)
14:11:00,948 DEBUG SQL:104 - 
    insert 
    into
        DataPoint
        (xval, yval, description, id) 
    values
        (?, ?, ?, ?)
14:11:00,949 DEBUG SQL:104 - 
    insert 
    into
        DataPoint
        (xval, yval, description, id) 
    values
        (?, ?, ?, ?)
14:11:00,949 DEBUG SQL:104 - 
    insert 
    into
        DataPoint
        (xval, yval, description, id) 
    values
        (?, ?, ?, ?)
14:11:00,950 DEBUG SQL:104 - 
    insert 
    into
        DataPoint
        (xval, yval, description, id) 
    values
        (?, ?, ?, ?)
14:11:00,950 DEBUG SQL:104 - 
    insert 
    into
        DataPoint
        (xval, yval, description, id) 
    values
        (?, ?, ?, ?)
14:11:00,951 DEBUG SQL:104 - 
    insert 
    into
        DataPoint
        (xval, yval, description, id) 
    values
        (?, ?, ?, ?)
14:11:00,951 DEBUG SQL:104 - 
    insert 
    into
        DataPoint
        (xval, yval, description, id) 
    values
        (?, ?, ?, ?)
14:11:00,952 DEBUG SQL:104 - 
    insert 
    into
        DataPoint
        (xval, yval, description, id) 
    values
        (?, ?, ?, ?)
14:11:00,959 DEBUG SQL:104 - 
    insert 
    into
        DataPoint
        (xval, yval, description, id) 
    values
        (?, ?, ?, ?)
14:11:00,960 DEBUG SQL:104 - 
    insert 
    into
        DataPoint
        (xval, yval, description, id) 
    values
        (?, ?, ?, ?)
14:11:00,960 DEBUG SQL:104 - 
    insert 
    into
        DataPoint
        (xval, yval, description, id) 
    values
        (?, ?, ?, ?)
14:11:00,961 DEBUG SQL:104 - 
    insert 
    into
        DataPoint
        (xval, yval, description, id) 
    values
        (?, ?, ?, ?)
14:11:00,961 DEBUG SQL:104 - 
    insert 
    into
        DataPoint
        (xval, yval, description, id) 
    values
        (?, ?, ?, ?)
14:11:00,988 DEBUG SQL:104 - 
    insert 
    into
        DataPoint
        (xval, yval, description, id) 
    values
        (?, ?, ?, ?)
14:11:00,988 DEBUG SQL:104 - 
    insert 
    into
        DataPoint
        (xval, yval, description, id) 
    values
        (?, ?, ?, ?)
14:11:00,989 DEBUG SQL:104 - 
    insert 
    into
        DataPoint
        (xval, yval, description, id) 
    values
        (?, ?, ?, ?)
14:11:00,989 DEBUG SQL:104 - 
    insert 
    into
        DataPoint
        (xval, yval, description, id) 
    values
        (?, ?, ?, ?)
14:11:00,990 DEBUG SQL:104 - 
    insert 
    into
        DataPoint
        (xval, yval, description, id) 
    values
        (?, ?, ?, ?)
14:11:00,990 DEBUG SQL:104 - 
    insert 
    into
        DataPoint
        (xval, yval, description, id) 
    values
        (?, ?, ?, ?)
14:11:01,042 DEBUG SQL:104 - 
    insert 
    into
        DataPoint
        (xval, yval, description, id) 
    values
        (?, ?, ?, ?)
14:11:01,046 DEBUG SQL:104 - 
    insert 
    into
        DataPoint
        (xval, yval, description, id) 
    values
        (?, ?, ?, ?)
14:11:01,047 DEBUG SQL:104 - 
    insert 
    into
        DataPoint
        (xval, yval, description, id) 
    values
        (?, ?, ?, ?)
14:11:01,048 DEBUG SQL:104 - 
    insert 
    into
        DataPoint
        (xval, yval, description, id) 
    values
        (?, ?, ?, ?)
14:11:01,063 DEBUG SQL:104 - 
    insert 
    into
        DataPoint
        (xval, yval, description, id) 
    values
        (?, ?, ?, ?)
14:11:01,064 DEBUG SQL:104 - 
    insert 
    into
        DataPoint
        (xval, yval, description, id) 
    values
        (?, ?, ?, ?)
14:11:01,065 DEBUG SQL:104 - 
    insert 
    into
        DataPoint
        (xval, yval, description, id) 
    values
        (?, ?, ?, ?)
14:11:01,065 DEBUG SQL:104 - 
    insert 
    into
        DataPoint
        (xval, yval, description, id) 
    values
        (?, ?, ?, ?)
14:11:01,066 DEBUG SQL:104 - 
    insert 
    into
        DataPoint
        (xval, yval, description, id) 
    values
        (?, ?, ?, ?)
14:11:01,066 DEBUG SQL:104 - 
    insert 
    into
        DataPoint
        (xval, yval, description, id) 
    values
        (?, ?, ?, ?)
14:11:01,067 DEBUG SQL:104 - 
    insert 
    into
        DataPoint
        (xval, yval, description, id) 
    values
        (?, ?, ?, ?)
14:11:01,067 DEBUG SQL:104 - 
    insert 
    into
        DataPoint
        (xval, yval, description, id) 
    values
        (?, ?, ?, ?)
14:11:01,068 DEBUG SQL:104 - 
    insert 
    into
        DataPoint
        (xval, yval, description, id) 
    values
        (?, ?, ?, ?)
14:11:01,114 DEBUG SQL:104 - 
    insert 
    into
        DataPoint
        (xval, yval, description, id) 
    values
        (?, ?, ?, ?)
14:11:01,115 DEBUG SQL:104 - 
    insert 
    into
        DataPoint
        (xval, yval, description, id) 
    values
        (?, ?, ?, ?)
14:11:01,116 DEBUG SQL:104 - 
    insert 
    into
        DataPoint
        (xval, yval, description, id) 
    values
        (?, ?, ?, ?)
14:11:01,116 DEBUG SQL:104 - 
    insert 
    into
        DataPoint
        (xval, yval, description, id) 
    values
        (?, ?, ?, ?)
14:11:01,117 DEBUG SQL:104 - 
    insert 
    into
        DataPoint
        (xval, yval, description, id) 
    values
        (?, ?, ?, ?)
14:11:01,135 DEBUG SQL:104 - 
    insert 
    into
        DataPoint
        (xval, yval, description, id) 
    values
        (?, ?, ?, ?)
14:11:01,136 DEBUG SQL:104 - 
    insert 
    into
        DataPoint
        (xval, yval, description, id) 
    values
        (?, ?, ?, ?)
14:11:01,137 DEBUG SQL:104 - 
    insert 
    into
        DataPoint
        (xval, yval, description, id) 
    values
        (?, ?, ?, ?)
14:11:01,140 DEBUG SQL:104 - 
    insert 
    into
        DataPoint
        (xval, yval, description, id) 
    values
        (?, ?, ?, ?)
14:11:01,141 DEBUG SQL:104 - 
    insert 
    into
        DataPoint
        (xval, yval, description, id) 
    values
        (?, ?, ?, ?)
14:11:01,142 DEBUG SQL:104 - 
    insert 
    into
        DataPoint
        (xval, yval, description, id) 
    values
        (?, ?, ?, ?)
14:11:01,190 DEBUG SQL:104 - 
    insert 
    into
        DataPoint
        (xval, yval, description, id) 
    values
        (?, ?, ?, ?)
14:11:01,191 DEBUG SQL:104 - 
    insert 
    into
        DataPoint
        (xval, yval, description, id) 
    values
        (?, ?, ?, ?)
14:11:01,191 DEBUG SQL:104 - 
    insert 
    into
        DataPoint
        (xval, yval, description, id) 
    values
        (?, ?, ?, ?)
14:11:01,193 DEBUG SQL:104 - 
    insert 
    into
        DataPoint
        (xval, yval, description, id) 
    values
        (?, ?, ?, ?)
14:11:01,194 DEBUG SQL:104 - 
    insert 
    into
        DataPoint
        (xval, yval, description, id) 
    values
        (?, ?, ?, ?)
14:11:01,194 DEBUG SQL:104 - 
    insert 
    into
        DataPoint
        (xval, yval, description, id) 
    values
        (?, ?, ?, ?)
14:11:01,195 DEBUG SQL:104 - 
    insert 
    into
        DataPoint
        (xval, yval, description, id) 
    values
        (?, ?, ?, ?)
14:11:01,195 DEBUG SQL:104 - 
    insert 
    into
        DataPoint
        (xval, yval, description, id) 
    values
        (?, ?, ?, ?)
14:11:01,196 DEBUG SQL:104 - 
    insert 
    into
        DataPoint
        (xval, yval, description, id) 
    values
        (?, ?, ?, ?)
14:11:01,196 DEBUG SQL:104 - 
    insert 
    into
        DataPoint
        (xval, yval, description, id) 
    values
        (?, ?, ?, ?)
14:11:01,197 DEBUG SQL:104 - 
    insert 
    into
        DataPoint
        (xval, yval, description, id) 
    values
        (?, ?, ?, ?)
14:11:01,197 DEBUG SQL:104 - 
    insert 
    into
        DataPoint
        (xval, yval, description, id) 
    values
        (?, ?, ?, ?)
14:11:01,198 DEBUG SQL:104 - 
    insert 
    into
        DataPoint
        (xval, yval, description, id) 
    values
        (?, ?, ?, ?)
14:11:01,198 DEBUG SQL:104 - 
    insert 
    into
        DataPoint
        (xval, yval, description, id) 
    values
        (?, ?, ?, ?)
14:11:01,199 DEBUG SQL:104 - 
    insert 
    into
        DataPoint
        (xval, yval, description, id) 
    values
        (?, ?, ?, ?)
14:11:01,199 DEBUG SQL:104 - 
    insert 
    into
        DataPoint
        (xval, yval, description, id) 
    values
        (?, ?, ?, ?)
14:11:01,200 DEBUG SQL:104 - 
    insert 
    into
        DataPoint
        (xval, yval, description, id) 
    values
        (?, ?, ?, ?)
14:11:01,213 DEBUG SQL:104 - 
    insert 
    into
        DataPoint
        (xval, yval, description, id) 
    values
        (?, ?, ?, ?)
14:11:01,213 DEBUG SQL:104 - 
    insert 
    into
        DataPoint
        (xval, yval, description, id) 
    values
        (?, ?, ?, ?)
14:11:01,214 DEBUG SQL:104 - 
    insert 
    into
        DataPoint
        (xval, yval, description, id) 
    values
        (?, ?, ?, ?)
14:11:01,214 DEBUG SQL:104 - 
    insert 
    into
        DataPoint
        (xval, yval, description, id) 
    values
        (?, ?, ?, ?)
14:11:01,215 DEBUG SQL:104 - 
    insert 
    into
        DataPoint
        (xval, yval, description, id) 
    values
        (?, ?, ?, ?)
14:11:01,241 DEBUG SQL:104 - 
    insert 
    into
        DataPoint
        (xval, yval, description, id) 
    values
        (?, ?, ?, ?)
14:11:01,241 DEBUG SQL:104 - 
    insert 
    into
        DataPoint
        (xval, yval, description, id) 
    values
        (?, ?, ?, ?)
14:11:01,242 DEBUG SQL:104 - 
    insert 
    into
        DataPoint
        (xval, yval, description, id) 
    values
        (?, ?, ?, ?)
14:11:01,243 DEBUG SQL:104 - 
    insert 
    into
        DataPoint
        (xval, yval, description, id) 
    values
        (?, ?, ?, ?)
14:11:01,266 DEBUG SQL:104 - 
    insert 
    into
        DataPoint
        (xval, yval, description, id) 
    values
        (?, ?, ?, ?)
14:11:01,267 DEBUG SQL:104 - 
    insert 
    into
        DataPoint
        (xval, yval, description, id) 
    values
        (?, ?, ?, ?)
14:11:01,290 DEBUG SQL:104 - 
    insert 
    into
        DataPoint
        (xval, yval, description, id) 
    values
        (?, ?, ?, ?)
14:11:01,295 DEBUG SQL:104 - 
    insert 
    into
        DataPoint
        (xval, yval, description, id) 
    values
        (?, ?, ?, ?)
14:11:01,298 DEBUG SQL:104 - 
    insert 
    into
        DataPoint
        (xval, yval, description, id) 
    values
        (?, ?, ?, ?)
14:11:01,302 DEBUG SQL:104 - 
    insert 
    into
        DataPoint
        (xval, yval, description, id) 
    values
        (?, ?, ?, ?)
14:11:01,305 DEBUG SQL:104 - 
    insert 
    into
        DataPoint
        (xval, yval, description, id) 
    values
        (?, ?, ?, ?)
14:11:01,314 DEBUG SQL:104 - 
    insert 
    into
        DataPoint
        (xval, yval, description, id) 
    values
        (?, ?, ?, ?)
14:11:01,314 DEBUG SQL:104 - 
    insert 
    into
        DataPoint
        (xval, yval, description, id) 
    values
        (?, ?, ?, ?)
14:11:01,315 DEBUG SQL:104 - 
    insert 
    into
        DataPoint
        (xval, yval, description, id) 
    values
        (?, ?, ?, ?)
14:11:01,315 DEBUG SQL:104 - 
    insert 
    into
        DataPoint
        (xval, yval, description, id) 
    values
        (?, ?, ?, ?)
14:11:01,319 DEBUG SQL:104 - 
    insert 
    into
        DataPoint
        (xval, yval, description, id) 
    values
        (?, ?, ?, ?)
14:11:01,320 DEBUG SQL:104 - 
    insert 
    into
        DataPoint
        (xval, yval, description, id) 
    values
        (?, ?, ?, ?)
14:11:01,320 DEBUG SQL:104 - 
    insert 
    into
        DataPoint
        (xval, yval, description, id) 
    values
        (?, ?, ?, ?)
14:11:01,321 DEBUG SQL:104 - 
    insert 
    into
        DataPoint
        (xval, yval, description, id) 
    values
        (?, ?, ?, ?)
14:11:01,339 DEBUG SQL:104 - 
    insert 
    into
        DataPoint
        (xval, yval, description, id) 
    values
        (?, ?, ?, ?)
14:11:01,340 DEBUG SQL:104 - 
    insert 
    into
        DataPoint
        (xval, yval, description, id) 
    values
        (?, ?, ?, ?)
14:11:01,340 DEBUG SQL:104 - 
    insert 
    into
        DataPoint
        (xval, yval, description, id) 
    values
        (?, ?, ?, ?)
14:11:01,341 DEBUG SQL:104 - 
    insert 
    into
        DataPoint
        (xval, yval, description, id) 
    values
        (?, ?, ?, ?)
14:11:01,341 DEBUG SQL:104 - 
    insert 
    into
        DataPoint
        (xval, yval, description, id) 
    values
        (?, ?, ?, ?)
14:11:01,359 DEBUG SQL:104 - 
    insert 
    into
        DataPoint
        (xval, yval, description, id) 
    values
        (?, ?, ?, ?)
14:11:01,359 DEBUG SQL:104 - 
    insert 
    into
        DataPoint
        (xval, yval, description, id) 
    values
        (?, ?, ?, ?)
14:11:01,360 DEBUG SQL:104 - 
    insert 
    into
        DataPoint
        (xval, yval, description, id) 
    values
        (?, ?, ?, ?)
14:11:01,360 DEBUG SQL:104 - 
    insert 
    into
        DataPoint
        (xval, yval, description, id) 
    values
        (?, ?, ?, ?)
14:11:01,384 DEBUG SQL:104 - 
    insert 
    into
        DataPoint
        (xval, yval, description, id) 
    values
        (?, ?, ?, ?)
14:11:01,384 DEBUG SQL:104 - 
    insert 
    into
        DataPoint
        (xval, yval, description, id) 
    values
        (?, ?, ?, ?)
14:11:01,408 DEBUG SQL:104 - 
    insert 
    into
        DataPoint
        (xval, yval, description, id) 
    values
        (?, ?, ?, ?)
14:11:01,409 DEBUG SQL:104 - 
    insert 
    into
        DataPoint
        (xval, yval, description, id) 
    values
        (?, ?, ?, ?)
14:11:01,409 DEBUG SQL:104 - 
    insert 
    into
        DataPoint
        (xval, yval, description, id) 
    values
        (?, ?, ?, ?)
14:11:01,410 DEBUG SQL:104 - 
    insert 
    into
        DataPoint
        (xval, yval, description, id) 
    values
        (?, ?, ?, ?)
14:11:01,410 DEBUG SQL:104 - 
    insert 
    into
        DataPoint
        (xval, yval, description, id) 
    values
        (?, ?, ?, ?)
14:11:01,434 DEBUG SQL:104 - 
    insert 
    into
        DataPoint
        (xval, yval, description, id) 
    values
        (?, ?, ?, ?)
14:11:01,435 DEBUG SQL:104 - 
    insert 
    into
        DataPoint
        (xval, yval, description, id) 
    values
        (?, ?, ?, ?)
14:11:01,435 DEBUG SQL:104 - 
    insert 
    into
        DataPoint
        (xval, yval, description, id) 
    values
        (?, ?, ?, ?)
14:11:01,435 DEBUG SQL:104 - 
    insert 
    into
        DataPoint
        (xval, yval, description, id) 
    values
        (?, ?, ?, ?)
14:11:01,440 DEBUG SQL:104 - 
    insert 
    into
        DataPoint
        (xval, yval, description, id) 
    values
        (?, ?, ?, ?)
14:11:01,442 DEBUG SQL:104 - 
    insert 
    into
        DataPoint
        (xval, yval, description, id) 
    values
        (?, ?, ?, ?)
14:11:01,442 DEBUG SQL:104 - 
    insert 
    into
        DataPoint
        (xval, yval, description, id) 
    values
        (?, ?, ?, ?)
14:11:01,443 DEBUG SQL:104 - 
    insert 
    into
        DataPoint
        (xval, yval, description, id) 
    values
        (?, ?, ?, ?)
14:11:01,443 DEBUG SQL:104 - 
    insert 
    into
        DataPoint
        (xval, yval, description, id) 
    values
        (?, ?, ?, ?)
14:11:01,444 DEBUG SQL:104 - 
    insert 
    into
        DataPoint
        (xval, yval, description, id) 
    values
        (?, ?, ?, ?)
14:11:01,444 DEBUG SQL:104 - 
    insert 
    into
        DataPoint
        (xval, yval, description, id) 
    values
        (?, ?, ?, ?)
14:11:01,445 DEBUG SQL:104 - 
    insert 
    into
        DataPoint
        (xval, yval, description, id) 
    values
        (?, ?, ?, ?)
14:11:01,445 DEBUG SQL:104 - 
    insert 
    into
        DataPoint
        (xval, yval, description, id) 
    values
        (?, ?, ?, ?)
14:11:01,464 DEBUG SQL:104 - 
    insert 
    into
        DataPoint
        (xval, yval, description, id) 
    values
        (?, ?, ?, ?)
14:11:01,467 DEBUG SQL:104 - 
    insert 
    into
        DataPoint
        (xval, yval, description, id) 
    values
        (?, ?, ?, ?)
14:11:01,468 DEBUG SQL:104 - 
    insert 
    into
        DataPoint
        (xval, yval, description, id) 
    values
        (?, ?, ?, ?)
14:11:01,468 DEBUG SQL:104 - 
    insert 
    into
        DataPoint
        (xval, yval, description, id) 
    values
        (?, ?, ?, ?)
14:11:01,529 DEBUG SQL:104 - 
    insert 
    into
        DataPoint
        (xval, yval, description, id) 
    values
        (?, ?, ?, ?)
14:11:01,530 DEBUG SQL:104 - 
    insert 
    into
        DataPoint
        (xval, yval, description, id) 
    values
        (?, ?, ?, ?)
14:11:01,531 DEBUG SQL:104 - 
    insert 
    into
        DataPoint
        (xval, yval, description, id) 
    values
        (?, ?, ?, ?)
14:11:01,535 DEBUG SQL:104 - 
    insert 
    into
        DataPoint
        (xval, yval, description, id) 
    values
        (?, ?, ?, ?)
14:11:01,544 DEBUG SQL:104 - 
    insert 
    into
        DataPoint
        (xval, yval, description, id) 
    values
        (?, ?, ?, ?)
14:11:01,544 DEBUG SQL:104 - 
    insert 
    into
        DataPoint
        (xval, yval, description, id) 
    values
        (?, ?, ?, ?)
14:11:01,561 DEBUG SQL:104 - 
    insert 
    into
        DataPoint
        (xval, yval, description, id) 
    values
        (?, ?, ?, ?)
14:11:01,562 DEBUG SQL:104 - 
    insert 
    into
        DataPoint
        (xval, yval, description, id) 
    values
        (?, ?, ?, ?)
14:11:01,563 DEBUG SQL:104 - 
    insert 
    into
        DataPoint
        (xval, yval, description, id) 
    values
        (?, ?, ?, ?)
14:11:01,563 DEBUG SQL:104 - 
    insert 
    into
        DataPoint
        (xval, yval, description, id) 
    values
        (?, ?, ?, ?)
14:11:01,564 DEBUG SQL:104 - 
    insert 
    into
        DataPoint
        (xval, yval, description, id) 
    values
        (?, ?, ?, ?)
14:11:01,564 DEBUG SQL:104 - 
    insert 
    into
        DataPoint
        (xval, yval, description, id) 
    values
        (?, ?, ?, ?)
14:11:01,565 DEBUG SQL:104 - 
    insert 
    into
        DataPoint
        (xval, yval, description, id) 
    values
        (?, ?, ?, ?)
14:11:01,565 DEBUG SQL:104 - 
    insert 
    into
        DataPoint
        (xval, yval, description, id) 
    values
        (?, ?, ?, ?)
14:11:01,566 DEBUG SQL:104 - 
    insert 
    into
        DataPoint
        (xval, yval, description, id) 
    values
        (?, ?, ?, ?)
14:11:01,575 DEBUG SQL:104 - 
    insert 
    into
        DataPoint
        (xval, yval, description, id) 
    values
        (?, ?, ?, ?)
14:11:01,576 DEBUG SQL:104 - 
    insert 
    into
        DataPoint
        (xval, yval, description, id) 
    values
        (?, ?, ?, ?)
14:11:01,577 DEBUG SQL:104 - 
    insert 
    into
        DataPoint
        (xval, yval, description, id) 
    values
        (?, ?, ?, ?)
14:11:01,577 DEBUG SQL:104 - 
    insert 
    into
        DataPoint
        (xval, yval, description, id) 
    values
        (?, ?, ?, ?)
14:11:01,578 DEBUG SQL:104 - 
    insert 
    into
        DataPoint
        (xval, yval, description, id) 
    values
        (?, ?, ?, ?)
14:11:01,618 DEBUG SQL:104 - 
    insert 
    into
        DataPoint
        (xval, yval, description, id) 
    values
        (?, ?, ?, ?)
14:11:01,619 DEBUG SQL:104 - 
    insert 
    into
        DataPoint
        (xval, yval, description, id) 
    values
        (?, ?, ?, ?)
14:11:01,619 DEBUG SQL:104 - 
    insert 
    into
        DataPoint
        (xval, yval, description, id) 
    values
        (?, ?, ?, ?)
14:11:01,623 DEBUG SQL:104 - 
    insert 
    into
        DataPoint
        (xval, yval, description, id) 
    values
        (?, ?, ?, ?)
14:11:01,629 DEBUG SQL:104 - 
    insert 
    into
        DataPoint
        (xval, yval, description, id) 
    values
        (?, ?, ?, ?)
14:11:01,630 DEBUG SQL:104 - 
    insert 
    into
        DataPoint
        (xval, yval, description, id) 
    values
        (?, ?, ?, ?)
14:11:01,645 DEBUG SQL:104 - 
    insert 
    into
        DataPoint
        (xval, yval, description, id) 
    values
        (?, ?, ?, ?)
14:11:01,645 DEBUG SQL:104 - 
    insert 
    into
        DataPoint
        (xval, yval, description, id) 
    values
        (?, ?, ?, ?)
14:11:01,646 DEBUG SQL:104 - 
    insert 
    into
        DataPoint
        (xval, yval, description, id) 
    values
        (?, ?, ?, ?)
14:11:01,646 DEBUG SQL:104 - 
    insert 
    into
        DataPoint
        (xval, yval, description, id) 
    values
        (?, ?, ?, ?)
14:11:01,676 DEBUG SQL:104 - 
    insert 
    into
        DataPoint
        (xval, yval, description, id) 
    values
        (?, ?, ?, ?)
14:11:01,677 DEBUG SQL:104 - 
    insert 
    into
        DataPoint
        (xval, yval, description, id) 
    values
        (?, ?, ?, ?)
14:11:01,678 DEBUG SQL:104 - 
    insert 
    into
        DataPoint
        (xval, yval, description, id) 
    values
        (?, ?, ?, ?)
14:11:01,679 DEBUG SQL:104 - 
    insert 
    into
        DataPoint
        (xval, yval, description, id) 
    values
        (?, ?, ?, ?)
14:11:01,680 DEBUG SQL:104 - 
    insert 
    into
        DataPoint
        (xval, yval, description, id) 
    values
        (?, ?, ?, ?)
14:11:01,681 DEBUG SQL:104 - 
    insert 
    into
        DataPoint
        (xval, yval, description, id) 
    values
        (?, ?, ?, ?)
14:11:01,682 DEBUG SQL:104 - 
    insert 
    into
        DataPoint
        (xval, yval, description, id) 
    values
        (?, ?, ?, ?)
14:11:01,683 DEBUG SQL:104 - 
    insert 
    into
        DataPoint
        (xval, yval, description, id) 
    values
        (?, ?, ?, ?)
14:11:01,683 DEBUG SQL:104 - 
    insert 
    into
        DataPoint
        (xval, yval, description, id) 
    values
        (?, ?, ?, ?)
14:11:01,709 DEBUG SQL:104 - 
    insert 
    into
        DataPoint
        (xval, yval, description, id) 
    values
        (?, ?, ?, ?)
14:11:01,709 DEBUG SQL:104 - 
    insert 
    into
        DataPoint
        (xval, yval, description, id) 
    values
        (?, ?, ?, ?)
14:11:01,711 DEBUG SQL:104 - 
    insert 
    into
        DataPoint
        (xval, yval, description, id) 
    values
        (?, ?, ?, ?)
14:11:01,711 DEBUG SQL:104 - 
    insert 
    into
        DataPoint
        (xval, yval, description, id) 
    values
        (?, ?, ?, ?)
14:11:01,715 DEBUG SQL:104 - 
    insert 
    into
        DataPoint
        (xval, yval, description, id) 
    values
        (?, ?, ?, ?)
14:11:01,728 DEBUG SQL:104 - 
    insert 
    into
        DataPoint
        (xval, yval, description, id) 
    values
        (?, ?, ?, ?)
14:11:01,729 DEBUG SQL:104 - 
    insert 
    into
        DataPoint
        (xval, yval, description, id) 
    values
        (?, ?, ?, ?)
14:11:01,730 DEBUG SQL:104 - 
    insert 
    into
        DataPoint
        (xval, yval, description, id) 
    values
        (?, ?, ?, ?)
14:11:01,731 DEBUG SQL:104 - 
    insert 
    into
        DataPoint
        (xval, yval, description, id) 
    values
        (?, ?, ?, ?)
14:11:01,742 DEBUG SQL:104 - 
    insert 
    into
        DataPoint
        (xval, yval, description, id) 
    values
        (?, ?, ?, ?)
14:11:01,742 DEBUG SQL:104 - 
    insert 
    into
        DataPoint
        (xval, yval, description, id) 
    values
        (?, ?, ?, ?)
14:11:01,764 DEBUG SQL:104 - 
    insert 
    into
        DataPoint
        (xval, yval, description, id) 
    values
        (?, ?, ?, ?)
14:11:01,765 DEBUG SQL:104 - 
    insert 
    into
        DataPoint
        (xval, yval, description, id) 
    values
        (?, ?, ?, ?)
14:11:01,765 DEBUG SQL:104 - 
    insert 
    into
        DataPoint
        (xval, yval, description, id) 
    values
        (?, ?, ?, ?)
14:11:01,765 DEBUG SQL:104 - 
    insert 
    into
        DataPoint
        (xval, yval, description, id) 
    values
        (?, ?, ?, ?)
14:11:01,788 DEBUG SQL:104 - 
    insert 
    into
        DataPoint
        (xval, yval, description, id) 
    values
        (?, ?, ?, ?)
14:11:01,789 DEBUG SQL:104 - 
    insert 
    into
        DataPoint
        (xval, yval, description, id) 
    values
        (?, ?, ?, ?)
14:11:01,789 DEBUG SQL:104 - 
    insert 
    into
        DataPoint
        (xval, yval, description, id) 
    values
        (?, ?, ?, ?)
14:11:01,790 DEBUG SQL:104 - 
    insert 
    into
        DataPoint
        (xval, yval, description, id) 
    values
        (?, ?, ?, ?)
14:11:01,790 DEBUG SQL:104 - 
    insert 
    into
        DataPoint
        (xval, yval, description, id) 
    values
        (?, ?, ?, ?)
14:11:01,818 DEBUG SQL:104 - 
    insert 
    into
        DataPoint
        (xval, yval, description, id) 
    values
        (?, ?, ?, ?)
14:11:01,819 DEBUG SQL:104 - 
    insert 
    into
        DataPoint
        (xval, yval, description, id) 
    values
        (?, ?, ?, ?)
14:11:01,819 DEBUG SQL:104 - 
    insert 
    into
        DataPoint
        (xval, yval, description, id) 
    values
        (?, ?, ?, ?)
14:11:01,820 DEBUG SQL:104 - 
    insert 
    into
        DataPoint
        (xval, yval, description, id) 
    values
        (?, ?, ?, ?)
14:11:01,823 DEBUG SQL:104 - 
    insert 
    into
        DataPoint
        (xval, yval, description, id) 
    values
        (?, ?, ?, ?)
14:11:01,824 DEBUG SQL:104 - 
    insert 
    into
        DataPoint
        (xval, yval, description, id) 
    values
        (?, ?, ?, ?)
14:11:01,824 DEBUG SQL:104 - 
    insert 
    into
        DataPoint
        (xval, yval, description, id) 
    values
        (?, ?, ?, ?)
14:11:01,825 DEBUG SQL:104 - 
    insert 
    into
        DataPoint
        (xval, yval, description, id) 
    values
        (?, ?, ?, ?)
14:11:01,825 DEBUG SQL:104 - 
    insert 
    into
        DataPoint
        (xval, yval, description, id) 
    values
        (?, ?, ?, ?)
14:11:01,836 DEBUG SQL:104 - 
    insert 
    into
        DataPoint
        (xval, yval, description, id) 
    values
        (?, ?, ?, ?)
14:11:01,836 DEBUG SQL:104 - 
    insert 
    into
        DataPoint
        (xval, yval, description, id) 
    values
        (?, ?, ?, ?)
14:11:01,837 DEBUG SQL:104 - 
    insert 
    into
        DataPoint
        (xval, yval, description, id) 
    values
        (?, ?, ?, ?)
14:11:01,837 DEBUG SQL:104 - 
    insert 
    into
        DataPoint
        (xval, yval, description, id) 
    values
        (?, ?, ?, ?)
14:11:01,851 DEBUG SQL:104 - 
    insert 
    into
        DataPoint
        (xval, yval, description, id) 
    values
        (?, ?, ?, ?)
14:11:01,852 DEBUG SQL:104 - 
    insert 
    into
        DataPoint
        (xval, yval, description, id) 
    values
        (?, ?, ?, ?)
14:11:01,853 DEBUG SQL:104 - 
    insert 
    into
        DataPoint
        (xval, yval, description, id) 
    values
        (?, ?, ?, ?)
14:11:01,853 DEBUG SQL:104 - 
    insert 
    into
        DataPoint
        (xval, yval, description, id) 
    values
        (?, ?, ?, ?)
14:11:01,884 DEBUG SQL:104 - 
    insert 
    into
        DataPoint
        (xval, yval, description, id) 
    values
        (?, ?, ?, ?)
14:11:01,885 DEBUG SQL:104 - 
    insert 
    into
        DataPoint
        (xval, yval, description, id) 
    values
        (?, ?, ?, ?)
14:11:01,893 DEBUG SQL:104 - 
    insert 
    into
        DataPoint
        (xval, yval, description, id) 
    values
        (?, ?, ?, ?)
14:11:01,893 DEBUG SQL:104 - 
    insert 
    into
        DataPoint
        (xval, yval, description, id) 
    values
        (?, ?, ?, ?)
14:11:01,894 DEBUG SQL:104 - 
    insert 
    into
        DataPoint
        (xval, yval, description, id) 
    values
        (?, ?, ?, ?)
14:11:01,894 DEBUG SQL:104 - 
    insert 
    into
        DataPoint
        (xval, yval, description, id) 
    values
        (?, ?, ?, ?)
14:11:01,895 DEBUG SQL:104 - 
    insert 
    into
        DataPoint
        (xval, yval, description, id) 
    values
        (?, ?, ?, ?)
14:11:01,926 DEBUG SQL:104 - 
    insert 
    into
        DataPoint
        (xval, yval, description, id) 
    values
        (?, ?, ?, ?)
14:11:01,927 DEBUG SQL:104 - 
    insert 
    into
        DataPoint
        (xval, yval, description, id) 
    values
        (?, ?, ?, ?)
14:11:01,927 DEBUG SQL:104 - 
    insert 
    into
        DataPoint
        (xval, yval, description, id) 
    values
        (?, ?, ?, ?)
14:11:01,927 DEBUG SQL:104 - 
    insert 
    into
        DataPoint
        (xval, yval, description, id) 
    values
        (?, ?, ?, ?)
14:11:01,943 DEBUG SQL:104 - 
    insert 
    into
        DataPoint
        (xval, yval, description, id) 
    values
        (?, ?, ?, ?)
14:11:01,944 DEBUG SQL:104 - 
    insert 
    into
        DataPoint
        (xval, yval, description, id) 
    values
        (?, ?, ?, ?)
14:11:01,944 DEBUG SQL:104 - 
    insert 
    into
        DataPoint
        (xval, yval, description, id) 
    values
        (?, ?, ?, ?)
14:11:01,944 DEBUG SQL:104 - 
    insert 
    into
        DataPoint
        (xval, yval, description, id) 
    values
        (?, ?, ?, ?)
14:11:01,950 DEBUG SQL:104 - 
    insert 
    into
        DataPoint
        (xval, yval, description, id) 
    values
        (?, ?, ?, ?)
14:11:01,951 DEBUG SQL:104 - 
    insert 
    into
        DataPoint
        (xval, yval, description, id) 
    values
        (?, ?, ?, ?)
14:11:01,951 DEBUG SQL:104 - 
    insert 
    into
        DataPoint
        (xval, yval, description, id) 
    values
        (?, ?, ?, ?)
14:11:01,952 DEBUG SQL:104 - 
    insert 
    into
        DataPoint
        (xval, yval, description, id) 
    values
        (?, ?, ?, ?)
14:11:01,952 DEBUG SQL:104 - 
    insert 
    into
        DataPoint
        (xval, yval, description, id) 
    values
        (?, ?, ?, ?)
14:11:01,962 DEBUG SQL:104 - 
    insert 
    into
        DataPoint
        (xval, yval, description, id) 
    values
        (?, ?, ?, ?)
14:11:01,963 DEBUG SQL:104 - 
    insert 
    into
        DataPoint
        (xval, yval, description, id) 
    values
        (?, ?, ?, ?)
14:11:01,963 DEBUG SQL:104 - 
    insert 
    into
        DataPoint
        (xval, yval, description, id) 
    values
        (?, ?, ?, ?)
14:11:01,963 DEBUG SQL:104 - 
    insert 
    into
        DataPoint
        (xval, yval, description, id) 
    values
        (?, ?, ?, ?)
14:11:02,001 DEBUG SQL:104 - 
    insert 
    into
        DataPoint
        (xval, yval, description, id) 
    values
        (?, ?, ?, ?)
14:11:02,001 DEBUG SQL:104 - 
    insert 
    into
        DataPoint
        (xval, yval, description, id) 
    values
        (?, ?, ?, ?)
14:11:02,002 DEBUG SQL:104 - 
    insert 
    into
        DataPoint
        (xval, yval, description, id) 
    values
        (?, ?, ?, ?)
14:11:02,004 DEBUG SQL:104 - 
    insert 
    into
        DataPoint
        (xval, yval, description, id) 
    values
        (?, ?, ?, ?)
14:11:02,004 DEBUG SQL:104 - 
    insert 
    into
        DataPoint
        (xval, yval, description, id) 
    values
        (?, ?, ?, ?)
14:11:02,016 DEBUG SQL:104 - 
    insert 
    into
        DataPoint
        (xval, yval, description, id) 
    values
        (?, ?, ?, ?)
14:11:02,016 DEBUG SQL:104 - 
    insert 
    into
        DataPoint
        (xval, yval, description, id) 
    values
        (?, ?, ?, ?)
14:11:02,027 DEBUG SQL:104 - 
    insert 
    into
        DataPoint
        (xval, yval, description, id) 
    values
        (?, ?, ?, ?)
14:11:02,028 DEBUG SQL:104 - 
    insert 
    into
        DataPoint
        (xval, yval, description, id) 
    values
        (?, ?, ?, ?)
14:11:02,028 DEBUG SQL:104 - 
    insert 
    into
        DataPoint
        (xval, yval, description, id) 
    values
        (?, ?, ?, ?)
14:11:02,029 DEBUG SQL:104 - 
    insert 
    into
        DataPoint
        (xval, yval, description, id) 
    values
        (?, ?, ?, ?)
14:11:02,074 DEBUG SQL:104 - 
    insert 
    into
        DataPoint
        (xval, yval, description, id) 
    values
        (?, ?, ?, ?)
14:11:02,074 DEBUG SQL:104 - 
    insert 
    into
        DataPoint
        (xval, yval, description, id) 
    values
        (?, ?, ?, ?)
14:11:02,075 DEBUG SQL:104 - 
    insert 
    into
        DataPoint
        (xval, yval, description, id) 
    values
        (?, ?, ?, ?)
14:11:02,075 DEBUG SQL:104 - 
    insert 
    into
        DataPoint
        (xval, yval, description, id) 
    values
        (?, ?, ?, ?)
14:11:02,075 DEBUG SQL:104 - 
    insert 
    into
        DataPoint
        (xval, yval, description, id) 
    values
        (?, ?, ?, ?)
14:11:02,076 DEBUG SQL:104 - 
    insert 
    into
        DataPoint
        (xval, yval, description, id) 
    values
        (?, ?, ?, ?)
14:11:02,076 DEBUG SQL:104 - 
    insert 
    into
        DataPoint
        (xval, yval, description, id) 
    values
        (?, ?, ?, ?)
14:11:02,076 DEBUG SQL:104 - 
    insert 
    into
        DataPoint
        (xval, yval, description, id) 
    values
        (?, ?, ?, ?)
14:11:02,077 DEBUG SQL:104 - 
    insert 
    into
        DataPoint
        (xval, yval, description, id) 
    values
        (?, ?, ?, ?)
14:11:02,099 DEBUG SQL:104 - 
    insert 
    into
        DataPoint
        (xval, yval, description, id) 
    values
        (?, ?, ?, ?)
14:11:02,100 DEBUG SQL:104 - 
    insert 
    into
        DataPoint
        (xval, yval, description, id) 
    values
        (?, ?, ?, ?)
14:11:02,101 DEBUG SQL:104 - 
    insert 
    into
        DataPoint
        (xval, yval, description, id) 
    values
        (?, ?, ?, ?)
14:11:02,103 DEBUG SQL:104 - 
    insert 
    into
        DataPoint
        (xval, yval, description, id) 
    values
        (?, ?, ?, ?)
14:11:02,136 DEBUG SQL:104 - 
    insert 
    into
        DataPoint
        (xval, yval, description, id) 
    values
        (?, ?, ?, ?)
14:11:02,136 DEBUG SQL:104 - 
    insert 
    into
        DataPoint
        (xval, yval, description, id) 
    values
        (?, ?, ?, ?)
14:11:02,137 DEBUG SQL:104 - 
    insert 
    into
        DataPoint
        (xval, yval, description, id) 
    values
        (?, ?, ?, ?)
14:11:02,137 DEBUG SQL:104 - 
    insert 
    into
        DataPoint
        (xval, yval, description, id) 
    values
        (?, ?, ?, ?)
14:11:02,137 DEBUG SQL:104 - 
    insert 
    into
        DataPoint
        (xval, yval, description, id) 
    values
        (?, ?, ?, ?)
14:11:02,152 DEBUG SQL:104 - 
    insert 
    into
        DataPoint
        (xval, yval, description, id) 
    values
        (?, ?, ?, ?)
14:11:02,153 DEBUG SQL:104 - 
    insert 
    into
        DataPoint
        (xval, yval, description, id) 
    values
        (?, ?, ?, ?)
14:11:02,165 DEBUG SQL:104 - 
    insert 
    into
        DataPoint
        (xval, yval, description, id) 
    values
        (?, ?, ?, ?)
14:11:02,166 DEBUG SQL:104 - 
    insert 
    into
        DataPoint
        (xval, yval, description, id) 
    values
        (?, ?, ?, ?)
14:11:02,166 DEBUG SQL:104 - 
    insert 
    into
        DataPoint
        (xval, yval, description, id) 
    values
        (?, ?, ?, ?)
14:11:02,166 DEBUG SQL:104 - 
    insert 
    into
        DataPoint
        (xval, yval, description, id) 
    values
        (?, ?, ?, ?)
14:11:02,180 DEBUG SQL:104 - 
    insert 
    into
        DataPoint
        (xval, yval, description, id) 
    values
        (?, ?, ?, ?)
14:11:02,181 DEBUG SQL:104 - 
    insert 
    into
        DataPoint
        (xval, yval, description, id) 
    values
        (?, ?, ?, ?)
14:11:02,181 DEBUG SQL:104 - 
    insert 
    into
        DataPoint
        (xval, yval, description, id) 
    values
        (?, ?, ?, ?)
14:11:02,181 DEBUG SQL:104 - 
    insert 
    into
        DataPoint
        (xval, yval, description, id) 
    values
        (?, ?, ?, ?)
14:11:02,185 DEBUG SQL:104 - 
    insert 
    into
        DataPoint
        (xval, yval, description, id) 
    values
        (?, ?, ?, ?)
14:11:02,186 DEBUG SQL:104 - 
    insert 
    into
        DataPoint
        (xval, yval, description, id) 
    values
        (?, ?, ?, ?)
14:11:02,186 DEBUG SQL:104 - 
    insert 
    into
        DataPoint
        (xval, yval, description, id) 
    values
        (?, ?, ?, ?)
14:11:02,186 DEBUG SQL:104 - 
    insert 
    into
        DataPoint
        (xval, yval, description, id) 
    values
        (?, ?, ?, ?)
14:11:02,189 DEBUG SQL:104 - 
    insert 
    into
        DataPoint
        (xval, yval, description, id) 
    values
        (?, ?, ?, ?)
14:11:02,208 DEBUG SQL:104 - 
    insert 
    into
        DataPoint
        (xval, yval, description, id) 
    values
        (?, ?, ?, ?)
14:11:02,208 DEBUG SQL:104 - 
    insert 
    into
        DataPoint
        (xval, yval, description, id) 
    values
        (?, ?, ?, ?)
14:11:02,209 DEBUG SQL:104 - 
    insert 
    into
        DataPoint
        (xval, yval, description, id) 
    values
        (?, ?, ?, ?)
14:11:02,210 DEBUG SQL:104 - 
    insert 
    into
        DataPoint
        (xval, yval, description, id) 
    values
        (?, ?, ?, ?)
14:11:02,210 DEBUG SQL:104 - 
    insert 
    into
        DataPoint
        (xval, yval, description, id) 
    values
        (?, ?, ?, ?)
14:11:02,211 DEBUG SQL:104 - 
    insert 
    into
        DataPoint
        (xval, yval, description, id) 
    values
        (?, ?, ?, ?)
14:11:02,211 DEBUG SQL:104 - 
    insert 
    into
        DataPoint
        (xval, yval, description, id) 
    values
        (?, ?, ?, ?)
14:11:02,211 DEBUG SQL:104 - 
    insert 
    into
        DataPoint
        (xval, yval, description, id) 
    values
        (?, ?, ?, ?)
14:11:02,212 DEBUG SQL:104 - 
    insert 
    into
        DataPoint
        (xval, yval, description, id) 
    values
        (?, ?, ?, ?)
14:11:02,235 DEBUG SQL:104 - 
    insert 
    into
        DataPoint
        (xval, yval, description, id) 
    values
        (?, ?, ?, ?)
14:11:02,235 DEBUG SQL:104 - 
    insert 
    into
        DataPoint
        (xval, yval, description, id) 
    values
        (?, ?, ?, ?)
14:11:02,236 DEBUG SQL:104 - 
    insert 
    into
        DataPoint
        (xval, yval, description, id) 
    values
        (?, ?, ?, ?)
14:11:02,236 DEBUG SQL:104 - 
    insert 
    into
        DataPoint
        (xval, yval, description, id) 
    values
        (?, ?, ?, ?)
14:11:02,262 DEBUG SQL:104 - 
    insert 
    into
        DataPoint
        (xval, yval, description, id) 
    values
        (?, ?, ?, ?)
14:11:02,263 DEBUG SQL:104 - 
    insert 
    into
        DataPoint
        (xval, yval, description, id) 
    values
        (?, ?, ?, ?)
14:11:02,263 DEBUG SQL:104 - 
    insert 
    into
        DataPoint
        (xval, yval, description, id) 
    values
        (?, ?, ?, ?)
14:11:02,263 DEBUG SQL:104 - 
    insert 
    into
        DataPoint
        (xval, yval, description, id) 
    values
        (?, ?, ?, ?)
14:11:02,287 DEBUG SQL:104 - 
    insert 
    into
        DataPoint
        (xval, yval, description, id) 
    values
        (?, ?, ?, ?)
14:11:02,288 DEBUG SQL:104 - 
    insert 
    into
        DataPoint
        (xval, yval, description, id) 
    values
        (?, ?, ?, ?)
14:11:02,301 DEBUG SQL:104 - 
    insert 
    into
        DataPoint
        (xval, yval, description, id) 
    values
        (?, ?, ?, ?)
14:11:02,301 DEBUG SQL:104 - 
    insert 
    into
        DataPoint
        (xval, yval, description, id) 
    values
        (?, ?, ?, ?)
14:11:02,302 DEBUG SQL:104 - 
    insert 
    into
        DataPoint
        (xval, yval, description, id) 
    values
        (?, ?, ?, ?)
14:11:02,302 DEBUG SQL:104 - 
    insert 
    into
        DataPoint
        (xval, yval, description, id) 
    values
        (?, ?, ?, ?)
14:11:02,302 DEBUG SQL:104 - 
    insert 
    into
        DataPoint
        (xval, yval, description, id) 
    values
        (?, ?, ?, ?)
14:11:02,315 DEBUG SQL:104 - 
    insert 
    into
        DataPoint
        (xval, yval, description, id) 
    values
        (?, ?, ?, ?)
14:11:02,316 DEBUG SQL:104 - 
    insert 
    into
        DataPoint
        (xval, yval, description, id) 
    values
        (?, ?, ?, ?)
14:11:02,316 DEBUG SQL:104 - 
    insert 
    into
        DataPoint
        (xval, yval, description, id) 
    values
        (?, ?, ?, ?)
14:11:02,316 DEBUG SQL:104 - 
    insert 
    into
        DataPoint
        (xval, yval, description, id) 
    values
        (?, ?, ?, ?)
14:11:02,336 DEBUG SQL:104 - 
    insert 
    into
        DataPoint
        (xval, yval, description, id) 
    values
        (?, ?, ?, ?)
14:11:02,336 DEBUG SQL:104 - 
    insert 
    into
        DataPoint
        (xval, yval, description, id) 
    values
        (?, ?, ?, ?)
14:11:02,337 DEBUG SQL:104 - 
    insert 
    into
        DataPoint
        (xval, yval, description, id) 
    values
        (?, ?, ?, ?)
14:11:02,337 DEBUG SQL:104 - 
    insert 
    into
        DataPoint
        (xval, yval, description, id) 
    values
        (?, ?, ?, ?)
14:11:02,337 DEBUG SQL:104 - 
    insert 
    into
        DataPoint
        (xval, yval, description, id) 
    values
        (?, ?, ?, ?)
14:11:02,337 DEBUG SQL:104 - 
    insert 
    into
        DataPoint
        (xval, yval, description, id) 
    values
        (?, ?, ?, ?)
14:11:02,338 DEBUG SQL:104 - 
    insert 
    into
        DataPoint
        (xval, yval, description, id) 
    values
        (?, ?, ?, ?)
14:11:02,338 DEBUG SQL:104 - 
    insert 
    into
        DataPoint
        (xval, yval, description, id) 
    values
        (?, ?, ?, ?)
14:11:02,338 DEBUG SQL:104 - 
    insert 
    into
        DataPoint
        (xval, yval, description, id) 
    values
        (?, ?, ?, ?)
14:11:02,358 DEBUG SQL:104 - 
    insert 
    into
        DataPoint
        (xval, yval, description, id) 
    values
        (?, ?, ?, ?)
14:11:02,359 DEBUG SQL:104 - 
    insert 
    into
        DataPoint
        (xval, yval, description, id) 
    values
        (?, ?, ?, ?)
14:11:02,361 DEBUG SQL:104 - 
    insert 
    into
        DataPoint
        (xval, yval, description, id) 
    values
        (?, ?, ?, ?)
14:11:02,361 DEBUG SQL:104 - 
    insert 
    into
        DataPoint
        (xval, yval, description, id) 
    values
        (?, ?, ?, ?)
14:11:02,374 DEBUG SQL:104 - 
    insert 
    into
        DataPoint
        (xval, yval, description, id) 
    values
        (?, ?, ?, ?)
14:11:02,375 DEBUG SQL:104 - 
    insert 
    into
        DataPoint
        (xval, yval, description, id) 
    values
        (?, ?, ?, ?)
14:11:02,375 DEBUG SQL:104 - 
    insert 
    into
        DataPoint
        (xval, yval, description, id) 
    values
        (?, ?, ?, ?)
14:11:02,376 DEBUG SQL:104 - 
    insert 
    into
        DataPoint
        (xval, yval, description, id) 
    values
        (?, ?, ?, ?)
14:11:02,376 DEBUG SQL:104 - 
    insert 
    into
        DataPoint
        (xval, yval, description, id) 
    values
        (?, ?, ?, ?)
14:11:02,376 DEBUG SQL:104 - 
    insert 
    into
        DataPoint
        (xval, yval, description, id) 
    values
        (?, ?, ?, ?)
14:11:02,376 DEBUG SQL:104 - 
    insert 
    into
        DataPoint
        (xval, yval, description, id) 
    values
        (?, ?, ?, ?)
14:11:02,428 DEBUG SQL:104 - 
    insert 
    into
        DataPoint
        (xval, yval, description, id) 
    values
        (?, ?, ?, ?)
14:11:02,429 DEBUG SQL:104 - 
    insert 
    into
        DataPoint
        (xval, yval, description, id) 
    values
        (?, ?, ?, ?)
14:11:02,429 DEBUG SQL:104 - 
    insert 
    into
        DataPoint
        (xval, yval, description, id) 
    values
        (?, ?, ?, ?)
14:11:02,429 DEBUG SQL:104 - 
    insert 
    into
        DataPoint
        (xval, yval, description, id) 
    values
        (?, ?, ?, ?)
14:11:02,450 DEBUG SQL:104 - 
    insert 
    into
        DataPoint
        (xval, yval, description, id) 
    values
        (?, ?, ?, ?)
14:11:02,452 DEBUG SQL:104 - 
    insert 
    into
        DataPoint
        (xval, yval, description, id) 
    values
        (?, ?, ?, ?)
14:11:02,452 DEBUG SQL:104 - 
    insert 
    into
        DataPoint
        (xval, yval, description, id) 
    values
        (?, ?, ?, ?)
14:11:02,452 DEBUG SQL:104 - 
    insert 
    into
        DataPoint
        (xval, yval, description, id) 
    values
        (?, ?, ?, ?)
14:11:02,453 DEBUG SQL:104 - 
    insert 
    into
        DataPoint
        (xval, yval, description, id) 
    values
        (?, ?, ?, ?)
14:11:02,453 DEBUG SQL:104 - 
    insert 
    into
        DataPoint
        (xval, yval, description, id) 
    values
        (?, ?, ?, ?)
14:11:02,453 DEBUG SQL:104 - 
    insert 
    into
        DataPoint
        (xval, yval, description, id) 
    values
        (?, ?, ?, ?)
14:11:02,455 DEBUG SQL:104 - 
    insert 
    into
        DataPoint
        (xval, yval, description, id) 
    values
        (?, ?, ?, ?)
14:11:02,456 DEBUG SQL:104 - 
    insert 
    into
        DataPoint
        (xval, yval, description, id) 
    values
        (?, ?, ?, ?)
14:11:02,463 DEBUG SQL:104 - 
    insert 
    into
        DataPoint
        (xval, yval, description, id) 
    values
        (?, ?, ?, ?)
14:11:02,463 DEBUG SQL:104 - 
    insert 
    into
        DataPoint
        (xval, yval, description, id) 
    values
        (?, ?, ?, ?)
14:11:02,463 DEBUG SQL:104 - 
    insert 
    into
        DataPoint
        (xval, yval, description, id) 
    values
        (?, ?, ?, ?)
14:11:02,464 DEBUG SQL:104 - 
    insert 
    into
        DataPoint
        (xval, yval, description, id) 
    values
        (?, ?, ?, ?)
14:11:02,475 DEBUG SQL:104 - 
    insert 
    into
        DataPoint
        (xval, yval, description, id) 
    values
        (?, ?, ?, ?)
14:11:02,477 DEBUG SQL:104 - 
    insert 
    into
        DataPoint
        (xval, yval, description, id) 
    values
        (?, ?, ?, ?)
14:11:02,477 DEBUG SQL:104 - 
    insert 
    into
        DataPoint
        (xval, yval, description, id) 
    values
        (?, ?, ?, ?)
14:11:02,477 DEBUG SQL:104 - 
    insert 
    into
        DataPoint
        (xval, yval, description, id) 
    values
        (?, ?, ?, ?)
14:11:02,478 DEBUG SQL:104 - 
    insert 
    into
        DataPoint
        (xval, yval, description, id) 
    values
        (?, ?, ?, ?)
14:11:02,478 DEBUG SQL:104 - 
    insert 
    into
        DataPoint
        (xval, yval, description, id) 
    values
        (?, ?, ?, ?)
14:11:02,478 DEBUG SQL:104 - 
    insert 
    into
        DataPoint
        (xval, yval, description, id) 
    values
        (?, ?, ?, ?)
14:11:02,533 DEBUG SQL:104 - 
    insert 
    into
        DataPoint
        (xval, yval, description, id) 
    values
        (?, ?, ?, ?)
14:11:02,533 DEBUG SQL:104 - 
    insert 
    into
        DataPoint
        (xval, yval, description, id) 
    values
        (?, ?, ?, ?)
14:11:02,533 DEBUG SQL:104 - 
    insert 
    into
        DataPoint
        (xval, yval, description, id) 
    values
        (?, ?, ?, ?)
14:11:02,534 DEBUG SQL:104 - 
    insert 
    into
        DataPoint
        (xval, yval, description, id) 
    values
        (?, ?, ?, ?)
14:11:02,545 DEBUG SQL:104 - 
    insert 
    into
        DataPoint
        (xval, yval, description, id) 
    values
        (?, ?, ?, ?)
14:11:02,546 DEBUG SQL:104 - 
    insert 
    into
        DataPoint
        (xval, yval, description, id) 
    values
        (?, ?, ?, ?)
14:11:02,546 DEBUG SQL:104 - 
    insert 
    into
        DataPoint
        (xval, yval, description, id) 
    values
        (?, ?, ?, ?)
14:11:02,547 DEBUG SQL:104 - 
    insert 
    into
        DataPoint
        (xval, yval, description, id) 
    values
        (?, ?, ?, ?)
14:11:02,559 DEBUG SQL:104 - 
    insert 
    into
        DataPoint
        (xval, yval, description, id) 
    values
        (?, ?, ?, ?)
14:11:02,559 DEBUG SQL:104 - 
    insert 
    into
        DataPoint
        (xval, yval, description, id) 
    values
        (?, ?, ?, ?)
14:11:02,560 DEBUG SQL:104 - 
    insert 
    into
        DataPoint
        (xval, yval, description, id) 
    values
        (?, ?, ?, ?)
14:11:02,560 DEBUG SQL:104 - 
    insert 
    into
        DataPoint
        (xval, yval, description, id) 
    values
        (?, ?, ?, ?)
14:11:02,560 DEBUG SQL:104 - 
    insert 
    into
        DataPoint
        (xval, yval, description, id) 
    values
        (?, ?, ?, ?)
14:11:02,573 DEBUG SQL:104 - 
    insert 
    into
        DataPoint
        (xval, yval, description, id) 
    values
        (?, ?, ?, ?)
14:11:02,574 DEBUG SQL:104 - 
    insert 
    into
        DataPoint
        (xval, yval, description, id) 
    values
        (?, ?, ?, ?)
14:11:02,574 DEBUG SQL:104 - 
    insert 
    into
        DataPoint
        (xval, yval, description, id) 
    values
        (?, ?, ?, ?)
14:11:02,574 DEBUG SQL:104 - 
    insert 
    into
        DataPoint
        (xval, yval, description, id) 
    values
        (?, ?, ?, ?)
14:11:02,574 DEBUG SQL:104 - 
    insert 
    into
        DataPoint
        (xval, yval, description, id) 
    values
        (?, ?, ?, ?)
14:11:02,575 DEBUG SQL:104 - 
    insert 
    into
        DataPoint
        (xval, yval, description, id) 
    values
        (?, ?, ?, ?)
14:11:02,575 DEBUG SQL:104 - 
    insert 
    into
        DataPoint
        (xval, yval, description, id) 
    values
        (?, ?, ?, ?)
14:11:02,575 DEBUG SQL:104 - 
    insert 
    into
        DataPoint
        (xval, yval, description, id) 
    values
        (?, ?, ?, ?)
14:11:02,575 DEBUG SQL:104 - 
    insert 
    into
        DataPoint
        (xval, yval, description, id) 
    values
        (?, ?, ?, ?)
14:11:02,587 DEBUG SQL:104 - 
    insert 
    into
        DataPoint
        (xval, yval, description, id) 
    values
        (?, ?, ?, ?)
14:11:02,588 DEBUG SQL:104 - 
    insert 
    into
        DataPoint
        (xval, yval, description, id) 
    values
        (?, ?, ?, ?)
14:11:02,588 DEBUG SQL:104 - 
    insert 
    into
        DataPoint
        (xval, yval, description, id) 
    values
        (?, ?, ?, ?)
14:11:02,588 DEBUG SQL:104 - 
    insert 
    into
        DataPoint
        (xval, yval, description, id) 
    values
        (?, ?, ?, ?)
14:11:02,620 DEBUG SQL:104 - 
    insert 
    into
        DataPoint
        (xval, yval, description, id) 
    values
        (?, ?, ?, ?)
14:11:02,621 DEBUG SQL:104 - 
    insert 
    into
        DataPoint
        (xval, yval, description, id) 
    values
        (?, ?, ?, ?)
14:11:02,622 DEBUG SQL:104 - 
    insert 
    into
        DataPoint
        (xval, yval, description, id) 
    values
        (?, ?, ?, ?)
14:11:02,622 DEBUG SQL:104 - 
    insert 
    into
        DataPoint
        (xval, yval, description, id) 
    values
        (?, ?, ?, ?)
14:11:02,622 DEBUG SQL:104 - 
    insert 
    into
        DataPoint
        (xval, yval, description, id) 
    values
        (?, ?, ?, ?)
14:11:02,622 DEBUG SQL:104 - 
    insert 
    into
        DataPoint
        (xval, yval, description, id) 
    values
        (?, ?, ?, ?)
14:11:02,656 DEBUG SQL:104 - 
    insert 
    into
        DataPoint
        (xval, yval, description, id) 
    values
        (?, ?, ?, ?)
14:11:02,656 DEBUG SQL:104 - 
    insert 
    into
        DataPoint
        (xval, yval, description, id) 
    values
        (?, ?, ?, ?)
14:11:02,657 DEBUG SQL:104 - 
    insert 
    into
        DataPoint
        (xval, yval, description, id) 
    values
        (?, ?, ?, ?)
14:11:02,657 DEBUG SQL:104 - 
    insert 
    into
        DataPoint
        (xval, yval, description, id) 
    values
        (?, ?, ?, ?)
14:11:02,657 DEBUG SQL:104 - 
    insert 
    into
        DataPoint
        (xval, yval, description, id) 
    values
        (?, ?, ?, ?)
14:11:02,682 DEBUG SQL:104 - 
    insert 
    into
        DataPoint
        (xval, yval, description, id) 
    values
        (?, ?, ?, ?)
14:11:02,684 DEBUG SQL:104 - 
    insert 
    into
        DataPoint
        (xval, yval, description, id) 
    values
        (?, ?, ?, ?)
14:11:02,684 DEBUG SQL:104 - 
    insert 
    into
        DataPoint
        (xval, yval, description, id) 
    values
        (?, ?, ?, ?)
14:11:02,684 DEBUG SQL:104 - 
    insert 
    into
        DataPoint
        (xval, yval, description, id) 
    values
        (?, ?, ?, ?)
14:11:02,685 DEBUG SQL:104 - 
    insert 
    into
        DataPoint
        (xval, yval, description, id) 
    values
        (?, ?, ?, ?)
14:11:02,685 DEBUG SQL:104 - 
    insert 
    into
        DataPoint
        (xval, yval, description, id) 
    values
        (?, ?, ?, ?)
14:11:02,685 DEBUG SQL:104 - 
    insert 
    into
        DataPoint
        (xval, yval, description, id) 
    values
        (?, ?, ?, ?)
14:11:02,686 DEBUG SQL:104 - 
    insert 
    into
        DataPoint
        (xval, yval, description, id) 
    values
        (?, ?, ?, ?)
14:11:02,686 DEBUG SQL:104 - 
    insert 
    into
        DataPoint
        (xval, yval, description, id) 
    values
        (?, ?, ?, ?)
14:11:02,701 DEBUG SQL:104 - 
    insert 
    into
        DataPoint
        (xval, yval, description, id) 
    values
        (?, ?, ?, ?)
14:11:02,703 DEBUG SQL:104 - 
    insert 
    into
        DataPoint
        (xval, yval, description, id) 
    values
        (?, ?, ?, ?)
14:11:02,703 DEBUG SQL:104 - 
    insert 
    into
        DataPoint
        (xval, yval, description, id) 
    values
        (?, ?, ?, ?)
14:11:02,703 DEBUG SQL:104 - 
    insert 
    into
        DataPoint
        (xval, yval, description, id) 
    values
        (?, ?, ?, ?)
14:11:02,703 DEBUG SQL:104 - 
    insert 
    into
        DataPoint
        (xval, yval, description, id) 
    values
        (?, ?, ?, ?)
14:11:02,704 DEBUG SQL:104 - 
    insert 
    into
        DataPoint
        (xval, yval, description, id) 
    values
        (?, ?, ?, ?)
14:11:02,704 DEBUG SQL:104 - 
    insert 
    into
        DataPoint
        (xval, yval, description, id) 
    values
        (?, ?, ?, ?)
14:11:02,704 DEBUG SQL:104 - 
    insert 
    into
        DataPoint
        (xval, yval, description, id) 
    values
        (?, ?, ?, ?)
14:11:02,720 DEBUG SQL:104 - 
    insert 
    into
        DataPoint
        (xval, yval, description, id) 
    values
        (?, ?, ?, ?)
14:11:02,720 DEBUG SQL:104 - 
    insert 
    into
        DataPoint
        (xval, yval, description, id) 
    values
        (?, ?, ?, ?)
14:11:02,721 DEBUG SQL:104 - 
    insert 
    into
        DataPoint
        (xval, yval, description, id) 
    values
        (?, ?, ?, ?)
14:11:02,721 DEBUG SQL:104 - 
    insert 
    into
        DataPoint
        (xval, yval, description, id) 
    values
        (?, ?, ?, ?)
14:11:02,721 DEBUG SQL:104 - 
    insert 
    into
        DataPoint
        (xval, yval, description, id) 
    values
        (?, ?, ?, ?)
14:11:02,771 DEBUG SQL:104 - 
    insert 
    into
        DataPoint
        (xval, yval, description, id) 
    values
        (?, ?, ?, ?)
14:11:02,772 DEBUG SQL:104 - 
    insert 
    into
        DataPoint
        (xval, yval, description, id) 
    values
        (?, ?, ?, ?)
14:11:02,772 DEBUG SQL:104 - 
    insert 
    into
        DataPoint
        (xval, yval, description, id) 
    values
        (?, ?, ?, ?)
14:11:02,772 DEBUG SQL:104 - 
    insert 
    into
        DataPoint
        (xval, yval, description, id) 
    values
        (?, ?, ?, ?)
14:11:02,772 DEBUG SQL:104 - 
    insert 
    into
        DataPoint
        (xval, yval, description, id) 
    values
        (?, ?, ?, ?)
14:11:02,773 DEBUG SQL:104 - 
    insert 
    into
        DataPoint
        (xval, yval, description, id) 
    values
        (?, ?, ?, ?)
14:11:02,812 DEBUG SQL:104 - 
    insert 
    into
        DataPoint
        (xval, yval, description, id) 
    values
        (?, ?, ?, ?)
14:11:02,812 DEBUG SQL:104 - 
    insert 
    into
        DataPoint
        (xval, yval, description, id) 
    values
        (?, ?, ?, ?)
14:11:02,814 DEBUG SQL:104 - 
    insert 
    into
        DataPoint
        (xval, yval, description, id) 
    values
        (?, ?, ?, ?)
14:11:02,814 DEBUG SQL:104 - 
    insert 
    into
        DataPoint
        (xval, yval, description, id) 
    values
        (?, ?, ?, ?)
14:11:02,815 DEBUG SQL:104 - 
    insert 
    into
        DataPoint
        (xval, yval, description, id) 
    values
        (?, ?, ?, ?)
14:11:02,838 DEBUG SQL:104 - 
    insert 
    into
        DataPoint
        (xval, yval, description, id) 
    values
        (?, ?, ?, ?)
14:11:02,838 DEBUG SQL:104 - 
    insert 
    into
        DataPoint
        (xval, yval, description, id) 
    values
        (?, ?, ?, ?)
14:11:02,838 DEBUG SQL:104 - 
    insert 
    into
        DataPoint
        (xval, yval, description, id) 
    values
        (?, ?, ?, ?)
14:11:02,839 DEBUG SQL:104 - 
    insert 
    into
        DataPoint
        (xval, yval, description, id) 
    values
        (?, ?, ?, ?)
14:11:02,839 DEBUG SQL:104 - 
    insert 
    into
        DataPoint
        (xval, yval, description, id) 
    values
        (?, ?, ?, ?)
14:11:02,839 DEBUG SQL:104 - 
    insert 
    into
        DataPoint
        (xval, yval, description, id) 
    values
        (?, ?, ?, ?)
14:11:02,839 DEBUG SQL:104 - 
    insert 
    into
        DataPoint
        (xval, yval, description, id) 
    values
        (?, ?, ?, ?)
14:11:02,840 DEBUG SQL:104 - 
    insert 
    into
        DataPoint
        (xval, yval, description, id) 
    values
        (?, ?, ?, ?)
14:11:02,840 DEBUG SQL:104 - 
    insert 
    into
        DataPoint
        (xval, yval, description, id) 
    values
        (?, ?, ?, ?)
14:11:02,840 DEBUG SQL:104 - 
    insert 
    into
        DataPoint
        (xval, yval, description, id) 
    values
        (?, ?, ?, ?)
14:11:02,840 DEBUG SQL:104 - 
    insert 
    into
        DataPoint
        (xval, yval, description, id) 
    values
        (?, ?, ?, ?)
14:11:02,870 DEBUG SQL:104 - 
    insert 
    into
        DataPoint
        (xval, yval, description, id) 
    values
        (?, ?, ?, ?)
14:11:02,871 DEBUG SQL:104 - 
    insert 
    into
        DataPoint
        (xval, yval, description, id) 
    values
        (?, ?, ?, ?)
14:11:02,871 DEBUG SQL:104 - 
    insert 
    into
        DataPoint
        (xval, yval, description, id) 
    values
        (?, ?, ?, ?)
14:11:02,871 DEBUG SQL:104 - 
    insert 
    into
        DataPoint
        (xval, yval, description, id) 
    values
        (?, ?, ?, ?)
14:11:02,906 DEBUG SQL:104 - 
    insert 
    into
        DataPoint
        (xval, yval, description, id) 
    values
        (?, ?, ?, ?)
14:11:02,907 DEBUG SQL:104 - 
    insert 
    into
        DataPoint
        (xval, yval, description, id) 
    values
        (?, ?, ?, ?)
14:11:02,908 DEBUG SQL:104 - 
    insert 
    into
        DataPoint
        (xval, yval, description, id) 
    values
        (?, ?, ?, ?)
14:11:02,908 DEBUG SQL:104 - 
    insert 
    into
        DataPoint
        (xval, yval, description, id) 
    values
        (?, ?, ?, ?)
14:11:02,909 DEBUG SQL:104 - 
    insert 
    into
        DataPoint
        (xval, yval, description, id) 
    values
        (?, ?, ?, ?)
14:11:02,921 DEBUG SQL:104 - 
    insert 
    into
        DataPoint
        (xval, yval, description, id) 
    values
        (?, ?, ?, ?)
14:11:02,922 DEBUG SQL:104 - 
    insert 
    into
        DataPoint
        (xval, yval, description, id) 
    values
        (?, ?, ?, ?)
14:11:02,922 DEBUG SQL:104 - 
    insert 
    into
        DataPoint
        (xval, yval, description, id) 
    values
        (?, ?, ?, ?)
14:11:02,922 DEBUG SQL:104 - 
    insert 
    into
        DataPoint
        (xval, yval, description, id) 
    values
        (?, ?, ?, ?)
14:11:02,935 DEBUG SQL:104 - 
    insert 
    into
        DataPoint
        (xval, yval, description, id) 
    values
        (?, ?, ?, ?)
14:11:02,936 DEBUG SQL:104 - 
    insert 
    into
        DataPoint
        (xval, yval, description, id) 
    values
        (?, ?, ?, ?)
14:11:02,936 DEBUG SQL:104 - 
    insert 
    into
        DataPoint
        (xval, yval, description, id) 
    values
        (?, ?, ?, ?)
14:11:02,937 DEBUG SQL:104 - 
    insert 
    into
        DataPoint
        (xval, yval, description, id) 
    values
        (?, ?, ?, ?)
14:11:02,937 DEBUG SQL:104 - 
    insert 
    into
        DataPoint
        (xval, yval, description, id) 
    values
        (?, ?, ?, ?)
14:11:02,937 DEBUG SQL:104 - 
    insert 
    into
        DataPoint
        (xval, yval, description, id) 
    values
        (?, ?, ?, ?)
14:11:02,937 DEBUG SQL:104 - 
    insert 
    into
        DataPoint
        (xval, yval, description, id) 
    values
        (?, ?, ?, ?)
14:11:02,938 DEBUG SQL:104 - 
    insert 
    into
        DataPoint
        (xval, yval, description, id) 
    values
        (?, ?, ?, ?)
14:11:02,938 DEBUG SQL:104 - 
    insert 
    into
        DataPoint
        (xval, yval, description, id) 
    values
        (?, ?, ?, ?)
14:11:02,953 DEBUG SQL:104 - 
    insert 
    into
        DataPoint
        (xval, yval, description, id) 
    values
        (?, ?, ?, ?)
14:11:02,953 DEBUG SQL:104 - 
    insert 
    into
        DataPoint
        (xval, yval, description, id) 
    values
        (?, ?, ?, ?)
14:11:02,954 DEBUG SQL:104 - 
    insert 
    into
        DataPoint
        (xval, yval, description, id) 
    values
        (?, ?, ?, ?)
14:11:02,954 DEBUG SQL:104 - 
    insert 
    into
        DataPoint
        (xval, yval, description, id) 
    values
        (?, ?, ?, ?)
14:11:02,980 DEBUG SQL:104 - 
    insert 
    into
        DataPoint
        (xval, yval, description, id) 
    values
        (?, ?, ?, ?)
14:11:02,980 DEBUG SQL:104 - 
    insert 
    into
        DataPoint
        (xval, yval, description, id) 
    values
        (?, ?, ?, ?)
14:11:02,981 DEBUG SQL:104 - 
    insert 
    into
        DataPoint
        (xval, yval, description, id) 
    values
        (?, ?, ?, ?)
14:11:02,981 DEBUG SQL:104 - 
    insert 
    into
        DataPoint
        (xval, yval, description, id) 
    values
        (?, ?, ?, ?)
14:11:02,981 DEBUG SQL:104 - 
    insert 
    into
        DataPoint
        (xval, yval, description, id) 
    values
        (?, ?, ?, ?)
14:11:02,982 DEBUG SQL:104 - 
    insert 
    into
        DataPoint
        (xval, yval, description, id) 
    values
        (?, ?, ?, ?)
14:11:02,982 DEBUG SQL:104 - 
    insert 
    into
        DataPoint
        (xval, yval, description, id) 
    values
        (?, ?, ?, ?)
14:11:03,008 DEBUG SQL:104 - 
    insert 
    into
        DataPoint
        (xval, yval, description, id) 
    values
        (?, ?, ?, ?)
14:11:03,009 DEBUG SQL:104 - 
    insert 
    into
        DataPoint
        (xval, yval, description, id) 
    values
        (?, ?, ?, ?)
14:11:03,009 DEBUG SQL:104 - 
    insert 
    into
        DataPoint
        (xval, yval, description, id) 
    values
        (?, ?, ?, ?)
14:11:03,009 DEBUG SQL:104 - 
    insert 
    into
        DataPoint
        (xval, yval, description, id) 
    values
        (?, ?, ?, ?)
14:11:03,021 DEBUG SQL:104 - 
    insert 
    into
        DataPoint
        (xval, yval, description, id) 
    values
        (?, ?, ?, ?)
14:11:03,021 DEBUG SQL:104 - 
    insert 
    into
        DataPoint
        (xval, yval, description, id) 
    values
        (?, ?, ?, ?)
14:11:03,021 DEBUG SQL:104 - 
    insert 
    into
        DataPoint
        (xval, yval, description, id) 
    values
        (?, ?, ?, ?)
14:11:03,022 DEBUG SQL:104 - 
    insert 
    into
        DataPoint
        (xval, yval, description, id) 
    values
        (?, ?, ?, ?)
14:11:03,034 DEBUG SQL:104 - 
    insert 
    into
        DataPoint
        (xval, yval, description, id) 
    values
        (?, ?, ?, ?)
14:11:03,035 DEBUG SQL:104 - 
    insert 
    into
        DataPoint
        (xval, yval, description, id) 
    values
        (?, ?, ?, ?)
14:11:03,035 DEBUG SQL:104 - 
    insert 
    into
        DataPoint
        (xval, yval, description, id) 
    values
        (?, ?, ?, ?)
14:11:03,035 DEBUG SQL:104 - 
    insert 
    into
        DataPoint
        (xval, yval, description, id) 
    values
        (?, ?, ?, ?)
14:11:03,036 DEBUG SQL:104 - 
    insert 
    into
        DataPoint
        (xval, yval, description, id) 
    values
        (?, ?, ?, ?)
14:11:03,046 DEBUG SQL:104 - 
    insert 
    into
        DataPoint
        (xval, yval, description, id) 
    values
        (?, ?, ?, ?)
14:11:03,047 DEBUG SQL:104 - 
    insert 
    into
        DataPoint
        (xval, yval, description, id) 
    values
        (?, ?, ?, ?)
14:11:03,047 DEBUG SQL:104 - 
    insert 
    into
        DataPoint
        (xval, yval, description, id) 
    values
        (?, ?, ?, ?)
14:11:03,047 DEBUG SQL:104 - 
    insert 
    into
        DataPoint
        (xval, yval, description, id) 
    values
        (?, ?, ?, ?)
14:11:03,059 DEBUG SQL:104 - 
    insert 
    into
        DataPoint
        (xval, yval, description, id) 
    values
        (?, ?, ?, ?)
14:11:03,059 DEBUG SQL:104 - 
    insert 
    into
        DataPoint
        (xval, yval, description, id) 
    values
        (?, ?, ?, ?)
14:11:03,060 DEBUG SQL:104 - 
    insert 
    into
        DataPoint
        (xval, yval, description, id) 
    values
        (?, ?, ?, ?)
14:11:03,060 DEBUG SQL:104 - 
    insert 
    into
        DataPoint
        (xval, yval, description, id) 
    values
        (?, ?, ?, ?)
14:11:03,119 DEBUG SQL:104 - 
    insert 
    into
        DataPoint
        (xval, yval, description, id) 
    values
        (?, ?, ?, ?)
14:11:03,120 DEBUG SQL:104 - 
    insert 
    into
        DataPoint
        (xval, yval, description, id) 
    values
        (?, ?, ?, ?)
14:11:03,120 DEBUG SQL:104 - 
    insert 
    into
        DataPoint
        (xval, yval, description, id) 
    values
        (?, ?, ?, ?)
14:11:03,120 DEBUG SQL:104 - 
    insert 
    into
        DataPoint
        (xval, yval, description, id) 
    values
        (?, ?, ?, ?)
14:11:03,120 DEBUG SQL:104 - 
    insert 
    into
        DataPoint
        (xval, yval, description, id) 
    values
        (?, ?, ?, ?)
14:11:03,121 DEBUG SQL:104 - 
    insert 
    into
        DataPoint
        (xval, yval, description, id) 
    values
        (?, ?, ?, ?)
14:11:03,121 DEBUG SQL:104 - 
    insert 
    into
        DataPoint
        (xval, yval, description, id) 
    values
        (?, ?, ?, ?)
14:11:03,121 DEBUG SQL:104 - 
    insert 
    into
        DataPoint
        (xval, yval, description, id) 
    values
        (?, ?, ?, ?)
14:11:03,121 DEBUG SQL:104 - 
    insert 
    into
        DataPoint
        (xval, yval, description, id) 
    values
        (?, ?, ?, ?)
14:11:03,136 DEBUG SQL:104 - 
    insert 
    into
        DataPoint
        (xval, yval, description, id) 
    values
        (?, ?, ?, ?)
14:11:03,137 DEBUG SQL:104 - 
    insert 
    into
        DataPoint
        (xval, yval, description, id) 
    values
        (?, ?, ?, ?)
14:11:03,137 DEBUG SQL:104 - 
    insert 
    into
        DataPoint
        (xval, yval, description, id) 
    values
        (?, ?, ?, ?)
14:11:03,138 DEBUG SQL:104 - 
    insert 
    into
        DataPoint
        (xval, yval, description, id) 
    values
        (?, ?, ?, ?)
14:11:03,153 DEBUG SQL:104 - 
    insert 
    into
        DataPoint
        (xval, yval, description, id) 
    values
        (?, ?, ?, ?)
14:11:03,154 DEBUG SQL:104 - 
    insert 
    into
        DataPoint
        (xval, yval, description, id) 
    values
        (?, ?, ?, ?)
14:11:03,154 DEBUG SQL:104 - 
    insert 
    into
        DataPoint
        (xval, yval, description, id) 
    values
        (?, ?, ?, ?)
14:11:03,154 DEBUG SQL:104 - 
    insert 
    into
        DataPoint
        (xval, yval, description, id) 
    values
        (?, ?, ?, ?)
14:11:03,154 DEBUG SQL:104 - 
    insert 
    into
        DataPoint
        (xval, yval, description, id) 
    values
        (?, ?, ?, ?)
14:11:03,154 DEBUG SQL:104 - 
    insert 
    into
        DataPoint
        (xval, yval, description, id) 
    values
        (?, ?, ?, ?)
14:11:03,155 DEBUG SQL:104 - 
    insert 
    into
        DataPoint
        (xval, yval, description, id) 
    values
        (?, ?, ?, ?)
14:11:03,187 DEBUG SQL:104 - 
    insert 
    into
        DataPoint
        (xval, yval, description, id) 
    values
        (?, ?, ?, ?)
14:11:03,188 DEBUG SQL:104 - 
    insert 
    into
        DataPoint
        (xval, yval, description, id) 
    values
        (?, ?, ?, ?)
14:11:03,188 DEBUG SQL:104 - 
    insert 
    into
        DataPoint
        (xval, yval, description, id) 
    values
        (?, ?, ?, ?)
14:11:03,188 DEBUG SQL:104 - 
    insert 
    into
        DataPoint
        (xval, yval, description, id) 
    values
        (?, ?, ?, ?)
14:11:03,192 DEBUG SQL:104 - 
    insert 
    into
        DataPoint
        (xval, yval, description, id) 
    values
        (?, ?, ?, ?)
14:11:03,193 DEBUG SQL:104 - 
    insert 
    into
        DataPoint
        (xval, yval, description, id) 
    values
        (?, ?, ?, ?)
14:11:03,193 DEBUG SQL:104 - 
    insert 
    into
        DataPoint
        (xval, yval, description, id) 
    values
        (?, ?, ?, ?)
14:11:03,193 DEBUG SQL:104 - 
    insert 
    into
        DataPoint
        (xval, yval, description, id) 
    values
        (?, ?, ?, ?)
14:11:03,193 DEBUG SQL:104 - 
    insert 
    into
        DataPoint
        (xval, yval, description, id) 
    values
        (?, ?, ?, ?)
14:11:03,208 DEBUG SQL:104 - 
    insert 
    into
        DataPoint
        (xval, yval, description, id) 
    values
        (?, ?, ?, ?)
14:11:03,209 DEBUG SQL:104 - 
    insert 
    into
        DataPoint
        (xval, yval, description, id) 
    values
        (?, ?, ?, ?)
14:11:03,209 DEBUG SQL:104 - 
    insert 
    into
        DataPoint
        (xval, yval, description, id) 
    values
        (?, ?, ?, ?)
14:11:03,210 DEBUG SQL:104 - 
    insert 
    into
        DataPoint
        (xval, yval, description, id) 
    values
        (?, ?, ?, ?)
14:11:03,218 DEBUG SQL:104 - 
    insert 
    into
        DataPoint
        (xval, yval, description, id) 
    values
        (?, ?, ?, ?)
14:11:03,219 DEBUG SQL:104 - 
    insert 
    into
        DataPoint
        (xval, yval, description, id) 
    values
        (?, ?, ?, ?)
14:11:03,219 DEBUG SQL:104 - 
    insert 
    into
        DataPoint
        (xval, yval, description, id) 
    values
        (?, ?, ?, ?)
14:11:03,219 DEBUG SQL:104 - 
    insert 
    into
        DataPoint
        (xval, yval, description, id) 
    values
        (?, ?, ?, ?)
14:11:03,240 DEBUG SQL:104 - 
    insert 
    into
        DataPoint
        (xval, yval, description, id) 
    values
        (?, ?, ?, ?)
14:11:03,241 DEBUG SQL:104 - 
    insert 
    into
        DataPoint
        (xval, yval, description, id) 
    values
        (?, ?, ?, ?)
14:11:03,241 DEBUG SQL:104 - 
    insert 
    into
        DataPoint
        (xval, yval, description, id) 
    values
        (?, ?, ?, ?)
14:11:03,241 DEBUG SQL:104 - 
    insert 
    into
        DataPoint
        (xval, yval, description, id) 
    values
        (?, ?, ?, ?)
14:11:03,242 DEBUG SQL:104 - 
    insert 
    into
        DataPoint
        (xval, yval, description, id) 
    values
        (?, ?, ?, ?)
14:11:03,256 DEBUG SQL:104 - 
    insert 
    into
        DataPoint
        (xval, yval, description, id) 
    values
        (?, ?, ?, ?)
14:11:03,257 DEBUG SQL:104 - 
    insert 
    into
        DataPoint
        (xval, yval, description, id) 
    values
        (?, ?, ?, ?)
14:11:03,257 DEBUG SQL:104 - 
    insert 
    into
        DataPoint
        (xval, yval, description, id) 
    values
        (?, ?, ?, ?)
14:11:03,258 DEBUG SQL:104 - 
    insert 
    into
        DataPoint
        (xval, yval, description, id) 
    values
        (?, ?, ?, ?)
14:11:03,258 DEBUG SQL:104 - 
    insert 
    into
        DataPoint
        (xval, yval, description, id) 
    values
        (?, ?, ?, ?)
14:11:03,258 DEBUG SQL:104 - 
    insert 
    into
        DataPoint
        (xval, yval, description, id) 
    values
        (?, ?, ?, ?)
14:11:03,258 DEBUG SQL:104 - 
    insert 
    into
        DataPoint
        (xval, yval, description, id) 
    values
        (?, ?, ?, ?)
14:11:03,258 DEBUG SQL:104 - 
    insert 
    into
        DataPoint
        (xval, yval, description, id) 
    values
        (?, ?, ?, ?)
14:11:03,297 DEBUG SQL:104 - 
    insert 
    into
        DataPoint
        (xval, yval, description, id) 
    values
        (?, ?, ?, ?)
14:11:03,298 DEBUG SQL:104 - 
    insert 
    into
        DataPoint
        (xval, yval, description, id) 
    values
        (?, ?, ?, ?)
14:11:03,299 DEBUG SQL:104 - 
    insert 
    into
        DataPoint
        (xval, yval, description, id) 
    values
        (?, ?, ?, ?)
14:11:03,299 DEBUG SQL:104 - 
    insert 
    into
        DataPoint
        (xval, yval, description, id) 
    values
        (?, ?, ?, ?)
14:11:03,299 DEBUG SQL:104 - 
    insert 
    into
        DataPoint
        (xval, yval, description, id) 
    values
        (?, ?, ?, ?)
14:11:03,320 DEBUG SQL:104 - 
    insert 
    into
        DataPoint
        (xval, yval, description, id) 
    values
        (?, ?, ?, ?)
14:11:03,321 DEBUG SQL:104 - 
    insert 
    into
        DataPoint
        (xval, yval, description, id) 
    values
        (?, ?, ?, ?)
14:11:03,321 DEBUG SQL:104 - 
    insert 
    into
        DataPoint
        (xval, yval, description, id) 
    values
        (?, ?, ?, ?)
14:11:03,321 DEBUG SQL:104 - 
    insert 
    into
        DataPoint
        (xval, yval, description, id) 
    values
        (?, ?, ?, ?)
14:11:03,321 DEBUG SQL:104 - 
    insert 
    into
        DataPoint
        (xval, yval, description, id) 
    values
        (?, ?, ?, ?)
14:11:03,321 DEBUG SQL:104 - 
    insert 
    into
        DataPoint
        (xval, yval, description, id) 
    values
        (?, ?, ?, ?)
14:11:03,336 DEBUG SQL:104 - 
    insert 
    into
        DataPoint
        (xval, yval, description, id) 
    values
        (?, ?, ?, ?)
14:11:03,347 DEBUG SQL:104 - 
    insert 
    into
        DataPoint
        (xval, yval, description, id) 
    values
        (?, ?, ?, ?)
14:11:03,348 DEBUG SQL:104 - 
    insert 
    into
        DataPoint
        (xval, yval, description, id) 
    values
        (?, ?, ?, ?)
14:11:03,348 DEBUG SQL:104 - 
    insert 
    into
        DataPoint
        (xval, yval, description, id) 
    values
        (?, ?, ?, ?)
14:11:03,348 DEBUG SQL:104 - 
    insert 
    into
        DataPoint
        (xval, yval, description, id) 
    values
        (?, ?, ?, ?)
14:11:03,359 DEBUG SQL:104 - 
    insert 
    into
        DataPoint
        (xval, yval, description, id) 
    values
        (?, ?, ?, ?)
14:11:03,360 DEBUG SQL:104 - 
    insert 
    into
        DataPoint
        (xval, yval, description, id) 
    values
        (?, ?, ?, ?)
14:11:03,360 DEBUG SQL:104 - 
    insert 
    into
        DataPoint
        (xval, yval, description, id) 
    values
        (?, ?, ?, ?)
14:11:03,360 DEBUG SQL:104 - 
    insert 
    into
        DataPoint
        (xval, yval, description, id) 
    values
        (?, ?, ?, ?)
14:11:03,373 DEBUG SQL:104 - 
    insert 
    into
        DataPoint
        (xval, yval, description, id) 
    values
        (?, ?, ?, ?)
14:11:03,374 DEBUG SQL:104 - 
    insert 
    into
        DataPoint
        (xval, yval, description, id) 
    values
        (?, ?, ?, ?)
14:11:03,374 DEBUG SQL:104 - 
    insert 
    into
        DataPoint
        (xval, yval, description, id) 
    values
        (?, ?, ?, ?)
14:11:03,375 DEBUG SQL:104 - 
    insert 
    into
        DataPoint
        (xval, yval, description, id) 
    values
        (?, ?, ?, ?)
14:11:03,386 DEBUG SQL:104 - 
    insert 
    into
        DataPoint
        (xval, yval, description, id) 
    values
        (?, ?, ?, ?)
14:11:03,393 DEBUG SQL:104 - 
    insert 
    into
        DataPoint
        (xval, yval, description, id) 
    values
        (?, ?, ?, ?)
14:11:03,394 DEBUG SQL:104 - 
    insert 
    into
        DataPoint
        (xval, yval, description, id) 
    values
        (?, ?, ?, ?)
14:11:03,394 DEBUG SQL:104 - 
    insert 
    into
        DataPoint
        (xval, yval, description, id) 
    values
        (?, ?, ?, ?)
14:11:03,394 DEBUG SQL:104 - 
    insert 
    into
        DataPoint
        (xval, yval, description, id) 
    values
        (?, ?, ?, ?)
14:11:03,394 DEBUG SQL:104 - 
    insert 
    into
        DataPoint
        (xval, yval, description, id) 
    values
        (?, ?, ?, ?)
14:11:03,394 DEBUG SQL:104 - 
    insert 
    into
        DataPoint
        (xval, yval, description, id) 
    values
        (?, ?, ?, ?)
14:11:03,394 DEBUG SQL:104 - 
    insert 
    into
        DataPoint
        (xval, yval, description, id) 
    values
        (?, ?, ?, ?)
14:11:03,395 DEBUG SQL:104 - 
    insert 
    into
        DataPoint
        (xval, yval, description, id) 
    values
        (?, ?, ?, ?)
14:11:03,414 DEBUG SQL:104 - 
    insert 
    into
        DataPoint
        (xval, yval, description, id) 
    values
        (?, ?, ?, ?)
14:11:03,415 DEBUG SQL:104 - 
    insert 
    into
        DataPoint
        (xval, yval, description, id) 
    values
        (?, ?, ?, ?)
14:11:03,415 DEBUG SQL:104 - 
    insert 
    into
        DataPoint
        (xval, yval, description, id) 
    values
        (?, ?, ?, ?)
14:11:03,415 DEBUG SQL:104 - 
    insert 
    into
        DataPoint
        (xval, yval, description, id) 
    values
        (?, ?, ?, ?)
14:11:03,415 DEBUG SQL:104 - 
    insert 
    into
        DataPoint
        (xval, yval, description, id) 
    values
        (?, ?, ?, ?)
14:11:03,426 DEBUG SQL:104 - 
    insert 
    into
        DataPoint
        (xval, yval, description, id) 
    values
        (?, ?, ?, ?)
14:11:03,426 DEBUG SQL:104 - 
    insert 
    into
        DataPoint
        (xval, yval, description, id) 
    values
        (?, ?, ?, ?)
14:11:03,427 DEBUG SQL:104 - 
    insert 
    into
        DataPoint
        (xval, yval, description, id) 
    values
        (?, ?, ?, ?)
14:11:03,427 DEBUG SQL:104 - 
    insert 
    into
        DataPoint
        (xval, yval, description, id) 
    values
        (?, ?, ?, ?)
14:11:03,428 DEBUG SQL:104 - 
    insert 
    into
        DataPoint
        (xval, yval, description, id) 
    values
        (?, ?, ?, ?)
14:11:03,428 DEBUG SQL:104 - 
    insert 
    into
        DataPoint
        (xval, yval, description, id) 
    values
        (?, ?, ?, ?)
14:11:03,450 DEBUG SQL:104 - 
    insert 
    into
        DataPoint
        (xval, yval, description, id) 
    values
        (?, ?, ?, ?)
14:11:03,450 DEBUG SQL:104 - 
    insert 
    into
        DataPoint
        (xval, yval, description, id) 
    values
        (?, ?, ?, ?)
14:11:03,450 DEBUG SQL:104 - 
    insert 
    into
        DataPoint
        (xval, yval, description, id) 
    values
        (?, ?, ?, ?)
14:11:03,451 DEBUG SQL:104 - 
    insert 
    into
        DataPoint
        (xval, yval, description, id) 
    values
        (?, ?, ?, ?)
14:11:03,459 DEBUG SQL:104 - 
    insert 
    into
        DataPoint
        (xval, yval, description, id) 
    values
        (?, ?, ?, ?)
14:11:03,459 DEBUG SQL:104 - 
    insert 
    into
        DataPoint
        (xval, yval, description, id) 
    values
        (?, ?, ?, ?)
14:11:03,460 DEBUG SQL:104 - 
    insert 
    into
        DataPoint
        (xval, yval, description, id) 
    values
        (?, ?, ?, ?)
14:11:03,460 DEBUG SQL:104 - 
    insert 
    into
        DataPoint
        (xval, yval, description, id) 
    values
        (?, ?, ?, ?)
14:11:03,460 DEBUG SQL:104 - 
    insert 
    into
        DataPoint
        (xval, yval, description, id) 
    values
        (?, ?, ?, ?)
14:11:03,469 DEBUG SQL:104 - 
    insert 
    into
        DataPoint
        (xval, yval, description, id) 
    values
        (?, ?, ?, ?)
14:11:03,469 DEBUG SQL:104 - 
    insert 
    into
        DataPoint
        (xval, yval, description, id) 
    values
        (?, ?, ?, ?)
14:11:03,469 DEBUG SQL:104 - 
    insert 
    into
        DataPoint
        (xval, yval, description, id) 
    values
        (?, ?, ?, ?)
14:11:03,469 DEBUG SQL:104 - 
    insert 
    into
        DataPoint
        (xval, yval, description, id) 
    values
        (?, ?, ?, ?)
14:11:03,480 DEBUG SQL:104 - 
    insert 
    into
        DataPoint
        (xval, yval, description, id) 
    values
        (?, ?, ?, ?)
14:11:03,481 DEBUG SQL:104 - 
    insert 
    into
        DataPoint
        (xval, yval, description, id) 
    values
        (?, ?, ?, ?)
14:11:03,481 DEBUG SQL:104 - 
    insert 
    into
        DataPoint
        (xval, yval, description, id) 
    values
        (?, ?, ?, ?)
14:11:03,481 DEBUG SQL:104 - 
    insert 
    into
        DataPoint
        (xval, yval, description, id) 
    values
        (?, ?, ?, ?)
14:11:03,482 DEBUG SQL:104 - 
    insert 
    into
        DataPoint
        (xval, yval, description, id) 
    values
        (?, ?, ?, ?)
14:11:03,493 DEBUG SQL:104 - 
    insert 
    into
        DataPoint
        (xval, yval, description, id) 
    values
        (?, ?, ?, ?)
14:11:03,493 DEBUG SQL:104 - 
    insert 
    into
        DataPoint
        (xval, yval, description, id) 
    values
        (?, ?, ?, ?)
14:11:03,493 DEBUG SQL:104 - 
    insert 
    into
        DataPoint
        (xval, yval, description, id) 
    values
        (?, ?, ?, ?)
14:11:03,494 DEBUG SQL:104 - 
    insert 
    into
        DataPoint
        (xval, yval, description, id) 
    values
        (?, ?, ?, ?)
14:11:03,502 DEBUG SQL:104 - 
    insert 
    into
        DataPoint
        (xval, yval, description, id) 
    values
        (?, ?, ?, ?)
14:11:03,503 DEBUG SQL:104 - 
    insert 
    into
        DataPoint
        (xval, yval, description, id) 
    values
        (?, ?, ?, ?)
14:11:03,503 DEBUG SQL:104 - 
    insert 
    into
        DataPoint
        (xval, yval, description, id) 
    values
        (?, ?, ?, ?)
14:11:03,503 DEBUG SQL:104 - 
    insert 
    into
        DataPoint
        (xval, yval, description, id) 
    values
        (?, ?, ?, ?)
14:11:03,504 DEBUG SQL:104 - 
    insert 
    into
        DataPoint
        (xval, yval, description, id) 
    values
        (?, ?, ?, ?)
14:11:03,504 DEBUG SQL:104 - 
    insert 
    into
        DataPoint
        (xval, yval, description, id) 
    values
        (?, ?, ?, ?)
14:11:03,504 DEBUG SQL:104 - 
    insert 
    into
        DataPoint
        (xval, yval, description, id) 
    values
        (?, ?, ?, ?)
14:11:03,504 DEBUG SQL:104 - 
    insert 
    into
        DataPoint
        (xval, yval, description, id) 
    values
        (?, ?, ?, ?)
14:11:03,505 DEBUG SQL:104 - 
    insert 
    into
        DataPoint
        (xval, yval, description, id) 
    values
        (?, ?, ?, ?)
14:11:03,505 DEBUG SQL:104 - 
    insert 
    into
        DataPoint
        (xval, yval, description, id) 
    values
        (?, ?, ?, ?)
14:11:03,505 DEBUG SQL:104 - 
    insert 
    into
        DataPoint
        (xval, yval, description, id) 
    values
        (?, ?, ?, ?)
14:11:03,518 DEBUG SQL:104 - 
    insert 
    into
        DataPoint
        (xval, yval, description, id) 
    values
        (?, ?, ?, ?)
14:11:03,518 DEBUG SQL:104 - 
    insert 
    into
        DataPoint
        (xval, yval, description, id) 
    values
        (?, ?, ?, ?)
14:11:03,518 DEBUG SQL:104 - 
    insert 
    into
        DataPoint
        (xval, yval, description, id) 
    values
        (?, ?, ?, ?)
14:11:03,518 DEBUG SQL:104 - 
    insert 
    into
        DataPoint
        (xval, yval, description, id) 
    values
        (?, ?, ?, ?)
14:11:03,530 DEBUG SQL:104 - 
    insert 
    into
        DataPoint
        (xval, yval, description, id) 
    values
        (?, ?, ?, ?)
14:11:03,532 DEBUG SQL:104 - 
    insert 
    into
        DataPoint
        (xval, yval, description, id) 
    values
        (?, ?, ?, ?)
14:11:03,532 DEBUG SQL:104 - 
    insert 
    into
        DataPoint
        (xval, yval, description, id) 
    values
        (?, ?, ?, ?)
14:11:03,532 DEBUG SQL:104 - 
    insert 
    into
        DataPoint
        (xval, yval, description, id) 
    values
        (?, ?, ?, ?)
14:11:03,541 DEBUG SQL:104 - 
    insert 
    into
        DataPoint
        (xval, yval, description, id) 
    values
        (?, ?, ?, ?)
14:11:03,541 DEBUG SQL:104 - 
    insert 
    into
        DataPoint
        (xval, yval, description, id) 
    values
        (?, ?, ?, ?)
14:11:03,541 DEBUG SQL:104 - 
    insert 
    into
        DataPoint
        (xval, yval, description, id) 
    values
        (?, ?, ?, ?)
14:11:03,541 DEBUG SQL:104 - 
    insert 
    into
        DataPoint
        (xval, yval, description, id) 
    values
        (?, ?, ?, ?)
14:11:03,542 DEBUG SQL:104 - 
    insert 
    into
        DataPoint
        (xval, yval, description, id) 
    values
        (?, ?, ?, ?)
14:11:03,542 DEBUG SQL:104 - 
    insert 
    into
        DataPoint
        (xval, yval, description, id) 
    values
        (?, ?, ?, ?)
14:11:03,542 DEBUG SQL:104 - 
    insert 
    into
        DataPoint
        (xval, yval, description, id) 
    values
        (?, ?, ?, ?)
14:11:03,563 DEBUG SQL:104 - 
    insert 
    into
        DataPoint
        (xval, yval, description, id) 
    values
        (?, ?, ?, ?)
14:11:03,564 DEBUG SQL:104 - 
    insert 
    into
        DataPoint
        (xval, yval, description, id) 
    values
        (?, ?, ?, ?)
14:11:03,564 DEBUG SQL:104 - 
    insert 
    into
        DataPoint
        (xval, yval, description, id) 
    values
        (?, ?, ?, ?)
14:11:03,564 DEBUG SQL:104 - 
    insert 
    into
        DataPoint
        (xval, yval, description, id) 
    values
        (?, ?, ?, ?)
14:11:03,574 DEBUG SQL:104 - 
    insert 
    into
        DataPoint
        (xval, yval, description, id) 
    values
        (?, ?, ?, ?)
14:11:03,574 DEBUG SQL:104 - 
    insert 
    into
        DataPoint
        (xval, yval, description, id) 
    values
        (?, ?, ?, ?)
14:11:03,574 DEBUG SQL:104 - 
    insert 
    into
        DataPoint
        (xval, yval, description, id) 
    values
        (?, ?, ?, ?)
14:11:03,575 DEBUG SQL:104 - 
    insert 
    into
        DataPoint
        (xval, yval, description, id) 
    values
        (?, ?, ?, ?)
14:11:03,575 DEBUG SQL:104 - 
    insert 
    into
        DataPoint
        (xval, yval, description, id) 
    values
        (?, ?, ?, ?)
14:11:03,585 DEBUG SQL:104 - 
    insert 
    into
        DataPoint
        (xval, yval, description, id) 
    values
        (?, ?, ?, ?)
14:11:03,586 DEBUG SQL:104 - 
    insert 
    into
        DataPoint
        (xval, yval, description, id) 
    values
        (?, ?, ?, ?)
14:11:03,586 DEBUG SQL:104 - 
    insert 
    into
        DataPoint
        (xval, yval, description, id) 
    values
        (?, ?, ?, ?)
14:11:03,586 DEBUG SQL:104 - 
    insert 
    into
        DataPoint
        (xval, yval, description, id) 
    values
        (?, ?, ?, ?)
14:11:03,595 DEBUG SQL:104 - 
    insert 
    into
        DataPoint
        (xval, yval, description, id) 
    values
        (?, ?, ?, ?)
14:11:03,596 DEBUG SQL:104 - 
    insert 
    into
        DataPoint
        (xval, yval, description, id) 
    values
        (?, ?, ?, ?)
14:11:03,596 DEBUG SQL:104 - 
    insert 
    into
        DataPoint
        (xval, yval, description, id) 
    values
        (?, ?, ?, ?)
14:11:03,596 DEBUG SQL:104 - 
    insert 
    into
        DataPoint
        (xval, yval, description, id) 
    values
        (?, ?, ?, ?)
14:11:03,606 DEBUG SQL:104 - 
    insert 
    into
        DataPoint
        (xval, yval, description, id) 
    values
        (?, ?, ?, ?)
14:11:03,606 DEBUG SQL:104 - 
    insert 
    into
        DataPoint
        (xval, yval, description, id) 
    values
        (?, ?, ?, ?)
14:11:03,607 DEBUG SQL:104 - 
    insert 
    into
        DataPoint
        (xval, yval, description, id) 
    values
        (?, ?, ?, ?)
14:11:03,607 DEBUG SQL:104 - 
    insert 
    into
        DataPoint
        (xval, yval, description, id) 
    values
        (?, ?, ?, ?)
14:11:03,607 DEBUG SQL:104 - 
    insert 
    into
        DataPoint
        (xval, yval, description, id) 
    values
        (?, ?, ?, ?)
14:11:03,617 DEBUG SQL:104 - 
    insert 
    into
        DataPoint
        (xval, yval, description, id) 
    values
        (?, ?, ?, ?)
14:11:03,617 DEBUG SQL:104 - 
    insert 
    into
        DataPoint
        (xval, yval, description, id) 
    values
        (?, ?, ?, ?)
14:11:03,617 DEBUG SQL:104 - 
    insert 
    into
        DataPoint
        (xval, yval, description, id) 
    values
        (?, ?, ?, ?)
14:11:03,617 DEBUG SQL:104 - 
    insert 
    into
        DataPoint
        (xval, yval, description, id) 
    values
        (?, ?, ?, ?)
14:11:03,627 DEBUG SQL:104 - 
    insert 
    into
        DataPoint
        (xval, yval, description, id) 
    values
        (?, ?, ?, ?)
14:11:03,627 DEBUG SQL:104 - 
    insert 
    into
        DataPoint
        (xval, yval, description, id) 
    values
        (?, ?, ?, ?)
14:11:03,627 DEBUG SQL:104 - 
    insert 
    into
        DataPoint
        (xval, yval, description, id) 
    values
        (?, ?, ?, ?)
14:11:03,628 DEBUG SQL:104 - 
    insert 
    into
        DataPoint
        (xval, yval, description, id) 
    values
        (?, ?, ?, ?)
14:11:03,638 DEBUG SQL:104 - 
    insert 
    into
        DataPoint
        (xval, yval, description, id) 
    values
        (?, ?, ?, ?)
14:11:03,638 DEBUG SQL:104 - 
    insert 
    into
        DataPoint
        (xval, yval, description, id) 
    values
        (?, ?, ?, ?)
14:11:03,638 DEBUG SQL:104 - 
    insert 
    into
        DataPoint
        (xval, yval, description, id) 
    values
        (?, ?, ?, ?)
14:11:03,638 DEBUG SQL:104 - 
    insert 
    into
        DataPoint
        (xval, yval, description, id) 
    values
        (?, ?, ?, ?)
14:11:03,639 DEBUG SQL:104 - 
    insert 
    into
        DataPoint
        (xval, yval, description, id) 
    values
        (?, ?, ?, ?)
14:11:03,649 DEBUG SQL:104 - 
    insert 
    into
        DataPoint
        (xval, yval, description, id) 
    values
        (?, ?, ?, ?)
14:11:03,649 DEBUG SQL:104 - 
    insert 
    into
        DataPoint
        (xval, yval, description, id) 
    values
        (?, ?, ?, ?)
14:11:03,649 DEBUG SQL:104 - 
    insert 
    into
        DataPoint
        (xval, yval, description, id) 
    values
        (?, ?, ?, ?)
14:11:03,650 DEBUG SQL:104 - 
    insert 
    into
        DataPoint
        (xval, yval, description, id) 
    values
        (?, ?, ?, ?)
14:11:03,650 DEBUG SQL:104 - 
    insert 
    into
        DataPoint
        (xval, yval, description, id) 
    values
        (?, ?, ?, ?)
14:11:03,650 DEBUG SQL:104 - 
    insert 
    into
        DataPoint
        (xval, yval, description, id) 
    values
        (?, ?, ?, ?)
14:11:03,650 DEBUG SQL:104 - 
    insert 
    into
        DataPoint
        (xval, yval, description, id) 
    values
        (?, ?, ?, ?)
14:11:03,650 DEBUG SQL:104 - 
    insert 
    into
        DataPoint
        (xval, yval, description, id) 
    values
        (?, ?, ?, ?)
14:11:03,661 DEBUG SQL:104 - 
    insert 
    into
        DataPoint
        (xval, yval, description, id) 
    values
        (?, ?, ?, ?)
14:11:03,662 DEBUG SQL:104 - 
    insert 
    into
        DataPoint
        (xval, yval, description, id) 
    values
        (?, ?, ?, ?)
14:11:03,662 DEBUG SQL:104 - 
    insert 
    into
        DataPoint
        (xval, yval, description, id) 
    values
        (?, ?, ?, ?)
14:11:03,662 DEBUG SQL:104 - 
    insert 
    into
        DataPoint
        (xval, yval, description, id) 
    values
        (?, ?, ?, ?)
14:11:03,662 DEBUG SQL:104 - 
    insert 
    into
        DataPoint
        (xval, yval, description, id) 
    values
        (?, ?, ?, ?)
14:11:03,672 DEBUG SQL:104 - 
    insert 
    into
        DataPoint
        (xval, yval, description, id) 
    values
        (?, ?, ?, ?)
14:11:03,673 DEBUG SQL:104 - 
    insert 
    into
        DataPoint
        (xval, yval, description, id) 
    values
        (?, ?, ?, ?)
14:11:03,673 DEBUG SQL:104 - 
    insert 
    into
        DataPoint
        (xval, yval, description, id) 
    values
        (?, ?, ?, ?)
14:11:03,674 DEBUG SQL:104 - 
    insert 
    into
        DataPoint
        (xval, yval, description, id) 
    values
        (?, ?, ?, ?)
14:11:03,674 DEBUG SQL:104 - 
    insert 
    into
        DataPoint
        (xval, yval, description, id) 
    values
        (?, ?, ?, ?)
14:11:03,674 DEBUG SQL:104 - 
    insert 
    into
        DataPoint
        (xval, yval, description, id) 
    values
        (?, ?, ?, ?)
14:11:03,695 DEBUG SQL:104 - 
    insert 
    into
        DataPoint
        (xval, yval, description, id) 
    values
        (?, ?, ?, ?)
14:11:03,695 DEBUG SQL:104 - 
    insert 
    into
        DataPoint
        (xval, yval, description, id) 
    values
        (?, ?, ?, ?)
14:11:03,695 DEBUG SQL:104 - 
    insert 
    into
        DataPoint
        (xval, yval, description, id) 
    values
        (?, ?, ?, ?)
14:11:03,695 DEBUG SQL:104 - 
    insert 
    into
        DataPoint
        (xval, yval, description, id) 
    values
        (?, ?, ?, ?)
14:11:03,695 DEBUG SQL:104 - 
    insert 
    into
        DataPoint
        (xval, yval, description, id) 
    values
        (?, ?, ?, ?)
14:11:03,704 DEBUG SQL:104 - 
    insert 
    into
        DataPoint
        (xval, yval, description, id) 
    values
        (?, ?, ?, ?)
14:11:03,705 DEBUG SQL:104 - 
    insert 
    into
        DataPoint
        (xval, yval, description, id) 
    values
        (?, ?, ?, ?)
14:11:03,705 DEBUG SQL:104 - 
    insert 
    into
        DataPoint
        (xval, yval, description, id) 
    values
        (?, ?, ?, ?)
14:11:03,705 DEBUG SQL:104 - 
    insert 
    into
        DataPoint
        (xval, yval, description, id) 
    values
        (?, ?, ?, ?)
14:11:03,714 DEBUG SQL:104 - 
    insert 
    into
        DataPoint
        (xval, yval, description, id) 
    values
        (?, ?, ?, ?)
14:11:03,715 DEBUG SQL:104 - 
    insert 
    into
        DataPoint
        (xval, yval, description, id) 
    values
        (?, ?, ?, ?)
14:11:03,715 DEBUG SQL:104 - 
    insert 
    into
        DataPoint
        (xval, yval, description, id) 
    values
        (?, ?, ?, ?)
14:11:03,715 DEBUG SQL:104 - 
    insert 
    into
        DataPoint
        (xval, yval, description, id) 
    values
        (?, ?, ?, ?)
14:11:03,725 DEBUG SQL:104 - 
    insert 
    into
        DataPoint
        (xval, yval, description, id) 
    values
        (?, ?, ?, ?)
14:11:03,725 DEBUG SQL:104 - 
    insert 
    into
        DataPoint
        (xval, yval, description, id) 
    values
        (?, ?, ?, ?)
14:11:03,725 DEBUG SQL:104 - 
    insert 
    into
        DataPoint
        (xval, yval, description, id) 
    values
        (?, ?, ?, ?)
14:11:03,726 DEBUG SQL:104 - 
    insert 
    into
        DataPoint
        (xval, yval, description, id) 
    values
        (?, ?, ?, ?)
14:11:03,726 DEBUG SQL:104 - 
    insert 
    into
        DataPoint
        (xval, yval, description, id) 
    values
        (?, ?, ?, ?)
14:11:03,736 DEBUG SQL:104 - 
    insert 
    into
        DataPoint
        (xval, yval, description, id) 
    values
        (?, ?, ?, ?)
14:11:03,736 DEBUG SQL:104 - 
    insert 
    into
        DataPoint
        (xval, yval, description, id) 
    values
        (?, ?, ?, ?)
14:11:03,736 DEBUG SQL:104 - 
    insert 
    into
        DataPoint
        (xval, yval, description, id) 
    values
        (?, ?, ?, ?)
14:11:03,736 DEBUG SQL:104 - 
    insert 
    into
        DataPoint
        (xval, yval, description, id) 
    values
        (?, ?, ?, ?)
14:11:03,746 DEBUG SQL:104 - 
    insert 
    into
        DataPoint
        (xval, yval, description, id) 
    values
        (?, ?, ?, ?)
14:11:03,746 DEBUG SQL:104 - 
    insert 
    into
        DataPoint
        (xval, yval, description, id) 
    values
        (?, ?, ?, ?)
14:11:03,746 DEBUG SQL:104 - 
    insert 
    into
        DataPoint
        (xval, yval, description, id) 
    values
        (?, ?, ?, ?)
14:11:03,747 DEBUG SQL:104 - 
    insert 
    into
        DataPoint
        (xval, yval, description, id) 
    values
        (?, ?, ?, ?)
14:11:03,756 DEBUG SQL:104 - 
    insert 
    into
        DataPoint
        (xval, yval, description, id) 
    values
        (?, ?, ?, ?)
14:11:03,756 DEBUG SQL:104 - 
    insert 
    into
        DataPoint
        (xval, yval, description, id) 
    values
        (?, ?, ?, ?)
14:11:03,756 DEBUG SQL:104 - 
    insert 
    into
        DataPoint
        (xval, yval, description, id) 
    values
        (?, ?, ?, ?)
14:11:03,756 DEBUG SQL:104 - 
    insert 
    into
        DataPoint
        (xval, yval, description, id) 
    values
        (?, ?, ?, ?)
14:11:03,756 DEBUG SQL:104 - 
    insert 
    into
        DataPoint
        (xval, yval, description, id) 
    values
        (?, ?, ?, ?)
14:11:03,766 DEBUG SQL:104 - 
    insert 
    into
        DataPoint
        (xval, yval, description, id) 
    values
        (?, ?, ?, ?)
14:11:03,767 DEBUG SQL:104 - 
    insert 
    into
        DataPoint
        (xval, yval, description, id) 
    values
        (?, ?, ?, ?)
14:11:03,767 DEBUG SQL:104 - 
    insert 
    into
        DataPoint
        (xval, yval, description, id) 
    values
        (?, ?, ?, ?)
14:11:03,767 DEBUG SQL:104 - 
    insert 
    into
        DataPoint
        (xval, yval, description, id) 
    values
        (?, ?, ?, ?)
14:11:03,778 DEBUG SQL:104 - 
    insert 
    into
        DataPoint
        (xval, yval, description, id) 
    values
        (?, ?, ?, ?)
14:11:03,779 DEBUG SQL:104 - 
    insert 
    into
        DataPoint
        (xval, yval, description, id) 
    values
        (?, ?, ?, ?)
14:11:03,779 DEBUG SQL:104 - 
    insert 
    into
        DataPoint
        (xval, yval, description, id) 
    values
        (?, ?, ?, ?)
14:11:03,779 DEBUG SQL:104 - 
    insert 
    into
        DataPoint
        (xval, yval, description, id) 
    values
        (?, ?, ?, ?)
14:11:03,779 DEBUG SQL:104 - 
    insert 
    into
        DataPoint
        (xval, yval, description, id) 
    values
        (?, ?, ?, ?)
14:11:03,779 DEBUG SQL:104 - 
    insert 
    into
        DataPoint
        (xval, yval, description, id) 
    values
        (?, ?, ?, ?)
14:11:03,779 DEBUG SQL:104 - 
    insert 
    into
        DataPoint
        (xval, yval, description, id) 
    values
        (?, ?, ?, ?)
14:11:03,780 DEBUG SQL:104 - 
    insert 
    into
        DataPoint
        (xval, yval, description, id) 
    values
        (?, ?, ?, ?)
14:11:03,780 DEBUG SQL:104 - 
    insert 
    into
        DataPoint
        (xval, yval, description, id) 
    values
        (?, ?, ?, ?)
14:11:03,790 DEBUG SQL:104 - 
    insert 
    into
        DataPoint
        (xval, yval, description, id) 
    values
        (?, ?, ?, ?)
14:11:03,790 DEBUG SQL:104 - 
    insert 
    into
        DataPoint
        (xval, yval, description, id) 
    values
        (?, ?, ?, ?)
14:11:03,790 DEBUG SQL:104 - 
    insert 
    into
        DataPoint
        (xval, yval, description, id) 
    values
        (?, ?, ?, ?)
14:11:03,791 DEBUG SQL:104 - 
    insert 
    into
        DataPoint
        (xval, yval, description, id) 
    values
        (?, ?, ?, ?)
14:11:03,801 DEBUG SQL:104 - 
    insert 
    into
        DataPoint
        (xval, yval, description, id) 
    values
        (?, ?, ?, ?)
14:11:03,801 DEBUG SQL:104 - 
    insert 
    into
        DataPoint
        (xval, yval, description, id) 
    values
        (?, ?, ?, ?)
14:11:03,802 DEBUG SQL:104 - 
    insert 
    into
        DataPoint
        (xval, yval, description, id) 
    values
        (?, ?, ?, ?)
14:11:03,802 DEBUG SQL:104 - 
    insert 
    into
        DataPoint
        (xval, yval, description, id) 
    values
        (?, ?, ?, ?)
14:11:03,802 DEBUG SQL:104 - 
    insert 
    into
        DataPoint
        (xval, yval, description, id) 
    values
        (?, ?, ?, ?)
14:11:03,802 DEBUG SQL:104 - 
    insert 
    into
        DataPoint
        (xval, yval, description, id) 
    values
        (?, ?, ?, ?)
14:11:03,802 DEBUG SQL:104 - 
    insert 
    into
        DataPoint
        (xval, yval, description, id) 
    values
        (?, ?, ?, ?)
14:11:03,822 DEBUG SQL:104 - 
    insert 
    into
        DataPoint
        (xval, yval, description, id) 
    values
        (?, ?, ?, ?)
14:11:03,823 DEBUG SQL:104 - 
    insert 
    into
        DataPoint
        (xval, yval, description, id) 
    values
        (?, ?, ?, ?)
14:11:03,823 DEBUG SQL:104 - 
    insert 
    into
        DataPoint
        (xval, yval, description, id) 
    values
        (?, ?, ?, ?)
14:11:03,824 DEBUG SQL:104 - 
    insert 
    into
        DataPoint
        (xval, yval, description, id) 
    values
        (?, ?, ?, ?)
14:11:03,833 DEBUG SQL:104 - 
    insert 
    into
        DataPoint
        (xval, yval, description, id) 
    values
        (?, ?, ?, ?)
14:11:03,833 DEBUG SQL:104 - 
    insert 
    into
        DataPoint
        (xval, yval, description, id) 
    values
        (?, ?, ?, ?)
14:11:03,833 DEBUG SQL:104 - 
    insert 
    into
        DataPoint
        (xval, yval, description, id) 
    values
        (?, ?, ?, ?)
14:11:03,833 DEBUG SQL:104 - 
    insert 
    into
        DataPoint
        (xval, yval, description, id) 
    values
        (?, ?, ?, ?)
14:11:03,833 DEBUG SQL:104 - 
    insert 
    into
        DataPoint
        (xval, yval, description, id) 
    values
        (?, ?, ?, ?)
14:11:03,844 DEBUG SQL:104 - 
    insert 
    into
        DataPoint
        (xval, yval, description, id) 
    values
        (?, ?, ?, ?)
14:11:03,844 DEBUG SQL:104 - 
    insert 
    into
        DataPoint
        (xval, yval, description, id) 
    values
        (?, ?, ?, ?)
14:11:03,844 DEBUG SQL:104 - 
    insert 
    into
        DataPoint
        (xval, yval, description, id) 
    values
        (?, ?, ?, ?)
14:11:03,844 DEBUG SQL:104 - 
    insert 
    into
        DataPoint
        (xval, yval, description, id) 
    values
        (?, ?, ?, ?)
14:11:03,855 DEBUG SQL:104 - 
    insert 
    into
        DataPoint
        (xval, yval, description, id) 
    values
        (?, ?, ?, ?)
14:11:03,855 DEBUG SQL:104 - 
    insert 
    into
        DataPoint
        (xval, yval, description, id) 
    values
        (?, ?, ?, ?)
14:11:03,855 DEBUG SQL:104 - 
    insert 
    into
        DataPoint
        (xval, yval, description, id) 
    values
        (?, ?, ?, ?)
14:11:03,855 DEBUG SQL:104 - 
    insert 
    into
        DataPoint
        (xval, yval, description, id) 
    values
        (?, ?, ?, ?)
14:11:03,865 DEBUG SQL:104 - 
    insert 
    into
        DataPoint
        (xval, yval, description, id) 
    values
        (?, ?, ?, ?)
14:11:03,865 DEBUG SQL:104 - 
    insert 
    into
        DataPoint
        (xval, yval, description, id) 
    values
        (?, ?, ?, ?)
14:11:03,865 DEBUG SQL:104 - 
    insert 
    into
        DataPoint
        (xval, yval, description, id) 
    values
        (?, ?, ?, ?)
14:11:03,865 DEBUG SQL:104 - 
    insert 
    into
        DataPoint
        (xval, yval, description, id) 
    values
        (?, ?, ?, ?)
14:11:03,866 DEBUG SQL:104 - 
    insert 
    into
        DataPoint
        (xval, yval, description, id) 
    values
        (?, ?, ?, ?)
14:11:03,877 DEBUG SQL:104 - 
    insert 
    into
        DataPoint
        (xval, yval, description, id) 
    values
        (?, ?, ?, ?)
14:11:03,877 DEBUG SQL:104 - 
    insert 
    into
        DataPoint
        (xval, yval, description, id) 
    values
        (?, ?, ?, ?)
14:11:03,877 DEBUG SQL:104 - 
    insert 
    into
        DataPoint
        (xval, yval, description, id) 
    values
        (?, ?, ?, ?)
14:11:03,878 DEBUG SQL:104 - 
    insert 
    into
        DataPoint
        (xval, yval, description, id) 
    values
        (?, ?, ?, ?)
14:11:03,887 DEBUG SQL:104 - 
    insert 
    into
        DataPoint
        (xval, yval, description, id) 
    values
        (?, ?, ?, ?)
14:11:03,887 DEBUG SQL:104 - 
    insert 
    into
        DataPoint
        (xval, yval, description, id) 
    values
        (?, ?, ?, ?)
14:11:03,887 DEBUG SQL:104 - 
    insert 
    into
        DataPoint
        (xval, yval, description, id) 
    values
        (?, ?, ?, ?)
14:11:03,887 DEBUG SQL:104 - 
    insert 
    into
        DataPoint
        (xval, yval, description, id) 
    values
        (?, ?, ?, ?)
14:11:03,907 DEBUG SQL:104 - 
    insert 
    into
        DataPoint
        (xval, yval, description, id) 
    values
        (?, ?, ?, ?)
14:11:03,907 DEBUG SQL:104 - 
    insert 
    into
        DataPoint
        (xval, yval, description, id) 
    values
        (?, ?, ?, ?)
14:11:03,907 DEBUG SQL:104 - 
    insert 
    into
        DataPoint
        (xval, yval, description, id) 
    values
        (?, ?, ?, ?)
14:11:03,907 DEBUG SQL:104 - 
    insert 
    into
        DataPoint
        (xval, yval, description, id) 
    values
        (?, ?, ?, ?)
14:11:03,908 DEBUG SQL:104 - 
    insert 
    into
        DataPoint
        (xval, yval, description, id) 
    values
        (?, ?, ?, ?)
14:11:03,910 DEBUG SQL:104 - 
    insert 
    into
        DataPoint
        (xval, yval, description, id) 
    values
        (?, ?, ?, ?)
14:11:03,910 DEBUG SQL:104 - 
    insert 
    into
        DataPoint
        (xval, yval, description, id) 
    values
        (?, ?, ?, ?)
14:11:03,910 DEBUG SQL:104 - 
    insert 
    into
        DataPoint
        (xval, yval, description, id) 
    values
        (?, ?, ?, ?)
14:11:03,910 DEBUG SQL:104 - 
    insert 
    into
        DataPoint
        (xval, yval, description, id) 
    values
        (?, ?, ?, ?)
14:11:03,911 DEBUG SQL:104 - 
    insert 
    into
        DataPoint
        (xval, yval, description, id) 
    values
        (?, ?, ?, ?)
14:11:03,911 DEBUG SQL:104 - 
    insert 
    into
        DataPoint
        (xval, yval, description, id) 
    values
        (?, ?, ?, ?)
14:11:03,912 DEBUG SQL:104 - 
    insert 
    into
        DataPoint
        (xval, yval, description, id) 
    values
        (?, ?, ?, ?)
14:11:03,912 DEBUG SQL:104 - 
    insert 
    into
        DataPoint
        (xval, yval, description, id) 
    values
        (?, ?, ?, ?)
14:11:03,923 DEBUG SQL:104 - 
    insert 
    into
        DataPoint
        (xval, yval, description, id) 
    values
        (?, ?, ?, ?)
14:11:03,923 DEBUG SQL:104 - 
    insert 
    into
        DataPoint
        (xval, yval, description, id) 
    values
        (?, ?, ?, ?)
14:11:03,924 DEBUG SQL:104 - 
    insert 
    into
        DataPoint
        (xval, yval, description, id) 
    values
        (?, ?, ?, ?)
14:11:03,924 DEBUG SQL:104 - 
    insert 
    into
        DataPoint
        (xval, yval, description, id) 
    values
        (?, ?, ?, ?)
14:11:03,924 DEBUG SQL:104 - 
    insert 
    into
        DataPoint
        (xval, yval, description, id) 
    values
        (?, ?, ?, ?)
14:11:03,934 DEBUG SQL:104 - 
    insert 
    into
        DataPoint
        (xval, yval, description, id) 
    values
        (?, ?, ?, ?)
14:11:03,934 DEBUG SQL:104 - 
    insert 
    into
        DataPoint
        (xval, yval, description, id) 
    values
        (?, ?, ?, ?)
14:11:03,935 DEBUG SQL:104 - 
    insert 
    into
        DataPoint
        (xval, yval, description, id) 
    values
        (?, ?, ?, ?)
14:11:03,935 DEBUG SQL:104 - 
    insert 
    into
        DataPoint
        (xval, yval, description, id) 
    values
        (?, ?, ?, ?)
14:11:03,935 DEBUG SQL:104 - 
    insert 
    into
        DataPoint
        (xval, yval, description, id) 
    values
        (?, ?, ?, ?)
14:11:03,935 DEBUG SQL:104 - 
    insert 
    into
        DataPoint
        (xval, yval, description, id) 
    values
        (?, ?, ?, ?)
14:11:03,958 DEBUG SQL:104 - 
    insert 
    into
        DataPoint
        (xval, yval, description, id) 
    values
        (?, ?, ?, ?)
14:11:03,958 DEBUG SQL:104 - 
    insert 
    into
        DataPoint
        (xval, yval, description, id) 
    values
        (?, ?, ?, ?)
14:11:03,958 DEBUG SQL:104 - 
    insert 
    into
        DataPoint
        (xval, yval, description, id) 
    values
        (?, ?, ?, ?)
14:11:03,958 DEBUG SQL:104 - 
    insert 
    into
        DataPoint
        (xval, yval, description, id) 
    values
        (?, ?, ?, ?)
14:11:03,959 DEBUG SQL:104 - 
    insert 
    into
        DataPoint
        (xval, yval, description, id) 
    values
        (?, ?, ?, ?)
14:11:03,968 DEBUG SQL:104 - 
    insert 
    into
        DataPoint
        (xval, yval, description, id) 
    values
        (?, ?, ?, ?)
14:11:03,969 DEBUG SQL:104 - 
    insert 
    into
        DataPoint
        (xval, yval, description, id) 
    values
        (?, ?, ?, ?)
14:11:03,970 DEBUG SQL:104 - 
    insert 
    into
        DataPoint
        (xval, yval, description, id) 
    values
        (?, ?, ?, ?)
14:11:03,970 DEBUG SQL:104 - 
    insert 
    into
        DataPoint
        (xval, yval, description, id) 
    values
        (?, ?, ?, ?)
14:11:03,980 DEBUG SQL:104 - 
    insert 
    into
        DataPoint
        (xval, yval, description, id) 
    values
        (?, ?, ?, ?)
14:11:03,980 DEBUG SQL:104 - 
    insert 
    into
        DataPoint
        (xval, yval, description, id) 
    values
        (?, ?, ?, ?)
14:11:03,980 DEBUG SQL:104 - 
    insert 
    into
        DataPoint
        (xval, yval, description, id) 
    values
        (?, ?, ?, ?)
14:11:03,980 DEBUG SQL:104 - 
    insert 
    into
        DataPoint
        (xval, yval, description, id) 
    values
        (?, ?, ?, ?)
14:11:03,981 DEBUG SQL:104 - 
    insert 
    into
        DataPoint
        (xval, yval, description, id) 
    values
        (?, ?, ?, ?)
14:11:03,981 DEBUG SQL:104 - 
    insert 
    into
        DataPoint
        (xval, yval, description, id) 
    values
        (?, ?, ?, ?)
14:11:03,981 DEBUG SQL:104 - 
    insert 
    into
        DataPoint
        (xval, yval, description, id) 
    values
        (?, ?, ?, ?)
14:11:03,981 DEBUG SQL:104 - 
    insert 
    into
        DataPoint
        (xval, yval, description, id) 
    values
        (?, ?, ?, ?)
14:11:03,981 DEBUG SQL:104 - 
    insert 
    into
        DataPoint
        (xval, yval, description, id) 
    values
        (?, ?, ?, ?)
14:11:03,981 DEBUG SQL:104 - 
    insert 
    into
        DataPoint
        (xval, yval, description, id) 
    values
        (?, ?, ?, ?)
14:11:03,982 DEBUG SQL:104 - 
    insert 
    into
        DataPoint
        (xval, yval, description, id) 
    values
        (?, ?, ?, ?)
14:11:04,001 DEBUG SQL:104 - 
    insert 
    into
        DataPoint
        (xval, yval, description, id) 
    values
        (?, ?, ?, ?)
14:11:04,001 DEBUG SQL:104 - 
    insert 
    into
        DataPoint
        (xval, yval, description, id) 
    values
        (?, ?, ?, ?)
14:11:04,002 DEBUG SQL:104 - 
    insert 
    into
        DataPoint
        (xval, yval, description, id) 
    values
        (?, ?, ?, ?)
14:11:04,002 DEBUG SQL:104 - 
    insert 
    into
        DataPoint
        (xval, yval, description, id) 
    values
        (?, ?, ?, ?)
14:11:04,012 DEBUG SQL:104 - 
    insert 
    into
        DataPoint
        (xval, yval, description, id) 
    values
        (?, ?, ?, ?)
14:11:04,013 DEBUG SQL:104 - 
    insert 
    into
        DataPoint
        (xval, yval, description, id) 
    values
        (?, ?, ?, ?)
14:11:04,013 DEBUG SQL:104 - 
    insert 
    into
        DataPoint
        (xval, yval, description, id) 
    values
        (?, ?, ?, ?)
14:11:04,014 DEBUG SQL:104 - 
    insert 
    into
        DataPoint
        (xval, yval, description, id) 
    values
        (?, ?, ?, ?)
14:11:04,027 DEBUG SQL:104 - 
    insert 
    into
        DataPoint
        (xval, yval, description, id) 
    values
        (?, ?, ?, ?)
14:11:04,028 DEBUG SQL:104 - 
    insert 
    into
        DataPoint
        (xval, yval, description, id) 
    values
        (?, ?, ?, ?)
14:11:04,028 DEBUG SQL:104 - 
    insert 
    into
        DataPoint
        (xval, yval, description, id) 
    values
        (?, ?, ?, ?)
14:11:04,028 DEBUG SQL:104 - 
    insert 
    into
        DataPoint
        (xval, yval, description, id) 
    values
        (?, ?, ?, ?)
14:11:04,028 DEBUG SQL:104 - 
    insert 
    into
        DataPoint
        (xval, yval, description, id) 
    values
        (?, ?, ?, ?)
14:11:04,038 DEBUG SQL:104 - 
    insert 
    into
        DataPoint
        (xval, yval, description, id) 
    values
        (?, ?, ?, ?)
14:11:04,038 DEBUG SQL:104 - 
    insert 
    into
        DataPoint
        (xval, yval, description, id) 
    values
        (?, ?, ?, ?)
14:11:04,038 DEBUG SQL:104 - 
    insert 
    into
        DataPoint
        (xval, yval, description, id) 
    values
        (?, ?, ?, ?)
14:11:04,039 DEBUG SQL:104 - 
    insert 
    into
        DataPoint
        (xval, yval, description, id) 
    values
        (?, ?, ?, ?)
14:11:04,039 DEBUG SQL:104 - 
    insert 
    into
        DataPoint
        (xval, yval, description, id) 
    values
        (?, ?, ?, ?)
14:11:04,039 DEBUG SQL:104 - 
    insert 
    into
        DataPoint
        (xval, yval, description, id) 
    values
        (?, ?, ?, ?)
14:11:04,039 DEBUG SQL:104 - 
    insert 
    into
        DataPoint
        (xval, yval, description, id) 
    values
        (?, ?, ?, ?)
14:11:04,040 DEBUG SQL:104 - 
    insert 
    into
        DataPoint
        (xval, yval, description, id) 
    values
        (?, ?, ?, ?)
14:11:04,050 DEBUG SQL:104 - 
    insert 
    into
        DataPoint
        (xval, yval, description, id) 
    values
        (?, ?, ?, ?)
14:11:04,050 DEBUG SQL:104 - 
    insert 
    into
        DataPoint
        (xval, yval, description, id) 
    values
        (?, ?, ?, ?)
14:11:04,050 DEBUG SQL:104 - 
    insert 
    into
        DataPoint
        (xval, yval, description, id) 
    values
        (?, ?, ?, ?)
14:11:04,050 DEBUG SQL:104 - 
    insert 
    into
        DataPoint
        (xval, yval, description, id) 
    values
        (?, ?, ?, ?)
14:11:04,050 DEBUG SQL:104 - 
    insert 
    into
        DataPoint
        (xval, yval, description, id) 
    values
        (?, ?, ?, ?)
14:11:04,060 DEBUG SQL:104 - 
    insert 
    into
        DataPoint
        (xval, yval, description, id) 
    values
        (?, ?, ?, ?)
14:11:04,061 DEBUG SQL:104 - 
    insert 
    into
        DataPoint
        (xval, yval, description, id) 
    values
        (?, ?, ?, ?)
14:11:04,061 DEBUG SQL:104 - 
    insert 
    into
        DataPoint
        (xval, yval, description, id) 
    values
        (?, ?, ?, ?)
14:11:04,061 DEBUG SQL:104 - 
    insert 
    into
        DataPoint
        (xval, yval, description, id) 
    values
        (?, ?, ?, ?)
14:11:04,061 DEBUG SQL:104 - 
    insert 
    into
        DataPoint
        (xval, yval, description, id) 
    values
        (?, ?, ?, ?)
14:11:04,061 DEBUG SQL:104 - 
    insert 
    into
        DataPoint
        (xval, yval, description, id) 
    values
        (?, ?, ?, ?)
14:11:04,083 DEBUG SQL:104 - 
    insert 
    into
        DataPoint
        (xval, yval, description, id) 
    values
        (?, ?, ?, ?)
14:11:04,083 DEBUG SQL:104 - 
    insert 
    into
        DataPoint
        (xval, yval, description, id) 
    values
        (?, ?, ?, ?)
14:11:04,083 DEBUG SQL:104 - 
    insert 
    into
        DataPoint
        (xval, yval, description, id) 
    values
        (?, ?, ?, ?)
14:11:04,084 DEBUG SQL:104 - 
    insert 
    into
        DataPoint
        (xval, yval, description, id) 
    values
        (?, ?, ?, ?)
14:11:04,084 DEBUG SQL:104 - 
    insert 
    into
        DataPoint
        (xval, yval, description, id) 
    values
        (?, ?, ?, ?)
14:11:04,094 DEBUG SQL:104 - 
    insert 
    into
        DataPoint
        (xval, yval, description, id) 
    values
        (?, ?, ?, ?)
14:11:04,094 DEBUG SQL:104 - 
    insert 
    into
        DataPoint
        (xval, yval, description, id) 
    values
        (?, ?, ?, ?)
14:11:04,094 DEBUG SQL:104 - 
    insert 
    into
        DataPoint
        (xval, yval, description, id) 
    values
        (?, ?, ?, ?)
14:11:04,094 DEBUG SQL:104 - 
    insert 
    into
        DataPoint
        (xval, yval, description, id) 
    values
        (?, ?, ?, ?)
14:11:04,103 DEBUG SQL:104 - 
    insert 
    into
        DataPoint
        (xval, yval, description, id) 
    values
        (?, ?, ?, ?)
14:11:04,103 DEBUG SQL:104 - 
    insert 
    into
        DataPoint
        (xval, yval, description, id) 
    values
        (?, ?, ?, ?)
14:11:04,103 DEBUG SQL:104 - 
    insert 
    into
        DataPoint
        (xval, yval, description, id) 
    values
        (?, ?, ?, ?)
14:11:04,104 DEBUG SQL:104 - 
    insert 
    into
        DataPoint
        (xval, yval, description, id) 
    values
        (?, ?, ?, ?)
14:11:04,114 DEBUG SQL:104 - 
    insert 
    into
        DataPoint
        (xval, yval, description, id) 
    values
        (?, ?, ?, ?)
14:11:04,114 DEBUG SQL:104 - 
    insert 
    into
        DataPoint
        (xval, yval, description, id) 
    values
        (?, ?, ?, ?)
14:11:04,115 DEBUG SQL:104 - 
    insert 
    into
        DataPoint
        (xval, yval, description, id) 
    values
        (?, ?, ?, ?)
14:11:04,115 DEBUG SQL:104 - 
    insert 
    into
        DataPoint
        (xval, yval, description, id) 
    values
        (?, ?, ?, ?)
14:11:04,115 DEBUG SQL:104 - 
    insert 
    into
        DataPoint
        (xval, yval, description, id) 
    values
        (?, ?, ?, ?)
14:11:04,123 DEBUG SQL:104 - 
    insert 
    into
        DataPoint
        (xval, yval, description, id) 
    values
        (?, ?, ?, ?)
14:11:04,124 DEBUG SQL:104 - 
    insert 
    into
        DataPoint
        (xval, yval, description, id) 
    values
        (?, ?, ?, ?)
14:11:04,124 DEBUG SQL:104 - 
    insert 
    into
        DataPoint
        (xval, yval, description, id) 
    values
        (?, ?, ?, ?)
14:11:04,124 DEBUG SQL:104 - 
    insert 
    into
        DataPoint
        (xval, yval, description, id) 
    values
        (?, ?, ?, ?)
14:11:04,133 DEBUG SQL:104 - 
    insert 
    into
        DataPoint
        (xval, yval, description, id) 
    values
        (?, ?, ?, ?)
14:11:04,134 DEBUG SQL:104 - 
    insert 
    into
        DataPoint
        (xval, yval, description, id) 
    values
        (?, ?, ?, ?)
14:11:04,134 DEBUG SQL:104 - 
    insert 
    into
        DataPoint
        (xval, yval, description, id) 
    values
        (?, ?, ?, ?)
14:11:04,134 DEBUG SQL:104 - 
    insert 
    into
        DataPoint
        (xval, yval, description, id) 
    values
        (?, ?, ?, ?)
14:11:04,135 DEBUG SQL:104 - 
    insert 
    into
        DataPoint
        (xval, yval, description, id) 
    values
        (?, ?, ?, ?)
14:11:04,145 DEBUG SQL:104 - 
    insert 
    into
        DataPoint
        (xval, yval, description, id) 
    values
        (?, ?, ?, ?)
14:11:04,145 DEBUG SQL:104 - 
    insert 
    into
        DataPoint
        (xval, yval, description, id) 
    values
        (?, ?, ?, ?)
14:11:04,146 DEBUG SQL:104 - 
    insert 
    into
        DataPoint
        (xval, yval, description, id) 
    values
        (?, ?, ?, ?)
14:11:04,146 DEBUG SQL:104 - 
    insert 
    into
        DataPoint
        (xval, yval, description, id) 
    values
        (?, ?, ?, ?)
14:11:04,155 DEBUG SQL:104 - 
    insert 
    into
        DataPoint
        (xval, yval, description, id) 
    values
        (?, ?, ?, ?)
14:11:04,155 DEBUG SQL:104 - 
    insert 
    into
        DataPoint
        (xval, yval, description, id) 
    values
        (?, ?, ?, ?)
14:11:04,156 DEBUG SQL:104 - 
    insert 
    into
        DataPoint
        (xval, yval, description, id) 
    values
        (?, ?, ?, ?)
14:11:04,156 DEBUG SQL:104 - 
    insert 
    into
        DataPoint
        (xval, yval, description, id) 
    values
        (?, ?, ?, ?)
14:11:04,169 DEBUG SQL:104 - 
    insert 
    into
        DataPoint
        (xval, yval, description, id) 
    values
        (?, ?, ?, ?)
14:11:04,169 DEBUG SQL:104 - 
    insert 
    into
        DataPoint
        (xval, yval, description, id) 
    values
        (?, ?, ?, ?)
14:11:04,169 DEBUG SQL:104 - 
    insert 
    into
        DataPoint
        (xval, yval, description, id) 
    values
        (?, ?, ?, ?)
14:11:04,169 DEBUG SQL:104 - 
    insert 
    into
        DataPoint
        (xval, yval, description, id) 
    values
        (?, ?, ?, ?)
14:11:04,170 DEBUG SQL:104 - 
    insert 
    into
        DataPoint
        (xval, yval, description, id) 
    values
        (?, ?, ?, ?)
14:11:04,170 DEBUG SQL:104 - 
    insert 
    into
        DataPoint
        (xval, yval, description, id) 
    values
        (?, ?, ?, ?)
14:11:04,170 DEBUG SQL:104 - 
    insert 
    into
        DataPoint
        (xval, yval, description, id) 
    values
        (?, ?, ?, ?)
14:11:04,170 DEBUG SQL:104 - 
    insert 
    into
        DataPoint
        (xval, yval, description, id) 
    values
        (?, ?, ?, ?)
14:11:04,170 DEBUG SQL:104 - 
    insert 
    into
        DataPoint
        (xval, yval, description, id) 
    values
        (?, ?, ?, ?)
14:11:04,180 DEBUG SQL:104 - 
    insert 
    into
        DataPoint
        (xval, yval, description, id) 
    values
        (?, ?, ?, ?)
14:11:04,180 DEBUG SQL:104 - 
    insert 
    into
        DataPoint
        (xval, yval, description, id) 
    values
        (?, ?, ?, ?)
14:11:04,181 DEBUG SQL:104 - 
    insert 
    into
        DataPoint
        (xval, yval, description, id) 
    values
        (?, ?, ?, ?)
14:11:04,181 DEBUG SQL:104 - 
    insert 
    into
        DataPoint
        (xval, yval, description, id) 
    values
        (?, ?, ?, ?)
14:11:04,192 DEBUG SQL:104 - 
    insert 
    into
        DataPoint
        (xval, yval, description, id) 
    values
        (?, ?, ?, ?)
14:11:04,193 DEBUG SQL:104 - 
    insert 
    into
        DataPoint
        (xval, yval, description, id) 
    values
        (?, ?, ?, ?)
14:11:04,193 DEBUG SQL:104 - 
    insert 
    into
        DataPoint
        (xval, yval, description, id) 
    values
        (?, ?, ?, ?)
14:11:04,193 DEBUG SQL:104 - 
    insert 
    into
        DataPoint
        (xval, yval, description, id) 
    values
        (?, ?, ?, ?)
14:11:04,193 DEBUG SQL:104 - 
    insert 
    into
        DataPoint
        (xval, yval, description, id) 
    values
        (?, ?, ?, ?)
14:11:04,193 DEBUG SQL:104 - 
    insert 
    into
        DataPoint
        (xval, yval, description, id) 
    values
        (?, ?, ?, ?)
14:11:04,194 DEBUG SQL:104 - 
    insert 
    into
        DataPoint
        (xval, yval, description, id) 
    values
        (?, ?, ?, ?)
14:11:04,216 DEBUG SQL:104 - 
    insert 
    into
        DataPoint
        (xval, yval, description, id) 
    values
        (?, ?, ?, ?)
14:11:04,216 DEBUG SQL:104 - 
    insert 
    into
        DataPoint
        (xval, yval, description, id) 
    values
        (?, ?, ?, ?)
14:11:04,216 DEBUG SQL:104 - 
    insert 
    into
        DataPoint
        (xval, yval, description, id) 
    values
        (?, ?, ?, ?)
14:11:04,216 DEBUG SQL:104 - 
    insert 
    into
        DataPoint
        (xval, yval, description, id) 
    values
        (?, ?, ?, ?)
14:11:04,225 DEBUG SQL:104 - 
    insert 
    into
        DataPoint
        (xval, yval, description, id) 
    values
        (?, ?, ?, ?)
14:11:04,225 DEBUG SQL:104 - 
    insert 
    into
        DataPoint
        (xval, yval, description, id) 
    values
        (?, ?, ?, ?)
14:11:04,226 DEBUG SQL:104 - 
    insert 
    into
        DataPoint
        (xval, yval, description, id) 
    values
        (?, ?, ?, ?)
14:11:04,226 DEBUG SQL:104 - 
    insert 
    into
        DataPoint
        (xval, yval, description, id) 
    values
        (?, ?, ?, ?)
14:11:04,226 DEBUG SQL:104 - 
    insert 
    into
        DataPoint
        (xval, yval, description, id) 
    values
        (?, ?, ?, ?)
14:11:04,236 DEBUG SQL:104 - 
    insert 
    into
        DataPoint
        (xval, yval, description, id) 
    values
        (?, ?, ?, ?)
14:11:04,237 DEBUG SQL:104 - 
    insert 
    into
        DataPoint
        (xval, yval, description, id) 
    values
        (?, ?, ?, ?)
14:11:04,237 DEBUG SQL:104 - 
    insert 
    into
        DataPoint
        (xval, yval, description, id) 
    values
        (?, ?, ?, ?)
14:11:04,237 DEBUG SQL:104 - 
    insert 
    into
        DataPoint
        (xval, yval, description, id) 
    values
        (?, ?, ?, ?)
14:11:04,247 DEBUG SQL:104 - 
    insert 
    into
        DataPoint
        (xval, yval, description, id) 
    values
        (?, ?, ?, ?)
14:11:04,248 DEBUG SQL:104 - 
    insert 
    into
        DataPoint
        (xval, yval, description, id) 
    values
        (?, ?, ?, ?)
14:11:04,248 DEBUG SQL:104 - 
    insert 
    into
        DataPoint
        (xval, yval, description, id) 
    values
        (?, ?, ?, ?)
14:11:04,248 DEBUG SQL:104 - 
    insert 
    into
        DataPoint
        (xval, yval, description, id) 
    values
        (?, ?, ?, ?)
14:11:04,258 DEBUG SQL:104 - 
    insert 
    into
        DataPoint
        (xval, yval, description, id) 
    values
        (?, ?, ?, ?)
14:11:04,259 DEBUG SQL:104 - 
    insert 
    into
        DataPoint
        (xval, yval, description, id) 
    values
        (?, ?, ?, ?)
14:11:04,260 DEBUG SQL:104 - 
    insert 
    into
        DataPoint
        (xval, yval, description, id) 
    values
        (?, ?, ?, ?)
14:11:04,272 DEBUG SQL:104 - 
    insert 
    into
        DataPoint
        (xval, yval, description, id) 
    values
        (?, ?, ?, ?)
14:11:04,292 DEBUG SQL:104 - 
    insert 
    into
        DataPoint
        (xval, yval, description, id) 
    values
        (?, ?, ?, ?)
14:11:04,300 DEBUG SQL:104 - 
    insert 
    into
        DataPoint
        (xval, yval, description, id) 
    values
        (?, ?, ?, ?)
14:11:04,300 DEBUG SQL:104 - 
    insert 
    into
        DataPoint
        (xval, yval, description, id) 
    values
        (?, ?, ?, ?)
14:11:04,300 DEBUG SQL:104 - 
    insert 
    into
        DataPoint
        (xval, yval, description, id) 
    values
        (?, ?, ?, ?)
14:11:04,300 DEBUG SQL:104 - 
    insert 
    into
        DataPoint
        (xval, yval, description, id) 
    values
        (?, ?, ?, ?)
14:11:04,301 DEBUG SQL:104 - 
    insert 
    into
        DataPoint
        (xval, yval, description, id) 
    values
        (?, ?, ?, ?)
14:11:04,301 DEBUG SQL:104 - 
    insert 
    into
        DataPoint
        (xval, yval, description, id) 
    values
        (?, ?, ?, ?)
14:11:04,301 DEBUG SQL:104 - 
    insert 
    into
        DataPoint
        (xval, yval, description, id) 
    values
        (?, ?, ?, ?)
14:11:04,301 DEBUG SQL:104 - 
    insert 
    into
        DataPoint
        (xval, yval, description, id) 
    values
        (?, ?, ?, ?)
14:11:04,312 DEBUG SQL:104 - 
    insert 
    into
        DataPoint
        (xval, yval, description, id) 
    values
        (?, ?, ?, ?)
14:11:04,312 DEBUG SQL:104 - 
    insert 
    into
        DataPoint
        (xval, yval, description, id) 
    values
        (?, ?, ?, ?)
14:11:04,312 DEBUG SQL:104 - 
    insert 
    into
        DataPoint
        (xval, yval, description, id) 
    values
        (?, ?, ?, ?)
14:11:04,313 DEBUG SQL:104 - 
    insert 
    into
        DataPoint
        (xval, yval, description, id) 
    values
        (?, ?, ?, ?)
14:11:04,313 DEBUG SQL:104 - 
    insert 
    into
        DataPoint
        (xval, yval, description, id) 
    values
        (?, ?, ?, ?)
14:11:04,323 DEBUG SQL:104 - 
    insert 
    into
        DataPoint
        (xval, yval, description, id) 
    values
        (?, ?, ?, ?)
14:11:04,323 DEBUG SQL:104 - 
    insert 
    into
        DataPoint
        (xval, yval, description, id) 
    values
        (?, ?, ?, ?)
14:11:04,323 DEBUG SQL:104 - 
    insert 
    into
        DataPoint
        (xval, yval, description, id) 
    values
        (?, ?, ?, ?)
14:11:04,324 DEBUG SQL:104 - 
    insert 
    into
        DataPoint
        (xval, yval, description, id) 
    values
        (?, ?, ?, ?)
14:11:04,324 DEBUG SQL:104 - 
    insert 
    into
        DataPoint
        (xval, yval, description, id) 
    values
        (?, ?, ?, ?)
14:11:04,325 DEBUG SQL:104 - 
    insert 
    into
        DataPoint
        (xval, yval, description, id) 
    values
        (?, ?, ?, ?)
14:11:04,347 DEBUG SQL:104 - 
    insert 
    into
        DataPoint
        (xval, yval, description, id) 
    values
        (?, ?, ?, ?)
14:11:04,348 DEBUG SQL:104 - 
    insert 
    into
        DataPoint
        (xval, yval, description, id) 
    values
        (?, ?, ?, ?)
14:11:04,348 DEBUG SQL:104 - 
    insert 
    into
        DataPoint
        (xval, yval, description, id) 
    values
        (?, ?, ?, ?)
14:11:04,348 DEBUG SQL:104 - 
    insert 
    into
        DataPoint
        (xval, yval, description, id) 
    values
        (?, ?, ?, ?)
14:11:04,348 DEBUG SQL:104 - 
    insert 
    into
        DataPoint
        (xval, yval, description, id) 
    values
        (?, ?, ?, ?)
14:11:04,359 DEBUG SQL:104 - 
    insert 
    into
        DataPoint
        (xval, yval, description, id) 
    values
        (?, ?, ?, ?)
14:11:04,359 DEBUG SQL:104 - 
    insert 
    into
        DataPoint
        (xval, yval, description, id) 
    values
        (?, ?, ?, ?)
14:11:04,360 DEBUG SQL:104 - 
    insert 
    into
        DataPoint
        (xval, yval, description, id) 
    values
        (?, ?, ?, ?)
14:11:04,360 DEBUG SQL:104 - 
    insert 
    into
        DataPoint
        (xval, yval, description, id) 
    values
        (?, ?, ?, ?)
14:11:04,371 DEBUG SQL:104 - 
    insert 
    into
        DataPoint
        (xval, yval, description, id) 
    values
        (?, ?, ?, ?)
14:11:04,371 DEBUG SQL:104 - 
    insert 
    into
        DataPoint
        (xval, yval, description, id) 
    values
        (?, ?, ?, ?)
14:11:04,371 DEBUG SQL:104 - 
    insert 
    into
        DataPoint
        (xval, yval, description, id) 
    values
        (?, ?, ?, ?)
14:11:04,371 DEBUG SQL:104 - 
    insert 
    into
        DataPoint
        (xval, yval, description, id) 
    values
        (?, ?, ?, ?)
14:11:04,380 DEBUG SQL:104 - 
    insert 
    into
        DataPoint
        (xval, yval, description, id) 
    values
        (?, ?, ?, ?)
14:11:04,381 DEBUG SQL:104 - 
    insert 
    into
        DataPoint
        (xval, yval, description, id) 
    values
        (?, ?, ?, ?)
14:11:04,381 DEBUG SQL:104 - 
    insert 
    into
        DataPoint
        (xval, yval, description, id) 
    values
        (?, ?, ?, ?)
14:11:04,381 DEBUG SQL:104 - 
    insert 
    into
        DataPoint
        (xval, yval, description, id) 
    values
        (?, ?, ?, ?)
14:11:04,381 DEBUG SQL:104 - 
    insert 
    into
        DataPoint
        (xval, yval, description, id) 
    values
        (?, ?, ?, ?)
14:11:04,393 DEBUG SQL:104 - 
    insert 
    into
        DataPoint
        (xval, yval, description, id) 
    values
        (?, ?, ?, ?)
14:11:04,394 DEBUG SQL:104 - 
    insert 
    into
        DataPoint
        (xval, yval, description, id) 
    values
        (?, ?, ?, ?)
14:11:04,394 DEBUG SQL:104 - 
    insert 
    into
        DataPoint
        (xval, yval, description, id) 
    values
        (?, ?, ?, ?)
14:11:04,394 DEBUG SQL:104 - 
    insert 
    into
        DataPoint
        (xval, yval, description, id) 
    values
        (?, ?, ?, ?)
14:11:04,403 DEBUG SQL:104 - 
    insert 
    into
        DataPoint
        (xval, yval, description, id) 
    values
        (?, ?, ?, ?)
14:11:04,403 DEBUG SQL:104 - 
    insert 
    into
        DataPoint
        (xval, yval, description, id) 
    values
        (?, ?, ?, ?)
14:11:04,404 DEBUG SQL:104 - 
    insert 
    into
        DataPoint
        (xval, yval, description, id) 
    values
        (?, ?, ?, ?)
14:11:04,404 DEBUG SQL:104 - 
    insert 
    into
        DataPoint
        (xval, yval, description, id) 
    values
        (?, ?, ?, ?)
14:11:04,415 DEBUG SQL:104 - 
    insert 
    into
        DataPoint
        (xval, yval, description, id) 
    values
        (?, ?, ?, ?)
14:11:04,415 DEBUG SQL:104 - 
    insert 
    into
        DataPoint
        (xval, yval, description, id) 
    values
        (?, ?, ?, ?)
14:11:04,415 DEBUG SQL:104 - 
    insert 
    into
        DataPoint
        (xval, yval, description, id) 
    values
        (?, ?, ?, ?)
14:11:04,416 DEBUG SQL:104 - 
    insert 
    into
        DataPoint
        (xval, yval, description, id) 
    values
        (?, ?, ?, ?)
14:11:04,416 DEBUG SQL:104 - 
    insert 
    into
        DataPoint
        (xval, yval, description, id) 
    values
        (?, ?, ?, ?)
14:11:04,425 DEBUG SQL:104 - 
    insert 
    into
        DataPoint
        (xval, yval, description, id) 
    values
        (?, ?, ?, ?)
14:11:04,425 DEBUG SQL:104 - 
    insert 
    into
        DataPoint
        (xval, yval, description, id) 
    values
        (?, ?, ?, ?)
14:11:04,426 DEBUG SQL:104 - 
    insert 
    into
        DataPoint
        (xval, yval, description, id) 
    values
        (?, ?, ?, ?)
14:11:04,426 DEBUG SQL:104 - 
    insert 
    into
        DataPoint
        (xval, yval, description, id) 
    values
        (?, ?, ?, ?)
14:11:04,426 DEBUG SQL:104 - 
    insert 
    into
        DataPoint
        (xval, yval, description, id) 
    values
        (?, ?, ?, ?)
14:11:04,426 DEBUG SQL:104 - 
    insert 
    into
        DataPoint
        (xval, yval, description, id) 
    values
        (?, ?, ?, ?)
14:11:04,427 DEBUG SQL:104 - 
    insert 
    into
        DataPoint
        (xval, yval, description, id) 
    values
        (?, ?, ?, ?)
14:11:04,427 DEBUG SQL:104 - 
    insert 
    into
        DataPoint
        (xval, yval, description, id) 
    values
        (?, ?, ?, ?)
14:11:04,428 DEBUG SQL:104 - 
    insert 
    into
        DataPoint
        (xval, yval, description, id) 
    values
        (?, ?, ?, ?)
14:11:04,439 DEBUG SQL:104 - 
    insert 
    into
        DataPoint
        (xval, yval, description, id) 
    values
        (?, ?, ?, ?)
14:11:04,440 DEBUG SQL:104 - 
    insert 
    into
        DataPoint
        (xval, yval, description, id) 
    values
        (?, ?, ?, ?)
14:11:04,440 DEBUG SQL:104 - 
    insert 
    into
        DataPoint
        (xval, yval, description, id) 
    values
        (?, ?, ?, ?)
14:11:04,440 DEBUG SQL:104 - 
    insert 
    into
        DataPoint
        (xval, yval, description, id) 
    values
        (?, ?, ?, ?)
14:11:04,450 DEBUG SQL:104 - 
    insert 
    into
        DataPoint
        (xval, yval, description, id) 
    values
        (?, ?, ?, ?)
14:11:04,451 DEBUG SQL:104 - 
    insert 
    into
        DataPoint
        (xval, yval, description, id) 
    values
        (?, ?, ?, ?)
14:11:04,451 DEBUG SQL:104 - 
    insert 
    into
        DataPoint
        (xval, yval, description, id) 
    values
        (?, ?, ?, ?)
14:11:04,451 DEBUG SQL:104 - 
    insert 
    into
        DataPoint
        (xval, yval, description, id) 
    values
        (?, ?, ?, ?)
14:11:04,451 DEBUG SQL:104 - 
    insert 
    into
        DataPoint
        (xval, yval, description, id) 
    values
        (?, ?, ?, ?)
14:11:04,452 DEBUG SQL:104 - 
    insert 
    into
        DataPoint
        (xval, yval, description, id) 
    values
        (?, ?, ?, ?)
14:11:04,474 DEBUG SQL:104 - 
    insert 
    into
        DataPoint
        (xval, yval, description, id) 
    values
        (?, ?, ?, ?)
14:11:04,476 DEBUG SQL:104 - 
    insert 
    into
        DataPoint
        (xval, yval, description, id) 
    values
        (?, ?, ?, ?)
14:11:04,476 DEBUG SQL:104 - 
    insert 
    into
        DataPoint
        (xval, yval, description, id) 
    values
        (?, ?, ?, ?)
14:11:04,477 DEBUG SQL:104 - 
    insert 
    into
        DataPoint
        (xval, yval, description, id) 
    values
        (?, ?, ?, ?)
14:11:04,477 DEBUG SQL:104 - 
    insert 
    into
        DataPoint
        (xval, yval, description, id) 
    values
        (?, ?, ?, ?)
14:11:04,487 DEBUG SQL:104 - 
    insert 
    into
        DataPoint
        (xval, yval, description, id) 
    values
        (?, ?, ?, ?)
14:11:04,487 DEBUG SQL:104 - 
    insert 
    into
        DataPoint
        (xval, yval, description, id) 
    values
        (?, ?, ?, ?)
14:11:04,487 DEBUG SQL:104 - 
    insert 
    into
        DataPoint
        (xval, yval, description, id) 
    values
        (?, ?, ?, ?)
14:11:04,487 DEBUG SQL:104 - 
    insert 
    into
        DataPoint
        (xval, yval, description, id) 
    values
        (?, ?, ?, ?)
14:11:04,502 DEBUG SQL:104 - 
    insert 
    into
        DataPoint
        (xval, yval, description, id) 
    values
        (?, ?, ?, ?)
14:11:04,502 DEBUG SQL:104 - 
    insert 
    into
        DataPoint
        (xval, yval, description, id) 
    values
        (?, ?, ?, ?)
14:11:04,503 DEBUG SQL:104 - 
    insert 
    into
        DataPoint
        (xval, yval, description, id) 
    values
        (?, ?, ?, ?)
14:11:04,503 DEBUG SQL:104 - 
    insert 
    into
        DataPoint
        (xval, yval, description, id) 
    values
        (?, ?, ?, ?)
14:11:04,503 DEBUG SQL:104 - 
    insert 
    into
        DataPoint
        (xval, yval, description, id) 
    values
        (?, ?, ?, ?)
14:11:04,503 DEBUG SQL:104 - 
    insert 
    into
        DataPoint
        (xval, yval, description, id) 
    values
        (?, ?, ?, ?)
14:11:04,503 DEBUG SQL:104 - 
    insert 
    into
        DataPoint
        (xval, yval, description, id) 
    values
        (?, ?, ?, ?)
14:11:04,504 DEBUG SQL:104 - 
    insert 
    into
        DataPoint
        (xval, yval, description, id) 
    values
        (?, ?, ?, ?)
14:11:04,504 DEBUG SQL:104 - 
    insert 
    into
        DataPoint
        (xval, yval, description, id) 
    values
        (?, ?, ?, ?)
14:11:04,504 DEBUG SQL:104 - 
    insert 
    into
        DataPoint
        (xval, yval, description, id) 
    values
        (?, ?, ?, ?)
14:11:04,504 DEBUG SQL:104 - 
    insert 
    into
        DataPoint
        (xval, yval, description, id) 
    values
        (?, ?, ?, ?)
14:11:04,524 DEBUG SQL:104 - 
    insert 
    into
        DataPoint
        (xval, yval, description, id) 
    values
        (?, ?, ?, ?)
14:11:04,524 DEBUG SQL:104 - 
    insert 
    into
        DataPoint
        (xval, yval, description, id) 
    values
        (?, ?, ?, ?)
14:11:04,525 DEBUG SQL:104 - 
    insert 
    into
        DataPoint
        (xval, yval, description, id) 
    values
        (?, ?, ?, ?)
14:11:04,525 DEBUG SQL:104 - 
    insert 
    into
        DataPoint
        (xval, yval, description, id) 
    values
        (?, ?, ?, ?)
14:11:04,535 DEBUG SQL:104 - 
    insert 
    into
        DataPoint
        (xval, yval, description, id) 
    values
        (?, ?, ?, ?)
14:11:04,535 DEBUG SQL:104 - 
    insert 
    into
        DataPoint
        (xval, yval, description, id) 
    values
        (?, ?, ?, ?)
14:11:04,535 DEBUG SQL:104 - 
    insert 
    into
        DataPoint
        (xval, yval, description, id) 
    values
        (?, ?, ?, ?)
14:11:04,535 DEBUG SQL:104 - 
    insert 
    into
        DataPoint
        (xval, yval, description, id) 
    values
        (?, ?, ?, ?)
14:11:04,535 DEBUG SQL:104 - 
    insert 
    into
        DataPoint
        (xval, yval, description, id) 
    values
        (?, ?, ?, ?)
14:11:04,546 DEBUG SQL:104 - 
    insert 
    into
        DataPoint
        (xval, yval, description, id) 
    values
        (?, ?, ?, ?)
14:11:04,546 DEBUG SQL:104 - 
    insert 
    into
        DataPoint
        (xval, yval, description, id) 
    values
        (?, ?, ?, ?)
14:11:04,546 DEBUG SQL:104 - 
    insert 
    into
        DataPoint
        (xval, yval, description, id) 
    values
        (?, ?, ?, ?)
14:11:04,546 DEBUG SQL:104 - 
    insert 
    into
        DataPoint
        (xval, yval, description, id) 
    values
        (?, ?, ?, ?)
14:11:04,557 DEBUG SQL:104 - 
    insert 
    into
        DataPoint
        (xval, yval, description, id) 
    values
        (?, ?, ?, ?)
14:11:04,557 DEBUG SQL:104 - 
    insert 
    into
        DataPoint
        (xval, yval, description, id) 
    values
        (?, ?, ?, ?)
14:11:04,558 DEBUG SQL:104 - 
    insert 
    into
        DataPoint
        (xval, yval, description, id) 
    values
        (?, ?, ?, ?)
14:11:04,558 DEBUG SQL:104 - 
    insert 
    into
        DataPoint
        (xval, yval, description, id) 
    values
        (?, ?, ?, ?)
14:11:04,558 DEBUG SQL:104 - 
    insert 
    into
        DataPoint
        (xval, yval, description, id) 
    values
        (?, ?, ?, ?)
14:11:04,558 DEBUG SQL:104 - 
    insert 
    into
        DataPoint
        (xval, yval, description, id) 
    values
        (?, ?, ?, ?)
14:11:04,558 DEBUG SQL:104 - 
    insert 
    into
        DataPoint
        (xval, yval, description, id) 
    values
        (?, ?, ?, ?)
14:11:04,558 DEBUG SQL:104 - 
    insert 
    into
        DataPoint
        (xval, yval, description, id) 
    values
        (?, ?, ?, ?)
14:11:04,559 DEBUG SQL:104 - 
    insert 
    into
        DataPoint
        (xval, yval, description, id) 
    values
        (?, ?, ?, ?)
14:11:04,570 DEBUG SQL:104 - 
    insert 
    into
        DataPoint
        (xval, yval, description, id) 
    values
        (?, ?, ?, ?)
14:11:04,570 DEBUG SQL:104 - 
    insert 
    into
        DataPoint
        (xval, yval, description, id) 
    values
        (?, ?, ?, ?)
14:11:04,571 DEBUG SQL:104 - 
    insert 
    into
        DataPoint
        (xval, yval, description, id) 
    values
        (?, ?, ?, ?)
14:11:04,571 DEBUG SQL:104 - 
    insert 
    into
        DataPoint
        (xval, yval, description, id) 
    values
        (?, ?, ?, ?)
14:11:04,581 DEBUG SQL:104 - 
    insert 
    into
        DataPoint
        (xval, yval, description, id) 
    values
        (?, ?, ?, ?)
14:11:04,581 DEBUG SQL:104 - 
    insert 
    into
        DataPoint
        (xval, yval, description, id) 
    values
        (?, ?, ?, ?)
14:11:04,581 DEBUG SQL:104 - 
    insert 
    into
        DataPoint
        (xval, yval, description, id) 
    values
        (?, ?, ?, ?)
14:11:04,582 DEBUG SQL:104 - 
    insert 
    into
        DataPoint
        (xval, yval, description, id) 
    values
        (?, ?, ?, ?)
14:11:04,583 DEBUG SQL:104 - 
    insert 
    into
        DataPoint
        (xval, yval, description, id) 
    values
        (?, ?, ?, ?)
14:11:04,583 DEBUG SQL:104 - 
    insert 
    into
        DataPoint
        (xval, yval, description, id) 
    values
        (?, ?, ?, ?)
14:11:04,583 DEBUG SQL:104 - 
    insert 
    into
        DataPoint
        (xval, yval, description, id) 
    values
        (?, ?, ?, ?)
14:11:04,603 DEBUG SQL:104 - 
    insert 
    into
        DataPoint
        (xval, yval, description, id) 
    values
        (?, ?, ?, ?)
14:11:04,604 DEBUG SQL:104 - 
    insert 
    into
        DataPoint
        (xval, yval, description, id) 
    values
        (?, ?, ?, ?)
14:11:04,604 DEBUG SQL:104 - 
    insert 
    into
        DataPoint
        (xval, yval, description, id) 
    values
        (?, ?, ?, ?)
14:11:04,604 DEBUG SQL:104 - 
    insert 
    into
        DataPoint
        (xval, yval, description, id) 
    values
        (?, ?, ?, ?)
14:11:04,615 DEBUG SQL:104 - 
    insert 
    into
        DataPoint
        (xval, yval, description, id) 
    values
        (?, ?, ?, ?)
14:11:04,615 DEBUG SQL:104 - 
    insert 
    into
        DataPoint
        (xval, yval, description, id) 
    values
        (?, ?, ?, ?)
14:11:04,615 DEBUG SQL:104 - 
    insert 
    into
        DataPoint
        (xval, yval, description, id) 
    values
        (?, ?, ?, ?)
14:11:04,615 DEBUG SQL:104 - 
    insert 
    into
        DataPoint
        (xval, yval, description, id) 
    values
        (?, ?, ?, ?)
14:11:04,625 DEBUG SQL:104 - 
    insert 
    into
        DataPoint
        (xval, yval, description, id) 
    values
        (?, ?, ?, ?)
14:11:04,625 DEBUG SQL:104 - 
    insert 
    into
        DataPoint
        (xval, yval, description, id) 
    values
        (?, ?, ?, ?)
14:11:04,625 DEBUG SQL:104 - 
    insert 
    into
        DataPoint
        (xval, yval, description, id) 
    values
        (?, ?, ?, ?)
14:11:04,626 DEBUG SQL:104 - 
    insert 
    into
        DataPoint
        (xval, yval, description, id) 
    values
        (?, ?, ?, ?)
14:11:04,626 DEBUG SQL:104 - 
    insert 
    into
        DataPoint
        (xval, yval, description, id) 
    values
        (?, ?, ?, ?)
14:11:04,635 DEBUG SQL:104 - 
    insert 
    into
        DataPoint
        (xval, yval, description, id) 
    values
        (?, ?, ?, ?)
14:11:04,635 DEBUG SQL:104 - 
    insert 
    into
        DataPoint
        (xval, yval, description, id) 
    values
        (?, ?, ?, ?)
14:11:04,635 DEBUG SQL:104 - 
    insert 
    into
        DataPoint
        (xval, yval, description, id) 
    values
        (?, ?, ?, ?)
14:11:04,636 DEBUG SQL:104 - 
    insert 
    into
        DataPoint
        (xval, yval, description, id) 
    values
        (?, ?, ?, ?)
14:11:04,646 DEBUG SQL:104 - 
    insert 
    into
        DataPoint
        (xval, yval, description, id) 
    values
        (?, ?, ?, ?)
14:11:04,646 DEBUG SQL:104 - 
    insert 
    into
        DataPoint
        (xval, yval, description, id) 
    values
        (?, ?, ?, ?)
14:11:04,646 DEBUG SQL:104 - 
    insert 
    into
        DataPoint
        (xval, yval, description, id) 
    values
        (?, ?, ?, ?)
14:11:04,646 DEBUG SQL:104 - 
    insert 
    into
        DataPoint
        (xval, yval, description, id) 
    values
        (?, ?, ?, ?)
14:11:04,656 DEBUG SQL:104 - 
    insert 
    into
        DataPoint
        (xval, yval, description, id) 
    values
        (?, ?, ?, ?)
14:11:04,656 DEBUG SQL:104 - 
    insert 
    into
        DataPoint
        (xval, yval, description, id) 
    values
        (?, ?, ?, ?)
14:11:04,657 DEBUG SQL:104 - 
    insert 
    into
        DataPoint
        (xval, yval, description, id) 
    values
        (?, ?, ?, ?)
14:11:04,657 DEBUG SQL:104 - 
    insert 
    into
        DataPoint
        (xval, yval, description, id) 
    values
        (?, ?, ?, ?)
14:11:04,657 DEBUG SQL:104 - 
    insert 
    into
        DataPoint
        (xval, yval, description, id) 
    values
        (?, ?, ?, ?)
14:11:04,667 DEBUG SQL:104 - 
    insert 
    into
        DataPoint
        (xval, yval, description, id) 
    values
        (?, ?, ?, ?)
14:11:04,668 DEBUG SQL:104 - 
    insert 
    into
        DataPoint
        (xval, yval, description, id) 
    values
        (?, ?, ?, ?)
14:11:04,668 DEBUG SQL:104 - 
    insert 
    into
        DataPoint
        (xval, yval, description, id) 
    values
        (?, ?, ?, ?)
14:11:04,668 DEBUG SQL:104 - 
    insert 
    into
        DataPoint
        (xval, yval, description, id) 
    values
        (?, ?, ?, ?)
14:11:04,679 DEBUG SQL:104 - 
    insert 
    into
        DataPoint
        (xval, yval, description, id) 
    values
        (?, ?, ?, ?)
14:11:04,679 DEBUG SQL:104 - 
    insert 
    into
        DataPoint
        (xval, yval, description, id) 
    values
        (?, ?, ?, ?)
14:11:04,679 DEBUG SQL:104 - 
    insert 
    into
        DataPoint
        (xval, yval, description, id) 
    values
        (?, ?, ?, ?)
14:11:04,680 DEBUG SQL:104 - 
    insert 
    into
        DataPoint
        (xval, yval, description, id) 
    values
        (?, ?, ?, ?)
14:11:04,689 DEBUG SQL:104 - 
    insert 
    into
        DataPoint
        (xval, yval, description, id) 
    values
        (?, ?, ?, ?)
14:11:04,689 DEBUG SQL:104 - 
    insert 
    into
        DataPoint
        (xval, yval, description, id) 
    values
        (?, ?, ?, ?)
14:11:04,690 DEBUG SQL:104 - 
    insert 
    into
        DataPoint
        (xval, yval, description, id) 
    values
        (?, ?, ?, ?)
14:11:04,690 DEBUG SQL:104 - 
    insert 
    into
        DataPoint
        (xval, yval, description, id) 
    values
        (?, ?, ?, ?)
14:11:04,691 DEBUG SQL:104 - 
    insert 
    into
        DataPoint
        (xval, yval, description, id) 
    values
        (?, ?, ?, ?)
14:11:04,691 DEBUG SQL:104 - 
    insert 
    into
        DataPoint
        (xval, yval, description, id) 
    values
        (?, ?, ?, ?)
14:11:04,691 DEBUG SQL:104 - 
    insert 
    into
        DataPoint
        (xval, yval, description, id) 
    values
        (?, ?, ?, ?)
14:11:04,691 DEBUG SQL:104 - 
    insert 
    into
        DataPoint
        (xval, yval, description, id) 
    values
        (?, ?, ?, ?)
14:11:04,691 DEBUG SQL:104 - 
    insert 
    into
        DataPoint
        (xval, yval, description, id) 
    values
        (?, ?, ?, ?)
14:11:04,701 DEBUG SQL:104 - 
    insert 
    into
        DataPoint
        (xval, yval, description, id) 
    values
        (?, ?, ?, ?)
14:11:04,701 DEBUG SQL:104 - 
    insert 
    into
        DataPoint
        (xval, yval, description, id) 
    values
        (?, ?, ?, ?)
14:11:04,701 DEBUG SQL:104 - 
    insert 
    into
        DataPoint
        (xval, yval, description, id) 
    values
        (?, ?, ?, ?)
14:11:04,702 DEBUG SQL:104 - 
    insert 
    into
        DataPoint
        (xval, yval, description, id) 
    values
        (?, ?, ?, ?)
14:11:04,710 DEBUG SQL:104 - 
    insert 
    into
        DataPoint
        (xval, yval, description, id) 
    values
        (?, ?, ?, ?)
14:11:04,711 DEBUG SQL:104 - 
    insert 
    into
        DataPoint
        (xval, yval, description, id) 
    values
        (?, ?, ?, ?)
14:11:04,711 DEBUG SQL:104 - 
    insert 
    into
        DataPoint
        (xval, yval, description, id) 
    values
        (?, ?, ?, ?)
14:11:04,711 DEBUG SQL:104 - 
    insert 
    into
        DataPoint
        (xval, yval, description, id) 
    values
        (?, ?, ?, ?)
14:11:04,711 DEBUG SQL:104 - 
    insert 
    into
        DataPoint
        (xval, yval, description, id) 
    values
        (?, ?, ?, ?)
14:11:04,711 DEBUG SQL:104 - 
    insert 
    into
        DataPoint
        (xval, yval, description, id) 
    values
        (?, ?, ?, ?)
14:11:04,712 DEBUG SQL:104 - 
    insert 
    into
        DataPoint
        (xval, yval, description, id) 
    values
        (?, ?, ?, ?)
14:11:04,732 DEBUG SQL:104 - 
    insert 
    into
        DataPoint
        (xval, yval, description, id) 
    values
        (?, ?, ?, ?)
14:11:04,733 DEBUG SQL:104 - 
    insert 
    into
        DataPoint
        (xval, yval, description, id) 
    values
        (?, ?, ?, ?)
14:11:04,734 DEBUG SQL:104 - 
    insert 
    into
        DataPoint
        (xval, yval, description, id) 
    values
        (?, ?, ?, ?)
14:11:04,734 DEBUG SQL:104 - 
    insert 
    into
        DataPoint
        (xval, yval, description, id) 
    values
        (?, ?, ?, ?)
14:11:04,743 DEBUG SQL:104 - 
    insert 
    into
        DataPoint
        (xval, yval, description, id) 
    values
        (?, ?, ?, ?)
14:11:04,743 DEBUG SQL:104 - 
    insert 
    into
        DataPoint
        (xval, yval, description, id) 
    values
        (?, ?, ?, ?)
14:11:04,743 DEBUG SQL:104 - 
    insert 
    into
        DataPoint
        (xval, yval, description, id) 
    values
        (?, ?, ?, ?)
14:11:04,744 DEBUG SQL:104 - 
    insert 
    into
        DataPoint
        (xval, yval, description, id) 
    values
        (?, ?, ?, ?)
14:11:04,744 DEBUG SQL:104 - 
    insert 
    into
        DataPoint
        (xval, yval, description, id) 
    values
        (?, ?, ?, ?)
14:11:04,754 DEBUG SQL:104 - 
    insert 
    into
        DataPoint
        (xval, yval, description, id) 
    values
        (?, ?, ?, ?)
14:11:04,754 DEBUG SQL:104 - 
    insert 
    into
        DataPoint
        (xval, yval, description, id) 
    values
        (?, ?, ?, ?)
14:11:04,754 DEBUG SQL:104 - 
    insert 
    into
        DataPoint
        (xval, yval, description, id) 
    values
        (?, ?, ?, ?)
14:11:04,755 DEBUG SQL:104 - 
    insert 
    into
        DataPoint
        (xval, yval, description, id) 
    values
        (?, ?, ?, ?)
14:11:04,768 DEBUG SQL:104 - 
    insert 
    into
        DataPoint
        (xval, yval, description, id) 
    values
        (?, ?, ?, ?)
14:11:04,768 DEBUG SQL:104 - 
    insert 
    into
        DataPoint
        (xval, yval, description, id) 
    values
        (?, ?, ?, ?)
14:11:04,768 DEBUG SQL:104 - 
    insert 
    into
        DataPoint
        (xval, yval, description, id) 
    values
        (?, ?, ?, ?)
14:11:04,769 DEBUG SQL:104 - 
    insert 
    into
        DataPoint
        (xval, yval, description, id) 
    values
        (?, ?, ?, ?)
14:11:04,778 DEBUG SQL:104 - 
    insert 
    into
        DataPoint
        (xval, yval, description, id) 
    values
        (?, ?, ?, ?)
14:11:04,778 DEBUG SQL:104 - 
    insert 
    into
        DataPoint
        (xval, yval, description, id) 
    values
        (?, ?, ?, ?)
14:11:04,779 DEBUG SQL:104 - 
    insert 
    into
        DataPoint
        (xval, yval, description, id) 
    values
        (?, ?, ?, ?)
14:11:04,779 DEBUG SQL:104 - 
    insert 
    into
        DataPoint
        (xval, yval, description, id) 
    values
        (?, ?, ?, ?)
14:11:04,779 DEBUG SQL:104 - 
    insert 
    into
        DataPoint
        (xval, yval, description, id) 
    values
        (?, ?, ?, ?)
14:11:04,790 DEBUG SQL:104 - 
    insert 
    into
        DataPoint
        (xval, yval, description, id) 
    values
        (?, ?, ?, ?)
14:11:04,790 DEBUG SQL:104 - 
    insert 
    into
        DataPoint
        (xval, yval, description, id) 
    values
        (?, ?, ?, ?)
14:11:04,790 DEBUG SQL:104 - 
    insert 
    into
        DataPoint
        (xval, yval, description, id) 
    values
        (?, ?, ?, ?)
14:11:04,791 DEBUG SQL:104 - 
    insert 
    into
        DataPoint
        (xval, yval, description, id) 
    values
        (?, ?, ?, ?)
14:11:04,800 DEBUG SQL:104 - 
    insert 
    into
        DataPoint
        (xval, yval, description, id) 
    values
        (?, ?, ?, ?)
14:11:04,800 DEBUG SQL:104 - 
    insert 
    into
        DataPoint
        (xval, yval, description, id) 
    values
        (?, ?, ?, ?)
14:11:04,801 DEBUG SQL:104 - 
    insert 
    into
        DataPoint
        (xval, yval, description, id) 
    values
        (?, ?, ?, ?)
14:11:04,801 DEBUG SQL:104 - 
    insert 
    into
        DataPoint
        (xval, yval, description, id) 
    values
        (?, ?, ?, ?)
14:11:04,801 DEBUG SQL:104 - 
    insert 
    into
        DataPoint
        (xval, yval, description, id) 
    values
        (?, ?, ?, ?)
14:11:04,810 DEBUG SQL:104 - 
    insert 
    into
        DataPoint
        (xval, yval, description, id) 
    values
        (?, ?, ?, ?)
14:11:04,810 DEBUG SQL:104 - 
    insert 
    into
        DataPoint
        (xval, yval, description, id) 
    values
        (?, ?, ?, ?)
14:11:04,811 DEBUG SQL:104 - 
    insert 
    into
        DataPoint
        (xval, yval, description, id) 
    values
        (?, ?, ?, ?)
14:11:04,811 DEBUG SQL:104 - 
    insert 
    into
        DataPoint
        (xval, yval, description, id) 
    values
        (?, ?, ?, ?)
14:11:04,820 DEBUG SQL:104 - 
    insert 
    into
        DataPoint
        (xval, yval, description, id) 
    values
        (?, ?, ?, ?)
14:11:04,821 DEBUG SQL:104 - 
    insert 
    into
        DataPoint
        (xval, yval, description, id) 
    values
        (?, ?, ?, ?)
14:11:04,821 DEBUG SQL:104 - 
    insert 
    into
        DataPoint
        (xval, yval, description, id) 
    values
        (?, ?, ?, ?)
14:11:04,821 DEBUG SQL:104 - 
    insert 
    into
        DataPoint
        (xval, yval, description, id) 
    values
        (?, ?, ?, ?)
14:11:04,821 DEBUG SQL:104 - 
    insert 
    into
        DataPoint
        (xval, yval, description, id) 
    values
        (?, ?, ?, ?)
14:11:04,821 DEBUG SQL:104 - 
    insert 
    into
        DataPoint
        (xval, yval, description, id) 
    values
        (?, ?, ?, ?)
14:11:04,822 DEBUG SQL:104 - 
    insert 
    into
        DataPoint
        (xval, yval, description, id) 
    values
        (?, ?, ?, ?)
14:11:04,822 DEBUG SQL:104 - 
    insert 
    into
        DataPoint
        (xval, yval, description, id) 
    values
        (?, ?, ?, ?)
14:11:04,823 DEBUG SQL:104 - 
    insert 
    into
        DataPoint
        (xval, yval, description, id) 
    values
        (?, ?, ?, ?)
14:11:04,834 DEBUG SQL:104 - 
    insert 
    into
        DataPoint
        (xval, yval, description, id) 
    values
        (?, ?, ?, ?)
14:11:04,834 DEBUG SQL:104 - 
    insert 
    into
        DataPoint
        (xval, yval, description, id) 
    values
        (?, ?, ?, ?)
14:11:04,834 DEBUG SQL:104 - 
    insert 
    into
        DataPoint
        (xval, yval, description, id) 
    values
        (?, ?, ?, ?)
14:11:04,834 DEBUG SQL:104 - 
    insert 
    into
        DataPoint
        (xval, yval, description, id) 
    values
        (?, ?, ?, ?)
14:11:04,844 DEBUG SQL:104 - 
    insert 
    into
        DataPoint
        (xval, yval, description, id) 
    values
        (?, ?, ?, ?)
14:11:04,844 DEBUG SQL:104 - 
    insert 
    into
        DataPoint
        (xval, yval, description, id) 
    values
        (?, ?, ?, ?)
14:11:04,844 DEBUG SQL:104 - 
    insert 
    into
        DataPoint
        (xval, yval, description, id) 
    values
        (?, ?, ?, ?)
14:11:04,844 DEBUG SQL:104 - 
    insert 
    into
        DataPoint
        (xval, yval, description, id) 
    values
        (?, ?, ?, ?)
14:11:04,844 DEBUG SQL:104 - 
    insert 
    into
        DataPoint
        (xval, yval, description, id) 
    values
        (?, ?, ?, ?)
14:11:04,845 DEBUG SQL:104 - 
    insert 
    into
        DataPoint
        (xval, yval, description, id) 
    values
        (?, ?, ?, ?)
14:11:04,845 DEBUG SQL:104 - 
    insert 
    into
        DataPoint
        (xval, yval, description, id) 
    values
        (?, ?, ?, ?)
14:11:04,865 DEBUG SQL:104 - 
    insert 
    into
        DataPoint
        (xval, yval, description, id) 
    values
        (?, ?, ?, ?)
14:11:04,865 DEBUG SQL:104 - 
    insert 
    into
        DataPoint
        (xval, yval, description, id) 
    values
        (?, ?, ?, ?)
14:11:04,865 DEBUG SQL:104 - 
    insert 
    into
        DataPoint
        (xval, yval, description, id) 
    values
        (?, ?, ?, ?)
14:11:04,866 DEBUG SQL:104 - 
    insert 
    into
        DataPoint
        (xval, yval, description, id) 
    values
        (?, ?, ?, ?)
14:11:04,874 DEBUG SQL:104 - 
    insert 
    into
        DataPoint
        (xval, yval, description, id) 
    values
        (?, ?, ?, ?)
14:11:04,875 DEBUG SQL:104 - 
    insert 
    into
        DataPoint
        (xval, yval, description, id) 
    values
        (?, ?, ?, ?)
14:11:04,875 DEBUG SQL:104 - 
    insert 
    into
        DataPoint
        (xval, yval, description, id) 
    values
        (?, ?, ?, ?)
14:11:04,876 DEBUG SQL:104 - 
    insert 
    into
        DataPoint
        (xval, yval, description, id) 
    values
        (?, ?, ?, ?)
14:11:04,885 DEBUG SQL:104 - 
    insert 
    into
        DataPoint
        (xval, yval, description, id) 
    values
        (?, ?, ?, ?)
14:11:04,886 DEBUG SQL:104 - 
    insert 
    into
        DataPoint
        (xval, yval, description, id) 
    values
        (?, ?, ?, ?)
14:11:04,886 DEBUG SQL:104 - 
    insert 
    into
        DataPoint
        (xval, yval, description, id) 
    values
        (?, ?, ?, ?)
14:11:04,886 DEBUG SQL:104 - 
    insert 
    into
        DataPoint
        (xval, yval, description, id) 
    values
        (?, ?, ?, ?)
14:11:04,886 DEBUG SQL:104 - 
    insert 
    into
        DataPoint
        (xval, yval, description, id) 
    values
        (?, ?, ?, ?)
14:11:04,896 DEBUG SQL:104 - 
    insert 
    into
        DataPoint
        (xval, yval, description, id) 
    values
        (?, ?, ?, ?)
14:11:04,896 DEBUG SQL:104 - 
    insert 
    into
        DataPoint
        (xval, yval, description, id) 
    values
        (?, ?, ?, ?)
14:11:04,897 DEBUG SQL:104 - 
    insert 
    into
        DataPoint
        (xval, yval, description, id) 
    values
        (?, ?, ?, ?)
14:11:04,897 DEBUG SQL:104 - 
    insert 
    into
        DataPoint
        (xval, yval, description, id) 
    values
        (?, ?, ?, ?)
14:11:04,907 DEBUG SQL:104 - 
    insert 
    into
        DataPoint
        (xval, yval, description, id) 
    values
        (?, ?, ?, ?)
14:11:04,907 DEBUG SQL:104 - 
    insert 
    into
        DataPoint
        (xval, yval, description, id) 
    values
        (?, ?, ?, ?)
14:11:04,907 DEBUG SQL:104 - 
    insert 
    into
        DataPoint
        (xval, yval, description, id) 
    values
        (?, ?, ?, ?)
14:11:04,907 DEBUG SQL:104 - 
    insert 
    into
        DataPoint
        (xval, yval, description, id) 
    values
        (?, ?, ?, ?)
14:11:04,917 DEBUG SQL:104 - 
    insert 
    into
        DataPoint
        (xval, yval, description, id) 
    values
        (?, ?, ?, ?)
14:11:04,918 DEBUG SQL:104 - 
    insert 
    into
        DataPoint
        (xval, yval, description, id) 
    values
        (?, ?, ?, ?)
14:11:04,918 DEBUG SQL:104 - 
    insert 
    into
        DataPoint
        (xval, yval, description, id) 
    values
        (?, ?, ?, ?)
14:11:04,918 DEBUG SQL:104 - 
    insert 
    into
        DataPoint
        (xval, yval, description, id) 
    values
        (?, ?, ?, ?)
14:11:04,918 DEBUG SQL:104 - 
    insert 
    into
        DataPoint
        (xval, yval, description, id) 
    values
        (?, ?, ?, ?)
14:11:04,926 DEBUG SQL:104 - 
    insert 
    into
        DataPoint
        (xval, yval, description, id) 
    values
        (?, ?, ?, ?)
14:11:04,927 DEBUG SQL:104 - 
    insert 
    into
        DataPoint
        (xval, yval, description, id) 
    values
        (?, ?, ?, ?)
14:11:04,928 DEBUG SQL:104 - 
    insert 
    into
        DataPoint
        (xval, yval, description, id) 
    values
        (?, ?, ?, ?)
14:11:04,928 DEBUG SQL:104 - 
    insert 
    into
        DataPoint
        (xval, yval, description, id) 
    values
        (?, ?, ?, ?)
14:11:04,938 DEBUG SQL:104 - 
    insert 
    into
        DataPoint
        (xval, yval, description, id) 
    values
        (?, ?, ?, ?)
14:11:04,938 DEBUG SQL:104 - 
    insert 
    into
        DataPoint
        (xval, yval, description, id) 
    values
        (?, ?, ?, ?)
14:11:04,938 DEBUG SQL:104 - 
    insert 
    into
        DataPoint
        (xval, yval, description, id) 
    values
        (?, ?, ?, ?)
14:11:04,938 DEBUG SQL:104 - 
    insert 
    into
        DataPoint
        (xval, yval, description, id) 
    values
        (?, ?, ?, ?)
14:11:04,949 DEBUG SQL:104 - 
    insert 
    into
        DataPoint
        (xval, yval, description, id) 
    values
        (?, ?, ?, ?)
14:11:04,949 DEBUG SQL:104 - 
    insert 
    into
        DataPoint
        (xval, yval, description, id) 
    values
        (?, ?, ?, ?)
14:11:04,949 DEBUG SQL:104 - 
    insert 
    into
        DataPoint
        (xval, yval, description, id) 
    values
        (?, ?, ?, ?)
14:11:04,950 DEBUG SQL:104 - 
    insert 
    into
        DataPoint
        (xval, yval, description, id) 
    values
        (?, ?, ?, ?)
14:11:04,950 DEBUG SQL:104 - 
    insert 
    into
        DataPoint
        (xval, yval, description, id) 
    values
        (?, ?, ?, ?)
14:11:04,950 DEBUG SQL:104 - 
    insert 
    into
        DataPoint
        (xval, yval, description, id) 
    values
        (?, ?, ?, ?)
14:11:04,950 DEBUG SQL:104 - 
    insert 
    into
        DataPoint
        (xval, yval, description, id) 
    values
        (?, ?, ?, ?)
14:11:04,950 DEBUG SQL:104 - 
    insert 
    into
        DataPoint
        (xval, yval, description, id) 
    values
        (?, ?, ?, ?)
14:11:04,950 DEBUG SQL:104 - 
    insert 
    into
        DataPoint
        (xval, yval, description, id) 
    values
        (?, ?, ?, ?)
14:11:04,961 DEBUG SQL:104 - 
    insert 
    into
        DataPoint
        (xval, yval, description, id) 
    values
        (?, ?, ?, ?)
14:11:04,961 DEBUG SQL:104 - 
    insert 
    into
        DataPoint
        (xval, yval, description, id) 
    values
        (?, ?, ?, ?)
14:11:04,962 DEBUG SQL:104 - 
    insert 
    into
        DataPoint
        (xval, yval, description, id) 
    values
        (?, ?, ?, ?)
14:11:04,962 DEBUG SQL:104 - 
    insert 
    into
        DataPoint
        (xval, yval, description, id) 
    values
        (?, ?, ?, ?)
14:11:04,973 DEBUG SQL:104 - 
    insert 
    into
        DataPoint
        (xval, yval, description, id) 
    values
        (?, ?, ?, ?)
14:11:04,974 DEBUG SQL:104 - 
    insert 
    into
        DataPoint
        (xval, yval, description, id) 
    values
        (?, ?, ?, ?)
14:11:04,974 DEBUG SQL:104 - 
    insert 
    into
        DataPoint
        (xval, yval, description, id) 
    values
        (?, ?, ?, ?)
14:11:04,974 DEBUG SQL:104 - 
    insert 
    into
        DataPoint
        (xval, yval, description, id) 
    values
        (?, ?, ?, ?)
14:11:04,974 DEBUG SQL:104 - 
    insert 
    into
        DataPoint
        (xval, yval, description, id) 
    values
        (?, ?, ?, ?)
14:11:04,974 DEBUG SQL:104 - 
    insert 
    into
        DataPoint
        (xval, yval, description, id) 
    values
        (?, ?, ?, ?)
14:11:04,974 DEBUG SQL:104 - 
    insert 
    into
        DataPoint
        (xval, yval, description, id) 
    values
        (?, ?, ?, ?)
14:11:04,996 DEBUG SQL:104 - 
    insert 
    into
        DataPoint
        (xval, yval, description, id) 
    values
        (?, ?, ?, ?)
14:11:04,997 DEBUG SQL:104 - 
    insert 
    into
        DataPoint
        (xval, yval, description, id) 
    values
        (?, ?, ?, ?)
14:11:04,997 DEBUG SQL:104 - 
    insert 
    into
        DataPoint
        (xval, yval, description, id) 
    values
        (?, ?, ?, ?)
14:11:04,997 DEBUG SQL:104 - 
    insert 
    into
        DataPoint
        (xval, yval, description, id) 
    values
        (?, ?, ?, ?)
14:11:04,997 DEBUG SQL:104 - 
    insert 
    into
        DataPoint
        (xval, yval, description, id) 
    values
        (?, ?, ?, ?)
14:11:04,997 DEBUG SQL:104 - 
    insert 
    into
        DataPoint
        (xval, yval, description, id) 
    values
        (?, ?, ?, ?)
14:11:04,998 DEBUG SQL:104 - 
    insert 
    into
        DataPoint
        (xval, yval, description, id) 
    values
        (?, ?, ?, ?)
14:11:04,998 DEBUG SQL:104 - 
    insert 
    into
        DataPoint
        (xval, yval, description, id) 
    values
        (?, ?, ?, ?)
14:11:04,998 DEBUG SQL:104 - 
    insert 
    into
        DataPoint
        (xval, yval, description, id) 
    values
        (?, ?, ?, ?)
14:11:04,998 DEBUG SQL:104 - 
    insert 
    into
        DataPoint
        (xval, yval, description, id) 
    values
        (?, ?, ?, ?)
14:11:04,998 DEBUG SQL:104 - 
    insert 
    into
        DataPoint
        (xval, yval, description, id) 
    values
        (?, ?, ?, ?)
14:11:05,029 DEBUG SQL:104 - 
    insert 
    into
        DataPoint
        (xval, yval, description, id) 
    values
        (?, ?, ?, ?)
14:11:05,030 DEBUG SQL:104 - 
    insert 
    into
        DataPoint
        (xval, yval, description, id) 
    values
        (?, ?, ?, ?)
14:11:05,031 DEBUG SQL:104 - 
    insert 
    into
        DataPoint
        (xval, yval, description, id) 
    values
        (?, ?, ?, ?)
14:11:05,031 DEBUG SQL:104 - 
    insert 
    into
        DataPoint
        (xval, yval, description, id) 
    values
        (?, ?, ?, ?)
14:11:05,031 DEBUG SQL:104 - 
    insert 
    into
        DataPoint
        (xval, yval, description, id) 
    values
        (?, ?, ?, ?)
14:11:05,031 DEBUG SQL:104 - 
    insert 
    into
        DataPoint
        (xval, yval, description, id) 
    values
        (?, ?, ?, ?)
14:11:05,032 DEBUG SQL:104 - 
    insert 
    into
        DataPoint
        (xval, yval, description, id) 
    values
        (?, ?, ?, ?)
14:11:05,032 DEBUG SQL:104 - 
    insert 
    into
        DataPoint
        (xval, yval, description, id) 
    values
        (?, ?, ?, ?)
14:11:05,032 DEBUG SQL:104 - 
    insert 
    into
        DataPoint
        (xval, yval, description, id) 
    values
        (?, ?, ?, ?)
14:11:05,032 DEBUG SQL:104 - 
    insert 
    into
        DataPoint
        (xval, yval, description, id) 
    values
        (?, ?, ?, ?)
14:11:05,032 DEBUG SQL:104 - 
    insert 
    into
        DataPoint
        (xval, yval, description, id) 
    values
        (?, ?, ?, ?)
14:11:05,033 DEBUG SQL:104 - 
    insert 
    into
        DataPoint
        (xval, yval, description, id) 
    values
        (?, ?, ?, ?)
14:11:05,033 DEBUG SQL:104 - 
    insert 
    into
        DataPoint
        (xval, yval, description, id) 
    values
        (?, ?, ?, ?)
14:11:05,033 DEBUG SQL:104 - 
    insert 
    into
        DataPoint
        (xval, yval, description, id) 
    values
        (?, ?, ?, ?)
14:11:05,055 DEBUG SQL:104 - 
    insert 
    into
        DataPoint
        (xval, yval, description, id) 
    values
        (?, ?, ?, ?)
14:11:05,056 DEBUG SQL:104 - 
    insert 
    into
        DataPoint
        (xval, yval, description, id) 
    values
        (?, ?, ?, ?)
14:11:05,056 DEBUG SQL:104 - 
    insert 
    into
        DataPoint
        (xval, yval, description, id) 
    values
        (?, ?, ?, ?)
14:11:05,056 DEBUG SQL:104 - 
    insert 
    into
        DataPoint
        (xval, yval, description, id) 
    values
        (?, ?, ?, ?)
14:11:05,067 DEBUG SQL:104 - 
    insert 
    into
        DataPoint
        (xval, yval, description, id) 
    values
        (?, ?, ?, ?)
14:11:05,068 DEBUG SQL:104 - 
    insert 
    into
        DataPoint
        (xval, yval, description, id) 
    values
        (?, ?, ?, ?)
14:11:05,068 DEBUG SQL:104 - 
    insert 
    into
        DataPoint
        (xval, yval, description, id) 
    values
        (?, ?, ?, ?)
14:11:05,068 DEBUG SQL:104 - 
    insert 
    into
        DataPoint
        (xval, yval, description, id) 
    values
        (?, ?, ?, ?)
14:11:05,069 DEBUG SQL:104 - 
    insert 
    into
        DataPoint
        (xval, yval, description, id) 
    values
        (?, ?, ?, ?)
14:11:05,078 DEBUG SQL:104 - 
    insert 
    into
        DataPoint
        (xval, yval, description, id) 
    values
        (?, ?, ?, ?)
14:11:05,079 DEBUG SQL:104 - 
    insert 
    into
        DataPoint
        (xval, yval, description, id) 
    values
        (?, ?, ?, ?)
14:11:05,079 DEBUG SQL:104 - 
    insert 
    into
        DataPoint
        (xval, yval, description, id) 
    values
        (?, ?, ?, ?)
14:11:05,079 DEBUG SQL:104 - 
    insert 
    into
        DataPoint
        (xval, yval, description, id) 
    values
        (?, ?, ?, ?)
14:11:05,079 DEBUG SQL:104 - 
    insert 
    into
        DataPoint
        (xval, yval, description, id) 
    values
        (?, ?, ?, ?)
14:11:05,079 DEBUG SQL:104 - 
    insert 
    into
        DataPoint
        (xval, yval, description, id) 
    values
        (?, ?, ?, ?)
14:11:05,080 DEBUG SQL:104 - 
    insert 
    into
        DataPoint
        (xval, yval, description, id) 
    values
        (?, ?, ?, ?)
14:11:05,080 DEBUG SQL:104 - 
    insert 
    into
        DataPoint
        (xval, yval, description, id) 
    values
        (?, ?, ?, ?)
14:11:05,094 DEBUG SQL:104 - 
    insert 
    into
        DataPoint
        (xval, yval, description, id) 
    values
        (?, ?, ?, ?)
14:11:05,094 DEBUG SQL:104 - 
    insert 
    into
        DataPoint
        (xval, yval, description, id) 
    values
        (?, ?, ?, ?)
14:11:05,094 DEBUG SQL:104 - 
    insert 
    into
        DataPoint
        (xval, yval, description, id) 
    values
        (?, ?, ?, ?)
14:11:05,094 DEBUG SQL:104 - 
    insert 
    into
        DataPoint
        (xval, yval, description, id) 
    values
        (?, ?, ?, ?)
14:11:05,094 DEBUG SQL:104 - 
    insert 
    into
        DataPoint
        (xval, yval, description, id) 
    values
        (?, ?, ?, ?)
14:11:05,105 DEBUG SQL:104 - 
    insert 
    into
        DataPoint
        (xval, yval, description, id) 
    values
        (?, ?, ?, ?)
14:11:05,105 DEBUG SQL:104 - 
    insert 
    into
        DataPoint
        (xval, yval, description, id) 
    values
        (?, ?, ?, ?)
14:11:05,105 DEBUG SQL:104 - 
    insert 
    into
        DataPoint
        (xval, yval, description, id) 
    values
        (?, ?, ?, ?)
14:11:05,105 DEBUG SQL:104 - 
    insert 
    into
        DataPoint
        (xval, yval, description, id) 
    values
        (?, ?, ?, ?)
14:11:05,105 DEBUG SQL:104 - 
    insert 
    into
        DataPoint
        (xval, yval, description, id) 
    values
        (?, ?, ?, ?)
14:11:05,106 DEBUG SQL:104 - 
    insert 
    into
        DataPoint
        (xval, yval, description, id) 
    values
        (?, ?, ?, ?)
14:11:05,128 DEBUG SQL:104 - 
    insert 
    into
        DataPoint
        (xval, yval, description, id) 
    values
        (?, ?, ?, ?)
14:11:05,128 DEBUG SQL:104 - 
    insert 
    into
        DataPoint
        (xval, yval, description, id) 
    values
        (?, ?, ?, ?)
14:11:05,128 DEBUG SQL:104 - 
    insert 
    into
        DataPoint
        (xval, yval, description, id) 
    values
        (?, ?, ?, ?)
14:11:05,128 DEBUG SQL:104 - 
    insert 
    into
        DataPoint
        (xval, yval, description, id) 
    values
        (?, ?, ?, ?)
14:11:05,129 DEBUG SQL:104 - 
    insert 
    into
        DataPoint
        (xval, yval, description, id) 
    values
        (?, ?, ?, ?)
14:11:05,139 DEBUG SQL:104 - 
    insert 
    into
        DataPoint
        (xval, yval, description, id) 
    values
        (?, ?, ?, ?)
14:11:05,140 DEBUG SQL:104 - 
    insert 
    into
        DataPoint
        (xval, yval, description, id) 
    values
        (?, ?, ?, ?)
14:11:05,140 DEBUG SQL:104 - 
    insert 
    into
        DataPoint
        (xval, yval, description, id) 
    values
        (?, ?, ?, ?)
14:11:05,140 DEBUG SQL:104 - 
    insert 
    into
        DataPoint
        (xval, yval, description, id) 
    values
        (?, ?, ?, ?)
14:11:05,154 DEBUG SQL:104 - 
    insert 
    into
        DataPoint
        (xval, yval, description, id) 
    values
        (?, ?, ?, ?)
14:11:05,154 DEBUG SQL:104 - 
    insert 
    into
        DataPoint
        (xval, yval, description, id) 
    values
        (?, ?, ?, ?)
14:11:05,155 DEBUG SQL:104 - 
    insert 
    into
        DataPoint
        (xval, yval, description, id) 
    values
        (?, ?, ?, ?)
14:11:05,155 DEBUG SQL:104 - 
    insert 
    into
        DataPoint
        (xval, yval, description, id) 
    values
        (?, ?, ?, ?)
14:11:05,165 DEBUG SQL:104 - 
    insert 
    into
        DataPoint
        (xval, yval, description, id) 
    values
        (?, ?, ?, ?)
14:11:05,165 DEBUG SQL:104 - 
    insert 
    into
        DataPoint
        (xval, yval, description, id) 
    values
        (?, ?, ?, ?)
14:11:05,165 DEBUG SQL:104 - 
    insert 
    into
        DataPoint
        (xval, yval, description, id) 
    values
        (?, ?, ?, ?)
14:11:05,165 DEBUG SQL:104 - 
    insert 
    into
        DataPoint
        (xval, yval, description, id) 
    values
        (?, ?, ?, ?)
14:11:05,166 DEBUG SQL:104 - 
    insert 
    into
        DataPoint
        (xval, yval, description, id) 
    values
        (?, ?, ?, ?)
14:11:05,175 DEBUG SQL:104 - 
    insert 
    into
        DataPoint
        (xval, yval, description, id) 
    values
        (?, ?, ?, ?)
14:11:05,175 DEBUG SQL:104 - 
    insert 
    into
        DataPoint
        (xval, yval, description, id) 
    values
        (?, ?, ?, ?)
14:11:05,176 DEBUG SQL:104 - 
    insert 
    into
        DataPoint
        (xval, yval, description, id) 
    values
        (?, ?, ?, ?)
14:11:05,176 DEBUG SQL:104 - 
    insert 
    into
        DataPoint
        (xval, yval, description, id) 
    values
        (?, ?, ?, ?)
14:11:05,186 DEBUG SQL:104 - 
    insert 
    into
        DataPoint
        (xval, yval, description, id) 
    values
        (?, ?, ?, ?)
14:11:05,187 DEBUG SQL:104 - 
    insert 
    into
        DataPoint
        (xval, yval, description, id) 
    values
        (?, ?, ?, ?)
14:11:05,187 DEBUG SQL:104 - 
    insert 
    into
        DataPoint
        (xval, yval, description, id) 
    values
        (?, ?, ?, ?)
14:11:05,187 DEBUG SQL:104 - 
    insert 
    into
        DataPoint
        (xval, yval, description, id) 
    values
        (?, ?, ?, ?)
14:11:05,199 DEBUG SQL:104 - 
    insert 
    into
        DataPoint
        (xval, yval, description, id) 
    values
        (?, ?, ?, ?)
14:11:05,199 DEBUG SQL:104 - 
    insert 
    into
        DataPoint
        (xval, yval, description, id) 
    values
        (?, ?, ?, ?)
14:11:05,199 DEBUG SQL:104 - 
    insert 
    into
        DataPoint
        (xval, yval, description, id) 
    values
        (?, ?, ?, ?)
14:11:05,199 DEBUG SQL:104 - 
    insert 
    into
        DataPoint
        (xval, yval, description, id) 
    values
        (?, ?, ?, ?)
14:11:05,200 DEBUG SQL:104 - 
    insert 
    into
        DataPoint
        (xval, yval, description, id) 
    values
        (?, ?, ?, ?)
14:11:05,200 DEBUG SQL:104 - 
    insert 
    into
        DataPoint
        (xval, yval, description, id) 
    values
        (?, ?, ?, ?)
14:11:05,200 DEBUG SQL:104 - 
    insert 
    into
        DataPoint
        (xval, yval, description, id) 
    values
        (?, ?, ?, ?)
14:11:05,200 DEBUG SQL:104 - 
    insert 
    into
        DataPoint
        (xval, yval, description, id) 
    values
        (?, ?, ?, ?)
14:11:05,200 DEBUG SQL:104 - 
    insert 
    into
        DataPoint
        (xval, yval, description, id) 
    values
        (?, ?, ?, ?)
14:11:05,212 DEBUG SQL:104 - 
    insert 
    into
        DataPoint
        (xval, yval, description, id) 
    values
        (?, ?, ?, ?)
14:11:05,212 DEBUG SQL:104 - 
    insert 
    into
        DataPoint
        (xval, yval, description, id) 
    values
        (?, ?, ?, ?)
14:11:05,212 DEBUG SQL:104 - 
    insert 
    into
        DataPoint
        (xval, yval, description, id) 
    values
        (?, ?, ?, ?)
14:11:05,213 DEBUG SQL:104 - 
    insert 
    into
        DataPoint
        (xval, yval, description, id) 
    values
        (?, ?, ?, ?)
14:11:05,213 DEBUG SQL:104 - 
    insert 
    into
        DataPoint
        (xval, yval, description, id) 
    values
        (?, ?, ?, ?)
14:11:05,224 DEBUG SQL:104 - 
    insert 
    into
        DataPoint
        (xval, yval, description, id) 
    values
        (?, ?, ?, ?)
14:11:05,225 DEBUG SQL:104 - 
    insert 
    into
        DataPoint
        (xval, yval, description, id) 
    values
        (?, ?, ?, ?)
14:11:05,225 DEBUG SQL:104 - 
    insert 
    into
        DataPoint
        (xval, yval, description, id) 
    values
        (?, ?, ?, ?)
14:11:05,225 DEBUG SQL:104 - 
    insert 
    into
        DataPoint
        (xval, yval, description, id) 
    values
        (?, ?, ?, ?)
14:11:05,226 DEBUG SQL:104 - 
    insert 
    into
        DataPoint
        (xval, yval, description, id) 
    values
        (?, ?, ?, ?)
14:11:05,226 DEBUG SQL:104 - 
    insert 
    into
        DataPoint
        (xval, yval, description, id) 
    values
        (?, ?, ?, ?)
14:11:05,247 DEBUG SQL:104 - 
    insert 
    into
        DataPoint
        (xval, yval, description, id) 
    values
        (?, ?, ?, ?)
14:11:05,248 DEBUG SQL:104 - 
    insert 
    into
        DataPoint
        (xval, yval, description, id) 
    values
        (?, ?, ?, ?)
14:11:05,248 DEBUG SQL:104 - 
    insert 
    into
        DataPoint
        (xval, yval, description, id) 
    values
        (?, ?, ?, ?)
14:11:05,248 DEBUG SQL:104 - 
    insert 
    into
        DataPoint
        (xval, yval, description, id) 
    values
        (?, ?, ?, ?)
14:11:05,259 DEBUG SQL:104 - 
    insert 
    into
        DataPoint
        (xval, yval, description, id) 
    values
        (?, ?, ?, ?)
14:11:05,259 DEBUG SQL:104 - 
    insert 
    into
        DataPoint
        (xval, yval, description, id) 
    values
        (?, ?, ?, ?)
14:11:05,259 DEBUG SQL:104 - 
    insert 
    into
        DataPoint
        (xval, yval, description, id) 
    values
        (?, ?, ?, ?)
14:11:05,259 DEBUG SQL:104 - 
    insert 
    into
        DataPoint
        (xval, yval, description, id) 
    values
        (?, ?, ?, ?)
14:11:05,260 DEBUG SQL:104 - 
    insert 
    into
        DataPoint
        (xval, yval, description, id) 
    values
        (?, ?, ?, ?)
14:11:05,271 DEBUG SQL:104 - 
    insert 
    into
        DataPoint
        (xval, yval, description, id) 
    values
        (?, ?, ?, ?)
14:11:05,272 DEBUG SQL:104 - 
    insert 
    into
        DataPoint
        (xval, yval, description, id) 
    values
        (?, ?, ?, ?)
14:11:05,272 DEBUG SQL:104 - 
    insert 
    into
        DataPoint
        (xval, yval, description, id) 
    values
        (?, ?, ?, ?)
14:11:05,272 DEBUG SQL:104 - 
    insert 
    into
        DataPoint
        (xval, yval, description, id) 
    values
        (?, ?, ?, ?)
14:11:05,285 DEBUG SQL:104 - 
    insert 
    into
        DataPoint
        (xval, yval, description, id) 
    values
        (?, ?, ?, ?)
14:11:05,286 DEBUG SQL:104 - 
    insert 
    into
        DataPoint
        (xval, yval, description, id) 
    values
        (?, ?, ?, ?)
14:11:05,287 DEBUG SQL:104 - 
    insert 
    into
        DataPoint
        (xval, yval, description, id) 
    values
        (?, ?, ?, ?)
14:11:05,287 DEBUG SQL:104 - 
    insert 
    into
        DataPoint
        (xval, yval, description, id) 
    values
        (?, ?, ?, ?)
14:11:05,287 DEBUG SQL:104 - 
    insert 
    into
        DataPoint
        (xval, yval, description, id) 
    values
        (?, ?, ?, ?)
14:11:05,303 DEBUG SQL:104 - 
    insert 
    into
        DataPoint
        (xval, yval, description, id) 
    values
        (?, ?, ?, ?)
14:11:05,303 DEBUG SQL:104 - 
    insert 
    into
        DataPoint
        (xval, yval, description, id) 
    values
        (?, ?, ?, ?)
14:11:05,303 DEBUG SQL:104 - 
    insert 
    into
        DataPoint
        (xval, yval, description, id) 
    values
        (?, ?, ?, ?)
14:11:05,304 DEBUG SQL:104 - 
    insert 
    into
        DataPoint
        (xval, yval, description, id) 
    values
        (?, ?, ?, ?)
14:11:05,314 DEBUG SQL:104 - 
    insert 
    into
        DataPoint
        (xval, yval, description, id) 
    values
        (?, ?, ?, ?)
14:11:05,314 DEBUG SQL:104 - 
    insert 
    into
        DataPoint
        (xval, yval, description, id) 
    values
        (?, ?, ?, ?)
14:11:05,315 DEBUG SQL:104 - 
    insert 
    into
        DataPoint
        (xval, yval, description, id) 
    values
        (?, ?, ?, ?)
14:11:05,315 DEBUG SQL:104 - 
    insert 
    into
        DataPoint
        (xval, yval, description, id) 
    values
        (?, ?, ?, ?)
14:11:05,328 DEBUG SQL:104 - 
    insert 
    into
        DataPoint
        (xval, yval, description, id) 
    values
        (?, ?, ?, ?)
14:11:05,329 DEBUG SQL:104 - 
    insert 
    into
        DataPoint
        (xval, yval, description, id) 
    values
        (?, ?, ?, ?)
14:11:05,329 DEBUG SQL:104 - 
    insert 
    into
        DataPoint
        (xval, yval, description, id) 
    values
        (?, ?, ?, ?)
14:11:05,329 DEBUG SQL:104 - 
    insert 
    into
        DataPoint
        (xval, yval, description, id) 
    values
        (?, ?, ?, ?)
14:11:05,329 DEBUG SQL:104 - 
    insert 
    into
        DataPoint
        (xval, yval, description, id) 
    values
        (?, ?, ?, ?)
14:11:05,329 DEBUG SQL:104 - 
    insert 
    into
        DataPoint
        (xval, yval, description, id) 
    values
        (?, ?, ?, ?)
14:11:05,329 DEBUG SQL:104 - 
    insert 
    into
        DataPoint
        (xval, yval, description, id) 
    values
        (?, ?, ?, ?)
14:11:05,330 DEBUG SQL:104 - 
    insert 
    into
        DataPoint
        (xval, yval, description, id) 
    values
        (?, ?, ?, ?)
14:11:05,331 DEBUG SQL:104 - 
    insert 
    into
        DataPoint
        (xval, yval, description, id) 
    values
        (?, ?, ?, ?)
14:11:05,346 DEBUG SQL:104 - 
    insert 
    into
        DataPoint
        (xval, yval, description, id) 
    values
        (?, ?, ?, ?)
14:11:05,346 DEBUG SQL:104 - 
    insert 
    into
        DataPoint
        (xval, yval, description, id) 
    values
        (?, ?, ?, ?)
14:11:05,347 DEBUG SQL:104 - 
    insert 
    into
        DataPoint
        (xval, yval, description, id) 
    values
        (?, ?, ?, ?)
14:11:05,347 DEBUG SQL:104 - 
    insert 
    into
        DataPoint
        (xval, yval, description, id) 
    values
        (?, ?, ?, ?)
14:11:05,358 DEBUG SQL:104 - 
    insert 
    into
        DataPoint
        (xval, yval, description, id) 
    values
        (?, ?, ?, ?)
14:11:05,359 DEBUG SQL:104 - 
    insert 
    into
        DataPoint
        (xval, yval, description, id) 
    values
        (?, ?, ?, ?)
14:11:05,359 DEBUG SQL:104 - 
    insert 
    into
        DataPoint
        (xval, yval, description, id) 
    values
        (?, ?, ?, ?)
14:11:05,359 DEBUG SQL:104 - 
    insert 
    into
        DataPoint
        (xval, yval, description, id) 
    values
        (?, ?, ?, ?)
14:11:05,359 DEBUG SQL:104 - 
    insert 
    into
        DataPoint
        (xval, yval, description, id) 
    values
        (?, ?, ?, ?)
14:11:05,359 DEBUG SQL:104 - 
    insert 
    into
        DataPoint
        (xval, yval, description, id) 
    values
        (?, ?, ?, ?)
14:11:05,360 DEBUG SQL:104 - 
    insert 
    into
        DataPoint
        (xval, yval, description, id) 
    values
        (?, ?, ?, ?)
14:11:05,385 DEBUG SQL:104 - 
    insert 
    into
        DataPoint
        (xval, yval, description, id) 
    values
        (?, ?, ?, ?)
14:11:05,385 DEBUG SQL:104 - 
    insert 
    into
        DataPoint
        (xval, yval, description, id) 
    values
        (?, ?, ?, ?)
14:11:05,385 DEBUG SQL:104 - 
    insert 
    into
        DataPoint
        (xval, yval, description, id) 
    values
        (?, ?, ?, ?)
14:11:05,386 DEBUG SQL:104 - 
    insert 
    into
        DataPoint
        (xval, yval, description, id) 
    values
        (?, ?, ?, ?)
14:11:05,400 DEBUG SQL:104 - 
    insert 
    into
        DataPoint
        (xval, yval, description, id) 
    values
        (?, ?, ?, ?)
14:11:05,400 DEBUG SQL:104 - 
    insert 
    into
        DataPoint
        (xval, yval, description, id) 
    values
        (?, ?, ?, ?)
14:11:05,400 DEBUG SQL:104 - 
    insert 
    into
        DataPoint
        (xval, yval, description, id) 
    values
        (?, ?, ?, ?)
14:11:05,400 DEBUG SQL:104 - 
    insert 
    into
        DataPoint
        (xval, yval, description, id) 
    values
        (?, ?, ?, ?)
14:11:05,401 DEBUG SQL:104 - 
    insert 
    into
        DataPoint
        (xval, yval, description, id) 
    values
        (?, ?, ?, ?)
14:11:05,413 DEBUG SQL:104 - 
    insert 
    into
        DataPoint
        (xval, yval, description, id) 
    values
        (?, ?, ?, ?)
14:11:05,414 DEBUG SQL:104 - 
    insert 
    into
        DataPoint
        (xval, yval, description, id) 
    values
        (?, ?, ?, ?)
14:11:05,414 DEBUG SQL:104 - 
    insert 
    into
        DataPoint
        (xval, yval, description, id) 
    values
        (?, ?, ?, ?)
14:11:05,414 DEBUG SQL:104 - 
    insert 
    into
        DataPoint
        (xval, yval, description, id) 
    values
        (?, ?, ?, ?)
14:11:05,428 DEBUG SQL:104 - 
    insert 
    into
        DataPoint
        (xval, yval, description, id) 
    values
        (?, ?, ?, ?)
14:11:05,428 DEBUG SQL:104 - 
    insert 
    into
        DataPoint
        (xval, yval, description, id) 
    values
        (?, ?, ?, ?)
14:11:05,428 DEBUG SQL:104 - 
    insert 
    into
        DataPoint
        (xval, yval, description, id) 
    values
        (?, ?, ?, ?)
14:11:05,428 DEBUG SQL:104 - 
    insert 
    into
        DataPoint
        (xval, yval, description, id) 
    values
        (?, ?, ?, ?)
14:11:05,438 DEBUG SQL:104 - 
    insert 
    into
        DataPoint
        (xval, yval, description, id) 
    values
        (?, ?, ?, ?)
14:11:05,438 DEBUG SQL:104 - 
    insert 
    into
        DataPoint
        (xval, yval, description, id) 
    values
        (?, ?, ?, ?)
14:11:05,438 DEBUG SQL:104 - 
    insert 
    into
        DataPoint
        (xval, yval, description, id) 
    values
        (?, ?, ?, ?)
14:11:05,439 DEBUG SQL:104 - 
    insert 
    into
        DataPoint
        (xval, yval, description, id) 
    values
        (?, ?, ?, ?)
14:11:05,439 DEBUG SQL:104 - 
    insert 
    into
        DataPoint
        (xval, yval, description, id) 
    values
        (?, ?, ?, ?)
14:11:05,532 DEBUG SQL:104 - 
    insert 
    into
        DataPoint
        (xval, yval, description, id) 
    values
        (?, ?, ?, ?)
14:11:05,532 DEBUG SQL:104 - 
    insert 
    into
        DataPoint
        (xval, yval, description, id) 
    values
        (?, ?, ?, ?)
14:11:05,532 DEBUG SQL:104 - 
    insert 
    into
        DataPoint
        (xval, yval, description, id) 
    values
        (?, ?, ?, ?)
14:11:05,533 DEBUG SQL:104 - 
    insert 
    into
        DataPoint
        (xval, yval, description, id) 
    values
        (?, ?, ?, ?)
14:11:05,533 DEBUG SQL:104 - 
    insert 
    into
        DataPoint
        (xval, yval, description, id) 
    values
        (?, ?, ?, ?)
14:11:05,533 DEBUG SQL:104 - 
    insert 
    into
        DataPoint
        (xval, yval, description, id) 
    values
        (?, ?, ?, ?)
14:11:05,534 DEBUG SQL:104 - 
    insert 
    into
        DataPoint
        (xval, yval, description, id) 
    values
        (?, ?, ?, ?)
14:11:05,534 DEBUG SQL:104 - 
    insert 
    into
        DataPoint
        (xval, yval, description, id) 
    values
        (?, ?, ?, ?)
14:11:05,620 DEBUG SQL:104 - 
    insert 
    into
        DataPoint
        (xval, yval, description, id) 
    values
        (?, ?, ?, ?)
14:11:05,623 DEBUG SQL:104 - 
    insert 
    into
        DataPoint
        (xval, yval, description, id) 
    values
        (?, ?, ?, ?)
14:11:05,624 DEBUG SQL:104 - 
    insert 
    into
        DataPoint
        (xval, yval, description, id) 
    values
        (?, ?, ?, ?)
14:11:05,624 DEBUG SQL:104 - 
    insert 
    into
        DataPoint
        (xval, yval, description, id) 
    values
        (?, ?, ?, ?)
14:11:05,624 DEBUG SQL:104 - 
    insert 
    into
        DataPoint
        (xval, yval, description, id) 
    values
        (?, ?, ?, ?)
14:11:05,660 DEBUG SQL:104 - 
    insert 
    into
        DataPoint
        (xval, yval, description, id) 
    values
        (?, ?, ?, ?)
14:11:05,664 DEBUG SQL:104 - 
    insert 
    into
        DataPoint
        (xval, yval, description, id) 
    values
        (?, ?, ?, ?)
14:11:05,683 DEBUG SQL:104 - 
    insert 
    into
        DataPoint
        (xval, yval, description, id) 
    values
        (?, ?, ?, ?)
14:11:05,684 DEBUG SQL:104 - 
    insert 
    into
        DataPoint
        (xval, yval, description, id) 
    values
        (?, ?, ?, ?)
14:11:05,684 DEBUG SQL:104 - 
    insert 
    into
        DataPoint
        (xval, yval, description, id) 
    values
        (?, ?, ?, ?)
14:11:05,684 DEBUG SQL:104 - 
    insert 
    into
        DataPoint
        (xval, yval, description, id) 
    values
        (?, ?, ?, ?)
14:11:05,755 DEBUG SQL:104 - 
    insert 
    into
        DataPoint
        (xval, yval, description, id) 
    values
        (?, ?, ?, ?)
14:11:05,755 DEBUG SQL:104 - 
    insert 
    into
        DataPoint
        (xval, yval, description, id) 
    values
        (?, ?, ?, ?)
14:11:05,756 DEBUG SQL:104 - 
    insert 
    into
        DataPoint
        (xval, yval, description, id) 
    values
        (?, ?, ?, ?)
14:11:05,756 DEBUG SQL:104 - 
    insert 
    into
        DataPoint
        (xval, yval, description, id) 
    values
        (?, ?, ?, ?)
14:11:05,756 DEBUG SQL:104 - 
    insert 
    into
        DataPoint
        (xval, yval, description, id) 
    values
        (?, ?, ?, ?)
14:11:05,780 DEBUG SQL:104 - 
    insert 
    into
        DataPoint
        (xval, yval, description, id) 
    values
        (?, ?, ?, ?)
14:11:05,781 DEBUG SQL:104 - 
    insert 
    into
        DataPoint
        (xval, yval, description, id) 
    values
        (?, ?, ?, ?)
14:11:05,781 DEBUG SQL:104 - 
    insert 
    into
        DataPoint
        (xval, yval, description, id) 
    values
        (?, ?, ?, ?)
14:11:05,782 DEBUG SQL:104 - 
    insert 
    into
        DataPoint
        (xval, yval, description, id) 
    values
        (?, ?, ?, ?)
14:11:05,786 DEBUG SQL:104 - 
    insert 
    into
        DataPoint
        (xval, yval, description, id) 
    values
        (?, ?, ?, ?)
14:11:05,786 DEBUG SQL:104 - 
    insert 
    into
        DataPoint
        (xval, yval, description, id) 
    values
        (?, ?, ?, ?)
14:11:05,786 DEBUG SQL:104 - 
    insert 
    into
        DataPoint
        (xval, yval, description, id) 
    values
        (?, ?, ?, ?)
14:11:05,787 DEBUG SQL:104 - 
    insert 
    into
        DataPoint
        (xval, yval, description, id) 
    values
        (?, ?, ?, ?)
14:11:05,798 DEBUG SQL:104 - 
    insert 
    into
        DataPoint
        (xval, yval, description, id) 
    values
        (?, ?, ?, ?)
14:11:05,799 DEBUG SQL:104 - 
    insert 
    into
        DataPoint
        (xval, yval, description, id) 
    values
        (?, ?, ?, ?)
14:11:05,799 DEBUG SQL:104 - 
    insert 
    into
        DataPoint
        (xval, yval, description, id) 
    values
        (?, ?, ?, ?)
14:11:05,835 DEBUG SQL:104 - 
    insert 
    into
        DataPoint
        (xval, yval, description, id) 
    values
        (?, ?, ?, ?)
14:11:05,835 DEBUG SQL:104 - 
    insert 
    into
        DataPoint
        (xval, yval, description, id) 
    values
        (?, ?, ?, ?)
14:11:05,835 DEBUG SQL:104 - 
    insert 
    into
        DataPoint
        (xval, yval, description, id) 
    values
        (?, ?, ?, ?)
14:11:05,836 DEBUG SQL:104 - 
    insert 
    into
        DataPoint
        (xval, yval, description, id) 
    values
        (?, ?, ?, ?)
14:11:05,836 DEBUG SQL:104 - 
    insert 
    into
        DataPoint
        (xval, yval, description, id) 
    values
        (?, ?, ?, ?)
14:11:05,836 DEBUG SQL:104 - 
    insert 
    into
        DataPoint
        (xval, yval, description, id) 
    values
        (?, ?, ?, ?)
14:11:05,836 DEBUG SQL:104 - 
    insert 
    into
        DataPoint
        (xval, yval, description, id) 
    values
        (?, ?, ?, ?)
14:11:05,836 DEBUG SQL:104 - 
    insert 
    into
        DataPoint
        (xval, yval, description, id) 
    values
        (?, ?, ?, ?)
14:11:05,836 DEBUG SQL:104 - 
    insert 
    into
        DataPoint
        (xval, yval, description, id) 
    values
        (?, ?, ?, ?)
14:11:05,837 DEBUG SQL:104 - 
    insert 
    into
        DataPoint
        (xval, yval, description, id) 
    values
        (?, ?, ?, ?)
14:11:05,837 DEBUG SQL:104 - 
    insert 
    into
        DataPoint
        (xval, yval, description, id) 
    values
        (?, ?, ?, ?)
14:11:05,911 DEBUG SQL:104 - 
    insert 
    into
        DataPoint
        (xval, yval, description, id) 
    values
        (?, ?, ?, ?)
14:11:05,911 DEBUG SQL:104 - 
    insert 
    into
        DataPoint
        (xval, yval, description, id) 
    values
        (?, ?, ?, ?)
14:11:05,912 DEBUG SQL:104 - 
    insert 
    into
        DataPoint
        (xval, yval, description, id) 
    values
        (?, ?, ?, ?)
14:11:05,912 DEBUG SQL:104 - 
    insert 
    into
        DataPoint
        (xval, yval, description, id) 
    values
        (?, ?, ?, ?)
14:11:05,912 DEBUG SQL:104 - 
    insert 
    into
        DataPoint
        (xval, yval, description, id) 
    values
        (?, ?, ?, ?)
14:11:05,912 DEBUG SQL:104 - 
    insert 
    into
        DataPoint
        (xval, yval, description, id) 
    values
        (?, ?, ?, ?)
14:11:05,912 DEBUG SQL:104 - 
    insert 
    into
        DataPoint
        (xval, yval, description, id) 
    values
        (?, ?, ?, ?)
14:11:05,912 DEBUG SQL:104 - 
    insert 
    into
        DataPoint
        (xval, yval, description, id) 
    values
        (?, ?, ?, ?)
14:11:05,913 DEBUG SQL:104 - 
    insert 
    into
        DataPoint
        (xval, yval, description, id) 
    values
        (?, ?, ?, ?)
14:11:05,924 DEBUG SQL:104 - 
    insert 
    into
        DataPoint
        (xval, yval, description, id) 
    values
        (?, ?, ?, ?)
14:11:05,925 DEBUG SQL:104 - 
    insert 
    into
        DataPoint
        (xval, yval, description, id) 
    values
        (?, ?, ?, ?)
14:11:05,925 DEBUG SQL:104 - 
    insert 
    into
        DataPoint
        (xval, yval, description, id) 
    values
        (?, ?, ?, ?)
14:11:05,925 DEBUG SQL:104 - 
    insert 
    into
        DataPoint
        (xval, yval, description, id) 
    values
        (?, ?, ?, ?)
14:11:05,950 DEBUG SQL:104 - 
    insert 
    into
        DataPoint
        (xval, yval, description, id) 
    values
        (?, ?, ?, ?)
14:11:05,951 DEBUG SQL:104 - 
    insert 
    into
        DataPoint
        (xval, yval, description, id) 
    values
        (?, ?, ?, ?)
14:11:05,951 DEBUG SQL:104 - 
    insert 
    into
        DataPoint
        (xval, yval, description, id) 
    values
        (?, ?, ?, ?)
14:11:05,951 DEBUG SQL:104 - 
    insert 
    into
        DataPoint
        (xval, yval, description, id) 
    values
        (?, ?, ?, ?)
14:11:05,951 DEBUG SQL:104 - 
    insert 
    into
        DataPoint
        (xval, yval, description, id) 
    values
        (?, ?, ?, ?)
14:11:05,951 DEBUG SQL:104 - 
    insert 
    into
        DataPoint
        (xval, yval, description, id) 
    values
        (?, ?, ?, ?)
14:11:05,952 DEBUG SQL:104 - 
    insert 
    into
        DataPoint
        (xval, yval, description, id) 
    values
        (?, ?, ?, ?)
14:11:05,993 DEBUG SQL:104 - 
    insert 
    into
        DataPoint
        (xval, yval, description, id) 
    values
        (?, ?, ?, ?)
14:11:05,993 DEBUG SQL:104 - 
    insert 
    into
        DataPoint
        (xval, yval, description, id) 
    values
        (?, ?, ?, ?)
14:11:05,994 DEBUG SQL:104 - 
    insert 
    into
        DataPoint
        (xval, yval, description, id) 
    values
        (?, ?, ?, ?)
14:11:05,994 DEBUG SQL:104 - 
    insert 
    into
        DataPoint
        (xval, yval, description, id) 
    values
        (?, ?, ?, ?)
14:11:06,038 DEBUG SQL:104 - 
    insert 
    into
        DataPoint
        (xval, yval, description, id) 
    values
        (?, ?, ?, ?)
14:11:06,038 DEBUG SQL:104 - 
    insert 
    into
        DataPoint
        (xval, yval, description, id) 
    values
        (?, ?, ?, ?)
14:11:06,039 DEBUG SQL:104 - 
    insert 
    into
        DataPoint
        (xval, yval, description, id) 
    values
        (?, ?, ?, ?)
14:11:06,039 DEBUG SQL:104 - 
    insert 
    into
        DataPoint
        (xval, yval, description, id) 
    values
        (?, ?, ?, ?)
14:11:06,039 DEBUG SQL:104 - 
    insert 
    into
        DataPoint
        (xval, yval, description, id) 
    values
        (?, ?, ?, ?)
14:11:06,039 DEBUG SQL:104 - 
    insert 
    into
        DataPoint
        (xval, yval, description, id) 
    values
        (?, ?, ?, ?)
14:11:06,039 DEBUG SQL:104 - 
    insert 
    into
        DataPoint
        (xval, yval, description, id) 
    values
        (?, ?, ?, ?)
14:11:06,039 DEBUG SQL:104 - 
    insert 
    into
        DataPoint
        (xval, yval, description, id) 
    values
        (?, ?, ?, ?)
14:11:06,040 DEBUG SQL:104 - 
    insert 
    into
        DataPoint
        (xval, yval, description, id) 
    values
        (?, ?, ?, ?)
14:11:06,040 DEBUG SQL:104 - 
    insert 
    into
        DataPoint
        (xval, yval, description, id) 
    values
        (?, ?, ?, ?)
14:11:06,040 DEBUG SQL:104 - 
    insert 
    into
        DataPoint
        (xval, yval, description, id) 
    values
        (?, ?, ?, ?)
14:11:06,040 DEBUG SQL:104 - 
    insert 
    into
        DataPoint
        (xval, yval, description, id) 
    values
        (?, ?, ?, ?)
14:11:06,041 DEBUG SQL:104 - 
    insert 
    into
        DataPoint
        (xval, yval, description, id) 
    values
        (?, ?, ?, ?)
14:11:06,041 DEBUG SQL:104 - 
    insert 
    into
        DataPoint
        (xval, yval, description, id) 
    values
        (?, ?, ?, ?)
14:11:06,041 DEBUG SQL:104 - 
    insert 
    into
        DataPoint
        (xval, yval, description, id) 
    values
        (?, ?, ?, ?)
14:11:06,041 DEBUG SQL:104 - 
    insert 
    into
        DataPoint
        (xval, yval, description, id) 
    values
        (?, ?, ?, ?)
14:11:06,058 DEBUG SQL:104 - 
    insert 
    into
        DataPoint
        (xval, yval, description, id) 
    values
        (?, ?, ?, ?)
14:11:06,058 DEBUG SQL:104 - 
    insert 
    into
        DataPoint
        (xval, yval, description, id) 
    values
        (?, ?, ?, ?)
14:11:06,059 DEBUG SQL:104 - 
    insert 
    into
        DataPoint
        (xval, yval, description, id) 
    values
        (?, ?, ?, ?)
14:11:06,059 DEBUG SQL:104 - 
    insert 
    into
        DataPoint
        (xval, yval, description, id) 
    values
        (?, ?, ?, ?)
14:11:06,074 DEBUG SQL:104 - 
    insert 
    into
        DataPoint
        (xval, yval, description, id) 
    values
        (?, ?, ?, ?)
14:11:06,074 DEBUG SQL:104 - 
    insert 
    into
        DataPoint
        (xval, yval, description, id) 
    values
        (?, ?, ?, ?)
14:11:06,075 DEBUG SQL:104 - 
    insert 
    into
        DataPoint
        (xval, yval, description, id) 
    values
        (?, ?, ?, ?)
14:11:06,075 DEBUG SQL:104 - 
    insert 
    into
        DataPoint
        (xval, yval, description, id) 
    values
        (?, ?, ?, ?)
14:11:06,075 DEBUG SQL:104 - 
    insert 
    into
        DataPoint
        (xval, yval, description, id) 
    values
        (?, ?, ?, ?)
14:11:06,087 DEBUG SQL:104 - 
    insert 
    into
        DataPoint
        (xval, yval, description, id) 
    values
        (?, ?, ?, ?)
14:11:06,087 DEBUG SQL:104 - 
    insert 
    into
        DataPoint
        (xval, yval, description, id) 
    values
        (?, ?, ?, ?)
14:11:06,099 DEBUG SQL:104 - 
    insert 
    into
        DataPoint
        (xval, yval, description, id) 
    values
        (?, ?, ?, ?)
14:11:06,099 DEBUG SQL:104 - 
    insert 
    into
        DataPoint
        (xval, yval, description, id) 
    values
        (?, ?, ?, ?)
14:11:06,099 DEBUG SQL:104 - 
    insert 
    into
        DataPoint
        (xval, yval, description, id) 
    values
        (?, ?, ?, ?)
14:11:06,099 DEBUG SQL:104 - 
    insert 
    into
        DataPoint
        (xval, yval, description, id) 
    values
        (?, ?, ?, ?)
14:11:06,110 DEBUG SQL:104 - 
    insert 
    into
        DataPoint
        (xval, yval, description, id) 
    values
        (?, ?, ?, ?)
14:11:06,110 DEBUG SQL:104 - 
    insert 
    into
        DataPoint
        (xval, yval, description, id) 
    values
        (?, ?, ?, ?)
14:11:06,111 DEBUG SQL:104 - 
    insert 
    into
        DataPoint
        (xval, yval, description, id) 
    values
        (?, ?, ?, ?)
14:11:06,111 DEBUG SQL:104 - 
    insert 
    into
        DataPoint
        (xval, yval, description, id) 
    values
        (?, ?, ?, ?)
14:11:06,111 DEBUG SQL:104 - 
    insert 
    into
        DataPoint
        (xval, yval, description, id) 
    values
        (?, ?, ?, ?)
14:11:06,122 DEBUG SQL:104 - 
    insert 
    into
        DataPoint
        (xval, yval, description, id) 
    values
        (?, ?, ?, ?)
14:11:06,123 DEBUG SQL:104 - 
    insert 
    into
        DataPoint
        (xval, yval, description, id) 
    values
        (?, ?, ?, ?)
14:11:06,123 DEBUG SQL:104 - 
    insert 
    into
        DataPoint
        (xval, yval, description, id) 
    values
        (?, ?, ?, ?)
14:11:06,123 DEBUG SQL:104 - 
    insert 
    into
        DataPoint
        (xval, yval, description, id) 
    values
        (?, ?, ?, ?)
14:11:06,133 DEBUG SQL:104 - 
    insert 
    into
        DataPoint
        (xval, yval, description, id) 
    values
        (?, ?, ?, ?)
14:11:06,134 DEBUG SQL:104 - 
    insert 
    into
        DataPoint
        (xval, yval, description, id) 
    values
        (?, ?, ?, ?)
14:11:06,134 DEBUG SQL:104 - 
    insert 
    into
        DataPoint
        (xval, yval, description, id) 
    values
        (?, ?, ?, ?)
14:11:06,134 DEBUG SQL:104 - 
    insert 
    into
        DataPoint
        (xval, yval, description, id) 
    values
        (?, ?, ?, ?)
14:11:06,146 DEBUG SQL:104 - 
    insert 
    into
        DataPoint
        (xval, yval, description, id) 
    values
        (?, ?, ?, ?)
14:11:06,147 DEBUG SQL:104 - 
    insert 
    into
        DataPoint
        (xval, yval, description, id) 
    values
        (?, ?, ?, ?)
14:11:06,147 DEBUG SQL:104 - 
    insert 
    into
        DataPoint
        (xval, yval, description, id) 
    values
        (?, ?, ?, ?)
14:11:06,147 DEBUG SQL:104 - 
    insert 
    into
        DataPoint
        (xval, yval, description, id) 
    values
        (?, ?, ?, ?)
14:11:06,147 DEBUG SQL:104 - 
    insert 
    into
        DataPoint
        (xval, yval, description, id) 
    values
        (?, ?, ?, ?)
14:11:06,161 DEBUG SQL:104 - 
    insert 
    into
        DataPoint
        (xval, yval, description, id) 
    values
        (?, ?, ?, ?)
14:11:06,162 DEBUG SQL:104 - 
    insert 
    into
        DataPoint
        (xval, yval, description, id) 
    values
        (?, ?, ?, ?)
14:11:06,162 DEBUG SQL:104 - 
    insert 
    into
        DataPoint
        (xval, yval, description, id) 
    values
        (?, ?, ?, ?)
14:11:06,162 DEBUG SQL:104 - 
    insert 
    into
        DataPoint
        (xval, yval, description, id) 
    values
        (?, ?, ?, ?)
14:11:06,162 DEBUG SQL:104 - 
    insert 
    into
        DataPoint
        (xval, yval, description, id) 
    values
        (?, ?, ?, ?)
14:11:06,162 DEBUG SQL:104 - 
    insert 
    into
        DataPoint
        (xval, yval, description, id) 
    values
        (?, ?, ?, ?)
14:11:06,163 DEBUG SQL:104 - 
    insert 
    into
        DataPoint
        (xval, yval, description, id) 
    values
        (?, ?, ?, ?)
14:11:06,163 DEBUG SQL:104 - 
    insert 
    into
        DataPoint
        (xval, yval, description, id) 
    values
        (?, ?, ?, ?)
14:11:06,163 DEBUG SQL:104 - 
    insert 
    into
        DataPoint
        (xval, yval, description, id) 
    values
        (?, ?, ?, ?)
14:11:06,179 DEBUG SQL:104 - 
    insert 
    into
        DataPoint
        (xval, yval, description, id) 
    values
        (?, ?, ?, ?)
14:11:06,179 DEBUG SQL:104 - 
    insert 
    into
        DataPoint
        (xval, yval, description, id) 
    values
        (?, ?, ?, ?)
14:11:06,179 DEBUG SQL:104 - 
    insert 
    into
        DataPoint
        (xval, yval, description, id) 
    values
        (?, ?, ?, ?)
14:11:06,179 DEBUG SQL:104 - 
    insert 
    into
        DataPoint
        (xval, yval, description, id) 
    values
        (?, ?, ?, ?)
14:11:06,194 DEBUG SQL:104 - 
    insert 
    into
        DataPoint
        (xval, yval, description, id) 
    values
        (?, ?, ?, ?)
14:11:06,195 DEBUG SQL:104 - 
    insert 
    into
        DataPoint
        (xval, yval, description, id) 
    values
        (?, ?, ?, ?)
14:11:06,195 DEBUG SQL:104 - 
    insert 
    into
        DataPoint
        (xval, yval, description, id) 
    values
        (?, ?, ?, ?)
14:11:06,195 DEBUG SQL:104 - 
    insert 
    into
        DataPoint
        (xval, yval, description, id) 
    values
        (?, ?, ?, ?)
14:11:06,206 DEBUG SQL:104 - 
    insert 
    into
        DataPoint
        (xval, yval, description, id) 
    values
        (?, ?, ?, ?)
14:11:06,206 DEBUG SQL:104 - 
    insert 
    into
        DataPoint
        (xval, yval, description, id) 
    values
        (?, ?, ?, ?)
14:11:06,218 DEBUG SQL:104 - 
    insert 
    into
        DataPoint
        (xval, yval, description, id) 
    values
        (?, ?, ?, ?)
14:11:06,219 DEBUG SQL:104 - 
    insert 
    into
        DataPoint
        (xval, yval, description, id) 
    values
        (?, ?, ?, ?)
14:11:06,219 DEBUG SQL:104 - 
    insert 
    into
        DataPoint
        (xval, yval, description, id) 
    values
        (?, ?, ?, ?)
14:11:06,219 DEBUG SQL:104 - 
    insert 
    into
        DataPoint
        (xval, yval, description, id) 
    values
        (?, ?, ?, ?)
14:11:06,219 DEBUG SQL:104 - 
    insert 
    into
        DataPoint
        (xval, yval, description, id) 
    values
        (?, ?, ?, ?)
14:11:06,233 DEBUG SQL:104 - 
    insert 
    into
        DataPoint
        (xval, yval, description, id) 
    values
        (?, ?, ?, ?)
14:11:06,233 DEBUG SQL:104 - 
    insert 
    into
        DataPoint
        (xval, yval, description, id) 
    values
        (?, ?, ?, ?)
14:11:06,234 DEBUG SQL:104 - 
    insert 
    into
        DataPoint
        (xval, yval, description, id) 
    values
        (?, ?, ?, ?)
14:11:06,236 DEBUG SQL:104 - 
    insert 
    into
        DataPoint
        (xval, yval, description, id) 
    values
        (?, ?, ?, ?)
14:11:06,244 DEBUG SQL:104 - 
    insert 
    into
        DataPoint
        (xval, yval, description, id) 
    values
        (?, ?, ?, ?)
14:11:06,245 DEBUG SQL:104 - 
    insert 
    into
        DataPoint
        (xval, yval, description, id) 
    values
        (?, ?, ?, ?)
14:11:06,245 DEBUG SQL:104 - 
    insert 
    into
        DataPoint
        (xval, yval, description, id) 
    values
        (?, ?, ?, ?)
14:11:06,245 DEBUG SQL:104 - 
    insert 
    into
        DataPoint
        (xval, yval, description, id) 
    values
        (?, ?, ?, ?)
14:11:06,245 DEBUG SQL:104 - 
    insert 
    into
        DataPoint
        (xval, yval, description, id) 
    values
        (?, ?, ?, ?)
14:11:06,257 DEBUG SQL:104 - 
    insert 
    into
        DataPoint
        (xval, yval, description, id) 
    values
        (?, ?, ?, ?)
14:11:06,258 DEBUG SQL:104 - 
    insert 
    into
        DataPoint
        (xval, yval, description, id) 
    values
        (?, ?, ?, ?)
14:11:06,258 DEBUG SQL:104 - 
    insert 
    into
        DataPoint
        (xval, yval, description, id) 
    values
        (?, ?, ?, ?)
14:11:06,258 DEBUG SQL:104 - 
    insert 
    into
        DataPoint
        (xval, yval, description, id) 
    values
        (?, ?, ?, ?)
14:11:06,269 DEBUG SQL:104 - 
    insert 
    into
        DataPoint
        (xval, yval, description, id) 
    values
        (?, ?, ?, ?)
14:11:06,269 DEBUG SQL:104 - 
    insert 
    into
        DataPoint
        (xval, yval, description, id) 
    values
        (?, ?, ?, ?)
14:11:06,269 DEBUG SQL:104 - 
    insert 
    into
        DataPoint
        (xval, yval, description, id) 
    values
        (?, ?, ?, ?)
14:11:06,270 DEBUG SQL:104 - 
    insert 
    into
        DataPoint
        (xval, yval, description, id) 
    values
        (?, ?, ?, ?)
14:11:06,278 DEBUG SQL:104 - 
    insert 
    into
        DataPoint
        (xval, yval, description, id) 
    values
        (?, ?, ?, ?)
14:11:06,279 DEBUG SQL:104 - 
    insert 
    into
        DataPoint
        (xval, yval, description, id) 
    values
        (?, ?, ?, ?)
14:11:06,279 DEBUG SQL:104 - 
    insert 
    into
        DataPoint
        (xval, yval, description, id) 
    values
        (?, ?, ?, ?)
14:11:06,279 DEBUG SQL:104 - 
    insert 
    into
        DataPoint
        (xval, yval, description, id) 
    values
        (?, ?, ?, ?)
14:11:06,279 DEBUG SQL:104 - 
    insert 
    into
        DataPoint
        (xval, yval, description, id) 
    values
        (?, ?, ?, ?)
14:11:06,290 DEBUG SQL:104 - 
    insert 
    into
        DataPoint
        (xval, yval, description, id) 
    values
        (?, ?, ?, ?)
14:11:06,292 DEBUG SQL:104 - 
    insert 
    into
        DataPoint
        (xval, yval, description, id) 
    values
        (?, ?, ?, ?)
14:11:06,292 DEBUG SQL:104 - 
    insert 
    into
        DataPoint
        (xval, yval, description, id) 
    values
        (?, ?, ?, ?)
14:11:06,292 DEBUG SQL:104 - 
    insert 
    into
        DataPoint
        (xval, yval, description, id) 
    values
        (?, ?, ?, ?)
14:11:06,292 DEBUG SQL:104 - 
    insert 
    into
        DataPoint
        (xval, yval, description, id) 
    values
        (?, ?, ?, ?)
14:11:06,293 DEBUG SQL:104 - 
    insert 
    into
        DataPoint
        (xval, yval, description, id) 
    values
        (?, ?, ?, ?)
14:11:06,293 DEBUG SQL:104 - 
    insert 
    into
        DataPoint
        (xval, yval, description, id) 
    values
        (?, ?, ?, ?)
14:11:06,293 DEBUG SQL:104 - 
    insert 
    into
        DataPoint
        (xval, yval, description, id) 
    values
        (?, ?, ?, ?)
14:11:06,305 DEBUG SQL:104 - 
    insert 
    into
        DataPoint
        (xval, yval, description, id) 
    values
        (?, ?, ?, ?)
14:11:06,306 DEBUG SQL:104 - 
    insert 
    into
        DataPoint
        (xval, yval, description, id) 
    values
        (?, ?, ?, ?)
14:11:06,306 DEBUG SQL:104 - 
    insert 
    into
        DataPoint
        (xval, yval, description, id) 
    values
        (?, ?, ?, ?)
14:11:06,306 DEBUG SQL:104 - 
    insert 
    into
        DataPoint
        (xval, yval, description, id) 
    values
        (?, ?, ?, ?)
14:11:06,306 DEBUG SQL:104 - 
    insert 
    into
        DataPoint
        (xval, yval, description, id) 
    values
        (?, ?, ?, ?)
14:11:06,318 DEBUG SQL:104 - 
    insert 
    into
        DataPoint
        (xval, yval, description, id) 
    values
        (?, ?, ?, ?)
14:11:06,318 DEBUG SQL:104 - 
    insert 
    into
        DataPoint
        (xval, yval, description, id) 
    values
        (?, ?, ?, ?)
14:11:06,318 DEBUG SQL:104 - 
    insert 
    into
        DataPoint
        (xval, yval, description, id) 
    values
        (?, ?, ?, ?)
14:11:06,319 DEBUG SQL:104 - 
    insert 
    into
        DataPoint
        (xval, yval, description, id) 
    values
        (?, ?, ?, ?)
14:11:06,329 DEBUG SQL:104 - 
    insert 
    into
        DataPoint
        (xval, yval, description, id) 
    values
        (?, ?, ?, ?)
14:11:06,329 DEBUG SQL:104 - 
    insert 
    into
        DataPoint
        (xval, yval, description, id) 
    values
        (?, ?, ?, ?)
14:11:06,340 DEBUG SQL:104 - 
    insert 
    into
        DataPoint
        (xval, yval, description, id) 
    values
        (?, ?, ?, ?)
14:11:06,340 DEBUG SQL:104 - 
    insert 
    into
        DataPoint
        (xval, yval, description, id) 
    values
        (?, ?, ?, ?)
14:11:06,341 DEBUG SQL:104 - 
    insert 
    into
        DataPoint
        (xval, yval, description, id) 
    values
        (?, ?, ?, ?)
14:11:06,341 DEBUG SQL:104 - 
    insert 
    into
        DataPoint
        (xval, yval, description, id) 
    values
        (?, ?, ?, ?)
14:11:06,341 DEBUG SQL:104 - 
    insert 
    into
        DataPoint
        (xval, yval, description, id) 
    values
        (?, ?, ?, ?)
14:11:06,353 DEBUG SQL:104 - 
    insert 
    into
        DataPoint
        (xval, yval, description, id) 
    values
        (?, ?, ?, ?)
14:11:06,353 DEBUG SQL:104 - 
    insert 
    into
        DataPoint
        (xval, yval, description, id) 
    values
        (?, ?, ?, ?)
14:11:06,354 DEBUG SQL:104 - 
    insert 
    into
        DataPoint
        (xval, yval, description, id) 
    values
        (?, ?, ?, ?)
14:11:06,354 DEBUG SQL:104 - 
    insert 
    into
        DataPoint
        (xval, yval, description, id) 
    values
        (?, ?, ?, ?)
14:11:06,364 DEBUG SQL:104 - 
    insert 
    into
        DataPoint
        (xval, yval, description, id) 
    values
        (?, ?, ?, ?)
14:11:06,364 DEBUG SQL:104 - 
    insert 
    into
        DataPoint
        (xval, yval, description, id) 
    values
        (?, ?, ?, ?)
14:11:06,364 DEBUG SQL:104 - 
    insert 
    into
        DataPoint
        (xval, yval, description, id) 
    values
        (?, ?, ?, ?)
14:11:06,364 DEBUG SQL:104 - 
    insert 
    into
        DataPoint
        (xval, yval, description, id) 
    values
        (?, ?, ?, ?)
14:11:06,374 DEBUG SQL:104 - 
    insert 
    into
        DataPoint
        (xval, yval, description, id) 
    values
        (?, ?, ?, ?)
14:11:06,375 DEBUG SQL:104 - 
    insert 
    into
        DataPoint
        (xval, yval, description, id) 
    values
        (?, ?, ?, ?)
14:11:06,375 DEBUG SQL:104 - 
    insert 
    into
        DataPoint
        (xval, yval, description, id) 
    values
        (?, ?, ?, ?)
14:11:06,375 DEBUG SQL:104 - 
    insert 
    into
        DataPoint
        (xval, yval, description, id) 
    values
        (?, ?, ?, ?)
14:11:06,375 DEBUG SQL:104 - 
    insert 
    into
        DataPoint
        (xval, yval, description, id) 
    values
        (?, ?, ?, ?)
14:11:06,385 DEBUG SQL:104 - 
    insert 
    into
        DataPoint
        (xval, yval, description, id) 
    values
        (?, ?, ?, ?)
14:11:06,385 DEBUG SQL:104 - 
    insert 
    into
        DataPoint
        (xval, yval, description, id) 
    values
        (?, ?, ?, ?)
14:11:06,385 DEBUG SQL:104 - 
    insert 
    into
        DataPoint
        (xval, yval, description, id) 
    values
        (?, ?, ?, ?)
14:11:06,385 DEBUG SQL:104 - 
    insert 
    into
        DataPoint
        (xval, yval, description, id) 
    values
        (?, ?, ?, ?)
14:11:06,397 DEBUG SQL:104 - 
    insert 
    into
        DataPoint
        (xval, yval, description, id) 
    values
        (?, ?, ?, ?)
14:11:06,398 DEBUG SQL:104 - 
    insert 
    into
        DataPoint
        (xval, yval, description, id) 
    values
        (?, ?, ?, ?)
14:11:06,398 DEBUG SQL:104 - 
    insert 
    into
        DataPoint
        (xval, yval, description, id) 
    values
        (?, ?, ?, ?)
14:11:06,398 DEBUG SQL:104 - 
    insert 
    into
        DataPoint
        (xval, yval, description, id) 
    values
        (?, ?, ?, ?)
14:11:06,406 DEBUG SQL:104 - 
    insert 
    into
        DataPoint
        (xval, yval, description, id) 
    values
        (?, ?, ?, ?)
14:11:06,406 DEBUG SQL:104 - 
    insert 
    into
        DataPoint
        (xval, yval, description, id) 
    values
        (?, ?, ?, ?)
14:11:06,407 DEBUG SQL:104 - 
    insert 
    into
        DataPoint
        (xval, yval, description, id) 
    values
        (?, ?, ?, ?)
14:11:06,407 DEBUG SQL:104 - 
    insert 
    into
        DataPoint
        (xval, yval, description, id) 
    values
        (?, ?, ?, ?)
14:11:06,407 DEBUG SQL:104 - 
    insert 
    into
        DataPoint
        (xval, yval, description, id) 
    values
        (?, ?, ?, ?)
14:11:06,417 DEBUG SQL:104 - 
    insert 
    into
        DataPoint
        (xval, yval, description, id) 
    values
        (?, ?, ?, ?)
14:11:06,418 DEBUG SQL:104 - 
    insert 
    into
        DataPoint
        (xval, yval, description, id) 
    values
        (?, ?, ?, ?)
14:11:06,418 DEBUG SQL:104 - 
    insert 
    into
        DataPoint
        (xval, yval, description, id) 
    values
        (?, ?, ?, ?)
14:11:06,418 DEBUG SQL:104 - 
    insert 
    into
        DataPoint
        (xval, yval, description, id) 
    values
        (?, ?, ?, ?)
14:11:06,418 DEBUG SQL:104 - 
    insert 
    into
        DataPoint
        (xval, yval, description, id) 
    values
        (?, ?, ?, ?)
14:11:06,418 DEBUG SQL:104 - 
    insert 
    into
        DataPoint
        (xval, yval, description, id) 
    values
        (?, ?, ?, ?)
14:11:06,419 DEBUG SQL:104 - 
    insert 
    into
        DataPoint
        (xval, yval, description, id) 
    values
        (?, ?, ?, ?)
14:11:06,419 DEBUG SQL:104 - 
    insert 
    into
        DataPoint
        (xval, yval, description, id) 
    values
        (?, ?, ?, ?)
14:11:06,431 DEBUG SQL:104 - 
    insert 
    into
        DataPoint
        (xval, yval, description, id) 
    values
        (?, ?, ?, ?)
14:11:06,432 DEBUG SQL:104 - 
    insert 
    into
        DataPoint
        (xval, yval, description, id) 
    values
        (?, ?, ?, ?)
14:11:06,432 DEBUG SQL:104 - 
    insert 
    into
        DataPoint
        (xval, yval, description, id) 
    values
        (?, ?, ?, ?)
14:11:06,433 DEBUG SQL:104 - 
    insert 
    into
        DataPoint
        (xval, yval, description, id) 
    values
        (?, ?, ?, ?)
14:11:06,433 DEBUG SQL:104 - 
    insert 
    into
        DataPoint
        (xval, yval, description, id) 
    values
        (?, ?, ?, ?)
14:11:06,450 DEBUG SQL:104 - 
    insert 
    into
        DataPoint
        (xval, yval, description, id) 
    values
        (?, ?, ?, ?)
14:11:06,450 DEBUG SQL:104 - 
    insert 
    into
        DataPoint
        (xval, yval, description, id) 
    values
        (?, ?, ?, ?)
14:11:06,450 DEBUG SQL:104 - 
    insert 
    into
        DataPoint
        (xval, yval, description, id) 
    values
        (?, ?, ?, ?)
14:11:06,451 DEBUG SQL:104 - 
    insert 
    into
        DataPoint
        (xval, yval, description, id) 
    values
        (?, ?, ?, ?)
14:11:06,455 DEBUG SQL:104 - 
    insert 
    into
        DataPoint
        (xval, yval, description, id) 
    values
        (?, ?, ?, ?)
14:11:06,455 DEBUG SQL:104 - 
    insert 
    into
        DataPoint
        (xval, yval, description, id) 
    values
        (?, ?, ?, ?)
14:11:06,466 DEBUG SQL:104 - 
    insert 
    into
        DataPoint
        (xval, yval, description, id) 
    values
        (?, ?, ?, ?)
14:11:06,466 DEBUG SQL:104 - 
    insert 
    into
        DataPoint
        (xval, yval, description, id) 
    values
        (?, ?, ?, ?)
14:11:06,466 DEBUG SQL:104 - 
    insert 
    into
        DataPoint
        (xval, yval, description, id) 
    values
        (?, ?, ?, ?)
14:11:06,467 DEBUG SQL:104 - 
    insert 
    into
        DataPoint
        (xval, yval, description, id) 
    values
        (?, ?, ?, ?)
14:11:06,467 DEBUG SQL:104 - 
    insert 
    into
        DataPoint
        (xval, yval, description, id) 
    values
        (?, ?, ?, ?)
14:11:06,481 DEBUG SQL:104 - 
    insert 
    into
        DataPoint
        (xval, yval, description, id) 
    values
        (?, ?, ?, ?)
14:11:06,482 DEBUG SQL:104 - 
    insert 
    into
        DataPoint
        (xval, yval, description, id) 
    values
        (?, ?, ?, ?)
14:11:06,482 DEBUG SQL:104 - 
    insert 
    into
        DataPoint
        (xval, yval, description, id) 
    values
        (?, ?, ?, ?)
14:11:06,482 DEBUG SQL:104 - 
    insert 
    into
        DataPoint
        (xval, yval, description, id) 
    values
        (?, ?, ?, ?)
14:11:06,491 DEBUG SQL:104 - 
    insert 
    into
        DataPoint
        (xval, yval, description, id) 
    values
        (?, ?, ?, ?)
14:11:06,492 DEBUG SQL:104 - 
    insert 
    into
        DataPoint
        (xval, yval, description, id) 
    values
        (?, ?, ?, ?)
14:11:06,492 DEBUG SQL:104 - 
    insert 
    into
        DataPoint
        (xval, yval, description, id) 
    values
        (?, ?, ?, ?)
14:11:06,493 DEBUG SQL:104 - 
    insert 
    into
        DataPoint
        (xval, yval, description, id) 
    values
        (?, ?, ?, ?)
14:11:06,502 DEBUG SQL:104 - 
    insert 
    into
        DataPoint
        (xval, yval, description, id) 
    values
        (?, ?, ?, ?)
14:11:06,502 DEBUG SQL:104 - 
    insert 
    into
        DataPoint
        (xval, yval, description, id) 
    values
        (?, ?, ?, ?)
14:11:06,503 DEBUG SQL:104 - 
    insert 
    into
        DataPoint
        (xval, yval, description, id) 
    values
        (?, ?, ?, ?)
14:11:06,503 DEBUG SQL:104 - 
    insert 
    into
        DataPoint
        (xval, yval, description, id) 
    values
        (?, ?, ?, ?)
14:11:06,503 DEBUG SQL:104 - 
    insert 
    into
        DataPoint
        (xval, yval, description, id) 
    values
        (?, ?, ?, ?)
14:11:06,513 DEBUG SQL:104 - 
    insert 
    into
        DataPoint
        (xval, yval, description, id) 
    values
        (?, ?, ?, ?)
14:11:06,513 DEBUG SQL:104 - 
    insert 
    into
        DataPoint
        (xval, yval, description, id) 
    values
        (?, ?, ?, ?)
14:11:06,513 DEBUG SQL:104 - 
    insert 
    into
        DataPoint
        (xval, yval, description, id) 
    values
        (?, ?, ?, ?)
14:11:06,513 DEBUG SQL:104 - 
    insert 
    into
        DataPoint
        (xval, yval, description, id) 
    values
        (?, ?, ?, ?)
14:11:06,523 DEBUG SQL:104 - 
    insert 
    into
        DataPoint
        (xval, yval, description, id) 
    values
        (?, ?, ?, ?)
14:11:06,523 DEBUG SQL:104 - 
    insert 
    into
        DataPoint
        (xval, yval, description, id) 
    values
        (?, ?, ?, ?)
14:11:06,523 DEBUG SQL:104 - 
    insert 
    into
        DataPoint
        (xval, yval, description, id) 
    values
        (?, ?, ?, ?)
14:11:06,524 DEBUG SQL:104 - 
    insert 
    into
        DataPoint
        (xval, yval, description, id) 
    values
        (?, ?, ?, ?)
14:11:06,524 DEBUG SQL:104 - 
    insert 
    into
        DataPoint
        (xval, yval, description, id) 
    values
        (?, ?, ?, ?)
14:11:06,533 DEBUG SQL:104 - 
    insert 
    into
        DataPoint
        (xval, yval, description, id) 
    values
        (?, ?, ?, ?)
14:11:06,533 DEBUG SQL:104 - 
    insert 
    into
        DataPoint
        (xval, yval, description, id) 
    values
        (?, ?, ?, ?)
14:11:06,533 DEBUG SQL:104 - 
    insert 
    into
        DataPoint
        (xval, yval, description, id) 
    values
        (?, ?, ?, ?)
14:11:06,533 DEBUG SQL:104 - 
    insert 
    into
        DataPoint
        (xval, yval, description, id) 
    values
        (?, ?, ?, ?)
14:11:06,544 DEBUG SQL:104 - 
    insert 
    into
        DataPoint
        (xval, yval, description, id) 
    values
        (?, ?, ?, ?)
14:11:06,545 DEBUG SQL:104 - 
    insert 
    into
        DataPoint
        (xval, yval, description, id) 
    values
        (?, ?, ?, ?)
14:11:06,545 DEBUG SQL:104 - 
    insert 
    into
        DataPoint
        (xval, yval, description, id) 
    values
        (?, ?, ?, ?)
14:11:06,545 DEBUG SQL:104 - 
    insert 
    into
        DataPoint
        (xval, yval, description, id) 
    values
        (?, ?, ?, ?)
14:11:06,555 DEBUG SQL:104 - 
    insert 
    into
        DataPoint
        (xval, yval, description, id) 
    values
        (?, ?, ?, ?)
14:11:06,555 DEBUG SQL:104 - 
    insert 
    into
        DataPoint
        (xval, yval, description, id) 
    values
        (?, ?, ?, ?)
14:11:06,556 DEBUG SQL:104 - 
    insert 
    into
        DataPoint
        (xval, yval, description, id) 
    values
        (?, ?, ?, ?)
14:11:06,556 DEBUG SQL:104 - 
    insert 
    into
        DataPoint
        (xval, yval, description, id) 
    values
        (?, ?, ?, ?)
14:11:06,556 DEBUG SQL:104 - 
    insert 
    into
        DataPoint
        (xval, yval, description, id) 
    values
        (?, ?, ?, ?)
14:11:06,556 DEBUG SQL:104 - 
    insert 
    into
        DataPoint
        (xval, yval, description, id) 
    values
        (?, ?, ?, ?)
14:11:06,556 DEBUG SQL:104 - 
    insert 
    into
        DataPoint
        (xval, yval, description, id) 
    values
        (?, ?, ?, ?)
14:11:06,556 DEBUG SQL:104 - 
    insert 
    into
        DataPoint
        (xval, yval, description, id) 
    values
        (?, ?, ?, ?)
14:11:06,557 DEBUG SQL:104 - 
    insert 
    into
        DataPoint
        (xval, yval, description, id) 
    values
        (?, ?, ?, ?)
14:11:06,567 DEBUG SQL:104 - 
    insert 
    into
        DataPoint
        (xval, yval, description, id) 
    values
        (?, ?, ?, ?)
14:11:06,567 DEBUG SQL:104 - 
    insert 
    into
        DataPoint
        (xval, yval, description, id) 
    values
        (?, ?, ?, ?)
14:11:06,567 DEBUG SQL:104 - 
    insert 
    into
        DataPoint
        (xval, yval, description, id) 
    values
        (?, ?, ?, ?)
14:11:06,568 DEBUG SQL:104 - 
    insert 
    into
        DataPoint
        (xval, yval, description, id) 
    values
        (?, ?, ?, ?)
14:11:06,580 DEBUG SQL:104 - 
    insert 
    into
        DataPoint
        (xval, yval, description, id) 
    values
        (?, ?, ?, ?)
14:11:06,581 DEBUG SQL:104 - 
    insert 
    into
        DataPoint
        (xval, yval, description, id) 
    values
        (?, ?, ?, ?)
14:11:06,581 DEBUG SQL:104 - 
    insert 
    into
        DataPoint
        (xval, yval, description, id) 
    values
        (?, ?, ?, ?)
14:11:06,581 DEBUG SQL:104 - 
    insert 
    into
        DataPoint
        (xval, yval, description, id) 
    values
        (?, ?, ?, ?)
14:11:06,582 DEBUG SQL:104 - 
    insert 
    into
        DataPoint
        (xval, yval, description, id) 
    values
        (?, ?, ?, ?)
14:11:06,591 DEBUG SQL:104 - 
    insert 
    into
        DataPoint
        (xval, yval, description, id) 
    values
        (?, ?, ?, ?)
14:11:06,592 DEBUG SQL:104 - 
    insert 
    into
        DataPoint
        (xval, yval, description, id) 
    values
        (?, ?, ?, ?)
14:11:06,601 DEBUG SQL:104 - 
    insert 
    into
        DataPoint
        (xval, yval, description, id) 
    values
        (?, ?, ?, ?)
14:11:06,601 DEBUG SQL:104 - 
    insert 
    into
        DataPoint
        (xval, yval, description, id) 
    values
        (?, ?, ?, ?)
14:11:06,602 DEBUG SQL:104 - 
    insert 
    into
        DataPoint
        (xval, yval, description, id) 
    values
        (?, ?, ?, ?)
14:11:06,602 DEBUG SQL:104 - 
    insert 
    into
        DataPoint
        (xval, yval, description, id) 
    values
        (?, ?, ?, ?)
14:11:06,611 DEBUG SQL:104 - 
    insert 
    into
        DataPoint
        (xval, yval, description, id) 
    values
        (?, ?, ?, ?)
14:11:06,611 DEBUG SQL:104 - 
    insert 
    into
        DataPoint
        (xval, yval, description, id) 
    values
        (?, ?, ?, ?)
14:11:06,612 DEBUG SQL:104 - 
    insert 
    into
        DataPoint
        (xval, yval, description, id) 
    values
        (?, ?, ?, ?)
14:11:06,612 DEBUG SQL:104 - 
    insert 
    into
        DataPoint
        (xval, yval, description, id) 
    values
        (?, ?, ?, ?)
14:11:06,612 DEBUG SQL:104 - 
    insert 
    into
        DataPoint
        (xval, yval, description, id) 
    values
        (?, ?, ?, ?)
14:11:06,621 DEBUG SQL:104 - 
    insert 
    into
        DataPoint
        (xval, yval, description, id) 
    values
        (?, ?, ?, ?)
14:11:06,622 DEBUG SQL:104 - 
    insert 
    into
        DataPoint
        (xval, yval, description, id) 
    values
        (?, ?, ?, ?)
14:11:06,622 DEBUG SQL:104 - 
    insert 
    into
        DataPoint
        (xval, yval, description, id) 
    values
        (?, ?, ?, ?)
14:11:06,622 DEBUG SQL:104 - 
    insert 
    into
        DataPoint
        (xval, yval, description, id) 
    values
        (?, ?, ?, ?)
14:11:06,631 DEBUG SQL:104 - 
    insert 
    into
        DataPoint
        (xval, yval, description, id) 
    values
        (?, ?, ?, ?)
14:11:06,631 DEBUG SQL:104 - 
    insert 
    into
        DataPoint
        (xval, yval, description, id) 
    values
        (?, ?, ?, ?)
14:11:06,632 DEBUG SQL:104 - 
    insert 
    into
        DataPoint
        (xval, yval, description, id) 
    values
        (?, ?, ?, ?)
14:11:06,632 DEBUG SQL:104 - 
    insert 
    into
        DataPoint
        (xval, yval, description, id) 
    values
        (?, ?, ?, ?)
14:11:06,642 DEBUG SQL:104 - 
    insert 
    into
        DataPoint
        (xval, yval, description, id) 
    values
        (?, ?, ?, ?)
14:11:06,642 DEBUG SQL:104 - 
    insert 
    into
        DataPoint
        (xval, yval, description, id) 
    values
        (?, ?, ?, ?)
14:11:06,643 DEBUG SQL:104 - 
    insert 
    into
        DataPoint
        (xval, yval, description, id) 
    values
        (?, ?, ?, ?)
14:11:06,643 DEBUG SQL:104 - 
    insert 
    into
        DataPoint
        (xval, yval, description, id) 
    values
        (?, ?, ?, ?)
14:11:06,643 DEBUG SQL:104 - 
    insert 
    into
        DataPoint
        (xval, yval, description, id) 
    values
        (?, ?, ?, ?)
14:11:06,652 DEBUG SQL:104 - 
    insert 
    into
        DataPoint
        (xval, yval, description, id) 
    values
        (?, ?, ?, ?)
14:11:06,652 DEBUG SQL:104 - 
    insert 
    into
        DataPoint
        (xval, yval, description, id) 
    values
        (?, ?, ?, ?)
14:11:06,653 DEBUG SQL:104 - 
    insert 
    into
        DataPoint
        (xval, yval, description, id) 
    values
        (?, ?, ?, ?)
14:11:06,653 DEBUG SQL:104 - 
    insert 
    into
        DataPoint
        (xval, yval, description, id) 
    values
        (?, ?, ?, ?)
14:11:06,663 DEBUG SQL:104 - 
    insert 
    into
        DataPoint
        (xval, yval, description, id) 
    values
        (?, ?, ?, ?)
14:11:06,663 DEBUG SQL:104 - 
    insert 
    into
        DataPoint
        (xval, yval, description, id) 
    values
        (?, ?, ?, ?)
14:11:06,663 DEBUG SQL:104 - 
    insert 
    into
        DataPoint
        (xval, yval, description, id) 
    values
        (?, ?, ?, ?)
14:11:06,663 DEBUG SQL:104 - 
    insert 
    into
        DataPoint
        (xval, yval, description, id) 
    values
        (?, ?, ?, ?)
14:11:06,673 DEBUG SQL:104 - 
    insert 
    into
        DataPoint
        (xval, yval, description, id) 
    values
        (?, ?, ?, ?)
14:11:06,674 DEBUG SQL:104 - 
    insert 
    into
        DataPoint
        (xval, yval, description, id) 
    values
        (?, ?, ?, ?)
14:11:06,675 DEBUG SQL:104 - 
    insert 
    into
        DataPoint
        (xval, yval, description, id) 
    values
        (?, ?, ?, ?)
14:11:06,676 DEBUG SQL:104 - 
    insert 
    into
        DataPoint
        (xval, yval, description, id) 
    values
        (?, ?, ?, ?)
14:11:06,676 DEBUG SQL:104 - 
    insert 
    into
        DataPoint
        (xval, yval, description, id) 
    values
        (?, ?, ?, ?)
14:11:06,686 DEBUG SQL:104 - 
    insert 
    into
        DataPoint
        (xval, yval, description, id) 
    values
        (?, ?, ?, ?)
14:11:06,686 DEBUG SQL:104 - 
    insert 
    into
        DataPoint
        (xval, yval, description, id) 
    values
        (?, ?, ?, ?)
14:11:06,687 DEBUG SQL:104 - 
    insert 
    into
        DataPoint
        (xval, yval, description, id) 
    values
        (?, ?, ?, ?)
14:11:06,687 DEBUG SQL:104 - 
    insert 
    into
        DataPoint
        (xval, yval, description, id) 
    values
        (?, ?, ?, ?)
14:11:06,687 DEBUG SQL:104 - 
    insert 
    into
        DataPoint
        (xval, yval, description, id) 
    values
        (?, ?, ?, ?)
14:11:06,687 DEBUG SQL:104 - 
    insert 
    into
        DataPoint
        (xval, yval, description, id) 
    values
        (?, ?, ?, ?)
14:11:06,687 DEBUG SQL:104 - 
    insert 
    into
        DataPoint
        (xval, yval, description, id) 
    values
        (?, ?, ?, ?)
14:11:06,687 DEBUG SQL:104 - 
    insert 
    into
        DataPoint
        (xval, yval, description, id) 
    values
        (?, ?, ?, ?)
14:11:06,706 DEBUG SQL:104 - 
    insert 
    into
        DataPoint
        (xval, yval, description, id) 
    values
        (?, ?, ?, ?)
14:11:06,707 DEBUG SQL:104 - 
    insert 
    into
        DataPoint
        (xval, yval, description, id) 
    values
        (?, ?, ?, ?)
14:11:06,707 DEBUG SQL:104 - 
    insert 
    into
        DataPoint
        (xval, yval, description, id) 
    values
        (?, ?, ?, ?)
14:11:06,707 DEBUG SQL:104 - 
    insert 
    into
        DataPoint
        (xval, yval, description, id) 
    values
        (?, ?, ?, ?)
14:11:06,707 DEBUG SQL:104 - 
    insert 
    into
        DataPoint
        (xval, yval, description, id) 
    values
        (?, ?, ?, ?)
14:11:06,718 DEBUG SQL:104 - 
    insert 
    into
        DataPoint
        (xval, yval, description, id) 
    values
        (?, ?, ?, ?)
14:11:06,718 DEBUG SQL:104 - 
    insert 
    into
        DataPoint
        (xval, yval, description, id) 
    values
        (?, ?, ?, ?)
14:11:06,719 DEBUG SQL:104 - 
    insert 
    into
        DataPoint
        (xval, yval, description, id) 
    values
        (?, ?, ?, ?)
14:11:06,719 DEBUG SQL:104 - 
    insert 
    into
        DataPoint
        (xval, yval, description, id) 
    values
        (?, ?, ?, ?)
14:11:06,719 DEBUG SQL:104 - 
    insert 
    into
        DataPoint
        (xval, yval, description, id) 
    values
        (?, ?, ?, ?)
14:11:06,719 DEBUG SQL:104 - 
    insert 
    into
        DataPoint
        (xval, yval, description, id) 
    values
        (?, ?, ?, ?)
14:11:06,744 DEBUG SQL:104 - 
    insert 
    into
        DataPoint
        (xval, yval, description, id) 
    values
        (?, ?, ?, ?)
14:11:06,744 DEBUG SQL:104 - 
    insert 
    into
        DataPoint
        (xval, yval, description, id) 
    values
        (?, ?, ?, ?)
14:11:06,744 DEBUG SQL:104 - 
    insert 
    into
        DataPoint
        (xval, yval, description, id) 
    values
        (?, ?, ?, ?)
14:11:06,745 DEBUG SQL:104 - 
    insert 
    into
        DataPoint
        (xval, yval, description, id) 
    values
        (?, ?, ?, ?)
14:11:06,745 DEBUG SQL:104 - 
    insert 
    into
        DataPoint
        (xval, yval, description, id) 
    values
        (?, ?, ?, ?)
14:11:06,756 DEBUG SQL:104 - 
    insert 
    into
        DataPoint
        (xval, yval, description, id) 
    values
        (?, ?, ?, ?)
14:11:06,756 DEBUG SQL:104 - 
    insert 
    into
        DataPoint
        (xval, yval, description, id) 
    values
        (?, ?, ?, ?)
14:11:06,756 DEBUG SQL:104 - 
    insert 
    into
        DataPoint
        (xval, yval, description, id) 
    values
        (?, ?, ?, ?)
14:11:06,757 DEBUG SQL:104 - 
    insert 
    into
        DataPoint
        (xval, yval, description, id) 
    values
        (?, ?, ?, ?)
14:11:06,766 DEBUG SQL:104 - 
    insert 
    into
        DataPoint
        (xval, yval, description, id) 
    values
        (?, ?, ?, ?)
14:11:06,766 DEBUG SQL:104 - 
    insert 
    into
        DataPoint
        (xval, yval, description, id) 
    values
        (?, ?, ?, ?)
14:11:06,767 DEBUG SQL:104 - 
    insert 
    into
        DataPoint
        (xval, yval, description, id) 
    values
        (?, ?, ?, ?)
14:11:06,767 DEBUG SQL:104 - 
    insert 
    into
        DataPoint
        (xval, yval, description, id) 
    values
        (?, ?, ?, ?)
14:11:06,777 DEBUG SQL:104 - 
    insert 
    into
        DataPoint
        (xval, yval, description, id) 
    values
        (?, ?, ?, ?)
14:11:06,778 DEBUG SQL:104 - 
    insert 
    into
        DataPoint
        (xval, yval, description, id) 
    values
        (?, ?, ?, ?)
14:11:06,778 DEBUG SQL:104 - 
    insert 
    into
        DataPoint
        (xval, yval, description, id) 
    values
        (?, ?, ?, ?)
14:11:06,778 DEBUG SQL:104 - 
    insert 
    into
        DataPoint
        (xval, yval, description, id) 
    values
        (?, ?, ?, ?)
14:11:06,778 DEBUG SQL:104 - 
    insert 
    into
        DataPoint
        (xval, yval, description, id) 
    values
        (?, ?, ?, ?)
14:11:06,787 DEBUG SQL:104 - 
    insert 
    into
        DataPoint
        (xval, yval, description, id) 
    values
        (?, ?, ?, ?)
14:11:06,788 DEBUG SQL:104 - 
    insert 
    into
        DataPoint
        (xval, yval, description, id) 
    values
        (?, ?, ?, ?)
14:11:06,788 DEBUG SQL:104 - 
    insert 
    into
        DataPoint
        (xval, yval, description, id) 
    values
        (?, ?, ?, ?)
14:11:06,788 DEBUG SQL:104 - 
    insert 
    into
        DataPoint
        (xval, yval, description, id) 
    values
        (?, ?, ?, ?)
14:11:06,797 DEBUG SQL:104 - 
    insert 
    into
        DataPoint
        (xval, yval, description, id) 
    values
        (?, ?, ?, ?)
14:11:06,798 DEBUG SQL:104 - 
    insert 
    into
        DataPoint
        (xval, yval, description, id) 
    values
        (?, ?, ?, ?)
14:11:06,798 DEBUG SQL:104 - 
    insert 
    into
        DataPoint
        (xval, yval, description, id) 
    values
        (?, ?, ?, ?)
14:11:06,798 DEBUG SQL:104 - 
    insert 
    into
        DataPoint
        (xval, yval, description, id) 
    values
        (?, ?, ?, ?)
14:11:06,799 DEBUG SQL:104 - 
    insert 
    into
        DataPoint
        (xval, yval, description, id) 
    values
        (?, ?, ?, ?)
14:11:06,809 DEBUG SQL:104 - 
    insert 
    into
        DataPoint
        (xval, yval, description, id) 
    values
        (?, ?, ?, ?)
14:11:06,809 DEBUG SQL:104 - 
    insert 
    into
        DataPoint
        (xval, yval, description, id) 
    values
        (?, ?, ?, ?)
14:11:06,810 DEBUG SQL:104 - 
    insert 
    into
        DataPoint
        (xval, yval, description, id) 
    values
        (?, ?, ?, ?)
14:11:06,810 DEBUG SQL:104 - 
    insert 
    into
        DataPoint
        (xval, yval, description, id) 
    values
        (?, ?, ?, ?)
14:11:06,810 DEBUG SQL:104 - 
    insert 
    into
        DataPoint
        (xval, yval, description, id) 
    values
        (?, ?, ?, ?)
14:11:06,810 DEBUG SQL:104 - 
    insert 
    into
        DataPoint
        (xval, yval, description, id) 
    values
        (?, ?, ?, ?)
14:11:06,810 DEBUG SQL:104 - 
    insert 
    into
        DataPoint
        (xval, yval, description, id) 
    values
        (?, ?, ?, ?)
14:11:06,810 DEBUG SQL:104 - 
    insert 
    into
        DataPoint
        (xval, yval, description, id) 
    values
        (?, ?, ?, ?)
14:11:06,822 DEBUG SQL:104 - 
    insert 
    into
        DataPoint
        (xval, yval, description, id) 
    values
        (?, ?, ?, ?)
14:11:06,822 DEBUG SQL:104 - 
    insert 
    into
        DataPoint
        (xval, yval, description, id) 
    values
        (?, ?, ?, ?)
14:11:06,822 DEBUG SQL:104 - 
    insert 
    into
        DataPoint
        (xval, yval, description, id) 
    values
        (?, ?, ?, ?)
14:11:06,822 DEBUG SQL:104 - 
    insert 
    into
        DataPoint
        (xval, yval, description, id) 
    values
        (?, ?, ?, ?)
14:11:06,823 DEBUG SQL:104 - 
    insert 
    into
        DataPoint
        (xval, yval, description, id) 
    values
        (?, ?, ?, ?)
14:11:06,833 DEBUG SQL:104 - 
    insert 
    into
        DataPoint
        (xval, yval, description, id) 
    values
        (?, ?, ?, ?)
14:11:06,834 DEBUG SQL:104 - 
    insert 
    into
        DataPoint
        (xval, yval, description, id) 
    values
        (?, ?, ?, ?)
14:11:06,834 DEBUG SQL:104 - 
    insert 
    into
        DataPoint
        (xval, yval, description, id) 
    values
        (?, ?, ?, ?)
14:11:06,834 DEBUG SQL:104 - 
    insert 
    into
        DataPoint
        (xval, yval, description, id) 
    values
        (?, ?, ?, ?)
14:11:06,835 DEBUG SQL:104 - 
    insert 
    into
        DataPoint
        (xval, yval, description, id) 
    values
        (?, ?, ?, ?)
14:11:06,835 DEBUG SQL:104 - 
    insert 
    into
        DataPoint
        (xval, yval, description, id) 
    values
        (?, ?, ?, ?)
14:11:06,856 DEBUG SQL:104 - 
    insert 
    into
        DataPoint
        (xval, yval, description, id) 
    values
        (?, ?, ?, ?)
14:11:06,856 DEBUG SQL:104 - 
    insert 
    into
        DataPoint
        (xval, yval, description, id) 
    values
        (?, ?, ?, ?)
14:11:06,856 DEBUG SQL:104 - 
    insert 
    into
        DataPoint
        (xval, yval, description, id) 
    values
        (?, ?, ?, ?)
14:11:06,857 DEBUG SQL:104 - 
    insert 
    into
        DataPoint
        (xval, yval, description, id) 
    values
        (?, ?, ?, ?)
14:11:06,866 DEBUG SQL:104 - 
    insert 
    into
        DataPoint
        (xval, yval, description, id) 
    values
        (?, ?, ?, ?)
14:11:06,866 DEBUG SQL:104 - 
    insert 
    into
        DataPoint
        (xval, yval, description, id) 
    values
        (?, ?, ?, ?)
14:11:06,866 DEBUG SQL:104 - 
    insert 
    into
        DataPoint
        (xval, yval, description, id) 
    values
        (?, ?, ?, ?)
14:11:06,866 DEBUG SQL:104 - 
    insert 
    into
        DataPoint
        (xval, yval, description, id) 
    values
        (?, ?, ?, ?)
14:11:06,867 DEBUG SQL:104 - 
    insert 
    into
        DataPoint
        (xval, yval, description, id) 
    values
        (?, ?, ?, ?)
14:11:06,877 DEBUG SQL:104 - 
    insert 
    into
        DataPoint
        (xval, yval, description, id) 
    values
        (?, ?, ?, ?)
14:11:06,877 DEBUG SQL:104 - 
    insert 
    into
        DataPoint
        (xval, yval, description, id) 
    values
        (?, ?, ?, ?)
14:11:06,878 DEBUG SQL:104 - 
    insert 
    into
        DataPoint
        (xval, yval, description, id) 
    values
        (?, ?, ?, ?)
14:11:06,878 DEBUG SQL:104 - 
    insert 
    into
        DataPoint
        (xval, yval, description, id) 
    values
        (?, ?, ?, ?)
14:11:06,887 DEBUG SQL:104 - 
    insert 
    into
        DataPoint
        (xval, yval, description, id) 
    values
        (?, ?, ?, ?)
14:11:06,887 DEBUG SQL:104 - 
    insert 
    into
        DataPoint
        (xval, yval, description, id) 
    values
        (?, ?, ?, ?)
14:11:06,888 DEBUG SQL:104 - 
    insert 
    into
        DataPoint
        (xval, yval, description, id) 
    values
        (?, ?, ?, ?)
14:11:06,888 DEBUG SQL:104 - 
    insert 
    into
        DataPoint
        (xval, yval, description, id) 
    values
        (?, ?, ?, ?)
14:11:06,888 DEBUG SQL:104 - 
    insert 
    into
        DataPoint
        (xval, yval, description, id) 
    values
        (?, ?, ?, ?)
14:11:06,897 DEBUG SQL:104 - 
    insert 
    into
        DataPoint
        (xval, yval, description, id) 
    values
        (?, ?, ?, ?)
14:11:06,898 DEBUG SQL:104 - 
    insert 
    into
        DataPoint
        (xval, yval, description, id) 
    values
        (?, ?, ?, ?)
14:11:06,898 DEBUG SQL:104 - 
    insert 
    into
        DataPoint
        (xval, yval, description, id) 
    values
        (?, ?, ?, ?)
14:11:06,898 DEBUG SQL:104 - 
    insert 
    into
        DataPoint
        (xval, yval, description, id) 
    values
        (?, ?, ?, ?)
14:11:06,909 DEBUG SQL:104 - 
    insert 
    into
        DataPoint
        (xval, yval, description, id) 
    values
        (?, ?, ?, ?)
14:11:06,909 DEBUG SQL:104 - 
    insert 
    into
        DataPoint
        (xval, yval, description, id) 
    values
        (?, ?, ?, ?)
14:11:06,909 DEBUG SQL:104 - 
    insert 
    into
        DataPoint
        (xval, yval, description, id) 
    values
        (?, ?, ?, ?)
14:11:06,909 DEBUG SQL:104 - 
    insert 
    into
        DataPoint
        (xval, yval, description, id) 
    values
        (?, ?, ?, ?)
14:11:06,919 DEBUG SQL:104 - 
    insert 
    into
        DataPoint
        (xval, yval, description, id) 
    values
        (?, ?, ?, ?)
14:11:06,919 DEBUG SQL:104 - 
    insert 
    into
        DataPoint
        (xval, yval, description, id) 
    values
        (?, ?, ?, ?)
14:11:06,919 DEBUG SQL:104 - 
    insert 
    into
        DataPoint
        (xval, yval, description, id) 
    values
        (?, ?, ?, ?)
14:11:06,919 DEBUG SQL:104 - 
    insert 
    into
        DataPoint
        (xval, yval, description, id) 
    values
        (?, ?, ?, ?)
14:11:06,919 DEBUG SQL:104 - 
    insert 
    into
        DataPoint
        (xval, yval, description, id) 
    values
        (?, ?, ?, ?)
14:11:06,929 DEBUG SQL:104 - 
    insert 
    into
        DataPoint
        (xval, yval, description, id) 
    values
        (?, ?, ?, ?)
14:11:06,929 DEBUG SQL:104 - 
    insert 
    into
        DataPoint
        (xval, yval, description, id) 
    values
        (?, ?, ?, ?)
14:11:06,929 DEBUG SQL:104 - 
    insert 
    into
        DataPoint
        (xval, yval, description, id) 
    values
        (?, ?, ?, ?)
14:11:06,930 DEBUG SQL:104 - 
    insert 
    into
        DataPoint
        (xval, yval, description, id) 
    values
        (?, ?, ?, ?)
14:11:06,939 DEBUG SQL:104 - 
    insert 
    into
        DataPoint
        (xval, yval, description, id) 
    values
        (?, ?, ?, ?)
14:11:06,939 DEBUG SQL:104 - 
    insert 
    into
        DataPoint
        (xval, yval, description, id) 
    values
        (?, ?, ?, ?)
14:11:06,940 DEBUG SQL:104 - 
    insert 
    into
        DataPoint
        (xval, yval, description, id) 
    values
        (?, ?, ?, ?)
14:11:06,940 DEBUG SQL:104 - 
    insert 
    into
        DataPoint
        (xval, yval, description, id) 
    values
        (?, ?, ?, ?)
14:11:06,940 DEBUG SQL:104 - 
    insert 
    into
        DataPoint
        (xval, yval, description, id) 
    values
        (?, ?, ?, ?)
14:11:06,940 DEBUG SQL:104 - 
    insert 
    into
        DataPoint
        (xval, yval, description, id) 
    values
        (?, ?, ?, ?)
14:11:06,941 DEBUG SQL:104 - 
    insert 
    into
        DataPoint
        (xval, yval, description, id) 
    values
        (?, ?, ?, ?)
14:11:06,941 DEBUG SQL:104 - 
    insert 
    into
        DataPoint
        (xval, yval, description, id) 
    values
        (?, ?, ?, ?)
14:11:06,941 DEBUG SQL:104 - 
    insert 
    into
        DataPoint
        (xval, yval, description, id) 
    values
        (?, ?, ?, ?)
14:11:06,953 DEBUG SQL:104 - 
    insert 
    into
        DataPoint
        (xval, yval, description, id) 
    values
        (?, ?, ?, ?)
14:11:06,953 DEBUG SQL:104 - 
    insert 
    into
        DataPoint
        (xval, yval, description, id) 
    values
        (?, ?, ?, ?)
14:11:06,953 DEBUG SQL:104 - 
    insert 
    into
        DataPoint
        (xval, yval, description, id) 
    values
        (?, ?, ?, ?)
14:11:06,953 DEBUG SQL:104 - 
    insert 
    into
        DataPoint
        (xval, yval, description, id) 
    values
        (?, ?, ?, ?)
14:11:06,964 DEBUG SQL:104 - 
    insert 
    into
        DataPoint
        (xval, yval, description, id) 
    values
        (?, ?, ?, ?)
14:11:06,964 DEBUG SQL:104 - 
    insert 
    into
        DataPoint
        (xval, yval, description, id) 
    values
        (?, ?, ?, ?)
14:11:06,964 DEBUG SQL:104 - 
    insert 
    into
        DataPoint
        (xval, yval, description, id) 
    values
        (?, ?, ?, ?)
14:11:06,964 DEBUG SQL:104 - 
    insert 
    into
        DataPoint
        (xval, yval, description, id) 
    values
        (?, ?, ?, ?)
14:11:06,964 DEBUG SQL:104 - 
    insert 
    into
        DataPoint
        (xval, yval, description, id) 
    values
        (?, ?, ?, ?)
14:11:06,965 DEBUG SQL:104 - 
    insert 
    into
        DataPoint
        (xval, yval, description, id) 
    values
        (?, ?, ?, ?)
14:11:06,965 DEBUG SQL:104 - 
    insert 
    into
        DataPoint
        (xval, yval, description, id) 
    values
        (?, ?, ?, ?)
14:11:06,987 DEBUG SQL:104 - 
    insert 
    into
        DataPoint
        (xval, yval, description, id) 
    values
        (?, ?, ?, ?)
14:11:06,987 DEBUG SQL:104 - 
    insert 
    into
        DataPoint
        (xval, yval, description, id) 
    values
        (?, ?, ?, ?)
14:11:06,988 DEBUG SQL:104 - 
    insert 
    into
        DataPoint
        (xval, yval, description, id) 
    values
        (?, ?, ?, ?)
14:11:06,988 DEBUG SQL:104 - 
    insert 
    into
        DataPoint
        (xval, yval, description, id) 
    values
        (?, ?, ?, ?)
14:11:06,997 DEBUG SQL:104 - 
    insert 
    into
        DataPoint
        (xval, yval, description, id) 
    values
        (?, ?, ?, ?)
14:11:06,997 DEBUG SQL:104 - 
    insert 
    into
        DataPoint
        (xval, yval, description, id) 
    values
        (?, ?, ?, ?)
14:11:06,997 DEBUG SQL:104 - 
    insert 
    into
        DataPoint
        (xval, yval, description, id) 
    values
        (?, ?, ?, ?)
14:11:06,998 DEBUG SQL:104 - 
    insert 
    into
        DataPoint
        (xval, yval, description, id) 
    values
        (?, ?, ?, ?)
14:11:07,006 DEBUG SQL:104 - 
    insert 
    into
        DataPoint
        (xval, yval, description, id) 
    values
        (?, ?, ?, ?)
14:11:07,007 DEBUG SQL:104 - 
    insert 
    into
        DataPoint
        (xval, yval, description, id) 
    values
        (?, ?, ?, ?)
14:11:07,007 DEBUG SQL:104 - 
    insert 
    into
        DataPoint
        (xval, yval, description, id) 
    values
        (?, ?, ?, ?)
14:11:07,007 DEBUG SQL:104 - 
    insert 
    into
        DataPoint
        (xval, yval, description, id) 
    values
        (?, ?, ?, ?)
14:11:07,007 DEBUG SQL:104 - 
    insert 
    into
        DataPoint
        (xval, yval, description, id) 
    values
        (?, ?, ?, ?)
14:11:07,017 DEBUG SQL:104 - 
    insert 
    into
        DataPoint
        (xval, yval, description, id) 
    values
        (?, ?, ?, ?)
14:11:07,018 DEBUG SQL:104 - 
    insert 
    into
        DataPoint
        (xval, yval, description, id) 
    values
        (?, ?, ?, ?)
14:11:07,018 DEBUG SQL:104 - 
    insert 
    into
        DataPoint
        (xval, yval, description, id) 
    values
        (?, ?, ?, ?)
14:11:07,018 DEBUG SQL:104 - 
    insert 
    into
        DataPoint
        (xval, yval, description, id) 
    values
        (?, ?, ?, ?)
14:11:07,028 DEBUG SQL:104 - 
    insert 
    into
        DataPoint
        (xval, yval, description, id) 
    values
        (?, ?, ?, ?)
14:11:07,028 DEBUG SQL:104 - 
    insert 
    into
        DataPoint
        (xval, yval, description, id) 
    values
        (?, ?, ?, ?)
14:11:07,028 DEBUG SQL:104 - 
    insert 
    into
        DataPoint
        (xval, yval, description, id) 
    values
        (?, ?, ?, ?)
14:11:07,028 DEBUG SQL:104 - 
    insert 
    into
        DataPoint
        (xval, yval, description, id) 
    values
        (?, ?, ?, ?)
14:11:07,038 DEBUG SQL:104 - 
    insert 
    into
        DataPoint
        (xval, yval, description, id) 
    values
        (?, ?, ?, ?)
14:11:07,039 DEBUG SQL:104 - 
    insert 
    into
        DataPoint
        (xval, yval, description, id) 
    values
        (?, ?, ?, ?)
14:11:07,039 DEBUG SQL:104 - 
    insert 
    into
        DataPoint
        (xval, yval, description, id) 
    values
        (?, ?, ?, ?)
14:11:07,039 DEBUG SQL:104 - 
    insert 
    into
        DataPoint
        (xval, yval, description, id) 
    values
        (?, ?, ?, ?)
14:11:07,039 DEBUG SQL:104 - 
    insert 
    into
        DataPoint
        (xval, yval, description, id) 
    values
        (?, ?, ?, ?)
14:11:07,048 DEBUG SQL:104 - 
    insert 
    into
        DataPoint
        (xval, yval, description, id) 
    values
        (?, ?, ?, ?)
14:11:07,048 DEBUG SQL:104 - 
    insert 
    into
        DataPoint
        (xval, yval, description, id) 
    values
        (?, ?, ?, ?)
14:11:07,048 DEBUG SQL:104 - 
    insert 
    into
        DataPoint
        (xval, yval, description, id) 
    values
        (?, ?, ?, ?)
14:11:07,048 DEBUG SQL:104 - 
    insert 
    into
        DataPoint
        (xval, yval, description, id) 
    values
        (?, ?, ?, ?)
14:11:07,057 DEBUG SQL:104 - 
    insert 
    into
        DataPoint
        (xval, yval, description, id) 
    values
        (?, ?, ?, ?)
14:11:07,057 DEBUG SQL:104 - 
    insert 
    into
        DataPoint
        (xval, yval, description, id) 
    values
        (?, ?, ?, ?)
14:11:07,058 DEBUG SQL:104 - 
    insert 
    into
        DataPoint
        (xval, yval, description, id) 
    values
        (?, ?, ?, ?)
14:11:07,058 DEBUG SQL:104 - 
    insert 
    into
        DataPoint
        (xval, yval, description, id) 
    values
        (?, ?, ?, ?)
14:11:07,058 DEBUG SQL:104 - 
    insert 
    into
        DataPoint
        (xval, yval, description, id) 
    values
        (?, ?, ?, ?)
14:11:07,069 DEBUG SQL:104 - 
    insert 
    into
        DataPoint
        (xval, yval, description, id) 
    values
        (?, ?, ?, ?)
14:11:07,069 DEBUG SQL:104 - 
    insert 
    into
        DataPoint
        (xval, yval, description, id) 
    values
        (?, ?, ?, ?)
14:11:07,070 DEBUG SQL:104 - 
    insert 
    into
        DataPoint
        (xval, yval, description, id) 
    values
        (?, ?, ?, ?)
14:11:07,070 DEBUG SQL:104 - 
    insert 
    into
        DataPoint
        (xval, yval, description, id) 
    values
        (?, ?, ?, ?)
14:11:07,070 DEBUG SQL:104 - 
    insert 
    into
        DataPoint
        (xval, yval, description, id) 
    values
        (?, ?, ?, ?)
14:11:07,070 DEBUG SQL:104 - 
    insert 
    into
        DataPoint
        (xval, yval, description, id) 
    values
        (?, ?, ?, ?)
14:11:07,070 DEBUG SQL:104 - 
    insert 
    into
        DataPoint
        (xval, yval, description, id) 
    values
        (?, ?, ?, ?)
14:11:07,071 DEBUG SQL:104 - 
    insert 
    into
        DataPoint
        (xval, yval, description, id) 
    values
        (?, ?, ?, ?)
14:11:07,116 DEBUG SQL:104 - 
    insert 
    into
        DataPoint
        (xval, yval, description, id) 
    values
        (?, ?, ?, ?)
14:11:07,116 DEBUG SQL:104 - 
    insert 
    into
        DataPoint
        (xval, yval, description, id) 
    values
        (?, ?, ?, ?)
14:11:07,116 DEBUG SQL:104 - 
    insert 
    into
        DataPoint
        (xval, yval, description, id) 
    values
        (?, ?, ?, ?)
14:11:07,117 DEBUG SQL:104 - 
    insert 
    into
        DataPoint
        (xval, yval, description, id) 
    values
        (?, ?, ?, ?)
14:11:07,117 DEBUG SQL:104 - 
    insert 
    into
        DataPoint
        (xval, yval, description, id) 
    values
        (?, ?, ?, ?)
14:11:07,117 DEBUG SQL:104 - 
    insert 
    into
        DataPoint
        (xval, yval, description, id) 
    values
        (?, ?, ?, ?)
14:11:07,117 DEBUG SQL:104 - 
    insert 
    into
        DataPoint
        (xval, yval, description, id) 
    values
        (?, ?, ?, ?)
14:11:07,117 DEBUG SQL:104 - 
    insert 
    into
        DataPoint
        (xval, yval, description, id) 
    values
        (?, ?, ?, ?)
14:11:07,118 DEBUG SQL:104 - 
    insert 
    into
        DataPoint
        (xval, yval, description, id) 
    values
        (?, ?, ?, ?)
14:11:07,118 DEBUG SQL:104 - 
    insert 
    into
        DataPoint
        (xval, yval, description, id) 
    values
        (?, ?, ?, ?)
14:11:07,118 DEBUG SQL:104 - 
    insert 
    into
        DataPoint
        (xval, yval, description, id) 
    values
        (?, ?, ?, ?)
14:11:07,118 DEBUG SQL:104 - 
    insert 
    into
        DataPoint
        (xval, yval, description, id) 
    values
        (?, ?, ?, ?)
14:11:07,118 DEBUG SQL:104 - 
    insert 
    into
        DataPoint
        (xval, yval, description, id) 
    values
        (?, ?, ?, ?)
14:11:07,118 DEBUG SQL:104 - 
    insert 
    into
        DataPoint
        (xval, yval, description, id) 
    values
        (?, ?, ?, ?)
14:11:07,118 DEBUG SQL:104 - 
    insert 
    into
        DataPoint
        (xval, yval, description, id) 
    values
        (?, ?, ?, ?)
14:11:07,119 DEBUG SQL:104 - 
    insert 
    into
        DataPoint
        (xval, yval, description, id) 
    values
        (?, ?, ?, ?)
14:11:07,119 DEBUG SQL:104 - 
    insert 
    into
        DataPoint
        (xval, yval, description, id) 
    values
        (?, ?, ?, ?)
14:11:07,119 DEBUG SQL:104 - 
    insert 
    into
        DataPoint
        (xval, yval, description, id) 
    values
        (?, ?, ?, ?)
14:11:07,119 DEBUG SQL:104 - 
    insert 
    into
        DataPoint
        (xval, yval, description, id) 
    values
        (?, ?, ?, ?)
14:11:07,120 DEBUG SQL:104 - 
    insert 
    into
        DataPoint
        (xval, yval, description, id) 
    values
        (?, ?, ?, ?)
14:11:07,120 DEBUG SQL:104 - 
    insert 
    into
        DataPoint
        (xval, yval, description, id) 
    values
        (?, ?, ?, ?)
14:11:07,120 DEBUG SQL:104 - 
    insert 
    into
        DataPoint
        (xval, yval, description, id) 
    values
        (?, ?, ?, ?)
14:11:07,145 DEBUG SQL:104 - 
    insert 
    into
        DataPoint
        (xval, yval, description, id) 
    values
        (?, ?, ?, ?)
14:11:07,146 DEBUG SQL:104 - 
    insert 
    into
        DataPoint
        (xval, yval, description, id) 
    values
        (?, ?, ?, ?)
14:11:07,146 DEBUG SQL:104 - 
    insert 
    into
        DataPoint
        (xval, yval, description, id) 
    values
        (?, ?, ?, ?)
14:11:07,146 DEBUG SQL:104 - 
    insert 
    into
        DataPoint
        (xval, yval, description, id) 
    values
        (?, ?, ?, ?)
14:11:07,154 DEBUG SQL:104 - 
    insert 
    into
        DataPoint
        (xval, yval, description, id) 
    values
        (?, ?, ?, ?)
14:11:07,155 DEBUG SQL:104 - 
    insert 
    into
        DataPoint
        (xval, yval, description, id) 
    values
        (?, ?, ?, ?)
14:11:07,155 DEBUG SQL:104 - 
    insert 
    into
        DataPoint
        (xval, yval, description, id) 
    values
        (?, ?, ?, ?)
14:11:07,155 DEBUG SQL:104 - 
    insert 
    into
        DataPoint
        (xval, yval, description, id) 
    values
        (?, ?, ?, ?)
14:11:07,155 DEBUG SQL:104 - 
    insert 
    into
        DataPoint
        (xval, yval, description, id) 
    values
        (?, ?, ?, ?)
14:11:07,164 DEBUG SQL:104 - 
    insert 
    into
        DataPoint
        (xval, yval, description, id) 
    values
        (?, ?, ?, ?)
14:11:07,165 DEBUG SQL:104 - 
    insert 
    into
        DataPoint
        (xval, yval, description, id) 
    values
        (?, ?, ?, ?)
14:11:07,165 DEBUG SQL:104 - 
    insert 
    into
        DataPoint
        (xval, yval, description, id) 
    values
        (?, ?, ?, ?)
14:11:07,165 DEBUG SQL:104 - 
    insert 
    into
        DataPoint
        (xval, yval, description, id) 
    values
        (?, ?, ?, ?)
14:11:07,175 DEBUG SQL:104 - 
    insert 
    into
        DataPoint
        (xval, yval, description, id) 
    values
        (?, ?, ?, ?)
14:11:07,175 DEBUG SQL:104 - 
    insert 
    into
        DataPoint
        (xval, yval, description, id) 
    values
        (?, ?, ?, ?)
14:11:07,175 DEBUG SQL:104 - 
    insert 
    into
        DataPoint
        (xval, yval, description, id) 
    values
        (?, ?, ?, ?)
14:11:07,175 DEBUG SQL:104 - 
    insert 
    into
        DataPoint
        (xval, yval, description, id) 
    values
        (?, ?, ?, ?)
14:11:07,186 DEBUG SQL:104 - 
    insert 
    into
        DataPoint
        (xval, yval, description, id) 
    values
        (?, ?, ?, ?)
14:11:07,186 DEBUG SQL:104 - 
    insert 
    into
        DataPoint
        (xval, yval, description, id) 
    values
        (?, ?, ?, ?)
14:11:07,186 DEBUG SQL:104 - 
    insert 
    into
        DataPoint
        (xval, yval, description, id) 
    values
        (?, ?, ?, ?)
14:11:07,186 DEBUG SQL:104 - 
    insert 
    into
        DataPoint
        (xval, yval, description, id) 
    values
        (?, ?, ?, ?)
14:11:07,186 DEBUG SQL:104 - 
    insert 
    into
        DataPoint
        (xval, yval, description, id) 
    values
        (?, ?, ?, ?)
14:11:07,196 DEBUG SQL:104 - 
    insert 
    into
        DataPoint
        (xval, yval, description, id) 
    values
        (?, ?, ?, ?)
14:11:07,197 DEBUG SQL:104 - 
    insert 
    into
        DataPoint
        (xval, yval, description, id) 
    values
        (?, ?, ?, ?)
14:11:07,197 DEBUG SQL:104 - 
    insert 
    into
        DataPoint
        (xval, yval, description, id) 
    values
        (?, ?, ?, ?)
14:11:07,197 DEBUG SQL:104 - 
    insert 
    into
        DataPoint
        (xval, yval, description, id) 
    values
        (?, ?, ?, ?)
14:11:07,197 DEBUG SQL:104 - 
    insert 
    into
        DataPoint
        (xval, yval, description, id) 
    values
        (?, ?, ?, ?)
14:11:07,197 DEBUG SQL:104 - 
    insert 
    into
        DataPoint
        (xval, yval, description, id) 
    values
        (?, ?, ?, ?)
14:11:07,198 DEBUG SQL:104 - 
    insert 
    into
        DataPoint
        (xval, yval, description, id) 
    values
        (?, ?, ?, ?)
14:11:07,198 DEBUG SQL:104 - 
    insert 
    into
        DataPoint
        (xval, yval, description, id) 
    values
        (?, ?, ?, ?)
14:11:07,209 DEBUG SQL:104 - 
    insert 
    into
        DataPoint
        (xval, yval, description, id) 
    values
        (?, ?, ?, ?)
14:11:07,209 DEBUG SQL:104 - 
    insert 
    into
        DataPoint
        (xval, yval, description, id) 
    values
        (?, ?, ?, ?)
14:11:07,209 DEBUG SQL:104 - 
    insert 
    into
        DataPoint
        (xval, yval, description, id) 
    values
        (?, ?, ?, ?)
14:11:07,209 DEBUG SQL:104 - 
    insert 
    into
        DataPoint
        (xval, yval, description, id) 
    values
        (?, ?, ?, ?)
14:11:07,210 DEBUG SQL:104 - 
    insert 
    into
        DataPoint
        (xval, yval, description, id) 
    values
        (?, ?, ?, ?)
14:11:07,219 DEBUG SQL:104 - 
    insert 
    into
        DataPoint
        (xval, yval, description, id) 
    values
        (?, ?, ?, ?)
14:11:07,219 DEBUG SQL:104 - 
    insert 
    into
        DataPoint
        (xval, yval, description, id) 
    values
        (?, ?, ?, ?)
14:11:07,220 DEBUG SQL:104 - 
    insert 
    into
        DataPoint
        (xval, yval, description, id) 
    values
        (?, ?, ?, ?)
14:11:07,220 DEBUG SQL:104 - 
    insert 
    into
        DataPoint
        (xval, yval, description, id) 
    values
        (?, ?, ?, ?)
14:11:07,220 DEBUG SQL:104 - 
    insert 
    into
        DataPoint
        (xval, yval, description, id) 
    values
        (?, ?, ?, ?)
14:11:07,220 DEBUG SQL:104 - 
    insert 
    into
        DataPoint
        (xval, yval, description, id) 
    values
        (?, ?, ?, ?)
14:11:07,242 DEBUG SQL:104 - 
    insert 
    into
        DataPoint
        (xval, yval, description, id) 
    values
        (?, ?, ?, ?)
14:11:07,243 DEBUG SQL:104 - 
    insert 
    into
        DataPoint
        (xval, yval, description, id) 
    values
        (?, ?, ?, ?)
14:11:07,243 DEBUG SQL:104 - 
    insert 
    into
        DataPoint
        (xval, yval, description, id) 
    values
        (?, ?, ?, ?)
14:11:07,243 DEBUG SQL:104 - 
    insert 
    into
        DataPoint
        (xval, yval, description, id) 
    values
        (?, ?, ?, ?)
14:11:07,243 DEBUG SQL:104 - 
    insert 
    into
        DataPoint
        (xval, yval, description, id) 
    values
        (?, ?, ?, ?)
14:11:07,253 DEBUG SQL:104 - 
    insert 
    into
        DataPoint
        (xval, yval, description, id) 
    values
        (?, ?, ?, ?)
14:11:07,253 DEBUG SQL:104 - 
    insert 
    into
        DataPoint
        (xval, yval, description, id) 
    values
        (?, ?, ?, ?)
14:11:07,253 DEBUG SQL:104 - 
    insert 
    into
        DataPoint
        (xval, yval, description, id) 
    values
        (?, ?, ?, ?)
14:11:07,253 DEBUG SQL:104 - 
    insert 
    into
        DataPoint
        (xval, yval, description, id) 
    values
        (?, ?, ?, ?)
14:11:07,263 DEBUG SQL:104 - 
    insert 
    into
        DataPoint
        (xval, yval, description, id) 
    values
        (?, ?, ?, ?)
14:11:07,263 DEBUG SQL:104 - 
    insert 
    into
        DataPoint
        (xval, yval, description, id) 
    values
        (?, ?, ?, ?)
14:11:07,263 DEBUG SQL:104 - 
    insert 
    into
        DataPoint
        (xval, yval, description, id) 
    values
        (?, ?, ?, ?)
14:11:07,263 DEBUG SQL:104 - 
    insert 
    into
        DataPoint
        (xval, yval, description, id) 
    values
        (?, ?, ?, ?)
14:11:07,273 DEBUG SQL:104 - 
    insert 
    into
        DataPoint
        (xval, yval, description, id) 
    values
        (?, ?, ?, ?)
14:11:07,273 DEBUG SQL:104 - 
    insert 
    into
        DataPoint
        (xval, yval, description, id) 
    values
        (?, ?, ?, ?)
14:11:07,273 DEBUG SQL:104 - 
    insert 
    into
        DataPoint
        (xval, yval, description, id) 
    values
        (?, ?, ?, ?)
14:11:07,274 DEBUG SQL:104 - 
    insert 
    into
        DataPoint
        (xval, yval, description, id) 
    values
        (?, ?, ?, ?)
14:11:07,274 DEBUG SQL:104 - 
    insert 
    into
        DataPoint
        (xval, yval, description, id) 
    values
        (?, ?, ?, ?)
14:11:07,284 DEBUG SQL:104 - 
    insert 
    into
        DataPoint
        (xval, yval, description, id) 
    values
        (?, ?, ?, ?)
14:11:07,284 DEBUG SQL:104 - 
    insert 
    into
        DataPoint
        (xval, yval, description, id) 
    values
        (?, ?, ?, ?)
14:11:07,284 DEBUG SQL:104 - 
    insert 
    into
        DataPoint
        (xval, yval, description, id) 
    values
        (?, ?, ?, ?)
14:11:07,284 DEBUG SQL:104 - 
    insert 
    into
        DataPoint
        (xval, yval, description, id) 
    values
        (?, ?, ?, ?)
14:11:07,305 DEBUG SQL:104 - 
    insert 
    into
        DataPoint
        (xval, yval, description, id) 
    values
        (?, ?, ?, ?)
14:11:07,305 DEBUG SQL:104 - 
    insert 
    into
        DataPoint
        (xval, yval, description, id) 
    values
        (?, ?, ?, ?)
14:11:07,305 DEBUG SQL:104 - 
    insert 
    into
        DataPoint
        (xval, yval, description, id) 
    values
        (?, ?, ?, ?)
14:11:07,305 DEBUG SQL:104 - 
    insert 
    into
        DataPoint
        (xval, yval, description, id) 
    values
        (?, ?, ?, ?)
14:11:07,306 DEBUG SQL:104 - 
    insert 
    into
        DataPoint
        (xval, yval, description, id) 
    values
        (?, ?, ?, ?)
14:11:07,306 DEBUG SQL:104 - 
    insert 
    into
        DataPoint
        (xval, yval, description, id) 
    values
        (?, ?, ?, ?)
14:11:07,306 DEBUG SQL:104 - 
    insert 
    into
        DataPoint
        (xval, yval, description, id) 
    values
        (?, ?, ?, ?)
14:11:07,306 DEBUG SQL:104 - 
    insert 
    into
        DataPoint
        (xval, yval, description, id) 
    values
        (?, ?, ?, ?)
14:11:07,306 DEBUG SQL:104 - 
    insert 
    into
        DataPoint
        (xval, yval, description, id) 
    values
        (?, ?, ?, ?)
14:11:07,316 DEBUG SQL:104 - 
    insert 
    into
        DataPoint
        (xval, yval, description, id) 
    values
        (?, ?, ?, ?)
14:11:07,316 DEBUG SQL:104 - 
    insert 
    into
        DataPoint
        (xval, yval, description, id) 
    values
        (?, ?, ?, ?)
14:11:07,317 DEBUG SQL:104 - 
    insert 
    into
        DataPoint
        (xval, yval, description, id) 
    values
        (?, ?, ?, ?)
14:11:07,317 DEBUG SQL:104 - 
    insert 
    into
        DataPoint
        (xval, yval, description, id) 
    values
        (?, ?, ?, ?)
14:11:07,328 DEBUG SQL:104 - 
    insert 
    into
        DataPoint
        (xval, yval, description, id) 
    values
        (?, ?, ?, ?)
14:11:07,329 DEBUG SQL:104 - 
    insert 
    into
        DataPoint
        (xval, yval, description, id) 
    values
        (?, ?, ?, ?)
14:11:07,329 DEBUG SQL:104 - 
    insert 
    into
        DataPoint
        (xval, yval, description, id) 
    values
        (?, ?, ?, ?)
14:11:07,329 DEBUG SQL:104 - 
    insert 
    into
        DataPoint
        (xval, yval, description, id) 
    values
        (?, ?, ?, ?)
14:11:07,329 DEBUG SQL:104 - 
    insert 
    into
        DataPoint
        (xval, yval, description, id) 
    values
        (?, ?, ?, ?)
14:11:07,329 DEBUG SQL:104 - 
    insert 
    into
        DataPoint
        (xval, yval, description, id) 
    values
        (?, ?, ?, ?)
14:11:07,330 DEBUG SQL:104 - 
    insert 
    into
        DataPoint
        (xval, yval, description, id) 
    values
        (?, ?, ?, ?)
14:11:07,330 DEBUG SQL:104 - 
    insert 
    into
        DataPoint
        (xval, yval, description, id) 
    values
        (?, ?, ?, ?)
14:11:07,330 DEBUG SQL:104 - 
    insert 
    into
        DataPoint
        (xval, yval, description, id) 
    values
        (?, ?, ?, ?)
14:11:07,342 DEBUG SQL:104 - 
    insert 
    into
        DataPoint
        (xval, yval, description, id) 
    values
        (?, ?, ?, ?)
14:11:07,342 DEBUG SQL:104 - 
    insert 
    into
        DataPoint
        (xval, yval, description, id) 
    values
        (?, ?, ?, ?)
14:11:07,342 DEBUG SQL:104 - 
    insert 
    into
        DataPoint
        (xval, yval, description, id) 
    values
        (?, ?, ?, ?)
14:11:07,343 DEBUG SQL:104 - 
    insert 
    into
        DataPoint
        (xval, yval, description, id) 
    values
        (?, ?, ?, ?)
14:11:07,353 DEBUG SQL:104 - 
    insert 
    into
        DataPoint
        (xval, yval, description, id) 
    values
        (?, ?, ?, ?)
14:11:07,353 DEBUG SQL:104 - 
    insert 
    into
        DataPoint
        (xval, yval, description, id) 
    values
        (?, ?, ?, ?)
14:11:07,353 DEBUG SQL:104 - 
    insert 
    into
        DataPoint
        (xval, yval, description, id) 
    values
        (?, ?, ?, ?)
14:11:07,353 DEBUG SQL:104 - 
    insert 
    into
        DataPoint
        (xval, yval, description, id) 
    values
        (?, ?, ?, ?)
14:11:07,353 DEBUG SQL:104 - 
    insert 
    into
        DataPoint
        (xval, yval, description, id) 
    values
        (?, ?, ?, ?)
14:11:07,354 DEBUG SQL:104 - 
    insert 
    into
        DataPoint
        (xval, yval, description, id) 
    values
        (?, ?, ?, ?)
14:11:07,354 DEBUG SQL:104 - 
    insert 
    into
        DataPoint
        (xval, yval, description, id) 
    values
        (?, ?, ?, ?)
14:11:07,376 DEBUG SQL:104 - 
    insert 
    into
        DataPoint
        (xval, yval, description, id) 
    values
        (?, ?, ?, ?)
14:11:07,377 DEBUG SQL:104 - 
    insert 
    into
        DataPoint
        (xval, yval, description, id) 
    values
        (?, ?, ?, ?)
14:11:07,377 DEBUG SQL:104 - 
    insert 
    into
        DataPoint
        (xval, yval, description, id) 
    values
        (?, ?, ?, ?)
14:11:07,377 DEBUG SQL:104 - 
    insert 
    into
        DataPoint
        (xval, yval, description, id) 
    values
        (?, ?, ?, ?)
14:11:07,386 DEBUG SQL:104 - 
    insert 
    into
        DataPoint
        (xval, yval, description, id) 
    values
        (?, ?, ?, ?)
14:11:07,387 DEBUG SQL:104 - 
    insert 
    into
        DataPoint
        (xval, yval, description, id) 
    values
        (?, ?, ?, ?)
14:11:07,387 DEBUG SQL:104 - 
    insert 
    into
        DataPoint
        (xval, yval, description, id) 
    values
        (?, ?, ?, ?)
14:11:07,387 DEBUG SQL:104 - 
    insert 
    into
        DataPoint
        (xval, yval, description, id) 
    values
        (?, ?, ?, ?)
14:11:07,397 DEBUG SQL:104 - 
    insert 
    into
        DataPoint
        (xval, yval, description, id) 
    values
        (?, ?, ?, ?)
14:11:07,397 DEBUG SQL:104 - 
    insert 
    into
        DataPoint
        (xval, yval, description, id) 
    values
        (?, ?, ?, ?)
14:11:07,397 DEBUG SQL:104 - 
    insert 
    into
        DataPoint
        (xval, yval, description, id) 
    values
        (?, ?, ?, ?)
14:11:07,397 DEBUG SQL:104 - 
    insert 
    into
        DataPoint
        (xval, yval, description, id) 
    values
        (?, ?, ?, ?)
14:11:07,397 DEBUG SQL:104 - 
    insert 
    into
        DataPoint
        (xval, yval, description, id) 
    values
        (?, ?, ?, ?)
14:11:07,407 DEBUG SQL:104 - 
    insert 
    into
        DataPoint
        (xval, yval, description, id) 
    values
        (?, ?, ?, ?)
14:11:07,408 DEBUG SQL:104 - 
    insert 
    into
        DataPoint
        (xval, yval, description, id) 
    values
        (?, ?, ?, ?)
14:11:07,408 DEBUG SQL:104 - 
    insert 
    into
        DataPoint
        (xval, yval, description, id) 
    values
        (?, ?, ?, ?)
14:11:07,408 DEBUG SQL:104 - 
    insert 
    into
        DataPoint
        (xval, yval, description, id) 
    values
        (?, ?, ?, ?)
14:11:07,417 DEBUG SQL:104 - 
    insert 
    into
        DataPoint
        (xval, yval, description, id) 
    values
        (?, ?, ?, ?)
14:11:07,418 DEBUG SQL:104 - 
    insert 
    into
        DataPoint
        (xval, yval, description, id) 
    values
        (?, ?, ?, ?)
14:11:07,418 DEBUG SQL:104 - 
    insert 
    into
        DataPoint
        (xval, yval, description, id) 
    values
        (?, ?, ?, ?)
14:11:07,418 DEBUG SQL:104 - 
    insert 
    into
        DataPoint
        (xval, yval, description, id) 
    values
        (?, ?, ?, ?)
14:11:07,419 DEBUG SQL:104 - 
    insert 
    into
        DataPoint
        (xval, yval, description, id) 
    values
        (?, ?, ?, ?)
14:11:07,432 DEBUG SQL:104 - 
    insert 
    into
        DataPoint
        (xval, yval, description, id) 
    values
        (?, ?, ?, ?)
14:11:07,433 DEBUG SQL:104 - 
    insert 
    into
        DataPoint
        (xval, yval, description, id) 
    values
        (?, ?, ?, ?)
14:11:07,433 DEBUG SQL:104 - 
    insert 
    into
        DataPoint
        (xval, yval, description, id) 
    values
        (?, ?, ?, ?)
14:11:07,433 DEBUG SQL:104 - 
    insert 
    into
        DataPoint
        (xval, yval, description, id) 
    values
        (?, ?, ?, ?)
14:11:07,443 DEBUG SQL:104 - 
    insert 
    into
        DataPoint
        (xval, yval, description, id) 
    values
        (?, ?, ?, ?)
14:11:07,443 DEBUG SQL:104 - 
    insert 
    into
        DataPoint
        (xval, yval, description, id) 
    values
        (?, ?, ?, ?)
14:11:07,443 DEBUG SQL:104 - 
    insert 
    into
        DataPoint
        (xval, yval, description, id) 
    values
        (?, ?, ?, ?)
14:11:07,443 DEBUG SQL:104 - 
    insert 
    into
        DataPoint
        (xval, yval, description, id) 
    values
        (?, ?, ?, ?)
14:11:07,454 DEBUG SQL:104 - 
    insert 
    into
        DataPoint
        (xval, yval, description, id) 
    values
        (?, ?, ?, ?)
14:11:07,454 DEBUG SQL:104 - 
    insert 
    into
        DataPoint
        (xval, yval, description, id) 
    values
        (?, ?, ?, ?)
14:11:07,454 DEBUG SQL:104 - 
    insert 
    into
        DataPoint
        (xval, yval, description, id) 
    values
        (?, ?, ?, ?)
14:11:07,454 DEBUG SQL:104 - 
    insert 
    into
        DataPoint
        (xval, yval, description, id) 
    values
        (?, ?, ?, ?)
14:11:07,454 DEBUG SQL:104 - 
    insert 
    into
        DataPoint
        (xval, yval, description, id) 
    values
        (?, ?, ?, ?)
14:11:07,454 DEBUG SQL:104 - 
    insert 
    into
        DataPoint
        (xval, yval, description, id) 
    values
        (?, ?, ?, ?)
14:11:07,455 DEBUG SQL:104 - 
    insert 
    into
        DataPoint
        (xval, yval, description, id) 
    values
        (?, ?, ?, ?)
14:11:07,455 DEBUG SQL:104 - 
    insert 
    into
        DataPoint
        (xval, yval, description, id) 
    values
        (?, ?, ?, ?)
14:11:07,455 DEBUG SQL:104 - 
    insert 
    into
        DataPoint
        (xval, yval, description, id) 
    values
        (?, ?, ?, ?)
14:11:07,466 DEBUG SQL:104 - 
    insert 
    into
        DataPoint
        (xval, yval, description, id) 
    values
        (?, ?, ?, ?)
14:11:07,467 DEBUG SQL:104 - 
    insert 
    into
        DataPoint
        (xval, yval, description, id) 
    values
        (?, ?, ?, ?)
14:11:07,468 DEBUG SQL:104 - 
    insert 
    into
        DataPoint
        (xval, yval, description, id) 
    values
        (?, ?, ?, ?)
14:11:07,469 DEBUG SQL:104 - 
    insert 
    into
        DataPoint
        (xval, yval, description, id) 
    values
        (?, ?, ?, ?)
14:11:07,478 DEBUG SQL:104 - 
    insert 
    into
        DataPoint
        (xval, yval, description, id) 
    values
        (?, ?, ?, ?)
14:11:07,479 DEBUG SQL:104 - 
    insert 
    into
        DataPoint
        (xval, yval, description, id) 
    values
        (?, ?, ?, ?)
14:11:07,479 DEBUG SQL:104 - 
    insert 
    into
        DataPoint
        (xval, yval, description, id) 
    values
        (?, ?, ?, ?)
14:11:07,479 DEBUG SQL:104 - 
    insert 
    into
        DataPoint
        (xval, yval, description, id) 
    values
        (?, ?, ?, ?)
14:11:07,479 DEBUG SQL:104 - 
    insert 
    into
        DataPoint
        (xval, yval, description, id) 
    values
        (?, ?, ?, ?)
14:11:07,479 DEBUG SQL:104 - 
    insert 
    into
        DataPoint
        (xval, yval, description, id) 
    values
        (?, ?, ?, ?)
14:11:07,479 DEBUG SQL:104 - 
    insert 
    into
        DataPoint
        (xval, yval, description, id) 
    values
        (?, ?, ?, ?)
14:11:07,500 DEBUG SQL:104 - 
    insert 
    into
        DataPoint
        (xval, yval, description, id) 
    values
        (?, ?, ?, ?)
14:11:07,501 DEBUG SQL:104 - 
    insert 
    into
        DataPoint
        (xval, yval, description, id) 
    values
        (?, ?, ?, ?)
14:11:07,501 DEBUG SQL:104 - 
    insert 
    into
        DataPoint
        (xval, yval, description, id) 
    values
        (?, ?, ?, ?)
14:11:07,501 DEBUG SQL:104 - 
    insert 
    into
        DataPoint
        (xval, yval, description, id) 
    values
        (?, ?, ?, ?)
14:11:07,512 DEBUG SQL:104 - 
    insert 
    into
        DataPoint
        (xval, yval, description, id) 
    values
        (?, ?, ?, ?)
14:11:07,512 DEBUG SQL:104 - 
    insert 
    into
        DataPoint
        (xval, yval, description, id) 
    values
        (?, ?, ?, ?)
14:11:07,512 DEBUG SQL:104 - 
    insert 
    into
        DataPoint
        (xval, yval, description, id) 
    values
        (?, ?, ?, ?)
14:11:07,512 DEBUG SQL:104 - 
    insert 
    into
        DataPoint
        (xval, yval, description, id) 
    values
        (?, ?, ?, ?)
14:11:07,513 DEBUG SQL:104 - 
    insert 
    into
        DataPoint
        (xval, yval, description, id) 
    values
        (?, ?, ?, ?)
14:11:07,527 DEBUG SQL:104 - 
    insert 
    into
        DataPoint
        (xval, yval, description, id) 
    values
        (?, ?, ?, ?)
14:11:07,527 DEBUG SQL:104 - 
    insert 
    into
        DataPoint
        (xval, yval, description, id) 
    values
        (?, ?, ?, ?)
14:11:07,528 DEBUG SQL:104 - 
    insert 
    into
        DataPoint
        (xval, yval, description, id) 
    values
        (?, ?, ?, ?)
14:11:07,528 DEBUG SQL:104 - 
    insert 
    into
        DataPoint
        (xval, yval, description, id) 
    values
        (?, ?, ?, ?)
14:11:07,537 DEBUG SQL:104 - 
    insert 
    into
        DataPoint
        (xval, yval, description, id) 
    values
        (?, ?, ?, ?)
14:11:07,537 DEBUG SQL:104 - 
    insert 
    into
        DataPoint
        (xval, yval, description, id) 
    values
        (?, ?, ?, ?)
14:11:07,537 DEBUG SQL:104 - 
    insert 
    into
        DataPoint
        (xval, yval, description, id) 
    values
        (?, ?, ?, ?)
14:11:07,538 DEBUG SQL:104 - 
    insert 
    into
        DataPoint
        (xval, yval, description, id) 
    values
        (?, ?, ?, ?)
14:11:07,550 DEBUG SQL:104 - 
    insert 
    into
        DataPoint
        (xval, yval, description, id) 
    values
        (?, ?, ?, ?)
14:11:07,550 DEBUG SQL:104 - 
    insert 
    into
        DataPoint
        (xval, yval, description, id) 
    values
        (?, ?, ?, ?)
14:11:07,550 DEBUG SQL:104 - 
    insert 
    into
        DataPoint
        (xval, yval, description, id) 
    values
        (?, ?, ?, ?)
14:11:07,551 DEBUG SQL:104 - 
    insert 
    into
        DataPoint
        (xval, yval, description, id) 
    values
        (?, ?, ?, ?)
14:11:07,551 DEBUG SQL:104 - 
    insert 
    into
        DataPoint
        (xval, yval, description, id) 
    values
        (?, ?, ?, ?)
14:11:07,557 DEBUG SQL:104 - 
    insert 
    into
        DataPoint
        (xval, yval, description, id) 
    values
        (?, ?, ?, ?)
14:11:07,557 DEBUG SQL:104 - 
    insert 
    into
        DataPoint
        (xval, yval, description, id) 
    values
        (?, ?, ?, ?)
14:11:07,557 DEBUG SQL:104 - 
    insert 
    into
        DataPoint
        (xval, yval, description, id) 
    values
        (?, ?, ?, ?)
14:11:07,558 DEBUG SQL:104 - 
    insert 
    into
        DataPoint
        (xval, yval, description, id) 
    values
        (?, ?, ?, ?)
14:11:07,583 DEBUG SQL:104 - 
    insert 
    into
        DataPoint
        (xval, yval, description, id) 
    values
        (?, ?, ?, ?)
14:11:07,583 DEBUG SQL:104 - 
    insert 
    into
        DataPoint
        (xval, yval, description, id) 
    values
        (?, ?, ?, ?)
14:11:07,583 DEBUG SQL:104 - 
    insert 
    into
        DataPoint
        (xval, yval, description, id) 
    values
        (?, ?, ?, ?)
14:11:07,584 DEBUG SQL:104 - 
    insert 
    into
        DataPoint
        (xval, yval, description, id) 
    values
        (?, ?, ?, ?)
14:11:07,584 DEBUG SQL:104 - 
    insert 
    into
        DataPoint
        (xval, yval, description, id) 
    values
        (?, ?, ?, ?)
14:11:07,584 DEBUG SQL:104 - 
    insert 
    into
        DataPoint
        (xval, yval, description, id) 
    values
        (?, ?, ?, ?)
14:11:07,585 DEBUG SQL:104 - 
    insert 
    into
        DataPoint
        (xval, yval, description, id) 
    values
        (?, ?, ?, ?)
14:11:07,585 DEBUG SQL:104 - 
    insert 
    into
        DataPoint
        (xval, yval, description, id) 
    values
        (?, ?, ?, ?)
14:11:07,585 DEBUG SQL:104 - 
    insert 
    into
        DataPoint
        (xval, yval, description, id) 
    values
        (?, ?, ?, ?)
14:11:07,585 DEBUG SQL:104 - 
    insert 
    into
        DataPoint
        (xval, yval, description, id) 
    values
        (?, ?, ?, ?)
14:11:07,585 DEBUG SQL:104 - 
    insert 
    into
        DataPoint
        (xval, yval, description, id) 
    values
        (?, ?, ?, ?)
14:11:07,588 DEBUG SQL:104 - 
    insert 
    into
        DataPoint
        (xval, yval, description, id) 
    values
        (?, ?, ?, ?)
14:11:07,588 DEBUG SQL:104 - 
    insert 
    into
        DataPoint
        (xval, yval, description, id) 
    values
        (?, ?, ?, ?)
14:11:07,588 DEBUG SQL:104 - 
    insert 
    into
        DataPoint
        (xval, yval, description, id) 
    values
        (?, ?, ?, ?)
14:11:07,588 DEBUG SQL:104 - 
    insert 
    into
        DataPoint
        (xval, yval, description, id) 
    values
        (?, ?, ?, ?)
14:11:07,600 DEBUG SQL:104 - 
    insert 
    into
        DataPoint
        (xval, yval, description, id) 
    values
        (?, ?, ?, ?)
14:11:07,601 DEBUG SQL:104 - 
    insert 
    into
        DataPoint
        (xval, yval, description, id) 
    values
        (?, ?, ?, ?)
14:11:07,601 DEBUG SQL:104 - 
    insert 
    into
        DataPoint
        (xval, yval, description, id) 
    values
        (?, ?, ?, ?)
14:11:07,601 DEBUG SQL:104 - 
    insert 
    into
        DataPoint
        (xval, yval, description, id) 
    values
        (?, ?, ?, ?)
14:11:07,611 DEBUG SQL:104 - 
    insert 
    into
        DataPoint
        (xval, yval, description, id) 
    values
        (?, ?, ?, ?)
14:11:07,611 DEBUG SQL:104 - 
    insert 
    into
        DataPoint
        (xval, yval, description, id) 
    values
        (?, ?, ?, ?)
14:11:07,612 DEBUG SQL:104 - 
    insert 
    into
        DataPoint
        (xval, yval, description, id) 
    values
        (?, ?, ?, ?)
14:11:07,612 DEBUG SQL:104 - 
    insert 
    into
        DataPoint
        (xval, yval, description, id) 
    values
        (?, ?, ?, ?)
14:11:07,612 DEBUG SQL:104 - 
    insert 
    into
        DataPoint
        (xval, yval, description, id) 
    values
        (?, ?, ?, ?)
14:11:07,612 DEBUG SQL:104 - 
    insert 
    into
        DataPoint
        (xval, yval, description, id) 
    values
        (?, ?, ?, ?)
14:11:07,613 DEBUG SQL:104 - 
    insert 
    into
        DataPoint
        (xval, yval, description, id) 
    values
        (?, ?, ?, ?)
14:11:07,636 DEBUG SQL:104 - 
    insert 
    into
        DataPoint
        (xval, yval, description, id) 
    values
        (?, ?, ?, ?)
14:11:07,636 DEBUG SQL:104 - 
    insert 
    into
        DataPoint
        (xval, yval, description, id) 
    values
        (?, ?, ?, ?)
14:11:07,636 DEBUG SQL:104 - 
    insert 
    into
        DataPoint
        (xval, yval, description, id) 
    values
        (?, ?, ?, ?)
14:11:07,636 DEBUG SQL:104 - 
    insert 
    into
        DataPoint
        (xval, yval, description, id) 
    values
        (?, ?, ?, ?)
14:11:07,645 DEBUG SQL:104 - 
    insert 
    into
        DataPoint
        (xval, yval, description, id) 
    values
        (?, ?, ?, ?)
14:11:07,645 DEBUG SQL:104 - 
    insert 
    into
        DataPoint
        (xval, yval, description, id) 
    values
        (?, ?, ?, ?)
14:11:07,645 DEBUG SQL:104 - 
    insert 
    into
        DataPoint
        (xval, yval, description, id) 
    values
        (?, ?, ?, ?)
14:11:07,646 DEBUG SQL:104 - 
    insert 
    into
        DataPoint
        (xval, yval, description, id) 
    values
        (?, ?, ?, ?)
14:11:07,646 DEBUG SQL:104 - 
    insert 
    into
        DataPoint
        (xval, yval, description, id) 
    values
        (?, ?, ?, ?)
14:11:07,654 DEBUG SQL:104 - 
    insert 
    into
        DataPoint
        (xval, yval, description, id) 
    values
        (?, ?, ?, ?)
14:11:07,655 DEBUG SQL:104 - 
    insert 
    into
        DataPoint
        (xval, yval, description, id) 
    values
        (?, ?, ?, ?)
14:11:07,655 DEBUG SQL:104 - 
    insert 
    into
        DataPoint
        (xval, yval, description, id) 
    values
        (?, ?, ?, ?)
14:11:07,655 DEBUG SQL:104 - 
    insert 
    into
        DataPoint
        (xval, yval, description, id) 
    values
        (?, ?, ?, ?)
14:11:07,663 DEBUG SQL:104 - 
    insert 
    into
        DataPoint
        (xval, yval, description, id) 
    values
        (?, ?, ?, ?)
14:11:07,663 DEBUG SQL:104 - 
    insert 
    into
        DataPoint
        (xval, yval, description, id) 
    values
        (?, ?, ?, ?)
14:11:07,663 DEBUG SQL:104 - 
    insert 
    into
        DataPoint
        (xval, yval, description, id) 
    values
        (?, ?, ?, ?)
14:11:07,664 DEBUG SQL:104 - 
    insert 
    into
        DataPoint
        (xval, yval, description, id) 
    values
        (?, ?, ?, ?)
14:11:07,673 DEBUG SQL:104 - 
    insert 
    into
        DataPoint
        (xval, yval, description, id) 
    values
        (?, ?, ?, ?)
14:11:07,673 DEBUG SQL:104 - 
    insert 
    into
        DataPoint
        (xval, yval, description, id) 
    values
        (?, ?, ?, ?)
14:11:07,674 DEBUG SQL:104 - 
    insert 
    into
        DataPoint
        (xval, yval, description, id) 
    values
        (?, ?, ?, ?)
14:11:07,674 DEBUG SQL:104 - 
    insert 
    into
        DataPoint
        (xval, yval, description, id) 
    values
        (?, ?, ?, ?)
14:11:07,674 DEBUG SQL:104 - 
    insert 
    into
        DataPoint
        (xval, yval, description, id) 
    values
        (?, ?, ?, ?)
14:11:07,685 DEBUG SQL:104 - 
    insert 
    into
        DataPoint
        (xval, yval, description, id) 
    values
        (?, ?, ?, ?)
14:11:07,685 DEBUG SQL:104 - 
    insert 
    into
        DataPoint
        (xval, yval, description, id) 
    values
        (?, ?, ?, ?)
14:11:07,685 DEBUG SQL:104 - 
    insert 
    into
        DataPoint
        (xval, yval, description, id) 
    values
        (?, ?, ?, ?)
14:11:07,685 DEBUG SQL:104 - 
    insert 
    into
        DataPoint
        (xval, yval, description, id) 
    values
        (?, ?, ?, ?)
14:11:07,696 DEBUG SQL:104 - 
    insert 
    into
        DataPoint
        (xval, yval, description, id) 
    values
        (?, ?, ?, ?)
14:11:07,696 DEBUG SQL:104 - 
    insert 
    into
        DataPoint
        (xval, yval, description, id) 
    values
        (?, ?, ?, ?)
14:11:07,696 DEBUG SQL:104 - 
    insert 
    into
        DataPoint
        (xval, yval, description, id) 
    values
        (?, ?, ?, ?)
14:11:07,696 DEBUG SQL:104 - 
    insert 
    into
        DataPoint
        (xval, yval, description, id) 
    values
        (?, ?, ?, ?)
14:11:07,706 DEBUG SQL:104 - 
    insert 
    into
        DataPoint
        (xval, yval, description, id) 
    values
        (?, ?, ?, ?)
14:11:07,707 DEBUG SQL:104 - 
    insert 
    into
        DataPoint
        (xval, yval, description, id) 
    values
        (?, ?, ?, ?)
14:11:07,707 DEBUG SQL:104 - 
    insert 
    into
        DataPoint
        (xval, yval, description, id) 
    values
        (?, ?, ?, ?)
14:11:07,707 DEBUG SQL:104 - 
    insert 
    into
        DataPoint
        (xval, yval, description, id) 
    values
        (?, ?, ?, ?)
14:11:07,707 DEBUG SQL:104 - 
    insert 
    into
        DataPoint
        (xval, yval, description, id) 
    values
        (?, ?, ?, ?)
14:11:07,708 DEBUG SQL:104 - 
    insert 
    into
        DataPoint
        (xval, yval, description, id) 
    values
        (?, ?, ?, ?)
14:11:07,708 DEBUG SQL:104 - 
    insert 
    into
        DataPoint
        (xval, yval, description, id) 
    values
        (?, ?, ?, ?)
14:11:07,708 DEBUG SQL:104 - 
    insert 
    into
        DataPoint
        (xval, yval, description, id) 
    values
        (?, ?, ?, ?)
14:11:07,708 DEBUG SQL:104 - 
    insert 
    into
        DataPoint
        (xval, yval, description, id) 
    values
        (?, ?, ?, ?)
14:11:07,721 DEBUG SQL:104 - 
    insert 
    into
        DataPoint
        (xval, yval, description, id) 
    values
        (?, ?, ?, ?)
14:11:07,721 DEBUG SQL:104 - 
    insert 
    into
        DataPoint
        (xval, yval, description, id) 
    values
        (?, ?, ?, ?)
14:11:07,722 DEBUG SQL:104 - 
    insert 
    into
        DataPoint
        (xval, yval, description, id) 
    values
        (?, ?, ?, ?)
14:11:07,722 DEBUG SQL:104 - 
    insert 
    into
        DataPoint
        (xval, yval, description, id) 
    values
        (?, ?, ?, ?)
14:11:07,722 DEBUG SQL:104 - 
    insert 
    into
        DataPoint
        (xval, yval, description, id) 
    values
        (?, ?, ?, ?)
14:11:07,731 DEBUG SQL:104 - 
    insert 
    into
        DataPoint
        (xval, yval, description, id) 
    values
        (?, ?, ?, ?)
14:11:07,732 DEBUG SQL:104 - 
    insert 
    into
        DataPoint
        (xval, yval, description, id) 
    values
        (?, ?, ?, ?)
14:11:07,733 DEBUG SQL:104 - 
    insert 
    into
        DataPoint
        (xval, yval, description, id) 
    values
        (?, ?, ?, ?)
14:11:07,733 DEBUG SQL:104 - 
    insert 
    into
        DataPoint
        (xval, yval, description, id) 
    values
        (?, ?, ?, ?)
14:11:07,733 DEBUG SQL:104 - 
    insert 
    into
        DataPoint
        (xval, yval, description, id) 
    values
        (?, ?, ?, ?)
14:11:07,733 DEBUG SQL:104 - 
    insert 
    into
        DataPoint
        (xval, yval, description, id) 
    values
        (?, ?, ?, ?)
14:11:07,754 DEBUG SQL:104 - 
    insert 
    into
        DataPoint
        (xval, yval, description, id) 
    values
        (?, ?, ?, ?)
14:11:07,754 DEBUG SQL:104 - 
    insert 
    into
        DataPoint
        (xval, yval, description, id) 
    values
        (?, ?, ?, ?)
14:11:07,754 DEBUG SQL:104 - 
    insert 
    into
        DataPoint
        (xval, yval, description, id) 
    values
        (?, ?, ?, ?)
14:11:07,754 DEBUG SQL:104 - 
    insert 
    into
        DataPoint
        (xval, yval, description, id) 
    values
        (?, ?, ?, ?)
14:11:07,763 DEBUG SQL:104 - 
    insert 
    into
        DataPoint
        (xval, yval, description, id) 
    values
        (?, ?, ?, ?)
14:11:07,763 DEBUG SQL:104 - 
    insert 
    into
        DataPoint
        (xval, yval, description, id) 
    values
        (?, ?, ?, ?)
14:11:07,764 DEBUG SQL:104 - 
    insert 
    into
        DataPoint
        (xval, yval, description, id) 
    values
        (?, ?, ?, ?)
14:11:07,764 DEBUG SQL:104 - 
    insert 
    into
        DataPoint
        (xval, yval, description, id) 
    values
        (?, ?, ?, ?)
14:11:07,764 DEBUG SQL:104 - 
    insert 
    into
        DataPoint
        (xval, yval, description, id) 
    values
        (?, ?, ?, ?)
14:11:07,774 DEBUG SQL:104 - 
    insert 
    into
        DataPoint
        (xval, yval, description, id) 
    values
        (?, ?, ?, ?)
14:11:07,774 DEBUG SQL:104 - 
    insert 
    into
        DataPoint
        (xval, yval, description, id) 
    values
        (?, ?, ?, ?)
14:11:07,774 DEBUG SQL:104 - 
    insert 
    into
        DataPoint
        (xval, yval, description, id) 
    values
        (?, ?, ?, ?)
14:11:07,775 DEBUG SQL:104 - 
    insert 
    into
        DataPoint
        (xval, yval, description, id) 
    values
        (?, ?, ?, ?)
14:11:07,784 DEBUG SQL:104 - 
    insert 
    into
        DataPoint
        (xval, yval, description, id) 
    values
        (?, ?, ?, ?)
14:11:07,784 DEBUG SQL:104 - 
    insert 
    into
        DataPoint
        (xval, yval, description, id) 
    values
        (?, ?, ?, ?)
14:11:07,784 DEBUG SQL:104 - 
    insert 
    into
        DataPoint
        (xval, yval, description, id) 
    values
        (?, ?, ?, ?)
14:11:07,784 DEBUG SQL:104 - 
    insert 
    into
        DataPoint
        (xval, yval, description, id) 
    values
        (?, ?, ?, ?)
14:11:07,785 DEBUG SQL:104 - 
    insert 
    into
        DataPoint
        (xval, yval, description, id) 
    values
        (?, ?, ?, ?)
14:11:07,795 DEBUG SQL:104 - 
    insert 
    into
        DataPoint
        (xval, yval, description, id) 
    values
        (?, ?, ?, ?)
14:11:07,795 DEBUG SQL:104 - 
    insert 
    into
        DataPoint
        (xval, yval, description, id) 
    values
        (?, ?, ?, ?)
14:11:07,795 DEBUG SQL:104 - 
    insert 
    into
        DataPoint
        (xval, yval, description, id) 
    values
        (?, ?, ?, ?)
14:11:07,795 DEBUG SQL:104 - 
    insert 
    into
        DataPoint
        (xval, yval, description, id) 
    values
        (?, ?, ?, ?)
14:11:07,805 DEBUG SQL:104 - 
    insert 
    into
        DataPoint
        (xval, yval, description, id) 
    values
        (?, ?, ?, ?)
14:11:07,805 DEBUG SQL:104 - 
    insert 
    into
        DataPoint
        (xval, yval, description, id) 
    values
        (?, ?, ?, ?)
14:11:07,805 DEBUG SQL:104 - 
    insert 
    into
        DataPoint
        (xval, yval, description, id) 
    values
        (?, ?, ?, ?)
14:11:07,806 DEBUG SQL:104 - 
    insert 
    into
        DataPoint
        (xval, yval, description, id) 
    values
        (?, ?, ?, ?)
14:11:07,815 DEBUG SQL:104 - 
    insert 
    into
        DataPoint
        (xval, yval, description, id) 
    values
        (?, ?, ?, ?)
14:11:07,815 DEBUG SQL:104 - 
    insert 
    into
        DataPoint
        (xval, yval, description, id) 
    values
        (?, ?, ?, ?)
14:11:07,816 DEBUG SQL:104 - 
    insert 
    into
        DataPoint
        (xval, yval, description, id) 
    values
        (?, ?, ?, ?)
14:11:07,816 DEBUG SQL:104 - 
    insert 
    into
        DataPoint
        (xval, yval, description, id) 
    values
        (?, ?, ?, ?)
14:11:07,817 DEBUG SQL:104 - 
    insert 
    into
        DataPoint
        (xval, yval, description, id) 
    values
        (?, ?, ?, ?)
14:11:07,825 DEBUG SQL:104 - 
    insert 
    into
        DataPoint
        (xval, yval, description, id) 
    values
        (?, ?, ?, ?)
14:11:07,826 DEBUG SQL:104 - 
    insert 
    into
        DataPoint
        (xval, yval, description, id) 
    values
        (?, ?, ?, ?)
14:11:07,826 DEBUG SQL:104 - 
    insert 
    into
        DataPoint
        (xval, yval, description, id) 
    values
        (?, ?, ?, ?)
14:11:07,826 DEBUG SQL:104 - 
    insert 
    into
        DataPoint
        (xval, yval, description, id) 
    values
        (?, ?, ?, ?)
14:11:07,836 DEBUG SQL:104 - 
    insert 
    into
        DataPoint
        (xval, yval, description, id) 
    values
        (?, ?, ?, ?)
14:11:07,837 DEBUG SQL:104 - 
    insert 
    into
        DataPoint
        (xval, yval, description, id) 
    values
        (?, ?, ?, ?)
14:11:07,837 DEBUG SQL:104 - 
    insert 
    into
        DataPoint
        (xval, yval, description, id) 
    values
        (?, ?, ?, ?)
14:11:07,837 DEBUG SQL:104 - 
    insert 
    into
        DataPoint
        (xval, yval, description, id) 
    values
        (?, ?, ?, ?)
14:11:07,837 DEBUG SQL:104 - 
    insert 
    into
        DataPoint
        (xval, yval, description, id) 
    values
        (?, ?, ?, ?)
14:11:07,838 DEBUG SQL:104 - 
    insert 
    into
        DataPoint
        (xval, yval, description, id) 
    values
        (?, ?, ?, ?)
14:11:07,838 DEBUG SQL:104 - 
    insert 
    into
        DataPoint
        (xval, yval, description, id) 
    values
        (?, ?, ?, ?)
14:11:07,838 DEBUG SQL:104 - 
    insert 
    into
        DataPoint
        (xval, yval, description, id) 
    values
        (?, ?, ?, ?)
14:11:07,838 DEBUG SQL:104 - 
    insert 
    into
        DataPoint
        (xval, yval, description, id) 
    values
        (?, ?, ?, ?)
14:11:07,850 DEBUG SQL:104 - 
    insert 
    into
        DataPoint
        (xval, yval, description, id) 
    values
        (?, ?, ?, ?)
14:11:07,850 DEBUG SQL:104 - 
    insert 
    into
        DataPoint
        (xval, yval, description, id) 
    values
        (?, ?, ?, ?)
14:11:07,851 DEBUG SQL:104 - 
    insert 
    into
        DataPoint
        (xval, yval, description, id) 
    values
        (?, ?, ?, ?)
14:11:07,851 DEBUG SQL:104 - 
    insert 
    into
        DataPoint
        (xval, yval, description, id) 
    values
        (?, ?, ?, ?)
14:11:07,865 DEBUG SQL:104 - 
    insert 
    into
        DataPoint
        (xval, yval, description, id) 
    values
        (?, ?, ?, ?)
14:11:07,866 DEBUG SQL:104 - 
    insert 
    into
        DataPoint
        (xval, yval, description, id) 
    values
        (?, ?, ?, ?)
14:11:07,866 DEBUG SQL:104 - 
    insert 
    into
        DataPoint
        (xval, yval, description, id) 
    values
        (?, ?, ?, ?)
14:11:07,867 DEBUG SQL:104 - 
    insert 
    into
        DataPoint
        (xval, yval, description, id) 
    values
        (?, ?, ?, ?)
14:11:07,867 DEBUG SQL:104 - 
    insert 
    into
        DataPoint
        (xval, yval, description, id) 
    values
        (?, ?, ?, ?)
14:11:07,867 DEBUG SQL:104 - 
    insert 
    into
        DataPoint
        (xval, yval, description, id) 
    values
        (?, ?, ?, ?)
14:11:07,867 DEBUG SQL:104 - 
    insert 
    into
        DataPoint
        (xval, yval, description, id) 
    values
        (?, ?, ?, ?)
14:11:07,908 DEBUG SQL:104 - 
    insert 
    into
        DataPoint
        (xval, yval, description, id) 
    values
        (?, ?, ?, ?)
14:11:07,909 DEBUG SQL:104 - 
    insert 
    into
        DataPoint
        (xval, yval, description, id) 
    values
        (?, ?, ?, ?)
14:11:07,909 DEBUG SQL:104 - 
    insert 
    into
        DataPoint
        (xval, yval, description, id) 
    values
        (?, ?, ?, ?)
14:11:07,909 DEBUG SQL:104 - 
    insert 
    into
        DataPoint
        (xval, yval, description, id) 
    values
        (?, ?, ?, ?)
14:11:07,909 DEBUG SQL:104 - 
    insert 
    into
        DataPoint
        (xval, yval, description, id) 
    values
        (?, ?, ?, ?)
14:11:07,909 DEBUG SQL:104 - 
    insert 
    into
        DataPoint
        (xval, yval, description, id) 
    values
        (?, ?, ?, ?)
14:11:07,910 DEBUG SQL:104 - 
    insert 
    into
        DataPoint
        (xval, yval, description, id) 
    values
        (?, ?, ?, ?)
14:11:07,910 DEBUG SQL:104 - 
    insert 
    into
        DataPoint
        (xval, yval, description, id) 
    values
        (?, ?, ?, ?)
14:11:07,910 DEBUG SQL:104 - 
    insert 
    into
        DataPoint
        (xval, yval, description, id) 
    values
        (?, ?, ?, ?)
14:11:07,910 DEBUG SQL:104 - 
    insert 
    into
        DataPoint
        (xval, yval, description, id) 
    values
        (?, ?, ?, ?)
14:11:07,910 DEBUG SQL:104 - 
    insert 
    into
        DataPoint
        (xval, yval, description, id) 
    values
        (?, ?, ?, ?)
14:11:07,910 DEBUG SQL:104 - 
    insert 
    into
        DataPoint
        (xval, yval, description, id) 
    values
        (?, ?, ?, ?)
14:11:07,911 DEBUG SQL:104 - 
    insert 
    into
        DataPoint
        (xval, yval, description, id) 
    values
        (?, ?, ?, ?)
14:11:07,911 DEBUG SQL:104 - 
    insert 
    into
        DataPoint
        (xval, yval, description, id) 
    values
        (?, ?, ?, ?)
14:11:07,911 DEBUG SQL:104 - 
    insert 
    into
        DataPoint
        (xval, yval, description, id) 
    values
        (?, ?, ?, ?)
14:11:07,911 DEBUG SQL:104 - 
    insert 
    into
        DataPoint
        (xval, yval, description, id) 
    values
        (?, ?, ?, ?)
14:11:07,912 DEBUG SQL:104 - 
    insert 
    into
        DataPoint
        (xval, yval, description, id) 
    values
        (?, ?, ?, ?)
14:11:07,912 DEBUG SQL:104 - 
    insert 
    into
        DataPoint
        (xval, yval, description, id) 
    values
        (?, ?, ?, ?)
14:11:07,932 DEBUG SQL:104 - 
    insert 
    into
        DataPoint
        (xval, yval, description, id) 
    values
        (?, ?, ?, ?)
14:11:07,933 DEBUG SQL:104 - 
    insert 
    into
        DataPoint
        (xval, yval, description, id) 
    values
        (?, ?, ?, ?)
14:11:07,933 DEBUG SQL:104 - 
    insert 
    into
        DataPoint
        (xval, yval, description, id) 
    values
        (?, ?, ?, ?)
14:11:07,933 DEBUG SQL:104 - 
    insert 
    into
        DataPoint
        (xval, yval, description, id) 
    values
        (?, ?, ?, ?)
14:11:07,942 DEBUG SQL:104 - 
    insert 
    into
        DataPoint
        (xval, yval, description, id) 
    values
        (?, ?, ?, ?)
14:11:07,942 DEBUG SQL:104 - 
    insert 
    into
        DataPoint
        (xval, yval, description, id) 
    values
        (?, ?, ?, ?)
14:11:07,943 DEBUG SQL:104 - 
    insert 
    into
        DataPoint
        (xval, yval, description, id) 
    values
        (?, ?, ?, ?)
14:11:07,943 DEBUG SQL:104 - 
    insert 
    into
        DataPoint
        (xval, yval, description, id) 
    values
        (?, ?, ?, ?)
14:11:07,943 DEBUG SQL:104 - 
    insert 
    into
        DataPoint
        (xval, yval, description, id) 
    values
        (?, ?, ?, ?)
14:11:07,953 DEBUG SQL:104 - 
    insert 
    into
        DataPoint
        (xval, yval, description, id) 
    values
        (?, ?, ?, ?)
14:11:07,954 DEBUG SQL:104 - 
    insert 
    into
        DataPoint
        (xval, yval, description, id) 
    values
        (?, ?, ?, ?)
14:11:07,954 DEBUG SQL:104 - 
    insert 
    into
        DataPoint
        (xval, yval, description, id) 
    values
        (?, ?, ?, ?)
14:11:07,954 DEBUG SQL:104 - 
    insert 
    into
        DataPoint
        (xval, yval, description, id) 
    values
        (?, ?, ?, ?)
14:11:07,963 DEBUG SQL:104 - 
    insert 
    into
        DataPoint
        (xval, yval, description, id) 
    values
        (?, ?, ?, ?)
14:11:07,964 DEBUG SQL:104 - 
    insert 
    into
        DataPoint
        (xval, yval, description, id) 
    values
        (?, ?, ?, ?)
14:11:07,964 DEBUG SQL:104 - 
    insert 
    into
        DataPoint
        (xval, yval, description, id) 
    values
        (?, ?, ?, ?)
14:11:07,965 DEBUG SQL:104 - 
    insert 
    into
        DataPoint
        (xval, yval, description, id) 
    values
        (?, ?, ?, ?)
14:11:07,965 DEBUG SQL:104 - 
    insert 
    into
        DataPoint
        (xval, yval, description, id) 
    values
        (?, ?, ?, ?)
14:11:07,965 DEBUG SQL:104 - 
    insert 
    into
        DataPoint
        (xval, yval, description, id) 
    values
        (?, ?, ?, ?)
14:11:07,966 DEBUG SQL:104 - 
    insert 
    into
        DataPoint
        (xval, yval, description, id) 
    values
        (?, ?, ?, ?)
14:11:07,966 DEBUG SQL:104 - 
    insert 
    into
        DataPoint
        (xval, yval, description, id) 
    values
        (?, ?, ?, ?)
14:11:07,966 DEBUG SQL:104 - 
    insert 
    into
        DataPoint
        (xval, yval, description, id) 
    values
        (?, ?, ?, ?)
14:11:07,979 DEBUG SQL:104 - 
    insert 
    into
        DataPoint
        (xval, yval, description, id) 
    values
        (?, ?, ?, ?)
14:11:07,979 DEBUG SQL:104 - 
    insert 
    into
        DataPoint
        (xval, yval, description, id) 
    values
        (?, ?, ?, ?)
14:11:07,979 DEBUG SQL:104 - 
    insert 
    into
        DataPoint
        (xval, yval, description, id) 
    values
        (?, ?, ?, ?)
14:11:07,980 DEBUG SQL:104 - 
    insert 
    into
        DataPoint
        (xval, yval, description, id) 
    values
        (?, ?, ?, ?)
14:11:07,989 DEBUG SQL:104 - 
    insert 
    into
        DataPoint
        (xval, yval, description, id) 
    values
        (?, ?, ?, ?)
14:11:07,990 DEBUG SQL:104 - 
    insert 
    into
        DataPoint
        (xval, yval, description, id) 
    values
        (?, ?, ?, ?)
14:11:07,990 DEBUG SQL:104 - 
    insert 
    into
        DataPoint
        (xval, yval, description, id) 
    values
        (?, ?, ?, ?)
14:11:07,990 DEBUG SQL:104 - 
    insert 
    into
        DataPoint
        (xval, yval, description, id) 
    values
        (?, ?, ?, ?)
14:11:07,990 DEBUG SQL:104 - 
    insert 
    into
        DataPoint
        (xval, yval, description, id) 
    values
        (?, ?, ?, ?)
14:11:07,991 DEBUG SQL:104 - 
    insert 
    into
        DataPoint
        (xval, yval, description, id) 
    values
        (?, ?, ?, ?)
14:11:07,991 DEBUG SQL:104 - 
    insert 
    into
        DataPoint
        (xval, yval, description, id) 
    values
        (?, ?, ?, ?)
14:11:08,014 DEBUG SQL:104 - 
    insert 
    into
        DataPoint
        (xval, yval, description, id) 
    values
        (?, ?, ?, ?)
14:11:08,014 DEBUG SQL:104 - 
    insert 
    into
        DataPoint
        (xval, yval, description, id) 
    values
        (?, ?, ?, ?)
14:11:08,014 DEBUG SQL:104 - 
    insert 
    into
        DataPoint
        (xval, yval, description, id) 
    values
        (?, ?, ?, ?)
14:11:08,015 DEBUG SQL:104 - 
    insert 
    into
        DataPoint
        (xval, yval, description, id) 
    values
        (?, ?, ?, ?)
14:11:08,025 DEBUG SQL:104 - 
    insert 
    into
        DataPoint
        (xval, yval, description, id) 
    values
        (?, ?, ?, ?)
14:11:08,025 DEBUG SQL:104 - 
    insert 
    into
        DataPoint
        (xval, yval, description, id) 
    values
        (?, ?, ?, ?)
14:11:08,025 DEBUG SQL:104 - 
    insert 
    into
        DataPoint
        (xval, yval, description, id) 
    values
        (?, ?, ?, ?)
14:11:08,025 DEBUG SQL:104 - 
    insert 
    into
        DataPoint
        (xval, yval, description, id) 
    values
        (?, ?, ?, ?)
14:11:08,025 DEBUG SQL:104 - 
    insert 
    into
        DataPoint
        (xval, yval, description, id) 
    values
        (?, ?, ?, ?)
14:11:08,035 DEBUG SQL:104 - 
    insert 
    into
        DataPoint
        (xval, yval, description, id) 
    values
        (?, ?, ?, ?)
14:11:08,035 DEBUG SQL:104 - 
    insert 
    into
        DataPoint
        (xval, yval, description, id) 
    values
        (?, ?, ?, ?)
14:11:08,036 DEBUG SQL:104 - 
    insert 
    into
        DataPoint
        (xval, yval, description, id) 
    values
        (?, ?, ?, ?)
14:11:08,036 DEBUG SQL:104 - 
    insert 
    into
        DataPoint
        (xval, yval, description, id) 
    values
        (?, ?, ?, ?)
14:11:08,046 DEBUG SQL:104 - 
    insert 
    into
        DataPoint
        (xval, yval, description, id) 
    values
        (?, ?, ?, ?)
14:11:08,046 DEBUG SQL:104 - 
    insert 
    into
        DataPoint
        (xval, yval, description, id) 
    values
        (?, ?, ?, ?)
14:11:08,046 DEBUG SQL:104 - 
    insert 
    into
        DataPoint
        (xval, yval, description, id) 
    values
        (?, ?, ?, ?)
14:11:08,046 DEBUG SQL:104 - 
    insert 
    into
        DataPoint
        (xval, yval, description, id) 
    values
        (?, ?, ?, ?)
14:11:08,055 DEBUG SQL:104 - 
    insert 
    into
        DataPoint
        (xval, yval, description, id) 
    values
        (?, ?, ?, ?)
14:11:08,056 DEBUG SQL:104 - 
    insert 
    into
        DataPoint
        (xval, yval, description, id) 
    values
        (?, ?, ?, ?)
14:11:08,056 DEBUG SQL:104 - 
    insert 
    into
        DataPoint
        (xval, yval, description, id) 
    values
        (?, ?, ?, ?)
14:11:08,056 DEBUG SQL:104 - 
    insert 
    into
        DataPoint
        (xval, yval, description, id) 
    values
        (?, ?, ?, ?)
14:11:08,056 DEBUG SQL:104 - 
    insert 
    into
        DataPoint
        (xval, yval, description, id) 
    values
        (?, ?, ?, ?)
14:11:08,065 DEBUG SQL:104 - 
    insert 
    into
        DataPoint
        (xval, yval, description, id) 
    values
        (?, ?, ?, ?)
14:11:08,066 DEBUG SQL:104 - 
    insert 
    into
        DataPoint
        (xval, yval, description, id) 
    values
        (?, ?, ?, ?)
14:11:08,066 DEBUG SQL:104 - 
    insert 
    into
        DataPoint
        (xval, yval, description, id) 
    values
        (?, ?, ?, ?)
14:11:08,066 DEBUG SQL:104 - 
    insert 
    into
        DataPoint
        (xval, yval, description, id) 
    values
        (?, ?, ?, ?)
14:11:08,075 DEBUG SQL:104 - 
    insert 
    into
        DataPoint
        (xval, yval, description, id) 
    values
        (?, ?, ?, ?)
14:11:08,076 DEBUG SQL:104 - 
    insert 
    into
        DataPoint
        (xval, yval, description, id) 
    values
        (?, ?, ?, ?)
14:11:08,076 DEBUG SQL:104 - 
    insert 
    into
        DataPoint
        (xval, yval, description, id) 
    values
        (?, ?, ?, ?)
14:11:08,076 DEBUG SQL:104 - 
    insert 
    into
        DataPoint
        (xval, yval, description, id) 
    values
        (?, ?, ?, ?)
14:11:08,086 DEBUG SQL:104 - 
    insert 
    into
        DataPoint
        (xval, yval, description, id) 
    values
        (?, ?, ?, ?)
14:11:08,086 DEBUG SQL:104 - 
    insert 
    into
        DataPoint
        (xval, yval, description, id) 
    values
        (?, ?, ?, ?)
14:11:08,087 DEBUG SQL:104 - 
    insert 
    into
        DataPoint
        (xval, yval, description, id) 
    values
        (?, ?, ?, ?)
14:11:08,087 DEBUG SQL:104 - 
    insert 
    into
        DataPoint
        (xval, yval, description, id) 
    values
        (?, ?, ?, ?)
14:11:08,087 DEBUG SQL:104 - 
    insert 
    into
        DataPoint
        (xval, yval, description, id) 
    values
        (?, ?, ?, ?)
14:11:08,097 DEBUG SQL:104 - 
    insert 
    into
        DataPoint
        (xval, yval, description, id) 
    values
        (?, ?, ?, ?)
14:11:08,098 DEBUG SQL:104 - 
    insert 
    into
        DataPoint
        (xval, yval, description, id) 
    values
        (?, ?, ?, ?)
14:11:08,098 DEBUG SQL:104 - 
    insert 
    into
        DataPoint
        (xval, yval, description, id) 
    values
        (?, ?, ?, ?)
14:11:08,098 DEBUG SQL:104 - 
    insert 
    into
        DataPoint
        (xval, yval, description, id) 
    values
        (?, ?, ?, ?)
14:11:08,098 DEBUG SQL:104 - 
    insert 
    into
        DataPoint
        (xval, yval, description, id) 
    values
        (?, ?, ?, ?)
14:11:08,098 DEBUG SQL:104 - 
    insert 
    into
        DataPoint
        (xval, yval, description, id) 
    values
        (?, ?, ?, ?)
14:11:08,099 DEBUG SQL:104 - 
    insert 
    into
        DataPoint
        (xval, yval, description, id) 
    values
        (?, ?, ?, ?)
14:11:08,099 DEBUG SQL:104 - 
    insert 
    into
        DataPoint
        (xval, yval, description, id) 
    values
        (?, ?, ?, ?)
14:11:08,112 DEBUG SQL:104 - 
    insert 
    into
        DataPoint
        (xval, yval, description, id) 
    values
        (?, ?, ?, ?)
14:11:08,112 DEBUG SQL:104 - 
    insert 
    into
        DataPoint
        (xval, yval, description, id) 
    values
        (?, ?, ?, ?)
14:11:08,112 DEBUG SQL:104 - 
    insert 
    into
        DataPoint
        (xval, yval, description, id) 
    values
        (?, ?, ?, ?)
14:11:08,113 DEBUG SQL:104 - 
    insert 
    into
        DataPoint
        (xval, yval, description, id) 
    values
        (?, ?, ?, ?)
14:11:08,113 DEBUG SQL:104 - 
    insert 
    into
        DataPoint
        (xval, yval, description, id) 
    values
        (?, ?, ?, ?)
14:11:08,122 DEBUG SQL:104 - 
    insert 
    into
        DataPoint
        (xval, yval, description, id) 
    values
        (?, ?, ?, ?)
14:11:08,123 DEBUG SQL:104 - 
    insert 
    into
        DataPoint
        (xval, yval, description, id) 
    values
        (?, ?, ?, ?)
14:11:08,123 DEBUG SQL:104 - 
    insert 
    into
        DataPoint
        (xval, yval, description, id) 
    values
        (?, ?, ?, ?)
14:11:08,123 DEBUG SQL:104 - 
    insert 
    into
        DataPoint
        (xval, yval, description, id) 
    values
        (?, ?, ?, ?)
14:11:08,123 DEBUG SQL:104 - 
    insert 
    into
        DataPoint
        (xval, yval, description, id) 
    values
        (?, ?, ?, ?)
14:11:08,123 DEBUG SQL:104 - 
    insert 
    into
        DataPoint
        (xval, yval, description, id) 
    values
        (?, ?, ?, ?)
14:11:08,144 DEBUG SQL:104 - 
    insert 
    into
        DataPoint
        (xval, yval, description, id) 
    values
        (?, ?, ?, ?)
14:11:08,144 DEBUG SQL:104 - 
    insert 
    into
        DataPoint
        (xval, yval, description, id) 
    values
        (?, ?, ?, ?)
14:11:08,144 DEBUG SQL:104 - 
    insert 
    into
        DataPoint
        (xval, yval, description, id) 
    values
        (?, ?, ?, ?)
14:11:08,144 DEBUG SQL:104 - 
    insert 
    into
        DataPoint
        (xval, yval, description, id) 
    values
        (?, ?, ?, ?)
14:11:08,144 DEBUG SQL:104 - 
    insert 
    into
        DataPoint
        (xval, yval, description, id) 
    values
        (?, ?, ?, ?)
14:11:08,154 DEBUG SQL:104 - 
    insert 
    into
        DataPoint
        (xval, yval, description, id) 
    values
        (?, ?, ?, ?)
14:11:08,155 DEBUG SQL:104 - 
    insert 
    into
        DataPoint
        (xval, yval, description, id) 
    values
        (?, ?, ?, ?)
14:11:08,155 DEBUG SQL:104 - 
    insert 
    into
        DataPoint
        (xval, yval, description, id) 
    values
        (?, ?, ?, ?)
14:11:08,155 DEBUG SQL:104 - 
    insert 
    into
        DataPoint
        (xval, yval, description, id) 
    values
        (?, ?, ?, ?)
14:11:08,169 DEBUG SQL:104 - 
    insert 
    into
        DataPoint
        (xval, yval, description, id) 
    values
        (?, ?, ?, ?)
14:11:08,169 DEBUG SQL:104 - 
    insert 
    into
        DataPoint
        (xval, yval, description, id) 
    values
        (?, ?, ?, ?)
14:11:08,170 DEBUG SQL:104 - 
    insert 
    into
        DataPoint
        (xval, yval, description, id) 
    values
        (?, ?, ?, ?)
14:11:08,170 DEBUG SQL:104 - 
    insert 
    into
        DataPoint
        (xval, yval, description, id) 
    values
        (?, ?, ?, ?)
14:11:08,180 DEBUG SQL:104 - 
    insert 
    into
        DataPoint
        (xval, yval, description, id) 
    values
        (?, ?, ?, ?)
14:11:08,180 DEBUG SQL:104 - 
    insert 
    into
        DataPoint
        (xval, yval, description, id) 
    values
        (?, ?, ?, ?)
14:11:08,180 DEBUG SQL:104 - 
    insert 
    into
        DataPoint
        (xval, yval, description, id) 
    values
        (?, ?, ?, ?)
14:11:08,180 DEBUG SQL:104 - 
    insert 
    into
        DataPoint
        (xval, yval, description, id) 
    values
        (?, ?, ?, ?)
14:11:08,180 DEBUG SQL:104 - 
    insert 
    into
        DataPoint
        (xval, yval, description, id) 
    values
        (?, ?, ?, ?)
14:11:08,189 DEBUG SQL:104 - 
    insert 
    into
        DataPoint
        (xval, yval, description, id) 
    values
        (?, ?, ?, ?)
14:11:08,190 DEBUG SQL:104 - 
    insert 
    into
        DataPoint
        (xval, yval, description, id) 
    values
        (?, ?, ?, ?)
14:11:08,190 DEBUG SQL:104 - 
    insert 
    into
        DataPoint
        (xval, yval, description, id) 
    values
        (?, ?, ?, ?)
14:11:08,190 DEBUG SQL:104 - 
    insert 
    into
        DataPoint
        (xval, yval, description, id) 
    values
        (?, ?, ?, ?)
14:11:08,201 DEBUG SQL:104 - 
    insert 
    into
        DataPoint
        (xval, yval, description, id) 
    values
        (?, ?, ?, ?)
14:11:08,201 DEBUG SQL:104 - 
    insert 
    into
        DataPoint
        (xval, yval, description, id) 
    values
        (?, ?, ?, ?)
14:11:08,201 DEBUG SQL:104 - 
    insert 
    into
        DataPoint
        (xval, yval, description, id) 
    values
        (?, ?, ?, ?)
14:11:08,201 DEBUG SQL:104 - 
    insert 
    into
        DataPoint
        (xval, yval, description, id) 
    values
        (?, ?, ?, ?)
14:11:08,211 DEBUG SQL:104 - 
    insert 
    into
        DataPoint
        (xval, yval, description, id) 
    values
        (?, ?, ?, ?)
14:11:08,211 DEBUG SQL:104 - 
    insert 
    into
        DataPoint
        (xval, yval, description, id) 
    values
        (?, ?, ?, ?)
14:11:08,211 DEBUG SQL:104 - 
    insert 
    into
        DataPoint
        (xval, yval, description, id) 
    values
        (?, ?, ?, ?)
14:11:08,212 DEBUG SQL:104 - 
    insert 
    into
        DataPoint
        (xval, yval, description, id) 
    values
        (?, ?, ?, ?)
14:11:08,212 DEBUG SQL:104 - 
    insert 
    into
        DataPoint
        (xval, yval, description, id) 
    values
        (?, ?, ?, ?)
14:11:08,220 DEBUG SQL:104 - 
    insert 
    into
        DataPoint
        (xval, yval, description, id) 
    values
        (?, ?, ?, ?)
14:11:08,220 DEBUG SQL:104 - 
    insert 
    into
        DataPoint
        (xval, yval, description, id) 
    values
        (?, ?, ?, ?)
14:11:08,220 DEBUG SQL:104 - 
    insert 
    into
        DataPoint
        (xval, yval, description, id) 
    values
        (?, ?, ?, ?)
14:11:08,221 DEBUG SQL:104 - 
    insert 
    into
        DataPoint
        (xval, yval, description, id) 
    values
        (?, ?, ?, ?)
14:11:08,221 DEBUG SQL:104 - 
    insert 
    into
        DataPoint
        (xval, yval, description, id) 
    values
        (?, ?, ?, ?)
14:11:08,221 DEBUG SQL:104 - 
    insert 
    into
        DataPoint
        (xval, yval, description, id) 
    values
        (?, ?, ?, ?)
14:11:08,221 DEBUG SQL:104 - 
    insert 
    into
        DataPoint
        (xval, yval, description, id) 
    values
        (?, ?, ?, ?)
14:11:08,221 DEBUG SQL:104 - 
    insert 
    into
        DataPoint
        (xval, yval, description, id) 
    values
        (?, ?, ?, ?)
14:11:08,221 DEBUG SQL:104 - 
    insert 
    into
        DataPoint
        (xval, yval, description, id) 
    values
        (?, ?, ?, ?)
14:11:08,234 DEBUG SQL:104 - 
    insert 
    into
        DataPoint
        (xval, yval, description, id) 
    values
        (?, ?, ?, ?)
14:11:08,234 DEBUG SQL:104 - 
    insert 
    into
        DataPoint
        (xval, yval, description, id) 
    values
        (?, ?, ?, ?)
14:11:08,234 DEBUG SQL:104 - 
    insert 
    into
        DataPoint
        (xval, yval, description, id) 
    values
        (?, ?, ?, ?)
14:11:08,234 DEBUG SQL:104 - 
    insert 
    into
        DataPoint
        (xval, yval, description, id) 
    values
        (?, ?, ?, ?)
14:11:08,244 DEBUG SQL:104 - 
    insert 
    into
        DataPoint
        (xval, yval, description, id) 
    values
        (?, ?, ?, ?)
14:11:08,245 DEBUG SQL:104 - 
    insert 
    into
        DataPoint
        (xval, yval, description, id) 
    values
        (?, ?, ?, ?)
14:11:08,245 DEBUG SQL:104 - 
    insert 
    into
        DataPoint
        (xval, yval, description, id) 
    values
        (?, ?, ?, ?)
14:11:08,245 DEBUG SQL:104 - 
    insert 
    into
        DataPoint
        (xval, yval, description, id) 
    values
        (?, ?, ?, ?)
14:11:08,245 DEBUG SQL:104 - 
    insert 
    into
        DataPoint
        (xval, yval, description, id) 
    values
        (?, ?, ?, ?)
14:11:08,246 DEBUG SQL:104 - 
    insert 
    into
        DataPoint
        (xval, yval, description, id) 
    values
        (?, ?, ?, ?)
14:11:08,267 DEBUG SQL:104 - 
    insert 
    into
        DataPoint
        (xval, yval, description, id) 
    values
        (?, ?, ?, ?)
14:11:08,268 DEBUG SQL:104 - 
    insert 
    into
        DataPoint
        (xval, yval, description, id) 
    values
        (?, ?, ?, ?)
14:11:08,268 DEBUG SQL:104 - 
    insert 
    into
        DataPoint
        (xval, yval, description, id) 
    values
        (?, ?, ?, ?)
14:11:08,268 DEBUG SQL:104 - 
    insert 
    into
        DataPoint
        (xval, yval, description, id) 
    values
        (?, ?, ?, ?)
14:11:08,268 DEBUG SQL:104 - 
    insert 
    into
        DataPoint
        (xval, yval, description, id) 
    values
        (?, ?, ?, ?)
14:11:08,278 DEBUG SQL:104 - 
    insert 
    into
        DataPoint
        (xval, yval, description, id) 
    values
        (?, ?, ?, ?)
14:11:08,278 DEBUG SQL:104 - 
    insert 
    into
        DataPoint
        (xval, yval, description, id) 
    values
        (?, ?, ?, ?)
14:11:08,278 DEBUG SQL:104 - 
    insert 
    into
        DataPoint
        (xval, yval, description, id) 
    values
        (?, ?, ?, ?)
14:11:08,279 DEBUG SQL:104 - 
    insert 
    into
        DataPoint
        (xval, yval, description, id) 
    values
        (?, ?, ?, ?)
14:11:08,289 DEBUG SQL:104 - 
    insert 
    into
        DataPoint
        (xval, yval, description, id) 
    values
        (?, ?, ?, ?)
14:11:08,289 DEBUG SQL:104 - 
    insert 
    into
        DataPoint
        (xval, yval, description, id) 
    values
        (?, ?, ?, ?)
14:11:08,290 DEBUG SQL:104 - 
    insert 
    into
        DataPoint
        (xval, yval, description, id) 
    values
        (?, ?, ?, ?)
14:11:08,290 DEBUG SQL:104 - 
    insert 
    into
        DataPoint
        (xval, yval, description, id) 
    values
        (?, ?, ?, ?)
14:11:08,290 DEBUG SQL:104 - 
    insert 
    into
        DataPoint
        (xval, yval, description, id) 
    values
        (?, ?, ?, ?)
14:11:08,299 DEBUG SQL:104 - 
    insert 
    into
        DataPoint
        (xval, yval, description, id) 
    values
        (?, ?, ?, ?)
14:11:08,300 DEBUG SQL:104 - 
    insert 
    into
        DataPoint
        (xval, yval, description, id) 
    values
        (?, ?, ?, ?)
14:11:08,300 DEBUG SQL:104 - 
    insert 
    into
        DataPoint
        (xval, yval, description, id) 
    values
        (?, ?, ?, ?)
14:11:08,300 DEBUG SQL:104 - 
    insert 
    into
        DataPoint
        (xval, yval, description, id) 
    values
        (?, ?, ?, ?)
14:11:08,310 DEBUG SQL:104 - 
    insert 
    into
        DataPoint
        (xval, yval, description, id) 
    values
        (?, ?, ?, ?)
14:11:08,310 DEBUG SQL:104 - 
    insert 
    into
        DataPoint
        (xval, yval, description, id) 
    values
        (?, ?, ?, ?)
14:11:08,311 DEBUG SQL:104 - 
    insert 
    into
        DataPoint
        (xval, yval, description, id) 
    values
        (?, ?, ?, ?)
14:11:08,311 DEBUG SQL:104 - 
    insert 
    into
        DataPoint
        (xval, yval, description, id) 
    values
        (?, ?, ?, ?)
14:11:08,321 DEBUG SQL:104 - 
    insert 
    into
        DataPoint
        (xval, yval, description, id) 
    values
        (?, ?, ?, ?)
14:11:08,321 DEBUG SQL:104 - 
    insert 
    into
        DataPoint
        (xval, yval, description, id) 
    values
        (?, ?, ?, ?)
14:11:08,321 DEBUG SQL:104 - 
    insert 
    into
        DataPoint
        (xval, yval, description, id) 
    values
        (?, ?, ?, ?)
14:11:08,321 DEBUG SQL:104 - 
    insert 
    into
        DataPoint
        (xval, yval, description, id) 
    values
        (?, ?, ?, ?)
14:11:08,321 DEBUG SQL:104 - 
    insert 
    into
        DataPoint
        (xval, yval, description, id) 
    values
        (?, ?, ?, ?)
14:11:08,331 DEBUG SQL:104 - 
    insert 
    into
        DataPoint
        (xval, yval, description, id) 
    values
        (?, ?, ?, ?)
14:11:08,331 DEBUG SQL:104 - 
    insert 
    into
        DataPoint
        (xval, yval, description, id) 
    values
        (?, ?, ?, ?)
14:11:08,332 DEBUG SQL:104 - 
    insert 
    into
        DataPoint
        (xval, yval, description, id) 
    values
        (?, ?, ?, ?)
14:11:08,332 DEBUG SQL:104 - 
    insert 
    into
        DataPoint
        (xval, yval, description, id) 
    values
        (?, ?, ?, ?)
14:11:08,341 DEBUG SQL:104 - 
    insert 
    into
        DataPoint
        (xval, yval, description, id) 
    values
        (?, ?, ?, ?)
14:11:08,341 DEBUG SQL:104 - 
    insert 
    into
        DataPoint
        (xval, yval, description, id) 
    values
        (?, ?, ?, ?)
14:11:08,341 DEBUG SQL:104 - 
    insert 
    into
        DataPoint
        (xval, yval, description, id) 
    values
        (?, ?, ?, ?)
14:11:08,342 DEBUG SQL:104 - 
    insert 
    into
        DataPoint
        (xval, yval, description, id) 
    values
        (?, ?, ?, ?)
14:11:08,352 DEBUG SQL:104 - 
    insert 
    into
        DataPoint
        (xval, yval, description, id) 
    values
        (?, ?, ?, ?)
14:11:08,352 DEBUG SQL:104 - 
    insert 
    into
        DataPoint
        (xval, yval, description, id) 
    values
        (?, ?, ?, ?)
14:11:08,353 DEBUG SQL:104 - 
    insert 
    into
        DataPoint
        (xval, yval, description, id) 
    values
        (?, ?, ?, ?)
14:11:08,353 DEBUG SQL:104 - 
    insert 
    into
        DataPoint
        (xval, yval, description, id) 
    values
        (?, ?, ?, ?)
14:11:08,353 DEBUG SQL:104 - 
    insert 
    into
        DataPoint
        (xval, yval, description, id) 
    values
        (?, ?, ?, ?)
14:11:08,354 DEBUG SQL:104 - 
    insert 
    into
        DataPoint
        (xval, yval, description, id) 
    values
        (?, ?, ?, ?)
14:11:08,354 DEBUG SQL:104 - 
    insert 
    into
        DataPoint
        (xval, yval, description, id) 
    values
        (?, ?, ?, ?)
14:11:08,354 DEBUG SQL:104 - 
    insert 
    into
        DataPoint
        (xval, yval, description, id) 
    values
        (?, ?, ?, ?)
14:11:08,354 DEBUG SQL:104 - 
    insert 
    into
        DataPoint
        (xval, yval, description, id) 
    values
        (?, ?, ?, ?)
14:11:08,354 DEBUG SQL:104 - 
    insert 
    into
        DataPoint
        (xval, yval, description, id) 
    values
        (?, ?, ?, ?)
14:11:08,354 DEBUG SQL:104 - 
    insert 
    into
        DataPoint
        (xval, yval, description, id) 
    values
        (?, ?, ?, ?)
14:11:08,364 DEBUG SQL:104 - 
    insert 
    into
        DataPoint
        (xval, yval, description, id) 
    values
        (?, ?, ?, ?)
14:11:08,364 DEBUG SQL:104 - 
    insert 
    into
        DataPoint
        (xval, yval, description, id) 
    values
        (?, ?, ?, ?)
14:11:08,364 DEBUG SQL:104 - 
    insert 
    into
        DataPoint
        (xval, yval, description, id) 
    values
        (?, ?, ?, ?)
14:11:08,365 DEBUG SQL:104 - 
    insert 
    into
        DataPoint
        (xval, yval, description, id) 
    values
        (?, ?, ?, ?)
14:11:08,377 DEBUG SQL:104 - 
    insert 
    into
        DataPoint
        (xval, yval, description, id) 
    values
        (?, ?, ?, ?)
14:11:08,377 DEBUG SQL:104 - 
    insert 
    into
        DataPoint
        (xval, yval, description, id) 
    values
        (?, ?, ?, ?)
14:11:08,377 DEBUG SQL:104 - 
    insert 
    into
        DataPoint
        (xval, yval, description, id) 
    values
        (?, ?, ?, ?)
14:11:08,378 DEBUG SQL:104 - 
    insert 
    into
        DataPoint
        (xval, yval, description, id) 
    values
        (?, ?, ?, ?)
14:11:08,378 DEBUG SQL:104 - 
    insert 
    into
        DataPoint
        (xval, yval, description, id) 
    values
        (?, ?, ?, ?)
14:11:08,386 DEBUG SQL:104 - 
    insert 
    into
        DataPoint
        (xval, yval, description, id) 
    values
        (?, ?, ?, ?)
14:11:08,387 DEBUG SQL:104 - 
    insert 
    into
        DataPoint
        (xval, yval, description, id) 
    values
        (?, ?, ?, ?)
14:11:08,437 DEBUG SQL:104 - 
    insert 
    into
        DataPoint
        (xval, yval, description, id) 
    values
        (?, ?, ?, ?)
14:11:08,438 DEBUG SQL:104 - 
    insert 
    into
        DataPoint
        (xval, yval, description, id) 
    values
        (?, ?, ?, ?)
14:11:08,438 DEBUG SQL:104 - 
    insert 
    into
        DataPoint
        (xval, yval, description, id) 
    values
        (?, ?, ?, ?)
14:11:08,438 DEBUG SQL:104 - 
    insert 
    into
        DataPoint
        (xval, yval, description, id) 
    values
        (?, ?, ?, ?)
14:11:08,446 DEBUG SQL:104 - 
    insert 
    into
        DataPoint
        (xval, yval, description, id) 
    values
        (?, ?, ?, ?)
14:11:08,446 DEBUG SQL:104 - 
    insert 
    into
        DataPoint
        (xval, yval, description, id) 
    values
        (?, ?, ?, ?)
14:11:08,446 DEBUG SQL:104 - 
    insert 
    into
        DataPoint
        (xval, yval, description, id) 
    values
        (?, ?, ?, ?)
14:11:08,446 DEBUG SQL:104 - 
    insert 
    into
        DataPoint
        (xval, yval, description, id) 
    values
        (?, ?, ?, ?)
14:11:08,446 DEBUG SQL:104 - 
    insert 
    into
        DataPoint
        (xval, yval, description, id) 
    values
        (?, ?, ?, ?)
14:11:08,457 DEBUG SQL:104 - 
    insert 
    into
        DataPoint
        (xval, yval, description, id) 
    values
        (?, ?, ?, ?)
14:11:08,457 DEBUG SQL:104 - 
    insert 
    into
        DataPoint
        (xval, yval, description, id) 
    values
        (?, ?, ?, ?)
14:11:08,457 DEBUG SQL:104 - 
    insert 
    into
        DataPoint
        (xval, yval, description, id) 
    values
        (?, ?, ?, ?)
14:11:08,457 DEBUG SQL:104 - 
    insert 
    into
        DataPoint
        (xval, yval, description, id) 
    values
        (?, ?, ?, ?)
14:11:08,468 DEBUG SQL:104 - 
    insert 
    into
        DataPoint
        (xval, yval, description, id) 
    values
        (?, ?, ?, ?)
14:11:08,468 DEBUG SQL:104 - 
    insert 
    into
        DataPoint
        (xval, yval, description, id) 
    values
        (?, ?, ?, ?)
14:11:08,468 DEBUG SQL:104 - 
    insert 
    into
        DataPoint
        (xval, yval, description, id) 
    values
        (?, ?, ?, ?)
14:11:08,468 DEBUG SQL:104 - 
    insert 
    into
        DataPoint
        (xval, yval, description, id) 
    values
        (?, ?, ?, ?)
14:11:08,468 DEBUG SQL:104 - 
    insert 
    into
        DataPoint
        (xval, yval, description, id) 
    values
        (?, ?, ?, ?)
14:11:08,469 DEBUG SQL:104 - 
    insert 
    into
        DataPoint
        (xval, yval, description, id) 
    values
        (?, ?, ?, ?)
14:11:08,469 DEBUG SQL:104 - 
    insert 
    into
        DataPoint
        (xval, yval, description, id) 
    values
        (?, ?, ?, ?)
14:11:08,469 DEBUG SQL:104 - 
    insert 
    into
        DataPoint
        (xval, yval, description, id) 
    values
        (?, ?, ?, ?)
14:11:08,469 DEBUG SQL:104 - 
    insert 
    into
        DataPoint
        (xval, yval, description, id) 
    values
        (?, ?, ?, ?)
14:11:08,480 DEBUG SQL:104 - 
    insert 
    into
        DataPoint
        (xval, yval, description, id) 
    values
        (?, ?, ?, ?)
14:11:08,480 DEBUG SQL:104 - 
    insert 
    into
        DataPoint
        (xval, yval, description, id) 
    values
        (?, ?, ?, ?)
14:11:08,480 DEBUG SQL:104 - 
    insert 
    into
        DataPoint
        (xval, yval, description, id) 
    values
        (?, ?, ?, ?)
14:11:08,480 DEBUG SQL:104 - 
    insert 
    into
        DataPoint
        (xval, yval, description, id) 
    values
        (?, ?, ?, ?)
14:11:08,492 DEBUG SQL:104 - 
    insert 
    into
        DataPoint
        (xval, yval, description, id) 
    values
        (?, ?, ?, ?)
14:11:08,492 DEBUG SQL:104 - 
    insert 
    into
        DataPoint
        (xval, yval, description, id) 
    values
        (?, ?, ?, ?)
14:11:08,492 DEBUG SQL:104 - 
    insert 
    into
        DataPoint
        (xval, yval, description, id) 
    values
        (?, ?, ?, ?)
14:11:08,492 DEBUG SQL:104 - 
    insert 
    into
        DataPoint
        (xval, yval, description, id) 
    values
        (?, ?, ?, ?)
14:11:08,502 DEBUG SQL:104 - 
    insert 
    into
        DataPoint
        (xval, yval, description, id) 
    values
        (?, ?, ?, ?)
14:11:08,502 DEBUG SQL:104 - 
    insert 
    into
        DataPoint
        (xval, yval, description, id) 
    values
        (?, ?, ?, ?)
14:11:08,502 DEBUG SQL:104 - 
    insert 
    into
        DataPoint
        (xval, yval, description, id) 
    values
        (?, ?, ?, ?)
14:11:08,512 DEBUG SQL:104 - 
    insert 
    into
        DataPoint
        (xval, yval, description, id) 
    values
        (?, ?, ?, ?)
14:11:08,512 DEBUG SQL:104 - 
    insert 
    into
        DataPoint
        (xval, yval, description, id) 
    values
        (?, ?, ?, ?)
14:11:08,512 DEBUG SQL:104 - 
    insert 
    into
        DataPoint
        (xval, yval, description, id) 
    values
        (?, ?, ?, ?)
14:11:08,513 DEBUG SQL:104 - 
    insert 
    into
        DataPoint
        (xval, yval, description, id) 
    values
        (?, ?, ?, ?)
14:11:08,522 DEBUG SQL:104 - 
    insert 
    into
        DataPoint
        (xval, yval, description, id) 
    values
        (?, ?, ?, ?)
14:11:08,522 DEBUG SQL:104 - 
    insert 
    into
        DataPoint
        (xval, yval, description, id) 
    values
        (?, ?, ?, ?)
14:11:08,522 DEBUG SQL:104 - 
    insert 
    into
        DataPoint
        (xval, yval, description, id) 
    values
        (?, ?, ?, ?)
14:11:08,522 DEBUG SQL:104 - 
    insert 
    into
        DataPoint
        (xval, yval, description, id) 
    values
        (?, ?, ?, ?)
14:11:08,531 DEBUG SQL:104 - 
    insert 
    into
        DataPoint
        (xval, yval, description, id) 
    values
        (?, ?, ?, ?)
14:11:08,532 DEBUG SQL:104 - 
    insert 
    into
        DataPoint
        (xval, yval, description, id) 
    values
        (?, ?, ?, ?)
14:11:08,532 DEBUG SQL:104 - 
    insert 
    into
        DataPoint
        (xval, yval, description, id) 
    values
        (?, ?, ?, ?)
14:11:08,532 DEBUG SQL:104 - 
    insert 
    into
        DataPoint
        (xval, yval, description, id) 
    values
        (?, ?, ?, ?)
14:11:08,533 DEBUG SQL:104 - 
    insert 
    into
        DataPoint
        (xval, yval, description, id) 
    values
        (?, ?, ?, ?)
14:11:08,542 DEBUG SQL:104 - 
    insert 
    into
        DataPoint
        (xval, yval, description, id) 
    values
        (?, ?, ?, ?)
14:11:08,542 DEBUG SQL:104 - 
    insert 
    into
        DataPoint
        (xval, yval, description, id) 
    values
        (?, ?, ?, ?)
14:11:08,542 DEBUG SQL:104 - 
    insert 
    into
        DataPoint
        (xval, yval, description, id) 
    values
        (?, ?, ?, ?)
14:11:08,542 DEBUG SQL:104 - 
    insert 
    into
        DataPoint
        (xval, yval, description, id) 
    values
        (?, ?, ?, ?)
14:11:08,551 DEBUG SQL:104 - 
    insert 
    into
        DataPoint
        (xval, yval, description, id) 
    values
        (?, ?, ?, ?)
14:11:08,552 DEBUG SQL:104 - 
    insert 
    into
        DataPoint
        (xval, yval, description, id) 
    values
        (?, ?, ?, ?)
14:11:08,552 DEBUG SQL:104 - 
    insert 
    into
        DataPoint
        (xval, yval, description, id) 
    values
        (?, ?, ?, ?)
14:11:08,552 DEBUG SQL:104 - 
    insert 
    into
        DataPoint
        (xval, yval, description, id) 
    values
        (?, ?, ?, ?)
14:11:08,562 DEBUG SQL:104 - 
    insert 
    into
        DataPoint
        (xval, yval, description, id) 
    values
        (?, ?, ?, ?)
14:11:08,562 DEBUG SQL:104 - 
    insert 
    into
        DataPoint
        (xval, yval, description, id) 
    values
        (?, ?, ?, ?)
14:11:08,562 DEBUG SQL:104 - 
    insert 
    into
        DataPoint
        (xval, yval, description, id) 
    values
        (?, ?, ?, ?)
14:11:08,562 DEBUG SQL:104 - 
    insert 
    into
        DataPoint
        (xval, yval, description, id) 
    values
        (?, ?, ?, ?)
14:11:08,562 DEBUG SQL:104 - 
    insert 
    into
        DataPoint
        (xval, yval, description, id) 
    values
        (?, ?, ?, ?)
14:11:08,572 DEBUG SQL:104 - 
    insert 
    into
        DataPoint
        (xval, yval, description, id) 
    values
        (?, ?, ?, ?)
14:11:08,573 DEBUG SQL:104 - 
    insert 
    into
        DataPoint
        (xval, yval, description, id) 
    values
        (?, ?, ?, ?)
14:11:08,573 DEBUG SQL:104 - 
    insert 
    into
        DataPoint
        (xval, yval, description, id) 
    values
        (?, ?, ?, ?)
14:11:08,573 DEBUG SQL:104 - 
    insert 
    into
        DataPoint
        (xval, yval, description, id) 
    values
        (?, ?, ?, ?)
14:11:08,583 DEBUG SQL:104 - 
    insert 
    into
        DataPoint
        (xval, yval, description, id) 
    values
        (?, ?, ?, ?)
14:11:08,584 DEBUG SQL:104 - 
    insert 
    into
        DataPoint
        (xval, yval, description, id) 
    values
        (?, ?, ?, ?)
14:11:08,584 DEBUG SQL:104 - 
    insert 
    into
        DataPoint
        (xval, yval, description, id) 
    values
        (?, ?, ?, ?)
14:11:08,584 DEBUG SQL:104 - 
    insert 
    into
        DataPoint
        (xval, yval, description, id) 
    values
        (?, ?, ?, ?)
14:11:08,593 DEBUG SQL:104 - 
    insert 
    into
        DataPoint
        (xval, yval, description, id) 
    values
        (?, ?, ?, ?)
14:11:08,593 DEBUG SQL:104 - 
    insert 
    into
        DataPoint
        (xval, yval, description, id) 
    values
        (?, ?, ?, ?)
14:11:08,593 DEBUG SQL:104 - 
    insert 
    into
        DataPoint
        (xval, yval, description, id) 
    values
        (?, ?, ?, ?)
14:11:08,594 DEBUG SQL:104 - 
    insert 
    into
        DataPoint
        (xval, yval, description, id) 
    values
        (?, ?, ?, ?)
14:11:08,594 DEBUG SQL:104 - 
    insert 
    into
        DataPoint
        (xval, yval, description, id) 
    values
        (?, ?, ?, ?)
14:11:08,594 DEBUG SQL:104 - 
    insert 
    into
        DataPoint
        (xval, yval, description, id) 
    values
        (?, ?, ?, ?)
14:11:08,594 DEBUG SQL:104 - 
    insert 
    into
        DataPoint
        (xval, yval, description, id) 
    values
        (?, ?, ?, ?)
14:11:08,594 DEBUG SQL:104 - 
    insert 
    into
        DataPoint
        (xval, yval, description, id) 
    values
        (?, ?, ?, ?)
14:11:08,594 DEBUG SQL:104 - 
    insert 
    into
        DataPoint
        (xval, yval, description, id) 
    values
        (?, ?, ?, ?)
14:11:08,607 DEBUG SQL:104 - 
    insert 
    into
        DataPoint
        (xval, yval, description, id) 
    values
        (?, ?, ?, ?)
14:11:08,608 DEBUG SQL:104 - 
    insert 
    into
        DataPoint
        (xval, yval, description, id) 
    values
        (?, ?, ?, ?)
14:11:08,608 DEBUG SQL:104 - 
    insert 
    into
        DataPoint
        (xval, yval, description, id) 
    values
        (?, ?, ?, ?)
14:11:08,608 DEBUG SQL:104 - 
    insert 
    into
        DataPoint
        (xval, yval, description, id) 
    values
        (?, ?, ?, ?)
14:11:08,608 DEBUG SQL:104 - 
    insert 
    into
        DataPoint
        (xval, yval, description, id) 
    values
        (?, ?, ?, ?)
14:11:08,620 DEBUG SQL:104 - 
    insert 
    into
        DataPoint
        (xval, yval, description, id) 
    values
        (?, ?, ?, ?)
14:11:08,621 DEBUG SQL:104 - 
    insert 
    into
        DataPoint
        (xval, yval, description, id) 
    values
        (?, ?, ?, ?)
14:11:08,621 DEBUG SQL:104 - 
    insert 
    into
        DataPoint
        (xval, yval, description, id) 
    values
        (?, ?, ?, ?)
14:11:08,621 DEBUG SQL:104 - 
    insert 
    into
        DataPoint
        (xval, yval, description, id) 
    values
        (?, ?, ?, ?)
14:11:08,629 DEBUG SQL:104 - 
    insert 
    into
        DataPoint
        (xval, yval, description, id) 
    values
        (?, ?, ?, ?)
14:11:08,629 DEBUG SQL:104 - 
    insert 
    into
        DataPoint
        (xval, yval, description, id) 
    values
        (?, ?, ?, ?)
14:11:08,639 DEBUG SQL:104 - 
    insert 
    into
        DataPoint
        (xval, yval, description, id) 
    values
        (?, ?, ?, ?)
14:11:08,639 DEBUG SQL:104 - 
    insert 
    into
        DataPoint
        (xval, yval, description, id) 
    values
        (?, ?, ?, ?)
14:11:08,639 DEBUG SQL:104 - 
    insert 
    into
        DataPoint
        (xval, yval, description, id) 
    values
        (?, ?, ?, ?)
14:11:08,639 DEBUG SQL:104 - 
    insert 
    into
        DataPoint
        (xval, yval, description, id) 
    values
        (?, ?, ?, ?)
14:11:08,649 DEBUG SQL:104 - 
    insert 
    into
        DataPoint
        (xval, yval, description, id) 
    values
        (?, ?, ?, ?)
14:11:08,649 DEBUG SQL:104 - 
    insert 
    into
        DataPoint
        (xval, yval, description, id) 
    values
        (?, ?, ?, ?)
14:11:08,649 DEBUG SQL:104 - 
    insert 
    into
        DataPoint
        (xval, yval, description, id) 
    values
        (?, ?, ?, ?)
14:11:08,649 DEBUG SQL:104 - 
    insert 
    into
        DataPoint
        (xval, yval, description, id) 
    values
        (?, ?, ?, ?)
14:11:08,650 DEBUG SQL:104 - 
    insert 
    into
        DataPoint
        (xval, yval, description, id) 
    values
        (?, ?, ?, ?)
14:11:08,659 DEBUG SQL:104 - 
    insert 
    into
        DataPoint
        (xval, yval, description, id) 
    values
        (?, ?, ?, ?)
14:11:08,659 DEBUG SQL:104 - 
    insert 
    into
        DataPoint
        (xval, yval, description, id) 
    values
        (?, ?, ?, ?)
14:11:08,660 DEBUG SQL:104 - 
    insert 
    into
        DataPoint
        (xval, yval, description, id) 
    values
        (?, ?, ?, ?)
14:11:08,660 DEBUG SQL:104 - 
    insert 
    into
        DataPoint
        (xval, yval, description, id) 
    values
        (?, ?, ?, ?)
14:11:08,669 DEBUG SQL:104 - 
    insert 
    into
        DataPoint
        (xval, yval, description, id) 
    values
        (?, ?, ?, ?)
14:11:08,670 DEBUG SQL:104 - 
    insert 
    into
        DataPoint
        (xval, yval, description, id) 
    values
        (?, ?, ?, ?)
14:11:08,670 DEBUG SQL:104 - 
    insert 
    into
        DataPoint
        (xval, yval, description, id) 
    values
        (?, ?, ?, ?)
14:11:08,670 DEBUG SQL:104 - 
    insert 
    into
        DataPoint
        (xval, yval, description, id) 
    values
        (?, ?, ?, ?)
14:11:08,671 DEBUG SQL:104 - 
    insert 
    into
        DataPoint
        (xval, yval, description, id) 
    values
        (?, ?, ?, ?)
14:11:08,682 DEBUG SQL:104 - 
    insert 
    into
        DataPoint
        (xval, yval, description, id) 
    values
        (?, ?, ?, ?)
14:11:08,682 DEBUG SQL:104 - 
    insert 
    into
        DataPoint
        (xval, yval, description, id) 
    values
        (?, ?, ?, ?)
14:11:08,682 DEBUG SQL:104 - 
    insert 
    into
        DataPoint
        (xval, yval, description, id) 
    values
        (?, ?, ?, ?)
14:11:08,683 DEBUG SQL:104 - 
    insert 
    into
        DataPoint
        (xval, yval, description, id) 
    values
        (?, ?, ?, ?)
14:11:08,726 DEBUG SQL:104 - 
    insert 
    into
        DataPoint
        (xval, yval, description, id) 
    values
        (?, ?, ?, ?)
14:11:08,726 DEBUG SQL:104 - 
    insert 
    into
        DataPoint
        (xval, yval, description, id) 
    values
        (?, ?, ?, ?)
14:11:08,727 DEBUG SQL:104 - 
    insert 
    into
        DataPoint
        (xval, yval, description, id) 
    values
        (?, ?, ?, ?)
14:11:08,727 DEBUG SQL:104 - 
    insert 
    into
        DataPoint
        (xval, yval, description, id) 
    values
        (?, ?, ?, ?)
14:11:08,727 DEBUG SQL:104 - 
    insert 
    into
        DataPoint
        (xval, yval, description, id) 
    values
        (?, ?, ?, ?)
14:11:08,727 DEBUG SQL:104 - 
    insert 
    into
        DataPoint
        (xval, yval, description, id) 
    values
        (?, ?, ?, ?)
14:11:08,727 DEBUG SQL:104 - 
    insert 
    into
        DataPoint
        (xval, yval, description, id) 
    values
        (?, ?, ?, ?)
14:11:08,727 DEBUG SQL:104 - 
    insert 
    into
        DataPoint
        (xval, yval, description, id) 
    values
        (?, ?, ?, ?)
14:11:08,728 DEBUG SQL:104 - 
    insert 
    into
        DataPoint
        (xval, yval, description, id) 
    values
        (?, ?, ?, ?)
14:11:08,728 DEBUG SQL:104 - 
    insert 
    into
        DataPoint
        (xval, yval, description, id) 
    values
        (?, ?, ?, ?)
14:11:08,728 DEBUG SQL:104 - 
    insert 
    into
        DataPoint
        (xval, yval, description, id) 
    values
        (?, ?, ?, ?)
14:11:08,728 DEBUG SQL:104 - 
    insert 
    into
        DataPoint
        (xval, yval, description, id) 
    values
        (?, ?, ?, ?)
14:11:08,728 DEBUG SQL:104 - 
    insert 
    into
        DataPoint
        (xval, yval, description, id) 
    values
        (?, ?, ?, ?)
14:11:08,729 DEBUG SQL:104 - 
    insert 
    into
        DataPoint
        (xval, yval, description, id) 
    values
        (?, ?, ?, ?)
14:11:08,729 DEBUG SQL:104 - 
    insert 
    into
        DataPoint
        (xval, yval, description, id) 
    values
        (?, ?, ?, ?)
14:11:08,729 DEBUG SQL:104 - 
    insert 
    into
        DataPoint
        (xval, yval, description, id) 
    values
        (?, ?, ?, ?)
14:11:08,729 DEBUG SQL:104 - 
    insert 
    into
        DataPoint
        (xval, yval, description, id) 
    values
        (?, ?, ?, ?)
14:11:08,729 DEBUG SQL:104 - 
    insert 
    into
        DataPoint
        (xval, yval, description, id) 
    values
        (?, ?, ?, ?)
14:11:08,730 DEBUG SQL:104 - 
    insert 
    into
        DataPoint
        (xval, yval, description, id) 
    values
        (?, ?, ?, ?)
14:11:08,730 DEBUG SQL:104 - 
    insert 
    into
        DataPoint
        (xval, yval, description, id) 
    values
        (?, ?, ?, ?)
14:11:08,730 DEBUG SQL:104 - 
    insert 
    into
        DataPoint
        (xval, yval, description, id) 
    values
        (?, ?, ?, ?)
14:11:08,730 DEBUG SQL:104 - 
    insert 
    into
        DataPoint
        (xval, yval, description, id) 
    values
        (?, ?, ?, ?)
14:11:08,739 DEBUG SQL:104 - 
    insert 
    into
        DataPoint
        (xval, yval, description, id) 
    values
        (?, ?, ?, ?)
14:11:08,740 DEBUG SQL:104 - 
    insert 
    into
        DataPoint
        (xval, yval, description, id) 
    values
        (?, ?, ?, ?)
14:11:08,740 DEBUG SQL:104 - 
    insert 
    into
        DataPoint
        (xval, yval, description, id) 
    values
        (?, ?, ?, ?)
14:11:08,740 DEBUG SQL:104 - 
    insert 
    into
        DataPoint
        (xval, yval, description, id) 
    values
        (?, ?, ?, ?)
14:11:08,762 DEBUG SQL:104 - 
    insert 
    into
        DataPoint
        (xval, yval, description, id) 
    values
        (?, ?, ?, ?)
14:11:08,763 DEBUG SQL:104 - 
    insert 
    into
        DataPoint
        (xval, yval, description, id) 
    values
        (?, ?, ?, ?)
14:11:08,763 DEBUG SQL:104 - 
    insert 
    into
        DataPoint
        (xval, yval, description, id) 
    values
        (?, ?, ?, ?)
14:11:08,763 DEBUG SQL:104 - 
    insert 
    into
        DataPoint
        (xval, yval, description, id) 
    values
        (?, ?, ?, ?)
14:11:08,763 DEBUG SQL:104 - 
    insert 
    into
        DataPoint
        (xval, yval, description, id) 
    values
        (?, ?, ?, ?)
14:11:08,763 DEBUG SQL:104 - 
    insert 
    into
        DataPoint
        (xval, yval, description, id) 
    values
        (?, ?, ?, ?)
14:11:08,763 DEBUG SQL:104 - 
    insert 
    into
        DataPoint
        (xval, yval, description, id) 
    values
        (?, ?, ?, ?)
14:11:08,764 DEBUG SQL:104 - 
    insert 
    into
        DataPoint
        (xval, yval, description, id) 
    values
        (?, ?, ?, ?)
14:11:08,764 DEBUG SQL:104 - 
    insert 
    into
        DataPoint
        (xval, yval, description, id) 
    values
        (?, ?, ?, ?)
14:11:08,764 DEBUG SQL:104 - 
    insert 
    into
        DataPoint
        (xval, yval, description, id) 
    values
        (?, ?, ?, ?)
14:11:08,765 DEBUG SQL:104 - 
    insert 
    into
        DataPoint
        (xval, yval, description, id) 
    values
        (?, ?, ?, ?)
14:11:08,783 DEBUG SQL:104 - 
    insert 
    into
        DataPoint
        (xval, yval, description, id) 
    values
        (?, ?, ?, ?)
14:11:08,783 DEBUG SQL:104 - 
    insert 
    into
        DataPoint
        (xval, yval, description, id) 
    values
        (?, ?, ?, ?)
14:11:08,783 DEBUG SQL:104 - 
    insert 
    into
        DataPoint
        (xval, yval, description, id) 
    values
        (?, ?, ?, ?)
14:11:08,783 DEBUG SQL:104 - 
    insert 
    into
        DataPoint
        (xval, yval, description, id) 
    values
        (?, ?, ?, ?)
14:11:08,784 DEBUG SQL:104 - 
    insert 
    into
        DataPoint
        (xval, yval, description, id) 
    values
        (?, ?, ?, ?)
14:11:08,792 DEBUG SQL:104 - 
    insert 
    into
        DataPoint
        (xval, yval, description, id) 
    values
        (?, ?, ?, ?)
14:11:08,792 DEBUG SQL:104 - 
    insert 
    into
        DataPoint
        (xval, yval, description, id) 
    values
        (?, ?, ?, ?)
14:11:08,793 DEBUG SQL:104 - 
    insert 
    into
        DataPoint
        (xval, yval, description, id) 
    values
        (?, ?, ?, ?)
14:11:08,793 DEBUG SQL:104 - 
    insert 
    into
        DataPoint
        (xval, yval, description, id) 
    values
        (?, ?, ?, ?)
14:11:08,802 DEBUG SQL:104 - 
    insert 
    into
        DataPoint
        (xval, yval, description, id) 
    values
        (?, ?, ?, ?)
14:11:08,802 DEBUG SQL:104 - 
    insert 
    into
        DataPoint
        (xval, yval, description, id) 
    values
        (?, ?, ?, ?)
14:11:08,802 DEBUG SQL:104 - 
    insert 
    into
        DataPoint
        (xval, yval, description, id) 
    values
        (?, ?, ?, ?)
14:11:08,802 DEBUG SQL:104 - 
    insert 
    into
        DataPoint
        (xval, yval, description, id) 
    values
        (?, ?, ?, ?)
14:11:08,812 DEBUG SQL:104 - 
    insert 
    into
        DataPoint
        (xval, yval, description, id) 
    values
        (?, ?, ?, ?)
14:11:08,812 DEBUG SQL:104 - 
    insert 
    into
        DataPoint
        (xval, yval, description, id) 
    values
        (?, ?, ?, ?)
14:11:08,812 DEBUG SQL:104 - 
    insert 
    into
        DataPoint
        (xval, yval, description, id) 
    values
        (?, ?, ?, ?)
14:11:08,813 DEBUG SQL:104 - 
    insert 
    into
        DataPoint
        (xval, yval, description, id) 
    values
        (?, ?, ?, ?)
14:11:08,813 DEBUG SQL:104 - 
    insert 
    into
        DataPoint
        (xval, yval, description, id) 
    values
        (?, ?, ?, ?)
14:11:08,820 DEBUG SQL:104 - 
    insert 
    into
        DataPoint
        (xval, yval, description, id) 
    values
        (?, ?, ?, ?)
14:11:08,821 DEBUG SQL:104 - 
    insert 
    into
        DataPoint
        (xval, yval, description, id) 
    values
        (?, ?, ?, ?)
14:11:08,821 DEBUG SQL:104 - 
    insert 
    into
        DataPoint
        (xval, yval, description, id) 
    values
        (?, ?, ?, ?)
14:11:08,821 DEBUG SQL:104 - 
    insert 
    into
        DataPoint
        (xval, yval, description, id) 
    values
        (?, ?, ?, ?)
14:11:08,829 DEBUG SQL:104 - 
    insert 
    into
        DataPoint
        (xval, yval, description, id) 
    values
        (?, ?, ?, ?)
14:11:08,830 DEBUG SQL:104 - 
    insert 
    into
        DataPoint
        (xval, yval, description, id) 
    values
        (?, ?, ?, ?)
14:11:08,830 DEBUG SQL:104 - 
    insert 
    into
        DataPoint
        (xval, yval, description, id) 
    values
        (?, ?, ?, ?)
14:11:08,830 DEBUG SQL:104 - 
    insert 
    into
        DataPoint
        (xval, yval, description, id) 
    values
        (?, ?, ?, ?)
14:11:08,839 DEBUG SQL:104 - 
    insert 
    into
        DataPoint
        (xval, yval, description, id) 
    values
        (?, ?, ?, ?)
14:11:08,839 DEBUG SQL:104 - 
    insert 
    into
        DataPoint
        (xval, yval, description, id) 
    values
        (?, ?, ?, ?)
14:11:08,839 DEBUG SQL:104 - 
    insert 
    into
        DataPoint
        (xval, yval, description, id) 
    values
        (?, ?, ?, ?)
14:11:08,839 DEBUG SQL:104 - 
    insert 
    into
        DataPoint
        (xval, yval, description, id) 
    values
        (?, ?, ?, ?)
14:11:08,839 DEBUG SQL:104 - 
    insert 
    into
        DataPoint
        (xval, yval, description, id) 
    values
        (?, ?, ?, ?)
14:11:08,849 DEBUG SQL:104 - 
    insert 
    into
        DataPoint
        (xval, yval, description, id) 
    values
        (?, ?, ?, ?)
14:11:08,849 DEBUG SQL:104 - 
    insert 
    into
        DataPoint
        (xval, yval, description, id) 
    values
        (?, ?, ?, ?)
14:11:08,849 DEBUG SQL:104 - 
    insert 
    into
        DataPoint
        (xval, yval, description, id) 
    values
        (?, ?, ?, ?)
14:11:08,849 DEBUG SQL:104 - 
    insert 
    into
        DataPoint
        (xval, yval, description, id) 
    values
        (?, ?, ?, ?)
14:11:08,849 DEBUG SQL:104 - 
    insert 
    into
        DataPoint
        (xval, yval, description, id) 
    values
        (?, ?, ?, ?)
14:11:08,850 DEBUG SQL:104 - 
    insert 
    into
        DataPoint
        (xval, yval, description, id) 
    values
        (?, ?, ?, ?)
14:11:08,850 DEBUG SQL:104 - 
    insert 
    into
        DataPoint
        (xval, yval, description, id) 
    values
        (?, ?, ?, ?)
14:11:08,850 DEBUG SQL:104 - 
    insert 
    into
        DataPoint
        (xval, yval, description, id) 
    values
        (?, ?, ?, ?)
14:11:08,850 DEBUG SQL:104 - 
    insert 
    into
        DataPoint
        (xval, yval, description, id) 
    values
        (?, ?, ?, ?)
14:11:08,860 DEBUG SQL:104 - 
    insert 
    into
        DataPoint
        (xval, yval, description, id) 
    values
        (?, ?, ?, ?)
14:11:08,860 DEBUG SQL:104 - 
    insert 
    into
        DataPoint
        (xval, yval, description, id) 
    values
        (?, ?, ?, ?)
14:11:08,860 DEBUG SQL:104 - 
    insert 
    into
        DataPoint
        (xval, yval, description, id) 
    values
        (?, ?, ?, ?)
14:11:08,860 DEBUG SQL:104 - 
    insert 
    into
        DataPoint
        (xval, yval, description, id) 
    values
        (?, ?, ?, ?)
14:11:08,869 DEBUG SQL:104 - 
    insert 
    into
        DataPoint
        (xval, yval, description, id) 
    values
        (?, ?, ?, ?)
14:11:08,870 DEBUG SQL:104 - 
    insert 
    into
        DataPoint
        (xval, yval, description, id) 
    values
        (?, ?, ?, ?)
14:11:08,870 DEBUG SQL:104 - 
    insert 
    into
        DataPoint
        (xval, yval, description, id) 
    values
        (?, ?, ?, ?)
14:11:08,870 DEBUG SQL:104 - 
    insert 
    into
        DataPoint
        (xval, yval, description, id) 
    values
        (?, ?, ?, ?)
14:11:08,870 DEBUG SQL:104 - 
    insert 
    into
        DataPoint
        (xval, yval, description, id) 
    values
        (?, ?, ?, ?)
14:11:08,870 DEBUG SQL:104 - 
    insert 
    into
        DataPoint
        (xval, yval, description, id) 
    values
        (?, ?, ?, ?)
14:11:08,891 DEBUG SQL:104 - 
    insert 
    into
        DataPoint
        (xval, yval, description, id) 
    values
        (?, ?, ?, ?)
14:11:08,891 DEBUG SQL:104 - 
    insert 
    into
        DataPoint
        (xval, yval, description, id) 
    values
        (?, ?, ?, ?)
14:11:08,891 DEBUG SQL:104 - 
    insert 
    into
        DataPoint
        (xval, yval, description, id) 
    values
        (?, ?, ?, ?)
14:11:08,891 DEBUG SQL:104 - 
    insert 
    into
        DataPoint
        (xval, yval, description, id) 
    values
        (?, ?, ?, ?)
14:11:08,892 DEBUG SQL:104 - 
    insert 
    into
        DataPoint
        (xval, yval, description, id) 
    values
        (?, ?, ?, ?)
14:11:08,901 DEBUG SQL:104 - 
    insert 
    into
        DataPoint
        (xval, yval, description, id) 
    values
        (?, ?, ?, ?)
14:11:08,902 DEBUG SQL:104 - 
    insert 
    into
        DataPoint
        (xval, yval, description, id) 
    values
        (?, ?, ?, ?)
14:11:08,902 DEBUG SQL:104 - 
    insert 
    into
        DataPoint
        (xval, yval, description, id) 
    values
        (?, ?, ?, ?)
14:11:08,902 DEBUG SQL:104 - 
    insert 
    into
        DataPoint
        (xval, yval, description, id) 
    values
        (?, ?, ?, ?)
14:11:08,917 DEBUG SQL:104 - 
    insert 
    into
        DataPoint
        (xval, yval, description, id) 
    values
        (?, ?, ?, ?)
14:11:08,917 DEBUG SQL:104 - 
    insert 
    into
        DataPoint
        (xval, yval, description, id) 
    values
        (?, ?, ?, ?)
14:11:08,917 DEBUG SQL:104 - 
    insert 
    into
        DataPoint
        (xval, yval, description, id) 
    values
        (?, ?, ?, ?)
14:11:08,917 DEBUG SQL:104 - 
    insert 
    into
        DataPoint
        (xval, yval, description, id) 
    values
        (?, ?, ?, ?)
14:11:08,928 DEBUG SQL:104 - 
    insert 
    into
        DataPoint
        (xval, yval, description, id) 
    values
        (?, ?, ?, ?)
14:11:08,928 DEBUG SQL:104 - 
    insert 
    into
        DataPoint
        (xval, yval, description, id) 
    values
        (?, ?, ?, ?)
14:11:08,929 DEBUG SQL:104 - 
    insert 
    into
        DataPoint
        (xval, yval, description, id) 
    values
        (?, ?, ?, ?)
14:11:08,929 DEBUG SQL:104 - 
    insert 
    into
        DataPoint
        (xval, yval, description, id) 
    values
        (?, ?, ?, ?)
14:11:08,929 DEBUG SQL:104 - 
    insert 
    into
        DataPoint
        (xval, yval, description, id) 
    values
        (?, ?, ?, ?)
14:11:08,937 DEBUG SQL:104 - 
    insert 
    into
        DataPoint
        (xval, yval, description, id) 
    values
        (?, ?, ?, ?)
14:11:08,937 DEBUG SQL:104 - 
    insert 
    into
        DataPoint
        (xval, yval, description, id) 
    values
        (?, ?, ?, ?)
14:11:08,938 DEBUG SQL:104 - 
    insert 
    into
        DataPoint
        (xval, yval, description, id) 
    values
        (?, ?, ?, ?)
14:11:08,938 DEBUG SQL:104 - 
    insert 
    into
        DataPoint
        (xval, yval, description, id) 
    values
        (?, ?, ?, ?)
14:11:08,948 DEBUG SQL:104 - 
    insert 
    into
        DataPoint
        (xval, yval, description, id) 
    values
        (?, ?, ?, ?)
14:11:08,948 DEBUG SQL:104 - 
    insert 
    into
        DataPoint
        (xval, yval, description, id) 
    values
        (?, ?, ?, ?)
14:11:08,948 DEBUG SQL:104 - 
    insert 
    into
        DataPoint
        (xval, yval, description, id) 
    values
        (?, ?, ?, ?)
14:11:08,949 DEBUG SQL:104 - 
    insert 
    into
        DataPoint
        (xval, yval, description, id) 
    values
        (?, ?, ?, ?)
14:11:08,952 DEBUG SQL:104 - 
    insert 
    into
        DataPoint
        (xval, yval, description, id) 
    values
        (?, ?, ?, ?)
14:11:08,960 DEBUG SQL:104 - 
    insert 
    into
        DataPoint
        (xval, yval, description, id) 
    values
        (?, ?, ?, ?)
14:11:08,960 DEBUG SQL:104 - 
    insert 
    into
        DataPoint
        (xval, yval, description, id) 
    values
        (?, ?, ?, ?)
14:11:08,960 DEBUG SQL:104 - 
    insert 
    into
        DataPoint
        (xval, yval, description, id) 
    values
        (?, ?, ?, ?)
14:11:08,960 DEBUG SQL:104 - 
    insert 
    into
        DataPoint
        (xval, yval, description, id) 
    values
        (?, ?, ?, ?)
14:11:08,970 DEBUG SQL:104 - 
    insert 
    into
        DataPoint
        (xval, yval, description, id) 
    values
        (?, ?, ?, ?)
14:11:08,970 DEBUG SQL:104 - 
    insert 
    into
        DataPoint
        (xval, yval, description, id) 
    values
        (?, ?, ?, ?)
14:11:08,970 DEBUG SQL:104 - 
    insert 
    into
        DataPoint
        (xval, yval, description, id) 
    values
        (?, ?, ?, ?)
14:11:08,970 DEBUG SQL:104 - 
    insert 
    into
        DataPoint
        (xval, yval, description, id) 
    values
        (?, ?, ?, ?)
14:11:08,971 DEBUG SQL:104 - 
    insert 
    into
        DataPoint
        (xval, yval, description, id) 
    values
        (?, ?, ?, ?)
14:11:08,971 DEBUG SQL:104 - 
    insert 
    into
        DataPoint
        (xval, yval, description, id) 
    values
        (?, ?, ?, ?)
14:11:08,971 DEBUG SQL:104 - 
    insert 
    into
        DataPoint
        (xval, yval, description, id) 
    values
        (?, ?, ?, ?)
14:11:08,972 DEBUG SQL:104 - 
    insert 
    into
        DataPoint
        (xval, yval, description, id) 
    values
        (?, ?, ?, ?)
14:11:08,972 DEBUG SQL:104 - 
    insert 
    into
        DataPoint
        (xval, yval, description, id) 
    values
        (?, ?, ?, ?)
14:11:08,986 DEBUG SQL:104 - 
    insert 
    into
        DataPoint
        (xval, yval, description, id) 
    values
        (?, ?, ?, ?)
14:11:08,987 DEBUG SQL:104 - 
    insert 
    into
        DataPoint
        (xval, yval, description, id) 
    values
        (?, ?, ?, ?)
14:11:08,987 DEBUG SQL:104 - 
    insert 
    into
        DataPoint
        (xval, yval, description, id) 
    values
        (?, ?, ?, ?)
14:11:08,987 DEBUG SQL:104 - 
    insert 
    into
        DataPoint
        (xval, yval, description, id) 
    values
        (?, ?, ?, ?)
14:11:08,998 DEBUG SQL:104 - 
    insert 
    into
        DataPoint
        (xval, yval, description, id) 
    values
        (?, ?, ?, ?)
14:11:08,998 DEBUG SQL:104 - 
    insert 
    into
        DataPoint
        (xval, yval, description, id) 
    values
        (?, ?, ?, ?)
14:11:08,999 DEBUG SQL:104 - 
    insert 
    into
        DataPoint
        (xval, yval, description, id) 
    values
        (?, ?, ?, ?)
14:11:08,999 DEBUG SQL:104 - 
    insert 
    into
        DataPoint
        (xval, yval, description, id) 
    values
        (?, ?, ?, ?)
14:11:08,999 DEBUG SQL:104 - 
    insert 
    into
        DataPoint
        (xval, yval, description, id) 
    values
        (?, ?, ?, ?)
14:11:08,999 DEBUG SQL:104 - 
    insert 
    into
        DataPoint
        (xval, yval, description, id) 
    values
        (?, ?, ?, ?)
14:11:08,999 DEBUG SQL:104 - 
    insert 
    into
        DataPoint
        (xval, yval, description, id) 
    values
        (?, ?, ?, ?)
14:11:09,020 DEBUG SQL:104 - 
    insert 
    into
        DataPoint
        (xval, yval, description, id) 
    values
        (?, ?, ?, ?)
14:11:09,020 DEBUG SQL:104 - 
    insert 
    into
        DataPoint
        (xval, yval, description, id) 
    values
        (?, ?, ?, ?)
14:11:09,020 DEBUG SQL:104 - 
    insert 
    into
        DataPoint
        (xval, yval, description, id) 
    values
        (?, ?, ?, ?)
14:11:09,021 DEBUG SQL:104 - 
    insert 
    into
        DataPoint
        (xval, yval, description, id) 
    values
        (?, ?, ?, ?)
14:11:09,030 DEBUG SQL:104 - 
    insert 
    into
        DataPoint
        (xval, yval, description, id) 
    values
        (?, ?, ?, ?)
14:11:09,031 DEBUG SQL:104 - 
    insert 
    into
        DataPoint
        (xval, yval, description, id) 
    values
        (?, ?, ?, ?)
14:11:09,031 DEBUG SQL:104 - 
    insert 
    into
        DataPoint
        (xval, yval, description, id) 
    values
        (?, ?, ?, ?)
14:11:09,031 DEBUG SQL:104 - 
    insert 
    into
        DataPoint
        (xval, yval, description, id) 
    values
        (?, ?, ?, ?)
14:11:09,040 DEBUG SQL:104 - 
    insert 
    into
        DataPoint
        (xval, yval, description, id) 
    values
        (?, ?, ?, ?)
14:11:09,041 DEBUG SQL:104 - 
    insert 
    into
        DataPoint
        (xval, yval, description, id) 
    values
        (?, ?, ?, ?)
14:11:09,041 DEBUG SQL:104 - 
    insert 
    into
        DataPoint
        (xval, yval, description, id) 
    values
        (?, ?, ?, ?)
14:11:09,041 DEBUG SQL:104 - 
    insert 
    into
        DataPoint
        (xval, yval, description, id) 
    values
        (?, ?, ?, ?)
14:11:09,041 DEBUG SQL:104 - 
    insert 
    into
        DataPoint
        (xval, yval, description, id) 
    values
        (?, ?, ?, ?)
14:11:09,051 DEBUG SQL:104 - 
    insert 
    into
        DataPoint
        (xval, yval, description, id) 
    values
        (?, ?, ?, ?)
14:11:09,051 DEBUG SQL:104 - 
    insert 
    into
        DataPoint
        (xval, yval, description, id) 
    values
        (?, ?, ?, ?)
14:11:09,052 DEBUG SQL:104 - 
    insert 
    into
        DataPoint
        (xval, yval, description, id) 
    values
        (?, ?, ?, ?)
14:11:09,052 DEBUG SQL:104 - 
    insert 
    into
        DataPoint
        (xval, yval, description, id) 
    values
        (?, ?, ?, ?)
14:11:09,062 DEBUG SQL:104 - 
    insert 
    into
        DataPoint
        (xval, yval, description, id) 
    values
        (?, ?, ?, ?)
14:11:09,062 DEBUG SQL:104 - 
    insert 
    into
        DataPoint
        (xval, yval, description, id) 
    values
        (?, ?, ?, ?)
14:11:09,062 DEBUG SQL:104 - 
    insert 
    into
        DataPoint
        (xval, yval, description, id) 
    values
        (?, ?, ?, ?)
14:11:09,063 DEBUG SQL:104 - 
    insert 
    into
        DataPoint
        (xval, yval, description, id) 
    values
        (?, ?, ?, ?)
14:11:09,072 DEBUG SQL:104 - 
    insert 
    into
        DataPoint
        (xval, yval, description, id) 
    values
        (?, ?, ?, ?)
14:11:09,072 DEBUG SQL:104 - 
    insert 
    into
        DataPoint
        (xval, yval, description, id) 
    values
        (?, ?, ?, ?)
14:11:09,073 DEBUG SQL:104 - 
    insert 
    into
        DataPoint
        (xval, yval, description, id) 
    values
        (?, ?, ?, ?)
14:11:09,073 DEBUG SQL:104 - 
    insert 
    into
        DataPoint
        (xval, yval, description, id) 
    values
        (?, ?, ?, ?)
14:11:09,073 DEBUG SQL:104 - 
    insert 
    into
        DataPoint
        (xval, yval, description, id) 
    values
        (?, ?, ?, ?)
14:11:09,083 DEBUG SQL:104 - 
    insert 
    into
        DataPoint
        (xval, yval, description, id) 
    values
        (?, ?, ?, ?)
14:11:09,084 DEBUG SQL:104 - 
    insert 
    into
        DataPoint
        (xval, yval, description, id) 
    values
        (?, ?, ?, ?)
14:11:09,084 DEBUG SQL:104 - 
    insert 
    into
        DataPoint
        (xval, yval, description, id) 
    values
        (?, ?, ?, ?)
14:11:09,085 DEBUG SQL:104 - 
    insert 
    into
        DataPoint
        (xval, yval, description, id) 
    values
        (?, ?, ?, ?)
14:11:09,096 DEBUG SQL:104 - 
    insert 
    into
        DataPoint
        (xval, yval, description, id) 
    values
        (?, ?, ?, ?)
14:11:09,096 DEBUG SQL:104 - 
    insert 
    into
        DataPoint
        (xval, yval, description, id) 
    values
        (?, ?, ?, ?)
14:11:09,097 DEBUG SQL:104 - 
    insert 
    into
        DataPoint
        (xval, yval, description, id) 
    values
        (?, ?, ?, ?)
14:11:09,097 DEBUG SQL:104 - 
    insert 
    into
        DataPoint
        (xval, yval, description, id) 
    values
        (?, ?, ?, ?)
14:11:09,097 DEBUG SQL:104 - 
    insert 
    into
        DataPoint
        (xval, yval, description, id) 
    values
        (?, ?, ?, ?)
14:11:09,097 DEBUG SQL:104 - 
    insert 
    into
        DataPoint
        (xval, yval, description, id) 
    values
        (?, ?, ?, ?)
14:11:09,098 DEBUG SQL:104 - 
    insert 
    into
        DataPoint
        (xval, yval, description, id) 
    values
        (?, ?, ?, ?)
14:11:09,098 DEBUG SQL:104 - 
    insert 
    into
        DataPoint
        (xval, yval, description, id) 
    values
        (?, ?, ?, ?)
14:11:09,098 DEBUG SQL:104 - 
    insert 
    into
        DataPoint
        (xval, yval, description, id) 
    values
        (?, ?, ?, ?)
14:11:09,108 DEBUG SQL:104 - 
    insert 
    into
        DataPoint
        (xval, yval, description, id) 
    values
        (?, ?, ?, ?)
14:11:09,108 DEBUG SQL:104 - 
    insert 
    into
        DataPoint
        (xval, yval, description, id) 
    values
        (?, ?, ?, ?)
14:11:09,108 DEBUG SQL:104 - 
    insert 
    into
        DataPoint
        (xval, yval, description, id) 
    values
        (?, ?, ?, ?)
14:11:09,109 DEBUG SQL:104 - 
    insert 
    into
        DataPoint
        (xval, yval, description, id) 
    values
        (?, ?, ?, ?)
14:11:09,118 DEBUG SQL:104 - 
    insert 
    into
        DataPoint
        (xval, yval, description, id) 
    values
        (?, ?, ?, ?)
14:11:09,118 DEBUG SQL:104 - 
    insert 
    into
        DataPoint
        (xval, yval, description, id) 
    values
        (?, ?, ?, ?)
14:11:09,118 DEBUG SQL:104 - 
    insert 
    into
        DataPoint
        (xval, yval, description, id) 
    values
        (?, ?, ?, ?)
14:11:09,118 DEBUG SQL:104 - 
    insert 
    into
        DataPoint
        (xval, yval, description, id) 
    values
        (?, ?, ?, ?)
14:11:09,119 DEBUG SQL:104 - 
    insert 
    into
        DataPoint
        (xval, yval, description, id) 
    values
        (?, ?, ?, ?)
14:11:09,119 DEBUG SQL:104 - 
    insert 
    into
        DataPoint
        (xval, yval, description, id) 
    values
        (?, ?, ?, ?)
14:11:09,119 DEBUG SQL:104 - 
    insert 
    into
        DataPoint
        (xval, yval, description, id) 
    values
        (?, ?, ?, ?)
14:11:09,139 DEBUG SQL:104 - 
    insert 
    into
        DataPoint
        (xval, yval, description, id) 
    values
        (?, ?, ?, ?)
14:11:09,139 DEBUG SQL:104 - 
    insert 
    into
        DataPoint
        (xval, yval, description, id) 
    values
        (?, ?, ?, ?)
14:11:09,139 DEBUG SQL:104 - 
    insert 
    into
        DataPoint
        (xval, yval, description, id) 
    values
        (?, ?, ?, ?)
14:11:09,139 DEBUG SQL:104 - 
    insert 
    into
        DataPoint
        (xval, yval, description, id) 
    values
        (?, ?, ?, ?)
14:11:09,150 DEBUG SQL:104 - 
    insert 
    into
        DataPoint
        (xval, yval, description, id) 
    values
        (?, ?, ?, ?)
14:11:09,151 DEBUG SQL:104 - 
    insert 
    into
        DataPoint
        (xval, yval, description, id) 
    values
        (?, ?, ?, ?)
14:11:09,151 DEBUG SQL:104 - 
    insert 
    into
        DataPoint
        (xval, yval, description, id) 
    values
        (?, ?, ?, ?)
14:11:09,151 DEBUG SQL:104 - 
    insert 
    into
        DataPoint
        (xval, yval, description, id) 
    values
        (?, ?, ?, ?)
14:11:09,160 DEBUG SQL:104 - 
    insert 
    into
        DataPoint
        (xval, yval, description, id) 
    values
        (?, ?, ?, ?)
14:11:09,160 DEBUG SQL:104 - 
    insert 
    into
        DataPoint
        (xval, yval, description, id) 
    values
        (?, ?, ?, ?)
14:11:09,160 DEBUG SQL:104 - 
    insert 
    into
        DataPoint
        (xval, yval, description, id) 
    values
        (?, ?, ?, ?)
14:11:09,161 DEBUG SQL:104 - 
    insert 
    into
        DataPoint
        (xval, yval, description, id) 
    values
        (?, ?, ?, ?)
14:11:09,161 DEBUG SQL:104 - 
    insert 
    into
        DataPoint
        (xval, yval, description, id) 
    values
        (?, ?, ?, ?)
14:11:09,171 DEBUG SQL:104 - 
    insert 
    into
        DataPoint
        (xval, yval, description, id) 
    values
        (?, ?, ?, ?)
14:11:09,171 DEBUG SQL:104 - 
    insert 
    into
        DataPoint
        (xval, yval, description, id) 
    values
        (?, ?, ?, ?)
14:11:09,171 DEBUG SQL:104 - 
    insert 
    into
        DataPoint
        (xval, yval, description, id) 
    values
        (?, ?, ?, ?)
14:11:09,172 DEBUG SQL:104 - 
    insert 
    into
        DataPoint
        (xval, yval, description, id) 
    values
        (?, ?, ?, ?)
14:11:09,182 DEBUG SQL:104 - 
    insert 
    into
        DataPoint
        (xval, yval, description, id) 
    values
        (?, ?, ?, ?)
14:11:09,182 DEBUG SQL:104 - 
    insert 
    into
        DataPoint
        (xval, yval, description, id) 
    values
        (?, ?, ?, ?)
14:11:09,182 DEBUG SQL:104 - 
    insert 
    into
        DataPoint
        (xval, yval, description, id) 
    values
        (?, ?, ?, ?)
14:11:09,182 DEBUG SQL:104 - 
    insert 
    into
        DataPoint
        (xval, yval, description, id) 
    values
        (?, ?, ?, ?)
14:11:09,193 DEBUG SQL:104 - 
    insert 
    into
        DataPoint
        (xval, yval, description, id) 
    values
        (?, ?, ?, ?)
14:11:09,193 DEBUG SQL:104 - 
    insert 
    into
        DataPoint
        (xval, yval, description, id) 
    values
        (?, ?, ?, ?)
14:11:09,194 DEBUG SQL:104 - 
    insert 
    into
        DataPoint
        (xval, yval, description, id) 
    values
        (?, ?, ?, ?)
14:11:09,194 DEBUG SQL:104 - 
    insert 
    into
        DataPoint
        (xval, yval, description, id) 
    values
        (?, ?, ?, ?)
14:11:09,194 DEBUG SQL:104 - 
    insert 
    into
        DataPoint
        (xval, yval, description, id) 
    values
        (?, ?, ?, ?)
14:11:09,194 DEBUG SQL:104 - 
    insert 
    into
        DataPoint
        (xval, yval, description, id) 
    values
        (?, ?, ?, ?)
14:11:09,195 DEBUG SQL:104 - 
    insert 
    into
        DataPoint
        (xval, yval, description, id) 
    values
        (?, ?, ?, ?)
14:11:09,195 DEBUG SQL:104 - 
    insert 
    into
        DataPoint
        (xval, yval, description, id) 
    values
        (?, ?, ?, ?)
14:11:09,195 DEBUG SQL:104 - 
    insert 
    into
        DataPoint
        (xval, yval, description, id) 
    values
        (?, ?, ?, ?)
14:11:09,195 DEBUG SQL:104 - 
    insert 
    into
        DataPoint
        (xval, yval, description, id) 
    values
        (?, ?, ?, ?)
14:11:09,195 DEBUG SQL:104 - 
    insert 
    into
        DataPoint
        (xval, yval, description, id) 
    values
        (?, ?, ?, ?)
14:11:09,214 DEBUG SQL:104 - 
    insert 
    into
        DataPoint
        (xval, yval, description, id) 
    values
        (?, ?, ?, ?)
14:11:09,215 DEBUG SQL:104 - 
    insert 
    into
        DataPoint
        (xval, yval, description, id) 
    values
        (?, ?, ?, ?)
14:11:09,215 DEBUG SQL:104 - 
    insert 
    into
        DataPoint
        (xval, yval, description, id) 
    values
        (?, ?, ?, ?)
14:11:09,215 DEBUG SQL:104 - 
    insert 
    into
        DataPoint
        (xval, yval, description, id) 
    values
        (?, ?, ?, ?)
14:11:09,226 DEBUG SQL:104 - 
    insert 
    into
        DataPoint
        (xval, yval, description, id) 
    values
        (?, ?, ?, ?)
14:11:09,227 DEBUG SQL:104 - 
    insert 
    into
        DataPoint
        (xval, yval, description, id) 
    values
        (?, ?, ?, ?)
14:11:09,227 DEBUG SQL:104 - 
    insert 
    into
        DataPoint
        (xval, yval, description, id) 
    values
        (?, ?, ?, ?)
14:11:09,227 DEBUG SQL:104 - 
    insert 
    into
        DataPoint
        (xval, yval, description, id) 
    values
        (?, ?, ?, ?)
14:11:09,227 DEBUG SQL:104 - 
    insert 
    into
        DataPoint
        (xval, yval, description, id) 
    values
        (?, ?, ?, ?)
14:11:09,227 DEBUG SQL:104 - 
    insert 
    into
        DataPoint
        (xval, yval, description, id) 
    values
        (?, ?, ?, ?)
14:11:09,227 DEBUG SQL:104 - 
    insert 
    into
        DataPoint
        (xval, yval, description, id) 
    values
        (?, ?, ?, ?)
14:11:09,227 DEBUG SQL:104 - 
    insert 
    into
        DataPoint
        (xval, yval, description, id) 
    values
        (?, ?, ?, ?)
14:11:09,228 DEBUG SQL:104 - 
    insert 
    into
        DataPoint
        (xval, yval, description, id) 
    values
        (?, ?, ?, ?)
14:11:09,239 DEBUG SQL:104 - 
    insert 
    into
        DataPoint
        (xval, yval, description, id) 
    values
        (?, ?, ?, ?)
14:11:09,240 DEBUG SQL:104 - 
    insert 
    into
        DataPoint
        (xval, yval, description, id) 
    values
        (?, ?, ?, ?)
14:11:09,240 DEBUG SQL:104 - 
    insert 
    into
        DataPoint
        (xval, yval, description, id) 
    values
        (?, ?, ?, ?)
14:11:09,240 DEBUG SQL:104 - 
    insert 
    into
        DataPoint
        (xval, yval, description, id) 
    values
        (?, ?, ?, ?)
14:11:09,240 DEBUG SQL:104 - 
    insert 
    into
        DataPoint
        (xval, yval, description, id) 
    values
        (?, ?, ?, ?)
14:11:09,249 DEBUG SQL:104 - 
    insert 
    into
        DataPoint
        (xval, yval, description, id) 
    values
        (?, ?, ?, ?)
14:11:09,249 DEBUG SQL:104 - 
    insert 
    into
        DataPoint
        (xval, yval, description, id) 
    values
        (?, ?, ?, ?)
14:11:09,250 DEBUG SQL:104 - 
    insert 
    into
        DataPoint
        (xval, yval, description, id) 
    values
        (?, ?, ?, ?)
14:11:09,250 DEBUG SQL:104 - 
    insert 
    into
        DataPoint
        (xval, yval, description, id) 
    values
        (?, ?, ?, ?)
14:11:09,250 DEBUG SQL:104 - 
    insert 
    into
        DataPoint
        (xval, yval, description, id) 
    values
        (?, ?, ?, ?)
14:11:09,250 DEBUG SQL:104 - 
    insert 
    into
        DataPoint
        (xval, yval, description, id) 
    values
        (?, ?, ?, ?)
14:11:09,271 DEBUG SQL:104 - 
    insert 
    into
        DataPoint
        (xval, yval, description, id) 
    values
        (?, ?, ?, ?)
14:11:09,271 DEBUG SQL:104 - 
    insert 
    into
        DataPoint
        (xval, yval, description, id) 
    values
        (?, ?, ?, ?)
14:11:09,271 DEBUG SQL:104 - 
    insert 
    into
        DataPoint
        (xval, yval, description, id) 
    values
        (?, ?, ?, ?)
14:11:09,271 DEBUG SQL:104 - 
    insert 
    into
        DataPoint
        (xval, yval, description, id) 
    values
        (?, ?, ?, ?)
14:11:09,281 DEBUG SQL:104 - 
    insert 
    into
        DataPoint
        (xval, yval, description, id) 
    values
        (?, ?, ?, ?)
14:11:09,281 DEBUG SQL:104 - 
    insert 
    into
        DataPoint
        (xval, yval, description, id) 
    values
        (?, ?, ?, ?)
14:11:09,281 DEBUG SQL:104 - 
    insert 
    into
        DataPoint
        (xval, yval, description, id) 
    values
        (?, ?, ?, ?)
14:11:09,281 DEBUG SQL:104 - 
    insert 
    into
        DataPoint
        (xval, yval, description, id) 
    values
        (?, ?, ?, ?)
14:11:09,281 DEBUG SQL:104 - 
    insert 
    into
        DataPoint
        (xval, yval, description, id) 
    values
        (?, ?, ?, ?)
14:11:09,291 DEBUG SQL:104 - 
    insert 
    into
        DataPoint
        (xval, yval, description, id) 
    values
        (?, ?, ?, ?)
14:11:09,291 DEBUG SQL:104 - 
    insert 
    into
        DataPoint
        (xval, yval, description, id) 
    values
        (?, ?, ?, ?)
14:11:09,291 DEBUG SQL:104 - 
    insert 
    into
        DataPoint
        (xval, yval, description, id) 
    values
        (?, ?, ?, ?)
14:11:09,292 DEBUG SQL:104 - 
    insert 
    into
        DataPoint
        (xval, yval, description, id) 
    values
        (?, ?, ?, ?)
14:11:09,301 DEBUG SQL:104 - 
    insert 
    into
        DataPoint
        (xval, yval, description, id) 
    values
        (?, ?, ?, ?)
14:11:09,301 DEBUG SQL:104 - 
    insert 
    into
        DataPoint
        (xval, yval, description, id) 
    values
        (?, ?, ?, ?)
14:11:09,301 DEBUG SQL:104 - 
    insert 
    into
        DataPoint
        (xval, yval, description, id) 
    values
        (?, ?, ?, ?)
14:11:09,302 DEBUG SQL:104 - 
    insert 
    into
        DataPoint
        (xval, yval, description, id) 
    values
        (?, ?, ?, ?)
14:11:09,302 DEBUG SQL:104 - 
    insert 
    into
        DataPoint
        (xval, yval, description, id) 
    values
        (?, ?, ?, ?)
14:11:09,311 DEBUG SQL:104 - 
    insert 
    into
        DataPoint
        (xval, yval, description, id) 
    values
        (?, ?, ?, ?)
14:11:09,311 DEBUG SQL:104 - 
    insert 
    into
        DataPoint
        (xval, yval, description, id) 
    values
        (?, ?, ?, ?)
14:11:09,311 DEBUG SQL:104 - 
    insert 
    into
        DataPoint
        (xval, yval, description, id) 
    values
        (?, ?, ?, ?)
14:11:09,311 DEBUG SQL:104 - 
    insert 
    into
        DataPoint
        (xval, yval, description, id) 
    values
        (?, ?, ?, ?)
14:11:09,322 DEBUG SQL:104 - 
    insert 
    into
        DataPoint
        (xval, yval, description, id) 
    values
        (?, ?, ?, ?)
14:11:09,322 DEBUG SQL:104 - 
    insert 
    into
        DataPoint
        (xval, yval, description, id) 
    values
        (?, ?, ?, ?)
14:11:09,322 DEBUG SQL:104 - 
    insert 
    into
        DataPoint
        (xval, yval, description, id) 
    values
        (?, ?, ?, ?)
14:11:09,322 DEBUG SQL:104 - 
    insert 
    into
        DataPoint
        (xval, yval, description, id) 
    values
        (?, ?, ?, ?)
14:11:09,365 DEBUG SQL:104 - 
    insert 
    into
        DataPoint
        (xval, yval, description, id) 
    values
        (?, ?, ?, ?)
14:11:09,365 DEBUG SQL:104 - 
    insert 
    into
        DataPoint
        (xval, yval, description, id) 
    values
        (?, ?, ?, ?)
14:11:09,365 DEBUG SQL:104 - 
    insert 
    into
        DataPoint
        (xval, yval, description, id) 
    values
        (?, ?, ?, ?)
14:11:09,366 DEBUG SQL:104 - 
    insert 
    into
        DataPoint
        (xval, yval, description, id) 
    values
        (?, ?, ?, ?)
14:11:09,366 DEBUG SQL:104 - 
    insert 
    into
        DataPoint
        (xval, yval, description, id) 
    values
        (?, ?, ?, ?)
14:11:09,366 DEBUG SQL:104 - 
    insert 
    into
        DataPoint
        (xval, yval, description, id) 
    values
        (?, ?, ?, ?)
14:11:09,366 DEBUG SQL:104 - 
    insert 
    into
        DataPoint
        (xval, yval, description, id) 
    values
        (?, ?, ?, ?)
14:11:09,367 DEBUG SQL:104 - 
    insert 
    into
        DataPoint
        (xval, yval, description, id) 
    values
        (?, ?, ?, ?)
14:11:09,367 DEBUG SQL:104 - 
    insert 
    into
        DataPoint
        (xval, yval, description, id) 
    values
        (?, ?, ?, ?)
14:11:09,367 DEBUG SQL:104 - 
    insert 
    into
        DataPoint
        (xval, yval, description, id) 
    values
        (?, ?, ?, ?)
14:11:09,367 DEBUG SQL:104 - 
    insert 
    into
        DataPoint
        (xval, yval, description, id) 
    values
        (?, ?, ?, ?)
14:11:09,367 DEBUG SQL:104 - 
    insert 
    into
        DataPoint
        (xval, yval, description, id) 
    values
        (?, ?, ?, ?)
14:11:09,367 DEBUG SQL:104 - 
    insert 
    into
        DataPoint
        (xval, yval, description, id) 
    values
        (?, ?, ?, ?)
14:11:09,367 DEBUG SQL:104 - 
    insert 
    into
        DataPoint
        (xval, yval, description, id) 
    values
        (?, ?, ?, ?)
14:11:09,368 DEBUG SQL:104 - 
    insert 
    into
        DataPoint
        (xval, yval, description, id) 
    values
        (?, ?, ?, ?)
14:11:09,368 DEBUG SQL:104 - 
    insert 
    into
        DataPoint
        (xval, yval, description, id) 
    values
        (?, ?, ?, ?)
14:11:09,368 DEBUG SQL:104 - 
    insert 
    into
        DataPoint
        (xval, yval, description, id) 
    values
        (?, ?, ?, ?)
14:11:09,368 DEBUG SQL:104 - 
    insert 
    into
        DataPoint
        (xval, yval, description, id) 
    values
        (?, ?, ?, ?)
14:11:09,368 DEBUG SQL:104 - 
    insert 
    into
        DataPoint
        (xval, yval, description, id) 
    values
        (?, ?, ?, ?)
14:11:09,368 DEBUG SQL:104 - 
    insert 
    into
        DataPoint
        (xval, yval, description, id) 
    values
        (?, ?, ?, ?)
14:11:09,368 DEBUG SQL:104 - 
    insert 
    into
        DataPoint
        (xval, yval, description, id) 
    values
        (?, ?, ?, ?)
14:11:09,369 DEBUG SQL:104 - 
    insert 
    into
        DataPoint
        (xval, yval, description, id) 
    values
        (?, ?, ?, ?)
14:11:09,377 DEBUG SQL:104 - 
    insert 
    into
        DataPoint
        (xval, yval, description, id) 
    values
        (?, ?, ?, ?)
14:11:09,378 DEBUG SQL:104 - 
    insert 
    into
        DataPoint
        (xval, yval, description, id) 
    values
        (?, ?, ?, ?)
14:11:09,378 DEBUG SQL:104 - 
    insert 
    into
        DataPoint
        (xval, yval, description, id) 
    values
        (?, ?, ?, ?)
14:11:09,378 DEBUG SQL:104 - 
    insert 
    into
        DataPoint
        (xval, yval, description, id) 
    values
        (?, ?, ?, ?)
14:11:09,402 DEBUG SQL:104 - 
    insert 
    into
        DataPoint
        (xval, yval, description, id) 
    values
        (?, ?, ?, ?)
14:11:09,402 DEBUG SQL:104 - 
    insert 
    into
        DataPoint
        (xval, yval, description, id) 
    values
        (?, ?, ?, ?)
14:11:09,402 DEBUG SQL:104 - 
    insert 
    into
        DataPoint
        (xval, yval, description, id) 
    values
        (?, ?, ?, ?)
14:11:09,402 DEBUG SQL:104 - 
    insert 
    into
        DataPoint
        (xval, yval, description, id) 
    values
        (?, ?, ?, ?)
14:11:09,402 DEBUG SQL:104 - 
    insert 
    into
        DataPoint
        (xval, yval, description, id) 
    values
        (?, ?, ?, ?)
14:11:09,403 DEBUG SQL:104 - 
    insert 
    into
        DataPoint
        (xval, yval, description, id) 
    values
        (?, ?, ?, ?)
14:11:09,403 DEBUG SQL:104 - 
    insert 
    into
        DataPoint
        (xval, yval, description, id) 
    values
        (?, ?, ?, ?)
14:11:09,403 DEBUG SQL:104 - 
    insert 
    into
        DataPoint
        (xval, yval, description, id) 
    values
        (?, ?, ?, ?)
14:11:09,403 DEBUG SQL:104 - 
    insert 
    into
        DataPoint
        (xval, yval, description, id) 
    values
        (?, ?, ?, ?)
14:11:09,403 DEBUG SQL:104 - 
    insert 
    into
        DataPoint
        (xval, yval, description, id) 
    values
        (?, ?, ?, ?)
14:11:09,403 DEBUG SQL:104 - 
    insert 
    into
        DataPoint
        (xval, yval, description, id) 
    values
        (?, ?, ?, ?)
14:11:09,423 DEBUG SQL:104 - 
    insert 
    into
        DataPoint
        (xval, yval, description, id) 
    values
        (?, ?, ?, ?)
14:11:09,423 DEBUG SQL:104 - 
    insert 
    into
        DataPoint
        (xval, yval, description, id) 
    values
        (?, ?, ?, ?)
14:11:09,424 DEBUG SQL:104 - 
    insert 
    into
        DataPoint
        (xval, yval, description, id) 
    values
        (?, ?, ?, ?)
14:11:09,424 DEBUG SQL:104 - 
    insert 
    into
        DataPoint
        (xval, yval, description, id) 
    values
        (?, ?, ?, ?)
14:11:09,432 DEBUG SQL:104 - 
    insert 
    into
        DataPoint
        (xval, yval, description, id) 
    values
        (?, ?, ?, ?)
14:11:09,433 DEBUG SQL:104 - 
    insert 
    into
        DataPoint
        (xval, yval, description, id) 
    values
        (?, ?, ?, ?)
14:11:09,433 DEBUG SQL:104 - 
    insert 
    into
        DataPoint
        (xval, yval, description, id) 
    values
        (?, ?, ?, ?)
14:11:09,433 DEBUG SQL:104 - 
    insert 
    into
        DataPoint
        (xval, yval, description, id) 
    values
        (?, ?, ?, ?)
14:11:09,434 DEBUG SQL:104 - 
    insert 
    into
        DataPoint
        (xval, yval, description, id) 
    values
        (?, ?, ?, ?)
14:11:09,444 DEBUG SQL:104 - 
    insert 
    into
        DataPoint
        (xval, yval, description, id) 
    values
        (?, ?, ?, ?)
14:11:09,444 DEBUG SQL:104 - 
    insert 
    into
        DataPoint
        (xval, yval, description, id) 
    values
        (?, ?, ?, ?)
14:11:09,444 DEBUG SQL:104 - 
    insert 
    into
        DataPoint
        (xval, yval, description, id) 
    values
        (?, ?, ?, ?)
14:11:09,444 DEBUG SQL:104 - 
    insert 
    into
        DataPoint
        (xval, yval, description, id) 
    values
        (?, ?, ?, ?)
14:11:09,454 DEBUG SQL:104 - 
    insert 
    into
        DataPoint
        (xval, yval, description, id) 
    values
        (?, ?, ?, ?)
14:11:09,454 DEBUG SQL:104 - 
    insert 
    into
        DataPoint
        (xval, yval, description, id) 
    values
        (?, ?, ?, ?)
14:11:09,455 DEBUG SQL:104 - 
    insert 
    into
        DataPoint
        (xval, yval, description, id) 
    values
        (?, ?, ?, ?)
14:11:09,455 DEBUG SQL:104 - 
    insert 
    into
        DataPoint
        (xval, yval, description, id) 
    values
        (?, ?, ?, ?)
14:11:09,455 DEBUG SQL:104 - 
    insert 
    into
        DataPoint
        (xval, yval, description, id) 
    values
        (?, ?, ?, ?)
14:11:09,464 DEBUG SQL:104 - 
    insert 
    into
        DataPoint
        (xval, yval, description, id) 
    values
        (?, ?, ?, ?)
14:11:09,464 DEBUG SQL:104 - 
    insert 
    into
        DataPoint
        (xval, yval, description, id) 
    values
        (?, ?, ?, ?)
14:11:09,464 DEBUG SQL:104 - 
    insert 
    into
        DataPoint
        (xval, yval, description, id) 
    values
        (?, ?, ?, ?)
14:11:09,465 DEBUG SQL:104 - 
    insert 
    into
        DataPoint
        (xval, yval, description, id) 
    values
        (?, ?, ?, ?)
14:11:09,474 DEBUG SQL:104 - 
    insert 
    into
        DataPoint
        (xval, yval, description, id) 
    values
        (?, ?, ?, ?)
14:11:09,474 DEBUG SQL:104 - 
    insert 
    into
        DataPoint
        (xval, yval, description, id) 
    values
        (?, ?, ?, ?)
14:11:09,474 DEBUG SQL:104 - 
    insert 
    into
        DataPoint
        (xval, yval, description, id) 
    values
        (?, ?, ?, ?)
14:11:09,475 DEBUG SQL:104 - 
    insert 
    into
        DataPoint
        (xval, yval, description, id) 
    values
        (?, ?, ?, ?)
14:11:09,487 DEBUG SQL:104 - 
    insert 
    into
        DataPoint
        (xval, yval, description, id) 
    values
        (?, ?, ?, ?)
14:11:09,487 DEBUG SQL:104 - 
    insert 
    into
        DataPoint
        (xval, yval, description, id) 
    values
        (?, ?, ?, ?)
14:11:09,487 DEBUG SQL:104 - 
    insert 
    into
        DataPoint
        (xval, yval, description, id) 
    values
        (?, ?, ?, ?)
14:11:09,487 DEBUG SQL:104 - 
    insert 
    into
        DataPoint
        (xval, yval, description, id) 
    values
        (?, ?, ?, ?)
14:11:09,488 DEBUG SQL:104 - 
    insert 
    into
        DataPoint
        (xval, yval, description, id) 
    values
        (?, ?, ?, ?)
14:11:09,488 DEBUG SQL:104 - 
    insert 
    into
        DataPoint
        (xval, yval, description, id) 
    values
        (?, ?, ?, ?)
14:11:09,488 DEBUG SQL:104 - 
    insert 
    into
        DataPoint
        (xval, yval, description, id) 
    values
        (?, ?, ?, ?)
14:11:09,488 DEBUG SQL:104 - 
    insert 
    into
        DataPoint
        (xval, yval, description, id) 
    values
        (?, ?, ?, ?)
14:11:09,488 DEBUG SQL:104 - 
    insert 
    into
        DataPoint
        (xval, yval, description, id) 
    values
        (?, ?, ?, ?)
14:11:09,501 DEBUG SQL:104 - 
    insert 
    into
        DataPoint
        (xval, yval, description, id) 
    values
        (?, ?, ?, ?)
14:11:09,501 DEBUG SQL:104 - 
    insert 
    into
        DataPoint
        (xval, yval, description, id) 
    values
        (?, ?, ?, ?)
14:11:09,502 DEBUG SQL:104 - 
    insert 
    into
        DataPoint
        (xval, yval, description, id) 
    values
        (?, ?, ?, ?)
14:11:09,502 DEBUG SQL:104 - 
    insert 
    into
        DataPoint
        (xval, yval, description, id) 
    values
        (?, ?, ?, ?)
14:11:09,511 DEBUG SQL:104 - 
    insert 
    into
        DataPoint
        (xval, yval, description, id) 
    values
        (?, ?, ?, ?)
14:11:09,511 DEBUG SQL:104 - 
    insert 
    into
        DataPoint
        (xval, yval, description, id) 
    values
        (?, ?, ?, ?)
14:11:09,512 DEBUG SQL:104 - 
    insert 
    into
        DataPoint
        (xval, yval, description, id) 
    values
        (?, ?, ?, ?)
14:11:09,512 DEBUG SQL:104 - 
    insert 
    into
        DataPoint
        (xval, yval, description, id) 
    values
        (?, ?, ?, ?)
14:11:09,512 DEBUG SQL:104 - 
    insert 
    into
        DataPoint
        (xval, yval, description, id) 
    values
        (?, ?, ?, ?)
14:11:09,512 DEBUG SQL:104 - 
    insert 
    into
        DataPoint
        (xval, yval, description, id) 
    values
        (?, ?, ?, ?)
14:11:09,512 DEBUG SQL:104 - 
    insert 
    into
        DataPoint
        (xval, yval, description, id) 
    values
        (?, ?, ?, ?)
14:11:09,535 DEBUG SQL:104 - 
    insert 
    into
        DataPoint
        (xval, yval, description, id) 
    values
        (?, ?, ?, ?)
14:11:09,535 DEBUG SQL:104 - 
    insert 
    into
        DataPoint
        (xval, yval, description, id) 
    values
        (?, ?, ?, ?)
14:11:09,536 DEBUG SQL:104 - 
    insert 
    into
        DataPoint
        (xval, yval, description, id) 
    values
        (?, ?, ?, ?)
14:11:09,537 DEBUG SQL:104 - 
    insert 
    into
        DataPoint
        (xval, yval, description, id) 
    values
        (?, ?, ?, ?)
14:11:09,547 DEBUG SQL:104 - 
    insert 
    into
        DataPoint
        (xval, yval, description, id) 
    values
        (?, ?, ?, ?)
14:11:09,547 DEBUG SQL:104 - 
    insert 
    into
        DataPoint
        (xval, yval, description, id) 
    values
        (?, ?, ?, ?)
14:11:09,547 DEBUG SQL:104 - 
    insert 
    into
        DataPoint
        (xval, yval, description, id) 
    values
        (?, ?, ?, ?)
14:11:09,548 DEBUG SQL:104 - 
    insert 
    into
        DataPoint
        (xval, yval, description, id) 
    values
        (?, ?, ?, ?)
14:11:09,548 DEBUG SQL:104 - 
    insert 
    into
        DataPoint
        (xval, yval, description, id) 
    values
        (?, ?, ?, ?)
14:11:09,557 DEBUG SQL:104 - 
    insert 
    into
        DataPoint
        (xval, yval, description, id) 
    values
        (?, ?, ?, ?)
14:11:09,557 DEBUG SQL:104 - 
    insert 
    into
        DataPoint
        (xval, yval, description, id) 
    values
        (?, ?, ?, ?)
14:11:09,557 DEBUG SQL:104 - 
    insert 
    into
        DataPoint
        (xval, yval, description, id) 
    values
        (?, ?, ?, ?)
14:11:09,557 DEBUG SQL:104 - 
    insert 
    into
        DataPoint
        (xval, yval, description, id) 
    values
        (?, ?, ?, ?)
14:11:09,567 DEBUG SQL:104 - 
    insert 
    into
        DataPoint
        (xval, yval, description, id) 
    values
        (?, ?, ?, ?)
14:11:09,567 DEBUG SQL:104 - 
    insert 
    into
        DataPoint
        (xval, yval, description, id) 
    values
        (?, ?, ?, ?)
14:11:09,567 DEBUG SQL:104 - 
    insert 
    into
        DataPoint
        (xval, yval, description, id) 
    values
        (?, ?, ?, ?)
14:11:09,567 DEBUG SQL:104 - 
    insert 
    into
        DataPoint
        (xval, yval, description, id) 
    values
        (?, ?, ?, ?)
14:11:09,577 DEBUG SQL:104 - 
    insert 
    into
        DataPoint
        (xval, yval, description, id) 
    values
        (?, ?, ?, ?)
14:11:09,578 DEBUG SQL:104 - 
    insert 
    into
        DataPoint
        (xval, yval, description, id) 
    values
        (?, ?, ?, ?)
14:11:09,578 DEBUG SQL:104 - 
    insert 
    into
        DataPoint
        (xval, yval, description, id) 
    values
        (?, ?, ?, ?)
14:11:09,578 DEBUG SQL:104 - 
    insert 
    into
        DataPoint
        (xval, yval, description, id) 
    values
        (?, ?, ?, ?)
14:11:09,578 DEBUG SQL:104 - 
    insert 
    into
        DataPoint
        (xval, yval, description, id) 
    values
        (?, ?, ?, ?)
14:11:09,588 DEBUG SQL:104 - 
    insert 
    into
        DataPoint
        (xval, yval, description, id) 
    values
        (?, ?, ?, ?)
14:11:09,589 DEBUG SQL:104 - 
    insert 
    into
        DataPoint
        (xval, yval, description, id) 
    values
        (?, ?, ?, ?)
14:11:09,589 DEBUG SQL:104 - 
    insert 
    into
        DataPoint
        (xval, yval, description, id) 
    values
        (?, ?, ?, ?)
14:11:09,589 DEBUG SQL:104 - 
    insert 
    into
        DataPoint
        (xval, yval, description, id) 
    values
        (?, ?, ?, ?)
14:11:09,598 DEBUG SQL:104 - 
    insert 
    into
        DataPoint
        (xval, yval, description, id) 
    values
        (?, ?, ?, ?)
14:11:09,598 DEBUG SQL:104 - 
    insert 
    into
        DataPoint
        (xval, yval, description, id) 
    values
        (?, ?, ?, ?)
14:11:09,598 DEBUG SQL:104 - 
    insert 
    into
        DataPoint
        (xval, yval, description, id) 
    values
        (?, ?, ?, ?)
14:11:09,599 DEBUG SQL:104 - 
    insert 
    into
        DataPoint
        (xval, yval, description, id) 
    values
        (?, ?, ?, ?)
14:11:09,609 DEBUG SQL:104 - 
    insert 
    into
        DataPoint
        (xval, yval, description, id) 
    values
        (?, ?, ?, ?)
14:11:09,609 DEBUG SQL:104 - 
    insert 
    into
        DataPoint
        (xval, yval, description, id) 
    values
        (?, ?, ?, ?)
14:11:09,609 DEBUG SQL:104 - 
    insert 
    into
        DataPoint
        (xval, yval, description, id) 
    values
        (?, ?, ?, ?)
14:11:09,609 DEBUG SQL:104 - 
    insert 
    into
        DataPoint
        (xval, yval, description, id) 
    values
        (?, ?, ?, ?)
14:11:09,609 DEBUG SQL:104 - 
    insert 
    into
        DataPoint
        (xval, yval, description, id) 
    values
        (?, ?, ?, ?)
14:11:09,621 DEBUG SQL:104 - 
    insert 
    into
        DataPoint
        (xval, yval, description, id) 
    values
        (?, ?, ?, ?)
14:11:09,621 DEBUG SQL:104 - 
    insert 
    into
        DataPoint
        (xval, yval, description, id) 
    values
        (?, ?, ?, ?)
14:11:09,621 DEBUG SQL:104 - 
    insert 
    into
        DataPoint
        (xval, yval, description, id) 
    values
        (?, ?, ?, ?)
14:11:09,621 DEBUG SQL:104 - 
    insert 
    into
        DataPoint
        (xval, yval, description, id) 
    values
        (?, ?, ?, ?)
14:11:09,621 DEBUG SQL:104 - 
    insert 
    into
        DataPoint
        (xval, yval, description, id) 
    values
        (?, ?, ?, ?)
14:11:09,622 DEBUG SQL:104 - 
    insert 
    into
        DataPoint
        (xval, yval, description, id) 
    values
        (?, ?, ?, ?)
14:11:09,622 DEBUG SQL:104 - 
    insert 
    into
        DataPoint
        (xval, yval, description, id) 
    values
        (?, ?, ?, ?)
14:11:09,622 DEBUG SQL:104 - 
    insert 
    into
        DataPoint
        (xval, yval, description, id) 
    values
        (?, ?, ?, ?)
14:11:09,622 DEBUG SQL:104 - 
    insert 
    into
        DataPoint
        (xval, yval, description, id) 
    values
        (?, ?, ?, ?)
14:11:09,633 DEBUG SQL:104 - 
    insert 
    into
        DataPoint
        (xval, yval, description, id) 
    values
        (?, ?, ?, ?)
14:11:09,633 DEBUG SQL:104 - 
    insert 
    into
        DataPoint
        (xval, yval, description, id) 
    values
        (?, ?, ?, ?)
14:11:09,634 DEBUG SQL:104 - 
    insert 
    into
        DataPoint
        (xval, yval, description, id) 
    values
        (?, ?, ?, ?)
14:11:09,634 DEBUG SQL:104 - 
    insert 
    into
        DataPoint
        (xval, yval, description, id) 
    values
        (?, ?, ?, ?)
14:11:09,648 DEBUG SQL:104 - 
    insert 
    into
        DataPoint
        (xval, yval, description, id) 
    values
        (?, ?, ?, ?)
14:11:09,649 DEBUG SQL:104 - 
    insert 
    into
        DataPoint
        (xval, yval, description, id) 
    values
        (?, ?, ?, ?)
14:11:09,649 DEBUG SQL:104 - 
    insert 
    into
        DataPoint
        (xval, yval, description, id) 
    values
        (?, ?, ?, ?)
14:11:09,649 DEBUG SQL:104 - 
    insert 
    into
        DataPoint
        (xval, yval, description, id) 
    values
        (?, ?, ?, ?)
14:11:09,649 DEBUG SQL:104 - 
    insert 
    into
        DataPoint
        (xval, yval, description, id) 
    values
        (?, ?, ?, ?)
14:11:09,650 DEBUG SQL:104 - 
    insert 
    into
        DataPoint
        (xval, yval, description, id) 
    values
        (?, ?, ?, ?)
14:11:09,671 DEBUG SQL:104 - 
    insert 
    into
        DataPoint
        (xval, yval, description, id) 
    values
        (?, ?, ?, ?)
14:11:09,671 DEBUG SQL:104 - 
    insert 
    into
        DataPoint
        (xval, yval, description, id) 
    values
        (?, ?, ?, ?)
14:11:09,672 DEBUG SQL:104 - 
    insert 
    into
        DataPoint
        (xval, yval, description, id) 
    values
        (?, ?, ?, ?)
14:11:09,672 DEBUG SQL:104 - 
    insert 
    into
        DataPoint
        (xval, yval, description, id) 
    values
        (?, ?, ?, ?)
14:11:09,672 DEBUG SQL:104 - 
    insert 
    into
        DataPoint
        (xval, yval, description, id) 
    values
        (?, ?, ?, ?)
14:11:09,682 DEBUG SQL:104 - 
    insert 
    into
        DataPoint
        (xval, yval, description, id) 
    values
        (?, ?, ?, ?)
14:11:09,683 DEBUG SQL:104 - 
    insert 
    into
        DataPoint
        (xval, yval, description, id) 
    values
        (?, ?, ?, ?)
14:11:09,683 DEBUG SQL:104 - 
    insert 
    into
        DataPoint
        (xval, yval, description, id) 
    values
        (?, ?, ?, ?)
14:11:09,683 DEBUG SQL:104 - 
    insert 
    into
        DataPoint
        (xval, yval, description, id) 
    values
        (?, ?, ?, ?)
14:11:09,693 DEBUG SQL:104 - 
    insert 
    into
        DataPoint
        (xval, yval, description, id) 
    values
        (?, ?, ?, ?)
14:11:09,694 DEBUG SQL:104 - 
    insert 
    into
        DataPoint
        (xval, yval, description, id) 
    values
        (?, ?, ?, ?)
14:11:09,694 DEBUG SQL:104 - 
    insert 
    into
        DataPoint
        (xval, yval, description, id) 
    values
        (?, ?, ?, ?)
14:11:09,694 DEBUG SQL:104 - 
    insert 
    into
        DataPoint
        (xval, yval, description, id) 
    values
        (?, ?, ?, ?)
14:11:09,703 DEBUG SQL:104 - 
    insert 
    into
        DataPoint
        (xval, yval, description, id) 
    values
        (?, ?, ?, ?)
14:11:09,703 DEBUG SQL:104 - 
    insert 
    into
        DataPoint
        (xval, yval, description, id) 
    values
        (?, ?, ?, ?)
14:11:09,703 DEBUG SQL:104 - 
    insert 
    into
        DataPoint
        (xval, yval, description, id) 
    values
        (?, ?, ?, ?)
14:11:09,703 DEBUG SQL:104 - 
    insert 
    into
        DataPoint
        (xval, yval, description, id) 
    values
        (?, ?, ?, ?)
14:11:09,703 DEBUG SQL:104 - 
    insert 
    into
        DataPoint
        (xval, yval, description, id) 
    values
        (?, ?, ?, ?)
14:11:09,712 DEBUG SQL:104 - 
    insert 
    into
        DataPoint
        (xval, yval, description, id) 
    values
        (?, ?, ?, ?)
14:11:09,712 DEBUG SQL:104 - 
    insert 
    into
        DataPoint
        (xval, yval, description, id) 
    values
        (?, ?, ?, ?)
14:11:09,712 DEBUG SQL:104 - 
    insert 
    into
        DataPoint
        (xval, yval, description, id) 
    values
        (?, ?, ?, ?)
14:11:09,712 DEBUG SQL:104 - 
    insert 
    into
        DataPoint
        (xval, yval, description, id) 
    values
        (?, ?, ?, ?)
14:11:09,722 DEBUG SQL:104 - 
    insert 
    into
        DataPoint
        (xval, yval, description, id) 
    values
        (?, ?, ?, ?)
14:11:09,722 DEBUG SQL:104 - 
    insert 
    into
        DataPoint
        (xval, yval, description, id) 
    values
        (?, ?, ?, ?)
14:11:09,722 DEBUG SQL:104 - 
    insert 
    into
        DataPoint
        (xval, yval, description, id) 
    values
        (?, ?, ?, ?)
14:11:09,722 DEBUG SQL:104 - 
    insert 
    into
        DataPoint
        (xval, yval, description, id) 
    values
        (?, ?, ?, ?)
14:11:09,723 DEBUG SQL:104 - 
    insert 
    into
        DataPoint
        (xval, yval, description, id) 
    values
        (?, ?, ?, ?)
14:11:09,732 DEBUG SQL:104 - 
    insert 
    into
        DataPoint
        (xval, yval, description, id) 
    values
        (?, ?, ?, ?)
14:11:09,732 DEBUG SQL:104 - 
    insert 
    into
        DataPoint
        (xval, yval, description, id) 
    values
        (?, ?, ?, ?)
14:11:09,733 DEBUG SQL:104 - 
    insert 
    into
        DataPoint
        (xval, yval, description, id) 
    values
        (?, ?, ?, ?)
14:11:09,733 DEBUG SQL:104 - 
    insert 
    into
        DataPoint
        (xval, yval, description, id) 
    values
        (?, ?, ?, ?)
14:11:09,743 DEBUG SQL:104 - 
    insert 
    into
        DataPoint
        (xval, yval, description, id) 
    values
        (?, ?, ?, ?)
14:11:09,744 DEBUG SQL:104 - 
    insert 
    into
        DataPoint
        (xval, yval, description, id) 
    values
        (?, ?, ?, ?)
14:11:09,744 DEBUG SQL:104 - 
    insert 
    into
        DataPoint
        (xval, yval, description, id) 
    values
        (?, ?, ?, ?)
14:11:09,744 DEBUG SQL:104 - 
    insert 
    into
        DataPoint
        (xval, yval, description, id) 
    values
        (?, ?, ?, ?)
14:11:09,745 DEBUG SQL:104 - 
    insert 
    into
        DataPoint
        (xval, yval, description, id) 
    values
        (?, ?, ?, ?)
14:11:09,745 DEBUG SQL:104 - 
    insert 
    into
        DataPoint
        (xval, yval, description, id) 
    values
        (?, ?, ?, ?)
14:11:09,745 DEBUG SQL:104 - 
    insert 
    into
        DataPoint
        (xval, yval, description, id) 
    values
        (?, ?, ?, ?)
14:11:09,745 DEBUG SQL:104 - 
    insert 
    into
        DataPoint
        (xval, yval, description, id) 
    values
        (?, ?, ?, ?)
14:11:09,746 DEBUG SQL:104 - 
    insert 
    into
        DataPoint
        (xval, yval, description, id) 
    values
        (?, ?, ?, ?)
14:11:09,758 DEBUG SQL:104 - 
    insert 
    into
        DataPoint
        (xval, yval, description, id) 
    values
        (?, ?, ?, ?)
14:11:09,758 DEBUG SQL:104 - 
    insert 
    into
        DataPoint
        (xval, yval, description, id) 
    values
        (?, ?, ?, ?)
14:11:09,758 DEBUG SQL:104 - 
    insert 
    into
        DataPoint
        (xval, yval, description, id) 
    values
        (?, ?, ?, ?)
14:11:09,759 DEBUG SQL:104 - 
    insert 
    into
        DataPoint
        (xval, yval, description, id) 
    values
        (?, ?, ?, ?)
14:11:09,771 DEBUG SQL:104 - 
    insert 
    into
        DataPoint
        (xval, yval, description, id) 
    values
        (?, ?, ?, ?)
14:11:09,772 DEBUG SQL:104 - 
    insert 
    into
        DataPoint
        (xval, yval, description, id) 
    values
        (?, ?, ?, ?)
14:11:09,772 DEBUG SQL:104 - 
    insert 
    into
        DataPoint
        (xval, yval, description, id) 
    values
        (?, ?, ?, ?)
14:11:09,773 DEBUG SQL:104 - 
    insert 
    into
        DataPoint
        (xval, yval, description, id) 
    values
        (?, ?, ?, ?)
14:11:09,773 DEBUG SQL:104 - 
    insert 
    into
        DataPoint
        (xval, yval, description, id) 
    values
        (?, ?, ?, ?)
14:11:09,773 DEBUG SQL:104 - 
    insert 
    into
        DataPoint
        (xval, yval, description, id) 
    values
        (?, ?, ?, ?)
14:11:09,773 DEBUG SQL:104 - 
    insert 
    into
        DataPoint
        (xval, yval, description, id) 
    values
        (?, ?, ?, ?)
14:11:09,799 DEBUG SQL:104 - 
    insert 
    into
        DataPoint
        (xval, yval, description, id) 
    values
        (?, ?, ?, ?)
14:11:09,800 DEBUG SQL:104 - 
    insert 
    into
        DataPoint
        (xval, yval, description, id) 
    values
        (?, ?, ?, ?)
14:11:09,800 DEBUG SQL:104 - 
    insert 
    into
        DataPoint
        (xval, yval, description, id) 
    values
        (?, ?, ?, ?)
14:11:09,800 DEBUG SQL:104 - 
    insert 
    into
        DataPoint
        (xval, yval, description, id) 
    values
        (?, ?, ?, ?)
14:11:09,803 DEBUG SQL:104 - 
    insert 
    into
        DataPoint
        (xval, yval, description, id) 
    values
        (?, ?, ?, ?)
14:11:09,803 DEBUG SQL:104 - 
    insert 
    into
        DataPoint
        (xval, yval, description, id) 
    values
        (?, ?, ?, ?)
14:11:09,803 DEBUG SQL:104 - 
    insert 
    into
        DataPoint
        (xval, yval, description, id) 
    values
        (?, ?, ?, ?)
14:11:09,803 DEBUG SQL:104 - 
    insert 
    into
        DataPoint
        (xval, yval, description, id) 
    values
        (?, ?, ?, ?)
14:11:09,812 DEBUG SQL:104 - 
    insert 
    into
        DataPoint
        (xval, yval, description, id) 
    values
        (?, ?, ?, ?)
14:11:09,812 DEBUG SQL:104 - 
    insert 
    into
        DataPoint
        (xval, yval, description, id) 
    values
        (?, ?, ?, ?)
14:11:09,812 DEBUG SQL:104 - 
    insert 
    into
        DataPoint
        (xval, yval, description, id) 
    values
        (?, ?, ?, ?)
14:11:09,813 DEBUG SQL:104 - 
    insert 
    into
        DataPoint
        (xval, yval, description, id) 
    values
        (?, ?, ?, ?)
14:11:09,813 DEBUG SQL:104 - 
    insert 
    into
        DataPoint
        (xval, yval, description, id) 
    values
        (?, ?, ?, ?)
14:11:09,823 DEBUG SQL:104 - 
    insert 
    into
        DataPoint
        (xval, yval, description, id) 
    values
        (?, ?, ?, ?)
14:11:09,824 DEBUG SQL:104 - 
    insert 
    into
        DataPoint
        (xval, yval, description, id) 
    values
        (?, ?, ?, ?)
14:11:09,824 DEBUG SQL:104 - 
    insert 
    into
        DataPoint
        (xval, yval, description, id) 
    values
        (?, ?, ?, ?)
14:11:09,825 DEBUG SQL:104 - 
    insert 
    into
        DataPoint
        (xval, yval, description, id) 
    values
        (?, ?, ?, ?)
14:11:09,825 DEBUG SQL:104 - 
    insert 
    into
        DataPoint
        (xval, yval, description, id) 
    values
        (?, ?, ?, ?)
14:11:09,825 DEBUG SQL:104 - 
    insert 
    into
        DataPoint
        (xval, yval, description, id) 
    values
        (?, ?, ?, ?)
14:11:09,825 DEBUG SQL:104 - 
    insert 
    into
        DataPoint
        (xval, yval, description, id) 
    values
        (?, ?, ?, ?)
14:11:09,825 DEBUG SQL:104 - 
    insert 
    into
        DataPoint
        (xval, yval, description, id) 
    values
        (?, ?, ?, ?)
14:11:09,826 DEBUG SQL:104 - 
    insert 
    into
        DataPoint
        (xval, yval, description, id) 
    values
        (?, ?, ?, ?)
14:11:09,826 DEBUG SQL:104 - 
    insert 
    into
        DataPoint
        (xval, yval, description, id) 
    values
        (?, ?, ?, ?)
14:11:09,843 DEBUG SQL:104 - 
    insert 
    into
        DataPoint
        (xval, yval, description, id) 
    values
        (?, ?, ?, ?)
14:11:09,843 DEBUG SQL:104 - 
    insert 
    into
        DataPoint
        (xval, yval, description, id) 
    values
        (?, ?, ?, ?)
14:11:09,843 DEBUG SQL:104 - 
    insert 
    into
        DataPoint
        (xval, yval, description, id) 
    values
        (?, ?, ?, ?)
14:11:09,843 DEBUG SQL:104 - 
    insert 
    into
        DataPoint
        (xval, yval, description, id) 
    values
        (?, ?, ?, ?)
14:11:09,844 DEBUG SQL:104 - 
    insert 
    into
        DataPoint
        (xval, yval, description, id) 
    values
        (?, ?, ?, ?)
14:11:09,853 DEBUG SQL:104 - 
    insert 
    into
        DataPoint
        (xval, yval, description, id) 
    values
        (?, ?, ?, ?)
14:11:09,853 DEBUG SQL:104 - 
    insert 
    into
        DataPoint
        (xval, yval, description, id) 
    values
        (?, ?, ?, ?)
14:11:09,853 DEBUG SQL:104 - 
    insert 
    into
        DataPoint
        (xval, yval, description, id) 
    values
        (?, ?, ?, ?)
14:11:09,854 DEBUG SQL:104 - 
    insert 
    into
        DataPoint
        (xval, yval, description, id) 
    values
        (?, ?, ?, ?)
14:11:09,866 DEBUG SQL:104 - 
    insert 
    into
        DataPoint
        (xval, yval, description, id) 
    values
        (?, ?, ?, ?)
14:11:09,866 DEBUG SQL:104 - 
    insert 
    into
        DataPoint
        (xval, yval, description, id) 
    values
        (?, ?, ?, ?)
14:11:09,866 DEBUG SQL:104 - 
    insert 
    into
        DataPoint
        (xval, yval, description, id) 
    values
        (?, ?, ?, ?)
14:11:09,867 DEBUG SQL:104 - 
    insert 
    into
        DataPoint
        (xval, yval, description, id) 
    values
        (?, ?, ?, ?)
14:11:09,867 DEBUG SQL:104 - 
    insert 
    into
        DataPoint
        (xval, yval, description, id) 
    values
        (?, ?, ?, ?)
14:11:09,867 DEBUG SQL:104 - 
    insert 
    into
        DataPoint
        (xval, yval, description, id) 
    values
        (?, ?, ?, ?)
14:11:09,867 DEBUG SQL:104 - 
    insert 
    into
        DataPoint
        (xval, yval, description, id) 
    values
        (?, ?, ?, ?)
14:11:09,868 DEBUG SQL:104 - 
    insert 
    into
        DataPoint
        (xval, yval, description, id) 
    values
        (?, ?, ?, ?)
14:11:09,868 DEBUG SQL:104 - 
    insert 
    into
        DataPoint
        (xval, yval, description, id) 
    values
        (?, ?, ?, ?)
14:11:09,879 DEBUG SQL:104 - 
    insert 
    into
        DataPoint
        (xval, yval, description, id) 
    values
        (?, ?, ?, ?)
14:11:09,879 DEBUG SQL:104 - 
    insert 
    into
        DataPoint
        (xval, yval, description, id) 
    values
        (?, ?, ?, ?)
14:11:09,879 DEBUG SQL:104 - 
    insert 
    into
        DataPoint
        (xval, yval, description, id) 
    values
        (?, ?, ?, ?)
14:11:09,880 DEBUG SQL:104 - 
    insert 
    into
        DataPoint
        (xval, yval, description, id) 
    values
        (?, ?, ?, ?)
14:11:09,892 DEBUG SQL:104 - 
    insert 
    into
        DataPoint
        (xval, yval, description, id) 
    values
        (?, ?, ?, ?)
14:11:09,892 DEBUG SQL:104 - 
    insert 
    into
        DataPoint
        (xval, yval, description, id) 
    values
        (?, ?, ?, ?)
14:11:09,892 DEBUG SQL:104 - 
    insert 
    into
        DataPoint
        (xval, yval, description, id) 
    values
        (?, ?, ?, ?)
14:11:09,892 DEBUG SQL:104 - 
    insert 
    into
        DataPoint
        (xval, yval, description, id) 
    values
        (?, ?, ?, ?)
14:11:09,892 DEBUG SQL:104 - 
    insert 
    into
        DataPoint
        (xval, yval, description, id) 
    values
        (?, ?, ?, ?)
14:11:09,892 DEBUG SQL:104 - 
    insert 
    into
        DataPoint
        (xval, yval, description, id) 
    values
        (?, ?, ?, ?)
14:11:09,893 DEBUG SQL:104 - 
    insert 
    into
        DataPoint
        (xval, yval, description, id) 
    values
        (?, ?, ?, ?)
14:11:09,916 DEBUG SQL:104 - 
    insert 
    into
        DataPoint
        (xval, yval, description, id) 
    values
        (?, ?, ?, ?)
14:11:09,917 DEBUG SQL:104 - 
    insert 
    into
        DataPoint
        (xval, yval, description, id) 
    values
        (?, ?, ?, ?)
14:11:09,917 DEBUG SQL:104 - 
    insert 
    into
        DataPoint
        (xval, yval, description, id) 
    values
        (?, ?, ?, ?)
14:11:09,917 DEBUG SQL:104 - 
    insert 
    into
        DataPoint
        (xval, yval, description, id) 
    values
        (?, ?, ?, ?)
14:11:09,928 DEBUG SQL:104 - 
    insert 
    into
        DataPoint
        (xval, yval, description, id) 
    values
        (?, ?, ?, ?)
14:11:09,929 DEBUG SQL:104 - 
    insert 
    into
        DataPoint
        (xval, yval, description, id) 
    values
        (?, ?, ?, ?)
14:11:09,929 DEBUG SQL:104 - 
    insert 
    into
        DataPoint
        (xval, yval, description, id) 
    values
        (?, ?, ?, ?)
14:11:09,929 DEBUG SQL:104 - 
    insert 
    into
        DataPoint
        (xval, yval, description, id) 
    values
        (?, ?, ?, ?)
14:11:09,940 DEBUG SQL:104 - 
    insert 
    into
        DataPoint
        (xval, yval, description, id) 
    values
        (?, ?, ?, ?)
14:11:09,940 DEBUG SQL:104 - 
    insert 
    into
        DataPoint
        (xval, yval, description, id) 
    values
        (?, ?, ?, ?)
14:11:09,940 DEBUG SQL:104 - 
    insert 
    into
        DataPoint
        (xval, yval, description, id) 
    values
        (?, ?, ?, ?)
14:11:09,940 DEBUG SQL:104 - 
    insert 
    into
        DataPoint
        (xval, yval, description, id) 
    values
        (?, ?, ?, ?)
14:11:09,941 DEBUG SQL:104 - 
    insert 
    into
        DataPoint
        (xval, yval, description, id) 
    values
        (?, ?, ?, ?)
14:11:09,958 DEBUG SQL:104 - 
    insert 
    into
        DataPoint
        (xval, yval, description, id) 
    values
        (?, ?, ?, ?)
14:11:09,959 DEBUG SQL:104 - 
    insert 
    into
        DataPoint
        (xval, yval, description, id) 
    values
        (?, ?, ?, ?)
14:11:09,959 DEBUG SQL:104 - 
    insert 
    into
        DataPoint
        (xval, yval, description, id) 
    values
        (?, ?, ?, ?)
14:11:09,959 DEBUG SQL:104 - 
    insert 
    into
        DataPoint
        (xval, yval, description, id) 
    values
        (?, ?, ?, ?)
14:11:09,970 DEBUG SQL:104 - 
    insert 
    into
        DataPoint
        (xval, yval, description, id) 
    values
        (?, ?, ?, ?)
14:11:09,970 DEBUG SQL:104 - 
    insert 
    into
        DataPoint
        (xval, yval, description, id) 
    values
        (?, ?, ?, ?)
14:11:09,970 DEBUG SQL:104 - 
    insert 
    into
        DataPoint
        (xval, yval, description, id) 
    values
        (?, ?, ?, ?)
14:11:09,971 DEBUG SQL:104 - 
    insert 
    into
        DataPoint
        (xval, yval, description, id) 
    values
        (?, ?, ?, ?)
14:11:09,981 DEBUG SQL:104 - 
    insert 
    into
        DataPoint
        (xval, yval, description, id) 
    values
        (?, ?, ?, ?)
14:11:09,982 DEBUG SQL:104 - 
    insert 
    into
        DataPoint
        (xval, yval, description, id) 
    values
        (?, ?, ?, ?)
14:11:09,982 DEBUG SQL:104 - 
    insert 
    into
        DataPoint
        (xval, yval, description, id) 
    values
        (?, ?, ?, ?)
14:11:09,982 DEBUG SQL:104 - 
    insert 
    into
        DataPoint
        (xval, yval, description, id) 
    values
        (?, ?, ?, ?)
14:11:09,983 DEBUG SQL:104 - 
    insert 
    into
        DataPoint
        (xval, yval, description, id) 
    values
        (?, ?, ?, ?)
14:11:09,996 DEBUG SQL:104 - 
    insert 
    into
        DataPoint
        (xval, yval, description, id) 
    values
        (?, ?, ?, ?)
14:11:09,996 DEBUG SQL:104 - 
    insert 
    into
        DataPoint
        (xval, yval, description, id) 
    values
        (?, ?, ?, ?)
14:11:09,996 DEBUG SQL:104 - 
    insert 
    into
        DataPoint
        (xval, yval, description, id) 
    values
        (?, ?, ?, ?)
14:11:09,996 DEBUG SQL:104 - 
    insert 
    into
        DataPoint
        (xval, yval, description, id) 
    values
        (?, ?, ?, ?)
14:11:09,997 DEBUG SQL:104 - 
    insert 
    into
        DataPoint
        (xval, yval, description, id) 
    values
        (?, ?, ?, ?)
14:11:09,997 DEBUG SQL:104 - 
    insert 
    into
        DataPoint
        (xval, yval, description, id) 
    values
        (?, ?, ?, ?)
14:11:09,997 DEBUG SQL:104 - 
    insert 
    into
        DataPoint
        (xval, yval, description, id) 
    values
        (?, ?, ?, ?)
14:11:09,997 DEBUG SQL:104 - 
    insert 
    into
        DataPoint
        (xval, yval, description, id) 
    values
        (?, ?, ?, ?)
14:11:10,011 DEBUG SQL:104 - 
    insert 
    into
        DataPoint
        (xval, yval, description, id) 
    values
        (?, ?, ?, ?)
14:11:10,012 DEBUG SQL:104 - 
    insert 
    into
        DataPoint
        (xval, yval, description, id) 
    values
        (?, ?, ?, ?)
14:11:10,012 DEBUG SQL:104 - 
    insert 
    into
        DataPoint
        (xval, yval, description, id) 
    values
        (?, ?, ?, ?)
14:11:10,012 DEBUG SQL:104 - 
    insert 
    into
        DataPoint
        (xval, yval, description, id) 
    values
        (?, ?, ?, ?)
14:11:10,012 DEBUG SQL:104 - 
    insert 
    into
        DataPoint
        (xval, yval, description, id) 
    values
        (?, ?, ?, ?)
14:11:10,025 DEBUG SQL:104 - 
    insert 
    into
        DataPoint
        (xval, yval, description, id) 
    values
        (?, ?, ?, ?)
14:11:10,025 DEBUG SQL:104 - 
    insert 
    into
        DataPoint
        (xval, yval, description, id) 
    values
        (?, ?, ?, ?)
14:11:10,025 DEBUG SQL:104 - 
    insert 
    into
        DataPoint
        (xval, yval, description, id) 
    values
        (?, ?, ?, ?)
14:11:10,025 DEBUG SQL:104 - 
    insert 
    into
        DataPoint
        (xval, yval, description, id) 
    values
        (?, ?, ?, ?)
14:11:10,026 DEBUG SQL:104 - 
    insert 
    into
        DataPoint
        (xval, yval, description, id) 
    values
        (?, ?, ?, ?)
14:11:10,026 DEBUG SQL:104 - 
    insert 
    into
        DataPoint
        (xval, yval, description, id) 
    values
        (?, ?, ?, ?)
14:11:10,051 DEBUG SQL:104 - 
    insert 
    into
        DataPoint
        (xval, yval, description, id) 
    values
        (?, ?, ?, ?)
14:11:10,051 DEBUG SQL:104 - 
    insert 
    into
        DataPoint
        (xval, yval, description, id) 
    values
        (?, ?, ?, ?)
14:11:10,051 DEBUG SQL:104 - 
    insert 
    into
        DataPoint
        (xval, yval, description, id) 
    values
        (?, ?, ?, ?)
14:11:10,051 DEBUG SQL:104 - 
    insert 
    into
        DataPoint
        (xval, yval, description, id) 
    values
        (?, ?, ?, ?)
14:11:10,052 DEBUG SQL:104 - 
    insert 
    into
        DataPoint
        (xval, yval, description, id) 
    values
        (?, ?, ?, ?)
14:11:10,060 DEBUG SQL:104 - 
    insert 
    into
        DataPoint
        (xval, yval, description, id) 
    values
        (?, ?, ?, ?)
14:11:10,060 DEBUG SQL:104 - 
    insert 
    into
        DataPoint
        (xval, yval, description, id) 
    values
        (?, ?, ?, ?)
14:11:10,060 DEBUG SQL:104 - 
    insert 
    into
        DataPoint
        (xval, yval, description, id) 
    values
        (?, ?, ?, ?)
14:11:10,060 DEBUG SQL:104 - 
    insert 
    into
        DataPoint
        (xval, yval, description, id) 
    values
        (?, ?, ?, ?)
14:11:10,069 DEBUG SQL:104 - 
    insert 
    into
        DataPoint
        (xval, yval, description, id) 
    values
        (?, ?, ?, ?)
14:11:10,069 DEBUG SQL:104 - 
    insert 
    into
        DataPoint
        (xval, yval, description, id) 
    values
        (?, ?, ?, ?)
14:11:10,070 DEBUG SQL:104 - 
    insert 
    into
        DataPoint
        (xval, yval, description, id) 
    values
        (?, ?, ?, ?)
14:11:10,070 DEBUG SQL:104 - 
    insert 
    into
        DataPoint
        (xval, yval, description, id) 
    values
        (?, ?, ?, ?)
14:11:10,079 DEBUG SQL:104 - 
    insert 
    into
        DataPoint
        (xval, yval, description, id) 
    values
        (?, ?, ?, ?)
14:11:10,079 DEBUG SQL:104 - 
    insert 
    into
        DataPoint
        (xval, yval, description, id) 
    values
        (?, ?, ?, ?)
14:11:10,079 DEBUG SQL:104 - 
    insert 
    into
        DataPoint
        (xval, yval, description, id) 
    values
        (?, ?, ?, ?)
14:11:10,079 DEBUG SQL:104 - 
    insert 
    into
        DataPoint
        (xval, yval, description, id) 
    values
        (?, ?, ?, ?)
14:11:10,079 DEBUG SQL:104 - 
    insert 
    into
        DataPoint
        (xval, yval, description, id) 
    values
        (?, ?, ?, ?)
14:11:10,088 DEBUG SQL:104 - 
    insert 
    into
        DataPoint
        (xval, yval, description, id) 
    values
        (?, ?, ?, ?)
14:11:10,089 DEBUG SQL:104 - 
    insert 
    into
        DataPoint
        (xval, yval, description, id) 
    values
        (?, ?, ?, ?)
14:11:10,089 DEBUG SQL:104 - 
    insert 
    into
        DataPoint
        (xval, yval, description, id) 
    values
        (?, ?, ?, ?)
14:11:10,089 DEBUG SQL:104 - 
    insert 
    into
        DataPoint
        (xval, yval, description, id) 
    values
        (?, ?, ?, ?)
14:11:10,110 DEBUG SQL:104 - 
    insert 
    into
        DataPoint
        (xval, yval, description, id) 
    values
        (?, ?, ?, ?)
14:11:10,110 DEBUG SQL:104 - 
    insert 
    into
        DataPoint
        (xval, yval, description, id) 
    values
        (?, ?, ?, ?)
14:11:10,111 DEBUG SQL:104 - 
    insert 
    into
        DataPoint
        (xval, yval, description, id) 
    values
        (?, ?, ?, ?)
14:11:10,111 DEBUG SQL:104 - 
    insert 
    into
        DataPoint
        (xval, yval, description, id) 
    values
        (?, ?, ?, ?)
14:11:10,111 DEBUG SQL:104 - 
    insert 
    into
        DataPoint
        (xval, yval, description, id) 
    values
        (?, ?, ?, ?)
14:11:10,111 DEBUG SQL:104 - 
    insert 
    into
        DataPoint
        (xval, yval, description, id) 
    values
        (?, ?, ?, ?)
14:11:10,111 DEBUG SQL:104 - 
    insert 
    into
        DataPoint
        (xval, yval, description, id) 
    values
        (?, ?, ?, ?)
14:11:10,111 DEBUG SQL:104 - 
    insert 
    into
        DataPoint
        (xval, yval, description, id) 
    values
        (?, ?, ?, ?)
14:11:10,112 DEBUG SQL:104 - 
    insert 
    into
        DataPoint
        (xval, yval, description, id) 
    values
        (?, ?, ?, ?)
14:11:10,112 DEBUG SQL:104 - 
    insert 
    into
        DataPoint
        (xval, yval, description, id) 
    values
        (?, ?, ?, ?)
14:11:10,112 DEBUG SQL:104 - 
    insert 
    into
        DataPoint
        (xval, yval, description, id) 
    values
        (?, ?, ?, ?)
14:11:10,112 DEBUG SQL:104 - 
    insert 
    into
        DataPoint
        (xval, yval, description, id) 
    values
        (?, ?, ?, ?)
14:11:10,112 DEBUG SQL:104 - 
    insert 
    into
        DataPoint
        (xval, yval, description, id) 
    values
        (?, ?, ?, ?)
14:11:10,113 DEBUG SQL:104 - 
    insert 
    into
        DataPoint
        (xval, yval, description, id) 
    values
        (?, ?, ?, ?)
14:11:10,113 DEBUG SQL:104 - 
    insert 
    into
        DataPoint
        (xval, yval, description, id) 
    values
        (?, ?, ?, ?)
14:11:10,124 DEBUG SQL:104 - 
    insert 
    into
        DataPoint
        (xval, yval, description, id) 
    values
        (?, ?, ?, ?)
14:11:10,125 DEBUG SQL:104 - 
    insert 
    into
        DataPoint
        (xval, yval, description, id) 
    values
        (?, ?, ?, ?)
14:11:10,125 DEBUG SQL:104 - 
    insert 
    into
        DataPoint
        (xval, yval, description, id) 
    values
        (?, ?, ?, ?)
14:11:10,125 DEBUG SQL:104 - 
    insert 
    into
        DataPoint
        (xval, yval, description, id) 
    values
        (?, ?, ?, ?)
14:11:10,125 DEBUG SQL:104 - 
    insert 
    into
        DataPoint
        (xval, yval, description, id) 
    values
        (?, ?, ?, ?)
14:11:10,136 DEBUG SQL:104 - 
    insert 
    into
        DataPoint
        (xval, yval, description, id) 
    values
        (?, ?, ?, ?)
14:11:10,137 DEBUG SQL:104 - 
    insert 
    into
        DataPoint
        (xval, yval, description, id) 
    values
        (?, ?, ?, ?)
14:11:10,137 DEBUG SQL:104 - 
    insert 
    into
        DataPoint
        (xval, yval, description, id) 
    values
        (?, ?, ?, ?)
14:11:10,137 DEBUG SQL:104 - 
    insert 
    into
        DataPoint
        (xval, yval, description, id) 
    values
        (?, ?, ?, ?)
14:11:10,147 DEBUG SQL:104 - 
    insert 
    into
        DataPoint
        (xval, yval, description, id) 
    values
        (?, ?, ?, ?)
14:11:10,147 DEBUG SQL:104 - 
    insert 
    into
        DataPoint
        (xval, yval, description, id) 
    values
        (?, ?, ?, ?)
14:11:10,147 DEBUG SQL:104 - 
    insert 
    into
        DataPoint
        (xval, yval, description, id) 
    values
        (?, ?, ?, ?)
14:11:10,147 DEBUG SQL:104 - 
    insert 
    into
        DataPoint
        (xval, yval, description, id) 
    values
        (?, ?, ?, ?)
14:11:10,147 DEBUG SQL:104 - 
    insert 
    into
        DataPoint
        (xval, yval, description, id) 
    values
        (?, ?, ?, ?)
14:11:10,147 DEBUG SQL:104 - 
    insert 
    into
        DataPoint
        (xval, yval, description, id) 
    values
        (?, ?, ?, ?)
14:11:10,148 DEBUG SQL:104 - 
    insert 
    into
        DataPoint
        (xval, yval, description, id) 
    values
        (?, ?, ?, ?)
14:11:10,168 DEBUG SQL:104 - 
    insert 
    into
        DataPoint
        (xval, yval, description, id) 
    values
        (?, ?, ?, ?)
14:11:10,168 DEBUG SQL:104 - 
    insert 
    into
        DataPoint
        (xval, yval, description, id) 
    values
        (?, ?, ?, ?)
14:11:10,168 DEBUG SQL:104 - 
    insert 
    into
        DataPoint
        (xval, yval, description, id) 
    values
        (?, ?, ?, ?)
14:11:10,169 DEBUG SQL:104 - 
    insert 
    into
        DataPoint
        (xval, yval, description, id) 
    values
        (?, ?, ?, ?)
14:11:10,180 DEBUG SQL:104 - 
    insert 
    into
        DataPoint
        (xval, yval, description, id) 
    values
        (?, ?, ?, ?)
14:11:10,181 DEBUG SQL:104 - 
    insert 
    into
        DataPoint
        (xval, yval, description, id) 
    values
        (?, ?, ?, ?)
14:11:10,181 DEBUG SQL:104 - 
    insert 
    into
        DataPoint
        (xval, yval, description, id) 
    values
        (?, ?, ?, ?)
14:11:10,181 DEBUG SQL:104 - 
    insert 
    into
        DataPoint
        (xval, yval, description, id) 
    values
        (?, ?, ?, ?)
14:11:10,190 DEBUG SQL:104 - 
    insert 
    into
        DataPoint
        (xval, yval, description, id) 
    values
        (?, ?, ?, ?)
14:11:10,190 DEBUG SQL:104 - 
    insert 
    into
        DataPoint
        (xval, yval, description, id) 
    values
        (?, ?, ?, ?)
14:11:10,190 DEBUG SQL:104 - 
    insert 
    into
        DataPoint
        (xval, yval, description, id) 
    values
        (?, ?, ?, ?)
14:11:10,190 DEBUG SQL:104 - 
    insert 
    into
        DataPoint
        (xval, yval, description, id) 
    values
        (?, ?, ?, ?)
14:11:10,190 DEBUG SQL:104 - 
    insert 
    into
        DataPoint
        (xval, yval, description, id) 
    values
        (?, ?, ?, ?)
14:11:10,200 DEBUG SQL:104 - 
    insert 
    into
        DataPoint
        (xval, yval, description, id) 
    values
        (?, ?, ?, ?)
14:11:10,200 DEBUG SQL:104 - 
    insert 
    into
        DataPoint
        (xval, yval, description, id) 
    values
        (?, ?, ?, ?)
14:11:10,200 DEBUG SQL:104 - 
    insert 
    into
        DataPoint
        (xval, yval, description, id) 
    values
        (?, ?, ?, ?)
14:11:10,201 DEBUG SQL:104 - 
    insert 
    into
        DataPoint
        (xval, yval, description, id) 
    values
        (?, ?, ?, ?)
14:11:10,211 DEBUG SQL:104 - 
    insert 
    into
        DataPoint
        (xval, yval, description, id) 
    values
        (?, ?, ?, ?)
14:11:10,211 DEBUG SQL:104 - 
    insert 
    into
        DataPoint
        (xval, yval, description, id) 
    values
        (?, ?, ?, ?)
14:11:10,212 DEBUG SQL:104 - 
    insert 
    into
        DataPoint
        (xval, yval, description, id) 
    values
        (?, ?, ?, ?)
14:11:10,212 DEBUG SQL:104 - 
    insert 
    into
        DataPoint
        (xval, yval, description, id) 
    values
        (?, ?, ?, ?)
14:11:10,221 DEBUG SQL:104 - 
    insert 
    into
        DataPoint
        (xval, yval, description, id) 
    values
        (?, ?, ?, ?)
14:11:10,222 DEBUG SQL:104 - 
    insert 
    into
        DataPoint
        (xval, yval, description, id) 
    values
        (?, ?, ?, ?)
14:11:10,222 DEBUG SQL:104 - 
    insert 
    into
        DataPoint
        (xval, yval, description, id) 
    values
        (?, ?, ?, ?)
14:11:10,222 DEBUG SQL:104 - 
    insert 
    into
        DataPoint
        (xval, yval, description, id) 
    values
        (?, ?, ?, ?)
14:11:10,222 DEBUG SQL:104 - 
    insert 
    into
        DataPoint
        (xval, yval, description, id) 
    values
        (?, ?, ?, ?)
14:11:10,232 DEBUG SQL:104 - 
    insert 
    into
        DataPoint
        (xval, yval, description, id) 
    values
        (?, ?, ?, ?)
14:11:10,232 DEBUG SQL:104 - 
    insert 
    into
        DataPoint
        (xval, yval, description, id) 
    values
        (?, ?, ?, ?)
14:11:10,232 DEBUG SQL:104 - 
    insert 
    into
        DataPoint
        (xval, yval, description, id) 
    values
        (?, ?, ?, ?)
14:11:10,233 DEBUG SQL:104 - 
    insert 
    into
        DataPoint
        (xval, yval, description, id) 
    values
        (?, ?, ?, ?)
14:11:10,242 DEBUG SQL:104 - 
    insert 
    into
        DataPoint
        (xval, yval, description, id) 
    values
        (?, ?, ?, ?)
14:11:10,243 DEBUG SQL:104 - 
    insert 
    into
        DataPoint
        (xval, yval, description, id) 
    values
        (?, ?, ?, ?)
14:11:10,243 DEBUG SQL:104 - 
    insert 
    into
        DataPoint
        (xval, yval, description, id) 
    values
        (?, ?, ?, ?)
14:11:10,243 DEBUG SQL:104 - 
    insert 
    into
        DataPoint
        (xval, yval, description, id) 
    values
        (?, ?, ?, ?)
14:11:10,252 DEBUG SQL:104 - 
    insert 
    into
        DataPoint
        (xval, yval, description, id) 
    values
        (?, ?, ?, ?)
14:11:10,253 DEBUG SQL:104 - 
    insert 
    into
        DataPoint
        (xval, yval, description, id) 
    values
        (?, ?, ?, ?)
14:11:10,253 DEBUG SQL:104 - 
    insert 
    into
        DataPoint
        (xval, yval, description, id) 
    values
        (?, ?, ?, ?)
14:11:10,253 DEBUG SQL:104 - 
    insert 
    into
        DataPoint
        (xval, yval, description, id) 
    values
        (?, ?, ?, ?)
14:11:10,253 DEBUG SQL:104 - 
    insert 
    into
        DataPoint
        (xval, yval, description, id) 
    values
        (?, ?, ?, ?)
14:11:10,253 DEBUG SQL:104 - 
    insert 
    into
        DataPoint
        (xval, yval, description, id) 
    values
        (?, ?, ?, ?)
14:11:10,253 DEBUG SQL:104 - 
    insert 
    into
        DataPoint
        (xval, yval, description, id) 
    values
        (?, ?, ?, ?)
14:11:10,254 DEBUG SQL:104 - 
    insert 
    into
        DataPoint
        (xval, yval, description, id) 
    values
        (?, ?, ?, ?)
14:11:10,254 DEBUG SQL:104 - 
    insert 
    into
        DataPoint
        (xval, yval, description, id) 
    values
        (?, ?, ?, ?)
14:11:10,267 DEBUG SQL:104 - 
    insert 
    into
        DataPoint
        (xval, yval, description, id) 
    values
        (?, ?, ?, ?)
14:11:10,267 DEBUG SQL:104 - 
    insert 
    into
        DataPoint
        (xval, yval, description, id) 
    values
        (?, ?, ?, ?)
14:11:10,268 DEBUG SQL:104 - 
    insert 
    into
        DataPoint
        (xval, yval, description, id) 
    values
        (?, ?, ?, ?)
14:11:10,268 DEBUG SQL:104 - 
    insert 
    into
        DataPoint
        (xval, yval, description, id) 
    values
        (?, ?, ?, ?)
14:11:10,277 DEBUG SQL:104 - 
    insert 
    into
        DataPoint
        (xval, yval, description, id) 
    values
        (?, ?, ?, ?)
14:11:10,278 DEBUG SQL:104 - 
    insert 
    into
        DataPoint
        (xval, yval, description, id) 
    values
        (?, ?, ?, ?)
14:11:10,278 DEBUG SQL:104 - 
    insert 
    into
        DataPoint
        (xval, yval, description, id) 
    values
        (?, ?, ?, ?)
14:11:10,278 DEBUG SQL:104 - 
    insert 
    into
        DataPoint
        (xval, yval, description, id) 
    values
        (?, ?, ?, ?)
14:11:10,278 DEBUG SQL:104 - 
    insert 
    into
        DataPoint
        (xval, yval, description, id) 
    values
        (?, ?, ?, ?)
14:11:10,278 DEBUG SQL:104 - 
    insert 
    into
        DataPoint
        (xval, yval, description, id) 
    values
        (?, ?, ?, ?)
14:11:10,279 DEBUG SQL:104 - 
    insert 
    into
        DataPoint
        (xval, yval, description, id) 
    values
        (?, ?, ?, ?)
14:11:10,302 DEBUG SQL:104 - 
    insert 
    into
        DataPoint
        (xval, yval, description, id) 
    values
        (?, ?, ?, ?)
14:11:10,302 DEBUG SQL:104 - 
    insert 
    into
        DataPoint
        (xval, yval, description, id) 
    values
        (?, ?, ?, ?)
14:11:10,302 DEBUG SQL:104 - 
    insert 
    into
        DataPoint
        (xval, yval, description, id) 
    values
        (?, ?, ?, ?)
14:11:10,302 DEBUG SQL:104 - 
    insert 
    into
        DataPoint
        (xval, yval, description, id) 
    values
        (?, ?, ?, ?)
14:11:10,311 DEBUG SQL:104 - 
    insert 
    into
        DataPoint
        (xval, yval, description, id) 
    values
        (?, ?, ?, ?)
14:11:10,312 DEBUG SQL:104 - 
    insert 
    into
        DataPoint
        (xval, yval, description, id) 
    values
        (?, ?, ?, ?)
14:11:10,312 DEBUG SQL:104 - 
    insert 
    into
        DataPoint
        (xval, yval, description, id) 
    values
        (?, ?, ?, ?)
14:11:10,312 DEBUG SQL:104 - 
    insert 
    into
        DataPoint
        (xval, yval, description, id) 
    values
        (?, ?, ?, ?)
14:11:10,312 DEBUG SQL:104 - 
    insert 
    into
        DataPoint
        (xval, yval, description, id) 
    values
        (?, ?, ?, ?)
14:11:10,322 DEBUG SQL:104 - 
    insert 
    into
        DataPoint
        (xval, yval, description, id) 
    values
        (?, ?, ?, ?)
14:11:10,323 DEBUG SQL:104 - 
    insert 
    into
        DataPoint
        (xval, yval, description, id) 
    values
        (?, ?, ?, ?)
14:11:10,323 DEBUG SQL:104 - 
    insert 
    into
        DataPoint
        (xval, yval, description, id) 
    values
        (?, ?, ?, ?)
14:11:10,324 DEBUG SQL:104 - 
    insert 
    into
        DataPoint
        (xval, yval, description, id) 
    values
        (?, ?, ?, ?)
14:11:10,333 DEBUG SQL:104 - 
    insert 
    into
        DataPoint
        (xval, yval, description, id) 
    values
        (?, ?, ?, ?)
14:11:10,333 DEBUG SQL:104 - 
    insert 
    into
        DataPoint
        (xval, yval, description, id) 
    values
        (?, ?, ?, ?)
14:11:10,333 DEBUG SQL:104 - 
    insert 
    into
        DataPoint
        (xval, yval, description, id) 
    values
        (?, ?, ?, ?)
14:11:10,333 DEBUG SQL:104 - 
    insert 
    into
        DataPoint
        (xval, yval, description, id) 
    values
        (?, ?, ?, ?)
14:11:10,343 DEBUG SQL:104 - 
    insert 
    into
        DataPoint
        (xval, yval, description, id) 
    values
        (?, ?, ?, ?)
14:11:10,343 DEBUG SQL:104 - 
    insert 
    into
        DataPoint
        (xval, yval, description, id) 
    values
        (?, ?, ?, ?)
14:11:10,344 DEBUG SQL:104 - 
    insert 
    into
        DataPoint
        (xval, yval, description, id) 
    values
        (?, ?, ?, ?)
14:11:10,344 DEBUG SQL:104 - 
    insert 
    into
        DataPoint
        (xval, yval, description, id) 
    values
        (?, ?, ?, ?)
14:11:10,344 DEBUG SQL:104 - 
    insert 
    into
        DataPoint
        (xval, yval, description, id) 
    values
        (?, ?, ?, ?)
14:11:10,354 DEBUG SQL:104 - 
    insert 
    into
        DataPoint
        (xval, yval, description, id) 
    values
        (?, ?, ?, ?)
14:11:10,354 DEBUG SQL:104 - 
    insert 
    into
        DataPoint
        (xval, yval, description, id) 
    values
        (?, ?, ?, ?)
14:11:10,354 DEBUG SQL:104 - 
    insert 
    into
        DataPoint
        (xval, yval, description, id) 
    values
        (?, ?, ?, ?)
14:11:10,354 DEBUG SQL:104 - 
    insert 
    into
        DataPoint
        (xval, yval, description, id) 
    values
        (?, ?, ?, ?)
14:11:10,364 DEBUG SQL:104 - 
    insert 
    into
        DataPoint
        (xval, yval, description, id) 
    values
        (?, ?, ?, ?)
14:11:10,365 DEBUG SQL:104 - 
    insert 
    into
        DataPoint
        (xval, yval, description, id) 
    values
        (?, ?, ?, ?)
14:11:10,365 DEBUG SQL:104 - 
    insert 
    into
        DataPoint
        (xval, yval, description, id) 
    values
        (?, ?, ?, ?)
14:11:10,365 DEBUG SQL:104 - 
    insert 
    into
        DataPoint
        (xval, yval, description, id) 
    values
        (?, ?, ?, ?)
14:11:10,365 DEBUG SQL:104 - 
    insert 
    into
        DataPoint
        (xval, yval, description, id) 
    values
        (?, ?, ?, ?)
14:11:10,376 DEBUG SQL:104 - 
    insert 
    into
        DataPoint
        (xval, yval, description, id) 
    values
        (?, ?, ?, ?)
14:11:10,376 DEBUG SQL:104 - 
    insert 
    into
        DataPoint
        (xval, yval, description, id) 
    values
        (?, ?, ?, ?)
14:11:10,376 DEBUG SQL:104 - 
    insert 
    into
        DataPoint
        (xval, yval, description, id) 
    values
        (?, ?, ?, ?)
14:11:10,376 DEBUG SQL:104 - 
    insert 
    into
        DataPoint
        (xval, yval, description, id) 
    values
        (?, ?, ?, ?)
14:11:10,387 DEBUG SQL:104 - 
    insert 
    into
        DataPoint
        (xval, yval, description, id) 
    values
        (?, ?, ?, ?)
14:11:10,387 DEBUG SQL:104 - 
    insert 
    into
        DataPoint
        (xval, yval, description, id) 
    values
        (?, ?, ?, ?)
14:11:10,387 DEBUG SQL:104 - 
    insert 
    into
        DataPoint
        (xval, yval, description, id) 
    values
        (?, ?, ?, ?)
14:11:10,387 DEBUG SQL:104 - 
    insert 
    into
        DataPoint
        (xval, yval, description, id) 
    values
        (?, ?, ?, ?)
14:11:10,387 DEBUG SQL:104 - 
    insert 
    into
        DataPoint
        (xval, yval, description, id) 
    values
        (?, ?, ?, ?)
14:11:10,387 DEBUG SQL:104 - 
    insert 
    into
        DataPoint
        (xval, yval, description, id) 
    values
        (?, ?, ?, ?)
14:11:10,388 DEBUG SQL:104 - 
    insert 
    into
        DataPoint
        (xval, yval, description, id) 
    values
        (?, ?, ?, ?)
14:11:10,388 DEBUG SQL:104 - 
    insert 
    into
        DataPoint
        (xval, yval, description, id) 
    values
        (?, ?, ?, ?)
14:11:10,388 DEBUG SQL:104 - 
    insert 
    into
        DataPoint
        (xval, yval, description, id) 
    values
        (?, ?, ?, ?)
14:11:10,403 DEBUG SQL:104 - 
    insert 
    into
        DataPoint
        (xval, yval, description, id) 
    values
        (?, ?, ?, ?)
14:11:10,403 DEBUG SQL:104 - 
    insert 
    into
        DataPoint
        (xval, yval, description, id) 
    values
        (?, ?, ?, ?)
14:11:10,403 DEBUG SQL:104 - 
    insert 
    into
        DataPoint
        (xval, yval, description, id) 
    values
        (?, ?, ?, ?)
14:11:10,404 DEBUG SQL:104 - 
    insert 
    into
        DataPoint
        (xval, yval, description, id) 
    values
        (?, ?, ?, ?)
14:11:10,412 DEBUG SQL:104 - 
    insert 
    into
        DataPoint
        (xval, yval, description, id) 
    values
        (?, ?, ?, ?)
14:11:10,412 DEBUG SQL:104 - 
    insert 
    into
        DataPoint
        (xval, yval, description, id) 
    values
        (?, ?, ?, ?)
14:11:10,412 DEBUG SQL:104 - 
    insert 
    into
        DataPoint
        (xval, yval, description, id) 
    values
        (?, ?, ?, ?)
14:11:10,413 DEBUG SQL:104 - 
    insert 
    into
        DataPoint
        (xval, yval, description, id) 
    values
        (?, ?, ?, ?)
14:11:10,413 DEBUG SQL:104 - 
    insert 
    into
        DataPoint
        (xval, yval, description, id) 
    values
        (?, ?, ?, ?)
14:11:10,413 DEBUG SQL:104 - 
    insert 
    into
        DataPoint
        (xval, yval, description, id) 
    values
        (?, ?, ?, ?)
14:11:10,413 DEBUG SQL:104 - 
    insert 
    into
        DataPoint
        (xval, yval, description, id) 
    values
        (?, ?, ?, ?)
14:11:10,435 DEBUG SQL:104 - 
    insert 
    into
        DataPoint
        (xval, yval, description, id) 
    values
        (?, ?, ?, ?)
14:11:10,435 DEBUG SQL:104 - 
    insert 
    into
        DataPoint
        (xval, yval, description, id) 
    values
        (?, ?, ?, ?)
14:11:10,435 DEBUG SQL:104 - 
    insert 
    into
        DataPoint
        (xval, yval, description, id) 
    values
        (?, ?, ?, ?)
14:11:10,436 DEBUG SQL:104 - 
    insert 
    into
        DataPoint
        (xval, yval, description, id) 
    values
        (?, ?, ?, ?)
14:11:10,445 DEBUG SQL:104 - 
    insert 
    into
        DataPoint
        (xval, yval, description, id) 
    values
        (?, ?, ?, ?)
14:11:10,446 DEBUG SQL:104 - 
    insert 
    into
        DataPoint
        (xval, yval, description, id) 
    values
        (?, ?, ?, ?)
14:11:10,446 DEBUG SQL:104 - 
    insert 
    into
        DataPoint
        (xval, yval, description, id) 
    values
        (?, ?, ?, ?)
14:11:10,446 DEBUG SQL:104 - 
    insert 
    into
        DataPoint
        (xval, yval, description, id) 
    values
        (?, ?, ?, ?)
14:11:10,455 DEBUG SQL:104 - 
    insert 
    into
        DataPoint
        (xval, yval, description, id) 
    values
        (?, ?, ?, ?)
14:11:10,455 DEBUG SQL:104 - 
    insert 
    into
        DataPoint
        (xval, yval, description, id) 
    values
        (?, ?, ?, ?)
14:11:10,456 DEBUG SQL:104 - 
    insert 
    into
        DataPoint
        (xval, yval, description, id) 
    values
        (?, ?, ?, ?)
14:11:10,456 DEBUG SQL:104 - 
    insert 
    into
        DataPoint
        (xval, yval, description, id) 
    values
        (?, ?, ?, ?)
14:11:10,456 DEBUG SQL:104 - 
    insert 
    into
        DataPoint
        (xval, yval, description, id) 
    values
        (?, ?, ?, ?)
14:11:10,465 DEBUG SQL:104 - 
    insert 
    into
        DataPoint
        (xval, yval, description, id) 
    values
        (?, ?, ?, ?)
14:11:10,465 DEBUG SQL:104 - 
    insert 
    into
        DataPoint
        (xval, yval, description, id) 
    values
        (?, ?, ?, ?)
14:11:10,465 DEBUG SQL:104 - 
    insert 
    into
        DataPoint
        (xval, yval, description, id) 
    values
        (?, ?, ?, ?)
14:11:10,466 DEBUG SQL:104 - 
    insert 
    into
        DataPoint
        (xval, yval, description, id) 
    values
        (?, ?, ?, ?)
14:11:10,475 DEBUG SQL:104 - 
    insert 
    into
        DataPoint
        (xval, yval, description, id) 
    values
        (?, ?, ?, ?)
14:11:10,475 DEBUG SQL:104 - 
    insert 
    into
        DataPoint
        (xval, yval, description, id) 
    values
        (?, ?, ?, ?)
14:11:10,475 DEBUG SQL:104 - 
    insert 
    into
        DataPoint
        (xval, yval, description, id) 
    values
        (?, ?, ?, ?)
14:11:10,475 DEBUG SQL:104 - 
    insert 
    into
        DataPoint
        (xval, yval, description, id) 
    values
        (?, ?, ?, ?)
14:11:10,484 DEBUG SQL:104 - 
    insert 
    into
        DataPoint
        (xval, yval, description, id) 
    values
        (?, ?, ?, ?)
14:11:10,484 DEBUG SQL:104 - 
    insert 
    into
        DataPoint
        (xval, yval, description, id) 
    values
        (?, ?, ?, ?)
14:11:10,484 DEBUG SQL:104 - 
    insert 
    into
        DataPoint
        (xval, yval, description, id) 
    values
        (?, ?, ?, ?)
14:11:10,485 DEBUG SQL:104 - 
    insert 
    into
        DataPoint
        (xval, yval, description, id) 
    values
        (?, ?, ?, ?)
14:11:10,485 DEBUG SQL:104 - 
    insert 
    into
        DataPoint
        (xval, yval, description, id) 
    values
        (?, ?, ?, ?)
14:11:10,494 DEBUG SQL:104 - 
    insert 
    into
        DataPoint
        (xval, yval, description, id) 
    values
        (?, ?, ?, ?)
14:11:10,495 DEBUG SQL:104 - 
    insert 
    into
        DataPoint
        (xval, yval, description, id) 
    values
        (?, ?, ?, ?)
14:11:10,495 DEBUG SQL:104 - 
    insert 
    into
        DataPoint
        (xval, yval, description, id) 
    values
        (?, ?, ?, ?)
14:11:10,495 DEBUG SQL:104 - 
    insert 
    into
        DataPoint
        (xval, yval, description, id) 
    values
        (?, ?, ?, ?)
14:11:10,504 DEBUG SQL:104 - 
    insert 
    into
        DataPoint
        (xval, yval, description, id) 
    values
        (?, ?, ?, ?)
14:11:10,505 DEBUG SQL:104 - 
    insert 
    into
        DataPoint
        (xval, yval, description, id) 
    values
        (?, ?, ?, ?)
14:11:10,505 DEBUG SQL:104 - 
    insert 
    into
        DataPoint
        (xval, yval, description, id) 
    values
        (?, ?, ?, ?)
14:11:10,505 DEBUG SQL:104 - 
    insert 
    into
        DataPoint
        (xval, yval, description, id) 
    values
        (?, ?, ?, ?)
14:11:10,505 DEBUG SQL:104 - 
    insert 
    into
        DataPoint
        (xval, yval, description, id) 
    values
        (?, ?, ?, ?)
14:11:10,505 DEBUG SQL:104 - 
    insert 
    into
        DataPoint
        (xval, yval, description, id) 
    values
        (?, ?, ?, ?)
14:11:10,506 DEBUG SQL:104 - 
    insert 
    into
        DataPoint
        (xval, yval, description, id) 
    values
        (?, ?, ?, ?)
14:11:10,506 DEBUG SQL:104 - 
    insert 
    into
        DataPoint
        (xval, yval, description, id) 
    values
        (?, ?, ?, ?)
14:11:10,506 DEBUG SQL:104 - 
    insert 
    into
        DataPoint
        (xval, yval, description, id) 
    values
        (?, ?, ?, ?)
14:11:10,506 DEBUG SQL:104 - 
    insert 
    into
        DataPoint
        (xval, yval, description, id) 
    values
        (?, ?, ?, ?)
14:11:10,507 DEBUG SQL:104 - 
    insert 
    into
        DataPoint
        (xval, yval, description, id) 
    values
        (?, ?, ?, ?)
14:11:10,518 DEBUG SQL:104 - 
    insert 
    into
        DataPoint
        (xval, yval, description, id) 
    values
        (?, ?, ?, ?)
14:11:10,518 DEBUG SQL:104 - 
    insert 
    into
        DataPoint
        (xval, yval, description, id) 
    values
        (?, ?, ?, ?)
14:11:10,518 DEBUG SQL:104 - 
    insert 
    into
        DataPoint
        (xval, yval, description, id) 
    values
        (?, ?, ?, ?)
14:11:10,519 DEBUG SQL:104 - 
    insert 
    into
        DataPoint
        (xval, yval, description, id) 
    values
        (?, ?, ?, ?)
14:11:10,532 DEBUG SQL:104 - 
    insert 
    into
        DataPoint
        (xval, yval, description, id) 
    values
        (?, ?, ?, ?)
14:11:10,532 DEBUG SQL:104 - 
    insert 
    into
        DataPoint
        (xval, yval, description, id) 
    values
        (?, ?, ?, ?)
14:11:10,532 DEBUG SQL:104 - 
    insert 
    into
        DataPoint
        (xval, yval, description, id) 
    values
        (?, ?, ?, ?)
14:11:10,532 DEBUG SQL:104 - 
    insert 
    into
        DataPoint
        (xval, yval, description, id) 
    values
        (?, ?, ?, ?)
14:11:10,541 DEBUG SQL:104 - 
    insert 
    into
        DataPoint
        (xval, yval, description, id) 
    values
        (?, ?, ?, ?)
14:11:10,541 DEBUG SQL:104 - 
    insert 
    into
        DataPoint
        (xval, yval, description, id) 
    values
        (?, ?, ?, ?)
14:11:10,542 DEBUG SQL:104 - 
    insert 
    into
        DataPoint
        (xval, yval, description, id) 
    values
        (?, ?, ?, ?)
14:11:10,542 DEBUG SQL:104 - 
    insert 
    into
        DataPoint
        (xval, yval, description, id) 
    values
        (?, ?, ?, ?)
14:11:10,542 DEBUG SQL:104 - 
    insert 
    into
        DataPoint
        (xval, yval, description, id) 
    values
        (?, ?, ?, ?)
14:11:10,542 DEBUG SQL:104 - 
    insert 
    into
        DataPoint
        (xval, yval, description, id) 
    values
        (?, ?, ?, ?)
14:11:10,542 DEBUG SQL:104 - 
    insert 
    into
        DataPoint
        (xval, yval, description, id) 
    values
        (?, ?, ?, ?)
14:11:10,565 DEBUG SQL:104 - 
    insert 
    into
        DataPoint
        (xval, yval, description, id) 
    values
        (?, ?, ?, ?)
14:11:10,566 DEBUG SQL:104 - 
    insert 
    into
        DataPoint
        (xval, yval, description, id) 
    values
        (?, ?, ?, ?)
14:11:10,566 DEBUG SQL:104 - 
    insert 
    into
        DataPoint
        (xval, yval, description, id) 
    values
        (?, ?, ?, ?)
14:11:10,566 DEBUG SQL:104 - 
    insert 
    into
        DataPoint
        (xval, yval, description, id) 
    values
        (?, ?, ?, ?)
14:11:10,576 DEBUG SQL:104 - 
    insert 
    into
        DataPoint
        (xval, yval, description, id) 
    values
        (?, ?, ?, ?)
14:11:10,576 DEBUG SQL:104 - 
    insert 
    into
        DataPoint
        (xval, yval, description, id) 
    values
        (?, ?, ?, ?)
14:11:10,576 DEBUG SQL:104 - 
    insert 
    into
        DataPoint
        (xval, yval, description, id) 
    values
        (?, ?, ?, ?)
14:11:10,576 DEBUG SQL:104 - 
    insert 
    into
        DataPoint
        (xval, yval, description, id) 
    values
        (?, ?, ?, ?)
14:11:10,576 DEBUG SQL:104 - 
    insert 
    into
        DataPoint
        (xval, yval, description, id) 
    values
        (?, ?, ?, ?)
14:11:10,585 DEBUG SQL:104 - 
    insert 
    into
        DataPoint
        (xval, yval, description, id) 
    values
        (?, ?, ?, ?)
14:11:10,586 DEBUG SQL:104 - 
    insert 
    into
        DataPoint
        (xval, yval, description, id) 
    values
        (?, ?, ?, ?)
14:11:10,586 DEBUG SQL:104 - 
    insert 
    into
        DataPoint
        (xval, yval, description, id) 
    values
        (?, ?, ?, ?)
14:11:10,586 DEBUG SQL:104 - 
    insert 
    into
        DataPoint
        (xval, yval, description, id) 
    values
        (?, ?, ?, ?)
14:11:10,596 DEBUG SQL:104 - 
    insert 
    into
        DataPoint
        (xval, yval, description, id) 
    values
        (?, ?, ?, ?)
14:11:10,596 DEBUG SQL:104 - 
    insert 
    into
        DataPoint
        (xval, yval, description, id) 
    values
        (?, ?, ?, ?)
14:11:10,596 DEBUG SQL:104 - 
    insert 
    into
        DataPoint
        (xval, yval, description, id) 
    values
        (?, ?, ?, ?)
14:11:10,597 DEBUG SQL:104 - 
    insert 
    into
        DataPoint
        (xval, yval, description, id) 
    values
        (?, ?, ?, ?)
14:11:10,606 DEBUG SQL:104 - 
    insert 
    into
        DataPoint
        (xval, yval, description, id) 
    values
        (?, ?, ?, ?)
14:11:10,606 DEBUG SQL:104 - 
    insert 
    into
        DataPoint
        (xval, yval, description, id) 
    values
        (?, ?, ?, ?)
14:11:10,607 DEBUG SQL:104 - 
    insert 
    into
        DataPoint
        (xval, yval, description, id) 
    values
        (?, ?, ?, ?)
14:11:10,607 DEBUG SQL:104 - 
    insert 
    into
        DataPoint
        (xval, yval, description, id) 
    values
        (?, ?, ?, ?)
14:11:10,607 DEBUG SQL:104 - 
    insert 
    into
        DataPoint
        (xval, yval, description, id) 
    values
        (?, ?, ?, ?)
14:11:10,616 DEBUG SQL:104 - 
    insert 
    into
        DataPoint
        (xval, yval, description, id) 
    values
        (?, ?, ?, ?)
14:11:10,616 DEBUG SQL:104 - 
    insert 
    into
        DataPoint
        (xval, yval, description, id) 
    values
        (?, ?, ?, ?)
14:11:10,616 DEBUG SQL:104 - 
    insert 
    into
        DataPoint
        (xval, yval, description, id) 
    values
        (?, ?, ?, ?)
14:11:10,616 DEBUG SQL:104 - 
    insert 
    into
        DataPoint
        (xval, yval, description, id) 
    values
        (?, ?, ?, ?)
14:11:10,626 DEBUG SQL:104 - 
    insert 
    into
        DataPoint
        (xval, yval, description, id) 
    values
        (?, ?, ?, ?)
14:11:10,626 DEBUG SQL:104 - 
    insert 
    into
        DataPoint
        (xval, yval, description, id) 
    values
        (?, ?, ?, ?)
14:11:10,626 DEBUG SQL:104 - 
    insert 
    into
        DataPoint
        (xval, yval, description, id) 
    values
        (?, ?, ?, ?)
14:11:10,626 DEBUG SQL:104 - 
    insert 
    into
        DataPoint
        (xval, yval, description, id) 
    values
        (?, ?, ?, ?)
14:11:10,637 DEBUG SQL:104 - 
    insert 
    into
        DataPoint
        (xval, yval, description, id) 
    values
        (?, ?, ?, ?)
14:11:10,637 DEBUG SQL:104 - 
    insert 
    into
        DataPoint
        (xval, yval, description, id) 
    values
        (?, ?, ?, ?)
14:11:10,637 DEBUG SQL:104 - 
    insert 
    into
        DataPoint
        (xval, yval, description, id) 
    values
        (?, ?, ?, ?)
14:11:10,638 DEBUG SQL:104 - 
    insert 
    into
        DataPoint
        (xval, yval, description, id) 
    values
        (?, ?, ?, ?)
14:11:10,638 DEBUG SQL:104 - 
    insert 
    into
        DataPoint
        (xval, yval, description, id) 
    values
        (?, ?, ?, ?)
14:11:10,646 DEBUG SQL:104 - 
    insert 
    into
        DataPoint
        (xval, yval, description, id) 
    values
        (?, ?, ?, ?)
14:11:10,647 DEBUG SQL:104 - 
    insert 
    into
        DataPoint
        (xval, yval, description, id) 
    values
        (?, ?, ?, ?)
14:11:10,647 DEBUG SQL:104 - 
    insert 
    into
        DataPoint
        (xval, yval, description, id) 
    values
        (?, ?, ?, ?)
14:11:10,647 DEBUG SQL:104 - 
    insert 
    into
        DataPoint
        (xval, yval, description, id) 
    values
        (?, ?, ?, ?)
14:11:10,647 DEBUG SQL:104 - 
    insert 
    into
        DataPoint
        (xval, yval, description, id) 
    values
        (?, ?, ?, ?)
14:11:10,648 DEBUG SQL:104 - 
    insert 
    into
        DataPoint
        (xval, yval, description, id) 
    values
        (?, ?, ?, ?)
14:11:10,648 DEBUG SQL:104 - 
    insert 
    into
        DataPoint
        (xval, yval, description, id) 
    values
        (?, ?, ?, ?)
14:11:10,648 DEBUG SQL:104 - 
    insert 
    into
        DataPoint
        (xval, yval, description, id) 
    values
        (?, ?, ?, ?)
14:11:10,648 DEBUG SQL:104 - 
    insert 
    into
        DataPoint
        (xval, yval, description, id) 
    values
        (?, ?, ?, ?)
14:11:10,668 DEBUG SQL:104 - 
    insert 
    into
        DataPoint
        (xval, yval, description, id) 
    values
        (?, ?, ?, ?)
14:11:10,668 DEBUG SQL:104 - 
    insert 
    into
        DataPoint
        (xval, yval, description, id) 
    values
        (?, ?, ?, ?)
14:11:10,668 DEBUG SQL:104 - 
    insert 
    into
        DataPoint
        (xval, yval, description, id) 
    values
        (?, ?, ?, ?)
14:11:10,669 DEBUG SQL:104 - 
    insert 
    into
        DataPoint
        (xval, yval, description, id) 
    values
        (?, ?, ?, ?)
14:11:10,672 DEBUG SQL:104 - 
    insert 
    into
        DataPoint
        (xval, yval, description, id) 
    values
        (?, ?, ?, ?)
14:11:10,672 DEBUG SQL:104 - 
    insert 
    into
        DataPoint
        (xval, yval, description, id) 
    values
        (?, ?, ?, ?)
14:11:10,672 DEBUG SQL:104 - 
    insert 
    into
        DataPoint
        (xval, yval, description, id) 
    values
        (?, ?, ?, ?)
14:11:10,673 DEBUG SQL:104 - 
    insert 
    into
        DataPoint
        (xval, yval, description, id) 
    values
        (?, ?, ?, ?)
14:11:10,673 DEBUG SQL:104 - 
    insert 
    into
        DataPoint
        (xval, yval, description, id) 
    values
        (?, ?, ?, ?)
14:11:10,673 DEBUG SQL:104 - 
    insert 
    into
        DataPoint
        (xval, yval, description, id) 
    values
        (?, ?, ?, ?)
14:11:10,695 DEBUG SQL:104 - 
    insert 
    into
        DataPoint
        (xval, yval, description, id) 
    values
        (?, ?, ?, ?)
14:11:10,695 DEBUG SQL:104 - 
    insert 
    into
        DataPoint
        (xval, yval, description, id) 
    values
        (?, ?, ?, ?)
14:11:10,696 DEBUG SQL:104 - 
    insert 
    into
        DataPoint
        (xval, yval, description, id) 
    values
        (?, ?, ?, ?)
14:11:10,696 DEBUG SQL:104 - 
    insert 
    into
        DataPoint
        (xval, yval, description, id) 
    values
        (?, ?, ?, ?)
14:11:10,696 DEBUG SQL:104 - 
    insert 
    into
        DataPoint
        (xval, yval, description, id) 
    values
        (?, ?, ?, ?)
14:11:10,705 DEBUG SQL:104 - 
    insert 
    into
        DataPoint
        (xval, yval, description, id) 
    values
        (?, ?, ?, ?)
14:11:10,706 DEBUG SQL:104 - 
    insert 
    into
        DataPoint
        (xval, yval, description, id) 
    values
        (?, ?, ?, ?)
14:11:10,706 DEBUG SQL:104 - 
    insert 
    into
        DataPoint
        (xval, yval, description, id) 
    values
        (?, ?, ?, ?)
14:11:10,706 DEBUG SQL:104 - 
    insert 
    into
        DataPoint
        (xval, yval, description, id) 
    values
        (?, ?, ?, ?)
14:11:10,716 DEBUG SQL:104 - 
    insert 
    into
        DataPoint
        (xval, yval, description, id) 
    values
        (?, ?, ?, ?)
14:11:10,716 DEBUG SQL:104 - 
    insert 
    into
        DataPoint
        (xval, yval, description, id) 
    values
        (?, ?, ?, ?)
14:11:10,716 DEBUG SQL:104 - 
    insert 
    into
        DataPoint
        (xval, yval, description, id) 
    values
        (?, ?, ?, ?)
14:11:10,716 DEBUG SQL:104 - 
    insert 
    into
        DataPoint
        (xval, yval, description, id) 
    values
        (?, ?, ?, ?)
14:11:10,717 DEBUG SQL:104 - 
    insert 
    into
        DataPoint
        (xval, yval, description, id) 
    values
        (?, ?, ?, ?)
14:11:10,725 DEBUG SQL:104 - 
    insert 
    into
        DataPoint
        (xval, yval, description, id) 
    values
        (?, ?, ?, ?)
14:11:10,725 DEBUG SQL:104 - 
    insert 
    into
        DataPoint
        (xval, yval, description, id) 
    values
        (?, ?, ?, ?)
14:11:10,726 DEBUG SQL:104 - 
    insert 
    into
        DataPoint
        (xval, yval, description, id) 
    values
        (?, ?, ?, ?)
14:11:10,726 DEBUG SQL:104 - 
    insert 
    into
        DataPoint
        (xval, yval, description, id) 
    values
        (?, ?, ?, ?)
14:11:10,736 DEBUG SQL:104 - 
    insert 
    into
        DataPoint
        (xval, yval, description, id) 
    values
        (?, ?, ?, ?)
14:11:10,737 DEBUG SQL:104 - 
    insert 
    into
        DataPoint
        (xval, yval, description, id) 
    values
        (?, ?, ?, ?)
14:11:10,737 DEBUG SQL:104 - 
    insert 
    into
        DataPoint
        (xval, yval, description, id) 
    values
        (?, ?, ?, ?)
14:11:10,737 DEBUG SQL:104 - 
    insert 
    into
        DataPoint
        (xval, yval, description, id) 
    values
        (?, ?, ?, ?)
14:11:10,747 DEBUG SQL:104 - 
    insert 
    into
        DataPoint
        (xval, yval, description, id) 
    values
        (?, ?, ?, ?)
14:11:10,747 DEBUG SQL:104 - 
    insert 
    into
        DataPoint
        (xval, yval, description, id) 
    values
        (?, ?, ?, ?)
14:11:10,747 DEBUG SQL:104 - 
    insert 
    into
        DataPoint
        (xval, yval, description, id) 
    values
        (?, ?, ?, ?)
14:11:10,747 DEBUG SQL:104 - 
    insert 
    into
        DataPoint
        (xval, yval, description, id) 
    values
        (?, ?, ?, ?)
14:11:10,748 DEBUG SQL:104 - 
    insert 
    into
        DataPoint
        (xval, yval, description, id) 
    values
        (?, ?, ?, ?)
14:11:10,757 DEBUG SQL:104 - 
    insert 
    into
        DataPoint
        (xval, yval, description, id) 
    values
        (?, ?, ?, ?)
14:11:10,757 DEBUG SQL:104 - 
    insert 
    into
        DataPoint
        (xval, yval, description, id) 
    values
        (?, ?, ?, ?)
14:11:10,757 DEBUG SQL:104 - 
    insert 
    into
        DataPoint
        (xval, yval, description, id) 
    values
        (?, ?, ?, ?)
14:11:10,757 DEBUG SQL:104 - 
    insert 
    into
        DataPoint
        (xval, yval, description, id) 
    values
        (?, ?, ?, ?)
14:11:10,769 DEBUG SQL:104 - 
    insert 
    into
        DataPoint
        (xval, yval, description, id) 
    values
        (?, ?, ?, ?)
14:11:10,769 DEBUG SQL:104 - 
    insert 
    into
        DataPoint
        (xval, yval, description, id) 
    values
        (?, ?, ?, ?)
14:11:10,769 DEBUG SQL:104 - 
    insert 
    into
        DataPoint
        (xval, yval, description, id) 
    values
        (?, ?, ?, ?)
14:11:10,769 DEBUG SQL:104 - 
    insert 
    into
        DataPoint
        (xval, yval, description, id) 
    values
        (?, ?, ?, ?)
14:11:10,779 DEBUG SQL:104 - 
    insert 
    into
        DataPoint
        (xval, yval, description, id) 
    values
        (?, ?, ?, ?)
14:11:10,780 DEBUG SQL:104 - 
    insert 
    into
        DataPoint
        (xval, yval, description, id) 
    values
        (?, ?, ?, ?)
14:11:10,780 DEBUG SQL:104 - 
    insert 
    into
        DataPoint
        (xval, yval, description, id) 
    values
        (?, ?, ?, ?)
14:11:10,780 DEBUG SQL:104 - 
    insert 
    into
        DataPoint
        (xval, yval, description, id) 
    values
        (?, ?, ?, ?)
14:11:10,780 DEBUG SQL:104 - 
    insert 
    into
        DataPoint
        (xval, yval, description, id) 
    values
        (?, ?, ?, ?)
14:11:10,780 DEBUG SQL:104 - 
    insert 
    into
        DataPoint
        (xval, yval, description, id) 
    values
        (?, ?, ?, ?)
14:11:10,780 DEBUG SQL:104 - 
    insert 
    into
        DataPoint
        (xval, yval, description, id) 
    values
        (?, ?, ?, ?)
14:11:10,781 DEBUG SQL:104 - 
    insert 
    into
        DataPoint
        (xval, yval, description, id) 
    values
        (?, ?, ?, ?)
14:11:10,781 DEBUG SQL:104 - 
    insert 
    into
        DataPoint
        (xval, yval, description, id) 
    values
        (?, ?, ?, ?)
14:11:10,791 DEBUG SQL:104 - 
    insert 
    into
        DataPoint
        (xval, yval, description, id) 
    values
        (?, ?, ?, ?)
14:11:10,792 DEBUG SQL:104 - 
    insert 
    into
        DataPoint
        (xval, yval, description, id) 
    values
        (?, ?, ?, ?)
14:11:10,792 DEBUG SQL:104 - 
    insert 
    into
        DataPoint
        (xval, yval, description, id) 
    values
        (?, ?, ?, ?)
14:11:10,792 DEBUG SQL:104 - 
    insert 
    into
        DataPoint
        (xval, yval, description, id) 
    values
        (?, ?, ?, ?)
14:11:10,802 DEBUG SQL:104 - 
    insert 
    into
        DataPoint
        (xval, yval, description, id) 
    values
        (?, ?, ?, ?)
14:11:10,803 DEBUG SQL:104 - 
    insert 
    into
        DataPoint
        (xval, yval, description, id) 
    values
        (?, ?, ?, ?)
14:11:10,803 DEBUG SQL:104 - 
    insert 
    into
        DataPoint
        (xval, yval, description, id) 
    values
        (?, ?, ?, ?)
14:11:10,803 DEBUG SQL:104 - 
    insert 
    into
        DataPoint
        (xval, yval, description, id) 
    values
        (?, ?, ?, ?)
14:11:10,803 DEBUG SQL:104 - 
    insert 
    into
        DataPoint
        (xval, yval, description, id) 
    values
        (?, ?, ?, ?)
14:11:10,803 DEBUG SQL:104 - 
    insert 
    into
        DataPoint
        (xval, yval, description, id) 
    values
        (?, ?, ?, ?)
14:11:10,803 DEBUG SQL:104 - 
    insert 
    into
        DataPoint
        (xval, yval, description, id) 
    values
        (?, ?, ?, ?)
14:11:10,826 DEBUG SQL:104 - 
    insert 
    into
        DataPoint
        (xval, yval, description, id) 
    values
        (?, ?, ?, ?)
14:11:10,826 DEBUG SQL:104 - 
    insert 
    into
        DataPoint
        (xval, yval, description, id) 
    values
        (?, ?, ?, ?)
14:11:10,826 DEBUG SQL:104 - 
    insert 
    into
        DataPoint
        (xval, yval, description, id) 
    values
        (?, ?, ?, ?)
14:11:10,826 DEBUG SQL:104 - 
    insert 
    into
        DataPoint
        (xval, yval, description, id) 
    values
        (?, ?, ?, ?)
14:11:10,836 DEBUG SQL:104 - 
    insert 
    into
        DataPoint
        (xval, yval, description, id) 
    values
        (?, ?, ?, ?)
14:11:10,837 DEBUG SQL:104 - 
    insert 
    into
        DataPoint
        (xval, yval, description, id) 
    values
        (?, ?, ?, ?)
14:11:10,837 DEBUG SQL:104 - 
    insert 
    into
        DataPoint
        (xval, yval, description, id) 
    values
        (?, ?, ?, ?)
14:11:10,837 DEBUG SQL:104 - 
    insert 
    into
        DataPoint
        (xval, yval, description, id) 
    values
        (?, ?, ?, ?)
14:11:10,837 DEBUG SQL:104 - 
    insert 
    into
        DataPoint
        (xval, yval, description, id) 
    values
        (?, ?, ?, ?)
14:11:10,846 DEBUG SQL:104 - 
    insert 
    into
        DataPoint
        (xval, yval, description, id) 
    values
        (?, ?, ?, ?)
14:11:10,847 DEBUG SQL:104 - 
    insert 
    into
        DataPoint
        (xval, yval, description, id) 
    values
        (?, ?, ?, ?)
14:11:10,847 DEBUG SQL:104 - 
    insert 
    into
        DataPoint
        (xval, yval, description, id) 
    values
        (?, ?, ?, ?)
14:11:10,848 DEBUG SQL:104 - 
    insert 
    into
        DataPoint
        (xval, yval, description, id) 
    values
        (?, ?, ?, ?)
14:11:10,858 DEBUG SQL:104 - 
    insert 
    into
        DataPoint
        (xval, yval, description, id) 
    values
        (?, ?, ?, ?)
14:11:10,858 DEBUG SQL:104 - 
    insert 
    into
        DataPoint
        (xval, yval, description, id) 
    values
        (?, ?, ?, ?)
14:11:10,858 DEBUG SQL:104 - 
    insert 
    into
        DataPoint
        (xval, yval, description, id) 
    values
        (?, ?, ?, ?)
14:11:10,858 DEBUG SQL:104 - 
    insert 
    into
        DataPoint
        (xval, yval, description, id) 
    values
        (?, ?, ?, ?)
14:11:10,867 DEBUG SQL:104 - 
    insert 
    into
        DataPoint
        (xval, yval, description, id) 
    values
        (?, ?, ?, ?)
14:11:10,868 DEBUG SQL:104 - 
    insert 
    into
        DataPoint
        (xval, yval, description, id) 
    values
        (?, ?, ?, ?)
14:11:10,868 DEBUG SQL:104 - 
    insert 
    into
        DataPoint
        (xval, yval, description, id) 
    values
        (?, ?, ?, ?)
14:11:10,868 DEBUG SQL:104 - 
    insert 
    into
        DataPoint
        (xval, yval, description, id) 
    values
        (?, ?, ?, ?)
14:11:10,868 DEBUG SQL:104 - 
    insert 
    into
        DataPoint
        (xval, yval, description, id) 
    values
        (?, ?, ?, ?)
14:11:10,879 DEBUG SQL:104 - 
    insert 
    into
        DataPoint
        (xval, yval, description, id) 
    values
        (?, ?, ?, ?)
14:11:10,879 DEBUG SQL:104 - 
    insert 
    into
        DataPoint
        (xval, yval, description, id) 
    values
        (?, ?, ?, ?)
14:11:10,879 DEBUG SQL:104 - 
    insert 
    into
        DataPoint
        (xval, yval, description, id) 
    values
        (?, ?, ?, ?)
14:11:10,879 DEBUG SQL:104 - 
    insert 
    into
        DataPoint
        (xval, yval, description, id) 
    values
        (?, ?, ?, ?)
14:11:10,889 DEBUG SQL:104 - 
    insert 
    into
        DataPoint
        (xval, yval, description, id) 
    values
        (?, ?, ?, ?)
14:11:10,889 DEBUG SQL:104 - 
    insert 
    into
        DataPoint
        (xval, yval, description, id) 
    values
        (?, ?, ?, ?)
14:11:10,889 DEBUG SQL:104 - 
    insert 
    into
        DataPoint
        (xval, yval, description, id) 
    values
        (?, ?, ?, ?)
14:11:10,890 DEBUG SQL:104 - 
    insert 
    into
        DataPoint
        (xval, yval, description, id) 
    values
        (?, ?, ?, ?)
14:11:10,899 DEBUG SQL:104 - 
    insert 
    into
        DataPoint
        (xval, yval, description, id) 
    values
        (?, ?, ?, ?)
14:11:10,900 DEBUG SQL:104 - 
    insert 
    into
        DataPoint
        (xval, yval, description, id) 
    values
        (?, ?, ?, ?)
14:11:10,900 DEBUG SQL:104 - 
    insert 
    into
        DataPoint
        (xval, yval, description, id) 
    values
        (?, ?, ?, ?)
14:11:10,900 DEBUG SQL:104 - 
    insert 
    into
        DataPoint
        (xval, yval, description, id) 
    values
        (?, ?, ?, ?)
14:11:10,900 DEBUG SQL:104 - 
    insert 
    into
        DataPoint
        (xval, yval, description, id) 
    values
        (?, ?, ?, ?)
14:11:10,911 DEBUG SQL:104 - 
    insert 
    into
        DataPoint
        (xval, yval, description, id) 
    values
        (?, ?, ?, ?)
14:11:10,911 DEBUG SQL:104 - 
    insert 
    into
        DataPoint
        (xval, yval, description, id) 
    values
        (?, ?, ?, ?)
14:11:10,912 DEBUG SQL:104 - 
    insert 
    into
        DataPoint
        (xval, yval, description, id) 
    values
        (?, ?, ?, ?)
14:11:10,912 DEBUG SQL:104 - 
    insert 
    into
        DataPoint
        (xval, yval, description, id) 
    values
        (?, ?, ?, ?)
14:11:10,912 DEBUG SQL:104 - 
    insert 
    into
        DataPoint
        (xval, yval, description, id) 
    values
        (?, ?, ?, ?)
14:11:10,912 DEBUG SQL:104 - 
    insert 
    into
        DataPoint
        (xval, yval, description, id) 
    values
        (?, ?, ?, ?)
14:11:10,912 DEBUG SQL:104 - 
    insert 
    into
        DataPoint
        (xval, yval, description, id) 
    values
        (?, ?, ?, ?)
14:11:10,912 DEBUG SQL:104 - 
    insert 
    into
        DataPoint
        (xval, yval, description, id) 
    values
        (?, ?, ?, ?)
14:11:10,912 DEBUG SQL:104 - 
    insert 
    into
        DataPoint
        (xval, yval, description, id) 
    values
        (?, ?, ?, ?)
14:11:10,923 DEBUG SQL:104 - 
    insert 
    into
        DataPoint
        (xval, yval, description, id) 
    values
        (?, ?, ?, ?)
14:11:10,923 DEBUG SQL:104 - 
    insert 
    into
        DataPoint
        (xval, yval, description, id) 
    values
        (?, ?, ?, ?)
14:11:10,924 DEBUG SQL:104 - 
    insert 
    into
        DataPoint
        (xval, yval, description, id) 
    values
        (?, ?, ?, ?)
14:11:10,924 DEBUG SQL:104 - 
    insert 
    into
        DataPoint
        (xval, yval, description, id) 
    values
        (?, ?, ?, ?)
14:11:10,934 DEBUG SQL:104 - 
    insert 
    into
        DataPoint
        (xval, yval, description, id) 
    values
        (?, ?, ?, ?)
14:11:10,934 DEBUG SQL:104 - 
    insert 
    into
        DataPoint
        (xval, yval, description, id) 
    values
        (?, ?, ?, ?)
14:11:10,934 DEBUG SQL:104 - 
    insert 
    into
        DataPoint
        (xval, yval, description, id) 
    values
        (?, ?, ?, ?)
14:11:10,935 DEBUG SQL:104 - 
    insert 
    into
        DataPoint
        (xval, yval, description, id) 
    values
        (?, ?, ?, ?)
14:11:10,935 DEBUG SQL:104 - 
    insert 
    into
        DataPoint
        (xval, yval, description, id) 
    values
        (?, ?, ?, ?)
14:11:10,935 DEBUG SQL:104 - 
    insert 
    into
        DataPoint
        (xval, yval, description, id) 
    values
        (?, ?, ?, ?)
14:11:10,957 DEBUG SQL:104 - 
    insert 
    into
        DataPoint
        (xval, yval, description, id) 
    values
        (?, ?, ?, ?)
14:11:10,957 DEBUG SQL:104 - 
    insert 
    into
        DataPoint
        (xval, yval, description, id) 
    values
        (?, ?, ?, ?)
14:11:10,958 DEBUG SQL:104 - 
    insert 
    into
        DataPoint
        (xval, yval, description, id) 
    values
        (?, ?, ?, ?)
14:11:10,958 DEBUG SQL:104 - 
    insert 
    into
        DataPoint
        (xval, yval, description, id) 
    values
        (?, ?, ?, ?)
14:11:10,958 DEBUG SQL:104 - 
    insert 
    into
        DataPoint
        (xval, yval, description, id) 
    values
        (?, ?, ?, ?)
14:11:10,967 DEBUG SQL:104 - 
    insert 
    into
        DataPoint
        (xval, yval, description, id) 
    values
        (?, ?, ?, ?)
14:11:10,968 DEBUG SQL:104 - 
    insert 
    into
        DataPoint
        (xval, yval, description, id) 
    values
        (?, ?, ?, ?)
14:11:10,968 DEBUG SQL:104 - 
    insert 
    into
        DataPoint
        (xval, yval, description, id) 
    values
        (?, ?, ?, ?)
14:11:10,968 DEBUG SQL:104 - 
    insert 
    into
        DataPoint
        (xval, yval, description, id) 
    values
        (?, ?, ?, ?)
14:11:10,979 DEBUG SQL:104 - 
    insert 
    into
        DataPoint
        (xval, yval, description, id) 
    values
        (?, ?, ?, ?)
14:11:10,979 DEBUG SQL:104 - 
    insert 
    into
        DataPoint
        (xval, yval, description, id) 
    values
        (?, ?, ?, ?)
14:11:10,979 DEBUG SQL:104 - 
    insert 
    into
        DataPoint
        (xval, yval, description, id) 
    values
        (?, ?, ?, ?)
14:11:10,979 DEBUG SQL:104 - 
    insert 
    into
        DataPoint
        (xval, yval, description, id) 
    values
        (?, ?, ?, ?)
14:11:10,979 DEBUG SQL:104 - 
    insert 
    into
        DataPoint
        (xval, yval, description, id) 
    values
        (?, ?, ?, ?)
14:11:10,979 DEBUG SQL:104 - 
    insert 
    into
        DataPoint
        (xval, yval, description, id) 
    values
        (?, ?, ?, ?)
14:11:10,980 DEBUG SQL:104 - 
    insert 
    into
        DataPoint
        (xval, yval, description, id) 
    values
        (?, ?, ?, ?)
14:11:10,980 DEBUG SQL:104 - 
    insert 
    into
        DataPoint
        (xval, yval, description, id) 
    values
        (?, ?, ?, ?)
14:11:10,980 DEBUG SQL:104 - 
    insert 
    into
        DataPoint
        (xval, yval, description, id) 
    values
        (?, ?, ?, ?)
14:11:10,981 DEBUG SQL:104 - 
    insert 
    into
        DataPoint
        (xval, yval, description, id) 
    values
        (?, ?, ?, ?)
14:11:10,981 DEBUG SQL:104 - 
    insert 
    into
        DataPoint
        (xval, yval, description, id) 
    values
        (?, ?, ?, ?)
14:11:11,000 DEBUG SQL:104 - 
    insert 
    into
        DataPoint
        (xval, yval, description, id) 
    values
        (?, ?, ?, ?)
14:11:11,000 DEBUG SQL:104 - 
    insert 
    into
        DataPoint
        (xval, yval, description, id) 
    values
        (?, ?, ?, ?)
14:11:11,000 DEBUG SQL:104 - 
    insert 
    into
        DataPoint
        (xval, yval, description, id) 
    values
        (?, ?, ?, ?)
14:11:11,000 DEBUG SQL:104 - 
    insert 
    into
        DataPoint
        (xval, yval, description, id) 
    values
        (?, ?, ?, ?)
14:11:11,010 DEBUG SQL:104 - 
    insert 
    into
        DataPoint
        (xval, yval, description, id) 
    values
        (?, ?, ?, ?)
14:11:11,010 DEBUG SQL:104 - 
    insert 
    into
        DataPoint
        (xval, yval, description, id) 
    values
        (?, ?, ?, ?)
14:11:11,010 DEBUG SQL:104 - 
    insert 
    into
        DataPoint
        (xval, yval, description, id) 
    values
        (?, ?, ?, ?)
14:11:11,010 DEBUG SQL:104 - 
    insert 
    into
        DataPoint
        (xval, yval, description, id) 
    values
        (?, ?, ?, ?)
14:11:11,010 DEBUG SQL:104 - 
    insert 
    into
        DataPoint
        (xval, yval, description, id) 
    values
        (?, ?, ?, ?)
14:11:11,020 DEBUG SQL:104 - 
    insert 
    into
        DataPoint
        (xval, yval, description, id) 
    values
        (?, ?, ?, ?)
14:11:11,020 DEBUG SQL:104 - 
    insert 
    into
        DataPoint
        (xval, yval, description, id) 
    values
        (?, ?, ?, ?)
14:11:11,020 DEBUG SQL:104 - 
    insert 
    into
        DataPoint
        (xval, yval, description, id) 
    values
        (?, ?, ?, ?)
14:11:11,020 DEBUG SQL:104 - 
    insert 
    into
        DataPoint
        (xval, yval, description, id) 
    values
        (?, ?, ?, ?)
14:11:11,031 DEBUG SQL:104 - 
    insert 
    into
        DataPoint
        (xval, yval, description, id) 
    values
        (?, ?, ?, ?)
14:11:11,031 DEBUG SQL:104 - 
    insert 
    into
        DataPoint
        (xval, yval, description, id) 
    values
        (?, ?, ?, ?)
14:11:11,031 DEBUG SQL:104 - 
    insert 
    into
        DataPoint
        (xval, yval, description, id) 
    values
        (?, ?, ?, ?)
14:11:11,031 DEBUG SQL:104 - 
    insert 
    into
        DataPoint
        (xval, yval, description, id) 
    values
        (?, ?, ?, ?)
14:11:11,041 DEBUG SQL:104 - 
    insert 
    into
        DataPoint
        (xval, yval, description, id) 
    values
        (?, ?, ?, ?)
14:11:11,042 DEBUG SQL:104 - 
    insert 
    into
        DataPoint
        (xval, yval, description, id) 
    values
        (?, ?, ?, ?)
14:11:11,042 DEBUG SQL:104 - 
    insert 
    into
        DataPoint
        (xval, yval, description, id) 
    values
        (?, ?, ?, ?)
14:11:11,042 DEBUG SQL:104 - 
    insert 
    into
        DataPoint
        (xval, yval, description, id) 
    values
        (?, ?, ?, ?)
14:11:11,042 DEBUG SQL:104 - 
    insert 
    into
        DataPoint
        (xval, yval, description, id) 
    values
        (?, ?, ?, ?)
14:11:11,042 DEBUG SQL:104 - 
    insert 
    into
        DataPoint
        (xval, yval, description, id) 
    values
        (?, ?, ?, ?)
14:11:11,043 DEBUG SQL:104 - 
    insert 
    into
        DataPoint
        (xval, yval, description, id) 
    values
        (?, ?, ?, ?)
14:11:11,043 DEBUG SQL:104 - 
    insert 
    into
        DataPoint
        (xval, yval, description, id) 
    values
        (?, ?, ?, ?)
14:11:11,043 DEBUG SQL:104 - 
    insert 
    into
        DataPoint
        (xval, yval, description, id) 
    values
        (?, ?, ?, ?)
14:11:11,056 DEBUG SQL:104 - 
    insert 
    into
        DataPoint
        (xval, yval, description, id) 
    values
        (?, ?, ?, ?)
14:11:11,056 DEBUG SQL:104 - 
    insert 
    into
        DataPoint
        (xval, yval, description, id) 
    values
        (?, ?, ?, ?)
14:11:11,057 DEBUG SQL:104 - 
    insert 
    into
        DataPoint
        (xval, yval, description, id) 
    values
        (?, ?, ?, ?)
14:11:11,057 DEBUG SQL:104 - 
    insert 
    into
        DataPoint
        (xval, yval, description, id) 
    values
        (?, ?, ?, ?)
14:11:11,067 DEBUG SQL:104 - 
    insert 
    into
        DataPoint
        (xval, yval, description, id) 
    values
        (?, ?, ?, ?)
14:11:11,067 DEBUG SQL:104 - 
    insert 
    into
        DataPoint
        (xval, yval, description, id) 
    values
        (?, ?, ?, ?)
14:11:11,068 DEBUG SQL:104 - 
    insert 
    into
        DataPoint
        (xval, yval, description, id) 
    values
        (?, ?, ?, ?)
14:11:11,068 DEBUG SQL:104 - 
    insert 
    into
        DataPoint
        (xval, yval, description, id) 
    values
        (?, ?, ?, ?)
14:11:11,068 DEBUG SQL:104 - 
    insert 
    into
        DataPoint
        (xval, yval, description, id) 
    values
        (?, ?, ?, ?)
14:11:11,068 DEBUG SQL:104 - 
    insert 
    into
        DataPoint
        (xval, yval, description, id) 
    values
        (?, ?, ?, ?)
14:11:11,068 DEBUG SQL:104 - 
    insert 
    into
        DataPoint
        (xval, yval, description, id) 
    values
        (?, ?, ?, ?)
14:11:11,092 DEBUG SQL:104 - 
    insert 
    into
        DataPoint
        (xval, yval, description, id) 
    values
        (?, ?, ?, ?)
14:11:11,092 DEBUG SQL:104 - 
    insert 
    into
        DataPoint
        (xval, yval, description, id) 
    values
        (?, ?, ?, ?)
14:11:11,092 DEBUG SQL:104 - 
    insert 
    into
        DataPoint
        (xval, yval, description, id) 
    values
        (?, ?, ?, ?)
14:11:11,093 DEBUG SQL:104 - 
    insert 
    into
        DataPoint
        (xval, yval, description, id) 
    values
        (?, ?, ?, ?)
14:11:11,100 DEBUG SQL:104 - 
    insert 
    into
        DataPoint
        (xval, yval, description, id) 
    values
        (?, ?, ?, ?)
14:11:11,101 DEBUG SQL:104 - 
    insert 
    into
        DataPoint
        (xval, yval, description, id) 
    values
        (?, ?, ?, ?)
14:11:11,101 DEBUG SQL:104 - 
    insert 
    into
        DataPoint
        (xval, yval, description, id) 
    values
        (?, ?, ?, ?)
14:11:11,101 DEBUG SQL:104 - 
    insert 
    into
        DataPoint
        (xval, yval, description, id) 
    values
        (?, ?, ?, ?)
14:11:11,101 DEBUG SQL:104 - 
    insert 
    into
        DataPoint
        (xval, yval, description, id) 
    values
        (?, ?, ?, ?)
14:11:11,112 DEBUG SQL:104 - 
    insert 
    into
        DataPoint
        (xval, yval, description, id) 
    values
        (?, ?, ?, ?)
14:11:11,112 DEBUG SQL:104 - 
    insert 
    into
        DataPoint
        (xval, yval, description, id) 
    values
        (?, ?, ?, ?)
14:11:11,112 DEBUG SQL:104 - 
    insert 
    into
        DataPoint
        (xval, yval, description, id) 
    values
        (?, ?, ?, ?)
14:11:11,113 DEBUG SQL:104 - 
    insert 
    into
        DataPoint
        (xval, yval, description, id) 
    values
        (?, ?, ?, ?)
14:11:11,125 DEBUG SQL:104 - 
    insert 
    into
        DataPoint
        (xval, yval, description, id) 
    values
        (?, ?, ?, ?)
14:11:11,125 DEBUG SQL:104 - 
    insert 
    into
        DataPoint
        (xval, yval, description, id) 
    values
        (?, ?, ?, ?)
14:11:11,125 DEBUG SQL:104 - 
    insert 
    into
        DataPoint
        (xval, yval, description, id) 
    values
        (?, ?, ?, ?)
14:11:11,126 DEBUG SQL:104 - 
    insert 
    into
        DataPoint
        (xval, yval, description, id) 
    values
        (?, ?, ?, ?)
14:11:11,136 DEBUG SQL:104 - 
    insert 
    into
        DataPoint
        (xval, yval, description, id) 
    values
        (?, ?, ?, ?)
14:11:11,136 DEBUG SQL:104 - 
    insert 
    into
        DataPoint
        (xval, yval, description, id) 
    values
        (?, ?, ?, ?)
14:11:11,136 DEBUG SQL:104 - 
    insert 
    into
        DataPoint
        (xval, yval, description, id) 
    values
        (?, ?, ?, ?)
14:11:11,137 DEBUG SQL:104 - 
    insert 
    into
        DataPoint
        (xval, yval, description, id) 
    values
        (?, ?, ?, ?)
14:11:11,137 DEBUG SQL:104 - 
    insert 
    into
        DataPoint
        (xval, yval, description, id) 
    values
        (?, ?, ?, ?)
14:11:11,145 DEBUG SQL:104 - 
    insert 
    into
        DataPoint
        (xval, yval, description, id) 
    values
        (?, ?, ?, ?)
14:11:11,145 DEBUG SQL:104 - 
    insert 
    into
        DataPoint
        (xval, yval, description, id) 
    values
        (?, ?, ?, ?)
14:11:11,145 DEBUG SQL:104 - 
    insert 
    into
        DataPoint
        (xval, yval, description, id) 
    values
        (?, ?, ?, ?)
14:11:11,146 DEBUG SQL:104 - 
    insert 
    into
        DataPoint
        (xval, yval, description, id) 
    values
        (?, ?, ?, ?)
14:11:11,154 DEBUG SQL:104 - 
    insert 
    into
        DataPoint
        (xval, yval, description, id) 
    values
        (?, ?, ?, ?)
14:11:11,154 DEBUG SQL:104 - 
    insert 
    into
        DataPoint
        (xval, yval, description, id) 
    values
        (?, ?, ?, ?)
14:11:11,154 DEBUG SQL:104 - 
    insert 
    into
        DataPoint
        (xval, yval, description, id) 
    values
        (?, ?, ?, ?)
14:11:11,155 DEBUG SQL:104 - 
    insert 
    into
        DataPoint
        (xval, yval, description, id) 
    values
        (?, ?, ?, ?)
14:11:11,164 DEBUG SQL:104 - 
    insert 
    into
        DataPoint
        (xval, yval, description, id) 
    values
        (?, ?, ?, ?)
14:11:11,164 DEBUG SQL:104 - 
    insert 
    into
        DataPoint
        (xval, yval, description, id) 
    values
        (?, ?, ?, ?)
14:11:11,164 DEBUG SQL:104 - 
    insert 
    into
        DataPoint
        (xval, yval, description, id) 
    values
        (?, ?, ?, ?)
14:11:11,165 DEBUG SQL:104 - 
    insert 
    into
        DataPoint
        (xval, yval, description, id) 
    values
        (?, ?, ?, ?)
14:11:11,165 DEBUG SQL:104 - 
    insert 
    into
        DataPoint
        (xval, yval, description, id) 
    values
        (?, ?, ?, ?)
14:11:11,165 DEBUG SQL:104 - 
    insert 
    into
        DataPoint
        (xval, yval, description, id) 
    values
        (?, ?, ?, ?)
14:11:11,165 DEBUG SQL:104 - 
    insert 
    into
        DataPoint
        (xval, yval, description, id) 
    values
        (?, ?, ?, ?)
14:11:11,165 DEBUG SQL:104 - 
    insert 
    into
        DataPoint
        (xval, yval, description, id) 
    values
        (?, ?, ?, ?)
14:11:11,165 DEBUG SQL:104 - 
    insert 
    into
        DataPoint
        (xval, yval, description, id) 
    values
        (?, ?, ?, ?)
14:11:11,175 DEBUG SQL:104 - 
    insert 
    into
        DataPoint
        (xval, yval, description, id) 
    values
        (?, ?, ?, ?)
14:11:11,176 DEBUG SQL:104 - 
    insert 
    into
        DataPoint
        (xval, yval, description, id) 
    values
        (?, ?, ?, ?)
14:11:11,176 DEBUG SQL:104 - 
    insert 
    into
        DataPoint
        (xval, yval, description, id) 
    values
        (?, ?, ?, ?)
14:11:11,176 DEBUG SQL:104 - 
    insert 
    into
        DataPoint
        (xval, yval, description, id) 
    values
        (?, ?, ?, ?)
14:11:11,187 DEBUG SQL:104 - 
    insert 
    into
        DataPoint
        (xval, yval, description, id) 
    values
        (?, ?, ?, ?)
14:11:11,188 DEBUG SQL:104 - 
    insert 
    into
        DataPoint
        (xval, yval, description, id) 
    values
        (?, ?, ?, ?)
14:11:11,188 DEBUG SQL:104 - 
    insert 
    into
        DataPoint
        (xval, yval, description, id) 
    values
        (?, ?, ?, ?)
14:11:11,188 DEBUG SQL:104 - 
    insert 
    into
        DataPoint
        (xval, yval, description, id) 
    values
        (?, ?, ?, ?)
14:11:11,188 DEBUG SQL:104 - 
    insert 
    into
        DataPoint
        (xval, yval, description, id) 
    values
        (?, ?, ?, ?)
14:11:11,188 DEBUG SQL:104 - 
    insert 
    into
        DataPoint
        (xval, yval, description, id) 
    values
        (?, ?, ?, ?)
14:11:11,188 DEBUG SQL:104 - 
    insert 
    into
        DataPoint
        (xval, yval, description, id) 
    values
        (?, ?, ?, ?)
14:11:11,208 DEBUG SQL:104 - 
    insert 
    into
        DataPoint
        (xval, yval, description, id) 
    values
        (?, ?, ?, ?)
14:11:11,208 DEBUG SQL:104 - 
    insert 
    into
        DataPoint
        (xval, yval, description, id) 
    values
        (?, ?, ?, ?)
14:11:11,208 DEBUG SQL:104 - 
    insert 
    into
        DataPoint
        (xval, yval, description, id) 
    values
        (?, ?, ?, ?)
14:11:11,209 DEBUG SQL:104 - 
    insert 
    into
        DataPoint
        (xval, yval, description, id) 
    values
        (?, ?, ?, ?)
14:11:11,231 DEBUG SQL:104 - 
    insert 
    into
        DataPoint
        (xval, yval, description, id) 
    values
        (?, ?, ?, ?)
14:11:11,231 DEBUG SQL:104 - 
    insert 
    into
        DataPoint
        (xval, yval, description, id) 
    values
        (?, ?, ?, ?)
14:11:11,232 DEBUG SQL:104 - 
    insert 
    into
        DataPoint
        (xval, yval, description, id) 
    values
        (?, ?, ?, ?)
14:11:11,232 DEBUG SQL:104 - 
    insert 
    into
        DataPoint
        (xval, yval, description, id) 
    values
        (?, ?, ?, ?)
14:11:11,232 DEBUG SQL:104 - 
    insert 
    into
        DataPoint
        (xval, yval, description, id) 
    values
        (?, ?, ?, ?)
14:11:11,232 DEBUG SQL:104 - 
    insert 
    into
        DataPoint
        (xval, yval, description, id) 
    values
        (?, ?, ?, ?)
14:11:11,233 DEBUG SQL:104 - 
    insert 
    into
        DataPoint
        (xval, yval, description, id) 
    values
        (?, ?, ?, ?)
14:11:11,233 DEBUG SQL:104 - 
    insert 
    into
        DataPoint
        (xval, yval, description, id) 
    values
        (?, ?, ?, ?)
14:11:11,233 DEBUG SQL:104 - 
    insert 
    into
        DataPoint
        (xval, yval, description, id) 
    values
        (?, ?, ?, ?)
14:11:11,233 DEBUG SQL:104 - 
    insert 
    into
        DataPoint
        (xval, yval, description, id) 
    values
        (?, ?, ?, ?)
14:11:11,233 DEBUG SQL:104 - 
    insert 
    into
        DataPoint
        (xval, yval, description, id) 
    values
        (?, ?, ?, ?)
14:11:11,233 DEBUG SQL:104 - 
    insert 
    into
        DataPoint
        (xval, yval, description, id) 
    values
        (?, ?, ?, ?)
14:11:11,234 DEBUG SQL:104 - 
    insert 
    into
        DataPoint
        (xval, yval, description, id) 
    values
        (?, ?, ?, ?)
14:11:11,234 DEBUG SQL:104 - 
    insert 
    into
        DataPoint
        (xval, yval, description, id) 
    values
        (?, ?, ?, ?)
14:11:11,234 DEBUG SQL:104 - 
    insert 
    into
        DataPoint
        (xval, yval, description, id) 
    values
        (?, ?, ?, ?)
14:11:11,234 DEBUG SQL:104 - 
    insert 
    into
        DataPoint
        (xval, yval, description, id) 
    values
        (?, ?, ?, ?)
14:11:11,250 DEBUG SQL:104 - 
    insert 
    into
        DataPoint
        (xval, yval, description, id) 
    values
        (?, ?, ?, ?)
14:11:11,251 DEBUG SQL:104 - 
    insert 
    into
        DataPoint
        (xval, yval, description, id) 
    values
        (?, ?, ?, ?)
14:11:11,251 DEBUG SQL:104 - 
    insert 
    into
        DataPoint
        (xval, yval, description, id) 
    values
        (?, ?, ?, ?)
14:11:11,251 DEBUG SQL:104 - 
    insert 
    into
        DataPoint
        (xval, yval, description, id) 
    values
        (?, ?, ?, ?)
14:11:11,260 DEBUG SQL:104 - 
    insert 
    into
        DataPoint
        (xval, yval, description, id) 
    values
        (?, ?, ?, ?)
14:11:11,260 DEBUG SQL:104 - 
    insert 
    into
        DataPoint
        (xval, yval, description, id) 
    values
        (?, ?, ?, ?)
14:11:11,260 DEBUG SQL:104 - 
    insert 
    into
        DataPoint
        (xval, yval, description, id) 
    values
        (?, ?, ?, ?)
14:11:11,260 DEBUG SQL:104 - 
    insert 
    into
        DataPoint
        (xval, yval, description, id) 
    values
        (?, ?, ?, ?)
14:11:11,269 DEBUG SQL:104 - 
    insert 
    into
        DataPoint
        (xval, yval, description, id) 
    values
        (?, ?, ?, ?)
14:11:11,269 DEBUG SQL:104 - 
    insert 
    into
        DataPoint
        (xval, yval, description, id) 
    values
        (?, ?, ?, ?)
14:11:11,270 DEBUG SQL:104 - 
    insert 
    into
        DataPoint
        (xval, yval, description, id) 
    values
        (?, ?, ?, ?)
14:11:11,270 DEBUG SQL:104 - 
    insert 
    into
        DataPoint
        (xval, yval, description, id) 
    values
        (?, ?, ?, ?)
14:11:11,270 DEBUG SQL:104 - 
    insert 
    into
        DataPoint
        (xval, yval, description, id) 
    values
        (?, ?, ?, ?)
14:11:11,278 DEBUG SQL:104 - 
    insert 
    into
        DataPoint
        (xval, yval, description, id) 
    values
        (?, ?, ?, ?)
14:11:11,278 DEBUG SQL:104 - 
    insert 
    into
        DataPoint
        (xval, yval, description, id) 
    values
        (?, ?, ?, ?)
14:11:11,279 DEBUG SQL:104 - 
    insert 
    into
        DataPoint
        (xval, yval, description, id) 
    values
        (?, ?, ?, ?)
14:11:11,279 DEBUG SQL:104 - 
    insert 
    into
        DataPoint
        (xval, yval, description, id) 
    values
        (?, ?, ?, ?)
14:11:11,288 DEBUG SQL:104 - 
    insert 
    into
        DataPoint
        (xval, yval, description, id) 
    values
        (?, ?, ?, ?)
14:11:11,288 DEBUG SQL:104 - 
    insert 
    into
        DataPoint
        (xval, yval, description, id) 
    values
        (?, ?, ?, ?)
14:11:11,289 DEBUG SQL:104 - 
    insert 
    into
        DataPoint
        (xval, yval, description, id) 
    values
        (?, ?, ?, ?)
14:11:11,289 DEBUG SQL:104 - 
    insert 
    into
        DataPoint
        (xval, yval, description, id) 
    values
        (?, ?, ?, ?)
14:11:11,289 DEBUG SQL:104 - 
    insert 
    into
        DataPoint
        (xval, yval, description, id) 
    values
        (?, ?, ?, ?)
14:11:11,289 DEBUG SQL:104 - 
    insert 
    into
        DataPoint
        (xval, yval, description, id) 
    values
        (?, ?, ?, ?)
14:11:11,289 DEBUG SQL:104 - 
    insert 
    into
        DataPoint
        (xval, yval, description, id) 
    values
        (?, ?, ?, ?)
14:11:11,289 DEBUG SQL:104 - 
    insert 
    into
        DataPoint
        (xval, yval, description, id) 
    values
        (?, ?, ?, ?)
14:11:11,289 DEBUG SQL:104 - 
    insert 
    into
        DataPoint
        (xval, yval, description, id) 
    values
        (?, ?, ?, ?)
14:11:11,299 DEBUG SQL:104 - 
    insert 
    into
        DataPoint
        (xval, yval, description, id) 
    values
        (?, ?, ?, ?)
14:11:11,299 DEBUG SQL:104 - 
    insert 
    into
        DataPoint
        (xval, yval, description, id) 
    values
        (?, ?, ?, ?)
14:11:11,300 DEBUG SQL:104 - 
    insert 
    into
        DataPoint
        (xval, yval, description, id) 
    values
        (?, ?, ?, ?)
14:11:11,300 DEBUG SQL:104 - 
    insert 
    into
        DataPoint
        (xval, yval, description, id) 
    values
        (?, ?, ?, ?)
14:11:11,309 DEBUG SQL:104 - 
    insert 
    into
        DataPoint
        (xval, yval, description, id) 
    values
        (?, ?, ?, ?)
14:11:11,309 DEBUG SQL:104 - 
    insert 
    into
        DataPoint
        (xval, yval, description, id) 
    values
        (?, ?, ?, ?)
14:11:11,310 DEBUG SQL:104 - 
    insert 
    into
        DataPoint
        (xval, yval, description, id) 
    values
        (?, ?, ?, ?)
14:11:11,310 DEBUG SQL:104 - 
    insert 
    into
        DataPoint
        (xval, yval, description, id) 
    values
        (?, ?, ?, ?)
14:11:11,310 DEBUG SQL:104 - 
    insert 
    into
        DataPoint
        (xval, yval, description, id) 
    values
        (?, ?, ?, ?)
14:11:11,310 DEBUG SQL:104 - 
    insert 
    into
        DataPoint
        (xval, yval, description, id) 
    values
        (?, ?, ?, ?)
14:11:11,310 DEBUG SQL:104 - 
    insert 
    into
        DataPoint
        (xval, yval, description, id) 
    values
        (?, ?, ?, ?)
14:11:11,330 DEBUG SQL:104 - 
    insert 
    into
        DataPoint
        (xval, yval, description, id) 
    values
        (?, ?, ?, ?)
14:11:11,330 DEBUG SQL:104 - 
    insert 
    into
        DataPoint
        (xval, yval, description, id) 
    values
        (?, ?, ?, ?)
14:11:11,330 DEBUG SQL:104 - 
    insert 
    into
        DataPoint
        (xval, yval, description, id) 
    values
        (?, ?, ?, ?)
14:11:11,330 DEBUG SQL:104 - 
    insert 
    into
        DataPoint
        (xval, yval, description, id) 
    values
        (?, ?, ?, ?)
14:11:11,341 DEBUG SQL:104 - 
    insert 
    into
        DataPoint
        (xval, yval, description, id) 
    values
        (?, ?, ?, ?)
14:11:11,341 DEBUG SQL:104 - 
    insert 
    into
        DataPoint
        (xval, yval, description, id) 
    values
        (?, ?, ?, ?)
14:11:11,341 DEBUG SQL:104 - 
    insert 
    into
        DataPoint
        (xval, yval, description, id) 
    values
        (?, ?, ?, ?)
14:11:11,341 DEBUG SQL:104 - 
    insert 
    into
        DataPoint
        (xval, yval, description, id) 
    values
        (?, ?, ?, ?)
14:11:11,348 DEBUG SQL:104 - 
    insert 
    into
        DataPoint
        (xval, yval, description, id) 
    values
        (?, ?, ?, ?)
14:11:11,349 DEBUG SQL:104 - 
    insert 
    into
        DataPoint
        (xval, yval, description, id) 
    values
        (?, ?, ?, ?)
14:11:11,349 DEBUG SQL:104 - 
    insert 
    into
        DataPoint
        (xval, yval, description, id) 
    values
        (?, ?, ?, ?)
14:11:11,349 DEBUG SQL:104 - 
    insert 
    into
        DataPoint
        (xval, yval, description, id) 
    values
        (?, ?, ?, ?)
14:11:11,350 DEBUG SQL:104 - 
    insert 
    into
        DataPoint
        (xval, yval, description, id) 
    values
        (?, ?, ?, ?)
14:11:11,357 DEBUG SQL:104 - 
    insert 
    into
        DataPoint
        (xval, yval, description, id) 
    values
        (?, ?, ?, ?)
14:11:11,358 DEBUG SQL:104 - 
    insert 
    into
        DataPoint
        (xval, yval, description, id) 
    values
        (?, ?, ?, ?)
14:11:11,358 DEBUG SQL:104 - 
    insert 
    into
        DataPoint
        (xval, yval, description, id) 
    values
        (?, ?, ?, ?)
14:11:11,358 DEBUG SQL:104 - 
    insert 
    into
        DataPoint
        (xval, yval, description, id) 
    values
        (?, ?, ?, ?)
14:11:11,366 DEBUG SQL:104 - 
    insert 
    into
        DataPoint
        (xval, yval, description, id) 
    values
        (?, ?, ?, ?)
14:11:11,366 DEBUG SQL:104 - 
    insert 
    into
        DataPoint
        (xval, yval, description, id) 
    values
        (?, ?, ?, ?)
14:11:11,367 DEBUG SQL:104 - 
    insert 
    into
        DataPoint
        (xval, yval, description, id) 
    values
        (?, ?, ?, ?)
14:11:11,367 DEBUG SQL:104 - 
    insert 
    into
        DataPoint
        (xval, yval, description, id) 
    values
        (?, ?, ?, ?)
14:11:11,376 DEBUG SQL:104 - 
    insert 
    into
        DataPoint
        (xval, yval, description, id) 
    values
        (?, ?, ?, ?)
14:11:11,376 DEBUG SQL:104 - 
    insert 
    into
        DataPoint
        (xval, yval, description, id) 
    values
        (?, ?, ?, ?)
14:11:11,376 DEBUG SQL:104 - 
    insert 
    into
        DataPoint
        (xval, yval, description, id) 
    values
        (?, ?, ?, ?)
14:11:11,376 DEBUG SQL:104 - 
    insert 
    into
        DataPoint
        (xval, yval, description, id) 
    values
        (?, ?, ?, ?)
14:11:11,376 DEBUG SQL:104 - 
    insert 
    into
        DataPoint
        (xval, yval, description, id) 
    values
        (?, ?, ?, ?)
14:11:11,385 DEBUG SQL:104 - 
    insert 
    into
        DataPoint
        (xval, yval, description, id) 
    values
        (?, ?, ?, ?)
14:11:11,385 DEBUG SQL:104 - 
    insert 
    into
        DataPoint
        (xval, yval, description, id) 
    values
        (?, ?, ?, ?)
14:11:11,385 DEBUG SQL:104 - 
    insert 
    into
        DataPoint
        (xval, yval, description, id) 
    values
        (?, ?, ?, ?)
14:11:11,386 DEBUG SQL:104 - 
    insert 
    into
        DataPoint
        (xval, yval, description, id) 
    values
        (?, ?, ?, ?)
14:11:11,394 DEBUG SQL:104 - 
    insert 
    into
        DataPoint
        (xval, yval, description, id) 
    values
        (?, ?, ?, ?)
14:11:11,395 DEBUG SQL:104 - 
    insert 
    into
        DataPoint
        (xval, yval, description, id) 
    values
        (?, ?, ?, ?)
14:11:11,395 DEBUG SQL:104 - 
    insert 
    into
        DataPoint
        (xval, yval, description, id) 
    values
        (?, ?, ?, ?)
14:11:11,395 DEBUG SQL:104 - 
    insert 
    into
        DataPoint
        (xval, yval, description, id) 
    values
        (?, ?, ?, ?)
14:11:11,404 DEBUG SQL:104 - 
    insert 
    into
        DataPoint
        (xval, yval, description, id) 
    values
        (?, ?, ?, ?)
14:11:11,405 DEBUG SQL:104 - 
    insert 
    into
        DataPoint
        (xval, yval, description, id) 
    values
        (?, ?, ?, ?)
14:11:11,405 DEBUG SQL:104 - 
    insert 
    into
        DataPoint
        (xval, yval, description, id) 
    values
        (?, ?, ?, ?)
14:11:11,405 DEBUG SQL:104 - 
    insert 
    into
        DataPoint
        (xval, yval, description, id) 
    values
        (?, ?, ?, ?)
14:11:11,405 DEBUG SQL:104 - 
    insert 
    into
        DataPoint
        (xval, yval, description, id) 
    values
        (?, ?, ?, ?)
14:11:11,405 DEBUG SQL:104 - 
    insert 
    into
        DataPoint
        (xval, yval, description, id) 
    values
        (?, ?, ?, ?)
14:11:11,405 DEBUG SQL:104 - 
    insert 
    into
        DataPoint
        (xval, yval, description, id) 
    values
        (?, ?, ?, ?)
14:11:11,406 DEBUG SQL:104 - 
    insert 
    into
        DataPoint
        (xval, yval, description, id) 
    values
        (?, ?, ?, ?)
14:11:11,406 DEBUG SQL:104 - 
    insert 
    into
        DataPoint
        (xval, yval, description, id) 
    values
        (?, ?, ?, ?)
14:11:11,415 DEBUG SQL:104 - 
    insert 
    into
        DataPoint
        (xval, yval, description, id) 
    values
        (?, ?, ?, ?)
14:11:11,416 DEBUG SQL:104 - 
    insert 
    into
        DataPoint
        (xval, yval, description, id) 
    values
        (?, ?, ?, ?)
14:11:11,416 DEBUG SQL:104 - 
    insert 
    into
        DataPoint
        (xval, yval, description, id) 
    values
        (?, ?, ?, ?)
14:11:11,416 DEBUG SQL:104 - 
    insert 
    into
        DataPoint
        (xval, yval, description, id) 
    values
        (?, ?, ?, ?)
14:11:11,416 DEBUG SQL:104 - 
    insert 
    into
        DataPoint
        (xval, yval, description, id) 
    values
        (?, ?, ?, ?)
14:11:11,425 DEBUG SQL:104 - 
    insert 
    into
        DataPoint
        (xval, yval, description, id) 
    values
        (?, ?, ?, ?)
14:11:11,425 DEBUG SQL:104 - 
    insert 
    into
        DataPoint
        (xval, yval, description, id) 
    values
        (?, ?, ?, ?)
14:11:11,425 DEBUG SQL:104 - 
    insert 
    into
        DataPoint
        (xval, yval, description, id) 
    values
        (?, ?, ?, ?)
14:11:11,426 DEBUG SQL:104 - 
    insert 
    into
        DataPoint
        (xval, yval, description, id) 
    values
        (?, ?, ?, ?)
14:11:11,426 DEBUG SQL:104 - 
    insert 
    into
        DataPoint
        (xval, yval, description, id) 
    values
        (?, ?, ?, ?)
14:11:11,426 DEBUG SQL:104 - 
    insert 
    into
        DataPoint
        (xval, yval, description, id) 
    values
        (?, ?, ?, ?)
14:11:11,446 DEBUG SQL:104 - 
    insert 
    into
        DataPoint
        (xval, yval, description, id) 
    values
        (?, ?, ?, ?)
14:11:11,446 DEBUG SQL:104 - 
    insert 
    into
        DataPoint
        (xval, yval, description, id) 
    values
        (?, ?, ?, ?)
14:11:11,446 DEBUG SQL:104 - 
    insert 
    into
        DataPoint
        (xval, yval, description, id) 
    values
        (?, ?, ?, ?)
14:11:11,446 DEBUG SQL:104 - 
    insert 
    into
        DataPoint
        (xval, yval, description, id) 
    values
        (?, ?, ?, ?)
14:11:11,455 DEBUG SQL:104 - 
    insert 
    into
        DataPoint
        (xval, yval, description, id) 
    values
        (?, ?, ?, ?)
14:11:11,455 DEBUG SQL:104 - 
    insert 
    into
        DataPoint
        (xval, yval, description, id) 
    values
        (?, ?, ?, ?)
14:11:11,455 DEBUG SQL:104 - 
    insert 
    into
        DataPoint
        (xval, yval, description, id) 
    values
        (?, ?, ?, ?)
14:11:11,455 DEBUG SQL:104 - 
    insert 
    into
        DataPoint
        (xval, yval, description, id) 
    values
        (?, ?, ?, ?)
14:11:11,455 DEBUG SQL:104 - 
    insert 
    into
        DataPoint
        (xval, yval, description, id) 
    values
        (?, ?, ?, ?)
14:11:11,464 DEBUG SQL:104 - 
    insert 
    into
        DataPoint
        (xval, yval, description, id) 
    values
        (?, ?, ?, ?)
14:11:11,464 DEBUG SQL:104 - 
    insert 
    into
        DataPoint
        (xval, yval, description, id) 
    values
        (?, ?, ?, ?)
14:11:11,465 DEBUG SQL:104 - 
    insert 
    into
        DataPoint
        (xval, yval, description, id) 
    values
        (?, ?, ?, ?)
14:11:11,465 DEBUG SQL:104 - 
    insert 
    into
        DataPoint
        (xval, yval, description, id) 
    values
        (?, ?, ?, ?)
14:11:11,474 DEBUG SQL:104 - 
    insert 
    into
        DataPoint
        (xval, yval, description, id) 
    values
        (?, ?, ?, ?)
14:11:11,474 DEBUG SQL:104 - 
    insert 
    into
        DataPoint
        (xval, yval, description, id) 
    values
        (?, ?, ?, ?)
14:11:11,474 DEBUG SQL:104 - 
    insert 
    into
        DataPoint
        (xval, yval, description, id) 
    values
        (?, ?, ?, ?)
14:11:11,474 DEBUG SQL:104 - 
    insert 
    into
        DataPoint
        (xval, yval, description, id) 
    values
        (?, ?, ?, ?)
14:11:11,474 DEBUG SQL:104 - 
    insert 
    into
        DataPoint
        (xval, yval, description, id) 
    values
        (?, ?, ?, ?)
14:11:11,483 DEBUG SQL:104 - 
    insert 
    into
        DataPoint
        (xval, yval, description, id) 
    values
        (?, ?, ?, ?)
14:11:11,483 DEBUG SQL:104 - 
    insert 
    into
        DataPoint
        (xval, yval, description, id) 
    values
        (?, ?, ?, ?)
14:11:11,484 DEBUG SQL:104 - 
    insert 
    into
        DataPoint
        (xval, yval, description, id) 
    values
        (?, ?, ?, ?)
14:11:11,484 DEBUG SQL:104 - 
    insert 
    into
        DataPoint
        (xval, yval, description, id) 
    values
        (?, ?, ?, ?)
14:11:11,516 DEBUG SQL:104 - 
    insert 
    into
        DataPoint
        (xval, yval, description, id) 
    values
        (?, ?, ?, ?)
14:11:11,516 DEBUG SQL:104 - 
    insert 
    into
        DataPoint
        (xval, yval, description, id) 
    values
        (?, ?, ?, ?)
14:11:11,516 DEBUG SQL:104 - 
    insert 
    into
        DataPoint
        (xval, yval, description, id) 
    values
        (?, ?, ?, ?)
14:11:11,516 DEBUG SQL:104 - 
    insert 
    into
        DataPoint
        (xval, yval, description, id) 
    values
        (?, ?, ?, ?)
14:11:11,516 DEBUG SQL:104 - 
    insert 
    into
        DataPoint
        (xval, yval, description, id) 
    values
        (?, ?, ?, ?)
14:11:11,517 DEBUG SQL:104 - 
    insert 
    into
        DataPoint
        (xval, yval, description, id) 
    values
        (?, ?, ?, ?)
14:11:11,517 DEBUG SQL:104 - 
    insert 
    into
        DataPoint
        (xval, yval, description, id) 
    values
        (?, ?, ?, ?)
14:11:11,517 DEBUG SQL:104 - 
    insert 
    into
        DataPoint
        (xval, yval, description, id) 
    values
        (?, ?, ?, ?)
14:11:11,517 DEBUG SQL:104 - 
    insert 
    into
        DataPoint
        (xval, yval, description, id) 
    values
        (?, ?, ?, ?)
14:11:11,517 DEBUG SQL:104 - 
    insert 
    into
        DataPoint
        (xval, yval, description, id) 
    values
        (?, ?, ?, ?)
14:11:11,517 DEBUG SQL:104 - 
    insert 
    into
        DataPoint
        (xval, yval, description, id) 
    values
        (?, ?, ?, ?)
14:11:11,517 DEBUG SQL:104 - 
    insert 
    into
        DataPoint
        (xval, yval, description, id) 
    values
        (?, ?, ?, ?)
14:11:11,518 DEBUG SQL:104 - 
    insert 
    into
        DataPoint
        (xval, yval, description, id) 
    values
        (?, ?, ?, ?)
14:11:11,518 DEBUG SQL:104 - 
    insert 
    into
        DataPoint
        (xval, yval, description, id) 
    values
        (?, ?, ?, ?)
14:11:11,518 DEBUG SQL:104 - 
    insert 
    into
        DataPoint
        (xval, yval, description, id) 
    values
        (?, ?, ?, ?)
14:11:11,518 DEBUG SQL:104 - 
    insert 
    into
        DataPoint
        (xval, yval, description, id) 
    values
        (?, ?, ?, ?)
14:11:11,518 DEBUG SQL:104 - 
    insert 
    into
        DataPoint
        (xval, yval, description, id) 
    values
        (?, ?, ?, ?)
14:11:11,519 DEBUG SQL:104 - 
    insert 
    into
        DataPoint
        (xval, yval, description, id) 
    values
        (?, ?, ?, ?)
14:11:11,534 DEBUG SQL:104 - 
    insert 
    into
        DataPoint
        (xval, yval, description, id) 
    values
        (?, ?, ?, ?)
14:11:11,534 DEBUG SQL:104 - 
    insert 
    into
        DataPoint
        (xval, yval, description, id) 
    values
        (?, ?, ?, ?)
14:11:11,534 DEBUG SQL:104 - 
    insert 
    into
        DataPoint
        (xval, yval, description, id) 
    values
        (?, ?, ?, ?)
14:11:11,534 DEBUG SQL:104 - 
    insert 
    into
        DataPoint
        (xval, yval, description, id) 
    values
        (?, ?, ?, ?)
14:11:11,535 DEBUG SQL:104 - 
    insert 
    into
        DataPoint
        (xval, yval, description, id) 
    values
        (?, ?, ?, ?)
14:11:11,549 DEBUG SQL:104 - 
    insert 
    into
        DataPoint
        (xval, yval, description, id) 
    values
        (?, ?, ?, ?)
14:11:11,549 DEBUG SQL:104 - 
    insert 
    into
        DataPoint
        (xval, yval, description, id) 
    values
        (?, ?, ?, ?)
14:11:11,549 DEBUG SQL:104 - 
    insert 
    into
        DataPoint
        (xval, yval, description, id) 
    values
        (?, ?, ?, ?)
14:11:11,550 DEBUG SQL:104 - 
    insert 
    into
        DataPoint
        (xval, yval, description, id) 
    values
        (?, ?, ?, ?)
14:11:11,560 DEBUG SQL:104 - 
    insert 
    into
        DataPoint
        (xval, yval, description, id) 
    values
        (?, ?, ?, ?)
14:11:11,561 DEBUG SQL:104 - 
    insert 
    into
        DataPoint
        (xval, yval, description, id) 
    values
        (?, ?, ?, ?)
14:11:11,561 DEBUG SQL:104 - 
    insert 
    into
        DataPoint
        (xval, yval, description, id) 
    values
        (?, ?, ?, ?)
14:11:11,561 DEBUG SQL:104 - 
    insert 
    into
        DataPoint
        (xval, yval, description, id) 
    values
        (?, ?, ?, ?)
14:11:11,561 DEBUG SQL:104 - 
    insert 
    into
        DataPoint
        (xval, yval, description, id) 
    values
        (?, ?, ?, ?)
14:11:11,561 DEBUG SQL:104 - 
    insert 
    into
        DataPoint
        (xval, yval, description, id) 
    values
        (?, ?, ?, ?)
14:11:11,561 DEBUG SQL:104 - 
    insert 
    into
        DataPoint
        (xval, yval, description, id) 
    values
        (?, ?, ?, ?)
14:11:11,583 DEBUG SQL:104 - 
    insert 
    into
        DataPoint
        (xval, yval, description, id) 
    values
        (?, ?, ?, ?)
14:11:11,583 DEBUG SQL:104 - 
    insert 
    into
        DataPoint
        (xval, yval, description, id) 
    values
        (?, ?, ?, ?)
14:11:11,583 DEBUG SQL:104 - 
    insert 
    into
        DataPoint
        (xval, yval, description, id) 
    values
        (?, ?, ?, ?)
14:11:11,584 DEBUG SQL:104 - 
    insert 
    into
        DataPoint
        (xval, yval, description, id) 
    values
        (?, ?, ?, ?)
14:11:11,593 DEBUG SQL:104 - 
    insert 
    into
        DataPoint
        (xval, yval, description, id) 
    values
        (?, ?, ?, ?)
14:11:11,593 DEBUG SQL:104 - 
    insert 
    into
        DataPoint
        (xval, yval, description, id) 
    values
        (?, ?, ?, ?)
14:11:11,594 DEBUG SQL:104 - 
    insert 
    into
        DataPoint
        (xval, yval, description, id) 
    values
        (?, ?, ?, ?)
14:11:11,594 DEBUG SQL:104 - 
    insert 
    into
        DataPoint
        (xval, yval, description, id) 
    values
        (?, ?, ?, ?)
14:11:11,604 DEBUG SQL:104 - 
    insert 
    into
        DataPoint
        (xval, yval, description, id) 
    values
        (?, ?, ?, ?)
14:11:11,604 DEBUG SQL:104 - 
    insert 
    into
        DataPoint
        (xval, yval, description, id) 
    values
        (?, ?, ?, ?)
14:11:11,604 DEBUG SQL:104 - 
    insert 
    into
        DataPoint
        (xval, yval, description, id) 
    values
        (?, ?, ?, ?)
14:11:11,604 DEBUG SQL:104 - 
    insert 
    into
        DataPoint
        (xval, yval, description, id) 
    values
        (?, ?, ?, ?)
14:11:11,605 DEBUG SQL:104 - 
    insert 
    into
        DataPoint
        (xval, yval, description, id) 
    values
        (?, ?, ?, ?)
14:11:11,615 DEBUG SQL:104 - 
    insert 
    into
        DataPoint
        (xval, yval, description, id) 
    values
        (?, ?, ?, ?)
14:11:11,615 DEBUG SQL:104 - 
    insert 
    into
        DataPoint
        (xval, yval, description, id) 
    values
        (?, ?, ?, ?)
14:11:11,616 DEBUG SQL:104 - 
    insert 
    into
        DataPoint
        (xval, yval, description, id) 
    values
        (?, ?, ?, ?)
14:11:11,616 DEBUG SQL:104 - 
    insert 
    into
        DataPoint
        (xval, yval, description, id) 
    values
        (?, ?, ?, ?)
14:11:11,626 DEBUG SQL:104 - 
    insert 
    into
        DataPoint
        (xval, yval, description, id) 
    values
        (?, ?, ?, ?)
14:11:11,626 DEBUG SQL:104 - 
    insert 
    into
        DataPoint
        (xval, yval, description, id) 
    values
        (?, ?, ?, ?)
14:11:11,626 DEBUG SQL:104 - 
    insert 
    into
        DataPoint
        (xval, yval, description, id) 
    values
        (?, ?, ?, ?)
14:11:11,627 DEBUG SQL:104 - 
    insert 
    into
        DataPoint
        (xval, yval, description, id) 
    values
        (?, ?, ?, ?)
14:11:11,636 DEBUG SQL:104 - 
    insert 
    into
        DataPoint
        (xval, yval, description, id) 
    values
        (?, ?, ?, ?)
14:11:11,637 DEBUG SQL:104 - 
    insert 
    into
        DataPoint
        (xval, yval, description, id) 
    values
        (?, ?, ?, ?)
14:11:11,637 DEBUG SQL:104 - 
    insert 
    into
        DataPoint
        (xval, yval, description, id) 
    values
        (?, ?, ?, ?)
14:11:11,638 DEBUG SQL:104 - 
    insert 
    into
        DataPoint
        (xval, yval, description, id) 
    values
        (?, ?, ?, ?)
14:11:11,638 DEBUG SQL:104 - 
    insert 
    into
        DataPoint
        (xval, yval, description, id) 
    values
        (?, ?, ?, ?)
14:11:11,648 DEBUG SQL:104 - 
    insert 
    into
        DataPoint
        (xval, yval, description, id) 
    values
        (?, ?, ?, ?)
14:11:11,648 DEBUG SQL:104 - 
    insert 
    into
        DataPoint
        (xval, yval, description, id) 
    values
        (?, ?, ?, ?)
14:11:11,648 DEBUG SQL:104 - 
    insert 
    into
        DataPoint
        (xval, yval, description, id) 
    values
        (?, ?, ?, ?)
14:11:11,648 DEBUG SQL:104 - 
    insert 
    into
        DataPoint
        (xval, yval, description, id) 
    values
        (?, ?, ?, ?)
14:11:11,657 DEBUG SQL:104 - 
    insert 
    into
        DataPoint
        (xval, yval, description, id) 
    values
        (?, ?, ?, ?)
14:11:11,658 DEBUG SQL:104 - 
    insert 
    into
        DataPoint
        (xval, yval, description, id) 
    values
        (?, ?, ?, ?)
14:11:11,658 DEBUG SQL:104 - 
    insert 
    into
        DataPoint
        (xval, yval, description, id) 
    values
        (?, ?, ?, ?)
14:11:11,658 DEBUG SQL:104 - 
    insert 
    into
        DataPoint
        (xval, yval, description, id) 
    values
        (?, ?, ?, ?)
14:11:11,658 DEBUG SQL:104 - 
    insert 
    into
        DataPoint
        (xval, yval, description, id) 
    values
        (?, ?, ?, ?)
14:11:11,658 DEBUG SQL:104 - 
    insert 
    into
        DataPoint
        (xval, yval, description, id) 
    values
        (?, ?, ?, ?)
14:11:11,659 DEBUG SQL:104 - 
    insert 
    into
        DataPoint
        (xval, yval, description, id) 
    values
        (?, ?, ?, ?)
14:11:11,659 DEBUG SQL:104 - 
    insert 
    into
        DataPoint
        (xval, yval, description, id) 
    values
        (?, ?, ?, ?)
14:11:11,659 DEBUG SQL:104 - 
    insert 
    into
        DataPoint
        (xval, yval, description, id) 
    values
        (?, ?, ?, ?)
14:11:11,672 DEBUG SQL:104 - 
    insert 
    into
        DataPoint
        (xval, yval, description, id) 
    values
        (?, ?, ?, ?)
14:11:11,672 DEBUG SQL:104 - 
    insert 
    into
        DataPoint
        (xval, yval, description, id) 
    values
        (?, ?, ?, ?)
14:11:11,672 DEBUG SQL:104 - 
    insert 
    into
        DataPoint
        (xval, yval, description, id) 
    values
        (?, ?, ?, ?)
14:11:11,672 DEBUG SQL:104 - 
    insert 
    into
        DataPoint
        (xval, yval, description, id) 
    values
        (?, ?, ?, ?)
14:11:11,682 DEBUG SQL:104 - 
    insert 
    into
        DataPoint
        (xval, yval, description, id) 
    values
        (?, ?, ?, ?)
14:11:11,683 DEBUG SQL:104 - 
    insert 
    into
        DataPoint
        (xval, yval, description, id) 
    values
        (?, ?, ?, ?)
14:11:11,683 DEBUG SQL:104 - 
    insert 
    into
        DataPoint
        (xval, yval, description, id) 
    values
        (?, ?, ?, ?)
14:11:11,683 DEBUG SQL:104 - 
    insert 
    into
        DataPoint
        (xval, yval, description, id) 
    values
        (?, ?, ?, ?)
14:11:11,683 DEBUG SQL:104 - 
    insert 
    into
        DataPoint
        (xval, yval, description, id) 
    values
        (?, ?, ?, ?)
14:11:11,683 DEBUG SQL:104 - 
    insert 
    into
        DataPoint
        (xval, yval, description, id) 
    values
        (?, ?, ?, ?)
14:11:11,683 DEBUG SQL:104 - 
    insert 
    into
        DataPoint
        (xval, yval, description, id) 
    values
        (?, ?, ?, ?)
14:11:11,704 DEBUG SQL:104 - 
    insert 
    into
        DataPoint
        (xval, yval, description, id) 
    values
        (?, ?, ?, ?)
14:11:11,705 DEBUG SQL:104 - 
    insert 
    into
        DataPoint
        (xval, yval, description, id) 
    values
        (?, ?, ?, ?)
14:11:11,705 DEBUG SQL:104 - 
    insert 
    into
        DataPoint
        (xval, yval, description, id) 
    values
        (?, ?, ?, ?)
14:11:11,705 DEBUG SQL:104 - 
    insert 
    into
        DataPoint
        (xval, yval, description, id) 
    values
        (?, ?, ?, ?)
14:11:11,714 DEBUG SQL:104 - 
    insert 
    into
        DataPoint
        (xval, yval, description, id) 
    values
        (?, ?, ?, ?)
14:11:11,715 DEBUG SQL:104 - 
    insert 
    into
        DataPoint
        (xval, yval, description, id) 
    values
        (?, ?, ?, ?)
14:11:11,715 DEBUG SQL:104 - 
    insert 
    into
        DataPoint
        (xval, yval, description, id) 
    values
        (?, ?, ?, ?)
14:11:11,715 DEBUG SQL:104 - 
    insert 
    into
        DataPoint
        (xval, yval, description, id) 
    values
        (?, ?, ?, ?)
14:11:11,715 DEBUG SQL:104 - 
    insert 
    into
        DataPoint
        (xval, yval, description, id) 
    values
        (?, ?, ?, ?)
14:11:11,725 DEBUG SQL:104 - 
    insert 
    into
        DataPoint
        (xval, yval, description, id) 
    values
        (?, ?, ?, ?)
14:11:11,726 DEBUG SQL:104 - 
    insert 
    into
        DataPoint
        (xval, yval, description, id) 
    values
        (?, ?, ?, ?)
14:11:11,726 DEBUG SQL:104 - 
    insert 
    into
        DataPoint
        (xval, yval, description, id) 
    values
        (?, ?, ?, ?)
14:11:11,726 DEBUG SQL:104 - 
    insert 
    into
        DataPoint
        (xval, yval, description, id) 
    values
        (?, ?, ?, ?)
14:11:11,736 DEBUG SQL:104 - 
    insert 
    into
        DataPoint
        (xval, yval, description, id) 
    values
        (?, ?, ?, ?)
14:11:11,736 DEBUG SQL:104 - 
    insert 
    into
        DataPoint
        (xval, yval, description, id) 
    values
        (?, ?, ?, ?)
14:11:11,736 DEBUG SQL:104 - 
    insert 
    into
        DataPoint
        (xval, yval, description, id) 
    values
        (?, ?, ?, ?)
14:11:11,736 DEBUG SQL:104 - 
    insert 
    into
        DataPoint
        (xval, yval, description, id) 
    values
        (?, ?, ?, ?)
14:11:11,747 DEBUG SQL:104 - 
    insert 
    into
        DataPoint
        (xval, yval, description, id) 
    values
        (?, ?, ?, ?)
14:11:11,747 DEBUG SQL:104 - 
    insert 
    into
        DataPoint
        (xval, yval, description, id) 
    values
        (?, ?, ?, ?)
14:11:11,747 DEBUG SQL:104 - 
    insert 
    into
        DataPoint
        (xval, yval, description, id) 
    values
        (?, ?, ?, ?)
14:11:11,747 DEBUG SQL:104 - 
    insert 
    into
        DataPoint
        (xval, yval, description, id) 
    values
        (?, ?, ?, ?)
14:11:11,747 DEBUG SQL:104 - 
    insert 
    into
        DataPoint
        (xval, yval, description, id) 
    values
        (?, ?, ?, ?)
14:11:11,756 DEBUG SQL:104 - 
    insert 
    into
        DataPoint
        (xval, yval, description, id) 
    values
        (?, ?, ?, ?)
14:11:11,756 DEBUG SQL:104 - 
    insert 
    into
        DataPoint
        (xval, yval, description, id) 
    values
        (?, ?, ?, ?)
14:11:11,756 DEBUG SQL:104 - 
    insert 
    into
        DataPoint
        (xval, yval, description, id) 
    values
        (?, ?, ?, ?)
14:11:11,757 DEBUG SQL:104 - 
    insert 
    into
        DataPoint
        (xval, yval, description, id) 
    values
        (?, ?, ?, ?)
14:11:11,766 DEBUG SQL:104 - 
    insert 
    into
        DataPoint
        (xval, yval, description, id) 
    values
        (?, ?, ?, ?)
14:11:11,767 DEBUG SQL:104 - 
    insert 
    into
        DataPoint
        (xval, yval, description, id) 
    values
        (?, ?, ?, ?)
14:11:11,767 DEBUG SQL:104 - 
    insert 
    into
        DataPoint
        (xval, yval, description, id) 
    values
        (?, ?, ?, ?)
14:11:11,767 DEBUG SQL:104 - 
    insert 
    into
        DataPoint
        (xval, yval, description, id) 
    values
        (?, ?, ?, ?)
14:11:11,776 DEBUG SQL:104 - 
    insert 
    into
        DataPoint
        (xval, yval, description, id) 
    values
        (?, ?, ?, ?)
14:11:11,777 DEBUG SQL:104 - 
    insert 
    into
        DataPoint
        (xval, yval, description, id) 
    values
        (?, ?, ?, ?)
14:11:11,777 DEBUG SQL:104 - 
    insert 
    into
        DataPoint
        (xval, yval, description, id) 
    values
        (?, ?, ?, ?)
14:11:11,777 DEBUG SQL:104 - 
    insert 
    into
        DataPoint
        (xval, yval, description, id) 
    values
        (?, ?, ?, ?)
14:11:11,778 DEBUG SQL:104 - 
    insert 
    into
        DataPoint
        (xval, yval, description, id) 
    values
        (?, ?, ?, ?)
14:11:11,789 DEBUG SQL:104 - 
    insert 
    into
        DataPoint
        (xval, yval, description, id) 
    values
        (?, ?, ?, ?)
14:11:11,790 DEBUG SQL:104 - 
    insert 
    into
        DataPoint
        (xval, yval, description, id) 
    values
        (?, ?, ?, ?)
14:11:11,790 DEBUG SQL:104 - 
    insert 
    into
        DataPoint
        (xval, yval, description, id) 
    values
        (?, ?, ?, ?)
14:11:11,790 DEBUG SQL:104 - 
    insert 
    into
        DataPoint
        (xval, yval, description, id) 
    values
        (?, ?, ?, ?)
14:11:11,790 DEBUG SQL:104 - 
    insert 
    into
        DataPoint
        (xval, yval, description, id) 
    values
        (?, ?, ?, ?)
14:11:11,790 DEBUG SQL:104 - 
    insert 
    into
        DataPoint
        (xval, yval, description, id) 
    values
        (?, ?, ?, ?)
14:11:11,790 DEBUG SQL:104 - 
    insert 
    into
        DataPoint
        (xval, yval, description, id) 
    values
        (?, ?, ?, ?)
14:11:11,790 DEBUG SQL:104 - 
    insert 
    into
        DataPoint
        (xval, yval, description, id) 
    values
        (?, ?, ?, ?)
14:11:11,801 DEBUG SQL:104 - 
    insert 
    into
        DataPoint
        (xval, yval, description, id) 
    values
        (?, ?, ?, ?)
14:11:11,802 DEBUG SQL:104 - 
    insert 
    into
        DataPoint
        (xval, yval, description, id) 
    values
        (?, ?, ?, ?)
14:11:11,802 DEBUG SQL:104 - 
    insert 
    into
        DataPoint
        (xval, yval, description, id) 
    values
        (?, ?, ?, ?)
14:11:11,802 DEBUG SQL:104 - 
    insert 
    into
        DataPoint
        (xval, yval, description, id) 
    values
        (?, ?, ?, ?)
14:11:11,802 DEBUG SQL:104 - 
    insert 
    into
        DataPoint
        (xval, yval, description, id) 
    values
        (?, ?, ?, ?)
14:11:11,813 DEBUG SQL:104 - 
    insert 
    into
        DataPoint
        (xval, yval, description, id) 
    values
        (?, ?, ?, ?)
14:11:11,813 DEBUG SQL:104 - 
    insert 
    into
        DataPoint
        (xval, yval, description, id) 
    values
        (?, ?, ?, ?)
14:11:11,813 DEBUG SQL:104 - 
    insert 
    into
        DataPoint
        (xval, yval, description, id) 
    values
        (?, ?, ?, ?)
14:11:11,813 DEBUG SQL:104 - 
    insert 
    into
        DataPoint
        (xval, yval, description, id) 
    values
        (?, ?, ?, ?)
14:11:11,813 DEBUG SQL:104 - 
    insert 
    into
        DataPoint
        (xval, yval, description, id) 
    values
        (?, ?, ?, ?)
14:11:11,814 DEBUG SQL:104 - 
    insert 
    into
        DataPoint
        (xval, yval, description, id) 
    values
        (?, ?, ?, ?)
14:11:11,839 DEBUG SQL:104 - 
    insert 
    into
        DataPoint
        (xval, yval, description, id) 
    values
        (?, ?, ?, ?)
14:11:11,839 DEBUG SQL:104 - 
    insert 
    into
        DataPoint
        (xval, yval, description, id) 
    values
        (?, ?, ?, ?)
14:11:11,840 DEBUG SQL:104 - 
    insert 
    into
        DataPoint
        (xval, yval, description, id) 
    values
        (?, ?, ?, ?)
14:11:11,840 DEBUG SQL:104 - 
    insert 
    into
        DataPoint
        (xval, yval, description, id) 
    values
        (?, ?, ?, ?)
14:11:11,840 DEBUG SQL:104 - 
    insert 
    into
        DataPoint
        (xval, yval, description, id) 
    values
        (?, ?, ?, ?)
14:11:11,849 DEBUG SQL:104 - 
    insert 
    into
        DataPoint
        (xval, yval, description, id) 
    values
        (?, ?, ?, ?)
14:11:11,849 DEBUG SQL:104 - 
    insert 
    into
        DataPoint
        (xval, yval, description, id) 
    values
        (?, ?, ?, ?)
14:11:11,849 DEBUG SQL:104 - 
    insert 
    into
        DataPoint
        (xval, yval, description, id) 
    values
        (?, ?, ?, ?)
14:11:11,849 DEBUG SQL:104 - 
    insert 
    into
        DataPoint
        (xval, yval, description, id) 
    values
        (?, ?, ?, ?)
14:11:11,859 DEBUG SQL:104 - 
    insert 
    into
        DataPoint
        (xval, yval, description, id) 
    values
        (?, ?, ?, ?)
14:11:11,859 DEBUG SQL:104 - 
    insert 
    into
        DataPoint
        (xval, yval, description, id) 
    values
        (?, ?, ?, ?)
14:11:11,859 DEBUG SQL:104 - 
    insert 
    into
        DataPoint
        (xval, yval, description, id) 
    values
        (?, ?, ?, ?)
14:11:11,859 DEBUG SQL:104 - 
    insert 
    into
        DataPoint
        (xval, yval, description, id) 
    values
        (?, ?, ?, ?)
14:11:11,868 DEBUG SQL:104 - 
    insert 
    into
        DataPoint
        (xval, yval, description, id) 
    values
        (?, ?, ?, ?)
14:11:11,868 DEBUG SQL:104 - 
    insert 
    into
        DataPoint
        (xval, yval, description, id) 
    values
        (?, ?, ?, ?)
14:11:11,869 DEBUG SQL:104 - 
    insert 
    into
        DataPoint
        (xval, yval, description, id) 
    values
        (?, ?, ?, ?)
14:11:11,869 DEBUG SQL:104 - 
    insert 
    into
        DataPoint
        (xval, yval, description, id) 
    values
        (?, ?, ?, ?)
14:11:11,869 DEBUG SQL:104 - 
    insert 
    into
        DataPoint
        (xval, yval, description, id) 
    values
        (?, ?, ?, ?)
14:11:11,878 DEBUG SQL:104 - 
    insert 
    into
        DataPoint
        (xval, yval, description, id) 
    values
        (?, ?, ?, ?)
14:11:11,880 DEBUG SQL:104 - 
    insert 
    into
        DataPoint
        (xval, yval, description, id) 
    values
        (?, ?, ?, ?)
14:11:11,880 DEBUG SQL:104 - 
    insert 
    into
        DataPoint
        (xval, yval, description, id) 
    values
        (?, ?, ?, ?)
14:11:11,880 DEBUG SQL:104 - 
    insert 
    into
        DataPoint
        (xval, yval, description, id) 
    values
        (?, ?, ?, ?)
14:11:12,040 DEBUG SQL:104 - 
    insert 
    into
        DataPoint
        (xval, yval, description, id) 
    values
        (?, ?, ?, ?)
14:11:12,041 DEBUG SQL:104 - 
    insert 
    into
        DataPoint
        (xval, yval, description, id) 
    values
        (?, ?, ?, ?)
14:11:12,041 DEBUG SQL:104 - 
    insert 
    into
        DataPoint
        (xval, yval, description, id) 
    values
        (?, ?, ?, ?)
14:11:12,041 DEBUG SQL:104 - 
    insert 
    into
        DataPoint
        (xval, yval, description, id) 
    values
        (?, ?, ?, ?)
14:11:12,041 DEBUG SQL:104 - 
    insert 
    into
        DataPoint
        (xval, yval, description, id) 
    values
        (?, ?, ?, ?)
14:11:12,041 DEBUG SQL:104 - 
    insert 
    into
        DataPoint
        (xval, yval, description, id) 
    values
        (?, ?, ?, ?)
14:11:12,042 DEBUG SQL:104 - 
    insert 
    into
        DataPoint
        (xval, yval, description, id) 
    values
        (?, ?, ?, ?)
14:11:12,042 DEBUG SQL:104 - 
    insert 
    into
        DataPoint
        (xval, yval, description, id) 
    values
        (?, ?, ?, ?)
14:11:12,042 DEBUG SQL:104 - 
    insert 
    into
        DataPoint
        (xval, yval, description, id) 
    values
        (?, ?, ?, ?)
14:11:12,045 DEBUG SQL:104 - 
    insert 
    into
        DataPoint
        (xval, yval, description, id) 
    values
        (?, ?, ?, ?)
14:11:12,046 DEBUG SQL:104 - 
    insert 
    into
        DataPoint
        (xval, yval, description, id) 
    values
        (?, ?, ?, ?)
14:11:12,046 DEBUG SQL:104 - 
    insert 
    into
        DataPoint
        (xval, yval, description, id) 
    values
        (?, ?, ?, ?)
14:11:12,046 DEBUG SQL:104 - 
    insert 
    into
        DataPoint
        (xval, yval, description, id) 
    values
        (?, ?, ?, ?)
14:11:12,046 DEBUG SQL:104 - 
    insert 
    into
        DataPoint
        (xval, yval, description, id) 
    values
        (?, ?, ?, ?)
14:11:12,046 DEBUG SQL:104 - 
    insert 
    into
        DataPoint
        (xval, yval, description, id) 
    values
        (?, ?, ?, ?)
14:11:12,060 DEBUG SQL:104 - 
    insert 
    into
        DataPoint
        (xval, yval, description, id) 
    values
        (?, ?, ?, ?)
14:11:12,060 DEBUG SQL:104 - 
    insert 
    into
        DataPoint
        (xval, yval, description, id) 
    values
        (?, ?, ?, ?)
14:11:12,061 DEBUG SQL:104 - 
    insert 
    into
        DataPoint
        (xval, yval, description, id) 
    values
        (?, ?, ?, ?)
14:11:12,061 DEBUG SQL:104 - 
    insert 
    into
        DataPoint
        (xval, yval, description, id) 
    values
        (?, ?, ?, ?)
14:11:12,061 DEBUG SQL:104 - 
    insert 
    into
        DataPoint
        (xval, yval, description, id) 
    values
        (?, ?, ?, ?)
14:11:12,073 DEBUG SQL:104 - 
    insert 
    into
        DataPoint
        (xval, yval, description, id) 
    values
        (?, ?, ?, ?)
14:11:12,073 DEBUG SQL:104 - 
    insert 
    into
        DataPoint
        (xval, yval, description, id) 
    values
        (?, ?, ?, ?)
14:11:12,073 DEBUG SQL:104 - 
    insert 
    into
        DataPoint
        (xval, yval, description, id) 
    values
        (?, ?, ?, ?)
14:11:12,073 DEBUG SQL:104 - 
    insert 
    into
        DataPoint
        (xval, yval, description, id) 
    values
        (?, ?, ?, ?)
14:11:12,084 DEBUG SQL:104 - 
    insert 
    into
        DataPoint
        (xval, yval, description, id) 
    values
        (?, ?, ?, ?)
14:11:12,084 DEBUG SQL:104 - 
    insert 
    into
        DataPoint
        (xval, yval, description, id) 
    values
        (?, ?, ?, ?)
14:11:12,095 DEBUG SQL:104 - 
    insert 
    into
        DataPoint
        (xval, yval, description, id) 
    values
        (?, ?, ?, ?)
14:11:12,096 DEBUG SQL:104 - 
    insert 
    into
        DataPoint
        (xval, yval, description, id) 
    values
        (?, ?, ?, ?)
14:11:12,096 DEBUG SQL:104 - 
    insert 
    into
        DataPoint
        (xval, yval, description, id) 
    values
        (?, ?, ?, ?)
14:11:12,096 DEBUG SQL:104 - 
    insert 
    into
        DataPoint
        (xval, yval, description, id) 
    values
        (?, ?, ?, ?)
14:11:12,096 DEBUG SQL:104 - 
    insert 
    into
        DataPoint
        (xval, yval, description, id) 
    values
        (?, ?, ?, ?)
14:11:12,107 DEBUG SQL:104 - 
    insert 
    into
        DataPoint
        (xval, yval, description, id) 
    values
        (?, ?, ?, ?)
14:11:12,107 DEBUG SQL:104 - 
    insert 
    into
        DataPoint
        (xval, yval, description, id) 
    values
        (?, ?, ?, ?)
14:11:12,107 DEBUG SQL:104 - 
    insert 
    into
        DataPoint
        (xval, yval, description, id) 
    values
        (?, ?, ?, ?)
14:11:12,107 DEBUG SQL:104 - 
    insert 
    into
        DataPoint
        (xval, yval, description, id) 
    values
        (?, ?, ?, ?)
14:11:12,120 DEBUG SQL:104 - 
    insert 
    into
        DataPoint
        (xval, yval, description, id) 
    values
        (?, ?, ?, ?)
14:11:12,120 DEBUG SQL:104 - 
    insert 
    into
        DataPoint
        (xval, yval, description, id) 
    values
        (?, ?, ?, ?)
14:11:12,121 DEBUG SQL:104 - 
    insert 
    into
        DataPoint
        (xval, yval, description, id) 
    values
        (?, ?, ?, ?)
14:11:12,121 DEBUG SQL:104 - 
    insert 
    into
        DataPoint
        (xval, yval, description, id) 
    values
        (?, ?, ?, ?)
14:11:12,132 DEBUG SQL:104 - 
    insert 
    into
        DataPoint
        (xval, yval, description, id) 
    values
        (?, ?, ?, ?)
14:11:12,132 DEBUG SQL:104 - 
    insert 
    into
        DataPoint
        (xval, yval, description, id) 
    values
        (?, ?, ?, ?)
14:11:12,132 DEBUG SQL:104 - 
    insert 
    into
        DataPoint
        (xval, yval, description, id) 
    values
        (?, ?, ?, ?)
14:11:12,133 DEBUG SQL:104 - 
    insert 
    into
        DataPoint
        (xval, yval, description, id) 
    values
        (?, ?, ?, ?)
14:11:12,133 DEBUG SQL:104 - 
    insert 
    into
        DataPoint
        (xval, yval, description, id) 
    values
        (?, ?, ?, ?)
14:11:12,145 DEBUG SQL:104 - 
    insert 
    into
        DataPoint
        (xval, yval, description, id) 
    values
        (?, ?, ?, ?)
14:11:12,145 DEBUG SQL:104 - 
    insert 
    into
        DataPoint
        (xval, yval, description, id) 
    values
        (?, ?, ?, ?)
14:11:12,145 DEBUG SQL:104 - 
    insert 
    into
        DataPoint
        (xval, yval, description, id) 
    values
        (?, ?, ?, ?)
14:11:12,145 DEBUG SQL:104 - 
    insert 
    into
        DataPoint
        (xval, yval, description, id) 
    values
        (?, ?, ?, ?)
14:11:12,157 DEBUG SQL:104 - 
    insert 
    into
        DataPoint
        (xval, yval, description, id) 
    values
        (?, ?, ?, ?)
14:11:12,157 DEBUG SQL:104 - 
    insert 
    into
        DataPoint
        (xval, yval, description, id) 
    values
        (?, ?, ?, ?)
14:11:12,157 DEBUG SQL:104 - 
    insert 
    into
        DataPoint
        (xval, yval, description, id) 
    values
        (?, ?, ?, ?)
14:11:12,157 DEBUG SQL:104 - 
    insert 
    into
        DataPoint
        (xval, yval, description, id) 
    values
        (?, ?, ?, ?)
14:11:12,169 DEBUG SQL:104 - 
    insert 
    into
        DataPoint
        (xval, yval, description, id) 
    values
        (?, ?, ?, ?)
14:11:12,169 DEBUG SQL:104 - 
    insert 
    into
        DataPoint
        (xval, yval, description, id) 
    values
        (?, ?, ?, ?)
14:11:12,169 DEBUG SQL:104 - 
    insert 
    into
        DataPoint
        (xval, yval, description, id) 
    values
        (?, ?, ?, ?)
14:11:12,169 DEBUG SQL:104 - 
    insert 
    into
        DataPoint
        (xval, yval, description, id) 
    values
        (?, ?, ?, ?)
14:11:12,169 DEBUG SQL:104 - 
    insert 
    into
        DataPoint
        (xval, yval, description, id) 
    values
        (?, ?, ?, ?)
14:11:12,170 DEBUG SQL:104 - 
    insert 
    into
        DataPoint
        (xval, yval, description, id) 
    values
        (?, ?, ?, ?)
14:11:12,170 DEBUG SQL:104 - 
    insert 
    into
        DataPoint
        (xval, yval, description, id) 
    values
        (?, ?, ?, ?)
14:11:12,170 DEBUG SQL:104 - 
    insert 
    into
        DataPoint
        (xval, yval, description, id) 
    values
        (?, ?, ?, ?)
14:11:12,171 DEBUG SQL:104 - 
    insert 
    into
        DataPoint
        (xval, yval, description, id) 
    values
        (?, ?, ?, ?)
14:11:12,184 DEBUG SQL:104 - 
    insert 
    into
        DataPoint
        (xval, yval, description, id) 
    values
        (?, ?, ?, ?)
14:11:12,185 DEBUG SQL:104 - 
    insert 
    into
        DataPoint
        (xval, yval, description, id) 
    values
        (?, ?, ?, ?)
14:11:12,185 DEBUG SQL:104 - 
    insert 
    into
        DataPoint
        (xval, yval, description, id) 
    values
        (?, ?, ?, ?)
14:11:12,185 DEBUG SQL:104 - 
    insert 
    into
        DataPoint
        (xval, yval, description, id) 
    values
        (?, ?, ?, ?)
14:11:12,198 DEBUG SQL:104 - 
    insert 
    into
        DataPoint
        (xval, yval, description, id) 
    values
        (?, ?, ?, ?)
14:11:12,198 DEBUG SQL:104 - 
    insert 
    into
        DataPoint
        (xval, yval, description, id) 
    values
        (?, ?, ?, ?)
14:11:12,198 DEBUG SQL:104 - 
    insert 
    into
        DataPoint
        (xval, yval, description, id) 
    values
        (?, ?, ?, ?)
14:11:12,199 DEBUG SQL:104 - 
    insert 
    into
        DataPoint
        (xval, yval, description, id) 
    values
        (?, ?, ?, ?)
14:11:12,199 DEBUG SQL:104 - 
    insert 
    into
        DataPoint
        (xval, yval, description, id) 
    values
        (?, ?, ?, ?)
14:11:12,210 DEBUG SQL:104 - 
    insert 
    into
        DataPoint
        (xval, yval, description, id) 
    values
        (?, ?, ?, ?)
14:11:12,211 DEBUG SQL:104 - 
    insert 
    into
        DataPoint
        (xval, yval, description, id) 
    values
        (?, ?, ?, ?)
14:11:12,222 DEBUG SQL:104 - 
    insert 
    into
        DataPoint
        (xval, yval, description, id) 
    values
        (?, ?, ?, ?)
14:11:12,223 DEBUG SQL:104 - 
    insert 
    into
        DataPoint
        (xval, yval, description, id) 
    values
        (?, ?, ?, ?)
14:11:12,223 DEBUG SQL:104 - 
    insert 
    into
        DataPoint
        (xval, yval, description, id) 
    values
        (?, ?, ?, ?)
14:11:12,223 DEBUG SQL:104 - 
    insert 
    into
        DataPoint
        (xval, yval, description, id) 
    values
        (?, ?, ?, ?)
14:11:12,235 DEBUG SQL:104 - 
    insert 
    into
        DataPoint
        (xval, yval, description, id) 
    values
        (?, ?, ?, ?)
14:11:12,343 DEBUG QueryTranslatorImpl:265 - parse() - HQL: from org.hibernate.test.batch.DataPoint dp order by dp.x asc
14:11:12,395 DEBUG QueryTranslatorImpl:283 - --- HQL AST ---
 \-[QUERY] Node: 'query'
    +-[SELECT_FROM] Node: 'SELECT_FROM'
    |  \-[FROM] Node: 'from'
    |     \-[RANGE] Node: 'RANGE'
    |        +-[DOT] Node: '.'
    |        |  +-[DOT] Node: '.'
    |        |  |  +-[DOT] Node: '.'
    |        |  |  |  +-[DOT] Node: '.'
    |        |  |  |  |  +-[IDENT] Node: 'org'
    |        |  |  |  |  \-[IDENT] Node: 'hibernate'
    |        |  |  |  \-[IDENT] Node: 'test'
    |        |  |  \-[IDENT] Node: 'batch'
    |        |  \-[IDENT] Node: 'DataPoint'
    |        \-[ALIAS] Node: 'dp'
    \-[ORDER] Node: 'order'
       +-[DOT] Node: '.'
       |  +-[IDENT] Node: 'dp'
       |  \-[IDENT] Node: 'x'
       \-[ASCENDING] Node: 'asc'

14:11:12,396 DEBUG ErrorCounter:82 - throwQueryException() : no errors
14:11:12,397 DEBUG FromElement:157 - FromClause{level=1} : org.hibernate.test.batch.DataPoint (dp) -> datapoint0_
14:11:12,397 DEBUG FromReferenceNode:74 - Resolved : dp -> datapoint0_.id
14:11:12,397 DEBUG DotNode:599 - getDataType() : x -> org.hibernate.type.BigDecimalType@3bb4a749
14:11:12,397 DEBUG FromReferenceNode:74 - Resolved : dp.x -> datapoint0_.xval
14:11:12,397 DEBUG HqlSqlWalker:629 - processQuery() :  ( SELECT ( FromClause{level=1} DataPoint datapoint0_ ) ( order ( datapoint0_.xval datapoint0_.id x ) asc ) )
14:11:12,398 DEBUG HqlSqlWalker:869 - Derived SELECT clause created.
14:11:12,398 DEBUG JoinProcessor:175 - Using FROM fragment [DataPoint datapoint0_]
14:11:12,399 DEBUG QueryTranslatorImpl:252 - --- SQL AST ---
 \-[SELECT] QueryNode: 'SELECT'  querySpaces (DataPoint)
    +-[SELECT_CLAUSE] SelectClause: '{derived select clause}'
    |  +-[SELECT_EXPR] SelectExpressionImpl: 'datapoint0_.id as id0_' {FromElement{explicit,not a collection join,not a fetch join,fetch non-lazy properties,classAlias=dp,role=null,tableName=DataPoint,tableAlias=datapoint0_,origin=null,columns={,className=org.hibernate.test.batch.DataPoint}}}
    |  \-[SQL_TOKEN] SqlFragment: 'datapoint0_.xval as xval0_, datapoint0_.yval as yval0_, datapoint0_.description as descript4_0_'
    +-[FROM] FromClause: 'from' FromClause{level=1, fromElementCounter=1, fromElements=1, fromElementByClassAlias=[dp], fromElementByTableAlias=[datapoint0_], fromElementsByPath=[], collectionJoinFromElementsByPath=[], impliedElements=[]}
    |  \-[FROM_FRAGMENT] FromElement: 'DataPoint datapoint0_' FromElement{explicit,not a collection join,not a fetch join,fetch non-lazy properties,classAlias=dp,role=null,tableName=DataPoint,tableAlias=datapoint0_,origin=null,columns={,className=org.hibernate.test.batch.DataPoint}}
    \-[ORDER] OrderByClause: 'order'
       +-[DOT] DotNode: 'datapoint0_.xval' {propertyName=x,dereferenceType=ALL,propertyPath=x,path=dp.x,tableAlias=datapoint0_,className=org.hibernate.test.batch.DataPoint,classAlias=dp}
       |  +-[ALIAS_REF] IdentNode: 'datapoint0_.id' {alias=dp, className=org.hibernate.test.batch.DataPoint, tableAlias=datapoint0_}
       |  \-[IDENT] IdentNode: 'x' {originalText=x}
       \-[ASCENDING] SqlNode: 'asc'

14:11:12,399 DEBUG ErrorCounter:82 - throwQueryException() : no errors
14:11:12,399 DEBUG QueryTranslatorImpl:235 - HQL: from org.hibernate.test.batch.DataPoint dp order by dp.x asc
14:11:12,399 DEBUG QueryTranslatorImpl:236 - SQL: select datapoint0_.id as id0_, datapoint0_.xval as xval0_, datapoint0_.yval as yval0_, datapoint0_.description as descript4_0_ from DataPoint datapoint0_ order by datapoint0_.xval asc
14:11:12,399 DEBUG ErrorCounter:82 - throwQueryException() : no errors
14:11:12,400 DEBUG SQL:104 - 
    select
        datapoint0_.id as id0_,
        datapoint0_.xval as xval0_,
        datapoint0_.yval as yval0_,
        datapoint0_.description as descript4_0_ 
    from
        DataPoint datapoint0_ 
    order by
        datapoint0_.xval asc
14:11:12,463 DEBUG SQL:104 - 
    update
        DataPoint 
    set
        description=? 
    where
        id=?
14:11:12,463 DEBUG SQL:104 - 
    update
        DataPoint 
    set
        description=? 
    where
        id=?
14:11:12,464 DEBUG SQL:104 - 
    update
        DataPoint 
    set
        description=? 
    where
        id=?
14:11:12,464 DEBUG SQL:104 - 
    update
        DataPoint 
    set
        description=? 
    where
        id=?
14:11:12,464 DEBUG SQL:104 - 
    update
        DataPoint 
    set
        description=? 
    where
        id=?
14:11:12,464 DEBUG SQL:104 - 
    update
        DataPoint 
    set
        description=? 
    where
        id=?
14:11:12,464 DEBUG SQL:104 - 
    update
        DataPoint 
    set
        description=? 
    where
        id=?
14:11:12,464 DEBUG SQL:104 - 
    update
        DataPoint 
    set
        description=? 
    where
        id=?
14:11:12,465 DEBUG SQL:104 - 
    update
        DataPoint 
    set
        description=? 
    where
        id=?
14:11:12,465 DEBUG SQL:104 - 
    update
        DataPoint 
    set
        description=? 
    where
        id=?
14:11:12,465 DEBUG SQL:104 - 
    update
        DataPoint 
    set
        description=? 
    where
        id=?
14:11:12,465 DEBUG SQL:104 - 
    update
        DataPoint 
    set
        description=? 
    where
        id=?
14:11:12,465 DEBUG SQL:104 - 
    update
        DataPoint 
    set
        description=? 
    where
        id=?
14:11:12,465 DEBUG SQL:104 - 
    update
        DataPoint 
    set
        description=? 
    where
        id=?
14:11:12,465 DEBUG SQL:104 - 
    update
        DataPoint 
    set
        description=? 
    where
        id=?
14:11:12,466 DEBUG SQL:104 - 
    update
        DataPoint 
    set
        description=? 
    where
        id=?
14:11:12,466 DEBUG SQL:104 - 
    update
        DataPoint 
    set
        description=? 
    where
        id=?
14:11:12,466 DEBUG SQL:104 - 
    update
        DataPoint 
    set
        description=? 
    where
        id=?
14:11:12,466 DEBUG SQL:104 - 
    update
        DataPoint 
    set
        description=? 
    where
        id=?
14:11:12,466 DEBUG SQL:104 - 
    update
        DataPoint 
    set
        description=? 
    where
        id=?
14:11:12,470 DEBUG SQL:104 - 
    update
        DataPoint 
    set
        description=? 
    where
        id=?
14:11:12,471 DEBUG SQL:104 - 
    update
        DataPoint 
    set
        description=? 
    where
        id=?
14:11:12,471 DEBUG SQL:104 - 
    update
        DataPoint 
    set
        description=? 
    where
        id=?
14:11:12,471 DEBUG SQL:104 - 
    update
        DataPoint 
    set
        description=? 
    where
        id=?
14:11:12,492 DEBUG SQL:104 - 
    update
        DataPoint 
    set
        description=? 
    where
        id=?
14:11:12,493 DEBUG SQL:104 - 
    update
        DataPoint 
    set
        description=? 
    where
        id=?
14:11:12,493 DEBUG SQL:104 - 
    update
        DataPoint 
    set
        description=? 
    where
        id=?
14:11:12,493 DEBUG SQL:104 - 
    update
        DataPoint 
    set
        description=? 
    where
        id=?
14:11:12,493 DEBUG SQL:104 - 
    update
        DataPoint 
    set
        description=? 
    where
        id=?
14:11:12,494 DEBUG SQL:104 - 
    update
        DataPoint 
    set
        description=? 
    where
        id=?
14:11:12,494 DEBUG SQL:104 - 
    update
        DataPoint 
    set
        description=? 
    where
        id=?
14:11:12,494 DEBUG SQL:104 - 
    update
        DataPoint 
    set
        description=? 
    where
        id=?
14:11:12,494 DEBUG SQL:104 - 
    update
        DataPoint 
    set
        description=? 
    where
        id=?
14:11:12,506 DEBUG SQL:104 - 
    update
        DataPoint 
    set
        description=? 
    where
        id=?
14:11:12,506 DEBUG SQL:104 - 
    update
        DataPoint 
    set
        description=? 
    where
        id=?
14:11:12,507 DEBUG SQL:104 - 
    update
        DataPoint 
    set
        description=? 
    where
        id=?
14:11:12,507 DEBUG SQL:104 - 
    update
        DataPoint 
    set
        description=? 
    where
        id=?
14:11:12,540 DEBUG SQL:104 - 
    update
        DataPoint 
    set
        description=? 
    where
        id=?
14:11:12,540 DEBUG SQL:104 - 
    update
        DataPoint 
    set
        description=? 
    where
        id=?
14:11:12,540 DEBUG SQL:104 - 
    update
        DataPoint 
    set
        description=? 
    where
        id=?
14:11:12,544 DEBUG SQL:104 - 
    update
        DataPoint 
    set
        description=? 
    where
        id=?
14:11:12,544 DEBUG SQL:104 - 
    update
        DataPoint 
    set
        description=? 
    where
        id=?
14:11:12,545 DEBUG SQL:104 - 
    update
        DataPoint 
    set
        description=? 
    where
        id=?
14:11:12,545 DEBUG SQL:104 - 
    update
        DataPoint 
    set
        description=? 
    where
        id=?
14:11:12,567 DEBUG SQL:104 - 
    update
        DataPoint 
    set
        description=? 
    where
        id=?
14:11:12,568 DEBUG SQL:104 - 
    update
        DataPoint 
    set
        description=? 
    where
        id=?
14:11:12,568 DEBUG SQL:104 - 
    update
        DataPoint 
    set
        description=? 
    where
        id=?
14:11:12,568 DEBUG SQL:104 - 
    update
        DataPoint 
    set
        description=? 
    where
        id=?
14:11:12,580 DEBUG SQL:104 - 
    update
        DataPoint 
    set
        description=? 
    where
        id=?
14:11:12,580 DEBUG SQL:104 - 
    update
        DataPoint 
    set
        description=? 
    where
        id=?
14:11:12,580 DEBUG SQL:104 - 
    update
        DataPoint 
    set
        description=? 
    where
        id=?
14:11:12,580 DEBUG SQL:104 - 
    update
        DataPoint 
    set
        description=? 
    where
        id=?
14:11:12,592 DEBUG SQL:104 - 
    update
        DataPoint 
    set
        description=? 
    where
        id=?
14:11:12,592 DEBUG SQL:104 - 
    update
        DataPoint 
    set
        description=? 
    where
        id=?
14:11:12,592 DEBUG SQL:104 - 
    update
        DataPoint 
    set
        description=? 
    where
        id=?
14:11:12,593 DEBUG SQL:104 - 
    update
        DataPoint 
    set
        description=? 
    where
        id=?
14:11:12,593 DEBUG SQL:104 - 
    update
        DataPoint 
    set
        description=? 
    where
        id=?
14:11:12,604 DEBUG SQL:104 - 
    update
        DataPoint 
    set
        description=? 
    where
        id=?
14:11:12,605 DEBUG SQL:104 - 
    update
        DataPoint 
    set
        description=? 
    where
        id=?
14:11:12,605 DEBUG SQL:104 - 
    update
        DataPoint 
    set
        description=? 
    where
        id=?
14:11:12,608 DEBUG SQL:104 - 
    update
        DataPoint 
    set
        description=? 
    where
        id=?
14:11:12,617 DEBUG SQL:104 - 
    update
        DataPoint 
    set
        description=? 
    where
        id=?
14:11:12,618 DEBUG SQL:104 - 
    update
        DataPoint 
    set
        description=? 
    where
        id=?
14:11:12,618 DEBUG SQL:104 - 
    update
        DataPoint 
    set
        description=? 
    where
        id=?
14:11:12,618 DEBUG SQL:104 - 
    update
        DataPoint 
    set
        description=? 
    where
        id=?
14:11:12,618 DEBUG SQL:104 - 
    update
        DataPoint 
    set
        description=? 
    where
        id=?
14:11:12,618 DEBUG SQL:104 - 
    update
        DataPoint 
    set
        description=? 
    where
        id=?
14:11:12,619 DEBUG SQL:104 - 
    update
        DataPoint 
    set
        description=? 
    where
        id=?
14:11:12,619 DEBUG SQL:104 - 
    update
        DataPoint 
    set
        description=? 
    where
        id=?
14:11:12,619 DEBUG SQL:104 - 
    update
        DataPoint 
    set
        description=? 
    where
        id=?
14:11:12,632 DEBUG SQL:104 - 
    update
        DataPoint 
    set
        description=? 
    where
        id=?
14:11:12,632 DEBUG SQL:104 - 
    update
        DataPoint 
    set
        description=? 
    where
        id=?
14:11:12,633 DEBUG SQL:104 - 
    update
        DataPoint 
    set
        description=? 
    where
        id=?
14:11:12,633 DEBUG SQL:104 - 
    update
        DataPoint 
    set
        description=? 
    where
        id=?
14:11:12,644 DEBUG SQL:104 - 
    update
        DataPoint 
    set
        description=? 
    where
        id=?
14:11:12,644 DEBUG SQL:104 - 
    update
        DataPoint 
    set
        description=? 
    where
        id=?
14:11:12,645 DEBUG SQL:104 - 
    update
        DataPoint 
    set
        description=? 
    where
        id=?
14:11:12,645 DEBUG SQL:104 - 
    update
        DataPoint 
    set
        description=? 
    where
        id=?
14:11:12,645 DEBUG SQL:104 - 
    update
        DataPoint 
    set
        description=? 
    where
        id=?
14:11:12,645 DEBUG SQL:104 - 
    update
        DataPoint 
    set
        description=? 
    where
        id=?
14:11:12,649 DEBUG SQL:104 - 
    update
        DataPoint 
    set
        description=? 
    where
        id=?
14:11:12,670 DEBUG SQL:104 - 
    update
        DataPoint 
    set
        description=? 
    where
        id=?
14:11:12,670 DEBUG SQL:104 - 
    update
        DataPoint 
    set
        description=? 
    where
        id=?
14:11:12,671 DEBUG SQL:104 - 
    update
        DataPoint 
    set
        description=? 
    where
        id=?
14:11:12,671 DEBUG SQL:104 - 
    update
        DataPoint 
    set
        description=? 
    where
        id=?
14:11:12,682 DEBUG SQL:104 - 
    update
        DataPoint 
    set
        description=? 
    where
        id=?
14:11:12,682 DEBUG SQL:104 - 
    update
        DataPoint 
    set
        description=? 
    where
        id=?
14:11:12,683 DEBUG SQL:104 - 
    update
        DataPoint 
    set
        description=? 
    where
        id=?
14:11:12,683 DEBUG SQL:104 - 
    update
        DataPoint 
    set
        description=? 
    where
        id=?
14:11:12,693 DEBUG SQL:104 - 
    update
        DataPoint 
    set
        description=? 
    where
        id=?
14:11:12,694 DEBUG SQL:104 - 
    update
        DataPoint 
    set
        description=? 
    where
        id=?
14:11:12,695 DEBUG SQL:104 - 
    update
        DataPoint 
    set
        description=? 
    where
        id=?
14:11:12,700 DEBUG SQL:104 - 
    update
        DataPoint 
    set
        description=? 
    where
        id=?
14:11:12,701 DEBUG SQL:104 - 
    update
        DataPoint 
    set
        description=? 
    where
        id=?
14:11:12,714 DEBUG SQL:104 - 
    update
        DataPoint 
    set
        description=? 
    where
        id=?
14:11:12,714 DEBUG SQL:104 - 
    update
        DataPoint 
    set
        description=? 
    where
        id=?
14:11:12,715 DEBUG SQL:104 - 
    update
        DataPoint 
    set
        description=? 
    where
        id=?
14:11:12,715 DEBUG SQL:104 - 
    update
        DataPoint 
    set
        description=? 
    where
        id=?
14:11:12,724 DEBUG SQL:104 - 
    update
        DataPoint 
    set
        description=? 
    where
        id=?
14:11:12,725 DEBUG SQL:104 - 
    update
        DataPoint 
    set
        description=? 
    where
        id=?
14:11:12,729 DEBUG SQL:104 - 
    update
        DataPoint 
    set
        description=? 
    where
        id=?
14:11:12,729 DEBUG SQL:104 - 
    update
        DataPoint 
    set
        description=? 
    where
        id=?
14:11:12,735 DEBUG SQL:104 - 
    update
        DataPoint 
    set
        description=? 
    where
        id=?
14:11:12,735 DEBUG SQL:104 - 
    update
        DataPoint 
    set
        description=? 
    where
        id=?
14:11:12,735 DEBUG SQL:104 - 
    update
        DataPoint 
    set
        description=? 
    where
        id=?
14:11:12,735 DEBUG SQL:104 - 
    update
        DataPoint 
    set
        description=? 
    where
        id=?
14:11:12,736 DEBUG SQL:104 - 
    update
        DataPoint 
    set
        description=? 
    where
        id=?
14:11:12,746 DEBUG SQL:104 - 
    update
        DataPoint 
    set
        description=? 
    where
        id=?
14:11:12,746 DEBUG SQL:104 - 
    update
        DataPoint 
    set
        description=? 
    where
        id=?
14:11:12,747 DEBUG SQL:104 - 
    update
        DataPoint 
    set
        description=? 
    where
        id=?
14:11:12,747 DEBUG SQL:104 - 
    update
        DataPoint 
    set
        description=? 
    where
        id=?
14:11:12,747 DEBUG SQL:104 - 
    update
        DataPoint 
    set
        description=? 
    where
        id=?
14:11:12,747 DEBUG SQL:104 - 
    update
        DataPoint 
    set
        description=? 
    where
        id=?
14:11:12,747 DEBUG SQL:104 - 
    update
        DataPoint 
    set
        description=? 
    where
        id=?
14:11:12,747 DEBUG SQL:104 - 
    update
        DataPoint 
    set
        description=? 
    where
        id=?
14:11:12,759 DEBUG SQL:104 - 
    update
        DataPoint 
    set
        description=? 
    where
        id=?
14:11:12,759 DEBUG SQL:104 - 
    update
        DataPoint 
    set
        description=? 
    where
        id=?
14:11:12,759 DEBUG SQL:104 - 
    update
        DataPoint 
    set
        description=? 
    where
        id=?
14:11:12,759 DEBUG SQL:104 - 
    update
        DataPoint 
    set
        description=? 
    where
        id=?
14:11:12,760 DEBUG SQL:104 - 
    update
        DataPoint 
    set
        description=? 
    where
        id=?
14:11:12,774 DEBUG SQL:104 - 
    update
        DataPoint 
    set
        description=? 
    where
        id=?
14:11:12,775 DEBUG SQL:104 - 
    update
        DataPoint 
    set
        description=? 
    where
        id=?
14:11:12,775 DEBUG SQL:104 - 
    update
        DataPoint 
    set
        description=? 
    where
        id=?
14:11:12,775 DEBUG SQL:104 - 
    update
        DataPoint 
    set
        description=? 
    where
        id=?
14:11:12,775 DEBUG SQL:104 - 
    update
        DataPoint 
    set
        description=? 
    where
        id=?
14:11:12,776 DEBUG SQL:104 - 
    update
        DataPoint 
    set
        description=? 
    where
        id=?
14:11:12,794 DEBUG SQL:104 - 
    update
        DataPoint 
    set
        description=? 
    where
        id=?
14:11:12,794 DEBUG SQL:104 - 
    update
        DataPoint 
    set
        description=? 
    where
        id=?
14:11:12,794 DEBUG SQL:104 - 
    update
        DataPoint 
    set
        description=? 
    where
        id=?
14:11:12,795 DEBUG SQL:104 - 
    update
        DataPoint 
    set
        description=? 
    where
        id=?
14:11:12,805 DEBUG SQL:104 - 
    update
        DataPoint 
    set
        description=? 
    where
        id=?
14:11:12,805 DEBUG SQL:104 - 
    update
        DataPoint 
    set
        description=? 
    where
        id=?
14:11:12,805 DEBUG SQL:104 - 
    update
        DataPoint 
    set
        description=? 
    where
        id=?
14:11:12,805 DEBUG SQL:104 - 
    update
        DataPoint 
    set
        description=? 
    where
        id=?
14:11:12,805 DEBUG SQL:104 - 
    update
        DataPoint 
    set
        description=? 
    where
        id=?
14:11:12,815 DEBUG SQL:104 - 
    update
        DataPoint 
    set
        description=? 
    where
        id=?
14:11:12,815 DEBUG SQL:104 - 
    update
        DataPoint 
    set
        description=? 
    where
        id=?
14:11:12,816 DEBUG SQL:104 - 
    update
        DataPoint 
    set
        description=? 
    where
        id=?
14:11:12,816 DEBUG SQL:104 - 
    update
        DataPoint 
    set
        description=? 
    where
        id=?
14:11:12,825 DEBUG SQL:104 - 
    update
        DataPoint 
    set
        description=? 
    where
        id=?
14:11:12,829 DEBUG SQL:104 - 
    update
        DataPoint 
    set
        description=? 
    where
        id=?
14:11:12,829 DEBUG SQL:104 - 
    update
        DataPoint 
    set
        description=? 
    where
        id=?
14:11:12,829 DEBUG SQL:104 - 
    update
        DataPoint 
    set
        description=? 
    where
        id=?
14:11:12,830 DEBUG SQL:104 - 
    update
        DataPoint 
    set
        description=? 
    where
        id=?
14:11:12,841 DEBUG SQL:104 - 
    update
        DataPoint 
    set
        description=? 
    where
        id=?
14:11:12,841 DEBUG SQL:104 - 
    update
        DataPoint 
    set
        description=? 
    where
        id=?
14:11:12,842 DEBUG SQL:104 - 
    update
        DataPoint 
    set
        description=? 
    where
        id=?
14:11:12,842 DEBUG SQL:104 - 
    update
        DataPoint 
    set
        description=? 
    where
        id=?
14:11:12,853 DEBUG SQL:104 - 
    update
        DataPoint 
    set
        description=? 
    where
        id=?
14:11:12,854 DEBUG SQL:104 - 
    update
        DataPoint 
    set
        description=? 
    where
        id=?
14:11:12,854 DEBUG SQL:104 - 
    update
        DataPoint 
    set
        description=? 
    where
        id=?
14:11:12,854 DEBUG SQL:104 - 
    update
        DataPoint 
    set
        description=? 
    where
        id=?
14:11:12,863 DEBUG SQL:104 - 
    update
        DataPoint 
    set
        description=? 
    where
        id=?
14:11:12,864 DEBUG SQL:104 - 
    update
        DataPoint 
    set
        description=? 
    where
        id=?
14:11:12,864 DEBUG SQL:104 - 
    update
        DataPoint 
    set
        description=? 
    where
        id=?
14:11:12,864 DEBUG SQL:104 - 
    update
        DataPoint 
    set
        description=? 
    where
        id=?
14:11:12,865 DEBUG SQL:104 - 
    update
        DataPoint 
    set
        description=? 
    where
        id=?
14:11:12,874 DEBUG SQL:104 - 
    update
        DataPoint 
    set
        description=? 
    where
        id=?
14:11:12,875 DEBUG SQL:104 - 
    update
        DataPoint 
    set
        description=? 
    where
        id=?
14:11:12,875 DEBUG SQL:104 - 
    update
        DataPoint 
    set
        description=? 
    where
        id=?
14:11:12,879 DEBUG SQL:104 - 
    update
        DataPoint 
    set
        description=? 
    where
        id=?
14:11:12,880 DEBUG SQL:104 - 
    update
        DataPoint 
    set
        description=? 
    where
        id=?
14:11:12,880 DEBUG SQL:104 - 
    update
        DataPoint 
    set
        description=? 
    where
        id=?
14:11:12,880 DEBUG SQL:104 - 
    update
        DataPoint 
    set
        description=? 
    where
        id=?
14:11:12,880 DEBUG SQL:104 - 
    update
        DataPoint 
    set
        description=? 
    where
        id=?
14:11:12,891 DEBUG SQL:104 - 
    update
        DataPoint 
    set
        description=? 
    where
        id=?
14:11:12,891 DEBUG SQL:104 - 
    update
        DataPoint 
    set
        description=? 
    where
        id=?
14:11:12,891 DEBUG SQL:104 - 
    update
        DataPoint 
    set
        description=? 
    where
        id=?
14:11:12,891 DEBUG SQL:104 - 
    update
        DataPoint 
    set
        description=? 
    where
        id=?
14:11:12,892 DEBUG SQL:104 - 
    update
        DataPoint 
    set
        description=? 
    where
        id=?
14:11:12,901 DEBUG SQL:104 - 
    update
        DataPoint 
    set
        description=? 
    where
        id=?
14:11:12,902 DEBUG SQL:104 - 
    update
        DataPoint 
    set
        description=? 
    where
        id=?
14:11:12,902 DEBUG SQL:104 - 
    update
        DataPoint 
    set
        description=? 
    where
        id=?
14:11:12,902 DEBUG SQL:104 - 
    update
        DataPoint 
    set
        description=? 
    where
        id=?
14:11:12,902 DEBUG SQL:104 - 
    update
        DataPoint 
    set
        description=? 
    where
        id=?
14:11:12,902 DEBUG SQL:104 - 
    update
        DataPoint 
    set
        description=? 
    where
        id=?
14:11:12,925 DEBUG SQL:104 - 
    update
        DataPoint 
    set
        description=? 
    where
        id=?
14:11:12,925 DEBUG SQL:104 - 
    update
        DataPoint 
    set
        description=? 
    where
        id=?
14:11:12,926 DEBUG SQL:104 - 
    update
        DataPoint 
    set
        description=? 
    where
        id=?
14:11:12,926 DEBUG SQL:104 - 
    update
        DataPoint 
    set
        description=? 
    where
        id=?
14:11:12,930 DEBUG SQL:104 - 
    update
        DataPoint 
    set
        description=? 
    where
        id=?
14:11:12,937 DEBUG SQL:104 - 
    update
        DataPoint 
    set
        description=? 
    where
        id=?
14:11:12,937 DEBUG SQL:104 - 
    update
        DataPoint 
    set
        description=? 
    where
        id=?
14:11:12,938 DEBUG SQL:104 - 
    update
        DataPoint 
    set
        description=? 
    where
        id=?
14:11:12,938 DEBUG SQL:104 - 
    update
        DataPoint 
    set
        description=? 
    where
        id=?
14:11:12,947 DEBUG SQL:104 - 
    update
        DataPoint 
    set
        description=? 
    where
        id=?
14:11:12,948 DEBUG SQL:104 - 
    update
        DataPoint 
    set
        description=? 
    where
        id=?
14:11:12,948 DEBUG SQL:104 - 
    update
        DataPoint 
    set
        description=? 
    where
        id=?
14:11:12,948 DEBUG SQL:104 - 
    update
        DataPoint 
    set
        description=? 
    where
        id=?
14:11:12,948 DEBUG SQL:104 - 
    update
        DataPoint 
    set
        description=? 
    where
        id=?
14:11:12,959 DEBUG SQL:104 - 
    update
        DataPoint 
    set
        description=? 
    where
        id=?
14:11:12,959 DEBUG SQL:104 - 
    update
        DataPoint 
    set
        description=? 
    where
        id=?
14:11:12,959 DEBUG SQL:104 - 
    update
        DataPoint 
    set
        description=? 
    where
        id=?
14:11:12,959 DEBUG SQL:104 - 
    update
        DataPoint 
    set
        description=? 
    where
        id=?
14:11:12,974 DEBUG SQL:104 - 
    update
        DataPoint 
    set
        description=? 
    where
        id=?
14:11:12,974 DEBUG SQL:104 - 
    update
        DataPoint 
    set
        description=? 
    where
        id=?
14:11:12,974 DEBUG SQL:104 - 
    update
        DataPoint 
    set
        description=? 
    where
        id=?
14:11:12,974 DEBUG SQL:104 - 
    update
        DataPoint 
    set
        description=? 
    where
        id=?
14:11:12,975 DEBUG SQL:104 - 
    update
        DataPoint 
    set
        description=? 
    where
        id=?
14:11:12,975 DEBUG SQL:104 - 
    update
        DataPoint 
    set
        description=? 
    where
        id=?
14:11:12,979 DEBUG SQL:104 - 
    update
        DataPoint 
    set
        description=? 
    where
        id=?
14:11:12,979 DEBUG SQL:104 - 
    update
        DataPoint 
    set
        description=? 
    where
        id=?
14:11:12,979 DEBUG SQL:104 - 
    update
        DataPoint 
    set
        description=? 
    where
        id=?
14:11:12,979 DEBUG SQL:104 - 
    update
        DataPoint 
    set
        description=? 
    where
        id=?
14:11:12,980 DEBUG SQL:104 - 
    update
        DataPoint 
    set
        description=? 
    where
        id=?
14:11:12,996 DEBUG SQL:104 - 
    update
        DataPoint 
    set
        description=? 
    where
        id=?
14:11:12,997 DEBUG SQL:104 - 
    update
        DataPoint 
    set
        description=? 
    where
        id=?
14:11:12,997 DEBUG SQL:104 - 
    update
        DataPoint 
    set
        description=? 
    where
        id=?
14:11:12,997 DEBUG SQL:104 - 
    update
        DataPoint 
    set
        description=? 
    where
        id=?
14:11:13,007 DEBUG SQL:104 - 
    update
        DataPoint 
    set
        description=? 
    where
        id=?
14:11:13,008 DEBUG SQL:104 - 
    update
        DataPoint 
    set
        description=? 
    where
        id=?
14:11:13,008 DEBUG SQL:104 - 
    update
        DataPoint 
    set
        description=? 
    where
        id=?
14:11:13,008 DEBUG SQL:104 - 
    update
        DataPoint 
    set
        description=? 
    where
        id=?
14:11:13,009 DEBUG SQL:104 - 
    update
        DataPoint 
    set
        description=? 
    where
        id=?
14:11:13,009 DEBUG SQL:104 - 
    update
        DataPoint 
    set
        description=? 
    where
        id=?
14:11:13,009 DEBUG SQL:104 - 
    update
        DataPoint 
    set
        description=? 
    where
        id=?
14:11:13,009 DEBUG SQL:104 - 
    update
        DataPoint 
    set
        description=? 
    where
        id=?
14:11:13,009 DEBUG SQL:104 - 
    update
        DataPoint 
    set
        description=? 
    where
        id=?
14:11:13,021 DEBUG SQL:104 - 
    update
        DataPoint 
    set
        description=? 
    where
        id=?
14:11:13,021 DEBUG SQL:104 - 
    update
        DataPoint 
    set
        description=? 
    where
        id=?
14:11:13,024 DEBUG SQL:104 - 
    update
        DataPoint 
    set
        description=? 
    where
        id=?
14:11:13,025 DEBUG SQL:104 - 
    update
        DataPoint 
    set
        description=? 
    where
        id=?
14:11:13,031 DEBUG SQL:104 - 
    update
        DataPoint 
    set
        description=? 
    where
        id=?
14:11:13,032 DEBUG SQL:104 - 
    update
        DataPoint 
    set
        description=? 
    where
        id=?
14:11:13,032 DEBUG SQL:104 - 
    update
        DataPoint 
    set
        description=? 
    where
        id=?
14:11:13,032 DEBUG SQL:104 - 
    update
        DataPoint 
    set
        description=? 
    where
        id=?
14:11:13,032 DEBUG SQL:104 - 
    update
        DataPoint 
    set
        description=? 
    where
        id=?
14:11:13,032 DEBUG SQL:104 - 
    update
        DataPoint 
    set
        description=? 
    where
        id=?
14:11:13,033 DEBUG SQL:104 - 
    update
        DataPoint 
    set
        description=? 
    where
        id=?
14:11:13,054 DEBUG SQL:104 - 
    update
        DataPoint 
    set
        description=? 
    where
        id=?
14:11:13,054 DEBUG SQL:104 - 
    update
        DataPoint 
    set
        description=? 
    where
        id=?
14:11:13,055 DEBUG SQL:104 - 
    update
        DataPoint 
    set
        description=? 
    where
        id=?
14:11:13,055 DEBUG SQL:104 - 
    update
        DataPoint 
    set
        description=? 
    where
        id=?
14:11:13,067 DEBUG SQL:104 - 
    update
        DataPoint 
    set
        description=? 
    where
        id=?
14:11:13,068 DEBUG SQL:104 - 
    update
        DataPoint 
    set
        description=? 
    where
        id=?
14:11:13,068 DEBUG SQL:104 - 
    update
        DataPoint 
    set
        description=? 
    where
        id=?
14:11:13,068 DEBUG SQL:104 - 
    update
        DataPoint 
    set
        description=? 
    where
        id=?
14:11:13,077 DEBUG SQL:104 - 
    update
        DataPoint 
    set
        description=? 
    where
        id=?
14:11:13,077 DEBUG SQL:104 - 
    update
        DataPoint 
    set
        description=? 
    where
        id=?
14:11:13,077 DEBUG SQL:104 - 
    update
        DataPoint 
    set
        description=? 
    where
        id=?
14:11:13,081 DEBUG SQL:104 - 
    update
        DataPoint 
    set
        description=? 
    where
        id=?
14:11:13,081 DEBUG SQL:104 - 
    update
        DataPoint 
    set
        description=? 
    where
        id=?
14:11:13,088 DEBUG SQL:104 - 
    update
        DataPoint 
    set
        description=? 
    where
        id=?
14:11:13,088 DEBUG SQL:104 - 
    update
        DataPoint 
    set
        description=? 
    where
        id=?
14:11:13,088 DEBUG SQL:104 - 
    update
        DataPoint 
    set
        description=? 
    where
        id=?
14:11:13,088 DEBUG SQL:104 - 
    update
        DataPoint 
    set
        description=? 
    where
        id=?
14:11:13,123 DEBUG SQL:104 - 
    update
        DataPoint 
    set
        description=? 
    where
        id=?
14:11:13,123 DEBUG SQL:104 - 
    update
        DataPoint 
    set
        description=? 
    where
        id=?
14:11:13,124 DEBUG SQL:104 - 
    update
        DataPoint 
    set
        description=? 
    where
        id=?
14:11:13,124 DEBUG SQL:104 - 
    update
        DataPoint 
    set
        description=? 
    where
        id=?
14:11:13,124 DEBUG SQL:104 - 
    update
        DataPoint 
    set
        description=? 
    where
        id=?
14:11:13,137 DEBUG SQL:104 - 
    update
        DataPoint 
    set
        description=? 
    where
        id=?
14:11:13,137 DEBUG SQL:104 - 
    update
        DataPoint 
    set
        description=? 
    where
        id=?
14:11:13,137 DEBUG SQL:104 - 
    update
        DataPoint 
    set
        description=? 
    where
        id=?
14:11:13,137 DEBUG SQL:104 - 
    update
        DataPoint 
    set
        description=? 
    where
        id=?
14:11:13,137 DEBUG SQL:104 - 
    update
        DataPoint 
    set
        description=? 
    where
        id=?
14:11:13,138 DEBUG SQL:104 - 
    update
        DataPoint 
    set
        description=? 
    where
        id=?
14:11:13,138 DEBUG SQL:104 - 
    update
        DataPoint 
    set
        description=? 
    where
        id=?
14:11:13,138 DEBUG SQL:104 - 
    update
        DataPoint 
    set
        description=? 
    where
        id=?
14:11:13,151 DEBUG SQL:104 - 
    update
        DataPoint 
    set
        description=? 
    where
        id=?
14:11:13,154 DEBUG SQL:104 - 
    update
        DataPoint 
    set
        description=? 
    where
        id=?
14:11:13,154 DEBUG SQL:104 - 
    update
        DataPoint 
    set
        description=? 
    where
        id=?
14:11:13,155 DEBUG SQL:104 - 
    update
        DataPoint 
    set
        description=? 
    where
        id=?
14:11:13,155 DEBUG SQL:104 - 
    update
        DataPoint 
    set
        description=? 
    where
        id=?
14:11:13,174 DEBUG SQL:104 - 
    update
        DataPoint 
    set
        description=? 
    where
        id=?
14:11:13,174 DEBUG SQL:104 - 
    update
        DataPoint 
    set
        description=? 
    where
        id=?
14:11:13,174 DEBUG SQL:104 - 
    update
        DataPoint 
    set
        description=? 
    where
        id=?
14:11:13,175 DEBUG SQL:104 - 
    update
        DataPoint 
    set
        description=? 
    where
        id=?
14:11:13,175 DEBUG SQL:104 - 
    update
        DataPoint 
    set
        description=? 
    where
        id=?
14:11:13,175 DEBUG SQL:104 - 
    update
        DataPoint 
    set
        description=? 
    where
        id=?
14:11:13,196 DEBUG SQL:104 - 
    update
        DataPoint 
    set
        description=? 
    where
        id=?
14:11:13,197 DEBUG SQL:104 - 
    update
        DataPoint 
    set
        description=? 
    where
        id=?
14:11:13,197 DEBUG SQL:104 - 
    update
        DataPoint 
    set
        description=? 
    where
        id=?
14:11:13,197 DEBUG SQL:104 - 
    update
        DataPoint 
    set
        description=? 
    where
        id=?
14:11:13,197 DEBUG SQL:104 - 
    update
        DataPoint 
    set
        description=? 
    where
        id=?
14:11:13,206 DEBUG SQL:104 - 
    update
        DataPoint 
    set
        description=? 
    where
        id=?
14:11:13,207 DEBUG SQL:104 - 
    update
        DataPoint 
    set
        description=? 
    where
        id=?
14:11:13,207 DEBUG SQL:104 - 
    update
        DataPoint 
    set
        description=? 
    where
        id=?
14:11:13,207 DEBUG SQL:104 - 
    update
        DataPoint 
    set
        description=? 
    where
        id=?
14:11:13,218 DEBUG SQL:104 - 
    update
        DataPoint 
    set
        description=? 
    where
        id=?
14:11:13,221 DEBUG SQL:104 - 
    update
        DataPoint 
    set
        description=? 
    where
        id=?
14:11:13,222 DEBUG SQL:104 - 
    update
        DataPoint 
    set
        description=? 
    where
        id=?
14:11:13,222 DEBUG SQL:104 - 
    update
        DataPoint 
    set
        description=? 
    where
        id=?
14:11:13,230 DEBUG SQL:104 - 
    update
        DataPoint 
    set
        description=? 
    where
        id=?
14:11:13,230 DEBUG SQL:104 - 
    update
        DataPoint 
    set
        description=? 
    where
        id=?
14:11:13,231 DEBUG SQL:104 - 
    update
        DataPoint 
    set
        description=? 
    where
        id=?
14:11:13,231 DEBUG SQL:104 - 
    update
        DataPoint 
    set
        description=? 
    where
        id=?
14:11:13,231 DEBUG SQL:104 - 
    update
        DataPoint 
    set
        description=? 
    where
        id=?
14:11:13,240 DEBUG SQL:104 - 
    update
        DataPoint 
    set
        description=? 
    where
        id=?
14:11:13,241 DEBUG SQL:104 - 
    update
        DataPoint 
    set
        description=? 
    where
        id=?
14:11:13,241 DEBUG SQL:104 - 
    update
        DataPoint 
    set
        description=? 
    where
        id=?
14:11:13,241 DEBUG SQL:104 - 
    update
        DataPoint 
    set
        description=? 
    where
        id=?
14:11:13,252 DEBUG SQL:104 - 
    update
        DataPoint 
    set
        description=? 
    where
        id=?
14:11:13,252 DEBUG SQL:104 - 
    update
        DataPoint 
    set
        description=? 
    where
        id=?
14:11:13,252 DEBUG SQL:104 - 
    update
        DataPoint 
    set
        description=? 
    where
        id=?
14:11:13,252 DEBUG SQL:104 - 
    update
        DataPoint 
    set
        description=? 
    where
        id=?
14:11:13,262 DEBUG SQL:104 - 
    update
        DataPoint 
    set
        description=? 
    where
        id=?
14:11:13,263 DEBUG SQL:104 - 
    update
        DataPoint 
    set
        description=? 
    where
        id=?
14:11:13,263 DEBUG SQL:104 - 
    update
        DataPoint 
    set
        description=? 
    where
        id=?
14:11:13,263 DEBUG SQL:104 - 
    update
        DataPoint 
    set
        description=? 
    where
        id=?
14:11:13,267 DEBUG SQL:104 - 
    update
        DataPoint 
    set
        description=? 
    where
        id=?
14:11:13,267 DEBUG SQL:104 - 
    update
        DataPoint 
    set
        description=? 
    where
        id=?
14:11:13,267 DEBUG SQL:104 - 
    update
        DataPoint 
    set
        description=? 
    where
        id=?
14:11:13,268 DEBUG SQL:104 - 
    update
        DataPoint 
    set
        description=? 
    where
        id=?
14:11:13,268 DEBUG SQL:104 - 
    update
        DataPoint 
    set
        description=? 
    where
        id=?
14:11:13,276 DEBUG SQL:104 - 
    update
        DataPoint 
    set
        description=? 
    where
        id=?
14:11:13,277 DEBUG SQL:104 - 
    update
        DataPoint 
    set
        description=? 
    where
        id=?
14:11:13,277 DEBUG SQL:104 - 
    update
        DataPoint 
    set
        description=? 
    where
        id=?
14:11:13,277 DEBUG SQL:104 - 
    update
        DataPoint 
    set
        description=? 
    where
        id=?
14:11:13,277 DEBUG SQL:104 - 
    update
        DataPoint 
    set
        description=? 
    where
        id=?
14:11:13,287 DEBUG SQL:104 - 
    update
        DataPoint 
    set
        description=? 
    where
        id=?
14:11:13,287 DEBUG SQL:104 - 
    update
        DataPoint 
    set
        description=? 
    where
        id=?
14:11:13,288 DEBUG SQL:104 - 
    update
        DataPoint 
    set
        description=? 
    where
        id=?
14:11:13,288 DEBUG SQL:104 - 
    update
        DataPoint 
    set
        description=? 
    where
        id=?
14:11:13,288 DEBUG SQL:104 - 
    update
        DataPoint 
    set
        description=? 
    where
        id=?
14:11:13,288 DEBUG SQL:104 - 
    update
        DataPoint 
    set
        description=? 
    where
        id=?
14:11:13,310 DEBUG SQL:104 - 
    update
        DataPoint 
    set
        description=? 
    where
        id=?
14:11:13,311 DEBUG SQL:104 - 
    update
        DataPoint 
    set
        description=? 
    where
        id=?
14:11:13,311 DEBUG SQL:104 - 
    update
        DataPoint 
    set
        description=? 
    where
        id=?
14:11:13,311 DEBUG SQL:104 - 
    update
        DataPoint 
    set
        description=? 
    where
        id=?
14:11:13,315 DEBUG SQL:104 - 
    update
        DataPoint 
    set
        description=? 
    where
        id=?
14:11:13,321 DEBUG SQL:104 - 
    update
        DataPoint 
    set
        description=? 
    where
        id=?
14:11:13,322 DEBUG SQL:104 - 
    update
        DataPoint 
    set
        description=? 
    where
        id=?
14:11:13,322 DEBUG SQL:104 - 
    update
        DataPoint 
    set
        description=? 
    where
        id=?
14:11:13,322 DEBUG SQL:104 - 
    update
        DataPoint 
    set
        description=? 
    where
        id=?
14:11:13,332 DEBUG SQL:104 - 
    update
        DataPoint 
    set
        description=? 
    where
        id=?
14:11:13,333 DEBUG SQL:104 - 
    update
        DataPoint 
    set
        description=? 
    where
        id=?
14:11:13,333 DEBUG SQL:104 - 
    update
        DataPoint 
    set
        description=? 
    where
        id=?
14:11:13,333 DEBUG SQL:104 - 
    update
        DataPoint 
    set
        description=? 
    where
        id=?
14:11:13,343 DEBUG SQL:104 - 
    update
        DataPoint 
    set
        description=? 
    where
        id=?
14:11:13,343 DEBUG SQL:104 - 
    update
        DataPoint 
    set
        description=? 
    where
        id=?
14:11:13,343 DEBUG SQL:104 - 
    update
        DataPoint 
    set
        description=? 
    where
        id=?
14:11:13,344 DEBUG SQL:104 - 
    update
        DataPoint 
    set
        description=? 
    where
        id=?
14:11:13,344 DEBUG SQL:104 - 
    update
        DataPoint 
    set
        description=? 
    where
        id=?
14:11:13,353 DEBUG SQL:104 - 
    update
        DataPoint 
    set
        description=? 
    where
        id=?
14:11:13,354 DEBUG SQL:104 - 
    update
        DataPoint 
    set
        description=? 
    where
        id=?
14:11:13,354 DEBUG SQL:104 - 
    update
        DataPoint 
    set
        description=? 
    where
        id=?
14:11:13,354 DEBUG SQL:104 - 
    update
        DataPoint 
    set
        description=? 
    where
        id=?
14:11:13,364 DEBUG SQL:104 - 
    update
        DataPoint 
    set
        description=? 
    where
        id=?
14:11:13,364 DEBUG SQL:104 - 
    update
        DataPoint 
    set
        description=? 
    where
        id=?
14:11:13,368 DEBUG SQL:104 - 
    update
        DataPoint 
    set
        description=? 
    where
        id=?
14:11:13,369 DEBUG SQL:104 - 
    update
        DataPoint 
    set
        description=? 
    where
        id=?
14:11:13,375 DEBUG SQL:104 - 
    update
        DataPoint 
    set
        description=? 
    where
        id=?
14:11:13,375 DEBUG SQL:104 - 
    update
        DataPoint 
    set
        description=? 
    where
        id=?
14:11:13,375 DEBUG SQL:104 - 
    update
        DataPoint 
    set
        description=? 
    where
        id=?
14:11:13,376 DEBUG SQL:104 - 
    update
        DataPoint 
    set
        description=? 
    where
        id=?
14:11:13,376 DEBUG SQL:104 - 
    update
        DataPoint 
    set
        description=? 
    where
        id=?
14:11:13,385 DEBUG SQL:104 - 
    update
        DataPoint 
    set
        description=? 
    where
        id=?
14:11:13,386 DEBUG SQL:104 - 
    update
        DataPoint 
    set
        description=? 
    where
        id=?
14:11:13,386 DEBUG SQL:104 - 
    update
        DataPoint 
    set
        description=? 
    where
        id=?
14:11:13,386 DEBUG SQL:104 - 
    update
        DataPoint 
    set
        description=? 
    where
        id=?
14:11:13,386 DEBUG SQL:104 - 
    update
        DataPoint 
    set
        description=? 
    where
        id=?
14:11:13,387 DEBUG SQL:104 - 
    update
        DataPoint 
    set
        description=? 
    where
        id=?
14:11:13,387 DEBUG SQL:104 - 
    update
        DataPoint 
    set
        description=? 
    where
        id=?
14:11:13,387 DEBUG SQL:104 - 
    update
        DataPoint 
    set
        description=? 
    where
        id=?
14:11:13,387 DEBUG SQL:104 - 
    update
        DataPoint 
    set
        description=? 
    where
        id=?
14:11:13,400 DEBUG SQL:104 - 
    update
        DataPoint 
    set
        description=? 
    where
        id=?
14:11:13,400 DEBUG SQL:104 - 
    update
        DataPoint 
    set
        description=? 
    where
        id=?
14:11:13,400 DEBUG SQL:104 - 
    update
        DataPoint 
    set
        description=? 
    where
        id=?
14:11:13,400 DEBUG SQL:104 - 
    update
        DataPoint 
    set
        description=? 
    where
        id=?
14:11:13,413 DEBUG SQL:104 - 
    update
        DataPoint 
    set
        description=? 
    where
        id=?
14:11:13,414 DEBUG SQL:104 - 
    update
        DataPoint 
    set
        description=? 
    where
        id=?
14:11:13,414 DEBUG SQL:104 - 
    update
        DataPoint 
    set
        description=? 
    where
        id=?
14:11:13,414 DEBUG SQL:104 - 
    update
        DataPoint 
    set
        description=? 
    where
        id=?
14:11:13,414 DEBUG SQL:104 - 
    update
        DataPoint 
    set
        description=? 
    where
        id=?
14:11:13,414 DEBUG SQL:104 - 
    update
        DataPoint 
    set
        description=? 
    where
        id=?
14:11:13,432 DEBUG SQL:104 - 
    update
        DataPoint 
    set
        description=? 
    where
        id=?
14:11:13,432 DEBUG SQL:104 - 
    update
        DataPoint 
    set
        description=? 
    where
        id=?
14:11:13,433 DEBUG SQL:104 - 
    update
        DataPoint 
    set
        description=? 
    where
        id=?
14:11:13,433 DEBUG SQL:104 - 
    update
        DataPoint 
    set
        description=? 
    where
        id=?
14:11:13,433 DEBUG SQL:104 - 
    update
        DataPoint 
    set
        description=? 
    where
        id=?
14:11:13,441 DEBUG SQL:104 - 
    update
        DataPoint 
    set
        description=? 
    where
        id=?
14:11:13,442 DEBUG SQL:104 - 
    update
        DataPoint 
    set
        description=? 
    where
        id=?
14:11:13,442 DEBUG SQL:104 - 
    update
        DataPoint 
    set
        description=? 
    where
        id=?
14:11:13,443 DEBUG SQL:104 - 
    update
        DataPoint 
    set
        description=? 
    where
        id=?
14:11:13,453 DEBUG SQL:104 - 
    update
        DataPoint 
    set
        description=? 
    where
        id=?
14:11:13,453 DEBUG SQL:104 - 
    update
        DataPoint 
    set
        description=? 
    where
        id=?
14:11:13,453 DEBUG SQL:104 - 
    update
        DataPoint 
    set
        description=? 
    where
        id=?
14:11:13,453 DEBUG SQL:104 - 
    update
        DataPoint 
    set
        description=? 
    where
        id=?
14:11:13,453 DEBUG SQL:104 - 
    update
        DataPoint 
    set
        description=? 
    where
        id=?
14:11:13,467 DEBUG SQL:104 - 
    update
        DataPoint 
    set
        description=? 
    where
        id=?
14:11:13,468 DEBUG SQL:104 - 
    update
        DataPoint 
    set
        description=? 
    where
        id=?
14:11:13,468 DEBUG SQL:104 - 
    update
        DataPoint 
    set
        description=? 
    where
        id=?
14:11:13,468 DEBUG SQL:104 - 
    update
        DataPoint 
    set
        description=? 
    where
        id=?
14:11:13,481 DEBUG SQL:104 - 
    update
        DataPoint 
    set
        description=? 
    where
        id=?
14:11:13,481 DEBUG SQL:104 - 
    update
        DataPoint 
    set
        description=? 
    where
        id=?
14:11:13,481 DEBUG SQL:104 - 
    update
        DataPoint 
    set
        description=? 
    where
        id=?
14:11:13,482 DEBUG SQL:104 - 
    update
        DataPoint 
    set
        description=? 
    where
        id=?
14:11:13,493 DEBUG SQL:104 - 
    update
        DataPoint 
    set
        description=? 
    where
        id=?
14:11:13,493 DEBUG SQL:104 - 
    update
        DataPoint 
    set
        description=? 
    where
        id=?
14:11:13,493 DEBUG SQL:104 - 
    update
        DataPoint 
    set
        description=? 
    where
        id=?
14:11:13,493 DEBUG SQL:104 - 
    update
        DataPoint 
    set
        description=? 
    where
        id=?
14:11:13,493 DEBUG SQL:104 - 
    update
        DataPoint 
    set
        description=? 
    where
        id=?
14:11:13,494 DEBUG SQL:104 - 
    update
        DataPoint 
    set
        description=? 
    where
        id=?
14:11:13,494 DEBUG SQL:104 - 
    update
        DataPoint 
    set
        description=? 
    where
        id=?
14:11:13,494 DEBUG SQL:104 - 
    update
        DataPoint 
    set
        description=? 
    where
        id=?
14:11:13,494 DEBUG SQL:104 - 
    update
        DataPoint 
    set
        description=? 
    where
        id=?
14:11:13,494 DEBUG SQL:104 - 
    update
        DataPoint 
    set
        description=? 
    where
        id=?
14:11:13,494 DEBUG SQL:104 - 
    update
        DataPoint 
    set
        description=? 
    where
        id=?
14:11:13,520 DEBUG SQL:104 - 
    update
        DataPoint 
    set
        description=? 
    where
        id=?
14:11:13,523 DEBUG SQL:104 - 
    update
        DataPoint 
    set
        description=? 
    where
        id=?
14:11:13,524 DEBUG SQL:104 - 
    update
        DataPoint 
    set
        description=? 
    where
        id=?
14:11:13,524 DEBUG SQL:104 - 
    update
        DataPoint 
    set
        description=? 
    where
        id=?
14:11:13,524 DEBUG SQL:104 - 
    update
        DataPoint 
    set
        description=? 
    where
        id=?
14:11:13,524 DEBUG SQL:104 - 
    update
        DataPoint 
    set
        description=? 
    where
        id=?
14:11:13,524 DEBUG SQL:104 - 
    update
        DataPoint 
    set
        description=? 
    where
        id=?
14:11:13,524 DEBUG SQL:104 - 
    update
        DataPoint 
    set
        description=? 
    where
        id=?
14:11:13,524 DEBUG SQL:104 - 
    update
        DataPoint 
    set
        description=? 
    where
        id=?
14:11:13,537 DEBUG SQL:104 - 
    update
        DataPoint 
    set
        description=? 
    where
        id=?
14:11:13,538 DEBUG SQL:104 - 
    update
        DataPoint 
    set
        description=? 
    where
        id=?
14:11:13,538 DEBUG SQL:104 - 
    update
        DataPoint 
    set
        description=? 
    where
        id=?
14:11:13,538 DEBUG SQL:104 - 
    update
        DataPoint 
    set
        description=? 
    where
        id=?
14:11:13,548 DEBUG SQL:104 - 
    update
        DataPoint 
    set
        description=? 
    where
        id=?
14:11:13,548 DEBUG SQL:104 - 
    update
        DataPoint 
    set
        description=? 
    where
        id=?
14:11:13,548 DEBUG SQL:104 - 
    update
        DataPoint 
    set
        description=? 
    where
        id=?
14:11:13,549 DEBUG SQL:104 - 
    update
        DataPoint 
    set
        description=? 
    where
        id=?
14:11:13,549 DEBUG SQL:104 - 
    update
        DataPoint 
    set
        description=? 
    where
        id=?
14:11:13,549 DEBUG SQL:104 - 
    update
        DataPoint 
    set
        description=? 
    where
        id=?
14:11:13,549 DEBUG SQL:104 - 
    update
        DataPoint 
    set
        description=? 
    where
        id=?
14:11:13,572 DEBUG SQL:104 - 
    update
        DataPoint 
    set
        description=? 
    where
        id=?
14:11:13,575 DEBUG SQL:104 - 
    update
        DataPoint 
    set
        description=? 
    where
        id=?
14:11:13,576 DEBUG SQL:104 - 
    update
        DataPoint 
    set
        description=? 
    where
        id=?
14:11:13,576 DEBUG SQL:104 - 
    update
        DataPoint 
    set
        description=? 
    where
        id=?
14:11:13,583 DEBUG SQL:104 - 
    update
        DataPoint 
    set
        description=? 
    where
        id=?
14:11:13,583 DEBUG SQL:104 - 
    update
        DataPoint 
    set
        description=? 
    where
        id=?
14:11:13,583 DEBUG SQL:104 - 
    update
        DataPoint 
    set
        description=? 
    where
        id=?
14:11:13,583 DEBUG SQL:104 - 
    update
        DataPoint 
    set
        description=? 
    where
        id=?
14:11:13,593 DEBUG SQL:104 - 
    update
        DataPoint 
    set
        description=? 
    where
        id=?
14:11:13,593 DEBUG SQL:104 - 
    update
        DataPoint 
    set
        description=? 
    where
        id=?
14:11:13,593 DEBUG SQL:104 - 
    update
        DataPoint 
    set
        description=? 
    where
        id=?
14:11:13,593 DEBUG SQL:104 - 
    update
        DataPoint 
    set
        description=? 
    where
        id=?
14:11:13,594 DEBUG SQL:104 - 
    update
        DataPoint 
    set
        description=? 
    where
        id=?
14:11:13,604 DEBUG SQL:104 - 
    update
        DataPoint 
    set
        description=? 
    where
        id=?
14:11:13,605 DEBUG SQL:104 - 
    update
        DataPoint 
    set
        description=? 
    where
        id=?
14:11:13,605 DEBUG SQL:104 - 
    update
        DataPoint 
    set
        description=? 
    where
        id=?
14:11:13,605 DEBUG SQL:104 - 
    update
        DataPoint 
    set
        description=? 
    where
        id=?
14:11:13,616 DEBUG SQL:104 - 
    update
        DataPoint 
    set
        description=? 
    where
        id=?
14:11:13,616 DEBUG SQL:104 - 
    update
        DataPoint 
    set
        description=? 
    where
        id=?
14:11:13,617 DEBUG SQL:104 - 
    update
        DataPoint 
    set
        description=? 
    where
        id=?
14:11:13,617 DEBUG SQL:104 - 
    update
        DataPoint 
    set
        description=? 
    where
        id=?
14:11:13,620 DEBUG SQL:104 - 
    update
        DataPoint 
    set
        description=? 
    where
        id=?
14:11:13,627 DEBUG SQL:104 - 
    update
        DataPoint 
    set
        description=? 
    where
        id=?
14:11:13,627 DEBUG SQL:104 - 
    update
        DataPoint 
    set
        description=? 
    where
        id=?
14:11:13,627 DEBUG SQL:104 - 
    update
        DataPoint 
    set
        description=? 
    where
        id=?
14:11:13,628 DEBUG SQL:104 - 
    update
        DataPoint 
    set
        description=? 
    where
        id=?
14:11:13,638 DEBUG SQL:104 - 
    update
        DataPoint 
    set
        description=? 
    where
        id=?
14:11:13,638 DEBUG SQL:104 - 
    update
        DataPoint 
    set
        description=? 
    where
        id=?
14:11:13,638 DEBUG SQL:104 - 
    update
        DataPoint 
    set
        description=? 
    where
        id=?
14:11:13,638 DEBUG SQL:104 - 
    update
        DataPoint 
    set
        description=? 
    where
        id=?
14:11:13,639 DEBUG SQL:104 - 
    update
        DataPoint 
    set
        description=? 
    where
        id=?
14:11:13,639 DEBUG SQL:104 - 
    update
        DataPoint 
    set
        description=? 
    where
        id=?
14:11:13,639 DEBUG SQL:104 - 
    update
        DataPoint 
    set
        description=? 
    where
        id=?
14:11:13,639 DEBUG SQL:104 - 
    update
        DataPoint 
    set
        description=? 
    where
        id=?
14:11:13,640 DEBUG SQL:104 - 
    update
        DataPoint 
    set
        description=? 
    where
        id=?
14:11:13,651 DEBUG SQL:104 - 
    update
        DataPoint 
    set
        description=? 
    where
        id=?
14:11:13,652 DEBUG SQL:104 - 
    update
        DataPoint 
    set
        description=? 
    where
        id=?
14:11:13,652 DEBUG SQL:104 - 
    update
        DataPoint 
    set
        description=? 
    where
        id=?
14:11:13,652 DEBUG SQL:104 - 
    update
        DataPoint 
    set
        description=? 
    where
        id=?
14:11:13,662 DEBUG SQL:104 - 
    update
        DataPoint 
    set
        description=? 
    where
        id=?
14:11:13,663 DEBUG SQL:104 - 
    update
        DataPoint 
    set
        description=? 
    where
        id=?
14:11:13,668 DEBUG SQL:104 - 
    update
        DataPoint 
    set
        description=? 
    where
        id=?
14:11:13,668 DEBUG SQL:104 - 
    update
        DataPoint 
    set
        description=? 
    where
        id=?
14:11:13,668 DEBUG SQL:104 - 
    update
        DataPoint 
    set
        description=? 
    where
        id=?
14:11:13,669 DEBUG SQL:104 - 
    update
        DataPoint 
    set
        description=? 
    where
        id=?
14:11:13,669 DEBUG SQL:104 - 
    update
        DataPoint 
    set
        description=? 
    where
        id=?
14:11:13,687 DEBUG SQL:104 - 
    update
        DataPoint 
    set
        description=? 
    where
        id=?
14:11:13,687 DEBUG SQL:104 - 
    update
        DataPoint 
    set
        description=? 
    where
        id=?
14:11:13,688 DEBUG SQL:104 - 
    update
        DataPoint 
    set
        description=? 
    where
        id=?
14:11:13,688 DEBUG SQL:104 - 
    update
        DataPoint 
    set
        description=? 
    where
        id=?
14:11:13,698 DEBUG SQL:104 - 
    update
        DataPoint 
    set
        description=? 
    where
        id=?
14:11:13,698 DEBUG SQL:104 - 
    update
        DataPoint 
    set
        description=? 
    where
        id=?
14:11:13,698 DEBUG SQL:104 - 
    update
        DataPoint 
    set
        description=? 
    where
        id=?
14:11:13,698 DEBUG SQL:104 - 
    update
        DataPoint 
    set
        description=? 
    where
        id=?
14:11:13,708 DEBUG SQL:104 - 
    update
        DataPoint 
    set
        description=? 
    where
        id=?
14:11:13,709 DEBUG SQL:104 - 
    update
        DataPoint 
    set
        description=? 
    where
        id=?
14:11:13,709 DEBUG SQL:104 - 
    update
        DataPoint 
    set
        description=? 
    where
        id=?
14:11:13,709 DEBUG SQL:104 - 
    update
        DataPoint 
    set
        description=? 
    where
        id=?
14:11:13,709 DEBUG SQL:104 - 
    update
        DataPoint 
    set
        description=? 
    where
        id=?
14:11:13,719 DEBUG SQL:104 - 
    update
        DataPoint 
    set
        description=? 
    where
        id=?
14:11:13,720 DEBUG SQL:104 - 
    update
        DataPoint 
    set
        description=? 
    where
        id=?
14:11:13,723 DEBUG SQL:104 - 
    update
        DataPoint 
    set
        description=? 
    where
        id=?
14:11:13,723 DEBUG SQL:104 - 
    update
        DataPoint 
    set
        description=? 
    where
        id=?
14:11:13,731 DEBUG SQL:104 - 
    update
        DataPoint 
    set
        description=? 
    where
        id=?
14:11:13,731 DEBUG SQL:104 - 
    update
        DataPoint 
    set
        description=? 
    where
        id=?
14:11:13,731 DEBUG SQL:104 - 
    update
        DataPoint 
    set
        description=? 
    where
        id=?
14:11:13,731 DEBUG SQL:104 - 
    update
        DataPoint 
    set
        description=? 
    where
        id=?
14:11:13,731 DEBUG SQL:104 - 
    update
        DataPoint 
    set
        description=? 
    where
        id=?
14:11:13,741 DEBUG SQL:104 - 
    update
        DataPoint 
    set
        description=? 
    where
        id=?
14:11:13,741 DEBUG SQL:104 - 
    update
        DataPoint 
    set
        description=? 
    where
        id=?
14:11:13,741 DEBUG SQL:104 - 
    update
        DataPoint 
    set
        description=? 
    where
        id=?
14:11:13,742 DEBUG SQL:104 - 
    update
        DataPoint 
    set
        description=? 
    where
        id=?
14:11:13,751 DEBUG SQL:104 - 
    update
        DataPoint 
    set
        description=? 
    where
        id=?
14:11:13,751 DEBUG SQL:104 - 
    update
        DataPoint 
    set
        description=? 
    where
        id=?
14:11:13,751 DEBUG SQL:104 - 
    update
        DataPoint 
    set
        description=? 
    where
        id=?
14:11:13,751 DEBUG SQL:104 - 
    update
        DataPoint 
    set
        description=? 
    where
        id=?
14:11:13,761 DEBUG SQL:104 - 
    update
        DataPoint 
    set
        description=? 
    where
        id=?
14:11:13,761 DEBUG SQL:104 - 
    update
        DataPoint 
    set
        description=? 
    where
        id=?
14:11:13,761 DEBUG SQL:104 - 
    update
        DataPoint 
    set
        description=? 
    where
        id=?
14:11:13,762 DEBUG SQL:104 - 
    update
        DataPoint 
    set
        description=? 
    where
        id=?
14:11:13,762 DEBUG SQL:104 - 
    update
        DataPoint 
    set
        description=? 
    where
        id=?
14:11:13,777 DEBUG SQL:104 - 
    update
        DataPoint 
    set
        description=? 
    where
        id=?
14:11:13,777 DEBUG SQL:104 - 
    update
        DataPoint 
    set
        description=? 
    where
        id=?
14:11:13,777 DEBUG SQL:104 - 
    update
        DataPoint 
    set
        description=? 
    where
        id=?
14:11:13,777 DEBUG SQL:104 - 
    update
        DataPoint 
    set
        description=? 
    where
        id=?
14:11:13,778 DEBUG SQL:104 - 
    update
        DataPoint 
    set
        description=? 
    where
        id=?
14:11:13,778 DEBUG SQL:104 - 
    update
        DataPoint 
    set
        description=? 
    where
        id=?
14:11:13,778 DEBUG SQL:104 - 
    update
        DataPoint 
    set
        description=? 
    where
        id=?
14:11:13,778 DEBUG SQL:104 - 
    update
        DataPoint 
    set
        description=? 
    where
        id=?
14:11:13,790 DEBUG SQL:104 - 
    update
        DataPoint 
    set
        description=? 
    where
        id=?
14:11:13,791 DEBUG SQL:104 - 
    update
        DataPoint 
    set
        description=? 
    where
        id=?
14:11:13,791 DEBUG SQL:104 - 
    update
        DataPoint 
    set
        description=? 
    where
        id=?
14:11:13,791 DEBUG SQL:104 - 
    update
        DataPoint 
    set
        description=? 
    where
        id=?
14:11:13,791 DEBUG SQL:104 - 
    update
        DataPoint 
    set
        description=? 
    where
        id=?
14:11:13,800 DEBUG SQL:104 - 
    update
        DataPoint 
    set
        description=? 
    where
        id=?
14:11:13,801 DEBUG SQL:104 - 
    update
        DataPoint 
    set
        description=? 
    where
        id=?
14:11:13,801 DEBUG SQL:104 - 
    update
        DataPoint 
    set
        description=? 
    where
        id=?
14:11:13,801 DEBUG SQL:104 - 
    update
        DataPoint 
    set
        description=? 
    where
        id=?
14:11:13,801 DEBUG SQL:104 - 
    update
        DataPoint 
    set
        description=? 
    where
        id=?
14:11:13,801 DEBUG SQL:104 - 
    update
        DataPoint 
    set
        description=? 
    where
        id=?
14:11:13,824 DEBUG SQL:104 - 
    update
        DataPoint 
    set
        description=? 
    where
        id=?
14:11:13,828 DEBUG SQL:104 - 
    update
        DataPoint 
    set
        description=? 
    where
        id=?
14:11:13,828 DEBUG SQL:104 - 
    update
        DataPoint 
    set
        description=? 
    where
        id=?
14:11:13,828 DEBUG SQL:104 - 
    update
        DataPoint 
    set
        description=? 
    where
        id=?
14:11:13,828 DEBUG SQL:104 - 
    update
        DataPoint 
    set
        description=? 
    where
        id=?
14:11:13,833 DEBUG SQL:104 - 
    update
        DataPoint 
    set
        description=? 
    where
        id=?
14:11:13,836 DEBUG SQL:104 - 
    update
        DataPoint 
    set
        description=? 
    where
        id=?
14:11:13,836 DEBUG SQL:104 - 
    update
        DataPoint 
    set
        description=? 
    where
        id=?
14:11:13,836 DEBUG SQL:104 - 
    update
        DataPoint 
    set
        description=? 
    where
        id=?
14:11:13,854 DEBUG SQL:104 - 
    update
        DataPoint 
    set
        description=? 
    where
        id=?
14:11:13,855 DEBUG SQL:104 - 
    update
        DataPoint 
    set
        description=? 
    where
        id=?
14:11:13,855 DEBUG SQL:104 - 
    update
        DataPoint 
    set
        description=? 
    where
        id=?
14:11:13,855 DEBUG SQL:104 - 
    update
        DataPoint 
    set
        description=? 
    where
        id=?
14:11:13,867 DEBUG SQL:104 - 
    update
        DataPoint 
    set
        description=? 
    where
        id=?
14:11:13,867 DEBUG SQL:104 - 
    update
        DataPoint 
    set
        description=? 
    where
        id=?
14:11:13,867 DEBUG SQL:104 - 
    update
        DataPoint 
    set
        description=? 
    where
        id=?
14:11:13,867 DEBUG SQL:104 - 
    update
        DataPoint 
    set
        description=? 
    where
        id=?
14:11:13,867 DEBUG SQL:104 - 
    update
        DataPoint 
    set
        description=? 
    where
        id=?
14:11:13,878 DEBUG SQL:104 - 
    update
        DataPoint 
    set
        description=? 
    where
        id=?
14:11:13,879 DEBUG SQL:104 - 
    update
        DataPoint 
    set
        description=? 
    where
        id=?
14:11:13,879 DEBUG SQL:104 - 
    update
        DataPoint 
    set
        description=? 
    where
        id=?
14:11:13,882 DEBUG SQL:104 - 
    update
        DataPoint 
    set
        description=? 
    where
        id=?
14:11:13,889 DEBUG SQL:104 - 
    update
        DataPoint 
    set
        description=? 
    where
        id=?
14:11:13,889 DEBUG SQL:104 - 
    update
        DataPoint 
    set
        description=? 
    where
        id=?
14:11:13,889 DEBUG SQL:104 - 
    update
        DataPoint 
    set
        description=? 
    where
        id=?
14:11:13,889 DEBUG SQL:104 - 
    update
        DataPoint 
    set
        description=? 
    where
        id=?
14:11:13,889 DEBUG SQL:104 - 
    update
        DataPoint 
    set
        description=? 
    where
        id=?
14:11:13,899 DEBUG SQL:104 - 
    update
        DataPoint 
    set
        description=? 
    where
        id=?
14:11:13,902 DEBUG SQL:104 - 
    update
        DataPoint 
    set
        description=? 
    where
        id=?
14:11:13,902 DEBUG SQL:104 - 
    update
        DataPoint 
    set
        description=? 
    where
        id=?
14:11:13,902 DEBUG SQL:104 - 
    update
        DataPoint 
    set
        description=? 
    where
        id=?
14:11:13,902 DEBUG SQL:104 - 
    update
        DataPoint 
    set
        description=? 
    where
        id=?
14:11:13,903 DEBUG SQL:104 - 
    update
        DataPoint 
    set
        description=? 
    where
        id=?
14:11:13,903 DEBUG SQL:104 - 
    update
        DataPoint 
    set
        description=? 
    where
        id=?
14:11:13,903 DEBUG SQL:104 - 
    update
        DataPoint 
    set
        description=? 
    where
        id=?
14:11:13,915 DEBUG SQL:104 - 
    update
        DataPoint 
    set
        description=? 
    where
        id=?
14:11:13,916 DEBUG SQL:104 - 
    update
        DataPoint 
    set
        description=? 
    where
        id=?
14:11:13,916 DEBUG SQL:104 - 
    update
        DataPoint 
    set
        description=? 
    where
        id=?
14:11:13,916 DEBUG SQL:104 - 
    update
        DataPoint 
    set
        description=? 
    where
        id=?
14:11:13,916 DEBUG SQL:104 - 
    update
        DataPoint 
    set
        description=? 
    where
        id=?
14:11:13,925 DEBUG SQL:104 - 
    update
        DataPoint 
    set
        description=? 
    where
        id=?
14:11:13,928 DEBUG SQL:104 - 
    update
        DataPoint 
    set
        description=? 
    where
        id=?
14:11:13,929 DEBUG SQL:104 - 
    update
        DataPoint 
    set
        description=? 
    where
        id=?
14:11:13,929 DEBUG SQL:104 - 
    update
        DataPoint 
    set
        description=? 
    where
        id=?
14:11:13,929 DEBUG SQL:104 - 
    update
        DataPoint 
    set
        description=? 
    where
        id=?
14:11:13,929 DEBUG SQL:104 - 
    update
        DataPoint 
    set
        description=? 
    where
        id=?
14:11:13,948 DEBUG SQL:104 - 
    update
        DataPoint 
    set
        description=? 
    where
        id=?
14:11:13,948 DEBUG SQL:104 - 
    update
        DataPoint 
    set
        description=? 
    where
        id=?
14:11:13,948 DEBUG SQL:104 - 
    update
        DataPoint 
    set
        description=? 
    where
        id=?
14:11:13,948 DEBUG SQL:104 - 
    update
        DataPoint 
    set
        description=? 
    where
        id=?
14:11:13,948 DEBUG SQL:104 - 
    update
        DataPoint 
    set
        description=? 
    where
        id=?
14:11:13,957 DEBUG SQL:104 - 
    update
        DataPoint 
    set
        description=? 
    where
        id=?
14:11:13,957 DEBUG SQL:104 - 
    update
        DataPoint 
    set
        description=? 
    where
        id=?
14:11:13,957 DEBUG SQL:104 - 
    update
        DataPoint 
    set
        description=? 
    where
        id=?
14:11:13,958 DEBUG SQL:104 - 
    update
        DataPoint 
    set
        description=? 
    where
        id=?
14:11:13,958 DEBUG SQL:104 - 
    update
        DataPoint 
    set
        description=? 
    where
        id=?
14:11:13,958 DEBUG SQL:104 - 
    update
        DataPoint 
    set
        description=? 
    where
        id=?
14:11:13,958 DEBUG SQL:104 - 
    update
        DataPoint 
    set
        description=? 
    where
        id=?
14:11:13,958 DEBUG SQL:104 - 
    update
        DataPoint 
    set
        description=? 
    where
        id=?
14:11:13,959 DEBUG SQL:104 - 
    update
        DataPoint 
    set
        description=? 
    where
        id=?
14:11:13,959 DEBUG SQL:104 - 
    update
        DataPoint 
    set
        description=? 
    where
        id=?
14:11:13,984 DEBUG SQL:104 - 
    update
        DataPoint 
    set
        description=? 
    where
        id=?
14:11:13,984 DEBUG SQL:104 - 
    update
        DataPoint 
    set
        description=? 
    where
        id=?
14:11:13,984 DEBUG SQL:104 - 
    update
        DataPoint 
    set
        description=? 
    where
        id=?
14:11:13,984 DEBUG SQL:104 - 
    update
        DataPoint 
    set
        description=? 
    where
        id=?
14:11:13,985 DEBUG SQL:104 - 
    update
        DataPoint 
    set
        description=? 
    where
        id=?
14:11:13,991 DEBUG SQL:104 - 
    update
        DataPoint 
    set
        description=? 
    where
        id=?
14:11:13,992 DEBUG SQL:104 - 
    update
        DataPoint 
    set
        description=? 
    where
        id=?
14:11:13,992 DEBUG SQL:104 - 
    update
        DataPoint 
    set
        description=? 
    where
        id=?
14:11:13,992 DEBUG SQL:104 - 
    update
        DataPoint 
    set
        description=? 
    where
        id=?
14:11:14,003 DEBUG SQL:104 - 
    update
        DataPoint 
    set
        description=? 
    where
        id=?
14:11:14,003 DEBUG SQL:104 - 
    update
        DataPoint 
    set
        description=? 
    where
        id=?
14:11:14,003 DEBUG SQL:104 - 
    update
        DataPoint 
    set
        description=? 
    where
        id=?
14:11:14,003 DEBUG SQL:104 - 
    update
        DataPoint 
    set
        description=? 
    where
        id=?
14:11:14,012 DEBUG SQL:104 - 
    update
        DataPoint 
    set
        description=? 
    where
        id=?
14:11:14,013 DEBUG SQL:104 - 
    update
        DataPoint 
    set
        description=? 
    where
        id=?
14:11:14,013 DEBUG SQL:104 - 
    update
        DataPoint 
    set
        description=? 
    where
        id=?
14:11:14,013 DEBUG SQL:104 - 
    update
        DataPoint 
    set
        description=? 
    where
        id=?
14:11:14,013 DEBUG SQL:104 - 
    update
        DataPoint 
    set
        description=? 
    where
        id=?
14:11:14,022 DEBUG SQL:104 - 
    update
        DataPoint 
    set
        description=? 
    where
        id=?
14:11:14,023 DEBUG SQL:104 - 
    update
        DataPoint 
    set
        description=? 
    where
        id=?
14:11:14,026 DEBUG SQL:104 - 
    update
        DataPoint 
    set
        description=? 
    where
        id=?
14:11:14,026 DEBUG SQL:104 - 
    update
        DataPoint 
    set
        description=? 
    where
        id=?
14:11:14,034 DEBUG SQL:104 - 
    update
        DataPoint 
    set
        description=? 
    where
        id=?
14:11:14,034 DEBUG SQL:104 - 
    update
        DataPoint 
    set
        description=? 
    where
        id=?
14:11:14,034 DEBUG SQL:104 - 
    update
        DataPoint 
    set
        description=? 
    where
        id=?
14:11:14,034 DEBUG SQL:104 - 
    update
        DataPoint 
    set
        description=? 
    where
        id=?
14:11:14,035 DEBUG SQL:104 - 
    update
        DataPoint 
    set
        description=? 
    where
        id=?
14:11:14,035 DEBUG SQL:104 - 
    update
        DataPoint 
    set
        description=? 
    where
        id=?
14:11:14,035 DEBUG SQL:104 - 
    update
        DataPoint 
    set
        description=? 
    where
        id=?
14:11:14,035 DEBUG SQL:104 - 
    update
        DataPoint 
    set
        description=? 
    where
        id=?
14:11:14,035 DEBUG SQL:104 - 
    update
        DataPoint 
    set
        description=? 
    where
        id=?
14:11:14,049 DEBUG SQL:104 - 
    update
        DataPoint 
    set
        description=? 
    where
        id=?
14:11:14,050 DEBUG SQL:104 - 
    update
        DataPoint 
    set
        description=? 
    where
        id=?
14:11:14,050 DEBUG SQL:104 - 
    update
        DataPoint 
    set
        description=? 
    where
        id=?
14:11:14,050 DEBUG SQL:104 - 
    update
        DataPoint 
    set
        description=? 
    where
        id=?
14:11:14,060 DEBUG SQL:104 - 
    update
        DataPoint 
    set
        description=? 
    where
        id=?
14:11:14,061 DEBUG SQL:104 - 
    update
        DataPoint 
    set
        description=? 
    where
        id=?
14:11:14,061 DEBUG SQL:104 - 
    update
        DataPoint 
    set
        description=? 
    where
        id=?
14:11:14,061 DEBUG SQL:104 - 
    update
        DataPoint 
    set
        description=? 
    where
        id=?
14:11:14,061 DEBUG SQL:104 - 
    update
        DataPoint 
    set
        description=? 
    where
        id=?
14:11:14,064 DEBUG SQL:104 - 
    update
        DataPoint 
    set
        description=? 
    where
        id=?
14:11:14,065 DEBUG SQL:104 - 
    update
        DataPoint 
    set
        description=? 
    where
        id=?
14:11:14,083 DEBUG SQL:104 - 
    update
        DataPoint 
    set
        description=? 
    where
        id=?
14:11:14,083 DEBUG SQL:104 - 
    update
        DataPoint 
    set
        description=? 
    where
        id=?
14:11:14,084 DEBUG SQL:104 - 
    update
        DataPoint 
    set
        description=? 
    where
        id=?
14:11:14,084 DEBUG SQL:104 - 
    update
        DataPoint 
    set
        description=? 
    where
        id=?
14:11:14,094 DEBUG SQL:104 - 
    update
        DataPoint 
    set
        description=? 
    where
        id=?
14:11:14,094 DEBUG SQL:104 - 
    update
        DataPoint 
    set
        description=? 
    where
        id=?
14:11:14,094 DEBUG SQL:104 - 
    update
        DataPoint 
    set
        description=? 
    where
        id=?
14:11:14,094 DEBUG SQL:104 - 
    update
        DataPoint 
    set
        description=? 
    where
        id=?
14:11:14,094 DEBUG SQL:104 - 
    update
        DataPoint 
    set
        description=? 
    where
        id=?
14:11:14,105 DEBUG SQL:104 - 
    update
        DataPoint 
    set
        description=? 
    where
        id=?
14:11:14,105 DEBUG SQL:104 - 
    update
        DataPoint 
    set
        description=? 
    where
        id=?
14:11:14,105 DEBUG SQL:104 - 
    update
        DataPoint 
    set
        description=? 
    where
        id=?
14:11:14,105 DEBUG SQL:104 - 
    update
        DataPoint 
    set
        description=? 
    where
        id=?
14:11:14,116 DEBUG SQL:104 - 
    update
        DataPoint 
    set
        description=? 
    where
        id=?
14:11:14,116 DEBUG SQL:104 - 
    update
        DataPoint 
    set
        description=? 
    where
        id=?
14:11:14,116 DEBUG SQL:104 - 
    update
        DataPoint 
    set
        description=? 
    where
        id=?
14:11:14,116 DEBUG SQL:104 - 
    update
        DataPoint 
    set
        description=? 
    where
        id=?
14:11:14,125 DEBUG SQL:104 - 
    update
        DataPoint 
    set
        description=? 
    where
        id=?
14:11:14,129 DEBUG SQL:104 - 
    update
        DataPoint 
    set
        description=? 
    where
        id=?
14:11:14,129 DEBUG SQL:104 - 
    update
        DataPoint 
    set
        description=? 
    where
        id=?
14:11:14,129 DEBUG SQL:104 - 
    update
        DataPoint 
    set
        description=? 
    where
        id=?
14:11:14,129 DEBUG SQL:104 - 
    update
        DataPoint 
    set
        description=? 
    where
        id=?
14:11:14,137 DEBUG SQL:104 - 
    update
        DataPoint 
    set
        description=? 
    where
        id=?
14:11:14,137 DEBUG SQL:104 - 
    update
        DataPoint 
    set
        description=? 
    where
        id=?
14:11:14,137 DEBUG SQL:104 - 
    update
        DataPoint 
    set
        description=? 
    where
        id=?
14:11:14,137 DEBUG SQL:104 - 
    update
        DataPoint 
    set
        description=? 
    where
        id=?
14:11:14,147 DEBUG SQL:104 - 
    update
        DataPoint 
    set
        description=? 
    where
        id=?
14:11:14,148 DEBUG SQL:104 - 
    update
        DataPoint 
    set
        description=? 
    where
        id=?
14:11:14,148 DEBUG SQL:104 - 
    update
        DataPoint 
    set
        description=? 
    where
        id=?
14:11:14,148 DEBUG SQL:104 - 
    update
        DataPoint 
    set
        description=? 
    where
        id=?
14:11:14,158 DEBUG SQL:104 - 
    update
        DataPoint 
    set
        description=? 
    where
        id=?
14:11:14,158 DEBUG SQL:104 - 
    update
        DataPoint 
    set
        description=? 
    where
        id=?
14:11:14,158 DEBUG SQL:104 - 
    update
        DataPoint 
    set
        description=? 
    where
        id=?
14:11:14,159 DEBUG SQL:104 - 
    update
        DataPoint 
    set
        description=? 
    where
        id=?
14:11:14,159 DEBUG SQL:104 - 
    update
        DataPoint 
    set
        description=? 
    where
        id=?
14:11:14,159 DEBUG SQL:104 - 
    update
        DataPoint 
    set
        description=? 
    where
        id=?
14:11:14,159 DEBUG SQL:104 - 
    update
        DataPoint 
    set
        description=? 
    where
        id=?
14:11:14,159 DEBUG SQL:104 - 
    update
        DataPoint 
    set
        description=? 
    where
        id=?
14:11:14,163 DEBUG SQL:104 - 
    update
        DataPoint 
    set
        description=? 
    where
        id=?
14:11:14,173 DEBUG SQL:104 - 
    update
        DataPoint 
    set
        description=? 
    where
        id=?
14:11:14,173 DEBUG SQL:104 - 
    update
        DataPoint 
    set
        description=? 
    where
        id=?
14:11:14,173 DEBUG SQL:104 - 
    update
        DataPoint 
    set
        description=? 
    where
        id=?
14:11:14,174 DEBUG SQL:104 - 
    update
        DataPoint 
    set
        description=? 
    where
        id=?
14:11:14,174 DEBUG SQL:104 - 
    update
        DataPoint 
    set
        description=? 
    where
        id=?
14:11:14,184 DEBUG SQL:104 - 
    update
        DataPoint 
    set
        description=? 
    where
        id=?
14:11:14,184 DEBUG SQL:104 - 
    update
        DataPoint 
    set
        description=? 
    where
        id=?
14:11:14,184 DEBUG SQL:104 - 
    update
        DataPoint 
    set
        description=? 
    where
        id=?
14:11:14,184 DEBUG SQL:104 - 
    update
        DataPoint 
    set
        description=? 
    where
        id=?
14:11:14,185 DEBUG SQL:104 - 
    update
        DataPoint 
    set
        description=? 
    where
        id=?
14:11:14,185 DEBUG SQL:104 - 
    update
        DataPoint 
    set
        description=? 
    where
        id=?
14:11:14,205 DEBUG SQL:104 - 
    update
        DataPoint 
    set
        description=? 
    where
        id=?
14:11:14,205 DEBUG SQL:104 - 
    update
        DataPoint 
    set
        description=? 
    where
        id=?
14:11:14,206 DEBUG SQL:104 - 
    update
        DataPoint 
    set
        description=? 
    where
        id=?
14:11:14,206 DEBUG SQL:104 - 
    update
        DataPoint 
    set
        description=? 
    where
        id=?
14:11:14,206 DEBUG SQL:104 - 
    update
        DataPoint 
    set
        description=? 
    where
        id=?
14:11:14,216 DEBUG SQL:104 - 
    update
        DataPoint 
    set
        description=? 
    where
        id=?
14:11:14,216 DEBUG SQL:104 - 
    update
        DataPoint 
    set
        description=? 
    where
        id=?
14:11:14,216 DEBUG SQL:104 - 
    update
        DataPoint 
    set
        description=? 
    where
        id=?
14:11:14,219 DEBUG SQL:104 - 
    update
        DataPoint 
    set
        description=? 
    where
        id=?
14:11:14,227 DEBUG SQL:104 - 
    update
        DataPoint 
    set
        description=? 
    where
        id=?
14:11:14,227 DEBUG SQL:104 - 
    update
        DataPoint 
    set
        description=? 
    where
        id=?
14:11:14,227 DEBUG SQL:104 - 
    update
        DataPoint 
    set
        description=? 
    where
        id=?
14:11:14,227 DEBUG SQL:104 - 
    update
        DataPoint 
    set
        description=? 
    where
        id=?
14:11:14,237 DEBUG SQL:104 - 
    update
        DataPoint 
    set
        description=? 
    where
        id=?
14:11:14,237 DEBUG SQL:104 - 
    update
        DataPoint 
    set
        description=? 
    where
        id=?
14:11:14,237 DEBUG SQL:104 - 
    update
        DataPoint 
    set
        description=? 
    where
        id=?
14:11:14,237 DEBUG SQL:104 - 
    update
        DataPoint 
    set
        description=? 
    where
        id=?
14:11:14,238 DEBUG SQL:104 - 
    update
        DataPoint 
    set
        description=? 
    where
        id=?
14:11:14,247 DEBUG SQL:104 - 
    update
        DataPoint 
    set
        description=? 
    where
        id=?
14:11:14,247 DEBUG SQL:104 - 
    update
        DataPoint 
    set
        description=? 
    where
        id=?
14:11:14,248 DEBUG SQL:104 - 
    update
        DataPoint 
    set
        description=? 
    where
        id=?
14:11:14,248 DEBUG SQL:104 - 
    update
        DataPoint 
    set
        description=? 
    where
        id=?
14:11:14,258 DEBUG SQL:104 - 
    update
        DataPoint 
    set
        description=? 
    where
        id=?
14:11:14,258 DEBUG SQL:104 - 
    update
        DataPoint 
    set
        description=? 
    where
        id=?
14:11:14,258 DEBUG SQL:104 - 
    update
        DataPoint 
    set
        description=? 
    where
        id=?
14:11:14,258 DEBUG SQL:104 - 
    update
        DataPoint 
    set
        description=? 
    where
        id=?
14:11:14,268 DEBUG SQL:104 - 
    update
        DataPoint 
    set
        description=? 
    where
        id=?
14:11:14,269 DEBUG SQL:104 - 
    update
        DataPoint 
    set
        description=? 
    where
        id=?
14:11:14,272 DEBUG SQL:104 - 
    update
        DataPoint 
    set
        description=? 
    where
        id=?
14:11:14,272 DEBUG SQL:104 - 
    update
        DataPoint 
    set
        description=? 
    where
        id=?
14:11:14,273 DEBUG SQL:104 - 
    update
        DataPoint 
    set
        description=? 
    where
        id=?
14:11:14,280 DEBUG SQL:104 - 
    update
        DataPoint 
    set
        description=? 
    where
        id=?
14:11:14,280 DEBUG SQL:104 - 
    update
        DataPoint 
    set
        description=? 
    where
        id=?
14:11:14,280 DEBUG SQL:104 - 
    update
        DataPoint 
    set
        description=? 
    where
        id=?
14:11:14,280 DEBUG SQL:104 - 
    update
        DataPoint 
    set
        description=? 
    where
        id=?
14:11:14,291 DEBUG SQL:104 - 
    update
        DataPoint 
    set
        description=? 
    where
        id=?
14:11:14,291 DEBUG SQL:104 - 
    update
        DataPoint 
    set
        description=? 
    where
        id=?
14:11:14,291 DEBUG SQL:104 - 
    update
        DataPoint 
    set
        description=? 
    where
        id=?
14:11:14,291 DEBUG SQL:104 - 
    update
        DataPoint 
    set
        description=? 
    where
        id=?
14:11:14,292 DEBUG SQL:104 - 
    update
        DataPoint 
    set
        description=? 
    where
        id=?
14:11:14,292 DEBUG SQL:104 - 
    update
        DataPoint 
    set
        description=? 
    where
        id=?
14:11:14,292 DEBUG SQL:104 - 
    update
        DataPoint 
    set
        description=? 
    where
        id=?
14:11:14,293 DEBUG SQL:104 - 
    update
        DataPoint 
    set
        description=? 
    where
        id=?
14:11:14,293 DEBUG SQL:104 - 
    update
        DataPoint 
    set
        description=? 
    where
        id=?
14:11:14,307 DEBUG SQL:104 - 
    update
        DataPoint 
    set
        description=? 
    where
        id=?
14:11:14,308 DEBUG SQL:104 - 
    update
        DataPoint 
    set
        description=? 
    where
        id=?
14:11:14,308 DEBUG SQL:104 - 
    update
        DataPoint 
    set
        description=? 
    where
        id=?
14:11:14,308 DEBUG SQL:104 - 
    update
        DataPoint 
    set
        description=? 
    where
        id=?
14:11:14,324 DEBUG SQL:104 - 
    update
        DataPoint 
    set
        description=? 
    where
        id=?
14:11:14,325 DEBUG SQL:104 - 
    update
        DataPoint 
    set
        description=? 
    where
        id=?
14:11:14,325 DEBUG SQL:104 - 
    update
        DataPoint 
    set
        description=? 
    where
        id=?
14:11:14,325 DEBUG SQL:104 - 
    update
        DataPoint 
    set
        description=? 
    where
        id=?
14:11:14,325 DEBUG SQL:104 - 
    update
        DataPoint 
    set
        description=? 
    where
        id=?
14:11:14,325 DEBUG SQL:104 - 
    update
        DataPoint 
    set
        description=? 
    where
        id=?
14:11:14,326 DEBUG SQL:104 - 
    update
        DataPoint 
    set
        description=? 
    where
        id=?
14:11:14,342 DEBUG SQL:104 - 
    update
        DataPoint 
    set
        description=? 
    where
        id=?
14:11:14,342 DEBUG SQL:104 - 
    update
        DataPoint 
    set
        description=? 
    where
        id=?
14:11:14,343 DEBUG SQL:104 - 
    update
        DataPoint 
    set
        description=? 
    where
        id=?
14:11:14,343 DEBUG SQL:104 - 
    update
        DataPoint 
    set
        description=? 
    where
        id=?
14:11:14,353 DEBUG SQL:104 - 
    update
        DataPoint 
    set
        description=? 
    where
        id=?
14:11:14,353 DEBUG SQL:104 - 
    update
        DataPoint 
    set
        description=? 
    where
        id=?
14:11:14,353 DEBUG SQL:104 - 
    update
        DataPoint 
    set
        description=? 
    where
        id=?
14:11:14,353 DEBUG SQL:104 - 
    update
        DataPoint 
    set
        description=? 
    where
        id=?
14:11:14,354 DEBUG SQL:104 - 
    update
        DataPoint 
    set
        description=? 
    where
        id=?
14:11:14,363 DEBUG SQL:104 - 
    update
        DataPoint 
    set
        description=? 
    where
        id=?
14:11:14,364 DEBUG SQL:104 - 
    update
        DataPoint 
    set
        description=? 
    where
        id=?
14:11:14,364 DEBUG SQL:104 - 
    update
        DataPoint 
    set
        description=? 
    where
        id=?
14:11:14,364 DEBUG SQL:104 - 
    update
        DataPoint 
    set
        description=? 
    where
        id=?
14:11:14,377 DEBUG SQL:104 - 
    update
        DataPoint 
    set
        description=? 
    where
        id=?
14:11:14,378 DEBUG SQL:104 - 
    update
        DataPoint 
    set
        description=? 
    where
        id=?
14:11:14,378 DEBUG SQL:104 - 
    update
        DataPoint 
    set
        description=? 
    where
        id=?
14:11:14,378 DEBUG SQL:104 - 
    update
        DataPoint 
    set
        description=? 
    where
        id=?
14:11:14,387 DEBUG SQL:104 - 
    update
        DataPoint 
    set
        description=? 
    where
        id=?
14:11:14,387 DEBUG SQL:104 - 
    update
        DataPoint 
    set
        description=? 
    where
        id=?
14:11:14,387 DEBUG SQL:104 - 
    update
        DataPoint 
    set
        description=? 
    where
        id=?
14:11:14,388 DEBUG SQL:104 - 
    update
        DataPoint 
    set
        description=? 
    where
        id=?
14:11:14,388 DEBUG SQL:104 - 
    update
        DataPoint 
    set
        description=? 
    where
        id=?
14:11:14,398 DEBUG SQL:104 - 
    update
        DataPoint 
    set
        description=? 
    where
        id=?
14:11:14,398 DEBUG SQL:104 - 
    update
        DataPoint 
    set
        description=? 
    where
        id=?
14:11:14,398 DEBUG SQL:104 - 
    update
        DataPoint 
    set
        description=? 
    where
        id=?
14:11:14,398 DEBUG SQL:104 - 
    update
        DataPoint 
    set
        description=? 
    where
        id=?
14:11:14,408 DEBUG SQL:104 - 
    update
        DataPoint 
    set
        description=? 
    where
        id=?
14:11:14,408 DEBUG SQL:104 - 
    update
        DataPoint 
    set
        description=? 
    where
        id=?
14:11:14,408 DEBUG SQL:104 - 
    update
        DataPoint 
    set
        description=? 
    where
        id=?
14:11:14,408 DEBUG SQL:104 - 
    update
        DataPoint 
    set
        description=? 
    where
        id=?
14:11:14,417 DEBUG SQL:104 - 
    update
        DataPoint 
    set
        description=? 
    where
        id=?
14:11:14,418 DEBUG SQL:104 - 
    update
        DataPoint 
    set
        description=? 
    where
        id=?
14:11:14,418 DEBUG SQL:104 - 
    update
        DataPoint 
    set
        description=? 
    where
        id=?
14:11:14,421 DEBUG SQL:104 - 
    update
        DataPoint 
    set
        description=? 
    where
        id=?
14:11:14,421 DEBUG SQL:104 - 
    update
        DataPoint 
    set
        description=? 
    where
        id=?
14:11:14,422 DEBUG SQL:104 - 
    update
        DataPoint 
    set
        description=? 
    where
        id=?
14:11:14,422 DEBUG SQL:104 - 
    update
        DataPoint 
    set
        description=? 
    where
        id=?
14:11:14,422 DEBUG SQL:104 - 
    update
        DataPoint 
    set
        description=? 
    where
        id=?
14:11:14,422 DEBUG SQL:104 - 
    update
        DataPoint 
    set
        description=? 
    where
        id=?
14:11:14,422 DEBUG SQL:104 - 
    update
        DataPoint 
    set
        description=? 
    where
        id=?
14:11:14,422 DEBUG SQL:104 - 
    update
        DataPoint 
    set
        description=? 
    where
        id=?
14:11:14,432 DEBUG SQL:104 - 
    update
        DataPoint 
    set
        description=? 
    where
        id=?
14:11:14,433 DEBUG SQL:104 - 
    update
        DataPoint 
    set
        description=? 
    where
        id=?
14:11:14,433 DEBUG SQL:104 - 
    update
        DataPoint 
    set
        description=? 
    where
        id=?
14:11:14,433 DEBUG SQL:104 - 
    update
        DataPoint 
    set
        description=? 
    where
        id=?
14:11:14,433 DEBUG SQL:104 - 
    update
        DataPoint 
    set
        description=? 
    where
        id=?
14:11:14,445 DEBUG SQL:104 - 
    update
        DataPoint 
    set
        description=? 
    where
        id=?
14:11:14,445 DEBUG SQL:104 - 
    update
        DataPoint 
    set
        description=? 
    where
        id=?
14:11:14,445 DEBUG SQL:104 - 
    update
        DataPoint 
    set
        description=? 
    where
        id=?
14:11:14,445 DEBUG SQL:104 - 
    update
        DataPoint 
    set
        description=? 
    where
        id=?
14:11:14,453 DEBUG SQL:104 - 
    update
        DataPoint 
    set
        description=? 
    where
        id=?
14:11:14,453 DEBUG SQL:104 - 
    update
        DataPoint 
    set
        description=? 
    where
        id=?
14:11:14,463 DEBUG SQL:104 - 
    update
        DataPoint 
    set
        description=? 
    where
        id=?
14:11:14,466 DEBUG SQL:104 - 
    update
        DataPoint 
    set
        description=? 
    where
        id=?
14:11:14,467 DEBUG SQL:104 - 
    update
        DataPoint 
    set
        description=? 
    where
        id=?
14:11:14,467 DEBUG SQL:104 - 
    update
        DataPoint 
    set
        description=? 
    where
        id=?
14:11:14,486 DEBUG SQL:104 - 
    update
        DataPoint 
    set
        description=? 
    where
        id=?
14:11:14,486 DEBUG SQL:104 - 
    update
        DataPoint 
    set
        description=? 
    where
        id=?
14:11:14,486 DEBUG SQL:104 - 
    update
        DataPoint 
    set
        description=? 
    where
        id=?
14:11:14,486 DEBUG SQL:104 - 
    update
        DataPoint 
    set
        description=? 
    where
        id=?
14:11:14,487 DEBUG SQL:104 - 
    update
        DataPoint 
    set
        description=? 
    where
        id=?
14:11:14,498 DEBUG SQL:104 - 
    update
        DataPoint 
    set
        description=? 
    where
        id=?
14:11:14,499 DEBUG SQL:104 - 
    update
        DataPoint 
    set
        description=? 
    where
        id=?
14:11:14,499 DEBUG SQL:104 - 
    update
        DataPoint 
    set
        description=? 
    where
        id=?
14:11:14,499 DEBUG SQL:104 - 
    update
        DataPoint 
    set
        description=? 
    where
        id=?
14:11:14,509 DEBUG SQL:104 - 
    update
        DataPoint 
    set
        description=? 
    where
        id=?
14:11:14,509 DEBUG SQL:104 - 
    update
        DataPoint 
    set
        description=? 
    where
        id=?
14:11:14,510 DEBUG SQL:104 - 
    update
        DataPoint 
    set
        description=? 
    where
        id=?
14:11:14,510 DEBUG SQL:104 - 
    update
        DataPoint 
    set
        description=? 
    where
        id=?
14:11:14,510 DEBUG SQL:104 - 
    update
        DataPoint 
    set
        description=? 
    where
        id=?
14:11:14,520 DEBUG SQL:104 - 
    update
        DataPoint 
    set
        description=? 
    where
        id=?
14:11:14,520 DEBUG SQL:104 - 
    update
        DataPoint 
    set
        description=? 
    where
        id=?
14:11:14,520 DEBUG SQL:104 - 
    update
        DataPoint 
    set
        description=? 
    where
        id=?
14:11:14,534 DEBUG SQL:104 - 
    update
        DataPoint 
    set
        description=? 
    where
        id=?
14:11:14,534 DEBUG SQL:104 - 
    update
        DataPoint 
    set
        description=? 
    where
        id=?
14:11:14,535 DEBUG SQL:104 - 
    update
        DataPoint 
    set
        description=? 
    where
        id=?
14:11:14,535 DEBUG SQL:104 - 
    update
        DataPoint 
    set
        description=? 
    where
        id=?
14:11:14,535 DEBUG SQL:104 - 
    update
        DataPoint 
    set
        description=? 
    where
        id=?
14:11:14,543 DEBUG SQL:104 - 
    update
        DataPoint 
    set
        description=? 
    where
        id=?
14:11:14,544 DEBUG SQL:104 - 
    update
        DataPoint 
    set
        description=? 
    where
        id=?
14:11:14,544 DEBUG SQL:104 - 
    update
        DataPoint 
    set
        description=? 
    where
        id=?
14:11:14,544 DEBUG SQL:104 - 
    update
        DataPoint 
    set
        description=? 
    where
        id=?
14:11:14,544 DEBUG SQL:104 - 
    update
        DataPoint 
    set
        description=? 
    where
        id=?
14:11:14,544 DEBUG SQL:104 - 
    update
        DataPoint 
    set
        description=? 
    where
        id=?
14:11:14,545 DEBUG SQL:104 - 
    update
        DataPoint 
    set
        description=? 
    where
        id=?
14:11:14,545 DEBUG SQL:104 - 
    update
        DataPoint 
    set
        description=? 
    where
        id=?
14:11:14,545 DEBUG SQL:104 - 
    update
        DataPoint 
    set
        description=? 
    where
        id=?
14:11:14,559 DEBUG SQL:104 - 
    update
        DataPoint 
    set
        description=? 
    where
        id=?
14:11:14,560 DEBUG SQL:104 - 
    update
        DataPoint 
    set
        description=? 
    where
        id=?
14:11:14,560 DEBUG SQL:104 - 
    update
        DataPoint 
    set
        description=? 
    where
        id=?
14:11:14,560 DEBUG SQL:104 - 
    update
        DataPoint 
    set
        description=? 
    where
        id=?
14:11:14,579 DEBUG SQL:104 - 
    update
        DataPoint 
    set
        description=? 
    where
        id=?
14:11:14,579 DEBUG SQL:104 - 
    update
        DataPoint 
    set
        description=? 
    where
        id=?
14:11:14,582 DEBUG SQL:104 - 
    update
        DataPoint 
    set
        description=? 
    where
        id=?
14:11:14,582 DEBUG SQL:104 - 
    update
        DataPoint 
    set
        description=? 
    where
        id=?
14:11:14,583 DEBUG SQL:104 - 
    update
        DataPoint 
    set
        description=? 
    where
        id=?
14:11:14,608 DEBUG SQL:104 - 
    update
        DataPoint 
    set
        description=? 
    where
        id=?
14:11:14,609 DEBUG SQL:104 - 
    update
        DataPoint 
    set
        description=? 
    where
        id=?
14:11:14,621 DEBUG SQL:104 - 
    update
        DataPoint 
    set
        description=? 
    where
        id=?
14:11:14,622 DEBUG SQL:104 - 
    update
        DataPoint 
    set
        description=? 
    where
        id=?
14:11:14,622 DEBUG SQL:104 - 
    update
        DataPoint 
    set
        description=? 
    where
        id=?
14:11:14,622 DEBUG SQL:104 - 
    update
        DataPoint 
    set
        description=? 
    where
        id=?
14:11:14,634 DEBUG SQL:104 - 
    update
        DataPoint 
    set
        description=? 
    where
        id=?
14:11:14,634 DEBUG SQL:104 - 
    update
        DataPoint 
    set
        description=? 
    where
        id=?
14:11:14,634 DEBUG SQL:104 - 
    update
        DataPoint 
    set
        description=? 
    where
        id=?
14:11:14,634 DEBUG SQL:104 - 
    update
        DataPoint 
    set
        description=? 
    where
        id=?
14:11:14,634 DEBUG SQL:104 - 
    update
        DataPoint 
    set
        description=? 
    where
        id=?
14:11:14,646 DEBUG SQL:104 - 
    update
        DataPoint 
    set
        description=? 
    where
        id=?
14:11:14,647 DEBUG SQL:104 - 
    update
        DataPoint 
    set
        description=? 
    where
        id=?
14:11:14,647 DEBUG SQL:104 - 
    update
        DataPoint 
    set
        description=? 
    where
        id=?
14:11:14,647 DEBUG SQL:104 - 
    update
        DataPoint 
    set
        description=? 
    where
        id=?
14:11:14,658 DEBUG SQL:104 - 
    update
        DataPoint 
    set
        description=? 
    where
        id=?
14:11:14,659 DEBUG SQL:104 - 
    update
        DataPoint 
    set
        description=? 
    where
        id=?
14:11:14,662 DEBUG SQL:104 - 
    update
        DataPoint 
    set
        description=? 
    where
        id=?
14:11:14,662 DEBUG SQL:104 - 
    update
        DataPoint 
    set
        description=? 
    where
        id=?
14:11:14,662 DEBUG SQL:104 - 
    update
        DataPoint 
    set
        description=? 
    where
        id=?
14:11:14,675 DEBUG SQL:104 - 
    update
        DataPoint 
    set
        description=? 
    where
        id=?
14:11:14,675 DEBUG SQL:104 - 
    update
        DataPoint 
    set
        description=? 
    where
        id=?
14:11:14,676 DEBUG SQL:104 - 
    update
        DataPoint 
    set
        description=? 
    where
        id=?
14:11:14,676 DEBUG SQL:104 - 
    update
        DataPoint 
    set
        description=? 
    where
        id=?
14:11:14,676 DEBUG SQL:104 - 
    update
        DataPoint 
    set
        description=? 
    where
        id=?
14:11:14,676 DEBUG SQL:104 - 
    update
        DataPoint 
    set
        description=? 
    where
        id=?
14:11:14,676 DEBUG SQL:104 - 
    update
        DataPoint 
    set
        description=? 
    where
        id=?
14:11:14,676 DEBUG SQL:104 - 
    update
        DataPoint 
    set
        description=? 
    where
        id=?
14:11:14,690 DEBUG SQL:104 - 
    update
        DataPoint 
    set
        description=? 
    where
        id=?
14:11:14,690 DEBUG SQL:104 - 
    update
        DataPoint 
    set
        description=? 
    where
        id=?
14:11:14,691 DEBUG SQL:104 - 
    update
        DataPoint 
    set
        description=? 
    where
        id=?
14:11:14,691 DEBUG SQL:104 - 
    update
        DataPoint 
    set
        description=? 
    where
        id=?
14:11:14,691 DEBUG SQL:104 - 
    update
        DataPoint 
    set
        description=? 
    where
        id=?
14:11:14,704 DEBUG SQL:104 - 
    update
        DataPoint 
    set
        description=? 
    where
        id=?
14:11:14,704 DEBUG SQL:104 - 
    update
        DataPoint 
    set
        description=? 
    where
        id=?
14:11:14,705 DEBUG SQL:104 - 
    update
        DataPoint 
    set
        description=? 
    where
        id=?
14:11:14,705 DEBUG SQL:104 - 
    update
        DataPoint 
    set
        description=? 
    where
        id=?
14:11:14,719 DEBUG SQL:104 - 
    update
        DataPoint 
    set
        description=? 
    where
        id=?
14:11:14,720 DEBUG SQL:104 - 
    update
        DataPoint 
    set
        description=? 
    where
        id=?
14:11:14,726 DEBUG SQL:104 - 
    update
        DataPoint 
    set
        description=? 
    where
        id=?
14:11:14,726 DEBUG SQL:104 - 
    update
        DataPoint 
    set
        description=? 
    where
        id=?
14:11:14,727 DEBUG SQL:104 - 
    update
        DataPoint 
    set
        description=? 
    where
        id=?
14:11:14,727 DEBUG SQL:104 - 
    update
        DataPoint 
    set
        description=? 
    where
        id=?
14:11:14,727 DEBUG SQL:104 - 
    update
        DataPoint 
    set
        description=? 
    where
        id=?
14:11:14,737 DEBUG SQL:104 - 
    update
        DataPoint 
    set
        description=? 
    where
        id=?
14:11:14,737 DEBUG SQL:104 - 
    update
        DataPoint 
    set
        description=? 
    where
        id=?
14:11:14,737 DEBUG SQL:104 - 
    update
        DataPoint 
    set
        description=? 
    where
        id=?
14:11:14,738 DEBUG SQL:104 - 
    update
        DataPoint 
    set
        description=? 
    where
        id=?
14:11:14,747 DEBUG SQL:104 - 
    update
        DataPoint 
    set
        description=? 
    where
        id=?
14:11:14,747 DEBUG SQL:104 - 
    update
        DataPoint 
    set
        description=? 
    where
        id=?
14:11:14,748 DEBUG SQL:104 - 
    update
        DataPoint 
    set
        description=? 
    where
        id=?
14:11:14,748 DEBUG SQL:104 - 
    update
        DataPoint 
    set
        description=? 
    where
        id=?
14:11:14,758 DEBUG SQL:104 - 
    update
        DataPoint 
    set
        description=? 
    where
        id=?
14:11:14,758 DEBUG SQL:104 - 
    update
        DataPoint 
    set
        description=? 
    where
        id=?
14:11:14,759 DEBUG SQL:104 - 
    update
        DataPoint 
    set
        description=? 
    where
        id=?
14:11:14,759 DEBUG SQL:104 - 
    update
        DataPoint 
    set
        description=? 
    where
        id=?
14:11:14,759 DEBUG SQL:104 - 
    update
        DataPoint 
    set
        description=? 
    where
        id=?
14:11:14,773 DEBUG SQL:104 - 
    update
        DataPoint 
    set
        description=? 
    where
        id=?
14:11:14,773 DEBUG SQL:104 - 
    update
        DataPoint 
    set
        description=? 
    where
        id=?
14:11:14,774 DEBUG SQL:104 - 
    update
        DataPoint 
    set
        description=? 
    where
        id=?
14:11:14,774 DEBUG SQL:104 - 
    update
        DataPoint 
    set
        description=? 
    where
        id=?
14:11:14,779 DEBUG SQL:104 - 
    update
        DataPoint 
    set
        description=? 
    where
        id=?
14:11:14,780 DEBUG SQL:104 - 
    update
        DataPoint 
    set
        description=? 
    where
        id=?
14:11:14,780 DEBUG SQL:104 - 
    update
        DataPoint 
    set
        description=? 
    where
        id=?
14:11:14,780 DEBUG SQL:104 - 
    update
        DataPoint 
    set
        description=? 
    where
        id=?
14:11:14,791 DEBUG SQL:104 - 
    update
        DataPoint 
    set
        description=? 
    where
        id=?
14:11:14,791 DEBUG SQL:104 - 
    update
        DataPoint 
    set
        description=? 
    where
        id=?
14:11:14,791 DEBUG SQL:104 - 
    update
        DataPoint 
    set
        description=? 
    where
        id=?
14:11:14,791 DEBUG SQL:104 - 
    update
        DataPoint 
    set
        description=? 
    where
        id=?
14:11:14,791 DEBUG SQL:104 - 
    update
        DataPoint 
    set
        description=? 
    where
        id=?
14:11:14,801 DEBUG SQL:104 - 
    update
        DataPoint 
    set
        description=? 
    where
        id=?
14:11:14,801 DEBUG SQL:104 - 
    update
        DataPoint 
    set
        description=? 
    where
        id=?
14:11:14,801 DEBUG SQL:104 - 
    update
        DataPoint 
    set
        description=? 
    where
        id=?
14:11:14,802 DEBUG SQL:104 - 
    update
        DataPoint 
    set
        description=? 
    where
        id=?
14:11:14,802 DEBUG SQL:104 - 
    update
        DataPoint 
    set
        description=? 
    where
        id=?
14:11:14,802 DEBUG SQL:104 - 
    update
        DataPoint 
    set
        description=? 
    where
        id=?
14:11:14,803 DEBUG SQL:104 - 
    update
        DataPoint 
    set
        description=? 
    where
        id=?
14:11:14,806 DEBUG SQL:104 - 
    update
        DataPoint 
    set
        description=? 
    where
        id=?
14:11:14,807 DEBUG SQL:104 - 
    update
        DataPoint 
    set
        description=? 
    where
        id=?
14:11:14,828 DEBUG SQL:104 - 
    update
        DataPoint 
    set
        description=? 
    where
        id=?
14:11:14,828 DEBUG SQL:104 - 
    update
        DataPoint 
    set
        description=? 
    where
        id=?
14:11:14,828 DEBUG SQL:104 - 
    update
        DataPoint 
    set
        description=? 
    where
        id=?
14:11:14,828 DEBUG SQL:104 - 
    update
        DataPoint 
    set
        description=? 
    where
        id=?
14:11:14,837 DEBUG SQL:104 - 
    update
        DataPoint 
    set
        description=? 
    where
        id=?
14:11:14,837 DEBUG SQL:104 - 
    update
        DataPoint 
    set
        description=? 
    where
        id=?
14:11:14,838 DEBUG SQL:104 - 
    update
        DataPoint 
    set
        description=? 
    where
        id=?
14:11:14,838 DEBUG SQL:104 - 
    update
        DataPoint 
    set
        description=? 
    where
        id=?
14:11:14,848 DEBUG SQL:104 - 
    update
        DataPoint 
    set
        description=? 
    where
        id=?
14:11:14,848 DEBUG SQL:104 - 
    update
        DataPoint 
    set
        description=? 
    where
        id=?
14:11:14,848 DEBUG SQL:104 - 
    update
        DataPoint 
    set
        description=? 
    where
        id=?
14:11:14,858 DEBUG SQL:104 - 
    update
        DataPoint 
    set
        description=? 
    where
        id=?
14:11:14,858 DEBUG SQL:104 - 
    update
        DataPoint 
    set
        description=? 
    where
        id=?
14:11:14,859 DEBUG SQL:104 - 
    update
        DataPoint 
    set
        description=? 
    where
        id=?
14:11:14,860 DEBUG SQL:104 - 
    update
        DataPoint 
    set
        description=? 
    where
        id=?
14:11:14,870 DEBUG SQL:104 - 
    update
        DataPoint 
    set
        description=? 
    where
        id=?
14:11:14,870 DEBUG SQL:104 - 
    update
        DataPoint 
    set
        description=? 
    where
        id=?
14:11:14,871 DEBUG SQL:104 - 
    update
        DataPoint 
    set
        description=? 
    where
        id=?
14:11:14,874 DEBUG SQL:104 - 
    update
        DataPoint 
    set
        description=? 
    where
        id=?
14:11:14,885 DEBUG SQL:104 - 
    update
        DataPoint 
    set
        description=? 
    where
        id=?
14:11:14,885 DEBUG SQL:104 - 
    update
        DataPoint 
    set
        description=? 
    where
        id=?
14:11:14,885 DEBUG SQL:104 - 
    update
        DataPoint 
    set
        description=? 
    where
        id=?
14:11:14,885 DEBUG SQL:104 - 
    update
        DataPoint 
    set
        description=? 
    where
        id=?
14:11:14,885 DEBUG SQL:104 - 
    update
        DataPoint 
    set
        description=? 
    where
        id=?
14:11:14,897 DEBUG SQL:104 - 
    update
        DataPoint 
    set
        description=? 
    where
        id=?
14:11:14,897 DEBUG SQL:104 - 
    update
        DataPoint 
    set
        description=? 
    where
        id=?
14:11:14,897 DEBUG SQL:104 - 
    update
        DataPoint 
    set
        description=? 
    where
        id=?
14:11:14,897 DEBUG SQL:104 - 
    update
        DataPoint 
    set
        description=? 
    where
        id=?
14:11:14,907 DEBUG SQL:104 - 
    update
        DataPoint 
    set
        description=? 
    where
        id=?
14:11:14,907 DEBUG SQL:104 - 
    update
        DataPoint 
    set
        description=? 
    where
        id=?
14:11:14,907 DEBUG SQL:104 - 
    update
        DataPoint 
    set
        description=? 
    where
        id=?
14:11:14,907 DEBUG SQL:104 - 
    update
        DataPoint 
    set
        description=? 
    where
        id=?
14:11:14,918 DEBUG SQL:104 - 
    update
        DataPoint 
    set
        description=? 
    where
        id=?
14:11:14,918 DEBUG SQL:104 - 
    update
        DataPoint 
    set
        description=? 
    where
        id=?
14:11:14,918 DEBUG SQL:104 - 
    update
        DataPoint 
    set
        description=? 
    where
        id=?
14:11:14,918 DEBUG SQL:104 - 
    update
        DataPoint 
    set
        description=? 
    where
        id=?
14:11:14,919 DEBUG SQL:104 - 
    update
        DataPoint 
    set
        description=? 
    where
        id=?
14:11:14,928 DEBUG SQL:104 - 
    update
        DataPoint 
    set
        description=? 
    where
        id=?
14:11:14,932 DEBUG SQL:104 - 
    update
        DataPoint 
    set
        description=? 
    where
        id=?
14:11:14,933 DEBUG SQL:104 - 
    update
        DataPoint 
    set
        description=? 
    where
        id=?
14:11:14,933 DEBUG SQL:104 - 
    update
        DataPoint 
    set
        description=? 
    where
        id=?
14:11:14,933 DEBUG SQL:104 - 
    update
        DataPoint 
    set
        description=? 
    where
        id=?
14:11:14,933 DEBUG SQL:104 - 
    update
        DataPoint 
    set
        description=? 
    where
        id=?
14:11:14,933 DEBUG SQL:104 - 
    update
        DataPoint 
    set
        description=? 
    where
        id=?
14:11:14,933 DEBUG SQL:104 - 
    update
        DataPoint 
    set
        description=? 
    where
        id=?
14:11:14,934 DEBUG SQL:104 - 
    update
        DataPoint 
    set
        description=? 
    where
        id=?
14:11:14,947 DEBUG SQL:104 - 
    update
        DataPoint 
    set
        description=? 
    where
        id=?
14:11:14,947 DEBUG SQL:104 - 
    update
        DataPoint 
    set
        description=? 
    where
        id=?
14:11:14,948 DEBUG SQL:104 - 
    update
        DataPoint 
    set
        description=? 
    where
        id=?
14:11:14,948 DEBUG SQL:104 - 
    update
        DataPoint 
    set
        description=? 
    where
        id=?
14:11:14,961 DEBUG SQL:104 - 
    update
        DataPoint 
    set
        description=? 
    where
        id=?
14:11:14,961 DEBUG SQL:104 - 
    update
        DataPoint 
    set
        description=? 
    where
        id=?
14:11:14,961 DEBUG SQL:104 - 
    update
        DataPoint 
    set
        description=? 
    where
        id=?
14:11:14,962 DEBUG SQL:104 - 
    update
        DataPoint 
    set
        description=? 
    where
        id=?
14:11:14,972 DEBUG SQL:104 - 
    update
        DataPoint 
    set
        description=? 
    where
        id=?
14:11:14,972 DEBUG SQL:104 - 
    update
        DataPoint 
    set
        description=? 
    where
        id=?
14:11:14,982 DEBUG SQL:104 - 
    update
        DataPoint 
    set
        description=? 
    where
        id=?
14:11:14,983 DEBUG SQL:104 - 
    update
        DataPoint 
    set
        description=? 
    where
        id=?
14:11:14,986 DEBUG SQL:104 - 
    update
        DataPoint 
    set
        description=? 
    where
        id=?
14:11:14,987 DEBUG SQL:104 - 
    update
        DataPoint 
    set
        description=? 
    where
        id=?
14:11:14,987 DEBUG SQL:104 - 
    update
        DataPoint 
    set
        description=? 
    where
        id=?
14:11:14,994 DEBUG SQL:104 - 
    update
        DataPoint 
    set
        description=? 
    where
        id=?
14:11:14,994 DEBUG SQL:104 - 
    update
        DataPoint 
    set
        description=? 
    where
        id=?
14:11:14,994 DEBUG SQL:104 - 
    update
        DataPoint 
    set
        description=? 
    where
        id=?
14:11:14,994 DEBUG SQL:104 - 
    update
        DataPoint 
    set
        description=? 
    where
        id=?
14:11:15,005 DEBUG SQL:104 - 
    update
        DataPoint 
    set
        description=? 
    where
        id=?
14:11:15,005 DEBUG SQL:104 - 
    update
        DataPoint 
    set
        description=? 
    where
        id=?
14:11:15,005 DEBUG SQL:104 - 
    update
        DataPoint 
    set
        description=? 
    where
        id=?
14:11:15,006 DEBUG SQL:104 - 
    update
        DataPoint 
    set
        description=? 
    where
        id=?
14:11:15,006 DEBUG SQL:104 - 
    update
        DataPoint 
    set
        description=? 
    where
        id=?
14:11:15,015 DEBUG SQL:104 - 
    update
        DataPoint 
    set
        description=? 
    where
        id=?
14:11:15,016 DEBUG SQL:104 - 
    update
        DataPoint 
    set
        description=? 
    where
        id=?
14:11:15,016 DEBUG SQL:104 - 
    update
        DataPoint 
    set
        description=? 
    where
        id=?
14:11:15,016 DEBUG SQL:104 - 
    update
        DataPoint 
    set
        description=? 
    where
        id=?
14:11:15,026 DEBUG SQL:104 - 
    update
        DataPoint 
    set
        description=? 
    where
        id=?
14:11:15,027 DEBUG SQL:104 - 
    update
        DataPoint 
    set
        description=? 
    where
        id=?
14:11:15,027 DEBUG SQL:104 - 
    update
        DataPoint 
    set
        description=? 
    where
        id=?
14:11:15,027 DEBUG SQL:104 - 
    update
        DataPoint 
    set
        description=? 
    where
        id=?
14:11:15,040 DEBUG SQL:104 - 
    update
        DataPoint 
    set
        description=? 
    where
        id=?
14:11:15,041 DEBUG SQL:104 - 
    update
        DataPoint 
    set
        description=? 
    where
        id=?
14:11:15,041 DEBUG SQL:104 - 
    update
        DataPoint 
    set
        description=? 
    where
        id=?
14:11:15,041 DEBUG SQL:104 - 
    update
        DataPoint 
    set
        description=? 
    where
        id=?
14:11:15,041 DEBUG SQL:104 - 
    update
        DataPoint 
    set
        description=? 
    where
        id=?
14:11:15,048 DEBUG SQL:104 - 
    update
        DataPoint 
    set
        description=? 
    where
        id=?
14:11:15,048 DEBUG SQL:104 - 
    update
        DataPoint 
    set
        description=? 
    where
        id=?
14:11:15,049 DEBUG SQL:104 - 
    update
        DataPoint 
    set
        description=? 
    where
        id=?
14:11:15,049 DEBUG SQL:104 - 
    update
        DataPoint 
    set
        description=? 
    where
        id=?
14:11:15,059 DEBUG SQL:104 - 
    update
        DataPoint 
    set
        description=? 
    where
        id=?
14:11:15,060 DEBUG SQL:104 - 
    update
        DataPoint 
    set
        description=? 
    where
        id=?
14:11:15,060 DEBUG SQL:104 - 
    update
        DataPoint 
    set
        description=? 
    where
        id=?
14:11:15,060 DEBUG SQL:104 - 
    update
        DataPoint 
    set
        description=? 
    where
        id=?
14:11:15,060 DEBUG SQL:104 - 
    update
        DataPoint 
    set
        description=? 
    where
        id=?
14:11:15,060 DEBUG SQL:104 - 
    update
        DataPoint 
    set
        description=? 
    where
        id=?
14:11:15,060 DEBUG SQL:104 - 
    update
        DataPoint 
    set
        description=? 
    where
        id=?
14:11:15,061 DEBUG SQL:104 - 
    update
        DataPoint 
    set
        description=? 
    where
        id=?
14:11:15,061 DEBUG SQL:104 - 
    update
        DataPoint 
    set
        description=? 
    where
        id=?
14:11:15,074 DEBUG SQL:104 - 
    update
        DataPoint 
    set
        description=? 
    where
        id=?
14:11:15,075 DEBUG SQL:104 - 
    update
        DataPoint 
    set
        description=? 
    where
        id=?
14:11:15,078 DEBUG SQL:104 - 
    update
        DataPoint 
    set
        description=? 
    where
        id=?
14:11:15,078 DEBUG SQL:104 - 
    update
        DataPoint 
    set
        description=? 
    where
        id=?
14:11:15,091 DEBUG SQL:104 - 
    update
        DataPoint 
    set
        description=? 
    where
        id=?
14:11:15,092 DEBUG SQL:104 - 
    update
        DataPoint 
    set
        description=? 
    where
        id=?
14:11:15,092 DEBUG SQL:104 - 
    update
        DataPoint 
    set
        description=? 
    where
        id=?
14:11:15,092 DEBUG SQL:104 - 
    update
        DataPoint 
    set
        description=? 
    where
        id=?
14:11:15,093 DEBUG SQL:104 - 
    update
        DataPoint 
    set
        description=? 
    where
        id=?
14:11:15,098 DEBUG SQL:104 - 
    update
        DataPoint 
    set
        description=? 
    where
        id=?
14:11:15,099 DEBUG SQL:104 - 
    update
        DataPoint 
    set
        description=? 
    where
        id=?
14:11:15,123 DEBUG SQL:104 - 
    update
        DataPoint 
    set
        description=? 
    where
        id=?
14:11:15,123 DEBUG SQL:104 - 
    update
        DataPoint 
    set
        description=? 
    where
        id=?
14:11:15,123 DEBUG SQL:104 - 
    update
        DataPoint 
    set
        description=? 
    where
        id=?
14:11:15,123 DEBUG SQL:104 - 
    update
        DataPoint 
    set
        description=? 
    where
        id=?
14:11:15,133 DEBUG SQL:104 - 
    update
        DataPoint 
    set
        description=? 
    where
        id=?
14:11:15,133 DEBUG SQL:104 - 
    update
        DataPoint 
    set
        description=? 
    where
        id=?
14:11:15,134 DEBUG SQL:104 - 
    update
        DataPoint 
    set
        description=? 
    where
        id=?
14:11:15,134 DEBUG SQL:104 - 
    update
        DataPoint 
    set
        description=? 
    where
        id=?
14:11:15,134 DEBUG SQL:104 - 
    update
        DataPoint 
    set
        description=? 
    where
        id=?
14:11:15,146 DEBUG SQL:104 - 
    update
        DataPoint 
    set
        description=? 
    where
        id=?
14:11:15,147 DEBUG SQL:104 - 
    update
        DataPoint 
    set
        description=? 
    where
        id=?
14:11:15,150 DEBUG SQL:104 - 
    update
        DataPoint 
    set
        description=? 
    where
        id=?
14:11:15,150 DEBUG SQL:104 - 
    update
        DataPoint 
    set
        description=? 
    where
        id=?
14:11:15,172 DEBUG SQL:104 - 
    update
        DataPoint 
    set
        description=? 
    where
        id=?
14:11:15,172 DEBUG SQL:104 - 
    update
        DataPoint 
    set
        description=? 
    where
        id=?
14:11:15,173 DEBUG SQL:104 - 
    update
        DataPoint 
    set
        description=? 
    where
        id=?
14:11:15,173 DEBUG SQL:104 - 
    update
        DataPoint 
    set
        description=? 
    where
        id=?
14:11:15,181 DEBUG SQL:104 - 
    update
        DataPoint 
    set
        description=? 
    where
        id=?
14:11:15,181 DEBUG SQL:104 - 
    update
        DataPoint 
    set
        description=? 
    where
        id=?
14:11:15,181 DEBUG SQL:104 - 
    update
        DataPoint 
    set
        description=? 
    where
        id=?
14:11:15,182 DEBUG SQL:104 - 
    update
        DataPoint 
    set
        description=? 
    where
        id=?
14:11:15,182 DEBUG SQL:104 - 
    update
        DataPoint 
    set
        description=? 
    where
        id=?
14:11:15,182 DEBUG SQL:104 - 
    update
        DataPoint 
    set
        description=? 
    where
        id=?
14:11:15,182 DEBUG SQL:104 - 
    update
        DataPoint 
    set
        description=? 
    where
        id=?
14:11:15,182 DEBUG SQL:104 - 
    update
        DataPoint 
    set
        description=? 
    where
        id=?
14:11:15,183 DEBUG SQL:104 - 
    update
        DataPoint 
    set
        description=? 
    where
        id=?
14:11:15,195 DEBUG SQL:104 - 
    update
        DataPoint 
    set
        description=? 
    where
        id=?
14:11:15,195 DEBUG SQL:104 - 
    update
        DataPoint 
    set
        description=? 
    where
        id=?
14:11:15,195 DEBUG SQL:104 - 
    update
        DataPoint 
    set
        description=? 
    where
        id=?
14:11:15,195 DEBUG SQL:104 - 
    update
        DataPoint 
    set
        description=? 
    where
        id=?
14:11:15,206 DEBUG SQL:104 - 
    update
        DataPoint 
    set
        description=? 
    where
        id=?
14:11:15,209 DEBUG SQL:104 - 
    update
        DataPoint 
    set
        description=? 
    where
        id=?
14:11:15,209 DEBUG SQL:104 - 
    update
        DataPoint 
    set
        description=? 
    where
        id=?
14:11:15,210 DEBUG SQL:104 - 
    update
        DataPoint 
    set
        description=? 
    where
        id=?
14:11:15,210 DEBUG SQL:104 - 
    update
        DataPoint 
    set
        description=? 
    where
        id=?
14:11:15,210 DEBUG SQL:104 - 
    update
        DataPoint 
    set
        description=? 
    where
        id=?
14:11:15,210 DEBUG SQL:104 - 
    update
        DataPoint 
    set
        description=? 
    where
        id=?
14:11:15,232 DEBUG SQL:104 - 
    update
        DataPoint 
    set
        description=? 
    where
        id=?
14:11:15,233 DEBUG SQL:104 - 
    update
        DataPoint 
    set
        description=? 
    where
        id=?
14:11:15,233 DEBUG SQL:104 - 
    update
        DataPoint 
    set
        description=? 
    where
        id=?
14:11:15,233 DEBUG SQL:104 - 
    update
        DataPoint 
    set
        description=? 
    where
        id=?
14:11:15,242 DEBUG SQL:104 - 
    update
        DataPoint 
    set
        description=? 
    where
        id=?
14:11:15,242 DEBUG SQL:104 - 
    update
        DataPoint 
    set
        description=? 
    where
        id=?
14:11:15,242 DEBUG SQL:104 - 
    update
        DataPoint 
    set
        description=? 
    where
        id=?
14:11:15,243 DEBUG SQL:104 - 
    update
        DataPoint 
    set
        description=? 
    where
        id=?
14:11:15,243 DEBUG SQL:104 - 
    update
        DataPoint 
    set
        description=? 
    where
        id=?
14:11:15,254 DEBUG SQL:104 - 
    update
        DataPoint 
    set
        description=? 
    where
        id=?
14:11:15,255 DEBUG SQL:104 - 
    update
        DataPoint 
    set
        description=? 
    where
        id=?
14:11:15,255 DEBUG SQL:104 - 
    update
        DataPoint 
    set
        description=? 
    where
        id=?
14:11:15,255 DEBUG SQL:104 - 
    update
        DataPoint 
    set
        description=? 
    where
        id=?
14:11:15,274 DEBUG SQL:104 - 
    update
        DataPoint 
    set
        description=? 
    where
        id=?
14:11:15,278 DEBUG SQL:104 - 
    update
        DataPoint 
    set
        description=? 
    where
        id=?
14:11:15,278 DEBUG SQL:104 - 
    update
        DataPoint 
    set
        description=? 
    where
        id=?
14:11:15,278 DEBUG SQL:104 - 
    update
        DataPoint 
    set
        description=? 
    where
        id=?
14:11:15,285 DEBUG SQL:104 - 
    update
        DataPoint 
    set
        description=? 
    where
        id=?
14:11:15,285 DEBUG SQL:104 - 
    update
        DataPoint 
    set
        description=? 
    where
        id=?
14:11:15,285 DEBUG SQL:104 - 
    update
        DataPoint 
    set
        description=? 
    where
        id=?
14:11:15,286 DEBUG SQL:104 - 
    update
        DataPoint 
    set
        description=? 
    where
        id=?
14:11:15,286 DEBUG SQL:104 - 
    update
        DataPoint 
    set
        description=? 
    where
        id=?
14:11:15,296 DEBUG SQL:104 - 
    update
        DataPoint 
    set
        description=? 
    where
        id=?
14:11:15,296 DEBUG SQL:104 - 
    update
        DataPoint 
    set
        description=? 
    where
        id=?
14:11:15,296 DEBUG SQL:104 - 
    update
        DataPoint 
    set
        description=? 
    where
        id=?
14:11:15,296 DEBUG SQL:104 - 
    update
        DataPoint 
    set
        description=? 
    where
        id=?
14:11:15,308 DEBUG SQL:104 - 
    update
        DataPoint 
    set
        description=? 
    where
        id=?
14:11:15,308 DEBUG SQL:104 - 
    update
        DataPoint 
    set
        description=? 
    where
        id=?
14:11:15,308 DEBUG SQL:104 - 
    update
        DataPoint 
    set
        description=? 
    where
        id=?
14:11:15,309 DEBUG SQL:104 - 
    update
        DataPoint 
    set
        description=? 
    where
        id=?
14:11:15,309 DEBUG SQL:104 - 
    update
        DataPoint 
    set
        description=? 
    where
        id=?
14:11:15,309 DEBUG SQL:104 - 
    update
        DataPoint 
    set
        description=? 
    where
        id=?
14:11:15,309 DEBUG SQL:104 - 
    update
        DataPoint 
    set
        description=? 
    where
        id=?
14:11:15,309 DEBUG SQL:104 - 
    update
        DataPoint 
    set
        description=? 
    where
        id=?
14:11:15,314 DEBUG SQL:104 - 
    update
        DataPoint 
    set
        description=? 
    where
        id=?
14:11:15,325 DEBUG SQL:104 - 
    update
        DataPoint 
    set
        description=? 
    where
        id=?
14:11:15,326 DEBUG SQL:104 - 
    update
        DataPoint 
    set
        description=? 
    where
        id=?
14:11:15,326 DEBUG SQL:104 - 
    update
        DataPoint 
    set
        description=? 
    where
        id=?
14:11:15,326 DEBUG SQL:104 - 
    update
        DataPoint 
    set
        description=? 
    where
        id=?
14:11:15,339 DEBUG SQL:104 - 
    update
        DataPoint 
    set
        description=? 
    where
        id=?
14:11:15,340 DEBUG SQL:104 - 
    update
        DataPoint 
    set
        description=? 
    where
        id=?
14:11:15,340 DEBUG SQL:104 - 
    update
        DataPoint 
    set
        description=? 
    where
        id=?
14:11:15,340 DEBUG SQL:104 - 
    update
        DataPoint 
    set
        description=? 
    where
        id=?
14:11:15,340 DEBUG SQL:104 - 
    update
        DataPoint 
    set
        description=? 
    where
        id=?
14:11:15,340 DEBUG SQL:104 - 
    update
        DataPoint 
    set
        description=? 
    where
        id=?
14:11:15,340 DEBUG SQL:104 - 
    update
        DataPoint 
    set
        description=? 
    where
        id=?
14:11:15,387 DEBUG SQL:104 - 
    update
        DataPoint 
    set
        description=? 
    where
        id=?
14:11:15,388 DEBUG SQL:104 - 
    update
        DataPoint 
    set
        description=? 
    where
        id=?
14:11:15,388 DEBUG SQL:104 - 
    update
        DataPoint 
    set
        description=? 
    where
        id=?
14:11:15,388 DEBUG SQL:104 - 
    update
        DataPoint 
    set
        description=? 
    where
        id=?
14:11:15,450 DEBUG SQL:104 - 
    update
        DataPoint 
    set
        description=? 
    where
        id=?
14:11:15,451 DEBUG SQL:104 - 
    update
        DataPoint 
    set
        description=? 
    where
        id=?
14:11:15,451 DEBUG SQL:104 - 
    update
        DataPoint 
    set
        description=? 
    where
        id=?
14:11:15,451 DEBUG SQL:104 - 
    update
        DataPoint 
    set
        description=? 
    where
        id=?
14:11:15,454 DEBUG SQL:104 - 
    update
        DataPoint 
    set
        description=? 
    where
        id=?
14:11:15,461 DEBUG SQL:104 - 
    update
        DataPoint 
    set
        description=? 
    where
        id=?
14:11:15,461 DEBUG SQL:104 - 
    update
        DataPoint 
    set
        description=? 
    where
        id=?
14:11:15,461 DEBUG SQL:104 - 
    update
        DataPoint 
    set
        description=? 
    where
        id=?
14:11:15,461 DEBUG SQL:104 - 
    update
        DataPoint 
    set
        description=? 
    where
        id=?
14:11:15,541 DEBUG SQL:104 - 
    update
        DataPoint 
    set
        description=? 
    where
        id=?
14:11:15,541 DEBUG SQL:104 - 
    update
        DataPoint 
    set
        description=? 
    where
        id=?
14:11:15,543 DEBUG SQL:104 - 
    update
        DataPoint 
    set
        description=? 
    where
        id=?
14:11:15,543 DEBUG SQL:104 - 
    update
        DataPoint 
    set
        description=? 
    where
        id=?
14:11:15,567 DEBUG SQL:104 - 
    update
        DataPoint 
    set
        description=? 
    where
        id=?
14:11:15,567 DEBUG SQL:104 - 
    update
        DataPoint 
    set
        description=? 
    where
        id=?
14:11:15,568 DEBUG SQL:104 - 
    update
        DataPoint 
    set
        description=? 
    where
        id=?
14:11:15,568 DEBUG SQL:104 - 
    update
        DataPoint 
    set
        description=? 
    where
        id=?
14:11:15,568 DEBUG SQL:104 - 
    update
        DataPoint 
    set
        description=? 
    where
        id=?
14:11:15,568 DEBUG SQL:104 - 
    update
        DataPoint 
    set
        description=? 
    where
        id=?
14:11:15,568 DEBUG SQL:104 - 
    update
        DataPoint 
    set
        description=? 
    where
        id=?
14:11:15,581 DEBUG SQL:104 - 
    update
        DataPoint 
    set
        description=? 
    where
        id=?
14:11:15,582 DEBUG SQL:104 - 
    update
        DataPoint 
    set
        description=? 
    where
        id=?
14:11:15,582 DEBUG SQL:104 - 
    update
        DataPoint 
    set
        description=? 
    where
        id=?
14:11:15,582 DEBUG SQL:104 - 
    update
        DataPoint 
    set
        description=? 
    where
        id=?
14:11:15,600 DEBUG SQL:104 - 
    update
        DataPoint 
    set
        description=? 
    where
        id=?
14:11:15,601 DEBUG SQL:104 - 
    update
        DataPoint 
    set
        description=? 
    where
        id=?
14:11:15,601 DEBUG SQL:104 - 
    update
        DataPoint 
    set
        description=? 
    where
        id=?
14:11:15,601 DEBUG SQL:104 - 
    update
        DataPoint 
    set
        description=? 
    where
        id=?
14:11:15,601 DEBUG SQL:104 - 
    update
        DataPoint 
    set
        description=? 
    where
        id=?
14:11:15,612 DEBUG SQL:104 - 
    update
        DataPoint 
    set
        description=? 
    where
        id=?
14:11:15,612 DEBUG SQL:104 - 
    update
        DataPoint 
    set
        description=? 
    where
        id=?
14:11:15,629 DEBUG SQL:104 - 
    update
        DataPoint 
    set
        description=? 
    where
        id=?
14:11:15,630 DEBUG SQL:104 - 
    update
        DataPoint 
    set
        description=? 
    where
        id=?
14:11:15,630 DEBUG SQL:104 - 
    update
        DataPoint 
    set
        description=? 
    where
        id=?
14:11:15,630 DEBUG SQL:104 - 
    update
        DataPoint 
    set
        description=? 
    where
        id=?
14:11:15,635 DEBUG SQL:104 - 
    update
        DataPoint 
    set
        description=? 
    where
        id=?
14:11:15,636 DEBUG SQL:104 - 
    update
        DataPoint 
    set
        description=? 
    where
        id=?
14:11:15,636 DEBUG SQL:104 - 
    update
        DataPoint 
    set
        description=? 
    where
        id=?
14:11:15,636 DEBUG SQL:104 - 
    update
        DataPoint 
    set
        description=? 
    where
        id=?
14:11:15,636 DEBUG SQL:104 - 
    update
        DataPoint 
    set
        description=? 
    where
        id=?
14:11:15,645 DEBUG SQL:104 - 
    update
        DataPoint 
    set
        description=? 
    where
        id=?
14:11:15,645 DEBUG SQL:104 - 
    update
        DataPoint 
    set
        description=? 
    where
        id=?
14:11:15,645 DEBUG SQL:104 - 
    update
        DataPoint 
    set
        description=? 
    where
        id=?
14:11:15,645 DEBUG SQL:104 - 
    update
        DataPoint 
    set
        description=? 
    where
        id=?
14:11:15,657 DEBUG SQL:104 - 
    update
        DataPoint 
    set
        description=? 
    where
        id=?
14:11:15,659 DEBUG SQL:104 - 
    update
        DataPoint 
    set
        description=? 
    where
        id=?
14:11:15,659 DEBUG SQL:104 - 
    update
        DataPoint 
    set
        description=? 
    where
        id=?
14:11:15,659 DEBUG SQL:104 - 
    update
        DataPoint 
    set
        description=? 
    where
        id=?
14:11:15,668 DEBUG SQL:104 - 
    update
        DataPoint 
    set
        description=? 
    where
        id=?
14:11:15,670 DEBUG SQL:104 - 
    update
        DataPoint 
    set
        description=? 
    where
        id=?
14:11:15,670 DEBUG SQL:104 - 
    update
        DataPoint 
    set
        description=? 
    where
        id=?
14:11:15,670 DEBUG SQL:104 - 
    update
        DataPoint 
    set
        description=? 
    where
        id=?
14:11:15,671 DEBUG SQL:104 - 
    update
        DataPoint 
    set
        description=? 
    where
        id=?
14:11:15,681 DEBUG SQL:104 - 
    update
        DataPoint 
    set
        description=? 
    where
        id=?
14:11:15,682 DEBUG SQL:104 - 
    update
        DataPoint 
    set
        description=? 
    where
        id=?
14:11:15,682 DEBUG SQL:104 - 
    update
        DataPoint 
    set
        description=? 
    where
        id=?
14:11:15,682 DEBUG SQL:104 - 
    update
        DataPoint 
    set
        description=? 
    where
        id=?
14:11:15,692 DEBUG SQL:104 - 
    update
        DataPoint 
    set
        description=? 
    where
        id=?
14:11:15,693 DEBUG SQL:104 - 
    update
        DataPoint 
    set
        description=? 
    where
        id=?
14:11:15,693 DEBUG SQL:104 - 
    update
        DataPoint 
    set
        description=? 
    where
        id=?
14:11:15,693 DEBUG SQL:104 - 
    update
        DataPoint 
    set
        description=? 
    where
        id=?
14:11:15,693 DEBUG SQL:104 - 
    update
        DataPoint 
    set
        description=? 
    where
        id=?
14:11:15,693 DEBUG SQL:104 - 
    update
        DataPoint 
    set
        description=? 
    where
        id=?
14:11:15,693 DEBUG SQL:104 - 
    update
        DataPoint 
    set
        description=? 
    where
        id=?
14:11:15,697 DEBUG SQL:104 - 
    update
        DataPoint 
    set
        description=? 
    where
        id=?
14:11:15,697 DEBUG SQL:104 - 
    update
        DataPoint 
    set
        description=? 
    where
        id=?
14:11:15,707 DEBUG SQL:104 - 
    update
        DataPoint 
    set
        description=? 
    where
        id=?
14:11:15,708 DEBUG SQL:104 - 
    update
        DataPoint 
    set
        description=? 
    where
        id=?
14:11:15,708 DEBUG SQL:104 - 
    update
        DataPoint 
    set
        description=? 
    where
        id=?
14:11:15,708 DEBUG SQL:104 - 
    update
        DataPoint 
    set
        description=? 
    where
        id=?
14:11:15,722 DEBUG SQL:104 - 
    update
        DataPoint 
    set
        description=? 
    where
        id=?
14:11:15,722 DEBUG SQL:104 - 
    update
        DataPoint 
    set
        description=? 
    where
        id=?
14:11:15,722 DEBUG SQL:104 - 
    update
        DataPoint 
    set
        description=? 
    where
        id=?
14:11:15,723 DEBUG SQL:104 - 
    update
        DataPoint 
    set
        description=? 
    where
        id=?
14:11:15,723 DEBUG SQL:104 - 
    update
        DataPoint 
    set
        description=? 
    where
        id=?
14:11:15,736 DEBUG SQL:104 - 
    update
        DataPoint 
    set
        description=? 
    where
        id=?
14:11:15,736 DEBUG SQL:104 - 
    update
        DataPoint 
    set
        description=? 
    where
        id=?
14:11:15,747 DEBUG SQL:104 - 
    update
        DataPoint 
    set
        description=? 
    where
        id=?
14:11:15,749 DEBUG SQL:104 - 
    update
        DataPoint 
    set
        description=? 
    where
        id=?
14:11:15,749 DEBUG SQL:104 - 
    update
        DataPoint 
    set
        description=? 
    where
        id=?
14:11:15,749 DEBUG SQL:104 - 
    update
        DataPoint 
    set
        description=? 
    where
        id=?
14:11:15,763 DEBUG SQL:104 - 
    update
        DataPoint 
    set
        description=? 
    where
        id=?
14:11:15,764 DEBUG SQL:104 - 
    update
        DataPoint 
    set
        description=? 
    where
        id=?
14:11:15,764 DEBUG SQL:104 - 
    update
        DataPoint 
    set
        description=? 
    where
        id=?
14:11:15,770 DEBUG SQL:104 - 
    update
        DataPoint 
    set
        description=? 
    where
        id=?
14:11:15,770 DEBUG SQL:104 - 
    update
        DataPoint 
    set
        description=? 
    where
        id=?
14:11:15,783 DEBUG SQL:104 - 
    update
        DataPoint 
    set
        description=? 
    where
        id=?
14:11:15,783 DEBUG SQL:104 - 
    update
        DataPoint 
    set
        description=? 
    where
        id=?
14:11:15,783 DEBUG SQL:104 - 
    update
        DataPoint 
    set
        description=? 
    where
        id=?
14:11:15,783 DEBUG SQL:104 - 
    update
        DataPoint 
    set
        description=? 
    where
        id=?
14:11:15,797 DEBUG SQL:104 - 
    update
        DataPoint 
    set
        description=? 
    where
        id=?
14:11:15,797 DEBUG SQL:104 - 
    update
        DataPoint 
    set
        description=? 
    where
        id=?
14:11:15,797 DEBUG SQL:104 - 
    update
        DataPoint 
    set
        description=? 
    where
        id=?
14:11:15,797 DEBUG SQL:104 - 
    update
        DataPoint 
    set
        description=? 
    where
        id=?
14:11:15,812 DEBUG SQL:104 - 
    update
        DataPoint 
    set
        description=? 
    where
        id=?
14:11:15,812 DEBUG SQL:104 - 
    update
        DataPoint 
    set
        description=? 
    where
        id=?
14:11:15,812 DEBUG SQL:104 - 
    update
        DataPoint 
    set
        description=? 
    where
        id=?
14:11:15,812 DEBUG SQL:104 - 
    update
        DataPoint 
    set
        description=? 
    where
        id=?
14:11:15,813 DEBUG SQL:104 - 
    update
        DataPoint 
    set
        description=? 
    where
        id=?
14:11:15,828 DEBUG SQL:104 - 
    update
        DataPoint 
    set
        description=? 
    where
        id=?
14:11:15,829 DEBUG SQL:104 - 
    update
        DataPoint 
    set
        description=? 
    where
        id=?
14:11:15,829 DEBUG SQL:104 - 
    update
        DataPoint 
    set
        description=? 
    where
        id=?
14:11:15,829 DEBUG SQL:104 - 
    update
        DataPoint 
    set
        description=? 
    where
        id=?
14:11:15,829 DEBUG SQL:104 - 
    update
        DataPoint 
    set
        description=? 
    where
        id=?
14:11:15,833 DEBUG SQL:104 - 
    update
        DataPoint 
    set
        description=? 
    where
        id=?
14:11:15,834 DEBUG SQL:104 - 
    update
        DataPoint 
    set
        description=? 
    where
        id=?
14:11:15,834 DEBUG SQL:104 - 
    update
        DataPoint 
    set
        description=? 
    where
        id=?
14:11:15,856 DEBUG SQL:104 - 
    update
        DataPoint 
    set
        description=? 
    where
        id=?
14:11:15,856 DEBUG SQL:104 - 
    update
        DataPoint 
    set
        description=? 
    where
        id=?
14:11:15,857 DEBUG SQL:104 - 
    update
        DataPoint 
    set
        description=? 
    where
        id=?
14:11:15,857 DEBUG SQL:104 - 
    update
        DataPoint 
    set
        description=? 
    where
        id=?
14:11:15,857 DEBUG SQL:104 - 
    update
        DataPoint 
    set
        description=? 
    where
        id=?
14:11:15,878 DEBUG SQL:104 - 
    update
        DataPoint 
    set
        description=? 
    where
        id=?
14:11:15,878 DEBUG SQL:104 - 
    update
        DataPoint 
    set
        description=? 
    where
        id=?
14:11:15,878 DEBUG SQL:104 - 
    update
        DataPoint 
    set
        description=? 
    where
        id=?
14:11:15,879 DEBUG SQL:104 - 
    update
        DataPoint 
    set
        description=? 
    where
        id=?
14:11:15,891 DEBUG SQL:104 - 
    update
        DataPoint 
    set
        description=? 
    where
        id=?
14:11:15,891 DEBUG SQL:104 - 
    update
        DataPoint 
    set
        description=? 
    where
        id=?
14:11:15,903 DEBUG SQL:104 - 
    update
        DataPoint 
    set
        description=? 
    where
        id=?
14:11:15,903 DEBUG SQL:104 - 
    update
        DataPoint 
    set
        description=? 
    where
        id=?
14:11:15,903 DEBUG SQL:104 - 
    update
        DataPoint 
    set
        description=? 
    where
        id=?
14:11:15,904 DEBUG SQL:104 - 
    update
        DataPoint 
    set
        description=? 
    where
        id=?
14:11:15,905 DEBUG SQL:104 - 
    update
        DataPoint 
    set
        description=? 
    where
        id=?
14:11:15,916 DEBUG SQL:104 - 
    update
        DataPoint 
    set
        description=? 
    where
        id=?
14:11:15,920 DEBUG SQL:104 - 
    update
        DataPoint 
    set
        description=? 
    where
        id=?
14:11:15,920 DEBUG SQL:104 - 
    update
        DataPoint 
    set
        description=? 
    where
        id=?
14:11:15,921 DEBUG SQL:104 - 
    update
        DataPoint 
    set
        description=? 
    where
        id=?
14:11:15,932 DEBUG SQL:104 - 
    update
        DataPoint 
    set
        description=? 
    where
        id=?
14:11:15,932 DEBUG SQL:104 - 
    update
        DataPoint 
    set
        description=? 
    where
        id=?
14:11:15,932 DEBUG SQL:104 - 
    update
        DataPoint 
    set
        description=? 
    where
        id=?
14:11:15,932 DEBUG SQL:104 - 
    update
        DataPoint 
    set
        description=? 
    where
        id=?
14:11:15,933 DEBUG SQL:104 - 
    update
        DataPoint 
    set
        description=? 
    where
        id=?
14:11:15,945 DEBUG SQL:104 - 
    update
        DataPoint 
    set
        description=? 
    where
        id=?
14:11:15,945 DEBUG SQL:104 - 
    update
        DataPoint 
    set
        description=? 
    where
        id=?
14:11:15,945 DEBUG SQL:104 - 
    update
        DataPoint 
    set
        description=? 
    where
        id=?
14:11:15,945 DEBUG SQL:104 - 
    update
        DataPoint 
    set
        description=? 
    where
        id=?
14:11:15,957 DEBUG SQL:104 - 
    update
        DataPoint 
    set
        description=? 
    where
        id=?
14:11:15,957 DEBUG SQL:104 - 
    update
        DataPoint 
    set
        description=? 
    where
        id=?
14:11:15,957 DEBUG SQL:104 - 
    update
        DataPoint 
    set
        description=? 
    where
        id=?
14:11:15,958 DEBUG SQL:104 - 
    update
        DataPoint 
    set
        description=? 
    where
        id=?
14:11:15,958 DEBUG SQL:104 - 
    update
        DataPoint 
    set
        description=? 
    where
        id=?
14:11:15,958 DEBUG SQL:104 - 
    update
        DataPoint 
    set
        description=? 
    where
        id=?
14:11:15,958 DEBUG SQL:104 - 
    update
        DataPoint 
    set
        description=? 
    where
        id=?
14:11:15,958 DEBUG SQL:104 - 
    update
        DataPoint 
    set
        description=? 
    where
        id=?
14:11:15,961 DEBUG SQL:104 - 
    update
        DataPoint 
    set
        description=? 
    where
        id=?
14:11:15,981 DEBUG SQL:104 - 
    update
        DataPoint 
    set
        description=? 
    where
        id=?
14:11:15,981 DEBUG SQL:104 - 
    update
        DataPoint 
    set
        description=? 
    where
        id=?
14:11:15,981 DEBUG SQL:104 - 
    update
        DataPoint 
    set
        description=? 
    where
        id=?
14:11:15,981 DEBUG SQL:104 - 
    update
        DataPoint 
    set
        description=? 
    where
        id=?
14:11:15,995 DEBUG SQL:104 - 
    update
        DataPoint 
    set
        description=? 
    where
        id=?
14:11:15,995 DEBUG SQL:104 - 
    update
        DataPoint 
    set
        description=? 
    where
        id=?
14:11:15,995 DEBUG SQL:104 - 
    update
        DataPoint 
    set
        description=? 
    where
        id=?
14:11:15,996 DEBUG SQL:104 - 
    update
        DataPoint 
    set
        description=? 
    where
        id=?
14:11:16,006 DEBUG SQL:104 - 
    update
        DataPoint 
    set
        description=? 
    where
        id=?
14:11:16,006 DEBUG SQL:104 - 
    update
        DataPoint 
    set
        description=? 
    where
        id=?
14:11:16,006 DEBUG SQL:104 - 
    update
        DataPoint 
    set
        description=? 
    where
        id=?
14:11:16,021 DEBUG SQL:104 - 
    update
        DataPoint 
    set
        description=? 
    where
        id=?
14:11:16,022 DEBUG SQL:104 - 
    update
        DataPoint 
    set
        description=? 
    where
        id=?
14:11:16,022 DEBUG SQL:104 - 
    update
        DataPoint 
    set
        description=? 
    where
        id=?
14:11:16,023 DEBUG SQL:104 - 
    update
        DataPoint 
    set
        description=? 
    where
        id=?
14:11:16,038 DEBUG SQL:104 - 
    update
        DataPoint 
    set
        description=? 
    where
        id=?
14:11:16,039 DEBUG SQL:104 - 
    update
        DataPoint 
    set
        description=? 
    where
        id=?
14:11:16,039 DEBUG SQL:104 - 
    update
        DataPoint 
    set
        description=? 
    where
        id=?
14:11:16,039 DEBUG SQL:104 - 
    update
        DataPoint 
    set
        description=? 
    where
        id=?
14:11:16,068 DEBUG SQL:104 - 
    update
        DataPoint 
    set
        description=? 
    where
        id=?
14:11:16,068 DEBUG SQL:104 - 
    update
        DataPoint 
    set
        description=? 
    where
        id=?
14:11:16,068 DEBUG SQL:104 - 
    update
        DataPoint 
    set
        description=? 
    where
        id=?
14:11:16,068 DEBUG SQL:104 - 
    update
        DataPoint 
    set
        description=? 
    where
        id=?
14:11:16,069 DEBUG SQL:104 - 
    update
        DataPoint 
    set
        description=? 
    where
        id=?
14:11:16,088 DEBUG SQL:104 - 
    update
        DataPoint 
    set
        description=? 
    where
        id=?
14:11:16,088 DEBUG SQL:104 - 
    update
        DataPoint 
    set
        description=? 
    where
        id=?
14:11:16,088 DEBUG SQL:104 - 
    update
        DataPoint 
    set
        description=? 
    where
        id=?
14:11:16,089 DEBUG SQL:104 - 
    update
        DataPoint 
    set
        description=? 
    where
        id=?
14:11:16,090 DEBUG SQL:104 - 
    update
        DataPoint 
    set
        description=? 
    where
        id=?
14:11:16,090 DEBUG SQL:104 - 
    update
        DataPoint 
    set
        description=? 
    where
        id=?
14:11:16,091 DEBUG SQL:104 - 
    update
        DataPoint 
    set
        description=? 
    where
        id=?
14:11:16,091 DEBUG SQL:104 - 
    update
        DataPoint 
    set
        description=? 
    where
        id=?
14:11:16,099 DEBUG SQL:104 - 
    update
        DataPoint 
    set
        description=? 
    where
        id=?
14:11:16,100 DEBUG SQL:104 - 
    update
        DataPoint 
    set
        description=? 
    where
        id=?
14:11:16,100 DEBUG SQL:104 - 
    update
        DataPoint 
    set
        description=? 
    where
        id=?
14:11:16,100 DEBUG SQL:104 - 
    update
        DataPoint 
    set
        description=? 
    where
        id=?
14:11:16,100 DEBUG SQL:104 - 
    update
        DataPoint 
    set
        description=? 
    where
        id=?
14:11:16,117 DEBUG SQL:104 - 
    update
        DataPoint 
    set
        description=? 
    where
        id=?
14:11:16,117 DEBUG SQL:104 - 
    update
        DataPoint 
    set
        description=? 
    where
        id=?
14:11:16,120 DEBUG SQL:104 - 
    update
        DataPoint 
    set
        description=? 
    where
        id=?
14:11:16,121 DEBUG SQL:104 - 
    update
        DataPoint 
    set
        description=? 
    where
        id=?
14:11:16,121 DEBUG SQL:104 - 
    update
        DataPoint 
    set
        description=? 
    where
        id=?
14:11:16,121 DEBUG SQL:104 - 
    update
        DataPoint 
    set
        description=? 
    where
        id=?
14:11:16,155 DEBUG SQL:104 - 
    update
        DataPoint 
    set
        description=? 
    where
        id=?
14:11:16,156 DEBUG SQL:104 - 
    update
        DataPoint 
    set
        description=? 
    where
        id=?
14:11:16,156 DEBUG SQL:104 - 
    update
        DataPoint 
    set
        description=? 
    where
        id=?
14:11:16,156 DEBUG SQL:104 - 
    update
        DataPoint 
    set
        description=? 
    where
        id=?
14:11:16,156 DEBUG SQL:104 - 
    update
        DataPoint 
    set
        description=? 
    where
        id=?
14:11:16,168 DEBUG SQL:104 - 
    update
        DataPoint 
    set
        description=? 
    where
        id=?
14:11:16,168 DEBUG SQL:104 - 
    update
        DataPoint 
    set
        description=? 
    where
        id=?
14:11:16,169 DEBUG SQL:104 - 
    update
        DataPoint 
    set
        description=? 
    where
        id=?
14:11:16,169 DEBUG SQL:104 - 
    update
        DataPoint 
    set
        description=? 
    where
        id=?
14:11:16,182 DEBUG SQL:104 - 
    update
        DataPoint 
    set
        description=? 
    where
        id=?
14:11:16,183 DEBUG SQL:104 - 
    update
        DataPoint 
    set
        description=? 
    where
        id=?
14:11:16,183 DEBUG SQL:104 - 
    update
        DataPoint 
    set
        description=? 
    where
        id=?
14:11:16,183 DEBUG SQL:104 - 
    update
        DataPoint 
    set
        description=? 
    where
        id=?
14:11:16,183 DEBUG SQL:104 - 
    update
        DataPoint 
    set
        description=? 
    where
        id=?
14:11:16,196 DEBUG SQL:104 - 
    update
        DataPoint 
    set
        description=? 
    where
        id=?
14:11:16,196 DEBUG SQL:104 - 
    update
        DataPoint 
    set
        description=? 
    where
        id=?
14:11:16,199 DEBUG SQL:104 - 
    update
        DataPoint 
    set
        description=? 
    where
        id=?
14:11:16,200 DEBUG SQL:104 - 
    update
        DataPoint 
    set
        description=? 
    where
        id=?
14:11:16,223 DEBUG SQL:104 - 
    update
        DataPoint 
    set
        description=? 
    where
        id=?
14:11:16,223 DEBUG SQL:104 - 
    update
        DataPoint 
    set
        description=? 
    where
        id=?
14:11:16,223 DEBUG SQL:104 - 
    update
        DataPoint 
    set
        description=? 
    where
        id=?
14:11:16,232 DEBUG SQL:104 - 
    update
        DataPoint 
    set
        description=? 
    where
        id=?
14:11:16,232 DEBUG SQL:104 - 
    update
        DataPoint 
    set
        description=? 
    where
        id=?
14:11:16,232 DEBUG SQL:104 - 
    update
        DataPoint 
    set
        description=? 
    where
        id=?
14:11:16,232 DEBUG SQL:104 - 
    update
        DataPoint 
    set
        description=? 
    where
        id=?
14:11:16,233 DEBUG SQL:104 - 
    update
        DataPoint 
    set
        description=? 
    where
        id=?
14:11:16,233 DEBUG SQL:104 - 
    update
        DataPoint 
    set
        description=? 
    where
        id=?
14:11:16,246 DEBUG SQL:104 - 
    update
        DataPoint 
    set
        description=? 
    where
        id=?
14:11:16,247 DEBUG SQL:104 - 
    update
        DataPoint 
    set
        description=? 
    where
        id=?
14:11:16,247 DEBUG SQL:104 - 
    update
        DataPoint 
    set
        description=? 
    where
        id=?
14:11:16,247 DEBUG SQL:104 - 
    update
        DataPoint 
    set
        description=? 
    where
        id=?
14:11:16,264 DEBUG SQL:104 - 
    update
        DataPoint 
    set
        description=? 
    where
        id=?
14:11:16,264 DEBUG SQL:104 - 
    update
        DataPoint 
    set
        description=? 
    where
        id=?
14:11:16,264 DEBUG SQL:104 - 
    update
        DataPoint 
    set
        description=? 
    where
        id=?
14:11:16,264 DEBUG SQL:104 - 
    update
        DataPoint 
    set
        description=? 
    where
        id=?
14:11:16,265 DEBUG SQL:104 - 
    update
        DataPoint 
    set
        description=? 
    where
        id=?
14:11:16,267 DEBUG SQL:104 - 
    update
        DataPoint 
    set
        description=? 
    where
        id=?
14:11:16,268 DEBUG SQL:104 - 
    update
        DataPoint 
    set
        description=? 
    where
        id=?
14:11:16,368 DEBUG SQL:104 - 
    update
        DataPoint 
    set
        description=? 
    where
        id=?
14:11:16,368 DEBUG SQL:104 - 
    update
        DataPoint 
    set
        description=? 
    where
        id=?
14:11:16,368 DEBUG SQL:104 - 
    update
        DataPoint 
    set
        description=? 
    where
        id=?
14:11:16,369 DEBUG SQL:104 - 
    update
        DataPoint 
    set
        description=? 
    where
        id=?
14:11:16,390 DEBUG SQL:104 - 
    update
        DataPoint 
    set
        description=? 
    where
        id=?
14:11:16,390 DEBUG SQL:104 - 
    update
        DataPoint 
    set
        description=? 
    where
        id=?
14:11:16,390 DEBUG SQL:104 - 
    update
        DataPoint 
    set
        description=? 
    where
        id=?
14:11:16,390 DEBUG SQL:104 - 
    update
        DataPoint 
    set
        description=? 
    where
        id=?
14:11:16,405 DEBUG SQL:104 - 
    update
        DataPoint 
    set
        description=? 
    where
        id=?
14:11:16,406 DEBUG SQL:104 - 
    update
        DataPoint 
    set
        description=? 
    where
        id=?
14:11:16,406 DEBUG SQL:104 - 
    update
        DataPoint 
    set
        description=? 
    where
        id=?
14:11:16,406 DEBUG SQL:104 - 
    update
        DataPoint 
    set
        description=? 
    where
        id=?
14:11:16,406 DEBUG SQL:104 - 
    update
        DataPoint 
    set
        description=? 
    where
        id=?
14:11:16,406 DEBUG SQL:104 - 
    update
        DataPoint 
    set
        description=? 
    where
        id=?
14:11:16,407 DEBUG SQL:104 - 
    update
        DataPoint 
    set
        description=? 
    where
        id=?
14:11:16,430 DEBUG SQL:104 - 
    update
        DataPoint 
    set
        description=? 
    where
        id=?
14:11:16,430 DEBUG SQL:104 - 
    update
        DataPoint 
    set
        description=? 
    where
        id=?
14:11:16,430 DEBUG SQL:104 - 
    update
        DataPoint 
    set
        description=? 
    where
        id=?
14:11:16,433 DEBUG SQL:104 - 
    update
        DataPoint 
    set
        description=? 
    where
        id=?
14:11:16,442 DEBUG SQL:104 - 
    update
        DataPoint 
    set
        description=? 
    where
        id=?
14:11:16,442 DEBUG SQL:104 - 
    update
        DataPoint 
    set
        description=? 
    where
        id=?
14:11:16,442 DEBUG SQL:104 - 
    update
        DataPoint 
    set
        description=? 
    where
        id=?
14:11:16,442 DEBUG SQL:104 - 
    update
        DataPoint 
    set
        description=? 
    where
        id=?
14:11:16,442 DEBUG SQL:104 - 
    update
        DataPoint 
    set
        description=? 
    where
        id=?
14:11:16,453 DEBUG SQL:104 - 
    update
        DataPoint 
    set
        description=? 
    where
        id=?
14:11:16,454 DEBUG SQL:104 - 
    update
        DataPoint 
    set
        description=? 
    where
        id=?
14:11:16,454 DEBUG SQL:104 - 
    update
        DataPoint 
    set
        description=? 
    where
        id=?
14:11:16,454 DEBUG SQL:104 - 
    update
        DataPoint 
    set
        description=? 
    where
        id=?
14:11:16,465 DEBUG SQL:104 - 
    update
        DataPoint 
    set
        description=? 
    where
        id=?
14:11:16,466 DEBUG SQL:104 - 
    update
        DataPoint 
    set
        description=? 
    where
        id=?
14:11:16,466 DEBUG SQL:104 - 
    update
        DataPoint 
    set
        description=? 
    where
        id=?
14:11:16,466 DEBUG SQL:104 - 
    update
        DataPoint 
    set
        description=? 
    where
        id=?
14:11:16,489 DEBUG SQL:104 - 
    update
        DataPoint 
    set
        description=? 
    where
        id=?
14:11:16,489 DEBUG SQL:104 - 
    update
        DataPoint 
    set
        description=? 
    where
        id=?
14:11:16,490 DEBUG SQL:104 - 
    update
        DataPoint 
    set
        description=? 
    where
        id=?
14:11:16,490 DEBUG SQL:104 - 
    update
        DataPoint 
    set
        description=? 
    where
        id=?
14:11:16,490 DEBUG SQL:104 - 
    update
        DataPoint 
    set
        description=? 
    where
        id=?
14:11:16,490 DEBUG SQL:104 - 
    update
        DataPoint 
    set
        description=? 
    where
        id=?
14:11:16,493 DEBUG SQL:104 - 
    update
        DataPoint 
    set
        description=? 
    where
        id=?
14:11:16,493 DEBUG SQL:104 - 
    update
        DataPoint 
    set
        description=? 
    where
        id=?
14:11:16,494 DEBUG SQL:104 - 
    update
        DataPoint 
    set
        description=? 
    where
        id=?
14:11:16,495 DEBUG SQL:104 - 
    update
        DataPoint 
    set
        description=? 
    where
        id=?
14:11:16,495 DEBUG SQL:104 - 
    update
        DataPoint 
    set
        description=? 
    where
        id=?
14:11:16,495 DEBUG SQL:104 - 
    update
        DataPoint 
    set
        description=? 
    where
        id=?
14:11:16,496 DEBUG SQL:104 - 
    update
        DataPoint 
    set
        description=? 
    where
        id=?
14:11:16,496 DEBUG SQL:104 - 
    update
        DataPoint 
    set
        description=? 
    where
        id=?
14:11:16,507 DEBUG SQL:104 - 
    update
        DataPoint 
    set
        description=? 
    where
        id=?
14:11:16,507 DEBUG SQL:104 - 
    update
        DataPoint 
    set
        description=? 
    where
        id=?
14:11:16,508 DEBUG SQL:104 - 
    update
        DataPoint 
    set
        description=? 
    where
        id=?
14:11:16,508 DEBUG SQL:104 - 
    update
        DataPoint 
    set
        description=? 
    where
        id=?
14:11:16,508 DEBUG SQL:104 - 
    update
        DataPoint 
    set
        description=? 
    where
        id=?
14:11:16,508 DEBUG SQL:104 - 
    update
        DataPoint 
    set
        description=? 
    where
        id=?
14:11:16,531 DEBUG SQL:104 - 
    update
        DataPoint 
    set
        description=? 
    where
        id=?
14:11:16,531 DEBUG SQL:104 - 
    update
        DataPoint 
    set
        description=? 
    where
        id=?
14:11:16,531 DEBUG SQL:104 - 
    update
        DataPoint 
    set
        description=? 
    where
        id=?
14:11:16,531 DEBUG SQL:104 - 
    update
        DataPoint 
    set
        description=? 
    where
        id=?
14:11:16,543 DEBUG SQL:104 - 
    update
        DataPoint 
    set
        description=? 
    where
        id=?
14:11:16,543 DEBUG SQL:104 - 
    update
        DataPoint 
    set
        description=? 
    where
        id=?
14:11:16,546 DEBUG SQL:104 - 
    update
        DataPoint 
    set
        description=? 
    where
        id=?
14:11:16,546 DEBUG SQL:104 - 
    update
        DataPoint 
    set
        description=? 
    where
        id=?
14:11:16,546 DEBUG SQL:104 - 
    update
        DataPoint 
    set
        description=? 
    where
        id=?
14:11:16,555 DEBUG SQL:104 - 
    update
        DataPoint 
    set
        description=? 
    where
        id=?
14:11:16,556 DEBUG SQL:104 - 
    update
        DataPoint 
    set
        description=? 
    where
        id=?
14:11:16,556 DEBUG SQL:104 - 
    update
        DataPoint 
    set
        description=? 
    where
        id=?
14:11:16,556 DEBUG SQL:104 - 
    update
        DataPoint 
    set
        description=? 
    where
        id=?
14:11:16,565 DEBUG SQL:104 - 
    update
        DataPoint 
    set
        description=? 
    where
        id=?
14:11:16,565 DEBUG SQL:104 - 
    update
        DataPoint 
    set
        description=? 
    where
        id=?
14:11:16,566 DEBUG SQL:104 - 
    update
        DataPoint 
    set
        description=? 
    where
        id=?
14:11:16,566 DEBUG SQL:104 - 
    update
        DataPoint 
    set
        description=? 
    where
        id=?
14:11:16,566 DEBUG SQL:104 - 
    update
        DataPoint 
    set
        description=? 
    where
        id=?
14:11:16,576 DEBUG SQL:104 - 
    update
        DataPoint 
    set
        description=? 
    where
        id=?
14:11:16,576 DEBUG SQL:104 - 
    update
        DataPoint 
    set
        description=? 
    where
        id=?
14:11:16,576 DEBUG SQL:104 - 
    update
        DataPoint 
    set
        description=? 
    where
        id=?
14:11:16,576 DEBUG SQL:104 - 
    update
        DataPoint 
    set
        description=? 
    where
        id=?
14:11:16,586 DEBUG SQL:104 - 
    update
        DataPoint 
    set
        description=? 
    where
        id=?
14:11:16,587 DEBUG SQL:104 - 
    update
        DataPoint 
    set
        description=? 
    where
        id=?
14:11:16,587 DEBUG SQL:104 - 
    update
        DataPoint 
    set
        description=? 
    where
        id=?
14:11:16,587 DEBUG SQL:104 - 
    update
        DataPoint 
    set
        description=? 
    where
        id=?
14:11:16,607 DEBUG SQL:104 - 
    update
        DataPoint 
    set
        description=? 
    where
        id=?
14:11:16,607 DEBUG SQL:104 - 
    update
        DataPoint 
    set
        description=? 
    where
        id=?
14:11:16,608 DEBUG SQL:104 - 
    update
        DataPoint 
    set
        description=? 
    where
        id=?
14:11:16,608 DEBUG SQL:104 - 
    update
        DataPoint 
    set
        description=? 
    where
        id=?
14:11:16,608 DEBUG SQL:104 - 
    update
        DataPoint 
    set
        description=? 
    where
        id=?
14:11:16,627 DEBUG SQL:104 - 
    update
        DataPoint 
    set
        description=? 
    where
        id=?
14:11:16,628 DEBUG SQL:104 - 
    update
        DataPoint 
    set
        description=? 
    where
        id=?
14:11:16,628 DEBUG SQL:104 - 
    update
        DataPoint 
    set
        description=? 
    where
        id=?
14:11:16,628 DEBUG SQL:104 - 
    update
        DataPoint 
    set
        description=? 
    where
        id=?
14:11:16,628 DEBUG SQL:104 - 
    update
        DataPoint 
    set
        description=? 
    where
        id=?
14:11:16,628 DEBUG SQL:104 - 
    update
        DataPoint 
    set
        description=? 
    where
        id=?
14:11:16,628 DEBUG SQL:104 - 
    update
        DataPoint 
    set
        description=? 
    where
        id=?
14:11:16,629 DEBUG SQL:104 - 
    update
        DataPoint 
    set
        description=? 
    where
        id=?
14:11:16,648 DEBUG SQL:104 - 
    update
        DataPoint 
    set
        description=? 
    where
        id=?
14:11:16,648 DEBUG SQL:104 - 
    update
        DataPoint 
    set
        description=? 
    where
        id=?
14:11:16,648 DEBUG SQL:104 - 
    update
        DataPoint 
    set
        description=? 
    where
        id=?
14:11:16,649 DEBUG SQL:104 - 
    update
        DataPoint 
    set
        description=? 
    where
        id=?
14:11:16,649 DEBUG SQL:104 - 
    update
        DataPoint 
    set
        description=? 
    where
        id=?
14:11:16,667 DEBUG SQL:104 - 
    update
        DataPoint 
    set
        description=? 
    where
        id=?
14:11:16,668 DEBUG SQL:104 - 
    update
        DataPoint 
    set
        description=? 
    where
        id=?
14:11:16,671 DEBUG SQL:104 - 
    update
        DataPoint 
    set
        description=? 
    where
        id=?
14:11:16,671 DEBUG SQL:104 - 
    update
        DataPoint 
    set
        description=? 
    where
        id=?
14:11:16,672 DEBUG SQL:104 - 
    update
        DataPoint 
    set
        description=? 
    where
        id=?
14:11:16,672 DEBUG SQL:104 - 
    update
        DataPoint 
    set
        description=? 
    where
        id=?
14:11:16,702 DEBUG SQL:104 - 
    update
        DataPoint 
    set
        description=? 
    where
        id=?
14:11:16,702 DEBUG SQL:104 - 
    update
        DataPoint 
    set
        description=? 
    where
        id=?
14:11:16,703 DEBUG SQL:104 - 
    update
        DataPoint 
    set
        description=? 
    where
        id=?
14:11:16,703 DEBUG SQL:104 - 
    update
        DataPoint 
    set
        description=? 
    where
        id=?
14:11:16,703 DEBUG SQL:104 - 
    update
        DataPoint 
    set
        description=? 
    where
        id=?
14:11:16,780 DEBUG SQL:104 - 
    update
        DataPoint 
    set
        description=? 
    where
        id=?
14:11:16,780 DEBUG SQL:104 - 
    update
        DataPoint 
    set
        description=? 
    where
        id=?
14:11:16,781 DEBUG SQL:104 - 
    update
        DataPoint 
    set
        description=? 
    where
        id=?
14:11:16,781 DEBUG SQL:104 - 
    update
        DataPoint 
    set
        description=? 
    where
        id=?
14:11:16,781 DEBUG SQL:104 - 
    update
        DataPoint 
    set
        description=? 
    where
        id=?
14:11:16,781 DEBUG SQL:104 - 
    update
        DataPoint 
    set
        description=? 
    where
        id=?
14:11:16,781 DEBUG SQL:104 - 
    update
        DataPoint 
    set
        description=? 
    where
        id=?
14:11:16,781 DEBUG SQL:104 - 
    update
        DataPoint 
    set
        description=? 
    where
        id=?
14:11:16,781 DEBUG SQL:104 - 
    update
        DataPoint 
    set
        description=? 
    where
        id=?
14:11:16,793 DEBUG SQL:104 - 
    update
        DataPoint 
    set
        description=? 
    where
        id=?
14:11:16,793 DEBUG SQL:104 - 
    update
        DataPoint 
    set
        description=? 
    where
        id=?
14:11:16,796 DEBUG SQL:104 - 
    update
        DataPoint 
    set
        description=? 
    where
        id=?
14:11:16,796 DEBUG SQL:104 - 
    update
        DataPoint 
    set
        description=? 
    where
        id=?
14:11:16,818 DEBUG SQL:104 - 
    update
        DataPoint 
    set
        description=? 
    where
        id=?
14:11:16,818 DEBUG SQL:104 - 
    update
        DataPoint 
    set
        description=? 
    where
        id=?
14:11:16,818 DEBUG SQL:104 - 
    update
        DataPoint 
    set
        description=? 
    where
        id=?
14:11:16,818 DEBUG SQL:104 - 
    update
        DataPoint 
    set
        description=? 
    where
        id=?
14:11:16,819 DEBUG SQL:104 - 
    update
        DataPoint 
    set
        description=? 
    where
        id=?
14:11:16,819 DEBUG SQL:104 - 
    update
        DataPoint 
    set
        description=? 
    where
        id=?
14:11:16,850 DEBUG SQL:104 - 
    update
        DataPoint 
    set
        description=? 
    where
        id=?
14:11:16,850 DEBUG SQL:104 - 
    update
        DataPoint 
    set
        description=? 
    where
        id=?
14:11:16,850 DEBUG SQL:104 - 
    update
        DataPoint 
    set
        description=? 
    where
        id=?
14:11:16,850 DEBUG SQL:104 - 
    update
        DataPoint 
    set
        description=? 
    where
        id=?
14:11:16,851 DEBUG SQL:104 - 
    update
        DataPoint 
    set
        description=? 
    where
        id=?
14:11:16,851 DEBUG SQL:104 - 
    update
        DataPoint 
    set
        description=? 
    where
        id=?
14:11:16,851 DEBUG SQL:104 - 
    update
        DataPoint 
    set
        description=? 
    where
        id=?
14:11:16,851 DEBUG SQL:104 - 
    update
        DataPoint 
    set
        description=? 
    where
        id=?
14:11:16,851 DEBUG SQL:104 - 
    update
        DataPoint 
    set
        description=? 
    where
        id=?
14:11:16,851 DEBUG SQL:104 - 
    update
        DataPoint 
    set
        description=? 
    where
        id=?
14:11:16,853 DEBUG SQL:104 - 
    update
        DataPoint 
    set
        description=? 
    where
        id=?
14:11:16,879 DEBUG SQL:104 - 
    update
        DataPoint 
    set
        description=? 
    where
        id=?
14:11:16,882 DEBUG SQL:104 - 
    update
        DataPoint 
    set
        description=? 
    where
        id=?
14:11:16,882 DEBUG SQL:104 - 
    update
        DataPoint 
    set
        description=? 
    where
        id=?
14:11:16,882 DEBUG SQL:104 - 
    update
        DataPoint 
    set
        description=? 
    where
        id=?
14:11:16,882 DEBUG SQL:104 - 
    update
        DataPoint 
    set
        description=? 
    where
        id=?
14:11:16,894 DEBUG SQL:104 - 
    update
        DataPoint 
    set
        description=? 
    where
        id=?
14:11:16,894 DEBUG SQL:104 - 
    update
        DataPoint 
    set
        description=? 
    where
        id=?
14:11:16,894 DEBUG SQL:104 - 
    update
        DataPoint 
    set
        description=? 
    where
        id=?
14:11:16,894 DEBUG SQL:104 - 
    update
        DataPoint 
    set
        description=? 
    where
        id=?
14:11:16,907 DEBUG SQL:104 - 
    update
        DataPoint 
    set
        description=? 
    where
        id=?
14:11:16,907 DEBUG SQL:104 - 
    update
        DataPoint 
    set
        description=? 
    where
        id=?
14:11:16,907 DEBUG SQL:104 - 
    update
        DataPoint 
    set
        description=? 
    where
        id=?
14:11:16,907 DEBUG SQL:104 - 
    update
        DataPoint 
    set
        description=? 
    where
        id=?
14:11:16,907 DEBUG SQL:104 - 
    update
        DataPoint 
    set
        description=? 
    where
        id=?
14:11:16,908 DEBUG SQL:104 - 
    update
        DataPoint 
    set
        description=? 
    where
        id=?
14:11:16,908 DEBUG SQL:104 - 
    update
        DataPoint 
    set
        description=? 
    where
        id=?
14:11:16,909 DEBUG SQL:104 - 
    update
        DataPoint 
    set
        description=? 
    where
        id=?
14:11:16,909 DEBUG SQL:104 - 
    update
        DataPoint 
    set
        description=? 
    where
        id=?
14:11:16,920 DEBUG SQL:104 - 
    update
        DataPoint 
    set
        description=? 
    where
        id=?
14:11:16,921 DEBUG SQL:104 - 
    update
        DataPoint 
    set
        description=? 
    where
        id=?
14:11:16,921 DEBUG SQL:104 - 
    update
        DataPoint 
    set
        description=? 
    where
        id=?
14:11:16,923 DEBUG SQL:104 - 
    update
        DataPoint 
    set
        description=? 
    where
        id=?
14:11:16,935 DEBUG SQL:104 - 
    update
        DataPoint 
    set
        description=? 
    where
        id=?
14:11:16,935 DEBUG SQL:104 - 
    update
        DataPoint 
    set
        description=? 
    where
        id=?
14:11:16,935 DEBUG SQL:104 - 
    update
        DataPoint 
    set
        description=? 
    where
        id=?
14:11:16,936 DEBUG SQL:104 - 
    update
        DataPoint 
    set
        description=? 
    where
        id=?
14:11:16,936 DEBUG SQL:104 - 
    update
        DataPoint 
    set
        description=? 
    where
        id=?
14:11:16,936 DEBUG SQL:104 - 
    update
        DataPoint 
    set
        description=? 
    where
        id=?
14:11:16,936 DEBUG SQL:104 - 
    update
        DataPoint 
    set
        description=? 
    where
        id=?
14:11:16,962 DEBUG SQL:104 - 
    update
        DataPoint 
    set
        description=? 
    where
        id=?
14:11:16,962 DEBUG SQL:104 - 
    update
        DataPoint 
    set
        description=? 
    where
        id=?
14:11:16,962 DEBUG SQL:104 - 
    update
        DataPoint 
    set
        description=? 
    where
        id=?
14:11:16,962 DEBUG SQL:104 - 
    update
        DataPoint 
    set
        description=? 
    where
        id=?
14:11:16,978 DEBUG SQL:104 - 
    update
        DataPoint 
    set
        description=? 
    where
        id=?
14:11:16,978 DEBUG SQL:104 - 
    update
        DataPoint 
    set
        description=? 
    where
        id=?
14:11:16,978 DEBUG SQL:104 - 
    update
        DataPoint 
    set
        description=? 
    where
        id=?
14:11:16,978 DEBUG SQL:104 - 
    update
        DataPoint 
    set
        description=? 
    where
        id=?
14:11:16,985 DEBUG SQL:104 - 
    update
        DataPoint 
    set
        description=? 
    where
        id=?
14:11:16,985 DEBUG SQL:104 - 
    update
        DataPoint 
    set
        description=? 
    where
        id=?
14:11:16,985 DEBUG SQL:104 - 
    update
        DataPoint 
    set
        description=? 
    where
        id=?
14:11:16,985 DEBUG SQL:104 - 
    update
        DataPoint 
    set
        description=? 
    where
        id=?
14:11:16,988 DEBUG SQL:104 - 
    update
        DataPoint 
    set
        description=? 
    where
        id=?
14:11:16,996 DEBUG SQL:104 - 
    update
        DataPoint 
    set
        description=? 
    where
        id=?
14:11:16,996 DEBUG SQL:104 - 
    update
        DataPoint 
    set
        description=? 
    where
        id=?
14:11:16,996 DEBUG SQL:104 - 
    update
        DataPoint 
    set
        description=? 
    where
        id=?
14:11:16,996 DEBUG SQL:104 - 
    update
        DataPoint 
    set
        description=? 
    where
        id=?
14:11:17,006 DEBUG SQL:104 - 
    update
        DataPoint 
    set
        description=? 
    where
        id=?
14:11:17,007 DEBUG SQL:104 - 
    update
        DataPoint 
    set
        description=? 
    where
        id=?
14:11:17,007 DEBUG SQL:104 - 
    update
        DataPoint 
    set
        description=? 
    where
        id=?
14:11:17,007 DEBUG SQL:104 - 
    update
        DataPoint 
    set
        description=? 
    where
        id=?
14:11:17,017 DEBUG SQL:104 - 
    update
        DataPoint 
    set
        description=? 
    where
        id=?
14:11:17,017 DEBUG SQL:104 - 
    update
        DataPoint 
    set
        description=? 
    where
        id=?
14:11:17,017 DEBUG SQL:104 - 
    update
        DataPoint 
    set
        description=? 
    where
        id=?
14:11:17,018 DEBUG SQL:104 - 
    update
        DataPoint 
    set
        description=? 
    where
        id=?
14:11:17,018 DEBUG SQL:104 - 
    update
        DataPoint 
    set
        description=? 
    where
        id=?
14:11:17,029 DEBUG SQL:104 - 
    update
        DataPoint 
    set
        description=? 
    where
        id=?
14:11:17,029 DEBUG SQL:104 - 
    update
        DataPoint 
    set
        description=? 
    where
        id=?
14:11:17,029 DEBUG SQL:104 - 
    update
        DataPoint 
    set
        description=? 
    where
        id=?
14:11:17,029 DEBUG SQL:104 - 
    update
        DataPoint 
    set
        description=? 
    where
        id=?
14:11:17,039 DEBUG SQL:104 - 
    update
        DataPoint 
    set
        description=? 
    where
        id=?
14:11:17,039 DEBUG SQL:104 - 
    update
        DataPoint 
    set
        description=? 
    where
        id=?
14:11:17,042 DEBUG SQL:104 - 
    update
        DataPoint 
    set
        description=? 
    where
        id=?
14:11:17,042 DEBUG SQL:104 - 
    update
        DataPoint 
    set
        description=? 
    where
        id=?
14:11:17,042 DEBUG SQL:104 - 
    update
        DataPoint 
    set
        description=? 
    where
        id=?
14:11:17,042 DEBUG SQL:104 - 
    update
        DataPoint 
    set
        description=? 
    where
        id=?
14:11:17,042 DEBUG SQL:104 - 
    update
        DataPoint 
    set
        description=? 
    where
        id=?
14:11:17,042 DEBUG SQL:104 - 
    update
        DataPoint 
    set
        description=? 
    where
        id=?
14:11:17,043 DEBUG SQL:104 - 
    update
        DataPoint 
    set
        description=? 
    where
        id=?
14:11:17,050 DEBUG SQL:104 - 
    update
        DataPoint 
    set
        description=? 
    where
        id=?
14:11:17,050 DEBUG SQL:104 - 
    update
        DataPoint 
    set
        description=? 
    where
        id=?
14:11:17,051 DEBUG SQL:104 - 
    update
        DataPoint 
    set
        description=? 
    where
        id=?
14:11:17,051 DEBUG SQL:104 - 
    update
        DataPoint 
    set
        description=? 
    where
        id=?
14:11:17,065 DEBUG SQL:104 - 
    update
        DataPoint 
    set
        description=? 
    where
        id=?
14:11:17,066 DEBUG SQL:104 - 
    update
        DataPoint 
    set
        description=? 
    where
        id=?
14:11:17,066 DEBUG SQL:104 - 
    update
        DataPoint 
    set
        description=? 
    where
        id=?
14:11:17,066 DEBUG SQL:104 - 
    update
        DataPoint 
    set
        description=? 
    where
        id=?
14:11:17,066 DEBUG SQL:104 - 
    update
        DataPoint 
    set
        description=? 
    where
        id=?
14:11:17,066 DEBUG SQL:104 - 
    update
        DataPoint 
    set
        description=? 
    where
        id=?
14:11:17,066 DEBUG SQL:104 - 
    update
        DataPoint 
    set
        description=? 
    where
        id=?
14:11:17,083 DEBUG SQL:104 - 
    update
        DataPoint 
    set
        description=? 
    where
        id=?
14:11:17,084 DEBUG SQL:104 - 
    update
        DataPoint 
    set
        description=? 
    where
        id=?
14:11:17,087 DEBUG SQL:104 - 
    update
        DataPoint 
    set
        description=? 
    where
        id=?
14:11:17,087 DEBUG SQL:104 - 
    update
        DataPoint 
    set
        description=? 
    where
        id=?
14:11:17,098 DEBUG SQL:104 - 
    update
        DataPoint 
    set
        description=? 
    where
        id=?
14:11:17,098 DEBUG SQL:104 - 
    update
        DataPoint 
    set
        description=? 
    where
        id=?
14:11:17,098 DEBUG SQL:104 - 
    update
        DataPoint 
    set
        description=? 
    where
        id=?
14:11:17,099 DEBUG SQL:104 - 
    update
        DataPoint 
    set
        description=? 
    where
        id=?
14:11:17,099 DEBUG SQL:104 - 
    update
        DataPoint 
    set
        description=? 
    where
        id=?
14:11:17,109 DEBUG SQL:104 - 
    update
        DataPoint 
    set
        description=? 
    where
        id=?
14:11:17,110 DEBUG SQL:104 - 
    update
        DataPoint 
    set
        description=? 
    where
        id=?
14:11:17,110 DEBUG SQL:104 - 
    update
        DataPoint 
    set
        description=? 
    where
        id=?
14:11:17,110 DEBUG SQL:104 - 
    update
        DataPoint 
    set
        description=? 
    where
        id=?
14:11:17,124 DEBUG SQL:104 - 
    update
        DataPoint 
    set
        description=? 
    where
        id=?
14:11:17,125 DEBUG SQL:104 - 
    update
        DataPoint 
    set
        description=? 
    where
        id=?
14:11:17,125 DEBUG SQL:104 - 
    update
        DataPoint 
    set
        description=? 
    where
        id=?
14:11:17,125 DEBUG SQL:104 - 
    update
        DataPoint 
    set
        description=? 
    where
        id=?
14:11:17,137 DEBUG SQL:104 - 
    update
        DataPoint 
    set
        description=? 
    where
        id=?
14:11:17,138 DEBUG SQL:104 - 
    update
        DataPoint 
    set
        description=? 
    where
        id=?
14:11:17,138 DEBUG SQL:104 - 
    update
        DataPoint 
    set
        description=? 
    where
        id=?
14:11:17,138 DEBUG SQL:104 - 
    update
        DataPoint 
    set
        description=? 
    where
        id=?
14:11:17,138 DEBUG SQL:104 - 
    update
        DataPoint 
    set
        description=? 
    where
        id=?
14:11:17,157 DEBUG SQL:104 - 
    update
        DataPoint 
    set
        description=? 
    where
        id=?
14:11:17,158 DEBUG SQL:104 - 
    update
        DataPoint 
    set
        description=? 
    where
        id=?
14:11:17,158 DEBUG SQL:104 - 
    update
        DataPoint 
    set
        description=? 
    where
        id=?
14:11:17,158 DEBUG SQL:104 - 
    update
        DataPoint 
    set
        description=? 
    where
        id=?
14:11:17,164 DEBUG SQL:104 - 
    update
        DataPoint 
    set
        description=? 
    where
        id=?
14:11:17,164 DEBUG SQL:104 - 
    update
        DataPoint 
    set
        description=? 
    where
        id=?
14:11:17,165 DEBUG SQL:104 - 
    update
        DataPoint 
    set
        description=? 
    where
        id=?
14:11:17,165 DEBUG SQL:104 - 
    update
        DataPoint 
    set
        description=? 
    where
        id=?
14:11:17,165 DEBUG SQL:104 - 
    update
        DataPoint 
    set
        description=? 
    where
        id=?
14:11:17,165 DEBUG SQL:104 - 
    update
        DataPoint 
    set
        description=? 
    where
        id=?
14:11:17,165 DEBUG SQL:104 - 
    update
        DataPoint 
    set
        description=? 
    where
        id=?
14:11:17,165 DEBUG SQL:104 - 
    update
        DataPoint 
    set
        description=? 
    where
        id=?
14:11:17,165 DEBUG SQL:104 - 
    update
        DataPoint 
    set
        description=? 
    where
        id=?
14:11:17,178 DEBUG SQL:104 - 
    update
        DataPoint 
    set
        description=? 
    where
        id=?
14:11:17,178 DEBUG SQL:104 - 
    update
        DataPoint 
    set
        description=? 
    where
        id=?
14:11:17,178 DEBUG SQL:104 - 
    update
        DataPoint 
    set
        description=? 
    where
        id=?
14:11:17,178 DEBUG SQL:104 - 
    update
        DataPoint 
    set
        description=? 
    where
        id=?
14:11:17,188 DEBUG SQL:104 - 
    update
        DataPoint 
    set
        description=? 
    where
        id=?
14:11:17,189 DEBUG SQL:104 - 
    update
        DataPoint 
    set
        description=? 
    where
        id=?
14:11:17,189 DEBUG SQL:104 - 
    update
        DataPoint 
    set
        description=? 
    where
        id=?
14:11:17,191 DEBUG SQL:104 - 
    update
        DataPoint 
    set
        description=? 
    where
        id=?
14:11:17,192 DEBUG SQL:104 - 
    update
        DataPoint 
    set
        description=? 
    where
        id=?
14:11:17,192 DEBUG SQL:104 - 
    update
        DataPoint 
    set
        description=? 
    where
        id=?
14:11:17,192 DEBUG SQL:104 - 
    update
        DataPoint 
    set
        description=? 
    where
        id=?
14:11:17,227 DEBUG SQL:104 - 
    update
        DataPoint 
    set
        description=? 
    where
        id=?
14:11:17,227 DEBUG SQL:104 - 
    update
        DataPoint 
    set
        description=? 
    where
        id=?
14:11:17,227 DEBUG SQL:104 - 
    update
        DataPoint 
    set
        description=? 
    where
        id=?
14:11:17,227 DEBUG SQL:104 - 
    update
        DataPoint 
    set
        description=? 
    where
        id=?
14:11:17,249 DEBUG SQL:104 - 
    update
        DataPoint 
    set
        description=? 
    where
        id=?
14:11:17,249 DEBUG SQL:104 - 
    update
        DataPoint 
    set
        description=? 
    where
        id=?
14:11:17,249 DEBUG SQL:104 - 
    update
        DataPoint 
    set
        description=? 
    where
        id=?
14:11:17,250 DEBUG SQL:104 - 
    update
        DataPoint 
    set
        description=? 
    where
        id=?
14:11:17,250 DEBUG SQL:104 - 
    update
        DataPoint 
    set
        description=? 
    where
        id=?
14:11:17,252 DEBUG SQL:104 - 
    update
        DataPoint 
    set
        description=? 
    where
        id=?
14:11:17,252 DEBUG SQL:104 - 
    update
        DataPoint 
    set
        description=? 
    where
        id=?
14:11:17,252 DEBUG SQL:104 - 
    update
        DataPoint 
    set
        description=? 
    where
        id=?
14:11:17,253 DEBUG SQL:104 - 
    update
        DataPoint 
    set
        description=? 
    where
        id=?
14:11:17,263 DEBUG SQL:104 - 
    update
        DataPoint 
    set
        description=? 
    where
        id=?
14:11:17,263 DEBUG SQL:104 - 
    update
        DataPoint 
    set
        description=? 
    where
        id=?
14:11:17,263 DEBUG SQL:104 - 
    update
        DataPoint 
    set
        description=? 
    where
        id=?
14:11:17,266 DEBUG SQL:104 - 
    update
        DataPoint 
    set
        description=? 
    where
        id=?
14:11:17,273 DEBUG SQL:104 - 
    update
        DataPoint 
    set
        description=? 
    where
        id=?
14:11:17,274 DEBUG SQL:104 - 
    update
        DataPoint 
    set
        description=? 
    where
        id=?
14:11:17,274 DEBUG SQL:104 - 
    update
        DataPoint 
    set
        description=? 
    where
        id=?
14:11:17,274 DEBUG SQL:104 - 
    update
        DataPoint 
    set
        description=? 
    where
        id=?
14:11:17,274 DEBUG SQL:104 - 
    update
        DataPoint 
    set
        description=? 
    where
        id=?
14:11:17,283 DEBUG SQL:104 - 
    update
        DataPoint 
    set
        description=? 
    where
        id=?
14:11:17,283 DEBUG SQL:104 - 
    update
        DataPoint 
    set
        description=? 
    where
        id=?
14:11:17,283 DEBUG SQL:104 - 
    update
        DataPoint 
    set
        description=? 
    where
        id=?
14:11:17,284 DEBUG SQL:104 - 
    update
        DataPoint 
    set
        description=? 
    where
        id=?
14:11:17,294 DEBUG SQL:104 - 
    update
        DataPoint 
    set
        description=? 
    where
        id=?
14:11:17,294 DEBUG SQL:104 - 
    update
        DataPoint 
    set
        description=? 
    where
        id=?
14:11:17,294 DEBUG SQL:104 - 
    update
        DataPoint 
    set
        description=? 
    where
        id=?
14:11:17,294 DEBUG SQL:104 - 
    update
        DataPoint 
    set
        description=? 
    where
        id=?
14:11:17,295 DEBUG SQL:104 - 
    update
        DataPoint 
    set
        description=? 
    where
        id=?
14:11:17,295 DEBUG SQL:104 - 
    update
        DataPoint 
    set
        description=? 
    where
        id=?
14:11:17,295 DEBUG SQL:104 - 
    update
        DataPoint 
    set
        description=? 
    where
        id=?
14:11:17,295 DEBUG SQL:104 - 
    update
        DataPoint 
    set
        description=? 
    where
        id=?
14:11:17,295 DEBUG SQL:104 - 
    update
        DataPoint 
    set
        description=? 
    where
        id=?
14:11:17,306 DEBUG SQL:104 - 
    update
        DataPoint 
    set
        description=? 
    where
        id=?
14:11:17,309 DEBUG SQL:104 - 
    update
        DataPoint 
    set
        description=? 
    where
        id=?
14:11:17,309 DEBUG SQL:104 - 
    update
        DataPoint 
    set
        description=? 
    where
        id=?
14:11:17,309 DEBUG SQL:104 - 
    update
        DataPoint 
    set
        description=? 
    where
        id=?
14:11:17,318 DEBUG SQL:104 - 
    update
        DataPoint 
    set
        description=? 
    where
        id=?
14:11:17,318 DEBUG SQL:104 - 
    update
        DataPoint 
    set
        description=? 
    where
        id=?
14:11:17,318 DEBUG SQL:104 - 
    update
        DataPoint 
    set
        description=? 
    where
        id=?
14:11:17,319 DEBUG SQL:104 - 
    update
        DataPoint 
    set
        description=? 
    where
        id=?
14:11:17,319 DEBUG SQL:104 - 
    update
        DataPoint 
    set
        description=? 
    where
        id=?
14:11:17,319 DEBUG SQL:104 - 
    update
        DataPoint 
    set
        description=? 
    where
        id=?
14:11:17,319 DEBUG SQL:104 - 
    update
        DataPoint 
    set
        description=? 
    where
        id=?
14:11:17,344 DEBUG SQL:104 - 
    update
        DataPoint 
    set
        description=? 
    where
        id=?
14:11:17,344 DEBUG SQL:104 - 
    update
        DataPoint 
    set
        description=? 
    where
        id=?
14:11:17,344 DEBUG SQL:104 - 
    update
        DataPoint 
    set
        description=? 
    where
        id=?
14:11:17,344 DEBUG SQL:104 - 
    update
        DataPoint 
    set
        description=? 
    where
        id=?
14:11:17,359 DEBUG SQL:104 - 
    update
        DataPoint 
    set
        description=? 
    where
        id=?
14:11:17,359 DEBUG SQL:104 - 
    update
        DataPoint 
    set
        description=? 
    where
        id=?
14:11:17,360 DEBUG SQL:104 - 
    update
        DataPoint 
    set
        description=? 
    where
        id=?
14:11:17,360 DEBUG SQL:104 - 
    update
        DataPoint 
    set
        description=? 
    where
        id=?
14:11:17,360 DEBUG SQL:104 - 
    update
        DataPoint 
    set
        description=? 
    where
        id=?
14:11:17,370 DEBUG SQL:104 - 
    update
        DataPoint 
    set
        description=? 
    where
        id=?
14:11:17,372 DEBUG SQL:104 - 
    update
        DataPoint 
    set
        description=? 
    where
        id=?
14:11:17,372 DEBUG SQL:104 - 
    update
        DataPoint 
    set
        description=? 
    where
        id=?
14:11:17,373 DEBUG SQL:104 - 
    update
        DataPoint 
    set
        description=? 
    where
        id=?
14:11:17,379 DEBUG SQL:104 - 
    update
        DataPoint 
    set
        description=? 
    where
        id=?
14:11:17,379 DEBUG SQL:104 - 
    update
        DataPoint 
    set
        description=? 
    where
        id=?
14:11:17,379 DEBUG SQL:104 - 
    update
        DataPoint 
    set
        description=? 
    where
        id=?
14:11:17,380 DEBUG SQL:104 - 
    update
        DataPoint 
    set
        description=? 
    where
        id=?
14:11:17,380 DEBUG SQL:104 - 
    update
        DataPoint 
    set
        description=? 
    where
        id=?
14:11:17,380 DEBUG SQL:104 - 
    update
        DataPoint 
    set
        description=? 
    where
        id=?
14:11:17,380 DEBUG SQL:104 - 
    update
        DataPoint 
    set
        description=? 
    where
        id=?
14:11:17,380 DEBUG SQL:104 - 
    update
        DataPoint 
    set
        description=? 
    where
        id=?
14:11:17,380 DEBUG SQL:104 - 
    update
        DataPoint 
    set
        description=? 
    where
        id=?
14:11:17,381 DEBUG SQL:104 - 
    update
        DataPoint 
    set
        description=? 
    where
        id=?
14:11:17,381 DEBUG SQL:104 - 
    update
        DataPoint 
    set
        description=? 
    where
        id=?
14:11:17,404 DEBUG SQL:104 - 
    update
        DataPoint 
    set
        description=? 
    where
        id=?
14:11:17,404 DEBUG SQL:104 - 
    update
        DataPoint 
    set
        description=? 
    where
        id=?
14:11:17,404 DEBUG SQL:104 - 
    update
        DataPoint 
    set
        description=? 
    where
        id=?
14:11:17,405 DEBUG SQL:104 - 
    update
        DataPoint 
    set
        description=? 
    where
        id=?
14:11:17,415 DEBUG SQL:104 - 
    update
        DataPoint 
    set
        description=? 
    where
        id=?
14:11:17,416 DEBUG SQL:104 - 
    update
        DataPoint 
    set
        description=? 
    where
        id=?
14:11:17,418 DEBUG SQL:104 - 
    update
        DataPoint 
    set
        description=? 
    where
        id=?
14:11:17,418 DEBUG SQL:104 - 
    update
        DataPoint 
    set
        description=? 
    where
        id=?
14:11:17,428 DEBUG SQL:104 - 
    update
        DataPoint 
    set
        description=? 
    where
        id=?
14:11:17,428 DEBUG SQL:104 - 
    update
        DataPoint 
    set
        description=? 
    where
        id=?
14:11:17,428 DEBUG SQL:104 - 
    update
        DataPoint 
    set
        description=? 
    where
        id=?
14:11:17,429 DEBUG SQL:104 - 
    update
        DataPoint 
    set
        description=? 
    where
        id=?
14:11:17,429 DEBUG SQL:104 - 
    update
        DataPoint 
    set
        description=? 
    where
        id=?
14:11:17,429 DEBUG SQL:104 - 
    update
        DataPoint 
    set
        description=? 
    where
        id=?
14:11:17,429 DEBUG SQL:104 - 
    update
        DataPoint 
    set
        description=? 
    where
        id=?
14:11:17,429 DEBUG SQL:104 - 
    update
        DataPoint 
    set
        description=? 
    where
        id=?
14:11:17,429 DEBUG SQL:104 - 
    update
        DataPoint 
    set
        description=? 
    where
        id=?
14:11:17,442 DEBUG SQL:104 - 
    update
        DataPoint 
    set
        description=? 
    where
        id=?
14:11:17,443 DEBUG SQL:104 - 
    update
        DataPoint 
    set
        description=? 
    where
        id=?
14:11:17,443 DEBUG SQL:104 - 
    update
        DataPoint 
    set
        description=? 
    where
        id=?
14:11:17,443 DEBUG SQL:104 - 
    update
        DataPoint 
    set
        description=? 
    where
        id=?
14:11:17,453 DEBUG SQL:104 - 
    update
        DataPoint 
    set
        description=? 
    where
        id=?
14:11:17,454 DEBUG SQL:104 - 
    update
        DataPoint 
    set
        description=? 
    where
        id=?
14:11:17,454 DEBUG SQL:104 - 
    update
        DataPoint 
    set
        description=? 
    where
        id=?
14:11:17,454 DEBUG SQL:104 - 
    update
        DataPoint 
    set
        description=? 
    where
        id=?
14:11:17,454 DEBUG SQL:104 - 
    update
        DataPoint 
    set
        description=? 
    where
        id=?
14:11:17,456 DEBUG SQL:104 - 
    update
        DataPoint 
    set
        description=? 
    where
        id=?
14:11:17,457 DEBUG SQL:104 - 
    update
        DataPoint 
    set
        description=? 
    where
        id=?
14:11:17,476 DEBUG SQL:104 - 
    update
        DataPoint 
    set
        description=? 
    where
        id=?
14:11:17,476 DEBUG SQL:104 - 
    update
        DataPoint 
    set
        description=? 
    where
        id=?
14:11:17,476 DEBUG SQL:104 - 
    update
        DataPoint 
    set
        description=? 
    where
        id=?
14:11:17,476 DEBUG SQL:104 - 
    update
        DataPoint 
    set
        description=? 
    where
        id=?
14:11:17,487 DEBUG SQL:104 - 
    update
        DataPoint 
    set
        description=? 
    where
        id=?
14:11:17,487 DEBUG SQL:104 - 
    update
        DataPoint 
    set
        description=? 
    where
        id=?
14:11:17,487 DEBUG SQL:104 - 
    update
        DataPoint 
    set
        description=? 
    where
        id=?
14:11:17,487 DEBUG SQL:104 - 
    update
        DataPoint 
    set
        description=? 
    where
        id=?
14:11:17,488 DEBUG SQL:104 - 
    update
        DataPoint 
    set
        description=? 
    where
        id=?
14:11:17,497 DEBUG SQL:104 - 
    update
        DataPoint 
    set
        description=? 
    where
        id=?
14:11:17,497 DEBUG SQL:104 - 
    update
        DataPoint 
    set
        description=? 
    where
        id=?
14:11:17,497 DEBUG SQL:104 - 
    update
        DataPoint 
    set
        description=? 
    where
        id=?
14:11:17,498 DEBUG SQL:104 - 
    update
        DataPoint 
    set
        description=? 
    where
        id=?
14:11:17,507 DEBUG SQL:104 - 
    update
        DataPoint 
    set
        description=? 
    where
        id=?
14:11:17,507 DEBUG SQL:104 - 
    update
        DataPoint 
    set
        description=? 
    where
        id=?
14:11:17,508 DEBUG SQL:104 - 
    update
        DataPoint 
    set
        description=? 
    where
        id=?
14:11:17,508 DEBUG SQL:104 - 
    update
        DataPoint 
    set
        description=? 
    where
        id=?
14:11:17,508 DEBUG SQL:104 - 
    update
        DataPoint 
    set
        description=? 
    where
        id=?
14:11:17,522 DEBUG SQL:104 - 
    update
        DataPoint 
    set
        description=? 
    where
        id=?
14:11:17,523 DEBUG SQL:104 - 
    update
        DataPoint 
    set
        description=? 
    where
        id=?
14:11:17,523 DEBUG SQL:104 - 
    update
        DataPoint 
    set
        description=? 
    where
        id=?
14:11:17,523 DEBUG SQL:104 - 
    update
        DataPoint 
    set
        description=? 
    where
        id=?
14:11:17,532 DEBUG SQL:104 - 
    update
        DataPoint 
    set
        description=? 
    where
        id=?
14:11:17,532 DEBUG SQL:104 - 
    update
        DataPoint 
    set
        description=? 
    where
        id=?
14:11:17,533 DEBUG SQL:104 - 
    update
        DataPoint 
    set
        description=? 
    where
        id=?
14:11:17,533 DEBUG SQL:104 - 
    update
        DataPoint 
    set
        description=? 
    where
        id=?
14:11:17,541 DEBUG SQL:104 - 
    update
        DataPoint 
    set
        description=? 
    where
        id=?
14:11:17,541 DEBUG SQL:104 - 
    update
        DataPoint 
    set
        description=? 
    where
        id=?
14:11:17,541 DEBUG SQL:104 - 
    update
        DataPoint 
    set
        description=? 
    where
        id=?
14:11:17,542 DEBUG SQL:104 - 
    update
        DataPoint 
    set
        description=? 
    where
        id=?
14:11:17,542 DEBUG SQL:104 - 
    update
        DataPoint 
    set
        description=? 
    where
        id=?
14:11:17,552 DEBUG SQL:104 - 
    update
        DataPoint 
    set
        description=? 
    where
        id=?
14:11:17,552 DEBUG SQL:104 - 
    update
        DataPoint 
    set
        description=? 
    where
        id=?
14:11:17,552 DEBUG SQL:104 - 
    update
        DataPoint 
    set
        description=? 
    where
        id=?
14:11:17,553 DEBUG SQL:104 - 
    update
        DataPoint 
    set
        description=? 
    where
        id=?
14:11:17,553 DEBUG SQL:104 - 
    update
        DataPoint 
    set
        description=? 
    where
        id=?
14:11:17,553 DEBUG SQL:104 - 
    update
        DataPoint 
    set
        description=? 
    where
        id=?
14:11:17,553 DEBUG SQL:104 - 
    update
        DataPoint 
    set
        description=? 
    where
        id=?
14:11:17,556 DEBUG SQL:104 - 
    update
        DataPoint 
    set
        description=? 
    where
        id=?
14:11:17,566 DEBUG SQL:104 - 
    update
        DataPoint 
    set
        description=? 
    where
        id=?
14:11:17,567 DEBUG SQL:104 - 
    update
        DataPoint 
    set
        description=? 
    where
        id=?
14:11:17,567 DEBUG SQL:104 - 
    update
        DataPoint 
    set
        description=? 
    where
        id=?
14:11:17,567 DEBUG SQL:104 - 
    update
        DataPoint 
    set
        description=? 
    where
        id=?
14:11:17,567 DEBUG SQL:104 - 
    update
        DataPoint 
    set
        description=? 
    where
        id=?
14:11:17,577 DEBUG SQL:104 - 
    update
        DataPoint 
    set
        description=? 
    where
        id=?
14:11:17,577 DEBUG SQL:104 - 
    update
        DataPoint 
    set
        description=? 
    where
        id=?
14:11:17,578 DEBUG SQL:104 - 
    update
        DataPoint 
    set
        description=? 
    where
        id=?
14:11:17,578 DEBUG SQL:104 - 
    update
        DataPoint 
    set
        description=? 
    where
        id=?
14:11:17,578 DEBUG SQL:104 - 
    update
        DataPoint 
    set
        description=? 
    where
        id=?
14:11:17,578 DEBUG SQL:104 - 
    update
        DataPoint 
    set
        description=? 
    where
        id=?
14:11:17,599 DEBUG SQL:104 - 
    update
        DataPoint 
    set
        description=? 
    where
        id=?
14:11:17,600 DEBUG SQL:104 - 
    update
        DataPoint 
    set
        description=? 
    where
        id=?
14:11:17,600 DEBUG SQL:104 - 
    update
        DataPoint 
    set
        description=? 
    where
        id=?
14:11:17,600 DEBUG SQL:104 - 
    update
        DataPoint 
    set
        description=? 
    where
        id=?
14:11:17,600 DEBUG SQL:104 - 
    update
        DataPoint 
    set
        description=? 
    where
        id=?
14:11:17,611 DEBUG SQL:104 - 
    update
        DataPoint 
    set
        description=? 
    where
        id=?
14:11:17,611 DEBUG SQL:104 - 
    update
        DataPoint 
    set
        description=? 
    where
        id=?
14:11:17,611 DEBUG SQL:104 - 
    update
        DataPoint 
    set
        description=? 
    where
        id=?
14:11:17,614 DEBUG SQL:104 - 
    update
        DataPoint 
    set
        description=? 
    where
        id=?
14:11:17,622 DEBUG SQL:104 - 
    update
        DataPoint 
    set
        description=? 
    where
        id=?
14:11:17,622 DEBUG SQL:104 - 
    update
        DataPoint 
    set
        description=? 
    where
        id=?
14:11:17,622 DEBUG SQL:104 - 
    update
        DataPoint 
    set
        description=? 
    where
        id=?
14:11:17,623 DEBUG SQL:104 - 
    update
        DataPoint 
    set
        description=? 
    where
        id=?
14:11:17,632 DEBUG SQL:104 - 
    update
        DataPoint 
    set
        description=? 
    where
        id=?
14:11:17,633 DEBUG SQL:104 - 
    update
        DataPoint 
    set
        description=? 
    where
        id=?
14:11:17,633 DEBUG SQL:104 - 
    update
        DataPoint 
    set
        description=? 
    where
        id=?
14:11:17,633 DEBUG SQL:104 - 
    update
        DataPoint 
    set
        description=? 
    where
        id=?
14:11:17,633 DEBUG SQL:104 - 
    update
        DataPoint 
    set
        description=? 
    where
        id=?
14:11:17,643 DEBUG SQL:104 - 
    update
        DataPoint 
    set
        description=? 
    where
        id=?
14:11:17,643 DEBUG SQL:104 - 
    update
        DataPoint 
    set
        description=? 
    where
        id=?
14:11:17,644 DEBUG SQL:104 - 
    update
        DataPoint 
    set
        description=? 
    where
        id=?
14:11:17,644 DEBUG SQL:104 - 
    update
        DataPoint 
    set
        description=? 
    where
        id=?
14:11:17,657 DEBUG SQL:104 - 
    update
        DataPoint 
    set
        description=? 
    where
        id=?
14:11:17,657 DEBUG SQL:104 - 
    update
        DataPoint 
    set
        description=? 
    where
        id=?
14:11:17,658 DEBUG SQL:104 - 
    update
        DataPoint 
    set
        description=? 
    where
        id=?
14:11:17,658 DEBUG SQL:104 - 
    update
        DataPoint 
    set
        description=? 
    where
        id=?
14:11:17,658 DEBUG SQL:104 - 
    update
        DataPoint 
    set
        description=? 
    where
        id=?
14:11:17,668 DEBUG SQL:104 - 
    update
        DataPoint 
    set
        description=? 
    where
        id=?
14:11:17,671 DEBUG SQL:104 - 
    update
        DataPoint 
    set
        description=? 
    where
        id=?
14:11:17,671 DEBUG SQL:104 - 
    update
        DataPoint 
    set
        description=? 
    where
        id=?
14:11:17,671 DEBUG SQL:104 - 
    update
        DataPoint 
    set
        description=? 
    where
        id=?
14:11:17,681 DEBUG SQL:104 - 
    update
        DataPoint 
    set
        description=? 
    where
        id=?
14:11:17,681 DEBUG SQL:104 - 
    update
        DataPoint 
    set
        description=? 
    where
        id=?
14:11:17,681 DEBUG SQL:104 - 
    update
        DataPoint 
    set
        description=? 
    where
        id=?
14:11:17,681 DEBUG SQL:104 - 
    update
        DataPoint 
    set
        description=? 
    where
        id=?
14:11:17,682 DEBUG SQL:104 - 
    update
        DataPoint 
    set
        description=? 
    where
        id=?
14:11:17,682 DEBUG SQL:104 - 
    update
        DataPoint 
    set
        description=? 
    where
        id=?
14:11:17,682 DEBUG SQL:104 - 
    update
        DataPoint 
    set
        description=? 
    where
        id=?
14:11:17,682 DEBUG SQL:104 - 
    update
        DataPoint 
    set
        description=? 
    where
        id=?
14:11:17,682 DEBUG SQL:104 - 
    update
        DataPoint 
    set
        description=? 
    where
        id=?
14:11:17,693 DEBUG SQL:104 - 
    update
        DataPoint 
    set
        description=? 
    where
        id=?
14:11:17,694 DEBUG SQL:104 - 
    update
        DataPoint 
    set
        description=? 
    where
        id=?
14:11:17,694 DEBUG SQL:104 - 
    update
        DataPoint 
    set
        description=? 
    where
        id=?
14:11:17,694 DEBUG SQL:104 - 
    update
        DataPoint 
    set
        description=? 
    where
        id=?
14:11:17,704 DEBUG SQL:104 - 
    update
        DataPoint 
    set
        description=? 
    where
        id=?
14:11:17,704 DEBUG SQL:104 - 
    update
        DataPoint 
    set
        description=? 
    where
        id=?
14:11:17,705 DEBUG SQL:104 - 
    update
        DataPoint 
    set
        description=? 
    where
        id=?
14:11:17,705 DEBUG SQL:104 - 
    update
        DataPoint 
    set
        description=? 
    where
        id=?
14:11:17,707 DEBUG SQL:104 - 
    update
        DataPoint 
    set
        description=? 
    where
        id=?
14:11:17,708 DEBUG SQL:104 - 
    update
        DataPoint 
    set
        description=? 
    where
        id=?
14:11:17,708 DEBUG SQL:104 - 
    update
        DataPoint 
    set
        description=? 
    where
        id=?
14:11:17,729 DEBUG SQL:104 - 
    update
        DataPoint 
    set
        description=? 
    where
        id=?
14:11:17,729 DEBUG SQL:104 - 
    update
        DataPoint 
    set
        description=? 
    where
        id=?
14:11:17,729 DEBUG SQL:104 - 
    update
        DataPoint 
    set
        description=? 
    where
        id=?
14:11:17,729 DEBUG SQL:104 - 
    update
        DataPoint 
    set
        description=? 
    where
        id=?
14:11:17,738 DEBUG SQL:104 - 
    update
        DataPoint 
    set
        description=? 
    where
        id=?
14:11:17,738 DEBUG SQL:104 - 
    update
        DataPoint 
    set
        description=? 
    where
        id=?
14:11:17,738 DEBUG SQL:104 - 
    update
        DataPoint 
    set
        description=? 
    where
        id=?
14:11:17,738 DEBUG SQL:104 - 
    update
        DataPoint 
    set
        description=? 
    where
        id=?
14:11:17,747 DEBUG SQL:104 - 
    update
        DataPoint 
    set
        description=? 
    where
        id=?
14:11:17,748 DEBUG SQL:104 - 
    update
        DataPoint 
    set
        description=? 
    where
        id=?
14:11:17,748 DEBUG SQL:104 - 
    update
        DataPoint 
    set
        description=? 
    where
        id=?
14:11:17,748 DEBUG SQL:104 - 
    update
        DataPoint 
    set
        description=? 
    where
        id=?
14:11:17,748 DEBUG SQL:104 - 
    update
        DataPoint 
    set
        description=? 
    where
        id=?
14:11:17,757 DEBUG SQL:104 - 
    update
        DataPoint 
    set
        description=? 
    where
        id=?
14:11:17,757 DEBUG SQL:104 - 
    update
        DataPoint 
    set
        description=? 
    where
        id=?
14:11:17,757 DEBUG SQL:104 - 
    update
        DataPoint 
    set
        description=? 
    where
        id=?
14:11:17,757 DEBUG SQL:104 - 
    update
        DataPoint 
    set
        description=? 
    where
        id=?
14:11:17,769 DEBUG SQL:104 - 
    update
        DataPoint 
    set
        description=? 
    where
        id=?
14:11:17,769 DEBUG SQL:104 - 
    update
        DataPoint 
    set
        description=? 
    where
        id=?
14:11:17,769 DEBUG SQL:104 - 
    update
        DataPoint 
    set
        description=? 
    where
        id=?
14:11:17,770 DEBUG SQL:104 - 
    update
        DataPoint 
    set
        description=? 
    where
        id=?
14:11:17,770 DEBUG SQL:104 - 
    update
        DataPoint 
    set
        description=? 
    where
        id=?
14:11:17,776 DEBUG SQL:104 - 
    update
        DataPoint 
    set
        description=? 
    where
        id=?
14:11:17,776 DEBUG SQL:104 - 
    update
        DataPoint 
    set
        description=? 
    where
        id=?
14:11:17,776 DEBUG SQL:104 - 
    update
        DataPoint 
    set
        description=? 
    where
        id=?
14:11:17,776 DEBUG SQL:104 - 
    update
        DataPoint 
    set
        description=? 
    where
        id=?
14:11:17,785 DEBUG SQL:104 - 
    update
        DataPoint 
    set
        description=? 
    where
        id=?
14:11:17,785 DEBUG SQL:104 - 
    update
        DataPoint 
    set
        description=? 
    where
        id=?
14:11:17,786 DEBUG SQL:104 - 
    update
        DataPoint 
    set
        description=? 
    where
        id=?
14:11:17,786 DEBUG SQL:104 - 
    update
        DataPoint 
    set
        description=? 
    where
        id=?
14:11:17,794 DEBUG SQL:104 - 
    update
        DataPoint 
    set
        description=? 
    where
        id=?
14:11:17,795 DEBUG SQL:104 - 
    update
        DataPoint 
    set
        description=? 
    where
        id=?
14:11:17,795 DEBUG SQL:104 - 
    update
        DataPoint 
    set
        description=? 
    where
        id=?
14:11:17,795 DEBUG SQL:104 - 
    update
        DataPoint 
    set
        description=? 
    where
        id=?
14:11:17,795 DEBUG SQL:104 - 
    update
        DataPoint 
    set
        description=? 
    where
        id=?
14:11:17,805 DEBUG SQL:104 - 
    update
        DataPoint 
    set
        description=? 
    where
        id=?
14:11:17,806 DEBUG SQL:104 - 
    update
        DataPoint 
    set
        description=? 
    where
        id=?
14:11:17,808 DEBUG SQL:104 - 
    update
        DataPoint 
    set
        description=? 
    where
        id=?
14:11:17,809 DEBUG SQL:104 - 
    update
        DataPoint 
    set
        description=? 
    where
        id=?
14:11:17,809 DEBUG SQL:104 - 
    update
        DataPoint 
    set
        description=? 
    where
        id=?
14:11:17,809 DEBUG SQL:104 - 
    update
        DataPoint 
    set
        description=? 
    where
        id=?
14:11:17,809 DEBUG SQL:104 - 
    update
        DataPoint 
    set
        description=? 
    where
        id=?
14:11:17,809 DEBUG SQL:104 - 
    update
        DataPoint 
    set
        description=? 
    where
        id=?
14:11:17,816 DEBUG SQL:104 - 
    update
        DataPoint 
    set
        description=? 
    where
        id=?
14:11:17,816 DEBUG SQL:104 - 
    update
        DataPoint 
    set
        description=? 
    where
        id=?
14:11:17,817 DEBUG SQL:104 - 
    update
        DataPoint 
    set
        description=? 
    where
        id=?
14:11:17,817 DEBUG SQL:104 - 
    update
        DataPoint 
    set
        description=? 
    where
        id=?
14:11:17,817 DEBUG SQL:104 - 
    update
        DataPoint 
    set
        description=? 
    where
        id=?
14:11:17,826 DEBUG SQL:104 - 
    update
        DataPoint 
    set
        description=? 
    where
        id=?
14:11:17,827 DEBUG SQL:104 - 
    update
        DataPoint 
    set
        description=? 
    where
        id=?
14:11:17,827 DEBUG SQL:104 - 
    update
        DataPoint 
    set
        description=? 
    where
        id=?
14:11:17,827 DEBUG SQL:104 - 
    update
        DataPoint 
    set
        description=? 
    where
        id=?
14:11:17,827 DEBUG SQL:104 - 
    update
        DataPoint 
    set
        description=? 
    where
        id=?
14:11:17,827 DEBUG SQL:104 - 
    update
        DataPoint 
    set
        description=? 
    where
        id=?
14:11:17,850 DEBUG SQL:104 - 
    update
        DataPoint 
    set
        description=? 
    where
        id=?
14:11:17,850 DEBUG SQL:104 - 
    update
        DataPoint 
    set
        description=? 
    where
        id=?
14:11:17,850 DEBUG SQL:104 - 
    update
        DataPoint 
    set
        description=? 
    where
        id=?
14:11:17,852 DEBUG SQL:104 - 
    update
        DataPoint 
    set
        description=? 
    where
        id=?
14:11:17,853 DEBUG SQL:104 - 
    update
        DataPoint 
    set
        description=? 
    where
        id=?
14:11:17,853 DEBUG SQL:104 - 
    update
        DataPoint 
    set
        description=? 
    where
        id=?
14:11:17,853 DEBUG SQL:104 - 
    update
        DataPoint 
    set
        description=? 
    where
        id=?
14:11:17,853 DEBUG SQL:104 - 
    update
        DataPoint 
    set
        description=? 
    where
        id=?
14:11:17,853 DEBUG SQL:104 - 
    update
        DataPoint 
    set
        description=? 
    where
        id=?
14:11:17,853 DEBUG SQL:104 - 
    update
        DataPoint 
    set
        description=? 
    where
        id=?
14:11:17,854 DEBUG SQL:104 - 
    update
        DataPoint 
    set
        description=? 
    where
        id=?
14:11:17,875 DEBUG SQL:104 - 
    update
        DataPoint 
    set
        description=? 
    where
        id=?
14:11:17,875 DEBUG SQL:104 - 
    update
        DataPoint 
    set
        description=? 
    where
        id=?
14:11:17,876 DEBUG SQL:104 - 
    update
        DataPoint 
    set
        description=? 
    where
        id=?
14:11:17,876 DEBUG SQL:104 - 
    update
        DataPoint 
    set
        description=? 
    where
        id=?
14:11:17,886 DEBUG SQL:104 - 
    update
        DataPoint 
    set
        description=? 
    where
        id=?
14:11:17,887 DEBUG SQL:104 - 
    update
        DataPoint 
    set
        description=? 
    where
        id=?
14:11:17,887 DEBUG SQL:104 - 
    update
        DataPoint 
    set
        description=? 
    where
        id=?
14:11:17,887 DEBUG SQL:104 - 
    update
        DataPoint 
    set
        description=? 
    where
        id=?
14:11:17,887 DEBUG SQL:104 - 
    update
        DataPoint 
    set
        description=? 
    where
        id=?
14:11:17,897 DEBUG SQL:104 - 
    update
        DataPoint 
    set
        description=? 
    where
        id=?
14:11:17,898 DEBUG SQL:104 - 
    update
        DataPoint 
    set
        description=? 
    where
        id=?
14:11:17,898 DEBUG SQL:104 - 
    update
        DataPoint 
    set
        description=? 
    where
        id=?
14:11:17,917 DEBUG SQL:104 - 
    update
        DataPoint 
    set
        description=? 
    where
        id=?
14:11:17,917 DEBUG SQL:104 - 
    update
        DataPoint 
    set
        description=? 
    where
        id=?
14:11:17,918 DEBUG SQL:104 - 
    update
        DataPoint 
    set
        description=? 
    where
        id=?
14:11:17,918 DEBUG SQL:104 - 
    update
        DataPoint 
    set
        description=? 
    where
        id=?
14:11:17,918 DEBUG SQL:104 - 
    update
        DataPoint 
    set
        description=? 
    where
        id=?
14:11:17,918 DEBUG SQL:104 - 
    update
        DataPoint 
    set
        description=? 
    where
        id=?
14:11:17,924 DEBUG SQL:104 - 
    update
        DataPoint 
    set
        description=? 
    where
        id=?
14:11:17,924 DEBUG SQL:104 - 
    update
        DataPoint 
    set
        description=? 
    where
        id=?
14:11:17,924 DEBUG SQL:104 - 
    update
        DataPoint 
    set
        description=? 
    where
        id=?
14:11:17,924 DEBUG SQL:104 - 
    update
        DataPoint 
    set
        description=? 
    where
        id=?
14:11:17,934 DEBUG SQL:104 - 
    update
        DataPoint 
    set
        description=? 
    where
        id=?
14:11:17,935 DEBUG SQL:104 - 
    update
        DataPoint 
    set
        description=? 
    where
        id=?
14:11:17,935 DEBUG SQL:104 - 
    update
        DataPoint 
    set
        description=? 
    where
        id=?
14:11:17,935 DEBUG SQL:104 - 
    update
        DataPoint 
    set
        description=? 
    where
        id=?
14:11:17,935 DEBUG SQL:104 - 
    update
        DataPoint 
    set
        description=? 
    where
        id=?
14:11:17,935 DEBUG SQL:104 - 
    update
        DataPoint 
    set
        description=? 
    where
        id=?
14:11:17,935 DEBUG SQL:104 - 
    update
        DataPoint 
    set
        description=? 
    where
        id=?
14:11:17,936 DEBUG SQL:104 - 
    update
        DataPoint 
    set
        description=? 
    where
        id=?
14:11:17,936 DEBUG SQL:104 - 
    update
        DataPoint 
    set
        description=? 
    where
        id=?
14:11:17,948 DEBUG SQL:104 - 
    update
        DataPoint 
    set
        description=? 
    where
        id=?
14:11:17,951 DEBUG SQL:104 - 
    update
        DataPoint 
    set
        description=? 
    where
        id=?
14:11:17,951 DEBUG SQL:104 - 
    update
        DataPoint 
    set
        description=? 
    where
        id=?
14:11:17,951 DEBUG SQL:104 - 
    update
        DataPoint 
    set
        description=? 
    where
        id=?
14:11:17,964 DEBUG SQL:104 - 
    update
        DataPoint 
    set
        description=? 
    where
        id=?
14:11:17,964 DEBUG SQL:104 - 
    update
        DataPoint 
    set
        description=? 
    where
        id=?
14:11:17,965 DEBUG SQL:104 - 
    update
        DataPoint 
    set
        description=? 
    where
        id=?
14:11:17,965 DEBUG SQL:104 - 
    update
        DataPoint 
    set
        description=? 
    where
        id=?
14:11:17,965 DEBUG SQL:104 - 
    update
        DataPoint 
    set
        description=? 
    where
        id=?
14:11:17,965 DEBUG SQL:104 - 
    update
        DataPoint 
    set
        description=? 
    where
        id=?
14:11:17,965 DEBUG SQL:104 - 
    update
        DataPoint 
    set
        description=? 
    where
        id=?
14:11:17,984 DEBUG SQL:104 - 
    update
        DataPoint 
    set
        description=? 
    where
        id=?
14:11:17,984 DEBUG SQL:104 - 
    update
        DataPoint 
    set
        description=? 
    where
        id=?
14:11:17,985 DEBUG SQL:104 - 
    update
        DataPoint 
    set
        description=? 
    where
        id=?
14:11:17,985 DEBUG SQL:104 - 
    update
        DataPoint 
    set
        description=? 
    where
        id=?
14:11:17,994 DEBUG SQL:104 - 
    update
        DataPoint 
    set
        description=? 
    where
        id=?
14:11:17,995 DEBUG SQL:104 - 
    update
        DataPoint 
    set
        description=? 
    where
        id=?
14:11:17,995 DEBUG SQL:104 - 
    update
        DataPoint 
    set
        description=? 
    where
        id=?
14:11:17,995 DEBUG SQL:104 - 
    update
        DataPoint 
    set
        description=? 
    where
        id=?
14:11:18,005 DEBUG SQL:104 - 
    update
        DataPoint 
    set
        description=? 
    where
        id=?
14:11:18,006 DEBUG SQL:104 - 
    update
        DataPoint 
    set
        description=? 
    where
        id=?
14:11:18,008 DEBUG SQL:104 - 
    update
        DataPoint 
    set
        description=? 
    where
        id=?
14:11:18,009 DEBUG SQL:104 - 
    update
        DataPoint 
    set
        description=? 
    where
        id=?
14:11:18,009 DEBUG SQL:104 - 
    update
        DataPoint 
    set
        description=? 
    where
        id=?
14:11:18,016 DEBUG SQL:104 - 
    update
        DataPoint 
    set
        description=? 
    where
        id=?
14:11:18,016 DEBUG SQL:104 - 
    update
        DataPoint 
    set
        description=? 
    where
        id=?
14:11:18,017 DEBUG SQL:104 - 
    update
        DataPoint 
    set
        description=? 
    where
        id=?
14:11:18,017 DEBUG SQL:104 - 
    update
        DataPoint 
    set
        description=? 
    where
        id=?
14:11:18,027 DEBUG SQL:104 - 
    update
        DataPoint 
    set
        description=? 
    where
        id=?
14:11:18,027 DEBUG SQL:104 - 
    update
        DataPoint 
    set
        description=? 
    where
        id=?
14:11:18,028 DEBUG SQL:104 - 
    update
        DataPoint 
    set
        description=? 
    where
        id=?
14:11:18,028 DEBUG SQL:104 - 
    update
        DataPoint 
    set
        description=? 
    where
        id=?
14:11:18,038 DEBUG SQL:104 - 
    update
        DataPoint 
    set
        description=? 
    where
        id=?
14:11:18,038 DEBUG SQL:104 - 
    update
        DataPoint 
    set
        description=? 
    where
        id=?
14:11:18,038 DEBUG SQL:104 - 
    update
        DataPoint 
    set
        description=? 
    where
        id=?
14:11:18,038 DEBUG SQL:104 - 
    update
        DataPoint 
    set
        description=? 
    where
        id=?
14:11:18,039 DEBUG SQL:104 - 
    update
        DataPoint 
    set
        description=? 
    where
        id=?
14:11:18,048 DEBUG SQL:104 - 
    update
        DataPoint 
    set
        description=? 
    where
        id=?
14:11:18,048 DEBUG SQL:104 - 
    update
        DataPoint 
    set
        description=? 
    where
        id=?
14:11:18,048 DEBUG SQL:104 - 
    update
        DataPoint 
    set
        description=? 
    where
        id=?
14:11:18,048 DEBUG SQL:104 - 
    update
        DataPoint 
    set
        description=? 
    where
        id=?
14:11:18,060 DEBUG SQL:104 - 
    update
        DataPoint 
    set
        description=? 
    where
        id=?
14:11:18,061 DEBUG SQL:104 - 
    update
        DataPoint 
    set
        description=? 
    where
        id=?
14:11:18,061 DEBUG SQL:104 - 
    update
        DataPoint 
    set
        description=? 
    where
        id=?
14:11:18,061 DEBUG SQL:104 - 
    update
        DataPoint 
    set
        description=? 
    where
        id=?
14:11:18,061 DEBUG SQL:104 - 
    update
        DataPoint 
    set
        description=? 
    where
        id=?
14:11:18,061 DEBUG SQL:104 - 
    update
        DataPoint 
    set
        description=? 
    where
        id=?
14:11:18,061 DEBUG SQL:104 - 
    update
        DataPoint 
    set
        description=? 
    where
        id=?
14:11:18,062 DEBUG SQL:104 - 
    update
        DataPoint 
    set
        description=? 
    where
        id=?
14:11:18,062 DEBUG SQL:104 - 
    update
        DataPoint 
    set
        description=? 
    where
        id=?
14:11:18,070 DEBUG SQL:104 - 
    update
        DataPoint 
    set
        description=? 
    where
        id=?
14:11:18,071 DEBUG SQL:104 - 
    update
        DataPoint 
    set
        description=? 
    where
        id=?
14:11:18,071 DEBUG SQL:104 - 
    update
        DataPoint 
    set
        description=? 
    where
        id=?
14:11:18,071 DEBUG SQL:104 - 
    update
        DataPoint 
    set
        description=? 
    where
        id=?
14:11:18,081 DEBUG SQL:104 - 
    update
        DataPoint 
    set
        description=? 
    where
        id=?
14:11:18,081 DEBUG SQL:104 - 
    update
        DataPoint 
    set
        description=? 
    where
        id=?
14:11:18,081 DEBUG SQL:104 - 
    update
        DataPoint 
    set
        description=? 
    where
        id=?
14:11:18,082 DEBUG SQL:104 - 
    update
        DataPoint 
    set
        description=? 
    where
        id=?
14:11:18,082 DEBUG SQL:104 - 
    update
        DataPoint 
    set
        description=? 
    where
        id=?
14:11:18,082 DEBUG SQL:104 - 
    update
        DataPoint 
    set
        description=? 
    where
        id=?
14:11:18,082 DEBUG SQL:104 - 
    update
        DataPoint 
    set
        description=? 
    where
        id=?
14:11:18,106 DEBUG SQL:104 - 
    update
        DataPoint 
    set
        description=? 
    where
        id=?
14:11:18,106 DEBUG SQL:104 - 
    update
        DataPoint 
    set
        description=? 
    where
        id=?
14:11:18,106 DEBUG SQL:104 - 
    update
        DataPoint 
    set
        description=? 
    where
        id=?
14:11:18,107 DEBUG SQL:104 - 
    update
        DataPoint 
    set
        description=? 
    where
        id=?
14:11:18,115 DEBUG SQL:104 - 
    update
        DataPoint 
    set
        description=? 
    where
        id=?
14:11:18,115 DEBUG SQL:104 - 
    update
        DataPoint 
    set
        description=? 
    where
        id=?
14:11:18,116 DEBUG SQL:104 - 
    update
        DataPoint 
    set
        description=? 
    where
        id=?
14:11:18,116 DEBUG SQL:104 - 
    update
        DataPoint 
    set
        description=? 
    where
        id=?
14:11:18,116 DEBUG SQL:104 - 
    update
        DataPoint 
    set
        description=? 
    where
        id=?
14:11:18,125 DEBUG SQL:104 - 
    update
        DataPoint 
    set
        description=? 
    where
        id=?
14:11:18,125 DEBUG SQL:104 - 
    update
        DataPoint 
    set
        description=? 
    where
        id=?
14:11:18,126 DEBUG SQL:104 - 
    update
        DataPoint 
    set
        description=? 
    where
        id=?
14:11:18,126 DEBUG SQL:104 - 
    update
        DataPoint 
    set
        description=? 
    where
        id=?
14:11:18,135 DEBUG SQL:104 - 
    update
        DataPoint 
    set
        description=? 
    where
        id=?
14:11:18,136 DEBUG SQL:104 - 
    update
        DataPoint 
    set
        description=? 
    where
        id=?
14:11:18,136 DEBUG SQL:104 - 
    update
        DataPoint 
    set
        description=? 
    where
        id=?
14:11:18,136 DEBUG SQL:104 - 
    update
        DataPoint 
    set
        description=? 
    where
        id=?
14:11:18,146 DEBUG SQL:104 - 
    update
        DataPoint 
    set
        description=? 
    where
        id=?
14:11:18,146 DEBUG SQL:104 - 
    update
        DataPoint 
    set
        description=? 
    where
        id=?
14:11:18,146 DEBUG SQL:104 - 
    update
        DataPoint 
    set
        description=? 
    where
        id=?
14:11:18,148 DEBUG SQL:104 - 
    update
        DataPoint 
    set
        description=? 
    where
        id=?
14:11:18,149 DEBUG SQL:104 - 
    update
        DataPoint 
    set
        description=? 
    where
        id=?
14:11:18,157 DEBUG SQL:104 - 
    update
        DataPoint 
    set
        description=? 
    where
        id=?
14:11:18,157 DEBUG SQL:104 - 
    update
        DataPoint 
    set
        description=? 
    where
        id=?
14:11:18,157 DEBUG SQL:104 - 
    update
        DataPoint 
    set
        description=? 
    where
        id=?
14:11:18,158 DEBUG SQL:104 - 
    update
        DataPoint 
    set
        description=? 
    where
        id=?
14:11:18,167 DEBUG SQL:104 - 
    update
        DataPoint 
    set
        description=? 
    where
        id=?
14:11:18,167 DEBUG SQL:104 - 
    update
        DataPoint 
    set
        description=? 
    where
        id=?
14:11:18,167 DEBUG SQL:104 - 
    update
        DataPoint 
    set
        description=? 
    where
        id=?
14:11:18,168 DEBUG SQL:104 - 
    update
        DataPoint 
    set
        description=? 
    where
        id=?
14:11:18,168 DEBUG SQL:104 - 
    update
        DataPoint 
    set
        description=? 
    where
        id=?
14:11:18,177 DEBUG SQL:104 - 
    update
        DataPoint 
    set
        description=? 
    where
        id=?
14:11:18,177 DEBUG SQL:104 - 
    update
        DataPoint 
    set
        description=? 
    where
        id=?
14:11:18,178 DEBUG SQL:104 - 
    update
        DataPoint 
    set
        description=? 
    where
        id=?
14:11:18,178 DEBUG SQL:104 - 
    update
        DataPoint 
    set
        description=? 
    where
        id=?
14:11:18,187 DEBUG SQL:104 - 
    update
        DataPoint 
    set
        description=? 
    where
        id=?
14:11:18,188 DEBUG SQL:104 - 
    update
        DataPoint 
    set
        description=? 
    where
        id=?
14:11:18,188 DEBUG SQL:104 - 
    update
        DataPoint 
    set
        description=? 
    where
        id=?
14:11:18,188 DEBUG SQL:104 - 
    update
        DataPoint 
    set
        description=? 
    where
        id=?
14:11:18,188 DEBUG SQL:104 - 
    update
        DataPoint 
    set
        description=? 
    where
        id=?
14:11:18,190 DEBUG SQL:104 - 
    update
        DataPoint 
    set
        description=? 
    where
        id=?
14:11:18,191 DEBUG SQL:104 - 
    update
        DataPoint 
    set
        description=? 
    where
        id=?
14:11:18,191 DEBUG SQL:104 - 
    update
        DataPoint 
    set
        description=? 
    where
        id=?
14:11:18,191 DEBUG SQL:104 - 
    update
        DataPoint 
    set
        description=? 
    where
        id=?
14:11:18,200 DEBUG SQL:104 - 
    update
        DataPoint 
    set
        description=? 
    where
        id=?
14:11:18,200 DEBUG SQL:104 - 
    update
        DataPoint 
    set
        description=? 
    where
        id=?
14:11:18,200 DEBUG SQL:104 - 
    update
        DataPoint 
    set
        description=? 
    where
        id=?
14:11:18,201 DEBUG SQL:104 - 
    update
        DataPoint 
    set
        description=? 
    where
        id=?
14:11:18,210 DEBUG SQL:104 - 
    update
        DataPoint 
    set
        description=? 
    where
        id=?
14:11:18,211 DEBUG SQL:104 - 
    update
        DataPoint 
    set
        description=? 
    where
        id=?
14:11:18,211 DEBUG SQL:104 - 
    update
        DataPoint 
    set
        description=? 
    where
        id=?
14:11:18,211 DEBUG SQL:104 - 
    update
        DataPoint 
    set
        description=? 
    where
        id=?
14:11:18,211 DEBUG SQL:104 - 
    update
        DataPoint 
    set
        description=? 
    where
        id=?
14:11:18,211 DEBUG SQL:104 - 
    update
        DataPoint 
    set
        description=? 
    where
        id=?
14:11:18,211 DEBUG SQL:104 - 
    update
        DataPoint 
    set
        description=? 
    where
        id=?
14:11:18,232 DEBUG SQL:104 - 
    update
        DataPoint 
    set
        description=? 
    where
        id=?
14:11:18,232 DEBUG SQL:104 - 
    update
        DataPoint 
    set
        description=? 
    where
        id=?
14:11:18,232 DEBUG SQL:104 - 
    update
        DataPoint 
    set
        description=? 
    where
        id=?
14:11:18,232 DEBUG SQL:104 - 
    update
        DataPoint 
    set
        description=? 
    where
        id=?
14:11:18,242 DEBUG SQL:104 - 
    update
        DataPoint 
    set
        description=? 
    where
        id=?
14:11:18,244 DEBUG SQL:104 - 
    update
        DataPoint 
    set
        description=? 
    where
        id=?
14:11:18,245 DEBUG SQL:104 - 
    update
        DataPoint 
    set
        description=? 
    where
        id=?
14:11:18,245 DEBUG SQL:104 - 
    update
        DataPoint 
    set
        description=? 
    where
        id=?
14:11:18,252 DEBUG SQL:104 - 
    update
        DataPoint 
    set
        description=? 
    where
        id=?
14:11:18,252 DEBUG SQL:104 - 
    update
        DataPoint 
    set
        description=? 
    where
        id=?
14:11:18,252 DEBUG SQL:104 - 
    update
        DataPoint 
    set
        description=? 
    where
        id=?
14:11:18,252 DEBUG SQL:104 - 
    update
        DataPoint 
    set
        description=? 
    where
        id=?
14:11:18,252 DEBUG SQL:104 - 
    update
        DataPoint 
    set
        description=? 
    where
        id=?
14:11:18,263 DEBUG SQL:104 - 
    update
        DataPoint 
    set
        description=? 
    where
        id=?
14:11:18,263 DEBUG SQL:104 - 
    update
        DataPoint 
    set
        description=? 
    where
        id=?
14:11:18,263 DEBUG SQL:104 - 
    update
        DataPoint 
    set
        description=? 
    where
        id=?
14:11:18,263 DEBUG SQL:104 - 
    update
        DataPoint 
    set
        description=? 
    where
        id=?
14:11:18,273 DEBUG SQL:104 - 
    update
        DataPoint 
    set
        description=? 
    where
        id=?
14:11:18,273 DEBUG SQL:104 - 
    update
        DataPoint 
    set
        description=? 
    where
        id=?
14:11:18,273 DEBUG SQL:104 - 
    update
        DataPoint 
    set
        description=? 
    where
        id=?
14:11:18,273 DEBUG SQL:104 - 
    update
        DataPoint 
    set
        description=? 
    where
        id=?
14:11:18,283 DEBUG SQL:104 - 
    update
        DataPoint 
    set
        description=? 
    where
        id=?
14:11:18,283 DEBUG SQL:104 - 
    update
        DataPoint 
    set
        description=? 
    where
        id=?
14:11:18,283 DEBUG SQL:104 - 
    update
        DataPoint 
    set
        description=? 
    where
        id=?
14:11:18,283 DEBUG SQL:104 - 
    update
        DataPoint 
    set
        description=? 
    where
        id=?
14:11:18,286 DEBUG SQL:104 - 
    update
        DataPoint 
    set
        description=? 
    where
        id=?
14:11:18,295 DEBUG SQL:104 - 
    update
        DataPoint 
    set
        description=? 
    where
        id=?
14:11:18,295 DEBUG SQL:104 - 
    update
        DataPoint 
    set
        description=? 
    where
        id=?
14:11:18,295 DEBUG SQL:104 - 
    update
        DataPoint 
    set
        description=? 
    where
        id=?
14:11:18,295 DEBUG SQL:104 - 
    update
        DataPoint 
    set
        description=? 
    where
        id=?
14:11:18,306 DEBUG SQL:104 - 
    update
        DataPoint 
    set
        description=? 
    where
        id=?
14:11:18,306 DEBUG SQL:104 - 
    update
        DataPoint 
    set
        description=? 
    where
        id=?
14:11:18,306 DEBUG SQL:104 - 
    update
        DataPoint 
    set
        description=? 
    where
        id=?
14:11:18,306 DEBUG SQL:104 - 
    update
        DataPoint 
    set
        description=? 
    where
        id=?
14:11:18,307 DEBUG SQL:104 - 
    update
        DataPoint 
    set
        description=? 
    where
        id=?
14:11:18,307 DEBUG SQL:104 - 
    update
        DataPoint 
    set
        description=? 
    where
        id=?
14:11:18,307 DEBUG SQL:104 - 
    update
        DataPoint 
    set
        description=? 
    where
        id=?
14:11:18,307 DEBUG SQL:104 - 
    update
        DataPoint 
    set
        description=? 
    where
        id=?
14:11:18,307 DEBUG SQL:104 - 
    update
        DataPoint 
    set
        description=? 
    where
        id=?
14:11:18,307 DEBUG SQL:104 - 
    update
        DataPoint 
    set
        description=? 
    where
        id=?
14:11:18,307 DEBUG SQL:104 - 
    update
        DataPoint 
    set
        description=? 
    where
        id=?
14:11:18,319 DEBUG SQL:104 - 
    update
        DataPoint 
    set
        description=? 
    where
        id=?
14:11:18,320 DEBUG SQL:104 - 
    update
        DataPoint 
    set
        description=? 
    where
        id=?
14:11:18,320 DEBUG SQL:104 - 
    update
        DataPoint 
    set
        description=? 
    where
        id=?
14:11:18,320 DEBUG SQL:104 - 
    update
        DataPoint 
    set
        description=? 
    where
        id=?
14:11:18,334 DEBUG SQL:104 - 
    update
        DataPoint 
    set
        description=? 
    where
        id=?
14:11:18,335 DEBUG SQL:104 - 
    update
        DataPoint 
    set
        description=? 
    where
        id=?
14:11:18,335 DEBUG SQL:104 - 
    update
        DataPoint 
    set
        description=? 
    where
        id=?
14:11:18,335 DEBUG SQL:104 - 
    update
        DataPoint 
    set
        description=? 
    where
        id=?
14:11:18,335 DEBUG SQL:104 - 
    update
        DataPoint 
    set
        description=? 
    where
        id=?
14:11:18,343 DEBUG SQL:104 - 
    update
        DataPoint 
    set
        description=? 
    where
        id=?
14:11:18,344 DEBUG SQL:104 - 
    update
        DataPoint 
    set
        description=? 
    where
        id=?
14:11:18,344 DEBUG SQL:104 - 
    update
        DataPoint 
    set
        description=? 
    where
        id=?
14:11:18,344 DEBUG SQL:104 - 
    update
        DataPoint 
    set
        description=? 
    where
        id=?
14:11:18,344 DEBUG SQL:104 - 
    update
        DataPoint 
    set
        description=? 
    where
        id=?
14:11:18,344 DEBUG SQL:104 - 
    update
        DataPoint 
    set
        description=? 
    where
        id=?
14:11:18,367 DEBUG SQL:104 - 
    update
        DataPoint 
    set
        description=? 
    where
        id=?
14:11:18,367 DEBUG SQL:104 - 
    update
        DataPoint 
    set
        description=? 
    where
        id=?
14:11:18,367 DEBUG SQL:104 - 
    update
        DataPoint 
    set
        description=? 
    where
        id=?
14:11:18,368 DEBUG SQL:104 - 
    update
        DataPoint 
    set
        description=? 
    where
        id=?
14:11:18,368 DEBUG SQL:104 - 
    update
        DataPoint 
    set
        description=? 
    where
        id=?
14:11:18,378 DEBUG SQL:104 - 
    update
        DataPoint 
    set
        description=? 
    where
        id=?
14:11:18,379 DEBUG SQL:104 - 
    update
        DataPoint 
    set
        description=? 
    where
        id=?
14:11:18,379 DEBUG SQL:104 - 
    update
        DataPoint 
    set
        description=? 
    where
        id=?
14:11:18,379 DEBUG SQL:104 - 
    update
        DataPoint 
    set
        description=? 
    where
        id=?
14:11:18,390 DEBUG SQL:104 - 
    update
        DataPoint 
    set
        description=? 
    where
        id=?
14:11:18,391 DEBUG SQL:104 - 
    update
        DataPoint 
    set
        description=? 
    where
        id=?
14:11:18,391 DEBUG SQL:104 - 
    update
        DataPoint 
    set
        description=? 
    where
        id=?
14:11:18,391 DEBUG SQL:104 - 
    update
        DataPoint 
    set
        description=? 
    where
        id=?
14:11:18,398 DEBUG SQL:104 - 
    update
        DataPoint 
    set
        description=? 
    where
        id=?
14:11:18,398 DEBUG SQL:104 - 
    update
        DataPoint 
    set
        description=? 
    where
        id=?
14:11:18,398 DEBUG SQL:104 - 
    update
        DataPoint 
    set
        description=? 
    where
        id=?
14:11:18,398 DEBUG SQL:104 - 
    update
        DataPoint 
    set
        description=? 
    where
        id=?
14:11:18,398 DEBUG SQL:104 - 
    update
        DataPoint 
    set
        description=? 
    where
        id=?
14:11:18,408 DEBUG SQL:104 - 
    update
        DataPoint 
    set
        description=? 
    where
        id=?
14:11:18,408 DEBUG SQL:104 - 
    update
        DataPoint 
    set
        description=? 
    where
        id=?
14:11:18,408 DEBUG SQL:104 - 
    update
        DataPoint 
    set
        description=? 
    where
        id=?
14:11:18,408 DEBUG SQL:104 - 
    update
        DataPoint 
    set
        description=? 
    where
        id=?
14:11:18,422 DEBUG SQL:104 - 
    update
        DataPoint 
    set
        description=? 
    where
        id=?
14:11:18,422 DEBUG SQL:104 - 
    update
        DataPoint 
    set
        description=? 
    where
        id=?
14:11:18,422 DEBUG SQL:104 - 
    update
        DataPoint 
    set
        description=? 
    where
        id=?
14:11:18,422 DEBUG SQL:104 - 
    update
        DataPoint 
    set
        description=? 
    where
        id=?
14:11:18,433 DEBUG SQL:104 - 
    update
        DataPoint 
    set
        description=? 
    where
        id=?
14:11:18,433 DEBUG SQL:104 - 
    update
        DataPoint 
    set
        description=? 
    where
        id=?
14:11:18,433 DEBUG SQL:104 - 
    update
        DataPoint 
    set
        description=? 
    where
        id=?
14:11:18,435 DEBUG SQL:104 - 
    update
        DataPoint 
    set
        description=? 
    where
        id=?
14:11:18,436 DEBUG SQL:104 - 
    update
        DataPoint 
    set
        description=? 
    where
        id=?
14:11:18,443 DEBUG SQL:104 - 
    update
        DataPoint 
    set
        description=? 
    where
        id=?
14:11:18,444 DEBUG SQL:104 - 
    update
        DataPoint 
    set
        description=? 
    where
        id=?
14:11:18,444 DEBUG SQL:104 - 
    update
        DataPoint 
    set
        description=? 
    where
        id=?
14:11:18,444 DEBUG SQL:104 - 
    update
        DataPoint 
    set
        description=? 
    where
        id=?
14:11:18,444 DEBUG SQL:104 - 
    update
        DataPoint 
    set
        description=? 
    where
        id=?
14:11:18,445 DEBUG SQL:104 - 
    update
        DataPoint 
    set
        description=? 
    where
        id=?
14:11:18,445 DEBUG SQL:104 - 
    update
        DataPoint 
    set
        description=? 
    where
        id=?
14:11:18,445 DEBUG SQL:104 - 
    update
        DataPoint 
    set
        description=? 
    where
        id=?
14:11:18,445 DEBUG SQL:104 - 
    update
        DataPoint 
    set
        description=? 
    where
        id=?
14:11:18,457 DEBUG SQL:104 - 
    update
        DataPoint 
    set
        description=? 
    where
        id=?
14:11:18,457 DEBUG SQL:104 - 
    update
        DataPoint 
    set
        description=? 
    where
        id=?
14:11:18,458 DEBUG SQL:104 - 
    update
        DataPoint 
    set
        description=? 
    where
        id=?
14:11:18,458 DEBUG SQL:104 - 
    update
        DataPoint 
    set
        description=? 
    where
        id=?
14:11:18,468 DEBUG SQL:104 - 
    update
        DataPoint 
    set
        description=? 
    where
        id=?
14:11:18,468 DEBUG SQL:104 - 
    update
        DataPoint 
    set
        description=? 
    where
        id=?
14:11:18,468 DEBUG SQL:104 - 
    update
        DataPoint 
    set
        description=? 
    where
        id=?
14:11:18,468 DEBUG SQL:104 - 
    update
        DataPoint 
    set
        description=? 
    where
        id=?
14:11:18,468 DEBUG SQL:104 - 
    update
        DataPoint 
    set
        description=? 
    where
        id=?
14:11:18,471 DEBUG SQL:104 - 
    update
        DataPoint 
    set
        description=? 
    where
        id=?
14:11:18,471 DEBUG SQL:104 - 
    update
        DataPoint 
    set
        description=? 
    where
        id=?
14:11:18,490 DEBUG SQL:104 - 
    update
        DataPoint 
    set
        description=? 
    where
        id=?
14:11:18,490 DEBUG SQL:104 - 
    update
        DataPoint 
    set
        description=? 
    where
        id=?
14:11:18,490 DEBUG SQL:104 - 
    update
        DataPoint 
    set
        description=? 
    where
        id=?
14:11:18,490 DEBUG SQL:104 - 
    update
        DataPoint 
    set
        description=? 
    where
        id=?
14:11:18,500 DEBUG SQL:104 - 
    update
        DataPoint 
    set
        description=? 
    where
        id=?
14:11:18,500 DEBUG SQL:104 - 
    update
        DataPoint 
    set
        description=? 
    where
        id=?
14:11:18,500 DEBUG SQL:104 - 
    update
        DataPoint 
    set
        description=? 
    where
        id=?
14:11:18,500 DEBUG SQL:104 - 
    update
        DataPoint 
    set
        description=? 
    where
        id=?
14:11:18,510 DEBUG SQL:104 - 
    update
        DataPoint 
    set
        description=? 
    where
        id=?
14:11:18,510 DEBUG SQL:104 - 
    update
        DataPoint 
    set
        description=? 
    where
        id=?
14:11:18,510 DEBUG SQL:104 - 
    update
        DataPoint 
    set
        description=? 
    where
        id=?
14:11:18,510 DEBUG SQL:104 - 
    update
        DataPoint 
    set
        description=? 
    where
        id=?
14:11:18,511 DEBUG SQL:104 - 
    update
        DataPoint 
    set
        description=? 
    where
        id=?
14:11:18,527 DEBUG SQL:104 - 
    update
        DataPoint 
    set
        description=? 
    where
        id=?
14:11:18,527 DEBUG SQL:104 - 
    update
        DataPoint 
    set
        description=? 
    where
        id=?
14:11:18,527 DEBUG SQL:104 - 
    update
        DataPoint 
    set
        description=? 
    where
        id=?
14:11:18,527 DEBUG SQL:104 - 
    update
        DataPoint 
    set
        description=? 
    where
        id=?
14:11:18,533 DEBUG SQL:104 - 
    update
        DataPoint 
    set
        description=? 
    where
        id=?
14:11:18,535 DEBUG SQL:104 - 
    update
        DataPoint 
    set
        description=? 
    where
        id=?
14:11:18,535 DEBUG SQL:104 - 
    update
        DataPoint 
    set
        description=? 
    where
        id=?
14:11:18,535 DEBUG SQL:104 - 
    update
        DataPoint 
    set
        description=? 
    where
        id=?
14:11:18,543 DEBUG SQL:104 - 
    update
        DataPoint 
    set
        description=? 
    where
        id=?
14:11:18,543 DEBUG SQL:104 - 
    update
        DataPoint 
    set
        description=? 
    where
        id=?
14:11:18,543 DEBUG SQL:104 - 
    update
        DataPoint 
    set
        description=? 
    where
        id=?
14:11:18,543 DEBUG SQL:104 - 
    update
        DataPoint 
    set
        description=? 
    where
        id=?
14:11:18,544 DEBUG SQL:104 - 
    update
        DataPoint 
    set
        description=? 
    where
        id=?
14:11:18,553 DEBUG SQL:104 - 
    update
        DataPoint 
    set
        description=? 
    where
        id=?
14:11:18,554 DEBUG SQL:104 - 
    update
        DataPoint 
    set
        description=? 
    where
        id=?
14:11:18,554 DEBUG SQL:104 - 
    update
        DataPoint 
    set
        description=? 
    where
        id=?
14:11:18,554 DEBUG SQL:104 - 
    update
        DataPoint 
    set
        description=? 
    where
        id=?
14:11:18,564 DEBUG SQL:104 - 
    update
        DataPoint 
    set
        description=? 
    where
        id=?
14:11:18,564 DEBUG SQL:104 - 
    update
        DataPoint 
    set
        description=? 
    where
        id=?
14:11:18,564 DEBUG SQL:104 - 
    update
        DataPoint 
    set
        description=? 
    where
        id=?
14:11:18,564 DEBUG SQL:104 - 
    update
        DataPoint 
    set
        description=? 
    where
        id=?
14:11:18,564 DEBUG SQL:104 - 
    update
        DataPoint 
    set
        description=? 
    where
        id=?
14:11:18,574 DEBUG SQL:104 - 
    update
        DataPoint 
    set
        description=? 
    where
        id=?
14:11:18,574 DEBUG SQL:104 - 
    update
        DataPoint 
    set
        description=? 
    where
        id=?
14:11:18,574 DEBUG SQL:104 - 
    update
        DataPoint 
    set
        description=? 
    where
        id=?
14:11:18,576 DEBUG SQL:104 - 
    update
        DataPoint 
    set
        description=? 
    where
        id=?
14:11:18,577 DEBUG SQL:104 - 
    update
        DataPoint 
    set
        description=? 
    where
        id=?
14:11:18,577 DEBUG SQL:104 - 
    update
        DataPoint 
    set
        description=? 
    where
        id=?
14:11:18,577 DEBUG SQL:104 - 
    update
        DataPoint 
    set
        description=? 
    where
        id=?
14:11:18,577 DEBUG SQL:104 - 
    update
        DataPoint 
    set
        description=? 
    where
        id=?
14:11:18,591 DEBUG SQL:104 - 
    update
        DataPoint 
    set
        description=? 
    where
        id=?
14:11:18,592 DEBUG SQL:104 - 
    update
        DataPoint 
    set
        description=? 
    where
        id=?
14:11:18,592 DEBUG SQL:104 - 
    update
        DataPoint 
    set
        description=? 
    where
        id=?
14:11:18,592 DEBUG SQL:104 - 
    update
        DataPoint 
    set
        description=? 
    where
        id=?
14:11:18,592 DEBUG SQL:104 - 
    update
        DataPoint 
    set
        description=? 
    where
        id=?
14:11:18,604 DEBUG SQL:104 - 
    update
        DataPoint 
    set
        description=? 
    where
        id=?
14:11:18,605 DEBUG SQL:104 - 
    update
        DataPoint 
    set
        description=? 
    where
        id=?
14:11:18,605 DEBUG SQL:104 - 
    update
        DataPoint 
    set
        description=? 
    where
        id=?
14:11:18,605 DEBUG SQL:104 - 
    update
        DataPoint 
    set
        description=? 
    where
        id=?
14:11:18,605 DEBUG SQL:104 - 
    update
        DataPoint 
    set
        description=? 
    where
        id=?
14:11:18,605 DEBUG SQL:104 - 
    update
        DataPoint 
    set
        description=? 
    where
        id=?
14:11:18,626 DEBUG SQL:104 - 
    update
        DataPoint 
    set
        description=? 
    where
        id=?
14:11:18,627 DEBUG SQL:104 - 
    update
        DataPoint 
    set
        description=? 
    where
        id=?
14:11:18,627 DEBUG SQL:104 - 
    update
        DataPoint 
    set
        description=? 
    where
        id=?
14:11:18,627 DEBUG SQL:104 - 
    update
        DataPoint 
    set
        description=? 
    where
        id=?
14:11:18,629 DEBUG SQL:104 - 
    update
        DataPoint 
    set
        description=? 
    where
        id=?
14:11:18,636 DEBUG SQL:104 - 
    update
        DataPoint 
    set
        description=? 
    where
        id=?
14:11:18,637 DEBUG SQL:104 - 
    update
        DataPoint 
    set
        description=? 
    where
        id=?
14:11:18,637 DEBUG SQL:104 - 
    update
        DataPoint 
    set
        description=? 
    where
        id=?
14:11:18,637 DEBUG SQL:104 - 
    update
        DataPoint 
    set
        description=? 
    where
        id=?
14:11:18,645 DEBUG SQL:104 - 
    update
        DataPoint 
    set
        description=? 
    where
        id=?
14:11:18,646 DEBUG SQL:104 - 
    update
        DataPoint 
    set
        description=? 
    where
        id=?
14:11:18,646 DEBUG SQL:104 - 
    update
        DataPoint 
    set
        description=? 
    where
        id=?
14:11:18,646 DEBUG SQL:104 - 
    update
        DataPoint 
    set
        description=? 
    where
        id=?
14:11:18,655 DEBUG SQL:104 - 
    update
        DataPoint 
    set
        description=? 
    where
        id=?
14:11:18,655 DEBUG SQL:104 - 
    update
        DataPoint 
    set
        description=? 
    where
        id=?
14:11:18,655 DEBUG SQL:104 - 
    update
        DataPoint 
    set
        description=? 
    where
        id=?
14:11:18,655 DEBUG SQL:104 - 
    update
        DataPoint 
    set
        description=? 
    where
        id=?
14:11:18,655 DEBUG SQL:104 - 
    update
        DataPoint 
    set
        description=? 
    where
        id=?
14:11:18,664 DEBUG SQL:104 - 
    update
        DataPoint 
    set
        description=? 
    where
        id=?
14:11:18,664 DEBUG SQL:104 - 
    update
        DataPoint 
    set
        description=? 
    where
        id=?
14:11:18,664 DEBUG SQL:104 - 
    update
        DataPoint 
    set
        description=? 
    where
        id=?
14:11:18,665 DEBUG SQL:104 - 
    update
        DataPoint 
    set
        description=? 
    where
        id=?
14:11:18,674 DEBUG SQL:104 - 
    update
        DataPoint 
    set
        description=? 
    where
        id=?
14:11:18,674 DEBUG SQL:104 - 
    update
        DataPoint 
    set
        description=? 
    where
        id=?
14:11:18,676 DEBUG SQL:104 - 
    update
        DataPoint 
    set
        description=? 
    where
        id=?
14:11:18,677 DEBUG SQL:104 - 
    update
        DataPoint 
    set
        description=? 
    where
        id=?
14:11:18,683 DEBUG SQL:104 - 
    update
        DataPoint 
    set
        description=? 
    where
        id=?
14:11:18,683 DEBUG SQL:104 - 
    update
        DataPoint 
    set
        description=? 
    where
        id=?
14:11:18,683 DEBUG SQL:104 - 
    update
        DataPoint 
    set
        description=? 
    where
        id=?
14:11:18,683 DEBUG SQL:104 - 
    update
        DataPoint 
    set
        description=? 
    where
        id=?
14:11:18,683 DEBUG SQL:104 - 
    update
        DataPoint 
    set
        description=? 
    where
        id=?
14:11:18,692 DEBUG SQL:104 - 
    update
        DataPoint 
    set
        description=? 
    where
        id=?
14:11:18,692 DEBUG SQL:104 - 
    update
        DataPoint 
    set
        description=? 
    where
        id=?
14:11:18,692 DEBUG SQL:104 - 
    update
        DataPoint 
    set
        description=? 
    where
        id=?
14:11:18,693 DEBUG SQL:104 - 
    update
        DataPoint 
    set
        description=? 
    where
        id=?
14:11:18,702 DEBUG SQL:104 - 
    update
        DataPoint 
    set
        description=? 
    where
        id=?
14:11:18,703 DEBUG SQL:104 - 
    update
        DataPoint 
    set
        description=? 
    where
        id=?
14:11:18,703 DEBUG SQL:104 - 
    update
        DataPoint 
    set
        description=? 
    where
        id=?
14:11:18,703 DEBUG SQL:104 - 
    update
        DataPoint 
    set
        description=? 
    where
        id=?
14:11:18,703 DEBUG SQL:104 - 
    update
        DataPoint 
    set
        description=? 
    where
        id=?
14:11:18,703 DEBUG SQL:104 - 
    update
        DataPoint 
    set
        description=? 
    where
        id=?
14:11:18,703 DEBUG SQL:104 - 
    update
        DataPoint 
    set
        description=? 
    where
        id=?
14:11:18,704 DEBUG SQL:104 - 
    update
        DataPoint 
    set
        description=? 
    where
        id=?
14:11:18,704 DEBUG SQL:104 - 
    update
        DataPoint 
    set
        description=? 
    where
        id=?
14:11:18,750 DEBUG SQL:104 - 
    update
        DataPoint 
    set
        description=? 
    where
        id=?
14:11:18,750 DEBUG SQL:104 - 
    update
        DataPoint 
    set
        description=? 
    where
        id=?
14:11:18,750 DEBUG SQL:104 - 
    update
        DataPoint 
    set
        description=? 
    where
        id=?
14:11:18,750 DEBUG SQL:104 - 
    update
        DataPoint 
    set
        description=? 
    where
        id=?
14:11:18,750 DEBUG SQL:104 - 
    update
        DataPoint 
    set
        description=? 
    where
        id=?
14:11:18,750 DEBUG SQL:104 - 
    update
        DataPoint 
    set
        description=? 
    where
        id=?
14:11:18,751 DEBUG SQL:104 - 
    update
        DataPoint 
    set
        description=? 
    where
        id=?
14:11:18,751 DEBUG SQL:104 - 
    update
        DataPoint 
    set
        description=? 
    where
        id=?
14:11:18,751 DEBUG SQL:104 - 
    update
        DataPoint 
    set
        description=? 
    where
        id=?
14:11:18,751 DEBUG SQL:104 - 
    update
        DataPoint 
    set
        description=? 
    where
        id=?
14:11:18,751 DEBUG SQL:104 - 
    update
        DataPoint 
    set
        description=? 
    where
        id=?
14:11:18,751 DEBUG SQL:104 - 
    update
        DataPoint 
    set
        description=? 
    where
        id=?
14:11:18,751 DEBUG SQL:104 - 
    update
        DataPoint 
    set
        description=? 
    where
        id=?
14:11:18,752 DEBUG SQL:104 - 
    update
        DataPoint 
    set
        description=? 
    where
        id=?
14:11:18,752 DEBUG SQL:104 - 
    update
        DataPoint 
    set
        description=? 
    where
        id=?
14:11:18,752 DEBUG SQL:104 - 
    update
        DataPoint 
    set
        description=? 
    where
        id=?
14:11:18,752 DEBUG SQL:104 - 
    update
        DataPoint 
    set
        description=? 
    where
        id=?
14:11:18,752 DEBUG SQL:104 - 
    update
        DataPoint 
    set
        description=? 
    where
        id=?
14:11:18,752 DEBUG SQL:104 - 
    update
        DataPoint 
    set
        description=? 
    where
        id=?
14:11:18,752 DEBUG SQL:104 - 
    update
        DataPoint 
    set
        description=? 
    where
        id=?
14:11:18,759 DEBUG SQL:104 - 
    update
        DataPoint 
    set
        description=? 
    where
        id=?
14:11:18,761 DEBUG SQL:104 - 
    update
        DataPoint 
    set
        description=? 
    where
        id=?
14:11:18,780 DEBUG SQL:104 - 
    update
        DataPoint 
    set
        description=? 
    where
        id=?
14:11:18,780 DEBUG SQL:104 - 
    update
        DataPoint 
    set
        description=? 
    where
        id=?
14:11:18,781 DEBUG SQL:104 - 
    update
        DataPoint 
    set
        description=? 
    where
        id=?
14:11:18,781 DEBUG SQL:104 - 
    update
        DataPoint 
    set
        description=? 
    where
        id=?
14:11:18,790 DEBUG SQL:104 - 
    update
        DataPoint 
    set
        description=? 
    where
        id=?
14:11:18,791 DEBUG SQL:104 - 
    update
        DataPoint 
    set
        description=? 
    where
        id=?
14:11:18,791 DEBUG SQL:104 - 
    update
        DataPoint 
    set
        description=? 
    where
        id=?
14:11:18,791 DEBUG SQL:104 - 
    update
        DataPoint 
    set
        description=? 
    where
        id=?
14:11:18,803 DEBUG SQL:104 - 
    update
        DataPoint 
    set
        description=? 
    where
        id=?
14:11:18,803 DEBUG SQL:104 - 
    update
        DataPoint 
    set
        description=? 
    where
        id=?
14:11:18,803 DEBUG SQL:104 - 
    update
        DataPoint 
    set
        description=? 
    where
        id=?
14:11:18,803 DEBUG SQL:104 - 
    update
        DataPoint 
    set
        description=? 
    where
        id=?
14:11:18,803 DEBUG SQL:104 - 
    update
        DataPoint 
    set
        description=? 
    where
        id=?
14:11:18,814 DEBUG SQL:104 - 
    update
        DataPoint 
    set
        description=? 
    where
        id=?
14:11:18,814 DEBUG SQL:104 - 
    update
        DataPoint 
    set
        description=? 
    where
        id=?
14:11:18,814 DEBUG SQL:104 - 
    update
        DataPoint 
    set
        description=? 
    where
        id=?
14:11:18,815 DEBUG SQL:104 - 
    update
        DataPoint 
    set
        description=? 
    where
        id=?
14:11:18,825 DEBUG SQL:104 - 
    update
        DataPoint 
    set
        description=? 
    where
        id=?
14:11:18,829 DEBUG SQL:104 - 
    update
        DataPoint 
    set
        description=? 
    where
        id=?
14:11:18,830 DEBUG SQL:104 - 
    update
        DataPoint 
    set
        description=? 
    where
        id=?
14:11:18,830 DEBUG SQL:104 - 
    update
        DataPoint 
    set
        description=? 
    where
        id=?
14:11:18,830 DEBUG SQL:104 - 
    update
        DataPoint 
    set
        description=? 
    where
        id=?
14:11:18,830 DEBUG SQL:104 - 
    update
        DataPoint 
    set
        description=? 
    where
        id=?
14:11:18,830 DEBUG SQL:104 - 
    update
        DataPoint 
    set
        description=? 
    where
        id=?
14:11:18,831 DEBUG SQL:104 - 
    update
        DataPoint 
    set
        description=? 
    where
        id=?
14:11:18,831 DEBUG SQL:104 - 
    update
        DataPoint 
    set
        description=? 
    where
        id=?
14:11:18,841 DEBUG SQL:104 - 
    update
        DataPoint 
    set
        description=? 
    where
        id=?
14:11:18,841 DEBUG SQL:104 - 
    update
        DataPoint 
    set
        description=? 
    where
        id=?
14:11:18,841 DEBUG SQL:104 - 
    update
        DataPoint 
    set
        description=? 
    where
        id=?
14:11:18,841 DEBUG SQL:104 - 
    update
        DataPoint 
    set
        description=? 
    where
        id=?
14:11:18,851 DEBUG SQL:104 - 
    update
        DataPoint 
    set
        description=? 
    where
        id=?
14:11:18,851 DEBUG SQL:104 - 
    update
        DataPoint 
    set
        description=? 
    where
        id=?
14:11:18,852 DEBUG SQL:104 - 
    update
        DataPoint 
    set
        description=? 
    where
        id=?
14:11:18,852 DEBUG SQL:104 - 
    update
        DataPoint 
    set
        description=? 
    where
        id=?
14:11:18,863 DEBUG SQL:104 - 
    update
        DataPoint 
    set
        description=? 
    where
        id=?
14:11:18,863 DEBUG SQL:104 - 
    update
        DataPoint 
    set
        description=? 
    where
        id=?
14:11:18,863 DEBUG SQL:104 - 
    update
        DataPoint 
    set
        description=? 
    where
        id=?
14:11:18,945 DEBUG SQL:104 - 
    update
        DataPoint 
    set
        description=? 
    where
        id=?
14:11:18,948 DEBUG SQL:104 - 
    update
        DataPoint 
    set
        description=? 
    where
        id=?
14:11:18,948 DEBUG SQL:104 - 
    update
        DataPoint 
    set
        description=? 
    where
        id=?
14:11:18,948 DEBUG SQL:104 - 
    update
        DataPoint 
    set
        description=? 
    where
        id=?
14:11:18,967 DEBUG SQL:104 - 
    update
        DataPoint 
    set
        description=? 
    where
        id=?
14:11:18,967 DEBUG SQL:104 - 
    update
        DataPoint 
    set
        description=? 
    where
        id=?
14:11:18,967 DEBUG SQL:104 - 
    update
        DataPoint 
    set
        description=? 
    where
        id=?
14:11:18,968 DEBUG SQL:104 - 
    update
        DataPoint 
    set
        description=? 
    where
        id=?
14:11:18,968 DEBUG SQL:104 - 
    update
        DataPoint 
    set
        description=? 
    where
        id=?
14:11:18,981 DEBUG SQL:104 - 
    update
        DataPoint 
    set
        description=? 
    where
        id=?
14:11:18,981 DEBUG SQL:104 - 
    update
        DataPoint 
    set
        description=? 
    where
        id=?
14:11:18,982 DEBUG SQL:104 - 
    update
        DataPoint 
    set
        description=? 
    where
        id=?
14:11:18,982 DEBUG SQL:104 - 
    update
        DataPoint 
    set
        description=? 
    where
        id=?
14:11:18,982 DEBUG SQL:104 - 
    update
        DataPoint 
    set
        description=? 
    where
        id=?
14:11:18,983 DEBUG SQL:104 - 
    update
        DataPoint 
    set
        description=? 
    where
        id=?
14:11:19,008 DEBUG SQL:104 - 
    update
        DataPoint 
    set
        description=? 
    where
        id=?
14:11:19,043 DEBUG SQL:104 - 
    update
        DataPoint 
    set
        description=? 
    where
        id=?
14:11:19,043 DEBUG SQL:104 - 
    update
        DataPoint 
    set
        description=? 
    where
        id=?
14:11:19,043 DEBUG SQL:104 - 
    update
        DataPoint 
    set
        description=? 
    where
        id=?
14:11:19,043 DEBUG SQL:104 - 
    update
        DataPoint 
    set
        description=? 
    where
        id=?
14:11:19,043 DEBUG SQL:104 - 
    update
        DataPoint 
    set
        description=? 
    where
        id=?
14:11:19,046 DEBUG SQL:104 - 
    update
        DataPoint 
    set
        description=? 
    where
        id=?
14:11:19,050 DEBUG SQL:104 - 
    update
        DataPoint 
    set
        description=? 
    where
        id=?
14:11:19,050 DEBUG SQL:104 - 
    update
        DataPoint 
    set
        description=? 
    where
        id=?
14:11:19,050 DEBUG SQL:104 - 
    update
        DataPoint 
    set
        description=? 
    where
        id=?
14:11:19,050 DEBUG SQL:104 - 
    update
        DataPoint 
    set
        description=? 
    where
        id=?
14:11:19,050 DEBUG SQL:104 - 
    update
        DataPoint 
    set
        description=? 
    where
        id=?
14:11:19,050 DEBUG SQL:104 - 
    update
        DataPoint 
    set
        description=? 
    where
        id=?
14:11:19,051 DEBUG SQL:104 - 
    update
        DataPoint 
    set
        description=? 
    where
        id=?
14:11:19,051 DEBUG SQL:104 - 
    update
        DataPoint 
    set
        description=? 
    where
        id=?
14:11:19,051 DEBUG SQL:104 - 
    update
        DataPoint 
    set
        description=? 
    where
        id=?
14:11:19,051 DEBUG SQL:104 - 
    update
        DataPoint 
    set
        description=? 
    where
        id=?
14:11:19,051 DEBUG SQL:104 - 
    update
        DataPoint 
    set
        description=? 
    where
        id=?
14:11:19,090 DEBUG SQL:104 - 
    update
        DataPoint 
    set
        description=? 
    where
        id=?
14:11:19,091 DEBUG SQL:104 - 
    update
        DataPoint 
    set
        description=? 
    where
        id=?
14:11:19,091 DEBUG SQL:104 - 
    update
        DataPoint 
    set
        description=? 
    where
        id=?
14:11:19,091 DEBUG SQL:104 - 
    update
        DataPoint 
    set
        description=? 
    where
        id=?
14:11:19,091 DEBUG SQL:104 - 
    update
        DataPoint 
    set
        description=? 
    where
        id=?
14:11:19,092 DEBUG SQL:104 - 
    update
        DataPoint 
    set
        description=? 
    where
        id=?
14:11:19,092 DEBUG SQL:104 - 
    update
        DataPoint 
    set
        description=? 
    where
        id=?
14:11:19,092 DEBUG SQL:104 - 
    update
        DataPoint 
    set
        description=? 
    where
        id=?
14:11:19,106 DEBUG SQL:104 - 
    update
        DataPoint 
    set
        description=? 
    where
        id=?
14:11:19,106 DEBUG SQL:104 - 
    update
        DataPoint 
    set
        description=? 
    where
        id=?
14:11:19,106 DEBUG SQL:104 - 
    update
        DataPoint 
    set
        description=? 
    where
        id=?
14:11:19,106 DEBUG SQL:104 - 
    update
        DataPoint 
    set
        description=? 
    where
        id=?
14:11:19,107 DEBUG SQL:104 - 
    update
        DataPoint 
    set
        description=? 
    where
        id=?
14:11:19,131 DEBUG SQL:104 - 
    update
        DataPoint 
    set
        description=? 
    where
        id=?
14:11:19,131 DEBUG SQL:104 - 
    update
        DataPoint 
    set
        description=? 
    where
        id=?
14:11:19,131 DEBUG SQL:104 - 
    update
        DataPoint 
    set
        description=? 
    where
        id=?
14:11:19,132 DEBUG SQL:104 - 
    update
        DataPoint 
    set
        description=? 
    where
        id=?
14:11:19,132 DEBUG SQL:104 - 
    update
        DataPoint 
    set
        description=? 
    where
        id=?
14:11:19,133 DEBUG SQL:104 - 
    update
        DataPoint 
    set
        description=? 
    where
        id=?
14:11:19,154 DEBUG SQL:104 - 
    update
        DataPoint 
    set
        description=? 
    where
        id=?
14:11:19,154 DEBUG SQL:104 - 
    update
        DataPoint 
    set
        description=? 
    where
        id=?
14:11:19,154 DEBUG SQL:104 - 
    update
        DataPoint 
    set
        description=? 
    where
        id=?
14:11:19,154 DEBUG SQL:104 - 
    update
        DataPoint 
    set
        description=? 
    where
        id=?
14:11:19,155 DEBUG SQL:104 - 
    update
        DataPoint 
    set
        description=? 
    where
        id=?
14:11:19,164 DEBUG SQL:104 - 
    update
        DataPoint 
    set
        description=? 
    where
        id=?
14:11:19,165 DEBUG SQL:104 - 
    update
        DataPoint 
    set
        description=? 
    where
        id=?
14:11:19,165 DEBUG SQL:104 - 
    update
        DataPoint 
    set
        description=? 
    where
        id=?
14:11:19,165 DEBUG SQL:104 - 
    update
        DataPoint 
    set
        description=? 
    where
        id=?
14:11:19,179 DEBUG SQL:104 - 
    update
        DataPoint 
    set
        description=? 
    where
        id=?
14:11:19,180 DEBUG SQL:104 - 
    update
        DataPoint 
    set
        description=? 
    where
        id=?
14:11:19,180 DEBUG SQL:104 - 
    update
        DataPoint 
    set
        description=? 
    where
        id=?
14:11:19,180 DEBUG SQL:104 - 
    update
        DataPoint 
    set
        description=? 
    where
        id=?
14:11:19,199 DEBUG SQL:104 - 
    update
        DataPoint 
    set
        description=? 
    where
        id=?
14:11:19,199 DEBUG SQL:104 - 
    update
        DataPoint 
    set
        description=? 
    where
        id=?
14:11:19,199 DEBUG SQL:104 - 
    update
        DataPoint 
    set
        description=? 
    where
        id=?
14:11:19,199 DEBUG SQL:104 - 
    update
        DataPoint 
    set
        description=? 
    where
        id=?
14:11:19,199 DEBUG SQL:104 - 
    update
        DataPoint 
    set
        description=? 
    where
        id=?
14:11:19,200 DEBUG SQL:104 - 
    update
        DataPoint 
    set
        description=? 
    where
        id=?
14:11:19,200 DEBUG SQL:104 - 
    update
        DataPoint 
    set
        description=? 
    where
        id=?
14:11:19,200 DEBUG SQL:104 - 
    update
        DataPoint 
    set
        description=? 
    where
        id=?
14:11:19,200 DEBUG SQL:104 - 
    update
        DataPoint 
    set
        description=? 
    where
        id=?
14:11:19,209 DEBUG SQL:104 - 
    update
        DataPoint 
    set
        description=? 
    where
        id=?
14:11:19,209 DEBUG SQL:104 - 
    update
        DataPoint 
    set
        description=? 
    where
        id=?
14:11:19,209 DEBUG SQL:104 - 
    update
        DataPoint 
    set
        description=? 
    where
        id=?
14:11:19,209 DEBUG SQL:104 - 
    update
        DataPoint 
    set
        description=? 
    where
        id=?
14:11:19,210 DEBUG SQL:104 - 
    update
        DataPoint 
    set
        description=? 
    where
        id=?
14:11:19,219 DEBUG SQL:104 - 
    update
        DataPoint 
    set
        description=? 
    where
        id=?
14:11:19,219 DEBUG SQL:104 - 
    update
        DataPoint 
    set
        description=? 
    where
        id=?
14:11:19,222 DEBUG SQL:104 - 
    update
        DataPoint 
    set
        description=? 
    where
        id=?
14:11:19,222 DEBUG SQL:104 - 
    update
        DataPoint 
    set
        description=? 
    where
        id=?
14:11:19,223 DEBUG SQL:104 - 
    update
        DataPoint 
    set
        description=? 
    where
        id=?
14:11:19,223 DEBUG SQL:104 - 
    update
        DataPoint 
    set
        description=? 
    where
        id=?
14:11:19,244 DEBUG SQL:104 - 
    update
        DataPoint 
    set
        description=? 
    where
        id=?
14:11:19,244 DEBUG SQL:104 - 
    update
        DataPoint 
    set
        description=? 
    where
        id=?
14:11:19,244 DEBUG SQL:104 - 
    update
        DataPoint 
    set
        description=? 
    where
        id=?
14:11:19,244 DEBUG SQL:104 - 
    update
        DataPoint 
    set
        description=? 
    where
        id=?
14:11:19,254 DEBUG SQL:104 - 
    update
        DataPoint 
    set
        description=? 
    where
        id=?
14:11:19,255 DEBUG SQL:104 - 
    update
        DataPoint 
    set
        description=? 
    where
        id=?
14:11:19,255 DEBUG SQL:104 - 
    update
        DataPoint 
    set
        description=? 
    where
        id=?
14:11:19,255 DEBUG SQL:104 - 
    update
        DataPoint 
    set
        description=? 
    where
        id=?
14:11:19,255 DEBUG SQL:104 - 
    update
        DataPoint 
    set
        description=? 
    where
        id=?
14:11:19,265 DEBUG SQL:104 - 
    update
        DataPoint 
    set
        description=? 
    where
        id=?
14:11:19,265 DEBUG SQL:104 - 
    update
        DataPoint 
    set
        description=? 
    where
        id=?
14:11:19,265 DEBUG SQL:104 - 
    update
        DataPoint 
    set
        description=? 
    where
        id=?
14:11:19,265 DEBUG SQL:104 - 
    update
        DataPoint 
    set
        description=? 
    where
        id=?
14:11:19,277 DEBUG SQL:104 - 
    update
        DataPoint 
    set
        description=? 
    where
        id=?
14:11:19,277 DEBUG SQL:104 - 
    update
        DataPoint 
    set
        description=? 
    where
        id=?
14:11:19,278 DEBUG SQL:104 - 
    update
        DataPoint 
    set
        description=? 
    where
        id=?
14:11:19,281 DEBUG SQL:104 - 
    update
        DataPoint 
    set
        description=? 
    where
        id=?
14:11:19,281 DEBUG SQL:104 - 
    update
        DataPoint 
    set
        description=? 
    where
        id=?
14:11:19,301 DEBUG SQL:104 - 
    update
        DataPoint 
    set
        description=? 
    where
        id=?
14:11:19,301 DEBUG SQL:104 - 
    update
        DataPoint 
    set
        description=? 
    where
        id=?
14:11:19,301 DEBUG SQL:104 - 
    update
        DataPoint 
    set
        description=? 
    where
        id=?
14:11:19,301 DEBUG SQL:104 - 
    update
        DataPoint 
    set
        description=? 
    where
        id=?
14:11:19,321 DEBUG SQL:104 - 
    update
        DataPoint 
    set
        description=? 
    where
        id=?
14:11:19,321 DEBUG SQL:104 - 
    update
        DataPoint 
    set
        description=? 
    where
        id=?
14:11:19,321 DEBUG SQL:104 - 
    update
        DataPoint 
    set
        description=? 
    where
        id=?
14:11:19,321 DEBUG SQL:104 - 
    update
        DataPoint 
    set
        description=? 
    where
        id=?
14:11:19,321 DEBUG SQL:104 - 
    update
        DataPoint 
    set
        description=? 
    where
        id=?
14:11:19,322 DEBUG SQL:104 - 
    update
        DataPoint 
    set
        description=? 
    where
        id=?
14:11:19,322 DEBUG SQL:104 - 
    update
        DataPoint 
    set
        description=? 
    where
        id=?
14:11:19,322 DEBUG SQL:104 - 
    update
        DataPoint 
    set
        description=? 
    where
        id=?
14:11:19,322 DEBUG SQL:104 - 
    update
        DataPoint 
    set
        description=? 
    where
        id=?
14:11:19,333 DEBUG SQL:104 - 
    update
        DataPoint 
    set
        description=? 
    where
        id=?
14:11:19,333 DEBUG SQL:104 - 
    update
        DataPoint 
    set
        description=? 
    where
        id=?
14:11:19,333 DEBUG SQL:104 - 
    update
        DataPoint 
    set
        description=? 
    where
        id=?
14:11:19,333 DEBUG SQL:104 - 
    update
        DataPoint 
    set
        description=? 
    where
        id=?
14:11:19,347 DEBUG SQL:104 - 
    update
        DataPoint 
    set
        description=? 
    where
        id=?
14:11:19,350 DEBUG SQL:104 - 
    update
        DataPoint 
    set
        description=? 
    where
        id=?
14:11:19,350 DEBUG SQL:104 - 
    update
        DataPoint 
    set
        description=? 
    where
        id=?
14:11:19,350 DEBUG SQL:104 - 
    update
        DataPoint 
    set
        description=? 
    where
        id=?
14:11:19,350 DEBUG SQL:104 - 
    update
        DataPoint 
    set
        description=? 
    where
        id=?
14:11:19,350 DEBUG SQL:104 - 
    update
        DataPoint 
    set
        description=? 
    where
        id=?
14:11:19,350 DEBUG SQL:104 - 
    update
        DataPoint 
    set
        description=? 
    where
        id=?
14:11:19,377 DEBUG SQL:104 - 
    update
        DataPoint 
    set
        description=? 
    where
        id=?
14:11:19,378 DEBUG SQL:104 - 
    update
        DataPoint 
    set
        description=? 
    where
        id=?
14:11:19,378 DEBUG SQL:104 - 
    update
        DataPoint 
    set
        description=? 
    where
        id=?
14:11:19,378 DEBUG SQL:104 - 
    update
        DataPoint 
    set
        description=? 
    where
        id=?
14:11:19,402 DEBUG SQL:104 - 
    update
        DataPoint 
    set
        description=? 
    where
        id=?
14:11:19,403 DEBUG SQL:104 - 
    update
        DataPoint 
    set
        description=? 
    where
        id=?
14:11:19,403 DEBUG SQL:104 - 
    update
        DataPoint 
    set
        description=? 
    where
        id=?
14:11:19,403 DEBUG SQL:104 - 
    update
        DataPoint 
    set
        description=? 
    where
        id=?
14:11:19,403 DEBUG SQL:104 - 
    update
        DataPoint 
    set
        description=? 
    where
        id=?
14:11:19,403 DEBUG SQL:104 - 
    update
        DataPoint 
    set
        description=? 
    where
        id=?
14:11:19,403 DEBUG SQL:104 - 
    update
        DataPoint 
    set
        description=? 
    where
        id=?
14:11:19,404 DEBUG SQL:104 - 
    update
        DataPoint 
    set
        description=? 
    where
        id=?
14:11:19,404 DEBUG SQL:104 - 
    update
        DataPoint 
    set
        description=? 
    where
        id=?
14:11:19,404 DEBUG SQL:104 - 
    update
        DataPoint 
    set
        description=? 
    where
        id=?
14:11:19,406 DEBUG SQL:104 - 
    update
        DataPoint 
    set
        description=? 
    where
        id=?
14:11:19,426 DEBUG SQL:104 - 
    update
        DataPoint 
    set
        description=? 
    where
        id=?
14:11:19,427 DEBUG SQL:104 - 
    update
        DataPoint 
    set
        description=? 
    where
        id=?
14:11:19,427 DEBUG SQL:104 - 
    update
        DataPoint 
    set
        description=? 
    where
        id=?
14:11:19,427 DEBUG SQL:104 - 
    update
        DataPoint 
    set
        description=? 
    where
        id=?
14:11:19,453 DEBUG SQL:104 - 
    update
        DataPoint 
    set
        description=? 
    where
        id=?
14:11:19,453 DEBUG SQL:104 - 
    update
        DataPoint 
    set
        description=? 
    where
        id=?
14:11:19,453 DEBUG SQL:104 - 
    update
        DataPoint 
    set
        description=? 
    where
        id=?
14:11:19,453 DEBUG SQL:104 - 
    update
        DataPoint 
    set
        description=? 
    where
        id=?
14:11:19,453 DEBUG SQL:104 - 
    update
        DataPoint 
    set
        description=? 
    where
        id=?
14:11:19,453 DEBUG SQL:104 - 
    update
        DataPoint 
    set
        description=? 
    where
        id=?
14:11:19,453 DEBUG SQL:104 - 
    update
        DataPoint 
    set
        description=? 
    where
        id=?
14:11:19,454 DEBUG SQL:104 - 
    update
        DataPoint 
    set
        description=? 
    where
        id=?
14:11:19,454 DEBUG SQL:104 - 
    update
        DataPoint 
    set
        description=? 
    where
        id=?
14:11:19,454 DEBUG SQL:104 - 
    update
        DataPoint 
    set
        description=? 
    where
        id=?
14:11:19,454 DEBUG SQL:104 - 
    update
        DataPoint 
    set
        description=? 
    where
        id=?
14:11:19,455 DEBUG SQL:104 - 
    update
        DataPoint 
    set
        description=? 
    where
        id=?
14:11:19,455 DEBUG SQL:104 - 
    update
        DataPoint 
    set
        description=? 
    where
        id=?
14:11:19,455 DEBUG SQL:104 - 
    update
        DataPoint 
    set
        description=? 
    where
        id=?
14:11:19,465 DEBUG SQL:104 - 
    update
        DataPoint 
    set
        description=? 
    where
        id=?
14:11:19,467 DEBUG SQL:104 - 
    update
        DataPoint 
    set
        description=? 
    where
        id=?
14:11:19,468 DEBUG SQL:104 - 
    update
        DataPoint 
    set
        description=? 
    where
        id=?
14:11:19,468 DEBUG SQL:104 - 
    update
        DataPoint 
    set
        description=? 
    where
        id=?
14:11:19,468 DEBUG SQL:104 - 
    update
        DataPoint 
    set
        description=? 
    where
        id=?
14:11:19,563 DEBUG SQL:104 - 
    update
        DataPoint 
    set
        description=? 
    where
        id=?
14:11:19,564 DEBUG SQL:104 - 
    update
        DataPoint 
    set
        description=? 
    where
        id=?
14:11:19,564 DEBUG SQL:104 - 
    update
        DataPoint 
    set
        description=? 
    where
        id=?
14:11:19,564 DEBUG SQL:104 - 
    update
        DataPoint 
    set
        description=? 
    where
        id=?
14:11:19,585 DEBUG SQL:104 - 
    update
        DataPoint 
    set
        description=? 
    where
        id=?
14:11:19,585 DEBUG SQL:104 - 
    update
        DataPoint 
    set
        description=? 
    where
        id=?
14:11:19,585 DEBUG SQL:104 - 
    update
        DataPoint 
    set
        description=? 
    where
        id=?
14:11:19,585 DEBUG SQL:104 - 
    update
        DataPoint 
    set
        description=? 
    where
        id=?
14:11:19,585 DEBUG SQL:104 - 
    update
        DataPoint 
    set
        description=? 
    where
        id=?
14:11:19,585 DEBUG SQL:104 - 
    update
        DataPoint 
    set
        description=? 
    where
        id=?
14:11:19,586 DEBUG SQL:104 - 
    update
        DataPoint 
    set
        description=? 
    where
        id=?
14:11:19,607 DEBUG SQL:104 - 
    update
        DataPoint 
    set
        description=? 
    where
        id=?
14:11:19,607 DEBUG SQL:104 - 
    update
        DataPoint 
    set
        description=? 
    where
        id=?
14:11:19,607 DEBUG SQL:104 - 
    update
        DataPoint 
    set
        description=? 
    where
        id=?
14:11:19,608 DEBUG SQL:104 - 
    update
        DataPoint 
    set
        description=? 
    where
        id=?
14:11:19,620 DEBUG SQL:104 - 
    update
        DataPoint 
    set
        description=? 
    where
        id=?
14:11:19,622 DEBUG SQL:104 - 
    update
        DataPoint 
    set
        description=? 
    where
        id=?
14:11:19,623 DEBUG SQL:104 - 
    update
        DataPoint 
    set
        description=? 
    where
        id=?
14:11:19,623 DEBUG SQL:104 - 
    update
        DataPoint 
    set
        description=? 
    where
        id=?
14:11:19,648 DEBUG SQL:104 - 
    update
        DataPoint 
    set
        description=? 
    where
        id=?
14:11:19,648 DEBUG SQL:104 - 
    update
        DataPoint 
    set
        description=? 
    where
        id=?
14:11:19,648 DEBUG SQL:104 - 
    update
        DataPoint 
    set
        description=? 
    where
        id=?
14:11:19,658 DEBUG SQL:104 - 
    update
        DataPoint 
    set
        description=? 
    where
        id=?
14:11:19,658 DEBUG SQL:104 - 
    update
        DataPoint 
    set
        description=? 
    where
        id=?
14:11:19,658 DEBUG SQL:104 - 
    update
        DataPoint 
    set
        description=? 
    where
        id=?
14:11:19,658 DEBUG SQL:104 - 
    update
        DataPoint 
    set
        description=? 
    where
        id=?
14:11:19,670 DEBUG SQL:104 - 
    update
        DataPoint 
    set
        description=? 
    where
        id=?
14:11:19,671 DEBUG SQL:104 - 
    update
        DataPoint 
    set
        description=? 
    where
        id=?
14:11:19,671 DEBUG SQL:104 - 
    update
        DataPoint 
    set
        description=? 
    where
        id=?
14:11:19,671 DEBUG SQL:104 - 
    update
        DataPoint 
    set
        description=? 
    where
        id=?
14:11:19,684 DEBUG SQL:104 - 
    update
        DataPoint 
    set
        description=? 
    where
        id=?
14:11:19,684 DEBUG SQL:104 - 
    update
        DataPoint 
    set
        description=? 
    where
        id=?
14:11:19,684 DEBUG SQL:104 - 
    update
        DataPoint 
    set
        description=? 
    where
        id=?
14:11:19,684 DEBUG SQL:104 - 
    update
        DataPoint 
    set
        description=? 
    where
        id=?
14:11:19,685 DEBUG SQL:104 - 
    update
        DataPoint 
    set
        description=? 
    where
        id=?
14:11:19,697 DEBUG SQL:104 - 
    update
        DataPoint 
    set
        description=? 
    where
        id=?
14:11:19,699 DEBUG SQL:104 - 
    update
        DataPoint 
    set
        description=? 
    where
        id=?
14:11:19,700 DEBUG SQL:104 - 
    update
        DataPoint 
    set
        description=? 
    where
        id=?
14:11:19,700 DEBUG SQL:104 - 
    update
        DataPoint 
    set
        description=? 
    where
        id=?
14:11:19,714 DEBUG SQL:104 - 
    update
        DataPoint 
    set
        description=? 
    where
        id=?
14:11:19,714 DEBUG SQL:104 - 
    update
        DataPoint 
    set
        description=? 
    where
        id=?
14:11:19,714 DEBUG SQL:104 - 
    update
        DataPoint 
    set
        description=? 
    where
        id=?
14:11:19,714 DEBUG SQL:104 - 
    update
        DataPoint 
    set
        description=? 
    where
        id=?
14:11:19,715 DEBUG SQL:104 - 
    update
        DataPoint 
    set
        description=? 
    where
        id=?
14:11:19,715 DEBUG SQL:104 - 
    update
        DataPoint 
    set
        description=? 
    where
        id=?
14:11:19,715 DEBUG SQL:104 - 
    update
        DataPoint 
    set
        description=? 
    where
        id=?
14:11:19,715 DEBUG SQL:104 - 
    update
        DataPoint 
    set
        description=? 
    where
        id=?
14:11:19,715 DEBUG SQL:104 - 
    update
        DataPoint 
    set
        description=? 
    where
        id=?
14:11:19,731 DEBUG SQL:104 - 
    update
        DataPoint 
    set
        description=? 
    where
        id=?
14:11:19,732 DEBUG SQL:104 - 
    update
        DataPoint 
    set
        description=? 
    where
        id=?
14:11:19,732 DEBUG SQL:104 - 
    update
        DataPoint 
    set
        description=? 
    where
        id=?
14:11:19,732 DEBUG SQL:104 - 
    update
        DataPoint 
    set
        description=? 
    where
        id=?
14:11:19,745 DEBUG SQL:104 - 
    update
        DataPoint 
    set
        description=? 
    where
        id=?
14:11:19,745 DEBUG SQL:104 - 
    update
        DataPoint 
    set
        description=? 
    where
        id=?
14:11:19,746 DEBUG SQL:104 - 
    update
        DataPoint 
    set
        description=? 
    where
        id=?
14:11:19,746 DEBUG SQL:104 - 
    update
        DataPoint 
    set
        description=? 
    where
        id=?
14:11:19,748 DEBUG SQL:104 - 
    update
        DataPoint 
    set
        description=? 
    where
        id=?
14:11:19,760 DEBUG SQL:104 - 
    update
        DataPoint 
    set
        description=? 
    where
        id=?
14:11:19,760 DEBUG SQL:104 - 
    update
        DataPoint 
    set
        description=? 
    where
        id=?
14:11:19,771 DEBUG SQL:104 - 
    update
        DataPoint 
    set
        description=? 
    where
        id=?
14:11:19,772 DEBUG SQL:104 - 
    update
        DataPoint 
    set
        description=? 
    where
        id=?
14:11:19,772 DEBUG SQL:104 - 
    update
        DataPoint 
    set
        description=? 
    where
        id=?
14:11:19,772 DEBUG SQL:104 - 
    update
        DataPoint 
    set
        description=? 
    where
        id=?
14:11:19,783 DEBUG SQL:104 - 
    update
        DataPoint 
    set
        description=? 
    where
        id=?
14:11:19,784 DEBUG SQL:104 - 
    update
        DataPoint 
    set
        description=? 
    where
        id=?
14:11:19,784 DEBUG SQL:104 - 
    update
        DataPoint 
    set
        description=? 
    where
        id=?
14:11:19,784 DEBUG SQL:104 - 
    update
        DataPoint 
    set
        description=? 
    where
        id=?
14:11:19,794 DEBUG SQL:104 - 
    update
        DataPoint 
    set
        description=? 
    where
        id=?
14:11:19,795 DEBUG SQL:104 - 
    update
        DataPoint 
    set
        description=? 
    where
        id=?
14:11:19,795 DEBUG SQL:104 - 
    update
        DataPoint 
    set
        description=? 
    where
        id=?
14:11:19,795 DEBUG SQL:104 - 
    update
        DataPoint 
    set
        description=? 
    where
        id=?
14:11:19,795 DEBUG SQL:104 - 
    update
        DataPoint 
    set
        description=? 
    where
        id=?
14:11:19,808 DEBUG SQL:104 - 
    update
        DataPoint 
    set
        description=? 
    where
        id=?
14:11:19,808 DEBUG SQL:104 - 
    update
        DataPoint 
    set
        description=? 
    where
        id=?
14:11:19,808 DEBUG SQL:104 - 
    update
        DataPoint 
    set
        description=? 
    where
        id=?
14:11:19,809 DEBUG SQL:104 - 
    update
        DataPoint 
    set
        description=? 
    where
        id=?
14:11:19,824 DEBUG SQL:104 - 
    update
        DataPoint 
    set
        description=? 
    where
        id=?
14:11:19,824 DEBUG SQL:104 - 
    update
        DataPoint 
    set
        description=? 
    where
        id=?
14:11:19,824 DEBUG SQL:104 - 
    update
        DataPoint 
    set
        description=? 
    where
        id=?
14:11:19,824 DEBUG SQL:104 - 
    update
        DataPoint 
    set
        description=? 
    where
        id=?
14:11:19,825 DEBUG SQL:104 - 
    update
        DataPoint 
    set
        description=? 
    where
        id=?
14:11:19,841 DEBUG SQL:104 - 
    update
        DataPoint 
    set
        description=? 
    where
        id=?
14:11:19,841 DEBUG SQL:104 - 
    update
        DataPoint 
    set
        description=? 
    where
        id=?
14:11:19,841 DEBUG SQL:104 - 
    update
        DataPoint 
    set
        description=? 
    where
        id=?
14:11:19,841 DEBUG SQL:104 - 
    update
        DataPoint 
    set
        description=? 
    where
        id=?
14:11:19,841 DEBUG SQL:104 - 
    update
        DataPoint 
    set
        description=? 
    where
        id=?
14:11:19,841 DEBUG SQL:104 - 
    update
        DataPoint 
    set
        description=? 
    where
        id=?
14:11:19,842 DEBUG SQL:104 - 
    update
        DataPoint 
    set
        description=? 
    where
        id=?
14:11:19,842 DEBUG SQL:104 - 
    update
        DataPoint 
    set
        description=? 
    where
        id=?
14:11:19,856 DEBUG SQL:104 - 
    update
        DataPoint 
    set
        description=? 
    where
        id=?
14:11:19,857 DEBUG SQL:104 - 
    update
        DataPoint 
    set
        description=? 
    where
        id=?
14:11:19,857 DEBUG SQL:104 - 
    update
        DataPoint 
    set
        description=? 
    where
        id=?
14:11:19,857 DEBUG SQL:104 - 
    update
        DataPoint 
    set
        description=? 
    where
        id=?
14:11:19,857 DEBUG SQL:104 - 
    update
        DataPoint 
    set
        description=? 
    where
        id=?
14:11:19,870 DEBUG SQL:104 - 
    update
        DataPoint 
    set
        description=? 
    where
        id=?
14:11:19,871 DEBUG SQL:104 - 
    update
        DataPoint 
    set
        description=? 
    where
        id=?
14:11:19,873 DEBUG SQL:104 - 
    update
        DataPoint 
    set
        description=? 
    where
        id=?
14:11:19,873 DEBUG SQL:104 - 
    update
        DataPoint 
    set
        description=? 
    where
        id=?
14:11:19,883 DEBUG SQL:104 - 
    update
        DataPoint 
    set
        description=? 
    where
        id=?
14:11:19,883 DEBUG SQL:104 - 
    update
        DataPoint 
    set
        description=? 
    where
        id=?
14:11:19,902 DEBUG SQL:104 - 
    update
        DataPoint 
    set
        description=? 
    where
        id=?
14:11:19,902 DEBUG SQL:104 - 
    update
        DataPoint 
    set
        description=? 
    where
        id=?
14:11:19,902 DEBUG SQL:104 - 
    update
        DataPoint 
    set
        description=? 
    where
        id=?
14:11:19,902 DEBUG SQL:104 - 
    update
        DataPoint 
    set
        description=? 
    where
        id=?
14:11:19,902 DEBUG SQL:104 - 
    update
        DataPoint 
    set
        description=? 
    where
        id=?
14:11:19,906 DEBUG SQL:104 - 
    update
        DataPoint 
    set
        description=? 
    where
        id=?
14:11:19,907 DEBUG SQL:104 - 
    update
        DataPoint 
    set
        description=? 
    where
        id=?
14:11:19,907 DEBUG SQL:104 - 
    update
        DataPoint 
    set
        description=? 
    where
        id=?
14:11:19,907 DEBUG SQL:104 - 
    update
        DataPoint 
    set
        description=? 
    where
        id=?
14:11:19,920 DEBUG SQL:104 - 
    update
        DataPoint 
    set
        description=? 
    where
        id=?
14:11:19,924 DEBUG SQL:104 - 
    update
        DataPoint 
    set
        description=? 
    where
        id=?
14:11:19,924 DEBUG SQL:104 - 
    update
        DataPoint 
    set
        description=? 
    where
        id=?
14:11:19,924 DEBUG SQL:104 - 
    update
        DataPoint 
    set
        description=? 
    where
        id=?
14:11:19,936 DEBUG SQL:104 - 
    update
        DataPoint 
    set
        description=? 
    where
        id=?
14:11:19,936 DEBUG SQL:104 - 
    update
        DataPoint 
    set
        description=? 
    where
        id=?
14:11:19,937 DEBUG SQL:104 - 
    update
        DataPoint 
    set
        description=? 
    where
        id=?
14:11:19,939 DEBUG SQL:104 - 
    update
        DataPoint 
    set
        description=? 
    where
        id=?
14:11:19,939 DEBUG SQL:104 - 
    update
        DataPoint 
    set
        description=? 
    where
        id=?
14:11:19,960 DEBUG SQL:104 - 
    update
        DataPoint 
    set
        description=? 
    where
        id=?
14:11:19,960 DEBUG SQL:104 - 
    update
        DataPoint 
    set
        description=? 
    where
        id=?
14:11:19,961 DEBUG SQL:104 - 
    update
        DataPoint 
    set
        description=? 
    where
        id=?
14:11:19,961 DEBUG SQL:104 - 
    update
        DataPoint 
    set
        description=? 
    where
        id=?
14:11:19,968 DEBUG SQL:104 - 
    update
        DataPoint 
    set
        description=? 
    where
        id=?
14:11:19,969 DEBUG SQL:104 - 
    update
        DataPoint 
    set
        description=? 
    where
        id=?
14:11:19,969 DEBUG SQL:104 - 
    update
        DataPoint 
    set
        description=? 
    where
        id=?
14:11:19,969 DEBUG SQL:104 - 
    update
        DataPoint 
    set
        description=? 
    where
        id=?
14:11:19,970 DEBUG SQL:104 - 
    update
        DataPoint 
    set
        description=? 
    where
        id=?
14:11:19,970 DEBUG SQL:104 - 
    update
        DataPoint 
    set
        description=? 
    where
        id=?
14:11:19,970 DEBUG SQL:104 - 
    update
        DataPoint 
    set
        description=? 
    where
        id=?
14:11:19,970 DEBUG SQL:104 - 
    update
        DataPoint 
    set
        description=? 
    where
        id=?
14:11:19,970 DEBUG SQL:104 - 
    update
        DataPoint 
    set
        description=? 
    where
        id=?
14:11:19,981 DEBUG SQL:104 - 
    update
        DataPoint 
    set
        description=? 
    where
        id=?
14:11:19,981 DEBUG SQL:104 - 
    update
        DataPoint 
    set
        description=? 
    where
        id=?
14:11:19,981 DEBUG SQL:104 - 
    update
        DataPoint 
    set
        description=? 
    where
        id=?
14:11:19,982 DEBUG SQL:104 - 
    update
        DataPoint 
    set
        description=? 
    where
        id=?
14:11:19,993 DEBUG SQL:104 - 
    update
        DataPoint 
    set
        description=? 
    where
        id=?
14:11:19,996 DEBUG SQL:104 - 
    update
        DataPoint 
    set
        description=? 
    where
        id=?
14:11:19,996 DEBUG SQL:104 - 
    update
        DataPoint 
    set
        description=? 
    where
        id=?
14:11:19,996 DEBUG SQL:104 - 
    update
        DataPoint 
    set
        description=? 
    where
        id=?
14:11:19,996 DEBUG SQL:104 - 
    update
        DataPoint 
    set
        description=? 
    where
        id=?
14:11:20,011 DEBUG SQL:104 - 
    update
        DataPoint 
    set
        description=? 
    where
        id=?
14:11:20,012 DEBUG SQL:104 - 
    update
        DataPoint 
    set
        description=? 
    where
        id=?
14:11:20,035 DEBUG SQL:104 - 
    update
        DataPoint 
    set
        description=? 
    where
        id=?
14:11:20,050 DEBUG SQL:104 - 
    update
        DataPoint 
    set
        description=? 
    where
        id=?
14:11:20,051 DEBUG SQL:104 - 
    update
        DataPoint 
    set
        description=? 
    where
        id=?
14:11:20,051 DEBUG SQL:104 - 
    update
        DataPoint 
    set
        description=? 
    where
        id=?
14:11:20,051 DEBUG SQL:104 - 
    update
        DataPoint 
    set
        description=? 
    where
        id=?
14:11:20,051 DEBUG SQL:104 - 
    update
        DataPoint 
    set
        description=? 
    where
        id=?
14:11:20,051 DEBUG SQL:104 - 
    update
        DataPoint 
    set
        description=? 
    where
        id=?
14:11:20,051 DEBUG SQL:104 - 
    update
        DataPoint 
    set
        description=? 
    where
        id=?
14:11:20,052 DEBUG SQL:104 - 
    update
        DataPoint 
    set
        description=? 
    where
        id=?
14:11:20,052 DEBUG SQL:104 - 
    update
        DataPoint 
    set
        description=? 
    where
        id=?
14:11:20,052 DEBUG SQL:104 - 
    update
        DataPoint 
    set
        description=? 
    where
        id=?
14:11:20,052 DEBUG SQL:104 - 
    update
        DataPoint 
    set
        description=? 
    where
        id=?
14:11:20,052 DEBUG SQL:104 - 
    update
        DataPoint 
    set
        description=? 
    where
        id=?
14:11:20,052 DEBUG SQL:104 - 
    update
        DataPoint 
    set
        description=? 
    where
        id=?
14:11:20,058 DEBUG SQL:104 - 
    update
        DataPoint 
    set
        description=? 
    where
        id=?
14:11:20,058 DEBUG SQL:104 - 
    update
        DataPoint 
    set
        description=? 
    where
        id=?
14:11:20,058 DEBUG SQL:104 - 
    update
        DataPoint 
    set
        description=? 
    where
        id=?
14:11:20,058 DEBUG SQL:104 - 
    update
        DataPoint 
    set
        description=? 
    where
        id=?
14:11:20,102 DEBUG SQL:104 - 
    update
        DataPoint 
    set
        description=? 
    where
        id=?
14:11:20,102 DEBUG SQL:104 - 
    update
        DataPoint 
    set
        description=? 
    where
        id=?
14:11:20,102 DEBUG SQL:104 - 
    update
        DataPoint 
    set
        description=? 
    where
        id=?
14:11:20,102 DEBUG SQL:104 - 
    update
        DataPoint 
    set
        description=? 
    where
        id=?
14:11:20,102 DEBUG SQL:104 - 
    update
        DataPoint 
    set
        description=? 
    where
        id=?
14:11:20,116 DEBUG SQL:104 - 
    update
        DataPoint 
    set
        description=? 
    where
        id=?
14:11:20,116 DEBUG SQL:104 - 
    update
        DataPoint 
    set
        description=? 
    where
        id=?
14:11:20,116 DEBUG SQL:104 - 
    update
        DataPoint 
    set
        description=? 
    where
        id=?
14:11:20,116 DEBUG SQL:104 - 
    update
        DataPoint 
    set
        description=? 
    where
        id=?
14:11:20,130 DEBUG SQL:104 - 
    update
        DataPoint 
    set
        description=? 
    where
        id=?
14:11:20,130 DEBUG SQL:104 - 
    update
        DataPoint 
    set
        description=? 
    where
        id=?
14:11:20,130 DEBUG SQL:104 - 
    update
        DataPoint 
    set
        description=? 
    where
        id=?
14:11:20,131 DEBUG SQL:104 - 
    update
        DataPoint 
    set
        description=? 
    where
        id=?
14:11:20,131 DEBUG SQL:104 - 
    update
        DataPoint 
    set
        description=? 
    where
        id=?
14:11:20,131 DEBUG SQL:104 - 
    update
        DataPoint 
    set
        description=? 
    where
        id=?
14:11:20,157 DEBUG SQL:104 - 
    update
        DataPoint 
    set
        description=? 
    where
        id=?
14:11:20,159 DEBUG SQL:104 - 
    update
        DataPoint 
    set
        description=? 
    where
        id=?
14:11:20,159 DEBUG SQL:104 - 
    update
        DataPoint 
    set
        description=? 
    where
        id=?
14:11:20,160 DEBUG SQL:104 - 
    update
        DataPoint 
    set
        description=? 
    where
        id=?
14:11:20,160 DEBUG SQL:104 - 
    update
        DataPoint 
    set
        description=? 
    where
        id=?
14:11:20,174 DEBUG SQL:104 - 
    update
        DataPoint 
    set
        description=? 
    where
        id=?
14:11:20,174 DEBUG SQL:104 - 
    update
        DataPoint 
    set
        description=? 
    where
        id=?
14:11:20,174 DEBUG SQL:104 - 
    update
        DataPoint 
    set
        description=? 
    where
        id=?
14:11:20,174 DEBUG SQL:104 - 
    update
        DataPoint 
    set
        description=? 
    where
        id=?
14:11:20,187 DEBUG SQL:104 - 
    update
        DataPoint 
    set
        description=? 
    where
        id=?
14:11:20,187 DEBUG SQL:104 - 
    update
        DataPoint 
    set
        description=? 
    where
        id=?
14:11:20,187 DEBUG SQL:104 - 
    update
        DataPoint 
    set
        description=? 
    where
        id=?
14:11:20,187 DEBUG SQL:104 - 
    update
        DataPoint 
    set
        description=? 
    where
        id=?
14:11:20,188 DEBUG SQL:104 - 
    update
        DataPoint 
    set
        description=? 
    where
        id=?
14:11:20,217 DEBUG SQL:104 - 
    update
        DataPoint 
    set
        description=? 
    where
        id=?
14:11:20,218 DEBUG SQL:104 - 
    update
        DataPoint 
    set
        description=? 
    where
        id=?
14:11:20,218 DEBUG SQL:104 - 
    update
        DataPoint 
    set
        description=? 
    where
        id=?
14:11:20,218 DEBUG SQL:104 - 
    update
        DataPoint 
    set
        description=? 
    where
        id=?
14:11:20,230 DEBUG SQL:104 - 
    update
        DataPoint 
    set
        description=? 
    where
        id=?
14:11:20,230 DEBUG SQL:104 - 
    update
        DataPoint 
    set
        description=? 
    where
        id=?
14:11:20,230 DEBUG SQL:104 - 
    update
        DataPoint 
    set
        description=? 
    where
        id=?
14:11:20,247 DEBUG SQL:104 - 
    update
        DataPoint 
    set
        description=? 
    where
        id=?
14:11:20,248 DEBUG SQL:104 - 
    update
        DataPoint 
    set
        description=? 
    where
        id=?
14:11:20,248 DEBUG SQL:104 - 
    update
        DataPoint 
    set
        description=? 
    where
        id=?
14:11:20,248 DEBUG SQL:104 - 
    update
        DataPoint 
    set
        description=? 
    where
        id=?
14:11:20,248 DEBUG SQL:104 - 
    update
        DataPoint 
    set
        description=? 
    where
        id=?
14:11:20,248 DEBUG SQL:104 - 
    update
        DataPoint 
    set
        description=? 
    where
        id=?
14:11:20,248 DEBUG SQL:104 - 
    update
        DataPoint 
    set
        description=? 
    where
        id=?
14:11:20,248 DEBUG SQL:104 - 
    update
        DataPoint 
    set
        description=? 
    where
        id=?
14:11:20,249 DEBUG SQL:104 - 
    update
        DataPoint 
    set
        description=? 
    where
        id=?
14:11:20,249 DEBUG SQL:104 - 
    update
        DataPoint 
    set
        description=? 
    where
        id=?
14:11:20,258 DEBUG SQL:104 - 
    update
        DataPoint 
    set
        description=? 
    where
        id=?
14:11:20,258 DEBUG SQL:104 - 
    update
        DataPoint 
    set
        description=? 
    where
        id=?
14:11:20,258 DEBUG SQL:104 - 
    update
        DataPoint 
    set
        description=? 
    where
        id=?
14:11:20,258 DEBUG SQL:104 - 
    update
        DataPoint 
    set
        description=? 
    where
        id=?
14:11:20,258 DEBUG SQL:104 - 
    update
        DataPoint 
    set
        description=? 
    where
        id=?
14:11:20,258 DEBUG SQL:104 - 
    update
        DataPoint 
    set
        description=? 
    where
        id=?
14:11:20,259 DEBUG SQL:104 - 
    update
        DataPoint 
    set
        description=? 
    where
        id=?
14:11:20,278 DEBUG SQL:104 - 
    update
        DataPoint 
    set
        description=? 
    where
        id=?
14:11:20,278 DEBUG SQL:104 - 
    update
        DataPoint 
    set
        description=? 
    where
        id=?
14:11:20,278 DEBUG SQL:104 - 
    update
        DataPoint 
    set
        description=? 
    where
        id=?
14:11:20,281 DEBUG SQL:104 - 
    update
        DataPoint 
    set
        description=? 
    where
        id=?
14:11:20,298 DEBUG SQL:104 - 
    update
        DataPoint 
    set
        description=? 
    where
        id=?
14:11:20,298 DEBUG SQL:104 - 
    update
        DataPoint 
    set
        description=? 
    where
        id=?
14:11:20,298 DEBUG SQL:104 - 
    update
        DataPoint 
    set
        description=? 
    where
        id=?
14:11:20,298 DEBUG SQL:104 - 
    update
        DataPoint 
    set
        description=? 
    where
        id=?
14:11:20,299 DEBUG SQL:104 - 
    update
        DataPoint 
    set
        description=? 
    where
        id=?
14:11:20,299 DEBUG SQL:104 - 
    update
        DataPoint 
    set
        description=? 
    where
        id=?
14:11:20,299 DEBUG SQL:104 - 
    update
        DataPoint 
    set
        description=? 
    where
        id=?
14:11:20,299 DEBUG SQL:104 - 
    update
        DataPoint 
    set
        description=? 
    where
        id=?
14:11:20,299 DEBUG SQL:104 - 
    update
        DataPoint 
    set
        description=? 
    where
        id=?
14:11:20,312 DEBUG SQL:104 - 
    update
        DataPoint 
    set
        description=? 
    where
        id=?
14:11:20,312 DEBUG SQL:104 - 
    update
        DataPoint 
    set
        description=? 
    where
        id=?
14:11:20,312 DEBUG SQL:104 - 
    update
        DataPoint 
    set
        description=? 
    where
        id=?
14:11:20,312 DEBUG SQL:104 - 
    update
        DataPoint 
    set
        description=? 
    where
        id=?
14:11:20,340 DEBUG SQL:104 - 
    update
        DataPoint 
    set
        description=? 
    where
        id=?
14:11:20,340 DEBUG SQL:104 - 
    update
        DataPoint 
    set
        description=? 
    where
        id=?
14:11:20,340 DEBUG SQL:104 - 
    update
        DataPoint 
    set
        description=? 
    where
        id=?
14:11:20,340 DEBUG SQL:104 - 
    update
        DataPoint 
    set
        description=? 
    where
        id=?
14:11:20,340 DEBUG SQL:104 - 
    update
        DataPoint 
    set
        description=? 
    where
        id=?
14:11:20,342 DEBUG SQL:104 - 
    update
        DataPoint 
    set
        description=? 
    where
        id=?
14:11:20,344 DEBUG SQL:104 - 
    update
        DataPoint 
    set
        description=? 
    where
        id=?
14:11:20,344 DEBUG SQL:104 - 
    update
        DataPoint 
    set
        description=? 
    where
        id=?
14:11:20,344 DEBUG SQL:104 - 
    update
        DataPoint 
    set
        description=? 
    where
        id=?
14:11:20,355 DEBUG SQL:104 - 
    update
        DataPoint 
    set
        description=? 
    where
        id=?
14:11:20,355 DEBUG SQL:104 - 
    update
        DataPoint 
    set
        description=? 
    where
        id=?
14:11:20,356 DEBUG SQL:104 - 
    update
        DataPoint 
    set
        description=? 
    where
        id=?
14:11:20,356 DEBUG SQL:104 - 
    update
        DataPoint 
    set
        description=? 
    where
        id=?
14:11:20,356 DEBUG SQL:104 - 
    update
        DataPoint 
    set
        description=? 
    where
        id=?
14:11:20,356 DEBUG SQL:104 - 
    update
        DataPoint 
    set
        description=? 
    where
        id=?
14:11:20,356 DEBUG SQL:104 - 
    update
        DataPoint 
    set
        description=? 
    where
        id=?
14:11:20,356 DEBUG SQL:104 - 
    update
        DataPoint 
    set
        description=? 
    where
        id=?
14:11:20,356 DEBUG SQL:104 - 
    update
        DataPoint 
    set
        description=? 
    where
        id=?
14:11:20,373 DEBUG SQL:104 - 
    update
        DataPoint 
    set
        description=? 
    where
        id=?
14:11:20,373 DEBUG SQL:104 - 
    update
        DataPoint 
    set
        description=? 
    where
        id=?
14:11:20,373 DEBUG SQL:104 - 
    update
        DataPoint 
    set
        description=? 
    where
        id=?
14:11:20,374 DEBUG SQL:104 - 
    update
        DataPoint 
    set
        description=? 
    where
        id=?
14:11:20,383 DEBUG SQL:104 - 
    update
        DataPoint 
    set
        description=? 
    where
        id=?
14:11:20,383 DEBUG SQL:104 - 
    update
        DataPoint 
    set
        description=? 
    where
        id=?
14:11:20,383 DEBUG SQL:104 - 
    update
        DataPoint 
    set
        description=? 
    where
        id=?
14:11:20,383 DEBUG SQL:104 - 
    update
        DataPoint 
    set
        description=? 
    where
        id=?
14:11:20,385 DEBUG SQL:104 - 
    update
        DataPoint 
    set
        description=? 
    where
        id=?
14:11:20,386 DEBUG SQL:104 - 
    update
        DataPoint 
    set
        description=? 
    where
        id=?
14:11:20,386 DEBUG SQL:104 - 
    update
        DataPoint 
    set
        description=? 
    where
        id=?
14:11:20,412 DEBUG SQL:104 - 
    update
        DataPoint 
    set
        description=? 
    where
        id=?
14:11:20,412 DEBUG SQL:104 - 
    update
        DataPoint 
    set
        description=? 
    where
        id=?
14:11:20,413 DEBUG SQL:104 - 
    update
        DataPoint 
    set
        description=? 
    where
        id=?
14:11:20,413 DEBUG SQL:104 - 
    update
        DataPoint 
    set
        description=? 
    where
        id=?
14:11:20,433 DEBUG SQL:104 - 
    update
        DataPoint 
    set
        description=? 
    where
        id=?
14:11:20,434 DEBUG SQL:104 - 
    update
        DataPoint 
    set
        description=? 
    where
        id=?
14:11:20,434 DEBUG SQL:104 - 
    update
        DataPoint 
    set
        description=? 
    where
        id=?
14:11:20,434 DEBUG SQL:104 - 
    update
        DataPoint 
    set
        description=? 
    where
        id=?
14:11:20,444 DEBUG SQL:104 - 
    update
        DataPoint 
    set
        description=? 
    where
        id=?
14:11:20,444 DEBUG SQL:104 - 
    update
        DataPoint 
    set
        description=? 
    where
        id=?
14:11:20,445 DEBUG SQL:104 - 
    update
        DataPoint 
    set
        description=? 
    where
        id=?
14:11:20,445 DEBUG SQL:104 - 
    update
        DataPoint 
    set
        description=? 
    where
        id=?
14:11:20,445 DEBUG SQL:104 - 
    update
        DataPoint 
    set
        description=? 
    where
        id=?
14:11:20,452 DEBUG SQL:104 - 
    update
        DataPoint 
    set
        description=? 
    where
        id=?
14:11:20,452 DEBUG SQL:104 - 
    update
        DataPoint 
    set
        description=? 
    where
        id=?
14:11:20,452 DEBUG SQL:104 - 
    update
        DataPoint 
    set
        description=? 
    where
        id=?
14:11:20,453 DEBUG SQL:104 - 
    update
        DataPoint 
    set
        description=? 
    where
        id=?
14:11:20,470 DEBUG SQL:104 - 
    update
        DataPoint 
    set
        description=? 
    where
        id=?
14:11:20,470 DEBUG SQL:104 - 
    update
        DataPoint 
    set
        description=? 
    where
        id=?
14:11:20,470 DEBUG SQL:104 - 
    update
        DataPoint 
    set
        description=? 
    where
        id=?
14:11:20,470 DEBUG SQL:104 - 
    update
        DataPoint 
    set
        description=? 
    where
        id=?
14:11:20,483 DEBUG SQL:104 - 
    update
        DataPoint 
    set
        description=? 
    where
        id=?
14:11:20,483 DEBUG SQL:104 - 
    update
        DataPoint 
    set
        description=? 
    where
        id=?
14:11:20,484 DEBUG SQL:104 - 
    update
        DataPoint 
    set
        description=? 
    where
        id=?
14:11:20,484 DEBUG SQL:104 - 
    update
        DataPoint 
    set
        description=? 
    where
        id=?
14:11:20,484 DEBUG SQL:104 - 
    update
        DataPoint 
    set
        description=? 
    where
        id=?
14:11:20,502 DEBUG SQL:104 - 
    update
        DataPoint 
    set
        description=? 
    where
        id=?
14:11:20,503 DEBUG SQL:104 - 
    update
        DataPoint 
    set
        description=? 
    where
        id=?
14:11:20,503 DEBUG SQL:104 - 
    update
        DataPoint 
    set
        description=? 
    where
        id=?
14:11:20,503 DEBUG SQL:104 - 
    update
        DataPoint 
    set
        description=? 
    where
        id=?
14:11:20,503 DEBUG SQL:104 - 
    update
        DataPoint 
    set
        description=? 
    where
        id=?
14:11:20,503 DEBUG SQL:104 - 
    update
        DataPoint 
    set
        description=? 
    where
        id=?
14:11:20,503 DEBUG SQL:104 - 
    update
        DataPoint 
    set
        description=? 
    where
        id=?
14:11:20,504 DEBUG SQL:104 - 
    update
        DataPoint 
    set
        description=? 
    where
        id=?
14:11:20,504 DEBUG SQL:104 - 
    update
        DataPoint 
    set
        description=? 
    where
        id=?
14:11:20,523 DEBUG SQL:104 - 
    update
        DataPoint 
    set
        description=? 
    where
        id=?
14:11:20,523 DEBUG SQL:104 - 
    update
        DataPoint 
    set
        description=? 
    where
        id=?
14:11:20,525 DEBUG SQL:104 - 
    update
        DataPoint 
    set
        description=? 
    where
        id=?
14:11:20,525 DEBUG SQL:104 - 
    update
        DataPoint 
    set
        description=? 
    where
        id=?
14:11:20,536 DEBUG SQL:104 - 
    update
        DataPoint 
    set
        description=? 
    where
        id=?
14:11:20,536 DEBUG SQL:104 - 
    update
        DataPoint 
    set
        description=? 
    where
        id=?
14:11:20,536 DEBUG SQL:104 - 
    update
        DataPoint 
    set
        description=? 
    where
        id=?
14:11:20,536 DEBUG SQL:104 - 
    update
        DataPoint 
    set
        description=? 
    where
        id=?
14:11:20,536 DEBUG SQL:104 - 
    update
        DataPoint 
    set
        description=? 
    where
        id=?
14:11:20,536 DEBUG SQL:104 - 
    update
        DataPoint 
    set
        description=? 
    where
        id=?
14:11:20,537 DEBUG SQL:104 - 
    update
        DataPoint 
    set
        description=? 
    where
        id=?
14:11:20,557 DEBUG SQL:104 - 
    update
        DataPoint 
    set
        description=? 
    where
        id=?
14:11:20,558 DEBUG SQL:104 - 
    update
        DataPoint 
    set
        description=? 
    where
        id=?
14:11:20,558 DEBUG SQL:104 - 
    update
        DataPoint 
    set
        description=? 
    where
        id=?
14:11:20,558 DEBUG SQL:104 - 
    update
        DataPoint 
    set
        description=? 
    where
        id=?
14:11:20,570 DEBUG SQL:104 - 
    update
        DataPoint 
    set
        description=? 
    where
        id=?
14:11:20,570 DEBUG SQL:104 - 
    update
        DataPoint 
    set
        description=? 
    where
        id=?
14:11:20,570 DEBUG SQL:104 - 
    update
        DataPoint 
    set
        description=? 
    where
        id=?
14:11:20,570 DEBUG SQL:104 - 
    update
        DataPoint 
    set
        description=? 
    where
        id=?
14:11:20,582 DEBUG SQL:104 - 
    update
        DataPoint 
    set
        description=? 
    where
        id=?
14:11:20,582 DEBUG SQL:104 - 
    update
        DataPoint 
    set
        description=? 
    where
        id=?
14:11:20,582 DEBUG SQL:104 - 
    update
        DataPoint 
    set
        description=? 
    where
        id=?
14:11:20,661 DEBUG SQL:104 - 
    update
        DataPoint 
    set
        description=? 
    where
        id=?
14:11:20,662 DEBUG SQL:104 - 
    update
        DataPoint 
    set
        description=? 
    where
        id=?
14:11:20,662 DEBUG SQL:104 - 
    update
        DataPoint 
    set
        description=? 
    where
        id=?
14:11:20,662 DEBUG SQL:104 - 
    update
        DataPoint 
    set
        description=? 
    where
        id=?
14:11:20,662 DEBUG SQL:104 - 
    update
        DataPoint 
    set
        description=? 
    where
        id=?
14:11:20,662 DEBUG SQL:104 - 
    update
        DataPoint 
    set
        description=? 
    where
        id=?
14:11:20,662 DEBUG SQL:104 - 
    update
        DataPoint 
    set
        description=? 
    where
        id=?
14:11:20,662 DEBUG SQL:104 - 
    update
        DataPoint 
    set
        description=? 
    where
        id=?
14:11:20,663 DEBUG SQL:104 - 
    update
        DataPoint 
    set
        description=? 
    where
        id=?
14:11:20,663 DEBUG SQL:104 - 
    update
        DataPoint 
    set
        description=? 
    where
        id=?
14:11:20,663 DEBUG SQL:104 - 
    update
        DataPoint 
    set
        description=? 
    where
        id=?
14:11:20,663 DEBUG SQL:104 - 
    update
        DataPoint 
    set
        description=? 
    where
        id=?
14:11:20,663 DEBUG SQL:104 - 
    update
        DataPoint 
    set
        description=? 
    where
        id=?
14:11:20,663 DEBUG SQL:104 - 
    update
        DataPoint 
    set
        description=? 
    where
        id=?
14:11:20,664 DEBUG SQL:104 - 
    update
        DataPoint 
    set
        description=? 
    where
        id=?
14:11:20,664 DEBUG SQL:104 - 
    update
        DataPoint 
    set
        description=? 
    where
        id=?
14:11:20,664 DEBUG SQL:104 - 
    update
        DataPoint 
    set
        description=? 
    where
        id=?
14:11:20,664 DEBUG SQL:104 - 
    update
        DataPoint 
    set
        description=? 
    where
        id=?
14:11:20,664 DEBUG SQL:104 - 
    update
        DataPoint 
    set
        description=? 
    where
        id=?
14:11:20,664 DEBUG SQL:104 - 
    update
        DataPoint 
    set
        description=? 
    where
        id=?
14:11:20,667 DEBUG SQL:104 - 
    update
        DataPoint 
    set
        description=? 
    where
        id=?
14:11:20,667 DEBUG SQL:104 - 
    update
        DataPoint 
    set
        description=? 
    where
        id=?
14:11:20,667 DEBUG SQL:104 - 
    update
        DataPoint 
    set
        description=? 
    where
        id=?
14:11:20,667 DEBUG SQL:104 - 
    update
        DataPoint 
    set
        description=? 
    where
        id=?
14:11:20,667 DEBUG SQL:104 - 
    update
        DataPoint 
    set
        description=? 
    where
        id=?
14:11:20,668 DEBUG SQL:104 - 
    update
        DataPoint 
    set
        description=? 
    where
        id=?
14:11:20,668 DEBUG SQL:104 - 
    update
        DataPoint 
    set
        description=? 
    where
        id=?
14:11:20,668 DEBUG SQL:104 - 
    update
        DataPoint 
    set
        description=? 
    where
        id=?
14:11:20,668 DEBUG SQL:104 - 
    update
        DataPoint 
    set
        description=? 
    where
        id=?
14:11:20,668 DEBUG SQL:104 - 
    update
        DataPoint 
    set
        description=? 
    where
        id=?
14:11:20,690 DEBUG SQL:104 - 
    update
        DataPoint 
    set
        description=? 
    where
        id=?
14:11:20,690 DEBUG SQL:104 - 
    update
        DataPoint 
    set
        description=? 
    where
        id=?
14:11:20,690 DEBUG SQL:104 - 
    update
        DataPoint 
    set
        description=? 
    where
        id=?
14:11:20,690 DEBUG SQL:104 - 
    update
        DataPoint 
    set
        description=? 
    where
        id=?
14:11:20,702 DEBUG SQL:104 - 
    update
        DataPoint 
    set
        description=? 
    where
        id=?
14:11:20,702 DEBUG SQL:104 - 
    update
        DataPoint 
    set
        description=? 
    where
        id=?
14:11:20,702 DEBUG SQL:104 - 
    update
        DataPoint 
    set
        description=? 
    where
        id=?
14:11:20,703 DEBUG SQL:104 - 
    update
        DataPoint 
    set
        description=? 
    where
        id=?
14:11:20,703 DEBUG SQL:104 - 
    update
        DataPoint 
    set
        description=? 
    where
        id=?
14:11:20,703 DEBUG SQL:104 - 
    update
        DataPoint 
    set
        description=? 
    where
        id=?
14:11:20,705 DEBUG SQL:104 - 
    update
        DataPoint 
    set
        description=? 
    where
        id=?
14:11:20,705 DEBUG SQL:104 - 
    update
        DataPoint 
    set
        description=? 
    where
        id=?
14:11:20,705 DEBUG SQL:104 - 
    update
        DataPoint 
    set
        description=? 
    where
        id=?
14:11:20,706 DEBUG SQL:104 - 
    update
        DataPoint 
    set
        description=? 
    where
        id=?
14:11:20,706 DEBUG SQL:104 - 
    update
        DataPoint 
    set
        description=? 
    where
        id=?
14:11:20,727 DEBUG SQL:104 - 
    update
        DataPoint 
    set
        description=? 
    where
        id=?
14:11:20,727 DEBUG SQL:104 - 
    update
        DataPoint 
    set
        description=? 
    where
        id=?
14:11:20,727 DEBUG SQL:104 - 
    update
        DataPoint 
    set
        description=? 
    where
        id=?
14:11:20,727 DEBUG SQL:104 - 
    update
        DataPoint 
    set
        description=? 
    where
        id=?
14:11:20,728 DEBUG SQL:104 - 
    update
        DataPoint 
    set
        description=? 
    where
        id=?
14:11:20,738 DEBUG SQL:104 - 
    update
        DataPoint 
    set
        description=? 
    where
        id=?
14:11:20,739 DEBUG SQL:104 - 
    update
        DataPoint 
    set
        description=? 
    where
        id=?
14:11:20,739 DEBUG SQL:104 - 
    update
        DataPoint 
    set
        description=? 
    where
        id=?
14:11:20,739 DEBUG SQL:104 - 
    update
        DataPoint 
    set
        description=? 
    where
        id=?
14:11:20,749 DEBUG SQL:104 - 
    update
        DataPoint 
    set
        description=? 
    where
        id=?
14:11:20,750 DEBUG SQL:104 - 
    update
        DataPoint 
    set
        description=? 
    where
        id=?
14:11:20,750 DEBUG SQL:104 - 
    update
        DataPoint 
    set
        description=? 
    where
        id=?
14:11:20,750 DEBUG SQL:104 - 
    update
        DataPoint 
    set
        description=? 
    where
        id=?
14:11:20,761 DEBUG SQL:104 - 
    update
        DataPoint 
    set
        description=? 
    where
        id=?
14:11:20,762 DEBUG SQL:104 - 
    update
        DataPoint 
    set
        description=? 
    where
        id=?
14:11:20,764 DEBUG SQL:104 - 
    update
        DataPoint 
    set
        description=? 
    where
        id=?
14:11:20,764 DEBUG SQL:104 - 
    update
        DataPoint 
    set
        description=? 
    where
        id=?
14:11:20,764 DEBUG SQL:104 - 
    update
        DataPoint 
    set
        description=? 
    where
        id=?
14:11:20,776 DEBUG SQL:104 - 
    update
        DataPoint 
    set
        description=? 
    where
        id=?
14:11:20,776 DEBUG SQL:104 - 
    update
        DataPoint 
    set
        description=? 
    where
        id=?
14:11:20,776 DEBUG SQL:104 - 
    update
        DataPoint 
    set
        description=? 
    where
        id=?
14:11:20,776 DEBUG SQL:104 - 
    update
        DataPoint 
    set
        description=? 
    where
        id=?
14:11:20,777 DEBUG SQL:104 - 
    update
        DataPoint 
    set
        description=? 
    where
        id=?
14:11:20,777 DEBUG SQL:104 - 
    update
        DataPoint 
    set
        description=? 
    where
        id=?
14:11:20,777 DEBUG SQL:104 - 
    update
        DataPoint 
    set
        description=? 
    where
        id=?
14:11:20,777 DEBUG SQL:104 - 
    update
        DataPoint 
    set
        description=? 
    where
        id=?
14:11:20,787 DEBUG SQL:104 - 
    update
        DataPoint 
    set
        description=? 
    where
        id=?
14:11:20,788 DEBUG SQL:104 - 
    update
        DataPoint 
    set
        description=? 
    where
        id=?
14:11:20,788 DEBUG SQL:104 - 
    update
        DataPoint 
    set
        description=? 
    where
        id=?
14:11:20,788 DEBUG SQL:104 - 
    update
        DataPoint 
    set
        description=? 
    where
        id=?
14:11:20,788 DEBUG SQL:104 - 
    update
        DataPoint 
    set
        description=? 
    where
        id=?
14:11:20,798 DEBUG SQL:104 - 
    update
        DataPoint 
    set
        description=? 
    where
        id=?
14:11:20,798 DEBUG SQL:104 - 
    update
        DataPoint 
    set
        description=? 
    where
        id=?
14:11:20,802 DEBUG SQL:104 - 
    update
        DataPoint 
    set
        description=? 
    where
        id=?
14:11:20,803 DEBUG SQL:104 - 
    update
        DataPoint 
    set
        description=? 
    where
        id=?
14:11:20,804 DEBUG SQL:104 - 
    update
        DataPoint 
    set
        description=? 
    where
        id=?
14:11:20,805 DEBUG SQL:104 - 
    update
        DataPoint 
    set
        description=? 
    where
        id=?
14:11:20,823 DEBUG SQL:104 - 
    update
        DataPoint 
    set
        description=? 
    where
        id=?
14:11:20,824 DEBUG SQL:104 - 
    update
        DataPoint 
    set
        description=? 
    where
        id=?
14:11:20,824 DEBUG SQL:104 - 
    update
        DataPoint 
    set
        description=? 
    where
        id=?
14:11:20,824 DEBUG SQL:104 - 
    update
        DataPoint 
    set
        description=? 
    where
        id=?
14:11:20,824 DEBUG SQL:104 - 
    update
        DataPoint 
    set
        description=? 
    where
        id=?
14:11:20,835 DEBUG SQL:104 - 
    update
        DataPoint 
    set
        description=? 
    where
        id=?
14:11:20,835 DEBUG SQL:104 - 
    update
        DataPoint 
    set
        description=? 
    where
        id=?
14:11:20,835 DEBUG SQL:104 - 
    update
        DataPoint 
    set
        description=? 
    where
        id=?
14:11:20,835 DEBUG SQL:104 - 
    update
        DataPoint 
    set
        description=? 
    where
        id=?
14:11:20,846 DEBUG SQL:104 - 
    update
        DataPoint 
    set
        description=? 
    where
        id=?
14:11:20,846 DEBUG SQL:104 - 
    update
        DataPoint 
    set
        description=? 
    where
        id=?
14:11:20,846 DEBUG SQL:104 - 
    update
        DataPoint 
    set
        description=? 
    where
        id=?
14:11:20,846 DEBUG SQL:104 - 
    update
        DataPoint 
    set
        description=? 
    where
        id=?
14:11:20,856 DEBUG SQL:104 - 
    update
        DataPoint 
    set
        description=? 
    where
        id=?
14:11:20,856 DEBUG SQL:104 - 
    update
        DataPoint 
    set
        description=? 
    where
        id=?
14:11:20,856 DEBUG SQL:104 - 
    update
        DataPoint 
    set
        description=? 
    where
        id=?
14:11:20,857 DEBUG SQL:104 - 
    update
        DataPoint 
    set
        description=? 
    where
        id=?
14:11:20,857 DEBUG SQL:104 - 
    update
        DataPoint 
    set
        description=? 
    where
        id=?
14:11:20,869 DEBUG SQL:104 - 
    update
        DataPoint 
    set
        description=? 
    where
        id=?
14:11:20,870 DEBUG SQL:104 - 
    update
        DataPoint 
    set
        description=? 
    where
        id=?
14:11:20,870 DEBUG SQL:104 - 
    update
        DataPoint 
    set
        description=? 
    where
        id=?
14:11:20,870 DEBUG SQL:104 - 
    update
        DataPoint 
    set
        description=? 
    where
        id=?
14:11:20,878 DEBUG SQL:104 - 
    update
        DataPoint 
    set
        description=? 
    where
        id=?
14:11:20,879 DEBUG SQL:104 - 
    update
        DataPoint 
    set
        description=? 
    where
        id=?
14:11:20,879 DEBUG SQL:104 - 
    update
        DataPoint 
    set
        description=? 
    where
        id=?
14:11:20,879 DEBUG SQL:104 - 
    update
        DataPoint 
    set
        description=? 
    where
        id=?
14:11:20,879 DEBUG SQL:104 - 
    update
        DataPoint 
    set
        description=? 
    where
        id=?
14:11:20,889 DEBUG SQL:104 - 
    update
        DataPoint 
    set
        description=? 
    where
        id=?
14:11:20,889 DEBUG SQL:104 - 
    update
        DataPoint 
    set
        description=? 
    where
        id=?
14:11:20,889 DEBUG SQL:104 - 
    update
        DataPoint 
    set
        description=? 
    where
        id=?
14:11:20,889 DEBUG SQL:104 - 
    update
        DataPoint 
    set
        description=? 
    where
        id=?
14:11:20,899 DEBUG SQL:104 - 
    update
        DataPoint 
    set
        description=? 
    where
        id=?
14:11:20,900 DEBUG SQL:104 - 
    update
        DataPoint 
    set
        description=? 
    where
        id=?
14:11:20,900 DEBUG SQL:104 - 
    update
        DataPoint 
    set
        description=? 
    where
        id=?
14:11:20,900 DEBUG SQL:104 - 
    update
        DataPoint 
    set
        description=? 
    where
        id=?
14:11:20,909 DEBUG SQL:104 - 
    update
        DataPoint 
    set
        description=? 
    where
        id=?
14:11:20,909 DEBUG SQL:104 - 
    update
        DataPoint 
    set
        description=? 
    where
        id=?
14:11:20,909 DEBUG SQL:104 - 
    update
        DataPoint 
    set
        description=? 
    where
        id=?
14:11:20,911 DEBUG SQL:104 - 
    update
        DataPoint 
    set
        description=? 
    where
        id=?
14:11:20,912 DEBUG SQL:104 - 
    update
        DataPoint 
    set
        description=? 
    where
        id=?
14:11:20,912 DEBUG SQL:104 - 
    update
        DataPoint 
    set
        description=? 
    where
        id=?
14:11:20,912 DEBUG SQL:104 - 
    update
        DataPoint 
    set
        description=? 
    where
        id=?
14:11:20,912 DEBUG SQL:104 - 
    update
        DataPoint 
    set
        description=? 
    where
        id=?
14:11:20,912 DEBUG SQL:104 - 
    update
        DataPoint 
    set
        description=? 
    where
        id=?
14:11:20,923 DEBUG SQL:104 - 
    update
        DataPoint 
    set
        description=? 
    where
        id=?
14:11:20,924 DEBUG SQL:104 - 
    update
        DataPoint 
    set
        description=? 
    where
        id=?
14:11:20,924 DEBUG SQL:104 - 
    update
        DataPoint 
    set
        description=? 
    where
        id=?
14:11:20,924 DEBUG SQL:104 - 
    update
        DataPoint 
    set
        description=? 
    where
        id=?
14:11:20,933 DEBUG SQL:104 - 
    update
        DataPoint 
    set
        description=? 
    where
        id=?
14:11:20,934 DEBUG SQL:104 - 
    update
        DataPoint 
    set
        description=? 
    where
        id=?
14:11:20,934 DEBUG SQL:104 - 
    update
        DataPoint 
    set
        description=? 
    where
        id=?
14:11:20,934 DEBUG SQL:104 - 
    update
        DataPoint 
    set
        description=? 
    where
        id=?
14:11:20,934 DEBUG SQL:104 - 
    update
        DataPoint 
    set
        description=? 
    where
        id=?
14:11:20,934 DEBUG SQL:104 - 
    update
        DataPoint 
    set
        description=? 
    where
        id=?
14:11:20,934 DEBUG SQL:104 - 
    update
        DataPoint 
    set
        description=? 
    where
        id=?
14:11:20,957 DEBUG SQL:104 - 
    update
        DataPoint 
    set
        description=? 
    where
        id=?
14:11:20,957 DEBUG SQL:104 - 
    update
        DataPoint 
    set
        description=? 
    where
        id=?
14:11:20,957 DEBUG SQL:104 - 
    update
        DataPoint 
    set
        description=? 
    where
        id=?
14:11:20,959 DEBUG SQL:104 - 
    update
        DataPoint 
    set
        description=? 
    where
        id=?
14:11:20,969 DEBUG SQL:104 - 
    update
        DataPoint 
    set
        description=? 
    where
        id=?
14:11:20,969 DEBUG SQL:104 - 
    update
        DataPoint 
    set
        description=? 
    where
        id=?
14:11:20,969 DEBUG SQL:104 - 
    update
        DataPoint 
    set
        description=? 
    where
        id=?
14:11:20,969 DEBUG SQL:104 - 
    update
        DataPoint 
    set
        description=? 
    where
        id=?
14:11:20,969 DEBUG SQL:104 - 
    update
        DataPoint 
    set
        description=? 
    where
        id=?
14:11:20,979 DEBUG SQL:104 - 
    update
        DataPoint 
    set
        description=? 
    where
        id=?
14:11:20,979 DEBUG SQL:104 - 
    update
        DataPoint 
    set
        description=? 
    where
        id=?
14:11:20,979 DEBUG SQL:104 - 
    update
        DataPoint 
    set
        description=? 
    where
        id=?
14:11:20,979 DEBUG SQL:104 - 
    update
        DataPoint 
    set
        description=? 
    where
        id=?
14:11:20,989 DEBUG SQL:104 - 
    update
        DataPoint 
    set
        description=? 
    where
        id=?
14:11:20,989 DEBUG SQL:104 - 
    update
        DataPoint 
    set
        description=? 
    where
        id=?
14:11:20,989 DEBUG SQL:104 - 
    update
        DataPoint 
    set
        description=? 
    where
        id=?
14:11:20,989 DEBUG SQL:104 - 
    update
        DataPoint 
    set
        description=? 
    where
        id=?
14:11:20,990 DEBUG SQL:104 - 
    update
        DataPoint 
    set
        description=? 
    where
        id=?
14:11:20,999 DEBUG SQL:104 - 
    update
        DataPoint 
    set
        description=? 
    where
        id=?
14:11:20,999 DEBUG SQL:104 - 
    update
        DataPoint 
    set
        description=? 
    where
        id=?
14:11:20,999 DEBUG SQL:104 - 
    update
        DataPoint 
    set
        description=? 
    where
        id=?
14:11:20,999 DEBUG SQL:104 - 
    update
        DataPoint 
    set
        description=? 
    where
        id=?
14:11:21,009 DEBUG SQL:104 - 
    update
        DataPoint 
    set
        description=? 
    where
        id=?
14:11:21,012 DEBUG SQL:104 - 
    update
        DataPoint 
    set
        description=? 
    where
        id=?
14:11:21,012 DEBUG SQL:104 - 
    update
        DataPoint 
    set
        description=? 
    where
        id=?
14:11:21,012 DEBUG SQL:104 - 
    update
        DataPoint 
    set
        description=? 
    where
        id=?
14:11:21,019 DEBUG SQL:104 - 
    update
        DataPoint 
    set
        description=? 
    where
        id=?
14:11:21,020 DEBUG SQL:104 - 
    update
        DataPoint 
    set
        description=? 
    where
        id=?
14:11:21,020 DEBUG SQL:104 - 
    update
        DataPoint 
    set
        description=? 
    where
        id=?
14:11:21,020 DEBUG SQL:104 - 
    update
        DataPoint 
    set
        description=? 
    where
        id=?
14:11:21,020 DEBUG SQL:104 - 
    update
        DataPoint 
    set
        description=? 
    where
        id=?
14:11:21,030 DEBUG SQL:104 - 
    update
        DataPoint 
    set
        description=? 
    where
        id=?
14:11:21,030 DEBUG SQL:104 - 
    update
        DataPoint 
    set
        description=? 
    where
        id=?
14:11:21,030 DEBUG SQL:104 - 
    update
        DataPoint 
    set
        description=? 
    where
        id=?
14:11:21,030 DEBUG SQL:104 - 
    update
        DataPoint 
    set
        description=? 
    where
        id=?
14:11:21,041 DEBUG SQL:104 - 
    update
        DataPoint 
    set
        description=? 
    where
        id=?
14:11:21,042 DEBUG SQL:104 - 
    update
        DataPoint 
    set
        description=? 
    where
        id=?
14:11:21,042 DEBUG SQL:104 - 
    update
        DataPoint 
    set
        description=? 
    where
        id=?
14:11:21,042 DEBUG SQL:104 - 
    update
        DataPoint 
    set
        description=? 
    where
        id=?
14:11:21,042 DEBUG SQL:104 - 
    update
        DataPoint 
    set
        description=? 
    where
        id=?
14:11:21,042 DEBUG SQL:104 - 
    update
        DataPoint 
    set
        description=? 
    where
        id=?
14:11:21,042 DEBUG SQL:104 - 
    update
        DataPoint 
    set
        description=? 
    where
        id=?
14:11:21,042 DEBUG SQL:104 - 
    update
        DataPoint 
    set
        description=? 
    where
        id=?
14:11:21,045 DEBUG SQL:104 - 
    update
        DataPoint 
    set
        description=? 
    where
        id=?
14:11:21,055 DEBUG SQL:104 - 
    update
        DataPoint 
    set
        description=? 
    where
        id=?
14:11:21,056 DEBUG SQL:104 - 
    update
        DataPoint 
    set
        description=? 
    where
        id=?
14:11:21,056 DEBUG SQL:104 - 
    update
        DataPoint 
    set
        description=? 
    where
        id=?
14:11:21,056 DEBUG SQL:104 - 
    update
        DataPoint 
    set
        description=? 
    where
        id=?
14:11:21,066 DEBUG SQL:104 - 
    update
        DataPoint 
    set
        description=? 
    where
        id=?
14:11:21,066 DEBUG SQL:104 - 
    update
        DataPoint 
    set
        description=? 
    where
        id=?
14:11:21,066 DEBUG SQL:104 - 
    update
        DataPoint 
    set
        description=? 
    where
        id=?
14:11:21,067 DEBUG SQL:104 - 
    update
        DataPoint 
    set
        description=? 
    where
        id=?
14:11:21,067 DEBUG SQL:104 - 
    update
        DataPoint 
    set
        description=? 
    where
        id=?
14:11:21,067 DEBUG SQL:104 - 
    update
        DataPoint 
    set
        description=? 
    where
        id=?
14:11:21,067 DEBUG SQL:104 - 
    update
        DataPoint 
    set
        description=? 
    where
        id=?
14:11:21,088 DEBUG SQL:104 - 
    update
        DataPoint 
    set
        description=? 
    where
        id=?
14:11:21,089 DEBUG SQL:104 - 
    update
        DataPoint 
    set
        description=? 
    where
        id=?
14:11:21,089 DEBUG SQL:104 - 
    update
        DataPoint 
    set
        description=? 
    where
        id=?
14:11:21,089 DEBUG SQL:104 - 
    update
        DataPoint 
    set
        description=? 
    where
        id=?
14:11:21,099 DEBUG SQL:104 - 
    update
        DataPoint 
    set
        description=? 
    where
        id=?
14:11:21,099 DEBUG SQL:104 - 
    update
        DataPoint 
    set
        description=? 
    where
        id=?
14:11:21,099 DEBUG SQL:104 - 
    update
        DataPoint 
    set
        description=? 
    where
        id=?
14:11:21,100 DEBUG SQL:104 - 
    update
        DataPoint 
    set
        description=? 
    where
        id=?
14:11:21,111 DEBUG SQL:104 - 
    update
        DataPoint 
    set
        description=? 
    where
        id=?
14:11:21,111 DEBUG SQL:104 - 
    update
        DataPoint 
    set
        description=? 
    where
        id=?
14:11:21,111 DEBUG SQL:104 - 
    update
        DataPoint 
    set
        description=? 
    where
        id=?
14:11:21,112 DEBUG SQL:104 - 
    update
        DataPoint 
    set
        description=? 
    where
        id=?
14:11:21,112 DEBUG SQL:104 - 
    update
        DataPoint 
    set
        description=? 
    where
        id=?
14:11:21,120 DEBUG SQL:104 - 
    update
        DataPoint 
    set
        description=? 
    where
        id=?
14:11:21,122 DEBUG SQL:104 - 
    update
        DataPoint 
    set
        description=? 
    where
        id=?
14:11:21,122 DEBUG SQL:104 - 
    update
        DataPoint 
    set
        description=? 
    where
        id=?
14:11:21,122 DEBUG SQL:104 - 
    update
        DataPoint 
    set
        description=? 
    where
        id=?
14:11:21,158 DEBUG SQL:104 - 
    update
        DataPoint 
    set
        description=? 
    where
        id=?
14:11:21,158 DEBUG SQL:104 - 
    update
        DataPoint 
    set
        description=? 
    where
        id=?
14:11:21,158 DEBUG SQL:104 - 
    update
        DataPoint 
    set
        description=? 
    where
        id=?
14:11:21,159 DEBUG SQL:104 - 
    update
        DataPoint 
    set
        description=? 
    where
        id=?
14:11:21,160 DEBUG SQL:104 - 
    update
        DataPoint 
    set
        description=? 
    where
        id=?
14:11:21,160 DEBUG SQL:104 - 
    update
        DataPoint 
    set
        description=? 
    where
        id=?
14:11:21,160 DEBUG SQL:104 - 
    update
        DataPoint 
    set
        description=? 
    where
        id=?
14:11:21,160 DEBUG SQL:104 - 
    update
        DataPoint 
    set
        description=? 
    where
        id=?
14:11:21,161 DEBUG SQL:104 - 
    update
        DataPoint 
    set
        description=? 
    where
        id=?
14:11:21,161 DEBUG SQL:104 - 
    update
        DataPoint 
    set
        description=? 
    where
        id=?
14:11:21,161 DEBUG SQL:104 - 
    update
        DataPoint 
    set
        description=? 
    where
        id=?
14:11:21,164 DEBUG SQL:104 - 
    update
        DataPoint 
    set
        description=? 
    where
        id=?
14:11:21,164 DEBUG SQL:104 - 
    update
        DataPoint 
    set
        description=? 
    where
        id=?
14:11:21,164 DEBUG SQL:104 - 
    update
        DataPoint 
    set
        description=? 
    where
        id=?
14:11:21,164 DEBUG SQL:104 - 
    update
        DataPoint 
    set
        description=? 
    where
        id=?
14:11:21,165 DEBUG SQL:104 - 
    update
        DataPoint 
    set
        description=? 
    where
        id=?
14:11:21,165 DEBUG SQL:104 - 
    update
        DataPoint 
    set
        description=? 
    where
        id=?
14:11:21,165 DEBUG SQL:104 - 
    update
        DataPoint 
    set
        description=? 
    where
        id=?
14:11:21,165 DEBUG SQL:104 - 
    update
        DataPoint 
    set
        description=? 
    where
        id=?
14:11:21,165 DEBUG SQL:104 - 
    update
        DataPoint 
    set
        description=? 
    where
        id=?
14:11:21,166 DEBUG SQL:104 - 
    update
        DataPoint 
    set
        description=? 
    where
        id=?
14:11:21,166 DEBUG SQL:104 - 
    update
        DataPoint 
    set
        description=? 
    where
        id=?
14:11:21,179 DEBUG SQL:104 - 
    update
        DataPoint 
    set
        description=? 
    where
        id=?
14:11:21,179 DEBUG SQL:104 - 
    update
        DataPoint 
    set
        description=? 
    where
        id=?
14:11:21,179 DEBUG SQL:104 - 
    update
        DataPoint 
    set
        description=? 
    where
        id=?
14:11:21,179 DEBUG SQL:104 - 
    update
        DataPoint 
    set
        description=? 
    where
        id=?
14:11:21,192 DEBUG SQL:104 - 
    update
        DataPoint 
    set
        description=? 
    where
        id=?
14:11:21,192 DEBUG SQL:104 - 
    update
        DataPoint 
    set
        description=? 
    where
        id=?
14:11:21,192 DEBUG SQL:104 - 
    update
        DataPoint 
    set
        description=? 
    where
        id=?
14:11:21,192 DEBUG SQL:104 - 
    update
        DataPoint 
    set
        description=? 
    where
        id=?
14:11:21,192 DEBUG SQL:104 - 
    update
        DataPoint 
    set
        description=? 
    where
        id=?
14:11:21,205 DEBUG SQL:104 - 
    update
        DataPoint 
    set
        description=? 
    where
        id=?
14:11:21,206 DEBUG SQL:104 - 
    update
        DataPoint 
    set
        description=? 
    where
        id=?
14:11:21,206 DEBUG SQL:104 - 
    update
        DataPoint 
    set
        description=? 
    where
        id=?
14:11:21,206 DEBUG SQL:104 - 
    update
        DataPoint 
    set
        description=? 
    where
        id=?
14:11:21,206 DEBUG SQL:104 - 
    update
        DataPoint 
    set
        description=? 
    where
        id=?
14:11:21,206 DEBUG SQL:104 - 
    update
        DataPoint 
    set
        description=? 
    where
        id=?
14:11:21,228 DEBUG SQL:104 - 
    update
        DataPoint 
    set
        description=? 
    where
        id=?
14:11:21,228 DEBUG SQL:104 - 
    update
        DataPoint 
    set
        description=? 
    where
        id=?
14:11:21,228 DEBUG SQL:104 - 
    update
        DataPoint 
    set
        description=? 
    where
        id=?
14:11:21,229 DEBUG SQL:104 - 
    update
        DataPoint 
    set
        description=? 
    where
        id=?
14:11:21,229 DEBUG SQL:104 - 
    update
        DataPoint 
    set
        description=? 
    where
        id=?
14:11:21,239 DEBUG SQL:104 - 
    update
        DataPoint 
    set
        description=? 
    where
        id=?
14:11:21,239 DEBUG SQL:104 - 
    update
        DataPoint 
    set
        description=? 
    where
        id=?
14:11:21,239 DEBUG SQL:104 - 
    update
        DataPoint 
    set
        description=? 
    where
        id=?
14:11:21,239 DEBUG SQL:104 - 
    update
        DataPoint 
    set
        description=? 
    where
        id=?
14:11:21,249 DEBUG SQL:104 - 
    update
        DataPoint 
    set
        description=? 
    where
        id=?
14:11:21,250 DEBUG SQL:104 - 
    update
        DataPoint 
    set
        description=? 
    where
        id=?
14:11:21,250 DEBUG SQL:104 - 
    update
        DataPoint 
    set
        description=? 
    where
        id=?
14:11:21,250 DEBUG SQL:104 - 
    update
        DataPoint 
    set
        description=? 
    where
        id=?
14:11:21,261 DEBUG SQL:104 - 
    update
        DataPoint 
    set
        description=? 
    where
        id=?
14:11:21,263 DEBUG SQL:104 - 
    update
        DataPoint 
    set
        description=? 
    where
        id=?
14:11:21,264 DEBUG SQL:104 - 
    update
        DataPoint 
    set
        description=? 
    where
        id=?
14:11:21,264 DEBUG SQL:104 - 
    update
        DataPoint 
    set
        description=? 
    where
        id=?
14:11:21,264 DEBUG SQL:104 - 
    update
        DataPoint 
    set
        description=? 
    where
        id=?
14:11:21,272 DEBUG SQL:104 - 
    update
        DataPoint 
    set
        description=? 
    where
        id=?
14:11:21,272 DEBUG SQL:104 - 
    update
        DataPoint 
    set
        description=? 
    where
        id=?
14:11:21,272 DEBUG SQL:104 - 
    update
        DataPoint 
    set
        description=? 
    where
        id=?
14:11:21,272 DEBUG SQL:104 - 
    update
        DataPoint 
    set
        description=? 
    where
        id=?
14:11:21,282 DEBUG SQL:104 - 
    update
        DataPoint 
    set
        description=? 
    where
        id=?
14:11:21,283 DEBUG SQL:104 - 
    update
        DataPoint 
    set
        description=? 
    where
        id=?
14:11:21,283 DEBUG SQL:104 - 
    update
        DataPoint 
    set
        description=? 
    where
        id=?
14:11:21,283 DEBUG SQL:104 - 
    update
        DataPoint 
    set
        description=? 
    where
        id=?
14:11:21,293 DEBUG SQL:104 - 
    update
        DataPoint 
    set
        description=? 
    where
        id=?
14:11:21,294 DEBUG SQL:104 - 
    update
        DataPoint 
    set
        description=? 
    where
        id=?
14:11:21,294 DEBUG SQL:104 - 
    update
        DataPoint 
    set
        description=? 
    where
        id=?
14:11:21,294 DEBUG SQL:104 - 
    update
        DataPoint 
    set
        description=? 
    where
        id=?
14:11:21,294 DEBUG SQL:104 - 
    update
        DataPoint 
    set
        description=? 
    where
        id=?
14:11:21,294 DEBUG SQL:104 - 
    update
        DataPoint 
    set
        description=? 
    where
        id=?
14:11:21,295 DEBUG SQL:104 - 
    update
        DataPoint 
    set
        description=? 
    where
        id=?
14:11:21,295 DEBUG SQL:104 - 
    update
        DataPoint 
    set
        description=? 
    where
        id=?
14:11:21,298 DEBUG SQL:104 - 
    update
        DataPoint 
    set
        description=? 
    where
        id=?
14:11:21,308 DEBUG SQL:104 - 
    update
        DataPoint 
    set
        description=? 
    where
        id=?
14:11:21,308 DEBUG SQL:104 - 
    update
        DataPoint 
    set
        description=? 
    where
        id=?
14:11:21,308 DEBUG SQL:104 - 
    update
        DataPoint 
    set
        description=? 
    where
        id=?
14:11:21,308 DEBUG SQL:104 - 
    update
        DataPoint 
    set
        description=? 
    where
        id=?
14:11:21,309 DEBUG SQL:104 - 
    update
        DataPoint 
    set
        description=? 
    where
        id=?
14:11:21,319 DEBUG SQL:104 - 
    update
        DataPoint 
    set
        description=? 
    where
        id=?
14:11:21,319 DEBUG SQL:104 - 
    update
        DataPoint 
    set
        description=? 
    where
        id=?
14:11:21,319 DEBUG SQL:104 - 
    update
        DataPoint 
    set
        description=? 
    where
        id=?
14:11:21,319 DEBUG SQL:104 - 
    update
        DataPoint 
    set
        description=? 
    where
        id=?
14:11:21,319 DEBUG SQL:104 - 
    update
        DataPoint 
    set
        description=? 
    where
        id=?
14:11:21,319 DEBUG SQL:104 - 
    update
        DataPoint 
    set
        description=? 
    where
        id=?
14:11:21,351 DEBUG SQL:104 - 
    update
        DataPoint 
    set
        description=? 
    where
        id=?
14:11:21,351 DEBUG SQL:104 - 
    update
        DataPoint 
    set
        description=? 
    where
        id=?
14:11:21,351 DEBUG SQL:104 - 
    update
        DataPoint 
    set
        description=? 
    where
        id=?
14:11:21,351 DEBUG SQL:104 - 
    update
        DataPoint 
    set
        description=? 
    where
        id=?
14:11:21,351 DEBUG SQL:104 - 
    update
        DataPoint 
    set
        description=? 
    where
        id=?
14:11:21,362 DEBUG SQL:104 - 
    update
        DataPoint 
    set
        description=? 
    where
        id=?
14:11:21,362 DEBUG SQL:104 - 
    update
        DataPoint 
    set
        description=? 
    where
        id=?
14:11:21,362 DEBUG SQL:104 - 
    update
        DataPoint 
    set
        description=? 
    where
        id=?
14:11:21,365 DEBUG SQL:104 - 
    update
        DataPoint 
    set
        description=? 
    where
        id=?
14:11:21,373 DEBUG SQL:104 - 
    update
        DataPoint 
    set
        description=? 
    where
        id=?
14:11:21,373 DEBUG SQL:104 - 
    update
        DataPoint 
    set
        description=? 
    where
        id=?
14:11:21,374 DEBUG SQL:104 - 
    update
        DataPoint 
    set
        description=? 
    where
        id=?
14:11:21,374 DEBUG SQL:104 - 
    update
        DataPoint 
    set
        description=? 
    where
        id=?
14:11:21,383 DEBUG SQL:104 - 
    update
        DataPoint 
    set
        description=? 
    where
        id=?
14:11:21,383 DEBUG SQL:104 - 
    update
        DataPoint 
    set
        description=? 
    where
        id=?
14:11:21,383 DEBUG SQL:104 - 
    update
        DataPoint 
    set
        description=? 
    where
        id=?
14:11:21,383 DEBUG SQL:104 - 
    update
        DataPoint 
    set
        description=? 
    where
        id=?
14:11:21,383 DEBUG SQL:104 - 
    update
        DataPoint 
    set
        description=? 
    where
        id=?
14:11:21,392 DEBUG SQL:104 - 
    update
        DataPoint 
    set
        description=? 
    where
        id=?
14:11:21,393 DEBUG SQL:104 - 
    update
        DataPoint 
    set
        description=? 
    where
        id=?
14:11:21,393 DEBUG SQL:104 - 
    update
        DataPoint 
    set
        description=? 
    where
        id=?
14:11:21,393 DEBUG SQL:104 - 
    update
        DataPoint 
    set
        description=? 
    where
        id=?
14:11:21,403 DEBUG SQL:104 - 
    update
        DataPoint 
    set
        description=? 
    where
        id=?
14:11:21,404 DEBUG SQL:104 - 
    update
        DataPoint 
    set
        description=? 
    where
        id=?
14:11:21,404 DEBUG SQL:104 - 
    update
        DataPoint 
    set
        description=? 
    where
        id=?
14:11:21,404 DEBUG SQL:104 - 
    update
        DataPoint 
    set
        description=? 
    where
        id=?
14:11:21,416 DEBUG SQL:104 - 
    update
        DataPoint 
    set
        description=? 
    where
        id=?
14:11:21,417 DEBUG SQL:104 - 
    update
        DataPoint 
    set
        description=? 
    where
        id=?
14:11:21,419 DEBUG SQL:104 - 
    update
        DataPoint 
    set
        description=? 
    where
        id=?
14:11:21,419 DEBUG SQL:104 - 
    update
        DataPoint 
    set
        description=? 
    where
        id=?
14:11:21,419 DEBUG SQL:104 - 
    update
        DataPoint 
    set
        description=? 
    where
        id=?
14:11:21,428 DEBUG SQL:104 - 
    update
        DataPoint 
    set
        description=? 
    where
        id=?
14:11:21,428 DEBUG SQL:104 - 
    update
        DataPoint 
    set
        description=? 
    where
        id=?
14:11:21,428 DEBUG SQL:104 - 
    update
        DataPoint 
    set
        description=? 
    where
        id=?
14:11:21,429 DEBUG SQL:104 - 
    update
        DataPoint 
    set
        description=? 
    where
        id=?
14:11:21,429 DEBUG SQL:104 - 
    update
        DataPoint 
    set
        description=? 
    where
        id=?
14:11:21,429 DEBUG SQL:104 - 
    update
        DataPoint 
    set
        description=? 
    where
        id=?
14:11:21,429 DEBUG SQL:104 - 
    update
        DataPoint 
    set
        description=? 
    where
        id=?
14:11:21,429 DEBUG SQL:104 - 
    update
        DataPoint 
    set
        description=? 
    where
        id=?
14:11:21,429 DEBUG SQL:104 - 
    update
        DataPoint 
    set
        description=? 
    where
        id=?
14:11:21,442 DEBUG SQL:104 - 
    update
        DataPoint 
    set
        description=? 
    where
        id=?
14:11:21,442 DEBUG SQL:104 - 
    update
        DataPoint 
    set
        description=? 
    where
        id=?
14:11:21,443 DEBUG SQL:104 - 
    update
        DataPoint 
    set
        description=? 
    where
        id=?
14:11:21,443 DEBUG SQL:104 - 
    update
        DataPoint 
    set
        description=? 
    where
        id=?
14:11:21,452 DEBUG SQL:104 - 
    update
        DataPoint 
    set
        description=? 
    where
        id=?
14:11:21,452 DEBUG SQL:104 - 
    update
        DataPoint 
    set
        description=? 
    where
        id=?
14:11:21,452 DEBUG SQL:104 - 
    update
        DataPoint 
    set
        description=? 
    where
        id=?
14:11:21,453 DEBUG SQL:104 - 
    update
        DataPoint 
    set
        description=? 
    where
        id=?
14:11:21,455 DEBUG SQL:104 - 
    update
        DataPoint 
    set
        description=? 
    where
        id=?
14:11:21,456 DEBUG SQL:104 - 
    update
        DataPoint 
    set
        description=? 
    where
        id=?
14:11:21,477 DEBUG SQL:104 - 
    update
        DataPoint 
    set
        description=? 
    where
        id=?
14:11:21,477 DEBUG SQL:104 - 
    update
        DataPoint 
    set
        description=? 
    where
        id=?
14:11:21,477 DEBUG SQL:104 - 
    update
        DataPoint 
    set
        description=? 
    where
        id=?
14:11:21,477 DEBUG SQL:104 - 
    update
        DataPoint 
    set
        description=? 
    where
        id=?
14:11:21,477 DEBUG SQL:104 - 
    update
        DataPoint 
    set
        description=? 
    where
        id=?
14:11:21,487 DEBUG SQL:104 - 
    update
        DataPoint 
    set
        description=? 
    where
        id=?
14:11:21,487 DEBUG SQL:104 - 
    update
        DataPoint 
    set
        description=? 
    where
        id=?
14:11:21,487 DEBUG SQL:104 - 
    update
        DataPoint 
    set
        description=? 
    where
        id=?
14:11:21,487 DEBUG SQL:104 - 
    update
        DataPoint 
    set
        description=? 
    where
        id=?
14:11:21,498 DEBUG SQL:104 - 
    update
        DataPoint 
    set
        description=? 
    where
        id=?
14:11:21,498 DEBUG SQL:104 - 
    update
        DataPoint 
    set
        description=? 
    where
        id=?
14:11:21,499 DEBUG SQL:104 - 
    update
        DataPoint 
    set
        description=? 
    where
        id=?
14:11:21,499 DEBUG SQL:104 - 
    update
        DataPoint 
    set
        description=? 
    where
        id=?
14:11:21,499 DEBUG SQL:104 - 
    update
        DataPoint 
    set
        description=? 
    where
        id=?
14:11:21,509 DEBUG SQL:104 - 
    update
        DataPoint 
    set
        description=? 
    where
        id=?
14:11:21,509 DEBUG SQL:104 - 
    update
        DataPoint 
    set
        description=? 
    where
        id=?
14:11:21,509 DEBUG SQL:104 - 
    update
        DataPoint 
    set
        description=? 
    where
        id=?
14:11:21,510 DEBUG SQL:104 - 
    update
        DataPoint 
    set
        description=? 
    where
        id=?
14:11:21,522 DEBUG SQL:104 - 
    update
        DataPoint 
    set
        description=? 
    where
        id=?
14:11:21,522 DEBUG SQL:104 - 
    update
        DataPoint 
    set
        description=? 
    where
        id=?
14:11:21,522 DEBUG SQL:104 - 
    update
        DataPoint 
    set
        description=? 
    where
        id=?
14:11:21,522 DEBUG SQL:104 - 
    update
        DataPoint 
    set
        description=? 
    where
        id=?
14:11:21,532 DEBUG SQL:104 - 
    update
        DataPoint 
    set
        description=? 
    where
        id=?
14:11:21,532 DEBUG SQL:104 - 
    update
        DataPoint 
    set
        description=? 
    where
        id=?
14:11:21,532 DEBUG SQL:104 - 
    update
        DataPoint 
    set
        description=? 
    where
        id=?
14:11:21,532 DEBUG SQL:104 - 
    update
        DataPoint 
    set
        description=? 
    where
        id=?
14:11:21,533 DEBUG SQL:104 - 
    update
        DataPoint 
    set
        description=? 
    where
        id=?
14:11:21,543 DEBUG SQL:104 - 
    update
        DataPoint 
    set
        description=? 
    where
        id=?
14:11:21,543 DEBUG SQL:104 - 
    update
        DataPoint 
    set
        description=? 
    where
        id=?
14:11:21,543 DEBUG SQL:104 - 
    update
        DataPoint 
    set
        description=? 
    where
        id=?
14:11:21,543 DEBUG SQL:104 - 
    update
        DataPoint 
    set
        description=? 
    where
        id=?
14:11:21,554 DEBUG SQL:104 - 
    update
        DataPoint 
    set
        description=? 
    where
        id=?
14:11:21,554 DEBUG SQL:104 - 
    update
        DataPoint 
    set
        description=? 
    where
        id=?
14:11:21,554 DEBUG SQL:104 - 
    update
        DataPoint 
    set
        description=? 
    where
        id=?
14:11:21,554 DEBUG SQL:104 - 
    update
        DataPoint 
    set
        description=? 
    where
        id=?
14:11:21,555 DEBUG SQL:104 - 
    update
        DataPoint 
    set
        description=? 
    where
        id=?
14:11:21,555 DEBUG SQL:104 - 
    update
        DataPoint 
    set
        description=? 
    where
        id=?
14:11:21,555 DEBUG SQL:104 - 
    update
        DataPoint 
    set
        description=? 
    where
        id=?
14:11:21,557 DEBUG SQL:104 - 
    update
        DataPoint 
    set
        description=? 
    where
        id=?
14:11:21,557 DEBUG SQL:104 - 
    update
        DataPoint 
    set
        description=? 
    where
        id=?
14:11:21,567 DEBUG SQL:104 - 
    update
        DataPoint 
    set
        description=? 
    where
        id=?
14:11:21,567 DEBUG SQL:104 - 
    update
        DataPoint 
    set
        description=? 
    where
        id=?
14:11:21,567 DEBUG SQL:104 - 
    update
        DataPoint 
    set
        description=? 
    where
        id=?
14:11:21,567 DEBUG SQL:104 - 
    update
        DataPoint 
    set
        description=? 
    where
        id=?
14:11:21,577 DEBUG SQL:104 - 
    update
        DataPoint 
    set
        description=? 
    where
        id=?
14:11:21,577 DEBUG SQL:104 - 
    update
        DataPoint 
    set
        description=? 
    where
        id=?
14:11:21,577 DEBUG SQL:104 - 
    update
        DataPoint 
    set
        description=? 
    where
        id=?
14:11:21,577 DEBUG SQL:104 - 
    update
        DataPoint 
    set
        description=? 
    where
        id=?
14:11:21,577 DEBUG SQL:104 - 
    update
        DataPoint 
    set
        description=? 
    where
        id=?
14:11:21,578 DEBUG SQL:104 - 
    update
        DataPoint 
    set
        description=? 
    where
        id=?
14:11:21,578 DEBUG SQL:104 - 
    update
        DataPoint 
    set
        description=? 
    where
        id=?
14:11:21,600 DEBUG SQL:104 - 
    update
        DataPoint 
    set
        description=? 
    where
        id=?
14:11:21,600 DEBUG SQL:104 - 
    update
        DataPoint 
    set
        description=? 
    where
        id=?
14:11:21,600 DEBUG SQL:104 - 
    update
        DataPoint 
    set
        description=? 
    where
        id=?
14:11:21,600 DEBUG SQL:104 - 
    update
        DataPoint 
    set
        description=? 
    where
        id=?
14:11:21,610 DEBUG SQL:104 - 
    update
        DataPoint 
    set
        description=? 
    where
        id=?
14:11:21,610 DEBUG SQL:104 - 
    update
        DataPoint 
    set
        description=? 
    where
        id=?
14:11:21,610 DEBUG SQL:104 - 
    update
        DataPoint 
    set
        description=? 
    where
        id=?
14:11:21,612 DEBUG SQL:104 - 
    update
        DataPoint 
    set
        description=? 
    where
        id=?
14:11:21,613 DEBUG SQL:104 - 
    update
        DataPoint 
    set
        description=? 
    where
        id=?
14:11:21,622 DEBUG SQL:104 - 
    update
        DataPoint 
    set
        description=? 
    where
        id=?
14:11:21,623 DEBUG SQL:104 - 
    update
        DataPoint 
    set
        description=? 
    where
        id=?
14:11:21,623 DEBUG SQL:104 - 
    update
        DataPoint 
    set
        description=? 
    where
        id=?
14:11:21,623 DEBUG SQL:104 - 
    update
        DataPoint 
    set
        description=? 
    where
        id=?
14:11:21,634 DEBUG SQL:104 - 
    update
        DataPoint 
    set
        description=? 
    where
        id=?
14:11:21,634 DEBUG SQL:104 - 
    update
        DataPoint 
    set
        description=? 
    where
        id=?
14:11:21,634 DEBUG SQL:104 - 
    update
        DataPoint 
    set
        description=? 
    where
        id=?
14:11:21,634 DEBUG SQL:104 - 
    update
        DataPoint 
    set
        description=? 
    where
        id=?
14:11:21,644 DEBUG SQL:104 - 
    update
        DataPoint 
    set
        description=? 
    where
        id=?
14:11:21,644 DEBUG SQL:104 - 
    update
        DataPoint 
    set
        description=? 
    where
        id=?
14:11:21,644 DEBUG SQL:104 - 
    update
        DataPoint 
    set
        description=? 
    where
        id=?
14:11:21,644 DEBUG SQL:104 - 
    update
        DataPoint 
    set
        description=? 
    where
        id=?
14:11:21,644 DEBUG SQL:104 - 
    update
        DataPoint 
    set
        description=? 
    where
        id=?
14:11:21,657 DEBUG SQL:104 - 
    update
        DataPoint 
    set
        description=? 
    where
        id=?
14:11:21,657 DEBUG SQL:104 - 
    update
        DataPoint 
    set
        description=? 
    where
        id=?
14:11:21,657 DEBUG SQL:104 - 
    update
        DataPoint 
    set
        description=? 
    where
        id=?
14:11:21,657 DEBUG SQL:104 - 
    update
        DataPoint 
    set
        description=? 
    where
        id=?
14:11:21,657 DEBUG SQL:104 - 
    update
        DataPoint 
    set
        description=? 
    where
        id=?
14:11:21,660 DEBUG SQL:104 - 
    update
        DataPoint 
    set
        description=? 
    where
        id=?
14:11:21,660 DEBUG SQL:104 - 
    update
        DataPoint 
    set
        description=? 
    where
        id=?
14:11:21,660 DEBUG SQL:104 - 
    update
        DataPoint 
    set
        description=? 
    where
        id=?
14:11:21,660 DEBUG SQL:104 - 
    update
        DataPoint 
    set
        description=? 
    where
        id=?
14:11:21,661 DEBUG SQL:104 - 
    update
        DataPoint 
    set
        description=? 
    where
        id=?
14:11:21,681 DEBUG SQL:104 - 
    update
        DataPoint 
    set
        description=? 
    where
        id=?
14:11:21,682 DEBUG SQL:104 - 
    update
        DataPoint 
    set
        description=? 
    where
        id=?
14:11:21,682 DEBUG SQL:104 - 
    update
        DataPoint 
    set
        description=? 
    where
        id=?
14:11:21,682 DEBUG SQL:104 - 
    update
        DataPoint 
    set
        description=? 
    where
        id=?
14:11:21,682 DEBUG SQL:104 - 
    update
        DataPoint 
    set
        description=? 
    where
        id=?
14:11:21,682 DEBUG SQL:104 - 
    update
        DataPoint 
    set
        description=? 
    where
        id=?
14:11:21,682 DEBUG SQL:104 - 
    update
        DataPoint 
    set
        description=? 
    where
        id=?
14:11:21,682 DEBUG SQL:104 - 
    update
        DataPoint 
    set
        description=? 
    where
        id=?
14:11:21,683 DEBUG SQL:104 - 
    update
        DataPoint 
    set
        description=? 
    where
        id=?
14:11:21,693 DEBUG SQL:104 - 
    update
        DataPoint 
    set
        description=? 
    where
        id=?
14:11:21,693 DEBUG SQL:104 - 
    update
        DataPoint 
    set
        description=? 
    where
        id=?
14:11:21,693 DEBUG SQL:104 - 
    update
        DataPoint 
    set
        description=? 
    where
        id=?
14:11:21,694 DEBUG SQL:104 - 
    update
        DataPoint 
    set
        description=? 
    where
        id=?
14:11:21,703 DEBUG SQL:104 - 
    update
        DataPoint 
    set
        description=? 
    where
        id=?
14:11:21,703 DEBUG SQL:104 - 
    update
        DataPoint 
    set
        description=? 
    where
        id=?
14:11:21,706 DEBUG SQL:104 - 
    update
        DataPoint 
    set
        description=? 
    where
        id=?
14:11:21,706 DEBUG SQL:104 - 
    update
        DataPoint 
    set
        description=? 
    where
        id=?
14:11:21,706 DEBUG SQL:104 - 
    update
        DataPoint 
    set
        description=? 
    where
        id=?
14:11:21,706 DEBUG SQL:104 - 
    update
        DataPoint 
    set
        description=? 
    where
        id=?
14:11:21,706 DEBUG SQL:104 - 
    update
        DataPoint 
    set
        description=? 
    where
        id=?
14:11:21,727 DEBUG SQL:104 - 
    update
        DataPoint 
    set
        description=? 
    where
        id=?
14:11:21,727 DEBUG SQL:104 - 
    update
        DataPoint 
    set
        description=? 
    where
        id=?
14:11:21,728 DEBUG SQL:104 - 
    update
        DataPoint 
    set
        description=? 
    where
        id=?
14:11:21,728 DEBUG SQL:104 - 
    update
        DataPoint 
    set
        description=? 
    where
        id=?
14:11:21,738 DEBUG SQL:104 - 
    update
        DataPoint 
    set
        description=? 
    where
        id=?
14:11:21,738 DEBUG SQL:104 - 
    update
        DataPoint 
    set
        description=? 
    where
        id=?
14:11:21,739 DEBUG SQL:104 - 
    update
        DataPoint 
    set
        description=? 
    where
        id=?
14:11:21,739 DEBUG SQL:104 - 
    update
        DataPoint 
    set
        description=? 
    where
        id=?
14:11:21,739 DEBUG SQL:104 - 
    update
        DataPoint 
    set
        description=? 
    where
        id=?
14:11:21,748 DEBUG SQL:104 - 
    update
        DataPoint 
    set
        description=? 
    where
        id=?
14:11:21,750 DEBUG SQL:104 - 
    update
        DataPoint 
    set
        description=? 
    where
        id=?
14:11:21,750 DEBUG SQL:104 - 
    update
        DataPoint 
    set
        description=? 
    where
        id=?
14:11:21,750 DEBUG SQL:104 - 
    update
        DataPoint 
    set
        description=? 
    where
        id=?
14:11:21,761 DEBUG SQL:104 - 
    update
        DataPoint 
    set
        description=? 
    where
        id=?
14:11:21,761 DEBUG SQL:104 - 
    update
        DataPoint 
    set
        description=? 
    where
        id=?
14:11:21,763 DEBUG SQL:104 - 
    update
        DataPoint 
    set
        description=? 
    where
        id=?
14:11:21,763 DEBUG SQL:104 - 
    update
        DataPoint 
    set
        description=? 
    where
        id=?
14:11:21,771 DEBUG SQL:104 - 
    update
        DataPoint 
    set
        description=? 
    where
        id=?
14:11:21,772 DEBUG SQL:104 - 
    update
        DataPoint 
    set
        description=? 
    where
        id=?
14:11:21,772 DEBUG SQL:104 - 
    update
        DataPoint 
    set
        description=? 
    where
        id=?
14:11:21,772 DEBUG SQL:104 - 
    update
        DataPoint 
    set
        description=? 
    where
        id=?
14:11:21,772 DEBUG SQL:104 - 
    update
        DataPoint 
    set
        description=? 
    where
        id=?
14:11:21,782 DEBUG SQL:104 - 
    update
        DataPoint 
    set
        description=? 
    where
        id=?
14:11:21,782 DEBUG SQL:104 - 
    update
        DataPoint 
    set
        description=? 
    where
        id=?
14:11:21,782 DEBUG SQL:104 - 
    update
        DataPoint 
    set
        description=? 
    where
        id=?
14:11:21,782 DEBUG SQL:104 - 
    update
        DataPoint 
    set
        description=? 
    where
        id=?
14:11:21,791 DEBUG SQL:104 - 
    update
        DataPoint 
    set
        description=? 
    where
        id=?
14:11:21,792 DEBUG SQL:104 - 
    update
        DataPoint 
    set
        description=? 
    where
        id=?
14:11:21,792 DEBUG SQL:104 - 
    update
        DataPoint 
    set
        description=? 
    where
        id=?
14:11:21,792 DEBUG SQL:104 - 
    update
        DataPoint 
    set
        description=? 
    where
        id=?
14:11:21,792 DEBUG SQL:104 - 
    update
        DataPoint 
    set
        description=? 
    where
        id=?
14:11:21,801 DEBUG SQL:104 - 
    update
        DataPoint 
    set
        description=? 
    where
        id=?
14:11:21,802 DEBUG SQL:104 - 
    update
        DataPoint 
    set
        description=? 
    where
        id=?
14:11:21,802 DEBUG SQL:104 - 
    update
        DataPoint 
    set
        description=? 
    where
        id=?
14:11:21,802 DEBUG SQL:104 - 
    update
        DataPoint 
    set
        description=? 
    where
        id=?
14:11:21,804 DEBUG SQL:104 - 
    update
        DataPoint 
    set
        description=? 
    where
        id=?
14:11:21,804 DEBUG SQL:104 - 
    update
        DataPoint 
    set
        description=? 
    where
        id=?
14:11:21,804 DEBUG SQL:104 - 
    update
        DataPoint 
    set
        description=? 
    where
        id=?
14:11:21,804 DEBUG SQL:104 - 
    update
        DataPoint 
    set
        description=? 
    where
        id=?
14:11:21,815 DEBUG SQL:104 - 
    update
        DataPoint 
    set
        description=? 
    where
        id=?
14:11:21,815 DEBUG SQL:104 - 
    update
        DataPoint 
    set
        description=? 
    where
        id=?
14:11:21,815 DEBUG SQL:104 - 
    update
        DataPoint 
    set
        description=? 
    where
        id=?
14:11:21,815 DEBUG SQL:104 - 
    update
        DataPoint 
    set
        description=? 
    where
        id=?
14:11:21,816 DEBUG SQL:104 - 
    update
        DataPoint 
    set
        description=? 
    where
        id=?
14:11:21,829 DEBUG SQL:104 - 
    update
        DataPoint 
    set
        description=? 
    where
        id=?
14:11:21,829 DEBUG SQL:104 - 
    update
        DataPoint 
    set
        description=? 
    where
        id=?
14:11:21,830 DEBUG SQL:104 - 
    update
        DataPoint 
    set
        description=? 
    where
        id=?
14:11:21,830 DEBUG SQL:104 - 
    update
        DataPoint 
    set
        description=? 
    where
        id=?
14:11:21,830 DEBUG SQL:104 - 
    update
        DataPoint 
    set
        description=? 
    where
        id=?
14:11:21,830 DEBUG SQL:104 - 
    update
        DataPoint 
    set
        description=? 
    where
        id=?
14:11:21,849 DEBUG SQL:104 - 
    update
        DataPoint 
    set
        description=? 
    where
        id=?
14:11:21,850 DEBUG SQL:104 - 
    update
        DataPoint 
    set
        description=? 
    where
        id=?
14:11:21,850 DEBUG SQL:104 - 
    update
        DataPoint 
    set
        description=? 
    where
        id=?
14:11:21,850 DEBUG SQL:104 - 
    update
        DataPoint 
    set
        description=? 
    where
        id=?
14:11:21,850 DEBUG SQL:104 - 
    update
        DataPoint 
    set
        description=? 
    where
        id=?
14:11:21,861 DEBUG SQL:104 - 
    update
        DataPoint 
    set
        description=? 
    where
        id=?
14:11:21,862 DEBUG SQL:104 - 
    update
        DataPoint 
    set
        description=? 
    where
        id=?
14:11:21,862 DEBUG SQL:104 - 
    update
        DataPoint 
    set
        description=? 
    where
        id=?
14:11:21,862 DEBUG SQL:104 - 
    update
        DataPoint 
    set
        description=? 
    where
        id=?
14:11:21,870 DEBUG SQL:104 - 
    update
        DataPoint 
    set
        description=? 
    where
        id=?
14:11:21,870 DEBUG SQL:104 - 
    update
        DataPoint 
    set
        description=? 
    where
        id=?
14:11:21,870 DEBUG SQL:104 - 
    update
        DataPoint 
    set
        description=? 
    where
        id=?
14:11:21,870 DEBUG SQL:104 - 
    update
        DataPoint 
    set
        description=? 
    where
        id=?
14:11:21,880 DEBUG SQL:104 - 
    update
        DataPoint 
    set
        description=? 
    where
        id=?
14:11:21,891 DEBUG SQL:104 - 
    update
        DataPoint 
    set
        description=? 
    where
        id=?
14:11:21,891 DEBUG SQL:104 - 
    update
        DataPoint 
    set
        description=? 
    where
        id=?
14:11:21,891 DEBUG SQL:104 - 
    update
        DataPoint 
    set
        description=? 
    where
        id=?
14:11:21,892 DEBUG SQL:104 - 
    update
        DataPoint 
    set
        description=? 
    where
        id=?
14:11:21,892 DEBUG SQL:104 - 
    update
        DataPoint 
    set
        description=? 
    where
        id=?
14:11:21,892 DEBUG SQL:104 - 
    update
        DataPoint 
    set
        description=? 
    where
        id=?
14:11:21,892 DEBUG SQL:104 - 
    update
        DataPoint 
    set
        description=? 
    where
        id=?
14:11:21,892 DEBUG SQL:104 - 
    update
        DataPoint 
    set
        description=? 
    where
        id=?
14:11:21,904 DEBUG SQL:104 - 
    update
        DataPoint 
    set
        description=? 
    where
        id=?
14:11:21,904 DEBUG SQL:104 - 
    update
        DataPoint 
    set
        description=? 
    where
        id=?
14:11:21,904 DEBUG SQL:104 - 
    update
        DataPoint 
    set
        description=? 
    where
        id=?
14:11:21,906 DEBUG SQL:104 - 
    update
        DataPoint 
    set
        description=? 
    where
        id=?
14:11:21,907 DEBUG SQL:104 - 
    update
        DataPoint 
    set
        description=? 
    where
        id=?
14:11:21,915 DEBUG SQL:104 - 
    update
        DataPoint 
    set
        description=? 
    where
        id=?
14:11:21,915 DEBUG SQL:104 - 
    update
        DataPoint 
    set
        description=? 
    where
        id=?
14:11:21,915 DEBUG SQL:104 - 
    update
        DataPoint 
    set
        description=? 
    where
        id=?
14:11:21,916 DEBUG SQL:104 - 
    update
        DataPoint 
    set
        description=? 
    where
        id=?
14:11:21,929 DEBUG SQL:104 - 
    update
        DataPoint 
    set
        description=? 
    where
        id=?
14:11:21,929 DEBUG SQL:104 - 
    update
        DataPoint 
    set
        description=? 
    where
        id=?
14:11:21,929 DEBUG SQL:104 - 
    update
        DataPoint 
    set
        description=? 
    where
        id=?
14:11:21,929 DEBUG SQL:104 - 
    update
        DataPoint 
    set
        description=? 
    where
        id=?
14:11:21,930 DEBUG SQL:104 - 
    update
        DataPoint 
    set
        description=? 
    where
        id=?
14:11:21,930 DEBUG SQL:104 - 
    update
        DataPoint 
    set
        description=? 
    where
        id=?
14:11:21,930 DEBUG SQL:104 - 
    update
        DataPoint 
    set
        description=? 
    where
        id=?
14:11:21,930 DEBUG SQL:104 - 
    update
        DataPoint 
    set
        description=? 
    where
        id=?
14:11:21,930 DEBUG SQL:104 - 
    update
        DataPoint 
    set
        description=? 
    where
        id=?
14:11:21,946 DEBUG SQL:104 - 
    update
        DataPoint 
    set
        description=? 
    where
        id=?
14:11:21,946 DEBUG SQL:104 - 
    update
        DataPoint 
    set
        description=? 
    where
        id=?
14:11:21,946 DEBUG SQL:104 - 
    update
        DataPoint 
    set
        description=? 
    where
        id=?
14:11:21,946 DEBUG SQL:104 - 
    update
        DataPoint 
    set
        description=? 
    where
        id=?
14:11:21,969 DEBUG SQL:104 - 
    update
        DataPoint 
    set
        description=? 
    where
        id=?
14:11:21,971 DEBUG SQL:104 - 
    update
        DataPoint 
    set
        description=? 
    where
        id=?
14:11:21,972 DEBUG SQL:104 - 
    update
        DataPoint 
    set
        description=? 
    where
        id=?
14:11:21,972 DEBUG SQL:104 - 
    update
        DataPoint 
    set
        description=? 
    where
        id=?
14:11:21,972 DEBUG SQL:104 - 
    update
        DataPoint 
    set
        description=? 
    where
        id=?
14:11:21,972 DEBUG SQL:104 - 
    update
        DataPoint 
    set
        description=? 
    where
        id=?
14:11:21,972 DEBUG SQL:104 - 
    update
        DataPoint 
    set
        description=? 
    where
        id=?
14:11:21,989 DEBUG SQL:104 - 
    update
        DataPoint 
    set
        description=? 
    where
        id=?
14:11:21,989 DEBUG SQL:104 - 
    update
        DataPoint 
    set
        description=? 
    where
        id=?
14:11:21,990 DEBUG SQL:104 - 
    update
        DataPoint 
    set
        description=? 
    where
        id=?
14:11:21,990 DEBUG SQL:104 - 
    update
        DataPoint 
    set
        description=? 
    where
        id=?
14:11:22,000 DEBUG SQL:104 - 
    update
        DataPoint 
    set
        description=? 
    where
        id=?
14:11:22,001 DEBUG SQL:104 - 
    update
        DataPoint 
    set
        description=? 
    where
        id=?
14:11:22,001 DEBUG SQL:104 - 
    update
        DataPoint 
    set
        description=? 
    where
        id=?
14:11:22,001 DEBUG SQL:104 - 
    update
        DataPoint 
    set
        description=? 
    where
        id=?
14:11:22,011 DEBUG SQL:104 - 
    update
        DataPoint 
    set
        description=? 
    where
        id=?
14:11:22,011 DEBUG SQL:104 - 
    update
        DataPoint 
    set
        description=? 
    where
        id=?
14:11:22,012 DEBUG SQL:104 - 
    update
        DataPoint 
    set
        description=? 
    where
        id=?
14:11:22,012 DEBUG SQL:104 - 
    update
        DataPoint 
    set
        description=? 
    where
        id=?
14:11:22,012 DEBUG SQL:104 - 
    update
        DataPoint 
    set
        description=? 
    where
        id=?
14:11:22,021 DEBUG SQL:104 - 
    update
        DataPoint 
    set
        description=? 
    where
        id=?
14:11:22,023 DEBUG SQL:104 - 
    update
        DataPoint 
    set
        description=? 
    where
        id=?
14:11:22,024 DEBUG SQL:104 - 
    update
        DataPoint 
    set
        description=? 
    where
        id=?
14:11:22,024 DEBUG SQL:104 - 
    update
        DataPoint 
    set
        description=? 
    where
        id=?
14:11:22,031 DEBUG SQL:104 - 
    update
        DataPoint 
    set
        description=? 
    where
        id=?
14:11:22,031 DEBUG SQL:104 - 
    update
        DataPoint 
    set
        description=? 
    where
        id=?
14:11:22,031 DEBUG SQL:104 - 
    update
        DataPoint 
    set
        description=? 
    where
        id=?
14:11:22,031 DEBUG SQL:104 - 
    update
        DataPoint 
    set
        description=? 
    where
        id=?
14:11:22,041 DEBUG SQL:104 - 
    update
        DataPoint 
    set
        description=? 
    where
        id=?
14:11:22,042 DEBUG SQL:104 - 
    update
        DataPoint 
    set
        description=? 
    where
        id=?
14:11:22,042 DEBUG SQL:104 - 
    update
        DataPoint 
    set
        description=? 
    where
        id=?
14:11:22,042 DEBUG SQL:104 - 
    update
        DataPoint 
    set
        description=? 
    where
        id=?
14:11:22,042 DEBUG SQL:104 - 
    update
        DataPoint 
    set
        description=? 
    where
        id=?
14:11:22,052 DEBUG SQL:104 - 
    update
        DataPoint 
    set
        description=? 
    where
        id=?
14:11:22,052 DEBUG SQL:104 - 
    update
        DataPoint 
    set
        description=? 
    where
        id=?
14:11:22,052 DEBUG SQL:104 - 
    update
        DataPoint 
    set
        description=? 
    where
        id=?
14:11:22,053 DEBUG SQL:104 - 
    update
        DataPoint 
    set
        description=? 
    where
        id=?
14:11:22,053 DEBUG SQL:104 - 
    update
        DataPoint 
    set
        description=? 
    where
        id=?
14:11:22,053 DEBUG SQL:104 - 
    update
        DataPoint 
    set
        description=? 
    where
        id=?
14:11:22,053 DEBUG SQL:104 - 
    update
        DataPoint 
    set
        description=? 
    where
        id=?
14:11:22,053 DEBUG SQL:104 - 
    update
        DataPoint 
    set
        description=? 
    where
        id=?
14:11:22,055 DEBUG SQL:104 - 
    update
        DataPoint 
    set
        description=? 
    where
        id=?
14:11:22,065 DEBUG SQL:104 - 
    update
        DataPoint 
    set
        description=? 
    where
        id=?
14:11:22,065 DEBUG SQL:104 - 
    update
        DataPoint 
    set
        description=? 
    where
        id=?
14:11:22,065 DEBUG SQL:104 - 
    update
        DataPoint 
    set
        description=? 
    where
        id=?
14:11:22,065 DEBUG SQL:104 - 
    update
        DataPoint 
    set
        description=? 
    where
        id=?
14:11:22,076 DEBUG SQL:104 - 
    update
        DataPoint 
    set
        description=? 
    where
        id=?
14:11:22,077 DEBUG SQL:104 - 
    update
        DataPoint 
    set
        description=? 
    where
        id=?
14:11:22,077 DEBUG SQL:104 - 
    update
        DataPoint 
    set
        description=? 
    where
        id=?
14:11:22,077 DEBUG SQL:104 - 
    update
        DataPoint 
    set
        description=? 
    where
        id=?
14:11:22,077 DEBUG SQL:104 - 
    update
        DataPoint 
    set
        description=? 
    where
        id=?
14:11:22,077 DEBUG SQL:104 - 
    update
        DataPoint 
    set
        description=? 
    where
        id=?
14:11:22,077 DEBUG SQL:104 - 
    update
        DataPoint 
    set
        description=? 
    where
        id=?
14:11:22,100 DEBUG SQL:104 - 
    update
        DataPoint 
    set
        description=? 
    where
        id=?
14:11:22,101 DEBUG SQL:104 - 
    update
        DataPoint 
    set
        description=? 
    where
        id=?
14:11:22,101 DEBUG SQL:104 - 
    update
        DataPoint 
    set
        description=? 
    where
        id=?
14:11:22,101 DEBUG SQL:104 - 
    update
        DataPoint 
    set
        description=? 
    where
        id=?
14:11:22,111 DEBUG SQL:104 - 
    update
        DataPoint 
    set
        description=? 
    where
        id=?
14:11:22,111 DEBUG SQL:104 - 
    update
        DataPoint 
    set
        description=? 
    where
        id=?
14:11:22,111 DEBUG SQL:104 - 
    update
        DataPoint 
    set
        description=? 
    where
        id=?
14:11:22,111 DEBUG SQL:104 - 
    update
        DataPoint 
    set
        description=? 
    where
        id=?
14:11:22,124 DEBUG SQL:104 - 
    update
        DataPoint 
    set
        description=? 
    where
        id=?
14:11:22,124 DEBUG SQL:104 - 
    update
        DataPoint 
    set
        description=? 
    where
        id=?
14:11:22,124 DEBUG SQL:104 - 
    update
        DataPoint 
    set
        description=? 
    where
        id=?
14:11:22,124 DEBUG SQL:104 - 
    update
        DataPoint 
    set
        description=? 
    where
        id=?
14:11:22,125 DEBUG SQL:104 - 
    update
        DataPoint 
    set
        description=? 
    where
        id=?
14:11:22,135 DEBUG SQL:104 - 
    update
        DataPoint 
    set
        description=? 
    where
        id=?
14:11:22,135 DEBUG SQL:104 - 
    update
        DataPoint 
    set
        description=? 
    where
        id=?
14:11:22,136 DEBUG SQL:104 - 
    update
        DataPoint 
    set
        description=? 
    where
        id=?
14:11:22,136 DEBUG SQL:104 - 
    update
        DataPoint 
    set
        description=? 
    where
        id=?
14:11:22,147 DEBUG SQL:104 - 
    update
        DataPoint 
    set
        description=? 
    where
        id=?
14:11:22,147 DEBUG SQL:104 - 
    update
        DataPoint 
    set
        description=? 
    where
        id=?
14:11:22,147 DEBUG SQL:104 - 
    update
        DataPoint 
    set
        description=? 
    where
        id=?
14:11:22,147 DEBUG SQL:104 - 
    update
        DataPoint 
    set
        description=? 
    where
        id=?
14:11:22,147 DEBUG SQL:104 - 
    update
        DataPoint 
    set
        description=? 
    where
        id=?
14:11:22,148 DEBUG SQL:104 - 
    update
        DataPoint 
    set
        description=? 
    where
        id=?
14:11:22,148 DEBUG SQL:104 - 
    update
        DataPoint 
    set
        description=? 
    where
        id=?
14:11:22,148 DEBUG SQL:104 - 
    update
        DataPoint 
    set
        description=? 
    where
        id=?
14:11:22,148 DEBUG SQL:104 - 
    update
        DataPoint 
    set
        description=? 
    where
        id=?
14:11:22,148 DEBUG SQL:104 - 
    update
        DataPoint 
    set
        description=? 
    where
        id=?
14:11:22,148 DEBUG SQL:104 - 
    update
        DataPoint 
    set
        description=? 
    where
        id=?
14:11:22,172 DEBUG SQL:104 - 
    update
        DataPoint 
    set
        description=? 
    where
        id=?
14:11:22,172 DEBUG SQL:104 - 
    update
        DataPoint 
    set
        description=? 
    where
        id=?
14:11:22,172 DEBUG SQL:104 - 
    update
        DataPoint 
    set
        description=? 
    where
        id=?
14:11:22,173 DEBUG SQL:104 - 
    update
        DataPoint 
    set
        description=? 
    where
        id=?
14:11:22,181 DEBUG SQL:104 - 
    update
        DataPoint 
    set
        description=? 
    where
        id=?
14:11:22,181 DEBUG SQL:104 - 
    update
        DataPoint 
    set
        description=? 
    where
        id=?
14:11:22,182 DEBUG SQL:104 - 
    update
        DataPoint 
    set
        description=? 
    where
        id=?
14:11:22,182 DEBUG SQL:104 - 
    update
        DataPoint 
    set
        description=? 
    where
        id=?
14:11:22,182 DEBUG SQL:104 - 
    update
        DataPoint 
    set
        description=? 
    where
        id=?
14:11:22,182 DEBUG SQL:104 - 
    update
        DataPoint 
    set
        description=? 
    where
        id=?
14:11:22,182 DEBUG SQL:104 - 
    update
        DataPoint 
    set
        description=? 
    where
        id=?
14:11:22,182 DEBUG SQL:104 - 
    update
        DataPoint 
    set
        description=? 
    where
        id=?
14:11:22,182 DEBUG SQL:104 - 
    update
        DataPoint 
    set
        description=? 
    where
        id=?
14:11:22,194 DEBUG SQL:104 - 
    update
        DataPoint 
    set
        description=? 
    where
        id=?
14:11:22,195 DEBUG SQL:104 - 
    update
        DataPoint 
    set
        description=? 
    where
        id=?
14:11:22,195 DEBUG SQL:104 - 
    update
        DataPoint 
    set
        description=? 
    where
        id=?
14:11:22,195 DEBUG SQL:104 - 
    update
        DataPoint 
    set
        description=? 
    where
        id=?
14:11:22,204 DEBUG SQL:104 - 
    update
        DataPoint 
    set
        description=? 
    where
        id=?
14:11:22,204 DEBUG SQL:104 - 
    update
        DataPoint 
    set
        description=? 
    where
        id=?
14:11:22,204 DEBUG SQL:104 - 
    update
        DataPoint 
    set
        description=? 
    where
        id=?
14:11:22,207 DEBUG SQL:104 - 
    update
        DataPoint 
    set
        description=? 
    where
        id=?
14:11:22,207 DEBUG SQL:104 - 
    update
        DataPoint 
    set
        description=? 
    where
        id=?
14:11:22,207 DEBUG SQL:104 - 
    update
        DataPoint 
    set
        description=? 
    where
        id=?
14:11:22,207 DEBUG SQL:104 - 
    update
        DataPoint 
    set
        description=? 
    where
        id=?
14:11:22,227 DEBUG SQL:104 - 
    update
        DataPoint 
    set
        description=? 
    where
        id=?
14:11:22,227 DEBUG SQL:104 - 
    update
        DataPoint 
    set
        description=? 
    where
        id=?
14:11:22,227 DEBUG SQL:104 - 
    update
        DataPoint 
    set
        description=? 
    where
        id=?
14:11:22,227 DEBUG SQL:104 - 
    update
        DataPoint 
    set
        description=? 
    where
        id=?
14:11:22,238 DEBUG SQL:104 - 
    update
        DataPoint 
    set
        description=? 
    where
        id=?
14:11:22,238 DEBUG SQL:104 - 
    update
        DataPoint 
    set
        description=? 
    where
        id=?
14:11:22,238 DEBUG SQL:104 - 
    update
        DataPoint 
    set
        description=? 
    where
        id=?
14:11:22,238 DEBUG SQL:104 - 
    update
        DataPoint 
    set
        description=? 
    where
        id=?
14:11:22,238 DEBUG SQL:104 - 
    update
        DataPoint 
    set
        description=? 
    where
        id=?
14:11:22,249 DEBUG SQL:104 - 
    update
        DataPoint 
    set
        description=? 
    where
        id=?
14:11:22,249 DEBUG SQL:104 - 
    update
        DataPoint 
    set
        description=? 
    where
        id=?
14:11:22,249 DEBUG SQL:104 - 
    update
        DataPoint 
    set
        description=? 
    where
        id=?
14:11:22,249 DEBUG SQL:104 - 
    update
        DataPoint 
    set
        description=? 
    where
        id=?
14:11:22,259 DEBUG SQL:104 - 
    update
        DataPoint 
    set
        description=? 
    where
        id=?
14:11:22,260 DEBUG SQL:104 - 
    update
        DataPoint 
    set
        description=? 
    where
        id=?
14:11:22,260 DEBUG SQL:104 - 
    update
        DataPoint 
    set
        description=? 
    where
        id=?
14:11:22,262 DEBUG SQL:104 - 
    update
        DataPoint 
    set
        description=? 
    where
        id=?
14:11:22,269 DEBUG SQL:104 - 
    update
        DataPoint 
    set
        description=? 
    where
        id=?
14:11:22,270 DEBUG SQL:104 - 
    update
        DataPoint 
    set
        description=? 
    where
        id=?
14:11:22,270 DEBUG SQL:104 - 
    update
        DataPoint 
    set
        description=? 
    where
        id=?
14:11:22,270 DEBUG SQL:104 - 
    update
        DataPoint 
    set
        description=? 
    where
        id=?
14:11:22,270 DEBUG SQL:104 - 
    update
        DataPoint 
    set
        description=? 
    where
        id=?
14:11:22,280 DEBUG SQL:104 - 
    update
        DataPoint 
    set
        description=? 
    where
        id=?
14:11:22,280 DEBUG SQL:104 - 
    update
        DataPoint 
    set
        description=? 
    where
        id=?
14:11:22,281 DEBUG SQL:104 - 
    update
        DataPoint 
    set
        description=? 
    where
        id=?
14:11:22,281 DEBUG SQL:104 - 
    update
        DataPoint 
    set
        description=? 
    where
        id=?
14:11:22,291 DEBUG SQL:104 - 
    update
        DataPoint 
    set
        description=? 
    where
        id=?
14:11:22,291 DEBUG SQL:104 - 
    update
        DataPoint 
    set
        description=? 
    where
        id=?
14:11:22,291 DEBUG SQL:104 - 
    update
        DataPoint 
    set
        description=? 
    where
        id=?
14:11:22,291 DEBUG SQL:104 - 
    update
        DataPoint 
    set
        description=? 
    where
        id=?
14:11:22,302 DEBUG SQL:104 - 
    update
        DataPoint 
    set
        description=? 
    where
        id=?
14:11:22,302 DEBUG SQL:104 - 
    update
        DataPoint 
    set
        description=? 
    where
        id=?
14:11:22,302 DEBUG SQL:104 - 
    update
        DataPoint 
    set
        description=? 
    where
        id=?
14:11:22,302 DEBUG SQL:104 - 
    update
        DataPoint 
    set
        description=? 
    where
        id=?
14:11:22,302 DEBUG SQL:104 - 
    update
        DataPoint 
    set
        description=? 
    where
        id=?
14:11:22,312 DEBUG SQL:104 - 
    update
        DataPoint 
    set
        description=? 
    where
        id=?
14:11:22,315 DEBUG SQL:104 - 
    update
        DataPoint 
    set
        description=? 
    where
        id=?
14:11:22,315 DEBUG SQL:104 - 
    update
        DataPoint 
    set
        description=? 
    where
        id=?
14:11:22,315 DEBUG SQL:104 - 
    update
        DataPoint 
    set
        description=? 
    where
        id=?
14:11:22,315 DEBUG SQL:104 - 
    update
        DataPoint 
    set
        description=? 
    where
        id=?
14:11:22,316 DEBUG SQL:104 - 
    update
        DataPoint 
    set
        description=? 
    where
        id=?
14:11:22,316 DEBUG SQL:104 - 
    update
        DataPoint 
    set
        description=? 
    where
        id=?
14:11:22,316 DEBUG SQL:104 - 
    update
        DataPoint 
    set
        description=? 
    where
        id=?
14:11:22,316 DEBUG SQL:104 - 
    update
        DataPoint 
    set
        description=? 
    where
        id=?
14:11:22,328 DEBUG SQL:104 - 
    update
        DataPoint 
    set
        description=? 
    where
        id=?
14:11:22,328 DEBUG SQL:104 - 
    update
        DataPoint 
    set
        description=? 
    where
        id=?
14:11:22,329 DEBUG SQL:104 - 
    update
        DataPoint 
    set
        description=? 
    where
        id=?
14:11:22,329 DEBUG SQL:104 - 
    update
        DataPoint 
    set
        description=? 
    where
        id=?
14:11:22,341 DEBUG SQL:104 - 
    update
        DataPoint 
    set
        description=? 
    where
        id=?
14:11:22,342 DEBUG SQL:104 - 
    update
        DataPoint 
    set
        description=? 
    where
        id=?
14:11:22,342 DEBUG SQL:104 - 
    update
        DataPoint 
    set
        description=? 
    where
        id=?
14:11:22,342 DEBUG SQL:104 - 
    update
        DataPoint 
    set
        description=? 
    where
        id=?
14:11:22,342 DEBUG SQL:104 - 
    update
        DataPoint 
    set
        description=? 
    where
        id=?
14:11:22,342 DEBUG SQL:104 - 
    update
        DataPoint 
    set
        description=? 
    where
        id=?
14:11:22,367 DEBUG SQL:104 - 
    update
        DataPoint 
    set
        description=? 
    where
        id=?
14:11:22,367 DEBUG SQL:104 - 
    update
        DataPoint 
    set
        description=? 
    where
        id=?
14:11:22,369 DEBUG SQL:104 - 
    update
        DataPoint 
    set
        description=? 
    where
        id=?
14:11:22,370 DEBUG SQL:104 - 
    update
        DataPoint 
    set
        description=? 
    where
        id=?
14:11:22,370 DEBUG SQL:104 - 
    update
        DataPoint 
    set
        description=? 
    where
        id=?
14:11:22,377 DEBUG SQL:104 - 
    update
        DataPoint 
    set
        description=? 
    where
        id=?
14:11:22,378 DEBUG SQL:104 - 
    update
        DataPoint 
    set
        description=? 
    where
        id=?
14:11:22,378 DEBUG SQL:104 - 
    update
        DataPoint 
    set
        description=? 
    where
        id=?
14:11:22,378 DEBUG SQL:104 - 
    update
        DataPoint 
    set
        description=? 
    where
        id=?
14:11:22,388 DEBUG SQL:104 - 
    update
        DataPoint 
    set
        description=? 
    where
        id=?
14:11:22,388 DEBUG SQL:104 - 
    update
        DataPoint 
    set
        description=? 
    where
        id=?
14:11:22,388 DEBUG SQL:104 - 
    update
        DataPoint 
    set
        description=? 
    where
        id=?
14:11:22,388 DEBUG SQL:104 - 
    update
        DataPoint 
    set
        description=? 
    where
        id=?
14:11:22,388 DEBUG SQL:104 - 
    update
        DataPoint 
    set
        description=? 
    where
        id=?
14:11:22,399 DEBUG SQL:104 - 
    update
        DataPoint 
    set
        description=? 
    where
        id=?
14:11:22,399 DEBUG SQL:104 - 
    update
        DataPoint 
    set
        description=? 
    where
        id=?
14:11:22,399 DEBUG SQL:104 - 
    update
        DataPoint 
    set
        description=? 
    where
        id=?
14:11:22,399 DEBUG SQL:104 - 
    update
        DataPoint 
    set
        description=? 
    where
        id=?
14:11:22,409 DEBUG SQL:104 - 
    update
        DataPoint 
    set
        description=? 
    where
        id=?
14:11:22,410 DEBUG SQL:104 - 
    update
        DataPoint 
    set
        description=? 
    where
        id=?
14:11:22,410 DEBUG SQL:104 - 
    update
        DataPoint 
    set
        description=? 
    where
        id=?
14:11:22,410 DEBUG SQL:104 - 
    update
        DataPoint 
    set
        description=? 
    where
        id=?
14:11:22,422 DEBUG SQL:104 - 
    update
        DataPoint 
    set
        description=? 
    where
        id=?
14:11:22,423 DEBUG SQL:104 - 
    update
        DataPoint 
    set
        description=? 
    where
        id=?
14:11:22,423 DEBUG SQL:104 - 
    update
        DataPoint 
    set
        description=? 
    where
        id=?
14:11:22,423 DEBUG SQL:104 - 
    update
        DataPoint 
    set
        description=? 
    where
        id=?
14:11:22,423 DEBUG SQL:104 - 
    update
        DataPoint 
    set
        description=? 
    where
        id=?
14:11:22,432 DEBUG SQL:104 - 
    update
        DataPoint 
    set
        description=? 
    where
        id=?
14:11:22,432 DEBUG SQL:104 - 
    update
        DataPoint 
    set
        description=? 
    where
        id=?
14:11:22,432 DEBUG SQL:104 - 
    update
        DataPoint 
    set
        description=? 
    where
        id=?
14:11:22,432 DEBUG SQL:104 - 
    update
        DataPoint 
    set
        description=? 
    where
        id=?
14:11:22,454 DEBUG SQL:104 - 
    update
        DataPoint 
    set
        description=? 
    where
        id=?
14:11:22,454 DEBUG SQL:104 - 
    update
        DataPoint 
    set
        description=? 
    where
        id=?
14:11:22,454 DEBUG SQL:104 - 
    update
        DataPoint 
    set
        description=? 
    where
        id=?
14:11:22,454 DEBUG SQL:104 - 
    update
        DataPoint 
    set
        description=? 
    where
        id=?
14:11:22,454 DEBUG SQL:104 - 
    update
        DataPoint 
    set
        description=? 
    where
        id=?
14:11:22,454 DEBUG SQL:104 - 
    update
        DataPoint 
    set
        description=? 
    where
        id=?
14:11:22,455 DEBUG SQL:104 - 
    update
        DataPoint 
    set
        description=? 
    where
        id=?
14:11:22,455 DEBUG SQL:104 - 
    update
        DataPoint 
    set
        description=? 
    where
        id=?
14:11:22,455 DEBUG SQL:104 - 
    update
        DataPoint 
    set
        description=? 
    where
        id=?
14:11:22,455 DEBUG SQL:104 - 
    update
        DataPoint 
    set
        description=? 
    where
        id=?
14:11:22,455 DEBUG SQL:104 - 
    update
        DataPoint 
    set
        description=? 
    where
        id=?
14:11:22,457 DEBUG SQL:104 - 
    update
        DataPoint 
    set
        description=? 
    where
        id=?
14:11:22,458 DEBUG SQL:104 - 
    update
        DataPoint 
    set
        description=? 
    where
        id=?
14:11:22,465 DEBUG SQL:104 - 
    update
        DataPoint 
    set
        description=? 
    where
        id=?
14:11:22,465 DEBUG SQL:104 - 
    update
        DataPoint 
    set
        description=? 
    where
        id=?
14:11:22,465 DEBUG SQL:104 - 
    update
        DataPoint 
    set
        description=? 
    where
        id=?
14:11:22,466 DEBUG SQL:104 - 
    update
        DataPoint 
    set
        description=? 
    where
        id=?
14:11:22,466 DEBUG SQL:104 - 
    update
        DataPoint 
    set
        description=? 
    where
        id=?
14:11:22,466 DEBUG SQL:104 - 
    update
        DataPoint 
    set
        description=? 
    where
        id=?
14:11:22,466 DEBUG SQL:104 - 
    update
        DataPoint 
    set
        description=? 
    where
        id=?
14:11:22,490 DEBUG SQL:104 - 
    update
        DataPoint 
    set
        description=? 
    where
        id=?
14:11:22,490 DEBUG SQL:104 - 
    update
        DataPoint 
    set
        description=? 
    where
        id=?
14:11:22,491 DEBUG SQL:104 - 
    update
        DataPoint 
    set
        description=? 
    where
        id=?
14:11:22,491 DEBUG SQL:104 - 
    update
        DataPoint 
    set
        description=? 
    where
        id=?
14:11:22,500 DEBUG SQL:104 - 
    update
        DataPoint 
    set
        description=? 
    where
        id=?
14:11:22,500 DEBUG SQL:104 - 
    update
        DataPoint 
    set
        description=? 
    where
        id=?
14:11:22,500 DEBUG SQL:104 - 
    update
        DataPoint 
    set
        description=? 
    where
        id=?
14:11:22,500 DEBUG SQL:104 - 
    update
        DataPoint 
    set
        description=? 
    where
        id=?
14:11:22,501 DEBUG SQL:104 - 
    update
        DataPoint 
    set
        description=? 
    where
        id=?
14:11:22,511 DEBUG SQL:104 - 
    update
        DataPoint 
    set
        description=? 
    where
        id=?
14:11:22,511 DEBUG SQL:104 - 
    update
        DataPoint 
    set
        description=? 
    where
        id=?
14:11:22,515 DEBUG SQL:104 - 
    update
        DataPoint 
    set
        description=? 
    where
        id=?
14:11:22,515 DEBUG SQL:104 - 
    update
        DataPoint 
    set
        description=? 
    where
        id=?
14:11:22,523 DEBUG SQL:104 - 
    update
        DataPoint 
    set
        description=? 
    where
        id=?
14:11:22,523 DEBUG SQL:104 - 
    update
        DataPoint 
    set
        description=? 
    where
        id=?
14:11:22,523 DEBUG SQL:104 - 
    update
        DataPoint 
    set
        description=? 
    where
        id=?
14:11:22,524 DEBUG SQL:104 - 
    update
        DataPoint 
    set
        description=? 
    where
        id=?
14:11:22,534 DEBUG SQL:104 - 
    update
        DataPoint 
    set
        description=? 
    where
        id=?
14:11:22,534 DEBUG SQL:104 - 
    update
        DataPoint 
    set
        description=? 
    where
        id=?
14:11:22,535 DEBUG SQL:104 - 
    update
        DataPoint 
    set
        description=? 
    where
        id=?
14:11:22,535 DEBUG SQL:104 - 
    update
        DataPoint 
    set
        description=? 
    where
        id=?
14:11:22,535 DEBUG SQL:104 - 
    update
        DataPoint 
    set
        description=? 
    where
        id=?
14:11:22,545 DEBUG SQL:104 - 
    update
        DataPoint 
    set
        description=? 
    where
        id=?
14:11:22,545 DEBUG SQL:104 - 
    update
        DataPoint 
    set
        description=? 
    where
        id=?
14:11:22,545 DEBUG SQL:104 - 
    update
        DataPoint 
    set
        description=? 
    where
        id=?
14:11:22,545 DEBUG SQL:104 - 
    update
        DataPoint 
    set
        description=? 
    where
        id=?
14:11:22,555 DEBUG SQL:104 - 
    update
        DataPoint 
    set
        description=? 
    where
        id=?
14:11:22,555 DEBUG SQL:104 - 
    update
        DataPoint 
    set
        description=? 
    where
        id=?
14:11:22,555 DEBUG SQL:104 - 
    update
        DataPoint 
    set
        description=? 
    where
        id=?
14:11:22,555 DEBUG SQL:104 - 
    update
        DataPoint 
    set
        description=? 
    where
        id=?
14:11:22,566 DEBUG SQL:104 - 
    update
        DataPoint 
    set
        description=? 
    where
        id=?
14:11:22,569 DEBUG SQL:104 - 
    update
        DataPoint 
    set
        description=? 
    where
        id=?
14:11:22,569 DEBUG SQL:104 - 
    update
        DataPoint 
    set
        description=? 
    where
        id=?
14:11:22,569 DEBUG SQL:104 - 
    update
        DataPoint 
    set
        description=? 
    where
        id=?
14:11:22,569 DEBUG SQL:104 - 
    update
        DataPoint 
    set
        description=? 
    where
        id=?
14:11:22,569 DEBUG SQL:104 - 
    update
        DataPoint 
    set
        description=? 
    where
        id=?
14:11:22,569 DEBUG SQL:104 - 
    update
        DataPoint 
    set
        description=? 
    where
        id=?
14:11:22,570 DEBUG SQL:104 - 
    update
        DataPoint 
    set
        description=? 
    where
        id=?
14:11:22,570 DEBUG SQL:104 - 
    update
        DataPoint 
    set
        description=? 
    where
        id=?
14:11:22,582 DEBUG SQL:104 - 
    update
        DataPoint 
    set
        description=? 
    where
        id=?
14:11:22,582 DEBUG SQL:104 - 
    update
        DataPoint 
    set
        description=? 
    where
        id=?
14:11:22,582 DEBUG SQL:104 - 
    update
        DataPoint 
    set
        description=? 
    where
        id=?
14:11:22,582 DEBUG SQL:104 - 
    update
        DataPoint 
    set
        description=? 
    where
        id=?
14:11:22,583 DEBUG SQL:104 - 
    update
        DataPoint 
    set
        description=? 
    where
        id=?
14:11:22,592 DEBUG SQL:104 - 
    update
        DataPoint 
    set
        description=? 
    where
        id=?
14:11:22,593 DEBUG SQL:104 - 
    update
        DataPoint 
    set
        description=? 
    where
        id=?
14:11:22,593 DEBUG SQL:104 - 
    update
        DataPoint 
    set
        description=? 
    where
        id=?
14:11:22,593 DEBUG SQL:104 - 
    update
        DataPoint 
    set
        description=? 
    where
        id=?
14:11:22,593 DEBUG SQL:104 - 
    update
        DataPoint 
    set
        description=? 
    where
        id=?
14:11:22,593 DEBUG SQL:104 - 
    update
        DataPoint 
    set
        description=? 
    where
        id=?
14:11:22,614 DEBUG SQL:104 - 
    update
        DataPoint 
    set
        description=? 
    where
        id=?
14:11:22,617 DEBUG SQL:104 - 
    update
        DataPoint 
    set
        description=? 
    where
        id=?
14:11:22,617 DEBUG SQL:104 - 
    update
        DataPoint 
    set
        description=? 
    where
        id=?
14:11:22,617 DEBUG SQL:104 - 
    update
        DataPoint 
    set
        description=? 
    where
        id=?
14:11:22,627 DEBUG SQL:104 - 
    update
        DataPoint 
    set
        description=? 
    where
        id=?
14:11:22,628 DEBUG SQL:104 - 
    update
        DataPoint 
    set
        description=? 
    where
        id=?
14:11:22,628 DEBUG SQL:104 - 
    update
        DataPoint 
    set
        description=? 
    where
        id=?
14:11:22,628 DEBUG SQL:104 - 
    update
        DataPoint 
    set
        description=? 
    where
        id=?
14:11:22,628 DEBUG SQL:104 - 
    update
        DataPoint 
    set
        description=? 
    where
        id=?
14:11:22,628 DEBUG SQL:104 - 
    update
        DataPoint 
    set
        description=? 
    where
        id=?
14:11:22,628 DEBUG SQL:104 - 
    update
        DataPoint 
    set
        description=? 
    where
        id=?
14:11:22,628 DEBUG SQL:104 - 
    update
        DataPoint 
    set
        description=? 
    where
        id=?
14:11:22,629 DEBUG SQL:104 - 
    update
        DataPoint 
    set
        description=? 
    where
        id=?
14:11:22,629 DEBUG SQL:104 - 
    update
        DataPoint 
    set
        description=? 
    where
        id=?
14:11:22,629 DEBUG SQL:104 - 
    update
        DataPoint 
    set
        description=? 
    where
        id=?
14:11:22,651 DEBUG SQL:104 - 
    update
        DataPoint 
    set
        description=? 
    where
        id=?
14:11:22,652 DEBUG SQL:104 - 
    update
        DataPoint 
    set
        description=? 
    where
        id=?
14:11:22,652 DEBUG SQL:104 - 
    update
        DataPoint 
    set
        description=? 
    where
        id=?
14:11:22,652 DEBUG SQL:104 - 
    update
        DataPoint 
    set
        description=? 
    where
        id=?
14:11:22,652 DEBUG SQL:104 - 
    update
        DataPoint 
    set
        description=? 
    where
        id=?
14:11:22,662 DEBUG SQL:104 - 
    update
        DataPoint 
    set
        description=? 
    where
        id=?
14:11:22,664 DEBUG SQL:104 - 
    update
        DataPoint 
    set
        description=? 
    where
        id=?
14:11:22,664 DEBUG SQL:104 - 
    update
        DataPoint 
    set
        description=? 
    where
        id=?
14:11:22,664 DEBUG SQL:104 - 
    update
        DataPoint 
    set
        description=? 
    where
        id=?
14:11:22,674 DEBUG SQL:104 - 
    update
        DataPoint 
    set
        description=? 
    where
        id=?
14:11:22,674 DEBUG SQL:104 - 
    update
        DataPoint 
    set
        description=? 
    where
        id=?
14:11:22,675 DEBUG SQL:104 - 
    update
        DataPoint 
    set
        description=? 
    where
        id=?
14:11:22,675 DEBUG SQL:104 - 
    update
        DataPoint 
    set
        description=? 
    where
        id=?
14:11:22,685 DEBUG SQL:104 - 
    update
        DataPoint 
    set
        description=? 
    where
        id=?
14:11:22,686 DEBUG SQL:104 - 
    update
        DataPoint 
    set
        description=? 
    where
        id=?
14:11:22,686 DEBUG SQL:104 - 
    update
        DataPoint 
    set
        description=? 
    where
        id=?
14:11:22,686 DEBUG SQL:104 - 
    update
        DataPoint 
    set
        description=? 
    where
        id=?
14:11:22,686 DEBUG SQL:104 - 
    update
        DataPoint 
    set
        description=? 
    where
        id=?
14:11:22,696 DEBUG SQL:104 - 
    update
        DataPoint 
    set
        description=? 
    where
        id=?
14:11:22,696 DEBUG SQL:104 - 
    update
        DataPoint 
    set
        description=? 
    where
        id=?
14:11:22,697 DEBUG SQL:104 - 
    update
        DataPoint 
    set
        description=? 
    where
        id=?
14:11:22,697 DEBUG SQL:104 - 
    update
        DataPoint 
    set
        description=? 
    where
        id=?
14:11:22,697 DEBUG SQL:104 - 
    update
        DataPoint 
    set
        description=? 
    where
        id=?
14:11:22,697 DEBUG SQL:104 - 
    update
        DataPoint 
    set
        description=? 
    where
        id=?
14:11:22,697 DEBUG SQL:104 - 
    update
        DataPoint 
    set
        description=? 
    where
        id=?
14:11:22,697 DEBUG SQL:104 - 
    update
        DataPoint 
    set
        description=? 
    where
        id=?
14:11:22,711 DEBUG SQL:104 - 
    update
        DataPoint 
    set
        description=? 
    where
        id=?
14:11:22,711 DEBUG SQL:104 - 
    update
        DataPoint 
    set
        description=? 
    where
        id=?
14:11:22,711 DEBUG SQL:104 - 
    update
        DataPoint 
    set
        description=? 
    where
        id=?
14:11:22,712 DEBUG SQL:104 - 
    update
        DataPoint 
    set
        description=? 
    where
        id=?
14:11:22,712 DEBUG SQL:104 - 
    update
        DataPoint 
    set
        description=? 
    where
        id=?
14:11:22,719 DEBUG SQL:104 - 
    update
        DataPoint 
    set
        description=? 
    where
        id=?
14:11:22,719 DEBUG SQL:104 - 
    update
        DataPoint 
    set
        description=? 
    where
        id=?
14:11:22,719 DEBUG SQL:104 - 
    update
        DataPoint 
    set
        description=? 
    where
        id=?
14:11:22,719 DEBUG SQL:104 - 
    update
        DataPoint 
    set
        description=? 
    where
        id=?
14:11:22,720 DEBUG SQL:104 - 
    update
        DataPoint 
    set
        description=? 
    where
        id=?
14:11:22,720 DEBUG SQL:104 - 
    update
        DataPoint 
    set
        description=? 
    where
        id=?
14:11:22,742 DEBUG SQL:104 - 
    update
        DataPoint 
    set
        description=? 
    where
        id=?
14:11:22,742 DEBUG SQL:104 - 
    update
        DataPoint 
    set
        description=? 
    where
        id=?
14:11:22,742 DEBUG SQL:104 - 
    update
        DataPoint 
    set
        description=? 
    where
        id=?
14:11:22,742 DEBUG SQL:104 - 
    update
        DataPoint 
    set
        description=? 
    where
        id=?
14:11:22,742 DEBUG SQL:104 - 
    update
        DataPoint 
    set
        description=? 
    where
        id=?
14:11:22,753 DEBUG SQL:104 - 
    update
        DataPoint 
    set
        description=? 
    where
        id=?
14:11:22,753 DEBUG SQL:104 - 
    update
        DataPoint 
    set
        description=? 
    where
        id=?
14:11:22,753 DEBUG SQL:104 - 
    update
        DataPoint 
    set
        description=? 
    where
        id=?
14:11:22,753 DEBUG SQL:104 - 
    update
        DataPoint 
    set
        description=? 
    where
        id=?
14:11:22,768 DEBUG SQL:104 - 
    update
        DataPoint 
    set
        description=? 
    where
        id=?
14:11:22,768 DEBUG SQL:104 - 
    update
        DataPoint 
    set
        description=? 
    where
        id=?
14:11:22,768 DEBUG SQL:104 - 
    update
        DataPoint 
    set
        description=? 
    where
        id=?
14:11:22,768 DEBUG SQL:104 - 
    update
        DataPoint 
    set
        description=? 
    where
        id=?
14:11:22,778 DEBUG SQL:104 - 
    update
        DataPoint 
    set
        description=? 
    where
        id=?
14:11:22,778 DEBUG SQL:104 - 
    update
        DataPoint 
    set
        description=? 
    where
        id=?
14:11:22,778 DEBUG SQL:104 - 
    update
        DataPoint 
    set
        description=? 
    where
        id=?
14:11:22,778 DEBUG SQL:104 - 
    update
        DataPoint 
    set
        description=? 
    where
        id=?
14:11:22,779 DEBUG SQL:104 - 
    update
        DataPoint 
    set
        description=? 
    where
        id=?
14:11:22,790 DEBUG SQL:104 - 
    update
        DataPoint 
    set
        description=? 
    where
        id=?
14:11:22,790 DEBUG SQL:104 - 
    update
        DataPoint 
    set
        description=? 
    where
        id=?
14:11:22,790 DEBUG SQL:104 - 
    update
        DataPoint 
    set
        description=? 
    where
        id=?
14:11:22,790 DEBUG SQL:104 - 
    update
        DataPoint 
    set
        description=? 
    where
        id=?
14:11:22,801 DEBUG SQL:104 - 
    update
        DataPoint 
    set
        description=? 
    where
        id=?
14:11:22,801 DEBUG SQL:104 - 
    update
        DataPoint 
    set
        description=? 
    where
        id=?
14:11:22,801 DEBUG SQL:104 - 
    update
        DataPoint 
    set
        description=? 
    where
        id=?
14:11:22,801 DEBUG SQL:104 - 
    update
        DataPoint 
    set
        description=? 
    where
        id=?
14:11:22,802 DEBUG SQL:104 - 
    update
        DataPoint 
    set
        description=? 
    where
        id=?
14:11:22,811 DEBUG SQL:104 - 
    update
        DataPoint 
    set
        description=? 
    where
        id=?
14:11:22,811 DEBUG SQL:104 - 
    update
        DataPoint 
    set
        description=? 
    where
        id=?
14:11:22,813 DEBUG SQL:104 - 
    update
        DataPoint 
    set
        description=? 
    where
        id=?
14:11:22,814 DEBUG SQL:104 - 
    update
        DataPoint 
    set
        description=? 
    where
        id=?
14:11:22,823 DEBUG SQL:104 - 
    update
        DataPoint 
    set
        description=? 
    where
        id=?
14:11:22,823 DEBUG SQL:104 - 
    update
        DataPoint 
    set
        description=? 
    where
        id=?
14:11:22,824 DEBUG SQL:104 - 
    update
        DataPoint 
    set
        description=? 
    where
        id=?
14:11:22,824 DEBUG SQL:104 - 
    update
        DataPoint 
    set
        description=? 
    where
        id=?
14:11:22,824 DEBUG SQL:104 - 
    update
        DataPoint 
    set
        description=? 
    where
        id=?
14:11:22,824 DEBUG SQL:104 - 
    update
        DataPoint 
    set
        description=? 
    where
        id=?
14:11:22,824 DEBUG SQL:104 - 
    update
        DataPoint 
    set
        description=? 
    where
        id=?
14:11:22,825 DEBUG SQL:104 - 
    update
        DataPoint 
    set
        description=? 
    where
        id=?
14:11:22,825 DEBUG SQL:104 - 
    update
        DataPoint 
    set
        description=? 
    where
        id=?
14:11:22,838 DEBUG SQL:104 - 
    update
        DataPoint 
    set
        description=? 
    where
        id=?
14:11:22,838 DEBUG SQL:104 - 
    update
        DataPoint 
    set
        description=? 
    where
        id=?
14:11:22,838 DEBUG SQL:104 - 
    update
        DataPoint 
    set
        description=? 
    where
        id=?
14:11:22,839 DEBUG SQL:104 - 
    update
        DataPoint 
    set
        description=? 
    where
        id=?
14:11:22,849 DEBUG SQL:104 - 
    update
        DataPoint 
    set
        description=? 
    where
        id=?
14:11:22,850 DEBUG SQL:104 - 
    update
        DataPoint 
    set
        description=? 
    where
        id=?
14:11:22,850 DEBUG SQL:104 - 
    update
        DataPoint 
    set
        description=? 
    where
        id=?
14:11:22,850 DEBUG SQL:104 - 
    update
        DataPoint 
    set
        description=? 
    where
        id=?
14:11:22,850 DEBUG SQL:104 - 
    update
        DataPoint 
    set
        description=? 
    where
        id=?
14:11:22,854 DEBUG SQL:104 - 
    update
        DataPoint 
    set
        description=? 
    where
        id=?
14:11:22,854 DEBUG SQL:104 - 
    update
        DataPoint 
    set
        description=? 
    where
        id=?
14:11:22,874 DEBUG SQL:104 - 
    update
        DataPoint 
    set
        description=? 
    where
        id=?
14:11:22,874 DEBUG SQL:104 - 
    update
        DataPoint 
    set
        description=? 
    where
        id=?
14:11:22,874 DEBUG SQL:104 - 
    update
        DataPoint 
    set
        description=? 
    where
        id=?
14:11:22,875 DEBUG SQL:104 - 
    update
        DataPoint 
    set
        description=? 
    where
        id=?
14:11:22,885 DEBUG SQL:104 - 
    update
        DataPoint 
    set
        description=? 
    where
        id=?
14:11:22,886 DEBUG SQL:104 - 
    update
        DataPoint 
    set
        description=? 
    where
        id=?
14:11:22,886 DEBUG SQL:104 - 
    update
        DataPoint 
    set
        description=? 
    where
        id=?
14:11:22,886 DEBUG SQL:104 - 
    update
        DataPoint 
    set
        description=? 
    where
        id=?
14:11:22,896 DEBUG SQL:104 - 
    update
        DataPoint 
    set
        description=? 
    where
        id=?
14:11:22,897 DEBUG SQL:104 - 
    update
        DataPoint 
    set
        description=? 
    where
        id=?
14:11:22,897 DEBUG SQL:104 - 
    update
        DataPoint 
    set
        description=? 
    where
        id=?
14:11:22,897 DEBUG SQL:104 - 
    update
        DataPoint 
    set
        description=? 
    where
        id=?
14:11:22,897 DEBUG SQL:104 - 
    update
        DataPoint 
    set
        description=? 
    where
        id=?
14:11:22,907 DEBUG SQL:104 - 
    update
        DataPoint 
    set
        description=? 
    where
        id=?
14:11:22,907 DEBUG SQL:104 - 
    update
        DataPoint 
    set
        description=? 
    where
        id=?
14:11:22,907 DEBUG SQL:104 - 
    update
        DataPoint 
    set
        description=? 
    where
        id=?
14:11:22,907 DEBUG SQL:104 - 
    update
        DataPoint 
    set
        description=? 
    where
        id=?
14:11:22,916 DEBUG SQL:104 - 
    update
        DataPoint 
    set
        description=? 
    where
        id=?
14:11:22,919 DEBUG SQL:104 - 
    update
        DataPoint 
    set
        description=? 
    where
        id=?
14:11:22,919 DEBUG SQL:104 - 
    update
        DataPoint 
    set
        description=? 
    where
        id=?
14:11:22,919 DEBUG SQL:104 - 
    update
        DataPoint 
    set
        description=? 
    where
        id=?
14:11:22,919 DEBUG SQL:104 - 
    update
        DataPoint 
    set
        description=? 
    where
        id=?
14:11:22,929 DEBUG SQL:104 - 
    update
        DataPoint 
    set
        description=? 
    where
        id=?
14:11:22,929 DEBUG SQL:104 - 
    update
        DataPoint 
    set
        description=? 
    where
        id=?
14:11:22,929 DEBUG SQL:104 - 
    update
        DataPoint 
    set
        description=? 
    where
        id=?
14:11:22,929 DEBUG SQL:104 - 
    update
        DataPoint 
    set
        description=? 
    where
        id=?
14:11:22,945 DEBUG SQL:104 - 
    update
        DataPoint 
    set
        description=? 
    where
        id=?
14:11:22,945 DEBUG SQL:104 - 
    update
        DataPoint 
    set
        description=? 
    where
        id=?
14:11:22,946 DEBUG SQL:104 - 
    update
        DataPoint 
    set
        description=? 
    where
        id=?
14:11:22,946 DEBUG SQL:104 - 
    update
        DataPoint 
    set
        description=? 
    where
        id=?
14:11:22,956 DEBUG SQL:104 - 
    update
        DataPoint 
    set
        description=? 
    where
        id=?
14:11:22,957 DEBUG SQL:104 - 
    update
        DataPoint 
    set
        description=? 
    where
        id=?
14:11:22,957 DEBUG SQL:104 - 
    update
        DataPoint 
    set
        description=? 
    where
        id=?
14:11:22,957 DEBUG SQL:104 - 
    update
        DataPoint 
    set
        description=? 
    where
        id=?
14:11:22,957 DEBUG SQL:104 - 
    update
        DataPoint 
    set
        description=? 
    where
        id=?
14:11:22,957 DEBUG SQL:104 - 
    update
        DataPoint 
    set
        description=? 
    where
        id=?
14:11:22,957 DEBUG SQL:104 - 
    update
        DataPoint 
    set
        description=? 
    where
        id=?
14:11:22,957 DEBUG SQL:104 - 
    update
        DataPoint 
    set
        description=? 
    where
        id=?
14:11:22,959 DEBUG SQL:104 - 
    update
        DataPoint 
    set
        description=? 
    where
        id=?
14:11:22,969 DEBUG SQL:104 - 
    update
        DataPoint 
    set
        description=? 
    where
        id=?
14:11:22,970 DEBUG SQL:104 - 
    update
        DataPoint 
    set
        description=? 
    where
        id=?
14:11:22,970 DEBUG SQL:104 - 
    update
        DataPoint 
    set
        description=? 
    where
        id=?
14:11:22,970 DEBUG SQL:104 - 
    update
        DataPoint 
    set
        description=? 
    where
        id=?
14:11:22,980 DEBUG SQL:104 - 
    update
        DataPoint 
    set
        description=? 
    where
        id=?
14:11:22,981 DEBUG SQL:104 - 
    update
        DataPoint 
    set
        description=? 
    where
        id=?
14:11:22,981 DEBUG SQL:104 - 
    update
        DataPoint 
    set
        description=? 
    where
        id=?
14:11:22,981 DEBUG SQL:104 - 
    update
        DataPoint 
    set
        description=? 
    where
        id=?
14:11:22,981 DEBUG SQL:104 - 
    update
        DataPoint 
    set
        description=? 
    where
        id=?
14:11:22,981 DEBUG SQL:104 - 
    update
        DataPoint 
    set
        description=? 
    where
        id=?
14:11:22,981 DEBUG SQL:104 - 
    update
        DataPoint 
    set
        description=? 
    where
        id=?
14:11:23,015 DEBUG SQL:104 - 
    update
        DataPoint 
    set
        description=? 
    where
        id=?
14:11:23,015 DEBUG SQL:104 - 
    update
        DataPoint 
    set
        description=? 
    where
        id=?
14:11:23,015 DEBUG SQL:104 - 
    update
        DataPoint 
    set
        description=? 
    where
        id=?
14:11:23,015 DEBUG SQL:104 - 
    update
        DataPoint 
    set
        description=? 
    where
        id=?
14:11:23,015 DEBUG SQL:104 - 
    update
        DataPoint 
    set
        description=? 
    where
        id=?
14:11:23,016 DEBUG SQL:104 - 
    update
        DataPoint 
    set
        description=? 
    where
        id=?
14:11:23,017 DEBUG SQL:104 - 
    update
        DataPoint 
    set
        description=? 
    where
        id=?
14:11:23,017 DEBUG SQL:104 - 
    update
        DataPoint 
    set
        description=? 
    where
        id=?
14:11:23,019 DEBUG SQL:104 - 
    update
        DataPoint 
    set
        description=? 
    where
        id=?
14:11:23,028 DEBUG SQL:104 - 
    update
        DataPoint 
    set
        description=? 
    where
        id=?
14:11:23,028 DEBUG SQL:104 - 
    update
        DataPoint 
    set
        description=? 
    where
        id=?
14:11:23,029 DEBUG SQL:104 - 
    update
        DataPoint 
    set
        description=? 
    where
        id=?
14:11:23,029 DEBUG SQL:104 - 
    update
        DataPoint 
    set
        description=? 
    where
        id=?
14:11:23,040 DEBUG SQL:104 - 
    update
        DataPoint 
    set
        description=? 
    where
        id=?
14:11:23,040 DEBUG SQL:104 - 
    update
        DataPoint 
    set
        description=? 
    where
        id=?
14:11:23,040 DEBUG SQL:104 - 
    update
        DataPoint 
    set
        description=? 
    where
        id=?
14:11:23,040 DEBUG SQL:104 - 
    update
        DataPoint 
    set
        description=? 
    where
        id=?
14:11:23,050 DEBUG SQL:104 - 
    update
        DataPoint 
    set
        description=? 
    where
        id=?
14:11:23,050 DEBUG SQL:104 - 
    update
        DataPoint 
    set
        description=? 
    where
        id=?
14:11:23,050 DEBUG SQL:104 - 
    update
        DataPoint 
    set
        description=? 
    where
        id=?
14:11:23,050 DEBUG SQL:104 - 
    update
        DataPoint 
    set
        description=? 
    where
        id=?
14:11:23,051 DEBUG SQL:104 - 
    update
        DataPoint 
    set
        description=? 
    where
        id=?
14:11:23,058 DEBUG SQL:104 - 
    update
        DataPoint 
    set
        description=? 
    where
        id=?
14:11:23,058 DEBUG SQL:104 - 
    update
        DataPoint 
    set
        description=? 
    where
        id=?
14:11:23,058 DEBUG SQL:104 - 
    update
        DataPoint 
    set
        description=? 
    where
        id=?
14:11:23,058 DEBUG SQL:104 - 
    update
        DataPoint 
    set
        description=? 
    where
        id=?
14:11:23,068 DEBUG SQL:104 - 
    update
        DataPoint 
    set
        description=? 
    where
        id=?
14:11:23,069 DEBUG SQL:104 - 
    update
        DataPoint 
    set
        description=? 
    where
        id=?
14:11:23,071 DEBUG SQL:104 - 
    update
        DataPoint 
    set
        description=? 
    where
        id=?
14:11:23,071 DEBUG SQL:104 - 
    update
        DataPoint 
    set
        description=? 
    where
        id=?
14:11:23,071 DEBUG SQL:104 - 
    update
        DataPoint 
    set
        description=? 
    where
        id=?
14:11:23,079 DEBUG SQL:104 - 
    update
        DataPoint 
    set
        description=? 
    where
        id=?
14:11:23,079 DEBUG SQL:104 - 
    update
        DataPoint 
    set
        description=? 
    where
        id=?
14:11:23,079 DEBUG SQL:104 - 
    update
        DataPoint 
    set
        description=? 
    where
        id=?
14:11:23,079 DEBUG SQL:104 - 
    update
        DataPoint 
    set
        description=? 
    where
        id=?
14:11:23,080 DEBUG SQL:104 - 
    update
        DataPoint 
    set
        description=? 
    where
        id=?
14:11:23,080 DEBUG SQL:104 - 
    update
        DataPoint 
    set
        description=? 
    where
        id=?
14:11:23,080 DEBUG SQL:104 - 
    update
        DataPoint 
    set
        description=? 
    where
        id=?
14:11:23,081 DEBUG SQL:104 - 
    update
        DataPoint 
    set
        description=? 
    where
        id=?
14:11:23,094 DEBUG SQL:104 - 
    update
        DataPoint 
    set
        description=? 
    where
        id=?
14:11:23,094 DEBUG SQL:104 - 
    update
        DataPoint 
    set
        description=? 
    where
        id=?
14:11:23,094 DEBUG SQL:104 - 
    update
        DataPoint 
    set
        description=? 
    where
        id=?
14:11:23,094 DEBUG SQL:104 - 
    update
        DataPoint 
    set
        description=? 
    where
        id=?
14:11:23,095 DEBUG SQL:104 - 
    update
        DataPoint 
    set
        description=? 
    where
        id=?
14:11:23,105 DEBUG SQL:104 - 
    update
        DataPoint 
    set
        description=? 
    where
        id=?
14:11:23,105 DEBUG SQL:104 - 
    update
        DataPoint 
    set
        description=? 
    where
        id=?
14:11:23,105 DEBUG SQL:104 - 
    update
        DataPoint 
    set
        description=? 
    where
        id=?
14:11:23,106 DEBUG SQL:104 - 
    update
        DataPoint 
    set
        description=? 
    where
        id=?
14:11:23,108 DEBUG SQL:104 - 
    update
        DataPoint 
    set
        description=? 
    where
        id=?
14:11:23,108 DEBUG SQL:104 - 
    update
        DataPoint 
    set
        description=? 
    where
        id=?
14:11:23,135 DEBUG SQL:104 - 
    update
        DataPoint 
    set
        description=? 
    where
        id=?
14:11:23,135 DEBUG SQL:104 - 
    update
        DataPoint 
    set
        description=? 
    where
        id=?
14:11:23,136 DEBUG SQL:104 - 
    update
        DataPoint 
    set
        description=? 
    where
        id=?
14:11:23,136 DEBUG SQL:104 - 
    update
        DataPoint 
    set
        description=? 
    where
        id=?
14:11:23,136 DEBUG SQL:104 - 
    update
        DataPoint 
    set
        description=? 
    where
        id=?
14:11:23,136 DEBUG SQL:104 - 
    update
        DataPoint 
    set
        description=? 
    where
        id=?
14:11:23,136 DEBUG SQL:104 - 
    update
        DataPoint 
    set
        description=? 
    where
        id=?
14:11:23,137 DEBUG SQL:104 - 
    update
        DataPoint 
    set
        description=? 
    where
        id=?
14:11:23,137 DEBUG SQL:104 - 
    update
        DataPoint 
    set
        description=? 
    where
        id=?
14:11:23,137 DEBUG SQL:104 - 
    update
        DataPoint 
    set
        description=? 
    where
        id=?
14:11:23,138 DEBUG SQL:104 - 
    update
        DataPoint 
    set
        description=? 
    where
        id=?
14:11:23,155 DEBUG SQL:104 - 
    update
        DataPoint 
    set
        description=? 
    where
        id=?
14:11:23,155 DEBUG SQL:104 - 
    update
        DataPoint 
    set
        description=? 
    where
        id=?
14:11:23,156 DEBUG SQL:104 - 
    update
        DataPoint 
    set
        description=? 
    where
        id=?
14:11:23,156 DEBUG SQL:104 - 
    update
        DataPoint 
    set
        description=? 
    where
        id=?
14:11:23,162 DEBUG SQL:104 - 
    update
        DataPoint 
    set
        description=? 
    where
        id=?
14:11:23,162 DEBUG SQL:104 - 
    update
        DataPoint 
    set
        description=? 
    where
        id=?
14:11:23,162 DEBUG SQL:104 - 
    update
        DataPoint 
    set
        description=? 
    where
        id=?
14:11:23,164 DEBUG SQL:104 - 
    update
        DataPoint 
    set
        description=? 
    where
        id=?
14:11:23,164 DEBUG SQL:104 - 
    update
        DataPoint 
    set
        description=? 
    where
        id=?
14:11:23,173 DEBUG SQL:104 - 
    update
        DataPoint 
    set
        description=? 
    where
        id=?
14:11:23,173 DEBUG SQL:104 - 
    update
        DataPoint 
    set
        description=? 
    where
        id=?
14:11:23,174 DEBUG SQL:104 - 
    update
        DataPoint 
    set
        description=? 
    where
        id=?
14:11:23,174 DEBUG SQL:104 - 
    update
        DataPoint 
    set
        description=? 
    where
        id=?
14:11:23,183 DEBUG SQL:104 - 
    update
        DataPoint 
    set
        description=? 
    where
        id=?
14:11:23,183 DEBUG SQL:104 - 
    update
        DataPoint 
    set
        description=? 
    where
        id=?
14:11:23,183 DEBUG SQL:104 - 
    update
        DataPoint 
    set
        description=? 
    where
        id=?
14:11:23,183 DEBUG SQL:104 - 
    update
        DataPoint 
    set
        description=? 
    where
        id=?
14:11:23,184 DEBUG SQL:104 - 
    update
        DataPoint 
    set
        description=? 
    where
        id=?
14:11:23,194 DEBUG SQL:104 - 
    update
        DataPoint 
    set
        description=? 
    where
        id=?
14:11:23,194 DEBUG SQL:104 - 
    update
        DataPoint 
    set
        description=? 
    where
        id=?
14:11:23,194 DEBUG SQL:104 - 
    update
        DataPoint 
    set
        description=? 
    where
        id=?
14:11:23,195 DEBUG SQL:104 - 
    update
        DataPoint 
    set
        description=? 
    where
        id=?
14:11:23,206 DEBUG SQL:104 - 
    update
        DataPoint 
    set
        description=? 
    where
        id=?
14:11:23,206 DEBUG SQL:104 - 
    update
        DataPoint 
    set
        description=? 
    where
        id=?
14:11:23,206 DEBUG SQL:104 - 
    update
        DataPoint 
    set
        description=? 
    where
        id=?
14:11:23,206 DEBUG SQL:104 - 
    update
        DataPoint 
    set
        description=? 
    where
        id=?
14:11:23,206 DEBUG SQL:104 - 
    update
        DataPoint 
    set
        description=? 
    where
        id=?
14:11:23,210 DEBUG SQL:104 - 
    update
        DataPoint 
    set
        description=? 
    where
        id=?
14:11:23,210 DEBUG SQL:104 - 
    update
        DataPoint 
    set
        description=? 
    where
        id=?
14:11:23,210 DEBUG SQL:104 - 
    update
        DataPoint 
    set
        description=? 
    where
        id=?
14:11:23,210 DEBUG SQL:104 - 
    update
        DataPoint 
    set
        description=? 
    where
        id=?
14:11:23,220 DEBUG SQL:104 - 
    update
        DataPoint 
    set
        description=? 
    where
        id=?
14:11:23,221 DEBUG SQL:104 - 
    update
        DataPoint 
    set
        description=? 
    where
        id=?
14:11:23,221 DEBUG SQL:104 - 
    update
        DataPoint 
    set
        description=? 
    where
        id=?
14:11:23,221 DEBUG SQL:104 - 
    update
        DataPoint 
    set
        description=? 
    where
        id=?
14:11:23,231 DEBUG SQL:104 - 
    update
        DataPoint 
    set
        description=? 
    where
        id=?
14:11:23,231 DEBUG SQL:104 - 
    update
        DataPoint 
    set
        description=? 
    where
        id=?
14:11:23,232 DEBUG SQL:104 - 
    update
        DataPoint 
    set
        description=? 
    where
        id=?
14:11:23,232 DEBUG SQL:104 - 
    update
        DataPoint 
    set
        description=? 
    where
        id=?
14:11:23,232 DEBUG SQL:104 - 
    update
        DataPoint 
    set
        description=? 
    where
        id=?
14:11:23,232 DEBUG SQL:104 - 
    update
        DataPoint 
    set
        description=? 
    where
        id=?
14:11:23,232 DEBUG SQL:104 - 
    update
        DataPoint 
    set
        description=? 
    where
        id=?
14:11:23,256 DEBUG SQL:104 - 
    update
        DataPoint 
    set
        description=? 
    where
        id=?
14:11:23,256 DEBUG SQL:104 - 
    update
        DataPoint 
    set
        description=? 
    where
        id=?
14:11:23,256 DEBUG SQL:104 - 
    update
        DataPoint 
    set
        description=? 
    where
        id=?
14:11:23,257 DEBUG SQL:104 - 
    update
        DataPoint 
    set
        description=? 
    where
        id=?
14:11:23,267 DEBUG SQL:104 - 
    update
        DataPoint 
    set
        description=? 
    where
        id=?
14:11:23,272 DEBUG SQL:104 - 
    update
        DataPoint 
    set
        description=? 
    where
        id=?
14:11:23,272 DEBUG SQL:104 - 
    update
        DataPoint 
    set
        description=? 
    where
        id=?
14:11:23,272 DEBUG SQL:104 - 
    update
        DataPoint 
    set
        description=? 
    where
        id=?
14:11:23,280 DEBUG SQL:104 - 
    update
        DataPoint 
    set
        description=? 
    where
        id=?
14:11:23,280 DEBUG SQL:104 - 
    update
        DataPoint 
    set
        description=? 
    where
        id=?
14:11:23,281 DEBUG SQL:104 - 
    update
        DataPoint 
    set
        description=? 
    where
        id=?
14:11:23,281 DEBUG SQL:104 - 
    update
        DataPoint 
    set
        description=? 
    where
        id=?
14:11:23,281 DEBUG SQL:104 - 
    update
        DataPoint 
    set
        description=? 
    where
        id=?
14:11:23,291 DEBUG SQL:104 - 
    update
        DataPoint 
    set
        description=? 
    where
        id=?
14:11:23,291 DEBUG SQL:104 - 
    update
        DataPoint 
    set
        description=? 
    where
        id=?
14:11:23,292 DEBUG SQL:104 - 
    update
        DataPoint 
    set
        description=? 
    where
        id=?
14:11:23,292 DEBUG SQL:104 - 
    update
        DataPoint 
    set
        description=? 
    where
        id=?
14:11:23,302 DEBUG SQL:104 - 
    update
        DataPoint 
    set
        description=? 
    where
        id=?
14:11:23,303 DEBUG SQL:104 - 
    update
        DataPoint 
    set
        description=? 
    where
        id=?
14:11:23,303 DEBUG SQL:104 - 
    update
        DataPoint 
    set
        description=? 
    where
        id=?
14:11:23,303 DEBUG SQL:104 - 
    update
        DataPoint 
    set
        description=? 
    where
        id=?
14:11:23,312 DEBUG SQL:104 - 
    update
        DataPoint 
    set
        description=? 
    where
        id=?
14:11:23,313 DEBUG SQL:104 - 
    update
        DataPoint 
    set
        description=? 
    where
        id=?
14:11:23,313 DEBUG SQL:104 - 
    update
        DataPoint 
    set
        description=? 
    where
        id=?
14:11:23,313 DEBUG SQL:104 - 
    update
        DataPoint 
    set
        description=? 
    where
        id=?
14:11:23,315 DEBUG SQL:104 - 
    update
        DataPoint 
    set
        description=? 
    where
        id=?
14:11:23,324 DEBUG SQL:104 - 
    update
        DataPoint 
    set
        description=? 
    where
        id=?
14:11:23,324 DEBUG SQL:104 - 
    update
        DataPoint 
    set
        description=? 
    where
        id=?
14:11:23,324 DEBUG SQL:104 - 
    update
        DataPoint 
    set
        description=? 
    where
        id=?
14:11:23,325 DEBUG SQL:104 - 
    update
        DataPoint 
    set
        description=? 
    where
        id=?
14:11:23,335 DEBUG SQL:104 - 
    update
        DataPoint 
    set
        description=? 
    where
        id=?
14:11:23,336 DEBUG SQL:104 - 
    update
        DataPoint 
    set
        description=? 
    where
        id=?
14:11:23,336 DEBUG SQL:104 - 
    update
        DataPoint 
    set
        description=? 
    where
        id=?
14:11:23,336 DEBUG SQL:104 - 
    update
        DataPoint 
    set
        description=? 
    where
        id=?
14:11:23,336 DEBUG SQL:104 - 
    update
        DataPoint 
    set
        description=? 
    where
        id=?
14:11:23,336 DEBUG SQL:104 - 
    update
        DataPoint 
    set
        description=? 
    where
        id=?
14:11:23,337 DEBUG SQL:104 - 
    update
        DataPoint 
    set
        description=? 
    where
        id=?
14:11:23,337 DEBUG SQL:104 - 
    update
        DataPoint 
    set
        description=? 
    where
        id=?
14:11:23,337 DEBUG SQL:104 - 
    update
        DataPoint 
    set
        description=? 
    where
        id=?
14:11:23,349 DEBUG SQL:104 - 
    update
        DataPoint 
    set
        description=? 
    where
        id=?
14:11:23,349 DEBUG SQL:104 - 
    update
        DataPoint 
    set
        description=? 
    where
        id=?
14:11:23,349 DEBUG SQL:104 - 
    update
        DataPoint 
    set
        description=? 
    where
        id=?
14:11:23,349 DEBUG SQL:104 - 
    update
        DataPoint 
    set
        description=? 
    where
        id=?
14:11:23,359 DEBUG SQL:104 - 
    update
        DataPoint 
    set
        description=? 
    where
        id=?
14:11:23,360 DEBUG SQL:104 - 
    update
        DataPoint 
    set
        description=? 
    where
        id=?
14:11:23,362 DEBUG SQL:104 - 
    update
        DataPoint 
    set
        description=? 
    where
        id=?
14:11:23,362 DEBUG SQL:104 - 
    update
        DataPoint 
    set
        description=? 
    where
        id=?
14:11:23,362 DEBUG SQL:104 - 
    update
        DataPoint 
    set
        description=? 
    where
        id=?
14:11:23,362 DEBUG SQL:104 - 
    update
        DataPoint 
    set
        description=? 
    where
        id=?
14:11:23,363 DEBUG SQL:104 - 
    update
        DataPoint 
    set
        description=? 
    where
        id=?
14:11:23,384 DEBUG SQL:104 - 
    update
        DataPoint 
    set
        description=? 
    where
        id=?
14:11:23,384 DEBUG SQL:104 - 
    update
        DataPoint 
    set
        description=? 
    where
        id=?
14:11:23,384 DEBUG SQL:104 - 
    update
        DataPoint 
    set
        description=? 
    where
        id=?
14:11:23,384 DEBUG SQL:104 - 
    update
        DataPoint 
    set
        description=? 
    where
        id=?
14:11:23,394 DEBUG SQL:104 - 
    update
        DataPoint 
    set
        description=? 
    where
        id=?
14:11:23,394 DEBUG SQL:104 - 
    update
        DataPoint 
    set
        description=? 
    where
        id=?
14:11:23,395 DEBUG SQL:104 - 
    update
        DataPoint 
    set
        description=? 
    where
        id=?
14:11:23,395 DEBUG SQL:104 - 
    update
        DataPoint 
    set
        description=? 
    where
        id=?
14:11:23,395 DEBUG SQL:104 - 
    update
        DataPoint 
    set
        description=? 
    where
        id=?
14:11:23,406 DEBUG SQL:104 - 
    update
        DataPoint 
    set
        description=? 
    where
        id=?
14:11:23,406 DEBUG SQL:104 - 
    update
        DataPoint 
    set
        description=? 
    where
        id=?
14:11:23,406 DEBUG SQL:104 - 
    update
        DataPoint 
    set
        description=? 
    where
        id=?
14:11:23,406 DEBUG SQL:104 - 
    update
        DataPoint 
    set
        description=? 
    where
        id=?
14:11:23,416 DEBUG SQL:104 - 
    update
        DataPoint 
    set
        description=? 
    where
        id=?
14:11:23,416 DEBUG SQL:104 - 
    update
        DataPoint 
    set
        description=? 
    where
        id=?
14:11:23,419 DEBUG SQL:104 - 
    update
        DataPoint 
    set
        description=? 
    where
        id=?
14:11:23,420 DEBUG SQL:104 - 
    update
        DataPoint 
    set
        description=? 
    where
        id=?
14:11:23,428 DEBUG SQL:104 - 
    update
        DataPoint 
    set
        description=? 
    where
        id=?
14:11:23,428 DEBUG SQL:104 - 
    update
        DataPoint 
    set
        description=? 
    where
        id=?
14:11:23,428 DEBUG SQL:104 - 
    update
        DataPoint 
    set
        description=? 
    where
        id=?
14:11:23,429 DEBUG SQL:104 - 
    update
        DataPoint 
    set
        description=? 
    where
        id=?
14:11:23,429 DEBUG SQL:104 - 
    update
        DataPoint 
    set
        description=? 
    where
        id=?
14:11:23,441 DEBUG SQL:104 - 
    update
        DataPoint 
    set
        description=? 
    where
        id=?
14:11:23,441 DEBUG SQL:104 - 
    update
        DataPoint 
    set
        description=? 
    where
        id=?
14:11:23,441 DEBUG SQL:104 - 
    update
        DataPoint 
    set
        description=? 
    where
        id=?
14:11:23,442 DEBUG SQL:104 - 
    update
        DataPoint 
    set
        description=? 
    where
        id=?
14:11:23,449 DEBUG SQL:104 - 
    update
        DataPoint 
    set
        description=? 
    where
        id=?
14:11:23,450 DEBUG SQL:104 - 
    update
        DataPoint 
    set
        description=? 
    where
        id=?
14:11:23,450 DEBUG SQL:104 - 
    update
        DataPoint 
    set
        description=? 
    where
        id=?
14:11:23,451 DEBUG SQL:104 - 
    update
        DataPoint 
    set
        description=? 
    where
        id=?
14:11:23,451 DEBUG SQL:104 - 
    update
        DataPoint 
    set
        description=? 
    where
        id=?
14:11:23,462 DEBUG SQL:104 - 
    update
        DataPoint 
    set
        description=? 
    where
        id=?
14:11:23,462 DEBUG SQL:104 - 
    update
        DataPoint 
    set
        description=? 
    where
        id=?
14:11:23,463 DEBUG SQL:104 - 
    update
        DataPoint 
    set
        description=? 
    where
        id=?
14:11:23,463 DEBUG SQL:104 - 
    update
        DataPoint 
    set
        description=? 
    where
        id=?
14:11:23,465 DEBUG SQL:104 - 
    update
        DataPoint 
    set
        description=? 
    where
        id=?
14:11:23,465 DEBUG SQL:104 - 
    update
        DataPoint 
    set
        description=? 
    where
        id=?
14:11:23,465 DEBUG SQL:104 - 
    update
        DataPoint 
    set
        description=? 
    where
        id=?
14:11:23,465 DEBUG SQL:104 - 
    update
        DataPoint 
    set
        description=? 
    where
        id=?
14:11:23,475 DEBUG SQL:104 - 
    update
        DataPoint 
    set
        description=? 
    where
        id=?
14:11:23,475 DEBUG SQL:104 - 
    update
        DataPoint 
    set
        description=? 
    where
        id=?
14:11:23,475 DEBUG SQL:104 - 
    update
        DataPoint 
    set
        description=? 
    where
        id=?
14:11:23,475 DEBUG SQL:104 - 
    update
        DataPoint 
    set
        description=? 
    where
        id=?
14:11:23,476 DEBUG SQL:104 - 
    update
        DataPoint 
    set
        description=? 
    where
        id=?
14:11:23,486 DEBUG SQL:104 - 
    update
        DataPoint 
    set
        description=? 
    where
        id=?
14:11:23,487 DEBUG SQL:104 - 
    update
        DataPoint 
    set
        description=? 
    where
        id=?
14:11:23,487 DEBUG SQL:104 - 
    update
        DataPoint 
    set
        description=? 
    where
        id=?
14:11:23,488 DEBUG SQL:104 - 
    update
        DataPoint 
    set
        description=? 
    where
        id=?
14:11:23,488 DEBUG SQL:104 - 
    update
        DataPoint 
    set
        description=? 
    where
        id=?
14:11:23,488 DEBUG SQL:104 - 
    update
        DataPoint 
    set
        description=? 
    where
        id=?
14:11:23,510 DEBUG SQL:104 - 
    update
        DataPoint 
    set
        description=? 
    where
        id=?
14:11:23,510 DEBUG SQL:104 - 
    update
        DataPoint 
    set
        description=? 
    where
        id=?
14:11:23,510 DEBUG SQL:104 - 
    update
        DataPoint 
    set
        description=? 
    where
        id=?
14:11:23,510 DEBUG SQL:104 - 
    update
        DataPoint 
    set
        description=? 
    where
        id=?
14:11:23,510 DEBUG SQL:104 - 
    update
        DataPoint 
    set
        description=? 
    where
        id=?
14:11:23,522 DEBUG SQL:104 - 
    update
        DataPoint 
    set
        description=? 
    where
        id=?
14:11:23,523 DEBUG SQL:104 - 
    update
        DataPoint 
    set
        description=? 
    where
        id=?
14:11:23,523 DEBUG SQL:104 - 
    update
        DataPoint 
    set
        description=? 
    where
        id=?
14:11:23,523 DEBUG SQL:104 - 
    update
        DataPoint 
    set
        description=? 
    where
        id=?
14:11:23,561 DEBUG SQL:104 - 
    update
        DataPoint 
    set
        description=? 
    where
        id=?
14:11:23,562 DEBUG SQL:104 - 
    update
        DataPoint 
    set
        description=? 
    where
        id=?
14:11:23,562 DEBUG SQL:104 - 
    update
        DataPoint 
    set
        description=? 
    where
        id=?
14:11:23,562 DEBUG SQL:104 - 
    update
        DataPoint 
    set
        description=? 
    where
        id=?
14:11:23,562 DEBUG SQL:104 - 
    update
        DataPoint 
    set
        description=? 
    where
        id=?
14:11:23,562 DEBUG SQL:104 - 
    update
        DataPoint 
    set
        description=? 
    where
        id=?
14:11:23,562 DEBUG SQL:104 - 
    update
        DataPoint 
    set
        description=? 
    where
        id=?
14:11:23,562 DEBUG SQL:104 - 
    update
        DataPoint 
    set
        description=? 
    where
        id=?
14:11:23,563 DEBUG SQL:104 - 
    update
        DataPoint 
    set
        description=? 
    where
        id=?
14:11:23,563 DEBUG SQL:104 - 
    update
        DataPoint 
    set
        description=? 
    where
        id=?
14:11:23,563 DEBUG SQL:104 - 
    update
        DataPoint 
    set
        description=? 
    where
        id=?
14:11:23,563 DEBUG SQL:104 - 
    update
        DataPoint 
    set
        description=? 
    where
        id=?
14:11:23,563 DEBUG SQL:104 - 
    update
        DataPoint 
    set
        description=? 
    where
        id=?
14:11:23,563 DEBUG SQL:104 - 
    update
        DataPoint 
    set
        description=? 
    where
        id=?
14:11:23,563 DEBUG SQL:104 - 
    update
        DataPoint 
    set
        description=? 
    where
        id=?
14:11:23,563 DEBUG SQL:104 - 
    update
        DataPoint 
    set
        description=? 
    where
        id=?
14:11:23,565 DEBUG SQL:104 - 
    update
        DataPoint 
    set
        description=? 
    where
        id=?
14:11:23,566 DEBUG SQL:104 - 
    update
        DataPoint 
    set
        description=? 
    where
        id=?
14:11:23,566 DEBUG SQL:104 - 
    update
        DataPoint 
    set
        description=? 
    where
        id=?
14:11:23,566 DEBUG SQL:104 - 
    update
        DataPoint 
    set
        description=? 
    where
        id=?
14:11:23,566 DEBUG SQL:104 - 
    update
        DataPoint 
    set
        description=? 
    where
        id=?
14:11:23,566 DEBUG SQL:104 - 
    update
        DataPoint 
    set
        description=? 
    where
        id=?
14:11:23,587 DEBUG SQL:104 - 
    update
        DataPoint 
    set
        description=? 
    where
        id=?
14:11:23,588 DEBUG SQL:104 - 
    update
        DataPoint 
    set
        description=? 
    where
        id=?
14:11:23,588 DEBUG SQL:104 - 
    update
        DataPoint 
    set
        description=? 
    where
        id=?
14:11:23,588 DEBUG SQL:104 - 
    update
        DataPoint 
    set
        description=? 
    where
        id=?
14:11:23,588 DEBUG SQL:104 - 
    update
        DataPoint 
    set
        description=? 
    where
        id=?
14:11:23,588 DEBUG SQL:104 - 
    update
        DataPoint 
    set
        description=? 
    where
        id=?
14:11:23,588 DEBUG SQL:104 - 
    update
        DataPoint 
    set
        description=? 
    where
        id=?
14:11:23,588 DEBUG SQL:104 - 
    update
        DataPoint 
    set
        description=? 
    where
        id=?
14:11:23,601 DEBUG SQL:104 - 
    update
        DataPoint 
    set
        description=? 
    where
        id=?
14:11:23,601 DEBUG SQL:104 - 
    update
        DataPoint 
    set
        description=? 
    where
        id=?
14:11:23,602 DEBUG SQL:104 - 
    update
        DataPoint 
    set
        description=? 
    where
        id=?
14:11:23,602 DEBUG SQL:104 - 
    update
        DataPoint 
    set
        description=? 
    where
        id=?
14:11:23,602 DEBUG SQL:104 - 
    update
        DataPoint 
    set
        description=? 
    where
        id=?
14:11:23,612 DEBUG SQL:104 - 
    update
        DataPoint 
    set
        description=? 
    where
        id=?
14:11:23,614 DEBUG SQL:104 - 
    update
        DataPoint 
    set
        description=? 
    where
        id=?
14:11:23,615 DEBUG SQL:104 - 
    update
        DataPoint 
    set
        description=? 
    where
        id=?
14:11:23,615 DEBUG SQL:104 - 
    update
        DataPoint 
    set
        description=? 
    where
        id=?
14:11:23,615 DEBUG SQL:104 - 
    update
        DataPoint 
    set
        description=? 
    where
        id=?
14:11:23,615 DEBUG SQL:104 - 
    update
        DataPoint 
    set
        description=? 
    where
        id=?
14:11:23,635 DEBUG SQL:104 - 
    update
        DataPoint 
    set
        description=? 
    where
        id=?
14:11:23,636 DEBUG SQL:104 - 
    update
        DataPoint 
    set
        description=? 
    where
        id=?
14:11:23,636 DEBUG SQL:104 - 
    update
        DataPoint 
    set
        description=? 
    where
        id=?
14:11:23,636 DEBUG SQL:104 - 
    update
        DataPoint 
    set
        description=? 
    where
        id=?
14:11:23,636 DEBUG SQL:104 - 
    update
        DataPoint 
    set
        description=? 
    where
        id=?
14:11:23,646 DEBUG SQL:104 - 
    update
        DataPoint 
    set
        description=? 
    where
        id=?
14:11:23,647 DEBUG SQL:104 - 
    update
        DataPoint 
    set
        description=? 
    where
        id=?
14:11:23,647 DEBUG SQL:104 - 
    update
        DataPoint 
    set
        description=? 
    where
        id=?
14:11:23,647 DEBUG SQL:104 - 
    update
        DataPoint 
    set
        description=? 
    where
        id=?
14:11:23,656 DEBUG SQL:104 - 
    update
        DataPoint 
    set
        description=? 
    where
        id=?
14:11:23,656 DEBUG SQL:104 - 
    update
        DataPoint 
    set
        description=? 
    where
        id=?
14:11:23,657 DEBUG SQL:104 - 
    update
        DataPoint 
    set
        description=? 
    where
        id=?
14:11:23,657 DEBUG SQL:104 - 
    update
        DataPoint 
    set
        description=? 
    where
        id=?
14:11:23,666 DEBUG SQL:104 - 
    update
        DataPoint 
    set
        description=? 
    where
        id=?
14:11:23,666 DEBUG SQL:104 - 
    update
        DataPoint 
    set
        description=? 
    where
        id=?
14:11:23,668 DEBUG SQL:104 - 
    update
        DataPoint 
    set
        description=? 
    where
        id=?
14:11:23,668 DEBUG SQL:104 - 
    update
        DataPoint 
    set
        description=? 
    where
        id=?
14:11:23,668 DEBUG SQL:104 - 
    update
        DataPoint 
    set
        description=? 
    where
        id=?
14:11:23,678 DEBUG SQL:104 - 
    update
        DataPoint 
    set
        description=? 
    where
        id=?
14:11:23,678 DEBUG SQL:104 - 
    update
        DataPoint 
    set
        description=? 
    where
        id=?
14:11:23,678 DEBUG SQL:104 - 
    update
        DataPoint 
    set
        description=? 
    where
        id=?
14:11:23,679 DEBUG SQL:104 - 
    update
        DataPoint 
    set
        description=? 
    where
        id=?
14:11:23,689 DEBUG SQL:104 - 
    update
        DataPoint 
    set
        description=? 
    where
        id=?
14:11:23,690 DEBUG SQL:104 - 
    update
        DataPoint 
    set
        description=? 
    where
        id=?
14:11:23,690 DEBUG SQL:104 - 
    update
        DataPoint 
    set
        description=? 
    where
        id=?
14:11:23,690 DEBUG SQL:104 - 
    update
        DataPoint 
    set
        description=? 
    where
        id=?
14:11:23,690 DEBUG SQL:104 - 
    update
        DataPoint 
    set
        description=? 
    where
        id=?
14:11:23,699 DEBUG SQL:104 - 
    update
        DataPoint 
    set
        description=? 
    where
        id=?
14:11:23,699 DEBUG SQL:104 - 
    update
        DataPoint 
    set
        description=? 
    where
        id=?
14:11:23,700 DEBUG SQL:104 - 
    update
        DataPoint 
    set
        description=? 
    where
        id=?
14:11:23,700 DEBUG SQL:104 - 
    update
        DataPoint 
    set
        description=? 
    where
        id=?
14:11:23,710 DEBUG SQL:104 - 
    update
        DataPoint 
    set
        description=? 
    where
        id=?
14:11:23,710 DEBUG SQL:104 - 
    update
        DataPoint 
    set
        description=? 
    where
        id=?
14:11:23,710 DEBUG SQL:104 - 
    update
        DataPoint 
    set
        description=? 
    where
        id=?
14:11:23,710 DEBUG SQL:104 - 
    update
        DataPoint 
    set
        description=? 
    where
        id=?
14:11:23,712 DEBUG SQL:104 - 
    update
        DataPoint 
    set
        description=? 
    where
        id=?
14:11:23,712 DEBUG SQL:104 - 
    update
        DataPoint 
    set
        description=? 
    where
        id=?
14:11:23,713 DEBUG SQL:104 - 
    update
        DataPoint 
    set
        description=? 
    where
        id=?
14:11:23,713 DEBUG SQL:104 - 
    update
        DataPoint 
    set
        description=? 
    where
        id=?
14:11:23,713 DEBUG SQL:104 - 
    update
        DataPoint 
    set
        description=? 
    where
        id=?
14:11:23,725 DEBUG SQL:104 - 
    update
        DataPoint 
    set
        description=? 
    where
        id=?
14:11:23,725 DEBUG SQL:104 - 
    update
        DataPoint 
    set
        description=? 
    where
        id=?
14:11:23,725 DEBUG SQL:104 - 
    update
        DataPoint 
    set
        description=? 
    where
        id=?
14:11:23,725 DEBUG SQL:104 - 
    update
        DataPoint 
    set
        description=? 
    where
        id=?
14:11:23,736 DEBUG SQL:104 - 
    update
        DataPoint 
    set
        description=? 
    where
        id=?
14:11:23,736 DEBUG SQL:104 - 
    update
        DataPoint 
    set
        description=? 
    where
        id=?
14:11:23,736 DEBUG SQL:104 - 
    update
        DataPoint 
    set
        description=? 
    where
        id=?
14:11:23,736 DEBUG SQL:104 - 
    update
        DataPoint 
    set
        description=? 
    where
        id=?
14:11:23,736 DEBUG SQL:104 - 
    update
        DataPoint 
    set
        description=? 
    where
        id=?
14:11:23,736 DEBUG SQL:104 - 
    update
        DataPoint 
    set
        description=? 
    where
        id=?
14:11:23,737 DEBUG SQL:104 - 
    update
        DataPoint 
    set
        description=? 
    where
        id=?
14:11:23,765 DEBUG SQL:104 - 
    update
        DataPoint 
    set
        description=? 
    where
        id=?
14:11:23,766 DEBUG SQL:104 - 
    update
        DataPoint 
    set
        description=? 
    where
        id=?
14:11:23,766 DEBUG SQL:104 - 
    update
        DataPoint 
    set
        description=? 
    where
        id=?
14:11:23,766 DEBUG SQL:104 - 
    update
        DataPoint 
    set
        description=? 
    where
        id=?
14:11:23,776 DEBUG SQL:104 - 
    update
        DataPoint 
    set
        description=? 
    where
        id=?
14:11:23,777 DEBUG SQL:104 - 
    update
        DataPoint 
    set
        description=? 
    where
        id=?
14:11:23,777 DEBUG SQL:104 - 
    update
        DataPoint 
    set
        description=? 
    where
        id=?
14:11:23,777 DEBUG SQL:104 - 
    update
        DataPoint 
    set
        description=? 
    where
        id=?
14:11:23,783 DEBUG SQL:104 - 
    update
        DataPoint 
    set
        description=? 
    where
        id=?
14:11:23,783 DEBUG SQL:104 - 
    update
        DataPoint 
    set
        description=? 
    where
        id=?
14:11:23,784 DEBUG SQL:104 - 
    update
        DataPoint 
    set
        description=? 
    where
        id=?
14:11:23,784 DEBUG SQL:104 - 
    update
        DataPoint 
    set
        description=? 
    where
        id=?
14:11:23,784 DEBUG SQL:104 - 
    update
        DataPoint 
    set
        description=? 
    where
        id=?
14:11:23,793 DEBUG SQL:104 - 
    update
        DataPoint 
    set
        description=? 
    where
        id=?
14:11:23,793 DEBUG SQL:104 - 
    update
        DataPoint 
    set
        description=? 
    where
        id=?
14:11:23,794 DEBUG SQL:104 - 
    update
        DataPoint 
    set
        description=? 
    where
        id=?
14:11:23,794 DEBUG SQL:104 - 
    update
        DataPoint 
    set
        description=? 
    where
        id=?
14:11:23,806 DEBUG SQL:104 - 
    update
        DataPoint 
    set
        description=? 
    where
        id=?
14:11:23,806 DEBUG SQL:104 - 
    update
        DataPoint 
    set
        description=? 
    where
        id=?
14:11:23,806 DEBUG SQL:104 - 
    update
        DataPoint 
    set
        description=? 
    where
        id=?
14:11:23,806 DEBUG SQL:104 - 
    update
        DataPoint 
    set
        description=? 
    where
        id=?
14:11:23,814 DEBUG SQL:104 - 
    update
        DataPoint 
    set
        description=? 
    where
        id=?
14:11:23,815 DEBUG SQL:104 - 
    update
        DataPoint 
    set
        description=? 
    where
        id=?
14:11:23,817 DEBUG SQL:104 - 
    update
        DataPoint 
    set
        description=? 
    where
        id=?
14:11:23,838 DEBUG SQL:104 - 
    update
        DataPoint 
    set
        description=? 
    where
        id=?
14:11:23,839 DEBUG SQL:104 - 
    update
        DataPoint 
    set
        description=? 
    where
        id=?
14:11:23,839 DEBUG SQL:104 - 
    update
        DataPoint 
    set
        description=? 
    where
        id=?
14:11:23,839 DEBUG SQL:104 - 
    update
        DataPoint 
    set
        description=? 
    where
        id=?
14:11:23,839 DEBUG SQL:104 - 
    update
        DataPoint 
    set
        description=? 
    where
        id=?
14:11:23,840 DEBUG SQL:104 - 
    update
        DataPoint 
    set
        description=? 
    where
        id=?
14:11:23,860 DEBUG SQL:104 - 
    update
        DataPoint 
    set
        description=? 
    where
        id=?
14:11:23,860 DEBUG SQL:104 - 
    update
        DataPoint 
    set
        description=? 
    where
        id=?
14:11:23,860 DEBUG SQL:104 - 
    update
        DataPoint 
    set
        description=? 
    where
        id=?
14:11:23,861 DEBUG SQL:104 - 
    update
        DataPoint 
    set
        description=? 
    where
        id=?
14:11:23,861 DEBUG SQL:104 - 
    update
        DataPoint 
    set
        description=? 
    where
        id=?
14:11:23,861 DEBUG SQL:104 - 
    update
        DataPoint 
    set
        description=? 
    where
        id=?
14:11:23,861 DEBUG SQL:104 - 
    update
        DataPoint 
    set
        description=? 
    where
        id=?
14:11:23,861 DEBUG SQL:104 - 
    update
        DataPoint 
    set
        description=? 
    where
        id=?
14:11:23,861 DEBUG SQL:104 - 
    update
        DataPoint 
    set
        description=? 
    where
        id=?
14:11:23,873 DEBUG SQL:104 - 
    update
        DataPoint 
    set
        description=? 
    where
        id=?
14:11:23,873 DEBUG SQL:104 - 
    update
        DataPoint 
    set
        description=? 
    where
        id=?
14:11:23,873 DEBUG SQL:104 - 
    update
        DataPoint 
    set
        description=? 
    where
        id=?
14:11:23,874 DEBUG SQL:104 - 
    update
        DataPoint 
    set
        description=? 
    where
        id=?
14:11:23,885 DEBUG SQL:104 - 
    update
        DataPoint 
    set
        description=? 
    where
        id=?
14:11:23,887 DEBUG SQL:104 - 
    update
        DataPoint 
    set
        description=? 
    where
        id=?
14:11:23,888 DEBUG SQL:104 - 
    update
        DataPoint 
    set
        description=? 
    where
        id=?
14:11:23,888 DEBUG SQL:104 - 
    update
        DataPoint 
    set
        description=? 
    where
        id=?
14:11:23,888 DEBUG SQL:104 - 
    update
        DataPoint 
    set
        description=? 
    where
        id=?
14:11:23,888 DEBUG SQL:104 - 
    update
        DataPoint 
    set
        description=? 
    where
        id=?
14:11:23,888 DEBUG SQL:104 - 
    update
        DataPoint 
    set
        description=? 
    where
        id=?
14:11:23,918 DEBUG SQL:104 - 
    update
        DataPoint 
    set
        description=? 
    where
        id=?
14:11:23,918 DEBUG SQL:104 - 
    update
        DataPoint 
    set
        description=? 
    where
        id=?
14:11:23,918 DEBUG SQL:104 - 
    update
        DataPoint 
    set
        description=? 
    where
        id=?
14:11:23,918 DEBUG SQL:104 - 
    update
        DataPoint 
    set
        description=? 
    where
        id=?
14:11:23,928 DEBUG SQL:104 - 
    update
        DataPoint 
    set
        description=? 
    where
        id=?
14:11:23,928 DEBUG SQL:104 - 
    update
        DataPoint 
    set
        description=? 
    where
        id=?
14:11:23,928 DEBUG SQL:104 - 
    update
        DataPoint 
    set
        description=? 
    where
        id=?
14:11:23,929 DEBUG SQL:104 - 
    update
        DataPoint 
    set
        description=? 
    where
        id=?
14:11:23,929 DEBUG SQL:104 - 
    update
        DataPoint 
    set
        description=? 
    where
        id=?
14:11:23,941 DEBUG SQL:104 - 
    update
        DataPoint 
    set
        description=? 
    where
        id=?
14:11:23,942 DEBUG SQL:104 - 
    update
        DataPoint 
    set
        description=? 
    where
        id=?
14:11:23,942 DEBUG SQL:104 - 
    update
        DataPoint 
    set
        description=? 
    where
        id=?
14:11:23,942 DEBUG SQL:104 - 
    update
        DataPoint 
    set
        description=? 
    where
        id=?
14:11:23,953 DEBUG SQL:104 - 
    update
        DataPoint 
    set
        description=? 
    where
        id=?
14:11:23,955 DEBUG SQL:104 - 
    update
        DataPoint 
    set
        description=? 
    where
        id=?
14:11:23,955 DEBUG SQL:104 - 
    update
        DataPoint 
    set
        description=? 
    where
        id=?
14:11:23,955 DEBUG SQL:104 - 
    update
        DataPoint 
    set
        description=? 
    where
        id=?
14:11:23,966 DEBUG SQL:104 - 
    update
        DataPoint 
    set
        description=? 
    where
        id=?
14:11:23,966 DEBUG SQL:104 - 
    update
        DataPoint 
    set
        description=? 
    where
        id=?
14:11:23,967 DEBUG SQL:104 - 
    update
        DataPoint 
    set
        description=? 
    where
        id=?
14:11:23,967 DEBUG SQL:104 - 
    update
        DataPoint 
    set
        description=? 
    where
        id=?
14:11:23,967 DEBUG SQL:104 - 
    update
        DataPoint 
    set
        description=? 
    where
        id=?
14:11:23,976 DEBUG SQL:104 - 
    update
        DataPoint 
    set
        description=? 
    where
        id=?
14:11:23,976 DEBUG SQL:104 - 
    update
        DataPoint 
    set
        description=? 
    where
        id=?
14:11:23,976 DEBUG SQL:104 - 
    update
        DataPoint 
    set
        description=? 
    where
        id=?
14:11:23,978 DEBUG SQL:104 - 
    update
        DataPoint 
    set
        description=? 
    where
        id=?
14:11:23,987 DEBUG SQL:104 - 
    update
        DataPoint 
    set
        description=? 
    where
        id=?
14:11:23,989 DEBUG SQL:104 - 
    update
        DataPoint 
    set
        description=? 
    where
        id=?
14:11:23,989 DEBUG SQL:104 - 
    update
        DataPoint 
    set
        description=? 
    where
        id=?
14:11:23,989 DEBUG SQL:104 - 
    update
        DataPoint 
    set
        description=? 
    where
        id=?
14:11:23,989 DEBUG SQL:104 - 
    update
        DataPoint 
    set
        description=? 
    where
        id=?
14:11:23,989 DEBUG SQL:104 - 
    update
        DataPoint 
    set
        description=? 
    where
        id=?
14:11:23,989 DEBUG SQL:104 - 
    update
        DataPoint 
    set
        description=? 
    where
        id=?
14:11:23,989 DEBUG SQL:104 - 
    update
        DataPoint 
    set
        description=? 
    where
        id=?
14:11:23,991 DEBUG SQL:104 - 
    update
        DataPoint 
    set
        description=? 
    where
        id=?
14:11:24,002 DEBUG SQL:104 - 
    update
        DataPoint 
    set
        description=? 
    where
        id=?
14:11:24,002 DEBUG SQL:104 - 
    update
        DataPoint 
    set
        description=? 
    where
        id=?
14:11:24,002 DEBUG SQL:104 - 
    update
        DataPoint 
    set
        description=? 
    where
        id=?
14:11:24,002 DEBUG SQL:104 - 
    update
        DataPoint 
    set
        description=? 
    where
        id=?
14:11:24,012 DEBUG SQL:104 - 
    update
        DataPoint 
    set
        description=? 
    where
        id=?
14:11:24,013 DEBUG SQL:104 - 
    update
        DataPoint 
    set
        description=? 
    where
        id=?
14:11:24,013 DEBUG SQL:104 - 
    update
        DataPoint 
    set
        description=? 
    where
        id=?
14:11:24,013 DEBUG SQL:104 - 
    update
        DataPoint 
    set
        description=? 
    where
        id=?
14:11:24,013 DEBUG SQL:104 - 
    update
        DataPoint 
    set
        description=? 
    where
        id=?
14:11:24,013 DEBUG SQL:104 - 
    update
        DataPoint 
    set
        description=? 
    where
        id=?
14:11:24,013 DEBUG SQL:104 - 
    update
        DataPoint 
    set
        description=? 
    where
        id=?
14:11:24,035 DEBUG SQL:104 - 
    update
        DataPoint 
    set
        description=? 
    where
        id=?
14:11:24,035 DEBUG SQL:104 - 
    update
        DataPoint 
    set
        description=? 
    where
        id=?
14:11:24,035 DEBUG SQL:104 - 
    update
        DataPoint 
    set
        description=? 
    where
        id=?
14:11:24,035 DEBUG SQL:104 - 
    update
        DataPoint 
    set
        description=? 
    where
        id=?
14:11:24,046 DEBUG SQL:104 - 
    update
        DataPoint 
    set
        description=? 
    where
        id=?
14:11:24,046 DEBUG SQL:104 - 
    update
        DataPoint 
    set
        description=? 
    where
        id=?
14:11:24,046 DEBUG SQL:104 - 
    update
        DataPoint 
    set
        description=? 
    where
        id=?
14:11:24,046 DEBUG SQL:104 - 
    update
        DataPoint 
    set
        description=? 
    where
        id=?
14:11:24,048 DEBUG SQL:104 - 
    update
        DataPoint 
    set
        description=? 
    where
        id=?
14:11:24,059 DEBUG SQL:104 - 
    update
        DataPoint 
    set
        description=? 
    where
        id=?
14:11:24,059 DEBUG SQL:104 - 
    update
        DataPoint 
    set
        description=? 
    where
        id=?
14:11:24,059 DEBUG SQL:104 - 
    update
        DataPoint 
    set
        description=? 
    where
        id=?
14:11:24,059 DEBUG SQL:104 - 
    update
        DataPoint 
    set
        description=? 
    where
        id=?
14:11:24,059 DEBUG SQL:104 - 
    update
        DataPoint 
    set
        description=? 
    where
        id=?
14:11:24,059 DEBUG SQL:104 - 
    update
        DataPoint 
    set
        description=? 
    where
        id=?
14:11:24,060 DEBUG SQL:104 - 
    update
        DataPoint 
    set
        description=? 
    where
        id=?
14:11:24,060 DEBUG SQL:104 - 
    update
        DataPoint 
    set
        description=? 
    where
        id=?
14:11:24,060 DEBUG SQL:104 - 
    update
        DataPoint 
    set
        description=? 
    where
        id=?
14:11:24,060 DEBUG SQL:104 - 
    update
        DataPoint 
    set
        description=? 
    where
        id=?
14:11:24,082 DEBUG SQL:104 - 
    update
        DataPoint 
    set
        description=? 
    where
        id=?
14:11:24,082 DEBUG SQL:104 - 
    update
        DataPoint 
    set
        description=? 
    where
        id=?
14:11:24,082 DEBUG SQL:104 - 
    update
        DataPoint 
    set
        description=? 
    where
        id=?
14:11:24,082 DEBUG SQL:104 - 
    update
        DataPoint 
    set
        description=? 
    where
        id=?
14:11:24,083 DEBUG SQL:104 - 
    update
        DataPoint 
    set
        description=? 
    where
        id=?
14:11:24,093 DEBUG SQL:104 - 
    update
        DataPoint 
    set
        description=? 
    where
        id=?
14:11:24,094 DEBUG SQL:104 - 
    update
        DataPoint 
    set
        description=? 
    where
        id=?
14:11:24,094 DEBUG SQL:104 - 
    update
        DataPoint 
    set
        description=? 
    where
        id=?
14:11:24,094 DEBUG SQL:104 - 
    update
        DataPoint 
    set
        description=? 
    where
        id=?
14:11:24,106 DEBUG SQL:104 - 
    update
        DataPoint 
    set
        description=? 
    where
        id=?
14:11:24,106 DEBUG SQL:104 - 
    update
        DataPoint 
    set
        description=? 
    where
        id=?
14:11:24,106 DEBUG SQL:104 - 
    update
        DataPoint 
    set
        description=? 
    where
        id=?
14:11:24,106 DEBUG SQL:104 - 
    update
        DataPoint 
    set
        description=? 
    where
        id=?
14:11:24,115 DEBUG SQL:104 - 
    update
        DataPoint 
    set
        description=? 
    where
        id=?
14:11:24,116 DEBUG SQL:104 - 
    update
        DataPoint 
    set
        description=? 
    where
        id=?
14:11:24,116 DEBUG SQL:104 - 
    update
        DataPoint 
    set
        description=? 
    where
        id=?
14:11:24,116 DEBUG SQL:104 - 
    update
        DataPoint 
    set
        description=? 
    where
        id=?
14:11:24,116 DEBUG SQL:104 - 
    update
        DataPoint 
    set
        description=? 
    where
        id=?
14:11:24,116 DEBUG SQL:104 - 
    update
        DataPoint 
    set
        description=? 
    where
        id=?
14:11:24,116 DEBUG SQL:104 - 
    update
        DataPoint 
    set
        description=? 
    where
        id=?
14:11:24,117 DEBUG SQL:104 - 
    update
        DataPoint 
    set
        description=? 
    where
        id=?
14:11:24,117 DEBUG SQL:104 - 
    update
        DataPoint 
    set
        description=? 
    where
        id=?
14:11:24,132 DEBUG SQL:104 - 
    update
        DataPoint 
    set
        description=? 
    where
        id=?
14:11:24,133 DEBUG SQL:104 - 
    update
        DataPoint 
    set
        description=? 
    where
        id=?
14:11:24,133 DEBUG SQL:104 - 
    update
        DataPoint 
    set
        description=? 
    where
        id=?
14:11:24,133 DEBUG SQL:104 - 
    update
        DataPoint 
    set
        description=? 
    where
        id=?
14:11:24,133 DEBUG SQL:104 - 
    update
        DataPoint 
    set
        description=? 
    where
        id=?
14:11:24,143 DEBUG SQL:104 - 
    update
        DataPoint 
    set
        description=? 
    where
        id=?
14:11:24,143 DEBUG SQL:104 - 
    update
        DataPoint 
    set
        description=? 
    where
        id=?
14:11:24,145 DEBUG SQL:104 - 
    update
        DataPoint 
    set
        description=? 
    where
        id=?
14:11:24,146 DEBUG SQL:104 - 
    update
        DataPoint 
    set
        description=? 
    where
        id=?
14:11:24,146 DEBUG SQL:104 - 
    update
        DataPoint 
    set
        description=? 
    where
        id=?
14:11:24,146 DEBUG SQL:104 - 
    update
        DataPoint 
    set
        description=? 
    where
        id=?
14:11:24,165 DEBUG SQL:104 - 
    update
        DataPoint 
    set
        description=? 
    where
        id=?
14:11:24,166 DEBUG SQL:104 - 
    update
        DataPoint 
    set
        description=? 
    where
        id=?
14:11:24,166 DEBUG SQL:104 - 
    update
        DataPoint 
    set
        description=? 
    where
        id=?
14:11:24,166 DEBUG SQL:104 - 
    update
        DataPoint 
    set
        description=? 
    where
        id=?
14:11:24,176 DEBUG SQL:104 - 
    update
        DataPoint 
    set
        description=? 
    where
        id=?
14:11:24,176 DEBUG SQL:104 - 
    update
        DataPoint 
    set
        description=? 
    where
        id=?
14:11:24,177 DEBUG SQL:104 - 
    update
        DataPoint 
    set
        description=? 
    where
        id=?
14:11:24,177 DEBUG SQL:104 - 
    update
        DataPoint 
    set
        description=? 
    where
        id=?
14:11:24,177 DEBUG SQL:104 - 
    update
        DataPoint 
    set
        description=? 
    where
        id=?
14:11:24,187 DEBUG SQL:104 - 
    update
        DataPoint 
    set
        description=? 
    where
        id=?
14:11:24,187 DEBUG SQL:104 - 
    update
        DataPoint 
    set
        description=? 
    where
        id=?
14:11:24,187 DEBUG SQL:104 - 
    update
        DataPoint 
    set
        description=? 
    where
        id=?
14:11:24,188 DEBUG SQL:104 - 
    update
        DataPoint 
    set
        description=? 
    where
        id=?
14:11:24,197 DEBUG SQL:104 - 
    update
        DataPoint 
    set
        description=? 
    where
        id=?
14:11:24,197 DEBUG SQL:104 - 
    update
        DataPoint 
    set
        description=? 
    where
        id=?
14:11:24,198 DEBUG SQL:104 - 
    update
        DataPoint 
    set
        description=? 
    where
        id=?
14:11:24,200 DEBUG SQL:104 - 
    update
        DataPoint 
    set
        description=? 
    where
        id=?
14:11:24,200 DEBUG SQL:104 - 
    update
        DataPoint 
    set
        description=? 
    where
        id=?
14:11:24,210 DEBUG SQL:104 - 
    update
        DataPoint 
    set
        description=? 
    where
        id=?
14:11:24,210 DEBUG SQL:104 - 
    update
        DataPoint 
    set
        description=? 
    where
        id=?
14:11:24,210 DEBUG SQL:104 - 
    update
        DataPoint 
    set
        description=? 
    where
        id=?
14:11:24,210 DEBUG SQL:104 - 
    update
        DataPoint 
    set
        description=? 
    where
        id=?
14:11:24,220 DEBUG SQL:104 - 
    update
        DataPoint 
    set
        description=? 
    where
        id=?
14:11:24,221 DEBUG SQL:104 - 
    update
        DataPoint 
    set
        description=? 
    where
        id=?
14:11:24,221 DEBUG SQL:104 - 
    update
        DataPoint 
    set
        description=? 
    where
        id=?
14:11:24,221 DEBUG SQL:104 - 
    update
        DataPoint 
    set
        description=? 
    where
        id=?
14:11:24,233 DEBUG SQL:104 - 
    update
        DataPoint 
    set
        description=? 
    where
        id=?
14:11:24,233 DEBUG SQL:104 - 
    update
        DataPoint 
    set
        description=? 
    where
        id=?
14:11:24,233 DEBUG SQL:104 - 
    update
        DataPoint 
    set
        description=? 
    where
        id=?
14:11:24,233 DEBUG SQL:104 - 
    update
        DataPoint 
    set
        description=? 
    where
        id=?
14:11:24,233 DEBUG SQL:104 - 
    update
        DataPoint 
    set
        description=? 
    where
        id=?
14:11:24,243 DEBUG SQL:104 - 
    update
        DataPoint 
    set
        description=? 
    where
        id=?
14:11:24,243 DEBUG SQL:104 - 
    update
        DataPoint 
    set
        description=? 
    where
        id=?
14:11:24,243 DEBUG SQL:104 - 
    update
        DataPoint 
    set
        description=? 
    where
        id=?
14:11:24,244 DEBUG SQL:104 - 
    update
        DataPoint 
    set
        description=? 
    where
        id=?
14:11:24,244 DEBUG SQL:104 - 
    update
        DataPoint 
    set
        description=? 
    where
        id=?
14:11:24,248 DEBUG SQL:104 - 
    update
        DataPoint 
    set
        description=? 
    where
        id=?
14:11:24,248 DEBUG SQL:104 - 
    update
        DataPoint 
    set
        description=? 
    where
        id=?
14:11:24,248 DEBUG SQL:104 - 
    update
        DataPoint 
    set
        description=? 
    where
        id=?
14:11:24,259 DEBUG SQL:104 - 
    update
        DataPoint 
    set
        description=? 
    where
        id=?
14:11:24,259 DEBUG SQL:104 - 
    update
        DataPoint 
    set
        description=? 
    where
        id=?
14:11:24,259 DEBUG SQL:104 - 
    update
        DataPoint 
    set
        description=? 
    where
        id=?
14:11:24,259 DEBUG SQL:104 - 
    update
        DataPoint 
    set
        description=? 
    where
        id=?
14:11:24,259 DEBUG SQL:104 - 
    update
        DataPoint 
    set
        description=? 
    where
        id=?
14:11:24,269 DEBUG SQL:104 - 
    update
        DataPoint 
    set
        description=? 
    where
        id=?
14:11:24,269 DEBUG SQL:104 - 
    update
        DataPoint 
    set
        description=? 
    where
        id=?
14:11:24,269 DEBUG SQL:104 - 
    update
        DataPoint 
    set
        description=? 
    where
        id=?
14:11:24,270 DEBUG SQL:104 - 
    update
        DataPoint 
    set
        description=? 
    where
        id=?
14:11:24,270 DEBUG SQL:104 - 
    update
        DataPoint 
    set
        description=? 
    where
        id=?
14:11:24,270 DEBUG SQL:104 - 
    update
        DataPoint 
    set
        description=? 
    where
        id=?
14:11:24,293 DEBUG SQL:104 - 
    update
        DataPoint 
    set
        description=? 
    where
        id=?
14:11:24,294 DEBUG SQL:104 - 
    update
        DataPoint 
    set
        description=? 
    where
        id=?
14:11:24,294 DEBUG SQL:104 - 
    update
        DataPoint 
    set
        description=? 
    where
        id=?
14:11:24,294 DEBUG SQL:104 - 
    update
        DataPoint 
    set
        description=? 
    where
        id=?
14:11:24,294 DEBUG SQL:104 - 
    update
        DataPoint 
    set
        description=? 
    where
        id=?
14:11:24,305 DEBUG SQL:104 - 
    update
        DataPoint 
    set
        description=? 
    where
        id=?
14:11:24,307 DEBUG SQL:104 - 
    update
        DataPoint 
    set
        description=? 
    where
        id=?
14:11:24,308 DEBUG SQL:104 - 
    update
        DataPoint 
    set
        description=? 
    where
        id=?
14:11:24,308 DEBUG SQL:104 - 
    update
        DataPoint 
    set
        description=? 
    where
        id=?
14:11:24,316 DEBUG SQL:104 - 
    update
        DataPoint 
    set
        description=? 
    where
        id=?
14:11:24,316 DEBUG SQL:104 - 
    update
        DataPoint 
    set
        description=? 
    where
        id=?
14:11:24,316 DEBUG SQL:104 - 
    update
        DataPoint 
    set
        description=? 
    where
        id=?
14:11:24,316 DEBUG SQL:104 - 
    update
        DataPoint 
    set
        description=? 
    where
        id=?
14:11:24,316 DEBUG SQL:104 - 
    update
        DataPoint 
    set
        description=? 
    where
        id=?
14:11:24,327 DEBUG SQL:104 - 
    update
        DataPoint 
    set
        description=? 
    where
        id=?
14:11:24,328 DEBUG SQL:104 - 
    update
        DataPoint 
    set
        description=? 
    where
        id=?
14:11:24,328 DEBUG SQL:104 - 
    update
        DataPoint 
    set
        description=? 
    where
        id=?
14:11:24,328 DEBUG SQL:104 - 
    update
        DataPoint 
    set
        description=? 
    where
        id=?
14:11:24,354 DEBUG SQL:104 - 
    update
        DataPoint 
    set
        description=? 
    where
        id=?
14:11:24,354 DEBUG SQL:104 - 
    update
        DataPoint 
    set
        description=? 
    where
        id=?
14:11:24,355 DEBUG SQL:104 - 
    update
        DataPoint 
    set
        description=? 
    where
        id=?
14:11:24,355 DEBUG SQL:104 - 
    update
        DataPoint 
    set
        description=? 
    where
        id=?
14:11:24,355 DEBUG SQL:104 - 
    update
        DataPoint 
    set
        description=? 
    where
        id=?
14:11:24,355 DEBUG SQL:104 - 
    update
        DataPoint 
    set
        description=? 
    where
        id=?
14:11:24,355 DEBUG SQL:104 - 
    update
        DataPoint 
    set
        description=? 
    where
        id=?
14:11:24,355 DEBUG SQL:104 - 
    update
        DataPoint 
    set
        description=? 
    where
        id=?
14:11:24,364 DEBUG SQL:104 - 
    update
        DataPoint 
    set
        description=? 
    where
        id=?
14:11:24,376 DEBUG SQL:104 - 
    update
        DataPoint 
    set
        description=? 
    where
        id=?
14:11:24,376 DEBUG SQL:104 - 
    update
        DataPoint 
    set
        description=? 
    where
        id=?
14:11:24,377 DEBUG SQL:104 - 
    update
        DataPoint 
    set
        description=? 
    where
        id=?
14:11:24,377 DEBUG SQL:104 - 
    update
        DataPoint 
    set
        description=? 
    where
        id=?
14:11:24,377 DEBUG SQL:104 - 
    update
        DataPoint 
    set
        description=? 
    where
        id=?
14:11:24,377 DEBUG SQL:104 - 
    update
        DataPoint 
    set
        description=? 
    where
        id=?
14:11:24,377 DEBUG SQL:104 - 
    update
        DataPoint 
    set
        description=? 
    where
        id=?
14:11:24,377 DEBUG SQL:104 - 
    update
        DataPoint 
    set
        description=? 
    where
        id=?
14:11:24,384 DEBUG SQL:104 - 
    update
        DataPoint 
    set
        description=? 
    where
        id=?
14:11:24,384 DEBUG SQL:104 - 
    update
        DataPoint 
    set
        description=? 
    where
        id=?
14:11:24,384 DEBUG SQL:104 - 
    update
        DataPoint 
    set
        description=? 
    where
        id=?
14:11:24,384 DEBUG SQL:104 - 
    update
        DataPoint 
    set
        description=? 
    where
        id=?
14:11:24,384 DEBUG SQL:104 - 
    update
        DataPoint 
    set
        description=? 
    where
        id=?
14:11:24,394 DEBUG SQL:104 - 
    update
        DataPoint 
    set
        description=? 
    where
        id=?
14:11:24,394 DEBUG SQL:104 - 
    update
        DataPoint 
    set
        description=? 
    where
        id=?
14:11:24,394 DEBUG SQL:104 - 
    update
        DataPoint 
    set
        description=? 
    where
        id=?
14:11:24,394 DEBUG SQL:104 - 
    update
        DataPoint 
    set
        description=? 
    where
        id=?
14:11:24,394 DEBUG SQL:104 - 
    update
        DataPoint 
    set
        description=? 
    where
        id=?
14:11:24,395 DEBUG SQL:104 - 
    update
        DataPoint 
    set
        description=? 
    where
        id=?
14:11:24,416 DEBUG SQL:104 - 
    update
        DataPoint 
    set
        description=? 
    where
        id=?
14:11:24,417 DEBUG SQL:104 - 
    update
        DataPoint 
    set
        description=? 
    where
        id=?
14:11:24,417 DEBUG SQL:104 - 
    update
        DataPoint 
    set
        description=? 
    where
        id=?
14:11:24,417 DEBUG SQL:104 - 
    update
        DataPoint 
    set
        description=? 
    where
        id=?
14:11:24,417 DEBUG SQL:104 - 
    update
        DataPoint 
    set
        description=? 
    where
        id=?
14:11:24,424 DEBUG SQL:104 - 
    update
        DataPoint 
    set
        description=? 
    where
        id=?
14:11:24,424 DEBUG SQL:104 - 
    update
        DataPoint 
    set
        description=? 
    where
        id=?
14:11:24,424 DEBUG SQL:104 - 
    update
        DataPoint 
    set
        description=? 
    where
        id=?
14:11:24,424 DEBUG SQL:104 - 
    update
        DataPoint 
    set
        description=? 
    where
        id=?
14:11:24,433 DEBUG SQL:104 - 
    update
        DataPoint 
    set
        description=? 
    where
        id=?
14:11:24,434 DEBUG SQL:104 - 
    update
        DataPoint 
    set
        description=? 
    where
        id=?
14:11:24,434 DEBUG SQL:104 - 
    update
        DataPoint 
    set
        description=? 
    where
        id=?
14:11:24,434 DEBUG SQL:104 - 
    update
        DataPoint 
    set
        description=? 
    where
        id=?
14:11:24,443 DEBUG SQL:104 - 
    update
        DataPoint 
    set
        description=? 
    where
        id=?
14:11:24,444 DEBUG SQL:104 - 
    update
        DataPoint 
    set
        description=? 
    where
        id=?
14:11:24,444 DEBUG SQL:104 - 
    update
        DataPoint 
    set
        description=? 
    where
        id=?
14:11:24,444 DEBUG SQL:104 - 
    update
        DataPoint 
    set
        description=? 
    where
        id=?
14:11:24,444 DEBUG SQL:104 - 
    update
        DataPoint 
    set
        description=? 
    where
        id=?
14:11:24,452 DEBUG SQL:104 - 
    update
        DataPoint 
    set
        description=? 
    where
        id=?
14:11:24,452 DEBUG SQL:104 - 
    update
        DataPoint 
    set
        description=? 
    where
        id=?
14:11:24,454 DEBUG SQL:104 - 
    update
        DataPoint 
    set
        description=? 
    where
        id=?
14:11:24,456 DEBUG SQL:104 - 
    update
        DataPoint 
    set
        description=? 
    where
        id=?
14:11:24,462 DEBUG SQL:104 - 
    update
        DataPoint 
    set
        description=? 
    where
        id=?
14:11:24,462 DEBUG SQL:104 - 
    update
        DataPoint 
    set
        description=? 
    where
        id=?
14:11:24,462 DEBUG SQL:104 - 
    update
        DataPoint 
    set
        description=? 
    where
        id=?
14:11:24,462 DEBUG SQL:104 - 
    update
        DataPoint 
    set
        description=? 
    where
        id=?
14:11:24,463 DEBUG SQL:104 - 
    update
        DataPoint 
    set
        description=? 
    where
        id=?
14:11:24,473 DEBUG SQL:104 - 
    update
        DataPoint 
    set
        description=? 
    where
        id=?
14:11:24,473 DEBUG SQL:104 - 
    update
        DataPoint 
    set
        description=? 
    where
        id=?
14:11:24,474 DEBUG SQL:104 - 
    update
        DataPoint 
    set
        description=? 
    where
        id=?
14:11:24,474 DEBUG SQL:104 - 
    update
        DataPoint 
    set
        description=? 
    where
        id=?
14:11:24,485 DEBUG SQL:104 - 
    update
        DataPoint 
    set
        description=? 
    where
        id=?
14:11:24,485 DEBUG SQL:104 - 
    update
        DataPoint 
    set
        description=? 
    where
        id=?
14:11:24,485 DEBUG SQL:104 - 
    update
        DataPoint 
    set
        description=? 
    where
        id=?
14:11:24,485 DEBUG SQL:104 - 
    update
        DataPoint 
    set
        description=? 
    where
        id=?
14:11:24,494 DEBUG SQL:104 - 
    update
        DataPoint 
    set
        description=? 
    where
        id=?
14:11:24,494 DEBUG SQL:104 - 
    update
        DataPoint 
    set
        description=? 
    where
        id=?
14:11:24,495 DEBUG SQL:104 - 
    update
        DataPoint 
    set
        description=? 
    where
        id=?
14:11:24,497 DEBUG SQL:104 - 
    update
        DataPoint 
    set
        description=? 
    where
        id=?
14:11:24,497 DEBUG SQL:104 - 
    update
        DataPoint 
    set
        description=? 
    where
        id=?
14:11:24,499 DEBUG SQL:104 - 
    update
        DataPoint 
    set
        description=? 
    where
        id=?
14:11:24,501 DEBUG SQL:104 - 
    update
        DataPoint 
    set
        description=? 
    where
        id=?
14:11:24,501 DEBUG SQL:104 - 
    update
        DataPoint 
    set
        description=? 
    where
        id=?
14:11:24,501 DEBUG SQL:104 - 
    update
        DataPoint 
    set
        description=? 
    where
        id=?
14:11:24,508 DEBUG SQL:104 - 
    update
        DataPoint 
    set
        description=? 
    where
        id=?
14:11:24,509 DEBUG SQL:104 - 
    update
        DataPoint 
    set
        description=? 
    where
        id=?
14:11:24,509 DEBUG SQL:104 - 
    update
        DataPoint 
    set
        description=? 
    where
        id=?
14:11:24,509 DEBUG SQL:104 - 
    update
        DataPoint 
    set
        description=? 
    where
        id=?
14:11:24,521 DEBUG SQL:104 - 
    update
        DataPoint 
    set
        description=? 
    where
        id=?
14:11:24,521 DEBUG SQL:104 - 
    update
        DataPoint 
    set
        description=? 
    where
        id=?
14:11:24,521 DEBUG SQL:104 - 
    update
        DataPoint 
    set
        description=? 
    where
        id=?
14:11:24,521 DEBUG SQL:104 - 
    update
        DataPoint 
    set
        description=? 
    where
        id=?
14:11:24,521 DEBUG SQL:104 - 
    update
        DataPoint 
    set
        description=? 
    where
        id=?
14:11:24,523 DEBUG SQL:104 - 
    update
        DataPoint 
    set
        description=? 
    where
        id=?
14:11:24,523 DEBUG SQL:104 - 
    update
        DataPoint 
    set
        description=? 
    where
        id=?
14:11:24,546 DEBUG SQL:104 - 
    update
        DataPoint 
    set
        description=? 
    where
        id=?
14:11:24,546 DEBUG SQL:104 - 
    update
        DataPoint 
    set
        description=? 
    where
        id=?
14:11:24,547 DEBUG SQL:104 - 
    update
        DataPoint 
    set
        description=? 
    where
        id=?
14:11:24,547 DEBUG SQL:104 - 
    update
        DataPoint 
    set
        description=? 
    where
        id=?
14:11:24,547 DEBUG SQL:104 - 
    update
        DataPoint 
    set
        description=? 
    where
        id=?
14:11:24,549 DEBUG SQL:104 - 
    update
        DataPoint 
    set
        description=? 
    where
        id=?
14:11:24,549 DEBUG SQL:104 - 
    update
        DataPoint 
    set
        description=? 
    where
        id=?
14:11:24,549 DEBUG SQL:104 - 
    update
        DataPoint 
    set
        description=? 
    where
        id=?
14:11:24,549 DEBUG SQL:104 - 
    update
        DataPoint 
    set
        description=? 
    where
        id=?
14:11:24,549 DEBUG SQL:104 - 
    update
        DataPoint 
    set
        description=? 
    where
        id=?
14:11:24,549 DEBUG SQL:104 - 
    update
        DataPoint 
    set
        description=? 
    where
        id=?
14:11:24,567 DEBUG SQL:104 - 
    update
        DataPoint 
    set
        description=? 
    where
        id=?
14:11:24,568 DEBUG SQL:104 - 
    update
        DataPoint 
    set
        description=? 
    where
        id=?
14:11:24,568 DEBUG SQL:104 - 
    update
        DataPoint 
    set
        description=? 
    where
        id=?
14:11:24,568 DEBUG SQL:104 - 
    update
        DataPoint 
    set
        description=? 
    where
        id=?
14:11:24,576 DEBUG SQL:104 - 
    update
        DataPoint 
    set
        description=? 
    where
        id=?
14:11:24,577 DEBUG SQL:104 - 
    update
        DataPoint 
    set
        description=? 
    where
        id=?
14:11:24,577 DEBUG SQL:104 - 
    update
        DataPoint 
    set
        description=? 
    where
        id=?
14:11:24,577 DEBUG SQL:104 - 
    update
        DataPoint 
    set
        description=? 
    where
        id=?
14:11:24,586 DEBUG SQL:104 - 
    update
        DataPoint 
    set
        description=? 
    where
        id=?
14:11:24,586 DEBUG SQL:104 - 
    update
        DataPoint 
    set
        description=? 
    where
        id=?
14:11:24,586 DEBUG SQL:104 - 
    update
        DataPoint 
    set
        description=? 
    where
        id=?
14:11:24,586 DEBUG SQL:104 - 
    update
        DataPoint 
    set
        description=? 
    where
        id=?
14:11:24,586 DEBUG SQL:104 - 
    update
        DataPoint 
    set
        description=? 
    where
        id=?
14:11:24,600 DEBUG SQL:104 - 
    update
        DataPoint 
    set
        description=? 
    where
        id=?
14:11:24,603 DEBUG SQL:104 - 
    update
        DataPoint 
    set
        description=? 
    where
        id=?
14:11:24,603 DEBUG SQL:104 - 
    update
        DataPoint 
    set
        description=? 
    where
        id=?
14:11:24,603 DEBUG SQL:104 - 
    update
        DataPoint 
    set
        description=? 
    where
        id=?
14:11:24,610 DEBUG SQL:104 - 
    update
        DataPoint 
    set
        description=? 
    where
        id=?
14:11:24,610 DEBUG SQL:104 - 
    update
        DataPoint 
    set
        description=? 
    where
        id=?
14:11:24,610 DEBUG SQL:104 - 
    update
        DataPoint 
    set
        description=? 
    where
        id=?
14:11:24,610 DEBUG SQL:104 - 
    update
        DataPoint 
    set
        description=? 
    where
        id=?
14:11:24,611 DEBUG SQL:104 - 
    update
        DataPoint 
    set
        description=? 
    where
        id=?
14:11:24,620 DEBUG SQL:104 - 
    update
        DataPoint 
    set
        description=? 
    where
        id=?
14:11:24,620 DEBUG SQL:104 - 
    update
        DataPoint 
    set
        description=? 
    where
        id=?
14:11:24,620 DEBUG SQL:104 - 
    update
        DataPoint 
    set
        description=? 
    where
        id=?
14:11:24,620 DEBUG SQL:104 - 
    update
        DataPoint 
    set
        description=? 
    where
        id=?
14:11:24,620 DEBUG SQL:104 - 
    update
        DataPoint 
    set
        description=? 
    where
        id=?
14:11:24,621 DEBUG SQL:104 - 
    update
        DataPoint 
    set
        description=? 
    where
        id=?
14:11:24,621 DEBUG SQL:104 - 
    update
        DataPoint 
    set
        description=? 
    where
        id=?
14:11:24,621 DEBUG SQL:104 - 
    update
        DataPoint 
    set
        description=? 
    where
        id=?
14:11:24,635 DEBUG SQL:104 - 
    update
        DataPoint 
    set
        description=? 
    where
        id=?
14:11:24,635 DEBUG SQL:104 - 
    update
        DataPoint 
    set
        description=? 
    where
        id=?
14:11:24,635 DEBUG SQL:104 - 
    update
        DataPoint 
    set
        description=? 
    where
        id=?
14:11:24,635 DEBUG SQL:104 - 
    update
        DataPoint 
    set
        description=? 
    where
        id=?
14:11:24,637 DEBUG SQL:104 - 
    update
        DataPoint 
    set
        description=? 
    where
        id=?
14:11:24,643 DEBUG SQL:104 - 
    update
        DataPoint 
    set
        description=? 
    where
        id=?
14:11:24,643 DEBUG SQL:104 - 
    update
        DataPoint 
    set
        description=? 
    where
        id=?
14:11:24,643 DEBUG SQL:104 - 
    update
        DataPoint 
    set
        description=? 
    where
        id=?
14:11:24,644 DEBUG SQL:104 - 
    update
        DataPoint 
    set
        description=? 
    where
        id=?
14:11:24,644 DEBUG SQL:104 - 
    update
        DataPoint 
    set
        description=? 
    where
        id=?
14:11:24,644 DEBUG SQL:104 - 
    update
        DataPoint 
    set
        description=? 
    where
        id=?
14:11:24,665 DEBUG SQL:104 - 
    update
        DataPoint 
    set
        description=? 
    where
        id=?
14:11:24,665 DEBUG SQL:104 - 
    update
        DataPoint 
    set
        description=? 
    where
        id=?
14:11:24,665 DEBUG SQL:104 - 
    update
        DataPoint 
    set
        description=? 
    where
        id=?
14:11:24,665 DEBUG SQL:104 - 
    update
        DataPoint 
    set
        description=? 
    where
        id=?
14:11:24,665 DEBUG SQL:104 - 
    update
        DataPoint 
    set
        description=? 
    where
        id=?
14:11:24,674 DEBUG SQL:104 - 
    update
        DataPoint 
    set
        description=? 
    where
        id=?
14:11:24,674 DEBUG SQL:104 - 
    update
        DataPoint 
    set
        description=? 
    where
        id=?
14:11:24,674 DEBUG SQL:104 - 
    update
        DataPoint 
    set
        description=? 
    where
        id=?
14:11:24,674 DEBUG SQL:104 - 
    update
        DataPoint 
    set
        description=? 
    where
        id=?
14:11:24,692 DEBUG SQL:104 - 
    update
        DataPoint 
    set
        description=? 
    where
        id=?
14:11:24,692 DEBUG SQL:104 - 
    update
        DataPoint 
    set
        description=? 
    where
        id=?
14:11:24,692 DEBUG SQL:104 - 
    update
        DataPoint 
    set
        description=? 
    where
        id=?
14:11:24,693 DEBUG SQL:104 - 
    update
        DataPoint 
    set
        description=? 
    where
        id=?
14:11:24,706 DEBUG SQL:104 - 
    update
        DataPoint 
    set
        description=? 
    where
        id=?
14:11:24,707 DEBUG SQL:104 - 
    update
        DataPoint 
    set
        description=? 
    where
        id=?
14:11:24,707 DEBUG SQL:104 - 
    update
        DataPoint 
    set
        description=? 
    where
        id=?
14:11:24,707 DEBUG SQL:104 - 
    update
        DataPoint 
    set
        description=? 
    where
        id=?
14:11:24,707 DEBUG SQL:104 - 
    update
        DataPoint 
    set
        description=? 
    where
        id=?
14:11:24,707 DEBUG SQL:104 - 
    update
        DataPoint 
    set
        description=? 
    where
        id=?
14:11:24,708 DEBUG SQL:104 - 
    update
        DataPoint 
    set
        description=? 
    where
        id=?
14:11:24,708 DEBUG SQL:104 - 
    update
        DataPoint 
    set
        description=? 
    where
        id=?
14:11:24,708 DEBUG SQL:104 - 
    update
        DataPoint 
    set
        description=? 
    where
        id=?
14:11:24,718 DEBUG SQL:104 - 
    update
        DataPoint 
    set
        description=? 
    where
        id=?
14:11:24,719 DEBUG SQL:104 - 
    update
        DataPoint 
    set
        description=? 
    where
        id=?
14:11:24,719 DEBUG SQL:104 - 
    update
        DataPoint 
    set
        description=? 
    where
        id=?
14:11:24,719 DEBUG SQL:104 - 
    update
        DataPoint 
    set
        description=? 
    where
        id=?
14:11:24,719 DEBUG SQL:104 - 
    update
        DataPoint 
    set
        description=? 
    where
        id=?
14:11:24,730 DEBUG SQL:104 - 
    update
        DataPoint 
    set
        description=? 
    where
        id=?
14:11:24,730 DEBUG SQL:104 - 
    update
        DataPoint 
    set
        description=? 
    where
        id=?
14:11:24,730 DEBUG SQL:104 - 
    update
        DataPoint 
    set
        description=? 
    where
        id=?
14:11:24,730 DEBUG SQL:104 - 
    update
        DataPoint 
    set
        description=? 
    where
        id=?
14:11:24,742 DEBUG SQL:104 - 
    update
        DataPoint 
    set
        description=? 
    where
        id=?
14:11:24,742 DEBUG SQL:104 - 
    update
        DataPoint 
    set
        description=? 
    where
        id=?
14:11:24,744 DEBUG SQL:104 - 
    update
        DataPoint 
    set
        description=? 
    where
        id=?
14:11:24,745 DEBUG SQL:104 - 
    update
        DataPoint 
    set
        description=? 
    where
        id=?
14:11:24,745 DEBUG SQL:104 - 
    update
        DataPoint 
    set
        description=? 
    where
        id=?
14:11:24,745 DEBUG SQL:104 - 
    update
        DataPoint 
    set
        description=? 
    where
        id=?
14:11:24,745 DEBUG SQL:104 - 
    update
        DataPoint 
    set
        description=? 
    where
        id=?
14:11:24,745 DEBUG SQL:104 - 
    update
        DataPoint 
    set
        description=? 
    where
        id=?
14:11:24,745 DEBUG SQL:104 - 
    update
        DataPoint 
    set
        description=? 
    where
        id=?
14:11:24,757 DEBUG SQL:104 - 
    update
        DataPoint 
    set
        description=? 
    where
        id=?
14:11:24,757 DEBUG SQL:104 - 
    update
        DataPoint 
    set
        description=? 
    where
        id=?
14:11:24,757 DEBUG SQL:104 - 
    update
        DataPoint 
    set
        description=? 
    where
        id=?
14:11:24,757 DEBUG SQL:104 - 
    update
        DataPoint 
    set
        description=? 
    where
        id=?
14:11:24,767 DEBUG SQL:104 - 
    update
        DataPoint 
    set
        description=? 
    where
        id=?
14:11:24,767 DEBUG SQL:104 - 
    update
        DataPoint 
    set
        description=? 
    where
        id=?
14:11:24,768 DEBUG SQL:104 - 
    update
        DataPoint 
    set
        description=? 
    where
        id=?
14:11:24,768 DEBUG SQL:104 - 
    update
        DataPoint 
    set
        description=? 
    where
        id=?
14:11:24,768 DEBUG SQL:104 - 
    update
        DataPoint 
    set
        description=? 
    where
        id=?
14:11:24,768 DEBUG SQL:104 - 
    update
        DataPoint 
    set
        description=? 
    where
        id=?
14:11:24,768 DEBUG SQL:104 - 
    update
        DataPoint 
    set
        description=? 
    where
        id=?
14:11:24,788 DEBUG SQL:104 - 
    update
        DataPoint 
    set
        description=? 
    where
        id=?
14:11:24,788 DEBUG SQL:104 - 
    update
        DataPoint 
    set
        description=? 
    where
        id=?
14:11:24,790 DEBUG SQL:104 - 
    update
        DataPoint 
    set
        description=? 
    where
        id=?
14:11:24,791 DEBUG SQL:104 - 
    update
        DataPoint 
    set
        description=? 
    where
        id=?
14:11:24,797 DEBUG SQL:104 - 
    update
        DataPoint 
    set
        description=? 
    where
        id=?
14:11:24,797 DEBUG SQL:104 - 
    update
        DataPoint 
    set
        description=? 
    where
        id=?
14:11:24,798 DEBUG SQL:104 - 
    update
        DataPoint 
    set
        description=? 
    where
        id=?
14:11:24,798 DEBUG SQL:104 - 
    update
        DataPoint 
    set
        description=? 
    where
        id=?
14:11:24,807 DEBUG SQL:104 - 
    update
        DataPoint 
    set
        description=? 
    where
        id=?
14:11:24,807 DEBUG SQL:104 - 
    update
        DataPoint 
    set
        description=? 
    where
        id=?
14:11:24,807 DEBUG SQL:104 - 
    update
        DataPoint 
    set
        description=? 
    where
        id=?
14:11:24,807 DEBUG SQL:104 - 
    update
        DataPoint 
    set
        description=? 
    where
        id=?
14:11:24,807 DEBUG SQL:104 - 
    update
        DataPoint 
    set
        description=? 
    where
        id=?
14:11:24,816 DEBUG SQL:104 - 
    update
        DataPoint 
    set
        description=? 
    where
        id=?
14:11:24,817 DEBUG SQL:104 - 
    update
        DataPoint 
    set
        description=? 
    where
        id=?
14:11:24,817 DEBUG SQL:104 - 
    update
        DataPoint 
    set
        description=? 
    where
        id=?
14:11:24,817 DEBUG SQL:104 - 
    update
        DataPoint 
    set
        description=? 
    where
        id=?
14:11:24,825 DEBUG SQL:104 - 
    update
        DataPoint 
    set
        description=? 
    where
        id=?
14:11:24,825 DEBUG SQL:104 - 
    update
        DataPoint 
    set
        description=? 
    where
        id=?
14:11:24,825 DEBUG SQL:104 - 
    update
        DataPoint 
    set
        description=? 
    where
        id=?
14:11:24,826 DEBUG SQL:104 - 
    update
        DataPoint 
    set
        description=? 
    where
        id=?
14:11:24,836 DEBUG SQL:104 - 
    update
        DataPoint 
    set
        description=? 
    where
        id=?
14:11:24,838 DEBUG SQL:104 - 
    update
        DataPoint 
    set
        description=? 
    where
        id=?
14:11:24,838 DEBUG SQL:104 - 
    update
        DataPoint 
    set
        description=? 
    where
        id=?
14:11:24,838 DEBUG SQL:104 - 
    update
        DataPoint 
    set
        description=? 
    where
        id=?
14:11:24,838 DEBUG SQL:104 - 
    update
        DataPoint 
    set
        description=? 
    where
        id=?
14:11:24,849 DEBUG SQL:104 - 
    update
        DataPoint 
    set
        description=? 
    where
        id=?
14:11:24,849 DEBUG SQL:104 - 
    update
        DataPoint 
    set
        description=? 
    where
        id=?
14:11:24,849 DEBUG SQL:104 - 
    update
        DataPoint 
    set
        description=? 
    where
        id=?
14:11:24,850 DEBUG SQL:104 - 
    update
        DataPoint 
    set
        description=? 
    where
        id=?
14:11:24,858 DEBUG SQL:104 - 
    update
        DataPoint 
    set
        description=? 
    where
        id=?
14:11:24,859 DEBUG SQL:104 - 
    update
        DataPoint 
    set
        description=? 
    where
        id=?
14:11:24,859 DEBUG SQL:104 - 
    update
        DataPoint 
    set
        description=? 
    where
        id=?
14:11:24,859 DEBUG SQL:104 - 
    update
        DataPoint 
    set
        description=? 
    where
        id=?
14:11:24,859 DEBUG SQL:104 - 
    update
        DataPoint 
    set
        description=? 
    where
        id=?
14:11:24,872 DEBUG SQL:104 - 
    update
        DataPoint 
    set
        description=? 
    where
        id=?
14:11:24,872 DEBUG SQL:104 - 
    update
        DataPoint 
    set
        description=? 
    where
        id=?
14:11:24,872 DEBUG SQL:104 - 
    update
        DataPoint 
    set
        description=? 
    where
        id=?
14:11:24,872 DEBUG SQL:104 - 
    update
        DataPoint 
    set
        description=? 
    where
        id=?
14:11:24,872 DEBUG SQL:104 - 
    update
        DataPoint 
    set
        description=? 
    where
        id=?
14:11:24,872 DEBUG SQL:104 - 
    update
        DataPoint 
    set
        description=? 
    where
        id=?
14:11:24,873 DEBUG SQL:104 - 
    update
        DataPoint 
    set
        description=? 
    where
        id=?
14:11:24,874 DEBUG SQL:104 - 
    update
        DataPoint 
    set
        description=? 
    where
        id=?
14:11:24,884 DEBUG SQL:104 - 
    update
        DataPoint 
    set
        description=? 
    where
        id=?
14:11:24,885 DEBUG SQL:104 - 
    update
        DataPoint 
    set
        description=? 
    where
        id=?
14:11:24,885 DEBUG SQL:104 - 
    update
        DataPoint 
    set
        description=? 
    where
        id=?
14:11:24,885 DEBUG SQL:104 - 
    update
        DataPoint 
    set
        description=? 
    where
        id=?
14:11:24,885 DEBUG SQL:104 - 
    update
        DataPoint 
    set
        description=? 
    where
        id=?
14:11:24,898 DEBUG SQL:104 - 
    update
        DataPoint 
    set
        description=? 
    where
        id=?
14:11:24,898 DEBUG SQL:104 - 
    update
        DataPoint 
    set
        description=? 
    where
        id=?
14:11:24,898 DEBUG SQL:104 - 
    update
        DataPoint 
    set
        description=? 
    where
        id=?
14:11:24,898 DEBUG SQL:104 - 
    update
        DataPoint 
    set
        description=? 
    where
        id=?
14:11:24,899 DEBUG SQL:104 - 
    update
        DataPoint 
    set
        description=? 
    where
        id=?
14:11:24,899 DEBUG SQL:104 - 
    update
        DataPoint 
    set
        description=? 
    where
        id=?
14:11:24,921 DEBUG SQL:104 - 
    update
        DataPoint 
    set
        description=? 
    where
        id=?
14:11:24,921 DEBUG SQL:104 - 
    update
        DataPoint 
    set
        description=? 
    where
        id=?
14:11:24,921 DEBUG SQL:104 - 
    update
        DataPoint 
    set
        description=? 
    where
        id=?
14:11:24,921 DEBUG SQL:104 - 
    update
        DataPoint 
    set
        description=? 
    where
        id=?
14:11:24,921 DEBUG SQL:104 - 
    update
        DataPoint 
    set
        description=? 
    where
        id=?
14:11:24,931 DEBUG SQL:104 - 
    update
        DataPoint 
    set
        description=? 
    where
        id=?
14:11:24,931 DEBUG SQL:104 - 
    update
        DataPoint 
    set
        description=? 
    where
        id=?
14:11:24,932 DEBUG SQL:104 - 
    update
        DataPoint 
    set
        description=? 
    where
        id=?
14:11:24,933 DEBUG SQL:104 - 
    update
        DataPoint 
    set
        description=? 
    where
        id=?
14:11:24,946 DEBUG SQL:104 - 
    update
        DataPoint 
    set
        description=? 
    where
        id=?
14:11:24,947 DEBUG SQL:104 - 
    update
        DataPoint 
    set
        description=? 
    where
        id=?
14:11:24,947 DEBUG SQL:104 - 
    update
        DataPoint 
    set
        description=? 
    where
        id=?
14:11:24,947 DEBUG SQL:104 - 
    update
        DataPoint 
    set
        description=? 
    where
        id=?
14:11:24,956 DEBUG SQL:104 - 
    update
        DataPoint 
    set
        description=? 
    where
        id=?
14:11:24,957 DEBUG SQL:104 - 
    update
        DataPoint 
    set
        description=? 
    where
        id=?
14:11:24,957 DEBUG SQL:104 - 
    update
        DataPoint 
    set
        description=? 
    where
        id=?
14:11:24,957 DEBUG SQL:104 - 
    update
        DataPoint 
    set
        description=? 
    where
        id=?
14:11:24,957 DEBUG SQL:104 - 
    update
        DataPoint 
    set
        description=? 
    where
        id=?
14:11:24,966 DEBUG SQL:104 - 
    update
        DataPoint 
    set
        description=? 
    where
        id=?
14:11:24,967 DEBUG SQL:104 - 
    update
        DataPoint 
    set
        description=? 
    where
        id=?
14:11:24,967 DEBUG SQL:104 - 
    update
        DataPoint 
    set
        description=? 
    where
        id=?
14:11:24,967 DEBUG SQL:104 - 
    update
        DataPoint 
    set
        description=? 
    where
        id=?
14:11:24,976 DEBUG SQL:104 - 
    update
        DataPoint 
    set
        description=? 
    where
        id=?
14:11:24,976 DEBUG SQL:104 - 
    update
        DataPoint 
    set
        description=? 
    where
        id=?
14:11:24,976 DEBUG SQL:104 - 
    update
        DataPoint 
    set
        description=? 
    where
        id=?
14:11:24,977 DEBUG SQL:104 - 
    update
        DataPoint 
    set
        description=? 
    where
        id=?
14:11:24,977 DEBUG SQL:104 - 
    update
        DataPoint 
    set
        description=? 
    where
        id=?
14:11:24,986 DEBUG SQL:104 - 
    update
        DataPoint 
    set
        description=? 
    where
        id=?
14:11:24,988 DEBUG SQL:104 - 
    update
        DataPoint 
    set
        description=? 
    where
        id=?
14:11:24,989 DEBUG SQL:104 - 
    update
        DataPoint 
    set
        description=? 
    where
        id=?
14:11:24,989 DEBUG SQL:104 - 
    update
        DataPoint 
    set
        description=? 
    where
        id=?
14:11:24,998 DEBUG SQL:104 - 
    update
        DataPoint 
    set
        description=? 
    where
        id=?
14:11:24,999 DEBUG SQL:104 - 
    update
        DataPoint 
    set
        description=? 
    where
        id=?
14:11:24,999 DEBUG SQL:104 - 
    update
        DataPoint 
    set
        description=? 
    where
        id=?
14:11:24,999 DEBUG SQL:104 - 
    update
        DataPoint 
    set
        description=? 
    where
        id=?
14:11:24,999 DEBUG SQL:104 - 
    update
        DataPoint 
    set
        description=? 
    where
        id=?
14:11:24,999 DEBUG SQL:104 - 
    update
        DataPoint 
    set
        description=? 
    where
        id=?
14:11:24,999 DEBUG SQL:104 - 
    update
        DataPoint 
    set
        description=? 
    where
        id=?
14:11:24,999 DEBUG SQL:104 - 
    update
        DataPoint 
    set
        description=? 
    where
        id=?
14:11:25,000 DEBUG SQL:104 - 
    update
        DataPoint 
    set
        description=? 
    where
        id=?
14:11:25,000 DEBUG SQL:104 - 
    update
        DataPoint 
    set
        description=? 
    where
        id=?
14:11:25,000 DEBUG SQL:104 - 
    update
        DataPoint 
    set
        description=? 
    where
        id=?
14:11:25,013 DEBUG SQL:104 - 
    update
        DataPoint 
    set
        description=? 
    where
        id=?
14:11:25,013 DEBUG SQL:104 - 
    update
        DataPoint 
    set
        description=? 
    where
        id=?
14:11:25,013 DEBUG SQL:104 - 
    update
        DataPoint 
    set
        description=? 
    where
        id=?
14:11:25,013 DEBUG SQL:104 - 
    update
        DataPoint 
    set
        description=? 
    where
        id=?
14:11:25,025 DEBUG SQL:104 - 
    update
        DataPoint 
    set
        description=? 
    where
        id=?
14:11:25,025 DEBUG SQL:104 - 
    update
        DataPoint 
    set
        description=? 
    where
        id=?
14:11:25,027 DEBUG SQL:104 - 
    update
        DataPoint 
    set
        description=? 
    where
        id=?
14:11:25,027 DEBUG SQL:104 - 
    update
        DataPoint 
    set
        description=? 
    where
        id=?
14:11:25,035 DEBUG SQL:104 - 
    update
        DataPoint 
    set
        description=? 
    where
        id=?
14:11:25,036 DEBUG SQL:104 - 
    update
        DataPoint 
    set
        description=? 
    where
        id=?
14:11:25,036 DEBUG SQL:104 - 
    update
        DataPoint 
    set
        description=? 
    where
        id=?
14:11:25,057 DEBUG SQL:104 - 
    update
        DataPoint 
    set
        description=? 
    where
        id=?
14:11:25,058 DEBUG SQL:104 - 
    update
        DataPoint 
    set
        description=? 
    where
        id=?
14:11:25,058 DEBUG SQL:104 - 
    update
        DataPoint 
    set
        description=? 
    where
        id=?
14:11:25,058 DEBUG SQL:104 - 
    update
        DataPoint 
    set
        description=? 
    where
        id=?
14:11:25,059 DEBUG SQL:104 - 
    update
        DataPoint 
    set
        description=? 
    where
        id=?
14:11:25,059 DEBUG SQL:104 - 
    update
        DataPoint 
    set
        description=? 
    where
        id=?
14:11:25,059 DEBUG SQL:104 - 
    update
        DataPoint 
    set
        description=? 
    where
        id=?
14:11:25,060 DEBUG SQL:104 - 
    update
        DataPoint 
    set
        description=? 
    where
        id=?
14:11:25,070 DEBUG SQL:104 - 
    update
        DataPoint 
    set
        description=? 
    where
        id=?
14:11:25,070 DEBUG SQL:104 - 
    update
        DataPoint 
    set
        description=? 
    where
        id=?
14:11:25,070 DEBUG SQL:104 - 
    update
        DataPoint 
    set
        description=? 
    where
        id=?
14:11:25,071 DEBUG SQL:104 - 
    update
        DataPoint 
    set
        description=? 
    where
        id=?
14:11:25,071 DEBUG SQL:104 - 
    update
        DataPoint 
    set
        description=? 
    where
        id=?
14:11:25,081 DEBUG SQL:104 - 
    update
        DataPoint 
    set
        description=? 
    where
        id=?
14:11:25,081 DEBUG SQL:104 - 
    update
        DataPoint 
    set
        description=? 
    where
        id=?
14:11:25,083 DEBUG SQL:104 - 
    update
        DataPoint 
    set
        description=? 
    where
        id=?
14:11:25,083 DEBUG SQL:104 - 
    update
        DataPoint 
    set
        description=? 
    where
        id=?
14:11:25,092 DEBUG SQL:104 - 
    update
        DataPoint 
    set
        description=? 
    where
        id=?
14:11:25,092 DEBUG SQL:104 - 
    update
        DataPoint 
    set
        description=? 
    where
        id=?
14:11:25,092 DEBUG SQL:104 - 
    update
        DataPoint 
    set
        description=? 
    where
        id=?
14:11:25,092 DEBUG SQL:104 - 
    update
        DataPoint 
    set
        description=? 
    where
        id=?
14:11:25,101 DEBUG SQL:104 - 
    update
        DataPoint 
    set
        description=? 
    where
        id=?
14:11:25,102 DEBUG SQL:104 - 
    update
        DataPoint 
    set
        description=? 
    where
        id=?
14:11:25,102 DEBUG SQL:104 - 
    update
        DataPoint 
    set
        description=? 
    where
        id=?
14:11:25,102 DEBUG SQL:104 - 
    update
        DataPoint 
    set
        description=? 
    where
        id=?
14:11:25,102 DEBUG SQL:104 - 
    update
        DataPoint 
    set
        description=? 
    where
        id=?
14:11:25,112 DEBUG SQL:104 - 
    update
        DataPoint 
    set
        description=? 
    where
        id=?
14:11:25,112 DEBUG SQL:104 - 
    update
        DataPoint 
    set
        description=? 
    where
        id=?
14:11:25,112 DEBUG SQL:104 - 
    update
        DataPoint 
    set
        description=? 
    where
        id=?
14:11:25,112 DEBUG SQL:104 - 
    update
        DataPoint 
    set
        description=? 
    where
        id=?
14:11:25,123 DEBUG SQL:104 - 
    update
        DataPoint 
    set
        description=? 
    where
        id=?
14:11:25,123 DEBUG SQL:104 - 
    update
        DataPoint 
    set
        description=? 
    where
        id=?
14:11:25,124 DEBUG SQL:104 - 
    update
        DataPoint 
    set
        description=? 
    where
        id=?
14:11:25,124 DEBUG SQL:104 - 
    update
        DataPoint 
    set
        description=? 
    where
        id=?
14:11:25,124 DEBUG SQL:104 - 
    update
        DataPoint 
    set
        description=? 
    where
        id=?
14:11:25,188 DEBUG SQL:104 - 
    update
        DataPoint 
    set
        description=? 
    where
        id=?
14:11:25,188 DEBUG SQL:104 - 
    update
        DataPoint 
    set
        description=? 
    where
        id=?
14:11:25,188 DEBUG SQL:104 - 
    update
        DataPoint 
    set
        description=? 
    where
        id=?
14:11:25,189 DEBUG SQL:104 - 
    update
        DataPoint 
    set
        description=? 
    where
        id=?
14:11:25,189 DEBUG SQL:104 - 
    update
        DataPoint 
    set
        description=? 
    where
        id=?
14:11:25,189 DEBUG SQL:104 - 
    update
        DataPoint 
    set
        description=? 
    where
        id=?
14:11:25,189 DEBUG SQL:104 - 
    update
        DataPoint 
    set
        description=? 
    where
        id=?
14:11:25,189 DEBUG SQL:104 - 
    update
        DataPoint 
    set
        description=? 
    where
        id=?
14:11:25,189 DEBUG SQL:104 - 
    update
        DataPoint 
    set
        description=? 
    where
        id=?
14:11:25,189 DEBUG SQL:104 - 
    update
        DataPoint 
    set
        description=? 
    where
        id=?
14:11:25,189 DEBUG SQL:104 - 
    update
        DataPoint 
    set
        description=? 
    where
        id=?
14:11:25,191 DEBUG SQL:104 - 
    update
        DataPoint 
    set
        description=? 
    where
        id=?
14:11:25,192 DEBUG SQL:104 - 
    update
        DataPoint 
    set
        description=? 
    where
        id=?
14:11:25,192 DEBUG SQL:104 - 
    update
        DataPoint 
    set
        description=? 
    where
        id=?
14:11:25,192 DEBUG SQL:104 - 
    update
        DataPoint 
    set
        description=? 
    where
        id=?
14:11:25,192 DEBUG SQL:104 - 
    update
        DataPoint 
    set
        description=? 
    where
        id=?
14:11:25,192 DEBUG SQL:104 - 
    update
        DataPoint 
    set
        description=? 
    where
        id=?
14:11:25,192 DEBUG SQL:104 - 
    update
        DataPoint 
    set
        description=? 
    where
        id=?
14:11:25,192 DEBUG SQL:104 - 
    update
        DataPoint 
    set
        description=? 
    where
        id=?
14:11:25,192 DEBUG SQL:104 - 
    update
        DataPoint 
    set
        description=? 
    where
        id=?
14:11:25,194 DEBUG SQL:104 - 
    update
        DataPoint 
    set
        description=? 
    where
        id=?
14:11:25,194 DEBUG SQL:104 - 
    update
        DataPoint 
    set
        description=? 
    where
        id=?
14:11:25,195 DEBUG SQL:104 - 
    update
        DataPoint 
    set
        description=? 
    where
        id=?
14:11:25,195 DEBUG SQL:104 - 
    update
        DataPoint 
    set
        description=? 
    where
        id=?
14:11:25,203 DEBUG SQL:104 - 
    update
        DataPoint 
    set
        description=? 
    where
        id=?
14:11:25,203 DEBUG SQL:104 - 
    update
        DataPoint 
    set
        description=? 
    where
        id=?
14:11:25,203 DEBUG SQL:104 - 
    update
        DataPoint 
    set
        description=? 
    where
        id=?
14:11:25,203 DEBUG SQL:104 - 
    update
        DataPoint 
    set
        description=? 
    where
        id=?
14:11:25,213 DEBUG SQL:104 - 
    update
        DataPoint 
    set
        description=? 
    where
        id=?
14:11:25,213 DEBUG SQL:104 - 
    update
        DataPoint 
    set
        description=? 
    where
        id=?
14:11:25,213 DEBUG SQL:104 - 
    update
        DataPoint 
    set
        description=? 
    where
        id=?
14:11:25,213 DEBUG SQL:104 - 
    update
        DataPoint 
    set
        description=? 
    where
        id=?
14:11:25,224 DEBUG SQL:104 - 
    update
        DataPoint 
    set
        description=? 
    where
        id=?
14:11:25,224 DEBUG SQL:104 - 
    update
        DataPoint 
    set
        description=? 
    where
        id=?
14:11:25,224 DEBUG SQL:104 - 
    update
        DataPoint 
    set
        description=? 
    where
        id=?
14:11:25,224 DEBUG SQL:104 - 
    update
        DataPoint 
    set
        description=? 
    where
        id=?
14:11:25,224 DEBUG SQL:104 - 
    update
        DataPoint 
    set
        description=? 
    where
        id=?
14:11:25,234 DEBUG SQL:104 - 
    update
        DataPoint 
    set
        description=? 
    where
        id=?
14:11:25,234 DEBUG SQL:104 - 
    update
        DataPoint 
    set
        description=? 
    where
        id=?
14:11:25,234 DEBUG SQL:104 - 
    update
        DataPoint 
    set
        description=? 
    where
        id=?
14:11:25,236 DEBUG SQL:104 - 
    update
        DataPoint 
    set
        description=? 
    where
        id=?
14:11:25,254 DEBUG SQL:104 - 
    update
        DataPoint 
    set
        description=? 
    where
        id=?
14:11:25,254 DEBUG SQL:104 - 
    update
        DataPoint 
    set
        description=? 
    where
        id=?
14:11:25,254 DEBUG SQL:104 - 
    update
        DataPoint 
    set
        description=? 
    where
        id=?
14:11:25,254 DEBUG SQL:104 - 
    update
        DataPoint 
    set
        description=? 
    where
        id=?
14:11:25,255 DEBUG SQL:104 - 
    update
        DataPoint 
    set
        description=? 
    where
        id=?
14:11:25,255 DEBUG SQL:104 - 
    update
        DataPoint 
    set
        description=? 
    where
        id=?
14:11:25,255 DEBUG SQL:104 - 
    update
        DataPoint 
    set
        description=? 
    where
        id=?
14:11:25,255 DEBUG SQL:104 - 
    update
        DataPoint 
    set
        description=? 
    where
        id=?
14:11:25,256 DEBUG SQL:104 - 
    update
        DataPoint 
    set
        description=? 
    where
        id=?
14:11:25,265 DEBUG SQL:104 - 
    update
        DataPoint 
    set
        description=? 
    where
        id=?
14:11:25,265 DEBUG SQL:104 - 
    update
        DataPoint 
    set
        description=? 
    where
        id=?
14:11:25,265 DEBUG SQL:104 - 
    update
        DataPoint 
    set
        description=? 
    where
        id=?
14:11:25,265 DEBUG SQL:104 - 
    update
        DataPoint 
    set
        description=? 
    where
        id=?
14:11:25,266 DEBUG SQL:104 - 
    update
        DataPoint 
    set
        description=? 
    where
        id=?
14:11:25,266 DEBUG SQL:104 - 
    update
        DataPoint 
    set
        description=? 
    where
        id=?
14:11:25,266 DEBUG SQL:104 - 
    update
        DataPoint 
    set
        description=? 
    where
        id=?
14:11:25,266 DEBUG SQL:104 - 
    update
        DataPoint 
    set
        description=? 
    where
        id=?
14:11:25,266 DEBUG SQL:104 - 
    update
        DataPoint 
    set
        description=? 
    where
        id=?
14:11:25,279 DEBUG SQL:104 - 
    update
        DataPoint 
    set
        description=? 
    where
        id=?
14:11:25,281 DEBUG SQL:104 - 
    update
        DataPoint 
    set
        description=? 
    where
        id=?
14:11:25,281 DEBUG SQL:104 - 
    update
        DataPoint 
    set
        description=? 
    where
        id=?
14:11:25,281 DEBUG SQL:104 - 
    update
        DataPoint 
    set
        description=? 
    where
        id=?
14:11:25,291 DEBUG SQL:104 - 
    update
        DataPoint 
    set
        description=? 
    where
        id=?
14:11:25,291 DEBUG SQL:104 - 
    update
        DataPoint 
    set
        description=? 
    where
        id=?
14:11:25,291 DEBUG SQL:104 - 
    update
        DataPoint 
    set
        description=? 
    where
        id=?
14:11:25,292 DEBUG SQL:104 - 
    update
        DataPoint 
    set
        description=? 
    where
        id=?
14:11:25,301 DEBUG SQL:104 - 
    update
        DataPoint 
    set
        description=? 
    where
        id=?
14:11:25,301 DEBUG SQL:104 - 
    update
        DataPoint 
    set
        description=? 
    where
        id=?
14:11:25,301 DEBUG SQL:104 - 
    update
        DataPoint 
    set
        description=? 
    where
        id=?
14:11:25,311 DEBUG SQL:104 - 
    update
        DataPoint 
    set
        description=? 
    where
        id=?
14:11:25,311 DEBUG SQL:104 - 
    update
        DataPoint 
    set
        description=? 
    where
        id=?
14:11:25,312 DEBUG SQL:104 - 
    update
        DataPoint 
    set
        description=? 
    where
        id=?
14:11:25,312 DEBUG SQL:104 - 
    update
        DataPoint 
    set
        description=? 
    where
        id=?
14:11:25,322 DEBUG SQL:104 - 
    update
        DataPoint 
    set
        description=? 
    where
        id=?
14:11:25,322 DEBUG SQL:104 - 
    update
        DataPoint 
    set
        description=? 
    where
        id=?
14:11:25,322 DEBUG SQL:104 - 
    update
        DataPoint 
    set
        description=? 
    where
        id=?
14:11:25,322 DEBUG SQL:104 - 
    update
        DataPoint 
    set
        description=? 
    where
        id=?
14:11:25,333 DEBUG SQL:104 - 
    update
        DataPoint 
    set
        description=? 
    where
        id=?
14:11:25,333 DEBUG SQL:104 - 
    update
        DataPoint 
    set
        description=? 
    where
        id=?
14:11:25,335 DEBUG SQL:104 - 
    update
        DataPoint 
    set
        description=? 
    where
        id=?
14:11:25,335 DEBUG SQL:104 - 
    update
        DataPoint 
    set
        description=? 
    where
        id=?
14:11:25,335 DEBUG SQL:104 - 
    update
        DataPoint 
    set
        description=? 
    where
        id=?
14:11:25,344 DEBUG SQL:104 - 
    update
        DataPoint 
    set
        description=? 
    where
        id=?
14:11:25,344 DEBUG SQL:104 - 
    update
        DataPoint 
    set
        description=? 
    where
        id=?
14:11:25,344 DEBUG SQL:104 - 
    update
        DataPoint 
    set
        description=? 
    where
        id=?
14:11:25,344 DEBUG SQL:104 - 
    update
        DataPoint 
    set
        description=? 
    where
        id=?
14:11:25,355 DEBUG SQL:104 - 
    update
        DataPoint 
    set
        description=? 
    where
        id=?
14:11:25,355 DEBUG SQL:104 - 
    update
        DataPoint 
    set
        description=? 
    where
        id=?
14:11:25,355 DEBUG SQL:104 - 
    update
        DataPoint 
    set
        description=? 
    where
        id=?
14:11:25,355 DEBUG SQL:104 - 
    update
        DataPoint 
    set
        description=? 
    where
        id=?
14:11:25,365 DEBUG SQL:104 - 
    update
        DataPoint 
    set
        description=? 
    where
        id=?
14:11:25,365 DEBUG SQL:104 - 
    update
        DataPoint 
    set
        description=? 
    where
        id=?
14:11:25,366 DEBUG SQL:104 - 
    update
        DataPoint 
    set
        description=? 
    where
        id=?
14:11:25,366 DEBUG SQL:104 - 
    update
        DataPoint 
    set
        description=? 
    where
        id=?
14:11:25,366 DEBUG SQL:104 - 
    update
        DataPoint 
    set
        description=? 
    where
        id=?
14:11:25,375 DEBUG SQL:104 - 
    update
        DataPoint 
    set
        description=? 
    where
        id=?
14:11:25,375 DEBUG SQL:104 - 
    update
        DataPoint 
    set
        description=? 
    where
        id=?
14:11:25,375 DEBUG SQL:104 - 
    update
        DataPoint 
    set
        description=? 
    where
        id=?
14:11:25,375 DEBUG SQL:104 - 
    update
        DataPoint 
    set
        description=? 
    where
        id=?
14:11:25,387 DEBUG SQL:104 - 
    update
        DataPoint 
    set
        description=? 
    where
        id=?
14:11:25,388 DEBUG SQL:104 - 
    update
        DataPoint 
    set
        description=? 
    where
        id=?
14:11:25,388 DEBUG SQL:104 - 
    update
        DataPoint 
    set
        description=? 
    where
        id=?
14:11:25,388 DEBUG SQL:104 - 
    update
        DataPoint 
    set
        description=? 
    where
        id=?
14:11:25,388 DEBUG SQL:104 - 
    update
        DataPoint 
    set
        description=? 
    where
        id=?
14:11:25,401 DEBUG SQL:104 - 
    update
        DataPoint 
    set
        description=? 
    where
        id=?
14:11:25,401 DEBUG SQL:104 - 
    update
        DataPoint 
    set
        description=? 
    where
        id=?
14:11:25,401 DEBUG SQL:104 - 
    update
        DataPoint 
    set
        description=? 
    where
        id=?
14:11:25,401 DEBUG SQL:104 - 
    update
        DataPoint 
    set
        description=? 
    where
        id=?
14:11:25,401 DEBUG SQL:104 - 
    update
        DataPoint 
    set
        description=? 
    where
        id=?
14:11:25,401 DEBUG SQL:104 - 
    update
        DataPoint 
    set
        description=? 
    where
        id=?
14:11:25,402 DEBUG SQL:104 - 
    update
        DataPoint 
    set
        description=? 
    where
        id=?
14:11:25,402 DEBUG SQL:104 - 
    update
        DataPoint 
    set
        description=? 
    where
        id=?
14:11:25,413 DEBUG SQL:104 - 
    update
        DataPoint 
    set
        description=? 
    where
        id=?
14:11:25,413 DEBUG SQL:104 - 
    update
        DataPoint 
    set
        description=? 
    where
        id=?
14:11:25,413 DEBUG SQL:104 - 
    update
        DataPoint 
    set
        description=? 
    where
        id=?
14:11:25,413 DEBUG SQL:104 - 
    update
        DataPoint 
    set
        description=? 
    where
        id=?
14:11:25,414 DEBUG SQL:104 - 
    update
        DataPoint 
    set
        description=? 
    where
        id=?
14:11:25,426 DEBUG SQL:104 - 
    update
        DataPoint 
    set
        description=? 
    where
        id=?
14:11:25,426 DEBUG SQL:104 - 
    update
        DataPoint 
    set
        description=? 
    where
        id=?
14:11:25,428 DEBUG SQL:104 - 
    update
        DataPoint 
    set
        description=? 
    where
        id=?
14:11:25,428 DEBUG SQL:104 - 
    update
        DataPoint 
    set
        description=? 
    where
        id=?
14:11:25,437 DEBUG SQL:104 - 
    update
        DataPoint 
    set
        description=? 
    where
        id=?
14:11:25,437 DEBUG SQL:104 - 
    update
        DataPoint 
    set
        description=? 
    where
        id=?
14:11:25,447 DEBUG SQL:104 - 
    update
        DataPoint 
    set
        description=? 
    where
        id=?
14:11:25,447 DEBUG SQL:104 - 
    update
        DataPoint 
    set
        description=? 
    where
        id=?
14:11:25,447 DEBUG SQL:104 - 
    update
        DataPoint 
    set
        description=? 
    where
        id=?
14:11:25,447 DEBUG SQL:104 - 
    update
        DataPoint 
    set
        description=? 
    where
        id=?
14:11:25,448 DEBUG SQL:104 - 
    update
        DataPoint 
    set
        description=? 
    where
        id=?
14:11:25,458 DEBUG SQL:104 - 
    update
        DataPoint 
    set
        description=? 
    where
        id=?
14:11:25,458 DEBUG SQL:104 - 
    update
        DataPoint 
    set
        description=? 
    where
        id=?
14:11:25,458 DEBUG SQL:104 - 
    update
        DataPoint 
    set
        description=? 
    where
        id=?
14:11:25,459 DEBUG SQL:104 - 
    update
        DataPoint 
    set
        description=? 
    where
        id=?
14:11:25,470 DEBUG SQL:104 - 
    update
        DataPoint 
    set
        description=? 
    where
        id=?
14:11:25,470 DEBUG SQL:104 - 
    update
        DataPoint 
    set
        description=? 
    where
        id=?
14:11:25,470 DEBUG SQL:104 - 
    update
        DataPoint 
    set
        description=? 
    where
        id=?
14:11:25,470 DEBUG SQL:104 - 
    update
        DataPoint 
    set
        description=? 
    where
        id=?
14:11:25,479 DEBUG SQL:104 - 
    update
        DataPoint 
    set
        description=? 
    where
        id=?
14:11:25,479 DEBUG SQL:104 - 
    update
        DataPoint 
    set
        description=? 
    where
        id=?
14:11:25,479 DEBUG SQL:104 - 
    update
        DataPoint 
    set
        description=? 
    where
        id=?
14:11:25,481 DEBUG SQL:104 - 
    update
        DataPoint 
    set
        description=? 
    where
        id=?
14:11:25,481 DEBUG SQL:104 - 
    update
        DataPoint 
    set
        description=? 
    where
        id=?
14:11:25,489 DEBUG SQL:104 - 
    update
        DataPoint 
    set
        description=? 
    where
        id=?
14:11:25,489 DEBUG SQL:104 - 
    update
        DataPoint 
    set
        description=? 
    where
        id=?
14:11:25,489 DEBUG SQL:104 - 
    update
        DataPoint 
    set
        description=? 
    where
        id=?
14:11:25,489 DEBUG SQL:104 - 
    update
        DataPoint 
    set
        description=? 
    where
        id=?
14:11:25,500 DEBUG SQL:104 - 
    update
        DataPoint 
    set
        description=? 
    where
        id=?
14:11:25,500 DEBUG SQL:104 - 
    update
        DataPoint 
    set
        description=? 
    where
        id=?
14:11:25,500 DEBUG SQL:104 - 
    update
        DataPoint 
    set
        description=? 
    where
        id=?
14:11:25,500 DEBUG SQL:104 - 
    update
        DataPoint 
    set
        description=? 
    where
        id=?
14:11:25,514 DEBUG SQL:104 - 
    update
        DataPoint 
    set
        description=? 
    where
        id=?
14:11:25,514 DEBUG SQL:104 - 
    update
        DataPoint 
    set
        description=? 
    where
        id=?
14:11:25,514 DEBUG SQL:104 - 
    update
        DataPoint 
    set
        description=? 
    where
        id=?
14:11:25,514 DEBUG SQL:104 - 
    update
        DataPoint 
    set
        description=? 
    where
        id=?
14:11:25,515 DEBUG SQL:104 - 
    update
        DataPoint 
    set
        description=? 
    where
        id=?
14:11:25,536 DEBUG SQL:104 - 
    update
        DataPoint 
    set
        description=? 
    where
        id=?
14:11:25,536 DEBUG SQL:104 - 
    update
        DataPoint 
    set
        description=? 
    where
        id=?
14:11:25,536 DEBUG SQL:104 - 
    update
        DataPoint 
    set
        description=? 
    where
        id=?
14:11:25,536 DEBUG SQL:104 - 
    update
        DataPoint 
    set
        description=? 
    where
        id=?
14:11:25,537 DEBUG SQL:104 - 
    update
        DataPoint 
    set
        description=? 
    where
        id=?
14:11:25,538 DEBUG SQL:104 - 
    update
        DataPoint 
    set
        description=? 
    where
        id=?
14:11:25,539 DEBUG SQL:104 - 
    update
        DataPoint 
    set
        description=? 
    where
        id=?
14:11:25,539 DEBUG SQL:104 - 
    update
        DataPoint 
    set
        description=? 
    where
        id=?
14:11:25,539 DEBUG SQL:104 - 
    update
        DataPoint 
    set
        description=? 
    where
        id=?
14:11:25,546 DEBUG SQL:104 - 
    update
        DataPoint 
    set
        description=? 
    where
        id=?
14:11:25,546 DEBUG SQL:104 - 
    update
        DataPoint 
    set
        description=? 
    where
        id=?
14:11:25,546 DEBUG SQL:104 - 
    update
        DataPoint 
    set
        description=? 
    where
        id=?
14:11:25,546 DEBUG SQL:104 - 
    update
        DataPoint 
    set
        description=? 
    where
        id=?
14:11:25,560 DEBUG SQL:104 - 
    update
        DataPoint 
    set
        description=? 
    where
        id=?
14:11:25,560 DEBUG SQL:104 - 
    update
        DataPoint 
    set
        description=? 
    where
        id=?
14:11:25,561 DEBUG SQL:104 - 
    update
        DataPoint 
    set
        description=? 
    where
        id=?
14:11:25,561 DEBUG SQL:104 - 
    update
        DataPoint 
    set
        description=? 
    where
        id=?
14:11:25,571 DEBUG SQL:104 - 
    update
        DataPoint 
    set
        description=? 
    where
        id=?
14:11:25,572 DEBUG SQL:104 - 
    update
        DataPoint 
    set
        description=? 
    where
        id=?
14:11:25,572 DEBUG SQL:104 - 
    update
        DataPoint 
    set
        description=? 
    where
        id=?
14:11:25,581 DEBUG SQL:104 - 
    update
        DataPoint 
    set
        description=? 
    where
        id=?
14:11:25,581 DEBUG SQL:104 - 
    update
        DataPoint 
    set
        description=? 
    where
        id=?
14:11:25,581 DEBUG SQL:104 - 
    update
        DataPoint 
    set
        description=? 
    where
        id=?
14:11:25,581 DEBUG SQL:104 - 
    update
        DataPoint 
    set
        description=? 
    where
        id=?
14:11:25,593 DEBUG SQL:104 - 
    update
        DataPoint 
    set
        description=? 
    where
        id=?
14:11:25,595 DEBUG SQL:104 - 
    update
        DataPoint 
    set
        description=? 
    where
        id=?
14:11:25,595 DEBUG SQL:104 - 
    update
        DataPoint 
    set
        description=? 
    where
        id=?
14:11:25,595 DEBUG SQL:104 - 
    update
        DataPoint 
    set
        description=? 
    where
        id=?
14:11:25,602 DEBUG SQL:104 - 
    update
        DataPoint 
    set
        description=? 
    where
        id=?
14:11:25,602 DEBUG SQL:104 - 
    update
        DataPoint 
    set
        description=? 
    where
        id=?
14:11:25,602 DEBUG SQL:104 - 
    update
        DataPoint 
    set
        description=? 
    where
        id=?
14:11:25,602 DEBUG SQL:104 - 
    update
        DataPoint 
    set
        description=? 
    where
        id=?
14:11:25,603 DEBUG SQL:104 - 
    update
        DataPoint 
    set
        description=? 
    where
        id=?
14:11:25,611 DEBUG SQL:104 - 
    update
        DataPoint 
    set
        description=? 
    where
        id=?
14:11:25,611 DEBUG SQL:104 - 
    update
        DataPoint 
    set
        description=? 
    where
        id=?
14:11:25,612 DEBUG SQL:104 - 
    update
        DataPoint 
    set
        description=? 
    where
        id=?
14:11:25,612 DEBUG SQL:104 - 
    update
        DataPoint 
    set
        description=? 
    where
        id=?
14:11:25,620 DEBUG SQL:104 - 
    update
        DataPoint 
    set
        description=? 
    where
        id=?
14:11:25,621 DEBUG SQL:104 - 
    update
        DataPoint 
    set
        description=? 
    where
        id=?
14:11:25,621 DEBUG SQL:104 - 
    update
        DataPoint 
    set
        description=? 
    where
        id=?
14:11:25,621 DEBUG SQL:104 - 
    update
        DataPoint 
    set
        description=? 
    where
        id=?
14:11:25,632 DEBUG SQL:104 - 
    update
        DataPoint 
    set
        description=? 
    where
        id=?
14:11:25,632 DEBUG SQL:104 - 
    update
        DataPoint 
    set
        description=? 
    where
        id=?
14:11:25,632 DEBUG SQL:104 - 
    update
        DataPoint 
    set
        description=? 
    where
        id=?
14:11:25,633 DEBUG SQL:104 - 
    update
        DataPoint 
    set
        description=? 
    where
        id=?
14:11:25,635 DEBUG SQL:104 - 
    update
        DataPoint 
    set
        description=? 
    where
        id=?
14:11:25,642 DEBUG SQL:104 - 
    update
        DataPoint 
    set
        description=? 
    where
        id=?
14:11:25,642 DEBUG SQL:104 - 
    update
        DataPoint 
    set
        description=? 
    where
        id=?
14:11:25,643 DEBUG SQL:104 - 
    update
        DataPoint 
    set
        description=? 
    where
        id=?
14:11:25,643 DEBUG SQL:104 - 
    update
        DataPoint 
    set
        description=? 
    where
        id=?
14:11:25,653 DEBUG SQL:104 - 
    update
        DataPoint 
    set
        description=? 
    where
        id=?
14:11:25,653 DEBUG SQL:104 - 
    update
        DataPoint 
    set
        description=? 
    where
        id=?
14:11:25,654 DEBUG SQL:104 - 
    update
        DataPoint 
    set
        description=? 
    where
        id=?
14:11:25,654 DEBUG SQL:104 - 
    update
        DataPoint 
    set
        description=? 
    where
        id=?
14:11:25,654 DEBUG SQL:104 - 
    update
        DataPoint 
    set
        description=? 
    where
        id=?
14:11:25,654 DEBUG SQL:104 - 
    update
        DataPoint 
    set
        description=? 
    where
        id=?
14:11:25,655 DEBUG SQL:104 - 
    update
        DataPoint 
    set
        description=? 
    where
        id=?
14:11:25,655 DEBUG SQL:104 - 
    update
        DataPoint 
    set
        description=? 
    where
        id=?
14:11:25,656 DEBUG SQL:104 - 
    update
        DataPoint 
    set
        description=? 
    where
        id=?
14:11:25,669 DEBUG SQL:104 - 
    update
        DataPoint 
    set
        description=? 
    where
        id=?
14:11:25,669 DEBUG SQL:104 - 
    update
        DataPoint 
    set
        description=? 
    where
        id=?
14:11:25,669 DEBUG SQL:104 - 
    update
        DataPoint 
    set
        description=? 
    where
        id=?
14:11:25,669 DEBUG SQL:104 - 
    update
        DataPoint 
    set
        description=? 
    where
        id=?
14:11:25,679 DEBUG SQL:104 - 
    update
        DataPoint 
    set
        description=? 
    where
        id=?
14:11:25,679 DEBUG SQL:104 - 
    update
        DataPoint 
    set
        description=? 
    where
        id=?
14:11:25,684 DEBUG SQL:104 - 
    update
        DataPoint 
    set
        description=? 
    where
        id=?
14:11:25,684 DEBUG SQL:104 - 
    update
        DataPoint 
    set
        description=? 
    where
        id=?
14:11:25,684 DEBUG SQL:104 - 
    update
        DataPoint 
    set
        description=? 
    where
        id=?
14:11:25,684 DEBUG SQL:104 - 
    update
        DataPoint 
    set
        description=? 
    where
        id=?
14:11:25,684 DEBUG SQL:104 - 
    update
        DataPoint 
    set
        description=? 
    where
        id=?
14:11:25,703 DEBUG SQL:104 - 
    update
        DataPoint 
    set
        description=? 
    where
        id=?
14:11:25,703 DEBUG SQL:104 - 
    update
        DataPoint 
    set
        description=? 
    where
        id=?
14:11:25,703 DEBUG SQL:104 - 
    update
        DataPoint 
    set
        description=? 
    where
        id=?
14:11:25,704 DEBUG SQL:104 - 
    update
        DataPoint 
    set
        description=? 
    where
        id=?
14:11:25,714 DEBUG SQL:104 - 
    update
        DataPoint 
    set
        description=? 
    where
        id=?
14:11:25,714 DEBUG SQL:104 - 
    update
        DataPoint 
    set
        description=? 
    where
        id=?
14:11:25,714 DEBUG SQL:104 - 
    update
        DataPoint 
    set
        description=? 
    where
        id=?
14:11:25,715 DEBUG SQL:104 - 
    update
        DataPoint 
    set
        description=? 
    where
        id=?
14:11:25,715 DEBUG SQL:104 - 
    update
        DataPoint 
    set
        description=? 
    where
        id=?
14:11:25,726 DEBUG SQL:104 - 
    update
        DataPoint 
    set
        description=? 
    where
        id=?
14:11:25,726 DEBUG SQL:104 - 
    update
        DataPoint 
    set
        description=? 
    where
        id=?
14:11:25,726 DEBUG SQL:104 - 
    update
        DataPoint 
    set
        description=? 
    where
        id=?
14:11:25,726 DEBUG SQL:104 - 
    update
        DataPoint 
    set
        description=? 
    where
        id=?
14:11:25,736 DEBUG SQL:104 - 
    update
        DataPoint 
    set
        description=? 
    where
        id=?
14:11:25,736 DEBUG SQL:104 - 
    update
        DataPoint 
    set
        description=? 
    where
        id=?
14:11:25,738 DEBUG SQL:104 - 
    update
        DataPoint 
    set
        description=? 
    where
        id=?
14:11:25,739 DEBUG SQL:104 - 
    update
        DataPoint 
    set
        description=? 
    where
        id=?
14:11:25,751 DEBUG SQL:104 - 
    update
        DataPoint 
    set
        description=? 
    where
        id=?
14:11:25,752 DEBUG SQL:104 - 
    update
        DataPoint 
    set
        description=? 
    where
        id=?
14:11:25,752 DEBUG SQL:104 - 
    update
        DataPoint 
    set
        description=? 
    where
        id=?
14:11:25,752 DEBUG SQL:104 - 
    update
        DataPoint 
    set
        description=? 
    where
        id=?
14:11:25,752 DEBUG SQL:104 - 
    update
        DataPoint 
    set
        description=? 
    where
        id=?
14:11:25,762 DEBUG SQL:104 - 
    update
        DataPoint 
    set
        description=? 
    where
        id=?
14:11:25,762 DEBUG SQL:104 - 
    update
        DataPoint 
    set
        description=? 
    where
        id=?
14:11:25,762 DEBUG SQL:104 - 
    update
        DataPoint 
    set
        description=? 
    where
        id=?
14:11:25,762 DEBUG SQL:104 - 
    update
        DataPoint 
    set
        description=? 
    where
        id=?
14:11:25,772 DEBUG SQL:104 - 
    update
        DataPoint 
    set
        description=? 
    where
        id=?
14:11:25,772 DEBUG SQL:104 - 
    update
        DataPoint 
    set
        description=? 
    where
        id=?
14:11:25,773 DEBUG SQL:104 - 
    update
        DataPoint 
    set
        description=? 
    where
        id=?
14:11:25,773 DEBUG SQL:104 - 
    update
        DataPoint 
    set
        description=? 
    where
        id=?
14:11:25,783 DEBUG SQL:104 - 
    update
        DataPoint 
    set
        description=? 
    where
        id=?
14:11:25,783 DEBUG SQL:104 - 
    update
        DataPoint 
    set
        description=? 
    where
        id=?
14:11:25,784 DEBUG SQL:104 - 
    update
        DataPoint 
    set
        description=? 
    where
        id=?
14:11:25,784 DEBUG SQL:104 - 
    update
        DataPoint 
    set
        description=? 
    where
        id=?
14:11:25,784 DEBUG SQL:104 - 
    update
        DataPoint 
    set
        description=? 
    where
        id=?
14:11:25,786 DEBUG SQL:104 - 
    update
        DataPoint 
    set
        description=? 
    where
        id=?
14:11:25,787 DEBUG SQL:104 - 
    update
        DataPoint 
    set
        description=? 
    where
        id=?
14:11:25,787 DEBUG SQL:104 - 
    update
        DataPoint 
    set
        description=? 
    where
        id=?
14:11:25,787 DEBUG SQL:104 - 
    update
        DataPoint 
    set
        description=? 
    where
        id=?
14:11:25,798 DEBUG SQL:104 - 
    update
        DataPoint 
    set
        description=? 
    where
        id=?
14:11:25,798 DEBUG SQL:104 - 
    update
        DataPoint 
    set
        description=? 
    where
        id=?
14:11:25,798 DEBUG SQL:104 - 
    update
        DataPoint 
    set
        description=? 
    where
        id=?
14:11:25,798 DEBUG SQL:104 - 
    update
        DataPoint 
    set
        description=? 
    where
        id=?
14:11:25,798 DEBUG SQL:104 - 
    update
        DataPoint 
    set
        description=? 
    where
        id=?
14:11:25,808 DEBUG SQL:104 - 
    update
        DataPoint 
    set
        description=? 
    where
        id=?
14:11:25,809 DEBUG SQL:104 - 
    update
        DataPoint 
    set
        description=? 
    where
        id=?
14:11:25,809 DEBUG SQL:104 - 
    update
        DataPoint 
    set
        description=? 
    where
        id=?
14:11:25,809 DEBUG SQL:104 - 
    update
        DataPoint 
    set
        description=? 
    where
        id=?
14:11:25,809 DEBUG SQL:104 - 
    update
        DataPoint 
    set
        description=? 
    where
        id=?
14:11:25,809 DEBUG SQL:104 - 
    update
        DataPoint 
    set
        description=? 
    where
        id=?
14:11:25,831 DEBUG SQL:104 - 
    update
        DataPoint 
    set
        description=? 
    where
        id=?
14:11:25,832 DEBUG SQL:104 - 
    update
        DataPoint 
    set
        description=? 
    where
        id=?
14:11:25,832 DEBUG SQL:104 - 
    update
        DataPoint 
    set
        description=? 
    where
        id=?
14:11:25,832 DEBUG SQL:104 - 
    update
        DataPoint 
    set
        description=? 
    where
        id=?
14:11:25,832 DEBUG SQL:104 - 
    update
        DataPoint 
    set
        description=? 
    where
        id=?
14:11:25,844 DEBUG SQL:104 - 
    update
        DataPoint 
    set
        description=? 
    where
        id=?
14:11:25,844 DEBUG SQL:104 - 
    update
        DataPoint 
    set
        description=? 
    where
        id=?
14:11:25,844 DEBUG SQL:104 - 
    update
        DataPoint 
    set
        description=? 
    where
        id=?
14:11:25,844 DEBUG SQL:104 - 
    update
        DataPoint 
    set
        description=? 
    where
        id=?
14:11:25,853 DEBUG SQL:104 - 
    update
        DataPoint 
    set
        description=? 
    where
        id=?
14:11:25,853 DEBUG SQL:104 - 
    update
        DataPoint 
    set
        description=? 
    where
        id=?
14:11:25,853 DEBUG SQL:104 - 
    update
        DataPoint 
    set
        description=? 
    where
        id=?
14:11:25,854 DEBUG SQL:104 - 
    update
        DataPoint 
    set
        description=? 
    where
        id=?
14:11:25,864 DEBUG SQL:104 - 
    update
        DataPoint 
    set
        description=? 
    where
        id=?
14:11:25,864 DEBUG SQL:104 - 
    update
        DataPoint 
    set
        description=? 
    where
        id=?
14:11:25,864 DEBUG SQL:104 - 
    update
        DataPoint 
    set
        description=? 
    where
        id=?
14:11:25,864 DEBUG SQL:104 - 
    update
        DataPoint 
    set
        description=? 
    where
        id=?
14:11:25,865 DEBUG SQL:104 - 
    update
        DataPoint 
    set
        description=? 
    where
        id=?
14:11:25,874 DEBUG SQL:104 - 
    update
        DataPoint 
    set
        description=? 
    where
        id=?
14:11:25,874 DEBUG SQL:104 - 
    update
        DataPoint 
    set
        description=? 
    where
        id=?
14:11:25,874 DEBUG SQL:104 - 
    update
        DataPoint 
    set
        description=? 
    where
        id=?
14:11:25,874 DEBUG SQL:104 - 
    update
        DataPoint 
    set
        description=? 
    where
        id=?
14:11:25,885 DEBUG SQL:104 - 
    update
        DataPoint 
    set
        description=? 
    where
        id=?
14:11:25,885 DEBUG SQL:104 - 
    update
        DataPoint 
    set
        description=? 
    where
        id=?
14:11:25,885 DEBUG SQL:104 - 
    update
        DataPoint 
    set
        description=? 
    where
        id=?
14:11:25,887 DEBUG SQL:104 - 
    update
        DataPoint 
    set
        description=? 
    where
        id=?
14:11:25,896 DEBUG SQL:104 - 
    update
        DataPoint 
    set
        description=? 
    where
        id=?
14:11:25,896 DEBUG SQL:104 - 
    update
        DataPoint 
    set
        description=? 
    where
        id=?
14:11:25,896 DEBUG SQL:104 - 
    update
        DataPoint 
    set
        description=? 
    where
        id=?
14:11:25,896 DEBUG SQL:104 - 
    update
        DataPoint 
    set
        description=? 
    where
        id=?
14:11:25,896 DEBUG SQL:104 - 
    update
        DataPoint 
    set
        description=? 
    where
        id=?
14:11:25,908 DEBUG SQL:104 - 
    update
        DataPoint 
    set
        description=? 
    where
        id=?
14:11:25,908 DEBUG SQL:104 - 
    update
        DataPoint 
    set
        description=? 
    where
        id=?
14:11:25,908 DEBUG SQL:104 - 
    update
        DataPoint 
    set
        description=? 
    where
        id=?
14:11:25,908 DEBUG SQL:104 - 
    update
        DataPoint 
    set
        description=? 
    where
        id=?
14:11:25,908 DEBUG SQL:104 - 
    update
        DataPoint 
    set
        description=? 
    where
        id=?
14:11:25,908 DEBUG SQL:104 - 
    update
        DataPoint 
    set
        description=? 
    where
        id=?
14:11:25,908 DEBUG SQL:104 - 
    update
        DataPoint 
    set
        description=? 
    where
        id=?
14:11:25,908 DEBUG SQL:104 - 
    update
        DataPoint 
    set
        description=? 
    where
        id=?
14:11:25,909 DEBUG SQL:104 - 
    update
        DataPoint 
    set
        description=? 
    where
        id=?
14:11:25,922 DEBUG SQL:104 - 
    update
        DataPoint 
    set
        description=? 
    where
        id=?
14:11:25,922 DEBUG SQL:104 - 
    update
        DataPoint 
    set
        description=? 
    where
        id=?
14:11:25,922 DEBUG SQL:104 - 
    update
        DataPoint 
    set
        description=? 
    where
        id=?
14:11:25,922 DEBUG SQL:104 - 
    update
        DataPoint 
    set
        description=? 
    where
        id=?
14:11:25,932 DEBUG SQL:104 - 
    update
        DataPoint 
    set
        description=? 
    where
        id=?
14:11:25,934 DEBUG SQL:104 - 
    update
        DataPoint 
    set
        description=? 
    where
        id=?
14:11:25,935 DEBUG SQL:104 - 
    update
        DataPoint 
    set
        description=? 
    where
        id=?
14:11:25,935 DEBUG SQL:104 - 
    update
        DataPoint 
    set
        description=? 
    where
        id=?
14:11:25,935 DEBUG SQL:104 - 
    update
        DataPoint 
    set
        description=? 
    where
        id=?
14:11:25,935 DEBUG SQL:104 - 
    update
        DataPoint 
    set
        description=? 
    where
        id=?
14:11:25,959 DEBUG SQL:104 - 
    update
        DataPoint 
    set
        description=? 
    where
        id=?
14:11:25,959 DEBUG SQL:104 - 
    update
        DataPoint 
    set
        description=? 
    where
        id=?
14:11:25,959 DEBUG SQL:104 - 
    update
        DataPoint 
    set
        description=? 
    where
        id=?
14:11:25,959 DEBUG SQL:104 - 
    update
        DataPoint 
    set
        description=? 
    where
        id=?
14:11:25,960 DEBUG SQL:104 - 
    update
        DataPoint 
    set
        description=? 
    where
        id=?
14:11:25,970 DEBUG SQL:104 - 
    update
        DataPoint 
    set
        description=? 
    where
        id=?
14:11:25,970 DEBUG SQL:104 - 
    update
        DataPoint 
    set
        description=? 
    where
        id=?
14:11:25,971 DEBUG SQL:104 - 
    update
        DataPoint 
    set
        description=? 
    where
        id=?
14:11:25,971 DEBUG SQL:104 - 
    update
        DataPoint 
    set
        description=? 
    where
        id=?
14:11:25,981 DEBUG SQL:104 - 
    update
        DataPoint 
    set
        description=? 
    where
        id=?
14:11:25,982 DEBUG SQL:104 - 
    update
        DataPoint 
    set
        description=? 
    where
        id=?
14:11:25,982 DEBUG SQL:104 - 
    update
        DataPoint 
    set
        description=? 
    where
        id=?
14:11:25,982 DEBUG SQL:104 - 
    update
        DataPoint 
    set
        description=? 
    where
        id=?
14:11:25,982 DEBUG SQL:104 - 
    update
        DataPoint 
    set
        description=? 
    where
        id=?
14:11:25,992 DEBUG SQL:104 - 
    update
        DataPoint 
    set
        description=? 
    where
        id=?
14:11:25,994 DEBUG SQL:104 - 
    update
        DataPoint 
    set
        description=? 
    where
        id=?
14:11:25,994 DEBUG SQL:104 - 
    update
        DataPoint 
    set
        description=? 
    where
        id=?
14:11:25,994 DEBUG SQL:104 - 
    update
        DataPoint 
    set
        description=? 
    where
        id=?
14:11:26,004 DEBUG SQL:104 - 
    update
        DataPoint 
    set
        description=? 
    where
        id=?
14:11:26,004 DEBUG SQL:104 - 
    update
        DataPoint 
    set
        description=? 
    where
        id=?
14:11:26,004 DEBUG SQL:104 - 
    update
        DataPoint 
    set
        description=? 
    where
        id=?
14:11:26,004 DEBUG SQL:104 - 
    update
        DataPoint 
    set
        description=? 
    where
        id=?
14:11:26,020 DEBUG SQL:104 - 
    update
        DataPoint 
    set
        description=? 
    where
        id=?
14:11:26,020 DEBUG SQL:104 - 
    update
        DataPoint 
    set
        description=? 
    where
        id=?
14:11:26,020 DEBUG SQL:104 - 
    update
        DataPoint 
    set
        description=? 
    where
        id=?
14:11:26,020 DEBUG SQL:104 - 
    update
        DataPoint 
    set
        description=? 
    where
        id=?
14:11:26,020 DEBUG SQL:104 - 
    update
        DataPoint 
    set
        description=? 
    where
        id=?
14:11:26,031 DEBUG SQL:104 - 
    update
        DataPoint 
    set
        description=? 
    where
        id=?
14:11:26,032 DEBUG SQL:104 - 
    update
        DataPoint 
    set
        description=? 
    where
        id=?
14:11:26,032 DEBUG SQL:104 - 
    update
        DataPoint 
    set
        description=? 
    where
        id=?
14:11:26,032 DEBUG SQL:104 - 
    update
        DataPoint 
    set
        description=? 
    where
        id=?
14:11:26,032 DEBUG SQL:104 - 
    update
        DataPoint 
    set
        description=? 
    where
        id=?
14:11:26,032 DEBUG SQL:104 - 
    update
        DataPoint 
    set
        description=? 
    where
        id=?
14:11:26,032 DEBUG SQL:104 - 
    update
        DataPoint 
    set
        description=? 
    where
        id=?
14:11:26,032 DEBUG SQL:104 - 
    update
        DataPoint 
    set
        description=? 
    where
        id=?
14:11:26,047 DEBUG SQL:104 - 
    update
        DataPoint 
    set
        description=? 
    where
        id=?
14:11:26,047 DEBUG SQL:104 - 
    update
        DataPoint 
    set
        description=? 
    where
        id=?
14:11:26,048 DEBUG SQL:104 - 
    update
        DataPoint 
    set
        description=? 
    where
        id=?
14:11:26,048 DEBUG SQL:104 - 
    update
        DataPoint 
    set
        description=? 
    where
        id=?
14:11:26,048 DEBUG SQL:104 - 
    update
        DataPoint 
    set
        description=? 
    where
        id=?
14:11:26,057 DEBUG SQL:104 - 
    update
        DataPoint 
    set
        description=? 
    where
        id=?
14:11:26,057 DEBUG SQL:104 - 
    update
        DataPoint 
    set
        description=? 
    where
        id=?
14:11:26,057 DEBUG SQL:104 - 
    update
        DataPoint 
    set
        description=? 
    where
        id=?
14:11:26,057 DEBUG SQL:104 - 
    update
        DataPoint 
    set
        description=? 
    where
        id=?
14:11:26,058 DEBUG SQL:104 - 
    update
        DataPoint 
    set
        description=? 
    where
        id=?
14:11:26,058 DEBUG SQL:104 - 
    update
        DataPoint 
    set
        description=? 
    where
        id=?
14:11:26,080 DEBUG SQL:104 - 
    update
        DataPoint 
    set
        description=? 
    where
        id=?
14:11:26,081 DEBUG SQL:104 - 
    update
        DataPoint 
    set
        description=? 
    where
        id=?
14:11:26,081 DEBUG SQL:104 - 
    update
        DataPoint 
    set
        description=? 
    where
        id=?
14:11:26,081 DEBUG SQL:104 - 
    update
        DataPoint 
    set
        description=? 
    where
        id=?
14:11:26,081 DEBUG SQL:104 - 
    update
        DataPoint 
    set
        description=? 
    where
        id=?
14:11:26,094 DEBUG SQL:104 - 
    update
        DataPoint 
    set
        description=? 
    where
        id=?
14:11:26,094 DEBUG SQL:104 - 
    update
        DataPoint 
    set
        description=? 
    where
        id=?
14:11:26,094 DEBUG SQL:104 - 
    update
        DataPoint 
    set
        description=? 
    where
        id=?
14:11:26,094 DEBUG SQL:104 - 
    update
        DataPoint 
    set
        description=? 
    where
        id=?
14:11:26,096 DEBUG SQL:104 - 
    update
        DataPoint 
    set
        description=? 
    where
        id=?
14:11:26,096 DEBUG SQL:104 - 
    update
        DataPoint 
    set
        description=? 
    where
        id=?
14:11:26,096 DEBUG SQL:104 - 
    update
        DataPoint 
    set
        description=? 
    where
        id=?
14:11:26,097 DEBUG SQL:104 - 
    update
        DataPoint 
    set
        description=? 
    where
        id=?
14:11:26,097 DEBUG SQL:104 - 
    update
        DataPoint 
    set
        description=? 
    where
        id=?
14:11:26,097 DEBUG SQL:104 - 
    update
        DataPoint 
    set
        description=? 
    where
        id=?
14:11:26,118 DEBUG SQL:104 - 
    update
        DataPoint 
    set
        description=? 
    where
        id=?
14:11:26,118 DEBUG SQL:104 - 
    update
        DataPoint 
    set
        description=? 
    where
        id=?
14:11:26,118 DEBUG SQL:104 - 
    update
        DataPoint 
    set
        description=? 
    where
        id=?
14:11:26,118 DEBUG SQL:104 - 
    update
        DataPoint 
    set
        description=? 
    where
        id=?
14:11:26,118 DEBUG SQL:104 - 
    update
        DataPoint 
    set
        description=? 
    where
        id=?
14:11:26,129 DEBUG SQL:104 - 
    update
        DataPoint 
    set
        description=? 
    where
        id=?
14:11:26,129 DEBUG SQL:104 - 
    update
        DataPoint 
    set
        description=? 
    where
        id=?
14:11:26,130 DEBUG SQL:104 - 
    update
        DataPoint 
    set
        description=? 
    where
        id=?
14:11:26,130 DEBUG SQL:104 - 
    update
        DataPoint 
    set
        description=? 
    where
        id=?
14:11:26,140 DEBUG SQL:104 - 
    update
        DataPoint 
    set
        description=? 
    where
        id=?
14:11:26,141 DEBUG SQL:104 - 
    update
        DataPoint 
    set
        description=? 
    where
        id=?
14:11:26,141 DEBUG SQL:104 - 
    update
        DataPoint 
    set
        description=? 
    where
        id=?
14:11:26,141 DEBUG SQL:104 - 
    update
        DataPoint 
    set
        description=? 
    where
        id=?
14:11:26,141 DEBUG SQL:104 - 
    update
        DataPoint 
    set
        description=? 
    where
        id=?
14:11:26,151 DEBUG SQL:104 - 
    update
        DataPoint 
    set
        description=? 
    where
        id=?
14:11:26,152 DEBUG SQL:104 - 
    update
        DataPoint 
    set
        description=? 
    where
        id=?
14:11:26,152 DEBUG SQL:104 - 
    update
        DataPoint 
    set
        description=? 
    where
        id=?
14:11:26,152 DEBUG SQL:104 - 
    update
        DataPoint 
    set
        description=? 
    where
        id=?
14:11:26,163 DEBUG SQL:104 - 
    update
        DataPoint 
    set
        description=? 
    where
        id=?
14:11:26,164 DEBUG SQL:104 - 
    update
        DataPoint 
    set
        description=? 
    where
        id=?
14:11:26,164 DEBUG SQL:104 - 
    update
        DataPoint 
    set
        description=? 
    where
        id=?
14:11:26,164 DEBUG SQL:104 - 
    update
        DataPoint 
    set
        description=? 
    where
        id=?
14:11:26,164 DEBUG SQL:104 - 
    update
        DataPoint 
    set
        description=? 
    where
        id=?
14:11:26,164 DEBUG SQL:104 - 
    update
        DataPoint 
    set
        description=? 
    where
        id=?
14:11:26,164 DEBUG SQL:104 - 
    update
        DataPoint 
    set
        description=? 
    where
        id=?
14:11:26,164 DEBUG SQL:104 - 
    update
        DataPoint 
    set
        description=? 
    where
        id=?
14:11:26,164 DEBUG SQL:104 - 
    update
        DataPoint 
    set
        description=? 
    where
        id=?
14:11:26,178 DEBUG SQL:104 - 
    update
        DataPoint 
    set
        description=? 
    where
        id=?
14:11:26,178 DEBUG SQL:104 - 
    update
        DataPoint 
    set
        description=? 
    where
        id=?
14:11:26,178 DEBUG SQL:104 - 
    update
        DataPoint 
    set
        description=? 
    where
        id=?
14:11:26,178 DEBUG SQL:104 - 
    update
        DataPoint 
    set
        description=? 
    where
        id=?
14:11:26,189 DEBUG SQL:104 - 
    update
        DataPoint 
    set
        description=? 
    where
        id=?
14:11:26,189 DEBUG SQL:104 - 
    update
        DataPoint 
    set
        description=? 
    where
        id=?
14:11:26,189 DEBUG SQL:104 - 
    update
        DataPoint 
    set
        description=? 
    where
        id=?
14:11:26,191 DEBUG SQL:104 - 
    update
        DataPoint 
    set
        description=? 
    where
        id=?
14:11:26,191 DEBUG SQL:104 - 
    update
        DataPoint 
    set
        description=? 
    where
        id=?
14:11:26,192 DEBUG SQL:104 - 
    update
        DataPoint 
    set
        description=? 
    where
        id=?
14:11:26,192 DEBUG SQL:104 - 
    update
        DataPoint 
    set
        description=? 
    where
        id=?
14:11:26,212 DEBUG SQL:104 - 
    update
        DataPoint 
    set
        description=? 
    where
        id=?
14:11:26,212 DEBUG SQL:104 - 
    update
        DataPoint 
    set
        description=? 
    where
        id=?
14:11:26,212 DEBUG SQL:104 - 
    update
        DataPoint 
    set
        description=? 
    where
        id=?
14:11:26,213 DEBUG SQL:104 - 
    update
        DataPoint 
    set
        description=? 
    where
        id=?
14:11:26,224 DEBUG SQL:104 - 
    update
        DataPoint 
    set
        description=? 
    where
        id=?
14:11:26,224 DEBUG SQL:104 - 
    update
        DataPoint 
    set
        description=? 
    where
        id=?
14:11:26,224 DEBUG SQL:104 - 
    update
        DataPoint 
    set
        description=? 
    where
        id=?
14:11:26,225 DEBUG SQL:104 - 
    update
        DataPoint 
    set
        description=? 
    where
        id=?
14:11:26,240 DEBUG SQL:104 - 
    update
        DataPoint 
    set
        description=? 
    where
        id=?
14:11:26,240 DEBUG SQL:104 - 
    update
        DataPoint 
    set
        description=? 
    where
        id=?
14:11:26,240 DEBUG SQL:104 - 
    update
        DataPoint 
    set
        description=? 
    where
        id=?
14:11:26,240 DEBUG SQL:104 - 
    update
        DataPoint 
    set
        description=? 
    where
        id=?
14:11:26,241 DEBUG SQL:104 - 
    update
        DataPoint 
    set
        description=? 
    where
        id=?
14:11:26,250 DEBUG SQL:104 - 
    update
        DataPoint 
    set
        description=? 
    where
        id=?
14:11:26,250 DEBUG SQL:104 - 
    update
        DataPoint 
    set
        description=? 
    where
        id=?
14:11:26,250 DEBUG SQL:104 - 
    update
        DataPoint 
    set
        description=? 
    where
        id=?
14:11:26,257 DEBUG SQL:104 - 
    update
        DataPoint 
    set
        description=? 
    where
        id=?
14:11:26,264 DEBUG SQL:104 - 
    update
        DataPoint 
    set
        description=? 
    where
        id=?
14:11:26,264 DEBUG SQL:104 - 
    update
        DataPoint 
    set
        description=? 
    where
        id=?
14:11:26,264 DEBUG SQL:104 - 
    update
        DataPoint 
    set
        description=? 
    where
        id=?
14:11:26,264 DEBUG SQL:104 - 
    update
        DataPoint 
    set
        description=? 
    where
        id=?
14:11:26,264 DEBUG SQL:104 - 
    update
        DataPoint 
    set
        description=? 
    where
        id=?
14:11:26,274 DEBUG SQL:104 - 
    update
        DataPoint 
    set
        description=? 
    where
        id=?
14:11:26,274 DEBUG SQL:104 - 
    update
        DataPoint 
    set
        description=? 
    where
        id=?
14:11:26,274 DEBUG SQL:104 - 
    update
        DataPoint 
    set
        description=? 
    where
        id=?
14:11:26,275 DEBUG SQL:104 - 
    update
        DataPoint 
    set
        description=? 
    where
        id=?
14:11:26,284 DEBUG SQL:104 - 
    update
        DataPoint 
    set
        description=? 
    where
        id=?
14:11:26,285 DEBUG SQL:104 - 
    update
        DataPoint 
    set
        description=? 
    where
        id=?
14:11:26,285 DEBUG SQL:104 - 
    update
        DataPoint 
    set
        description=? 
    where
        id=?
14:11:26,285 DEBUG SQL:104 - 
    update
        DataPoint 
    set
        description=? 
    where
        id=?
14:11:26,295 DEBUG SQL:104 - 
    update
        DataPoint 
    set
        description=? 
    where
        id=?
14:11:26,295 DEBUG SQL:104 - 
    update
        DataPoint 
    set
        description=? 
    where
        id=?
14:11:26,295 DEBUG SQL:104 - 
    update
        DataPoint 
    set
        description=? 
    where
        id=?
14:11:26,296 DEBUG SQL:104 - 
    update
        DataPoint 
    set
        description=? 
    where
        id=?
14:11:26,296 DEBUG SQL:104 - 
    update
        DataPoint 
    set
        description=? 
    where
        id=?
14:11:26,296 DEBUG SQL:104 - 
    update
        DataPoint 
    set
        description=? 
    where
        id=?
14:11:26,337 DEBUG SQL:104 - 
    select
        datapoint0_.id as id0_,
        datapoint0_.xval as xval0_,
        datapoint0_.yval as yval0_,
        datapoint0_.description as descript4_0_ 
    from
        DataPoint datapoint0_ 
    order by
        datapoint0_.xval asc
14:11:26,385 DEBUG SQL:104 - 
    delete 
    from
        DataPoint 
    where
        id=?
14:11:26,386 DEBUG SQL:104 - 
    delete 
    from
        DataPoint 
    where
        id=?
14:11:26,395 DEBUG SQL:104 - 
    delete 
    from
        DataPoint 
    where
        id=?
14:11:26,396 DEBUG SQL:104 - 
    delete 
    from
        DataPoint 
    where
        id=?
14:11:26,396 DEBUG SQL:104 - 
    delete 
    from
        DataPoint 
    where
        id=?
14:11:26,396 DEBUG SQL:104 - 
    delete 
    from
        DataPoint 
    where
        id=?
14:11:26,396 DEBUG SQL:104 - 
    delete 
    from
        DataPoint 
    where
        id=?
14:11:26,408 DEBUG SQL:104 - 
    delete 
    from
        DataPoint 
    where
        id=?
14:11:26,408 DEBUG SQL:104 - 
    delete 
    from
        DataPoint 
    where
        id=?
14:11:26,409 DEBUG SQL:104 - 
    delete 
    from
        DataPoint 
    where
        id=?
14:11:26,409 DEBUG SQL:104 - 
    delete 
    from
        DataPoint 
    where
        id=?
14:11:26,409 DEBUG SQL:104 - 
    delete 
    from
        DataPoint 
    where
        id=?
14:11:26,409 DEBUG SQL:104 - 
    delete 
    from
        DataPoint 
    where
        id=?
14:11:26,409 DEBUG SQL:104 - 
    delete 
    from
        DataPoint 
    where
        id=?
14:11:26,409 DEBUG SQL:104 - 
    delete 
    from
        DataPoint 
    where
        id=?
14:11:26,421 DEBUG SQL:104 - 
    delete 
    from
        DataPoint 
    where
        id=?
14:11:26,421 DEBUG SQL:104 - 
    delete 
    from
        DataPoint 
    where
        id=?
14:11:26,422 DEBUG SQL:104 - 
    delete 
    from
        DataPoint 
    where
        id=?
14:11:26,422 DEBUG SQL:104 - 
    delete 
    from
        DataPoint 
    where
        id=?
14:11:26,422 DEBUG SQL:104 - 
    delete 
    from
        DataPoint 
    where
        id=?
14:11:26,438 DEBUG SQL:104 - 
    delete 
    from
        DataPoint 
    where
        id=?
14:11:26,438 DEBUG SQL:104 - 
    delete 
    from
        DataPoint 
    where
        id=?
14:11:26,438 DEBUG SQL:104 - 
    delete 
    from
        DataPoint 
    where
        id=?
14:11:26,438 DEBUG SQL:104 - 
    delete 
    from
        DataPoint 
    where
        id=?
14:11:26,438 DEBUG SQL:104 - 
    delete 
    from
        DataPoint 
    where
        id=?
14:11:26,446 DEBUG SQL:104 - 
    delete 
    from
        DataPoint 
    where
        id=?
14:11:26,446 DEBUG SQL:104 - 
    delete 
    from
        DataPoint 
    where
        id=?
14:11:26,456 DEBUG SQL:104 - 
    delete 
    from
        DataPoint 
    where
        id=?
14:11:26,456 DEBUG SQL:104 - 
    delete 
    from
        DataPoint 
    where
        id=?
14:11:26,457 DEBUG SQL:104 - 
    delete 
    from
        DataPoint 
    where
        id=?
14:11:26,457 DEBUG SQL:104 - 
    delete 
    from
        DataPoint 
    where
        id=?
14:11:26,457 DEBUG SQL:104 - 
    delete 
    from
        DataPoint 
    where
        id=?
14:11:26,468 DEBUG SQL:104 - 
    delete 
    from
        DataPoint 
    where
        id=?
14:11:26,468 DEBUG SQL:104 - 
    delete 
    from
        DataPoint 
    where
        id=?
14:11:26,469 DEBUG SQL:104 - 
    delete 
    from
        DataPoint 
    where
        id=?
14:11:26,469 DEBUG SQL:104 - 
    delete 
    from
        DataPoint 
    where
        id=?
14:11:26,469 DEBUG SQL:104 - 
    delete 
    from
        DataPoint 
    where
        id=?
14:11:26,478 DEBUG SQL:104 - 
    delete 
    from
        DataPoint 
    where
        id=?
14:11:26,479 DEBUG SQL:104 - 
    delete 
    from
        DataPoint 
    where
        id=?
14:11:26,479 DEBUG SQL:104 - 
    delete 
    from
        DataPoint 
    where
        id=?
14:11:26,481 DEBUG SQL:104 - 
    delete 
    from
        DataPoint 
    where
        id=?
14:11:26,482 DEBUG SQL:104 - 
    delete 
    from
        DataPoint 
    where
        id=?
14:11:26,482 DEBUG SQL:104 - 
    delete 
    from
        DataPoint 
    where
        id=?
14:11:26,491 DEBUG SQL:104 - 
    delete 
    from
        DataPoint 
    where
        id=?
14:11:26,492 DEBUG SQL:104 - 
    delete 
    from
        DataPoint 
    where
        id=?
14:11:26,492 DEBUG SQL:104 - 
    delete 
    from
        DataPoint 
    where
        id=?
14:11:26,492 DEBUG SQL:104 - 
    delete 
    from
        DataPoint 
    where
        id=?
14:11:26,492 DEBUG SQL:104 - 
    delete 
    from
        DataPoint 
    where
        id=?
14:11:26,502 DEBUG SQL:104 - 
    delete 
    from
        DataPoint 
    where
        id=?
14:11:26,502 DEBUG SQL:104 - 
    delete 
    from
        DataPoint 
    where
        id=?
14:11:26,502 DEBUG SQL:104 - 
    delete 
    from
        DataPoint 
    where
        id=?
14:11:26,503 DEBUG SQL:104 - 
    delete 
    from
        DataPoint 
    where
        id=?
14:11:26,503 DEBUG SQL:104 - 
    delete 
    from
        DataPoint 
    where
        id=?
14:11:26,512 DEBUG SQL:104 - 
    delete 
    from
        DataPoint 
    where
        id=?
14:11:26,512 DEBUG SQL:104 - 
    delete 
    from
        DataPoint 
    where
        id=?
14:11:26,512 DEBUG SQL:104 - 
    delete 
    from
        DataPoint 
    where
        id=?
14:11:26,512 DEBUG SQL:104 - 
    delete 
    from
        DataPoint 
    where
        id=?
14:11:26,513 DEBUG SQL:104 - 
    delete 
    from
        DataPoint 
    where
        id=?
14:11:26,523 DEBUG SQL:104 - 
    delete 
    from
        DataPoint 
    where
        id=?
14:11:26,523 DEBUG SQL:104 - 
    delete 
    from
        DataPoint 
    where
        id=?
14:11:26,525 DEBUG SQL:104 - 
    delete 
    from
        DataPoint 
    where
        id=?
14:11:26,526 DEBUG SQL:104 - 
    delete 
    from
        DataPoint 
    where
        id=?
14:11:26,526 DEBUG SQL:104 - 
    delete 
    from
        DataPoint 
    where
        id=?
14:11:26,534 DEBUG SQL:104 - 
    delete 
    from
        DataPoint 
    where
        id=?
14:11:26,534 DEBUG SQL:104 - 
    delete 
    from
        DataPoint 
    where
        id=?
14:11:26,534 DEBUG SQL:104 - 
    delete 
    from
        DataPoint 
    where
        id=?
14:11:26,534 DEBUG SQL:104 - 
    delete 
    from
        DataPoint 
    where
        id=?
14:11:26,534 DEBUG SQL:104 - 
    delete 
    from
        DataPoint 
    where
        id=?
14:11:26,535 DEBUG SQL:104 - 
    delete 
    from
        DataPoint 
    where
        id=?
14:11:26,535 DEBUG SQL:104 - 
    delete 
    from
        DataPoint 
    where
        id=?
14:11:26,535 DEBUG SQL:104 - 
    delete 
    from
        DataPoint 
    where
        id=?
14:11:26,535 DEBUG SQL:104 - 
    delete 
    from
        DataPoint 
    where
        id=?
14:11:26,535 DEBUG SQL:104 - 
    delete 
    from
        DataPoint 
    where
        id=?
14:11:26,548 DEBUG SQL:104 - 
    delete 
    from
        DataPoint 
    where
        id=?
14:11:26,548 DEBUG SQL:104 - 
    delete 
    from
        DataPoint 
    where
        id=?
14:11:26,548 DEBUG SQL:104 - 
    delete 
    from
        DataPoint 
    where
        id=?
14:11:26,548 DEBUG SQL:104 - 
    delete 
    from
        DataPoint 
    where
        id=?
14:11:26,548 DEBUG SQL:104 - 
    delete 
    from
        DataPoint 
    where
        id=?
14:11:26,561 DEBUG SQL:104 - 
    delete 
    from
        DataPoint 
    where
        id=?
14:11:26,561 DEBUG SQL:104 - 
    delete 
    from
        DataPoint 
    where
        id=?
14:11:26,563 DEBUG SQL:104 - 
    delete 
    from
        DataPoint 
    where
        id=?
14:11:26,563 DEBUG SQL:104 - 
    delete 
    from
        DataPoint 
    where
        id=?
14:11:26,563 DEBUG SQL:104 - 
    delete 
    from
        DataPoint 
    where
        id=?
14:11:26,572 DEBUG SQL:104 - 
    delete 
    from
        DataPoint 
    where
        id=?
14:11:26,572 DEBUG SQL:104 - 
    delete 
    from
        DataPoint 
    where
        id=?
14:11:26,572 DEBUG SQL:104 - 
    delete 
    from
        DataPoint 
    where
        id=?
14:11:26,582 DEBUG SQL:104 - 
    delete 
    from
        DataPoint 
    where
        id=?
14:11:26,583 DEBUG SQL:104 - 
    delete 
    from
        DataPoint 
    where
        id=?
14:11:26,583 DEBUG SQL:104 - 
    delete 
    from
        DataPoint 
    where
        id=?
14:11:26,583 DEBUG SQL:104 - 
    delete 
    from
        DataPoint 
    where
        id=?
14:11:26,583 DEBUG SQL:104 - 
    delete 
    from
        DataPoint 
    where
        id=?
14:11:26,593 DEBUG SQL:104 - 
    delete 
    from
        DataPoint 
    where
        id=?
14:11:26,593 DEBUG SQL:104 - 
    delete 
    from
        DataPoint 
    where
        id=?
14:11:26,593 DEBUG SQL:104 - 
    delete 
    from
        DataPoint 
    where
        id=?
14:11:26,593 DEBUG SQL:104 - 
    delete 
    from
        DataPoint 
    where
        id=?
14:11:26,593 DEBUG SQL:104 - 
    delete 
    from
        DataPoint 
    where
        id=?
14:11:26,603 DEBUG SQL:104 - 
    delete 
    from
        DataPoint 
    where
        id=?
14:11:26,604 DEBUG SQL:104 - 
    delete 
    from
        DataPoint 
    where
        id=?
14:11:26,604 DEBUG SQL:104 - 
    delete 
    from
        DataPoint 
    where
        id=?
14:11:26,604 DEBUG SQL:104 - 
    delete 
    from
        DataPoint 
    where
        id=?
14:11:26,607 DEBUG SQL:104 - 
    delete 
    from
        DataPoint 
    where
        id=?
14:11:26,617 DEBUG SQL:104 - 
    delete 
    from
        DataPoint 
    where
        id=?
14:11:26,617 DEBUG SQL:104 - 
    delete 
    from
        DataPoint 
    where
        id=?
14:11:26,617 DEBUG SQL:104 - 
    delete 
    from
        DataPoint 
    where
        id=?
14:11:26,617 DEBUG SQL:104 - 
    delete 
    from
        DataPoint 
    where
        id=?
14:11:26,617 DEBUG SQL:104 - 
    delete 
    from
        DataPoint 
    where
        id=?
14:11:26,627 DEBUG SQL:104 - 
    delete 
    from
        DataPoint 
    where
        id=?
14:11:26,627 DEBUG SQL:104 - 
    delete 
    from
        DataPoint 
    where
        id=?
14:11:26,627 DEBUG SQL:104 - 
    delete 
    from
        DataPoint 
    where
        id=?
14:11:26,627 DEBUG SQL:104 - 
    delete 
    from
        DataPoint 
    where
        id=?
14:11:26,627 DEBUG SQL:104 - 
    delete 
    from
        DataPoint 
    where
        id=?
14:11:26,628 DEBUG SQL:104 - 
    delete 
    from
        DataPoint 
    where
        id=?
14:11:26,638 DEBUG SQL:104 - 
    delete 
    from
        DataPoint 
    where
        id=?
14:11:26,638 DEBUG SQL:104 - 
    delete 
    from
        DataPoint 
    where
        id=?
14:11:26,638 DEBUG SQL:104 - 
    delete 
    from
        DataPoint 
    where
        id=?
14:11:26,638 DEBUG SQL:104 - 
    delete 
    from
        DataPoint 
    where
        id=?
14:11:26,638 DEBUG SQL:104 - 
    delete 
    from
        DataPoint 
    where
        id=?
14:11:26,648 DEBUG SQL:104 - 
    delete 
    from
        DataPoint 
    where
        id=?
14:11:26,648 DEBUG SQL:104 - 
    delete 
    from
        DataPoint 
    where
        id=?
14:11:26,648 DEBUG SQL:104 - 
    delete 
    from
        DataPoint 
    where
        id=?
14:11:26,650 DEBUG SQL:104 - 
    delete 
    from
        DataPoint 
    where
        id=?
14:11:26,651 DEBUG SQL:104 - 
    delete 
    from
        DataPoint 
    where
        id=?
14:11:26,659 DEBUG SQL:104 - 
    delete 
    from
        DataPoint 
    where
        id=?
14:11:26,659 DEBUG SQL:104 - 
    delete 
    from
        DataPoint 
    where
        id=?
14:11:26,659 DEBUG SQL:104 - 
    delete 
    from
        DataPoint 
    where
        id=?
14:11:26,659 DEBUG SQL:104 - 
    delete 
    from
        DataPoint 
    where
        id=?
14:11:26,659 DEBUG SQL:104 - 
    delete 
    from
        DataPoint 
    where
        id=?
14:11:26,670 DEBUG SQL:104 - 
    delete 
    from
        DataPoint 
    where
        id=?
14:11:26,670 DEBUG SQL:104 - 
    delete 
    from
        DataPoint 
    where
        id=?
14:11:26,670 DEBUG SQL:104 - 
    delete 
    from
        DataPoint 
    where
        id=?
14:11:26,670 DEBUG SQL:104 - 
    delete 
    from
        DataPoint 
    where
        id=?
14:11:26,671 DEBUG SQL:104 - 
    delete 
    from
        DataPoint 
    where
        id=?
14:11:26,671 DEBUG SQL:104 - 
    delete 
    from
        DataPoint 
    where
        id=?
14:11:26,671 DEBUG SQL:104 - 
    delete 
    from
        DataPoint 
    where
        id=?
14:11:26,671 DEBUG SQL:104 - 
    delete 
    from
        DataPoint 
    where
        id=?
14:11:26,671 DEBUG SQL:104 - 
    delete 
    from
        DataPoint 
    where
        id=?
14:11:26,671 DEBUG SQL:104 - 
    delete 
    from
        DataPoint 
    where
        id=?
14:11:26,682 DEBUG SQL:104 - 
    delete 
    from
        DataPoint 
    where
        id=?
14:11:26,682 DEBUG SQL:104 - 
    delete 
    from
        DataPoint 
    where
        id=?
14:11:26,682 DEBUG SQL:104 - 
    delete 
    from
        DataPoint 
    where
        id=?
14:11:26,684 DEBUG SQL:104 - 
    delete 
    from
        DataPoint 
    where
        id=?
14:11:26,684 DEBUG SQL:104 - 
    delete 
    from
        DataPoint 
    where
        id=?
14:11:26,695 DEBUG SQL:104 - 
    delete 
    from
        DataPoint 
    where
        id=?
14:11:26,696 DEBUG SQL:104 - 
    delete 
    from
        DataPoint 
    where
        id=?
14:11:26,696 DEBUG SQL:104 - 
    delete 
    from
        DataPoint 
    where
        id=?
14:11:26,696 DEBUG SQL:104 - 
    delete 
    from
        DataPoint 
    where
        id=?
14:11:26,696 DEBUG SQL:104 - 
    delete 
    from
        DataPoint 
    where
        id=?
14:11:26,705 DEBUG SQL:104 - 
    delete 
    from
        DataPoint 
    where
        id=?
14:11:26,705 DEBUG SQL:104 - 
    delete 
    from
        DataPoint 
    where
        id=?
14:11:26,706 DEBUG SQL:104 - 
    delete 
    from
        DataPoint 
    where
        id=?
14:11:26,715 DEBUG SQL:104 - 
    delete 
    from
        DataPoint 
    where
        id=?
14:11:26,715 DEBUG SQL:104 - 
    delete 
    from
        DataPoint 
    where
        id=?
14:11:26,715 DEBUG SQL:104 - 
    delete 
    from
        DataPoint 
    where
        id=?
14:11:26,716 DEBUG SQL:104 - 
    delete 
    from
        DataPoint 
    where
        id=?
14:11:26,716 DEBUG SQL:104 - 
    delete 
    from
        DataPoint 
    where
        id=?
14:11:26,726 DEBUG SQL:104 - 
    delete 
    from
        DataPoint 
    where
        id=?
14:11:26,727 DEBUG SQL:104 - 
    delete 
    from
        DataPoint 
    where
        id=?
14:11:26,727 DEBUG SQL:104 - 
    delete 
    from
        DataPoint 
    where
        id=?
14:11:26,727 DEBUG SQL:104 - 
    delete 
    from
        DataPoint 
    where
        id=?
14:11:26,727 DEBUG SQL:104 - 
    delete 
    from
        DataPoint 
    where
        id=?
14:11:26,738 DEBUG SQL:104 - 
    delete 
    from
        DataPoint 
    where
        id=?
14:11:26,739 DEBUG SQL:104 - 
    delete 
    from
        DataPoint 
    where
        id=?
14:11:26,740 DEBUG SQL:104 - 
    delete 
    from
        DataPoint 
    where
        id=?
14:11:26,741 DEBUG SQL:104 - 
    delete 
    from
        DataPoint 
    where
        id=?
14:11:26,742 DEBUG SQL:104 - 
    delete 
    from
        DataPoint 
    where
        id=?
14:11:26,748 DEBUG SQL:104 - 
    delete 
    from
        DataPoint 
    where
        id=?
14:11:26,748 DEBUG SQL:104 - 
    delete 
    from
        DataPoint 
    where
        id=?
14:11:26,748 DEBUG SQL:104 - 
    delete 
    from
        DataPoint 
    where
        id=?
14:11:26,748 DEBUG SQL:104 - 
    delete 
    from
        DataPoint 
    where
        id=?
14:11:26,748 DEBUG SQL:104 - 
    delete 
    from
        DataPoint 
    where
        id=?
14:11:26,758 DEBUG SQL:104 - 
    delete 
    from
        DataPoint 
    where
        id=?
14:11:26,759 DEBUG SQL:104 - 
    delete 
    from
        DataPoint 
    where
        id=?
14:11:26,759 DEBUG SQL:104 - 
    delete 
    from
        DataPoint 
    where
        id=?
14:11:26,759 DEBUG SQL:104 - 
    delete 
    from
        DataPoint 
    where
        id=?
14:11:26,759 DEBUG SQL:104 - 
    delete 
    from
        DataPoint 
    where
        id=?
14:11:26,770 DEBUG SQL:104 - 
    delete 
    from
        DataPoint 
    where
        id=?
14:11:26,770 DEBUG SQL:104 - 
    delete 
    from
        DataPoint 
    where
        id=?
14:11:26,770 DEBUG SQL:104 - 
    delete 
    from
        DataPoint 
    where
        id=?
14:11:26,770 DEBUG SQL:104 - 
    delete 
    from
        DataPoint 
    where
        id=?
14:11:26,770 DEBUG SQL:104 - 
    delete 
    from
        DataPoint 
    where
        id=?
14:11:26,781 DEBUG SQL:104 - 
    delete 
    from
        DataPoint 
    where
        id=?
14:11:26,782 DEBUG SQL:104 - 
    delete 
    from
        DataPoint 
    where
        id=?
14:11:26,782 DEBUG SQL:104 - 
    delete 
    from
        DataPoint 
    where
        id=?
14:11:26,782 DEBUG SQL:104 - 
    delete 
    from
        DataPoint 
    where
        id=?
14:11:26,782 DEBUG SQL:104 - 
    delete 
    from
        DataPoint 
    where
        id=?
14:11:26,782 DEBUG SQL:104 - 
    delete 
    from
        DataPoint 
    where
        id=?
14:11:26,820 DEBUG SQL:104 - 
    delete 
    from
        DataPoint 
    where
        id=?
14:11:26,820 DEBUG SQL:104 - 
    delete 
    from
        DataPoint 
    where
        id=?
14:11:26,820 DEBUG SQL:104 - 
    delete 
    from
        DataPoint 
    where
        id=?
14:11:26,820 DEBUG SQL:104 - 
    delete 
    from
        DataPoint 
    where
        id=?
14:11:26,821 DEBUG SQL:104 - 
    delete 
    from
        DataPoint 
    where
        id=?
14:11:26,821 DEBUG SQL:104 - 
    delete 
    from
        DataPoint 
    where
        id=?
14:11:26,821 DEBUG SQL:104 - 
    delete 
    from
        DataPoint 
    where
        id=?
14:11:26,821 DEBUG SQL:104 - 
    delete 
    from
        DataPoint 
    where
        id=?
14:11:26,821 DEBUG SQL:104 - 
    delete 
    from
        DataPoint 
    where
        id=?
14:11:26,822 DEBUG SQL:104 - 
    delete 
    from
        DataPoint 
    where
        id=?
14:11:26,822 DEBUG SQL:104 - 
    delete 
    from
        DataPoint 
    where
        id=?
14:11:26,822 DEBUG SQL:104 - 
    delete 
    from
        DataPoint 
    where
        id=?
14:11:26,822 DEBUG SQL:104 - 
    delete 
    from
        DataPoint 
    where
        id=?
14:11:26,822 DEBUG SQL:104 - 
    delete 
    from
        DataPoint 
    where
        id=?
14:11:26,824 DEBUG SQL:104 - 
    delete 
    from
        DataPoint 
    where
        id=?
14:11:26,834 DEBUG SQL:104 - 
    delete 
    from
        DataPoint 
    where
        id=?
14:11:26,834 DEBUG SQL:104 - 
    delete 
    from
        DataPoint 
    where
        id=?
14:11:26,834 DEBUG SQL:104 - 
    delete 
    from
        DataPoint 
    where
        id=?
14:11:26,834 DEBUG SQL:104 - 
    delete 
    from
        DataPoint 
    where
        id=?
14:11:26,834 DEBUG SQL:104 - 
    delete 
    from
        DataPoint 
    where
        id=?
14:11:26,844 DEBUG SQL:104 - 
    delete 
    from
        DataPoint 
    where
        id=?
14:11:26,844 DEBUG SQL:104 - 
    delete 
    from
        DataPoint 
    where
        id=?
14:11:26,844 DEBUG SQL:104 - 
    delete 
    from
        DataPoint 
    where
        id=?
14:11:26,844 DEBUG SQL:104 - 
    delete 
    from
        DataPoint 
    where
        id=?
14:11:26,844 DEBUG SQL:104 - 
    delete 
    from
        DataPoint 
    where
        id=?
14:11:26,844 DEBUG SQL:104 - 
    delete 
    from
        DataPoint 
    where
        id=?
14:11:26,845 DEBUG SQL:104 - 
    delete 
    from
        DataPoint 
    where
        id=?
14:11:26,845 DEBUG SQL:104 - 
    delete 
    from
        DataPoint 
    where
        id=?
14:11:26,865 DEBUG SQL:104 - 
    delete 
    from
        DataPoint 
    where
        id=?
14:11:26,866 DEBUG SQL:104 - 
    delete 
    from
        DataPoint 
    where
        id=?
14:11:26,866 DEBUG SQL:104 - 
    delete 
    from
        DataPoint 
    where
        id=?
14:11:26,866 DEBUG SQL:104 - 
    delete 
    from
        DataPoint 
    where
        id=?
14:11:26,866 DEBUG SQL:104 - 
    delete 
    from
        DataPoint 
    where
        id=?
14:11:26,876 DEBUG SQL:104 - 
    delete 
    from
        DataPoint 
    where
        id=?
14:11:26,878 DEBUG SQL:104 - 
    delete 
    from
        DataPoint 
    where
        id=?
14:11:26,878 DEBUG SQL:104 - 
    delete 
    from
        DataPoint 
    where
        id=?
14:11:26,878 DEBUG SQL:104 - 
    delete 
    from
        DataPoint 
    where
        id=?
14:11:26,878 DEBUG SQL:104 - 
    delete 
    from
        DataPoint 
    where
        id=?
14:11:26,886 DEBUG SQL:104 - 
    delete 
    from
        DataPoint 
    where
        id=?
14:11:26,886 DEBUG SQL:104 - 
    delete 
    from
        DataPoint 
    where
        id=?
14:11:26,886 DEBUG SQL:104 - 
    delete 
    from
        DataPoint 
    where
        id=?
14:11:26,886 DEBUG SQL:104 - 
    delete 
    from
        DataPoint 
    where
        id=?
14:11:26,886 DEBUG SQL:104 - 
    delete 
    from
        DataPoint 
    where
        id=?
14:11:26,897 DEBUG SQL:104 - 
    delete 
    from
        DataPoint 
    where
        id=?
14:11:26,897 DEBUG SQL:104 - 
    delete 
    from
        DataPoint 
    where
        id=?
14:11:26,897 DEBUG SQL:104 - 
    delete 
    from
        DataPoint 
    where
        id=?
14:11:26,897 DEBUG SQL:104 - 
    delete 
    from
        DataPoint 
    where
        id=?
14:11:26,897 DEBUG SQL:104 - 
    delete 
    from
        DataPoint 
    where
        id=?
14:11:26,908 DEBUG SQL:104 - 
    delete 
    from
        DataPoint 
    where
        id=?
14:11:26,908 DEBUG SQL:104 - 
    delete 
    from
        DataPoint 
    where
        id=?
14:11:26,908 DEBUG SQL:104 - 
    delete 
    from
        DataPoint 
    where
        id=?
14:11:26,908 DEBUG SQL:104 - 
    delete 
    from
        DataPoint 
    where
        id=?
14:11:26,908 DEBUG SQL:104 - 
    delete 
    from
        DataPoint 
    where
        id=?
14:11:26,917 DEBUG SQL:104 - 
    delete 
    from
        DataPoint 
    where
        id=?
14:11:26,919 DEBUG SQL:104 - 
    delete 
    from
        DataPoint 
    where
        id=?
14:11:26,919 DEBUG SQL:104 - 
    delete 
    from
        DataPoint 
    where
        id=?
14:11:26,920 DEBUG SQL:104 - 
    delete 
    from
        DataPoint 
    where
        id=?
14:11:26,920 DEBUG SQL:104 - 
    delete 
    from
        DataPoint 
    where
        id=?
14:11:26,920 DEBUG SQL:104 - 
    delete 
    from
        DataPoint 
    where
        id=?
14:11:26,920 DEBUG SQL:104 - 
    delete 
    from
        DataPoint 
    where
        id=?
14:11:26,920 DEBUG SQL:104 - 
    delete 
    from
        DataPoint 
    where
        id=?
14:11:26,920 DEBUG SQL:104 - 
    delete 
    from
        DataPoint 
    where
        id=?
14:11:26,920 DEBUG SQL:104 - 
    delete 
    from
        DataPoint 
    where
        id=?
14:11:26,936 DEBUG SQL:104 - 
    delete 
    from
        DataPoint 
    where
        id=?
14:11:26,936 DEBUG SQL:104 - 
    delete 
    from
        DataPoint 
    where
        id=?
14:11:26,936 DEBUG SQL:104 - 
    delete 
    from
        DataPoint 
    where
        id=?
14:11:26,936 DEBUG SQL:104 - 
    delete 
    from
        DataPoint 
    where
        id=?
14:11:26,936 DEBUG SQL:104 - 
    delete 
    from
        DataPoint 
    where
        id=?
14:11:26,945 DEBUG SQL:104 - 
    delete 
    from
        DataPoint 
    where
        id=?
14:11:26,946 DEBUG SQL:104 - 
    delete 
    from
        DataPoint 
    where
        id=?
14:11:26,946 DEBUG SQL:104 - 
    delete 
    from
        DataPoint 
    where
        id=?
14:11:26,946 DEBUG SQL:104 - 
    delete 
    from
        DataPoint 
    where
        id=?
14:11:26,946 DEBUG SQL:104 - 
    delete 
    from
        DataPoint 
    where
        id=?
14:11:26,946 DEBUG SQL:104 - 
    delete 
    from
        DataPoint 
    where
        id=?
14:11:26,948 DEBUG SQL:104 - 
    delete 
    from
        DataPoint 
    where
        id=?
14:11:26,948 DEBUG SQL:104 - 
    delete 
    from
        DataPoint 
    where
        id=?
14:11:26,970 DEBUG SQL:104 - 
    delete 
    from
        DataPoint 
    where
        id=?
14:11:26,970 DEBUG SQL:104 - 
    delete 
    from
        DataPoint 
    where
        id=?
14:11:26,971 DEBUG SQL:104 - 
    delete 
    from
        DataPoint 
    where
        id=?
14:11:26,971 DEBUG SQL:104 - 
    delete 
    from
        DataPoint 
    where
        id=?
14:11:26,971 DEBUG SQL:104 - 
    delete 
    from
        DataPoint 
    where
        id=?
14:11:26,980 DEBUG SQL:104 - 
    delete 
    from
        DataPoint 
    where
        id=?
14:11:26,980 DEBUG SQL:104 - 
    delete 
    from
        DataPoint 
    where
        id=?
14:11:26,980 DEBUG SQL:104 - 
    delete 
    from
        DataPoint 
    where
        id=?
14:11:26,981 DEBUG SQL:104 - 
    delete 
    from
        DataPoint 
    where
        id=?
14:11:26,981 DEBUG SQL:104 - 
    delete 
    from
        DataPoint 
    where
        id=?
14:11:26,989 DEBUG SQL:104 - 
    delete 
    from
        DataPoint 
    where
        id=?
14:11:26,989 DEBUG SQL:104 - 
    delete 
    from
        DataPoint 
    where
        id=?
14:11:26,990 DEBUG SQL:104 - 
    delete 
    from
        DataPoint 
    where
        id=?
14:11:26,990 DEBUG SQL:104 - 
    delete 
    from
        DataPoint 
    where
        id=?
14:11:26,990 DEBUG SQL:104 - 
    delete 
    from
        DataPoint 
    where
        id=?
14:11:27,000 DEBUG SQL:104 - 
    delete 
    from
        DataPoint 
    where
        id=?
14:11:27,001 DEBUG SQL:104 - 
    delete 
    from
        DataPoint 
    where
        id=?
14:11:27,001 DEBUG SQL:104 - 
    delete 
    from
        DataPoint 
    where
        id=?
14:11:27,003 DEBUG SQL:104 - 
    delete 
    from
        DataPoint 
    where
        id=?
14:11:27,003 DEBUG SQL:104 - 
    delete 
    from
        DataPoint 
    where
        id=?
14:11:27,003 DEBUG SQL:104 - 
    delete 
    from
        DataPoint 
    where
        id=?
14:11:27,011 DEBUG SQL:104 - 
    delete 
    from
        DataPoint 
    where
        id=?
14:11:27,011 DEBUG SQL:104 - 
    delete 
    from
        DataPoint 
    where
        id=?
14:11:27,012 DEBUG SQL:104 - 
    delete 
    from
        DataPoint 
    where
        id=?
14:11:27,012 DEBUG SQL:104 - 
    delete 
    from
        DataPoint 
    where
        id=?
14:11:27,012 DEBUG SQL:104 - 
    delete 
    from
        DataPoint 
    where
        id=?
14:11:27,022 DEBUG SQL:104 - 
    delete 
    from
        DataPoint 
    where
        id=?
14:11:27,022 DEBUG SQL:104 - 
    delete 
    from
        DataPoint 
    where
        id=?
14:11:27,022 DEBUG SQL:104 - 
    delete 
    from
        DataPoint 
    where
        id=?
14:11:27,022 DEBUG SQL:104 - 
    delete 
    from
        DataPoint 
    where
        id=?
14:11:27,022 DEBUG SQL:104 - 
    delete 
    from
        DataPoint 
    where
        id=?
14:11:27,032 DEBUG SQL:104 - 
    delete 
    from
        DataPoint 
    where
        id=?
14:11:27,032 DEBUG SQL:104 - 
    delete 
    from
        DataPoint 
    where
        id=?
14:11:27,032 DEBUG SQL:104 - 
    delete 
    from
        DataPoint 
    where
        id=?
14:11:27,032 DEBUG SQL:104 - 
    delete 
    from
        DataPoint 
    where
        id=?
14:11:27,032 DEBUG SQL:104 - 
    delete 
    from
        DataPoint 
    where
        id=?
14:11:27,041 DEBUG SQL:104 - 
    delete 
    from
        DataPoint 
    where
        id=?
14:11:27,042 DEBUG SQL:104 - 
    delete 
    from
        DataPoint 
    where
        id=?
14:11:27,044 DEBUG SQL:104 - 
    delete 
    from
        DataPoint 
    where
        id=?
14:11:27,044 DEBUG SQL:104 - 
    delete 
    from
        DataPoint 
    where
        id=?
14:11:27,044 DEBUG SQL:104 - 
    delete 
    from
        DataPoint 
    where
        id=?
14:11:27,052 DEBUG SQL:104 - 
    delete 
    from
        DataPoint 
    where
        id=?
14:11:27,053 DEBUG SQL:104 - 
    delete 
    from
        DataPoint 
    where
        id=?
14:11:27,053 DEBUG SQL:104 - 
    delete 
    from
        DataPoint 
    where
        id=?
14:11:27,053 DEBUG SQL:104 - 
    delete 
    from
        DataPoint 
    where
        id=?
14:11:27,053 DEBUG SQL:104 - 
    delete 
    from
        DataPoint 
    where
        id=?
14:11:27,053 DEBUG SQL:104 - 
    delete 
    from
        DataPoint 
    where
        id=?
14:11:27,053 DEBUG SQL:104 - 
    delete 
    from
        DataPoint 
    where
        id=?
14:11:27,053 DEBUG SQL:104 - 
    delete 
    from
        DataPoint 
    where
        id=?
14:11:27,053 DEBUG SQL:104 - 
    delete 
    from
        DataPoint 
    where
        id=?
14:11:27,053 DEBUG SQL:104 - 
    delete 
    from
        DataPoint 
    where
        id=?
14:11:27,065 DEBUG SQL:104 - 
    delete 
    from
        DataPoint 
    where
        id=?
14:11:27,065 DEBUG SQL:104 - 
    delete 
    from
        DataPoint 
    where
        id=?
14:11:27,065 DEBUG SQL:104 - 
    delete 
    from
        DataPoint 
    where
        id=?
14:11:27,065 DEBUG SQL:104 - 
    delete 
    from
        DataPoint 
    where
        id=?
14:11:27,065 DEBUG SQL:104 - 
    delete 
    from
        DataPoint 
    where
        id=?
14:11:27,075 DEBUG SQL:104 - 
    delete 
    from
        DataPoint 
    where
        id=?
14:11:27,076 DEBUG SQL:104 - 
    delete 
    from
        DataPoint 
    where
        id=?
14:11:27,078 DEBUG SQL:104 - 
    delete 
    from
        DataPoint 
    where
        id=?
14:11:27,078 DEBUG SQL:104 - 
    delete 
    from
        DataPoint 
    where
        id=?
14:11:27,078 DEBUG SQL:104 - 
    delete 
    from
        DataPoint 
    where
        id=?
14:11:27,078 DEBUG SQL:104 - 
    delete 
    from
        DataPoint 
    where
        id=?
14:11:27,078 DEBUG SQL:104 - 
    delete 
    from
        DataPoint 
    where
        id=?
14:11:27,078 DEBUG SQL:104 - 
    delete 
    from
        DataPoint 
    where
        id=?
14:11:27,098 DEBUG SQL:104 - 
    delete 
    from
        DataPoint 
    where
        id=?
14:11:27,098 DEBUG SQL:104 - 
    delete 
    from
        DataPoint 
    where
        id=?
14:11:27,098 DEBUG SQL:104 - 
    delete 
    from
        DataPoint 
    where
        id=?
14:11:27,098 DEBUG SQL:104 - 
    delete 
    from
        DataPoint 
    where
        id=?
14:11:27,098 DEBUG SQL:104 - 
    delete 
    from
        DataPoint 
    where
        id=?
14:11:27,107 DEBUG SQL:104 - 
    delete 
    from
        DataPoint 
    where
        id=?
14:11:27,107 DEBUG SQL:104 - 
    delete 
    from
        DataPoint 
    where
        id=?
14:11:27,107 DEBUG SQL:104 - 
    delete 
    from
        DataPoint 
    where
        id=?
14:11:27,108 DEBUG SQL:104 - 
    delete 
    from
        DataPoint 
    where
        id=?
14:11:27,108 DEBUG SQL:104 - 
    delete 
    from
        DataPoint 
    where
        id=?
14:11:27,118 DEBUG SQL:104 - 
    delete 
    from
        DataPoint 
    where
        id=?
14:11:27,119 DEBUG SQL:104 - 
    delete 
    from
        DataPoint 
    where
        id=?
14:11:27,119 DEBUG SQL:104 - 
    delete 
    from
        DataPoint 
    where
        id=?
14:11:27,119 DEBUG SQL:104 - 
    delete 
    from
        DataPoint 
    where
        id=?
14:11:27,126 DEBUG SQL:104 - 
    delete 
    from
        DataPoint 
    where
        id=?
14:11:27,128 DEBUG SQL:104 - 
    delete 
    from
        DataPoint 
    where
        id=?
14:11:27,128 DEBUG SQL:104 - 
    delete 
    from
        DataPoint 
    where
        id=?
14:11:27,129 DEBUG SQL:104 - 
    delete 
    from
        DataPoint 
    where
        id=?
14:11:27,129 DEBUG SQL:104 - 
    delete 
    from
        DataPoint 
    where
        id=?
14:11:27,129 DEBUG SQL:104 - 
    delete 
    from
        DataPoint 
    where
        id=?
14:11:27,143 DEBUG SQL:104 - 
    delete 
    from
        DataPoint 
    where
        id=?
14:11:27,143 DEBUG SQL:104 - 
    delete 
    from
        DataPoint 
    where
        id=?
14:11:27,143 DEBUG SQL:104 - 
    delete 
    from
        DataPoint 
    where
        id=?
14:11:27,144 DEBUG SQL:104 - 
    delete 
    from
        DataPoint 
    where
        id=?
14:11:27,144 DEBUG SQL:104 - 
    delete 
    from
        DataPoint 
    where
        id=?
14:11:27,144 DEBUG SQL:104 - 
    delete 
    from
        DataPoint 
    where
        id=?
14:11:27,154 DEBUG SQL:104 - 
    delete 
    from
        DataPoint 
    where
        id=?
14:11:27,154 DEBUG SQL:104 - 
    delete 
    from
        DataPoint 
    where
        id=?
14:11:27,154 DEBUG SQL:104 - 
    delete 
    from
        DataPoint 
    where
        id=?
14:11:27,155 DEBUG SQL:104 - 
    delete 
    from
        DataPoint 
    where
        id=?
14:11:27,155 DEBUG SQL:104 - 
    delete 
    from
        DataPoint 
    where
        id=?
14:11:27,165 DEBUG SQL:104 - 
    delete 
    from
        DataPoint 
    where
        id=?
14:11:27,165 DEBUG SQL:104 - 
    delete 
    from
        DataPoint 
    where
        id=?
14:11:27,166 DEBUG SQL:104 - 
    delete 
    from
        DataPoint 
    where
        id=?
14:11:27,167 DEBUG SQL:104 - 
    delete 
    from
        DataPoint 
    where
        id=?
14:11:27,168 DEBUG SQL:104 - 
    delete 
    from
        DataPoint 
    where
        id=?
14:11:27,179 DEBUG SQL:104 - 
    delete 
    from
        DataPoint 
    where
        id=?
14:11:27,179 DEBUG SQL:104 - 
    delete 
    from
        DataPoint 
    where
        id=?
14:11:27,179 DEBUG SQL:104 - 
    delete 
    from
        DataPoint 
    where
        id=?
14:11:27,179 DEBUG SQL:104 - 
    delete 
    from
        DataPoint 
    where
        id=?
14:11:27,179 DEBUG SQL:104 - 
    delete 
    from
        DataPoint 
    where
        id=?
14:11:27,179 DEBUG SQL:104 - 
    delete 
    from
        DataPoint 
    where
        id=?
14:11:27,180 DEBUG SQL:104 - 
    delete 
    from
        DataPoint 
    where
        id=?
14:11:27,180 DEBUG SQL:104 - 
    delete 
    from
        DataPoint 
    where
        id=?
14:11:27,180 DEBUG SQL:104 - 
    delete 
    from
        DataPoint 
    where
        id=?
14:11:27,180 DEBUG SQL:104 - 
    delete 
    from
        DataPoint 
    where
        id=?
14:11:27,193 DEBUG SQL:104 - 
    delete 
    from
        DataPoint 
    where
        id=?
14:11:27,193 DEBUG SQL:104 - 
    delete 
    from
        DataPoint 
    where
        id=?
14:11:27,193 DEBUG SQL:104 - 
    delete 
    from
        DataPoint 
    where
        id=?
14:11:27,193 DEBUG SQL:104 - 
    delete 
    from
        DataPoint 
    where
        id=?
14:11:27,193 DEBUG SQL:104 - 
    delete 
    from
        DataPoint 
    where
        id=?
14:11:27,204 DEBUG SQL:104 - 
    delete 
    from
        DataPoint 
    where
        id=?
14:11:27,204 DEBUG SQL:104 - 
    delete 
    from
        DataPoint 
    where
        id=?
14:11:27,204 DEBUG SQL:104 - 
    delete 
    from
        DataPoint 
    where
        id=?
14:11:27,206 DEBUG SQL:104 - 
    delete 
    from
        DataPoint 
    where
        id=?
14:11:27,206 DEBUG SQL:104 - 
    delete 
    from
        DataPoint 
    where
        id=?
14:11:27,207 DEBUG SQL:104 - 
    delete 
    from
        DataPoint 
    where
        id=?
14:11:27,207 DEBUG SQL:104 - 
    delete 
    from
        DataPoint 
    where
        id=?
14:11:27,207 DEBUG SQL:104 - 
    delete 
    from
        DataPoint 
    where
        id=?
14:11:27,234 DEBUG SQL:104 - 
    delete 
    from
        DataPoint 
    where
        id=?
14:11:27,234 DEBUG SQL:104 - 
    delete 
    from
        DataPoint 
    where
        id=?
14:11:27,235 DEBUG SQL:104 - 
    delete 
    from
        DataPoint 
    where
        id=?
14:11:27,235 DEBUG SQL:104 - 
    delete 
    from
        DataPoint 
    where
        id=?
14:11:27,235 DEBUG SQL:104 - 
    delete 
    from
        DataPoint 
    where
        id=?
14:11:27,244 DEBUG SQL:104 - 
    delete 
    from
        DataPoint 
    where
        id=?
14:11:27,244 DEBUG SQL:104 - 
    delete 
    from
        DataPoint 
    where
        id=?
14:11:27,245 DEBUG SQL:104 - 
    delete 
    from
        DataPoint 
    where
        id=?
14:11:27,245 DEBUG SQL:104 - 
    delete 
    from
        DataPoint 
    where
        id=?
14:11:27,245 DEBUG SQL:104 - 
    delete 
    from
        DataPoint 
    where
        id=?
14:11:27,254 DEBUG SQL:104 - 
    delete 
    from
        DataPoint 
    where
        id=?
14:11:27,254 DEBUG SQL:104 - 
    delete 
    from
        DataPoint 
    where
        id=?
14:11:27,254 DEBUG SQL:104 - 
    delete 
    from
        DataPoint 
    where
        id=?
14:11:27,254 DEBUG SQL:104 - 
    delete 
    from
        DataPoint 
    where
        id=?
14:11:27,254 DEBUG SQL:104 - 
    delete 
    from
        DataPoint 
    where
        id=?
14:11:27,267 DEBUG SQL:104 - 
    delete 
    from
        DataPoint 
    where
        id=?
14:11:27,267 DEBUG SQL:104 - 
    delete 
    from
        DataPoint 
    where
        id=?
14:11:27,267 DEBUG SQL:104 - 
    delete 
    from
        DataPoint 
    where
        id=?
14:11:27,267 DEBUG SQL:104 - 
    delete 
    from
        DataPoint 
    where
        id=?
14:11:27,268 DEBUG SQL:104 - 
    delete 
    from
        DataPoint 
    where
        id=?
14:11:27,274 DEBUG SQL:104 - 
    delete 
    from
        DataPoint 
    where
        id=?
14:11:27,275 DEBUG SQL:104 - 
    delete 
    from
        DataPoint 
    where
        id=?
14:11:27,275 DEBUG SQL:104 - 
    delete 
    from
        DataPoint 
    where
        id=?
14:11:27,275 DEBUG SQL:104 - 
    delete 
    from
        DataPoint 
    where
        id=?
14:11:27,275 DEBUG SQL:104 - 
    delete 
    from
        DataPoint 
    where
        id=?
14:11:27,283 DEBUG SQL:104 - 
    delete 
    from
        DataPoint 
    where
        id=?
14:11:27,284 DEBUG SQL:104 - 
    delete 
    from
        DataPoint 
    where
        id=?
14:11:27,284 DEBUG SQL:104 - 
    delete 
    from
        DataPoint 
    where
        id=?
14:11:27,284 DEBUG SQL:104 - 
    delete 
    from
        DataPoint 
    where
        id=?
14:11:27,284 DEBUG SQL:104 - 
    delete 
    from
        DataPoint 
    where
        id=?
14:11:27,293 DEBUG SQL:104 - 
    delete 
    from
        DataPoint 
    where
        id=?
14:11:27,293 DEBUG SQL:104 - 
    delete 
    from
        DataPoint 
    where
        id=?
14:11:27,293 DEBUG SQL:104 - 
    delete 
    from
        DataPoint 
    where
        id=?
14:11:27,293 DEBUG SQL:104 - 
    delete 
    from
        DataPoint 
    where
        id=?
14:11:27,293 DEBUG SQL:104 - 
    delete 
    from
        DataPoint 
    where
        id=?
14:11:27,305 DEBUG SQL:104 - 
    delete 
    from
        DataPoint 
    where
        id=?
14:11:27,305 DEBUG SQL:104 - 
    delete 
    from
        DataPoint 
    where
        id=?
14:11:27,305 DEBUG SQL:104 - 
    delete 
    from
        DataPoint 
    where
        id=?
14:11:27,305 DEBUG SQL:104 - 
    delete 
    from
        DataPoint 
    where
        id=?
14:11:27,306 DEBUG SQL:104 - 
    delete 
    from
        DataPoint 
    where
        id=?
14:11:27,306 DEBUG SQL:104 - 
    delete 
    from
        DataPoint 
    where
        id=?
14:11:27,306 DEBUG SQL:104 - 
    delete 
    from
        DataPoint 
    where
        id=?
14:11:27,306 DEBUG SQL:104 - 
    delete 
    from
        DataPoint 
    where
        id=?
14:11:27,306 DEBUG SQL:104 - 
    delete 
    from
        DataPoint 
    where
        id=?
14:11:27,306 DEBUG SQL:104 - 
    delete 
    from
        DataPoint 
    where
        id=?
14:11:27,306 DEBUG SQL:104 - 
    delete 
    from
        DataPoint 
    where
        id=?
14:11:27,306 DEBUG SQL:104 - 
    delete 
    from
        DataPoint 
    where
        id=?
14:11:27,306 DEBUG SQL:104 - 
    delete 
    from
        DataPoint 
    where
        id=?
14:11:27,314 DEBUG SQL:104 - 
    delete 
    from
        DataPoint 
    where
        id=?
14:11:27,314 DEBUG SQL:104 - 
    delete 
    from
        DataPoint 
    where
        id=?
14:11:27,314 DEBUG SQL:104 - 
    delete 
    from
        DataPoint 
    where
        id=?
14:11:27,314 DEBUG SQL:104 - 
    delete 
    from
        DataPoint 
    where
        id=?
14:11:27,314 DEBUG SQL:104 - 
    delete 
    from
        DataPoint 
    where
        id=?
14:11:27,326 DEBUG SQL:104 - 
    delete 
    from
        DataPoint 
    where
        id=?
14:11:27,326 DEBUG SQL:104 - 
    delete 
    from
        DataPoint 
    where
        id=?
14:11:27,328 DEBUG SQL:104 - 
    delete 
    from
        DataPoint 
    where
        id=?
14:11:27,329 DEBUG SQL:104 - 
    delete 
    from
        DataPoint 
    where
        id=?
14:11:27,329 DEBUG SQL:104 - 
    delete 
    from
        DataPoint 
    where
        id=?
14:11:27,335 DEBUG SQL:104 - 
    delete 
    from
        DataPoint 
    where
        id=?
14:11:27,335 DEBUG SQL:104 - 
    delete 
    from
        DataPoint 
    where
        id=?
14:11:27,335 DEBUG SQL:104 - 
    delete 
    from
        DataPoint 
    where
        id=?
14:11:27,344 DEBUG SQL:104 - 
    delete 
    from
        DataPoint 
    where
        id=?
14:11:27,344 DEBUG SQL:104 - 
    delete 
    from
        DataPoint 
    where
        id=?
14:11:27,344 DEBUG SQL:104 - 
    delete 
    from
        DataPoint 
    where
        id=?
14:11:27,344 DEBUG SQL:104 - 
    delete 
    from
        DataPoint 
    where
        id=?
14:11:27,345 DEBUG SQL:104 - 
    delete 
    from
        DataPoint 
    where
        id=?
14:11:27,353 DEBUG SQL:104 - 
    delete 
    from
        DataPoint 
    where
        id=?
14:11:27,354 DEBUG SQL:104 - 
    delete 
    from
        DataPoint 
    where
        id=?
14:11:27,354 DEBUG SQL:104 - 
    delete 
    from
        DataPoint 
    where
        id=?
14:11:27,354 DEBUG SQL:104 - 
    delete 
    from
        DataPoint 
    where
        id=?
14:11:27,354 DEBUG SQL:104 - 
    delete 
    from
        DataPoint 
    where
        id=?
14:11:27,363 DEBUG SQL:104 - 
    delete 
    from
        DataPoint 
    where
        id=?
14:11:27,363 DEBUG SQL:104 - 
    delete 
    from
        DataPoint 
    where
        id=?
14:11:27,363 DEBUG SQL:104 - 
    delete 
    from
        DataPoint 
    where
        id=?
14:11:27,363 DEBUG SQL:104 - 
    delete 
    from
        DataPoint 
    where
        id=?
14:11:27,365 DEBUG SQL:104 - 
    delete 
    from
        DataPoint 
    where
        id=?
14:11:27,373 DEBUG SQL:104 - 
    delete 
    from
        DataPoint 
    where
        id=?
14:11:27,373 DEBUG SQL:104 - 
    delete 
    from
        DataPoint 
    where
        id=?
14:11:27,373 DEBUG SQL:104 - 
    delete 
    from
        DataPoint 
    where
        id=?
14:11:27,373 DEBUG SQL:104 - 
    delete 
    from
        DataPoint 
    where
        id=?
14:11:27,373 DEBUG SQL:104 - 
    delete 
    from
        DataPoint 
    where
        id=?
14:11:27,382 DEBUG SQL:104 - 
    delete 
    from
        DataPoint 
    where
        id=?
14:11:27,382 DEBUG SQL:104 - 
    delete 
    from
        DataPoint 
    where
        id=?
14:11:27,382 DEBUG SQL:104 - 
    delete 
    from
        DataPoint 
    where
        id=?
14:11:27,382 DEBUG SQL:104 - 
    delete 
    from
        DataPoint 
    where
        id=?
14:11:27,382 DEBUG SQL:104 - 
    delete 
    from
        DataPoint 
    where
        id=?
14:11:27,391 DEBUG SQL:104 - 
    delete 
    from
        DataPoint 
    where
        id=?
14:11:27,391 DEBUG SQL:104 - 
    delete 
    from
        DataPoint 
    where
        id=?
14:11:27,391 DEBUG SQL:104 - 
    delete 
    from
        DataPoint 
    where
        id=?
14:11:27,391 DEBUG SQL:104 - 
    delete 
    from
        DataPoint 
    where
        id=?
14:11:27,391 DEBUG SQL:104 - 
    delete 
    from
        DataPoint 
    where
        id=?
14:11:27,400 DEBUG SQL:104 - 
    delete 
    from
        DataPoint 
    where
        id=?
14:11:27,400 DEBUG SQL:104 - 
    delete 
    from
        DataPoint 
    where
        id=?
14:11:27,401 DEBUG SQL:104 - 
    delete 
    from
        DataPoint 
    where
        id=?
14:11:27,401 DEBUG SQL:104 - 
    delete 
    from
        DataPoint 
    where
        id=?
14:11:27,402 DEBUG SQL:104 - 
    delete 
    from
        DataPoint 
    where
        id=?
14:11:27,410 DEBUG SQL:104 - 
    delete 
    from
        DataPoint 
    where
        id=?
14:11:27,410 DEBUG SQL:104 - 
    delete 
    from
        DataPoint 
    where
        id=?
14:11:27,410 DEBUG SQL:104 - 
    delete 
    from
        DataPoint 
    where
        id=?
14:11:27,410 DEBUG SQL:104 - 
    delete 
    from
        DataPoint 
    where
        id=?
14:11:27,410 DEBUG SQL:104 - 
    delete 
    from
        DataPoint 
    where
        id=?
14:11:27,411 DEBUG SQL:104 - 
    delete 
    from
        DataPoint 
    where
        id=?
14:11:27,420 DEBUG SQL:104 - 
    delete 
    from
        DataPoint 
    where
        id=?
14:11:27,420 DEBUG SQL:104 - 
    delete 
    from
        DataPoint 
    where
        id=?
14:11:27,420 DEBUG SQL:104 - 
    delete 
    from
        DataPoint 
    where
        id=?
14:11:27,420 DEBUG SQL:104 - 
    delete 
    from
        DataPoint 
    where
        id=?
14:11:27,420 DEBUG SQL:104 - 
    delete 
    from
        DataPoint 
    where
        id=?
14:11:27,420 DEBUG SQL:104 - 
    delete 
    from
        DataPoint 
    where
        id=?
14:11:27,420 DEBUG SQL:104 - 
    delete 
    from
        DataPoint 
    where
        id=?
14:11:27,421 DEBUG SQL:104 - 
    delete 
    from
        DataPoint 
    where
        id=?
14:11:27,421 DEBUG SQL:104 - 
    delete 
    from
        DataPoint 
    where
        id=?
14:11:27,421 DEBUG SQL:104 - 
    delete 
    from
        DataPoint 
    where
        id=?
14:11:27,431 DEBUG SQL:104 - 
    delete 
    from
        DataPoint 
    where
        id=?
14:11:27,431 DEBUG SQL:104 - 
    delete 
    from
        DataPoint 
    where
        id=?
14:11:27,431 DEBUG SQL:104 - 
    delete 
    from
        DataPoint 
    where
        id=?
14:11:27,433 DEBUG SQL:104 - 
    delete 
    from
        DataPoint 
    where
        id=?
14:11:27,433 DEBUG SQL:104 - 
    delete 
    from
        DataPoint 
    where
        id=?
14:11:27,443 DEBUG SQL:104 - 
    delete 
    from
        DataPoint 
    where
        id=?
14:11:27,443 DEBUG SQL:104 - 
    delete 
    from
        DataPoint 
    where
        id=?
14:11:27,443 DEBUG SQL:104 - 
    delete 
    from
        DataPoint 
    where
        id=?
14:11:27,443 DEBUG SQL:104 - 
    delete 
    from
        DataPoint 
    where
        id=?
14:11:27,443 DEBUG SQL:104 - 
    delete 
    from
        DataPoint 
    where
        id=?
14:11:27,451 DEBUG SQL:104 - 
    delete 
    from
        DataPoint 
    where
        id=?
14:11:27,451 DEBUG SQL:104 - 
    delete 
    from
        DataPoint 
    where
        id=?
14:11:27,452 DEBUG SQL:104 - 
    delete 
    from
        DataPoint 
    where
        id=?
14:11:27,461 DEBUG SQL:104 - 
    delete 
    from
        DataPoint 
    where
        id=?
14:11:27,461 DEBUG SQL:104 - 
    delete 
    from
        DataPoint 
    where
        id=?
14:11:27,461 DEBUG SQL:104 - 
    delete 
    from
        DataPoint 
    where
        id=?
14:11:27,461 DEBUG SQL:104 - 
    delete 
    from
        DataPoint 
    where
        id=?
14:11:27,462 DEBUG SQL:104 - 
    delete 
    from
        DataPoint 
    where
        id=?
14:11:27,470 DEBUG SQL:104 - 
    delete 
    from
        DataPoint 
    where
        id=?
14:11:27,471 DEBUG SQL:104 - 
    delete 
    from
        DataPoint 
    where
        id=?
14:11:27,471 DEBUG SQL:104 - 
    delete 
    from
        DataPoint 
    where
        id=?
14:11:27,471 DEBUG SQL:104 - 
    delete 
    from
        DataPoint 
    where
        id=?
14:11:27,471 DEBUG SQL:104 - 
    delete 
    from
        DataPoint 
    where
        id=?
14:11:27,482 DEBUG SQL:104 - 
    delete 
    from
        DataPoint 
    where
        id=?
14:11:27,482 DEBUG SQL:104 - 
    delete 
    from
        DataPoint 
    where
        id=?
14:11:27,482 DEBUG SQL:104 - 
    delete 
    from
        DataPoint 
    where
        id=?
14:11:27,482 DEBUG SQL:104 - 
    delete 
    from
        DataPoint 
    where
        id=?
14:11:27,482 DEBUG SQL:104 - 
    delete 
    from
        DataPoint 
    where
        id=?
14:11:27,489 DEBUG SQL:104 - 
    delete 
    from
        DataPoint 
    where
        id=?
14:11:27,489 DEBUG SQL:104 - 
    delete 
    from
        DataPoint 
    where
        id=?
14:11:27,490 DEBUG SQL:104 - 
    delete 
    from
        DataPoint 
    where
        id=?
14:11:27,490 DEBUG SQL:104 - 
    delete 
    from
        DataPoint 
    where
        id=?
14:11:27,490 DEBUG SQL:104 - 
    delete 
    from
        DataPoint 
    where
        id=?
14:11:27,498 DEBUG SQL:104 - 
    delete 
    from
        DataPoint 
    where
        id=?
14:11:27,499 DEBUG SQL:104 - 
    delete 
    from
        DataPoint 
    where
        id=?
14:11:27,499 DEBUG SQL:104 - 
    delete 
    from
        DataPoint 
    where
        id=?
14:11:27,499 DEBUG SQL:104 - 
    delete 
    from
        DataPoint 
    where
        id=?
14:11:27,499 DEBUG SQL:104 - 
    delete 
    from
        DataPoint 
    where
        id=?
14:11:27,508 DEBUG SQL:104 - 
    delete 
    from
        DataPoint 
    where
        id=?
14:11:27,508 DEBUG SQL:104 - 
    delete 
    from
        DataPoint 
    where
        id=?
14:11:27,508 DEBUG SQL:104 - 
    delete 
    from
        DataPoint 
    where
        id=?
14:11:27,508 DEBUG SQL:104 - 
    delete 
    from
        DataPoint 
    where
        id=?
14:11:27,508 DEBUG SQL:104 - 
    delete 
    from
        DataPoint 
    where
        id=?
14:11:27,528 DEBUG SQL:104 - 
    delete 
    from
        DataPoint 
    where
        id=?
14:11:27,528 DEBUG SQL:104 - 
    delete 
    from
        DataPoint 
    where
        id=?
14:11:27,528 DEBUG SQL:104 - 
    delete 
    from
        DataPoint 
    where
        id=?
14:11:27,528 DEBUG SQL:104 - 
    delete 
    from
        DataPoint 
    where
        id=?
14:11:27,528 DEBUG SQL:104 - 
    delete 
    from
        DataPoint 
    where
        id=?
14:11:27,532 DEBUG SQL:104 - 
    delete 
    from
        DataPoint 
    where
        id=?
14:11:27,532 DEBUG SQL:104 - 
    delete 
    from
        DataPoint 
    where
        id=?
14:11:27,532 DEBUG SQL:104 - 
    delete 
    from
        DataPoint 
    where
        id=?
14:11:27,533 DEBUG SQL:104 - 
    delete 
    from
        DataPoint 
    where
        id=?
14:11:27,533 DEBUG SQL:104 - 
    delete 
    from
        DataPoint 
    where
        id=?
14:11:27,545 DEBUG SQL:104 - 
    delete 
    from
        DataPoint 
    where
        id=?
14:11:27,545 DEBUG SQL:104 - 
    delete 
    from
        DataPoint 
    where
        id=?
14:11:27,546 DEBUG SQL:104 - 
    delete 
    from
        DataPoint 
    where
        id=?
14:11:27,546 DEBUG SQL:104 - 
    delete 
    from
        DataPoint 
    where
        id=?
14:11:27,546 DEBUG SQL:104 - 
    delete 
    from
        DataPoint 
    where
        id=?
14:11:27,546 DEBUG SQL:104 - 
    delete 
    from
        DataPoint 
    where
        id=?
14:11:27,546 DEBUG SQL:104 - 
    delete 
    from
        DataPoint 
    where
        id=?
14:11:27,546 DEBUG SQL:104 - 
    delete 
    from
        DataPoint 
    where
        id=?
14:11:27,546 DEBUG SQL:104 - 
    delete 
    from
        DataPoint 
    where
        id=?
14:11:27,546 DEBUG SQL:104 - 
    delete 
    from
        DataPoint 
    where
        id=?
14:11:27,549 DEBUG SQL:104 - 
    delete 
    from
        DataPoint 
    where
        id=?
14:11:27,562 DEBUG SQL:104 - 
    delete 
    from
        DataPoint 
    where
        id=?
14:11:27,562 DEBUG SQL:104 - 
    delete 
    from
        DataPoint 
    where
        id=?
14:11:27,562 DEBUG SQL:104 - 
    delete 
    from
        DataPoint 
    where
        id=?
14:11:27,563 DEBUG SQL:104 - 
    delete 
    from
        DataPoint 
    where
        id=?
14:11:27,563 DEBUG SQL:104 - 
    delete 
    from
        DataPoint 
    where
        id=?
14:11:27,573 DEBUG SQL:104 - 
    delete 
    from
        DataPoint 
    where
        id=?
14:11:27,573 DEBUG SQL:104 - 
    delete 
    from
        DataPoint 
    where
        id=?
14:11:27,573 DEBUG SQL:104 - 
    delete 
    from
        DataPoint 
    where
        id=?
14:11:27,573 DEBUG SQL:104 - 
    delete 
    from
        DataPoint 
    where
        id=?
14:11:27,573 DEBUG SQL:104 - 
    delete 
    from
        DataPoint 
    where
        id=?
14:11:27,581 DEBUG SQL:104 - 
    delete 
    from
        DataPoint 
    where
        id=?
14:11:27,582 DEBUG SQL:104 - 
    delete 
    from
        DataPoint 
    where
        id=?
14:11:27,591 DEBUG SQL:104 - 
    delete 
    from
        DataPoint 
    where
        id=?
14:11:27,592 DEBUG SQL:104 - 
    delete 
    from
        DataPoint 
    where
        id=?
14:11:27,592 DEBUG SQL:104 - 
    delete 
    from
        DataPoint 
    where
        id=?
14:11:27,592 DEBUG SQL:104 - 
    delete 
    from
        DataPoint 
    where
        id=?
14:11:27,592 DEBUG SQL:104 - 
    delete 
    from
        DataPoint 
    where
        id=?
14:11:27,592 DEBUG SQL:104 - 
    delete 
    from
        DataPoint 
    where
        id=?
14:11:27,601 DEBUG SQL:104 - 
    delete 
    from
        DataPoint 
    where
        id=?
14:11:27,603 DEBUG SQL:104 - 
    delete 
    from
        DataPoint 
    where
        id=?
14:11:27,604 DEBUG SQL:104 - 
    delete 
    from
        DataPoint 
    where
        id=?
14:11:27,604 DEBUG SQL:104 - 
    delete 
    from
        DataPoint 
    where
        id=?
14:11:27,604 DEBUG SQL:104 - 
    delete 
    from
        DataPoint 
    where
        id=?
14:11:27,612 DEBUG SQL:104 - 
    delete 
    from
        DataPoint 
    where
        id=?
14:11:27,612 DEBUG SQL:104 - 
    delete 
    from
        DataPoint 
    where
        id=?
14:11:27,612 DEBUG SQL:104 - 
    delete 
    from
        DataPoint 
    where
        id=?
14:11:27,612 DEBUG SQL:104 - 
    delete 
    from
        DataPoint 
    where
        id=?
14:11:27,613 DEBUG SQL:104 - 
    delete 
    from
        DataPoint 
    where
        id=?
14:11:27,622 DEBUG SQL:104 - 
    delete 
    from
        DataPoint 
    where
        id=?
14:11:27,622 DEBUG SQL:104 - 
    delete 
    from
        DataPoint 
    where
        id=?
14:11:27,622 DEBUG SQL:104 - 
    delete 
    from
        DataPoint 
    where
        id=?
14:11:27,622 DEBUG SQL:104 - 
    delete 
    from
        DataPoint 
    where
        id=?
14:11:27,623 DEBUG SQL:104 - 
    delete 
    from
        DataPoint 
    where
        id=?
14:11:27,633 DEBUG SQL:104 - 
    delete 
    from
        DataPoint 
    where
        id=?
14:11:27,633 DEBUG SQL:104 - 
    delete 
    from
        DataPoint 
    where
        id=?
14:11:27,633 DEBUG SQL:104 - 
    delete 
    from
        DataPoint 
    where
        id=?
14:11:27,633 DEBUG SQL:104 - 
    delete 
    from
        DataPoint 
    where
        id=?
14:11:27,634 DEBUG SQL:104 - 
    delete 
    from
        DataPoint 
    where
        id=?
14:11:27,645 DEBUG SQL:104 - 
    delete 
    from
        DataPoint 
    where
        id=?
14:11:27,647 DEBUG SQL:104 - 
    delete 
    from
        DataPoint 
    where
        id=?
14:11:27,647 DEBUG SQL:104 - 
    delete 
    from
        DataPoint 
    where
        id=?
14:11:27,647 DEBUG SQL:104 - 
    delete 
    from
        DataPoint 
    where
        id=?
14:11:27,647 DEBUG SQL:104 - 
    delete 
    from
        DataPoint 
    where
        id=?
14:11:27,655 DEBUG SQL:104 - 
    delete 
    from
        DataPoint 
    where
        id=?
14:11:27,655 DEBUG SQL:104 - 
    delete 
    from
        DataPoint 
    where
        id=?
14:11:27,655 DEBUG SQL:104 - 
    delete 
    from
        DataPoint 
    where
        id=?
14:11:27,656 DEBUG SQL:104 - 
    delete 
    from
        DataPoint 
    where
        id=?
14:11:27,656 DEBUG SQL:104 - 
    delete 
    from
        DataPoint 
    where
        id=?
14:11:27,666 DEBUG SQL:104 - 
    delete 
    from
        DataPoint 
    where
        id=?
14:11:27,666 DEBUG SQL:104 - 
    delete 
    from
        DataPoint 
    where
        id=?
14:11:27,666 DEBUG SQL:104 - 
    delete 
    from
        DataPoint 
    where
        id=?
14:11:27,667 DEBUG SQL:104 - 
    delete 
    from
        DataPoint 
    where
        id=?
14:11:27,667 DEBUG SQL:104 - 
    delete 
    from
        DataPoint 
    where
        id=?
14:11:27,668 DEBUG SQL:104 - 
    delete 
    from
        DataPoint 
    where
        id=?
14:11:27,668 DEBUG SQL:104 - 
    delete 
    from
        DataPoint 
    where
        id=?
14:11:27,668 DEBUG SQL:104 - 
    delete 
    from
        DataPoint 
    where
        id=?
14:11:27,668 DEBUG SQL:104 - 
    delete 
    from
        DataPoint 
    where
        id=?
14:11:27,669 DEBUG SQL:104 - 
    delete 
    from
        DataPoint 
    where
        id=?
14:11:27,681 DEBUG SQL:104 - 
    delete 
    from
        DataPoint 
    where
        id=?
14:11:27,683 DEBUG SQL:104 - 
    delete 
    from
        DataPoint 
    where
        id=?
14:11:27,683 DEBUG SQL:104 - 
    delete 
    from
        DataPoint 
    where
        id=?
14:11:27,683 DEBUG SQL:104 - 
    delete 
    from
        DataPoint 
    where
        id=?
14:11:27,683 DEBUG SQL:104 - 
    delete 
    from
        DataPoint 
    where
        id=?
14:11:27,693 DEBUG SQL:104 - 
    delete 
    from
        DataPoint 
    where
        id=?
14:11:27,694 DEBUG SQL:104 - 
    delete 
    from
        DataPoint 
    where
        id=?
14:11:27,694 DEBUG SQL:104 - 
    delete 
    from
        DataPoint 
    where
        id=?
14:11:27,694 DEBUG SQL:104 - 
    delete 
    from
        DataPoint 
    where
        id=?
14:11:27,694 DEBUG SQL:104 - 
    delete 
    from
        DataPoint 
    where
        id=?
14:11:27,695 DEBUG SQL:104 - 
    delete 
    from
        DataPoint 
    where
        id=?
14:11:27,704 DEBUG SQL:104 - 
    delete 
    from
        DataPoint 
    where
        id=?
14:11:27,704 DEBUG SQL:104 - 
    delete 
    from
        DataPoint 
    where
        id=?
14:11:27,715 DEBUG SQL:104 - 
    delete 
    from
        DataPoint 
    where
        id=?
14:11:27,715 DEBUG SQL:104 - 
    delete 
    from
        DataPoint 
    where
        id=?
14:11:27,715 DEBUG SQL:104 - 
    delete 
    from
        DataPoint 
    where
        id=?
14:11:27,716 DEBUG SQL:104 - 
    delete 
    from
        DataPoint 
    where
        id=?
14:11:27,716 DEBUG SQL:104 - 
    delete 
    from
        DataPoint 
    where
        id=?
14:11:27,726 DEBUG SQL:104 - 
    delete 
    from
        DataPoint 
    where
        id=?
14:11:27,726 DEBUG SQL:104 - 
    delete 
    from
        DataPoint 
    where
        id=?
14:11:27,726 DEBUG SQL:104 - 
    delete 
    from
        DataPoint 
    where
        id=?
14:11:27,728 DEBUG SQL:104 - 
    delete 
    from
        DataPoint 
    where
        id=?
14:11:27,728 DEBUG SQL:104 - 
    delete 
    from
        DataPoint 
    where
        id=?
14:11:27,736 DEBUG SQL:104 - 
    delete 
    from
        DataPoint 
    where
        id=?
14:11:27,736 DEBUG SQL:104 - 
    delete 
    from
        DataPoint 
    where
        id=?
14:11:27,736 DEBUG SQL:104 - 
    delete 
    from
        DataPoint 
    where
        id=?
14:11:27,736 DEBUG SQL:104 - 
    delete 
    from
        DataPoint 
    where
        id=?
14:11:27,737 DEBUG SQL:104 - 
    delete 
    from
        DataPoint 
    where
        id=?
14:11:27,748 DEBUG SQL:104 - 
    delete 
    from
        DataPoint 
    where
        id=?
14:11:27,748 DEBUG SQL:104 - 
    delete 
    from
        DataPoint 
    where
        id=?
14:11:27,748 DEBUG SQL:104 - 
    delete 
    from
        DataPoint 
    where
        id=?
14:11:27,748 DEBUG SQL:104 - 
    delete 
    from
        DataPoint 
    where
        id=?
14:11:27,748 DEBUG SQL:104 - 
    delete 
    from
        DataPoint 
    where
        id=?
14:11:27,748 DEBUG SQL:104 - 
    delete 
    from
        DataPoint 
    where
        id=?
14:11:27,758 DEBUG SQL:104 - 
    delete 
    from
        DataPoint 
    where
        id=?
14:11:27,759 DEBUG SQL:104 - 
    delete 
    from
        DataPoint 
    where
        id=?
14:11:27,759 DEBUG SQL:104 - 
    delete 
    from
        DataPoint 
    where
        id=?
14:11:27,759 DEBUG SQL:104 - 
    delete 
    from
        DataPoint 
    where
        id=?
14:11:27,759 DEBUG SQL:104 - 
    delete 
    from
        DataPoint 
    where
        id=?
14:11:27,770 DEBUG SQL:104 - 
    delete 
    from
        DataPoint 
    where
        id=?
14:11:27,770 DEBUG SQL:104 - 
    delete 
    from
        DataPoint 
    where
        id=?
14:11:27,772 DEBUG SQL:104 - 
    delete 
    from
        DataPoint 
    where
        id=?
14:11:27,773 DEBUG SQL:104 - 
    delete 
    from
        DataPoint 
    where
        id=?
14:11:27,773 DEBUG SQL:104 - 
    delete 
    from
        DataPoint 
    where
        id=?
14:11:27,780 DEBUG SQL:104 - 
    delete 
    from
        DataPoint 
    where
        id=?
14:11:27,780 DEBUG SQL:104 - 
    delete 
    from
        DataPoint 
    where
        id=?
14:11:27,780 DEBUG SQL:104 - 
    delete 
    from
        DataPoint 
    where
        id=?
14:11:27,780 DEBUG SQL:104 - 
    delete 
    from
        DataPoint 
    where
        id=?
14:11:27,781 DEBUG SQL:104 - 
    delete 
    from
        DataPoint 
    where
        id=?
14:11:27,790 DEBUG SQL:104 - 
    delete 
    from
        DataPoint 
    where
        id=?
14:11:27,790 DEBUG SQL:104 - 
    delete 
    from
        DataPoint 
    where
        id=?
14:11:27,791 DEBUG SQL:104 - 
    delete 
    from
        DataPoint 
    where
        id=?
14:11:27,791 DEBUG SQL:104 - 
    delete 
    from
        DataPoint 
    where
        id=?
14:11:27,791 DEBUG SQL:104 - 
    delete 
    from
        DataPoint 
    where
        id=?
14:11:27,792 DEBUG SQL:104 - 
    delete 
    from
        DataPoint 
    where
        id=?
14:11:27,792 DEBUG SQL:104 - 
    delete 
    from
        DataPoint 
    where
        id=?
14:11:27,792 DEBUG SQL:104 - 
    delete 
    from
        DataPoint 
    where
        id=?
14:11:27,792 DEBUG SQL:104 - 
    delete 
    from
        DataPoint 
    where
        id=?
14:11:27,793 DEBUG SQL:104 - 
    delete 
    from
        DataPoint 
    where
        id=?
14:11:27,805 DEBUG SQL:104 - 
    delete 
    from
        DataPoint 
    where
        id=?
14:11:27,806 DEBUG SQL:104 - 
    delete 
    from
        DataPoint 
    where
        id=?
14:11:27,808 DEBUG SQL:104 - 
    delete 
    from
        DataPoint 
    where
        id=?
14:11:27,808 DEBUG SQL:104 - 
    delete 
    from
        DataPoint 
    where
        id=?
14:11:27,808 DEBUG SQL:104 - 
    delete 
    from
        DataPoint 
    where
        id=?
14:11:27,818 DEBUG SQL:104 - 
    delete 
    from
        DataPoint 
    where
        id=?
14:11:27,818 DEBUG SQL:104 - 
    delete 
    from
        DataPoint 
    where
        id=?
14:11:27,818 DEBUG SQL:104 - 
    delete 
    from
        DataPoint 
    where
        id=?
14:11:27,819 DEBUG SQL:104 - 
    delete 
    from
        DataPoint 
    where
        id=?
14:11:27,819 DEBUG SQL:104 - 
    delete 
    from
        DataPoint 
    where
        id=?
14:11:27,828 DEBUG SQL:104 - 
    delete 
    from
        DataPoint 
    where
        id=?
14:11:27,829 DEBUG SQL:104 - 
    delete 
    from
        DataPoint 
    where
        id=?
14:11:27,829 DEBUG SQL:104 - 
    delete 
    from
        DataPoint 
    where
        id=?
14:11:27,840 DEBUG SQL:104 - 
    delete 
    from
        DataPoint 
    where
        id=?
14:11:27,840 DEBUG SQL:104 - 
    delete 
    from
        DataPoint 
    where
        id=?
14:11:27,840 DEBUG SQL:104 - 
    delete 
    from
        DataPoint 
    where
        id=?
14:11:27,840 DEBUG SQL:104 - 
    delete 
    from
        DataPoint 
    where
        id=?
14:11:27,840 DEBUG SQL:104 - 
    delete 
    from
        DataPoint 
    where
        id=?
14:11:27,850 DEBUG SQL:104 - 
    delete 
    from
        DataPoint 
    where
        id=?
14:11:27,850 DEBUG SQL:104 - 
    delete 
    from
        DataPoint 
    where
        id=?
14:11:27,850 DEBUG SQL:104 - 
    delete 
    from
        DataPoint 
    where
        id=?
14:11:27,851 DEBUG SQL:104 - 
    delete 
    from
        DataPoint 
    where
        id=?
14:11:27,853 DEBUG SQL:104 - 
    delete 
    from
        DataPoint 
    where
        id=?
14:11:27,861 DEBUG SQL:104 - 
    delete 
    from
        DataPoint 
    where
        id=?
14:11:27,861 DEBUG SQL:104 - 
    delete 
    from
        DataPoint 
    where
        id=?
14:11:27,861 DEBUG SQL:104 - 
    delete 
    from
        DataPoint 
    where
        id=?
14:11:27,861 DEBUG SQL:104 - 
    delete 
    from
        DataPoint 
    where
        id=?
14:11:27,861 DEBUG SQL:104 - 
    delete 
    from
        DataPoint 
    where
        id=?
14:11:27,872 DEBUG SQL:104 - 
    delete 
    from
        DataPoint 
    where
        id=?
14:11:27,872 DEBUG SQL:104 - 
    delete 
    from
        DataPoint 
    where
        id=?
14:11:27,872 DEBUG SQL:104 - 
    delete 
    from
        DataPoint 
    where
        id=?
14:11:27,873 DEBUG SQL:104 - 
    delete 
    from
        DataPoint 
    where
        id=?
14:11:27,873 DEBUG SQL:104 - 
    delete 
    from
        DataPoint 
    where
        id=?
14:11:27,881 DEBUG SQL:104 - 
    delete 
    from
        DataPoint 
    where
        id=?
14:11:27,882 DEBUG SQL:104 - 
    delete 
    from
        DataPoint 
    where
        id=?
14:11:27,882 DEBUG SQL:104 - 
    delete 
    from
        DataPoint 
    where
        id=?
14:11:27,882 DEBUG SQL:104 - 
    delete 
    from
        DataPoint 
    where
        id=?
14:11:27,882 DEBUG SQL:104 - 
    delete 
    from
        DataPoint 
    where
        id=?
14:11:27,892 DEBUG SQL:104 - 
    delete 
    from
        DataPoint 
    where
        id=?
14:11:27,893 DEBUG SQL:104 - 
    delete 
    from
        DataPoint 
    where
        id=?
14:11:27,893 DEBUG SQL:104 - 
    delete 
    from
        DataPoint 
    where
        id=?
14:11:27,893 DEBUG SQL:104 - 
    delete 
    from
        DataPoint 
    where
        id=?
14:11:27,895 DEBUG SQL:104 - 
    delete 
    from
        DataPoint 
    where
        id=?
14:11:27,895 DEBUG SQL:104 - 
    delete 
    from
        DataPoint 
    where
        id=?
14:11:27,903 DEBUG SQL:104 - 
    delete 
    from
        DataPoint 
    where
        id=?
14:11:27,903 DEBUG SQL:104 - 
    delete 
    from
        DataPoint 
    where
        id=?
14:11:27,903 DEBUG SQL:104 - 
    delete 
    from
        DataPoint 
    where
        id=?
14:11:27,903 DEBUG SQL:104 - 
    delete 
    from
        DataPoint 
    where
        id=?
14:11:27,904 DEBUG SQL:104 - 
    delete 
    from
        DataPoint 
    where
        id=?
14:11:27,914 DEBUG SQL:104 - 
    delete 
    from
        DataPoint 
    where
        id=?
14:11:27,915 DEBUG SQL:104 - 
    delete 
    from
        DataPoint 
    where
        id=?
14:11:27,915 DEBUG SQL:104 - 
    delete 
    from
        DataPoint 
    where
        id=?
14:11:27,915 DEBUG SQL:104 - 
    delete 
    from
        DataPoint 
    where
        id=?
14:11:27,915 DEBUG SQL:104 - 
    delete 
    from
        DataPoint 
    where
        id=?
14:11:27,915 DEBUG SQL:104 - 
    delete 
    from
        DataPoint 
    where
        id=?
14:11:27,915 DEBUG SQL:104 - 
    delete 
    from
        DataPoint 
    where
        id=?
14:11:27,915 DEBUG SQL:104 - 
    delete 
    from
        DataPoint 
    where
        id=?
14:11:27,915 DEBUG SQL:104 - 
    delete 
    from
        DataPoint 
    where
        id=?
14:11:27,916 DEBUG SQL:104 - 
    delete 
    from
        DataPoint 
    where
        id=?
14:11:27,931 DEBUG SQL:104 - 
    delete 
    from
        DataPoint 
    where
        id=?
14:11:27,931 DEBUG SQL:104 - 
    delete 
    from
        DataPoint 
    where
        id=?
14:11:27,931 DEBUG SQL:104 - 
    delete 
    from
        DataPoint 
    where
        id=?
14:11:27,934 DEBUG SQL:104 - 
    delete 
    from
        DataPoint 
    where
        id=?
14:11:27,934 DEBUG SQL:104 - 
    delete 
    from
        DataPoint 
    where
        id=?
14:11:27,941 DEBUG SQL:104 - 
    delete 
    from
        DataPoint 
    where
        id=?
14:11:27,942 DEBUG SQL:104 - 
    delete 
    from
        DataPoint 
    where
        id=?
14:11:27,942 DEBUG SQL:104 - 
    delete 
    from
        DataPoint 
    where
        id=?
14:11:27,942 DEBUG SQL:104 - 
    delete 
    from
        DataPoint 
    where
        id=?
14:11:27,942 DEBUG SQL:104 - 
    delete 
    from
        DataPoint 
    where
        id=?
14:11:27,942 DEBUG SQL:104 - 
    delete 
    from
        DataPoint 
    where
        id=?
14:11:27,943 DEBUG SQL:104 - 
    delete 
    from
        DataPoint 
    where
        id=?
14:11:27,943 DEBUG SQL:104 - 
    delete 
    from
        DataPoint 
    where
        id=?
14:11:27,967 DEBUG SQL:104 - 
    delete 
    from
        DataPoint 
    where
        id=?
14:11:27,968 DEBUG SQL:104 - 
    delete 
    from
        DataPoint 
    where
        id=?
14:11:27,968 DEBUG SQL:104 - 
    delete 
    from
        DataPoint 
    where
        id=?
14:11:27,968 DEBUG SQL:104 - 
    delete 
    from
        DataPoint 
    where
        id=?
14:11:27,968 DEBUG SQL:104 - 
    delete 
    from
        DataPoint 
    where
        id=?
14:11:27,978 DEBUG SQL:104 - 
    delete 
    from
        DataPoint 
    where
        id=?
14:11:27,979 DEBUG SQL:104 - 
    delete 
    from
        DataPoint 
    where
        id=?
14:11:27,979 DEBUG SQL:104 - 
    delete 
    from
        DataPoint 
    where
        id=?
14:11:27,979 DEBUG SQL:104 - 
    delete 
    from
        DataPoint 
    where
        id=?
14:11:27,979 DEBUG SQL:104 - 
    delete 
    from
        DataPoint 
    where
        id=?
14:11:27,990 DEBUG SQL:104 - 
    delete 
    from
        DataPoint 
    where
        id=?
14:11:27,991 DEBUG SQL:104 - 
    delete 
    from
        DataPoint 
    where
        id=?
14:11:27,991 DEBUG SQL:104 - 
    delete 
    from
        DataPoint 
    where
        id=?
14:11:27,991 DEBUG SQL:104 - 
    delete 
    from
        DataPoint 
    where
        id=?
14:11:27,991 DEBUG SQL:104 - 
    delete 
    from
        DataPoint 
    where
        id=?
14:11:28,000 DEBUG SQL:104 - 
    delete 
    from
        DataPoint 
    where
        id=?
14:11:28,000 DEBUG SQL:104 - 
    delete 
    from
        DataPoint 
    where
        id=?
14:11:28,000 DEBUG SQL:104 - 
    delete 
    from
        DataPoint 
    where
        id=?
14:11:28,000 DEBUG SQL:104 - 
    delete 
    from
        DataPoint 
    where
        id=?
14:11:28,001 DEBUG SQL:104 - 
    delete 
    from
        DataPoint 
    where
        id=?
14:11:28,010 DEBUG SQL:104 - 
    delete 
    from
        DataPoint 
    where
        id=?
14:11:28,010 DEBUG SQL:104 - 
    delete 
    from
        DataPoint 
    where
        id=?
14:11:28,010 DEBUG SQL:104 - 
    delete 
    from
        DataPoint 
    where
        id=?
14:11:28,010 DEBUG SQL:104 - 
    delete 
    from
        DataPoint 
    where
        id=?
14:11:28,011 DEBUG SQL:104 - 
    delete 
    from
        DataPoint 
    where
        id=?
14:11:28,020 DEBUG SQL:104 - 
    delete 
    from
        DataPoint 
    where
        id=?
14:11:28,020 DEBUG SQL:104 - 
    delete 
    from
        DataPoint 
    where
        id=?
14:11:28,020 DEBUG SQL:104 - 
    delete 
    from
        DataPoint 
    where
        id=?
14:11:28,021 DEBUG SQL:104 - 
    delete 
    from
        DataPoint 
    where
        id=?
14:11:28,021 DEBUG SQL:104 - 
    delete 
    from
        DataPoint 
    where
        id=?
14:11:28,032 DEBUG SQL:104 - 
    delete 
    from
        DataPoint 
    where
        id=?
14:11:28,032 DEBUG SQL:104 - 
    delete 
    from
        DataPoint 
    where
        id=?
14:11:28,033 DEBUG SQL:104 - 
    delete 
    from
        DataPoint 
    where
        id=?
14:11:28,033 DEBUG SQL:104 - 
    delete 
    from
        DataPoint 
    where
        id=?
14:11:28,033 DEBUG SQL:104 - 
    delete 
    from
        DataPoint 
    where
        id=?
14:11:28,041 DEBUG SQL:104 - 
    delete 
    from
        DataPoint 
    where
        id=?
14:11:28,041 DEBUG SQL:104 - 
    delete 
    from
        DataPoint 
    where
        id=?
14:11:28,041 DEBUG SQL:104 - 
    delete 
    from
        DataPoint 
    where
        id=?
14:11:28,041 DEBUG SQL:104 - 
    delete 
    from
        DataPoint 
    where
        id=?
14:11:28,041 DEBUG SQL:104 - 
    delete 
    from
        DataPoint 
    where
        id=?
14:11:28,041 DEBUG SQL:104 - 
    delete 
    from
        DataPoint 
    where
        id=?
14:11:28,042 DEBUG SQL:104 - 
    delete 
    from
        DataPoint 
    where
        id=?
14:11:28,042 DEBUG SQL:104 - 
    delete 
    from
        DataPoint 
    where
        id=?
14:11:28,042 DEBUG SQL:104 - 
    delete 
    from
        DataPoint 
    where
        id=?
14:11:28,042 DEBUG SQL:104 - 
    delete 
    from
        DataPoint 
    where
        id=?
14:11:28,042 DEBUG SQL:104 - 
    delete 
    from
        DataPoint 
    where
        id=?
14:11:28,054 DEBUG SQL:104 - 
    delete 
    from
        DataPoint 
    where
        id=?
14:11:28,054 DEBUG SQL:104 - 
    delete 
    from
        DataPoint 
    where
        id=?
14:11:28,055 DEBUG SQL:104 - 
    delete 
    from
        DataPoint 
    where
        id=?
14:11:28,055 DEBUG SQL:104 - 
    delete 
    from
        DataPoint 
    where
        id=?
14:11:28,057 DEBUG SQL:104 - 
    delete 
    from
        DataPoint 
    where
        id=?
14:11:28,064 DEBUG SQL:104 - 
    delete 
    from
        DataPoint 
    where
        id=?
14:11:28,064 DEBUG SQL:104 - 
    delete 
    from
        DataPoint 
    where
        id=?
14:11:28,064 DEBUG SQL:104 - 
    delete 
    from
        DataPoint 
    where
        id=?
14:11:28,064 DEBUG SQL:104 - 
    delete 
    from
        DataPoint 
    where
        id=?
14:11:28,064 DEBUG SQL:104 - 
    delete 
    from
        DataPoint 
    where
        id=?
14:11:28,064 DEBUG SQL:104 - 
    delete 
    from
        DataPoint 
    where
        id=?
14:11:28,064 DEBUG SQL:104 - 
    delete 
    from
        DataPoint 
    where
        id=?
14:11:28,087 DEBUG SQL:104 - 
    delete 
    from
        DataPoint 
    where
        id=?
14:11:28,087 DEBUG SQL:104 - 
    delete 
    from
        DataPoint 
    where
        id=?
14:11:28,087 DEBUG SQL:104 - 
    delete 
    from
        DataPoint 
    where
        id=?
14:11:28,087 DEBUG SQL:104 - 
    delete 
    from
        DataPoint 
    where
        id=?
14:11:28,087 DEBUG SQL:104 - 
    delete 
    from
        DataPoint 
    where
        id=?
14:11:28,101 DEBUG SQL:104 - 
    delete 
    from
        DataPoint 
    where
        id=?
14:11:28,102 DEBUG SQL:104 - 
    delete 
    from
        DataPoint 
    where
        id=?
14:11:28,102 DEBUG SQL:104 - 
    delete 
    from
        DataPoint 
    where
        id=?
14:11:28,102 DEBUG SQL:104 - 
    delete 
    from
        DataPoint 
    where
        id=?
14:11:28,102 DEBUG SQL:104 - 
    delete 
    from
        DataPoint 
    where
        id=?
14:11:28,102 DEBUG SQL:104 - 
    delete 
    from
        DataPoint 
    where
        id=?
14:11:28,109 DEBUG SQL:104 - 
    delete 
    from
        DataPoint 
    where
        id=?
14:11:28,111 DEBUG SQL:104 - 
    delete 
    from
        DataPoint 
    where
        id=?
14:11:28,111 DEBUG SQL:104 - 
    delete 
    from
        DataPoint 
    where
        id=?
14:11:28,111 DEBUG SQL:104 - 
    delete 
    from
        DataPoint 
    where
        id=?
14:11:28,111 DEBUG SQL:104 - 
    delete 
    from
        DataPoint 
    where
        id=?
14:11:28,120 DEBUG SQL:104 - 
    delete 
    from
        DataPoint 
    where
        id=?
14:11:28,120 DEBUG SQL:104 - 
    delete 
    from
        DataPoint 
    where
        id=?
14:11:28,120 DEBUG SQL:104 - 
    delete 
    from
        DataPoint 
    where
        id=?
14:11:28,120 DEBUG SQL:104 - 
    delete 
    from
        DataPoint 
    where
        id=?
14:11:28,120 DEBUG SQL:104 - 
    delete 
    from
        DataPoint 
    where
        id=?
14:11:28,129 DEBUG SQL:104 - 
    delete 
    from
        DataPoint 
    where
        id=?
14:11:28,129 DEBUG SQL:104 - 
    delete 
    from
        DataPoint 
    where
        id=?
14:11:28,129 DEBUG SQL:104 - 
    delete 
    from
        DataPoint 
    where
        id=?
14:11:28,130 DEBUG SQL:104 - 
    delete 
    from
        DataPoint 
    where
        id=?
14:11:28,130 DEBUG SQL:104 - 
    delete 
    from
        DataPoint 
    where
        id=?
14:11:28,141 DEBUG SQL:104 - 
    delete 
    from
        DataPoint 
    where
        id=?
14:11:28,141 DEBUG SQL:104 - 
    delete 
    from
        DataPoint 
    where
        id=?
14:11:28,141 DEBUG SQL:104 - 
    delete 
    from
        DataPoint 
    where
        id=?
14:11:28,141 DEBUG SQL:104 - 
    delete 
    from
        DataPoint 
    where
        id=?
14:11:28,141 DEBUG SQL:104 - 
    delete 
    from
        DataPoint 
    where
        id=?
14:11:28,151 DEBUG SQL:104 - 
    delete 
    from
        DataPoint 
    where
        id=?
14:11:28,153 DEBUG SQL:104 - 
    delete 
    from
        DataPoint 
    where
        id=?
14:11:28,153 DEBUG SQL:104 - 
    delete 
    from
        DataPoint 
    where
        id=?
14:11:28,154 DEBUG SQL:104 - 
    delete 
    from
        DataPoint 
    where
        id=?
14:11:28,154 DEBUG SQL:104 - 
    delete 
    from
        DataPoint 
    where
        id=?
14:11:28,162 DEBUG SQL:104 - 
    delete 
    from
        DataPoint 
    where
        id=?
14:11:28,162 DEBUG SQL:104 - 
    delete 
    from
        DataPoint 
    where
        id=?
14:11:28,162 DEBUG SQL:104 - 
    delete 
    from
        DataPoint 
    where
        id=?
14:11:28,163 DEBUG SQL:104 - 
    delete 
    from
        DataPoint 
    where
        id=?
14:11:28,163 DEBUG SQL:104 - 
    delete 
    from
        DataPoint 
    where
        id=?
14:11:28,173 DEBUG SQL:104 - 
    delete 
    from
        DataPoint 
    where
        id=?
14:11:28,173 DEBUG SQL:104 - 
    delete 
    from
        DataPoint 
    where
        id=?
14:11:28,173 DEBUG SQL:104 - 
    delete 
    from
        DataPoint 
    where
        id=?
14:11:28,173 DEBUG SQL:104 - 
    delete 
    from
        DataPoint 
    where
        id=?
14:11:28,173 DEBUG SQL:104 - 
    delete 
    from
        DataPoint 
    where
        id=?
14:11:28,173 DEBUG SQL:104 - 
    delete 
    from
        DataPoint 
    where
        id=?
14:11:28,174 DEBUG SQL:104 - 
    delete 
    from
        DataPoint 
    where
        id=?
14:11:28,174 DEBUG SQL:104 - 
    delete 
    from
        DataPoint 
    where
        id=?
14:11:28,174 DEBUG SQL:104 - 
    delete 
    from
        DataPoint 
    where
        id=?
14:11:28,174 DEBUG SQL:104 - 
    delete 
    from
        DataPoint 
    where
        id=?
14:11:28,186 DEBUG SQL:104 - 
    delete 
    from
        DataPoint 
    where
        id=?
14:11:28,188 DEBUG SQL:104 - 
    delete 
    from
        DataPoint 
    where
        id=?
14:11:28,188 DEBUG SQL:104 - 
    delete 
    from
        DataPoint 
    where
        id=?
14:11:28,188 DEBUG SQL:104 - 
    delete 
    from
        DataPoint 
    where
        id=?
14:11:28,188 DEBUG SQL:104 - 
    delete 
    from
        DataPoint 
    where
        id=?
14:11:28,188 DEBUG SQL:104 - 
    delete 
    from
        DataPoint 
    where
        id=?
14:11:28,196 DEBUG SQL:104 - 
    delete 
    from
        DataPoint 
    where
        id=?
14:11:28,197 DEBUG SQL:104 - 
    delete 
    from
        DataPoint 
    where
        id=?
14:11:28,197 DEBUG SQL:104 - 
    delete 
    from
        DataPoint 
    where
        id=?
14:11:28,197 DEBUG SQL:104 - 
    delete 
    from
        DataPoint 
    where
        id=?
14:11:28,197 DEBUG SQL:104 - 
    delete 
    from
        DataPoint 
    where
        id=?
14:11:28,197 DEBUG SQL:104 - 
    delete 
    from
        DataPoint 
    where
        id=?
14:11:28,197 DEBUG SQL:104 - 
    delete 
    from
        DataPoint 
    where
        id=?
14:11:28,217 DEBUG SQL:104 - 
    delete 
    from
        DataPoint 
    where
        id=?
14:11:28,217 DEBUG SQL:104 - 
    delete 
    from
        DataPoint 
    where
        id=?
14:11:28,218 DEBUG SQL:104 - 
    delete 
    from
        DataPoint 
    where
        id=?
14:11:28,218 DEBUG SQL:104 - 
    delete 
    from
        DataPoint 
    where
        id=?
14:11:28,218 DEBUG SQL:104 - 
    delete 
    from
        DataPoint 
    where
        id=?
14:11:28,227 DEBUG SQL:104 - 
    delete 
    from
        DataPoint 
    where
        id=?
14:11:28,227 DEBUG SQL:104 - 
    delete 
    from
        DataPoint 
    where
        id=?
14:11:28,227 DEBUG SQL:104 - 
    delete 
    from
        DataPoint 
    where
        id=?
14:11:28,229 DEBUG SQL:104 - 
    delete 
    from
        DataPoint 
    where
        id=?
14:11:28,229 DEBUG SQL:104 - 
    delete 
    from
        DataPoint 
    where
        id=?
14:11:28,237 DEBUG SQL:104 - 
    delete 
    from
        DataPoint 
    where
        id=?
14:11:28,237 DEBUG SQL:104 - 
    delete 
    from
        DataPoint 
    where
        id=?
14:11:28,237 DEBUG SQL:104 - 
    delete 
    from
        DataPoint 
    where
        id=?
14:11:28,237 DEBUG SQL:104 - 
    delete 
    from
        DataPoint 
    where
        id=?
14:11:28,237 DEBUG SQL:104 - 
    delete 
    from
        DataPoint 
    where
        id=?
14:11:28,237 DEBUG SQL:104 - 
    delete 
    from
        DataPoint 
    where
        id=?
14:11:28,247 DEBUG SQL:104 - 
    delete 
    from
        DataPoint 
    where
        id=?
14:11:28,247 DEBUG SQL:104 - 
    delete 
    from
        DataPoint 
    where
        id=?
14:11:28,247 DEBUG SQL:104 - 
    delete 
    from
        DataPoint 
    where
        id=?
14:11:28,247 DEBUG SQL:104 - 
    delete 
    from
        DataPoint 
    where
        id=?
14:11:28,247 DEBUG SQL:104 - 
    delete 
    from
        DataPoint 
    where
        id=?
14:11:28,258 DEBUG SQL:104 - 
    delete 
    from
        DataPoint 
    where
        id=?
14:11:28,258 DEBUG SQL:104 - 
    delete 
    from
        DataPoint 
    where
        id=?
14:11:28,258 DEBUG SQL:104 - 
    delete 
    from
        DataPoint 
    where
        id=?
14:11:28,258 DEBUG SQL:104 - 
    delete 
    from
        DataPoint 
    where
        id=?
14:11:28,258 DEBUG SQL:104 - 
    delete 
    from
        DataPoint 
    where
        id=?
14:11:28,268 DEBUG SQL:104 - 
    delete 
    from
        DataPoint 
    where
        id=?
14:11:28,268 DEBUG SQL:104 - 
    delete 
    from
        DataPoint 
    where
        id=?
14:11:28,270 DEBUG SQL:104 - 
    delete 
    from
        DataPoint 
    where
        id=?
14:11:28,270 DEBUG SQL:104 - 
    delete 
    from
        DataPoint 
    where
        id=?
14:11:28,270 DEBUG SQL:104 - 
    delete 
    from
        DataPoint 
    where
        id=?
14:11:28,280 DEBUG SQL:104 - 
    delete 
    from
        DataPoint 
    where
        id=?
14:11:28,280 DEBUG SQL:104 - 
    delete 
    from
        DataPoint 
    where
        id=?
14:11:28,280 DEBUG SQL:104 - 
    delete 
    from
        DataPoint 
    where
        id=?
14:11:28,280 DEBUG SQL:104 - 
    delete 
    from
        DataPoint 
    where
        id=?
14:11:28,280 DEBUG SQL:104 - 
    delete 
    from
        DataPoint 
    where
        id=?
14:11:28,291 DEBUG SQL:104 - 
    delete 
    from
        DataPoint 
    where
        id=?
14:11:28,291 DEBUG SQL:104 - 
    delete 
    from
        DataPoint 
    where
        id=?
14:11:28,291 DEBUG SQL:104 - 
    delete 
    from
        DataPoint 
    where
        id=?
14:11:28,291 DEBUG SQL:104 - 
    delete 
    from
        DataPoint 
    where
        id=?
14:11:28,291 DEBUG SQL:104 - 
    delete 
    from
        DataPoint 
    where
        id=?
14:11:28,301 DEBUG SQL:104 - 
    delete 
    from
        DataPoint 
    where
        id=?
14:11:28,302 DEBUG SQL:104 - 
    delete 
    from
        DataPoint 
    where
        id=?
14:11:28,302 DEBUG SQL:104 - 
    delete 
    from
        DataPoint 
    where
        id=?
14:11:28,302 DEBUG SQL:104 - 
    delete 
    from
        DataPoint 
    where
        id=?
14:11:28,302 DEBUG SQL:104 - 
    delete 
    from
        DataPoint 
    where
        id=?
14:11:28,302 DEBUG SQL:104 - 
    delete 
    from
        DataPoint 
    where
        id=?
14:11:28,302 DEBUG SQL:104 - 
    delete 
    from
        DataPoint 
    where
        id=?
14:11:28,305 DEBUG SQL:104 - 
    delete 
    from
        DataPoint 
    where
        id=?
14:11:28,305 DEBUG SQL:104 - 
    delete 
    from
        DataPoint 
    where
        id=?
14:11:28,305 DEBUG SQL:104 - 
    delete 
    from
        DataPoint 
    where
        id=?
14:11:28,315 DEBUG SQL:104 - 
    delete 
    from
        DataPoint 
    where
        id=?
14:11:28,316 DEBUG SQL:104 - 
    delete 
    from
        DataPoint 
    where
        id=?
14:11:28,316 DEBUG SQL:104 - 
    delete 
    from
        DataPoint 
    where
        id=?
14:11:28,316 DEBUG SQL:104 - 
    delete 
    from
        DataPoint 
    where
        id=?
14:11:28,316 DEBUG SQL:104 - 
    delete 
    from
        DataPoint 
    where
        id=?
14:11:28,326 DEBUG SQL:104 - 
    delete 
    from
        DataPoint 
    where
        id=?
14:11:28,326 DEBUG SQL:104 - 
    delete 
    from
        DataPoint 
    where
        id=?
14:11:28,327 DEBUG SQL:104 - 
    delete 
    from
        DataPoint 
    where
        id=?
14:11:28,327 DEBUG SQL:104 - 
    delete 
    from
        DataPoint 
    where
        id=?
14:11:28,327 DEBUG SQL:104 - 
    delete 
    from
        DataPoint 
    where
        id=?
14:11:28,327 DEBUG SQL:104 - 
    delete 
    from
        DataPoint 
    where
        id=?
14:11:28,327 DEBUG SQL:104 - 
    delete 
    from
        DataPoint 
    where
        id=?
14:11:28,327 DEBUG SQL:104 - 
    delete 
    from
        DataPoint 
    where
        id=?
14:11:28,351 DEBUG SQL:104 - 
    delete 
    from
        DataPoint 
    where
        id=?
14:11:28,352 DEBUG SQL:104 - 
    delete 
    from
        DataPoint 
    where
        id=?
14:11:28,352 DEBUG SQL:104 - 
    delete 
    from
        DataPoint 
    where
        id=?
14:11:28,352 DEBUG SQL:104 - 
    delete 
    from
        DataPoint 
    where
        id=?
14:11:28,354 DEBUG SQL:104 - 
    delete 
    from
        DataPoint 
    where
        id=?
14:11:28,354 DEBUG SQL:104 - 
    delete 
    from
        DataPoint 
    where
        id=?
14:11:28,354 DEBUG SQL:104 - 
    delete 
    from
        DataPoint 
    where
        id=?
14:11:28,354 DEBUG SQL:104 - 
    delete 
    from
        DataPoint 
    where
        id=?
14:11:28,355 DEBUG SQL:104 - 
    delete 
    from
        DataPoint 
    where
        id=?
14:11:28,355 DEBUG SQL:104 - 
    delete 
    from
        DataPoint 
    where
        id=?
14:11:28,355 DEBUG SQL:104 - 
    delete 
    from
        DataPoint 
    where
        id=?
14:11:28,355 DEBUG SQL:104 - 
    delete 
    from
        DataPoint 
    where
        id=?
14:11:28,355 DEBUG SQL:104 - 
    delete 
    from
        DataPoint 
    where
        id=?
14:11:28,374 DEBUG SQL:104 - 
    delete 
    from
        DataPoint 
    where
        id=?
14:11:28,374 DEBUG SQL:104 - 
    delete 
    from
        DataPoint 
    where
        id=?
14:11:28,374 DEBUG SQL:104 - 
    delete 
    from
        DataPoint 
    where
        id=?
14:11:28,374 DEBUG SQL:104 - 
    delete 
    from
        DataPoint 
    where
        id=?
14:11:28,374 DEBUG SQL:104 - 
    delete 
    from
        DataPoint 
    where
        id=?
14:11:28,384 DEBUG SQL:104 - 
    delete 
    from
        DataPoint 
    where
        id=?
14:11:28,385 DEBUG SQL:104 - 
    delete 
    from
        DataPoint 
    where
        id=?
14:11:28,385 DEBUG SQL:104 - 
    delete 
    from
        DataPoint 
    where
        id=?
14:11:28,385 DEBUG SQL:104 - 
    delete 
    from
        DataPoint 
    where
        id=?
14:11:28,385 DEBUG SQL:104 - 
    delete 
    from
        DataPoint 
    where
        id=?
14:11:28,396 DEBUG SQL:104 - 
    delete 
    from
        DataPoint 
    where
        id=?
14:11:28,398 DEBUG SQL:104 - 
    delete 
    from
        DataPoint 
    where
        id=?
14:11:28,398 DEBUG SQL:104 - 
    delete 
    from
        DataPoint 
    where
        id=?
14:11:28,398 DEBUG SQL:104 - 
    delete 
    from
        DataPoint 
    where
        id=?
14:11:28,399 DEBUG SQL:104 - 
    delete 
    from
        DataPoint 
    where
        id=?
14:11:28,405 DEBUG SQL:104 - 
    delete 
    from
        DataPoint 
    where
        id=?
14:11:28,405 DEBUG SQL:104 - 
    delete 
    from
        DataPoint 
    where
        id=?
14:11:28,405 DEBUG SQL:104 - 
    delete 
    from
        DataPoint 
    where
        id=?
14:11:28,405 DEBUG SQL:104 - 
    delete 
    from
        DataPoint 
    where
        id=?
14:11:28,405 DEBUG SQL:104 - 
    delete 
    from
        DataPoint 
    where
        id=?
14:11:28,415 DEBUG SQL:104 - 
    delete 
    from
        DataPoint 
    where
        id=?
14:11:28,415 DEBUG SQL:104 - 
    delete 
    from
        DataPoint 
    where
        id=?
14:11:28,415 DEBUG SQL:104 - 
    delete 
    from
        DataPoint 
    where
        id=?
14:11:28,415 DEBUG SQL:104 - 
    delete 
    from
        DataPoint 
    where
        id=?
14:11:28,415 DEBUG SQL:104 - 
    delete 
    from
        DataPoint 
    where
        id=?
14:11:28,426 DEBUG SQL:104 - 
    delete 
    from
        DataPoint 
    where
        id=?
14:11:28,426 DEBUG SQL:104 - 
    delete 
    from
        DataPoint 
    where
        id=?
14:11:28,426 DEBUG SQL:104 - 
    delete 
    from
        DataPoint 
    where
        id=?
14:11:28,426 DEBUG SQL:104 - 
    delete 
    from
        DataPoint 
    where
        id=?
14:11:28,426 DEBUG SQL:104 - 
    delete 
    from
        DataPoint 
    where
        id=?
14:11:28,436 DEBUG SQL:104 - 
    delete 
    from
        DataPoint 
    where
        id=?
14:11:28,438 DEBUG SQL:104 - 
    delete 
    from
        DataPoint 
    where
        id=?
14:11:28,438 DEBUG SQL:104 - 
    delete 
    from
        DataPoint 
    where
        id=?
14:11:28,438 DEBUG SQL:104 - 
    delete 
    from
        DataPoint 
    where
        id=?
14:11:28,438 DEBUG SQL:104 - 
    delete 
    from
        DataPoint 
    where
        id=?
14:11:28,439 DEBUG SQL:104 - 
    delete 
    from
        DataPoint 
    where
        id=?
14:11:28,439 DEBUG SQL:104 - 
    delete 
    from
        DataPoint 
    where
        id=?
14:11:28,439 DEBUG SQL:104 - 
    delete 
    from
        DataPoint 
    where
        id=?
14:11:28,439 DEBUG SQL:104 - 
    delete 
    from
        DataPoint 
    where
        id=?
14:11:28,439 DEBUG SQL:104 - 
    delete 
    from
        DataPoint 
    where
        id=?
14:11:28,449 DEBUG SQL:104 - 
    delete 
    from
        DataPoint 
    where
        id=?
14:11:28,449 DEBUG SQL:104 - 
    delete 
    from
        DataPoint 
    where
        id=?
14:11:28,449 DEBUG SQL:104 - 
    delete 
    from
        DataPoint 
    where
        id=?
14:11:28,449 DEBUG SQL:104 - 
    delete 
    from
        DataPoint 
    where
        id=?
14:11:28,449 DEBUG SQL:104 - 
    delete 
    from
        DataPoint 
    where
        id=?
14:11:28,450 DEBUG SQL:104 - 
    delete 
    from
        DataPoint 
    where
        id=?
14:11:28,459 DEBUG SQL:104 - 
    delete 
    from
        DataPoint 
    where
        id=?
14:11:28,460 DEBUG SQL:104 - 
    delete 
    from
        DataPoint 
    where
        id=?
14:11:28,460 DEBUG SQL:104 - 
    delete 
    from
        DataPoint 
    where
        id=?
14:11:28,460 DEBUG SQL:104 - 
    delete 
    from
        DataPoint 
    where
        id=?
14:11:28,460 DEBUG SQL:104 - 
    delete 
    from
        DataPoint 
    where
        id=?
14:11:28,462 DEBUG SQL:104 - 
    delete 
    from
        DataPoint 
    where
        id=?
14:11:28,462 DEBUG SQL:104 - 
    delete 
    from
        DataPoint 
    where
        id=?
14:11:28,482 DEBUG SQL:104 - 
    delete 
    from
        DataPoint 
    where
        id=?
14:11:28,482 DEBUG SQL:104 - 
    delete 
    from
        DataPoint 
    where
        id=?
14:11:28,482 DEBUG SQL:104 - 
    delete 
    from
        DataPoint 
    where
        id=?
14:11:28,482 DEBUG SQL:104 - 
    delete 
    from
        DataPoint 
    where
        id=?
14:11:28,482 DEBUG SQL:104 - 
    delete 
    from
        DataPoint 
    where
        id=?
14:11:28,492 DEBUG SQL:104 - 
    delete 
    from
        DataPoint 
    where
        id=?
14:11:28,493 DEBUG SQL:104 - 
    delete 
    from
        DataPoint 
    where
        id=?
14:11:28,493 DEBUG SQL:104 - 
    delete 
    from
        DataPoint 
    where
        id=?
14:11:28,493 DEBUG SQL:104 - 
    delete 
    from
        DataPoint 
    where
        id=?
14:11:28,493 DEBUG SQL:104 - 
    delete 
    from
        DataPoint 
    where
        id=?
14:11:28,503 DEBUG SQL:104 - 
    delete 
    from
        DataPoint 
    where
        id=?
14:11:28,503 DEBUG SQL:104 - 
    delete 
    from
        DataPoint 
    where
        id=?
14:11:28,503 DEBUG SQL:104 - 
    delete 
    from
        DataPoint 
    where
        id=?
14:11:28,504 DEBUG SQL:104 - 
    delete 
    from
        DataPoint 
    where
        id=?
14:11:28,504 DEBUG SQL:104 - 
    delete 
    from
        DataPoint 
    where
        id=?
14:11:28,504 DEBUG SQL:104 - 
    delete 
    from
        DataPoint 
    where
        id=?
14:11:28,514 DEBUG SQL:104 - 
    delete 
    from
        DataPoint 
    where
        id=?
14:11:28,514 DEBUG SQL:104 - 
    delete 
    from
        DataPoint 
    where
        id=?
14:11:28,516 DEBUG SQL:104 - 
    delete 
    from
        DataPoint 
    where
        id=?
14:11:28,517 DEBUG SQL:104 - 
    delete 
    from
        DataPoint 
    where
        id=?
14:11:28,517 DEBUG SQL:104 - 
    delete 
    from
        DataPoint 
    where
        id=?
14:11:28,524 DEBUG SQL:104 - 
    delete 
    from
        DataPoint 
    where
        id=?
14:11:28,524 DEBUG SQL:104 - 
    delete 
    from
        DataPoint 
    where
        id=?
14:11:28,524 DEBUG SQL:104 - 
    delete 
    from
        DataPoint 
    where
        id=?
14:11:28,524 DEBUG SQL:104 - 
    delete 
    from
        DataPoint 
    where
        id=?
14:11:28,525 DEBUG SQL:104 - 
    delete 
    from
        DataPoint 
    where
        id=?
14:11:28,534 DEBUG SQL:104 - 
    delete 
    from
        DataPoint 
    where
        id=?
14:11:28,534 DEBUG SQL:104 - 
    delete 
    from
        DataPoint 
    where
        id=?
14:11:28,534 DEBUG SQL:104 - 
    delete 
    from
        DataPoint 
    where
        id=?
14:11:28,534 DEBUG SQL:104 - 
    delete 
    from
        DataPoint 
    where
        id=?
14:11:28,535 DEBUG SQL:104 - 
    delete 
    from
        DataPoint 
    where
        id=?
14:11:28,544 DEBUG SQL:104 - 
    delete 
    from
        DataPoint 
    where
        id=?
14:11:28,544 DEBUG SQL:104 - 
    delete 
    from
        DataPoint 
    where
        id=?
14:11:28,544 DEBUG SQL:104 - 
    delete 
    from
        DataPoint 
    where
        id=?
14:11:28,544 DEBUG SQL:104 - 
    delete 
    from
        DataPoint 
    where
        id=?
14:11:28,545 DEBUG SQL:104 - 
    delete 
    from
        DataPoint 
    where
        id=?
14:11:28,554 DEBUG SQL:104 - 
    delete 
    from
        DataPoint 
    where
        id=?
14:11:28,554 DEBUG SQL:104 - 
    delete 
    from
        DataPoint 
    where
        id=?
14:11:28,558 DEBUG SQL:104 - 
    delete 
    from
        DataPoint 
    where
        id=?
14:11:28,558 DEBUG SQL:104 - 
    delete 
    from
        DataPoint 
    where
        id=?
14:11:28,558 DEBUG SQL:104 - 
    delete 
    from
        DataPoint 
    where
        id=?
14:11:28,566 DEBUG SQL:104 - 
    delete 
    from
        DataPoint 
    where
        id=?
14:11:28,567 DEBUG SQL:104 - 
    delete 
    from
        DataPoint 
    where
        id=?
14:11:28,567 DEBUG SQL:104 - 
    delete 
    from
        DataPoint 
    where
        id=?
14:11:28,567 DEBUG SQL:104 - 
    delete 
    from
        DataPoint 
    where
        id=?
14:11:28,567 DEBUG SQL:104 - 
    delete 
    from
        DataPoint 
    where
        id=?
14:11:28,567 DEBUG SQL:104 - 
    delete 
    from
        DataPoint 
    where
        id=?
14:11:28,567 DEBUG SQL:104 - 
    delete 
    from
        DataPoint 
    where
        id=?
14:11:28,567 DEBUG SQL:104 - 
    delete 
    from
        DataPoint 
    where
        id=?
14:11:28,567 DEBUG SQL:104 - 
    delete 
    from
        DataPoint 
    where
        id=?
14:11:28,568 DEBUG SQL:104 - 
    delete 
    from
        DataPoint 
    where
        id=?
14:11:28,580 DEBUG SQL:104 - 
    delete 
    from
        DataPoint 
    where
        id=?
14:11:28,580 DEBUG SQL:104 - 
    delete 
    from
        DataPoint 
    where
        id=?
14:11:28,580 DEBUG SQL:104 - 
    delete 
    from
        DataPoint 
    where
        id=?
14:11:28,581 DEBUG SQL:104 - 
    delete 
    from
        DataPoint 
    where
        id=?
14:11:28,581 DEBUG SQL:104 - 
    delete 
    from
        DataPoint 
    where
        id=?
14:11:28,591 DEBUG SQL:104 - 
    delete 
    from
        DataPoint 
    where
        id=?
14:11:28,591 DEBUG SQL:104 - 
    delete 
    from
        DataPoint 
    where
        id=?
14:11:28,593 DEBUG SQL:104 - 
    delete 
    from
        DataPoint 
    where
        id=?
14:11:28,593 DEBUG SQL:104 - 
    delete 
    from
        DataPoint 
    where
        id=?
14:11:28,593 DEBUG SQL:104 - 
    delete 
    from
        DataPoint 
    where
        id=?
14:11:28,593 DEBUG SQL:104 - 
    delete 
    from
        DataPoint 
    where
        id=?
14:11:28,593 DEBUG SQL:104 - 
    delete 
    from
        DataPoint 
    where
        id=?
14:11:28,593 DEBUG SQL:104 - 
    delete 
    from
        DataPoint 
    where
        id=?
14:11:28,613 DEBUG SQL:104 - 
    delete 
    from
        DataPoint 
    where
        id=?
14:11:28,614 DEBUG SQL:104 - 
    delete 
    from
        DataPoint 
    where
        id=?
14:11:28,614 DEBUG SQL:104 - 
    delete 
    from
        DataPoint 
    where
        id=?
14:11:28,614 DEBUG SQL:104 - 
    delete 
    from
        DataPoint 
    where
        id=?
14:11:28,614 DEBUG SQL:104 - 
    delete 
    from
        DataPoint 
    where
        id=?
14:11:28,624 DEBUG SQL:104 - 
    delete 
    from
        DataPoint 
    where
        id=?
14:11:28,625 DEBUG SQL:104 - 
    delete 
    from
        DataPoint 
    where
        id=?
14:11:28,625 DEBUG SQL:104 - 
    delete 
    from
        DataPoint 
    where
        id=?
14:11:28,625 DEBUG SQL:104 - 
    delete 
    from
        DataPoint 
    where
        id=?
14:11:28,625 DEBUG SQL:104 - 
    delete 
    from
        DataPoint 
    where
        id=?
14:11:28,635 DEBUG SQL:104 - 
    delete 
    from
        DataPoint 
    where
        id=?
14:11:28,635 DEBUG SQL:104 - 
    delete 
    from
        DataPoint 
    where
        id=?
14:11:28,635 DEBUG SQL:104 - 
    delete 
    from
        DataPoint 
    where
        id=?
14:11:28,636 DEBUG SQL:104 - 
    delete 
    from
        DataPoint 
    where
        id=?
14:11:28,637 DEBUG SQL:104 - 
    delete 
    from
        DataPoint 
    where
        id=?
14:11:28,649 DEBUG SQL:104 - 
    delete 
    from
        DataPoint 
    where
        id=?
14:11:28,649 DEBUG SQL:104 - 
    delete 
    from
        DataPoint 
    where
        id=?
14:11:28,649 DEBUG SQL:104 - 
    delete 
    from
        DataPoint 
    where
        id=?
14:11:28,650 DEBUG SQL:104 - 
    delete 
    from
        DataPoint 
    where
        id=?
14:11:28,650 DEBUG SQL:104 - 
    delete 
    from
        DataPoint 
    where
        id=?
14:11:28,650 DEBUG SQL:104 - 
    delete 
    from
        DataPoint 
    where
        id=?
14:11:28,660 DEBUG SQL:104 - 
    delete 
    from
        DataPoint 
    where
        id=?
14:11:28,660 DEBUG SQL:104 - 
    delete 
    from
        DataPoint 
    where
        id=?
14:11:28,661 DEBUG SQL:104 - 
    delete 
    from
        DataPoint 
    where
        id=?
14:11:28,661 DEBUG SQL:104 - 
    delete 
    from
        DataPoint 
    where
        id=?
14:11:28,661 DEBUG SQL:104 - 
    delete 
    from
        DataPoint 
    where
        id=?
14:11:28,671 DEBUG SQL:104 - 
    delete 
    from
        DataPoint 
    where
        id=?
14:11:28,671 DEBUG SQL:104 - 
    delete 
    from
        DataPoint 
    where
        id=?
14:11:28,671 DEBUG SQL:104 - 
    delete 
    from
        DataPoint 
    where
        id=?
14:11:28,671 DEBUG SQL:104 - 
    delete 
    from
        DataPoint 
    where
        id=?
14:11:28,672 DEBUG SQL:104 - 
    delete 
    from
        DataPoint 
    where
        id=?
14:11:28,682 DEBUG SQL:104 - 
    delete 
    from
        DataPoint 
    where
        id=?
14:11:28,682 DEBUG SQL:104 - 
    delete 
    from
        DataPoint 
    where
        id=?
14:11:28,682 DEBUG SQL:104 - 
    delete 
    from
        DataPoint 
    where
        id=?
14:11:28,684 DEBUG SQL:104 - 
    delete 
    from
        DataPoint 
    where
        id=?
14:11:28,685 DEBUG SQL:104 - 
    delete 
    from
        DataPoint 
    where
        id=?
14:11:28,694 DEBUG SQL:104 - 
    delete 
    from
        DataPoint 
    where
        id=?
14:11:28,694 DEBUG SQL:104 - 
    delete 
    from
        DataPoint 
    where
        id=?
14:11:28,694 DEBUG SQL:104 - 
    delete 
    from
        DataPoint 
    where
        id=?
14:11:28,694 DEBUG SQL:104 - 
    delete 
    from
        DataPoint 
    where
        id=?
14:11:28,694 DEBUG SQL:104 - 
    delete 
    from
        DataPoint 
    where
        id=?
14:11:28,694 DEBUG SQL:104 - 
    delete 
    from
        DataPoint 
    where
        id=?
14:11:28,694 DEBUG SQL:104 - 
    delete 
    from
        DataPoint 
    where
        id=?
14:11:28,694 DEBUG SQL:104 - 
    delete 
    from
        DataPoint 
    where
        id=?
14:11:28,695 DEBUG SQL:104 - 
    delete 
    from
        DataPoint 
    where
        id=?
14:11:28,695 DEBUG SQL:104 - 
    delete 
    from
        DataPoint 
    where
        id=?
14:11:28,706 DEBUG SQL:104 - 
    delete 
    from
        DataPoint 
    where
        id=?
14:11:28,707 DEBUG SQL:104 - 
    delete 
    from
        DataPoint 
    where
        id=?
14:11:28,707 DEBUG SQL:104 - 
    delete 
    from
        DataPoint 
    where
        id=?
14:11:28,707 DEBUG SQL:104 - 
    delete 
    from
        DataPoint 
    where
        id=?
14:11:28,707 DEBUG SQL:104 - 
    delete 
    from
        DataPoint 
    where
        id=?
14:11:28,724 DEBUG SQL:104 - 
    delete 
    from
        DataPoint 
    where
        id=?
14:11:28,724 DEBUG SQL:104 - 
    delete 
    from
        DataPoint 
    where
        id=?
14:11:28,724 DEBUG SQL:104 - 
    delete 
    from
        DataPoint 
    where
        id=?
14:11:28,726 DEBUG SQL:104 - 
    delete 
    from
        DataPoint 
    where
        id=?
14:11:28,726 DEBUG SQL:104 - 
    delete 
    from
        DataPoint 
    where
        id=?
14:11:28,727 DEBUG SQL:104 - 
    delete 
    from
        DataPoint 
    where
        id=?
14:11:28,727 DEBUG SQL:104 - 
    delete 
    from
        DataPoint 
    where
        id=?
14:11:28,727 DEBUG SQL:104 - 
    delete 
    from
        DataPoint 
    where
        id=?
14:11:28,747 DEBUG SQL:104 - 
    delete 
    from
        DataPoint 
    where
        id=?
14:11:28,748 DEBUG SQL:104 - 
    delete 
    from
        DataPoint 
    where
        id=?
14:11:28,748 DEBUG SQL:104 - 
    delete 
    from
        DataPoint 
    where
        id=?
14:11:28,748 DEBUG SQL:104 - 
    delete 
    from
        DataPoint 
    where
        id=?
14:11:28,748 DEBUG SQL:104 - 
    delete 
    from
        DataPoint 
    where
        id=?
14:11:28,758 DEBUG SQL:104 - 
    delete 
    from
        DataPoint 
    where
        id=?
14:11:28,758 DEBUG SQL:104 - 
    delete 
    from
        DataPoint 
    where
        id=?
14:11:28,758 DEBUG SQL:104 - 
    delete 
    from
        DataPoint 
    where
        id=?
14:11:28,759 DEBUG SQL:104 - 
    delete 
    from
        DataPoint 
    where
        id=?
14:11:28,759 DEBUG SQL:104 - 
    delete 
    from
        DataPoint 
    where
        id=?
14:11:28,771 DEBUG SQL:104 - 
    delete 
    from
        DataPoint 
    where
        id=?
14:11:28,771 DEBUG SQL:104 - 
    delete 
    from
        DataPoint 
    where
        id=?
14:11:28,771 DEBUG SQL:104 - 
    delete 
    from
        DataPoint 
    where
        id=?
14:11:28,771 DEBUG SQL:104 - 
    delete 
    from
        DataPoint 
    where
        id=?
14:11:28,772 DEBUG SQL:104 - 
    delete 
    from
        DataPoint 
    where
        id=?
14:11:28,783 DEBUG SQL:104 - 
    delete 
    from
        DataPoint 
    where
        id=?
14:11:28,783 DEBUG SQL:104 - 
    delete 
    from
        DataPoint 
    where
        id=?
14:11:28,783 DEBUG SQL:104 - 
    delete 
    from
        DataPoint 
    where
        id=?
14:11:28,784 DEBUG SQL:104 - 
    delete 
    from
        DataPoint 
    where
        id=?
14:11:28,784 DEBUG SQL:104 - 
    delete 
    from
        DataPoint 
    where
        id=?
14:11:28,793 DEBUG SQL:104 - 
    delete 
    from
        DataPoint 
    where
        id=?
14:11:28,793 DEBUG SQL:104 - 
    delete 
    from
        DataPoint 
    where
        id=?
14:11:28,793 DEBUG SQL:104 - 
    delete 
    from
        DataPoint 
    where
        id=?
14:11:28,793 DEBUG SQL:104 - 
    delete 
    from
        DataPoint 
    where
        id=?
14:11:28,793 DEBUG SQL:104 - 
    delete 
    from
        DataPoint 
    where
        id=?
14:11:28,804 DEBUG SQL:104 - 
    delete 
    from
        DataPoint 
    where
        id=?
14:11:28,804 DEBUG SQL:104 - 
    delete 
    from
        DataPoint 
    where
        id=?
14:11:28,804 DEBUG SQL:104 - 
    delete 
    from
        DataPoint 
    where
        id=?
14:11:28,805 DEBUG SQL:104 - 
    delete 
    from
        DataPoint 
    where
        id=?
14:11:28,805 DEBUG SQL:104 - 
    delete 
    from
        DataPoint 
    where
        id=?
14:11:28,814 DEBUG SQL:104 - 
    delete 
    from
        DataPoint 
    where
        id=?
14:11:28,815 DEBUG SQL:104 - 
    delete 
    from
        DataPoint 
    where
        id=?
14:11:28,815 DEBUG SQL:104 - 
    delete 
    from
        DataPoint 
    where
        id=?
14:11:28,815 DEBUG SQL:104 - 
    delete 
    from
        DataPoint 
    where
        id=?
14:11:28,815 DEBUG SQL:104 - 
    delete 
    from
        DataPoint 
    where
        id=?
14:11:28,818 DEBUG SQL:104 - 
    delete 
    from
        DataPoint 
    where
        id=?
14:11:28,818 DEBUG SQL:104 - 
    delete 
    from
        DataPoint 
    where
        id=?
14:11:28,818 DEBUG SQL:104 - 
    delete 
    from
        DataPoint 
    where
        id=?
14:11:28,818 DEBUG SQL:104 - 
    delete 
    from
        DataPoint 
    where
        id=?
14:11:28,818 DEBUG SQL:104 - 
    delete 
    from
        DataPoint 
    where
        id=?
14:11:28,819 DEBUG SQL:104 - 
    delete 
    from
        DataPoint 
    where
        id=?
14:11:28,830 DEBUG SQL:104 - 
    delete 
    from
        DataPoint 
    where
        id=?
14:11:28,830 DEBUG SQL:104 - 
    delete 
    from
        DataPoint 
    where
        id=?
14:11:28,830 DEBUG SQL:104 - 
    delete 
    from
        DataPoint 
    where
        id=?
14:11:28,830 DEBUG SQL:104 - 
    delete 
    from
        DataPoint 
    where
        id=?
14:11:28,830 DEBUG SQL:104 - 
    delete 
    from
        DataPoint 
    where
        id=?
14:11:28,841 DEBUG SQL:104 - 
    delete 
    from
        DataPoint 
    where
        id=?
14:11:28,841 DEBUG SQL:104 - 
    delete 
    from
        DataPoint 
    where
        id=?
14:11:28,841 DEBUG SQL:104 - 
    delete 
    from
        DataPoint 
    where
        id=?
14:11:28,841 DEBUG SQL:104 - 
    delete 
    from
        DataPoint 
    where
        id=?
14:11:28,841 DEBUG SQL:104 - 
    delete 
    from
        DataPoint 
    where
        id=?
14:11:28,841 DEBUG SQL:104 - 
    delete 
    from
        DataPoint 
    where
        id=?
14:11:28,842 DEBUG SQL:104 - 
    delete 
    from
        DataPoint 
    where
        id=?
14:11:28,863 DEBUG SQL:104 - 
    delete 
    from
        DataPoint 
    where
        id=?
14:11:28,863 DEBUG SQL:104 - 
    delete 
    from
        DataPoint 
    where
        id=?
14:11:28,866 DEBUG SQL:104 - 
    delete 
    from
        DataPoint 
    where
        id=?
14:11:28,867 DEBUG SQL:104 - 
    delete 
    from
        DataPoint 
    where
        id=?
14:11:28,867 DEBUG SQL:104 - 
    delete 
    from
        DataPoint 
    where
        id=?
14:11:28,867 DEBUG SQL:104 - 
    delete 
    from
        DataPoint 
    where
        id=?
14:11:28,867 DEBUG SQL:104 - 
    delete 
    from
        DataPoint 
    where
        id=?
14:11:28,867 DEBUG SQL:104 - 
    delete 
    from
        DataPoint 
    where
        id=?
14:11:28,867 DEBUG SQL:104 - 
    delete 
    from
        DataPoint 
    where
        id=?
14:11:28,867 DEBUG SQL:104 - 
    delete 
    from
        DataPoint 
    where
        id=?
14:11:28,868 DEBUG SQL:104 - 
    delete 
    from
        DataPoint 
    where
        id=?
14:11:28,868 DEBUG SQL:104 - 
    delete 
    from
        DataPoint 
    where
        id=?
14:11:28,868 DEBUG SQL:104 - 
    delete 
    from
        DataPoint 
    where
        id=?
14:11:28,888 DEBUG SQL:104 - 
    delete 
    from
        DataPoint 
    where
        id=?
14:11:28,888 DEBUG SQL:104 - 
    delete 
    from
        DataPoint 
    where
        id=?
14:11:28,888 DEBUG SQL:104 - 
    delete 
    from
        DataPoint 
    where
        id=?
14:11:28,888 DEBUG SQL:104 - 
    delete 
    from
        DataPoint 
    where
        id=?
14:11:28,888 DEBUG SQL:104 - 
    delete 
    from
        DataPoint 
    where
        id=?
14:11:28,898 DEBUG SQL:104 - 
    delete 
    from
        DataPoint 
    where
        id=?
14:11:28,898 DEBUG SQL:104 - 
    delete 
    from
        DataPoint 
    where
        id=?
14:11:28,899 DEBUG SQL:104 - 
    delete 
    from
        DataPoint 
    where
        id=?
14:11:28,899 DEBUG SQL:104 - 
    delete 
    from
        DataPoint 
    where
        id=?
14:11:28,901 DEBUG SQL:104 - 
    delete 
    from
        DataPoint 
    where
        id=?
14:11:28,909 DEBUG SQL:104 - 
    delete 
    from
        DataPoint 
    where
        id=?
14:11:28,909 DEBUG SQL:104 - 
    delete 
    from
        DataPoint 
    where
        id=?
14:11:28,909 DEBUG SQL:104 - 
    delete 
    from
        DataPoint 
    where
        id=?
14:11:28,909 DEBUG SQL:104 - 
    delete 
    from
        DataPoint 
    where
        id=?
14:11:28,909 DEBUG SQL:104 - 
    delete 
    from
        DataPoint 
    where
        id=?
14:11:28,919 DEBUG SQL:104 - 
    delete 
    from
        DataPoint 
    where
        id=?
14:11:28,920 DEBUG SQL:104 - 
    delete 
    from
        DataPoint 
    where
        id=?
14:11:28,920 DEBUG SQL:104 - 
    delete 
    from
        DataPoint 
    where
        id=?
14:11:28,920 DEBUG SQL:104 - 
    delete 
    from
        DataPoint 
    where
        id=?
14:11:28,920 DEBUG SQL:104 - 
    delete 
    from
        DataPoint 
    where
        id=?
14:11:28,930 DEBUG SQL:104 - 
    delete 
    from
        DataPoint 
    where
        id=?
14:11:28,930 DEBUG SQL:104 - 
    delete 
    from
        DataPoint 
    where
        id=?
14:11:28,930 DEBUG SQL:104 - 
    delete 
    from
        DataPoint 
    where
        id=?
14:11:28,930 DEBUG SQL:104 - 
    delete 
    from
        DataPoint 
    where
        id=?
14:11:28,930 DEBUG SQL:104 - 
    delete 
    from
        DataPoint 
    where
        id=?
14:11:28,941 DEBUG SQL:104 - 
    delete 
    from
        DataPoint 
    where
        id=?
14:11:28,941 DEBUG SQL:104 - 
    delete 
    from
        DataPoint 
    where
        id=?
14:11:28,942 DEBUG SQL:104 - 
    delete 
    from
        DataPoint 
    where
        id=?
14:11:28,942 DEBUG SQL:104 - 
    delete 
    from
        DataPoint 
    where
        id=?
14:11:28,944 DEBUG SQL:104 - 
    delete 
    from
        DataPoint 
    where
        id=?
14:11:28,944 DEBUG SQL:104 - 
    delete 
    from
        DataPoint 
    where
        id=?
14:11:28,944 DEBUG SQL:104 - 
    delete 
    from
        DataPoint 
    where
        id=?
14:11:28,944 DEBUG SQL:104 - 
    delete 
    from
        DataPoint 
    where
        id=?
14:11:28,945 DEBUG SQL:104 - 
    delete 
    from
        DataPoint 
    where
        id=?
14:11:28,945 DEBUG SQL:104 - 
    delete 
    from
        DataPoint 
    where
        id=?
14:11:28,945 DEBUG SQL:104 - 
    delete 
    from
        DataPoint 
    where
        id=?
14:11:28,955 DEBUG SQL:104 - 
    delete 
    from
        DataPoint 
    where
        id=?
14:11:28,955 DEBUG SQL:104 - 
    delete 
    from
        DataPoint 
    where
        id=?
14:11:28,955 DEBUG SQL:104 - 
    delete 
    from
        DataPoint 
    where
        id=?
14:11:28,955 DEBUG SQL:104 - 
    delete 
    from
        DataPoint 
    where
        id=?
14:11:28,955 DEBUG SQL:104 - 
    delete 
    from
        DataPoint 
    where
        id=?
14:11:28,966 DEBUG SQL:104 - 
    delete 
    from
        DataPoint 
    where
        id=?
14:11:28,966 DEBUG SQL:104 - 
    delete 
    from
        DataPoint 
    where
        id=?
14:11:28,966 DEBUG SQL:104 - 
    delete 
    from
        DataPoint 
    where
        id=?
14:11:28,966 DEBUG SQL:104 - 
    delete 
    from
        DataPoint 
    where
        id=?
14:11:28,966 DEBUG SQL:104 - 
    delete 
    from
        DataPoint 
    where
        id=?
14:11:28,966 DEBUG SQL:104 - 
    delete 
    from
        DataPoint 
    where
        id=?
14:11:28,966 DEBUG SQL:104 - 
    delete 
    from
        DataPoint 
    where
        id=?
14:11:28,989 DEBUG SQL:104 - 
    delete 
    from
        DataPoint 
    where
        id=?
14:11:28,991 DEBUG SQL:104 - 
    delete 
    from
        DataPoint 
    where
        id=?
14:11:28,991 DEBUG SQL:104 - 
    delete 
    from
        DataPoint 
    where
        id=?
14:11:28,992 DEBUG SQL:104 - 
    delete 
    from
        DataPoint 
    where
        id=?
14:11:28,992 DEBUG SQL:104 - 
    delete 
    from
        DataPoint 
    where
        id=?
14:11:28,992 DEBUG SQL:104 - 
    delete 
    from
        DataPoint 
    where
        id=?
14:11:29,000 DEBUG SQL:104 - 
    delete 
    from
        DataPoint 
    where
        id=?
14:11:29,000 DEBUG SQL:104 - 
    delete 
    from
        DataPoint 
    where
        id=?
14:11:29,000 DEBUG SQL:104 - 
    delete 
    from
        DataPoint 
    where
        id=?
14:11:29,000 DEBUG SQL:104 - 
    delete 
    from
        DataPoint 
    where
        id=?
14:11:29,000 DEBUG SQL:104 - 
    delete 
    from
        DataPoint 
    where
        id=?
14:11:29,011 DEBUG SQL:104 - 
    delete 
    from
        DataPoint 
    where
        id=?
14:11:29,011 DEBUG SQL:104 - 
    delete 
    from
        DataPoint 
    where
        id=?
14:11:29,011 DEBUG SQL:104 - 
    delete 
    from
        DataPoint 
    where
        id=?
14:11:29,011 DEBUG SQL:104 - 
    delete 
    from
        DataPoint 
    where
        id=?
14:11:29,011 DEBUG SQL:104 - 
    delete 
    from
        DataPoint 
    where
        id=?
14:11:29,021 DEBUG SQL:104 - 
    delete 
    from
        DataPoint 
    where
        id=?
14:11:29,021 DEBUG SQL:104 - 
    delete 
    from
        DataPoint 
    where
        id=?
14:11:29,021 DEBUG SQL:104 - 
    delete 
    from
        DataPoint 
    where
        id=?
14:11:29,021 DEBUG SQL:104 - 
    delete 
    from
        DataPoint 
    where
        id=?
14:11:29,022 DEBUG SQL:104 - 
    delete 
    from
        DataPoint 
    where
        id=?
14:11:29,033 DEBUG SQL:104 - 
    delete 
    from
        DataPoint 
    where
        id=?
14:11:29,034 DEBUG SQL:104 - 
    delete 
    from
        DataPoint 
    where
        id=?
14:11:29,034 DEBUG SQL:104 - 
    delete 
    from
        DataPoint 
    where
        id=?
14:11:29,034 DEBUG SQL:104 - 
    delete 
    from
        DataPoint 
    where
        id=?
14:11:29,034 DEBUG SQL:104 - 
    delete 
    from
        DataPoint 
    where
        id=?
14:11:29,042 DEBUG SQL:104 - 
    delete 
    from
        DataPoint 
    where
        id=?
14:11:29,043 DEBUG SQL:104 - 
    delete 
    from
        DataPoint 
    where
        id=?
14:11:29,043 DEBUG SQL:104 - 
    delete 
    from
        DataPoint 
    where
        id=?
14:11:29,043 DEBUG SQL:104 - 
    delete 
    from
        DataPoint 
    where
        id=?
14:11:29,043 DEBUG SQL:104 - 
    delete 
    from
        DataPoint 
    where
        id=?
14:11:29,053 DEBUG SQL:104 - 
    delete 
    from
        DataPoint 
    where
        id=?
14:11:29,053 DEBUG SQL:104 - 
    delete 
    from
        DataPoint 
    where
        id=?
14:11:29,053 DEBUG SQL:104 - 
    delete 
    from
        DataPoint 
    where
        id=?
14:11:29,053 DEBUG SQL:104 - 
    delete 
    from
        DataPoint 
    where
        id=?
14:11:29,053 DEBUG SQL:104 - 
    delete 
    from
        DataPoint 
    where
        id=?
14:11:29,062 DEBUG SQL:104 - 
    delete 
    from
        DataPoint 
    where
        id=?
14:11:29,062 DEBUG SQL:104 - 
    delete 
    from
        DataPoint 
    where
        id=?
14:11:29,063 DEBUG SQL:104 - 
    delete 
    from
        DataPoint 
    where
        id=?
14:11:29,063 DEBUG SQL:104 - 
    delete 
    from
        DataPoint 
    where
        id=?
14:11:29,063 DEBUG SQL:104 - 
    delete 
    from
        DataPoint 
    where
        id=?
14:11:29,075 DEBUG SQL:104 - 
    delete 
    from
        DataPoint 
    where
        id=?
14:11:29,075 DEBUG SQL:104 - 
    delete 
    from
        DataPoint 
    where
        id=?
14:11:29,075 DEBUG SQL:104 - 
    delete 
    from
        DataPoint 
    where
        id=?
14:11:29,075 DEBUG SQL:104 - 
    delete 
    from
        DataPoint 
    where
        id=?
14:11:29,075 DEBUG SQL:104 - 
    delete 
    from
        DataPoint 
    where
        id=?
14:11:29,075 DEBUG SQL:104 - 
    delete 
    from
        DataPoint 
    where
        id=?
14:11:29,075 DEBUG SQL:104 - 
    delete 
    from
        DataPoint 
    where
        id=?
14:11:29,076 DEBUG SQL:104 - 
    delete 
    from
        DataPoint 
    where
        id=?
14:11:29,076 DEBUG SQL:104 - 
    delete 
    from
        DataPoint 
    where
        id=?
14:11:29,076 DEBUG SQL:104 - 
    delete 
    from
        DataPoint 
    where
        id=?
14:11:29,076 DEBUG SQL:104 - 
    delete 
    from
        DataPoint 
    where
        id=?
14:11:29,087 DEBUG SQL:104 - 
    delete 
    from
        DataPoint 
    where
        id=?
14:11:29,087 DEBUG SQL:104 - 
    delete 
    from
        DataPoint 
    where
        id=?
14:11:29,087 DEBUG SQL:104 - 
    delete 
    from
        DataPoint 
    where
        id=?
14:11:29,088 DEBUG SQL:104 - 
    delete 
    from
        DataPoint 
    where
        id=?
14:11:29,088 DEBUG SQL:104 - 
    delete 
    from
        DataPoint 
    where
        id=?
14:11:29,097 DEBUG SQL:104 - 
    delete 
    from
        DataPoint 
    where
        id=?
14:11:29,097 DEBUG SQL:104 - 
    delete 
    from
        DataPoint 
    where
        id=?
14:11:29,098 DEBUG SQL:104 - 
    delete 
    from
        DataPoint 
    where
        id=?
14:11:29,098 DEBUG SQL:104 - 
    delete 
    from
        DataPoint 
    where
        id=?
14:11:29,100 DEBUG SQL:104 - 
    delete 
    from
        DataPoint 
    where
        id=?
14:11:29,100 DEBUG SQL:104 - 
    delete 
    from
        DataPoint 
    where
        id=?
14:11:29,100 DEBUG SQL:104 - 
    delete 
    from
        DataPoint 
    where
        id=?
14:11:29,121 DEBUG SQL:104 - 
    delete 
    from
        DataPoint 
    where
        id=?
14:11:29,121 DEBUG SQL:104 - 
    delete 
    from
        DataPoint 
    where
        id=?
14:11:29,121 DEBUG SQL:104 - 
    delete 
    from
        DataPoint 
    where
        id=?
14:11:29,121 DEBUG SQL:104 - 
    delete 
    from
        DataPoint 
    where
        id=?
14:11:29,121 DEBUG SQL:104 - 
    delete 
    from
        DataPoint 
    where
        id=?
14:11:29,131 DEBUG SQL:104 - 
    delete 
    from
        DataPoint 
    where
        id=?
14:11:29,132 DEBUG SQL:104 - 
    delete 
    from
        DataPoint 
    where
        id=?
14:11:29,132 DEBUG SQL:104 - 
    delete 
    from
        DataPoint 
    where
        id=?
14:11:29,132 DEBUG SQL:104 - 
    delete 
    from
        DataPoint 
    where
        id=?
14:11:29,132 DEBUG SQL:104 - 
    delete 
    from
        DataPoint 
    where
        id=?
14:11:29,132 DEBUG SQL:104 - 
    delete 
    from
        DataPoint 
    where
        id=?
14:11:29,141 DEBUG SQL:104 - 
    delete 
    from
        DataPoint 
    where
        id=?
14:11:29,142 DEBUG SQL:104 - 
    delete 
    from
        DataPoint 
    where
        id=?
14:11:29,142 DEBUG SQL:104 - 
    delete 
    from
        DataPoint 
    where
        id=?
14:11:29,142 DEBUG SQL:104 - 
    delete 
    from
        DataPoint 
    where
        id=?
14:11:29,142 DEBUG SQL:104 - 
    delete 
    from
        DataPoint 
    where
        id=?
14:11:29,185 DEBUG SQL:104 - 
    delete 
    from
        DataPoint 
    where
        id=?
14:11:29,188 DEBUG SQL:104 - 
    delete 
    from
        DataPoint 
    where
        id=?
14:11:29,188 DEBUG SQL:104 - 
    delete 
    from
        DataPoint 
    where
        id=?
14:11:29,188 DEBUG SQL:104 - 
    delete 
    from
        DataPoint 
    where
        id=?
14:11:29,188 DEBUG SQL:104 - 
    delete 
    from
        DataPoint 
    where
        id=?
14:11:29,188 DEBUG SQL:104 - 
    delete 
    from
        DataPoint 
    where
        id=?
14:11:29,188 DEBUG SQL:104 - 
    delete 
    from
        DataPoint 
    where
        id=?
14:11:29,188 DEBUG SQL:104 - 
    delete 
    from
        DataPoint 
    where
        id=?
14:11:29,188 DEBUG SQL:104 - 
    delete 
    from
        DataPoint 
    where
        id=?
14:11:29,189 DEBUG SQL:104 - 
    delete 
    from
        DataPoint 
    where
        id=?
14:11:29,189 DEBUG SQL:104 - 
    delete 
    from
        DataPoint 
    where
        id=?
14:11:29,189 DEBUG SQL:104 - 
    delete 
    from
        DataPoint 
    where
        id=?
14:11:29,189 DEBUG SQL:104 - 
    delete 
    from
        DataPoint 
    where
        id=?
14:11:29,189 DEBUG SQL:104 - 
    delete 
    from
        DataPoint 
    where
        id=?
14:11:29,190 DEBUG SQL:104 - 
    delete 
    from
        DataPoint 
    where
        id=?
14:11:29,190 DEBUG SQL:104 - 
    delete 
    from
        DataPoint 
    where
        id=?
14:11:29,190 DEBUG SQL:104 - 
    delete 
    from
        DataPoint 
    where
        id=?
14:11:29,190 DEBUG SQL:104 - 
    delete 
    from
        DataPoint 
    where
        id=?
14:11:29,190 DEBUG SQL:104 - 
    delete 
    from
        DataPoint 
    where
        id=?
14:11:29,190 DEBUG SQL:104 - 
    delete 
    from
        DataPoint 
    where
        id=?
14:11:29,190 DEBUG SQL:104 - 
    delete 
    from
        DataPoint 
    where
        id=?
14:11:29,192 DEBUG SQL:104 - 
    delete 
    from
        DataPoint 
    where
        id=?
14:11:29,192 DEBUG SQL:104 - 
    delete 
    from
        DataPoint 
    where
        id=?
14:11:29,192 DEBUG SQL:104 - 
    delete 
    from
        DataPoint 
    where
        id=?
14:11:29,192 DEBUG SQL:104 - 
    delete 
    from
        DataPoint 
    where
        id=?
14:11:29,212 DEBUG SQL:104 - 
    delete 
    from
        DataPoint 
    where
        id=?
14:11:29,212 DEBUG SQL:104 - 
    delete 
    from
        DataPoint 
    where
        id=?
14:11:29,212 DEBUG SQL:104 - 
    delete 
    from
        DataPoint 
    where
        id=?
14:11:29,213 DEBUG SQL:104 - 
    delete 
    from
        DataPoint 
    where
        id=?
14:11:29,213 DEBUG SQL:104 - 
    delete 
    from
        DataPoint 
    where
        id=?
14:11:29,213 DEBUG SQL:104 - 
    delete 
    from
        DataPoint 
    where
        id=?
14:11:29,213 DEBUG SQL:104 - 
    delete 
    from
        DataPoint 
    where
        id=?
14:11:29,213 DEBUG SQL:104 - 
    delete 
    from
        DataPoint 
    where
        id=?
14:11:29,213 DEBUG SQL:104 - 
    delete 
    from
        DataPoint 
    where
        id=?
14:11:29,213 DEBUG SQL:104 - 
    delete 
    from
        DataPoint 
    where
        id=?
14:11:29,225 DEBUG SQL:104 - 
    delete 
    from
        DataPoint 
    where
        id=?
14:11:29,225 DEBUG SQL:104 - 
    delete 
    from
        DataPoint 
    where
        id=?
14:11:29,225 DEBUG SQL:104 - 
    delete 
    from
        DataPoint 
    where
        id=?
14:11:29,225 DEBUG SQL:104 - 
    delete 
    from
        DataPoint 
    where
        id=?
14:11:29,226 DEBUG SQL:104 - 
    delete 
    from
        DataPoint 
    where
        id=?
14:11:29,235 DEBUG SQL:104 - 
    delete 
    from
        DataPoint 
    where
        id=?
14:11:29,237 DEBUG SQL:104 - 
    delete 
    from
        DataPoint 
    where
        id=?
14:11:29,238 DEBUG SQL:104 - 
    delete 
    from
        DataPoint 
    where
        id=?
14:11:29,238 DEBUG SQL:104 - 
    delete 
    from
        DataPoint 
    where
        id=?
14:11:29,238 DEBUG SQL:104 - 
    delete 
    from
        DataPoint 
    where
        id=?
14:11:29,238 DEBUG SQL:104 - 
    delete 
    from
        DataPoint 
    where
        id=?
14:11:29,238 DEBUG SQL:104 - 
    delete 
    from
        DataPoint 
    where
        id=?
14:11:29,238 DEBUG SQL:104 - 
    delete 
    from
        DataPoint 
    where
        id=?
14:11:29,257 DEBUG SQL:104 - 
    delete 
    from
        DataPoint 
    where
        id=?
14:11:29,258 DEBUG SQL:104 - 
    delete 
    from
        DataPoint 
    where
        id=?
14:11:29,258 DEBUG SQL:104 - 
    delete 
    from
        DataPoint 
    where
        id=?
14:11:29,258 DEBUG SQL:104 - 
    delete 
    from
        DataPoint 
    where
        id=?
14:11:29,258 DEBUG SQL:104 - 
    delete 
    from
        DataPoint 
    where
        id=?
14:11:29,268 DEBUG SQL:104 - 
    delete 
    from
        DataPoint 
    where
        id=?
14:11:29,269 DEBUG SQL:104 - 
    delete 
    from
        DataPoint 
    where
        id=?
14:11:29,269 DEBUG SQL:104 - 
    delete 
    from
        DataPoint 
    where
        id=?
14:11:29,269 DEBUG SQL:104 - 
    delete 
    from
        DataPoint 
    where
        id=?
14:11:29,269 DEBUG SQL:104 - 
    delete 
    from
        DataPoint 
    where
        id=?
14:11:29,278 DEBUG SQL:104 - 
    delete 
    from
        DataPoint 
    where
        id=?
14:11:29,279 DEBUG SQL:104 - 
    delete 
    from
        DataPoint 
    where
        id=?
14:11:29,279 DEBUG SQL:104 - 
    delete 
    from
        DataPoint 
    where
        id=?
14:11:29,282 DEBUG SQL:104 - 
    delete 
    from
        DataPoint 
    where
        id=?
14:11:29,282 DEBUG SQL:104 - 
    delete 
    from
        DataPoint 
    where
        id=?
14:11:29,290 DEBUG SQL:104 - 
    delete 
    from
        DataPoint 
    where
        id=?
14:11:29,290 DEBUG SQL:104 - 
    delete 
    from
        DataPoint 
    where
        id=?
14:11:29,290 DEBUG SQL:104 - 
    delete 
    from
        DataPoint 
    where
        id=?
14:11:29,291 DEBUG SQL:104 - 
    delete 
    from
        DataPoint 
    where
        id=?
14:11:29,291 DEBUG SQL:104 - 
    delete 
    from
        DataPoint 
    where
        id=?
14:11:29,301 DEBUG SQL:104 - 
    delete 
    from
        DataPoint 
    where
        id=?
14:11:29,301 DEBUG SQL:104 - 
    delete 
    from
        DataPoint 
    where
        id=?
14:11:29,301 DEBUG SQL:104 - 
    delete 
    from
        DataPoint 
    where
        id=?
14:11:29,301 DEBUG SQL:104 - 
    delete 
    from
        DataPoint 
    where
        id=?
14:11:29,301 DEBUG SQL:104 - 
    delete 
    from
        DataPoint 
    where
        id=?
14:11:29,311 DEBUG SQL:104 - 
    delete 
    from
        DataPoint 
    where
        id=?
14:11:29,311 DEBUG SQL:104 - 
    delete 
    from
        DataPoint 
    where
        id=?
14:11:29,311 DEBUG SQL:104 - 
    delete 
    from
        DataPoint 
    where
        id=?
14:11:29,312 DEBUG SQL:104 - 
    delete 
    from
        DataPoint 
    where
        id=?
14:11:29,312 DEBUG SQL:104 - 
    delete 
    from
        DataPoint 
    where
        id=?
14:11:29,321 DEBUG SQL:104 - 
    delete 
    from
        DataPoint 
    where
        id=?
14:11:29,321 DEBUG SQL:104 - 
    delete 
    from
        DataPoint 
    where
        id=?
14:11:29,321 DEBUG SQL:104 - 
    delete 
    from
        DataPoint 
    where
        id=?
14:11:29,324 DEBUG SQL:104 - 
    delete 
    from
        DataPoint 
    where
        id=?
14:11:29,324 DEBUG SQL:104 - 
    delete 
    from
        DataPoint 
    where
        id=?
14:11:29,324 DEBUG SQL:104 - 
    delete 
    from
        DataPoint 
    where
        id=?
14:11:29,334 DEBUG SQL:104 - 
    delete 
    from
        DataPoint 
    where
        id=?
14:11:29,334 DEBUG SQL:104 - 
    delete 
    from
        DataPoint 
    where
        id=?
14:11:29,334 DEBUG SQL:104 - 
    delete 
    from
        DataPoint 
    where
        id=?
14:11:29,334 DEBUG SQL:104 - 
    delete 
    from
        DataPoint 
    where
        id=?
14:11:29,335 DEBUG SQL:104 - 
    delete 
    from
        DataPoint 
    where
        id=?
14:11:29,335 DEBUG SQL:104 - 
    delete 
    from
        DataPoint 
    where
        id=?
14:11:29,335 DEBUG SQL:104 - 
    delete 
    from
        DataPoint 
    where
        id=?
14:11:29,335 DEBUG SQL:104 - 
    delete 
    from
        DataPoint 
    where
        id=?
14:11:29,335 DEBUG SQL:104 - 
    delete 
    from
        DataPoint 
    where
        id=?
14:11:29,335 DEBUG SQL:104 - 
    delete 
    from
        DataPoint 
    where
        id=?
14:11:29,347 DEBUG SQL:104 - 
    delete 
    from
        DataPoint 
    where
        id=?
14:11:29,347 DEBUG SQL:104 - 
    delete 
    from
        DataPoint 
    where
        id=?
14:11:29,348 DEBUG SQL:104 - 
    delete 
    from
        DataPoint 
    where
        id=?
14:11:29,348 DEBUG SQL:104 - 
    delete 
    from
        DataPoint 
    where
        id=?
14:11:29,348 DEBUG SQL:104 - 
    delete 
    from
        DataPoint 
    where
        id=?
14:11:29,357 DEBUG SQL:104 - 
    delete 
    from
        DataPoint 
    where
        id=?
14:11:29,357 DEBUG SQL:104 - 
    delete 
    from
        DataPoint 
    where
        id=?
14:11:29,360 DEBUG SQL:104 - 
    delete 
    from
        DataPoint 
    where
        id=?
14:11:29,360 DEBUG SQL:104 - 
    delete 
    from
        DataPoint 
    where
        id=?
14:11:29,360 DEBUG SQL:104 - 
    delete 
    from
        DataPoint 
    where
        id=?
14:11:29,361 DEBUG SQL:104 - 
    delete 
    from
        DataPoint 
    where
        id=?
14:11:29,361 DEBUG SQL:104 - 
    delete 
    from
        DataPoint 
    where
        id=?
14:11:29,361 DEBUG SQL:104 - 
    delete 
    from
        DataPoint 
    where
        id=?
14:11:29,383 DEBUG SQL:104 - 
    delete 
    from
        DataPoint 
    where
        id=?
14:11:29,383 DEBUG SQL:104 - 
    delete 
    from
        DataPoint 
    where
        id=?
14:11:29,383 DEBUG SQL:104 - 
    delete 
    from
        DataPoint 
    where
        id=?
14:11:29,383 DEBUG SQL:104 - 
    delete 
    from
        DataPoint 
    where
        id=?
14:11:29,384 DEBUG SQL:104 - 
    delete 
    from
        DataPoint 
    where
        id=?
14:11:29,391 DEBUG SQL:104 - 
    delete 
    from
        DataPoint 
    where
        id=?
14:11:29,392 DEBUG SQL:104 - 
    delete 
    from
        DataPoint 
    where
        id=?
14:11:29,392 DEBUG SQL:104 - 
    delete 
    from
        DataPoint 
    where
        id=?
14:11:29,392 DEBUG SQL:104 - 
    delete 
    from
        DataPoint 
    where
        id=?
14:11:29,392 DEBUG SQL:104 - 
    delete 
    from
        DataPoint 
    where
        id=?
14:11:29,401 DEBUG SQL:104 - 
    delete 
    from
        DataPoint 
    where
        id=?
14:11:29,401 DEBUG SQL:104 - 
    delete 
    from
        DataPoint 
    where
        id=?
14:11:29,401 DEBUG SQL:104 - 
    delete 
    from
        DataPoint 
    where
        id=?
14:11:29,401 DEBUG SQL:104 - 
    delete 
    from
        DataPoint 
    where
        id=?
14:11:29,403 DEBUG SQL:104 - 
    delete 
    from
        DataPoint 
    where
        id=?
14:11:29,412 DEBUG SQL:104 - 
    delete 
    from
        DataPoint 
    where
        id=?
14:11:29,412 DEBUG SQL:104 - 
    delete 
    from
        DataPoint 
    where
        id=?
14:11:29,412 DEBUG SQL:104 - 
    delete 
    from
        DataPoint 
    where
        id=?
14:11:29,412 DEBUG SQL:104 - 
    delete 
    from
        DataPoint 
    where
        id=?
14:11:29,412 DEBUG SQL:104 - 
    delete 
    from
        DataPoint 
    where
        id=?
14:11:29,421 DEBUG SQL:104 - 
    delete 
    from
        DataPoint 
    where
        id=?
14:11:29,421 DEBUG SQL:104 - 
    delete 
    from
        DataPoint 
    where
        id=?
14:11:29,421 DEBUG SQL:104 - 
    delete 
    from
        DataPoint 
    where
        id=?
14:11:29,421 DEBUG SQL:104 - 
    delete 
    from
        DataPoint 
    where
        id=?
14:11:29,422 DEBUG SQL:104 - 
    delete 
    from
        DataPoint 
    where
        id=?
14:11:29,430 DEBUG SQL:104 - 
    delete 
    from
        DataPoint 
    where
        id=?
14:11:29,431 DEBUG SQL:104 - 
    delete 
    from
        DataPoint 
    where
        id=?
14:11:29,431 DEBUG SQL:104 - 
    delete 
    from
        DataPoint 
    where
        id=?
14:11:29,431 DEBUG SQL:104 - 
    delete 
    from
        DataPoint 
    where
        id=?
14:11:29,431 DEBUG SQL:104 - 
    delete 
    from
        DataPoint 
    where
        id=?
14:11:29,440 DEBUG SQL:104 - 
    delete 
    from
        DataPoint 
    where
        id=?
14:11:29,440 DEBUG SQL:104 - 
    delete 
    from
        DataPoint 
    where
        id=?
14:11:29,440 DEBUG SQL:104 - 
    delete 
    from
        DataPoint 
    where
        id=?
14:11:29,440 DEBUG SQL:104 - 
    delete 
    from
        DataPoint 
    where
        id=?
14:11:29,442 DEBUG SQL:104 - 
    delete 
    from
        DataPoint 
    where
        id=?
14:11:29,449 DEBUG SQL:104 - 
    delete 
    from
        DataPoint 
    where
        id=?
14:11:29,449 DEBUG SQL:104 - 
    delete 
    from
        DataPoint 
    where
        id=?
14:11:29,449 DEBUG SQL:104 - 
    delete 
    from
        DataPoint 
    where
        id=?
14:11:29,450 DEBUG SQL:104 - 
    delete 
    from
        DataPoint 
    where
        id=?
14:11:29,450 DEBUG SQL:104 - 
    delete 
    from
        DataPoint 
    where
        id=?
14:11:29,459 DEBUG SQL:104 - 
    delete 
    from
        DataPoint 
    where
        id=?
14:11:29,459 DEBUG SQL:104 - 
    delete 
    from
        DataPoint 
    where
        id=?
14:11:29,459 DEBUG SQL:104 - 
    delete 
    from
        DataPoint 
    where
        id=?
14:11:29,459 DEBUG SQL:104 - 
    delete 
    from
        DataPoint 
    where
        id=?
14:11:29,459 DEBUG SQL:104 - 
    delete 
    from
        DataPoint 
    where
        id=?
14:11:29,460 DEBUG SQL:104 - 
    delete 
    from
        DataPoint 
    where
        id=?
14:11:29,460 DEBUG SQL:104 - 
    delete 
    from
        DataPoint 
    where
        id=?
14:11:29,460 DEBUG SQL:104 - 
    delete 
    from
        DataPoint 
    where
        id=?
14:11:29,460 DEBUG SQL:104 - 
    delete 
    from
        DataPoint 
    where
        id=?
14:11:29,460 DEBUG SQL:104 - 
    delete 
    from
        DataPoint 
    where
        id=?
14:11:29,460 DEBUG SQL:104 - 
    delete 
    from
        DataPoint 
    where
        id=?
14:11:29,471 DEBUG SQL:104 - 
    delete 
    from
        DataPoint 
    where
        id=?
14:11:29,471 DEBUG SQL:104 - 
    delete 
    from
        DataPoint 
    where
        id=?
14:11:29,471 DEBUG SQL:104 - 
    delete 
    from
        DataPoint 
    where
        id=?
14:11:29,473 DEBUG SQL:104 - 
    delete 
    from
        DataPoint 
    where
        id=?
14:11:29,473 DEBUG SQL:104 - 
    delete 
    from
        DataPoint 
    where
        id=?
14:11:29,481 DEBUG SQL:104 - 
    delete 
    from
        DataPoint 
    where
        id=?
14:11:29,481 DEBUG SQL:104 - 
    delete 
    from
        DataPoint 
    where
        id=?
14:11:29,481 DEBUG SQL:104 - 
    delete 
    from
        DataPoint 
    where
        id=?
14:11:29,481 DEBUG SQL:104 - 
    delete 
    from
        DataPoint 
    where
        id=?
14:11:29,482 DEBUG SQL:104 - 
    delete 
    from
        DataPoint 
    where
        id=?
14:11:29,482 DEBUG SQL:104 - 
    delete 
    from
        DataPoint 
    where
        id=?
14:11:29,482 DEBUG SQL:104 - 
    delete 
    from
        DataPoint 
    where
        id=?
14:11:29,503 DEBUG SQL:104 - 
    delete 
    from
        DataPoint 
    where
        id=?
14:11:29,503 DEBUG SQL:104 - 
    delete 
    from
        DataPoint 
    where
        id=?
14:11:29,504 DEBUG SQL:104 - 
    delete 
    from
        DataPoint 
    where
        id=?
14:11:29,504 DEBUG SQL:104 - 
    delete 
    from
        DataPoint 
    where
        id=?
14:11:29,504 DEBUG SQL:104 - 
    delete 
    from
        DataPoint 
    where
        id=?
14:11:29,517 DEBUG SQL:104 - 
    delete 
    from
        DataPoint 
    where
        id=?
14:11:29,517 DEBUG SQL:104 - 
    delete 
    from
        DataPoint 
    where
        id=?
14:11:29,517 DEBUG SQL:104 - 
    delete 
    from
        DataPoint 
    where
        id=?
14:11:29,517 DEBUG SQL:104 - 
    delete 
    from
        DataPoint 
    where
        id=?
14:11:29,518 DEBUG SQL:104 - 
    delete 
    from
        DataPoint 
    where
        id=?
14:11:29,518 DEBUG SQL:104 - 
    delete 
    from
        DataPoint 
    where
        id=?
14:11:29,529 DEBUG SQL:104 - 
    delete 
    from
        DataPoint 
    where
        id=?
14:11:29,530 DEBUG SQL:104 - 
    delete 
    from
        DataPoint 
    where
        id=?
14:11:29,530 DEBUG SQL:104 - 
    delete 
    from
        DataPoint 
    where
        id=?
14:11:29,530 DEBUG SQL:104 - 
    delete 
    from
        DataPoint 
    where
        id=?
14:11:29,530 DEBUG SQL:104 - 
    delete 
    from
        DataPoint 
    where
        id=?
14:11:29,537 DEBUG SQL:104 - 
    delete 
    from
        DataPoint 
    where
        id=?
14:11:29,537 DEBUG SQL:104 - 
    delete 
    from
        DataPoint 
    where
        id=?
14:11:29,537 DEBUG SQL:104 - 
    delete 
    from
        DataPoint 
    where
        id=?
14:11:29,537 DEBUG SQL:104 - 
    delete 
    from
        DataPoint 
    where
        id=?
14:11:29,537 DEBUG SQL:104 - 
    delete 
    from
        DataPoint 
    where
        id=?
14:11:29,547 DEBUG SQL:104 - 
    delete 
    from
        DataPoint 
    where
        id=?
14:11:29,547 DEBUG SQL:104 - 
    delete 
    from
        DataPoint 
    where
        id=?
14:11:29,547 DEBUG SQL:104 - 
    delete 
    from
        DataPoint 
    where
        id=?
14:11:29,547 DEBUG SQL:104 - 
    delete 
    from
        DataPoint 
    where
        id=?
14:11:29,547 DEBUG SQL:104 - 
    delete 
    from
        DataPoint 
    where
        id=?
14:11:29,557 DEBUG SQL:104 - 
    delete 
    from
        DataPoint 
    where
        id=?
14:11:29,558 DEBUG SQL:104 - 
    delete 
    from
        DataPoint 
    where
        id=?
14:11:29,558 DEBUG SQL:104 - 
    delete 
    from
        DataPoint 
    where
        id=?
14:11:29,558 DEBUG SQL:104 - 
    delete 
    from
        DataPoint 
    where
        id=?
14:11:29,558 DEBUG SQL:104 - 
    delete 
    from
        DataPoint 
    where
        id=?
14:11:29,570 DEBUG SQL:104 - 
    delete 
    from
        DataPoint 
    where
        id=?
14:11:29,570 DEBUG SQL:104 - 
    delete 
    from
        DataPoint 
    where
        id=?
14:11:29,570 DEBUG SQL:104 - 
    delete 
    from
        DataPoint 
    where
        id=?
14:11:29,570 DEBUG SQL:104 - 
    delete 
    from
        DataPoint 
    where
        id=?
14:11:29,570 DEBUG SQL:104 - 
    delete 
    from
        DataPoint 
    where
        id=?
14:11:29,581 DEBUG SQL:104 - 
    delete 
    from
        DataPoint 
    where
        id=?
14:11:29,581 DEBUG SQL:104 - 
    delete 
    from
        DataPoint 
    where
        id=?
14:11:29,581 DEBUG SQL:104 - 
    delete 
    from
        DataPoint 
    where
        id=?
14:11:29,581 DEBUG SQL:104 - 
    delete 
    from
        DataPoint 
    where
        id=?
14:11:29,581 DEBUG SQL:104 - 
    delete 
    from
        DataPoint 
    where
        id=?
14:11:29,581 DEBUG SQL:104 - 
    delete 
    from
        DataPoint 
    where
        id=?
14:11:29,582 DEBUG SQL:104 - 
    delete 
    from
        DataPoint 
    where
        id=?
14:11:29,582 DEBUG SQL:104 - 
    delete 
    from
        DataPoint 
    where
        id=?
14:11:29,582 DEBUG SQL:104 - 
    delete 
    from
        DataPoint 
    where
        id=?
14:11:29,582 DEBUG SQL:104 - 
    delete 
    from
        DataPoint 
    where
        id=?
14:11:29,594 DEBUG SQL:104 - 
    delete 
    from
        DataPoint 
    where
        id=?
14:11:29,595 DEBUG SQL:104 - 
    delete 
    from
        DataPoint 
    where
        id=?
14:11:29,595 DEBUG SQL:104 - 
    delete 
    from
        DataPoint 
    where
        id=?
14:11:29,595 DEBUG SQL:104 - 
    delete 
    from
        DataPoint 
    where
        id=?
14:11:29,595 DEBUG SQL:104 - 
    delete 
    from
        DataPoint 
    where
        id=?
14:11:29,607 DEBUG SQL:104 - 
    delete 
    from
        DataPoint 
    where
        id=?
14:11:29,607 DEBUG SQL:104 - 
    delete 
    from
        DataPoint 
    where
        id=?
14:11:29,607 DEBUG SQL:104 - 
    delete 
    from
        DataPoint 
    where
        id=?
14:11:29,607 DEBUG SQL:104 - 
    delete 
    from
        DataPoint 
    where
        id=?
14:11:29,607 DEBUG SQL:104 - 
    delete 
    from
        DataPoint 
    where
        id=?
14:11:29,608 DEBUG SQL:104 - 
    delete 
    from
        DataPoint 
    where
        id=?
14:11:29,608 DEBUG SQL:104 - 
    delete 
    from
        DataPoint 
    where
        id=?
14:11:29,608 DEBUG SQL:104 - 
    delete 
    from
        DataPoint 
    where
        id=?
14:11:29,634 DEBUG SQL:104 - 
    delete 
    from
        DataPoint 
    where
        id=?
14:11:29,634 DEBUG SQL:104 - 
    delete 
    from
        DataPoint 
    where
        id=?
14:11:29,635 DEBUG SQL:104 - 
    delete 
    from
        DataPoint 
    where
        id=?
14:11:29,635 DEBUG SQL:104 - 
    delete 
    from
        DataPoint 
    where
        id=?
14:11:29,635 DEBUG SQL:104 - 
    delete 
    from
        DataPoint 
    where
        id=?
14:11:29,635 DEBUG SQL:104 - 
    delete 
    from
        DataPoint 
    where
        id=?
14:11:29,635 DEBUG SQL:104 - 
    delete 
    from
        DataPoint 
    where
        id=?
14:11:29,635 DEBUG SQL:104 - 
    delete 
    from
        DataPoint 
    where
        id=?
14:11:29,635 DEBUG SQL:104 - 
    delete 
    from
        DataPoint 
    where
        id=?
14:11:29,635 DEBUG SQL:104 - 
    delete 
    from
        DataPoint 
    where
        id=?
14:11:29,636 DEBUG SQL:104 - 
    delete 
    from
        DataPoint 
    where
        id=?
14:11:29,636 DEBUG SQL:104 - 
    delete 
    from
        DataPoint 
    where
        id=?
14:11:29,637 DEBUG SQL:104 - 
    delete 
    from
        DataPoint 
    where
        id=?
14:11:29,657 DEBUG SQL:104 - 
    delete 
    from
        DataPoint 
    where
        id=?
14:11:29,658 DEBUG SQL:104 - 
    delete 
    from
        DataPoint 
    where
        id=?
14:11:29,658 DEBUG SQL:104 - 
    delete 
    from
        DataPoint 
    where
        id=?
14:11:29,658 DEBUG SQL:104 - 
    delete 
    from
        DataPoint 
    where
        id=?
14:11:29,658 DEBUG SQL:104 - 
    delete 
    from
        DataPoint 
    where
        id=?
14:11:29,668 DEBUG SQL:104 - 
    delete 
    from
        DataPoint 
    where
        id=?
14:11:29,668 DEBUG SQL:104 - 
    delete 
    from
        DataPoint 
    where
        id=?
14:11:29,668 DEBUG SQL:104 - 
    delete 
    from
        DataPoint 
    where
        id=?
14:11:29,668 DEBUG SQL:104 - 
    delete 
    from
        DataPoint 
    where
        id=?
14:11:29,668 DEBUG SQL:104 - 
    delete 
    from
        DataPoint 
    where
        id=?
14:11:29,679 DEBUG SQL:104 - 
    delete 
    from
        DataPoint 
    where
        id=?
14:11:29,679 DEBUG SQL:104 - 
    delete 
    from
        DataPoint 
    where
        id=?
14:11:29,679 DEBUG SQL:104 - 
    delete 
    from
        DataPoint 
    where
        id=?
14:11:29,679 DEBUG SQL:104 - 
    delete 
    from
        DataPoint 
    where
        id=?
14:11:29,680 DEBUG SQL:104 - 
    delete 
    from
        DataPoint 
    where
        id=?
14:11:29,690 DEBUG SQL:104 - 
    delete 
    from
        DataPoint 
    where
        id=?
14:11:29,690 DEBUG SQL:104 - 
    delete 
    from
        DataPoint 
    where
        id=?
14:11:29,690 DEBUG SQL:104 - 
    delete 
    from
        DataPoint 
    where
        id=?
14:11:29,690 DEBUG SQL:104 - 
    delete 
    from
        DataPoint 
    where
        id=?
14:11:29,692 DEBUG SQL:104 - 
    delete 
    from
        DataPoint 
    where
        id=?
14:11:29,700 DEBUG SQL:104 - 
    delete 
    from
        DataPoint 
    where
        id=?
14:11:29,701 DEBUG SQL:104 - 
    delete 
    from
        DataPoint 
    where
        id=?
14:11:29,701 DEBUG SQL:104 - 
    delete 
    from
        DataPoint 
    where
        id=?
14:11:29,701 DEBUG SQL:104 - 
    delete 
    from
        DataPoint 
    where
        id=?
14:11:29,701 DEBUG SQL:104 - 
    delete 
    from
        DataPoint 
    where
        id=?
14:11:29,710 DEBUG SQL:104 - 
    delete 
    from
        DataPoint 
    where
        id=?
14:11:29,710 DEBUG SQL:104 - 
    delete 
    from
        DataPoint 
    where
        id=?
14:11:29,711 DEBUG SQL:104 - 
    delete 
    from
        DataPoint 
    where
        id=?
14:11:29,711 DEBUG SQL:104 - 
    delete 
    from
        DataPoint 
    where
        id=?
14:11:29,711 DEBUG SQL:104 - 
    delete 
    from
        DataPoint 
    where
        id=?
14:11:29,711 DEBUG SQL:104 - 
    delete 
    from
        DataPoint 
    where
        id=?
14:11:29,711 DEBUG SQL:104 - 
    delete 
    from
        DataPoint 
    where
        id=?
14:11:29,711 DEBUG SQL:104 - 
    delete 
    from
        DataPoint 
    where
        id=?
14:11:29,711 DEBUG SQL:104 - 
    delete 
    from
        DataPoint 
    where
        id=?
14:11:29,711 DEBUG SQL:104 - 
    delete 
    from
        DataPoint 
    where
        id=?
14:11:29,723 DEBUG SQL:104 - 
    delete 
    from
        DataPoint 
    where
        id=?
14:11:29,724 DEBUG SQL:104 - 
    delete 
    from
        DataPoint 
    where
        id=?
14:11:29,724 DEBUG SQL:104 - 
    delete 
    from
        DataPoint 
    where
        id=?
14:11:29,724 DEBUG SQL:104 - 
    delete 
    from
        DataPoint 
    where
        id=?
14:11:29,726 DEBUG SQL:104 - 
    delete 
    from
        DataPoint 
    where
        id=?
14:11:29,734 DEBUG SQL:104 - 
    delete 
    from
        DataPoint 
    where
        id=?
14:11:29,734 DEBUG SQL:104 - 
    delete 
    from
        DataPoint 
    where
        id=?
14:11:29,734 DEBUG SQL:104 - 
    delete 
    from
        DataPoint 
    where
        id=?
14:11:29,734 DEBUG SQL:104 - 
    delete 
    from
        DataPoint 
    where
        id=?
14:11:29,735 DEBUG SQL:104 - 
    delete 
    from
        DataPoint 
    where
        id=?
14:11:29,735 DEBUG SQL:104 - 
    delete 
    from
        DataPoint 
    where
        id=?
14:11:29,735 DEBUG SQL:104 - 
    delete 
    from
        DataPoint 
    where
        id=?
14:11:29,735 DEBUG SQL:104 - 
    delete 
    from
        DataPoint 
    where
        id=?
14:11:29,761 DEBUG SQL:104 - 
    delete 
    from
        DataPoint 
    where
        id=?
14:11:29,761 DEBUG SQL:104 - 
    delete 
    from
        DataPoint 
    where
        id=?
14:11:29,761 DEBUG SQL:104 - 
    delete 
    from
        DataPoint 
    where
        id=?
14:11:29,761 DEBUG SQL:104 - 
    delete 
    from
        DataPoint 
    where
        id=?
14:11:29,761 DEBUG SQL:104 - 
    delete 
    from
        DataPoint 
    where
        id=?
14:11:29,770 DEBUG SQL:104 - 
    delete 
    from
        DataPoint 
    where
        id=?
14:11:29,770 DEBUG SQL:104 - 
    delete 
    from
        DataPoint 
    where
        id=?
14:11:29,770 DEBUG SQL:104 - 
    delete 
    from
        DataPoint 
    where
        id=?
14:11:29,770 DEBUG SQL:104 - 
    delete 
    from
        DataPoint 
    where
        id=?
14:11:29,770 DEBUG SQL:104 - 
    delete 
    from
        DataPoint 
    where
        id=?
14:11:29,780 DEBUG SQL:104 - 
    delete 
    from
        DataPoint 
    where
        id=?
14:11:29,783 DEBUG SQL:104 - 
    delete 
    from
        DataPoint 
    where
        id=?
14:11:29,783 DEBUG SQL:104 - 
    delete 
    from
        DataPoint 
    where
        id=?
14:11:29,783 DEBUG SQL:104 - 
    delete 
    from
        DataPoint 
    where
        id=?
14:11:29,783 DEBUG SQL:104 - 
    delete 
    from
        DataPoint 
    where
        id=?
14:11:29,792 DEBUG SQL:104 - 
    delete 
    from
        DataPoint 
    where
        id=?
14:11:29,792 DEBUG SQL:104 - 
    delete 
    from
        DataPoint 
    where
        id=?
14:11:29,792 DEBUG SQL:104 - 
    delete 
    from
        DataPoint 
    where
        id=?
14:11:29,792 DEBUG SQL:104 - 
    delete 
    from
        DataPoint 
    where
        id=?
14:11:29,792 DEBUG SQL:104 - 
    delete 
    from
        DataPoint 
    where
        id=?
14:11:29,793 DEBUG SQL:104 - 
    delete 
    from
        DataPoint 
    where
        id=?
14:11:29,802 DEBUG SQL:104 - 
    delete 
    from
        DataPoint 
    where
        id=?
14:11:29,802 DEBUG SQL:104 - 
    delete 
    from
        DataPoint 
    where
        id=?
14:11:29,803 DEBUG SQL:104 - 
    delete 
    from
        DataPoint 
    where
        id=?
14:11:29,803 DEBUG SQL:104 - 
    delete 
    from
        DataPoint 
    where
        id=?
14:11:29,803 DEBUG SQL:104 - 
    delete 
    from
        DataPoint 
    where
        id=?
14:11:29,813 DEBUG SQL:104 - 
    delete 
    from
        DataPoint 
    where
        id=?
14:11:29,813 DEBUG SQL:104 - 
    delete 
    from
        DataPoint 
    where
        id=?
14:11:29,813 DEBUG SQL:104 - 
    delete 
    from
        DataPoint 
    where
        id=?
14:11:29,813 DEBUG SQL:104 - 
    delete 
    from
        DataPoint 
    where
        id=?
14:11:29,814 DEBUG SQL:104 - 
    delete 
    from
        DataPoint 
    where
        id=?
14:11:29,826 DEBUG SQL:104 - 
    delete 
    from
        DataPoint 
    where
        id=?
14:11:29,826 DEBUG SQL:104 - 
    delete 
    from
        DataPoint 
    where
        id=?
14:11:29,827 DEBUG SQL:104 - 
    delete 
    from
        DataPoint 
    where
        id=?
14:11:29,827 DEBUG SQL:104 - 
    delete 
    from
        DataPoint 
    where
        id=?
14:11:29,827 DEBUG SQL:104 - 
    delete 
    from
        DataPoint 
    where
        id=?
14:11:29,837 DEBUG SQL:104 - 
    delete 
    from
        DataPoint 
    where
        id=?
14:11:29,837 DEBUG SQL:104 - 
    delete 
    from
        DataPoint 
    where
        id=?
14:11:29,837 DEBUG SQL:104 - 
    delete 
    from
        DataPoint 
    where
        id=?
14:11:29,838 DEBUG SQL:104 - 
    delete 
    from
        DataPoint 
    where
        id=?
14:11:29,838 DEBUG SQL:104 - 
    delete 
    from
        DataPoint 
    where
        id=?
14:11:29,838 DEBUG SQL:104 - 
    delete 
    from
        DataPoint 
    where
        id=?
14:11:29,838 DEBUG SQL:104 - 
    delete 
    from
        DataPoint 
    where
        id=?
14:11:29,838 DEBUG SQL:104 - 
    delete 
    from
        DataPoint 
    where
        id=?
14:11:29,838 DEBUG SQL:104 - 
    delete 
    from
        DataPoint 
    where
        id=?
14:11:29,838 DEBUG SQL:104 - 
    delete 
    from
        DataPoint 
    where
        id=?
14:11:29,849 DEBUG SQL:104 - 
    delete 
    from
        DataPoint 
    where
        id=?
14:11:29,850 DEBUG SQL:104 - 
    delete 
    from
        DataPoint 
    where
        id=?
14:11:29,850 DEBUG SQL:104 - 
    delete 
    from
        DataPoint 
    where
        id=?
14:11:29,850 DEBUG SQL:104 - 
    delete 
    from
        DataPoint 
    where
        id=?
14:11:29,850 DEBUG SQL:104 - 
    delete 
    from
        DataPoint 
    where
        id=?
14:11:29,862 DEBUG SQL:104 - 
    delete 
    from
        DataPoint 
    where
        id=?
14:11:29,862 DEBUG SQL:104 - 
    delete 
    from
        DataPoint 
    where
        id=?
14:11:29,862 DEBUG SQL:104 - 
    delete 
    from
        DataPoint 
    where
        id=?
14:11:29,863 DEBUG SQL:104 - 
    delete 
    from
        DataPoint 
    where
        id=?
14:11:29,863 DEBUG SQL:104 - 
    delete 
    from
        DataPoint 
    where
        id=?
14:11:29,863 DEBUG SQL:104 - 
    delete 
    from
        DataPoint 
    where
        id=?
14:11:29,876 DEBUG SQL:104 - 
    delete 
    from
        DataPoint 
    where
        id=?
14:11:29,877 DEBUG SQL:104 - 
    delete 
    from
        DataPoint 
    where
        id=?
14:11:29,897 DEBUG SQL:104 - 
    delete 
    from
        DataPoint 
    where
        id=?
14:11:29,897 DEBUG SQL:104 - 
    delete 
    from
        DataPoint 
    where
        id=?
14:11:29,897 DEBUG SQL:104 - 
    delete 
    from
        DataPoint 
    where
        id=?
14:11:29,897 DEBUG SQL:104 - 
    delete 
    from
        DataPoint 
    where
        id=?
14:11:29,897 DEBUG SQL:104 - 
    delete 
    from
        DataPoint 
    where
        id=?
14:11:29,906 DEBUG SQL:104 - 
    delete 
    from
        DataPoint 
    where
        id=?
14:11:29,907 DEBUG SQL:104 - 
    delete 
    from
        DataPoint 
    where
        id=?
14:11:29,907 DEBUG SQL:104 - 
    delete 
    from
        DataPoint 
    where
        id=?
14:11:29,907 DEBUG SQL:104 - 
    delete 
    from
        DataPoint 
    where
        id=?
14:11:29,907 DEBUG SQL:104 - 
    delete 
    from
        DataPoint 
    where
        id=?
14:11:29,917 DEBUG SQL:104 - 
    delete 
    from
        DataPoint 
    where
        id=?
14:11:29,917 DEBUG SQL:104 - 
    delete 
    from
        DataPoint 
    where
        id=?
14:11:29,919 DEBUG SQL:104 - 
    delete 
    from
        DataPoint 
    where
        id=?
14:11:29,919 DEBUG SQL:104 - 
    delete 
    from
        DataPoint 
    where
        id=?
14:11:29,919 DEBUG SQL:104 - 
    delete 
    from
        DataPoint 
    where
        id=?
14:11:29,928 DEBUG SQL:104 - 
    delete 
    from
        DataPoint 
    where
        id=?
14:11:29,928 DEBUG SQL:104 - 
    delete 
    from
        DataPoint 
    where
        id=?
14:11:29,928 DEBUG SQL:104 - 
    delete 
    from
        DataPoint 
    where
        id=?
14:11:29,928 DEBUG SQL:104 - 
    delete 
    from
        DataPoint 
    where
        id=?
14:11:29,928 DEBUG SQL:104 - 
    delete 
    from
        DataPoint 
    where
        id=?
14:11:29,938 DEBUG SQL:104 - 
    delete 
    from
        DataPoint 
    where
        id=?
14:11:29,938 DEBUG SQL:104 - 
    delete 
    from
        DataPoint 
    where
        id=?
14:11:29,938 DEBUG SQL:104 - 
    delete 
    from
        DataPoint 
    where
        id=?
14:11:29,939 DEBUG SQL:104 - 
    delete 
    from
        DataPoint 
    where
        id=?
14:11:29,939 DEBUG SQL:104 - 
    delete 
    from
        DataPoint 
    where
        id=?
14:11:29,948 DEBUG SQL:104 - 
    delete 
    from
        DataPoint 
    where
        id=?
14:11:29,948 DEBUG SQL:104 - 
    delete 
    from
        DataPoint 
    where
        id=?
14:11:29,948 DEBUG SQL:104 - 
    delete 
    from
        DataPoint 
    where
        id=?
14:11:29,949 DEBUG SQL:104 - 
    delete 
    from
        DataPoint 
    where
        id=?
14:11:29,949 DEBUG SQL:104 - 
    delete 
    from
        DataPoint 
    where
        id=?
14:11:29,949 DEBUG SQL:104 - 
    delete 
    from
        DataPoint 
    where
        id=?
14:11:29,960 DEBUG SQL:104 - 
    delete 
    from
        DataPoint 
    where
        id=?
14:11:29,962 DEBUG SQL:104 - 
    delete 
    from
        DataPoint 
    where
        id=?
14:11:29,962 DEBUG SQL:104 - 
    delete 
    from
        DataPoint 
    where
        id=?
14:11:29,962 DEBUG SQL:104 - 
    delete 
    from
        DataPoint 
    where
        id=?
14:11:29,962 DEBUG SQL:104 - 
    delete 
    from
        DataPoint 
    where
        id=?
14:11:29,962 DEBUG SQL:104 - 
    delete 
    from
        DataPoint 
    where
        id=?
14:11:29,962 DEBUG SQL:104 - 
    delete 
    from
        DataPoint 
    where
        id=?
14:11:29,963 DEBUG SQL:104 - 
    delete 
    from
        DataPoint 
    where
        id=?
14:11:29,963 DEBUG SQL:104 - 
    delete 
    from
        DataPoint 
    where
        id=?
14:11:29,963 DEBUG SQL:104 - 
    delete 
    from
        DataPoint 
    where
        id=?
14:11:29,973 DEBUG SQL:104 - 
    delete 
    from
        DataPoint 
    where
        id=?
14:11:29,974 DEBUG SQL:104 - 
    delete 
    from
        DataPoint 
    where
        id=?
14:11:29,974 DEBUG SQL:104 - 
    delete 
    from
        DataPoint 
    where
        id=?
14:11:29,974 DEBUG SQL:104 - 
    delete 
    from
        DataPoint 
    where
        id=?
14:11:29,974 DEBUG SQL:104 - 
    delete 
    from
        DataPoint 
    where
        id=?
14:11:29,983 DEBUG SQL:104 - 
    delete 
    from
        DataPoint 
    where
        id=?
14:11:29,983 DEBUG SQL:104 - 
    delete 
    from
        DataPoint 
    where
        id=?
14:11:29,983 DEBUG SQL:104 - 
    delete 
    from
        DataPoint 
    where
        id=?
14:11:29,984 DEBUG SQL:104 - 
    delete 
    from
        DataPoint 
    where
        id=?
14:11:29,984 DEBUG SQL:104 - 
    delete 
    from
        DataPoint 
    where
        id=?
14:11:29,984 DEBUG SQL:104 - 
    delete 
    from
        DataPoint 
    where
        id=?
14:11:29,986 DEBUG SQL:104 - 
    delete 
    from
        DataPoint 
    where
        id=?
14:11:29,986 DEBUG SQL:104 - 
    delete 
    from
        DataPoint 
    where
        id=?
14:11:30,006 DEBUG SQL:104 - 
    delete 
    from
        DataPoint 
    where
        id=?
14:11:30,006 DEBUG SQL:104 - 
    delete 
    from
        DataPoint 
    where
        id=?
14:11:30,006 DEBUG SQL:104 - 
    delete 
    from
        DataPoint 
    where
        id=?
14:11:30,006 DEBUG SQL:104 - 
    delete 
    from
        DataPoint 
    where
        id=?
14:11:30,006 DEBUG SQL:104 - 
    delete 
    from
        DataPoint 
    where
        id=?
14:11:30,016 DEBUG SQL:104 - 
    delete 
    from
        DataPoint 
    where
        id=?
14:11:30,016 DEBUG SQL:104 - 
    delete 
    from
        DataPoint 
    where
        id=?
14:11:30,016 DEBUG SQL:104 - 
    delete 
    from
        DataPoint 
    where
        id=?
14:11:30,016 DEBUG SQL:104 - 
    delete 
    from
        DataPoint 
    where
        id=?
14:11:30,017 DEBUG SQL:104 - 
    delete 
    from
        DataPoint 
    where
        id=?
14:11:30,026 DEBUG SQL:104 - 
    delete 
    from
        DataPoint 
    where
        id=?
14:11:30,026 DEBUG SQL:104 - 
    delete 
    from
        DataPoint 
    where
        id=?
14:11:30,026 DEBUG SQL:104 - 
    delete 
    from
        DataPoint 
    where
        id=?
14:11:30,026 DEBUG SQL:104 - 
    delete 
    from
        DataPoint 
    where
        id=?
14:11:30,026 DEBUG SQL:104 - 
    delete 
    from
        DataPoint 
    where
        id=?
14:11:30,037 DEBUG SQL:104 - 
    delete 
    from
        DataPoint 
    where
        id=?
14:11:30,037 DEBUG SQL:104 - 
    delete 
    from
        DataPoint 
    where
        id=?
14:11:30,037 DEBUG SQL:104 - 
    delete 
    from
        DataPoint 
    where
        id=?
14:11:30,039 DEBUG SQL:104 - 
    delete 
    from
        DataPoint 
    where
        id=?
14:11:30,039 DEBUG SQL:104 - 
    delete 
    from
        DataPoint 
    where
        id=?
14:11:30,047 DEBUG SQL:104 - 
    delete 
    from
        DataPoint 
    where
        id=?
14:11:30,047 DEBUG SQL:104 - 
    delete 
    from
        DataPoint 
    where
        id=?
14:11:30,048 DEBUG SQL:104 - 
    delete 
    from
        DataPoint 
    where
        id=?
14:11:30,048 DEBUG SQL:104 - 
    delete 
    from
        DataPoint 
    where
        id=?
14:11:30,048 DEBUG SQL:104 - 
    delete 
    from
        DataPoint 
    where
        id=?
14:11:30,058 DEBUG SQL:104 - 
    delete 
    from
        DataPoint 
    where
        id=?
14:11:30,058 DEBUG SQL:104 - 
    delete 
    from
        DataPoint 
    where
        id=?
14:11:30,058 DEBUG SQL:104 - 
    delete 
    from
        DataPoint 
    where
        id=?
14:11:30,058 DEBUG SQL:104 - 
    delete 
    from
        DataPoint 
    where
        id=?
14:11:30,059 DEBUG SQL:104 - 
    delete 
    from
        DataPoint 
    where
        id=?
14:11:30,069 DEBUG SQL:104 - 
    delete 
    from
        DataPoint 
    where
        id=?
14:11:30,069 DEBUG SQL:104 - 
    delete 
    from
        DataPoint 
    where
        id=?
14:11:30,069 DEBUG SQL:104 - 
    delete 
    from
        DataPoint 
    where
        id=?
14:11:30,069 DEBUG SQL:104 - 
    delete 
    from
        DataPoint 
    where
        id=?
14:11:30,070 DEBUG SQL:104 - 
    delete 
    from
        DataPoint 
    where
        id=?
14:11:30,079 DEBUG SQL:104 - 
    delete 
    from
        DataPoint 
    where
        id=?
14:11:30,079 DEBUG SQL:104 - 
    delete 
    from
        DataPoint 
    where
        id=?
14:11:30,079 DEBUG SQL:104 - 
    delete 
    from
        DataPoint 
    where
        id=?
14:11:30,081 DEBUG SQL:104 - 
    delete 
    from
        DataPoint 
    where
        id=?
14:11:30,082 DEBUG SQL:104 - 
    delete 
    from
        DataPoint 
    where
        id=?
14:11:30,090 DEBUG SQL:104 - 
    delete 
    from
        DataPoint 
    where
        id=?
14:11:30,090 DEBUG SQL:104 - 
    delete 
    from
        DataPoint 
    where
        id=?
14:11:30,090 DEBUG SQL:104 - 
    delete 
    from
        DataPoint 
    where
        id=?
14:11:30,091 DEBUG SQL:104 - 
    delete 
    from
        DataPoint 
    where
        id=?
14:11:30,091 DEBUG SQL:104 - 
    delete 
    from
        DataPoint 
    where
        id=?
14:11:30,091 DEBUG SQL:104 - 
    delete 
    from
        DataPoint 
    where
        id=?
14:11:30,091 DEBUG SQL:104 - 
    delete 
    from
        DataPoint 
    where
        id=?
14:11:30,091 DEBUG SQL:104 - 
    delete 
    from
        DataPoint 
    where
        id=?
14:11:30,091 DEBUG SQL:104 - 
    delete 
    from
        DataPoint 
    where
        id=?
14:11:30,091 DEBUG SQL:104 - 
    delete 
    from
        DataPoint 
    where
        id=?
14:11:30,091 DEBUG SQL:104 - 
    delete 
    from
        DataPoint 
    where
        id=?
14:11:30,104 DEBUG SQL:104 - 
    delete 
    from
        DataPoint 
    where
        id=?
14:11:30,104 DEBUG SQL:104 - 
    delete 
    from
        DataPoint 
    where
        id=?
14:11:30,104 DEBUG SQL:104 - 
    delete 
    from
        DataPoint 
    where
        id=?
14:11:30,104 DEBUG SQL:104 - 
    delete 
    from
        DataPoint 
    where
        id=?
14:11:30,104 DEBUG SQL:104 - 
    delete 
    from
        DataPoint 
    where
        id=?
14:11:30,114 DEBUG SQL:104 - 
    delete 
    from
        DataPoint 
    where
        id=?
14:11:30,114 DEBUG SQL:104 - 
    delete 
    from
        DataPoint 
    where
        id=?
14:11:30,116 DEBUG SQL:104 - 
    delete 
    from
        DataPoint 
    where
        id=?
14:11:30,116 DEBUG SQL:104 - 
    delete 
    from
        DataPoint 
    where
        id=?
14:11:30,116 DEBUG SQL:104 - 
    delete 
    from
        DataPoint 
    where
        id=?
14:11:30,117 DEBUG SQL:104 - 
    delete 
    from
        DataPoint 
    where
        id=?
14:11:30,117 DEBUG SQL:104 - 
    delete 
    from
        DataPoint 
    where
        id=?
14:11:30,136 DEBUG SQL:104 - 
    delete 
    from
        DataPoint 
    where
        id=?
14:11:30,136 DEBUG SQL:104 - 
    delete 
    from
        DataPoint 
    where
        id=?
14:11:30,136 DEBUG SQL:104 - 
    delete 
    from
        DataPoint 
    where
        id=?
14:11:30,137 DEBUG SQL:104 - 
    delete 
    from
        DataPoint 
    where
        id=?
14:11:30,137 DEBUG SQL:104 - 
    delete 
    from
        DataPoint 
    where
        id=?
14:11:30,147 DEBUG SQL:104 - 
    delete 
    from
        DataPoint 
    where
        id=?
14:11:30,147 DEBUG SQL:104 - 
    delete 
    from
        DataPoint 
    where
        id=?
14:11:30,148 DEBUG SQL:104 - 
    delete 
    from
        DataPoint 
    where
        id=?
14:11:30,148 DEBUG SQL:104 - 
    delete 
    from
        DataPoint 
    where
        id=?
14:11:30,148 DEBUG SQL:104 - 
    delete 
    from
        DataPoint 
    where
        id=?
14:11:30,148 DEBUG SQL:104 - 
    delete 
    from
        DataPoint 
    where
        id=?
14:11:30,148 DEBUG SQL:104 - 
    delete 
    from
        DataPoint 
    where
        id=?
14:11:30,148 DEBUG SQL:104 - 
    delete 
    from
        DataPoint 
    where
        id=?
14:11:30,148 DEBUG SQL:104 - 
    delete 
    from
        DataPoint 
    where
        id=?
14:11:30,148 DEBUG SQL:104 - 
    delete 
    from
        DataPoint 
    where
        id=?
14:11:30,150 DEBUG SQL:104 - 
    delete 
    from
        DataPoint 
    where
        id=?
14:11:30,150 DEBUG SQL:104 - 
    delete 
    from
        DataPoint 
    where
        id=?
14:11:30,150 DEBUG SQL:104 - 
    delete 
    from
        DataPoint 
    where
        id=?
14:11:30,169 DEBUG SQL:104 - 
    delete 
    from
        DataPoint 
    where
        id=?
14:11:30,169 DEBUG SQL:104 - 
    delete 
    from
        DataPoint 
    where
        id=?
14:11:30,169 DEBUG SQL:104 - 
    delete 
    from
        DataPoint 
    where
        id=?
14:11:30,169 DEBUG SQL:104 - 
    delete 
    from
        DataPoint 
    where
        id=?
14:11:30,169 DEBUG SQL:104 - 
    delete 
    from
        DataPoint 
    where
        id=?
14:11:30,179 DEBUG SQL:104 - 
    delete 
    from
        DataPoint 
    where
        id=?
14:11:30,179 DEBUG SQL:104 - 
    delete 
    from
        DataPoint 
    where
        id=?
14:11:30,179 DEBUG SQL:104 - 
    delete 
    from
        DataPoint 
    where
        id=?
14:11:30,179 DEBUG SQL:104 - 
    delete 
    from
        DataPoint 
    where
        id=?
14:11:30,179 DEBUG SQL:104 - 
    delete 
    from
        DataPoint 
    where
        id=?
14:11:30,189 DEBUG SQL:104 - 
    delete 
    from
        DataPoint 
    where
        id=?
14:11:30,189 DEBUG SQL:104 - 
    delete 
    from
        DataPoint 
    where
        id=?
14:11:30,189 DEBUG SQL:104 - 
    delete 
    from
        DataPoint 
    where
        id=?
14:11:30,189 DEBUG SQL:104 - 
    delete 
    from
        DataPoint 
    where
        id=?
14:11:30,189 DEBUG SQL:104 - 
    delete 
    from
        DataPoint 
    where
        id=?
14:11:30,199 DEBUG SQL:104 - 
    delete 
    from
        DataPoint 
    where
        id=?
14:11:30,199 DEBUG SQL:104 - 
    delete 
    from
        DataPoint 
    where
        id=?
14:11:30,201 DEBUG SQL:104 - 
    delete 
    from
        DataPoint 
    where
        id=?
14:11:30,201 DEBUG SQL:104 - 
    delete 
    from
        DataPoint 
    where
        id=?
14:11:30,202 DEBUG SQL:104 - 
    delete 
    from
        DataPoint 
    where
        id=?
14:11:30,210 DEBUG SQL:104 - 
    delete 
    from
        DataPoint 
    where
        id=?
14:11:30,210 DEBUG SQL:104 - 
    delete 
    from
        DataPoint 
    where
        id=?
14:11:30,210 DEBUG SQL:104 - 
    delete 
    from
        DataPoint 
    where
        id=?
14:11:30,210 DEBUG SQL:104 - 
    delete 
    from
        DataPoint 
    where
        id=?
14:11:30,210 DEBUG SQL:104 - 
    delete 
    from
        DataPoint 
    where
        id=?
14:11:30,222 DEBUG SQL:104 - 
    delete 
    from
        DataPoint 
    where
        id=?
14:11:30,223 DEBUG SQL:104 - 
    delete 
    from
        DataPoint 
    where
        id=?
14:11:30,223 DEBUG SQL:104 - 
    delete 
    from
        DataPoint 
    where
        id=?
14:11:30,223 DEBUG SQL:104 - 
    delete 
    from
        DataPoint 
    where
        id=?
14:11:30,223 DEBUG SQL:104 - 
    delete 
    from
        DataPoint 
    where
        id=?
14:11:30,223 DEBUG SQL:104 - 
    delete 
    from
        DataPoint 
    where
        id=?
14:11:30,223 DEBUG SQL:104 - 
    delete 
    from
        DataPoint 
    where
        id=?
14:11:30,223 DEBUG SQL:104 - 
    delete 
    from
        DataPoint 
    where
        id=?
14:11:30,223 DEBUG SQL:104 - 
    delete 
    from
        DataPoint 
    where
        id=?
14:11:30,223 DEBUG SQL:104 - 
    delete 
    from
        DataPoint 
    where
        id=?
14:11:30,223 DEBUG SQL:104 - 
    delete 
    from
        DataPoint 
    where
        id=?
14:11:30,235 DEBUG SQL:104 - 
    delete 
    from
        DataPoint 
    where
        id=?
14:11:30,237 DEBUG SQL:104 - 
    delete 
    from
        DataPoint 
    where
        id=?
14:11:30,238 DEBUG SQL:104 - 
    delete 
    from
        DataPoint 
    where
        id=?
14:11:30,238 DEBUG SQL:104 - 
    delete 
    from
        DataPoint 
    where
        id=?
14:11:30,238 DEBUG SQL:104 - 
    delete 
    from
        DataPoint 
    where
        id=?
14:11:30,246 DEBUG SQL:104 - 
    delete 
    from
        DataPoint 
    where
        id=?
14:11:30,246 DEBUG SQL:104 - 
    delete 
    from
        DataPoint 
    where
        id=?
14:11:30,247 DEBUG SQL:104 - 
    delete 
    from
        DataPoint 
    where
        id=?
14:11:30,247 DEBUG SQL:104 - 
    delete 
    from
        DataPoint 
    where
        id=?
14:11:30,247 DEBUG SQL:104 - 
    delete 
    from
        DataPoint 
    where
        id=?
14:11:30,247 DEBUG SQL:104 - 
    delete 
    from
        DataPoint 
    where
        id=?
14:11:30,247 DEBUG SQL:104 - 
    delete 
    from
        DataPoint 
    where
        id=?
14:11:30,269 DEBUG SQL:104 - 
    delete 
    from
        DataPoint 
    where
        id=?
14:11:30,269 DEBUG SQL:104 - 
    delete 
    from
        DataPoint 
    where
        id=?
14:11:30,269 DEBUG SQL:104 - 
    delete 
    from
        DataPoint 
    where
        id=?
14:11:30,270 DEBUG SQL:104 - 
    delete 
    from
        DataPoint 
    where
        id=?
14:11:30,270 DEBUG SQL:104 - 
    delete 
    from
        DataPoint 
    where
        id=?
14:11:30,270 DEBUG SQL:104 - 
    delete 
    from
        DataPoint 
    where
        id=?
14:11:30,280 DEBUG SQL:104 - 
    delete 
    from
        DataPoint 
    where
        id=?
14:11:30,281 DEBUG SQL:104 - 
    delete 
    from
        DataPoint 
    where
        id=?
14:11:30,281 DEBUG SQL:104 - 
    delete 
    from
        DataPoint 
    where
        id=?
14:11:30,283 DEBUG SQL:104 - 
    delete 
    from
        DataPoint 
    where
        id=?
14:11:30,283 DEBUG SQL:104 - 
    delete 
    from
        DataPoint 
    where
        id=?
14:11:30,291 DEBUG SQL:104 - 
    delete 
    from
        DataPoint 
    where
        id=?
14:11:30,292 DEBUG SQL:104 - 
    delete 
    from
        DataPoint 
    where
        id=?
14:11:30,292 DEBUG SQL:104 - 
    delete 
    from
        DataPoint 
    where
        id=?
14:11:30,292 DEBUG SQL:104 - 
    delete 
    from
        DataPoint 
    where
        id=?
14:11:30,292 DEBUG SQL:104 - 
    delete 
    from
        DataPoint 
    where
        id=?
14:11:30,303 DEBUG SQL:104 - 
    delete 
    from
        DataPoint 
    where
        id=?
14:11:30,303 DEBUG SQL:104 - 
    delete 
    from
        DataPoint 
    where
        id=?
14:11:30,303 DEBUG SQL:104 - 
    delete 
    from
        DataPoint 
    where
        id=?
14:11:30,303 DEBUG SQL:104 - 
    delete 
    from
        DataPoint 
    where
        id=?
14:11:30,303 DEBUG SQL:104 - 
    delete 
    from
        DataPoint 
    where
        id=?
14:11:30,314 DEBUG SQL:104 - 
    delete 
    from
        DataPoint 
    where
        id=?
14:11:30,314 DEBUG SQL:104 - 
    delete 
    from
        DataPoint 
    where
        id=?
14:11:30,314 DEBUG SQL:104 - 
    delete 
    from
        DataPoint 
    where
        id=?
14:11:30,314 DEBUG SQL:104 - 
    delete 
    from
        DataPoint 
    where
        id=?
14:11:30,315 DEBUG SQL:104 - 
    delete 
    from
        DataPoint 
    where
        id=?
14:11:30,329 DEBUG SQL:104 - 
    delete 
    from
        DataPoint 
    where
        id=?
14:11:30,329 DEBUG SQL:104 - 
    delete 
    from
        DataPoint 
    where
        id=?
14:11:30,329 DEBUG SQL:104 - 
    delete 
    from
        DataPoint 
    where
        id=?
14:11:30,331 DEBUG SQL:104 - 
    delete 
    from
        DataPoint 
    where
        id=?
14:11:30,331 DEBUG SQL:104 - 
    delete 
    from
        DataPoint 
    where
        id=?
14:11:30,346 DEBUG SQL:104 - 
    delete 
    from
        DataPoint 
    where
        id=?
14:11:30,347 DEBUG SQL:104 - 
    delete 
    from
        DataPoint 
    where
        id=?
14:11:30,347 DEBUG SQL:104 - 
    delete 
    from
        DataPoint 
    where
        id=?
14:11:30,347 DEBUG SQL:104 - 
    delete 
    from
        DataPoint 
    where
        id=?
14:11:30,347 DEBUG SQL:104 - 
    delete 
    from
        DataPoint 
    where
        id=?
14:11:30,351 DEBUG SQL:104 - 
    delete 
    from
        DataPoint 
    where
        id=?
14:11:30,351 DEBUG SQL:104 - 
    delete 
    from
        DataPoint 
    where
        id=?
14:11:30,353 DEBUG SQL:104 - 
    delete 
    from
        DataPoint 
    where
        id=?
14:11:30,353 DEBUG SQL:104 - 
    delete 
    from
        DataPoint 
    where
        id=?
14:11:30,353 DEBUG SQL:104 - 
    delete 
    from
        DataPoint 
    where
        id=?
14:11:30,353 DEBUG SQL:104 - 
    delete 
    from
        DataPoint 
    where
        id=?
14:11:30,353 DEBUG SQL:104 - 
    delete 
    from
        DataPoint 
    where
        id=?
14:11:30,353 DEBUG SQL:104 - 
    delete 
    from
        DataPoint 
    where
        id=?
14:11:30,353 DEBUG SQL:104 - 
    delete 
    from
        DataPoint 
    where
        id=?
14:11:30,354 DEBUG SQL:104 - 
    delete 
    from
        DataPoint 
    where
        id=?
14:11:30,368 DEBUG SQL:104 - 
    delete 
    from
        DataPoint 
    where
        id=?
14:11:30,368 DEBUG SQL:104 - 
    delete 
    from
        DataPoint 
    where
        id=?
14:11:30,368 DEBUG SQL:104 - 
    delete 
    from
        DataPoint 
    where
        id=?
14:11:30,370 DEBUG SQL:104 - 
    delete 
    from
        DataPoint 
    where
        id=?
14:11:30,371 DEBUG SQL:104 - 
    delete 
    from
        DataPoint 
    where
        id=?
14:11:30,371 DEBUG SQL:104 - 
    delete 
    from
        DataPoint 
    where
        id=?
14:11:30,380 DEBUG SQL:104 - 
    delete 
    from
        DataPoint 
    where
        id=?
14:11:30,381 DEBUG SQL:104 - 
    delete 
    from
        DataPoint 
    where
        id=?
14:11:30,381 DEBUG SQL:104 - 
    delete 
    from
        DataPoint 
    where
        id=?
14:11:30,381 DEBUG SQL:104 - 
    delete 
    from
        DataPoint 
    where
        id=?
14:11:30,381 DEBUG SQL:104 - 
    delete 
    from
        DataPoint 
    where
        id=?
14:11:30,381 DEBUG SQL:104 - 
    delete 
    from
        DataPoint 
    where
        id=?
14:11:30,381 DEBUG SQL:104 - 
    delete 
    from
        DataPoint 
    where
        id=?
14:11:30,416 DEBUG SQL:104 - 
    delete 
    from
        DataPoint 
    where
        id=?
14:11:30,417 DEBUG SQL:104 - 
    delete 
    from
        DataPoint 
    where
        id=?
14:11:30,417 DEBUG SQL:104 - 
    delete 
    from
        DataPoint 
    where
        id=?
14:11:30,417 DEBUG SQL:104 - 
    delete 
    from
        DataPoint 
    where
        id=?
14:11:30,417 DEBUG SQL:104 - 
    delete 
    from
        DataPoint 
    where
        id=?
14:11:30,436 DEBUG SQL:104 - 
    delete 
    from
        DataPoint 
    where
        id=?
14:11:30,437 DEBUG SQL:104 - 
    delete 
    from
        DataPoint 
    where
        id=?
14:11:30,442 DEBUG SQL:104 - 
    delete 
    from
        DataPoint 
    where
        id=?
14:11:30,442 DEBUG SQL:104 - 
    delete 
    from
        DataPoint 
    where
        id=?
14:11:30,442 DEBUG SQL:104 - 
    delete 
    from
        DataPoint 
    where
        id=?
14:11:30,444 DEBUG SQL:104 - 
    delete 
    from
        DataPoint 
    where
        id=?
14:11:30,444 DEBUG SQL:104 - 
    delete 
    from
        DataPoint 
    where
        id=?
14:11:30,444 DEBUG SQL:104 - 
    delete 
    from
        DataPoint 
    where
        id=?
14:11:30,444 DEBUG SQL:104 - 
    delete 
    from
        DataPoint 
    where
        id=?
14:11:30,444 DEBUG SQL:104 - 
    delete 
    from
        DataPoint 
    where
        id=?
14:11:30,444 DEBUG SQL:104 - 
    delete 
    from
        DataPoint 
    where
        id=?
14:11:30,445 DEBUG SQL:104 - 
    delete 
    from
        DataPoint 
    where
        id=?
14:11:30,445 DEBUG SQL:104 - 
    delete 
    from
        DataPoint 
    where
        id=?
14:11:30,445 DEBUG SQL:104 - 
    delete 
    from
        DataPoint 
    where
        id=?
14:11:30,445 DEBUG SQL:104 - 
    delete 
    from
        DataPoint 
    where
        id=?
14:11:30,445 DEBUG SQL:104 - 
    delete 
    from
        DataPoint 
    where
        id=?
14:11:30,445 DEBUG SQL:104 - 
    delete 
    from
        DataPoint 
    where
        id=?
14:11:30,474 DEBUG SQL:104 - 
    delete 
    from
        DataPoint 
    where
        id=?
14:11:30,475 DEBUG SQL:104 - 
    delete 
    from
        DataPoint 
    where
        id=?
14:11:30,475 DEBUG SQL:104 - 
    delete 
    from
        DataPoint 
    where
        id=?
14:11:30,475 DEBUG SQL:104 - 
    delete 
    from
        DataPoint 
    where
        id=?
14:11:30,475 DEBUG SQL:104 - 
    delete 
    from
        DataPoint 
    where
        id=?
14:11:30,475 DEBUG SQL:104 - 
    delete 
    from
        DataPoint 
    where
        id=?
14:11:30,502 DEBUG SQL:104 - 
    delete 
    from
        DataPoint 
    where
        id=?
14:11:30,502 DEBUG SQL:104 - 
    delete 
    from
        DataPoint 
    where
        id=?
14:11:30,504 DEBUG SQL:104 - 
    delete 
    from
        DataPoint 
    where
        id=?
14:11:30,505 DEBUG SQL:104 - 
    delete 
    from
        DataPoint 
    where
        id=?
14:11:30,505 DEBUG SQL:104 - 
    delete 
    from
        DataPoint 
    where
        id=?
14:11:30,512 DEBUG SQL:104 - 
    delete 
    from
        DataPoint 
    where
        id=?
14:11:30,512 DEBUG SQL:104 - 
    delete 
    from
        DataPoint 
    where
        id=?
14:11:30,512 DEBUG SQL:104 - 
    delete 
    from
        DataPoint 
    where
        id=?
14:11:30,512 DEBUG SQL:104 - 
    delete 
    from
        DataPoint 
    where
        id=?
14:11:30,513 DEBUG SQL:104 - 
    delete 
    from
        DataPoint 
    where
        id=?
14:11:30,513 DEBUG SQL:104 - 
    delete 
    from
        DataPoint 
    where
        id=?
14:11:30,513 DEBUG SQL:104 - 
    delete 
    from
        DataPoint 
    where
        id=?
14:11:30,533 DEBUG SQL:104 - 
    delete 
    from
        DataPoint 
    where
        id=?
14:11:30,533 DEBUG SQL:104 - 
    delete 
    from
        DataPoint 
    where
        id=?
14:11:30,533 DEBUG SQL:104 - 
    delete 
    from
        DataPoint 
    where
        id=?
14:11:30,534 DEBUG SQL:104 - 
    delete 
    from
        DataPoint 
    where
        id=?
14:11:30,534 DEBUG SQL:104 - 
    delete 
    from
        DataPoint 
    where
        id=?
14:11:30,543 DEBUG SQL:104 - 
    delete 
    from
        DataPoint 
    where
        id=?
14:11:30,543 DEBUG SQL:104 - 
    delete 
    from
        DataPoint 
    where
        id=?
14:11:30,543 DEBUG SQL:104 - 
    delete 
    from
        DataPoint 
    where
        id=?
14:11:30,543 DEBUG SQL:104 - 
    delete 
    from
        DataPoint 
    where
        id=?
14:11:30,543 DEBUG SQL:104 - 
    delete 
    from
        DataPoint 
    where
        id=?
14:11:30,545 DEBUG SQL:104 - 
    delete 
    from
        DataPoint 
    where
        id=?
14:11:30,553 DEBUG SQL:104 - 
    delete 
    from
        DataPoint 
    where
        id=?
14:11:30,553 DEBUG SQL:104 - 
    delete 
    from
        DataPoint 
    where
        id=?
14:11:30,553 DEBUG SQL:104 - 
    delete 
    from
        DataPoint 
    where
        id=?
14:11:30,554 DEBUG SQL:104 - 
    delete 
    from
        DataPoint 
    where
        id=?
14:11:30,554 DEBUG SQL:104 - 
    delete 
    from
        DataPoint 
    where
        id=?
14:11:30,561 DEBUG SQL:104 - 
    delete 
    from
        DataPoint 
    where
        id=?
14:11:30,562 DEBUG SQL:104 - 
    delete 
    from
        DataPoint 
    where
        id=?
14:11:30,562 DEBUG SQL:104 - 
    delete 
    from
        DataPoint 
    where
        id=?
14:11:30,562 DEBUG SQL:104 - 
    delete 
    from
        DataPoint 
    where
        id=?
14:11:30,562 DEBUG SQL:104 - 
    delete 
    from
        DataPoint 
    where
        id=?
14:11:30,571 DEBUG SQL:104 - 
    delete 
    from
        DataPoint 
    where
        id=?
14:11:30,571 DEBUG SQL:104 - 
    delete 
    from
        DataPoint 
    where
        id=?
14:11:30,571 DEBUG SQL:104 - 
    delete 
    from
        DataPoint 
    where
        id=?
14:11:30,571 DEBUG SQL:104 - 
    delete 
    from
        DataPoint 
    where
        id=?
14:11:30,571 DEBUG SQL:104 - 
    delete 
    from
        DataPoint 
    where
        id=?
14:11:30,580 DEBUG SQL:104 - 
    delete 
    from
        DataPoint 
    where
        id=?
14:11:30,580 DEBUG SQL:104 - 
    delete 
    from
        DataPoint 
    where
        id=?
14:11:30,580 DEBUG SQL:104 - 
    delete 
    from
        DataPoint 
    where
        id=?
14:11:30,580 DEBUG SQL:104 - 
    delete 
    from
        DataPoint 
    where
        id=?
14:11:30,582 DEBUG SQL:104 - 
    delete 
    from
        DataPoint 
    where
        id=?
14:11:30,598 DEBUG SQL:104 - 
    delete 
    from
        DataPoint 
    where
        id=?
14:11:30,598 DEBUG SQL:104 - 
    delete 
    from
        DataPoint 
    where
        id=?
14:11:30,598 DEBUG SQL:104 - 
    delete 
    from
        DataPoint 
    where
        id=?
14:11:30,598 DEBUG SQL:104 - 
    delete 
    from
        DataPoint 
    where
        id=?
14:11:30,599 DEBUG SQL:104 - 
    delete 
    from
        DataPoint 
    where
        id=?
14:11:30,600 DEBUG SQL:104 - 
    delete 
    from
        DataPoint 
    where
        id=?
14:11:30,600 DEBUG SQL:104 - 
    delete 
    from
        DataPoint 
    where
        id=?
14:11:30,600 DEBUG SQL:104 - 
    delete 
    from
        DataPoint 
    where
        id=?
14:11:30,600 DEBUG SQL:104 - 
    delete 
    from
        DataPoint 
    where
        id=?
14:11:30,600 DEBUG SQL:104 - 
    delete 
    from
        DataPoint 
    where
        id=?
14:11:30,600 DEBUG SQL:104 - 
    delete 
    from
        DataPoint 
    where
        id=?
14:11:30,601 DEBUG SQL:104 - 
    delete 
    from
        DataPoint 
    where
        id=?
14:11:30,601 DEBUG SQL:104 - 
    delete 
    from
        DataPoint 
    where
        id=?
14:11:30,601 DEBUG SQL:104 - 
    delete 
    from
        DataPoint 
    where
        id=?
14:11:30,601 DEBUG SQL:104 - 
    delete 
    from
        DataPoint 
    where
        id=?
14:11:30,619 DEBUG SQL:104 - 
    delete 
    from
        DataPoint 
    where
        id=?
14:11:30,619 DEBUG SQL:104 - 
    delete 
    from
        DataPoint 
    where
        id=?
14:11:30,619 DEBUG SQL:104 - 
    delete 
    from
        DataPoint 
    where
        id=?
14:11:30,619 DEBUG SQL:104 - 
    delete 
    from
        DataPoint 
    where
        id=?
14:11:30,631 DEBUG SQL:104 - 
    delete 
    from
        DataPoint 
    where
        id=?
14:11:30,634 DEBUG SQL:104 - 
    delete 
    from
        DataPoint 
    where
        id=?
14:11:30,634 DEBUG SQL:104 - 
    delete 
    from
        DataPoint 
    where
        id=?
14:11:30,634 DEBUG SQL:104 - 
    delete 
    from
        DataPoint 
    where
        id=?
14:11:30,635 DEBUG SQL:104 - 
    delete 
    from
        DataPoint 
    where
        id=?
14:11:30,635 DEBUG SQL:104 - 
    delete 
    from
        DataPoint 
    where
        id=?
14:11:30,635 DEBUG SQL:104 - 
    delete 
    from
        DataPoint 
    where
        id=?
14:11:30,635 DEBUG SQL:104 - 
    delete 
    from
        DataPoint 
    where
        id=?
14:11:30,637 DEBUG SQL:104 - 
    delete 
    from
        DataPoint 
    where
        id=?
14:11:30,661 DEBUG SQL:104 - 
    delete 
    from
        DataPoint 
    where
        id=?
14:11:30,661 DEBUG SQL:104 - 
    delete 
    from
        DataPoint 
    where
        id=?
14:11:30,661 DEBUG SQL:104 - 
    delete 
    from
        DataPoint 
    where
        id=?
14:11:30,661 DEBUG SQL:104 - 
    delete 
    from
        DataPoint 
    where
        id=?
14:11:30,661 DEBUG SQL:104 - 
    delete 
    from
        DataPoint 
    where
        id=?
14:11:30,670 DEBUG SQL:104 - 
    delete 
    from
        DataPoint 
    where
        id=?
14:11:30,670 DEBUG SQL:104 - 
    delete 
    from
        DataPoint 
    where
        id=?
14:11:30,670 DEBUG SQL:104 - 
    delete 
    from
        DataPoint 
    where
        id=?
14:11:30,670 DEBUG SQL:104 - 
    delete 
    from
        DataPoint 
    where
        id=?
14:11:30,670 DEBUG SQL:104 - 
    delete 
    from
        DataPoint 
    where
        id=?
14:11:30,680 DEBUG SQL:104 - 
    delete 
    from
        DataPoint 
    where
        id=?
14:11:30,683 DEBUG SQL:104 - 
    delete 
    from
        DataPoint 
    where
        id=?
14:11:30,683 DEBUG SQL:104 - 
    delete 
    from
        DataPoint 
    where
        id=?
14:11:30,683 DEBUG SQL:104 - 
    delete 
    from
        DataPoint 
    where
        id=?
14:11:30,683 DEBUG SQL:104 - 
    delete 
    from
        DataPoint 
    where
        id=?
14:11:30,692 DEBUG SQL:104 - 
    delete 
    from
        DataPoint 
    where
        id=?
14:11:30,692 DEBUG SQL:104 - 
    delete 
    from
        DataPoint 
    where
        id=?
14:11:30,692 DEBUG SQL:104 - 
    delete 
    from
        DataPoint 
    where
        id=?
14:11:30,692 DEBUG SQL:104 - 
    delete 
    from
        DataPoint 
    where
        id=?
14:11:30,692 DEBUG SQL:104 - 
    delete 
    from
        DataPoint 
    where
        id=?
14:11:30,692 DEBUG SQL:104 - 
    delete 
    from
        DataPoint 
    where
        id=?
14:11:30,702 DEBUG SQL:104 - 
    delete 
    from
        DataPoint 
    where
        id=?
14:11:30,702 DEBUG SQL:104 - 
    delete 
    from
        DataPoint 
    where
        id=?
14:11:30,702 DEBUG SQL:104 - 
    delete 
    from
        DataPoint 
    where
        id=?
14:11:30,703 DEBUG SQL:104 - 
    delete 
    from
        DataPoint 
    where
        id=?
14:11:30,703 DEBUG SQL:104 - 
    delete 
    from
        DataPoint 
    where
        id=?
14:11:30,713 DEBUG SQL:104 - 
    delete 
    from
        DataPoint 
    where
        id=?
14:11:30,713 DEBUG SQL:104 - 
    delete 
    from
        DataPoint 
    where
        id=?
14:11:30,713 DEBUG SQL:104 - 
    delete 
    from
        DataPoint 
    where
        id=?
14:11:30,713 DEBUG SQL:104 - 
    delete 
    from
        DataPoint 
    where
        id=?
14:11:30,714 DEBUG SQL:104 - 
    delete 
    from
        DataPoint 
    where
        id=?
14:11:30,726 DEBUG SQL:104 - 
    delete 
    from
        DataPoint 
    where
        id=?
14:11:30,727 DEBUG SQL:104 - 
    delete 
    from
        DataPoint 
    where
        id=?
14:11:30,727 DEBUG SQL:104 - 
    delete 
    from
        DataPoint 
    where
        id=?
14:11:30,727 DEBUG SQL:104 - 
    delete 
    from
        DataPoint 
    where
        id=?
14:11:30,727 DEBUG SQL:104 - 
    delete 
    from
        DataPoint 
    where
        id=?
14:11:30,727 DEBUG SQL:104 - 
    delete 
    from
        DataPoint 
    where
        id=?
14:11:30,727 DEBUG SQL:104 - 
    delete 
    from
        DataPoint 
    where
        id=?
14:11:30,727 DEBUG SQL:104 - 
    delete 
    from
        DataPoint 
    where
        id=?
14:11:30,727 DEBUG SQL:104 - 
    delete 
    from
        DataPoint 
    where
        id=?
14:11:30,728 DEBUG SQL:104 - 
    delete 
    from
        DataPoint 
    where
        id=?
14:11:30,740 DEBUG SQL:104 - 
    delete 
    from
        DataPoint 
    where
        id=?
14:11:30,740 DEBUG SQL:104 - 
    delete 
    from
        DataPoint 
    where
        id=?
14:11:30,740 DEBUG SQL:104 - 
    delete 
    from
        DataPoint 
    where
        id=?
14:11:30,740 DEBUG SQL:104 - 
    delete 
    from
        DataPoint 
    where
        id=?
14:11:30,740 DEBUG SQL:104 - 
    delete 
    from
        DataPoint 
    where
        id=?
14:11:30,748 DEBUG SQL:104 - 
    delete 
    from
        DataPoint 
    where
        id=?
14:11:30,748 DEBUG SQL:104 - 
    delete 
    from
        DataPoint 
    where
        id=?
14:11:30,748 DEBUG SQL:104 - 
    delete 
    from
        DataPoint 
    where
        id=?
14:11:30,749 DEBUG SQL:104 - 
    delete 
    from
        DataPoint 
    where
        id=?
14:11:30,749 DEBUG SQL:104 - 
    delete 
    from
        DataPoint 
    where
        id=?
14:11:30,766 DEBUG SQL:104 - 
    delete 
    from
        DataPoint 
    where
        id=?
14:11:30,766 DEBUG SQL:104 - 
    delete 
    from
        DataPoint 
    where
        id=?
14:11:30,766 DEBUG SQL:104 - 
    delete 
    from
        DataPoint 
    where
        id=?
14:11:30,773 DEBUG SQL:104 - 
    delete 
    from
        DataPoint 
    where
        id=?
14:11:30,773 DEBUG SQL:104 - 
    delete 
    from
        DataPoint 
    where
        id=?
14:11:30,774 DEBUG SQL:104 - 
    delete 
    from
        DataPoint 
    where
        id=?
14:11:30,774 DEBUG SQL:104 - 
    delete 
    from
        DataPoint 
    where
        id=?
14:11:30,774 DEBUG SQL:104 - 
    delete 
    from
        DataPoint 
    where
        id=?
14:11:30,785 DEBUG SQL:104 - 
    delete 
    from
        DataPoint 
    where
        id=?
14:11:30,786 DEBUG SQL:104 - 
    delete 
    from
        DataPoint 
    where
        id=?
14:11:30,786 DEBUG SQL:104 - 
    delete 
    from
        DataPoint 
    where
        id=?
14:11:30,786 DEBUG SQL:104 - 
    delete 
    from
        DataPoint 
    where
        id=?
14:11:30,786 DEBUG SQL:104 - 
    delete 
    from
        DataPoint 
    where
        id=?
14:11:30,797 DEBUG SQL:104 - 
    delete 
    from
        DataPoint 
    where
        id=?
14:11:30,797 DEBUG SQL:104 - 
    delete 
    from
        DataPoint 
    where
        id=?
14:11:30,797 DEBUG SQL:104 - 
    delete 
    from
        DataPoint 
    where
        id=?
14:11:30,798 DEBUG SQL:104 - 
    delete 
    from
        DataPoint 
    where
        id=?
14:11:30,798 DEBUG SQL:104 - 
    delete 
    from
        DataPoint 
    where
        id=?
14:11:30,808 DEBUG SQL:104 - 
    delete 
    from
        DataPoint 
    where
        id=?
14:11:30,808 DEBUG SQL:104 - 
    delete 
    from
        DataPoint 
    where
        id=?
14:11:30,812 DEBUG SQL:104 - 
    delete 
    from
        DataPoint 
    where
        id=?
14:11:30,813 DEBUG SQL:104 - 
    delete 
    from
        DataPoint 
    where
        id=?
14:11:30,813 DEBUG SQL:104 - 
    delete 
    from
        DataPoint 
    where
        id=?
14:11:30,819 DEBUG SQL:104 - 
    delete 
    from
        DataPoint 
    where
        id=?
14:11:30,819 DEBUG SQL:104 - 
    delete 
    from
        DataPoint 
    where
        id=?
14:11:30,819 DEBUG SQL:104 - 
    delete 
    from
        DataPoint 
    where
        id=?
14:11:30,819 DEBUG SQL:104 - 
    delete 
    from
        DataPoint 
    where
        id=?
14:11:30,819 DEBUG SQL:104 - 
    delete 
    from
        DataPoint 
    where
        id=?
14:11:30,830 DEBUG SQL:104 - 
    delete 
    from
        DataPoint 
    where
        id=?
14:11:30,831 DEBUG SQL:104 - 
    delete 
    from
        DataPoint 
    where
        id=?
14:11:30,831 DEBUG SQL:104 - 
    delete 
    from
        DataPoint 
    where
        id=?
14:11:30,831 DEBUG SQL:104 - 
    delete 
    from
        DataPoint 
    where
        id=?
14:11:30,831 DEBUG SQL:104 - 
    delete 
    from
        DataPoint 
    where
        id=?
14:11:30,841 DEBUG SQL:104 - 
    delete 
    from
        DataPoint 
    where
        id=?
14:11:30,841 DEBUG SQL:104 - 
    delete 
    from
        DataPoint 
    where
        id=?
14:11:30,841 DEBUG SQL:104 - 
    delete 
    from
        DataPoint 
    where
        id=?
14:11:30,841 DEBUG SQL:104 - 
    delete 
    from
        DataPoint 
    where
        id=?
14:11:30,841 DEBUG SQL:104 - 
    delete 
    from
        DataPoint 
    where
        id=?
14:11:30,851 DEBUG SQL:104 - 
    delete 
    from
        DataPoint 
    where
        id=?
14:11:30,851 DEBUG SQL:104 - 
    delete 
    from
        DataPoint 
    where
        id=?
14:11:30,854 DEBUG SQL:104 - 
    delete 
    from
        DataPoint 
    where
        id=?
14:11:30,854 DEBUG SQL:104 - 
    delete 
    from
        DataPoint 
    where
        id=?
14:11:30,855 DEBUG SQL:104 - 
    delete 
    from
        DataPoint 
    where
        id=?
14:11:30,855 DEBUG SQL:104 - 
    delete 
    from
        DataPoint 
    where
        id=?
14:11:30,855 DEBUG SQL:104 - 
    delete 
    from
        DataPoint 
    where
        id=?
14:11:30,855 DEBUG SQL:104 - 
    delete 
    from
        DataPoint 
    where
        id=?
14:11:30,855 DEBUG SQL:104 - 
    delete 
    from
        DataPoint 
    where
        id=?
14:11:30,855 DEBUG SQL:104 - 
    delete 
    from
        DataPoint 
    where
        id=?
14:11:30,855 DEBUG SQL:104 - 
    delete 
    from
        DataPoint 
    where
        id=?
14:11:30,866 DEBUG SQL:104 - 
    delete 
    from
        DataPoint 
    where
        id=?
14:11:30,866 DEBUG SQL:104 - 
    delete 
    from
        DataPoint 
    where
        id=?
14:11:30,866 DEBUG SQL:104 - 
    delete 
    from
        DataPoint 
    where
        id=?
14:11:30,866 DEBUG SQL:104 - 
    delete 
    from
        DataPoint 
    where
        id=?
14:11:30,867 DEBUG SQL:104 - 
    delete 
    from
        DataPoint 
    where
        id=?
14:11:30,878 DEBUG SQL:104 - 
    delete 
    from
        DataPoint 
    where
        id=?
14:11:30,878 DEBUG SQL:104 - 
    delete 
    from
        DataPoint 
    where
        id=?
14:11:30,878 DEBUG SQL:104 - 
    delete 
    from
        DataPoint 
    where
        id=?
14:11:30,879 DEBUG SQL:104 - 
    delete 
    from
        DataPoint 
    where
        id=?
14:11:30,879 DEBUG SQL:104 - 
    delete 
    from
        DataPoint 
    where
        id=?
14:11:30,879 DEBUG SQL:104 - 
    delete 
    from
        DataPoint 
    where
        id=?
14:11:30,881 DEBUG SQL:104 - 
    delete 
    from
        DataPoint 
    where
        id=?
14:11:30,905 DEBUG SQL:104 - 
    delete 
    from
        DataPoint 
    where
        id=?
14:11:30,905 DEBUG SQL:104 - 
    delete 
    from
        DataPoint 
    where
        id=?
14:11:30,905 DEBUG SQL:104 - 
    delete 
    from
        DataPoint 
    where
        id=?
14:11:30,905 DEBUG SQL:104 - 
    delete 
    from
        DataPoint 
    where
        id=?
14:11:30,905 DEBUG SQL:104 - 
    delete 
    from
        DataPoint 
    where
        id=?
14:11:30,906 DEBUG SQL:104 - 
    delete 
    from
        DataPoint 
    where
        id=?
14:11:30,906 DEBUG SQL:104 - 
    delete 
    from
        DataPoint 
    where
        id=?
14:11:30,906 DEBUG SQL:104 - 
    delete 
    from
        DataPoint 
    where
        id=?
14:11:30,906 DEBUG SQL:104 - 
    delete 
    from
        DataPoint 
    where
        id=?
14:11:30,906 DEBUG SQL:104 - 
    delete 
    from
        DataPoint 
    where
        id=?
14:11:30,906 DEBUG SQL:104 - 
    delete 
    from
        DataPoint 
    where
        id=?
14:11:30,906 DEBUG SQL:104 - 
    delete 
    from
        DataPoint 
    where
        id=?
14:11:30,906 DEBUG SQL:104 - 
    delete 
    from
        DataPoint 
    where
        id=?
14:11:30,928 DEBUG SQL:104 - 
    delete 
    from
        DataPoint 
    where
        id=?
14:11:30,929 DEBUG SQL:104 - 
    delete 
    from
        DataPoint 
    where
        id=?
14:11:30,929 DEBUG SQL:104 - 
    delete 
    from
        DataPoint 
    where
        id=?
14:11:30,929 DEBUG SQL:104 - 
    delete 
    from
        DataPoint 
    where
        id=?
14:11:30,929 DEBUG SQL:104 - 
    delete 
    from
        DataPoint 
    where
        id=?
14:11:30,939 DEBUG SQL:104 - 
    delete 
    from
        DataPoint 
    where
        id=?
14:11:30,941 DEBUG SQL:104 - 
    delete 
    from
        DataPoint 
    where
        id=?
14:11:30,941 DEBUG SQL:104 - 
    delete 
    from
        DataPoint 
    where
        id=?
14:11:30,941 DEBUG SQL:104 - 
    delete 
    from
        DataPoint 
    where
        id=?
14:11:30,942 DEBUG SQL:104 - 
    delete 
    from
        DataPoint 
    where
        id=?
14:11:30,950 DEBUG SQL:104 - 
    delete 
    from
        DataPoint 
    where
        id=?
14:11:30,950 DEBUG SQL:104 - 
    delete 
    from
        DataPoint 
    where
        id=?
14:11:30,950 DEBUG SQL:104 - 
    delete 
    from
        DataPoint 
    where
        id=?
14:11:30,950 DEBUG SQL:104 - 
    delete 
    from
        DataPoint 
    where
        id=?
14:11:30,950 DEBUG SQL:104 - 
    delete 
    from
        DataPoint 
    where
        id=?
14:11:30,960 DEBUG SQL:104 - 
    delete 
    from
        DataPoint 
    where
        id=?
14:11:30,961 DEBUG SQL:104 - 
    delete 
    from
        DataPoint 
    where
        id=?
14:11:30,961 DEBUG SQL:104 - 
    delete 
    from
        DataPoint 
    where
        id=?
14:11:30,961 DEBUG SQL:104 - 
    delete 
    from
        DataPoint 
    where
        id=?
14:11:30,961 DEBUG SQL:104 - 
    delete 
    from
        DataPoint 
    where
        id=?
14:11:30,971 DEBUG SQL:104 - 
    delete 
    from
        DataPoint 
    where
        id=?
14:11:30,971 DEBUG SQL:104 - 
    delete 
    from
        DataPoint 
    where
        id=?
14:11:30,971 DEBUG SQL:104 - 
    delete 
    from
        DataPoint 
    where
        id=?
14:11:30,971 DEBUG SQL:104 - 
    delete 
    from
        DataPoint 
    where
        id=?
14:11:30,971 DEBUG SQL:104 - 
    delete 
    from
        DataPoint 
    where
        id=?
14:11:30,982 DEBUG SQL:104 - 
    delete 
    from
        DataPoint 
    where
        id=?
14:11:30,986 DEBUG SQL:104 - 
    delete 
    from
        DataPoint 
    where
        id=?
14:11:30,986 DEBUG SQL:104 - 
    delete 
    from
        DataPoint 
    where
        id=?
14:11:30,986 DEBUG SQL:104 - 
    delete 
    from
        DataPoint 
    where
        id=?
14:11:30,986 DEBUG SQL:104 - 
    delete 
    from
        DataPoint 
    where
        id=?
14:11:30,986 DEBUG SQL:104 - 
    delete 
    from
        DataPoint 
    where
        id=?
14:11:30,986 DEBUG SQL:104 - 
    delete 
    from
        DataPoint 
    where
        id=?
14:11:30,986 DEBUG SQL:104 - 
    delete 
    from
        DataPoint 
    where
        id=?
14:11:30,986 DEBUG SQL:104 - 
    delete 
    from
        DataPoint 
    where
        id=?
14:11:30,987 DEBUG SQL:104 - 
    delete 
    from
        DataPoint 
    where
        id=?
14:11:30,987 DEBUG SQL:104 - 
    delete 
    from
        DataPoint 
    where
        id=?
14:11:30,998 DEBUG SQL:104 - 
    delete 
    from
        DataPoint 
    where
        id=?
14:11:30,998 DEBUG SQL:104 - 
    delete 
    from
        DataPoint 
    where
        id=?
14:11:30,998 DEBUG SQL:104 - 
    delete 
    from
        DataPoint 
    where
        id=?
14:11:30,998 DEBUG SQL:104 - 
    delete 
    from
        DataPoint 
    where
        id=?
14:11:30,998 DEBUG SQL:104 - 
    delete 
    from
        DataPoint 
    where
        id=?
14:11:31,009 DEBUG SQL:104 - 
    delete 
    from
        DataPoint 
    where
        id=?
14:11:31,009 DEBUG SQL:104 - 
    delete 
    from
        DataPoint 
    where
        id=?
14:11:31,009 DEBUG SQL:104 - 
    delete 
    from
        DataPoint 
    where
        id=?
14:11:31,009 DEBUG SQL:104 - 
    delete 
    from
        DataPoint 
    where
        id=?
14:11:31,010 DEBUG SQL:104 - 
    delete 
    from
        DataPoint 
    where
        id=?
14:11:31,011 DEBUG SQL:104 - 
    delete 
    from
        DataPoint 
    where
        id=?
14:11:31,012 DEBUG SQL:104 - 
    delete 
    from
        DataPoint 
    where
        id=?
14:11:31,031 DEBUG SQL:104 - 
    delete 
    from
        DataPoint 
    where
        id=?
14:11:31,032 DEBUG SQL:104 - 
    delete 
    from
        DataPoint 
    where
        id=?
14:11:31,032 DEBUG SQL:104 - 
    delete 
    from
        DataPoint 
    where
        id=?
14:11:31,032 DEBUG SQL:104 - 
    delete 
    from
        DataPoint 
    where
        id=?
14:11:31,032 DEBUG SQL:104 - 
    delete 
    from
        DataPoint 
    where
        id=?
14:11:31,032 DEBUG SQL:104 - 
    delete 
    from
        DataPoint 
    where
        id=?
14:11:31,042 DEBUG SQL:104 - 
    delete 
    from
        DataPoint 
    where
        id=?
14:11:31,042 DEBUG SQL:104 - 
    delete 
    from
        DataPoint 
    where
        id=?
14:11:31,042 DEBUG SQL:104 - 
    delete 
    from
        DataPoint 
    where
        id=?
14:11:31,042 DEBUG SQL:104 - 
    delete 
    from
        DataPoint 
    where
        id=?
14:11:31,043 DEBUG SQL:104 - 
    delete 
    from
        DataPoint 
    where
        id=?
14:11:31,052 DEBUG SQL:104 - 
    delete 
    from
        DataPoint 
    where
        id=?
14:11:31,052 DEBUG SQL:104 - 
    delete 
    from
        DataPoint 
    where
        id=?
14:11:31,052 DEBUG SQL:104 - 
    delete 
    from
        DataPoint 
    where
        id=?
14:11:31,052 DEBUG SQL:104 - 
    delete 
    from
        DataPoint 
    where
        id=?
14:11:31,053 DEBUG SQL:104 - 
    delete 
    from
        DataPoint 
    where
        id=?
14:11:31,062 DEBUG SQL:104 - 
    delete 
    from
        DataPoint 
    where
        id=?
14:11:31,062 DEBUG SQL:104 - 
    delete 
    from
        DataPoint 
    where
        id=?
14:11:31,064 DEBUG SQL:104 - 
    delete 
    from
        DataPoint 
    where
        id=?
14:11:31,064 DEBUG SQL:104 - 
    delete 
    from
        DataPoint 
    where
        id=?
14:11:31,065 DEBUG SQL:104 - 
    delete 
    from
        DataPoint 
    where
        id=?
14:11:31,079 DEBUG SQL:104 - 
    delete 
    from
        DataPoint 
    where
        id=?
14:11:31,079 DEBUG SQL:104 - 
    delete 
    from
        DataPoint 
    where
        id=?
14:11:31,079 DEBUG SQL:104 - 
    delete 
    from
        DataPoint 
    where
        id=?
14:11:31,079 DEBUG SQL:104 - 
    delete 
    from
        DataPoint 
    where
        id=?
14:11:31,079 DEBUG SQL:104 - 
    delete 
    from
        DataPoint 
    where
        id=?
14:11:31,090 DEBUG SQL:104 - 
    delete 
    from
        DataPoint 
    where
        id=?
14:11:31,090 DEBUG SQL:104 - 
    delete 
    from
        DataPoint 
    where
        id=?
14:11:31,090 DEBUG SQL:104 - 
    delete 
    from
        DataPoint 
    where
        id=?
14:11:31,090 DEBUG SQL:104 - 
    delete 
    from
        DataPoint 
    where
        id=?
14:11:31,090 DEBUG SQL:104 - 
    delete 
    from
        DataPoint 
    where
        id=?
14:11:31,100 DEBUG SQL:104 - 
    delete 
    from
        DataPoint 
    where
        id=?
14:11:31,100 DEBUG SQL:104 - 
    delete 
    from
        DataPoint 
    where
        id=?
14:11:31,100 DEBUG SQL:104 - 
    delete 
    from
        DataPoint 
    where
        id=?
14:11:31,101 DEBUG SQL:104 - 
    delete 
    from
        DataPoint 
    where
        id=?
14:11:31,101 DEBUG SQL:104 - 
    delete 
    from
        DataPoint 
    where
        id=?
14:11:31,114 DEBUG SQL:104 - 
    delete 
    from
        DataPoint 
    where
        id=?
14:11:31,114 DEBUG SQL:104 - 
    delete 
    from
        DataPoint 
    where
        id=?
14:11:31,116 DEBUG SQL:104 - 
    delete 
    from
        DataPoint 
    where
        id=?
14:11:31,116 DEBUG SQL:104 - 
    delete 
    from
        DataPoint 
    where
        id=?
14:11:31,116 DEBUG SQL:104 - 
    delete 
    from
        DataPoint 
    where
        id=?
14:11:31,116 DEBUG SQL:104 - 
    delete 
    from
        DataPoint 
    where
        id=?
14:11:31,116 DEBUG SQL:104 - 
    delete 
    from
        DataPoint 
    where
        id=?
14:11:31,116 DEBUG SQL:104 - 
    delete 
    from
        DataPoint 
    where
        id=?
14:11:31,116 DEBUG SQL:104 - 
    delete 
    from
        DataPoint 
    where
        id=?
14:11:31,116 DEBUG SQL:104 - 
    delete 
    from
        DataPoint 
    where
        id=?
14:11:31,135 DEBUG SQL:104 - 
    delete 
    from
        DataPoint 
    where
        id=?
14:11:31,146 DEBUG SQL:104 - 
    delete 
    from
        DataPoint 
    where
        id=?
14:11:31,146 DEBUG SQL:104 - 
    delete 
    from
        DataPoint 
    where
        id=?
14:11:31,146 DEBUG SQL:104 - 
    delete 
    from
        DataPoint 
    where
        id=?
14:11:31,146 DEBUG SQL:104 - 
    delete 
    from
        DataPoint 
    where
        id=?
14:11:31,146 DEBUG SQL:104 - 
    delete 
    from
        DataPoint 
    where
        id=?
14:11:31,186 DEBUG SQL:104 - 
    delete 
    from
        DataPoint 
    where
        id=?
14:11:31,186 DEBUG SQL:104 - 
    delete 
    from
        DataPoint 
    where
        id=?
14:11:31,186 DEBUG SQL:104 - 
    delete 
    from
        DataPoint 
    where
        id=?
14:11:31,186 DEBUG SQL:104 - 
    delete 
    from
        DataPoint 
    where
        id=?
14:11:31,191 DEBUG SQL:104 - 
    delete 
    from
        DataPoint 
    where
        id=?
14:11:31,191 DEBUG SQL:104 - 
    delete 
    from
        DataPoint 
    where
        id=?
14:11:31,193 DEBUG SQL:104 - 
    delete 
    from
        DataPoint 
    where
        id=?
14:11:31,219 DEBUG SQL:104 - 
    delete 
    from
        DataPoint 
    where
        id=?
14:11:31,220 DEBUG SQL:104 - 
    delete 
    from
        DataPoint 
    where
        id=?
14:11:31,220 DEBUG SQL:104 - 
    delete 
    from
        DataPoint 
    where
        id=?
14:11:31,220 DEBUG SQL:104 - 
    delete 
    from
        DataPoint 
    where
        id=?
14:11:31,220 DEBUG SQL:104 - 
    delete 
    from
        DataPoint 
    where
        id=?
14:11:31,236 DEBUG SQL:104 - 
    delete 
    from
        DataPoint 
    where
        id=?
14:11:31,236 DEBUG SQL:104 - 
    delete 
    from
        DataPoint 
    where
        id=?
14:11:31,236 DEBUG SQL:104 - 
    delete 
    from
        DataPoint 
    where
        id=?
14:11:31,236 DEBUG SQL:104 - 
    delete 
    from
        DataPoint 
    where
        id=?
14:11:31,236 DEBUG SQL:104 - 
    delete 
    from
        DataPoint 
    where
        id=?
14:11:31,236 DEBUG SQL:104 - 
    delete 
    from
        DataPoint 
    where
        id=?
14:11:31,236 DEBUG SQL:104 - 
    delete 
    from
        DataPoint 
    where
        id=?
14:11:31,236 DEBUG SQL:104 - 
    delete 
    from
        DataPoint 
    where
        id=?
14:11:31,236 DEBUG SQL:104 - 
    delete 
    from
        DataPoint 
    where
        id=?
14:11:31,237 DEBUG SQL:104 - 
    delete 
    from
        DataPoint 
    where
        id=?
14:11:31,237 DEBUG SQL:104 - 
    delete 
    from
        DataPoint 
    where
        id=?
14:11:31,248 DEBUG SQL:104 - 
    delete 
    from
        DataPoint 
    where
        id=?
14:11:31,248 DEBUG SQL:104 - 
    delete 
    from
        DataPoint 
    where
        id=?
14:11:31,248 DEBUG SQL:104 - 
    delete 
    from
        DataPoint 
    where
        id=?
14:11:31,250 DEBUG SQL:104 - 
    delete 
    from
        DataPoint 
    where
        id=?
14:11:31,250 DEBUG SQL:104 - 
    delete 
    from
        DataPoint 
    where
        id=?
14:11:31,262 DEBUG SQL:104 - 
    delete 
    from
        DataPoint 
    where
        id=?
14:11:31,262 DEBUG SQL:104 - 
    delete 
    from
        DataPoint 
    where
        id=?
14:11:31,262 DEBUG SQL:104 - 
    delete 
    from
        DataPoint 
    where
        id=?
14:11:31,262 DEBUG SQL:104 - 
    delete 
    from
        DataPoint 
    where
        id=?
14:11:31,263 DEBUG SQL:104 - 
    delete 
    from
        DataPoint 
    where
        id=?
14:11:31,263 DEBUG SQL:104 - 
    delete 
    from
        DataPoint 
    where
        id=?
14:11:31,263 DEBUG SQL:104 - 
    delete 
    from
        DataPoint 
    where
        id=?
14:11:31,294 DEBUG SQL:104 - 
    delete 
    from
        DataPoint 
    where
        id=?
14:11:31,294 DEBUG SQL:104 - 
    delete 
    from
        DataPoint 
    where
        id=?
14:11:31,294 DEBUG SQL:104 - 
    delete 
    from
        DataPoint 
    where
        id=?
14:11:31,295 DEBUG SQL:104 - 
    delete 
    from
        DataPoint 
    where
        id=?
14:11:31,295 DEBUG SQL:104 - 
    delete 
    from
        DataPoint 
    where
        id=?
14:11:31,306 DEBUG SQL:104 - 
    delete 
    from
        DataPoint 
    where
        id=?
14:11:31,307 DEBUG SQL:104 - 
    delete 
    from
        DataPoint 
    where
        id=?
14:11:31,307 DEBUG SQL:104 - 
    delete 
    from
        DataPoint 
    where
        id=?
14:11:31,307 DEBUG SQL:104 - 
    delete 
    from
        DataPoint 
    where
        id=?
14:11:31,307 DEBUG SQL:104 - 
    delete 
    from
        DataPoint 
    where
        id=?
14:11:31,307 DEBUG SQL:104 - 
    delete 
    from
        DataPoint 
    where
        id=?
14:11:31,320 DEBUG SQL:104 - 
    delete 
    from
        DataPoint 
    where
        id=?
14:11:31,321 DEBUG SQL:104 - 
    delete 
    from
        DataPoint 
    where
        id=?
14:11:31,321 DEBUG SQL:104 - 
    delete 
    from
        DataPoint 
    where
        id=?
14:11:31,321 DEBUG SQL:104 - 
    delete 
    from
        DataPoint 
    where
        id=?
14:11:31,321 DEBUG SQL:104 - 
    delete 
    from
        DataPoint 
    where
        id=?
14:11:31,333 DEBUG SQL:104 - 
    delete 
    from
        DataPoint 
    where
        id=?
14:11:31,334 DEBUG SQL:104 - 
    delete 
    from
        DataPoint 
    where
        id=?
14:11:31,334 DEBUG SQL:104 - 
    delete 
    from
        DataPoint 
    where
        id=?
14:11:31,334 DEBUG SQL:104 - 
    delete 
    from
        DataPoint 
    where
        id=?
14:11:31,334 DEBUG SQL:104 - 
    delete 
    from
        DataPoint 
    where
        id=?
14:11:31,346 DEBUG SQL:104 - 
    delete 
    from
        DataPoint 
    where
        id=?
14:11:31,347 DEBUG SQL:104 - 
    delete 
    from
        DataPoint 
    where
        id=?
14:11:31,347 DEBUG SQL:104 - 
    delete 
    from
        DataPoint 
    where
        id=?
14:11:31,347 DEBUG SQL:104 - 
    delete 
    from
        DataPoint 
    where
        id=?
14:11:31,347 DEBUG SQL:104 - 
    delete 
    from
        DataPoint 
    where
        id=?
14:11:31,356 DEBUG SQL:104 - 
    delete 
    from
        DataPoint 
    where
        id=?
14:11:31,357 DEBUG SQL:104 - 
    delete 
    from
        DataPoint 
    where
        id=?
14:11:31,357 DEBUG SQL:104 - 
    delete 
    from
        DataPoint 
    where
        id=?
14:11:31,357 DEBUG SQL:104 - 
    delete 
    from
        DataPoint 
    where
        id=?
14:11:31,357 DEBUG SQL:104 - 
    delete 
    from
        DataPoint 
    where
        id=?
14:11:31,359 DEBUG SQL:104 - 
    delete 
    from
        DataPoint 
    where
        id=?
14:11:31,359 DEBUG SQL:104 - 
    delete 
    from
        DataPoint 
    where
        id=?
14:11:31,359 DEBUG SQL:104 - 
    delete 
    from
        DataPoint 
    where
        id=?
14:11:31,359 DEBUG SQL:104 - 
    delete 
    from
        DataPoint 
    where
        id=?
14:11:31,359 DEBUG SQL:104 - 
    delete 
    from
        DataPoint 
    where
        id=?
14:11:31,373 DEBUG SQL:104 - 
    delete 
    from
        DataPoint 
    where
        id=?
14:11:31,374 DEBUG SQL:104 - 
    delete 
    from
        DataPoint 
    where
        id=?
14:11:31,374 DEBUG SQL:104 - 
    delete 
    from
        DataPoint 
    where
        id=?
14:11:31,374 DEBUG SQL:104 - 
    delete 
    from
        DataPoint 
    where
        id=?
14:11:31,374 DEBUG SQL:104 - 
    delete 
    from
        DataPoint 
    where
        id=?
14:11:31,385 DEBUG SQL:104 - 
    delete 
    from
        DataPoint 
    where
        id=?
14:11:31,385 DEBUG SQL:104 - 
    delete 
    from
        DataPoint 
    where
        id=?
14:11:31,385 DEBUG SQL:104 - 
    delete 
    from
        DataPoint 
    where
        id=?
14:11:31,385 DEBUG SQL:104 - 
    delete 
    from
        DataPoint 
    where
        id=?
14:11:31,385 DEBUG SQL:104 - 
    delete 
    from
        DataPoint 
    where
        id=?
14:11:31,385 DEBUG SQL:104 - 
    delete 
    from
        DataPoint 
    where
        id=?
14:11:31,386 DEBUG SQL:104 - 
    delete 
    from
        DataPoint 
    where
        id=?
14:11:31,386 DEBUG SQL:104 - 
    delete 
    from
        DataPoint 
    where
        id=?
14:11:31,407 DEBUG SQL:104 - 
    delete 
    from
        DataPoint 
    where
        id=?
14:11:31,407 DEBUG SQL:104 - 
    delete 
    from
        DataPoint 
    where
        id=?
14:11:31,409 DEBUG SQL:104 - 
    delete 
    from
        DataPoint 
    where
        id=?
14:11:31,409 DEBUG SQL:104 - 
    delete 
    from
        DataPoint 
    where
        id=?
14:11:31,410 DEBUG SQL:104 - 
    delete 
    from
        DataPoint 
    where
        id=?
14:11:31,418 DEBUG SQL:104 - 
    delete 
    from
        DataPoint 
    where
        id=?
14:11:31,418 DEBUG SQL:104 - 
    delete 
    from
        DataPoint 
    where
        id=?
14:11:31,418 DEBUG SQL:104 - 
    delete 
    from
        DataPoint 
    where
        id=?
14:11:31,418 DEBUG SQL:104 - 
    delete 
    from
        DataPoint 
    where
        id=?
14:11:31,418 DEBUG SQL:104 - 
    delete 
    from
        DataPoint 
    where
        id=?
14:11:31,428 DEBUG SQL:104 - 
    delete 
    from
        DataPoint 
    where
        id=?
14:11:31,428 DEBUG SQL:104 - 
    delete 
    from
        DataPoint 
    where
        id=?
14:11:31,429 DEBUG SQL:104 - 
    delete 
    from
        DataPoint 
    where
        id=?
14:11:31,429 DEBUG SQL:104 - 
    delete 
    from
        DataPoint 
    where
        id=?
14:11:31,429 DEBUG SQL:104 - 
    delete 
    from
        DataPoint 
    where
        id=?
14:11:31,450 DEBUG SQL:104 - 
    delete 
    from
        DataPoint 
    where
        id=?
14:11:31,450 DEBUG SQL:104 - 
    delete 
    from
        DataPoint 
    where
        id=?
14:11:31,450 DEBUG SQL:104 - 
    delete 
    from
        DataPoint 
    where
        id=?
14:11:31,450 DEBUG SQL:104 - 
    delete 
    from
        DataPoint 
    where
        id=?
14:11:31,450 DEBUG SQL:104 - 
    delete 
    from
        DataPoint 
    where
        id=?
14:11:31,450 DEBUG SQL:104 - 
    delete 
    from
        DataPoint 
    where
        id=?
14:11:31,450 DEBUG SQL:104 - 
    delete 
    from
        DataPoint 
    where
        id=?
14:11:31,452 DEBUG SQL:104 - 
    delete 
    from
        DataPoint 
    where
        id=?
14:11:31,452 DEBUG SQL:104 - 
    delete 
    from
        DataPoint 
    where
        id=?
14:11:31,452 DEBUG SQL:104 - 
    delete 
    from
        DataPoint 
    where
        id=?
14:11:31,453 DEBUG SQL:104 - 
    delete 
    from
        DataPoint 
    where
        id=?
14:11:31,453 DEBUG SQL:104 - 
    delete 
    from
        DataPoint 
    where
        id=?
14:11:31,453 DEBUG SQL:104 - 
    delete 
    from
        DataPoint 
    where
        id=?
14:11:31,453 DEBUG SQL:104 - 
    delete 
    from
        DataPoint 
    where
        id=?
14:11:31,453 DEBUG SQL:104 - 
    delete 
    from
        DataPoint 
    where
        id=?
14:11:31,453 DEBUG SQL:104 - 
    delete 
    from
        DataPoint 
    where
        id=?
14:11:31,453 DEBUG SQL:104 - 
    delete 
    from
        DataPoint 
    where
        id=?
14:11:31,453 DEBUG SQL:104 - 
    delete 
    from
        DataPoint 
    where
        id=?
14:11:31,475 DEBUG SQL:104 - 
    delete 
    from
        DataPoint 
    where
        id=?
14:11:31,476 DEBUG SQL:104 - 
    delete 
    from
        DataPoint 
    where
        id=?
14:11:31,476 DEBUG SQL:104 - 
    delete 
    from
        DataPoint 
    where
        id=?
14:11:31,476 DEBUG SQL:104 - 
    delete 
    from
        DataPoint 
    where
        id=?
14:11:31,476 DEBUG SQL:104 - 
    delete 
    from
        DataPoint 
    where
        id=?
14:11:31,487 DEBUG SQL:104 - 
    delete 
    from
        DataPoint 
    where
        id=?
14:11:31,487 DEBUG SQL:104 - 
    delete 
    from
        DataPoint 
    where
        id=?
14:11:31,487 DEBUG SQL:104 - 
    delete 
    from
        DataPoint 
    where
        id=?
14:11:31,487 DEBUG SQL:104 - 
    delete 
    from
        DataPoint 
    where
        id=?
14:11:31,489 DEBUG SQL:104 - 
    delete 
    from
        DataPoint 
    where
        id=?
14:11:31,489 DEBUG SQL:104 - 
    delete 
    from
        DataPoint 
    where
        id=?
14:11:31,489 DEBUG SQL:104 - 
    delete 
    from
        DataPoint 
    where
        id=?
14:11:31,490 DEBUG SQL:104 - 
    delete 
    from
        DataPoint 
    where
        id=?
14:11:31,490 DEBUG SQL:104 - 
    delete 
    from
        DataPoint 
    where
        id=?
14:11:31,490 DEBUG SQL:104 - 
    delete 
    from
        DataPoint 
    where
        id=?
14:11:31,504 DEBUG SQL:104 - 
    delete 
    from
        DataPoint 
    where
        id=?
14:11:31,504 DEBUG SQL:104 - 
    delete 
    from
        DataPoint 
    where
        id=?
14:11:31,504 DEBUG SQL:104 - 
    delete 
    from
        DataPoint 
    where
        id=?
14:11:31,504 DEBUG SQL:104 - 
    delete 
    from
        DataPoint 
    where
        id=?
14:11:31,504 DEBUG SQL:104 - 
    delete 
    from
        DataPoint 
    where
        id=?
14:11:31,514 DEBUG SQL:104 - 
    delete 
    from
        DataPoint 
    where
        id=?
14:11:31,514 DEBUG SQL:104 - 
    delete 
    from
        DataPoint 
    where
        id=?
14:11:31,514 DEBUG SQL:104 - 
    delete 
    from
        DataPoint 
    where
        id=?
14:11:31,514 DEBUG SQL:104 - 
    delete 
    from
        DataPoint 
    where
        id=?
14:11:31,514 DEBUG SQL:104 - 
    delete 
    from
        DataPoint 
    where
        id=?
14:11:31,514 DEBUG SQL:104 - 
    delete 
    from
        DataPoint 
    where
        id=?
14:11:31,514 DEBUG SQL:104 - 
    delete 
    from
        DataPoint 
    where
        id=?
14:11:31,515 DEBUG SQL:104 - 
    delete 
    from
        DataPoint 
    where
        id=?
14:11:31,538 DEBUG SQL:104 - 
    delete 
    from
        DataPoint 
    where
        id=?
14:11:31,539 DEBUG SQL:104 - 
    delete 
    from
        DataPoint 
    where
        id=?
14:11:31,540 DEBUG SQL:104 - 
    delete 
    from
        DataPoint 
    where
        id=?
14:11:31,540 DEBUG SQL:104 - 
    delete 
    from
        DataPoint 
    where
        id=?
14:11:31,540 DEBUG SQL:104 - 
    delete 
    from
        DataPoint 
    where
        id=?
14:11:31,551 DEBUG SQL:104 - 
    delete 
    from
        DataPoint 
    where
        id=?
14:11:31,551 DEBUG SQL:104 - 
    delete 
    from
        DataPoint 
    where
        id=?
14:11:31,551 DEBUG SQL:104 - 
    delete 
    from
        DataPoint 
    where
        id=?
14:11:31,551 DEBUG SQL:104 - 
    delete 
    from
        DataPoint 
    where
        id=?
14:11:31,551 DEBUG SQL:104 - 
    delete 
    from
        DataPoint 
    where
        id=?
14:11:31,561 DEBUG SQL:104 - 
    delete 
    from
        DataPoint 
    where
        id=?
14:11:31,561 DEBUG SQL:104 - 
    delete 
    from
        DataPoint 
    where
        id=?
14:11:31,561 DEBUG SQL:104 - 
    delete 
    from
        DataPoint 
    where
        id=?
14:11:31,561 DEBUG SQL:104 - 
    delete 
    from
        DataPoint 
    where
        id=?
14:11:31,561 DEBUG SQL:104 - 
    delete 
    from
        DataPoint 
    where
        id=?
14:11:31,572 DEBUG SQL:104 - 
    delete 
    from
        DataPoint 
    where
        id=?
14:11:31,573 DEBUG SQL:104 - 
    delete 
    from
        DataPoint 
    where
        id=?
14:11:31,573 DEBUG SQL:104 - 
    delete 
    from
        DataPoint 
    where
        id=?
14:11:31,573 DEBUG SQL:104 - 
    delete 
    from
        DataPoint 
    where
        id=?
14:11:31,573 DEBUG SQL:104 - 
    delete 
    from
        DataPoint 
    where
        id=?
14:11:31,585 DEBUG SQL:104 - 
    delete 
    from
        DataPoint 
    where
        id=?
14:11:31,586 DEBUG SQL:104 - 
    delete 
    from
        DataPoint 
    where
        id=?
14:11:31,587 DEBUG SQL:104 - 
    delete 
    from
        DataPoint 
    where
        id=?
14:11:31,587 DEBUG SQL:104 - 
    delete 
    from
        DataPoint 
    where
        id=?
14:11:31,587 DEBUG SQL:104 - 
    delete 
    from
        DataPoint 
    where
        id=?
14:11:31,597 DEBUG SQL:104 - 
    delete 
    from
        DataPoint 
    where
        id=?
14:11:31,597 DEBUG SQL:104 - 
    delete 
    from
        DataPoint 
    where
        id=?
14:11:31,597 DEBUG SQL:104 - 
    delete 
    from
        DataPoint 
    where
        id=?
14:11:31,597 DEBUG SQL:104 - 
    delete 
    from
        DataPoint 
    where
        id=?
14:11:31,597 DEBUG SQL:104 - 
    delete 
    from
        DataPoint 
    where
        id=?
14:11:31,607 DEBUG SQL:104 - 
    delete 
    from
        DataPoint 
    where
        id=?
14:11:31,607 DEBUG SQL:104 - 
    delete 
    from
        DataPoint 
    where
        id=?
14:11:31,607 DEBUG SQL:104 - 
    delete 
    from
        DataPoint 
    where
        id=?
14:11:31,607 DEBUG SQL:104 - 
    delete 
    from
        DataPoint 
    where
        id=?
14:11:31,607 DEBUG SQL:104 - 
    delete 
    from
        DataPoint 
    where
        id=?
14:11:31,617 DEBUG SQL:104 - 
    delete 
    from
        DataPoint 
    where
        id=?
14:11:31,617 DEBUG SQL:104 - 
    delete 
    from
        DataPoint 
    where
        id=?
14:11:31,617 DEBUG SQL:104 - 
    delete 
    from
        DataPoint 
    where
        id=?
14:11:31,617 DEBUG SQL:104 - 
    delete 
    from
        DataPoint 
    where
        id=?
14:11:31,617 DEBUG SQL:104 - 
    delete 
    from
        DataPoint 
    where
        id=?
14:11:31,617 DEBUG SQL:104 - 
    delete 
    from
        DataPoint 
    where
        id=?
14:11:31,619 DEBUG SQL:104 - 
    delete 
    from
        DataPoint 
    where
        id=?
14:11:31,620 DEBUG SQL:104 - 
    delete 
    from
        DataPoint 
    where
        id=?
14:11:31,620 DEBUG SQL:104 - 
    delete 
    from
        DataPoint 
    where
        id=?
14:11:31,620 DEBUG SQL:104 - 
    delete 
    from
        DataPoint 
    where
        id=?
14:11:31,620 DEBUG SQL:104 - 
    delete 
    from
        DataPoint 
    where
        id=?
14:11:31,636 DEBUG SQL:104 - 
    delete 
    from
        DataPoint 
    where
        id=?
14:11:31,636 DEBUG SQL:104 - 
    delete 
    from
        DataPoint 
    where
        id=?
14:11:31,636 DEBUG SQL:104 - 
    delete 
    from
        DataPoint 
    where
        id=?
14:11:31,636 DEBUG SQL:104 - 
    delete 
    from
        DataPoint 
    where
        id=?
14:11:31,636 DEBUG SQL:104 - 
    delete 
    from
        DataPoint 
    where
        id=?
14:11:31,644 DEBUG SQL:104 - 
    delete 
    from
        DataPoint 
    where
        id=?
14:11:31,645 DEBUG SQL:104 - 
    delete 
    from
        DataPoint 
    where
        id=?
14:11:31,645 DEBUG SQL:104 - 
    delete 
    from
        DataPoint 
    where
        id=?
14:11:31,645 DEBUG SQL:104 - 
    delete 
    from
        DataPoint 
    where
        id=?
14:11:31,645 DEBUG SQL:104 - 
    delete 
    from
        DataPoint 
    where
        id=?
14:11:31,645 DEBUG SQL:104 - 
    delete 
    from
        DataPoint 
    where
        id=?
14:11:31,645 DEBUG SQL:104 - 
    delete 
    from
        DataPoint 
    where
        id=?
14:11:31,667 DEBUG SQL:104 - 
    delete 
    from
        DataPoint 
    where
        id=?
14:11:31,667 DEBUG SQL:104 - 
    delete 
    from
        DataPoint 
    where
        id=?
14:11:31,667 DEBUG SQL:104 - 
    delete 
    from
        DataPoint 
    where
        id=?
14:11:31,669 DEBUG SQL:104 - 
    delete 
    from
        DataPoint 
    where
        id=?
14:11:31,669 DEBUG SQL:104 - 
    delete 
    from
        DataPoint 
    where
        id=?
14:11:31,669 DEBUG SQL:104 - 
    delete 
    from
        DataPoint 
    where
        id=?
14:11:31,677 DEBUG SQL:104 - 
    delete 
    from
        DataPoint 
    where
        id=?
14:11:31,678 DEBUG SQL:104 - 
    delete 
    from
        DataPoint 
    where
        id=?
14:11:31,678 DEBUG SQL:104 - 
    delete 
    from
        DataPoint 
    where
        id=?
14:11:31,678 DEBUG SQL:104 - 
    delete 
    from
        DataPoint 
    where
        id=?
14:11:31,678 DEBUG SQL:104 - 
    delete 
    from
        DataPoint 
    where
        id=?
14:11:31,688 DEBUG SQL:104 - 
    delete 
    from
        DataPoint 
    where
        id=?
14:11:31,688 DEBUG SQL:104 - 
    delete 
    from
        DataPoint 
    where
        id=?
14:11:31,688 DEBUG SQL:104 - 
    delete 
    from
        DataPoint 
    where
        id=?
14:11:31,688 DEBUG SQL:104 - 
    delete 
    from
        DataPoint 
    where
        id=?
14:11:31,688 DEBUG SQL:104 - 
    delete 
    from
        DataPoint 
    where
        id=?
14:11:31,698 DEBUG SQL:104 - 
    delete 
    from
        DataPoint 
    where
        id=?
14:11:31,698 DEBUG SQL:104 - 
    delete 
    from
        DataPoint 
    where
        id=?
14:11:31,698 DEBUG SQL:104 - 
    delete 
    from
        DataPoint 
    where
        id=?
14:11:31,699 DEBUG SQL:104 - 
    delete 
    from
        DataPoint 
    where
        id=?
14:11:31,699 DEBUG SQL:104 - 
    delete 
    from
        DataPoint 
    where
        id=?
14:11:31,709 DEBUG SQL:104 - 
    delete 
    from
        DataPoint 
    where
        id=?
14:11:31,710 DEBUG SQL:104 - 
    delete 
    from
        DataPoint 
    where
        id=?
14:11:31,712 DEBUG SQL:104 - 
    delete 
    from
        DataPoint 
    where
        id=?
14:11:31,712 DEBUG SQL:104 - 
    delete 
    from
        DataPoint 
    where
        id=?
14:11:31,712 DEBUG SQL:104 - 
    delete 
    from
        DataPoint 
    where
        id=?
14:11:31,719 DEBUG SQL:104 - 
    delete 
    from
        DataPoint 
    where
        id=?
14:11:31,719 DEBUG SQL:104 - 
    delete 
    from
        DataPoint 
    where
        id=?
14:11:31,719 DEBUG SQL:104 - 
    delete 
    from
        DataPoint 
    where
        id=?
14:11:31,720 DEBUG SQL:104 - 
    delete 
    from
        DataPoint 
    where
        id=?
14:11:31,720 DEBUG SQL:104 - 
    delete 
    from
        DataPoint 
    where
        id=?
14:11:31,731 DEBUG SQL:104 - 
    delete 
    from
        DataPoint 
    where
        id=?
14:11:31,731 DEBUG SQL:104 - 
    delete 
    from
        DataPoint 
    where
        id=?
14:11:31,731 DEBUG SQL:104 - 
    delete 
    from
        DataPoint 
    where
        id=?
14:11:31,731 DEBUG SQL:104 - 
    delete 
    from
        DataPoint 
    where
        id=?
14:11:31,731 DEBUG SQL:104 - 
    delete 
    from
        DataPoint 
    where
        id=?
14:11:31,739 DEBUG SQL:104 - 
    delete 
    from
        DataPoint 
    where
        id=?
14:11:31,740 DEBUG SQL:104 - 
    delete 
    from
        DataPoint 
    where
        id=?
14:11:31,740 DEBUG SQL:104 - 
    delete 
    from
        DataPoint 
    where
        id=?
14:11:31,741 DEBUG SQL:104 - 
    delete 
    from
        DataPoint 
    where
        id=?
14:11:31,741 DEBUG SQL:104 - 
    delete 
    from
        DataPoint 
    where
        id=?
14:11:31,741 DEBUG SQL:104 - 
    delete 
    from
        DataPoint 
    where
        id=?
14:11:31,742 DEBUG SQL:104 - 
    delete 
    from
        DataPoint 
    where
        id=?
14:11:31,744 DEBUG SQL:104 - 
    delete 
    from
        DataPoint 
    where
        id=?
14:11:31,744 DEBUG SQL:104 - 
    delete 
    from
        DataPoint 
    where
        id=?
14:11:31,744 DEBUG SQL:104 - 
    delete 
    from
        DataPoint 
    where
        id=?
14:11:31,756 DEBUG SQL:104 - 
    delete 
    from
        DataPoint 
    where
        id=?
14:11:31,756 DEBUG SQL:104 - 
    delete 
    from
        DataPoint 
    where
        id=?
14:11:31,756 DEBUG SQL:104 - 
    delete 
    from
        DataPoint 
    where
        id=?
14:11:31,756 DEBUG SQL:104 - 
    delete 
    from
        DataPoint 
    where
        id=?
14:11:31,756 DEBUG SQL:104 - 
    delete 
    from
        DataPoint 
    where
        id=?
14:11:31,756 DEBUG SQL:104 - 
    delete 
    from
        DataPoint 
    where
        id=?
14:11:31,767 DEBUG SQL:104 - 
    delete 
    from
        DataPoint 
    where
        id=?
14:11:31,767 DEBUG SQL:104 - 
    delete 
    from
        DataPoint 
    where
        id=?
14:11:31,767 DEBUG SQL:104 - 
    delete 
    from
        DataPoint 
    where
        id=?
14:11:31,767 DEBUG SQL:104 - 
    delete 
    from
        DataPoint 
    where
        id=?
14:11:31,767 DEBUG SQL:104 - 
    delete 
    from
        DataPoint 
    where
        id=?
14:11:31,767 DEBUG SQL:104 - 
    delete 
    from
        DataPoint 
    where
        id=?
14:11:31,767 DEBUG SQL:104 - 
    delete 
    from
        DataPoint 
    where
        id=?
14:11:31,789 DEBUG SQL:104 - 
    delete 
    from
        DataPoint 
    where
        id=?
14:11:31,789 DEBUG SQL:104 - 
    delete 
    from
        DataPoint 
    where
        id=?
14:11:31,790 DEBUG SQL:104 - 
    delete 
    from
        DataPoint 
    where
        id=?
14:11:31,790 DEBUG SQL:104 - 
    delete 
    from
        DataPoint 
    where
        id=?
14:11:31,791 DEBUG SQL:104 - 
    delete 
    from
        DataPoint 
    where
        id=?
14:11:31,800 DEBUG SQL:104 - 
    delete 
    from
        DataPoint 
    where
        id=?
14:11:31,801 DEBUG SQL:104 - 
    delete 
    from
        DataPoint 
    where
        id=?
14:11:31,801 DEBUG SQL:104 - 
    delete 
    from
        DataPoint 
    where
        id=?
14:11:31,801 DEBUG SQL:104 - 
    delete 
    from
        DataPoint 
    where
        id=?
14:11:31,801 DEBUG SQL:104 - 
    delete 
    from
        DataPoint 
    where
        id=?
14:11:31,811 DEBUG SQL:104 - 
    delete 
    from
        DataPoint 
    where
        id=?
14:11:31,811 DEBUG SQL:104 - 
    delete 
    from
        DataPoint 
    where
        id=?
14:11:31,811 DEBUG SQL:104 - 
    delete 
    from
        DataPoint 
    where
        id=?
14:11:31,811 DEBUG SQL:104 - 
    delete 
    from
        DataPoint 
    where
        id=?
14:11:31,811 DEBUG SQL:104 - 
    delete 
    from
        DataPoint 
    where
        id=?
14:11:31,811 DEBUG SQL:104 - 
    delete 
    from
        DataPoint 
    where
        id=?
14:11:31,821 DEBUG SQL:104 - 
    delete 
    from
        DataPoint 
    where
        id=?
14:11:31,821 DEBUG SQL:104 - 
    delete 
    from
        DataPoint 
    where
        id=?
14:11:31,821 DEBUG SQL:104 - 
    delete 
    from
        DataPoint 
    where
        id=?
14:11:31,821 DEBUG SQL:104 - 
    delete 
    from
        DataPoint 
    where
        id=?
14:11:31,821 DEBUG SQL:104 - 
    delete 
    from
        DataPoint 
    where
        id=?
14:11:31,832 DEBUG SQL:104 - 
    delete 
    from
        DataPoint 
    where
        id=?
14:11:31,832 DEBUG SQL:104 - 
    delete 
    from
        DataPoint 
    where
        id=?
14:11:31,832 DEBUG SQL:104 - 
    delete 
    from
        DataPoint 
    where
        id=?
14:11:31,834 DEBUG SQL:104 - 
    delete 
    from
        DataPoint 
    where
        id=?
14:11:31,834 DEBUG SQL:104 - 
    delete 
    from
        DataPoint 
    where
        id=?
14:11:31,842 DEBUG SQL:104 - 
    delete 
    from
        DataPoint 
    where
        id=?
14:11:31,842 DEBUG SQL:104 - 
    delete 
    from
        DataPoint 
    where
        id=?
14:11:31,842 DEBUG SQL:104 - 
    delete 
    from
        DataPoint 
    where
        id=?
14:11:31,842 DEBUG SQL:104 - 
    delete 
    from
        DataPoint 
    where
        id=?
14:11:31,842 DEBUG SQL:104 - 
    delete 
    from
        DataPoint 
    where
        id=?
14:11:31,852 DEBUG SQL:104 - 
    delete 
    from
        DataPoint 
    where
        id=?
14:11:31,852 DEBUG SQL:104 - 
    delete 
    from
        DataPoint 
    where
        id=?
14:11:31,853 DEBUG SQL:104 - 
    delete 
    from
        DataPoint 
    where
        id=?
14:11:31,853 DEBUG SQL:104 - 
    delete 
    from
        DataPoint 
    where
        id=?
14:11:31,853 DEBUG SQL:104 - 
    delete 
    from
        DataPoint 
    where
        id=?
14:11:31,863 DEBUG SQL:104 - 
    delete 
    from
        DataPoint 
    where
        id=?
14:11:31,863 DEBUG SQL:104 - 
    delete 
    from
        DataPoint 
    where
        id=?
14:11:31,863 DEBUG SQL:104 - 
    delete 
    from
        DataPoint 
    where
        id=?
14:11:31,863 DEBUG SQL:104 - 
    delete 
    from
        DataPoint 
    where
        id=?
14:11:31,863 DEBUG SQL:104 - 
    delete 
    from
        DataPoint 
    where
        id=?
14:11:31,874 DEBUG SQL:104 - 
    delete 
    from
        DataPoint 
    where
        id=?
14:11:31,874 DEBUG SQL:104 - 
    delete 
    from
        DataPoint 
    where
        id=?
14:11:31,874 DEBUG SQL:104 - 
    delete 
    from
        DataPoint 
    where
        id=?
14:11:31,876 DEBUG SQL:104 - 
    delete 
    from
        DataPoint 
    where
        id=?
14:11:31,876 DEBUG SQL:104 - 
    delete 
    from
        DataPoint 
    where
        id=?
14:11:31,876 DEBUG SQL:104 - 
    delete 
    from
        DataPoint 
    where
        id=?
14:11:31,876 DEBUG SQL:104 - 
    delete 
    from
        DataPoint 
    where
        id=?
14:11:31,876 DEBUG SQL:104 - 
    delete 
    from
        DataPoint 
    where
        id=?
14:11:31,876 DEBUG SQL:104 - 
    delete 
    from
        DataPoint 
    where
        id=?
14:11:31,877 DEBUG SQL:104 - 
    delete 
    from
        DataPoint 
    where
        id=?
14:11:31,887 DEBUG SQL:104 - 
    delete 
    from
        DataPoint 
    where
        id=?
14:11:31,887 DEBUG SQL:104 - 
    delete 
    from
        DataPoint 
    where
        id=?
14:11:31,887 DEBUG SQL:104 - 
    delete 
    from
        DataPoint 
    where
        id=?
14:11:31,887 DEBUG SQL:104 - 
    delete 
    from
        DataPoint 
    where
        id=?
14:11:31,887 DEBUG SQL:104 - 
    delete 
    from
        DataPoint 
    where
        id=?
14:11:31,897 DEBUG SQL:104 - 
    delete 
    from
        DataPoint 
    where
        id=?
14:11:31,897 DEBUG SQL:104 - 
    delete 
    from
        DataPoint 
    where
        id=?
14:11:31,897 DEBUG SQL:104 - 
    delete 
    from
        DataPoint 
    where
        id=?
14:11:31,897 DEBUG SQL:104 - 
    delete 
    from
        DataPoint 
    where
        id=?
14:11:31,897 DEBUG SQL:104 - 
    delete 
    from
        DataPoint 
    where
        id=?
14:11:31,897 DEBUG SQL:104 - 
    delete 
    from
        DataPoint 
    where
        id=?
14:11:31,897 DEBUG SQL:104 - 
    delete 
    from
        DataPoint 
    where
        id=?
14:11:31,898 DEBUG SQL:104 - 
    delete 
    from
        DataPoint 
    where
        id=?
14:11:31,921 DEBUG SQL:104 - 
    delete 
    from
        DataPoint 
    where
        id=?
14:11:31,922 DEBUG SQL:104 - 
    delete 
    from
        DataPoint 
    where
        id=?
14:11:31,922 DEBUG SQL:104 - 
    delete 
    from
        DataPoint 
    where
        id=?
14:11:31,922 DEBUG SQL:104 - 
    delete 
    from
        DataPoint 
    where
        id=?
14:11:31,922 DEBUG SQL:104 - 
    delete 
    from
        DataPoint 
    where
        id=?
14:11:31,922 DEBUG SQL:104 - 
    delete 
    from
        DataPoint 
    where
        id=?
14:11:31,922 DEBUG SQL:104 - 
    delete 
    from
        DataPoint 
    where
        id=?
14:11:31,922 DEBUG SQL:104 - 
    delete 
    from
        DataPoint 
    where
        id=?
14:11:31,922 DEBUG SQL:104 - 
    delete 
    from
        DataPoint 
    where
        id=?
14:11:31,922 DEBUG SQL:104 - 
    delete 
    from
        DataPoint 
    where
        id=?
14:11:31,923 DEBUG SQL:104 - 
    delete 
    from
        DataPoint 
    where
        id=?
14:11:31,923 DEBUG SQL:104 - 
    delete 
    from
        DataPoint 
    where
        id=?
14:11:31,923 DEBUG SQL:104 - 
    delete 
    from
        DataPoint 
    where
        id=?
14:11:31,943 DEBUG SQL:104 - 
    delete 
    from
        DataPoint 
    where
        id=?
14:11:31,944 DEBUG SQL:104 - 
    delete 
    from
        DataPoint 
    where
        id=?
14:11:31,944 DEBUG SQL:104 - 
    delete 
    from
        DataPoint 
    where
        id=?
14:11:31,944 DEBUG SQL:104 - 
    delete 
    from
        DataPoint 
    where
        id=?
14:11:31,944 DEBUG SQL:104 - 
    delete 
    from
        DataPoint 
    where
        id=?
14:11:31,954 DEBUG SQL:104 - 
    delete 
    from
        DataPoint 
    where
        id=?
14:11:31,954 DEBUG SQL:104 - 
    delete 
    from
        DataPoint 
    where
        id=?
14:11:31,955 DEBUG SQL:104 - 
    delete 
    from
        DataPoint 
    where
        id=?
14:11:31,956 DEBUG SQL:104 - 
    delete 
    from
        DataPoint 
    where
        id=?
14:11:31,956 DEBUG SQL:104 - 
    delete 
    from
        DataPoint 
    where
        id=?
14:11:31,965 DEBUG SQL:104 - 
    delete 
    from
        DataPoint 
    where
        id=?
14:11:31,965 DEBUG SQL:104 - 
    delete 
    from
        DataPoint 
    where
        id=?
14:11:31,965 DEBUG SQL:104 - 
    delete 
    from
        DataPoint 
    where
        id=?
14:11:31,965 DEBUG SQL:104 - 
    delete 
    from
        DataPoint 
    where
        id=?
14:11:31,965 DEBUG SQL:104 - 
    delete 
    from
        DataPoint 
    where
        id=?
14:11:31,976 DEBUG SQL:104 - 
    delete 
    from
        DataPoint 
    where
        id=?
14:11:31,976 DEBUG SQL:104 - 
    delete 
    from
        DataPoint 
    where
        id=?
14:11:31,976 DEBUG SQL:104 - 
    delete 
    from
        DataPoint 
    where
        id=?
14:11:31,977 DEBUG SQL:104 - 
    delete 
    from
        DataPoint 
    where
        id=?
14:11:31,977 DEBUG SQL:104 - 
    delete 
    from
        DataPoint 
    where
        id=?
14:11:31,987 DEBUG SQL:104 - 
    delete 
    from
        DataPoint 
    where
        id=?
14:11:31,987 DEBUG SQL:104 - 
    delete 
    from
        DataPoint 
    where
        id=?
14:11:31,987 DEBUG SQL:104 - 
    delete 
    from
        DataPoint 
    where
        id=?
14:11:31,987 DEBUG SQL:104 - 
    delete 
    from
        DataPoint 
    where
        id=?
14:11:31,988 DEBUG SQL:104 - 
    delete 
    from
        DataPoint 
    where
        id=?
14:11:32,007 DEBUG SQL:104 - 
    delete 
    from
        DataPoint 
    where
        id=?
14:11:32,008 DEBUG SQL:104 - 
    delete 
    from
        DataPoint 
    where
        id=?
14:11:32,009 DEBUG SQL:104 - 
    delete 
    from
        DataPoint 
    where
        id=?
14:11:32,010 DEBUG SQL:104 - 
    delete 
    from
        DataPoint 
    where
        id=?
14:11:32,010 DEBUG SQL:104 - 
    delete 
    from
        DataPoint 
    where
        id=?
14:11:32,012 DEBUG SQL:104 - 
    delete 
    from
        DataPoint 
    where
        id=?
14:11:32,012 DEBUG SQL:104 - 
    delete 
    from
        DataPoint 
    where
        id=?
14:11:32,012 DEBUG SQL:104 - 
    delete 
    from
        DataPoint 
    where
        id=?
14:11:32,012 DEBUG SQL:104 - 
    delete 
    from
        DataPoint 
    where
        id=?
14:11:32,012 DEBUG SQL:104 - 
    delete 
    from
        DataPoint 
    where
        id=?
14:11:32,012 DEBUG SQL:104 - 
    delete 
    from
        DataPoint 
    where
        id=?
14:11:32,012 DEBUG SQL:104 - 
    delete 
    from
        DataPoint 
    where
        id=?
14:11:32,012 DEBUG SQL:104 - 
    delete 
    from
        DataPoint 
    where
        id=?
14:11:32,012 DEBUG SQL:104 - 
    delete 
    from
        DataPoint 
    where
        id=?
14:11:32,013 DEBUG SQL:104 - 
    delete 
    from
        DataPoint 
    where
        id=?
14:11:32,025 DEBUG SQL:104 - 
    delete 
    from
        DataPoint 
    where
        id=?
14:11:32,025 DEBUG SQL:104 - 
    delete 
    from
        DataPoint 
    where
        id=?
14:11:32,025 DEBUG SQL:104 - 
    delete 
    from
        DataPoint 
    where
        id=?
14:11:32,025 DEBUG SQL:104 - 
    delete 
    from
        DataPoint 
    where
        id=?
14:11:32,025 DEBUG SQL:104 - 
    delete 
    from
        DataPoint 
    where
        id=?
14:11:32,025 DEBUG SQL:104 - 
    delete 
    from
        DataPoint 
    where
        id=?
14:11:32,035 DEBUG SQL:104 - 
    delete 
    from
        DataPoint 
    where
        id=?
14:11:32,037 DEBUG SQL:104 - 
    delete 
    from
        DataPoint 
    where
        id=?
14:11:32,038 DEBUG SQL:104 - 
    delete 
    from
        DataPoint 
    where
        id=?
14:11:32,038 DEBUG SQL:104 - 
    delete 
    from
        DataPoint 
    where
        id=?
14:11:32,038 DEBUG SQL:104 - 
    delete 
    from
        DataPoint 
    where
        id=?
14:11:32,038 DEBUG SQL:104 - 
    delete 
    from
        DataPoint 
    where
        id=?
14:11:32,038 DEBUG SQL:104 - 
    delete 
    from
        DataPoint 
    where
        id=?
14:11:32,059 DEBUG SQL:104 - 
    delete 
    from
        DataPoint 
    where
        id=?
14:11:32,059 DEBUG SQL:104 - 
    delete 
    from
        DataPoint 
    where
        id=?
14:11:32,059 DEBUG SQL:104 - 
    delete 
    from
        DataPoint 
    where
        id=?
14:11:32,059 DEBUG SQL:104 - 
    delete 
    from
        DataPoint 
    where
        id=?
14:11:32,059 DEBUG SQL:104 - 
    delete 
    from
        DataPoint 
    where
        id=?
14:11:32,069 DEBUG SQL:104 - 
    delete 
    from
        DataPoint 
    where
        id=?
14:11:32,070 DEBUG SQL:104 - 
    delete 
    from
        DataPoint 
    where
        id=?
14:11:32,070 DEBUG SQL:104 - 
    delete 
    from
        DataPoint 
    where
        id=?
14:11:32,070 DEBUG SQL:104 - 
    delete 
    from
        DataPoint 
    where
        id=?
14:11:32,070 DEBUG SQL:104 - 
    delete 
    from
        DataPoint 
    where
        id=?
14:11:32,080 DEBUG SQL:104 - 
    delete 
    from
        DataPoint 
    where
        id=?
14:11:32,082 DEBUG SQL:104 - 
    delete 
    from
        DataPoint 
    where
        id=?
14:11:32,082 DEBUG SQL:104 - 
    delete 
    from
        DataPoint 
    where
        id=?
14:11:32,082 DEBUG SQL:104 - 
    delete 
    from
        DataPoint 
    where
        id=?
14:11:32,083 DEBUG SQL:104 - 
    delete 
    from
        DataPoint 
    where
        id=?
14:11:32,084 DEBUG SQL:104 - 
    delete 
    from
        DataPoint 
    where
        id=?
14:11:32,092 DEBUG SQL:104 - 
    delete 
    from
        DataPoint 
    where
        id=?
14:11:32,092 DEBUG SQL:104 - 
    delete 
    from
        DataPoint 
    where
        id=?
14:11:32,092 DEBUG SQL:104 - 
    delete 
    from
        DataPoint 
    where
        id=?
14:11:32,092 DEBUG SQL:104 - 
    delete 
    from
        DataPoint 
    where
        id=?
14:11:32,092 DEBUG SQL:104 - 
    delete 
    from
        DataPoint 
    where
        id=?
14:11:32,106 DEBUG SQL:104 - 
    delete 
    from
        DataPoint 
    where
        id=?
14:11:32,106 DEBUG SQL:104 - 
    delete 
    from
        DataPoint 
    where
        id=?
14:11:32,107 DEBUG SQL:104 - 
    delete 
    from
        DataPoint 
    where
        id=?
14:11:32,107 DEBUG SQL:104 - 
    delete 
    from
        DataPoint 
    where
        id=?
14:11:32,107 DEBUG SQL:104 - 
    delete 
    from
        DataPoint 
    where
        id=?
14:11:32,117 DEBUG SQL:104 - 
    delete 
    from
        DataPoint 
    where
        id=?
14:11:32,117 DEBUG SQL:104 - 
    delete 
    from
        DataPoint 
    where
        id=?
14:11:32,117 DEBUG SQL:104 - 
    delete 
    from
        DataPoint 
    where
        id=?
14:11:32,117 DEBUG SQL:104 - 
    delete 
    from
        DataPoint 
    where
        id=?
14:11:32,117 DEBUG SQL:104 - 
    delete 
    from
        DataPoint 
    where
        id=?
14:11:32,127 DEBUG SQL:104 - 
    delete 
    from
        DataPoint 
    where
        id=?
14:11:32,128 DEBUG SQL:104 - 
    delete 
    from
        DataPoint 
    where
        id=?
14:11:32,128 DEBUG SQL:104 - 
    delete 
    from
        DataPoint 
    where
        id=?
14:11:32,130 DEBUG SQL:104 - 
    delete 
    from
        DataPoint 
    where
        id=?
14:11:32,130 DEBUG SQL:104 - 
    delete 
    from
        DataPoint 
    where
        id=?
14:11:32,138 DEBUG SQL:104 - 
    delete 
    from
        DataPoint 
    where
        id=?
14:11:32,138 DEBUG SQL:104 - 
    delete 
    from
        DataPoint 
    where
        id=?
14:11:32,139 DEBUG SQL:104 - 
    delete 
    from
        DataPoint 
    where
        id=?
14:11:32,139 DEBUG SQL:104 - 
    delete 
    from
        DataPoint 
    where
        id=?
14:11:32,139 DEBUG SQL:104 - 
    delete 
    from
        DataPoint 
    where
        id=?
14:11:32,139 DEBUG SQL:104 - 
    delete 
    from
        DataPoint 
    where
        id=?
14:11:32,139 DEBUG SQL:104 - 
    delete 
    from
        DataPoint 
    where
        id=?
14:11:32,139 DEBUG SQL:104 - 
    delete 
    from
        DataPoint 
    where
        id=?
14:11:32,139 DEBUG SQL:104 - 
    delete 
    from
        DataPoint 
    where
        id=?
14:11:32,139 DEBUG SQL:104 - 
    delete 
    from
        DataPoint 
    where
        id=?
14:11:32,152 DEBUG SQL:104 - 
    delete 
    from
        DataPoint 
    where
        id=?
14:11:32,152 DEBUG SQL:104 - 
    delete 
    from
        DataPoint 
    where
        id=?
14:11:32,152 DEBUG SQL:104 - 
    delete 
    from
        DataPoint 
    where
        id=?
14:11:32,152 DEBUG SQL:104 - 
    delete 
    from
        DataPoint 
    where
        id=?
14:11:32,152 DEBUG SQL:104 - 
    delete 
    from
        DataPoint 
    where
        id=?
14:11:32,162 DEBUG SQL:104 - 
    delete 
    from
        DataPoint 
    where
        id=?
14:11:32,162 DEBUG SQL:104 - 
    delete 
    from
        DataPoint 
    where
        id=?
14:11:32,162 DEBUG SQL:104 - 
    delete 
    from
        DataPoint 
    where
        id=?
14:11:32,164 DEBUG SQL:104 - 
    delete 
    from
        DataPoint 
    where
        id=?
14:11:32,164 DEBUG SQL:104 - 
    delete 
    from
        DataPoint 
    where
        id=?
14:11:32,164 DEBUG SQL:104 - 
    delete 
    from
        DataPoint 
    where
        id=?
14:11:32,164 DEBUG SQL:104 - 
    delete 
    from
        DataPoint 
    where
        id=?
14:11:32,164 DEBUG SQL:104 - 
    delete 
    from
        DataPoint 
    where
        id=?
14:11:32,186 DEBUG SQL:104 - 
    delete 
    from
        DataPoint 
    where
        id=?
14:11:32,187 DEBUG SQL:104 - 
    delete 
    from
        DataPoint 
    where
        id=?
14:11:32,187 DEBUG SQL:104 - 
    delete 
    from
        DataPoint 
    where
        id=?
14:11:32,187 DEBUG SQL:104 - 
    delete 
    from
        DataPoint 
    where
        id=?
14:11:32,187 DEBUG SQL:104 - 
    delete 
    from
        DataPoint 
    where
        id=?
14:11:32,197 DEBUG SQL:104 - 
    delete 
    from
        DataPoint 
    where
        id=?
14:11:32,197 DEBUG SQL:104 - 
    delete 
    from
        DataPoint 
    where
        id=?
14:11:32,197 DEBUG SQL:104 - 
    delete 
    from
        DataPoint 
    where
        id=?
14:11:32,197 DEBUG SQL:104 - 
    delete 
    from
        DataPoint 
    where
        id=?
14:11:32,197 DEBUG SQL:104 - 
    delete 
    from
        DataPoint 
    where
        id=?
14:11:32,208 DEBUG SQL:104 - 
    delete 
    from
        DataPoint 
    where
        id=?
14:11:32,209 DEBUG SQL:104 - 
    delete 
    from
        DataPoint 
    where
        id=?
14:11:32,209 DEBUG SQL:104 - 
    delete 
    from
        DataPoint 
    where
        id=?
14:11:32,209 DEBUG SQL:104 - 
    delete 
    from
        DataPoint 
    where
        id=?
14:11:32,209 DEBUG SQL:104 - 
    delete 
    from
        DataPoint 
    where
        id=?
14:11:32,221 DEBUG SQL:104 - 
    delete 
    from
        DataPoint 
    where
        id=?
14:11:32,222 DEBUG SQL:104 - 
    delete 
    from
        DataPoint 
    where
        id=?
14:11:32,222 DEBUG SQL:104 - 
    delete 
    from
        DataPoint 
    where
        id=?
14:11:32,222 DEBUG SQL:104 - 
    delete 
    from
        DataPoint 
    where
        id=?
14:11:32,222 DEBUG SQL:104 - 
    delete 
    from
        DataPoint 
    where
        id=?
14:11:32,234 DEBUG SQL:104 - 
    delete 
    from
        DataPoint 
    where
        id=?
14:11:32,234 DEBUG SQL:104 - 
    delete 
    from
        DataPoint 
    where
        id=?
14:11:32,234 DEBUG SQL:104 - 
    delete 
    from
        DataPoint 
    where
        id=?
14:11:32,234 DEBUG SQL:104 - 
    delete 
    from
        DataPoint 
    where
        id=?
14:11:32,234 DEBUG SQL:104 - 
    delete 
    from
        DataPoint 
    where
        id=?
14:11:32,234 DEBUG SQL:104 - 
    delete 
    from
        DataPoint 
    where
        id=?
14:11:32,247 DEBUG SQL:104 - 
    delete 
    from
        DataPoint 
    where
        id=?
14:11:32,247 DEBUG SQL:104 - 
    delete 
    from
        DataPoint 
    where
        id=?
14:11:32,247 DEBUG SQL:104 - 
    delete 
    from
        DataPoint 
    where
        id=?
14:11:32,247 DEBUG SQL:104 - 
    delete 
    from
        DataPoint 
    where
        id=?
14:11:32,247 DEBUG SQL:104 - 
    delete 
    from
        DataPoint 
    where
        id=?
14:11:32,259 DEBUG SQL:104 - 
    delete 
    from
        DataPoint 
    where
        id=?
14:11:32,259 DEBUG SQL:104 - 
    delete 
    from
        DataPoint 
    where
        id=?
14:11:32,259 DEBUG SQL:104 - 
    delete 
    from
        DataPoint 
    where
        id=?
14:11:32,260 DEBUG SQL:104 - 
    delete 
    from
        DataPoint 
    where
        id=?
14:11:32,261 DEBUG SQL:104 - 
    delete 
    from
        DataPoint 
    where
        id=?
14:11:32,275 DEBUG SQL:104 - 
    delete 
    from
        DataPoint 
    where
        id=?
14:11:32,275 DEBUG SQL:104 - 
    delete 
    from
        DataPoint 
    where
        id=?
14:11:32,275 DEBUG SQL:104 - 
    delete 
    from
        DataPoint 
    where
        id=?
14:11:32,275 DEBUG SQL:104 - 
    delete 
    from
        DataPoint 
    where
        id=?
14:11:32,275 DEBUG SQL:104 - 
    delete 
    from
        DataPoint 
    where
        id=?
14:11:32,275 DEBUG SQL:104 - 
    delete 
    from
        DataPoint 
    where
        id=?
14:11:32,275 DEBUG SQL:104 - 
    delete 
    from
        DataPoint 
    where
        id=?
14:11:32,275 DEBUG SQL:104 - 
    delete 
    from
        DataPoint 
    where
        id=?
14:11:32,275 DEBUG SQL:104 - 
    delete 
    from
        DataPoint 
    where
        id=?
14:11:32,276 DEBUG SQL:104 - 
    delete 
    from
        DataPoint 
    where
        id=?
14:11:32,289 DEBUG SQL:104 - 
    delete 
    from
        DataPoint 
    where
        id=?
14:11:32,289 DEBUG SQL:104 - 
    delete 
    from
        DataPoint 
    where
        id=?
14:11:32,289 DEBUG SQL:104 - 
    delete 
    from
        DataPoint 
    where
        id=?
14:11:32,289 DEBUG SQL:104 - 
    delete 
    from
        DataPoint 
    where
        id=?
14:11:32,289 DEBUG SQL:104 - 
    delete 
    from
        DataPoint 
    where
        id=?
14:11:32,299 DEBUG SQL:104 - 
    delete 
    from
        DataPoint 
    where
        id=?
14:11:32,299 DEBUG SQL:104 - 
    delete 
    from
        DataPoint 
    where
        id=?
14:11:32,299 DEBUG SQL:104 - 
    delete 
    from
        DataPoint 
    where
        id=?
14:11:32,300 DEBUG SQL:104 - 
    delete 
    from
        DataPoint 
    where
        id=?
14:11:32,302 DEBUG SQL:104 - 
    delete 
    from
        DataPoint 
    where
        id=?
14:11:32,303 DEBUG SQL:104 - 
    delete 
    from
        DataPoint 
    where
        id=?
14:11:32,303 DEBUG SQL:104 - 
    delete 
    from
        DataPoint 
    where
        id=?
14:11:32,303 DEBUG SQL:104 - 
    delete 
    from
        DataPoint 
    where
        id=?
14:11:32,333 DEBUG SQL:104 - 
    delete 
    from
        DataPoint 
    where
        id=?
14:11:32,333 DEBUG SQL:104 - 
    delete 
    from
        DataPoint 
    where
        id=?
14:11:32,333 DEBUG SQL:104 - 
    delete 
    from
        DataPoint 
    where
        id=?
14:11:32,333 DEBUG SQL:104 - 
    delete 
    from
        DataPoint 
    where
        id=?
14:11:32,333 DEBUG SQL:104 - 
    delete 
    from
        DataPoint 
    where
        id=?
14:11:32,341 DEBUG SQL:104 - 
    delete 
    from
        DataPoint 
    where
        id=?
14:11:32,342 DEBUG SQL:104 - 
    delete 
    from
        DataPoint 
    where
        id=?
14:11:32,344 DEBUG SQL:104 - 
    delete 
    from
        DataPoint 
    where
        id=?
14:11:32,345 DEBUG SQL:104 - 
    delete 
    from
        DataPoint 
    where
        id=?
14:11:32,345 DEBUG SQL:104 - 
    delete 
    from
        DataPoint 
    where
        id=?
14:11:32,367 DEBUG SQL:104 - 
    delete 
    from
        DataPoint 
    where
        id=?
14:11:32,367 DEBUG SQL:104 - 
    delete 
    from
        DataPoint 
    where
        id=?
14:11:32,367 DEBUG SQL:104 - 
    delete 
    from
        DataPoint 
    where
        id=?
14:11:32,367 DEBUG SQL:104 - 
    delete 
    from
        DataPoint 
    where
        id=?
14:11:32,367 DEBUG SQL:104 - 
    delete 
    from
        DataPoint 
    where
        id=?
14:11:32,369 DEBUG SQL:104 - 
    delete 
    from
        DataPoint 
    where
        id=?
14:11:32,371 DEBUG SQL:104 - 
    delete 
    from
        DataPoint 
    where
        id=?
14:11:32,371 DEBUG SQL:104 - 
    delete 
    from
        DataPoint 
    where
        id=?
14:11:32,371 DEBUG SQL:104 - 
    delete 
    from
        DataPoint 
    where
        id=?
14:11:32,371 DEBUG SQL:104 - 
    delete 
    from
        DataPoint 
    where
        id=?
14:11:32,391 DEBUG SQL:104 - 
    delete 
    from
        DataPoint 
    where
        id=?
14:11:32,391 DEBUG SQL:104 - 
    delete 
    from
        DataPoint 
    where
        id=?
14:11:32,392 DEBUG SQL:104 - 
    delete 
    from
        DataPoint 
    where
        id=?
14:11:32,392 DEBUG SQL:104 - 
    delete 
    from
        DataPoint 
    where
        id=?
14:11:32,392 DEBUG SQL:104 - 
    delete 
    from
        DataPoint 
    where
        id=?
14:11:32,395 DEBUG SQL:104 - 
    delete 
    from
        DataPoint 
    where
        id=?
14:11:32,395 DEBUG SQL:104 - 
    delete 
    from
        DataPoint 
    where
        id=?
14:11:32,395 DEBUG SQL:104 - 
    delete 
    from
        DataPoint 
    where
        id=?
14:11:32,395 DEBUG SQL:104 - 
    delete 
    from
        DataPoint 
    where
        id=?
14:11:32,395 DEBUG SQL:104 - 
    delete 
    from
        DataPoint 
    where
        id=?
14:11:32,407 DEBUG SQL:104 - 
    delete 
    from
        DataPoint 
    where
        id=?
14:11:32,408 DEBUG SQL:104 - 
    delete 
    from
        DataPoint 
    where
        id=?
14:11:32,408 DEBUG SQL:104 - 
    delete 
    from
        DataPoint 
    where
        id=?
14:11:32,408 DEBUG SQL:104 - 
    delete 
    from
        DataPoint 
    where
        id=?
14:11:32,408 DEBUG SQL:104 - 
    delete 
    from
        DataPoint 
    where
        id=?
14:11:32,408 DEBUG SQL:104 - 
    delete 
    from
        DataPoint 
    where
        id=?
14:11:32,410 DEBUG SQL:104 - 
    delete 
    from
        DataPoint 
    where
        id=?
14:11:32,410 DEBUG SQL:104 - 
    delete 
    from
        DataPoint 
    where
        id=?
14:11:32,410 DEBUG SQL:104 - 
    delete 
    from
        DataPoint 
    where
        id=?
14:11:32,410 DEBUG SQL:104 - 
    delete 
    from
        DataPoint 
    where
        id=?
14:11:32,410 DEBUG SQL:104 - 
    delete 
    from
        DataPoint 
    where
        id=?
14:11:32,430 DEBUG SQL:104 - 
    delete 
    from
        DataPoint 
    where
        id=?
14:11:32,430 DEBUG SQL:104 - 
    delete 
    from
        DataPoint 
    where
        id=?
14:11:32,430 DEBUG SQL:104 - 
    delete 
    from
        DataPoint 
    where
        id=?
14:11:32,430 DEBUG SQL:104 - 
    delete 
    from
        DataPoint 
    where
        id=?
14:11:32,431 DEBUG SQL:104 - 
    delete 
    from
        DataPoint 
    where
        id=?
14:11:32,443 DEBUG SQL:104 - 
    delete 
    from
        DataPoint 
    where
        id=?
14:11:32,443 DEBUG SQL:104 - 
    delete 
    from
        DataPoint 
    where
        id=?
14:11:32,443 DEBUG SQL:104 - 
    delete 
    from
        DataPoint 
    where
        id=?
14:11:32,443 DEBUG SQL:104 - 
    delete 
    from
        DataPoint 
    where
        id=?
14:11:32,443 DEBUG SQL:104 - 
    delete 
    from
        DataPoint 
    where
        id=?
14:11:32,443 DEBUG SQL:104 - 
    delete 
    from
        DataPoint 
    where
        id=?
14:11:32,443 DEBUG SQL:104 - 
    delete 
    from
        DataPoint 
    where
        id=?
14:11:32,470 DEBUG SQL:104 - 
    delete 
    from
        DataPoint 
    where
        id=?
14:11:32,471 DEBUG SQL:104 - 
    delete 
    from
        DataPoint 
    where
        id=?
14:11:32,471 DEBUG SQL:104 - 
    delete 
    from
        DataPoint 
    where
        id=?
14:11:32,472 DEBUG SQL:104 - 
    delete 
    from
        DataPoint 
    where
        id=?
14:11:32,473 DEBUG SQL:104 - 
    delete 
    from
        DataPoint 
    where
        id=?
14:11:32,484 DEBUG SQL:104 - 
    delete 
    from
        DataPoint 
    where
        id=?
14:11:32,484 DEBUG SQL:104 - 
    delete 
    from
        DataPoint 
    where
        id=?
14:11:32,484 DEBUG SQL:104 - 
    delete 
    from
        DataPoint 
    where
        id=?
14:11:32,484 DEBUG SQL:104 - 
    delete 
    from
        DataPoint 
    where
        id=?
14:11:32,484 DEBUG SQL:104 - 
    delete 
    from
        DataPoint 
    where
        id=?
14:11:32,484 DEBUG SQL:104 - 
    delete 
    from
        DataPoint 
    where
        id=?
14:11:32,484 DEBUG SQL:104 - 
    delete 
    from
        DataPoint 
    where
        id=?
14:11:32,484 DEBUG SQL:104 - 
    delete 
    from
        DataPoint 
    where
        id=?
14:11:32,485 DEBUG SQL:104 - 
    delete 
    from
        DataPoint 
    where
        id=?
14:11:32,485 DEBUG SQL:104 - 
    delete 
    from
        DataPoint 
    where
        id=?
14:11:32,485 DEBUG SQL:104 - 
    delete 
    from
        DataPoint 
    where
        id=?
14:11:32,485 DEBUG SQL:104 - 
    delete 
    from
        DataPoint 
    where
        id=?
14:11:32,485 DEBUG SQL:104 - 
    delete 
    from
        DataPoint 
    where
        id=?
14:11:32,503 DEBUG SQL:104 - 
    delete 
    from
        DataPoint 
    where
        id=?
14:11:32,503 DEBUG SQL:104 - 
    delete 
    from
        DataPoint 
    where
        id=?
14:11:32,503 DEBUG SQL:104 - 
    delete 
    from
        DataPoint 
    where
        id=?
14:11:32,504 DEBUG SQL:104 - 
    delete 
    from
        DataPoint 
    where
        id=?
14:11:32,504 DEBUG SQL:104 - 
    delete 
    from
        DataPoint 
    where
        id=?
14:11:32,515 DEBUG SQL:104 - 
    delete 
    from
        DataPoint 
    where
        id=?
14:11:32,515 DEBUG SQL:104 - 
    delete 
    from
        DataPoint 
    where
        id=?
14:11:32,515 DEBUG SQL:104 - 
    delete 
    from
        DataPoint 
    where
        id=?
14:11:32,515 DEBUG SQL:104 - 
    delete 
    from
        DataPoint 
    where
        id=?
14:11:32,515 DEBUG SQL:104 - 
    delete 
    from
        DataPoint 
    where
        id=?
14:11:32,527 DEBUG SQL:104 - 
    delete 
    from
        DataPoint 
    where
        id=?
14:11:32,527 DEBUG SQL:104 - 
    delete 
    from
        DataPoint 
    where
        id=?
14:11:32,527 DEBUG SQL:104 - 
    delete 
    from
        DataPoint 
    where
        id=?
14:11:32,527 DEBUG SQL:104 - 
    delete 
    from
        DataPoint 
    where
        id=?
14:11:32,527 DEBUG SQL:104 - 
    delete 
    from
        DataPoint 
    where
        id=?
14:11:32,528 DEBUG SQL:104 - 
    delete 
    from
        DataPoint 
    where
        id=?
14:11:32,528 DEBUG SQL:104 - 
    delete 
    from
        DataPoint 
    where
        id=?
14:11:32,528 DEBUG SQL:104 - 
    delete 
    from
        DataPoint 
    where
        id=?
14:11:32,528 DEBUG SQL:104 - 
    delete 
    from
        DataPoint 
    where
        id=?
14:11:32,528 DEBUG SQL:104 - 
    delete 
    from
        DataPoint 
    where
        id=?
14:11:32,561 DEBUG SQL:104 - 
    delete 
    from
        DataPoint 
    where
        id=?
14:11:32,561 DEBUG SQL:104 - 
    delete 
    from
        DataPoint 
    where
        id=?
14:11:32,561 DEBUG SQL:104 - 
    delete 
    from
        DataPoint 
    where
        id=?
14:11:32,561 DEBUG SQL:104 - 
    delete 
    from
        DataPoint 
    where
        id=?
14:11:32,561 DEBUG SQL:104 - 
    delete 
    from
        DataPoint 
    where
        id=?
14:11:32,563 DEBUG SQL:104 - 
    delete 
    from
        DataPoint 
    where
        id=?
14:11:32,563 DEBUG SQL:104 - 
    delete 
    from
        DataPoint 
    where
        id=?
14:11:32,563 DEBUG SQL:104 - 
    delete 
    from
        DataPoint 
    where
        id=?
14:11:32,563 DEBUG SQL:104 - 
    delete 
    from
        DataPoint 
    where
        id=?
14:11:32,563 DEBUG SQL:104 - 
    delete 
    from
        DataPoint 
    where
        id=?
14:11:32,563 DEBUG SQL:104 - 
    delete 
    from
        DataPoint 
    where
        id=?
14:11:32,563 DEBUG SQL:104 - 
    delete 
    from
        DataPoint 
    where
        id=?
14:11:32,564 DEBUG SQL:104 - 
    delete 
    from
        DataPoint 
    where
        id=?
14:11:32,583 DEBUG SQL:104 - 
    delete 
    from
        DataPoint 
    where
        id=?
14:11:32,583 DEBUG SQL:104 - 
    delete 
    from
        DataPoint 
    where
        id=?
14:11:32,583 DEBUG SQL:104 - 
    delete 
    from
        DataPoint 
    where
        id=?
14:11:32,583 DEBUG SQL:104 - 
    delete 
    from
        DataPoint 
    where
        id=?
14:11:32,583 DEBUG SQL:104 - 
    delete 
    from
        DataPoint 
    where
        id=?
14:11:32,592 DEBUG SQL:104 - 
    delete 
    from
        DataPoint 
    where
        id=?
14:11:32,592 DEBUG SQL:104 - 
    delete 
    from
        DataPoint 
    where
        id=?
14:11:32,592 DEBUG SQL:104 - 
    delete 
    from
        DataPoint 
    where
        id=?
14:11:32,593 DEBUG SQL:104 - 
    delete 
    from
        DataPoint 
    where
        id=?
14:11:32,593 DEBUG SQL:104 - 
    delete 
    from
        DataPoint 
    where
        id=?
14:11:32,593 DEBUG SQL:104 - 
    delete 
    from
        DataPoint 
    where
        id=?
14:11:32,603 DEBUG SQL:104 - 
    delete 
    from
        DataPoint 
    where
        id=?
14:11:32,604 DEBUG SQL:104 - 
    delete 
    from
        DataPoint 
    where
        id=?
14:11:32,605 DEBUG SQL:104 - 
    delete 
    from
        DataPoint 
    where
        id=?
14:11:32,605 DEBUG SQL:104 - 
    delete 
    from
        DataPoint 
    where
        id=?
14:11:32,605 DEBUG SQL:104 - 
    delete 
    from
        DataPoint 
    where
        id=?
14:11:32,613 DEBUG SQL:104 - 
    delete 
    from
        DataPoint 
    where
        id=?
14:11:32,613 DEBUG SQL:104 - 
    delete 
    from
        DataPoint 
    where
        id=?
14:11:32,613 DEBUG SQL:104 - 
    delete 
    from
        DataPoint 
    where
        id=?
14:11:32,613 DEBUG SQL:104 - 
    delete 
    from
        DataPoint 
    where
        id=?
14:11:32,613 DEBUG SQL:104 - 
    delete 
    from
        DataPoint 
    where
        id=?
14:11:32,623 DEBUG SQL:104 - 
    delete 
    from
        DataPoint 
    where
        id=?
14:11:32,624 DEBUG SQL:104 - 
    delete 
    from
        DataPoint 
    where
        id=?
14:11:32,624 DEBUG SQL:104 - 
    delete 
    from
        DataPoint 
    where
        id=?
14:11:32,624 DEBUG SQL:104 - 
    delete 
    from
        DataPoint 
    where
        id=?
14:11:32,624 DEBUG SQL:104 - 
    delete 
    from
        DataPoint 
    where
        id=?
14:11:32,634 DEBUG SQL:104 - 
    delete 
    from
        DataPoint 
    where
        id=?
14:11:32,634 DEBUG SQL:104 - 
    delete 
    from
        DataPoint 
    where
        id=?
14:11:32,634 DEBUG SQL:104 - 
    delete 
    from
        DataPoint 
    where
        id=?
14:11:32,634 DEBUG SQL:104 - 
    delete 
    from
        DataPoint 
    where
        id=?
14:11:32,635 DEBUG SQL:104 - 
    delete 
    from
        DataPoint 
    where
        id=?
14:11:32,644 DEBUG SQL:104 - 
    delete 
    from
        DataPoint 
    where
        id=?
14:11:32,646 DEBUG SQL:104 - 
    delete 
    from
        DataPoint 
    where
        id=?
14:11:32,646 DEBUG SQL:104 - 
    delete 
    from
        DataPoint 
    where
        id=?
14:11:32,646 DEBUG SQL:104 - 
    delete 
    from
        DataPoint 
    where
        id=?
14:11:32,646 DEBUG SQL:104 - 
    delete 
    from
        DataPoint 
    where
        id=?
14:11:32,656 DEBUG SQL:104 - 
    delete 
    from
        DataPoint 
    where
        id=?
14:11:32,656 DEBUG SQL:104 - 
    delete 
    from
        DataPoint 
    where
        id=?
14:11:32,656 DEBUG SQL:104 - 
    delete 
    from
        DataPoint 
    where
        id=?
14:11:32,657 DEBUG SQL:104 - 
    delete 
    from
        DataPoint 
    where
        id=?
14:11:32,657 DEBUG SQL:104 - 
    delete 
    from
        DataPoint 
    where
        id=?
14:11:32,657 DEBUG SQL:104 - 
    delete 
    from
        DataPoint 
    where
        id=?
14:11:32,657 DEBUG SQL:104 - 
    delete 
    from
        DataPoint 
    where
        id=?
14:11:32,657 DEBUG SQL:104 - 
    delete 
    from
        DataPoint 
    where
        id=?
14:11:32,657 DEBUG SQL:104 - 
    delete 
    from
        DataPoint 
    where
        id=?
14:11:32,657 DEBUG SQL:104 - 
    delete 
    from
        DataPoint 
    where
        id=?
14:11:32,669 DEBUG SQL:104 - 
    delete 
    from
        DataPoint 
    where
        id=?
14:11:32,669 DEBUG SQL:104 - 
    delete 
    from
        DataPoint 
    where
        id=?
14:11:32,670 DEBUG SQL:104 - 
    delete 
    from
        DataPoint 
    where
        id=?
14:11:32,670 DEBUG SQL:104 - 
    delete 
    from
        DataPoint 
    where
        id=?
14:11:32,670 DEBUG SQL:104 - 
    delete 
    from
        DataPoint 
    where
        id=?
14:11:32,680 DEBUG SQL:104 - 
    delete 
    from
        DataPoint 
    where
        id=?
14:11:32,681 DEBUG SQL:104 - 
    delete 
    from
        DataPoint 
    where
        id=?
14:11:32,681 DEBUG SQL:104 - 
    delete 
    from
        DataPoint 
    where
        id=?
14:11:32,682 DEBUG SQL:104 - 
    delete 
    from
        DataPoint 
    where
        id=?
14:11:32,682 DEBUG SQL:104 - 
    delete 
    from
        DataPoint 
    where
        id=?
14:11:32,682 DEBUG SQL:104 - 
    delete 
    from
        DataPoint 
    where
        id=?
14:11:32,682 DEBUG SQL:104 - 
    delete 
    from
        DataPoint 
    where
        id=?
14:11:32,682 DEBUG SQL:104 - 
    delete 
    from
        DataPoint 
    where
        id=?
14:11:32,702 DEBUG SQL:104 - 
    delete 
    from
        DataPoint 
    where
        id=?
14:11:32,703 DEBUG SQL:104 - 
    delete 
    from
        DataPoint 
    where
        id=?
14:11:32,703 DEBUG SQL:104 - 
    delete 
    from
        DataPoint 
    where
        id=?
14:11:32,703 DEBUG SQL:104 - 
    delete 
    from
        DataPoint 
    where
        id=?
14:11:32,703 DEBUG SQL:104 - 
    delete 
    from
        DataPoint 
    where
        id=?
14:11:32,714 DEBUG SQL:104 - 
    delete 
    from
        DataPoint 
    where
        id=?
14:11:32,715 DEBUG SQL:104 - 
    delete 
    from
        DataPoint 
    where
        id=?
14:11:32,715 DEBUG SQL:104 - 
    delete 
    from
        DataPoint 
    where
        id=?
14:11:32,715 DEBUG SQL:104 - 
    delete 
    from
        DataPoint 
    where
        id=?
14:11:32,715 DEBUG SQL:104 - 
    delete 
    from
        DataPoint 
    where
        id=?
14:11:32,725 DEBUG SQL:104 - 
    delete 
    from
        DataPoint 
    where
        id=?
14:11:32,725 DEBUG SQL:104 - 
    delete 
    from
        DataPoint 
    where
        id=?
14:11:32,725 DEBUG SQL:104 - 
    delete 
    from
        DataPoint 
    where
        id=?
14:11:32,727 DEBUG SQL:104 - 
    delete 
    from
        DataPoint 
    where
        id=?
14:11:32,727 DEBUG SQL:104 - 
    delete 
    from
        DataPoint 
    where
        id=?
14:11:32,735 DEBUG SQL:104 - 
    delete 
    from
        DataPoint 
    where
        id=?
14:11:32,735 DEBUG SQL:104 - 
    delete 
    from
        DataPoint 
    where
        id=?
14:11:32,736 DEBUG SQL:104 - 
    delete 
    from
        DataPoint 
    where
        id=?
14:11:32,736 DEBUG SQL:104 - 
    delete 
    from
        DataPoint 
    where
        id=?
14:11:32,736 DEBUG SQL:104 - 
    delete 
    from
        DataPoint 
    where
        id=?
14:11:32,746 DEBUG SQL:104 - 
    delete 
    from
        DataPoint 
    where
        id=?
14:11:32,747 DEBUG SQL:104 - 
    delete 
    from
        DataPoint 
    where
        id=?
14:11:32,747 DEBUG SQL:104 - 
    delete 
    from
        DataPoint 
    where
        id=?
14:11:32,747 DEBUG SQL:104 - 
    delete 
    from
        DataPoint 
    where
        id=?
14:11:32,747 DEBUG SQL:104 - 
    delete 
    from
        DataPoint 
    where
        id=?
14:11:32,747 DEBUG SQL:104 - 
    delete 
    from
        DataPoint 
    where
        id=?
14:11:32,762 DEBUG SQL:104 - 
    delete 
    from
        DataPoint 
    where
        id=?
14:11:32,762 DEBUG SQL:104 - 
    delete 
    from
        DataPoint 
    where
        id=?
14:11:32,762 DEBUG SQL:104 - 
    delete 
    from
        DataPoint 
    where
        id=?
14:11:32,762 DEBUG SQL:104 - 
    delete 
    from
        DataPoint 
    where
        id=?
14:11:32,762 DEBUG SQL:104 - 
    delete 
    from
        DataPoint 
    where
        id=?
14:11:32,772 DEBUG SQL:104 - 
    delete 
    from
        DataPoint 
    where
        id=?
14:11:32,772 DEBUG SQL:104 - 
    delete 
    from
        DataPoint 
    where
        id=?
14:11:32,774 DEBUG SQL:104 - 
    delete 
    from
        DataPoint 
    where
        id=?
14:11:32,774 DEBUG SQL:104 - 
    delete 
    from
        DataPoint 
    where
        id=?
14:11:32,774 DEBUG SQL:104 - 
    delete 
    from
        DataPoint 
    where
        id=?
14:11:32,788 DEBUG SQL:104 - 
    delete 
    from
        DataPoint 
    where
        id=?
14:11:32,788 DEBUG SQL:104 - 
    delete 
    from
        DataPoint 
    where
        id=?
14:11:32,788 DEBUG SQL:104 - 
    delete 
    from
        DataPoint 
    where
        id=?
14:11:32,788 DEBUG SQL:104 - 
    delete 
    from
        DataPoint 
    where
        id=?
14:11:32,788 DEBUG SQL:104 - 
    delete 
    from
        DataPoint 
    where
        id=?
14:11:32,788 DEBUG SQL:104 - 
    delete 
    from
        DataPoint 
    where
        id=?
14:11:32,789 DEBUG SQL:104 - 
    delete 
    from
        DataPoint 
    where
        id=?
14:11:32,789 DEBUG SQL:104 - 
    delete 
    from
        DataPoint 
    where
        id=?
14:11:32,789 DEBUG SQL:104 - 
    delete 
    from
        DataPoint 
    where
        id=?
14:11:32,789 DEBUG SQL:104 - 
    delete 
    from
        DataPoint 
    where
        id=?
14:11:32,823 DEBUG SQL:104 - 
    delete 
    from
        DataPoint 
    where
        id=?
14:11:32,824 DEBUG SQL:104 - 
    delete 
    from
        DataPoint 
    where
        id=?
14:11:32,824 DEBUG SQL:104 - 
    delete 
    from
        DataPoint 
    where
        id=?
14:11:32,824 DEBUG SQL:104 - 
    delete 
    from
        DataPoint 
    where
        id=?
14:11:32,824 DEBUG SQL:104 - 
    delete 
    from
        DataPoint 
    where
        id=?
14:11:32,824 DEBUG SQL:104 - 
    delete 
    from
        DataPoint 
    where
        id=?
14:11:32,824 DEBUG SQL:104 - 
    delete 
    from
        DataPoint 
    where
        id=?
14:11:32,826 DEBUG SQL:104 - 
    delete 
    from
        DataPoint 
    where
        id=?
14:11:32,827 DEBUG SQL:104 - 
    delete 
    from
        DataPoint 
    where
        id=?
14:11:32,827 DEBUG SQL:104 - 
    delete 
    from
        DataPoint 
    where
        id=?
14:11:32,827 DEBUG SQL:104 - 
    delete 
    from
        DataPoint 
    where
        id=?
14:11:32,827 DEBUG SQL:104 - 
    delete 
    from
        DataPoint 
    where
        id=?
14:11:32,827 DEBUG SQL:104 - 
    delete 
    from
        DataPoint 
    where
        id=?
14:11:32,827 DEBUG SQL:104 - 
    delete 
    from
        DataPoint 
    where
        id=?
14:11:32,827 DEBUG SQL:104 - 
    delete 
    from
        DataPoint 
    where
        id=?
14:11:32,853 DEBUG SQL:104 - 
    delete 
    from
        DataPoint 
    where
        id=?
14:11:32,853 DEBUG SQL:104 - 
    delete 
    from
        DataPoint 
    where
        id=?
14:11:32,853 DEBUG SQL:104 - 
    delete 
    from
        DataPoint 
    where
        id=?
14:11:32,853 DEBUG SQL:104 - 
    delete 
    from
        DataPoint 
    where
        id=?
14:11:32,853 DEBUG SQL:104 - 
    delete 
    from
        DataPoint 
    where
        id=?
14:11:32,866 DEBUG SQL:104 - 
    delete 
    from
        DataPoint 
    where
        id=?
14:11:32,866 DEBUG SQL:104 - 
    delete 
    from
        DataPoint 
    where
        id=?
14:11:32,866 DEBUG SQL:104 - 
    delete 
    from
        DataPoint 
    where
        id=?
14:11:32,866 DEBUG SQL:104 - 
    delete 
    from
        DataPoint 
    where
        id=?
14:11:32,866 DEBUG SQL:104 - 
    delete 
    from
        DataPoint 
    where
        id=?
14:11:32,866 DEBUG SQL:104 - 
    delete 
    from
        DataPoint 
    where
        id=?
14:11:32,878 DEBUG SQL:104 - 
    delete 
    from
        DataPoint 
    where
        id=?
14:11:32,880 DEBUG SQL:104 - 
    delete 
    from
        DataPoint 
    where
        id=?
14:11:32,880 DEBUG SQL:104 - 
    delete 
    from
        DataPoint 
    where
        id=?
14:11:32,880 DEBUG SQL:104 - 
    delete 
    from
        DataPoint 
    where
        id=?
14:11:32,881 DEBUG SQL:104 - 
    delete 
    from
        DataPoint 
    where
        id=?
14:11:32,893 DEBUG SQL:104 - 
    delete 
    from
        DataPoint 
    where
        id=?
14:11:32,893 DEBUG SQL:104 - 
    delete 
    from
        DataPoint 
    where
        id=?
14:11:32,893 DEBUG SQL:104 - 
    delete 
    from
        DataPoint 
    where
        id=?
14:11:32,893 DEBUG SQL:104 - 
    delete 
    from
        DataPoint 
    where
        id=?
14:11:32,893 DEBUG SQL:104 - 
    delete 
    from
        DataPoint 
    where
        id=?
14:11:32,902 DEBUG SQL:104 - 
    delete 
    from
        DataPoint 
    where
        id=?
14:11:32,902 DEBUG SQL:104 - 
    delete 
    from
        DataPoint 
    where
        id=?
14:11:32,902 DEBUG SQL:104 - 
    delete 
    from
        DataPoint 
    where
        id=?
14:11:32,903 DEBUG SQL:104 - 
    delete 
    from
        DataPoint 
    where
        id=?
14:11:32,903 DEBUG SQL:104 - 
    delete 
    from
        DataPoint 
    where
        id=?
14:11:32,911 DEBUG SQL:104 - 
    delete 
    from
        DataPoint 
    where
        id=?
14:11:32,911 DEBUG SQL:104 - 
    delete 
    from
        DataPoint 
    where
        id=?
14:11:32,911 DEBUG SQL:104 - 
    delete 
    from
        DataPoint 
    where
        id=?
14:11:32,912 DEBUG SQL:104 - 
    delete 
    from
        DataPoint 
    where
        id=?
14:11:32,912 DEBUG SQL:104 - 
    delete 
    from
        DataPoint 
    where
        id=?
14:11:32,912 DEBUG SQL:104 - 
    delete 
    from
        DataPoint 
    where
        id=?
14:11:32,914 DEBUG SQL:104 - 
    delete 
    from
        DataPoint 
    where
        id=?
14:11:32,914 DEBUG SQL:104 - 
    delete 
    from
        DataPoint 
    where
        id=?
14:11:32,915 DEBUG SQL:104 - 
    delete 
    from
        DataPoint 
    where
        id=?
14:11:32,915 DEBUG SQL:104 - 
    delete 
    from
        DataPoint 
    where
        id=?
14:11:32,927 DEBUG SQL:104 - 
    delete 
    from
        DataPoint 
    where
        id=?
14:11:32,927 DEBUG SQL:104 - 
    delete 
    from
        DataPoint 
    where
        id=?
14:11:32,927 DEBUG SQL:104 - 
    delete 
    from
        DataPoint 
    where
        id=?
14:11:32,927 DEBUG SQL:104 - 
    delete 
    from
        DataPoint 
    where
        id=?
14:11:32,927 DEBUG SQL:104 - 
    delete 
    from
        DataPoint 
    where
        id=?
14:11:32,942 DEBUG SQL:104 - 
    delete 
    from
        DataPoint 
    where
        id=?
14:11:32,942 DEBUG SQL:104 - 
    delete 
    from
        DataPoint 
    where
        id=?
14:11:32,942 DEBUG SQL:104 - 
    delete 
    from
        DataPoint 
    where
        id=?
14:11:32,942 DEBUG SQL:104 - 
    delete 
    from
        DataPoint 
    where
        id=?
14:11:32,942 DEBUG SQL:104 - 
    delete 
    from
        DataPoint 
    where
        id=?
14:11:32,943 DEBUG SQL:104 - 
    delete 
    from
        DataPoint 
    where
        id=?
14:11:32,943 DEBUG SQL:104 - 
    delete 
    from
        DataPoint 
    where
        id=?
14:11:32,943 DEBUG SQL:104 - 
    delete 
    from
        DataPoint 
    where
        id=?
14:11:32,967 DEBUG SQL:104 - 
    delete 
    from
        DataPoint 
    where
        id=?
14:11:32,967 DEBUG SQL:104 - 
    delete 
    from
        DataPoint 
    where
        id=?
14:11:32,967 DEBUG SQL:104 - 
    delete 
    from
        DataPoint 
    where
        id=?
14:11:32,969 DEBUG SQL:104 - 
    delete 
    from
        DataPoint 
    where
        id=?
14:11:32,969 DEBUG SQL:104 - 
    delete 
    from
        DataPoint 
    where
        id=?
14:11:32,988 DEBUG SQL:104 - 
    delete 
    from
        DataPoint 
    where
        id=?
14:11:32,988 DEBUG SQL:104 - 
    delete 
    from
        DataPoint 
    where
        id=?
14:11:32,988 DEBUG SQL:104 - 
    delete 
    from
        DataPoint 
    where
        id=?
14:11:32,988 DEBUG SQL:104 - 
    delete 
    from
        DataPoint 
    where
        id=?
14:11:32,989 DEBUG SQL:104 - 
    delete 
    from
        DataPoint 
    where
        id=?
14:11:33,000 DEBUG SQL:104 - 
    delete 
    from
        DataPoint 
    where
        id=?
14:11:33,000 DEBUG SQL:104 - 
    delete 
    from
        DataPoint 
    where
        id=?
14:11:33,000 DEBUG SQL:104 - 
    delete 
    from
        DataPoint 
    where
        id=?
14:11:33,000 DEBUG SQL:104 - 
    delete 
    from
        DataPoint 
    where
        id=?
14:11:33,001 DEBUG SQL:104 - 
    delete 
    from
        DataPoint 
    where
        id=?
14:11:33,012 DEBUG SQL:104 - 
    delete 
    from
        DataPoint 
    where
        id=?
14:11:33,012 DEBUG SQL:104 - 
    delete 
    from
        DataPoint 
    where
        id=?
14:11:33,013 DEBUG SQL:104 - 
    delete 
    from
        DataPoint 
    where
        id=?
14:11:33,013 DEBUG SQL:104 - 
    delete 
    from
        DataPoint 
    where
        id=?
14:11:33,013 DEBUG SQL:104 - 
    delete 
    from
        DataPoint 
    where
        id=?
14:11:33,063 DEBUG SQL:104 - 
    delete 
    from
        DataPoint 
    where
        id=?
14:11:33,063 DEBUG SQL:104 - 
    delete 
    from
        DataPoint 
    where
        id=?
14:11:33,063 DEBUG SQL:104 - 
    delete 
    from
        DataPoint 
    where
        id=?
14:11:33,065 DEBUG SQL:104 - 
    delete 
    from
        DataPoint 
    where
        id=?
14:11:33,077 DEBUG SQL:104 - 
    delete 
    from
        DataPoint 
    where
        id=?
14:11:33,077 DEBUG SQL:104 - 
    delete 
    from
        DataPoint 
    where
        id=?
14:11:33,077 DEBUG SQL:104 - 
    delete 
    from
        DataPoint 
    where
        id=?
14:11:33,077 DEBUG SQL:104 - 
    delete 
    from
        DataPoint 
    where
        id=?
14:11:33,078 DEBUG SQL:104 - 
    delete 
    from
        DataPoint 
    where
        id=?
14:11:33,078 DEBUG SQL:104 - 
    delete 
    from
        DataPoint 
    where
        id=?
14:11:33,078 DEBUG SQL:104 - 
    delete 
    from
        DataPoint 
    where
        id=?
14:11:33,078 DEBUG SQL:104 - 
    delete 
    from
        DataPoint 
    where
        id=?
14:11:33,078 DEBUG SQL:104 - 
    delete 
    from
        DataPoint 
    where
        id=?
14:11:33,078 DEBUG SQL:104 - 
    delete 
    from
        DataPoint 
    where
        id=?
14:11:33,078 DEBUG SQL:104 - 
    delete 
    from
        DataPoint 
    where
        id=?
14:11:33,078 DEBUG SQL:104 - 
    delete 
    from
        DataPoint 
    where
        id=?
14:11:33,078 DEBUG SQL:104 - 
    delete 
    from
        DataPoint 
    where
        id=?
14:11:33,078 DEBUG SQL:104 - 
    delete 
    from
        DataPoint 
    where
        id=?
14:11:33,079 DEBUG SQL:104 - 
    delete 
    from
        DataPoint 
    where
        id=?
14:11:33,079 DEBUG SQL:104 - 
    delete 
    from
        DataPoint 
    where
        id=?
14:11:33,079 DEBUG SQL:104 - 
    delete 
    from
        DataPoint 
    where
        id=?
14:11:33,079 DEBUG SQL:104 - 
    delete 
    from
        DataPoint 
    where
        id=?
14:11:33,079 DEBUG SQL:104 - 
    delete 
    from
        DataPoint 
    where
        id=?
14:11:33,081 DEBUG SQL:104 - 
    delete 
    from
        DataPoint 
    where
        id=?
14:11:33,081 DEBUG SQL:104 - 
    delete 
    from
        DataPoint 
    where
        id=?
14:11:33,081 DEBUG SQL:104 - 
    delete 
    from
        DataPoint 
    where
        id=?
14:11:33,081 DEBUG SQL:104 - 
    delete 
    from
        DataPoint 
    where
        id=?
14:11:33,081 DEBUG SQL:104 - 
    delete 
    from
        DataPoint 
    where
        id=?
14:11:33,099 DEBUG SQL:104 - 
    delete 
    from
        DataPoint 
    where
        id=?
14:11:33,099 DEBUG SQL:104 - 
    delete 
    from
        DataPoint 
    where
        id=?
14:11:33,099 DEBUG SQL:104 - 
    delete 
    from
        DataPoint 
    where
        id=?
14:11:33,099 DEBUG SQL:104 - 
    delete 
    from
        DataPoint 
    where
        id=?
14:11:33,100 DEBUG SQL:104 - 
    delete 
    from
        DataPoint 
    where
        id=?
14:11:33,110 DEBUG SQL:104 - 
    delete 
    from
        DataPoint 
    where
        id=?
14:11:33,111 DEBUG SQL:104 - 
    delete 
    from
        DataPoint 
    where
        id=?
14:11:33,111 DEBUG SQL:104 - 
    delete 
    from
        DataPoint 
    where
        id=?
14:11:33,111 DEBUG SQL:104 - 
    delete 
    from
        DataPoint 
    where
        id=?
14:11:33,111 DEBUG SQL:104 - 
    delete 
    from
        DataPoint 
    where
        id=?
14:11:33,111 DEBUG SQL:104 - 
    delete 
    from
        DataPoint 
    where
        id=?
14:11:33,122 DEBUG SQL:104 - 
    delete 
    from
        DataPoint 
    where
        id=?
14:11:33,123 DEBUG SQL:104 - 
    delete 
    from
        DataPoint 
    where
        id=?
14:11:33,123 DEBUG SQL:104 - 
    delete 
    from
        DataPoint 
    where
        id=?
14:11:33,123 DEBUG SQL:104 - 
    delete 
    from
        DataPoint 
    where
        id=?
14:11:33,125 DEBUG SQL:104 - 
    delete 
    from
        DataPoint 
    where
        id=?
14:11:33,134 DEBUG SQL:104 - 
    delete 
    from
        DataPoint 
    where
        id=?
14:11:33,134 DEBUG SQL:104 - 
    delete 
    from
        DataPoint 
    where
        id=?
14:11:33,134 DEBUG SQL:104 - 
    delete 
    from
        DataPoint 
    where
        id=?
14:11:33,134 DEBUG SQL:104 - 
    delete 
    from
        DataPoint 
    where
        id=?
14:11:33,134 DEBUG SQL:104 - 
    delete 
    from
        DataPoint 
    where
        id=?
14:11:33,144 DEBUG SQL:104 - 
    delete 
    from
        DataPoint 
    where
        id=?
14:11:33,144 DEBUG SQL:104 - 
    delete 
    from
        DataPoint 
    where
        id=?
14:11:33,144 DEBUG SQL:104 - 
    delete 
    from
        DataPoint 
    where
        id=?
14:11:33,144 DEBUG SQL:104 - 
    delete 
    from
        DataPoint 
    where
        id=?
14:11:33,145 DEBUG SQL:104 - 
    delete 
    from
        DataPoint 
    where
        id=?
14:11:33,164 DEBUG SQL:104 - 
    delete 
    from
        DataPoint 
    where
        id=?
14:11:33,178 DEBUG SQL:104 - 
    delete 
    from
        DataPoint 
    where
        id=?
14:11:33,179 DEBUG SQL:104 - 
    delete 
    from
        DataPoint 
    where
        id=?
14:11:33,179 DEBUG SQL:104 - 
    delete 
    from
        DataPoint 
    where
        id=?
14:11:33,179 DEBUG SQL:104 - 
    delete 
    from
        DataPoint 
    where
        id=?
14:11:33,187 DEBUG SQL:104 - 
    delete 
    from
        DataPoint 
    where
        id=?
14:11:33,187 DEBUG SQL:104 - 
    delete 
    from
        DataPoint 
    where
        id=?
14:11:33,187 DEBUG SQL:104 - 
    delete 
    from
        DataPoint 
    where
        id=?
14:11:33,187 DEBUG SQL:104 - 
    delete 
    from
        DataPoint 
    where
        id=?
14:11:33,189 DEBUG SQL:104 - 
    delete 
    from
        DataPoint 
    where
        id=?
14:11:33,189 DEBUG SQL:104 - 
    delete 
    from
        DataPoint 
    where
        id=?
14:11:33,189 DEBUG SQL:104 - 
    delete 
    from
        DataPoint 
    where
        id=?
14:11:33,189 DEBUG SQL:104 - 
    delete 
    from
        DataPoint 
    where
        id=?
14:11:33,189 DEBUG SQL:104 - 
    delete 
    from
        DataPoint 
    where
        id=?
14:11:33,190 DEBUG SQL:104 - 
    delete 
    from
        DataPoint 
    where
        id=?
14:11:33,201 DEBUG SQL:104 - 
    delete 
    from
        DataPoint 
    where
        id=?
14:11:33,201 DEBUG SQL:104 - 
    delete 
    from
        DataPoint 
    where
        id=?
14:11:33,201 DEBUG SQL:104 - 
    delete 
    from
        DataPoint 
    where
        id=?
14:11:33,202 DEBUG SQL:104 - 
    delete 
    from
        DataPoint 
    where
        id=?
14:11:33,202 DEBUG SQL:104 - 
    delete 
    from
        DataPoint 
    where
        id=?
14:11:33,215 DEBUG SQL:104 - 
    delete 
    from
        DataPoint 
    where
        id=?
14:11:33,215 DEBUG SQL:104 - 
    delete 
    from
        DataPoint 
    where
        id=?
14:11:33,215 DEBUG SQL:104 - 
    delete 
    from
        DataPoint 
    where
        id=?
14:11:33,215 DEBUG SQL:104 - 
    delete 
    from
        DataPoint 
    where
        id=?
14:11:33,215 DEBUG SQL:104 - 
    delete 
    from
        DataPoint 
    where
        id=?
14:11:33,215 DEBUG SQL:104 - 
    delete 
    from
        DataPoint 
    where
        id=?
14:11:33,215 DEBUG SQL:104 - 
    delete 
    from
        DataPoint 
    where
        id=?
14:11:33,215 DEBUG SQL:104 - 
    delete 
    from
        DataPoint 
    where
        id=?
14:11:33,239 DEBUG SQL:104 - 
    delete 
    from
        DataPoint 
    where
        id=?
14:11:33,241 DEBUG SQL:104 - 
    delete 
    from
        DataPoint 
    where
        id=?
14:11:33,241 DEBUG SQL:104 - 
    delete 
    from
        DataPoint 
    where
        id=?
14:11:33,241 DEBUG SQL:104 - 
    delete 
    from
        DataPoint 
    where
        id=?
14:11:33,241 DEBUG SQL:104 - 
    delete 
    from
        DataPoint 
    where
        id=?
14:11:33,249 DEBUG SQL:104 - 
    delete 
    from
        DataPoint 
    where
        id=?
14:11:33,250 DEBUG SQL:104 - 
    delete 
    from
        DataPoint 
    where
        id=?
14:11:33,250 DEBUG SQL:104 - 
    delete 
    from
        DataPoint 
    where
        id=?
14:11:33,250 DEBUG SQL:104 - 
    delete 
    from
        DataPoint 
    where
        id=?
14:11:33,250 DEBUG SQL:104 - 
    delete 
    from
        DataPoint 
    where
        id=?
14:11:33,264 DEBUG SQL:104 - 
    delete 
    from
        DataPoint 
    where
        id=?
14:11:33,264 DEBUG SQL:104 - 
    delete 
    from
        DataPoint 
    where
        id=?
14:11:33,264 DEBUG SQL:104 - 
    delete 
    from
        DataPoint 
    where
        id=?
14:11:33,265 DEBUG SQL:104 - 
    delete 
    from
        DataPoint 
    where
        id=?
14:11:33,265 DEBUG SQL:104 - 
    delete 
    from
        DataPoint 
    where
        id=?
14:11:33,274 DEBUG SQL:104 - 
    delete 
    from
        DataPoint 
    where
        id=?
14:11:33,274 DEBUG SQL:104 - 
    delete 
    from
        DataPoint 
    where
        id=?
14:11:33,274 DEBUG SQL:104 - 
    delete 
    from
        DataPoint 
    where
        id=?
14:11:33,274 DEBUG SQL:104 - 
    delete 
    from
        DataPoint 
    where
        id=?
14:11:33,274 DEBUG SQL:104 - 
    delete 
    from
        DataPoint 
    where
        id=?
14:11:33,285 DEBUG SQL:104 - 
    delete 
    from
        DataPoint 
    where
        id=?
14:11:33,287 DEBUG SQL:104 - 
    delete 
    from
        DataPoint 
    where
        id=?
14:11:33,288 DEBUG SQL:104 - 
    delete 
    from
        DataPoint 
    where
        id=?
14:11:33,288 DEBUG SQL:104 - 
    delete 
    from
        DataPoint 
    where
        id=?
14:11:33,288 DEBUG SQL:104 - 
    delete 
    from
        DataPoint 
    where
        id=?
14:11:33,288 DEBUG SQL:104 - 
    delete 
    from
        DataPoint 
    where
        id=?
14:11:33,300 DEBUG SQL:104 - 
    delete 
    from
        DataPoint 
    where
        id=?
14:11:33,300 DEBUG SQL:104 - 
    delete 
    from
        DataPoint 
    where
        id=?
14:11:33,300 DEBUG SQL:104 - 
    delete 
    from
        DataPoint 
    where
        id=?
14:11:33,301 DEBUG SQL:104 - 
    delete 
    from
        DataPoint 
    where
        id=?
14:11:33,301 DEBUG SQL:104 - 
    delete 
    from
        DataPoint 
    where
        id=?
14:11:33,313 DEBUG SQL:104 - 
    delete 
    from
        DataPoint 
    where
        id=?
14:11:33,313 DEBUG SQL:104 - 
    delete 
    from
        DataPoint 
    where
        id=?
14:11:33,313 DEBUG SQL:104 - 
    delete 
    from
        DataPoint 
    where
        id=?
14:11:33,313 DEBUG SQL:104 - 
    delete 
    from
        DataPoint 
    where
        id=?
14:11:33,313 DEBUG SQL:104 - 
    delete 
    from
        DataPoint 
    where
        id=?
14:11:33,313 DEBUG SQL:104 - 
    delete 
    from
        DataPoint 
    where
        id=?
14:11:33,313 DEBUG SQL:104 - 
    delete 
    from
        DataPoint 
    where
        id=?
14:11:33,313 DEBUG SQL:104 - 
    delete 
    from
        DataPoint 
    where
        id=?
14:11:33,313 DEBUG SQL:104 - 
    delete 
    from
        DataPoint 
    where
        id=?
14:11:33,314 DEBUG SQL:104 - 
    delete 
    from
        DataPoint 
    where
        id=?
14:11:33,330 DEBUG SQL:104 - 
    delete 
    from
        DataPoint 
    where
        id=?
14:11:33,331 DEBUG SQL:104 - 
    delete 
    from
        DataPoint 
    where
        id=?
14:11:33,331 DEBUG SQL:104 - 
    delete 
    from
        DataPoint 
    where
        id=?
14:11:33,331 DEBUG SQL:104 - 
    delete 
    from
        DataPoint 
    where
        id=?
14:11:33,331 DEBUG SQL:104 - 
    delete 
    from
        DataPoint 
    where
        id=?
14:11:33,343 DEBUG SQL:104 - 
    delete 
    from
        DataPoint 
    where
        id=?
14:11:33,343 DEBUG SQL:104 - 
    delete 
    from
        DataPoint 
    where
        id=?
14:11:33,344 DEBUG SQL:104 - 
    delete 
    from
        DataPoint 
    where
        id=?
14:11:33,344 DEBUG SQL:104 - 
    delete 
    from
        DataPoint 
    where
        id=?
14:11:33,344 DEBUG SQL:104 - 
    delete 
    from
        DataPoint 
    where
        id=?
14:11:33,344 DEBUG SQL:104 - 
    delete 
    from
        DataPoint 
    where
        id=?
14:11:33,344 DEBUG SQL:104 - 
    delete 
    from
        DataPoint 
    where
        id=?
14:11:33,344 DEBUG SQL:104 - 
    delete 
    from
        DataPoint 
    where
        id=?
14:11:33,363 DEBUG SQL:104 - 
    delete 
    from
        DataPoint 
    where
        id=?
14:11:33,363 DEBUG SQL:104 - 
    delete 
    from
        DataPoint 
    where
        id=?
14:11:33,364 DEBUG SQL:104 - 
    delete 
    from
        DataPoint 
    where
        id=?
14:11:33,364 DEBUG SQL:104 - 
    delete 
    from
        DataPoint 
    where
        id=?
14:11:33,364 DEBUG SQL:104 - 
    delete 
    from
        DataPoint 
    where
        id=?
14:11:33,412 DEBUG SQL:104 - 
    delete 
    from
        DataPoint 
    where
        id=?
14:11:33,412 DEBUG SQL:104 - 
    delete 
    from
        DataPoint 
    where
        id=?
14:11:33,414 DEBUG SQL:104 - 
    delete 
    from
        DataPoint 
    where
        id=?
14:11:33,414 DEBUG SQL:104 - 
    delete 
    from
        DataPoint 
    where
        id=?
14:11:33,414 DEBUG SQL:104 - 
    delete 
    from
        DataPoint 
    where
        id=?
14:11:33,415 DEBUG SQL:104 - 
    delete 
    from
        DataPoint 
    where
        id=?
14:11:33,415 DEBUG SQL:104 - 
    delete 
    from
        DataPoint 
    where
        id=?
14:11:33,415 DEBUG SQL:104 - 
    delete 
    from
        DataPoint 
    where
        id=?
14:11:33,415 DEBUG SQL:104 - 
    delete 
    from
        DataPoint 
    where
        id=?
14:11:33,415 DEBUG SQL:104 - 
    delete 
    from
        DataPoint 
    where
        id=?
14:11:33,415 DEBUG SQL:104 - 
    delete 
    from
        DataPoint 
    where
        id=?
14:11:33,415 DEBUG SQL:104 - 
    delete 
    from
        DataPoint 
    where
        id=?
14:11:33,415 DEBUG SQL:104 - 
    delete 
    from
        DataPoint 
    where
        id=?
14:11:33,415 DEBUG SQL:104 - 
    delete 
    from
        DataPoint 
    where
        id=?
14:11:33,415 DEBUG SQL:104 - 
    delete 
    from
        DataPoint 
    where
        id=?
14:11:33,416 DEBUG SQL:104 - 
    delete 
    from
        DataPoint 
    where
        id=?
14:11:33,416 DEBUG SQL:104 - 
    delete 
    from
        DataPoint 
    where
        id=?
14:11:33,416 DEBUG SQL:104 - 
    delete 
    from
        DataPoint 
    where
        id=?
14:11:33,416 DEBUG SQL:104 - 
    delete 
    from
        DataPoint 
    where
        id=?
14:11:33,416 DEBUG SQL:104 - 
    delete 
    from
        DataPoint 
    where
        id=?
14:11:33,416 DEBUG SQL:104 - 
    delete 
    from
        DataPoint 
    where
        id=?
14:11:33,416 DEBUG SQL:104 - 
    delete 
    from
        DataPoint 
    where
        id=?
14:11:33,418 DEBUG SQL:104 - 
    delete 
    from
        DataPoint 
    where
        id=?
14:11:33,418 DEBUG SQL:104 - 
    delete 
    from
        DataPoint 
    where
        id=?
14:11:33,418 DEBUG SQL:104 - 
    delete 
    from
        DataPoint 
    where
        id=?
14:11:33,439 DEBUG SQL:104 - 
    delete 
    from
        DataPoint 
    where
        id=?
14:11:33,439 DEBUG SQL:104 - 
    delete 
    from
        DataPoint 
    where
        id=?
14:11:33,439 DEBUG SQL:104 - 
    delete 
    from
        DataPoint 
    where
        id=?
14:11:33,440 DEBUG SQL:104 - 
    delete 
    from
        DataPoint 
    where
        id=?
14:11:33,440 DEBUG SQL:104 - 
    delete 
    from
        DataPoint 
    where
        id=?
14:11:33,451 DEBUG SQL:104 - 
    delete 
    from
        DataPoint 
    where
        id=?
14:11:33,451 DEBUG SQL:104 - 
    delete 
    from
        DataPoint 
    where
        id=?
14:11:33,451 DEBUG SQL:104 - 
    delete 
    from
        DataPoint 
    where
        id=?
14:11:33,451 DEBUG SQL:104 - 
    delete 
    from
        DataPoint 
    where
        id=?
14:11:33,452 DEBUG SQL:104 - 
    delete 
    from
        DataPoint 
    where
        id=?
14:11:33,452 DEBUG SQL:104 - 
    delete 
    from
        DataPoint 
    where
        id=?
14:11:33,452 DEBUG SQL:104 - 
    delete 
    from
        DataPoint 
    where
        id=?
14:11:33,452 DEBUG SQL:104 - 
    delete 
    from
        DataPoint 
    where
        id=?
14:11:33,452 DEBUG SQL:104 - 
    delete 
    from
        DataPoint 
    where
        id=?
14:11:33,452 DEBUG SQL:104 - 
    delete 
    from
        DataPoint 
    where
        id=?
14:11:33,468 DEBUG SQL:104 - 
    delete 
    from
        DataPoint 
    where
        id=?
14:11:33,468 DEBUG SQL:104 - 
    delete 
    from
        DataPoint 
    where
        id=?
14:11:33,470 DEBUG SQL:104 - 
    delete 
    from
        DataPoint 
    where
        id=?
14:11:33,470 DEBUG SQL:104 - 
    delete 
    from
        DataPoint 
    where
        id=?
14:11:33,470 DEBUG SQL:104 - 
    delete 
    from
        DataPoint 
    where
        id=?
14:11:33,479 DEBUG SQL:104 - 
    delete 
    from
        DataPoint 
    where
        id=?
14:11:33,480 DEBUG SQL:104 - 
    delete 
    from
        DataPoint 
    where
        id=?
14:11:33,480 DEBUG SQL:104 - 
    delete 
    from
        DataPoint 
    where
        id=?
14:11:33,480 DEBUG SQL:104 - 
    delete 
    from
        DataPoint 
    where
        id=?
14:11:33,480 DEBUG SQL:104 - 
    delete 
    from
        DataPoint 
    where
        id=?
14:11:33,480 DEBUG SQL:104 - 
    delete 
    from
        DataPoint 
    where
        id=?
14:11:33,480 DEBUG SQL:104 - 
    delete 
    from
        DataPoint 
    where
        id=?
14:11:33,480 DEBUG SQL:104 - 
    delete 
    from
        DataPoint 
    where
        id=?
14:11:33,507 DEBUG SQL:104 - 
    delete 
    from
        DataPoint 
    where
        id=?
14:11:33,507 DEBUG SQL:104 - 
    delete 
    from
        DataPoint 
    where
        id=?
14:11:33,507 DEBUG SQL:104 - 
    delete 
    from
        DataPoint 
    where
        id=?
14:11:33,507 DEBUG SQL:104 - 
    delete 
    from
        DataPoint 
    where
        id=?
14:11:33,507 DEBUG SQL:104 - 
    delete 
    from
        DataPoint 
    where
        id=?
14:11:33,517 DEBUG SQL:104 - 
    delete 
    from
        DataPoint 
    where
        id=?
14:11:33,517 DEBUG SQL:104 - 
    delete 
    from
        DataPoint 
    where
        id=?
14:11:33,518 DEBUG SQL:104 - 
    delete 
    from
        DataPoint 
    where
        id=?
14:11:33,518 DEBUG SQL:104 - 
    delete 
    from
        DataPoint 
    where
        id=?
14:11:33,519 DEBUG SQL:104 - 
    delete 
    from
        DataPoint 
    where
        id=?
14:11:33,534 DEBUG SQL:104 - 
    delete 
    from
        DataPoint 
    where
        id=?
14:11:33,534 DEBUG SQL:104 - 
    delete 
    from
        DataPoint 
    where
        id=?
14:11:33,534 DEBUG SQL:104 - 
    delete 
    from
        DataPoint 
    where
        id=?
14:11:33,534 DEBUG SQL:104 - 
    delete 
    from
        DataPoint 
    where
        id=?
14:11:33,534 DEBUG SQL:104 - 
    delete 
    from
        DataPoint 
    where
        id=?
14:11:33,555 DEBUG SQL:104 - 
    delete 
    from
        DataPoint 
    where
        id=?
14:11:33,556 DEBUG SQL:104 - 
    delete 
    from
        DataPoint 
    where
        id=?
14:11:33,556 DEBUG SQL:104 - 
    delete 
    from
        DataPoint 
    where
        id=?
14:11:33,556 DEBUG SQL:104 - 
    delete 
    from
        DataPoint 
    where
        id=?
14:11:33,556 DEBUG SQL:104 - 
    delete 
    from
        DataPoint 
    where
        id=?
14:11:33,556 DEBUG SQL:104 - 
    delete 
    from
        DataPoint 
    where
        id=?
14:11:33,556 DEBUG SQL:104 - 
    delete 
    from
        DataPoint 
    where
        id=?
14:11:33,556 DEBUG SQL:104 - 
    delete 
    from
        DataPoint 
    where
        id=?
14:11:33,556 DEBUG SQL:104 - 
    delete 
    from
        DataPoint 
    where
        id=?
14:11:33,556 DEBUG SQL:104 - 
    delete 
    from
        DataPoint 
    where
        id=?
14:11:33,557 DEBUG SQL:104 - 
    delete 
    from
        DataPoint 
    where
        id=?
14:11:33,557 DEBUG SQL:104 - 
    delete 
    from
        DataPoint 
    where
        id=?
14:11:33,557 DEBUG SQL:104 - 
    delete 
    from
        DataPoint 
    where
        id=?
14:11:33,557 DEBUG SQL:104 - 
    delete 
    from
        DataPoint 
    where
        id=?
14:11:33,558 DEBUG SQL:104 - 
    delete 
    from
        DataPoint 
    where
        id=?
14:11:33,559 DEBUG SQL:104 - 
    delete 
    from
        DataPoint 
    where
        id=?
14:11:33,559 DEBUG SQL:104 - 
    delete 
    from
        DataPoint 
    where
        id=?
14:11:33,587 DEBUG SQL:104 - 
    delete 
    from
        DataPoint 
    where
        id=?
14:11:33,587 DEBUG SQL:104 - 
    delete 
    from
        DataPoint 
    where
        id=?
14:11:33,587 DEBUG SQL:104 - 
    delete 
    from
        DataPoint 
    where
        id=?
14:11:33,587 DEBUG SQL:104 - 
    delete 
    from
        DataPoint 
    where
        id=?
14:11:33,588 DEBUG SQL:104 - 
    delete 
    from
        DataPoint 
    where
        id=?
14:11:33,588 DEBUG SQL:104 - 
    delete 
    from
        DataPoint 
    where
        id=?
14:11:33,588 DEBUG SQL:104 - 
    delete 
    from
        DataPoint 
    where
        id=?
14:11:33,588 DEBUG SQL:104 - 
    delete 
    from
        DataPoint 
    where
        id=?
14:11:33,588 DEBUG SQL:104 - 
    delete 
    from
        DataPoint 
    where
        id=?
14:11:33,588 DEBUG SQL:104 - 
    delete 
    from
        DataPoint 
    where
        id=?
14:11:33,588 DEBUG SQL:104 - 
    delete 
    from
        DataPoint 
    where
        id=?
14:11:33,600 DEBUG SQL:104 - 
    delete 
    from
        DataPoint 
    where
        id=?
14:11:33,601 DEBUG SQL:104 - 
    delete 
    from
        DataPoint 
    where
        id=?
14:11:33,601 DEBUG SQL:104 - 
    delete 
    from
        DataPoint 
    where
        id=?
14:11:33,601 DEBUG SQL:104 - 
    delete 
    from
        DataPoint 
    where
        id=?
14:11:33,601 DEBUG SQL:104 - 
    delete 
    from
        DataPoint 
    where
        id=?
14:11:33,612 DEBUG SQL:104 - 
    delete 
    from
        DataPoint 
    where
        id=?
14:11:33,614 DEBUG SQL:104 - 
    delete 
    from
        DataPoint 
    where
        id=?
14:11:33,615 DEBUG SQL:104 - 
    delete 
    from
        DataPoint 
    where
        id=?
14:11:33,615 DEBUG SQL:104 - 
    delete 
    from
        DataPoint 
    where
        id=?
14:11:33,615 DEBUG SQL:104 - 
    delete 
    from
        DataPoint 
    where
        id=?
14:11:33,615 DEBUG SQL:104 - 
    delete 
    from
        DataPoint 
    where
        id=?
14:11:33,615 DEBUG SQL:104 - 
    delete 
    from
        DataPoint 
    where
        id=?
14:11:33,636 DEBUG SQL:104 - 
    delete 
    from
        DataPoint 
    where
        id=?
14:11:33,636 DEBUG SQL:104 - 
    delete 
    from
        DataPoint 
    where
        id=?
14:11:33,636 DEBUG SQL:104 - 
    delete 
    from
        DataPoint 
    where
        id=?
14:11:33,636 DEBUG SQL:104 - 
    delete 
    from
        DataPoint 
    where
        id=?
14:11:33,636 DEBUG SQL:104 - 
    delete 
    from
        DataPoint 
    where
        id=?
14:11:33,659 DEBUG SQL:104 - 
    delete 
    from
        DataPoint 
    where
        id=?
14:11:33,660 DEBUG SQL:104 - 
    delete 
    from
        DataPoint 
    where
        id=?
14:11:33,660 DEBUG SQL:104 - 
    delete 
    from
        DataPoint 
    where
        id=?
14:11:33,660 DEBUG SQL:104 - 
    delete 
    from
        DataPoint 
    where
        id=?
14:11:33,660 DEBUG SQL:104 - 
    delete 
    from
        DataPoint 
    where
        id=?
14:11:33,668 DEBUG SQL:104 - 
    delete 
    from
        DataPoint 
    where
        id=?
14:11:33,668 DEBUG SQL:104 - 
    delete 
    from
        DataPoint 
    where
        id=?
14:11:33,668 DEBUG SQL:104 - 
    delete 
    from
        DataPoint 
    where
        id=?
14:11:33,668 DEBUG SQL:104 - 
    delete 
    from
        DataPoint 
    where
        id=?
14:11:33,670 DEBUG SQL:104 - 
    delete 
    from
        DataPoint 
    where
        id=?
14:11:33,670 DEBUG SQL:104 - 
    delete 
    from
        DataPoint 
    where
        id=?
14:11:33,679 DEBUG SQL:104 - 
    delete 
    from
        DataPoint 
    where
        id=?
14:11:33,680 DEBUG SQL:104 - 
    delete 
    from
        DataPoint 
    where
        id=?
14:11:33,680 DEBUG SQL:104 - 
    delete 
    from
        DataPoint 
    where
        id=?
14:11:33,680 DEBUG SQL:104 - 
    delete 
    from
        DataPoint 
    where
        id=?
14:11:33,680 DEBUG SQL:104 - 
    delete 
    from
        DataPoint 
    where
        id=?
14:11:33,691 DEBUG SQL:104 - 
    delete 
    from
        DataPoint 
    where
        id=?
14:11:33,691 DEBUG SQL:104 - 
    delete 
    from
        DataPoint 
    where
        id=?
14:11:33,691 DEBUG SQL:104 - 
    delete 
    from
        DataPoint 
    where
        id=?
14:11:33,691 DEBUG SQL:104 - 
    delete 
    from
        DataPoint 
    where
        id=?
14:11:33,691 DEBUG SQL:104 - 
    delete 
    from
        DataPoint 
    where
        id=?
14:11:33,701 DEBUG SQL:104 - 
    delete 
    from
        DataPoint 
    where
        id=?
14:11:33,702 DEBUG SQL:104 - 
    delete 
    from
        DataPoint 
    where
        id=?
14:11:33,702 DEBUG SQL:104 - 
    delete 
    from
        DataPoint 
    where
        id=?
14:11:33,702 DEBUG SQL:104 - 
    delete 
    from
        DataPoint 
    where
        id=?
14:11:33,702 DEBUG SQL:104 - 
    delete 
    from
        DataPoint 
    where
        id=?
14:11:33,713 DEBUG SQL:104 - 
    delete 
    from
        DataPoint 
    where
        id=?
14:11:33,713 DEBUG SQL:104 - 
    delete 
    from
        DataPoint 
    where
        id=?
14:11:33,713 DEBUG SQL:104 - 
    delete 
    from
        DataPoint 
    where
        id=?
14:11:33,715 DEBUG SQL:104 - 
    delete 
    from
        DataPoint 
    where
        id=?
14:11:33,715 DEBUG SQL:104 - 
    delete 
    from
        DataPoint 
    where
        id=?
14:11:33,725 DEBUG SQL:104 - 
    delete 
    from
        DataPoint 
    where
        id=?
14:11:33,725 DEBUG SQL:104 - 
    delete 
    from
        DataPoint 
    where
        id=?
14:11:33,725 DEBUG SQL:104 - 
    delete 
    from
        DataPoint 
    where
        id=?
14:11:33,725 DEBUG SQL:104 - 
    delete 
    from
        DataPoint 
    where
        id=?
14:11:33,725 DEBUG SQL:104 - 
    delete 
    from
        DataPoint 
    where
        id=?
14:11:33,726 DEBUG SQL:104 - 
    delete 
    from
        DataPoint 
    where
        id=?
14:11:33,726 DEBUG SQL:104 - 
    delete 
    from
        DataPoint 
    where
        id=?
14:11:33,726 DEBUG SQL:104 - 
    delete 
    from
        DataPoint 
    where
        id=?
14:11:33,726 DEBUG SQL:104 - 
    delete 
    from
        DataPoint 
    where
        id=?
14:11:33,726 DEBUG SQL:104 - 
    delete 
    from
        DataPoint 
    where
        id=?
14:11:33,740 DEBUG SQL:104 - 
    delete 
    from
        DataPoint 
    where
        id=?
14:11:33,740 DEBUG SQL:104 - 
    delete 
    from
        DataPoint 
    where
        id=?
14:11:33,740 DEBUG SQL:104 - 
    delete 
    from
        DataPoint 
    where
        id=?
14:11:33,740 DEBUG SQL:104 - 
    delete 
    from
        DataPoint 
    where
        id=?
14:11:33,740 DEBUG SQL:104 - 
    delete 
    from
        DataPoint 
    where
        id=?
14:11:33,749 DEBUG SQL:104 - 
    delete 
    from
        DataPoint 
    where
        id=?
14:11:33,749 DEBUG SQL:104 - 
    delete 
    from
        DataPoint 
    where
        id=?
14:11:33,749 DEBUG SQL:104 - 
    delete 
    from
        DataPoint 
    where
        id=?
14:11:33,751 DEBUG SQL:104 - 
    delete 
    from
        DataPoint 
    where
        id=?
14:11:33,751 DEBUG SQL:104 - 
    delete 
    from
        DataPoint 
    where
        id=?
14:11:33,751 DEBUG SQL:104 - 
    delete 
    from
        DataPoint 
    where
        id=?
14:11:33,752 DEBUG SQL:104 - 
    delete 
    from
        DataPoint 
    where
        id=?
14:11:33,752 DEBUG SQL:104 - 
    delete 
    from
        DataPoint 
    where
        id=?
14:11:33,775 DEBUG SQL:104 - 
    delete 
    from
        DataPoint 
    where
        id=?
14:11:33,775 DEBUG SQL:104 - 
    delete 
    from
        DataPoint 
    where
        id=?
14:11:33,776 DEBUG SQL:104 - 
    delete 
    from
        DataPoint 
    where
        id=?
14:11:33,776 DEBUG SQL:104 - 
    delete 
    from
        DataPoint 
    where
        id=?
14:11:33,776 DEBUG SQL:104 - 
    delete 
    from
        DataPoint 
    where
        id=?
14:11:33,791 DEBUG SQL:104 - 
    delete 
    from
        DataPoint 
    where
        id=?
14:11:33,791 DEBUG SQL:104 - 
    delete 
    from
        DataPoint 
    where
        id=?
14:11:33,791 DEBUG SQL:104 - 
    delete 
    from
        DataPoint 
    where
        id=?
14:11:33,791 DEBUG SQL:104 - 
    delete 
    from
        DataPoint 
    where
        id=?
14:11:33,791 DEBUG SQL:104 - 
    delete 
    from
        DataPoint 
    where
        id=?
14:11:33,801 DEBUG SQL:104 - 
    delete 
    from
        DataPoint 
    where
        id=?
14:11:33,801 DEBUG SQL:104 - 
    delete 
    from
        DataPoint 
    where
        id=?
14:11:33,801 DEBUG SQL:104 - 
    delete 
    from
        DataPoint 
    where
        id=?
14:11:33,801 DEBUG SQL:104 - 
    delete 
    from
        DataPoint 
    where
        id=?
14:11:33,801 DEBUG SQL:104 - 
    delete 
    from
        DataPoint 
    where
        id=?
14:11:33,815 DEBUG SQL:104 - 
    delete 
    from
        DataPoint 
    where
        id=?
14:11:33,815 DEBUG SQL:104 - 
    delete 
    from
        DataPoint 
    where
        id=?
14:11:33,815 DEBUG SQL:104 - 
    delete 
    from
        DataPoint 
    where
        id=?
14:11:33,815 DEBUG SQL:104 - 
    delete 
    from
        DataPoint 
    where
        id=?
14:11:33,815 DEBUG SQL:104 - 
    delete 
    from
        DataPoint 
    where
        id=?
14:11:33,823 DEBUG SQL:104 - 
    delete 
    from
        DataPoint 
    where
        id=?
14:11:33,824 DEBUG SQL:104 - 
    delete 
    from
        DataPoint 
    where
        id=?
14:11:33,824 DEBUG SQL:104 - 
    delete 
    from
        DataPoint 
    where
        id=?
14:11:33,824 DEBUG SQL:104 - 
    delete 
    from
        DataPoint 
    where
        id=?
14:11:33,824 DEBUG SQL:104 - 
    delete 
    from
        DataPoint 
    where
        id=?
14:11:33,824 DEBUG SQL:104 - 
    delete 
    from
        DataPoint 
    where
        id=?
14:11:33,834 DEBUG SQL:104 - 
    delete 
    from
        DataPoint 
    where
        id=?
14:11:33,834 DEBUG SQL:104 - 
    delete 
    from
        DataPoint 
    where
        id=?
14:11:33,834 DEBUG SQL:104 - 
    delete 
    from
        DataPoint 
    where
        id=?
14:11:33,834 DEBUG SQL:104 - 
    delete 
    from
        DataPoint 
    where
        id=?
14:11:33,834 DEBUG SQL:104 - 
    delete 
    from
        DataPoint 
    where
        id=?
14:11:33,845 DEBUG SQL:104 - 
    delete 
    from
        DataPoint 
    where
        id=?
14:11:33,845 DEBUG SQL:104 - 
    delete 
    from
        DataPoint 
    where
        id=?
14:11:33,845 DEBUG SQL:104 - 
    delete 
    from
        DataPoint 
    where
        id=?
14:11:33,845 DEBUG SQL:104 - 
    delete 
    from
        DataPoint 
    where
        id=?
14:11:33,847 DEBUG SQL:104 - 
    delete 
    from
        DataPoint 
    where
        id=?
14:11:33,858 DEBUG SQL:104 - 
    delete 
    from
        DataPoint 
    where
        id=?
14:11:33,859 DEBUG SQL:104 - 
    delete 
    from
        DataPoint 
    where
        id=?
14:11:33,859 DEBUG SQL:104 - 
    delete 
    from
        DataPoint 
    where
        id=?
14:11:33,859 DEBUG SQL:104 - 
    delete 
    from
        DataPoint 
    where
        id=?
14:11:33,859 DEBUG SQL:104 - 
    delete 
    from
        DataPoint 
    where
        id=?
14:11:33,859 DEBUG SQL:104 - 
    delete 
    from
        DataPoint 
    where
        id=?
14:11:33,859 DEBUG SQL:104 - 
    delete 
    from
        DataPoint 
    where
        id=?
14:11:33,859 DEBUG SQL:104 - 
    delete 
    from
        DataPoint 
    where
        id=?
14:11:33,859 DEBUG SQL:104 - 
    delete 
    from
        DataPoint 
    where
        id=?
14:11:33,859 DEBUG SQL:104 - 
    delete 
    from
        DataPoint 
    where
        id=?
14:11:33,872 DEBUG SQL:104 - 
    delete 
    from
        DataPoint 
    where
        id=?
14:11:33,872 DEBUG SQL:104 - 
    delete 
    from
        DataPoint 
    where
        id=?
14:11:33,873 DEBUG SQL:104 - 
    delete 
    from
        DataPoint 
    where
        id=?
14:11:33,873 DEBUG SQL:104 - 
    delete 
    from
        DataPoint 
    where
        id=?
14:11:33,873 DEBUG SQL:104 - 
    delete 
    from
        DataPoint 
    where
        id=?
14:11:33,883 DEBUG SQL:104 - 
    delete 
    from
        DataPoint 
    where
        id=?
14:11:33,883 DEBUG SQL:104 - 
    delete 
    from
        DataPoint 
    where
        id=?
14:11:33,883 DEBUG SQL:104 - 
    delete 
    from
        DataPoint 
    where
        id=?
14:11:33,883 DEBUG SQL:104 - 
    delete 
    from
        DataPoint 
    where
        id=?
14:11:33,885 DEBUG SQL:104 - 
    delete 
    from
        DataPoint 
    where
        id=?
14:11:33,885 DEBUG SQL:104 - 
    delete 
    from
        DataPoint 
    where
        id=?
14:11:33,885 DEBUG SQL:104 - 
    delete 
    from
        DataPoint 
    where
        id=?
14:11:33,885 DEBUG SQL:104 - 
    delete 
    from
        DataPoint 
    where
        id=?
14:11:33,912 DEBUG SQL:104 - 
    delete 
    from
        DataPoint 
    where
        id=?
14:11:33,917 DEBUG SQL:104 - 
    delete 
    from
        DataPoint 
    where
        id=?
14:11:33,917 DEBUG SQL:104 - 
    delete 
    from
        DataPoint 
    where
        id=?
14:11:33,917 DEBUG SQL:104 - 
    delete 
    from
        DataPoint 
    where
        id=?
14:11:33,917 DEBUG SQL:104 - 
    delete 
    from
        DataPoint 
    where
        id=?
14:11:33,932 DEBUG SQL:104 - 
    delete 
    from
        DataPoint 
    where
        id=?
14:11:33,932 DEBUG SQL:104 - 
    delete 
    from
        DataPoint 
    where
        id=?
14:11:33,933 DEBUG SQL:104 - 
    delete 
    from
        DataPoint 
    where
        id=?
14:11:33,933 DEBUG SQL:104 - 
    delete 
    from
        DataPoint 
    where
        id=?
14:11:33,933 DEBUG SQL:104 - 
    delete 
    from
        DataPoint 
    where
        id=?
14:11:33,937 DEBUG SQL:104 - 
    delete 
    from
        DataPoint 
    where
        id=?
14:11:33,937 DEBUG SQL:104 - 
    delete 
    from
        DataPoint 
    where
        id=?
14:11:33,937 DEBUG SQL:104 - 
    delete 
    from
        DataPoint 
    where
        id=?
14:11:33,937 DEBUG SQL:104 - 
    delete 
    from
        DataPoint 
    where
        id=?
14:11:33,937 DEBUG SQL:104 - 
    delete 
    from
        DataPoint 
    where
        id=?
14:11:33,952 DEBUG SQL:104 - 
    delete 
    from
        DataPoint 
    where
        id=?
14:11:33,953 DEBUG SQL:104 - 
    delete 
    from
        DataPoint 
    where
        id=?
14:11:33,954 DEBUG SQL:104 - 
    delete 
    from
        DataPoint 
    where
        id=?
14:11:33,954 DEBUG SQL:104 - 
    delete 
    from
        DataPoint 
    where
        id=?
14:11:33,954 DEBUG SQL:104 - 
    delete 
    from
        DataPoint 
    where
        id=?
14:11:33,968 DEBUG SQL:104 - 
    delete 
    from
        DataPoint 
    where
        id=?
14:11:33,968 DEBUG SQL:104 - 
    delete 
    from
        DataPoint 
    where
        id=?
14:11:33,969 DEBUG SQL:104 - 
    delete 
    from
        DataPoint 
    where
        id=?
14:11:33,969 DEBUG SQL:104 - 
    delete 
    from
        DataPoint 
    where
        id=?
14:11:33,969 DEBUG SQL:104 - 
    delete 
    from
        DataPoint 
    where
        id=?
14:11:33,984 DEBUG SQL:104 - 
    delete 
    from
        DataPoint 
    where
        id=?
14:11:33,985 DEBUG SQL:104 - 
    delete 
    from
        DataPoint 
    where
        id=?
14:11:33,985 DEBUG SQL:104 - 
    delete 
    from
        DataPoint 
    where
        id=?
14:11:33,985 DEBUG SQL:104 - 
    delete 
    from
        DataPoint 
    where
        id=?
14:11:33,985 DEBUG SQL:104 - 
    delete 
    from
        DataPoint 
    where
        id=?
14:11:33,991 DEBUG SQL:104 - 
    delete 
    from
        DataPoint 
    where
        id=?
14:11:33,992 DEBUG SQL:104 - 
    delete 
    from
        DataPoint 
    where
        id=?
14:11:33,993 DEBUG SQL:104 - 
    delete 
    from
        DataPoint 
    where
        id=?
14:11:33,993 DEBUG SQL:104 - 
    delete 
    from
        DataPoint 
    where
        id=?
14:11:33,993 DEBUG SQL:104 - 
    delete 
    from
        DataPoint 
    where
        id=?
14:11:33,993 DEBUG SQL:104 - 
    delete 
    from
        DataPoint 
    where
        id=?
14:11:33,994 DEBUG SQL:104 - 
    delete 
    from
        DataPoint 
    where
        id=?
14:11:33,995 DEBUG SQL:104 - 
    delete 
    from
        DataPoint 
    where
        id=?
14:11:33,995 DEBUG SQL:104 - 
    delete 
    from
        DataPoint 
    where
        id=?
14:11:33,995 DEBUG SQL:104 - 
    delete 
    from
        DataPoint 
    where
        id=?
14:11:33,995 DEBUG SQL:104 - 
    delete 
    from
        DataPoint 
    where
        id=?
14:11:34,010 DEBUG SQL:104 - 
    delete 
    from
        DataPoint 
    where
        id=?
14:11:34,010 DEBUG SQL:104 - 
    delete 
    from
        DataPoint 
    where
        id=?
14:11:34,010 DEBUG SQL:104 - 
    delete 
    from
        DataPoint 
    where
        id=?
14:11:34,010 DEBUG SQL:104 - 
    delete 
    from
        DataPoint 
    where
        id=?
14:11:34,010 DEBUG SQL:104 - 
    delete 
    from
        DataPoint 
    where
        id=?
14:11:34,023 DEBUG SQL:104 - 
    delete 
    from
        DataPoint 
    where
        id=?
14:11:34,024 DEBUG SQL:104 - 
    delete 
    from
        DataPoint 
    where
        id=?
14:11:34,024 DEBUG SQL:104 - 
    delete 
    from
        DataPoint 
    where
        id=?
14:11:34,024 DEBUG SQL:104 - 
    delete 
    from
        DataPoint 
    where
        id=?
14:11:34,024 DEBUG SQL:104 - 
    delete 
    from
        DataPoint 
    where
        id=?
14:11:34,024 DEBUG SQL:104 - 
    delete 
    from
        DataPoint 
    where
        id=?
14:11:34,024 DEBUG SQL:104 - 
    delete 
    from
        DataPoint 
    where
        id=?
14:11:34,051 DEBUG SQL:104 - 
    delete 
    from
        DataPoint 
    where
        id=?
14:11:34,052 DEBUG SQL:104 - 
    delete 
    from
        DataPoint 
    where
        id=?
14:11:34,052 DEBUG SQL:104 - 
    delete 
    from
        DataPoint 
    where
        id=?
14:11:34,054 DEBUG SQL:104 - 
    delete 
    from
        DataPoint 
    where
        id=?
14:11:34,054 DEBUG SQL:104 - 
    delete 
    from
        DataPoint 
    where
        id=?
14:11:34,062 DEBUG SQL:104 - 
    delete 
    from
        DataPoint 
    where
        id=?
14:11:34,062 DEBUG SQL:104 - 
    delete 
    from
        DataPoint 
    where
        id=?
14:11:34,062 DEBUG SQL:104 - 
    delete 
    from
        DataPoint 
    where
        id=?
14:11:34,062 DEBUG SQL:104 - 
    delete 
    from
        DataPoint 
    where
        id=?
14:11:34,062 DEBUG SQL:104 - 
    delete 
    from
        DataPoint 
    where
        id=?
14:11:34,063 DEBUG SQL:104 - 
    delete 
    from
        DataPoint 
    where
        id=?
14:11:34,063 DEBUG SQL:104 - 
    delete 
    from
        DataPoint 
    where
        id=?
14:11:34,063 DEBUG SQL:104 - 
    delete 
    from
        DataPoint 
    where
        id=?
14:11:34,063 DEBUG SQL:104 - 
    delete 
    from
        DataPoint 
    where
        id=?
14:11:34,063 DEBUG SQL:104 - 
    delete 
    from
        DataPoint 
    where
        id=?
14:11:34,063 DEBUG SQL:104 - 
    delete 
    from
        DataPoint 
    where
        id=?
14:11:34,063 DEBUG SQL:104 - 
    delete 
    from
        DataPoint 
    where
        id=?
14:11:34,063 DEBUG SQL:104 - 
    delete 
    from
        DataPoint 
    where
        id=?
14:11:34,083 DEBUG SQL:104 - 
    delete 
    from
        DataPoint 
    where
        id=?
14:11:34,084 DEBUG SQL:104 - 
    delete 
    from
        DataPoint 
    where
        id=?
14:11:34,084 DEBUG SQL:104 - 
    delete 
    from
        DataPoint 
    where
        id=?
14:11:34,084 DEBUG SQL:104 - 
    delete 
    from
        DataPoint 
    where
        id=?
14:11:34,084 DEBUG SQL:104 - 
    delete 
    from
        DataPoint 
    where
        id=?
14:11:34,094 DEBUG SQL:104 - 
    delete 
    from
        DataPoint 
    where
        id=?
14:11:34,095 DEBUG SQL:104 - 
    delete 
    from
        DataPoint 
    where
        id=?
14:11:34,095 DEBUG SQL:104 - 
    delete 
    from
        DataPoint 
    where
        id=?
14:11:34,095 DEBUG SQL:104 - 
    delete 
    from
        DataPoint 
    where
        id=?
14:11:34,095 DEBUG SQL:104 - 
    delete 
    from
        DataPoint 
    where
        id=?
14:11:34,104 DEBUG SQL:104 - 
    delete 
    from
        DataPoint 
    where
        id=?
14:11:34,104 DEBUG SQL:104 - 
    delete 
    from
        DataPoint 
    where
        id=?
14:11:34,104 DEBUG SQL:104 - 
    delete 
    from
        DataPoint 
    where
        id=?
14:11:34,104 DEBUG SQL:104 - 
    delete 
    from
        DataPoint 
    where
        id=?
14:11:34,104 DEBUG SQL:104 - 
    delete 
    from
        DataPoint 
    where
        id=?
14:11:34,114 DEBUG SQL:104 - 
    delete 
    from
        DataPoint 
    where
        id=?
14:11:34,114 DEBUG SQL:104 - 
    delete 
    from
        DataPoint 
    where
        id=?
14:11:34,115 DEBUG SQL:104 - 
    delete 
    from
        DataPoint 
    where
        id=?
14:11:34,115 DEBUG SQL:104 - 
    delete 
    from
        DataPoint 
    where
        id=?
14:11:34,115 DEBUG SQL:104 - 
    delete 
    from
        DataPoint 
    where
        id=?
14:11:34,124 DEBUG SQL:104 - 
    delete 
    from
        DataPoint 
    where
        id=?
14:11:34,125 DEBUG SQL:104 - 
    delete 
    from
        DataPoint 
    where
        id=?
14:11:34,125 DEBUG SQL:104 - 
    delete 
    from
        DataPoint 
    where
        id=?
14:11:34,125 DEBUG SQL:104 - 
    delete 
    from
        DataPoint 
    where
        id=?
14:11:34,125 DEBUG SQL:104 - 
    delete 
    from
        DataPoint 
    where
        id=?
14:11:34,126 DEBUG SQL:104 - 
    delete 
    from
        DataPoint 
    where
        id=?
14:11:34,127 DEBUG SQL:104 - 
    delete 
    from
        DataPoint 
    where
        id=?
14:11:34,127 DEBUG SQL:104 - 
    delete 
    from
        DataPoint 
    where
        id=?
14:11:34,127 DEBUG SQL:104 - 
    delete 
    from
        DataPoint 
    where
        id=?
14:11:34,127 DEBUG SQL:104 - 
    delete 
    from
        DataPoint 
    where
        id=?
14:11:34,127 DEBUG SQL:104 - 
    delete 
    from
        DataPoint 
    where
        id=?
14:11:34,138 DEBUG SQL:104 - 
    delete 
    from
        DataPoint 
    where
        id=?
14:11:34,138 DEBUG SQL:104 - 
    delete 
    from
        DataPoint 
    where
        id=?
14:11:34,138 DEBUG SQL:104 - 
    delete 
    from
        DataPoint 
    where
        id=?
14:11:34,138 DEBUG SQL:104 - 
    delete 
    from
        DataPoint 
    where
        id=?
14:11:34,139 DEBUG SQL:104 - 
    delete 
    from
        DataPoint 
    where
        id=?
14:11:34,148 DEBUG SQL:104 - 
    delete 
    from
        DataPoint 
    where
        id=?
14:11:34,149 DEBUG SQL:104 - 
    delete 
    from
        DataPoint 
    where
        id=?
14:11:34,149 DEBUG SQL:104 - 
    delete 
    from
        DataPoint 
    where
        id=?
14:11:34,149 DEBUG SQL:104 - 
    delete 
    from
        DataPoint 
    where
        id=?
14:11:34,149 DEBUG SQL:104 - 
    delete 
    from
        DataPoint 
    where
        id=?
14:11:34,149 DEBUG SQL:104 - 
    delete 
    from
        DataPoint 
    where
        id=?
14:11:34,149 DEBUG SQL:104 - 
    delete 
    from
        DataPoint 
    where
        id=?
14:11:34,172 DEBUG SQL:104 - 
    delete 
    from
        DataPoint 
    where
        id=?
14:11:34,172 DEBUG SQL:104 - 
    delete 
    from
        DataPoint 
    where
        id=?
14:11:34,174 DEBUG SQL:104 - 
    delete 
    from
        DataPoint 
    where
        id=?
14:11:34,174 DEBUG SQL:104 - 
    delete 
    from
        DataPoint 
    where
        id=?
14:11:34,174 DEBUG SQL:104 - 
    delete 
    from
        DataPoint 
    where
        id=?
14:11:34,183 DEBUG SQL:104 - 
    delete 
    from
        DataPoint 
    where
        id=?
14:11:34,183 DEBUG SQL:104 - 
    delete 
    from
        DataPoint 
    where
        id=?
14:11:34,183 DEBUG SQL:104 - 
    delete 
    from
        DataPoint 
    where
        id=?
14:11:34,183 DEBUG SQL:104 - 
    delete 
    from
        DataPoint 
    where
        id=?
14:11:34,183 DEBUG SQL:104 - 
    delete 
    from
        DataPoint 
    where
        id=?
14:11:34,183 DEBUG SQL:104 - 
    delete 
    from
        DataPoint 
    where
        id=?
14:11:34,193 DEBUG SQL:104 - 
    delete 
    from
        DataPoint 
    where
        id=?
14:11:34,193 DEBUG SQL:104 - 
    delete 
    from
        DataPoint 
    where
        id=?
14:11:34,193 DEBUG SQL:104 - 
    delete 
    from
        DataPoint 
    where
        id=?
14:11:34,193 DEBUG SQL:104 - 
    delete 
    from
        DataPoint 
    where
        id=?
14:11:34,193 DEBUG SQL:104 - 
    delete 
    from
        DataPoint 
    where
        id=?
14:11:34,205 DEBUG SQL:104 - 
    delete 
    from
        DataPoint 
    where
        id=?
14:11:34,205 DEBUG SQL:104 - 
    delete 
    from
        DataPoint 
    where
        id=?
14:11:34,205 DEBUG SQL:104 - 
    delete 
    from
        DataPoint 
    where
        id=?
14:11:34,205 DEBUG SQL:104 - 
    delete 
    from
        DataPoint 
    where
        id=?
14:11:34,205 DEBUG SQL:104 - 
    delete 
    from
        DataPoint 
    where
        id=?
14:11:34,216 DEBUG SQL:104 - 
    delete 
    from
        DataPoint 
    where
        id=?
14:11:34,218 DEBUG SQL:104 - 
    delete 
    from
        DataPoint 
    where
        id=?
14:11:34,219 DEBUG SQL:104 - 
    delete 
    from
        DataPoint 
    where
        id=?
14:11:34,219 DEBUG SQL:104 - 
    delete 
    from
        DataPoint 
    where
        id=?
14:11:34,219 DEBUG SQL:104 - 
    delete 
    from
        DataPoint 
    where
        id=?
14:11:34,228 DEBUG SQL:104 - 
    delete 
    from
        DataPoint 
    where
        id=?
14:11:34,228 DEBUG SQL:104 - 
    delete 
    from
        DataPoint 
    where
        id=?
14:11:34,228 DEBUG SQL:104 - 
    delete 
    from
        DataPoint 
    where
        id=?
14:11:34,228 DEBUG SQL:104 - 
    delete 
    from
        DataPoint 
    where
        id=?
14:11:34,228 DEBUG SQL:104 - 
    delete 
    from
        DataPoint 
    where
        id=?
14:11:34,239 DEBUG SQL:104 - 
    delete 
    from
        DataPoint 
    where
        id=?
14:11:34,240 DEBUG SQL:104 - 
    delete 
    from
        DataPoint 
    where
        id=?
14:11:34,240 DEBUG SQL:104 - 
    delete 
    from
        DataPoint 
    where
        id=?
14:11:34,240 DEBUG SQL:104 - 
    delete 
    from
        DataPoint 
    where
        id=?
14:11:34,241 DEBUG SQL:104 - 
    delete 
    from
        DataPoint 
    where
        id=?
14:11:34,248 DEBUG SQL:104 - 
    delete 
    from
        DataPoint 
    where
        id=?
14:11:34,248 DEBUG SQL:104 - 
    delete 
    from
        DataPoint 
    where
        id=?
14:11:34,248 DEBUG SQL:104 - 
    delete 
    from
        DataPoint 
    where
        id=?
14:11:34,248 DEBUG SQL:104 - 
    delete 
    from
        DataPoint 
    where
        id=?
14:11:34,248 DEBUG SQL:104 - 
    delete 
    from
        DataPoint 
    where
        id=?
14:11:34,261 DEBUG SQL:104 - 
    delete 
    from
        DataPoint 
    where
        id=?
14:11:34,263 DEBUG SQL:104 - 
    delete 
    from
        DataPoint 
    where
        id=?
14:11:34,264 DEBUG SQL:104 - 
    delete 
    from
        DataPoint 
    where
        id=?
14:11:34,264 DEBUG SQL:104 - 
    delete 
    from
        DataPoint 
    where
        id=?
14:11:34,264 DEBUG SQL:104 - 
    delete 
    from
        DataPoint 
    where
        id=?
14:11:34,264 DEBUG SQL:104 - 
    delete 
    from
        DataPoint 
    where
        id=?
14:11:34,265 DEBUG SQL:104 - 
    delete 
    from
        DataPoint 
    where
        id=?
14:11:34,265 DEBUG SQL:104 - 
    delete 
    from
        DataPoint 
    where
        id=?
14:11:34,265 DEBUG SQL:104 - 
    delete 
    from
        DataPoint 
    where
        id=?
14:11:34,265 DEBUG SQL:104 - 
    delete 
    from
        DataPoint 
    where
        id=?
14:11:34,276 DEBUG SQL:104 - 
    delete 
    from
        DataPoint 
    where
        id=?
14:11:34,276 DEBUG SQL:104 - 
    delete 
    from
        DataPoint 
    where
        id=?
14:11:34,276 DEBUG SQL:104 - 
    delete 
    from
        DataPoint 
    where
        id=?
14:11:34,276 DEBUG SQL:104 - 
    delete 
    from
        DataPoint 
    where
        id=?
14:11:34,276 DEBUG SQL:104 - 
    delete 
    from
        DataPoint 
    where
        id=?
14:11:34,276 DEBUG SQL:104 - 
    delete 
    from
        DataPoint 
    where
        id=?
14:11:34,286 DEBUG SQL:104 - 
    delete 
    from
        DataPoint 
    where
        id=?
14:11:34,286 DEBUG SQL:104 - 
    delete 
    from
        DataPoint 
    where
        id=?
14:11:34,286 DEBUG SQL:104 - 
    delete 
    from
        DataPoint 
    where
        id=?
14:11:34,286 DEBUG SQL:104 - 
    delete 
    from
        DataPoint 
    where
        id=?
14:11:34,287 DEBUG SQL:104 - 
    delete 
    from
        DataPoint 
    where
        id=?
14:11:34,288 DEBUG SQL:104 - 
    delete 
    from
        DataPoint 
    where
        id=?
14:11:34,288 DEBUG SQL:104 - 
    delete 
    from
        DataPoint 
    where
        id=?
14:11:34,311 DEBUG SQL:104 - 
    delete 
    from
        DataPoint 
    where
        id=?
14:11:34,311 DEBUG SQL:104 - 
    delete 
    from
        DataPoint 
    where
        id=?
14:11:34,311 DEBUG SQL:104 - 
    delete 
    from
        DataPoint 
    where
        id=?
14:11:34,311 DEBUG SQL:104 - 
    delete 
    from
        DataPoint 
    where
        id=?
14:11:34,311 DEBUG SQL:104 - 
    delete 
    from
        DataPoint 
    where
        id=?
14:11:34,322 DEBUG SQL:104 - 
    delete 
    from
        DataPoint 
    where
        id=?
14:11:34,322 DEBUG SQL:104 - 
    delete 
    from
        DataPoint 
    where
        id=?
14:11:34,322 DEBUG SQL:104 - 
    delete 
    from
        DataPoint 
    where
        id=?
14:11:34,322 DEBUG SQL:104 - 
    delete 
    from
        DataPoint 
    where
        id=?
14:11:34,322 DEBUG SQL:104 - 
    delete 
    from
        DataPoint 
    where
        id=?
14:11:34,332 DEBUG SQL:104 - 
    delete 
    from
        DataPoint 
    where
        id=?
14:11:34,332 DEBUG SQL:104 - 
    delete 
    from
        DataPoint 
    where
        id=?
14:11:34,332 DEBUG SQL:104 - 
    delete 
    from
        DataPoint 
    where
        id=?
14:11:34,332 DEBUG SQL:104 - 
    delete 
    from
        DataPoint 
    where
        id=?
14:11:34,332 DEBUG SQL:104 - 
    delete 
    from
        DataPoint 
    where
        id=?
14:11:34,332 DEBUG SQL:104 - 
    delete 
    from
        DataPoint 
    where
        id=?
14:11:34,343 DEBUG SQL:104 - 
    delete 
    from
        DataPoint 
    where
        id=?
14:11:34,343 DEBUG SQL:104 - 
    delete 
    from
        DataPoint 
    where
        id=?
14:11:34,345 DEBUG SQL:104 - 
    delete 
    from
        DataPoint 
    where
        id=?
14:11:34,345 DEBUG SQL:104 - 
    delete 
    from
        DataPoint 
    where
        id=?
14:11:34,345 DEBUG SQL:104 - 
    delete 
    from
        DataPoint 
    where
        id=?
14:11:34,355 DEBUG SQL:104 - 
    delete 
    from
        DataPoint 
    where
        id=?
14:11:34,355 DEBUG SQL:104 - 
    delete 
    from
        DataPoint 
    where
        id=?
14:11:34,355 DEBUG SQL:104 - 
    delete 
    from
        DataPoint 
    where
        id=?
14:11:34,355 DEBUG SQL:104 - 
    delete 
    from
        DataPoint 
    where
        id=?
14:11:34,356 DEBUG SQL:104 - 
    delete 
    from
        DataPoint 
    where
        id=?
14:11:34,364 DEBUG SQL:104 - 
    delete 
    from
        DataPoint 
    where
        id=?
14:11:34,365 DEBUG SQL:104 - 
    delete 
    from
        DataPoint 
    where
        id=?
14:11:34,365 DEBUG SQL:104 - 
    delete 
    from
        DataPoint 
    where
        id=?
14:11:34,365 DEBUG SQL:104 - 
    delete 
    from
        DataPoint 
    where
        id=?
14:11:34,365 DEBUG SQL:104 - 
    delete 
    from
        DataPoint 
    where
        id=?
14:11:34,375 DEBUG SQL:104 - 
    delete 
    from
        DataPoint 
    where
        id=?
14:11:34,375 DEBUG SQL:104 - 
    delete 
    from
        DataPoint 
    where
        id=?
14:11:34,375 DEBUG SQL:104 - 
    delete 
    from
        DataPoint 
    where
        id=?
14:11:34,376 DEBUG SQL:104 - 
    delete 
    from
        DataPoint 
    where
        id=?
14:11:34,376 DEBUG SQL:104 - 
    delete 
    from
        DataPoint 
    where
        id=?
14:11:34,385 DEBUG SQL:104 - 
    delete 
    from
        DataPoint 
    where
        id=?
14:11:34,386 DEBUG SQL:104 - 
    delete 
    from
        DataPoint 
    where
        id=?
14:11:34,388 DEBUG SQL:104 - 
    delete 
    from
        DataPoint 
    where
        id=?
14:11:34,388 DEBUG SQL:104 - 
    delete 
    from
        DataPoint 
    where
        id=?
14:11:34,389 DEBUG SQL:104 - 
    delete 
    from
        DataPoint 
    where
        id=?
14:11:34,389 DEBUG SQL:104 - 
    delete 
    from
        DataPoint 
    where
        id=?
14:11:34,389 DEBUG SQL:104 - 
    delete 
    from
        DataPoint 
    where
        id=?
14:11:34,389 DEBUG SQL:104 - 
    delete 
    from
        DataPoint 
    where
        id=?
14:11:34,389 DEBUG SQL:104 - 
    delete 
    from
        DataPoint 
    where
        id=?
14:11:34,389 DEBUG SQL:104 - 
    delete 
    from
        DataPoint 
    where
        id=?
14:11:34,401 DEBUG SQL:104 - 
    delete 
    from
        DataPoint 
    where
        id=?
14:11:34,402 DEBUG SQL:104 - 
    delete 
    from
        DataPoint 
    where
        id=?
14:11:34,402 DEBUG SQL:104 - 
    delete 
    from
        DataPoint 
    where
        id=?
14:11:34,402 DEBUG SQL:104 - 
    delete 
    from
        DataPoint 
    where
        id=?
14:11:34,402 DEBUG SQL:104 - 
    delete 
    from
        DataPoint 
    where
        id=?
14:11:34,412 DEBUG SQL:104 - 
    delete 
    from
        DataPoint 
    where
        id=?
14:11:34,413 DEBUG SQL:104 - 
    delete 
    from
        DataPoint 
    where
        id=?
14:11:34,413 DEBUG SQL:104 - 
    delete 
    from
        DataPoint 
    where
        id=?
14:11:34,413 DEBUG SQL:104 - 
    delete 
    from
        DataPoint 
    where
        id=?
14:11:34,413 DEBUG SQL:104 - 
    delete 
    from
        DataPoint 
    where
        id=?
14:11:34,413 DEBUG SQL:104 - 
    delete 
    from
        DataPoint 
    where
        id=?
14:11:34,413 DEBUG SQL:104 - 
    delete 
    from
        DataPoint 
    where
        id=?
14:11:34,415 DEBUG SQL:104 - 
    delete 
    from
        DataPoint 
    where
        id=?
14:11:34,435 DEBUG SQL:104 - 
    delete 
    from
        DataPoint 
    where
        id=?
14:11:34,436 DEBUG SQL:104 - 
    delete 
    from
        DataPoint 
    where
        id=?
14:11:34,436 DEBUG SQL:104 - 
    delete 
    from
        DataPoint 
    where
        id=?
14:11:34,436 DEBUG SQL:104 - 
    delete 
    from
        DataPoint 
    where
        id=?
14:11:34,436 DEBUG SQL:104 - 
    delete 
    from
        DataPoint 
    where
        id=?
14:11:34,447 DEBUG SQL:104 - 
    delete 
    from
        DataPoint 
    where
        id=?
14:11:34,447 DEBUG SQL:104 - 
    delete 
    from
        DataPoint 
    where
        id=?
14:11:34,447 DEBUG SQL:104 - 
    delete 
    from
        DataPoint 
    where
        id=?
14:11:34,447 DEBUG SQL:104 - 
    delete 
    from
        DataPoint 
    where
        id=?
14:11:34,448 DEBUG SQL:104 - 
    delete 
    from
        DataPoint 
    where
        id=?
14:11:34,457 DEBUG SQL:104 - 
    delete 
    from
        DataPoint 
    where
        id=?
14:11:34,458 DEBUG SQL:104 - 
    delete 
    from
        DataPoint 
    where
        id=?
14:11:34,458 DEBUG SQL:104 - 
    delete 
    from
        DataPoint 
    where
        id=?
14:11:34,458 DEBUG SQL:104 - 
    delete 
    from
        DataPoint 
    where
        id=?
14:11:34,458 DEBUG SQL:104 - 
    delete 
    from
        DataPoint 
    where
        id=?
14:11:34,468 DEBUG SQL:104 - 
    delete 
    from
        DataPoint 
    where
        id=?
14:11:34,468 DEBUG SQL:104 - 
    delete 
    from
        DataPoint 
    where
        id=?
14:11:34,468 DEBUG SQL:104 - 
    delete 
    from
        DataPoint 
    where
        id=?
14:11:34,468 DEBUG SQL:104 - 
    delete 
    from
        DataPoint 
    where
        id=?
14:11:34,470 DEBUG SQL:104 - 
    delete 
    from
        DataPoint 
    where
        id=?
14:11:34,479 DEBUG SQL:104 - 
    delete 
    from
        DataPoint 
    where
        id=?
14:11:34,480 DEBUG SQL:104 - 
    delete 
    from
        DataPoint 
    where
        id=?
14:11:34,480 DEBUG SQL:104 - 
    delete 
    from
        DataPoint 
    where
        id=?
14:11:34,480 DEBUG SQL:104 - 
    delete 
    from
        DataPoint 
    where
        id=?
14:11:34,480 DEBUG SQL:104 - 
    delete 
    from
        DataPoint 
    where
        id=?
14:11:34,490 DEBUG SQL:104 - 
    delete 
    from
        DataPoint 
    where
        id=?
14:11:34,490 DEBUG SQL:104 - 
    delete 
    from
        DataPoint 
    where
        id=?
14:11:34,490 DEBUG SQL:104 - 
    delete 
    from
        DataPoint 
    where
        id=?
14:11:34,490 DEBUG SQL:104 - 
    delete 
    from
        DataPoint 
    where
        id=?
14:11:34,490 DEBUG SQL:104 - 
    delete 
    from
        DataPoint 
    where
        id=?
14:11:34,490 DEBUG SQL:104 - 
    delete 
    from
        DataPoint 
    where
        id=?
14:11:34,500 DEBUG SQL:104 - 
    delete 
    from
        DataPoint 
    where
        id=?
14:11:34,500 DEBUG SQL:104 - 
    delete 
    from
        DataPoint 
    where
        id=?
14:11:34,500 DEBUG SQL:104 - 
    delete 
    from
        DataPoint 
    where
        id=?
14:11:34,500 DEBUG SQL:104 - 
    delete 
    from
        DataPoint 
    where
        id=?
14:11:34,500 DEBUG SQL:104 - 
    delete 
    from
        DataPoint 
    where
        id=?
14:11:34,511 DEBUG SQL:104 - 
    delete 
    from
        DataPoint 
    where
        id=?
14:11:34,511 DEBUG SQL:104 - 
    delete 
    from
        DataPoint 
    where
        id=?
14:11:34,511 DEBUG SQL:104 - 
    delete 
    from
        DataPoint 
    where
        id=?
14:11:34,513 DEBUG SQL:104 - 
    delete 
    from
        DataPoint 
    where
        id=?
14:11:34,513 DEBUG SQL:104 - 
    delete 
    from
        DataPoint 
    where
        id=?
14:11:34,513 DEBUG SQL:104 - 
    delete 
    from
        DataPoint 
    where
        id=?
14:11:34,513 DEBUG SQL:104 - 
    delete 
    from
        DataPoint 
    where
        id=?
14:11:34,513 DEBUG SQL:104 - 
    delete 
    from
        DataPoint 
    where
        id=?
14:11:34,513 DEBUG SQL:104 - 
    delete 
    from
        DataPoint 
    where
        id=?
14:11:34,514 DEBUG SQL:104 - 
    delete 
    from
        DataPoint 
    where
        id=?
14:11:34,526 DEBUG SQL:104 - 
    delete 
    from
        DataPoint 
    where
        id=?
14:11:34,526 DEBUG SQL:104 - 
    delete 
    from
        DataPoint 
    where
        id=?
14:11:34,526 DEBUG SQL:104 - 
    delete 
    from
        DataPoint 
    where
        id=?
14:11:34,526 DEBUG SQL:104 - 
    delete 
    from
        DataPoint 
    where
        id=?
14:11:34,527 DEBUG SQL:104 - 
    delete 
    from
        DataPoint 
    where
        id=?
14:11:34,538 DEBUG SQL:104 - 
    delete 
    from
        DataPoint 
    where
        id=?
14:11:34,538 DEBUG SQL:104 - 
    delete 
    from
        DataPoint 
    where
        id=?
14:11:34,538 DEBUG SQL:104 - 
    delete 
    from
        DataPoint 
    where
        id=?
14:11:34,538 DEBUG SQL:104 - 
    delete 
    from
        DataPoint 
    where
        id=?
14:11:34,539 DEBUG SQL:104 - 
    delete 
    from
        DataPoint 
    where
        id=?
14:11:34,539 DEBUG SQL:104 - 
    delete 
    from
        DataPoint 
    where
        id=?
14:11:34,539 DEBUG SQL:104 - 
    delete 
    from
        DataPoint 
    where
        id=?
14:11:34,539 DEBUG SQL:104 - 
    delete 
    from
        DataPoint 
    where
        id=?
14:11:34,564 DEBUG SQL:104 - 
    delete 
    from
        DataPoint 
    where
        id=?
14:11:34,564 DEBUG SQL:104 - 
    delete 
    from
        DataPoint 
    where
        id=?
14:11:34,564 DEBUG SQL:104 - 
    delete 
    from
        DataPoint 
    where
        id=?
14:11:34,564 DEBUG SQL:104 - 
    delete 
    from
        DataPoint 
    where
        id=?
14:11:34,564 DEBUG SQL:104 - 
    delete 
    from
        DataPoint 
    where
        id=?
14:11:34,573 DEBUG SQL:104 - 
    delete 
    from
        DataPoint 
    where
        id=?
14:11:34,573 DEBUG SQL:104 - 
    delete 
    from
        DataPoint 
    where
        id=?
14:11:34,574 DEBUG SQL:104 - 
    delete 
    from
        DataPoint 
    where
        id=?
14:11:34,574 DEBUG SQL:104 - 
    delete 
    from
        DataPoint 
    where
        id=?
14:11:34,574 DEBUG SQL:104 - 
    delete 
    from
        DataPoint 
    where
        id=?
14:11:34,574 DEBUG SQL:104 - 
    delete 
    from
        DataPoint 
    where
        id=?
14:11:34,574 DEBUG SQL:104 - 
    delete 
    from
        DataPoint 
    where
        id=?
14:11:34,574 DEBUG SQL:104 - 
    delete 
    from
        DataPoint 
    where
        id=?
14:11:34,574 DEBUG SQL:104 - 
    delete 
    from
        DataPoint 
    where
        id=?
14:11:34,574 DEBUG SQL:104 - 
    delete 
    from
        DataPoint 
    where
        id=?
14:11:34,574 DEBUG SQL:104 - 
    delete 
    from
        DataPoint 
    where
        id=?
14:11:34,574 DEBUG SQL:104 - 
    delete 
    from
        DataPoint 
    where
        id=?
14:11:34,595 DEBUG SQL:104 - 
    delete 
    from
        DataPoint 
    where
        id=?
14:11:34,595 DEBUG SQL:104 - 
    delete 
    from
        DataPoint 
    where
        id=?
14:11:34,595 DEBUG SQL:104 - 
    delete 
    from
        DataPoint 
    where
        id=?
14:11:34,597 DEBUG SQL:104 - 
    delete 
    from
        DataPoint 
    where
        id=?
14:11:34,597 DEBUG SQL:104 - 
    delete 
    from
        DataPoint 
    where
        id=?
14:11:34,606 DEBUG SQL:104 - 
    delete 
    from
        DataPoint 
    where
        id=?
14:11:34,607 DEBUG SQL:104 - 
    delete 
    from
        DataPoint 
    where
        id=?
14:11:34,607 DEBUG SQL:104 - 
    delete 
    from
        DataPoint 
    where
        id=?
14:11:34,607 DEBUG SQL:104 - 
    delete 
    from
        DataPoint 
    where
        id=?
14:11:34,607 DEBUG SQL:104 - 
    delete 
    from
        DataPoint 
    where
        id=?
14:11:34,607 DEBUG SQL:104 - 
    delete 
    from
        DataPoint 
    where
        id=?
14:11:34,616 DEBUG SQL:104 - 
    delete 
    from
        DataPoint 
    where
        id=?
14:11:34,616 DEBUG SQL:104 - 
    delete 
    from
        DataPoint 
    where
        id=?
14:11:34,616 DEBUG SQL:104 - 
    delete 
    from
        DataPoint 
    where
        id=?
14:11:34,616 DEBUG SQL:104 - 
    delete 
    from
        DataPoint 
    where
        id=?
14:11:34,616 DEBUG SQL:104 - 
    delete 
    from
        DataPoint 
    where
        id=?
14:11:34,626 DEBUG SQL:104 - 
    delete 
    from
        DataPoint 
    where
        id=?
14:11:34,626 DEBUG SQL:104 - 
    delete 
    from
        DataPoint 
    where
        id=?
14:11:34,626 DEBUG SQL:104 - 
    delete 
    from
        DataPoint 
    where
        id=?
14:11:34,627 DEBUG SQL:104 - 
    delete 
    from
        DataPoint 
    where
        id=?
14:11:34,627 DEBUG SQL:104 - 
    delete 
    from
        DataPoint 
    where
        id=?
14:11:34,639 DEBUG SQL:104 - 
    delete 
    from
        DataPoint 
    where
        id=?
14:11:34,639 DEBUG SQL:104 - 
    delete 
    from
        DataPoint 
    where
        id=?
14:11:34,641 DEBUG SQL:104 - 
    delete 
    from
        DataPoint 
    where
        id=?
14:11:34,641 DEBUG SQL:104 - 
    delete 
    from
        DataPoint 
    where
        id=?
14:11:34,641 DEBUG SQL:104 - 
    delete 
    from
        DataPoint 
    where
        id=?
14:11:34,641 DEBUG SQL:104 - 
    delete 
    from
        DataPoint 
    where
        id=?
14:11:34,641 DEBUG SQL:104 - 
    delete 
    from
        DataPoint 
    where
        id=?
14:11:34,641 DEBUG SQL:104 - 
    delete 
    from
        DataPoint 
    where
        id=?
14:11:34,641 DEBUG SQL:104 - 
    delete 
    from
        DataPoint 
    where
        id=?
14:11:34,642 DEBUG SQL:104 - 
    delete 
    from
        DataPoint 
    where
        id=?
14:11:34,650 DEBUG SQL:104 - 
    delete 
    from
        DataPoint 
    where
        id=?
14:11:34,650 DEBUG SQL:104 - 
    delete 
    from
        DataPoint 
    where
        id=?
14:11:34,650 DEBUG SQL:104 - 
    delete 
    from
        DataPoint 
    where
        id=?
14:11:34,650 DEBUG SQL:104 - 
    delete 
    from
        DataPoint 
    where
        id=?
14:11:34,650 DEBUG SQL:104 - 
    delete 
    from
        DataPoint 
    where
        id=?
14:11:34,695 DEBUG SQL:104 - 
    delete 
    from
        DataPoint 
    where
        id=?
14:11:34,696 DEBUG SQL:104 - 
    delete 
    from
        DataPoint 
    where
        id=?
14:11:34,703 DEBUG SQL:104 - 
    delete 
    from
        DataPoint 
    where
        id=?
14:11:34,703 DEBUG SQL:104 - 
    delete 
    from
        DataPoint 
    where
        id=?
14:11:34,703 DEBUG SQL:104 - 
    delete 
    from
        DataPoint 
    where
        id=?
14:11:34,703 DEBUG SQL:104 - 
    delete 
    from
        DataPoint 
    where
        id=?
14:11:34,703 DEBUG SQL:104 - 
    delete 
    from
        DataPoint 
    where
        id=?
14:11:34,707 DEBUG SQL:104 - 
    delete 
    from
        DataPoint 
    where
        id=?
14:11:34,707 DEBUG SQL:104 - 
    delete 
    from
        DataPoint 
    where
        id=?
14:11:34,707 DEBUG SQL:104 - 
    delete 
    from
        DataPoint 
    where
        id=?
14:11:34,707 DEBUG SQL:104 - 
    delete 
    from
        DataPoint 
    where
        id=?
14:11:34,707 DEBUG SQL:104 - 
    delete 
    from
        DataPoint 
    where
        id=?
14:11:34,707 DEBUG SQL:104 - 
    delete 
    from
        DataPoint 
    where
        id=?
14:11:34,708 DEBUG SQL:104 - 
    delete 
    from
        DataPoint 
    where
        id=?
14:11:34,708 DEBUG SQL:104 - 
    delete 
    from
        DataPoint 
    where
        id=?
14:11:34,708 DEBUG SQL:104 - 
    delete 
    from
        DataPoint 
    where
        id=?
14:11:34,708 DEBUG SQL:104 - 
    delete 
    from
        DataPoint 
    where
        id=?
14:11:34,708 DEBUG SQL:104 - 
    delete 
    from
        DataPoint 
    where
        id=?
14:11:34,708 DEBUG SQL:104 - 
    delete 
    from
        DataPoint 
    where
        id=?
14:11:34,708 DEBUG SQL:104 - 
    delete 
    from
        DataPoint 
    where
        id=?
14:11:34,708 DEBUG SQL:104 - 
    delete 
    from
        DataPoint 
    where
        id=?
14:11:34,708 DEBUG SQL:104 - 
    delete 
    from
        DataPoint 
    where
        id=?
14:11:34,708 DEBUG SQL:104 - 
    delete 
    from
        DataPoint 
    where
        id=?
14:11:34,708 DEBUG SQL:104 - 
    delete 
    from
        DataPoint 
    where
        id=?
14:11:34,709 DEBUG SQL:104 - 
    delete 
    from
        DataPoint 
    where
        id=?
14:11:34,709 DEBUG SQL:104 - 
    delete 
    from
        DataPoint 
    where
        id=?
14:11:34,709 DEBUG SQL:104 - 
    delete 
    from
        DataPoint 
    where
        id=?
14:11:34,710 DEBUG SQL:104 - 
    delete 
    from
        DataPoint 
    where
        id=?
14:11:34,747 DEBUG SQL:104 - 
    delete 
    from
        DataPoint 
    where
        id=?
14:11:34,747 DEBUG SQL:104 - 
    delete 
    from
        DataPoint 
    where
        id=?
14:11:34,747 DEBUG SQL:104 - 
    delete 
    from
        DataPoint 
    where
        id=?
14:11:34,747 DEBUG SQL:104 - 
    delete 
    from
        DataPoint 
    where
        id=?
14:11:34,747 DEBUG SQL:104 - 
    delete 
    from
        DataPoint 
    where
        id=?
14:11:34,747 DEBUG SQL:104 - 
    delete 
    from
        DataPoint 
    where
        id=?
14:11:34,747 DEBUG SQL:104 - 
    delete 
    from
        DataPoint 
    where
        id=?
14:11:34,748 DEBUG SQL:104 - 
    delete 
    from
        DataPoint 
    where
        id=?
14:11:34,748 DEBUG SQL:104 - 
    delete 
    from
        DataPoint 
    where
        id=?
14:11:34,748 DEBUG SQL:104 - 
    delete 
    from
        DataPoint 
    where
        id=?
14:11:34,748 DEBUG SQL:104 - 
    delete 
    from
        DataPoint 
    where
        id=?
14:11:34,748 DEBUG SQL:104 - 
    delete 
    from
        DataPoint 
    where
        id=?
14:11:34,748 DEBUG SQL:104 - 
    delete 
    from
        DataPoint 
    where
        id=?
14:11:34,748 DEBUG SQL:104 - 
    delete 
    from
        DataPoint 
    where
        id=?
14:11:34,748 DEBUG SQL:104 - 
    delete 
    from
        DataPoint 
    where
        id=?
14:11:34,748 DEBUG SQL:104 - 
    delete 
    from
        DataPoint 
    where
        id=?
14:11:34,748 DEBUG SQL:104 - 
    delete 
    from
        DataPoint 
    where
        id=?
14:11:34,749 DEBUG SQL:104 - 
    delete 
    from
        DataPoint 
    where
        id=?
14:11:34,749 DEBUG SQL:104 - 
    delete 
    from
        DataPoint 
    where
        id=?
14:11:34,750 DEBUG SQL:104 - 
    delete 
    from
        DataPoint 
    where
        id=?
14:11:34,751 DEBUG SQL:104 - 
    delete 
    from
        DataPoint 
    where
        id=?
14:11:34,751 DEBUG SQL:104 - 
    delete 
    from
        DataPoint 
    where
        id=?
14:11:34,751 DEBUG SQL:104 - 
    delete 
    from
        DataPoint 
    where
        id=?
14:11:34,758 DEBUG SQL:104 - 
    delete 
    from
        DataPoint 
    where
        id=?
14:11:34,758 DEBUG SQL:104 - 
    delete 
    from
        DataPoint 
    where
        id=?
14:11:34,758 DEBUG SQL:104 - 
    delete 
    from
        DataPoint 
    where
        id=?
14:11:34,758 DEBUG SQL:104 - 
    delete 
    from
        DataPoint 
    where
        id=?
14:11:34,759 DEBUG SQL:104 - 
    delete 
    from
        DataPoint 
    where
        id=?
14:11:34,773 DEBUG SQL:104 - 
    delete 
    from
        DataPoint 
    where
        id=?
14:11:34,773 DEBUG SQL:104 - 
    delete 
    from
        DataPoint 
    where
        id=?
14:11:34,773 DEBUG SQL:104 - 
    delete 
    from
        DataPoint 
    where
        id=?
14:11:34,773 DEBUG SQL:104 - 
    delete 
    from
        DataPoint 
    where
        id=?
14:11:34,773 DEBUG SQL:104 - 
    delete 
    from
        DataPoint 
    where
        id=?
14:11:34,781 DEBUG SQL:104 - 
    delete 
    from
        DataPoint 
    where
        id=?
14:11:34,781 DEBUG SQL:104 - 
    delete 
    from
        DataPoint 
    where
        id=?
14:11:34,782 DEBUG SQL:104 - 
    delete 
    from
        DataPoint 
    where
        id=?
14:11:34,782 DEBUG SQL:104 - 
    delete 
    from
        DataPoint 
    where
        id=?
14:11:34,782 DEBUG SQL:104 - 
    delete 
    from
        DataPoint 
    where
        id=?
14:11:34,782 DEBUG SQL:104 - 
    delete 
    from
        DataPoint 
    where
        id=?
14:11:34,784 DEBUG SQL:104 - 
    delete 
    from
        DataPoint 
    where
        id=?
14:11:34,784 DEBUG SQL:104 - 
    delete 
    from
        DataPoint 
    where
        id=?
14:11:34,805 DEBUG SQL:104 - 
    delete 
    from
        DataPoint 
    where
        id=?
14:11:34,805 DEBUG SQL:104 - 
    delete 
    from
        DataPoint 
    where
        id=?
14:11:34,805 DEBUG SQL:104 - 
    delete 
    from
        DataPoint 
    where
        id=?
14:11:34,805 DEBUG SQL:104 - 
    delete 
    from
        DataPoint 
    where
        id=?
14:11:34,806 DEBUG SQL:104 - 
    delete 
    from
        DataPoint 
    where
        id=?
14:11:34,815 DEBUG SQL:104 - 
    delete 
    from
        DataPoint 
    where
        id=?
14:11:34,815 DEBUG SQL:104 - 
    delete 
    from
        DataPoint 
    where
        id=?
14:11:34,816 DEBUG SQL:104 - 
    delete 
    from
        DataPoint 
    where
        id=?
14:11:34,816 DEBUG SQL:104 - 
    delete 
    from
        DataPoint 
    where
        id=?
14:11:34,816 DEBUG SQL:104 - 
    delete 
    from
        DataPoint 
    where
        id=?
14:11:34,826 DEBUG SQL:104 - 
    delete 
    from
        DataPoint 
    where
        id=?
14:11:34,826 DEBUG SQL:104 - 
    delete 
    from
        DataPoint 
    where
        id=?
14:11:34,826 DEBUG SQL:104 - 
    delete 
    from
        DataPoint 
    where
        id=?
14:11:34,826 DEBUG SQL:104 - 
    delete 
    from
        DataPoint 
    where
        id=?
14:11:34,826 DEBUG SQL:104 - 
    delete 
    from
        DataPoint 
    where
        id=?
14:11:34,835 DEBUG SQL:104 - 
    delete 
    from
        DataPoint 
    where
        id=?
14:11:34,835 DEBUG SQL:104 - 
    delete 
    from
        DataPoint 
    where
        id=?
14:11:34,835 DEBUG SQL:104 - 
    delete 
    from
        DataPoint 
    where
        id=?
14:11:34,837 DEBUG SQL:104 - 
    delete 
    from
        DataPoint 
    where
        id=?
14:11:34,838 DEBUG SQL:104 - 
    delete 
    from
        DataPoint 
    where
        id=?
14:11:34,847 DEBUG SQL:104 - 
    delete 
    from
        DataPoint 
    where
        id=?
14:11:34,847 DEBUG SQL:104 - 
    delete 
    from
        DataPoint 
    where
        id=?
14:11:34,847 DEBUG SQL:104 - 
    delete 
    from
        DataPoint 
    where
        id=?
14:11:34,847 DEBUG SQL:104 - 
    delete 
    from
        DataPoint 
    where
        id=?
14:11:34,847 DEBUG SQL:104 - 
    delete 
    from
        DataPoint 
    where
        id=?
14:11:34,848 DEBUG SQL:104 - 
    delete 
    from
        DataPoint 
    where
        id=?
14:11:34,858 DEBUG SQL:104 - 
    delete 
    from
        DataPoint 
    where
        id=?
14:11:34,858 DEBUG SQL:104 - 
    delete 
    from
        DataPoint 
    where
        id=?
14:11:34,858 DEBUG SQL:104 - 
    delete 
    from
        DataPoint 
    where
        id=?
14:11:34,858 DEBUG SQL:104 - 
    delete 
    from
        DataPoint 
    where
        id=?
14:11:34,858 DEBUG SQL:104 - 
    delete 
    from
        DataPoint 
    where
        id=?
14:11:34,868 DEBUG SQL:104 - 
    delete 
    from
        DataPoint 
    where
        id=?
14:11:34,868 DEBUG SQL:104 - 
    delete 
    from
        DataPoint 
    where
        id=?
14:11:34,868 DEBUG SQL:104 - 
    delete 
    from
        DataPoint 
    where
        id=?
14:11:34,869 DEBUG SQL:104 - 
    delete 
    from
        DataPoint 
    where
        id=?
14:11:34,869 DEBUG SQL:104 - 
    delete 
    from
        DataPoint 
    where
        id=?
14:11:34,880 DEBUG SQL:104 - 
    delete 
    from
        DataPoint 
    where
        id=?
14:11:34,881 DEBUG SQL:104 - 
    delete 
    from
        DataPoint 
    where
        id=?
14:11:34,882 DEBUG SQL:104 - 
    delete 
    from
        DataPoint 
    where
        id=?
14:11:34,883 DEBUG SQL:104 - 
    delete 
    from
        DataPoint 
    where
        id=?
14:11:34,883 DEBUG SQL:104 - 
    delete 
    from
        DataPoint 
    where
        id=?
14:11:34,883 DEBUG SQL:104 - 
    delete 
    from
        DataPoint 
    where
        id=?
14:11:34,883 DEBUG SQL:104 - 
    delete 
    from
        DataPoint 
    where
        id=?
14:11:34,883 DEBUG SQL:104 - 
    delete 
    from
        DataPoint 
    where
        id=?
14:11:34,883 DEBUG SQL:104 - 
    delete 
    from
        DataPoint 
    where
        id=?
14:11:34,883 DEBUG SQL:104 - 
    delete 
    from
        DataPoint 
    where
        id=?
14:11:34,894 DEBUG SQL:104 - 
    delete 
    from
        DataPoint 
    where
        id=?
14:11:34,894 DEBUG SQL:104 - 
    delete 
    from
        DataPoint 
    where
        id=?
14:11:34,894 DEBUG SQL:104 - 
    delete 
    from
        DataPoint 
    where
        id=?
14:11:34,894 DEBUG SQL:104 - 
    delete 
    from
        DataPoint 
    where
        id=?
14:11:34,894 DEBUG SQL:104 - 
    delete 
    from
        DataPoint 
    where
        id=?
14:11:34,903 DEBUG SQL:104 - 
    delete 
    from
        DataPoint 
    where
        id=?
14:11:34,903 DEBUG SQL:104 - 
    delete 
    from
        DataPoint 
    where
        id=?
14:11:34,903 DEBUG SQL:104 - 
    delete 
    from
        DataPoint 
    where
        id=?
14:11:34,904 DEBUG SQL:104 - 
    delete 
    from
        DataPoint 
    where
        id=?
14:11:34,904 DEBUG SQL:104 - 
    delete 
    from
        DataPoint 
    where
        id=?
14:11:34,904 DEBUG SQL:104 - 
    delete 
    from
        DataPoint 
    where
        id=?
14:11:34,904 DEBUG SQL:104 - 
    delete 
    from
        DataPoint 
    where
        id=?
14:11:34,905 DEBUG SQL:104 - 
    delete 
    from
        DataPoint 
    where
        id=?
14:11:34,927 DEBUG SQL:104 - 
    delete 
    from
        DataPoint 
    where
        id=?
14:11:34,927 DEBUG SQL:104 - 
    delete 
    from
        DataPoint 
    where
        id=?
14:11:34,927 DEBUG SQL:104 - 
    delete 
    from
        DataPoint 
    where
        id=?
14:11:34,927 DEBUG SQL:104 - 
    delete 
    from
        DataPoint 
    where
        id=?
14:11:34,927 DEBUG SQL:104 - 
    delete 
    from
        DataPoint 
    where
        id=?
14:11:34,937 DEBUG SQL:104 - 
    delete 
    from
        DataPoint 
    where
        id=?
14:11:34,937 DEBUG SQL:104 - 
    delete 
    from
        DataPoint 
    where
        id=?
14:11:34,937 DEBUG SQL:104 - 
    delete 
    from
        DataPoint 
    where
        id=?
14:11:34,937 DEBUG SQL:104 - 
    delete 
    from
        DataPoint 
    where
        id=?
14:11:34,938 DEBUG SQL:104 - 
    delete 
    from
        DataPoint 
    where
        id=?
14:11:34,947 DEBUG SQL:104 - 
    delete 
    from
        DataPoint 
    where
        id=?
14:11:34,947 DEBUG SQL:104 - 
    delete 
    from
        DataPoint 
    where
        id=?
14:11:34,948 DEBUG SQL:104 - 
    delete 
    from
        DataPoint 
    where
        id=?
14:11:34,948 DEBUG SQL:104 - 
    delete 
    from
        DataPoint 
    where
        id=?
14:11:34,948 DEBUG SQL:104 - 
    delete 
    from
        DataPoint 
    where
        id=?
14:11:34,957 DEBUG SQL:104 - 
    delete 
    from
        DataPoint 
    where
        id=?
14:11:34,957 DEBUG SQL:104 - 
    delete 
    from
        DataPoint 
    where
        id=?
14:11:34,957 DEBUG SQL:104 - 
    delete 
    from
        DataPoint 
    where
        id=?
14:11:34,958 DEBUG SQL:104 - 
    delete 
    from
        DataPoint 
    where
        id=?
14:11:34,959 DEBUG SQL:104 - 
    delete 
    from
        DataPoint 
    where
        id=?
14:11:34,968 DEBUG SQL:104 - 
    delete 
    from
        DataPoint 
    where
        id=?
14:11:34,968 DEBUG SQL:104 - 
    delete 
    from
        DataPoint 
    where
        id=?
14:11:34,968 DEBUG SQL:104 - 
    delete 
    from
        DataPoint 
    where
        id=?
14:11:34,968 DEBUG SQL:104 - 
    delete 
    from
        DataPoint 
    where
        id=?
14:11:34,968 DEBUG SQL:104 - 
    delete 
    from
        DataPoint 
    where
        id=?
14:11:34,977 DEBUG SQL:104 - 
    delete 
    from
        DataPoint 
    where
        id=?
14:11:34,977 DEBUG SQL:104 - 
    delete 
    from
        DataPoint 
    where
        id=?
14:11:34,978 DEBUG SQL:104 - 
    delete 
    from
        DataPoint 
    where
        id=?
14:11:34,978 DEBUG SQL:104 - 
    delete 
    from
        DataPoint 
    where
        id=?
14:11:34,978 DEBUG SQL:104 - 
    delete 
    from
        DataPoint 
    where
        id=?
14:11:34,992 DEBUG SQL:104 - 
    delete 
    from
        DataPoint 
    where
        id=?
14:11:34,992 DEBUG SQL:104 - 
    delete 
    from
        DataPoint 
    where
        id=?
14:11:34,992 DEBUG SQL:104 - 
    delete 
    from
        DataPoint 
    where
        id=?
14:11:34,992 DEBUG SQL:104 - 
    delete 
    from
        DataPoint 
    where
        id=?
14:11:34,993 DEBUG SQL:104 - 
    delete 
    from
        DataPoint 
    where
        id=?
14:11:34,998 DEBUG SQL:104 - 
    delete 
    from
        DataPoint 
    where
        id=?
14:11:34,998 DEBUG SQL:104 - 
    delete 
    from
        DataPoint 
    where
        id=?
14:11:34,998 DEBUG SQL:104 - 
    delete 
    from
        DataPoint 
    where
        id=?
14:11:34,999 DEBUG SQL:104 - 
    delete 
    from
        DataPoint 
    where
        id=?
14:11:35,000 DEBUG SQL:104 - 
    delete 
    from
        DataPoint 
    where
        id=?
14:11:35,001 DEBUG SQL:104 - 
    delete 
    from
        DataPoint 
    where
        id=?
14:11:35,009 DEBUG SQL:104 - 
    delete 
    from
        DataPoint 
    where
        id=?
14:11:35,009 DEBUG SQL:104 - 
    delete 
    from
        DataPoint 
    where
        id=?
14:11:35,009 DEBUG SQL:104 - 
    delete 
    from
        DataPoint 
    where
        id=?
14:11:35,009 DEBUG SQL:104 - 
    delete 
    from
        DataPoint 
    where
        id=?
14:11:35,010 DEBUG SQL:104 - 
    delete 
    from
        DataPoint 
    where
        id=?
14:11:35,010 DEBUG SQL:104 - 
    delete 
    from
        DataPoint 
    where
        id=?
14:11:35,010 DEBUG SQL:104 - 
    delete 
    from
        DataPoint 
    where
        id=?
14:11:35,010 DEBUG SQL:104 - 
    delete 
    from
        DataPoint 
    where
        id=?
14:11:35,010 DEBUG SQL:104 - 
    delete 
    from
        DataPoint 
    where
        id=?
14:11:35,010 DEBUG SQL:104 - 
    delete 
    from
        DataPoint 
    where
        id=?
14:11:35,023 DEBUG SQL:104 - 
    delete 
    from
        DataPoint 
    where
        id=?
14:11:35,023 DEBUG SQL:104 - 
    delete 
    from
        DataPoint 
    where
        id=?
14:11:35,023 DEBUG SQL:104 - 
    delete 
    from
        DataPoint 
    where
        id=?
14:11:35,023 DEBUG SQL:104 - 
    delete 
    from
        DataPoint 
    where
        id=?
14:11:35,023 DEBUG SQL:104 - 
    delete 
    from
        DataPoint 
    where
        id=?
14:11:35,032 DEBUG SQL:104 - 
    delete 
    from
        DataPoint 
    where
        id=?
14:11:35,033 DEBUG SQL:104 - 
    delete 
    from
        DataPoint 
    where
        id=?
14:11:35,033 DEBUG SQL:104 - 
    delete 
    from
        DataPoint 
    where
        id=?
14:11:35,034 DEBUG SQL:104 - 
    delete 
    from
        DataPoint 
    where
        id=?
14:11:35,035 DEBUG SQL:104 - 
    delete 
    from
        DataPoint 
    where
        id=?
14:11:35,048 DEBUG SQL:104 - 
    delete 
    from
        DataPoint 
    where
        id=?
14:11:35,048 DEBUG SQL:104 - 
    delete 
    from
        DataPoint 
    where
        id=?
14:11:35,048 DEBUG SQL:104 - 
    delete 
    from
        DataPoint 
    where
        id=?
14:11:35,144 DEBUG SQL:104 - 
    delete 
    from
        DataPoint 
    where
        id=?
14:11:35,144 DEBUG SQL:104 - 
    delete 
    from
        DataPoint 
    where
        id=?
14:11:35,147 DEBUG SQL:104 - 
    delete 
    from
        DataPoint 
    where
        id=?
14:11:35,147 DEBUG SQL:104 - 
    delete 
    from
        DataPoint 
    where
        id=?
14:11:35,147 DEBUG SQL:104 - 
    delete 
    from
        DataPoint 
    where
        id=?
14:11:35,147 DEBUG SQL:104 - 
    delete 
    from
        DataPoint 
    where
        id=?
14:11:35,147 DEBUG SQL:104 - 
    delete 
    from
        DataPoint 
    where
        id=?
14:11:35,147 DEBUG SQL:104 - 
    delete 
    from
        DataPoint 
    where
        id=?
14:11:35,147 DEBUG SQL:104 - 
    delete 
    from
        DataPoint 
    where
        id=?
14:11:35,147 DEBUG SQL:104 - 
    delete 
    from
        DataPoint 
    where
        id=?
14:11:35,148 DEBUG SQL:104 - 
    delete 
    from
        DataPoint 
    where
        id=?
14:11:35,148 DEBUG SQL:104 - 
    delete 
    from
        DataPoint 
    where
        id=?
14:11:35,148 DEBUG SQL:104 - 
    delete 
    from
        DataPoint 
    where
        id=?
14:11:35,148 DEBUG SQL:104 - 
    delete 
    from
        DataPoint 
    where
        id=?
14:11:35,148 DEBUG SQL:104 - 
    delete 
    from
        DataPoint 
    where
        id=?
14:11:35,161 DEBUG SQL:104 - 
    delete 
    from
        DataPoint 
    where
        id=?
14:11:35,162 DEBUG SQL:104 - 
    delete 
    from
        DataPoint 
    where
        id=?
14:11:35,162 DEBUG SQL:104 - 
    delete 
    from
        DataPoint 
    where
        id=?
14:11:35,162 DEBUG SQL:104 - 
    delete 
    from
        DataPoint 
    where
        id=?
14:11:35,162 DEBUG SQL:104 - 
    delete 
    from
        DataPoint 
    where
        id=?
14:11:35,162 DEBUG SQL:104 - 
    delete 
    from
        DataPoint 
    where
        id=?
14:11:35,162 DEBUG SQL:104 - 
    delete 
    from
        DataPoint 
    where
        id=?
14:11:35,162 DEBUG SQL:104 - 
    delete 
    from
        DataPoint 
    where
        id=?
14:11:35,162 DEBUG SQL:104 - 
    delete 
    from
        DataPoint 
    where
        id=?
14:11:35,162 DEBUG SQL:104 - 
    delete 
    from
        DataPoint 
    where
        id=?
14:11:35,162 DEBUG SQL:104 - 
    delete 
    from
        DataPoint 
    where
        id=?
14:11:35,163 DEBUG SQL:104 - 
    delete 
    from
        DataPoint 
    where
        id=?
14:11:35,163 DEBUG SQL:104 - 
    delete 
    from
        DataPoint 
    where
        id=?
14:11:35,163 DEBUG SQL:104 - 
    delete 
    from
        DataPoint 
    where
        id=?
14:11:35,163 DEBUG SQL:104 - 
    delete 
    from
        DataPoint 
    where
        id=?
14:11:35,163 DEBUG SQL:104 - 
    delete 
    from
        DataPoint 
    where
        id=?
14:11:35,163 DEBUG SQL:104 - 
    delete 
    from
        DataPoint 
    where
        id=?
14:11:35,163 DEBUG SQL:104 - 
    delete 
    from
        DataPoint 
    where
        id=?
14:11:35,163 DEBUG SQL:104 - 
    delete 
    from
        DataPoint 
    where
        id=?
14:11:35,163 DEBUG SQL:104 - 
    delete 
    from
        DataPoint 
    where
        id=?
14:11:35,165 DEBUG SQL:104 - 
    delete 
    from
        DataPoint 
    where
        id=?
14:11:35,165 DEBUG SQL:104 - 
    delete 
    from
        DataPoint 
    where
        id=?
14:11:35,165 DEBUG SQL:104 - 
    delete 
    from
        DataPoint 
    where
        id=?
14:11:35,165 DEBUG SQL:104 - 
    delete 
    from
        DataPoint 
    where
        id=?
14:11:35,165 DEBUG SQL:104 - 
    delete 
    from
        DataPoint 
    where
        id=?
14:11:35,171 DEBUG SQL:104 - 
    delete 
    from
        DataPoint 
    where
        id=?
14:11:35,172 DEBUG SQL:104 - 
    delete 
    from
        DataPoint 
    where
        id=?
14:11:35,172 DEBUG SQL:104 - 
    delete 
    from
        DataPoint 
    where
        id=?
14:11:35,172 DEBUG SQL:104 - 
    delete 
    from
        DataPoint 
    where
        id=?
14:11:35,172 DEBUG SQL:104 - 
    delete 
    from
        DataPoint 
    where
        id=?
14:11:35,172 DEBUG SQL:104 - 
    delete 
    from
        DataPoint 
    where
        id=?
14:11:35,183 DEBUG SQL:104 - 
    delete 
    from
        DataPoint 
    where
        id=?
14:11:35,183 DEBUG SQL:104 - 
    delete 
    from
        DataPoint 
    where
        id=?
14:11:35,183 DEBUG SQL:104 - 
    delete 
    from
        DataPoint 
    where
        id=?
14:11:35,183 DEBUG SQL:104 - 
    delete 
    from
        DataPoint 
    where
        id=?
14:11:35,183 DEBUG SQL:104 - 
    delete 
    from
        DataPoint 
    where
        id=?
14:11:35,184 DEBUG SQL:104 - 
    delete 
    from
        DataPoint 
    where
        id=?
14:11:35,184 DEBUG SQL:104 - 
    delete 
    from
        DataPoint 
    where
        id=?
14:11:35,207 DEBUG SQL:104 - 
    delete 
    from
        DataPoint 
    where
        id=?
14:11:35,208 DEBUG SQL:104 - 
    delete 
    from
        DataPoint 
    where
        id=?
14:11:35,209 DEBUG SQL:104 - 
    delete 
    from
        DataPoint 
    where
        id=?
14:11:35,209 DEBUG SQL:104 - 
    delete 
    from
        DataPoint 
    where
        id=?
14:11:35,210 DEBUG SQL:104 - 
    delete 
    from
        DataPoint 
    where
        id=?
14:11:35,222 DEBUG SQL:104 - 
    delete 
    from
        DataPoint 
    where
        id=?
14:11:35,222 DEBUG SQL:104 - 
    delete 
    from
        DataPoint 
    where
        id=?
14:11:35,222 DEBUG SQL:104 - 
    delete 
    from
        DataPoint 
    where
        id=?
14:11:35,222 DEBUG SQL:104 - 
    delete 
    from
        DataPoint 
    where
        id=?
14:11:35,222 DEBUG SQL:104 - 
    delete 
    from
        DataPoint 
    where
        id=?
14:11:35,222 DEBUG SQL:104 - 
    delete 
    from
        DataPoint 
    where
        id=?
14:11:35,223 DEBUG SQL:104 - 
    delete 
    from
        DataPoint 
    where
        id=?
14:11:35,223 DEBUG SQL:104 - 
    delete 
    from
        DataPoint 
    where
        id=?
14:11:35,223 DEBUG SQL:104 - 
    delete 
    from
        DataPoint 
    where
        id=?
14:11:35,223 DEBUG SQL:104 - 
    delete 
    from
        DataPoint 
    where
        id=?
14:11:35,223 DEBUG SQL:104 - 
    delete 
    from
        DataPoint 
    where
        id=?
14:11:35,223 DEBUG SQL:104 - 
    delete 
    from
        DataPoint 
    where
        id=?
14:11:35,223 DEBUG SQL:104 - 
    delete 
    from
        DataPoint 
    where
        id=?
14:11:35,244 DEBUG SQL:104 - 
    delete 
    from
        DataPoint 
    where
        id=?
14:11:35,244 DEBUG SQL:104 - 
    delete 
    from
        DataPoint 
    where
        id=?
14:11:35,244 DEBUG SQL:104 - 
    delete 
    from
        DataPoint 
    where
        id=?
14:11:35,245 DEBUG SQL:104 - 
    delete 
    from
        DataPoint 
    where
        id=?
14:11:35,246 DEBUG SQL:104 - 
    delete 
    from
        DataPoint 
    where
        id=?
14:11:35,257 DEBUG SQL:104 - 
    delete 
    from
        DataPoint 
    where
        id=?
14:11:35,257 DEBUG SQL:104 - 
    delete 
    from
        DataPoint 
    where
        id=?
14:11:35,258 DEBUG SQL:104 - 
    delete 
    from
        DataPoint 
    where
        id=?
14:11:35,258 DEBUG SQL:104 - 
    delete 
    from
        DataPoint 
    where
        id=?
14:11:35,258 DEBUG SQL:104 - 
    delete 
    from
        DataPoint 
    where
        id=?
14:11:35,265 DEBUG SQL:104 - 
    delete 
    from
        DataPoint 
    where
        id=?
14:11:35,266 DEBUG SQL:104 - 
    delete 
    from
        DataPoint 
    where
        id=?
14:11:35,266 DEBUG SQL:104 - 
    delete 
    from
        DataPoint 
    where
        id=?
14:11:35,266 DEBUG SQL:104 - 
    delete 
    from
        DataPoint 
    where
        id=?
14:11:35,266 DEBUG SQL:104 - 
    delete 
    from
        DataPoint 
    where
        id=?
14:11:35,276 DEBUG SQL:104 - 
    delete 
    from
        DataPoint 
    where
        id=?
14:11:35,277 DEBUG SQL:104 - 
    delete 
    from
        DataPoint 
    where
        id=?
14:11:35,277 DEBUG SQL:104 - 
    delete 
    from
        DataPoint 
    where
        id=?
14:11:35,277 DEBUG SQL:104 - 
    delete 
    from
        DataPoint 
    where
        id=?
14:11:35,277 DEBUG SQL:104 - 
    delete 
    from
        DataPoint 
    where
        id=?
14:11:35,287 DEBUG SQL:104 - 
    delete 
    from
        DataPoint 
    where
        id=?
14:11:35,288 DEBUG SQL:104 - 
    delete 
    from
        DataPoint 
    where
        id=?
14:11:35,288 DEBUG SQL:104 - 
    delete 
    from
        DataPoint 
    where
        id=?
14:11:35,288 DEBUG SQL:104 - 
    delete 
    from
        DataPoint 
    where
        id=?
14:11:35,290 DEBUG SQL:104 - 
    delete 
    from
        DataPoint 
    where
        id=?
14:11:35,291 DEBUG SQL:104 - 
    delete 
    from
        DataPoint 
    where
        id=?
14:11:35,291 DEBUG SQL:104 - 
    delete 
    from
        DataPoint 
    where
        id=?
14:11:35,291 DEBUG SQL:104 - 
    delete 
    from
        DataPoint 
    where
        id=?
14:11:35,291 DEBUG SQL:104 - 
    delete 
    from
        DataPoint 
    where
        id=?
14:11:35,291 DEBUG SQL:104 - 
    delete 
    from
        DataPoint 
    where
        id=?
14:11:35,304 DEBUG SQL:104 - 
    delete 
    from
        DataPoint 
    where
        id=?
14:11:35,304 DEBUG SQL:104 - 
    delete 
    from
        DataPoint 
    where
        id=?
14:11:35,304 DEBUG SQL:104 - 
    delete 
    from
        DataPoint 
    where
        id=?
14:11:35,304 DEBUG SQL:104 - 
    delete 
    from
        DataPoint 
    where
        id=?
14:11:35,304 DEBUG SQL:104 - 
    delete 
    from
        DataPoint 
    where
        id=?
14:11:35,304 DEBUG SQL:104 - 
    delete 
    from
        DataPoint 
    where
        id=?
14:11:35,314 DEBUG SQL:104 - 
    delete 
    from
        DataPoint 
    where
        id=?
14:11:35,314 DEBUG SQL:104 - 
    delete 
    from
        DataPoint 
    where
        id=?
14:11:35,314 DEBUG SQL:104 - 
    delete 
    from
        DataPoint 
    where
        id=?
14:11:35,314 DEBUG SQL:104 - 
    delete 
    from
        DataPoint 
    where
        id=?
14:11:35,315 DEBUG SQL:104 - 
    delete 
    from
        DataPoint 
    where
        id=?
14:11:35,315 DEBUG SQL:104 - 
    delete 
    from
        DataPoint 
    where
        id=?
14:11:35,315 DEBUG SQL:104 - 
    delete 
    from
        DataPoint 
    where
        id=?
14:11:35,338 DEBUG SQL:104 - 
    delete 
    from
        DataPoint 
    where
        id=?
14:11:35,340 DEBUG SQL:104 - 
    delete 
    from
        DataPoint 
    where
        id=?
14:11:35,340 DEBUG SQL:104 - 
    delete 
    from
        DataPoint 
    where
        id=?
14:11:35,340 DEBUG SQL:104 - 
    delete 
    from
        DataPoint 
    where
        id=?
14:11:35,340 DEBUG SQL:104 - 
    delete 
    from
        DataPoint 
    where
        id=?
14:11:35,348 DEBUG SQL:104 - 
    delete 
    from
        DataPoint 
    where
        id=?
14:11:35,348 DEBUG SQL:104 - 
    delete 
    from
        DataPoint 
    where
        id=?
14:11:35,348 DEBUG SQL:104 - 
    delete 
    from
        DataPoint 
    where
        id=?
14:11:35,349 DEBUG SQL:104 - 
    delete 
    from
        DataPoint 
    where
        id=?
14:11:35,349 DEBUG SQL:104 - 
    delete 
    from
        DataPoint 
    where
        id=?
14:11:35,358 DEBUG SQL:104 - 
    delete 
    from
        DataPoint 
    where
        id=?
14:11:35,358 DEBUG SQL:104 - 
    delete 
    from
        DataPoint 
    where
        id=?
14:11:35,359 DEBUG SQL:104 - 
    delete 
    from
        DataPoint 
    where
        id=?
14:11:35,359 DEBUG SQL:104 - 
    delete 
    from
        DataPoint 
    where
        id=?
14:11:35,359 DEBUG SQL:104 - 
    delete 
    from
        DataPoint 
    where
        id=?
14:11:35,359 DEBUG SQL:104 - 
    delete 
    from
        DataPoint 
    where
        id=?
14:11:35,370 DEBUG SQL:104 - 
    delete 
    from
        DataPoint 
    where
        id=?
14:11:35,370 DEBUG SQL:104 - 
    delete 
    from
        DataPoint 
    where
        id=?
14:11:35,370 DEBUG SQL:104 - 
    delete 
    from
        DataPoint 
    where
        id=?
14:11:35,370 DEBUG SQL:104 - 
    delete 
    from
        DataPoint 
    where
        id=?
14:11:35,370 DEBUG SQL:104 - 
    delete 
    from
        DataPoint 
    where
        id=?
14:11:35,382 DEBUG SQL:104 - 
    delete 
    from
        DataPoint 
    where
        id=?
14:11:35,382 DEBUG SQL:104 - 
    delete 
    from
        DataPoint 
    where
        id=?
14:11:35,382 DEBUG SQL:104 - 
    delete 
    from
        DataPoint 
    where
        id=?
14:11:35,382 DEBUG SQL:104 - 
    delete 
    from
        DataPoint 
    where
        id=?
14:11:35,382 DEBUG SQL:104 - 
    delete 
    from
        DataPoint 
    where
        id=?
14:11:35,390 DEBUG SQL:104 - 
    delete 
    from
        DataPoint 
    where
        id=?
14:11:35,391 DEBUG SQL:104 - 
    delete 
    from
        DataPoint 
    where
        id=?
14:11:35,391 DEBUG SQL:104 - 
    delete 
    from
        DataPoint 
    where
        id=?
14:11:35,391 DEBUG SQL:104 - 
    delete 
    from
        DataPoint 
    where
        id=?
14:11:35,391 DEBUG SQL:104 - 
    delete 
    from
        DataPoint 
    where
        id=?
14:11:35,402 DEBUG SQL:104 - 
    delete 
    from
        DataPoint 
    where
        id=?
14:11:35,402 DEBUG SQL:104 - 
    delete 
    from
        DataPoint 
    where
        id=?
14:11:35,403 DEBUG SQL:104 - 
    delete 
    from
        DataPoint 
    where
        id=?
14:11:35,403 DEBUG SQL:104 - 
    delete 
    from
        DataPoint 
    where
        id=?
14:11:35,403 DEBUG SQL:104 - 
    delete 
    from
        DataPoint 
    where
        id=?
14:11:35,414 DEBUG SQL:104 - 
    delete 
    from
        DataPoint 
    where
        id=?
14:11:35,414 DEBUG SQL:104 - 
    delete 
    from
        DataPoint 
    where
        id=?
14:11:35,414 DEBUG SQL:104 - 
    delete 
    from
        DataPoint 
    where
        id=?
14:11:35,414 DEBUG SQL:104 - 
    delete 
    from
        DataPoint 
    where
        id=?
14:11:35,414 DEBUG SQL:104 - 
    delete 
    from
        DataPoint 
    where
        id=?
14:11:35,416 DEBUG SQL:104 - 
    delete 
    from
        DataPoint 
    where
        id=?
14:11:35,416 DEBUG SQL:104 - 
    delete 
    from
        DataPoint 
    where
        id=?
14:11:35,416 DEBUG SQL:104 - 
    delete 
    from
        DataPoint 
    where
        id=?
14:11:35,416 DEBUG SQL:104 - 
    delete 
    from
        DataPoint 
    where
        id=?
14:11:35,417 DEBUG SQL:104 - 
    delete 
    from
        DataPoint 
    where
        id=?
14:11:35,428 DEBUG SQL:104 - 
    delete 
    from
        DataPoint 
    where
        id=?
14:11:35,428 DEBUG SQL:104 - 
    delete 
    from
        DataPoint 
    where
        id=?
14:11:35,428 DEBUG SQL:104 - 
    delete 
    from
        DataPoint 
    where
        id=?
14:11:35,428 DEBUG SQL:104 - 
    delete 
    from
        DataPoint 
    where
        id=?
14:11:35,429 DEBUG SQL:104 - 
    delete 
    from
        DataPoint 
    where
        id=?
14:11:35,439 DEBUG SQL:104 - 
    delete 
    from
        DataPoint 
    where
        id=?
14:11:35,439 DEBUG SQL:104 - 
    delete 
    from
        DataPoint 
    where
        id=?
14:11:35,439 DEBUG SQL:104 - 
    delete 
    from
        DataPoint 
    where
        id=?
14:11:35,440 DEBUG SQL:104 - 
    delete 
    from
        DataPoint 
    where
        id=?
14:11:35,440 DEBUG SQL:104 - 
    delete 
    from
        DataPoint 
    where
        id=?
14:11:35,440 DEBUG SQL:104 - 
    delete 
    from
        DataPoint 
    where
        id=?
14:11:35,440 DEBUG SQL:104 - 
    delete 
    from
        DataPoint 
    where
        id=?
14:11:35,440 DEBUG SQL:104 - 
    delete 
    from
        DataPoint 
    where
        id=?
14:11:35,466 DEBUG SQL:104 - 
    delete 
    from
        DataPoint 
    where
        id=?
14:11:35,466 DEBUG SQL:104 - 
    delete 
    from
        DataPoint 
    where
        id=?
14:11:35,468 DEBUG SQL:104 - 
    delete 
    from
        DataPoint 
    where
        id=?
14:11:35,468 DEBUG SQL:104 - 
    delete 
    from
        DataPoint 
    where
        id=?
14:11:35,468 DEBUG SQL:104 - 
    delete 
    from
        DataPoint 
    where
        id=?
14:11:35,476 DEBUG SQL:104 - 
    delete 
    from
        DataPoint 
    where
        id=?
14:11:35,476 DEBUG SQL:104 - 
    delete 
    from
        DataPoint 
    where
        id=?
14:11:35,477 DEBUG SQL:104 - 
    delete 
    from
        DataPoint 
    where
        id=?
14:11:35,477 DEBUG SQL:104 - 
    delete 
    from
        DataPoint 
    where
        id=?
14:11:35,477 DEBUG SQL:104 - 
    delete 
    from
        DataPoint 
    where
        id=?
14:11:35,488 DEBUG SQL:104 - 
    delete 
    from
        DataPoint 
    where
        id=?
14:11:35,488 DEBUG SQL:104 - 
    delete 
    from
        DataPoint 
    where
        id=?
14:11:35,488 DEBUG SQL:104 - 
    delete 
    from
        DataPoint 
    where
        id=?
14:11:35,488 DEBUG SQL:104 - 
    delete 
    from
        DataPoint 
    where
        id=?
14:11:35,488 DEBUG SQL:104 - 
    delete 
    from
        DataPoint 
    where
        id=?
14:11:35,497 DEBUG SQL:104 - 
    delete 
    from
        DataPoint 
    where
        id=?
14:11:35,497 DEBUG SQL:104 - 
    delete 
    from
        DataPoint 
    where
        id=?
14:11:35,497 DEBUG SQL:104 - 
    delete 
    from
        DataPoint 
    where
        id=?
14:11:35,497 DEBUG SQL:104 - 
    delete 
    from
        DataPoint 
    where
        id=?
14:11:35,497 DEBUG SQL:104 - 
    delete 
    from
        DataPoint 
    where
        id=?
14:11:35,506 DEBUG SQL:104 - 
    delete 
    from
        DataPoint 
    where
        id=?
14:11:35,506 DEBUG SQL:104 - 
    delete 
    from
        DataPoint 
    where
        id=?
14:11:35,508 DEBUG SQL:104 - 
    delete 
    from
        DataPoint 
    where
        id=?
14:11:35,508 DEBUG SQL:104 - 
    delete 
    from
        DataPoint 
    where
        id=?
14:11:35,508 DEBUG SQL:104 - 
    delete 
    from
        DataPoint 
    where
        id=?
14:11:35,516 DEBUG SQL:104 - 
    delete 
    from
        DataPoint 
    where
        id=?
14:11:35,516 DEBUG SQL:104 - 
    delete 
    from
        DataPoint 
    where
        id=?
14:11:35,516 DEBUG SQL:104 - 
    delete 
    from
        DataPoint 
    where
        id=?
14:11:35,516 DEBUG SQL:104 - 
    delete 
    from
        DataPoint 
    where
        id=?
14:11:35,516 DEBUG SQL:104 - 
    delete 
    from
        DataPoint 
    where
        id=?
14:11:35,516 DEBUG SQL:104 - 
    delete 
    from
        DataPoint 
    where
        id=?
14:11:35,526 DEBUG SQL:104 - 
    delete 
    from
        DataPoint 
    where
        id=?
14:11:35,526 DEBUG SQL:104 - 
    delete 
    from
        DataPoint 
    where
        id=?
14:11:35,526 DEBUG SQL:104 - 
    delete 
    from
        DataPoint 
    where
        id=?
14:11:35,526 DEBUG SQL:104 - 
    delete 
    from
        DataPoint 
    where
        id=?
14:11:35,526 DEBUG SQL:104 - 
    delete 
    from
        DataPoint 
    where
        id=?
14:11:35,536 DEBUG SQL:104 - 
    delete 
    from
        DataPoint 
    where
        id=?
14:11:35,536 DEBUG SQL:104 - 
    delete 
    from
        DataPoint 
    where
        id=?
14:11:35,536 DEBUG SQL:104 - 
    delete 
    from
        DataPoint 
    where
        id=?
14:11:35,536 DEBUG SQL:104 - 
    delete 
    from
        DataPoint 
    where
        id=?
14:11:35,538 DEBUG SQL:104 - 
    delete 
    from
        DataPoint 
    where
        id=?
14:11:35,538 DEBUG SQL:104 - 
    delete 
    from
        DataPoint 
    where
        id=?
14:11:35,539 DEBUG SQL:104 - 
    delete 
    from
        DataPoint 
    where
        id=?
14:11:35,539 DEBUG SQL:104 - 
    delete 
    from
        DataPoint 
    where
        id=?
14:11:35,540 DEBUG SQL:104 - 
    delete 
    from
        DataPoint 
    where
        id=?
14:11:35,540 DEBUG SQL:104 - 
    delete 
    from
        DataPoint 
    where
        id=?
14:11:35,551 DEBUG SQL:104 - 
    delete 
    from
        DataPoint 
    where
        id=?
14:11:35,551 DEBUG SQL:104 - 
    delete 
    from
        DataPoint 
    where
        id=?
14:11:35,551 DEBUG SQL:104 - 
    delete 
    from
        DataPoint 
    where
        id=?
14:11:35,551 DEBUG SQL:104 - 
    delete 
    from
        DataPoint 
    where
        id=?
14:11:35,551 DEBUG SQL:104 - 
    delete 
    from
        DataPoint 
    where
        id=?
14:11:35,561 DEBUG SQL:104 - 
    delete 
    from
        DataPoint 
    where
        id=?
14:11:35,561 DEBUG SQL:104 - 
    delete 
    from
        DataPoint 
    where
        id=?
14:11:35,561 DEBUG SQL:104 - 
    delete 
    from
        DataPoint 
    where
        id=?
14:11:35,561 DEBUG SQL:104 - 
    delete 
    from
        DataPoint 
    where
        id=?
14:11:35,561 DEBUG SQL:104 - 
    delete 
    from
        DataPoint 
    where
        id=?
14:11:35,561 DEBUG SQL:104 - 
    delete 
    from
        DataPoint 
    where
        id=?
14:11:35,562 DEBUG SQL:104 - 
    delete 
    from
        DataPoint 
    where
        id=?
14:11:35,562 DEBUG SQL:104 - 
    delete 
    from
        DataPoint 
    where
        id=?
14:11:35,584 DEBUG SQL:104 - 
    delete 
    from
        DataPoint 
    where
        id=?
14:11:35,584 DEBUG SQL:104 - 
    delete 
    from
        DataPoint 
    where
        id=?
14:11:35,584 DEBUG SQL:104 - 
    delete 
    from
        DataPoint 
    where
        id=?
14:11:35,586 DEBUG SQL:104 - 
    delete 
    from
        DataPoint 
    where
        id=?
14:11:35,586 DEBUG SQL:104 - 
    delete 
    from
        DataPoint 
    where
        id=?
14:11:35,595 DEBUG SQL:104 - 
    delete 
    from
        DataPoint 
    where
        id=?
14:11:35,596 DEBUG SQL:104 - 
    delete 
    from
        DataPoint 
    where
        id=?
14:11:35,596 DEBUG SQL:104 - 
    delete 
    from
        DataPoint 
    where
        id=?
14:11:35,596 DEBUG SQL:104 - 
    delete 
    from
        DataPoint 
    where
        id=?
14:11:35,596 DEBUG SQL:104 - 
    delete 
    from
        DataPoint 
    where
        id=?
14:11:35,607 DEBUG SQL:104 - 
    delete 
    from
        DataPoint 
    where
        id=?
14:11:35,607 DEBUG SQL:104 - 
    delete 
    from
        DataPoint 
    where
        id=?
14:11:35,607 DEBUG SQL:104 - 
    delete 
    from
        DataPoint 
    where
        id=?
14:11:35,608 DEBUG SQL:104 - 
    delete 
    from
        DataPoint 
    where
        id=?
14:11:35,608 DEBUG SQL:104 - 
    delete 
    from
        DataPoint 
    where
        id=?
14:11:35,619 DEBUG SQL:104 - 
    delete 
    from
        DataPoint 
    where
        id=?
14:11:35,620 DEBUG SQL:104 - 
    delete 
    from
        DataPoint 
    where
        id=?
14:11:35,620 DEBUG SQL:104 - 
    delete 
    from
        DataPoint 
    where
        id=?
14:11:35,620 DEBUG SQL:104 - 
    delete 
    from
        DataPoint 
    where
        id=?
14:11:35,620 DEBUG SQL:104 - 
    delete 
    from
        DataPoint 
    where
        id=?
14:11:35,630 DEBUG SQL:104 - 
    delete 
    from
        DataPoint 
    where
        id=?
14:11:35,630 DEBUG SQL:104 - 
    delete 
    from
        DataPoint 
    where
        id=?
14:11:35,630 DEBUG SQL:104 - 
    delete 
    from
        DataPoint 
    where
        id=?
14:11:35,634 DEBUG SQL:104 - 
    delete 
    from
        DataPoint 
    where
        id=?
14:11:35,634 DEBUG SQL:104 - 
    delete 
    from
        DataPoint 
    where
        id=?
14:11:35,640 DEBUG SQL:104 - 
    delete 
    from
        DataPoint 
    where
        id=?
14:11:35,640 DEBUG SQL:104 - 
    delete 
    from
        DataPoint 
    where
        id=?
14:11:35,641 DEBUG SQL:104 - 
    delete 
    from
        DataPoint 
    where
        id=?
14:11:35,641 DEBUG SQL:104 - 
    delete 
    from
        DataPoint 
    where
        id=?
14:11:35,641 DEBUG SQL:104 - 
    delete 
    from
        DataPoint 
    where
        id=?
14:11:35,651 DEBUG SQL:104 - 
    delete 
    from
        DataPoint 
    where
        id=?
14:11:35,651 DEBUG SQL:104 - 
    delete 
    from
        DataPoint 
    where
        id=?
14:11:35,651 DEBUG SQL:104 - 
    delete 
    from
        DataPoint 
    where
        id=?
14:11:35,651 DEBUG SQL:104 - 
    delete 
    from
        DataPoint 
    where
        id=?
14:11:35,652 DEBUG SQL:104 - 
    delete 
    from
        DataPoint 
    where
        id=?
14:11:35,652 DEBUG SQL:104 - 
    delete 
    from
        DataPoint 
    where
        id=?
14:11:35,652 DEBUG SQL:104 - 
    delete 
    from
        DataPoint 
    where
        id=?
14:11:35,652 DEBUG SQL:104 - 
    delete 
    from
        DataPoint 
    where
        id=?
14:11:35,653 DEBUG SQL:104 - 
    delete 
    from
        DataPoint 
    where
        id=?
14:11:35,653 DEBUG SQL:104 - 
    delete 
    from
        DataPoint 
    where
        id=?
14:11:35,653 DEBUG SQL:104 - 
    delete 
    from
        DataPoint 
    where
        id=?
14:11:35,653 DEBUG SQL:104 - 
    delete 
    from
        DataPoint 
    where
        id=?
14:11:35,654 DEBUG SQL:104 - 
    delete 
    from
        DataPoint 
    where
        id=?
14:11:35,688 DEBUG SQL:104 - 
    delete 
    from
        DataPoint 
    where
        id=?
14:11:35,688 DEBUG SQL:104 - 
    delete 
    from
        DataPoint 
    where
        id=?
14:11:35,688 DEBUG SQL:104 - 
    delete 
    from
        DataPoint 
    where
        id=?
14:11:35,689 DEBUG SQL:104 - 
    delete 
    from
        DataPoint 
    where
        id=?
14:11:35,689 DEBUG SQL:104 - 
    delete 
    from
        DataPoint 
    where
        id=?
14:11:35,689 DEBUG SQL:104 - 
    delete 
    from
        DataPoint 
    where
        id=?
14:11:35,689 DEBUG SQL:104 - 
    delete 
    from
        DataPoint 
    where
        id=?
14:11:35,689 DEBUG SQL:104 - 
    delete 
    from
        DataPoint 
    where
        id=?
14:11:35,689 DEBUG SQL:104 - 
    delete 
    from
        DataPoint 
    where
        id=?
14:11:35,689 DEBUG SQL:104 - 
    delete 
    from
        DataPoint 
    where
        id=?
14:11:35,696 DEBUG SQL:104 - 
    delete 
    from
        DataPoint 
    where
        id=?
14:11:35,696 DEBUG SQL:104 - 
    delete 
    from
        DataPoint 
    where
        id=?
14:11:35,696 DEBUG SQL:104 - 
    delete 
    from
        DataPoint 
    where
        id=?
14:11:35,698 DEBUG SQL:104 - 
    delete 
    from
        DataPoint 
    where
        id=?
14:11:35,698 DEBUG SQL:104 - 
    delete 
    from
        DataPoint 
    where
        id=?
14:11:35,698 DEBUG SQL:104 - 
    delete 
    from
        DataPoint 
    where
        id=?
14:11:35,698 DEBUG SQL:104 - 
    delete 
    from
        DataPoint 
    where
        id=?
14:11:35,698 DEBUG SQL:104 - 
    delete 
    from
        DataPoint 
    where
        id=?
14:11:35,723 DEBUG SQL:104 - 
    delete 
    from
        DataPoint 
    where
        id=?
14:11:35,723 DEBUG SQL:104 - 
    delete 
    from
        DataPoint 
    where
        id=?
14:11:35,725 DEBUG SQL:104 - 
    delete 
    from
        DataPoint 
    where
        id=?
14:11:35,725 DEBUG SQL:104 - 
    delete 
    from
        DataPoint 
    where
        id=?
14:11:35,725 DEBUG SQL:104 - 
    delete 
    from
        DataPoint 
    where
        id=?
14:11:35,735 DEBUG SQL:104 - 
    delete 
    from
        DataPoint 
    where
        id=?
14:11:35,735 DEBUG SQL:104 - 
    delete 
    from
        DataPoint 
    where
        id=?
14:11:35,735 DEBUG SQL:104 - 
    delete 
    from
        DataPoint 
    where
        id=?
14:11:35,735 DEBUG SQL:104 - 
    delete 
    from
        DataPoint 
    where
        id=?
14:11:35,735 DEBUG SQL:104 - 
    delete 
    from
        DataPoint 
    where
        id=?
14:11:35,744 DEBUG SQL:104 - 
    delete 
    from
        DataPoint 
    where
        id=?
14:11:35,744 DEBUG SQL:104 - 
    delete 
    from
        DataPoint 
    where
        id=?
14:11:35,744 DEBUG SQL:104 - 
    delete 
    from
        DataPoint 
    where
        id=?
14:11:35,744 DEBUG SQL:104 - 
    delete 
    from
        DataPoint 
    where
        id=?
14:11:35,744 DEBUG SQL:104 - 
    delete 
    from
        DataPoint 
    where
        id=?
14:11:35,756 DEBUG SQL:104 - 
    delete 
    from
        DataPoint 
    where
        id=?
14:11:35,756 DEBUG SQL:104 - 
    delete 
    from
        DataPoint 
    where
        id=?
14:11:35,756 DEBUG SQL:104 - 
    delete 
    from
        DataPoint 
    where
        id=?
14:11:35,757 DEBUG SQL:104 - 
    delete 
    from
        DataPoint 
    where
        id=?
14:11:35,757 DEBUG SQL:104 - 
    delete 
    from
        DataPoint 
    where
        id=?
14:11:35,767 DEBUG SQL:104 - 
    delete 
    from
        DataPoint 
    where
        id=?
14:11:35,768 DEBUG SQL:104 - 
    delete 
    from
        DataPoint 
    where
        id=?
14:11:35,770 DEBUG SQL:104 - 
    delete 
    from
        DataPoint 
    where
        id=?
14:11:35,770 DEBUG SQL:104 - 
    delete 
    from
        DataPoint 
    where
        id=?
14:11:35,770 DEBUG SQL:104 - 
    delete 
    from
        DataPoint 
    where
        id=?
14:11:35,779 DEBUG SQL:104 - 
    delete 
    from
        DataPoint 
    where
        id=?
14:11:35,779 DEBUG SQL:104 - 
    delete 
    from
        DataPoint 
    where
        id=?
14:11:35,779 DEBUG SQL:104 - 
    delete 
    from
        DataPoint 
    where
        id=?
14:11:35,779 DEBUG SQL:104 - 
    delete 
    from
        DataPoint 
    where
        id=?
14:11:35,779 DEBUG SQL:104 - 
    delete 
    from
        DataPoint 
    where
        id=?
14:11:35,792 DEBUG SQL:104 - 
    delete 
    from
        DataPoint 
    where
        id=?
14:11:35,792 DEBUG SQL:104 - 
    delete 
    from
        DataPoint 
    where
        id=?
14:11:35,792 DEBUG SQL:104 - 
    delete 
    from
        DataPoint 
    where
        id=?
14:11:35,793 DEBUG SQL:104 - 
    delete 
    from
        DataPoint 
    where
        id=?
14:11:35,793 DEBUG SQL:104 - 
    delete 
    from
        DataPoint 
    where
        id=?
14:11:35,793 DEBUG SQL:104 - 
    delete 
    from
        DataPoint 
    where
        id=?
14:11:35,793 DEBUG SQL:104 - 
    delete 
    from
        DataPoint 
    where
        id=?
14:11:35,793 DEBUG SQL:104 - 
    delete 
    from
        DataPoint 
    where
        id=?
14:11:35,793 DEBUG SQL:104 - 
    delete 
    from
        DataPoint 
    where
        id=?
14:11:35,793 DEBUG SQL:104 - 
    delete 
    from
        DataPoint 
    where
        id=?
14:11:35,793 DEBUG SQL:104 - 
    delete 
    from
        DataPoint 
    where
        id=?
14:11:35,804 DEBUG SQL:104 - 
    delete 
    from
        DataPoint 
    where
        id=?
14:11:35,811 DEBUG SQL:104 - 
    delete 
    from
        DataPoint 
    where
        id=?
14:11:35,811 DEBUG SQL:104 - 
    delete 
    from
        DataPoint 
    where
        id=?
14:11:35,811 DEBUG SQL:104 - 
    delete 
    from
        DataPoint 
    where
        id=?
14:11:35,812 DEBUG SQL:104 - 
    delete 
    from
        DataPoint 
    where
        id=?
14:11:35,818 DEBUG SQL:104 - 
    delete 
    from
        DataPoint 
    where
        id=?
14:11:35,818 DEBUG SQL:104 - 
    delete 
    from
        DataPoint 
    where
        id=?
14:11:35,818 DEBUG SQL:104 - 
    delete 
    from
        DataPoint 
    where
        id=?
14:11:35,818 DEBUG SQL:104 - 
    delete 
    from
        DataPoint 
    where
        id=?
14:11:35,818 DEBUG SQL:104 - 
    delete 
    from
        DataPoint 
    where
        id=?
14:11:35,819 DEBUG SQL:104 - 
    delete 
    from
        DataPoint 
    where
        id=?
14:11:35,819 DEBUG SQL:104 - 
    delete 
    from
        DataPoint 
    where
        id=?
14:11:35,841 DEBUG SQL:104 - 
    delete 
    from
        DataPoint 
    where
        id=?
14:11:35,841 DEBUG SQL:104 - 
    delete 
    from
        DataPoint 
    where
        id=?
14:11:35,841 DEBUG SQL:104 - 
    delete 
    from
        DataPoint 
    where
        id=?
14:11:35,841 DEBUG SQL:104 - 
    delete 
    from
        DataPoint 
    where
        id=?
14:11:35,841 DEBUG SQL:104 - 
    delete 
    from
        DataPoint 
    where
        id=?
14:11:35,852 DEBUG SQL:104 - 
    delete 
    from
        DataPoint 
    where
        id=?
14:11:35,852 DEBUG SQL:104 - 
    delete 
    from
        DataPoint 
    where
        id=?
14:11:35,852 DEBUG SQL:104 - 
    delete 
    from
        DataPoint 
    where
        id=?
14:11:35,852 DEBUG SQL:104 - 
    delete 
    from
        DataPoint 
    where
        id=?
14:11:35,854 DEBUG SQL:104 - 
    delete 
    from
        DataPoint 
    where
        id=?
14:11:35,854 DEBUG SQL:104 - 
    delete 
    from
        DataPoint 
    where
        id=?
14:11:35,867 DEBUG SQL:104 - 
    delete 
    from
        DataPoint 
    where
        id=?
14:11:35,867 DEBUG SQL:104 - 
    delete 
    from
        DataPoint 
    where
        id=?
14:11:35,867 DEBUG SQL:104 - 
    delete 
    from
        DataPoint 
    where
        id=?
14:11:35,867 DEBUG SQL:104 - 
    delete 
    from
        DataPoint 
    where
        id=?
14:11:35,867 DEBUG SQL:104 - 
    delete 
    from
        DataPoint 
    where
        id=?
14:11:35,878 DEBUG SQL:104 - 
    delete 
    from
        DataPoint 
    where
        id=?
14:11:35,878 DEBUG SQL:104 - 
    delete 
    from
        DataPoint 
    where
        id=?
14:11:35,878 DEBUG SQL:104 - 
    delete 
    from
        DataPoint 
    where
        id=?
14:11:35,878 DEBUG SQL:104 - 
    delete 
    from
        DataPoint 
    where
        id=?
14:11:35,878 DEBUG SQL:104 - 
    delete 
    from
        DataPoint 
    where
        id=?
14:11:35,887 DEBUG SQL:104 - 
    delete 
    from
        DataPoint 
    where
        id=?
14:11:35,887 DEBUG SQL:104 - 
    delete 
    from
        DataPoint 
    where
        id=?
14:11:35,887 DEBUG SQL:104 - 
    delete 
    from
        DataPoint 
    where
        id=?
14:11:35,887 DEBUG SQL:104 - 
    delete 
    from
        DataPoint 
    where
        id=?
14:11:35,887 DEBUG SQL:104 - 
    delete 
    from
        DataPoint 
    where
        id=?
14:11:35,897 DEBUG SQL:104 - 
    delete 
    from
        DataPoint 
    where
        id=?
14:11:35,897 DEBUG SQL:104 - 
    delete 
    from
        DataPoint 
    where
        id=?
14:11:35,897 DEBUG SQL:104 - 
    delete 
    from
        DataPoint 
    where
        id=?
14:11:35,899 DEBUG SQL:104 - 
    delete 
    from
        DataPoint 
    where
        id=?
14:11:35,899 DEBUG SQL:104 - 
    delete 
    from
        DataPoint 
    where
        id=?
14:11:35,907 DEBUG SQL:104 - 
    delete 
    from
        DataPoint 
    where
        id=?
14:11:35,908 DEBUG SQL:104 - 
    delete 
    from
        DataPoint 
    where
        id=?
14:11:35,908 DEBUG SQL:104 - 
    delete 
    from
        DataPoint 
    where
        id=?
14:11:35,908 DEBUG SQL:104 - 
    delete 
    from
        DataPoint 
    where
        id=?
14:11:35,908 DEBUG SQL:104 - 
    delete 
    from
        DataPoint 
    where
        id=?
14:11:35,918 DEBUG SQL:104 - 
    delete 
    from
        DataPoint 
    where
        id=?
14:11:35,918 DEBUG SQL:104 - 
    delete 
    from
        DataPoint 
    where
        id=?
14:11:35,918 DEBUG SQL:104 - 
    delete 
    from
        DataPoint 
    where
        id=?
14:11:35,919 DEBUG SQL:104 - 
    delete 
    from
        DataPoint 
    where
        id=?
14:11:35,919 DEBUG SQL:104 - 
    delete 
    from
        DataPoint 
    where
        id=?
14:11:35,919 DEBUG SQL:104 - 
    delete 
    from
        DataPoint 
    where
        id=?
14:11:35,919 DEBUG SQL:104 - 
    delete 
    from
        DataPoint 
    where
        id=?
14:11:35,919 DEBUG SQL:104 - 
    delete 
    from
        DataPoint 
    where
        id=?
14:11:35,919 DEBUG SQL:104 - 
    delete 
    from
        DataPoint 
    where
        id=?
14:11:35,919 DEBUG SQL:104 - 
    delete 
    from
        DataPoint 
    where
        id=?
14:11:35,932 DEBUG SQL:104 - 
    delete 
    from
        DataPoint 
    where
        id=?
14:11:35,932 DEBUG SQL:104 - 
    delete 
    from
        DataPoint 
    where
        id=?
14:11:35,932 DEBUG SQL:104 - 
    delete 
    from
        DataPoint 
    where
        id=?
14:11:35,934 DEBUG SQL:104 - 
    delete 
    from
        DataPoint 
    where
        id=?
14:11:35,934 DEBUG SQL:104 - 
    delete 
    from
        DataPoint 
    where
        id=?
14:11:35,942 DEBUG SQL:104 - 
    delete 
    from
        DataPoint 
    where
        id=?
14:11:35,942 DEBUG SQL:104 - 
    delete 
    from
        DataPoint 
    where
        id=?
14:11:35,942 DEBUG SQL:104 - 
    delete 
    from
        DataPoint 
    where
        id=?
14:11:35,942 DEBUG SQL:104 - 
    delete 
    from
        DataPoint 
    where
        id=?
14:11:35,942 DEBUG SQL:104 - 
    delete 
    from
        DataPoint 
    where
        id=?
14:11:35,943 DEBUG SQL:104 - 
    delete 
    from
        DataPoint 
    where
        id=?
14:11:35,943 DEBUG SQL:104 - 
    delete 
    from
        DataPoint 
    where
        id=?
14:11:35,943 DEBUG SQL:104 - 
    delete 
    from
        DataPoint 
    where
        id=?
14:11:35,964 DEBUG SQL:104 - 
    delete 
    from
        DataPoint 
    where
        id=?
14:11:35,965 DEBUG SQL:104 - 
    delete 
    from
        DataPoint 
    where
        id=?
14:11:35,965 DEBUG SQL:104 - 
    delete 
    from
        DataPoint 
    where
        id=?
14:11:35,965 DEBUG SQL:104 - 
    delete 
    from
        DataPoint 
    where
        id=?
14:11:35,965 DEBUG SQL:104 - 
    delete 
    from
        DataPoint 
    where
        id=?
14:11:35,974 DEBUG SQL:104 - 
    delete 
    from
        DataPoint 
    where
        id=?
14:11:35,975 DEBUG SQL:104 - 
    delete 
    from
        DataPoint 
    where
        id=?
14:11:35,975 DEBUG SQL:104 - 
    delete 
    from
        DataPoint 
    where
        id=?
14:11:35,975 DEBUG SQL:104 - 
    delete 
    from
        DataPoint 
    where
        id=?
14:11:35,975 DEBUG SQL:104 - 
    delete 
    from
        DataPoint 
    where
        id=?
14:11:35,986 DEBUG SQL:104 - 
    delete 
    from
        DataPoint 
    where
        id=?
14:11:35,986 DEBUG SQL:104 - 
    delete 
    from
        DataPoint 
    where
        id=?
14:11:35,987 DEBUG SQL:104 - 
    delete 
    from
        DataPoint 
    where
        id=?
14:11:35,987 DEBUG SQL:104 - 
    delete 
    from
        DataPoint 
    where
        id=?
14:11:35,987 DEBUG SQL:104 - 
    delete 
    from
        DataPoint 
    where
        id=?
14:11:35,996 DEBUG SQL:104 - 
    delete 
    from
        DataPoint 
    where
        id=?
14:11:35,996 DEBUG SQL:104 - 
    delete 
    from
        DataPoint 
    where
        id=?
14:11:35,996 DEBUG SQL:104 - 
    delete 
    from
        DataPoint 
    where
        id=?
14:11:35,996 DEBUG SQL:104 - 
    delete 
    from
        DataPoint 
    where
        id=?
14:11:35,997 DEBUG SQL:104 - 
    delete 
    from
        DataPoint 
    where
        id=?
14:11:36,005 DEBUG SQL:104 - 
    delete 
    from
        DataPoint 
    where
        id=?
14:11:36,005 DEBUG SQL:104 - 
    delete 
    from
        DataPoint 
    where
        id=?
14:11:36,006 DEBUG SQL:104 - 
    delete 
    from
        DataPoint 
    where
        id=?
14:11:36,006 DEBUG SQL:104 - 
    delete 
    from
        DataPoint 
    where
        id=?
14:11:36,006 DEBUG SQL:104 - 
    delete 
    from
        DataPoint 
    where
        id=?
14:11:36,006 DEBUG SQL:104 - 
    delete 
    from
        DataPoint 
    where
        id=?
14:11:36,015 DEBUG SQL:104 - 
    delete 
    from
        DataPoint 
    where
        id=?
14:11:36,016 DEBUG SQL:104 - 
    delete 
    from
        DataPoint 
    where
        id=?
14:11:36,016 DEBUG SQL:104 - 
    delete 
    from
        DataPoint 
    where
        id=?
14:11:36,016 DEBUG SQL:104 - 
    delete 
    from
        DataPoint 
    where
        id=?
14:11:36,017 DEBUG SQL:104 - 
    delete 
    from
        DataPoint 
    where
        id=?
14:11:36,027 DEBUG SQL:104 - 
    delete 
    from
        DataPoint 
    where
        id=?
14:11:36,027 DEBUG SQL:104 - 
    delete 
    from
        DataPoint 
    where
        id=?
14:11:36,027 DEBUG SQL:104 - 
    delete 
    from
        DataPoint 
    where
        id=?
14:11:36,027 DEBUG SQL:104 - 
    delete 
    from
        DataPoint 
    where
        id=?
14:11:36,027 DEBUG SQL:104 - 
    delete 
    from
        DataPoint 
    where
        id=?
14:11:36,037 DEBUG SQL:104 - 
    delete 
    from
        DataPoint 
    where
        id=?
14:11:36,038 DEBUG SQL:104 - 
    delete 
    from
        DataPoint 
    where
        id=?
14:11:36,038 DEBUG SQL:104 - 
    delete 
    from
        DataPoint 
    where
        id=?
14:11:36,038 DEBUG SQL:104 - 
    delete 
    from
        DataPoint 
    where
        id=?
14:11:36,038 DEBUG SQL:104 - 
    delete 
    from
        DataPoint 
    where
        id=?
14:11:36,048 DEBUG SQL:104 - 
    delete 
    from
        DataPoint 
    where
        id=?
14:11:36,048 DEBUG SQL:104 - 
    delete 
    from
        DataPoint 
    where
        id=?
14:11:36,048 DEBUG SQL:104 - 
    delete 
    from
        DataPoint 
    where
        id=?
14:11:36,048 DEBUG SQL:104 - 
    delete 
    from
        DataPoint 
    where
        id=?
14:11:36,048 DEBUG SQL:104 - 
    delete 
    from
        DataPoint 
    where
        id=?
14:11:36,049 DEBUG SQL:104 - 
    delete 
    from
        DataPoint 
    where
        id=?
14:11:36,049 DEBUG SQL:104 - 
    delete 
    from
        DataPoint 
    where
        id=?
14:11:36,049 DEBUG SQL:104 - 
    delete 
    from
        DataPoint 
    where
        id=?
14:11:36,049 DEBUG SQL:104 - 
    delete 
    from
        DataPoint 
    where
        id=?
14:11:36,050 DEBUG SQL:104 - 
    delete 
    from
        DataPoint 
    where
        id=?
14:11:36,062 DEBUG SQL:104 - 
    delete 
    from
        DataPoint 
    where
        id=?
14:11:36,063 DEBUG SQL:104 - 
    delete 
    from
        DataPoint 
    where
        id=?
14:11:36,063 DEBUG SQL:104 - 
    delete 
    from
        DataPoint 
    where
        id=?
14:11:36,063 DEBUG SQL:104 - 
    delete 
    from
        DataPoint 
    where
        id=?
14:11:36,063 DEBUG SQL:104 - 
    delete 
    from
        DataPoint 
    where
        id=?
14:11:36,072 DEBUG SQL:104 - 
    delete 
    from
        DataPoint 
    where
        id=?
14:11:36,073 DEBUG SQL:104 - 
    delete 
    from
        DataPoint 
    where
        id=?
14:11:36,073 DEBUG SQL:104 - 
    delete 
    from
        DataPoint 
    where
        id=?
14:11:36,073 DEBUG SQL:104 - 
    delete 
    from
        DataPoint 
    where
        id=?
14:11:36,073 DEBUG SQL:104 - 
    delete 
    from
        DataPoint 
    where
        id=?
14:11:36,073 DEBUG SQL:104 - 
    delete 
    from
        DataPoint 
    where
        id=?
14:11:36,073 DEBUG SQL:104 - 
    delete 
    from
        DataPoint 
    where
        id=?
14:11:36,073 DEBUG SQL:104 - 
    delete 
    from
        DataPoint 
    where
        id=?
14:11:36,095 DEBUG SQL:104 - 
    delete 
    from
        DataPoint 
    where
        id=?
14:11:36,096 DEBUG SQL:104 - 
    delete 
    from
        DataPoint 
    where
        id=?
14:11:36,096 DEBUG SQL:104 - 
    delete 
    from
        DataPoint 
    where
        id=?
14:11:36,096 DEBUG SQL:104 - 
    delete 
    from
        DataPoint 
    where
        id=?
14:11:36,096 DEBUG SQL:104 - 
    delete 
    from
        DataPoint 
    where
        id=?
14:11:36,105 DEBUG SQL:104 - 
    delete 
    from
        DataPoint 
    where
        id=?
14:11:36,107 DEBUG SQL:104 - 
    delete 
    from
        DataPoint 
    where
        id=?
14:11:36,107 DEBUG SQL:104 - 
    delete 
    from
        DataPoint 
    where
        id=?
14:11:36,107 DEBUG SQL:104 - 
    delete 
    from
        DataPoint 
    where
        id=?
14:11:36,108 DEBUG SQL:104 - 
    delete 
    from
        DataPoint 
    where
        id=?
14:11:36,108 DEBUG SQL:104 - 
    delete 
    from
        DataPoint 
    where
        id=?
14:11:36,108 DEBUG SQL:104 - 
    delete 
    from
        DataPoint 
    where
        id=?
14:11:36,108 DEBUG SQL:104 - 
    delete 
    from
        DataPoint 
    where
        id=?
14:11:36,108 DEBUG SQL:104 - 
    delete 
    from
        DataPoint 
    where
        id=?
14:11:36,108 DEBUG SQL:104 - 
    delete 
    from
        DataPoint 
    where
        id=?
14:11:36,108 DEBUG SQL:104 - 
    delete 
    from
        DataPoint 
    where
        id=?
14:11:36,108 DEBUG SQL:104 - 
    delete 
    from
        DataPoint 
    where
        id=?
14:11:36,131 DEBUG SQL:104 - 
    delete 
    from
        DataPoint 
    where
        id=?
14:11:36,131 DEBUG SQL:104 - 
    delete 
    from
        DataPoint 
    where
        id=?
14:11:36,131 DEBUG SQL:104 - 
    delete 
    from
        DataPoint 
    where
        id=?
14:11:36,131 DEBUG SQL:104 - 
    delete 
    from
        DataPoint 
    where
        id=?
14:11:36,131 DEBUG SQL:104 - 
    delete 
    from
        DataPoint 
    where
        id=?
14:11:36,131 DEBUG SQL:104 - 
    delete 
    from
        DataPoint 
    where
        id=?
14:11:36,142 DEBUG SQL:104 - 
    delete 
    from
        DataPoint 
    where
        id=?
14:11:36,142 DEBUG SQL:104 - 
    delete 
    from
        DataPoint 
    where
        id=?
14:11:36,142 DEBUG SQL:104 - 
    delete 
    from
        DataPoint 
    where
        id=?
14:11:36,144 DEBUG SQL:104 - 
    delete 
    from
        DataPoint 
    where
        id=?
14:11:36,144 DEBUG SQL:104 - 
    delete 
    from
        DataPoint 
    where
        id=?
14:11:36,152 DEBUG SQL:104 - 
    delete 
    from
        DataPoint 
    where
        id=?
14:11:36,152 DEBUG SQL:104 - 
    delete 
    from
        DataPoint 
    where
        id=?
14:11:36,153 DEBUG SQL:104 - 
    delete 
    from
        DataPoint 
    where
        id=?
14:11:36,153 DEBUG SQL:104 - 
    delete 
    from
        DataPoint 
    where
        id=?
14:11:36,153 DEBUG SQL:104 - 
    delete 
    from
        DataPoint 
    where
        id=?
14:11:36,162 DEBUG SQL:104 - 
    delete 
    from
        DataPoint 
    where
        id=?
14:11:36,162 DEBUG SQL:104 - 
    delete 
    from
        DataPoint 
    where
        id=?
14:11:36,162 DEBUG SQL:104 - 
    delete 
    from
        DataPoint 
    where
        id=?
14:11:36,162 DEBUG SQL:104 - 
    delete 
    from
        DataPoint 
    where
        id=?
14:11:36,162 DEBUG SQL:104 - 
    delete 
    from
        DataPoint 
    where
        id=?
14:11:36,174 DEBUG SQL:104 - 
    delete 
    from
        DataPoint 
    where
        id=?
14:11:36,174 DEBUG SQL:104 - 
    delete 
    from
        DataPoint 
    where
        id=?
14:11:36,174 DEBUG SQL:104 - 
    delete 
    from
        DataPoint 
    where
        id=?
14:11:36,174 DEBUG SQL:104 - 
    delete 
    from
        DataPoint 
    where
        id=?
14:11:36,174 DEBUG SQL:104 - 
    delete 
    from
        DataPoint 
    where
        id=?
14:11:36,174 DEBUG SQL:104 - 
    delete 
    from
        DataPoint 
    where
        id=?
14:11:36,174 DEBUG SQL:104 - 
    delete 
    from
        DataPoint 
    where
        id=?
14:11:36,175 DEBUG SQL:104 - 
    delete 
    from
        DataPoint 
    where
        id=?
14:11:36,176 DEBUG SQL:104 - 
    delete 
    from
        DataPoint 
    where
        id=?
14:11:36,176 DEBUG SQL:104 - 
    delete 
    from
        DataPoint 
    where
        id=?
14:11:36,187 DEBUG SQL:104 - 
    delete 
    from
        DataPoint 
    where
        id=?
14:11:36,187 DEBUG SQL:104 - 
    delete 
    from
        DataPoint 
    where
        id=?
14:11:36,187 DEBUG SQL:104 - 
    delete 
    from
        DataPoint 
    where
        id=?
14:11:36,187 DEBUG SQL:104 - 
    delete 
    from
        DataPoint 
    where
        id=?
14:11:36,187 DEBUG SQL:104 - 
    delete 
    from
        DataPoint 
    where
        id=?
14:11:36,197 DEBUG SQL:104 - 
    delete 
    from
        DataPoint 
    where
        id=?
14:11:36,197 DEBUG SQL:104 - 
    delete 
    from
        DataPoint 
    where
        id=?
14:11:36,197 DEBUG SQL:104 - 
    delete 
    from
        DataPoint 
    where
        id=?
14:11:36,197 DEBUG SQL:104 - 
    delete 
    from
        DataPoint 
    where
        id=?
14:11:36,197 DEBUG SQL:104 - 
    delete 
    from
        DataPoint 
    where
        id=?
14:11:36,197 DEBUG SQL:104 - 
    delete 
    from
        DataPoint 
    where
        id=?
14:11:36,198 DEBUG SQL:104 - 
    delete 
    from
        DataPoint 
    where
        id=?
14:11:36,198 DEBUG SQL:104 - 
    delete 
    from
        DataPoint 
    where
        id=?
14:11:36,218 DEBUG SQL:104 - 
    delete 
    from
        DataPoint 
    where
        id=?
14:11:36,219 DEBUG SQL:104 - 
    delete 
    from
        DataPoint 
    where
        id=?
14:11:36,219 DEBUG SQL:104 - 
    delete 
    from
        DataPoint 
    where
        id=?
14:11:36,219 DEBUG SQL:104 - 
    delete 
    from
        DataPoint 
    where
        id=?
14:11:36,219 DEBUG SQL:104 - 
    delete 
    from
        DataPoint 
    where
        id=?
14:11:36,229 DEBUG SQL:104 - 
    delete 
    from
        DataPoint 
    where
        id=?
14:11:36,230 DEBUG SQL:104 - 
    delete 
    from
        DataPoint 
    where
        id=?
14:11:36,230 DEBUG SQL:104 - 
    delete 
    from
        DataPoint 
    where
        id=?
14:11:36,230 DEBUG SQL:104 - 
    delete 
    from
        DataPoint 
    where
        id=?
14:11:36,230 DEBUG SQL:104 - 
    delete 
    from
        DataPoint 
    where
        id=?
14:11:36,239 DEBUG SQL:104 - 
    delete 
    from
        DataPoint 
    where
        id=?
14:11:36,239 DEBUG SQL:104 - 
    delete 
    from
        DataPoint 
    where
        id=?
14:11:36,239 DEBUG SQL:104 - 
    delete 
    from
        DataPoint 
    where
        id=?
14:11:36,240 DEBUG SQL:104 - 
    delete 
    from
        DataPoint 
    where
        id=?
14:11:36,240 DEBUG SQL:104 - 
    delete 
    from
        DataPoint 
    where
        id=?
14:11:36,249 DEBUG SQL:104 - 
    delete 
    from
        DataPoint 
    where
        id=?
14:11:36,249 DEBUG SQL:104 - 
    delete 
    from
        DataPoint 
    where
        id=?
14:11:36,249 DEBUG SQL:104 - 
    delete 
    from
        DataPoint 
    where
        id=?
14:11:36,250 DEBUG SQL:104 - 
    delete 
    from
        DataPoint 
    where
        id=?
14:11:36,250 DEBUG SQL:104 - 
    delete 
    from
        DataPoint 
    where
        id=?
14:11:36,259 DEBUG SQL:104 - 
    delete 
    from
        DataPoint 
    where
        id=?
14:11:36,259 DEBUG SQL:104 - 
    delete 
    from
        DataPoint 
    where
        id=?
14:11:36,259 DEBUG SQL:104 - 
    delete 
    from
        DataPoint 
    where
        id=?
14:11:36,260 DEBUG SQL:104 - 
    delete 
    from
        DataPoint 
    where
        id=?
14:11:36,260 DEBUG SQL:104 - 
    delete 
    from
        DataPoint 
    where
        id=?
14:11:36,271 DEBUG SQL:104 - 
    delete 
    from
        DataPoint 
    where
        id=?
14:11:36,271 DEBUG SQL:104 - 
    delete 
    from
        DataPoint 
    where
        id=?
14:11:36,271 DEBUG SQL:104 - 
    delete 
    from
        DataPoint 
    where
        id=?
14:11:36,272 DEBUG SQL:104 - 
    delete 
    from
        DataPoint 
    where
        id=?
14:11:36,272 DEBUG SQL:104 - 
    delete 
    from
        DataPoint 
    where
        id=?
14:11:36,272 DEBUG SQL:104 - 
    delete 
    from
        DataPoint 
    where
        id=?
14:11:36,282 DEBUG SQL:104 - 
    delete 
    from
        DataPoint 
    where
        id=?
14:11:36,282 DEBUG SQL:104 - 
    delete 
    from
        DataPoint 
    where
        id=?
14:11:36,282 DEBUG SQL:104 - 
    delete 
    from
        DataPoint 
    where
        id=?
14:11:36,282 DEBUG SQL:104 - 
    delete 
    from
        DataPoint 
    where
        id=?
14:11:36,282 DEBUG SQL:104 - 
    delete 
    from
        DataPoint 
    where
        id=?
14:11:36,292 DEBUG SQL:104 - 
    delete 
    from
        DataPoint 
    where
        id=?
14:11:36,292 DEBUG SQL:104 - 
    delete 
    from
        DataPoint 
    where
        id=?
14:11:36,292 DEBUG SQL:104 - 
    delete 
    from
        DataPoint 
    where
        id=?
14:11:36,292 DEBUG SQL:104 - 
    delete 
    from
        DataPoint 
    where
        id=?
14:11:36,293 DEBUG SQL:104 - 
    delete 
    from
        DataPoint 
    where
        id=?
14:11:36,303 DEBUG SQL:104 - 
    delete 
    from
        DataPoint 
    where
        id=?
14:11:36,304 DEBUG SQL:104 - 
    delete 
    from
        DataPoint 
    where
        id=?
14:11:36,304 DEBUG SQL:104 - 
    delete 
    from
        DataPoint 
    where
        id=?
14:11:36,304 DEBUG SQL:104 - 
    delete 
    from
        DataPoint 
    where
        id=?
14:11:36,305 DEBUG SQL:104 - 
    delete 
    from
        DataPoint 
    where
        id=?
14:11:36,305 DEBUG SQL:104 - 
    delete 
    from
        DataPoint 
    where
        id=?
14:11:36,305 DEBUG SQL:104 - 
    delete 
    from
        DataPoint 
    where
        id=?
14:11:36,306 DEBUG SQL:104 - 
    delete 
    from
        DataPoint 
    where
        id=?
14:11:36,306 DEBUG SQL:104 - 
    delete 
    from
        DataPoint 
    where
        id=?
14:11:36,306 DEBUG SQL:104 - 
    delete 
    from
        DataPoint 
    where
        id=?
14:11:36,327 DEBUG SQL:104 - 
    delete 
    from
        DataPoint 
    where
        id=?
14:11:36,328 DEBUG SQL:104 - 
    delete 
    from
        DataPoint 
    where
        id=?
14:11:36,328 DEBUG SQL:104 - 
    delete 
    from
        DataPoint 
    where
        id=?
14:11:36,328 DEBUG SQL:104 - 
    delete 
    from
        DataPoint 
    where
        id=?
14:11:36,328 DEBUG SQL:104 - 
    delete 
    from
        DataPoint 
    where
        id=?
14:11:36,338 DEBUG SQL:104 - 
    delete 
    from
        DataPoint 
    where
        id=?
14:11:36,338 DEBUG SQL:104 - 
    delete 
    from
        DataPoint 
    where
        id=?
14:11:36,338 DEBUG SQL:104 - 
    delete 
    from
        DataPoint 
    where
        id=?
14:11:36,339 DEBUG SQL:104 - 
    delete 
    from
        DataPoint 
    where
        id=?
14:11:36,339 DEBUG SQL:104 - 
    delete 
    from
        DataPoint 
    where
        id=?
14:11:36,339 DEBUG SQL:104 - 
    delete 
    from
        DataPoint 
    where
        id=?
14:11:36,339 DEBUG SQL:104 - 
    delete 
    from
        DataPoint 
    where
        id=?
14:11:36,339 DEBUG SQL:104 - 
    delete 
    from
        DataPoint 
    where
        id=?
14:11:36,361 DEBUG SQL:104 - 
    delete 
    from
        DataPoint 
    where
        id=?
14:11:36,362 DEBUG SQL:104 - 
    delete 
    from
        DataPoint 
    where
        id=?
14:11:36,363 DEBUG SQL:104 - 
    delete 
    from
        DataPoint 
    where
        id=?
14:11:36,363 DEBUG SQL:104 - 
    delete 
    from
        DataPoint 
    where
        id=?
14:11:36,363 DEBUG SQL:104 - 
    delete 
    from
        DataPoint 
    where
        id=?
14:11:36,373 DEBUG SQL:104 - 
    delete 
    from
        DataPoint 
    where
        id=?
14:11:36,373 DEBUG SQL:104 - 
    delete 
    from
        DataPoint 
    where
        id=?
14:11:36,374 DEBUG SQL:104 - 
    delete 
    from
        DataPoint 
    where
        id=?
14:11:36,374 DEBUG SQL:104 - 
    delete 
    from
        DataPoint 
    where
        id=?
14:11:36,374 DEBUG SQL:104 - 
    delete 
    from
        DataPoint 
    where
        id=?
14:11:36,384 DEBUG SQL:104 - 
    delete 
    from
        DataPoint 
    where
        id=?
14:11:36,385 DEBUG SQL:104 - 
    delete 
    from
        DataPoint 
    where
        id=?
14:11:36,385 DEBUG SQL:104 - 
    delete 
    from
        DataPoint 
    where
        id=?
14:11:36,385 DEBUG SQL:104 - 
    delete 
    from
        DataPoint 
    where
        id=?
14:11:36,385 DEBUG SQL:104 - 
    delete 
    from
        DataPoint 
    where
        id=?
14:11:36,396 DEBUG SQL:104 - 
    delete 
    from
        DataPoint 
    where
        id=?
14:11:36,396 DEBUG SQL:104 - 
    delete 
    from
        DataPoint 
    where
        id=?
14:11:36,396 DEBUG SQL:104 - 
    delete 
    from
        DataPoint 
    where
        id=?
14:11:36,396 DEBUG SQL:104 - 
    delete 
    from
        DataPoint 
    where
        id=?
14:11:36,396 DEBUG SQL:104 - 
    delete 
    from
        DataPoint 
    where
        id=?
14:11:36,410 DEBUG SQL:104 - 
    delete 
    from
        DataPoint 
    where
        id=?
14:11:36,411 DEBUG SQL:104 - 
    delete 
    from
        DataPoint 
    where
        id=?
14:11:36,411 DEBUG SQL:104 - 
    delete 
    from
        DataPoint 
    where
        id=?
14:11:36,411 DEBUG SQL:104 - 
    delete 
    from
        DataPoint 
    where
        id=?
14:11:36,412 DEBUG SQL:104 - 
    delete 
    from
        DataPoint 
    where
        id=?
14:11:36,431 DEBUG SQL:104 - 
    delete 
    from
        DataPoint 
    where
        id=?
14:11:36,431 DEBUG SQL:104 - 
    delete 
    from
        DataPoint 
    where
        id=?
14:11:36,431 DEBUG SQL:104 - 
    delete 
    from
        DataPoint 
    where
        id=?
14:11:36,431 DEBUG SQL:104 - 
    delete 
    from
        DataPoint 
    where
        id=?
14:11:36,431 DEBUG SQL:104 - 
    delete 
    from
        DataPoint 
    where
        id=?
14:11:36,431 DEBUG SQL:104 - 
    delete 
    from
        DataPoint 
    where
        id=?
14:11:36,432 DEBUG SQL:104 - 
    delete 
    from
        DataPoint 
    where
        id=?
14:11:36,432 DEBUG SQL:104 - 
    delete 
    from
        DataPoint 
    where
        id=?
14:11:36,432 DEBUG SQL:104 - 
    delete 
    from
        DataPoint 
    where
        id=?
14:11:36,432 DEBUG SQL:104 - 
    delete 
    from
        DataPoint 
    where
        id=?
14:11:36,436 DEBUG SQL:104 - 
    delete 
    from
        DataPoint 
    where
        id=?
14:11:36,436 DEBUG SQL:104 - 
    delete 
    from
        DataPoint 
    where
        id=?
14:11:36,436 DEBUG SQL:104 - 
    delete 
    from
        DataPoint 
    where
        id=?
14:11:36,437 DEBUG SQL:104 - 
    delete 
    from
        DataPoint 
    where
        id=?
14:11:36,437 DEBUG SQL:104 - 
    delete 
    from
        DataPoint 
    where
        id=?
14:11:36,437 DEBUG SQL:104 - 
    delete 
    from
        DataPoint 
    where
        id=?
14:11:36,452 DEBUG SQL:104 - 
    delete 
    from
        DataPoint 
    where
        id=?
14:11:36,452 DEBUG SQL:104 - 
    delete 
    from
        DataPoint 
    where
        id=?
14:11:36,452 DEBUG SQL:104 - 
    delete 
    from
        DataPoint 
    where
        id=?
14:11:36,452 DEBUG SQL:104 - 
    delete 
    from
        DataPoint 
    where
        id=?
14:11:36,452 DEBUG SQL:104 - 
    delete 
    from
        DataPoint 
    where
        id=?
14:11:36,452 DEBUG SQL:104 - 
    delete 
    from
        DataPoint 
    where
        id=?
14:11:36,453 DEBUG SQL:104 - 
    delete 
    from
        DataPoint 
    where
        id=?
14:11:36,476 DEBUG SQL:104 - 
    delete 
    from
        DataPoint 
    where
        id=?
14:11:36,476 DEBUG SQL:104 - 
    delete 
    from
        DataPoint 
    where
        id=?
14:11:36,476 DEBUG SQL:104 - 
    delete 
    from
        DataPoint 
    where
        id=?
14:11:36,476 DEBUG SQL:104 - 
    delete 
    from
        DataPoint 
    where
        id=?
14:11:36,476 DEBUG SQL:104 - 
    delete 
    from
        DataPoint 
    where
        id=?
14:11:36,485 DEBUG SQL:104 - 
    delete 
    from
        DataPoint 
    where
        id=?
14:11:36,485 DEBUG SQL:104 - 
    delete 
    from
        DataPoint 
    where
        id=?
14:11:36,485 DEBUG SQL:104 - 
    delete 
    from
        DataPoint 
    where
        id=?
14:11:36,485 DEBUG SQL:104 - 
    delete 
    from
        DataPoint 
    where
        id=?
14:11:36,485 DEBUG SQL:104 - 
    delete 
    from
        DataPoint 
    where
        id=?
14:11:36,496 DEBUG SQL:104 - 
    delete 
    from
        DataPoint 
    where
        id=?
14:11:36,496 DEBUG SQL:104 - 
    delete 
    from
        DataPoint 
    where
        id=?
14:11:36,496 DEBUG SQL:104 - 
    delete 
    from
        DataPoint 
    where
        id=?
14:11:36,498 DEBUG SQL:104 - 
    delete 
    from
        DataPoint 
    where
        id=?
14:11:36,498 DEBUG SQL:104 - 
    delete 
    from
        DataPoint 
    where
        id=?
14:11:36,498 DEBUG SQL:104 - 
    delete 
    from
        DataPoint 
    where
        id=?
14:11:36,510 DEBUG SQL:104 - 
    delete 
    from
        DataPoint 
    where
        id=?
14:11:36,510 DEBUG SQL:104 - 
    delete 
    from
        DataPoint 
    where
        id=?
14:11:36,511 DEBUG SQL:104 - 
    delete 
    from
        DataPoint 
    where
        id=?
14:11:36,511 DEBUG SQL:104 - 
    delete 
    from
        DataPoint 
    where
        id=?
14:11:36,511 DEBUG SQL:104 - 
    delete 
    from
        DataPoint 
    where
        id=?
14:11:36,520 DEBUG SQL:104 - 
    delete 
    from
        DataPoint 
    where
        id=?
14:11:36,520 DEBUG SQL:104 - 
    delete 
    from
        DataPoint 
    where
        id=?
14:11:36,520 DEBUG SQL:104 - 
    delete 
    from
        DataPoint 
    where
        id=?
14:11:36,521 DEBUG SQL:104 - 
    delete 
    from
        DataPoint 
    where
        id=?
14:11:36,521 DEBUG SQL:104 - 
    delete 
    from
        DataPoint 
    where
        id=?
14:11:36,531 DEBUG SQL:104 - 
    delete 
    from
        DataPoint 
    where
        id=?
14:11:36,531 DEBUG SQL:104 - 
    delete 
    from
        DataPoint 
    where
        id=?
14:11:36,532 DEBUG SQL:104 - 
    delete 
    from
        DataPoint 
    where
        id=?
14:11:36,532 DEBUG SQL:104 - 
    delete 
    from
        DataPoint 
    where
        id=?
14:11:36,532 DEBUG SQL:104 - 
    delete 
    from
        DataPoint 
    where
        id=?
14:11:36,542 DEBUG SQL:104 - 
    delete 
    from
        DataPoint 
    where
        id=?
14:11:36,542 DEBUG SQL:104 - 
    delete 
    from
        DataPoint 
    where
        id=?
14:11:36,544 DEBUG SQL:104 - 
    delete 
    from
        DataPoint 
    where
        id=?
14:11:36,544 DEBUG SQL:104 - 
    delete 
    from
        DataPoint 
    where
        id=?
14:11:36,544 DEBUG SQL:104 - 
    delete 
    from
        DataPoint 
    where
        id=?
14:11:36,553 DEBUG SQL:104 - 
    delete 
    from
        DataPoint 
    where
        id=?
14:11:36,553 DEBUG SQL:104 - 
    delete 
    from
        DataPoint 
    where
        id=?
14:11:36,553 DEBUG SQL:104 - 
    delete 
    from
        DataPoint 
    where
        id=?
14:11:36,553 DEBUG SQL:104 - 
    delete 
    from
        DataPoint 
    where
        id=?
14:11:36,553 DEBUG SQL:104 - 
    delete 
    from
        DataPoint 
    where
        id=?
14:11:36,553 DEBUG SQL:104 - 
    delete 
    from
        DataPoint 
    where
        id=?
14:11:36,554 DEBUG SQL:104 - 
    delete 
    from
        DataPoint 
    where
        id=?
14:11:36,554 DEBUG SQL:104 - 
    delete 
    from
        DataPoint 
    where
        id=?
14:11:36,554 DEBUG SQL:104 - 
    delete 
    from
        DataPoint 
    where
        id=?
14:11:36,554 DEBUG SQL:104 - 
    delete 
    from
        DataPoint 
    where
        id=?
14:11:36,563 DEBUG SQL:104 - 
    delete 
    from
        DataPoint 
    where
        id=?
14:11:36,563 DEBUG SQL:104 - 
    delete 
    from
        DataPoint 
    where
        id=?
14:11:36,563 DEBUG SQL:104 - 
    delete 
    from
        DataPoint 
    where
        id=?
14:11:36,564 DEBUG SQL:104 - 
    delete 
    from
        DataPoint 
    where
        id=?
14:11:36,564 DEBUG SQL:104 - 
    delete 
    from
        DataPoint 
    where
        id=?
14:11:36,573 DEBUG SQL:104 - 
    delete 
    from
        DataPoint 
    where
        id=?
14:11:36,574 DEBUG SQL:104 - 
    delete 
    from
        DataPoint 
    where
        id=?
14:11:36,575 DEBUG SQL:104 - 
    delete 
    from
        DataPoint 
    where
        id=?
14:11:36,575 DEBUG SQL:104 - 
    delete 
    from
        DataPoint 
    where
        id=?
14:11:36,576 DEBUG SQL:104 - 
    delete 
    from
        DataPoint 
    where
        id=?
14:11:36,576 DEBUG SQL:104 - 
    delete 
    from
        DataPoint 
    where
        id=?
14:11:36,576 DEBUG SQL:104 - 
    delete 
    from
        DataPoint 
    where
        id=?
14:11:36,576 DEBUG SQL:104 - 
    delete 
    from
        DataPoint 
    where
        id=?
14:11:36,597 DEBUG SQL:104 - 
    delete 
    from
        DataPoint 
    where
        id=?
14:11:36,597 DEBUG SQL:104 - 
    delete 
    from
        DataPoint 
    where
        id=?
14:11:36,597 DEBUG SQL:104 - 
    delete 
    from
        DataPoint 
    where
        id=?
14:11:36,597 DEBUG SQL:104 - 
    delete 
    from
        DataPoint 
    where
        id=?
14:11:36,597 DEBUG SQL:104 - 
    delete 
    from
        DataPoint 
    where
        id=?
14:11:36,597 DEBUG SQL:104 - 
    delete 
    from
        DataPoint 
    where
        id=?
14:11:36,597 DEBUG SQL:104 - 
    delete 
    from
        DataPoint 
    where
        id=?
14:11:36,598 DEBUG SQL:104 - 
    delete 
    from
        DataPoint 
    where
        id=?
14:11:36,598 DEBUG SQL:104 - 
    delete 
    from
        DataPoint 
    where
        id=?
14:11:36,598 DEBUG SQL:104 - 
    delete 
    from
        DataPoint 
    where
        id=?
14:11:36,598 DEBUG SQL:104 - 
    delete 
    from
        DataPoint 
    where
        id=?
14:11:36,598 DEBUG SQL:104 - 
    delete 
    from
        DataPoint 
    where
        id=?
14:11:36,616 DEBUG SQL:104 - 
    delete 
    from
        DataPoint 
    where
        id=?
14:11:36,617 DEBUG SQL:104 - 
    delete 
    from
        DataPoint 
    where
        id=?
14:11:36,618 DEBUG SQL:104 - 
    delete 
    from
        DataPoint 
    where
        id=?
14:11:36,618 DEBUG SQL:104 - 
    delete 
    from
        DataPoint 
    where
        id=?
14:11:36,619 DEBUG SQL:104 - 
    delete 
    from
        DataPoint 
    where
        id=?
14:11:36,619 DEBUG SQL:104 - 
    delete 
    from
        DataPoint 
    where
        id=?
14:11:36,628 DEBUG SQL:104 - 
    delete 
    from
        DataPoint 
    where
        id=?
14:11:36,628 DEBUG SQL:104 - 
    delete 
    from
        DataPoint 
    where
        id=?
14:11:36,629 DEBUG SQL:104 - 
    delete 
    from
        DataPoint 
    where
        id=?
14:11:36,629 DEBUG SQL:104 - 
    delete 
    from
        DataPoint 
    where
        id=?
14:11:36,629 DEBUG SQL:104 - 
    delete 
    from
        DataPoint 
    where
        id=?
14:11:36,639 DEBUG SQL:104 - 
    delete 
    from
        DataPoint 
    where
        id=?
14:11:36,639 DEBUG SQL:104 - 
    delete 
    from
        DataPoint 
    where
        id=?
14:11:36,640 DEBUG SQL:104 - 
    delete 
    from
        DataPoint 
    where
        id=?
14:11:36,640 DEBUG SQL:104 - 
    delete 
    from
        DataPoint 
    where
        id=?
14:11:36,640 DEBUG SQL:104 - 
    delete 
    from
        DataPoint 
    where
        id=?
14:11:36,650 DEBUG SQL:104 - 
    delete 
    from
        DataPoint 
    where
        id=?
14:11:36,650 DEBUG SQL:104 - 
    delete 
    from
        DataPoint 
    where
        id=?
14:11:36,650 DEBUG SQL:104 - 
    delete 
    from
        DataPoint 
    where
        id=?
14:11:36,650 DEBUG SQL:104 - 
    delete 
    from
        DataPoint 
    where
        id=?
14:11:36,650 DEBUG SQL:104 - 
    delete 
    from
        DataPoint 
    where
        id=?
14:11:36,659 DEBUG SQL:104 - 
    delete 
    from
        DataPoint 
    where
        id=?
14:11:36,660 DEBUG SQL:104 - 
    delete 
    from
        DataPoint 
    where
        id=?
14:11:36,661 DEBUG SQL:104 - 
    delete 
    from
        DataPoint 
    where
        id=?
14:11:36,661 DEBUG SQL:104 - 
    delete 
    from
        DataPoint 
    where
        id=?
14:11:36,661 DEBUG SQL:104 - 
    delete 
    from
        DataPoint 
    where
        id=?
14:11:36,699 DEBUG SQL:104 - 
    delete 
    from
        DataPoint 
    where
        id=?
14:11:36,699 DEBUG SQL:104 - 
    delete 
    from
        DataPoint 
    where
        id=?
14:11:36,699 DEBUG SQL:104 - 
    delete 
    from
        DataPoint 
    where
        id=?
14:11:36,699 DEBUG SQL:104 - 
    delete 
    from
        DataPoint 
    where
        id=?
14:11:36,699 DEBUG SQL:104 - 
    delete 
    from
        DataPoint 
    where
        id=?
14:11:36,699 DEBUG SQL:104 - 
    delete 
    from
        DataPoint 
    where
        id=?
14:11:36,699 DEBUG SQL:104 - 
    delete 
    from
        DataPoint 
    where
        id=?
14:11:36,699 DEBUG SQL:104 - 
    delete 
    from
        DataPoint 
    where
        id=?
14:11:36,700 DEBUG SQL:104 - 
    delete 
    from
        DataPoint 
    where
        id=?
14:11:36,700 DEBUG SQL:104 - 
    delete 
    from
        DataPoint 
    where
        id=?
14:11:36,700 DEBUG SQL:104 - 
    delete 
    from
        DataPoint 
    where
        id=?
14:11:36,700 DEBUG SQL:104 - 
    delete 
    from
        DataPoint 
    where
        id=?
14:11:36,700 DEBUG SQL:104 - 
    delete 
    from
        DataPoint 
    where
        id=?
14:11:36,700 DEBUG SQL:104 - 
    delete 
    from
        DataPoint 
    where
        id=?
14:11:36,700 DEBUG SQL:104 - 
    delete 
    from
        DataPoint 
    where
        id=?
14:11:36,700 DEBUG SQL:104 - 
    delete 
    from
        DataPoint 
    where
        id=?
14:11:36,701 DEBUG SQL:104 - 
    delete 
    from
        DataPoint 
    where
        id=?
14:11:36,702 DEBUG SQL:104 - 
    delete 
    from
        DataPoint 
    where
        id=?
14:11:36,702 DEBUG SQL:104 - 
    delete 
    from
        DataPoint 
    where
        id=?
14:11:36,702 DEBUG SQL:104 - 
    delete 
    from
        DataPoint 
    where
        id=?
14:11:36,702 DEBUG SQL:104 - 
    delete 
    from
        DataPoint 
    where
        id=?
14:11:36,702 DEBUG SQL:104 - 
    delete 
    from
        DataPoint 
    where
        id=?
14:11:36,702 DEBUG SQL:104 - 
    delete 
    from
        DataPoint 
    where
        id=?
14:11:36,702 DEBUG SQL:104 - 
    delete 
    from
        DataPoint 
    where
        id=?
14:11:36,702 DEBUG SQL:104 - 
    delete 
    from
        DataPoint 
    where
        id=?
14:11:36,719 DEBUG SQL:104 - 
    delete 
    from
        DataPoint 
    where
        id=?
14:11:36,719 DEBUG SQL:104 - 
    delete 
    from
        DataPoint 
    where
        id=?
14:11:36,719 DEBUG SQL:104 - 
    delete 
    from
        DataPoint 
    where
        id=?
14:11:36,720 DEBUG SQL:104 - 
    delete 
    from
        DataPoint 
    where
        id=?
14:11:36,720 DEBUG SQL:104 - 
    delete 
    from
        DataPoint 
    where
        id=?
14:11:36,743 DEBUG SQL:104 - 
    delete 
    from
        DataPoint 
    where
        id=?
14:11:36,743 DEBUG SQL:104 - 
    delete 
    from
        DataPoint 
    where
        id=?
14:11:36,743 DEBUG SQL:104 - 
    delete 
    from
        DataPoint 
    where
        id=?
14:11:36,743 DEBUG SQL:104 - 
    delete 
    from
        DataPoint 
    where
        id=?
14:11:36,743 DEBUG SQL:104 - 
    delete 
    from
        DataPoint 
    where
        id=?
14:11:36,743 DEBUG SQL:104 - 
    delete 
    from
        DataPoint 
    where
        id=?
14:11:36,745 DEBUG SQL:104 - 
    delete 
    from
        DataPoint 
    where
        id=?
14:11:36,745 DEBUG SQL:104 - 
    delete 
    from
        DataPoint 
    where
        id=?
14:11:36,745 DEBUG SQL:104 - 
    delete 
    from
        DataPoint 
    where
        id=?
14:11:36,745 DEBUG SQL:104 - 
    delete 
    from
        DataPoint 
    where
        id=?
14:11:36,745 DEBUG SQL:104 - 
    delete 
    from
        DataPoint 
    where
        id=?
14:11:36,745 DEBUG SQL:104 - 
    delete 
    from
        DataPoint 
    where
        id=?
14:11:36,745 DEBUG SQL:104 - 
    delete 
    from
        DataPoint 
    where
        id=?
14:11:36,764 DEBUG SQL:104 - 
    delete 
    from
        DataPoint 
    where
        id=?
14:11:36,765 DEBUG SQL:104 - 
    delete 
    from
        DataPoint 
    where
        id=?
14:11:36,765 DEBUG SQL:104 - 
    delete 
    from
        DataPoint 
    where
        id=?
14:11:36,765 DEBUG SQL:104 - 
    delete 
    from
        DataPoint 
    where
        id=?
14:11:36,765 DEBUG SQL:104 - 
    delete 
    from
        DataPoint 
    where
        id=?
14:11:36,776 DEBUG SQL:104 - 
    delete 
    from
        DataPoint 
    where
        id=?
14:11:36,776 DEBUG SQL:104 - 
    delete 
    from
        DataPoint 
    where
        id=?
14:11:36,776 DEBUG SQL:104 - 
    delete 
    from
        DataPoint 
    where
        id=?
14:11:36,776 DEBUG SQL:104 - 
    delete 
    from
        DataPoint 
    where
        id=?
14:11:36,776 DEBUG SQL:104 - 
    delete 
    from
        DataPoint 
    where
        id=?
14:11:36,786 DEBUG SQL:104 - 
    delete 
    from
        DataPoint 
    where
        id=?
14:11:36,786 DEBUG SQL:104 - 
    delete 
    from
        DataPoint 
    where
        id=?
14:11:36,786 DEBUG SQL:104 - 
    delete 
    from
        DataPoint 
    where
        id=?
14:11:36,787 DEBUG SQL:104 - 
    delete 
    from
        DataPoint 
    where
        id=?
14:11:36,788 DEBUG SQL:104 - 
    delete 
    from
        DataPoint 
    where
        id=?
14:11:36,795 DEBUG SQL:104 - 
    delete 
    from
        DataPoint 
    where
        id=?
14:11:36,796 DEBUG SQL:104 - 
    delete 
    from
        DataPoint 
    where
        id=?
14:11:36,796 DEBUG SQL:104 - 
    delete 
    from
        DataPoint 
    where
        id=?
14:11:36,796 DEBUG SQL:104 - 
    delete 
    from
        DataPoint 
    where
        id=?
14:11:36,796 DEBUG SQL:104 - 
    delete 
    from
        DataPoint 
    where
        id=?
14:11:36,796 DEBUG SQL:104 - 
    delete 
    from
        DataPoint 
    where
        id=?
14:11:36,806 DEBUG SQL:104 - 
    delete 
    from
        DataPoint 
    where
        id=?
14:11:36,806 DEBUG SQL:104 - 
    delete 
    from
        DataPoint 
    where
        id=?
14:11:36,806 DEBUG SQL:104 - 
    delete 
    from
        DataPoint 
    where
        id=?
14:11:36,806 DEBUG SQL:104 - 
    delete 
    from
        DataPoint 
    where
        id=?
14:11:36,807 DEBUG SQL:104 - 
    delete 
    from
        DataPoint 
    where
        id=?
14:11:36,807 DEBUG SQL:104 - 
    delete 
    from
        DataPoint 
    where
        id=?
14:11:36,807 DEBUG SQL:104 - 
    delete 
    from
        DataPoint 
    where
        id=?
14:11:36,807 DEBUG SQL:104 - 
    delete 
    from
        DataPoint 
    where
        id=?
14:11:36,807 DEBUG SQL:104 - 
    delete 
    from
        DataPoint 
    where
        id=?
14:11:36,807 DEBUG SQL:104 - 
    delete 
    from
        DataPoint 
    where
        id=?
14:11:36,819 DEBUG SQL:104 - 
    delete 
    from
        DataPoint 
    where
        id=?
14:11:36,819 DEBUG SQL:104 - 
    delete 
    from
        DataPoint 
    where
        id=?
14:11:36,821 DEBUG SQL:104 - 
    delete 
    from
        DataPoint 
    where
        id=?
14:11:36,821 DEBUG SQL:104 - 
    delete 
    from
        DataPoint 
    where
        id=?
14:11:36,821 DEBUG SQL:104 - 
    delete 
    from
        DataPoint 
    where
        id=?
14:11:36,832 DEBUG SQL:104 - 
    delete 
    from
        DataPoint 
    where
        id=?
14:11:36,833 DEBUG SQL:104 - 
    delete 
    from
        DataPoint 
    where
        id=?
14:11:36,833 DEBUG SQL:104 - 
    delete 
    from
        DataPoint 
    where
        id=?
14:11:36,833 DEBUG SQL:104 - 
    delete 
    from
        DataPoint 
    where
        id=?
14:11:36,833 DEBUG SQL:104 - 
    delete 
    from
        DataPoint 
    where
        id=?
14:11:36,834 DEBUG SQL:104 - 
    delete 
    from
        DataPoint 
    where
        id=?
14:11:36,834 DEBUG SQL:104 - 
    delete 
    from
        DataPoint 
    where
        id=?
14:11:36,834 DEBUG SQL:104 - 
    delete 
    from
        DataPoint 
    where
        id=?
14:11:36,858 DEBUG SQL:104 - 
    delete 
    from
        DataPoint 
    where
        id=?
14:11:36,858 DEBUG SQL:104 - 
    delete 
    from
        DataPoint 
    where
        id=?
14:11:36,858 DEBUG SQL:104 - 
    delete 
    from
        DataPoint 
    where
        id=?
14:11:36,858 DEBUG SQL:104 - 
    delete 
    from
        DataPoint 
    where
        id=?
14:11:36,858 DEBUG SQL:104 - 
    delete 
    from
        DataPoint 
    where
        id=?
14:11:36,867 DEBUG SQL:104 - 
    delete 
    from
        DataPoint 
    where
        id=?
14:11:36,867 DEBUG SQL:104 - 
    delete 
    from
        DataPoint 
    where
        id=?
14:11:36,868 DEBUG SQL:104 - 
    delete 
    from
        DataPoint 
    where
        id=?
14:11:36,868 DEBUG SQL:104 - 
    delete 
    from
        DataPoint 
    where
        id=?
14:11:36,869 DEBUG SQL:104 - 
    delete 
    from
        DataPoint 
    where
        id=?
14:11:36,877 DEBUG SQL:104 - 
    delete 
    from
        DataPoint 
    where
        id=?
14:11:36,877 DEBUG SQL:104 - 
    delete 
    from
        DataPoint 
    where
        id=?
14:11:36,877 DEBUG SQL:104 - 
    delete 
    from
        DataPoint 
    where
        id=?
14:11:36,877 DEBUG SQL:104 - 
    delete 
    from
        DataPoint 
    where
        id=?
14:11:36,877 DEBUG SQL:104 - 
    delete 
    from
        DataPoint 
    where
        id=?
14:11:36,886 DEBUG SQL:104 - 
    delete 
    from
        DataPoint 
    where
        id=?
14:11:36,886 DEBUG SQL:104 - 
    delete 
    from
        DataPoint 
    where
        id=?
14:11:36,886 DEBUG SQL:104 - 
    delete 
    from
        DataPoint 
    where
        id=?
14:11:36,886 DEBUG SQL:104 - 
    delete 
    from
        DataPoint 
    where
        id=?
14:11:36,886 DEBUG SQL:104 - 
    delete 
    from
        DataPoint 
    where
        id=?
14:11:36,897 DEBUG SQL:104 - 
    delete 
    from
        DataPoint 
    where
        id=?
14:11:36,897 DEBUG SQL:104 - 
    delete 
    from
        DataPoint 
    where
        id=?
14:11:36,897 DEBUG SQL:104 - 
    delete 
    from
        DataPoint 
    where
        id=?
14:11:36,897 DEBUG SQL:104 - 
    delete 
    from
        DataPoint 
    where
        id=?
14:11:36,897 DEBUG SQL:104 - 
    delete 
    from
        DataPoint 
    where
        id=?
14:11:36,908 DEBUG SQL:104 - 
    delete 
    from
        DataPoint 
    where
        id=?
14:11:36,908 DEBUG SQL:104 - 
    delete 
    from
        DataPoint 
    where
        id=?
14:11:36,908 DEBUG SQL:104 - 
    delete 
    from
        DataPoint 
    where
        id=?
14:11:36,908 DEBUG SQL:104 - 
    delete 
    from
        DataPoint 
    where
        id=?
14:11:36,909 DEBUG SQL:104 - 
    delete 
    from
        DataPoint 
    where
        id=?
14:11:36,922 DEBUG SQL:104 - 
    delete 
    from
        DataPoint 
    where
        id=?
14:11:36,922 DEBUG SQL:104 - 
    delete 
    from
        DataPoint 
    where
        id=?
14:11:36,923 DEBUG SQL:104 - 
    delete 
    from
        DataPoint 
    where
        id=?
14:11:36,923 DEBUG SQL:104 - 
    delete 
    from
        DataPoint 
    where
        id=?
14:11:36,923 DEBUG SQL:104 - 
    delete 
    from
        DataPoint 
    where
        id=?
14:11:36,933 DEBUG SQL:104 - 
    delete 
    from
        DataPoint 
    where
        id=?
14:11:36,933 DEBUG SQL:104 - 
    delete 
    from
        DataPoint 
    where
        id=?
14:11:36,933 DEBUG SQL:104 - 
    delete 
    from
        DataPoint 
    where
        id=?
14:11:36,933 DEBUG SQL:104 - 
    delete 
    from
        DataPoint 
    where
        id=?
14:11:36,933 DEBUG SQL:104 - 
    delete 
    from
        DataPoint 
    where
        id=?
14:11:36,933 DEBUG SQL:104 - 
    delete 
    from
        DataPoint 
    where
        id=?
14:11:36,934 DEBUG SQL:104 - 
    delete 
    from
        DataPoint 
    where
        id=?
14:11:36,934 DEBUG SQL:104 - 
    delete 
    from
        DataPoint 
    where
        id=?
14:11:36,934 DEBUG SQL:104 - 
    delete 
    from
        DataPoint 
    where
        id=?
14:11:36,934 DEBUG SQL:104 - 
    delete 
    from
        DataPoint 
    where
        id=?
14:11:36,934 DEBUG SQL:104 - 
    delete 
    from
        DataPoint 
    where
        id=?
14:11:36,947 DEBUG SQL:104 - 
    delete 
    from
        DataPoint 
    where
        id=?
14:11:36,947 DEBUG SQL:104 - 
    delete 
    from
        DataPoint 
    where
        id=?
14:11:36,947 DEBUG SQL:104 - 
    delete 
    from
        DataPoint 
    where
        id=?
14:11:36,948 DEBUG SQL:104 - 
    delete 
    from
        DataPoint 
    where
        id=?
14:11:36,949 DEBUG SQL:104 - 
    delete 
    from
        DataPoint 
    where
        id=?
14:11:36,956 DEBUG SQL:104 - 
    delete 
    from
        DataPoint 
    where
        id=?
14:11:36,956 DEBUG SQL:104 - 
    delete 
    from
        DataPoint 
    where
        id=?
14:11:36,957 DEBUG SQL:104 - 
    delete 
    from
        DataPoint 
    where
        id=?
14:11:36,957 DEBUG SQL:104 - 
    delete 
    from
        DataPoint 
    where
        id=?
14:11:36,957 DEBUG SQL:104 - 
    delete 
    from
        DataPoint 
    where
        id=?
14:11:36,957 DEBUG SQL:104 - 
    delete 
    from
        DataPoint 
    where
        id=?
14:11:36,957 DEBUG SQL:104 - 
    delete 
    from
        DataPoint 
    where
        id=?
14:11:36,980 DEBUG SQL:104 - 
    delete 
    from
        DataPoint 
    where
        id=?
14:11:36,980 DEBUG SQL:104 - 
    delete 
    from
        DataPoint 
    where
        id=?
14:11:36,980 DEBUG SQL:104 - 
    delete 
    from
        DataPoint 
    where
        id=?
14:11:36,980 DEBUG SQL:104 - 
    delete 
    from
        DataPoint 
    where
        id=?
14:11:36,981 DEBUG SQL:104 - 
    delete 
    from
        DataPoint 
    where
        id=?
14:11:36,994 DEBUG SQL:104 - 
    delete 
    from
        DataPoint 
    where
        id=?
14:11:36,994 DEBUG SQL:104 - 
    delete 
    from
        DataPoint 
    where
        id=?
14:11:36,994 DEBUG SQL:104 - 
    delete 
    from
        DataPoint 
    where
        id=?
14:11:36,994 DEBUG SQL:104 - 
    delete 
    from
        DataPoint 
    where
        id=?
14:11:36,994 DEBUG SQL:104 - 
    delete 
    from
        DataPoint 
    where
        id=?
14:11:37,002 DEBUG SQL:104 - 
    delete 
    from
        DataPoint 
    where
        id=?
14:11:37,003 DEBUG SQL:104 - 
    delete 
    from
        DataPoint 
    where
        id=?
14:11:37,003 DEBUG SQL:104 - 
    delete 
    from
        DataPoint 
    where
        id=?
14:11:37,003 DEBUG SQL:104 - 
    delete 
    from
        DataPoint 
    where
        id=?
14:11:37,004 DEBUG SQL:104 - 
    delete 
    from
        DataPoint 
    where
        id=?
14:11:37,004 DEBUG SQL:104 - 
    delete 
    from
        DataPoint 
    where
        id=?
14:11:37,012 DEBUG SQL:104 - 
    delete 
    from
        DataPoint 
    where
        id=?
14:11:37,012 DEBUG SQL:104 - 
    delete 
    from
        DataPoint 
    where
        id=?
14:11:37,012 DEBUG SQL:104 - 
    delete 
    from
        DataPoint 
    where
        id=?
14:11:37,012 DEBUG SQL:104 - 
    delete 
    from
        DataPoint 
    where
        id=?
14:11:37,012 DEBUG SQL:104 - 
    delete 
    from
        DataPoint 
    where
        id=?
14:11:37,022 DEBUG SQL:104 - 
    delete 
    from
        DataPoint 
    where
        id=?
14:11:37,023 DEBUG SQL:104 - 
    delete 
    from
        DataPoint 
    where
        id=?
14:11:37,023 DEBUG SQL:104 - 
    delete 
    from
        DataPoint 
    where
        id=?
14:11:37,023 DEBUG SQL:104 - 
    delete 
    from
        DataPoint 
    where
        id=?
14:11:37,023 DEBUG SQL:104 - 
    delete 
    from
        DataPoint 
    where
        id=?
14:11:37,033 DEBUG SQL:104 - 
    delete 
    from
        DataPoint 
    where
        id=?
14:11:37,033 DEBUG SQL:104 - 
    delete 
    from
        DataPoint 
    where
        id=?
14:11:37,034 DEBUG SQL:104 - 
    delete 
    from
        DataPoint 
    where
        id=?
14:11:37,034 DEBUG SQL:104 - 
    delete 
    from
        DataPoint 
    where
        id=?
14:11:37,034 DEBUG SQL:104 - 
    delete 
    from
        DataPoint 
    where
        id=?
14:11:37,045 DEBUG SQL:104 - 
    delete 
    from
        DataPoint 
    where
        id=?
14:11:37,046 DEBUG SQL:104 - 
    delete 
    from
        DataPoint 
    where
        id=?
14:11:37,046 DEBUG SQL:104 - 
    delete 
    from
        DataPoint 
    where
        id=?
14:11:37,046 DEBUG SQL:104 - 
    delete 
    from
        DataPoint 
    where
        id=?
14:11:37,046 DEBUG SQL:104 - 
    delete 
    from
        DataPoint 
    where
        id=?
14:11:37,056 DEBUG SQL:104 - 
    delete 
    from
        DataPoint 
    where
        id=?
14:11:37,056 DEBUG SQL:104 - 
    delete 
    from
        DataPoint 
    where
        id=?
14:11:37,056 DEBUG SQL:104 - 
    delete 
    from
        DataPoint 
    where
        id=?
14:11:37,056 DEBUG SQL:104 - 
    delete 
    from
        DataPoint 
    where
        id=?
14:11:37,056 DEBUG SQL:104 - 
    delete 
    from
        DataPoint 
    where
        id=?
14:11:37,056 DEBUG SQL:104 - 
    delete 
    from
        DataPoint 
    where
        id=?
14:11:37,057 DEBUG SQL:104 - 
    delete 
    from
        DataPoint 
    where
        id=?
14:11:37,057 DEBUG SQL:104 - 
    delete 
    from
        DataPoint 
    where
        id=?
14:11:37,057 DEBUG SQL:104 - 
    delete 
    from
        DataPoint 
    where
        id=?
14:11:37,057 DEBUG SQL:104 - 
    delete 
    from
        DataPoint 
    where
        id=?
14:11:37,070 DEBUG SQL:104 - 
    delete 
    from
        DataPoint 
    where
        id=?
14:11:37,070 DEBUG SQL:104 - 
    delete 
    from
        DataPoint 
    where
        id=?
14:11:37,070 DEBUG SQL:104 - 
    delete 
    from
        DataPoint 
    where
        id=?
14:11:37,070 DEBUG SQL:104 - 
    delete 
    from
        DataPoint 
    where
        id=?
14:11:37,070 DEBUG SQL:104 - 
    delete 
    from
        DataPoint 
    where
        id=?
14:11:37,082 DEBUG SQL:104 - 
    delete 
    from
        DataPoint 
    where
        id=?
14:11:37,083 DEBUG SQL:104 - 
    delete 
    from
        DataPoint 
    where
        id=?
14:11:37,083 DEBUG SQL:104 - 
    delete 
    from
        DataPoint 
    where
        id=?
14:11:37,083 DEBUG SQL:104 - 
    delete 
    from
        DataPoint 
    where
        id=?
14:11:37,083 DEBUG SQL:104 - 
    delete 
    from
        DataPoint 
    where
        id=?
14:11:37,083 DEBUG SQL:104 - 
    delete 
    from
        DataPoint 
    where
        id=?
14:11:37,083 DEBUG SQL:104 - 
    delete 
    from
        DataPoint 
    where
        id=?
14:11:37,083 DEBUG SQL:104 - 
    delete 
    from
        DataPoint 
    where
        id=?
14:11:37,106 DEBUG SQL:104 - 
    delete 
    from
        DataPoint 
    where
        id=?
14:11:37,106 DEBUG SQL:104 - 
    delete 
    from
        DataPoint 
    where
        id=?
14:11:37,106 DEBUG SQL:104 - 
    delete 
    from
        DataPoint 
    where
        id=?
14:11:37,106 DEBUG SQL:104 - 
    delete 
    from
        DataPoint 
    where
        id=?
14:11:37,106 DEBUG SQL:104 - 
    delete 
    from
        DataPoint 
    where
        id=?
14:11:37,118 DEBUG SQL:104 - 
    delete 
    from
        DataPoint 
    where
        id=?
14:11:37,118 DEBUG SQL:104 - 
    delete 
    from
        DataPoint 
    where
        id=?
14:11:37,118 DEBUG SQL:104 - 
    delete 
    from
        DataPoint 
    where
        id=?
14:11:37,118 DEBUG SQL:104 - 
    delete 
    from
        DataPoint 
    where
        id=?
14:11:37,118 DEBUG SQL:104 - 
    delete 
    from
        DataPoint 
    where
        id=?
14:11:37,130 DEBUG SQL:104 - 
    delete 
    from
        DataPoint 
    where
        id=?
14:11:37,130 DEBUG SQL:104 - 
    delete 
    from
        DataPoint 
    where
        id=?
14:11:37,132 DEBUG SQL:104 - 
    delete 
    from
        DataPoint 
    where
        id=?
14:11:37,132 DEBUG SQL:104 - 
    delete 
    from
        DataPoint 
    where
        id=?
14:11:37,132 DEBUG SQL:104 - 
    delete 
    from
        DataPoint 
    where
        id=?
14:11:37,140 DEBUG SQL:104 - 
    delete 
    from
        DataPoint 
    where
        id=?
14:11:37,141 DEBUG SQL:104 - 
    delete 
    from
        DataPoint 
    where
        id=?
14:11:37,141 DEBUG SQL:104 - 
    delete 
    from
        DataPoint 
    where
        id=?
14:11:37,141 DEBUG SQL:104 - 
    delete 
    from
        DataPoint 
    where
        id=?
14:11:37,142 DEBUG SQL:104 - 
    delete 
    from
        DataPoint 
    where
        id=?
14:11:37,152 DEBUG SQL:104 - 
    delete 
    from
        DataPoint 
    where
        id=?
14:11:37,152 DEBUG SQL:104 - 
    delete 
    from
        DataPoint 
    where
        id=?
14:11:37,152 DEBUG SQL:104 - 
    delete 
    from
        DataPoint 
    where
        id=?
14:11:37,153 DEBUG SQL:104 - 
    delete 
    from
        DataPoint 
    where
        id=?
14:11:37,153 DEBUG SQL:104 - 
    delete 
    from
        DataPoint 
    where
        id=?
14:11:37,153 DEBUG SQL:104 - 
    delete 
    from
        DataPoint 
    where
        id=?
14:11:37,164 DEBUG SQL:104 - 
    delete 
    from
        DataPoint 
    where
        id=?
14:11:37,164 DEBUG SQL:104 - 
    delete 
    from
        DataPoint 
    where
        id=?
14:11:37,164 DEBUG SQL:104 - 
    delete 
    from
        DataPoint 
    where
        id=?
14:11:37,164 DEBUG SQL:104 - 
    delete 
    from
        DataPoint 
    where
        id=?
14:11:37,165 DEBUG SQL:104 - 
    delete 
    from
        DataPoint 
    where
        id=?
14:11:37,175 DEBUG SQL:104 - 
    delete 
    from
        DataPoint 
    where
        id=?
14:11:37,176 DEBUG SQL:104 - 
    delete 
    from
        DataPoint 
    where
        id=?
14:11:37,176 DEBUG SQL:104 - 
    delete 
    from
        DataPoint 
    where
        id=?
14:11:37,176 DEBUG SQL:104 - 
    delete 
    from
        DataPoint 
    where
        id=?
14:11:37,176 DEBUG SQL:104 - 
    delete 
    from
        DataPoint 
    where
        id=?
14:11:37,186 DEBUG SQL:104 - 
    delete 
    from
        DataPoint 
    where
        id=?
14:11:37,186 DEBUG SQL:104 - 
    delete 
    from
        DataPoint 
    where
        id=?
14:11:37,186 DEBUG SQL:104 - 
    delete 
    from
        DataPoint 
    where
        id=?
14:11:37,186 DEBUG SQL:104 - 
    delete 
    from
        DataPoint 
    where
        id=?
14:11:37,186 DEBUG SQL:104 - 
    delete 
    from
        DataPoint 
    where
        id=?
14:11:37,187 DEBUG SQL:104 - 
    delete 
    from
        DataPoint 
    where
        id=?
14:11:37,187 DEBUG SQL:104 - 
    delete 
    from
        DataPoint 
    where
        id=?
14:11:37,187 DEBUG SQL:104 - 
    delete 
    from
        DataPoint 
    where
        id=?
14:11:37,187 DEBUG SQL:104 - 
    delete 
    from
        DataPoint 
    where
        id=?
14:11:37,187 DEBUG SQL:104 - 
    delete 
    from
        DataPoint 
    where
        id=?
14:11:37,200 DEBUG SQL:104 - 
    delete 
    from
        DataPoint 
    where
        id=?
14:11:37,200 DEBUG SQL:104 - 
    delete 
    from
        DataPoint 
    where
        id=?
14:11:37,200 DEBUG SQL:104 - 
    delete 
    from
        DataPoint 
    where
        id=?
14:11:37,200 DEBUG SQL:104 - 
    delete 
    from
        DataPoint 
    where
        id=?
14:11:37,200 DEBUG SQL:104 - 
    delete 
    from
        DataPoint 
    where
        id=?
14:11:37,211 DEBUG SQL:104 - 
    delete 
    from
        DataPoint 
    where
        id=?
14:11:37,212 DEBUG SQL:104 - 
    delete 
    from
        DataPoint 
    where
        id=?
14:11:37,213 DEBUG SQL:104 - 
    delete 
    from
        DataPoint 
    where
        id=?
14:11:37,213 DEBUG SQL:104 - 
    delete 
    from
        DataPoint 
    where
        id=?
14:11:37,213 DEBUG SQL:104 - 
    delete 
    from
        DataPoint 
    where
        id=?
14:11:37,213 DEBUG SQL:104 - 
    delete 
    from
        DataPoint 
    where
        id=?
14:11:37,213 DEBUG SQL:104 - 
    delete 
    from
        DataPoint 
    where
        id=?
14:11:37,213 DEBUG SQL:104 - 
    delete 
    from
        DataPoint 
    where
        id=?
14:11:37,236 DEBUG SQL:104 - 
    delete 
    from
        DataPoint 
    where
        id=?
14:11:37,236 DEBUG SQL:104 - 
    delete 
    from
        DataPoint 
    where
        id=?
14:11:37,236 DEBUG SQL:104 - 
    delete 
    from
        DataPoint 
    where
        id=?
14:11:37,236 DEBUG SQL:104 - 
    delete 
    from
        DataPoint 
    where
        id=?
14:11:37,236 DEBUG SQL:104 - 
    delete 
    from
        DataPoint 
    where
        id=?
14:11:37,236 DEBUG SQL:104 - 
    delete 
    from
        DataPoint 
    where
        id=?
14:11:37,237 DEBUG SQL:104 - 
    delete 
    from
        DataPoint 
    where
        id=?
14:11:37,237 DEBUG SQL:104 - 
    delete 
    from
        DataPoint 
    where
        id=?
14:11:37,237 DEBUG SQL:104 - 
    delete 
    from
        DataPoint 
    where
        id=?
14:11:37,237 DEBUG SQL:104 - 
    delete 
    from
        DataPoint 
    where
        id=?
14:11:37,237 DEBUG SQL:104 - 
    delete 
    from
        DataPoint 
    where
        id=?
14:11:37,237 DEBUG SQL:104 - 
    delete 
    from
        DataPoint 
    where
        id=?
14:11:37,261 DEBUG SQL:104 - 
    delete 
    from
        DataPoint 
    where
        id=?
14:11:37,262 DEBUG SQL:104 - 
    delete 
    from
        DataPoint 
    where
        id=?
14:11:37,263 DEBUG SQL:104 - 
    delete 
    from
        DataPoint 
    where
        id=?
14:11:37,263 DEBUG SQL:104 - 
    delete 
    from
        DataPoint 
    where
        id=?
14:11:37,263 DEBUG SQL:104 - 
    delete 
    from
        DataPoint 
    where
        id=?
14:11:37,273 DEBUG SQL:104 - 
    delete 
    from
        DataPoint 
    where
        id=?
14:11:37,273 DEBUG SQL:104 - 
    delete 
    from
        DataPoint 
    where
        id=?
14:11:37,273 DEBUG SQL:104 - 
    delete 
    from
        DataPoint 
    where
        id=?
14:11:37,273 DEBUG SQL:104 - 
    delete 
    from
        DataPoint 
    where
        id=?
14:11:37,273 DEBUG SQL:104 - 
    delete 
    from
        DataPoint 
    where
        id=?
14:11:37,273 DEBUG SQL:104 - 
    delete 
    from
        DataPoint 
    where
        id=?
14:11:37,282 DEBUG SQL:104 - 
    delete 
    from
        DataPoint 
    where
        id=?
14:11:37,282 DEBUG SQL:104 - 
    delete 
    from
        DataPoint 
    where
        id=?
14:11:37,282 DEBUG SQL:104 - 
    delete 
    from
        DataPoint 
    where
        id=?
14:11:37,283 DEBUG SQL:104 - 
    delete 
    from
        DataPoint 
    where
        id=?
14:11:37,283 DEBUG SQL:104 - 
    delete 
    from
        DataPoint 
    where
        id=?
14:11:37,293 DEBUG SQL:104 - 
    delete 
    from
        DataPoint 
    where
        id=?
14:11:37,293 DEBUG SQL:104 - 
    delete 
    from
        DataPoint 
    where
        id=?
14:11:37,293 DEBUG SQL:104 - 
    delete 
    from
        DataPoint 
    where
        id=?
14:11:37,293 DEBUG SQL:104 - 
    delete 
    from
        DataPoint 
    where
        id=?
14:11:37,293 DEBUG SQL:104 - 
    delete 
    from
        DataPoint 
    where
        id=?
14:11:37,304 DEBUG SQL:104 - 
    delete 
    from
        DataPoint 
    where
        id=?
14:11:37,304 DEBUG SQL:104 - 
    delete 
    from
        DataPoint 
    where
        id=?
14:11:37,304 DEBUG SQL:104 - 
    delete 
    from
        DataPoint 
    where
        id=?
14:11:37,304 DEBUG SQL:104 - 
    delete 
    from
        DataPoint 
    where
        id=?
14:11:37,304 DEBUG SQL:104 - 
    delete 
    from
        DataPoint 
    where
        id=?
14:11:37,341 DEBUG SQL:104 - 
    delete 
    from
        DataPoint 
    where
        id=?
14:11:37,341 DEBUG SQL:104 - 
    delete 
    from
        DataPoint 
    where
        id=?
14:11:37,341 DEBUG SQL:104 - 
    delete 
    from
        DataPoint 
    where
        id=?
14:11:37,341 DEBUG SQL:104 - 
    delete 
    from
        DataPoint 
    where
        id=?
14:11:37,341 DEBUG SQL:104 - 
    delete 
    from
        DataPoint 
    where
        id=?
14:11:37,341 DEBUG SQL:104 - 
    delete 
    from
        DataPoint 
    where
        id=?
14:11:37,341 DEBUG SQL:104 - 
    delete 
    from
        DataPoint 
    where
        id=?
14:11:37,342 DEBUG SQL:104 - 
    delete 
    from
        DataPoint 
    where
        id=?
14:11:37,342 DEBUG SQL:104 - 
    delete 
    from
        DataPoint 
    where
        id=?
14:11:37,342 DEBUG SQL:104 - 
    delete 
    from
        DataPoint 
    where
        id=?
14:11:37,351 DEBUG SQL:104 - 
    delete 
    from
        DataPoint 
    where
        id=?
14:11:37,351 DEBUG SQL:104 - 
    delete 
    from
        DataPoint 
    where
        id=?
14:11:37,351 DEBUG SQL:104 - 
    delete 
    from
        DataPoint 
    where
        id=?
14:11:37,351 DEBUG SQL:104 - 
    delete 
    from
        DataPoint 
    where
        id=?
14:11:37,351 DEBUG SQL:104 - 
    delete 
    from
        DataPoint 
    where
        id=?
14:11:37,377  INFO CustomRunner:139 - Test: testBatchInsertUpdateSizeEqJdbcBatchSize
14:11:37,380 DEBUG SQL:104 - 
    insert 
    into
        DataPoint
        (xval, yval, description, id) 
    values
        (?, ?, ?, ?)
14:11:37,381 DEBUG SQL:104 - 
    insert 
    into
        DataPoint
        (xval, yval, description, id) 
    values
        (?, ?, ?, ?)
14:11:37,381 DEBUG SQL:104 - 
    insert 
    into
        DataPoint
        (xval, yval, description, id) 
    values
        (?, ?, ?, ?)
14:11:37,381 DEBUG SQL:104 - 
    insert 
    into
        DataPoint
        (xval, yval, description, id) 
    values
        (?, ?, ?, ?)
14:11:37,381 DEBUG SQL:104 - 
    insert 
    into
        DataPoint
        (xval, yval, description, id) 
    values
        (?, ?, ?, ?)
14:11:37,381 DEBUG SQL:104 - 
    insert 
    into
        DataPoint
        (xval, yval, description, id) 
    values
        (?, ?, ?, ?)
14:11:37,393 DEBUG SQL:104 - 
    insert 
    into
        DataPoint
        (xval, yval, description, id) 
    values
        (?, ?, ?, ?)
14:11:37,393 DEBUG SQL:104 - 
    insert 
    into
        DataPoint
        (xval, yval, description, id) 
    values
        (?, ?, ?, ?)
14:11:37,393 DEBUG SQL:104 - 
    insert 
    into
        DataPoint
        (xval, yval, description, id) 
    values
        (?, ?, ?, ?)
14:11:37,393 DEBUG SQL:104 - 
    insert 
    into
        DataPoint
        (xval, yval, description, id) 
    values
        (?, ?, ?, ?)
14:11:37,393 DEBUG SQL:104 - 
    insert 
    into
        DataPoint
        (xval, yval, description, id) 
    values
        (?, ?, ?, ?)
14:11:37,405 DEBUG SQL:104 - 
    insert 
    into
        DataPoint
        (xval, yval, description, id) 
    values
        (?, ?, ?, ?)
14:11:37,406 DEBUG SQL:104 - 
    insert 
    into
        DataPoint
        (xval, yval, description, id) 
    values
        (?, ?, ?, ?)
14:11:37,406 DEBUG SQL:104 - 
    insert 
    into
        DataPoint
        (xval, yval, description, id) 
    values
        (?, ?, ?, ?)
14:11:37,406 DEBUG SQL:104 - 
    insert 
    into
        DataPoint
        (xval, yval, description, id) 
    values
        (?, ?, ?, ?)
14:11:37,418 DEBUG SQL:104 - 
    insert 
    into
        DataPoint
        (xval, yval, description, id) 
    values
        (?, ?, ?, ?)
14:11:37,419 DEBUG SQL:104 - 
    insert 
    into
        DataPoint
        (xval, yval, description, id) 
    values
        (?, ?, ?, ?)
14:11:37,419 DEBUG SQL:104 - 
    insert 
    into
        DataPoint
        (xval, yval, description, id) 
    values
        (?, ?, ?, ?)
14:11:37,419 DEBUG SQL:104 - 
    insert 
    into
        DataPoint
        (xval, yval, description, id) 
    values
        (?, ?, ?, ?)
14:11:37,431 DEBUG SQL:104 - 
    insert 
    into
        DataPoint
        (xval, yval, description, id) 
    values
        (?, ?, ?, ?)
14:11:37,432 DEBUG SQL:104 - 
    insert 
    into
        DataPoint
        (xval, yval, description, id) 
    values
        (?, ?, ?, ?)
14:11:37,432 DEBUG SQL:104 - 
    insert 
    into
        DataPoint
        (xval, yval, description, id) 
    values
        (?, ?, ?, ?)
14:11:37,432 DEBUG SQL:104 - 
    insert 
    into
        DataPoint
        (xval, yval, description, id) 
    values
        (?, ?, ?, ?)
14:11:37,432 DEBUG SQL:104 - 
    insert 
    into
        DataPoint
        (xval, yval, description, id) 
    values
        (?, ?, ?, ?)
14:11:37,450 DEBUG SQL:104 - 
    insert 
    into
        DataPoint
        (xval, yval, description, id) 
    values
        (?, ?, ?, ?)
14:11:37,450 DEBUG SQL:104 - 
    insert 
    into
        DataPoint
        (xval, yval, description, id) 
    values
        (?, ?, ?, ?)
14:11:37,451 DEBUG SQL:104 - 
    insert 
    into
        DataPoint
        (xval, yval, description, id) 
    values
        (?, ?, ?, ?)
14:11:37,451 DEBUG SQL:104 - 
    insert 
    into
        DataPoint
        (xval, yval, description, id) 
    values
        (?, ?, ?, ?)
14:11:37,451 DEBUG SQL:104 - 
    insert 
    into
        DataPoint
        (xval, yval, description, id) 
    values
        (?, ?, ?, ?)
14:11:37,451 DEBUG SQL:104 - 
    insert 
    into
        DataPoint
        (xval, yval, description, id) 
    values
        (?, ?, ?, ?)
14:11:37,451 DEBUG SQL:104 - 
    insert 
    into
        DataPoint
        (xval, yval, description, id) 
    values
        (?, ?, ?, ?)
14:11:37,451 DEBUG SQL:104 - 
    insert 
    into
        DataPoint
        (xval, yval, description, id) 
    values
        (?, ?, ?, ?)
14:11:37,465 DEBUG SQL:104 - 
    insert 
    into
        DataPoint
        (xval, yval, description, id) 
    values
        (?, ?, ?, ?)
14:11:37,465 DEBUG SQL:104 - 
    insert 
    into
        DataPoint
        (xval, yval, description, id) 
    values
        (?, ?, ?, ?)
14:11:37,466 DEBUG SQL:104 - 
    insert 
    into
        DataPoint
        (xval, yval, description, id) 
    values
        (?, ?, ?, ?)
14:11:37,466 DEBUG SQL:104 - 
    insert 
    into
        DataPoint
        (xval, yval, description, id) 
    values
        (?, ?, ?, ?)
14:11:37,466 DEBUG SQL:104 - 
    insert 
    into
        DataPoint
        (xval, yval, description, id) 
    values
        (?, ?, ?, ?)
14:11:37,476 DEBUG SQL:104 - 
    insert 
    into
        DataPoint
        (xval, yval, description, id) 
    values
        (?, ?, ?, ?)
14:11:37,477 DEBUG SQL:104 - 
    insert 
    into
        DataPoint
        (xval, yval, description, id) 
    values
        (?, ?, ?, ?)
14:11:37,477 DEBUG SQL:104 - 
    insert 
    into
        DataPoint
        (xval, yval, description, id) 
    values
        (?, ?, ?, ?)
14:11:37,477 DEBUG SQL:104 - 
    insert 
    into
        DataPoint
        (xval, yval, description, id) 
    values
        (?, ?, ?, ?)
14:11:37,477 DEBUG SQL:104 - 
    insert 
    into
        DataPoint
        (xval, yval, description, id) 
    values
        (?, ?, ?, ?)
14:11:37,477 DEBUG SQL:104 - 
    insert 
    into
        DataPoint
        (xval, yval, description, id) 
    values
        (?, ?, ?, ?)
14:11:37,499 DEBUG SQL:104 - 
    insert 
    into
        DataPoint
        (xval, yval, description, id) 
    values
        (?, ?, ?, ?)
14:11:37,499 DEBUG SQL:104 - 
    insert 
    into
        DataPoint
        (xval, yval, description, id) 
    values
        (?, ?, ?, ?)
14:11:37,499 DEBUG SQL:104 - 
    insert 
    into
        DataPoint
        (xval, yval, description, id) 
    values
        (?, ?, ?, ?)
14:11:37,499 DEBUG SQL:104 - 
    insert 
    into
        DataPoint
        (xval, yval, description, id) 
    values
        (?, ?, ?, ?)
14:11:37,499 DEBUG SQL:104 - 
    insert 
    into
        DataPoint
        (xval, yval, description, id) 
    values
        (?, ?, ?, ?)
14:11:37,509 DEBUG SQL:104 - 
    insert 
    into
        DataPoint
        (xval, yval, description, id) 
    values
        (?, ?, ?, ?)
14:11:37,509 DEBUG SQL:104 - 
    insert 
    into
        DataPoint
        (xval, yval, description, id) 
    values
        (?, ?, ?, ?)
14:11:37,510 DEBUG SQL:104 - 
    select
        datapoint0_.id as id0_,
        datapoint0_.xval as xval0_,
        datapoint0_.yval as yval0_,
        datapoint0_.description as descript4_0_ 
    from
        DataPoint datapoint0_ 
    order by
        datapoint0_.xval asc
14:11:37,511 DEBUG SQL:104 - 
    update
        DataPoint 
    set
        description=? 
    where
        id=?
14:11:37,521 DEBUG SQL:104 - 
    update
        DataPoint 
    set
        description=? 
    where
        id=?
14:11:37,521 DEBUG SQL:104 - 
    update
        DataPoint 
    set
        description=? 
    where
        id=?
14:11:37,521 DEBUG SQL:104 - 
    update
        DataPoint 
    set
        description=? 
    where
        id=?
14:11:37,521 DEBUG SQL:104 - 
    update
        DataPoint 
    set
        description=? 
    where
        id=?
14:11:37,535 DEBUG SQL:104 - 
    update
        DataPoint 
    set
        description=? 
    where
        id=?
14:11:37,535 DEBUG SQL:104 - 
    update
        DataPoint 
    set
        description=? 
    where
        id=?
14:11:37,535 DEBUG SQL:104 - 
    update
        DataPoint 
    set
        description=? 
    where
        id=?
14:11:37,535 DEBUG SQL:104 - 
    update
        DataPoint 
    set
        description=? 
    where
        id=?
14:11:37,543 DEBUG SQL:104 - 
    update
        DataPoint 
    set
        description=? 
    where
        id=?
14:11:37,544 DEBUG SQL:104 - 
    update
        DataPoint 
    set
        description=? 
    where
        id=?
14:11:37,544 DEBUG SQL:104 - 
    update
        DataPoint 
    set
        description=? 
    where
        id=?
14:11:37,544 DEBUG SQL:104 - 
    update
        DataPoint 
    set
        description=? 
    where
        id=?
14:11:37,544 DEBUG SQL:104 - 
    update
        DataPoint 
    set
        description=? 
    where
        id=?
14:11:37,554 DEBUG SQL:104 - 
    update
        DataPoint 
    set
        description=? 
    where
        id=?
14:11:37,554 DEBUG SQL:104 - 
    update
        DataPoint 
    set
        description=? 
    where
        id=?
14:11:37,554 DEBUG SQL:104 - 
    update
        DataPoint 
    set
        description=? 
    where
        id=?
14:11:37,554 DEBUG SQL:104 - 
    update
        DataPoint 
    set
        description=? 
    where
        id=?
14:11:37,565 DEBUG SQL:104 - 
    update
        DataPoint 
    set
        description=? 
    where
        id=?
14:11:37,565 DEBUG SQL:104 - 
    update
        DataPoint 
    set
        description=? 
    where
        id=?
14:11:37,566 DEBUG SQL:104 - 
    update
        DataPoint 
    set
        description=? 
    where
        id=?
14:11:37,566 DEBUG SQL:104 - 
    update
        DataPoint 
    set
        description=? 
    where
        id=?
14:11:37,566 DEBUG SQL:104 - 
    update
        DataPoint 
    set
        description=? 
    where
        id=?
14:11:37,576 DEBUG SQL:104 - 
    update
        DataPoint 
    set
        description=? 
    where
        id=?
14:11:37,576 DEBUG SQL:104 - 
    update
        DataPoint 
    set
        description=? 
    where
        id=?
14:11:37,576 DEBUG SQL:104 - 
    update
        DataPoint 
    set
        description=? 
    where
        id=?
14:11:37,577 DEBUG SQL:104 - 
    update
        DataPoint 
    set
        description=? 
    where
        id=?
14:11:37,577 DEBUG SQL:104 - 
    update
        DataPoint 
    set
        description=? 
    where
        id=?
14:11:37,577 DEBUG SQL:104 - 
    update
        DataPoint 
    set
        description=? 
    where
        id=?
14:11:37,577 DEBUG SQL:104 - 
    update
        DataPoint 
    set
        description=? 
    where
        id=?
14:11:37,577 DEBUG SQL:104 - 
    update
        DataPoint 
    set
        description=? 
    where
        id=?
14:11:37,589 DEBUG SQL:104 - 
    update
        DataPoint 
    set
        description=? 
    where
        id=?
14:11:37,589 DEBUG SQL:104 - 
    update
        DataPoint 
    set
        description=? 
    where
        id=?
14:11:37,589 DEBUG SQL:104 - 
    update
        DataPoint 
    set
        description=? 
    where
        id=?
14:11:37,589 DEBUG SQL:104 - 
    update
        DataPoint 
    set
        description=? 
    where
        id=?
14:11:37,589 DEBUG SQL:104 - 
    update
        DataPoint 
    set
        description=? 
    where
        id=?
14:11:37,599 DEBUG SQL:104 - 
    update
        DataPoint 
    set
        description=? 
    where
        id=?
14:11:37,599 DEBUG SQL:104 - 
    update
        DataPoint 
    set
        description=? 
    where
        id=?
14:11:37,599 DEBUG SQL:104 - 
    update
        DataPoint 
    set
        description=? 
    where
        id=?
14:11:37,599 DEBUG SQL:104 - 
    update
        DataPoint 
    set
        description=? 
    where
        id=?
14:11:37,600 DEBUG SQL:104 - 
    update
        DataPoint 
    set
        description=? 
    where
        id=?
14:11:37,600 DEBUG SQL:104 - 
    update
        DataPoint 
    set
        description=? 
    where
        id=?
14:11:37,621 DEBUG SQL:104 - 
    update
        DataPoint 
    set
        description=? 
    where
        id=?
14:11:37,621 DEBUG SQL:104 - 
    update
        DataPoint 
    set
        description=? 
    where
        id=?
14:11:37,621 DEBUG SQL:104 - 
    update
        DataPoint 
    set
        description=? 
    where
        id=?
14:11:37,621 DEBUG SQL:104 - 
    update
        DataPoint 
    set
        description=? 
    where
        id=?
14:11:37,621 DEBUG SQL:104 - 
    update
        DataPoint 
    set
        description=? 
    where
        id=?
14:11:37,632 DEBUG SQL:104 - 
    update
        DataPoint 
    set
        description=? 
    where
        id=?
14:11:37,632 DEBUG SQL:104 - 
    update
        DataPoint 
    set
        description=? 
    where
        id=?
14:11:37,632 DEBUG SQL:104 - 
    update
        DataPoint 
    set
        description=? 
    where
        id=?
14:11:37,633 DEBUG SQL:104 - 
    select
        datapoint0_.id as id0_,
        datapoint0_.xval as xval0_,
        datapoint0_.yval as yval0_,
        datapoint0_.description as descript4_0_ 
    from
        DataPoint datapoint0_ 
    order by
        datapoint0_.xval asc
14:11:37,643 DEBUG SQL:104 - 
    delete 
    from
        DataPoint 
    where
        id=?
14:11:37,644 DEBUG SQL:104 - 
    delete 
    from
        DataPoint 
    where
        id=?
14:11:37,644 DEBUG SQL:104 - 
    delete 
    from
        DataPoint 
    where
        id=?
14:11:37,644 DEBUG SQL:104 - 
    delete 
    from
        DataPoint 
    where
        id=?
14:11:37,644 DEBUG SQL:104 - 
    delete 
    from
        DataPoint 
    where
        id=?
14:11:37,652 DEBUG SQL:104 - 
    delete 
    from
        DataPoint 
    where
        id=?
14:11:37,653 DEBUG SQL:104 - 
    delete 
    from
        DataPoint 
    where
        id=?
14:11:37,653 DEBUG SQL:104 - 
    delete 
    from
        DataPoint 
    where
        id=?
14:11:37,653 DEBUG SQL:104 - 
    delete 
    from
        DataPoint 
    where
        id=?
14:11:37,653 DEBUG SQL:104 - 
    delete 
    from
        DataPoint 
    where
        id=?
14:11:37,663 DEBUG SQL:104 - 
    delete 
    from
        DataPoint 
    where
        id=?
14:11:37,663 DEBUG SQL:104 - 
    delete 
    from
        DataPoint 
    where
        id=?
14:11:37,663 DEBUG SQL:104 - 
    delete 
    from
        DataPoint 
    where
        id=?
14:11:37,663 DEBUG SQL:104 - 
    delete 
    from
        DataPoint 
    where
        id=?
14:11:37,664 DEBUG SQL:104 - 
    delete 
    from
        DataPoint 
    where
        id=?
14:11:37,673 DEBUG SQL:104 - 
    delete 
    from
        DataPoint 
    where
        id=?
14:11:37,673 DEBUG SQL:104 - 
    delete 
    from
        DataPoint 
    where
        id=?
14:11:37,674 DEBUG SQL:104 - 
    delete 
    from
        DataPoint 
    where
        id=?
14:11:37,674 DEBUG SQL:104 - 
    delete 
    from
        DataPoint 
    where
        id=?
14:11:37,674 DEBUG SQL:104 - 
    delete 
    from
        DataPoint 
    where
        id=?
14:11:37,686 DEBUG SQL:104 - 
    delete 
    from
        DataPoint 
    where
        id=?
14:11:37,686 DEBUG SQL:104 - 
    delete 
    from
        DataPoint 
    where
        id=?
14:11:37,686 DEBUG SQL:104 - 
    delete 
    from
        DataPoint 
    where
        id=?
14:11:37,686 DEBUG SQL:104 - 
    delete 
    from
        DataPoint 
    where
        id=?
14:11:37,686 DEBUG SQL:104 - 
    delete 
    from
        DataPoint 
    where
        id=?
14:11:37,695 DEBUG SQL:104 - 
    delete 
    from
        DataPoint 
    where
        id=?
14:11:37,695 DEBUG SQL:104 - 
    delete 
    from
        DataPoint 
    where
        id=?
14:11:37,695 DEBUG SQL:104 - 
    delete 
    from
        DataPoint 
    where
        id=?
14:11:37,696 DEBUG SQL:104 - 
    delete 
    from
        DataPoint 
    where
        id=?
14:11:37,696 DEBUG SQL:104 - 
    delete 
    from
        DataPoint 
    where
        id=?
14:11:37,696 DEBUG SQL:104 - 
    delete 
    from
        DataPoint 
    where
        id=?
14:11:37,696 DEBUG SQL:104 - 
    delete 
    from
        DataPoint 
    where
        id=?
14:11:37,696 DEBUG SQL:104 - 
    delete 
    from
        DataPoint 
    where
        id=?
14:11:37,697 DEBUG SQL:104 - 
    delete 
    from
        DataPoint 
    where
        id=?
14:11:37,697 DEBUG SQL:104 - 
    delete 
    from
        DataPoint 
    where
        id=?
14:11:37,710 DEBUG SQL:104 - 
    delete 
    from
        DataPoint 
    where
        id=?
14:11:37,710 DEBUG SQL:104 - 
    delete 
    from
        DataPoint 
    where
        id=?
14:11:37,710 DEBUG SQL:104 - 
    delete 
    from
        DataPoint 
    where
        id=?
14:11:37,710 DEBUG SQL:104 - 
    delete 
    from
        DataPoint 
    where
        id=?
14:11:37,710 DEBUG SQL:104 - 
    delete 
    from
        DataPoint 
    where
        id=?
14:11:37,721 DEBUG SQL:104 - 
    delete 
    from
        DataPoint 
    where
        id=?
14:11:37,721 DEBUG SQL:104 - 
    delete 
    from
        DataPoint 
    where
        id=?
14:11:37,721 DEBUG SQL:104 - 
    delete 
    from
        DataPoint 
    where
        id=?
14:11:37,722 DEBUG SQL:104 - 
    delete 
    from
        DataPoint 
    where
        id=?
14:11:37,722 DEBUG SQL:104 - 
    delete 
    from
        DataPoint 
    where
        id=?
14:11:37,722 DEBUG SQL:104 - 
    delete 
    from
        DataPoint 
    where
        id=?
14:11:37,722 DEBUG SQL:104 - 
    delete 
    from
        DataPoint 
    where
        id=?
14:11:37,722 DEBUG SQL:104 - 
    delete 
    from
        DataPoint 
    where
        id=?
14:11:37,745 DEBUG SQL:104 - 
    delete 
    from
        DataPoint 
    where
        id=?
14:11:37,745 DEBUG SQL:104 - 
    delete 
    from
        DataPoint 
    where
        id=?
14:11:37,746  INFO CustomRunner:139 - Test: testBatchInsertUpdateSizeGtJdbcBatchSize
14:11:37,749 DEBUG SQL:104 - 
    insert 
    into
        DataPoint
        (xval, yval, description, id) 
    values
        (?, ?, ?, ?)
14:11:37,750 DEBUG SQL:104 - 
    insert 
    into
        DataPoint
        (xval, yval, description, id) 
    values
        (?, ?, ?, ?)
14:11:37,756 DEBUG SQL:104 - 
    insert 
    into
        DataPoint
        (xval, yval, description, id) 
    values
        (?, ?, ?, ?)
14:11:37,758 DEBUG SQL:104 - 
    insert 
    into
        DataPoint
        (xval, yval, description, id) 
    values
        (?, ?, ?, ?)
14:11:37,759 DEBUG SQL:104 - 
    insert 
    into
        DataPoint
        (xval, yval, description, id) 
    values
        (?, ?, ?, ?)
14:11:37,759 DEBUG SQL:104 - 
    insert 
    into
        DataPoint
        (xval, yval, description, id) 
    values
        (?, ?, ?, ?)
14:11:37,759 DEBUG SQL:104 - 
    insert 
    into
        DataPoint
        (xval, yval, description, id) 
    values
        (?, ?, ?, ?)
14:11:37,759 DEBUG SQL:104 - 
    insert 
    into
        DataPoint
        (xval, yval, description, id) 
    values
        (?, ?, ?, ?)
14:11:37,760 DEBUG SQL:104 - 
    insert 
    into
        DataPoint
        (xval, yval, description, id) 
    values
        (?, ?, ?, ?)
14:11:37,760 DEBUG SQL:104 - 
    insert 
    into
        DataPoint
        (xval, yval, description, id) 
    values
        (?, ?, ?, ?)
14:11:37,760 DEBUG SQL:104 - 
    insert 
    into
        DataPoint
        (xval, yval, description, id) 
    values
        (?, ?, ?, ?)
14:11:37,761 DEBUG SQL:104 - 
    insert 
    into
        DataPoint
        (xval, yval, description, id) 
    values
        (?, ?, ?, ?)
14:11:37,761 DEBUG SQL:104 - 
    insert 
    into
        DataPoint
        (xval, yval, description, id) 
    values
        (?, ?, ?, ?)
14:11:37,781 DEBUG SQL:104 - 
    insert 
    into
        DataPoint
        (xval, yval, description, id) 
    values
        (?, ?, ?, ?)
14:11:37,782 DEBUG SQL:104 - 
    insert 
    into
        DataPoint
        (xval, yval, description, id) 
    values
        (?, ?, ?, ?)
14:11:37,782 DEBUG SQL:104 - 
    insert 
    into
        DataPoint
        (xval, yval, description, id) 
    values
        (?, ?, ?, ?)
14:11:37,783 DEBUG SQL:104 - 
    insert 
    into
        DataPoint
        (xval, yval, description, id) 
    values
        (?, ?, ?, ?)
14:11:37,792 DEBUG SQL:104 - 
    insert 
    into
        DataPoint
        (xval, yval, description, id) 
    values
        (?, ?, ?, ?)
14:11:37,793 DEBUG SQL:104 - 
    insert 
    into
        DataPoint
        (xval, yval, description, id) 
    values
        (?, ?, ?, ?)
14:11:37,793 DEBUG SQL:104 - 
    insert 
    into
        DataPoint
        (xval, yval, description, id) 
    values
        (?, ?, ?, ?)
14:11:37,794 DEBUG SQL:104 - 
    insert 
    into
        DataPoint
        (xval, yval, description, id) 
    values
        (?, ?, ?, ?)
14:11:37,794 DEBUG SQL:104 - 
    insert 
    into
        DataPoint
        (xval, yval, description, id) 
    values
        (?, ?, ?, ?)
14:11:37,803 DEBUG SQL:104 - 
    insert 
    into
        DataPoint
        (xval, yval, description, id) 
    values
        (?, ?, ?, ?)
14:11:37,804 DEBUG SQL:104 - 
    insert 
    into
        DataPoint
        (xval, yval, description, id) 
    values
        (?, ?, ?, ?)
14:11:37,804 DEBUG SQL:104 - 
    insert 
    into
        DataPoint
        (xval, yval, description, id) 
    values
        (?, ?, ?, ?)
14:11:37,805 DEBUG SQL:104 - 
    insert 
    into
        DataPoint
        (xval, yval, description, id) 
    values
        (?, ?, ?, ?)
14:11:37,812 DEBUG SQL:104 - 
    insert 
    into
        DataPoint
        (xval, yval, description, id) 
    values
        (?, ?, ?, ?)
14:11:37,813 DEBUG SQL:104 - 
    insert 
    into
        DataPoint
        (xval, yval, description, id) 
    values
        (?, ?, ?, ?)
14:11:37,813 DEBUG SQL:104 - 
    insert 
    into
        DataPoint
        (xval, yval, description, id) 
    values
        (?, ?, ?, ?)
14:11:37,814 DEBUG SQL:104 - 
    insert 
    into
        DataPoint
        (xval, yval, description, id) 
    values
        (?, ?, ?, ?)
14:11:37,821 DEBUG SQL:104 - 
    insert 
    into
        DataPoint
        (xval, yval, description, id) 
    values
        (?, ?, ?, ?)
14:11:37,822 DEBUG SQL:104 - 
    insert 
    into
        DataPoint
        (xval, yval, description, id) 
    values
        (?, ?, ?, ?)
14:11:37,822 DEBUG SQL:104 - 
    insert 
    into
        DataPoint
        (xval, yval, description, id) 
    values
        (?, ?, ?, ?)
14:11:37,823 DEBUG SQL:104 - 
    insert 
    into
        DataPoint
        (xval, yval, description, id) 
    values
        (?, ?, ?, ?)
14:11:37,823 DEBUG SQL:104 - 
    insert 
    into
        DataPoint
        (xval, yval, description, id) 
    values
        (?, ?, ?, ?)
14:11:37,824 DEBUG SQL:104 - 
    insert 
    into
        DataPoint
        (xval, yval, description, id) 
    values
        (?, ?, ?, ?)
14:11:37,825 DEBUG SQL:104 - 
    insert 
    into
        DataPoint
        (xval, yval, description, id) 
    values
        (?, ?, ?, ?)
14:11:37,825 DEBUG SQL:104 - 
    insert 
    into
        DataPoint
        (xval, yval, description, id) 
    values
        (?, ?, ?, ?)
14:11:37,826 DEBUG SQL:104 - 
    insert 
    into
        DataPoint
        (xval, yval, description, id) 
    values
        (?, ?, ?, ?)
14:11:37,833 DEBUG SQL:104 - 
    insert 
    into
        DataPoint
        (xval, yval, description, id) 
    values
        (?, ?, ?, ?)
14:11:37,834 DEBUG SQL:104 - 
    insert 
    into
        DataPoint
        (xval, yval, description, id) 
    values
        (?, ?, ?, ?)
14:11:37,834 DEBUG SQL:104 - 
    insert 
    into
        DataPoint
        (xval, yval, description, id) 
    values
        (?, ?, ?, ?)
14:11:37,835 DEBUG SQL:104 - 
    insert 
    into
        DataPoint
        (xval, yval, description, id) 
    values
        (?, ?, ?, ?)
14:11:37,842 DEBUG SQL:104 - 
    insert 
    into
        DataPoint
        (xval, yval, description, id) 
    values
        (?, ?, ?, ?)
14:11:37,843 DEBUG SQL:104 - 
    insert 
    into
        DataPoint
        (xval, yval, description, id) 
    values
        (?, ?, ?, ?)
14:11:37,843 DEBUG SQL:104 - 
    insert 
    into
        DataPoint
        (xval, yval, description, id) 
    values
        (?, ?, ?, ?)
14:11:37,844 DEBUG SQL:104 - 
    insert 
    into
        DataPoint
        (xval, yval, description, id) 
    values
        (?, ?, ?, ?)
14:11:37,844 DEBUG SQL:104 - 
    insert 
    into
        DataPoint
        (xval, yval, description, id) 
    values
        (?, ?, ?, ?)
14:11:37,845 DEBUG SQL:104 - 
    insert 
    into
        DataPoint
        (xval, yval, description, id) 
    values
        (?, ?, ?, ?)
14:11:37,846 DEBUG SQL:104 - 
    insert 
    into
        DataPoint
        (xval, yval, description, id) 
    values
        (?, ?, ?, ?)
14:11:37,864 DEBUG SQL:104 - 
    select
        datapoint0_.id as id0_,
        datapoint0_.xval as xval0_,
        datapoint0_.yval as yval0_,
        datapoint0_.description as descript4_0_ 
    from
        DataPoint datapoint0_ 
    order by
        datapoint0_.xval asc
14:11:37,866 DEBUG SQL:104 - 
    update
        DataPoint 
    set
        description=? 
    where
        id=?
14:11:37,866 DEBUG SQL:104 - 
    update
        DataPoint 
    set
        description=? 
    where
        id=?
14:11:37,867 DEBUG SQL:104 - 
    update
        DataPoint 
    set
        description=? 
    where
        id=?
14:11:37,882 DEBUG SQL:104 - 
    update
        DataPoint 
    set
        description=? 
    where
        id=?
14:11:37,882 DEBUG SQL:104 - 
    update
        DataPoint 
    set
        description=? 
    where
        id=?
14:11:37,882 DEBUG SQL:104 - 
    update
        DataPoint 
    set
        description=? 
    where
        id=?
14:11:37,882 DEBUG SQL:104 - 
    update
        DataPoint 
    set
        description=? 
    where
        id=?
14:11:37,888 DEBUG SQL:104 - 
    update
        DataPoint 
    set
        description=? 
    where
        id=?
14:11:37,889 DEBUG SQL:104 - 
    update
        DataPoint 
    set
        description=? 
    where
        id=?
14:11:37,889 DEBUG SQL:104 - 
    update
        DataPoint 
    set
        description=? 
    where
        id=?
14:11:37,889 DEBUG SQL:104 - 
    update
        DataPoint 
    set
        description=? 
    where
        id=?
14:11:37,889 DEBUG SQL:104 - 
    update
        DataPoint 
    set
        description=? 
    where
        id=?
14:11:37,899 DEBUG SQL:104 - 
    update
        DataPoint 
    set
        description=? 
    where
        id=?
14:11:37,899 DEBUG SQL:104 - 
    update
        DataPoint 
    set
        description=? 
    where
        id=?
14:11:37,899 DEBUG SQL:104 - 
    update
        DataPoint 
    set
        description=? 
    where
        id=?
14:11:37,900 DEBUG SQL:104 - 
    update
        DataPoint 
    set
        description=? 
    where
        id=?
14:11:37,911 DEBUG SQL:104 - 
    update
        DataPoint 
    set
        description=? 
    where
        id=?
14:11:37,911 DEBUG SQL:104 - 
    update
        DataPoint 
    set
        description=? 
    where
        id=?
14:11:37,911 DEBUG SQL:104 - 
    update
        DataPoint 
    set
        description=? 
    where
        id=?
14:11:37,911 DEBUG SQL:104 - 
    update
        DataPoint 
    set
        description=? 
    where
        id=?
14:11:37,921 DEBUG SQL:104 - 
    update
        DataPoint 
    set
        description=? 
    where
        id=?
14:11:37,922 DEBUG SQL:104 - 
    update
        DataPoint 
    set
        description=? 
    where
        id=?
14:11:37,922 DEBUG SQL:104 - 
    update
        DataPoint 
    set
        description=? 
    where
        id=?
14:11:37,922 DEBUG SQL:104 - 
    update
        DataPoint 
    set
        description=? 
    where
        id=?
14:11:37,922 DEBUG SQL:104 - 
    update
        DataPoint 
    set
        description=? 
    where
        id=?
14:11:37,932 DEBUG SQL:104 - 
    update
        DataPoint 
    set
        description=? 
    where
        id=?
14:11:37,932 DEBUG SQL:104 - 
    update
        DataPoint 
    set
        description=? 
    where
        id=?
14:11:37,932 DEBUG SQL:104 - 
    update
        DataPoint 
    set
        description=? 
    where
        id=?
14:11:37,933 DEBUG SQL:104 - 
    update
        DataPoint 
    set
        description=? 
    where
        id=?
14:11:37,942 DEBUG SQL:104 - 
    update
        DataPoint 
    set
        description=? 
    where
        id=?
14:11:37,942 DEBUG SQL:104 - 
    update
        DataPoint 
    set
        description=? 
    where
        id=?
14:11:37,942 DEBUG SQL:104 - 
    update
        DataPoint 
    set
        description=? 
    where
        id=?
14:11:37,943 DEBUG SQL:104 - 
    update
        DataPoint 
    set
        description=? 
    where
        id=?
14:11:37,943 DEBUG SQL:104 - 
    update
        DataPoint 
    set
        description=? 
    where
        id=?
14:11:37,943 DEBUG SQL:104 - 
    update
        DataPoint 
    set
        description=? 
    where
        id=?
14:11:37,943 DEBUG SQL:104 - 
    update
        DataPoint 
    set
        description=? 
    where
        id=?
14:11:37,944 DEBUG SQL:104 - 
    update
        DataPoint 
    set
        description=? 
    where
        id=?
14:11:37,944 DEBUG SQL:104 - 
    update
        DataPoint 
    set
        description=? 
    where
        id=?
14:11:37,957 DEBUG SQL:104 - 
    update
        DataPoint 
    set
        description=? 
    where
        id=?
14:11:37,957 DEBUG SQL:104 - 
    update
        DataPoint 
    set
        description=? 
    where
        id=?
14:11:37,957 DEBUG SQL:104 - 
    update
        DataPoint 
    set
        description=? 
    where
        id=?
14:11:37,958 DEBUG SQL:104 - 
    update
        DataPoint 
    set
        description=? 
    where
        id=?
14:11:37,969 DEBUG SQL:104 - 
    update
        DataPoint 
    set
        description=? 
    where
        id=?
14:11:37,969 DEBUG SQL:104 - 
    update
        DataPoint 
    set
        description=? 
    where
        id=?
14:11:37,969 DEBUG SQL:104 - 
    update
        DataPoint 
    set
        description=? 
    where
        id=?
14:11:37,970 DEBUG SQL:104 - 
    update
        DataPoint 
    set
        description=? 
    where
        id=?
14:11:37,970 DEBUG SQL:104 - 
    update
        DataPoint 
    set
        description=? 
    where
        id=?
14:11:37,970 DEBUG SQL:104 - 
    update
        DataPoint 
    set
        description=? 
    where
        id=?
14:11:37,970 DEBUG SQL:104 - 
    update
        DataPoint 
    set
        description=? 
    where
        id=?
14:11:37,992 DEBUG SQL:104 - 
    update
        DataPoint 
    set
        description=? 
    where
        id=?
14:11:37,994 DEBUG SQL:104 - 
    select
        datapoint0_.id as id0_,
        datapoint0_.xval as xval0_,
        datapoint0_.yval as yval0_,
        datapoint0_.description as descript4_0_ 
    from
        DataPoint datapoint0_ 
    order by
        datapoint0_.xval asc
14:11:37,995 DEBUG SQL:104 - 
    delete 
    from
        DataPoint 
    where
        id=?
14:11:37,995 DEBUG SQL:104 - 
    delete 
    from
        DataPoint 
    where
        id=?
14:11:38,005 DEBUG SQL:104 - 
    delete 
    from
        DataPoint 
    where
        id=?
14:11:38,005 DEBUG SQL:104 - 
    delete 
    from
        DataPoint 
    where
        id=?
14:11:38,005 DEBUG SQL:104 - 
    delete 
    from
        DataPoint 
    where
        id=?
14:11:38,005 DEBUG SQL:104 - 
    delete 
    from
        DataPoint 
    where
        id=?
14:11:38,005 DEBUG SQL:104 - 
    delete 
    from
        DataPoint 
    where
        id=?
14:11:38,013 DEBUG SQL:104 - 
    delete 
    from
        DataPoint 
    where
        id=?
14:11:38,013 DEBUG SQL:104 - 
    delete 
    from
        DataPoint 
    where
        id=?
14:11:38,014 DEBUG SQL:104 - 
    delete 
    from
        DataPoint 
    where
        id=?
14:11:38,014 DEBUG SQL:104 - 
    delete 
    from
        DataPoint 
    where
        id=?
14:11:38,014 DEBUG SQL:104 - 
    delete 
    from
        DataPoint 
    where
        id=?
14:11:38,024 DEBUG SQL:104 - 
    delete 
    from
        DataPoint 
    where
        id=?
14:11:38,024 DEBUG SQL:104 - 
    delete 
    from
        DataPoint 
    where
        id=?
14:11:38,024 DEBUG SQL:104 - 
    delete 
    from
        DataPoint 
    where
        id=?
14:11:38,024 DEBUG SQL:104 - 
    delete 
    from
        DataPoint 
    where
        id=?
14:11:38,024 DEBUG SQL:104 - 
    delete 
    from
        DataPoint 
    where
        id=?
14:11:38,033 DEBUG SQL:104 - 
    delete 
    from
        DataPoint 
    where
        id=?
14:11:38,034 DEBUG SQL:104 - 
    delete 
    from
        DataPoint 
    where
        id=?
14:11:38,034 DEBUG SQL:104 - 
    delete 
    from
        DataPoint 
    where
        id=?
14:11:38,034 DEBUG SQL:104 - 
    delete 
    from
        DataPoint 
    where
        id=?
14:11:38,035 DEBUG SQL:104 - 
    delete 
    from
        DataPoint 
    where
        id=?
14:11:38,044 DEBUG SQL:104 - 
    delete 
    from
        DataPoint 
    where
        id=?
14:11:38,044 DEBUG SQL:104 - 
    delete 
    from
        DataPoint 
    where
        id=?
14:11:38,045 DEBUG SQL:104 - 
    delete 
    from
        DataPoint 
    where
        id=?
14:11:38,045 DEBUG SQL:104 - 
    delete 
    from
        DataPoint 
    where
        id=?
14:11:38,045 DEBUG SQL:104 - 
    delete 
    from
        DataPoint 
    where
        id=?
14:11:38,045 DEBUG SQL:104 - 
    delete 
    from
        DataPoint 
    where
        id=?
14:11:38,055 DEBUG SQL:104 - 
    delete 
    from
        DataPoint 
    where
        id=?
14:11:38,055 DEBUG SQL:104 - 
    delete 
    from
        DataPoint 
    where
        id=?
14:11:38,055 DEBUG SQL:104 - 
    delete 
    from
        DataPoint 
    where
        id=?
14:11:38,055 DEBUG SQL:104 - 
    delete 
    from
        DataPoint 
    where
        id=?
14:11:38,055 DEBUG SQL:104 - 
    delete 
    from
        DataPoint 
    where
        id=?
14:11:38,064 DEBUG SQL:104 - 
    delete 
    from
        DataPoint 
    where
        id=?
14:11:38,064 DEBUG SQL:104 - 
    delete 
    from
        DataPoint 
    where
        id=?
14:11:38,065 DEBUG SQL:104 - 
    delete 
    from
        DataPoint 
    where
        id=?
14:11:38,065 DEBUG SQL:104 - 
    delete 
    from
        DataPoint 
    where
        id=?
14:11:38,065 DEBUG SQL:104 - 
    delete 
    from
        DataPoint 
    where
        id=?
14:11:38,074 DEBUG SQL:104 - 
    delete 
    from
        DataPoint 
    where
        id=?
14:11:38,075 DEBUG SQL:104 - 
    delete 
    from
        DataPoint 
    where
        id=?
14:11:38,075 DEBUG SQL:104 - 
    delete 
    from
        DataPoint 
    where
        id=?
14:11:38,075 DEBUG SQL:104 - 
    delete 
    from
        DataPoint 
    where
        id=?
14:11:38,076 DEBUG SQL:104 - 
    delete 
    from
        DataPoint 
    where
        id=?
14:11:38,076 DEBUG SQL:104 - 
    delete 
    from
        DataPoint 
    where
        id=?
14:11:38,076 DEBUG SQL:104 - 
    delete 
    from
        DataPoint 
    where
        id=?
14:11:38,076 DEBUG SQL:104 - 
    delete 
    from
        DataPoint 
    where
        id=?
14:11:38,076 DEBUG SQL:104 - 
    delete 
    from
        DataPoint 
    where
        id=?
14:11:38,076 DEBUG SQL:104 - 
    delete 
    from
        DataPoint 
    where
        id=?
14:11:38,090 DEBUG SQL:104 - 
    delete 
    from
        DataPoint 
    where
        id=?
14:11:38,091 DEBUG SQL:104 - 
    delete 
    from
        DataPoint 
    where
        id=?
14:11:38,092  INFO CustomRunner:139 - Test: testBatchInsertUpdateSizeLtJdbcBatchSize
14:11:38,095 DEBUG SQL:104 - 
    insert 
    into
        DataPoint
        (xval, yval, description, id) 
    values
        (?, ?, ?, ?)
14:11:38,096 DEBUG SQL:104 - 
    insert 
    into
        DataPoint
        (xval, yval, description, id) 
    values
        (?, ?, ?, ?)
14:11:38,111 DEBUG SQL:104 - 
    insert 
    into
        DataPoint
        (xval, yval, description, id) 
    values
        (?, ?, ?, ?)
14:11:38,111 DEBUG SQL:104 - 
    insert 
    into
        DataPoint
        (xval, yval, description, id) 
    values
        (?, ?, ?, ?)
14:11:38,111 DEBUG SQL:104 - 
    insert 
    into
        DataPoint
        (xval, yval, description, id) 
    values
        (?, ?, ?, ?)
14:11:38,111 DEBUG SQL:104 - 
    insert 
    into
        DataPoint
        (xval, yval, description, id) 
    values
        (?, ?, ?, ?)
14:11:38,111 DEBUG SQL:104 - 
    insert 
    into
        DataPoint
        (xval, yval, description, id) 
    values
        (?, ?, ?, ?)
14:11:38,112 DEBUG SQL:104 - 
    insert 
    into
        DataPoint
        (xval, yval, description, id) 
    values
        (?, ?, ?, ?)
14:11:38,112 DEBUG SQL:104 - 
    insert 
    into
        DataPoint
        (xval, yval, description, id) 
    values
        (?, ?, ?, ?)
14:11:38,132 DEBUG SQL:104 - 
    insert 
    into
        DataPoint
        (xval, yval, description, id) 
    values
        (?, ?, ?, ?)
14:11:38,133 DEBUG SQL:104 - 
    insert 
    into
        DataPoint
        (xval, yval, description, id) 
    values
        (?, ?, ?, ?)
14:11:38,133 DEBUG SQL:104 - 
    insert 
    into
        DataPoint
        (xval, yval, description, id) 
    values
        (?, ?, ?, ?)
14:11:38,133 DEBUG SQL:104 - 
    insert 
    into
        DataPoint
        (xval, yval, description, id) 
    values
        (?, ?, ?, ?)
14:11:38,142 DEBUG SQL:104 - 
    insert 
    into
        DataPoint
        (xval, yval, description, id) 
    values
        (?, ?, ?, ?)
14:11:38,143 DEBUG SQL:104 - 
    insert 
    into
        DataPoint
        (xval, yval, description, id) 
    values
        (?, ?, ?, ?)
14:11:38,143 DEBUG SQL:104 - 
    insert 
    into
        DataPoint
        (xval, yval, description, id) 
    values
        (?, ?, ?, ?)
14:11:38,143 DEBUG SQL:104 - 
    insert 
    into
        DataPoint
        (xval, yval, description, id) 
    values
        (?, ?, ?, ?)
14:11:38,152 DEBUG SQL:104 - 
    insert 
    into
        DataPoint
        (xval, yval, description, id) 
    values
        (?, ?, ?, ?)
14:11:38,153 DEBUG SQL:104 - 
    insert 
    into
        DataPoint
        (xval, yval, description, id) 
    values
        (?, ?, ?, ?)
14:11:38,153 DEBUG SQL:104 - 
    insert 
    into
        DataPoint
        (xval, yval, description, id) 
    values
        (?, ?, ?, ?)
14:11:38,153 DEBUG SQL:104 - 
    insert 
    into
        DataPoint
        (xval, yval, description, id) 
    values
        (?, ?, ?, ?)
14:11:38,153 DEBUG SQL:104 - 
    insert 
    into
        DataPoint
        (xval, yval, description, id) 
    values
        (?, ?, ?, ?)
14:11:38,162 DEBUG SQL:104 - 
    insert 
    into
        DataPoint
        (xval, yval, description, id) 
    values
        (?, ?, ?, ?)
14:11:38,163 DEBUG SQL:104 - 
    insert 
    into
        DataPoint
        (xval, yval, description, id) 
    values
        (?, ?, ?, ?)
14:11:38,163 DEBUG SQL:104 - 
    insert 
    into
        DataPoint
        (xval, yval, description, id) 
    values
        (?, ?, ?, ?)
14:11:38,163 DEBUG SQL:104 - 
    insert 
    into
        DataPoint
        (xval, yval, description, id) 
    values
        (?, ?, ?, ?)
14:11:38,172 DEBUG SQL:104 - 
    insert 
    into
        DataPoint
        (xval, yval, description, id) 
    values
        (?, ?, ?, ?)
14:11:38,172 DEBUG SQL:104 - 
    insert 
    into
        DataPoint
        (xval, yval, description, id) 
    values
        (?, ?, ?, ?)
14:11:38,172 DEBUG SQL:104 - 
    insert 
    into
        DataPoint
        (xval, yval, description, id) 
    values
        (?, ?, ?, ?)
14:11:38,173 DEBUG SQL:104 - 
    insert 
    into
        DataPoint
        (xval, yval, description, id) 
    values
        (?, ?, ?, ?)
14:11:38,173 DEBUG SQL:104 - 
    insert 
    into
        DataPoint
        (xval, yval, description, id) 
    values
        (?, ?, ?, ?)
14:11:38,182 DEBUG SQL:104 - 
    insert 
    into
        DataPoint
        (xval, yval, description, id) 
    values
        (?, ?, ?, ?)
14:11:38,182 DEBUG SQL:104 - 
    insert 
    into
        DataPoint
        (xval, yval, description, id) 
    values
        (?, ?, ?, ?)
14:11:38,182 DEBUG SQL:104 - 
    insert 
    into
        DataPoint
        (xval, yval, description, id) 
    values
        (?, ?, ?, ?)
14:11:38,182 DEBUG SQL:104 - 
    insert 
    into
        DataPoint
        (xval, yval, description, id) 
    values
        (?, ?, ?, ?)
14:11:38,194 DEBUG SQL:104 - 
    insert 
    into
        DataPoint
        (xval, yval, description, id) 
    values
        (?, ?, ?, ?)
14:11:38,194 DEBUG SQL:104 - 
    insert 
    into
        DataPoint
        (xval, yval, description, id) 
    values
        (?, ?, ?, ?)
14:11:38,194 DEBUG SQL:104 - 
    insert 
    into
        DataPoint
        (xval, yval, description, id) 
    values
        (?, ?, ?, ?)
14:11:38,194 DEBUG SQL:104 - 
    insert 
    into
        DataPoint
        (xval, yval, description, id) 
    values
        (?, ?, ?, ?)
14:11:38,194 DEBUG SQL:104 - 
    insert 
    into
        DataPoint
        (xval, yval, description, id) 
    values
        (?, ?, ?, ?)
14:11:38,194 DEBUG SQL:104 - 
    insert 
    into
        DataPoint
        (xval, yval, description, id) 
    values
        (?, ?, ?, ?)
14:11:38,194 DEBUG SQL:104 - 
    insert 
    into
        DataPoint
        (xval, yval, description, id) 
    values
        (?, ?, ?, ?)
14:11:38,195 DEBUG SQL:104 - 
    insert 
    into
        DataPoint
        (xval, yval, description, id) 
    values
        (?, ?, ?, ?)
14:11:38,195 DEBUG SQL:104 - 
    insert 
    into
        DataPoint
        (xval, yval, description, id) 
    values
        (?, ?, ?, ?)
14:11:38,195 DEBUG SQL:104 - 
    insert 
    into
        DataPoint
        (xval, yval, description, id) 
    values
        (?, ?, ?, ?)
14:11:38,195 DEBUG SQL:104 - 
    insert 
    into
        DataPoint
        (xval, yval, description, id) 
    values
        (?, ?, ?, ?)
14:11:38,206 DEBUG SQL:104 - 
    insert 
    into
        DataPoint
        (xval, yval, description, id) 
    values
        (?, ?, ?, ?)
14:11:38,206 DEBUG SQL:104 - 
    insert 
    into
        DataPoint
        (xval, yval, description, id) 
    values
        (?, ?, ?, ?)
14:11:38,206 DEBUG SQL:104 - 
    insert 
    into
        DataPoint
        (xval, yval, description, id) 
    values
        (?, ?, ?, ?)
14:11:38,206 DEBUG SQL:104 - 
    insert 
    into
        DataPoint
        (xval, yval, description, id) 
    values
        (?, ?, ?, ?)
14:11:38,220 DEBUG SQL:104 - 
    select
        datapoint0_.id as id0_,
        datapoint0_.xval as xval0_,
        datapoint0_.yval as yval0_,
        datapoint0_.description as descript4_0_ 
    from
        DataPoint datapoint0_ 
    order by
        datapoint0_.xval asc
14:11:38,221 DEBUG SQL:104 - 
    update
        DataPoint 
    set
        description=? 
    where
        id=?
14:11:38,221 DEBUG SQL:104 - 
    update
        DataPoint 
    set
        description=? 
    where
        id=?
14:11:38,221 DEBUG SQL:104 - 
    update
        DataPoint 
    set
        description=? 
    where
        id=?
14:11:38,230 DEBUG SQL:104 - 
    update
        DataPoint 
    set
        description=? 
    where
        id=?
14:11:38,231 DEBUG SQL:104 - 
    update
        DataPoint 
    set
        description=? 
    where
        id=?
14:11:38,231 DEBUG SQL:104 - 
    update
        DataPoint 
    set
        description=? 
    where
        id=?
14:11:38,231 DEBUG SQL:104 - 
    update
        DataPoint 
    set
        description=? 
    where
        id=?
14:11:38,231 DEBUG SQL:104 - 
    update
        DataPoint 
    set
        description=? 
    where
        id=?
14:11:38,231 DEBUG SQL:104 - 
    update
        DataPoint 
    set
        description=? 
    where
        id=?
14:11:38,253 DEBUG SQL:104 - 
    update
        DataPoint 
    set
        description=? 
    where
        id=?
14:11:38,253 DEBUG SQL:104 - 
    update
        DataPoint 
    set
        description=? 
    where
        id=?
14:11:38,253 DEBUG SQL:104 - 
    update
        DataPoint 
    set
        description=? 
    where
        id=?
14:11:38,254 DEBUG SQL:104 - 
    update
        DataPoint 
    set
        description=? 
    where
        id=?
14:11:38,254 DEBUG SQL:104 - 
    update
        DataPoint 
    set
        description=? 
    where
        id=?
14:11:38,263 DEBUG SQL:104 - 
    update
        DataPoint 
    set
        description=? 
    where
        id=?
14:11:38,263 DEBUG SQL:104 - 
    update
        DataPoint 
    set
        description=? 
    where
        id=?
14:11:38,263 DEBUG SQL:104 - 
    update
        DataPoint 
    set
        description=? 
    where
        id=?
14:11:38,263 DEBUG SQL:104 - 
    update
        DataPoint 
    set
        description=? 
    where
        id=?
14:11:38,274 DEBUG SQL:104 - 
    update
        DataPoint 
    set
        description=? 
    where
        id=?
14:11:38,275 DEBUG SQL:104 - 
    update
        DataPoint 
    set
        description=? 
    where
        id=?
14:11:38,275 DEBUG SQL:104 - 
    update
        DataPoint 
    set
        description=? 
    where
        id=?
14:11:38,275 DEBUG SQL:104 - 
    update
        DataPoint 
    set
        description=? 
    where
        id=?
14:11:38,275 DEBUG SQL:104 - 
    update
        DataPoint 
    set
        description=? 
    where
        id=?
14:11:38,286 DEBUG SQL:104 - 
    update
        DataPoint 
    set
        description=? 
    where
        id=?
14:11:38,286 DEBUG SQL:104 - 
    update
        DataPoint 
    set
        description=? 
    where
        id=?
14:11:38,286 DEBUG SQL:104 - 
    update
        DataPoint 
    set
        description=? 
    where
        id=?
14:11:38,286 DEBUG SQL:104 - 
    update
        DataPoint 
    set
        description=? 
    where
        id=?
14:11:38,297 DEBUG SQL:104 - 
    update
        DataPoint 
    set
        description=? 
    where
        id=?
14:11:38,297 DEBUG SQL:104 - 
    update
        DataPoint 
    set
        description=? 
    where
        id=?
14:11:38,297 DEBUG SQL:104 - 
    update
        DataPoint 
    set
        description=? 
    where
        id=?
14:11:38,297 DEBUG SQL:104 - 
    update
        DataPoint 
    set
        description=? 
    where
        id=?
14:11:38,306 DEBUG SQL:104 - 
    update
        DataPoint 
    set
        description=? 
    where
        id=?
14:11:38,307 DEBUG SQL:104 - 
    update
        DataPoint 
    set
        description=? 
    where
        id=?
14:11:38,307 DEBUG SQL:104 - 
    update
        DataPoint 
    set
        description=? 
    where
        id=?
14:11:38,307 DEBUG SQL:104 - 
    update
        DataPoint 
    set
        description=? 
    where
        id=?
14:11:38,307 DEBUG SQL:104 - 
    update
        DataPoint 
    set
        description=? 
    where
        id=?
14:11:38,316 DEBUG SQL:104 - 
    update
        DataPoint 
    set
        description=? 
    where
        id=?
14:11:38,317 DEBUG SQL:104 - 
    update
        DataPoint 
    set
        description=? 
    where
        id=?
14:11:38,318 DEBUG SQL:104 - 
    update
        DataPoint 
    set
        description=? 
    where
        id=?
14:11:38,318 DEBUG SQL:104 - 
    update
        DataPoint 
    set
        description=? 
    where
        id=?
14:11:38,328 DEBUG SQL:104 - 
    update
        DataPoint 
    set
        description=? 
    where
        id=?
14:11:38,328 DEBUG SQL:104 - 
    update
        DataPoint 
    set
        description=? 
    where
        id=?
14:11:38,329 DEBUG SQL:104 - 
    update
        DataPoint 
    set
        description=? 
    where
        id=?
14:11:38,329 DEBUG SQL:104 - 
    update
        DataPoint 
    set
        description=? 
    where
        id=?
14:11:38,329 DEBUG SQL:104 - 
    update
        DataPoint 
    set
        description=? 
    where
        id=?
14:11:38,329 DEBUG SQL:104 - 
    update
        DataPoint 
    set
        description=? 
    where
        id=?
14:11:38,329 DEBUG SQL:104 - 
    update
        DataPoint 
    set
        description=? 
    where
        id=?
14:11:38,329 DEBUG SQL:104 - 
    update
        DataPoint 
    set
        description=? 
    where
        id=?
14:11:38,329 DEBUG SQL:104 - 
    update
        DataPoint 
    set
        description=? 
    where
        id=?
14:11:38,341 DEBUG SQL:104 - 
    update
        DataPoint 
    set
        description=? 
    where
        id=?
14:11:38,343 DEBUG SQL:104 - 
    select
        datapoint0_.id as id0_,
        datapoint0_.xval as xval0_,
        datapoint0_.yval as yval0_,
        datapoint0_.description as descript4_0_ 
    from
        DataPoint datapoint0_ 
    order by
        datapoint0_.xval asc
14:11:38,344 DEBUG SQL:104 - 
    delete 
    from
        DataPoint 
    where
        id=?
14:11:38,344 DEBUG SQL:104 - 
    delete 
    from
        DataPoint 
    where
        id=?
14:11:38,355 DEBUG SQL:104 - 
    delete 
    from
        DataPoint 
    where
        id=?
14:11:38,355 DEBUG SQL:104 - 
    delete 
    from
        DataPoint 
    where
        id=?
14:11:38,355 DEBUG SQL:104 - 
    delete 
    from
        DataPoint 
    where
        id=?
14:11:38,355 DEBUG SQL:104 - 
    delete 
    from
        DataPoint 
    where
        id=?
14:11:38,355 DEBUG SQL:104 - 
    delete 
    from
        DataPoint 
    where
        id=?
14:11:38,355 DEBUG SQL:104 - 
    delete 
    from
        DataPoint 
    where
        id=?
14:11:38,355 DEBUG SQL:104 - 
    delete 
    from
        DataPoint 
    where
        id=?
14:11:38,355 DEBUG SQL:104 - 
    delete 
    from
        DataPoint 
    where
        id=?
14:11:38,376 DEBUG SQL:104 - 
    delete 
    from
        DataPoint 
    where
        id=?
14:11:38,376 DEBUG SQL:104 - 
    delete 
    from
        DataPoint 
    where
        id=?
14:11:38,376 DEBUG SQL:104 - 
    delete 
    from
        DataPoint 
    where
        id=?
14:11:38,376 DEBUG SQL:104 - 
    delete 
    from
        DataPoint 
    where
        id=?
14:11:38,376 DEBUG SQL:104 - 
    delete 
    from
        DataPoint 
    where
        id=?
14:11:38,385 DEBUG SQL:104 - 
    delete 
    from
        DataPoint 
    where
        id=?
14:11:38,385 DEBUG SQL:104 - 
    delete 
    from
        DataPoint 
    where
        id=?
14:11:38,386 DEBUG SQL:104 - 
    delete 
    from
        DataPoint 
    where
        id=?
14:11:38,386 DEBUG SQL:104 - 
    delete 
    from
        DataPoint 
    where
        id=?
14:11:38,387 DEBUG SQL:104 - 
    delete 
    from
        DataPoint 
    where
        id=?
14:11:38,396 DEBUG SQL:104 - 
    delete 
    from
        DataPoint 
    where
        id=?
14:11:38,396 DEBUG SQL:104 - 
    delete 
    from
        DataPoint 
    where
        id=?
14:11:38,397 DEBUG SQL:104 - 
    delete 
    from
        DataPoint 
    where
        id=?
14:11:38,397 DEBUG SQL:104 - 
    delete 
    from
        DataPoint 
    where
        id=?
14:11:38,397 DEBUG SQL:104 - 
    delete 
    from
        DataPoint 
    where
        id=?
14:11:38,406 DEBUG SQL:104 - 
    delete 
    from
        DataPoint 
    where
        id=?
14:11:38,407 DEBUG SQL:104 - 
    delete 
    from
        DataPoint 
    where
        id=?
14:11:38,407 DEBUG SQL:104 - 
    delete 
    from
        DataPoint 
    where
        id=?
14:11:38,407 DEBUG SQL:104 - 
    delete 
    from
        DataPoint 
    where
        id=?
14:11:38,407 DEBUG SQL:104 - 
    delete 
    from
        DataPoint 
    where
        id=?
14:11:38,418 DEBUG SQL:104 - 
    delete 
    from
        DataPoint 
    where
        id=?
14:11:38,418 DEBUG SQL:104 - 
    delete 
    from
        DataPoint 
    where
        id=?
14:11:38,418 DEBUG SQL:104 - 
    delete 
    from
        DataPoint 
    where
        id=?
14:11:38,418 DEBUG SQL:104 - 
    delete 
    from
        DataPoint 
    where
        id=?
14:11:38,418 DEBUG SQL:104 - 
    delete 
    from
        DataPoint 
    where
        id=?
14:11:38,428 DEBUG SQL:104 - 
    delete 
    from
        DataPoint 
    where
        id=?
14:11:38,428 DEBUG SQL:104 - 
    delete 
    from
        DataPoint 
    where
        id=?
14:11:38,429 DEBUG SQL:104 - 
    delete 
    from
        DataPoint 
    where
        id=?
14:11:38,429 DEBUG SQL:104 - 
    delete 
    from
        DataPoint 
    where
        id=?
14:11:38,430 DEBUG SQL:104 - 
    delete 
    from
        DataPoint 
    where
        id=?
14:11:38,439 DEBUG SQL:104 - 
    delete 
    from
        DataPoint 
    where
        id=?
14:11:38,439 DEBUG SQL:104 - 
    delete 
    from
        DataPoint 
    where
        id=?
14:11:38,439 DEBUG SQL:104 - 
    delete 
    from
        DataPoint 
    where
        id=?
14:11:38,439 DEBUG SQL:104 - 
    delete 
    from
        DataPoint 
    where
        id=?
14:11:38,439 DEBUG SQL:104 - 
    delete 
    from
        DataPoint 
    where
        id=?
14:11:38,449 DEBUG SQL:104 - 
    delete 
    from
        DataPoint 
    where
        id=?
14:11:38,450 DEBUG SQL:104 - 
    delete 
    from
        DataPoint 
    where
        id=?
14:11:38,450 DEBUG SQL:104 - 
    delete 
    from
        DataPoint 
    where
        id=?
14:11:38,450 DEBUG SQL:104 - 
    delete 
    from
        DataPoint 
    where
        id=?
14:11:38,450 DEBUG SQL:104 - 
    delete 
    from
        DataPoint 
    where
        id=?
14:11:38,460  INFO SchemaExport:343 - HHH000227: Running hbm2ddl schema export
14:11:38,461 DEBUG SchemaExport:353 - Import file not found: /import.sql
14:11:38,461 DEBUG SQL:104 - 
    drop table DataPoint if exists
14:11:38,462  INFO SchemaExport:405 - HHH000230: Schema export complete
14:11:38,462  INFO DriverManagerConnectionProviderImpl:162 - HHH000030: Cleaning up connection pool [jdbc:h2:mem:db1;DB_CLOSE_DELAY=-1;MVCC=TRUE]
]]></system-out>
  <system-err><![CDATA[]]></system-err>
</testsuite>
