<?xml version="1.0" encoding="UTF-8"?>
<testsuite errors="0" failures="0" hostname="dhcp-10.15.208.168.stl.redhat.com" name="org.hibernate.metamodel.source.annotations.entity.EnumeratedBindingTest" tests="1" time="0.031" timestamp="2013-02-28T20:09:58">
  <properties />
  <testcase classname="org.hibernate.metamodel.source.annotations.entity.EnumeratedBindingTest" name="testEnumeratedTypeAttribute" time="0.029" />
  <system-out><![CDATA[14:09:58,541  INFO CustomRunner:132 - BeforeClass: org.hibernate.metamodel.source.annotations.entity.EnumeratedBindingTest
14:09:58,541  INFO CustomRunner:139 - Test: testEnumeratedTypeAttribute
14:09:58,545  INFO DriverManagerConnectionProviderImpl:99 - HHH000402: Using Hibernate built-in connection pool (not for production use!)
14:09:58,546  INFO DriverManagerConnectionProviderImpl:135 - HHH000115: Hibernate connection pool size: 5
14:09:58,546  INFO DriverManagerConnectionProviderImpl:138 - HHH000006: Autocommit mode: false
14:09:58,546  INFO DriverManagerConnectionProviderImpl:153 - HHH000401: using driver [org.h2.Driver] at URL [jdbc:h2:mem:db1;DB_CLOSE_DELAY=-1;MVCC=TRUE]
14:09:58,546  INFO DriverManagerConnectionProviderImpl:158 - HHH000046: Connection properties: {user=sa}
14:09:58,550  INFO Dialect:103 - HHH000400: Using dialect: org.hibernate.dialect.H2Dialect
14:09:58,551  INFO LobCreatorBuilder:94 - HHH000423: Disabling contextual LOB creation as JDBC driver reported JDBC version [3] less than 4
14:09:58,560  WARN CachingRegionFactory:53 - CachingRegionFactory should be only used for testing.
]]></system-out>
  <system-err><![CDATA[]]></system-err>
</testsuite>
