<?xml version="1.0" encoding="UTF-8"?>
<testsuite errors="0" failures="0" hostname="dhcp-10.15.208.168.stl.redhat.com" name="org.hibernate.test.criteria.LongInElementsTest" tests="2" time="6.161" timestamp="2013-02-28T20:12:05">
  <properties />
  <testcase classname="org.hibernate.test.criteria.LongInElementsTest" name="testLongInElementsByCriteria" time="0.032" />
  <testcase classname="org.hibernate.test.criteria.LongInElementsTest" name="testLongInElementsByHQL" time="6.106" />
  <system-out><![CDATA[14:12:05,222  INFO CustomRunner:132 - BeforeClass: org.hibernate.test.criteria.LongInElementsTest
14:12:05,224  INFO Configuration:706 - HHH000221: Reading mappings from resource: org/hibernate/test/criteria/Animal.hbm.xml
14:12:05,230  INFO DriverManagerConnectionProviderImpl:99 - HHH000402: Using Hibernate built-in connection pool (not for production use!)
14:12:05,230  INFO DriverManagerConnectionProviderImpl:135 - HHH000115: Hibernate connection pool size: 5
14:12:05,230  INFO DriverManagerConnectionProviderImpl:138 - HHH000006: Autocommit mode: false
14:12:05,230  INFO DriverManagerConnectionProviderImpl:153 - HHH000401: using driver [org.h2.Driver] at URL [jdbc:h2:mem:db1;DB_CLOSE_DELAY=-1;MVCC=TRUE]
14:12:05,230  INFO DriverManagerConnectionProviderImpl:158 - HHH000046: Connection properties: {user=sa}
14:12:05,232  INFO Dialect:103 - HHH000400: Using dialect: org.hibernate.dialect.H2Dialect
14:12:05,232  INFO LobCreatorBuilder:94 - HHH000423: Disabling contextual LOB creation as JDBC driver reported JDBC version [3] less than 4
14:12:05,232  INFO TransactionFactoryInitiator:66 - HHH000399: Using default transaction strategy (direct JDBC transactions)
14:12:05,233  INFO ASTQueryTranslatorFactory:48 - HHH000397: Using ASTQueryTranslatorFactory
14:12:05,233  WARN CachingRegionFactory:58 - CachingRegionFactory should be only used for testing.
14:12:05,237  INFO SchemaExport:343 - HHH000227: Running hbm2ddl schema export
14:12:05,237 DEBUG SchemaExport:353 - Import file not found: /import.sql
14:12:05,238 DEBUG SQL:104 - 
    drop table StateProvince if exists
14:12:05,238 DEBUG SQL:104 - 
    create table StateProvince (
        id bigint generated by default as identity,
        name varchar(255),
        isoCode varchar(255),
        primary key (id)
    )
14:12:05,238  INFO SchemaExport:405 - HHH000230: Schema export complete
14:12:05,239  WARN SessionFactoryImpl:1554 - HHH000008: JTASessionContext being used with JDBCTransactionFactory; auto-flush will not operate correctly with getCurrentSession()
14:12:05,240  INFO CustomRunner:139 - Test: testLongInElementsByCriteria
14:12:05,243 DEBUG SQL:104 - 
    insert 
    into
        StateProvince
        (id, name, isoCode) 
    values
        (null, ?, ?)
14:12:05,252 DEBUG SQL:104 - 
    select
        this_.id as id0_0_,
        this_.name as name0_0_,
        this_.isoCode as isoCode0_0_ 
    from
        StateProvince this_ 
    where
        this_.id in (
            ?, ?, ?, ?, ?, ?, ?, ?, ?, ?, ?, ?, ?, ?, ?, ?, ?, ?, ?, ?, ?, ?, ?, ?, ?, ?, ?, ?, ?, ?, ?, ?, ?, ?, ?, ?, ?, ?, ?, ?, ?, ?, ?, ?, ?, ?, ?, ?, ?, ?, ?, ?, ?, ?, ?, ?, ?, ?, ?, ?, ?, ?, ?, ?, ?, ?, ?, ?, ?, ?, ?, ?, ?, ?, ?, ?, ?, ?, ?, ?, ?, ?, ?, ?, ?, ?, ?, ?, ?, ?, ?, ?, ?, ?, ?, ?, ?, ?, ?, ?, ?, ?, ?, ?, ?, ?, ?, ?, ?, ?, ?, ?, ?, ?, ?, ?, ?, ?, ?, ?, ?, ?, ?, ?, ?, ?, ?, ?, ?, ?, ?, ?, ?, ?, ?, ?, ?, ?, ?, ?, ?, ?, ?, ?, ?, ?, ?, ?, ?, ?, ?, ?, ?, ?, ?, ?, ?, ?, ?, ?, ?, ?, ?, ?, ?, ?, ?, ?, ?, ?, ?, ?, ?, ?, ?, ?, ?, ?, ?, ?, ?, ?, ?, ?, ?, ?, ?, ?, ?, ?, ?, ?, ?, ?, ?, ?, ?, ?, ?, ?, ?, ?, ?, ?, ?, ?, ?, ?, ?, ?, ?, ?, ?, ?, ?, ?, ?, ?, ?, ?, ?, ?, ?, ?, ?, ?, ?, ?, ?, ?, ?, ?, ?, ?, ?, ?, ?, ?, ?, ?, ?, ?, ?, ?, ?, ?, ?, ?, ?, ?, ?, ?, ?, ?, ?, ?, ?, ?, ?, ?, ?, ?, ?, ?, ?, ?, ?, ?, ?, ?, ?, ?, ?, ?, ?, ?, ?, ?, ?, ?, ?, ?, ?, ?, ?, ?, ?, ?, ?, ?, ?, ?, ?, ?, ?, ?, ?, ?, ?, ?, ?, ?, ?, ?, ?, ?, ?, ?, ?, ?, ?, ?, ?, ?, ?, ?, ?, ?, ?, ?, ?, ?, ?, ?, ?, ?, ?, ?, ?, ?, ?, ?, ?, ?, ?, ?, ?, ?, ?, ?, ?, ?, ?, ?, ?, ?, ?, ?, ?, ?, ?, ?, ?, ?, ?, ?, ?, ?, ?, ?, ?, ?, ?, ?, ?, ?, ?, ?, ?, ?, ?, ?, ?, ?, ?, ?, ?, ?, ?, ?, ?, ?, ?, ?, ?, ?, ?, ?, ?, ?, ?, ?, ?, ?, ?, ?, ?, ?, ?, ?, ?, ?, ?, ?, ?, ?, ?, ?, ?, ?, ?, ?, ?, ?, ?, ?, ?, ?, ?, ?, ?, ?, ?, ?, ?, ?, ?, ?, ?, ?, ?, ?, ?, ?, ?, ?, ?, ?, ?, ?, ?, ?, ?, ?, ?, ?, ?, ?, ?, ?, ?, ?, ?, ?, ?, ?, ?, ?, ?, ?, ?, ?, ?, ?, ?, ?, ?, ?, ?, ?, ?, ?, ?, ?, ?, ?, ?, ?, ?, ?, ?, ?, ?, ?, ?, ?, ?, ?, ?, ?, ?, ?, ?, ?, ?, ?, ?, ?, ?, ?, ?, ?, ?, ?, ?, ?, ?, ?, ?, ?, ?, ?, ?, ?, ?, ?, ?, ?, ?, ?, ?, ?, ?, ?, ?, ?, ?, ?, ?, ?, ?, ?, ?, ?, ?, ?, ?, ?, ?, ?, ?, ?, ?, ?, ?, ?, ?, ?, ?, ?, ?, ?, ?, ?, ?, ?, ?, ?, ?, ?, ?, ?, ?, ?, ?, ?, ?, ?, ?, ?, ?, ?, ?, ?, ?, ?, ?, ?, ?, ?, ?, ?, ?, ?, ?, ?, ?, ?, ?, ?, ?, ?, ?, ?, ?, ?, ?, ?, ?, ?, ?, ?, ?, ?, ?, ?, ?, ?, ?, ?, ?, ?, ?, ?, ?, ?, ?, ?, ?, ?, ?, ?, ?, ?, ?, ?, ?, ?, ?, ?, ?, ?, ?, ?, ?, ?, ?, ?, ?, ?, ?, ?, ?, ?, ?, ?, ?, ?, ?, ?, ?, ?, ?, ?, ?, ?, ?, ?, ?, ?, ?, ?, ?, ?, ?, ?, ?, ?, ?, ?, ?, ?, ?, ?, ?, ?, ?, ?, ?, ?, ?, ?, ?, ?, ?, ?, ?, ?, ?, ?, ?, ?, ?, ?, ?, ?, ?, ?, ?, ?, ?, ?, ?, ?, ?, ?, ?, ?, ?, ?, ?, ?, ?, ?, ?, ?, ?, ?, ?, ?, ?, ?, ?, ?, ?, ?, ?, ?, ?, ?, ?, ?, ?, ?, ?, ?, ?, ?, ?, ?, ?, ?, ?, ?, ?, ?, ?, ?, ?, ?, ?, ?, ?, ?, ?, ?, ?, ?, ?, ?, ?, ?, ?, ?, ?, ?, ?, ?, ?, ?, ?, ?, ?, ?, ?, ?, ?, ?, ?, ?, ?, ?, ?, ?, ?, ?, ?, ?, ?, ?, ?, ?, ?, ?, ?, ?, ?, ?, ?, ?, ?, ?, ?, ?, ?, ?, ?, ?, ?, ?, ?, ?, ?, ?, ?, ?, ?, ?, ?, ?, ?, ?, ?, ?, ?, ?, ?, ?, ?, ?, ?, ?, ?, ?, ?, ?, ?, ?, ?, ?, ?, ?, ?, ?, ?, ?, ?, ?, ?, ?, ?, ?, ?, ?, ?, ?, ?, ?, ?, ?, ?, ?, ?, ?, ?, ?, ?, ?, ?, ?, ?, ?, ?, ?, ?, ?, ?, ?, ?, ?, ?, ?, ?, ?, ?, ?, ?, ?, ?, ?, ?, ?, ?, ?, ?, ?, ?, ?, ?, ?, ?, ?, ?, ?, ?, ?, ?, ?, ?, ?, ?, ?, ?, ?, ?, ?, ?, ?, ?, ?, ?, ?, ?, ?, ?, ?, ?, ?, ?, ?, ?, ?, ?, ?, ?, ?, ?, ?, ?, ?, ?, ?, ?, ?, ?, ?, ?, ?, ?, ?, ?, ?, ?, ?, ?, ?, ?, ?, ?, ?, ?, ?, ?, ?, ?, ?, ?, ?, ?, ?, ?, ?, ?, ?, ?, ?, ?, ?, ?, ?, ?, ?, ?, ?, ?, ?, ?, ?, ?, ?, ?, ?, ?, ?, ?, ?, ?, ?, ?, ?, ?, ?, ?, ?, ?, ?, ?, ?, ?, ?, ?, ?, ?, ?, ?, ?, ?, ?, ?, ?, ?, ?, ?, ?, ?, ?, ?, ?, ?, ?, ?, ?, ?, ?, ?, ?, ?, ?, ?, ?, ?, ?, ?, ?, ?, ?, ?, ?, ?, ?, ?, ?, ?, ?, ?, ?, ?, ?, ?, ?, ?, ?, ?, ?, ?, ?, ?, ?, ?, ?, ?, ?, ?, ?, ?, ?, ?, ?, ?, ?, ?, ?, ?, ?, ?, ?, ?, ?, ?, ?, ?, ?, ?, ?, ?, ?, ?, ?, ?, ?, ?, ?, ?, ?, ?, ?, ?, ?, ?, ?, ?, ?, ?, ?, ?, ?, ?, ?, ?, ?, ?, ?, ?, ?, ?, ?, ?, ?, ?, ?, ?, ?, ?, ?, ?, ?, ?, ?, ?, ?, ?, ?, ?, ?, ?, ?, ?, ?, ?, ?, ?, ?, ?, ?, ?, ?, ?, ?, ?, ?, ?, ?, ?, ?, ?, ?, ?, ?, ?, ?, ?, ?, ?, ?, ?, ?, ?, ?, ?, ?, ?, ?, ?, ?, ?, ?, ?, ?, ?, ?, ?, ?, ?, ?, ?, ?, ?, ?, ?, ?, ?, ?, ?, ?, ?, ?, ?, ?, ?, ?, ?, ?, ?, ?, ?, ?, ?, ?, ?, ?, ?, ?, ?, ?, ?, ?, ?, ?, ?, ?, ?, ?, ?, ?, ?, ?, ?, ?, ?, ?, ?, ?, ?, ?, ?, ?, ?, ?, ?, ?, ?, ?, ?, ?, ?, ?, ?, ?, ?, ?, ?, ?, ?, ?, ?, ?, ?, ?, ?, ?, ?, ?, ?, ?, ?, ?, ?, ?, ?, ?, ?, ?, ?, ?, ?, ?, ?, ?, ?, ?, ?, ?, ?, ?, ?, ?, ?, ?, ?, ?, ?, ?, ?, ?, ?, ?, ?, ?, ?, ?, ?, ?, ?, ?, ?, ?, ?, ?, ?, ?, ?, ?, ?, ?, ?, ?, ?, ?, ?, ?, ?, ?, ?, ?, ?, ?, ?, ?, ?, ?, ?, ?, ?, ?, ?, ?, ?, ?, ?, ?, ?, ?, ?, ?, ?, ?, ?, ?, ?, ?, ?, ?, ?, ?, ?, ?, ?, ?, ?, ?, ?, ?, ?, ?, ?, ?, ?, ?, ?, ?, ?, ?, ?, ?, ?, ?, ?, ?, ?, ?, ?, ?, ?, ?, ?, ?, ?, ?, ?, ?, ?, ?, ?, ?, ?, ?, ?, ?, ?, ?, ?, ?, ?, ?, ?, ?, ?, ?, ?, ?, ?, ?, ?, ?, ?, ?, ?, ?, ?, ?, ?, ?, ?, ?, ?, ?, ?, ?, ?, ?, ?, ?, ?, ?, ?, ?, ?, ?, ?, ?, ?, ?, ?, ?, ?, ?, ?, ?, ?, ?, ?, ?, ?, ?, ?, ?, ?, ?, ?, ?, ?, ?, ?, ?, ?, ?, ?, ?, ?, ?, ?, ?, ?, ?, ?, ?, ?, ?, ?, ?, ?, ?, ?, ?, ?, ?, ?, ?, ?, ?, ?, ?, ?, ?, ?, ?, ?, ?, ?, ?, ?, ?, ?, ?, ?, ?, ?, ?, ?, ?, ?, ?, ?, ?, ?, ?, ?, ?, ?, ?, ?, ?, ?, ?, ?, ?, ?, ?, ?, ?, ?, ?, ?, ?, ?, ?, ?, ?, ?, ?, ?, ?, ?, ?, ?, ?, ?, ?, ?, ?, ?, ?, ?, ?, ?, ?, ?, ?, ?, ?, ?, ?, ?, ?, ?, ?, ?, ?, ?, ?, ?, ?, ?, ?, ?, ?, ?, ?, ?, ?, ?, ?, ?, ?, ?, ?, ?, ?, ?, ?, ?, ?, ?, ?, ?, ?, ?, ?, ?, ?, ?, ?, ?, ?, ?, ?, ?, ?, ?, ?, ?, ?, ?, ?, ?, ?, ?, ?, ?, ?, ?, ?, ?, ?, ?, ?, ?, ?, ?, ?, ?, ?, ?, ?, ?, ?, ?, ?, ?, ?, ?, ?, ?, ?, ?, ?, ?, ?, ?, ?, ?, ?, ?, ?, ?, ?, ?, ?, ?, ?, ?, ?, ?, ?, ?, ?, ?, ?, ?, ?, ?, ?, ?, ?, ?, ?, ?, ?, ?, ?, ?, ?, ?, ?, ?, ?, ?, ?, ?, ?, ?, ?, ?, ?, ?, ?, ?, ?, ?, ?, ?, ?, ?, ?, ?, ?, ?, ?, ?, ?, ?, ?, ?, ?, ?, ?, ?, ?, ?, ?, ?, ?, ?, ?, ?, ?, ?, ?, ?, ?, ?, ?, ?, ?, ?, ?, ?, ?, ?, ?, ?, ?, ?, ?, ?, ?, ?, ?, ?, ?, ?, ?, ?, ?, ?, ?, ?, ?, ?, ?, ?, ?, ?, ?, ?, ?, ?, ?, ?, ?, ?, ?, ?, ?, ?, ?, ?, ?, ?, ?, ?, ?, ?, ?, ?, ?, ?, ?, ?, ?, ?, ?, ?, ?, ?, ?, ?, ?, ?, ?, ?, ?, ?, ?, ?, ?, ?, ?, ?, ?, ?, ?, ?, ?, ?, ?, ?, ?, ?, ?, ?, ?, ?, ?, ?, ?, ?, ?, ?, ?, ?, ?, ?, ?, ?, ?, ?, ?, ?, ?, ?, ?, ?, ?, ?, ?, ?, ?, ?, ?, ?, ?, ?, ?, ?, ?, ?, ?, ?, ?, ?, ?, ?, ?, ?, ?, ?, ?, ?, ?, ?, ?, ?, ?, ?, ?, ?, ?, ?, ?, ?, ?, ?, ?, ?, ?, ?, ?, ?, ?, ?, ?, ?, ?, ?, ?, ?, ?, ?, ?, ?, ?, ?, ?, ?, ?, ?, ?, ?, ?, ?, ?, ?, ?, ?, ?, ?, ?, ?, ?, ?, ?, ?, ?, ?, ?, ?, ?, ?, ?, ?, ?, ?, ?, ?, ?, ?, ?, ?, ?, ?, ?, ?, ?, ?, ?, ?, ?, ?, ?, ?, ?, ?, ?, ?, ?, ?, ?, ?, ?, ?, ?, ?, ?, ?, ?, ?, ?, ?, ?, ?, ?, ?, ?, ?, ?, ?, ?, ?, ?, ?, ?, ?, ?, ?, ?, ?, ?, ?, ?, ?, ?, ?, ?, ?, ?, ?, ?, ?, ?, ?, ?, ?, ?, ?, ?, ?, ?, ?, ?, ?, ?, ?, ?, ?, ?, ?, ?, ?, ?, ?, ?, ?, ?, ?, ?, ?, ?, ?, ?, ?, ?, ?, ?, ?, ?, ?, ?, ?, ?, ?, ?, ?, ?, ?, ?, ?, ?, ?, ?, ?, ?, ?, ?, ?, ?, ?, ?, ?, ?, ?, ?, ?, ?, ?, ?, ?, ?, ?, ?, ?, ?, ?, ?, ?, ?, ?, ?, ?, ?, ?, ?, ?, ?, ?, ?, ?, ?, ?, ?, ?, ?, ?, ?, ?, ?, ?, ?, ?, ?, ?, ?, ?, ?, ?, ?, ?, ?, ?, ?, ?, ?, ?, ?, ?, ?, ?, ?, ?, ?, ?, ?, ?, ?, ?, ?, ?, ?, ?, ?, ?, ?, ?, ?, ?, ?, ?, ?, ?, ?, ?, ?, ?, ?, ?, ?, ?, ?, ?, ?, ?, ?, ?, ?, ?, ?, ?, ?, ?, ?, ?, ?, ?, ?, ?, ?, ?, ?, ?, ?, ?, ?, ?, ?, ?, ?, ?, ?, ?, ?, ?, ?, ?, ?, ?, ?, ?, ?, ?, ?, ?, ?, ?, ?, ?, ?, ?, ?, ?, ?, ?, ?, ?, ?, ?, ?, ?, ?, ?, ?, ?, ?, ?, ?, ?, ?, ?, ?, ?, ?, ?, ?, ?, ?, ?, ?, ?, ?, ?, ?, ?, ?, ?, ?, ?, ?, ?, ?, ?, ?, ?, ?, ?, ?, ?, ?, ?, ?, ?, ?, ?, ?, ?, ?, ?, ?, ?, ?, ?, ?, ?, ?, ?, ?, ?, ?, ?, ?, ?, ?, ?, ?, ?, ?, ?, ?, ?, ?, ?, ?, ?, ?, ?, ?, ?, ?, ?, ?, ?, ?, ?, ?, ?, ?, ?, ?, ?, ?, ?, ?, ?, ?, ?, ?, ?, ?, ?, ?, ?, ?, ?, ?, ?, ?, ?, ?, ?, ?, ?, ?, ?, ?, ?, ?, ?, ?, ?, ?, ?, ?, ?, ?, ?, ?, ?, ?, ?, ?, ?, ?, ?, ?, ?, ?, ?, ?, ?, ?, ?, ?, ?, ?, ?, ?, ?, ?, ?, ?, ?, ?, ?, ?, ?, ?, ?, ?, ?, ?, ?, ?, ?, ?, ?, ?, ?, ?, ?, ?, ?, ?, ?, ?, ?, ?, ?, ?, ?, ?, ?, ?, ?, ?, ?, ?, ?, ?, ?, ?, ?, ?, ?, ?, ?, ?, ?, ?, ?, ?, ?, ?, ?, ?, ?, ?, ?, ?, ?, ?, ?, ?, ?, ?, ?, ?, ?, ?, ?, ?, ?, ?, ?, ?, ?, ?, ?, ?, ?, ?, ?, ?, ?, ?, ?, ?, ?, ?, ?, ?, ?, ?, ?, ?, ?, ?, ?, ?, ?, ?, ?, ?, ?, ?, ?, ?, ?, ?, ?, ?, ?, ?, ?, ?, ?, ?, ?, ?, ?, ?, ?, ?, ?, ?, ?, ?, ?, ?, ?, ?, ?, ?, ?, ?, ?, ?, ?, ?, ?, ?, ?, ?, ?, ?, ?, ?, ?, ?, ?, ?, ?, ?, ?, ?, ?, ?, ?, ?, ?, ?, ?, ?, ?, ?, ?, ?, ?, ?, ?, ?, ?, ?, ?, ?, ?, ?, ?, ?, ?, ?, ?, ?, ?, ?, ?, ?, ?, ?, ?, ?, ?, ?, ?, ?, ?, ?, ?, ?, ?, ?, ?, ?, ?, ?, ?, ?, ?, ?, ?, ?, ?, ?, ?, ?, ?, ?, ?, ?, ?, ?, ?, ?, ?, ?, ?, ?, ?, ?, ?, ?, ?, ?, ?, ?, ?, ?, ?, ?, ?, ?, ?, ?, ?, ?, ?, ?, ?, ?, ?, ?, ?, ?, ?, ?, ?, ?, ?, ?, ?, ?, ?, ?, ?, ?, ?, ?, ?, ?, ?, ?, ?, ?, ?, ?, ?, ?, ?, ?, ?, ?, ?, ?, ?, ?, ?, ?, ?, ?, ?, ?, ?, ?, ?, ?, ?, ?, ?, ?, ?, ?, ?, ?, ?, ?, ?, ?, ?, ?, ?, ?, ?, ?, ?, ?, ?, ?, ?, ?, ?, ?, ?, ?, ?, ?, ?, ?, ?, ?, ?, ?, ?, ?, ?, ?, ?, ?, ?, ?, ?, ?, ?, ?, ?, ?, ?, ?, ?, ?, ?, ?, ?, ?, ?, ?, ?, ?, ?, ?, ?, ?, ?, ?, ?, ?, ?, ?, ?, ?, ?, ?, ?, ?, ?, ?, ?, ?, ?, ?, ?, ?, ?, ?, ?, ?, ?, ?, ?, ?, ?, ?, ?, ?, ?, ?, ?, ?, ?, ?, ?, ?, ?, ?, ?, ?, ?, ?, ?, ?, ?, ?, ?, ?, ?, ?, ?, ?, ?, ?, ?, ?, ?, ?, ?, ?, ?, ?, ?, ?, ?, ?, ?, ?, ?, ?, ?, ?, ?, ?, ?, ?, ?, ?, ?, ?, ?, ?, ?, ?, ?, ?, ?, ?, ?, ?, ?, ?, ?, ?, ?, ?, ?, ?, ?, ?, ?, ?, ?, ?, ?, ?, ?, ?, ?, ?, ?, ?, ?, ?, ?, ?, ?, ?, ?, ?, ?, ?, ?, ?, ?, ?, ?, ?, ?, ?, ?, ?, ?, ?, ?, ?, ?, ?, ?, ?, ?, ?, ?, ?, ?, ?, ?, ?, ?, ?, ?, ?, ?, ?, ?, ?, ?, ?, ?, ?, ?, ?, ?, ?, ?, ?, ?, ?, ?, ?, ?, ?, ?, ?, ?, ?, ?, ?, ?, ?, ?, ?, ?, ?, ?, ?, ?, ?, ?, ?, ?, ?, ?, ?, ?, ?, ?, ?, ?, ?, ?, ?, ?, ?, ?, ?, ?, ?, ?, ?, ?, ?, ?, ?, ?, ?, ?, ?, ?, ?, ?, ?, ?, ?, ?, ?, ?, ?, ?, ?, ?, ?, ?, ?, ?, ?, ?, ?, ?, ?, ?, ?, ?, ?, ?, ?, ?, ?, ?, ?, ?, ?, ?, ?, ?, ?, ?, ?, ?, ?, ?, ?, ?, ?, ?, ?, ?, ?, ?, ?, ?, ?, ?, ?, ?, ?, ?, ?, ?, ?, ?, ?, ?, ?, ?, ?, ?, ?, ?, ?, ?, ?, ?, ?, ?, ?, ?, ?, ?, ?, ?, ?, ?, ?, ?, ?, ?, ?, ?, ?, ?, ?, ?, ?, ?, ?, ?, ?, ?, ?, ?, ?, ?, ?, ?, ?, ?, ?, ?, ?, ?, ?, ?, ?, ?, ?, ?, ?, ?, ?, ?, ?, ?, ?, ?, ?, ?, ?, ?, ?, ?, ?, ?, ?, ?, ?, ?, ?, ?, ?, ?, ?, ?, ?, ?, ?, ?, ?, ?, ?, ?, ?, ?, ?, ?, ?, ?, ?, ?, ?, ?, ?, ?, ?, ?, ?, ?, ?, ?, ?, ?, ?, ?, ?, ?, ?, ?, ?, ?, ?, ?, ?, ?, ?, ?, ?, ?, ?, ?, ?, ?, ?, ?, ?, ?, ?, ?, ?, ?, ?, ?, ?, ?, ?, ?, ?, ?, ?, ?, ?, ?, ?, ?, ?, ?, ?, ?, ?, ?, ?, ?, ?, ?, ?, ?, ?, ?, ?, ?, ?, ?, ?, ?, ?, ?, ?, ?, ?, ?, ?, ?, ?, ?, ?, ?, ?, ?, ?, ?, ?, ?, ?, ?, ?, ?, ?, ?, ?, ?, ?, ?, ?, ?, ?, ?, ?, ?, ?, ?, ?, ?, ?, ?, ?, ?, ?, ?, ?, ?, ?, ?, ?, ?, ?, ?, ?, ?, ?, ?, ?, ?, ?, ?, ?, ?, ?, ?, ?, ?, ?, ?, ?, ?, ?, ?, ?, ?, ?, ?, ?, ?, ?, ?, ?, ?, ?, ?, ?, ?, ?, ?, ?, ?, ?, ?, ?, ?, ?, ?, ?, ?, ?, ?, ?, ?, ?, ?, ?, ?, ?, ?, ?, ?, ?, ?, ?, ?, ?, ?, ?, ?, ?, ?, ?, ?, ?, ?, ?, ?, ?, ?, ?, ?, ?, ?, ?, ?, ?, ?, ?, ?, ?, ?, ?, ?, ?, ?, ?, ?, ?, ?, ?, ?, ?, ?, ?, ?, ?, ?, ?, ?, ?, ?, ?, ?, ?, ?, ?, ?, ?, ?, ?, ?, ?, ?, ?, ?, ?, ?, ?, ?, ?, ?, ?, ?, ?, ?, ?, ?, ?, ?, ?, ?, ?, ?, ?, ?, ?, ?, ?, ?, ?, ?, ?, ?, ?, ?, ?, ?, ?, ?, ?, ?, ?, ?, ?, ?, ?, ?, ?, ?, ?, ?, ?, ?, ?, ?, ?, ?, ?, ?, ?, ?, ?, ?, ?, ?, ?, ?, ?, ?, ?, ?, ?, ?, ?, ?, ?, ?, ?, ?, ?, ?, ?, ?, ?, ?, ?, ?, ?, ?, ?, ?, ?, ?, ?, ?, ?, ?, ?, ?, ?, ?, ?, ?, ?, ?, ?, ?, ?, ?, ?, ?, ?, ?, ?, ?, ?, ?, ?, ?, ?, ?, ?, ?, ?, ?, ?, ?, ?, ?, ?, ?, ?, ?, ?, ?, ?, ?, ?, ?, ?, ?, ?, ?, ?, ?, ?, ?, ?, ?, ?, ?, ?, ?, ?, ?, ?, ?, ?, ?, ?, ?, ?, ?, ?, ?, ?, ?, ?, ?, ?, ?, ?, ?, ?, ?, ?, ?, ?, ?, ?, ?, ?, ?, ?, ?, ?, ?, ?, ?, ?, ?, ?, ?, ?, ?, ?, ?, ?, ?, ?, ?, ?, ?, ?, ?, ?, ?, ?, ?, ?, ?, ?, ?, ?, ?, ?, ?, ?, ?, ?, ?, ?, ?, ?, ?, ?, ?, ?, ?, ?, ?, ?, ?, ?, ?, ?, ?, ?, ?, ?, ?, ?, ?, ?, ?, ?, ?, ?, ?, ?, ?, ?, ?, ?, ?, ?, ?, ?, ?, ?, ?, ?, ?, ?, ?, ?, ?, ?, ?, ?, ?, ?, ?, ?, ?, ?, ?, ?, ?, ?, ?, ?, ?, ?, ?, ?, ?, ?, ?, ?, ?, ?, ?, ?, ?, ?, ?, ?, ?, ?, ?, ?, ?, ?, ?, ?, ?, ?, ?, ?, ?, ?, ?, ?, ?, ?, ?, ?, ?, ?, ?, ?, ?, ?, ?, ?, ?, ?, ?, ?, ?, ?, ?, ?, ?, ?, ?, ?, ?, ?, ?, ?, ?, ?, ?, ?, ?, ?, ?, ?, ?, ?, ?, ?, ?, ?, ?, ?, ?, ?, ?, ?, ?, ?, ?, ?, ?, ?, ?, ?, ?, ?, ?, ?, ?, ?, ?, ?, ?, ?, ?, ?, ?, ?, ?, ?, ?, ?, ?, ?, ?, ?, ?, ?, ?, ?, ?, ?, ?, ?, ?, ?, ?, ?, ?, ?, ?, ?, ?, ?, ?, ?, ?, ?, ?, ?, ?, ?, ?, ?, ?, ?, ?, ?, ?, ?, ?, ?, ?, ?, ?, ?, ?, ?, ?, ?, ?, ?, ?, ?, ?, ?, ?, ?, ?, ?, ?, ?, ?, ?, ?, ?, ?, ?, ?, ?, ?, ?, ?, ?, ?, ?, ?, ?, ?, ?, ?, ?, ?, ?, ?, ?, ?, ?, ?, ?, ?, ?, ?, ?, ?, ?, ?, ?, ?, ?, ?, ?, ?, ?, ?, ?, ?, ?, ?, ?, ?, ?, ?, ?, ?, ?, ?, ?, ?, ?, ?, ?, ?, ?, ?, ?, ?, ?, ?, ?, ?, ?, ?, ?, ?, ?, ?, ?, ?, ?, ?, ?, ?, ?, ?, ?, ?, ?, ?, ?, ?, ?, ?, ?, ?, ?, ?, ?, ?, ?, ?, ?, ?, ?, ?, ?, ?, ?, ?, ?, ?, ?, ?, ?, ?, ?, ?, ?, ?, ?, ?, ?, ?, ?, ?, ?, ?, ?, ?, ?, ?, ?, ?, ?, ?, ?, ?, ?, ?, ?, ?, ?, ?, ?, ?, ?, ?, ?, ?, ?, ?, ?, ?, ?, ?, ?, ?, ?, ?, ?, ?, ?, ?, ?, ?, ?, ?, ?, ?, ?, ?, ?, ?, ?, ?, ?, ?, ?, ?, ?, ?, ?, ?, ?, ?, ?, ?, ?, ?, ?, ?, ?, ?, ?, ?, ?, ?, ?, ?, ?
        )
14:12:05,271 DEBUG SQL:104 - 
    delete 
    from
        StateProvince 
    where
        id=?
14:12:05,272  INFO CustomRunner:139 - Test: testLongInElementsByHQL
14:12:05,285 DEBUG SQL:104 - 
    insert 
    into
        StateProvince
        (id, name, isoCode) 
    values
        (null, ?, ?)
14:12:05,286 DEBUG QueryTranslatorImpl:265 - parse() - HQL: from org.hibernate.test.hql.StateProvince sp where sp.id in ( :idList )
14:12:05,288 DEBUG QueryTranslatorImpl:283 - --- HQL AST ---
 \-[QUERY] Node: 'query'
    +-[SELECT_FROM] Node: 'SELECT_FROM'
    |  \-[FROM] Node: 'from'
    |     \-[RANGE] Node: 'RANGE'
    |        +-[DOT] Node: '.'
    |        |  +-[DOT] Node: '.'
    |        |  |  +-[DOT] Node: '.'
    |        |  |  |  +-[DOT] Node: '.'
    |        |  |  |  |  +-[IDENT] Node: 'org'
    |        |  |  |  |  \-[IDENT] Node: 'hibernate'
    |        |  |  |  \-[IDENT] Node: 'test'
    |        |  |  \-[IDENT] Node: 'hql'
    |        |  \-[IDENT] Node: 'StateProvince'
    |        \-[ALIAS] Node: 'sp'
    \-[WHERE] Node: 'where'
       \-[IN] Node: 'in'
          +-[DOT] Node: '.'
          |  +-[IDENT] Node: 'sp'
          |  \-[IDENT] Node: 'id'
          \-[IN_LIST] Node: 'inList'
             \-[COLON] Node: ':'
                \-[IDENT] Node: 'idList'

14:12:05,299 DEBUG ErrorCounter:82 - throwQueryException() : no errors
14:12:05,299 DEBUG FromElement:157 - FromClause{level=1} : org.hibernate.test.hql.StateProvince (sp) -> stateprovi0_
14:12:05,300 DEBUG FromReferenceNode:74 - Resolved : sp -> stateprovi0_.id
14:12:05,300 DEBUG DotNode:599 - getDataType() : id -> org.hibernate.type.LongType@4bf3f9d
14:12:05,300 DEBUG FromReferenceNode:74 - Resolved : sp.id -> stateprovi0_.id
14:12:05,300 DEBUG HqlSqlWalker:629 - processQuery() :  ( SELECT ( FromClause{level=1} StateProvince stateprovi0_ ) ( where ( in ( stateprovi0_.id stateprovi0_.id id ) ( inList ? ) ) ) )
14:12:05,300 DEBUG HqlSqlWalker:869 - Derived SELECT clause created.
14:12:05,300 DEBUG JoinProcessor:175 - Using FROM fragment [StateProvince stateprovi0_]
14:12:05,301 DEBUG QueryTranslatorImpl:252 - --- SQL AST ---
 \-[SELECT] QueryNode: 'SELECT'  querySpaces (StateProvince)
    +-[SELECT_CLAUSE] SelectClause: '{derived select clause}'
    |  +-[SELECT_EXPR] SelectExpressionImpl: 'stateprovi0_.id as id0_' {FromElement{explicit,not a collection join,not a fetch join,fetch non-lazy properties,classAlias=sp,role=null,tableName=StateProvince,tableAlias=stateprovi0_,origin=null,columns={,className=org.hibernate.test.hql.StateProvince}}}
    |  \-[SQL_TOKEN] SqlFragment: 'stateprovi0_.name as name0_, stateprovi0_.isoCode as isoCode0_'
    +-[FROM] FromClause: 'from' FromClause{level=1, fromElementCounter=1, fromElements=1, fromElementByClassAlias=[sp], fromElementByTableAlias=[stateprovi0_], fromElementsByPath=[], collectionJoinFromElementsByPath=[], impliedElements=[]}
    |  \-[FROM_FRAGMENT] FromElement: 'StateProvince stateprovi0_' FromElement{explicit,not a collection join,not a fetch join,fetch non-lazy properties,classAlias=sp,role=null,tableName=StateProvince,tableAlias=stateprovi0_,origin=null,columns={,className=org.hibernate.test.hql.StateProvince}}
    \-[WHERE] SqlNode: 'where'
       \-[IN] InLogicOperatorNode: 'in'
          +-[DOT] DotNode: 'stateprovi0_.id' {propertyName=id,dereferenceType=ALL,propertyPath=id,path=sp.id,tableAlias=stateprovi0_,className=org.hibernate.test.hql.StateProvince,classAlias=sp}
          |  +-[ALIAS_REF] IdentNode: 'stateprovi0_.id' {alias=sp, className=org.hibernate.test.hql.StateProvince, tableAlias=stateprovi0_}
          |  \-[IDENT] IdentNode: 'id' {originalText=id}
          \-[IN_LIST] SqlNode: 'inList'
             \-[NAMED_PARAM] ParameterNode: '?' {name=idList, expectedType=org.hibernate.type.LongType@4bf3f9d}

14:12:05,301 DEBUG ErrorCounter:82 - throwQueryException() : no errors
14:12:05,301 DEBUG QueryTranslatorImpl:235 - HQL: from org.hibernate.test.hql.StateProvince sp where sp.id in ( :idList )
14:12:05,301 DEBUG QueryTranslatorImpl:236 - SQL: select stateprovi0_.id as id0_, stateprovi0_.name as name0_, stateprovi0_.isoCode as isoCode0_ from StateProvince stateprovi0_ where stateprovi0_.id in (?)
14:12:05,301 DEBUG ErrorCounter:82 - throwQueryException() : no errors
14:12:05,319 DEBUG QueryTranslatorImpl:265 - parse() - HQL: from org.hibernate.test.hql.StateProvince sp where sp.id in ( :idList0_, :idList1_, :idList2_, :idList3_, :idList4_, :idList5_, :idList6_, :idList7_, :idList8_, :idList9_, :idList10_, :idList11_, :idList12_, :idList13_, :idList14_, :idList15_, :idList16_, :idList17_, :idList18_, :idList19_, :idList20_, :idList21_, :idList22_, :idList23_, :idList24_, :idList25_, :idList26_, :idList27_, :idList28_, :idList29_, :idList30_, :idList31_, :idList32_, :idList33_, :idList34_, :idList35_, :idList36_, :idList37_, :idList38_, :idList39_, :idList40_, :idList41_, :idList42_, :idList43_, :idList44_, :idList45_, :idList46_, :idList47_, :idList48_, :idList49_, :idList50_, :idList51_, :idList52_, :idList53_, :idList54_, :idList55_, :idList56_, :idList57_, :idList58_, :idList59_, :idList60_, :idList61_, :idList62_, :idList63_, :idList64_, :idList65_, :idList66_, :idList67_, :idList68_, :idList69_, :idList70_, :idList71_, :idList72_, :idList73_, :idList74_, :idList75_, :idList76_, :idList77_, :idList78_, :idList79_, :idList80_, :idList81_, :idList82_, :idList83_, :idList84_, :idList85_, :idList86_, :idList87_, :idList88_, :idList89_, :idList90_, :idList91_, :idList92_, :idList93_, :idList94_, :idList95_, :idList96_, :idList97_, :idList98_, :idList99_, :idList100_, :idList101_, :idList102_, :idList103_, :idList104_, :idList105_, :idList106_, :idList107_, :idList108_, :idList109_, :idList110_, :idList111_, :idList112_, :idList113_, :idList114_, :idList115_, :idList116_, :idList117_, :idList118_, :idList119_, :idList120_, :idList121_, :idList122_, :idList123_, :idList124_, :idList125_, :idList126_, :idList127_, :idList128_, :idList129_, :idList130_, :idList131_, :idList132_, :idList133_, :idList134_, :idList135_, :idList136_, :idList137_, :idList138_, :idList139_, :idList140_, :idList141_, :idList142_, :idList143_, :idList144_, :idList145_, :idList146_, :idList147_, :idList148_, :idList149_, :idList150_, :idList151_, :idList152_, :idList153_, :idList154_, :idList155_, :idList156_, :idList157_, :idList158_, :idList159_, :idList160_, :idList161_, :idList162_, :idList163_, :idList164_, :idList165_, :idList166_, :idList167_, :idList168_, :idList169_, :idList170_, :idList171_, :idList172_, :idList173_, :idList174_, :idList175_, :idList176_, :idList177_, :idList178_, :idList179_, :idList180_, :idList181_, :idList182_, :idList183_, :idList184_, :idList185_, :idList186_, :idList187_, :idList188_, :idList189_, :idList190_, :idList191_, :idList192_, :idList193_, :idList194_, :idList195_, :idList196_, :idList197_, :idList198_, :idList199_, :idList200_, :idList201_, :idList202_, :idList203_, :idList204_, :idList205_, :idList206_, :idList207_, :idList208_, :idList209_, :idList210_, :idList211_, :idList212_, :idList213_, :idList214_, :idList215_, :idList216_, :idList217_, :idList218_, :idList219_, :idList220_, :idList221_, :idList222_, :idList223_, :idList224_, :idList225_, :idList226_, :idList227_, :idList228_, :idList229_, :idList230_, :idList231_, :idList232_, :idList233_, :idList234_, :idList235_, :idList236_, :idList237_, :idList238_, :idList239_, :idList240_, :idList241_, :idList242_, :idList243_, :idList244_, :idList245_, :idList246_, :idList247_, :idList248_, :idList249_, :idList250_, :idList251_, :idList252_, :idList253_, :idList254_, :idList255_, :idList256_, :idList257_, :idList258_, :idList259_, :idList260_, :idList261_, :idList262_, :idList263_, :idList264_, :idList265_, :idList266_, :idList267_, :idList268_, :idList269_, :idList270_, :idList271_, :idList272_, :idList273_, :idList274_, :idList275_, :idList276_, :idList277_, :idList278_, :idList279_, :idList280_, :idList281_, :idList282_, :idList283_, :idList284_, :idList285_, :idList286_, :idList287_, :idList288_, :idList289_, :idList290_, :idList291_, :idList292_, :idList293_, :idList294_, :idList295_, :idList296_, :idList297_, :idList298_, :idList299_, :idList300_, :idList301_, :idList302_, :idList303_, :idList304_, :idList305_, :idList306_, :idList307_, :idList308_, :idList309_, :idList310_, :idList311_, :idList312_, :idList313_, :idList314_, :idList315_, :idList316_, :idList317_, :idList318_, :idList319_, :idList320_, :idList321_, :idList322_, :idList323_, :idList324_, :idList325_, :idList326_, :idList327_, :idList328_, :idList329_, :idList330_, :idList331_, :idList332_, :idList333_, :idList334_, :idList335_, :idList336_, :idList337_, :idList338_, :idList339_, :idList340_, :idList341_, :idList342_, :idList343_, :idList344_, :idList345_, :idList346_, :idList347_, :idList348_, :idList349_, :idList350_, :idList351_, :idList352_, :idList353_, :idList354_, :idList355_, :idList356_, :idList357_, :idList358_, :idList359_, :idList360_, :idList361_, :idList362_, :idList363_, :idList364_, :idList365_, :idList366_, :idList367_, :idList368_, :idList369_, :idList370_, :idList371_, :idList372_, :idList373_, :idList374_, :idList375_, :idList376_, :idList377_, :idList378_, :idList379_, :idList380_, :idList381_, :idList382_, :idList383_, :idList384_, :idList385_, :idList386_, :idList387_, :idList388_, :idList389_, :idList390_, :idList391_, :idList392_, :idList393_, :idList394_, :idList395_, :idList396_, :idList397_, :idList398_, :idList399_, :idList400_, :idList401_, :idList402_, :idList403_, :idList404_, :idList405_, :idList406_, :idList407_, :idList408_, :idList409_, :idList410_, :idList411_, :idList412_, :idList413_, :idList414_, :idList415_, :idList416_, :idList417_, :idList418_, :idList419_, :idList420_, :idList421_, :idList422_, :idList423_, :idList424_, :idList425_, :idList426_, :idList427_, :idList428_, :idList429_, :idList430_, :idList431_, :idList432_, :idList433_, :idList434_, :idList435_, :idList436_, :idList437_, :idList438_, :idList439_, :idList440_, :idList441_, :idList442_, :idList443_, :idList444_, :idList445_, :idList446_, :idList447_, :idList448_, :idList449_, :idList450_, :idList451_, :idList452_, :idList453_, :idList454_, :idList455_, :idList456_, :idList457_, :idList458_, :idList459_, :idList460_, :idList461_, :idList462_, :idList463_, :idList464_, :idList465_, :idList466_, :idList467_, :idList468_, :idList469_, :idList470_, :idList471_, :idList472_, :idList473_, :idList474_, :idList475_, :idList476_, :idList477_, :idList478_, :idList479_, :idList480_, :idList481_, :idList482_, :idList483_, :idList484_, :idList485_, :idList486_, :idList487_, :idList488_, :idList489_, :idList490_, :idList491_, :idList492_, :idList493_, :idList494_, :idList495_, :idList496_, :idList497_, :idList498_, :idList499_, :idList500_, :idList501_, :idList502_, :idList503_, :idList504_, :idList505_, :idList506_, :idList507_, :idList508_, :idList509_, :idList510_, :idList511_, :idList512_, :idList513_, :idList514_, :idList515_, :idList516_, :idList517_, :idList518_, :idList519_, :idList520_, :idList521_, :idList522_, :idList523_, :idList524_, :idList525_, :idList526_, :idList527_, :idList528_, :idList529_, :idList530_, :idList531_, :idList532_, :idList533_, :idList534_, :idList535_, :idList536_, :idList537_, :idList538_, :idList539_, :idList540_, :idList541_, :idList542_, :idList543_, :idList544_, :idList545_, :idList546_, :idList547_, :idList548_, :idList549_, :idList550_, :idList551_, :idList552_, :idList553_, :idList554_, :idList555_, :idList556_, :idList557_, :idList558_, :idList559_, :idList560_, :idList561_, :idList562_, :idList563_, :idList564_, :idList565_, :idList566_, :idList567_, :idList568_, :idList569_, :idList570_, :idList571_, :idList572_, :idList573_, :idList574_, :idList575_, :idList576_, :idList577_, :idList578_, :idList579_, :idList580_, :idList581_, :idList582_, :idList583_, :idList584_, :idList585_, :idList586_, :idList587_, :idList588_, :idList589_, :idList590_, :idList591_, :idList592_, :idList593_, :idList594_, :idList595_, :idList596_, :idList597_, :idList598_, :idList599_, :idList600_, :idList601_, :idList602_, :idList603_, :idList604_, :idList605_, :idList606_, :idList607_, :idList608_, :idList609_, :idList610_, :idList611_, :idList612_, :idList613_, :idList614_, :idList615_, :idList616_, :idList617_, :idList618_, :idList619_, :idList620_, :idList621_, :idList622_, :idList623_, :idList624_, :idList625_, :idList626_, :idList627_, :idList628_, :idList629_, :idList630_, :idList631_, :idList632_, :idList633_, :idList634_, :idList635_, :idList636_, :idList637_, :idList638_, :idList639_, :idList640_, :idList641_, :idList642_, :idList643_, :idList644_, :idList645_, :idList646_, :idList647_, :idList648_, :idList649_, :idList650_, :idList651_, :idList652_, :idList653_, :idList654_, :idList655_, :idList656_, :idList657_, :idList658_, :idList659_, :idList660_, :idList661_, :idList662_, :idList663_, :idList664_, :idList665_, :idList666_, :idList667_, :idList668_, :idList669_, :idList670_, :idList671_, :idList672_, :idList673_, :idList674_, :idList675_, :idList676_, :idList677_, :idList678_, :idList679_, :idList680_, :idList681_, :idList682_, :idList683_, :idList684_, :idList685_, :idList686_, :idList687_, :idList688_, :idList689_, :idList690_, :idList691_, :idList692_, :idList693_, :idList694_, :idList695_, :idList696_, :idList697_, :idList698_, :idList699_, :idList700_, :idList701_, :idList702_, :idList703_, :idList704_, :idList705_, :idList706_, :idList707_, :idList708_, :idList709_, :idList710_, :idList711_, :idList712_, :idList713_, :idList714_, :idList715_, :idList716_, :idList717_, :idList718_, :idList719_, :idList720_, :idList721_, :idList722_, :idList723_, :idList724_, :idList725_, :idList726_, :idList727_, :idList728_, :idList729_, :idList730_, :idList731_, :idList732_, :idList733_, :idList734_, :idList735_, :idList736_, :idList737_, :idList738_, :idList739_, :idList740_, :idList741_, :idList742_, :idList743_, :idList744_, :idList745_, :idList746_, :idList747_, :idList748_, :idList749_, :idList750_, :idList751_, :idList752_, :idList753_, :idList754_, :idList755_, :idList756_, :idList757_, :idList758_, :idList759_, :idList760_, :idList761_, :idList762_, :idList763_, :idList764_, :idList765_, :idList766_, :idList767_, :idList768_, :idList769_, :idList770_, :idList771_, :idList772_, :idList773_, :idList774_, :idList775_, :idList776_, :idList777_, :idList778_, :idList779_, :idList780_, :idList781_, :idList782_, :idList783_, :idList784_, :idList785_, :idList786_, :idList787_, :idList788_, :idList789_, :idList790_, :idList791_, :idList792_, :idList793_, :idList794_, :idList795_, :idList796_, :idList797_, :idList798_, :idList799_, :idList800_, :idList801_, :idList802_, :idList803_, :idList804_, :idList805_, :idList806_, :idList807_, :idList808_, :idList809_, :idList810_, :idList811_, :idList812_, :idList813_, :idList814_, :idList815_, :idList816_, :idList817_, :idList818_, :idList819_, :idList820_, :idList821_, :idList822_, :idList823_, :idList824_, :idList825_, :idList826_, :idList827_, :idList828_, :idList829_, :idList830_, :idList831_, :idList832_, :idList833_, :idList834_, :idList835_, :idList836_, :idList837_, :idList838_, :idList839_, :idList840_, :idList841_, :idList842_, :idList843_, :idList844_, :idList845_, :idList846_, :idList847_, :idList848_, :idList849_, :idList850_, :idList851_, :idList852_, :idList853_, :idList854_, :idList855_, :idList856_, :idList857_, :idList858_, :idList859_, :idList860_, :idList861_, :idList862_, :idList863_, :idList864_, :idList865_, :idList866_, :idList867_, :idList868_, :idList869_, :idList870_, :idList871_, :idList872_, :idList873_, :idList874_, :idList875_, :idList876_, :idList877_, :idList878_, :idList879_, :idList880_, :idList881_, :idList882_, :idList883_, :idList884_, :idList885_, :idList886_, :idList887_, :idList888_, :idList889_, :idList890_, :idList891_, :idList892_, :idList893_, :idList894_, :idList895_, :idList896_, :idList897_, :idList898_, :idList899_, :idList900_, :idList901_, :idList902_, :idList903_, :idList904_, :idList905_, :idList906_, :idList907_, :idList908_, :idList909_, :idList910_, :idList911_, :idList912_, :idList913_, :idList914_, :idList915_, :idList916_, :idList917_, :idList918_, :idList919_, :idList920_, :idList921_, :idList922_, :idList923_, :idList924_, :idList925_, :idList926_, :idList927_, :idList928_, :idList929_, :idList930_, :idList931_, :idList932_, :idList933_, :idList934_, :idList935_, :idList936_, :idList937_, :idList938_, :idList939_, :idList940_, :idList941_, :idList942_, :idList943_, :idList944_, :idList945_, :idList946_, :idList947_, :idList948_, :idList949_, :idList950_, :idList951_, :idList952_, :idList953_, :idList954_, :idList955_, :idList956_, :idList957_, :idList958_, :idList959_, :idList960_, :idList961_, :idList962_, :idList963_, :idList964_, :idList965_, :idList966_, :idList967_, :idList968_, :idList969_, :idList970_, :idList971_, :idList972_, :idList973_, :idList974_, :idList975_, :idList976_, :idList977_, :idList978_, :idList979_, :idList980_, :idList981_, :idList982_, :idList983_, :idList984_, :idList985_, :idList986_, :idList987_, :idList988_, :idList989_, :idList990_, :idList991_, :idList992_, :idList993_, :idList994_, :idList995_, :idList996_, :idList997_, :idList998_, :idList999_, :idList1000_, :idList1001_, :idList1002_, :idList1003_, :idList1004_, :idList1005_, :idList1006_, :idList1007_, :idList1008_, :idList1009_, :idList1010_, :idList1011_, :idList1012_, :idList1013_, :idList1014_, :idList1015_, :idList1016_, :idList1017_, :idList1018_, :idList1019_, :idList1020_, :idList1021_, :idList1022_, :idList1023_, :idList1024_, :idList1025_, :idList1026_, :idList1027_, :idList1028_, :idList1029_, :idList1030_, :idList1031_, :idList1032_, :idList1033_, :idList1034_, :idList1035_, :idList1036_, :idList1037_, :idList1038_, :idList1039_, :idList1040_, :idList1041_, :idList1042_, :idList1043_, :idList1044_, :idList1045_, :idList1046_, :idList1047_, :idList1048_, :idList1049_, :idList1050_, :idList1051_, :idList1052_, :idList1053_, :idList1054_, :idList1055_, :idList1056_, :idList1057_, :idList1058_, :idList1059_, :idList1060_, :idList1061_, :idList1062_, :idList1063_, :idList1064_, :idList1065_, :idList1066_, :idList1067_, :idList1068_, :idList1069_, :idList1070_, :idList1071_, :idList1072_, :idList1073_, :idList1074_, :idList1075_, :idList1076_, :idList1077_, :idList1078_, :idList1079_, :idList1080_, :idList1081_, :idList1082_, :idList1083_, :idList1084_, :idList1085_, :idList1086_, :idList1087_, :idList1088_, :idList1089_, :idList1090_, :idList1091_, :idList1092_, :idList1093_, :idList1094_, :idList1095_, :idList1096_, :idList1097_, :idList1098_, :idList1099_, :idList1100_, :idList1101_, :idList1102_, :idList1103_, :idList1104_, :idList1105_, :idList1106_, :idList1107_, :idList1108_, :idList1109_, :idList1110_, :idList1111_, :idList1112_, :idList1113_, :idList1114_, :idList1115_, :idList1116_, :idList1117_, :idList1118_, :idList1119_, :idList1120_, :idList1121_, :idList1122_, :idList1123_, :idList1124_, :idList1125_, :idList1126_, :idList1127_, :idList1128_, :idList1129_, :idList1130_, :idList1131_, :idList1132_, :idList1133_, :idList1134_, :idList1135_, :idList1136_, :idList1137_, :idList1138_, :idList1139_, :idList1140_, :idList1141_, :idList1142_, :idList1143_, :idList1144_, :idList1145_, :idList1146_, :idList1147_, :idList1148_, :idList1149_, :idList1150_, :idList1151_, :idList1152_, :idList1153_, :idList1154_, :idList1155_, :idList1156_, :idList1157_, :idList1158_, :idList1159_, :idList1160_, :idList1161_, :idList1162_, :idList1163_, :idList1164_, :idList1165_, :idList1166_, :idList1167_, :idList1168_, :idList1169_, :idList1170_, :idList1171_, :idList1172_, :idList1173_, :idList1174_, :idList1175_, :idList1176_, :idList1177_, :idList1178_, :idList1179_, :idList1180_, :idList1181_, :idList1182_, :idList1183_, :idList1184_, :idList1185_, :idList1186_, :idList1187_, :idList1188_, :idList1189_, :idList1190_, :idList1191_, :idList1192_, :idList1193_, :idList1194_, :idList1195_, :idList1196_, :idList1197_, :idList1198_, :idList1199_, :idList1200_, :idList1201_, :idList1202_, :idList1203_, :idList1204_, :idList1205_, :idList1206_, :idList1207_, :idList1208_, :idList1209_, :idList1210_, :idList1211_, :idList1212_, :idList1213_, :idList1214_, :idList1215_, :idList1216_, :idList1217_, :idList1218_, :idList1219_, :idList1220_, :idList1221_, :idList1222_, :idList1223_, :idList1224_, :idList1225_, :idList1226_, :idList1227_, :idList1228_, :idList1229_, :idList1230_, :idList1231_, :idList1232_, :idList1233_, :idList1234_, :idList1235_, :idList1236_, :idList1237_, :idList1238_, :idList1239_, :idList1240_, :idList1241_, :idList1242_, :idList1243_, :idList1244_, :idList1245_, :idList1246_, :idList1247_, :idList1248_, :idList1249_, :idList1250_, :idList1251_, :idList1252_, :idList1253_, :idList1254_, :idList1255_, :idList1256_, :idList1257_, :idList1258_, :idList1259_, :idList1260_, :idList1261_, :idList1262_, :idList1263_, :idList1264_, :idList1265_, :idList1266_, :idList1267_, :idList1268_, :idList1269_, :idList1270_, :idList1271_, :idList1272_, :idList1273_, :idList1274_, :idList1275_, :idList1276_, :idList1277_, :idList1278_, :idList1279_, :idList1280_, :idList1281_, :idList1282_, :idList1283_, :idList1284_, :idList1285_, :idList1286_, :idList1287_, :idList1288_, :idList1289_, :idList1290_, :idList1291_, :idList1292_, :idList1293_, :idList1294_, :idList1295_, :idList1296_, :idList1297_, :idList1298_, :idList1299_, :idList1300_, :idList1301_, :idList1302_, :idList1303_, :idList1304_, :idList1305_, :idList1306_, :idList1307_, :idList1308_, :idList1309_, :idList1310_, :idList1311_, :idList1312_, :idList1313_, :idList1314_, :idList1315_, :idList1316_, :idList1317_, :idList1318_, :idList1319_, :idList1320_, :idList1321_, :idList1322_, :idList1323_, :idList1324_, :idList1325_, :idList1326_, :idList1327_, :idList1328_, :idList1329_, :idList1330_, :idList1331_, :idList1332_, :idList1333_, :idList1334_, :idList1335_, :idList1336_, :idList1337_, :idList1338_, :idList1339_, :idList1340_, :idList1341_, :idList1342_, :idList1343_, :idList1344_, :idList1345_, :idList1346_, :idList1347_, :idList1348_, :idList1349_, :idList1350_, :idList1351_, :idList1352_, :idList1353_, :idList1354_, :idList1355_, :idList1356_, :idList1357_, :idList1358_, :idList1359_, :idList1360_, :idList1361_, :idList1362_, :idList1363_, :idList1364_, :idList1365_, :idList1366_, :idList1367_, :idList1368_, :idList1369_, :idList1370_, :idList1371_, :idList1372_, :idList1373_, :idList1374_, :idList1375_, :idList1376_, :idList1377_, :idList1378_, :idList1379_, :idList1380_, :idList1381_, :idList1382_, :idList1383_, :idList1384_, :idList1385_, :idList1386_, :idList1387_, :idList1388_, :idList1389_, :idList1390_, :idList1391_, :idList1392_, :idList1393_, :idList1394_, :idList1395_, :idList1396_, :idList1397_, :idList1398_, :idList1399_, :idList1400_, :idList1401_, :idList1402_, :idList1403_, :idList1404_, :idList1405_, :idList1406_, :idList1407_, :idList1408_, :idList1409_, :idList1410_, :idList1411_, :idList1412_, :idList1413_, :idList1414_, :idList1415_, :idList1416_, :idList1417_, :idList1418_, :idList1419_, :idList1420_, :idList1421_, :idList1422_, :idList1423_, :idList1424_, :idList1425_, :idList1426_, :idList1427_, :idList1428_, :idList1429_, :idList1430_, :idList1431_, :idList1432_, :idList1433_, :idList1434_, :idList1435_, :idList1436_, :idList1437_, :idList1438_, :idList1439_, :idList1440_, :idList1441_, :idList1442_, :idList1443_, :idList1444_, :idList1445_, :idList1446_, :idList1447_, :idList1448_, :idList1449_, :idList1450_, :idList1451_, :idList1452_, :idList1453_, :idList1454_, :idList1455_, :idList1456_, :idList1457_, :idList1458_, :idList1459_, :idList1460_, :idList1461_, :idList1462_, :idList1463_, :idList1464_, :idList1465_, :idList1466_, :idList1467_, :idList1468_, :idList1469_, :idList1470_, :idList1471_, :idList1472_, :idList1473_, :idList1474_, :idList1475_, :idList1476_, :idList1477_, :idList1478_, :idList1479_, :idList1480_, :idList1481_, :idList1482_, :idList1483_, :idList1484_, :idList1485_, :idList1486_, :idList1487_, :idList1488_, :idList1489_, :idList1490_, :idList1491_, :idList1492_, :idList1493_, :idList1494_, :idList1495_, :idList1496_, :idList1497_, :idList1498_, :idList1499_, :idList1500_, :idList1501_, :idList1502_, :idList1503_, :idList1504_, :idList1505_, :idList1506_, :idList1507_, :idList1508_, :idList1509_, :idList1510_, :idList1511_, :idList1512_, :idList1513_, :idList1514_, :idList1515_, :idList1516_, :idList1517_, :idList1518_, :idList1519_, :idList1520_, :idList1521_, :idList1522_, :idList1523_, :idList1524_, :idList1525_, :idList1526_, :idList1527_, :idList1528_, :idList1529_, :idList1530_, :idList1531_, :idList1532_, :idList1533_, :idList1534_, :idList1535_, :idList1536_, :idList1537_, :idList1538_, :idList1539_, :idList1540_, :idList1541_, :idList1542_, :idList1543_, :idList1544_, :idList1545_, :idList1546_, :idList1547_, :idList1548_, :idList1549_, :idList1550_, :idList1551_, :idList1552_, :idList1553_, :idList1554_, :idList1555_, :idList1556_, :idList1557_, :idList1558_, :idList1559_, :idList1560_, :idList1561_, :idList1562_, :idList1563_, :idList1564_, :idList1565_, :idList1566_, :idList1567_, :idList1568_, :idList1569_, :idList1570_, :idList1571_, :idList1572_, :idList1573_, :idList1574_, :idList1575_, :idList1576_, :idList1577_, :idList1578_, :idList1579_, :idList1580_, :idList1581_, :idList1582_, :idList1583_, :idList1584_, :idList1585_, :idList1586_, :idList1587_, :idList1588_, :idList1589_, :idList1590_, :idList1591_, :idList1592_, :idList1593_, :idList1594_, :idList1595_, :idList1596_, :idList1597_, :idList1598_, :idList1599_, :idList1600_, :idList1601_, :idList1602_, :idList1603_, :idList1604_, :idList1605_, :idList1606_, :idList1607_, :idList1608_, :idList1609_, :idList1610_, :idList1611_, :idList1612_, :idList1613_, :idList1614_, :idList1615_, :idList1616_, :idList1617_, :idList1618_, :idList1619_, :idList1620_, :idList1621_, :idList1622_, :idList1623_, :idList1624_, :idList1625_, :idList1626_, :idList1627_, :idList1628_, :idList1629_, :idList1630_, :idList1631_, :idList1632_, :idList1633_, :idList1634_, :idList1635_, :idList1636_, :idList1637_, :idList1638_, :idList1639_, :idList1640_, :idList1641_, :idList1642_, :idList1643_, :idList1644_, :idList1645_, :idList1646_, :idList1647_, :idList1648_, :idList1649_, :idList1650_, :idList1651_, :idList1652_, :idList1653_, :idList1654_, :idList1655_, :idList1656_, :idList1657_, :idList1658_, :idList1659_, :idList1660_, :idList1661_, :idList1662_, :idList1663_, :idList1664_, :idList1665_, :idList1666_, :idList1667_, :idList1668_, :idList1669_, :idList1670_, :idList1671_, :idList1672_, :idList1673_, :idList1674_, :idList1675_, :idList1676_, :idList1677_, :idList1678_, :idList1679_, :idList1680_, :idList1681_, :idList1682_, :idList1683_, :idList1684_, :idList1685_, :idList1686_, :idList1687_, :idList1688_, :idList1689_, :idList1690_, :idList1691_, :idList1692_, :idList1693_, :idList1694_, :idList1695_, :idList1696_, :idList1697_, :idList1698_, :idList1699_, :idList1700_, :idList1701_, :idList1702_, :idList1703_, :idList1704_, :idList1705_, :idList1706_, :idList1707_, :idList1708_, :idList1709_, :idList1710_, :idList1711_, :idList1712_, :idList1713_, :idList1714_, :idList1715_, :idList1716_, :idList1717_, :idList1718_, :idList1719_, :idList1720_, :idList1721_, :idList1722_, :idList1723_, :idList1724_, :idList1725_, :idList1726_, :idList1727_, :idList1728_, :idList1729_, :idList1730_, :idList1731_, :idList1732_, :idList1733_, :idList1734_, :idList1735_, :idList1736_, :idList1737_, :idList1738_, :idList1739_, :idList1740_, :idList1741_, :idList1742_, :idList1743_, :idList1744_, :idList1745_, :idList1746_, :idList1747_, :idList1748_, :idList1749_, :idList1750_, :idList1751_, :idList1752_, :idList1753_, :idList1754_, :idList1755_, :idList1756_, :idList1757_, :idList1758_, :idList1759_, :idList1760_, :idList1761_, :idList1762_, :idList1763_, :idList1764_, :idList1765_, :idList1766_, :idList1767_, :idList1768_, :idList1769_, :idList1770_, :idList1771_, :idList1772_, :idList1773_, :idList1774_, :idList1775_, :idList1776_, :idList1777_, :idList1778_, :idList1779_, :idList1780_, :idList1781_, :idList1782_, :idList1783_, :idList1784_, :idList1785_, :idList1786_, :idList1787_, :idList1788_, :idList1789_, :idList1790_, :idList1791_, :idList1792_, :idList1793_, :idList1794_, :idList1795_, :idList1796_, :idList1797_, :idList1798_, :idList1799_, :idList1800_, :idList1801_, :idList1802_, :idList1803_, :idList1804_, :idList1805_, :idList1806_, :idList1807_, :idList1808_, :idList1809_, :idList1810_, :idList1811_, :idList1812_, :idList1813_, :idList1814_, :idList1815_, :idList1816_, :idList1817_, :idList1818_, :idList1819_, :idList1820_, :idList1821_, :idList1822_, :idList1823_, :idList1824_, :idList1825_, :idList1826_, :idList1827_, :idList1828_, :idList1829_, :idList1830_, :idList1831_, :idList1832_, :idList1833_, :idList1834_, :idList1835_, :idList1836_, :idList1837_, :idList1838_, :idList1839_, :idList1840_, :idList1841_, :idList1842_, :idList1843_, :idList1844_, :idList1845_, :idList1846_, :idList1847_, :idList1848_, :idList1849_, :idList1850_, :idList1851_, :idList1852_, :idList1853_, :idList1854_, :idList1855_, :idList1856_, :idList1857_, :idList1858_, :idList1859_, :idList1860_, :idList1861_, :idList1862_, :idList1863_, :idList1864_, :idList1865_, :idList1866_, :idList1867_, :idList1868_, :idList1869_, :idList1870_, :idList1871_, :idList1872_, :idList1873_, :idList1874_, :idList1875_, :idList1876_, :idList1877_, :idList1878_, :idList1879_, :idList1880_, :idList1881_, :idList1882_, :idList1883_, :idList1884_, :idList1885_, :idList1886_, :idList1887_, :idList1888_, :idList1889_, :idList1890_, :idList1891_, :idList1892_, :idList1893_, :idList1894_, :idList1895_, :idList1896_, :idList1897_, :idList1898_, :idList1899_, :idList1900_, :idList1901_, :idList1902_, :idList1903_, :idList1904_, :idList1905_, :idList1906_, :idList1907_, :idList1908_, :idList1909_, :idList1910_, :idList1911_, :idList1912_, :idList1913_, :idList1914_, :idList1915_, :idList1916_, :idList1917_, :idList1918_, :idList1919_, :idList1920_, :idList1921_, :idList1922_, :idList1923_, :idList1924_, :idList1925_, :idList1926_, :idList1927_, :idList1928_, :idList1929_, :idList1930_, :idList1931_, :idList1932_, :idList1933_, :idList1934_, :idList1935_, :idList1936_, :idList1937_, :idList1938_, :idList1939_, :idList1940_, :idList1941_, :idList1942_, :idList1943_, :idList1944_, :idList1945_, :idList1946_, :idList1947_, :idList1948_, :idList1949_, :idList1950_, :idList1951_, :idList1952_, :idList1953_, :idList1954_, :idList1955_, :idList1956_, :idList1957_, :idList1958_, :idList1959_, :idList1960_, :idList1961_, :idList1962_, :idList1963_, :idList1964_, :idList1965_, :idList1966_, :idList1967_, :idList1968_, :idList1969_, :idList1970_, :idList1971_, :idList1972_, :idList1973_, :idList1974_, :idList1975_, :idList1976_, :idList1977_, :idList1978_, :idList1979_, :idList1980_, :idList1981_, :idList1982_, :idList1983_, :idList1984_, :idList1985_, :idList1986_, :idList1987_, :idList1988_, :idList1989_, :idList1990_, :idList1991_, :idList1992_, :idList1993_, :idList1994_, :idList1995_, :idList1996_, :idList1997_, :idList1998_, :idList1999_, :idList2000_, :idList2001_, :idList2002_, :idList2003_, :idList2004_, :idList2005_, :idList2006_, :idList2007_, :idList2008_, :idList2009_, :idList2010_, :idList2011_, :idList2012_, :idList2013_, :idList2014_, :idList2015_, :idList2016_, :idList2017_, :idList2018_, :idList2019_, :idList2020_, :idList2021_, :idList2022_, :idList2023_, :idList2024_, :idList2025_, :idList2026_, :idList2027_, :idList2028_, :idList2029_, :idList2030_, :idList2031_, :idList2032_, :idList2033_, :idList2034_, :idList2035_, :idList2036_, :idList2037_, :idList2038_, :idList2039_, :idList2040_, :idList2041_, :idList2042_, :idList2043_, :idList2044_, :idList2045_, :idList2046_, :idList2047_, :idList2048_, :idList2049_, :idList2050_, :idList2051_, :idList2052_, :idList2053_, :idList2054_, :idList2055_, :idList2056_, :idList2057_, :idList2058_, :idList2059_, :idList2060_, :idList2061_, :idList2062_, :idList2063_, :idList2064_, :idList2065_, :idList2066_, :idList2067_, :idList2068_, :idList2069_, :idList2070_, :idList2071_, :idList2072_, :idList2073_, :idList2074_, :idList2075_, :idList2076_, :idList2077_, :idList2078_, :idList2079_, :idList2080_, :idList2081_, :idList2082_, :idList2083_, :idList2084_, :idList2085_, :idList2086_, :idList2087_, :idList2088_, :idList2089_, :idList2090_, :idList2091_, :idList2092_, :idList2093_, :idList2094_, :idList2095_, :idList2096_, :idList2097_, :idList2098_, :idList2099_, :idList2100_, :idList2101_, :idList2102_, :idList2103_, :idList2104_, :idList2105_, :idList2106_, :idList2107_, :idList2108_, :idList2109_, :idList2110_, :idList2111_, :idList2112_, :idList2113_, :idList2114_, :idList2115_, :idList2116_, :idList2117_, :idList2118_, :idList2119_, :idList2120_, :idList2121_, :idList2122_, :idList2123_, :idList2124_, :idList2125_, :idList2126_, :idList2127_, :idList2128_, :idList2129_, :idList2130_, :idList2131_, :idList2132_, :idList2133_, :idList2134_, :idList2135_, :idList2136_, :idList2137_, :idList2138_, :idList2139_, :idList2140_, :idList2141_, :idList2142_, :idList2143_, :idList2144_, :idList2145_, :idList2146_, :idList2147_, :idList2148_, :idList2149_, :idList2150_, :idList2151_, :idList2152_, :idList2153_, :idList2154_, :idList2155_, :idList2156_, :idList2157_, :idList2158_, :idList2159_, :idList2160_, :idList2161_, :idList2162_, :idList2163_, :idList2164_, :idList2165_, :idList2166_, :idList2167_, :idList2168_, :idList2169_, :idList2170_, :idList2171_, :idList2172_, :idList2173_, :idList2174_, :idList2175_, :idList2176_, :idList2177_, :idList2178_, :idList2179_, :idList2180_, :idList2181_, :idList2182_, :idList2183_, :idList2184_, :idList2185_, :idList2186_, :idList2187_, :idList2188_, :idList2189_, :idList2190_, :idList2191_, :idList2192_, :idList2193_, :idList2194_, :idList2195_, :idList2196_, :idList2197_, :idList2198_, :idList2199_, :idList2200_, :idList2201_, :idList2202_, :idList2203_, :idList2204_, :idList2205_, :idList2206_, :idList2207_, :idList2208_, :idList2209_, :idList2210_, :idList2211_, :idList2212_, :idList2213_, :idList2214_, :idList2215_, :idList2216_, :idList2217_, :idList2218_, :idList2219_, :idList2220_, :idList2221_, :idList2222_, :idList2223_, :idList2224_, :idList2225_, :idList2226_, :idList2227_, :idList2228_, :idList2229_, :idList2230_, :idList2231_, :idList2232_, :idList2233_, :idList2234_, :idList2235_, :idList2236_, :idList2237_, :idList2238_, :idList2239_, :idList2240_, :idList2241_, :idList2242_, :idList2243_, :idList2244_, :idList2245_, :idList2246_, :idList2247_, :idList2248_, :idList2249_, :idList2250_, :idList2251_, :idList2252_, :idList2253_, :idList2254_, :idList2255_, :idList2256_, :idList2257_, :idList2258_, :idList2259_, :idList2260_, :idList2261_, :idList2262_, :idList2263_, :idList2264_, :idList2265_, :idList2266_, :idList2267_, :idList2268_, :idList2269_, :idList2270_, :idList2271_, :idList2272_, :idList2273_, :idList2274_, :idList2275_, :idList2276_, :idList2277_, :idList2278_, :idList2279_, :idList2280_, :idList2281_, :idList2282_, :idList2283_, :idList2284_, :idList2285_, :idList2286_, :idList2287_, :idList2288_, :idList2289_, :idList2290_, :idList2291_, :idList2292_, :idList2293_, :idList2294_, :idList2295_, :idList2296_, :idList2297_, :idList2298_, :idList2299_, :idList2300_, :idList2301_, :idList2302_, :idList2303_, :idList2304_, :idList2305_, :idList2306_, :idList2307_, :idList2308_, :idList2309_, :idList2310_, :idList2311_, :idList2312_, :idList2313_, :idList2314_, :idList2315_, :idList2316_, :idList2317_, :idList2318_, :idList2319_, :idList2320_, :idList2321_, :idList2322_, :idList2323_, :idList2324_, :idList2325_, :idList2326_, :idList2327_, :idList2328_, :idList2329_, :idList2330_, :idList2331_, :idList2332_, :idList2333_, :idList2334_, :idList2335_, :idList2336_, :idList2337_, :idList2338_, :idList2339_, :idList2340_, :idList2341_, :idList2342_, :idList2343_, :idList2344_, :idList2345_, :idList2346_, :idList2347_, :idList2348_, :idList2349_, :idList2350_, :idList2351_, :idList2352_, :idList2353_, :idList2354_, :idList2355_, :idList2356_, :idList2357_, :idList2358_, :idList2359_, :idList2360_, :idList2361_, :idList2362_, :idList2363_, :idList2364_, :idList2365_, :idList2366_, :idList2367_, :idList2368_, :idList2369_, :idList2370_, :idList2371_, :idList2372_, :idList2373_, :idList2374_, :idList2375_, :idList2376_, :idList2377_, :idList2378_, :idList2379_, :idList2380_, :idList2381_, :idList2382_, :idList2383_, :idList2384_, :idList2385_, :idList2386_, :idList2387_, :idList2388_, :idList2389_, :idList2390_, :idList2391_, :idList2392_, :idList2393_, :idList2394_, :idList2395_, :idList2396_, :idList2397_, :idList2398_, :idList2399_, :idList2400_, :idList2401_, :idList2402_, :idList2403_, :idList2404_, :idList2405_, :idList2406_, :idList2407_, :idList2408_, :idList2409_, :idList2410_, :idList2411_, :idList2412_, :idList2413_, :idList2414_, :idList2415_, :idList2416_, :idList2417_, :idList2418_, :idList2419_, :idList2420_, :idList2421_, :idList2422_, :idList2423_, :idList2424_, :idList2425_, :idList2426_, :idList2427_, :idList2428_, :idList2429_, :idList2430_, :idList2431_, :idList2432_, :idList2433_, :idList2434_, :idList2435_, :idList2436_, :idList2437_, :idList2438_, :idList2439_, :idList2440_, :idList2441_, :idList2442_, :idList2443_, :idList2444_, :idList2445_, :idList2446_, :idList2447_, :idList2448_, :idList2449_, :idList2450_, :idList2451_, :idList2452_, :idList2453_, :idList2454_, :idList2455_, :idList2456_, :idList2457_, :idList2458_, :idList2459_, :idList2460_, :idList2461_, :idList2462_, :idList2463_, :idList2464_, :idList2465_, :idList2466_, :idList2467_, :idList2468_, :idList2469_, :idList2470_, :idList2471_, :idList2472_, :idList2473_, :idList2474_, :idList2475_, :idList2476_, :idList2477_, :idList2478_, :idList2479_, :idList2480_, :idList2481_, :idList2482_, :idList2483_, :idList2484_, :idList2485_, :idList2486_, :idList2487_, :idList2488_, :idList2489_, :idList2490_, :idList2491_, :idList2492_, :idList2493_, :idList2494_, :idList2495_, :idList2496_, :idList2497_, :idList2498_, :idList2499_, :idList2500_, :idList2501_, :idList2502_, :idList2503_, :idList2504_, :idList2505_, :idList2506_, :idList2507_, :idList2508_, :idList2509_, :idList2510_, :idList2511_, :idList2512_, :idList2513_, :idList2514_, :idList2515_, :idList2516_, :idList2517_, :idList2518_, :idList2519_, :idList2520_, :idList2521_, :idList2522_, :idList2523_, :idList2524_, :idList2525_, :idList2526_, :idList2527_, :idList2528_, :idList2529_, :idList2530_, :idList2531_, :idList2532_, :idList2533_, :idList2534_, :idList2535_, :idList2536_, :idList2537_, :idList2538_, :idList2539_, :idList2540_, :idList2541_, :idList2542_, :idList2543_, :idList2544_, :idList2545_, :idList2546_, :idList2547_, :idList2548_, :idList2549_, :idList2550_, :idList2551_, :idList2552_, :idList2553_, :idList2554_, :idList2555_, :idList2556_, :idList2557_, :idList2558_, :idList2559_, :idList2560_, :idList2561_, :idList2562_, :idList2563_, :idList2564_, :idList2565_, :idList2566_, :idList2567_, :idList2568_, :idList2569_, :idList2570_, :idList2571_, :idList2572_, :idList2573_, :idList2574_, :idList2575_, :idList2576_, :idList2577_, :idList2578_, :idList2579_, :idList2580_, :idList2581_, :idList2582_, :idList2583_, :idList2584_, :idList2585_, :idList2586_, :idList2587_, :idList2588_, :idList2589_, :idList2590_, :idList2591_, :idList2592_, :idList2593_, :idList2594_, :idList2595_, :idList2596_, :idList2597_, :idList2598_, :idList2599_, :idList2600_, :idList2601_, :idList2602_, :idList2603_, :idList2604_, :idList2605_, :idList2606_, :idList2607_, :idList2608_, :idList2609_, :idList2610_, :idList2611_, :idList2612_, :idList2613_, :idList2614_, :idList2615_, :idList2616_, :idList2617_, :idList2618_, :idList2619_, :idList2620_, :idList2621_, :idList2622_, :idList2623_, :idList2624_, :idList2625_, :idList2626_, :idList2627_, :idList2628_, :idList2629_, :idList2630_, :idList2631_, :idList2632_, :idList2633_, :idList2634_, :idList2635_, :idList2636_, :idList2637_, :idList2638_, :idList2639_, :idList2640_, :idList2641_, :idList2642_, :idList2643_, :idList2644_, :idList2645_, :idList2646_, :idList2647_, :idList2648_, :idList2649_, :idList2650_, :idList2651_, :idList2652_, :idList2653_, :idList2654_, :idList2655_, :idList2656_, :idList2657_, :idList2658_, :idList2659_, :idList2660_, :idList2661_, :idList2662_, :idList2663_, :idList2664_, :idList2665_, :idList2666_, :idList2667_, :idList2668_, :idList2669_, :idList2670_, :idList2671_, :idList2672_, :idList2673_, :idList2674_, :idList2675_, :idList2676_, :idList2677_, :idList2678_, :idList2679_, :idList2680_, :idList2681_, :idList2682_, :idList2683_, :idList2684_, :idList2685_, :idList2686_, :idList2687_, :idList2688_, :idList2689_, :idList2690_, :idList2691_, :idList2692_, :idList2693_, :idList2694_, :idList2695_, :idList2696_, :idList2697_, :idList2698_, :idList2699_, :idList2700_, :idList2701_, :idList2702_, :idList2703_, :idList2704_, :idList2705_, :idList2706_, :idList2707_, :idList2708_, :idList2709_, :idList2710_, :idList2711_, :idList2712_, :idList2713_, :idList2714_, :idList2715_, :idList2716_, :idList2717_, :idList2718_, :idList2719_, :idList2720_, :idList2721_, :idList2722_, :idList2723_, :idList2724_, :idList2725_, :idList2726_, :idList2727_, :idList2728_, :idList2729_, :idList2730_, :idList2731_, :idList2732_, :idList2733_, :idList2734_, :idList2735_, :idList2736_, :idList2737_, :idList2738_, :idList2739_, :idList2740_, :idList2741_, :idList2742_, :idList2743_, :idList2744_, :idList2745_, :idList2746_, :idList2747_, :idList2748_, :idList2749_, :idList2750_, :idList2751_, :idList2752_, :idList2753_, :idList2754_, :idList2755_, :idList2756_, :idList2757_, :idList2758_, :idList2759_, :idList2760_, :idList2761_, :idList2762_, :idList2763_, :idList2764_, :idList2765_, :idList2766_, :idList2767_, :idList2768_, :idList2769_, :idList2770_, :idList2771_, :idList2772_, :idList2773_, :idList2774_, :idList2775_, :idList2776_, :idList2777_, :idList2778_, :idList2779_, :idList2780_, :idList2781_, :idList2782_, :idList2783_, :idList2784_, :idList2785_, :idList2786_, :idList2787_, :idList2788_, :idList2789_, :idList2790_, :idList2791_, :idList2792_, :idList2793_, :idList2794_, :idList2795_, :idList2796_, :idList2797_, :idList2798_, :idList2799_, :idList2800_, :idList2801_, :idList2802_, :idList2803_, :idList2804_, :idList2805_, :idList2806_, :idList2807_, :idList2808_, :idList2809_, :idList2810_, :idList2811_, :idList2812_, :idList2813_, :idList2814_, :idList2815_, :idList2816_, :idList2817_, :idList2818_, :idList2819_, :idList2820_, :idList2821_, :idList2822_, :idList2823_, :idList2824_, :idList2825_, :idList2826_, :idList2827_, :idList2828_, :idList2829_, :idList2830_, :idList2831_, :idList2832_, :idList2833_, :idList2834_, :idList2835_, :idList2836_, :idList2837_, :idList2838_, :idList2839_, :idList2840_, :idList2841_, :idList2842_, :idList2843_, :idList2844_, :idList2845_, :idList2846_, :idList2847_, :idList2848_, :idList2849_, :idList2850_, :idList2851_, :idList2852_, :idList2853_, :idList2854_, :idList2855_, :idList2856_, :idList2857_, :idList2858_, :idList2859_, :idList2860_, :idList2861_, :idList2862_, :idList2863_, :idList2864_, :idList2865_, :idList2866_, :idList2867_, :idList2868_, :idList2869_, :idList2870_, :idList2871_, :idList2872_, :idList2873_, :idList2874_, :idList2875_, :idList2876_, :idList2877_, :idList2878_, :idList2879_, :idList2880_, :idList2881_, :idList2882_, :idList2883_, :idList2884_, :idList2885_, :idList2886_, :idList2887_, :idList2888_, :idList2889_, :idList2890_, :idList2891_, :idList2892_, :idList2893_, :idList2894_, :idList2895_, :idList2896_, :idList2897_, :idList2898_, :idList2899_, :idList2900_, :idList2901_, :idList2902_, :idList2903_, :idList2904_, :idList2905_, :idList2906_, :idList2907_, :idList2908_, :idList2909_, :idList2910_, :idList2911_, :idList2912_, :idList2913_, :idList2914_, :idList2915_, :idList2916_, :idList2917_, :idList2918_, :idList2919_, :idList2920_, :idList2921_, :idList2922_, :idList2923_, :idList2924_, :idList2925_, :idList2926_, :idList2927_, :idList2928_, :idList2929_, :idList2930_, :idList2931_, :idList2932_, :idList2933_, :idList2934_, :idList2935_, :idList2936_, :idList2937_, :idList2938_, :idList2939_, :idList2940_, :idList2941_, :idList2942_, :idList2943_, :idList2944_, :idList2945_, :idList2946_, :idList2947_, :idList2948_, :idList2949_, :idList2950_, :idList2951_, :idList2952_, :idList2953_, :idList2954_, :idList2955_, :idList2956_, :idList2957_, :idList2958_, :idList2959_, :idList2960_, :idList2961_, :idList2962_, :idList2963_, :idList2964_, :idList2965_, :idList2966_, :idList2967_, :idList2968_, :idList2969_, :idList2970_, :idList2971_, :idList2972_, :idList2973_, :idList2974_, :idList2975_, :idList2976_, :idList2977_, :idList2978_, :idList2979_, :idList2980_, :idList2981_, :idList2982_, :idList2983_, :idList2984_, :idList2985_, :idList2986_, :idList2987_, :idList2988_, :idList2989_, :idList2990_, :idList2991_, :idList2992_, :idList2993_, :idList2994_, :idList2995_, :idList2996_, :idList2997_, :idList2998_, :idList2999_, :idList3000_, :idList3001_, :idList3002_, :idList3003_, :idList3004_, :idList3005_, :idList3006_, :idList3007_, :idList3008_, :idList3009_, :idList3010_, :idList3011_, :idList3012_, :idList3013_, :idList3014_, :idList3015_, :idList3016_, :idList3017_, :idList3018_, :idList3019_, :idList3020_, :idList3021_, :idList3022_, :idList3023_, :idList3024_, :idList3025_, :idList3026_, :idList3027_, :idList3028_, :idList3029_, :idList3030_, :idList3031_, :idList3032_, :idList3033_, :idList3034_, :idList3035_, :idList3036_, :idList3037_, :idList3038_, :idList3039_, :idList3040_, :idList3041_, :idList3042_, :idList3043_, :idList3044_, :idList3045_, :idList3046_, :idList3047_, :idList3048_, :idList3049_, :idList3050_, :idList3051_, :idList3052_, :idList3053_, :idList3054_, :idList3055_, :idList3056_, :idList3057_, :idList3058_, :idList3059_, :idList3060_, :idList3061_, :idList3062_, :idList3063_, :idList3064_, :idList3065_, :idList3066_, :idList3067_, :idList3068_, :idList3069_, :idList3070_, :idList3071_, :idList3072_, :idList3073_, :idList3074_, :idList3075_, :idList3076_, :idList3077_, :idList3078_, :idList3079_, :idList3080_, :idList3081_, :idList3082_, :idList3083_, :idList3084_, :idList3085_, :idList3086_, :idList3087_, :idList3088_, :idList3089_, :idList3090_, :idList3091_, :idList3092_, :idList3093_, :idList3094_, :idList3095_, :idList3096_, :idList3097_, :idList3098_, :idList3099_, :idList3100_, :idList3101_, :idList3102_, :idList3103_, :idList3104_, :idList3105_, :idList3106_, :idList3107_, :idList3108_, :idList3109_, :idList3110_, :idList3111_, :idList3112_, :idList3113_, :idList3114_, :idList3115_, :idList3116_, :idList3117_, :idList3118_, :idList3119_, :idList3120_, :idList3121_, :idList3122_, :idList3123_, :idList3124_, :idList3125_, :idList3126_, :idList3127_, :idList3128_, :idList3129_, :idList3130_, :idList3131_, :idList3132_, :idList3133_, :idList3134_, :idList3135_, :idList3136_, :idList3137_, :idList3138_, :idList3139_, :idList3140_, :idList3141_, :idList3142_, :idList3143_, :idList3144_, :idList3145_, :idList3146_, :idList3147_, :idList3148_, :idList3149_, :idList3150_, :idList3151_, :idList3152_, :idList3153_, :idList3154_, :idList3155_, :idList3156_, :idList3157_, :idList3158_, :idList3159_, :idList3160_, :idList3161_, :idList3162_, :idList3163_, :idList3164_, :idList3165_, :idList3166_, :idList3167_, :idList3168_, :idList3169_, :idList3170_, :idList3171_, :idList3172_, :idList3173_, :idList3174_, :idList3175_, :idList3176_, :idList3177_, :idList3178_, :idList3179_, :idList3180_, :idList3181_, :idList3182_, :idList3183_, :idList3184_, :idList3185_, :idList3186_, :idList3187_, :idList3188_, :idList3189_, :idList3190_, :idList3191_, :idList3192_, :idList3193_, :idList3194_, :idList3195_, :idList3196_, :idList3197_, :idList3198_, :idList3199_, :idList3200_, :idList3201_, :idList3202_, :idList3203_, :idList3204_, :idList3205_, :idList3206_, :idList3207_, :idList3208_, :idList3209_, :idList3210_, :idList3211_, :idList3212_, :idList3213_, :idList3214_, :idList3215_, :idList3216_, :idList3217_, :idList3218_, :idList3219_, :idList3220_, :idList3221_, :idList3222_, :idList3223_, :idList3224_, :idList3225_, :idList3226_, :idList3227_, :idList3228_, :idList3229_, :idList3230_, :idList3231_, :idList3232_, :idList3233_, :idList3234_, :idList3235_, :idList3236_, :idList3237_, :idList3238_, :idList3239_, :idList3240_, :idList3241_, :idList3242_, :idList3243_, :idList3244_, :idList3245_, :idList3246_, :idList3247_, :idList3248_, :idList3249_, :idList3250_, :idList3251_, :idList3252_, :idList3253_, :idList3254_, :idList3255_, :idList3256_, :idList3257_, :idList3258_, :idList3259_, :idList3260_, :idList3261_, :idList3262_, :idList3263_, :idList3264_, :idList3265_, :idList3266_, :idList3267_, :idList3268_, :idList3269_, :idList3270_, :idList3271_, :idList3272_, :idList3273_, :idList3274_, :idList3275_, :idList3276_, :idList3277_, :idList3278_, :idList3279_, :idList3280_, :idList3281_, :idList3282_, :idList3283_, :idList3284_, :idList3285_, :idList3286_, :idList3287_, :idList3288_, :idList3289_, :idList3290_, :idList3291_, :idList3292_, :idList3293_, :idList3294_, :idList3295_, :idList3296_, :idList3297_, :idList3298_, :idList3299_, :idList3300_, :idList3301_, :idList3302_, :idList3303_, :idList3304_, :idList3305_, :idList3306_, :idList3307_, :idList3308_, :idList3309_, :idList3310_, :idList3311_, :idList3312_, :idList3313_, :idList3314_, :idList3315_, :idList3316_, :idList3317_, :idList3318_, :idList3319_, :idList3320_, :idList3321_, :idList3322_, :idList3323_, :idList3324_, :idList3325_, :idList3326_, :idList3327_, :idList3328_, :idList3329_, :idList3330_, :idList3331_, :idList3332_, :idList3333_, :idList3334_, :idList3335_, :idList3336_, :idList3337_, :idList3338_, :idList3339_, :idList3340_, :idList3341_, :idList3342_, :idList3343_, :idList3344_, :idList3345_, :idList3346_, :idList3347_, :idList3348_, :idList3349_, :idList3350_, :idList3351_, :idList3352_, :idList3353_, :idList3354_, :idList3355_, :idList3356_, :idList3357_, :idList3358_, :idList3359_, :idList3360_, :idList3361_, :idList3362_, :idList3363_, :idList3364_, :idList3365_, :idList3366_, :idList3367_, :idList3368_, :idList3369_, :idList3370_, :idList3371_, :idList3372_, :idList3373_, :idList3374_, :idList3375_, :idList3376_, :idList3377_, :idList3378_, :idList3379_, :idList3380_, :idList3381_, :idList3382_, :idList3383_, :idList3384_, :idList3385_, :idList3386_, :idList3387_, :idList3388_, :idList3389_, :idList3390_, :idList3391_, :idList3392_, :idList3393_, :idList3394_, :idList3395_, :idList3396_, :idList3397_, :idList3398_, :idList3399_, :idList3400_, :idList3401_, :idList3402_, :idList3403_, :idList3404_, :idList3405_, :idList3406_, :idList3407_, :idList3408_, :idList3409_, :idList3410_, :idList3411_, :idList3412_, :idList3413_, :idList3414_, :idList3415_, :idList3416_, :idList3417_, :idList3418_, :idList3419_, :idList3420_, :idList3421_, :idList3422_, :idList3423_, :idList3424_, :idList3425_, :idList3426_, :idList3427_, :idList3428_, :idList3429_, :idList3430_, :idList3431_, :idList3432_, :idList3433_, :idList3434_, :idList3435_, :idList3436_, :idList3437_, :idList3438_, :idList3439_, :idList3440_, :idList3441_, :idList3442_, :idList3443_, :idList3444_, :idList3445_, :idList3446_, :idList3447_, :idList3448_, :idList3449_, :idList3450_, :idList3451_, :idList3452_, :idList3453_, :idList3454_, :idList3455_, :idList3456_, :idList3457_, :idList3458_, :idList3459_, :idList3460_, :idList3461_, :idList3462_, :idList3463_, :idList3464_, :idList3465_, :idList3466_, :idList3467_, :idList3468_, :idList3469_, :idList3470_, :idList3471_, :idList3472_, :idList3473_, :idList3474_, :idList3475_, :idList3476_, :idList3477_, :idList3478_, :idList3479_, :idList3480_, :idList3481_, :idList3482_, :idList3483_, :idList3484_, :idList3485_, :idList3486_, :idList3487_, :idList3488_, :idList3489_, :idList3490_, :idList3491_, :idList3492_, :idList3493_, :idList3494_, :idList3495_, :idList3496_, :idList3497_, :idList3498_, :idList3499_, :idList3500_, :idList3501_, :idList3502_, :idList3503_, :idList3504_, :idList3505_, :idList3506_, :idList3507_, :idList3508_, :idList3509_, :idList3510_, :idList3511_, :idList3512_, :idList3513_, :idList3514_, :idList3515_, :idList3516_, :idList3517_, :idList3518_, :idList3519_, :idList3520_, :idList3521_, :idList3522_, :idList3523_, :idList3524_, :idList3525_, :idList3526_, :idList3527_, :idList3528_, :idList3529_, :idList3530_, :idList3531_, :idList3532_, :idList3533_, :idList3534_, :idList3535_, :idList3536_, :idList3537_, :idList3538_, :idList3539_, :idList3540_, :idList3541_, :idList3542_, :idList3543_, :idList3544_, :idList3545_, :idList3546_, :idList3547_, :idList3548_, :idList3549_, :idList3550_, :idList3551_, :idList3552_, :idList3553_, :idList3554_, :idList3555_, :idList3556_, :idList3557_, :idList3558_, :idList3559_, :idList3560_, :idList3561_, :idList3562_, :idList3563_, :idList3564_, :idList3565_, :idList3566_, :idList3567_, :idList3568_, :idList3569_, :idList3570_, :idList3571_, :idList3572_, :idList3573_, :idList3574_, :idList3575_, :idList3576_, :idList3577_, :idList3578_, :idList3579_, :idList3580_, :idList3581_, :idList3582_, :idList3583_, :idList3584_, :idList3585_, :idList3586_, :idList3587_, :idList3588_, :idList3589_, :idList3590_, :idList3591_, :idList3592_, :idList3593_, :idList3594_, :idList3595_, :idList3596_, :idList3597_, :idList3598_, :idList3599_, :idList3600_, :idList3601_, :idList3602_, :idList3603_, :idList3604_, :idList3605_, :idList3606_, :idList3607_, :idList3608_, :idList3609_, :idList3610_, :idList3611_, :idList3612_, :idList3613_, :idList3614_, :idList3615_, :idList3616_, :idList3617_, :idList3618_, :idList3619_, :idList3620_, :idList3621_, :idList3622_, :idList3623_, :idList3624_, :idList3625_, :idList3626_, :idList3627_, :idList3628_, :idList3629_, :idList3630_, :idList3631_, :idList3632_, :idList3633_, :idList3634_, :idList3635_, :idList3636_, :idList3637_, :idList3638_, :idList3639_, :idList3640_, :idList3641_, :idList3642_, :idList3643_, :idList3644_, :idList3645_, :idList3646_, :idList3647_, :idList3648_, :idList3649_, :idList3650_, :idList3651_, :idList3652_, :idList3653_, :idList3654_, :idList3655_, :idList3656_, :idList3657_, :idList3658_, :idList3659_, :idList3660_, :idList3661_, :idList3662_, :idList3663_, :idList3664_, :idList3665_, :idList3666_, :idList3667_, :idList3668_, :idList3669_, :idList3670_, :idList3671_, :idList3672_, :idList3673_, :idList3674_, :idList3675_, :idList3676_, :idList3677_, :idList3678_, :idList3679_, :idList3680_, :idList3681_, :idList3682_, :idList3683_, :idList3684_, :idList3685_, :idList3686_, :idList3687_, :idList3688_, :idList3689_, :idList3690_, :idList3691_, :idList3692_, :idList3693_, :idList3694_, :idList3695_, :idList3696_, :idList3697_, :idList3698_, :idList3699_, :idList3700_, :idList3701_, :idList3702_, :idList3703_, :idList3704_, :idList3705_, :idList3706_, :idList3707_, :idList3708_, :idList3709_, :idList3710_, :idList3711_, :idList3712_, :idList3713_, :idList3714_, :idList3715_, :idList3716_, :idList3717_, :idList3718_, :idList3719_, :idList3720_, :idList3721_, :idList3722_, :idList3723_, :idList3724_, :idList3725_, :idList3726_, :idList3727_, :idList3728_, :idList3729_, :idList3730_, :idList3731_, :idList3732_, :idList3733_, :idList3734_, :idList3735_, :idList3736_, :idList3737_, :idList3738_, :idList3739_, :idList3740_, :idList3741_, :idList3742_, :idList3743_, :idList3744_, :idList3745_, :idList3746_, :idList3747_, :idList3748_, :idList3749_, :idList3750_, :idList3751_, :idList3752_, :idList3753_, :idList3754_, :idList3755_, :idList3756_, :idList3757_, :idList3758_, :idList3759_, :idList3760_, :idList3761_, :idList3762_, :idList3763_, :idList3764_, :idList3765_, :idList3766_, :idList3767_, :idList3768_, :idList3769_, :idList3770_, :idList3771_, :idList3772_, :idList3773_, :idList3774_, :idList3775_, :idList3776_, :idList3777_, :idList3778_, :idList3779_, :idList3780_, :idList3781_, :idList3782_, :idList3783_, :idList3784_, :idList3785_, :idList3786_, :idList3787_, :idList3788_, :idList3789_, :idList3790_, :idList3791_, :idList3792_, :idList3793_, :idList3794_, :idList3795_, :idList3796_, :idList3797_, :idList3798_, :idList3799_, :idList3800_, :idList3801_, :idList3802_, :idList3803_, :idList3804_, :idList3805_, :idList3806_, :idList3807_, :idList3808_, :idList3809_, :idList3810_, :idList3811_, :idList3812_, :idList3813_, :idList3814_, :idList3815_, :idList3816_, :idList3817_, :idList3818_, :idList3819_, :idList3820_, :idList3821_, :idList3822_, :idList3823_, :idList3824_, :idList3825_, :idList3826_, :idList3827_, :idList3828_, :idList3829_, :idList3830_, :idList3831_, :idList3832_, :idList3833_, :idList3834_, :idList3835_, :idList3836_, :idList3837_, :idList3838_, :idList3839_, :idList3840_, :idList3841_, :idList3842_, :idList3843_, :idList3844_, :idList3845_, :idList3846_, :idList3847_, :idList3848_, :idList3849_, :idList3850_, :idList3851_, :idList3852_, :idList3853_, :idList3854_, :idList3855_, :idList3856_, :idList3857_, :idList3858_, :idList3859_, :idList3860_, :idList3861_, :idList3862_, :idList3863_, :idList3864_, :idList3865_, :idList3866_, :idList3867_, :idList3868_, :idList3869_, :idList3870_, :idList3871_, :idList3872_, :idList3873_, :idList3874_, :idList3875_, :idList3876_, :idList3877_, :idList3878_, :idList3879_, :idList3880_, :idList3881_, :idList3882_, :idList3883_, :idList3884_, :idList3885_, :idList3886_, :idList3887_, :idList3888_, :idList3889_, :idList3890_, :idList3891_, :idList3892_, :idList3893_, :idList3894_, :idList3895_, :idList3896_, :idList3897_, :idList3898_, :idList3899_, :idList3900_, :idList3901_, :idList3902_, :idList3903_, :idList3904_, :idList3905_, :idList3906_, :idList3907_, :idList3908_, :idList3909_, :idList3910_, :idList3911_, :idList3912_, :idList3913_, :idList3914_, :idList3915_, :idList3916_, :idList3917_, :idList3918_, :idList3919_, :idList3920_, :idList3921_, :idList3922_, :idList3923_, :idList3924_, :idList3925_, :idList3926_, :idList3927_, :idList3928_, :idList3929_, :idList3930_, :idList3931_, :idList3932_, :idList3933_, :idList3934_, :idList3935_, :idList3936_, :idList3937_, :idList3938_, :idList3939_, :idList3940_, :idList3941_, :idList3942_, :idList3943_, :idList3944_, :idList3945_, :idList3946_, :idList3947_, :idList3948_, :idList3949_, :idList3950_, :idList3951_, :idList3952_, :idList3953_, :idList3954_, :idList3955_, :idList3956_, :idList3957_, :idList3958_, :idList3959_, :idList3960_, :idList3961_, :idList3962_, :idList3963_, :idList3964_, :idList3965_, :idList3966_, :idList3967_, :idList3968_, :idList3969_, :idList3970_, :idList3971_, :idList3972_, :idList3973_, :idList3974_, :idList3975_, :idList3976_, :idList3977_, :idList3978_, :idList3979_, :idList3980_, :idList3981_, :idList3982_, :idList3983_, :idList3984_, :idList3985_, :idList3986_, :idList3987_, :idList3988_, :idList3989_, :idList3990_, :idList3991_, :idList3992_, :idList3993_, :idList3994_, :idList3995_, :idList3996_, :idList3997_, :idList3998_, :idList3999_ )
14:12:05,770 DEBUG QueryTranslatorImpl:283 - --- HQL AST ---
 \-[QUERY] Node: 'query'
    +-[SELECT_FROM] Node: 'SELECT_FROM'
    |  \-[FROM] Node: 'from'
    |     \-[RANGE] Node: 'RANGE'
    |        +-[DOT] Node: '.'
    |        |  +-[DOT] Node: '.'
    |        |  |  +-[DOT] Node: '.'
    |        |  |  |  +-[DOT] Node: '.'
    |        |  |  |  |  +-[IDENT] Node: 'org'
    |        |  |  |  |  \-[IDENT] Node: 'hibernate'
    |        |  |  |  \-[IDENT] Node: 'test'
    |        |  |  \-[IDENT] Node: 'hql'
    |        |  \-[IDENT] Node: 'StateProvince'
    |        \-[ALIAS] Node: 'sp'
    \-[WHERE] Node: 'where'
       \-[IN] Node: 'in'
          +-[DOT] Node: '.'
          |  +-[IDENT] Node: 'sp'
          |  \-[IDENT] Node: 'id'
          \-[IN_LIST] Node: 'inList'
             +-[COLON] Node: ':'
             |  \-[IDENT] Node: 'idList0_'
             +-[COLON] Node: ':'
             |  \-[IDENT] Node: 'idList1_'
             +-[COLON] Node: ':'
             |  \-[IDENT] Node: 'idList2_'
             +-[COLON] Node: ':'
             |  \-[IDENT] Node: 'idList3_'
             +-[COLON] Node: ':'
             |  \-[IDENT] Node: 'idList4_'
             +-[COLON] Node: ':'
             |  \-[IDENT] Node: 'idList5_'
             +-[COLON] Node: ':'
             |  \-[IDENT] Node: 'idList6_'
             +-[COLON] Node: ':'
             |  \-[IDENT] Node: 'idList7_'
             +-[COLON] Node: ':'
             |  \-[IDENT] Node: 'idList8_'
             +-[COLON] Node: ':'
             |  \-[IDENT] Node: 'idList9_'
             +-[COLON] Node: ':'
             |  \-[IDENT] Node: 'idList10_'
             +-[COLON] Node: ':'
             |  \-[IDENT] Node: 'idList11_'
             +-[COLON] Node: ':'
             |  \-[IDENT] Node: 'idList12_'
             +-[COLON] Node: ':'
             |  \-[IDENT] Node: 'idList13_'
             +-[COLON] Node: ':'
             |  \-[IDENT] Node: 'idList14_'
             +-[COLON] Node: ':'
             |  \-[IDENT] Node: 'idList15_'
             +-[COLON] Node: ':'
             |  \-[IDENT] Node: 'idList16_'
             +-[COLON] Node: ':'
             |  \-[IDENT] Node: 'idList17_'
             +-[COLON] Node: ':'
             |  \-[IDENT] Node: 'idList18_'
             +-[COLON] Node: ':'
             |  \-[IDENT] Node: 'idList19_'
             +-[COLON] Node: ':'
             |  \-[IDENT] Node: 'idList20_'
             +-[COLON] Node: ':'
             |  \-[IDENT] Node: 'idList21_'
             +-[COLON] Node: ':'
             |  \-[IDENT] Node: 'idList22_'
             +-[COLON] Node: ':'
             |  \-[IDENT] Node: 'idList23_'
             +-[COLON] Node: ':'
             |  \-[IDENT] Node: 'idList24_'
             +-[COLON] Node: ':'
             |  \-[IDENT] Node: 'idList25_'
             +-[COLON] Node: ':'
             |  \-[IDENT] Node: 'idList26_'
             +-[COLON] Node: ':'
             |  \-[IDENT] Node: 'idList27_'
             +-[COLON] Node: ':'
             |  \-[IDENT] Node: 'idList28_'
             +-[COLON] Node: ':'
             |  \-[IDENT] Node: 'idList29_'
             +-[COLON] Node: ':'
             |  \-[IDENT] Node: 'idList30_'
             +-[COLON] Node: ':'
             |  \-[IDENT] Node: 'idList31_'
             +-[COLON] Node: ':'
             |  \-[IDENT] Node: 'idList32_'
             +-[COLON] Node: ':'
             |  \-[IDENT] Node: 'idList33_'
             +-[COLON] Node: ':'
             |  \-[IDENT] Node: 'idList34_'
             +-[COLON] Node: ':'
             |  \-[IDENT] Node: 'idList35_'
             +-[COLON] Node: ':'
             |  \-[IDENT] Node: 'idList36_'
             +-[COLON] Node: ':'
             |  \-[IDENT] Node: 'idList37_'
             +-[COLON] Node: ':'
             |  \-[IDENT] Node: 'idList38_'
             +-[COLON] Node: ':'
             |  \-[IDENT] Node: 'idList39_'
             +-[COLON] Node: ':'
             |  \-[IDENT] Node: 'idList40_'
             +-[COLON] Node: ':'
             |  \-[IDENT] Node: 'idList41_'
             +-[COLON] Node: ':'
             |  \-[IDENT] Node: 'idList42_'
             +-[COLON] Node: ':'
             |  \-[IDENT] Node: 'idList43_'
             +-[COLON] Node: ':'
             |  \-[IDENT] Node: 'idList44_'
             +-[COLON] Node: ':'
             |  \-[IDENT] Node: 'idList45_'
             +-[COLON] Node: ':'
             |  \-[IDENT] Node: 'idList46_'
             +-[COLON] Node: ':'
             |  \-[IDENT] Node: 'idList47_'
             +-[COLON] Node: ':'
             |  \-[IDENT] Node: 'idList48_'
             +-[COLON] Node: ':'
             |  \-[IDENT] Node: 'idList49_'
             +-[COLON] Node: ':'
             |  \-[IDENT] Node: 'idList50_'
             +-[COLON] Node: ':'
             |  \-[IDENT] Node: 'idList51_'
             +-[COLON] Node: ':'
             |  \-[IDENT] Node: 'idList52_'
             +-[COLON] Node: ':'
             |  \-[IDENT] Node: 'idList53_'
             +-[COLON] Node: ':'
             |  \-[IDENT] Node: 'idList54_'
             +-[COLON] Node: ':'
             |  \-[IDENT] Node: 'idList55_'
             +-[COLON] Node: ':'
             |  \-[IDENT] Node: 'idList56_'
             +-[COLON] Node: ':'
             |  \-[IDENT] Node: 'idList57_'
             +-[COLON] Node: ':'
             |  \-[IDENT] Node: 'idList58_'
             +-[COLON] Node: ':'
             |  \-[IDENT] Node: 'idList59_'
             +-[COLON] Node: ':'
             |  \-[IDENT] Node: 'idList60_'
             +-[COLON] Node: ':'
             |  \-[IDENT] Node: 'idList61_'
             +-[COLON] Node: ':'
             |  \-[IDENT] Node: 'idList62_'
             +-[COLON] Node: ':'
             |  \-[IDENT] Node: 'idList63_'
             +-[COLON] Node: ':'
             |  \-[IDENT] Node: 'idList64_'
             +-[COLON] Node: ':'
             |  \-[IDENT] Node: 'idList65_'
             +-[COLON] Node: ':'
             |  \-[IDENT] Node: 'idList66_'
             +-[COLON] Node: ':'
             |  \-[IDENT] Node: 'idList67_'
             +-[COLON] Node: ':'
             |  \-[IDENT] Node: 'idList68_'
             +-[COLON] Node: ':'
             |  \-[IDENT] Node: 'idList69_'
             +-[COLON] Node: ':'
             |  \-[IDENT] Node: 'idList70_'
             +-[COLON] Node: ':'
             |  \-[IDENT] Node: 'idList71_'
             +-[COLON] Node: ':'
             |  \-[IDENT] Node: 'idList72_'
             +-[COLON] Node: ':'
             |  \-[IDENT] Node: 'idList73_'
             +-[COLON] Node: ':'
             |  \-[IDENT] Node: 'idList74_'
             +-[COLON] Node: ':'
             |  \-[IDENT] Node: 'idList75_'
             +-[COLON] Node: ':'
             |  \-[IDENT] Node: 'idList76_'
             +-[COLON] Node: ':'
             |  \-[IDENT] Node: 'idList77_'
             +-[COLON] Node: ':'
             |  \-[IDENT] Node: 'idList78_'
             +-[COLON] Node: ':'
             |  \-[IDENT] Node: 'idList79_'
             +-[COLON] Node: ':'
             |  \-[IDENT] Node: 'idList80_'
             +-[COLON] Node: ':'
             |  \-[IDENT] Node: 'idList81_'
             +-[COLON] Node: ':'
             |  \-[IDENT] Node: 'idList82_'
             +-[COLON] Node: ':'
             |  \-[IDENT] Node: 'idList83_'
             +-[COLON] Node: ':'
             |  \-[IDENT] Node: 'idList84_'
             +-[COLON] Node: ':'
             |  \-[IDENT] Node: 'idList85_'
             +-[COLON] Node: ':'
             |  \-[IDENT] Node: 'idList86_'
             +-[COLON] Node: ':'
             |  \-[IDENT] Node: 'idList87_'
             +-[COLON] Node: ':'
             |  \-[IDENT] Node: 'idList88_'
             +-[COLON] Node: ':'
             |  \-[IDENT] Node: 'idList89_'
             +-[COLON] Node: ':'
             |  \-[IDENT] Node: 'idList90_'
             +-[COLON] Node: ':'
             |  \-[IDENT] Node: 'idList91_'
             +-[COLON] Node: ':'
             |  \-[IDENT] Node: 'idList92_'
             +-[COLON] Node: ':'
             |  \-[IDENT] Node: 'idList93_'
             +-[COLON] Node: ':'
             |  \-[IDENT] Node: 'idList94_'
             +-[COLON] Node: ':'
             |  \-[IDENT] Node: 'idList95_'
             +-[COLON] Node: ':'
             |  \-[IDENT] Node: 'idList96_'
             +-[COLON] Node: ':'
             |  \-[IDENT] Node: 'idList97_'
             +-[COLON] Node: ':'
             |  \-[IDENT] Node: 'idList98_'
             +-[COLON] Node: ':'
             |  \-[IDENT] Node: 'idList99_'
             +-[COLON] Node: ':'
             |  \-[IDENT] Node: 'idList100_'
             +-[COLON] Node: ':'
             |  \-[IDENT] Node: 'idList101_'
             +-[COLON] Node: ':'
             |  \-[IDENT] Node: 'idList102_'
             +-[COLON] Node: ':'
             |  \-[IDENT] Node: 'idList103_'
             +-[COLON] Node: ':'
             |  \-[IDENT] Node: 'idList104_'
             +-[COLON] Node: ':'
             |  \-[IDENT] Node: 'idList105_'
             +-[COLON] Node: ':'
             |  \-[IDENT] Node: 'idList106_'
             +-[COLON] Node: ':'
             |  \-[IDENT] Node: 'idList107_'
             +-[COLON] Node: ':'
             |  \-[IDENT] Node: 'idList108_'
             +-[COLON] Node: ':'
             |  \-[IDENT] Node: 'idList109_'
             +-[COLON] Node: ':'
             |  \-[IDENT] Node: 'idList110_'
             +-[COLON] Node: ':'
             |  \-[IDENT] Node: 'idList111_'
             +-[COLON] Node: ':'
             |  \-[IDENT] Node: 'idList112_'
             +-[COLON] Node: ':'
             |  \-[IDENT] Node: 'idList113_'
             +-[COLON] Node: ':'
             |  \-[IDENT] Node: 'idList114_'
             +-[COLON] Node: ':'
             |  \-[IDENT] Node: 'idList115_'
             +-[COLON] Node: ':'
             |  \-[IDENT] Node: 'idList116_'
             +-[COLON] Node: ':'
             |  \-[IDENT] Node: 'idList117_'
             +-[COLON] Node: ':'
             |  \-[IDENT] Node: 'idList118_'
             +-[COLON] Node: ':'
             |  \-[IDENT] Node: 'idList119_'
             +-[COLON] Node: ':'
             |  \-[IDENT] Node: 'idList120_'
             +-[COLON] Node: ':'
             |  \-[IDENT] Node: 'idList121_'
             +-[COLON] Node: ':'
             |  \-[IDENT] Node: 'idList122_'
             +-[COLON] Node: ':'
             |  \-[IDENT] Node: 'idList123_'
             +-[COLON] Node: ':'
             |  \-[IDENT] Node: 'idList124_'
             +-[COLON] Node: ':'
             |  \-[IDENT] Node: 'idList125_'
             +-[COLON] Node: ':'
             |  \-[IDENT] Node: 'idList126_'
             +-[COLON] Node: ':'
             |  \-[IDENT] Node: 'idList127_'
             +-[COLON] Node: ':'
             |  \-[IDENT] Node: 'idList128_'
             +-[COLON] Node: ':'
             |  \-[IDENT] Node: 'idList129_'
             +-[COLON] Node: ':'
             |  \-[IDENT] Node: 'idList130_'
             +-[COLON] Node: ':'
             |  \-[IDENT] Node: 'idList131_'
             +-[COLON] Node: ':'
             |  \-[IDENT] Node: 'idList132_'
             +-[COLON] Node: ':'
             |  \-[IDENT] Node: 'idList133_'
             +-[COLON] Node: ':'
             |  \-[IDENT] Node: 'idList134_'
             +-[COLON] Node: ':'
             |  \-[IDENT] Node: 'idList135_'
             +-[COLON] Node: ':'
             |  \-[IDENT] Node: 'idList136_'
             +-[COLON] Node: ':'
             |  \-[IDENT] Node: 'idList137_'
             +-[COLON] Node: ':'
             |  \-[IDENT] Node: 'idList138_'
             +-[COLON] Node: ':'
             |  \-[IDENT] Node: 'idList139_'
             +-[COLON] Node: ':'
             |  \-[IDENT] Node: 'idList140_'
             +-[COLON] Node: ':'
             |  \-[IDENT] Node: 'idList141_'
             +-[COLON] Node: ':'
             |  \-[IDENT] Node: 'idList142_'
             +-[COLON] Node: ':'
             |  \-[IDENT] Node: 'idList143_'
             +-[COLON] Node: ':'
             |  \-[IDENT] Node: 'idList144_'
             +-[COLON] Node: ':'
             |  \-[IDENT] Node: 'idList145_'
             +-[COLON] Node: ':'
             |  \-[IDENT] Node: 'idList146_'
             +-[COLON] Node: ':'
             |  \-[IDENT] Node: 'idList147_'
             +-[COLON] Node: ':'
             |  \-[IDENT] Node: 'idList148_'
             +-[COLON] Node: ':'
             |  \-[IDENT] Node: 'idList149_'
             +-[COLON] Node: ':'
             |  \-[IDENT] Node: 'idList150_'
             +-[COLON] Node: ':'
             |  \-[IDENT] Node: 'idList151_'
             +-[COLON] Node: ':'
             |  \-[IDENT] Node: 'idList152_'
             +-[COLON] Node: ':'
             |  \-[IDENT] Node: 'idList153_'
             +-[COLON] Node: ':'
             |  \-[IDENT] Node: 'idList154_'
             +-[COLON] Node: ':'
             |  \-[IDENT] Node: 'idList155_'
             +-[COLON] Node: ':'
             |  \-[IDENT] Node: 'idList156_'
             +-[COLON] Node: ':'
             |  \-[IDENT] Node: 'idList157_'
             +-[COLON] Node: ':'
             |  \-[IDENT] Node: 'idList158_'
             +-[COLON] Node: ':'
             |  \-[IDENT] Node: 'idList159_'
             +-[COLON] Node: ':'
             |  \-[IDENT] Node: 'idList160_'
             +-[COLON] Node: ':'
             |  \-[IDENT] Node: 'idList161_'
             +-[COLON] Node: ':'
             |  \-[IDENT] Node: 'idList162_'
             +-[COLON] Node: ':'
             |  \-[IDENT] Node: 'idList163_'
             +-[COLON] Node: ':'
             |  \-[IDENT] Node: 'idList164_'
             +-[COLON] Node: ':'
             |  \-[IDENT] Node: 'idList165_'
             +-[COLON] Node: ':'
             |  \-[IDENT] Node: 'idList166_'
             +-[COLON] Node: ':'
             |  \-[IDENT] Node: 'idList167_'
             +-[COLON] Node: ':'
             |  \-[IDENT] Node: 'idList168_'
             +-[COLON] Node: ':'
             |  \-[IDENT] Node: 'idList169_'
             +-[COLON] Node: ':'
             |  \-[IDENT] Node: 'idList170_'
             +-[COLON] Node: ':'
             |  \-[IDENT] Node: 'idList171_'
             +-[COLON] Node: ':'
             |  \-[IDENT] Node: 'idList172_'
             +-[COLON] Node: ':'
             |  \-[IDENT] Node: 'idList173_'
             +-[COLON] Node: ':'
             |  \-[IDENT] Node: 'idList174_'
             +-[COLON] Node: ':'
             |  \-[IDENT] Node: 'idList175_'
             +-[COLON] Node: ':'
             |  \-[IDENT] Node: 'idList176_'
             +-[COLON] Node: ':'
             |  \-[IDENT] Node: 'idList177_'
             +-[COLON] Node: ':'
             |  \-[IDENT] Node: 'idList178_'
             +-[COLON] Node: ':'
             |  \-[IDENT] Node: 'idList179_'
             +-[COLON] Node: ':'
             |  \-[IDENT] Node: 'idList180_'
             +-[COLON] Node: ':'
             |  \-[IDENT] Node: 'idList181_'
             +-[COLON] Node: ':'
             |  \-[IDENT] Node: 'idList182_'
             +-[COLON] Node: ':'
             |  \-[IDENT] Node: 'idList183_'
             +-[COLON] Node: ':'
             |  \-[IDENT] Node: 'idList184_'
             +-[COLON] Node: ':'
             |  \-[IDENT] Node: 'idList185_'
             +-[COLON] Node: ':'
             |  \-[IDENT] Node: 'idList186_'
             +-[COLON] Node: ':'
             |  \-[IDENT] Node: 'idList187_'
             +-[COLON] Node: ':'
             |  \-[IDENT] Node: 'idList188_'
             +-[COLON] Node: ':'
             |  \-[IDENT] Node: 'idList189_'
             +-[COLON] Node: ':'
             |  \-[IDENT] Node: 'idList190_'
             +-[COLON] Node: ':'
             |  \-[IDENT] Node: 'idList191_'
             +-[COLON] Node: ':'
             |  \-[IDENT] Node: 'idList192_'
             +-[COLON] Node: ':'
             |  \-[IDENT] Node: 'idList193_'
             +-[COLON] Node: ':'
             |  \-[IDENT] Node: 'idList194_'
             +-[COLON] Node: ':'
             |  \-[IDENT] Node: 'idList195_'
             +-[COLON] Node: ':'
             |  \-[IDENT] Node: 'idList196_'
             +-[COLON] Node: ':'
             |  \-[IDENT] Node: 'idList197_'
             +-[COLON] Node: ':'
             |  \-[IDENT] Node: 'idList198_'
             +-[COLON] Node: ':'
             |  \-[IDENT] Node: 'idList199_'
             +-[COLON] Node: ':'
             |  \-[IDENT] Node: 'idList200_'
             +-[COLON] Node: ':'
             |  \-[IDENT] Node: 'idList201_'
             +-[COLON] Node: ':'
             |  \-[IDENT] Node: 'idList202_'
             +-[COLON] Node: ':'
             |  \-[IDENT] Node: 'idList203_'
             +-[COLON] Node: ':'
             |  \-[IDENT] Node: 'idList204_'
             +-[COLON] Node: ':'
             |  \-[IDENT] Node: 'idList205_'
             +-[COLON] Node: ':'
             |  \-[IDENT] Node: 'idList206_'
             +-[COLON] Node: ':'
             |  \-[IDENT] Node: 'idList207_'
             +-[COLON] Node: ':'
             |  \-[IDENT] Node: 'idList208_'
             +-[COLON] Node: ':'
             |  \-[IDENT] Node: 'idList209_'
             +-[COLON] Node: ':'
             |  \-[IDENT] Node: 'idList210_'
             +-[COLON] Node: ':'
             |  \-[IDENT] Node: 'idList211_'
             +-[COLON] Node: ':'
             |  \-[IDENT] Node: 'idList212_'
             +-[COLON] Node: ':'
             |  \-[IDENT] Node: 'idList213_'
             +-[COLON] Node: ':'
             |  \-[IDENT] Node: 'idList214_'
             +-[COLON] Node: ':'
             |  \-[IDENT] Node: 'idList215_'
             +-[COLON] Node: ':'
             |  \-[IDENT] Node: 'idList216_'
             +-[COLON] Node: ':'
             |  \-[IDENT] Node: 'idList217_'
             +-[COLON] Node: ':'
             |  \-[IDENT] Node: 'idList218_'
             +-[COLON] Node: ':'
             |  \-[IDENT] Node: 'idList219_'
             +-[COLON] Node: ':'
             |  \-[IDENT] Node: 'idList220_'
             +-[COLON] Node: ':'
             |  \-[IDENT] Node: 'idList221_'
             +-[COLON] Node: ':'
             |  \-[IDENT] Node: 'idList222_'
             +-[COLON] Node: ':'
             |  \-[IDENT] Node: 'idList223_'
             +-[COLON] Node: ':'
             |  \-[IDENT] Node: 'idList224_'
             +-[COLON] Node: ':'
             |  \-[IDENT] Node: 'idList225_'
             +-[COLON] Node: ':'
             |  \-[IDENT] Node: 'idList226_'
             +-[COLON] Node: ':'
             |  \-[IDENT] Node: 'idList227_'
             +-[COLON] Node: ':'
             |  \-[IDENT] Node: 'idList228_'
             +-[COLON] Node: ':'
             |  \-[IDENT] Node: 'idList229_'
             +-[COLON] Node: ':'
             |  \-[IDENT] Node: 'idList230_'
             +-[COLON] Node: ':'
             |  \-[IDENT] Node: 'idList231_'
             +-[COLON] Node: ':'
             |  \-[IDENT] Node: 'idList232_'
             +-[COLON] Node: ':'
             |  \-[IDENT] Node: 'idList233_'
             +-[COLON] Node: ':'
             |  \-[IDENT] Node: 'idList234_'
             +-[COLON] Node: ':'
             |  \-[IDENT] Node: 'idList235_'
             +-[COLON] Node: ':'
             |  \-[IDENT] Node: 'idList236_'
             +-[COLON] Node: ':'
             |  \-[IDENT] Node: 'idList237_'
             +-[COLON] Node: ':'
             |  \-[IDENT] Node: 'idList238_'
             +-[COLON] Node: ':'
             |  \-[IDENT] Node: 'idList239_'
             +-[COLON] Node: ':'
             |  \-[IDENT] Node: 'idList240_'
             +-[COLON] Node: ':'
             |  \-[IDENT] Node: 'idList241_'
             +-[COLON] Node: ':'
             |  \-[IDENT] Node: 'idList242_'
             +-[COLON] Node: ':'
             |  \-[IDENT] Node: 'idList243_'
             +-[COLON] Node: ':'
             |  \-[IDENT] Node: 'idList244_'
             +-[COLON] Node: ':'
             |  \-[IDENT] Node: 'idList245_'
             +-[COLON] Node: ':'
             |  \-[IDENT] Node: 'idList246_'
             +-[COLON] Node: ':'
             |  \-[IDENT] Node: 'idList247_'
             +-[COLON] Node: ':'
             |  \-[IDENT] Node: 'idList248_'
             +-[COLON] Node: ':'
             |  \-[IDENT] Node: 'idList249_'
             +-[COLON] Node: ':'
             |  \-[IDENT] Node: 'idList250_'
             +-[COLON] Node: ':'
             |  \-[IDENT] Node: 'idList251_'
             +-[COLON] Node: ':'
             |  \-[IDENT] Node: 'idList252_'
             +-[COLON] Node: ':'
             |  \-[IDENT] Node: 'idList253_'
             +-[COLON] Node: ':'
             |  \-[IDENT] Node: 'idList254_'
             +-[COLON] Node: ':'
             |  \-[IDENT] Node: 'idList255_'
             +-[COLON] Node: ':'
             |  \-[IDENT] Node: 'idList256_'
             +-[COLON] Node: ':'
             |  \-[IDENT] Node: 'idList257_'
             +-[COLON] Node: ':'
             |  \-[IDENT] Node: 'idList258_'
             +-[COLON] Node: ':'
             |  \-[IDENT] Node: 'idList259_'
             +-[COLON] Node: ':'
             |  \-[IDENT] Node: 'idList260_'
             +-[COLON] Node: ':'
             |  \-[IDENT] Node: 'idList261_'
             +-[COLON] Node: ':'
             |  \-[IDENT] Node: 'idList262_'
             +-[COLON] Node: ':'
             |  \-[IDENT] Node: 'idList263_'
             +-[COLON] Node: ':'
             |  \-[IDENT] Node: 'idList264_'
             +-[COLON] Node: ':'
             |  \-[IDENT] Node: 'idList265_'
             +-[COLON] Node: ':'
             |  \-[IDENT] Node: 'idList266_'
             +-[COLON] Node: ':'
             |  \-[IDENT] Node: 'idList267_'
             +-[COLON] Node: ':'
             |  \-[IDENT] Node: 'idList268_'
             +-[COLON] Node: ':'
             |  \-[IDENT] Node: 'idList269_'
             +-[COLON] Node: ':'
             |  \-[IDENT] Node: 'idList270_'
             +-[COLON] Node: ':'
             |  \-[IDENT] Node: 'idList271_'
             +-[COLON] Node: ':'
             |  \-[IDENT] Node: 'idList272_'
             +-[COLON] Node: ':'
             |  \-[IDENT] Node: 'idList273_'
             +-[COLON] Node: ':'
             |  \-[IDENT] Node: 'idList274_'
             +-[COLON] Node: ':'
             |  \-[IDENT] Node: 'idList275_'
             +-[COLON] Node: ':'
             |  \-[IDENT] Node: 'idList276_'
             +-[COLON] Node: ':'
             |  \-[IDENT] Node: 'idList277_'
             +-[COLON] Node: ':'
             |  \-[IDENT] Node: 'idList278_'
             +-[COLON] Node: ':'
             |  \-[IDENT] Node: 'idList279_'
             +-[COLON] Node: ':'
             |  \-[IDENT] Node: 'idList280_'
             +-[COLON] Node: ':'
             |  \-[IDENT] Node: 'idList281_'
             +-[COLON] Node: ':'
             |  \-[IDENT] Node: 'idList282_'
             +-[COLON] Node: ':'
             |  \-[IDENT] Node: 'idList283_'
             +-[COLON] Node: ':'
             |  \-[IDENT] Node: 'idList284_'
             +-[COLON] Node: ':'
             |  \-[IDENT] Node: 'idList285_'
             +-[COLON] Node: ':'
             |  \-[IDENT] Node: 'idList286_'
             +-[COLON] Node: ':'
             |  \-[IDENT] Node: 'idList287_'
             +-[COLON] Node: ':'
             |  \-[IDENT] Node: 'idList288_'
             +-[COLON] Node: ':'
             |  \-[IDENT] Node: 'idList289_'
             +-[COLON] Node: ':'
             |  \-[IDENT] Node: 'idList290_'
             +-[COLON] Node: ':'
             |  \-[IDENT] Node: 'idList291_'
             +-[COLON] Node: ':'
             |  \-[IDENT] Node: 'idList292_'
             +-[COLON] Node: ':'
             |  \-[IDENT] Node: 'idList293_'
             +-[COLON] Node: ':'
             |  \-[IDENT] Node: 'idList294_'
             +-[COLON] Node: ':'
             |  \-[IDENT] Node: 'idList295_'
             +-[COLON] Node: ':'
             |  \-[IDENT] Node: 'idList296_'
             +-[COLON] Node: ':'
             |  \-[IDENT] Node: 'idList297_'
             +-[COLON] Node: ':'
             |  \-[IDENT] Node: 'idList298_'
             +-[COLON] Node: ':'
             |  \-[IDENT] Node: 'idList299_'
             +-[COLON] Node: ':'
             |  \-[IDENT] Node: 'idList300_'
             +-[COLON] Node: ':'
             |  \-[IDENT] Node: 'idList301_'
             +-[COLON] Node: ':'
             |  \-[IDENT] Node: 'idList302_'
             +-[COLON] Node: ':'
             |  \-[IDENT] Node: 'idList303_'
             +-[COLON] Node: ':'
             |  \-[IDENT] Node: 'idList304_'
             +-[COLON] Node: ':'
             |  \-[IDENT] Node: 'idList305_'
             +-[COLON] Node: ':'
             |  \-[IDENT] Node: 'idList306_'
             +-[COLON] Node: ':'
             |  \-[IDENT] Node: 'idList307_'
             +-[COLON] Node: ':'
             |  \-[IDENT] Node: 'idList308_'
             +-[COLON] Node: ':'
             |  \-[IDENT] Node: 'idList309_'
             +-[COLON] Node: ':'
             |  \-[IDENT] Node: 'idList310_'
             +-[COLON] Node: ':'
             |  \-[IDENT] Node: 'idList311_'
             +-[COLON] Node: ':'
             |  \-[IDENT] Node: 'idList312_'
             +-[COLON] Node: ':'
             |  \-[IDENT] Node: 'idList313_'
             +-[COLON] Node: ':'
             |  \-[IDENT] Node: 'idList314_'
             +-[COLON] Node: ':'
             |  \-[IDENT] Node: 'idList315_'
             +-[COLON] Node: ':'
             |  \-[IDENT] Node: 'idList316_'
             +-[COLON] Node: ':'
             |  \-[IDENT] Node: 'idList317_'
             +-[COLON] Node: ':'
             |  \-[IDENT] Node: 'idList318_'
             +-[COLON] Node: ':'
             |  \-[IDENT] Node: 'idList319_'
             +-[COLON] Node: ':'
             |  \-[IDENT] Node: 'idList320_'
             +-[COLON] Node: ':'
             |  \-[IDENT] Node: 'idList321_'
             +-[COLON] Node: ':'
             |  \-[IDENT] Node: 'idList322_'
             +-[COLON] Node: ':'
             |  \-[IDENT] Node: 'idList323_'
             +-[COLON] Node: ':'
             |  \-[IDENT] Node: 'idList324_'
             +-[COLON] Node: ':'
             |  \-[IDENT] Node: 'idList325_'
             +-[COLON] Node: ':'
             |  \-[IDENT] Node: 'idList326_'
             +-[COLON] Node: ':'
             |  \-[IDENT] Node: 'idList327_'
             +-[COLON] Node: ':'
             |  \-[IDENT] Node: 'idList328_'
             +-[COLON] Node: ':'
             |  \-[IDENT] Node: 'idList329_'
             +-[COLON] Node: ':'
             |  \-[IDENT] Node: 'idList330_'
             +-[COLON] Node: ':'
             |  \-[IDENT] Node: 'idList331_'
             +-[COLON] Node: ':'
             |  \-[IDENT] Node: 'idList332_'
             +-[COLON] Node: ':'
             |  \-[IDENT] Node: 'idList333_'
             +-[COLON] Node: ':'
             |  \-[IDENT] Node: 'idList334_'
             +-[COLON] Node: ':'
             |  \-[IDENT] Node: 'idList335_'
             +-[COLON] Node: ':'
             |  \-[IDENT] Node: 'idList336_'
             +-[COLON] Node: ':'
             |  \-[IDENT] Node: 'idList337_'
             +-[COLON] Node: ':'
             |  \-[IDENT] Node: 'idList338_'
             +-[COLON] Node: ':'
             |  \-[IDENT] Node: 'idList339_'
             +-[COLON] Node: ':'
             |  \-[IDENT] Node: 'idList340_'
             +-[COLON] Node: ':'
             |  \-[IDENT] Node: 'idList341_'
             +-[COLON] Node: ':'
             |  \-[IDENT] Node: 'idList342_'
             +-[COLON] Node: ':'
             |  \-[IDENT] Node: 'idList343_'
             +-[COLON] Node: ':'
             |  \-[IDENT] Node: 'idList344_'
             +-[COLON] Node: ':'
             |  \-[IDENT] Node: 'idList345_'
             +-[COLON] Node: ':'
             |  \-[IDENT] Node: 'idList346_'
             +-[COLON] Node: ':'
             |  \-[IDENT] Node: 'idList347_'
             +-[COLON] Node: ':'
             |  \-[IDENT] Node: 'idList348_'
             +-[COLON] Node: ':'
             |  \-[IDENT] Node: 'idList349_'
             +-[COLON] Node: ':'
             |  \-[IDENT] Node: 'idList350_'
             +-[COLON] Node: ':'
             |  \-[IDENT] Node: 'idList351_'
             +-[COLON] Node: ':'
             |  \-[IDENT] Node: 'idList352_'
             +-[COLON] Node: ':'
             |  \-[IDENT] Node: 'idList353_'
             +-[COLON] Node: ':'
             |  \-[IDENT] Node: 'idList354_'
             +-[COLON] Node: ':'
             |  \-[IDENT] Node: 'idList355_'
             +-[COLON] Node: ':'
             |  \-[IDENT] Node: 'idList356_'
             +-[COLON] Node: ':'
             |  \-[IDENT] Node: 'idList357_'
             +-[COLON] Node: ':'
             |  \-[IDENT] Node: 'idList358_'
             +-[COLON] Node: ':'
             |  \-[IDENT] Node: 'idList359_'
             +-[COLON] Node: ':'
             |  \-[IDENT] Node: 'idList360_'
             +-[COLON] Node: ':'
             |  \-[IDENT] Node: 'idList361_'
             +-[COLON] Node: ':'
             |  \-[IDENT] Node: 'idList362_'
             +-[COLON] Node: ':'
             |  \-[IDENT] Node: 'idList363_'
             +-[COLON] Node: ':'
             |  \-[IDENT] Node: 'idList364_'
             +-[COLON] Node: ':'
             |  \-[IDENT] Node: 'idList365_'
             +-[COLON] Node: ':'
             |  \-[IDENT] Node: 'idList366_'
             +-[COLON] Node: ':'
             |  \-[IDENT] Node: 'idList367_'
             +-[COLON] Node: ':'
             |  \-[IDENT] Node: 'idList368_'
             +-[COLON] Node: ':'
             |  \-[IDENT] Node: 'idList369_'
             +-[COLON] Node: ':'
             |  \-[IDENT] Node: 'idList370_'
             +-[COLON] Node: ':'
             |  \-[IDENT] Node: 'idList371_'
             +-[COLON] Node: ':'
             |  \-[IDENT] Node: 'idList372_'
             +-[COLON] Node: ':'
             |  \-[IDENT] Node: 'idList373_'
             +-[COLON] Node: ':'
             |  \-[IDENT] Node: 'idList374_'
             +-[COLON] Node: ':'
             |  \-[IDENT] Node: 'idList375_'
             +-[COLON] Node: ':'
             |  \-[IDENT] Node: 'idList376_'
             +-[COLON] Node: ':'
             |  \-[IDENT] Node: 'idList377_'
             +-[COLON] Node: ':'
             |  \-[IDENT] Node: 'idList378_'
             +-[COLON] Node: ':'
             |  \-[IDENT] Node: 'idList379_'
             +-[COLON] Node: ':'
             |  \-[IDENT] Node: 'idList380_'
             +-[COLON] Node: ':'
             |  \-[IDENT] Node: 'idList381_'
             +-[COLON] Node: ':'
             |  \-[IDENT] Node: 'idList382_'
             +-[COLON] Node: ':'
             |  \-[IDENT] Node: 'idList383_'
             +-[COLON] Node: ':'
             |  \-[IDENT] Node: 'idList384_'
             +-[COLON] Node: ':'
             |  \-[IDENT] Node: 'idList385_'
             +-[COLON] Node: ':'
             |  \-[IDENT] Node: 'idList386_'
             +-[COLON] Node: ':'
             |  \-[IDENT] Node: 'idList387_'
             +-[COLON] Node: ':'
             |  \-[IDENT] Node: 'idList388_'
             +-[COLON] Node: ':'
             |  \-[IDENT] Node: 'idList389_'
             +-[COLON] Node: ':'
             |  \-[IDENT] Node: 'idList390_'
             +-[COLON] Node: ':'
             |  \-[IDENT] Node: 'idList391_'
             +-[COLON] Node: ':'
             |  \-[IDENT] Node: 'idList392_'
             +-[COLON] Node: ':'
             |  \-[IDENT] Node: 'idList393_'
             +-[COLON] Node: ':'
             |  \-[IDENT] Node: 'idList394_'
             +-[COLON] Node: ':'
             |  \-[IDENT] Node: 'idList395_'
             +-[COLON] Node: ':'
             |  \-[IDENT] Node: 'idList396_'
             +-[COLON] Node: ':'
             |  \-[IDENT] Node: 'idList397_'
             +-[COLON] Node: ':'
             |  \-[IDENT] Node: 'idList398_'
             +-[COLON] Node: ':'
             |  \-[IDENT] Node: 'idList399_'
             +-[COLON] Node: ':'
             |  \-[IDENT] Node: 'idList400_'
             +-[COLON] Node: ':'
             |  \-[IDENT] Node: 'idList401_'
             +-[COLON] Node: ':'
             |  \-[IDENT] Node: 'idList402_'
             +-[COLON] Node: ':'
             |  \-[IDENT] Node: 'idList403_'
             +-[COLON] Node: ':'
             |  \-[IDENT] Node: 'idList404_'
             +-[COLON] Node: ':'
             |  \-[IDENT] Node: 'idList405_'
             +-[COLON] Node: ':'
             |  \-[IDENT] Node: 'idList406_'
             +-[COLON] Node: ':'
             |  \-[IDENT] Node: 'idList407_'
             +-[COLON] Node: ':'
             |  \-[IDENT] Node: 'idList408_'
             +-[COLON] Node: ':'
             |  \-[IDENT] Node: 'idList409_'
             +-[COLON] Node: ':'
             |  \-[IDENT] Node: 'idList410_'
             +-[COLON] Node: ':'
             |  \-[IDENT] Node: 'idList411_'
             +-[COLON] Node: ':'
             |  \-[IDENT] Node: 'idList412_'
             +-[COLON] Node: ':'
             |  \-[IDENT] Node: 'idList413_'
             +-[COLON] Node: ':'
             |  \-[IDENT] Node: 'idList414_'
             +-[COLON] Node: ':'
             |  \-[IDENT] Node: 'idList415_'
             +-[COLON] Node: ':'
             |  \-[IDENT] Node: 'idList416_'
             +-[COLON] Node: ':'
             |  \-[IDENT] Node: 'idList417_'
             +-[COLON] Node: ':'
             |  \-[IDENT] Node: 'idList418_'
             +-[COLON] Node: ':'
             |  \-[IDENT] Node: 'idList419_'
             +-[COLON] Node: ':'
             |  \-[IDENT] Node: 'idList420_'
             +-[COLON] Node: ':'
             |  \-[IDENT] Node: 'idList421_'
             +-[COLON] Node: ':'
             |  \-[IDENT] Node: 'idList422_'
             +-[COLON] Node: ':'
             |  \-[IDENT] Node: 'idList423_'
             +-[COLON] Node: ':'
             |  \-[IDENT] Node: 'idList424_'
             +-[COLON] Node: ':'
             |  \-[IDENT] Node: 'idList425_'
             +-[COLON] Node: ':'
             |  \-[IDENT] Node: 'idList426_'
             +-[COLON] Node: ':'
             |  \-[IDENT] Node: 'idList427_'
             +-[COLON] Node: ':'
             |  \-[IDENT] Node: 'idList428_'
             +-[COLON] Node: ':'
             |  \-[IDENT] Node: 'idList429_'
             +-[COLON] Node: ':'
             |  \-[IDENT] Node: 'idList430_'
             +-[COLON] Node: ':'
             |  \-[IDENT] Node: 'idList431_'
             +-[COLON] Node: ':'
             |  \-[IDENT] Node: 'idList432_'
             +-[COLON] Node: ':'
             |  \-[IDENT] Node: 'idList433_'
             +-[COLON] Node: ':'
             |  \-[IDENT] Node: 'idList434_'
             +-[COLON] Node: ':'
             |  \-[IDENT] Node: 'idList435_'
             +-[COLON] Node: ':'
             |  \-[IDENT] Node: 'idList436_'
             +-[COLON] Node: ':'
             |  \-[IDENT] Node: 'idList437_'
             +-[COLON] Node: ':'
             |  \-[IDENT] Node: 'idList438_'
             +-[COLON] Node: ':'
             |  \-[IDENT] Node: 'idList439_'
             +-[COLON] Node: ':'
             |  \-[IDENT] Node: 'idList440_'
             +-[COLON] Node: ':'
             |  \-[IDENT] Node: 'idList441_'
             +-[COLON] Node: ':'
             |  \-[IDENT] Node: 'idList442_'
             +-[COLON] Node: ':'
             |  \-[IDENT] Node: 'idList443_'
             +-[COLON] Node: ':'
             |  \-[IDENT] Node: 'idList444_'
             +-[COLON] Node: ':'
             |  \-[IDENT] Node: 'idList445_'
             +-[COLON] Node: ':'
             |  \-[IDENT] Node: 'idList446_'
             +-[COLON] Node: ':'
             |  \-[IDENT] Node: 'idList447_'
             +-[COLON] Node: ':'
             |  \-[IDENT] Node: 'idList448_'
             +-[COLON] Node: ':'
             |  \-[IDENT] Node: 'idList449_'
             +-[COLON] Node: ':'
             |  \-[IDENT] Node: 'idList450_'
             +-[COLON] Node: ':'
             |  \-[IDENT] Node: 'idList451_'
             +-[COLON] Node: ':'
             |  \-[IDENT] Node: 'idList452_'
             +-[COLON] Node: ':'
             |  \-[IDENT] Node: 'idList453_'
             +-[COLON] Node: ':'
             |  \-[IDENT] Node: 'idList454_'
             +-[COLON] Node: ':'
             |  \-[IDENT] Node: 'idList455_'
             +-[COLON] Node: ':'
             |  \-[IDENT] Node: 'idList456_'
             +-[COLON] Node: ':'
             |  \-[IDENT] Node: 'idList457_'
             +-[COLON] Node: ':'
             |  \-[IDENT] Node: 'idList458_'
             +-[COLON] Node: ':'
             |  \-[IDENT] Node: 'idList459_'
             +-[COLON] Node: ':'
             |  \-[IDENT] Node: 'idList460_'
             +-[COLON] Node: ':'
             |  \-[IDENT] Node: 'idList461_'
             +-[COLON] Node: ':'
             |  \-[IDENT] Node: 'idList462_'
             +-[COLON] Node: ':'
             |  \-[IDENT] Node: 'idList463_'
             +-[COLON] Node: ':'
             |  \-[IDENT] Node: 'idList464_'
             +-[COLON] Node: ':'
             |  \-[IDENT] Node: 'idList465_'
             +-[COLON] Node: ':'
             |  \-[IDENT] Node: 'idList466_'
             +-[COLON] Node: ':'
             |  \-[IDENT] Node: 'idList467_'
             +-[COLON] Node: ':'
             |  \-[IDENT] Node: 'idList468_'
             +-[COLON] Node: ':'
             |  \-[IDENT] Node: 'idList469_'
             +-[COLON] Node: ':'
             |  \-[IDENT] Node: 'idList470_'
             +-[COLON] Node: ':'
             |  \-[IDENT] Node: 'idList471_'
             +-[COLON] Node: ':'
             |  \-[IDENT] Node: 'idList472_'
             +-[COLON] Node: ':'
             |  \-[IDENT] Node: 'idList473_'
             +-[COLON] Node: ':'
             |  \-[IDENT] Node: 'idList474_'
             +-[COLON] Node: ':'
             |  \-[IDENT] Node: 'idList475_'
             +-[COLON] Node: ':'
             |  \-[IDENT] Node: 'idList476_'
             +-[COLON] Node: ':'
             |  \-[IDENT] Node: 'idList477_'
             +-[COLON] Node: ':'
             |  \-[IDENT] Node: 'idList478_'
             +-[COLON] Node: ':'
             |  \-[IDENT] Node: 'idList479_'
             +-[COLON] Node: ':'
             |  \-[IDENT] Node: 'idList480_'
             +-[COLON] Node: ':'
             |  \-[IDENT] Node: 'idList481_'
             +-[COLON] Node: ':'
             |  \-[IDENT] Node: 'idList482_'
             +-[COLON] Node: ':'
             |  \-[IDENT] Node: 'idList483_'
             +-[COLON] Node: ':'
             |  \-[IDENT] Node: 'idList484_'
             +-[COLON] Node: ':'
             |  \-[IDENT] Node: 'idList485_'
             +-[COLON] Node: ':'
             |  \-[IDENT] Node: 'idList486_'
             +-[COLON] Node: ':'
             |  \-[IDENT] Node: 'idList487_'
             +-[COLON] Node: ':'
             |  \-[IDENT] Node: 'idList488_'
             +-[COLON] Node: ':'
             |  \-[IDENT] Node: 'idList489_'
             +-[COLON] Node: ':'
             |  \-[IDENT] Node: 'idList490_'
             +-[COLON] Node: ':'
             |  \-[IDENT] Node: 'idList491_'
             +-[COLON] Node: ':'
             |  \-[IDENT] Node: 'idList492_'
             +-[COLON] Node: ':'
             |  \-[IDENT] Node: 'idList493_'
             +-[COLON] Node: ':'
             |  \-[IDENT] Node: 'idList494_'
             +-[COLON] Node: ':'
             |  \-[IDENT] Node: 'idList495_'
             +-[COLON] Node: ':'
             |  \-[IDENT] Node: 'idList496_'
             +-[COLON] Node: ':'
             |  \-[IDENT] Node: 'idList497_'
             +-[COLON] Node: ':'
             |  \-[IDENT] Node: 'idList498_'
             +-[COLON] Node: ':'
             |  \-[IDENT] Node: 'idList499_'
             +-[COLON] Node: ':'
             |  \-[IDENT] Node: 'idList500_'
             +-[COLON] Node: ':'
             |  \-[IDENT] Node: 'idList501_'
             +-[COLON] Node: ':'
             |  \-[IDENT] Node: 'idList502_'
             +-[COLON] Node: ':'
             |  \-[IDENT] Node: 'idList503_'
             +-[COLON] Node: ':'
             |  \-[IDENT] Node: 'idList504_'
             +-[COLON] Node: ':'
             |  \-[IDENT] Node: 'idList505_'
             +-[COLON] Node: ':'
             |  \-[IDENT] Node: 'idList506_'
             +-[COLON] Node: ':'
             |  \-[IDENT] Node: 'idList507_'
             +-[COLON] Node: ':'
             |  \-[IDENT] Node: 'idList508_'
             +-[COLON] Node: ':'
             |  \-[IDENT] Node: 'idList509_'
             +-[COLON] Node: ':'
             |  \-[IDENT] Node: 'idList510_'
             +-[COLON] Node: ':'
             |  \-[IDENT] Node: 'idList511_'
             +-[COLON] Node: ':'
             |  \-[IDENT] Node: 'idList512_'
             +-[COLON] Node: ':'
             |  \-[IDENT] Node: 'idList513_'
             +-[COLON] Node: ':'
             |  \-[IDENT] Node: 'idList514_'
             +-[COLON] Node: ':'
             |  \-[IDENT] Node: 'idList515_'
             +-[COLON] Node: ':'
             |  \-[IDENT] Node: 'idList516_'
             +-[COLON] Node: ':'
             |  \-[IDENT] Node: 'idList517_'
             +-[COLON] Node: ':'
             |  \-[IDENT] Node: 'idList518_'
             +-[COLON] Node: ':'
             |  \-[IDENT] Node: 'idList519_'
             +-[COLON] Node: ':'
             |  \-[IDENT] Node: 'idList520_'
             +-[COLON] Node: ':'
             |  \-[IDENT] Node: 'idList521_'
             +-[COLON] Node: ':'
             |  \-[IDENT] Node: 'idList522_'
             +-[COLON] Node: ':'
             |  \-[IDENT] Node: 'idList523_'
             +-[COLON] Node: ':'
             |  \-[IDENT] Node: 'idList524_'
             +-[COLON] Node: ':'
             |  \-[IDENT] Node: 'idList525_'
             +-[COLON] Node: ':'
             |  \-[IDENT] Node: 'idList526_'
             +-[COLON] Node: ':'
             |  \-[IDENT] Node: 'idList527_'
             +-[COLON] Node: ':'
             |  \-[IDENT] Node: 'idList528_'
             +-[COLON] Node: ':'
             |  \-[IDENT] Node: 'idList529_'
             +-[COLON] Node: ':'
             |  \-[IDENT] Node: 'idList530_'
             +-[COLON] Node: ':'
             |  \-[IDENT] Node: 'idList531_'
             +-[COLON] Node: ':'
             |  \-[IDENT] Node: 'idList532_'
             +-[COLON] Node: ':'
             |  \-[IDENT] Node: 'idList533_'
             +-[COLON] Node: ':'
             |  \-[IDENT] Node: 'idList534_'
             +-[COLON] Node: ':'
             |  \-[IDENT] Node: 'idList535_'
             +-[COLON] Node: ':'
             |  \-[IDENT] Node: 'idList536_'
             +-[COLON] Node: ':'
             |  \-[IDENT] Node: 'idList537_'
             +-[COLON] Node: ':'
             |  \-[IDENT] Node: 'idList538_'
             +-[COLON] Node: ':'
             |  \-[IDENT] Node: 'idList539_'
             +-[COLON] Node: ':'
             |  \-[IDENT] Node: 'idList540_'
             +-[COLON] Node: ':'
             |  \-[IDENT] Node: 'idList541_'
             +-[COLON] Node: ':'
             |  \-[IDENT] Node: 'idList542_'
             +-[COLON] Node: ':'
             |  \-[IDENT] Node: 'idList543_'
             +-[COLON] Node: ':'
             |  \-[IDENT] Node: 'idList544_'
             +-[COLON] Node: ':'
             |  \-[IDENT] Node: 'idList545_'
             +-[COLON] Node: ':'
             |  \-[IDENT] Node: 'idList546_'
             +-[COLON] Node: ':'
             |  \-[IDENT] Node: 'idList547_'
             +-[COLON] Node: ':'
             |  \-[IDENT] Node: 'idList548_'
             +-[COLON] Node: ':'
             |  \-[IDENT] Node: 'idList549_'
             +-[COLON] Node: ':'
             |  \-[IDENT] Node: 'idList550_'
             +-[COLON] Node: ':'
             |  \-[IDENT] Node: 'idList551_'
             +-[COLON] Node: ':'
             |  \-[IDENT] Node: 'idList552_'
             +-[COLON] Node: ':'
             |  \-[IDENT] Node: 'idList553_'
             +-[COLON] Node: ':'
             |  \-[IDENT] Node: 'idList554_'
             +-[COLON] Node: ':'
             |  \-[IDENT] Node: 'idList555_'
             +-[COLON] Node: ':'
             |  \-[IDENT] Node: 'idList556_'
             +-[COLON] Node: ':'
             |  \-[IDENT] Node: 'idList557_'
             +-[COLON] Node: ':'
             |  \-[IDENT] Node: 'idList558_'
             +-[COLON] Node: ':'
             |  \-[IDENT] Node: 'idList559_'
             +-[COLON] Node: ':'
             |  \-[IDENT] Node: 'idList560_'
             +-[COLON] Node: ':'
             |  \-[IDENT] Node: 'idList561_'
             +-[COLON] Node: ':'
             |  \-[IDENT] Node: 'idList562_'
             +-[COLON] Node: ':'
             |  \-[IDENT] Node: 'idList563_'
             +-[COLON] Node: ':'
             |  \-[IDENT] Node: 'idList564_'
             +-[COLON] Node: ':'
             |  \-[IDENT] Node: 'idList565_'
             +-[COLON] Node: ':'
             |  \-[IDENT] Node: 'idList566_'
             +-[COLON] Node: ':'
             |  \-[IDENT] Node: 'idList567_'
             +-[COLON] Node: ':'
             |  \-[IDENT] Node: 'idList568_'
             +-[COLON] Node: ':'
             |  \-[IDENT] Node: 'idList569_'
             +-[COLON] Node: ':'
             |  \-[IDENT] Node: 'idList570_'
             +-[COLON] Node: ':'
             |  \-[IDENT] Node: 'idList571_'
             +-[COLON] Node: ':'
             |  \-[IDENT] Node: 'idList572_'
             +-[COLON] Node: ':'
             |  \-[IDENT] Node: 'idList573_'
             +-[COLON] Node: ':'
             |  \-[IDENT] Node: 'idList574_'
             +-[COLON] Node: ':'
             |  \-[IDENT] Node: 'idList575_'
             +-[COLON] Node: ':'
             |  \-[IDENT] Node: 'idList576_'
             +-[COLON] Node: ':'
             |  \-[IDENT] Node: 'idList577_'
             +-[COLON] Node: ':'
             |  \-[IDENT] Node: 'idList578_'
             +-[COLON] Node: ':'
             |  \-[IDENT] Node: 'idList579_'
             +-[COLON] Node: ':'
             |  \-[IDENT] Node: 'idList580_'
             +-[COLON] Node: ':'
             |  \-[IDENT] Node: 'idList581_'
             +-[COLON] Node: ':'
             |  \-[IDENT] Node: 'idList582_'
             +-[COLON] Node: ':'
             |  \-[IDENT] Node: 'idList583_'
             +-[COLON] Node: ':'
             |  \-[IDENT] Node: 'idList584_'
             +-[COLON] Node: ':'
             |  \-[IDENT] Node: 'idList585_'
             +-[COLON] Node: ':'
             |  \-[IDENT] Node: 'idList586_'
             +-[COLON] Node: ':'
             |  \-[IDENT] Node: 'idList587_'
             +-[COLON] Node: ':'
             |  \-[IDENT] Node: 'idList588_'
             +-[COLON] Node: ':'
             |  \-[IDENT] Node: 'idList589_'
             +-[COLON] Node: ':'
             |  \-[IDENT] Node: 'idList590_'
             +-[COLON] Node: ':'
             |  \-[IDENT] Node: 'idList591_'
             +-[COLON] Node: ':'
             |  \-[IDENT] Node: 'idList592_'
             +-[COLON] Node: ':'
             |  \-[IDENT] Node: 'idList593_'
             +-[COLON] Node: ':'
             |  \-[IDENT] Node: 'idList594_'
             +-[COLON] Node: ':'
             |  \-[IDENT] Node: 'idList595_'
             +-[COLON] Node: ':'
             |  \-[IDENT] Node: 'idList596_'
             +-[COLON] Node: ':'
             |  \-[IDENT] Node: 'idList597_'
             +-[COLON] Node: ':'
             |  \-[IDENT] Node: 'idList598_'
             +-[COLON] Node: ':'
             |  \-[IDENT] Node: 'idList599_'
             +-[COLON] Node: ':'
             |  \-[IDENT] Node: 'idList600_'
             +-[COLON] Node: ':'
             |  \-[IDENT] Node: 'idList601_'
             +-[COLON] Node: ':'
             |  \-[IDENT] Node: 'idList602_'
             +-[COLON] Node: ':'
             |  \-[IDENT] Node: 'idList603_'
             +-[COLON] Node: ':'
             |  \-[IDENT] Node: 'idList604_'
             +-[COLON] Node: ':'
             |  \-[IDENT] Node: 'idList605_'
             +-[COLON] Node: ':'
             |  \-[IDENT] Node: 'idList606_'
             +-[COLON] Node: ':'
             |  \-[IDENT] Node: 'idList607_'
             +-[COLON] Node: ':'
             |  \-[IDENT] Node: 'idList608_'
             +-[COLON] Node: ':'
             |  \-[IDENT] Node: 'idList609_'
             +-[COLON] Node: ':'
             |  \-[IDENT] Node: 'idList610_'
             +-[COLON] Node: ':'
             |  \-[IDENT] Node: 'idList611_'
             +-[COLON] Node: ':'
             |  \-[IDENT] Node: 'idList612_'
             +-[COLON] Node: ':'
             |  \-[IDENT] Node: 'idList613_'
             +-[COLON] Node: ':'
             |  \-[IDENT] Node: 'idList614_'
             +-[COLON] Node: ':'
             |  \-[IDENT] Node: 'idList615_'
             +-[COLON] Node: ':'
             |  \-[IDENT] Node: 'idList616_'
             +-[COLON] Node: ':'
             |  \-[IDENT] Node: 'idList617_'
             +-[COLON] Node: ':'
             |  \-[IDENT] Node: 'idList618_'
             +-[COLON] Node: ':'
             |  \-[IDENT] Node: 'idList619_'
             +-[COLON] Node: ':'
             |  \-[IDENT] Node: 'idList620_'
             +-[COLON] Node: ':'
             |  \-[IDENT] Node: 'idList621_'
             +-[COLON] Node: ':'
             |  \-[IDENT] Node: 'idList622_'
             +-[COLON] Node: ':'
             |  \-[IDENT] Node: 'idList623_'
             +-[COLON] Node: ':'
             |  \-[IDENT] Node: 'idList624_'
             +-[COLON] Node: ':'
             |  \-[IDENT] Node: 'idList625_'
             +-[COLON] Node: ':'
             |  \-[IDENT] Node: 'idList626_'
             +-[COLON] Node: ':'
             |  \-[IDENT] Node: 'idList627_'
             +-[COLON] Node: ':'
             |  \-[IDENT] Node: 'idList628_'
             +-[COLON] Node: ':'
             |  \-[IDENT] Node: 'idList629_'
             +-[COLON] Node: ':'
             |  \-[IDENT] Node: 'idList630_'
             +-[COLON] Node: ':'
             |  \-[IDENT] Node: 'idList631_'
             +-[COLON] Node: ':'
             |  \-[IDENT] Node: 'idList632_'
             +-[COLON] Node: ':'
             |  \-[IDENT] Node: 'idList633_'
             +-[COLON] Node: ':'
             |  \-[IDENT] Node: 'idList634_'
             +-[COLON] Node: ':'
             |  \-[IDENT] Node: 'idList635_'
             +-[COLON] Node: ':'
             |  \-[IDENT] Node: 'idList636_'
             +-[COLON] Node: ':'
             |  \-[IDENT] Node: 'idList637_'
             +-[COLON] Node: ':'
             |  \-[IDENT] Node: 'idList638_'
             +-[COLON] Node: ':'
             |  \-[IDENT] Node: 'idList639_'
             +-[COLON] Node: ':'
             |  \-[IDENT] Node: 'idList640_'
             +-[COLON] Node: ':'
             |  \-[IDENT] Node: 'idList641_'
             +-[COLON] Node: ':'
             |  \-[IDENT] Node: 'idList642_'
             +-[COLON] Node: ':'
             |  \-[IDENT] Node: 'idList643_'
             +-[COLON] Node: ':'
             |  \-[IDENT] Node: 'idList644_'
             +-[COLON] Node: ':'
             |  \-[IDENT] Node: 'idList645_'
             +-[COLON] Node: ':'
             |  \-[IDENT] Node: 'idList646_'
             +-[COLON] Node: ':'
             |  \-[IDENT] Node: 'idList647_'
             +-[COLON] Node: ':'
             |  \-[IDENT] Node: 'idList648_'
             +-[COLON] Node: ':'
             |  \-[IDENT] Node: 'idList649_'
             +-[COLON] Node: ':'
             |  \-[IDENT] Node: 'idList650_'
             +-[COLON] Node: ':'
             |  \-[IDENT] Node: 'idList651_'
             +-[COLON] Node: ':'
             |  \-[IDENT] Node: 'idList652_'
             +-[COLON] Node: ':'
             |  \-[IDENT] Node: 'idList653_'
             +-[COLON] Node: ':'
             |  \-[IDENT] Node: 'idList654_'
             +-[COLON] Node: ':'
             |  \-[IDENT] Node: 'idList655_'
             +-[COLON] Node: ':'
             |  \-[IDENT] Node: 'idList656_'
             +-[COLON] Node: ':'
             |  \-[IDENT] Node: 'idList657_'
             +-[COLON] Node: ':'
             |  \-[IDENT] Node: 'idList658_'
             +-[COLON] Node: ':'
             |  \-[IDENT] Node: 'idList659_'
             +-[COLON] Node: ':'
             |  \-[IDENT] Node: 'idList660_'
             +-[COLON] Node: ':'
             |  \-[IDENT] Node: 'idList661_'
             +-[COLON] Node: ':'
             |  \-[IDENT] Node: 'idList662_'
             +-[COLON] Node: ':'
             |  \-[IDENT] Node: 'idList663_'
             +-[COLON] Node: ':'
             |  \-[IDENT] Node: 'idList664_'
             +-[COLON] Node: ':'
             |  \-[IDENT] Node: 'idList665_'
             +-[COLON] Node: ':'
             |  \-[IDENT] Node: 'idList666_'
             +-[COLON] Node: ':'
             |  \-[IDENT] Node: 'idList667_'
             +-[COLON] Node: ':'
             |  \-[IDENT] Node: 'idList668_'
             +-[COLON] Node: ':'
             |  \-[IDENT] Node: 'idList669_'
             +-[COLON] Node: ':'
             |  \-[IDENT] Node: 'idList670_'
             +-[COLON] Node: ':'
             |  \-[IDENT] Node: 'idList671_'
             +-[COLON] Node: ':'
             |  \-[IDENT] Node: 'idList672_'
             +-[COLON] Node: ':'
             |  \-[IDENT] Node: 'idList673_'
             +-[COLON] Node: ':'
             |  \-[IDENT] Node: 'idList674_'
             +-[COLON] Node: ':'
             |  \-[IDENT] Node: 'idList675_'
             +-[COLON] Node: ':'
             |  \-[IDENT] Node: 'idList676_'
             +-[COLON] Node: ':'
             |  \-[IDENT] Node: 'idList677_'
             +-[COLON] Node: ':'
             |  \-[IDENT] Node: 'idList678_'
             +-[COLON] Node: ':'
             |  \-[IDENT] Node: 'idList679_'
             +-[COLON] Node: ':'
             |  \-[IDENT] Node: 'idList680_'
             +-[COLON] Node: ':'
             |  \-[IDENT] Node: 'idList681_'
             +-[COLON] Node: ':'
             |  \-[IDENT] Node: 'idList682_'
             +-[COLON] Node: ':'
             |  \-[IDENT] Node: 'idList683_'
             +-[COLON] Node: ':'
             |  \-[IDENT] Node: 'idList684_'
             +-[COLON] Node: ':'
             |  \-[IDENT] Node: 'idList685_'
             +-[COLON] Node: ':'
             |  \-[IDENT] Node: 'idList686_'
             +-[COLON] Node: ':'
             |  \-[IDENT] Node: 'idList687_'
             +-[COLON] Node: ':'
             |  \-[IDENT] Node: 'idList688_'
             +-[COLON] Node: ':'
             |  \-[IDENT] Node: 'idList689_'
             +-[COLON] Node: ':'
             |  \-[IDENT] Node: 'idList690_'
             +-[COLON] Node: ':'
             |  \-[IDENT] Node: 'idList691_'
             +-[COLON] Node: ':'
             |  \-[IDENT] Node: 'idList692_'
             +-[COLON] Node: ':'
             |  \-[IDENT] Node: 'idList693_'
             +-[COLON] Node: ':'
             |  \-[IDENT] Node: 'idList694_'
             +-[COLON] Node: ':'
             |  \-[IDENT] Node: 'idList695_'
             +-[COLON] Node: ':'
             |  \-[IDENT] Node: 'idList696_'
             +-[COLON] Node: ':'
             |  \-[IDENT] Node: 'idList697_'
             +-[COLON] Node: ':'
             |  \-[IDENT] Node: 'idList698_'
             +-[COLON] Node: ':'
             |  \-[IDENT] Node: 'idList699_'
             +-[COLON] Node: ':'
             |  \-[IDENT] Node: 'idList700_'
             +-[COLON] Node: ':'
             |  \-[IDENT] Node: 'idList701_'
             +-[COLON] Node: ':'
             |  \-[IDENT] Node: 'idList702_'
             +-[COLON] Node: ':'
             |  \-[IDENT] Node: 'idList703_'
             +-[COLON] Node: ':'
             |  \-[IDENT] Node: 'idList704_'
             +-[COLON] Node: ':'
             |  \-[IDENT] Node: 'idList705_'
             +-[COLON] Node: ':'
             |  \-[IDENT] Node: 'idList706_'
             +-[COLON] Node: ':'
             |  \-[IDENT] Node: 'idList707_'
             +-[COLON] Node: ':'
             |  \-[IDENT] Node: 'idList708_'
             +-[COLON] Node: ':'
             |  \-[IDENT] Node: 'idList709_'
             +-[COLON] Node: ':'
             |  \-[IDENT] Node: 'idList710_'
             +-[COLON] Node: ':'
             |  \-[IDENT] Node: 'idList711_'
             +-[COLON] Node: ':'
             |  \-[IDENT] Node: 'idList712_'
             +-[COLON] Node: ':'
             |  \-[IDENT] Node: 'idList713_'
             +-[COLON] Node: ':'
             |  \-[IDENT] Node: 'idList714_'
             +-[COLON] Node: ':'
             |  \-[IDENT] Node: 'idList715_'
             +-[COLON] Node: ':'
             |  \-[IDENT] Node: 'idList716_'
             +-[COLON] Node: ':'
             |  \-[IDENT] Node: 'idList717_'
             +-[COLON] Node: ':'
             |  \-[IDENT] Node: 'idList718_'
             +-[COLON] Node: ':'
             |  \-[IDENT] Node: 'idList719_'
             +-[COLON] Node: ':'
             |  \-[IDENT] Node: 'idList720_'
             +-[COLON] Node: ':'
             |  \-[IDENT] Node: 'idList721_'
             +-[COLON] Node: ':'
             |  \-[IDENT] Node: 'idList722_'
             +-[COLON] Node: ':'
             |  \-[IDENT] Node: 'idList723_'
             +-[COLON] Node: ':'
             |  \-[IDENT] Node: 'idList724_'
             +-[COLON] Node: ':'
             |  \-[IDENT] Node: 'idList725_'
             +-[COLON] Node: ':'
             |  \-[IDENT] Node: 'idList726_'
             +-[COLON] Node: ':'
             |  \-[IDENT] Node: 'idList727_'
             +-[COLON] Node: ':'
             |  \-[IDENT] Node: 'idList728_'
             +-[COLON] Node: ':'
             |  \-[IDENT] Node: 'idList729_'
             +-[COLON] Node: ':'
             |  \-[IDENT] Node: 'idList730_'
             +-[COLON] Node: ':'
             |  \-[IDENT] Node: 'idList731_'
             +-[COLON] Node: ':'
             |  \-[IDENT] Node: 'idList732_'
             +-[COLON] Node: ':'
             |  \-[IDENT] Node: 'idList733_'
             +-[COLON] Node: ':'
             |  \-[IDENT] Node: 'idList734_'
             +-[COLON] Node: ':'
             |  \-[IDENT] Node: 'idList735_'
             +-[COLON] Node: ':'
             |  \-[IDENT] Node: 'idList736_'
             +-[COLON] Node: ':'
             |  \-[IDENT] Node: 'idList737_'
             +-[COLON] Node: ':'
             |  \-[IDENT] Node: 'idList738_'
             +-[COLON] Node: ':'
             |  \-[IDENT] Node: 'idList739_'
             +-[COLON] Node: ':'
             |  \-[IDENT] Node: 'idList740_'
             +-[COLON] Node: ':'
             |  \-[IDENT] Node: 'idList741_'
             +-[COLON] Node: ':'
             |  \-[IDENT] Node: 'idList742_'
             +-[COLON] Node: ':'
             |  \-[IDENT] Node: 'idList743_'
             +-[COLON] Node: ':'
             |  \-[IDENT] Node: 'idList744_'
             +-[COLON] Node: ':'
             |  \-[IDENT] Node: 'idList745_'
             +-[COLON] Node: ':'
             |  \-[IDENT] Node: 'idList746_'
             +-[COLON] Node: ':'
             |  \-[IDENT] Node: 'idList747_'
             +-[COLON] Node: ':'
             |  \-[IDENT] Node: 'idList748_'
             +-[COLON] Node: ':'
             |  \-[IDENT] Node: 'idList749_'
             +-[COLON] Node: ':'
             |  \-[IDENT] Node: 'idList750_'
             +-[COLON] Node: ':'
             |  \-[IDENT] Node: 'idList751_'
             +-[COLON] Node: ':'
             |  \-[IDENT] Node: 'idList752_'
             +-[COLON] Node: ':'
             |  \-[IDENT] Node: 'idList753_'
             +-[COLON] Node: ':'
             |  \-[IDENT] Node: 'idList754_'
             +-[COLON] Node: ':'
             |  \-[IDENT] Node: 'idList755_'
             +-[COLON] Node: ':'
             |  \-[IDENT] Node: 'idList756_'
             +-[COLON] Node: ':'
             |  \-[IDENT] Node: 'idList757_'
             +-[COLON] Node: ':'
             |  \-[IDENT] Node: 'idList758_'
             +-[COLON] Node: ':'
             |  \-[IDENT] Node: 'idList759_'
             +-[COLON] Node: ':'
             |  \-[IDENT] Node: 'idList760_'
             +-[COLON] Node: ':'
             |  \-[IDENT] Node: 'idList761_'
             +-[COLON] Node: ':'
             |  \-[IDENT] Node: 'idList762_'
             +-[COLON] Node: ':'
             |  \-[IDENT] Node: 'idList763_'
             +-[COLON] Node: ':'
             |  \-[IDENT] Node: 'idList764_'
             +-[COLON] Node: ':'
             |  \-[IDENT] Node: 'idList765_'
             +-[COLON] Node: ':'
             |  \-[IDENT] Node: 'idList766_'
             +-[COLON] Node: ':'
             |  \-[IDENT] Node: 'idList767_'
             +-[COLON] Node: ':'
             |  \-[IDENT] Node: 'idList768_'
             +-[COLON] Node: ':'
             |  \-[IDENT] Node: 'idList769_'
             +-[COLON] Node: ':'
             |  \-[IDENT] Node: 'idList770_'
             +-[COLON] Node: ':'
             |  \-[IDENT] Node: 'idList771_'
             +-[COLON] Node: ':'
             |  \-[IDENT] Node: 'idList772_'
             +-[COLON] Node: ':'
             |  \-[IDENT] Node: 'idList773_'
             +-[COLON] Node: ':'
             |  \-[IDENT] Node: 'idList774_'
             +-[COLON] Node: ':'
             |  \-[IDENT] Node: 'idList775_'
             +-[COLON] Node: ':'
             |  \-[IDENT] Node: 'idList776_'
             +-[COLON] Node: ':'
             |  \-[IDENT] Node: 'idList777_'
             +-[COLON] Node: ':'
             |  \-[IDENT] Node: 'idList778_'
             +-[COLON] Node: ':'
             |  \-[IDENT] Node: 'idList779_'
             +-[COLON] Node: ':'
             |  \-[IDENT] Node: 'idList780_'
             +-[COLON] Node: ':'
             |  \-[IDENT] Node: 'idList781_'
             +-[COLON] Node: ':'
             |  \-[IDENT] Node: 'idList782_'
             +-[COLON] Node: ':'
             |  \-[IDENT] Node: 'idList783_'
             +-[COLON] Node: ':'
             |  \-[IDENT] Node: 'idList784_'
             +-[COLON] Node: ':'
             |  \-[IDENT] Node: 'idList785_'
             +-[COLON] Node: ':'
             |  \-[IDENT] Node: 'idList786_'
             +-[COLON] Node: ':'
             |  \-[IDENT] Node: 'idList787_'
             +-[COLON] Node: ':'
             |  \-[IDENT] Node: 'idList788_'
             +-[COLON] Node: ':'
             |  \-[IDENT] Node: 'idList789_'
             +-[COLON] Node: ':'
             |  \-[IDENT] Node: 'idList790_'
             +-[COLON] Node: ':'
             |  \-[IDENT] Node: 'idList791_'
             +-[COLON] Node: ':'
             |  \-[IDENT] Node: 'idList792_'
             +-[COLON] Node: ':'
             |  \-[IDENT] Node: 'idList793_'
             +-[COLON] Node: ':'
             |  \-[IDENT] Node: 'idList794_'
             +-[COLON] Node: ':'
             |  \-[IDENT] Node: 'idList795_'
             +-[COLON] Node: ':'
             |  \-[IDENT] Node: 'idList796_'
             +-[COLON] Node: ':'
             |  \-[IDENT] Node: 'idList797_'
             +-[COLON] Node: ':'
             |  \-[IDENT] Node: 'idList798_'
             +-[COLON] Node: ':'
             |  \-[IDENT] Node: 'idList799_'
             +-[COLON] Node: ':'
             |  \-[IDENT] Node: 'idList800_'
             +-[COLON] Node: ':'
             |  \-[IDENT] Node: 'idList801_'
             +-[COLON] Node: ':'
             |  \-[IDENT] Node: 'idList802_'
             +-[COLON] Node: ':'
             |  \-[IDENT] Node: 'idList803_'
             +-[COLON] Node: ':'
             |  \-[IDENT] Node: 'idList804_'
             +-[COLON] Node: ':'
             |  \-[IDENT] Node: 'idList805_'
             +-[COLON] Node: ':'
             |  \-[IDENT] Node: 'idList806_'
             +-[COLON] Node: ':'
             |  \-[IDENT] Node: 'idList807_'
             +-[COLON] Node: ':'
             |  \-[IDENT] Node: 'idList808_'
             +-[COLON] Node: ':'
             |  \-[IDENT] Node: 'idList809_'
             +-[COLON] Node: ':'
             |  \-[IDENT] Node: 'idList810_'
             +-[COLON] Node: ':'
             |  \-[IDENT] Node: 'idList811_'
             +-[COLON] Node: ':'
             |  \-[IDENT] Node: 'idList812_'
             +-[COLON] Node: ':'
             |  \-[IDENT] Node: 'idList813_'
             +-[COLON] Node: ':'
             |  \-[IDENT] Node: 'idList814_'
             +-[COLON] Node: ':'
             |  \-[IDENT] Node: 'idList815_'
             +-[COLON] Node: ':'
             |  \-[IDENT] Node: 'idList816_'
             +-[COLON] Node: ':'
             |  \-[IDENT] Node: 'idList817_'
             +-[COLON] Node: ':'
             |  \-[IDENT] Node: 'idList818_'
             +-[COLON] Node: ':'
             |  \-[IDENT] Node: 'idList819_'
             +-[COLON] Node: ':'
             |  \-[IDENT] Node: 'idList820_'
             +-[COLON] Node: ':'
             |  \-[IDENT] Node: 'idList821_'
             +-[COLON] Node: ':'
             |  \-[IDENT] Node: 'idList822_'
             +-[COLON] Node: ':'
             |  \-[IDENT] Node: 'idList823_'
             +-[COLON] Node: ':'
             |  \-[IDENT] Node: 'idList824_'
             +-[COLON] Node: ':'
             |  \-[IDENT] Node: 'idList825_'
             +-[COLON] Node: ':'
             |  \-[IDENT] Node: 'idList826_'
             +-[COLON] Node: ':'
             |  \-[IDENT] Node: 'idList827_'
             +-[COLON] Node: ':'
             |  \-[IDENT] Node: 'idList828_'
             +-[COLON] Node: ':'
             |  \-[IDENT] Node: 'idList829_'
             +-[COLON] Node: ':'
             |  \-[IDENT] Node: 'idList830_'
             +-[COLON] Node: ':'
             |  \-[IDENT] Node: 'idList831_'
             +-[COLON] Node: ':'
             |  \-[IDENT] Node: 'idList832_'
             +-[COLON] Node: ':'
             |  \-[IDENT] Node: 'idList833_'
             +-[COLON] Node: ':'
             |  \-[IDENT] Node: 'idList834_'
             +-[COLON] Node: ':'
             |  \-[IDENT] Node: 'idList835_'
             +-[COLON] Node: ':'
             |  \-[IDENT] Node: 'idList836_'
             +-[COLON] Node: ':'
             |  \-[IDENT] Node: 'idList837_'
             +-[COLON] Node: ':'
             |  \-[IDENT] Node: 'idList838_'
             +-[COLON] Node: ':'
             |  \-[IDENT] Node: 'idList839_'
             +-[COLON] Node: ':'
             |  \-[IDENT] Node: 'idList840_'
             +-[COLON] Node: ':'
             |  \-[IDENT] Node: 'idList841_'
             +-[COLON] Node: ':'
             |  \-[IDENT] Node: 'idList842_'
             +-[COLON] Node: ':'
             |  \-[IDENT] Node: 'idList843_'
             +-[COLON] Node: ':'
             |  \-[IDENT] Node: 'idList844_'
             +-[COLON] Node: ':'
             |  \-[IDENT] Node: 'idList845_'
             +-[COLON] Node: ':'
             |  \-[IDENT] Node: 'idList846_'
             +-[COLON] Node: ':'
             |  \-[IDENT] Node: 'idList847_'
             +-[COLON] Node: ':'
             |  \-[IDENT] Node: 'idList848_'
             +-[COLON] Node: ':'
             |  \-[IDENT] Node: 'idList849_'
             +-[COLON] Node: ':'
             |  \-[IDENT] Node: 'idList850_'
             +-[COLON] Node: ':'
             |  \-[IDENT] Node: 'idList851_'
             +-[COLON] Node: ':'
             |  \-[IDENT] Node: 'idList852_'
             +-[COLON] Node: ':'
             |  \-[IDENT] Node: 'idList853_'
             +-[COLON] Node: ':'
             |  \-[IDENT] Node: 'idList854_'
             +-[COLON] Node: ':'
             |  \-[IDENT] Node: 'idList855_'
             +-[COLON] Node: ':'
             |  \-[IDENT] Node: 'idList856_'
             +-[COLON] Node: ':'
             |  \-[IDENT] Node: 'idList857_'
             +-[COLON] Node: ':'
             |  \-[IDENT] Node: 'idList858_'
             +-[COLON] Node: ':'
             |  \-[IDENT] Node: 'idList859_'
             +-[COLON] Node: ':'
             |  \-[IDENT] Node: 'idList860_'
             +-[COLON] Node: ':'
             |  \-[IDENT] Node: 'idList861_'
             +-[COLON] Node: ':'
             |  \-[IDENT] Node: 'idList862_'
             +-[COLON] Node: ':'
             |  \-[IDENT] Node: 'idList863_'
             +-[COLON] Node: ':'
             |  \-[IDENT] Node: 'idList864_'
             +-[COLON] Node: ':'
             |  \-[IDENT] Node: 'idList865_'
             +-[COLON] Node: ':'
             |  \-[IDENT] Node: 'idList866_'
             +-[COLON] Node: ':'
             |  \-[IDENT] Node: 'idList867_'
             +-[COLON] Node: ':'
             |  \-[IDENT] Node: 'idList868_'
             +-[COLON] Node: ':'
             |  \-[IDENT] Node: 'idList869_'
             +-[COLON] Node: ':'
             |  \-[IDENT] Node: 'idList870_'
             +-[COLON] Node: ':'
             |  \-[IDENT] Node: 'idList871_'
             +-[COLON] Node: ':'
             |  \-[IDENT] Node: 'idList872_'
             +-[COLON] Node: ':'
             |  \-[IDENT] Node: 'idList873_'
             +-[COLON] Node: ':'
             |  \-[IDENT] Node: 'idList874_'
             +-[COLON] Node: ':'
             |  \-[IDENT] Node: 'idList875_'
             +-[COLON] Node: ':'
             |  \-[IDENT] Node: 'idList876_'
             +-[COLON] Node: ':'
             |  \-[IDENT] Node: 'idList877_'
             +-[COLON] Node: ':'
             |  \-[IDENT] Node: 'idList878_'
             +-[COLON] Node: ':'
             |  \-[IDENT] Node: 'idList879_'
             +-[COLON] Node: ':'
             |  \-[IDENT] Node: 'idList880_'
             +-[COLON] Node: ':'
             |  \-[IDENT] Node: 'idList881_'
             +-[COLON] Node: ':'
             |  \-[IDENT] Node: 'idList882_'
             +-[COLON] Node: ':'
             |  \-[IDENT] Node: 'idList883_'
             +-[COLON] Node: ':'
             |  \-[IDENT] Node: 'idList884_'
             +-[COLON] Node: ':'
             |  \-[IDENT] Node: 'idList885_'
             +-[COLON] Node: ':'
             |  \-[IDENT] Node: 'idList886_'
             +-[COLON] Node: ':'
             |  \-[IDENT] Node: 'idList887_'
             +-[COLON] Node: ':'
             |  \-[IDENT] Node: 'idList888_'
             +-[COLON] Node: ':'
             |  \-[IDENT] Node: 'idList889_'
             +-[COLON] Node: ':'
             |  \-[IDENT] Node: 'idList890_'
             +-[COLON] Node: ':'
             |  \-[IDENT] Node: 'idList891_'
             +-[COLON] Node: ':'
             |  \-[IDENT] Node: 'idList892_'
             +-[COLON] Node: ':'
             |  \-[IDENT] Node: 'idList893_'
             +-[COLON] Node: ':'
             |  \-[IDENT] Node: 'idList894_'
             +-[COLON] Node: ':'
             |  \-[IDENT] Node: 'idList895_'
             +-[COLON] Node: ':'
             |  \-[IDENT] Node: 'idList896_'
             +-[COLON] Node: ':'
             |  \-[IDENT] Node: 'idList897_'
             +-[COLON] Node: ':'
             |  \-[IDENT] Node: 'idList898_'
             +-[COLON] Node: ':'
             |  \-[IDENT] Node: 'idList899_'
             +-[COLON] Node: ':'
             |  \-[IDENT] Node: 'idList900_'
             +-[COLON] Node: ':'
             |  \-[IDENT] Node: 'idList901_'
             +-[COLON] Node: ':'
             |  \-[IDENT] Node: 'idList902_'
             +-[COLON] Node: ':'
             |  \-[IDENT] Node: 'idList903_'
             +-[COLON] Node: ':'
             |  \-[IDENT] Node: 'idList904_'
             +-[COLON] Node: ':'
             |  \-[IDENT] Node: 'idList905_'
             +-[COLON] Node: ':'
             |  \-[IDENT] Node: 'idList906_'
             +-[COLON] Node: ':'
             |  \-[IDENT] Node: 'idList907_'
             +-[COLON] Node: ':'
             |  \-[IDENT] Node: 'idList908_'
             +-[COLON] Node: ':'
             |  \-[IDENT] Node: 'idList909_'
             +-[COLON] Node: ':'
             |  \-[IDENT] Node: 'idList910_'
             +-[COLON] Node: ':'
             |  \-[IDENT] Node: 'idList911_'
             +-[COLON] Node: ':'
             |  \-[IDENT] Node: 'idList912_'
             +-[COLON] Node: ':'
             |  \-[IDENT] Node: 'idList913_'
             +-[COLON] Node: ':'
             |  \-[IDENT] Node: 'idList914_'
             +-[COLON] Node: ':'
             |  \-[IDENT] Node: 'idList915_'
             +-[COLON] Node: ':'
             |  \-[IDENT] Node: 'idList916_'
             +-[COLON] Node: ':'
             |  \-[IDENT] Node: 'idList917_'
             +-[COLON] Node: ':'
             |  \-[IDENT] Node: 'idList918_'
             +-[COLON] Node: ':'
             |  \-[IDENT] Node: 'idList919_'
             +-[COLON] Node: ':'
             |  \-[IDENT] Node: 'idList920_'
             +-[COLON] Node: ':'
             |  \-[IDENT] Node: 'idList921_'
             +-[COLON] Node: ':'
             |  \-[IDENT] Node: 'idList922_'
             +-[COLON] Node: ':'
             |  \-[IDENT] Node: 'idList923_'
             +-[COLON] Node: ':'
             |  \-[IDENT] Node: 'idList924_'
             +-[COLON] Node: ':'
             |  \-[IDENT] Node: 'idList925_'
             +-[COLON] Node: ':'
             |  \-[IDENT] Node: 'idList926_'
             +-[COLON] Node: ':'
             |  \-[IDENT] Node: 'idList927_'
             +-[COLON] Node: ':'
             |  \-[IDENT] Node: 'idList928_'
             +-[COLON] Node: ':'
             |  \-[IDENT] Node: 'idList929_'
             +-[COLON] Node: ':'
             |  \-[IDENT] Node: 'idList930_'
             +-[COLON] Node: ':'
             |  \-[IDENT] Node: 'idList931_'
             +-[COLON] Node: ':'
             |  \-[IDENT] Node: 'idList932_'
             +-[COLON] Node: ':'
             |  \-[IDENT] Node: 'idList933_'
             +-[COLON] Node: ':'
             |  \-[IDENT] Node: 'idList934_'
             +-[COLON] Node: ':'
             |  \-[IDENT] Node: 'idList935_'
             +-[COLON] Node: ':'
             |  \-[IDENT] Node: 'idList936_'
             +-[COLON] Node: ':'
             |  \-[IDENT] Node: 'idList937_'
             +-[COLON] Node: ':'
             |  \-[IDENT] Node: 'idList938_'
             +-[COLON] Node: ':'
             |  \-[IDENT] Node: 'idList939_'
             +-[COLON] Node: ':'
             |  \-[IDENT] Node: 'idList940_'
             +-[COLON] Node: ':'
             |  \-[IDENT] Node: 'idList941_'
             +-[COLON] Node: ':'
             |  \-[IDENT] Node: 'idList942_'
             +-[COLON] Node: ':'
             |  \-[IDENT] Node: 'idList943_'
             +-[COLON] Node: ':'
             |  \-[IDENT] Node: 'idList944_'
             +-[COLON] Node: ':'
             |  \-[IDENT] Node: 'idList945_'
             +-[COLON] Node: ':'
             |  \-[IDENT] Node: 'idList946_'
             +-[COLON] Node: ':'
             |  \-[IDENT] Node: 'idList947_'
             +-[COLON] Node: ':'
             |  \-[IDENT] Node: 'idList948_'
             +-[COLON] Node: ':'
             |  \-[IDENT] Node: 'idList949_'
             +-[COLON] Node: ':'
             |  \-[IDENT] Node: 'idList950_'
             +-[COLON] Node: ':'
             |  \-[IDENT] Node: 'idList951_'
             +-[COLON] Node: ':'
             |  \-[IDENT] Node: 'idList952_'
             +-[COLON] Node: ':'
             |  \-[IDENT] Node: 'idList953_'
             +-[COLON] Node: ':'
             |  \-[IDENT] Node: 'idList954_'
             +-[COLON] Node: ':'
             |  \-[IDENT] Node: 'idList955_'
             +-[COLON] Node: ':'
             |  \-[IDENT] Node: 'idList956_'
             +-[COLON] Node: ':'
             |  \-[IDENT] Node: 'idList957_'
             +-[COLON] Node: ':'
             |  \-[IDENT] Node: 'idList958_'
             +-[COLON] Node: ':'
             |  \-[IDENT] Node: 'idList959_'
             +-[COLON] Node: ':'
             |  \-[IDENT] Node: 'idList960_'
             +-[COLON] Node: ':'
             |  \-[IDENT] Node: 'idList961_'
             +-[COLON] Node: ':'
             |  \-[IDENT] Node: 'idList962_'
             +-[COLON] Node: ':'
             |  \-[IDENT] Node: 'idList963_'
             +-[COLON] Node: ':'
             |  \-[IDENT] Node: 'idList964_'
             +-[COLON] Node: ':'
             |  \-[IDENT] Node: 'idList965_'
             +-[COLON] Node: ':'
             |  \-[IDENT] Node: 'idList966_'
             +-[COLON] Node: ':'
             |  \-[IDENT] Node: 'idList967_'
             +-[COLON] Node: ':'
             |  \-[IDENT] Node: 'idList968_'
             +-[COLON] Node: ':'
             |  \-[IDENT] Node: 'idList969_'
             +-[COLON] Node: ':'
             |  \-[IDENT] Node: 'idList970_'
             +-[COLON] Node: ':'
             |  \-[IDENT] Node: 'idList971_'
             +-[COLON] Node: ':'
             |  \-[IDENT] Node: 'idList972_'
             +-[COLON] Node: ':'
             |  \-[IDENT] Node: 'idList973_'
             +-[COLON] Node: ':'
             |  \-[IDENT] Node: 'idList974_'
             +-[COLON] Node: ':'
             |  \-[IDENT] Node: 'idList975_'
             +-[COLON] Node: ':'
             |  \-[IDENT] Node: 'idList976_'
             +-[COLON] Node: ':'
             |  \-[IDENT] Node: 'idList977_'
             +-[COLON] Node: ':'
             |  \-[IDENT] Node: 'idList978_'
             +-[COLON] Node: ':'
             |  \-[IDENT] Node: 'idList979_'
             +-[COLON] Node: ':'
             |  \-[IDENT] Node: 'idList980_'
             +-[COLON] Node: ':'
             |  \-[IDENT] Node: 'idList981_'
             +-[COLON] Node: ':'
             |  \-[IDENT] Node: 'idList982_'
             +-[COLON] Node: ':'
             |  \-[IDENT] Node: 'idList983_'
             +-[COLON] Node: ':'
             |  \-[IDENT] Node: 'idList984_'
             +-[COLON] Node: ':'
             |  \-[IDENT] Node: 'idList985_'
             +-[COLON] Node: ':'
             |  \-[IDENT] Node: 'idList986_'
             +-[COLON] Node: ':'
             |  \-[IDENT] Node: 'idList987_'
             +-[COLON] Node: ':'
             |  \-[IDENT] Node: 'idList988_'
             +-[COLON] Node: ':'
             |  \-[IDENT] Node: 'idList989_'
             +-[COLON] Node: ':'
             |  \-[IDENT] Node: 'idList990_'
             +-[COLON] Node: ':'
             |  \-[IDENT] Node: 'idList991_'
             +-[COLON] Node: ':'
             |  \-[IDENT] Node: 'idList992_'
             +-[COLON] Node: ':'
             |  \-[IDENT] Node: 'idList993_'
             +-[COLON] Node: ':'
             |  \-[IDENT] Node: 'idList994_'
             +-[COLON] Node: ':'
             |  \-[IDENT] Node: 'idList995_'
             +-[COLON] Node: ':'
             |  \-[IDENT] Node: 'idList996_'
             +-[COLON] Node: ':'
             |  \-[IDENT] Node: 'idList997_'
             +-[COLON] Node: ':'
             |  \-[IDENT] Node: 'idList998_'
             +-[COLON] Node: ':'
             |  \-[IDENT] Node: 'idList999_'
             +-[COLON] Node: ':'
             |  \-[IDENT] Node: 'idList1000_'
             +-[COLON] Node: ':'
             |  \-[IDENT] Node: 'idList1001_'
             +-[COLON] Node: ':'
             |  \-[IDENT] Node: 'idList1002_'
             +-[COLON] Node: ':'
             |  \-[IDENT] Node: 'idList1003_'
             +-[COLON] Node: ':'
             |  \-[IDENT] Node: 'idList1004_'
             +-[COLON] Node: ':'
             |  \-[IDENT] Node: 'idList1005_'
             +-[COLON] Node: ':'
             |  \-[IDENT] Node: 'idList1006_'
             +-[COLON] Node: ':'
             |  \-[IDENT] Node: 'idList1007_'
             +-[COLON] Node: ':'
             |  \-[IDENT] Node: 'idList1008_'
             +-[COLON] Node: ':'
             |  \-[IDENT] Node: 'idList1009_'
             +-[COLON] Node: ':'
             |  \-[IDENT] Node: 'idList1010_'
             +-[COLON] Node: ':'
             |  \-[IDENT] Node: 'idList1011_'
             +-[COLON] Node: ':'
             |  \-[IDENT] Node: 'idList1012_'
             +-[COLON] Node: ':'
             |  \-[IDENT] Node: 'idList1013_'
             +-[COLON] Node: ':'
             |  \-[IDENT] Node: 'idList1014_'
             +-[COLON] Node: ':'
             |  \-[IDENT] Node: 'idList1015_'
             +-[COLON] Node: ':'
             |  \-[IDENT] Node: 'idList1016_'
             +-[COLON] Node: ':'
             |  \-[IDENT] Node: 'idList1017_'
             +-[COLON] Node: ':'
             |  \-[IDENT] Node: 'idList1018_'
             +-[COLON] Node: ':'
             |  \-[IDENT] Node: 'idList1019_'
             +-[COLON] Node: ':'
             |  \-[IDENT] Node: 'idList1020_'
             +-[COLON] Node: ':'
             |  \-[IDENT] Node: 'idList1021_'
             +-[COLON] Node: ':'
             |  \-[IDENT] Node: 'idList1022_'
             +-[COLON] Node: ':'
             |  \-[IDENT] Node: 'idList1023_'
             +-[COLON] Node: ':'
             |  \-[IDENT] Node: 'idList1024_'
             +-[COLON] Node: ':'
             |  \-[IDENT] Node: 'idList1025_'
             +-[COLON] Node: ':'
             |  \-[IDENT] Node: 'idList1026_'
             +-[COLON] Node: ':'
             |  \-[IDENT] Node: 'idList1027_'
             +-[COLON] Node: ':'
             |  \-[IDENT] Node: 'idList1028_'
             +-[COLON] Node: ':'
             |  \-[IDENT] Node: 'idList1029_'
             +-[COLON] Node: ':'
             |  \-[IDENT] Node: 'idList1030_'
             +-[COLON] Node: ':'
             |  \-[IDENT] Node: 'idList1031_'
             +-[COLON] Node: ':'
             |  \-[IDENT] Node: 'idList1032_'
             +-[COLON] Node: ':'
             |  \-[IDENT] Node: 'idList1033_'
             +-[COLON] Node: ':'
             |  \-[IDENT] Node: 'idList1034_'
             +-[COLON] Node: ':'
             |  \-[IDENT] Node: 'idList1035_'
             +-[COLON] Node: ':'
             |  \-[IDENT] Node: 'idList1036_'
             +-[COLON] Node: ':'
             |  \-[IDENT] Node: 'idList1037_'
             +-[COLON] Node: ':'
             |  \-[IDENT] Node: 'idList1038_'
             +-[COLON] Node: ':'
             |  \-[IDENT] Node: 'idList1039_'
             +-[COLON] Node: ':'
             |  \-[IDENT] Node: 'idList1040_'
             +-[COLON] Node: ':'
             |  \-[IDENT] Node: 'idList1041_'
             +-[COLON] Node: ':'
             |  \-[IDENT] Node: 'idList1042_'
             +-[COLON] Node: ':'
             |  \-[IDENT] Node: 'idList1043_'
             +-[COLON] Node: ':'
             |  \-[IDENT] Node: 'idList1044_'
             +-[COLON] Node: ':'
             |  \-[IDENT] Node: 'idList1045_'
             +-[COLON] Node: ':'
             |  \-[IDENT] Node: 'idList1046_'
             +-[COLON] Node: ':'
             |  \-[IDENT] Node: 'idList1047_'
             +-[COLON] Node: ':'
             |  \-[IDENT] Node: 'idList1048_'
             +-[COLON] Node: ':'
             |  \-[IDENT] Node: 'idList1049_'
             +-[COLON] Node: ':'
             |  \-[IDENT] Node: 'idList1050_'
             +-[COLON] Node: ':'
             |  \-[IDENT] Node: 'idList1051_'
             +-[COLON] Node: ':'
             |  \-[IDENT] Node: 'idList1052_'
             +-[COLON] Node: ':'
             |  \-[IDENT] Node: 'idList1053_'
             +-[COLON] Node: ':'
             |  \-[IDENT] Node: 'idList1054_'
             +-[COLON] Node: ':'
             |  \-[IDENT] Node: 'idList1055_'
             +-[COLON] Node: ':'
             |  \-[IDENT] Node: 'idList1056_'
             +-[COLON] Node: ':'
             |  \-[IDENT] Node: 'idList1057_'
             +-[COLON] Node: ':'
             |  \-[IDENT] Node: 'idList1058_'
             +-[COLON] Node: ':'
             |  \-[IDENT] Node: 'idList1059_'
             +-[COLON] Node: ':'
             |  \-[IDENT] Node: 'idList1060_'
             +-[COLON] Node: ':'
             |  \-[IDENT] Node: 'idList1061_'
             +-[COLON] Node: ':'
             |  \-[IDENT] Node: 'idList1062_'
             +-[COLON] Node: ':'
             |  \-[IDENT] Node: 'idList1063_'
             +-[COLON] Node: ':'
             |  \-[IDENT] Node: 'idList1064_'
             +-[COLON] Node: ':'
             |  \-[IDENT] Node: 'idList1065_'
             +-[COLON] Node: ':'
             |  \-[IDENT] Node: 'idList1066_'
             +-[COLON] Node: ':'
             |  \-[IDENT] Node: 'idList1067_'
             +-[COLON] Node: ':'
             |  \-[IDENT] Node: 'idList1068_'
             +-[COLON] Node: ':'
             |  \-[IDENT] Node: 'idList1069_'
             +-[COLON] Node: ':'
             |  \-[IDENT] Node: 'idList1070_'
             +-[COLON] Node: ':'
             |  \-[IDENT] Node: 'idList1071_'
             +-[COLON] Node: ':'
             |  \-[IDENT] Node: 'idList1072_'
             +-[COLON] Node: ':'
             |  \-[IDENT] Node: 'idList1073_'
             +-[COLON] Node: ':'
             |  \-[IDENT] Node: 'idList1074_'
             +-[COLON] Node: ':'
             |  \-[IDENT] Node: 'idList1075_'
             +-[COLON] Node: ':'
             |  \-[IDENT] Node: 'idList1076_'
             +-[COLON] Node: ':'
             |  \-[IDENT] Node: 'idList1077_'
             +-[COLON] Node: ':'
             |  \-[IDENT] Node: 'idList1078_'
             +-[COLON] Node: ':'
             |  \-[IDENT] Node: 'idList1079_'
             +-[COLON] Node: ':'
             |  \-[IDENT] Node: 'idList1080_'
             +-[COLON] Node: ':'
             |  \-[IDENT] Node: 'idList1081_'
             +-[COLON] Node: ':'
             |  \-[IDENT] Node: 'idList1082_'
             +-[COLON] Node: ':'
             |  \-[IDENT] Node: 'idList1083_'
             +-[COLON] Node: ':'
             |  \-[IDENT] Node: 'idList1084_'
             +-[COLON] Node: ':'
             |  \-[IDENT] Node: 'idList1085_'
             +-[COLON] Node: ':'
             |  \-[IDENT] Node: 'idList1086_'
             +-[COLON] Node: ':'
             |  \-[IDENT] Node: 'idList1087_'
             +-[COLON] Node: ':'
             |  \-[IDENT] Node: 'idList1088_'
             +-[COLON] Node: ':'
             |  \-[IDENT] Node: 'idList1089_'
             +-[COLON] Node: ':'
             |  \-[IDENT] Node: 'idList1090_'
             +-[COLON] Node: ':'
             |  \-[IDENT] Node: 'idList1091_'
             +-[COLON] Node: ':'
             |  \-[IDENT] Node: 'idList1092_'
             +-[COLON] Node: ':'
             |  \-[IDENT] Node: 'idList1093_'
             +-[COLON] Node: ':'
             |  \-[IDENT] Node: 'idList1094_'
             +-[COLON] Node: ':'
             |  \-[IDENT] Node: 'idList1095_'
             +-[COLON] Node: ':'
             |  \-[IDENT] Node: 'idList1096_'
             +-[COLON] Node: ':'
             |  \-[IDENT] Node: 'idList1097_'
             +-[COLON] Node: ':'
             |  \-[IDENT] Node: 'idList1098_'
             +-[COLON] Node: ':'
             |  \-[IDENT] Node: 'idList1099_'
             +-[COLON] Node: ':'
             |  \-[IDENT] Node: 'idList1100_'
             +-[COLON] Node: ':'
             |  \-[IDENT] Node: 'idList1101_'
             +-[COLON] Node: ':'
             |  \-[IDENT] Node: 'idList1102_'
             +-[COLON] Node: ':'
             |  \-[IDENT] Node: 'idList1103_'
             +-[COLON] Node: ':'
             |  \-[IDENT] Node: 'idList1104_'
             +-[COLON] Node: ':'
             |  \-[IDENT] Node: 'idList1105_'
             +-[COLON] Node: ':'
             |  \-[IDENT] Node: 'idList1106_'
             +-[COLON] Node: ':'
             |  \-[IDENT] Node: 'idList1107_'
             +-[COLON] Node: ':'
             |  \-[IDENT] Node: 'idList1108_'
             +-[COLON] Node: ':'
             |  \-[IDENT] Node: 'idList1109_'
             +-[COLON] Node: ':'
             |  \-[IDENT] Node: 'idList1110_'
             +-[COLON] Node: ':'
             |  \-[IDENT] Node: 'idList1111_'
             +-[COLON] Node: ':'
             |  \-[IDENT] Node: 'idList1112_'
             +-[COLON] Node: ':'
             |  \-[IDENT] Node: 'idList1113_'
             +-[COLON] Node: ':'
             |  \-[IDENT] Node: 'idList1114_'
             +-[COLON] Node: ':'
             |  \-[IDENT] Node: 'idList1115_'
             +-[COLON] Node: ':'
             |  \-[IDENT] Node: 'idList1116_'
             +-[COLON] Node: ':'
             |  \-[IDENT] Node: 'idList1117_'
             +-[COLON] Node: ':'
             |  \-[IDENT] Node: 'idList1118_'
             +-[COLON] Node: ':'
             |  \-[IDENT] Node: 'idList1119_'
             +-[COLON] Node: ':'
             |  \-[IDENT] Node: 'idList1120_'
             +-[COLON] Node: ':'
             |  \-[IDENT] Node: 'idList1121_'
             +-[COLON] Node: ':'
             |  \-[IDENT] Node: 'idList1122_'
             +-[COLON] Node: ':'
             |  \-[IDENT] Node: 'idList1123_'
             +-[COLON] Node: ':'
             |  \-[IDENT] Node: 'idList1124_'
             +-[COLON] Node: ':'
             |  \-[IDENT] Node: 'idList1125_'
             +-[COLON] Node: ':'
             |  \-[IDENT] Node: 'idList1126_'
             +-[COLON] Node: ':'
             |  \-[IDENT] Node: 'idList1127_'
             +-[COLON] Node: ':'
             |  \-[IDENT] Node: 'idList1128_'
             +-[COLON] Node: ':'
             |  \-[IDENT] Node: 'idList1129_'
             +-[COLON] Node: ':'
             |  \-[IDENT] Node: 'idList1130_'
             +-[COLON] Node: ':'
             |  \-[IDENT] Node: 'idList1131_'
             +-[COLON] Node: ':'
             |  \-[IDENT] Node: 'idList1132_'
             +-[COLON] Node: ':'
             |  \-[IDENT] Node: 'idList1133_'
             +-[COLON] Node: ':'
             |  \-[IDENT] Node: 'idList1134_'
             +-[COLON] Node: ':'
             |  \-[IDENT] Node: 'idList1135_'
             +-[COLON] Node: ':'
             |  \-[IDENT] Node: 'idList1136_'
             +-[COLON] Node: ':'
             |  \-[IDENT] Node: 'idList1137_'
             +-[COLON] Node: ':'
             |  \-[IDENT] Node: 'idList1138_'
             +-[COLON] Node: ':'
             |  \-[IDENT] Node: 'idList1139_'
             +-[COLON] Node: ':'
             |  \-[IDENT] Node: 'idList1140_'
             +-[COLON] Node: ':'
             |  \-[IDENT] Node: 'idList1141_'
             +-[COLON] Node: ':'
             |  \-[IDENT] Node: 'idList1142_'
             +-[COLON] Node: ':'
             |  \-[IDENT] Node: 'idList1143_'
             +-[COLON] Node: ':'
             |  \-[IDENT] Node: 'idList1144_'
             +-[COLON] Node: ':'
             |  \-[IDENT] Node: 'idList1145_'
             +-[COLON] Node: ':'
             |  \-[IDENT] Node: 'idList1146_'
             +-[COLON] Node: ':'
             |  \-[IDENT] Node: 'idList1147_'
             +-[COLON] Node: ':'
             |  \-[IDENT] Node: 'idList1148_'
             +-[COLON] Node: ':'
             |  \-[IDENT] Node: 'idList1149_'
             +-[COLON] Node: ':'
             |  \-[IDENT] Node: 'idList1150_'
             +-[COLON] Node: ':'
             |  \-[IDENT] Node: 'idList1151_'
             +-[COLON] Node: ':'
             |  \-[IDENT] Node: 'idList1152_'
             +-[COLON] Node: ':'
             |  \-[IDENT] Node: 'idList1153_'
             +-[COLON] Node: ':'
             |  \-[IDENT] Node: 'idList1154_'
             +-[COLON] Node: ':'
             |  \-[IDENT] Node: 'idList1155_'
             +-[COLON] Node: ':'
             |  \-[IDENT] Node: 'idList1156_'
             +-[COLON] Node: ':'
             |  \-[IDENT] Node: 'idList1157_'
             +-[COLON] Node: ':'
             |  \-[IDENT] Node: 'idList1158_'
             +-[COLON] Node: ':'
             |  \-[IDENT] Node: 'idList1159_'
             +-[COLON] Node: ':'
             |  \-[IDENT] Node: 'idList1160_'
             +-[COLON] Node: ':'
             |  \-[IDENT] Node: 'idList1161_'
             +-[COLON] Node: ':'
             |  \-[IDENT] Node: 'idList1162_'
             +-[COLON] Node: ':'
             |  \-[IDENT] Node: 'idList1163_'
             +-[COLON] Node: ':'
             |  \-[IDENT] Node: 'idList1164_'
             +-[COLON] Node: ':'
             |  \-[IDENT] Node: 'idList1165_'
             +-[COLON] Node: ':'
             |  \-[IDENT] Node: 'idList1166_'
             +-[COLON] Node: ':'
             |  \-[IDENT] Node: 'idList1167_'
             +-[COLON] Node: ':'
             |  \-[IDENT] Node: 'idList1168_'
             +-[COLON] Node: ':'
             |  \-[IDENT] Node: 'idList1169_'
             +-[COLON] Node: ':'
             |  \-[IDENT] Node: 'idList1170_'
             +-[COLON] Node: ':'
             |  \-[IDENT] Node: 'idList1171_'
             +-[COLON] Node: ':'
             |  \-[IDENT] Node: 'idList1172_'
             +-[COLON] Node: ':'
             |  \-[IDENT] Node: 'idList1173_'
             +-[COLON] Node: ':'
             |  \-[IDENT] Node: 'idList1174_'
             +-[COLON] Node: ':'
             |  \-[IDENT] Node: 'idList1175_'
             +-[COLON] Node: ':'
             |  \-[IDENT] Node: 'idList1176_'
             +-[COLON] Node: ':'
             |  \-[IDENT] Node: 'idList1177_'
             +-[COLON] Node: ':'
             |  \-[IDENT] Node: 'idList1178_'
             +-[COLON] Node: ':'
             |  \-[IDENT] Node: 'idList1179_'
             +-[COLON] Node: ':'
             |  \-[IDENT] Node: 'idList1180_'
             +-[COLON] Node: ':'
             |  \-[IDENT] Node: 'idList1181_'
             +-[COLON] Node: ':'
             |  \-[IDENT] Node: 'idList1182_'
             +-[COLON] Node: ':'
             |  \-[IDENT] Node: 'idList1183_'
             +-[COLON] Node: ':'
             |  \-[IDENT] Node: 'idList1184_'
             +-[COLON] Node: ':'
             |  \-[IDENT] Node: 'idList1185_'
             +-[COLON] Node: ':'
             |  \-[IDENT] Node: 'idList1186_'
             +-[COLON] Node: ':'
             |  \-[IDENT] Node: 'idList1187_'
             +-[COLON] Node: ':'
             |  \-[IDENT] Node: 'idList1188_'
             +-[COLON] Node: ':'
             |  \-[IDENT] Node: 'idList1189_'
             +-[COLON] Node: ':'
             |  \-[IDENT] Node: 'idList1190_'
             +-[COLON] Node: ':'
             |  \-[IDENT] Node: 'idList1191_'
             +-[COLON] Node: ':'
             |  \-[IDENT] Node: 'idList1192_'
             +-[COLON] Node: ':'
             |  \-[IDENT] Node: 'idList1193_'
             +-[COLON] Node: ':'
             |  \-[IDENT] Node: 'idList1194_'
             +-[COLON] Node: ':'
             |  \-[IDENT] Node: 'idList1195_'
             +-[COLON] Node: ':'
             |  \-[IDENT] Node: 'idList1196_'
             +-[COLON] Node: ':'
             |  \-[IDENT] Node: 'idList1197_'
             +-[COLON] Node: ':'
             |  \-[IDENT] Node: 'idList1198_'
             +-[COLON] Node: ':'
             |  \-[IDENT] Node: 'idList1199_'
             +-[COLON] Node: ':'
             |  \-[IDENT] Node: 'idList1200_'
             +-[COLON] Node: ':'
             |  \-[IDENT] Node: 'idList1201_'
             +-[COLON] Node: ':'
             |  \-[IDENT] Node: 'idList1202_'
             +-[COLON] Node: ':'
             |  \-[IDENT] Node: 'idList1203_'
             +-[COLON] Node: ':'
             |  \-[IDENT] Node: 'idList1204_'
             +-[COLON] Node: ':'
             |  \-[IDENT] Node: 'idList1205_'
             +-[COLON] Node: ':'
             |  \-[IDENT] Node: 'idList1206_'
             +-[COLON] Node: ':'
             |  \-[IDENT] Node: 'idList1207_'
             +-[COLON] Node: ':'
             |  \-[IDENT] Node: 'idList1208_'
             +-[COLON] Node: ':'
             |  \-[IDENT] Node: 'idList1209_'
             +-[COLON] Node: ':'
             |  \-[IDENT] Node: 'idList1210_'
             +-[COLON] Node: ':'
             |  \-[IDENT] Node: 'idList1211_'
             +-[COLON] Node: ':'
             |  \-[IDENT] Node: 'idList1212_'
             +-[COLON] Node: ':'
             |  \-[IDENT] Node: 'idList1213_'
             +-[COLON] Node: ':'
             |  \-[IDENT] Node: 'idList1214_'
             +-[COLON] Node: ':'
             |  \-[IDENT] Node: 'idList1215_'
             +-[COLON] Node: ':'
             |  \-[IDENT] Node: 'idList1216_'
             +-[COLON] Node: ':'
             |  \-[IDENT] Node: 'idList1217_'
             +-[COLON] Node: ':'
             |  \-[IDENT] Node: 'idList1218_'
             +-[COLON] Node: ':'
             |  \-[IDENT] Node: 'idList1219_'
             +-[COLON] Node: ':'
             |  \-[IDENT] Node: 'idList1220_'
             +-[COLON] Node: ':'
             |  \-[IDENT] Node: 'idList1221_'
             +-[COLON] Node: ':'
             |  \-[IDENT] Node: 'idList1222_'
             +-[COLON] Node: ':'
             |  \-[IDENT] Node: 'idList1223_'
             +-[COLON] Node: ':'
             |  \-[IDENT] Node: 'idList1224_'
             +-[COLON] Node: ':'
             |  \-[IDENT] Node: 'idList1225_'
             +-[COLON] Node: ':'
             |  \-[IDENT] Node: 'idList1226_'
             +-[COLON] Node: ':'
             |  \-[IDENT] Node: 'idList1227_'
             +-[COLON] Node: ':'
             |  \-[IDENT] Node: 'idList1228_'
             +-[COLON] Node: ':'
             |  \-[IDENT] Node: 'idList1229_'
             +-[COLON] Node: ':'
             |  \-[IDENT] Node: 'idList1230_'
             +-[COLON] Node: ':'
             |  \-[IDENT] Node: 'idList1231_'
             +-[COLON] Node: ':'
             |  \-[IDENT] Node: 'idList1232_'
             +-[COLON] Node: ':'
             |  \-[IDENT] Node: 'idList1233_'
             +-[COLON] Node: ':'
             |  \-[IDENT] Node: 'idList1234_'
             +-[COLON] Node: ':'
             |  \-[IDENT] Node: 'idList1235_'
             +-[COLON] Node: ':'
             |  \-[IDENT] Node: 'idList1236_'
             +-[COLON] Node: ':'
             |  \-[IDENT] Node: 'idList1237_'
             +-[COLON] Node: ':'
             |  \-[IDENT] Node: 'idList1238_'
             +-[COLON] Node: ':'
             |  \-[IDENT] Node: 'idList1239_'
             +-[COLON] Node: ':'
             |  \-[IDENT] Node: 'idList1240_'
             +-[COLON] Node: ':'
             |  \-[IDENT] Node: 'idList1241_'
             +-[COLON] Node: ':'
             |  \-[IDENT] Node: 'idList1242_'
             +-[COLON] Node: ':'
             |  \-[IDENT] Node: 'idList1243_'
             +-[COLON] Node: ':'
             |  \-[IDENT] Node: 'idList1244_'
             +-[COLON] Node: ':'
             |  \-[IDENT] Node: 'idList1245_'
             +-[COLON] Node: ':'
             |  \-[IDENT] Node: 'idList1246_'
             +-[COLON] Node: ':'
             |  \-[IDENT] Node: 'idList1247_'
             +-[COLON] Node: ':'
             |  \-[IDENT] Node: 'idList1248_'
             +-[COLON] Node: ':'
             |  \-[IDENT] Node: 'idList1249_'
             +-[COLON] Node: ':'
             |  \-[IDENT] Node: 'idList1250_'
             +-[COLON] Node: ':'
             |  \-[IDENT] Node: 'idList1251_'
             +-[COLON] Node: ':'
             |  \-[IDENT] Node: 'idList1252_'
             +-[COLON] Node: ':'
             |  \-[IDENT] Node: 'idList1253_'
             +-[COLON] Node: ':'
             |  \-[IDENT] Node: 'idList1254_'
             +-[COLON] Node: ':'
             |  \-[IDENT] Node: 'idList1255_'
             +-[COLON] Node: ':'
             |  \-[IDENT] Node: 'idList1256_'
             +-[COLON] Node: ':'
             |  \-[IDENT] Node: 'idList1257_'
             +-[COLON] Node: ':'
             |  \-[IDENT] Node: 'idList1258_'
             +-[COLON] Node: ':'
             |  \-[IDENT] Node: 'idList1259_'
             +-[COLON] Node: ':'
             |  \-[IDENT] Node: 'idList1260_'
             +-[COLON] Node: ':'
             |  \-[IDENT] Node: 'idList1261_'
             +-[COLON] Node: ':'
             |  \-[IDENT] Node: 'idList1262_'
             +-[COLON] Node: ':'
             |  \-[IDENT] Node: 'idList1263_'
             +-[COLON] Node: ':'
             |  \-[IDENT] Node: 'idList1264_'
             +-[COLON] Node: ':'
             |  \-[IDENT] Node: 'idList1265_'
             +-[COLON] Node: ':'
             |  \-[IDENT] Node: 'idList1266_'
             +-[COLON] Node: ':'
             |  \-[IDENT] Node: 'idList1267_'
             +-[COLON] Node: ':'
             |  \-[IDENT] Node: 'idList1268_'
             +-[COLON] Node: ':'
             |  \-[IDENT] Node: 'idList1269_'
             +-[COLON] Node: ':'
             |  \-[IDENT] Node: 'idList1270_'
             +-[COLON] Node: ':'
             |  \-[IDENT] Node: 'idList1271_'
             +-[COLON] Node: ':'
             |  \-[IDENT] Node: 'idList1272_'
             +-[COLON] Node: ':'
             |  \-[IDENT] Node: 'idList1273_'
             +-[COLON] Node: ':'
             |  \-[IDENT] Node: 'idList1274_'
             +-[COLON] Node: ':'
             |  \-[IDENT] Node: 'idList1275_'
             +-[COLON] Node: ':'
             |  \-[IDENT] Node: 'idList1276_'
             +-[COLON] Node: ':'
             |  \-[IDENT] Node: 'idList1277_'
             +-[COLON] Node: ':'
             |  \-[IDENT] Node: 'idList1278_'
             +-[COLON] Node: ':'
             |  \-[IDENT] Node: 'idList1279_'
             +-[COLON] Node: ':'
             |  \-[IDENT] Node: 'idList1280_'
             +-[COLON] Node: ':'
             |  \-[IDENT] Node: 'idList1281_'
             +-[COLON] Node: ':'
             |  \-[IDENT] Node: 'idList1282_'
             +-[COLON] Node: ':'
             |  \-[IDENT] Node: 'idList1283_'
             +-[COLON] Node: ':'
             |  \-[IDENT] Node: 'idList1284_'
             +-[COLON] Node: ':'
             |  \-[IDENT] Node: 'idList1285_'
             +-[COLON] Node: ':'
             |  \-[IDENT] Node: 'idList1286_'
             +-[COLON] Node: ':'
             |  \-[IDENT] Node: 'idList1287_'
             +-[COLON] Node: ':'
             |  \-[IDENT] Node: 'idList1288_'
             +-[COLON] Node: ':'
             |  \-[IDENT] Node: 'idList1289_'
             +-[COLON] Node: ':'
             |  \-[IDENT] Node: 'idList1290_'
             +-[COLON] Node: ':'
             |  \-[IDENT] Node: 'idList1291_'
             +-[COLON] Node: ':'
             |  \-[IDENT] Node: 'idList1292_'
             +-[COLON] Node: ':'
             |  \-[IDENT] Node: 'idList1293_'
             +-[COLON] Node: ':'
             |  \-[IDENT] Node: 'idList1294_'
             +-[COLON] Node: ':'
             |  \-[IDENT] Node: 'idList1295_'
             +-[COLON] Node: ':'
             |  \-[IDENT] Node: 'idList1296_'
             +-[COLON] Node: ':'
             |  \-[IDENT] Node: 'idList1297_'
             +-[COLON] Node: ':'
             |  \-[IDENT] Node: 'idList1298_'
             +-[COLON] Node: ':'
             |  \-[IDENT] Node: 'idList1299_'
             +-[COLON] Node: ':'
             |  \-[IDENT] Node: 'idList1300_'
             +-[COLON] Node: ':'
             |  \-[IDENT] Node: 'idList1301_'
             +-[COLON] Node: ':'
             |  \-[IDENT] Node: 'idList1302_'
             +-[COLON] Node: ':'
             |  \-[IDENT] Node: 'idList1303_'
             +-[COLON] Node: ':'
             |  \-[IDENT] Node: 'idList1304_'
             +-[COLON] Node: ':'
             |  \-[IDENT] Node: 'idList1305_'
             +-[COLON] Node: ':'
             |  \-[IDENT] Node: 'idList1306_'
             +-[COLON] Node: ':'
             |  \-[IDENT] Node: 'idList1307_'
             +-[COLON] Node: ':'
             |  \-[IDENT] Node: 'idList1308_'
             +-[COLON] Node: ':'
             |  \-[IDENT] Node: 'idList1309_'
             +-[COLON] Node: ':'
             |  \-[IDENT] Node: 'idList1310_'
             +-[COLON] Node: ':'
             |  \-[IDENT] Node: 'idList1311_'
             +-[COLON] Node: ':'
             |  \-[IDENT] Node: 'idList1312_'
             +-[COLON] Node: ':'
             |  \-[IDENT] Node: 'idList1313_'
             +-[COLON] Node: ':'
             |  \-[IDENT] Node: 'idList1314_'
             +-[COLON] Node: ':'
             |  \-[IDENT] Node: 'idList1315_'
             +-[COLON] Node: ':'
             |  \-[IDENT] Node: 'idList1316_'
             +-[COLON] Node: ':'
             |  \-[IDENT] Node: 'idList1317_'
             +-[COLON] Node: ':'
             |  \-[IDENT] Node: 'idList1318_'
             +-[COLON] Node: ':'
             |  \-[IDENT] Node: 'idList1319_'
             +-[COLON] Node: ':'
             |  \-[IDENT] Node: 'idList1320_'
             +-[COLON] Node: ':'
             |  \-[IDENT] Node: 'idList1321_'
             +-[COLON] Node: ':'
             |  \-[IDENT] Node: 'idList1322_'
             +-[COLON] Node: ':'
             |  \-[IDENT] Node: 'idList1323_'
             +-[COLON] Node: ':'
             |  \-[IDENT] Node: 'idList1324_'
             +-[COLON] Node: ':'
             |  \-[IDENT] Node: 'idList1325_'
             +-[COLON] Node: ':'
             |  \-[IDENT] Node: 'idList1326_'
             +-[COLON] Node: ':'
             |  \-[IDENT] Node: 'idList1327_'
             +-[COLON] Node: ':'
             |  \-[IDENT] Node: 'idList1328_'
             +-[COLON] Node: ':'
             |  \-[IDENT] Node: 'idList1329_'
             +-[COLON] Node: ':'
             |  \-[IDENT] Node: 'idList1330_'
             +-[COLON] Node: ':'
             |  \-[IDENT] Node: 'idList1331_'
             +-[COLON] Node: ':'
             |  \-[IDENT] Node: 'idList1332_'
             +-[COLON] Node: ':'
             |  \-[IDENT] Node: 'idList1333_'
             +-[COLON] Node: ':'
             |  \-[IDENT] Node: 'idList1334_'
             +-[COLON] Node: ':'
             |  \-[IDENT] Node: 'idList1335_'
             +-[COLON] Node: ':'
             |  \-[IDENT] Node: 'idList1336_'
             +-[COLON] Node: ':'
             |  \-[IDENT] Node: 'idList1337_'
             +-[COLON] Node: ':'
             |  \-[IDENT] Node: 'idList1338_'
             +-[COLON] Node: ':'
             |  \-[IDENT] Node: 'idList1339_'
             +-[COLON] Node: ':'
             |  \-[IDENT] Node: 'idList1340_'
             +-[COLON] Node: ':'
             |  \-[IDENT] Node: 'idList1341_'
             +-[COLON] Node: ':'
             |  \-[IDENT] Node: 'idList1342_'
             +-[COLON] Node: ':'
             |  \-[IDENT] Node: 'idList1343_'
             +-[COLON] Node: ':'
             |  \-[IDENT] Node: 'idList1344_'
             +-[COLON] Node: ':'
             |  \-[IDENT] Node: 'idList1345_'
             +-[COLON] Node: ':'
             |  \-[IDENT] Node: 'idList1346_'
             +-[COLON] Node: ':'
             |  \-[IDENT] Node: 'idList1347_'
             +-[COLON] Node: ':'
             |  \-[IDENT] Node: 'idList1348_'
             +-[COLON] Node: ':'
             |  \-[IDENT] Node: 'idList1349_'
             +-[COLON] Node: ':'
             |  \-[IDENT] Node: 'idList1350_'
             +-[COLON] Node: ':'
             |  \-[IDENT] Node: 'idList1351_'
             +-[COLON] Node: ':'
             |  \-[IDENT] Node: 'idList1352_'
             +-[COLON] Node: ':'
             |  \-[IDENT] Node: 'idList1353_'
             +-[COLON] Node: ':'
             |  \-[IDENT] Node: 'idList1354_'
             +-[COLON] Node: ':'
             |  \-[IDENT] Node: 'idList1355_'
             +-[COLON] Node: ':'
             |  \-[IDENT] Node: 'idList1356_'
             +-[COLON] Node: ':'
             |  \-[IDENT] Node: 'idList1357_'
             +-[COLON] Node: ':'
             |  \-[IDENT] Node: 'idList1358_'
             +-[COLON] Node: ':'
             |  \-[IDENT] Node: 'idList1359_'
             +-[COLON] Node: ':'
             |  \-[IDENT] Node: 'idList1360_'
             +-[COLON] Node: ':'
             |  \-[IDENT] Node: 'idList1361_'
             +-[COLON] Node: ':'
             |  \-[IDENT] Node: 'idList1362_'
             +-[COLON] Node: ':'
             |  \-[IDENT] Node: 'idList1363_'
             +-[COLON] Node: ':'
             |  \-[IDENT] Node: 'idList1364_'
             +-[COLON] Node: ':'
             |  \-[IDENT] Node: 'idList1365_'
             +-[COLON] Node: ':'
             |  \-[IDENT] Node: 'idList1366_'
             +-[COLON] Node: ':'
             |  \-[IDENT] Node: 'idList1367_'
             +-[COLON] Node: ':'
             |  \-[IDENT] Node: 'idList1368_'
             +-[COLON] Node: ':'
             |  \-[IDENT] Node: 'idList1369_'
             +-[COLON] Node: ':'
             |  \-[IDENT] Node: 'idList1370_'
             +-[COLON] Node: ':'
             |  \-[IDENT] Node: 'idList1371_'
             +-[COLON] Node: ':'
             |  \-[IDENT] Node: 'idList1372_'
             +-[COLON] Node: ':'
             |  \-[IDENT] Node: 'idList1373_'
             +-[COLON] Node: ':'
             |  \-[IDENT] Node: 'idList1374_'
             +-[COLON] Node: ':'
             |  \-[IDENT] Node: 'idList1375_'
             +-[COLON] Node: ':'
             |  \-[IDENT] Node: 'idList1376_'
             +-[COLON] Node: ':'
             |  \-[IDENT] Node: 'idList1377_'
             +-[COLON] Node: ':'
             |  \-[IDENT] Node: 'idList1378_'
             +-[COLON] Node: ':'
             |  \-[IDENT] Node: 'idList1379_'
             +-[COLON] Node: ':'
             |  \-[IDENT] Node: 'idList1380_'
             +-[COLON] Node: ':'
             |  \-[IDENT] Node: 'idList1381_'
             +-[COLON] Node: ':'
             |  \-[IDENT] Node: 'idList1382_'
             +-[COLON] Node: ':'
             |  \-[IDENT] Node: 'idList1383_'
             +-[COLON] Node: ':'
             |  \-[IDENT] Node: 'idList1384_'
             +-[COLON] Node: ':'
             |  \-[IDENT] Node: 'idList1385_'
             +-[COLON] Node: ':'
             |  \-[IDENT] Node: 'idList1386_'
             +-[COLON] Node: ':'
             |  \-[IDENT] Node: 'idList1387_'
             +-[COLON] Node: ':'
             |  \-[IDENT] Node: 'idList1388_'
             +-[COLON] Node: ':'
             |  \-[IDENT] Node: 'idList1389_'
             +-[COLON] Node: ':'
             |  \-[IDENT] Node: 'idList1390_'
             +-[COLON] Node: ':'
             |  \-[IDENT] Node: 'idList1391_'
             +-[COLON] Node: ':'
             |  \-[IDENT] Node: 'idList1392_'
             +-[COLON] Node: ':'
             |  \-[IDENT] Node: 'idList1393_'
             +-[COLON] Node: ':'
             |  \-[IDENT] Node: 'idList1394_'
             +-[COLON] Node: ':'
             |  \-[IDENT] Node: 'idList1395_'
             +-[COLON] Node: ':'
             |  \-[IDENT] Node: 'idList1396_'
             +-[COLON] Node: ':'
             |  \-[IDENT] Node: 'idList1397_'
             +-[COLON] Node: ':'
             |  \-[IDENT] Node: 'idList1398_'
             +-[COLON] Node: ':'
             |  \-[IDENT] Node: 'idList1399_'
             +-[COLON] Node: ':'
             |  \-[IDENT] Node: 'idList1400_'
             +-[COLON] Node: ':'
             |  \-[IDENT] Node: 'idList1401_'
             +-[COLON] Node: ':'
             |  \-[IDENT] Node: 'idList1402_'
             +-[COLON] Node: ':'
             |  \-[IDENT] Node: 'idList1403_'
             +-[COLON] Node: ':'
             |  \-[IDENT] Node: 'idList1404_'
             +-[COLON] Node: ':'
             |  \-[IDENT] Node: 'idList1405_'
             +-[COLON] Node: ':'
             |  \-[IDENT] Node: 'idList1406_'
             +-[COLON] Node: ':'
             |  \-[IDENT] Node: 'idList1407_'
             +-[COLON] Node: ':'
             |  \-[IDENT] Node: 'idList1408_'
             +-[COLON] Node: ':'
             |  \-[IDENT] Node: 'idList1409_'
             +-[COLON] Node: ':'
             |  \-[IDENT] Node: 'idList1410_'
             +-[COLON] Node: ':'
             |  \-[IDENT] Node: 'idList1411_'
             +-[COLON] Node: ':'
             |  \-[IDENT] Node: 'idList1412_'
             +-[COLON] Node: ':'
             |  \-[IDENT] Node: 'idList1413_'
             +-[COLON] Node: ':'
             |  \-[IDENT] Node: 'idList1414_'
             +-[COLON] Node: ':'
             |  \-[IDENT] Node: 'idList1415_'
             +-[COLON] Node: ':'
             |  \-[IDENT] Node: 'idList1416_'
             +-[COLON] Node: ':'
             |  \-[IDENT] Node: 'idList1417_'
             +-[COLON] Node: ':'
             |  \-[IDENT] Node: 'idList1418_'
             +-[COLON] Node: ':'
             |  \-[IDENT] Node: 'idList1419_'
             +-[COLON] Node: ':'
             |  \-[IDENT] Node: 'idList1420_'
             +-[COLON] Node: ':'
             |  \-[IDENT] Node: 'idList1421_'
             +-[COLON] Node: ':'
             |  \-[IDENT] Node: 'idList1422_'
             +-[COLON] Node: ':'
             |  \-[IDENT] Node: 'idList1423_'
             +-[COLON] Node: ':'
             |  \-[IDENT] Node: 'idList1424_'
             +-[COLON] Node: ':'
             |  \-[IDENT] Node: 'idList1425_'
             +-[COLON] Node: ':'
             |  \-[IDENT] Node: 'idList1426_'
             +-[COLON] Node: ':'
             |  \-[IDENT] Node: 'idList1427_'
             +-[COLON] Node: ':'
             |  \-[IDENT] Node: 'idList1428_'
             +-[COLON] Node: ':'
             |  \-[IDENT] Node: 'idList1429_'
             +-[COLON] Node: ':'
             |  \-[IDENT] Node: 'idList1430_'
             +-[COLON] Node: ':'
             |  \-[IDENT] Node: 'idList1431_'
             +-[COLON] Node: ':'
             |  \-[IDENT] Node: 'idList1432_'
             +-[COLON] Node: ':'
             |  \-[IDENT] Node: 'idList1433_'
             +-[COLON] Node: ':'
             |  \-[IDENT] Node: 'idList1434_'
             +-[COLON] Node: ':'
             |  \-[IDENT] Node: 'idList1435_'
             +-[COLON] Node: ':'
             |  \-[IDENT] Node: 'idList1436_'
             +-[COLON] Node: ':'
             |  \-[IDENT] Node: 'idList1437_'
             +-[COLON] Node: ':'
             |  \-[IDENT] Node: 'idList1438_'
             +-[COLON] Node: ':'
             |  \-[IDENT] Node: 'idList1439_'
             +-[COLON] Node: ':'
             |  \-[IDENT] Node: 'idList1440_'
             +-[COLON] Node: ':'
             |  \-[IDENT] Node: 'idList1441_'
             +-[COLON] Node: ':'
             |  \-[IDENT] Node: 'idList1442_'
             +-[COLON] Node: ':'
             |  \-[IDENT] Node: 'idList1443_'
             +-[COLON] Node: ':'
             |  \-[IDENT] Node: 'idList1444_'
             +-[COLON] Node: ':'
             |  \-[IDENT] Node: 'idList1445_'
             +-[COLON] Node: ':'
             |  \-[IDENT] Node: 'idList1446_'
             +-[COLON] Node: ':'
             |  \-[IDENT] Node: 'idList1447_'
             +-[COLON] Node: ':'
             |  \-[IDENT] Node: 'idList1448_'
             +-[COLON] Node: ':'
             |  \-[IDENT] Node: 'idList1449_'
             +-[COLON] Node: ':'
             |  \-[IDENT] Node: 'idList1450_'
             +-[COLON] Node: ':'
             |  \-[IDENT] Node: 'idList1451_'
             +-[COLON] Node: ':'
             |  \-[IDENT] Node: 'idList1452_'
             +-[COLON] Node: ':'
             |  \-[IDENT] Node: 'idList1453_'
             +-[COLON] Node: ':'
             |  \-[IDENT] Node: 'idList1454_'
             +-[COLON] Node: ':'
             |  \-[IDENT] Node: 'idList1455_'
             +-[COLON] Node: ':'
             |  \-[IDENT] Node: 'idList1456_'
             +-[COLON] Node: ':'
             |  \-[IDENT] Node: 'idList1457_'
             +-[COLON] Node: ':'
             |  \-[IDENT] Node: 'idList1458_'
             +-[COLON] Node: ':'
             |  \-[IDENT] Node: 'idList1459_'
             +-[COLON] Node: ':'
             |  \-[IDENT] Node: 'idList1460_'
             +-[COLON] Node: ':'
             |  \-[IDENT] Node: 'idList1461_'
             +-[COLON] Node: ':'
             |  \-[IDENT] Node: 'idList1462_'
             +-[COLON] Node: ':'
             |  \-[IDENT] Node: 'idList1463_'
             +-[COLON] Node: ':'
             |  \-[IDENT] Node: 'idList1464_'
             +-[COLON] Node: ':'
             |  \-[IDENT] Node: 'idList1465_'
             +-[COLON] Node: ':'
             |  \-[IDENT] Node: 'idList1466_'
             +-[COLON] Node: ':'
             |  \-[IDENT] Node: 'idList1467_'
             +-[COLON] Node: ':'
             |  \-[IDENT] Node: 'idList1468_'
             +-[COLON] Node: ':'
             |  \-[IDENT] Node: 'idList1469_'
             +-[COLON] Node: ':'
             |  \-[IDENT] Node: 'idList1470_'
             +-[COLON] Node: ':'
             |  \-[IDENT] Node: 'idList1471_'
             +-[COLON] Node: ':'
             |  \-[IDENT] Node: 'idList1472_'
             +-[COLON] Node: ':'
             |  \-[IDENT] Node: 'idList1473_'
             +-[COLON] Node: ':'
             |  \-[IDENT] Node: 'idList1474_'
             +-[COLON] Node: ':'
             |  \-[IDENT] Node: 'idList1475_'
             +-[COLON] Node: ':'
             |  \-[IDENT] Node: 'idList1476_'
             +-[COLON] Node: ':'
             |  \-[IDENT] Node: 'idList1477_'
             +-[COLON] Node: ':'
             |  \-[IDENT] Node: 'idList1478_'
             +-[COLON] Node: ':'
             |  \-[IDENT] Node: 'idList1479_'
             +-[COLON] Node: ':'
             |  \-[IDENT] Node: 'idList1480_'
             +-[COLON] Node: ':'
             |  \-[IDENT] Node: 'idList1481_'
             +-[COLON] Node: ':'
             |  \-[IDENT] Node: 'idList1482_'
             +-[COLON] Node: ':'
             |  \-[IDENT] Node: 'idList1483_'
             +-[COLON] Node: ':'
             |  \-[IDENT] Node: 'idList1484_'
             +-[COLON] Node: ':'
             |  \-[IDENT] Node: 'idList1485_'
             +-[COLON] Node: ':'
             |  \-[IDENT] Node: 'idList1486_'
             +-[COLON] Node: ':'
             |  \-[IDENT] Node: 'idList1487_'
             +-[COLON] Node: ':'
             |  \-[IDENT] Node: 'idList1488_'
             +-[COLON] Node: ':'
             |  \-[IDENT] Node: 'idList1489_'
             +-[COLON] Node: ':'
             |  \-[IDENT] Node: 'idList1490_'
             +-[COLON] Node: ':'
             |  \-[IDENT] Node: 'idList1491_'
             +-[COLON] Node: ':'
             |  \-[IDENT] Node: 'idList1492_'
             +-[COLON] Node: ':'
             |  \-[IDENT] Node: 'idList1493_'
             +-[COLON] Node: ':'
             |  \-[IDENT] Node: 'idList1494_'
             +-[COLON] Node: ':'
             |  \-[IDENT] Node: 'idList1495_'
             +-[COLON] Node: ':'
             |  \-[IDENT] Node: 'idList1496_'
             +-[COLON] Node: ':'
             |  \-[IDENT] Node: 'idList1497_'
             +-[COLON] Node: ':'
             |  \-[IDENT] Node: 'idList1498_'
             +-[COLON] Node: ':'
             |  \-[IDENT] Node: 'idList1499_'
             +-[COLON] Node: ':'
             |  \-[IDENT] Node: 'idList1500_'
             +-[COLON] Node: ':'
             |  \-[IDENT] Node: 'idList1501_'
             +-[COLON] Node: ':'
             |  \-[IDENT] Node: 'idList1502_'
             +-[COLON] Node: ':'
             |  \-[IDENT] Node: 'idList1503_'
             +-[COLON] Node: ':'
             |  \-[IDENT] Node: 'idList1504_'
             +-[COLON] Node: ':'
             |  \-[IDENT] Node: 'idList1505_'
             +-[COLON] Node: ':'
             |  \-[IDENT] Node: 'idList1506_'
             +-[COLON] Node: ':'
             |  \-[IDENT] Node: 'idList1507_'
             +-[COLON] Node: ':'
             |  \-[IDENT] Node: 'idList1508_'
             +-[COLON] Node: ':'
             |  \-[IDENT] Node: 'idList1509_'
             +-[COLON] Node: ':'
             |  \-[IDENT] Node: 'idList1510_'
             +-[COLON] Node: ':'
             |  \-[IDENT] Node: 'idList1511_'
             +-[COLON] Node: ':'
             |  \-[IDENT] Node: 'idList1512_'
             +-[COLON] Node: ':'
             |  \-[IDENT] Node: 'idList1513_'
             +-[COLON] Node: ':'
             |  \-[IDENT] Node: 'idList1514_'
             +-[COLON] Node: ':'
             |  \-[IDENT] Node: 'idList1515_'
             +-[COLON] Node: ':'
             |  \-[IDENT] Node: 'idList1516_'
             +-[COLON] Node: ':'
             |  \-[IDENT] Node: 'idList1517_'
             +-[COLON] Node: ':'
             |  \-[IDENT] Node: 'idList1518_'
             +-[COLON] Node: ':'
             |  \-[IDENT] Node: 'idList1519_'
             +-[COLON] Node: ':'
             |  \-[IDENT] Node: 'idList1520_'
             +-[COLON] Node: ':'
             |  \-[IDENT] Node: 'idList1521_'
             +-[COLON] Node: ':'
             |  \-[IDENT] Node: 'idList1522_'
             +-[COLON] Node: ':'
             |  \-[IDENT] Node: 'idList1523_'
             +-[COLON] Node: ':'
             |  \-[IDENT] Node: 'idList1524_'
             +-[COLON] Node: ':'
             |  \-[IDENT] Node: 'idList1525_'
             +-[COLON] Node: ':'
             |  \-[IDENT] Node: 'idList1526_'
             +-[COLON] Node: ':'
             |  \-[IDENT] Node: 'idList1527_'
             +-[COLON] Node: ':'
             |  \-[IDENT] Node: 'idList1528_'
             +-[COLON] Node: ':'
             |  \-[IDENT] Node: 'idList1529_'
             +-[COLON] Node: ':'
             |  \-[IDENT] Node: 'idList1530_'
             +-[COLON] Node: ':'
             |  \-[IDENT] Node: 'idList1531_'
             +-[COLON] Node: ':'
             |  \-[IDENT] Node: 'idList1532_'
             +-[COLON] Node: ':'
             |  \-[IDENT] Node: 'idList1533_'
             +-[COLON] Node: ':'
             |  \-[IDENT] Node: 'idList1534_'
             +-[COLON] Node: ':'
             |  \-[IDENT] Node: 'idList1535_'
             +-[COLON] Node: ':'
             |  \-[IDENT] Node: 'idList1536_'
             +-[COLON] Node: ':'
             |  \-[IDENT] Node: 'idList1537_'
             +-[COLON] Node: ':'
             |  \-[IDENT] Node: 'idList1538_'
             +-[COLON] Node: ':'
             |  \-[IDENT] Node: 'idList1539_'
             +-[COLON] Node: ':'
             |  \-[IDENT] Node: 'idList1540_'
             +-[COLON] Node: ':'
             |  \-[IDENT] Node: 'idList1541_'
             +-[COLON] Node: ':'
             |  \-[IDENT] Node: 'idList1542_'
             +-[COLON] Node: ':'
             |  \-[IDENT] Node: 'idList1543_'
             +-[COLON] Node: ':'
             |  \-[IDENT] Node: 'idList1544_'
             +-[COLON] Node: ':'
             |  \-[IDENT] Node: 'idList1545_'
             +-[COLON] Node: ':'
             |  \-[IDENT] Node: 'idList1546_'
             +-[COLON] Node: ':'
             |  \-[IDENT] Node: 'idList1547_'
             +-[COLON] Node: ':'
             |  \-[IDENT] Node: 'idList1548_'
             +-[COLON] Node: ':'
             |  \-[IDENT] Node: 'idList1549_'
             +-[COLON] Node: ':'
             |  \-[IDENT] Node: 'idList1550_'
             +-[COLON] Node: ':'
             |  \-[IDENT] Node: 'idList1551_'
             +-[COLON] Node: ':'
             |  \-[IDENT] Node: 'idList1552_'
             +-[COLON] Node: ':'
             |  \-[IDENT] Node: 'idList1553_'
             +-[COLON] Node: ':'
             |  \-[IDENT] Node: 'idList1554_'
             +-[COLON] Node: ':'
             |  \-[IDENT] Node: 'idList1555_'
             +-[COLON] Node: ':'
             |  \-[IDENT] Node: 'idList1556_'
             +-[COLON] Node: ':'
             |  \-[IDENT] Node: 'idList1557_'
             +-[COLON] Node: ':'
             |  \-[IDENT] Node: 'idList1558_'
             +-[COLON] Node: ':'
             |  \-[IDENT] Node: 'idList1559_'
             +-[COLON] Node: ':'
             |  \-[IDENT] Node: 'idList1560_'
             +-[COLON] Node: ':'
             |  \-[IDENT] Node: 'idList1561_'
             +-[COLON] Node: ':'
             |  \-[IDENT] Node: 'idList1562_'
             +-[COLON] Node: ':'
             |  \-[IDENT] Node: 'idList1563_'
             +-[COLON] Node: ':'
             |  \-[IDENT] Node: 'idList1564_'
             +-[COLON] Node: ':'
             |  \-[IDENT] Node: 'idList1565_'
             +-[COLON] Node: ':'
             |  \-[IDENT] Node: 'idList1566_'
             +-[COLON] Node: ':'
             |  \-[IDENT] Node: 'idList1567_'
             +-[COLON] Node: ':'
             |  \-[IDENT] Node: 'idList1568_'
             +-[COLON] Node: ':'
             |  \-[IDENT] Node: 'idList1569_'
             +-[COLON] Node: ':'
             |  \-[IDENT] Node: 'idList1570_'
             +-[COLON] Node: ':'
             |  \-[IDENT] Node: 'idList1571_'
             +-[COLON] Node: ':'
             |  \-[IDENT] Node: 'idList1572_'
             +-[COLON] Node: ':'
             |  \-[IDENT] Node: 'idList1573_'
             +-[COLON] Node: ':'
             |  \-[IDENT] Node: 'idList1574_'
             +-[COLON] Node: ':'
             |  \-[IDENT] Node: 'idList1575_'
             +-[COLON] Node: ':'
             |  \-[IDENT] Node: 'idList1576_'
             +-[COLON] Node: ':'
             |  \-[IDENT] Node: 'idList1577_'
             +-[COLON] Node: ':'
             |  \-[IDENT] Node: 'idList1578_'
             +-[COLON] Node: ':'
             |  \-[IDENT] Node: 'idList1579_'
             +-[COLON] Node: ':'
             |  \-[IDENT] Node: 'idList1580_'
             +-[COLON] Node: ':'
             |  \-[IDENT] Node: 'idList1581_'
             +-[COLON] Node: ':'
             |  \-[IDENT] Node: 'idList1582_'
             +-[COLON] Node: ':'
             |  \-[IDENT] Node: 'idList1583_'
             +-[COLON] Node: ':'
             |  \-[IDENT] Node: 'idList1584_'
             +-[COLON] Node: ':'
             |  \-[IDENT] Node: 'idList1585_'
             +-[COLON] Node: ':'
             |  \-[IDENT] Node: 'idList1586_'
             +-[COLON] Node: ':'
             |  \-[IDENT] Node: 'idList1587_'
             +-[COLON] Node: ':'
             |  \-[IDENT] Node: 'idList1588_'
             +-[COLON] Node: ':'
             |  \-[IDENT] Node: 'idList1589_'
             +-[COLON] Node: ':'
             |  \-[IDENT] Node: 'idList1590_'
             +-[COLON] Node: ':'
             |  \-[IDENT] Node: 'idList1591_'
             +-[COLON] Node: ':'
             |  \-[IDENT] Node: 'idList1592_'
             +-[COLON] Node: ':'
             |  \-[IDENT] Node: 'idList1593_'
             +-[COLON] Node: ':'
             |  \-[IDENT] Node: 'idList1594_'
             +-[COLON] Node: ':'
             |  \-[IDENT] Node: 'idList1595_'
             +-[COLON] Node: ':'
             |  \-[IDENT] Node: 'idList1596_'
             +-[COLON] Node: ':'
             |  \-[IDENT] Node: 'idList1597_'
             +-[COLON] Node: ':'
             |  \-[IDENT] Node: 'idList1598_'
             +-[COLON] Node: ':'
             |  \-[IDENT] Node: 'idList1599_'
             +-[COLON] Node: ':'
             |  \-[IDENT] Node: 'idList1600_'
             +-[COLON] Node: ':'
             |  \-[IDENT] Node: 'idList1601_'
             +-[COLON] Node: ':'
             |  \-[IDENT] Node: 'idList1602_'
             +-[COLON] Node: ':'
             |  \-[IDENT] Node: 'idList1603_'
             +-[COLON] Node: ':'
             |  \-[IDENT] Node: 'idList1604_'
             +-[COLON] Node: ':'
             |  \-[IDENT] Node: 'idList1605_'
             +-[COLON] Node: ':'
             |  \-[IDENT] Node: 'idList1606_'
             +-[COLON] Node: ':'
             |  \-[IDENT] Node: 'idList1607_'
             +-[COLON] Node: ':'
             |  \-[IDENT] Node: 'idList1608_'
             +-[COLON] Node: ':'
             |  \-[IDENT] Node: 'idList1609_'
             +-[COLON] Node: ':'
             |  \-[IDENT] Node: 'idList1610_'
             +-[COLON] Node: ':'
             |  \-[IDENT] Node: 'idList1611_'
             +-[COLON] Node: ':'
             |  \-[IDENT] Node: 'idList1612_'
             +-[COLON] Node: ':'
             |  \-[IDENT] Node: 'idList1613_'
             +-[COLON] Node: ':'
             |  \-[IDENT] Node: 'idList1614_'
             +-[COLON] Node: ':'
             |  \-[IDENT] Node: 'idList1615_'
             +-[COLON] Node: ':'
             |  \-[IDENT] Node: 'idList1616_'
             +-[COLON] Node: ':'
             |  \-[IDENT] Node: 'idList1617_'
             +-[COLON] Node: ':'
             |  \-[IDENT] Node: 'idList1618_'
             +-[COLON] Node: ':'
             |  \-[IDENT] Node: 'idList1619_'
             +-[COLON] Node: ':'
             |  \-[IDENT] Node: 'idList1620_'
             +-[COLON] Node: ':'
             |  \-[IDENT] Node: 'idList1621_'
             +-[COLON] Node: ':'
             |  \-[IDENT] Node: 'idList1622_'
             +-[COLON] Node: ':'
             |  \-[IDENT] Node: 'idList1623_'
             +-[COLON] Node: ':'
             |  \-[IDENT] Node: 'idList1624_'
             +-[COLON] Node: ':'
             |  \-[IDENT] Node: 'idList1625_'
             +-[COLON] Node: ':'
             |  \-[IDENT] Node: 'idList1626_'
             +-[COLON] Node: ':'
             |  \-[IDENT] Node: 'idList1627_'
             +-[COLON] Node: ':'
             |  \-[IDENT] Node: 'idList1628_'
             +-[COLON] Node: ':'
             |  \-[IDENT] Node: 'idList1629_'
             +-[COLON] Node: ':'
             |  \-[IDENT] Node: 'idList1630_'
             +-[COLON] Node: ':'
             |  \-[IDENT] Node: 'idList1631_'
             +-[COLON] Node: ':'
             |  \-[IDENT] Node: 'idList1632_'
             +-[COLON] Node: ':'
             |  \-[IDENT] Node: 'idList1633_'
             +-[COLON] Node: ':'
             |  \-[IDENT] Node: 'idList1634_'
             +-[COLON] Node: ':'
             |  \-[IDENT] Node: 'idList1635_'
             +-[COLON] Node: ':'
             |  \-[IDENT] Node: 'idList1636_'
             +-[COLON] Node: ':'
             |  \-[IDENT] Node: 'idList1637_'
             +-[COLON] Node: ':'
             |  \-[IDENT] Node: 'idList1638_'
             +-[COLON] Node: ':'
             |  \-[IDENT] Node: 'idList1639_'
             +-[COLON] Node: ':'
             |  \-[IDENT] Node: 'idList1640_'
             +-[COLON] Node: ':'
             |  \-[IDENT] Node: 'idList1641_'
             +-[COLON] Node: ':'
             |  \-[IDENT] Node: 'idList1642_'
             +-[COLON] Node: ':'
             |  \-[IDENT] Node: 'idList1643_'
             +-[COLON] Node: ':'
             |  \-[IDENT] Node: 'idList1644_'
             +-[COLON] Node: ':'
             |  \-[IDENT] Node: 'idList1645_'
             +-[COLON] Node: ':'
             |  \-[IDENT] Node: 'idList1646_'
             +-[COLON] Node: ':'
             |  \-[IDENT] Node: 'idList1647_'
             +-[COLON] Node: ':'
             |  \-[IDENT] Node: 'idList1648_'
             +-[COLON] Node: ':'
             |  \-[IDENT] Node: 'idList1649_'
             +-[COLON] Node: ':'
             |  \-[IDENT] Node: 'idList1650_'
             +-[COLON] Node: ':'
             |  \-[IDENT] Node: 'idList1651_'
             +-[COLON] Node: ':'
             |  \-[IDENT] Node: 'idList1652_'
             +-[COLON] Node: ':'
             |  \-[IDENT] Node: 'idList1653_'
             +-[COLON] Node: ':'
             |  \-[IDENT] Node: 'idList1654_'
             +-[COLON] Node: ':'
             |  \-[IDENT] Node: 'idList1655_'
             +-[COLON] Node: ':'
             |  \-[IDENT] Node: 'idList1656_'
             +-[COLON] Node: ':'
             |  \-[IDENT] Node: 'idList1657_'
             +-[COLON] Node: ':'
             |  \-[IDENT] Node: 'idList1658_'
             +-[COLON] Node: ':'
             |  \-[IDENT] Node: 'idList1659_'
             +-[COLON] Node: ':'
             |  \-[IDENT] Node: 'idList1660_'
             +-[COLON] Node: ':'
             |  \-[IDENT] Node: 'idList1661_'
             +-[COLON] Node: ':'
             |  \-[IDENT] Node: 'idList1662_'
             +-[COLON] Node: ':'
             |  \-[IDENT] Node: 'idList1663_'
             +-[COLON] Node: ':'
             |  \-[IDENT] Node: 'idList1664_'
             +-[COLON] Node: ':'
             |  \-[IDENT] Node: 'idList1665_'
             +-[COLON] Node: ':'
             |  \-[IDENT] Node: 'idList1666_'
             +-[COLON] Node: ':'
             |  \-[IDENT] Node: 'idList1667_'
             +-[COLON] Node: ':'
             |  \-[IDENT] Node: 'idList1668_'
             +-[COLON] Node: ':'
             |  \-[IDENT] Node: 'idList1669_'
             +-[COLON] Node: ':'
             |  \-[IDENT] Node: 'idList1670_'
             +-[COLON] Node: ':'
             |  \-[IDENT] Node: 'idList1671_'
             +-[COLON] Node: ':'
             |  \-[IDENT] Node: 'idList1672_'
             +-[COLON] Node: ':'
             |  \-[IDENT] Node: 'idList1673_'
             +-[COLON] Node: ':'
             |  \-[IDENT] Node: 'idList1674_'
             +-[COLON] Node: ':'
             |  \-[IDENT] Node: 'idList1675_'
             +-[COLON] Node: ':'
             |  \-[IDENT] Node: 'idList1676_'
             +-[COLON] Node: ':'
             |  \-[IDENT] Node: 'idList1677_'
             +-[COLON] Node: ':'
             |  \-[IDENT] Node: 'idList1678_'
             +-[COLON] Node: ':'
             |  \-[IDENT] Node: 'idList1679_'
             +-[COLON] Node: ':'
             |  \-[IDENT] Node: 'idList1680_'
             +-[COLON] Node: ':'
             |  \-[IDENT] Node: 'idList1681_'
             +-[COLON] Node: ':'
             |  \-[IDENT] Node: 'idList1682_'
             +-[COLON] Node: ':'
             |  \-[IDENT] Node: 'idList1683_'
             +-[COLON] Node: ':'
             |  \-[IDENT] Node: 'idList1684_'
             +-[COLON] Node: ':'
             |  \-[IDENT] Node: 'idList1685_'
             +-[COLON] Node: ':'
             |  \-[IDENT] Node: 'idList1686_'
             +-[COLON] Node: ':'
             |  \-[IDENT] Node: 'idList1687_'
             +-[COLON] Node: ':'
             |  \-[IDENT] Node: 'idList1688_'
             +-[COLON] Node: ':'
             |  \-[IDENT] Node: 'idList1689_'
             +-[COLON] Node: ':'
             |  \-[IDENT] Node: 'idList1690_'
             +-[COLON] Node: ':'
             |  \-[IDENT] Node: 'idList1691_'
             +-[COLON] Node: ':'
             |  \-[IDENT] Node: 'idList1692_'
             +-[COLON] Node: ':'
             |  \-[IDENT] Node: 'idList1693_'
             +-[COLON] Node: ':'
             |  \-[IDENT] Node: 'idList1694_'
             +-[COLON] Node: ':'
             |  \-[IDENT] Node: 'idList1695_'
             +-[COLON] Node: ':'
             |  \-[IDENT] Node: 'idList1696_'
             +-[COLON] Node: ':'
             |  \-[IDENT] Node: 'idList1697_'
             +-[COLON] Node: ':'
             |  \-[IDENT] Node: 'idList1698_'
             +-[COLON] Node: ':'
             |  \-[IDENT] Node: 'idList1699_'
             +-[COLON] Node: ':'
             |  \-[IDENT] Node: 'idList1700_'
             +-[COLON] Node: ':'
             |  \-[IDENT] Node: 'idList1701_'
             +-[COLON] Node: ':'
             |  \-[IDENT] Node: 'idList1702_'
             +-[COLON] Node: ':'
             |  \-[IDENT] Node: 'idList1703_'
             +-[COLON] Node: ':'
             |  \-[IDENT] Node: 'idList1704_'
             +-[COLON] Node: ':'
             |  \-[IDENT] Node: 'idList1705_'
             +-[COLON] Node: ':'
             |  \-[IDENT] Node: 'idList1706_'
             +-[COLON] Node: ':'
             |  \-[IDENT] Node: 'idList1707_'
             +-[COLON] Node: ':'
             |  \-[IDENT] Node: 'idList1708_'
             +-[COLON] Node: ':'
             |  \-[IDENT] Node: 'idList1709_'
             +-[COLON] Node: ':'
             |  \-[IDENT] Node: 'idList1710_'
             +-[COLON] Node: ':'
             |  \-[IDENT] Node: 'idList1711_'
             +-[COLON] Node: ':'
             |  \-[IDENT] Node: 'idList1712_'
             +-[COLON] Node: ':'
             |  \-[IDENT] Node: 'idList1713_'
             +-[COLON] Node: ':'
             |  \-[IDENT] Node: 'idList1714_'
             +-[COLON] Node: ':'
             |  \-[IDENT] Node: 'idList1715_'
             +-[COLON] Node: ':'
             |  \-[IDENT] Node: 'idList1716_'
             +-[COLON] Node: ':'
             |  \-[IDENT] Node: 'idList1717_'
             +-[COLON] Node: ':'
             |  \-[IDENT] Node: 'idList1718_'
             +-[COLON] Node: ':'
             |  \-[IDENT] Node: 'idList1719_'
             +-[COLON] Node: ':'
             |  \-[IDENT] Node: 'idList1720_'
             +-[COLON] Node: ':'
             |  \-[IDENT] Node: 'idList1721_'
             +-[COLON] Node: ':'
             |  \-[IDENT] Node: 'idList1722_'
             +-[COLON] Node: ':'
             |  \-[IDENT] Node: 'idList1723_'
             +-[COLON] Node: ':'
             |  \-[IDENT] Node: 'idList1724_'
             +-[COLON] Node: ':'
             |  \-[IDENT] Node: 'idList1725_'
             +-[COLON] Node: ':'
             |  \-[IDENT] Node: 'idList1726_'
             +-[COLON] Node: ':'
             |  \-[IDENT] Node: 'idList1727_'
             +-[COLON] Node: ':'
             |  \-[IDENT] Node: 'idList1728_'
             +-[COLON] Node: ':'
             |  \-[IDENT] Node: 'idList1729_'
             +-[COLON] Node: ':'
             |  \-[IDENT] Node: 'idList1730_'
             +-[COLON] Node: ':'
             |  \-[IDENT] Node: 'idList1731_'
             +-[COLON] Node: ':'
             |  \-[IDENT] Node: 'idList1732_'
             +-[COLON] Node: ':'
             |  \-[IDENT] Node: 'idList1733_'
             +-[COLON] Node: ':'
             |  \-[IDENT] Node: 'idList1734_'
             +-[COLON] Node: ':'
             |  \-[IDENT] Node: 'idList1735_'
             +-[COLON] Node: ':'
             |  \-[IDENT] Node: 'idList1736_'
             +-[COLON] Node: ':'
             |  \-[IDENT] Node: 'idList1737_'
             +-[COLON] Node: ':'
             |  \-[IDENT] Node: 'idList1738_'
             +-[COLON] Node: ':'
             |  \-[IDENT] Node: 'idList1739_'
             +-[COLON] Node: ':'
             |  \-[IDENT] Node: 'idList1740_'
             +-[COLON] Node: ':'
             |  \-[IDENT] Node: 'idList1741_'
             +-[COLON] Node: ':'
             |  \-[IDENT] Node: 'idList1742_'
             +-[COLON] Node: ':'
             |  \-[IDENT] Node: 'idList1743_'
             +-[COLON] Node: ':'
             |  \-[IDENT] Node: 'idList1744_'
             +-[COLON] Node: ':'
             |  \-[IDENT] Node: 'idList1745_'
             +-[COLON] Node: ':'
             |  \-[IDENT] Node: 'idList1746_'
             +-[COLON] Node: ':'
             |  \-[IDENT] Node: 'idList1747_'
             +-[COLON] Node: ':'
             |  \-[IDENT] Node: 'idList1748_'
             +-[COLON] Node: ':'
             |  \-[IDENT] Node: 'idList1749_'
             +-[COLON] Node: ':'
             |  \-[IDENT] Node: 'idList1750_'
             +-[COLON] Node: ':'
             |  \-[IDENT] Node: 'idList1751_'
             +-[COLON] Node: ':'
             |  \-[IDENT] Node: 'idList1752_'
             +-[COLON] Node: ':'
             |  \-[IDENT] Node: 'idList1753_'
             +-[COLON] Node: ':'
             |  \-[IDENT] Node: 'idList1754_'
             +-[COLON] Node: ':'
             |  \-[IDENT] Node: 'idList1755_'
             +-[COLON] Node: ':'
             |  \-[IDENT] Node: 'idList1756_'
             +-[COLON] Node: ':'
             |  \-[IDENT] Node: 'idList1757_'
             +-[COLON] Node: ':'
             |  \-[IDENT] Node: 'idList1758_'
             +-[COLON] Node: ':'
             |  \-[IDENT] Node: 'idList1759_'
             +-[COLON] Node: ':'
             |  \-[IDENT] Node: 'idList1760_'
             +-[COLON] Node: ':'
             |  \-[IDENT] Node: 'idList1761_'
             +-[COLON] Node: ':'
             |  \-[IDENT] Node: 'idList1762_'
             +-[COLON] Node: ':'
             |  \-[IDENT] Node: 'idList1763_'
             +-[COLON] Node: ':'
             |  \-[IDENT] Node: 'idList1764_'
             +-[COLON] Node: ':'
             |  \-[IDENT] Node: 'idList1765_'
             +-[COLON] Node: ':'
             |  \-[IDENT] Node: 'idList1766_'
             +-[COLON] Node: ':'
             |  \-[IDENT] Node: 'idList1767_'
             +-[COLON] Node: ':'
             |  \-[IDENT] Node: 'idList1768_'
             +-[COLON] Node: ':'
             |  \-[IDENT] Node: 'idList1769_'
             +-[COLON] Node: ':'
             |  \-[IDENT] Node: 'idList1770_'
             +-[COLON] Node: ':'
             |  \-[IDENT] Node: 'idList1771_'
             +-[COLON] Node: ':'
             |  \-[IDENT] Node: 'idList1772_'
             +-[COLON] Node: ':'
             |  \-[IDENT] Node: 'idList1773_'
             +-[COLON] Node: ':'
             |  \-[IDENT] Node: 'idList1774_'
             +-[COLON] Node: ':'
             |  \-[IDENT] Node: 'idList1775_'
             +-[COLON] Node: ':'
             |  \-[IDENT] Node: 'idList1776_'
             +-[COLON] Node: ':'
             |  \-[IDENT] Node: 'idList1777_'
             +-[COLON] Node: ':'
             |  \-[IDENT] Node: 'idList1778_'
             +-[COLON] Node: ':'
             |  \-[IDENT] Node: 'idList1779_'
             +-[COLON] Node: ':'
             |  \-[IDENT] Node: 'idList1780_'
             +-[COLON] Node: ':'
             |  \-[IDENT] Node: 'idList1781_'
             +-[COLON] Node: ':'
             |  \-[IDENT] Node: 'idList1782_'
             +-[COLON] Node: ':'
             |  \-[IDENT] Node: 'idList1783_'
             +-[COLON] Node: ':'
             |  \-[IDENT] Node: 'idList1784_'
             +-[COLON] Node: ':'
             |  \-[IDENT] Node: 'idList1785_'
             +-[COLON] Node: ':'
             |  \-[IDENT] Node: 'idList1786_'
             +-[COLON] Node: ':'
             |  \-[IDENT] Node: 'idList1787_'
             +-[COLON] Node: ':'
             |  \-[IDENT] Node: 'idList1788_'
             +-[COLON] Node: ':'
             |  \-[IDENT] Node: 'idList1789_'
             +-[COLON] Node: ':'
             |  \-[IDENT] Node: 'idList1790_'
             +-[COLON] Node: ':'
             |  \-[IDENT] Node: 'idList1791_'
             +-[COLON] Node: ':'
             |  \-[IDENT] Node: 'idList1792_'
             +-[COLON] Node: ':'
             |  \-[IDENT] Node: 'idList1793_'
             +-[COLON] Node: ':'
             |  \-[IDENT] Node: 'idList1794_'
             +-[COLON] Node: ':'
             |  \-[IDENT] Node: 'idList1795_'
             +-[COLON] Node: ':'
             |  \-[IDENT] Node: 'idList1796_'
             +-[COLON] Node: ':'
             |  \-[IDENT] Node: 'idList1797_'
             +-[COLON] Node: ':'
             |  \-[IDENT] Node: 'idList1798_'
             +-[COLON] Node: ':'
             |  \-[IDENT] Node: 'idList1799_'
             +-[COLON] Node: ':'
             |  \-[IDENT] Node: 'idList1800_'
             +-[COLON] Node: ':'
             |  \-[IDENT] Node: 'idList1801_'
             +-[COLON] Node: ':'
             |  \-[IDENT] Node: 'idList1802_'
             +-[COLON] Node: ':'
             |  \-[IDENT] Node: 'idList1803_'
             +-[COLON] Node: ':'
             |  \-[IDENT] Node: 'idList1804_'
             +-[COLON] Node: ':'
             |  \-[IDENT] Node: 'idList1805_'
             +-[COLON] Node: ':'
             |  \-[IDENT] Node: 'idList1806_'
             +-[COLON] Node: ':'
             |  \-[IDENT] Node: 'idList1807_'
             +-[COLON] Node: ':'
             |  \-[IDENT] Node: 'idList1808_'
             +-[COLON] Node: ':'
             |  \-[IDENT] Node: 'idList1809_'
             +-[COLON] Node: ':'
             |  \-[IDENT] Node: 'idList1810_'
             +-[COLON] Node: ':'
             |  \-[IDENT] Node: 'idList1811_'
             +-[COLON] Node: ':'
             |  \-[IDENT] Node: 'idList1812_'
             +-[COLON] Node: ':'
             |  \-[IDENT] Node: 'idList1813_'
             +-[COLON] Node: ':'
             |  \-[IDENT] Node: 'idList1814_'
             +-[COLON] Node: ':'
             |  \-[IDENT] Node: 'idList1815_'
             +-[COLON] Node: ':'
             |  \-[IDENT] Node: 'idList1816_'
             +-[COLON] Node: ':'
             |  \-[IDENT] Node: 'idList1817_'
             +-[COLON] Node: ':'
             |  \-[IDENT] Node: 'idList1818_'
             +-[COLON] Node: ':'
             |  \-[IDENT] Node: 'idList1819_'
             +-[COLON] Node: ':'
             |  \-[IDENT] Node: 'idList1820_'
             +-[COLON] Node: ':'
             |  \-[IDENT] Node: 'idList1821_'
             +-[COLON] Node: ':'
             |  \-[IDENT] Node: 'idList1822_'
             +-[COLON] Node: ':'
             |  \-[IDENT] Node: 'idList1823_'
             +-[COLON] Node: ':'
             |  \-[IDENT] Node: 'idList1824_'
             +-[COLON] Node: ':'
             |  \-[IDENT] Node: 'idList1825_'
             +-[COLON] Node: ':'
             |  \-[IDENT] Node: 'idList1826_'
             +-[COLON] Node: ':'
             |  \-[IDENT] Node: 'idList1827_'
             +-[COLON] Node: ':'
             |  \-[IDENT] Node: 'idList1828_'
             +-[COLON] Node: ':'
             |  \-[IDENT] Node: 'idList1829_'
             +-[COLON] Node: ':'
             |  \-[IDENT] Node: 'idList1830_'
             +-[COLON] Node: ':'
             |  \-[IDENT] Node: 'idList1831_'
             +-[COLON] Node: ':'
             |  \-[IDENT] Node: 'idList1832_'
             +-[COLON] Node: ':'
             |  \-[IDENT] Node: 'idList1833_'
             +-[COLON] Node: ':'
             |  \-[IDENT] Node: 'idList1834_'
             +-[COLON] Node: ':'
             |  \-[IDENT] Node: 'idList1835_'
             +-[COLON] Node: ':'
             |  \-[IDENT] Node: 'idList1836_'
             +-[COLON] Node: ':'
             |  \-[IDENT] Node: 'idList1837_'
             +-[COLON] Node: ':'
             |  \-[IDENT] Node: 'idList1838_'
             +-[COLON] Node: ':'
             |  \-[IDENT] Node: 'idList1839_'
             +-[COLON] Node: ':'
             |  \-[IDENT] Node: 'idList1840_'
             +-[COLON] Node: ':'
             |  \-[IDENT] Node: 'idList1841_'
             +-[COLON] Node: ':'
             |  \-[IDENT] Node: 'idList1842_'
             +-[COLON] Node: ':'
             |  \-[IDENT] Node: 'idList1843_'
             +-[COLON] Node: ':'
             |  \-[IDENT] Node: 'idList1844_'
             +-[COLON] Node: ':'
             |  \-[IDENT] Node: 'idList1845_'
             +-[COLON] Node: ':'
             |  \-[IDENT] Node: 'idList1846_'
             +-[COLON] Node: ':'
             |  \-[IDENT] Node: 'idList1847_'
             +-[COLON] Node: ':'
             |  \-[IDENT] Node: 'idList1848_'
             +-[COLON] Node: ':'
             |  \-[IDENT] Node: 'idList1849_'
             +-[COLON] Node: ':'
             |  \-[IDENT] Node: 'idList1850_'
             +-[COLON] Node: ':'
             |  \-[IDENT] Node: 'idList1851_'
             +-[COLON] Node: ':'
             |  \-[IDENT] Node: 'idList1852_'
             +-[COLON] Node: ':'
             |  \-[IDENT] Node: 'idList1853_'
             +-[COLON] Node: ':'
             |  \-[IDENT] Node: 'idList1854_'
             +-[COLON] Node: ':'
             |  \-[IDENT] Node: 'idList1855_'
             +-[COLON] Node: ':'
             |  \-[IDENT] Node: 'idList1856_'
             +-[COLON] Node: ':'
             |  \-[IDENT] Node: 'idList1857_'
             +-[COLON] Node: ':'
             |  \-[IDENT] Node: 'idList1858_'
             +-[COLON] Node: ':'
             |  \-[IDENT] Node: 'idList1859_'
             +-[COLON] Node: ':'
             |  \-[IDENT] Node: 'idList1860_'
             +-[COLON] Node: ':'
             |  \-[IDENT] Node: 'idList1861_'
             +-[COLON] Node: ':'
             |  \-[IDENT] Node: 'idList1862_'
             +-[COLON] Node: ':'
             |  \-[IDENT] Node: 'idList1863_'
             +-[COLON] Node: ':'
             |  \-[IDENT] Node: 'idList1864_'
             +-[COLON] Node: ':'
             |  \-[IDENT] Node: 'idList1865_'
             +-[COLON] Node: ':'
             |  \-[IDENT] Node: 'idList1866_'
             +-[COLON] Node: ':'
             |  \-[IDENT] Node: 'idList1867_'
             +-[COLON] Node: ':'
             |  \-[IDENT] Node: 'idList1868_'
             +-[COLON] Node: ':'
             |  \-[IDENT] Node: 'idList1869_'
             +-[COLON] Node: ':'
             |  \-[IDENT] Node: 'idList1870_'
             +-[COLON] Node: ':'
             |  \-[IDENT] Node: 'idList1871_'
             +-[COLON] Node: ':'
             |  \-[IDENT] Node: 'idList1872_'
             +-[COLON] Node: ':'
             |  \-[IDENT] Node: 'idList1873_'
             +-[COLON] Node: ':'
             |  \-[IDENT] Node: 'idList1874_'
             +-[COLON] Node: ':'
             |  \-[IDENT] Node: 'idList1875_'
             +-[COLON] Node: ':'
             |  \-[IDENT] Node: 'idList1876_'
             +-[COLON] Node: ':'
             |  \-[IDENT] Node: 'idList1877_'
             +-[COLON] Node: ':'
             |  \-[IDENT] Node: 'idList1878_'
             +-[COLON] Node: ':'
             |  \-[IDENT] Node: 'idList1879_'
             +-[COLON] Node: ':'
             |  \-[IDENT] Node: 'idList1880_'
             +-[COLON] Node: ':'
             |  \-[IDENT] Node: 'idList1881_'
             +-[COLON] Node: ':'
             |  \-[IDENT] Node: 'idList1882_'
             +-[COLON] Node: ':'
             |  \-[IDENT] Node: 'idList1883_'
             +-[COLON] Node: ':'
             |  \-[IDENT] Node: 'idList1884_'
             +-[COLON] Node: ':'
             |  \-[IDENT] Node: 'idList1885_'
             +-[COLON] Node: ':'
             |  \-[IDENT] Node: 'idList1886_'
             +-[COLON] Node: ':'
             |  \-[IDENT] Node: 'idList1887_'
             +-[COLON] Node: ':'
             |  \-[IDENT] Node: 'idList1888_'
             +-[COLON] Node: ':'
             |  \-[IDENT] Node: 'idList1889_'
             +-[COLON] Node: ':'
             |  \-[IDENT] Node: 'idList1890_'
             +-[COLON] Node: ':'
             |  \-[IDENT] Node: 'idList1891_'
             +-[COLON] Node: ':'
             |  \-[IDENT] Node: 'idList1892_'
             +-[COLON] Node: ':'
             |  \-[IDENT] Node: 'idList1893_'
             +-[COLON] Node: ':'
             |  \-[IDENT] Node: 'idList1894_'
             +-[COLON] Node: ':'
             |  \-[IDENT] Node: 'idList1895_'
             +-[COLON] Node: ':'
             |  \-[IDENT] Node: 'idList1896_'
             +-[COLON] Node: ':'
             |  \-[IDENT] Node: 'idList1897_'
             +-[COLON] Node: ':'
             |  \-[IDENT] Node: 'idList1898_'
             +-[COLON] Node: ':'
             |  \-[IDENT] Node: 'idList1899_'
             +-[COLON] Node: ':'
             |  \-[IDENT] Node: 'idList1900_'
             +-[COLON] Node: ':'
             |  \-[IDENT] Node: 'idList1901_'
             +-[COLON] Node: ':'
             |  \-[IDENT] Node: 'idList1902_'
             +-[COLON] Node: ':'
             |  \-[IDENT] Node: 'idList1903_'
             +-[COLON] Node: ':'
             |  \-[IDENT] Node: 'idList1904_'
             +-[COLON] Node: ':'
             |  \-[IDENT] Node: 'idList1905_'
             +-[COLON] Node: ':'
             |  \-[IDENT] Node: 'idList1906_'
             +-[COLON] Node: ':'
             |  \-[IDENT] Node: 'idList1907_'
             +-[COLON] Node: ':'
             |  \-[IDENT] Node: 'idList1908_'
             +-[COLON] Node: ':'
             |  \-[IDENT] Node: 'idList1909_'
             +-[COLON] Node: ':'
             |  \-[IDENT] Node: 'idList1910_'
             +-[COLON] Node: ':'
             |  \-[IDENT] Node: 'idList1911_'
             +-[COLON] Node: ':'
             |  \-[IDENT] Node: 'idList1912_'
             +-[COLON] Node: ':'
             |  \-[IDENT] Node: 'idList1913_'
             +-[COLON] Node: ':'
             |  \-[IDENT] Node: 'idList1914_'
             +-[COLON] Node: ':'
             |  \-[IDENT] Node: 'idList1915_'
             +-[COLON] Node: ':'
             |  \-[IDENT] Node: 'idList1916_'
             +-[COLON] Node: ':'
             |  \-[IDENT] Node: 'idList1917_'
             +-[COLON] Node: ':'
             |  \-[IDENT] Node: 'idList1918_'
             +-[COLON] Node: ':'
             |  \-[IDENT] Node: 'idList1919_'
             +-[COLON] Node: ':'
             |  \-[IDENT] Node: 'idList1920_'
             +-[COLON] Node: ':'
             |  \-[IDENT] Node: 'idList1921_'
             +-[COLON] Node: ':'
             |  \-[IDENT] Node: 'idList1922_'
             +-[COLON] Node: ':'
             |  \-[IDENT] Node: 'idList1923_'
             +-[COLON] Node: ':'
             |  \-[IDENT] Node: 'idList1924_'
             +-[COLON] Node: ':'
             |  \-[IDENT] Node: 'idList1925_'
             +-[COLON] Node: ':'
             |  \-[IDENT] Node: 'idList1926_'
             +-[COLON] Node: ':'
             |  \-[IDENT] Node: 'idList1927_'
             +-[COLON] Node: ':'
             |  \-[IDENT] Node: 'idList1928_'
             +-[COLON] Node: ':'
             |  \-[IDENT] Node: 'idList1929_'
             +-[COLON] Node: ':'
             |  \-[IDENT] Node: 'idList1930_'
             +-[COLON] Node: ':'
             |  \-[IDENT] Node: 'idList1931_'
             +-[COLON] Node: ':'
             |  \-[IDENT] Node: 'idList1932_'
             +-[COLON] Node: ':'
             |  \-[IDENT] Node: 'idList1933_'
             +-[COLON] Node: ':'
             |  \-[IDENT] Node: 'idList1934_'
             +-[COLON] Node: ':'
             |  \-[IDENT] Node: 'idList1935_'
             +-[COLON] Node: ':'
             |  \-[IDENT] Node: 'idList1936_'
             +-[COLON] Node: ':'
             |  \-[IDENT] Node: 'idList1937_'
             +-[COLON] Node: ':'
             |  \-[IDENT] Node: 'idList1938_'
             +-[COLON] Node: ':'
             |  \-[IDENT] Node: 'idList1939_'
             +-[COLON] Node: ':'
             |  \-[IDENT] Node: 'idList1940_'
             +-[COLON] Node: ':'
             |  \-[IDENT] Node: 'idList1941_'
             +-[COLON] Node: ':'
             |  \-[IDENT] Node: 'idList1942_'
             +-[COLON] Node: ':'
             |  \-[IDENT] Node: 'idList1943_'
             +-[COLON] Node: ':'
             |  \-[IDENT] Node: 'idList1944_'
             +-[COLON] Node: ':'
             |  \-[IDENT] Node: 'idList1945_'
             +-[COLON] Node: ':'
             |  \-[IDENT] Node: 'idList1946_'
             +-[COLON] Node: ':'
             |  \-[IDENT] Node: 'idList1947_'
             +-[COLON] Node: ':'
             |  \-[IDENT] Node: 'idList1948_'
             +-[COLON] Node: ':'
             |  \-[IDENT] Node: 'idList1949_'
             +-[COLON] Node: ':'
             |  \-[IDENT] Node: 'idList1950_'
             +-[COLON] Node: ':'
             |  \-[IDENT] Node: 'idList1951_'
             +-[COLON] Node: ':'
             |  \-[IDENT] Node: 'idList1952_'
             +-[COLON] Node: ':'
             |  \-[IDENT] Node: 'idList1953_'
             +-[COLON] Node: ':'
             |  \-[IDENT] Node: 'idList1954_'
             +-[COLON] Node: ':'
             |  \-[IDENT] Node: 'idList1955_'
             +-[COLON] Node: ':'
             |  \-[IDENT] Node: 'idList1956_'
             +-[COLON] Node: ':'
             |  \-[IDENT] Node: 'idList1957_'
             +-[COLON] Node: ':'
             |  \-[IDENT] Node: 'idList1958_'
             +-[COLON] Node: ':'
             |  \-[IDENT] Node: 'idList1959_'
             +-[COLON] Node: ':'
             |  \-[IDENT] Node: 'idList1960_'
             +-[COLON] Node: ':'
             |  \-[IDENT] Node: 'idList1961_'
             +-[COLON] Node: ':'
             |  \-[IDENT] Node: 'idList1962_'
             +-[COLON] Node: ':'
             |  \-[IDENT] Node: 'idList1963_'
             +-[COLON] Node: ':'
             |  \-[IDENT] Node: 'idList1964_'
             +-[COLON] Node: ':'
             |  \-[IDENT] Node: 'idList1965_'
             +-[COLON] Node: ':'
             |  \-[IDENT] Node: 'idList1966_'
             +-[COLON] Node: ':'
             |  \-[IDENT] Node: 'idList1967_'
             +-[COLON] Node: ':'
             |  \-[IDENT] Node: 'idList1968_'
             +-[COLON] Node: ':'
             |  \-[IDENT] Node: 'idList1969_'
             +-[COLON] Node: ':'
             |  \-[IDENT] Node: 'idList1970_'
             +-[COLON] Node: ':'
             |  \-[IDENT] Node: 'idList1971_'
             +-[COLON] Node: ':'
             |  \-[IDENT] Node: 'idList1972_'
             +-[COLON] Node: ':'
             |  \-[IDENT] Node: 'idList1973_'
             +-[COLON] Node: ':'
             |  \-[IDENT] Node: 'idList1974_'
             +-[COLON] Node: ':'
             |  \-[IDENT] Node: 'idList1975_'
             +-[COLON] Node: ':'
             |  \-[IDENT] Node: 'idList1976_'
             +-[COLON] Node: ':'
             |  \-[IDENT] Node: 'idList1977_'
             +-[COLON] Node: ':'
             |  \-[IDENT] Node: 'idList1978_'
             +-[COLON] Node: ':'
             |  \-[IDENT] Node: 'idList1979_'
             +-[COLON] Node: ':'
             |  \-[IDENT] Node: 'idList1980_'
             +-[COLON] Node: ':'
             |  \-[IDENT] Node: 'idList1981_'
             +-[COLON] Node: ':'
             |  \-[IDENT] Node: 'idList1982_'
             +-[COLON] Node: ':'
             |  \-[IDENT] Node: 'idList1983_'
             +-[COLON] Node: ':'
             |  \-[IDENT] Node: 'idList1984_'
             +-[COLON] Node: ':'
             |  \-[IDENT] Node: 'idList1985_'
             +-[COLON] Node: ':'
             |  \-[IDENT] Node: 'idList1986_'
             +-[COLON] Node: ':'
             |  \-[IDENT] Node: 'idList1987_'
             +-[COLON] Node: ':'
             |  \-[IDENT] Node: 'idList1988_'
             +-[COLON] Node: ':'
             |  \-[IDENT] Node: 'idList1989_'
             +-[COLON] Node: ':'
             |  \-[IDENT] Node: 'idList1990_'
             +-[COLON] Node: ':'
             |  \-[IDENT] Node: 'idList1991_'
             +-[COLON] Node: ':'
             |  \-[IDENT] Node: 'idList1992_'
             +-[COLON] Node: ':'
             |  \-[IDENT] Node: 'idList1993_'
             +-[COLON] Node: ':'
             |  \-[IDENT] Node: 'idList1994_'
             +-[COLON] Node: ':'
             |  \-[IDENT] Node: 'idList1995_'
             +-[COLON] Node: ':'
             |  \-[IDENT] Node: 'idList1996_'
             +-[COLON] Node: ':'
             |  \-[IDENT] Node: 'idList1997_'
             +-[COLON] Node: ':'
             |  \-[IDENT] Node: 'idList1998_'
             +-[COLON] Node: ':'
             |  \-[IDENT] Node: 'idList1999_'
             +-[COLON] Node: ':'
             |  \-[IDENT] Node: 'idList2000_'
             +-[COLON] Node: ':'
             |  \-[IDENT] Node: 'idList2001_'
             +-[COLON] Node: ':'
             |  \-[IDENT] Node: 'idList2002_'
             +-[COLON] Node: ':'
             |  \-[IDENT] Node: 'idList2003_'
             +-[COLON] Node: ':'
             |  \-[IDENT] Node: 'idList2004_'
             +-[COLON] Node: ':'
             |  \-[IDENT] Node: 'idList2005_'
             +-[COLON] Node: ':'
             |  \-[IDENT] Node: 'idList2006_'
             +-[COLON] Node: ':'
             |  \-[IDENT] Node: 'idList2007_'
             +-[COLON] Node: ':'
             |  \-[IDENT] Node: 'idList2008_'
             +-[COLON] Node: ':'
             |  \-[IDENT] Node: 'idList2009_'
             +-[COLON] Node: ':'
             |  \-[IDENT] Node: 'idList2010_'
             +-[COLON] Node: ':'
             |  \-[IDENT] Node: 'idList2011_'
             +-[COLON] Node: ':'
             |  \-[IDENT] Node: 'idList2012_'
             +-[COLON] Node: ':'
             |  \-[IDENT] Node: 'idList2013_'
             +-[COLON] Node: ':'
             |  \-[IDENT] Node: 'idList2014_'
             +-[COLON] Node: ':'
             |  \-[IDENT] Node: 'idList2015_'
             +-[COLON] Node: ':'
             |  \-[IDENT] Node: 'idList2016_'
             +-[COLON] Node: ':'
             |  \-[IDENT] Node: 'idList2017_'
             +-[COLON] Node: ':'
             |  \-[IDENT] Node: 'idList2018_'
             +-[COLON] Node: ':'
             |  \-[IDENT] Node: 'idList2019_'
             +-[COLON] Node: ':'
             |  \-[IDENT] Node: 'idList2020_'
             +-[COLON] Node: ':'
             |  \-[IDENT] Node: 'idList2021_'
             +-[COLON] Node: ':'
             |  \-[IDENT] Node: 'idList2022_'
             +-[COLON] Node: ':'
             |  \-[IDENT] Node: 'idList2023_'
             +-[COLON] Node: ':'
             |  \-[IDENT] Node: 'idList2024_'
             +-[COLON] Node: ':'
             |  \-[IDENT] Node: 'idList2025_'
             +-[COLON] Node: ':'
             |  \-[IDENT] Node: 'idList2026_'
             +-[COLON] Node: ':'
             |  \-[IDENT] Node: 'idList2027_'
             +-[COLON] Node: ':'
             |  \-[IDENT] Node: 'idList2028_'
             +-[COLON] Node: ':'
             |  \-[IDENT] Node: 'idList2029_'
             +-[COLON] Node: ':'
             |  \-[IDENT] Node: 'idList2030_'
             +-[COLON] Node: ':'
             |  \-[IDENT] Node: 'idList2031_'
             +-[COLON] Node: ':'
             |  \-[IDENT] Node: 'idList2032_'
             +-[COLON] Node: ':'
             |  \-[IDENT] Node: 'idList2033_'
             +-[COLON] Node: ':'
             |  \-[IDENT] Node: 'idList2034_'
             +-[COLON] Node: ':'
             |  \-[IDENT] Node: 'idList2035_'
             +-[COLON] Node: ':'
             |  \-[IDENT] Node: 'idList2036_'
             +-[COLON] Node: ':'
             |  \-[IDENT] Node: 'idList2037_'
             +-[COLON] Node: ':'
             |  \-[IDENT] Node: 'idList2038_'
             +-[COLON] Node: ':'
             |  \-[IDENT] Node: 'idList2039_'
             +-[COLON] Node: ':'
             |  \-[IDENT] Node: 'idList2040_'
             +-[COLON] Node: ':'
             |  \-[IDENT] Node: 'idList2041_'
             +-[COLON] Node: ':'
             |  \-[IDENT] Node: 'idList2042_'
             +-[COLON] Node: ':'
             |  \-[IDENT] Node: 'idList2043_'
             +-[COLON] Node: ':'
             |  \-[IDENT] Node: 'idList2044_'
             +-[COLON] Node: ':'
             |  \-[IDENT] Node: 'idList2045_'
             +-[COLON] Node: ':'
             |  \-[IDENT] Node: 'idList2046_'
             +-[COLON] Node: ':'
             |  \-[IDENT] Node: 'idList2047_'
             +-[COLON] Node: ':'
             |  \-[IDENT] Node: 'idList2048_'
             +-[COLON] Node: ':'
             |  \-[IDENT] Node: 'idList2049_'
             +-[COLON] Node: ':'
             |  \-[IDENT] Node: 'idList2050_'
             +-[COLON] Node: ':'
             |  \-[IDENT] Node: 'idList2051_'
             +-[COLON] Node: ':'
             |  \-[IDENT] Node: 'idList2052_'
             +-[COLON] Node: ':'
             |  \-[IDENT] Node: 'idList2053_'
             +-[COLON] Node: ':'
             |  \-[IDENT] Node: 'idList2054_'
             +-[COLON] Node: ':'
             |  \-[IDENT] Node: 'idList2055_'
             +-[COLON] Node: ':'
             |  \-[IDENT] Node: 'idList2056_'
             +-[COLON] Node: ':'
             |  \-[IDENT] Node: 'idList2057_'
             +-[COLON] Node: ':'
             |  \-[IDENT] Node: 'idList2058_'
             +-[COLON] Node: ':'
             |  \-[IDENT] Node: 'idList2059_'
             +-[COLON] Node: ':'
             |  \-[IDENT] Node: 'idList2060_'
             +-[COLON] Node: ':'
             |  \-[IDENT] Node: 'idList2061_'
             +-[COLON] Node: ':'
             |  \-[IDENT] Node: 'idList2062_'
             +-[COLON] Node: ':'
             |  \-[IDENT] Node: 'idList2063_'
             +-[COLON] Node: ':'
             |  \-[IDENT] Node: 'idList2064_'
             +-[COLON] Node: ':'
             |  \-[IDENT] Node: 'idList2065_'
             +-[COLON] Node: ':'
             |  \-[IDENT] Node: 'idList2066_'
             +-[COLON] Node: ':'
             |  \-[IDENT] Node: 'idList2067_'
             +-[COLON] Node: ':'
             |  \-[IDENT] Node: 'idList2068_'
             +-[COLON] Node: ':'
             |  \-[IDENT] Node: 'idList2069_'
             +-[COLON] Node: ':'
             |  \-[IDENT] Node: 'idList2070_'
             +-[COLON] Node: ':'
             |  \-[IDENT] Node: 'idList2071_'
             +-[COLON] Node: ':'
             |  \-[IDENT] Node: 'idList2072_'
             +-[COLON] Node: ':'
             |  \-[IDENT] Node: 'idList2073_'
             +-[COLON] Node: ':'
             |  \-[IDENT] Node: 'idList2074_'
             +-[COLON] Node: ':'
             |  \-[IDENT] Node: 'idList2075_'
             +-[COLON] Node: ':'
             |  \-[IDENT] Node: 'idList2076_'
             +-[COLON] Node: ':'
             |  \-[IDENT] Node: 'idList2077_'
             +-[COLON] Node: ':'
             |  \-[IDENT] Node: 'idList2078_'
             +-[COLON] Node: ':'
             |  \-[IDENT] Node: 'idList2079_'
             +-[COLON] Node: ':'
             |  \-[IDENT] Node: 'idList2080_'
             +-[COLON] Node: ':'
             |  \-[IDENT] Node: 'idList2081_'
             +-[COLON] Node: ':'
             |  \-[IDENT] Node: 'idList2082_'
             +-[COLON] Node: ':'
             |  \-[IDENT] Node: 'idList2083_'
             +-[COLON] Node: ':'
             |  \-[IDENT] Node: 'idList2084_'
             +-[COLON] Node: ':'
             |  \-[IDENT] Node: 'idList2085_'
             +-[COLON] Node: ':'
             |  \-[IDENT] Node: 'idList2086_'
             +-[COLON] Node: ':'
             |  \-[IDENT] Node: 'idList2087_'
             +-[COLON] Node: ':'
             |  \-[IDENT] Node: 'idList2088_'
             +-[COLON] Node: ':'
             |  \-[IDENT] Node: 'idList2089_'
             +-[COLON] Node: ':'
             |  \-[IDENT] Node: 'idList2090_'
             +-[COLON] Node: ':'
             |  \-[IDENT] Node: 'idList2091_'
             +-[COLON] Node: ':'
             |  \-[IDENT] Node: 'idList2092_'
             +-[COLON] Node: ':'
             |  \-[IDENT] Node: 'idList2093_'
             +-[COLON] Node: ':'
             |  \-[IDENT] Node: 'idList2094_'
             +-[COLON] Node: ':'
             |  \-[IDENT] Node: 'idList2095_'
             +-[COLON] Node: ':'
             |  \-[IDENT] Node: 'idList2096_'
             +-[COLON] Node: ':'
             |  \-[IDENT] Node: 'idList2097_'
             +-[COLON] Node: ':'
             |  \-[IDENT] Node: 'idList2098_'
             +-[COLON] Node: ':'
             |  \-[IDENT] Node: 'idList2099_'
             +-[COLON] Node: ':'
             |  \-[IDENT] Node: 'idList2100_'
             +-[COLON] Node: ':'
             |  \-[IDENT] Node: 'idList2101_'
             +-[COLON] Node: ':'
             |  \-[IDENT] Node: 'idList2102_'
             +-[COLON] Node: ':'
             |  \-[IDENT] Node: 'idList2103_'
             +-[COLON] Node: ':'
             |  \-[IDENT] Node: 'idList2104_'
             +-[COLON] Node: ':'
             |  \-[IDENT] Node: 'idList2105_'
             +-[COLON] Node: ':'
             |  \-[IDENT] Node: 'idList2106_'
             +-[COLON] Node: ':'
             |  \-[IDENT] Node: 'idList2107_'
             +-[COLON] Node: ':'
             |  \-[IDENT] Node: 'idList2108_'
             +-[COLON] Node: ':'
             |  \-[IDENT] Node: 'idList2109_'
             +-[COLON] Node: ':'
             |  \-[IDENT] Node: 'idList2110_'
             +-[COLON] Node: ':'
             |  \-[IDENT] Node: 'idList2111_'
             +-[COLON] Node: ':'
             |  \-[IDENT] Node: 'idList2112_'
             +-[COLON] Node: ':'
             |  \-[IDENT] Node: 'idList2113_'
             +-[COLON] Node: ':'
             |  \-[IDENT] Node: 'idList2114_'
             +-[COLON] Node: ':'
             |  \-[IDENT] Node: 'idList2115_'
             +-[COLON] Node: ':'
             |  \-[IDENT] Node: 'idList2116_'
             +-[COLON] Node: ':'
             |  \-[IDENT] Node: 'idList2117_'
             +-[COLON] Node: ':'
             |  \-[IDENT] Node: 'idList2118_'
             +-[COLON] Node: ':'
             |  \-[IDENT] Node: 'idList2119_'
             +-[COLON] Node: ':'
             |  \-[IDENT] Node: 'idList2120_'
             +-[COLON] Node: ':'
             |  \-[IDENT] Node: 'idList2121_'
             +-[COLON] Node: ':'
             |  \-[IDENT] Node: 'idList2122_'
             +-[COLON] Node: ':'
             |  \-[IDENT] Node: 'idList2123_'
             +-[COLON] Node: ':'
             |  \-[IDENT] Node: 'idList2124_'
             +-[COLON] Node: ':'
             |  \-[IDENT] Node: 'idList2125_'
             +-[COLON] Node: ':'
             |  \-[IDENT] Node: 'idList2126_'
             +-[COLON] Node: ':'
             |  \-[IDENT] Node: 'idList2127_'
             +-[COLON] Node: ':'
             |  \-[IDENT] Node: 'idList2128_'
             +-[COLON] Node: ':'
             |  \-[IDENT] Node: 'idList2129_'
             +-[COLON] Node: ':'
             |  \-[IDENT] Node: 'idList2130_'
             +-[COLON] Node: ':'
             |  \-[IDENT] Node: 'idList2131_'
             +-[COLON] Node: ':'
             |  \-[IDENT] Node: 'idList2132_'
             +-[COLON] Node: ':'
             |  \-[IDENT] Node: 'idList2133_'
             +-[COLON] Node: ':'
             |  \-[IDENT] Node: 'idList2134_'
             +-[COLON] Node: ':'
             |  \-[IDENT] Node: 'idList2135_'
             +-[COLON] Node: ':'
             |  \-[IDENT] Node: 'idList2136_'
             +-[COLON] Node: ':'
             |  \-[IDENT] Node: 'idList2137_'
             +-[COLON] Node: ':'
             |  \-[IDENT] Node: 'idList2138_'
             +-[COLON] Node: ':'
             |  \-[IDENT] Node: 'idList2139_'
             +-[COLON] Node: ':'
             |  \-[IDENT] Node: 'idList2140_'
             +-[COLON] Node: ':'
             |  \-[IDENT] Node: 'idList2141_'
             +-[COLON] Node: ':'
             |  \-[IDENT] Node: 'idList2142_'
             +-[COLON] Node: ':'
             |  \-[IDENT] Node: 'idList2143_'
             +-[COLON] Node: ':'
             |  \-[IDENT] Node: 'idList2144_'
             +-[COLON] Node: ':'
             |  \-[IDENT] Node: 'idList2145_'
             +-[COLON] Node: ':'
             |  \-[IDENT] Node: 'idList2146_'
             +-[COLON] Node: ':'
             |  \-[IDENT] Node: 'idList2147_'
             +-[COLON] Node: ':'
             |  \-[IDENT] Node: 'idList2148_'
             +-[COLON] Node: ':'
             |  \-[IDENT] Node: 'idList2149_'
             +-[COLON] Node: ':'
             |  \-[IDENT] Node: 'idList2150_'
             +-[COLON] Node: ':'
             |  \-[IDENT] Node: 'idList2151_'
             +-[COLON] Node: ':'
             |  \-[IDENT] Node: 'idList2152_'
             +-[COLON] Node: ':'
             |  \-[IDENT] Node: 'idList2153_'
             +-[COLON] Node: ':'
             |  \-[IDENT] Node: 'idList2154_'
             +-[COLON] Node: ':'
             |  \-[IDENT] Node: 'idList2155_'
             +-[COLON] Node: ':'
             |  \-[IDENT] Node: 'idList2156_'
             +-[COLON] Node: ':'
             |  \-[IDENT] Node: 'idList2157_'
             +-[COLON] Node: ':'
             |  \-[IDENT] Node: 'idList2158_'
             +-[COLON] Node: ':'
             |  \-[IDENT] Node: 'idList2159_'
             +-[COLON] Node: ':'
             |  \-[IDENT] Node: 'idList2160_'
             +-[COLON] Node: ':'
             |  \-[IDENT] Node: 'idList2161_'
             +-[COLON] Node: ':'
             |  \-[IDENT] Node: 'idList2162_'
             +-[COLON] Node: ':'
             |  \-[IDENT] Node: 'idList2163_'
             +-[COLON] Node: ':'
             |  \-[IDENT] Node: 'idList2164_'
             +-[COLON] Node: ':'
             |  \-[IDENT] Node: 'idList2165_'
             +-[COLON] Node: ':'
             |  \-[IDENT] Node: 'idList2166_'
             +-[COLON] Node: ':'
             |  \-[IDENT] Node: 'idList2167_'
             +-[COLON] Node: ':'
             |  \-[IDENT] Node: 'idList2168_'
             +-[COLON] Node: ':'
             |  \-[IDENT] Node: 'idList2169_'
             +-[COLON] Node: ':'
             |  \-[IDENT] Node: 'idList2170_'
             +-[COLON] Node: ':'
             |  \-[IDENT] Node: 'idList2171_'
             +-[COLON] Node: ':'
             |  \-[IDENT] Node: 'idList2172_'
             +-[COLON] Node: ':'
             |  \-[IDENT] Node: 'idList2173_'
             +-[COLON] Node: ':'
             |  \-[IDENT] Node: 'idList2174_'
             +-[COLON] Node: ':'
             |  \-[IDENT] Node: 'idList2175_'
             +-[COLON] Node: ':'
             |  \-[IDENT] Node: 'idList2176_'
             +-[COLON] Node: ':'
             |  \-[IDENT] Node: 'idList2177_'
             +-[COLON] Node: ':'
             |  \-[IDENT] Node: 'idList2178_'
             +-[COLON] Node: ':'
             |  \-[IDENT] Node: 'idList2179_'
             +-[COLON] Node: ':'
             |  \-[IDENT] Node: 'idList2180_'
             +-[COLON] Node: ':'
             |  \-[IDENT] Node: 'idList2181_'
             +-[COLON] Node: ':'
             |  \-[IDENT] Node: 'idList2182_'
             +-[COLON] Node: ':'
             |  \-[IDENT] Node: 'idList2183_'
             +-[COLON] Node: ':'
             |  \-[IDENT] Node: 'idList2184_'
             +-[COLON] Node: ':'
             |  \-[IDENT] Node: 'idList2185_'
             +-[COLON] Node: ':'
             |  \-[IDENT] Node: 'idList2186_'
             +-[COLON] Node: ':'
             |  \-[IDENT] Node: 'idList2187_'
             +-[COLON] Node: ':'
             |  \-[IDENT] Node: 'idList2188_'
             +-[COLON] Node: ':'
             |  \-[IDENT] Node: 'idList2189_'
             +-[COLON] Node: ':'
             |  \-[IDENT] Node: 'idList2190_'
             +-[COLON] Node: ':'
             |  \-[IDENT] Node: 'idList2191_'
             +-[COLON] Node: ':'
             |  \-[IDENT] Node: 'idList2192_'
             +-[COLON] Node: ':'
             |  \-[IDENT] Node: 'idList2193_'
             +-[COLON] Node: ':'
             |  \-[IDENT] Node: 'idList2194_'
             +-[COLON] Node: ':'
             |  \-[IDENT] Node: 'idList2195_'
             +-[COLON] Node: ':'
             |  \-[IDENT] Node: 'idList2196_'
             +-[COLON] Node: ':'
             |  \-[IDENT] Node: 'idList2197_'
             +-[COLON] Node: ':'
             |  \-[IDENT] Node: 'idList2198_'
             +-[COLON] Node: ':'
             |  \-[IDENT] Node: 'idList2199_'
             +-[COLON] Node: ':'
             |  \-[IDENT] Node: 'idList2200_'
             +-[COLON] Node: ':'
             |  \-[IDENT] Node: 'idList2201_'
             +-[COLON] Node: ':'
             |  \-[IDENT] Node: 'idList2202_'
             +-[COLON] Node: ':'
             |  \-[IDENT] Node: 'idList2203_'
             +-[COLON] Node: ':'
             |  \-[IDENT] Node: 'idList2204_'
             +-[COLON] Node: ':'
             |  \-[IDENT] Node: 'idList2205_'
             +-[COLON] Node: ':'
             |  \-[IDENT] Node: 'idList2206_'
             +-[COLON] Node: ':'
             |  \-[IDENT] Node: 'idList2207_'
             +-[COLON] Node: ':'
             |  \-[IDENT] Node: 'idList2208_'
             +-[COLON] Node: ':'
             |  \-[IDENT] Node: 'idList2209_'
             +-[COLON] Node: ':'
             |  \-[IDENT] Node: 'idList2210_'
             +-[COLON] Node: ':'
             |  \-[IDENT] Node: 'idList2211_'
             +-[COLON] Node: ':'
             |  \-[IDENT] Node: 'idList2212_'
             +-[COLON] Node: ':'
             |  \-[IDENT] Node: 'idList2213_'
             +-[COLON] Node: ':'
             |  \-[IDENT] Node: 'idList2214_'
             +-[COLON] Node: ':'
             |  \-[IDENT] Node: 'idList2215_'
             +-[COLON] Node: ':'
             |  \-[IDENT] Node: 'idList2216_'
             +-[COLON] Node: ':'
             |  \-[IDENT] Node: 'idList2217_'
             +-[COLON] Node: ':'
             |  \-[IDENT] Node: 'idList2218_'
             +-[COLON] Node: ':'
             |  \-[IDENT] Node: 'idList2219_'
             +-[COLON] Node: ':'
             |  \-[IDENT] Node: 'idList2220_'
             +-[COLON] Node: ':'
             |  \-[IDENT] Node: 'idList2221_'
             +-[COLON] Node: ':'
             |  \-[IDENT] Node: 'idList2222_'
             +-[COLON] Node: ':'
             |  \-[IDENT] Node: 'idList2223_'
             +-[COLON] Node: ':'
             |  \-[IDENT] Node: 'idList2224_'
             +-[COLON] Node: ':'
             |  \-[IDENT] Node: 'idList2225_'
             +-[COLON] Node: ':'
             |  \-[IDENT] Node: 'idList2226_'
             +-[COLON] Node: ':'
             |  \-[IDENT] Node: 'idList2227_'
             +-[COLON] Node: ':'
             |  \-[IDENT] Node: 'idList2228_'
             +-[COLON] Node: ':'
             |  \-[IDENT] Node: 'idList2229_'
             +-[COLON] Node: ':'
             |  \-[IDENT] Node: 'idList2230_'
             +-[COLON] Node: ':'
             |  \-[IDENT] Node: 'idList2231_'
             +-[COLON] Node: ':'
             |  \-[IDENT] Node: 'idList2232_'
             +-[COLON] Node: ':'
             |  \-[IDENT] Node: 'idList2233_'
             +-[COLON] Node: ':'
             |  \-[IDENT] Node: 'idList2234_'
             +-[COLON] Node: ':'
             |  \-[IDENT] Node: 'idList2235_'
             +-[COLON] Node: ':'
             |  \-[IDENT] Node: 'idList2236_'
             +-[COLON] Node: ':'
             |  \-[IDENT] Node: 'idList2237_'
             +-[COLON] Node: ':'
             |  \-[IDENT] Node: 'idList2238_'
             +-[COLON] Node: ':'
             |  \-[IDENT] Node: 'idList2239_'
             +-[COLON] Node: ':'
             |  \-[IDENT] Node: 'idList2240_'
             +-[COLON] Node: ':'
             |  \-[IDENT] Node: 'idList2241_'
             +-[COLON] Node: ':'
             |  \-[IDENT] Node: 'idList2242_'
             +-[COLON] Node: ':'
             |  \-[IDENT] Node: 'idList2243_'
             +-[COLON] Node: ':'
             |  \-[IDENT] Node: 'idList2244_'
             +-[COLON] Node: ':'
             |  \-[IDENT] Node: 'idList2245_'
             +-[COLON] Node: ':'
             |  \-[IDENT] Node: 'idList2246_'
             +-[COLON] Node: ':'
             |  \-[IDENT] Node: 'idList2247_'
             +-[COLON] Node: ':'
             |  \-[IDENT] Node: 'idList2248_'
             +-[COLON] Node: ':'
             |  \-[IDENT] Node: 'idList2249_'
             +-[COLON] Node: ':'
             |  \-[IDENT] Node: 'idList2250_'
             +-[COLON] Node: ':'
             |  \-[IDENT] Node: 'idList2251_'
             +-[COLON] Node: ':'
             |  \-[IDENT] Node: 'idList2252_'
             +-[COLON] Node: ':'
             |  \-[IDENT] Node: 'idList2253_'
             +-[COLON] Node: ':'
             |  \-[IDENT] Node: 'idList2254_'
             +-[COLON] Node: ':'
             |  \-[IDENT] Node: 'idList2255_'
             +-[COLON] Node: ':'
             |  \-[IDENT] Node: 'idList2256_'
             +-[COLON] Node: ':'
             |  \-[IDENT] Node: 'idList2257_'
             +-[COLON] Node: ':'
             |  \-[IDENT] Node: 'idList2258_'
             +-[COLON] Node: ':'
             |  \-[IDENT] Node: 'idList2259_'
             +-[COLON] Node: ':'
             |  \-[IDENT] Node: 'idList2260_'
             +-[COLON] Node: ':'
             |  \-[IDENT] Node: 'idList2261_'
             +-[COLON] Node: ':'
             |  \-[IDENT] Node: 'idList2262_'
             +-[COLON] Node: ':'
             |  \-[IDENT] Node: 'idList2263_'
             +-[COLON] Node: ':'
             |  \-[IDENT] Node: 'idList2264_'
             +-[COLON] Node: ':'
             |  \-[IDENT] Node: 'idList2265_'
             +-[COLON] Node: ':'
             |  \-[IDENT] Node: 'idList2266_'
             +-[COLON] Node: ':'
             |  \-[IDENT] Node: 'idList2267_'
             +-[COLON] Node: ':'
             |  \-[IDENT] Node: 'idList2268_'
             +-[COLON] Node: ':'
             |  \-[IDENT] Node: 'idList2269_'
             +-[COLON] Node: ':'
             |  \-[IDENT] Node: 'idList2270_'
             +-[COLON] Node: ':'
             |  \-[IDENT] Node: 'idList2271_'
             +-[COLON] Node: ':'
             |  \-[IDENT] Node: 'idList2272_'
             +-[COLON] Node: ':'
             |  \-[IDENT] Node: 'idList2273_'
             +-[COLON] Node: ':'
             |  \-[IDENT] Node: 'idList2274_'
             +-[COLON] Node: ':'
             |  \-[IDENT] Node: 'idList2275_'
             +-[COLON] Node: ':'
             |  \-[IDENT] Node: 'idList2276_'
             +-[COLON] Node: ':'
             |  \-[IDENT] Node: 'idList2277_'
             +-[COLON] Node: ':'
             |  \-[IDENT] Node: 'idList2278_'
             +-[COLON] Node: ':'
             |  \-[IDENT] Node: 'idList2279_'
             +-[COLON] Node: ':'
             |  \-[IDENT] Node: 'idList2280_'
             +-[COLON] Node: ':'
             |  \-[IDENT] Node: 'idList2281_'
             +-[COLON] Node: ':'
             |  \-[IDENT] Node: 'idList2282_'
             +-[COLON] Node: ':'
             |  \-[IDENT] Node: 'idList2283_'
             +-[COLON] Node: ':'
             |  \-[IDENT] Node: 'idList2284_'
             +-[COLON] Node: ':'
             |  \-[IDENT] Node: 'idList2285_'
             +-[COLON] Node: ':'
             |  \-[IDENT] Node: 'idList2286_'
             +-[COLON] Node: ':'
             |  \-[IDENT] Node: 'idList2287_'
             +-[COLON] Node: ':'
             |  \-[IDENT] Node: 'idList2288_'
             +-[COLON] Node: ':'
             |  \-[IDENT] Node: 'idList2289_'
             +-[COLON] Node: ':'
             |  \-[IDENT] Node: 'idList2290_'
             +-[COLON] Node: ':'
             |  \-[IDENT] Node: 'idList2291_'
             +-[COLON] Node: ':'
             |  \-[IDENT] Node: 'idList2292_'
             +-[COLON] Node: ':'
             |  \-[IDENT] Node: 'idList2293_'
             +-[COLON] Node: ':'
             |  \-[IDENT] Node: 'idList2294_'
             +-[COLON] Node: ':'
             |  \-[IDENT] Node: 'idList2295_'
             +-[COLON] Node: ':'
             |  \-[IDENT] Node: 'idList2296_'
             +-[COLON] Node: ':'
             |  \-[IDENT] Node: 'idList2297_'
             +-[COLON] Node: ':'
             |  \-[IDENT] Node: 'idList2298_'
             +-[COLON] Node: ':'
             |  \-[IDENT] Node: 'idList2299_'
             +-[COLON] Node: ':'
             |  \-[IDENT] Node: 'idList2300_'
             +-[COLON] Node: ':'
             |  \-[IDENT] Node: 'idList2301_'
             +-[COLON] Node: ':'
             |  \-[IDENT] Node: 'idList2302_'
             +-[COLON] Node: ':'
             |  \-[IDENT] Node: 'idList2303_'
             +-[COLON] Node: ':'
             |  \-[IDENT] Node: 'idList2304_'
             +-[COLON] Node: ':'
             |  \-[IDENT] Node: 'idList2305_'
             +-[COLON] Node: ':'
             |  \-[IDENT] Node: 'idList2306_'
             +-[COLON] Node: ':'
             |  \-[IDENT] Node: 'idList2307_'
             +-[COLON] Node: ':'
             |  \-[IDENT] Node: 'idList2308_'
             +-[COLON] Node: ':'
             |  \-[IDENT] Node: 'idList2309_'
             +-[COLON] Node: ':'
             |  \-[IDENT] Node: 'idList2310_'
             +-[COLON] Node: ':'
             |  \-[IDENT] Node: 'idList2311_'
             +-[COLON] Node: ':'
             |  \-[IDENT] Node: 'idList2312_'
             +-[COLON] Node: ':'
             |  \-[IDENT] Node: 'idList2313_'
             +-[COLON] Node: ':'
             |  \-[IDENT] Node: 'idList2314_'
             +-[COLON] Node: ':'
             |  \-[IDENT] Node: 'idList2315_'
             +-[COLON] Node: ':'
             |  \-[IDENT] Node: 'idList2316_'
             +-[COLON] Node: ':'
             |  \-[IDENT] Node: 'idList2317_'
             +-[COLON] Node: ':'
             |  \-[IDENT] Node: 'idList2318_'
             +-[COLON] Node: ':'
             |  \-[IDENT] Node: 'idList2319_'
             +-[COLON] Node: ':'
             |  \-[IDENT] Node: 'idList2320_'
             +-[COLON] Node: ':'
             |  \-[IDENT] Node: 'idList2321_'
             +-[COLON] Node: ':'
             |  \-[IDENT] Node: 'idList2322_'
             +-[COLON] Node: ':'
             |  \-[IDENT] Node: 'idList2323_'
             +-[COLON] Node: ':'
             |  \-[IDENT] Node: 'idList2324_'
             +-[COLON] Node: ':'
             |  \-[IDENT] Node: 'idList2325_'
             +-[COLON] Node: ':'
             |  \-[IDENT] Node: 'idList2326_'
             +-[COLON] Node: ':'
             |  \-[IDENT] Node: 'idList2327_'
             +-[COLON] Node: ':'
             |  \-[IDENT] Node: 'idList2328_'
             +-[COLON] Node: ':'
             |  \-[IDENT] Node: 'idList2329_'
             +-[COLON] Node: ':'
             |  \-[IDENT] Node: 'idList2330_'
             +-[COLON] Node: ':'
             |  \-[IDENT] Node: 'idList2331_'
             +-[COLON] Node: ':'
             |  \-[IDENT] Node: 'idList2332_'
             +-[COLON] Node: ':'
             |  \-[IDENT] Node: 'idList2333_'
             +-[COLON] Node: ':'
             |  \-[IDENT] Node: 'idList2334_'
             +-[COLON] Node: ':'
             |  \-[IDENT] Node: 'idList2335_'
             +-[COLON] Node: ':'
             |  \-[IDENT] Node: 'idList2336_'
             +-[COLON] Node: ':'
             |  \-[IDENT] Node: 'idList2337_'
             +-[COLON] Node: ':'
             |  \-[IDENT] Node: 'idList2338_'
             +-[COLON] Node: ':'
             |  \-[IDENT] Node: 'idList2339_'
             +-[COLON] Node: ':'
             |  \-[IDENT] Node: 'idList2340_'
             +-[COLON] Node: ':'
             |  \-[IDENT] Node: 'idList2341_'
             +-[COLON] Node: ':'
             |  \-[IDENT] Node: 'idList2342_'
             +-[COLON] Node: ':'
             |  \-[IDENT] Node: 'idList2343_'
             +-[COLON] Node: ':'
             |  \-[IDENT] Node: 'idList2344_'
             +-[COLON] Node: ':'
             |  \-[IDENT] Node: 'idList2345_'
             +-[COLON] Node: ':'
             |  \-[IDENT] Node: 'idList2346_'
             +-[COLON] Node: ':'
             |  \-[IDENT] Node: 'idList2347_'
             +-[COLON] Node: ':'
             |  \-[IDENT] Node: 'idList2348_'
             +-[COLON] Node: ':'
             |  \-[IDENT] Node: 'idList2349_'
             +-[COLON] Node: ':'
             |  \-[IDENT] Node: 'idList2350_'
             +-[COLON] Node: ':'
             |  \-[IDENT] Node: 'idList2351_'
             +-[COLON] Node: ':'
             |  \-[IDENT] Node: 'idList2352_'
             +-[COLON] Node: ':'
             |  \-[IDENT] Node: 'idList2353_'
             +-[COLON] Node: ':'
             |  \-[IDENT] Node: 'idList2354_'
             +-[COLON] Node: ':'
             |  \-[IDENT] Node: 'idList2355_'
             +-[COLON] Node: ':'
             |  \-[IDENT] Node: 'idList2356_'
             +-[COLON] Node: ':'
             |  \-[IDENT] Node: 'idList2357_'
             +-[COLON] Node: ':'
             |  \-[IDENT] Node: 'idList2358_'
             +-[COLON] Node: ':'
             |  \-[IDENT] Node: 'idList2359_'
             +-[COLON] Node: ':'
             |  \-[IDENT] Node: 'idList2360_'
             +-[COLON] Node: ':'
             |  \-[IDENT] Node: 'idList2361_'
             +-[COLON] Node: ':'
             |  \-[IDENT] Node: 'idList2362_'
             +-[COLON] Node: ':'
             |  \-[IDENT] Node: 'idList2363_'
             +-[COLON] Node: ':'
             |  \-[IDENT] Node: 'idList2364_'
             +-[COLON] Node: ':'
             |  \-[IDENT] Node: 'idList2365_'
             +-[COLON] Node: ':'
             |  \-[IDENT] Node: 'idList2366_'
             +-[COLON] Node: ':'
             |  \-[IDENT] Node: 'idList2367_'
             +-[COLON] Node: ':'
             |  \-[IDENT] Node: 'idList2368_'
             +-[COLON] Node: ':'
             |  \-[IDENT] Node: 'idList2369_'
             +-[COLON] Node: ':'
             |  \-[IDENT] Node: 'idList2370_'
             +-[COLON] Node: ':'
             |  \-[IDENT] Node: 'idList2371_'
             +-[COLON] Node: ':'
             |  \-[IDENT] Node: 'idList2372_'
             +-[COLON] Node: ':'
             |  \-[IDENT] Node: 'idList2373_'
             +-[COLON] Node: ':'
             |  \-[IDENT] Node: 'idList2374_'
             +-[COLON] Node: ':'
             |  \-[IDENT] Node: 'idList2375_'
             +-[COLON] Node: ':'
             |  \-[IDENT] Node: 'idList2376_'
             +-[COLON] Node: ':'
             |  \-[IDENT] Node: 'idList2377_'
             +-[COLON] Node: ':'
             |  \-[IDENT] Node: 'idList2378_'
             +-[COLON] Node: ':'
             |  \-[IDENT] Node: 'idList2379_'
             +-[COLON] Node: ':'
             |  \-[IDENT] Node: 'idList2380_'
             +-[COLON] Node: ':'
             |  \-[IDENT] Node: 'idList2381_'
             +-[COLON] Node: ':'
             |  \-[IDENT] Node: 'idList2382_'
             +-[COLON] Node: ':'
             |  \-[IDENT] Node: 'idList2383_'
             +-[COLON] Node: ':'
             |  \-[IDENT] Node: 'idList2384_'
             +-[COLON] Node: ':'
             |  \-[IDENT] Node: 'idList2385_'
             +-[COLON] Node: ':'
             |  \-[IDENT] Node: 'idList2386_'
             +-[COLON] Node: ':'
             |  \-[IDENT] Node: 'idList2387_'
             +-[COLON] Node: ':'
             |  \-[IDENT] Node: 'idList2388_'
             +-[COLON] Node: ':'
             |  \-[IDENT] Node: 'idList2389_'
             +-[COLON] Node: ':'
             |  \-[IDENT] Node: 'idList2390_'
             +-[COLON] Node: ':'
             |  \-[IDENT] Node: 'idList2391_'
             +-[COLON] Node: ':'
             |  \-[IDENT] Node: 'idList2392_'
             +-[COLON] Node: ':'
             |  \-[IDENT] Node: 'idList2393_'
             +-[COLON] Node: ':'
             |  \-[IDENT] Node: 'idList2394_'
             +-[COLON] Node: ':'
             |  \-[IDENT] Node: 'idList2395_'
             +-[COLON] Node: ':'
             |  \-[IDENT] Node: 'idList2396_'
             +-[COLON] Node: ':'
             |  \-[IDENT] Node: 'idList2397_'
             +-[COLON] Node: ':'
             |  \-[IDENT] Node: 'idList2398_'
             +-[COLON] Node: ':'
             |  \-[IDENT] Node: 'idList2399_'
             +-[COLON] Node: ':'
             |  \-[IDENT] Node: 'idList2400_'
             +-[COLON] Node: ':'
             |  \-[IDENT] Node: 'idList2401_'
             +-[COLON] Node: ':'
             |  \-[IDENT] Node: 'idList2402_'
             +-[COLON] Node: ':'
             |  \-[IDENT] Node: 'idList2403_'
             +-[COLON] Node: ':'
             |  \-[IDENT] Node: 'idList2404_'
             +-[COLON] Node: ':'
             |  \-[IDENT] Node: 'idList2405_'
             +-[COLON] Node: ':'
             |  \-[IDENT] Node: 'idList2406_'
             +-[COLON] Node: ':'
             |  \-[IDENT] Node: 'idList2407_'
             +-[COLON] Node: ':'
             |  \-[IDENT] Node: 'idList2408_'
             +-[COLON] Node: ':'
             |  \-[IDENT] Node: 'idList2409_'
             +-[COLON] Node: ':'
             |  \-[IDENT] Node: 'idList2410_'
             +-[COLON] Node: ':'
             |  \-[IDENT] Node: 'idList2411_'
             +-[COLON] Node: ':'
             |  \-[IDENT] Node: 'idList2412_'
             +-[COLON] Node: ':'
             |  \-[IDENT] Node: 'idList2413_'
             +-[COLON] Node: ':'
             |  \-[IDENT] Node: 'idList2414_'
             +-[COLON] Node: ':'
             |  \-[IDENT] Node: 'idList2415_'
             +-[COLON] Node: ':'
             |  \-[IDENT] Node: 'idList2416_'
             +-[COLON] Node: ':'
             |  \-[IDENT] Node: 'idList2417_'
             +-[COLON] Node: ':'
             |  \-[IDENT] Node: 'idList2418_'
             +-[COLON] Node: ':'
             |  \-[IDENT] Node: 'idList2419_'
             +-[COLON] Node: ':'
             |  \-[IDENT] Node: 'idList2420_'
             +-[COLON] Node: ':'
             |  \-[IDENT] Node: 'idList2421_'
             +-[COLON] Node: ':'
             |  \-[IDENT] Node: 'idList2422_'
             +-[COLON] Node: ':'
             |  \-[IDENT] Node: 'idList2423_'
             +-[COLON] Node: ':'
             |  \-[IDENT] Node: 'idList2424_'
             +-[COLON] Node: ':'
             |  \-[IDENT] Node: 'idList2425_'
             +-[COLON] Node: ':'
             |  \-[IDENT] Node: 'idList2426_'
             +-[COLON] Node: ':'
             |  \-[IDENT] Node: 'idList2427_'
             +-[COLON] Node: ':'
             |  \-[IDENT] Node: 'idList2428_'
             +-[COLON] Node: ':'
             |  \-[IDENT] Node: 'idList2429_'
             +-[COLON] Node: ':'
             |  \-[IDENT] Node: 'idList2430_'
             +-[COLON] Node: ':'
             |  \-[IDENT] Node: 'idList2431_'
             +-[COLON] Node: ':'
             |  \-[IDENT] Node: 'idList2432_'
             +-[COLON] Node: ':'
             |  \-[IDENT] Node: 'idList2433_'
             +-[COLON] Node: ':'
             |  \-[IDENT] Node: 'idList2434_'
             +-[COLON] Node: ':'
             |  \-[IDENT] Node: 'idList2435_'
             +-[COLON] Node: ':'
             |  \-[IDENT] Node: 'idList2436_'
             +-[COLON] Node: ':'
             |  \-[IDENT] Node: 'idList2437_'
             +-[COLON] Node: ':'
             |  \-[IDENT] Node: 'idList2438_'
             +-[COLON] Node: ':'
             |  \-[IDENT] Node: 'idList2439_'
             +-[COLON] Node: ':'
             |  \-[IDENT] Node: 'idList2440_'
             +-[COLON] Node: ':'
             |  \-[IDENT] Node: 'idList2441_'
             +-[COLON] Node: ':'
             |  \-[IDENT] Node: 'idList2442_'
             +-[COLON] Node: ':'
             |  \-[IDENT] Node: 'idList2443_'
             +-[COLON] Node: ':'
             |  \-[IDENT] Node: 'idList2444_'
             +-[COLON] Node: ':'
             |  \-[IDENT] Node: 'idList2445_'
             +-[COLON] Node: ':'
             |  \-[IDENT] Node: 'idList2446_'
             +-[COLON] Node: ':'
             |  \-[IDENT] Node: 'idList2447_'
             +-[COLON] Node: ':'
             |  \-[IDENT] Node: 'idList2448_'
             +-[COLON] Node: ':'
             |  \-[IDENT] Node: 'idList2449_'
             +-[COLON] Node: ':'
             |  \-[IDENT] Node: 'idList2450_'
             +-[COLON] Node: ':'
             |  \-[IDENT] Node: 'idList2451_'
             +-[COLON] Node: ':'
             |  \-[IDENT] Node: 'idList2452_'
             +-[COLON] Node: ':'
             |  \-[IDENT] Node: 'idList2453_'
             +-[COLON] Node: ':'
             |  \-[IDENT] Node: 'idList2454_'
             +-[COLON] Node: ':'
             |  \-[IDENT] Node: 'idList2455_'
             +-[COLON] Node: ':'
             |  \-[IDENT] Node: 'idList2456_'
             +-[COLON] Node: ':'
             |  \-[IDENT] Node: 'idList2457_'
             +-[COLON] Node: ':'
             |  \-[IDENT] Node: 'idList2458_'
             +-[COLON] Node: ':'
             |  \-[IDENT] Node: 'idList2459_'
             +-[COLON] Node: ':'
             |  \-[IDENT] Node: 'idList2460_'
             +-[COLON] Node: ':'
             |  \-[IDENT] Node: 'idList2461_'
             +-[COLON] Node: ':'
             |  \-[IDENT] Node: 'idList2462_'
             +-[COLON] Node: ':'
             |  \-[IDENT] Node: 'idList2463_'
             +-[COLON] Node: ':'
             |  \-[IDENT] Node: 'idList2464_'
             +-[COLON] Node: ':'
             |  \-[IDENT] Node: 'idList2465_'
             +-[COLON] Node: ':'
             |  \-[IDENT] Node: 'idList2466_'
             +-[COLON] Node: ':'
             |  \-[IDENT] Node: 'idList2467_'
             +-[COLON] Node: ':'
             |  \-[IDENT] Node: 'idList2468_'
             +-[COLON] Node: ':'
             |  \-[IDENT] Node: 'idList2469_'
             +-[COLON] Node: ':'
             |  \-[IDENT] Node: 'idList2470_'
             +-[COLON] Node: ':'
             |  \-[IDENT] Node: 'idList2471_'
             +-[COLON] Node: ':'
             |  \-[IDENT] Node: 'idList2472_'
             +-[COLON] Node: ':'
             |  \-[IDENT] Node: 'idList2473_'
             +-[COLON] Node: ':'
             |  \-[IDENT] Node: 'idList2474_'
             +-[COLON] Node: ':'
             |  \-[IDENT] Node: 'idList2475_'
             +-[COLON] Node: ':'
             |  \-[IDENT] Node: 'idList2476_'
             +-[COLON] Node: ':'
             |  \-[IDENT] Node: 'idList2477_'
             +-[COLON] Node: ':'
             |  \-[IDENT] Node: 'idList2478_'
             +-[COLON] Node: ':'
             |  \-[IDENT] Node: 'idList2479_'
             +-[COLON] Node: ':'
             |  \-[IDENT] Node: 'idList2480_'
             +-[COLON] Node: ':'
             |  \-[IDENT] Node: 'idList2481_'
             +-[COLON] Node: ':'
             |  \-[IDENT] Node: 'idList2482_'
             +-[COLON] Node: ':'
             |  \-[IDENT] Node: 'idList2483_'
             +-[COLON] Node: ':'
             |  \-[IDENT] Node: 'idList2484_'
             +-[COLON] Node: ':'
             |  \-[IDENT] Node: 'idList2485_'
             +-[COLON] Node: ':'
             |  \-[IDENT] Node: 'idList2486_'
             +-[COLON] Node: ':'
             |  \-[IDENT] Node: 'idList2487_'
             +-[COLON] Node: ':'
             |  \-[IDENT] Node: 'idList2488_'
             +-[COLON] Node: ':'
             |  \-[IDENT] Node: 'idList2489_'
             +-[COLON] Node: ':'
             |  \-[IDENT] Node: 'idList2490_'
             +-[COLON] Node: ':'
             |  \-[IDENT] Node: 'idList2491_'
             +-[COLON] Node: ':'
             |  \-[IDENT] Node: 'idList2492_'
             +-[COLON] Node: ':'
             |  \-[IDENT] Node: 'idList2493_'
             +-[COLON] Node: ':'
             |  \-[IDENT] Node: 'idList2494_'
             +-[COLON] Node: ':'
             |  \-[IDENT] Node: 'idList2495_'
             +-[COLON] Node: ':'
             |  \-[IDENT] Node: 'idList2496_'
             +-[COLON] Node: ':'
             |  \-[IDENT] Node: 'idList2497_'
             +-[COLON] Node: ':'
             |  \-[IDENT] Node: 'idList2498_'
             +-[COLON] Node: ':'
             |  \-[IDENT] Node: 'idList2499_'
             +-[COLON] Node: ':'
             |  \-[IDENT] Node: 'idList2500_'
             +-[COLON] Node: ':'
             |  \-[IDENT] Node: 'idList2501_'
             +-[COLON] Node: ':'
             |  \-[IDENT] Node: 'idList2502_'
             +-[COLON] Node: ':'
             |  \-[IDENT] Node: 'idList2503_'
             +-[COLON] Node: ':'
             |  \-[IDENT] Node: 'idList2504_'
             +-[COLON] Node: ':'
             |  \-[IDENT] Node: 'idList2505_'
             +-[COLON] Node: ':'
             |  \-[IDENT] Node: 'idList2506_'
             +-[COLON] Node: ':'
             |  \-[IDENT] Node: 'idList2507_'
             +-[COLON] Node: ':'
             |  \-[IDENT] Node: 'idList2508_'
             +-[COLON] Node: ':'
             |  \-[IDENT] Node: 'idList2509_'
             +-[COLON] Node: ':'
             |  \-[IDENT] Node: 'idList2510_'
             +-[COLON] Node: ':'
             |  \-[IDENT] Node: 'idList2511_'
             +-[COLON] Node: ':'
             |  \-[IDENT] Node: 'idList2512_'
             +-[COLON] Node: ':'
             |  \-[IDENT] Node: 'idList2513_'
             +-[COLON] Node: ':'
             |  \-[IDENT] Node: 'idList2514_'
             +-[COLON] Node: ':'
             |  \-[IDENT] Node: 'idList2515_'
             +-[COLON] Node: ':'
             |  \-[IDENT] Node: 'idList2516_'
             +-[COLON] Node: ':'
             |  \-[IDENT] Node: 'idList2517_'
             +-[COLON] Node: ':'
             |  \-[IDENT] Node: 'idList2518_'
             +-[COLON] Node: ':'
             |  \-[IDENT] Node: 'idList2519_'
             +-[COLON] Node: ':'
             |  \-[IDENT] Node: 'idList2520_'
             +-[COLON] Node: ':'
             |  \-[IDENT] Node: 'idList2521_'
             +-[COLON] Node: ':'
             |  \-[IDENT] Node: 'idList2522_'
             +-[COLON] Node: ':'
             |  \-[IDENT] Node: 'idList2523_'
             +-[COLON] Node: ':'
             |  \-[IDENT] Node: 'idList2524_'
             +-[COLON] Node: ':'
             |  \-[IDENT] Node: 'idList2525_'
             +-[COLON] Node: ':'
             |  \-[IDENT] Node: 'idList2526_'
             +-[COLON] Node: ':'
             |  \-[IDENT] Node: 'idList2527_'
             +-[COLON] Node: ':'
             |  \-[IDENT] Node: 'idList2528_'
             +-[COLON] Node: ':'
             |  \-[IDENT] Node: 'idList2529_'
             +-[COLON] Node: ':'
             |  \-[IDENT] Node: 'idList2530_'
             +-[COLON] Node: ':'
             |  \-[IDENT] Node: 'idList2531_'
             +-[COLON] Node: ':'
             |  \-[IDENT] Node: 'idList2532_'
             +-[COLON] Node: ':'
             |  \-[IDENT] Node: 'idList2533_'
             +-[COLON] Node: ':'
             |  \-[IDENT] Node: 'idList2534_'
             +-[COLON] Node: ':'
             |  \-[IDENT] Node: 'idList2535_'
             +-[COLON] Node: ':'
             |  \-[IDENT] Node: 'idList2536_'
             +-[COLON] Node: ':'
             |  \-[IDENT] Node: 'idList2537_'
             +-[COLON] Node: ':'
             |  \-[IDENT] Node: 'idList2538_'
             +-[COLON] Node: ':'
             |  \-[IDENT] Node: 'idList2539_'
             +-[COLON] Node: ':'
             |  \-[IDENT] Node: 'idList2540_'
             +-[COLON] Node: ':'
             |  \-[IDENT] Node: 'idList2541_'
             +-[COLON] Node: ':'
             |  \-[IDENT] Node: 'idList2542_'
             +-[COLON] Node: ':'
             |  \-[IDENT] Node: 'idList2543_'
             +-[COLON] Node: ':'
             |  \-[IDENT] Node: 'idList2544_'
             +-[COLON] Node: ':'
             |  \-[IDENT] Node: 'idList2545_'
             +-[COLON] Node: ':'
             |  \-[IDENT] Node: 'idList2546_'
             +-[COLON] Node: ':'
             |  \-[IDENT] Node: 'idList2547_'
             +-[COLON] Node: ':'
             |  \-[IDENT] Node: 'idList2548_'
             +-[COLON] Node: ':'
             |  \-[IDENT] Node: 'idList2549_'
             +-[COLON] Node: ':'
             |  \-[IDENT] Node: 'idList2550_'
             +-[COLON] Node: ':'
             |  \-[IDENT] Node: 'idList2551_'
             +-[COLON] Node: ':'
             |  \-[IDENT] Node: 'idList2552_'
             +-[COLON] Node: ':'
             |  \-[IDENT] Node: 'idList2553_'
             +-[COLON] Node: ':'
             |  \-[IDENT] Node: 'idList2554_'
             +-[COLON] Node: ':'
             |  \-[IDENT] Node: 'idList2555_'
             +-[COLON] Node: ':'
             |  \-[IDENT] Node: 'idList2556_'
             +-[COLON] Node: ':'
             |  \-[IDENT] Node: 'idList2557_'
             +-[COLON] Node: ':'
             |  \-[IDENT] Node: 'idList2558_'
             +-[COLON] Node: ':'
             |  \-[IDENT] Node: 'idList2559_'
             +-[COLON] Node: ':'
             |  \-[IDENT] Node: 'idList2560_'
             +-[COLON] Node: ':'
             |  \-[IDENT] Node: 'idList2561_'
             +-[COLON] Node: ':'
             |  \-[IDENT] Node: 'idList2562_'
             +-[COLON] Node: ':'
             |  \-[IDENT] Node: 'idList2563_'
             +-[COLON] Node: ':'
             |  \-[IDENT] Node: 'idList2564_'
             +-[COLON] Node: ':'
             |  \-[IDENT] Node: 'idList2565_'
             +-[COLON] Node: ':'
             |  \-[IDENT] Node: 'idList2566_'
             +-[COLON] Node: ':'
             |  \-[IDENT] Node: 'idList2567_'
             +-[COLON] Node: ':'
             |  \-[IDENT] Node: 'idList2568_'
             +-[COLON] Node: ':'
             |  \-[IDENT] Node: 'idList2569_'
             +-[COLON] Node: ':'
             |  \-[IDENT] Node: 'idList2570_'
             +-[COLON] Node: ':'
             |  \-[IDENT] Node: 'idList2571_'
             +-[COLON] Node: ':'
             |  \-[IDENT] Node: 'idList2572_'
             +-[COLON] Node: ':'
             |  \-[IDENT] Node: 'idList2573_'
             +-[COLON] Node: ':'
             |  \-[IDENT] Node: 'idList2574_'
             +-[COLON] Node: ':'
             |  \-[IDENT] Node: 'idList2575_'
             +-[COLON] Node: ':'
             |  \-[IDENT] Node: 'idList2576_'
             +-[COLON] Node: ':'
             |  \-[IDENT] Node: 'idList2577_'
             +-[COLON] Node: ':'
             |  \-[IDENT] Node: 'idList2578_'
             +-[COLON] Node: ':'
             |  \-[IDENT] Node: 'idList2579_'
             +-[COLON] Node: ':'
             |  \-[IDENT] Node: 'idList2580_'
             +-[COLON] Node: ':'
             |  \-[IDENT] Node: 'idList2581_'
             +-[COLON] Node: ':'
             |  \-[IDENT] Node: 'idList2582_'
             +-[COLON] Node: ':'
             |  \-[IDENT] Node: 'idList2583_'
             +-[COLON] Node: ':'
             |  \-[IDENT] Node: 'idList2584_'
             +-[COLON] Node: ':'
             |  \-[IDENT] Node: 'idList2585_'
             +-[COLON] Node: ':'
             |  \-[IDENT] Node: 'idList2586_'
             +-[COLON] Node: ':'
             |  \-[IDENT] Node: 'idList2587_'
             +-[COLON] Node: ':'
             |  \-[IDENT] Node: 'idList2588_'
             +-[COLON] Node: ':'
             |  \-[IDENT] Node: 'idList2589_'
             +-[COLON] Node: ':'
             |  \-[IDENT] Node: 'idList2590_'
             +-[COLON] Node: ':'
             |  \-[IDENT] Node: 'idList2591_'
             +-[COLON] Node: ':'
             |  \-[IDENT] Node: 'idList2592_'
             +-[COLON] Node: ':'
             |  \-[IDENT] Node: 'idList2593_'
             +-[COLON] Node: ':'
             |  \-[IDENT] Node: 'idList2594_'
             +-[COLON] Node: ':'
             |  \-[IDENT] Node: 'idList2595_'
             +-[COLON] Node: ':'
             |  \-[IDENT] Node: 'idList2596_'
             +-[COLON] Node: ':'
             |  \-[IDENT] Node: 'idList2597_'
             +-[COLON] Node: ':'
             |  \-[IDENT] Node: 'idList2598_'
             +-[COLON] Node: ':'
             |  \-[IDENT] Node: 'idList2599_'
             +-[COLON] Node: ':'
             |  \-[IDENT] Node: 'idList2600_'
             +-[COLON] Node: ':'
             |  \-[IDENT] Node: 'idList2601_'
             +-[COLON] Node: ':'
             |  \-[IDENT] Node: 'idList2602_'
             +-[COLON] Node: ':'
             |  \-[IDENT] Node: 'idList2603_'
             +-[COLON] Node: ':'
             |  \-[IDENT] Node: 'idList2604_'
             +-[COLON] Node: ':'
             |  \-[IDENT] Node: 'idList2605_'
             +-[COLON] Node: ':'
             |  \-[IDENT] Node: 'idList2606_'
             +-[COLON] Node: ':'
             |  \-[IDENT] Node: 'idList2607_'
             +-[COLON] Node: ':'
             |  \-[IDENT] Node: 'idList2608_'
             +-[COLON] Node: ':'
             |  \-[IDENT] Node: 'idList2609_'
             +-[COLON] Node: ':'
             |  \-[IDENT] Node: 'idList2610_'
             +-[COLON] Node: ':'
             |  \-[IDENT] Node: 'idList2611_'
             +-[COLON] Node: ':'
             |  \-[IDENT] Node: 'idList2612_'
             +-[COLON] Node: ':'
             |  \-[IDENT] Node: 'idList2613_'
             +-[COLON] Node: ':'
             |  \-[IDENT] Node: 'idList2614_'
             +-[COLON] Node: ':'
             |  \-[IDENT] Node: 'idList2615_'
             +-[COLON] Node: ':'
             |  \-[IDENT] Node: 'idList2616_'
             +-[COLON] Node: ':'
             |  \-[IDENT] Node: 'idList2617_'
             +-[COLON] Node: ':'
             |  \-[IDENT] Node: 'idList2618_'
             +-[COLON] Node: ':'
             |  \-[IDENT] Node: 'idList2619_'
             +-[COLON] Node: ':'
             |  \-[IDENT] Node: 'idList2620_'
             +-[COLON] Node: ':'
             |  \-[IDENT] Node: 'idList2621_'
             +-[COLON] Node: ':'
             |  \-[IDENT] Node: 'idList2622_'
             +-[COLON] Node: ':'
             |  \-[IDENT] Node: 'idList2623_'
             +-[COLON] Node: ':'
             |  \-[IDENT] Node: 'idList2624_'
             +-[COLON] Node: ':'
             |  \-[IDENT] Node: 'idList2625_'
             +-[COLON] Node: ':'
             |  \-[IDENT] Node: 'idList2626_'
             +-[COLON] Node: ':'
             |  \-[IDENT] Node: 'idList2627_'
             +-[COLON] Node: ':'
             |  \-[IDENT] Node: 'idList2628_'
             +-[COLON] Node: ':'
             |  \-[IDENT] Node: 'idList2629_'
             +-[COLON] Node: ':'
             |  \-[IDENT] Node: 'idList2630_'
             +-[COLON] Node: ':'
             |  \-[IDENT] Node: 'idList2631_'
             +-[COLON] Node: ':'
             |  \-[IDENT] Node: 'idList2632_'
             +-[COLON] Node: ':'
             |  \-[IDENT] Node: 'idList2633_'
             +-[COLON] Node: ':'
             |  \-[IDENT] Node: 'idList2634_'
             +-[COLON] Node: ':'
             |  \-[IDENT] Node: 'idList2635_'
             +-[COLON] Node: ':'
             |  \-[IDENT] Node: 'idList2636_'
             +-[COLON] Node: ':'
             |  \-[IDENT] Node: 'idList2637_'
             +-[COLON] Node: ':'
             |  \-[IDENT] Node: 'idList2638_'
             +-[COLON] Node: ':'
             |  \-[IDENT] Node: 'idList2639_'
             +-[COLON] Node: ':'
             |  \-[IDENT] Node: 'idList2640_'
             +-[COLON] Node: ':'
             |  \-[IDENT] Node: 'idList2641_'
             +-[COLON] Node: ':'
             |  \-[IDENT] Node: 'idList2642_'
             +-[COLON] Node: ':'
             |  \-[IDENT] Node: 'idList2643_'
             +-[COLON] Node: ':'
             |  \-[IDENT] Node: 'idList2644_'
             +-[COLON] Node: ':'
             |  \-[IDENT] Node: 'idList2645_'
             +-[COLON] Node: ':'
             |  \-[IDENT] Node: 'idList2646_'
             +-[COLON] Node: ':'
             |  \-[IDENT] Node: 'idList2647_'
             +-[COLON] Node: ':'
             |  \-[IDENT] Node: 'idList2648_'
             +-[COLON] Node: ':'
             |  \-[IDENT] Node: 'idList2649_'
             +-[COLON] Node: ':'
             |  \-[IDENT] Node: 'idList2650_'
             +-[COLON] Node: ':'
             |  \-[IDENT] Node: 'idList2651_'
             +-[COLON] Node: ':'
             |  \-[IDENT] Node: 'idList2652_'
             +-[COLON] Node: ':'
             |  \-[IDENT] Node: 'idList2653_'
             +-[COLON] Node: ':'
             |  \-[IDENT] Node: 'idList2654_'
             +-[COLON] Node: ':'
             |  \-[IDENT] Node: 'idList2655_'
             +-[COLON] Node: ':'
             |  \-[IDENT] Node: 'idList2656_'
             +-[COLON] Node: ':'
             |  \-[IDENT] Node: 'idList2657_'
             +-[COLON] Node: ':'
             |  \-[IDENT] Node: 'idList2658_'
             +-[COLON] Node: ':'
             |  \-[IDENT] Node: 'idList2659_'
             +-[COLON] Node: ':'
             |  \-[IDENT] Node: 'idList2660_'
             +-[COLON] Node: ':'
             |  \-[IDENT] Node: 'idList2661_'
             +-[COLON] Node: ':'
             |  \-[IDENT] Node: 'idList2662_'
             +-[COLON] Node: ':'
             |  \-[IDENT] Node: 'idList2663_'
             +-[COLON] Node: ':'
             |  \-[IDENT] Node: 'idList2664_'
             +-[COLON] Node: ':'
             |  \-[IDENT] Node: 'idList2665_'
             +-[COLON] Node: ':'
             |  \-[IDENT] Node: 'idList2666_'
             +-[COLON] Node: ':'
             |  \-[IDENT] Node: 'idList2667_'
             +-[COLON] Node: ':'
             |  \-[IDENT] Node: 'idList2668_'
             +-[COLON] Node: ':'
             |  \-[IDENT] Node: 'idList2669_'
             +-[COLON] Node: ':'
             |  \-[IDENT] Node: 'idList2670_'
             +-[COLON] Node: ':'
             |  \-[IDENT] Node: 'idList2671_'
             +-[COLON] Node: ':'
             |  \-[IDENT] Node: 'idList2672_'
             +-[COLON] Node: ':'
             |  \-[IDENT] Node: 'idList2673_'
             +-[COLON] Node: ':'
             |  \-[IDENT] Node: 'idList2674_'
             +-[COLON] Node: ':'
             |  \-[IDENT] Node: 'idList2675_'
             +-[COLON] Node: ':'
             |  \-[IDENT] Node: 'idList2676_'
             +-[COLON] Node: ':'
             |  \-[IDENT] Node: 'idList2677_'
             +-[COLON] Node: ':'
             |  \-[IDENT] Node: 'idList2678_'
             +-[COLON] Node: ':'
             |  \-[IDENT] Node: 'idList2679_'
             +-[COLON] Node: ':'
             |  \-[IDENT] Node: 'idList2680_'
             +-[COLON] Node: ':'
             |  \-[IDENT] Node: 'idList2681_'
             +-[COLON] Node: ':'
             |  \-[IDENT] Node: 'idList2682_'
             +-[COLON] Node: ':'
             |  \-[IDENT] Node: 'idList2683_'
             +-[COLON] Node: ':'
             |  \-[IDENT] Node: 'idList2684_'
             +-[COLON] Node: ':'
             |  \-[IDENT] Node: 'idList2685_'
             +-[COLON] Node: ':'
             |  \-[IDENT] Node: 'idList2686_'
             +-[COLON] Node: ':'
             |  \-[IDENT] Node: 'idList2687_'
             +-[COLON] Node: ':'
             |  \-[IDENT] Node: 'idList2688_'
             +-[COLON] Node: ':'
             |  \-[IDENT] Node: 'idList2689_'
             +-[COLON] Node: ':'
             |  \-[IDENT] Node: 'idList2690_'
             +-[COLON] Node: ':'
             |  \-[IDENT] Node: 'idList2691_'
             +-[COLON] Node: ':'
             |  \-[IDENT] Node: 'idList2692_'
             +-[COLON] Node: ':'
             |  \-[IDENT] Node: 'idList2693_'
             +-[COLON] Node: ':'
             |  \-[IDENT] Node: 'idList2694_'
             +-[COLON] Node: ':'
             |  \-[IDENT] Node: 'idList2695_'
             +-[COLON] Node: ':'
             |  \-[IDENT] Node: 'idList2696_'
             +-[COLON] Node: ':'
             |  \-[IDENT] Node: 'idList2697_'
             +-[COLON] Node: ':'
             |  \-[IDENT] Node: 'idList2698_'
             +-[COLON] Node: ':'
             |  \-[IDENT] Node: 'idList2699_'
             +-[COLON] Node: ':'
             |  \-[IDENT] Node: 'idList2700_'
             +-[COLON] Node: ':'
             |  \-[IDENT] Node: 'idList2701_'
             +-[COLON] Node: ':'
             |  \-[IDENT] Node: 'idList2702_'
             +-[COLON] Node: ':'
             |  \-[IDENT] Node: 'idList2703_'
             +-[COLON] Node: ':'
             |  \-[IDENT] Node: 'idList2704_'
             +-[COLON] Node: ':'
             |  \-[IDENT] Node: 'idList2705_'
             +-[COLON] Node: ':'
             |  \-[IDENT] Node: 'idList2706_'
             +-[COLON] Node: ':'
             |  \-[IDENT] Node: 'idList2707_'
             +-[COLON] Node: ':'
             |  \-[IDENT] Node: 'idList2708_'
             +-[COLON] Node: ':'
             |  \-[IDENT] Node: 'idList2709_'
             +-[COLON] Node: ':'
             |  \-[IDENT] Node: 'idList2710_'
             +-[COLON] Node: ':'
             |  \-[IDENT] Node: 'idList2711_'
             +-[COLON] Node: ':'
             |  \-[IDENT] Node: 'idList2712_'
             +-[COLON] Node: ':'
             |  \-[IDENT] Node: 'idList2713_'
             +-[COLON] Node: ':'
             |  \-[IDENT] Node: 'idList2714_'
             +-[COLON] Node: ':'
             |  \-[IDENT] Node: 'idList2715_'
             +-[COLON] Node: ':'
             |  \-[IDENT] Node: 'idList2716_'
             +-[COLON] Node: ':'
             |  \-[IDENT] Node: 'idList2717_'
             +-[COLON] Node: ':'
             |  \-[IDENT] Node: 'idList2718_'
             +-[COLON] Node: ':'
             |  \-[IDENT] Node: 'idList2719_'
             +-[COLON] Node: ':'
             |  \-[IDENT] Node: 'idList2720_'
             +-[COLON] Node: ':'
             |  \-[IDENT] Node: 'idList2721_'
             +-[COLON] Node: ':'
             |  \-[IDENT] Node: 'idList2722_'
             +-[COLON] Node: ':'
             |  \-[IDENT] Node: 'idList2723_'
             +-[COLON] Node: ':'
             |  \-[IDENT] Node: 'idList2724_'
             +-[COLON] Node: ':'
             |  \-[IDENT] Node: 'idList2725_'
             +-[COLON] Node: ':'
             |  \-[IDENT] Node: 'idList2726_'
             +-[COLON] Node: ':'
             |  \-[IDENT] Node: 'idList2727_'
             +-[COLON] Node: ':'
             |  \-[IDENT] Node: 'idList2728_'
             +-[COLON] Node: ':'
             |  \-[IDENT] Node: 'idList2729_'
             +-[COLON] Node: ':'
             |  \-[IDENT] Node: 'idList2730_'
             +-[COLON] Node: ':'
             |  \-[IDENT] Node: 'idList2731_'
             +-[COLON] Node: ':'
             |  \-[IDENT] Node: 'idList2732_'
             +-[COLON] Node: ':'
             |  \-[IDENT] Node: 'idList2733_'
             +-[COLON] Node: ':'
             |  \-[IDENT] Node: 'idList2734_'
             +-[COLON] Node: ':'
             |  \-[IDENT] Node: 'idList2735_'
             +-[COLON] Node: ':'
             |  \-[IDENT] Node: 'idList2736_'
             +-[COLON] Node: ':'
             |  \-[IDENT] Node: 'idList2737_'
             +-[COLON] Node: ':'
             |  \-[IDENT] Node: 'idList2738_'
             +-[COLON] Node: ':'
             |  \-[IDENT] Node: 'idList2739_'
             +-[COLON] Node: ':'
             |  \-[IDENT] Node: 'idList2740_'
             +-[COLON] Node: ':'
             |  \-[IDENT] Node: 'idList2741_'
             +-[COLON] Node: ':'
             |  \-[IDENT] Node: 'idList2742_'
             +-[COLON] Node: ':'
             |  \-[IDENT] Node: 'idList2743_'
             +-[COLON] Node: ':'
             |  \-[IDENT] Node: 'idList2744_'
             +-[COLON] Node: ':'
             |  \-[IDENT] Node: 'idList2745_'
             +-[COLON] Node: ':'
             |  \-[IDENT] Node: 'idList2746_'
             +-[COLON] Node: ':'
             |  \-[IDENT] Node: 'idList2747_'
             +-[COLON] Node: ':'
             |  \-[IDENT] Node: 'idList2748_'
             +-[COLON] Node: ':'
             |  \-[IDENT] Node: 'idList2749_'
             +-[COLON] Node: ':'
             |  \-[IDENT] Node: 'idList2750_'
             +-[COLON] Node: ':'
             |  \-[IDENT] Node: 'idList2751_'
             +-[COLON] Node: ':'
             |  \-[IDENT] Node: 'idList2752_'
             +-[COLON] Node: ':'
             |  \-[IDENT] Node: 'idList2753_'
             +-[COLON] Node: ':'
             |  \-[IDENT] Node: 'idList2754_'
             +-[COLON] Node: ':'
             |  \-[IDENT] Node: 'idList2755_'
             +-[COLON] Node: ':'
             |  \-[IDENT] Node: 'idList2756_'
             +-[COLON] Node: ':'
             |  \-[IDENT] Node: 'idList2757_'
             +-[COLON] Node: ':'
             |  \-[IDENT] Node: 'idList2758_'
             +-[COLON] Node: ':'
             |  \-[IDENT] Node: 'idList2759_'
             +-[COLON] Node: ':'
             |  \-[IDENT] Node: 'idList2760_'
             +-[COLON] Node: ':'
             |  \-[IDENT] Node: 'idList2761_'
             +-[COLON] Node: ':'
             |  \-[IDENT] Node: 'idList2762_'
             +-[COLON] Node: ':'
             |  \-[IDENT] Node: 'idList2763_'
             +-[COLON] Node: ':'
             |  \-[IDENT] Node: 'idList2764_'
             +-[COLON] Node: ':'
             |  \-[IDENT] Node: 'idList2765_'
             +-[COLON] Node: ':'
             |  \-[IDENT] Node: 'idList2766_'
             +-[COLON] Node: ':'
             |  \-[IDENT] Node: 'idList2767_'
             +-[COLON] Node: ':'
             |  \-[IDENT] Node: 'idList2768_'
             +-[COLON] Node: ':'
             |  \-[IDENT] Node: 'idList2769_'
             +-[COLON] Node: ':'
             |  \-[IDENT] Node: 'idList2770_'
             +-[COLON] Node: ':'
             |  \-[IDENT] Node: 'idList2771_'
             +-[COLON] Node: ':'
             |  \-[IDENT] Node: 'idList2772_'
             +-[COLON] Node: ':'
             |  \-[IDENT] Node: 'idList2773_'
             +-[COLON] Node: ':'
             |  \-[IDENT] Node: 'idList2774_'
             +-[COLON] Node: ':'
             |  \-[IDENT] Node: 'idList2775_'
             +-[COLON] Node: ':'
             |  \-[IDENT] Node: 'idList2776_'
             +-[COLON] Node: ':'
             |  \-[IDENT] Node: 'idList2777_'
             +-[COLON] Node: ':'
             |  \-[IDENT] Node: 'idList2778_'
             +-[COLON] Node: ':'
             |  \-[IDENT] Node: 'idList2779_'
             +-[COLON] Node: ':'
             |  \-[IDENT] Node: 'idList2780_'
             +-[COLON] Node: ':'
             |  \-[IDENT] Node: 'idList2781_'
             +-[COLON] Node: ':'
             |  \-[IDENT] Node: 'idList2782_'
             +-[COLON] Node: ':'
             |  \-[IDENT] Node: 'idList2783_'
             +-[COLON] Node: ':'
             |  \-[IDENT] Node: 'idList2784_'
             +-[COLON] Node: ':'
             |  \-[IDENT] Node: 'idList2785_'
             +-[COLON] Node: ':'
             |  \-[IDENT] Node: 'idList2786_'
             +-[COLON] Node: ':'
             |  \-[IDENT] Node: 'idList2787_'
             +-[COLON] Node: ':'
             |  \-[IDENT] Node: 'idList2788_'
             +-[COLON] Node: ':'
             |  \-[IDENT] Node: 'idList2789_'
             +-[COLON] Node: ':'
             |  \-[IDENT] Node: 'idList2790_'
             +-[COLON] Node: ':'
             |  \-[IDENT] Node: 'idList2791_'
             +-[COLON] Node: ':'
             |  \-[IDENT] Node: 'idList2792_'
             +-[COLON] Node: ':'
             |  \-[IDENT] Node: 'idList2793_'
             +-[COLON] Node: ':'
             |  \-[IDENT] Node: 'idList2794_'
             +-[COLON] Node: ':'
             |  \-[IDENT] Node: 'idList2795_'
             +-[COLON] Node: ':'
             |  \-[IDENT] Node: 'idList2796_'
             +-[COLON] Node: ':'
             |  \-[IDENT] Node: 'idList2797_'
             +-[COLON] Node: ':'
             |  \-[IDENT] Node: 'idList2798_'
             +-[COLON] Node: ':'
             |  \-[IDENT] Node: 'idList2799_'
             +-[COLON] Node: ':'
             |  \-[IDENT] Node: 'idList2800_'
             +-[COLON] Node: ':'
             |  \-[IDENT] Node: 'idList2801_'
             +-[COLON] Node: ':'
             |  \-[IDENT] Node: 'idList2802_'
             +-[COLON] Node: ':'
             |  \-[IDENT] Node: 'idList2803_'
             +-[COLON] Node: ':'
             |  \-[IDENT] Node: 'idList2804_'
             +-[COLON] Node: ':'
             |  \-[IDENT] Node: 'idList2805_'
             +-[COLON] Node: ':'
             |  \-[IDENT] Node: 'idList2806_'
             +-[COLON] Node: ':'
             |  \-[IDENT] Node: 'idList2807_'
             +-[COLON] Node: ':'
             |  \-[IDENT] Node: 'idList2808_'
             +-[COLON] Node: ':'
             |  \-[IDENT] Node: 'idList2809_'
             +-[COLON] Node: ':'
             |  \-[IDENT] Node: 'idList2810_'
             +-[COLON] Node: ':'
             |  \-[IDENT] Node: 'idList2811_'
             +-[COLON] Node: ':'
             |  \-[IDENT] Node: 'idList2812_'
             +-[COLON] Node: ':'
             |  \-[IDENT] Node: 'idList2813_'
             +-[COLON] Node: ':'
             |  \-[IDENT] Node: 'idList2814_'
             +-[COLON] Node: ':'
             |  \-[IDENT] Node: 'idList2815_'
             +-[COLON] Node: ':'
             |  \-[IDENT] Node: 'idList2816_'
             +-[COLON] Node: ':'
             |  \-[IDENT] Node: 'idList2817_'
             +-[COLON] Node: ':'
             |  \-[IDENT] Node: 'idList2818_'
             +-[COLON] Node: ':'
             |  \-[IDENT] Node: 'idList2819_'
             +-[COLON] Node: ':'
             |  \-[IDENT] Node: 'idList2820_'
             +-[COLON] Node: ':'
             |  \-[IDENT] Node: 'idList2821_'
             +-[COLON] Node: ':'
             |  \-[IDENT] Node: 'idList2822_'
             +-[COLON] Node: ':'
             |  \-[IDENT] Node: 'idList2823_'
             +-[COLON] Node: ':'
             |  \-[IDENT] Node: 'idList2824_'
             +-[COLON] Node: ':'
             |  \-[IDENT] Node: 'idList2825_'
             +-[COLON] Node: ':'
             |  \-[IDENT] Node: 'idList2826_'
             +-[COLON] Node: ':'
             |  \-[IDENT] Node: 'idList2827_'
             +-[COLON] Node: ':'
             |  \-[IDENT] Node: 'idList2828_'
             +-[COLON] Node: ':'
             |  \-[IDENT] Node: 'idList2829_'
             +-[COLON] Node: ':'
             |  \-[IDENT] Node: 'idList2830_'
             +-[COLON] Node: ':'
             |  \-[IDENT] Node: 'idList2831_'
             +-[COLON] Node: ':'
             |  \-[IDENT] Node: 'idList2832_'
             +-[COLON] Node: ':'
             |  \-[IDENT] Node: 'idList2833_'
             +-[COLON] Node: ':'
             |  \-[IDENT] Node: 'idList2834_'
             +-[COLON] Node: ':'
             |  \-[IDENT] Node: 'idList2835_'
             +-[COLON] Node: ':'
             |  \-[IDENT] Node: 'idList2836_'
             +-[COLON] Node: ':'
             |  \-[IDENT] Node: 'idList2837_'
             +-[COLON] Node: ':'
             |  \-[IDENT] Node: 'idList2838_'
             +-[COLON] Node: ':'
             |  \-[IDENT] Node: 'idList2839_'
             +-[COLON] Node: ':'
             |  \-[IDENT] Node: 'idList2840_'
             +-[COLON] Node: ':'
             |  \-[IDENT] Node: 'idList2841_'
             +-[COLON] Node: ':'
             |  \-[IDENT] Node: 'idList2842_'
             +-[COLON] Node: ':'
             |  \-[IDENT] Node: 'idList2843_'
             +-[COLON] Node: ':'
             |  \-[IDENT] Node: 'idList2844_'
             +-[COLON] Node: ':'
             |  \-[IDENT] Node: 'idList2845_'
             +-[COLON] Node: ':'
             |  \-[IDENT] Node: 'idList2846_'
             +-[COLON] Node: ':'
             |  \-[IDENT] Node: 'idList2847_'
             +-[COLON] Node: ':'
             |  \-[IDENT] Node: 'idList2848_'
             +-[COLON] Node: ':'
             |  \-[IDENT] Node: 'idList2849_'
             +-[COLON] Node: ':'
             |  \-[IDENT] Node: 'idList2850_'
             +-[COLON] Node: ':'
             |  \-[IDENT] Node: 'idList2851_'
             +-[COLON] Node: ':'
             |  \-[IDENT] Node: 'idList2852_'
             +-[COLON] Node: ':'
             |  \-[IDENT] Node: 'idList2853_'
             +-[COLON] Node: ':'
             |  \-[IDENT] Node: 'idList2854_'
             +-[COLON] Node: ':'
             |  \-[IDENT] Node: 'idList2855_'
             +-[COLON] Node: ':'
             |  \-[IDENT] Node: 'idList2856_'
             +-[COLON] Node: ':'
             |  \-[IDENT] Node: 'idList2857_'
             +-[COLON] Node: ':'
             |  \-[IDENT] Node: 'idList2858_'
             +-[COLON] Node: ':'
             |  \-[IDENT] Node: 'idList2859_'
             +-[COLON] Node: ':'
             |  \-[IDENT] Node: 'idList2860_'
             +-[COLON] Node: ':'
             |  \-[IDENT] Node: 'idList2861_'
             +-[COLON] Node: ':'
             |  \-[IDENT] Node: 'idList2862_'
             +-[COLON] Node: ':'
             |  \-[IDENT] Node: 'idList2863_'
             +-[COLON] Node: ':'
             |  \-[IDENT] Node: 'idList2864_'
             +-[COLON] Node: ':'
             |  \-[IDENT] Node: 'idList2865_'
             +-[COLON] Node: ':'
             |  \-[IDENT] Node: 'idList2866_'
             +-[COLON] Node: ':'
             |  \-[IDENT] Node: 'idList2867_'
             +-[COLON] Node: ':'
             |  \-[IDENT] Node: 'idList2868_'
             +-[COLON] Node: ':'
             |  \-[IDENT] Node: 'idList2869_'
             +-[COLON] Node: ':'
             |  \-[IDENT] Node: 'idList2870_'
             +-[COLON] Node: ':'
             |  \-[IDENT] Node: 'idList2871_'
             +-[COLON] Node: ':'
             |  \-[IDENT] Node: 'idList2872_'
             +-[COLON] Node: ':'
             |  \-[IDENT] Node: 'idList2873_'
             +-[COLON] Node: ':'
             |  \-[IDENT] Node: 'idList2874_'
             +-[COLON] Node: ':'
             |  \-[IDENT] Node: 'idList2875_'
             +-[COLON] Node: ':'
             |  \-[IDENT] Node: 'idList2876_'
             +-[COLON] Node: ':'
             |  \-[IDENT] Node: 'idList2877_'
             +-[COLON] Node: ':'
             |  \-[IDENT] Node: 'idList2878_'
             +-[COLON] Node: ':'
             |  \-[IDENT] Node: 'idList2879_'
             +-[COLON] Node: ':'
             |  \-[IDENT] Node: 'idList2880_'
             +-[COLON] Node: ':'
             |  \-[IDENT] Node: 'idList2881_'
             +-[COLON] Node: ':'
             |  \-[IDENT] Node: 'idList2882_'
             +-[COLON] Node: ':'
             |  \-[IDENT] Node: 'idList2883_'
             +-[COLON] Node: ':'
             |  \-[IDENT] Node: 'idList2884_'
             +-[COLON] Node: ':'
             |  \-[IDENT] Node: 'idList2885_'
             +-[COLON] Node: ':'
             |  \-[IDENT] Node: 'idList2886_'
             +-[COLON] Node: ':'
             |  \-[IDENT] Node: 'idList2887_'
             +-[COLON] Node: ':'
             |  \-[IDENT] Node: 'idList2888_'
             +-[COLON] Node: ':'
             |  \-[IDENT] Node: 'idList2889_'
             +-[COLON] Node: ':'
             |  \-[IDENT] Node: 'idList2890_'
             +-[COLON] Node: ':'
             |  \-[IDENT] Node: 'idList2891_'
             +-[COLON] Node: ':'
             |  \-[IDENT] Node: 'idList2892_'
             +-[COLON] Node: ':'
             |  \-[IDENT] Node: 'idList2893_'
             +-[COLON] Node: ':'
             |  \-[IDENT] Node: 'idList2894_'
             +-[COLON] Node: ':'
             |  \-[IDENT] Node: 'idList2895_'
             +-[COLON] Node: ':'
             |  \-[IDENT] Node: 'idList2896_'
             +-[COLON] Node: ':'
             |  \-[IDENT] Node: 'idList2897_'
             +-[COLON] Node: ':'
             |  \-[IDENT] Node: 'idList2898_'
             +-[COLON] Node: ':'
             |  \-[IDENT] Node: 'idList2899_'
             +-[COLON] Node: ':'
             |  \-[IDENT] Node: 'idList2900_'
             +-[COLON] Node: ':'
             |  \-[IDENT] Node: 'idList2901_'
             +-[COLON] Node: ':'
             |  \-[IDENT] Node: 'idList2902_'
             +-[COLON] Node: ':'
             |  \-[IDENT] Node: 'idList2903_'
             +-[COLON] Node: ':'
             |  \-[IDENT] Node: 'idList2904_'
             +-[COLON] Node: ':'
             |  \-[IDENT] Node: 'idList2905_'
             +-[COLON] Node: ':'
             |  \-[IDENT] Node: 'idList2906_'
             +-[COLON] Node: ':'
             |  \-[IDENT] Node: 'idList2907_'
             +-[COLON] Node: ':'
             |  \-[IDENT] Node: 'idList2908_'
             +-[COLON] Node: ':'
             |  \-[IDENT] Node: 'idList2909_'
             +-[COLON] Node: ':'
             |  \-[IDENT] Node: 'idList2910_'
             +-[COLON] Node: ':'
             |  \-[IDENT] Node: 'idList2911_'
             +-[COLON] Node: ':'
             |  \-[IDENT] Node: 'idList2912_'
             +-[COLON] Node: ':'
             |  \-[IDENT] Node: 'idList2913_'
             +-[COLON] Node: ':'
             |  \-[IDENT] Node: 'idList2914_'
             +-[COLON] Node: ':'
             |  \-[IDENT] Node: 'idList2915_'
             +-[COLON] Node: ':'
             |  \-[IDENT] Node: 'idList2916_'
             +-[COLON] Node: ':'
             |  \-[IDENT] Node: 'idList2917_'
             +-[COLON] Node: ':'
             |  \-[IDENT] Node: 'idList2918_'
             +-[COLON] Node: ':'
             |  \-[IDENT] Node: 'idList2919_'
             +-[COLON] Node: ':'
             |  \-[IDENT] Node: 'idList2920_'
             +-[COLON] Node: ':'
             |  \-[IDENT] Node: 'idList2921_'
             +-[COLON] Node: ':'
             |  \-[IDENT] Node: 'idList2922_'
             +-[COLON] Node: ':'
             |  \-[IDENT] Node: 'idList2923_'
             +-[COLON] Node: ':'
             |  \-[IDENT] Node: 'idList2924_'
             +-[COLON] Node: ':'
             |  \-[IDENT] Node: 'idList2925_'
             +-[COLON] Node: ':'
             |  \-[IDENT] Node: 'idList2926_'
             +-[COLON] Node: ':'
             |  \-[IDENT] Node: 'idList2927_'
             +-[COLON] Node: ':'
             |  \-[IDENT] Node: 'idList2928_'
             +-[COLON] Node: ':'
             |  \-[IDENT] Node: 'idList2929_'
             +-[COLON] Node: ':'
             |  \-[IDENT] Node: 'idList2930_'
             +-[COLON] Node: ':'
             |  \-[IDENT] Node: 'idList2931_'
             +-[COLON] Node: ':'
             |  \-[IDENT] Node: 'idList2932_'
             +-[COLON] Node: ':'
             |  \-[IDENT] Node: 'idList2933_'
             +-[COLON] Node: ':'
             |  \-[IDENT] Node: 'idList2934_'
             +-[COLON] Node: ':'
             |  \-[IDENT] Node: 'idList2935_'
             +-[COLON] Node: ':'
             |  \-[IDENT] Node: 'idList2936_'
             +-[COLON] Node: ':'
             |  \-[IDENT] Node: 'idList2937_'
             +-[COLON] Node: ':'
             |  \-[IDENT] Node: 'idList2938_'
             +-[COLON] Node: ':'
             |  \-[IDENT] Node: 'idList2939_'
             +-[COLON] Node: ':'
             |  \-[IDENT] Node: 'idList2940_'
             +-[COLON] Node: ':'
             |  \-[IDENT] Node: 'idList2941_'
             +-[COLON] Node: ':'
             |  \-[IDENT] Node: 'idList2942_'
             +-[COLON] Node: ':'
             |  \-[IDENT] Node: 'idList2943_'
             +-[COLON] Node: ':'
             |  \-[IDENT] Node: 'idList2944_'
             +-[COLON] Node: ':'
             |  \-[IDENT] Node: 'idList2945_'
             +-[COLON] Node: ':'
             |  \-[IDENT] Node: 'idList2946_'
             +-[COLON] Node: ':'
             |  \-[IDENT] Node: 'idList2947_'
             +-[COLON] Node: ':'
             |  \-[IDENT] Node: 'idList2948_'
             +-[COLON] Node: ':'
             |  \-[IDENT] Node: 'idList2949_'
             +-[COLON] Node: ':'
             |  \-[IDENT] Node: 'idList2950_'
             +-[COLON] Node: ':'
             |  \-[IDENT] Node: 'idList2951_'
             +-[COLON] Node: ':'
             |  \-[IDENT] Node: 'idList2952_'
             +-[COLON] Node: ':'
             |  \-[IDENT] Node: 'idList2953_'
             +-[COLON] Node: ':'
             |  \-[IDENT] Node: 'idList2954_'
             +-[COLON] Node: ':'
             |  \-[IDENT] Node: 'idList2955_'
             +-[COLON] Node: ':'
             |  \-[IDENT] Node: 'idList2956_'
             +-[COLON] Node: ':'
             |  \-[IDENT] Node: 'idList2957_'
             +-[COLON] Node: ':'
             |  \-[IDENT] Node: 'idList2958_'
             +-[COLON] Node: ':'
             |  \-[IDENT] Node: 'idList2959_'
             +-[COLON] Node: ':'
             |  \-[IDENT] Node: 'idList2960_'
             +-[COLON] Node: ':'
             |  \-[IDENT] Node: 'idList2961_'
             +-[COLON] Node: ':'
             |  \-[IDENT] Node: 'idList2962_'
             +-[COLON] Node: ':'
             |  \-[IDENT] Node: 'idList2963_'
             +-[COLON] Node: ':'
             |  \-[IDENT] Node: 'idList2964_'
             +-[COLON] Node: ':'
             |  \-[IDENT] Node: 'idList2965_'
             +-[COLON] Node: ':'
             |  \-[IDENT] Node: 'idList2966_'
             +-[COLON] Node: ':'
             |  \-[IDENT] Node: 'idList2967_'
             +-[COLON] Node: ':'
             |  \-[IDENT] Node: 'idList2968_'
             +-[COLON] Node: ':'
             |  \-[IDENT] Node: 'idList2969_'
             +-[COLON] Node: ':'
             |  \-[IDENT] Node: 'idList2970_'
             +-[COLON] Node: ':'
             |  \-[IDENT] Node: 'idList2971_'
             +-[COLON] Node: ':'
             |  \-[IDENT] Node: 'idList2972_'
             +-[COLON] Node: ':'
             |  \-[IDENT] Node: 'idList2973_'
             +-[COLON] Node: ':'
             |  \-[IDENT] Node: 'idList2974_'
             +-[COLON] Node: ':'
             |  \-[IDENT] Node: 'idList2975_'
             +-[COLON] Node: ':'
             |  \-[IDENT] Node: 'idList2976_'
             +-[COLON] Node: ':'
             |  \-[IDENT] Node: 'idList2977_'
             +-[COLON] Node: ':'
             |  \-[IDENT] Node: 'idList2978_'
             +-[COLON] Node: ':'
             |  \-[IDENT] Node: 'idList2979_'
             +-[COLON] Node: ':'
             |  \-[IDENT] Node: 'idList2980_'
             +-[COLON] Node: ':'
             |  \-[IDENT] Node: 'idList2981_'
             +-[COLON] Node: ':'
             |  \-[IDENT] Node: 'idList2982_'
             +-[COLON] Node: ':'
             |  \-[IDENT] Node: 'idList2983_'
             +-[COLON] Node: ':'
             |  \-[IDENT] Node: 'idList2984_'
             +-[COLON] Node: ':'
             |  \-[IDENT] Node: 'idList2985_'
             +-[COLON] Node: ':'
             |  \-[IDENT] Node: 'idList2986_'
             +-[COLON] Node: ':'
             |  \-[IDENT] Node: 'idList2987_'
             +-[COLON] Node: ':'
             |  \-[IDENT] Node: 'idList2988_'
             +-[COLON] Node: ':'
             |  \-[IDENT] Node: 'idList2989_'
             +-[COLON] Node: ':'
             |  \-[IDENT] Node: 'idList2990_'
             +-[COLON] Node: ':'
             |  \-[IDENT] Node: 'idList2991_'
             +-[COLON] Node: ':'
             |  \-[IDENT] Node: 'idList2992_'
             +-[COLON] Node: ':'
             |  \-[IDENT] Node: 'idList2993_'
             +-[COLON] Node: ':'
             |  \-[IDENT] Node: 'idList2994_'
             +-[COLON] Node: ':'
             |  \-[IDENT] Node: 'idList2995_'
             +-[COLON] Node: ':'
             |  \-[IDENT] Node: 'idList2996_'
             +-[COLON] Node: ':'
             |  \-[IDENT] Node: 'idList2997_'
             +-[COLON] Node: ':'
             |  \-[IDENT] Node: 'idList2998_'
             +-[COLON] Node: ':'
             |  \-[IDENT] Node: 'idList2999_'
             +-[COLON] Node: ':'
             |  \-[IDENT] Node: 'idList3000_'
             +-[COLON] Node: ':'
             |  \-[IDENT] Node: 'idList3001_'
             +-[COLON] Node: ':'
             |  \-[IDENT] Node: 'idList3002_'
             +-[COLON] Node: ':'
             |  \-[IDENT] Node: 'idList3003_'
             +-[COLON] Node: ':'
             |  \-[IDENT] Node: 'idList3004_'
             +-[COLON] Node: ':'
             |  \-[IDENT] Node: 'idList3005_'
             +-[COLON] Node: ':'
             |  \-[IDENT] Node: 'idList3006_'
             +-[COLON] Node: ':'
             |  \-[IDENT] Node: 'idList3007_'
             +-[COLON] Node: ':'
             |  \-[IDENT] Node: 'idList3008_'
             +-[COLON] Node: ':'
             |  \-[IDENT] Node: 'idList3009_'
             +-[COLON] Node: ':'
             |  \-[IDENT] Node: 'idList3010_'
             +-[COLON] Node: ':'
             |  \-[IDENT] Node: 'idList3011_'
             +-[COLON] Node: ':'
             |  \-[IDENT] Node: 'idList3012_'
             +-[COLON] Node: ':'
             |  \-[IDENT] Node: 'idList3013_'
             +-[COLON] Node: ':'
             |  \-[IDENT] Node: 'idList3014_'
             +-[COLON] Node: ':'
             |  \-[IDENT] Node: 'idList3015_'
             +-[COLON] Node: ':'
             |  \-[IDENT] Node: 'idList3016_'
             +-[COLON] Node: ':'
             |  \-[IDENT] Node: 'idList3017_'
             +-[COLON] Node: ':'
             |  \-[IDENT] Node: 'idList3018_'
             +-[COLON] Node: ':'
             |  \-[IDENT] Node: 'idList3019_'
             +-[COLON] Node: ':'
             |  \-[IDENT] Node: 'idList3020_'
             +-[COLON] Node: ':'
             |  \-[IDENT] Node: 'idList3021_'
             +-[COLON] Node: ':'
             |  \-[IDENT] Node: 'idList3022_'
             +-[COLON] Node: ':'
             |  \-[IDENT] Node: 'idList3023_'
             +-[COLON] Node: ':'
             |  \-[IDENT] Node: 'idList3024_'
             +-[COLON] Node: ':'
             |  \-[IDENT] Node: 'idList3025_'
             +-[COLON] Node: ':'
             |  \-[IDENT] Node: 'idList3026_'
             +-[COLON] Node: ':'
             |  \-[IDENT] Node: 'idList3027_'
             +-[COLON] Node: ':'
             |  \-[IDENT] Node: 'idList3028_'
             +-[COLON] Node: ':'
             |  \-[IDENT] Node: 'idList3029_'
             +-[COLON] Node: ':'
             |  \-[IDENT] Node: 'idList3030_'
             +-[COLON] Node: ':'
             |  \-[IDENT] Node: 'idList3031_'
             +-[COLON] Node: ':'
             |  \-[IDENT] Node: 'idList3032_'
             +-[COLON] Node: ':'
             |  \-[IDENT] Node: 'idList3033_'
             +-[COLON] Node: ':'
             |  \-[IDENT] Node: 'idList3034_'
             +-[COLON] Node: ':'
             |  \-[IDENT] Node: 'idList3035_'
             +-[COLON] Node: ':'
             |  \-[IDENT] Node: 'idList3036_'
             +-[COLON] Node: ':'
             |  \-[IDENT] Node: 'idList3037_'
             +-[COLON] Node: ':'
             |  \-[IDENT] Node: 'idList3038_'
             +-[COLON] Node: ':'
             |  \-[IDENT] Node: 'idList3039_'
             +-[COLON] Node: ':'
             |  \-[IDENT] Node: 'idList3040_'
             +-[COLON] Node: ':'
             |  \-[IDENT] Node: 'idList3041_'
             +-[COLON] Node: ':'
             |  \-[IDENT] Node: 'idList3042_'
             +-[COLON] Node: ':'
             |  \-[IDENT] Node: 'idList3043_'
             +-[COLON] Node: ':'
             |  \-[IDENT] Node: 'idList3044_'
             +-[COLON] Node: ':'
             |  \-[IDENT] Node: 'idList3045_'
             +-[COLON] Node: ':'
             |  \-[IDENT] Node: 'idList3046_'
             +-[COLON] Node: ':'
             |  \-[IDENT] Node: 'idList3047_'
             +-[COLON] Node: ':'
             |  \-[IDENT] Node: 'idList3048_'
             +-[COLON] Node: ':'
             |  \-[IDENT] Node: 'idList3049_'
             +-[COLON] Node: ':'
             |  \-[IDENT] Node: 'idList3050_'
             +-[COLON] Node: ':'
             |  \-[IDENT] Node: 'idList3051_'
             +-[COLON] Node: ':'
             |  \-[IDENT] Node: 'idList3052_'
             +-[COLON] Node: ':'
             |  \-[IDENT] Node: 'idList3053_'
             +-[COLON] Node: ':'
             |  \-[IDENT] Node: 'idList3054_'
             +-[COLON] Node: ':'
             |  \-[IDENT] Node: 'idList3055_'
             +-[COLON] Node: ':'
             |  \-[IDENT] Node: 'idList3056_'
             +-[COLON] Node: ':'
             |  \-[IDENT] Node: 'idList3057_'
             +-[COLON] Node: ':'
             |  \-[IDENT] Node: 'idList3058_'
             +-[COLON] Node: ':'
             |  \-[IDENT] Node: 'idList3059_'
             +-[COLON] Node: ':'
             |  \-[IDENT] Node: 'idList3060_'
             +-[COLON] Node: ':'
             |  \-[IDENT] Node: 'idList3061_'
             +-[COLON] Node: ':'
             |  \-[IDENT] Node: 'idList3062_'
             +-[COLON] Node: ':'
             |  \-[IDENT] Node: 'idList3063_'
             +-[COLON] Node: ':'
             |  \-[IDENT] Node: 'idList3064_'
             +-[COLON] Node: ':'
             |  \-[IDENT] Node: 'idList3065_'
             +-[COLON] Node: ':'
             |  \-[IDENT] Node: 'idList3066_'
             +-[COLON] Node: ':'
             |  \-[IDENT] Node: 'idList3067_'
             +-[COLON] Node: ':'
             |  \-[IDENT] Node: 'idList3068_'
             +-[COLON] Node: ':'
             |  \-[IDENT] Node: 'idList3069_'
             +-[COLON] Node: ':'
             |  \-[IDENT] Node: 'idList3070_'
             +-[COLON] Node: ':'
             |  \-[IDENT] Node: 'idList3071_'
             +-[COLON] Node: ':'
             |  \-[IDENT] Node: 'idList3072_'
             +-[COLON] Node: ':'
             |  \-[IDENT] Node: 'idList3073_'
             +-[COLON] Node: ':'
             |  \-[IDENT] Node: 'idList3074_'
             +-[COLON] Node: ':'
             |  \-[IDENT] Node: 'idList3075_'
             +-[COLON] Node: ':'
             |  \-[IDENT] Node: 'idList3076_'
             +-[COLON] Node: ':'
             |  \-[IDENT] Node: 'idList3077_'
             +-[COLON] Node: ':'
             |  \-[IDENT] Node: 'idList3078_'
             +-[COLON] Node: ':'
             |  \-[IDENT] Node: 'idList3079_'
             +-[COLON] Node: ':'
             |  \-[IDENT] Node: 'idList3080_'
             +-[COLON] Node: ':'
             |  \-[IDENT] Node: 'idList3081_'
             +-[COLON] Node: ':'
             |  \-[IDENT] Node: 'idList3082_'
             +-[COLON] Node: ':'
             |  \-[IDENT] Node: 'idList3083_'
             +-[COLON] Node: ':'
             |  \-[IDENT] Node: 'idList3084_'
             +-[COLON] Node: ':'
             |  \-[IDENT] Node: 'idList3085_'
             +-[COLON] Node: ':'
             |  \-[IDENT] Node: 'idList3086_'
             +-[COLON] Node: ':'
             |  \-[IDENT] Node: 'idList3087_'
             +-[COLON] Node: ':'
             |  \-[IDENT] Node: 'idList3088_'
             +-[COLON] Node: ':'
             |  \-[IDENT] Node: 'idList3089_'
             +-[COLON] Node: ':'
             |  \-[IDENT] Node: 'idList3090_'
             +-[COLON] Node: ':'
             |  \-[IDENT] Node: 'idList3091_'
             +-[COLON] Node: ':'
             |  \-[IDENT] Node: 'idList3092_'
             +-[COLON] Node: ':'
             |  \-[IDENT] Node: 'idList3093_'
             +-[COLON] Node: ':'
             |  \-[IDENT] Node: 'idList3094_'
             +-[COLON] Node: ':'
             |  \-[IDENT] Node: 'idList3095_'
             +-[COLON] Node: ':'
             |  \-[IDENT] Node: 'idList3096_'
             +-[COLON] Node: ':'
             |  \-[IDENT] Node: 'idList3097_'
             +-[COLON] Node: ':'
             |  \-[IDENT] Node: 'idList3098_'
             +-[COLON] Node: ':'
             |  \-[IDENT] Node: 'idList3099_'
             +-[COLON] Node: ':'
             |  \-[IDENT] Node: 'idList3100_'
             +-[COLON] Node: ':'
             |  \-[IDENT] Node: 'idList3101_'
             +-[COLON] Node: ':'
             |  \-[IDENT] Node: 'idList3102_'
             +-[COLON] Node: ':'
             |  \-[IDENT] Node: 'idList3103_'
             +-[COLON] Node: ':'
             |  \-[IDENT] Node: 'idList3104_'
             +-[COLON] Node: ':'
             |  \-[IDENT] Node: 'idList3105_'
             +-[COLON] Node: ':'
             |  \-[IDENT] Node: 'idList3106_'
             +-[COLON] Node: ':'
             |  \-[IDENT] Node: 'idList3107_'
             +-[COLON] Node: ':'
             |  \-[IDENT] Node: 'idList3108_'
             +-[COLON] Node: ':'
             |  \-[IDENT] Node: 'idList3109_'
             +-[COLON] Node: ':'
             |  \-[IDENT] Node: 'idList3110_'
             +-[COLON] Node: ':'
             |  \-[IDENT] Node: 'idList3111_'
             +-[COLON] Node: ':'
             |  \-[IDENT] Node: 'idList3112_'
             +-[COLON] Node: ':'
             |  \-[IDENT] Node: 'idList3113_'
             +-[COLON] Node: ':'
             |  \-[IDENT] Node: 'idList3114_'
             +-[COLON] Node: ':'
             |  \-[IDENT] Node: 'idList3115_'
             +-[COLON] Node: ':'
             |  \-[IDENT] Node: 'idList3116_'
             +-[COLON] Node: ':'
             |  \-[IDENT] Node: 'idList3117_'
             +-[COLON] Node: ':'
             |  \-[IDENT] Node: 'idList3118_'
             +-[COLON] Node: ':'
             |  \-[IDENT] Node: 'idList3119_'
             +-[COLON] Node: ':'
             |  \-[IDENT] Node: 'idList3120_'
             +-[COLON] Node: ':'
             |  \-[IDENT] Node: 'idList3121_'
             +-[COLON] Node: ':'
             |  \-[IDENT] Node: 'idList3122_'
             +-[COLON] Node: ':'
             |  \-[IDENT] Node: 'idList3123_'
             +-[COLON] Node: ':'
             |  \-[IDENT] Node: 'idList3124_'
             +-[COLON] Node: ':'
             |  \-[IDENT] Node: 'idList3125_'
             +-[COLON] Node: ':'
             |  \-[IDENT] Node: 'idList3126_'
             +-[COLON] Node: ':'
             |  \-[IDENT] Node: 'idList3127_'
             +-[COLON] Node: ':'
             |  \-[IDENT] Node: 'idList3128_'
             +-[COLON] Node: ':'
             |  \-[IDENT] Node: 'idList3129_'
             +-[COLON] Node: ':'
             |  \-[IDENT] Node: 'idList3130_'
             +-[COLON] Node: ':'
             |  \-[IDENT] Node: 'idList3131_'
             +-[COLON] Node: ':'
             |  \-[IDENT] Node: 'idList3132_'
             +-[COLON] Node: ':'
             |  \-[IDENT] Node: 'idList3133_'
             +-[COLON] Node: ':'
             |  \-[IDENT] Node: 'idList3134_'
             +-[COLON] Node: ':'
             |  \-[IDENT] Node: 'idList3135_'
             +-[COLON] Node: ':'
             |  \-[IDENT] Node: 'idList3136_'
             +-[COLON] Node: ':'
             |  \-[IDENT] Node: 'idList3137_'
             +-[COLON] Node: ':'
             |  \-[IDENT] Node: 'idList3138_'
             +-[COLON] Node: ':'
             |  \-[IDENT] Node: 'idList3139_'
             +-[COLON] Node: ':'
             |  \-[IDENT] Node: 'idList3140_'
             +-[COLON] Node: ':'
             |  \-[IDENT] Node: 'idList3141_'
             +-[COLON] Node: ':'
             |  \-[IDENT] Node: 'idList3142_'
             +-[COLON] Node: ':'
             |  \-[IDENT] Node: 'idList3143_'
             +-[COLON] Node: ':'
             |  \-[IDENT] Node: 'idList3144_'
             +-[COLON] Node: ':'
             |  \-[IDENT] Node: 'idList3145_'
             +-[COLON] Node: ':'
             |  \-[IDENT] Node: 'idList3146_'
             +-[COLON] Node: ':'
             |  \-[IDENT] Node: 'idList3147_'
             +-[COLON] Node: ':'
             |  \-[IDENT] Node: 'idList3148_'
             +-[COLON] Node: ':'
             |  \-[IDENT] Node: 'idList3149_'
             +-[COLON] Node: ':'
             |  \-[IDENT] Node: 'idList3150_'
             +-[COLON] Node: ':'
             |  \-[IDENT] Node: 'idList3151_'
             +-[COLON] Node: ':'
             |  \-[IDENT] Node: 'idList3152_'
             +-[COLON] Node: ':'
             |  \-[IDENT] Node: 'idList3153_'
             +-[COLON] Node: ':'
             |  \-[IDENT] Node: 'idList3154_'
             +-[COLON] Node: ':'
             |  \-[IDENT] Node: 'idList3155_'
             +-[COLON] Node: ':'
             |  \-[IDENT] Node: 'idList3156_'
             +-[COLON] Node: ':'
             |  \-[IDENT] Node: 'idList3157_'
             +-[COLON] Node: ':'
             |  \-[IDENT] Node: 'idList3158_'
             +-[COLON] Node: ':'
             |  \-[IDENT] Node: 'idList3159_'
             +-[COLON] Node: ':'
             |  \-[IDENT] Node: 'idList3160_'
             +-[COLON] Node: ':'
             |  \-[IDENT] Node: 'idList3161_'
             +-[COLON] Node: ':'
             |  \-[IDENT] Node: 'idList3162_'
             +-[COLON] Node: ':'
             |  \-[IDENT] Node: 'idList3163_'
             +-[COLON] Node: ':'
             |  \-[IDENT] Node: 'idList3164_'
             +-[COLON] Node: ':'
             |  \-[IDENT] Node: 'idList3165_'
             +-[COLON] Node: ':'
             |  \-[IDENT] Node: 'idList3166_'
             +-[COLON] Node: ':'
             |  \-[IDENT] Node: 'idList3167_'
             +-[COLON] Node: ':'
             |  \-[IDENT] Node: 'idList3168_'
             +-[COLON] Node: ':'
             |  \-[IDENT] Node: 'idList3169_'
             +-[COLON] Node: ':'
             |  \-[IDENT] Node: 'idList3170_'
             +-[COLON] Node: ':'
             |  \-[IDENT] Node: 'idList3171_'
             +-[COLON] Node: ':'
             |  \-[IDENT] Node: 'idList3172_'
             +-[COLON] Node: ':'
             |  \-[IDENT] Node: 'idList3173_'
             +-[COLON] Node: ':'
             |  \-[IDENT] Node: 'idList3174_'
             +-[COLON] Node: ':'
             |  \-[IDENT] Node: 'idList3175_'
             +-[COLON] Node: ':'
             |  \-[IDENT] Node: 'idList3176_'
             +-[COLON] Node: ':'
             |  \-[IDENT] Node: 'idList3177_'
             +-[COLON] Node: ':'
             |  \-[IDENT] Node: 'idList3178_'
             +-[COLON] Node: ':'
             |  \-[IDENT] Node: 'idList3179_'
             +-[COLON] Node: ':'
             |  \-[IDENT] Node: 'idList3180_'
             +-[COLON] Node: ':'
             |  \-[IDENT] Node: 'idList3181_'
             +-[COLON] Node: ':'
             |  \-[IDENT] Node: 'idList3182_'
             +-[COLON] Node: ':'
             |  \-[IDENT] Node: 'idList3183_'
             +-[COLON] Node: ':'
             |  \-[IDENT] Node: 'idList3184_'
             +-[COLON] Node: ':'
             |  \-[IDENT] Node: 'idList3185_'
             +-[COLON] Node: ':'
             |  \-[IDENT] Node: 'idList3186_'
             +-[COLON] Node: ':'
             |  \-[IDENT] Node: 'idList3187_'
             +-[COLON] Node: ':'
             |  \-[IDENT] Node: 'idList3188_'
             +-[COLON] Node: ':'
             |  \-[IDENT] Node: 'idList3189_'
             +-[COLON] Node: ':'
             |  \-[IDENT] Node: 'idList3190_'
             +-[COLON] Node: ':'
             |  \-[IDENT] Node: 'idList3191_'
             +-[COLON] Node: ':'
             |  \-[IDENT] Node: 'idList3192_'
             +-[COLON] Node: ':'
             |  \-[IDENT] Node: 'idList3193_'
             +-[COLON] Node: ':'
             |  \-[IDENT] Node: 'idList3194_'
             +-[COLON] Node: ':'
             |  \-[IDENT] Node: 'idList3195_'
             +-[COLON] Node: ':'
             |  \-[IDENT] Node: 'idList3196_'
             +-[COLON] Node: ':'
             |  \-[IDENT] Node: 'idList3197_'
             +-[COLON] Node: ':'
             |  \-[IDENT] Node: 'idList3198_'
             +-[COLON] Node: ':'
             |  \-[IDENT] Node: 'idList3199_'
             +-[COLON] Node: ':'
             |  \-[IDENT] Node: 'idList3200_'
             +-[COLON] Node: ':'
             |  \-[IDENT] Node: 'idList3201_'
             +-[COLON] Node: ':'
             |  \-[IDENT] Node: 'idList3202_'
             +-[COLON] Node: ':'
             |  \-[IDENT] Node: 'idList3203_'
             +-[COLON] Node: ':'
             |  \-[IDENT] Node: 'idList3204_'
             +-[COLON] Node: ':'
             |  \-[IDENT] Node: 'idList3205_'
             +-[COLON] Node: ':'
             |  \-[IDENT] Node: 'idList3206_'
             +-[COLON] Node: ':'
             |  \-[IDENT] Node: 'idList3207_'
             +-[COLON] Node: ':'
             |  \-[IDENT] Node: 'idList3208_'
             +-[COLON] Node: ':'
             |  \-[IDENT] Node: 'idList3209_'
             +-[COLON] Node: ':'
             |  \-[IDENT] Node: 'idList3210_'
             +-[COLON] Node: ':'
             |  \-[IDENT] Node: 'idList3211_'
             +-[COLON] Node: ':'
             |  \-[IDENT] Node: 'idList3212_'
             +-[COLON] Node: ':'
             |  \-[IDENT] Node: 'idList3213_'
             +-[COLON] Node: ':'
             |  \-[IDENT] Node: 'idList3214_'
             +-[COLON] Node: ':'
             |  \-[IDENT] Node: 'idList3215_'
             +-[COLON] Node: ':'
             |  \-[IDENT] Node: 'idList3216_'
             +-[COLON] Node: ':'
             |  \-[IDENT] Node: 'idList3217_'
             +-[COLON] Node: ':'
             |  \-[IDENT] Node: 'idList3218_'
             +-[COLON] Node: ':'
             |  \-[IDENT] Node: 'idList3219_'
             +-[COLON] Node: ':'
             |  \-[IDENT] Node: 'idList3220_'
             +-[COLON] Node: ':'
             |  \-[IDENT] Node: 'idList3221_'
             +-[COLON] Node: ':'
             |  \-[IDENT] Node: 'idList3222_'
             +-[COLON] Node: ':'
             |  \-[IDENT] Node: 'idList3223_'
             +-[COLON] Node: ':'
             |  \-[IDENT] Node: 'idList3224_'
             +-[COLON] Node: ':'
             |  \-[IDENT] Node: 'idList3225_'
             +-[COLON] Node: ':'
             |  \-[IDENT] Node: 'idList3226_'
             +-[COLON] Node: ':'
             |  \-[IDENT] Node: 'idList3227_'
             +-[COLON] Node: ':'
             |  \-[IDENT] Node: 'idList3228_'
             +-[COLON] Node: ':'
             |  \-[IDENT] Node: 'idList3229_'
             +-[COLON] Node: ':'
             |  \-[IDENT] Node: 'idList3230_'
             +-[COLON] Node: ':'
             |  \-[IDENT] Node: 'idList3231_'
             +-[COLON] Node: ':'
             |  \-[IDENT] Node: 'idList3232_'
             +-[COLON] Node: ':'
             |  \-[IDENT] Node: 'idList3233_'
             +-[COLON] Node: ':'
             |  \-[IDENT] Node: 'idList3234_'
             +-[COLON] Node: ':'
             |  \-[IDENT] Node: 'idList3235_'
             +-[COLON] Node: ':'
             |  \-[IDENT] Node: 'idList3236_'
             +-[COLON] Node: ':'
             |  \-[IDENT] Node: 'idList3237_'
             +-[COLON] Node: ':'
             |  \-[IDENT] Node: 'idList3238_'
             +-[COLON] Node: ':'
             |  \-[IDENT] Node: 'idList3239_'
             +-[COLON] Node: ':'
             |  \-[IDENT] Node: 'idList3240_'
             +-[COLON] Node: ':'
             |  \-[IDENT] Node: 'idList3241_'
             +-[COLON] Node: ':'
             |  \-[IDENT] Node: 'idList3242_'
             +-[COLON] Node: ':'
             |  \-[IDENT] Node: 'idList3243_'
             +-[COLON] Node: ':'
             |  \-[IDENT] Node: 'idList3244_'
             +-[COLON] Node: ':'
             |  \-[IDENT] Node: 'idList3245_'
             +-[COLON] Node: ':'
             |  \-[IDENT] Node: 'idList3246_'
             +-[COLON] Node: ':'
             |  \-[IDENT] Node: 'idList3247_'
             +-[COLON] Node: ':'
             |  \-[IDENT] Node: 'idList3248_'
             +-[COLON] Node: ':'
             |  \-[IDENT] Node: 'idList3249_'
             +-[COLON] Node: ':'
             |  \-[IDENT] Node: 'idList3250_'
             +-[COLON] Node: ':'
             |  \-[IDENT] Node: 'idList3251_'
             +-[COLON] Node: ':'
             |  \-[IDENT] Node: 'idList3252_'
             +-[COLON] Node: ':'
             |  \-[IDENT] Node: 'idList3253_'
             +-[COLON] Node: ':'
             |  \-[IDENT] Node: 'idList3254_'
             +-[COLON] Node: ':'
             |  \-[IDENT] Node: 'idList3255_'
             +-[COLON] Node: ':'
             |  \-[IDENT] Node: 'idList3256_'
             +-[COLON] Node: ':'
             |  \-[IDENT] Node: 'idList3257_'
             +-[COLON] Node: ':'
             |  \-[IDENT] Node: 'idList3258_'
             +-[COLON] Node: ':'
             |  \-[IDENT] Node: 'idList3259_'
             +-[COLON] Node: ':'
             |  \-[IDENT] Node: 'idList3260_'
             +-[COLON] Node: ':'
             |  \-[IDENT] Node: 'idList3261_'
             +-[COLON] Node: ':'
             |  \-[IDENT] Node: 'idList3262_'
             +-[COLON] Node: ':'
             |  \-[IDENT] Node: 'idList3263_'
             +-[COLON] Node: ':'
             |  \-[IDENT] Node: 'idList3264_'
             +-[COLON] Node: ':'
             |  \-[IDENT] Node: 'idList3265_'
             +-[COLON] Node: ':'
             |  \-[IDENT] Node: 'idList3266_'
             +-[COLON] Node: ':'
             |  \-[IDENT] Node: 'idList3267_'
             +-[COLON] Node: ':'
             |  \-[IDENT] Node: 'idList3268_'
             +-[COLON] Node: ':'
             |  \-[IDENT] Node: 'idList3269_'
             +-[COLON] Node: ':'
             |  \-[IDENT] Node: 'idList3270_'
             +-[COLON] Node: ':'
             |  \-[IDENT] Node: 'idList3271_'
             +-[COLON] Node: ':'
             |  \-[IDENT] Node: 'idList3272_'
             +-[COLON] Node: ':'
             |  \-[IDENT] Node: 'idList3273_'
             +-[COLON] Node: ':'
             |  \-[IDENT] Node: 'idList3274_'
             +-[COLON] Node: ':'
             |  \-[IDENT] Node: 'idList3275_'
             +-[COLON] Node: ':'
             |  \-[IDENT] Node: 'idList3276_'
             +-[COLON] Node: ':'
             |  \-[IDENT] Node: 'idList3277_'
             +-[COLON] Node: ':'
             |  \-[IDENT] Node: 'idList3278_'
             +-[COLON] Node: ':'
             |  \-[IDENT] Node: 'idList3279_'
             +-[COLON] Node: ':'
             |  \-[IDENT] Node: 'idList3280_'
             +-[COLON] Node: ':'
             |  \-[IDENT] Node: 'idList3281_'
             +-[COLON] Node: ':'
             |  \-[IDENT] Node: 'idList3282_'
             +-[COLON] Node: ':'
             |  \-[IDENT] Node: 'idList3283_'
             +-[COLON] Node: ':'
             |  \-[IDENT] Node: 'idList3284_'
             +-[COLON] Node: ':'
             |  \-[IDENT] Node: 'idList3285_'
             +-[COLON] Node: ':'
             |  \-[IDENT] Node: 'idList3286_'
             +-[COLON] Node: ':'
             |  \-[IDENT] Node: 'idList3287_'
             +-[COLON] Node: ':'
             |  \-[IDENT] Node: 'idList3288_'
             +-[COLON] Node: ':'
             |  \-[IDENT] Node: 'idList3289_'
             +-[COLON] Node: ':'
             |  \-[IDENT] Node: 'idList3290_'
             +-[COLON] Node: ':'
             |  \-[IDENT] Node: 'idList3291_'
             +-[COLON] Node: ':'
             |  \-[IDENT] Node: 'idList3292_'
             +-[COLON] Node: ':'
             |  \-[IDENT] Node: 'idList3293_'
             +-[COLON] Node: ':'
             |  \-[IDENT] Node: 'idList3294_'
             +-[COLON] Node: ':'
             |  \-[IDENT] Node: 'idList3295_'
             +-[COLON] Node: ':'
             |  \-[IDENT] Node: 'idList3296_'
             +-[COLON] Node: ':'
             |  \-[IDENT] Node: 'idList3297_'
             +-[COLON] Node: ':'
             |  \-[IDENT] Node: 'idList3298_'
             +-[COLON] Node: ':'
             |  \-[IDENT] Node: 'idList3299_'
             +-[COLON] Node: ':'
             |  \-[IDENT] Node: 'idList3300_'
             +-[COLON] Node: ':'
             |  \-[IDENT] Node: 'idList3301_'
             +-[COLON] Node: ':'
             |  \-[IDENT] Node: 'idList3302_'
             +-[COLON] Node: ':'
             |  \-[IDENT] Node: 'idList3303_'
             +-[COLON] Node: ':'
             |  \-[IDENT] Node: 'idList3304_'
             +-[COLON] Node: ':'
             |  \-[IDENT] Node: 'idList3305_'
             +-[COLON] Node: ':'
             |  \-[IDENT] Node: 'idList3306_'
             +-[COLON] Node: ':'
             |  \-[IDENT] Node: 'idList3307_'
             +-[COLON] Node: ':'
             |  \-[IDENT] Node: 'idList3308_'
             +-[COLON] Node: ':'
             |  \-[IDENT] Node: 'idList3309_'
             +-[COLON] Node: ':'
             |  \-[IDENT] Node: 'idList3310_'
             +-[COLON] Node: ':'
             |  \-[IDENT] Node: 'idList3311_'
             +-[COLON] Node: ':'
             |  \-[IDENT] Node: 'idList3312_'
             +-[COLON] Node: ':'
             |  \-[IDENT] Node: 'idList3313_'
             +-[COLON] Node: ':'
             |  \-[IDENT] Node: 'idList3314_'
             +-[COLON] Node: ':'
             |  \-[IDENT] Node: 'idList3315_'
             +-[COLON] Node: ':'
             |  \-[IDENT] Node: 'idList3316_'
             +-[COLON] Node: ':'
             |  \-[IDENT] Node: 'idList3317_'
             +-[COLON] Node: ':'
             |  \-[IDENT] Node: 'idList3318_'
             +-[COLON] Node: ':'
             |  \-[IDENT] Node: 'idList3319_'
             +-[COLON] Node: ':'
             |  \-[IDENT] Node: 'idList3320_'
             +-[COLON] Node: ':'
             |  \-[IDENT] Node: 'idList3321_'
             +-[COLON] Node: ':'
             |  \-[IDENT] Node: 'idList3322_'
             +-[COLON] Node: ':'
             |  \-[IDENT] Node: 'idList3323_'
             +-[COLON] Node: ':'
             |  \-[IDENT] Node: 'idList3324_'
             +-[COLON] Node: ':'
             |  \-[IDENT] Node: 'idList3325_'
             +-[COLON] Node: ':'
             |  \-[IDENT] Node: 'idList3326_'
             +-[COLON] Node: ':'
             |  \-[IDENT] Node: 'idList3327_'
             +-[COLON] Node: ':'
             |  \-[IDENT] Node: 'idList3328_'
             +-[COLON] Node: ':'
             |  \-[IDENT] Node: 'idList3329_'
             +-[COLON] Node: ':'
             |  \-[IDENT] Node: 'idList3330_'
             +-[COLON] Node: ':'
             |  \-[IDENT] Node: 'idList3331_'
             +-[COLON] Node: ':'
             |  \-[IDENT] Node: 'idList3332_'
             +-[COLON] Node: ':'
             |  \-[IDENT] Node: 'idList3333_'
             +-[COLON] Node: ':'
             |  \-[IDENT] Node: 'idList3334_'
             +-[COLON] Node: ':'
             |  \-[IDENT] Node: 'idList3335_'
             +-[COLON] Node: ':'
             |  \-[IDENT] Node: 'idList3336_'
             +-[COLON] Node: ':'
             |  \-[IDENT] Node: 'idList3337_'
             +-[COLON] Node: ':'
             |  \-[IDENT] Node: 'idList3338_'
             +-[COLON] Node: ':'
             |  \-[IDENT] Node: 'idList3339_'
             +-[COLON] Node: ':'
             |  \-[IDENT] Node: 'idList3340_'
             +-[COLON] Node: ':'
             |  \-[IDENT] Node: 'idList3341_'
             +-[COLON] Node: ':'
             |  \-[IDENT] Node: 'idList3342_'
             +-[COLON] Node: ':'
             |  \-[IDENT] Node: 'idList3343_'
             +-[COLON] Node: ':'
             |  \-[IDENT] Node: 'idList3344_'
             +-[COLON] Node: ':'
             |  \-[IDENT] Node: 'idList3345_'
             +-[COLON] Node: ':'
             |  \-[IDENT] Node: 'idList3346_'
             +-[COLON] Node: ':'
             |  \-[IDENT] Node: 'idList3347_'
             +-[COLON] Node: ':'
             |  \-[IDENT] Node: 'idList3348_'
             +-[COLON] Node: ':'
             |  \-[IDENT] Node: 'idList3349_'
             +-[COLON] Node: ':'
             |  \-[IDENT] Node: 'idList3350_'
             +-[COLON] Node: ':'
             |  \-[IDENT] Node: 'idList3351_'
             +-[COLON] Node: ':'
             |  \-[IDENT] Node: 'idList3352_'
             +-[COLON] Node: ':'
             |  \-[IDENT] Node: 'idList3353_'
             +-[COLON] Node: ':'
             |  \-[IDENT] Node: 'idList3354_'
             +-[COLON] Node: ':'
             |  \-[IDENT] Node: 'idList3355_'
             +-[COLON] Node: ':'
             |  \-[IDENT] Node: 'idList3356_'
             +-[COLON] Node: ':'
             |  \-[IDENT] Node: 'idList3357_'
             +-[COLON] Node: ':'
             |  \-[IDENT] Node: 'idList3358_'
             +-[COLON] Node: ':'
             |  \-[IDENT] Node: 'idList3359_'
             +-[COLON] Node: ':'
             |  \-[IDENT] Node: 'idList3360_'
             +-[COLON] Node: ':'
             |  \-[IDENT] Node: 'idList3361_'
             +-[COLON] Node: ':'
             |  \-[IDENT] Node: 'idList3362_'
             +-[COLON] Node: ':'
             |  \-[IDENT] Node: 'idList3363_'
             +-[COLON] Node: ':'
             |  \-[IDENT] Node: 'idList3364_'
             +-[COLON] Node: ':'
             |  \-[IDENT] Node: 'idList3365_'
             +-[COLON] Node: ':'
             |  \-[IDENT] Node: 'idList3366_'
             +-[COLON] Node: ':'
             |  \-[IDENT] Node: 'idList3367_'
             +-[COLON] Node: ':'
             |  \-[IDENT] Node: 'idList3368_'
             +-[COLON] Node: ':'
             |  \-[IDENT] Node: 'idList3369_'
             +-[COLON] Node: ':'
             |  \-[IDENT] Node: 'idList3370_'
             +-[COLON] Node: ':'
             |  \-[IDENT] Node: 'idList3371_'
             +-[COLON] Node: ':'
             |  \-[IDENT] Node: 'idList3372_'
             +-[COLON] Node: ':'
             |  \-[IDENT] Node: 'idList3373_'
             +-[COLON] Node: ':'
             |  \-[IDENT] Node: 'idList3374_'
             +-[COLON] Node: ':'
             |  \-[IDENT] Node: 'idList3375_'
             +-[COLON] Node: ':'
             |  \-[IDENT] Node: 'idList3376_'
             +-[COLON] Node: ':'
             |  \-[IDENT] Node: 'idList3377_'
             +-[COLON] Node: ':'
             |  \-[IDENT] Node: 'idList3378_'
             +-[COLON] Node: ':'
             |  \-[IDENT] Node: 'idList3379_'
             +-[COLON] Node: ':'
             |  \-[IDENT] Node: 'idList3380_'
             +-[COLON] Node: ':'
             |  \-[IDENT] Node: 'idList3381_'
             +-[COLON] Node: ':'
             |  \-[IDENT] Node: 'idList3382_'
             +-[COLON] Node: ':'
             |  \-[IDENT] Node: 'idList3383_'
             +-[COLON] Node: ':'
             |  \-[IDENT] Node: 'idList3384_'
             +-[COLON] Node: ':'
             |  \-[IDENT] Node: 'idList3385_'
             +-[COLON] Node: ':'
             |  \-[IDENT] Node: 'idList3386_'
             +-[COLON] Node: ':'
             |  \-[IDENT] Node: 'idList3387_'
             +-[COLON] Node: ':'
             |  \-[IDENT] Node: 'idList3388_'
             +-[COLON] Node: ':'
             |  \-[IDENT] Node: 'idList3389_'
             +-[COLON] Node: ':'
             |  \-[IDENT] Node: 'idList3390_'
             +-[COLON] Node: ':'
             |  \-[IDENT] Node: 'idList3391_'
             +-[COLON] Node: ':'
             |  \-[IDENT] Node: 'idList3392_'
             +-[COLON] Node: ':'
             |  \-[IDENT] Node: 'idList3393_'
             +-[COLON] Node: ':'
             |  \-[IDENT] Node: 'idList3394_'
             +-[COLON] Node: ':'
             |  \-[IDENT] Node: 'idList3395_'
             +-[COLON] Node: ':'
             |  \-[IDENT] Node: 'idList3396_'
             +-[COLON] Node: ':'
             |  \-[IDENT] Node: 'idList3397_'
             +-[COLON] Node: ':'
             |  \-[IDENT] Node: 'idList3398_'
             +-[COLON] Node: ':'
             |  \-[IDENT] Node: 'idList3399_'
             +-[COLON] Node: ':'
             |  \-[IDENT] Node: 'idList3400_'
             +-[COLON] Node: ':'
             |  \-[IDENT] Node: 'idList3401_'
             +-[COLON] Node: ':'
             |  \-[IDENT] Node: 'idList3402_'
             +-[COLON] Node: ':'
             |  \-[IDENT] Node: 'idList3403_'
             +-[COLON] Node: ':'
             |  \-[IDENT] Node: 'idList3404_'
             +-[COLON] Node: ':'
             |  \-[IDENT] Node: 'idList3405_'
             +-[COLON] Node: ':'
             |  \-[IDENT] Node: 'idList3406_'
             +-[COLON] Node: ':'
             |  \-[IDENT] Node: 'idList3407_'
             +-[COLON] Node: ':'
             |  \-[IDENT] Node: 'idList3408_'
             +-[COLON] Node: ':'
             |  \-[IDENT] Node: 'idList3409_'
             +-[COLON] Node: ':'
             |  \-[IDENT] Node: 'idList3410_'
             +-[COLON] Node: ':'
             |  \-[IDENT] Node: 'idList3411_'
             +-[COLON] Node: ':'
             |  \-[IDENT] Node: 'idList3412_'
             +-[COLON] Node: ':'
             |  \-[IDENT] Node: 'idList3413_'
             +-[COLON] Node: ':'
             |  \-[IDENT] Node: 'idList3414_'
             +-[COLON] Node: ':'
             |  \-[IDENT] Node: 'idList3415_'
             +-[COLON] Node: ':'
             |  \-[IDENT] Node: 'idList3416_'
             +-[COLON] Node: ':'
             |  \-[IDENT] Node: 'idList3417_'
             +-[COLON] Node: ':'
             |  \-[IDENT] Node: 'idList3418_'
             +-[COLON] Node: ':'
             |  \-[IDENT] Node: 'idList3419_'
             +-[COLON] Node: ':'
             |  \-[IDENT] Node: 'idList3420_'
             +-[COLON] Node: ':'
             |  \-[IDENT] Node: 'idList3421_'
             +-[COLON] Node: ':'
             |  \-[IDENT] Node: 'idList3422_'
             +-[COLON] Node: ':'
             |  \-[IDENT] Node: 'idList3423_'
             +-[COLON] Node: ':'
             |  \-[IDENT] Node: 'idList3424_'
             +-[COLON] Node: ':'
             |  \-[IDENT] Node: 'idList3425_'
             +-[COLON] Node: ':'
             |  \-[IDENT] Node: 'idList3426_'
             +-[COLON] Node: ':'
             |  \-[IDENT] Node: 'idList3427_'
             +-[COLON] Node: ':'
             |  \-[IDENT] Node: 'idList3428_'
             +-[COLON] Node: ':'
             |  \-[IDENT] Node: 'idList3429_'
             +-[COLON] Node: ':'
             |  \-[IDENT] Node: 'idList3430_'
             +-[COLON] Node: ':'
             |  \-[IDENT] Node: 'idList3431_'
             +-[COLON] Node: ':'
             |  \-[IDENT] Node: 'idList3432_'
             +-[COLON] Node: ':'
             |  \-[IDENT] Node: 'idList3433_'
             +-[COLON] Node: ':'
             |  \-[IDENT] Node: 'idList3434_'
             +-[COLON] Node: ':'
             |  \-[IDENT] Node: 'idList3435_'
             +-[COLON] Node: ':'
             |  \-[IDENT] Node: 'idList3436_'
             +-[COLON] Node: ':'
             |  \-[IDENT] Node: 'idList3437_'
             +-[COLON] Node: ':'
             |  \-[IDENT] Node: 'idList3438_'
             +-[COLON] Node: ':'
             |  \-[IDENT] Node: 'idList3439_'
             +-[COLON] Node: ':'
             |  \-[IDENT] Node: 'idList3440_'
             +-[COLON] Node: ':'
             |  \-[IDENT] Node: 'idList3441_'
             +-[COLON] Node: ':'
             |  \-[IDENT] Node: 'idList3442_'
             +-[COLON] Node: ':'
             |  \-[IDENT] Node: 'idList3443_'
             +-[COLON] Node: ':'
             |  \-[IDENT] Node: 'idList3444_'
             +-[COLON] Node: ':'
             |  \-[IDENT] Node: 'idList3445_'
             +-[COLON] Node: ':'
             |  \-[IDENT] Node: 'idList3446_'
             +-[COLON] Node: ':'
             |  \-[IDENT] Node: 'idList3447_'
             +-[COLON] Node: ':'
             |  \-[IDENT] Node: 'idList3448_'
             +-[COLON] Node: ':'
             |  \-[IDENT] Node: 'idList3449_'
             +-[COLON] Node: ':'
             |  \-[IDENT] Node: 'idList3450_'
             +-[COLON] Node: ':'
             |  \-[IDENT] Node: 'idList3451_'
             +-[COLON] Node: ':'
             |  \-[IDENT] Node: 'idList3452_'
             +-[COLON] Node: ':'
             |  \-[IDENT] Node: 'idList3453_'
             +-[COLON] Node: ':'
             |  \-[IDENT] Node: 'idList3454_'
             +-[COLON] Node: ':'
             |  \-[IDENT] Node: 'idList3455_'
             +-[COLON] Node: ':'
             |  \-[IDENT] Node: 'idList3456_'
             +-[COLON] Node: ':'
             |  \-[IDENT] Node: 'idList3457_'
             +-[COLON] Node: ':'
             |  \-[IDENT] Node: 'idList3458_'
             +-[COLON] Node: ':'
             |  \-[IDENT] Node: 'idList3459_'
             +-[COLON] Node: ':'
             |  \-[IDENT] Node: 'idList3460_'
             +-[COLON] Node: ':'
             |  \-[IDENT] Node: 'idList3461_'
             +-[COLON] Node: ':'
             |  \-[IDENT] Node: 'idList3462_'
             +-[COLON] Node: ':'
             |  \-[IDENT] Node: 'idList3463_'
             +-[COLON] Node: ':'
             |  \-[IDENT] Node: 'idList3464_'
             +-[COLON] Node: ':'
             |  \-[IDENT] Node: 'idList3465_'
             +-[COLON] Node: ':'
             |  \-[IDENT] Node: 'idList3466_'
             +-[COLON] Node: ':'
             |  \-[IDENT] Node: 'idList3467_'
             +-[COLON] Node: ':'
             |  \-[IDENT] Node: 'idList3468_'
             +-[COLON] Node: ':'
             |  \-[IDENT] Node: 'idList3469_'
             +-[COLON] Node: ':'
             |  \-[IDENT] Node: 'idList3470_'
             +-[COLON] Node: ':'
             |  \-[IDENT] Node: 'idList3471_'
             +-[COLON] Node: ':'
             |  \-[IDENT] Node: 'idList3472_'
             +-[COLON] Node: ':'
             |  \-[IDENT] Node: 'idList3473_'
             +-[COLON] Node: ':'
             |  \-[IDENT] Node: 'idList3474_'
             +-[COLON] Node: ':'
             |  \-[IDENT] Node: 'idList3475_'
             +-[COLON] Node: ':'
             |  \-[IDENT] Node: 'idList3476_'
             +-[COLON] Node: ':'
             |  \-[IDENT] Node: 'idList3477_'
             +-[COLON] Node: ':'
             |  \-[IDENT] Node: 'idList3478_'
             +-[COLON] Node: ':'
             |  \-[IDENT] Node: 'idList3479_'
             +-[COLON] Node: ':'
             |  \-[IDENT] Node: 'idList3480_'
             +-[COLON] Node: ':'
             |  \-[IDENT] Node: 'idList3481_'
             +-[COLON] Node: ':'
             |  \-[IDENT] Node: 'idList3482_'
             +-[COLON] Node: ':'
             |  \-[IDENT] Node: 'idList3483_'
             +-[COLON] Node: ':'
             |  \-[IDENT] Node: 'idList3484_'
             +-[COLON] Node: ':'
             |  \-[IDENT] Node: 'idList3485_'
             +-[COLON] Node: ':'
             |  \-[IDENT] Node: 'idList3486_'
             +-[COLON] Node: ':'
             |  \-[IDENT] Node: 'idList3487_'
             +-[COLON] Node: ':'
             |  \-[IDENT] Node: 'idList3488_'
             +-[COLON] Node: ':'
             |  \-[IDENT] Node: 'idList3489_'
             +-[COLON] Node: ':'
             |  \-[IDENT] Node: 'idList3490_'
             +-[COLON] Node: ':'
             |  \-[IDENT] Node: 'idList3491_'
             +-[COLON] Node: ':'
             |  \-[IDENT] Node: 'idList3492_'
             +-[COLON] Node: ':'
             |  \-[IDENT] Node: 'idList3493_'
             +-[COLON] Node: ':'
             |  \-[IDENT] Node: 'idList3494_'
             +-[COLON] Node: ':'
             |  \-[IDENT] Node: 'idList3495_'
             +-[COLON] Node: ':'
             |  \-[IDENT] Node: 'idList3496_'
             +-[COLON] Node: ':'
             |  \-[IDENT] Node: 'idList3497_'
             +-[COLON] Node: ':'
             |  \-[IDENT] Node: 'idList3498_'
             +-[COLON] Node: ':'
             |  \-[IDENT] Node: 'idList3499_'
             +-[COLON] Node: ':'
             |  \-[IDENT] Node: 'idList3500_'
             +-[COLON] Node: ':'
             |  \-[IDENT] Node: 'idList3501_'
             +-[COLON] Node: ':'
             |  \-[IDENT] Node: 'idList3502_'
             +-[COLON] Node: ':'
             |  \-[IDENT] Node: 'idList3503_'
             +-[COLON] Node: ':'
             |  \-[IDENT] Node: 'idList3504_'
             +-[COLON] Node: ':'
             |  \-[IDENT] Node: 'idList3505_'
             +-[COLON] Node: ':'
             |  \-[IDENT] Node: 'idList3506_'
             +-[COLON] Node: ':'
             |  \-[IDENT] Node: 'idList3507_'
             +-[COLON] Node: ':'
             |  \-[IDENT] Node: 'idList3508_'
             +-[COLON] Node: ':'
             |  \-[IDENT] Node: 'idList3509_'
             +-[COLON] Node: ':'
             |  \-[IDENT] Node: 'idList3510_'
             +-[COLON] Node: ':'
             |  \-[IDENT] Node: 'idList3511_'
             +-[COLON] Node: ':'
             |  \-[IDENT] Node: 'idList3512_'
             +-[COLON] Node: ':'
             |  \-[IDENT] Node: 'idList3513_'
             +-[COLON] Node: ':'
             |  \-[IDENT] Node: 'idList3514_'
             +-[COLON] Node: ':'
             |  \-[IDENT] Node: 'idList3515_'
             +-[COLON] Node: ':'
             |  \-[IDENT] Node: 'idList3516_'
             +-[COLON] Node: ':'
             |  \-[IDENT] Node: 'idList3517_'
             +-[COLON] Node: ':'
             |  \-[IDENT] Node: 'idList3518_'
             +-[COLON] Node: ':'
             |  \-[IDENT] Node: 'idList3519_'
             +-[COLON] Node: ':'
             |  \-[IDENT] Node: 'idList3520_'
             +-[COLON] Node: ':'
             |  \-[IDENT] Node: 'idList3521_'
             +-[COLON] Node: ':'
             |  \-[IDENT] Node: 'idList3522_'
             +-[COLON] Node: ':'
             |  \-[IDENT] Node: 'idList3523_'
             +-[COLON] Node: ':'
             |  \-[IDENT] Node: 'idList3524_'
             +-[COLON] Node: ':'
             |  \-[IDENT] Node: 'idList3525_'
             +-[COLON] Node: ':'
             |  \-[IDENT] Node: 'idList3526_'
             +-[COLON] Node: ':'
             |  \-[IDENT] Node: 'idList3527_'
             +-[COLON] Node: ':'
             |  \-[IDENT] Node: 'idList3528_'
             +-[COLON] Node: ':'
             |  \-[IDENT] Node: 'idList3529_'
             +-[COLON] Node: ':'
             |  \-[IDENT] Node: 'idList3530_'
             +-[COLON] Node: ':'
             |  \-[IDENT] Node: 'idList3531_'
             +-[COLON] Node: ':'
             |  \-[IDENT] Node: 'idList3532_'
             +-[COLON] Node: ':'
             |  \-[IDENT] Node: 'idList3533_'
             +-[COLON] Node: ':'
             |  \-[IDENT] Node: 'idList3534_'
             +-[COLON] Node: ':'
             |  \-[IDENT] Node: 'idList3535_'
             +-[COLON] Node: ':'
             |  \-[IDENT] Node: 'idList3536_'
             +-[COLON] Node: ':'
             |  \-[IDENT] Node: 'idList3537_'
             +-[COLON] Node: ':'
             |  \-[IDENT] Node: 'idList3538_'
             +-[COLON] Node: ':'
             |  \-[IDENT] Node: 'idList3539_'
             +-[COLON] Node: ':'
             |  \-[IDENT] Node: 'idList3540_'
             +-[COLON] Node: ':'
             |  \-[IDENT] Node: 'idList3541_'
             +-[COLON] Node: ':'
             |  \-[IDENT] Node: 'idList3542_'
             +-[COLON] Node: ':'
             |  \-[IDENT] Node: 'idList3543_'
             +-[COLON] Node: ':'
             |  \-[IDENT] Node: 'idList3544_'
             +-[COLON] Node: ':'
             |  \-[IDENT] Node: 'idList3545_'
             +-[COLON] Node: ':'
             |  \-[IDENT] Node: 'idList3546_'
             +-[COLON] Node: ':'
             |  \-[IDENT] Node: 'idList3547_'
             +-[COLON] Node: ':'
             |  \-[IDENT] Node: 'idList3548_'
             +-[COLON] Node: ':'
             |  \-[IDENT] Node: 'idList3549_'
             +-[COLON] Node: ':'
             |  \-[IDENT] Node: 'idList3550_'
             +-[COLON] Node: ':'
             |  \-[IDENT] Node: 'idList3551_'
             +-[COLON] Node: ':'
             |  \-[IDENT] Node: 'idList3552_'
             +-[COLON] Node: ':'
             |  \-[IDENT] Node: 'idList3553_'
             +-[COLON] Node: ':'
             |  \-[IDENT] Node: 'idList3554_'
             +-[COLON] Node: ':'
             |  \-[IDENT] Node: 'idList3555_'
             +-[COLON] Node: ':'
             |  \-[IDENT] Node: 'idList3556_'
             +-[COLON] Node: ':'
             |  \-[IDENT] Node: 'idList3557_'
             +-[COLON] Node: ':'
             |  \-[IDENT] Node: 'idList3558_'
             +-[COLON] Node: ':'
             |  \-[IDENT] Node: 'idList3559_'
             +-[COLON] Node: ':'
             |  \-[IDENT] Node: 'idList3560_'
             +-[COLON] Node: ':'
             |  \-[IDENT] Node: 'idList3561_'
             +-[COLON] Node: ':'
             |  \-[IDENT] Node: 'idList3562_'
             +-[COLON] Node: ':'
             |  \-[IDENT] Node: 'idList3563_'
             +-[COLON] Node: ':'
             |  \-[IDENT] Node: 'idList3564_'
             +-[COLON] Node: ':'
             |  \-[IDENT] Node: 'idList3565_'
             +-[COLON] Node: ':'
             |  \-[IDENT] Node: 'idList3566_'
             +-[COLON] Node: ':'
             |  \-[IDENT] Node: 'idList3567_'
             +-[COLON] Node: ':'
             |  \-[IDENT] Node: 'idList3568_'
             +-[COLON] Node: ':'
             |  \-[IDENT] Node: 'idList3569_'
             +-[COLON] Node: ':'
             |  \-[IDENT] Node: 'idList3570_'
             +-[COLON] Node: ':'
             |  \-[IDENT] Node: 'idList3571_'
             +-[COLON] Node: ':'
             |  \-[IDENT] Node: 'idList3572_'
             +-[COLON] Node: ':'
             |  \-[IDENT] Node: 'idList3573_'
             +-[COLON] Node: ':'
             |  \-[IDENT] Node: 'idList3574_'
             +-[COLON] Node: ':'
             |  \-[IDENT] Node: 'idList3575_'
             +-[COLON] Node: ':'
             |  \-[IDENT] Node: 'idList3576_'
             +-[COLON] Node: ':'
             |  \-[IDENT] Node: 'idList3577_'
             +-[COLON] Node: ':'
             |  \-[IDENT] Node: 'idList3578_'
             +-[COLON] Node: ':'
             |  \-[IDENT] Node: 'idList3579_'
             +-[COLON] Node: ':'
             |  \-[IDENT] Node: 'idList3580_'
             +-[COLON] Node: ':'
             |  \-[IDENT] Node: 'idList3581_'
             +-[COLON] Node: ':'
             |  \-[IDENT] Node: 'idList3582_'
             +-[COLON] Node: ':'
             |  \-[IDENT] Node: 'idList3583_'
             +-[COLON] Node: ':'
             |  \-[IDENT] Node: 'idList3584_'
             +-[COLON] Node: ':'
             |  \-[IDENT] Node: 'idList3585_'
             +-[COLON] Node: ':'
             |  \-[IDENT] Node: 'idList3586_'
             +-[COLON] Node: ':'
             |  \-[IDENT] Node: 'idList3587_'
             +-[COLON] Node: ':'
             |  \-[IDENT] Node: 'idList3588_'
             +-[COLON] Node: ':'
             |  \-[IDENT] Node: 'idList3589_'
             +-[COLON] Node: ':'
             |  \-[IDENT] Node: 'idList3590_'
             +-[COLON] Node: ':'
             |  \-[IDENT] Node: 'idList3591_'
             +-[COLON] Node: ':'
             |  \-[IDENT] Node: 'idList3592_'
             +-[COLON] Node: ':'
             |  \-[IDENT] Node: 'idList3593_'
             +-[COLON] Node: ':'
             |  \-[IDENT] Node: 'idList3594_'
             +-[COLON] Node: ':'
             |  \-[IDENT] Node: 'idList3595_'
             +-[COLON] Node: ':'
             |  \-[IDENT] Node: 'idList3596_'
             +-[COLON] Node: ':'
             |  \-[IDENT] Node: 'idList3597_'
             +-[COLON] Node: ':'
             |  \-[IDENT] Node: 'idList3598_'
             +-[COLON] Node: ':'
             |  \-[IDENT] Node: 'idList3599_'
             +-[COLON] Node: ':'
             |  \-[IDENT] Node: 'idList3600_'
             +-[COLON] Node: ':'
             |  \-[IDENT] Node: 'idList3601_'
             +-[COLON] Node: ':'
             |  \-[IDENT] Node: 'idList3602_'
             +-[COLON] Node: ':'
             |  \-[IDENT] Node: 'idList3603_'
             +-[COLON] Node: ':'
             |  \-[IDENT] Node: 'idList3604_'
             +-[COLON] Node: ':'
             |  \-[IDENT] Node: 'idList3605_'
             +-[COLON] Node: ':'
             |  \-[IDENT] Node: 'idList3606_'
             +-[COLON] Node: ':'
             |  \-[IDENT] Node: 'idList3607_'
             +-[COLON] Node: ':'
             |  \-[IDENT] Node: 'idList3608_'
             +-[COLON] Node: ':'
             |  \-[IDENT] Node: 'idList3609_'
             +-[COLON] Node: ':'
             |  \-[IDENT] Node: 'idList3610_'
             +-[COLON] Node: ':'
             |  \-[IDENT] Node: 'idList3611_'
             +-[COLON] Node: ':'
             |  \-[IDENT] Node: 'idList3612_'
             +-[COLON] Node: ':'
             |  \-[IDENT] Node: 'idList3613_'
             +-[COLON] Node: ':'
             |  \-[IDENT] Node: 'idList3614_'
             +-[COLON] Node: ':'
             |  \-[IDENT] Node: 'idList3615_'
             +-[COLON] Node: ':'
             |  \-[IDENT] Node: 'idList3616_'
             +-[COLON] Node: ':'
             |  \-[IDENT] Node: 'idList3617_'
             +-[COLON] Node: ':'
             |  \-[IDENT] Node: 'idList3618_'
             +-[COLON] Node: ':'
             |  \-[IDENT] Node: 'idList3619_'
             +-[COLON] Node: ':'
             |  \-[IDENT] Node: 'idList3620_'
             +-[COLON] Node: ':'
             |  \-[IDENT] Node: 'idList3621_'
             +-[COLON] Node: ':'
             |  \-[IDENT] Node: 'idList3622_'
             +-[COLON] Node: ':'
             |  \-[IDENT] Node: 'idList3623_'
             +-[COLON] Node: ':'
             |  \-[IDENT] Node: 'idList3624_'
             +-[COLON] Node: ':'
             |  \-[IDENT] Node: 'idList3625_'
             +-[COLON] Node: ':'
             |  \-[IDENT] Node: 'idList3626_'
             +-[COLON] Node: ':'
             |  \-[IDENT] Node: 'idList3627_'
             +-[COLON] Node: ':'
             |  \-[IDENT] Node: 'idList3628_'
             +-[COLON] Node: ':'
             |  \-[IDENT] Node: 'idList3629_'
             +-[COLON] Node: ':'
             |  \-[IDENT] Node: 'idList3630_'
             +-[COLON] Node: ':'
             |  \-[IDENT] Node: 'idList3631_'
             +-[COLON] Node: ':'
             |  \-[IDENT] Node: 'idList3632_'
             +-[COLON] Node: ':'
             |  \-[IDENT] Node: 'idList3633_'
             +-[COLON] Node: ':'
             |  \-[IDENT] Node: 'idList3634_'
             +-[COLON] Node: ':'
             |  \-[IDENT] Node: 'idList3635_'
             +-[COLON] Node: ':'
             |  \-[IDENT] Node: 'idList3636_'
             +-[COLON] Node: ':'
             |  \-[IDENT] Node: 'idList3637_'
             +-[COLON] Node: ':'
             |  \-[IDENT] Node: 'idList3638_'
             +-[COLON] Node: ':'
             |  \-[IDENT] Node: 'idList3639_'
             +-[COLON] Node: ':'
             |  \-[IDENT] Node: 'idList3640_'
             +-[COLON] Node: ':'
             |  \-[IDENT] Node: 'idList3641_'
             +-[COLON] Node: ':'
             |  \-[IDENT] Node: 'idList3642_'
             +-[COLON] Node: ':'
             |  \-[IDENT] Node: 'idList3643_'
             +-[COLON] Node: ':'
             |  \-[IDENT] Node: 'idList3644_'
             +-[COLON] Node: ':'
             |  \-[IDENT] Node: 'idList3645_'
             +-[COLON] Node: ':'
             |  \-[IDENT] Node: 'idList3646_'
             +-[COLON] Node: ':'
             |  \-[IDENT] Node: 'idList3647_'
             +-[COLON] Node: ':'
             |  \-[IDENT] Node: 'idList3648_'
             +-[COLON] Node: ':'
             |  \-[IDENT] Node: 'idList3649_'
             +-[COLON] Node: ':'
             |  \-[IDENT] Node: 'idList3650_'
             +-[COLON] Node: ':'
             |  \-[IDENT] Node: 'idList3651_'
             +-[COLON] Node: ':'
             |  \-[IDENT] Node: 'idList3652_'
             +-[COLON] Node: ':'
             |  \-[IDENT] Node: 'idList3653_'
             +-[COLON] Node: ':'
             |  \-[IDENT] Node: 'idList3654_'
             +-[COLON] Node: ':'
             |  \-[IDENT] Node: 'idList3655_'
             +-[COLON] Node: ':'
             |  \-[IDENT] Node: 'idList3656_'
             +-[COLON] Node: ':'
             |  \-[IDENT] Node: 'idList3657_'
             +-[COLON] Node: ':'
             |  \-[IDENT] Node: 'idList3658_'
             +-[COLON] Node: ':'
             |  \-[IDENT] Node: 'idList3659_'
             +-[COLON] Node: ':'
             |  \-[IDENT] Node: 'idList3660_'
             +-[COLON] Node: ':'
             |  \-[IDENT] Node: 'idList3661_'
             +-[COLON] Node: ':'
             |  \-[IDENT] Node: 'idList3662_'
             +-[COLON] Node: ':'
             |  \-[IDENT] Node: 'idList3663_'
             +-[COLON] Node: ':'
             |  \-[IDENT] Node: 'idList3664_'
             +-[COLON] Node: ':'
             |  \-[IDENT] Node: 'idList3665_'
             +-[COLON] Node: ':'
             |  \-[IDENT] Node: 'idList3666_'
             +-[COLON] Node: ':'
             |  \-[IDENT] Node: 'idList3667_'
             +-[COLON] Node: ':'
             |  \-[IDENT] Node: 'idList3668_'
             +-[COLON] Node: ':'
             |  \-[IDENT] Node: 'idList3669_'
             +-[COLON] Node: ':'
             |  \-[IDENT] Node: 'idList3670_'
             +-[COLON] Node: ':'
             |  \-[IDENT] Node: 'idList3671_'
             +-[COLON] Node: ':'
             |  \-[IDENT] Node: 'idList3672_'
             +-[COLON] Node: ':'
             |  \-[IDENT] Node: 'idList3673_'
             +-[COLON] Node: ':'
             |  \-[IDENT] Node: 'idList3674_'
             +-[COLON] Node: ':'
             |  \-[IDENT] Node: 'idList3675_'
             +-[COLON] Node: ':'
             |  \-[IDENT] Node: 'idList3676_'
             +-[COLON] Node: ':'
             |  \-[IDENT] Node: 'idList3677_'
             +-[COLON] Node: ':'
             |  \-[IDENT] Node: 'idList3678_'
             +-[COLON] Node: ':'
             |  \-[IDENT] Node: 'idList3679_'
             +-[COLON] Node: ':'
             |  \-[IDENT] Node: 'idList3680_'
             +-[COLON] Node: ':'
             |  \-[IDENT] Node: 'idList3681_'
             +-[COLON] Node: ':'
             |  \-[IDENT] Node: 'idList3682_'
             +-[COLON] Node: ':'
             |  \-[IDENT] Node: 'idList3683_'
             +-[COLON] Node: ':'
             |  \-[IDENT] Node: 'idList3684_'
             +-[COLON] Node: ':'
             |  \-[IDENT] Node: 'idList3685_'
             +-[COLON] Node: ':'
             |  \-[IDENT] Node: 'idList3686_'
             +-[COLON] Node: ':'
             |  \-[IDENT] Node: 'idList3687_'
             +-[COLON] Node: ':'
             |  \-[IDENT] Node: 'idList3688_'
             +-[COLON] Node: ':'
             |  \-[IDENT] Node: 'idList3689_'
             +-[COLON] Node: ':'
             |  \-[IDENT] Node: 'idList3690_'
             +-[COLON] Node: ':'
             |  \-[IDENT] Node: 'idList3691_'
             +-[COLON] Node: ':'
             |  \-[IDENT] Node: 'idList3692_'
             +-[COLON] Node: ':'
             |  \-[IDENT] Node: 'idList3693_'
             +-[COLON] Node: ':'
             |  \-[IDENT] Node: 'idList3694_'
             +-[COLON] Node: ':'
             |  \-[IDENT] Node: 'idList3695_'
             +-[COLON] Node: ':'
             |  \-[IDENT] Node: 'idList3696_'
             +-[COLON] Node: ':'
             |  \-[IDENT] Node: 'idList3697_'
             +-[COLON] Node: ':'
             |  \-[IDENT] Node: 'idList3698_'
             +-[COLON] Node: ':'
             |  \-[IDENT] Node: 'idList3699_'
             +-[COLON] Node: ':'
             |  \-[IDENT] Node: 'idList3700_'
             +-[COLON] Node: ':'
             |  \-[IDENT] Node: 'idList3701_'
             +-[COLON] Node: ':'
             |  \-[IDENT] Node: 'idList3702_'
             +-[COLON] Node: ':'
             |  \-[IDENT] Node: 'idList3703_'
             +-[COLON] Node: ':'
             |  \-[IDENT] Node: 'idList3704_'
             +-[COLON] Node: ':'
             |  \-[IDENT] Node: 'idList3705_'
             +-[COLON] Node: ':'
             |  \-[IDENT] Node: 'idList3706_'
             +-[COLON] Node: ':'
             |  \-[IDENT] Node: 'idList3707_'
             +-[COLON] Node: ':'
             |  \-[IDENT] Node: 'idList3708_'
             +-[COLON] Node: ':'
             |  \-[IDENT] Node: 'idList3709_'
             +-[COLON] Node: ':'
             |  \-[IDENT] Node: 'idList3710_'
             +-[COLON] Node: ':'
             |  \-[IDENT] Node: 'idList3711_'
             +-[COLON] Node: ':'
             |  \-[IDENT] Node: 'idList3712_'
             +-[COLON] Node: ':'
             |  \-[IDENT] Node: 'idList3713_'
             +-[COLON] Node: ':'
             |  \-[IDENT] Node: 'idList3714_'
             +-[COLON] Node: ':'
             |  \-[IDENT] Node: 'idList3715_'
             +-[COLON] Node: ':'
             |  \-[IDENT] Node: 'idList3716_'
             +-[COLON] Node: ':'
             |  \-[IDENT] Node: 'idList3717_'
             +-[COLON] Node: ':'
             |  \-[IDENT] Node: 'idList3718_'
             +-[COLON] Node: ':'
             |  \-[IDENT] Node: 'idList3719_'
             +-[COLON] Node: ':'
             |  \-[IDENT] Node: 'idList3720_'
             +-[COLON] Node: ':'
             |  \-[IDENT] Node: 'idList3721_'
             +-[COLON] Node: ':'
             |  \-[IDENT] Node: 'idList3722_'
             +-[COLON] Node: ':'
             |  \-[IDENT] Node: 'idList3723_'
             +-[COLON] Node: ':'
             |  \-[IDENT] Node: 'idList3724_'
             +-[COLON] Node: ':'
             |  \-[IDENT] Node: 'idList3725_'
             +-[COLON] Node: ':'
             |  \-[IDENT] Node: 'idList3726_'
             +-[COLON] Node: ':'
             |  \-[IDENT] Node: 'idList3727_'
             +-[COLON] Node: ':'
             |  \-[IDENT] Node: 'idList3728_'
             +-[COLON] Node: ':'
             |  \-[IDENT] Node: 'idList3729_'
             +-[COLON] Node: ':'
             |  \-[IDENT] Node: 'idList3730_'
             +-[COLON] Node: ':'
             |  \-[IDENT] Node: 'idList3731_'
             +-[COLON] Node: ':'
             |  \-[IDENT] Node: 'idList3732_'
             +-[COLON] Node: ':'
             |  \-[IDENT] Node: 'idList3733_'
             +-[COLON] Node: ':'
             |  \-[IDENT] Node: 'idList3734_'
             +-[COLON] Node: ':'
             |  \-[IDENT] Node: 'idList3735_'
             +-[COLON] Node: ':'
             |  \-[IDENT] Node: 'idList3736_'
             +-[COLON] Node: ':'
             |  \-[IDENT] Node: 'idList3737_'
             +-[COLON] Node: ':'
             |  \-[IDENT] Node: 'idList3738_'
             +-[COLON] Node: ':'
             |  \-[IDENT] Node: 'idList3739_'
             +-[COLON] Node: ':'
             |  \-[IDENT] Node: 'idList3740_'
             +-[COLON] Node: ':'
             |  \-[IDENT] Node: 'idList3741_'
             +-[COLON] Node: ':'
             |  \-[IDENT] Node: 'idList3742_'
             +-[COLON] Node: ':'
             |  \-[IDENT] Node: 'idList3743_'
             +-[COLON] Node: ':'
             |  \-[IDENT] Node: 'idList3744_'
             +-[COLON] Node: ':'
             |  \-[IDENT] Node: 'idList3745_'
             +-[COLON] Node: ':'
             |  \-[IDENT] Node: 'idList3746_'
             +-[COLON] Node: ':'
             |  \-[IDENT] Node: 'idList3747_'
             +-[COLON] Node: ':'
             |  \-[IDENT] Node: 'idList3748_'
             +-[COLON] Node: ':'
             |  \-[IDENT] Node: 'idList3749_'
             +-[COLON] Node: ':'
             |  \-[IDENT] Node: 'idList3750_'
             +-[COLON] Node: ':'
             |  \-[IDENT] Node: 'idList3751_'
             +-[COLON] Node: ':'
             |  \-[IDENT] Node: 'idList3752_'
             +-[COLON] Node: ':'
             |  \-[IDENT] Node: 'idList3753_'
             +-[COLON] Node: ':'
             |  \-[IDENT] Node: 'idList3754_'
             +-[COLON] Node: ':'
             |  \-[IDENT] Node: 'idList3755_'
             +-[COLON] Node: ':'
             |  \-[IDENT] Node: 'idList3756_'
             +-[COLON] Node: ':'
             |  \-[IDENT] Node: 'idList3757_'
             +-[COLON] Node: ':'
             |  \-[IDENT] Node: 'idList3758_'
             +-[COLON] Node: ':'
             |  \-[IDENT] Node: 'idList3759_'
             +-[COLON] Node: ':'
             |  \-[IDENT] Node: 'idList3760_'
             +-[COLON] Node: ':'
             |  \-[IDENT] Node: 'idList3761_'
             +-[COLON] Node: ':'
             |  \-[IDENT] Node: 'idList3762_'
             +-[COLON] Node: ':'
             |  \-[IDENT] Node: 'idList3763_'
             +-[COLON] Node: ':'
             |  \-[IDENT] Node: 'idList3764_'
             +-[COLON] Node: ':'
             |  \-[IDENT] Node: 'idList3765_'
             +-[COLON] Node: ':'
             |  \-[IDENT] Node: 'idList3766_'
             +-[COLON] Node: ':'
             |  \-[IDENT] Node: 'idList3767_'
             +-[COLON] Node: ':'
             |  \-[IDENT] Node: 'idList3768_'
             +-[COLON] Node: ':'
             |  \-[IDENT] Node: 'idList3769_'
             +-[COLON] Node: ':'
             |  \-[IDENT] Node: 'idList3770_'
             +-[COLON] Node: ':'
             |  \-[IDENT] Node: 'idList3771_'
             +-[COLON] Node: ':'
             |  \-[IDENT] Node: 'idList3772_'
             +-[COLON] Node: ':'
             |  \-[IDENT] Node: 'idList3773_'
             +-[COLON] Node: ':'
             |  \-[IDENT] Node: 'idList3774_'
             +-[COLON] Node: ':'
             |  \-[IDENT] Node: 'idList3775_'
             +-[COLON] Node: ':'
             |  \-[IDENT] Node: 'idList3776_'
             +-[COLON] Node: ':'
             |  \-[IDENT] Node: 'idList3777_'
             +-[COLON] Node: ':'
             |  \-[IDENT] Node: 'idList3778_'
             +-[COLON] Node: ':'
             |  \-[IDENT] Node: 'idList3779_'
             +-[COLON] Node: ':'
             |  \-[IDENT] Node: 'idList3780_'
             +-[COLON] Node: ':'
             |  \-[IDENT] Node: 'idList3781_'
             +-[COLON] Node: ':'
             |  \-[IDENT] Node: 'idList3782_'
             +-[COLON] Node: ':'
             |  \-[IDENT] Node: 'idList3783_'
             +-[COLON] Node: ':'
             |  \-[IDENT] Node: 'idList3784_'
             +-[COLON] Node: ':'
             |  \-[IDENT] Node: 'idList3785_'
             +-[COLON] Node: ':'
             |  \-[IDENT] Node: 'idList3786_'
             +-[COLON] Node: ':'
             |  \-[IDENT] Node: 'idList3787_'
             +-[COLON] Node: ':'
             |  \-[IDENT] Node: 'idList3788_'
             +-[COLON] Node: ':'
             |  \-[IDENT] Node: 'idList3789_'
             +-[COLON] Node: ':'
             |  \-[IDENT] Node: 'idList3790_'
             +-[COLON] Node: ':'
             |  \-[IDENT] Node: 'idList3791_'
             +-[COLON] Node: ':'
             |  \-[IDENT] Node: 'idList3792_'
             +-[COLON] Node: ':'
             |  \-[IDENT] Node: 'idList3793_'
             +-[COLON] Node: ':'
             |  \-[IDENT] Node: 'idList3794_'
             +-[COLON] Node: ':'
             |  \-[IDENT] Node: 'idList3795_'
             +-[COLON] Node: ':'
             |  \-[IDENT] Node: 'idList3796_'
             +-[COLON] Node: ':'
             |  \-[IDENT] Node: 'idList3797_'
             +-[COLON] Node: ':'
             |  \-[IDENT] Node: 'idList3798_'
             +-[COLON] Node: ':'
             |  \-[IDENT] Node: 'idList3799_'
             +-[COLON] Node: ':'
             |  \-[IDENT] Node: 'idList3800_'
             +-[COLON] Node: ':'
             |  \-[IDENT] Node: 'idList3801_'
             +-[COLON] Node: ':'
             |  \-[IDENT] Node: 'idList3802_'
             +-[COLON] Node: ':'
             |  \-[IDENT] Node: 'idList3803_'
             +-[COLON] Node: ':'
             |  \-[IDENT] Node: 'idList3804_'
             +-[COLON] Node: ':'
             |  \-[IDENT] Node: 'idList3805_'
             +-[COLON] Node: ':'
             |  \-[IDENT] Node: 'idList3806_'
             +-[COLON] Node: ':'
             |  \-[IDENT] Node: 'idList3807_'
             +-[COLON] Node: ':'
             |  \-[IDENT] Node: 'idList3808_'
             +-[COLON] Node: ':'
             |  \-[IDENT] Node: 'idList3809_'
             +-[COLON] Node: ':'
             |  \-[IDENT] Node: 'idList3810_'
             +-[COLON] Node: ':'
             |  \-[IDENT] Node: 'idList3811_'
             +-[COLON] Node: ':'
             |  \-[IDENT] Node: 'idList3812_'
             +-[COLON] Node: ':'
             |  \-[IDENT] Node: 'idList3813_'
             +-[COLON] Node: ':'
             |  \-[IDENT] Node: 'idList3814_'
             +-[COLON] Node: ':'
             |  \-[IDENT] Node: 'idList3815_'
             +-[COLON] Node: ':'
             |  \-[IDENT] Node: 'idList3816_'
             +-[COLON] Node: ':'
             |  \-[IDENT] Node: 'idList3817_'
             +-[COLON] Node: ':'
             |  \-[IDENT] Node: 'idList3818_'
             +-[COLON] Node: ':'
             |  \-[IDENT] Node: 'idList3819_'
             +-[COLON] Node: ':'
             |  \-[IDENT] Node: 'idList3820_'
             +-[COLON] Node: ':'
             |  \-[IDENT] Node: 'idList3821_'
             +-[COLON] Node: ':'
             |  \-[IDENT] Node: 'idList3822_'
             +-[COLON] Node: ':'
             |  \-[IDENT] Node: 'idList3823_'
             +-[COLON] Node: ':'
             |  \-[IDENT] Node: 'idList3824_'
             +-[COLON] Node: ':'
             |  \-[IDENT] Node: 'idList3825_'
             +-[COLON] Node: ':'
             |  \-[IDENT] Node: 'idList3826_'
             +-[COLON] Node: ':'
             |  \-[IDENT] Node: 'idList3827_'
             +-[COLON] Node: ':'
             |  \-[IDENT] Node: 'idList3828_'
             +-[COLON] Node: ':'
             |  \-[IDENT] Node: 'idList3829_'
             +-[COLON] Node: ':'
             |  \-[IDENT] Node: 'idList3830_'
             +-[COLON] Node: ':'
             |  \-[IDENT] Node: 'idList3831_'
             +-[COLON] Node: ':'
             |  \-[IDENT] Node: 'idList3832_'
             +-[COLON] Node: ':'
             |  \-[IDENT] Node: 'idList3833_'
             +-[COLON] Node: ':'
             |  \-[IDENT] Node: 'idList3834_'
             +-[COLON] Node: ':'
             |  \-[IDENT] Node: 'idList3835_'
             +-[COLON] Node: ':'
             |  \-[IDENT] Node: 'idList3836_'
             +-[COLON] Node: ':'
             |  \-[IDENT] Node: 'idList3837_'
             +-[COLON] Node: ':'
             |  \-[IDENT] Node: 'idList3838_'
             +-[COLON] Node: ':'
             |  \-[IDENT] Node: 'idList3839_'
             +-[COLON] Node: ':'
             |  \-[IDENT] Node: 'idList3840_'
             +-[COLON] Node: ':'
             |  \-[IDENT] Node: 'idList3841_'
             +-[COLON] Node: ':'
             |  \-[IDENT] Node: 'idList3842_'
             +-[COLON] Node: ':'
             |  \-[IDENT] Node: 'idList3843_'
             +-[COLON] Node: ':'
             |  \-[IDENT] Node: 'idList3844_'
             +-[COLON] Node: ':'
             |  \-[IDENT] Node: 'idList3845_'
             +-[COLON] Node: ':'
             |  \-[IDENT] Node: 'idList3846_'
             +-[COLON] Node: ':'
             |  \-[IDENT] Node: 'idList3847_'
             +-[COLON] Node: ':'
             |  \-[IDENT] Node: 'idList3848_'
             +-[COLON] Node: ':'
             |  \-[IDENT] Node: 'idList3849_'
             +-[COLON] Node: ':'
             |  \-[IDENT] Node: 'idList3850_'
             +-[COLON] Node: ':'
             |  \-[IDENT] Node: 'idList3851_'
             +-[COLON] Node: ':'
             |  \-[IDENT] Node: 'idList3852_'
             +-[COLON] Node: ':'
             |  \-[IDENT] Node: 'idList3853_'
             +-[COLON] Node: ':'
             |  \-[IDENT] Node: 'idList3854_'
             +-[COLON] Node: ':'
             |  \-[IDENT] Node: 'idList3855_'
             +-[COLON] Node: ':'
             |  \-[IDENT] Node: 'idList3856_'
             +-[COLON] Node: ':'
             |  \-[IDENT] Node: 'idList3857_'
             +-[COLON] Node: ':'
             |  \-[IDENT] Node: 'idList3858_'
             +-[COLON] Node: ':'
             |  \-[IDENT] Node: 'idList3859_'
             +-[COLON] Node: ':'
             |  \-[IDENT] Node: 'idList3860_'
             +-[COLON] Node: ':'
             |  \-[IDENT] Node: 'idList3861_'
             +-[COLON] Node: ':'
             |  \-[IDENT] Node: 'idList3862_'
             +-[COLON] Node: ':'
             |  \-[IDENT] Node: 'idList3863_'
             +-[COLON] Node: ':'
             |  \-[IDENT] Node: 'idList3864_'
             +-[COLON] Node: ':'
             |  \-[IDENT] Node: 'idList3865_'
             +-[COLON] Node: ':'
             |  \-[IDENT] Node: 'idList3866_'
             +-[COLON] Node: ':'
             |  \-[IDENT] Node: 'idList3867_'
             +-[COLON] Node: ':'
             |  \-[IDENT] Node: 'idList3868_'
             +-[COLON] Node: ':'
             |  \-[IDENT] Node: 'idList3869_'
             +-[COLON] Node: ':'
             |  \-[IDENT] Node: 'idList3870_'
             +-[COLON] Node: ':'
             |  \-[IDENT] Node: 'idList3871_'
             +-[COLON] Node: ':'
             |  \-[IDENT] Node: 'idList3872_'
             +-[COLON] Node: ':'
             |  \-[IDENT] Node: 'idList3873_'
             +-[COLON] Node: ':'
             |  \-[IDENT] Node: 'idList3874_'
             +-[COLON] Node: ':'
             |  \-[IDENT] Node: 'idList3875_'
             +-[COLON] Node: ':'
             |  \-[IDENT] Node: 'idList3876_'
             +-[COLON] Node: ':'
             |  \-[IDENT] Node: 'idList3877_'
             +-[COLON] Node: ':'
             |  \-[IDENT] Node: 'idList3878_'
             +-[COLON] Node: ':'
             |  \-[IDENT] Node: 'idList3879_'
             +-[COLON] Node: ':'
             |  \-[IDENT] Node: 'idList3880_'
             +-[COLON] Node: ':'
             |  \-[IDENT] Node: 'idList3881_'
             +-[COLON] Node: ':'
             |  \-[IDENT] Node: 'idList3882_'
             +-[COLON] Node: ':'
             |  \-[IDENT] Node: 'idList3883_'
             +-[COLON] Node: ':'
             |  \-[IDENT] Node: 'idList3884_'
             +-[COLON] Node: ':'
             |  \-[IDENT] Node: 'idList3885_'
             +-[COLON] Node: ':'
             |  \-[IDENT] Node: 'idList3886_'
             +-[COLON] Node: ':'
             |  \-[IDENT] Node: 'idList3887_'
             +-[COLON] Node: ':'
             |  \-[IDENT] Node: 'idList3888_'
             +-[COLON] Node: ':'
             |  \-[IDENT] Node: 'idList3889_'
             +-[COLON] Node: ':'
             |  \-[IDENT] Node: 'idList3890_'
             +-[COLON] Node: ':'
             |  \-[IDENT] Node: 'idList3891_'
             +-[COLON] Node: ':'
             |  \-[IDENT] Node: 'idList3892_'
             +-[COLON] Node: ':'
             |  \-[IDENT] Node: 'idList3893_'
             +-[COLON] Node: ':'
             |  \-[IDENT] Node: 'idList3894_'
             +-[COLON] Node: ':'
             |  \-[IDENT] Node: 'idList3895_'
             +-[COLON] Node: ':'
             |  \-[IDENT] Node: 'idList3896_'
             +-[COLON] Node: ':'
             |  \-[IDENT] Node: 'idList3897_'
             +-[COLON] Node: ':'
             |  \-[IDENT] Node: 'idList3898_'
             +-[COLON] Node: ':'
             |  \-[IDENT] Node: 'idList3899_'
             +-[COLON] Node: ':'
             |  \-[IDENT] Node: 'idList3900_'
             +-[COLON] Node: ':'
             |  \-[IDENT] Node: 'idList3901_'
             +-[COLON] Node: ':'
             |  \-[IDENT] Node: 'idList3902_'
             +-[COLON] Node: ':'
             |  \-[IDENT] Node: 'idList3903_'
             +-[COLON] Node: ':'
             |  \-[IDENT] Node: 'idList3904_'
             +-[COLON] Node: ':'
             |  \-[IDENT] Node: 'idList3905_'
             +-[COLON] Node: ':'
             |  \-[IDENT] Node: 'idList3906_'
             +-[COLON] Node: ':'
             |  \-[IDENT] Node: 'idList3907_'
             +-[COLON] Node: ':'
             |  \-[IDENT] Node: 'idList3908_'
             +-[COLON] Node: ':'
             |  \-[IDENT] Node: 'idList3909_'
             +-[COLON] Node: ':'
             |  \-[IDENT] Node: 'idList3910_'
             +-[COLON] Node: ':'
             |  \-[IDENT] Node: 'idList3911_'
             +-[COLON] Node: ':'
             |  \-[IDENT] Node: 'idList3912_'
             +-[COLON] Node: ':'
             |  \-[IDENT] Node: 'idList3913_'
             +-[COLON] Node: ':'
             |  \-[IDENT] Node: 'idList3914_'
             +-[COLON] Node: ':'
             |  \-[IDENT] Node: 'idList3915_'
             +-[COLON] Node: ':'
             |  \-[IDENT] Node: 'idList3916_'
             +-[COLON] Node: ':'
             |  \-[IDENT] Node: 'idList3917_'
             +-[COLON] Node: ':'
             |  \-[IDENT] Node: 'idList3918_'
             +-[COLON] Node: ':'
             |  \-[IDENT] Node: 'idList3919_'
             +-[COLON] Node: ':'
             |  \-[IDENT] Node: 'idList3920_'
             +-[COLON] Node: ':'
             |  \-[IDENT] Node: 'idList3921_'
             +-[COLON] Node: ':'
             |  \-[IDENT] Node: 'idList3922_'
             +-[COLON] Node: ':'
             |  \-[IDENT] Node: 'idList3923_'
             +-[COLON] Node: ':'
             |  \-[IDENT] Node: 'idList3924_'
             +-[COLON] Node: ':'
             |  \-[IDENT] Node: 'idList3925_'
             +-[COLON] Node: ':'
             |  \-[IDENT] Node: 'idList3926_'
             +-[COLON] Node: ':'
             |  \-[IDENT] Node: 'idList3927_'
             +-[COLON] Node: ':'
             |  \-[IDENT] Node: 'idList3928_'
             +-[COLON] Node: ':'
             |  \-[IDENT] Node: 'idList3929_'
             +-[COLON] Node: ':'
             |  \-[IDENT] Node: 'idList3930_'
             +-[COLON] Node: ':'
             |  \-[IDENT] Node: 'idList3931_'
             +-[COLON] Node: ':'
             |  \-[IDENT] Node: 'idList3932_'
             +-[COLON] Node: ':'
             |  \-[IDENT] Node: 'idList3933_'
             +-[COLON] Node: ':'
             |  \-[IDENT] Node: 'idList3934_'
             +-[COLON] Node: ':'
             |  \-[IDENT] Node: 'idList3935_'
             +-[COLON] Node: ':'
             |  \-[IDENT] Node: 'idList3936_'
             +-[COLON] Node: ':'
             |  \-[IDENT] Node: 'idList3937_'
             +-[COLON] Node: ':'
             |  \-[IDENT] Node: 'idList3938_'
             +-[COLON] Node: ':'
             |  \-[IDENT] Node: 'idList3939_'
             +-[COLON] Node: ':'
             |  \-[IDENT] Node: 'idList3940_'
             +-[COLON] Node: ':'
             |  \-[IDENT] Node: 'idList3941_'
             +-[COLON] Node: ':'
             |  \-[IDENT] Node: 'idList3942_'
             +-[COLON] Node: ':'
             |  \-[IDENT] Node: 'idList3943_'
             +-[COLON] Node: ':'
             |  \-[IDENT] Node: 'idList3944_'
             +-[COLON] Node: ':'
             |  \-[IDENT] Node: 'idList3945_'
             +-[COLON] Node: ':'
             |  \-[IDENT] Node: 'idList3946_'
             +-[COLON] Node: ':'
             |  \-[IDENT] Node: 'idList3947_'
             +-[COLON] Node: ':'
             |  \-[IDENT] Node: 'idList3948_'
             +-[COLON] Node: ':'
             |  \-[IDENT] Node: 'idList3949_'
             +-[COLON] Node: ':'
             |  \-[IDENT] Node: 'idList3950_'
             +-[COLON] Node: ':'
             |  \-[IDENT] Node: 'idList3951_'
             +-[COLON] Node: ':'
             |  \-[IDENT] Node: 'idList3952_'
             +-[COLON] Node: ':'
             |  \-[IDENT] Node: 'idList3953_'
             +-[COLON] Node: ':'
             |  \-[IDENT] Node: 'idList3954_'
             +-[COLON] Node: ':'
             |  \-[IDENT] Node: 'idList3955_'
             +-[COLON] Node: ':'
             |  \-[IDENT] Node: 'idList3956_'
             +-[COLON] Node: ':'
             |  \-[IDENT] Node: 'idList3957_'
             +-[COLON] Node: ':'
             |  \-[IDENT] Node: 'idList3958_'
             +-[COLON] Node: ':'
             |  \-[IDENT] Node: 'idList3959_'
             +-[COLON] Node: ':'
             |  \-[IDENT] Node: 'idList3960_'
             +-[COLON] Node: ':'
             |  \-[IDENT] Node: 'idList3961_'
             +-[COLON] Node: ':'
             |  \-[IDENT] Node: 'idList3962_'
             +-[COLON] Node: ':'
             |  \-[IDENT] Node: 'idList3963_'
             +-[COLON] Node: ':'
             |  \-[IDENT] Node: 'idList3964_'
             +-[COLON] Node: ':'
             |  \-[IDENT] Node: 'idList3965_'
             +-[COLON] Node: ':'
             |  \-[IDENT] Node: 'idList3966_'
             +-[COLON] Node: ':'
             |  \-[IDENT] Node: 'idList3967_'
             +-[COLON] Node: ':'
             |  \-[IDENT] Node: 'idList3968_'
             +-[COLON] Node: ':'
             |  \-[IDENT] Node: 'idList3969_'
             +-[COLON] Node: ':'
             |  \-[IDENT] Node: 'idList3970_'
             +-[COLON] Node: ':'
             |  \-[IDENT] Node: 'idList3971_'
             +-[COLON] Node: ':'
             |  \-[IDENT] Node: 'idList3972_'
             +-[COLON] Node: ':'
             |  \-[IDENT] Node: 'idList3973_'
             +-[COLON] Node: ':'
             |  \-[IDENT] Node: 'idList3974_'
             +-[COLON] Node: ':'
             |  \-[IDENT] Node: 'idList3975_'
             +-[COLON] Node: ':'
             |  \-[IDENT] Node: 'idList3976_'
             +-[COLON] Node: ':'
             |  \-[IDENT] Node: 'idList3977_'
             +-[COLON] Node: ':'
             |  \-[IDENT] Node: 'idList3978_'
             +-[COLON] Node: ':'
             |  \-[IDENT] Node: 'idList3979_'
             +-[COLON] Node: ':'
             |  \-[IDENT] Node: 'idList3980_'
             +-[COLON] Node: ':'
             |  \-[IDENT] Node: 'idList3981_'
             +-[COLON] Node: ':'
             |  \-[IDENT] Node: 'idList3982_'
             +-[COLON] Node: ':'
             |  \-[IDENT] Node: 'idList3983_'
             +-[COLON] Node: ':'
             |  \-[IDENT] Node: 'idList3984_'
             +-[COLON] Node: ':'
             |  \-[IDENT] Node: 'idList3985_'
             +-[COLON] Node: ':'
             |  \-[IDENT] Node: 'idList3986_'
             +-[COLON] Node: ':'
             |  \-[IDENT] Node: 'idList3987_'
             +-[COLON] Node: ':'
             |  \-[IDENT] Node: 'idList3988_'
             +-[COLON] Node: ':'
             |  \-[IDENT] Node: 'idList3989_'
             +-[COLON] Node: ':'
             |  \-[IDENT] Node: 'idList3990_'
             +-[COLON] Node: ':'
             |  \-[IDENT] Node: 'idList3991_'
             +-[COLON] Node: ':'
             |  \-[IDENT] Node: 'idList3992_'
             +-[COLON] Node: ':'
             |  \-[IDENT] Node: 'idList3993_'
             +-[COLON] Node: ':'
             |  \-[IDENT] Node: 'idList3994_'
             +-[COLON] Node: ':'
             |  \-[IDENT] Node: 'idList3995_'
             +-[COLON] Node: ':'
             |  \-[IDENT] Node: 'idList3996_'
             +-[COLON] Node: ':'
             |  \-[IDENT] Node: 'idList3997_'
             +-[COLON] Node: ':'
             |  \-[IDENT] Node: 'idList3998_'
             \-[COLON] Node: ':'
                \-[IDENT] Node: 'idList3999_'

14:12:08,482 DEBUG ErrorCounter:82 - throwQueryException() : no errors
14:12:08,482 DEBUG FromElement:157 - FromClause{level=1} : org.hibernate.test.hql.StateProvince (sp) -> stateprovi0_
14:12:08,482 DEBUG FromReferenceNode:74 - Resolved : sp -> stateprovi0_.id
14:12:08,483 DEBUG DotNode:599 - getDataType() : id -> org.hibernate.type.LongType@4bf3f9d
14:12:08,483 DEBUG FromReferenceNode:74 - Resolved : sp.id -> stateprovi0_.id
14:12:08,579 DEBUG HqlSqlWalker:629 - processQuery() :  ( SELECT ( FromClause{level=1} StateProvince stateprovi0_ ) ( where ( in ( stateprovi0_.id stateprovi0_.id id ) ( inList ? ? ? ? ? ? ? ? ? ? ? ? ? ? ? ? ? ? ? ? ? ? ? ? ? ? ? ? ? ? ? ? ? ? ? ? ? ? ? ? ? ? ? ? ? ? ? ? ? ? ? ? ? ? ? ? ? ? ? ? ? ? ? ? ? ? ? ? ? ? ? ? ? ? ? ? ? ? ? ? ? ? ? ? ? ? ? ? ? ? ? ? ? ? ? ? ? ? ? ? ? ? ? ? ? ? ? ? ? ? ? ? ? ? ? ? ? ? ? ? ? ? ? ? ? ? ? ? ? ? ? ? ? ? ? ? ? ? ? ? ? ? ? ? ? ? ? ? ? ? ? ? ? ? ? ? ? ? ? ? ? ? ? ? ? ? ? ? ? ? ? ? ? ? ? ? ? ? ? ? ? ? ? ? ? ? ? ? ? ? ? ? ? ? ? ? ? ? ? ? ? ? ? ? ? ? ? ? ? ? ? ? ? ? ? ? ? ? ? ? ? ? ? ? ? ? ? ? ? ? ? ? ? ? ? ? ? ? ? ? ? ? ? ? ? ? ? ? ? ? ? ? ? ? ? ? ? ? ? ? ? ? ? ? ? ? ? ? ? ? ? ? ? ? ? ? ? ? ? ? ? ? ? ? ? ? ? ? ? ? ? ? ? ? ? ? ? ? ? ? ? ? ? ? ? ? ? ? ? ? ? ? ? ? ? ? ? ? ? ? ? ? ? ? ? ? ? ? ? ? ? ? ? ? ? ? ? ? ? ? ? ? ? ? ? ? ? ? ? ? ? ? ? ? ? ? ? ? ? ? ? ? ? ? ? ? ? ? ? ? ? ? ? ? ? ? ? ? ? ? ? ? ? ? ? ? ? ? ? ? ? ? ? ? ? ? ? ? ? ? ? ? ? ? ? ? ? ? ? ? ? ? ? ? ? ? ? ? ? ? ? ? ? ? ? ? ? ? ? ? ? ? ? ? ? ? ? ? ? ? ? ? ? ? ? ? ? ? ? ? ? ? ? ? ? ? ? ? ? ? ? ? ? ? ? ? ? ? ? ? ? ? ? ? ? ? ? ? ? ? ? ? ? ? ? ? ? ? ? ? ? ? ? ? ? ? ? ? ? ? ? ? ? ? ? ? ? ? ? ? ? ? ? ? ? ? ? ? ? ? ? ? ? ? ? ? ? ? ? ? ? ? ? ? ? ? ? ? ? ? ? ? ? ? ? ? ? ? ? ? ? ? ? ? ? ? ? ? ? ? ? ? ? ? ? ? ? ? ? ? ? ? ? ? ? ? ? ? ? ? ? ? ? ? ? ? ? ? ? ? ? ? ? ? ? ? ? ? ? ? ? ? ? ? ? ? ? ? ? ? ? ? ? ? ? ? ? ? ? ? ? ? ? ? ? ? ? ? ? ? ? ? ? ? ? ? ? ? ? ? ? ? ? ? ? ? ? ? ? ? ? ? ? ? ? ? ? ? ? ? ? ? ? ? ? ? ? ? ? ? ? ? ? ? ? ? ? ? ? ? ? ? ? ? ? ? ? ? ? ? ? ? ? ? ? ? ? ? ? ? ? ? ? ? ? ? ? ? ? ? ? ? ? ? ? ? ? ? ? ? ? ? ? ? ? ? ? ? ? ? ? ? ? ? ? ? ? ? ? ? ? ? ? ? ? ? ? ? ? ? ? ? ? ? ? ? ? ? ? ? ? ? ? ? ? ? ? ? ? ? ? ? ? ? ? ? ? ? ? ? ? ? ? ? ? ? ? ? ? ? ? ? ? ? ? ? ? ? ? ? ? ? ? ? ? ? ? ? ? ? ? ? ? ? ? ? ? ? ? ? ? ? ? ? ? ? ? ? ? ? ? ? ? ? ? ? ? ? ? ? ? ? ? ? ? ? ? ? ? ? ? ? ? ? ? ? ? ? ? ? ? ? ? ? ? ? ? ? ? ? ? ? ? ? ? ? ? ? ? ? ? ? ? ? ? ? ? ? ? ? ? ? ? ? ? ? ? ? ? ? ? ? ? ? ? ? ? ? ? ? ? ? ? ? ? ? ? ? ? ? ? ? ? ? ? ? ? ? ? ? ? ? ? ? ? ? ? ? ? ? ? ? ? ? ? ? ? ? ? ? ? ? ? ? ? ? ? ? ? ? ? ? ? ? ? ? ? ? ? ? ? ? ? ? ? ? ? ? ? ? ? ? ? ? ? ? ? ? ? ? ? ? ? ? ? ? ? ? ? ? ? ? ? ? ? ? ? ? ? ? ? ? ? ? ? ? ? ? ? ? ? ? ? ? ? ? ? ? ? ? ? ? ? ? ? ? ? ? ? ? ? ? ? ? ? ? ? ? ? ? ? ? ? ? ? ? ? ? ? ? ? ? ? ? ? ? ? ? ? ? ? ? ? ? ? ? ? ? ? ? ? ? ? ? ? ? ? ? ? ? ? ? ? ? ? ? ? ? ? ? ? ? ? ? ? ? ? ? ? ? ? ? ? ? ? ? ? ? ? ? ? ? ? ? ? ? ? ? ? ? ? ? ? ? ? ? ? ? ? ? ? ? ? ? ? ? ? ? ? ? ? ? ? ? ? ? ? ? ? ? ? ? ? ? ? ? ? ? ? ? ? ? ? ? ? ? ? ? ? ? ? ? ? ? ? ? ? ? ? ? ? ? ? ? ? ? ? ? ? ? ? ? ? ? ? ? ? ? ? ? ? ? ? ? ? ? ? ? ? ? ? ? ? ? ? ? ? ? ? ? ? ? ? ? ? ? ? ? ? ? ? ? ? ? ? ? ? ? ? ? ? ? ? ? ? ? ? ? ? ? ? ? ? ? ? ? ? ? ? ? ? ? ? ? ? ? ? ? ? ? ? ? ? ? ? ? ? ? ? ? ? ? ? ? ? ? ? ? ? ? ? ? ? ? ? ? ? ? ? ? ? ? ? ? ? ? ? ? ? ? ? ? ? ? ? ? ? ? ? ? ? ? ? ? ? ? ? ? ? ? ? ? ? ? ? ? ? ? ? ? ? ? ? ? ? ? ? ? ? ? ? ? ? ? ? ? ? ? ? ? ? ? ? ? ? ? ? ? ? ? ? ? ? ? ? ? ? ? ? ? ? ? ? ? ? ? ? ? ? ? ? ? ? ? ? ? ? ? ? ? ? ? ? ? ? ? ? ? ? ? ? ? ? ? ? ? ? ? ? ? ? ? ? ? ? ? ? ? ? ? ? ? ? ? ? ? ? ? ? ? ? ? ? ? ? ? ? ? ? ? ? ? ? ? ? ? ? ? ? ? ? ? ? ? ? ? ? ? ? ? ? ? ? ? ? ? ? ? ? ? ? ? ? ? ? ? ? ? ? ? ? ? ? ? ? ? ? ? ? ? ? ? ? ? ? ? ? ? ? ? ? ? ? ? ? ? ? ? ? ? ? ? ? ? ? ? ? ? ? ? ? ? ? ? ? ? ? ? ? ? ? ? ? ? ? ? ? ? ? ? ? ? ? ? ? ? ? ? ? ? ? ? ? ? ? ? ? ? ? ? ? ? ? ? ? ? ? ? ? ? ? ? ? ? ? ? ? ? ? ? ? ? ? ? ? ? ? ? ? ? ? ? ? ? ? ? ? ? ? ? ? ? ? ? ? ? ? ? ? ? ? ? ? ? ? ? ? ? ? ? ? ? ? ? ? ? ? ? ? ? ? ? ? ? ? ? ? ? ? ? ? ? ? ? ? ? ? ? ? ? ? ? ? ? ? ? ? ? ? ? ? ? ? ? ? ? ? ? ? ? ? ? ? ? ? ? ? ? ? ? ? ? ? ? ? ? ? ? ? ? ? ? ? ? ? ? ? ? ? ? ? ? ? ? ? ? ? ? ? ? ? ? ? ? ? ? ? ? ? ? ? ? ? ? ? ? ? ? ? ? ? ? ? ? ? ? ? ? ? ? ? ? ? ? ? ? ? ? ? ? ? ? ? ? ? ? ? ? ? ? ? ? ? ? ? ? ? ? ? ? ? ? ? ? ? ? ? ? ? ? ? ? ? ? ? ? ? ? ? ? ? ? ? ? ? ? ? ? ? ? ? ? ? ? ? ? ? ? ? ? ? ? ? ? ? ? ? ? ? ? ? ? ? ? ? ? ? ? ? ? ? ? ? ? ? ? ? ? ? ? ? ? ? ? ? ? ? ? ? ? ? ? ? ? ? ? ? ? ? ? ? ? ? ? ? ? ? ? ? ? ? ? ? ? ? ? ? ? ? ? ? ? ? ? ? ? ? ? ? ? ? ? ? ? ? ? ? ? ? ? ? ? ? ? ? ? ? ? ? ? ? ? ? ? ? ? ? ? ? ? ? ? ? ? ? ? ? ? ? ? ? ? ? ? ? ? ? ? ? ? ? ? ? ? ? ? ? ? ? ? ? ? ? ? ? ? ? ? ? ? ? ? ? ? ? ? ? ? ? ? ? ? ? ? ? ? ? ? ? ? ? ? ? ? ? ? ? ? ? ? ? ? ? ? ? ? ? ? ? ? ? ? ? ? ? ? ? ? ? ? ? ? ? ? ? ? ? ? ? ? ? ? ? ? ? ? ? ? ? ? ? ? ? ? ? ? ? ? ? ? ? ? ? ? ? ? ? ? ? ? ? ? ? ? ? ? ? ? ? ? ? ? ? ? ? ? ? ? ? ? ? ? ? ? ? ? ? ? ? ? ? ? ? ? ? ? ? ? ? ? ? ? ? ? ? ? ? ? ? ? ? ? ? ? ? ? ? ? ? ? ? ? ? ? ? ? ? ? ? ? ? ? ? ? ? ? ? ? ? ? ? ? ? ? ? ? ? ? ? ? ? ? ? ? ? ? ? ? ? ? ? ? ? ? ? ? ? ? ? ? ? ? ? ? ? ? ? ? ? ? ? ? ? ? ? ? ? ? ? ? ? ? ? ? ? ? ? ? ? ? ? ? ? ? ? ? ? ? ? ? ? ? ? ? ? ? ? ? ? ? ? ? ? ? ? ? ? ? ? ? ? ? ? ? ? ? ? ? ? ? ? ? ? ? ? ? ? ? ? ? ? ? ? ? ? ? ? ? ? ? ? ? ? ? ? ? ? ? ? ? ? ? ? ? ? ? ? ? ? ? ? ? ? ? ? ? ? ? ? ? ? ? ? ? ? ? ? ? ? ? ? ? ? ? ? ? ? ? ? ? ? ? ? ? ? ? ? ? ? ? ? ? ? ? ? ? ? ? ? ? ? ? ? ? ? ? ? ? ? ? ? ? ? ? ? ? ? ? ? ? ? ? ? ? ? ? ? ? ? ? ? ? ? ? ? ? ? ? ? ? ? ? ? ? ? ? ? ? ? ? ? ? ? ? ? ? ? ? ? ? ? ? ? ? ? ? ? ? ? ? ? ? ? ? ? ? ? ? ? ? ? ? ? ? ? ? ? ? ? ? ? ? ? ? ? ? ? ? ? ? ? ? ? ? ? ? ? ? ? ? ? ? ? ? ? ? ? ? ? ? ? ? ? ? ? ? ? ? ? ? ? ? ? ? ? ? ? ? ? ? ? ? ? ? ? ? ? ? ? ? ? ? ? ? ? ? ? ? ? ? ? ? ? ? ? ? ? ? ? ? ? ? ? ? ? ? ? ? ? ? ? ? ? ? ? ? ? ? ? ? ? ? ? ? ? ? ? ? ? ? ? ? ? ? ? ? ? ? ? ? ? ? ? ? ? ? ? ? ? ? ? ? ? ? ? ? ? ? ? ? ? ? ? ? ? ? ? ? ? ? ? ? ? ? ? ? ? ? ? ? ? ? ? ? ? ? ? ? ? ? ? ? ? ? ? ? ? ? ? ? ? ? ? ? ? ? ? ? ? ? ? ? ? ? ? ? ? ? ? ? ? ? ? ? ? ? ? ? ? ? ? ? ? ? ? ? ? ? ? ? ? ? ? ? ? ? ? ? ? ? ? ? ? ? ? ? ? ? ? ? ? ? ? ? ? ? ? ? ? ? ? ? ? ? ? ? ? ? ? ? ? ? ? ? ? ? ? ? ? ? ? ? ? ? ? ? ? ? ? ? ? ? ? ? ? ? ? ? ? ? ? ? ? ? ? ? ? ? ? ? ? ? ? ? ? ? ? ? ? ? ? ? ? ? ? ? ? ? ? ? ? ? ? ? ? ? ? ? ? ? ? ? ? ? ? ? ? ? ? ? ? ? ? ? ? ? ? ? ? ? ? ? ? ? ? ? ? ? ? ? ? ? ? ? ? ? ? ? ? ? ? ? ? ? ? ? ? ? ? ? ? ? ? ? ? ? ? ? ? ? ? ? ? ? ? ? ? ? ? ? ? ? ? ? ? ? ? ? ? ? ? ? ? ? ? ? ? ? ? ? ? ? ? ? ? ? ? ? ? ? ? ? ? ? ? ? ? ? ? ? ? ? ? ? ? ? ? ? ? ? ? ? ? ? ? ? ? ? ? ? ? ? ? ? ? ? ? ? ? ? ? ? ? ? ? ? ? ? ? ? ? ? ? ? ? ? ? ? ? ? ? ? ? ? ? ? ? ? ? ? ? ? ? ? ? ? ? ? ? ? ? ? ? ? ? ? ? ? ? ? ? ? ? ? ? ? ? ? ? ? ? ? ? ? ? ? ? ? ? ? ? ? ? ? ? ? ? ? ? ? ? ? ? ? ? ? ? ? ? ? ? ? ? ? ? ? ? ? ? ? ? ? ? ? ? ? ? ? ? ? ? ? ? ? ? ? ? ? ? ? ? ? ? ? ? ? ? ? ? ? ? ? ? ? ? ? ? ? ? ? ? ? ? ? ? ? ? ? ? ? ? ? ? ? ? ? ? ? ? ? ? ? ? ? ? ? ? ? ? ? ? ? ? ? ? ? ? ? ? ? ? ? ? ? ? ? ? ? ? ? ? ? ? ? ? ? ? ? ? ? ? ? ? ? ? ? ? ? ? ? ? ? ? ? ? ? ? ? ? ? ? ? ? ? ? ? ? ? ? ? ? ? ? ? ? ? ? ? ? ? ? ? ? ? ? ? ? ? ? ? ? ? ? ? ? ? ? ? ? ? ? ? ? ? ? ? ? ? ? ? ? ? ? ? ? ? ? ? ? ? ? ? ? ? ? ? ? ? ? ? ? ? ? ? ? ? ? ? ? ? ? ? ? ? ? ? ? ? ? ? ? ? ? ? ? ? ? ? ? ? ? ? ? ? ? ? ? ? ? ? ? ? ? ? ? ? ? ? ? ? ? ? ? ? ? ? ? ? ? ? ? ? ? ? ? ? ? ? ? ? ? ? ? ? ? ? ? ? ? ? ? ? ? ? ? ? ? ? ? ? ? ? ? ? ? ? ? ? ? ? ? ? ? ? ? ? ? ? ? ? ? ? ? ? ? ? ? ? ? ? ? ? ? ? ? ? ? ? ? ? ? ? ? ? ? ? ? ? ? ? ? ? ? ? ? ? ? ? ? ? ? ? ? ? ? ? ? ? ? ? ? ? ? ? ? ? ? ? ? ? ? ? ? ? ? ? ? ? ? ? ? ? ? ? ? ? ? ? ? ? ? ? ? ? ? ? ? ? ? ? ? ? ? ? ? ? ? ? ? ? ? ? ? ? ? ? ? ? ? ? ? ? ? ? ? ? ? ? ? ? ? ? ? ? ? ? ? ? ? ? ? ? ? ? ? ? ? ? ? ? ? ? ? ? ? ? ? ? ? ? ? ? ? ? ? ? ? ? ? ? ? ? ? ? ? ? ? ? ? ? ? ? ? ? ? ? ? ? ? ? ? ? ? ? ? ? ? ? ? ? ? ? ? ? ? ? ? ? ? ? ? ? ? ? ? ? ? ? ? ? ? ? ? ? ? ? ? ? ? ? ? ? ? ? ? ? ? ? ? ? ? ? ? ? ? ? ? ? ? ? ? ? ? ? ? ? ? ? ? ? ? ? ? ? ? ? ? ? ? ? ? ? ? ? ? ? ? ? ? ? ? ? ? ? ? ? ? ? ? ? ? ? ? ? ? ? ? ? ? ? ? ? ? ? ? ? ? ? ? ? ? ? ? ? ? ? ? ? ? ? ? ? ? ? ? ? ? ? ? ? ? ? ? ? ? ? ? ? ? ? ? ? ? ? ? ? ? ? ? ? ? ? ? ? ? ? ? ? ? ? ? ? ? ? ? ? ? ? ? ? ? ? ? ? ? ? ? ? ? ? ? ? ? ? ? ? ? ? ? ? ? ? ? ? ? ? ? ? ? ? ? ? ? ? ? ? ? ? ? ? ? ? ? ? ? ? ? ? ? ? ? ? ? ? ? ? ? ? ? ? ? ? ? ? ? ? ? ? ? ? ? ? ? ? ? ? ? ? ? ? ? ? ? ? ? ? ? ? ? ? ? ? ? ? ? ? ? ? ? ? ? ? ? ? ? ? ? ? ? ? ? ? ? ? ? ? ? ? ? ? ? ? ? ? ? ? ? ? ? ? ? ? ? ? ? ? ? ? ? ? ? ? ? ? ? ? ? ? ? ? ? ? ? ? ? ? ? ? ? ? ? ? ? ? ? ? ? ? ? ? ? ? ? ? ? ? ? ? ? ? ? ? ? ? ? ? ? ? ? ? ? ? ? ? ? ? ? ? ? ? ? ? ? ? ? ? ? ? ? ? ? ? ? ? ? ? ? ? ? ? ? ? ? ? ? ? ? ? ? ? ? ? ? ? ? ? ? ? ? ? ? ? ? ? ? ? ? ? ? ? ? ? ? ? ? ? ? ? ? ? ? ? ? ? ? ? ? ? ? ? ? ? ? ? ? ? ? ? ? ? ? ? ? ? ? ? ? ? ? ? ? ? ? ? ? ? ? ? ? ? ? ? ? ? ? ? ? ? ? ? ? ? ? ? ? ? ? ? ? ? ? ? ? ? ? ? ? ? ? ? ? ? ? ? ? ? ? ? ? ? ) ) ) )
14:12:08,584 DEBUG HqlSqlWalker:869 - Derived SELECT clause created.
14:12:08,585 DEBUG JoinProcessor:175 - Using FROM fragment [StateProvince stateprovi0_]
14:12:08,610 DEBUG QueryTranslatorImpl:252 - --- SQL AST ---
 \-[SELECT] QueryNode: 'SELECT'  querySpaces (StateProvince)
    +-[SELECT_CLAUSE] SelectClause: '{derived select clause}'
    |  +-[SELECT_EXPR] SelectExpressionImpl: 'stateprovi0_.id as id0_' {FromElement{explicit,not a collection join,not a fetch join,fetch non-lazy properties,classAlias=sp,role=null,tableName=StateProvince,tableAlias=stateprovi0_,origin=null,columns={,className=org.hibernate.test.hql.StateProvince}}}
    |  \-[SQL_TOKEN] SqlFragment: 'stateprovi0_.name as name0_, stateprovi0_.isoCode as isoCode0_'
    +-[FROM] FromClause: 'from' FromClause{level=1, fromElementCounter=1, fromElements=1, fromElementByClassAlias=[sp], fromElementByTableAlias=[stateprovi0_], fromElementsByPath=[], collectionJoinFromElementsByPath=[], impliedElements=[]}
    |  \-[FROM_FRAGMENT] FromElement: 'StateProvince stateprovi0_' FromElement{explicit,not a collection join,not a fetch join,fetch non-lazy properties,classAlias=sp,role=null,tableName=StateProvince,tableAlias=stateprovi0_,origin=null,columns={,className=org.hibernate.test.hql.StateProvince}}
    \-[WHERE] SqlNode: 'where'
       \-[IN] InLogicOperatorNode: 'in'
          +-[DOT] DotNode: 'stateprovi0_.id' {propertyName=id,dereferenceType=ALL,propertyPath=id,path=sp.id,tableAlias=stateprovi0_,className=org.hibernate.test.hql.StateProvince,classAlias=sp}
          |  +-[ALIAS_REF] IdentNode: 'stateprovi0_.id' {alias=sp, className=org.hibernate.test.hql.StateProvince, tableAlias=stateprovi0_}
          |  \-[IDENT] IdentNode: 'id' {originalText=id}
          \-[IN_LIST] SqlNode: 'inList'
             +-[NAMED_PARAM] ParameterNode: '?' {name=idList0_, expectedType=org.hibernate.type.LongType@4bf3f9d}
             +-[NAMED_PARAM] ParameterNode: '?' {name=idList1_, expectedType=org.hibernate.type.LongType@4bf3f9d}
             +-[NAMED_PARAM] ParameterNode: '?' {name=idList2_, expectedType=org.hibernate.type.LongType@4bf3f9d}
             +-[NAMED_PARAM] ParameterNode: '?' {name=idList3_, expectedType=org.hibernate.type.LongType@4bf3f9d}
             +-[NAMED_PARAM] ParameterNode: '?' {name=idList4_, expectedType=org.hibernate.type.LongType@4bf3f9d}
             +-[NAMED_PARAM] ParameterNode: '?' {name=idList5_, expectedType=org.hibernate.type.LongType@4bf3f9d}
             +-[NAMED_PARAM] ParameterNode: '?' {name=idList6_, expectedType=org.hibernate.type.LongType@4bf3f9d}
             +-[NAMED_PARAM] ParameterNode: '?' {name=idList7_, expectedType=org.hibernate.type.LongType@4bf3f9d}
             +-[NAMED_PARAM] ParameterNode: '?' {name=idList8_, expectedType=org.hibernate.type.LongType@4bf3f9d}
             +-[NAMED_PARAM] ParameterNode: '?' {name=idList9_, expectedType=org.hibernate.type.LongType@4bf3f9d}
             +-[NAMED_PARAM] ParameterNode: '?' {name=idList10_, expectedType=org.hibernate.type.LongType@4bf3f9d}
             +-[NAMED_PARAM] ParameterNode: '?' {name=idList11_, expectedType=org.hibernate.type.LongType@4bf3f9d}
             +-[NAMED_PARAM] ParameterNode: '?' {name=idList12_, expectedType=org.hibernate.type.LongType@4bf3f9d}
             +-[NAMED_PARAM] ParameterNode: '?' {name=idList13_, expectedType=org.hibernate.type.LongType@4bf3f9d}
             +-[NAMED_PARAM] ParameterNode: '?' {name=idList14_, expectedType=org.hibernate.type.LongType@4bf3f9d}
             +-[NAMED_PARAM] ParameterNode: '?' {name=idList15_, expectedType=org.hibernate.type.LongType@4bf3f9d}
             +-[NAMED_PARAM] ParameterNode: '?' {name=idList16_, expectedType=org.hibernate.type.LongType@4bf3f9d}
             +-[NAMED_PARAM] ParameterNode: '?' {name=idList17_, expectedType=org.hibernate.type.LongType@4bf3f9d}
             +-[NAMED_PARAM] ParameterNode: '?' {name=idList18_, expectedType=org.hibernate.type.LongType@4bf3f9d}
             +-[NAMED_PARAM] ParameterNode: '?' {name=idList19_, expectedType=org.hibernate.type.LongType@4bf3f9d}
             +-[NAMED_PARAM] ParameterNode: '?' {name=idList20_, expectedType=org.hibernate.type.LongType@4bf3f9d}
             +-[NAMED_PARAM] ParameterNode: '?' {name=idList21_, expectedType=org.hibernate.type.LongType@4bf3f9d}
             +-[NAMED_PARAM] ParameterNode: '?' {name=idList22_, expectedType=org.hibernate.type.LongType@4bf3f9d}
             +-[NAMED_PARAM] ParameterNode: '?' {name=idList23_, expectedType=org.hibernate.type.LongType@4bf3f9d}
             +-[NAMED_PARAM] ParameterNode: '?' {name=idList24_, expectedType=org.hibernate.type.LongType@4bf3f9d}
             +-[NAMED_PARAM] ParameterNode: '?' {name=idList25_, expectedType=org.hibernate.type.LongType@4bf3f9d}
             +-[NAMED_PARAM] ParameterNode: '?' {name=idList26_, expectedType=org.hibernate.type.LongType@4bf3f9d}
             +-[NAMED_PARAM] ParameterNode: '?' {name=idList27_, expectedType=org.hibernate.type.LongType@4bf3f9d}
             +-[NAMED_PARAM] ParameterNode: '?' {name=idList28_, expectedType=org.hibernate.type.LongType@4bf3f9d}
             +-[NAMED_PARAM] ParameterNode: '?' {name=idList29_, expectedType=org.hibernate.type.LongType@4bf3f9d}
             +-[NAMED_PARAM] ParameterNode: '?' {name=idList30_, expectedType=org.hibernate.type.LongType@4bf3f9d}
             +-[NAMED_PARAM] ParameterNode: '?' {name=idList31_, expectedType=org.hibernate.type.LongType@4bf3f9d}
             +-[NAMED_PARAM] ParameterNode: '?' {name=idList32_, expectedType=org.hibernate.type.LongType@4bf3f9d}
             +-[NAMED_PARAM] ParameterNode: '?' {name=idList33_, expectedType=org.hibernate.type.LongType@4bf3f9d}
             +-[NAMED_PARAM] ParameterNode: '?' {name=idList34_, expectedType=org.hibernate.type.LongType@4bf3f9d}
             +-[NAMED_PARAM] ParameterNode: '?' {name=idList35_, expectedType=org.hibernate.type.LongType@4bf3f9d}
             +-[NAMED_PARAM] ParameterNode: '?' {name=idList36_, expectedType=org.hibernate.type.LongType@4bf3f9d}
             +-[NAMED_PARAM] ParameterNode: '?' {name=idList37_, expectedType=org.hibernate.type.LongType@4bf3f9d}
             +-[NAMED_PARAM] ParameterNode: '?' {name=idList38_, expectedType=org.hibernate.type.LongType@4bf3f9d}
             +-[NAMED_PARAM] ParameterNode: '?' {name=idList39_, expectedType=org.hibernate.type.LongType@4bf3f9d}
             +-[NAMED_PARAM] ParameterNode: '?' {name=idList40_, expectedType=org.hibernate.type.LongType@4bf3f9d}
             +-[NAMED_PARAM] ParameterNode: '?' {name=idList41_, expectedType=org.hibernate.type.LongType@4bf3f9d}
             +-[NAMED_PARAM] ParameterNode: '?' {name=idList42_, expectedType=org.hibernate.type.LongType@4bf3f9d}
             +-[NAMED_PARAM] ParameterNode: '?' {name=idList43_, expectedType=org.hibernate.type.LongType@4bf3f9d}
             +-[NAMED_PARAM] ParameterNode: '?' {name=idList44_, expectedType=org.hibernate.type.LongType@4bf3f9d}
             +-[NAMED_PARAM] ParameterNode: '?' {name=idList45_, expectedType=org.hibernate.type.LongType@4bf3f9d}
             +-[NAMED_PARAM] ParameterNode: '?' {name=idList46_, expectedType=org.hibernate.type.LongType@4bf3f9d}
             +-[NAMED_PARAM] ParameterNode: '?' {name=idList47_, expectedType=org.hibernate.type.LongType@4bf3f9d}
             +-[NAMED_PARAM] ParameterNode: '?' {name=idList48_, expectedType=org.hibernate.type.LongType@4bf3f9d}
             +-[NAMED_PARAM] ParameterNode: '?' {name=idList49_, expectedType=org.hibernate.type.LongType@4bf3f9d}
             +-[NAMED_PARAM] ParameterNode: '?' {name=idList50_, expectedType=org.hibernate.type.LongType@4bf3f9d}
             +-[NAMED_PARAM] ParameterNode: '?' {name=idList51_, expectedType=org.hibernate.type.LongType@4bf3f9d}
             +-[NAMED_PARAM] ParameterNode: '?' {name=idList52_, expectedType=org.hibernate.type.LongType@4bf3f9d}
             +-[NAMED_PARAM] ParameterNode: '?' {name=idList53_, expectedType=org.hibernate.type.LongType@4bf3f9d}
             +-[NAMED_PARAM] ParameterNode: '?' {name=idList54_, expectedType=org.hibernate.type.LongType@4bf3f9d}
             +-[NAMED_PARAM] ParameterNode: '?' {name=idList55_, expectedType=org.hibernate.type.LongType@4bf3f9d}
             +-[NAMED_PARAM] ParameterNode: '?' {name=idList56_, expectedType=org.hibernate.type.LongType@4bf3f9d}
             +-[NAMED_PARAM] ParameterNode: '?' {name=idList57_, expectedType=org.hibernate.type.LongType@4bf3f9d}
             +-[NAMED_PARAM] ParameterNode: '?' {name=idList58_, expectedType=org.hibernate.type.LongType@4bf3f9d}
             +-[NAMED_PARAM] ParameterNode: '?' {name=idList59_, expectedType=org.hibernate.type.LongType@4bf3f9d}
             +-[NAMED_PARAM] ParameterNode: '?' {name=idList60_, expectedType=org.hibernate.type.LongType@4bf3f9d}
             +-[NAMED_PARAM] ParameterNode: '?' {name=idList61_, expectedType=org.hibernate.type.LongType@4bf3f9d}
             +-[NAMED_PARAM] ParameterNode: '?' {name=idList62_, expectedType=org.hibernate.type.LongType@4bf3f9d}
             +-[NAMED_PARAM] ParameterNode: '?' {name=idList63_, expectedType=org.hibernate.type.LongType@4bf3f9d}
             +-[NAMED_PARAM] ParameterNode: '?' {name=idList64_, expectedType=org.hibernate.type.LongType@4bf3f9d}
             +-[NAMED_PARAM] ParameterNode: '?' {name=idList65_, expectedType=org.hibernate.type.LongType@4bf3f9d}
             +-[NAMED_PARAM] ParameterNode: '?' {name=idList66_, expectedType=org.hibernate.type.LongType@4bf3f9d}
             +-[NAMED_PARAM] ParameterNode: '?' {name=idList67_, expectedType=org.hibernate.type.LongType@4bf3f9d}
             +-[NAMED_PARAM] ParameterNode: '?' {name=idList68_, expectedType=org.hibernate.type.LongType@4bf3f9d}
             +-[NAMED_PARAM] ParameterNode: '?' {name=idList69_, expectedType=org.hibernate.type.LongType@4bf3f9d}
             +-[NAMED_PARAM] ParameterNode: '?' {name=idList70_, expectedType=org.hibernate.type.LongType@4bf3f9d}
             +-[NAMED_PARAM] ParameterNode: '?' {name=idList71_, expectedType=org.hibernate.type.LongType@4bf3f9d}
             +-[NAMED_PARAM] ParameterNode: '?' {name=idList72_, expectedType=org.hibernate.type.LongType@4bf3f9d}
             +-[NAMED_PARAM] ParameterNode: '?' {name=idList73_, expectedType=org.hibernate.type.LongType@4bf3f9d}
             +-[NAMED_PARAM] ParameterNode: '?' {name=idList74_, expectedType=org.hibernate.type.LongType@4bf3f9d}
             +-[NAMED_PARAM] ParameterNode: '?' {name=idList75_, expectedType=org.hibernate.type.LongType@4bf3f9d}
             +-[NAMED_PARAM] ParameterNode: '?' {name=idList76_, expectedType=org.hibernate.type.LongType@4bf3f9d}
             +-[NAMED_PARAM] ParameterNode: '?' {name=idList77_, expectedType=org.hibernate.type.LongType@4bf3f9d}
             +-[NAMED_PARAM] ParameterNode: '?' {name=idList78_, expectedType=org.hibernate.type.LongType@4bf3f9d}
             +-[NAMED_PARAM] ParameterNode: '?' {name=idList79_, expectedType=org.hibernate.type.LongType@4bf3f9d}
             +-[NAMED_PARAM] ParameterNode: '?' {name=idList80_, expectedType=org.hibernate.type.LongType@4bf3f9d}
             +-[NAMED_PARAM] ParameterNode: '?' {name=idList81_, expectedType=org.hibernate.type.LongType@4bf3f9d}
             +-[NAMED_PARAM] ParameterNode: '?' {name=idList82_, expectedType=org.hibernate.type.LongType@4bf3f9d}
             +-[NAMED_PARAM] ParameterNode: '?' {name=idList83_, expectedType=org.hibernate.type.LongType@4bf3f9d}
             +-[NAMED_PARAM] ParameterNode: '?' {name=idList84_, expectedType=org.hibernate.type.LongType@4bf3f9d}
             +-[NAMED_PARAM] ParameterNode: '?' {name=idList85_, expectedType=org.hibernate.type.LongType@4bf3f9d}
             +-[NAMED_PARAM] ParameterNode: '?' {name=idList86_, expectedType=org.hibernate.type.LongType@4bf3f9d}
             +-[NAMED_PARAM] ParameterNode: '?' {name=idList87_, expectedType=org.hibernate.type.LongType@4bf3f9d}
             +-[NAMED_PARAM] ParameterNode: '?' {name=idList88_, expectedType=org.hibernate.type.LongType@4bf3f9d}
             +-[NAMED_PARAM] ParameterNode: '?' {name=idList89_, expectedType=org.hibernate.type.LongType@4bf3f9d}
             +-[NAMED_PARAM] ParameterNode: '?' {name=idList90_, expectedType=org.hibernate.type.LongType@4bf3f9d}
             +-[NAMED_PARAM] ParameterNode: '?' {name=idList91_, expectedType=org.hibernate.type.LongType@4bf3f9d}
             +-[NAMED_PARAM] ParameterNode: '?' {name=idList92_, expectedType=org.hibernate.type.LongType@4bf3f9d}
             +-[NAMED_PARAM] ParameterNode: '?' {name=idList93_, expectedType=org.hibernate.type.LongType@4bf3f9d}
             +-[NAMED_PARAM] ParameterNode: '?' {name=idList94_, expectedType=org.hibernate.type.LongType@4bf3f9d}
             +-[NAMED_PARAM] ParameterNode: '?' {name=idList95_, expectedType=org.hibernate.type.LongType@4bf3f9d}
             +-[NAMED_PARAM] ParameterNode: '?' {name=idList96_, expectedType=org.hibernate.type.LongType@4bf3f9d}
             +-[NAMED_PARAM] ParameterNode: '?' {name=idList97_, expectedType=org.hibernate.type.LongType@4bf3f9d}
             +-[NAMED_PARAM] ParameterNode: '?' {name=idList98_, expectedType=org.hibernate.type.LongType@4bf3f9d}
             +-[NAMED_PARAM] ParameterNode: '?' {name=idList99_, expectedType=org.hibernate.type.LongType@4bf3f9d}
             +-[NAMED_PARAM] ParameterNode: '?' {name=idList100_, expectedType=org.hibernate.type.LongType@4bf3f9d}
             +-[NAMED_PARAM] ParameterNode: '?' {name=idList101_, expectedType=org.hibernate.type.LongType@4bf3f9d}
             +-[NAMED_PARAM] ParameterNode: '?' {name=idList102_, expectedType=org.hibernate.type.LongType@4bf3f9d}
             +-[NAMED_PARAM] ParameterNode: '?' {name=idList103_, expectedType=org.hibernate.type.LongType@4bf3f9d}
             +-[NAMED_PARAM] ParameterNode: '?' {name=idList104_, expectedType=org.hibernate.type.LongType@4bf3f9d}
             +-[NAMED_PARAM] ParameterNode: '?' {name=idList105_, expectedType=org.hibernate.type.LongType@4bf3f9d}
             +-[NAMED_PARAM] ParameterNode: '?' {name=idList106_, expectedType=org.hibernate.type.LongType@4bf3f9d}
             +-[NAMED_PARAM] ParameterNode: '?' {name=idList107_, expectedType=org.hibernate.type.LongType@4bf3f9d}
             +-[NAMED_PARAM] ParameterNode: '?' {name=idList108_, expectedType=org.hibernate.type.LongType@4bf3f9d}
             +-[NAMED_PARAM] ParameterNode: '?' {name=idList109_, expectedType=org.hibernate.type.LongType@4bf3f9d}
             +-[NAMED_PARAM] ParameterNode: '?' {name=idList110_, expectedType=org.hibernate.type.LongType@4bf3f9d}
             +-[NAMED_PARAM] ParameterNode: '?' {name=idList111_, expectedType=org.hibernate.type.LongType@4bf3f9d}
             +-[NAMED_PARAM] ParameterNode: '?' {name=idList112_, expectedType=org.hibernate.type.LongType@4bf3f9d}
             +-[NAMED_PARAM] ParameterNode: '?' {name=idList113_, expectedType=org.hibernate.type.LongType@4bf3f9d}
             +-[NAMED_PARAM] ParameterNode: '?' {name=idList114_, expectedType=org.hibernate.type.LongType@4bf3f9d}
             +-[NAMED_PARAM] ParameterNode: '?' {name=idList115_, expectedType=org.hibernate.type.LongType@4bf3f9d}
             +-[NAMED_PARAM] ParameterNode: '?' {name=idList116_, expectedType=org.hibernate.type.LongType@4bf3f9d}
             +-[NAMED_PARAM] ParameterNode: '?' {name=idList117_, expectedType=org.hibernate.type.LongType@4bf3f9d}
             +-[NAMED_PARAM] ParameterNode: '?' {name=idList118_, expectedType=org.hibernate.type.LongType@4bf3f9d}
             +-[NAMED_PARAM] ParameterNode: '?' {name=idList119_, expectedType=org.hibernate.type.LongType@4bf3f9d}
             +-[NAMED_PARAM] ParameterNode: '?' {name=idList120_, expectedType=org.hibernate.type.LongType@4bf3f9d}
             +-[NAMED_PARAM] ParameterNode: '?' {name=idList121_, expectedType=org.hibernate.type.LongType@4bf3f9d}
             +-[NAMED_PARAM] ParameterNode: '?' {name=idList122_, expectedType=org.hibernate.type.LongType@4bf3f9d}
             +-[NAMED_PARAM] ParameterNode: '?' {name=idList123_, expectedType=org.hibernate.type.LongType@4bf3f9d}
             +-[NAMED_PARAM] ParameterNode: '?' {name=idList124_, expectedType=org.hibernate.type.LongType@4bf3f9d}
             +-[NAMED_PARAM] ParameterNode: '?' {name=idList125_, expectedType=org.hibernate.type.LongType@4bf3f9d}
             +-[NAMED_PARAM] ParameterNode: '?' {name=idList126_, expectedType=org.hibernate.type.LongType@4bf3f9d}
             +-[NAMED_PARAM] ParameterNode: '?' {name=idList127_, expectedType=org.hibernate.type.LongType@4bf3f9d}
             +-[NAMED_PARAM] ParameterNode: '?' {name=idList128_, expectedType=org.hibernate.type.LongType@4bf3f9d}
             +-[NAMED_PARAM] ParameterNode: '?' {name=idList129_, expectedType=org.hibernate.type.LongType@4bf3f9d}
             +-[NAMED_PARAM] ParameterNode: '?' {name=idList130_, expectedType=org.hibernate.type.LongType@4bf3f9d}
             +-[NAMED_PARAM] ParameterNode: '?' {name=idList131_, expectedType=org.hibernate.type.LongType@4bf3f9d}
             +-[NAMED_PARAM] ParameterNode: '?' {name=idList132_, expectedType=org.hibernate.type.LongType@4bf3f9d}
             +-[NAMED_PARAM] ParameterNode: '?' {name=idList133_, expectedType=org.hibernate.type.LongType@4bf3f9d}
             +-[NAMED_PARAM] ParameterNode: '?' {name=idList134_, expectedType=org.hibernate.type.LongType@4bf3f9d}
             +-[NAMED_PARAM] ParameterNode: '?' {name=idList135_, expectedType=org.hibernate.type.LongType@4bf3f9d}
             +-[NAMED_PARAM] ParameterNode: '?' {name=idList136_, expectedType=org.hibernate.type.LongType@4bf3f9d}
             +-[NAMED_PARAM] ParameterNode: '?' {name=idList137_, expectedType=org.hibernate.type.LongType@4bf3f9d}
             +-[NAMED_PARAM] ParameterNode: '?' {name=idList138_, expectedType=org.hibernate.type.LongType@4bf3f9d}
             +-[NAMED_PARAM] ParameterNode: '?' {name=idList139_, expectedType=org.hibernate.type.LongType@4bf3f9d}
             +-[NAMED_PARAM] ParameterNode: '?' {name=idList140_, expectedType=org.hibernate.type.LongType@4bf3f9d}
             +-[NAMED_PARAM] ParameterNode: '?' {name=idList141_, expectedType=org.hibernate.type.LongType@4bf3f9d}
             +-[NAMED_PARAM] ParameterNode: '?' {name=idList142_, expectedType=org.hibernate.type.LongType@4bf3f9d}
             +-[NAMED_PARAM] ParameterNode: '?' {name=idList143_, expectedType=org.hibernate.type.LongType@4bf3f9d}
             +-[NAMED_PARAM] ParameterNode: '?' {name=idList144_, expectedType=org.hibernate.type.LongType@4bf3f9d}
             +-[NAMED_PARAM] ParameterNode: '?' {name=idList145_, expectedType=org.hibernate.type.LongType@4bf3f9d}
             +-[NAMED_PARAM] ParameterNode: '?' {name=idList146_, expectedType=org.hibernate.type.LongType@4bf3f9d}
             +-[NAMED_PARAM] ParameterNode: '?' {name=idList147_, expectedType=org.hibernate.type.LongType@4bf3f9d}
             +-[NAMED_PARAM] ParameterNode: '?' {name=idList148_, expectedType=org.hibernate.type.LongType@4bf3f9d}
             +-[NAMED_PARAM] ParameterNode: '?' {name=idList149_, expectedType=org.hibernate.type.LongType@4bf3f9d}
             +-[NAMED_PARAM] ParameterNode: '?' {name=idList150_, expectedType=org.hibernate.type.LongType@4bf3f9d}
             +-[NAMED_PARAM] ParameterNode: '?' {name=idList151_, expectedType=org.hibernate.type.LongType@4bf3f9d}
             +-[NAMED_PARAM] ParameterNode: '?' {name=idList152_, expectedType=org.hibernate.type.LongType@4bf3f9d}
             +-[NAMED_PARAM] ParameterNode: '?' {name=idList153_, expectedType=org.hibernate.type.LongType@4bf3f9d}
             +-[NAMED_PARAM] ParameterNode: '?' {name=idList154_, expectedType=org.hibernate.type.LongType@4bf3f9d}
             +-[NAMED_PARAM] ParameterNode: '?' {name=idList155_, expectedType=org.hibernate.type.LongType@4bf3f9d}
             +-[NAMED_PARAM] ParameterNode: '?' {name=idList156_, expectedType=org.hibernate.type.LongType@4bf3f9d}
             +-[NAMED_PARAM] ParameterNode: '?' {name=idList157_, expectedType=org.hibernate.type.LongType@4bf3f9d}
             +-[NAMED_PARAM] ParameterNode: '?' {name=idList158_, expectedType=org.hibernate.type.LongType@4bf3f9d}
             +-[NAMED_PARAM] ParameterNode: '?' {name=idList159_, expectedType=org.hibernate.type.LongType@4bf3f9d}
             +-[NAMED_PARAM] ParameterNode: '?' {name=idList160_, expectedType=org.hibernate.type.LongType@4bf3f9d}
             +-[NAMED_PARAM] ParameterNode: '?' {name=idList161_, expectedType=org.hibernate.type.LongType@4bf3f9d}
             +-[NAMED_PARAM] ParameterNode: '?' {name=idList162_, expectedType=org.hibernate.type.LongType@4bf3f9d}
             +-[NAMED_PARAM] ParameterNode: '?' {name=idList163_, expectedType=org.hibernate.type.LongType@4bf3f9d}
             +-[NAMED_PARAM] ParameterNode: '?' {name=idList164_, expectedType=org.hibernate.type.LongType@4bf3f9d}
             +-[NAMED_PARAM] ParameterNode: '?' {name=idList165_, expectedType=org.hibernate.type.LongType@4bf3f9d}
             +-[NAMED_PARAM] ParameterNode: '?' {name=idList166_, expectedType=org.hibernate.type.LongType@4bf3f9d}
             +-[NAMED_PARAM] ParameterNode: '?' {name=idList167_, expectedType=org.hibernate.type.LongType@4bf3f9d}
             +-[NAMED_PARAM] ParameterNode: '?' {name=idList168_, expectedType=org.hibernate.type.LongType@4bf3f9d}
             +-[NAMED_PARAM] ParameterNode: '?' {name=idList169_, expectedType=org.hibernate.type.LongType@4bf3f9d}
             +-[NAMED_PARAM] ParameterNode: '?' {name=idList170_, expectedType=org.hibernate.type.LongType@4bf3f9d}
             +-[NAMED_PARAM] ParameterNode: '?' {name=idList171_, expectedType=org.hibernate.type.LongType@4bf3f9d}
             +-[NAMED_PARAM] ParameterNode: '?' {name=idList172_, expectedType=org.hibernate.type.LongType@4bf3f9d}
             +-[NAMED_PARAM] ParameterNode: '?' {name=idList173_, expectedType=org.hibernate.type.LongType@4bf3f9d}
             +-[NAMED_PARAM] ParameterNode: '?' {name=idList174_, expectedType=org.hibernate.type.LongType@4bf3f9d}
             +-[NAMED_PARAM] ParameterNode: '?' {name=idList175_, expectedType=org.hibernate.type.LongType@4bf3f9d}
             +-[NAMED_PARAM] ParameterNode: '?' {name=idList176_, expectedType=org.hibernate.type.LongType@4bf3f9d}
             +-[NAMED_PARAM] ParameterNode: '?' {name=idList177_, expectedType=org.hibernate.type.LongType@4bf3f9d}
             +-[NAMED_PARAM] ParameterNode: '?' {name=idList178_, expectedType=org.hibernate.type.LongType@4bf3f9d}
             +-[NAMED_PARAM] ParameterNode: '?' {name=idList179_, expectedType=org.hibernate.type.LongType@4bf3f9d}
             +-[NAMED_PARAM] ParameterNode: '?' {name=idList180_, expectedType=org.hibernate.type.LongType@4bf3f9d}
             +-[NAMED_PARAM] ParameterNode: '?' {name=idList181_, expectedType=org.hibernate.type.LongType@4bf3f9d}
             +-[NAMED_PARAM] ParameterNode: '?' {name=idList182_, expectedType=org.hibernate.type.LongType@4bf3f9d}
             +-[NAMED_PARAM] ParameterNode: '?' {name=idList183_, expectedType=org.hibernate.type.LongType@4bf3f9d}
             +-[NAMED_PARAM] ParameterNode: '?' {name=idList184_, expectedType=org.hibernate.type.LongType@4bf3f9d}
             +-[NAMED_PARAM] ParameterNode: '?' {name=idList185_, expectedType=org.hibernate.type.LongType@4bf3f9d}
             +-[NAMED_PARAM] ParameterNode: '?' {name=idList186_, expectedType=org.hibernate.type.LongType@4bf3f9d}
             +-[NAMED_PARAM] ParameterNode: '?' {name=idList187_, expectedType=org.hibernate.type.LongType@4bf3f9d}
             +-[NAMED_PARAM] ParameterNode: '?' {name=idList188_, expectedType=org.hibernate.type.LongType@4bf3f9d}
             +-[NAMED_PARAM] ParameterNode: '?' {name=idList189_, expectedType=org.hibernate.type.LongType@4bf3f9d}
             +-[NAMED_PARAM] ParameterNode: '?' {name=idList190_, expectedType=org.hibernate.type.LongType@4bf3f9d}
             +-[NAMED_PARAM] ParameterNode: '?' {name=idList191_, expectedType=org.hibernate.type.LongType@4bf3f9d}
             +-[NAMED_PARAM] ParameterNode: '?' {name=idList192_, expectedType=org.hibernate.type.LongType@4bf3f9d}
             +-[NAMED_PARAM] ParameterNode: '?' {name=idList193_, expectedType=org.hibernate.type.LongType@4bf3f9d}
             +-[NAMED_PARAM] ParameterNode: '?' {name=idList194_, expectedType=org.hibernate.type.LongType@4bf3f9d}
             +-[NAMED_PARAM] ParameterNode: '?' {name=idList195_, expectedType=org.hibernate.type.LongType@4bf3f9d}
             +-[NAMED_PARAM] ParameterNode: '?' {name=idList196_, expectedType=org.hibernate.type.LongType@4bf3f9d}
             +-[NAMED_PARAM] ParameterNode: '?' {name=idList197_, expectedType=org.hibernate.type.LongType@4bf3f9d}
             +-[NAMED_PARAM] ParameterNode: '?' {name=idList198_, expectedType=org.hibernate.type.LongType@4bf3f9d}
             +-[NAMED_PARAM] ParameterNode: '?' {name=idList199_, expectedType=org.hibernate.type.LongType@4bf3f9d}
             +-[NAMED_PARAM] ParameterNode: '?' {name=idList200_, expectedType=org.hibernate.type.LongType@4bf3f9d}
             +-[NAMED_PARAM] ParameterNode: '?' {name=idList201_, expectedType=org.hibernate.type.LongType@4bf3f9d}
             +-[NAMED_PARAM] ParameterNode: '?' {name=idList202_, expectedType=org.hibernate.type.LongType@4bf3f9d}
             +-[NAMED_PARAM] ParameterNode: '?' {name=idList203_, expectedType=org.hibernate.type.LongType@4bf3f9d}
             +-[NAMED_PARAM] ParameterNode: '?' {name=idList204_, expectedType=org.hibernate.type.LongType@4bf3f9d}
             +-[NAMED_PARAM] ParameterNode: '?' {name=idList205_, expectedType=org.hibernate.type.LongType@4bf3f9d}
             +-[NAMED_PARAM] ParameterNode: '?' {name=idList206_, expectedType=org.hibernate.type.LongType@4bf3f9d}
             +-[NAMED_PARAM] ParameterNode: '?' {name=idList207_, expectedType=org.hibernate.type.LongType@4bf3f9d}
             +-[NAMED_PARAM] ParameterNode: '?' {name=idList208_, expectedType=org.hibernate.type.LongType@4bf3f9d}
             +-[NAMED_PARAM] ParameterNode: '?' {name=idList209_, expectedType=org.hibernate.type.LongType@4bf3f9d}
             +-[NAMED_PARAM] ParameterNode: '?' {name=idList210_, expectedType=org.hibernate.type.LongType@4bf3f9d}
             +-[NAMED_PARAM] ParameterNode: '?' {name=idList211_, expectedType=org.hibernate.type.LongType@4bf3f9d}
             +-[NAMED_PARAM] ParameterNode: '?' {name=idList212_, expectedType=org.hibernate.type.LongType@4bf3f9d}
             +-[NAMED_PARAM] ParameterNode: '?' {name=idList213_, expectedType=org.hibernate.type.LongType@4bf3f9d}
             +-[NAMED_PARAM] ParameterNode: '?' {name=idList214_, expectedType=org.hibernate.type.LongType@4bf3f9d}
             +-[NAMED_PARAM] ParameterNode: '?' {name=idList215_, expectedType=org.hibernate.type.LongType@4bf3f9d}
             +-[NAMED_PARAM] ParameterNode: '?' {name=idList216_, expectedType=org.hibernate.type.LongType@4bf3f9d}
             +-[NAMED_PARAM] ParameterNode: '?' {name=idList217_, expectedType=org.hibernate.type.LongType@4bf3f9d}
             +-[NAMED_PARAM] ParameterNode: '?' {name=idList218_, expectedType=org.hibernate.type.LongType@4bf3f9d}
             +-[NAMED_PARAM] ParameterNode: '?' {name=idList219_, expectedType=org.hibernate.type.LongType@4bf3f9d}
             +-[NAMED_PARAM] ParameterNode: '?' {name=idList220_, expectedType=org.hibernate.type.LongType@4bf3f9d}
             +-[NAMED_PARAM] ParameterNode: '?' {name=idList221_, expectedType=org.hibernate.type.LongType@4bf3f9d}
             +-[NAMED_PARAM] ParameterNode: '?' {name=idList222_, expectedType=org.hibernate.type.LongType@4bf3f9d}
             +-[NAMED_PARAM] ParameterNode: '?' {name=idList223_, expectedType=org.hibernate.type.LongType@4bf3f9d}
             +-[NAMED_PARAM] ParameterNode: '?' {name=idList224_, expectedType=org.hibernate.type.LongType@4bf3f9d}
             +-[NAMED_PARAM] ParameterNode: '?' {name=idList225_, expectedType=org.hibernate.type.LongType@4bf3f9d}
             +-[NAMED_PARAM] ParameterNode: '?' {name=idList226_, expectedType=org.hibernate.type.LongType@4bf3f9d}
             +-[NAMED_PARAM] ParameterNode: '?' {name=idList227_, expectedType=org.hibernate.type.LongType@4bf3f9d}
             +-[NAMED_PARAM] ParameterNode: '?' {name=idList228_, expectedType=org.hibernate.type.LongType@4bf3f9d}
             +-[NAMED_PARAM] ParameterNode: '?' {name=idList229_, expectedType=org.hibernate.type.LongType@4bf3f9d}
             +-[NAMED_PARAM] ParameterNode: '?' {name=idList230_, expectedType=org.hibernate.type.LongType@4bf3f9d}
             +-[NAMED_PARAM] ParameterNode: '?' {name=idList231_, expectedType=org.hibernate.type.LongType@4bf3f9d}
             +-[NAMED_PARAM] ParameterNode: '?' {name=idList232_, expectedType=org.hibernate.type.LongType@4bf3f9d}
             +-[NAMED_PARAM] ParameterNode: '?' {name=idList233_, expectedType=org.hibernate.type.LongType@4bf3f9d}
             +-[NAMED_PARAM] ParameterNode: '?' {name=idList234_, expectedType=org.hibernate.type.LongType@4bf3f9d}
             +-[NAMED_PARAM] ParameterNode: '?' {name=idList235_, expectedType=org.hibernate.type.LongType@4bf3f9d}
             +-[NAMED_PARAM] ParameterNode: '?' {name=idList236_, expectedType=org.hibernate.type.LongType@4bf3f9d}
             +-[NAMED_PARAM] ParameterNode: '?' {name=idList237_, expectedType=org.hibernate.type.LongType@4bf3f9d}
             +-[NAMED_PARAM] ParameterNode: '?' {name=idList238_, expectedType=org.hibernate.type.LongType@4bf3f9d}
             +-[NAMED_PARAM] ParameterNode: '?' {name=idList239_, expectedType=org.hibernate.type.LongType@4bf3f9d}
             +-[NAMED_PARAM] ParameterNode: '?' {name=idList240_, expectedType=org.hibernate.type.LongType@4bf3f9d}
             +-[NAMED_PARAM] ParameterNode: '?' {name=idList241_, expectedType=org.hibernate.type.LongType@4bf3f9d}
             +-[NAMED_PARAM] ParameterNode: '?' {name=idList242_, expectedType=org.hibernate.type.LongType@4bf3f9d}
             +-[NAMED_PARAM] ParameterNode: '?' {name=idList243_, expectedType=org.hibernate.type.LongType@4bf3f9d}
             +-[NAMED_PARAM] ParameterNode: '?' {name=idList244_, expectedType=org.hibernate.type.LongType@4bf3f9d}
             +-[NAMED_PARAM] ParameterNode: '?' {name=idList245_, expectedType=org.hibernate.type.LongType@4bf3f9d}
             +-[NAMED_PARAM] ParameterNode: '?' {name=idList246_, expectedType=org.hibernate.type.LongType@4bf3f9d}
             +-[NAMED_PARAM] ParameterNode: '?' {name=idList247_, expectedType=org.hibernate.type.LongType@4bf3f9d}
             +-[NAMED_PARAM] ParameterNode: '?' {name=idList248_, expectedType=org.hibernate.type.LongType@4bf3f9d}
             +-[NAMED_PARAM] ParameterNode: '?' {name=idList249_, expectedType=org.hibernate.type.LongType@4bf3f9d}
             +-[NAMED_PARAM] ParameterNode: '?' {name=idList250_, expectedType=org.hibernate.type.LongType@4bf3f9d}
             +-[NAMED_PARAM] ParameterNode: '?' {name=idList251_, expectedType=org.hibernate.type.LongType@4bf3f9d}
             +-[NAMED_PARAM] ParameterNode: '?' {name=idList252_, expectedType=org.hibernate.type.LongType@4bf3f9d}
             +-[NAMED_PARAM] ParameterNode: '?' {name=idList253_, expectedType=org.hibernate.type.LongType@4bf3f9d}
             +-[NAMED_PARAM] ParameterNode: '?' {name=idList254_, expectedType=org.hibernate.type.LongType@4bf3f9d}
             +-[NAMED_PARAM] ParameterNode: '?' {name=idList255_, expectedType=org.hibernate.type.LongType@4bf3f9d}
             +-[NAMED_PARAM] ParameterNode: '?' {name=idList256_, expectedType=org.hibernate.type.LongType@4bf3f9d}
             +-[NAMED_PARAM] ParameterNode: '?' {name=idList257_, expectedType=org.hibernate.type.LongType@4bf3f9d}
             +-[NAMED_PARAM] ParameterNode: '?' {name=idList258_, expectedType=org.hibernate.type.LongType@4bf3f9d}
             +-[NAMED_PARAM] ParameterNode: '?' {name=idList259_, expectedType=org.hibernate.type.LongType@4bf3f9d}
             +-[NAMED_PARAM] ParameterNode: '?' {name=idList260_, expectedType=org.hibernate.type.LongType@4bf3f9d}
             +-[NAMED_PARAM] ParameterNode: '?' {name=idList261_, expectedType=org.hibernate.type.LongType@4bf3f9d}
             +-[NAMED_PARAM] ParameterNode: '?' {name=idList262_, expectedType=org.hibernate.type.LongType@4bf3f9d}
             +-[NAMED_PARAM] ParameterNode: '?' {name=idList263_, expectedType=org.hibernate.type.LongType@4bf3f9d}
             +-[NAMED_PARAM] ParameterNode: '?' {name=idList264_, expectedType=org.hibernate.type.LongType@4bf3f9d}
             +-[NAMED_PARAM] ParameterNode: '?' {name=idList265_, expectedType=org.hibernate.type.LongType@4bf3f9d}
             +-[NAMED_PARAM] ParameterNode: '?' {name=idList266_, expectedType=org.hibernate.type.LongType@4bf3f9d}
             +-[NAMED_PARAM] ParameterNode: '?' {name=idList267_, expectedType=org.hibernate.type.LongType@4bf3f9d}
             +-[NAMED_PARAM] ParameterNode: '?' {name=idList268_, expectedType=org.hibernate.type.LongType@4bf3f9d}
             +-[NAMED_PARAM] ParameterNode: '?' {name=idList269_, expectedType=org.hibernate.type.LongType@4bf3f9d}
             +-[NAMED_PARAM] ParameterNode: '?' {name=idList270_, expectedType=org.hibernate.type.LongType@4bf3f9d}
             +-[NAMED_PARAM] ParameterNode: '?' {name=idList271_, expectedType=org.hibernate.type.LongType@4bf3f9d}
             +-[NAMED_PARAM] ParameterNode: '?' {name=idList272_, expectedType=org.hibernate.type.LongType@4bf3f9d}
             +-[NAMED_PARAM] ParameterNode: '?' {name=idList273_, expectedType=org.hibernate.type.LongType@4bf3f9d}
             +-[NAMED_PARAM] ParameterNode: '?' {name=idList274_, expectedType=org.hibernate.type.LongType@4bf3f9d}
             +-[NAMED_PARAM] ParameterNode: '?' {name=idList275_, expectedType=org.hibernate.type.LongType@4bf3f9d}
             +-[NAMED_PARAM] ParameterNode: '?' {name=idList276_, expectedType=org.hibernate.type.LongType@4bf3f9d}
             +-[NAMED_PARAM] ParameterNode: '?' {name=idList277_, expectedType=org.hibernate.type.LongType@4bf3f9d}
             +-[NAMED_PARAM] ParameterNode: '?' {name=idList278_, expectedType=org.hibernate.type.LongType@4bf3f9d}
             +-[NAMED_PARAM] ParameterNode: '?' {name=idList279_, expectedType=org.hibernate.type.LongType@4bf3f9d}
             +-[NAMED_PARAM] ParameterNode: '?' {name=idList280_, expectedType=org.hibernate.type.LongType@4bf3f9d}
             +-[NAMED_PARAM] ParameterNode: '?' {name=idList281_, expectedType=org.hibernate.type.LongType@4bf3f9d}
             +-[NAMED_PARAM] ParameterNode: '?' {name=idList282_, expectedType=org.hibernate.type.LongType@4bf3f9d}
             +-[NAMED_PARAM] ParameterNode: '?' {name=idList283_, expectedType=org.hibernate.type.LongType@4bf3f9d}
             +-[NAMED_PARAM] ParameterNode: '?' {name=idList284_, expectedType=org.hibernate.type.LongType@4bf3f9d}
             +-[NAMED_PARAM] ParameterNode: '?' {name=idList285_, expectedType=org.hibernate.type.LongType@4bf3f9d}
             +-[NAMED_PARAM] ParameterNode: '?' {name=idList286_, expectedType=org.hibernate.type.LongType@4bf3f9d}
             +-[NAMED_PARAM] ParameterNode: '?' {name=idList287_, expectedType=org.hibernate.type.LongType@4bf3f9d}
             +-[NAMED_PARAM] ParameterNode: '?' {name=idList288_, expectedType=org.hibernate.type.LongType@4bf3f9d}
             +-[NAMED_PARAM] ParameterNode: '?' {name=idList289_, expectedType=org.hibernate.type.LongType@4bf3f9d}
             +-[NAMED_PARAM] ParameterNode: '?' {name=idList290_, expectedType=org.hibernate.type.LongType@4bf3f9d}
             +-[NAMED_PARAM] ParameterNode: '?' {name=idList291_, expectedType=org.hibernate.type.LongType@4bf3f9d}
             +-[NAMED_PARAM] ParameterNode: '?' {name=idList292_, expectedType=org.hibernate.type.LongType@4bf3f9d}
             +-[NAMED_PARAM] ParameterNode: '?' {name=idList293_, expectedType=org.hibernate.type.LongType@4bf3f9d}
             +-[NAMED_PARAM] ParameterNode: '?' {name=idList294_, expectedType=org.hibernate.type.LongType@4bf3f9d}
             +-[NAMED_PARAM] ParameterNode: '?' {name=idList295_, expectedType=org.hibernate.type.LongType@4bf3f9d}
             +-[NAMED_PARAM] ParameterNode: '?' {name=idList296_, expectedType=org.hibernate.type.LongType@4bf3f9d}
             +-[NAMED_PARAM] ParameterNode: '?' {name=idList297_, expectedType=org.hibernate.type.LongType@4bf3f9d}
             +-[NAMED_PARAM] ParameterNode: '?' {name=idList298_, expectedType=org.hibernate.type.LongType@4bf3f9d}
             +-[NAMED_PARAM] ParameterNode: '?' {name=idList299_, expectedType=org.hibernate.type.LongType@4bf3f9d}
             +-[NAMED_PARAM] ParameterNode: '?' {name=idList300_, expectedType=org.hibernate.type.LongType@4bf3f9d}
             +-[NAMED_PARAM] ParameterNode: '?' {name=idList301_, expectedType=org.hibernate.type.LongType@4bf3f9d}
             +-[NAMED_PARAM] ParameterNode: '?' {name=idList302_, expectedType=org.hibernate.type.LongType@4bf3f9d}
             +-[NAMED_PARAM] ParameterNode: '?' {name=idList303_, expectedType=org.hibernate.type.LongType@4bf3f9d}
             +-[NAMED_PARAM] ParameterNode: '?' {name=idList304_, expectedType=org.hibernate.type.LongType@4bf3f9d}
             +-[NAMED_PARAM] ParameterNode: '?' {name=idList305_, expectedType=org.hibernate.type.LongType@4bf3f9d}
             +-[NAMED_PARAM] ParameterNode: '?' {name=idList306_, expectedType=org.hibernate.type.LongType@4bf3f9d}
             +-[NAMED_PARAM] ParameterNode: '?' {name=idList307_, expectedType=org.hibernate.type.LongType@4bf3f9d}
             +-[NAMED_PARAM] ParameterNode: '?' {name=idList308_, expectedType=org.hibernate.type.LongType@4bf3f9d}
             +-[NAMED_PARAM] ParameterNode: '?' {name=idList309_, expectedType=org.hibernate.type.LongType@4bf3f9d}
             +-[NAMED_PARAM] ParameterNode: '?' {name=idList310_, expectedType=org.hibernate.type.LongType@4bf3f9d}
             +-[NAMED_PARAM] ParameterNode: '?' {name=idList311_, expectedType=org.hibernate.type.LongType@4bf3f9d}
             +-[NAMED_PARAM] ParameterNode: '?' {name=idList312_, expectedType=org.hibernate.type.LongType@4bf3f9d}
             +-[NAMED_PARAM] ParameterNode: '?' {name=idList313_, expectedType=org.hibernate.type.LongType@4bf3f9d}
             +-[NAMED_PARAM] ParameterNode: '?' {name=idList314_, expectedType=org.hibernate.type.LongType@4bf3f9d}
             +-[NAMED_PARAM] ParameterNode: '?' {name=idList315_, expectedType=org.hibernate.type.LongType@4bf3f9d}
             +-[NAMED_PARAM] ParameterNode: '?' {name=idList316_, expectedType=org.hibernate.type.LongType@4bf3f9d}
             +-[NAMED_PARAM] ParameterNode: '?' {name=idList317_, expectedType=org.hibernate.type.LongType@4bf3f9d}
             +-[NAMED_PARAM] ParameterNode: '?' {name=idList318_, expectedType=org.hibernate.type.LongType@4bf3f9d}
             +-[NAMED_PARAM] ParameterNode: '?' {name=idList319_, expectedType=org.hibernate.type.LongType@4bf3f9d}
             +-[NAMED_PARAM] ParameterNode: '?' {name=idList320_, expectedType=org.hibernate.type.LongType@4bf3f9d}
             +-[NAMED_PARAM] ParameterNode: '?' {name=idList321_, expectedType=org.hibernate.type.LongType@4bf3f9d}
             +-[NAMED_PARAM] ParameterNode: '?' {name=idList322_, expectedType=org.hibernate.type.LongType@4bf3f9d}
             +-[NAMED_PARAM] ParameterNode: '?' {name=idList323_, expectedType=org.hibernate.type.LongType@4bf3f9d}
             +-[NAMED_PARAM] ParameterNode: '?' {name=idList324_, expectedType=org.hibernate.type.LongType@4bf3f9d}
             +-[NAMED_PARAM] ParameterNode: '?' {name=idList325_, expectedType=org.hibernate.type.LongType@4bf3f9d}
             +-[NAMED_PARAM] ParameterNode: '?' {name=idList326_, expectedType=org.hibernate.type.LongType@4bf3f9d}
             +-[NAMED_PARAM] ParameterNode: '?' {name=idList327_, expectedType=org.hibernate.type.LongType@4bf3f9d}
             +-[NAMED_PARAM] ParameterNode: '?' {name=idList328_, expectedType=org.hibernate.type.LongType@4bf3f9d}
             +-[NAMED_PARAM] ParameterNode: '?' {name=idList329_, expectedType=org.hibernate.type.LongType@4bf3f9d}
             +-[NAMED_PARAM] ParameterNode: '?' {name=idList330_, expectedType=org.hibernate.type.LongType@4bf3f9d}
             +-[NAMED_PARAM] ParameterNode: '?' {name=idList331_, expectedType=org.hibernate.type.LongType@4bf3f9d}
             +-[NAMED_PARAM] ParameterNode: '?' {name=idList332_, expectedType=org.hibernate.type.LongType@4bf3f9d}
             +-[NAMED_PARAM] ParameterNode: '?' {name=idList333_, expectedType=org.hibernate.type.LongType@4bf3f9d}
             +-[NAMED_PARAM] ParameterNode: '?' {name=idList334_, expectedType=org.hibernate.type.LongType@4bf3f9d}
             +-[NAMED_PARAM] ParameterNode: '?' {name=idList335_, expectedType=org.hibernate.type.LongType@4bf3f9d}
             +-[NAMED_PARAM] ParameterNode: '?' {name=idList336_, expectedType=org.hibernate.type.LongType@4bf3f9d}
             +-[NAMED_PARAM] ParameterNode: '?' {name=idList337_, expectedType=org.hibernate.type.LongType@4bf3f9d}
             +-[NAMED_PARAM] ParameterNode: '?' {name=idList338_, expectedType=org.hibernate.type.LongType@4bf3f9d}
             +-[NAMED_PARAM] ParameterNode: '?' {name=idList339_, expectedType=org.hibernate.type.LongType@4bf3f9d}
             +-[NAMED_PARAM] ParameterNode: '?' {name=idList340_, expectedType=org.hibernate.type.LongType@4bf3f9d}
             +-[NAMED_PARAM] ParameterNode: '?' {name=idList341_, expectedType=org.hibernate.type.LongType@4bf3f9d}
             +-[NAMED_PARAM] ParameterNode: '?' {name=idList342_, expectedType=org.hibernate.type.LongType@4bf3f9d}
             +-[NAMED_PARAM] ParameterNode: '?' {name=idList343_, expectedType=org.hibernate.type.LongType@4bf3f9d}
             +-[NAMED_PARAM] ParameterNode: '?' {name=idList344_, expectedType=org.hibernate.type.LongType@4bf3f9d}
             +-[NAMED_PARAM] ParameterNode: '?' {name=idList345_, expectedType=org.hibernate.type.LongType@4bf3f9d}
             +-[NAMED_PARAM] ParameterNode: '?' {name=idList346_, expectedType=org.hibernate.type.LongType@4bf3f9d}
             +-[NAMED_PARAM] ParameterNode: '?' {name=idList347_, expectedType=org.hibernate.type.LongType@4bf3f9d}
             +-[NAMED_PARAM] ParameterNode: '?' {name=idList348_, expectedType=org.hibernate.type.LongType@4bf3f9d}
             +-[NAMED_PARAM] ParameterNode: '?' {name=idList349_, expectedType=org.hibernate.type.LongType@4bf3f9d}
             +-[NAMED_PARAM] ParameterNode: '?' {name=idList350_, expectedType=org.hibernate.type.LongType@4bf3f9d}
             +-[NAMED_PARAM] ParameterNode: '?' {name=idList351_, expectedType=org.hibernate.type.LongType@4bf3f9d}
             +-[NAMED_PARAM] ParameterNode: '?' {name=idList352_, expectedType=org.hibernate.type.LongType@4bf3f9d}
             +-[NAMED_PARAM] ParameterNode: '?' {name=idList353_, expectedType=org.hibernate.type.LongType@4bf3f9d}
             +-[NAMED_PARAM] ParameterNode: '?' {name=idList354_, expectedType=org.hibernate.type.LongType@4bf3f9d}
             +-[NAMED_PARAM] ParameterNode: '?' {name=idList355_, expectedType=org.hibernate.type.LongType@4bf3f9d}
             +-[NAMED_PARAM] ParameterNode: '?' {name=idList356_, expectedType=org.hibernate.type.LongType@4bf3f9d}
             +-[NAMED_PARAM] ParameterNode: '?' {name=idList357_, expectedType=org.hibernate.type.LongType@4bf3f9d}
             +-[NAMED_PARAM] ParameterNode: '?' {name=idList358_, expectedType=org.hibernate.type.LongType@4bf3f9d}
             +-[NAMED_PARAM] ParameterNode: '?' {name=idList359_, expectedType=org.hibernate.type.LongType@4bf3f9d}
             +-[NAMED_PARAM] ParameterNode: '?' {name=idList360_, expectedType=org.hibernate.type.LongType@4bf3f9d}
             +-[NAMED_PARAM] ParameterNode: '?' {name=idList361_, expectedType=org.hibernate.type.LongType@4bf3f9d}
             +-[NAMED_PARAM] ParameterNode: '?' {name=idList362_, expectedType=org.hibernate.type.LongType@4bf3f9d}
             +-[NAMED_PARAM] ParameterNode: '?' {name=idList363_, expectedType=org.hibernate.type.LongType@4bf3f9d}
             +-[NAMED_PARAM] ParameterNode: '?' {name=idList364_, expectedType=org.hibernate.type.LongType@4bf3f9d}
             +-[NAMED_PARAM] ParameterNode: '?' {name=idList365_, expectedType=org.hibernate.type.LongType@4bf3f9d}
             +-[NAMED_PARAM] ParameterNode: '?' {name=idList366_, expectedType=org.hibernate.type.LongType@4bf3f9d}
             +-[NAMED_PARAM] ParameterNode: '?' {name=idList367_, expectedType=org.hibernate.type.LongType@4bf3f9d}
             +-[NAMED_PARAM] ParameterNode: '?' {name=idList368_, expectedType=org.hibernate.type.LongType@4bf3f9d}
             +-[NAMED_PARAM] ParameterNode: '?' {name=idList369_, expectedType=org.hibernate.type.LongType@4bf3f9d}
             +-[NAMED_PARAM] ParameterNode: '?' {name=idList370_, expectedType=org.hibernate.type.LongType@4bf3f9d}
             +-[NAMED_PARAM] ParameterNode: '?' {name=idList371_, expectedType=org.hibernate.type.LongType@4bf3f9d}
             +-[NAMED_PARAM] ParameterNode: '?' {name=idList372_, expectedType=org.hibernate.type.LongType@4bf3f9d}
             +-[NAMED_PARAM] ParameterNode: '?' {name=idList373_, expectedType=org.hibernate.type.LongType@4bf3f9d}
             +-[NAMED_PARAM] ParameterNode: '?' {name=idList374_, expectedType=org.hibernate.type.LongType@4bf3f9d}
             +-[NAMED_PARAM] ParameterNode: '?' {name=idList375_, expectedType=org.hibernate.type.LongType@4bf3f9d}
             +-[NAMED_PARAM] ParameterNode: '?' {name=idList376_, expectedType=org.hibernate.type.LongType@4bf3f9d}
             +-[NAMED_PARAM] ParameterNode: '?' {name=idList377_, expectedType=org.hibernate.type.LongType@4bf3f9d}
             +-[NAMED_PARAM] ParameterNode: '?' {name=idList378_, expectedType=org.hibernate.type.LongType@4bf3f9d}
             +-[NAMED_PARAM] ParameterNode: '?' {name=idList379_, expectedType=org.hibernate.type.LongType@4bf3f9d}
             +-[NAMED_PARAM] ParameterNode: '?' {name=idList380_, expectedType=org.hibernate.type.LongType@4bf3f9d}
             +-[NAMED_PARAM] ParameterNode: '?' {name=idList381_, expectedType=org.hibernate.type.LongType@4bf3f9d}
             +-[NAMED_PARAM] ParameterNode: '?' {name=idList382_, expectedType=org.hibernate.type.LongType@4bf3f9d}
             +-[NAMED_PARAM] ParameterNode: '?' {name=idList383_, expectedType=org.hibernate.type.LongType@4bf3f9d}
             +-[NAMED_PARAM] ParameterNode: '?' {name=idList384_, expectedType=org.hibernate.type.LongType@4bf3f9d}
             +-[NAMED_PARAM] ParameterNode: '?' {name=idList385_, expectedType=org.hibernate.type.LongType@4bf3f9d}
             +-[NAMED_PARAM] ParameterNode: '?' {name=idList386_, expectedType=org.hibernate.type.LongType@4bf3f9d}
             +-[NAMED_PARAM] ParameterNode: '?' {name=idList387_, expectedType=org.hibernate.type.LongType@4bf3f9d}
             +-[NAMED_PARAM] ParameterNode: '?' {name=idList388_, expectedType=org.hibernate.type.LongType@4bf3f9d}
             +-[NAMED_PARAM] ParameterNode: '?' {name=idList389_, expectedType=org.hibernate.type.LongType@4bf3f9d}
             +-[NAMED_PARAM] ParameterNode: '?' {name=idList390_, expectedType=org.hibernate.type.LongType@4bf3f9d}
             +-[NAMED_PARAM] ParameterNode: '?' {name=idList391_, expectedType=org.hibernate.type.LongType@4bf3f9d}
             +-[NAMED_PARAM] ParameterNode: '?' {name=idList392_, expectedType=org.hibernate.type.LongType@4bf3f9d}
             +-[NAMED_PARAM] ParameterNode: '?' {name=idList393_, expectedType=org.hibernate.type.LongType@4bf3f9d}
             +-[NAMED_PARAM] ParameterNode: '?' {name=idList394_, expectedType=org.hibernate.type.LongType@4bf3f9d}
             +-[NAMED_PARAM] ParameterNode: '?' {name=idList395_, expectedType=org.hibernate.type.LongType@4bf3f9d}
             +-[NAMED_PARAM] ParameterNode: '?' {name=idList396_, expectedType=org.hibernate.type.LongType@4bf3f9d}
             +-[NAMED_PARAM] ParameterNode: '?' {name=idList397_, expectedType=org.hibernate.type.LongType@4bf3f9d}
             +-[NAMED_PARAM] ParameterNode: '?' {name=idList398_, expectedType=org.hibernate.type.LongType@4bf3f9d}
             +-[NAMED_PARAM] ParameterNode: '?' {name=idList399_, expectedType=org.hibernate.type.LongType@4bf3f9d}
             +-[NAMED_PARAM] ParameterNode: '?' {name=idList400_, expectedType=org.hibernate.type.LongType@4bf3f9d}
             +-[NAMED_PARAM] ParameterNode: '?' {name=idList401_, expectedType=org.hibernate.type.LongType@4bf3f9d}
             +-[NAMED_PARAM] ParameterNode: '?' {name=idList402_, expectedType=org.hibernate.type.LongType@4bf3f9d}
             +-[NAMED_PARAM] ParameterNode: '?' {name=idList403_, expectedType=org.hibernate.type.LongType@4bf3f9d}
             +-[NAMED_PARAM] ParameterNode: '?' {name=idList404_, expectedType=org.hibernate.type.LongType@4bf3f9d}
             +-[NAMED_PARAM] ParameterNode: '?' {name=idList405_, expectedType=org.hibernate.type.LongType@4bf3f9d}
             +-[NAMED_PARAM] ParameterNode: '?' {name=idList406_, expectedType=org.hibernate.type.LongType@4bf3f9d}
             +-[NAMED_PARAM] ParameterNode: '?' {name=idList407_, expectedType=org.hibernate.type.LongType@4bf3f9d}
             +-[NAMED_PARAM] ParameterNode: '?' {name=idList408_, expectedType=org.hibernate.type.LongType@4bf3f9d}
             +-[NAMED_PARAM] ParameterNode: '?' {name=idList409_, expectedType=org.hibernate.type.LongType@4bf3f9d}
             +-[NAMED_PARAM] ParameterNode: '?' {name=idList410_, expectedType=org.hibernate.type.LongType@4bf3f9d}
             +-[NAMED_PARAM] ParameterNode: '?' {name=idList411_, expectedType=org.hibernate.type.LongType@4bf3f9d}
             +-[NAMED_PARAM] ParameterNode: '?' {name=idList412_, expectedType=org.hibernate.type.LongType@4bf3f9d}
             +-[NAMED_PARAM] ParameterNode: '?' {name=idList413_, expectedType=org.hibernate.type.LongType@4bf3f9d}
             +-[NAMED_PARAM] ParameterNode: '?' {name=idList414_, expectedType=org.hibernate.type.LongType@4bf3f9d}
             +-[NAMED_PARAM] ParameterNode: '?' {name=idList415_, expectedType=org.hibernate.type.LongType@4bf3f9d}
             +-[NAMED_PARAM] ParameterNode: '?' {name=idList416_, expectedType=org.hibernate.type.LongType@4bf3f9d}
             +-[NAMED_PARAM] ParameterNode: '?' {name=idList417_, expectedType=org.hibernate.type.LongType@4bf3f9d}
             +-[NAMED_PARAM] ParameterNode: '?' {name=idList418_, expectedType=org.hibernate.type.LongType@4bf3f9d}
             +-[NAMED_PARAM] ParameterNode: '?' {name=idList419_, expectedType=org.hibernate.type.LongType@4bf3f9d}
             +-[NAMED_PARAM] ParameterNode: '?' {name=idList420_, expectedType=org.hibernate.type.LongType@4bf3f9d}
             +-[NAMED_PARAM] ParameterNode: '?' {name=idList421_, expectedType=org.hibernate.type.LongType@4bf3f9d}
             +-[NAMED_PARAM] ParameterNode: '?' {name=idList422_, expectedType=org.hibernate.type.LongType@4bf3f9d}
             +-[NAMED_PARAM] ParameterNode: '?' {name=idList423_, expectedType=org.hibernate.type.LongType@4bf3f9d}
             +-[NAMED_PARAM] ParameterNode: '?' {name=idList424_, expectedType=org.hibernate.type.LongType@4bf3f9d}
             +-[NAMED_PARAM] ParameterNode: '?' {name=idList425_, expectedType=org.hibernate.type.LongType@4bf3f9d}
             +-[NAMED_PARAM] ParameterNode: '?' {name=idList426_, expectedType=org.hibernate.type.LongType@4bf3f9d}
             +-[NAMED_PARAM] ParameterNode: '?' {name=idList427_, expectedType=org.hibernate.type.LongType@4bf3f9d}
             +-[NAMED_PARAM] ParameterNode: '?' {name=idList428_, expectedType=org.hibernate.type.LongType@4bf3f9d}
             +-[NAMED_PARAM] ParameterNode: '?' {name=idList429_, expectedType=org.hibernate.type.LongType@4bf3f9d}
             +-[NAMED_PARAM] ParameterNode: '?' {name=idList430_, expectedType=org.hibernate.type.LongType@4bf3f9d}
             +-[NAMED_PARAM] ParameterNode: '?' {name=idList431_, expectedType=org.hibernate.type.LongType@4bf3f9d}
             +-[NAMED_PARAM] ParameterNode: '?' {name=idList432_, expectedType=org.hibernate.type.LongType@4bf3f9d}
             +-[NAMED_PARAM] ParameterNode: '?' {name=idList433_, expectedType=org.hibernate.type.LongType@4bf3f9d}
             +-[NAMED_PARAM] ParameterNode: '?' {name=idList434_, expectedType=org.hibernate.type.LongType@4bf3f9d}
             +-[NAMED_PARAM] ParameterNode: '?' {name=idList435_, expectedType=org.hibernate.type.LongType@4bf3f9d}
             +-[NAMED_PARAM] ParameterNode: '?' {name=idList436_, expectedType=org.hibernate.type.LongType@4bf3f9d}
             +-[NAMED_PARAM] ParameterNode: '?' {name=idList437_, expectedType=org.hibernate.type.LongType@4bf3f9d}
             +-[NAMED_PARAM] ParameterNode: '?' {name=idList438_, expectedType=org.hibernate.type.LongType@4bf3f9d}
             +-[NAMED_PARAM] ParameterNode: '?' {name=idList439_, expectedType=org.hibernate.type.LongType@4bf3f9d}
             +-[NAMED_PARAM] ParameterNode: '?' {name=idList440_, expectedType=org.hibernate.type.LongType@4bf3f9d}
             +-[NAMED_PARAM] ParameterNode: '?' {name=idList441_, expectedType=org.hibernate.type.LongType@4bf3f9d}
             +-[NAMED_PARAM] ParameterNode: '?' {name=idList442_, expectedType=org.hibernate.type.LongType@4bf3f9d}
             +-[NAMED_PARAM] ParameterNode: '?' {name=idList443_, expectedType=org.hibernate.type.LongType@4bf3f9d}
             +-[NAMED_PARAM] ParameterNode: '?' {name=idList444_, expectedType=org.hibernate.type.LongType@4bf3f9d}
             +-[NAMED_PARAM] ParameterNode: '?' {name=idList445_, expectedType=org.hibernate.type.LongType@4bf3f9d}
             +-[NAMED_PARAM] ParameterNode: '?' {name=idList446_, expectedType=org.hibernate.type.LongType@4bf3f9d}
             +-[NAMED_PARAM] ParameterNode: '?' {name=idList447_, expectedType=org.hibernate.type.LongType@4bf3f9d}
             +-[NAMED_PARAM] ParameterNode: '?' {name=idList448_, expectedType=org.hibernate.type.LongType@4bf3f9d}
             +-[NAMED_PARAM] ParameterNode: '?' {name=idList449_, expectedType=org.hibernate.type.LongType@4bf3f9d}
             +-[NAMED_PARAM] ParameterNode: '?' {name=idList450_, expectedType=org.hibernate.type.LongType@4bf3f9d}
             +-[NAMED_PARAM] ParameterNode: '?' {name=idList451_, expectedType=org.hibernate.type.LongType@4bf3f9d}
             +-[NAMED_PARAM] ParameterNode: '?' {name=idList452_, expectedType=org.hibernate.type.LongType@4bf3f9d}
             +-[NAMED_PARAM] ParameterNode: '?' {name=idList453_, expectedType=org.hibernate.type.LongType@4bf3f9d}
             +-[NAMED_PARAM] ParameterNode: '?' {name=idList454_, expectedType=org.hibernate.type.LongType@4bf3f9d}
             +-[NAMED_PARAM] ParameterNode: '?' {name=idList455_, expectedType=org.hibernate.type.LongType@4bf3f9d}
             +-[NAMED_PARAM] ParameterNode: '?' {name=idList456_, expectedType=org.hibernate.type.LongType@4bf3f9d}
             +-[NAMED_PARAM] ParameterNode: '?' {name=idList457_, expectedType=org.hibernate.type.LongType@4bf3f9d}
             +-[NAMED_PARAM] ParameterNode: '?' {name=idList458_, expectedType=org.hibernate.type.LongType@4bf3f9d}
             +-[NAMED_PARAM] ParameterNode: '?' {name=idList459_, expectedType=org.hibernate.type.LongType@4bf3f9d}
             +-[NAMED_PARAM] ParameterNode: '?' {name=idList460_, expectedType=org.hibernate.type.LongType@4bf3f9d}
             +-[NAMED_PARAM] ParameterNode: '?' {name=idList461_, expectedType=org.hibernate.type.LongType@4bf3f9d}
             +-[NAMED_PARAM] ParameterNode: '?' {name=idList462_, expectedType=org.hibernate.type.LongType@4bf3f9d}
             +-[NAMED_PARAM] ParameterNode: '?' {name=idList463_, expectedType=org.hibernate.type.LongType@4bf3f9d}
             +-[NAMED_PARAM] ParameterNode: '?' {name=idList464_, expectedType=org.hibernate.type.LongType@4bf3f9d}
             +-[NAMED_PARAM] ParameterNode: '?' {name=idList465_, expectedType=org.hibernate.type.LongType@4bf3f9d}
             +-[NAMED_PARAM] ParameterNode: '?' {name=idList466_, expectedType=org.hibernate.type.LongType@4bf3f9d}
             +-[NAMED_PARAM] ParameterNode: '?' {name=idList467_, expectedType=org.hibernate.type.LongType@4bf3f9d}
             +-[NAMED_PARAM] ParameterNode: '?' {name=idList468_, expectedType=org.hibernate.type.LongType@4bf3f9d}
             +-[NAMED_PARAM] ParameterNode: '?' {name=idList469_, expectedType=org.hibernate.type.LongType@4bf3f9d}
             +-[NAMED_PARAM] ParameterNode: '?' {name=idList470_, expectedType=org.hibernate.type.LongType@4bf3f9d}
             +-[NAMED_PARAM] ParameterNode: '?' {name=idList471_, expectedType=org.hibernate.type.LongType@4bf3f9d}
             +-[NAMED_PARAM] ParameterNode: '?' {name=idList472_, expectedType=org.hibernate.type.LongType@4bf3f9d}
             +-[NAMED_PARAM] ParameterNode: '?' {name=idList473_, expectedType=org.hibernate.type.LongType@4bf3f9d}
             +-[NAMED_PARAM] ParameterNode: '?' {name=idList474_, expectedType=org.hibernate.type.LongType@4bf3f9d}
             +-[NAMED_PARAM] ParameterNode: '?' {name=idList475_, expectedType=org.hibernate.type.LongType@4bf3f9d}
             +-[NAMED_PARAM] ParameterNode: '?' {name=idList476_, expectedType=org.hibernate.type.LongType@4bf3f9d}
             +-[NAMED_PARAM] ParameterNode: '?' {name=idList477_, expectedType=org.hibernate.type.LongType@4bf3f9d}
             +-[NAMED_PARAM] ParameterNode: '?' {name=idList478_, expectedType=org.hibernate.type.LongType@4bf3f9d}
             +-[NAMED_PARAM] ParameterNode: '?' {name=idList479_, expectedType=org.hibernate.type.LongType@4bf3f9d}
             +-[NAMED_PARAM] ParameterNode: '?' {name=idList480_, expectedType=org.hibernate.type.LongType@4bf3f9d}
             +-[NAMED_PARAM] ParameterNode: '?' {name=idList481_, expectedType=org.hibernate.type.LongType@4bf3f9d}
             +-[NAMED_PARAM] ParameterNode: '?' {name=idList482_, expectedType=org.hibernate.type.LongType@4bf3f9d}
             +-[NAMED_PARAM] ParameterNode: '?' {name=idList483_, expectedType=org.hibernate.type.LongType@4bf3f9d}
             +-[NAMED_PARAM] ParameterNode: '?' {name=idList484_, expectedType=org.hibernate.type.LongType@4bf3f9d}
             +-[NAMED_PARAM] ParameterNode: '?' {name=idList485_, expectedType=org.hibernate.type.LongType@4bf3f9d}
             +-[NAMED_PARAM] ParameterNode: '?' {name=idList486_, expectedType=org.hibernate.type.LongType@4bf3f9d}
             +-[NAMED_PARAM] ParameterNode: '?' {name=idList487_, expectedType=org.hibernate.type.LongType@4bf3f9d}
             +-[NAMED_PARAM] ParameterNode: '?' {name=idList488_, expectedType=org.hibernate.type.LongType@4bf3f9d}
             +-[NAMED_PARAM] ParameterNode: '?' {name=idList489_, expectedType=org.hibernate.type.LongType@4bf3f9d}
             +-[NAMED_PARAM] ParameterNode: '?' {name=idList490_, expectedType=org.hibernate.type.LongType@4bf3f9d}
             +-[NAMED_PARAM] ParameterNode: '?' {name=idList491_, expectedType=org.hibernate.type.LongType@4bf3f9d}
             +-[NAMED_PARAM] ParameterNode: '?' {name=idList492_, expectedType=org.hibernate.type.LongType@4bf3f9d}
             +-[NAMED_PARAM] ParameterNode: '?' {name=idList493_, expectedType=org.hibernate.type.LongType@4bf3f9d}
             +-[NAMED_PARAM] ParameterNode: '?' {name=idList494_, expectedType=org.hibernate.type.LongType@4bf3f9d}
             +-[NAMED_PARAM] ParameterNode: '?' {name=idList495_, expectedType=org.hibernate.type.LongType@4bf3f9d}
             +-[NAMED_PARAM] ParameterNode: '?' {name=idList496_, expectedType=org.hibernate.type.LongType@4bf3f9d}
             +-[NAMED_PARAM] ParameterNode: '?' {name=idList497_, expectedType=org.hibernate.type.LongType@4bf3f9d}
             +-[NAMED_PARAM] ParameterNode: '?' {name=idList498_, expectedType=org.hibernate.type.LongType@4bf3f9d}
             +-[NAMED_PARAM] ParameterNode: '?' {name=idList499_, expectedType=org.hibernate.type.LongType@4bf3f9d}
             +-[NAMED_PARAM] ParameterNode: '?' {name=idList500_, expectedType=org.hibernate.type.LongType@4bf3f9d}
             +-[NAMED_PARAM] ParameterNode: '?' {name=idList501_, expectedType=org.hibernate.type.LongType@4bf3f9d}
             +-[NAMED_PARAM] ParameterNode: '?' {name=idList502_, expectedType=org.hibernate.type.LongType@4bf3f9d}
             +-[NAMED_PARAM] ParameterNode: '?' {name=idList503_, expectedType=org.hibernate.type.LongType@4bf3f9d}
             +-[NAMED_PARAM] ParameterNode: '?' {name=idList504_, expectedType=org.hibernate.type.LongType@4bf3f9d}
             +-[NAMED_PARAM] ParameterNode: '?' {name=idList505_, expectedType=org.hibernate.type.LongType@4bf3f9d}
             +-[NAMED_PARAM] ParameterNode: '?' {name=idList506_, expectedType=org.hibernate.type.LongType@4bf3f9d}
             +-[NAMED_PARAM] ParameterNode: '?' {name=idList507_, expectedType=org.hibernate.type.LongType@4bf3f9d}
             +-[NAMED_PARAM] ParameterNode: '?' {name=idList508_, expectedType=org.hibernate.type.LongType@4bf3f9d}
             +-[NAMED_PARAM] ParameterNode: '?' {name=idList509_, expectedType=org.hibernate.type.LongType@4bf3f9d}
             +-[NAMED_PARAM] ParameterNode: '?' {name=idList510_, expectedType=org.hibernate.type.LongType@4bf3f9d}
             +-[NAMED_PARAM] ParameterNode: '?' {name=idList511_, expectedType=org.hibernate.type.LongType@4bf3f9d}
             +-[NAMED_PARAM] ParameterNode: '?' {name=idList512_, expectedType=org.hibernate.type.LongType@4bf3f9d}
             +-[NAMED_PARAM] ParameterNode: '?' {name=idList513_, expectedType=org.hibernate.type.LongType@4bf3f9d}
             +-[NAMED_PARAM] ParameterNode: '?' {name=idList514_, expectedType=org.hibernate.type.LongType@4bf3f9d}
             +-[NAMED_PARAM] ParameterNode: '?' {name=idList515_, expectedType=org.hibernate.type.LongType@4bf3f9d}
             +-[NAMED_PARAM] ParameterNode: '?' {name=idList516_, expectedType=org.hibernate.type.LongType@4bf3f9d}
             +-[NAMED_PARAM] ParameterNode: '?' {name=idList517_, expectedType=org.hibernate.type.LongType@4bf3f9d}
             +-[NAMED_PARAM] ParameterNode: '?' {name=idList518_, expectedType=org.hibernate.type.LongType@4bf3f9d}
             +-[NAMED_PARAM] ParameterNode: '?' {name=idList519_, expectedType=org.hibernate.type.LongType@4bf3f9d}
             +-[NAMED_PARAM] ParameterNode: '?' {name=idList520_, expectedType=org.hibernate.type.LongType@4bf3f9d}
             +-[NAMED_PARAM] ParameterNode: '?' {name=idList521_, expectedType=org.hibernate.type.LongType@4bf3f9d}
             +-[NAMED_PARAM] ParameterNode: '?' {name=idList522_, expectedType=org.hibernate.type.LongType@4bf3f9d}
             +-[NAMED_PARAM] ParameterNode: '?' {name=idList523_, expectedType=org.hibernate.type.LongType@4bf3f9d}
             +-[NAMED_PARAM] ParameterNode: '?' {name=idList524_, expectedType=org.hibernate.type.LongType@4bf3f9d}
             +-[NAMED_PARAM] ParameterNode: '?' {name=idList525_, expectedType=org.hibernate.type.LongType@4bf3f9d}
             +-[NAMED_PARAM] ParameterNode: '?' {name=idList526_, expectedType=org.hibernate.type.LongType@4bf3f9d}
             +-[NAMED_PARAM] ParameterNode: '?' {name=idList527_, expectedType=org.hibernate.type.LongType@4bf3f9d}
             +-[NAMED_PARAM] ParameterNode: '?' {name=idList528_, expectedType=org.hibernate.type.LongType@4bf3f9d}
             +-[NAMED_PARAM] ParameterNode: '?' {name=idList529_, expectedType=org.hibernate.type.LongType@4bf3f9d}
             +-[NAMED_PARAM] ParameterNode: '?' {name=idList530_, expectedType=org.hibernate.type.LongType@4bf3f9d}
             +-[NAMED_PARAM] ParameterNode: '?' {name=idList531_, expectedType=org.hibernate.type.LongType@4bf3f9d}
             +-[NAMED_PARAM] ParameterNode: '?' {name=idList532_, expectedType=org.hibernate.type.LongType@4bf3f9d}
             +-[NAMED_PARAM] ParameterNode: '?' {name=idList533_, expectedType=org.hibernate.type.LongType@4bf3f9d}
             +-[NAMED_PARAM] ParameterNode: '?' {name=idList534_, expectedType=org.hibernate.type.LongType@4bf3f9d}
             +-[NAMED_PARAM] ParameterNode: '?' {name=idList535_, expectedType=org.hibernate.type.LongType@4bf3f9d}
             +-[NAMED_PARAM] ParameterNode: '?' {name=idList536_, expectedType=org.hibernate.type.LongType@4bf3f9d}
             +-[NAMED_PARAM] ParameterNode: '?' {name=idList537_, expectedType=org.hibernate.type.LongType@4bf3f9d}
             +-[NAMED_PARAM] ParameterNode: '?' {name=idList538_, expectedType=org.hibernate.type.LongType@4bf3f9d}
             +-[NAMED_PARAM] ParameterNode: '?' {name=idList539_, expectedType=org.hibernate.type.LongType@4bf3f9d}
             +-[NAMED_PARAM] ParameterNode: '?' {name=idList540_, expectedType=org.hibernate.type.LongType@4bf3f9d}
             +-[NAMED_PARAM] ParameterNode: '?' {name=idList541_, expectedType=org.hibernate.type.LongType@4bf3f9d}
             +-[NAMED_PARAM] ParameterNode: '?' {name=idList542_, expectedType=org.hibernate.type.LongType@4bf3f9d}
             +-[NAMED_PARAM] ParameterNode: '?' {name=idList543_, expectedType=org.hibernate.type.LongType@4bf3f9d}
             +-[NAMED_PARAM] ParameterNode: '?' {name=idList544_, expectedType=org.hibernate.type.LongType@4bf3f9d}
             +-[NAMED_PARAM] ParameterNode: '?' {name=idList545_, expectedType=org.hibernate.type.LongType@4bf3f9d}
             +-[NAMED_PARAM] ParameterNode: '?' {name=idList546_, expectedType=org.hibernate.type.LongType@4bf3f9d}
             +-[NAMED_PARAM] ParameterNode: '?' {name=idList547_, expectedType=org.hibernate.type.LongType@4bf3f9d}
             +-[NAMED_PARAM] ParameterNode: '?' {name=idList548_, expectedType=org.hibernate.type.LongType@4bf3f9d}
             +-[NAMED_PARAM] ParameterNode: '?' {name=idList549_, expectedType=org.hibernate.type.LongType@4bf3f9d}
             +-[NAMED_PARAM] ParameterNode: '?' {name=idList550_, expectedType=org.hibernate.type.LongType@4bf3f9d}
             +-[NAMED_PARAM] ParameterNode: '?' {name=idList551_, expectedType=org.hibernate.type.LongType@4bf3f9d}
             +-[NAMED_PARAM] ParameterNode: '?' {name=idList552_, expectedType=org.hibernate.type.LongType@4bf3f9d}
             +-[NAMED_PARAM] ParameterNode: '?' {name=idList553_, expectedType=org.hibernate.type.LongType@4bf3f9d}
             +-[NAMED_PARAM] ParameterNode: '?' {name=idList554_, expectedType=org.hibernate.type.LongType@4bf3f9d}
             +-[NAMED_PARAM] ParameterNode: '?' {name=idList555_, expectedType=org.hibernate.type.LongType@4bf3f9d}
             +-[NAMED_PARAM] ParameterNode: '?' {name=idList556_, expectedType=org.hibernate.type.LongType@4bf3f9d}
             +-[NAMED_PARAM] ParameterNode: '?' {name=idList557_, expectedType=org.hibernate.type.LongType@4bf3f9d}
             +-[NAMED_PARAM] ParameterNode: '?' {name=idList558_, expectedType=org.hibernate.type.LongType@4bf3f9d}
             +-[NAMED_PARAM] ParameterNode: '?' {name=idList559_, expectedType=org.hibernate.type.LongType@4bf3f9d}
             +-[NAMED_PARAM] ParameterNode: '?' {name=idList560_, expectedType=org.hibernate.type.LongType@4bf3f9d}
             +-[NAMED_PARAM] ParameterNode: '?' {name=idList561_, expectedType=org.hibernate.type.LongType@4bf3f9d}
             +-[NAMED_PARAM] ParameterNode: '?' {name=idList562_, expectedType=org.hibernate.type.LongType@4bf3f9d}
             +-[NAMED_PARAM] ParameterNode: '?' {name=idList563_, expectedType=org.hibernate.type.LongType@4bf3f9d}
             +-[NAMED_PARAM] ParameterNode: '?' {name=idList564_, expectedType=org.hibernate.type.LongType@4bf3f9d}
             +-[NAMED_PARAM] ParameterNode: '?' {name=idList565_, expectedType=org.hibernate.type.LongType@4bf3f9d}
             +-[NAMED_PARAM] ParameterNode: '?' {name=idList566_, expectedType=org.hibernate.type.LongType@4bf3f9d}
             +-[NAMED_PARAM] ParameterNode: '?' {name=idList567_, expectedType=org.hibernate.type.LongType@4bf3f9d}
             +-[NAMED_PARAM] ParameterNode: '?' {name=idList568_, expectedType=org.hibernate.type.LongType@4bf3f9d}
             +-[NAMED_PARAM] ParameterNode: '?' {name=idList569_, expectedType=org.hibernate.type.LongType@4bf3f9d}
             +-[NAMED_PARAM] ParameterNode: '?' {name=idList570_, expectedType=org.hibernate.type.LongType@4bf3f9d}
             +-[NAMED_PARAM] ParameterNode: '?' {name=idList571_, expectedType=org.hibernate.type.LongType@4bf3f9d}
             +-[NAMED_PARAM] ParameterNode: '?' {name=idList572_, expectedType=org.hibernate.type.LongType@4bf3f9d}
             +-[NAMED_PARAM] ParameterNode: '?' {name=idList573_, expectedType=org.hibernate.type.LongType@4bf3f9d}
             +-[NAMED_PARAM] ParameterNode: '?' {name=idList574_, expectedType=org.hibernate.type.LongType@4bf3f9d}
             +-[NAMED_PARAM] ParameterNode: '?' {name=idList575_, expectedType=org.hibernate.type.LongType@4bf3f9d}
             +-[NAMED_PARAM] ParameterNode: '?' {name=idList576_, expectedType=org.hibernate.type.LongType@4bf3f9d}
             +-[NAMED_PARAM] ParameterNode: '?' {name=idList577_, expectedType=org.hibernate.type.LongType@4bf3f9d}
             +-[NAMED_PARAM] ParameterNode: '?' {name=idList578_, expectedType=org.hibernate.type.LongType@4bf3f9d}
             +-[NAMED_PARAM] ParameterNode: '?' {name=idList579_, expectedType=org.hibernate.type.LongType@4bf3f9d}
             +-[NAMED_PARAM] ParameterNode: '?' {name=idList580_, expectedType=org.hibernate.type.LongType@4bf3f9d}
             +-[NAMED_PARAM] ParameterNode: '?' {name=idList581_, expectedType=org.hibernate.type.LongType@4bf3f9d}
             +-[NAMED_PARAM] ParameterNode: '?' {name=idList582_, expectedType=org.hibernate.type.LongType@4bf3f9d}
             +-[NAMED_PARAM] ParameterNode: '?' {name=idList583_, expectedType=org.hibernate.type.LongType@4bf3f9d}
             +-[NAMED_PARAM] ParameterNode: '?' {name=idList584_, expectedType=org.hibernate.type.LongType@4bf3f9d}
             +-[NAMED_PARAM] ParameterNode: '?' {name=idList585_, expectedType=org.hibernate.type.LongType@4bf3f9d}
             +-[NAMED_PARAM] ParameterNode: '?' {name=idList586_, expectedType=org.hibernate.type.LongType@4bf3f9d}
             +-[NAMED_PARAM] ParameterNode: '?' {name=idList587_, expectedType=org.hibernate.type.LongType@4bf3f9d}
             +-[NAMED_PARAM] ParameterNode: '?' {name=idList588_, expectedType=org.hibernate.type.LongType@4bf3f9d}
             +-[NAMED_PARAM] ParameterNode: '?' {name=idList589_, expectedType=org.hibernate.type.LongType@4bf3f9d}
             +-[NAMED_PARAM] ParameterNode: '?' {name=idList590_, expectedType=org.hibernate.type.LongType@4bf3f9d}
             +-[NAMED_PARAM] ParameterNode: '?' {name=idList591_, expectedType=org.hibernate.type.LongType@4bf3f9d}
             +-[NAMED_PARAM] ParameterNode: '?' {name=idList592_, expectedType=org.hibernate.type.LongType@4bf3f9d}
             +-[NAMED_PARAM] ParameterNode: '?' {name=idList593_, expectedType=org.hibernate.type.LongType@4bf3f9d}
             +-[NAMED_PARAM] ParameterNode: '?' {name=idList594_, expectedType=org.hibernate.type.LongType@4bf3f9d}
             +-[NAMED_PARAM] ParameterNode: '?' {name=idList595_, expectedType=org.hibernate.type.LongType@4bf3f9d}
             +-[NAMED_PARAM] ParameterNode: '?' {name=idList596_, expectedType=org.hibernate.type.LongType@4bf3f9d}
             +-[NAMED_PARAM] ParameterNode: '?' {name=idList597_, expectedType=org.hibernate.type.LongType@4bf3f9d}
             +-[NAMED_PARAM] ParameterNode: '?' {name=idList598_, expectedType=org.hibernate.type.LongType@4bf3f9d}
             +-[NAMED_PARAM] ParameterNode: '?' {name=idList599_, expectedType=org.hibernate.type.LongType@4bf3f9d}
             +-[NAMED_PARAM] ParameterNode: '?' {name=idList600_, expectedType=org.hibernate.type.LongType@4bf3f9d}
             +-[NAMED_PARAM] ParameterNode: '?' {name=idList601_, expectedType=org.hibernate.type.LongType@4bf3f9d}
             +-[NAMED_PARAM] ParameterNode: '?' {name=idList602_, expectedType=org.hibernate.type.LongType@4bf3f9d}
             +-[NAMED_PARAM] ParameterNode: '?' {name=idList603_, expectedType=org.hibernate.type.LongType@4bf3f9d}
             +-[NAMED_PARAM] ParameterNode: '?' {name=idList604_, expectedType=org.hibernate.type.LongType@4bf3f9d}
             +-[NAMED_PARAM] ParameterNode: '?' {name=idList605_, expectedType=org.hibernate.type.LongType@4bf3f9d}
             +-[NAMED_PARAM] ParameterNode: '?' {name=idList606_, expectedType=org.hibernate.type.LongType@4bf3f9d}
             +-[NAMED_PARAM] ParameterNode: '?' {name=idList607_, expectedType=org.hibernate.type.LongType@4bf3f9d}
             +-[NAMED_PARAM] ParameterNode: '?' {name=idList608_, expectedType=org.hibernate.type.LongType@4bf3f9d}
             +-[NAMED_PARAM] ParameterNode: '?' {name=idList609_, expectedType=org.hibernate.type.LongType@4bf3f9d}
             +-[NAMED_PARAM] ParameterNode: '?' {name=idList610_, expectedType=org.hibernate.type.LongType@4bf3f9d}
             +-[NAMED_PARAM] ParameterNode: '?' {name=idList611_, expectedType=org.hibernate.type.LongType@4bf3f9d}
             +-[NAMED_PARAM] ParameterNode: '?' {name=idList612_, expectedType=org.hibernate.type.LongType@4bf3f9d}
             +-[NAMED_PARAM] ParameterNode: '?' {name=idList613_, expectedType=org.hibernate.type.LongType@4bf3f9d}
             +-[NAMED_PARAM] ParameterNode: '?' {name=idList614_, expectedType=org.hibernate.type.LongType@4bf3f9d}
             +-[NAMED_PARAM] ParameterNode: '?' {name=idList615_, expectedType=org.hibernate.type.LongType@4bf3f9d}
             +-[NAMED_PARAM] ParameterNode: '?' {name=idList616_, expectedType=org.hibernate.type.LongType@4bf3f9d}
             +-[NAMED_PARAM] ParameterNode: '?' {name=idList617_, expectedType=org.hibernate.type.LongType@4bf3f9d}
             +-[NAMED_PARAM] ParameterNode: '?' {name=idList618_, expectedType=org.hibernate.type.LongType@4bf3f9d}
             +-[NAMED_PARAM] ParameterNode: '?' {name=idList619_, expectedType=org.hibernate.type.LongType@4bf3f9d}
             +-[NAMED_PARAM] ParameterNode: '?' {name=idList620_, expectedType=org.hibernate.type.LongType@4bf3f9d}
             +-[NAMED_PARAM] ParameterNode: '?' {name=idList621_, expectedType=org.hibernate.type.LongType@4bf3f9d}
             +-[NAMED_PARAM] ParameterNode: '?' {name=idList622_, expectedType=org.hibernate.type.LongType@4bf3f9d}
             +-[NAMED_PARAM] ParameterNode: '?' {name=idList623_, expectedType=org.hibernate.type.LongType@4bf3f9d}
             +-[NAMED_PARAM] ParameterNode: '?' {name=idList624_, expectedType=org.hibernate.type.LongType@4bf3f9d}
             +-[NAMED_PARAM] ParameterNode: '?' {name=idList625_, expectedType=org.hibernate.type.LongType@4bf3f9d}
             +-[NAMED_PARAM] ParameterNode: '?' {name=idList626_, expectedType=org.hibernate.type.LongType@4bf3f9d}
             +-[NAMED_PARAM] ParameterNode: '?' {name=idList627_, expectedType=org.hibernate.type.LongType@4bf3f9d}
             +-[NAMED_PARAM] ParameterNode: '?' {name=idList628_, expectedType=org.hibernate.type.LongType@4bf3f9d}
             +-[NAMED_PARAM] ParameterNode: '?' {name=idList629_, expectedType=org.hibernate.type.LongType@4bf3f9d}
             +-[NAMED_PARAM] ParameterNode: '?' {name=idList630_, expectedType=org.hibernate.type.LongType@4bf3f9d}
             +-[NAMED_PARAM] ParameterNode: '?' {name=idList631_, expectedType=org.hibernate.type.LongType@4bf3f9d}
             +-[NAMED_PARAM] ParameterNode: '?' {name=idList632_, expectedType=org.hibernate.type.LongType@4bf3f9d}
             +-[NAMED_PARAM] ParameterNode: '?' {name=idList633_, expectedType=org.hibernate.type.LongType@4bf3f9d}
             +-[NAMED_PARAM] ParameterNode: '?' {name=idList634_, expectedType=org.hibernate.type.LongType@4bf3f9d}
             +-[NAMED_PARAM] ParameterNode: '?' {name=idList635_, expectedType=org.hibernate.type.LongType@4bf3f9d}
             +-[NAMED_PARAM] ParameterNode: '?' {name=idList636_, expectedType=org.hibernate.type.LongType@4bf3f9d}
             +-[NAMED_PARAM] ParameterNode: '?' {name=idList637_, expectedType=org.hibernate.type.LongType@4bf3f9d}
             +-[NAMED_PARAM] ParameterNode: '?' {name=idList638_, expectedType=org.hibernate.type.LongType@4bf3f9d}
             +-[NAMED_PARAM] ParameterNode: '?' {name=idList639_, expectedType=org.hibernate.type.LongType@4bf3f9d}
             +-[NAMED_PARAM] ParameterNode: '?' {name=idList640_, expectedType=org.hibernate.type.LongType@4bf3f9d}
             +-[NAMED_PARAM] ParameterNode: '?' {name=idList641_, expectedType=org.hibernate.type.LongType@4bf3f9d}
             +-[NAMED_PARAM] ParameterNode: '?' {name=idList642_, expectedType=org.hibernate.type.LongType@4bf3f9d}
             +-[NAMED_PARAM] ParameterNode: '?' {name=idList643_, expectedType=org.hibernate.type.LongType@4bf3f9d}
             +-[NAMED_PARAM] ParameterNode: '?' {name=idList644_, expectedType=org.hibernate.type.LongType@4bf3f9d}
             +-[NAMED_PARAM] ParameterNode: '?' {name=idList645_, expectedType=org.hibernate.type.LongType@4bf3f9d}
             +-[NAMED_PARAM] ParameterNode: '?' {name=idList646_, expectedType=org.hibernate.type.LongType@4bf3f9d}
             +-[NAMED_PARAM] ParameterNode: '?' {name=idList647_, expectedType=org.hibernate.type.LongType@4bf3f9d}
             +-[NAMED_PARAM] ParameterNode: '?' {name=idList648_, expectedType=org.hibernate.type.LongType@4bf3f9d}
             +-[NAMED_PARAM] ParameterNode: '?' {name=idList649_, expectedType=org.hibernate.type.LongType@4bf3f9d}
             +-[NAMED_PARAM] ParameterNode: '?' {name=idList650_, expectedType=org.hibernate.type.LongType@4bf3f9d}
             +-[NAMED_PARAM] ParameterNode: '?' {name=idList651_, expectedType=org.hibernate.type.LongType@4bf3f9d}
             +-[NAMED_PARAM] ParameterNode: '?' {name=idList652_, expectedType=org.hibernate.type.LongType@4bf3f9d}
             +-[NAMED_PARAM] ParameterNode: '?' {name=idList653_, expectedType=org.hibernate.type.LongType@4bf3f9d}
             +-[NAMED_PARAM] ParameterNode: '?' {name=idList654_, expectedType=org.hibernate.type.LongType@4bf3f9d}
             +-[NAMED_PARAM] ParameterNode: '?' {name=idList655_, expectedType=org.hibernate.type.LongType@4bf3f9d}
             +-[NAMED_PARAM] ParameterNode: '?' {name=idList656_, expectedType=org.hibernate.type.LongType@4bf3f9d}
             +-[NAMED_PARAM] ParameterNode: '?' {name=idList657_, expectedType=org.hibernate.type.LongType@4bf3f9d}
             +-[NAMED_PARAM] ParameterNode: '?' {name=idList658_, expectedType=org.hibernate.type.LongType@4bf3f9d}
             +-[NAMED_PARAM] ParameterNode: '?' {name=idList659_, expectedType=org.hibernate.type.LongType@4bf3f9d}
             +-[NAMED_PARAM] ParameterNode: '?' {name=idList660_, expectedType=org.hibernate.type.LongType@4bf3f9d}
             +-[NAMED_PARAM] ParameterNode: '?' {name=idList661_, expectedType=org.hibernate.type.LongType@4bf3f9d}
             +-[NAMED_PARAM] ParameterNode: '?' {name=idList662_, expectedType=org.hibernate.type.LongType@4bf3f9d}
             +-[NAMED_PARAM] ParameterNode: '?' {name=idList663_, expectedType=org.hibernate.type.LongType@4bf3f9d}
             +-[NAMED_PARAM] ParameterNode: '?' {name=idList664_, expectedType=org.hibernate.type.LongType@4bf3f9d}
             +-[NAMED_PARAM] ParameterNode: '?' {name=idList665_, expectedType=org.hibernate.type.LongType@4bf3f9d}
             +-[NAMED_PARAM] ParameterNode: '?' {name=idList666_, expectedType=org.hibernate.type.LongType@4bf3f9d}
             +-[NAMED_PARAM] ParameterNode: '?' {name=idList667_, expectedType=org.hibernate.type.LongType@4bf3f9d}
             +-[NAMED_PARAM] ParameterNode: '?' {name=idList668_, expectedType=org.hibernate.type.LongType@4bf3f9d}
             +-[NAMED_PARAM] ParameterNode: '?' {name=idList669_, expectedType=org.hibernate.type.LongType@4bf3f9d}
             +-[NAMED_PARAM] ParameterNode: '?' {name=idList670_, expectedType=org.hibernate.type.LongType@4bf3f9d}
             +-[NAMED_PARAM] ParameterNode: '?' {name=idList671_, expectedType=org.hibernate.type.LongType@4bf3f9d}
             +-[NAMED_PARAM] ParameterNode: '?' {name=idList672_, expectedType=org.hibernate.type.LongType@4bf3f9d}
             +-[NAMED_PARAM] ParameterNode: '?' {name=idList673_, expectedType=org.hibernate.type.LongType@4bf3f9d}
             +-[NAMED_PARAM] ParameterNode: '?' {name=idList674_, expectedType=org.hibernate.type.LongType@4bf3f9d}
             +-[NAMED_PARAM] ParameterNode: '?' {name=idList675_, expectedType=org.hibernate.type.LongType@4bf3f9d}
             +-[NAMED_PARAM] ParameterNode: '?' {name=idList676_, expectedType=org.hibernate.type.LongType@4bf3f9d}
             +-[NAMED_PARAM] ParameterNode: '?' {name=idList677_, expectedType=org.hibernate.type.LongType@4bf3f9d}
             +-[NAMED_PARAM] ParameterNode: '?' {name=idList678_, expectedType=org.hibernate.type.LongType@4bf3f9d}
             +-[NAMED_PARAM] ParameterNode: '?' {name=idList679_, expectedType=org.hibernate.type.LongType@4bf3f9d}
             +-[NAMED_PARAM] ParameterNode: '?' {name=idList680_, expectedType=org.hibernate.type.LongType@4bf3f9d}
             +-[NAMED_PARAM] ParameterNode: '?' {name=idList681_, expectedType=org.hibernate.type.LongType@4bf3f9d}
             +-[NAMED_PARAM] ParameterNode: '?' {name=idList682_, expectedType=org.hibernate.type.LongType@4bf3f9d}
             +-[NAMED_PARAM] ParameterNode: '?' {name=idList683_, expectedType=org.hibernate.type.LongType@4bf3f9d}
             +-[NAMED_PARAM] ParameterNode: '?' {name=idList684_, expectedType=org.hibernate.type.LongType@4bf3f9d}
             +-[NAMED_PARAM] ParameterNode: '?' {name=idList685_, expectedType=org.hibernate.type.LongType@4bf3f9d}
             +-[NAMED_PARAM] ParameterNode: '?' {name=idList686_, expectedType=org.hibernate.type.LongType@4bf3f9d}
             +-[NAMED_PARAM] ParameterNode: '?' {name=idList687_, expectedType=org.hibernate.type.LongType@4bf3f9d}
             +-[NAMED_PARAM] ParameterNode: '?' {name=idList688_, expectedType=org.hibernate.type.LongType@4bf3f9d}
             +-[NAMED_PARAM] ParameterNode: '?' {name=idList689_, expectedType=org.hibernate.type.LongType@4bf3f9d}
             +-[NAMED_PARAM] ParameterNode: '?' {name=idList690_, expectedType=org.hibernate.type.LongType@4bf3f9d}
             +-[NAMED_PARAM] ParameterNode: '?' {name=idList691_, expectedType=org.hibernate.type.LongType@4bf3f9d}
             +-[NAMED_PARAM] ParameterNode: '?' {name=idList692_, expectedType=org.hibernate.type.LongType@4bf3f9d}
             +-[NAMED_PARAM] ParameterNode: '?' {name=idList693_, expectedType=org.hibernate.type.LongType@4bf3f9d}
             +-[NAMED_PARAM] ParameterNode: '?' {name=idList694_, expectedType=org.hibernate.type.LongType@4bf3f9d}
             +-[NAMED_PARAM] ParameterNode: '?' {name=idList695_, expectedType=org.hibernate.type.LongType@4bf3f9d}
             +-[NAMED_PARAM] ParameterNode: '?' {name=idList696_, expectedType=org.hibernate.type.LongType@4bf3f9d}
             +-[NAMED_PARAM] ParameterNode: '?' {name=idList697_, expectedType=org.hibernate.type.LongType@4bf3f9d}
             +-[NAMED_PARAM] ParameterNode: '?' {name=idList698_, expectedType=org.hibernate.type.LongType@4bf3f9d}
             +-[NAMED_PARAM] ParameterNode: '?' {name=idList699_, expectedType=org.hibernate.type.LongType@4bf3f9d}
             +-[NAMED_PARAM] ParameterNode: '?' {name=idList700_, expectedType=org.hibernate.type.LongType@4bf3f9d}
             +-[NAMED_PARAM] ParameterNode: '?' {name=idList701_, expectedType=org.hibernate.type.LongType@4bf3f9d}
             +-[NAMED_PARAM] ParameterNode: '?' {name=idList702_, expectedType=org.hibernate.type.LongType@4bf3f9d}
             +-[NAMED_PARAM] ParameterNode: '?' {name=idList703_, expectedType=org.hibernate.type.LongType@4bf3f9d}
             +-[NAMED_PARAM] ParameterNode: '?' {name=idList704_, expectedType=org.hibernate.type.LongType@4bf3f9d}
             +-[NAMED_PARAM] ParameterNode: '?' {name=idList705_, expectedType=org.hibernate.type.LongType@4bf3f9d}
             +-[NAMED_PARAM] ParameterNode: '?' {name=idList706_, expectedType=org.hibernate.type.LongType@4bf3f9d}
             +-[NAMED_PARAM] ParameterNode: '?' {name=idList707_, expectedType=org.hibernate.type.LongType@4bf3f9d}
             +-[NAMED_PARAM] ParameterNode: '?' {name=idList708_, expectedType=org.hibernate.type.LongType@4bf3f9d}
             +-[NAMED_PARAM] ParameterNode: '?' {name=idList709_, expectedType=org.hibernate.type.LongType@4bf3f9d}
             +-[NAMED_PARAM] ParameterNode: '?' {name=idList710_, expectedType=org.hibernate.type.LongType@4bf3f9d}
             +-[NAMED_PARAM] ParameterNode: '?' {name=idList711_, expectedType=org.hibernate.type.LongType@4bf3f9d}
             +-[NAMED_PARAM] ParameterNode: '?' {name=idList712_, expectedType=org.hibernate.type.LongType@4bf3f9d}
             +-[NAMED_PARAM] ParameterNode: '?' {name=idList713_, expectedType=org.hibernate.type.LongType@4bf3f9d}
             +-[NAMED_PARAM] ParameterNode: '?' {name=idList714_, expectedType=org.hibernate.type.LongType@4bf3f9d}
             +-[NAMED_PARAM] ParameterNode: '?' {name=idList715_, expectedType=org.hibernate.type.LongType@4bf3f9d}
             +-[NAMED_PARAM] ParameterNode: '?' {name=idList716_, expectedType=org.hibernate.type.LongType@4bf3f9d}
             +-[NAMED_PARAM] ParameterNode: '?' {name=idList717_, expectedType=org.hibernate.type.LongType@4bf3f9d}
             +-[NAMED_PARAM] ParameterNode: '?' {name=idList718_, expectedType=org.hibernate.type.LongType@4bf3f9d}
             +-[NAMED_PARAM] ParameterNode: '?' {name=idList719_, expectedType=org.hibernate.type.LongType@4bf3f9d}
             +-[NAMED_PARAM] ParameterNode: '?' {name=idList720_, expectedType=org.hibernate.type.LongType@4bf3f9d}
             +-[NAMED_PARAM] ParameterNode: '?' {name=idList721_, expectedType=org.hibernate.type.LongType@4bf3f9d}
             +-[NAMED_PARAM] ParameterNode: '?' {name=idList722_, expectedType=org.hibernate.type.LongType@4bf3f9d}
             +-[NAMED_PARAM] ParameterNode: '?' {name=idList723_, expectedType=org.hibernate.type.LongType@4bf3f9d}
             +-[NAMED_PARAM] ParameterNode: '?' {name=idList724_, expectedType=org.hibernate.type.LongType@4bf3f9d}
             +-[NAMED_PARAM] ParameterNode: '?' {name=idList725_, expectedType=org.hibernate.type.LongType@4bf3f9d}
             +-[NAMED_PARAM] ParameterNode: '?' {name=idList726_, expectedType=org.hibernate.type.LongType@4bf3f9d}
             +-[NAMED_PARAM] ParameterNode: '?' {name=idList727_, expectedType=org.hibernate.type.LongType@4bf3f9d}
             +-[NAMED_PARAM] ParameterNode: '?' {name=idList728_, expectedType=org.hibernate.type.LongType@4bf3f9d}
             +-[NAMED_PARAM] ParameterNode: '?' {name=idList729_, expectedType=org.hibernate.type.LongType@4bf3f9d}
             +-[NAMED_PARAM] ParameterNode: '?' {name=idList730_, expectedType=org.hibernate.type.LongType@4bf3f9d}
             +-[NAMED_PARAM] ParameterNode: '?' {name=idList731_, expectedType=org.hibernate.type.LongType@4bf3f9d}
             +-[NAMED_PARAM] ParameterNode: '?' {name=idList732_, expectedType=org.hibernate.type.LongType@4bf3f9d}
             +-[NAMED_PARAM] ParameterNode: '?' {name=idList733_, expectedType=org.hibernate.type.LongType@4bf3f9d}
             +-[NAMED_PARAM] ParameterNode: '?' {name=idList734_, expectedType=org.hibernate.type.LongType@4bf3f9d}
             +-[NAMED_PARAM] ParameterNode: '?' {name=idList735_, expectedType=org.hibernate.type.LongType@4bf3f9d}
             +-[NAMED_PARAM] ParameterNode: '?' {name=idList736_, expectedType=org.hibernate.type.LongType@4bf3f9d}
             +-[NAMED_PARAM] ParameterNode: '?' {name=idList737_, expectedType=org.hibernate.type.LongType@4bf3f9d}
             +-[NAMED_PARAM] ParameterNode: '?' {name=idList738_, expectedType=org.hibernate.type.LongType@4bf3f9d}
             +-[NAMED_PARAM] ParameterNode: '?' {name=idList739_, expectedType=org.hibernate.type.LongType@4bf3f9d}
             +-[NAMED_PARAM] ParameterNode: '?' {name=idList740_, expectedType=org.hibernate.type.LongType@4bf3f9d}
             +-[NAMED_PARAM] ParameterNode: '?' {name=idList741_, expectedType=org.hibernate.type.LongType@4bf3f9d}
             +-[NAMED_PARAM] ParameterNode: '?' {name=idList742_, expectedType=org.hibernate.type.LongType@4bf3f9d}
             +-[NAMED_PARAM] ParameterNode: '?' {name=idList743_, expectedType=org.hibernate.type.LongType@4bf3f9d}
             +-[NAMED_PARAM] ParameterNode: '?' {name=idList744_, expectedType=org.hibernate.type.LongType@4bf3f9d}
             +-[NAMED_PARAM] ParameterNode: '?' {name=idList745_, expectedType=org.hibernate.type.LongType@4bf3f9d}
             +-[NAMED_PARAM] ParameterNode: '?' {name=idList746_, expectedType=org.hibernate.type.LongType@4bf3f9d}
             +-[NAMED_PARAM] ParameterNode: '?' {name=idList747_, expectedType=org.hibernate.type.LongType@4bf3f9d}
             +-[NAMED_PARAM] ParameterNode: '?' {name=idList748_, expectedType=org.hibernate.type.LongType@4bf3f9d}
             +-[NAMED_PARAM] ParameterNode: '?' {name=idList749_, expectedType=org.hibernate.type.LongType@4bf3f9d}
             +-[NAMED_PARAM] ParameterNode: '?' {name=idList750_, expectedType=org.hibernate.type.LongType@4bf3f9d}
             +-[NAMED_PARAM] ParameterNode: '?' {name=idList751_, expectedType=org.hibernate.type.LongType@4bf3f9d}
             +-[NAMED_PARAM] ParameterNode: '?' {name=idList752_, expectedType=org.hibernate.type.LongType@4bf3f9d}
             +-[NAMED_PARAM] ParameterNode: '?' {name=idList753_, expectedType=org.hibernate.type.LongType@4bf3f9d}
             +-[NAMED_PARAM] ParameterNode: '?' {name=idList754_, expectedType=org.hibernate.type.LongType@4bf3f9d}
             +-[NAMED_PARAM] ParameterNode: '?' {name=idList755_, expectedType=org.hibernate.type.LongType@4bf3f9d}
             +-[NAMED_PARAM] ParameterNode: '?' {name=idList756_, expectedType=org.hibernate.type.LongType@4bf3f9d}
             +-[NAMED_PARAM] ParameterNode: '?' {name=idList757_, expectedType=org.hibernate.type.LongType@4bf3f9d}
             +-[NAMED_PARAM] ParameterNode: '?' {name=idList758_, expectedType=org.hibernate.type.LongType@4bf3f9d}
             +-[NAMED_PARAM] ParameterNode: '?' {name=idList759_, expectedType=org.hibernate.type.LongType@4bf3f9d}
             +-[NAMED_PARAM] ParameterNode: '?' {name=idList760_, expectedType=org.hibernate.type.LongType@4bf3f9d}
             +-[NAMED_PARAM] ParameterNode: '?' {name=idList761_, expectedType=org.hibernate.type.LongType@4bf3f9d}
             +-[NAMED_PARAM] ParameterNode: '?' {name=idList762_, expectedType=org.hibernate.type.LongType@4bf3f9d}
             +-[NAMED_PARAM] ParameterNode: '?' {name=idList763_, expectedType=org.hibernate.type.LongType@4bf3f9d}
             +-[NAMED_PARAM] ParameterNode: '?' {name=idList764_, expectedType=org.hibernate.type.LongType@4bf3f9d}
             +-[NAMED_PARAM] ParameterNode: '?' {name=idList765_, expectedType=org.hibernate.type.LongType@4bf3f9d}
             +-[NAMED_PARAM] ParameterNode: '?' {name=idList766_, expectedType=org.hibernate.type.LongType@4bf3f9d}
             +-[NAMED_PARAM] ParameterNode: '?' {name=idList767_, expectedType=org.hibernate.type.LongType@4bf3f9d}
             +-[NAMED_PARAM] ParameterNode: '?' {name=idList768_, expectedType=org.hibernate.type.LongType@4bf3f9d}
             +-[NAMED_PARAM] ParameterNode: '?' {name=idList769_, expectedType=org.hibernate.type.LongType@4bf3f9d}
             +-[NAMED_PARAM] ParameterNode: '?' {name=idList770_, expectedType=org.hibernate.type.LongType@4bf3f9d}
             +-[NAMED_PARAM] ParameterNode: '?' {name=idList771_, expectedType=org.hibernate.type.LongType@4bf3f9d}
             +-[NAMED_PARAM] ParameterNode: '?' {name=idList772_, expectedType=org.hibernate.type.LongType@4bf3f9d}
             +-[NAMED_PARAM] ParameterNode: '?' {name=idList773_, expectedType=org.hibernate.type.LongType@4bf3f9d}
             +-[NAMED_PARAM] ParameterNode: '?' {name=idList774_, expectedType=org.hibernate.type.LongType@4bf3f9d}
             +-[NAMED_PARAM] ParameterNode: '?' {name=idList775_, expectedType=org.hibernate.type.LongType@4bf3f9d}
             +-[NAMED_PARAM] ParameterNode: '?' {name=idList776_, expectedType=org.hibernate.type.LongType@4bf3f9d}
             +-[NAMED_PARAM] ParameterNode: '?' {name=idList777_, expectedType=org.hibernate.type.LongType@4bf3f9d}
             +-[NAMED_PARAM] ParameterNode: '?' {name=idList778_, expectedType=org.hibernate.type.LongType@4bf3f9d}
             +-[NAMED_PARAM] ParameterNode: '?' {name=idList779_, expectedType=org.hibernate.type.LongType@4bf3f9d}
             +-[NAMED_PARAM] ParameterNode: '?' {name=idList780_, expectedType=org.hibernate.type.LongType@4bf3f9d}
             +-[NAMED_PARAM] ParameterNode: '?' {name=idList781_, expectedType=org.hibernate.type.LongType@4bf3f9d}
             +-[NAMED_PARAM] ParameterNode: '?' {name=idList782_, expectedType=org.hibernate.type.LongType@4bf3f9d}
             +-[NAMED_PARAM] ParameterNode: '?' {name=idList783_, expectedType=org.hibernate.type.LongType@4bf3f9d}
             +-[NAMED_PARAM] ParameterNode: '?' {name=idList784_, expectedType=org.hibernate.type.LongType@4bf3f9d}
             +-[NAMED_PARAM] ParameterNode: '?' {name=idList785_, expectedType=org.hibernate.type.LongType@4bf3f9d}
             +-[NAMED_PARAM] ParameterNode: '?' {name=idList786_, expectedType=org.hibernate.type.LongType@4bf3f9d}
             +-[NAMED_PARAM] ParameterNode: '?' {name=idList787_, expectedType=org.hibernate.type.LongType@4bf3f9d}
             +-[NAMED_PARAM] ParameterNode: '?' {name=idList788_, expectedType=org.hibernate.type.LongType@4bf3f9d}
             +-[NAMED_PARAM] ParameterNode: '?' {name=idList789_, expectedType=org.hibernate.type.LongType@4bf3f9d}
             +-[NAMED_PARAM] ParameterNode: '?' {name=idList790_, expectedType=org.hibernate.type.LongType@4bf3f9d}
             +-[NAMED_PARAM] ParameterNode: '?' {name=idList791_, expectedType=org.hibernate.type.LongType@4bf3f9d}
             +-[NAMED_PARAM] ParameterNode: '?' {name=idList792_, expectedType=org.hibernate.type.LongType@4bf3f9d}
             +-[NAMED_PARAM] ParameterNode: '?' {name=idList793_, expectedType=org.hibernate.type.LongType@4bf3f9d}
             +-[NAMED_PARAM] ParameterNode: '?' {name=idList794_, expectedType=org.hibernate.type.LongType@4bf3f9d}
             +-[NAMED_PARAM] ParameterNode: '?' {name=idList795_, expectedType=org.hibernate.type.LongType@4bf3f9d}
             +-[NAMED_PARAM] ParameterNode: '?' {name=idList796_, expectedType=org.hibernate.type.LongType@4bf3f9d}
             +-[NAMED_PARAM] ParameterNode: '?' {name=idList797_, expectedType=org.hibernate.type.LongType@4bf3f9d}
             +-[NAMED_PARAM] ParameterNode: '?' {name=idList798_, expectedType=org.hibernate.type.LongType@4bf3f9d}
             +-[NAMED_PARAM] ParameterNode: '?' {name=idList799_, expectedType=org.hibernate.type.LongType@4bf3f9d}
             +-[NAMED_PARAM] ParameterNode: '?' {name=idList800_, expectedType=org.hibernate.type.LongType@4bf3f9d}
             +-[NAMED_PARAM] ParameterNode: '?' {name=idList801_, expectedType=org.hibernate.type.LongType@4bf3f9d}
             +-[NAMED_PARAM] ParameterNode: '?' {name=idList802_, expectedType=org.hibernate.type.LongType@4bf3f9d}
             +-[NAMED_PARAM] ParameterNode: '?' {name=idList803_, expectedType=org.hibernate.type.LongType@4bf3f9d}
             +-[NAMED_PARAM] ParameterNode: '?' {name=idList804_, expectedType=org.hibernate.type.LongType@4bf3f9d}
             +-[NAMED_PARAM] ParameterNode: '?' {name=idList805_, expectedType=org.hibernate.type.LongType@4bf3f9d}
             +-[NAMED_PARAM] ParameterNode: '?' {name=idList806_, expectedType=org.hibernate.type.LongType@4bf3f9d}
             +-[NAMED_PARAM] ParameterNode: '?' {name=idList807_, expectedType=org.hibernate.type.LongType@4bf3f9d}
             +-[NAMED_PARAM] ParameterNode: '?' {name=idList808_, expectedType=org.hibernate.type.LongType@4bf3f9d}
             +-[NAMED_PARAM] ParameterNode: '?' {name=idList809_, expectedType=org.hibernate.type.LongType@4bf3f9d}
             +-[NAMED_PARAM] ParameterNode: '?' {name=idList810_, expectedType=org.hibernate.type.LongType@4bf3f9d}
             +-[NAMED_PARAM] ParameterNode: '?' {name=idList811_, expectedType=org.hibernate.type.LongType@4bf3f9d}
             +-[NAMED_PARAM] ParameterNode: '?' {name=idList812_, expectedType=org.hibernate.type.LongType@4bf3f9d}
             +-[NAMED_PARAM] ParameterNode: '?' {name=idList813_, expectedType=org.hibernate.type.LongType@4bf3f9d}
             +-[NAMED_PARAM] ParameterNode: '?' {name=idList814_, expectedType=org.hibernate.type.LongType@4bf3f9d}
             +-[NAMED_PARAM] ParameterNode: '?' {name=idList815_, expectedType=org.hibernate.type.LongType@4bf3f9d}
             +-[NAMED_PARAM] ParameterNode: '?' {name=idList816_, expectedType=org.hibernate.type.LongType@4bf3f9d}
             +-[NAMED_PARAM] ParameterNode: '?' {name=idList817_, expectedType=org.hibernate.type.LongType@4bf3f9d}
             +-[NAMED_PARAM] ParameterNode: '?' {name=idList818_, expectedType=org.hibernate.type.LongType@4bf3f9d}
             +-[NAMED_PARAM] ParameterNode: '?' {name=idList819_, expectedType=org.hibernate.type.LongType@4bf3f9d}
             +-[NAMED_PARAM] ParameterNode: '?' {name=idList820_, expectedType=org.hibernate.type.LongType@4bf3f9d}
             +-[NAMED_PARAM] ParameterNode: '?' {name=idList821_, expectedType=org.hibernate.type.LongType@4bf3f9d}
             +-[NAMED_PARAM] ParameterNode: '?' {name=idList822_, expectedType=org.hibernate.type.LongType@4bf3f9d}
             +-[NAMED_PARAM] ParameterNode: '?' {name=idList823_, expectedType=org.hibernate.type.LongType@4bf3f9d}
             +-[NAMED_PARAM] ParameterNode: '?' {name=idList824_, expectedType=org.hibernate.type.LongType@4bf3f9d}
             +-[NAMED_PARAM] ParameterNode: '?' {name=idList825_, expectedType=org.hibernate.type.LongType@4bf3f9d}
             +-[NAMED_PARAM] ParameterNode: '?' {name=idList826_, expectedType=org.hibernate.type.LongType@4bf3f9d}
             +-[NAMED_PARAM] ParameterNode: '?' {name=idList827_, expectedType=org.hibernate.type.LongType@4bf3f9d}
             +-[NAMED_PARAM] ParameterNode: '?' {name=idList828_, expectedType=org.hibernate.type.LongType@4bf3f9d}
             +-[NAMED_PARAM] ParameterNode: '?' {name=idList829_, expectedType=org.hibernate.type.LongType@4bf3f9d}
             +-[NAMED_PARAM] ParameterNode: '?' {name=idList830_, expectedType=org.hibernate.type.LongType@4bf3f9d}
             +-[NAMED_PARAM] ParameterNode: '?' {name=idList831_, expectedType=org.hibernate.type.LongType@4bf3f9d}
             +-[NAMED_PARAM] ParameterNode: '?' {name=idList832_, expectedType=org.hibernate.type.LongType@4bf3f9d}
             +-[NAMED_PARAM] ParameterNode: '?' {name=idList833_, expectedType=org.hibernate.type.LongType@4bf3f9d}
             +-[NAMED_PARAM] ParameterNode: '?' {name=idList834_, expectedType=org.hibernate.type.LongType@4bf3f9d}
             +-[NAMED_PARAM] ParameterNode: '?' {name=idList835_, expectedType=org.hibernate.type.LongType@4bf3f9d}
             +-[NAMED_PARAM] ParameterNode: '?' {name=idList836_, expectedType=org.hibernate.type.LongType@4bf3f9d}
             +-[NAMED_PARAM] ParameterNode: '?' {name=idList837_, expectedType=org.hibernate.type.LongType@4bf3f9d}
             +-[NAMED_PARAM] ParameterNode: '?' {name=idList838_, expectedType=org.hibernate.type.LongType@4bf3f9d}
             +-[NAMED_PARAM] ParameterNode: '?' {name=idList839_, expectedType=org.hibernate.type.LongType@4bf3f9d}
             +-[NAMED_PARAM] ParameterNode: '?' {name=idList840_, expectedType=org.hibernate.type.LongType@4bf3f9d}
             +-[NAMED_PARAM] ParameterNode: '?' {name=idList841_, expectedType=org.hibernate.type.LongType@4bf3f9d}
             +-[NAMED_PARAM] ParameterNode: '?' {name=idList842_, expectedType=org.hibernate.type.LongType@4bf3f9d}
             +-[NAMED_PARAM] ParameterNode: '?' {name=idList843_, expectedType=org.hibernate.type.LongType@4bf3f9d}
             +-[NAMED_PARAM] ParameterNode: '?' {name=idList844_, expectedType=org.hibernate.type.LongType@4bf3f9d}
             +-[NAMED_PARAM] ParameterNode: '?' {name=idList845_, expectedType=org.hibernate.type.LongType@4bf3f9d}
             +-[NAMED_PARAM] ParameterNode: '?' {name=idList846_, expectedType=org.hibernate.type.LongType@4bf3f9d}
             +-[NAMED_PARAM] ParameterNode: '?' {name=idList847_, expectedType=org.hibernate.type.LongType@4bf3f9d}
             +-[NAMED_PARAM] ParameterNode: '?' {name=idList848_, expectedType=org.hibernate.type.LongType@4bf3f9d}
             +-[NAMED_PARAM] ParameterNode: '?' {name=idList849_, expectedType=org.hibernate.type.LongType@4bf3f9d}
             +-[NAMED_PARAM] ParameterNode: '?' {name=idList850_, expectedType=org.hibernate.type.LongType@4bf3f9d}
             +-[NAMED_PARAM] ParameterNode: '?' {name=idList851_, expectedType=org.hibernate.type.LongType@4bf3f9d}
             +-[NAMED_PARAM] ParameterNode: '?' {name=idList852_, expectedType=org.hibernate.type.LongType@4bf3f9d}
             +-[NAMED_PARAM] ParameterNode: '?' {name=idList853_, expectedType=org.hibernate.type.LongType@4bf3f9d}
             +-[NAMED_PARAM] ParameterNode: '?' {name=idList854_, expectedType=org.hibernate.type.LongType@4bf3f9d}
             +-[NAMED_PARAM] ParameterNode: '?' {name=idList855_, expectedType=org.hibernate.type.LongType@4bf3f9d}
             +-[NAMED_PARAM] ParameterNode: '?' {name=idList856_, expectedType=org.hibernate.type.LongType@4bf3f9d}
             +-[NAMED_PARAM] ParameterNode: '?' {name=idList857_, expectedType=org.hibernate.type.LongType@4bf3f9d}
             +-[NAMED_PARAM] ParameterNode: '?' {name=idList858_, expectedType=org.hibernate.type.LongType@4bf3f9d}
             +-[NAMED_PARAM] ParameterNode: '?' {name=idList859_, expectedType=org.hibernate.type.LongType@4bf3f9d}
             +-[NAMED_PARAM] ParameterNode: '?' {name=idList860_, expectedType=org.hibernate.type.LongType@4bf3f9d}
             +-[NAMED_PARAM] ParameterNode: '?' {name=idList861_, expectedType=org.hibernate.type.LongType@4bf3f9d}
             +-[NAMED_PARAM] ParameterNode: '?' {name=idList862_, expectedType=org.hibernate.type.LongType@4bf3f9d}
             +-[NAMED_PARAM] ParameterNode: '?' {name=idList863_, expectedType=org.hibernate.type.LongType@4bf3f9d}
             +-[NAMED_PARAM] ParameterNode: '?' {name=idList864_, expectedType=org.hibernate.type.LongType@4bf3f9d}
             +-[NAMED_PARAM] ParameterNode: '?' {name=idList865_, expectedType=org.hibernate.type.LongType@4bf3f9d}
             +-[NAMED_PARAM] ParameterNode: '?' {name=idList866_, expectedType=org.hibernate.type.LongType@4bf3f9d}
             +-[NAMED_PARAM] ParameterNode: '?' {name=idList867_, expectedType=org.hibernate.type.LongType@4bf3f9d}
             +-[NAMED_PARAM] ParameterNode: '?' {name=idList868_, expectedType=org.hibernate.type.LongType@4bf3f9d}
             +-[NAMED_PARAM] ParameterNode: '?' {name=idList869_, expectedType=org.hibernate.type.LongType@4bf3f9d}
             +-[NAMED_PARAM] ParameterNode: '?' {name=idList870_, expectedType=org.hibernate.type.LongType@4bf3f9d}
             +-[NAMED_PARAM] ParameterNode: '?' {name=idList871_, expectedType=org.hibernate.type.LongType@4bf3f9d}
             +-[NAMED_PARAM] ParameterNode: '?' {name=idList872_, expectedType=org.hibernate.type.LongType@4bf3f9d}
             +-[NAMED_PARAM] ParameterNode: '?' {name=idList873_, expectedType=org.hibernate.type.LongType@4bf3f9d}
             +-[NAMED_PARAM] ParameterNode: '?' {name=idList874_, expectedType=org.hibernate.type.LongType@4bf3f9d}
             +-[NAMED_PARAM] ParameterNode: '?' {name=idList875_, expectedType=org.hibernate.type.LongType@4bf3f9d}
             +-[NAMED_PARAM] ParameterNode: '?' {name=idList876_, expectedType=org.hibernate.type.LongType@4bf3f9d}
             +-[NAMED_PARAM] ParameterNode: '?' {name=idList877_, expectedType=org.hibernate.type.LongType@4bf3f9d}
             +-[NAMED_PARAM] ParameterNode: '?' {name=idList878_, expectedType=org.hibernate.type.LongType@4bf3f9d}
             +-[NAMED_PARAM] ParameterNode: '?' {name=idList879_, expectedType=org.hibernate.type.LongType@4bf3f9d}
             +-[NAMED_PARAM] ParameterNode: '?' {name=idList880_, expectedType=org.hibernate.type.LongType@4bf3f9d}
             +-[NAMED_PARAM] ParameterNode: '?' {name=idList881_, expectedType=org.hibernate.type.LongType@4bf3f9d}
             +-[NAMED_PARAM] ParameterNode: '?' {name=idList882_, expectedType=org.hibernate.type.LongType@4bf3f9d}
             +-[NAMED_PARAM] ParameterNode: '?' {name=idList883_, expectedType=org.hibernate.type.LongType@4bf3f9d}
             +-[NAMED_PARAM] ParameterNode: '?' {name=idList884_, expectedType=org.hibernate.type.LongType@4bf3f9d}
             +-[NAMED_PARAM] ParameterNode: '?' {name=idList885_, expectedType=org.hibernate.type.LongType@4bf3f9d}
             +-[NAMED_PARAM] ParameterNode: '?' {name=idList886_, expectedType=org.hibernate.type.LongType@4bf3f9d}
             +-[NAMED_PARAM] ParameterNode: '?' {name=idList887_, expectedType=org.hibernate.type.LongType@4bf3f9d}
             +-[NAMED_PARAM] ParameterNode: '?' {name=idList888_, expectedType=org.hibernate.type.LongType@4bf3f9d}
             +-[NAMED_PARAM] ParameterNode: '?' {name=idList889_, expectedType=org.hibernate.type.LongType@4bf3f9d}
             +-[NAMED_PARAM] ParameterNode: '?' {name=idList890_, expectedType=org.hibernate.type.LongType@4bf3f9d}
             +-[NAMED_PARAM] ParameterNode: '?' {name=idList891_, expectedType=org.hibernate.type.LongType@4bf3f9d}
             +-[NAMED_PARAM] ParameterNode: '?' {name=idList892_, expectedType=org.hibernate.type.LongType@4bf3f9d}
             +-[NAMED_PARAM] ParameterNode: '?' {name=idList893_, expectedType=org.hibernate.type.LongType@4bf3f9d}
             +-[NAMED_PARAM] ParameterNode: '?' {name=idList894_, expectedType=org.hibernate.type.LongType@4bf3f9d}
             +-[NAMED_PARAM] ParameterNode: '?' {name=idList895_, expectedType=org.hibernate.type.LongType@4bf3f9d}
             +-[NAMED_PARAM] ParameterNode: '?' {name=idList896_, expectedType=org.hibernate.type.LongType@4bf3f9d}
             +-[NAMED_PARAM] ParameterNode: '?' {name=idList897_, expectedType=org.hibernate.type.LongType@4bf3f9d}
             +-[NAMED_PARAM] ParameterNode: '?' {name=idList898_, expectedType=org.hibernate.type.LongType@4bf3f9d}
             +-[NAMED_PARAM] ParameterNode: '?' {name=idList899_, expectedType=org.hibernate.type.LongType@4bf3f9d}
             +-[NAMED_PARAM] ParameterNode: '?' {name=idList900_, expectedType=org.hibernate.type.LongType@4bf3f9d}
             +-[NAMED_PARAM] ParameterNode: '?' {name=idList901_, expectedType=org.hibernate.type.LongType@4bf3f9d}
             +-[NAMED_PARAM] ParameterNode: '?' {name=idList902_, expectedType=org.hibernate.type.LongType@4bf3f9d}
             +-[NAMED_PARAM] ParameterNode: '?' {name=idList903_, expectedType=org.hibernate.type.LongType@4bf3f9d}
             +-[NAMED_PARAM] ParameterNode: '?' {name=idList904_, expectedType=org.hibernate.type.LongType@4bf3f9d}
             +-[NAMED_PARAM] ParameterNode: '?' {name=idList905_, expectedType=org.hibernate.type.LongType@4bf3f9d}
             +-[NAMED_PARAM] ParameterNode: '?' {name=idList906_, expectedType=org.hibernate.type.LongType@4bf3f9d}
             +-[NAMED_PARAM] ParameterNode: '?' {name=idList907_, expectedType=org.hibernate.type.LongType@4bf3f9d}
             +-[NAMED_PARAM] ParameterNode: '?' {name=idList908_, expectedType=org.hibernate.type.LongType@4bf3f9d}
             +-[NAMED_PARAM] ParameterNode: '?' {name=idList909_, expectedType=org.hibernate.type.LongType@4bf3f9d}
             +-[NAMED_PARAM] ParameterNode: '?' {name=idList910_, expectedType=org.hibernate.type.LongType@4bf3f9d}
             +-[NAMED_PARAM] ParameterNode: '?' {name=idList911_, expectedType=org.hibernate.type.LongType@4bf3f9d}
             +-[NAMED_PARAM] ParameterNode: '?' {name=idList912_, expectedType=org.hibernate.type.LongType@4bf3f9d}
             +-[NAMED_PARAM] ParameterNode: '?' {name=idList913_, expectedType=org.hibernate.type.LongType@4bf3f9d}
             +-[NAMED_PARAM] ParameterNode: '?' {name=idList914_, expectedType=org.hibernate.type.LongType@4bf3f9d}
             +-[NAMED_PARAM] ParameterNode: '?' {name=idList915_, expectedType=org.hibernate.type.LongType@4bf3f9d}
             +-[NAMED_PARAM] ParameterNode: '?' {name=idList916_, expectedType=org.hibernate.type.LongType@4bf3f9d}
             +-[NAMED_PARAM] ParameterNode: '?' {name=idList917_, expectedType=org.hibernate.type.LongType@4bf3f9d}
             +-[NAMED_PARAM] ParameterNode: '?' {name=idList918_, expectedType=org.hibernate.type.LongType@4bf3f9d}
             +-[NAMED_PARAM] ParameterNode: '?' {name=idList919_, expectedType=org.hibernate.type.LongType@4bf3f9d}
             +-[NAMED_PARAM] ParameterNode: '?' {name=idList920_, expectedType=org.hibernate.type.LongType@4bf3f9d}
             +-[NAMED_PARAM] ParameterNode: '?' {name=idList921_, expectedType=org.hibernate.type.LongType@4bf3f9d}
             +-[NAMED_PARAM] ParameterNode: '?' {name=idList922_, expectedType=org.hibernate.type.LongType@4bf3f9d}
             +-[NAMED_PARAM] ParameterNode: '?' {name=idList923_, expectedType=org.hibernate.type.LongType@4bf3f9d}
             +-[NAMED_PARAM] ParameterNode: '?' {name=idList924_, expectedType=org.hibernate.type.LongType@4bf3f9d}
             +-[NAMED_PARAM] ParameterNode: '?' {name=idList925_, expectedType=org.hibernate.type.LongType@4bf3f9d}
             +-[NAMED_PARAM] ParameterNode: '?' {name=idList926_, expectedType=org.hibernate.type.LongType@4bf3f9d}
             +-[NAMED_PARAM] ParameterNode: '?' {name=idList927_, expectedType=org.hibernate.type.LongType@4bf3f9d}
             +-[NAMED_PARAM] ParameterNode: '?' {name=idList928_, expectedType=org.hibernate.type.LongType@4bf3f9d}
             +-[NAMED_PARAM] ParameterNode: '?' {name=idList929_, expectedType=org.hibernate.type.LongType@4bf3f9d}
             +-[NAMED_PARAM] ParameterNode: '?' {name=idList930_, expectedType=org.hibernate.type.LongType@4bf3f9d}
             +-[NAMED_PARAM] ParameterNode: '?' {name=idList931_, expectedType=org.hibernate.type.LongType@4bf3f9d}
             +-[NAMED_PARAM] ParameterNode: '?' {name=idList932_, expectedType=org.hibernate.type.LongType@4bf3f9d}
             +-[NAMED_PARAM] ParameterNode: '?' {name=idList933_, expectedType=org.hibernate.type.LongType@4bf3f9d}
             +-[NAMED_PARAM] ParameterNode: '?' {name=idList934_, expectedType=org.hibernate.type.LongType@4bf3f9d}
             +-[NAMED_PARAM] ParameterNode: '?' {name=idList935_, expectedType=org.hibernate.type.LongType@4bf3f9d}
             +-[NAMED_PARAM] ParameterNode: '?' {name=idList936_, expectedType=org.hibernate.type.LongType@4bf3f9d}
             +-[NAMED_PARAM] ParameterNode: '?' {name=idList937_, expectedType=org.hibernate.type.LongType@4bf3f9d}
             +-[NAMED_PARAM] ParameterNode: '?' {name=idList938_, expectedType=org.hibernate.type.LongType@4bf3f9d}
             +-[NAMED_PARAM] ParameterNode: '?' {name=idList939_, expectedType=org.hibernate.type.LongType@4bf3f9d}
             +-[NAMED_PARAM] ParameterNode: '?' {name=idList940_, expectedType=org.hibernate.type.LongType@4bf3f9d}
             +-[NAMED_PARAM] ParameterNode: '?' {name=idList941_, expectedType=org.hibernate.type.LongType@4bf3f9d}
             +-[NAMED_PARAM] ParameterNode: '?' {name=idList942_, expectedType=org.hibernate.type.LongType@4bf3f9d}
             +-[NAMED_PARAM] ParameterNode: '?' {name=idList943_, expectedType=org.hibernate.type.LongType@4bf3f9d}
             +-[NAMED_PARAM] ParameterNode: '?' {name=idList944_, expectedType=org.hibernate.type.LongType@4bf3f9d}
             +-[NAMED_PARAM] ParameterNode: '?' {name=idList945_, expectedType=org.hibernate.type.LongType@4bf3f9d}
             +-[NAMED_PARAM] ParameterNode: '?' {name=idList946_, expectedType=org.hibernate.type.LongType@4bf3f9d}
             +-[NAMED_PARAM] ParameterNode: '?' {name=idList947_, expectedType=org.hibernate.type.LongType@4bf3f9d}
             +-[NAMED_PARAM] ParameterNode: '?' {name=idList948_, expectedType=org.hibernate.type.LongType@4bf3f9d}
             +-[NAMED_PARAM] ParameterNode: '?' {name=idList949_, expectedType=org.hibernate.type.LongType@4bf3f9d}
             +-[NAMED_PARAM] ParameterNode: '?' {name=idList950_, expectedType=org.hibernate.type.LongType@4bf3f9d}
             +-[NAMED_PARAM] ParameterNode: '?' {name=idList951_, expectedType=org.hibernate.type.LongType@4bf3f9d}
             +-[NAMED_PARAM] ParameterNode: '?' {name=idList952_, expectedType=org.hibernate.type.LongType@4bf3f9d}
             +-[NAMED_PARAM] ParameterNode: '?' {name=idList953_, expectedType=org.hibernate.type.LongType@4bf3f9d}
             +-[NAMED_PARAM] ParameterNode: '?' {name=idList954_, expectedType=org.hibernate.type.LongType@4bf3f9d}
             +-[NAMED_PARAM] ParameterNode: '?' {name=idList955_, expectedType=org.hibernate.type.LongType@4bf3f9d}
             +-[NAMED_PARAM] ParameterNode: '?' {name=idList956_, expectedType=org.hibernate.type.LongType@4bf3f9d}
             +-[NAMED_PARAM] ParameterNode: '?' {name=idList957_, expectedType=org.hibernate.type.LongType@4bf3f9d}
             +-[NAMED_PARAM] ParameterNode: '?' {name=idList958_, expectedType=org.hibernate.type.LongType@4bf3f9d}
             +-[NAMED_PARAM] ParameterNode: '?' {name=idList959_, expectedType=org.hibernate.type.LongType@4bf3f9d}
             +-[NAMED_PARAM] ParameterNode: '?' {name=idList960_, expectedType=org.hibernate.type.LongType@4bf3f9d}
             +-[NAMED_PARAM] ParameterNode: '?' {name=idList961_, expectedType=org.hibernate.type.LongType@4bf3f9d}
             +-[NAMED_PARAM] ParameterNode: '?' {name=idList962_, expectedType=org.hibernate.type.LongType@4bf3f9d}
             +-[NAMED_PARAM] ParameterNode: '?' {name=idList963_, expectedType=org.hibernate.type.LongType@4bf3f9d}
             +-[NAMED_PARAM] ParameterNode: '?' {name=idList964_, expectedType=org.hibernate.type.LongType@4bf3f9d}
             +-[NAMED_PARAM] ParameterNode: '?' {name=idList965_, expectedType=org.hibernate.type.LongType@4bf3f9d}
             +-[NAMED_PARAM] ParameterNode: '?' {name=idList966_, expectedType=org.hibernate.type.LongType@4bf3f9d}
             +-[NAMED_PARAM] ParameterNode: '?' {name=idList967_, expectedType=org.hibernate.type.LongType@4bf3f9d}
             +-[NAMED_PARAM] ParameterNode: '?' {name=idList968_, expectedType=org.hibernate.type.LongType@4bf3f9d}
             +-[NAMED_PARAM] ParameterNode: '?' {name=idList969_, expectedType=org.hibernate.type.LongType@4bf3f9d}
             +-[NAMED_PARAM] ParameterNode: '?' {name=idList970_, expectedType=org.hibernate.type.LongType@4bf3f9d}
             +-[NAMED_PARAM] ParameterNode: '?' {name=idList971_, expectedType=org.hibernate.type.LongType@4bf3f9d}
             +-[NAMED_PARAM] ParameterNode: '?' {name=idList972_, expectedType=org.hibernate.type.LongType@4bf3f9d}
             +-[NAMED_PARAM] ParameterNode: '?' {name=idList973_, expectedType=org.hibernate.type.LongType@4bf3f9d}
             +-[NAMED_PARAM] ParameterNode: '?' {name=idList974_, expectedType=org.hibernate.type.LongType@4bf3f9d}
             +-[NAMED_PARAM] ParameterNode: '?' {name=idList975_, expectedType=org.hibernate.type.LongType@4bf3f9d}
             +-[NAMED_PARAM] ParameterNode: '?' {name=idList976_, expectedType=org.hibernate.type.LongType@4bf3f9d}
             +-[NAMED_PARAM] ParameterNode: '?' {name=idList977_, expectedType=org.hibernate.type.LongType@4bf3f9d}
             +-[NAMED_PARAM] ParameterNode: '?' {name=idList978_, expectedType=org.hibernate.type.LongType@4bf3f9d}
             +-[NAMED_PARAM] ParameterNode: '?' {name=idList979_, expectedType=org.hibernate.type.LongType@4bf3f9d}
             +-[NAMED_PARAM] ParameterNode: '?' {name=idList980_, expectedType=org.hibernate.type.LongType@4bf3f9d}
             +-[NAMED_PARAM] ParameterNode: '?' {name=idList981_, expectedType=org.hibernate.type.LongType@4bf3f9d}
             +-[NAMED_PARAM] ParameterNode: '?' {name=idList982_, expectedType=org.hibernate.type.LongType@4bf3f9d}
             +-[NAMED_PARAM] ParameterNode: '?' {name=idList983_, expectedType=org.hibernate.type.LongType@4bf3f9d}
             +-[NAMED_PARAM] ParameterNode: '?' {name=idList984_, expectedType=org.hibernate.type.LongType@4bf3f9d}
             +-[NAMED_PARAM] ParameterNode: '?' {name=idList985_, expectedType=org.hibernate.type.LongType@4bf3f9d}
             +-[NAMED_PARAM] ParameterNode: '?' {name=idList986_, expectedType=org.hibernate.type.LongType@4bf3f9d}
             +-[NAMED_PARAM] ParameterNode: '?' {name=idList987_, expectedType=org.hibernate.type.LongType@4bf3f9d}
             +-[NAMED_PARAM] ParameterNode: '?' {name=idList988_, expectedType=org.hibernate.type.LongType@4bf3f9d}
             +-[NAMED_PARAM] ParameterNode: '?' {name=idList989_, expectedType=org.hibernate.type.LongType@4bf3f9d}
             +-[NAMED_PARAM] ParameterNode: '?' {name=idList990_, expectedType=org.hibernate.type.LongType@4bf3f9d}
             +-[NAMED_PARAM] ParameterNode: '?' {name=idList991_, expectedType=org.hibernate.type.LongType@4bf3f9d}
             +-[NAMED_PARAM] ParameterNode: '?' {name=idList992_, expectedType=org.hibernate.type.LongType@4bf3f9d}
             +-[NAMED_PARAM] ParameterNode: '?' {name=idList993_, expectedType=org.hibernate.type.LongType@4bf3f9d}
             +-[NAMED_PARAM] ParameterNode: '?' {name=idList994_, expectedType=org.hibernate.type.LongType@4bf3f9d}
             +-[NAMED_PARAM] ParameterNode: '?' {name=idList995_, expectedType=org.hibernate.type.LongType@4bf3f9d}
             +-[NAMED_PARAM] ParameterNode: '?' {name=idList996_, expectedType=org.hibernate.type.LongType@4bf3f9d}
             +-[NAMED_PARAM] ParameterNode: '?' {name=idList997_, expectedType=org.hibernate.type.LongType@4bf3f9d}
             +-[NAMED_PARAM] ParameterNode: '?' {name=idList998_, expectedType=org.hibernate.type.LongType@4bf3f9d}
             +-[NAMED_PARAM] ParameterNode: '?' {name=idList999_, expectedType=org.hibernate.type.LongType@4bf3f9d}
             +-[NAMED_PARAM] ParameterNode: '?' {name=idList1000_, expectedType=org.hibernate.type.LongType@4bf3f9d}
             +-[NAMED_PARAM] ParameterNode: '?' {name=idList1001_, expectedType=org.hibernate.type.LongType@4bf3f9d}
             +-[NAMED_PARAM] ParameterNode: '?' {name=idList1002_, expectedType=org.hibernate.type.LongType@4bf3f9d}
             +-[NAMED_PARAM] ParameterNode: '?' {name=idList1003_, expectedType=org.hibernate.type.LongType@4bf3f9d}
             +-[NAMED_PARAM] ParameterNode: '?' {name=idList1004_, expectedType=org.hibernate.type.LongType@4bf3f9d}
             +-[NAMED_PARAM] ParameterNode: '?' {name=idList1005_, expectedType=org.hibernate.type.LongType@4bf3f9d}
             +-[NAMED_PARAM] ParameterNode: '?' {name=idList1006_, expectedType=org.hibernate.type.LongType@4bf3f9d}
             +-[NAMED_PARAM] ParameterNode: '?' {name=idList1007_, expectedType=org.hibernate.type.LongType@4bf3f9d}
             +-[NAMED_PARAM] ParameterNode: '?' {name=idList1008_, expectedType=org.hibernate.type.LongType@4bf3f9d}
             +-[NAMED_PARAM] ParameterNode: '?' {name=idList1009_, expectedType=org.hibernate.type.LongType@4bf3f9d}
             +-[NAMED_PARAM] ParameterNode: '?' {name=idList1010_, expectedType=org.hibernate.type.LongType@4bf3f9d}
             +-[NAMED_PARAM] ParameterNode: '?' {name=idList1011_, expectedType=org.hibernate.type.LongType@4bf3f9d}
             +-[NAMED_PARAM] ParameterNode: '?' {name=idList1012_, expectedType=org.hibernate.type.LongType@4bf3f9d}
             +-[NAMED_PARAM] ParameterNode: '?' {name=idList1013_, expectedType=org.hibernate.type.LongType@4bf3f9d}
             +-[NAMED_PARAM] ParameterNode: '?' {name=idList1014_, expectedType=org.hibernate.type.LongType@4bf3f9d}
             +-[NAMED_PARAM] ParameterNode: '?' {name=idList1015_, expectedType=org.hibernate.type.LongType@4bf3f9d}
             +-[NAMED_PARAM] ParameterNode: '?' {name=idList1016_, expectedType=org.hibernate.type.LongType@4bf3f9d}
             +-[NAMED_PARAM] ParameterNode: '?' {name=idList1017_, expectedType=org.hibernate.type.LongType@4bf3f9d}
             +-[NAMED_PARAM] ParameterNode: '?' {name=idList1018_, expectedType=org.hibernate.type.LongType@4bf3f9d}
             +-[NAMED_PARAM] ParameterNode: '?' {name=idList1019_, expectedType=org.hibernate.type.LongType@4bf3f9d}
             +-[NAMED_PARAM] ParameterNode: '?' {name=idList1020_, expectedType=org.hibernate.type.LongType@4bf3f9d}
             +-[NAMED_PARAM] ParameterNode: '?' {name=idList1021_, expectedType=org.hibernate.type.LongType@4bf3f9d}
             +-[NAMED_PARAM] ParameterNode: '?' {name=idList1022_, expectedType=org.hibernate.type.LongType@4bf3f9d}
             +-[NAMED_PARAM] ParameterNode: '?' {name=idList1023_, expectedType=org.hibernate.type.LongType@4bf3f9d}
             +-[NAMED_PARAM] ParameterNode: '?' {name=idList1024_, expectedType=org.hibernate.type.LongType@4bf3f9d}
             +-[NAMED_PARAM] ParameterNode: '?' {name=idList1025_, expectedType=org.hibernate.type.LongType@4bf3f9d}
             +-[NAMED_PARAM] ParameterNode: '?' {name=idList1026_, expectedType=org.hibernate.type.LongType@4bf3f9d}
             +-[NAMED_PARAM] ParameterNode: '?' {name=idList1027_, expectedType=org.hibernate.type.LongType@4bf3f9d}
             +-[NAMED_PARAM] ParameterNode: '?' {name=idList1028_, expectedType=org.hibernate.type.LongType@4bf3f9d}
             +-[NAMED_PARAM] ParameterNode: '?' {name=idList1029_, expectedType=org.hibernate.type.LongType@4bf3f9d}
             +-[NAMED_PARAM] ParameterNode: '?' {name=idList1030_, expectedType=org.hibernate.type.LongType@4bf3f9d}
             +-[NAMED_PARAM] ParameterNode: '?' {name=idList1031_, expectedType=org.hibernate.type.LongType@4bf3f9d}
             +-[NAMED_PARAM] ParameterNode: '?' {name=idList1032_, expectedType=org.hibernate.type.LongType@4bf3f9d}
             +-[NAMED_PARAM] ParameterNode: '?' {name=idList1033_, expectedType=org.hibernate.type.LongType@4bf3f9d}
             +-[NAMED_PARAM] ParameterNode: '?' {name=idList1034_, expectedType=org.hibernate.type.LongType@4bf3f9d}
             +-[NAMED_PARAM] ParameterNode: '?' {name=idList1035_, expectedType=org.hibernate.type.LongType@4bf3f9d}
             +-[NAMED_PARAM] ParameterNode: '?' {name=idList1036_, expectedType=org.hibernate.type.LongType@4bf3f9d}
             +-[NAMED_PARAM] ParameterNode: '?' {name=idList1037_, expectedType=org.hibernate.type.LongType@4bf3f9d}
             +-[NAMED_PARAM] ParameterNode: '?' {name=idList1038_, expectedType=org.hibernate.type.LongType@4bf3f9d}
             +-[NAMED_PARAM] ParameterNode: '?' {name=idList1039_, expectedType=org.hibernate.type.LongType@4bf3f9d}
             +-[NAMED_PARAM] ParameterNode: '?' {name=idList1040_, expectedType=org.hibernate.type.LongType@4bf3f9d}
             +-[NAMED_PARAM] ParameterNode: '?' {name=idList1041_, expectedType=org.hibernate.type.LongType@4bf3f9d}
             +-[NAMED_PARAM] ParameterNode: '?' {name=idList1042_, expectedType=org.hibernate.type.LongType@4bf3f9d}
             +-[NAMED_PARAM] ParameterNode: '?' {name=idList1043_, expectedType=org.hibernate.type.LongType@4bf3f9d}
             +-[NAMED_PARAM] ParameterNode: '?' {name=idList1044_, expectedType=org.hibernate.type.LongType@4bf3f9d}
             +-[NAMED_PARAM] ParameterNode: '?' {name=idList1045_, expectedType=org.hibernate.type.LongType@4bf3f9d}
             +-[NAMED_PARAM] ParameterNode: '?' {name=idList1046_, expectedType=org.hibernate.type.LongType@4bf3f9d}
             +-[NAMED_PARAM] ParameterNode: '?' {name=idList1047_, expectedType=org.hibernate.type.LongType@4bf3f9d}
             +-[NAMED_PARAM] ParameterNode: '?' {name=idList1048_, expectedType=org.hibernate.type.LongType@4bf3f9d}
             +-[NAMED_PARAM] ParameterNode: '?' {name=idList1049_, expectedType=org.hibernate.type.LongType@4bf3f9d}
             +-[NAMED_PARAM] ParameterNode: '?' {name=idList1050_, expectedType=org.hibernate.type.LongType@4bf3f9d}
             +-[NAMED_PARAM] ParameterNode: '?' {name=idList1051_, expectedType=org.hibernate.type.LongType@4bf3f9d}
             +-[NAMED_PARAM] ParameterNode: '?' {name=idList1052_, expectedType=org.hibernate.type.LongType@4bf3f9d}
             +-[NAMED_PARAM] ParameterNode: '?' {name=idList1053_, expectedType=org.hibernate.type.LongType@4bf3f9d}
             +-[NAMED_PARAM] ParameterNode: '?' {name=idList1054_, expectedType=org.hibernate.type.LongType@4bf3f9d}
             +-[NAMED_PARAM] ParameterNode: '?' {name=idList1055_, expectedType=org.hibernate.type.LongType@4bf3f9d}
             +-[NAMED_PARAM] ParameterNode: '?' {name=idList1056_, expectedType=org.hibernate.type.LongType@4bf3f9d}
             +-[NAMED_PARAM] ParameterNode: '?' {name=idList1057_, expectedType=org.hibernate.type.LongType@4bf3f9d}
             +-[NAMED_PARAM] ParameterNode: '?' {name=idList1058_, expectedType=org.hibernate.type.LongType@4bf3f9d}
             +-[NAMED_PARAM] ParameterNode: '?' {name=idList1059_, expectedType=org.hibernate.type.LongType@4bf3f9d}
             +-[NAMED_PARAM] ParameterNode: '?' {name=idList1060_, expectedType=org.hibernate.type.LongType@4bf3f9d}
             +-[NAMED_PARAM] ParameterNode: '?' {name=idList1061_, expectedType=org.hibernate.type.LongType@4bf3f9d}
             +-[NAMED_PARAM] ParameterNode: '?' {name=idList1062_, expectedType=org.hibernate.type.LongType@4bf3f9d}
             +-[NAMED_PARAM] ParameterNode: '?' {name=idList1063_, expectedType=org.hibernate.type.LongType@4bf3f9d}
             +-[NAMED_PARAM] ParameterNode: '?' {name=idList1064_, expectedType=org.hibernate.type.LongType@4bf3f9d}
             +-[NAMED_PARAM] ParameterNode: '?' {name=idList1065_, expectedType=org.hibernate.type.LongType@4bf3f9d}
             +-[NAMED_PARAM] ParameterNode: '?' {name=idList1066_, expectedType=org.hibernate.type.LongType@4bf3f9d}
             +-[NAMED_PARAM] ParameterNode: '?' {name=idList1067_, expectedType=org.hibernate.type.LongType@4bf3f9d}
             +-[NAMED_PARAM] ParameterNode: '?' {name=idList1068_, expectedType=org.hibernate.type.LongType@4bf3f9d}
             +-[NAMED_PARAM] ParameterNode: '?' {name=idList1069_, expectedType=org.hibernate.type.LongType@4bf3f9d}
             +-[NAMED_PARAM] ParameterNode: '?' {name=idList1070_, expectedType=org.hibernate.type.LongType@4bf3f9d}
             +-[NAMED_PARAM] ParameterNode: '?' {name=idList1071_, expectedType=org.hibernate.type.LongType@4bf3f9d}
             +-[NAMED_PARAM] ParameterNode: '?' {name=idList1072_, expectedType=org.hibernate.type.LongType@4bf3f9d}
             +-[NAMED_PARAM] ParameterNode: '?' {name=idList1073_, expectedType=org.hibernate.type.LongType@4bf3f9d}
             +-[NAMED_PARAM] ParameterNode: '?' {name=idList1074_, expectedType=org.hibernate.type.LongType@4bf3f9d}
             +-[NAMED_PARAM] ParameterNode: '?' {name=idList1075_, expectedType=org.hibernate.type.LongType@4bf3f9d}
             +-[NAMED_PARAM] ParameterNode: '?' {name=idList1076_, expectedType=org.hibernate.type.LongType@4bf3f9d}
             +-[NAMED_PARAM] ParameterNode: '?' {name=idList1077_, expectedType=org.hibernate.type.LongType@4bf3f9d}
             +-[NAMED_PARAM] ParameterNode: '?' {name=idList1078_, expectedType=org.hibernate.type.LongType@4bf3f9d}
             +-[NAMED_PARAM] ParameterNode: '?' {name=idList1079_, expectedType=org.hibernate.type.LongType@4bf3f9d}
             +-[NAMED_PARAM] ParameterNode: '?' {name=idList1080_, expectedType=org.hibernate.type.LongType@4bf3f9d}
             +-[NAMED_PARAM] ParameterNode: '?' {name=idList1081_, expectedType=org.hibernate.type.LongType@4bf3f9d}
             +-[NAMED_PARAM] ParameterNode: '?' {name=idList1082_, expectedType=org.hibernate.type.LongType@4bf3f9d}
             +-[NAMED_PARAM] ParameterNode: '?' {name=idList1083_, expectedType=org.hibernate.type.LongType@4bf3f9d}
             +-[NAMED_PARAM] ParameterNode: '?' {name=idList1084_, expectedType=org.hibernate.type.LongType@4bf3f9d}
             +-[NAMED_PARAM] ParameterNode: '?' {name=idList1085_, expectedType=org.hibernate.type.LongType@4bf3f9d}
             +-[NAMED_PARAM] ParameterNode: '?' {name=idList1086_, expectedType=org.hibernate.type.LongType@4bf3f9d}
             +-[NAMED_PARAM] ParameterNode: '?' {name=idList1087_, expectedType=org.hibernate.type.LongType@4bf3f9d}
             +-[NAMED_PARAM] ParameterNode: '?' {name=idList1088_, expectedType=org.hibernate.type.LongType@4bf3f9d}
             +-[NAMED_PARAM] ParameterNode: '?' {name=idList1089_, expectedType=org.hibernate.type.LongType@4bf3f9d}
             +-[NAMED_PARAM] ParameterNode: '?' {name=idList1090_, expectedType=org.hibernate.type.LongType@4bf3f9d}
             +-[NAMED_PARAM] ParameterNode: '?' {name=idList1091_, expectedType=org.hibernate.type.LongType@4bf3f9d}
             +-[NAMED_PARAM] ParameterNode: '?' {name=idList1092_, expectedType=org.hibernate.type.LongType@4bf3f9d}
             +-[NAMED_PARAM] ParameterNode: '?' {name=idList1093_, expectedType=org.hibernate.type.LongType@4bf3f9d}
             +-[NAMED_PARAM] ParameterNode: '?' {name=idList1094_, expectedType=org.hibernate.type.LongType@4bf3f9d}
             +-[NAMED_PARAM] ParameterNode: '?' {name=idList1095_, expectedType=org.hibernate.type.LongType@4bf3f9d}
             +-[NAMED_PARAM] ParameterNode: '?' {name=idList1096_, expectedType=org.hibernate.type.LongType@4bf3f9d}
             +-[NAMED_PARAM] ParameterNode: '?' {name=idList1097_, expectedType=org.hibernate.type.LongType@4bf3f9d}
             +-[NAMED_PARAM] ParameterNode: '?' {name=idList1098_, expectedType=org.hibernate.type.LongType@4bf3f9d}
             +-[NAMED_PARAM] ParameterNode: '?' {name=idList1099_, expectedType=org.hibernate.type.LongType@4bf3f9d}
             +-[NAMED_PARAM] ParameterNode: '?' {name=idList1100_, expectedType=org.hibernate.type.LongType@4bf3f9d}
             +-[NAMED_PARAM] ParameterNode: '?' {name=idList1101_, expectedType=org.hibernate.type.LongType@4bf3f9d}
             +-[NAMED_PARAM] ParameterNode: '?' {name=idList1102_, expectedType=org.hibernate.type.LongType@4bf3f9d}
             +-[NAMED_PARAM] ParameterNode: '?' {name=idList1103_, expectedType=org.hibernate.type.LongType@4bf3f9d}
             +-[NAMED_PARAM] ParameterNode: '?' {name=idList1104_, expectedType=org.hibernate.type.LongType@4bf3f9d}
             +-[NAMED_PARAM] ParameterNode: '?' {name=idList1105_, expectedType=org.hibernate.type.LongType@4bf3f9d}
             +-[NAMED_PARAM] ParameterNode: '?' {name=idList1106_, expectedType=org.hibernate.type.LongType@4bf3f9d}
             +-[NAMED_PARAM] ParameterNode: '?' {name=idList1107_, expectedType=org.hibernate.type.LongType@4bf3f9d}
             +-[NAMED_PARAM] ParameterNode: '?' {name=idList1108_, expectedType=org.hibernate.type.LongType@4bf3f9d}
             +-[NAMED_PARAM] ParameterNode: '?' {name=idList1109_, expectedType=org.hibernate.type.LongType@4bf3f9d}
             +-[NAMED_PARAM] ParameterNode: '?' {name=idList1110_, expectedType=org.hibernate.type.LongType@4bf3f9d}
             +-[NAMED_PARAM] ParameterNode: '?' {name=idList1111_, expectedType=org.hibernate.type.LongType@4bf3f9d}
             +-[NAMED_PARAM] ParameterNode: '?' {name=idList1112_, expectedType=org.hibernate.type.LongType@4bf3f9d}
             +-[NAMED_PARAM] ParameterNode: '?' {name=idList1113_, expectedType=org.hibernate.type.LongType@4bf3f9d}
             +-[NAMED_PARAM] ParameterNode: '?' {name=idList1114_, expectedType=org.hibernate.type.LongType@4bf3f9d}
             +-[NAMED_PARAM] ParameterNode: '?' {name=idList1115_, expectedType=org.hibernate.type.LongType@4bf3f9d}
             +-[NAMED_PARAM] ParameterNode: '?' {name=idList1116_, expectedType=org.hibernate.type.LongType@4bf3f9d}
             +-[NAMED_PARAM] ParameterNode: '?' {name=idList1117_, expectedType=org.hibernate.type.LongType@4bf3f9d}
             +-[NAMED_PARAM] ParameterNode: '?' {name=idList1118_, expectedType=org.hibernate.type.LongType@4bf3f9d}
             +-[NAMED_PARAM] ParameterNode: '?' {name=idList1119_, expectedType=org.hibernate.type.LongType@4bf3f9d}
             +-[NAMED_PARAM] ParameterNode: '?' {name=idList1120_, expectedType=org.hibernate.type.LongType@4bf3f9d}
             +-[NAMED_PARAM] ParameterNode: '?' {name=idList1121_, expectedType=org.hibernate.type.LongType@4bf3f9d}
             +-[NAMED_PARAM] ParameterNode: '?' {name=idList1122_, expectedType=org.hibernate.type.LongType@4bf3f9d}
             +-[NAMED_PARAM] ParameterNode: '?' {name=idList1123_, expectedType=org.hibernate.type.LongType@4bf3f9d}
             +-[NAMED_PARAM] ParameterNode: '?' {name=idList1124_, expectedType=org.hibernate.type.LongType@4bf3f9d}
             +-[NAMED_PARAM] ParameterNode: '?' {name=idList1125_, expectedType=org.hibernate.type.LongType@4bf3f9d}
             +-[NAMED_PARAM] ParameterNode: '?' {name=idList1126_, expectedType=org.hibernate.type.LongType@4bf3f9d}
             +-[NAMED_PARAM] ParameterNode: '?' {name=idList1127_, expectedType=org.hibernate.type.LongType@4bf3f9d}
             +-[NAMED_PARAM] ParameterNode: '?' {name=idList1128_, expectedType=org.hibernate.type.LongType@4bf3f9d}
             +-[NAMED_PARAM] ParameterNode: '?' {name=idList1129_, expectedType=org.hibernate.type.LongType@4bf3f9d}
             +-[NAMED_PARAM] ParameterNode: '?' {name=idList1130_, expectedType=org.hibernate.type.LongType@4bf3f9d}
             +-[NAMED_PARAM] ParameterNode: '?' {name=idList1131_, expectedType=org.hibernate.type.LongType@4bf3f9d}
             +-[NAMED_PARAM] ParameterNode: '?' {name=idList1132_, expectedType=org.hibernate.type.LongType@4bf3f9d}
             +-[NAMED_PARAM] ParameterNode: '?' {name=idList1133_, expectedType=org.hibernate.type.LongType@4bf3f9d}
             +-[NAMED_PARAM] ParameterNode: '?' {name=idList1134_, expectedType=org.hibernate.type.LongType@4bf3f9d}
             +-[NAMED_PARAM] ParameterNode: '?' {name=idList1135_, expectedType=org.hibernate.type.LongType@4bf3f9d}
             +-[NAMED_PARAM] ParameterNode: '?' {name=idList1136_, expectedType=org.hibernate.type.LongType@4bf3f9d}
             +-[NAMED_PARAM] ParameterNode: '?' {name=idList1137_, expectedType=org.hibernate.type.LongType@4bf3f9d}
             +-[NAMED_PARAM] ParameterNode: '?' {name=idList1138_, expectedType=org.hibernate.type.LongType@4bf3f9d}
             +-[NAMED_PARAM] ParameterNode: '?' {name=idList1139_, expectedType=org.hibernate.type.LongType@4bf3f9d}
             +-[NAMED_PARAM] ParameterNode: '?' {name=idList1140_, expectedType=org.hibernate.type.LongType@4bf3f9d}
             +-[NAMED_PARAM] ParameterNode: '?' {name=idList1141_, expectedType=org.hibernate.type.LongType@4bf3f9d}
             +-[NAMED_PARAM] ParameterNode: '?' {name=idList1142_, expectedType=org.hibernate.type.LongType@4bf3f9d}
             +-[NAMED_PARAM] ParameterNode: '?' {name=idList1143_, expectedType=org.hibernate.type.LongType@4bf3f9d}
             +-[NAMED_PARAM] ParameterNode: '?' {name=idList1144_, expectedType=org.hibernate.type.LongType@4bf3f9d}
             +-[NAMED_PARAM] ParameterNode: '?' {name=idList1145_, expectedType=org.hibernate.type.LongType@4bf3f9d}
             +-[NAMED_PARAM] ParameterNode: '?' {name=idList1146_, expectedType=org.hibernate.type.LongType@4bf3f9d}
             +-[NAMED_PARAM] ParameterNode: '?' {name=idList1147_, expectedType=org.hibernate.type.LongType@4bf3f9d}
             +-[NAMED_PARAM] ParameterNode: '?' {name=idList1148_, expectedType=org.hibernate.type.LongType@4bf3f9d}
             +-[NAMED_PARAM] ParameterNode: '?' {name=idList1149_, expectedType=org.hibernate.type.LongType@4bf3f9d}
             +-[NAMED_PARAM] ParameterNode: '?' {name=idList1150_, expectedType=org.hibernate.type.LongType@4bf3f9d}
             +-[NAMED_PARAM] ParameterNode: '?' {name=idList1151_, expectedType=org.hibernate.type.LongType@4bf3f9d}
             +-[NAMED_PARAM] ParameterNode: '?' {name=idList1152_, expectedType=org.hibernate.type.LongType@4bf3f9d}
             +-[NAMED_PARAM] ParameterNode: '?' {name=idList1153_, expectedType=org.hibernate.type.LongType@4bf3f9d}
             +-[NAMED_PARAM] ParameterNode: '?' {name=idList1154_, expectedType=org.hibernate.type.LongType@4bf3f9d}
             +-[NAMED_PARAM] ParameterNode: '?' {name=idList1155_, expectedType=org.hibernate.type.LongType@4bf3f9d}
             +-[NAMED_PARAM] ParameterNode: '?' {name=idList1156_, expectedType=org.hibernate.type.LongType@4bf3f9d}
             +-[NAMED_PARAM] ParameterNode: '?' {name=idList1157_, expectedType=org.hibernate.type.LongType@4bf3f9d}
             +-[NAMED_PARAM] ParameterNode: '?' {name=idList1158_, expectedType=org.hibernate.type.LongType@4bf3f9d}
             +-[NAMED_PARAM] ParameterNode: '?' {name=idList1159_, expectedType=org.hibernate.type.LongType@4bf3f9d}
             +-[NAMED_PARAM] ParameterNode: '?' {name=idList1160_, expectedType=org.hibernate.type.LongType@4bf3f9d}
             +-[NAMED_PARAM] ParameterNode: '?' {name=idList1161_, expectedType=org.hibernate.type.LongType@4bf3f9d}
             +-[NAMED_PARAM] ParameterNode: '?' {name=idList1162_, expectedType=org.hibernate.type.LongType@4bf3f9d}
             +-[NAMED_PARAM] ParameterNode: '?' {name=idList1163_, expectedType=org.hibernate.type.LongType@4bf3f9d}
             +-[NAMED_PARAM] ParameterNode: '?' {name=idList1164_, expectedType=org.hibernate.type.LongType@4bf3f9d}
             +-[NAMED_PARAM] ParameterNode: '?' {name=idList1165_, expectedType=org.hibernate.type.LongType@4bf3f9d}
             +-[NAMED_PARAM] ParameterNode: '?' {name=idList1166_, expectedType=org.hibernate.type.LongType@4bf3f9d}
             +-[NAMED_PARAM] ParameterNode: '?' {name=idList1167_, expectedType=org.hibernate.type.LongType@4bf3f9d}
             +-[NAMED_PARAM] ParameterNode: '?' {name=idList1168_, expectedType=org.hibernate.type.LongType@4bf3f9d}
             +-[NAMED_PARAM] ParameterNode: '?' {name=idList1169_, expectedType=org.hibernate.type.LongType@4bf3f9d}
             +-[NAMED_PARAM] ParameterNode: '?' {name=idList1170_, expectedType=org.hibernate.type.LongType@4bf3f9d}
             +-[NAMED_PARAM] ParameterNode: '?' {name=idList1171_, expectedType=org.hibernate.type.LongType@4bf3f9d}
             +-[NAMED_PARAM] ParameterNode: '?' {name=idList1172_, expectedType=org.hibernate.type.LongType@4bf3f9d}
             +-[NAMED_PARAM] ParameterNode: '?' {name=idList1173_, expectedType=org.hibernate.type.LongType@4bf3f9d}
             +-[NAMED_PARAM] ParameterNode: '?' {name=idList1174_, expectedType=org.hibernate.type.LongType@4bf3f9d}
             +-[NAMED_PARAM] ParameterNode: '?' {name=idList1175_, expectedType=org.hibernate.type.LongType@4bf3f9d}
             +-[NAMED_PARAM] ParameterNode: '?' {name=idList1176_, expectedType=org.hibernate.type.LongType@4bf3f9d}
             +-[NAMED_PARAM] ParameterNode: '?' {name=idList1177_, expectedType=org.hibernate.type.LongType@4bf3f9d}
             +-[NAMED_PARAM] ParameterNode: '?' {name=idList1178_, expectedType=org.hibernate.type.LongType@4bf3f9d}
             +-[NAMED_PARAM] ParameterNode: '?' {name=idList1179_, expectedType=org.hibernate.type.LongType@4bf3f9d}
             +-[NAMED_PARAM] ParameterNode: '?' {name=idList1180_, expectedType=org.hibernate.type.LongType@4bf3f9d}
             +-[NAMED_PARAM] ParameterNode: '?' {name=idList1181_, expectedType=org.hibernate.type.LongType@4bf3f9d}
             +-[NAMED_PARAM] ParameterNode: '?' {name=idList1182_, expectedType=org.hibernate.type.LongType@4bf3f9d}
             +-[NAMED_PARAM] ParameterNode: '?' {name=idList1183_, expectedType=org.hibernate.type.LongType@4bf3f9d}
             +-[NAMED_PARAM] ParameterNode: '?' {name=idList1184_, expectedType=org.hibernate.type.LongType@4bf3f9d}
             +-[NAMED_PARAM] ParameterNode: '?' {name=idList1185_, expectedType=org.hibernate.type.LongType@4bf3f9d}
             +-[NAMED_PARAM] ParameterNode: '?' {name=idList1186_, expectedType=org.hibernate.type.LongType@4bf3f9d}
             +-[NAMED_PARAM] ParameterNode: '?' {name=idList1187_, expectedType=org.hibernate.type.LongType@4bf3f9d}
             +-[NAMED_PARAM] ParameterNode: '?' {name=idList1188_, expectedType=org.hibernate.type.LongType@4bf3f9d}
             +-[NAMED_PARAM] ParameterNode: '?' {name=idList1189_, expectedType=org.hibernate.type.LongType@4bf3f9d}
             +-[NAMED_PARAM] ParameterNode: '?' {name=idList1190_, expectedType=org.hibernate.type.LongType@4bf3f9d}
             +-[NAMED_PARAM] ParameterNode: '?' {name=idList1191_, expectedType=org.hibernate.type.LongType@4bf3f9d}
             +-[NAMED_PARAM] ParameterNode: '?' {name=idList1192_, expectedType=org.hibernate.type.LongType@4bf3f9d}
             +-[NAMED_PARAM] ParameterNode: '?' {name=idList1193_, expectedType=org.hibernate.type.LongType@4bf3f9d}
             +-[NAMED_PARAM] ParameterNode: '?' {name=idList1194_, expectedType=org.hibernate.type.LongType@4bf3f9d}
             +-[NAMED_PARAM] ParameterNode: '?' {name=idList1195_, expectedType=org.hibernate.type.LongType@4bf3f9d}
             +-[NAMED_PARAM] ParameterNode: '?' {name=idList1196_, expectedType=org.hibernate.type.LongType@4bf3f9d}
             +-[NAMED_PARAM] ParameterNode: '?' {name=idList1197_, expectedType=org.hibernate.type.LongType@4bf3f9d}
             +-[NAMED_PARAM] ParameterNode: '?' {name=idList1198_, expectedType=org.hibernate.type.LongType@4bf3f9d}
             +-[NAMED_PARAM] ParameterNode: '?' {name=idList1199_, expectedType=org.hibernate.type.LongType@4bf3f9d}
             +-[NAMED_PARAM] ParameterNode: '?' {name=idList1200_, expectedType=org.hibernate.type.LongType@4bf3f9d}
             +-[NAMED_PARAM] ParameterNode: '?' {name=idList1201_, expectedType=org.hibernate.type.LongType@4bf3f9d}
             +-[NAMED_PARAM] ParameterNode: '?' {name=idList1202_, expectedType=org.hibernate.type.LongType@4bf3f9d}
             +-[NAMED_PARAM] ParameterNode: '?' {name=idList1203_, expectedType=org.hibernate.type.LongType@4bf3f9d}
             +-[NAMED_PARAM] ParameterNode: '?' {name=idList1204_, expectedType=org.hibernate.type.LongType@4bf3f9d}
             +-[NAMED_PARAM] ParameterNode: '?' {name=idList1205_, expectedType=org.hibernate.type.LongType@4bf3f9d}
             +-[NAMED_PARAM] ParameterNode: '?' {name=idList1206_, expectedType=org.hibernate.type.LongType@4bf3f9d}
             +-[NAMED_PARAM] ParameterNode: '?' {name=idList1207_, expectedType=org.hibernate.type.LongType@4bf3f9d}
             +-[NAMED_PARAM] ParameterNode: '?' {name=idList1208_, expectedType=org.hibernate.type.LongType@4bf3f9d}
             +-[NAMED_PARAM] ParameterNode: '?' {name=idList1209_, expectedType=org.hibernate.type.LongType@4bf3f9d}
             +-[NAMED_PARAM] ParameterNode: '?' {name=idList1210_, expectedType=org.hibernate.type.LongType@4bf3f9d}
             +-[NAMED_PARAM] ParameterNode: '?' {name=idList1211_, expectedType=org.hibernate.type.LongType@4bf3f9d}
             +-[NAMED_PARAM] ParameterNode: '?' {name=idList1212_, expectedType=org.hibernate.type.LongType@4bf3f9d}
             +-[NAMED_PARAM] ParameterNode: '?' {name=idList1213_, expectedType=org.hibernate.type.LongType@4bf3f9d}
             +-[NAMED_PARAM] ParameterNode: '?' {name=idList1214_, expectedType=org.hibernate.type.LongType@4bf3f9d}
             +-[NAMED_PARAM] ParameterNode: '?' {name=idList1215_, expectedType=org.hibernate.type.LongType@4bf3f9d}
             +-[NAMED_PARAM] ParameterNode: '?' {name=idList1216_, expectedType=org.hibernate.type.LongType@4bf3f9d}
             +-[NAMED_PARAM] ParameterNode: '?' {name=idList1217_, expectedType=org.hibernate.type.LongType@4bf3f9d}
             +-[NAMED_PARAM] ParameterNode: '?' {name=idList1218_, expectedType=org.hibernate.type.LongType@4bf3f9d}
             +-[NAMED_PARAM] ParameterNode: '?' {name=idList1219_, expectedType=org.hibernate.type.LongType@4bf3f9d}
             +-[NAMED_PARAM] ParameterNode: '?' {name=idList1220_, expectedType=org.hibernate.type.LongType@4bf3f9d}
             +-[NAMED_PARAM] ParameterNode: '?' {name=idList1221_, expectedType=org.hibernate.type.LongType@4bf3f9d}
             +-[NAMED_PARAM] ParameterNode: '?' {name=idList1222_, expectedType=org.hibernate.type.LongType@4bf3f9d}
             +-[NAMED_PARAM] ParameterNode: '?' {name=idList1223_, expectedType=org.hibernate.type.LongType@4bf3f9d}
             +-[NAMED_PARAM] ParameterNode: '?' {name=idList1224_, expectedType=org.hibernate.type.LongType@4bf3f9d}
             +-[NAMED_PARAM] ParameterNode: '?' {name=idList1225_, expectedType=org.hibernate.type.LongType@4bf3f9d}
             +-[NAMED_PARAM] ParameterNode: '?' {name=idList1226_, expectedType=org.hibernate.type.LongType@4bf3f9d}
             +-[NAMED_PARAM] ParameterNode: '?' {name=idList1227_, expectedType=org.hibernate.type.LongType@4bf3f9d}
             +-[NAMED_PARAM] ParameterNode: '?' {name=idList1228_, expectedType=org.hibernate.type.LongType@4bf3f9d}
             +-[NAMED_PARAM] ParameterNode: '?' {name=idList1229_, expectedType=org.hibernate.type.LongType@4bf3f9d}
             +-[NAMED_PARAM] ParameterNode: '?' {name=idList1230_, expectedType=org.hibernate.type.LongType@4bf3f9d}
             +-[NAMED_PARAM] ParameterNode: '?' {name=idList1231_, expectedType=org.hibernate.type.LongType@4bf3f9d}
             +-[NAMED_PARAM] ParameterNode: '?' {name=idList1232_, expectedType=org.hibernate.type.LongType@4bf3f9d}
             +-[NAMED_PARAM] ParameterNode: '?' {name=idList1233_, expectedType=org.hibernate.type.LongType@4bf3f9d}
             +-[NAMED_PARAM] ParameterNode: '?' {name=idList1234_, expectedType=org.hibernate.type.LongType@4bf3f9d}
             +-[NAMED_PARAM] ParameterNode: '?' {name=idList1235_, expectedType=org.hibernate.type.LongType@4bf3f9d}
             +-[NAMED_PARAM] ParameterNode: '?' {name=idList1236_, expectedType=org.hibernate.type.LongType@4bf3f9d}
             +-[NAMED_PARAM] ParameterNode: '?' {name=idList1237_, expectedType=org.hibernate.type.LongType@4bf3f9d}
             +-[NAMED_PARAM] ParameterNode: '?' {name=idList1238_, expectedType=org.hibernate.type.LongType@4bf3f9d}
             +-[NAMED_PARAM] ParameterNode: '?' {name=idList1239_, expectedType=org.hibernate.type.LongType@4bf3f9d}
             +-[NAMED_PARAM] ParameterNode: '?' {name=idList1240_, expectedType=org.hibernate.type.LongType@4bf3f9d}
             +-[NAMED_PARAM] ParameterNode: '?' {name=idList1241_, expectedType=org.hibernate.type.LongType@4bf3f9d}
             +-[NAMED_PARAM] ParameterNode: '?' {name=idList1242_, expectedType=org.hibernate.type.LongType@4bf3f9d}
             +-[NAMED_PARAM] ParameterNode: '?' {name=idList1243_, expectedType=org.hibernate.type.LongType@4bf3f9d}
             +-[NAMED_PARAM] ParameterNode: '?' {name=idList1244_, expectedType=org.hibernate.type.LongType@4bf3f9d}
             +-[NAMED_PARAM] ParameterNode: '?' {name=idList1245_, expectedType=org.hibernate.type.LongType@4bf3f9d}
             +-[NAMED_PARAM] ParameterNode: '?' {name=idList1246_, expectedType=org.hibernate.type.LongType@4bf3f9d}
             +-[NAMED_PARAM] ParameterNode: '?' {name=idList1247_, expectedType=org.hibernate.type.LongType@4bf3f9d}
             +-[NAMED_PARAM] ParameterNode: '?' {name=idList1248_, expectedType=org.hibernate.type.LongType@4bf3f9d}
             +-[NAMED_PARAM] ParameterNode: '?' {name=idList1249_, expectedType=org.hibernate.type.LongType@4bf3f9d}
             +-[NAMED_PARAM] ParameterNode: '?' {name=idList1250_, expectedType=org.hibernate.type.LongType@4bf3f9d}
             +-[NAMED_PARAM] ParameterNode: '?' {name=idList1251_, expectedType=org.hibernate.type.LongType@4bf3f9d}
             +-[NAMED_PARAM] ParameterNode: '?' {name=idList1252_, expectedType=org.hibernate.type.LongType@4bf3f9d}
             +-[NAMED_PARAM] ParameterNode: '?' {name=idList1253_, expectedType=org.hibernate.type.LongType@4bf3f9d}
             +-[NAMED_PARAM] ParameterNode: '?' {name=idList1254_, expectedType=org.hibernate.type.LongType@4bf3f9d}
             +-[NAMED_PARAM] ParameterNode: '?' {name=idList1255_, expectedType=org.hibernate.type.LongType@4bf3f9d}
             +-[NAMED_PARAM] ParameterNode: '?' {name=idList1256_, expectedType=org.hibernate.type.LongType@4bf3f9d}
             +-[NAMED_PARAM] ParameterNode: '?' {name=idList1257_, expectedType=org.hibernate.type.LongType@4bf3f9d}
             +-[NAMED_PARAM] ParameterNode: '?' {name=idList1258_, expectedType=org.hibernate.type.LongType@4bf3f9d}
             +-[NAMED_PARAM] ParameterNode: '?' {name=idList1259_, expectedType=org.hibernate.type.LongType@4bf3f9d}
             +-[NAMED_PARAM] ParameterNode: '?' {name=idList1260_, expectedType=org.hibernate.type.LongType@4bf3f9d}
             +-[NAMED_PARAM] ParameterNode: '?' {name=idList1261_, expectedType=org.hibernate.type.LongType@4bf3f9d}
             +-[NAMED_PARAM] ParameterNode: '?' {name=idList1262_, expectedType=org.hibernate.type.LongType@4bf3f9d}
             +-[NAMED_PARAM] ParameterNode: '?' {name=idList1263_, expectedType=org.hibernate.type.LongType@4bf3f9d}
             +-[NAMED_PARAM] ParameterNode: '?' {name=idList1264_, expectedType=org.hibernate.type.LongType@4bf3f9d}
             +-[NAMED_PARAM] ParameterNode: '?' {name=idList1265_, expectedType=org.hibernate.type.LongType@4bf3f9d}
             +-[NAMED_PARAM] ParameterNode: '?' {name=idList1266_, expectedType=org.hibernate.type.LongType@4bf3f9d}
             +-[NAMED_PARAM] ParameterNode: '?' {name=idList1267_, expectedType=org.hibernate.type.LongType@4bf3f9d}
             +-[NAMED_PARAM] ParameterNode: '?' {name=idList1268_, expectedType=org.hibernate.type.LongType@4bf3f9d}
             +-[NAMED_PARAM] ParameterNode: '?' {name=idList1269_, expectedType=org.hibernate.type.LongType@4bf3f9d}
             +-[NAMED_PARAM] ParameterNode: '?' {name=idList1270_, expectedType=org.hibernate.type.LongType@4bf3f9d}
             +-[NAMED_PARAM] ParameterNode: '?' {name=idList1271_, expectedType=org.hibernate.type.LongType@4bf3f9d}
             +-[NAMED_PARAM] ParameterNode: '?' {name=idList1272_, expectedType=org.hibernate.type.LongType@4bf3f9d}
             +-[NAMED_PARAM] ParameterNode: '?' {name=idList1273_, expectedType=org.hibernate.type.LongType@4bf3f9d}
             +-[NAMED_PARAM] ParameterNode: '?' {name=idList1274_, expectedType=org.hibernate.type.LongType@4bf3f9d}
             +-[NAMED_PARAM] ParameterNode: '?' {name=idList1275_, expectedType=org.hibernate.type.LongType@4bf3f9d}
             +-[NAMED_PARAM] ParameterNode: '?' {name=idList1276_, expectedType=org.hibernate.type.LongType@4bf3f9d}
             +-[NAMED_PARAM] ParameterNode: '?' {name=idList1277_, expectedType=org.hibernate.type.LongType@4bf3f9d}
             +-[NAMED_PARAM] ParameterNode: '?' {name=idList1278_, expectedType=org.hibernate.type.LongType@4bf3f9d}
             +-[NAMED_PARAM] ParameterNode: '?' {name=idList1279_, expectedType=org.hibernate.type.LongType@4bf3f9d}
             +-[NAMED_PARAM] ParameterNode: '?' {name=idList1280_, expectedType=org.hibernate.type.LongType@4bf3f9d}
             +-[NAMED_PARAM] ParameterNode: '?' {name=idList1281_, expectedType=org.hibernate.type.LongType@4bf3f9d}
             +-[NAMED_PARAM] ParameterNode: '?' {name=idList1282_, expectedType=org.hibernate.type.LongType@4bf3f9d}
             +-[NAMED_PARAM] ParameterNode: '?' {name=idList1283_, expectedType=org.hibernate.type.LongType@4bf3f9d}
             +-[NAMED_PARAM] ParameterNode: '?' {name=idList1284_, expectedType=org.hibernate.type.LongType@4bf3f9d}
             +-[NAMED_PARAM] ParameterNode: '?' {name=idList1285_, expectedType=org.hibernate.type.LongType@4bf3f9d}
             +-[NAMED_PARAM] ParameterNode: '?' {name=idList1286_, expectedType=org.hibernate.type.LongType@4bf3f9d}
             +-[NAMED_PARAM] ParameterNode: '?' {name=idList1287_, expectedType=org.hibernate.type.LongType@4bf3f9d}
             +-[NAMED_PARAM] ParameterNode: '?' {name=idList1288_, expectedType=org.hibernate.type.LongType@4bf3f9d}
             +-[NAMED_PARAM] ParameterNode: '?' {name=idList1289_, expectedType=org.hibernate.type.LongType@4bf3f9d}
             +-[NAMED_PARAM] ParameterNode: '?' {name=idList1290_, expectedType=org.hibernate.type.LongType@4bf3f9d}
             +-[NAMED_PARAM] ParameterNode: '?' {name=idList1291_, expectedType=org.hibernate.type.LongType@4bf3f9d}
             +-[NAMED_PARAM] ParameterNode: '?' {name=idList1292_, expectedType=org.hibernate.type.LongType@4bf3f9d}
             +-[NAMED_PARAM] ParameterNode: '?' {name=idList1293_, expectedType=org.hibernate.type.LongType@4bf3f9d}
             +-[NAMED_PARAM] ParameterNode: '?' {name=idList1294_, expectedType=org.hibernate.type.LongType@4bf3f9d}
             +-[NAMED_PARAM] ParameterNode: '?' {name=idList1295_, expectedType=org.hibernate.type.LongType@4bf3f9d}
             +-[NAMED_PARAM] ParameterNode: '?' {name=idList1296_, expectedType=org.hibernate.type.LongType@4bf3f9d}
             +-[NAMED_PARAM] ParameterNode: '?' {name=idList1297_, expectedType=org.hibernate.type.LongType@4bf3f9d}
             +-[NAMED_PARAM] ParameterNode: '?' {name=idList1298_, expectedType=org.hibernate.type.LongType@4bf3f9d}
             +-[NAMED_PARAM] ParameterNode: '?' {name=idList1299_, expectedType=org.hibernate.type.LongType@4bf3f9d}
             +-[NAMED_PARAM] ParameterNode: '?' {name=idList1300_, expectedType=org.hibernate.type.LongType@4bf3f9d}
             +-[NAMED_PARAM] ParameterNode: '?' {name=idList1301_, expectedType=org.hibernate.type.LongType@4bf3f9d}
             +-[NAMED_PARAM] ParameterNode: '?' {name=idList1302_, expectedType=org.hibernate.type.LongType@4bf3f9d}
             +-[NAMED_PARAM] ParameterNode: '?' {name=idList1303_, expectedType=org.hibernate.type.LongType@4bf3f9d}
             +-[NAMED_PARAM] ParameterNode: '?' {name=idList1304_, expectedType=org.hibernate.type.LongType@4bf3f9d}
             +-[NAMED_PARAM] ParameterNode: '?' {name=idList1305_, expectedType=org.hibernate.type.LongType@4bf3f9d}
             +-[NAMED_PARAM] ParameterNode: '?' {name=idList1306_, expectedType=org.hibernate.type.LongType@4bf3f9d}
             +-[NAMED_PARAM] ParameterNode: '?' {name=idList1307_, expectedType=org.hibernate.type.LongType@4bf3f9d}
             +-[NAMED_PARAM] ParameterNode: '?' {name=idList1308_, expectedType=org.hibernate.type.LongType@4bf3f9d}
             +-[NAMED_PARAM] ParameterNode: '?' {name=idList1309_, expectedType=org.hibernate.type.LongType@4bf3f9d}
             +-[NAMED_PARAM] ParameterNode: '?' {name=idList1310_, expectedType=org.hibernate.type.LongType@4bf3f9d}
             +-[NAMED_PARAM] ParameterNode: '?' {name=idList1311_, expectedType=org.hibernate.type.LongType@4bf3f9d}
             +-[NAMED_PARAM] ParameterNode: '?' {name=idList1312_, expectedType=org.hibernate.type.LongType@4bf3f9d}
             +-[NAMED_PARAM] ParameterNode: '?' {name=idList1313_, expectedType=org.hibernate.type.LongType@4bf3f9d}
             +-[NAMED_PARAM] ParameterNode: '?' {name=idList1314_, expectedType=org.hibernate.type.LongType@4bf3f9d}
             +-[NAMED_PARAM] ParameterNode: '?' {name=idList1315_, expectedType=org.hibernate.type.LongType@4bf3f9d}
             +-[NAMED_PARAM] ParameterNode: '?' {name=idList1316_, expectedType=org.hibernate.type.LongType@4bf3f9d}
             +-[NAMED_PARAM] ParameterNode: '?' {name=idList1317_, expectedType=org.hibernate.type.LongType@4bf3f9d}
             +-[NAMED_PARAM] ParameterNode: '?' {name=idList1318_, expectedType=org.hibernate.type.LongType@4bf3f9d}
             +-[NAMED_PARAM] ParameterNode: '?' {name=idList1319_, expectedType=org.hibernate.type.LongType@4bf3f9d}
             +-[NAMED_PARAM] ParameterNode: '?' {name=idList1320_, expectedType=org.hibernate.type.LongType@4bf3f9d}
             +-[NAMED_PARAM] ParameterNode: '?' {name=idList1321_, expectedType=org.hibernate.type.LongType@4bf3f9d}
             +-[NAMED_PARAM] ParameterNode: '?' {name=idList1322_, expectedType=org.hibernate.type.LongType@4bf3f9d}
             +-[NAMED_PARAM] ParameterNode: '?' {name=idList1323_, expectedType=org.hibernate.type.LongType@4bf3f9d}
             +-[NAMED_PARAM] ParameterNode: '?' {name=idList1324_, expectedType=org.hibernate.type.LongType@4bf3f9d}
             +-[NAMED_PARAM] ParameterNode: '?' {name=idList1325_, expectedType=org.hibernate.type.LongType@4bf3f9d}
             +-[NAMED_PARAM] ParameterNode: '?' {name=idList1326_, expectedType=org.hibernate.type.LongType@4bf3f9d}
             +-[NAMED_PARAM] ParameterNode: '?' {name=idList1327_, expectedType=org.hibernate.type.LongType@4bf3f9d}
             +-[NAMED_PARAM] ParameterNode: '?' {name=idList1328_, expectedType=org.hibernate.type.LongType@4bf3f9d}
             +-[NAMED_PARAM] ParameterNode: '?' {name=idList1329_, expectedType=org.hibernate.type.LongType@4bf3f9d}
             +-[NAMED_PARAM] ParameterNode: '?' {name=idList1330_, expectedType=org.hibernate.type.LongType@4bf3f9d}
             +-[NAMED_PARAM] ParameterNode: '?' {name=idList1331_, expectedType=org.hibernate.type.LongType@4bf3f9d}
             +-[NAMED_PARAM] ParameterNode: '?' {name=idList1332_, expectedType=org.hibernate.type.LongType@4bf3f9d}
             +-[NAMED_PARAM] ParameterNode: '?' {name=idList1333_, expectedType=org.hibernate.type.LongType@4bf3f9d}
             +-[NAMED_PARAM] ParameterNode: '?' {name=idList1334_, expectedType=org.hibernate.type.LongType@4bf3f9d}
             +-[NAMED_PARAM] ParameterNode: '?' {name=idList1335_, expectedType=org.hibernate.type.LongType@4bf3f9d}
             +-[NAMED_PARAM] ParameterNode: '?' {name=idList1336_, expectedType=org.hibernate.type.LongType@4bf3f9d}
             +-[NAMED_PARAM] ParameterNode: '?' {name=idList1337_, expectedType=org.hibernate.type.LongType@4bf3f9d}
             +-[NAMED_PARAM] ParameterNode: '?' {name=idList1338_, expectedType=org.hibernate.type.LongType@4bf3f9d}
             +-[NAMED_PARAM] ParameterNode: '?' {name=idList1339_, expectedType=org.hibernate.type.LongType@4bf3f9d}
             +-[NAMED_PARAM] ParameterNode: '?' {name=idList1340_, expectedType=org.hibernate.type.LongType@4bf3f9d}
             +-[NAMED_PARAM] ParameterNode: '?' {name=idList1341_, expectedType=org.hibernate.type.LongType@4bf3f9d}
             +-[NAMED_PARAM] ParameterNode: '?' {name=idList1342_, expectedType=org.hibernate.type.LongType@4bf3f9d}
             +-[NAMED_PARAM] ParameterNode: '?' {name=idList1343_, expectedType=org.hibernate.type.LongType@4bf3f9d}
             +-[NAMED_PARAM] ParameterNode: '?' {name=idList1344_, expectedType=org.hibernate.type.LongType@4bf3f9d}
             +-[NAMED_PARAM] ParameterNode: '?' {name=idList1345_, expectedType=org.hibernate.type.LongType@4bf3f9d}
             +-[NAMED_PARAM] ParameterNode: '?' {name=idList1346_, expectedType=org.hibernate.type.LongType@4bf3f9d}
             +-[NAMED_PARAM] ParameterNode: '?' {name=idList1347_, expectedType=org.hibernate.type.LongType@4bf3f9d}
             +-[NAMED_PARAM] ParameterNode: '?' {name=idList1348_, expectedType=org.hibernate.type.LongType@4bf3f9d}
             +-[NAMED_PARAM] ParameterNode: '?' {name=idList1349_, expectedType=org.hibernate.type.LongType@4bf3f9d}
             +-[NAMED_PARAM] ParameterNode: '?' {name=idList1350_, expectedType=org.hibernate.type.LongType@4bf3f9d}
             +-[NAMED_PARAM] ParameterNode: '?' {name=idList1351_, expectedType=org.hibernate.type.LongType@4bf3f9d}
             +-[NAMED_PARAM] ParameterNode: '?' {name=idList1352_, expectedType=org.hibernate.type.LongType@4bf3f9d}
             +-[NAMED_PARAM] ParameterNode: '?' {name=idList1353_, expectedType=org.hibernate.type.LongType@4bf3f9d}
             +-[NAMED_PARAM] ParameterNode: '?' {name=idList1354_, expectedType=org.hibernate.type.LongType@4bf3f9d}
             +-[NAMED_PARAM] ParameterNode: '?' {name=idList1355_, expectedType=org.hibernate.type.LongType@4bf3f9d}
             +-[NAMED_PARAM] ParameterNode: '?' {name=idList1356_, expectedType=org.hibernate.type.LongType@4bf3f9d}
             +-[NAMED_PARAM] ParameterNode: '?' {name=idList1357_, expectedType=org.hibernate.type.LongType@4bf3f9d}
             +-[NAMED_PARAM] ParameterNode: '?' {name=idList1358_, expectedType=org.hibernate.type.LongType@4bf3f9d}
             +-[NAMED_PARAM] ParameterNode: '?' {name=idList1359_, expectedType=org.hibernate.type.LongType@4bf3f9d}
             +-[NAMED_PARAM] ParameterNode: '?' {name=idList1360_, expectedType=org.hibernate.type.LongType@4bf3f9d}
             +-[NAMED_PARAM] ParameterNode: '?' {name=idList1361_, expectedType=org.hibernate.type.LongType@4bf3f9d}
             +-[NAMED_PARAM] ParameterNode: '?' {name=idList1362_, expectedType=org.hibernate.type.LongType@4bf3f9d}
             +-[NAMED_PARAM] ParameterNode: '?' {name=idList1363_, expectedType=org.hibernate.type.LongType@4bf3f9d}
             +-[NAMED_PARAM] ParameterNode: '?' {name=idList1364_, expectedType=org.hibernate.type.LongType@4bf3f9d}
             +-[NAMED_PARAM] ParameterNode: '?' {name=idList1365_, expectedType=org.hibernate.type.LongType@4bf3f9d}
             +-[NAMED_PARAM] ParameterNode: '?' {name=idList1366_, expectedType=org.hibernate.type.LongType@4bf3f9d}
             +-[NAMED_PARAM] ParameterNode: '?' {name=idList1367_, expectedType=org.hibernate.type.LongType@4bf3f9d}
             +-[NAMED_PARAM] ParameterNode: '?' {name=idList1368_, expectedType=org.hibernate.type.LongType@4bf3f9d}
             +-[NAMED_PARAM] ParameterNode: '?' {name=idList1369_, expectedType=org.hibernate.type.LongType@4bf3f9d}
             +-[NAMED_PARAM] ParameterNode: '?' {name=idList1370_, expectedType=org.hibernate.type.LongType@4bf3f9d}
             +-[NAMED_PARAM] ParameterNode: '?' {name=idList1371_, expectedType=org.hibernate.type.LongType@4bf3f9d}
             +-[NAMED_PARAM] ParameterNode: '?' {name=idList1372_, expectedType=org.hibernate.type.LongType@4bf3f9d}
             +-[NAMED_PARAM] ParameterNode: '?' {name=idList1373_, expectedType=org.hibernate.type.LongType@4bf3f9d}
             +-[NAMED_PARAM] ParameterNode: '?' {name=idList1374_, expectedType=org.hibernate.type.LongType@4bf3f9d}
             +-[NAMED_PARAM] ParameterNode: '?' {name=idList1375_, expectedType=org.hibernate.type.LongType@4bf3f9d}
             +-[NAMED_PARAM] ParameterNode: '?' {name=idList1376_, expectedType=org.hibernate.type.LongType@4bf3f9d}
             +-[NAMED_PARAM] ParameterNode: '?' {name=idList1377_, expectedType=org.hibernate.type.LongType@4bf3f9d}
             +-[NAMED_PARAM] ParameterNode: '?' {name=idList1378_, expectedType=org.hibernate.type.LongType@4bf3f9d}
             +-[NAMED_PARAM] ParameterNode: '?' {name=idList1379_, expectedType=org.hibernate.type.LongType@4bf3f9d}
             +-[NAMED_PARAM] ParameterNode: '?' {name=idList1380_, expectedType=org.hibernate.type.LongType@4bf3f9d}
             +-[NAMED_PARAM] ParameterNode: '?' {name=idList1381_, expectedType=org.hibernate.type.LongType@4bf3f9d}
             +-[NAMED_PARAM] ParameterNode: '?' {name=idList1382_, expectedType=org.hibernate.type.LongType@4bf3f9d}
             +-[NAMED_PARAM] ParameterNode: '?' {name=idList1383_, expectedType=org.hibernate.type.LongType@4bf3f9d}
             +-[NAMED_PARAM] ParameterNode: '?' {name=idList1384_, expectedType=org.hibernate.type.LongType@4bf3f9d}
             +-[NAMED_PARAM] ParameterNode: '?' {name=idList1385_, expectedType=org.hibernate.type.LongType@4bf3f9d}
             +-[NAMED_PARAM] ParameterNode: '?' {name=idList1386_, expectedType=org.hibernate.type.LongType@4bf3f9d}
             +-[NAMED_PARAM] ParameterNode: '?' {name=idList1387_, expectedType=org.hibernate.type.LongType@4bf3f9d}
             +-[NAMED_PARAM] ParameterNode: '?' {name=idList1388_, expectedType=org.hibernate.type.LongType@4bf3f9d}
             +-[NAMED_PARAM] ParameterNode: '?' {name=idList1389_, expectedType=org.hibernate.type.LongType@4bf3f9d}
             +-[NAMED_PARAM] ParameterNode: '?' {name=idList1390_, expectedType=org.hibernate.type.LongType@4bf3f9d}
             +-[NAMED_PARAM] ParameterNode: '?' {name=idList1391_, expectedType=org.hibernate.type.LongType@4bf3f9d}
             +-[NAMED_PARAM] ParameterNode: '?' {name=idList1392_, expectedType=org.hibernate.type.LongType@4bf3f9d}
             +-[NAMED_PARAM] ParameterNode: '?' {name=idList1393_, expectedType=org.hibernate.type.LongType@4bf3f9d}
             +-[NAMED_PARAM] ParameterNode: '?' {name=idList1394_, expectedType=org.hibernate.type.LongType@4bf3f9d}
             +-[NAMED_PARAM] ParameterNode: '?' {name=idList1395_, expectedType=org.hibernate.type.LongType@4bf3f9d}
             +-[NAMED_PARAM] ParameterNode: '?' {name=idList1396_, expectedType=org.hibernate.type.LongType@4bf3f9d}
             +-[NAMED_PARAM] ParameterNode: '?' {name=idList1397_, expectedType=org.hibernate.type.LongType@4bf3f9d}
             +-[NAMED_PARAM] ParameterNode: '?' {name=idList1398_, expectedType=org.hibernate.type.LongType@4bf3f9d}
             +-[NAMED_PARAM] ParameterNode: '?' {name=idList1399_, expectedType=org.hibernate.type.LongType@4bf3f9d}
             +-[NAMED_PARAM] ParameterNode: '?' {name=idList1400_, expectedType=org.hibernate.type.LongType@4bf3f9d}
             +-[NAMED_PARAM] ParameterNode: '?' {name=idList1401_, expectedType=org.hibernate.type.LongType@4bf3f9d}
             +-[NAMED_PARAM] ParameterNode: '?' {name=idList1402_, expectedType=org.hibernate.type.LongType@4bf3f9d}
             +-[NAMED_PARAM] ParameterNode: '?' {name=idList1403_, expectedType=org.hibernate.type.LongType@4bf3f9d}
             +-[NAMED_PARAM] ParameterNode: '?' {name=idList1404_, expectedType=org.hibernate.type.LongType@4bf3f9d}
             +-[NAMED_PARAM] ParameterNode: '?' {name=idList1405_, expectedType=org.hibernate.type.LongType@4bf3f9d}
             +-[NAMED_PARAM] ParameterNode: '?' {name=idList1406_, expectedType=org.hibernate.type.LongType@4bf3f9d}
             +-[NAMED_PARAM] ParameterNode: '?' {name=idList1407_, expectedType=org.hibernate.type.LongType@4bf3f9d}
             +-[NAMED_PARAM] ParameterNode: '?' {name=idList1408_, expectedType=org.hibernate.type.LongType@4bf3f9d}
             +-[NAMED_PARAM] ParameterNode: '?' {name=idList1409_, expectedType=org.hibernate.type.LongType@4bf3f9d}
             +-[NAMED_PARAM] ParameterNode: '?' {name=idList1410_, expectedType=org.hibernate.type.LongType@4bf3f9d}
             +-[NAMED_PARAM] ParameterNode: '?' {name=idList1411_, expectedType=org.hibernate.type.LongType@4bf3f9d}
             +-[NAMED_PARAM] ParameterNode: '?' {name=idList1412_, expectedType=org.hibernate.type.LongType@4bf3f9d}
             +-[NAMED_PARAM] ParameterNode: '?' {name=idList1413_, expectedType=org.hibernate.type.LongType@4bf3f9d}
             +-[NAMED_PARAM] ParameterNode: '?' {name=idList1414_, expectedType=org.hibernate.type.LongType@4bf3f9d}
             +-[NAMED_PARAM] ParameterNode: '?' {name=idList1415_, expectedType=org.hibernate.type.LongType@4bf3f9d}
             +-[NAMED_PARAM] ParameterNode: '?' {name=idList1416_, expectedType=org.hibernate.type.LongType@4bf3f9d}
             +-[NAMED_PARAM] ParameterNode: '?' {name=idList1417_, expectedType=org.hibernate.type.LongType@4bf3f9d}
             +-[NAMED_PARAM] ParameterNode: '?' {name=idList1418_, expectedType=org.hibernate.type.LongType@4bf3f9d}
             +-[NAMED_PARAM] ParameterNode: '?' {name=idList1419_, expectedType=org.hibernate.type.LongType@4bf3f9d}
             +-[NAMED_PARAM] ParameterNode: '?' {name=idList1420_, expectedType=org.hibernate.type.LongType@4bf3f9d}
             +-[NAMED_PARAM] ParameterNode: '?' {name=idList1421_, expectedType=org.hibernate.type.LongType@4bf3f9d}
             +-[NAMED_PARAM] ParameterNode: '?' {name=idList1422_, expectedType=org.hibernate.type.LongType@4bf3f9d}
             +-[NAMED_PARAM] ParameterNode: '?' {name=idList1423_, expectedType=org.hibernate.type.LongType@4bf3f9d}
             +-[NAMED_PARAM] ParameterNode: '?' {name=idList1424_, expectedType=org.hibernate.type.LongType@4bf3f9d}
             +-[NAMED_PARAM] ParameterNode: '?' {name=idList1425_, expectedType=org.hibernate.type.LongType@4bf3f9d}
             +-[NAMED_PARAM] ParameterNode: '?' {name=idList1426_, expectedType=org.hibernate.type.LongType@4bf3f9d}
             +-[NAMED_PARAM] ParameterNode: '?' {name=idList1427_, expectedType=org.hibernate.type.LongType@4bf3f9d}
             +-[NAMED_PARAM] ParameterNode: '?' {name=idList1428_, expectedType=org.hibernate.type.LongType@4bf3f9d}
             +-[NAMED_PARAM] ParameterNode: '?' {name=idList1429_, expectedType=org.hibernate.type.LongType@4bf3f9d}
             +-[NAMED_PARAM] ParameterNode: '?' {name=idList1430_, expectedType=org.hibernate.type.LongType@4bf3f9d}
             +-[NAMED_PARAM] ParameterNode: '?' {name=idList1431_, expectedType=org.hibernate.type.LongType@4bf3f9d}
             +-[NAMED_PARAM] ParameterNode: '?' {name=idList1432_, expectedType=org.hibernate.type.LongType@4bf3f9d}
             +-[NAMED_PARAM] ParameterNode: '?' {name=idList1433_, expectedType=org.hibernate.type.LongType@4bf3f9d}
             +-[NAMED_PARAM] ParameterNode: '?' {name=idList1434_, expectedType=org.hibernate.type.LongType@4bf3f9d}
             +-[NAMED_PARAM] ParameterNode: '?' {name=idList1435_, expectedType=org.hibernate.type.LongType@4bf3f9d}
             +-[NAMED_PARAM] ParameterNode: '?' {name=idList1436_, expectedType=org.hibernate.type.LongType@4bf3f9d}
             +-[NAMED_PARAM] ParameterNode: '?' {name=idList1437_, expectedType=org.hibernate.type.LongType@4bf3f9d}
             +-[NAMED_PARAM] ParameterNode: '?' {name=idList1438_, expectedType=org.hibernate.type.LongType@4bf3f9d}
             +-[NAMED_PARAM] ParameterNode: '?' {name=idList1439_, expectedType=org.hibernate.type.LongType@4bf3f9d}
             +-[NAMED_PARAM] ParameterNode: '?' {name=idList1440_, expectedType=org.hibernate.type.LongType@4bf3f9d}
             +-[NAMED_PARAM] ParameterNode: '?' {name=idList1441_, expectedType=org.hibernate.type.LongType@4bf3f9d}
             +-[NAMED_PARAM] ParameterNode: '?' {name=idList1442_, expectedType=org.hibernate.type.LongType@4bf3f9d}
             +-[NAMED_PARAM] ParameterNode: '?' {name=idList1443_, expectedType=org.hibernate.type.LongType@4bf3f9d}
             +-[NAMED_PARAM] ParameterNode: '?' {name=idList1444_, expectedType=org.hibernate.type.LongType@4bf3f9d}
             +-[NAMED_PARAM] ParameterNode: '?' {name=idList1445_, expectedType=org.hibernate.type.LongType@4bf3f9d}
             +-[NAMED_PARAM] ParameterNode: '?' {name=idList1446_, expectedType=org.hibernate.type.LongType@4bf3f9d}
             +-[NAMED_PARAM] ParameterNode: '?' {name=idList1447_, expectedType=org.hibernate.type.LongType@4bf3f9d}
             +-[NAMED_PARAM] ParameterNode: '?' {name=idList1448_, expectedType=org.hibernate.type.LongType@4bf3f9d}
             +-[NAMED_PARAM] ParameterNode: '?' {name=idList1449_, expectedType=org.hibernate.type.LongType@4bf3f9d}
             +-[NAMED_PARAM] ParameterNode: '?' {name=idList1450_, expectedType=org.hibernate.type.LongType@4bf3f9d}
             +-[NAMED_PARAM] ParameterNode: '?' {name=idList1451_, expectedType=org.hibernate.type.LongType@4bf3f9d}
             +-[NAMED_PARAM] ParameterNode: '?' {name=idList1452_, expectedType=org.hibernate.type.LongType@4bf3f9d}
             +-[NAMED_PARAM] ParameterNode: '?' {name=idList1453_, expectedType=org.hibernate.type.LongType@4bf3f9d}
             +-[NAMED_PARAM] ParameterNode: '?' {name=idList1454_, expectedType=org.hibernate.type.LongType@4bf3f9d}
             +-[NAMED_PARAM] ParameterNode: '?' {name=idList1455_, expectedType=org.hibernate.type.LongType@4bf3f9d}
             +-[NAMED_PARAM] ParameterNode: '?' {name=idList1456_, expectedType=org.hibernate.type.LongType@4bf3f9d}
             +-[NAMED_PARAM] ParameterNode: '?' {name=idList1457_, expectedType=org.hibernate.type.LongType@4bf3f9d}
             +-[NAMED_PARAM] ParameterNode: '?' {name=idList1458_, expectedType=org.hibernate.type.LongType@4bf3f9d}
             +-[NAMED_PARAM] ParameterNode: '?' {name=idList1459_, expectedType=org.hibernate.type.LongType@4bf3f9d}
             +-[NAMED_PARAM] ParameterNode: '?' {name=idList1460_, expectedType=org.hibernate.type.LongType@4bf3f9d}
             +-[NAMED_PARAM] ParameterNode: '?' {name=idList1461_, expectedType=org.hibernate.type.LongType@4bf3f9d}
             +-[NAMED_PARAM] ParameterNode: '?' {name=idList1462_, expectedType=org.hibernate.type.LongType@4bf3f9d}
             +-[NAMED_PARAM] ParameterNode: '?' {name=idList1463_, expectedType=org.hibernate.type.LongType@4bf3f9d}
             +-[NAMED_PARAM] ParameterNode: '?' {name=idList1464_, expectedType=org.hibernate.type.LongType@4bf3f9d}
             +-[NAMED_PARAM] ParameterNode: '?' {name=idList1465_, expectedType=org.hibernate.type.LongType@4bf3f9d}
             +-[NAMED_PARAM] ParameterNode: '?' {name=idList1466_, expectedType=org.hibernate.type.LongType@4bf3f9d}
             +-[NAMED_PARAM] ParameterNode: '?' {name=idList1467_, expectedType=org.hibernate.type.LongType@4bf3f9d}
             +-[NAMED_PARAM] ParameterNode: '?' {name=idList1468_, expectedType=org.hibernate.type.LongType@4bf3f9d}
             +-[NAMED_PARAM] ParameterNode: '?' {name=idList1469_, expectedType=org.hibernate.type.LongType@4bf3f9d}
             +-[NAMED_PARAM] ParameterNode: '?' {name=idList1470_, expectedType=org.hibernate.type.LongType@4bf3f9d}
             +-[NAMED_PARAM] ParameterNode: '?' {name=idList1471_, expectedType=org.hibernate.type.LongType@4bf3f9d}
             +-[NAMED_PARAM] ParameterNode: '?' {name=idList1472_, expectedType=org.hibernate.type.LongType@4bf3f9d}
             +-[NAMED_PARAM] ParameterNode: '?' {name=idList1473_, expectedType=org.hibernate.type.LongType@4bf3f9d}
             +-[NAMED_PARAM] ParameterNode: '?' {name=idList1474_, expectedType=org.hibernate.type.LongType@4bf3f9d}
             +-[NAMED_PARAM] ParameterNode: '?' {name=idList1475_, expectedType=org.hibernate.type.LongType@4bf3f9d}
             +-[NAMED_PARAM] ParameterNode: '?' {name=idList1476_, expectedType=org.hibernate.type.LongType@4bf3f9d}
             +-[NAMED_PARAM] ParameterNode: '?' {name=idList1477_, expectedType=org.hibernate.type.LongType@4bf3f9d}
             +-[NAMED_PARAM] ParameterNode: '?' {name=idList1478_, expectedType=org.hibernate.type.LongType@4bf3f9d}
             +-[NAMED_PARAM] ParameterNode: '?' {name=idList1479_, expectedType=org.hibernate.type.LongType@4bf3f9d}
             +-[NAMED_PARAM] ParameterNode: '?' {name=idList1480_, expectedType=org.hibernate.type.LongType@4bf3f9d}
             +-[NAMED_PARAM] ParameterNode: '?' {name=idList1481_, expectedType=org.hibernate.type.LongType@4bf3f9d}
             +-[NAMED_PARAM] ParameterNode: '?' {name=idList1482_, expectedType=org.hibernate.type.LongType@4bf3f9d}
             +-[NAMED_PARAM] ParameterNode: '?' {name=idList1483_, expectedType=org.hibernate.type.LongType@4bf3f9d}
             +-[NAMED_PARAM] ParameterNode: '?' {name=idList1484_, expectedType=org.hibernate.type.LongType@4bf3f9d}
             +-[NAMED_PARAM] ParameterNode: '?' {name=idList1485_, expectedType=org.hibernate.type.LongType@4bf3f9d}
             +-[NAMED_PARAM] ParameterNode: '?' {name=idList1486_, expectedType=org.hibernate.type.LongType@4bf3f9d}
             +-[NAMED_PARAM] ParameterNode: '?' {name=idList1487_, expectedType=org.hibernate.type.LongType@4bf3f9d}
             +-[NAMED_PARAM] ParameterNode: '?' {name=idList1488_, expectedType=org.hibernate.type.LongType@4bf3f9d}
             +-[NAMED_PARAM] ParameterNode: '?' {name=idList1489_, expectedType=org.hibernate.type.LongType@4bf3f9d}
             +-[NAMED_PARAM] ParameterNode: '?' {name=idList1490_, expectedType=org.hibernate.type.LongType@4bf3f9d}
             +-[NAMED_PARAM] ParameterNode: '?' {name=idList1491_, expectedType=org.hibernate.type.LongType@4bf3f9d}
             +-[NAMED_PARAM] ParameterNode: '?' {name=idList1492_, expectedType=org.hibernate.type.LongType@4bf3f9d}
             +-[NAMED_PARAM] ParameterNode: '?' {name=idList1493_, expectedType=org.hibernate.type.LongType@4bf3f9d}
             +-[NAMED_PARAM] ParameterNode: '?' {name=idList1494_, expectedType=org.hibernate.type.LongType@4bf3f9d}
             +-[NAMED_PARAM] ParameterNode: '?' {name=idList1495_, expectedType=org.hibernate.type.LongType@4bf3f9d}
             +-[NAMED_PARAM] ParameterNode: '?' {name=idList1496_, expectedType=org.hibernate.type.LongType@4bf3f9d}
             +-[NAMED_PARAM] ParameterNode: '?' {name=idList1497_, expectedType=org.hibernate.type.LongType@4bf3f9d}
             +-[NAMED_PARAM] ParameterNode: '?' {name=idList1498_, expectedType=org.hibernate.type.LongType@4bf3f9d}
             +-[NAMED_PARAM] ParameterNode: '?' {name=idList1499_, expectedType=org.hibernate.type.LongType@4bf3f9d}
             +-[NAMED_PARAM] ParameterNode: '?' {name=idList1500_, expectedType=org.hibernate.type.LongType@4bf3f9d}
             +-[NAMED_PARAM] ParameterNode: '?' {name=idList1501_, expectedType=org.hibernate.type.LongType@4bf3f9d}
             +-[NAMED_PARAM] ParameterNode: '?' {name=idList1502_, expectedType=org.hibernate.type.LongType@4bf3f9d}
             +-[NAMED_PARAM] ParameterNode: '?' {name=idList1503_, expectedType=org.hibernate.type.LongType@4bf3f9d}
             +-[NAMED_PARAM] ParameterNode: '?' {name=idList1504_, expectedType=org.hibernate.type.LongType@4bf3f9d}
             +-[NAMED_PARAM] ParameterNode: '?' {name=idList1505_, expectedType=org.hibernate.type.LongType@4bf3f9d}
             +-[NAMED_PARAM] ParameterNode: '?' {name=idList1506_, expectedType=org.hibernate.type.LongType@4bf3f9d}
             +-[NAMED_PARAM] ParameterNode: '?' {name=idList1507_, expectedType=org.hibernate.type.LongType@4bf3f9d}
             +-[NAMED_PARAM] ParameterNode: '?' {name=idList1508_, expectedType=org.hibernate.type.LongType@4bf3f9d}
             +-[NAMED_PARAM] ParameterNode: '?' {name=idList1509_, expectedType=org.hibernate.type.LongType@4bf3f9d}
             +-[NAMED_PARAM] ParameterNode: '?' {name=idList1510_, expectedType=org.hibernate.type.LongType@4bf3f9d}
             +-[NAMED_PARAM] ParameterNode: '?' {name=idList1511_, expectedType=org.hibernate.type.LongType@4bf3f9d}
             +-[NAMED_PARAM] ParameterNode: '?' {name=idList1512_, expectedType=org.hibernate.type.LongType@4bf3f9d}
             +-[NAMED_PARAM] ParameterNode: '?' {name=idList1513_, expectedType=org.hibernate.type.LongType@4bf3f9d}
             +-[NAMED_PARAM] ParameterNode: '?' {name=idList1514_, expectedType=org.hibernate.type.LongType@4bf3f9d}
             +-[NAMED_PARAM] ParameterNode: '?' {name=idList1515_, expectedType=org.hibernate.type.LongType@4bf3f9d}
             +-[NAMED_PARAM] ParameterNode: '?' {name=idList1516_, expectedType=org.hibernate.type.LongType@4bf3f9d}
             +-[NAMED_PARAM] ParameterNode: '?' {name=idList1517_, expectedType=org.hibernate.type.LongType@4bf3f9d}
             +-[NAMED_PARAM] ParameterNode: '?' {name=idList1518_, expectedType=org.hibernate.type.LongType@4bf3f9d}
             +-[NAMED_PARAM] ParameterNode: '?' {name=idList1519_, expectedType=org.hibernate.type.LongType@4bf3f9d}
             +-[NAMED_PARAM] ParameterNode: '?' {name=idList1520_, expectedType=org.hibernate.type.LongType@4bf3f9d}
             +-[NAMED_PARAM] ParameterNode: '?' {name=idList1521_, expectedType=org.hibernate.type.LongType@4bf3f9d}
             +-[NAMED_PARAM] ParameterNode: '?' {name=idList1522_, expectedType=org.hibernate.type.LongType@4bf3f9d}
             +-[NAMED_PARAM] ParameterNode: '?' {name=idList1523_, expectedType=org.hibernate.type.LongType@4bf3f9d}
             +-[NAMED_PARAM] ParameterNode: '?' {name=idList1524_, expectedType=org.hibernate.type.LongType@4bf3f9d}
             +-[NAMED_PARAM] ParameterNode: '?' {name=idList1525_, expectedType=org.hibernate.type.LongType@4bf3f9d}
             +-[NAMED_PARAM] ParameterNode: '?' {name=idList1526_, expectedType=org.hibernate.type.LongType@4bf3f9d}
             +-[NAMED_PARAM] ParameterNode: '?' {name=idList1527_, expectedType=org.hibernate.type.LongType@4bf3f9d}
             +-[NAMED_PARAM] ParameterNode: '?' {name=idList1528_, expectedType=org.hibernate.type.LongType@4bf3f9d}
             +-[NAMED_PARAM] ParameterNode: '?' {name=idList1529_, expectedType=org.hibernate.type.LongType@4bf3f9d}
             +-[NAMED_PARAM] ParameterNode: '?' {name=idList1530_, expectedType=org.hibernate.type.LongType@4bf3f9d}
             +-[NAMED_PARAM] ParameterNode: '?' {name=idList1531_, expectedType=org.hibernate.type.LongType@4bf3f9d}
             +-[NAMED_PARAM] ParameterNode: '?' {name=idList1532_, expectedType=org.hibernate.type.LongType@4bf3f9d}
             +-[NAMED_PARAM] ParameterNode: '?' {name=idList1533_, expectedType=org.hibernate.type.LongType@4bf3f9d}
             +-[NAMED_PARAM] ParameterNode: '?' {name=idList1534_, expectedType=org.hibernate.type.LongType@4bf3f9d}
             +-[NAMED_PARAM] ParameterNode: '?' {name=idList1535_, expectedType=org.hibernate.type.LongType@4bf3f9d}
             +-[NAMED_PARAM] ParameterNode: '?' {name=idList1536_, expectedType=org.hibernate.type.LongType@4bf3f9d}
             +-[NAMED_PARAM] ParameterNode: '?' {name=idList1537_, expectedType=org.hibernate.type.LongType@4bf3f9d}
             +-[NAMED_PARAM] ParameterNode: '?' {name=idList1538_, expectedType=org.hibernate.type.LongType@4bf3f9d}
             +-[NAMED_PARAM] ParameterNode: '?' {name=idList1539_, expectedType=org.hibernate.type.LongType@4bf3f9d}
             +-[NAMED_PARAM] ParameterNode: '?' {name=idList1540_, expectedType=org.hibernate.type.LongType@4bf3f9d}
             +-[NAMED_PARAM] ParameterNode: '?' {name=idList1541_, expectedType=org.hibernate.type.LongType@4bf3f9d}
             +-[NAMED_PARAM] ParameterNode: '?' {name=idList1542_, expectedType=org.hibernate.type.LongType@4bf3f9d}
             +-[NAMED_PARAM] ParameterNode: '?' {name=idList1543_, expectedType=org.hibernate.type.LongType@4bf3f9d}
             +-[NAMED_PARAM] ParameterNode: '?' {name=idList1544_, expectedType=org.hibernate.type.LongType@4bf3f9d}
             +-[NAMED_PARAM] ParameterNode: '?' {name=idList1545_, expectedType=org.hibernate.type.LongType@4bf3f9d}
             +-[NAMED_PARAM] ParameterNode: '?' {name=idList1546_, expectedType=org.hibernate.type.LongType@4bf3f9d}
             +-[NAMED_PARAM] ParameterNode: '?' {name=idList1547_, expectedType=org.hibernate.type.LongType@4bf3f9d}
             +-[NAMED_PARAM] ParameterNode: '?' {name=idList1548_, expectedType=org.hibernate.type.LongType@4bf3f9d}
             +-[NAMED_PARAM] ParameterNode: '?' {name=idList1549_, expectedType=org.hibernate.type.LongType@4bf3f9d}
             +-[NAMED_PARAM] ParameterNode: '?' {name=idList1550_, expectedType=org.hibernate.type.LongType@4bf3f9d}
             +-[NAMED_PARAM] ParameterNode: '?' {name=idList1551_, expectedType=org.hibernate.type.LongType@4bf3f9d}
             +-[NAMED_PARAM] ParameterNode: '?' {name=idList1552_, expectedType=org.hibernate.type.LongType@4bf3f9d}
             +-[NAMED_PARAM] ParameterNode: '?' {name=idList1553_, expectedType=org.hibernate.type.LongType@4bf3f9d}
             +-[NAMED_PARAM] ParameterNode: '?' {name=idList1554_, expectedType=org.hibernate.type.LongType@4bf3f9d}
             +-[NAMED_PARAM] ParameterNode: '?' {name=idList1555_, expectedType=org.hibernate.type.LongType@4bf3f9d}
             +-[NAMED_PARAM] ParameterNode: '?' {name=idList1556_, expectedType=org.hibernate.type.LongType@4bf3f9d}
             +-[NAMED_PARAM] ParameterNode: '?' {name=idList1557_, expectedType=org.hibernate.type.LongType@4bf3f9d}
             +-[NAMED_PARAM] ParameterNode: '?' {name=idList1558_, expectedType=org.hibernate.type.LongType@4bf3f9d}
             +-[NAMED_PARAM] ParameterNode: '?' {name=idList1559_, expectedType=org.hibernate.type.LongType@4bf3f9d}
             +-[NAMED_PARAM] ParameterNode: '?' {name=idList1560_, expectedType=org.hibernate.type.LongType@4bf3f9d}
             +-[NAMED_PARAM] ParameterNode: '?' {name=idList1561_, expectedType=org.hibernate.type.LongType@4bf3f9d}
             +-[NAMED_PARAM] ParameterNode: '?' {name=idList1562_, expectedType=org.hibernate.type.LongType@4bf3f9d}
             +-[NAMED_PARAM] ParameterNode: '?' {name=idList1563_, expectedType=org.hibernate.type.LongType@4bf3f9d}
             +-[NAMED_PARAM] ParameterNode: '?' {name=idList1564_, expectedType=org.hibernate.type.LongType@4bf3f9d}
             +-[NAMED_PARAM] ParameterNode: '?' {name=idList1565_, expectedType=org.hibernate.type.LongType@4bf3f9d}
             +-[NAMED_PARAM] ParameterNode: '?' {name=idList1566_, expectedType=org.hibernate.type.LongType@4bf3f9d}
             +-[NAMED_PARAM] ParameterNode: '?' {name=idList1567_, expectedType=org.hibernate.type.LongType@4bf3f9d}
             +-[NAMED_PARAM] ParameterNode: '?' {name=idList1568_, expectedType=org.hibernate.type.LongType@4bf3f9d}
             +-[NAMED_PARAM] ParameterNode: '?' {name=idList1569_, expectedType=org.hibernate.type.LongType@4bf3f9d}
             +-[NAMED_PARAM] ParameterNode: '?' {name=idList1570_, expectedType=org.hibernate.type.LongType@4bf3f9d}
             +-[NAMED_PARAM] ParameterNode: '?' {name=idList1571_, expectedType=org.hibernate.type.LongType@4bf3f9d}
             +-[NAMED_PARAM] ParameterNode: '?' {name=idList1572_, expectedType=org.hibernate.type.LongType@4bf3f9d}
             +-[NAMED_PARAM] ParameterNode: '?' {name=idList1573_, expectedType=org.hibernate.type.LongType@4bf3f9d}
             +-[NAMED_PARAM] ParameterNode: '?' {name=idList1574_, expectedType=org.hibernate.type.LongType@4bf3f9d}
             +-[NAMED_PARAM] ParameterNode: '?' {name=idList1575_, expectedType=org.hibernate.type.LongType@4bf3f9d}
             +-[NAMED_PARAM] ParameterNode: '?' {name=idList1576_, expectedType=org.hibernate.type.LongType@4bf3f9d}
             +-[NAMED_PARAM] ParameterNode: '?' {name=idList1577_, expectedType=org.hibernate.type.LongType@4bf3f9d}
             +-[NAMED_PARAM] ParameterNode: '?' {name=idList1578_, expectedType=org.hibernate.type.LongType@4bf3f9d}
             +-[NAMED_PARAM] ParameterNode: '?' {name=idList1579_, expectedType=org.hibernate.type.LongType@4bf3f9d}
             +-[NAMED_PARAM] ParameterNode: '?' {name=idList1580_, expectedType=org.hibernate.type.LongType@4bf3f9d}
             +-[NAMED_PARAM] ParameterNode: '?' {name=idList1581_, expectedType=org.hibernate.type.LongType@4bf3f9d}
             +-[NAMED_PARAM] ParameterNode: '?' {name=idList1582_, expectedType=org.hibernate.type.LongType@4bf3f9d}
             +-[NAMED_PARAM] ParameterNode: '?' {name=idList1583_, expectedType=org.hibernate.type.LongType@4bf3f9d}
             +-[NAMED_PARAM] ParameterNode: '?' {name=idList1584_, expectedType=org.hibernate.type.LongType@4bf3f9d}
             +-[NAMED_PARAM] ParameterNode: '?' {name=idList1585_, expectedType=org.hibernate.type.LongType@4bf3f9d}
             +-[NAMED_PARAM] ParameterNode: '?' {name=idList1586_, expectedType=org.hibernate.type.LongType@4bf3f9d}
             +-[NAMED_PARAM] ParameterNode: '?' {name=idList1587_, expectedType=org.hibernate.type.LongType@4bf3f9d}
             +-[NAMED_PARAM] ParameterNode: '?' {name=idList1588_, expectedType=org.hibernate.type.LongType@4bf3f9d}
             +-[NAMED_PARAM] ParameterNode: '?' {name=idList1589_, expectedType=org.hibernate.type.LongType@4bf3f9d}
             +-[NAMED_PARAM] ParameterNode: '?' {name=idList1590_, expectedType=org.hibernate.type.LongType@4bf3f9d}
             +-[NAMED_PARAM] ParameterNode: '?' {name=idList1591_, expectedType=org.hibernate.type.LongType@4bf3f9d}
             +-[NAMED_PARAM] ParameterNode: '?' {name=idList1592_, expectedType=org.hibernate.type.LongType@4bf3f9d}
             +-[NAMED_PARAM] ParameterNode: '?' {name=idList1593_, expectedType=org.hibernate.type.LongType@4bf3f9d}
             +-[NAMED_PARAM] ParameterNode: '?' {name=idList1594_, expectedType=org.hibernate.type.LongType@4bf3f9d}
             +-[NAMED_PARAM] ParameterNode: '?' {name=idList1595_, expectedType=org.hibernate.type.LongType@4bf3f9d}
             +-[NAMED_PARAM] ParameterNode: '?' {name=idList1596_, expectedType=org.hibernate.type.LongType@4bf3f9d}
             +-[NAMED_PARAM] ParameterNode: '?' {name=idList1597_, expectedType=org.hibernate.type.LongType@4bf3f9d}
             +-[NAMED_PARAM] ParameterNode: '?' {name=idList1598_, expectedType=org.hibernate.type.LongType@4bf3f9d}
             +-[NAMED_PARAM] ParameterNode: '?' {name=idList1599_, expectedType=org.hibernate.type.LongType@4bf3f9d}
             +-[NAMED_PARAM] ParameterNode: '?' {name=idList1600_, expectedType=org.hibernate.type.LongType@4bf3f9d}
             +-[NAMED_PARAM] ParameterNode: '?' {name=idList1601_, expectedType=org.hibernate.type.LongType@4bf3f9d}
             +-[NAMED_PARAM] ParameterNode: '?' {name=idList1602_, expectedType=org.hibernate.type.LongType@4bf3f9d}
             +-[NAMED_PARAM] ParameterNode: '?' {name=idList1603_, expectedType=org.hibernate.type.LongType@4bf3f9d}
             +-[NAMED_PARAM] ParameterNode: '?' {name=idList1604_, expectedType=org.hibernate.type.LongType@4bf3f9d}
             +-[NAMED_PARAM] ParameterNode: '?' {name=idList1605_, expectedType=org.hibernate.type.LongType@4bf3f9d}
             +-[NAMED_PARAM] ParameterNode: '?' {name=idList1606_, expectedType=org.hibernate.type.LongType@4bf3f9d}
             +-[NAMED_PARAM] ParameterNode: '?' {name=idList1607_, expectedType=org.hibernate.type.LongType@4bf3f9d}
             +-[NAMED_PARAM] ParameterNode: '?' {name=idList1608_, expectedType=org.hibernate.type.LongType@4bf3f9d}
             +-[NAMED_PARAM] ParameterNode: '?' {name=idList1609_, expectedType=org.hibernate.type.LongType@4bf3f9d}
             +-[NAMED_PARAM] ParameterNode: '?' {name=idList1610_, expectedType=org.hibernate.type.LongType@4bf3f9d}
             +-[NAMED_PARAM] ParameterNode: '?' {name=idList1611_, expectedType=org.hibernate.type.LongType@4bf3f9d}
             +-[NAMED_PARAM] ParameterNode: '?' {name=idList1612_, expectedType=org.hibernate.type.LongType@4bf3f9d}
             +-[NAMED_PARAM] ParameterNode: '?' {name=idList1613_, expectedType=org.hibernate.type.LongType@4bf3f9d}
             +-[NAMED_PARAM] ParameterNode: '?' {name=idList1614_, expectedType=org.hibernate.type.LongType@4bf3f9d}
             +-[NAMED_PARAM] ParameterNode: '?' {name=idList1615_, expectedType=org.hibernate.type.LongType@4bf3f9d}
             +-[NAMED_PARAM] ParameterNode: '?' {name=idList1616_, expectedType=org.hibernate.type.LongType@4bf3f9d}
             +-[NAMED_PARAM] ParameterNode: '?' {name=idList1617_, expectedType=org.hibernate.type.LongType@4bf3f9d}
             +-[NAMED_PARAM] ParameterNode: '?' {name=idList1618_, expectedType=org.hibernate.type.LongType@4bf3f9d}
             +-[NAMED_PARAM] ParameterNode: '?' {name=idList1619_, expectedType=org.hibernate.type.LongType@4bf3f9d}
             +-[NAMED_PARAM] ParameterNode: '?' {name=idList1620_, expectedType=org.hibernate.type.LongType@4bf3f9d}
             +-[NAMED_PARAM] ParameterNode: '?' {name=idList1621_, expectedType=org.hibernate.type.LongType@4bf3f9d}
             +-[NAMED_PARAM] ParameterNode: '?' {name=idList1622_, expectedType=org.hibernate.type.LongType@4bf3f9d}
             +-[NAMED_PARAM] ParameterNode: '?' {name=idList1623_, expectedType=org.hibernate.type.LongType@4bf3f9d}
             +-[NAMED_PARAM] ParameterNode: '?' {name=idList1624_, expectedType=org.hibernate.type.LongType@4bf3f9d}
             +-[NAMED_PARAM] ParameterNode: '?' {name=idList1625_, expectedType=org.hibernate.type.LongType@4bf3f9d}
             +-[NAMED_PARAM] ParameterNode: '?' {name=idList1626_, expectedType=org.hibernate.type.LongType@4bf3f9d}
             +-[NAMED_PARAM] ParameterNode: '?' {name=idList1627_, expectedType=org.hibernate.type.LongType@4bf3f9d}
             +-[NAMED_PARAM] ParameterNode: '?' {name=idList1628_, expectedType=org.hibernate.type.LongType@4bf3f9d}
             +-[NAMED_PARAM] ParameterNode: '?' {name=idList1629_, expectedType=org.hibernate.type.LongType@4bf3f9d}
             +-[NAMED_PARAM] ParameterNode: '?' {name=idList1630_, expectedType=org.hibernate.type.LongType@4bf3f9d}
             +-[NAMED_PARAM] ParameterNode: '?' {name=idList1631_, expectedType=org.hibernate.type.LongType@4bf3f9d}
             +-[NAMED_PARAM] ParameterNode: '?' {name=idList1632_, expectedType=org.hibernate.type.LongType@4bf3f9d}
             +-[NAMED_PARAM] ParameterNode: '?' {name=idList1633_, expectedType=org.hibernate.type.LongType@4bf3f9d}
             +-[NAMED_PARAM] ParameterNode: '?' {name=idList1634_, expectedType=org.hibernate.type.LongType@4bf3f9d}
             +-[NAMED_PARAM] ParameterNode: '?' {name=idList1635_, expectedType=org.hibernate.type.LongType@4bf3f9d}
             +-[NAMED_PARAM] ParameterNode: '?' {name=idList1636_, expectedType=org.hibernate.type.LongType@4bf3f9d}
             +-[NAMED_PARAM] ParameterNode: '?' {name=idList1637_, expectedType=org.hibernate.type.LongType@4bf3f9d}
             +-[NAMED_PARAM] ParameterNode: '?' {name=idList1638_, expectedType=org.hibernate.type.LongType@4bf3f9d}
             +-[NAMED_PARAM] ParameterNode: '?' {name=idList1639_, expectedType=org.hibernate.type.LongType@4bf3f9d}
             +-[NAMED_PARAM] ParameterNode: '?' {name=idList1640_, expectedType=org.hibernate.type.LongType@4bf3f9d}
             +-[NAMED_PARAM] ParameterNode: '?' {name=idList1641_, expectedType=org.hibernate.type.LongType@4bf3f9d}
             +-[NAMED_PARAM] ParameterNode: '?' {name=idList1642_, expectedType=org.hibernate.type.LongType@4bf3f9d}
             +-[NAMED_PARAM] ParameterNode: '?' {name=idList1643_, expectedType=org.hibernate.type.LongType@4bf3f9d}
             +-[NAMED_PARAM] ParameterNode: '?' {name=idList1644_, expectedType=org.hibernate.type.LongType@4bf3f9d}
             +-[NAMED_PARAM] ParameterNode: '?' {name=idList1645_, expectedType=org.hibernate.type.LongType@4bf3f9d}
             +-[NAMED_PARAM] ParameterNode: '?' {name=idList1646_, expectedType=org.hibernate.type.LongType@4bf3f9d}
             +-[NAMED_PARAM] ParameterNode: '?' {name=idList1647_, expectedType=org.hibernate.type.LongType@4bf3f9d}
             +-[NAMED_PARAM] ParameterNode: '?' {name=idList1648_, expectedType=org.hibernate.type.LongType@4bf3f9d}
             +-[NAMED_PARAM] ParameterNode: '?' {name=idList1649_, expectedType=org.hibernate.type.LongType@4bf3f9d}
             +-[NAMED_PARAM] ParameterNode: '?' {name=idList1650_, expectedType=org.hibernate.type.LongType@4bf3f9d}
             +-[NAMED_PARAM] ParameterNode: '?' {name=idList1651_, expectedType=org.hibernate.type.LongType@4bf3f9d}
             +-[NAMED_PARAM] ParameterNode: '?' {name=idList1652_, expectedType=org.hibernate.type.LongType@4bf3f9d}
             +-[NAMED_PARAM] ParameterNode: '?' {name=idList1653_, expectedType=org.hibernate.type.LongType@4bf3f9d}
             +-[NAMED_PARAM] ParameterNode: '?' {name=idList1654_, expectedType=org.hibernate.type.LongType@4bf3f9d}
             +-[NAMED_PARAM] ParameterNode: '?' {name=idList1655_, expectedType=org.hibernate.type.LongType@4bf3f9d}
             +-[NAMED_PARAM] ParameterNode: '?' {name=idList1656_, expectedType=org.hibernate.type.LongType@4bf3f9d}
             +-[NAMED_PARAM] ParameterNode: '?' {name=idList1657_, expectedType=org.hibernate.type.LongType@4bf3f9d}
             +-[NAMED_PARAM] ParameterNode: '?' {name=idList1658_, expectedType=org.hibernate.type.LongType@4bf3f9d}
             +-[NAMED_PARAM] ParameterNode: '?' {name=idList1659_, expectedType=org.hibernate.type.LongType@4bf3f9d}
             +-[NAMED_PARAM] ParameterNode: '?' {name=idList1660_, expectedType=org.hibernate.type.LongType@4bf3f9d}
             +-[NAMED_PARAM] ParameterNode: '?' {name=idList1661_, expectedType=org.hibernate.type.LongType@4bf3f9d}
             +-[NAMED_PARAM] ParameterNode: '?' {name=idList1662_, expectedType=org.hibernate.type.LongType@4bf3f9d}
             +-[NAMED_PARAM] ParameterNode: '?' {name=idList1663_, expectedType=org.hibernate.type.LongType@4bf3f9d}
             +-[NAMED_PARAM] ParameterNode: '?' {name=idList1664_, expectedType=org.hibernate.type.LongType@4bf3f9d}
             +-[NAMED_PARAM] ParameterNode: '?' {name=idList1665_, expectedType=org.hibernate.type.LongType@4bf3f9d}
             +-[NAMED_PARAM] ParameterNode: '?' {name=idList1666_, expectedType=org.hibernate.type.LongType@4bf3f9d}
             +-[NAMED_PARAM] ParameterNode: '?' {name=idList1667_, expectedType=org.hibernate.type.LongType@4bf3f9d}
             +-[NAMED_PARAM] ParameterNode: '?' {name=idList1668_, expectedType=org.hibernate.type.LongType@4bf3f9d}
             +-[NAMED_PARAM] ParameterNode: '?' {name=idList1669_, expectedType=org.hibernate.type.LongType@4bf3f9d}
             +-[NAMED_PARAM] ParameterNode: '?' {name=idList1670_, expectedType=org.hibernate.type.LongType@4bf3f9d}
             +-[NAMED_PARAM] ParameterNode: '?' {name=idList1671_, expectedType=org.hibernate.type.LongType@4bf3f9d}
             +-[NAMED_PARAM] ParameterNode: '?' {name=idList1672_, expectedType=org.hibernate.type.LongType@4bf3f9d}
             +-[NAMED_PARAM] ParameterNode: '?' {name=idList1673_, expectedType=org.hibernate.type.LongType@4bf3f9d}
             +-[NAMED_PARAM] ParameterNode: '?' {name=idList1674_, expectedType=org.hibernate.type.LongType@4bf3f9d}
             +-[NAMED_PARAM] ParameterNode: '?' {name=idList1675_, expectedType=org.hibernate.type.LongType@4bf3f9d}
             +-[NAMED_PARAM] ParameterNode: '?' {name=idList1676_, expectedType=org.hibernate.type.LongType@4bf3f9d}
             +-[NAMED_PARAM] ParameterNode: '?' {name=idList1677_, expectedType=org.hibernate.type.LongType@4bf3f9d}
             +-[NAMED_PARAM] ParameterNode: '?' {name=idList1678_, expectedType=org.hibernate.type.LongType@4bf3f9d}
             +-[NAMED_PARAM] ParameterNode: '?' {name=idList1679_, expectedType=org.hibernate.type.LongType@4bf3f9d}
             +-[NAMED_PARAM] ParameterNode: '?' {name=idList1680_, expectedType=org.hibernate.type.LongType@4bf3f9d}
             +-[NAMED_PARAM] ParameterNode: '?' {name=idList1681_, expectedType=org.hibernate.type.LongType@4bf3f9d}
             +-[NAMED_PARAM] ParameterNode: '?' {name=idList1682_, expectedType=org.hibernate.type.LongType@4bf3f9d}
             +-[NAMED_PARAM] ParameterNode: '?' {name=idList1683_, expectedType=org.hibernate.type.LongType@4bf3f9d}
             +-[NAMED_PARAM] ParameterNode: '?' {name=idList1684_, expectedType=org.hibernate.type.LongType@4bf3f9d}
             +-[NAMED_PARAM] ParameterNode: '?' {name=idList1685_, expectedType=org.hibernate.type.LongType@4bf3f9d}
             +-[NAMED_PARAM] ParameterNode: '?' {name=idList1686_, expectedType=org.hibernate.type.LongType@4bf3f9d}
             +-[NAMED_PARAM] ParameterNode: '?' {name=idList1687_, expectedType=org.hibernate.type.LongType@4bf3f9d}
             +-[NAMED_PARAM] ParameterNode: '?' {name=idList1688_, expectedType=org.hibernate.type.LongType@4bf3f9d}
             +-[NAMED_PARAM] ParameterNode: '?' {name=idList1689_, expectedType=org.hibernate.type.LongType@4bf3f9d}
             +-[NAMED_PARAM] ParameterNode: '?' {name=idList1690_, expectedType=org.hibernate.type.LongType@4bf3f9d}
             +-[NAMED_PARAM] ParameterNode: '?' {name=idList1691_, expectedType=org.hibernate.type.LongType@4bf3f9d}
             +-[NAMED_PARAM] ParameterNode: '?' {name=idList1692_, expectedType=org.hibernate.type.LongType@4bf3f9d}
             +-[NAMED_PARAM] ParameterNode: '?' {name=idList1693_, expectedType=org.hibernate.type.LongType@4bf3f9d}
             +-[NAMED_PARAM] ParameterNode: '?' {name=idList1694_, expectedType=org.hibernate.type.LongType@4bf3f9d}
             +-[NAMED_PARAM] ParameterNode: '?' {name=idList1695_, expectedType=org.hibernate.type.LongType@4bf3f9d}
             +-[NAMED_PARAM] ParameterNode: '?' {name=idList1696_, expectedType=org.hibernate.type.LongType@4bf3f9d}
             +-[NAMED_PARAM] ParameterNode: '?' {name=idList1697_, expectedType=org.hibernate.type.LongType@4bf3f9d}
             +-[NAMED_PARAM] ParameterNode: '?' {name=idList1698_, expectedType=org.hibernate.type.LongType@4bf3f9d}
             +-[NAMED_PARAM] ParameterNode: '?' {name=idList1699_, expectedType=org.hibernate.type.LongType@4bf3f9d}
             +-[NAMED_PARAM] ParameterNode: '?' {name=idList1700_, expectedType=org.hibernate.type.LongType@4bf3f9d}
             +-[NAMED_PARAM] ParameterNode: '?' {name=idList1701_, expectedType=org.hibernate.type.LongType@4bf3f9d}
             +-[NAMED_PARAM] ParameterNode: '?' {name=idList1702_, expectedType=org.hibernate.type.LongType@4bf3f9d}
             +-[NAMED_PARAM] ParameterNode: '?' {name=idList1703_, expectedType=org.hibernate.type.LongType@4bf3f9d}
             +-[NAMED_PARAM] ParameterNode: '?' {name=idList1704_, expectedType=org.hibernate.type.LongType@4bf3f9d}
             +-[NAMED_PARAM] ParameterNode: '?' {name=idList1705_, expectedType=org.hibernate.type.LongType@4bf3f9d}
             +-[NAMED_PARAM] ParameterNode: '?' {name=idList1706_, expectedType=org.hibernate.type.LongType@4bf3f9d}
             +-[NAMED_PARAM] ParameterNode: '?' {name=idList1707_, expectedType=org.hibernate.type.LongType@4bf3f9d}
             +-[NAMED_PARAM] ParameterNode: '?' {name=idList1708_, expectedType=org.hibernate.type.LongType@4bf3f9d}
             +-[NAMED_PARAM] ParameterNode: '?' {name=idList1709_, expectedType=org.hibernate.type.LongType@4bf3f9d}
             +-[NAMED_PARAM] ParameterNode: '?' {name=idList1710_, expectedType=org.hibernate.type.LongType@4bf3f9d}
             +-[NAMED_PARAM] ParameterNode: '?' {name=idList1711_, expectedType=org.hibernate.type.LongType@4bf3f9d}
             +-[NAMED_PARAM] ParameterNode: '?' {name=idList1712_, expectedType=org.hibernate.type.LongType@4bf3f9d}
             +-[NAMED_PARAM] ParameterNode: '?' {name=idList1713_, expectedType=org.hibernate.type.LongType@4bf3f9d}
             +-[NAMED_PARAM] ParameterNode: '?' {name=idList1714_, expectedType=org.hibernate.type.LongType@4bf3f9d}
             +-[NAMED_PARAM] ParameterNode: '?' {name=idList1715_, expectedType=org.hibernate.type.LongType@4bf3f9d}
             +-[NAMED_PARAM] ParameterNode: '?' {name=idList1716_, expectedType=org.hibernate.type.LongType@4bf3f9d}
             +-[NAMED_PARAM] ParameterNode: '?' {name=idList1717_, expectedType=org.hibernate.type.LongType@4bf3f9d}
             +-[NAMED_PARAM] ParameterNode: '?' {name=idList1718_, expectedType=org.hibernate.type.LongType@4bf3f9d}
             +-[NAMED_PARAM] ParameterNode: '?' {name=idList1719_, expectedType=org.hibernate.type.LongType@4bf3f9d}
             +-[NAMED_PARAM] ParameterNode: '?' {name=idList1720_, expectedType=org.hibernate.type.LongType@4bf3f9d}
             +-[NAMED_PARAM] ParameterNode: '?' {name=idList1721_, expectedType=org.hibernate.type.LongType@4bf3f9d}
             +-[NAMED_PARAM] ParameterNode: '?' {name=idList1722_, expectedType=org.hibernate.type.LongType@4bf3f9d}
             +-[NAMED_PARAM] ParameterNode: '?' {name=idList1723_, expectedType=org.hibernate.type.LongType@4bf3f9d}
             +-[NAMED_PARAM] ParameterNode: '?' {name=idList1724_, expectedType=org.hibernate.type.LongType@4bf3f9d}
             +-[NAMED_PARAM] ParameterNode: '?' {name=idList1725_, expectedType=org.hibernate.type.LongType@4bf3f9d}
             +-[NAMED_PARAM] ParameterNode: '?' {name=idList1726_, expectedType=org.hibernate.type.LongType@4bf3f9d}
             +-[NAMED_PARAM] ParameterNode: '?' {name=idList1727_, expectedType=org.hibernate.type.LongType@4bf3f9d}
             +-[NAMED_PARAM] ParameterNode: '?' {name=idList1728_, expectedType=org.hibernate.type.LongType@4bf3f9d}
             +-[NAMED_PARAM] ParameterNode: '?' {name=idList1729_, expectedType=org.hibernate.type.LongType@4bf3f9d}
             +-[NAMED_PARAM] ParameterNode: '?' {name=idList1730_, expectedType=org.hibernate.type.LongType@4bf3f9d}
             +-[NAMED_PARAM] ParameterNode: '?' {name=idList1731_, expectedType=org.hibernate.type.LongType@4bf3f9d}
             +-[NAMED_PARAM] ParameterNode: '?' {name=idList1732_, expectedType=org.hibernate.type.LongType@4bf3f9d}
             +-[NAMED_PARAM] ParameterNode: '?' {name=idList1733_, expectedType=org.hibernate.type.LongType@4bf3f9d}
             +-[NAMED_PARAM] ParameterNode: '?' {name=idList1734_, expectedType=org.hibernate.type.LongType@4bf3f9d}
             +-[NAMED_PARAM] ParameterNode: '?' {name=idList1735_, expectedType=org.hibernate.type.LongType@4bf3f9d}
             +-[NAMED_PARAM] ParameterNode: '?' {name=idList1736_, expectedType=org.hibernate.type.LongType@4bf3f9d}
             +-[NAMED_PARAM] ParameterNode: '?' {name=idList1737_, expectedType=org.hibernate.type.LongType@4bf3f9d}
             +-[NAMED_PARAM] ParameterNode: '?' {name=idList1738_, expectedType=org.hibernate.type.LongType@4bf3f9d}
             +-[NAMED_PARAM] ParameterNode: '?' {name=idList1739_, expectedType=org.hibernate.type.LongType@4bf3f9d}
             +-[NAMED_PARAM] ParameterNode: '?' {name=idList1740_, expectedType=org.hibernate.type.LongType@4bf3f9d}
             +-[NAMED_PARAM] ParameterNode: '?' {name=idList1741_, expectedType=org.hibernate.type.LongType@4bf3f9d}
             +-[NAMED_PARAM] ParameterNode: '?' {name=idList1742_, expectedType=org.hibernate.type.LongType@4bf3f9d}
             +-[NAMED_PARAM] ParameterNode: '?' {name=idList1743_, expectedType=org.hibernate.type.LongType@4bf3f9d}
             +-[NAMED_PARAM] ParameterNode: '?' {name=idList1744_, expectedType=org.hibernate.type.LongType@4bf3f9d}
             +-[NAMED_PARAM] ParameterNode: '?' {name=idList1745_, expectedType=org.hibernate.type.LongType@4bf3f9d}
             +-[NAMED_PARAM] ParameterNode: '?' {name=idList1746_, expectedType=org.hibernate.type.LongType@4bf3f9d}
             +-[NAMED_PARAM] ParameterNode: '?' {name=idList1747_, expectedType=org.hibernate.type.LongType@4bf3f9d}
             +-[NAMED_PARAM] ParameterNode: '?' {name=idList1748_, expectedType=org.hibernate.type.LongType@4bf3f9d}
             +-[NAMED_PARAM] ParameterNode: '?' {name=idList1749_, expectedType=org.hibernate.type.LongType@4bf3f9d}
             +-[NAMED_PARAM] ParameterNode: '?' {name=idList1750_, expectedType=org.hibernate.type.LongType@4bf3f9d}
             +-[NAMED_PARAM] ParameterNode: '?' {name=idList1751_, expectedType=org.hibernate.type.LongType@4bf3f9d}
             +-[NAMED_PARAM] ParameterNode: '?' {name=idList1752_, expectedType=org.hibernate.type.LongType@4bf3f9d}
             +-[NAMED_PARAM] ParameterNode: '?' {name=idList1753_, expectedType=org.hibernate.type.LongType@4bf3f9d}
             +-[NAMED_PARAM] ParameterNode: '?' {name=idList1754_, expectedType=org.hibernate.type.LongType@4bf3f9d}
             +-[NAMED_PARAM] ParameterNode: '?' {name=idList1755_, expectedType=org.hibernate.type.LongType@4bf3f9d}
             +-[NAMED_PARAM] ParameterNode: '?' {name=idList1756_, expectedType=org.hibernate.type.LongType@4bf3f9d}
             +-[NAMED_PARAM] ParameterNode: '?' {name=idList1757_, expectedType=org.hibernate.type.LongType@4bf3f9d}
             +-[NAMED_PARAM] ParameterNode: '?' {name=idList1758_, expectedType=org.hibernate.type.LongType@4bf3f9d}
             +-[NAMED_PARAM] ParameterNode: '?' {name=idList1759_, expectedType=org.hibernate.type.LongType@4bf3f9d}
             +-[NAMED_PARAM] ParameterNode: '?' {name=idList1760_, expectedType=org.hibernate.type.LongType@4bf3f9d}
             +-[NAMED_PARAM] ParameterNode: '?' {name=idList1761_, expectedType=org.hibernate.type.LongType@4bf3f9d}
             +-[NAMED_PARAM] ParameterNode: '?' {name=idList1762_, expectedType=org.hibernate.type.LongType@4bf3f9d}
             +-[NAMED_PARAM] ParameterNode: '?' {name=idList1763_, expectedType=org.hibernate.type.LongType@4bf3f9d}
             +-[NAMED_PARAM] ParameterNode: '?' {name=idList1764_, expectedType=org.hibernate.type.LongType@4bf3f9d}
             +-[NAMED_PARAM] ParameterNode: '?' {name=idList1765_, expectedType=org.hibernate.type.LongType@4bf3f9d}
             +-[NAMED_PARAM] ParameterNode: '?' {name=idList1766_, expectedType=org.hibernate.type.LongType@4bf3f9d}
             +-[NAMED_PARAM] ParameterNode: '?' {name=idList1767_, expectedType=org.hibernate.type.LongType@4bf3f9d}
             +-[NAMED_PARAM] ParameterNode: '?' {name=idList1768_, expectedType=org.hibernate.type.LongType@4bf3f9d}
             +-[NAMED_PARAM] ParameterNode: '?' {name=idList1769_, expectedType=org.hibernate.type.LongType@4bf3f9d}
             +-[NAMED_PARAM] ParameterNode: '?' {name=idList1770_, expectedType=org.hibernate.type.LongType@4bf3f9d}
             +-[NAMED_PARAM] ParameterNode: '?' {name=idList1771_, expectedType=org.hibernate.type.LongType@4bf3f9d}
             +-[NAMED_PARAM] ParameterNode: '?' {name=idList1772_, expectedType=org.hibernate.type.LongType@4bf3f9d}
             +-[NAMED_PARAM] ParameterNode: '?' {name=idList1773_, expectedType=org.hibernate.type.LongType@4bf3f9d}
             +-[NAMED_PARAM] ParameterNode: '?' {name=idList1774_, expectedType=org.hibernate.type.LongType@4bf3f9d}
             +-[NAMED_PARAM] ParameterNode: '?' {name=idList1775_, expectedType=org.hibernate.type.LongType@4bf3f9d}
             +-[NAMED_PARAM] ParameterNode: '?' {name=idList1776_, expectedType=org.hibernate.type.LongType@4bf3f9d}
             +-[NAMED_PARAM] ParameterNode: '?' {name=idList1777_, expectedType=org.hibernate.type.LongType@4bf3f9d}
             +-[NAMED_PARAM] ParameterNode: '?' {name=idList1778_, expectedType=org.hibernate.type.LongType@4bf3f9d}
             +-[NAMED_PARAM] ParameterNode: '?' {name=idList1779_, expectedType=org.hibernate.type.LongType@4bf3f9d}
             +-[NAMED_PARAM] ParameterNode: '?' {name=idList1780_, expectedType=org.hibernate.type.LongType@4bf3f9d}
             +-[NAMED_PARAM] ParameterNode: '?' {name=idList1781_, expectedType=org.hibernate.type.LongType@4bf3f9d}
             +-[NAMED_PARAM] ParameterNode: '?' {name=idList1782_, expectedType=org.hibernate.type.LongType@4bf3f9d}
             +-[NAMED_PARAM] ParameterNode: '?' {name=idList1783_, expectedType=org.hibernate.type.LongType@4bf3f9d}
             +-[NAMED_PARAM] ParameterNode: '?' {name=idList1784_, expectedType=org.hibernate.type.LongType@4bf3f9d}
             +-[NAMED_PARAM] ParameterNode: '?' {name=idList1785_, expectedType=org.hibernate.type.LongType@4bf3f9d}
             +-[NAMED_PARAM] ParameterNode: '?' {name=idList1786_, expectedType=org.hibernate.type.LongType@4bf3f9d}
             +-[NAMED_PARAM] ParameterNode: '?' {name=idList1787_, expectedType=org.hibernate.type.LongType@4bf3f9d}
             +-[NAMED_PARAM] ParameterNode: '?' {name=idList1788_, expectedType=org.hibernate.type.LongType@4bf3f9d}
             +-[NAMED_PARAM] ParameterNode: '?' {name=idList1789_, expectedType=org.hibernate.type.LongType@4bf3f9d}
             +-[NAMED_PARAM] ParameterNode: '?' {name=idList1790_, expectedType=org.hibernate.type.LongType@4bf3f9d}
             +-[NAMED_PARAM] ParameterNode: '?' {name=idList1791_, expectedType=org.hibernate.type.LongType@4bf3f9d}
             +-[NAMED_PARAM] ParameterNode: '?' {name=idList1792_, expectedType=org.hibernate.type.LongType@4bf3f9d}
             +-[NAMED_PARAM] ParameterNode: '?' {name=idList1793_, expectedType=org.hibernate.type.LongType@4bf3f9d}
             +-[NAMED_PARAM] ParameterNode: '?' {name=idList1794_, expectedType=org.hibernate.type.LongType@4bf3f9d}
             +-[NAMED_PARAM] ParameterNode: '?' {name=idList1795_, expectedType=org.hibernate.type.LongType@4bf3f9d}
             +-[NAMED_PARAM] ParameterNode: '?' {name=idList1796_, expectedType=org.hibernate.type.LongType@4bf3f9d}
             +-[NAMED_PARAM] ParameterNode: '?' {name=idList1797_, expectedType=org.hibernate.type.LongType@4bf3f9d}
             +-[NAMED_PARAM] ParameterNode: '?' {name=idList1798_, expectedType=org.hibernate.type.LongType@4bf3f9d}
             +-[NAMED_PARAM] ParameterNode: '?' {name=idList1799_, expectedType=org.hibernate.type.LongType@4bf3f9d}
             +-[NAMED_PARAM] ParameterNode: '?' {name=idList1800_, expectedType=org.hibernate.type.LongType@4bf3f9d}
             +-[NAMED_PARAM] ParameterNode: '?' {name=idList1801_, expectedType=org.hibernate.type.LongType@4bf3f9d}
             +-[NAMED_PARAM] ParameterNode: '?' {name=idList1802_, expectedType=org.hibernate.type.LongType@4bf3f9d}
             +-[NAMED_PARAM] ParameterNode: '?' {name=idList1803_, expectedType=org.hibernate.type.LongType@4bf3f9d}
             +-[NAMED_PARAM] ParameterNode: '?' {name=idList1804_, expectedType=org.hibernate.type.LongType@4bf3f9d}
             +-[NAMED_PARAM] ParameterNode: '?' {name=idList1805_, expectedType=org.hibernate.type.LongType@4bf3f9d}
             +-[NAMED_PARAM] ParameterNode: '?' {name=idList1806_, expectedType=org.hibernate.type.LongType@4bf3f9d}
             +-[NAMED_PARAM] ParameterNode: '?' {name=idList1807_, expectedType=org.hibernate.type.LongType@4bf3f9d}
             +-[NAMED_PARAM] ParameterNode: '?' {name=idList1808_, expectedType=org.hibernate.type.LongType@4bf3f9d}
             +-[NAMED_PARAM] ParameterNode: '?' {name=idList1809_, expectedType=org.hibernate.type.LongType@4bf3f9d}
             +-[NAMED_PARAM] ParameterNode: '?' {name=idList1810_, expectedType=org.hibernate.type.LongType@4bf3f9d}
             +-[NAMED_PARAM] ParameterNode: '?' {name=idList1811_, expectedType=org.hibernate.type.LongType@4bf3f9d}
             +-[NAMED_PARAM] ParameterNode: '?' {name=idList1812_, expectedType=org.hibernate.type.LongType@4bf3f9d}
             +-[NAMED_PARAM] ParameterNode: '?' {name=idList1813_, expectedType=org.hibernate.type.LongType@4bf3f9d}
             +-[NAMED_PARAM] ParameterNode: '?' {name=idList1814_, expectedType=org.hibernate.type.LongType@4bf3f9d}
             +-[NAMED_PARAM] ParameterNode: '?' {name=idList1815_, expectedType=org.hibernate.type.LongType@4bf3f9d}
             +-[NAMED_PARAM] ParameterNode: '?' {name=idList1816_, expectedType=org.hibernate.type.LongType@4bf3f9d}
             +-[NAMED_PARAM] ParameterNode: '?' {name=idList1817_, expectedType=org.hibernate.type.LongType@4bf3f9d}
             +-[NAMED_PARAM] ParameterNode: '?' {name=idList1818_, expectedType=org.hibernate.type.LongType@4bf3f9d}
             +-[NAMED_PARAM] ParameterNode: '?' {name=idList1819_, expectedType=org.hibernate.type.LongType@4bf3f9d}
             +-[NAMED_PARAM] ParameterNode: '?' {name=idList1820_, expectedType=org.hibernate.type.LongType@4bf3f9d}
             +-[NAMED_PARAM] ParameterNode: '?' {name=idList1821_, expectedType=org.hibernate.type.LongType@4bf3f9d}
             +-[NAMED_PARAM] ParameterNode: '?' {name=idList1822_, expectedType=org.hibernate.type.LongType@4bf3f9d}
             +-[NAMED_PARAM] ParameterNode: '?' {name=idList1823_, expectedType=org.hibernate.type.LongType@4bf3f9d}
             +-[NAMED_PARAM] ParameterNode: '?' {name=idList1824_, expectedType=org.hibernate.type.LongType@4bf3f9d}
             +-[NAMED_PARAM] ParameterNode: '?' {name=idList1825_, expectedType=org.hibernate.type.LongType@4bf3f9d}
             +-[NAMED_PARAM] ParameterNode: '?' {name=idList1826_, expectedType=org.hibernate.type.LongType@4bf3f9d}
             +-[NAMED_PARAM] ParameterNode: '?' {name=idList1827_, expectedType=org.hibernate.type.LongType@4bf3f9d}
             +-[NAMED_PARAM] ParameterNode: '?' {name=idList1828_, expectedType=org.hibernate.type.LongType@4bf3f9d}
             +-[NAMED_PARAM] ParameterNode: '?' {name=idList1829_, expectedType=org.hibernate.type.LongType@4bf3f9d}
             +-[NAMED_PARAM] ParameterNode: '?' {name=idList1830_, expectedType=org.hibernate.type.LongType@4bf3f9d}
             +-[NAMED_PARAM] ParameterNode: '?' {name=idList1831_, expectedType=org.hibernate.type.LongType@4bf3f9d}
             +-[NAMED_PARAM] ParameterNode: '?' {name=idList1832_, expectedType=org.hibernate.type.LongType@4bf3f9d}
             +-[NAMED_PARAM] ParameterNode: '?' {name=idList1833_, expectedType=org.hibernate.type.LongType@4bf3f9d}
             +-[NAMED_PARAM] ParameterNode: '?' {name=idList1834_, expectedType=org.hibernate.type.LongType@4bf3f9d}
             +-[NAMED_PARAM] ParameterNode: '?' {name=idList1835_, expectedType=org.hibernate.type.LongType@4bf3f9d}
             +-[NAMED_PARAM] ParameterNode: '?' {name=idList1836_, expectedType=org.hibernate.type.LongType@4bf3f9d}
             +-[NAMED_PARAM] ParameterNode: '?' {name=idList1837_, expectedType=org.hibernate.type.LongType@4bf3f9d}
             +-[NAMED_PARAM] ParameterNode: '?' {name=idList1838_, expectedType=org.hibernate.type.LongType@4bf3f9d}
             +-[NAMED_PARAM] ParameterNode: '?' {name=idList1839_, expectedType=org.hibernate.type.LongType@4bf3f9d}
             +-[NAMED_PARAM] ParameterNode: '?' {name=idList1840_, expectedType=org.hibernate.type.LongType@4bf3f9d}
             +-[NAMED_PARAM] ParameterNode: '?' {name=idList1841_, expectedType=org.hibernate.type.LongType@4bf3f9d}
             +-[NAMED_PARAM] ParameterNode: '?' {name=idList1842_, expectedType=org.hibernate.type.LongType@4bf3f9d}
             +-[NAMED_PARAM] ParameterNode: '?' {name=idList1843_, expectedType=org.hibernate.type.LongType@4bf3f9d}
             +-[NAMED_PARAM] ParameterNode: '?' {name=idList1844_, expectedType=org.hibernate.type.LongType@4bf3f9d}
             +-[NAMED_PARAM] ParameterNode: '?' {name=idList1845_, expectedType=org.hibernate.type.LongType@4bf3f9d}
             +-[NAMED_PARAM] ParameterNode: '?' {name=idList1846_, expectedType=org.hibernate.type.LongType@4bf3f9d}
             +-[NAMED_PARAM] ParameterNode: '?' {name=idList1847_, expectedType=org.hibernate.type.LongType@4bf3f9d}
             +-[NAMED_PARAM] ParameterNode: '?' {name=idList1848_, expectedType=org.hibernate.type.LongType@4bf3f9d}
             +-[NAMED_PARAM] ParameterNode: '?' {name=idList1849_, expectedType=org.hibernate.type.LongType@4bf3f9d}
             +-[NAMED_PARAM] ParameterNode: '?' {name=idList1850_, expectedType=org.hibernate.type.LongType@4bf3f9d}
             +-[NAMED_PARAM] ParameterNode: '?' {name=idList1851_, expectedType=org.hibernate.type.LongType@4bf3f9d}
             +-[NAMED_PARAM] ParameterNode: '?' {name=idList1852_, expectedType=org.hibernate.type.LongType@4bf3f9d}
             +-[NAMED_PARAM] ParameterNode: '?' {name=idList1853_, expectedType=org.hibernate.type.LongType@4bf3f9d}
             +-[NAMED_PARAM] ParameterNode: '?' {name=idList1854_, expectedType=org.hibernate.type.LongType@4bf3f9d}
             +-[NAMED_PARAM] ParameterNode: '?' {name=idList1855_, expectedType=org.hibernate.type.LongType@4bf3f9d}
             +-[NAMED_PARAM] ParameterNode: '?' {name=idList1856_, expectedType=org.hibernate.type.LongType@4bf3f9d}
             +-[NAMED_PARAM] ParameterNode: '?' {name=idList1857_, expectedType=org.hibernate.type.LongType@4bf3f9d}
             +-[NAMED_PARAM] ParameterNode: '?' {name=idList1858_, expectedType=org.hibernate.type.LongType@4bf3f9d}
             +-[NAMED_PARAM] ParameterNode: '?' {name=idList1859_, expectedType=org.hibernate.type.LongType@4bf3f9d}
             +-[NAMED_PARAM] ParameterNode: '?' {name=idList1860_, expectedType=org.hibernate.type.LongType@4bf3f9d}
             +-[NAMED_PARAM] ParameterNode: '?' {name=idList1861_, expectedType=org.hibernate.type.LongType@4bf3f9d}
             +-[NAMED_PARAM] ParameterNode: '?' {name=idList1862_, expectedType=org.hibernate.type.LongType@4bf3f9d}
             +-[NAMED_PARAM] ParameterNode: '?' {name=idList1863_, expectedType=org.hibernate.type.LongType@4bf3f9d}
             +-[NAMED_PARAM] ParameterNode: '?' {name=idList1864_, expectedType=org.hibernate.type.LongType@4bf3f9d}
             +-[NAMED_PARAM] ParameterNode: '?' {name=idList1865_, expectedType=org.hibernate.type.LongType@4bf3f9d}
             +-[NAMED_PARAM] ParameterNode: '?' {name=idList1866_, expectedType=org.hibernate.type.LongType@4bf3f9d}
             +-[NAMED_PARAM] ParameterNode: '?' {name=idList1867_, expectedType=org.hibernate.type.LongType@4bf3f9d}
             +-[NAMED_PARAM] ParameterNode: '?' {name=idList1868_, expectedType=org.hibernate.type.LongType@4bf3f9d}
             +-[NAMED_PARAM] ParameterNode: '?' {name=idList1869_, expectedType=org.hibernate.type.LongType@4bf3f9d}
             +-[NAMED_PARAM] ParameterNode: '?' {name=idList1870_, expectedType=org.hibernate.type.LongType@4bf3f9d}
             +-[NAMED_PARAM] ParameterNode: '?' {name=idList1871_, expectedType=org.hibernate.type.LongType@4bf3f9d}
             +-[NAMED_PARAM] ParameterNode: '?' {name=idList1872_, expectedType=org.hibernate.type.LongType@4bf3f9d}
             +-[NAMED_PARAM] ParameterNode: '?' {name=idList1873_, expectedType=org.hibernate.type.LongType@4bf3f9d}
             +-[NAMED_PARAM] ParameterNode: '?' {name=idList1874_, expectedType=org.hibernate.type.LongType@4bf3f9d}
             +-[NAMED_PARAM] ParameterNode: '?' {name=idList1875_, expectedType=org.hibernate.type.LongType@4bf3f9d}
             +-[NAMED_PARAM] ParameterNode: '?' {name=idList1876_, expectedType=org.hibernate.type.LongType@4bf3f9d}
             +-[NAMED_PARAM] ParameterNode: '?' {name=idList1877_, expectedType=org.hibernate.type.LongType@4bf3f9d}
             +-[NAMED_PARAM] ParameterNode: '?' {name=idList1878_, expectedType=org.hibernate.type.LongType@4bf3f9d}
             +-[NAMED_PARAM] ParameterNode: '?' {name=idList1879_, expectedType=org.hibernate.type.LongType@4bf3f9d}
             +-[NAMED_PARAM] ParameterNode: '?' {name=idList1880_, expectedType=org.hibernate.type.LongType@4bf3f9d}
             +-[NAMED_PARAM] ParameterNode: '?' {name=idList1881_, expectedType=org.hibernate.type.LongType@4bf3f9d}
             +-[NAMED_PARAM] ParameterNode: '?' {name=idList1882_, expectedType=org.hibernate.type.LongType@4bf3f9d}
             +-[NAMED_PARAM] ParameterNode: '?' {name=idList1883_, expectedType=org.hibernate.type.LongType@4bf3f9d}
             +-[NAMED_PARAM] ParameterNode: '?' {name=idList1884_, expectedType=org.hibernate.type.LongType@4bf3f9d}
             +-[NAMED_PARAM] ParameterNode: '?' {name=idList1885_, expectedType=org.hibernate.type.LongType@4bf3f9d}
             +-[NAMED_PARAM] ParameterNode: '?' {name=idList1886_, expectedType=org.hibernate.type.LongType@4bf3f9d}
             +-[NAMED_PARAM] ParameterNode: '?' {name=idList1887_, expectedType=org.hibernate.type.LongType@4bf3f9d}
             +-[NAMED_PARAM] ParameterNode: '?' {name=idList1888_, expectedType=org.hibernate.type.LongType@4bf3f9d}
             +-[NAMED_PARAM] ParameterNode: '?' {name=idList1889_, expectedType=org.hibernate.type.LongType@4bf3f9d}
             +-[NAMED_PARAM] ParameterNode: '?' {name=idList1890_, expectedType=org.hibernate.type.LongType@4bf3f9d}
             +-[NAMED_PARAM] ParameterNode: '?' {name=idList1891_, expectedType=org.hibernate.type.LongType@4bf3f9d}
             +-[NAMED_PARAM] ParameterNode: '?' {name=idList1892_, expectedType=org.hibernate.type.LongType@4bf3f9d}
             +-[NAMED_PARAM] ParameterNode: '?' {name=idList1893_, expectedType=org.hibernate.type.LongType@4bf3f9d}
             +-[NAMED_PARAM] ParameterNode: '?' {name=idList1894_, expectedType=org.hibernate.type.LongType@4bf3f9d}
             +-[NAMED_PARAM] ParameterNode: '?' {name=idList1895_, expectedType=org.hibernate.type.LongType@4bf3f9d}
             +-[NAMED_PARAM] ParameterNode: '?' {name=idList1896_, expectedType=org.hibernate.type.LongType@4bf3f9d}
             +-[NAMED_PARAM] ParameterNode: '?' {name=idList1897_, expectedType=org.hibernate.type.LongType@4bf3f9d}
             +-[NAMED_PARAM] ParameterNode: '?' {name=idList1898_, expectedType=org.hibernate.type.LongType@4bf3f9d}
             +-[NAMED_PARAM] ParameterNode: '?' {name=idList1899_, expectedType=org.hibernate.type.LongType@4bf3f9d}
             +-[NAMED_PARAM] ParameterNode: '?' {name=idList1900_, expectedType=org.hibernate.type.LongType@4bf3f9d}
             +-[NAMED_PARAM] ParameterNode: '?' {name=idList1901_, expectedType=org.hibernate.type.LongType@4bf3f9d}
             +-[NAMED_PARAM] ParameterNode: '?' {name=idList1902_, expectedType=org.hibernate.type.LongType@4bf3f9d}
             +-[NAMED_PARAM] ParameterNode: '?' {name=idList1903_, expectedType=org.hibernate.type.LongType@4bf3f9d}
             +-[NAMED_PARAM] ParameterNode: '?' {name=idList1904_, expectedType=org.hibernate.type.LongType@4bf3f9d}
             +-[NAMED_PARAM] ParameterNode: '?' {name=idList1905_, expectedType=org.hibernate.type.LongType@4bf3f9d}
             +-[NAMED_PARAM] ParameterNode: '?' {name=idList1906_, expectedType=org.hibernate.type.LongType@4bf3f9d}
             +-[NAMED_PARAM] ParameterNode: '?' {name=idList1907_, expectedType=org.hibernate.type.LongType@4bf3f9d}
             +-[NAMED_PARAM] ParameterNode: '?' {name=idList1908_, expectedType=org.hibernate.type.LongType@4bf3f9d}
             +-[NAMED_PARAM] ParameterNode: '?' {name=idList1909_, expectedType=org.hibernate.type.LongType@4bf3f9d}
             +-[NAMED_PARAM] ParameterNode: '?' {name=idList1910_, expectedType=org.hibernate.type.LongType@4bf3f9d}
             +-[NAMED_PARAM] ParameterNode: '?' {name=idList1911_, expectedType=org.hibernate.type.LongType@4bf3f9d}
             +-[NAMED_PARAM] ParameterNode: '?' {name=idList1912_, expectedType=org.hibernate.type.LongType@4bf3f9d}
             +-[NAMED_PARAM] ParameterNode: '?' {name=idList1913_, expectedType=org.hibernate.type.LongType@4bf3f9d}
             +-[NAMED_PARAM] ParameterNode: '?' {name=idList1914_, expectedType=org.hibernate.type.LongType@4bf3f9d}
             +-[NAMED_PARAM] ParameterNode: '?' {name=idList1915_, expectedType=org.hibernate.type.LongType@4bf3f9d}
             +-[NAMED_PARAM] ParameterNode: '?' {name=idList1916_, expectedType=org.hibernate.type.LongType@4bf3f9d}
             +-[NAMED_PARAM] ParameterNode: '?' {name=idList1917_, expectedType=org.hibernate.type.LongType@4bf3f9d}
             +-[NAMED_PARAM] ParameterNode: '?' {name=idList1918_, expectedType=org.hibernate.type.LongType@4bf3f9d}
             +-[NAMED_PARAM] ParameterNode: '?' {name=idList1919_, expectedType=org.hibernate.type.LongType@4bf3f9d}
             +-[NAMED_PARAM] ParameterNode: '?' {name=idList1920_, expectedType=org.hibernate.type.LongType@4bf3f9d}
             +-[NAMED_PARAM] ParameterNode: '?' {name=idList1921_, expectedType=org.hibernate.type.LongType@4bf3f9d}
             +-[NAMED_PARAM] ParameterNode: '?' {name=idList1922_, expectedType=org.hibernate.type.LongType@4bf3f9d}
             +-[NAMED_PARAM] ParameterNode: '?' {name=idList1923_, expectedType=org.hibernate.type.LongType@4bf3f9d}
             +-[NAMED_PARAM] ParameterNode: '?' {name=idList1924_, expectedType=org.hibernate.type.LongType@4bf3f9d}
             +-[NAMED_PARAM] ParameterNode: '?' {name=idList1925_, expectedType=org.hibernate.type.LongType@4bf3f9d}
             +-[NAMED_PARAM] ParameterNode: '?' {name=idList1926_, expectedType=org.hibernate.type.LongType@4bf3f9d}
             +-[NAMED_PARAM] ParameterNode: '?' {name=idList1927_, expectedType=org.hibernate.type.LongType@4bf3f9d}
             +-[NAMED_PARAM] ParameterNode: '?' {name=idList1928_, expectedType=org.hibernate.type.LongType@4bf3f9d}
             +-[NAMED_PARAM] ParameterNode: '?' {name=idList1929_, expectedType=org.hibernate.type.LongType@4bf3f9d}
             +-[NAMED_PARAM] ParameterNode: '?' {name=idList1930_, expectedType=org.hibernate.type.LongType@4bf3f9d}
             +-[NAMED_PARAM] ParameterNode: '?' {name=idList1931_, expectedType=org.hibernate.type.LongType@4bf3f9d}
             +-[NAMED_PARAM] ParameterNode: '?' {name=idList1932_, expectedType=org.hibernate.type.LongType@4bf3f9d}
             +-[NAMED_PARAM] ParameterNode: '?' {name=idList1933_, expectedType=org.hibernate.type.LongType@4bf3f9d}
             +-[NAMED_PARAM] ParameterNode: '?' {name=idList1934_, expectedType=org.hibernate.type.LongType@4bf3f9d}
             +-[NAMED_PARAM] ParameterNode: '?' {name=idList1935_, expectedType=org.hibernate.type.LongType@4bf3f9d}
             +-[NAMED_PARAM] ParameterNode: '?' {name=idList1936_, expectedType=org.hibernate.type.LongType@4bf3f9d}
             +-[NAMED_PARAM] ParameterNode: '?' {name=idList1937_, expectedType=org.hibernate.type.LongType@4bf3f9d}
             +-[NAMED_PARAM] ParameterNode: '?' {name=idList1938_, expectedType=org.hibernate.type.LongType@4bf3f9d}
             +-[NAMED_PARAM] ParameterNode: '?' {name=idList1939_, expectedType=org.hibernate.type.LongType@4bf3f9d}
             +-[NAMED_PARAM] ParameterNode: '?' {name=idList1940_, expectedType=org.hibernate.type.LongType@4bf3f9d}
             +-[NAMED_PARAM] ParameterNode: '?' {name=idList1941_, expectedType=org.hibernate.type.LongType@4bf3f9d}
             +-[NAMED_PARAM] ParameterNode: '?' {name=idList1942_, expectedType=org.hibernate.type.LongType@4bf3f9d}
             +-[NAMED_PARAM] ParameterNode: '?' {name=idList1943_, expectedType=org.hibernate.type.LongType@4bf3f9d}
             +-[NAMED_PARAM] ParameterNode: '?' {name=idList1944_, expectedType=org.hibernate.type.LongType@4bf3f9d}
             +-[NAMED_PARAM] ParameterNode: '?' {name=idList1945_, expectedType=org.hibernate.type.LongType@4bf3f9d}
             +-[NAMED_PARAM] ParameterNode: '?' {name=idList1946_, expectedType=org.hibernate.type.LongType@4bf3f9d}
             +-[NAMED_PARAM] ParameterNode: '?' {name=idList1947_, expectedType=org.hibernate.type.LongType@4bf3f9d}
             +-[NAMED_PARAM] ParameterNode: '?' {name=idList1948_, expectedType=org.hibernate.type.LongType@4bf3f9d}
             +-[NAMED_PARAM] ParameterNode: '?' {name=idList1949_, expectedType=org.hibernate.type.LongType@4bf3f9d}
             +-[NAMED_PARAM] ParameterNode: '?' {name=idList1950_, expectedType=org.hibernate.type.LongType@4bf3f9d}
             +-[NAMED_PARAM] ParameterNode: '?' {name=idList1951_, expectedType=org.hibernate.type.LongType@4bf3f9d}
             +-[NAMED_PARAM] ParameterNode: '?' {name=idList1952_, expectedType=org.hibernate.type.LongType@4bf3f9d}
             +-[NAMED_PARAM] ParameterNode: '?' {name=idList1953_, expectedType=org.hibernate.type.LongType@4bf3f9d}
             +-[NAMED_PARAM] ParameterNode: '?' {name=idList1954_, expectedType=org.hibernate.type.LongType@4bf3f9d}
             +-[NAMED_PARAM] ParameterNode: '?' {name=idList1955_, expectedType=org.hibernate.type.LongType@4bf3f9d}
             +-[NAMED_PARAM] ParameterNode: '?' {name=idList1956_, expectedType=org.hibernate.type.LongType@4bf3f9d}
             +-[NAMED_PARAM] ParameterNode: '?' {name=idList1957_, expectedType=org.hibernate.type.LongType@4bf3f9d}
             +-[NAMED_PARAM] ParameterNode: '?' {name=idList1958_, expectedType=org.hibernate.type.LongType@4bf3f9d}
             +-[NAMED_PARAM] ParameterNode: '?' {name=idList1959_, expectedType=org.hibernate.type.LongType@4bf3f9d}
             +-[NAMED_PARAM] ParameterNode: '?' {name=idList1960_, expectedType=org.hibernate.type.LongType@4bf3f9d}
             +-[NAMED_PARAM] ParameterNode: '?' {name=idList1961_, expectedType=org.hibernate.type.LongType@4bf3f9d}
             +-[NAMED_PARAM] ParameterNode: '?' {name=idList1962_, expectedType=org.hibernate.type.LongType@4bf3f9d}
             +-[NAMED_PARAM] ParameterNode: '?' {name=idList1963_, expectedType=org.hibernate.type.LongType@4bf3f9d}
             +-[NAMED_PARAM] ParameterNode: '?' {name=idList1964_, expectedType=org.hibernate.type.LongType@4bf3f9d}
             +-[NAMED_PARAM] ParameterNode: '?' {name=idList1965_, expectedType=org.hibernate.type.LongType@4bf3f9d}
             +-[NAMED_PARAM] ParameterNode: '?' {name=idList1966_, expectedType=org.hibernate.type.LongType@4bf3f9d}
             +-[NAMED_PARAM] ParameterNode: '?' {name=idList1967_, expectedType=org.hibernate.type.LongType@4bf3f9d}
             +-[NAMED_PARAM] ParameterNode: '?' {name=idList1968_, expectedType=org.hibernate.type.LongType@4bf3f9d}
             +-[NAMED_PARAM] ParameterNode: '?' {name=idList1969_, expectedType=org.hibernate.type.LongType@4bf3f9d}
             +-[NAMED_PARAM] ParameterNode: '?' {name=idList1970_, expectedType=org.hibernate.type.LongType@4bf3f9d}
             +-[NAMED_PARAM] ParameterNode: '?' {name=idList1971_, expectedType=org.hibernate.type.LongType@4bf3f9d}
             +-[NAMED_PARAM] ParameterNode: '?' {name=idList1972_, expectedType=org.hibernate.type.LongType@4bf3f9d}
             +-[NAMED_PARAM] ParameterNode: '?' {name=idList1973_, expectedType=org.hibernate.type.LongType@4bf3f9d}
             +-[NAMED_PARAM] ParameterNode: '?' {name=idList1974_, expectedType=org.hibernate.type.LongType@4bf3f9d}
             +-[NAMED_PARAM] ParameterNode: '?' {name=idList1975_, expectedType=org.hibernate.type.LongType@4bf3f9d}
             +-[NAMED_PARAM] ParameterNode: '?' {name=idList1976_, expectedType=org.hibernate.type.LongType@4bf3f9d}
             +-[NAMED_PARAM] ParameterNode: '?' {name=idList1977_, expectedType=org.hibernate.type.LongType@4bf3f9d}
             +-[NAMED_PARAM] ParameterNode: '?' {name=idList1978_, expectedType=org.hibernate.type.LongType@4bf3f9d}
             +-[NAMED_PARAM] ParameterNode: '?' {name=idList1979_, expectedType=org.hibernate.type.LongType@4bf3f9d}
             +-[NAMED_PARAM] ParameterNode: '?' {name=idList1980_, expectedType=org.hibernate.type.LongType@4bf3f9d}
             +-[NAMED_PARAM] ParameterNode: '?' {name=idList1981_, expectedType=org.hibernate.type.LongType@4bf3f9d}
             +-[NAMED_PARAM] ParameterNode: '?' {name=idList1982_, expectedType=org.hibernate.type.LongType@4bf3f9d}
             +-[NAMED_PARAM] ParameterNode: '?' {name=idList1983_, expectedType=org.hibernate.type.LongType@4bf3f9d}
             +-[NAMED_PARAM] ParameterNode: '?' {name=idList1984_, expectedType=org.hibernate.type.LongType@4bf3f9d}
             +-[NAMED_PARAM] ParameterNode: '?' {name=idList1985_, expectedType=org.hibernate.type.LongType@4bf3f9d}
             +-[NAMED_PARAM] ParameterNode: '?' {name=idList1986_, expectedType=org.hibernate.type.LongType@4bf3f9d}
             +-[NAMED_PARAM] ParameterNode: '?' {name=idList1987_, expectedType=org.hibernate.type.LongType@4bf3f9d}
             +-[NAMED_PARAM] ParameterNode: '?' {name=idList1988_, expectedType=org.hibernate.type.LongType@4bf3f9d}
             +-[NAMED_PARAM] ParameterNode: '?' {name=idList1989_, expectedType=org.hibernate.type.LongType@4bf3f9d}
             +-[NAMED_PARAM] ParameterNode: '?' {name=idList1990_, expectedType=org.hibernate.type.LongType@4bf3f9d}
             +-[NAMED_PARAM] ParameterNode: '?' {name=idList1991_, expectedType=org.hibernate.type.LongType@4bf3f9d}
             +-[NAMED_PARAM] ParameterNode: '?' {name=idList1992_, expectedType=org.hibernate.type.LongType@4bf3f9d}
             +-[NAMED_PARAM] ParameterNode: '?' {name=idList1993_, expectedType=org.hibernate.type.LongType@4bf3f9d}
             +-[NAMED_PARAM] ParameterNode: '?' {name=idList1994_, expectedType=org.hibernate.type.LongType@4bf3f9d}
             +-[NAMED_PARAM] ParameterNode: '?' {name=idList1995_, expectedType=org.hibernate.type.LongType@4bf3f9d}
             +-[NAMED_PARAM] ParameterNode: '?' {name=idList1996_, expectedType=org.hibernate.type.LongType@4bf3f9d}
             +-[NAMED_PARAM] ParameterNode: '?' {name=idList1997_, expectedType=org.hibernate.type.LongType@4bf3f9d}
             +-[NAMED_PARAM] ParameterNode: '?' {name=idList1998_, expectedType=org.hibernate.type.LongType@4bf3f9d}
             +-[NAMED_PARAM] ParameterNode: '?' {name=idList1999_, expectedType=org.hibernate.type.LongType@4bf3f9d}
             +-[NAMED_PARAM] ParameterNode: '?' {name=idList2000_, expectedType=org.hibernate.type.LongType@4bf3f9d}
             +-[NAMED_PARAM] ParameterNode: '?' {name=idList2001_, expectedType=org.hibernate.type.LongType@4bf3f9d}
             +-[NAMED_PARAM] ParameterNode: '?' {name=idList2002_, expectedType=org.hibernate.type.LongType@4bf3f9d}
             +-[NAMED_PARAM] ParameterNode: '?' {name=idList2003_, expectedType=org.hibernate.type.LongType@4bf3f9d}
             +-[NAMED_PARAM] ParameterNode: '?' {name=idList2004_, expectedType=org.hibernate.type.LongType@4bf3f9d}
             +-[NAMED_PARAM] ParameterNode: '?' {name=idList2005_, expectedType=org.hibernate.type.LongType@4bf3f9d}
             +-[NAMED_PARAM] ParameterNode: '?' {name=idList2006_, expectedType=org.hibernate.type.LongType@4bf3f9d}
             +-[NAMED_PARAM] ParameterNode: '?' {name=idList2007_, expectedType=org.hibernate.type.LongType@4bf3f9d}
             +-[NAMED_PARAM] ParameterNode: '?' {name=idList2008_, expectedType=org.hibernate.type.LongType@4bf3f9d}
             +-[NAMED_PARAM] ParameterNode: '?' {name=idList2009_, expectedType=org.hibernate.type.LongType@4bf3f9d}
             +-[NAMED_PARAM] ParameterNode: '?' {name=idList2010_, expectedType=org.hibernate.type.LongType@4bf3f9d}
             +-[NAMED_PARAM] ParameterNode: '?' {name=idList2011_, expectedType=org.hibernate.type.LongType@4bf3f9d}
             +-[NAMED_PARAM] ParameterNode: '?' {name=idList2012_, expectedType=org.hibernate.type.LongType@4bf3f9d}
             +-[NAMED_PARAM] ParameterNode: '?' {name=idList2013_, expectedType=org.hibernate.type.LongType@4bf3f9d}
             +-[NAMED_PARAM] ParameterNode: '?' {name=idList2014_, expectedType=org.hibernate.type.LongType@4bf3f9d}
             +-[NAMED_PARAM] ParameterNode: '?' {name=idList2015_, expectedType=org.hibernate.type.LongType@4bf3f9d}
             +-[NAMED_PARAM] ParameterNode: '?' {name=idList2016_, expectedType=org.hibernate.type.LongType@4bf3f9d}
             +-[NAMED_PARAM] ParameterNode: '?' {name=idList2017_, expectedType=org.hibernate.type.LongType@4bf3f9d}
             +-[NAMED_PARAM] ParameterNode: '?' {name=idList2018_, expectedType=org.hibernate.type.LongType@4bf3f9d}
             +-[NAMED_PARAM] ParameterNode: '?' {name=idList2019_, expectedType=org.hibernate.type.LongType@4bf3f9d}
             +-[NAMED_PARAM] ParameterNode: '?' {name=idList2020_, expectedType=org.hibernate.type.LongType@4bf3f9d}
             +-[NAMED_PARAM] ParameterNode: '?' {name=idList2021_, expectedType=org.hibernate.type.LongType@4bf3f9d}
             +-[NAMED_PARAM] ParameterNode: '?' {name=idList2022_, expectedType=org.hibernate.type.LongType@4bf3f9d}
             +-[NAMED_PARAM] ParameterNode: '?' {name=idList2023_, expectedType=org.hibernate.type.LongType@4bf3f9d}
             +-[NAMED_PARAM] ParameterNode: '?' {name=idList2024_, expectedType=org.hibernate.type.LongType@4bf3f9d}
             +-[NAMED_PARAM] ParameterNode: '?' {name=idList2025_, expectedType=org.hibernate.type.LongType@4bf3f9d}
             +-[NAMED_PARAM] ParameterNode: '?' {name=idList2026_, expectedType=org.hibernate.type.LongType@4bf3f9d}
             +-[NAMED_PARAM] ParameterNode: '?' {name=idList2027_, expectedType=org.hibernate.type.LongType@4bf3f9d}
             +-[NAMED_PARAM] ParameterNode: '?' {name=idList2028_, expectedType=org.hibernate.type.LongType@4bf3f9d}
             +-[NAMED_PARAM] ParameterNode: '?' {name=idList2029_, expectedType=org.hibernate.type.LongType@4bf3f9d}
             +-[NAMED_PARAM] ParameterNode: '?' {name=idList2030_, expectedType=org.hibernate.type.LongType@4bf3f9d}
             +-[NAMED_PARAM] ParameterNode: '?' {name=idList2031_, expectedType=org.hibernate.type.LongType@4bf3f9d}
             +-[NAMED_PARAM] ParameterNode: '?' {name=idList2032_, expectedType=org.hibernate.type.LongType@4bf3f9d}
             +-[NAMED_PARAM] ParameterNode: '?' {name=idList2033_, expectedType=org.hibernate.type.LongType@4bf3f9d}
             +-[NAMED_PARAM] ParameterNode: '?' {name=idList2034_, expectedType=org.hibernate.type.LongType@4bf3f9d}
             +-[NAMED_PARAM] ParameterNode: '?' {name=idList2035_, expectedType=org.hibernate.type.LongType@4bf3f9d}
             +-[NAMED_PARAM] ParameterNode: '?' {name=idList2036_, expectedType=org.hibernate.type.LongType@4bf3f9d}
             +-[NAMED_PARAM] ParameterNode: '?' {name=idList2037_, expectedType=org.hibernate.type.LongType@4bf3f9d}
             +-[NAMED_PARAM] ParameterNode: '?' {name=idList2038_, expectedType=org.hibernate.type.LongType@4bf3f9d}
             +-[NAMED_PARAM] ParameterNode: '?' {name=idList2039_, expectedType=org.hibernate.type.LongType@4bf3f9d}
             +-[NAMED_PARAM] ParameterNode: '?' {name=idList2040_, expectedType=org.hibernate.type.LongType@4bf3f9d}
             +-[NAMED_PARAM] ParameterNode: '?' {name=idList2041_, expectedType=org.hibernate.type.LongType@4bf3f9d}
             +-[NAMED_PARAM] ParameterNode: '?' {name=idList2042_, expectedType=org.hibernate.type.LongType@4bf3f9d}
             +-[NAMED_PARAM] ParameterNode: '?' {name=idList2043_, expectedType=org.hibernate.type.LongType@4bf3f9d}
             +-[NAMED_PARAM] ParameterNode: '?' {name=idList2044_, expectedType=org.hibernate.type.LongType@4bf3f9d}
             +-[NAMED_PARAM] ParameterNode: '?' {name=idList2045_, expectedType=org.hibernate.type.LongType@4bf3f9d}
             +-[NAMED_PARAM] ParameterNode: '?' {name=idList2046_, expectedType=org.hibernate.type.LongType@4bf3f9d}
             +-[NAMED_PARAM] ParameterNode: '?' {name=idList2047_, expectedType=org.hibernate.type.LongType@4bf3f9d}
             +-[NAMED_PARAM] ParameterNode: '?' {name=idList2048_, expectedType=org.hibernate.type.LongType@4bf3f9d}
             +-[NAMED_PARAM] ParameterNode: '?' {name=idList2049_, expectedType=org.hibernate.type.LongType@4bf3f9d}
             +-[NAMED_PARAM] ParameterNode: '?' {name=idList2050_, expectedType=org.hibernate.type.LongType@4bf3f9d}
             +-[NAMED_PARAM] ParameterNode: '?' {name=idList2051_, expectedType=org.hibernate.type.LongType@4bf3f9d}
             +-[NAMED_PARAM] ParameterNode: '?' {name=idList2052_, expectedType=org.hibernate.type.LongType@4bf3f9d}
             +-[NAMED_PARAM] ParameterNode: '?' {name=idList2053_, expectedType=org.hibernate.type.LongType@4bf3f9d}
             +-[NAMED_PARAM] ParameterNode: '?' {name=idList2054_, expectedType=org.hibernate.type.LongType@4bf3f9d}
             +-[NAMED_PARAM] ParameterNode: '?' {name=idList2055_, expectedType=org.hibernate.type.LongType@4bf3f9d}
             +-[NAMED_PARAM] ParameterNode: '?' {name=idList2056_, expectedType=org.hibernate.type.LongType@4bf3f9d}
             +-[NAMED_PARAM] ParameterNode: '?' {name=idList2057_, expectedType=org.hibernate.type.LongType@4bf3f9d}
             +-[NAMED_PARAM] ParameterNode: '?' {name=idList2058_, expectedType=org.hibernate.type.LongType@4bf3f9d}
             +-[NAMED_PARAM] ParameterNode: '?' {name=idList2059_, expectedType=org.hibernate.type.LongType@4bf3f9d}
             +-[NAMED_PARAM] ParameterNode: '?' {name=idList2060_, expectedType=org.hibernate.type.LongType@4bf3f9d}
             +-[NAMED_PARAM] ParameterNode: '?' {name=idList2061_, expectedType=org.hibernate.type.LongType@4bf3f9d}
             +-[NAMED_PARAM] ParameterNode: '?' {name=idList2062_, expectedType=org.hibernate.type.LongType@4bf3f9d}
             +-[NAMED_PARAM] ParameterNode: '?' {name=idList2063_, expectedType=org.hibernate.type.LongType@4bf3f9d}
             +-[NAMED_PARAM] ParameterNode: '?' {name=idList2064_, expectedType=org.hibernate.type.LongType@4bf3f9d}
             +-[NAMED_PARAM] ParameterNode: '?' {name=idList2065_, expectedType=org.hibernate.type.LongType@4bf3f9d}
             +-[NAMED_PARAM] ParameterNode: '?' {name=idList2066_, expectedType=org.hibernate.type.LongType@4bf3f9d}
             +-[NAMED_PARAM] ParameterNode: '?' {name=idList2067_, expectedType=org.hibernate.type.LongType@4bf3f9d}
             +-[NAMED_PARAM] ParameterNode: '?' {name=idList2068_, expectedType=org.hibernate.type.LongType@4bf3f9d}
             +-[NAMED_PARAM] ParameterNode: '?' {name=idList2069_, expectedType=org.hibernate.type.LongType@4bf3f9d}
             +-[NAMED_PARAM] ParameterNode: '?' {name=idList2070_, expectedType=org.hibernate.type.LongType@4bf3f9d}
             +-[NAMED_PARAM] ParameterNode: '?' {name=idList2071_, expectedType=org.hibernate.type.LongType@4bf3f9d}
             +-[NAMED_PARAM] ParameterNode: '?' {name=idList2072_, expectedType=org.hibernate.type.LongType@4bf3f9d}
             +-[NAMED_PARAM] ParameterNode: '?' {name=idList2073_, expectedType=org.hibernate.type.LongType@4bf3f9d}
             +-[NAMED_PARAM] ParameterNode: '?' {name=idList2074_, expectedType=org.hibernate.type.LongType@4bf3f9d}
             +-[NAMED_PARAM] ParameterNode: '?' {name=idList2075_, expectedType=org.hibernate.type.LongType@4bf3f9d}
             +-[NAMED_PARAM] ParameterNode: '?' {name=idList2076_, expectedType=org.hibernate.type.LongType@4bf3f9d}
             +-[NAMED_PARAM] ParameterNode: '?' {name=idList2077_, expectedType=org.hibernate.type.LongType@4bf3f9d}
             +-[NAMED_PARAM] ParameterNode: '?' {name=idList2078_, expectedType=org.hibernate.type.LongType@4bf3f9d}
             +-[NAMED_PARAM] ParameterNode: '?' {name=idList2079_, expectedType=org.hibernate.type.LongType@4bf3f9d}
             +-[NAMED_PARAM] ParameterNode: '?' {name=idList2080_, expectedType=org.hibernate.type.LongType@4bf3f9d}
             +-[NAMED_PARAM] ParameterNode: '?' {name=idList2081_, expectedType=org.hibernate.type.LongType@4bf3f9d}
             +-[NAMED_PARAM] ParameterNode: '?' {name=idList2082_, expectedType=org.hibernate.type.LongType@4bf3f9d}
             +-[NAMED_PARAM] ParameterNode: '?' {name=idList2083_, expectedType=org.hibernate.type.LongType@4bf3f9d}
             +-[NAMED_PARAM] ParameterNode: '?' {name=idList2084_, expectedType=org.hibernate.type.LongType@4bf3f9d}
             +-[NAMED_PARAM] ParameterNode: '?' {name=idList2085_, expectedType=org.hibernate.type.LongType@4bf3f9d}
             +-[NAMED_PARAM] ParameterNode: '?' {name=idList2086_, expectedType=org.hibernate.type.LongType@4bf3f9d}
             +-[NAMED_PARAM] ParameterNode: '?' {name=idList2087_, expectedType=org.hibernate.type.LongType@4bf3f9d}
             +-[NAMED_PARAM] ParameterNode: '?' {name=idList2088_, expectedType=org.hibernate.type.LongType@4bf3f9d}
             +-[NAMED_PARAM] ParameterNode: '?' {name=idList2089_, expectedType=org.hibernate.type.LongType@4bf3f9d}
             +-[NAMED_PARAM] ParameterNode: '?' {name=idList2090_, expectedType=org.hibernate.type.LongType@4bf3f9d}
             +-[NAMED_PARAM] ParameterNode: '?' {name=idList2091_, expectedType=org.hibernate.type.LongType@4bf3f9d}
             +-[NAMED_PARAM] ParameterNode: '?' {name=idList2092_, expectedType=org.hibernate.type.LongType@4bf3f9d}
             +-[NAMED_PARAM] ParameterNode: '?' {name=idList2093_, expectedType=org.hibernate.type.LongType@4bf3f9d}
             +-[NAMED_PARAM] ParameterNode: '?' {name=idList2094_, expectedType=org.hibernate.type.LongType@4bf3f9d}
             +-[NAMED_PARAM] ParameterNode: '?' {name=idList2095_, expectedType=org.hibernate.type.LongType@4bf3f9d}
             +-[NAMED_PARAM] ParameterNode: '?' {name=idList2096_, expectedType=org.hibernate.type.LongType@4bf3f9d}
             +-[NAMED_PARAM] ParameterNode: '?' {name=idList2097_, expectedType=org.hibernate.type.LongType@4bf3f9d}
             +-[NAMED_PARAM] ParameterNode: '?' {name=idList2098_, expectedType=org.hibernate.type.LongType@4bf3f9d}
             +-[NAMED_PARAM] ParameterNode: '?' {name=idList2099_, expectedType=org.hibernate.type.LongType@4bf3f9d}
             +-[NAMED_PARAM] ParameterNode: '?' {name=idList2100_, expectedType=org.hibernate.type.LongType@4bf3f9d}
             +-[NAMED_PARAM] ParameterNode: '?' {name=idList2101_, expectedType=org.hibernate.type.LongType@4bf3f9d}
             +-[NAMED_PARAM] ParameterNode: '?' {name=idList2102_, expectedType=org.hibernate.type.LongType@4bf3f9d}
             +-[NAMED_PARAM] ParameterNode: '?' {name=idList2103_, expectedType=org.hibernate.type.LongType@4bf3f9d}
             +-[NAMED_PARAM] ParameterNode: '?' {name=idList2104_, expectedType=org.hibernate.type.LongType@4bf3f9d}
             +-[NAMED_PARAM] ParameterNode: '?' {name=idList2105_, expectedType=org.hibernate.type.LongType@4bf3f9d}
             +-[NAMED_PARAM] ParameterNode: '?' {name=idList2106_, expectedType=org.hibernate.type.LongType@4bf3f9d}
             +-[NAMED_PARAM] ParameterNode: '?' {name=idList2107_, expectedType=org.hibernate.type.LongType@4bf3f9d}
             +-[NAMED_PARAM] ParameterNode: '?' {name=idList2108_, expectedType=org.hibernate.type.LongType@4bf3f9d}
             +-[NAMED_PARAM] ParameterNode: '?' {name=idList2109_, expectedType=org.hibernate.type.LongType@4bf3f9d}
             +-[NAMED_PARAM] ParameterNode: '?' {name=idList2110_, expectedType=org.hibernate.type.LongType@4bf3f9d}
             +-[NAMED_PARAM] ParameterNode: '?' {name=idList2111_, expectedType=org.hibernate.type.LongType@4bf3f9d}
             +-[NAMED_PARAM] ParameterNode: '?' {name=idList2112_, expectedType=org.hibernate.type.LongType@4bf3f9d}
             +-[NAMED_PARAM] ParameterNode: '?' {name=idList2113_, expectedType=org.hibernate.type.LongType@4bf3f9d}
             +-[NAMED_PARAM] ParameterNode: '?' {name=idList2114_, expectedType=org.hibernate.type.LongType@4bf3f9d}
             +-[NAMED_PARAM] ParameterNode: '?' {name=idList2115_, expectedType=org.hibernate.type.LongType@4bf3f9d}
             +-[NAMED_PARAM] ParameterNode: '?' {name=idList2116_, expectedType=org.hibernate.type.LongType@4bf3f9d}
             +-[NAMED_PARAM] ParameterNode: '?' {name=idList2117_, expectedType=org.hibernate.type.LongType@4bf3f9d}
             +-[NAMED_PARAM] ParameterNode: '?' {name=idList2118_, expectedType=org.hibernate.type.LongType@4bf3f9d}
             +-[NAMED_PARAM] ParameterNode: '?' {name=idList2119_, expectedType=org.hibernate.type.LongType@4bf3f9d}
             +-[NAMED_PARAM] ParameterNode: '?' {name=idList2120_, expectedType=org.hibernate.type.LongType@4bf3f9d}
             +-[NAMED_PARAM] ParameterNode: '?' {name=idList2121_, expectedType=org.hibernate.type.LongType@4bf3f9d}
             +-[NAMED_PARAM] ParameterNode: '?' {name=idList2122_, expectedType=org.hibernate.type.LongType@4bf3f9d}
             +-[NAMED_PARAM] ParameterNode: '?' {name=idList2123_, expectedType=org.hibernate.type.LongType@4bf3f9d}
             +-[NAMED_PARAM] ParameterNode: '?' {name=idList2124_, expectedType=org.hibernate.type.LongType@4bf3f9d}
             +-[NAMED_PARAM] ParameterNode: '?' {name=idList2125_, expectedType=org.hibernate.type.LongType@4bf3f9d}
             +-[NAMED_PARAM] ParameterNode: '?' {name=idList2126_, expectedType=org.hibernate.type.LongType@4bf3f9d}
             +-[NAMED_PARAM] ParameterNode: '?' {name=idList2127_, expectedType=org.hibernate.type.LongType@4bf3f9d}
             +-[NAMED_PARAM] ParameterNode: '?' {name=idList2128_, expectedType=org.hibernate.type.LongType@4bf3f9d}
             +-[NAMED_PARAM] ParameterNode: '?' {name=idList2129_, expectedType=org.hibernate.type.LongType@4bf3f9d}
             +-[NAMED_PARAM] ParameterNode: '?' {name=idList2130_, expectedType=org.hibernate.type.LongType@4bf3f9d}
             +-[NAMED_PARAM] ParameterNode: '?' {name=idList2131_, expectedType=org.hibernate.type.LongType@4bf3f9d}
             +-[NAMED_PARAM] ParameterNode: '?' {name=idList2132_, expectedType=org.hibernate.type.LongType@4bf3f9d}
             +-[NAMED_PARAM] ParameterNode: '?' {name=idList2133_, expectedType=org.hibernate.type.LongType@4bf3f9d}
             +-[NAMED_PARAM] ParameterNode: '?' {name=idList2134_, expectedType=org.hibernate.type.LongType@4bf3f9d}
             +-[NAMED_PARAM] ParameterNode: '?' {name=idList2135_, expectedType=org.hibernate.type.LongType@4bf3f9d}
             +-[NAMED_PARAM] ParameterNode: '?' {name=idList2136_, expectedType=org.hibernate.type.LongType@4bf3f9d}
             +-[NAMED_PARAM] ParameterNode: '?' {name=idList2137_, expectedType=org.hibernate.type.LongType@4bf3f9d}
             +-[NAMED_PARAM] ParameterNode: '?' {name=idList2138_, expectedType=org.hibernate.type.LongType@4bf3f9d}
             +-[NAMED_PARAM] ParameterNode: '?' {name=idList2139_, expectedType=org.hibernate.type.LongType@4bf3f9d}
             +-[NAMED_PARAM] ParameterNode: '?' {name=idList2140_, expectedType=org.hibernate.type.LongType@4bf3f9d}
             +-[NAMED_PARAM] ParameterNode: '?' {name=idList2141_, expectedType=org.hibernate.type.LongType@4bf3f9d}
             +-[NAMED_PARAM] ParameterNode: '?' {name=idList2142_, expectedType=org.hibernate.type.LongType@4bf3f9d}
             +-[NAMED_PARAM] ParameterNode: '?' {name=idList2143_, expectedType=org.hibernate.type.LongType@4bf3f9d}
             +-[NAMED_PARAM] ParameterNode: '?' {name=idList2144_, expectedType=org.hibernate.type.LongType@4bf3f9d}
             +-[NAMED_PARAM] ParameterNode: '?' {name=idList2145_, expectedType=org.hibernate.type.LongType@4bf3f9d}
             +-[NAMED_PARAM] ParameterNode: '?' {name=idList2146_, expectedType=org.hibernate.type.LongType@4bf3f9d}
             +-[NAMED_PARAM] ParameterNode: '?' {name=idList2147_, expectedType=org.hibernate.type.LongType@4bf3f9d}
             +-[NAMED_PARAM] ParameterNode: '?' {name=idList2148_, expectedType=org.hibernate.type.LongType@4bf3f9d}
             +-[NAMED_PARAM] ParameterNode: '?' {name=idList2149_, expectedType=org.hibernate.type.LongType@4bf3f9d}
             +-[NAMED_PARAM] ParameterNode: '?' {name=idList2150_, expectedType=org.hibernate.type.LongType@4bf3f9d}
             +-[NAMED_PARAM] ParameterNode: '?' {name=idList2151_, expectedType=org.hibernate.type.LongType@4bf3f9d}
             +-[NAMED_PARAM] ParameterNode: '?' {name=idList2152_, expectedType=org.hibernate.type.LongType@4bf3f9d}
             +-[NAMED_PARAM] ParameterNode: '?' {name=idList2153_, expectedType=org.hibernate.type.LongType@4bf3f9d}
             +-[NAMED_PARAM] ParameterNode: '?' {name=idList2154_, expectedType=org.hibernate.type.LongType@4bf3f9d}
             +-[NAMED_PARAM] ParameterNode: '?' {name=idList2155_, expectedType=org.hibernate.type.LongType@4bf3f9d}
             +-[NAMED_PARAM] ParameterNode: '?' {name=idList2156_, expectedType=org.hibernate.type.LongType@4bf3f9d}
             +-[NAMED_PARAM] ParameterNode: '?' {name=idList2157_, expectedType=org.hibernate.type.LongType@4bf3f9d}
             +-[NAMED_PARAM] ParameterNode: '?' {name=idList2158_, expectedType=org.hibernate.type.LongType@4bf3f9d}
             +-[NAMED_PARAM] ParameterNode: '?' {name=idList2159_, expectedType=org.hibernate.type.LongType@4bf3f9d}
             +-[NAMED_PARAM] ParameterNode: '?' {name=idList2160_, expectedType=org.hibernate.type.LongType@4bf3f9d}
             +-[NAMED_PARAM] ParameterNode: '?' {name=idList2161_, expectedType=org.hibernate.type.LongType@4bf3f9d}
             +-[NAMED_PARAM] ParameterNode: '?' {name=idList2162_, expectedType=org.hibernate.type.LongType@4bf3f9d}
             +-[NAMED_PARAM] ParameterNode: '?' {name=idList2163_, expectedType=org.hibernate.type.LongType@4bf3f9d}
             +-[NAMED_PARAM] ParameterNode: '?' {name=idList2164_, expectedType=org.hibernate.type.LongType@4bf3f9d}
             +-[NAMED_PARAM] ParameterNode: '?' {name=idList2165_, expectedType=org.hibernate.type.LongType@4bf3f9d}
             +-[NAMED_PARAM] ParameterNode: '?' {name=idList2166_, expectedType=org.hibernate.type.LongType@4bf3f9d}
             +-[NAMED_PARAM] ParameterNode: '?' {name=idList2167_, expectedType=org.hibernate.type.LongType@4bf3f9d}
             +-[NAMED_PARAM] ParameterNode: '?' {name=idList2168_, expectedType=org.hibernate.type.LongType@4bf3f9d}
             +-[NAMED_PARAM] ParameterNode: '?' {name=idList2169_, expectedType=org.hibernate.type.LongType@4bf3f9d}
             +-[NAMED_PARAM] ParameterNode: '?' {name=idList2170_, expectedType=org.hibernate.type.LongType@4bf3f9d}
             +-[NAMED_PARAM] ParameterNode: '?' {name=idList2171_, expectedType=org.hibernate.type.LongType@4bf3f9d}
             +-[NAMED_PARAM] ParameterNode: '?' {name=idList2172_, expectedType=org.hibernate.type.LongType@4bf3f9d}
             +-[NAMED_PARAM] ParameterNode: '?' {name=idList2173_, expectedType=org.hibernate.type.LongType@4bf3f9d}
             +-[NAMED_PARAM] ParameterNode: '?' {name=idList2174_, expectedType=org.hibernate.type.LongType@4bf3f9d}
             +-[NAMED_PARAM] ParameterNode: '?' {name=idList2175_, expectedType=org.hibernate.type.LongType@4bf3f9d}
             +-[NAMED_PARAM] ParameterNode: '?' {name=idList2176_, expectedType=org.hibernate.type.LongType@4bf3f9d}
             +-[NAMED_PARAM] ParameterNode: '?' {name=idList2177_, expectedType=org.hibernate.type.LongType@4bf3f9d}
             +-[NAMED_PARAM] ParameterNode: '?' {name=idList2178_, expectedType=org.hibernate.type.LongType@4bf3f9d}
             +-[NAMED_PARAM] ParameterNode: '?' {name=idList2179_, expectedType=org.hibernate.type.LongType@4bf3f9d}
             +-[NAMED_PARAM] ParameterNode: '?' {name=idList2180_, expectedType=org.hibernate.type.LongType@4bf3f9d}
             +-[NAMED_PARAM] ParameterNode: '?' {name=idList2181_, expectedType=org.hibernate.type.LongType@4bf3f9d}
             +-[NAMED_PARAM] ParameterNode: '?' {name=idList2182_, expectedType=org.hibernate.type.LongType@4bf3f9d}
             +-[NAMED_PARAM] ParameterNode: '?' {name=idList2183_, expectedType=org.hibernate.type.LongType@4bf3f9d}
             +-[NAMED_PARAM] ParameterNode: '?' {name=idList2184_, expectedType=org.hibernate.type.LongType@4bf3f9d}
             +-[NAMED_PARAM] ParameterNode: '?' {name=idList2185_, expectedType=org.hibernate.type.LongType@4bf3f9d}
             +-[NAMED_PARAM] ParameterNode: '?' {name=idList2186_, expectedType=org.hibernate.type.LongType@4bf3f9d}
             +-[NAMED_PARAM] ParameterNode: '?' {name=idList2187_, expectedType=org.hibernate.type.LongType@4bf3f9d}
             +-[NAMED_PARAM] ParameterNode: '?' {name=idList2188_, expectedType=org.hibernate.type.LongType@4bf3f9d}
             +-[NAMED_PARAM] ParameterNode: '?' {name=idList2189_, expectedType=org.hibernate.type.LongType@4bf3f9d}
             +-[NAMED_PARAM] ParameterNode: '?' {name=idList2190_, expectedType=org.hibernate.type.LongType@4bf3f9d}
             +-[NAMED_PARAM] ParameterNode: '?' {name=idList2191_, expectedType=org.hibernate.type.LongType@4bf3f9d}
             +-[NAMED_PARAM] ParameterNode: '?' {name=idList2192_, expectedType=org.hibernate.type.LongType@4bf3f9d}
             +-[NAMED_PARAM] ParameterNode: '?' {name=idList2193_, expectedType=org.hibernate.type.LongType@4bf3f9d}
             +-[NAMED_PARAM] ParameterNode: '?' {name=idList2194_, expectedType=org.hibernate.type.LongType@4bf3f9d}
             +-[NAMED_PARAM] ParameterNode: '?' {name=idList2195_, expectedType=org.hibernate.type.LongType@4bf3f9d}
             +-[NAMED_PARAM] ParameterNode: '?' {name=idList2196_, expectedType=org.hibernate.type.LongType@4bf3f9d}
             +-[NAMED_PARAM] ParameterNode: '?' {name=idList2197_, expectedType=org.hibernate.type.LongType@4bf3f9d}
             +-[NAMED_PARAM] ParameterNode: '?' {name=idList2198_, expectedType=org.hibernate.type.LongType@4bf3f9d}
             +-[NAMED_PARAM] ParameterNode: '?' {name=idList2199_, expectedType=org.hibernate.type.LongType@4bf3f9d}
             +-[NAMED_PARAM] ParameterNode: '?' {name=idList2200_, expectedType=org.hibernate.type.LongType@4bf3f9d}
             +-[NAMED_PARAM] ParameterNode: '?' {name=idList2201_, expectedType=org.hibernate.type.LongType@4bf3f9d}
             +-[NAMED_PARAM] ParameterNode: '?' {name=idList2202_, expectedType=org.hibernate.type.LongType@4bf3f9d}
             +-[NAMED_PARAM] ParameterNode: '?' {name=idList2203_, expectedType=org.hibernate.type.LongType@4bf3f9d}
             +-[NAMED_PARAM] ParameterNode: '?' {name=idList2204_, expectedType=org.hibernate.type.LongType@4bf3f9d}
             +-[NAMED_PARAM] ParameterNode: '?' {name=idList2205_, expectedType=org.hibernate.type.LongType@4bf3f9d}
             +-[NAMED_PARAM] ParameterNode: '?' {name=idList2206_, expectedType=org.hibernate.type.LongType@4bf3f9d}
             +-[NAMED_PARAM] ParameterNode: '?' {name=idList2207_, expectedType=org.hibernate.type.LongType@4bf3f9d}
             +-[NAMED_PARAM] ParameterNode: '?' {name=idList2208_, expectedType=org.hibernate.type.LongType@4bf3f9d}
             +-[NAMED_PARAM] ParameterNode: '?' {name=idList2209_, expectedType=org.hibernate.type.LongType@4bf3f9d}
             +-[NAMED_PARAM] ParameterNode: '?' {name=idList2210_, expectedType=org.hibernate.type.LongType@4bf3f9d}
             +-[NAMED_PARAM] ParameterNode: '?' {name=idList2211_, expectedType=org.hibernate.type.LongType@4bf3f9d}
             +-[NAMED_PARAM] ParameterNode: '?' {name=idList2212_, expectedType=org.hibernate.type.LongType@4bf3f9d}
             +-[NAMED_PARAM] ParameterNode: '?' {name=idList2213_, expectedType=org.hibernate.type.LongType@4bf3f9d}
             +-[NAMED_PARAM] ParameterNode: '?' {name=idList2214_, expectedType=org.hibernate.type.LongType@4bf3f9d}
             +-[NAMED_PARAM] ParameterNode: '?' {name=idList2215_, expectedType=org.hibernate.type.LongType@4bf3f9d}
             +-[NAMED_PARAM] ParameterNode: '?' {name=idList2216_, expectedType=org.hibernate.type.LongType@4bf3f9d}
             +-[NAMED_PARAM] ParameterNode: '?' {name=idList2217_, expectedType=org.hibernate.type.LongType@4bf3f9d}
             +-[NAMED_PARAM] ParameterNode: '?' {name=idList2218_, expectedType=org.hibernate.type.LongType@4bf3f9d}
             +-[NAMED_PARAM] ParameterNode: '?' {name=idList2219_, expectedType=org.hibernate.type.LongType@4bf3f9d}
             +-[NAMED_PARAM] ParameterNode: '?' {name=idList2220_, expectedType=org.hibernate.type.LongType@4bf3f9d}
             +-[NAMED_PARAM] ParameterNode: '?' {name=idList2221_, expectedType=org.hibernate.type.LongType@4bf3f9d}
             +-[NAMED_PARAM] ParameterNode: '?' {name=idList2222_, expectedType=org.hibernate.type.LongType@4bf3f9d}
             +-[NAMED_PARAM] ParameterNode: '?' {name=idList2223_, expectedType=org.hibernate.type.LongType@4bf3f9d}
             +-[NAMED_PARAM] ParameterNode: '?' {name=idList2224_, expectedType=org.hibernate.type.LongType@4bf3f9d}
             +-[NAMED_PARAM] ParameterNode: '?' {name=idList2225_, expectedType=org.hibernate.type.LongType@4bf3f9d}
             +-[NAMED_PARAM] ParameterNode: '?' {name=idList2226_, expectedType=org.hibernate.type.LongType@4bf3f9d}
             +-[NAMED_PARAM] ParameterNode: '?' {name=idList2227_, expectedType=org.hibernate.type.LongType@4bf3f9d}
             +-[NAMED_PARAM] ParameterNode: '?' {name=idList2228_, expectedType=org.hibernate.type.LongType@4bf3f9d}
             +-[NAMED_PARAM] ParameterNode: '?' {name=idList2229_, expectedType=org.hibernate.type.LongType@4bf3f9d}
             +-[NAMED_PARAM] ParameterNode: '?' {name=idList2230_, expectedType=org.hibernate.type.LongType@4bf3f9d}
             +-[NAMED_PARAM] ParameterNode: '?' {name=idList2231_, expectedType=org.hibernate.type.LongType@4bf3f9d}
             +-[NAMED_PARAM] ParameterNode: '?' {name=idList2232_, expectedType=org.hibernate.type.LongType@4bf3f9d}
             +-[NAMED_PARAM] ParameterNode: '?' {name=idList2233_, expectedType=org.hibernate.type.LongType@4bf3f9d}
             +-[NAMED_PARAM] ParameterNode: '?' {name=idList2234_, expectedType=org.hibernate.type.LongType@4bf3f9d}
             +-[NAMED_PARAM] ParameterNode: '?' {name=idList2235_, expectedType=org.hibernate.type.LongType@4bf3f9d}
             +-[NAMED_PARAM] ParameterNode: '?' {name=idList2236_, expectedType=org.hibernate.type.LongType@4bf3f9d}
             +-[NAMED_PARAM] ParameterNode: '?' {name=idList2237_, expectedType=org.hibernate.type.LongType@4bf3f9d}
             +-[NAMED_PARAM] ParameterNode: '?' {name=idList2238_, expectedType=org.hibernate.type.LongType@4bf3f9d}
             +-[NAMED_PARAM] ParameterNode: '?' {name=idList2239_, expectedType=org.hibernate.type.LongType@4bf3f9d}
             +-[NAMED_PARAM] ParameterNode: '?' {name=idList2240_, expectedType=org.hibernate.type.LongType@4bf3f9d}
             +-[NAMED_PARAM] ParameterNode: '?' {name=idList2241_, expectedType=org.hibernate.type.LongType@4bf3f9d}
             +-[NAMED_PARAM] ParameterNode: '?' {name=idList2242_, expectedType=org.hibernate.type.LongType@4bf3f9d}
             +-[NAMED_PARAM] ParameterNode: '?' {name=idList2243_, expectedType=org.hibernate.type.LongType@4bf3f9d}
             +-[NAMED_PARAM] ParameterNode: '?' {name=idList2244_, expectedType=org.hibernate.type.LongType@4bf3f9d}
             +-[NAMED_PARAM] ParameterNode: '?' {name=idList2245_, expectedType=org.hibernate.type.LongType@4bf3f9d}
             +-[NAMED_PARAM] ParameterNode: '?' {name=idList2246_, expectedType=org.hibernate.type.LongType@4bf3f9d}
             +-[NAMED_PARAM] ParameterNode: '?' {name=idList2247_, expectedType=org.hibernate.type.LongType@4bf3f9d}
             +-[NAMED_PARAM] ParameterNode: '?' {name=idList2248_, expectedType=org.hibernate.type.LongType@4bf3f9d}
             +-[NAMED_PARAM] ParameterNode: '?' {name=idList2249_, expectedType=org.hibernate.type.LongType@4bf3f9d}
             +-[NAMED_PARAM] ParameterNode: '?' {name=idList2250_, expectedType=org.hibernate.type.LongType@4bf3f9d}
             +-[NAMED_PARAM] ParameterNode: '?' {name=idList2251_, expectedType=org.hibernate.type.LongType@4bf3f9d}
             +-[NAMED_PARAM] ParameterNode: '?' {name=idList2252_, expectedType=org.hibernate.type.LongType@4bf3f9d}
             +-[NAMED_PARAM] ParameterNode: '?' {name=idList2253_, expectedType=org.hibernate.type.LongType@4bf3f9d}
             +-[NAMED_PARAM] ParameterNode: '?' {name=idList2254_, expectedType=org.hibernate.type.LongType@4bf3f9d}
             +-[NAMED_PARAM] ParameterNode: '?' {name=idList2255_, expectedType=org.hibernate.type.LongType@4bf3f9d}
             +-[NAMED_PARAM] ParameterNode: '?' {name=idList2256_, expectedType=org.hibernate.type.LongType@4bf3f9d}
             +-[NAMED_PARAM] ParameterNode: '?' {name=idList2257_, expectedType=org.hibernate.type.LongType@4bf3f9d}
             +-[NAMED_PARAM] ParameterNode: '?' {name=idList2258_, expectedType=org.hibernate.type.LongType@4bf3f9d}
             +-[NAMED_PARAM] ParameterNode: '?' {name=idList2259_, expectedType=org.hibernate.type.LongType@4bf3f9d}
             +-[NAMED_PARAM] ParameterNode: '?' {name=idList2260_, expectedType=org.hibernate.type.LongType@4bf3f9d}
             +-[NAMED_PARAM] ParameterNode: '?' {name=idList2261_, expectedType=org.hibernate.type.LongType@4bf3f9d}
             +-[NAMED_PARAM] ParameterNode: '?' {name=idList2262_, expectedType=org.hibernate.type.LongType@4bf3f9d}
             +-[NAMED_PARAM] ParameterNode: '?' {name=idList2263_, expectedType=org.hibernate.type.LongType@4bf3f9d}
             +-[NAMED_PARAM] ParameterNode: '?' {name=idList2264_, expectedType=org.hibernate.type.LongType@4bf3f9d}
             +-[NAMED_PARAM] ParameterNode: '?' {name=idList2265_, expectedType=org.hibernate.type.LongType@4bf3f9d}
             +-[NAMED_PARAM] ParameterNode: '?' {name=idList2266_, expectedType=org.hibernate.type.LongType@4bf3f9d}
             +-[NAMED_PARAM] ParameterNode: '?' {name=idList2267_, expectedType=org.hibernate.type.LongType@4bf3f9d}
             +-[NAMED_PARAM] ParameterNode: '?' {name=idList2268_, expectedType=org.hibernate.type.LongType@4bf3f9d}
             +-[NAMED_PARAM] ParameterNode: '?' {name=idList2269_, expectedType=org.hibernate.type.LongType@4bf3f9d}
             +-[NAMED_PARAM] ParameterNode: '?' {name=idList2270_, expectedType=org.hibernate.type.LongType@4bf3f9d}
             +-[NAMED_PARAM] ParameterNode: '?' {name=idList2271_, expectedType=org.hibernate.type.LongType@4bf3f9d}
             +-[NAMED_PARAM] ParameterNode: '?' {name=idList2272_, expectedType=org.hibernate.type.LongType@4bf3f9d}
             +-[NAMED_PARAM] ParameterNode: '?' {name=idList2273_, expectedType=org.hibernate.type.LongType@4bf3f9d}
             +-[NAMED_PARAM] ParameterNode: '?' {name=idList2274_, expectedType=org.hibernate.type.LongType@4bf3f9d}
             +-[NAMED_PARAM] ParameterNode: '?' {name=idList2275_, expectedType=org.hibernate.type.LongType@4bf3f9d}
             +-[NAMED_PARAM] ParameterNode: '?' {name=idList2276_, expectedType=org.hibernate.type.LongType@4bf3f9d}
             +-[NAMED_PARAM] ParameterNode: '?' {name=idList2277_, expectedType=org.hibernate.type.LongType@4bf3f9d}
             +-[NAMED_PARAM] ParameterNode: '?' {name=idList2278_, expectedType=org.hibernate.type.LongType@4bf3f9d}
             +-[NAMED_PARAM] ParameterNode: '?' {name=idList2279_, expectedType=org.hibernate.type.LongType@4bf3f9d}
             +-[NAMED_PARAM] ParameterNode: '?' {name=idList2280_, expectedType=org.hibernate.type.LongType@4bf3f9d}
             +-[NAMED_PARAM] ParameterNode: '?' {name=idList2281_, expectedType=org.hibernate.type.LongType@4bf3f9d}
             +-[NAMED_PARAM] ParameterNode: '?' {name=idList2282_, expectedType=org.hibernate.type.LongType@4bf3f9d}
             +-[NAMED_PARAM] ParameterNode: '?' {name=idList2283_, expectedType=org.hibernate.type.LongType@4bf3f9d}
             +-[NAMED_PARAM] ParameterNode: '?' {name=idList2284_, expectedType=org.hibernate.type.LongType@4bf3f9d}
             +-[NAMED_PARAM] ParameterNode: '?' {name=idList2285_, expectedType=org.hibernate.type.LongType@4bf3f9d}
             +-[NAMED_PARAM] ParameterNode: '?' {name=idList2286_, expectedType=org.hibernate.type.LongType@4bf3f9d}
             +-[NAMED_PARAM] ParameterNode: '?' {name=idList2287_, expectedType=org.hibernate.type.LongType@4bf3f9d}
             +-[NAMED_PARAM] ParameterNode: '?' {name=idList2288_, expectedType=org.hibernate.type.LongType@4bf3f9d}
             +-[NAMED_PARAM] ParameterNode: '?' {name=idList2289_, expectedType=org.hibernate.type.LongType@4bf3f9d}
             +-[NAMED_PARAM] ParameterNode: '?' {name=idList2290_, expectedType=org.hibernate.type.LongType@4bf3f9d}
             +-[NAMED_PARAM] ParameterNode: '?' {name=idList2291_, expectedType=org.hibernate.type.LongType@4bf3f9d}
             +-[NAMED_PARAM] ParameterNode: '?' {name=idList2292_, expectedType=org.hibernate.type.LongType@4bf3f9d}
             +-[NAMED_PARAM] ParameterNode: '?' {name=idList2293_, expectedType=org.hibernate.type.LongType@4bf3f9d}
             +-[NAMED_PARAM] ParameterNode: '?' {name=idList2294_, expectedType=org.hibernate.type.LongType@4bf3f9d}
             +-[NAMED_PARAM] ParameterNode: '?' {name=idList2295_, expectedType=org.hibernate.type.LongType@4bf3f9d}
             +-[NAMED_PARAM] ParameterNode: '?' {name=idList2296_, expectedType=org.hibernate.type.LongType@4bf3f9d}
             +-[NAMED_PARAM] ParameterNode: '?' {name=idList2297_, expectedType=org.hibernate.type.LongType@4bf3f9d}
             +-[NAMED_PARAM] ParameterNode: '?' {name=idList2298_, expectedType=org.hibernate.type.LongType@4bf3f9d}
             +-[NAMED_PARAM] ParameterNode: '?' {name=idList2299_, expectedType=org.hibernate.type.LongType@4bf3f9d}
             +-[NAMED_PARAM] ParameterNode: '?' {name=idList2300_, expectedType=org.hibernate.type.LongType@4bf3f9d}
             +-[NAMED_PARAM] ParameterNode: '?' {name=idList2301_, expectedType=org.hibernate.type.LongType@4bf3f9d}
             +-[NAMED_PARAM] ParameterNode: '?' {name=idList2302_, expectedType=org.hibernate.type.LongType@4bf3f9d}
             +-[NAMED_PARAM] ParameterNode: '?' {name=idList2303_, expectedType=org.hibernate.type.LongType@4bf3f9d}
             +-[NAMED_PARAM] ParameterNode: '?' {name=idList2304_, expectedType=org.hibernate.type.LongType@4bf3f9d}
             +-[NAMED_PARAM] ParameterNode: '?' {name=idList2305_, expectedType=org.hibernate.type.LongType@4bf3f9d}
             +-[NAMED_PARAM] ParameterNode: '?' {name=idList2306_, expectedType=org.hibernate.type.LongType@4bf3f9d}
             +-[NAMED_PARAM] ParameterNode: '?' {name=idList2307_, expectedType=org.hibernate.type.LongType@4bf3f9d}
             +-[NAMED_PARAM] ParameterNode: '?' {name=idList2308_, expectedType=org.hibernate.type.LongType@4bf3f9d}
             +-[NAMED_PARAM] ParameterNode: '?' {name=idList2309_, expectedType=org.hibernate.type.LongType@4bf3f9d}
             +-[NAMED_PARAM] ParameterNode: '?' {name=idList2310_, expectedType=org.hibernate.type.LongType@4bf3f9d}
             +-[NAMED_PARAM] ParameterNode: '?' {name=idList2311_, expectedType=org.hibernate.type.LongType@4bf3f9d}
             +-[NAMED_PARAM] ParameterNode: '?' {name=idList2312_, expectedType=org.hibernate.type.LongType@4bf3f9d}
             +-[NAMED_PARAM] ParameterNode: '?' {name=idList2313_, expectedType=org.hibernate.type.LongType@4bf3f9d}
             +-[NAMED_PARAM] ParameterNode: '?' {name=idList2314_, expectedType=org.hibernate.type.LongType@4bf3f9d}
             +-[NAMED_PARAM] ParameterNode: '?' {name=idList2315_, expectedType=org.hibernate.type.LongType@4bf3f9d}
             +-[NAMED_PARAM] ParameterNode: '?' {name=idList2316_, expectedType=org.hibernate.type.LongType@4bf3f9d}
             +-[NAMED_PARAM] ParameterNode: '?' {name=idList2317_, expectedType=org.hibernate.type.LongType@4bf3f9d}
             +-[NAMED_PARAM] ParameterNode: '?' {name=idList2318_, expectedType=org.hibernate.type.LongType@4bf3f9d}
             +-[NAMED_PARAM] ParameterNode: '?' {name=idList2319_, expectedType=org.hibernate.type.LongType@4bf3f9d}
             +-[NAMED_PARAM] ParameterNode: '?' {name=idList2320_, expectedType=org.hibernate.type.LongType@4bf3f9d}
             +-[NAMED_PARAM] ParameterNode: '?' {name=idList2321_, expectedType=org.hibernate.type.LongType@4bf3f9d}
             +-[NAMED_PARAM] ParameterNode: '?' {name=idList2322_, expectedType=org.hibernate.type.LongType@4bf3f9d}
             +-[NAMED_PARAM] ParameterNode: '?' {name=idList2323_, expectedType=org.hibernate.type.LongType@4bf3f9d}
             +-[NAMED_PARAM] ParameterNode: '?' {name=idList2324_, expectedType=org.hibernate.type.LongType@4bf3f9d}
             +-[NAMED_PARAM] ParameterNode: '?' {name=idList2325_, expectedType=org.hibernate.type.LongType@4bf3f9d}
             +-[NAMED_PARAM] ParameterNode: '?' {name=idList2326_, expectedType=org.hibernate.type.LongType@4bf3f9d}
             +-[NAMED_PARAM] ParameterNode: '?' {name=idList2327_, expectedType=org.hibernate.type.LongType@4bf3f9d}
             +-[NAMED_PARAM] ParameterNode: '?' {name=idList2328_, expectedType=org.hibernate.type.LongType@4bf3f9d}
             +-[NAMED_PARAM] ParameterNode: '?' {name=idList2329_, expectedType=org.hibernate.type.LongType@4bf3f9d}
             +-[NAMED_PARAM] ParameterNode: '?' {name=idList2330_, expectedType=org.hibernate.type.LongType@4bf3f9d}
             +-[NAMED_PARAM] ParameterNode: '?' {name=idList2331_, expectedType=org.hibernate.type.LongType@4bf3f9d}
             +-[NAMED_PARAM] ParameterNode: '?' {name=idList2332_, expectedType=org.hibernate.type.LongType@4bf3f9d}
             +-[NAMED_PARAM] ParameterNode: '?' {name=idList2333_, expectedType=org.hibernate.type.LongType@4bf3f9d}
             +-[NAMED_PARAM] ParameterNode: '?' {name=idList2334_, expectedType=org.hibernate.type.LongType@4bf3f9d}
             +-[NAMED_PARAM] ParameterNode: '?' {name=idList2335_, expectedType=org.hibernate.type.LongType@4bf3f9d}
             +-[NAMED_PARAM] ParameterNode: '?' {name=idList2336_, expectedType=org.hibernate.type.LongType@4bf3f9d}
             +-[NAMED_PARAM] ParameterNode: '?' {name=idList2337_, expectedType=org.hibernate.type.LongType@4bf3f9d}
             +-[NAMED_PARAM] ParameterNode: '?' {name=idList2338_, expectedType=org.hibernate.type.LongType@4bf3f9d}
             +-[NAMED_PARAM] ParameterNode: '?' {name=idList2339_, expectedType=org.hibernate.type.LongType@4bf3f9d}
             +-[NAMED_PARAM] ParameterNode: '?' {name=idList2340_, expectedType=org.hibernate.type.LongType@4bf3f9d}
             +-[NAMED_PARAM] ParameterNode: '?' {name=idList2341_, expectedType=org.hibernate.type.LongType@4bf3f9d}
             +-[NAMED_PARAM] ParameterNode: '?' {name=idList2342_, expectedType=org.hibernate.type.LongType@4bf3f9d}
             +-[NAMED_PARAM] ParameterNode: '?' {name=idList2343_, expectedType=org.hibernate.type.LongType@4bf3f9d}
             +-[NAMED_PARAM] ParameterNode: '?' {name=idList2344_, expectedType=org.hibernate.type.LongType@4bf3f9d}
             +-[NAMED_PARAM] ParameterNode: '?' {name=idList2345_, expectedType=org.hibernate.type.LongType@4bf3f9d}
             +-[NAMED_PARAM] ParameterNode: '?' {name=idList2346_, expectedType=org.hibernate.type.LongType@4bf3f9d}
             +-[NAMED_PARAM] ParameterNode: '?' {name=idList2347_, expectedType=org.hibernate.type.LongType@4bf3f9d}
             +-[NAMED_PARAM] ParameterNode: '?' {name=idList2348_, expectedType=org.hibernate.type.LongType@4bf3f9d}
             +-[NAMED_PARAM] ParameterNode: '?' {name=idList2349_, expectedType=org.hibernate.type.LongType@4bf3f9d}
             +-[NAMED_PARAM] ParameterNode: '?' {name=idList2350_, expectedType=org.hibernate.type.LongType@4bf3f9d}
             +-[NAMED_PARAM] ParameterNode: '?' {name=idList2351_, expectedType=org.hibernate.type.LongType@4bf3f9d}
             +-[NAMED_PARAM] ParameterNode: '?' {name=idList2352_, expectedType=org.hibernate.type.LongType@4bf3f9d}
             +-[NAMED_PARAM] ParameterNode: '?' {name=idList2353_, expectedType=org.hibernate.type.LongType@4bf3f9d}
             +-[NAMED_PARAM] ParameterNode: '?' {name=idList2354_, expectedType=org.hibernate.type.LongType@4bf3f9d}
             +-[NAMED_PARAM] ParameterNode: '?' {name=idList2355_, expectedType=org.hibernate.type.LongType@4bf3f9d}
             +-[NAMED_PARAM] ParameterNode: '?' {name=idList2356_, expectedType=org.hibernate.type.LongType@4bf3f9d}
             +-[NAMED_PARAM] ParameterNode: '?' {name=idList2357_, expectedType=org.hibernate.type.LongType@4bf3f9d}
             +-[NAMED_PARAM] ParameterNode: '?' {name=idList2358_, expectedType=org.hibernate.type.LongType@4bf3f9d}
             +-[NAMED_PARAM] ParameterNode: '?' {name=idList2359_, expectedType=org.hibernate.type.LongType@4bf3f9d}
             +-[NAMED_PARAM] ParameterNode: '?' {name=idList2360_, expectedType=org.hibernate.type.LongType@4bf3f9d}
             +-[NAMED_PARAM] ParameterNode: '?' {name=idList2361_, expectedType=org.hibernate.type.LongType@4bf3f9d}
             +-[NAMED_PARAM] ParameterNode: '?' {name=idList2362_, expectedType=org.hibernate.type.LongType@4bf3f9d}
             +-[NAMED_PARAM] ParameterNode: '?' {name=idList2363_, expectedType=org.hibernate.type.LongType@4bf3f9d}
             +-[NAMED_PARAM] ParameterNode: '?' {name=idList2364_, expectedType=org.hibernate.type.LongType@4bf3f9d}
             +-[NAMED_PARAM] ParameterNode: '?' {name=idList2365_, expectedType=org.hibernate.type.LongType@4bf3f9d}
             +-[NAMED_PARAM] ParameterNode: '?' {name=idList2366_, expectedType=org.hibernate.type.LongType@4bf3f9d}
             +-[NAMED_PARAM] ParameterNode: '?' {name=idList2367_, expectedType=org.hibernate.type.LongType@4bf3f9d}
             +-[NAMED_PARAM] ParameterNode: '?' {name=idList2368_, expectedType=org.hibernate.type.LongType@4bf3f9d}
             +-[NAMED_PARAM] ParameterNode: '?' {name=idList2369_, expectedType=org.hibernate.type.LongType@4bf3f9d}
             +-[NAMED_PARAM] ParameterNode: '?' {name=idList2370_, expectedType=org.hibernate.type.LongType@4bf3f9d}
             +-[NAMED_PARAM] ParameterNode: '?' {name=idList2371_, expectedType=org.hibernate.type.LongType@4bf3f9d}
             +-[NAMED_PARAM] ParameterNode: '?' {name=idList2372_, expectedType=org.hibernate.type.LongType@4bf3f9d}
             +-[NAMED_PARAM] ParameterNode: '?' {name=idList2373_, expectedType=org.hibernate.type.LongType@4bf3f9d}
             +-[NAMED_PARAM] ParameterNode: '?' {name=idList2374_, expectedType=org.hibernate.type.LongType@4bf3f9d}
             +-[NAMED_PARAM] ParameterNode: '?' {name=idList2375_, expectedType=org.hibernate.type.LongType@4bf3f9d}
             +-[NAMED_PARAM] ParameterNode: '?' {name=idList2376_, expectedType=org.hibernate.type.LongType@4bf3f9d}
             +-[NAMED_PARAM] ParameterNode: '?' {name=idList2377_, expectedType=org.hibernate.type.LongType@4bf3f9d}
             +-[NAMED_PARAM] ParameterNode: '?' {name=idList2378_, expectedType=org.hibernate.type.LongType@4bf3f9d}
             +-[NAMED_PARAM] ParameterNode: '?' {name=idList2379_, expectedType=org.hibernate.type.LongType@4bf3f9d}
             +-[NAMED_PARAM] ParameterNode: '?' {name=idList2380_, expectedType=org.hibernate.type.LongType@4bf3f9d}
             +-[NAMED_PARAM] ParameterNode: '?' {name=idList2381_, expectedType=org.hibernate.type.LongType@4bf3f9d}
             +-[NAMED_PARAM] ParameterNode: '?' {name=idList2382_, expectedType=org.hibernate.type.LongType@4bf3f9d}
             +-[NAMED_PARAM] ParameterNode: '?' {name=idList2383_, expectedType=org.hibernate.type.LongType@4bf3f9d}
             +-[NAMED_PARAM] ParameterNode: '?' {name=idList2384_, expectedType=org.hibernate.type.LongType@4bf3f9d}
             +-[NAMED_PARAM] ParameterNode: '?' {name=idList2385_, expectedType=org.hibernate.type.LongType@4bf3f9d}
             +-[NAMED_PARAM] ParameterNode: '?' {name=idList2386_, expectedType=org.hibernate.type.LongType@4bf3f9d}
             +-[NAMED_PARAM] ParameterNode: '?' {name=idList2387_, expectedType=org.hibernate.type.LongType@4bf3f9d}
             +-[NAMED_PARAM] ParameterNode: '?' {name=idList2388_, expectedType=org.hibernate.type.LongType@4bf3f9d}
             +-[NAMED_PARAM] ParameterNode: '?' {name=idList2389_, expectedType=org.hibernate.type.LongType@4bf3f9d}
             +-[NAMED_PARAM] ParameterNode: '?' {name=idList2390_, expectedType=org.hibernate.type.LongType@4bf3f9d}
             +-[NAMED_PARAM] ParameterNode: '?' {name=idList2391_, expectedType=org.hibernate.type.LongType@4bf3f9d}
             +-[NAMED_PARAM] ParameterNode: '?' {name=idList2392_, expectedType=org.hibernate.type.LongType@4bf3f9d}
             +-[NAMED_PARAM] ParameterNode: '?' {name=idList2393_, expectedType=org.hibernate.type.LongType@4bf3f9d}
             +-[NAMED_PARAM] ParameterNode: '?' {name=idList2394_, expectedType=org.hibernate.type.LongType@4bf3f9d}
             +-[NAMED_PARAM] ParameterNode: '?' {name=idList2395_, expectedType=org.hibernate.type.LongType@4bf3f9d}
             +-[NAMED_PARAM] ParameterNode: '?' {name=idList2396_, expectedType=org.hibernate.type.LongType@4bf3f9d}
             +-[NAMED_PARAM] ParameterNode: '?' {name=idList2397_, expectedType=org.hibernate.type.LongType@4bf3f9d}
             +-[NAMED_PARAM] ParameterNode: '?' {name=idList2398_, expectedType=org.hibernate.type.LongType@4bf3f9d}
             +-[NAMED_PARAM] ParameterNode: '?' {name=idList2399_, expectedType=org.hibernate.type.LongType@4bf3f9d}
             +-[NAMED_PARAM] ParameterNode: '?' {name=idList2400_, expectedType=org.hibernate.type.LongType@4bf3f9d}
             +-[NAMED_PARAM] ParameterNode: '?' {name=idList2401_, expectedType=org.hibernate.type.LongType@4bf3f9d}
             +-[NAMED_PARAM] ParameterNode: '?' {name=idList2402_, expectedType=org.hibernate.type.LongType@4bf3f9d}
             +-[NAMED_PARAM] ParameterNode: '?' {name=idList2403_, expectedType=org.hibernate.type.LongType@4bf3f9d}
             +-[NAMED_PARAM] ParameterNode: '?' {name=idList2404_, expectedType=org.hibernate.type.LongType@4bf3f9d}
             +-[NAMED_PARAM] ParameterNode: '?' {name=idList2405_, expectedType=org.hibernate.type.LongType@4bf3f9d}
             +-[NAMED_PARAM] ParameterNode: '?' {name=idList2406_, expectedType=org.hibernate.type.LongType@4bf3f9d}
             +-[NAMED_PARAM] ParameterNode: '?' {name=idList2407_, expectedType=org.hibernate.type.LongType@4bf3f9d}
             +-[NAMED_PARAM] ParameterNode: '?' {name=idList2408_, expectedType=org.hibernate.type.LongType@4bf3f9d}
             +-[NAMED_PARAM] ParameterNode: '?' {name=idList2409_, expectedType=org.hibernate.type.LongType@4bf3f9d}
             +-[NAMED_PARAM] ParameterNode: '?' {name=idList2410_, expectedType=org.hibernate.type.LongType@4bf3f9d}
             +-[NAMED_PARAM] ParameterNode: '?' {name=idList2411_, expectedType=org.hibernate.type.LongType@4bf3f9d}
             +-[NAMED_PARAM] ParameterNode: '?' {name=idList2412_, expectedType=org.hibernate.type.LongType@4bf3f9d}
             +-[NAMED_PARAM] ParameterNode: '?' {name=idList2413_, expectedType=org.hibernate.type.LongType@4bf3f9d}
             +-[NAMED_PARAM] ParameterNode: '?' {name=idList2414_, expectedType=org.hibernate.type.LongType@4bf3f9d}
             +-[NAMED_PARAM] ParameterNode: '?' {name=idList2415_, expectedType=org.hibernate.type.LongType@4bf3f9d}
             +-[NAMED_PARAM] ParameterNode: '?' {name=idList2416_, expectedType=org.hibernate.type.LongType@4bf3f9d}
             +-[NAMED_PARAM] ParameterNode: '?' {name=idList2417_, expectedType=org.hibernate.type.LongType@4bf3f9d}
             +-[NAMED_PARAM] ParameterNode: '?' {name=idList2418_, expectedType=org.hibernate.type.LongType@4bf3f9d}
             +-[NAMED_PARAM] ParameterNode: '?' {name=idList2419_, expectedType=org.hibernate.type.LongType@4bf3f9d}
             +-[NAMED_PARAM] ParameterNode: '?' {name=idList2420_, expectedType=org.hibernate.type.LongType@4bf3f9d}
             +-[NAMED_PARAM] ParameterNode: '?' {name=idList2421_, expectedType=org.hibernate.type.LongType@4bf3f9d}
             +-[NAMED_PARAM] ParameterNode: '?' {name=idList2422_, expectedType=org.hibernate.type.LongType@4bf3f9d}
             +-[NAMED_PARAM] ParameterNode: '?' {name=idList2423_, expectedType=org.hibernate.type.LongType@4bf3f9d}
             +-[NAMED_PARAM] ParameterNode: '?' {name=idList2424_, expectedType=org.hibernate.type.LongType@4bf3f9d}
             +-[NAMED_PARAM] ParameterNode: '?' {name=idList2425_, expectedType=org.hibernate.type.LongType@4bf3f9d}
             +-[NAMED_PARAM] ParameterNode: '?' {name=idList2426_, expectedType=org.hibernate.type.LongType@4bf3f9d}
             +-[NAMED_PARAM] ParameterNode: '?' {name=idList2427_, expectedType=org.hibernate.type.LongType@4bf3f9d}
             +-[NAMED_PARAM] ParameterNode: '?' {name=idList2428_, expectedType=org.hibernate.type.LongType@4bf3f9d}
             +-[NAMED_PARAM] ParameterNode: '?' {name=idList2429_, expectedType=org.hibernate.type.LongType@4bf3f9d}
             +-[NAMED_PARAM] ParameterNode: '?' {name=idList2430_, expectedType=org.hibernate.type.LongType@4bf3f9d}
             +-[NAMED_PARAM] ParameterNode: '?' {name=idList2431_, expectedType=org.hibernate.type.LongType@4bf3f9d}
             +-[NAMED_PARAM] ParameterNode: '?' {name=idList2432_, expectedType=org.hibernate.type.LongType@4bf3f9d}
             +-[NAMED_PARAM] ParameterNode: '?' {name=idList2433_, expectedType=org.hibernate.type.LongType@4bf3f9d}
             +-[NAMED_PARAM] ParameterNode: '?' {name=idList2434_, expectedType=org.hibernate.type.LongType@4bf3f9d}
             +-[NAMED_PARAM] ParameterNode: '?' {name=idList2435_, expectedType=org.hibernate.type.LongType@4bf3f9d}
             +-[NAMED_PARAM] ParameterNode: '?' {name=idList2436_, expectedType=org.hibernate.type.LongType@4bf3f9d}
             +-[NAMED_PARAM] ParameterNode: '?' {name=idList2437_, expectedType=org.hibernate.type.LongType@4bf3f9d}
             +-[NAMED_PARAM] ParameterNode: '?' {name=idList2438_, expectedType=org.hibernate.type.LongType@4bf3f9d}
             +-[NAMED_PARAM] ParameterNode: '?' {name=idList2439_, expectedType=org.hibernate.type.LongType@4bf3f9d}
             +-[NAMED_PARAM] ParameterNode: '?' {name=idList2440_, expectedType=org.hibernate.type.LongType@4bf3f9d}
             +-[NAMED_PARAM] ParameterNode: '?' {name=idList2441_, expectedType=org.hibernate.type.LongType@4bf3f9d}
             +-[NAMED_PARAM] ParameterNode: '?' {name=idList2442_, expectedType=org.hibernate.type.LongType@4bf3f9d}
             +-[NAMED_PARAM] ParameterNode: '?' {name=idList2443_, expectedType=org.hibernate.type.LongType@4bf3f9d}
             +-[NAMED_PARAM] ParameterNode: '?' {name=idList2444_, expectedType=org.hibernate.type.LongType@4bf3f9d}
             +-[NAMED_PARAM] ParameterNode: '?' {name=idList2445_, expectedType=org.hibernate.type.LongType@4bf3f9d}
             +-[NAMED_PARAM] ParameterNode: '?' {name=idList2446_, expectedType=org.hibernate.type.LongType@4bf3f9d}
             +-[NAMED_PARAM] ParameterNode: '?' {name=idList2447_, expectedType=org.hibernate.type.LongType@4bf3f9d}
             +-[NAMED_PARAM] ParameterNode: '?' {name=idList2448_, expectedType=org.hibernate.type.LongType@4bf3f9d}
             +-[NAMED_PARAM] ParameterNode: '?' {name=idList2449_, expectedType=org.hibernate.type.LongType@4bf3f9d}
             +-[NAMED_PARAM] ParameterNode: '?' {name=idList2450_, expectedType=org.hibernate.type.LongType@4bf3f9d}
             +-[NAMED_PARAM] ParameterNode: '?' {name=idList2451_, expectedType=org.hibernate.type.LongType@4bf3f9d}
             +-[NAMED_PARAM] ParameterNode: '?' {name=idList2452_, expectedType=org.hibernate.type.LongType@4bf3f9d}
             +-[NAMED_PARAM] ParameterNode: '?' {name=idList2453_, expectedType=org.hibernate.type.LongType@4bf3f9d}
             +-[NAMED_PARAM] ParameterNode: '?' {name=idList2454_, expectedType=org.hibernate.type.LongType@4bf3f9d}
             +-[NAMED_PARAM] ParameterNode: '?' {name=idList2455_, expectedType=org.hibernate.type.LongType@4bf3f9d}
             +-[NAMED_PARAM] ParameterNode: '?' {name=idList2456_, expectedType=org.hibernate.type.LongType@4bf3f9d}
             +-[NAMED_PARAM] ParameterNode: '?' {name=idList2457_, expectedType=org.hibernate.type.LongType@4bf3f9d}
             +-[NAMED_PARAM] ParameterNode: '?' {name=idList2458_, expectedType=org.hibernate.type.LongType@4bf3f9d}
             +-[NAMED_PARAM] ParameterNode: '?' {name=idList2459_, expectedType=org.hibernate.type.LongType@4bf3f9d}
             +-[NAMED_PARAM] ParameterNode: '?' {name=idList2460_, expectedType=org.hibernate.type.LongType@4bf3f9d}
             +-[NAMED_PARAM] ParameterNode: '?' {name=idList2461_, expectedType=org.hibernate.type.LongType@4bf3f9d}
             +-[NAMED_PARAM] ParameterNode: '?' {name=idList2462_, expectedType=org.hibernate.type.LongType@4bf3f9d}
             +-[NAMED_PARAM] ParameterNode: '?' {name=idList2463_, expectedType=org.hibernate.type.LongType@4bf3f9d}
             +-[NAMED_PARAM] ParameterNode: '?' {name=idList2464_, expectedType=org.hibernate.type.LongType@4bf3f9d}
             +-[NAMED_PARAM] ParameterNode: '?' {name=idList2465_, expectedType=org.hibernate.type.LongType@4bf3f9d}
             +-[NAMED_PARAM] ParameterNode: '?' {name=idList2466_, expectedType=org.hibernate.type.LongType@4bf3f9d}
             +-[NAMED_PARAM] ParameterNode: '?' {name=idList2467_, expectedType=org.hibernate.type.LongType@4bf3f9d}
             +-[NAMED_PARAM] ParameterNode: '?' {name=idList2468_, expectedType=org.hibernate.type.LongType@4bf3f9d}
             +-[NAMED_PARAM] ParameterNode: '?' {name=idList2469_, expectedType=org.hibernate.type.LongType@4bf3f9d}
             +-[NAMED_PARAM] ParameterNode: '?' {name=idList2470_, expectedType=org.hibernate.type.LongType@4bf3f9d}
             +-[NAMED_PARAM] ParameterNode: '?' {name=idList2471_, expectedType=org.hibernate.type.LongType@4bf3f9d}
             +-[NAMED_PARAM] ParameterNode: '?' {name=idList2472_, expectedType=org.hibernate.type.LongType@4bf3f9d}
             +-[NAMED_PARAM] ParameterNode: '?' {name=idList2473_, expectedType=org.hibernate.type.LongType@4bf3f9d}
             +-[NAMED_PARAM] ParameterNode: '?' {name=idList2474_, expectedType=org.hibernate.type.LongType@4bf3f9d}
             +-[NAMED_PARAM] ParameterNode: '?' {name=idList2475_, expectedType=org.hibernate.type.LongType@4bf3f9d}
             +-[NAMED_PARAM] ParameterNode: '?' {name=idList2476_, expectedType=org.hibernate.type.LongType@4bf3f9d}
             +-[NAMED_PARAM] ParameterNode: '?' {name=idList2477_, expectedType=org.hibernate.type.LongType@4bf3f9d}
             +-[NAMED_PARAM] ParameterNode: '?' {name=idList2478_, expectedType=org.hibernate.type.LongType@4bf3f9d}
             +-[NAMED_PARAM] ParameterNode: '?' {name=idList2479_, expectedType=org.hibernate.type.LongType@4bf3f9d}
             +-[NAMED_PARAM] ParameterNode: '?' {name=idList2480_, expectedType=org.hibernate.type.LongType@4bf3f9d}
             +-[NAMED_PARAM] ParameterNode: '?' {name=idList2481_, expectedType=org.hibernate.type.LongType@4bf3f9d}
             +-[NAMED_PARAM] ParameterNode: '?' {name=idList2482_, expectedType=org.hibernate.type.LongType@4bf3f9d}
             +-[NAMED_PARAM] ParameterNode: '?' {name=idList2483_, expectedType=org.hibernate.type.LongType@4bf3f9d}
             +-[NAMED_PARAM] ParameterNode: '?' {name=idList2484_, expectedType=org.hibernate.type.LongType@4bf3f9d}
             +-[NAMED_PARAM] ParameterNode: '?' {name=idList2485_, expectedType=org.hibernate.type.LongType@4bf3f9d}
             +-[NAMED_PARAM] ParameterNode: '?' {name=idList2486_, expectedType=org.hibernate.type.LongType@4bf3f9d}
             +-[NAMED_PARAM] ParameterNode: '?' {name=idList2487_, expectedType=org.hibernate.type.LongType@4bf3f9d}
             +-[NAMED_PARAM] ParameterNode: '?' {name=idList2488_, expectedType=org.hibernate.type.LongType@4bf3f9d}
             +-[NAMED_PARAM] ParameterNode: '?' {name=idList2489_, expectedType=org.hibernate.type.LongType@4bf3f9d}
             +-[NAMED_PARAM] ParameterNode: '?' {name=idList2490_, expectedType=org.hibernate.type.LongType@4bf3f9d}
             +-[NAMED_PARAM] ParameterNode: '?' {name=idList2491_, expectedType=org.hibernate.type.LongType@4bf3f9d}
             +-[NAMED_PARAM] ParameterNode: '?' {name=idList2492_, expectedType=org.hibernate.type.LongType@4bf3f9d}
             +-[NAMED_PARAM] ParameterNode: '?' {name=idList2493_, expectedType=org.hibernate.type.LongType@4bf3f9d}
             +-[NAMED_PARAM] ParameterNode: '?' {name=idList2494_, expectedType=org.hibernate.type.LongType@4bf3f9d}
             +-[NAMED_PARAM] ParameterNode: '?' {name=idList2495_, expectedType=org.hibernate.type.LongType@4bf3f9d}
             +-[NAMED_PARAM] ParameterNode: '?' {name=idList2496_, expectedType=org.hibernate.type.LongType@4bf3f9d}
             +-[NAMED_PARAM] ParameterNode: '?' {name=idList2497_, expectedType=org.hibernate.type.LongType@4bf3f9d}
             +-[NAMED_PARAM] ParameterNode: '?' {name=idList2498_, expectedType=org.hibernate.type.LongType@4bf3f9d}
             +-[NAMED_PARAM] ParameterNode: '?' {name=idList2499_, expectedType=org.hibernate.type.LongType@4bf3f9d}
             +-[NAMED_PARAM] ParameterNode: '?' {name=idList2500_, expectedType=org.hibernate.type.LongType@4bf3f9d}
             +-[NAMED_PARAM] ParameterNode: '?' {name=idList2501_, expectedType=org.hibernate.type.LongType@4bf3f9d}
             +-[NAMED_PARAM] ParameterNode: '?' {name=idList2502_, expectedType=org.hibernate.type.LongType@4bf3f9d}
             +-[NAMED_PARAM] ParameterNode: '?' {name=idList2503_, expectedType=org.hibernate.type.LongType@4bf3f9d}
             +-[NAMED_PARAM] ParameterNode: '?' {name=idList2504_, expectedType=org.hibernate.type.LongType@4bf3f9d}
             +-[NAMED_PARAM] ParameterNode: '?' {name=idList2505_, expectedType=org.hibernate.type.LongType@4bf3f9d}
             +-[NAMED_PARAM] ParameterNode: '?' {name=idList2506_, expectedType=org.hibernate.type.LongType@4bf3f9d}
             +-[NAMED_PARAM] ParameterNode: '?' {name=idList2507_, expectedType=org.hibernate.type.LongType@4bf3f9d}
             +-[NAMED_PARAM] ParameterNode: '?' {name=idList2508_, expectedType=org.hibernate.type.LongType@4bf3f9d}
             +-[NAMED_PARAM] ParameterNode: '?' {name=idList2509_, expectedType=org.hibernate.type.LongType@4bf3f9d}
             +-[NAMED_PARAM] ParameterNode: '?' {name=idList2510_, expectedType=org.hibernate.type.LongType@4bf3f9d}
             +-[NAMED_PARAM] ParameterNode: '?' {name=idList2511_, expectedType=org.hibernate.type.LongType@4bf3f9d}
             +-[NAMED_PARAM] ParameterNode: '?' {name=idList2512_, expectedType=org.hibernate.type.LongType@4bf3f9d}
             +-[NAMED_PARAM] ParameterNode: '?' {name=idList2513_, expectedType=org.hibernate.type.LongType@4bf3f9d}
             +-[NAMED_PARAM] ParameterNode: '?' {name=idList2514_, expectedType=org.hibernate.type.LongType@4bf3f9d}
             +-[NAMED_PARAM] ParameterNode: '?' {name=idList2515_, expectedType=org.hibernate.type.LongType@4bf3f9d}
             +-[NAMED_PARAM] ParameterNode: '?' {name=idList2516_, expectedType=org.hibernate.type.LongType@4bf3f9d}
             +-[NAMED_PARAM] ParameterNode: '?' {name=idList2517_, expectedType=org.hibernate.type.LongType@4bf3f9d}
             +-[NAMED_PARAM] ParameterNode: '?' {name=idList2518_, expectedType=org.hibernate.type.LongType@4bf3f9d}
             +-[NAMED_PARAM] ParameterNode: '?' {name=idList2519_, expectedType=org.hibernate.type.LongType@4bf3f9d}
             +-[NAMED_PARAM] ParameterNode: '?' {name=idList2520_, expectedType=org.hibernate.type.LongType@4bf3f9d}
             +-[NAMED_PARAM] ParameterNode: '?' {name=idList2521_, expectedType=org.hibernate.type.LongType@4bf3f9d}
             +-[NAMED_PARAM] ParameterNode: '?' {name=idList2522_, expectedType=org.hibernate.type.LongType@4bf3f9d}
             +-[NAMED_PARAM] ParameterNode: '?' {name=idList2523_, expectedType=org.hibernate.type.LongType@4bf3f9d}
             +-[NAMED_PARAM] ParameterNode: '?' {name=idList2524_, expectedType=org.hibernate.type.LongType@4bf3f9d}
             +-[NAMED_PARAM] ParameterNode: '?' {name=idList2525_, expectedType=org.hibernate.type.LongType@4bf3f9d}
             +-[NAMED_PARAM] ParameterNode: '?' {name=idList2526_, expectedType=org.hibernate.type.LongType@4bf3f9d}
             +-[NAMED_PARAM] ParameterNode: '?' {name=idList2527_, expectedType=org.hibernate.type.LongType@4bf3f9d}
             +-[NAMED_PARAM] ParameterNode: '?' {name=idList2528_, expectedType=org.hibernate.type.LongType@4bf3f9d}
             +-[NAMED_PARAM] ParameterNode: '?' {name=idList2529_, expectedType=org.hibernate.type.LongType@4bf3f9d}
             +-[NAMED_PARAM] ParameterNode: '?' {name=idList2530_, expectedType=org.hibernate.type.LongType@4bf3f9d}
             +-[NAMED_PARAM] ParameterNode: '?' {name=idList2531_, expectedType=org.hibernate.type.LongType@4bf3f9d}
             +-[NAMED_PARAM] ParameterNode: '?' {name=idList2532_, expectedType=org.hibernate.type.LongType@4bf3f9d}
             +-[NAMED_PARAM] ParameterNode: '?' {name=idList2533_, expectedType=org.hibernate.type.LongType@4bf3f9d}
             +-[NAMED_PARAM] ParameterNode: '?' {name=idList2534_, expectedType=org.hibernate.type.LongType@4bf3f9d}
             +-[NAMED_PARAM] ParameterNode: '?' {name=idList2535_, expectedType=org.hibernate.type.LongType@4bf3f9d}
             +-[NAMED_PARAM] ParameterNode: '?' {name=idList2536_, expectedType=org.hibernate.type.LongType@4bf3f9d}
             +-[NAMED_PARAM] ParameterNode: '?' {name=idList2537_, expectedType=org.hibernate.type.LongType@4bf3f9d}
             +-[NAMED_PARAM] ParameterNode: '?' {name=idList2538_, expectedType=org.hibernate.type.LongType@4bf3f9d}
             +-[NAMED_PARAM] ParameterNode: '?' {name=idList2539_, expectedType=org.hibernate.type.LongType@4bf3f9d}
             +-[NAMED_PARAM] ParameterNode: '?' {name=idList2540_, expectedType=org.hibernate.type.LongType@4bf3f9d}
             +-[NAMED_PARAM] ParameterNode: '?' {name=idList2541_, expectedType=org.hibernate.type.LongType@4bf3f9d}
             +-[NAMED_PARAM] ParameterNode: '?' {name=idList2542_, expectedType=org.hibernate.type.LongType@4bf3f9d}
             +-[NAMED_PARAM] ParameterNode: '?' {name=idList2543_, expectedType=org.hibernate.type.LongType@4bf3f9d}
             +-[NAMED_PARAM] ParameterNode: '?' {name=idList2544_, expectedType=org.hibernate.type.LongType@4bf3f9d}
             +-[NAMED_PARAM] ParameterNode: '?' {name=idList2545_, expectedType=org.hibernate.type.LongType@4bf3f9d}
             +-[NAMED_PARAM] ParameterNode: '?' {name=idList2546_, expectedType=org.hibernate.type.LongType@4bf3f9d}
             +-[NAMED_PARAM] ParameterNode: '?' {name=idList2547_, expectedType=org.hibernate.type.LongType@4bf3f9d}
             +-[NAMED_PARAM] ParameterNode: '?' {name=idList2548_, expectedType=org.hibernate.type.LongType@4bf3f9d}
             +-[NAMED_PARAM] ParameterNode: '?' {name=idList2549_, expectedType=org.hibernate.type.LongType@4bf3f9d}
             +-[NAMED_PARAM] ParameterNode: '?' {name=idList2550_, expectedType=org.hibernate.type.LongType@4bf3f9d}
             +-[NAMED_PARAM] ParameterNode: '?' {name=idList2551_, expectedType=org.hibernate.type.LongType@4bf3f9d}
             +-[NAMED_PARAM] ParameterNode: '?' {name=idList2552_, expectedType=org.hibernate.type.LongType@4bf3f9d}
             +-[NAMED_PARAM] ParameterNode: '?' {name=idList2553_, expectedType=org.hibernate.type.LongType@4bf3f9d}
             +-[NAMED_PARAM] ParameterNode: '?' {name=idList2554_, expectedType=org.hibernate.type.LongType@4bf3f9d}
             +-[NAMED_PARAM] ParameterNode: '?' {name=idList2555_, expectedType=org.hibernate.type.LongType@4bf3f9d}
             +-[NAMED_PARAM] ParameterNode: '?' {name=idList2556_, expectedType=org.hibernate.type.LongType@4bf3f9d}
             +-[NAMED_PARAM] ParameterNode: '?' {name=idList2557_, expectedType=org.hibernate.type.LongType@4bf3f9d}
             +-[NAMED_PARAM] ParameterNode: '?' {name=idList2558_, expectedType=org.hibernate.type.LongType@4bf3f9d}
             +-[NAMED_PARAM] ParameterNode: '?' {name=idList2559_, expectedType=org.hibernate.type.LongType@4bf3f9d}
             +-[NAMED_PARAM] ParameterNode: '?' {name=idList2560_, expectedType=org.hibernate.type.LongType@4bf3f9d}
             +-[NAMED_PARAM] ParameterNode: '?' {name=idList2561_, expectedType=org.hibernate.type.LongType@4bf3f9d}
             +-[NAMED_PARAM] ParameterNode: '?' {name=idList2562_, expectedType=org.hibernate.type.LongType@4bf3f9d}
             +-[NAMED_PARAM] ParameterNode: '?' {name=idList2563_, expectedType=org.hibernate.type.LongType@4bf3f9d}
             +-[NAMED_PARAM] ParameterNode: '?' {name=idList2564_, expectedType=org.hibernate.type.LongType@4bf3f9d}
             +-[NAMED_PARAM] ParameterNode: '?' {name=idList2565_, expectedType=org.hibernate.type.LongType@4bf3f9d}
             +-[NAMED_PARAM] ParameterNode: '?' {name=idList2566_, expectedType=org.hibernate.type.LongType@4bf3f9d}
             +-[NAMED_PARAM] ParameterNode: '?' {name=idList2567_, expectedType=org.hibernate.type.LongType@4bf3f9d}
             +-[NAMED_PARAM] ParameterNode: '?' {name=idList2568_, expectedType=org.hibernate.type.LongType@4bf3f9d}
             +-[NAMED_PARAM] ParameterNode: '?' {name=idList2569_, expectedType=org.hibernate.type.LongType@4bf3f9d}
             +-[NAMED_PARAM] ParameterNode: '?' {name=idList2570_, expectedType=org.hibernate.type.LongType@4bf3f9d}
             +-[NAMED_PARAM] ParameterNode: '?' {name=idList2571_, expectedType=org.hibernate.type.LongType@4bf3f9d}
             +-[NAMED_PARAM] ParameterNode: '?' {name=idList2572_, expectedType=org.hibernate.type.LongType@4bf3f9d}
             +-[NAMED_PARAM] ParameterNode: '?' {name=idList2573_, expectedType=org.hibernate.type.LongType@4bf3f9d}
             +-[NAMED_PARAM] ParameterNode: '?' {name=idList2574_, expectedType=org.hibernate.type.LongType@4bf3f9d}
             +-[NAMED_PARAM] ParameterNode: '?' {name=idList2575_, expectedType=org.hibernate.type.LongType@4bf3f9d}
             +-[NAMED_PARAM] ParameterNode: '?' {name=idList2576_, expectedType=org.hibernate.type.LongType@4bf3f9d}
             +-[NAMED_PARAM] ParameterNode: '?' {name=idList2577_, expectedType=org.hibernate.type.LongType@4bf3f9d}
             +-[NAMED_PARAM] ParameterNode: '?' {name=idList2578_, expectedType=org.hibernate.type.LongType@4bf3f9d}
             +-[NAMED_PARAM] ParameterNode: '?' {name=idList2579_, expectedType=org.hibernate.type.LongType@4bf3f9d}
             +-[NAMED_PARAM] ParameterNode: '?' {name=idList2580_, expectedType=org.hibernate.type.LongType@4bf3f9d}
             +-[NAMED_PARAM] ParameterNode: '?' {name=idList2581_, expectedType=org.hibernate.type.LongType@4bf3f9d}
             +-[NAMED_PARAM] ParameterNode: '?' {name=idList2582_, expectedType=org.hibernate.type.LongType@4bf3f9d}
             +-[NAMED_PARAM] ParameterNode: '?' {name=idList2583_, expectedType=org.hibernate.type.LongType@4bf3f9d}
             +-[NAMED_PARAM] ParameterNode: '?' {name=idList2584_, expectedType=org.hibernate.type.LongType@4bf3f9d}
             +-[NAMED_PARAM] ParameterNode: '?' {name=idList2585_, expectedType=org.hibernate.type.LongType@4bf3f9d}
             +-[NAMED_PARAM] ParameterNode: '?' {name=idList2586_, expectedType=org.hibernate.type.LongType@4bf3f9d}
             +-[NAMED_PARAM] ParameterNode: '?' {name=idList2587_, expectedType=org.hibernate.type.LongType@4bf3f9d}
             +-[NAMED_PARAM] ParameterNode: '?' {name=idList2588_, expectedType=org.hibernate.type.LongType@4bf3f9d}
             +-[NAMED_PARAM] ParameterNode: '?' {name=idList2589_, expectedType=org.hibernate.type.LongType@4bf3f9d}
             +-[NAMED_PARAM] ParameterNode: '?' {name=idList2590_, expectedType=org.hibernate.type.LongType@4bf3f9d}
             +-[NAMED_PARAM] ParameterNode: '?' {name=idList2591_, expectedType=org.hibernate.type.LongType@4bf3f9d}
             +-[NAMED_PARAM] ParameterNode: '?' {name=idList2592_, expectedType=org.hibernate.type.LongType@4bf3f9d}
             +-[NAMED_PARAM] ParameterNode: '?' {name=idList2593_, expectedType=org.hibernate.type.LongType@4bf3f9d}
             +-[NAMED_PARAM] ParameterNode: '?' {name=idList2594_, expectedType=org.hibernate.type.LongType@4bf3f9d}
             +-[NAMED_PARAM] ParameterNode: '?' {name=idList2595_, expectedType=org.hibernate.type.LongType@4bf3f9d}
             +-[NAMED_PARAM] ParameterNode: '?' {name=idList2596_, expectedType=org.hibernate.type.LongType@4bf3f9d}
             +-[NAMED_PARAM] ParameterNode: '?' {name=idList2597_, expectedType=org.hibernate.type.LongType@4bf3f9d}
             +-[NAMED_PARAM] ParameterNode: '?' {name=idList2598_, expectedType=org.hibernate.type.LongType@4bf3f9d}
             +-[NAMED_PARAM] ParameterNode: '?' {name=idList2599_, expectedType=org.hibernate.type.LongType@4bf3f9d}
             +-[NAMED_PARAM] ParameterNode: '?' {name=idList2600_, expectedType=org.hibernate.type.LongType@4bf3f9d}
             +-[NAMED_PARAM] ParameterNode: '?' {name=idList2601_, expectedType=org.hibernate.type.LongType@4bf3f9d}
             +-[NAMED_PARAM] ParameterNode: '?' {name=idList2602_, expectedType=org.hibernate.type.LongType@4bf3f9d}
             +-[NAMED_PARAM] ParameterNode: '?' {name=idList2603_, expectedType=org.hibernate.type.LongType@4bf3f9d}
             +-[NAMED_PARAM] ParameterNode: '?' {name=idList2604_, expectedType=org.hibernate.type.LongType@4bf3f9d}
             +-[NAMED_PARAM] ParameterNode: '?' {name=idList2605_, expectedType=org.hibernate.type.LongType@4bf3f9d}
             +-[NAMED_PARAM] ParameterNode: '?' {name=idList2606_, expectedType=org.hibernate.type.LongType@4bf3f9d}
             +-[NAMED_PARAM] ParameterNode: '?' {name=idList2607_, expectedType=org.hibernate.type.LongType@4bf3f9d}
             +-[NAMED_PARAM] ParameterNode: '?' {name=idList2608_, expectedType=org.hibernate.type.LongType@4bf3f9d}
             +-[NAMED_PARAM] ParameterNode: '?' {name=idList2609_, expectedType=org.hibernate.type.LongType@4bf3f9d}
             +-[NAMED_PARAM] ParameterNode: '?' {name=idList2610_, expectedType=org.hibernate.type.LongType@4bf3f9d}
             +-[NAMED_PARAM] ParameterNode: '?' {name=idList2611_, expectedType=org.hibernate.type.LongType@4bf3f9d}
             +-[NAMED_PARAM] ParameterNode: '?' {name=idList2612_, expectedType=org.hibernate.type.LongType@4bf3f9d}
             +-[NAMED_PARAM] ParameterNode: '?' {name=idList2613_, expectedType=org.hibernate.type.LongType@4bf3f9d}
             +-[NAMED_PARAM] ParameterNode: '?' {name=idList2614_, expectedType=org.hibernate.type.LongType@4bf3f9d}
             +-[NAMED_PARAM] ParameterNode: '?' {name=idList2615_, expectedType=org.hibernate.type.LongType@4bf3f9d}
             +-[NAMED_PARAM] ParameterNode: '?' {name=idList2616_, expectedType=org.hibernate.type.LongType@4bf3f9d}
             +-[NAMED_PARAM] ParameterNode: '?' {name=idList2617_, expectedType=org.hibernate.type.LongType@4bf3f9d}
             +-[NAMED_PARAM] ParameterNode: '?' {name=idList2618_, expectedType=org.hibernate.type.LongType@4bf3f9d}
             +-[NAMED_PARAM] ParameterNode: '?' {name=idList2619_, expectedType=org.hibernate.type.LongType@4bf3f9d}
             +-[NAMED_PARAM] ParameterNode: '?' {name=idList2620_, expectedType=org.hibernate.type.LongType@4bf3f9d}
             +-[NAMED_PARAM] ParameterNode: '?' {name=idList2621_, expectedType=org.hibernate.type.LongType@4bf3f9d}
             +-[NAMED_PARAM] ParameterNode: '?' {name=idList2622_, expectedType=org.hibernate.type.LongType@4bf3f9d}
             +-[NAMED_PARAM] ParameterNode: '?' {name=idList2623_, expectedType=org.hibernate.type.LongType@4bf3f9d}
             +-[NAMED_PARAM] ParameterNode: '?' {name=idList2624_, expectedType=org.hibernate.type.LongType@4bf3f9d}
             +-[NAMED_PARAM] ParameterNode: '?' {name=idList2625_, expectedType=org.hibernate.type.LongType@4bf3f9d}
             +-[NAMED_PARAM] ParameterNode: '?' {name=idList2626_, expectedType=org.hibernate.type.LongType@4bf3f9d}
             +-[NAMED_PARAM] ParameterNode: '?' {name=idList2627_, expectedType=org.hibernate.type.LongType@4bf3f9d}
             +-[NAMED_PARAM] ParameterNode: '?' {name=idList2628_, expectedType=org.hibernate.type.LongType@4bf3f9d}
             +-[NAMED_PARAM] ParameterNode: '?' {name=idList2629_, expectedType=org.hibernate.type.LongType@4bf3f9d}
             +-[NAMED_PARAM] ParameterNode: '?' {name=idList2630_, expectedType=org.hibernate.type.LongType@4bf3f9d}
             +-[NAMED_PARAM] ParameterNode: '?' {name=idList2631_, expectedType=org.hibernate.type.LongType@4bf3f9d}
             +-[NAMED_PARAM] ParameterNode: '?' {name=idList2632_, expectedType=org.hibernate.type.LongType@4bf3f9d}
             +-[NAMED_PARAM] ParameterNode: '?' {name=idList2633_, expectedType=org.hibernate.type.LongType@4bf3f9d}
             +-[NAMED_PARAM] ParameterNode: '?' {name=idList2634_, expectedType=org.hibernate.type.LongType@4bf3f9d}
             +-[NAMED_PARAM] ParameterNode: '?' {name=idList2635_, expectedType=org.hibernate.type.LongType@4bf3f9d}
             +-[NAMED_PARAM] ParameterNode: '?' {name=idList2636_, expectedType=org.hibernate.type.LongType@4bf3f9d}
             +-[NAMED_PARAM] ParameterNode: '?' {name=idList2637_, expectedType=org.hibernate.type.LongType@4bf3f9d}
             +-[NAMED_PARAM] ParameterNode: '?' {name=idList2638_, expectedType=org.hibernate.type.LongType@4bf3f9d}
             +-[NAMED_PARAM] ParameterNode: '?' {name=idList2639_, expectedType=org.hibernate.type.LongType@4bf3f9d}
             +-[NAMED_PARAM] ParameterNode: '?' {name=idList2640_, expectedType=org.hibernate.type.LongType@4bf3f9d}
             +-[NAMED_PARAM] ParameterNode: '?' {name=idList2641_, expectedType=org.hibernate.type.LongType@4bf3f9d}
             +-[NAMED_PARAM] ParameterNode: '?' {name=idList2642_, expectedType=org.hibernate.type.LongType@4bf3f9d}
             +-[NAMED_PARAM] ParameterNode: '?' {name=idList2643_, expectedType=org.hibernate.type.LongType@4bf3f9d}
             +-[NAMED_PARAM] ParameterNode: '?' {name=idList2644_, expectedType=org.hibernate.type.LongType@4bf3f9d}
             +-[NAMED_PARAM] ParameterNode: '?' {name=idList2645_, expectedType=org.hibernate.type.LongType@4bf3f9d}
             +-[NAMED_PARAM] ParameterNode: '?' {name=idList2646_, expectedType=org.hibernate.type.LongType@4bf3f9d}
             +-[NAMED_PARAM] ParameterNode: '?' {name=idList2647_, expectedType=org.hibernate.type.LongType@4bf3f9d}
             +-[NAMED_PARAM] ParameterNode: '?' {name=idList2648_, expectedType=org.hibernate.type.LongType@4bf3f9d}
             +-[NAMED_PARAM] ParameterNode: '?' {name=idList2649_, expectedType=org.hibernate.type.LongType@4bf3f9d}
             +-[NAMED_PARAM] ParameterNode: '?' {name=idList2650_, expectedType=org.hibernate.type.LongType@4bf3f9d}
             +-[NAMED_PARAM] ParameterNode: '?' {name=idList2651_, expectedType=org.hibernate.type.LongType@4bf3f9d}
             +-[NAMED_PARAM] ParameterNode: '?' {name=idList2652_, expectedType=org.hibernate.type.LongType@4bf3f9d}
             +-[NAMED_PARAM] ParameterNode: '?' {name=idList2653_, expectedType=org.hibernate.type.LongType@4bf3f9d}
             +-[NAMED_PARAM] ParameterNode: '?' {name=idList2654_, expectedType=org.hibernate.type.LongType@4bf3f9d}
             +-[NAMED_PARAM] ParameterNode: '?' {name=idList2655_, expectedType=org.hibernate.type.LongType@4bf3f9d}
             +-[NAMED_PARAM] ParameterNode: '?' {name=idList2656_, expectedType=org.hibernate.type.LongType@4bf3f9d}
             +-[NAMED_PARAM] ParameterNode: '?' {name=idList2657_, expectedType=org.hibernate.type.LongType@4bf3f9d}
             +-[NAMED_PARAM] ParameterNode: '?' {name=idList2658_, expectedType=org.hibernate.type.LongType@4bf3f9d}
             +-[NAMED_PARAM] ParameterNode: '?' {name=idList2659_, expectedType=org.hibernate.type.LongType@4bf3f9d}
             +-[NAMED_PARAM] ParameterNode: '?' {name=idList2660_, expectedType=org.hibernate.type.LongType@4bf3f9d}
             +-[NAMED_PARAM] ParameterNode: '?' {name=idList2661_, expectedType=org.hibernate.type.LongType@4bf3f9d}
             +-[NAMED_PARAM] ParameterNode: '?' {name=idList2662_, expectedType=org.hibernate.type.LongType@4bf3f9d}
             +-[NAMED_PARAM] ParameterNode: '?' {name=idList2663_, expectedType=org.hibernate.type.LongType@4bf3f9d}
             +-[NAMED_PARAM] ParameterNode: '?' {name=idList2664_, expectedType=org.hibernate.type.LongType@4bf3f9d}
             +-[NAMED_PARAM] ParameterNode: '?' {name=idList2665_, expectedType=org.hibernate.type.LongType@4bf3f9d}
             +-[NAMED_PARAM] ParameterNode: '?' {name=idList2666_, expectedType=org.hibernate.type.LongType@4bf3f9d}
             +-[NAMED_PARAM] ParameterNode: '?' {name=idList2667_, expectedType=org.hibernate.type.LongType@4bf3f9d}
             +-[NAMED_PARAM] ParameterNode: '?' {name=idList2668_, expectedType=org.hibernate.type.LongType@4bf3f9d}
             +-[NAMED_PARAM] ParameterNode: '?' {name=idList2669_, expectedType=org.hibernate.type.LongType@4bf3f9d}
             +-[NAMED_PARAM] ParameterNode: '?' {name=idList2670_, expectedType=org.hibernate.type.LongType@4bf3f9d}
             +-[NAMED_PARAM] ParameterNode: '?' {name=idList2671_, expectedType=org.hibernate.type.LongType@4bf3f9d}
             +-[NAMED_PARAM] ParameterNode: '?' {name=idList2672_, expectedType=org.hibernate.type.LongType@4bf3f9d}
             +-[NAMED_PARAM] ParameterNode: '?' {name=idList2673_, expectedType=org.hibernate.type.LongType@4bf3f9d}
             +-[NAMED_PARAM] ParameterNode: '?' {name=idList2674_, expectedType=org.hibernate.type.LongType@4bf3f9d}
             +-[NAMED_PARAM] ParameterNode: '?' {name=idList2675_, expectedType=org.hibernate.type.LongType@4bf3f9d}
             +-[NAMED_PARAM] ParameterNode: '?' {name=idList2676_, expectedType=org.hibernate.type.LongType@4bf3f9d}
             +-[NAMED_PARAM] ParameterNode: '?' {name=idList2677_, expectedType=org.hibernate.type.LongType@4bf3f9d}
             +-[NAMED_PARAM] ParameterNode: '?' {name=idList2678_, expectedType=org.hibernate.type.LongType@4bf3f9d}
             +-[NAMED_PARAM] ParameterNode: '?' {name=idList2679_, expectedType=org.hibernate.type.LongType@4bf3f9d}
             +-[NAMED_PARAM] ParameterNode: '?' {name=idList2680_, expectedType=org.hibernate.type.LongType@4bf3f9d}
             +-[NAMED_PARAM] ParameterNode: '?' {name=idList2681_, expectedType=org.hibernate.type.LongType@4bf3f9d}
             +-[NAMED_PARAM] ParameterNode: '?' {name=idList2682_, expectedType=org.hibernate.type.LongType@4bf3f9d}
             +-[NAMED_PARAM] ParameterNode: '?' {name=idList2683_, expectedType=org.hibernate.type.LongType@4bf3f9d}
             +-[NAMED_PARAM] ParameterNode: '?' {name=idList2684_, expectedType=org.hibernate.type.LongType@4bf3f9d}
             +-[NAMED_PARAM] ParameterNode: '?' {name=idList2685_, expectedType=org.hibernate.type.LongType@4bf3f9d}
             +-[NAMED_PARAM] ParameterNode: '?' {name=idList2686_, expectedType=org.hibernate.type.LongType@4bf3f9d}
             +-[NAMED_PARAM] ParameterNode: '?' {name=idList2687_, expectedType=org.hibernate.type.LongType@4bf3f9d}
             +-[NAMED_PARAM] ParameterNode: '?' {name=idList2688_, expectedType=org.hibernate.type.LongType@4bf3f9d}
             +-[NAMED_PARAM] ParameterNode: '?' {name=idList2689_, expectedType=org.hibernate.type.LongType@4bf3f9d}
             +-[NAMED_PARAM] ParameterNode: '?' {name=idList2690_, expectedType=org.hibernate.type.LongType@4bf3f9d}
             +-[NAMED_PARAM] ParameterNode: '?' {name=idList2691_, expectedType=org.hibernate.type.LongType@4bf3f9d}
             +-[NAMED_PARAM] ParameterNode: '?' {name=idList2692_, expectedType=org.hibernate.type.LongType@4bf3f9d}
             +-[NAMED_PARAM] ParameterNode: '?' {name=idList2693_, expectedType=org.hibernate.type.LongType@4bf3f9d}
             +-[NAMED_PARAM] ParameterNode: '?' {name=idList2694_, expectedType=org.hibernate.type.LongType@4bf3f9d}
             +-[NAMED_PARAM] ParameterNode: '?' {name=idList2695_, expectedType=org.hibernate.type.LongType@4bf3f9d}
             +-[NAMED_PARAM] ParameterNode: '?' {name=idList2696_, expectedType=org.hibernate.type.LongType@4bf3f9d}
             +-[NAMED_PARAM] ParameterNode: '?' {name=idList2697_, expectedType=org.hibernate.type.LongType@4bf3f9d}
             +-[NAMED_PARAM] ParameterNode: '?' {name=idList2698_, expectedType=org.hibernate.type.LongType@4bf3f9d}
             +-[NAMED_PARAM] ParameterNode: '?' {name=idList2699_, expectedType=org.hibernate.type.LongType@4bf3f9d}
             +-[NAMED_PARAM] ParameterNode: '?' {name=idList2700_, expectedType=org.hibernate.type.LongType@4bf3f9d}
             +-[NAMED_PARAM] ParameterNode: '?' {name=idList2701_, expectedType=org.hibernate.type.LongType@4bf3f9d}
             +-[NAMED_PARAM] ParameterNode: '?' {name=idList2702_, expectedType=org.hibernate.type.LongType@4bf3f9d}
             +-[NAMED_PARAM] ParameterNode: '?' {name=idList2703_, expectedType=org.hibernate.type.LongType@4bf3f9d}
             +-[NAMED_PARAM] ParameterNode: '?' {name=idList2704_, expectedType=org.hibernate.type.LongType@4bf3f9d}
             +-[NAMED_PARAM] ParameterNode: '?' {name=idList2705_, expectedType=org.hibernate.type.LongType@4bf3f9d}
             +-[NAMED_PARAM] ParameterNode: '?' {name=idList2706_, expectedType=org.hibernate.type.LongType@4bf3f9d}
             +-[NAMED_PARAM] ParameterNode: '?' {name=idList2707_, expectedType=org.hibernate.type.LongType@4bf3f9d}
             +-[NAMED_PARAM] ParameterNode: '?' {name=idList2708_, expectedType=org.hibernate.type.LongType@4bf3f9d}
             +-[NAMED_PARAM] ParameterNode: '?' {name=idList2709_, expectedType=org.hibernate.type.LongType@4bf3f9d}
             +-[NAMED_PARAM] ParameterNode: '?' {name=idList2710_, expectedType=org.hibernate.type.LongType@4bf3f9d}
             +-[NAMED_PARAM] ParameterNode: '?' {name=idList2711_, expectedType=org.hibernate.type.LongType@4bf3f9d}
             +-[NAMED_PARAM] ParameterNode: '?' {name=idList2712_, expectedType=org.hibernate.type.LongType@4bf3f9d}
             +-[NAMED_PARAM] ParameterNode: '?' {name=idList2713_, expectedType=org.hibernate.type.LongType@4bf3f9d}
             +-[NAMED_PARAM] ParameterNode: '?' {name=idList2714_, expectedType=org.hibernate.type.LongType@4bf3f9d}
             +-[NAMED_PARAM] ParameterNode: '?' {name=idList2715_, expectedType=org.hibernate.type.LongType@4bf3f9d}
             +-[NAMED_PARAM] ParameterNode: '?' {name=idList2716_, expectedType=org.hibernate.type.LongType@4bf3f9d}
             +-[NAMED_PARAM] ParameterNode: '?' {name=idList2717_, expectedType=org.hibernate.type.LongType@4bf3f9d}
             +-[NAMED_PARAM] ParameterNode: '?' {name=idList2718_, expectedType=org.hibernate.type.LongType@4bf3f9d}
             +-[NAMED_PARAM] ParameterNode: '?' {name=idList2719_, expectedType=org.hibernate.type.LongType@4bf3f9d}
             +-[NAMED_PARAM] ParameterNode: '?' {name=idList2720_, expectedType=org.hibernate.type.LongType@4bf3f9d}
             +-[NAMED_PARAM] ParameterNode: '?' {name=idList2721_, expectedType=org.hibernate.type.LongType@4bf3f9d}
             +-[NAMED_PARAM] ParameterNode: '?' {name=idList2722_, expectedType=org.hibernate.type.LongType@4bf3f9d}
             +-[NAMED_PARAM] ParameterNode: '?' {name=idList2723_, expectedType=org.hibernate.type.LongType@4bf3f9d}
             +-[NAMED_PARAM] ParameterNode: '?' {name=idList2724_, expectedType=org.hibernate.type.LongType@4bf3f9d}
             +-[NAMED_PARAM] ParameterNode: '?' {name=idList2725_, expectedType=org.hibernate.type.LongType@4bf3f9d}
             +-[NAMED_PARAM] ParameterNode: '?' {name=idList2726_, expectedType=org.hibernate.type.LongType@4bf3f9d}
             +-[NAMED_PARAM] ParameterNode: '?' {name=idList2727_, expectedType=org.hibernate.type.LongType@4bf3f9d}
             +-[NAMED_PARAM] ParameterNode: '?' {name=idList2728_, expectedType=org.hibernate.type.LongType@4bf3f9d}
             +-[NAMED_PARAM] ParameterNode: '?' {name=idList2729_, expectedType=org.hibernate.type.LongType@4bf3f9d}
             +-[NAMED_PARAM] ParameterNode: '?' {name=idList2730_, expectedType=org.hibernate.type.LongType@4bf3f9d}
             +-[NAMED_PARAM] ParameterNode: '?' {name=idList2731_, expectedType=org.hibernate.type.LongType@4bf3f9d}
             +-[NAMED_PARAM] ParameterNode: '?' {name=idList2732_, expectedType=org.hibernate.type.LongType@4bf3f9d}
             +-[NAMED_PARAM] ParameterNode: '?' {name=idList2733_, expectedType=org.hibernate.type.LongType@4bf3f9d}
             +-[NAMED_PARAM] ParameterNode: '?' {name=idList2734_, expectedType=org.hibernate.type.LongType@4bf3f9d}
             +-[NAMED_PARAM] ParameterNode: '?' {name=idList2735_, expectedType=org.hibernate.type.LongType@4bf3f9d}
             +-[NAMED_PARAM] ParameterNode: '?' {name=idList2736_, expectedType=org.hibernate.type.LongType@4bf3f9d}
             +-[NAMED_PARAM] ParameterNode: '?' {name=idList2737_, expectedType=org.hibernate.type.LongType@4bf3f9d}
             +-[NAMED_PARAM] ParameterNode: '?' {name=idList2738_, expectedType=org.hibernate.type.LongType@4bf3f9d}
             +-[NAMED_PARAM] ParameterNode: '?' {name=idList2739_, expectedType=org.hibernate.type.LongType@4bf3f9d}
             +-[NAMED_PARAM] ParameterNode: '?' {name=idList2740_, expectedType=org.hibernate.type.LongType@4bf3f9d}
             +-[NAMED_PARAM] ParameterNode: '?' {name=idList2741_, expectedType=org.hibernate.type.LongType@4bf3f9d}
             +-[NAMED_PARAM] ParameterNode: '?' {name=idList2742_, expectedType=org.hibernate.type.LongType@4bf3f9d}
             +-[NAMED_PARAM] ParameterNode: '?' {name=idList2743_, expectedType=org.hibernate.type.LongType@4bf3f9d}
             +-[NAMED_PARAM] ParameterNode: '?' {name=idList2744_, expectedType=org.hibernate.type.LongType@4bf3f9d}
             +-[NAMED_PARAM] ParameterNode: '?' {name=idList2745_, expectedType=org.hibernate.type.LongType@4bf3f9d}
             +-[NAMED_PARAM] ParameterNode: '?' {name=idList2746_, expectedType=org.hibernate.type.LongType@4bf3f9d}
             +-[NAMED_PARAM] ParameterNode: '?' {name=idList2747_, expectedType=org.hibernate.type.LongType@4bf3f9d}
             +-[NAMED_PARAM] ParameterNode: '?' {name=idList2748_, expectedType=org.hibernate.type.LongType@4bf3f9d}
             +-[NAMED_PARAM] ParameterNode: '?' {name=idList2749_, expectedType=org.hibernate.type.LongType@4bf3f9d}
             +-[NAMED_PARAM] ParameterNode: '?' {name=idList2750_, expectedType=org.hibernate.type.LongType@4bf3f9d}
             +-[NAMED_PARAM] ParameterNode: '?' {name=idList2751_, expectedType=org.hibernate.type.LongType@4bf3f9d}
             +-[NAMED_PARAM] ParameterNode: '?' {name=idList2752_, expectedType=org.hibernate.type.LongType@4bf3f9d}
             +-[NAMED_PARAM] ParameterNode: '?' {name=idList2753_, expectedType=org.hibernate.type.LongType@4bf3f9d}
             +-[NAMED_PARAM] ParameterNode: '?' {name=idList2754_, expectedType=org.hibernate.type.LongType@4bf3f9d}
             +-[NAMED_PARAM] ParameterNode: '?' {name=idList2755_, expectedType=org.hibernate.type.LongType@4bf3f9d}
             +-[NAMED_PARAM] ParameterNode: '?' {name=idList2756_, expectedType=org.hibernate.type.LongType@4bf3f9d}
             +-[NAMED_PARAM] ParameterNode: '?' {name=idList2757_, expectedType=org.hibernate.type.LongType@4bf3f9d}
             +-[NAMED_PARAM] ParameterNode: '?' {name=idList2758_, expectedType=org.hibernate.type.LongType@4bf3f9d}
             +-[NAMED_PARAM] ParameterNode: '?' {name=idList2759_, expectedType=org.hibernate.type.LongType@4bf3f9d}
             +-[NAMED_PARAM] ParameterNode: '?' {name=idList2760_, expectedType=org.hibernate.type.LongType@4bf3f9d}
             +-[NAMED_PARAM] ParameterNode: '?' {name=idList2761_, expectedType=org.hibernate.type.LongType@4bf3f9d}
             +-[NAMED_PARAM] ParameterNode: '?' {name=idList2762_, expectedType=org.hibernate.type.LongType@4bf3f9d}
             +-[NAMED_PARAM] ParameterNode: '?' {name=idList2763_, expectedType=org.hibernate.type.LongType@4bf3f9d}
             +-[NAMED_PARAM] ParameterNode: '?' {name=idList2764_, expectedType=org.hibernate.type.LongType@4bf3f9d}
             +-[NAMED_PARAM] ParameterNode: '?' {name=idList2765_, expectedType=org.hibernate.type.LongType@4bf3f9d}
             +-[NAMED_PARAM] ParameterNode: '?' {name=idList2766_, expectedType=org.hibernate.type.LongType@4bf3f9d}
             +-[NAMED_PARAM] ParameterNode: '?' {name=idList2767_, expectedType=org.hibernate.type.LongType@4bf3f9d}
             +-[NAMED_PARAM] ParameterNode: '?' {name=idList2768_, expectedType=org.hibernate.type.LongType@4bf3f9d}
             +-[NAMED_PARAM] ParameterNode: '?' {name=idList2769_, expectedType=org.hibernate.type.LongType@4bf3f9d}
             +-[NAMED_PARAM] ParameterNode: '?' {name=idList2770_, expectedType=org.hibernate.type.LongType@4bf3f9d}
             +-[NAMED_PARAM] ParameterNode: '?' {name=idList2771_, expectedType=org.hibernate.type.LongType@4bf3f9d}
             +-[NAMED_PARAM] ParameterNode: '?' {name=idList2772_, expectedType=org.hibernate.type.LongType@4bf3f9d}
             +-[NAMED_PARAM] ParameterNode: '?' {name=idList2773_, expectedType=org.hibernate.type.LongType@4bf3f9d}
             +-[NAMED_PARAM] ParameterNode: '?' {name=idList2774_, expectedType=org.hibernate.type.LongType@4bf3f9d}
             +-[NAMED_PARAM] ParameterNode: '?' {name=idList2775_, expectedType=org.hibernate.type.LongType@4bf3f9d}
             +-[NAMED_PARAM] ParameterNode: '?' {name=idList2776_, expectedType=org.hibernate.type.LongType@4bf3f9d}
             +-[NAMED_PARAM] ParameterNode: '?' {name=idList2777_, expectedType=org.hibernate.type.LongType@4bf3f9d}
             +-[NAMED_PARAM] ParameterNode: '?' {name=idList2778_, expectedType=org.hibernate.type.LongType@4bf3f9d}
             +-[NAMED_PARAM] ParameterNode: '?' {name=idList2779_, expectedType=org.hibernate.type.LongType@4bf3f9d}
             +-[NAMED_PARAM] ParameterNode: '?' {name=idList2780_, expectedType=org.hibernate.type.LongType@4bf3f9d}
             +-[NAMED_PARAM] ParameterNode: '?' {name=idList2781_, expectedType=org.hibernate.type.LongType@4bf3f9d}
             +-[NAMED_PARAM] ParameterNode: '?' {name=idList2782_, expectedType=org.hibernate.type.LongType@4bf3f9d}
             +-[NAMED_PARAM] ParameterNode: '?' {name=idList2783_, expectedType=org.hibernate.type.LongType@4bf3f9d}
             +-[NAMED_PARAM] ParameterNode: '?' {name=idList2784_, expectedType=org.hibernate.type.LongType@4bf3f9d}
             +-[NAMED_PARAM] ParameterNode: '?' {name=idList2785_, expectedType=org.hibernate.type.LongType@4bf3f9d}
             +-[NAMED_PARAM] ParameterNode: '?' {name=idList2786_, expectedType=org.hibernate.type.LongType@4bf3f9d}
             +-[NAMED_PARAM] ParameterNode: '?' {name=idList2787_, expectedType=org.hibernate.type.LongType@4bf3f9d}
             +-[NAMED_PARAM] ParameterNode: '?' {name=idList2788_, expectedType=org.hibernate.type.LongType@4bf3f9d}
             +-[NAMED_PARAM] ParameterNode: '?' {name=idList2789_, expectedType=org.hibernate.type.LongType@4bf3f9d}
             +-[NAMED_PARAM] ParameterNode: '?' {name=idList2790_, expectedType=org.hibernate.type.LongType@4bf3f9d}
             +-[NAMED_PARAM] ParameterNode: '?' {name=idList2791_, expectedType=org.hibernate.type.LongType@4bf3f9d}
             +-[NAMED_PARAM] ParameterNode: '?' {name=idList2792_, expectedType=org.hibernate.type.LongType@4bf3f9d}
             +-[NAMED_PARAM] ParameterNode: '?' {name=idList2793_, expectedType=org.hibernate.type.LongType@4bf3f9d}
             +-[NAMED_PARAM] ParameterNode: '?' {name=idList2794_, expectedType=org.hibernate.type.LongType@4bf3f9d}
             +-[NAMED_PARAM] ParameterNode: '?' {name=idList2795_, expectedType=org.hibernate.type.LongType@4bf3f9d}
             +-[NAMED_PARAM] ParameterNode: '?' {name=idList2796_, expectedType=org.hibernate.type.LongType@4bf3f9d}
             +-[NAMED_PARAM] ParameterNode: '?' {name=idList2797_, expectedType=org.hibernate.type.LongType@4bf3f9d}
             +-[NAMED_PARAM] ParameterNode: '?' {name=idList2798_, expectedType=org.hibernate.type.LongType@4bf3f9d}
             +-[NAMED_PARAM] ParameterNode: '?' {name=idList2799_, expectedType=org.hibernate.type.LongType@4bf3f9d}
             +-[NAMED_PARAM] ParameterNode: '?' {name=idList2800_, expectedType=org.hibernate.type.LongType@4bf3f9d}
             +-[NAMED_PARAM] ParameterNode: '?' {name=idList2801_, expectedType=org.hibernate.type.LongType@4bf3f9d}
             +-[NAMED_PARAM] ParameterNode: '?' {name=idList2802_, expectedType=org.hibernate.type.LongType@4bf3f9d}
             +-[NAMED_PARAM] ParameterNode: '?' {name=idList2803_, expectedType=org.hibernate.type.LongType@4bf3f9d}
             +-[NAMED_PARAM] ParameterNode: '?' {name=idList2804_, expectedType=org.hibernate.type.LongType@4bf3f9d}
             +-[NAMED_PARAM] ParameterNode: '?' {name=idList2805_, expectedType=org.hibernate.type.LongType@4bf3f9d}
             +-[NAMED_PARAM] ParameterNode: '?' {name=idList2806_, expectedType=org.hibernate.type.LongType@4bf3f9d}
             +-[NAMED_PARAM] ParameterNode: '?' {name=idList2807_, expectedType=org.hibernate.type.LongType@4bf3f9d}
             +-[NAMED_PARAM] ParameterNode: '?' {name=idList2808_, expectedType=org.hibernate.type.LongType@4bf3f9d}
             +-[NAMED_PARAM] ParameterNode: '?' {name=idList2809_, expectedType=org.hibernate.type.LongType@4bf3f9d}
             +-[NAMED_PARAM] ParameterNode: '?' {name=idList2810_, expectedType=org.hibernate.type.LongType@4bf3f9d}
             +-[NAMED_PARAM] ParameterNode: '?' {name=idList2811_, expectedType=org.hibernate.type.LongType@4bf3f9d}
             +-[NAMED_PARAM] ParameterNode: '?' {name=idList2812_, expectedType=org.hibernate.type.LongType@4bf3f9d}
             +-[NAMED_PARAM] ParameterNode: '?' {name=idList2813_, expectedType=org.hibernate.type.LongType@4bf3f9d}
             +-[NAMED_PARAM] ParameterNode: '?' {name=idList2814_, expectedType=org.hibernate.type.LongType@4bf3f9d}
             +-[NAMED_PARAM] ParameterNode: '?' {name=idList2815_, expectedType=org.hibernate.type.LongType@4bf3f9d}
             +-[NAMED_PARAM] ParameterNode: '?' {name=idList2816_, expectedType=org.hibernate.type.LongType@4bf3f9d}
             +-[NAMED_PARAM] ParameterNode: '?' {name=idList2817_, expectedType=org.hibernate.type.LongType@4bf3f9d}
             +-[NAMED_PARAM] ParameterNode: '?' {name=idList2818_, expectedType=org.hibernate.type.LongType@4bf3f9d}
             +-[NAMED_PARAM] ParameterNode: '?' {name=idList2819_, expectedType=org.hibernate.type.LongType@4bf3f9d}
             +-[NAMED_PARAM] ParameterNode: '?' {name=idList2820_, expectedType=org.hibernate.type.LongType@4bf3f9d}
             +-[NAMED_PARAM] ParameterNode: '?' {name=idList2821_, expectedType=org.hibernate.type.LongType@4bf3f9d}
             +-[NAMED_PARAM] ParameterNode: '?' {name=idList2822_, expectedType=org.hibernate.type.LongType@4bf3f9d}
             +-[NAMED_PARAM] ParameterNode: '?' {name=idList2823_, expectedType=org.hibernate.type.LongType@4bf3f9d}
             +-[NAMED_PARAM] ParameterNode: '?' {name=idList2824_, expectedType=org.hibernate.type.LongType@4bf3f9d}
             +-[NAMED_PARAM] ParameterNode: '?' {name=idList2825_, expectedType=org.hibernate.type.LongType@4bf3f9d}
             +-[NAMED_PARAM] ParameterNode: '?' {name=idList2826_, expectedType=org.hibernate.type.LongType@4bf3f9d}
             +-[NAMED_PARAM] ParameterNode: '?' {name=idList2827_, expectedType=org.hibernate.type.LongType@4bf3f9d}
             +-[NAMED_PARAM] ParameterNode: '?' {name=idList2828_, expectedType=org.hibernate.type.LongType@4bf3f9d}
             +-[NAMED_PARAM] ParameterNode: '?' {name=idList2829_, expectedType=org.hibernate.type.LongType@4bf3f9d}
             +-[NAMED_PARAM] ParameterNode: '?' {name=idList2830_, expectedType=org.hibernate.type.LongType@4bf3f9d}
             +-[NAMED_PARAM] ParameterNode: '?' {name=idList2831_, expectedType=org.hibernate.type.LongType@4bf3f9d}
             +-[NAMED_PARAM] ParameterNode: '?' {name=idList2832_, expectedType=org.hibernate.type.LongType@4bf3f9d}
             +-[NAMED_PARAM] ParameterNode: '?' {name=idList2833_, expectedType=org.hibernate.type.LongType@4bf3f9d}
             +-[NAMED_PARAM] ParameterNode: '?' {name=idList2834_, expectedType=org.hibernate.type.LongType@4bf3f9d}
             +-[NAMED_PARAM] ParameterNode: '?' {name=idList2835_, expectedType=org.hibernate.type.LongType@4bf3f9d}
             +-[NAMED_PARAM] ParameterNode: '?' {name=idList2836_, expectedType=org.hibernate.type.LongType@4bf3f9d}
             +-[NAMED_PARAM] ParameterNode: '?' {name=idList2837_, expectedType=org.hibernate.type.LongType@4bf3f9d}
             +-[NAMED_PARAM] ParameterNode: '?' {name=idList2838_, expectedType=org.hibernate.type.LongType@4bf3f9d}
             +-[NAMED_PARAM] ParameterNode: '?' {name=idList2839_, expectedType=org.hibernate.type.LongType@4bf3f9d}
             +-[NAMED_PARAM] ParameterNode: '?' {name=idList2840_, expectedType=org.hibernate.type.LongType@4bf3f9d}
             +-[NAMED_PARAM] ParameterNode: '?' {name=idList2841_, expectedType=org.hibernate.type.LongType@4bf3f9d}
             +-[NAMED_PARAM] ParameterNode: '?' {name=idList2842_, expectedType=org.hibernate.type.LongType@4bf3f9d}
             +-[NAMED_PARAM] ParameterNode: '?' {name=idList2843_, expectedType=org.hibernate.type.LongType@4bf3f9d}
             +-[NAMED_PARAM] ParameterNode: '?' {name=idList2844_, expectedType=org.hibernate.type.LongType@4bf3f9d}
             +-[NAMED_PARAM] ParameterNode: '?' {name=idList2845_, expectedType=org.hibernate.type.LongType@4bf3f9d}
             +-[NAMED_PARAM] ParameterNode: '?' {name=idList2846_, expectedType=org.hibernate.type.LongType@4bf3f9d}
             +-[NAMED_PARAM] ParameterNode: '?' {name=idList2847_, expectedType=org.hibernate.type.LongType@4bf3f9d}
             +-[NAMED_PARAM] ParameterNode: '?' {name=idList2848_, expectedType=org.hibernate.type.LongType@4bf3f9d}
             +-[NAMED_PARAM] ParameterNode: '?' {name=idList2849_, expectedType=org.hibernate.type.LongType@4bf3f9d}
             +-[NAMED_PARAM] ParameterNode: '?' {name=idList2850_, expectedType=org.hibernate.type.LongType@4bf3f9d}
             +-[NAMED_PARAM] ParameterNode: '?' {name=idList2851_, expectedType=org.hibernate.type.LongType@4bf3f9d}
             +-[NAMED_PARAM] ParameterNode: '?' {name=idList2852_, expectedType=org.hibernate.type.LongType@4bf3f9d}
             +-[NAMED_PARAM] ParameterNode: '?' {name=idList2853_, expectedType=org.hibernate.type.LongType@4bf3f9d}
             +-[NAMED_PARAM] ParameterNode: '?' {name=idList2854_, expectedType=org.hibernate.type.LongType@4bf3f9d}
             +-[NAMED_PARAM] ParameterNode: '?' {name=idList2855_, expectedType=org.hibernate.type.LongType@4bf3f9d}
             +-[NAMED_PARAM] ParameterNode: '?' {name=idList2856_, expectedType=org.hibernate.type.LongType@4bf3f9d}
             +-[NAMED_PARAM] ParameterNode: '?' {name=idList2857_, expectedType=org.hibernate.type.LongType@4bf3f9d}
             +-[NAMED_PARAM] ParameterNode: '?' {name=idList2858_, expectedType=org.hibernate.type.LongType@4bf3f9d}
             +-[NAMED_PARAM] ParameterNode: '?' {name=idList2859_, expectedType=org.hibernate.type.LongType@4bf3f9d}
             +-[NAMED_PARAM] ParameterNode: '?' {name=idList2860_, expectedType=org.hibernate.type.LongType@4bf3f9d}
             +-[NAMED_PARAM] ParameterNode: '?' {name=idList2861_, expectedType=org.hibernate.type.LongType@4bf3f9d}
             +-[NAMED_PARAM] ParameterNode: '?' {name=idList2862_, expectedType=org.hibernate.type.LongType@4bf3f9d}
             +-[NAMED_PARAM] ParameterNode: '?' {name=idList2863_, expectedType=org.hibernate.type.LongType@4bf3f9d}
             +-[NAMED_PARAM] ParameterNode: '?' {name=idList2864_, expectedType=org.hibernate.type.LongType@4bf3f9d}
             +-[NAMED_PARAM] ParameterNode: '?' {name=idList2865_, expectedType=org.hibernate.type.LongType@4bf3f9d}
             +-[NAMED_PARAM] ParameterNode: '?' {name=idList2866_, expectedType=org.hibernate.type.LongType@4bf3f9d}
             +-[NAMED_PARAM] ParameterNode: '?' {name=idList2867_, expectedType=org.hibernate.type.LongType@4bf3f9d}
             +-[NAMED_PARAM] ParameterNode: '?' {name=idList2868_, expectedType=org.hibernate.type.LongType@4bf3f9d}
             +-[NAMED_PARAM] ParameterNode: '?' {name=idList2869_, expectedType=org.hibernate.type.LongType@4bf3f9d}
             +-[NAMED_PARAM] ParameterNode: '?' {name=idList2870_, expectedType=org.hibernate.type.LongType@4bf3f9d}
             +-[NAMED_PARAM] ParameterNode: '?' {name=idList2871_, expectedType=org.hibernate.type.LongType@4bf3f9d}
             +-[NAMED_PARAM] ParameterNode: '?' {name=idList2872_, expectedType=org.hibernate.type.LongType@4bf3f9d}
             +-[NAMED_PARAM] ParameterNode: '?' {name=idList2873_, expectedType=org.hibernate.type.LongType@4bf3f9d}
             +-[NAMED_PARAM] ParameterNode: '?' {name=idList2874_, expectedType=org.hibernate.type.LongType@4bf3f9d}
             +-[NAMED_PARAM] ParameterNode: '?' {name=idList2875_, expectedType=org.hibernate.type.LongType@4bf3f9d}
             +-[NAMED_PARAM] ParameterNode: '?' {name=idList2876_, expectedType=org.hibernate.type.LongType@4bf3f9d}
             +-[NAMED_PARAM] ParameterNode: '?' {name=idList2877_, expectedType=org.hibernate.type.LongType@4bf3f9d}
             +-[NAMED_PARAM] ParameterNode: '?' {name=idList2878_, expectedType=org.hibernate.type.LongType@4bf3f9d}
             +-[NAMED_PARAM] ParameterNode: '?' {name=idList2879_, expectedType=org.hibernate.type.LongType@4bf3f9d}
             +-[NAMED_PARAM] ParameterNode: '?' {name=idList2880_, expectedType=org.hibernate.type.LongType@4bf3f9d}
             +-[NAMED_PARAM] ParameterNode: '?' {name=idList2881_, expectedType=org.hibernate.type.LongType@4bf3f9d}
             +-[NAMED_PARAM] ParameterNode: '?' {name=idList2882_, expectedType=org.hibernate.type.LongType@4bf3f9d}
             +-[NAMED_PARAM] ParameterNode: '?' {name=idList2883_, expectedType=org.hibernate.type.LongType@4bf3f9d}
             +-[NAMED_PARAM] ParameterNode: '?' {name=idList2884_, expectedType=org.hibernate.type.LongType@4bf3f9d}
             +-[NAMED_PARAM] ParameterNode: '?' {name=idList2885_, expectedType=org.hibernate.type.LongType@4bf3f9d}
             +-[NAMED_PARAM] ParameterNode: '?' {name=idList2886_, expectedType=org.hibernate.type.LongType@4bf3f9d}
             +-[NAMED_PARAM] ParameterNode: '?' {name=idList2887_, expectedType=org.hibernate.type.LongType@4bf3f9d}
             +-[NAMED_PARAM] ParameterNode: '?' {name=idList2888_, expectedType=org.hibernate.type.LongType@4bf3f9d}
             +-[NAMED_PARAM] ParameterNode: '?' {name=idList2889_, expectedType=org.hibernate.type.LongType@4bf3f9d}
             +-[NAMED_PARAM] ParameterNode: '?' {name=idList2890_, expectedType=org.hibernate.type.LongType@4bf3f9d}
             +-[NAMED_PARAM] ParameterNode: '?' {name=idList2891_, expectedType=org.hibernate.type.LongType@4bf3f9d}
             +-[NAMED_PARAM] ParameterNode: '?' {name=idList2892_, expectedType=org.hibernate.type.LongType@4bf3f9d}
             +-[NAMED_PARAM] ParameterNode: '?' {name=idList2893_, expectedType=org.hibernate.type.LongType@4bf3f9d}
             +-[NAMED_PARAM] ParameterNode: '?' {name=idList2894_, expectedType=org.hibernate.type.LongType@4bf3f9d}
             +-[NAMED_PARAM] ParameterNode: '?' {name=idList2895_, expectedType=org.hibernate.type.LongType@4bf3f9d}
             +-[NAMED_PARAM] ParameterNode: '?' {name=idList2896_, expectedType=org.hibernate.type.LongType@4bf3f9d}
             +-[NAMED_PARAM] ParameterNode: '?' {name=idList2897_, expectedType=org.hibernate.type.LongType@4bf3f9d}
             +-[NAMED_PARAM] ParameterNode: '?' {name=idList2898_, expectedType=org.hibernate.type.LongType@4bf3f9d}
             +-[NAMED_PARAM] ParameterNode: '?' {name=idList2899_, expectedType=org.hibernate.type.LongType@4bf3f9d}
             +-[NAMED_PARAM] ParameterNode: '?' {name=idList2900_, expectedType=org.hibernate.type.LongType@4bf3f9d}
             +-[NAMED_PARAM] ParameterNode: '?' {name=idList2901_, expectedType=org.hibernate.type.LongType@4bf3f9d}
             +-[NAMED_PARAM] ParameterNode: '?' {name=idList2902_, expectedType=org.hibernate.type.LongType@4bf3f9d}
             +-[NAMED_PARAM] ParameterNode: '?' {name=idList2903_, expectedType=org.hibernate.type.LongType@4bf3f9d}
             +-[NAMED_PARAM] ParameterNode: '?' {name=idList2904_, expectedType=org.hibernate.type.LongType@4bf3f9d}
             +-[NAMED_PARAM] ParameterNode: '?' {name=idList2905_, expectedType=org.hibernate.type.LongType@4bf3f9d}
             +-[NAMED_PARAM] ParameterNode: '?' {name=idList2906_, expectedType=org.hibernate.type.LongType@4bf3f9d}
             +-[NAMED_PARAM] ParameterNode: '?' {name=idList2907_, expectedType=org.hibernate.type.LongType@4bf3f9d}
             +-[NAMED_PARAM] ParameterNode: '?' {name=idList2908_, expectedType=org.hibernate.type.LongType@4bf3f9d}
             +-[NAMED_PARAM] ParameterNode: '?' {name=idList2909_, expectedType=org.hibernate.type.LongType@4bf3f9d}
             +-[NAMED_PARAM] ParameterNode: '?' {name=idList2910_, expectedType=org.hibernate.type.LongType@4bf3f9d}
             +-[NAMED_PARAM] ParameterNode: '?' {name=idList2911_, expectedType=org.hibernate.type.LongType@4bf3f9d}
             +-[NAMED_PARAM] ParameterNode: '?' {name=idList2912_, expectedType=org.hibernate.type.LongType@4bf3f9d}
             +-[NAMED_PARAM] ParameterNode: '?' {name=idList2913_, expectedType=org.hibernate.type.LongType@4bf3f9d}
             +-[NAMED_PARAM] ParameterNode: '?' {name=idList2914_, expectedType=org.hibernate.type.LongType@4bf3f9d}
             +-[NAMED_PARAM] ParameterNode: '?' {name=idList2915_, expectedType=org.hibernate.type.LongType@4bf3f9d}
             +-[NAMED_PARAM] ParameterNode: '?' {name=idList2916_, expectedType=org.hibernate.type.LongType@4bf3f9d}
             +-[NAMED_PARAM] ParameterNode: '?' {name=idList2917_, expectedType=org.hibernate.type.LongType@4bf3f9d}
             +-[NAMED_PARAM] ParameterNode: '?' {name=idList2918_, expectedType=org.hibernate.type.LongType@4bf3f9d}
             +-[NAMED_PARAM] ParameterNode: '?' {name=idList2919_, expectedType=org.hibernate.type.LongType@4bf3f9d}
             +-[NAMED_PARAM] ParameterNode: '?' {name=idList2920_, expectedType=org.hibernate.type.LongType@4bf3f9d}
             +-[NAMED_PARAM] ParameterNode: '?' {name=idList2921_, expectedType=org.hibernate.type.LongType@4bf3f9d}
             +-[NAMED_PARAM] ParameterNode: '?' {name=idList2922_, expectedType=org.hibernate.type.LongType@4bf3f9d}
             +-[NAMED_PARAM] ParameterNode: '?' {name=idList2923_, expectedType=org.hibernate.type.LongType@4bf3f9d}
             +-[NAMED_PARAM] ParameterNode: '?' {name=idList2924_, expectedType=org.hibernate.type.LongType@4bf3f9d}
             +-[NAMED_PARAM] ParameterNode: '?' {name=idList2925_, expectedType=org.hibernate.type.LongType@4bf3f9d}
             +-[NAMED_PARAM] ParameterNode: '?' {name=idList2926_, expectedType=org.hibernate.type.LongType@4bf3f9d}
             +-[NAMED_PARAM] ParameterNode: '?' {name=idList2927_, expectedType=org.hibernate.type.LongType@4bf3f9d}
             +-[NAMED_PARAM] ParameterNode: '?' {name=idList2928_, expectedType=org.hibernate.type.LongType@4bf3f9d}
             +-[NAMED_PARAM] ParameterNode: '?' {name=idList2929_, expectedType=org.hibernate.type.LongType@4bf3f9d}
             +-[NAMED_PARAM] ParameterNode: '?' {name=idList2930_, expectedType=org.hibernate.type.LongType@4bf3f9d}
             +-[NAMED_PARAM] ParameterNode: '?' {name=idList2931_, expectedType=org.hibernate.type.LongType@4bf3f9d}
             +-[NAMED_PARAM] ParameterNode: '?' {name=idList2932_, expectedType=org.hibernate.type.LongType@4bf3f9d}
             +-[NAMED_PARAM] ParameterNode: '?' {name=idList2933_, expectedType=org.hibernate.type.LongType@4bf3f9d}
             +-[NAMED_PARAM] ParameterNode: '?' {name=idList2934_, expectedType=org.hibernate.type.LongType@4bf3f9d}
             +-[NAMED_PARAM] ParameterNode: '?' {name=idList2935_, expectedType=org.hibernate.type.LongType@4bf3f9d}
             +-[NAMED_PARAM] ParameterNode: '?' {name=idList2936_, expectedType=org.hibernate.type.LongType@4bf3f9d}
             +-[NAMED_PARAM] ParameterNode: '?' {name=idList2937_, expectedType=org.hibernate.type.LongType@4bf3f9d}
             +-[NAMED_PARAM] ParameterNode: '?' {name=idList2938_, expectedType=org.hibernate.type.LongType@4bf3f9d}
             +-[NAMED_PARAM] ParameterNode: '?' {name=idList2939_, expectedType=org.hibernate.type.LongType@4bf3f9d}
             +-[NAMED_PARAM] ParameterNode: '?' {name=idList2940_, expectedType=org.hibernate.type.LongType@4bf3f9d}
             +-[NAMED_PARAM] ParameterNode: '?' {name=idList2941_, expectedType=org.hibernate.type.LongType@4bf3f9d}
             +-[NAMED_PARAM] ParameterNode: '?' {name=idList2942_, expectedType=org.hibernate.type.LongType@4bf3f9d}
             +-[NAMED_PARAM] ParameterNode: '?' {name=idList2943_, expectedType=org.hibernate.type.LongType@4bf3f9d}
             +-[NAMED_PARAM] ParameterNode: '?' {name=idList2944_, expectedType=org.hibernate.type.LongType@4bf3f9d}
             +-[NAMED_PARAM] ParameterNode: '?' {name=idList2945_, expectedType=org.hibernate.type.LongType@4bf3f9d}
             +-[NAMED_PARAM] ParameterNode: '?' {name=idList2946_, expectedType=org.hibernate.type.LongType@4bf3f9d}
             +-[NAMED_PARAM] ParameterNode: '?' {name=idList2947_, expectedType=org.hibernate.type.LongType@4bf3f9d}
             +-[NAMED_PARAM] ParameterNode: '?' {name=idList2948_, expectedType=org.hibernate.type.LongType@4bf3f9d}
             +-[NAMED_PARAM] ParameterNode: '?' {name=idList2949_, expectedType=org.hibernate.type.LongType@4bf3f9d}
             +-[NAMED_PARAM] ParameterNode: '?' {name=idList2950_, expectedType=org.hibernate.type.LongType@4bf3f9d}
             +-[NAMED_PARAM] ParameterNode: '?' {name=idList2951_, expectedType=org.hibernate.type.LongType@4bf3f9d}
             +-[NAMED_PARAM] ParameterNode: '?' {name=idList2952_, expectedType=org.hibernate.type.LongType@4bf3f9d}
             +-[NAMED_PARAM] ParameterNode: '?' {name=idList2953_, expectedType=org.hibernate.type.LongType@4bf3f9d}
             +-[NAMED_PARAM] ParameterNode: '?' {name=idList2954_, expectedType=org.hibernate.type.LongType@4bf3f9d}
             +-[NAMED_PARAM] ParameterNode: '?' {name=idList2955_, expectedType=org.hibernate.type.LongType@4bf3f9d}
             +-[NAMED_PARAM] ParameterNode: '?' {name=idList2956_, expectedType=org.hibernate.type.LongType@4bf3f9d}
             +-[NAMED_PARAM] ParameterNode: '?' {name=idList2957_, expectedType=org.hibernate.type.LongType@4bf3f9d}
             +-[NAMED_PARAM] ParameterNode: '?' {name=idList2958_, expectedType=org.hibernate.type.LongType@4bf3f9d}
             +-[NAMED_PARAM] ParameterNode: '?' {name=idList2959_, expectedType=org.hibernate.type.LongType@4bf3f9d}
             +-[NAMED_PARAM] ParameterNode: '?' {name=idList2960_, expectedType=org.hibernate.type.LongType@4bf3f9d}
             +-[NAMED_PARAM] ParameterNode: '?' {name=idList2961_, expectedType=org.hibernate.type.LongType@4bf3f9d}
             +-[NAMED_PARAM] ParameterNode: '?' {name=idList2962_, expectedType=org.hibernate.type.LongType@4bf3f9d}
             +-[NAMED_PARAM] ParameterNode: '?' {name=idList2963_, expectedType=org.hibernate.type.LongType@4bf3f9d}
             +-[NAMED_PARAM] ParameterNode: '?' {name=idList2964_, expectedType=org.hibernate.type.LongType@4bf3f9d}
             +-[NAMED_PARAM] ParameterNode: '?' {name=idList2965_, expectedType=org.hibernate.type.LongType@4bf3f9d}
             +-[NAMED_PARAM] ParameterNode: '?' {name=idList2966_, expectedType=org.hibernate.type.LongType@4bf3f9d}
             +-[NAMED_PARAM] ParameterNode: '?' {name=idList2967_, expectedType=org.hibernate.type.LongType@4bf3f9d}
             +-[NAMED_PARAM] ParameterNode: '?' {name=idList2968_, expectedType=org.hibernate.type.LongType@4bf3f9d}
             +-[NAMED_PARAM] ParameterNode: '?' {name=idList2969_, expectedType=org.hibernate.type.LongType@4bf3f9d}
             +-[NAMED_PARAM] ParameterNode: '?' {name=idList2970_, expectedType=org.hibernate.type.LongType@4bf3f9d}
             +-[NAMED_PARAM] ParameterNode: '?' {name=idList2971_, expectedType=org.hibernate.type.LongType@4bf3f9d}
             +-[NAMED_PARAM] ParameterNode: '?' {name=idList2972_, expectedType=org.hibernate.type.LongType@4bf3f9d}
             +-[NAMED_PARAM] ParameterNode: '?' {name=idList2973_, expectedType=org.hibernate.type.LongType@4bf3f9d}
             +-[NAMED_PARAM] ParameterNode: '?' {name=idList2974_, expectedType=org.hibernate.type.LongType@4bf3f9d}
             +-[NAMED_PARAM] ParameterNode: '?' {name=idList2975_, expectedType=org.hibernate.type.LongType@4bf3f9d}
             +-[NAMED_PARAM] ParameterNode: '?' {name=idList2976_, expectedType=org.hibernate.type.LongType@4bf3f9d}
             +-[NAMED_PARAM] ParameterNode: '?' {name=idList2977_, expectedType=org.hibernate.type.LongType@4bf3f9d}
             +-[NAMED_PARAM] ParameterNode: '?' {name=idList2978_, expectedType=org.hibernate.type.LongType@4bf3f9d}
             +-[NAMED_PARAM] ParameterNode: '?' {name=idList2979_, expectedType=org.hibernate.type.LongType@4bf3f9d}
             +-[NAMED_PARAM] ParameterNode: '?' {name=idList2980_, expectedType=org.hibernate.type.LongType@4bf3f9d}
             +-[NAMED_PARAM] ParameterNode: '?' {name=idList2981_, expectedType=org.hibernate.type.LongType@4bf3f9d}
             +-[NAMED_PARAM] ParameterNode: '?' {name=idList2982_, expectedType=org.hibernate.type.LongType@4bf3f9d}
             +-[NAMED_PARAM] ParameterNode: '?' {name=idList2983_, expectedType=org.hibernate.type.LongType@4bf3f9d}
             +-[NAMED_PARAM] ParameterNode: '?' {name=idList2984_, expectedType=org.hibernate.type.LongType@4bf3f9d}
             +-[NAMED_PARAM] ParameterNode: '?' {name=idList2985_, expectedType=org.hibernate.type.LongType@4bf3f9d}
             +-[NAMED_PARAM] ParameterNode: '?' {name=idList2986_, expectedType=org.hibernate.type.LongType@4bf3f9d}
             +-[NAMED_PARAM] ParameterNode: '?' {name=idList2987_, expectedType=org.hibernate.type.LongType@4bf3f9d}
             +-[NAMED_PARAM] ParameterNode: '?' {name=idList2988_, expectedType=org.hibernate.type.LongType@4bf3f9d}
             +-[NAMED_PARAM] ParameterNode: '?' {name=idList2989_, expectedType=org.hibernate.type.LongType@4bf3f9d}
             +-[NAMED_PARAM] ParameterNode: '?' {name=idList2990_, expectedType=org.hibernate.type.LongType@4bf3f9d}
             +-[NAMED_PARAM] ParameterNode: '?' {name=idList2991_, expectedType=org.hibernate.type.LongType@4bf3f9d}
             +-[NAMED_PARAM] ParameterNode: '?' {name=idList2992_, expectedType=org.hibernate.type.LongType@4bf3f9d}
             +-[NAMED_PARAM] ParameterNode: '?' {name=idList2993_, expectedType=org.hibernate.type.LongType@4bf3f9d}
             +-[NAMED_PARAM] ParameterNode: '?' {name=idList2994_, expectedType=org.hibernate.type.LongType@4bf3f9d}
             +-[NAMED_PARAM] ParameterNode: '?' {name=idList2995_, expectedType=org.hibernate.type.LongType@4bf3f9d}
             +-[NAMED_PARAM] ParameterNode: '?' {name=idList2996_, expectedType=org.hibernate.type.LongType@4bf3f9d}
             +-[NAMED_PARAM] ParameterNode: '?' {name=idList2997_, expectedType=org.hibernate.type.LongType@4bf3f9d}
             +-[NAMED_PARAM] ParameterNode: '?' {name=idList2998_, expectedType=org.hibernate.type.LongType@4bf3f9d}
             +-[NAMED_PARAM] ParameterNode: '?' {name=idList2999_, expectedType=org.hibernate.type.LongType@4bf3f9d}
             +-[NAMED_PARAM] ParameterNode: '?' {name=idList3000_, expectedType=org.hibernate.type.LongType@4bf3f9d}
             +-[NAMED_PARAM] ParameterNode: '?' {name=idList3001_, expectedType=org.hibernate.type.LongType@4bf3f9d}
             +-[NAMED_PARAM] ParameterNode: '?' {name=idList3002_, expectedType=org.hibernate.type.LongType@4bf3f9d}
             +-[NAMED_PARAM] ParameterNode: '?' {name=idList3003_, expectedType=org.hibernate.type.LongType@4bf3f9d}
             +-[NAMED_PARAM] ParameterNode: '?' {name=idList3004_, expectedType=org.hibernate.type.LongType@4bf3f9d}
             +-[NAMED_PARAM] ParameterNode: '?' {name=idList3005_, expectedType=org.hibernate.type.LongType@4bf3f9d}
             +-[NAMED_PARAM] ParameterNode: '?' {name=idList3006_, expectedType=org.hibernate.type.LongType@4bf3f9d}
             +-[NAMED_PARAM] ParameterNode: '?' {name=idList3007_, expectedType=org.hibernate.type.LongType@4bf3f9d}
             +-[NAMED_PARAM] ParameterNode: '?' {name=idList3008_, expectedType=org.hibernate.type.LongType@4bf3f9d}
             +-[NAMED_PARAM] ParameterNode: '?' {name=idList3009_, expectedType=org.hibernate.type.LongType@4bf3f9d}
             +-[NAMED_PARAM] ParameterNode: '?' {name=idList3010_, expectedType=org.hibernate.type.LongType@4bf3f9d}
             +-[NAMED_PARAM] ParameterNode: '?' {name=idList3011_, expectedType=org.hibernate.type.LongType@4bf3f9d}
             +-[NAMED_PARAM] ParameterNode: '?' {name=idList3012_, expectedType=org.hibernate.type.LongType@4bf3f9d}
             +-[NAMED_PARAM] ParameterNode: '?' {name=idList3013_, expectedType=org.hibernate.type.LongType@4bf3f9d}
             +-[NAMED_PARAM] ParameterNode: '?' {name=idList3014_, expectedType=org.hibernate.type.LongType@4bf3f9d}
             +-[NAMED_PARAM] ParameterNode: '?' {name=idList3015_, expectedType=org.hibernate.type.LongType@4bf3f9d}
             +-[NAMED_PARAM] ParameterNode: '?' {name=idList3016_, expectedType=org.hibernate.type.LongType@4bf3f9d}
             +-[NAMED_PARAM] ParameterNode: '?' {name=idList3017_, expectedType=org.hibernate.type.LongType@4bf3f9d}
             +-[NAMED_PARAM] ParameterNode: '?' {name=idList3018_, expectedType=org.hibernate.type.LongType@4bf3f9d}
             +-[NAMED_PARAM] ParameterNode: '?' {name=idList3019_, expectedType=org.hibernate.type.LongType@4bf3f9d}
             +-[NAMED_PARAM] ParameterNode: '?' {name=idList3020_, expectedType=org.hibernate.type.LongType@4bf3f9d}
             +-[NAMED_PARAM] ParameterNode: '?' {name=idList3021_, expectedType=org.hibernate.type.LongType@4bf3f9d}
             +-[NAMED_PARAM] ParameterNode: '?' {name=idList3022_, expectedType=org.hibernate.type.LongType@4bf3f9d}
             +-[NAMED_PARAM] ParameterNode: '?' {name=idList3023_, expectedType=org.hibernate.type.LongType@4bf3f9d}
             +-[NAMED_PARAM] ParameterNode: '?' {name=idList3024_, expectedType=org.hibernate.type.LongType@4bf3f9d}
             +-[NAMED_PARAM] ParameterNode: '?' {name=idList3025_, expectedType=org.hibernate.type.LongType@4bf3f9d}
             +-[NAMED_PARAM] ParameterNode: '?' {name=idList3026_, expectedType=org.hibernate.type.LongType@4bf3f9d}
             +-[NAMED_PARAM] ParameterNode: '?' {name=idList3027_, expectedType=org.hibernate.type.LongType@4bf3f9d}
             +-[NAMED_PARAM] ParameterNode: '?' {name=idList3028_, expectedType=org.hibernate.type.LongType@4bf3f9d}
             +-[NAMED_PARAM] ParameterNode: '?' {name=idList3029_, expectedType=org.hibernate.type.LongType@4bf3f9d}
             +-[NAMED_PARAM] ParameterNode: '?' {name=idList3030_, expectedType=org.hibernate.type.LongType@4bf3f9d}
             +-[NAMED_PARAM] ParameterNode: '?' {name=idList3031_, expectedType=org.hibernate.type.LongType@4bf3f9d}
             +-[NAMED_PARAM] ParameterNode: '?' {name=idList3032_, expectedType=org.hibernate.type.LongType@4bf3f9d}
             +-[NAMED_PARAM] ParameterNode: '?' {name=idList3033_, expectedType=org.hibernate.type.LongType@4bf3f9d}
             +-[NAMED_PARAM] ParameterNode: '?' {name=idList3034_, expectedType=org.hibernate.type.LongType@4bf3f9d}
             +-[NAMED_PARAM] ParameterNode: '?' {name=idList3035_, expectedType=org.hibernate.type.LongType@4bf3f9d}
             +-[NAMED_PARAM] ParameterNode: '?' {name=idList3036_, expectedType=org.hibernate.type.LongType@4bf3f9d}
             +-[NAMED_PARAM] ParameterNode: '?' {name=idList3037_, expectedType=org.hibernate.type.LongType@4bf3f9d}
             +-[NAMED_PARAM] ParameterNode: '?' {name=idList3038_, expectedType=org.hibernate.type.LongType@4bf3f9d}
             +-[NAMED_PARAM] ParameterNode: '?' {name=idList3039_, expectedType=org.hibernate.type.LongType@4bf3f9d}
             +-[NAMED_PARAM] ParameterNode: '?' {name=idList3040_, expectedType=org.hibernate.type.LongType@4bf3f9d}
             +-[NAMED_PARAM] ParameterNode: '?' {name=idList3041_, expectedType=org.hibernate.type.LongType@4bf3f9d}
             +-[NAMED_PARAM] ParameterNode: '?' {name=idList3042_, expectedType=org.hibernate.type.LongType@4bf3f9d}
             +-[NAMED_PARAM] ParameterNode: '?' {name=idList3043_, expectedType=org.hibernate.type.LongType@4bf3f9d}
             +-[NAMED_PARAM] ParameterNode: '?' {name=idList3044_, expectedType=org.hibernate.type.LongType@4bf3f9d}
             +-[NAMED_PARAM] ParameterNode: '?' {name=idList3045_, expectedType=org.hibernate.type.LongType@4bf3f9d}
             +-[NAMED_PARAM] ParameterNode: '?' {name=idList3046_, expectedType=org.hibernate.type.LongType@4bf3f9d}
             +-[NAMED_PARAM] ParameterNode: '?' {name=idList3047_, expectedType=org.hibernate.type.LongType@4bf3f9d}
             +-[NAMED_PARAM] ParameterNode: '?' {name=idList3048_, expectedType=org.hibernate.type.LongType@4bf3f9d}
             +-[NAMED_PARAM] ParameterNode: '?' {name=idList3049_, expectedType=org.hibernate.type.LongType@4bf3f9d}
             +-[NAMED_PARAM] ParameterNode: '?' {name=idList3050_, expectedType=org.hibernate.type.LongType@4bf3f9d}
             +-[NAMED_PARAM] ParameterNode: '?' {name=idList3051_, expectedType=org.hibernate.type.LongType@4bf3f9d}
             +-[NAMED_PARAM] ParameterNode: '?' {name=idList3052_, expectedType=org.hibernate.type.LongType@4bf3f9d}
             +-[NAMED_PARAM] ParameterNode: '?' {name=idList3053_, expectedType=org.hibernate.type.LongType@4bf3f9d}
             +-[NAMED_PARAM] ParameterNode: '?' {name=idList3054_, expectedType=org.hibernate.type.LongType@4bf3f9d}
             +-[NAMED_PARAM] ParameterNode: '?' {name=idList3055_, expectedType=org.hibernate.type.LongType@4bf3f9d}
             +-[NAMED_PARAM] ParameterNode: '?' {name=idList3056_, expectedType=org.hibernate.type.LongType@4bf3f9d}
             +-[NAMED_PARAM] ParameterNode: '?' {name=idList3057_, expectedType=org.hibernate.type.LongType@4bf3f9d}
             +-[NAMED_PARAM] ParameterNode: '?' {name=idList3058_, expectedType=org.hibernate.type.LongType@4bf3f9d}
             +-[NAMED_PARAM] ParameterNode: '?' {name=idList3059_, expectedType=org.hibernate.type.LongType@4bf3f9d}
             +-[NAMED_PARAM] ParameterNode: '?' {name=idList3060_, expectedType=org.hibernate.type.LongType@4bf3f9d}
             +-[NAMED_PARAM] ParameterNode: '?' {name=idList3061_, expectedType=org.hibernate.type.LongType@4bf3f9d}
             +-[NAMED_PARAM] ParameterNode: '?' {name=idList3062_, expectedType=org.hibernate.type.LongType@4bf3f9d}
             +-[NAMED_PARAM] ParameterNode: '?' {name=idList3063_, expectedType=org.hibernate.type.LongType@4bf3f9d}
             +-[NAMED_PARAM] ParameterNode: '?' {name=idList3064_, expectedType=org.hibernate.type.LongType@4bf3f9d}
             +-[NAMED_PARAM] ParameterNode: '?' {name=idList3065_, expectedType=org.hibernate.type.LongType@4bf3f9d}
             +-[NAMED_PARAM] ParameterNode: '?' {name=idList3066_, expectedType=org.hibernate.type.LongType@4bf3f9d}
             +-[NAMED_PARAM] ParameterNode: '?' {name=idList3067_, expectedType=org.hibernate.type.LongType@4bf3f9d}
             +-[NAMED_PARAM] ParameterNode: '?' {name=idList3068_, expectedType=org.hibernate.type.LongType@4bf3f9d}
             +-[NAMED_PARAM] ParameterNode: '?' {name=idList3069_, expectedType=org.hibernate.type.LongType@4bf3f9d}
             +-[NAMED_PARAM] ParameterNode: '?' {name=idList3070_, expectedType=org.hibernate.type.LongType@4bf3f9d}
             +-[NAMED_PARAM] ParameterNode: '?' {name=idList3071_, expectedType=org.hibernate.type.LongType@4bf3f9d}
             +-[NAMED_PARAM] ParameterNode: '?' {name=idList3072_, expectedType=org.hibernate.type.LongType@4bf3f9d}
             +-[NAMED_PARAM] ParameterNode: '?' {name=idList3073_, expectedType=org.hibernate.type.LongType@4bf3f9d}
             +-[NAMED_PARAM] ParameterNode: '?' {name=idList3074_, expectedType=org.hibernate.type.LongType@4bf3f9d}
             +-[NAMED_PARAM] ParameterNode: '?' {name=idList3075_, expectedType=org.hibernate.type.LongType@4bf3f9d}
             +-[NAMED_PARAM] ParameterNode: '?' {name=idList3076_, expectedType=org.hibernate.type.LongType@4bf3f9d}
             +-[NAMED_PARAM] ParameterNode: '?' {name=idList3077_, expectedType=org.hibernate.type.LongType@4bf3f9d}
             +-[NAMED_PARAM] ParameterNode: '?' {name=idList3078_, expectedType=org.hibernate.type.LongType@4bf3f9d}
             +-[NAMED_PARAM] ParameterNode: '?' {name=idList3079_, expectedType=org.hibernate.type.LongType@4bf3f9d}
             +-[NAMED_PARAM] ParameterNode: '?' {name=idList3080_, expectedType=org.hibernate.type.LongType@4bf3f9d}
             +-[NAMED_PARAM] ParameterNode: '?' {name=idList3081_, expectedType=org.hibernate.type.LongType@4bf3f9d}
             +-[NAMED_PARAM] ParameterNode: '?' {name=idList3082_, expectedType=org.hibernate.type.LongType@4bf3f9d}
             +-[NAMED_PARAM] ParameterNode: '?' {name=idList3083_, expectedType=org.hibernate.type.LongType@4bf3f9d}
             +-[NAMED_PARAM] ParameterNode: '?' {name=idList3084_, expectedType=org.hibernate.type.LongType@4bf3f9d}
             +-[NAMED_PARAM] ParameterNode: '?' {name=idList3085_, expectedType=org.hibernate.type.LongType@4bf3f9d}
             +-[NAMED_PARAM] ParameterNode: '?' {name=idList3086_, expectedType=org.hibernate.type.LongType@4bf3f9d}
             +-[NAMED_PARAM] ParameterNode: '?' {name=idList3087_, expectedType=org.hibernate.type.LongType@4bf3f9d}
             +-[NAMED_PARAM] ParameterNode: '?' {name=idList3088_, expectedType=org.hibernate.type.LongType@4bf3f9d}
             +-[NAMED_PARAM] ParameterNode: '?' {name=idList3089_, expectedType=org.hibernate.type.LongType@4bf3f9d}
             +-[NAMED_PARAM] ParameterNode: '?' {name=idList3090_, expectedType=org.hibernate.type.LongType@4bf3f9d}
             +-[NAMED_PARAM] ParameterNode: '?' {name=idList3091_, expectedType=org.hibernate.type.LongType@4bf3f9d}
             +-[NAMED_PARAM] ParameterNode: '?' {name=idList3092_, expectedType=org.hibernate.type.LongType@4bf3f9d}
             +-[NAMED_PARAM] ParameterNode: '?' {name=idList3093_, expectedType=org.hibernate.type.LongType@4bf3f9d}
             +-[NAMED_PARAM] ParameterNode: '?' {name=idList3094_, expectedType=org.hibernate.type.LongType@4bf3f9d}
             +-[NAMED_PARAM] ParameterNode: '?' {name=idList3095_, expectedType=org.hibernate.type.LongType@4bf3f9d}
             +-[NAMED_PARAM] ParameterNode: '?' {name=idList3096_, expectedType=org.hibernate.type.LongType@4bf3f9d}
             +-[NAMED_PARAM] ParameterNode: '?' {name=idList3097_, expectedType=org.hibernate.type.LongType@4bf3f9d}
             +-[NAMED_PARAM] ParameterNode: '?' {name=idList3098_, expectedType=org.hibernate.type.LongType@4bf3f9d}
             +-[NAMED_PARAM] ParameterNode: '?' {name=idList3099_, expectedType=org.hibernate.type.LongType@4bf3f9d}
             +-[NAMED_PARAM] ParameterNode: '?' {name=idList3100_, expectedType=org.hibernate.type.LongType@4bf3f9d}
             +-[NAMED_PARAM] ParameterNode: '?' {name=idList3101_, expectedType=org.hibernate.type.LongType@4bf3f9d}
             +-[NAMED_PARAM] ParameterNode: '?' {name=idList3102_, expectedType=org.hibernate.type.LongType@4bf3f9d}
             +-[NAMED_PARAM] ParameterNode: '?' {name=idList3103_, expectedType=org.hibernate.type.LongType@4bf3f9d}
             +-[NAMED_PARAM] ParameterNode: '?' {name=idList3104_, expectedType=org.hibernate.type.LongType@4bf3f9d}
             +-[NAMED_PARAM] ParameterNode: '?' {name=idList3105_, expectedType=org.hibernate.type.LongType@4bf3f9d}
             +-[NAMED_PARAM] ParameterNode: '?' {name=idList3106_, expectedType=org.hibernate.type.LongType@4bf3f9d}
             +-[NAMED_PARAM] ParameterNode: '?' {name=idList3107_, expectedType=org.hibernate.type.LongType@4bf3f9d}
             +-[NAMED_PARAM] ParameterNode: '?' {name=idList3108_, expectedType=org.hibernate.type.LongType@4bf3f9d}
             +-[NAMED_PARAM] ParameterNode: '?' {name=idList3109_, expectedType=org.hibernate.type.LongType@4bf3f9d}
             +-[NAMED_PARAM] ParameterNode: '?' {name=idList3110_, expectedType=org.hibernate.type.LongType@4bf3f9d}
             +-[NAMED_PARAM] ParameterNode: '?' {name=idList3111_, expectedType=org.hibernate.type.LongType@4bf3f9d}
             +-[NAMED_PARAM] ParameterNode: '?' {name=idList3112_, expectedType=org.hibernate.type.LongType@4bf3f9d}
             +-[NAMED_PARAM] ParameterNode: '?' {name=idList3113_, expectedType=org.hibernate.type.LongType@4bf3f9d}
             +-[NAMED_PARAM] ParameterNode: '?' {name=idList3114_, expectedType=org.hibernate.type.LongType@4bf3f9d}
             +-[NAMED_PARAM] ParameterNode: '?' {name=idList3115_, expectedType=org.hibernate.type.LongType@4bf3f9d}
             +-[NAMED_PARAM] ParameterNode: '?' {name=idList3116_, expectedType=org.hibernate.type.LongType@4bf3f9d}
             +-[NAMED_PARAM] ParameterNode: '?' {name=idList3117_, expectedType=org.hibernate.type.LongType@4bf3f9d}
             +-[NAMED_PARAM] ParameterNode: '?' {name=idList3118_, expectedType=org.hibernate.type.LongType@4bf3f9d}
             +-[NAMED_PARAM] ParameterNode: '?' {name=idList3119_, expectedType=org.hibernate.type.LongType@4bf3f9d}
             +-[NAMED_PARAM] ParameterNode: '?' {name=idList3120_, expectedType=org.hibernate.type.LongType@4bf3f9d}
             +-[NAMED_PARAM] ParameterNode: '?' {name=idList3121_, expectedType=org.hibernate.type.LongType@4bf3f9d}
             +-[NAMED_PARAM] ParameterNode: '?' {name=idList3122_, expectedType=org.hibernate.type.LongType@4bf3f9d}
             +-[NAMED_PARAM] ParameterNode: '?' {name=idList3123_, expectedType=org.hibernate.type.LongType@4bf3f9d}
             +-[NAMED_PARAM] ParameterNode: '?' {name=idList3124_, expectedType=org.hibernate.type.LongType@4bf3f9d}
             +-[NAMED_PARAM] ParameterNode: '?' {name=idList3125_, expectedType=org.hibernate.type.LongType@4bf3f9d}
             +-[NAMED_PARAM] ParameterNode: '?' {name=idList3126_, expectedType=org.hibernate.type.LongType@4bf3f9d}
             +-[NAMED_PARAM] ParameterNode: '?' {name=idList3127_, expectedType=org.hibernate.type.LongType@4bf3f9d}
             +-[NAMED_PARAM] ParameterNode: '?' {name=idList3128_, expectedType=org.hibernate.type.LongType@4bf3f9d}
             +-[NAMED_PARAM] ParameterNode: '?' {name=idList3129_, expectedType=org.hibernate.type.LongType@4bf3f9d}
             +-[NAMED_PARAM] ParameterNode: '?' {name=idList3130_, expectedType=org.hibernate.type.LongType@4bf3f9d}
             +-[NAMED_PARAM] ParameterNode: '?' {name=idList3131_, expectedType=org.hibernate.type.LongType@4bf3f9d}
             +-[NAMED_PARAM] ParameterNode: '?' {name=idList3132_, expectedType=org.hibernate.type.LongType@4bf3f9d}
             +-[NAMED_PARAM] ParameterNode: '?' {name=idList3133_, expectedType=org.hibernate.type.LongType@4bf3f9d}
             +-[NAMED_PARAM] ParameterNode: '?' {name=idList3134_, expectedType=org.hibernate.type.LongType@4bf3f9d}
             +-[NAMED_PARAM] ParameterNode: '?' {name=idList3135_, expectedType=org.hibernate.type.LongType@4bf3f9d}
             +-[NAMED_PARAM] ParameterNode: '?' {name=idList3136_, expectedType=org.hibernate.type.LongType@4bf3f9d}
             +-[NAMED_PARAM] ParameterNode: '?' {name=idList3137_, expectedType=org.hibernate.type.LongType@4bf3f9d}
             +-[NAMED_PARAM] ParameterNode: '?' {name=idList3138_, expectedType=org.hibernate.type.LongType@4bf3f9d}
             +-[NAMED_PARAM] ParameterNode: '?' {name=idList3139_, expectedType=org.hibernate.type.LongType@4bf3f9d}
             +-[NAMED_PARAM] ParameterNode: '?' {name=idList3140_, expectedType=org.hibernate.type.LongType@4bf3f9d}
             +-[NAMED_PARAM] ParameterNode: '?' {name=idList3141_, expectedType=org.hibernate.type.LongType@4bf3f9d}
             +-[NAMED_PARAM] ParameterNode: '?' {name=idList3142_, expectedType=org.hibernate.type.LongType@4bf3f9d}
             +-[NAMED_PARAM] ParameterNode: '?' {name=idList3143_, expectedType=org.hibernate.type.LongType@4bf3f9d}
             +-[NAMED_PARAM] ParameterNode: '?' {name=idList3144_, expectedType=org.hibernate.type.LongType@4bf3f9d}
             +-[NAMED_PARAM] ParameterNode: '?' {name=idList3145_, expectedType=org.hibernate.type.LongType@4bf3f9d}
             +-[NAMED_PARAM] ParameterNode: '?' {name=idList3146_, expectedType=org.hibernate.type.LongType@4bf3f9d}
             +-[NAMED_PARAM] ParameterNode: '?' {name=idList3147_, expectedType=org.hibernate.type.LongType@4bf3f9d}
             +-[NAMED_PARAM] ParameterNode: '?' {name=idList3148_, expectedType=org.hibernate.type.LongType@4bf3f9d}
             +-[NAMED_PARAM] ParameterNode: '?' {name=idList3149_, expectedType=org.hibernate.type.LongType@4bf3f9d}
             +-[NAMED_PARAM] ParameterNode: '?' {name=idList3150_, expectedType=org.hibernate.type.LongType@4bf3f9d}
             +-[NAMED_PARAM] ParameterNode: '?' {name=idList3151_, expectedType=org.hibernate.type.LongType@4bf3f9d}
             +-[NAMED_PARAM] ParameterNode: '?' {name=idList3152_, expectedType=org.hibernate.type.LongType@4bf3f9d}
             +-[NAMED_PARAM] ParameterNode: '?' {name=idList3153_, expectedType=org.hibernate.type.LongType@4bf3f9d}
             +-[NAMED_PARAM] ParameterNode: '?' {name=idList3154_, expectedType=org.hibernate.type.LongType@4bf3f9d}
             +-[NAMED_PARAM] ParameterNode: '?' {name=idList3155_, expectedType=org.hibernate.type.LongType@4bf3f9d}
             +-[NAMED_PARAM] ParameterNode: '?' {name=idList3156_, expectedType=org.hibernate.type.LongType@4bf3f9d}
             +-[NAMED_PARAM] ParameterNode: '?' {name=idList3157_, expectedType=org.hibernate.type.LongType@4bf3f9d}
             +-[NAMED_PARAM] ParameterNode: '?' {name=idList3158_, expectedType=org.hibernate.type.LongType@4bf3f9d}
             +-[NAMED_PARAM] ParameterNode: '?' {name=idList3159_, expectedType=org.hibernate.type.LongType@4bf3f9d}
             +-[NAMED_PARAM] ParameterNode: '?' {name=idList3160_, expectedType=org.hibernate.type.LongType@4bf3f9d}
             +-[NAMED_PARAM] ParameterNode: '?' {name=idList3161_, expectedType=org.hibernate.type.LongType@4bf3f9d}
             +-[NAMED_PARAM] ParameterNode: '?' {name=idList3162_, expectedType=org.hibernate.type.LongType@4bf3f9d}
             +-[NAMED_PARAM] ParameterNode: '?' {name=idList3163_, expectedType=org.hibernate.type.LongType@4bf3f9d}
             +-[NAMED_PARAM] ParameterNode: '?' {name=idList3164_, expectedType=org.hibernate.type.LongType@4bf3f9d}
             +-[NAMED_PARAM] ParameterNode: '?' {name=idList3165_, expectedType=org.hibernate.type.LongType@4bf3f9d}
             +-[NAMED_PARAM] ParameterNode: '?' {name=idList3166_, expectedType=org.hibernate.type.LongType@4bf3f9d}
             +-[NAMED_PARAM] ParameterNode: '?' {name=idList3167_, expectedType=org.hibernate.type.LongType@4bf3f9d}
             +-[NAMED_PARAM] ParameterNode: '?' {name=idList3168_, expectedType=org.hibernate.type.LongType@4bf3f9d}
             +-[NAMED_PARAM] ParameterNode: '?' {name=idList3169_, expectedType=org.hibernate.type.LongType@4bf3f9d}
             +-[NAMED_PARAM] ParameterNode: '?' {name=idList3170_, expectedType=org.hibernate.type.LongType@4bf3f9d}
             +-[NAMED_PARAM] ParameterNode: '?' {name=idList3171_, expectedType=org.hibernate.type.LongType@4bf3f9d}
             +-[NAMED_PARAM] ParameterNode: '?' {name=idList3172_, expectedType=org.hibernate.type.LongType@4bf3f9d}
             +-[NAMED_PARAM] ParameterNode: '?' {name=idList3173_, expectedType=org.hibernate.type.LongType@4bf3f9d}
             +-[NAMED_PARAM] ParameterNode: '?' {name=idList3174_, expectedType=org.hibernate.type.LongType@4bf3f9d}
             +-[NAMED_PARAM] ParameterNode: '?' {name=idList3175_, expectedType=org.hibernate.type.LongType@4bf3f9d}
             +-[NAMED_PARAM] ParameterNode: '?' {name=idList3176_, expectedType=org.hibernate.type.LongType@4bf3f9d}
             +-[NAMED_PARAM] ParameterNode: '?' {name=idList3177_, expectedType=org.hibernate.type.LongType@4bf3f9d}
             +-[NAMED_PARAM] ParameterNode: '?' {name=idList3178_, expectedType=org.hibernate.type.LongType@4bf3f9d}
             +-[NAMED_PARAM] ParameterNode: '?' {name=idList3179_, expectedType=org.hibernate.type.LongType@4bf3f9d}
             +-[NAMED_PARAM] ParameterNode: '?' {name=idList3180_, expectedType=org.hibernate.type.LongType@4bf3f9d}
             +-[NAMED_PARAM] ParameterNode: '?' {name=idList3181_, expectedType=org.hibernate.type.LongType@4bf3f9d}
             +-[NAMED_PARAM] ParameterNode: '?' {name=idList3182_, expectedType=org.hibernate.type.LongType@4bf3f9d}
             +-[NAMED_PARAM] ParameterNode: '?' {name=idList3183_, expectedType=org.hibernate.type.LongType@4bf3f9d}
             +-[NAMED_PARAM] ParameterNode: '?' {name=idList3184_, expectedType=org.hibernate.type.LongType@4bf3f9d}
             +-[NAMED_PARAM] ParameterNode: '?' {name=idList3185_, expectedType=org.hibernate.type.LongType@4bf3f9d}
             +-[NAMED_PARAM] ParameterNode: '?' {name=idList3186_, expectedType=org.hibernate.type.LongType@4bf3f9d}
             +-[NAMED_PARAM] ParameterNode: '?' {name=idList3187_, expectedType=org.hibernate.type.LongType@4bf3f9d}
             +-[NAMED_PARAM] ParameterNode: '?' {name=idList3188_, expectedType=org.hibernate.type.LongType@4bf3f9d}
             +-[NAMED_PARAM] ParameterNode: '?' {name=idList3189_, expectedType=org.hibernate.type.LongType@4bf3f9d}
             +-[NAMED_PARAM] ParameterNode: '?' {name=idList3190_, expectedType=org.hibernate.type.LongType@4bf3f9d}
             +-[NAMED_PARAM] ParameterNode: '?' {name=idList3191_, expectedType=org.hibernate.type.LongType@4bf3f9d}
             +-[NAMED_PARAM] ParameterNode: '?' {name=idList3192_, expectedType=org.hibernate.type.LongType@4bf3f9d}
             +-[NAMED_PARAM] ParameterNode: '?' {name=idList3193_, expectedType=org.hibernate.type.LongType@4bf3f9d}
             +-[NAMED_PARAM] ParameterNode: '?' {name=idList3194_, expectedType=org.hibernate.type.LongType@4bf3f9d}
             +-[NAMED_PARAM] ParameterNode: '?' {name=idList3195_, expectedType=org.hibernate.type.LongType@4bf3f9d}
             +-[NAMED_PARAM] ParameterNode: '?' {name=idList3196_, expectedType=org.hibernate.type.LongType@4bf3f9d}
             +-[NAMED_PARAM] ParameterNode: '?' {name=idList3197_, expectedType=org.hibernate.type.LongType@4bf3f9d}
             +-[NAMED_PARAM] ParameterNode: '?' {name=idList3198_, expectedType=org.hibernate.type.LongType@4bf3f9d}
             +-[NAMED_PARAM] ParameterNode: '?' {name=idList3199_, expectedType=org.hibernate.type.LongType@4bf3f9d}
             +-[NAMED_PARAM] ParameterNode: '?' {name=idList3200_, expectedType=org.hibernate.type.LongType@4bf3f9d}
             +-[NAMED_PARAM] ParameterNode: '?' {name=idList3201_, expectedType=org.hibernate.type.LongType@4bf3f9d}
             +-[NAMED_PARAM] ParameterNode: '?' {name=idList3202_, expectedType=org.hibernate.type.LongType@4bf3f9d}
             +-[NAMED_PARAM] ParameterNode: '?' {name=idList3203_, expectedType=org.hibernate.type.LongType@4bf3f9d}
             +-[NAMED_PARAM] ParameterNode: '?' {name=idList3204_, expectedType=org.hibernate.type.LongType@4bf3f9d}
             +-[NAMED_PARAM] ParameterNode: '?' {name=idList3205_, expectedType=org.hibernate.type.LongType@4bf3f9d}
             +-[NAMED_PARAM] ParameterNode: '?' {name=idList3206_, expectedType=org.hibernate.type.LongType@4bf3f9d}
             +-[NAMED_PARAM] ParameterNode: '?' {name=idList3207_, expectedType=org.hibernate.type.LongType@4bf3f9d}
             +-[NAMED_PARAM] ParameterNode: '?' {name=idList3208_, expectedType=org.hibernate.type.LongType@4bf3f9d}
             +-[NAMED_PARAM] ParameterNode: '?' {name=idList3209_, expectedType=org.hibernate.type.LongType@4bf3f9d}
             +-[NAMED_PARAM] ParameterNode: '?' {name=idList3210_, expectedType=org.hibernate.type.LongType@4bf3f9d}
             +-[NAMED_PARAM] ParameterNode: '?' {name=idList3211_, expectedType=org.hibernate.type.LongType@4bf3f9d}
             +-[NAMED_PARAM] ParameterNode: '?' {name=idList3212_, expectedType=org.hibernate.type.LongType@4bf3f9d}
             +-[NAMED_PARAM] ParameterNode: '?' {name=idList3213_, expectedType=org.hibernate.type.LongType@4bf3f9d}
             +-[NAMED_PARAM] ParameterNode: '?' {name=idList3214_, expectedType=org.hibernate.type.LongType@4bf3f9d}
             +-[NAMED_PARAM] ParameterNode: '?' {name=idList3215_, expectedType=org.hibernate.type.LongType@4bf3f9d}
             +-[NAMED_PARAM] ParameterNode: '?' {name=idList3216_, expectedType=org.hibernate.type.LongType@4bf3f9d}
             +-[NAMED_PARAM] ParameterNode: '?' {name=idList3217_, expectedType=org.hibernate.type.LongType@4bf3f9d}
             +-[NAMED_PARAM] ParameterNode: '?' {name=idList3218_, expectedType=org.hibernate.type.LongType@4bf3f9d}
             +-[NAMED_PARAM] ParameterNode: '?' {name=idList3219_, expectedType=org.hibernate.type.LongType@4bf3f9d}
             +-[NAMED_PARAM] ParameterNode: '?' {name=idList3220_, expectedType=org.hibernate.type.LongType@4bf3f9d}
             +-[NAMED_PARAM] ParameterNode: '?' {name=idList3221_, expectedType=org.hibernate.type.LongType@4bf3f9d}
             +-[NAMED_PARAM] ParameterNode: '?' {name=idList3222_, expectedType=org.hibernate.type.LongType@4bf3f9d}
             +-[NAMED_PARAM] ParameterNode: '?' {name=idList3223_, expectedType=org.hibernate.type.LongType@4bf3f9d}
             +-[NAMED_PARAM] ParameterNode: '?' {name=idList3224_, expectedType=org.hibernate.type.LongType@4bf3f9d}
             +-[NAMED_PARAM] ParameterNode: '?' {name=idList3225_, expectedType=org.hibernate.type.LongType@4bf3f9d}
             +-[NAMED_PARAM] ParameterNode: '?' {name=idList3226_, expectedType=org.hibernate.type.LongType@4bf3f9d}
             +-[NAMED_PARAM] ParameterNode: '?' {name=idList3227_, expectedType=org.hibernate.type.LongType@4bf3f9d}
             +-[NAMED_PARAM] ParameterNode: '?' {name=idList3228_, expectedType=org.hibernate.type.LongType@4bf3f9d}
             +-[NAMED_PARAM] ParameterNode: '?' {name=idList3229_, expectedType=org.hibernate.type.LongType@4bf3f9d}
             +-[NAMED_PARAM] ParameterNode: '?' {name=idList3230_, expectedType=org.hibernate.type.LongType@4bf3f9d}
             +-[NAMED_PARAM] ParameterNode: '?' {name=idList3231_, expectedType=org.hibernate.type.LongType@4bf3f9d}
             +-[NAMED_PARAM] ParameterNode: '?' {name=idList3232_, expectedType=org.hibernate.type.LongType@4bf3f9d}
             +-[NAMED_PARAM] ParameterNode: '?' {name=idList3233_, expectedType=org.hibernate.type.LongType@4bf3f9d}
             +-[NAMED_PARAM] ParameterNode: '?' {name=idList3234_, expectedType=org.hibernate.type.LongType@4bf3f9d}
             +-[NAMED_PARAM] ParameterNode: '?' {name=idList3235_, expectedType=org.hibernate.type.LongType@4bf3f9d}
             +-[NAMED_PARAM] ParameterNode: '?' {name=idList3236_, expectedType=org.hibernate.type.LongType@4bf3f9d}
             +-[NAMED_PARAM] ParameterNode: '?' {name=idList3237_, expectedType=org.hibernate.type.LongType@4bf3f9d}
             +-[NAMED_PARAM] ParameterNode: '?' {name=idList3238_, expectedType=org.hibernate.type.LongType@4bf3f9d}
             +-[NAMED_PARAM] ParameterNode: '?' {name=idList3239_, expectedType=org.hibernate.type.LongType@4bf3f9d}
             +-[NAMED_PARAM] ParameterNode: '?' {name=idList3240_, expectedType=org.hibernate.type.LongType@4bf3f9d}
             +-[NAMED_PARAM] ParameterNode: '?' {name=idList3241_, expectedType=org.hibernate.type.LongType@4bf3f9d}
             +-[NAMED_PARAM] ParameterNode: '?' {name=idList3242_, expectedType=org.hibernate.type.LongType@4bf3f9d}
             +-[NAMED_PARAM] ParameterNode: '?' {name=idList3243_, expectedType=org.hibernate.type.LongType@4bf3f9d}
             +-[NAMED_PARAM] ParameterNode: '?' {name=idList3244_, expectedType=org.hibernate.type.LongType@4bf3f9d}
             +-[NAMED_PARAM] ParameterNode: '?' {name=idList3245_, expectedType=org.hibernate.type.LongType@4bf3f9d}
             +-[NAMED_PARAM] ParameterNode: '?' {name=idList3246_, expectedType=org.hibernate.type.LongType@4bf3f9d}
             +-[NAMED_PARAM] ParameterNode: '?' {name=idList3247_, expectedType=org.hibernate.type.LongType@4bf3f9d}
             +-[NAMED_PARAM] ParameterNode: '?' {name=idList3248_, expectedType=org.hibernate.type.LongType@4bf3f9d}
             +-[NAMED_PARAM] ParameterNode: '?' {name=idList3249_, expectedType=org.hibernate.type.LongType@4bf3f9d}
             +-[NAMED_PARAM] ParameterNode: '?' {name=idList3250_, expectedType=org.hibernate.type.LongType@4bf3f9d}
             +-[NAMED_PARAM] ParameterNode: '?' {name=idList3251_, expectedType=org.hibernate.type.LongType@4bf3f9d}
             +-[NAMED_PARAM] ParameterNode: '?' {name=idList3252_, expectedType=org.hibernate.type.LongType@4bf3f9d}
             +-[NAMED_PARAM] ParameterNode: '?' {name=idList3253_, expectedType=org.hibernate.type.LongType@4bf3f9d}
             +-[NAMED_PARAM] ParameterNode: '?' {name=idList3254_, expectedType=org.hibernate.type.LongType@4bf3f9d}
             +-[NAMED_PARAM] ParameterNode: '?' {name=idList3255_, expectedType=org.hibernate.type.LongType@4bf3f9d}
             +-[NAMED_PARAM] ParameterNode: '?' {name=idList3256_, expectedType=org.hibernate.type.LongType@4bf3f9d}
             +-[NAMED_PARAM] ParameterNode: '?' {name=idList3257_, expectedType=org.hibernate.type.LongType@4bf3f9d}
             +-[NAMED_PARAM] ParameterNode: '?' {name=idList3258_, expectedType=org.hibernate.type.LongType@4bf3f9d}
             +-[NAMED_PARAM] ParameterNode: '?' {name=idList3259_, expectedType=org.hibernate.type.LongType@4bf3f9d}
             +-[NAMED_PARAM] ParameterNode: '?' {name=idList3260_, expectedType=org.hibernate.type.LongType@4bf3f9d}
             +-[NAMED_PARAM] ParameterNode: '?' {name=idList3261_, expectedType=org.hibernate.type.LongType@4bf3f9d}
             +-[NAMED_PARAM] ParameterNode: '?' {name=idList3262_, expectedType=org.hibernate.type.LongType@4bf3f9d}
             +-[NAMED_PARAM] ParameterNode: '?' {name=idList3263_, expectedType=org.hibernate.type.LongType@4bf3f9d}
             +-[NAMED_PARAM] ParameterNode: '?' {name=idList3264_, expectedType=org.hibernate.type.LongType@4bf3f9d}
             +-[NAMED_PARAM] ParameterNode: '?' {name=idList3265_, expectedType=org.hibernate.type.LongType@4bf3f9d}
             +-[NAMED_PARAM] ParameterNode: '?' {name=idList3266_, expectedType=org.hibernate.type.LongType@4bf3f9d}
             +-[NAMED_PARAM] ParameterNode: '?' {name=idList3267_, expectedType=org.hibernate.type.LongType@4bf3f9d}
             +-[NAMED_PARAM] ParameterNode: '?' {name=idList3268_, expectedType=org.hibernate.type.LongType@4bf3f9d}
             +-[NAMED_PARAM] ParameterNode: '?' {name=idList3269_, expectedType=org.hibernate.type.LongType@4bf3f9d}
             +-[NAMED_PARAM] ParameterNode: '?' {name=idList3270_, expectedType=org.hibernate.type.LongType@4bf3f9d}
             +-[NAMED_PARAM] ParameterNode: '?' {name=idList3271_, expectedType=org.hibernate.type.LongType@4bf3f9d}
             +-[NAMED_PARAM] ParameterNode: '?' {name=idList3272_, expectedType=org.hibernate.type.LongType@4bf3f9d}
             +-[NAMED_PARAM] ParameterNode: '?' {name=idList3273_, expectedType=org.hibernate.type.LongType@4bf3f9d}
             +-[NAMED_PARAM] ParameterNode: '?' {name=idList3274_, expectedType=org.hibernate.type.LongType@4bf3f9d}
             +-[NAMED_PARAM] ParameterNode: '?' {name=idList3275_, expectedType=org.hibernate.type.LongType@4bf3f9d}
             +-[NAMED_PARAM] ParameterNode: '?' {name=idList3276_, expectedType=org.hibernate.type.LongType@4bf3f9d}
             +-[NAMED_PARAM] ParameterNode: '?' {name=idList3277_, expectedType=org.hibernate.type.LongType@4bf3f9d}
             +-[NAMED_PARAM] ParameterNode: '?' {name=idList3278_, expectedType=org.hibernate.type.LongType@4bf3f9d}
             +-[NAMED_PARAM] ParameterNode: '?' {name=idList3279_, expectedType=org.hibernate.type.LongType@4bf3f9d}
             +-[NAMED_PARAM] ParameterNode: '?' {name=idList3280_, expectedType=org.hibernate.type.LongType@4bf3f9d}
             +-[NAMED_PARAM] ParameterNode: '?' {name=idList3281_, expectedType=org.hibernate.type.LongType@4bf3f9d}
             +-[NAMED_PARAM] ParameterNode: '?' {name=idList3282_, expectedType=org.hibernate.type.LongType@4bf3f9d}
             +-[NAMED_PARAM] ParameterNode: '?' {name=idList3283_, expectedType=org.hibernate.type.LongType@4bf3f9d}
             +-[NAMED_PARAM] ParameterNode: '?' {name=idList3284_, expectedType=org.hibernate.type.LongType@4bf3f9d}
             +-[NAMED_PARAM] ParameterNode: '?' {name=idList3285_, expectedType=org.hibernate.type.LongType@4bf3f9d}
             +-[NAMED_PARAM] ParameterNode: '?' {name=idList3286_, expectedType=org.hibernate.type.LongType@4bf3f9d}
             +-[NAMED_PARAM] ParameterNode: '?' {name=idList3287_, expectedType=org.hibernate.type.LongType@4bf3f9d}
             +-[NAMED_PARAM] ParameterNode: '?' {name=idList3288_, expectedType=org.hibernate.type.LongType@4bf3f9d}
             +-[NAMED_PARAM] ParameterNode: '?' {name=idList3289_, expectedType=org.hibernate.type.LongType@4bf3f9d}
             +-[NAMED_PARAM] ParameterNode: '?' {name=idList3290_, expectedType=org.hibernate.type.LongType@4bf3f9d}
             +-[NAMED_PARAM] ParameterNode: '?' {name=idList3291_, expectedType=org.hibernate.type.LongType@4bf3f9d}
             +-[NAMED_PARAM] ParameterNode: '?' {name=idList3292_, expectedType=org.hibernate.type.LongType@4bf3f9d}
             +-[NAMED_PARAM] ParameterNode: '?' {name=idList3293_, expectedType=org.hibernate.type.LongType@4bf3f9d}
             +-[NAMED_PARAM] ParameterNode: '?' {name=idList3294_, expectedType=org.hibernate.type.LongType@4bf3f9d}
             +-[NAMED_PARAM] ParameterNode: '?' {name=idList3295_, expectedType=org.hibernate.type.LongType@4bf3f9d}
             +-[NAMED_PARAM] ParameterNode: '?' {name=idList3296_, expectedType=org.hibernate.type.LongType@4bf3f9d}
             +-[NAMED_PARAM] ParameterNode: '?' {name=idList3297_, expectedType=org.hibernate.type.LongType@4bf3f9d}
             +-[NAMED_PARAM] ParameterNode: '?' {name=idList3298_, expectedType=org.hibernate.type.LongType@4bf3f9d}
             +-[NAMED_PARAM] ParameterNode: '?' {name=idList3299_, expectedType=org.hibernate.type.LongType@4bf3f9d}
             +-[NAMED_PARAM] ParameterNode: '?' {name=idList3300_, expectedType=org.hibernate.type.LongType@4bf3f9d}
             +-[NAMED_PARAM] ParameterNode: '?' {name=idList3301_, expectedType=org.hibernate.type.LongType@4bf3f9d}
             +-[NAMED_PARAM] ParameterNode: '?' {name=idList3302_, expectedType=org.hibernate.type.LongType@4bf3f9d}
             +-[NAMED_PARAM] ParameterNode: '?' {name=idList3303_, expectedType=org.hibernate.type.LongType@4bf3f9d}
             +-[NAMED_PARAM] ParameterNode: '?' {name=idList3304_, expectedType=org.hibernate.type.LongType@4bf3f9d}
             +-[NAMED_PARAM] ParameterNode: '?' {name=idList3305_, expectedType=org.hibernate.type.LongType@4bf3f9d}
             +-[NAMED_PARAM] ParameterNode: '?' {name=idList3306_, expectedType=org.hibernate.type.LongType@4bf3f9d}
             +-[NAMED_PARAM] ParameterNode: '?' {name=idList3307_, expectedType=org.hibernate.type.LongType@4bf3f9d}
             +-[NAMED_PARAM] ParameterNode: '?' {name=idList3308_, expectedType=org.hibernate.type.LongType@4bf3f9d}
             +-[NAMED_PARAM] ParameterNode: '?' {name=idList3309_, expectedType=org.hibernate.type.LongType@4bf3f9d}
             +-[NAMED_PARAM] ParameterNode: '?' {name=idList3310_, expectedType=org.hibernate.type.LongType@4bf3f9d}
             +-[NAMED_PARAM] ParameterNode: '?' {name=idList3311_, expectedType=org.hibernate.type.LongType@4bf3f9d}
             +-[NAMED_PARAM] ParameterNode: '?' {name=idList3312_, expectedType=org.hibernate.type.LongType@4bf3f9d}
             +-[NAMED_PARAM] ParameterNode: '?' {name=idList3313_, expectedType=org.hibernate.type.LongType@4bf3f9d}
             +-[NAMED_PARAM] ParameterNode: '?' {name=idList3314_, expectedType=org.hibernate.type.LongType@4bf3f9d}
             +-[NAMED_PARAM] ParameterNode: '?' {name=idList3315_, expectedType=org.hibernate.type.LongType@4bf3f9d}
             +-[NAMED_PARAM] ParameterNode: '?' {name=idList3316_, expectedType=org.hibernate.type.LongType@4bf3f9d}
             +-[NAMED_PARAM] ParameterNode: '?' {name=idList3317_, expectedType=org.hibernate.type.LongType@4bf3f9d}
             +-[NAMED_PARAM] ParameterNode: '?' {name=idList3318_, expectedType=org.hibernate.type.LongType@4bf3f9d}
             +-[NAMED_PARAM] ParameterNode: '?' {name=idList3319_, expectedType=org.hibernate.type.LongType@4bf3f9d}
             +-[NAMED_PARAM] ParameterNode: '?' {name=idList3320_, expectedType=org.hibernate.type.LongType@4bf3f9d}
             +-[NAMED_PARAM] ParameterNode: '?' {name=idList3321_, expectedType=org.hibernate.type.LongType@4bf3f9d}
             +-[NAMED_PARAM] ParameterNode: '?' {name=idList3322_, expectedType=org.hibernate.type.LongType@4bf3f9d}
             +-[NAMED_PARAM] ParameterNode: '?' {name=idList3323_, expectedType=org.hibernate.type.LongType@4bf3f9d}
             +-[NAMED_PARAM] ParameterNode: '?' {name=idList3324_, expectedType=org.hibernate.type.LongType@4bf3f9d}
             +-[NAMED_PARAM] ParameterNode: '?' {name=idList3325_, expectedType=org.hibernate.type.LongType@4bf3f9d}
             +-[NAMED_PARAM] ParameterNode: '?' {name=idList3326_, expectedType=org.hibernate.type.LongType@4bf3f9d}
             +-[NAMED_PARAM] ParameterNode: '?' {name=idList3327_, expectedType=org.hibernate.type.LongType@4bf3f9d}
             +-[NAMED_PARAM] ParameterNode: '?' {name=idList3328_, expectedType=org.hibernate.type.LongType@4bf3f9d}
             +-[NAMED_PARAM] ParameterNode: '?' {name=idList3329_, expectedType=org.hibernate.type.LongType@4bf3f9d}
             +-[NAMED_PARAM] ParameterNode: '?' {name=idList3330_, expectedType=org.hibernate.type.LongType@4bf3f9d}
             +-[NAMED_PARAM] ParameterNode: '?' {name=idList3331_, expectedType=org.hibernate.type.LongType@4bf3f9d}
             +-[NAMED_PARAM] ParameterNode: '?' {name=idList3332_, expectedType=org.hibernate.type.LongType@4bf3f9d}
             +-[NAMED_PARAM] ParameterNode: '?' {name=idList3333_, expectedType=org.hibernate.type.LongType@4bf3f9d}
             +-[NAMED_PARAM] ParameterNode: '?' {name=idList3334_, expectedType=org.hibernate.type.LongType@4bf3f9d}
             +-[NAMED_PARAM] ParameterNode: '?' {name=idList3335_, expectedType=org.hibernate.type.LongType@4bf3f9d}
             +-[NAMED_PARAM] ParameterNode: '?' {name=idList3336_, expectedType=org.hibernate.type.LongType@4bf3f9d}
             +-[NAMED_PARAM] ParameterNode: '?' {name=idList3337_, expectedType=org.hibernate.type.LongType@4bf3f9d}
             +-[NAMED_PARAM] ParameterNode: '?' {name=idList3338_, expectedType=org.hibernate.type.LongType@4bf3f9d}
             +-[NAMED_PARAM] ParameterNode: '?' {name=idList3339_, expectedType=org.hibernate.type.LongType@4bf3f9d}
             +-[NAMED_PARAM] ParameterNode: '?' {name=idList3340_, expectedType=org.hibernate.type.LongType@4bf3f9d}
             +-[NAMED_PARAM] ParameterNode: '?' {name=idList3341_, expectedType=org.hibernate.type.LongType@4bf3f9d}
             +-[NAMED_PARAM] ParameterNode: '?' {name=idList3342_, expectedType=org.hibernate.type.LongType@4bf3f9d}
             +-[NAMED_PARAM] ParameterNode: '?' {name=idList3343_, expectedType=org.hibernate.type.LongType@4bf3f9d}
             +-[NAMED_PARAM] ParameterNode: '?' {name=idList3344_, expectedType=org.hibernate.type.LongType@4bf3f9d}
             +-[NAMED_PARAM] ParameterNode: '?' {name=idList3345_, expectedType=org.hibernate.type.LongType@4bf3f9d}
             +-[NAMED_PARAM] ParameterNode: '?' {name=idList3346_, expectedType=org.hibernate.type.LongType@4bf3f9d}
             +-[NAMED_PARAM] ParameterNode: '?' {name=idList3347_, expectedType=org.hibernate.type.LongType@4bf3f9d}
             +-[NAMED_PARAM] ParameterNode: '?' {name=idList3348_, expectedType=org.hibernate.type.LongType@4bf3f9d}
             +-[NAMED_PARAM] ParameterNode: '?' {name=idList3349_, expectedType=org.hibernate.type.LongType@4bf3f9d}
             +-[NAMED_PARAM] ParameterNode: '?' {name=idList3350_, expectedType=org.hibernate.type.LongType@4bf3f9d}
             +-[NAMED_PARAM] ParameterNode: '?' {name=idList3351_, expectedType=org.hibernate.type.LongType@4bf3f9d}
             +-[NAMED_PARAM] ParameterNode: '?' {name=idList3352_, expectedType=org.hibernate.type.LongType@4bf3f9d}
             +-[NAMED_PARAM] ParameterNode: '?' {name=idList3353_, expectedType=org.hibernate.type.LongType@4bf3f9d}
             +-[NAMED_PARAM] ParameterNode: '?' {name=idList3354_, expectedType=org.hibernate.type.LongType@4bf3f9d}
             +-[NAMED_PARAM] ParameterNode: '?' {name=idList3355_, expectedType=org.hibernate.type.LongType@4bf3f9d}
             +-[NAMED_PARAM] ParameterNode: '?' {name=idList3356_, expectedType=org.hibernate.type.LongType@4bf3f9d}
             +-[NAMED_PARAM] ParameterNode: '?' {name=idList3357_, expectedType=org.hibernate.type.LongType@4bf3f9d}
             +-[NAMED_PARAM] ParameterNode: '?' {name=idList3358_, expectedType=org.hibernate.type.LongType@4bf3f9d}
             +-[NAMED_PARAM] ParameterNode: '?' {name=idList3359_, expectedType=org.hibernate.type.LongType@4bf3f9d}
             +-[NAMED_PARAM] ParameterNode: '?' {name=idList3360_, expectedType=org.hibernate.type.LongType@4bf3f9d}
             +-[NAMED_PARAM] ParameterNode: '?' {name=idList3361_, expectedType=org.hibernate.type.LongType@4bf3f9d}
             +-[NAMED_PARAM] ParameterNode: '?' {name=idList3362_, expectedType=org.hibernate.type.LongType@4bf3f9d}
             +-[NAMED_PARAM] ParameterNode: '?' {name=idList3363_, expectedType=org.hibernate.type.LongType@4bf3f9d}
             +-[NAMED_PARAM] ParameterNode: '?' {name=idList3364_, expectedType=org.hibernate.type.LongType@4bf3f9d}
             +-[NAMED_PARAM] ParameterNode: '?' {name=idList3365_, expectedType=org.hibernate.type.LongType@4bf3f9d}
             +-[NAMED_PARAM] ParameterNode: '?' {name=idList3366_, expectedType=org.hibernate.type.LongType@4bf3f9d}
             +-[NAMED_PARAM] ParameterNode: '?' {name=idList3367_, expectedType=org.hibernate.type.LongType@4bf3f9d}
             +-[NAMED_PARAM] ParameterNode: '?' {name=idList3368_, expectedType=org.hibernate.type.LongType@4bf3f9d}
             +-[NAMED_PARAM] ParameterNode: '?' {name=idList3369_, expectedType=org.hibernate.type.LongType@4bf3f9d}
             +-[NAMED_PARAM] ParameterNode: '?' {name=idList3370_, expectedType=org.hibernate.type.LongType@4bf3f9d}
             +-[NAMED_PARAM] ParameterNode: '?' {name=idList3371_, expectedType=org.hibernate.type.LongType@4bf3f9d}
             +-[NAMED_PARAM] ParameterNode: '?' {name=idList3372_, expectedType=org.hibernate.type.LongType@4bf3f9d}
             +-[NAMED_PARAM] ParameterNode: '?' {name=idList3373_, expectedType=org.hibernate.type.LongType@4bf3f9d}
             +-[NAMED_PARAM] ParameterNode: '?' {name=idList3374_, expectedType=org.hibernate.type.LongType@4bf3f9d}
             +-[NAMED_PARAM] ParameterNode: '?' {name=idList3375_, expectedType=org.hibernate.type.LongType@4bf3f9d}
             +-[NAMED_PARAM] ParameterNode: '?' {name=idList3376_, expectedType=org.hibernate.type.LongType@4bf3f9d}
             +-[NAMED_PARAM] ParameterNode: '?' {name=idList3377_, expectedType=org.hibernate.type.LongType@4bf3f9d}
             +-[NAMED_PARAM] ParameterNode: '?' {name=idList3378_, expectedType=org.hibernate.type.LongType@4bf3f9d}
             +-[NAMED_PARAM] ParameterNode: '?' {name=idList3379_, expectedType=org.hibernate.type.LongType@4bf3f9d}
             +-[NAMED_PARAM] ParameterNode: '?' {name=idList3380_, expectedType=org.hibernate.type.LongType@4bf3f9d}
             +-[NAMED_PARAM] ParameterNode: '?' {name=idList3381_, expectedType=org.hibernate.type.LongType@4bf3f9d}
             +-[NAMED_PARAM] ParameterNode: '?' {name=idList3382_, expectedType=org.hibernate.type.LongType@4bf3f9d}
             +-[NAMED_PARAM] ParameterNode: '?' {name=idList3383_, expectedType=org.hibernate.type.LongType@4bf3f9d}
             +-[NAMED_PARAM] ParameterNode: '?' {name=idList3384_, expectedType=org.hibernate.type.LongType@4bf3f9d}
             +-[NAMED_PARAM] ParameterNode: '?' {name=idList3385_, expectedType=org.hibernate.type.LongType@4bf3f9d}
             +-[NAMED_PARAM] ParameterNode: '?' {name=idList3386_, expectedType=org.hibernate.type.LongType@4bf3f9d}
             +-[NAMED_PARAM] ParameterNode: '?' {name=idList3387_, expectedType=org.hibernate.type.LongType@4bf3f9d}
             +-[NAMED_PARAM] ParameterNode: '?' {name=idList3388_, expectedType=org.hibernate.type.LongType@4bf3f9d}
             +-[NAMED_PARAM] ParameterNode: '?' {name=idList3389_, expectedType=org.hibernate.type.LongType@4bf3f9d}
             +-[NAMED_PARAM] ParameterNode: '?' {name=idList3390_, expectedType=org.hibernate.type.LongType@4bf3f9d}
             +-[NAMED_PARAM] ParameterNode: '?' {name=idList3391_, expectedType=org.hibernate.type.LongType@4bf3f9d}
             +-[NAMED_PARAM] ParameterNode: '?' {name=idList3392_, expectedType=org.hibernate.type.LongType@4bf3f9d}
             +-[NAMED_PARAM] ParameterNode: '?' {name=idList3393_, expectedType=org.hibernate.type.LongType@4bf3f9d}
             +-[NAMED_PARAM] ParameterNode: '?' {name=idList3394_, expectedType=org.hibernate.type.LongType@4bf3f9d}
             +-[NAMED_PARAM] ParameterNode: '?' {name=idList3395_, expectedType=org.hibernate.type.LongType@4bf3f9d}
             +-[NAMED_PARAM] ParameterNode: '?' {name=idList3396_, expectedType=org.hibernate.type.LongType@4bf3f9d}
             +-[NAMED_PARAM] ParameterNode: '?' {name=idList3397_, expectedType=org.hibernate.type.LongType@4bf3f9d}
             +-[NAMED_PARAM] ParameterNode: '?' {name=idList3398_, expectedType=org.hibernate.type.LongType@4bf3f9d}
             +-[NAMED_PARAM] ParameterNode: '?' {name=idList3399_, expectedType=org.hibernate.type.LongType@4bf3f9d}
             +-[NAMED_PARAM] ParameterNode: '?' {name=idList3400_, expectedType=org.hibernate.type.LongType@4bf3f9d}
             +-[NAMED_PARAM] ParameterNode: '?' {name=idList3401_, expectedType=org.hibernate.type.LongType@4bf3f9d}
             +-[NAMED_PARAM] ParameterNode: '?' {name=idList3402_, expectedType=org.hibernate.type.LongType@4bf3f9d}
             +-[NAMED_PARAM] ParameterNode: '?' {name=idList3403_, expectedType=org.hibernate.type.LongType@4bf3f9d}
             +-[NAMED_PARAM] ParameterNode: '?' {name=idList3404_, expectedType=org.hibernate.type.LongType@4bf3f9d}
             +-[NAMED_PARAM] ParameterNode: '?' {name=idList3405_, expectedType=org.hibernate.type.LongType@4bf3f9d}
             +-[NAMED_PARAM] ParameterNode: '?' {name=idList3406_, expectedType=org.hibernate.type.LongType@4bf3f9d}
             +-[NAMED_PARAM] ParameterNode: '?' {name=idList3407_, expectedType=org.hibernate.type.LongType@4bf3f9d}
             +-[NAMED_PARAM] ParameterNode: '?' {name=idList3408_, expectedType=org.hibernate.type.LongType@4bf3f9d}
             +-[NAMED_PARAM] ParameterNode: '?' {name=idList3409_, expectedType=org.hibernate.type.LongType@4bf3f9d}
             +-[NAMED_PARAM] ParameterNode: '?' {name=idList3410_, expectedType=org.hibernate.type.LongType@4bf3f9d}
             +-[NAMED_PARAM] ParameterNode: '?' {name=idList3411_, expectedType=org.hibernate.type.LongType@4bf3f9d}
             +-[NAMED_PARAM] ParameterNode: '?' {name=idList3412_, expectedType=org.hibernate.type.LongType@4bf3f9d}
             +-[NAMED_PARAM] ParameterNode: '?' {name=idList3413_, expectedType=org.hibernate.type.LongType@4bf3f9d}
             +-[NAMED_PARAM] ParameterNode: '?' {name=idList3414_, expectedType=org.hibernate.type.LongType@4bf3f9d}
             +-[NAMED_PARAM] ParameterNode: '?' {name=idList3415_, expectedType=org.hibernate.type.LongType@4bf3f9d}
             +-[NAMED_PARAM] ParameterNode: '?' {name=idList3416_, expectedType=org.hibernate.type.LongType@4bf3f9d}
             +-[NAMED_PARAM] ParameterNode: '?' {name=idList3417_, expectedType=org.hibernate.type.LongType@4bf3f9d}
             +-[NAMED_PARAM] ParameterNode: '?' {name=idList3418_, expectedType=org.hibernate.type.LongType@4bf3f9d}
             +-[NAMED_PARAM] ParameterNode: '?' {name=idList3419_, expectedType=org.hibernate.type.LongType@4bf3f9d}
             +-[NAMED_PARAM] ParameterNode: '?' {name=idList3420_, expectedType=org.hibernate.type.LongType@4bf3f9d}
             +-[NAMED_PARAM] ParameterNode: '?' {name=idList3421_, expectedType=org.hibernate.type.LongType@4bf3f9d}
             +-[NAMED_PARAM] ParameterNode: '?' {name=idList3422_, expectedType=org.hibernate.type.LongType@4bf3f9d}
             +-[NAMED_PARAM] ParameterNode: '?' {name=idList3423_, expectedType=org.hibernate.type.LongType@4bf3f9d}
             +-[NAMED_PARAM] ParameterNode: '?' {name=idList3424_, expectedType=org.hibernate.type.LongType@4bf3f9d}
             +-[NAMED_PARAM] ParameterNode: '?' {name=idList3425_, expectedType=org.hibernate.type.LongType@4bf3f9d}
             +-[NAMED_PARAM] ParameterNode: '?' {name=idList3426_, expectedType=org.hibernate.type.LongType@4bf3f9d}
             +-[NAMED_PARAM] ParameterNode: '?' {name=idList3427_, expectedType=org.hibernate.type.LongType@4bf3f9d}
             +-[NAMED_PARAM] ParameterNode: '?' {name=idList3428_, expectedType=org.hibernate.type.LongType@4bf3f9d}
             +-[NAMED_PARAM] ParameterNode: '?' {name=idList3429_, expectedType=org.hibernate.type.LongType@4bf3f9d}
             +-[NAMED_PARAM] ParameterNode: '?' {name=idList3430_, expectedType=org.hibernate.type.LongType@4bf3f9d}
             +-[NAMED_PARAM] ParameterNode: '?' {name=idList3431_, expectedType=org.hibernate.type.LongType@4bf3f9d}
             +-[NAMED_PARAM] ParameterNode: '?' {name=idList3432_, expectedType=org.hibernate.type.LongType@4bf3f9d}
             +-[NAMED_PARAM] ParameterNode: '?' {name=idList3433_, expectedType=org.hibernate.type.LongType@4bf3f9d}
             +-[NAMED_PARAM] ParameterNode: '?' {name=idList3434_, expectedType=org.hibernate.type.LongType@4bf3f9d}
             +-[NAMED_PARAM] ParameterNode: '?' {name=idList3435_, expectedType=org.hibernate.type.LongType@4bf3f9d}
             +-[NAMED_PARAM] ParameterNode: '?' {name=idList3436_, expectedType=org.hibernate.type.LongType@4bf3f9d}
             +-[NAMED_PARAM] ParameterNode: '?' {name=idList3437_, expectedType=org.hibernate.type.LongType@4bf3f9d}
             +-[NAMED_PARAM] ParameterNode: '?' {name=idList3438_, expectedType=org.hibernate.type.LongType@4bf3f9d}
             +-[NAMED_PARAM] ParameterNode: '?' {name=idList3439_, expectedType=org.hibernate.type.LongType@4bf3f9d}
             +-[NAMED_PARAM] ParameterNode: '?' {name=idList3440_, expectedType=org.hibernate.type.LongType@4bf3f9d}
             +-[NAMED_PARAM] ParameterNode: '?' {name=idList3441_, expectedType=org.hibernate.type.LongType@4bf3f9d}
             +-[NAMED_PARAM] ParameterNode: '?' {name=idList3442_, expectedType=org.hibernate.type.LongType@4bf3f9d}
             +-[NAMED_PARAM] ParameterNode: '?' {name=idList3443_, expectedType=org.hibernate.type.LongType@4bf3f9d}
             +-[NAMED_PARAM] ParameterNode: '?' {name=idList3444_, expectedType=org.hibernate.type.LongType@4bf3f9d}
             +-[NAMED_PARAM] ParameterNode: '?' {name=idList3445_, expectedType=org.hibernate.type.LongType@4bf3f9d}
             +-[NAMED_PARAM] ParameterNode: '?' {name=idList3446_, expectedType=org.hibernate.type.LongType@4bf3f9d}
             +-[NAMED_PARAM] ParameterNode: '?' {name=idList3447_, expectedType=org.hibernate.type.LongType@4bf3f9d}
             +-[NAMED_PARAM] ParameterNode: '?' {name=idList3448_, expectedType=org.hibernate.type.LongType@4bf3f9d}
             +-[NAMED_PARAM] ParameterNode: '?' {name=idList3449_, expectedType=org.hibernate.type.LongType@4bf3f9d}
             +-[NAMED_PARAM] ParameterNode: '?' {name=idList3450_, expectedType=org.hibernate.type.LongType@4bf3f9d}
             +-[NAMED_PARAM] ParameterNode: '?' {name=idList3451_, expectedType=org.hibernate.type.LongType@4bf3f9d}
             +-[NAMED_PARAM] ParameterNode: '?' {name=idList3452_, expectedType=org.hibernate.type.LongType@4bf3f9d}
             +-[NAMED_PARAM] ParameterNode: '?' {name=idList3453_, expectedType=org.hibernate.type.LongType@4bf3f9d}
             +-[NAMED_PARAM] ParameterNode: '?' {name=idList3454_, expectedType=org.hibernate.type.LongType@4bf3f9d}
             +-[NAMED_PARAM] ParameterNode: '?' {name=idList3455_, expectedType=org.hibernate.type.LongType@4bf3f9d}
             +-[NAMED_PARAM] ParameterNode: '?' {name=idList3456_, expectedType=org.hibernate.type.LongType@4bf3f9d}
             +-[NAMED_PARAM] ParameterNode: '?' {name=idList3457_, expectedType=org.hibernate.type.LongType@4bf3f9d}
             +-[NAMED_PARAM] ParameterNode: '?' {name=idList3458_, expectedType=org.hibernate.type.LongType@4bf3f9d}
             +-[NAMED_PARAM] ParameterNode: '?' {name=idList3459_, expectedType=org.hibernate.type.LongType@4bf3f9d}
             +-[NAMED_PARAM] ParameterNode: '?' {name=idList3460_, expectedType=org.hibernate.type.LongType@4bf3f9d}
             +-[NAMED_PARAM] ParameterNode: '?' {name=idList3461_, expectedType=org.hibernate.type.LongType@4bf3f9d}
             +-[NAMED_PARAM] ParameterNode: '?' {name=idList3462_, expectedType=org.hibernate.type.LongType@4bf3f9d}
             +-[NAMED_PARAM] ParameterNode: '?' {name=idList3463_, expectedType=org.hibernate.type.LongType@4bf3f9d}
             +-[NAMED_PARAM] ParameterNode: '?' {name=idList3464_, expectedType=org.hibernate.type.LongType@4bf3f9d}
             +-[NAMED_PARAM] ParameterNode: '?' {name=idList3465_, expectedType=org.hibernate.type.LongType@4bf3f9d}
             +-[NAMED_PARAM] ParameterNode: '?' {name=idList3466_, expectedType=org.hibernate.type.LongType@4bf3f9d}
             +-[NAMED_PARAM] ParameterNode: '?' {name=idList3467_, expectedType=org.hibernate.type.LongType@4bf3f9d}
             +-[NAMED_PARAM] ParameterNode: '?' {name=idList3468_, expectedType=org.hibernate.type.LongType@4bf3f9d}
             +-[NAMED_PARAM] ParameterNode: '?' {name=idList3469_, expectedType=org.hibernate.type.LongType@4bf3f9d}
             +-[NAMED_PARAM] ParameterNode: '?' {name=idList3470_, expectedType=org.hibernate.type.LongType@4bf3f9d}
             +-[NAMED_PARAM] ParameterNode: '?' {name=idList3471_, expectedType=org.hibernate.type.LongType@4bf3f9d}
             +-[NAMED_PARAM] ParameterNode: '?' {name=idList3472_, expectedType=org.hibernate.type.LongType@4bf3f9d}
             +-[NAMED_PARAM] ParameterNode: '?' {name=idList3473_, expectedType=org.hibernate.type.LongType@4bf3f9d}
             +-[NAMED_PARAM] ParameterNode: '?' {name=idList3474_, expectedType=org.hibernate.type.LongType@4bf3f9d}
             +-[NAMED_PARAM] ParameterNode: '?' {name=idList3475_, expectedType=org.hibernate.type.LongType@4bf3f9d}
             +-[NAMED_PARAM] ParameterNode: '?' {name=idList3476_, expectedType=org.hibernate.type.LongType@4bf3f9d}
             +-[NAMED_PARAM] ParameterNode: '?' {name=idList3477_, expectedType=org.hibernate.type.LongType@4bf3f9d}
             +-[NAMED_PARAM] ParameterNode: '?' {name=idList3478_, expectedType=org.hibernate.type.LongType@4bf3f9d}
             +-[NAMED_PARAM] ParameterNode: '?' {name=idList3479_, expectedType=org.hibernate.type.LongType@4bf3f9d}
             +-[NAMED_PARAM] ParameterNode: '?' {name=idList3480_, expectedType=org.hibernate.type.LongType@4bf3f9d}
             +-[NAMED_PARAM] ParameterNode: '?' {name=idList3481_, expectedType=org.hibernate.type.LongType@4bf3f9d}
             +-[NAMED_PARAM] ParameterNode: '?' {name=idList3482_, expectedType=org.hibernate.type.LongType@4bf3f9d}
             +-[NAMED_PARAM] ParameterNode: '?' {name=idList3483_, expectedType=org.hibernate.type.LongType@4bf3f9d}
             +-[NAMED_PARAM] ParameterNode: '?' {name=idList3484_, expectedType=org.hibernate.type.LongType@4bf3f9d}
             +-[NAMED_PARAM] ParameterNode: '?' {name=idList3485_, expectedType=org.hibernate.type.LongType@4bf3f9d}
             +-[NAMED_PARAM] ParameterNode: '?' {name=idList3486_, expectedType=org.hibernate.type.LongType@4bf3f9d}
             +-[NAMED_PARAM] ParameterNode: '?' {name=idList3487_, expectedType=org.hibernate.type.LongType@4bf3f9d}
             +-[NAMED_PARAM] ParameterNode: '?' {name=idList3488_, expectedType=org.hibernate.type.LongType@4bf3f9d}
             +-[NAMED_PARAM] ParameterNode: '?' {name=idList3489_, expectedType=org.hibernate.type.LongType@4bf3f9d}
             +-[NAMED_PARAM] ParameterNode: '?' {name=idList3490_, expectedType=org.hibernate.type.LongType@4bf3f9d}
             +-[NAMED_PARAM] ParameterNode: '?' {name=idList3491_, expectedType=org.hibernate.type.LongType@4bf3f9d}
             +-[NAMED_PARAM] ParameterNode: '?' {name=idList3492_, expectedType=org.hibernate.type.LongType@4bf3f9d}
             +-[NAMED_PARAM] ParameterNode: '?' {name=idList3493_, expectedType=org.hibernate.type.LongType@4bf3f9d}
             +-[NAMED_PARAM] ParameterNode: '?' {name=idList3494_, expectedType=org.hibernate.type.LongType@4bf3f9d}
             +-[NAMED_PARAM] ParameterNode: '?' {name=idList3495_, expectedType=org.hibernate.type.LongType@4bf3f9d}
             +-[NAMED_PARAM] ParameterNode: '?' {name=idList3496_, expectedType=org.hibernate.type.LongType@4bf3f9d}
             +-[NAMED_PARAM] ParameterNode: '?' {name=idList3497_, expectedType=org.hibernate.type.LongType@4bf3f9d}
             +-[NAMED_PARAM] ParameterNode: '?' {name=idList3498_, expectedType=org.hibernate.type.LongType@4bf3f9d}
             +-[NAMED_PARAM] ParameterNode: '?' {name=idList3499_, expectedType=org.hibernate.type.LongType@4bf3f9d}
             +-[NAMED_PARAM] ParameterNode: '?' {name=idList3500_, expectedType=org.hibernate.type.LongType@4bf3f9d}
             +-[NAMED_PARAM] ParameterNode: '?' {name=idList3501_, expectedType=org.hibernate.type.LongType@4bf3f9d}
             +-[NAMED_PARAM] ParameterNode: '?' {name=idList3502_, expectedType=org.hibernate.type.LongType@4bf3f9d}
             +-[NAMED_PARAM] ParameterNode: '?' {name=idList3503_, expectedType=org.hibernate.type.LongType@4bf3f9d}
             +-[NAMED_PARAM] ParameterNode: '?' {name=idList3504_, expectedType=org.hibernate.type.LongType@4bf3f9d}
             +-[NAMED_PARAM] ParameterNode: '?' {name=idList3505_, expectedType=org.hibernate.type.LongType@4bf3f9d}
             +-[NAMED_PARAM] ParameterNode: '?' {name=idList3506_, expectedType=org.hibernate.type.LongType@4bf3f9d}
             +-[NAMED_PARAM] ParameterNode: '?' {name=idList3507_, expectedType=org.hibernate.type.LongType@4bf3f9d}
             +-[NAMED_PARAM] ParameterNode: '?' {name=idList3508_, expectedType=org.hibernate.type.LongType@4bf3f9d}
             +-[NAMED_PARAM] ParameterNode: '?' {name=idList3509_, expectedType=org.hibernate.type.LongType@4bf3f9d}
             +-[NAMED_PARAM] ParameterNode: '?' {name=idList3510_, expectedType=org.hibernate.type.LongType@4bf3f9d}
             +-[NAMED_PARAM] ParameterNode: '?' {name=idList3511_, expectedType=org.hibernate.type.LongType@4bf3f9d}
             +-[NAMED_PARAM] ParameterNode: '?' {name=idList3512_, expectedType=org.hibernate.type.LongType@4bf3f9d}
             +-[NAMED_PARAM] ParameterNode: '?' {name=idList3513_, expectedType=org.hibernate.type.LongType@4bf3f9d}
             +-[NAMED_PARAM] ParameterNode: '?' {name=idList3514_, expectedType=org.hibernate.type.LongType@4bf3f9d}
             +-[NAMED_PARAM] ParameterNode: '?' {name=idList3515_, expectedType=org.hibernate.type.LongType@4bf3f9d}
             +-[NAMED_PARAM] ParameterNode: '?' {name=idList3516_, expectedType=org.hibernate.type.LongType@4bf3f9d}
             +-[NAMED_PARAM] ParameterNode: '?' {name=idList3517_, expectedType=org.hibernate.type.LongType@4bf3f9d}
             +-[NAMED_PARAM] ParameterNode: '?' {name=idList3518_, expectedType=org.hibernate.type.LongType@4bf3f9d}
             +-[NAMED_PARAM] ParameterNode: '?' {name=idList3519_, expectedType=org.hibernate.type.LongType@4bf3f9d}
             +-[NAMED_PARAM] ParameterNode: '?' {name=idList3520_, expectedType=org.hibernate.type.LongType@4bf3f9d}
             +-[NAMED_PARAM] ParameterNode: '?' {name=idList3521_, expectedType=org.hibernate.type.LongType@4bf3f9d}
             +-[NAMED_PARAM] ParameterNode: '?' {name=idList3522_, expectedType=org.hibernate.type.LongType@4bf3f9d}
             +-[NAMED_PARAM] ParameterNode: '?' {name=idList3523_, expectedType=org.hibernate.type.LongType@4bf3f9d}
             +-[NAMED_PARAM] ParameterNode: '?' {name=idList3524_, expectedType=org.hibernate.type.LongType@4bf3f9d}
             +-[NAMED_PARAM] ParameterNode: '?' {name=idList3525_, expectedType=org.hibernate.type.LongType@4bf3f9d}
             +-[NAMED_PARAM] ParameterNode: '?' {name=idList3526_, expectedType=org.hibernate.type.LongType@4bf3f9d}
             +-[NAMED_PARAM] ParameterNode: '?' {name=idList3527_, expectedType=org.hibernate.type.LongType@4bf3f9d}
             +-[NAMED_PARAM] ParameterNode: '?' {name=idList3528_, expectedType=org.hibernate.type.LongType@4bf3f9d}
             +-[NAMED_PARAM] ParameterNode: '?' {name=idList3529_, expectedType=org.hibernate.type.LongType@4bf3f9d}
             +-[NAMED_PARAM] ParameterNode: '?' {name=idList3530_, expectedType=org.hibernate.type.LongType@4bf3f9d}
             +-[NAMED_PARAM] ParameterNode: '?' {name=idList3531_, expectedType=org.hibernate.type.LongType@4bf3f9d}
             +-[NAMED_PARAM] ParameterNode: '?' {name=idList3532_, expectedType=org.hibernate.type.LongType@4bf3f9d}
             +-[NAMED_PARAM] ParameterNode: '?' {name=idList3533_, expectedType=org.hibernate.type.LongType@4bf3f9d}
             +-[NAMED_PARAM] ParameterNode: '?' {name=idList3534_, expectedType=org.hibernate.type.LongType@4bf3f9d}
             +-[NAMED_PARAM] ParameterNode: '?' {name=idList3535_, expectedType=org.hibernate.type.LongType@4bf3f9d}
             +-[NAMED_PARAM] ParameterNode: '?' {name=idList3536_, expectedType=org.hibernate.type.LongType@4bf3f9d}
             +-[NAMED_PARAM] ParameterNode: '?' {name=idList3537_, expectedType=org.hibernate.type.LongType@4bf3f9d}
             +-[NAMED_PARAM] ParameterNode: '?' {name=idList3538_, expectedType=org.hibernate.type.LongType@4bf3f9d}
             +-[NAMED_PARAM] ParameterNode: '?' {name=idList3539_, expectedType=org.hibernate.type.LongType@4bf3f9d}
             +-[NAMED_PARAM] ParameterNode: '?' {name=idList3540_, expectedType=org.hibernate.type.LongType@4bf3f9d}
             +-[NAMED_PARAM] ParameterNode: '?' {name=idList3541_, expectedType=org.hibernate.type.LongType@4bf3f9d}
             +-[NAMED_PARAM] ParameterNode: '?' {name=idList3542_, expectedType=org.hibernate.type.LongType@4bf3f9d}
             +-[NAMED_PARAM] ParameterNode: '?' {name=idList3543_, expectedType=org.hibernate.type.LongType@4bf3f9d}
             +-[NAMED_PARAM] ParameterNode: '?' {name=idList3544_, expectedType=org.hibernate.type.LongType@4bf3f9d}
             +-[NAMED_PARAM] ParameterNode: '?' {name=idList3545_, expectedType=org.hibernate.type.LongType@4bf3f9d}
             +-[NAMED_PARAM] ParameterNode: '?' {name=idList3546_, expectedType=org.hibernate.type.LongType@4bf3f9d}
             +-[NAMED_PARAM] ParameterNode: '?' {name=idList3547_, expectedType=org.hibernate.type.LongType@4bf3f9d}
             +-[NAMED_PARAM] ParameterNode: '?' {name=idList3548_, expectedType=org.hibernate.type.LongType@4bf3f9d}
             +-[NAMED_PARAM] ParameterNode: '?' {name=idList3549_, expectedType=org.hibernate.type.LongType@4bf3f9d}
             +-[NAMED_PARAM] ParameterNode: '?' {name=idList3550_, expectedType=org.hibernate.type.LongType@4bf3f9d}
             +-[NAMED_PARAM] ParameterNode: '?' {name=idList3551_, expectedType=org.hibernate.type.LongType@4bf3f9d}
             +-[NAMED_PARAM] ParameterNode: '?' {name=idList3552_, expectedType=org.hibernate.type.LongType@4bf3f9d}
             +-[NAMED_PARAM] ParameterNode: '?' {name=idList3553_, expectedType=org.hibernate.type.LongType@4bf3f9d}
             +-[NAMED_PARAM] ParameterNode: '?' {name=idList3554_, expectedType=org.hibernate.type.LongType@4bf3f9d}
             +-[NAMED_PARAM] ParameterNode: '?' {name=idList3555_, expectedType=org.hibernate.type.LongType@4bf3f9d}
             +-[NAMED_PARAM] ParameterNode: '?' {name=idList3556_, expectedType=org.hibernate.type.LongType@4bf3f9d}
             +-[NAMED_PARAM] ParameterNode: '?' {name=idList3557_, expectedType=org.hibernate.type.LongType@4bf3f9d}
             +-[NAMED_PARAM] ParameterNode: '?' {name=idList3558_, expectedType=org.hibernate.type.LongType@4bf3f9d}
             +-[NAMED_PARAM] ParameterNode: '?' {name=idList3559_, expectedType=org.hibernate.type.LongType@4bf3f9d}
             +-[NAMED_PARAM] ParameterNode: '?' {name=idList3560_, expectedType=org.hibernate.type.LongType@4bf3f9d}
             +-[NAMED_PARAM] ParameterNode: '?' {name=idList3561_, expectedType=org.hibernate.type.LongType@4bf3f9d}
             +-[NAMED_PARAM] ParameterNode: '?' {name=idList3562_, expectedType=org.hibernate.type.LongType@4bf3f9d}
             +-[NAMED_PARAM] ParameterNode: '?' {name=idList3563_, expectedType=org.hibernate.type.LongType@4bf3f9d}
             +-[NAMED_PARAM] ParameterNode: '?' {name=idList3564_, expectedType=org.hibernate.type.LongType@4bf3f9d}
             +-[NAMED_PARAM] ParameterNode: '?' {name=idList3565_, expectedType=org.hibernate.type.LongType@4bf3f9d}
             +-[NAMED_PARAM] ParameterNode: '?' {name=idList3566_, expectedType=org.hibernate.type.LongType@4bf3f9d}
             +-[NAMED_PARAM] ParameterNode: '?' {name=idList3567_, expectedType=org.hibernate.type.LongType@4bf3f9d}
             +-[NAMED_PARAM] ParameterNode: '?' {name=idList3568_, expectedType=org.hibernate.type.LongType@4bf3f9d}
             +-[NAMED_PARAM] ParameterNode: '?' {name=idList3569_, expectedType=org.hibernate.type.LongType@4bf3f9d}
             +-[NAMED_PARAM] ParameterNode: '?' {name=idList3570_, expectedType=org.hibernate.type.LongType@4bf3f9d}
             +-[NAMED_PARAM] ParameterNode: '?' {name=idList3571_, expectedType=org.hibernate.type.LongType@4bf3f9d}
             +-[NAMED_PARAM] ParameterNode: '?' {name=idList3572_, expectedType=org.hibernate.type.LongType@4bf3f9d}
             +-[NAMED_PARAM] ParameterNode: '?' {name=idList3573_, expectedType=org.hibernate.type.LongType@4bf3f9d}
             +-[NAMED_PARAM] ParameterNode: '?' {name=idList3574_, expectedType=org.hibernate.type.LongType@4bf3f9d}
             +-[NAMED_PARAM] ParameterNode: '?' {name=idList3575_, expectedType=org.hibernate.type.LongType@4bf3f9d}
             +-[NAMED_PARAM] ParameterNode: '?' {name=idList3576_, expectedType=org.hibernate.type.LongType@4bf3f9d}
             +-[NAMED_PARAM] ParameterNode: '?' {name=idList3577_, expectedType=org.hibernate.type.LongType@4bf3f9d}
             +-[NAMED_PARAM] ParameterNode: '?' {name=idList3578_, expectedType=org.hibernate.type.LongType@4bf3f9d}
             +-[NAMED_PARAM] ParameterNode: '?' {name=idList3579_, expectedType=org.hibernate.type.LongType@4bf3f9d}
             +-[NAMED_PARAM] ParameterNode: '?' {name=idList3580_, expectedType=org.hibernate.type.LongType@4bf3f9d}
             +-[NAMED_PARAM] ParameterNode: '?' {name=idList3581_, expectedType=org.hibernate.type.LongType@4bf3f9d}
             +-[NAMED_PARAM] ParameterNode: '?' {name=idList3582_, expectedType=org.hibernate.type.LongType@4bf3f9d}
             +-[NAMED_PARAM] ParameterNode: '?' {name=idList3583_, expectedType=org.hibernate.type.LongType@4bf3f9d}
             +-[NAMED_PARAM] ParameterNode: '?' {name=idList3584_, expectedType=org.hibernate.type.LongType@4bf3f9d}
             +-[NAMED_PARAM] ParameterNode: '?' {name=idList3585_, expectedType=org.hibernate.type.LongType@4bf3f9d}
             +-[NAMED_PARAM] ParameterNode: '?' {name=idList3586_, expectedType=org.hibernate.type.LongType@4bf3f9d}
             +-[NAMED_PARAM] ParameterNode: '?' {name=idList3587_, expectedType=org.hibernate.type.LongType@4bf3f9d}
             +-[NAMED_PARAM] ParameterNode: '?' {name=idList3588_, expectedType=org.hibernate.type.LongType@4bf3f9d}
             +-[NAMED_PARAM] ParameterNode: '?' {name=idList3589_, expectedType=org.hibernate.type.LongType@4bf3f9d}
             +-[NAMED_PARAM] ParameterNode: '?' {name=idList3590_, expectedType=org.hibernate.type.LongType@4bf3f9d}
             +-[NAMED_PARAM] ParameterNode: '?' {name=idList3591_, expectedType=org.hibernate.type.LongType@4bf3f9d}
             +-[NAMED_PARAM] ParameterNode: '?' {name=idList3592_, expectedType=org.hibernate.type.LongType@4bf3f9d}
             +-[NAMED_PARAM] ParameterNode: '?' {name=idList3593_, expectedType=org.hibernate.type.LongType@4bf3f9d}
             +-[NAMED_PARAM] ParameterNode: '?' {name=idList3594_, expectedType=org.hibernate.type.LongType@4bf3f9d}
             +-[NAMED_PARAM] ParameterNode: '?' {name=idList3595_, expectedType=org.hibernate.type.LongType@4bf3f9d}
             +-[NAMED_PARAM] ParameterNode: '?' {name=idList3596_, expectedType=org.hibernate.type.LongType@4bf3f9d}
             +-[NAMED_PARAM] ParameterNode: '?' {name=idList3597_, expectedType=org.hibernate.type.LongType@4bf3f9d}
             +-[NAMED_PARAM] ParameterNode: '?' {name=idList3598_, expectedType=org.hibernate.type.LongType@4bf3f9d}
             +-[NAMED_PARAM] ParameterNode: '?' {name=idList3599_, expectedType=org.hibernate.type.LongType@4bf3f9d}
             +-[NAMED_PARAM] ParameterNode: '?' {name=idList3600_, expectedType=org.hibernate.type.LongType@4bf3f9d}
             +-[NAMED_PARAM] ParameterNode: '?' {name=idList3601_, expectedType=org.hibernate.type.LongType@4bf3f9d}
             +-[NAMED_PARAM] ParameterNode: '?' {name=idList3602_, expectedType=org.hibernate.type.LongType@4bf3f9d}
             +-[NAMED_PARAM] ParameterNode: '?' {name=idList3603_, expectedType=org.hibernate.type.LongType@4bf3f9d}
             +-[NAMED_PARAM] ParameterNode: '?' {name=idList3604_, expectedType=org.hibernate.type.LongType@4bf3f9d}
             +-[NAMED_PARAM] ParameterNode: '?' {name=idList3605_, expectedType=org.hibernate.type.LongType@4bf3f9d}
             +-[NAMED_PARAM] ParameterNode: '?' {name=idList3606_, expectedType=org.hibernate.type.LongType@4bf3f9d}
             +-[NAMED_PARAM] ParameterNode: '?' {name=idList3607_, expectedType=org.hibernate.type.LongType@4bf3f9d}
             +-[NAMED_PARAM] ParameterNode: '?' {name=idList3608_, expectedType=org.hibernate.type.LongType@4bf3f9d}
             +-[NAMED_PARAM] ParameterNode: '?' {name=idList3609_, expectedType=org.hibernate.type.LongType@4bf3f9d}
             +-[NAMED_PARAM] ParameterNode: '?' {name=idList3610_, expectedType=org.hibernate.type.LongType@4bf3f9d}
             +-[NAMED_PARAM] ParameterNode: '?' {name=idList3611_, expectedType=org.hibernate.type.LongType@4bf3f9d}
             +-[NAMED_PARAM] ParameterNode: '?' {name=idList3612_, expectedType=org.hibernate.type.LongType@4bf3f9d}
             +-[NAMED_PARAM] ParameterNode: '?' {name=idList3613_, expectedType=org.hibernate.type.LongType@4bf3f9d}
             +-[NAMED_PARAM] ParameterNode: '?' {name=idList3614_, expectedType=org.hibernate.type.LongType@4bf3f9d}
             +-[NAMED_PARAM] ParameterNode: '?' {name=idList3615_, expectedType=org.hibernate.type.LongType@4bf3f9d}
             +-[NAMED_PARAM] ParameterNode: '?' {name=idList3616_, expectedType=org.hibernate.type.LongType@4bf3f9d}
             +-[NAMED_PARAM] ParameterNode: '?' {name=idList3617_, expectedType=org.hibernate.type.LongType@4bf3f9d}
             +-[NAMED_PARAM] ParameterNode: '?' {name=idList3618_, expectedType=org.hibernate.type.LongType@4bf3f9d}
             +-[NAMED_PARAM] ParameterNode: '?' {name=idList3619_, expectedType=org.hibernate.type.LongType@4bf3f9d}
             +-[NAMED_PARAM] ParameterNode: '?' {name=idList3620_, expectedType=org.hibernate.type.LongType@4bf3f9d}
             +-[NAMED_PARAM] ParameterNode: '?' {name=idList3621_, expectedType=org.hibernate.type.LongType@4bf3f9d}
             +-[NAMED_PARAM] ParameterNode: '?' {name=idList3622_, expectedType=org.hibernate.type.LongType@4bf3f9d}
             +-[NAMED_PARAM] ParameterNode: '?' {name=idList3623_, expectedType=org.hibernate.type.LongType@4bf3f9d}
             +-[NAMED_PARAM] ParameterNode: '?' {name=idList3624_, expectedType=org.hibernate.type.LongType@4bf3f9d}
             +-[NAMED_PARAM] ParameterNode: '?' {name=idList3625_, expectedType=org.hibernate.type.LongType@4bf3f9d}
             +-[NAMED_PARAM] ParameterNode: '?' {name=idList3626_, expectedType=org.hibernate.type.LongType@4bf3f9d}
             +-[NAMED_PARAM] ParameterNode: '?' {name=idList3627_, expectedType=org.hibernate.type.LongType@4bf3f9d}
             +-[NAMED_PARAM] ParameterNode: '?' {name=idList3628_, expectedType=org.hibernate.type.LongType@4bf3f9d}
             +-[NAMED_PARAM] ParameterNode: '?' {name=idList3629_, expectedType=org.hibernate.type.LongType@4bf3f9d}
             +-[NAMED_PARAM] ParameterNode: '?' {name=idList3630_, expectedType=org.hibernate.type.LongType@4bf3f9d}
             +-[NAMED_PARAM] ParameterNode: '?' {name=idList3631_, expectedType=org.hibernate.type.LongType@4bf3f9d}
             +-[NAMED_PARAM] ParameterNode: '?' {name=idList3632_, expectedType=org.hibernate.type.LongType@4bf3f9d}
             +-[NAMED_PARAM] ParameterNode: '?' {name=idList3633_, expectedType=org.hibernate.type.LongType@4bf3f9d}
             +-[NAMED_PARAM] ParameterNode: '?' {name=idList3634_, expectedType=org.hibernate.type.LongType@4bf3f9d}
             +-[NAMED_PARAM] ParameterNode: '?' {name=idList3635_, expectedType=org.hibernate.type.LongType@4bf3f9d}
             +-[NAMED_PARAM] ParameterNode: '?' {name=idList3636_, expectedType=org.hibernate.type.LongType@4bf3f9d}
             +-[NAMED_PARAM] ParameterNode: '?' {name=idList3637_, expectedType=org.hibernate.type.LongType@4bf3f9d}
             +-[NAMED_PARAM] ParameterNode: '?' {name=idList3638_, expectedType=org.hibernate.type.LongType@4bf3f9d}
             +-[NAMED_PARAM] ParameterNode: '?' {name=idList3639_, expectedType=org.hibernate.type.LongType@4bf3f9d}
             +-[NAMED_PARAM] ParameterNode: '?' {name=idList3640_, expectedType=org.hibernate.type.LongType@4bf3f9d}
             +-[NAMED_PARAM] ParameterNode: '?' {name=idList3641_, expectedType=org.hibernate.type.LongType@4bf3f9d}
             +-[NAMED_PARAM] ParameterNode: '?' {name=idList3642_, expectedType=org.hibernate.type.LongType@4bf3f9d}
             +-[NAMED_PARAM] ParameterNode: '?' {name=idList3643_, expectedType=org.hibernate.type.LongType@4bf3f9d}
             +-[NAMED_PARAM] ParameterNode: '?' {name=idList3644_, expectedType=org.hibernate.type.LongType@4bf3f9d}
             +-[NAMED_PARAM] ParameterNode: '?' {name=idList3645_, expectedType=org.hibernate.type.LongType@4bf3f9d}
             +-[NAMED_PARAM] ParameterNode: '?' {name=idList3646_, expectedType=org.hibernate.type.LongType@4bf3f9d}
             +-[NAMED_PARAM] ParameterNode: '?' {name=idList3647_, expectedType=org.hibernate.type.LongType@4bf3f9d}
             +-[NAMED_PARAM] ParameterNode: '?' {name=idList3648_, expectedType=org.hibernate.type.LongType@4bf3f9d}
             +-[NAMED_PARAM] ParameterNode: '?' {name=idList3649_, expectedType=org.hibernate.type.LongType@4bf3f9d}
             +-[NAMED_PARAM] ParameterNode: '?' {name=idList3650_, expectedType=org.hibernate.type.LongType@4bf3f9d}
             +-[NAMED_PARAM] ParameterNode: '?' {name=idList3651_, expectedType=org.hibernate.type.LongType@4bf3f9d}
             +-[NAMED_PARAM] ParameterNode: '?' {name=idList3652_, expectedType=org.hibernate.type.LongType@4bf3f9d}
             +-[NAMED_PARAM] ParameterNode: '?' {name=idList3653_, expectedType=org.hibernate.type.LongType@4bf3f9d}
             +-[NAMED_PARAM] ParameterNode: '?' {name=idList3654_, expectedType=org.hibernate.type.LongType@4bf3f9d}
             +-[NAMED_PARAM] ParameterNode: '?' {name=idList3655_, expectedType=org.hibernate.type.LongType@4bf3f9d}
             +-[NAMED_PARAM] ParameterNode: '?' {name=idList3656_, expectedType=org.hibernate.type.LongType@4bf3f9d}
             +-[NAMED_PARAM] ParameterNode: '?' {name=idList3657_, expectedType=org.hibernate.type.LongType@4bf3f9d}
             +-[NAMED_PARAM] ParameterNode: '?' {name=idList3658_, expectedType=org.hibernate.type.LongType@4bf3f9d}
             +-[NAMED_PARAM] ParameterNode: '?' {name=idList3659_, expectedType=org.hibernate.type.LongType@4bf3f9d}
             +-[NAMED_PARAM] ParameterNode: '?' {name=idList3660_, expectedType=org.hibernate.type.LongType@4bf3f9d}
             +-[NAMED_PARAM] ParameterNode: '?' {name=idList3661_, expectedType=org.hibernate.type.LongType@4bf3f9d}
             +-[NAMED_PARAM] ParameterNode: '?' {name=idList3662_, expectedType=org.hibernate.type.LongType@4bf3f9d}
             +-[NAMED_PARAM] ParameterNode: '?' {name=idList3663_, expectedType=org.hibernate.type.LongType@4bf3f9d}
             +-[NAMED_PARAM] ParameterNode: '?' {name=idList3664_, expectedType=org.hibernate.type.LongType@4bf3f9d}
             +-[NAMED_PARAM] ParameterNode: '?' {name=idList3665_, expectedType=org.hibernate.type.LongType@4bf3f9d}
             +-[NAMED_PARAM] ParameterNode: '?' {name=idList3666_, expectedType=org.hibernate.type.LongType@4bf3f9d}
             +-[NAMED_PARAM] ParameterNode: '?' {name=idList3667_, expectedType=org.hibernate.type.LongType@4bf3f9d}
             +-[NAMED_PARAM] ParameterNode: '?' {name=idList3668_, expectedType=org.hibernate.type.LongType@4bf3f9d}
             +-[NAMED_PARAM] ParameterNode: '?' {name=idList3669_, expectedType=org.hibernate.type.LongType@4bf3f9d}
             +-[NAMED_PARAM] ParameterNode: '?' {name=idList3670_, expectedType=org.hibernate.type.LongType@4bf3f9d}
             +-[NAMED_PARAM] ParameterNode: '?' {name=idList3671_, expectedType=org.hibernate.type.LongType@4bf3f9d}
             +-[NAMED_PARAM] ParameterNode: '?' {name=idList3672_, expectedType=org.hibernate.type.LongType@4bf3f9d}
             +-[NAMED_PARAM] ParameterNode: '?' {name=idList3673_, expectedType=org.hibernate.type.LongType@4bf3f9d}
             +-[NAMED_PARAM] ParameterNode: '?' {name=idList3674_, expectedType=org.hibernate.type.LongType@4bf3f9d}
             +-[NAMED_PARAM] ParameterNode: '?' {name=idList3675_, expectedType=org.hibernate.type.LongType@4bf3f9d}
             +-[NAMED_PARAM] ParameterNode: '?' {name=idList3676_, expectedType=org.hibernate.type.LongType@4bf3f9d}
             +-[NAMED_PARAM] ParameterNode: '?' {name=idList3677_, expectedType=org.hibernate.type.LongType@4bf3f9d}
             +-[NAMED_PARAM] ParameterNode: '?' {name=idList3678_, expectedType=org.hibernate.type.LongType@4bf3f9d}
             +-[NAMED_PARAM] ParameterNode: '?' {name=idList3679_, expectedType=org.hibernate.type.LongType@4bf3f9d}
             +-[NAMED_PARAM] ParameterNode: '?' {name=idList3680_, expectedType=org.hibernate.type.LongType@4bf3f9d}
             +-[NAMED_PARAM] ParameterNode: '?' {name=idList3681_, expectedType=org.hibernate.type.LongType@4bf3f9d}
             +-[NAMED_PARAM] ParameterNode: '?' {name=idList3682_, expectedType=org.hibernate.type.LongType@4bf3f9d}
             +-[NAMED_PARAM] ParameterNode: '?' {name=idList3683_, expectedType=org.hibernate.type.LongType@4bf3f9d}
             +-[NAMED_PARAM] ParameterNode: '?' {name=idList3684_, expectedType=org.hibernate.type.LongType@4bf3f9d}
             +-[NAMED_PARAM] ParameterNode: '?' {name=idList3685_, expectedType=org.hibernate.type.LongType@4bf3f9d}
             +-[NAMED_PARAM] ParameterNode: '?' {name=idList3686_, expectedType=org.hibernate.type.LongType@4bf3f9d}
             +-[NAMED_PARAM] ParameterNode: '?' {name=idList3687_, expectedType=org.hibernate.type.LongType@4bf3f9d}
             +-[NAMED_PARAM] ParameterNode: '?' {name=idList3688_, expectedType=org.hibernate.type.LongType@4bf3f9d}
             +-[NAMED_PARAM] ParameterNode: '?' {name=idList3689_, expectedType=org.hibernate.type.LongType@4bf3f9d}
             +-[NAMED_PARAM] ParameterNode: '?' {name=idList3690_, expectedType=org.hibernate.type.LongType@4bf3f9d}
             +-[NAMED_PARAM] ParameterNode: '?' {name=idList3691_, expectedType=org.hibernate.type.LongType@4bf3f9d}
             +-[NAMED_PARAM] ParameterNode: '?' {name=idList3692_, expectedType=org.hibernate.type.LongType@4bf3f9d}
             +-[NAMED_PARAM] ParameterNode: '?' {name=idList3693_, expectedType=org.hibernate.type.LongType@4bf3f9d}
             +-[NAMED_PARAM] ParameterNode: '?' {name=idList3694_, expectedType=org.hibernate.type.LongType@4bf3f9d}
             +-[NAMED_PARAM] ParameterNode: '?' {name=idList3695_, expectedType=org.hibernate.type.LongType@4bf3f9d}
             +-[NAMED_PARAM] ParameterNode: '?' {name=idList3696_, expectedType=org.hibernate.type.LongType@4bf3f9d}
             +-[NAMED_PARAM] ParameterNode: '?' {name=idList3697_, expectedType=org.hibernate.type.LongType@4bf3f9d}
             +-[NAMED_PARAM] ParameterNode: '?' {name=idList3698_, expectedType=org.hibernate.type.LongType@4bf3f9d}
             +-[NAMED_PARAM] ParameterNode: '?' {name=idList3699_, expectedType=org.hibernate.type.LongType@4bf3f9d}
             +-[NAMED_PARAM] ParameterNode: '?' {name=idList3700_, expectedType=org.hibernate.type.LongType@4bf3f9d}
             +-[NAMED_PARAM] ParameterNode: '?' {name=idList3701_, expectedType=org.hibernate.type.LongType@4bf3f9d}
             +-[NAMED_PARAM] ParameterNode: '?' {name=idList3702_, expectedType=org.hibernate.type.LongType@4bf3f9d}
             +-[NAMED_PARAM] ParameterNode: '?' {name=idList3703_, expectedType=org.hibernate.type.LongType@4bf3f9d}
             +-[NAMED_PARAM] ParameterNode: '?' {name=idList3704_, expectedType=org.hibernate.type.LongType@4bf3f9d}
             +-[NAMED_PARAM] ParameterNode: '?' {name=idList3705_, expectedType=org.hibernate.type.LongType@4bf3f9d}
             +-[NAMED_PARAM] ParameterNode: '?' {name=idList3706_, expectedType=org.hibernate.type.LongType@4bf3f9d}
             +-[NAMED_PARAM] ParameterNode: '?' {name=idList3707_, expectedType=org.hibernate.type.LongType@4bf3f9d}
             +-[NAMED_PARAM] ParameterNode: '?' {name=idList3708_, expectedType=org.hibernate.type.LongType@4bf3f9d}
             +-[NAMED_PARAM] ParameterNode: '?' {name=idList3709_, expectedType=org.hibernate.type.LongType@4bf3f9d}
             +-[NAMED_PARAM] ParameterNode: '?' {name=idList3710_, expectedType=org.hibernate.type.LongType@4bf3f9d}
             +-[NAMED_PARAM] ParameterNode: '?' {name=idList3711_, expectedType=org.hibernate.type.LongType@4bf3f9d}
             +-[NAMED_PARAM] ParameterNode: '?' {name=idList3712_, expectedType=org.hibernate.type.LongType@4bf3f9d}
             +-[NAMED_PARAM] ParameterNode: '?' {name=idList3713_, expectedType=org.hibernate.type.LongType@4bf3f9d}
             +-[NAMED_PARAM] ParameterNode: '?' {name=idList3714_, expectedType=org.hibernate.type.LongType@4bf3f9d}
             +-[NAMED_PARAM] ParameterNode: '?' {name=idList3715_, expectedType=org.hibernate.type.LongType@4bf3f9d}
             +-[NAMED_PARAM] ParameterNode: '?' {name=idList3716_, expectedType=org.hibernate.type.LongType@4bf3f9d}
             +-[NAMED_PARAM] ParameterNode: '?' {name=idList3717_, expectedType=org.hibernate.type.LongType@4bf3f9d}
             +-[NAMED_PARAM] ParameterNode: '?' {name=idList3718_, expectedType=org.hibernate.type.LongType@4bf3f9d}
             +-[NAMED_PARAM] ParameterNode: '?' {name=idList3719_, expectedType=org.hibernate.type.LongType@4bf3f9d}
             +-[NAMED_PARAM] ParameterNode: '?' {name=idList3720_, expectedType=org.hibernate.type.LongType@4bf3f9d}
             +-[NAMED_PARAM] ParameterNode: '?' {name=idList3721_, expectedType=org.hibernate.type.LongType@4bf3f9d}
             +-[NAMED_PARAM] ParameterNode: '?' {name=idList3722_, expectedType=org.hibernate.type.LongType@4bf3f9d}
             +-[NAMED_PARAM] ParameterNode: '?' {name=idList3723_, expectedType=org.hibernate.type.LongType@4bf3f9d}
             +-[NAMED_PARAM] ParameterNode: '?' {name=idList3724_, expectedType=org.hibernate.type.LongType@4bf3f9d}
             +-[NAMED_PARAM] ParameterNode: '?' {name=idList3725_, expectedType=org.hibernate.type.LongType@4bf3f9d}
             +-[NAMED_PARAM] ParameterNode: '?' {name=idList3726_, expectedType=org.hibernate.type.LongType@4bf3f9d}
             +-[NAMED_PARAM] ParameterNode: '?' {name=idList3727_, expectedType=org.hibernate.type.LongType@4bf3f9d}
             +-[NAMED_PARAM] ParameterNode: '?' {name=idList3728_, expectedType=org.hibernate.type.LongType@4bf3f9d}
             +-[NAMED_PARAM] ParameterNode: '?' {name=idList3729_, expectedType=org.hibernate.type.LongType@4bf3f9d}
             +-[NAMED_PARAM] ParameterNode: '?' {name=idList3730_, expectedType=org.hibernate.type.LongType@4bf3f9d}
             +-[NAMED_PARAM] ParameterNode: '?' {name=idList3731_, expectedType=org.hibernate.type.LongType@4bf3f9d}
             +-[NAMED_PARAM] ParameterNode: '?' {name=idList3732_, expectedType=org.hibernate.type.LongType@4bf3f9d}
             +-[NAMED_PARAM] ParameterNode: '?' {name=idList3733_, expectedType=org.hibernate.type.LongType@4bf3f9d}
             +-[NAMED_PARAM] ParameterNode: '?' {name=idList3734_, expectedType=org.hibernate.type.LongType@4bf3f9d}
             +-[NAMED_PARAM] ParameterNode: '?' {name=idList3735_, expectedType=org.hibernate.type.LongType@4bf3f9d}
             +-[NAMED_PARAM] ParameterNode: '?' {name=idList3736_, expectedType=org.hibernate.type.LongType@4bf3f9d}
             +-[NAMED_PARAM] ParameterNode: '?' {name=idList3737_, expectedType=org.hibernate.type.LongType@4bf3f9d}
             +-[NAMED_PARAM] ParameterNode: '?' {name=idList3738_, expectedType=org.hibernate.type.LongType@4bf3f9d}
             +-[NAMED_PARAM] ParameterNode: '?' {name=idList3739_, expectedType=org.hibernate.type.LongType@4bf3f9d}
             +-[NAMED_PARAM] ParameterNode: '?' {name=idList3740_, expectedType=org.hibernate.type.LongType@4bf3f9d}
             +-[NAMED_PARAM] ParameterNode: '?' {name=idList3741_, expectedType=org.hibernate.type.LongType@4bf3f9d}
             +-[NAMED_PARAM] ParameterNode: '?' {name=idList3742_, expectedType=org.hibernate.type.LongType@4bf3f9d}
             +-[NAMED_PARAM] ParameterNode: '?' {name=idList3743_, expectedType=org.hibernate.type.LongType@4bf3f9d}
             +-[NAMED_PARAM] ParameterNode: '?' {name=idList3744_, expectedType=org.hibernate.type.LongType@4bf3f9d}
             +-[NAMED_PARAM] ParameterNode: '?' {name=idList3745_, expectedType=org.hibernate.type.LongType@4bf3f9d}
             +-[NAMED_PARAM] ParameterNode: '?' {name=idList3746_, expectedType=org.hibernate.type.LongType@4bf3f9d}
             +-[NAMED_PARAM] ParameterNode: '?' {name=idList3747_, expectedType=org.hibernate.type.LongType@4bf3f9d}
             +-[NAMED_PARAM] ParameterNode: '?' {name=idList3748_, expectedType=org.hibernate.type.LongType@4bf3f9d}
             +-[NAMED_PARAM] ParameterNode: '?' {name=idList3749_, expectedType=org.hibernate.type.LongType@4bf3f9d}
             +-[NAMED_PARAM] ParameterNode: '?' {name=idList3750_, expectedType=org.hibernate.type.LongType@4bf3f9d}
             +-[NAMED_PARAM] ParameterNode: '?' {name=idList3751_, expectedType=org.hibernate.type.LongType@4bf3f9d}
             +-[NAMED_PARAM] ParameterNode: '?' {name=idList3752_, expectedType=org.hibernate.type.LongType@4bf3f9d}
             +-[NAMED_PARAM] ParameterNode: '?' {name=idList3753_, expectedType=org.hibernate.type.LongType@4bf3f9d}
             +-[NAMED_PARAM] ParameterNode: '?' {name=idList3754_, expectedType=org.hibernate.type.LongType@4bf3f9d}
             +-[NAMED_PARAM] ParameterNode: '?' {name=idList3755_, expectedType=org.hibernate.type.LongType@4bf3f9d}
             +-[NAMED_PARAM] ParameterNode: '?' {name=idList3756_, expectedType=org.hibernate.type.LongType@4bf3f9d}
             +-[NAMED_PARAM] ParameterNode: '?' {name=idList3757_, expectedType=org.hibernate.type.LongType@4bf3f9d}
             +-[NAMED_PARAM] ParameterNode: '?' {name=idList3758_, expectedType=org.hibernate.type.LongType@4bf3f9d}
             +-[NAMED_PARAM] ParameterNode: '?' {name=idList3759_, expectedType=org.hibernate.type.LongType@4bf3f9d}
             +-[NAMED_PARAM] ParameterNode: '?' {name=idList3760_, expectedType=org.hibernate.type.LongType@4bf3f9d}
             +-[NAMED_PARAM] ParameterNode: '?' {name=idList3761_, expectedType=org.hibernate.type.LongType@4bf3f9d}
             +-[NAMED_PARAM] ParameterNode: '?' {name=idList3762_, expectedType=org.hibernate.type.LongType@4bf3f9d}
             +-[NAMED_PARAM] ParameterNode: '?' {name=idList3763_, expectedType=org.hibernate.type.LongType@4bf3f9d}
             +-[NAMED_PARAM] ParameterNode: '?' {name=idList3764_, expectedType=org.hibernate.type.LongType@4bf3f9d}
             +-[NAMED_PARAM] ParameterNode: '?' {name=idList3765_, expectedType=org.hibernate.type.LongType@4bf3f9d}
             +-[NAMED_PARAM] ParameterNode: '?' {name=idList3766_, expectedType=org.hibernate.type.LongType@4bf3f9d}
             +-[NAMED_PARAM] ParameterNode: '?' {name=idList3767_, expectedType=org.hibernate.type.LongType@4bf3f9d}
             +-[NAMED_PARAM] ParameterNode: '?' {name=idList3768_, expectedType=org.hibernate.type.LongType@4bf3f9d}
             +-[NAMED_PARAM] ParameterNode: '?' {name=idList3769_, expectedType=org.hibernate.type.LongType@4bf3f9d}
             +-[NAMED_PARAM] ParameterNode: '?' {name=idList3770_, expectedType=org.hibernate.type.LongType@4bf3f9d}
             +-[NAMED_PARAM] ParameterNode: '?' {name=idList3771_, expectedType=org.hibernate.type.LongType@4bf3f9d}
             +-[NAMED_PARAM] ParameterNode: '?' {name=idList3772_, expectedType=org.hibernate.type.LongType@4bf3f9d}
             +-[NAMED_PARAM] ParameterNode: '?' {name=idList3773_, expectedType=org.hibernate.type.LongType@4bf3f9d}
             +-[NAMED_PARAM] ParameterNode: '?' {name=idList3774_, expectedType=org.hibernate.type.LongType@4bf3f9d}
             +-[NAMED_PARAM] ParameterNode: '?' {name=idList3775_, expectedType=org.hibernate.type.LongType@4bf3f9d}
             +-[NAMED_PARAM] ParameterNode: '?' {name=idList3776_, expectedType=org.hibernate.type.LongType@4bf3f9d}
             +-[NAMED_PARAM] ParameterNode: '?' {name=idList3777_, expectedType=org.hibernate.type.LongType@4bf3f9d}
             +-[NAMED_PARAM] ParameterNode: '?' {name=idList3778_, expectedType=org.hibernate.type.LongType@4bf3f9d}
             +-[NAMED_PARAM] ParameterNode: '?' {name=idList3779_, expectedType=org.hibernate.type.LongType@4bf3f9d}
             +-[NAMED_PARAM] ParameterNode: '?' {name=idList3780_, expectedType=org.hibernate.type.LongType@4bf3f9d}
             +-[NAMED_PARAM] ParameterNode: '?' {name=idList3781_, expectedType=org.hibernate.type.LongType@4bf3f9d}
             +-[NAMED_PARAM] ParameterNode: '?' {name=idList3782_, expectedType=org.hibernate.type.LongType@4bf3f9d}
             +-[NAMED_PARAM] ParameterNode: '?' {name=idList3783_, expectedType=org.hibernate.type.LongType@4bf3f9d}
             +-[NAMED_PARAM] ParameterNode: '?' {name=idList3784_, expectedType=org.hibernate.type.LongType@4bf3f9d}
             +-[NAMED_PARAM] ParameterNode: '?' {name=idList3785_, expectedType=org.hibernate.type.LongType@4bf3f9d}
             +-[NAMED_PARAM] ParameterNode: '?' {name=idList3786_, expectedType=org.hibernate.type.LongType@4bf3f9d}
             +-[NAMED_PARAM] ParameterNode: '?' {name=idList3787_, expectedType=org.hibernate.type.LongType@4bf3f9d}
             +-[NAMED_PARAM] ParameterNode: '?' {name=idList3788_, expectedType=org.hibernate.type.LongType@4bf3f9d}
             +-[NAMED_PARAM] ParameterNode: '?' {name=idList3789_, expectedType=org.hibernate.type.LongType@4bf3f9d}
             +-[NAMED_PARAM] ParameterNode: '?' {name=idList3790_, expectedType=org.hibernate.type.LongType@4bf3f9d}
             +-[NAMED_PARAM] ParameterNode: '?' {name=idList3791_, expectedType=org.hibernate.type.LongType@4bf3f9d}
             +-[NAMED_PARAM] ParameterNode: '?' {name=idList3792_, expectedType=org.hibernate.type.LongType@4bf3f9d}
             +-[NAMED_PARAM] ParameterNode: '?' {name=idList3793_, expectedType=org.hibernate.type.LongType@4bf3f9d}
             +-[NAMED_PARAM] ParameterNode: '?' {name=idList3794_, expectedType=org.hibernate.type.LongType@4bf3f9d}
             +-[NAMED_PARAM] ParameterNode: '?' {name=idList3795_, expectedType=org.hibernate.type.LongType@4bf3f9d}
             +-[NAMED_PARAM] ParameterNode: '?' {name=idList3796_, expectedType=org.hibernate.type.LongType@4bf3f9d}
             +-[NAMED_PARAM] ParameterNode: '?' {name=idList3797_, expectedType=org.hibernate.type.LongType@4bf3f9d}
             +-[NAMED_PARAM] ParameterNode: '?' {name=idList3798_, expectedType=org.hibernate.type.LongType@4bf3f9d}
             +-[NAMED_PARAM] ParameterNode: '?' {name=idList3799_, expectedType=org.hibernate.type.LongType@4bf3f9d}
             +-[NAMED_PARAM] ParameterNode: '?' {name=idList3800_, expectedType=org.hibernate.type.LongType@4bf3f9d}
             +-[NAMED_PARAM] ParameterNode: '?' {name=idList3801_, expectedType=org.hibernate.type.LongType@4bf3f9d}
             +-[NAMED_PARAM] ParameterNode: '?' {name=idList3802_, expectedType=org.hibernate.type.LongType@4bf3f9d}
             +-[NAMED_PARAM] ParameterNode: '?' {name=idList3803_, expectedType=org.hibernate.type.LongType@4bf3f9d}
             +-[NAMED_PARAM] ParameterNode: '?' {name=idList3804_, expectedType=org.hibernate.type.LongType@4bf3f9d}
             +-[NAMED_PARAM] ParameterNode: '?' {name=idList3805_, expectedType=org.hibernate.type.LongType@4bf3f9d}
             +-[NAMED_PARAM] ParameterNode: '?' {name=idList3806_, expectedType=org.hibernate.type.LongType@4bf3f9d}
             +-[NAMED_PARAM] ParameterNode: '?' {name=idList3807_, expectedType=org.hibernate.type.LongType@4bf3f9d}
             +-[NAMED_PARAM] ParameterNode: '?' {name=idList3808_, expectedType=org.hibernate.type.LongType@4bf3f9d}
             +-[NAMED_PARAM] ParameterNode: '?' {name=idList3809_, expectedType=org.hibernate.type.LongType@4bf3f9d}
             +-[NAMED_PARAM] ParameterNode: '?' {name=idList3810_, expectedType=org.hibernate.type.LongType@4bf3f9d}
             +-[NAMED_PARAM] ParameterNode: '?' {name=idList3811_, expectedType=org.hibernate.type.LongType@4bf3f9d}
             +-[NAMED_PARAM] ParameterNode: '?' {name=idList3812_, expectedType=org.hibernate.type.LongType@4bf3f9d}
             +-[NAMED_PARAM] ParameterNode: '?' {name=idList3813_, expectedType=org.hibernate.type.LongType@4bf3f9d}
             +-[NAMED_PARAM] ParameterNode: '?' {name=idList3814_, expectedType=org.hibernate.type.LongType@4bf3f9d}
             +-[NAMED_PARAM] ParameterNode: '?' {name=idList3815_, expectedType=org.hibernate.type.LongType@4bf3f9d}
             +-[NAMED_PARAM] ParameterNode: '?' {name=idList3816_, expectedType=org.hibernate.type.LongType@4bf3f9d}
             +-[NAMED_PARAM] ParameterNode: '?' {name=idList3817_, expectedType=org.hibernate.type.LongType@4bf3f9d}
             +-[NAMED_PARAM] ParameterNode: '?' {name=idList3818_, expectedType=org.hibernate.type.LongType@4bf3f9d}
             +-[NAMED_PARAM] ParameterNode: '?' {name=idList3819_, expectedType=org.hibernate.type.LongType@4bf3f9d}
             +-[NAMED_PARAM] ParameterNode: '?' {name=idList3820_, expectedType=org.hibernate.type.LongType@4bf3f9d}
             +-[NAMED_PARAM] ParameterNode: '?' {name=idList3821_, expectedType=org.hibernate.type.LongType@4bf3f9d}
             +-[NAMED_PARAM] ParameterNode: '?' {name=idList3822_, expectedType=org.hibernate.type.LongType@4bf3f9d}
             +-[NAMED_PARAM] ParameterNode: '?' {name=idList3823_, expectedType=org.hibernate.type.LongType@4bf3f9d}
             +-[NAMED_PARAM] ParameterNode: '?' {name=idList3824_, expectedType=org.hibernate.type.LongType@4bf3f9d}
             +-[NAMED_PARAM] ParameterNode: '?' {name=idList3825_, expectedType=org.hibernate.type.LongType@4bf3f9d}
             +-[NAMED_PARAM] ParameterNode: '?' {name=idList3826_, expectedType=org.hibernate.type.LongType@4bf3f9d}
             +-[NAMED_PARAM] ParameterNode: '?' {name=idList3827_, expectedType=org.hibernate.type.LongType@4bf3f9d}
             +-[NAMED_PARAM] ParameterNode: '?' {name=idList3828_, expectedType=org.hibernate.type.LongType@4bf3f9d}
             +-[NAMED_PARAM] ParameterNode: '?' {name=idList3829_, expectedType=org.hibernate.type.LongType@4bf3f9d}
             +-[NAMED_PARAM] ParameterNode: '?' {name=idList3830_, expectedType=org.hibernate.type.LongType@4bf3f9d}
             +-[NAMED_PARAM] ParameterNode: '?' {name=idList3831_, expectedType=org.hibernate.type.LongType@4bf3f9d}
             +-[NAMED_PARAM] ParameterNode: '?' {name=idList3832_, expectedType=org.hibernate.type.LongType@4bf3f9d}
             +-[NAMED_PARAM] ParameterNode: '?' {name=idList3833_, expectedType=org.hibernate.type.LongType@4bf3f9d}
             +-[NAMED_PARAM] ParameterNode: '?' {name=idList3834_, expectedType=org.hibernate.type.LongType@4bf3f9d}
             +-[NAMED_PARAM] ParameterNode: '?' {name=idList3835_, expectedType=org.hibernate.type.LongType@4bf3f9d}
             +-[NAMED_PARAM] ParameterNode: '?' {name=idList3836_, expectedType=org.hibernate.type.LongType@4bf3f9d}
             +-[NAMED_PARAM] ParameterNode: '?' {name=idList3837_, expectedType=org.hibernate.type.LongType@4bf3f9d}
             +-[NAMED_PARAM] ParameterNode: '?' {name=idList3838_, expectedType=org.hibernate.type.LongType@4bf3f9d}
             +-[NAMED_PARAM] ParameterNode: '?' {name=idList3839_, expectedType=org.hibernate.type.LongType@4bf3f9d}
             +-[NAMED_PARAM] ParameterNode: '?' {name=idList3840_, expectedType=org.hibernate.type.LongType@4bf3f9d}
             +-[NAMED_PARAM] ParameterNode: '?' {name=idList3841_, expectedType=org.hibernate.type.LongType@4bf3f9d}
             +-[NAMED_PARAM] ParameterNode: '?' {name=idList3842_, expectedType=org.hibernate.type.LongType@4bf3f9d}
             +-[NAMED_PARAM] ParameterNode: '?' {name=idList3843_, expectedType=org.hibernate.type.LongType@4bf3f9d}
             +-[NAMED_PARAM] ParameterNode: '?' {name=idList3844_, expectedType=org.hibernate.type.LongType@4bf3f9d}
             +-[NAMED_PARAM] ParameterNode: '?' {name=idList3845_, expectedType=org.hibernate.type.LongType@4bf3f9d}
             +-[NAMED_PARAM] ParameterNode: '?' {name=idList3846_, expectedType=org.hibernate.type.LongType@4bf3f9d}
             +-[NAMED_PARAM] ParameterNode: '?' {name=idList3847_, expectedType=org.hibernate.type.LongType@4bf3f9d}
             +-[NAMED_PARAM] ParameterNode: '?' {name=idList3848_, expectedType=org.hibernate.type.LongType@4bf3f9d}
             +-[NAMED_PARAM] ParameterNode: '?' {name=idList3849_, expectedType=org.hibernate.type.LongType@4bf3f9d}
             +-[NAMED_PARAM] ParameterNode: '?' {name=idList3850_, expectedType=org.hibernate.type.LongType@4bf3f9d}
             +-[NAMED_PARAM] ParameterNode: '?' {name=idList3851_, expectedType=org.hibernate.type.LongType@4bf3f9d}
             +-[NAMED_PARAM] ParameterNode: '?' {name=idList3852_, expectedType=org.hibernate.type.LongType@4bf3f9d}
             +-[NAMED_PARAM] ParameterNode: '?' {name=idList3853_, expectedType=org.hibernate.type.LongType@4bf3f9d}
             +-[NAMED_PARAM] ParameterNode: '?' {name=idList3854_, expectedType=org.hibernate.type.LongType@4bf3f9d}
             +-[NAMED_PARAM] ParameterNode: '?' {name=idList3855_, expectedType=org.hibernate.type.LongType@4bf3f9d}
             +-[NAMED_PARAM] ParameterNode: '?' {name=idList3856_, expectedType=org.hibernate.type.LongType@4bf3f9d}
             +-[NAMED_PARAM] ParameterNode: '?' {name=idList3857_, expectedType=org.hibernate.type.LongType@4bf3f9d}
             +-[NAMED_PARAM] ParameterNode: '?' {name=idList3858_, expectedType=org.hibernate.type.LongType@4bf3f9d}
             +-[NAMED_PARAM] ParameterNode: '?' {name=idList3859_, expectedType=org.hibernate.type.LongType@4bf3f9d}
             +-[NAMED_PARAM] ParameterNode: '?' {name=idList3860_, expectedType=org.hibernate.type.LongType@4bf3f9d}
             +-[NAMED_PARAM] ParameterNode: '?' {name=idList3861_, expectedType=org.hibernate.type.LongType@4bf3f9d}
             +-[NAMED_PARAM] ParameterNode: '?' {name=idList3862_, expectedType=org.hibernate.type.LongType@4bf3f9d}
             +-[NAMED_PARAM] ParameterNode: '?' {name=idList3863_, expectedType=org.hibernate.type.LongType@4bf3f9d}
             +-[NAMED_PARAM] ParameterNode: '?' {name=idList3864_, expectedType=org.hibernate.type.LongType@4bf3f9d}
             +-[NAMED_PARAM] ParameterNode: '?' {name=idList3865_, expectedType=org.hibernate.type.LongType@4bf3f9d}
             +-[NAMED_PARAM] ParameterNode: '?' {name=idList3866_, expectedType=org.hibernate.type.LongType@4bf3f9d}
             +-[NAMED_PARAM] ParameterNode: '?' {name=idList3867_, expectedType=org.hibernate.type.LongType@4bf3f9d}
             +-[NAMED_PARAM] ParameterNode: '?' {name=idList3868_, expectedType=org.hibernate.type.LongType@4bf3f9d}
             +-[NAMED_PARAM] ParameterNode: '?' {name=idList3869_, expectedType=org.hibernate.type.LongType@4bf3f9d}
             +-[NAMED_PARAM] ParameterNode: '?' {name=idList3870_, expectedType=org.hibernate.type.LongType@4bf3f9d}
             +-[NAMED_PARAM] ParameterNode: '?' {name=idList3871_, expectedType=org.hibernate.type.LongType@4bf3f9d}
             +-[NAMED_PARAM] ParameterNode: '?' {name=idList3872_, expectedType=org.hibernate.type.LongType@4bf3f9d}
             +-[NAMED_PARAM] ParameterNode: '?' {name=idList3873_, expectedType=org.hibernate.type.LongType@4bf3f9d}
             +-[NAMED_PARAM] ParameterNode: '?' {name=idList3874_, expectedType=org.hibernate.type.LongType@4bf3f9d}
             +-[NAMED_PARAM] ParameterNode: '?' {name=idList3875_, expectedType=org.hibernate.type.LongType@4bf3f9d}
             +-[NAMED_PARAM] ParameterNode: '?' {name=idList3876_, expectedType=org.hibernate.type.LongType@4bf3f9d}
             +-[NAMED_PARAM] ParameterNode: '?' {name=idList3877_, expectedType=org.hibernate.type.LongType@4bf3f9d}
             +-[NAMED_PARAM] ParameterNode: '?' {name=idList3878_, expectedType=org.hibernate.type.LongType@4bf3f9d}
             +-[NAMED_PARAM] ParameterNode: '?' {name=idList3879_, expectedType=org.hibernate.type.LongType@4bf3f9d}
             +-[NAMED_PARAM] ParameterNode: '?' {name=idList3880_, expectedType=org.hibernate.type.LongType@4bf3f9d}
             +-[NAMED_PARAM] ParameterNode: '?' {name=idList3881_, expectedType=org.hibernate.type.LongType@4bf3f9d}
             +-[NAMED_PARAM] ParameterNode: '?' {name=idList3882_, expectedType=org.hibernate.type.LongType@4bf3f9d}
             +-[NAMED_PARAM] ParameterNode: '?' {name=idList3883_, expectedType=org.hibernate.type.LongType@4bf3f9d}
             +-[NAMED_PARAM] ParameterNode: '?' {name=idList3884_, expectedType=org.hibernate.type.LongType@4bf3f9d}
             +-[NAMED_PARAM] ParameterNode: '?' {name=idList3885_, expectedType=org.hibernate.type.LongType@4bf3f9d}
             +-[NAMED_PARAM] ParameterNode: '?' {name=idList3886_, expectedType=org.hibernate.type.LongType@4bf3f9d}
             +-[NAMED_PARAM] ParameterNode: '?' {name=idList3887_, expectedType=org.hibernate.type.LongType@4bf3f9d}
             +-[NAMED_PARAM] ParameterNode: '?' {name=idList3888_, expectedType=org.hibernate.type.LongType@4bf3f9d}
             +-[NAMED_PARAM] ParameterNode: '?' {name=idList3889_, expectedType=org.hibernate.type.LongType@4bf3f9d}
             +-[NAMED_PARAM] ParameterNode: '?' {name=idList3890_, expectedType=org.hibernate.type.LongType@4bf3f9d}
             +-[NAMED_PARAM] ParameterNode: '?' {name=idList3891_, expectedType=org.hibernate.type.LongType@4bf3f9d}
             +-[NAMED_PARAM] ParameterNode: '?' {name=idList3892_, expectedType=org.hibernate.type.LongType@4bf3f9d}
             +-[NAMED_PARAM] ParameterNode: '?' {name=idList3893_, expectedType=org.hibernate.type.LongType@4bf3f9d}
             +-[NAMED_PARAM] ParameterNode: '?' {name=idList3894_, expectedType=org.hibernate.type.LongType@4bf3f9d}
             +-[NAMED_PARAM] ParameterNode: '?' {name=idList3895_, expectedType=org.hibernate.type.LongType@4bf3f9d}
             +-[NAMED_PARAM] ParameterNode: '?' {name=idList3896_, expectedType=org.hibernate.type.LongType@4bf3f9d}
             +-[NAMED_PARAM] ParameterNode: '?' {name=idList3897_, expectedType=org.hibernate.type.LongType@4bf3f9d}
             +-[NAMED_PARAM] ParameterNode: '?' {name=idList3898_, expectedType=org.hibernate.type.LongType@4bf3f9d}
             +-[NAMED_PARAM] ParameterNode: '?' {name=idList3899_, expectedType=org.hibernate.type.LongType@4bf3f9d}
             +-[NAMED_PARAM] ParameterNode: '?' {name=idList3900_, expectedType=org.hibernate.type.LongType@4bf3f9d}
             +-[NAMED_PARAM] ParameterNode: '?' {name=idList3901_, expectedType=org.hibernate.type.LongType@4bf3f9d}
             +-[NAMED_PARAM] ParameterNode: '?' {name=idList3902_, expectedType=org.hibernate.type.LongType@4bf3f9d}
             +-[NAMED_PARAM] ParameterNode: '?' {name=idList3903_, expectedType=org.hibernate.type.LongType@4bf3f9d}
             +-[NAMED_PARAM] ParameterNode: '?' {name=idList3904_, expectedType=org.hibernate.type.LongType@4bf3f9d}
             +-[NAMED_PARAM] ParameterNode: '?' {name=idList3905_, expectedType=org.hibernate.type.LongType@4bf3f9d}
             +-[NAMED_PARAM] ParameterNode: '?' {name=idList3906_, expectedType=org.hibernate.type.LongType@4bf3f9d}
             +-[NAMED_PARAM] ParameterNode: '?' {name=idList3907_, expectedType=org.hibernate.type.LongType@4bf3f9d}
             +-[NAMED_PARAM] ParameterNode: '?' {name=idList3908_, expectedType=org.hibernate.type.LongType@4bf3f9d}
             +-[NAMED_PARAM] ParameterNode: '?' {name=idList3909_, expectedType=org.hibernate.type.LongType@4bf3f9d}
             +-[NAMED_PARAM] ParameterNode: '?' {name=idList3910_, expectedType=org.hibernate.type.LongType@4bf3f9d}
             +-[NAMED_PARAM] ParameterNode: '?' {name=idList3911_, expectedType=org.hibernate.type.LongType@4bf3f9d}
             +-[NAMED_PARAM] ParameterNode: '?' {name=idList3912_, expectedType=org.hibernate.type.LongType@4bf3f9d}
             +-[NAMED_PARAM] ParameterNode: '?' {name=idList3913_, expectedType=org.hibernate.type.LongType@4bf3f9d}
             +-[NAMED_PARAM] ParameterNode: '?' {name=idList3914_, expectedType=org.hibernate.type.LongType@4bf3f9d}
             +-[NAMED_PARAM] ParameterNode: '?' {name=idList3915_, expectedType=org.hibernate.type.LongType@4bf3f9d}
             +-[NAMED_PARAM] ParameterNode: '?' {name=idList3916_, expectedType=org.hibernate.type.LongType@4bf3f9d}
             +-[NAMED_PARAM] ParameterNode: '?' {name=idList3917_, expectedType=org.hibernate.type.LongType@4bf3f9d}
             +-[NAMED_PARAM] ParameterNode: '?' {name=idList3918_, expectedType=org.hibernate.type.LongType@4bf3f9d}
             +-[NAMED_PARAM] ParameterNode: '?' {name=idList3919_, expectedType=org.hibernate.type.LongType@4bf3f9d}
             +-[NAMED_PARAM] ParameterNode: '?' {name=idList3920_, expectedType=org.hibernate.type.LongType@4bf3f9d}
             +-[NAMED_PARAM] ParameterNode: '?' {name=idList3921_, expectedType=org.hibernate.type.LongType@4bf3f9d}
             +-[NAMED_PARAM] ParameterNode: '?' {name=idList3922_, expectedType=org.hibernate.type.LongType@4bf3f9d}
             +-[NAMED_PARAM] ParameterNode: '?' {name=idList3923_, expectedType=org.hibernate.type.LongType@4bf3f9d}
             +-[NAMED_PARAM] ParameterNode: '?' {name=idList3924_, expectedType=org.hibernate.type.LongType@4bf3f9d}
             +-[NAMED_PARAM] ParameterNode: '?' {name=idList3925_, expectedType=org.hibernate.type.LongType@4bf3f9d}
             +-[NAMED_PARAM] ParameterNode: '?' {name=idList3926_, expectedType=org.hibernate.type.LongType@4bf3f9d}
             +-[NAMED_PARAM] ParameterNode: '?' {name=idList3927_, expectedType=org.hibernate.type.LongType@4bf3f9d}
             +-[NAMED_PARAM] ParameterNode: '?' {name=idList3928_, expectedType=org.hibernate.type.LongType@4bf3f9d}
             +-[NAMED_PARAM] ParameterNode: '?' {name=idList3929_, expectedType=org.hibernate.type.LongType@4bf3f9d}
             +-[NAMED_PARAM] ParameterNode: '?' {name=idList3930_, expectedType=org.hibernate.type.LongType@4bf3f9d}
             +-[NAMED_PARAM] ParameterNode: '?' {name=idList3931_, expectedType=org.hibernate.type.LongType@4bf3f9d}
             +-[NAMED_PARAM] ParameterNode: '?' {name=idList3932_, expectedType=org.hibernate.type.LongType@4bf3f9d}
             +-[NAMED_PARAM] ParameterNode: '?' {name=idList3933_, expectedType=org.hibernate.type.LongType@4bf3f9d}
             +-[NAMED_PARAM] ParameterNode: '?' {name=idList3934_, expectedType=org.hibernate.type.LongType@4bf3f9d}
             +-[NAMED_PARAM] ParameterNode: '?' {name=idList3935_, expectedType=org.hibernate.type.LongType@4bf3f9d}
             +-[NAMED_PARAM] ParameterNode: '?' {name=idList3936_, expectedType=org.hibernate.type.LongType@4bf3f9d}
             +-[NAMED_PARAM] ParameterNode: '?' {name=idList3937_, expectedType=org.hibernate.type.LongType@4bf3f9d}
             +-[NAMED_PARAM] ParameterNode: '?' {name=idList3938_, expectedType=org.hibernate.type.LongType@4bf3f9d}
             +-[NAMED_PARAM] ParameterNode: '?' {name=idList3939_, expectedType=org.hibernate.type.LongType@4bf3f9d}
             +-[NAMED_PARAM] ParameterNode: '?' {name=idList3940_, expectedType=org.hibernate.type.LongType@4bf3f9d}
             +-[NAMED_PARAM] ParameterNode: '?' {name=idList3941_, expectedType=org.hibernate.type.LongType@4bf3f9d}
             +-[NAMED_PARAM] ParameterNode: '?' {name=idList3942_, expectedType=org.hibernate.type.LongType@4bf3f9d}
             +-[NAMED_PARAM] ParameterNode: '?' {name=idList3943_, expectedType=org.hibernate.type.LongType@4bf3f9d}
             +-[NAMED_PARAM] ParameterNode: '?' {name=idList3944_, expectedType=org.hibernate.type.LongType@4bf3f9d}
             +-[NAMED_PARAM] ParameterNode: '?' {name=idList3945_, expectedType=org.hibernate.type.LongType@4bf3f9d}
             +-[NAMED_PARAM] ParameterNode: '?' {name=idList3946_, expectedType=org.hibernate.type.LongType@4bf3f9d}
             +-[NAMED_PARAM] ParameterNode: '?' {name=idList3947_, expectedType=org.hibernate.type.LongType@4bf3f9d}
             +-[NAMED_PARAM] ParameterNode: '?' {name=idList3948_, expectedType=org.hibernate.type.LongType@4bf3f9d}
             +-[NAMED_PARAM] ParameterNode: '?' {name=idList3949_, expectedType=org.hibernate.type.LongType@4bf3f9d}
             +-[NAMED_PARAM] ParameterNode: '?' {name=idList3950_, expectedType=org.hibernate.type.LongType@4bf3f9d}
             +-[NAMED_PARAM] ParameterNode: '?' {name=idList3951_, expectedType=org.hibernate.type.LongType@4bf3f9d}
             +-[NAMED_PARAM] ParameterNode: '?' {name=idList3952_, expectedType=org.hibernate.type.LongType@4bf3f9d}
             +-[NAMED_PARAM] ParameterNode: '?' {name=idList3953_, expectedType=org.hibernate.type.LongType@4bf3f9d}
             +-[NAMED_PARAM] ParameterNode: '?' {name=idList3954_, expectedType=org.hibernate.type.LongType@4bf3f9d}
             +-[NAMED_PARAM] ParameterNode: '?' {name=idList3955_, expectedType=org.hibernate.type.LongType@4bf3f9d}
             +-[NAMED_PARAM] ParameterNode: '?' {name=idList3956_, expectedType=org.hibernate.type.LongType@4bf3f9d}
             +-[NAMED_PARAM] ParameterNode: '?' {name=idList3957_, expectedType=org.hibernate.type.LongType@4bf3f9d}
             +-[NAMED_PARAM] ParameterNode: '?' {name=idList3958_, expectedType=org.hibernate.type.LongType@4bf3f9d}
             +-[NAMED_PARAM] ParameterNode: '?' {name=idList3959_, expectedType=org.hibernate.type.LongType@4bf3f9d}
             +-[NAMED_PARAM] ParameterNode: '?' {name=idList3960_, expectedType=org.hibernate.type.LongType@4bf3f9d}
             +-[NAMED_PARAM] ParameterNode: '?' {name=idList3961_, expectedType=org.hibernate.type.LongType@4bf3f9d}
             +-[NAMED_PARAM] ParameterNode: '?' {name=idList3962_, expectedType=org.hibernate.type.LongType@4bf3f9d}
             +-[NAMED_PARAM] ParameterNode: '?' {name=idList3963_, expectedType=org.hibernate.type.LongType@4bf3f9d}
             +-[NAMED_PARAM] ParameterNode: '?' {name=idList3964_, expectedType=org.hibernate.type.LongType@4bf3f9d}
             +-[NAMED_PARAM] ParameterNode: '?' {name=idList3965_, expectedType=org.hibernate.type.LongType@4bf3f9d}
             +-[NAMED_PARAM] ParameterNode: '?' {name=idList3966_, expectedType=org.hibernate.type.LongType@4bf3f9d}
             +-[NAMED_PARAM] ParameterNode: '?' {name=idList3967_, expectedType=org.hibernate.type.LongType@4bf3f9d}
             +-[NAMED_PARAM] ParameterNode: '?' {name=idList3968_, expectedType=org.hibernate.type.LongType@4bf3f9d}
             +-[NAMED_PARAM] ParameterNode: '?' {name=idList3969_, expectedType=org.hibernate.type.LongType@4bf3f9d}
             +-[NAMED_PARAM] ParameterNode: '?' {name=idList3970_, expectedType=org.hibernate.type.LongType@4bf3f9d}
             +-[NAMED_PARAM] ParameterNode: '?' {name=idList3971_, expectedType=org.hibernate.type.LongType@4bf3f9d}
             +-[NAMED_PARAM] ParameterNode: '?' {name=idList3972_, expectedType=org.hibernate.type.LongType@4bf3f9d}
             +-[NAMED_PARAM] ParameterNode: '?' {name=idList3973_, expectedType=org.hibernate.type.LongType@4bf3f9d}
             +-[NAMED_PARAM] ParameterNode: '?' {name=idList3974_, expectedType=org.hibernate.type.LongType@4bf3f9d}
             +-[NAMED_PARAM] ParameterNode: '?' {name=idList3975_, expectedType=org.hibernate.type.LongType@4bf3f9d}
             +-[NAMED_PARAM] ParameterNode: '?' {name=idList3976_, expectedType=org.hibernate.type.LongType@4bf3f9d}
             +-[NAMED_PARAM] ParameterNode: '?' {name=idList3977_, expectedType=org.hibernate.type.LongType@4bf3f9d}
             +-[NAMED_PARAM] ParameterNode: '?' {name=idList3978_, expectedType=org.hibernate.type.LongType@4bf3f9d}
             +-[NAMED_PARAM] ParameterNode: '?' {name=idList3979_, expectedType=org.hibernate.type.LongType@4bf3f9d}
             +-[NAMED_PARAM] ParameterNode: '?' {name=idList3980_, expectedType=org.hibernate.type.LongType@4bf3f9d}
             +-[NAMED_PARAM] ParameterNode: '?' {name=idList3981_, expectedType=org.hibernate.type.LongType@4bf3f9d}
             +-[NAMED_PARAM] ParameterNode: '?' {name=idList3982_, expectedType=org.hibernate.type.LongType@4bf3f9d}
             +-[NAMED_PARAM] ParameterNode: '?' {name=idList3983_, expectedType=org.hibernate.type.LongType@4bf3f9d}
             +-[NAMED_PARAM] ParameterNode: '?' {name=idList3984_, expectedType=org.hibernate.type.LongType@4bf3f9d}
             +-[NAMED_PARAM] ParameterNode: '?' {name=idList3985_, expectedType=org.hibernate.type.LongType@4bf3f9d}
             +-[NAMED_PARAM] ParameterNode: '?' {name=idList3986_, expectedType=org.hibernate.type.LongType@4bf3f9d}
             +-[NAMED_PARAM] ParameterNode: '?' {name=idList3987_, expectedType=org.hibernate.type.LongType@4bf3f9d}
             +-[NAMED_PARAM] ParameterNode: '?' {name=idList3988_, expectedType=org.hibernate.type.LongType@4bf3f9d}
             +-[NAMED_PARAM] ParameterNode: '?' {name=idList3989_, expectedType=org.hibernate.type.LongType@4bf3f9d}
             +-[NAMED_PARAM] ParameterNode: '?' {name=idList3990_, expectedType=org.hibernate.type.LongType@4bf3f9d}
             +-[NAMED_PARAM] ParameterNode: '?' {name=idList3991_, expectedType=org.hibernate.type.LongType@4bf3f9d}
             +-[NAMED_PARAM] ParameterNode: '?' {name=idList3992_, expectedType=org.hibernate.type.LongType@4bf3f9d}
             +-[NAMED_PARAM] ParameterNode: '?' {name=idList3993_, expectedType=org.hibernate.type.LongType@4bf3f9d}
             +-[NAMED_PARAM] ParameterNode: '?' {name=idList3994_, expectedType=org.hibernate.type.LongType@4bf3f9d}
             +-[NAMED_PARAM] ParameterNode: '?' {name=idList3995_, expectedType=org.hibernate.type.LongType@4bf3f9d}
             +-[NAMED_PARAM] ParameterNode: '?' {name=idList3996_, expectedType=org.hibernate.type.LongType@4bf3f9d}
             +-[NAMED_PARAM] ParameterNode: '?' {name=idList3997_, expectedType=org.hibernate.type.LongType@4bf3f9d}
             +-[NAMED_PARAM] ParameterNode: '?' {name=idList3998_, expectedType=org.hibernate.type.LongType@4bf3f9d}
             \-[NAMED_PARAM] ParameterNode: '?' {name=idList3999_, expectedType=org.hibernate.type.LongType@4bf3f9d}

14:12:09,889 DEBUG ErrorCounter:82 - throwQueryException() : no errors
14:12:09,900 DEBUG QueryTranslatorImpl:235 - HQL: from org.hibernate.test.hql.StateProvince sp where sp.id in ( :idList0_, :idList1_, :idList2_, :idList3_, :idList4_, :idList5_, :idList6_, :idList7_, :idList8_, :idList9_, :idList10_, :idList11_, :idList12_, :idList13_, :idList14_, :idList15_, :idList16_, :idList17_, :idList18_, :idList19_, :idList20_, :idList21_, :idList22_, :idList23_, :idList24_, :idList25_, :idList26_, :idList27_, :idList28_, :idList29_, :idList30_, :idList31_, :idList32_, :idList33_, :idList34_, :idList35_, :idList36_, :idList37_, :idList38_, :idList39_, :idList40_, :idList41_, :idList42_, :idList43_, :idList44_, :idList45_, :idList46_, :idList47_, :idList48_, :idList49_, :idList50_, :idList51_, :idList52_, :idList53_, :idList54_, :idList55_, :idList56_, :idList57_, :idList58_, :idList59_, :idList60_, :idList61_, :idList62_, :idList63_, :idList64_, :idList65_, :idList66_, :idList67_, :idList68_, :idList69_, :idList70_, :idList71_, :idList72_, :idList73_, :idList74_, :idList75_, :idList76_, :idList77_, :idList78_, :idList79_, :idList80_, :idList81_, :idList82_, :idList83_, :idList84_, :idList85_, :idList86_, :idList87_, :idList88_, :idList89_, :idList90_, :idList91_, :idList92_, :idList93_, :idList94_, :idList95_, :idList96_, :idList97_, :idList98_, :idList99_, :idList100_, :idList101_, :idList102_, :idList103_, :idList104_, :idList105_, :idList106_, :idList107_, :idList108_, :idList109_, :idList110_, :idList111_, :idList112_, :idList113_, :idList114_, :idList115_, :idList116_, :idList117_, :idList118_, :idList119_, :idList120_, :idList121_, :idList122_, :idList123_, :idList124_, :idList125_, :idList126_, :idList127_, :idList128_, :idList129_, :idList130_, :idList131_, :idList132_, :idList133_, :idList134_, :idList135_, :idList136_, :idList137_, :idList138_, :idList139_, :idList140_, :idList141_, :idList142_, :idList143_, :idList144_, :idList145_, :idList146_, :idList147_, :idList148_, :idList149_, :idList150_, :idList151_, :idList152_, :idList153_, :idList154_, :idList155_, :idList156_, :idList157_, :idList158_, :idList159_, :idList160_, :idList161_, :idList162_, :idList163_, :idList164_, :idList165_, :idList166_, :idList167_, :idList168_, :idList169_, :idList170_, :idList171_, :idList172_, :idList173_, :idList174_, :idList175_, :idList176_, :idList177_, :idList178_, :idList179_, :idList180_, :idList181_, :idList182_, :idList183_, :idList184_, :idList185_, :idList186_, :idList187_, :idList188_, :idList189_, :idList190_, :idList191_, :idList192_, :idList193_, :idList194_, :idList195_, :idList196_, :idList197_, :idList198_, :idList199_, :idList200_, :idList201_, :idList202_, :idList203_, :idList204_, :idList205_, :idList206_, :idList207_, :idList208_, :idList209_, :idList210_, :idList211_, :idList212_, :idList213_, :idList214_, :idList215_, :idList216_, :idList217_, :idList218_, :idList219_, :idList220_, :idList221_, :idList222_, :idList223_, :idList224_, :idList225_, :idList226_, :idList227_, :idList228_, :idList229_, :idList230_, :idList231_, :idList232_, :idList233_, :idList234_, :idList235_, :idList236_, :idList237_, :idList238_, :idList239_, :idList240_, :idList241_, :idList242_, :idList243_, :idList244_, :idList245_, :idList246_, :idList247_, :idList248_, :idList249_, :idList250_, :idList251_, :idList252_, :idList253_, :idList254_, :idList255_, :idList256_, :idList257_, :idList258_, :idList259_, :idList260_, :idList261_, :idList262_, :idList263_, :idList264_, :idList265_, :idList266_, :idList267_, :idList268_, :idList269_, :idList270_, :idList271_, :idList272_, :idList273_, :idList274_, :idList275_, :idList276_, :idList277_, :idList278_, :idList279_, :idList280_, :idList281_, :idList282_, :idList283_, :idList284_, :idList285_, :idList286_, :idList287_, :idList288_, :idList289_, :idList290_, :idList291_, :idList292_, :idList293_, :idList294_, :idList295_, :idList296_, :idList297_, :idList298_, :idList299_, :idList300_, :idList301_, :idList302_, :idList303_, :idList304_, :idList305_, :idList306_, :idList307_, :idList308_, :idList309_, :idList310_, :idList311_, :idList312_, :idList313_, :idList314_, :idList315_, :idList316_, :idList317_, :idList318_, :idList319_, :idList320_, :idList321_, :idList322_, :idList323_, :idList324_, :idList325_, :idList326_, :idList327_, :idList328_, :idList329_, :idList330_, :idList331_, :idList332_, :idList333_, :idList334_, :idList335_, :idList336_, :idList337_, :idList338_, :idList339_, :idList340_, :idList341_, :idList342_, :idList343_, :idList344_, :idList345_, :idList346_, :idList347_, :idList348_, :idList349_, :idList350_, :idList351_, :idList352_, :idList353_, :idList354_, :idList355_, :idList356_, :idList357_, :idList358_, :idList359_, :idList360_, :idList361_, :idList362_, :idList363_, :idList364_, :idList365_, :idList366_, :idList367_, :idList368_, :idList369_, :idList370_, :idList371_, :idList372_, :idList373_, :idList374_, :idList375_, :idList376_, :idList377_, :idList378_, :idList379_, :idList380_, :idList381_, :idList382_, :idList383_, :idList384_, :idList385_, :idList386_, :idList387_, :idList388_, :idList389_, :idList390_, :idList391_, :idList392_, :idList393_, :idList394_, :idList395_, :idList396_, :idList397_, :idList398_, :idList399_, :idList400_, :idList401_, :idList402_, :idList403_, :idList404_, :idList405_, :idList406_, :idList407_, :idList408_, :idList409_, :idList410_, :idList411_, :idList412_, :idList413_, :idList414_, :idList415_, :idList416_, :idList417_, :idList418_, :idList419_, :idList420_, :idList421_, :idList422_, :idList423_, :idList424_, :idList425_, :idList426_, :idList427_, :idList428_, :idList429_, :idList430_, :idList431_, :idList432_, :idList433_, :idList434_, :idList435_, :idList436_, :idList437_, :idList438_, :idList439_, :idList440_, :idList441_, :idList442_, :idList443_, :idList444_, :idList445_, :idList446_, :idList447_, :idList448_, :idList449_, :idList450_, :idList451_, :idList452_, :idList453_, :idList454_, :idList455_, :idList456_, :idList457_, :idList458_, :idList459_, :idList460_, :idList461_, :idList462_, :idList463_, :idList464_, :idList465_, :idList466_, :idList467_, :idList468_, :idList469_, :idList470_, :idList471_, :idList472_, :idList473_, :idList474_, :idList475_, :idList476_, :idList477_, :idList478_, :idList479_, :idList480_, :idList481_, :idList482_, :idList483_, :idList484_, :idList485_, :idList486_, :idList487_, :idList488_, :idList489_, :idList490_, :idList491_, :idList492_, :idList493_, :idList494_, :idList495_, :idList496_, :idList497_, :idList498_, :idList499_, :idList500_, :idList501_, :idList502_, :idList503_, :idList504_, :idList505_, :idList506_, :idList507_, :idList508_, :idList509_, :idList510_, :idList511_, :idList512_, :idList513_, :idList514_, :idList515_, :idList516_, :idList517_, :idList518_, :idList519_, :idList520_, :idList521_, :idList522_, :idList523_, :idList524_, :idList525_, :idList526_, :idList527_, :idList528_, :idList529_, :idList530_, :idList531_, :idList532_, :idList533_, :idList534_, :idList535_, :idList536_, :idList537_, :idList538_, :idList539_, :idList540_, :idList541_, :idList542_, :idList543_, :idList544_, :idList545_, :idList546_, :idList547_, :idList548_, :idList549_, :idList550_, :idList551_, :idList552_, :idList553_, :idList554_, :idList555_, :idList556_, :idList557_, :idList558_, :idList559_, :idList560_, :idList561_, :idList562_, :idList563_, :idList564_, :idList565_, :idList566_, :idList567_, :idList568_, :idList569_, :idList570_, :idList571_, :idList572_, :idList573_, :idList574_, :idList575_, :idList576_, :idList577_, :idList578_, :idList579_, :idList580_, :idList581_, :idList582_, :idList583_, :idList584_, :idList585_, :idList586_, :idList587_, :idList588_, :idList589_, :idList590_, :idList591_, :idList592_, :idList593_, :idList594_, :idList595_, :idList596_, :idList597_, :idList598_, :idList599_, :idList600_, :idList601_, :idList602_, :idList603_, :idList604_, :idList605_, :idList606_, :idList607_, :idList608_, :idList609_, :idList610_, :idList611_, :idList612_, :idList613_, :idList614_, :idList615_, :idList616_, :idList617_, :idList618_, :idList619_, :idList620_, :idList621_, :idList622_, :idList623_, :idList624_, :idList625_, :idList626_, :idList627_, :idList628_, :idList629_, :idList630_, :idList631_, :idList632_, :idList633_, :idList634_, :idList635_, :idList636_, :idList637_, :idList638_, :idList639_, :idList640_, :idList641_, :idList642_, :idList643_, :idList644_, :idList645_, :idList646_, :idList647_, :idList648_, :idList649_, :idList650_, :idList651_, :idList652_, :idList653_, :idList654_, :idList655_, :idList656_, :idList657_, :idList658_, :idList659_, :idList660_, :idList661_, :idList662_, :idList663_, :idList664_, :idList665_, :idList666_, :idList667_, :idList668_, :idList669_, :idList670_, :idList671_, :idList672_, :idList673_, :idList674_, :idList675_, :idList676_, :idList677_, :idList678_, :idList679_, :idList680_, :idList681_, :idList682_, :idList683_, :idList684_, :idList685_, :idList686_, :idList687_, :idList688_, :idList689_, :idList690_, :idList691_, :idList692_, :idList693_, :idList694_, :idList695_, :idList696_, :idList697_, :idList698_, :idList699_, :idList700_, :idList701_, :idList702_, :idList703_, :idList704_, :idList705_, :idList706_, :idList707_, :idList708_, :idList709_, :idList710_, :idList711_, :idList712_, :idList713_, :idList714_, :idList715_, :idList716_, :idList717_, :idList718_, :idList719_, :idList720_, :idList721_, :idList722_, :idList723_, :idList724_, :idList725_, :idList726_, :idList727_, :idList728_, :idList729_, :idList730_, :idList731_, :idList732_, :idList733_, :idList734_, :idList735_, :idList736_, :idList737_, :idList738_, :idList739_, :idList740_, :idList741_, :idList742_, :idList743_, :idList744_, :idList745_, :idList746_, :idList747_, :idList748_, :idList749_, :idList750_, :idList751_, :idList752_, :idList753_, :idList754_, :idList755_, :idList756_, :idList757_, :idList758_, :idList759_, :idList760_, :idList761_, :idList762_, :idList763_, :idList764_, :idList765_, :idList766_, :idList767_, :idList768_, :idList769_, :idList770_, :idList771_, :idList772_, :idList773_, :idList774_, :idList775_, :idList776_, :idList777_, :idList778_, :idList779_, :idList780_, :idList781_, :idList782_, :idList783_, :idList784_, :idList785_, :idList786_, :idList787_, :idList788_, :idList789_, :idList790_, :idList791_, :idList792_, :idList793_, :idList794_, :idList795_, :idList796_, :idList797_, :idList798_, :idList799_, :idList800_, :idList801_, :idList802_, :idList803_, :idList804_, :idList805_, :idList806_, :idList807_, :idList808_, :idList809_, :idList810_, :idList811_, :idList812_, :idList813_, :idList814_, :idList815_, :idList816_, :idList817_, :idList818_, :idList819_, :idList820_, :idList821_, :idList822_, :idList823_, :idList824_, :idList825_, :idList826_, :idList827_, :idList828_, :idList829_, :idList830_, :idList831_, :idList832_, :idList833_, :idList834_, :idList835_, :idList836_, :idList837_, :idList838_, :idList839_, :idList840_, :idList841_, :idList842_, :idList843_, :idList844_, :idList845_, :idList846_, :idList847_, :idList848_, :idList849_, :idList850_, :idList851_, :idList852_, :idList853_, :idList854_, :idList855_, :idList856_, :idList857_, :idList858_, :idList859_, :idList860_, :idList861_, :idList862_, :idList863_, :idList864_, :idList865_, :idList866_, :idList867_, :idList868_, :idList869_, :idList870_, :idList871_, :idList872_, :idList873_, :idList874_, :idList875_, :idList876_, :idList877_, :idList878_, :idList879_, :idList880_, :idList881_, :idList882_, :idList883_, :idList884_, :idList885_, :idList886_, :idList887_, :idList888_, :idList889_, :idList890_, :idList891_, :idList892_, :idList893_, :idList894_, :idList895_, :idList896_, :idList897_, :idList898_, :idList899_, :idList900_, :idList901_, :idList902_, :idList903_, :idList904_, :idList905_, :idList906_, :idList907_, :idList908_, :idList909_, :idList910_, :idList911_, :idList912_, :idList913_, :idList914_, :idList915_, :idList916_, :idList917_, :idList918_, :idList919_, :idList920_, :idList921_, :idList922_, :idList923_, :idList924_, :idList925_, :idList926_, :idList927_, :idList928_, :idList929_, :idList930_, :idList931_, :idList932_, :idList933_, :idList934_, :idList935_, :idList936_, :idList937_, :idList938_, :idList939_, :idList940_, :idList941_, :idList942_, :idList943_, :idList944_, :idList945_, :idList946_, :idList947_, :idList948_, :idList949_, :idList950_, :idList951_, :idList952_, :idList953_, :idList954_, :idList955_, :idList956_, :idList957_, :idList958_, :idList959_, :idList960_, :idList961_, :idList962_, :idList963_, :idList964_, :idList965_, :idList966_, :idList967_, :idList968_, :idList969_, :idList970_, :idList971_, :idList972_, :idList973_, :idList974_, :idList975_, :idList976_, :idList977_, :idList978_, :idList979_, :idList980_, :idList981_, :idList982_, :idList983_, :idList984_, :idList985_, :idList986_, :idList987_, :idList988_, :idList989_, :idList990_, :idList991_, :idList992_, :idList993_, :idList994_, :idList995_, :idList996_, :idList997_, :idList998_, :idList999_, :idList1000_, :idList1001_, :idList1002_, :idList1003_, :idList1004_, :idList1005_, :idList1006_, :idList1007_, :idList1008_, :idList1009_, :idList1010_, :idList1011_, :idList1012_, :idList1013_, :idList1014_, :idList1015_, :idList1016_, :idList1017_, :idList1018_, :idList1019_, :idList1020_, :idList1021_, :idList1022_, :idList1023_, :idList1024_, :idList1025_, :idList1026_, :idList1027_, :idList1028_, :idList1029_, :idList1030_, :idList1031_, :idList1032_, :idList1033_, :idList1034_, :idList1035_, :idList1036_, :idList1037_, :idList1038_, :idList1039_, :idList1040_, :idList1041_, :idList1042_, :idList1043_, :idList1044_, :idList1045_, :idList1046_, :idList1047_, :idList1048_, :idList1049_, :idList1050_, :idList1051_, :idList1052_, :idList1053_, :idList1054_, :idList1055_, :idList1056_, :idList1057_, :idList1058_, :idList1059_, :idList1060_, :idList1061_, :idList1062_, :idList1063_, :idList1064_, :idList1065_, :idList1066_, :idList1067_, :idList1068_, :idList1069_, :idList1070_, :idList1071_, :idList1072_, :idList1073_, :idList1074_, :idList1075_, :idList1076_, :idList1077_, :idList1078_, :idList1079_, :idList1080_, :idList1081_, :idList1082_, :idList1083_, :idList1084_, :idList1085_, :idList1086_, :idList1087_, :idList1088_, :idList1089_, :idList1090_, :idList1091_, :idList1092_, :idList1093_, :idList1094_, :idList1095_, :idList1096_, :idList1097_, :idList1098_, :idList1099_, :idList1100_, :idList1101_, :idList1102_, :idList1103_, :idList1104_, :idList1105_, :idList1106_, :idList1107_, :idList1108_, :idList1109_, :idList1110_, :idList1111_, :idList1112_, :idList1113_, :idList1114_, :idList1115_, :idList1116_, :idList1117_, :idList1118_, :idList1119_, :idList1120_, :idList1121_, :idList1122_, :idList1123_, :idList1124_, :idList1125_, :idList1126_, :idList1127_, :idList1128_, :idList1129_, :idList1130_, :idList1131_, :idList1132_, :idList1133_, :idList1134_, :idList1135_, :idList1136_, :idList1137_, :idList1138_, :idList1139_, :idList1140_, :idList1141_, :idList1142_, :idList1143_, :idList1144_, :idList1145_, :idList1146_, :idList1147_, :idList1148_, :idList1149_, :idList1150_, :idList1151_, :idList1152_, :idList1153_, :idList1154_, :idList1155_, :idList1156_, :idList1157_, :idList1158_, :idList1159_, :idList1160_, :idList1161_, :idList1162_, :idList1163_, :idList1164_, :idList1165_, :idList1166_, :idList1167_, :idList1168_, :idList1169_, :idList1170_, :idList1171_, :idList1172_, :idList1173_, :idList1174_, :idList1175_, :idList1176_, :idList1177_, :idList1178_, :idList1179_, :idList1180_, :idList1181_, :idList1182_, :idList1183_, :idList1184_, :idList1185_, :idList1186_, :idList1187_, :idList1188_, :idList1189_, :idList1190_, :idList1191_, :idList1192_, :idList1193_, :idList1194_, :idList1195_, :idList1196_, :idList1197_, :idList1198_, :idList1199_, :idList1200_, :idList1201_, :idList1202_, :idList1203_, :idList1204_, :idList1205_, :idList1206_, :idList1207_, :idList1208_, :idList1209_, :idList1210_, :idList1211_, :idList1212_, :idList1213_, :idList1214_, :idList1215_, :idList1216_, :idList1217_, :idList1218_, :idList1219_, :idList1220_, :idList1221_, :idList1222_, :idList1223_, :idList1224_, :idList1225_, :idList1226_, :idList1227_, :idList1228_, :idList1229_, :idList1230_, :idList1231_, :idList1232_, :idList1233_, :idList1234_, :idList1235_, :idList1236_, :idList1237_, :idList1238_, :idList1239_, :idList1240_, :idList1241_, :idList1242_, :idList1243_, :idList1244_, :idList1245_, :idList1246_, :idList1247_, :idList1248_, :idList1249_, :idList1250_, :idList1251_, :idList1252_, :idList1253_, :idList1254_, :idList1255_, :idList1256_, :idList1257_, :idList1258_, :idList1259_, :idList1260_, :idList1261_, :idList1262_, :idList1263_, :idList1264_, :idList1265_, :idList1266_, :idList1267_, :idList1268_, :idList1269_, :idList1270_, :idList1271_, :idList1272_, :idList1273_, :idList1274_, :idList1275_, :idList1276_, :idList1277_, :idList1278_, :idList1279_, :idList1280_, :idList1281_, :idList1282_, :idList1283_, :idList1284_, :idList1285_, :idList1286_, :idList1287_, :idList1288_, :idList1289_, :idList1290_, :idList1291_, :idList1292_, :idList1293_, :idList1294_, :idList1295_, :idList1296_, :idList1297_, :idList1298_, :idList1299_, :idList1300_, :idList1301_, :idList1302_, :idList1303_, :idList1304_, :idList1305_, :idList1306_, :idList1307_, :idList1308_, :idList1309_, :idList1310_, :idList1311_, :idList1312_, :idList1313_, :idList1314_, :idList1315_, :idList1316_, :idList1317_, :idList1318_, :idList1319_, :idList1320_, :idList1321_, :idList1322_, :idList1323_, :idList1324_, :idList1325_, :idList1326_, :idList1327_, :idList1328_, :idList1329_, :idList1330_, :idList1331_, :idList1332_, :idList1333_, :idList1334_, :idList1335_, :idList1336_, :idList1337_, :idList1338_, :idList1339_, :idList1340_, :idList1341_, :idList1342_, :idList1343_, :idList1344_, :idList1345_, :idList1346_, :idList1347_, :idList1348_, :idList1349_, :idList1350_, :idList1351_, :idList1352_, :idList1353_, :idList1354_, :idList1355_, :idList1356_, :idList1357_, :idList1358_, :idList1359_, :idList1360_, :idList1361_, :idList1362_, :idList1363_, :idList1364_, :idList1365_, :idList1366_, :idList1367_, :idList1368_, :idList1369_, :idList1370_, :idList1371_, :idList1372_, :idList1373_, :idList1374_, :idList1375_, :idList1376_, :idList1377_, :idList1378_, :idList1379_, :idList1380_, :idList1381_, :idList1382_, :idList1383_, :idList1384_, :idList1385_, :idList1386_, :idList1387_, :idList1388_, :idList1389_, :idList1390_, :idList1391_, :idList1392_, :idList1393_, :idList1394_, :idList1395_, :idList1396_, :idList1397_, :idList1398_, :idList1399_, :idList1400_, :idList1401_, :idList1402_, :idList1403_, :idList1404_, :idList1405_, :idList1406_, :idList1407_, :idList1408_, :idList1409_, :idList1410_, :idList1411_, :idList1412_, :idList1413_, :idList1414_, :idList1415_, :idList1416_, :idList1417_, :idList1418_, :idList1419_, :idList1420_, :idList1421_, :idList1422_, :idList1423_, :idList1424_, :idList1425_, :idList1426_, :idList1427_, :idList1428_, :idList1429_, :idList1430_, :idList1431_, :idList1432_, :idList1433_, :idList1434_, :idList1435_, :idList1436_, :idList1437_, :idList1438_, :idList1439_, :idList1440_, :idList1441_, :idList1442_, :idList1443_, :idList1444_, :idList1445_, :idList1446_, :idList1447_, :idList1448_, :idList1449_, :idList1450_, :idList1451_, :idList1452_, :idList1453_, :idList1454_, :idList1455_, :idList1456_, :idList1457_, :idList1458_, :idList1459_, :idList1460_, :idList1461_, :idList1462_, :idList1463_, :idList1464_, :idList1465_, :idList1466_, :idList1467_, :idList1468_, :idList1469_, :idList1470_, :idList1471_, :idList1472_, :idList1473_, :idList1474_, :idList1475_, :idList1476_, :idList1477_, :idList1478_, :idList1479_, :idList1480_, :idList1481_, :idList1482_, :idList1483_, :idList1484_, :idList1485_, :idList1486_, :idList1487_, :idList1488_, :idList1489_, :idList1490_, :idList1491_, :idList1492_, :idList1493_, :idList1494_, :idList1495_, :idList1496_, :idList1497_, :idList1498_, :idList1499_, :idList1500_, :idList1501_, :idList1502_, :idList1503_, :idList1504_, :idList1505_, :idList1506_, :idList1507_, :idList1508_, :idList1509_, :idList1510_, :idList1511_, :idList1512_, :idList1513_, :idList1514_, :idList1515_, :idList1516_, :idList1517_, :idList1518_, :idList1519_, :idList1520_, :idList1521_, :idList1522_, :idList1523_, :idList1524_, :idList1525_, :idList1526_, :idList1527_, :idList1528_, :idList1529_, :idList1530_, :idList1531_, :idList1532_, :idList1533_, :idList1534_, :idList1535_, :idList1536_, :idList1537_, :idList1538_, :idList1539_, :idList1540_, :idList1541_, :idList1542_, :idList1543_, :idList1544_, :idList1545_, :idList1546_, :idList1547_, :idList1548_, :idList1549_, :idList1550_, :idList1551_, :idList1552_, :idList1553_, :idList1554_, :idList1555_, :idList1556_, :idList1557_, :idList1558_, :idList1559_, :idList1560_, :idList1561_, :idList1562_, :idList1563_, :idList1564_, :idList1565_, :idList1566_, :idList1567_, :idList1568_, :idList1569_, :idList1570_, :idList1571_, :idList1572_, :idList1573_, :idList1574_, :idList1575_, :idList1576_, :idList1577_, :idList1578_, :idList1579_, :idList1580_, :idList1581_, :idList1582_, :idList1583_, :idList1584_, :idList1585_, :idList1586_, :idList1587_, :idList1588_, :idList1589_, :idList1590_, :idList1591_, :idList1592_, :idList1593_, :idList1594_, :idList1595_, :idList1596_, :idList1597_, :idList1598_, :idList1599_, :idList1600_, :idList1601_, :idList1602_, :idList1603_, :idList1604_, :idList1605_, :idList1606_, :idList1607_, :idList1608_, :idList1609_, :idList1610_, :idList1611_, :idList1612_, :idList1613_, :idList1614_, :idList1615_, :idList1616_, :idList1617_, :idList1618_, :idList1619_, :idList1620_, :idList1621_, :idList1622_, :idList1623_, :idList1624_, :idList1625_, :idList1626_, :idList1627_, :idList1628_, :idList1629_, :idList1630_, :idList1631_, :idList1632_, :idList1633_, :idList1634_, :idList1635_, :idList1636_, :idList1637_, :idList1638_, :idList1639_, :idList1640_, :idList1641_, :idList1642_, :idList1643_, :idList1644_, :idList1645_, :idList1646_, :idList1647_, :idList1648_, :idList1649_, :idList1650_, :idList1651_, :idList1652_, :idList1653_, :idList1654_, :idList1655_, :idList1656_, :idList1657_, :idList1658_, :idList1659_, :idList1660_, :idList1661_, :idList1662_, :idList1663_, :idList1664_, :idList1665_, :idList1666_, :idList1667_, :idList1668_, :idList1669_, :idList1670_, :idList1671_, :idList1672_, :idList1673_, :idList1674_, :idList1675_, :idList1676_, :idList1677_, :idList1678_, :idList1679_, :idList1680_, :idList1681_, :idList1682_, :idList1683_, :idList1684_, :idList1685_, :idList1686_, :idList1687_, :idList1688_, :idList1689_, :idList1690_, :idList1691_, :idList1692_, :idList1693_, :idList1694_, :idList1695_, :idList1696_, :idList1697_, :idList1698_, :idList1699_, :idList1700_, :idList1701_, :idList1702_, :idList1703_, :idList1704_, :idList1705_, :idList1706_, :idList1707_, :idList1708_, :idList1709_, :idList1710_, :idList1711_, :idList1712_, :idList1713_, :idList1714_, :idList1715_, :idList1716_, :idList1717_, :idList1718_, :idList1719_, :idList1720_, :idList1721_, :idList1722_, :idList1723_, :idList1724_, :idList1725_, :idList1726_, :idList1727_, :idList1728_, :idList1729_, :idList1730_, :idList1731_, :idList1732_, :idList1733_, :idList1734_, :idList1735_, :idList1736_, :idList1737_, :idList1738_, :idList1739_, :idList1740_, :idList1741_, :idList1742_, :idList1743_, :idList1744_, :idList1745_, :idList1746_, :idList1747_, :idList1748_, :idList1749_, :idList1750_, :idList1751_, :idList1752_, :idList1753_, :idList1754_, :idList1755_, :idList1756_, :idList1757_, :idList1758_, :idList1759_, :idList1760_, :idList1761_, :idList1762_, :idList1763_, :idList1764_, :idList1765_, :idList1766_, :idList1767_, :idList1768_, :idList1769_, :idList1770_, :idList1771_, :idList1772_, :idList1773_, :idList1774_, :idList1775_, :idList1776_, :idList1777_, :idList1778_, :idList1779_, :idList1780_, :idList1781_, :idList1782_, :idList1783_, :idList1784_, :idList1785_, :idList1786_, :idList1787_, :idList1788_, :idList1789_, :idList1790_, :idList1791_, :idList1792_, :idList1793_, :idList1794_, :idList1795_, :idList1796_, :idList1797_, :idList1798_, :idList1799_, :idList1800_, :idList1801_, :idList1802_, :idList1803_, :idList1804_, :idList1805_, :idList1806_, :idList1807_, :idList1808_, :idList1809_, :idList1810_, :idList1811_, :idList1812_, :idList1813_, :idList1814_, :idList1815_, :idList1816_, :idList1817_, :idList1818_, :idList1819_, :idList1820_, :idList1821_, :idList1822_, :idList1823_, :idList1824_, :idList1825_, :idList1826_, :idList1827_, :idList1828_, :idList1829_, :idList1830_, :idList1831_, :idList1832_, :idList1833_, :idList1834_, :idList1835_, :idList1836_, :idList1837_, :idList1838_, :idList1839_, :idList1840_, :idList1841_, :idList1842_, :idList1843_, :idList1844_, :idList1845_, :idList1846_, :idList1847_, :idList1848_, :idList1849_, :idList1850_, :idList1851_, :idList1852_, :idList1853_, :idList1854_, :idList1855_, :idList1856_, :idList1857_, :idList1858_, :idList1859_, :idList1860_, :idList1861_, :idList1862_, :idList1863_, :idList1864_, :idList1865_, :idList1866_, :idList1867_, :idList1868_, :idList1869_, :idList1870_, :idList1871_, :idList1872_, :idList1873_, :idList1874_, :idList1875_, :idList1876_, :idList1877_, :idList1878_, :idList1879_, :idList1880_, :idList1881_, :idList1882_, :idList1883_, :idList1884_, :idList1885_, :idList1886_, :idList1887_, :idList1888_, :idList1889_, :idList1890_, :idList1891_, :idList1892_, :idList1893_, :idList1894_, :idList1895_, :idList1896_, :idList1897_, :idList1898_, :idList1899_, :idList1900_, :idList1901_, :idList1902_, :idList1903_, :idList1904_, :idList1905_, :idList1906_, :idList1907_, :idList1908_, :idList1909_, :idList1910_, :idList1911_, :idList1912_, :idList1913_, :idList1914_, :idList1915_, :idList1916_, :idList1917_, :idList1918_, :idList1919_, :idList1920_, :idList1921_, :idList1922_, :idList1923_, :idList1924_, :idList1925_, :idList1926_, :idList1927_, :idList1928_, :idList1929_, :idList1930_, :idList1931_, :idList1932_, :idList1933_, :idList1934_, :idList1935_, :idList1936_, :idList1937_, :idList1938_, :idList1939_, :idList1940_, :idList1941_, :idList1942_, :idList1943_, :idList1944_, :idList1945_, :idList1946_, :idList1947_, :idList1948_, :idList1949_, :idList1950_, :idList1951_, :idList1952_, :idList1953_, :idList1954_, :idList1955_, :idList1956_, :idList1957_, :idList1958_, :idList1959_, :idList1960_, :idList1961_, :idList1962_, :idList1963_, :idList1964_, :idList1965_, :idList1966_, :idList1967_, :idList1968_, :idList1969_, :idList1970_, :idList1971_, :idList1972_, :idList1973_, :idList1974_, :idList1975_, :idList1976_, :idList1977_, :idList1978_, :idList1979_, :idList1980_, :idList1981_, :idList1982_, :idList1983_, :idList1984_, :idList1985_, :idList1986_, :idList1987_, :idList1988_, :idList1989_, :idList1990_, :idList1991_, :idList1992_, :idList1993_, :idList1994_, :idList1995_, :idList1996_, :idList1997_, :idList1998_, :idList1999_, :idList2000_, :idList2001_, :idList2002_, :idList2003_, :idList2004_, :idList2005_, :idList2006_, :idList2007_, :idList2008_, :idList2009_, :idList2010_, :idList2011_, :idList2012_, :idList2013_, :idList2014_, :idList2015_, :idList2016_, :idList2017_, :idList2018_, :idList2019_, :idList2020_, :idList2021_, :idList2022_, :idList2023_, :idList2024_, :idList2025_, :idList2026_, :idList2027_, :idList2028_, :idList2029_, :idList2030_, :idList2031_, :idList2032_, :idList2033_, :idList2034_, :idList2035_, :idList2036_, :idList2037_, :idList2038_, :idList2039_, :idList2040_, :idList2041_, :idList2042_, :idList2043_, :idList2044_, :idList2045_, :idList2046_, :idList2047_, :idList2048_, :idList2049_, :idList2050_, :idList2051_, :idList2052_, :idList2053_, :idList2054_, :idList2055_, :idList2056_, :idList2057_, :idList2058_, :idList2059_, :idList2060_, :idList2061_, :idList2062_, :idList2063_, :idList2064_, :idList2065_, :idList2066_, :idList2067_, :idList2068_, :idList2069_, :idList2070_, :idList2071_, :idList2072_, :idList2073_, :idList2074_, :idList2075_, :idList2076_, :idList2077_, :idList2078_, :idList2079_, :idList2080_, :idList2081_, :idList2082_, :idList2083_, :idList2084_, :idList2085_, :idList2086_, :idList2087_, :idList2088_, :idList2089_, :idList2090_, :idList2091_, :idList2092_, :idList2093_, :idList2094_, :idList2095_, :idList2096_, :idList2097_, :idList2098_, :idList2099_, :idList2100_, :idList2101_, :idList2102_, :idList2103_, :idList2104_, :idList2105_, :idList2106_, :idList2107_, :idList2108_, :idList2109_, :idList2110_, :idList2111_, :idList2112_, :idList2113_, :idList2114_, :idList2115_, :idList2116_, :idList2117_, :idList2118_, :idList2119_, :idList2120_, :idList2121_, :idList2122_, :idList2123_, :idList2124_, :idList2125_, :idList2126_, :idList2127_, :idList2128_, :idList2129_, :idList2130_, :idList2131_, :idList2132_, :idList2133_, :idList2134_, :idList2135_, :idList2136_, :idList2137_, :idList2138_, :idList2139_, :idList2140_, :idList2141_, :idList2142_, :idList2143_, :idList2144_, :idList2145_, :idList2146_, :idList2147_, :idList2148_, :idList2149_, :idList2150_, :idList2151_, :idList2152_, :idList2153_, :idList2154_, :idList2155_, :idList2156_, :idList2157_, :idList2158_, :idList2159_, :idList2160_, :idList2161_, :idList2162_, :idList2163_, :idList2164_, :idList2165_, :idList2166_, :idList2167_, :idList2168_, :idList2169_, :idList2170_, :idList2171_, :idList2172_, :idList2173_, :idList2174_, :idList2175_, :idList2176_, :idList2177_, :idList2178_, :idList2179_, :idList2180_, :idList2181_, :idList2182_, :idList2183_, :idList2184_, :idList2185_, :idList2186_, :idList2187_, :idList2188_, :idList2189_, :idList2190_, :idList2191_, :idList2192_, :idList2193_, :idList2194_, :idList2195_, :idList2196_, :idList2197_, :idList2198_, :idList2199_, :idList2200_, :idList2201_, :idList2202_, :idList2203_, :idList2204_, :idList2205_, :idList2206_, :idList2207_, :idList2208_, :idList2209_, :idList2210_, :idList2211_, :idList2212_, :idList2213_, :idList2214_, :idList2215_, :idList2216_, :idList2217_, :idList2218_, :idList2219_, :idList2220_, :idList2221_, :idList2222_, :idList2223_, :idList2224_, :idList2225_, :idList2226_, :idList2227_, :idList2228_, :idList2229_, :idList2230_, :idList2231_, :idList2232_, :idList2233_, :idList2234_, :idList2235_, :idList2236_, :idList2237_, :idList2238_, :idList2239_, :idList2240_, :idList2241_, :idList2242_, :idList2243_, :idList2244_, :idList2245_, :idList2246_, :idList2247_, :idList2248_, :idList2249_, :idList2250_, :idList2251_, :idList2252_, :idList2253_, :idList2254_, :idList2255_, :idList2256_, :idList2257_, :idList2258_, :idList2259_, :idList2260_, :idList2261_, :idList2262_, :idList2263_, :idList2264_, :idList2265_, :idList2266_, :idList2267_, :idList2268_, :idList2269_, :idList2270_, :idList2271_, :idList2272_, :idList2273_, :idList2274_, :idList2275_, :idList2276_, :idList2277_, :idList2278_, :idList2279_, :idList2280_, :idList2281_, :idList2282_, :idList2283_, :idList2284_, :idList2285_, :idList2286_, :idList2287_, :idList2288_, :idList2289_, :idList2290_, :idList2291_, :idList2292_, :idList2293_, :idList2294_, :idList2295_, :idList2296_, :idList2297_, :idList2298_, :idList2299_, :idList2300_, :idList2301_, :idList2302_, :idList2303_, :idList2304_, :idList2305_, :idList2306_, :idList2307_, :idList2308_, :idList2309_, :idList2310_, :idList2311_, :idList2312_, :idList2313_, :idList2314_, :idList2315_, :idList2316_, :idList2317_, :idList2318_, :idList2319_, :idList2320_, :idList2321_, :idList2322_, :idList2323_, :idList2324_, :idList2325_, :idList2326_, :idList2327_, :idList2328_, :idList2329_, :idList2330_, :idList2331_, :idList2332_, :idList2333_, :idList2334_, :idList2335_, :idList2336_, :idList2337_, :idList2338_, :idList2339_, :idList2340_, :idList2341_, :idList2342_, :idList2343_, :idList2344_, :idList2345_, :idList2346_, :idList2347_, :idList2348_, :idList2349_, :idList2350_, :idList2351_, :idList2352_, :idList2353_, :idList2354_, :idList2355_, :idList2356_, :idList2357_, :idList2358_, :idList2359_, :idList2360_, :idList2361_, :idList2362_, :idList2363_, :idList2364_, :idList2365_, :idList2366_, :idList2367_, :idList2368_, :idList2369_, :idList2370_, :idList2371_, :idList2372_, :idList2373_, :idList2374_, :idList2375_, :idList2376_, :idList2377_, :idList2378_, :idList2379_, :idList2380_, :idList2381_, :idList2382_, :idList2383_, :idList2384_, :idList2385_, :idList2386_, :idList2387_, :idList2388_, :idList2389_, :idList2390_, :idList2391_, :idList2392_, :idList2393_, :idList2394_, :idList2395_, :idList2396_, :idList2397_, :idList2398_, :idList2399_, :idList2400_, :idList2401_, :idList2402_, :idList2403_, :idList2404_, :idList2405_, :idList2406_, :idList2407_, :idList2408_, :idList2409_, :idList2410_, :idList2411_, :idList2412_, :idList2413_, :idList2414_, :idList2415_, :idList2416_, :idList2417_, :idList2418_, :idList2419_, :idList2420_, :idList2421_, :idList2422_, :idList2423_, :idList2424_, :idList2425_, :idList2426_, :idList2427_, :idList2428_, :idList2429_, :idList2430_, :idList2431_, :idList2432_, :idList2433_, :idList2434_, :idList2435_, :idList2436_, :idList2437_, :idList2438_, :idList2439_, :idList2440_, :idList2441_, :idList2442_, :idList2443_, :idList2444_, :idList2445_, :idList2446_, :idList2447_, :idList2448_, :idList2449_, :idList2450_, :idList2451_, :idList2452_, :idList2453_, :idList2454_, :idList2455_, :idList2456_, :idList2457_, :idList2458_, :idList2459_, :idList2460_, :idList2461_, :idList2462_, :idList2463_, :idList2464_, :idList2465_, :idList2466_, :idList2467_, :idList2468_, :idList2469_, :idList2470_, :idList2471_, :idList2472_, :idList2473_, :idList2474_, :idList2475_, :idList2476_, :idList2477_, :idList2478_, :idList2479_, :idList2480_, :idList2481_, :idList2482_, :idList2483_, :idList2484_, :idList2485_, :idList2486_, :idList2487_, :idList2488_, :idList2489_, :idList2490_, :idList2491_, :idList2492_, :idList2493_, :idList2494_, :idList2495_, :idList2496_, :idList2497_, :idList2498_, :idList2499_, :idList2500_, :idList2501_, :idList2502_, :idList2503_, :idList2504_, :idList2505_, :idList2506_, :idList2507_, :idList2508_, :idList2509_, :idList2510_, :idList2511_, :idList2512_, :idList2513_, :idList2514_, :idList2515_, :idList2516_, :idList2517_, :idList2518_, :idList2519_, :idList2520_, :idList2521_, :idList2522_, :idList2523_, :idList2524_, :idList2525_, :idList2526_, :idList2527_, :idList2528_, :idList2529_, :idList2530_, :idList2531_, :idList2532_, :idList2533_, :idList2534_, :idList2535_, :idList2536_, :idList2537_, :idList2538_, :idList2539_, :idList2540_, :idList2541_, :idList2542_, :idList2543_, :idList2544_, :idList2545_, :idList2546_, :idList2547_, :idList2548_, :idList2549_, :idList2550_, :idList2551_, :idList2552_, :idList2553_, :idList2554_, :idList2555_, :idList2556_, :idList2557_, :idList2558_, :idList2559_, :idList2560_, :idList2561_, :idList2562_, :idList2563_, :idList2564_, :idList2565_, :idList2566_, :idList2567_, :idList2568_, :idList2569_, :idList2570_, :idList2571_, :idList2572_, :idList2573_, :idList2574_, :idList2575_, :idList2576_, :idList2577_, :idList2578_, :idList2579_, :idList2580_, :idList2581_, :idList2582_, :idList2583_, :idList2584_, :idList2585_, :idList2586_, :idList2587_, :idList2588_, :idList2589_, :idList2590_, :idList2591_, :idList2592_, :idList2593_, :idList2594_, :idList2595_, :idList2596_, :idList2597_, :idList2598_, :idList2599_, :idList2600_, :idList2601_, :idList2602_, :idList2603_, :idList2604_, :idList2605_, :idList2606_, :idList2607_, :idList2608_, :idList2609_, :idList2610_, :idList2611_, :idList2612_, :idList2613_, :idList2614_, :idList2615_, :idList2616_, :idList2617_, :idList2618_, :idList2619_, :idList2620_, :idList2621_, :idList2622_, :idList2623_, :idList2624_, :idList2625_, :idList2626_, :idList2627_, :idList2628_, :idList2629_, :idList2630_, :idList2631_, :idList2632_, :idList2633_, :idList2634_, :idList2635_, :idList2636_, :idList2637_, :idList2638_, :idList2639_, :idList2640_, :idList2641_, :idList2642_, :idList2643_, :idList2644_, :idList2645_, :idList2646_, :idList2647_, :idList2648_, :idList2649_, :idList2650_, :idList2651_, :idList2652_, :idList2653_, :idList2654_, :idList2655_, :idList2656_, :idList2657_, :idList2658_, :idList2659_, :idList2660_, :idList2661_, :idList2662_, :idList2663_, :idList2664_, :idList2665_, :idList2666_, :idList2667_, :idList2668_, :idList2669_, :idList2670_, :idList2671_, :idList2672_, :idList2673_, :idList2674_, :idList2675_, :idList2676_, :idList2677_, :idList2678_, :idList2679_, :idList2680_, :idList2681_, :idList2682_, :idList2683_, :idList2684_, :idList2685_, :idList2686_, :idList2687_, :idList2688_, :idList2689_, :idList2690_, :idList2691_, :idList2692_, :idList2693_, :idList2694_, :idList2695_, :idList2696_, :idList2697_, :idList2698_, :idList2699_, :idList2700_, :idList2701_, :idList2702_, :idList2703_, :idList2704_, :idList2705_, :idList2706_, :idList2707_, :idList2708_, :idList2709_, :idList2710_, :idList2711_, :idList2712_, :idList2713_, :idList2714_, :idList2715_, :idList2716_, :idList2717_, :idList2718_, :idList2719_, :idList2720_, :idList2721_, :idList2722_, :idList2723_, :idList2724_, :idList2725_, :idList2726_, :idList2727_, :idList2728_, :idList2729_, :idList2730_, :idList2731_, :idList2732_, :idList2733_, :idList2734_, :idList2735_, :idList2736_, :idList2737_, :idList2738_, :idList2739_, :idList2740_, :idList2741_, :idList2742_, :idList2743_, :idList2744_, :idList2745_, :idList2746_, :idList2747_, :idList2748_, :idList2749_, :idList2750_, :idList2751_, :idList2752_, :idList2753_, :idList2754_, :idList2755_, :idList2756_, :idList2757_, :idList2758_, :idList2759_, :idList2760_, :idList2761_, :idList2762_, :idList2763_, :idList2764_, :idList2765_, :idList2766_, :idList2767_, :idList2768_, :idList2769_, :idList2770_, :idList2771_, :idList2772_, :idList2773_, :idList2774_, :idList2775_, :idList2776_, :idList2777_, :idList2778_, :idList2779_, :idList2780_, :idList2781_, :idList2782_, :idList2783_, :idList2784_, :idList2785_, :idList2786_, :idList2787_, :idList2788_, :idList2789_, :idList2790_, :idList2791_, :idList2792_, :idList2793_, :idList2794_, :idList2795_, :idList2796_, :idList2797_, :idList2798_, :idList2799_, :idList2800_, :idList2801_, :idList2802_, :idList2803_, :idList2804_, :idList2805_, :idList2806_, :idList2807_, :idList2808_, :idList2809_, :idList2810_, :idList2811_, :idList2812_, :idList2813_, :idList2814_, :idList2815_, :idList2816_, :idList2817_, :idList2818_, :idList2819_, :idList2820_, :idList2821_, :idList2822_, :idList2823_, :idList2824_, :idList2825_, :idList2826_, :idList2827_, :idList2828_, :idList2829_, :idList2830_, :idList2831_, :idList2832_, :idList2833_, :idList2834_, :idList2835_, :idList2836_, :idList2837_, :idList2838_, :idList2839_, :idList2840_, :idList2841_, :idList2842_, :idList2843_, :idList2844_, :idList2845_, :idList2846_, :idList2847_, :idList2848_, :idList2849_, :idList2850_, :idList2851_, :idList2852_, :idList2853_, :idList2854_, :idList2855_, :idList2856_, :idList2857_, :idList2858_, :idList2859_, :idList2860_, :idList2861_, :idList2862_, :idList2863_, :idList2864_, :idList2865_, :idList2866_, :idList2867_, :idList2868_, :idList2869_, :idList2870_, :idList2871_, :idList2872_, :idList2873_, :idList2874_, :idList2875_, :idList2876_, :idList2877_, :idList2878_, :idList2879_, :idList2880_, :idList2881_, :idList2882_, :idList2883_, :idList2884_, :idList2885_, :idList2886_, :idList2887_, :idList2888_, :idList2889_, :idList2890_, :idList2891_, :idList2892_, :idList2893_, :idList2894_, :idList2895_, :idList2896_, :idList2897_, :idList2898_, :idList2899_, :idList2900_, :idList2901_, :idList2902_, :idList2903_, :idList2904_, :idList2905_, :idList2906_, :idList2907_, :idList2908_, :idList2909_, :idList2910_, :idList2911_, :idList2912_, :idList2913_, :idList2914_, :idList2915_, :idList2916_, :idList2917_, :idList2918_, :idList2919_, :idList2920_, :idList2921_, :idList2922_, :idList2923_, :idList2924_, :idList2925_, :idList2926_, :idList2927_, :idList2928_, :idList2929_, :idList2930_, :idList2931_, :idList2932_, :idList2933_, :idList2934_, :idList2935_, :idList2936_, :idList2937_, :idList2938_, :idList2939_, :idList2940_, :idList2941_, :idList2942_, :idList2943_, :idList2944_, :idList2945_, :idList2946_, :idList2947_, :idList2948_, :idList2949_, :idList2950_, :idList2951_, :idList2952_, :idList2953_, :idList2954_, :idList2955_, :idList2956_, :idList2957_, :idList2958_, :idList2959_, :idList2960_, :idList2961_, :idList2962_, :idList2963_, :idList2964_, :idList2965_, :idList2966_, :idList2967_, :idList2968_, :idList2969_, :idList2970_, :idList2971_, :idList2972_, :idList2973_, :idList2974_, :idList2975_, :idList2976_, :idList2977_, :idList2978_, :idList2979_, :idList2980_, :idList2981_, :idList2982_, :idList2983_, :idList2984_, :idList2985_, :idList2986_, :idList2987_, :idList2988_, :idList2989_, :idList2990_, :idList2991_, :idList2992_, :idList2993_, :idList2994_, :idList2995_, :idList2996_, :idList2997_, :idList2998_, :idList2999_, :idList3000_, :idList3001_, :idList3002_, :idList3003_, :idList3004_, :idList3005_, :idList3006_, :idList3007_, :idList3008_, :idList3009_, :idList3010_, :idList3011_, :idList3012_, :idList3013_, :idList3014_, :idList3015_, :idList3016_, :idList3017_, :idList3018_, :idList3019_, :idList3020_, :idList3021_, :idList3022_, :idList3023_, :idList3024_, :idList3025_, :idList3026_, :idList3027_, :idList3028_, :idList3029_, :idList3030_, :idList3031_, :idList3032_, :idList3033_, :idList3034_, :idList3035_, :idList3036_, :idList3037_, :idList3038_, :idList3039_, :idList3040_, :idList3041_, :idList3042_, :idList3043_, :idList3044_, :idList3045_, :idList3046_, :idList3047_, :idList3048_, :idList3049_, :idList3050_, :idList3051_, :idList3052_, :idList3053_, :idList3054_, :idList3055_, :idList3056_, :idList3057_, :idList3058_, :idList3059_, :idList3060_, :idList3061_, :idList3062_, :idList3063_, :idList3064_, :idList3065_, :idList3066_, :idList3067_, :idList3068_, :idList3069_, :idList3070_, :idList3071_, :idList3072_, :idList3073_, :idList3074_, :idList3075_, :idList3076_, :idList3077_, :idList3078_, :idList3079_, :idList3080_, :idList3081_, :idList3082_, :idList3083_, :idList3084_, :idList3085_, :idList3086_, :idList3087_, :idList3088_, :idList3089_, :idList3090_, :idList3091_, :idList3092_, :idList3093_, :idList3094_, :idList3095_, :idList3096_, :idList3097_, :idList3098_, :idList3099_, :idList3100_, :idList3101_, :idList3102_, :idList3103_, :idList3104_, :idList3105_, :idList3106_, :idList3107_, :idList3108_, :idList3109_, :idList3110_, :idList3111_, :idList3112_, :idList3113_, :idList3114_, :idList3115_, :idList3116_, :idList3117_, :idList3118_, :idList3119_, :idList3120_, :idList3121_, :idList3122_, :idList3123_, :idList3124_, :idList3125_, :idList3126_, :idList3127_, :idList3128_, :idList3129_, :idList3130_, :idList3131_, :idList3132_, :idList3133_, :idList3134_, :idList3135_, :idList3136_, :idList3137_, :idList3138_, :idList3139_, :idList3140_, :idList3141_, :idList3142_, :idList3143_, :idList3144_, :idList3145_, :idList3146_, :idList3147_, :idList3148_, :idList3149_, :idList3150_, :idList3151_, :idList3152_, :idList3153_, :idList3154_, :idList3155_, :idList3156_, :idList3157_, :idList3158_, :idList3159_, :idList3160_, :idList3161_, :idList3162_, :idList3163_, :idList3164_, :idList3165_, :idList3166_, :idList3167_, :idList3168_, :idList3169_, :idList3170_, :idList3171_, :idList3172_, :idList3173_, :idList3174_, :idList3175_, :idList3176_, :idList3177_, :idList3178_, :idList3179_, :idList3180_, :idList3181_, :idList3182_, :idList3183_, :idList3184_, :idList3185_, :idList3186_, :idList3187_, :idList3188_, :idList3189_, :idList3190_, :idList3191_, :idList3192_, :idList3193_, :idList3194_, :idList3195_, :idList3196_, :idList3197_, :idList3198_, :idList3199_, :idList3200_, :idList3201_, :idList3202_, :idList3203_, :idList3204_, :idList3205_, :idList3206_, :idList3207_, :idList3208_, :idList3209_, :idList3210_, :idList3211_, :idList3212_, :idList3213_, :idList3214_, :idList3215_, :idList3216_, :idList3217_, :idList3218_, :idList3219_, :idList3220_, :idList3221_, :idList3222_, :idList3223_, :idList3224_, :idList3225_, :idList3226_, :idList3227_, :idList3228_, :idList3229_, :idList3230_, :idList3231_, :idList3232_, :idList3233_, :idList3234_, :idList3235_, :idList3236_, :idList3237_, :idList3238_, :idList3239_, :idList3240_, :idList3241_, :idList3242_, :idList3243_, :idList3244_, :idList3245_, :idList3246_, :idList3247_, :idList3248_, :idList3249_, :idList3250_, :idList3251_, :idList3252_, :idList3253_, :idList3254_, :idList3255_, :idList3256_, :idList3257_, :idList3258_, :idList3259_, :idList3260_, :idList3261_, :idList3262_, :idList3263_, :idList3264_, :idList3265_, :idList3266_, :idList3267_, :idList3268_, :idList3269_, :idList3270_, :idList3271_, :idList3272_, :idList3273_, :idList3274_, :idList3275_, :idList3276_, :idList3277_, :idList3278_, :idList3279_, :idList3280_, :idList3281_, :idList3282_, :idList3283_, :idList3284_, :idList3285_, :idList3286_, :idList3287_, :idList3288_, :idList3289_, :idList3290_, :idList3291_, :idList3292_, :idList3293_, :idList3294_, :idList3295_, :idList3296_, :idList3297_, :idList3298_, :idList3299_, :idList3300_, :idList3301_, :idList3302_, :idList3303_, :idList3304_, :idList3305_, :idList3306_, :idList3307_, :idList3308_, :idList3309_, :idList3310_, :idList3311_, :idList3312_, :idList3313_, :idList3314_, :idList3315_, :idList3316_, :idList3317_, :idList3318_, :idList3319_, :idList3320_, :idList3321_, :idList3322_, :idList3323_, :idList3324_, :idList3325_, :idList3326_, :idList3327_, :idList3328_, :idList3329_, :idList3330_, :idList3331_, :idList3332_, :idList3333_, :idList3334_, :idList3335_, :idList3336_, :idList3337_, :idList3338_, :idList3339_, :idList3340_, :idList3341_, :idList3342_, :idList3343_, :idList3344_, :idList3345_, :idList3346_, :idList3347_, :idList3348_, :idList3349_, :idList3350_, :idList3351_, :idList3352_, :idList3353_, :idList3354_, :idList3355_, :idList3356_, :idList3357_, :idList3358_, :idList3359_, :idList3360_, :idList3361_, :idList3362_, :idList3363_, :idList3364_, :idList3365_, :idList3366_, :idList3367_, :idList3368_, :idList3369_, :idList3370_, :idList3371_, :idList3372_, :idList3373_, :idList3374_, :idList3375_, :idList3376_, :idList3377_, :idList3378_, :idList3379_, :idList3380_, :idList3381_, :idList3382_, :idList3383_, :idList3384_, :idList3385_, :idList3386_, :idList3387_, :idList3388_, :idList3389_, :idList3390_, :idList3391_, :idList3392_, :idList3393_, :idList3394_, :idList3395_, :idList3396_, :idList3397_, :idList3398_, :idList3399_, :idList3400_, :idList3401_, :idList3402_, :idList3403_, :idList3404_, :idList3405_, :idList3406_, :idList3407_, :idList3408_, :idList3409_, :idList3410_, :idList3411_, :idList3412_, :idList3413_, :idList3414_, :idList3415_, :idList3416_, :idList3417_, :idList3418_, :idList3419_, :idList3420_, :idList3421_, :idList3422_, :idList3423_, :idList3424_, :idList3425_, :idList3426_, :idList3427_, :idList3428_, :idList3429_, :idList3430_, :idList3431_, :idList3432_, :idList3433_, :idList3434_, :idList3435_, :idList3436_, :idList3437_, :idList3438_, :idList3439_, :idList3440_, :idList3441_, :idList3442_, :idList3443_, :idList3444_, :idList3445_, :idList3446_, :idList3447_, :idList3448_, :idList3449_, :idList3450_, :idList3451_, :idList3452_, :idList3453_, :idList3454_, :idList3455_, :idList3456_, :idList3457_, :idList3458_, :idList3459_, :idList3460_, :idList3461_, :idList3462_, :idList3463_, :idList3464_, :idList3465_, :idList3466_, :idList3467_, :idList3468_, :idList3469_, :idList3470_, :idList3471_, :idList3472_, :idList3473_, :idList3474_, :idList3475_, :idList3476_, :idList3477_, :idList3478_, :idList3479_, :idList3480_, :idList3481_, :idList3482_, :idList3483_, :idList3484_, :idList3485_, :idList3486_, :idList3487_, :idList3488_, :idList3489_, :idList3490_, :idList3491_, :idList3492_, :idList3493_, :idList3494_, :idList3495_, :idList3496_, :idList3497_, :idList3498_, :idList3499_, :idList3500_, :idList3501_, :idList3502_, :idList3503_, :idList3504_, :idList3505_, :idList3506_, :idList3507_, :idList3508_, :idList3509_, :idList3510_, :idList3511_, :idList3512_, :idList3513_, :idList3514_, :idList3515_, :idList3516_, :idList3517_, :idList3518_, :idList3519_, :idList3520_, :idList3521_, :idList3522_, :idList3523_, :idList3524_, :idList3525_, :idList3526_, :idList3527_, :idList3528_, :idList3529_, :idList3530_, :idList3531_, :idList3532_, :idList3533_, :idList3534_, :idList3535_, :idList3536_, :idList3537_, :idList3538_, :idList3539_, :idList3540_, :idList3541_, :idList3542_, :idList3543_, :idList3544_, :idList3545_, :idList3546_, :idList3547_, :idList3548_, :idList3549_, :idList3550_, :idList3551_, :idList3552_, :idList3553_, :idList3554_, :idList3555_, :idList3556_, :idList3557_, :idList3558_, :idList3559_, :idList3560_, :idList3561_, :idList3562_, :idList3563_, :idList3564_, :idList3565_, :idList3566_, :idList3567_, :idList3568_, :idList3569_, :idList3570_, :idList3571_, :idList3572_, :idList3573_, :idList3574_, :idList3575_, :idList3576_, :idList3577_, :idList3578_, :idList3579_, :idList3580_, :idList3581_, :idList3582_, :idList3583_, :idList3584_, :idList3585_, :idList3586_, :idList3587_, :idList3588_, :idList3589_, :idList3590_, :idList3591_, :idList3592_, :idList3593_, :idList3594_, :idList3595_, :idList3596_, :idList3597_, :idList3598_, :idList3599_, :idList3600_, :idList3601_, :idList3602_, :idList3603_, :idList3604_, :idList3605_, :idList3606_, :idList3607_, :idList3608_, :idList3609_, :idList3610_, :idList3611_, :idList3612_, :idList3613_, :idList3614_, :idList3615_, :idList3616_, :idList3617_, :idList3618_, :idList3619_, :idList3620_, :idList3621_, :idList3622_, :idList3623_, :idList3624_, :idList3625_, :idList3626_, :idList3627_, :idList3628_, :idList3629_, :idList3630_, :idList3631_, :idList3632_, :idList3633_, :idList3634_, :idList3635_, :idList3636_, :idList3637_, :idList3638_, :idList3639_, :idList3640_, :idList3641_, :idList3642_, :idList3643_, :idList3644_, :idList3645_, :idList3646_, :idList3647_, :idList3648_, :idList3649_, :idList3650_, :idList3651_, :idList3652_, :idList3653_, :idList3654_, :idList3655_, :idList3656_, :idList3657_, :idList3658_, :idList3659_, :idList3660_, :idList3661_, :idList3662_, :idList3663_, :idList3664_, :idList3665_, :idList3666_, :idList3667_, :idList3668_, :idList3669_, :idList3670_, :idList3671_, :idList3672_, :idList3673_, :idList3674_, :idList3675_, :idList3676_, :idList3677_, :idList3678_, :idList3679_, :idList3680_, :idList3681_, :idList3682_, :idList3683_, :idList3684_, :idList3685_, :idList3686_, :idList3687_, :idList3688_, :idList3689_, :idList3690_, :idList3691_, :idList3692_, :idList3693_, :idList3694_, :idList3695_, :idList3696_, :idList3697_, :idList3698_, :idList3699_, :idList3700_, :idList3701_, :idList3702_, :idList3703_, :idList3704_, :idList3705_, :idList3706_, :idList3707_, :idList3708_, :idList3709_, :idList3710_, :idList3711_, :idList3712_, :idList3713_, :idList3714_, :idList3715_, :idList3716_, :idList3717_, :idList3718_, :idList3719_, :idList3720_, :idList3721_, :idList3722_, :idList3723_, :idList3724_, :idList3725_, :idList3726_, :idList3727_, :idList3728_, :idList3729_, :idList3730_, :idList3731_, :idList3732_, :idList3733_, :idList3734_, :idList3735_, :idList3736_, :idList3737_, :idList3738_, :idList3739_, :idList3740_, :idList3741_, :idList3742_, :idList3743_, :idList3744_, :idList3745_, :idList3746_, :idList3747_, :idList3748_, :idList3749_, :idList3750_, :idList3751_, :idList3752_, :idList3753_, :idList3754_, :idList3755_, :idList3756_, :idList3757_, :idList3758_, :idList3759_, :idList3760_, :idList3761_, :idList3762_, :idList3763_, :idList3764_, :idList3765_, :idList3766_, :idList3767_, :idList3768_, :idList3769_, :idList3770_, :idList3771_, :idList3772_, :idList3773_, :idList3774_, :idList3775_, :idList3776_, :idList3777_, :idList3778_, :idList3779_, :idList3780_, :idList3781_, :idList3782_, :idList3783_, :idList3784_, :idList3785_, :idList3786_, :idList3787_, :idList3788_, :idList3789_, :idList3790_, :idList3791_, :idList3792_, :idList3793_, :idList3794_, :idList3795_, :idList3796_, :idList3797_, :idList3798_, :idList3799_, :idList3800_, :idList3801_, :idList3802_, :idList3803_, :idList3804_, :idList3805_, :idList3806_, :idList3807_, :idList3808_, :idList3809_, :idList3810_, :idList3811_, :idList3812_, :idList3813_, :idList3814_, :idList3815_, :idList3816_, :idList3817_, :idList3818_, :idList3819_, :idList3820_, :idList3821_, :idList3822_, :idList3823_, :idList3824_, :idList3825_, :idList3826_, :idList3827_, :idList3828_, :idList3829_, :idList3830_, :idList3831_, :idList3832_, :idList3833_, :idList3834_, :idList3835_, :idList3836_, :idList3837_, :idList3838_, :idList3839_, :idList3840_, :idList3841_, :idList3842_, :idList3843_, :idList3844_, :idList3845_, :idList3846_, :idList3847_, :idList3848_, :idList3849_, :idList3850_, :idList3851_, :idList3852_, :idList3853_, :idList3854_, :idList3855_, :idList3856_, :idList3857_, :idList3858_, :idList3859_, :idList3860_, :idList3861_, :idList3862_, :idList3863_, :idList3864_, :idList3865_, :idList3866_, :idList3867_, :idList3868_, :idList3869_, :idList3870_, :idList3871_, :idList3872_, :idList3873_, :idList3874_, :idList3875_, :idList3876_, :idList3877_, :idList3878_, :idList3879_, :idList3880_, :idList3881_, :idList3882_, :idList3883_, :idList3884_, :idList3885_, :idList3886_, :idList3887_, :idList3888_, :idList3889_, :idList3890_, :idList3891_, :idList3892_, :idList3893_, :idList3894_, :idList3895_, :idList3896_, :idList3897_, :idList3898_, :idList3899_, :idList3900_, :idList3901_, :idList3902_, :idList3903_, :idList3904_, :idList3905_, :idList3906_, :idList3907_, :idList3908_, :idList3909_, :idList3910_, :idList3911_, :idList3912_, :idList3913_, :idList3914_, :idList3915_, :idList3916_, :idList3917_, :idList3918_, :idList3919_, :idList3920_, :idList3921_, :idList3922_, :idList3923_, :idList3924_, :idList3925_, :idList3926_, :idList3927_, :idList3928_, :idList3929_, :idList3930_, :idList3931_, :idList3932_, :idList3933_, :idList3934_, :idList3935_, :idList3936_, :idList3937_, :idList3938_, :idList3939_, :idList3940_, :idList3941_, :idList3942_, :idList3943_, :idList3944_, :idList3945_, :idList3946_, :idList3947_, :idList3948_, :idList3949_, :idList3950_, :idList3951_, :idList3952_, :idList3953_, :idList3954_, :idList3955_, :idList3956_, :idList3957_, :idList3958_, :idList3959_, :idList3960_, :idList3961_, :idList3962_, :idList3963_, :idList3964_, :idList3965_, :idList3966_, :idList3967_, :idList3968_, :idList3969_, :idList3970_, :idList3971_, :idList3972_, :idList3973_, :idList3974_, :idList3975_, :idList3976_, :idList3977_, :idList3978_, :idList3979_, :idList3980_, :idList3981_, :idList3982_, :idList3983_, :idList3984_, :idList3985_, :idList3986_, :idList3987_, :idList3988_, :idList3989_, :idList3990_, :idList3991_, :idList3992_, :idList3993_, :idList3994_, :idList3995_, :idList3996_, :idList3997_, :idList3998_, :idList3999_ )
14:12:09,902 DEBUG QueryTranslatorImpl:236 - SQL: select stateprovi0_.id as id0_, stateprovi0_.name as name0_, stateprovi0_.isoCode as isoCode0_ from StateProvince stateprovi0_ where stateprovi0_.id in (? , ? , ? , ? , ? , ? , ? , ? , ? , ? , ? , ? , ? , ? , ? , ? , ? , ? , ? , ? , ? , ? , ? , ? , ? , ? , ? , ? , ? , ? , ? , ? , ? , ? , ? , ? , ? , ? , ? , ? , ? , ? , ? , ? , ? , ? , ? , ? , ? , ? , ? , ? , ? , ? , ? , ? , ? , ? , ? , ? , ? , ? , ? , ? , ? , ? , ? , ? , ? , ? , ? , ? , ? , ? , ? , ? , ? , ? , ? , ? , ? , ? , ? , ? , ? , ? , ? , ? , ? , ? , ? , ? , ? , ? , ? , ? , ? , ? , ? , ? , ? , ? , ? , ? , ? , ? , ? , ? , ? , ? , ? , ? , ? , ? , ? , ? , ? , ? , ? , ? , ? , ? , ? , ? , ? , ? , ? , ? , ? , ? , ? , ? , ? , ? , ? , ? , ? , ? , ? , ? , ? , ? , ? , ? , ? , ? , ? , ? , ? , ? , ? , ? , ? , ? , ? , ? , ? , ? , ? , ? , ? , ? , ? , ? , ? , ? , ? , ? , ? , ? , ? , ? , ? , ? , ? , ? , ? , ? , ? , ? , ? , ? , ? , ? , ? , ? , ? , ? , ? , ? , ? , ? , ? , ? , ? , ? , ? , ? , ? , ? , ? , ? , ? , ? , ? , ? , ? , ? , ? , ? , ? , ? , ? , ? , ? , ? , ? , ? , ? , ? , ? , ? , ? , ? , ? , ? , ? , ? , ? , ? , ? , ? , ? , ? , ? , ? , ? , ? , ? , ? , ? , ? , ? , ? , ? , ? , ? , ? , ? , ? , ? , ? , ? , ? , ? , ? , ? , ? , ? , ? , ? , ? , ? , ? , ? , ? , ? , ? , ? , ? , ? , ? , ? , ? , ? , ? , ? , ? , ? , ? , ? , ? , ? , ? , ? , ? , ? , ? , ? , ? , ? , ? , ? , ? , ? , ? , ? , ? , ? , ? , ? , ? , ? , ? , ? , ? , ? , ? , ? , ? , ? , ? , ? , ? , ? , ? , ? , ? , ? , ? , ? , ? , ? , ? , ? , ? , ? , ? , ? , ? , ? , ? , ? , ? , ? , ? , ? , ? , ? , ? , ? , ? , ? , ? , ? , ? , ? , ? , ? , ? , ? , ? , ? , ? , ? , ? , ? , ? , ? , ? , ? , ? , ? , ? , ? , ? , ? , ? , ? , ? , ? , ? , ? , ? , ? , ? , ? , ? , ? , ? , ? , ? , ? , ? , ? , ? , ? , ? , ? , ? , ? , ? , ? , ? , ? , ? , ? , ? , ? , ? , ? , ? , ? , ? , ? , ? , ? , ? , ? , ? , ? , ? , ? , ? , ? , ? , ? , ? , ? , ? , ? , ? , ? , ? , ? , ? , ? , ? , ? , ? , ? , ? , ? , ? , ? , ? , ? , ? , ? , ? , ? , ? , ? , ? , ? , ? , ? , ? , ? , ? , ? , ? , ? , ? , ? , ? , ? , ? , ? , ? , ? , ? , ? , ? , ? , ? , ? , ? , ? , ? , ? , ? , ? , ? , ? , ? , ? , ? , ? , ? , ? , ? , ? , ? , ? , ? , ? , ? , ? , ? , ? , ? , ? , ? , ? , ? , ? , ? , ? , ? , ? , ? , ? , ? , ? , ? , ? , ? , ? , ? , ? , ? , ? , ? , ? , ? , ? , ? , ? , ? , ? , ? , ? , ? , ? , ? , ? , ? , ? , ? , ? , ? , ? , ? , ? , ? , ? , ? , ? , ? , ? , ? , ? , ? , ? , ? , ? , ? , ? , ? , ? , ? , ? , ? , ? , ? , ? , ? , ? , ? , ? , ? , ? , ? , ? , ? , ? , ? , ? , ? , ? , ? , ? , ? , ? , ? , ? , ? , ? , ? , ? , ? , ? , ? , ? , ? , ? , ? , ? , ? , ? , ? , ? , ? , ? , ? , ? , ? , ? , ? , ? , ? , ? , ? , ? , ? , ? , ? , ? , ? , ? , ? , ? , ? , ? , ? , ? , ? , ? , ? , ? , ? , ? , ? , ? , ? , ? , ? , ? , ? , ? , ? , ? , ? , ? , ? , ? , ? , ? , ? , ? , ? , ? , ? , ? , ? , ? , ? , ? , ? , ? , ? , ? , ? , ? , ? , ? , ? , ? , ? , ? , ? , ? , ? , ? , ? , ? , ? , ? , ? , ? , ? , ? , ? , ? , ? , ? , ? , ? , ? , ? , ? , ? , ? , ? , ? , ? , ? , ? , ? , ? , ? , ? , ? , ? , ? , ? , ? , ? , ? , ? , ? , ? , ? , ? , ? , ? , ? , ? , ? , ? , ? , ? , ? , ? , ? , ? , ? , ? , ? , ? , ? , ? , ? , ? , ? , ? , ? , ? , ? , ? , ? , ? , ? , ? , ? , ? , ? , ? , ? , ? , ? , ? , ? , ? , ? , ? , ? , ? , ? , ? , ? , ? , ? , ? , ? , ? , ? , ? , ? , ? , ? , ? , ? , ? , ? , ? , ? , ? , ? , ? , ? , ? , ? , ? , ? , ? , ? , ? , ? , ? , ? , ? , ? , ? , ? , ? , ? , ? , ? , ? , ? , ? , ? , ? , ? , ? , ? , ? , ? , ? , ? , ? , ? , ? , ? , ? , ? , ? , ? , ? , ? , ? , ? , ? , ? , ? , ? , ? , ? , ? , ? , ? , ? , ? , ? , ? , ? , ? , ? , ? , ? , ? , ? , ? , ? , ? , ? , ? , ? , ? , ? , ? , ? , ? , ? , ? , ? , ? , ? , ? , ? , ? , ? , ? , ? , ? , ? , ? , ? , ? , ? , ? , ? , ? , ? , ? , ? , ? , ? , ? , ? , ? , ? , ? , ? , ? , ? , ? , ? , ? , ? , ? , ? , ? , ? , ? , ? , ? , ? , ? , ? , ? , ? , ? , ? , ? , ? , ? , ? , ? , ? , ? , ? , ? , ? , ? , ? , ? , ? , ? , ? , ? , ? , ? , ? , ? , ? , ? , ? , ? , ? , ? , ? , ? , ? , ? , ? , ? , ? , ? , ? , ? , ? , ? , ? , ? , ? , ? , ? , ? , ? , ? , ? , ? , ? , ? , ? , ? , ? , ? , ? , ? , ? , ? , ? , ? , ? , ? , ? , ? , ? , ? , ? , ? , ? , ? , ? , ? , ? , ? , ? , ? , ? , ? , ? , ? , ? , ? , ? , ? , ? , ? , ? , ? , ? , ? , ? , ? , ? , ? , ? , ? , ? , ? , ? , ? , ? , ? , ? , ? , ? , ? , ? , ? , ? , ? , ? , ? , ? , ? , ? , ? , ? , ? , ? , ? , ? , ? , ? , ? , ? , ? , ? , ? , ? , ? , ? , ? , ? , ? , ? , ? , ? , ? , ? , ? , ? , ? , ? , ? , ? , ? , ? , ? , ? , ? , ? , ? , ? , ? , ? , ? , ? , ? , ? , ? , ? , ? , ? , ? , ? , ? , ? , ? , ? , ? , ? , ? , ? , ? , ? , ? , ? , ? , ? , ? , ? , ? , ? , ? , ? , ? , ? , ? , ? , ? , ? , ? , ? , ? , ? , ? , ? , ? , ? , ? , ? , ? , ? , ? , ? , ? , ? , ? , ? , ? , ? , ? , ? , ? , ? , ? , ? , ? , ? , ? , ? , ? , ? , ? , ? , ? , ? , ? , ? , ? , ? , ? , ? , ? , ? , ? , ? , ? , ? , ? , ? , ? , ? , ? , ? , ? , ? , ? , ? , ? , ? , ? , ? , ? , ? , ? , ? , ? , ? , ? , ? , ? , ? , ? , ? , ? , ? , ? , ? , ? , ? , ? , ? , ? , ? , ? , ? , ? , ? , ? , ? , ? , ? , ? , ? , ? , ? , ? , ? , ? , ? , ? , ? , ? , ? , ? , ? , ? , ? , ? , ? , ? , ? , ? , ? , ? , ? , ? , ? , ? , ? , ? , ? , ? , ? , ? , ? , ? , ? , ? , ? , ? , ? , ? , ? , ? , ? , ? , ? , ? , ? , ? , ? , ? , ? , ? , ? , ? , ? , ? , ? , ? , ? , ? , ? , ? , ? , ? , ? , ? , ? , ? , ? , ? , ? , ? , ? , ? , ? , ? , ? , ? , ? , ? , ? , ? , ? , ? , ? , ? , ? , ? , ? , ? , ? , ? , ? , ? , ? , ? , ? , ? , ? , ? , ? , ? , ? , ? , ? , ? , ? , ? , ? , ? , ? , ? , ? , ? , ? , ? , ? , ? , ? , ? , ? , ? , ? , ? , ? , ? , ? , ? , ? , ? , ? , ? , ? , ? , ? , ? , ? , ? , ? , ? , ? , ? , ? , ? , ? , ? , ? , ? , ? , ? , ? , ? , ? , ? , ? , ? , ? , ? , ? , ? , ? , ? , ? , ? , ? , ? , ? , ? , ? , ? , ? , ? , ? , ? , ? , ? , ? , ? , ? , ? , ? , ? , ? , ? , ? , ? , ? , ? , ? , ? , ? , ? , ? , ? , ? , ? , ? , ? , ? , ? , ? , ? , ? , ? , ? , ? , ? , ? , ? , ? , ? , ? , ? , ? , ? , ? , ? , ? , ? , ? , ? , ? , ? , ? , ? , ? , ? , ? , ? , ? , ? , ? , ? , ? , ? , ? , ? , ? , ? , ? , ? , ? , ? , ? , ? , ? , ? , ? , ? , ? , ? , ? , ? , ? , ? , ? , ? , ? , ? , ? , ? , ? , ? , ? , ? , ? , ? , ? , ? , ? , ? , ? , ? , ? , ? , ? , ? , ? , ? , ? , ? , ? , ? , ? , ? , ? , ? , ? , ? , ? , ? , ? , ? , ? , ? , ? , ? , ? , ? , ? , ? , ? , ? , ? , ? , ? , ? , ? , ? , ? , ? , ? , ? , ? , ? , ? , ? , ? , ? , ? , ? , ? , ? , ? , ? , ? , ? , ? , ? , ? , ? , ? , ? , ? , ? , ? , ? , ? , ? , ? , ? , ? , ? , ? , ? , ? , ? , ? , ? , ? , ? , ? , ? , ? , ? , ? , ? , ? , ? , ? , ? , ? , ? , ? , ? , ? , ? , ? , ? , ? , ? , ? , ? , ? , ? , ? , ? , ? , ? , ? , ? , ? , ? , ? , ? , ? , ? , ? , ? , ? , ? , ? , ? , ? , ? , ? , ? , ? , ? , ? , ? , ? , ? , ? , ? , ? , ? , ? , ? , ? , ? , ? , ? , ? , ? , ? , ? , ? , ? , ? , ? , ? , ? , ? , ? , ? , ? , ? , ? , ? , ? , ? , ? , ? , ? , ? , ? , ? , ? , ? , ? , ? , ? , ? , ? , ? , ? , ? , ? , ? , ? , ? , ? , ? , ? , ? , ? , ? , ? , ? , ? , ? , ? , ? , ? , ? , ? , ? , ? , ? , ? , ? , ? , ? , ? , ? , ? , ? , ? , ? , ? , ? , ? , ? , ? , ? , ? , ? , ? , ? , ? , ? , ? , ? , ? , ? , ? , ? , ? , ? , ? , ? , ? , ? , ? , ? , ? , ? , ? , ? , ? , ? , ? , ? , ? , ? , ? , ? , ? , ? , ? , ? , ? , ? , ? , ? , ? , ? , ? , ? , ? , ? , ? , ? , ? , ? , ? , ? , ? , ? , ? , ? , ? , ? , ? , ? , ? , ? , ? , ? , ? , ? , ? , ? , ? , ? , ? , ? , ? , ? , ? , ? , ? , ? , ? , ? , ? , ? , ? , ? , ? , ? , ? , ? , ? , ? , ? , ? , ? , ? , ? , ? , ? , ? , ? , ? , ? , ? , ? , ? , ? , ? , ? , ? , ? , ? , ? , ? , ? , ? , ? , ? , ? , ? , ? , ? , ? , ? , ? , ? , ? , ? , ? , ? , ? , ? , ? , ? , ? , ? , ? , ? , ? , ? , ? , ? , ? , ? , ? , ? , ? , ? , ? , ? , ? , ? , ? , ? , ? , ? , ? , ? , ? , ? , ? , ? , ? , ? , ? , ? , ? , ? , ? , ? , ? , ? , ? , ? , ? , ? , ? , ? , ? , ? , ? , ? , ? , ? , ? , ? , ? , ? , ? , ? , ? , ? , ? , ? , ? , ? , ? , ? , ? , ? , ? , ? , ? , ? , ? , ? , ? , ? , ? , ? , ? , ? , ? , ? , ? , ? , ? , ? , ? , ? , ? , ? , ? , ? , ? , ? , ? , ? , ? , ? , ? , ? , ? , ? , ? , ? , ? , ? , ? , ? , ? , ? , ? , ? , ? , ? , ? , ? , ? , ? , ? , ? , ? , ? , ? , ? , ? , ? , ? , ? , ? , ? , ? , ? , ? , ? , ? , ? , ? , ? , ? , ? , ? , ? , ? , ? , ? , ? , ? , ? , ? , ? , ? , ? , ? , ? , ? , ? , ? , ? , ? , ? , ? , ? , ? , ? , ? , ? , ? , ? , ? , ? , ? , ? , ? , ? , ? , ? , ? , ? , ? , ? , ? , ? , ? , ? , ? , ? , ? , ? , ? , ? , ? , ? , ? , ? , ? , ? , ? , ? , ? , ? , ? , ? , ? , ? , ? , ? , ? , ? , ? , ? , ? , ? , ? , ? , ? , ? , ? , ? , ? , ? , ? , ? , ? , ? , ? , ? , ? , ? , ? , ? , ? , ? , ? , ? , ? , ? , ? , ? , ? , ? , ? , ? , ? , ? , ? , ? , ? , ? , ? , ? , ? , ? , ? , ? , ? , ? , ? , ? , ? , ? , ? , ? , ? , ? , ? , ? , ? , ? , ? , ? , ? , ? , ? , ? , ? , ? , ? , ? , ? , ? , ? , ? , ? , ? , ? , ? , ? , ? , ? , ? , ? , ? , ? , ? , ? , ? , ? , ? , ? , ? , ? , ? , ? , ? , ? , ? , ? , ? , ? , ? , ? , ? , ? , ? , ? , ? , ? , ? , ? , ? , ? , ? , ? , ? , ? , ? , ? , ? , ? , ? , ? , ? , ? , ? , ? , ? , ? , ? , ? , ? , ? , ? , ? , ? , ? , ? , ? , ? , ? , ? , ? , ? , ? , ? , ? , ? , ? , ? , ? , ? , ? , ? , ? , ? , ? , ? , ? , ? , ? , ? , ? , ? , ? , ? , ? , ? , ? , ? , ? , ? , ? , ? , ? , ? , ? , ? , ? , ? , ? , ? , ? , ? , ? , ? , ? , ? , ? , ? , ? , ? , ? , ? , ? , ? , ? , ? , ? , ? , ? , ? , ? , ? , ? , ? , ? , ? , ? , ? , ? , ? , ? , ? , ? , ? , ? , ? , ? , ? , ? , ? , ? , ? , ? , ? , ? , ? , ? , ? , ? , ? , ? , ? , ? , ? , ? , ? , ? , ? , ? , ? , ? , ? , ? , ? , ? , ? , ? , ? , ? , ? , ? , ? , ? , ? , ? , ? , ? , ? , ? , ? , ? , ? , ? , ? , ? , ? , ? , ? , ? , ? , ? , ? , ? , ? , ? , ? , ? , ? , ? , ? , ? , ? , ? , ? , ? , ? , ? , ? , ? , ? , ? , ? , ? , ? , ? , ? , ? , ? , ? , ? , ? , ? , ? , ? , ? , ? , ? , ? , ? , ? , ? , ? , ? , ? , ? , ? , ? , ? , ? , ? , ? , ? , ? , ? , ? , ? , ? , ? , ? , ? , ? , ? , ? , ? , ? , ? , ? , ? , ? , ? , ? , ? , ? , ? , ? , ? , ? , ? , ? , ? , ? , ? , ? , ? , ? , ? , ? , ? , ? , ? , ? , ? , ? , ? , ? , ? , ? , ? , ? , ? , ? , ? , ? , ? , ? , ? , ? , ? , ? , ? , ? , ? , ? , ? , ? , ? , ? , ? , ? , ? , ? , ? , ? , ? , ? , ? , ? , ? , ? , ? , ? , ? , ? , ? , ? , ? , ? , ? , ? , ? , ? , ? , ? , ? , ? , ? , ? , ? , ? , ? , ? , ? , ? , ? , ? , ? , ? , ? , ? , ? , ? , ? , ? , ? , ? , ? , ? , ? , ? , ? , ? , ? , ? , ? , ? , ? , ? , ? , ? , ? , ? , ? , ? , ? , ? , ? , ? , ? , ? , ? , ? , ? , ? , ? , ? , ? , ? , ? , ? , ? , ? , ? , ? , ? , ? , ? , ? , ? , ? , ? , ? , ? , ? , ? , ? , ? , ? , ? , ? , ? , ? , ? , ? , ? , ? , ? , ? , ? , ? , ? , ? , ? , ? , ? , ? , ? , ? , ? , ? , ? , ? , ? , ? , ? , ? , ? , ? , ? , ? , ? , ? , ? , ? , ? , ? , ? , ? , ? , ? , ? , ? , ? , ? , ? , ? , ? , ? , ? , ? , ? , ? , ? , ? , ? , ? , ? , ? , ? , ? , ? , ? , ? , ? , ? , ? , ? , ? , ? , ? , ? , ? , ? , ? , ? , ? , ? , ? , ? , ? , ? , ? , ? , ? , ? , ? , ? , ? , ? , ? , ? , ? , ? , ? , ? , ? , ? , ? , ? , ? , ? , ? , ? , ? , ? , ? , ? , ? , ? , ? , ? , ? , ? , ? , ? , ? , ? , ? , ? , ? , ? , ? , ? , ? , ? , ? , ? , ? , ? , ? , ? , ? , ? , ? , ? , ? , ? , ? , ? , ? , ? , ? , ? , ? , ? , ? , ? , ? , ? , ? , ? , ? , ? , ? , ? , ? , ? , ? , ? , ? , ? , ? , ? , ? , ? , ? , ? , ? , ? , ? , ? , ? , ? , ? , ? , ? , ? , ? , ? , ? , ? , ? , ? , ? , ? , ? , ? , ? , ? , ? , ? , ? , ? , ? , ? , ? , ? , ? , ? , ? , ? , ? , ? , ? , ? , ? , ? , ? , ? , ? , ? , ? , ? , ? , ? , ? , ? , ? , ? , ? , ? , ? , ? , ? , ? , ? , ? , ? , ? , ? , ? , ? , ? , ? , ? , ? , ? , ? , ? , ? , ? , ? , ? , ? , ? , ? , ? , ? , ? , ? , ? , ? , ? , ? , ? , ? , ? , ? , ? , ? , ? , ? , ? , ? , ? , ? , ? , ? , ? , ? , ? , ? , ? , ? , ? , ? , ? , ? , ? , ? , ? , ? , ? , ? , ? , ? , ? , ? , ? , ? , ? , ? , ? , ? , ? , ? , ? , ? , ? , ? , ? , ? , ? , ? , ? , ? , ? , ? , ? , ? , ? , ? , ? , ? , ? , ? , ? , ? , ? , ? , ? , ? , ? , ? , ? , ? , ? , ? , ? , ? , ? , ? , ? , ? , ? , ? , ? , ? , ? , ? , ? , ? , ? , ? , ? , ? , ? , ? , ? , ? , ? , ? , ? , ? , ? , ? , ? , ? , ? , ? , ? , ? , ? , ? , ? , ? , ? , ? , ? , ? , ? , ? , ? , ? , ? , ? , ? , ? , ? , ? , ? , ? , ? , ? , ? , ? , ? , ? , ? , ? , ? , ? , ? , ? , ? , ? , ? , ? , ? , ? , ? , ? , ? , ? , ? , ? , ? , ? , ? , ? , ? , ? , ? , ? , ? , ? , ? , ? , ? , ? , ? , ? , ? , ? , ? , ? , ? , ? , ? , ? , ? , ? , ? , ? , ? , ? , ? , ? , ? , ? , ? , ? , ? , ? , ? , ? , ? , ? , ? , ? , ? , ? , ? , ? , ? , ? , ? , ? , ? , ? , ? , ? , ? , ? , ? , ? , ? , ? , ? , ? , ? , ? , ? , ? , ? , ? , ? , ? , ? , ? , ? , ? , ? , ? , ? , ? , ? , ? , ? , ? , ? , ? , ? , ? , ? , ? , ? , ? , ? , ? , ? , ? , ? , ? , ? , ? , ? , ? , ? , ? , ? , ? , ? , ? , ? , ? , ? , ? , ? , ? , ? , ? , ? , ? , ? , ? , ? , ? , ? , ? , ? , ? , ? , ? , ? , ? , ? , ? , ? , ? , ? , ? , ? , ? , ? , ? , ? , ? , ? , ? , ? , ? , ? , ? , ? , ? , ? , ? , ? , ? , ? , ? , ? , ? , ? , ? , ? , ? , ? , ? , ? , ? , ? , ? , ? , ? , ? , ? , ? , ? , ? , ? , ? , ? , ? , ? , ? , ? , ? , ? , ? , ? , ? , ? , ? , ? , ? , ? , ? , ? , ? , ? , ? , ? , ? , ? , ? , ? , ? , ? , ? , ? , ? , ? , ? , ? , ? , ? , ? , ? , ? , ? , ? , ? , ? , ? , ? , ? , ? , ? , ? , ? , ? , ? , ? , ? , ? , ? , ? , ? , ? , ? , ? , ? , ? , ? , ? , ? , ? , ? , ? , ? , ? , ? , ? , ? , ? , ? , ? , ? , ? , ? , ? , ? , ? , ? , ? , ? , ? , ? , ? , ? , ? , ? , ? , ? , ? , ? , ? , ? , ? , ? , ? , ? , ? , ? , ? , ? , ? , ? , ? , ? , ? , ? , ? , ? , ? , ? , ? , ? , ? , ? , ? , ? , ? , ? , ? , ? , ? , ? , ? , ? , ? , ? , ? , ? , ? , ? , ? , ? , ? , ? , ? , ? , ? , ? , ? , ? , ? , ? , ? , ? , ? , ? , ? , ? , ? , ? , ? , ? , ? , ? , ? , ? , ? , ? , ? , ? , ? , ? , ? , ? , ? , ? , ? , ? , ? , ? , ? , ? , ? , ? , ? , ? , ? , ? , ? , ? , ? , ? , ? , ? , ? , ? , ? , ? , ? , ? , ? , ? , ? , ? , ? , ? , ? , ? , ? , ? , ? , ? , ? , ? , ? , ? , ? , ? , ? , ? , ? , ? , ? , ? , ? , ? , ? , ? , ? , ? , ? , ? , ? , ? , ? , ? , ? , ? , ? , ? , ? , ? , ? , ? , ? , ? , ? , ? , ? , ? , ? , ? , ? , ? , ? , ? , ? , ? , ? , ? , ? , ? , ? , ? , ? , ? , ? , ? , ? , ? , ? , ? , ? , ? , ? , ? , ? , ? , ? , ? , ? , ? , ? , ? , ? , ? , ? , ? , ? , ? , ? , ? , ? , ? , ? , ? , ? , ? , ? , ? , ? , ? , ? , ? , ? , ? , ? , ? , ? , ? , ? , ? , ? , ? , ? , ? , ? , ? , ? , ? , ? , ? , ? , ? , ? , ? , ? , ? , ? , ? , ? , ? , ? , ? , ? , ? , ? , ? , ? , ? , ? , ? , ? , ? , ? , ? , ? , ? , ? , ? , ? , ? , ? , ? , ? , ? , ? , ? , ? , ? , ? , ? , ? , ? , ? , ? , ? , ? , ? , ? , ? , ? , ? , ? , ? , ? , ? , ? , ? , ? , ? , ? , ? , ? , ? , ? , ? , ? , ? , ? , ? , ? , ? , ? , ? , ? , ? , ? , ? , ? , ? , ? , ? , ? , ? , ? , ? , ? , ? , ? , ? , ? , ? , ? , ? , ? , ? , ? , ? , ? , ? , ? , ? , ? , ? , ? , ? , ? , ? , ? , ? , ? , ? , ? , ? , ? , ? , ? , ? , ? , ? , ? , ? , ? , ? , ? , ? , ? , ? , ? , ? , ? , ? , ? , ? , ? , ? , ? , ? , ? , ? , ? , ? , ? , ? , ? , ? , ? , ? , ? , ? , ? , ? , ? , ? , ? , ? , ? , ? , ? , ? , ? , ? , ? , ? , ? , ? , ? , ? , ? , ? , ? , ? , ? , ? , ? , ? , ? , ? , ? , ? , ? , ? , ? , ? , ? , ? , ? , ? , ? , ? , ? , ? , ? , ? , ? , ? , ? , ? , ? , ? , ? , ? , ? , ? , ? , ? , ? , ? , ? , ? , ? , ? , ? , ? , ? , ? , ? , ? , ? , ? , ? , ? , ? , ? , ? , ? , ? , ? , ? , ? , ? , ? , ? , ? , ? , ? , ? , ? , ? , ? , ? , ? , ? , ? , ? , ? , ? , ? , ? , ? , ? , ? , ? , ? , ? , ? , ? , ? , ? , ? , ? , ? , ? , ? , ? , ? , ? , ? , ? , ? , ? , ? , ? , ? , ? , ? , ? , ? , ? , ? , ? , ? , ? , ? , ? , ? , ? , ? , ? , ? , ? , ? , ? , ? , ? , ? , ? , ? , ? , ? , ? , ? , ? , ? , ? , ? , ? , ? , ? , ? , ? , ? , ? , ? , ? , ? , ? , ? , ? , ? , ? , ? , ? , ? , ? , ? , ? , ? , ? , ? , ? , ? , ? , ? , ? , ? , ? , ? , ? , ? , ? , ? , ? , ? , ? , ? , ? , ? , ? , ? , ? , ? , ? , ? , ? , ? , ? , ? , ? , ? , ? , ? , ? , ? , ? , ? , ? , ? , ? , ? , ? , ? , ? , ? , ? , ? , ? , ? , ? , ? , ? , ? , ? , ? , ? , ? , ? , ? , ? , ? , ? , ? , ? , ? , ? , ? , ? , ? , ? , ? , ? , ? , ? , ? , ? , ? , ? , ? , ? , ? , ? , ? , ? , ? , ? , ? , ? , ? , ? , ? , ? , ? , ? , ? , ? , ? , ? , ? , ? , ? , ? , ? , ? , ? , ? , ? , ? , ? , ? , ? , ? , ? , ? , ? , ? , ? , ? , ? , ? , ? , ? , ? , ? , ? , ? , ? , ? , ? , ? , ? , ? , ? , ? , ? , ? , ? , ? , ? , ? , ? , ? , ? , ? , ? , ? , ? , ? , ? , ? , ? , ? , ? , ? , ? , ? , ? , ? , ? , ? , ? , ? , ? , ? , ? , ? , ? , ? , ? , ? , ? , ? , ? , ? , ? , ? , ? , ? , ? , ? , ? , ? , ? , ? , ? , ? , ? , ? , ? , ? , ? , ? , ? , ? , ? , ? , ? , ? , ? , ? , ? , ? , ? , ? , ? , ? , ? , ? , ? , ? , ? , ? , ? , ? , ? , ? , ? , ? , ? , ? , ? , ? , ? , ? , ? , ? , ? , ? , ? , ? , ? , ? , ? , ? , ? , ? , ? , ? , ? , ? , ? , ? , ? , ? , ? , ? , ? , ? , ? , ? , ? , ? , ? , ? , ? , ? , ? , ? , ? , ? , ? , ? , ? , ? , ? , ? , ? , ? , ? , ? , ? , ? , ? , ? , ? , ?)
14:12:09,902 DEBUG ErrorCounter:82 - throwQueryException() : no errors
14:12:11,361 DEBUG SQL:104 - 
    select
        stateprovi0_.id as id0_,
        stateprovi0_.name as name0_,
        stateprovi0_.isoCode as isoCode0_ 
    from
        StateProvince stateprovi0_ 
    where
        stateprovi0_.id in (
            ? , ? , ? , ? , ? , ? , ? , ? , ? , ? , ? , ? , ? , ? , ? , ? , ? , ? , ? , ? , ? , ? , ? , ? , ? , ? , ? , ? , ? , ? , ? , ? , ? , ? , ? , ? , ? , ? , ? , ? , ? , ? , ? , ? , ? , ? , ? , ? , ? , ? , ? , ? , ? , ? , ? , ? , ? , ? , ? , ? , ? , ? , ? , ? , ? , ? , ? , ? , ? , ? , ? , ? , ? , ? , ? , ? , ? , ? , ? , ? , ? , ? , ? , ? , ? , ? , ? , ? , ? , ? , ? , ? , ? , ? , ? , ? , ? , ? , ? , ? , ? , ? , ? , ? , ? , ? , ? , ? , ? , ? , ? , ? , ? , ? , ? , ? , ? , ? , ? , ? , ? , ? , ? , ? , ? , ? , ? , ? , ? , ? , ? , ? , ? , ? , ? , ? , ? , ? , ? , ? , ? , ? , ? , ? , ? , ? , ? , ? , ? , ? , ? , ? , ? , ? , ? , ? , ? , ? , ? , ? , ? , ? , ? , ? , ? , ? , ? , ? , ? , ? , ? , ? , ? , ? , ? , ? , ? , ? , ? , ? , ? , ? , ? , ? , ? , ? , ? , ? , ? , ? , ? , ? , ? , ? , ? , ? , ? , ? , ? , ? , ? , ? , ? , ? , ? , ? , ? , ? , ? , ? , ? , ? , ? , ? , ? , ? , ? , ? , ? , ? , ? , ? , ? , ? , ? , ? , ? , ? , ? , ? , ? , ? , ? , ? , ? , ? , ? , ? , ? , ? , ? , ? , ? , ? , ? , ? , ? , ? , ? , ? , ? , ? , ? , ? , ? , ? , ? , ? , ? , ? , ? , ? , ? , ? , ? , ? , ? , ? , ? , ? , ? , ? , ? , ? , ? , ? , ? , ? , ? , ? , ? , ? , ? , ? , ? , ? , ? , ? , ? , ? , ? , ? , ? , ? , ? , ? , ? , ? , ? , ? , ? , ? , ? , ? , ? , ? , ? , ? , ? , ? , ? , ? , ? , ? , ? , ? , ? , ? , ? , ? , ? , ? , ? , ? , ? , ? , ? , ? , ? , ? , ? , ? , ? , ? , ? , ? , ? , ? , ? , ? , ? , ? , ? , ? , ? , ? , ? , ? , ? , ? , ? , ? , ? , ? , ? , ? , ? , ? , ? , ? , ? , ? , ? , ? , ? , ? , ? , ? , ? , ? , ? , ? , ? , ? , ? , ? , ? , ? , ? , ? , ? , ? , ? , ? , ? , ? , ? , ? , ? , ? , ? , ? , ? , ? , ? , ? , ? , ? , ? , ? , ? , ? , ? , ? , ? , ? , ? , ? , ? , ? , ? , ? , ? , ? , ? , ? , ? , ? , ? , ? , ? , ? , ? , ? , ? , ? , ? , ? , ? , ? , ? , ? , ? , ? , ? , ? , ? , ? , ? , ? , ? , ? , ? , ? , ? , ? , ? , ? , ? , ? , ? , ? , ? , ? , ? , ? , ? , ? , ? , ? , ? , ? , ? , ? , ? , ? , ? , ? , ? , ? , ? , ? , ? , ? , ? , ? , ? , ? , ? , ? , ? , ? , ? , ? , ? , ? , ? , ? , ? , ? , ? , ? , ? , ? , ? , ? , ? , ? , ? , ? , ? , ? , ? , ? , ? , ? , ? , ? , ? , ? , ? , ? , ? , ? , ? , ? , ? , ? , ? , ? , ? , ? , ? , ? , ? , ? , ? , ? , ? , ? , ? , ? , ? , ? , ? , ? , ? , ? , ? , ? , ? , ? , ? , ? , ? , ? , ? , ? , ? , ? , ? , ? , ? , ? , ? , ? , ? , ? , ? , ? , ? , ? , ? , ? , ? , ? , ? , ? , ? , ? , ? , ? , ? , ? , ? , ? , ? , ? , ? , ? , ? , ? , ? , ? , ? , ? , ? , ? , ? , ? , ? , ? , ? , ? , ? , ? , ? , ? , ? , ? , ? , ? , ? , ? , ? , ? , ? , ? , ? , ? , ? , ? , ? , ? , ? , ? , ? , ? , ? , ? , ? , ? , ? , ? , ? , ? , ? , ? , ? , ? , ? , ? , ? , ? , ? , ? , ? , ? , ? , ? , ? , ? , ? , ? , ? , ? , ? , ? , ? , ? , ? , ? , ? , ? , ? , ? , ? , ? , ? , ? , ? , ? , ? , ? , ? , ? , ? , ? , ? , ? , ? , ? , ? , ? , ? , ? , ? , ? , ? , ? , ? , ? , ? , ? , ? , ? , ? , ? , ? , ? , ? , ? , ? , ? , ? , ? , ? , ? , ? , ? , ? , ? , ? , ? , ? , ? , ? , ? , ? , ? , ? , ? , ? , ? , ? , ? , ? , ? , ? , ? , ? , ? , ? , ? , ? , ? , ? , ? , ? , ? , ? , ? , ? , ? , ? , ? , ? , ? , ? , ? , ? , ? , ? , ? , ? , ? , ? , ? , ? , ? , ? , ? , ? , ? , ? , ? , ? , ? , ? , ? , ? , ? , ? , ? , ? , ? , ? , ? , ? , ? , ? , ? , ? , ? , ? , ? , ? , ? , ? , ? , ? , ? , ? , ? , ? , ? , ? , ? , ? , ? , ? , ? , ? , ? , ? , ? , ? , ? , ? , ? , ? , ? , ? , ? , ? , ? , ? , ? , ? , ? , ? , ? , ? , ? , ? , ? , ? , ? , ? , ? , ? , ? , ? , ? , ? , ? , ? , ? , ? , ? , ? , ? , ? , ? , ? , ? , ? , ? , ? , ? , ? , ? , ? , ? , ? , ? , ? , ? , ? , ? , ? , ? , ? , ? , ? , ? , ? , ? , ? , ? , ? , ? , ? , ? , ? , ? , ? , ? , ? , ? , ? , ? , ? , ? , ? , ? , ? , ? , ? , ? , ? , ? , ? , ? , ? , ? , ? , ? , ? , ? , ? , ? , ? , ? , ? , ? , ? , ? , ? , ? , ? , ? , ? , ? , ? , ? , ? , ? , ? , ? , ? , ? , ? , ? , ? , ? , ? , ? , ? , ? , ? , ? , ? , ? , ? , ? , ? , ? , ? , ? , ? , ? , ? , ? , ? , ? , ? , ? , ? , ? , ? , ? , ? , ? , ? , ? , ? , ? , ? , ? , ? , ? , ? , ? , ? , ? , ? , ? , ? , ? , ? , ? , ? , ? , ? , ? , ? , ? , ? , ? , ? , ? , ? , ? , ? , ? , ? , ? , ? , ? , ? , ? , ? , ? , ? , ? , ? , ? , ? , ? , ? , ? , ? , ? , ? , ? , ? , ? , ? , ? , ? , ? , ? , ? , ? , ? , ? , ? , ? , ? , ? , ? , ? , ? , ? , ? , ? , ? , ? , ? , ? , ? , ? , ? , ? , ? , ? , ? , ? , ? , ? , ? , ? , ? , ? , ? , ? , ? , ? , ? , ? , ? , ? , ? , ? , ? , ? , ? , ? , ? , ? , ? , ? , ? , ? , ? , ? , ? , ? , ? , ? , ? , ? , ? , ? , ? , ? , ? , ? , ? , ? , ? , ? , ? , ? , ? , ? , ? , ? , ? , ? , ? , ? , ? , ? , ? , ? , ? , ? , ? , ? , ? , ? , ? , ? , ? , ? , ? , ? , ? , ? , ? , ? , ? , ? , ? , ? , ? , ? , ? , ? , ? , ? , ? , ? , ? , ? , ? , ? , ? , ? , ? , ? , ? , ? , ? , ? , ? , ? , ? , ? , ? , ? , ? , ? , ? , ? , ? , ? , ? , ? , ? , ? , ? , ? , ? , ? , ? , ? , ? , ? , ? , ? , ? , ? , ? , ? , ? , ? , ? , ? , ? , ? , ? , ? , ? , ? , ? , ? , ? , ? , ? , ? , ? , ? , ? , ? , ? , ? , ? , ? , ? , ? , ? , ? , ? , ? , ? , ? , ? , ? , ? , ? , ? , ? , ? , ? , ? , ? , ? , ? , ? , ? , ? , ? , ? , ? , ? , ? , ? , ? , ? , ? , ? , ? , ? , ? , ? , ? , ? , ? , ? , ? , ? , ? , ? , ? , ? , ? , ? , ? , ? , ? , ? , ? , ? , ? , ? , ? , ? , ? , ? , ? , ? , ? , ? , ? , ? , ? , ? , ? , ? , ? , ? , ? , ? , ? , ? , ? , ? , ? , ? , ? , ? , ? , ? , ? , ? , ? , ? , ? , ? , ? , ? , ? , ? , ? , ? , ? , ? , ? , ? , ? , ? , ? , ? , ? , ? , ? , ? , ? , ? , ? , ? , ? , ? , ? , ? , ? , ? , ? , ? , ? , ? , ? , ? , ? , ? , ? , ? , ? , ? , ? , ? , ? , ? , ? , ? , ? , ? , ? , ? , ? , ? , ? , ? , ? , ? , ? , ? , ? , ? , ? , ? , ? , ? , ? , ? , ? , ? , ? , ? , ? , ? , ? , ? , ? , ? , ? , ? , ? , ? , ? , ? , ? , ? , ? , ? , ? , ? , ? , ? , ? , ? , ? , ? , ? , ? , ? , ? , ? , ? , ? , ? , ? , ? , ? , ? , ? , ? , ? , ? , ? , ? , ? , ? , ? , ? , ? , ? , ? , ? , ? , ? , ? , ? , ? , ? , ? , ? , ? , ? , ? , ? , ? , ? , ? , ? , ? , ? , ? , ? , ? , ? , ? , ? , ? , ? , ? , ? , ? , ? , ? , ? , ? , ? , ? , ? , ? , ? , ? , ? , ? , ? , ? , ? , ? , ? , ? , ? , ? , ? , ? , ? , ? , ? , ? , ? , ? , ? , ? , ? , ? , ? , ? , ? , ? , ? , ? , ? , ? , ? , ? , ? , ? , ? , ? , ? , ? , ? , ? , ? , ? , ? , ? , ? , ? , ? , ? , ? , ? , ? , ? , ? , ? , ? , ? , ? , ? , ? , ? , ? , ? , ? , ? , ? , ? , ? , ? , ? , ? , ? , ? , ? , ? , ? , ? , ? , ? , ? , ? , ? , ? , ? , ? , ? , ? , ? , ? , ? , ? , ? , ? , ? , ? , ? , ? , ? , ? , ? , ? , ? , ? , ? , ? , ? , ? , ? , ? , ? , ? , ? , ? , ? , ? , ? , ? , ? , ? , ? , ? , ? , ? , ? , ? , ? , ? , ? , ? , ? , ? , ? , ? , ? , ? , ? , ? , ? , ? , ? , ? , ? , ? , ? , ? , ? , ? , ? , ? , ? , ? , ? , ? , ? , ? , ? , ? , ? , ? , ? , ? , ? , ? , ? , ? , ? , ? , ? , ? , ? , ? , ? , ? , ? , ? , ? , ? , ? , ? , ? , ? , ? , ? , ? , ? , ? , ? , ? , ? , ? , ? , ? , ? , ? , ? , ? , ? , ? , ? , ? , ? , ? , ? , ? , ? , ? , ? , ? , ? , ? , ? , ? , ? , ? , ? , ? , ? , ? , ? , ? , ? , ? , ? , ? , ? , ? , ? , ? , ? , ? , ? , ? , ? , ? , ? , ? , ? , ? , ? , ? , ? , ? , ? , ? , ? , ? , ? , ? , ? , ? , ? , ? , ? , ? , ? , ? , ? , ? , ? , ? , ? , ? , ? , ? , ? , ? , ? , ? , ? , ? , ? , ? , ? , ? , ? , ? , ? , ? , ? , ? , ? , ? , ? , ? , ? , ? , ? , ? , ? , ? , ? , ? , ? , ? , ? , ? , ? , ? , ? , ? , ? , ? , ? , ? , ? , ? , ? , ? , ? , ? , ? , ? , ? , ? , ? , ? , ? , ? , ? , ? , ? , ? , ? , ? , ? , ? , ? , ? , ? , ? , ? , ? , ? , ? , ? , ? , ? , ? , ? , ? , ? , ? , ? , ? , ? , ? , ? , ? , ? , ? , ? , ? , ? , ? , ? , ? , ? , ? , ? , ? , ? , ? , ? , ? , ? , ? , ? , ? , ? , ? , ? , ? , ? , ? , ? , ? , ? , ? , ? , ? , ? , ? , ? , ? , ? , ? , ? , ? , ? , ? , ? , ? , ? , ? , ? , ? , ? , ? , ? , ? , ? , ? , ? , ? , ? , ? , ? , ? , ? , ? , ? , ? , ? , ? , ? , ? , ? , ? , ? , ? , ? , ? , ? , ? , ? , ? , ? , ? , ? , ? , ? , ? , ? , ? , ? , ? , ? , ? , ? , ? , ? , ? , ? , ? , ? , ? , ? , ? , ? , ? , ? , ? , ? , ? , ? , ? , ? , ? , ? , ? , ? , ? , ? , ? , ? , ? , ? , ? , ? , ? , ? , ? , ? , ? , ? , ? , ? , ? , ? , ? , ? , ? , ? , ? , ? , ? , ? , ? , ? , ? , ? , ? , ? , ? , ? , ? , ? , ? , ? , ? , ? , ? , ? , ? , ? , ? , ? , ? , ? , ? , ? , ? , ? , ? , ? , ? , ? , ? , ? , ? , ? , ? , ? , ? , ? , ? , ? , ? , ? , ? , ? , ? , ? , ? , ? , ? , ? , ? , ? , ? , ? , ? , ? , ? , ? , ? , ? , ? , ? , ? , ? , ? , ? , ? , ? , ? , ? , ? , ? , ? , ? , ? , ? , ? , ? , ? , ? , ? , ? , ? , ? , ? , ? , ? , ? , ? , ? , ? , ? , ? , ? , ? , ? , ? , ? , ? , ? , ? , ? , ? , ? , ? , ? , ? , ? , ? , ? , ? , ? , ? , ? , ? , ? , ? , ? , ? , ? , ? , ? , ? , ? , ? , ? , ? , ? , ? , ? , ? , ? , ? , ? , ? , ? , ? , ? , ? , ? , ? , ? , ? , ? , ? , ? , ? , ? , ? , ? , ? , ? , ? , ? , ? , ? , ? , ? , ? , ? , ? , ? , ? , ? , ? , ? , ? , ? , ? , ? , ? , ? , ? , ? , ? , ? , ? , ? , ? , ? , ? , ? , ? , ? , ? , ? , ? , ? , ? , ? , ? , ? , ? , ? , ? , ? , ? , ? , ? , ? , ? , ? , ? , ? , ? , ? , ? , ? , ? , ? , ? , ? , ? , ? , ? , ? , ? , ? , ? , ? , ? , ? , ? , ? , ? , ? , ? , ? , ? , ? , ? , ? , ? , ? , ? , ? , ? , ? , ? , ? , ? , ? , ? , ? , ? , ? , ? , ? , ? , ? , ? , ? , ? , ? , ? , ? , ? , ? , ? , ? , ? , ? , ? , ? , ? , ? , ? , ? , ? , ? , ? , ? , ? , ? , ? , ? , ? , ? , ? , ? , ? , ? , ? , ? , ? , ? , ? , ? , ? , ? , ? , ? , ? , ? , ? , ? , ? , ? , ? , ? , ? , ? , ? , ? , ? , ? , ? , ? , ? , ? , ? , ? , ? , ? , ? , ? , ? , ? , ? , ? , ? , ? , ? , ? , ? , ? , ? , ? , ? , ? , ? , ? , ? , ? , ? , ? , ? , ? , ? , ? , ? , ? , ? , ? , ? , ? , ? , ? , ? , ? , ? , ? , ? , ? , ? , ? , ? , ? , ? , ? , ? , ? , ? , ? , ? , ? , ? , ? , ? , ? , ? , ? , ? , ? , ? , ? , ? , ? , ? , ? , ? , ? , ? , ? , ? , ? , ? , ? , ? , ? , ? , ? , ? , ? , ? , ? , ? , ? , ? , ? , ? , ? , ? , ? , ? , ? , ? , ? , ? , ? , ? , ? , ? , ? , ? , ? , ? , ? , ? , ? , ? , ? , ? , ? , ? , ? , ? , ? , ? , ? , ? , ? , ? , ? , ? , ? , ? , ? , ? , ? , ? , ? , ? , ? , ? , ? , ? , ? , ? , ? , ? , ? , ? , ? , ? , ? , ? , ? , ? , ? , ? , ? , ? , ? , ? , ? , ? , ? , ? , ? , ? , ? , ? , ? , ? , ? , ? , ? , ? , ? , ? , ? , ? , ? , ? , ? , ? , ? , ? , ? , ? , ? , ? , ? , ? , ? , ? , ? , ? , ? , ? , ? , ? , ? , ? , ? , ? , ? , ? , ? , ? , ? , ? , ? , ? , ? , ? , ? , ? , ? , ? , ? , ? , ? , ? , ? , ? , ? , ? , ? , ? , ? , ? , ? , ? , ? , ? , ? , ? , ? , ? , ? , ? , ? , ? , ? , ? , ? , ? , ? , ? , ? , ? , ? , ? , ? , ? , ? , ? , ? , ? , ? , ? , ? , ? , ? , ? , ? , ? , ? , ? , ? , ? , ? , ? , ? , ? , ? , ? , ? , ? , ? , ? , ? , ? , ? , ? , ? , ? , ? , ? , ? , ? , ? , ? , ? , ? , ? , ? , ? , ? , ? , ? , ? , ? , ? , ? , ? , ? , ? , ? , ? , ? , ? , ? , ? , ? , ? , ? , ? , ? , ? , ? , ? , ? , ? , ? , ? , ? , ? , ? , ? , ? , ? , ? , ? , ? , ? , ? , ? , ? , ? , ? , ? , ? , ? , ? , ? , ? , ? , ? , ? , ? , ? , ? , ? , ? , ? , ? , ? , ? , ? , ? , ? , ? , ? , ? , ? , ? , ? , ? , ? , ? , ? , ? , ? , ? , ? , ? , ? , ? , ? , ? , ? , ? , ? , ? , ? , ? , ? , ? , ? , ? , ? , ? , ? , ? , ? , ? , ? , ? , ? , ? , ? , ? , ? , ? , ? , ? , ? , ? , ? , ? , ? , ? , ? , ? , ? , ? , ? , ? , ? , ? , ? , ? , ? , ? , ? , ? , ? , ? , ? , ? , ? , ? , ? , ? , ? , ? , ? , ? , ? , ? , ? , ? , ? , ? , ? , ? , ? , ? , ? , ? , ? , ? , ? , ? , ? , ? , ? , ? , ? , ? , ? , ? , ? , ? , ? , ? , ? , ? , ? , ? , ? , ? , ? , ? , ? , ? , ? , ? , ? , ? , ? , ? , ? , ? , ? , ? , ? , ? , ? , ? , ? , ? , ? , ? , ? , ? , ? , ? , ? , ? , ? , ? , ? , ? , ? , ? , ? , ? , ? , ? , ? , ? , ? , ? , ? , ? , ? , ? , ? , ? , ? , ? , ? , ? , ? , ? , ? , ? , ? , ? , ? , ? , ? , ? , ? , ? , ? , ? , ? , ? , ? , ? , ? , ? , ? , ? , ? , ? , ? , ? , ? , ? , ? , ? , ? , ? , ? , ? , ? , ? , ? , ? , ? , ? , ? , ? , ? , ? , ? , ? , ? , ? , ? , ? , ? , ? , ? , ? , ? , ? , ? , ? , ? , ? , ? , ? , ? , ? , ? , ? , ? , ? , ? , ? , ? , ? , ? , ? , ? , ? , ? , ? , ? , ? , ? , ? , ? , ? , ? , ? , ? , ? , ? , ? , ? , ? , ? , ? , ? , ? , ? , ? , ? , ? , ? , ? , ? , ? , ? , ? , ? , ? , ? , ? , ? , ? , ? , ? , ? , ? , ? , ? , ? , ? , ? , ? , ? , ? , ? , ? , ? , ? , ? , ? , ? , ? , ? , ? , ? , ? , ? , ? , ? , ? , ? , ? , ? , ? , ? , ? , ? , ? , ? , ? , ? , ? , ? , ? , ? , ? , ? , ? , ? , ? , ? , ? , ? , ? , ? , ? , ? , ? , ? , ? , ? , ? , ? , ? , ? , ? , ? , ? , ? , ? , ? , ? , ? , ? , ? , ? , ? , ? , ? , ? , ? , ? , ? , ? , ? , ? , ? , ? , ? , ? , ? , ? , ? , ? , ? , ? , ? , ? , ? , ? , ? , ? , ? , ? , ? , ? , ? , ? , ? , ? , ? , ? , ? , ? , ? , ? , ? , ? , ? , ? , ? , ? , ? , ? , ? , ? , ? , ? , ? , ? , ? , ? , ? , ? , ? , ? , ? , ? , ? , ? , ? , ? , ? , ? , ? , ? , ? , ? , ? , ? , ? , ? , ? , ? , ? , ? , ? , ? , ? , ? , ? , ? , ? , ? , ? , ? , ? , ? , ? , ? , ? , ? , ? , ? , ? , ? , ? , ? , ? , ? , ? , ? , ? , ? , ? , ? , ? , ? , ? , ? , ? , ? , ? , ? , ? , ? , ? , ? , ? , ? , ? , ? , ? , ? , ? , ? , ? , ? , ? , ? , ? , ? , ? , ? , ? , ? , ? , ? , ? , ? , ? , ? , ? , ? , ? , ? , ? , ? , ? , ? , ? , ? , ? , ? , ? , ? , ? , ? , ? , ? , ? , ? , ? , ? , ? , ? , ? , ? , ? , ? , ? , ? , ? , ? , ? , ? , ? , ? , ? , ? , ? , ? , ? , ? , ? , ? , ? , ? , ? , ? , ? , ? , ? , ? , ? , ? , ? , ? , ? , ? , ? , ? , ? , ? , ? , ? , ? , ? , ? , ? , ? , ? , ? , ? , ? , ? , ? , ? , ? , ? , ? , ? , ? , ? , ? , ? , ? , ? , ? , ? , ? , ? , ? , ? , ? , ? , ? , ? , ? , ? , ? , ? , ? , ? , ? , ? , ? , ? , ? , ? , ? , ? , ? , ? , ? , ? , ? , ? , ? , ? , ? , ? , ? , ? , ? , ? , ? , ? , ? , ? , ? , ? , ? , ? , ? , ? , ? , ? , ? , ? , ? , ? , ? , ? , ? , ? , ? , ? , ? , ? , ? , ? , ? , ? , ? , ? , ? , ? , ? , ? , ? , ? , ? , ? , ? , ? , ? , ? , ? , ? , ? , ? , ? , ? , ? , ? , ? , ? , ? , ? , ? , ? , ? , ? , ? , ? , ? , ? , ? , ? , ? , ? , ? , ? , ? , ? , ? , ? , ? , ? , ? , ? , ? , ? , ? , ? , ? , ? , ? , ? , ? , ? , ? , ? , ? , ? , ? , ? , ? , ? , ? , ? , ? , ? , ? , ? , ? , ? , ? , ? , ? , ? , ? , ? , ? , ? , ? , ? , ? , ? , ? , ? , ? , ? , ? , ? , ? , ? , ? , ? , ? , ? , ? , ? , ? , ? , ? , ? , ? , ? , ? , ? , ? , ? , ? , ? , ? , ? , ? , ? , ? , ? , ? , ? , ? , ? , ? , ? , ? , ? , ? , ? , ? , ? , ? , ? , ? , ? , ? , ? , ? , ? , ? , ? , ? , ? , ? , ? , ? , ? , ? , ? , ? , ? , ? , ? , ? , ? , ? , ? , ? , ? , ? , ? , ? , ? , ? , ? , ? , ? , ? , ? , ? , ? , ? , ? , ? , ? , ? , ? , ? , ? , ? , ? , ? , ? , ? , ? , ? , ? , ? , ? , ? , ? , ? , ? , ? , ? , ? , ? , ? , ? , ? , ? , ? , ? , ? , ? , ? , ? , ? , ? , ? , ? , ? , ? , ? , ? , ? , ? , ? , ? , ? , ? , ? , ? , ? , ? , ? , ? , ? , ? , ? , ? , ? , ? , ? , ? , ? , ? , ? , ? , ? , ? , ? , ? , ? , ? , ? , ? , ? , ? , ? , ? , ? , ? , ? , ? , ? , ? , ? , ? , ? , ? , ? , ? , ? , ? , ? , ? , ? , ? , ? , ? , ? , ? , ? , ? , ? , ? , ? , ? , ? , ? , ? , ? , ? , ? , ? , ? , ? , ? , ? , ? , ? , ? , ? , ? , ? , ? , ? , ? , ? , ? , ? , ? , ? , ? , ? , ? , ? , ? , ? , ? , ? , ? , ? , ? , ? , ? , ? , ? , ? , ? , ? , ? , ? , ? , ? , ? , ? , ? , ? , ? , ? , ? , ? , ? , ? , ? , ? , ? , ? , ? , ? , ? , ? , ? , ? , ? , ? , ? , ? , ? , ? , ? , ? , ? , ? , ? , ? , ? , ? , ? , ? , ? , ? , ? , ? , ? , ? , ? , ? , ? , ? , ? , ? , ? , ? , ? , ? , ? , ? , ? , ? , ? , ? , ? , ? , ? , ? , ? , ? , ? , ? , ? , ? , ? , ? , ? , ? , ? , ? , ? , ? , ? , ? , ? , ? , ? , ? , ? , ? , ? , ? , ? , ? , ? , ? , ? , ? , ? , ? , ? , ? , ? , ? , ? , ? , ? , ? , ? , ? , ? , ? , ? , ? , ? , ? , ? , ? , ? , ? , ? , ? , ? , ? , ? , ? , ? , ? , ? , ? , ? , ? , ? , ? , ? , ? , ? , ? , ? , ? , ? , ? , ? , ? , ? , ? , ? , ? , ? , ? , ? , ? , ? , ? , ? , ? , ? , ? , ? , ? , ? , ? , ? , ? , ? , ? , ? , ? , ? , ? , ? , ? , ? , ? , ? , ? , ? , ? , ? , ? , ? , ? , ? , ? , ? , ? , ? , ? , ? , ? , ? , ? , ? , ? , ? , ? , ? , ? , ? , ? , ? , ? , ? , ? , ? , ? , ? , ? , ? , ? , ? , ? , ? , ? , ? , ? , ? , ? , ? , ? , ? , ? , ? , ? , ? , ? , ? , ? , ? , ? , ? , ? , ? , ? , ? , ? , ? , ? , ? , ? , ? , ? , ? , ? , ? , ? , ? , ? , ? , ? , ? , ? , ? , ? , ? , ? , ? , ? , ? , ? , ? , ? , ? , ? , ? , ? , ? , ? , ? , ? , ? , ? , ? , ? , ? , ? , ? , ? , ? , ? , ? , ? , ? , ? , ? , ? , ? , ? , ? , ? , ? , ? , ? , ? , ? , ? , ? , ? , ? , ? , ? , ? , ? , ? , ? , ? , ? , ? , ? , ? , ? , ? , ? , ? , ? , ? , ? , ? , ? , ? , ? , ? , ? , ? , ? , ? , ? , ? , ? , ? , ? , ? , ? , ? , ? , ? , ? , ? , ? , ? , ? , ? , ? , ? , ? , ? , ? , ? , ? , ? , ? , ? , ? , ? , ? , ? , ? , ? , ? , ? , ? , ? , ? , ? , ? , ? , ? , ? , ? , ? , ? , ? , ? , ? , ? , ? , ? , ? , ? , ? , ? , ? , ? , ? , ? , ? , ? , ? , ? , ? , ? , ? , ? , ? , ? , ? , ? , ? , ? , ? , ? , ? , ? , ? , ? , ? , ? , ? , ? , ? , ? , ? , ? , ? , ? , ? , ? , ? , ? , ? , ? , ? , ? , ? , ? , ? , ? , ? , ? , ? , ? , ? , ? , ? , ? , ? , ? , ? , ? , ? , ? , ? , ? , ? , ? , ? , ? , ? , ? , ? , ? , ? , ?
        )
14:12:11,377 DEBUG SQL:104 - 
    delete 
    from
        StateProvince 
    where
        id=?
14:12:11,379  INFO SchemaExport:343 - HHH000227: Running hbm2ddl schema export
14:12:11,379 DEBUG SchemaExport:353 - Import file not found: /import.sql
14:12:11,379 DEBUG SQL:104 - 
    drop table StateProvince if exists
14:12:11,380  INFO SchemaExport:405 - HHH000230: Schema export complete
14:12:11,380  INFO DriverManagerConnectionProviderImpl:162 - HHH000030: Cleaning up connection pool [jdbc:h2:mem:db1;DB_CLOSE_DELAY=-1;MVCC=TRUE]
]]></system-out>
  <system-err><![CDATA[]]></system-err>
</testsuite>
