<?xml version="1.0" encoding="UTF-8"?>
<testsuite errors="0" failures="0" hostname="dhcp-10.15.208.168.stl.redhat.com" name="org.hibernate.test.sql.hand.identity.CustomInsertSQLWithIdentityColumnTest" tests="1" time="0.055" timestamp="2013-02-28T20:19:17">
  <properties />
  <testcase classname="org.hibernate.test.sql.hand.identity.CustomInsertSQLWithIdentityColumnTest" name="testBadInsertionFails" time="0.002" />
  <system-out><![CDATA[14:19:17,017  INFO CustomRunner:132 - BeforeClass: org.hibernate.test.sql.hand.identity.CustomInsertSQLWithIdentityColumnTest
14:19:17,019  INFO Configuration:706 - HHH000221: Reading mappings from resource: org/hibernate/test/sql/hand/identity/Mappings.hbm.xml
14:19:17,040  INFO DriverManagerConnectionProviderImpl:99 - HHH000402: Using Hibernate built-in connection pool (not for production use!)
14:19:17,041  INFO DriverManagerConnectionProviderImpl:135 - HHH000115: Hibernate connection pool size: 5
14:19:17,041  INFO DriverManagerConnectionProviderImpl:138 - HHH000006: Autocommit mode: false
14:19:17,041  INFO DriverManagerConnectionProviderImpl:153 - HHH000401: using driver [org.h2.Driver] at URL [jdbc:h2:mem:db1;DB_CLOSE_DELAY=-1;MVCC=TRUE]
14:19:17,042  INFO DriverManagerConnectionProviderImpl:158 - HHH000046: Connection properties: {user=sa}
14:19:17,043  INFO Dialect:103 - HHH000400: Using dialect: org.hibernate.dialect.H2Dialect
14:19:17,043  INFO LobCreatorBuilder:94 - HHH000423: Disabling contextual LOB creation as JDBC driver reported JDBC version [3] less than 4
14:19:17,044  INFO TransactionFactoryInitiator:66 - HHH000399: Using default transaction strategy (direct JDBC transactions)
14:19:17,045  INFO ASTQueryTranslatorFactory:48 - HHH000397: Using ASTQueryTranslatorFactory
14:19:17,045  WARN CachingRegionFactory:58 - CachingRegionFactory should be only used for testing.
14:19:17,050  INFO SchemaExport:343 - HHH000227: Running hbm2ddl schema export
14:19:17,051 DEBUG SchemaExport:353 - Import file not found: /import.sql
14:19:17,051 DEBUG SQL:104 - 
    drop table ORGANIZATION if exists
14:19:17,051 DEBUG SQL:104 - 
    create table ORGANIZATION (
        ORG_ID bigint generated by default as identity,
        name varchar(255) not null,
        primary key (ORG_ID)
    )
14:19:17,052  INFO SchemaExport:405 - HHH000230: Schema export complete
14:19:17,052  WARN SessionFactoryImpl:1554 - HHH000008: JTASessionContext being used with JDBCTransactionFactory; auto-flush will not operate correctly with getCurrentSession()
14:19:17,053  INFO CustomRunner:139 - Test: testBadInsertionFails
14:19:17,054 DEBUG SQL:104 - 
    INSERT 
    INTO
        PERSON
        
    WHERE
        x=y
14:19:17,054  WARN SqlExceptionHelper:143 - SQL Error: 42102, SQLState: 42S02
14:19:17,054 ERROR SqlExceptionHelper:144 - Table "PERSON" not found; SQL statement:
INSERT INTO PERSON WHERE x=y [42102-145]
14:19:17,055  INFO SchemaExport:343 - HHH000227: Running hbm2ddl schema export
14:19:17,055 DEBUG SchemaExport:353 - Import file not found: /import.sql
14:19:17,056 DEBUG SQL:104 - 
    drop table ORGANIZATION if exists
14:19:17,056  INFO SchemaExport:405 - HHH000230: Schema export complete
14:19:17,056  INFO DriverManagerConnectionProviderImpl:162 - HHH000030: Cleaning up connection pool [jdbc:h2:mem:db1;DB_CLOSE_DELAY=-1;MVCC=TRUE]
]]></system-out>
  <system-err><![CDATA[]]></system-err>
</testsuite>
