<?xml version="1.0" encoding="UTF-8"?>
<testsuite errors="0" failures="0" hostname="dhcp-10.15.208.168.stl.redhat.com" name="org.hibernate.test.propertyref.DoesNotWorkTest" tests="1" time="0.064" timestamp="2013-02-28T20:17:46">
  <properties />
  <testcase classname="org.hibernate.test.propertyref.DoesNotWorkTest" name="testIt" time="0.004" />
  <system-out><![CDATA[14:17:46,238  INFO CustomRunner:132 - BeforeClass: org.hibernate.test.propertyref.DoesNotWorkTest
14:17:46,245  INFO DriverManagerConnectionProviderImpl:99 - HHH000402: Using Hibernate built-in connection pool (not for production use!)
14:17:46,245  INFO DriverManagerConnectionProviderImpl:135 - HHH000115: Hibernate connection pool size: 5
14:17:46,245  INFO DriverManagerConnectionProviderImpl:138 - HHH000006: Autocommit mode: false
14:17:46,245  INFO DriverManagerConnectionProviderImpl:153 - HHH000401: using driver [org.h2.Driver] at URL [jdbc:h2:mem:db1;DB_CLOSE_DELAY=-1;MVCC=TRUE]
14:17:46,245  INFO DriverManagerConnectionProviderImpl:158 - HHH000046: Connection properties: {user=sa}
14:17:46,246  INFO Dialect:103 - HHH000400: Using dialect: org.hibernate.dialect.H2Dialect
14:17:46,247  INFO LobCreatorBuilder:94 - HHH000423: Disabling contextual LOB creation as JDBC driver reported JDBC version [3] less than 4
14:17:46,247  INFO TransactionFactoryInitiator:66 - HHH000399: Using default transaction strategy (direct JDBC transactions)
14:17:46,247  INFO ASTQueryTranslatorFactory:48 - HHH000397: Using ASTQueryTranslatorFactory
14:17:46,254  INFO SchemaExport:343 - HHH000227: Running hbm2ddl schema export
14:17:46,277 DEBUG SQL:104 - 
    drop table vgras007_v031 if exists
14:17:46,277 DEBUG SQL:104 - 
    drop table vgras029_v031 if exists
14:17:46,277 DEBUG SQL:104 - 
    create table vgras007_v031 (
        track_no varchar(255) not null,
        track_ext varchar(255) not null,
        production_credits_tid bigint,
        primary key (track_no, track_ext)
    )
14:17:46,278 DEBUG SQL:104 - 
    create table vgras029_v031 (
        text_id bigint not null,
        text_part varchar(255),
        seq_no integer not null,
        primary key (text_id, seq_no)
    )
14:17:46,279 DEBUG SQL:104 - 
    alter table vgras007_v031 
        add constraint UK_49F704338B2DC8E4 unique (production_credits_tid)
14:17:46,293  INFO SchemaExport:405 - HHH000230: Schema export complete
14:17:46,294  WARN SessionFactoryImpl:1554 - HHH000008: JTASessionContext being used with JDBCTransactionFactory; auto-flush will not operate correctly with getCurrentSession()
14:17:46,294  INFO CustomRunner:139 - Test: testIt
14:17:46,295 DEBUG SQL:104 - 
    select
        doesnotwor0_.track_no as track1_0_0_,
        doesnotwor0_.track_ext as track2_0_0_,
        doesnotwor0_.production_credits_tid as production3_0_0_ 
    from
        vgras007_v031 doesnotwor0_ 
    where
        doesnotwor0_.track_no=? 
        and doesnotwor0_.track_ext=?
14:17:46,296 DEBUG SQL:104 - 
    select
        globalnote0_.text_id as text1_0_0_,
        globalnote0_.text_part as text2_1_0_,
        globalnote0_.seq_no as seq3_0_ 
    from
        vgras029_v031 globalnote0_ 
    where
        globalnote0_.text_id=?
14:17:46,297 DEBUG SQL:104 - 
    delete 
    from
        vgras029_v031 
    where
        text_id=?
14:17:46,297 DEBUG SQL:104 - 
    delete 
    from
        vgras007_v031 
    where
        track_no=? 
        and track_ext=?
14:17:46,298  INFO SchemaExport:343 - HHH000227: Running hbm2ddl schema export
14:17:46,299 DEBUG SQL:104 - 
    drop table vgras007_v031 if exists
14:17:46,300 DEBUG SQL:104 - 
    drop table vgras029_v031 if exists
14:17:46,300  INFO SchemaExport:405 - HHH000230: Schema export complete
14:17:46,300  INFO DriverManagerConnectionProviderImpl:162 - HHH000030: Cleaning up connection pool [jdbc:h2:mem:db1;DB_CLOSE_DELAY=-1;MVCC=TRUE]
]]></system-out>
  <system-err><![CDATA[]]></system-err>
</testsuite>
