<?xml version="1.0" encoding="UTF-8"?>
<testsuite errors="0" failures="0" hostname="dhcp-10.15.208.168.stl.redhat.com" name="org.hibernate.test.entitymode.map.subclass.SubclassDynamicMapTest" tests="1" time="0.033" timestamp="2013-02-28T20:12:16">
  <properties />
  <testcase classname="org.hibernate.test.entitymode.map.subclass.SubclassDynamicMapTest" name="testConcreateSubclassDeterminationOnEmptyDynamicMap" time="0.009" />
  <system-out><![CDATA[14:12:16,614  INFO CustomRunner:132 - BeforeClass: org.hibernate.test.entitymode.map.subclass.SubclassDynamicMapTest
14:12:16,616  INFO Configuration:706 - HHH000221: Reading mappings from resource: org/hibernate/test/entitymode/map/subclass/Mappings.hbm.xml
14:12:16,623  INFO DriverManagerConnectionProviderImpl:99 - HHH000402: Using Hibernate built-in connection pool (not for production use!)
14:12:16,623  INFO DriverManagerConnectionProviderImpl:135 - HHH000115: Hibernate connection pool size: 5
14:12:16,623  INFO DriverManagerConnectionProviderImpl:138 - HHH000006: Autocommit mode: false
14:12:16,623  INFO DriverManagerConnectionProviderImpl:153 - HHH000401: using driver [org.h2.Driver] at URL [jdbc:h2:mem:db1;DB_CLOSE_DELAY=-1;MVCC=TRUE]
14:12:16,623  INFO DriverManagerConnectionProviderImpl:158 - HHH000046: Connection properties: {user=sa}
14:12:16,626  INFO Dialect:103 - HHH000400: Using dialect: org.hibernate.dialect.H2Dialect
14:12:16,626  INFO LobCreatorBuilder:94 - HHH000423: Disabling contextual LOB creation as JDBC driver reported JDBC version [3] less than 4
14:12:16,627  INFO TransactionFactoryInitiator:66 - HHH000399: Using default transaction strategy (direct JDBC transactions)
14:12:16,627  INFO ASTQueryTranslatorFactory:48 - HHH000397: Using ASTQueryTranslatorFactory
14:12:16,627  WARN CachingRegionFactory:58 - CachingRegionFactory should be only used for testing.
14:12:16,632  INFO SchemaExport:343 - HHH000227: Running hbm2ddl schema export
14:12:16,633 DEBUG SchemaExport:353 - Import file not found: /import.sql
14:12:16,633 DEBUG SQL:104 - 
    drop table Superclass if exists
14:12:16,633 DEBUG SQL:104 - 
    create table Superclass (
        id integer generated by default as identity,
        DISC varchar(255) not null,
        dataA varchar(255),
        dataB varchar(255),
        primary key (id)
    )
14:12:16,634  INFO SchemaExport:405 - HHH000230: Schema export complete
14:12:16,634  WARN SessionFactoryImpl:1554 - HHH000008: JTASessionContext being used with JDBCTransactionFactory; auto-flush will not operate correctly with getCurrentSession()
14:12:16,634  INFO CustomRunner:139 - Test: testConcreateSubclassDeterminationOnEmptyDynamicMap
14:12:16,635 DEBUG SQL:104 - 
    insert 
    into
        Superclass
        (id, dataA, DISC) 
    values
        (null, ?, 'A')
14:12:16,637 DEBUG QueryTranslatorImpl:265 - parse() - HQL: delete Superclass
14:12:16,637 DEBUG QueryTranslatorImpl:283 - --- HQL AST ---
 \-[DELETE] Node: 'delete'
    \-[FROM] Node: 'FROM'
       \-[RANGE] Node: 'RANGE'
          \-[IDENT] Node: 'Superclass'

14:12:16,637 DEBUG ErrorCounter:82 - throwQueryException() : no errors
14:12:16,637 DEBUG FromElement:157 - FromClause{level=1} : Superclass (<no alias>) -> superclass0_
14:12:16,637 DEBUG QueryTranslatorImpl:252 - --- SQL AST ---
 \-[DELETE] DeleteStatement: 'delete'  querySpaces (Superclass)
    \-[FROM] FromClause: 'FROM' FromClause{level=1, fromElementCounter=1, fromElements=1, fromElementByClassAlias=[], fromElementByTableAlias=[superclass0_], fromElementsByPath=[], collectionJoinFromElementsByPath=[], impliedElements=[]}
       \-[FROM_FRAGMENT] FromElement: 'Superclass' FromElement{explicit,not a collection join,not a fetch join,fetch non-lazy properties,classAlias=null,role=null,tableName=Superclass,tableAlias=superclass0_,origin=null,columns={,className=Superclass}}

14:12:16,638 DEBUG ErrorCounter:82 - throwQueryException() : no errors
14:12:16,638 DEBUG ErrorCounter:82 - throwQueryException() : no errors
14:12:16,638 DEBUG SQL:104 - 
    delete 
    from
        Superclass
14:12:16,644  INFO SchemaExport:343 - HHH000227: Running hbm2ddl schema export
14:12:16,644 DEBUG SchemaExport:353 - Import file not found: /import.sql
14:12:16,644 DEBUG SQL:104 - 
    drop table Superclass if exists
14:12:16,645  INFO SchemaExport:405 - HHH000230: Schema export complete
14:12:16,645  INFO DriverManagerConnectionProviderImpl:162 - HHH000030: Cleaning up connection pool [jdbc:h2:mem:db1;DB_CLOSE_DELAY=-1;MVCC=TRUE]
]]></system-out>
  <system-err><![CDATA[]]></system-err>
</testsuite>
