<?xml version="1.0" encoding="UTF-8"?>
<testsuite errors="0" failures="0" hostname="dhcp-10.15.208.168.stl.redhat.com" name="org.hibernate.test.annotations.xml.hbm.HbmTest" tests="3" time="0.958" timestamp="2013-02-28T20:10:47">
  <properties />
  <testcase classname="org.hibernate.test.annotations.xml.hbm.HbmTest" name="testManyToMany" time="0.025" />
  <testcase classname="org.hibernate.test.annotations.xml.hbm.HbmTest" name="testManyToOne" time="0.01" />
  <testcase classname="org.hibernate.test.annotations.xml.hbm.HbmTest" name="testOneToMany" time="0.023" />
  <system-out><![CDATA[14:10:48,001  INFO CustomRunner:132 - BeforeClass: org.hibernate.test.annotations.xml.hbm.HbmTest
14:10:48,392  INFO DriverManagerConnectionProviderImpl:99 - HHH000402: Using Hibernate built-in connection pool (not for production use!)
14:10:48,395  INFO DriverManagerConnectionProviderImpl:135 - HHH000115: Hibernate connection pool size: 5
14:10:48,398  INFO DriverManagerConnectionProviderImpl:138 - HHH000006: Autocommit mode: false
14:10:48,400  INFO DriverManagerConnectionProviderImpl:153 - HHH000401: using driver [org.h2.Driver] at URL [jdbc:h2:mem:db1;DB_CLOSE_DELAY=-1;MVCC=TRUE]
14:10:48,402  INFO DriverManagerConnectionProviderImpl:158 - HHH000046: Connection properties: {user=sa}
14:10:48,437  INFO Dialect:103 - HHH000400: Using dialect: org.hibernate.dialect.H2Dialect
14:10:48,439  INFO LobCreatorBuilder:94 - HHH000423: Disabling contextual LOB creation as JDBC driver reported JDBC version [3] less than 4
14:10:48,442  INFO TransactionFactoryInitiator:66 - HHH000399: Using default transaction strategy (direct JDBC transactions)
14:10:48,443  INFO ASTQueryTranslatorFactory:48 - HHH000397: Using ASTQueryTranslatorFactory
14:10:48,443  WARN CachingRegionFactory:58 - CachingRegionFactory should be only used for testing.
14:10:48,572  INFO SchemaExport:343 - HHH000227: Running hbm2ddl schema export
14:10:48,575 DEBUG SchemaExport:353 - Import file not found: /import.sql
14:10:48,577 DEBUG SQL:104 - 
    alter table EarthSky 
        drop constraint FKD4093497DB5E7D3B
14:10:48,580 ERROR SchemaExport:425 - HHH000389: Unsuccessful: alter table EarthSky drop constraint FKD4093497DB5E7D3B
14:10:48,581 ERROR SchemaExport:426 - Table "EARTHSKY" not found; SQL statement:

    alter table EarthSky 
        drop constraint FKD4093497DB5E7D3B [42102-145]
14:10:48,584 DEBUG SQL:104 - 
    alter table EarthSky_CloudType 
        drop constraint FK694A7D47741E48F3
14:10:48,586 ERROR SchemaExport:425 - HHH000389: Unsuccessful: alter table EarthSky_CloudType drop constraint FK694A7D47741E48F3
14:10:48,586 ERROR SchemaExport:426 - Table "EARTHSKY_CLOUDTYPE" not found; SQL statement:

    alter table EarthSky_CloudType 
        drop constraint FK694A7D47741E48F3 [42102-145]
14:10:48,588 DEBUG SQL:104 - 
    alter table EarthSky_CloudType 
        drop constraint FK694A7D4764DC4372
14:10:48,589 ERROR SchemaExport:425 - HHH000389: Unsuccessful: alter table EarthSky_CloudType drop constraint FK694A7D4764DC4372
14:10:48,590 ERROR SchemaExport:426 - Table "EARTHSKY_CLOUDTYPE" not found; SQL statement:

    alter table EarthSky_CloudType 
        drop constraint FK694A7D4764DC4372 [42102-145]
14:10:48,604 DEBUG SQL:104 - 
    alter table Government 
        drop constraint FK937436113EDE3268
14:10:48,605 ERROR SchemaExport:425 - HHH000389: Unsuccessful: alter table Government drop constraint FK937436113EDE3268
14:10:48,613 ERROR SchemaExport:426 - Table "GOVERNMENT" not found; SQL statement:

    alter table Government 
        drop constraint FK937436113EDE3268 [42102-145]
14:10:48,615 DEBUG SQL:104 - 
    alter table PrimeMinister 
        drop constraint FK3CFB7F2483C73AF3
14:10:48,616 ERROR SchemaExport:425 - HHH000389: Unsuccessful: alter table PrimeMinister drop constraint FK3CFB7F2483C73AF3
14:10:48,617 ERROR SchemaExport:426 - Table "PRIMEMINISTER" not found; SQL statement:

    alter table PrimeMinister 
        drop constraint FK3CFB7F2483C73AF3 [42102-145]
14:10:48,621 DEBUG SQL:104 - 
    drop table CloudType if exists
14:10:48,623 DEBUG SQL:104 - 
    drop table EarthSky if exists
14:10:48,625 DEBUG SQL:104 - 
    drop table EarthSky_CloudType if exists
14:10:48,626 DEBUG SQL:104 - 
    drop table Government if exists
14:10:48,628 DEBUG SQL:104 - 
    drop table PrimeMinister if exists
14:10:48,630 DEBUG SQL:104 - 
    drop sequence hibernate_sequence
14:10:48,632 ERROR SchemaExport:425 - HHH000389: Unsuccessful: drop sequence hibernate_sequence
14:10:48,633 ERROR SchemaExport:426 - Sequence "HIBERNATE_SEQUENCE" not found; SQL statement:

    drop sequence hibernate_sequence [90036-145]
14:10:48,636 DEBUG SQL:104 - 
    create table CloudType (
        id integer generated by default as identity,
        name varchar(255),
        primary key (id)
    )
14:10:48,645 DEBUG SQL:104 - 
    create table EarthSky (
        id integer not null,
        mainCloud_id integer,
        primary key (id)
    )
14:10:48,653 DEBUG SQL:104 - 
    create table EarthSky_CloudType (
        EarthSky_id integer not null,
        cloudTypes_id integer not null,
        primary key (EarthSky_id, cloudTypes_id)
    )
14:10:48,659 DEBUG SQL:104 - 
    create table Government (
        id integer generated by default as identity,
        name varchar(255),
        primeMinister_id integer,
        primary key (id)
    )
14:10:48,664 DEBUG SQL:104 - 
    create table PrimeMinister (
        id integer not null,
        name varchar(255),
        currentGovernment_id integer,
        primary key (id)
    )
14:10:48,687 DEBUG SQL:104 - 
    alter table EarthSky 
        add constraint FKD4093497DB5E7D3B 
        foreign key (mainCloud_id) 
        references CloudType
14:10:48,711 DEBUG SQL:104 - 
    alter table EarthSky_CloudType 
        add constraint FK694A7D47741E48F3 
        foreign key (cloudTypes_id) 
        references CloudType
14:10:48,750 DEBUG SQL:104 - 
    alter table EarthSky_CloudType 
        add constraint FK694A7D4764DC4372 
        foreign key (EarthSky_id) 
        references EarthSky
14:10:48,761 DEBUG SQL:104 - 
    alter table Government 
        add constraint FK937436113EDE3268 
        foreign key (primeMinister_id) 
        references PrimeMinister
14:10:48,785 DEBUG SQL:104 - 
    alter table PrimeMinister 
        add constraint FK3CFB7F2483C73AF3 
        foreign key (currentGovernment_id) 
        references Government
14:10:48,803 DEBUG SQL:104 - 
    create sequence hibernate_sequence start with 1 increment by 1
14:10:48,804  INFO SchemaExport:405 - HHH000230: Schema export complete
14:10:48,809  WARN SessionFactoryImpl:1554 - HHH000008: JTASessionContext being used with JDBCTransactionFactory; auto-flush will not operate correctly with getCurrentSession()
14:10:48,810  INFO CustomRunner:139 - Test: testManyToMany
14:10:48,815 DEBUG SQL:104 - 
    insert 
    into
        CloudType
        (id, name) 
    values
        (null, ?)
14:10:48,819 DEBUG SQL:104 - 
    call next value for hibernate_sequence
14:10:48,826 DEBUG SQL:104 - 
    insert 
    into
        EarthSky
        (mainCloud_id, id) 
    values
        (?, ?)
14:10:48,832 DEBUG SQL:104 - 
    insert 
    into
        EarthSky_CloudType
        (EarthSky_id, cloudTypes_id) 
    values
        (?, ?)
14:10:48,836  INFO CustomRunner:139 - Test: testManyToOne
14:10:48,841 DEBUG SQL:104 - 
    insert 
    into
        Government
        (id, name, primeMinister_id) 
    values
        (null, ?, ?)
14:10:48,844 DEBUG SQL:104 - 
    call next value for hibernate_sequence
14:10:48,848  INFO CustomRunner:139 - Test: testOneToMany
14:10:48,850 DEBUG SQL:104 - 
    insert 
    into
        Government
        (id, name, primeMinister_id) 
    values
        (null, ?, ?)
14:10:48,853 DEBUG SQL:104 - 
    insert 
    into
        Government
        (id, name, primeMinister_id) 
    values
        (null, ?, ?)
14:10:48,856 DEBUG SQL:104 - 
    call next value for hibernate_sequence
14:10:48,862 DEBUG SQL:104 - 
    insert 
    into
        PrimeMinister
        (currentGovernment_id, name, id) 
    values
        (?, ?, ?)
14:10:48,865 DEBUG SQL:104 - 
    update
        Government 
    set
        name=?,
        primeMinister_id=? 
    where
        id=?
14:10:48,868 DEBUG SQL:104 - 
    update
        Government 
    set
        name=?,
        primeMinister_id=? 
    where
        id=?
14:10:48,872  INFO SchemaExport:343 - HHH000227: Running hbm2ddl schema export
14:10:48,875 DEBUG SchemaExport:353 - Import file not found: /import.sql
14:10:48,876 DEBUG SQL:104 - 
    alter table EarthSky 
        drop constraint FKD4093497DB5E7D3B
14:10:48,878 DEBUG SQL:104 - 
    alter table EarthSky_CloudType 
        drop constraint FK694A7D47741E48F3
14:10:48,880 DEBUG SQL:104 - 
    alter table EarthSky_CloudType 
        drop constraint FK694A7D4764DC4372
14:10:48,881 DEBUG SQL:104 - 
    alter table Government 
        drop constraint FK937436113EDE3268
14:10:48,883 DEBUG SQL:104 - 
    alter table PrimeMinister 
        drop constraint FK3CFB7F2483C73AF3
14:10:48,923 DEBUG SQL:104 - 
    drop table CloudType if exists
14:10:48,927 DEBUG SQL:104 - 
    drop table EarthSky if exists
14:10:48,930 DEBUG SQL:104 - 
    drop table EarthSky_CloudType if exists
14:10:48,932 DEBUG SQL:104 - 
    drop table Government if exists
14:10:48,939 DEBUG SQL:104 - 
    drop table PrimeMinister if exists
14:10:48,948 DEBUG SQL:104 - 
    drop sequence hibernate_sequence
14:10:48,950  INFO SchemaExport:405 - HHH000230: Schema export complete
14:10:48,951  INFO DriverManagerConnectionProviderImpl:162 - HHH000030: Cleaning up connection pool [jdbc:h2:mem:db1;DB_CLOSE_DELAY=-1;MVCC=TRUE]
]]></system-out>
  <system-err><![CDATA[]]></system-err>
</testsuite>
