<?xml version="1.0" encoding="UTF-8"?>
<testsuite errors="0" failures="0" hostname="dhcp-10.15.208.168.stl.redhat.com" name="org.hibernate.test.legacy.OneToOneCacheTest" tests="1" time="0.038" timestamp="2013-02-28T20:16:36">
  <properties />
  <testcase classname="org.hibernate.test.legacy.OneToOneCacheTest" name="testOneToOneCache" time="0.009" />
  <system-out><![CDATA[14:16:36,233  INFO CustomRunner:132 - BeforeClass: org.hibernate.test.legacy.OneToOneCacheTest
14:16:36,234  INFO Dialect:103 - HHH000400: Using dialect: org.hibernate.dialect.H2Dialect
14:16:36,235  INFO Configuration:706 - HHH000221: Reading mappings from resource: org/hibernate/test/legacy/Object2.hbm.xml
14:16:36,240  INFO Configuration:706 - HHH000221: Reading mappings from resource: org/hibernate/test/legacy/MainObject.hbm.xml
14:16:36,245  INFO DriverManagerConnectionProviderImpl:99 - HHH000402: Using Hibernate built-in connection pool (not for production use!)
14:16:36,246  INFO DriverManagerConnectionProviderImpl:135 - HHH000115: Hibernate connection pool size: 5
14:16:36,246  INFO DriverManagerConnectionProviderImpl:138 - HHH000006: Autocommit mode: false
14:16:36,246  INFO DriverManagerConnectionProviderImpl:153 - HHH000401: using driver [org.h2.Driver] at URL [jdbc:h2:mem:db1;DB_CLOSE_DELAY=-1;MVCC=TRUE]
14:16:36,246  INFO DriverManagerConnectionProviderImpl:158 - HHH000046: Connection properties: {user=sa}
14:16:36,247  INFO Dialect:103 - HHH000400: Using dialect: org.hibernate.dialect.H2Dialect
14:16:36,247  INFO LobCreatorBuilder:94 - HHH000423: Disabling contextual LOB creation as JDBC driver reported JDBC version [3] less than 4
14:16:36,248  INFO TransactionFactoryInitiator:66 - HHH000399: Using default transaction strategy (direct JDBC transactions)
14:16:36,248  WARN CachingRegionFactory:58 - CachingRegionFactory should be only used for testing.
14:16:36,254  INFO SchemaExport:343 - HHH000227: Running hbm2ddl schema export
14:16:36,255 DEBUG SchemaExport:353 - Import file not found: /import.sql
14:16:36,255 DEBUG SQL:104 - 
    alter table object2 
        drop constraint FK9D13C4D382DF9362
14:16:36,255 ERROR SchemaExport:425 - HHH000389: Unsuccessful: alter table object2 drop constraint FK9D13C4D382DF9362
14:16:36,256 ERROR SchemaExport:426 - Table "OBJECT2" not found; SQL statement:

    alter table object2 
        drop constraint FK9D13C4D382DF9362 [42102-145]
14:16:36,256 DEBUG SQL:104 - 
    drop table mainobject if exists
14:16:36,256 DEBUG SQL:104 - 
    drop table object2 if exists
14:16:36,256 DEBUG SQL:104 - 
    create table mainobject (
        id bigint generated by default as identity,
        description varchar(255),
        primary key (id)
    )
14:16:36,257 DEBUG SQL:104 - 
    create table object2 (
        id bigint not null,
        xdummy varchar(255),
        primary key (id)
    )
14:16:36,257 DEBUG SQL:104 - 
    alter table object2 
        add constraint FK9D13C4D382DF9362 
        foreign key (id) 
        references mainobject
14:16:36,258  INFO SchemaExport:405 - HHH000230: Schema export complete
14:16:36,258  WARN SessionFactoryImpl:1554 - HHH000008: JTASessionContext being used with JDBCTransactionFactory; auto-flush will not operate correctly with getCurrentSession()
14:16:36,258  INFO CustomRunner:139 - Test: testOneToOneCache
14:16:36,259 DEBUG SQL:104 - 
    insert 
    into
        mainobject
        (id, description) 
    values
        (null, ?)
14:16:36,260 DEBUG AbstractReadWriteAccessStrategy:34 - getting key[org.hibernate.test.legacy.MainObject#1] from region[hibernate.test.org.hibernate.test.legacy.MainObject]
14:16:36,260 DEBUG BaseGeneralDataRegion:46 - Cache[hibernate.test.org.hibernate.test.legacy.MainObject] lookup : key[org.hibernate.test.legacy.MainObject#1]
14:16:36,260 DEBUG AbstractReadWriteAccessStrategy:46 - miss key[org.hibernate.test.legacy.MainObject#1] in region[hibernate.test.org.hibernate.test.legacy.MainObject]
14:16:36,260 DEBUG SQL:104 - 
    select
        mainobject0_.id as id0_1_,
        mainobject0_.description as descript2_0_1_,
        object2x1_.id as id1_0_,
        object2x1_.xdummy as xdummy1_0_ 
    from
        mainobject mainobject0_ 
    left outer join
        object2 object2x1_ 
            on mainobject0_.id=object2x1_.id 
    where
        mainobject0_.id=?
14:16:36,261 DEBUG AbstractReadWriteAccessStrategy:68 - putting key[org.hibernate.test.legacy.MainObject#1] -> value[CacheEntry(org.hibernate.test.legacy.MainObject)[null,Main Test]] into region[hibernate.test.org.hibernate.test.legacy.MainObject]
14:16:36,261 DEBUG BaseGeneralDataRegion:46 - Cache[hibernate.test.org.hibernate.test.legacy.MainObject] lookup : key[org.hibernate.test.legacy.MainObject#1]
14:16:36,261 DEBUG AbstractReadWriteAccessStrategy:73 - putting key[org.hibernate.test.legacy.MainObject#1] -> value[CacheEntry(org.hibernate.test.legacy.MainObject)[null,Main Test]] into region[hibernate.test.org.hibernate.test.legacy.MainObject] success
14:16:36,261 DEBUG BaseGeneralDataRegion:59 - Caching[hibernate.test.org.hibernate.test.legacy.MainObject] : [org.hibernate.test.legacy.MainObject#1] -> [org.hibernate.testing.cache.AbstractReadWriteAccessStrategy$Item@111cee42]
14:16:36,261 DEBUG AbstractReadWriteAccessStrategy:34 - getting key[org.hibernate.test.legacy.MainObject#1] from region[hibernate.test.org.hibernate.test.legacy.MainObject]
14:16:36,261 DEBUG BaseGeneralDataRegion:46 - Cache[hibernate.test.org.hibernate.test.legacy.MainObject] lookup : key[org.hibernate.test.legacy.MainObject#1]
14:16:36,262 DEBUG BaseGeneralDataRegion:52 - Cache[hibernate.test.org.hibernate.test.legacy.MainObject] hit: org.hibernate.test.legacy.MainObject#1
14:16:36,262 DEBUG AbstractReadWriteAccessStrategy:41 - hit key[org.hibernate.test.legacy.MainObject#1] in region[hibernate.test.org.hibernate.test.legacy.MainObject]
14:16:36,262 DEBUG AbstractReadWriteAccessStrategy:34 - getting key[org.hibernate.test.legacy.Object2#1] from region[hibernate.test.org.hibernate.test.legacy.Object2]
14:16:36,262 DEBUG BaseGeneralDataRegion:46 - Cache[hibernate.test.org.hibernate.test.legacy.Object2] lookup : key[org.hibernate.test.legacy.Object2#1]
14:16:36,262 DEBUG AbstractReadWriteAccessStrategy:46 - miss key[org.hibernate.test.legacy.Object2#1] in region[hibernate.test.org.hibernate.test.legacy.Object2]
14:16:36,262 DEBUG SQL:104 - 
    select
        object2x0_.id as id1_0_,
        object2x0_.xdummy as xdummy1_0_ 
    from
        object2 object2x0_ 
    where
        object2x0_.id=?
14:16:36,263 DEBUG SQL:104 - 
    insert 
    into
        object2
        (xdummy, id) 
    values
        (?, ?)
14:16:36,263 DEBUG BaseGeneralDataRegion:46 - Cache[hibernate.test.org.hibernate.test.legacy.Object2] lookup : key[org.hibernate.test.legacy.Object2#1]
14:16:36,263 DEBUG BaseGeneralDataRegion:59 - Caching[hibernate.test.org.hibernate.test.legacy.Object2] : [org.hibernate.test.legacy.Object2#1] -> [org.hibernate.testing.cache.AbstractReadWriteAccessStrategy$Item@7553ca4d]
14:16:36,263 DEBUG AbstractReadWriteAccessStrategy:34 - getting key[org.hibernate.test.legacy.MainObject#1] from region[hibernate.test.org.hibernate.test.legacy.MainObject]
14:16:36,263 DEBUG BaseGeneralDataRegion:46 - Cache[hibernate.test.org.hibernate.test.legacy.MainObject] lookup : key[org.hibernate.test.legacy.MainObject#1]
14:16:36,263 DEBUG BaseGeneralDataRegion:52 - Cache[hibernate.test.org.hibernate.test.legacy.MainObject] hit: org.hibernate.test.legacy.MainObject#1
14:16:36,264 DEBUG AbstractReadWriteAccessStrategy:41 - hit key[org.hibernate.test.legacy.MainObject#1] in region[hibernate.test.org.hibernate.test.legacy.MainObject]
14:16:36,264 DEBUG AbstractReadWriteAccessStrategy:34 - getting key[org.hibernate.test.legacy.Object2#1] from region[hibernate.test.org.hibernate.test.legacy.Object2]
14:16:36,264 DEBUG BaseGeneralDataRegion:46 - Cache[hibernate.test.org.hibernate.test.legacy.Object2] lookup : key[org.hibernate.test.legacy.Object2#1]
14:16:36,264 DEBUG BaseGeneralDataRegion:52 - Cache[hibernate.test.org.hibernate.test.legacy.Object2] hit: org.hibernate.test.legacy.Object2#1
14:16:36,264 DEBUG AbstractReadWriteAccessStrategy:41 - hit key[org.hibernate.test.legacy.Object2#1] in region[hibernate.test.org.hibernate.test.legacy.Object2]
14:16:36,264 DEBUG BaseGeneralDataRegion:79 - evict cache[hibernate.test.org.hibernate.test.legacy.MainObject]
14:16:36,264 DEBUG AbstractReadWriteAccessStrategy:34 - getting key[org.hibernate.test.legacy.MainObject#1] from region[hibernate.test.org.hibernate.test.legacy.MainObject]
14:16:36,264 DEBUG BaseGeneralDataRegion:46 - Cache[hibernate.test.org.hibernate.test.legacy.MainObject] lookup : key[org.hibernate.test.legacy.MainObject#1]
14:16:36,265 DEBUG AbstractReadWriteAccessStrategy:46 - miss key[org.hibernate.test.legacy.MainObject#1] in region[hibernate.test.org.hibernate.test.legacy.MainObject]
14:16:36,265 DEBUG SQL:104 - 
    select
        mainobject0_.id as id0_1_,
        mainobject0_.description as descript2_0_1_,
        object2x1_.id as id1_0_,
        object2x1_.xdummy as xdummy1_0_ 
    from
        mainobject mainobject0_ 
    left outer join
        object2 object2x1_ 
            on mainobject0_.id=object2x1_.id 
    where
        mainobject0_.id=?
14:16:36,265 DEBUG AbstractReadWriteAccessStrategy:68 - putting key[org.hibernate.test.legacy.Object2#1] -> value[CacheEntry(org.hibernate.test.legacy.Object2)[test,null]] into region[hibernate.test.org.hibernate.test.legacy.Object2]
14:16:36,265 DEBUG BaseGeneralDataRegion:46 - Cache[hibernate.test.org.hibernate.test.legacy.Object2] lookup : key[org.hibernate.test.legacy.Object2#1]
14:16:36,265 DEBUG BaseGeneralDataRegion:52 - Cache[hibernate.test.org.hibernate.test.legacy.Object2] hit: org.hibernate.test.legacy.Object2#1
14:16:36,265 DEBUG AbstractReadWriteAccessStrategy:78 - putting key[org.hibernate.test.legacy.Object2#1] -> value[CacheEntry(org.hibernate.test.legacy.Object2)[test,null]] into region[hibernate.test.org.hibernate.test.legacy.Object2] fail due to it is unwriteable
14:16:36,265 DEBUG AbstractReadWriteAccessStrategy:68 - putting key[org.hibernate.test.legacy.MainObject#1] -> value[CacheEntry(org.hibernate.test.legacy.MainObject)[null,Main Test]] into region[hibernate.test.org.hibernate.test.legacy.MainObject]
14:16:36,266 DEBUG BaseGeneralDataRegion:46 - Cache[hibernate.test.org.hibernate.test.legacy.MainObject] lookup : key[org.hibernate.test.legacy.MainObject#1]
14:16:36,266 DEBUG AbstractReadWriteAccessStrategy:73 - putting key[org.hibernate.test.legacy.MainObject#1] -> value[CacheEntry(org.hibernate.test.legacy.MainObject)[null,Main Test]] into region[hibernate.test.org.hibernate.test.legacy.MainObject] success
14:16:36,266 DEBUG BaseGeneralDataRegion:59 - Caching[hibernate.test.org.hibernate.test.legacy.MainObject] : [org.hibernate.test.legacy.MainObject#1] -> [org.hibernate.testing.cache.AbstractReadWriteAccessStrategy$Item@3fef6ca8]
14:16:36,267  INFO SchemaExport:343 - HHH000227: Running hbm2ddl schema export
14:16:36,267 DEBUG SchemaExport:353 - Import file not found: /import.sql
14:16:36,268 DEBUG SQL:104 - 
    alter table object2 
        drop constraint FK9D13C4D382DF9362
14:16:36,268 DEBUG SQL:104 - 
    drop table mainobject if exists
14:16:36,268 DEBUG SQL:104 - 
    drop table object2 if exists
14:16:36,268  INFO SchemaExport:405 - HHH000230: Schema export complete
14:16:36,268  INFO DriverManagerConnectionProviderImpl:162 - HHH000030: Cleaning up connection pool [jdbc:h2:mem:db1;DB_CLOSE_DELAY=-1;MVCC=TRUE]
]]></system-out>
  <system-err><![CDATA[]]></system-err>
</testsuite>
