<?xml version="1.0" encoding="UTF-8"?>
<testsuite errors="0" failures="0" hostname="dhcp-10.15.208.168.stl.redhat.com" name="org.hibernate.test.orphan.one2one.fk.composite.DeleteOneToOneOrphansTest" tests="1" time="0.114" timestamp="2013-02-28T20:17:44">
  <properties />
  <testcase classname="org.hibernate.test.orphan.one2one.fk.composite.DeleteOneToOneOrphansTest" name="testOrphanedWhileManaged" time="0.071" />
  <system-out><![CDATA[14:17:44,208  INFO CustomRunner:132 - BeforeClass: org.hibernate.test.orphan.one2one.fk.composite.DeleteOneToOneOrphansTest
14:17:44,210  INFO Configuration:706 - HHH000221: Reading mappings from resource: org/hibernate/test/orphan/one2one/fk/composite/Mapping.hbm.xml
14:17:44,221  INFO DriverManagerConnectionProviderImpl:99 - HHH000402: Using Hibernate built-in connection pool (not for production use!)
14:17:44,222  INFO DriverManagerConnectionProviderImpl:135 - HHH000115: Hibernate connection pool size: 5
14:17:44,222  INFO DriverManagerConnectionProviderImpl:138 - HHH000006: Autocommit mode: false
14:17:44,222  INFO DriverManagerConnectionProviderImpl:153 - HHH000401: using driver [org.h2.Driver] at URL [jdbc:h2:mem:db1;DB_CLOSE_DELAY=-1;MVCC=TRUE]
14:17:44,222  INFO DriverManagerConnectionProviderImpl:158 - HHH000046: Connection properties: {user=sa}
14:17:44,224  INFO Dialect:103 - HHH000400: Using dialect: org.hibernate.dialect.H2Dialect
14:17:44,224  INFO LobCreatorBuilder:94 - HHH000423: Disabling contextual LOB creation as JDBC driver reported JDBC version [3] less than 4
14:17:44,225  INFO TransactionFactoryInitiator:66 - HHH000399: Using default transaction strategy (direct JDBC transactions)
14:17:44,225  INFO ASTQueryTranslatorFactory:48 - HHH000397: Using ASTQueryTranslatorFactory
14:17:44,225  WARN CachingRegionFactory:58 - CachingRegionFactory should be only used for testing.
14:17:44,233  INFO SchemaExport:343 - HHH000227: Running hbm2ddl schema export
14:17:44,234 DEBUG SchemaExport:353 - Import file not found: /import.sql
14:17:44,234 DEBUG SQL:104 - 
    alter table Employee 
        drop constraint FK4AFD4ACED2CD76F7
14:17:44,235 ERROR SchemaExport:425 - HHH000389: Unsuccessful: alter table Employee drop constraint FK4AFD4ACED2CD76F7
14:17:44,235 ERROR SchemaExport:426 - Table "EMPLOYEE" not found; SQL statement:

    alter table Employee 
        drop constraint FK4AFD4ACED2CD76F7 [42102-145]
14:17:44,235 DEBUG SQL:104 - 
    drop table Employee if exists
14:17:44,235 DEBUG SQL:104 - 
    drop table EmployeeInfo if exists
14:17:44,235 DEBUG SQL:104 - 
    create table Employee (
        id bigint not null,
        COMP_ID bigint,
        PERS_ID bigint,
        primary key (id)
    )
14:17:44,235 DEBUG SQL:104 - 
    create table EmployeeInfo (
        COMP_ID bigint not null,
        PERS_ID bigint not null,
        primary key (COMP_ID, PERS_ID)
    )
14:17:44,236 DEBUG SQL:104 - 
    alter table Employee 
        add constraint FK4AFD4ACED2CD76F7 
        foreign key (COMP_ID, PERS_ID) 
        references EmployeeInfo
14:17:44,236  INFO SchemaExport:405 - HHH000230: Schema export complete
14:17:44,237  WARN SessionFactoryImpl:1554 - HHH000008: JTASessionContext being used with JDBCTransactionFactory; auto-flush will not operate correctly with getCurrentSession()
14:17:44,237  INFO CustomRunner:139 - Test: testOrphanedWhileManaged
14:17:44,238 DEBUG SQL:104 - 
    select
        max(id) 
    from
        Employee
14:17:44,239 DEBUG SQL:104 - 
    select
        employeein_.COMP_ID,
        employeein_.PERS_ID 
    from
        EmployeeInfo employeein_ 
    where
        employeein_.COMP_ID=? 
        and employeein_.PERS_ID=?
14:17:44,240 DEBUG SQL:104 - 
    insert 
    into
        EmployeeInfo
        (COMP_ID, PERS_ID) 
    values
        (?, ?)
14:17:44,240 DEBUG SQL:104 - 
    insert 
    into
        Employee
        (COMP_ID, PERS_ID, id) 
    values
        (?, ?, ?)
14:17:44,240 DEBUG QueryTranslatorImpl:265 - parse() - HQL: from org.hibernate.test.orphan.one2one.fk.composite.EmployeeInfo
14:17:44,241 DEBUG QueryTranslatorImpl:283 - --- HQL AST ---
 \-[QUERY] Node: 'query'
    \-[SELECT_FROM] Node: 'SELECT_FROM'
       \-[FROM] Node: 'from'
          \-[RANGE] Node: 'RANGE'
             \-[DOT] Node: '.'
                +-[DOT] Node: '.'
                |  +-[DOT] Node: '.'
                |  |  +-[DOT] Node: '.'
                |  |  |  +-[DOT] Node: '.'
                |  |  |  |  +-[DOT] Node: '.'
                |  |  |  |  |  +-[DOT] Node: '.'
                |  |  |  |  |  |  +-[IDENT] Node: 'org'
                |  |  |  |  |  |  \-[IDENT] Node: 'hibernate'
                |  |  |  |  |  \-[IDENT] Node: 'test'
                |  |  |  |  \-[IDENT] Node: 'orphan'
                |  |  |  \-[IDENT] Node: 'one2one'
                |  |  \-[IDENT] Node: 'fk'
                |  \-[IDENT] Node: 'composite'
                \-[IDENT] Node: 'EmployeeInfo'

14:17:44,246 DEBUG ErrorCounter:82 - throwQueryException() : no errors
14:17:44,246 DEBUG FromElement:157 - FromClause{level=1} : org.hibernate.test.orphan.one2one.fk.composite.EmployeeInfo (<no alias>) -> employeein0_
14:17:44,247 DEBUG HqlSqlWalker:629 - processQuery() :  ( SELECT ( FromClause{level=1} EmployeeInfo employeein0_ ) )
14:17:44,247 DEBUG HqlSqlWalker:869 - Derived SELECT clause created.
14:17:44,247 DEBUG JoinProcessor:175 - Using FROM fragment [EmployeeInfo employeein0_]
14:17:44,247 DEBUG QueryTranslatorImpl:252 - --- SQL AST ---
 \-[SELECT] QueryNode: 'SELECT'  querySpaces (EmployeeInfo)
    +-[SELECT_CLAUSE] SelectClause: '{derived select clause}'
    |  \-[SELECT_EXPR] SelectExpressionImpl: 'employeein0_.COMP_ID as COMP1_1_, employeein0_.PERS_ID as PERS2_1_' {FromElement{explicit,not a collection join,not a fetch join,fetch non-lazy properties,classAlias=null,role=null,tableName=EmployeeInfo,tableAlias=employeein0_,origin=null,columns={,className=org.hibernate.test.orphan.one2one.fk.composite.EmployeeInfo}}}
    \-[FROM] FromClause: 'from' FromClause{level=1, fromElementCounter=1, fromElements=1, fromElementByClassAlias=[], fromElementByTableAlias=[employeein0_], fromElementsByPath=[], collectionJoinFromElementsByPath=[], impliedElements=[]}
       \-[FROM_FRAGMENT] FromElement: 'EmployeeInfo employeein0_' FromElement{explicit,not a collection join,not a fetch join,fetch non-lazy properties,classAlias=null,role=null,tableName=EmployeeInfo,tableAlias=employeein0_,origin=null,columns={,className=org.hibernate.test.orphan.one2one.fk.composite.EmployeeInfo}}

14:17:44,248 DEBUG ErrorCounter:82 - throwQueryException() : no errors
14:17:44,248 DEBUG QueryTranslatorImpl:235 - HQL: from org.hibernate.test.orphan.one2one.fk.composite.EmployeeInfo
14:17:44,258 DEBUG QueryTranslatorImpl:236 - SQL: select employeein0_.COMP_ID as COMP1_1_, employeein0_.PERS_ID as PERS2_1_ from EmployeeInfo employeein0_
14:17:44,258 DEBUG ErrorCounter:82 - throwQueryException() : no errors
14:17:44,258 DEBUG SQL:104 - 
    select
        employeein0_.COMP_ID as COMP1_1_,
        employeein0_.PERS_ID as PERS2_1_ 
    from
        EmployeeInfo employeein0_
14:17:44,259 DEBUG QueryTranslatorImpl:265 - parse() - HQL: from org.hibernate.test.orphan.one2one.fk.composite.Employee
14:17:44,260 DEBUG QueryTranslatorImpl:283 - --- HQL AST ---
 \-[QUERY] Node: 'query'
    \-[SELECT_FROM] Node: 'SELECT_FROM'
       \-[FROM] Node: 'from'
          \-[RANGE] Node: 'RANGE'
             \-[DOT] Node: '.'
                +-[DOT] Node: '.'
                |  +-[DOT] Node: '.'
                |  |  +-[DOT] Node: '.'
                |  |  |  +-[DOT] Node: '.'
                |  |  |  |  +-[DOT] Node: '.'
                |  |  |  |  |  +-[DOT] Node: '.'
                |  |  |  |  |  |  +-[IDENT] Node: 'org'
                |  |  |  |  |  |  \-[IDENT] Node: 'hibernate'
                |  |  |  |  |  \-[IDENT] Node: 'test'
                |  |  |  |  \-[IDENT] Node: 'orphan'
                |  |  |  \-[IDENT] Node: 'one2one'
                |  |  \-[IDENT] Node: 'fk'
                |  \-[IDENT] Node: 'composite'
                \-[IDENT] Node: 'Employee'

14:17:44,260 DEBUG ErrorCounter:82 - throwQueryException() : no errors
14:17:44,260 DEBUG FromElement:157 - FromClause{level=1} : org.hibernate.test.orphan.one2one.fk.composite.Employee (<no alias>) -> employee0_
14:17:44,260 DEBUG HqlSqlWalker:629 - processQuery() :  ( SELECT ( FromClause{level=1} Employee employee0_ ) )
14:17:44,260 DEBUG HqlSqlWalker:869 - Derived SELECT clause created.
14:17:44,261 DEBUG JoinProcessor:175 - Using FROM fragment [Employee employee0_]
14:17:44,261 DEBUG QueryTranslatorImpl:252 - --- SQL AST ---
 \-[SELECT] QueryNode: 'SELECT'  querySpaces (Employee)
    +-[SELECT_CLAUSE] SelectClause: '{derived select clause}'
    |  +-[SELECT_EXPR] SelectExpressionImpl: 'employee0_.id as id0_' {FromElement{explicit,not a collection join,not a fetch join,fetch non-lazy properties,classAlias=null,role=null,tableName=Employee,tableAlias=employee0_,origin=null,columns={,className=org.hibernate.test.orphan.one2one.fk.composite.Employee}}}
    |  \-[SQL_TOKEN] SqlFragment: 'employee0_.COMP_ID as COMP2_0_, employee0_.PERS_ID as PERS3_0_'
    \-[FROM] FromClause: 'from' FromClause{level=1, fromElementCounter=1, fromElements=1, fromElementByClassAlias=[], fromElementByTableAlias=[employee0_], fromElementsByPath=[], collectionJoinFromElementsByPath=[], impliedElements=[]}
       \-[FROM_FRAGMENT] FromElement: 'Employee employee0_' FromElement{explicit,not a collection join,not a fetch join,fetch non-lazy properties,classAlias=null,role=null,tableName=Employee,tableAlias=employee0_,origin=null,columns={,className=org.hibernate.test.orphan.one2one.fk.composite.Employee}}

14:17:44,261 DEBUG ErrorCounter:82 - throwQueryException() : no errors
14:17:44,261 DEBUG QueryTranslatorImpl:235 - HQL: from org.hibernate.test.orphan.one2one.fk.composite.Employee
14:17:44,261 DEBUG QueryTranslatorImpl:236 - SQL: select employee0_.id as id0_, employee0_.COMP_ID as COMP2_0_, employee0_.PERS_ID as PERS3_0_ from Employee employee0_
14:17:44,261 DEBUG ErrorCounter:82 - throwQueryException() : no errors
14:17:44,261 DEBUG SQL:104 - 
    select
        employee0_.id as id0_,
        employee0_.COMP_ID as COMP2_0_,
        employee0_.PERS_ID as PERS3_0_ 
    from
        Employee employee0_
14:17:44,262 DEBUG SQL:104 - 
    update
        Employee 
    set
        COMP_ID=?,
        PERS_ID=? 
    where
        id=?
14:17:44,270 DEBUG SQL:104 - 
    delete 
    from
        EmployeeInfo 
    where
        COMP_ID=? 
        and PERS_ID=?
14:17:44,271 DEBUG SQL:104 - 
    select
        employee0_.id as id0_0_,
        employee0_.COMP_ID as COMP2_0_0_,
        employee0_.PERS_ID as PERS3_0_0_ 
    from
        Employee employee0_ 
    where
        employee0_.id=?
14:17:44,271 DEBUG SQL:104 - 
    select
        employeein0_.COMP_ID as COMP1_1_,
        employeein0_.PERS_ID as PERS2_1_ 
    from
        EmployeeInfo employeein0_
14:17:44,272 DEBUG SQL:104 - 
    select
        employee0_.id as id0_,
        employee0_.COMP_ID as COMP2_0_,
        employee0_.PERS_ID as PERS3_0_ 
    from
        Employee employee0_
14:17:44,272 DEBUG QueryTranslatorImpl:265 - parse() - HQL: delete org.hibernate.test.orphan.one2one.fk.composite.EmployeeInfo
14:17:44,282 DEBUG QueryTranslatorImpl:283 - --- HQL AST ---
 \-[DELETE] Node: 'delete'
    \-[FROM] Node: 'FROM'
       \-[RANGE] Node: 'RANGE'
          \-[DOT] Node: '.'
             +-[DOT] Node: '.'
             |  +-[DOT] Node: '.'
             |  |  +-[DOT] Node: '.'
             |  |  |  +-[DOT] Node: '.'
             |  |  |  |  +-[DOT] Node: '.'
             |  |  |  |  |  +-[DOT] Node: '.'
             |  |  |  |  |  |  +-[IDENT] Node: 'org'
             |  |  |  |  |  |  \-[IDENT] Node: 'hibernate'
             |  |  |  |  |  \-[IDENT] Node: 'test'
             |  |  |  |  \-[IDENT] Node: 'orphan'
             |  |  |  \-[IDENT] Node: 'one2one'
             |  |  \-[IDENT] Node: 'fk'
             |  \-[IDENT] Node: 'composite'
             \-[IDENT] Node: 'EmployeeInfo'

14:17:44,283 DEBUG ErrorCounter:82 - throwQueryException() : no errors
14:17:44,283 DEBUG FromElement:157 - FromClause{level=1} : org.hibernate.test.orphan.one2one.fk.composite.EmployeeInfo (<no alias>) -> employeein0_
14:17:44,284 DEBUG QueryTranslatorImpl:252 - --- SQL AST ---
 \-[DELETE] DeleteStatement: 'delete'  querySpaces (EmployeeInfo)
    \-[FROM] FromClause: 'FROM' FromClause{level=1, fromElementCounter=1, fromElements=1, fromElementByClassAlias=[], fromElementByTableAlias=[employeein0_], fromElementsByPath=[], collectionJoinFromElementsByPath=[], impliedElements=[]}
       \-[FROM_FRAGMENT] FromElement: 'EmployeeInfo' FromElement{explicit,not a collection join,not a fetch join,fetch non-lazy properties,classAlias=null,role=null,tableName=EmployeeInfo,tableAlias=employeein0_,origin=null,columns={,className=org.hibernate.test.orphan.one2one.fk.composite.EmployeeInfo}}

14:17:44,284 DEBUG ErrorCounter:82 - throwQueryException() : no errors
14:17:44,284 DEBUG ErrorCounter:82 - throwQueryException() : no errors
14:17:44,284 DEBUG SQL:104 - 
    delete 
    from
        EmployeeInfo
14:17:44,285 DEBUG QueryTranslatorImpl:265 - parse() - HQL: delete org.hibernate.test.orphan.one2one.fk.composite.Employee
14:17:44,285 DEBUG QueryTranslatorImpl:283 - --- HQL AST ---
 \-[DELETE] Node: 'delete'
    \-[FROM] Node: 'FROM'
       \-[RANGE] Node: 'RANGE'
          \-[DOT] Node: '.'
             +-[DOT] Node: '.'
             |  +-[DOT] Node: '.'
             |  |  +-[DOT] Node: '.'
             |  |  |  +-[DOT] Node: '.'
             |  |  |  |  +-[DOT] Node: '.'
             |  |  |  |  |  +-[DOT] Node: '.'
             |  |  |  |  |  |  +-[IDENT] Node: 'org'
             |  |  |  |  |  |  \-[IDENT] Node: 'hibernate'
             |  |  |  |  |  \-[IDENT] Node: 'test'
             |  |  |  |  \-[IDENT] Node: 'orphan'
             |  |  |  \-[IDENT] Node: 'one2one'
             |  |  \-[IDENT] Node: 'fk'
             |  \-[IDENT] Node: 'composite'
             \-[IDENT] Node: 'Employee'

14:17:44,306 DEBUG ErrorCounter:82 - throwQueryException() : no errors
14:17:44,307 DEBUG FromElement:157 - FromClause{level=1} : org.hibernate.test.orphan.one2one.fk.composite.Employee (<no alias>) -> employee0_
14:17:44,307 DEBUG QueryTranslatorImpl:252 - --- SQL AST ---
 \-[DELETE] DeleteStatement: 'delete'  querySpaces (Employee)
    \-[FROM] FromClause: 'FROM' FromClause{level=1, fromElementCounter=1, fromElements=1, fromElementByClassAlias=[], fromElementByTableAlias=[employee0_], fromElementsByPath=[], collectionJoinFromElementsByPath=[], impliedElements=[]}
       \-[FROM_FRAGMENT] FromElement: 'Employee' FromElement{explicit,not a collection join,not a fetch join,fetch non-lazy properties,classAlias=null,role=null,tableName=Employee,tableAlias=employee0_,origin=null,columns={,className=org.hibernate.test.orphan.one2one.fk.composite.Employee}}

14:17:44,307 DEBUG ErrorCounter:82 - throwQueryException() : no errors
14:17:44,307 DEBUG ErrorCounter:82 - throwQueryException() : no errors
14:17:44,307 DEBUG SQL:104 - 
    delete 
    from
        Employee
14:17:44,308  INFO SchemaExport:343 - HHH000227: Running hbm2ddl schema export
14:17:44,309 DEBUG SchemaExport:353 - Import file not found: /import.sql
14:17:44,309 DEBUG SQL:104 - 
    alter table Employee 
        drop constraint FK4AFD4ACED2CD76F7
14:17:44,309 DEBUG SQL:104 - 
    drop table Employee if exists
14:17:44,310 DEBUG SQL:104 - 
    drop table EmployeeInfo if exists
14:17:44,320  INFO SchemaExport:405 - HHH000230: Schema export complete
14:17:44,320  INFO DriverManagerConnectionProviderImpl:162 - HHH000030: Cleaning up connection pool [jdbc:h2:mem:db1;DB_CLOSE_DELAY=-1;MVCC=TRUE]
]]></system-out>
  <system-err><![CDATA[]]></system-err>
</testsuite>
