<?xml version="1.0" encoding="UTF-8"?>
<testsuite errors="0" failures="0" hostname="dhcp-10.15.208.168.stl.redhat.com" name="org.hibernate.test.transaction.jdbc.TestExpectedUsage" tests="1" time="0.066" timestamp="2013-02-28T20:19:25">
  <properties />
  <testcase classname="org.hibernate.test.transaction.jdbc.TestExpectedUsage" name="testBasicUsage" time="0.058" />
  <system-out><![CDATA[14:19:25,777  INFO CustomRunner:132 - BeforeClass: org.hibernate.test.transaction.jdbc.TestExpectedUsage
14:19:25,777  INFO CustomRunner:139 - Test: testBasicUsage
14:19:25,824  INFO DriverManagerConnectionProviderImpl:99 - HHH000402: Using Hibernate built-in connection pool (not for production use!)
14:19:25,825  INFO DriverManagerConnectionProviderImpl:135 - HHH000115: Hibernate connection pool size: 5
14:19:25,825  INFO DriverManagerConnectionProviderImpl:138 - HHH000006: Autocommit mode: false
14:19:25,825  INFO DriverManagerConnectionProviderImpl:153 - HHH000401: using driver [org.h2.Driver] at URL [jdbc:h2:mem:db1;DB_CLOSE_DELAY=-1;MVCC=TRUE]
14:19:25,825  INFO DriverManagerConnectionProviderImpl:158 - HHH000046: Connection properties: {user=sa, password=****}
14:19:25,827  INFO Dialect:103 - HHH000400: Using dialect: org.hibernate.dialect.H2Dialect
14:19:25,827  INFO LobCreatorBuilder:94 - HHH000423: Disabling contextual LOB creation as JDBC driver reported JDBC version [3] less than 4
14:19:25,828  INFO TransactionFactoryInitiator:66 - HHH000399: Using default transaction strategy (direct JDBC transactions)
14:19:25,828  INFO ASTQueryTranslatorFactory:48 - HHH000397: Using ASTQueryTranslatorFactory
14:19:25,828  WARN CachingRegionFactory:58 - CachingRegionFactory should be only used for testing.
14:19:25,831  WARN SessionFactoryImpl:1554 - HHH000008: JTASessionContext being used with JDBCTransactionFactory; auto-flush will not operate correctly with getCurrentSession()
14:19:25,832 DEBUG SQL:104 - 
    drop table SANDBOX_JDBC_TST if exists
14:19:25,832 DEBUG SQL:104 - 
    create table SANDBOX_JDBC_TST ( ID integer, NAME varchar(100) )
14:19:25,832 DEBUG SQL:104 - 
    insert 
    into
        SANDBOX_JDBC_TST
        ( ID, NAME ) 
    values
        ( ?, ? )
14:19:25,833 DEBUG SQL:104 - 
    select
        * 
    from
        SANDBOX_JDBC_TST
14:19:25,833 DEBUG SQL:104 - 
    delete 
    from
        SANDBOX_JDBC_TST
14:19:25,833  INFO JdbcCoordinatorImpl:269 - HHH000106: Forcing container resource cleanup on transaction completion
14:19:25,833  INFO DriverManagerConnectionProviderImpl:162 - HHH000030: Cleaning up connection pool [jdbc:h2:mem:db1;DB_CLOSE_DELAY=-1;MVCC=TRUE]
]]></system-out>
  <system-err><![CDATA[]]></system-err>
</testsuite>
