<?xml version="1.0" encoding="UTF-8"?>
<testsuite errors="0" failures="0" hostname="dhcp-10.15.208.168.stl.redhat.com" name="org.hibernate.test.annotations.naturalid.ImmutableNaturalKeyLookupTest" tests="6" time="0.529" timestamp="2013-02-28T20:10:37">
  <properties />
  <testcase classname="org.hibernate.test.annotations.naturalid.ImmutableNaturalKeyLookupTest" name="testCriteriaWithAliasOneToOneJoin" time="0.093" />
  <testcase classname="org.hibernate.test.annotations.naturalid.ImmutableNaturalKeyLookupTest" name="testCriteriaWithFetchModeJoinCollection" time="0.065" />
  <testcase classname="org.hibernate.test.annotations.naturalid.ImmutableNaturalKeyLookupTest" name="testCriteriaWithFetchModeJoinOnetoOne" time="0.068" />
  <testcase classname="org.hibernate.test.annotations.naturalid.ImmutableNaturalKeyLookupTest" name="testNaturalKeyLookupWithConstraint" time="0.053" />
  <testcase classname="org.hibernate.test.annotations.naturalid.ImmutableNaturalKeyLookupTest" name="testSimpleImmutableNaturalKeyLookup" time="0.051" />
  <testcase classname="org.hibernate.test.annotations.naturalid.ImmutableNaturalKeyLookupTest" name="testSubCriteriaOneToOneJoin" time="0.099" />
  <system-out><![CDATA[14:10:37,767  INFO CustomRunner:132 - BeforeClass: org.hibernate.test.annotations.naturalid.ImmutableNaturalKeyLookupTest
14:10:37,777  INFO DriverManagerConnectionProviderImpl:99 - HHH000402: Using Hibernate built-in connection pool (not for production use!)
14:10:37,777  INFO DriverManagerConnectionProviderImpl:135 - HHH000115: Hibernate connection pool size: 5
14:10:37,777  INFO DriverManagerConnectionProviderImpl:138 - HHH000006: Autocommit mode: false
14:10:37,777  INFO DriverManagerConnectionProviderImpl:153 - HHH000401: using driver [org.h2.Driver] at URL [jdbc:h2:mem:db1;DB_CLOSE_DELAY=-1;MVCC=TRUE]
14:10:37,777  INFO DriverManagerConnectionProviderImpl:158 - HHH000046: Connection properties: {user=sa}
14:10:37,778  INFO Dialect:103 - HHH000400: Using dialect: org.hibernate.dialect.H2Dialect
14:10:37,779  INFO LobCreatorBuilder:94 - HHH000423: Disabling contextual LOB creation as JDBC driver reported JDBC version [3] less than 4
14:10:37,779  INFO TransactionFactoryInitiator:66 - HHH000399: Using default transaction strategy (direct JDBC transactions)
14:10:37,779  INFO ASTQueryTranslatorFactory:48 - HHH000397: Using ASTQueryTranslatorFactory
14:10:37,780  WARN CachingRegionFactory:58 - CachingRegionFactory should be only used for testing.
14:10:37,782  INFO UpdateTimestampsCache:61 - HHH000250: Starting update timestamps cache at region: hibernate.test.org.hibernate.cache.spi.UpdateTimestampsCache
14:10:37,800  INFO StandardQueryCache:86 - HHH000248: Starting query cache at region: hibernate.test.org.hibernate.cache.internal.StandardQueryCache
14:10:37,817  INFO TableGenerator:414 - HHH000398: Explicit segment value for id generator [hibernate_sequences.sequence_name] suggested; using default [default]
14:10:37,817  INFO TableGenerator:414 - HHH000398: Explicit segment value for id generator [hibernate_sequences.sequence_name] suggested; using default [default]
14:10:37,828  INFO TableGenerator:414 - HHH000398: Explicit segment value for id generator [hibernate_sequences.sequence_name] suggested; using default [default]
14:10:37,829  INFO TableGenerator:414 - HHH000398: Explicit segment value for id generator [hibernate_sequences.sequence_name] suggested; using default [default]
14:10:37,829  INFO TableGenerator:414 - HHH000398: Explicit segment value for id generator [hibernate_sequences.sequence_name] suggested; using default [default]
14:10:37,829  INFO TableGenerator:414 - HHH000398: Explicit segment value for id generator [hibernate_sequences.sequence_name] suggested; using default [default]
14:10:37,830  INFO SchemaExport:343 - HHH000227: Running hbm2ddl schema export
14:10:37,830 DEBUG SchemaExport:353 - Import file not found: /import.sql
14:10:37,830 DEBUG SQL:104 - 
    alter table A 
        drop constraint FK418BFC7541
14:10:37,831 ERROR SchemaExport:425 - HHH000389: Unsuccessful: alter table A drop constraint FK418BFC7541
14:10:37,831 ERROR SchemaExport:426 - Table "A" not found; SQL statement:

    alter table A 
        drop constraint FK418BFC7541 [42102-145]
14:10:37,831 DEBUG SQL:104 - 
    alter table D 
        drop constraint FK44F87B4603
14:10:37,831 ERROR SchemaExport:425 - HHH000389: Unsuccessful: alter table D drop constraint FK44F87B4603
14:10:37,831 ERROR SchemaExport:426 - Table "D" not found; SQL statement:

    alter table D 
        drop constraint FK44F87B4603 [42102-145]
14:10:37,831 DEBUG SQL:104 - 
    drop table A if exists
14:10:37,831 DEBUG SQL:104 - 
    drop table D if exists
14:10:37,831 DEBUG SQL:104 - 
    drop table hibernate_sequences if exists
14:10:37,832 DEBUG SQL:104 - 
    create table A (
        oid bigint not null,
        name varchar(255),
        version integer not null,
        singleD_oid bigint,
        primary key (oid)
    )
14:10:37,832 DEBUG SQL:104 - 
    create table D (
        oid bigint not null,
        version integer not null,
        a_oid bigint,
        primary key (oid)
    )
14:10:37,832 DEBUG SQL:104 - 
    alter table A 
        add constraint _UniqueKey unique (name)
14:10:37,832 DEBUG SQL:104 - 
    alter table A 
        add constraint FK418BFC7541 
        foreign key (singleD_oid) 
        references D
14:10:37,833 DEBUG SQL:104 - 
    alter table D 
        add constraint FK44F87B4603 
        foreign key (a_oid) 
        references A
14:10:37,834 DEBUG SQL:104 - 
    create table hibernate_sequences (
         sequence_name varchar(255) not null ,
         next_val bigint,
        primary key ( sequence_name ) 
    ) 
14:10:37,834  INFO SchemaExport:405 - HHH000230: Schema export complete
14:10:37,834  INFO TableGenerator:414 - HHH000398: Explicit segment value for id generator [hibernate_sequences.sequence_name] suggested; using default [default]
14:10:37,834  INFO TableGenerator:414 - HHH000398: Explicit segment value for id generator [hibernate_sequences.sequence_name] suggested; using default [default]
14:10:37,835  INFO TableGenerator:414 - HHH000398: Explicit segment value for id generator [hibernate_sequences.sequence_name] suggested; using default [default]
14:10:37,835  INFO TableGenerator:414 - HHH000398: Explicit segment value for id generator [hibernate_sequences.sequence_name] suggested; using default [default]
14:10:37,835  WARN SessionFactoryImpl:1554 - HHH000008: JTASessionContext being used with JDBCTransactionFactory; auto-flush will not operate correctly with getCurrentSession()
14:10:37,835  INFO CustomRunner:139 - Test: testCriteriaWithAliasOneToOneJoin
14:10:37,837 DEBUG SQL:104 - 
    select
        tbl.next_val 
    from
        hibernate_sequences tbl 
    where
        tbl.sequence_name=? for update
            
14:10:37,837 DEBUG SQL:104 - 
    insert 
    into
        hibernate_sequences
        (sequence_name, next_val)  
    values
        (?,?)
14:10:37,837 DEBUG SQL:104 - 
    update
        hibernate_sequences 
    set
        next_val=?  
    where
        next_val=? 
        and sequence_name=?
14:10:37,838 DEBUG SQL:104 - 
    select
        tbl.next_val 
    from
        hibernate_sequences tbl 
    where
        tbl.sequence_name=? for update
            
14:10:37,838 DEBUG SQL:104 - 
    update
        hibernate_sequences 
    set
        next_val=?  
    where
        next_val=? 
        and sequence_name=?
14:10:37,839 DEBUG AbstractReadWriteAccessStrategy:93 - locking key[org.hibernate.test.annotations.naturalid.A.ds#2] in region[hibernate.test.org.hibernate.test.annotations.naturalid.A.ds]
14:10:37,840 DEBUG BaseGeneralDataRegion:46 - Cache[hibernate.test.org.hibernate.test.annotations.naturalid.A.ds] lookup : key[org.hibernate.test.annotations.naturalid.A.ds#2]
14:10:37,841 DEBUG BaseGeneralDataRegion:59 - Caching[hibernate.test.org.hibernate.test.annotations.naturalid.A.ds] : [org.hibernate.test.annotations.naturalid.A.ds#2] -> [Lock Source-UUID:83ed3b1e-427b-440a-98d6-cc9a8fd8ed45 Lock-ID:0]
14:10:37,841 DEBUG SQL:104 - 
    insert 
    into
        D
        (a_oid, version, oid) 
    values
        (?, ?, ?)
14:10:37,842 DEBUG BaseRegionAccessStrategy:66 - Caching: org.hibernate.test.annotations.naturalid.D#1
14:10:37,842 DEBUG BaseGeneralDataRegion:59 - Caching[hibernate.test.org.hibernate.test.annotations.naturalid.D] : [org.hibernate.test.annotations.naturalid.D#1] -> [CacheEntry(org.hibernate.test.annotations.naturalid.D)[null,0,null]]
14:10:37,842 DEBUG BaseGeneralDataRegion:59 - Caching[hibernate.test.org.hibernate.cache.spi.UpdateTimestampsCache] : [D] -> [5579089091960832]
14:10:37,843 DEBUG SQL:104 - 
    insert 
    into
        A
        (name, singleD_oid, version, oid) 
    values
        (?, ?, ?, ?)
14:10:37,858 DEBUG BaseGeneralDataRegion:59 - Caching[hibernate.test.org.hibernate.cache.spi.UpdateTimestampsCache] : [A] -> [5579089092026368]
14:10:37,859 DEBUG BaseGeneralDataRegion:59 - Caching[hibernate.test.org.hibernate.cache.spi.UpdateTimestampsCache] : [D] -> [5579089092030464]
14:10:37,859 DEBUG BaseGeneralDataRegion:46 - Cache[hibernate.test.org.hibernate.test.annotations.naturalid.A##NaturalId] lookup : key[org.hibernate.test.annotations.naturalid.A##NaturalId[name1]]
14:10:37,860 DEBUG BaseGeneralDataRegion:59 - Caching[hibernate.test.org.hibernate.test.annotations.naturalid.A##NaturalId] : [org.hibernate.test.annotations.naturalid.A##NaturalId[name1]] -> [org.hibernate.testing.cache.AbstractReadWriteAccessStrategy$Item@49ce52a]
14:10:37,860 DEBUG BaseGeneralDataRegion:46 - Cache[hibernate.test.org.hibernate.test.annotations.naturalid.A] lookup : key[org.hibernate.test.annotations.naturalid.A#2]
14:10:37,860 DEBUG BaseGeneralDataRegion:59 - Caching[hibernate.test.org.hibernate.test.annotations.naturalid.A] : [org.hibernate.test.annotations.naturalid.A#2] -> [org.hibernate.testing.cache.AbstractReadWriteAccessStrategy$Item@6778c303]
14:10:37,861 DEBUG AbstractReadWriteAccessStrategy:116 - unlocking key[org.hibernate.test.annotations.naturalid.A.ds#2] in region[hibernate.test.org.hibernate.test.annotations.naturalid.A.ds]
14:10:37,861 DEBUG BaseGeneralDataRegion:46 - Cache[hibernate.test.org.hibernate.test.annotations.naturalid.A.ds] lookup : key[org.hibernate.test.annotations.naturalid.A.ds#2]
14:10:37,861 DEBUG BaseGeneralDataRegion:52 - Cache[hibernate.test.org.hibernate.test.annotations.naturalid.A.ds] hit: org.hibernate.test.annotations.naturalid.A.ds#2
14:10:37,861 DEBUG BaseGeneralDataRegion:59 - Caching[hibernate.test.org.hibernate.test.annotations.naturalid.A.ds] : [org.hibernate.test.annotations.naturalid.A.ds#2] -> [Lock Source-UUID:83ed3b1e-427b-440a-98d6-cc9a8fd8ed45 Lock-ID:0]
14:10:37,861 DEBUG BaseGeneralDataRegion:59 - Caching[hibernate.test.org.hibernate.cache.spi.UpdateTimestampsCache] : [D] -> [5579088846278657]
14:10:37,861 DEBUG BaseGeneralDataRegion:59 - Caching[hibernate.test.org.hibernate.cache.spi.UpdateTimestampsCache] : [A] -> [5579088846278657]
14:10:37,863 DEBUG BaseGeneralDataRegion:46 - Cache[hibernate.test.org.hibernate.cache.internal.StandardQueryCache] lookup : key[sql: select this_.oid as oid0_2_, this_.name as name0_2_, this_.singleD_oid as singleD4_0_2_, this_.version as version0_2_, d1_.oid as oid1_0_, d1_.a_oid as a3_1_0_, d1_.version as version1_0_, a4_.oid as oid0_1_, a4_.name as name0_1_, a4_.singleD_oid as singleD4_0_1_, a4_.version as version0_1_ from A this_ left outer join D d1_ on this_.singleD_oid=d1_.oid left outer join A a4_ on d1_.oid=a4_.singleD_oid where (this_.name=?); parameters: name1, ; transformer: org.hibernate.transform.CacheableResultTransformer@2515197]
14:10:37,863 DEBUG SQL:104 - 
    select
        this_.oid as oid0_2_,
        this_.name as name0_2_,
        this_.singleD_oid as singleD4_0_2_,
        this_.version as version0_2_,
        d1_.oid as oid1_0_,
        d1_.a_oid as a3_1_0_,
        d1_.version as version1_0_,
        a4_.oid as oid0_1_,
        a4_.name as name0_1_,
        a4_.singleD_oid as singleD4_0_1_,
        a4_.version as version0_1_ 
    from
        A this_ 
    left outer join
        D d1_ 
            on this_.singleD_oid=d1_.oid 
    left outer join
        A a4_ 
            on d1_.oid=a4_.singleD_oid 
    where
        (
            this_.name=?
        )
14:10:37,864 DEBUG BaseGeneralDataRegion:59 - Caching[hibernate.test.org.hibernate.cache.internal.StandardQueryCache] : [sql: select this_.oid as oid0_2_, this_.name as name0_2_, this_.singleD_oid as singleD4_0_2_, this_.version as version0_2_, d1_.oid as oid1_0_, d1_.a_oid as a3_1_0_, d1_.version as version1_0_, a4_.oid as oid0_1_, a4_.name as name0_1_, a4_.singleD_oid as singleD4_0_1_, a4_.version as version0_1_ from A this_ left outer join D d1_ on this_.singleD_oid=d1_.oid left outer join A a4_ on d1_.oid=a4_.singleD_oid where (this_.name=?); parameters: name1, ; transformer: org.hibernate.transform.CacheableResultTransformer@2515197] -> [[5579088846286848, 2]]
14:10:37,864 DEBUG SQL:104 - 
    select
        tbl.next_val 
    from
        hibernate_sequences tbl 
    where
        tbl.sequence_name=? for update
            
14:10:37,864 DEBUG SQL:104 - 
    update
        hibernate_sequences 
    set
        next_val=?  
    where
        next_val=? 
        and sequence_name=?
14:10:37,873 DEBUG AbstractReadWriteAccessStrategy:93 - locking key[org.hibernate.test.annotations.naturalid.A.ds#3] in region[hibernate.test.org.hibernate.test.annotations.naturalid.A.ds]
14:10:37,873 DEBUG BaseGeneralDataRegion:46 - Cache[hibernate.test.org.hibernate.test.annotations.naturalid.A.ds] lookup : key[org.hibernate.test.annotations.naturalid.A.ds#3]
14:10:37,873 DEBUG BaseGeneralDataRegion:59 - Caching[hibernate.test.org.hibernate.test.annotations.naturalid.A.ds] : [org.hibernate.test.annotations.naturalid.A.ds#3] -> [Lock Source-UUID:83ed3b1e-427b-440a-98d6-cc9a8fd8ed45 Lock-ID:1]
14:10:37,873 DEBUG SQL:104 - 
    insert 
    into
        A
        (name, singleD_oid, version, oid) 
    values
        (?, ?, ?, ?)
14:10:37,874 DEBUG BaseGeneralDataRegion:59 - Caching[hibernate.test.org.hibernate.cache.spi.UpdateTimestampsCache] : [A] -> [5579089092091904]
14:10:37,874 DEBUG BaseGeneralDataRegion:59 - Caching[hibernate.test.org.hibernate.cache.spi.UpdateTimestampsCache] : [D] -> [5579089092091905]
14:10:37,874 DEBUG BaseGeneralDataRegion:46 - Cache[hibernate.test.org.hibernate.test.annotations.naturalid.A##NaturalId] lookup : key[org.hibernate.test.annotations.naturalid.A##NaturalId[xxxxxx]]
14:10:37,874 DEBUG BaseGeneralDataRegion:59 - Caching[hibernate.test.org.hibernate.test.annotations.naturalid.A##NaturalId] : [org.hibernate.test.annotations.naturalid.A##NaturalId[xxxxxx]] -> [org.hibernate.testing.cache.AbstractReadWriteAccessStrategy$Item@6ca463f2]
14:10:37,874 DEBUG BaseGeneralDataRegion:46 - Cache[hibernate.test.org.hibernate.test.annotations.naturalid.A] lookup : key[org.hibernate.test.annotations.naturalid.A#3]
14:10:37,874 DEBUG BaseGeneralDataRegion:59 - Caching[hibernate.test.org.hibernate.test.annotations.naturalid.A] : [org.hibernate.test.annotations.naturalid.A#3] -> [org.hibernate.testing.cache.AbstractReadWriteAccessStrategy$Item@1c9ddc97]
14:10:37,874 DEBUG AbstractReadWriteAccessStrategy:116 - unlocking key[org.hibernate.test.annotations.naturalid.A.ds#3] in region[hibernate.test.org.hibernate.test.annotations.naturalid.A.ds]
14:10:37,874 DEBUG BaseGeneralDataRegion:46 - Cache[hibernate.test.org.hibernate.test.annotations.naturalid.A.ds] lookup : key[org.hibernate.test.annotations.naturalid.A.ds#3]
14:10:37,874 DEBUG BaseGeneralDataRegion:52 - Cache[hibernate.test.org.hibernate.test.annotations.naturalid.A.ds] hit: org.hibernate.test.annotations.naturalid.A.ds#3
14:10:37,874 DEBUG BaseGeneralDataRegion:59 - Caching[hibernate.test.org.hibernate.test.annotations.naturalid.A.ds] : [org.hibernate.test.annotations.naturalid.A.ds#3] -> [Lock Source-UUID:83ed3b1e-427b-440a-98d6-cc9a8fd8ed45 Lock-ID:1]
14:10:37,875 DEBUG BaseGeneralDataRegion:59 - Caching[hibernate.test.org.hibernate.cache.spi.UpdateTimestampsCache] : [D] -> [5579088846336000]
14:10:37,875 DEBUG BaseGeneralDataRegion:59 - Caching[hibernate.test.org.hibernate.cache.spi.UpdateTimestampsCache] : [A] -> [5579088846336000]
14:10:37,875 DEBUG BaseGeneralDataRegion:46 - Cache[hibernate.test.org.hibernate.cache.internal.StandardQueryCache] lookup : key[sql: select this_.oid as oid0_2_, this_.name as name0_2_, this_.singleD_oid as singleD4_0_2_, this_.version as version0_2_, d1_.oid as oid1_0_, d1_.a_oid as a3_1_0_, d1_.version as version1_0_, a4_.oid as oid0_1_, a4_.name as name0_1_, a4_.singleD_oid as singleD4_0_1_, a4_.version as version0_1_ from A this_ left outer join D d1_ on this_.singleD_oid=d1_.oid left outer join A a4_ on d1_.oid=a4_.singleD_oid where (this_.name=?); parameters: name1, ; transformer: org.hibernate.transform.CacheableResultTransformer@2515197]
14:10:37,875 DEBUG BaseGeneralDataRegion:52 - Cache[hibernate.test.org.hibernate.cache.internal.StandardQueryCache] hit: sql: select this_.oid as oid0_2_, this_.name as name0_2_, this_.singleD_oid as singleD4_0_2_, this_.version as version0_2_, d1_.oid as oid1_0_, d1_.a_oid as a3_1_0_, d1_.version as version1_0_, a4_.oid as oid0_1_, a4_.name as name0_1_, a4_.singleD_oid as singleD4_0_1_, a4_.version as version0_1_ from A this_ left outer join D d1_ on this_.singleD_oid=d1_.oid left outer join A a4_ on d1_.oid=a4_.singleD_oid where (this_.name=?); parameters: name1, ; transformer: org.hibernate.transform.CacheableResultTransformer@2515197
14:10:37,875 DEBUG BaseGeneralDataRegion:46 - Cache[hibernate.test.org.hibernate.cache.spi.UpdateTimestampsCache] lookup : key[D]
14:10:37,875 DEBUG BaseGeneralDataRegion:52 - Cache[hibernate.test.org.hibernate.cache.spi.UpdateTimestampsCache] hit: D
14:10:37,876 DEBUG SQL:104 - 
    select
        this_.oid as oid0_2_,
        this_.name as name0_2_,
        this_.singleD_oid as singleD4_0_2_,
        this_.version as version0_2_,
        d1_.oid as oid1_0_,
        d1_.a_oid as a3_1_0_,
        d1_.version as version1_0_,
        a4_.oid as oid0_1_,
        a4_.name as name0_1_,
        a4_.singleD_oid as singleD4_0_1_,
        a4_.version as version0_1_ 
    from
        A this_ 
    left outer join
        D d1_ 
            on this_.singleD_oid=d1_.oid 
    left outer join
        A a4_ 
            on d1_.oid=a4_.singleD_oid 
    where
        (
            this_.name=?
        )
14:10:37,888 DEBUG BaseGeneralDataRegion:59 - Caching[hibernate.test.org.hibernate.cache.internal.StandardQueryCache] : [sql: select this_.oid as oid0_2_, this_.name as name0_2_, this_.singleD_oid as singleD4_0_2_, this_.version as version0_2_, d1_.oid as oid1_0_, d1_.a_oid as a3_1_0_, d1_.version as version1_0_, a4_.oid as oid0_1_, a4_.name as name0_1_, a4_.singleD_oid as singleD4_0_1_, a4_.version as version0_1_ from A this_ left outer join D d1_ on this_.singleD_oid=d1_.oid left outer join A a4_ on d1_.oid=a4_.singleD_oid where (this_.name=?); parameters: name1, ; transformer: org.hibernate.transform.CacheableResultTransformer@2515197] -> [[5579088846389248, 2]]
14:10:37,889 DEBUG QueryTranslatorImpl:265 - parse() - HQL: delete from org.hibernate.test.annotations.naturalid.A
14:10:37,890 DEBUG QueryTranslatorImpl:283 - --- HQL AST ---
 \-[DELETE] Node: 'delete'
    \-[FROM] Node: 'FROM'
       \-[RANGE] Node: 'RANGE'
          \-[DOT] Node: '.'
             +-[DOT] Node: '.'
             |  +-[DOT] Node: '.'
             |  |  +-[DOT] Node: '.'
             |  |  |  +-[DOT] Node: '.'
             |  |  |  |  +-[IDENT] Node: 'org'
             |  |  |  |  \-[IDENT] Node: 'hibernate'
             |  |  |  \-[IDENT] Node: 'test'
             |  |  \-[IDENT] Node: 'annotations'
             |  \-[IDENT] Node: 'naturalid'
             \-[IDENT] Node: 'A'

14:10:37,890 DEBUG ErrorCounter:82 - throwQueryException() : no errors
14:10:37,890 DEBUG FromElement:157 - FromClause{level=1} : org.hibernate.test.annotations.naturalid.A (<no alias>) -> a0_
14:10:37,890 DEBUG QueryTranslatorImpl:252 - --- SQL AST ---
 \-[DELETE] DeleteStatement: 'delete'  querySpaces (A)
    \-[FROM] FromClause: 'FROM' FromClause{level=1, fromElementCounter=1, fromElements=1, fromElementByClassAlias=[], fromElementByTableAlias=[a0_], fromElementsByPath=[], collectionJoinFromElementsByPath=[], impliedElements=[]}
       \-[FROM_FRAGMENT] FromElement: 'A' FromElement{explicit,not a collection join,not a fetch join,fetch non-lazy properties,classAlias=null,role=null,tableName=A,tableAlias=a0_,origin=null,columns={,className=org.hibernate.test.annotations.naturalid.A}}

14:10:37,909 DEBUG ErrorCounter:82 - throwQueryException() : no errors
14:10:37,909 DEBUG ErrorCounter:82 - throwQueryException() : no errors
14:10:37,909 DEBUG BaseGeneralDataRegion:79 - evict cache[hibernate.test.org.hibernate.test.annotations.naturalid.A]
14:10:37,910 DEBUG BaseGeneralDataRegion:79 - evict cache[hibernate.test.org.hibernate.test.annotations.naturalid.A##NaturalId]
14:10:37,910 DEBUG BaseGeneralDataRegion:59 - Caching[hibernate.test.org.hibernate.cache.spi.UpdateTimestampsCache] : [A] -> [5579089092239360]
14:10:37,910 DEBUG SQL:104 - 
    delete 
    from
        A
14:10:37,911 DEBUG QueryTranslatorImpl:265 - parse() - HQL: delete from org.hibernate.test.annotations.naturalid.D
14:10:37,912 DEBUG QueryTranslatorImpl:283 - --- HQL AST ---
 \-[DELETE] Node: 'delete'
    \-[FROM] Node: 'FROM'
       \-[RANGE] Node: 'RANGE'
          \-[DOT] Node: '.'
             +-[DOT] Node: '.'
             |  +-[DOT] Node: '.'
             |  |  +-[DOT] Node: '.'
             |  |  |  +-[DOT] Node: '.'
             |  |  |  |  +-[IDENT] Node: 'org'
             |  |  |  |  \-[IDENT] Node: 'hibernate'
             |  |  |  \-[IDENT] Node: 'test'
             |  |  \-[IDENT] Node: 'annotations'
             |  \-[IDENT] Node: 'naturalid'
             \-[IDENT] Node: 'D'

14:10:37,912 DEBUG ErrorCounter:82 - throwQueryException() : no errors
14:10:37,912 DEBUG FromElement:157 - FromClause{level=1} : org.hibernate.test.annotations.naturalid.D (<no alias>) -> d0_
14:10:37,925 DEBUG QueryTranslatorImpl:252 - --- SQL AST ---
 \-[DELETE] DeleteStatement: 'delete'  querySpaces (D)
    \-[FROM] FromClause: 'FROM' FromClause{level=1, fromElementCounter=1, fromElements=1, fromElementByClassAlias=[], fromElementByTableAlias=[d0_], fromElementsByPath=[], collectionJoinFromElementsByPath=[], impliedElements=[]}
       \-[FROM_FRAGMENT] FromElement: 'D' FromElement{explicit,not a collection join,not a fetch join,fetch non-lazy properties,classAlias=null,role=null,tableName=D,tableAlias=d0_,origin=null,columns={,className=org.hibernate.test.annotations.naturalid.D}}

14:10:37,925 DEBUG ErrorCounter:82 - throwQueryException() : no errors
14:10:37,925 DEBUG ErrorCounter:82 - throwQueryException() : no errors
14:10:37,926 DEBUG BaseGeneralDataRegion:79 - evict cache[hibernate.test.org.hibernate.test.annotations.naturalid.D]
14:10:37,926 DEBUG BaseGeneralDataRegion:79 - evict cache[hibernate.test.org.hibernate.test.annotations.naturalid.A.ds]
14:10:37,927 DEBUG BaseGeneralDataRegion:59 - Caching[hibernate.test.org.hibernate.cache.spi.UpdateTimestampsCache] : [D] -> [5579089092308992]
14:10:37,927 DEBUG SQL:104 - 
    delete 
    from
        D
14:10:37,927 DEBUG BaseGeneralDataRegion:79 - evict cache[hibernate.test.org.hibernate.test.annotations.naturalid.A]
14:10:37,927 DEBUG BaseGeneralDataRegion:79 - evict cache[hibernate.test.org.hibernate.test.annotations.naturalid.A##NaturalId]
14:10:37,928 DEBUG BaseGeneralDataRegion:79 - evict cache[hibernate.test.org.hibernate.test.annotations.naturalid.D]
14:10:37,928 DEBUG BaseGeneralDataRegion:79 - evict cache[hibernate.test.org.hibernate.test.annotations.naturalid.A.ds]
14:10:37,928 DEBUG BaseGeneralDataRegion:59 - Caching[hibernate.test.org.hibernate.cache.spi.UpdateTimestampsCache] : [D] -> [5579088846553088]
14:10:37,928 DEBUG BaseGeneralDataRegion:59 - Caching[hibernate.test.org.hibernate.cache.spi.UpdateTimestampsCache] : [A] -> [5579088846553088]
14:10:37,928  INFO CustomRunner:139 - Test: testCriteriaWithFetchModeJoinCollection
14:10:37,929 DEBUG SQL:104 - 
    select
        tbl.next_val 
    from
        hibernate_sequences tbl 
    where
        tbl.sequence_name=? for update
            
14:10:37,938 DEBUG SQL:104 - 
    update
        hibernate_sequences 
    set
        next_val=?  
    where
        next_val=? 
        and sequence_name=?
14:10:37,939 DEBUG SQL:104 - 
    select
        tbl.next_val 
    from
        hibernate_sequences tbl 
    where
        tbl.sequence_name=? for update
            
14:10:37,939 DEBUG SQL:104 - 
    update
        hibernate_sequences 
    set
        next_val=?  
    where
        next_val=? 
        and sequence_name=?
14:10:37,939 DEBUG AbstractReadWriteAccessStrategy:93 - locking key[org.hibernate.test.annotations.naturalid.A.ds#5] in region[hibernate.test.org.hibernate.test.annotations.naturalid.A.ds]
14:10:37,939 DEBUG BaseGeneralDataRegion:46 - Cache[hibernate.test.org.hibernate.test.annotations.naturalid.A.ds] lookup : key[org.hibernate.test.annotations.naturalid.A.ds#5]
14:10:37,939 DEBUG BaseGeneralDataRegion:59 - Caching[hibernate.test.org.hibernate.test.annotations.naturalid.A.ds] : [org.hibernate.test.annotations.naturalid.A.ds#5] -> [Lock Source-UUID:83ed3b1e-427b-440a-98d6-cc9a8fd8ed45 Lock-ID:2]
14:10:37,940 DEBUG SQL:104 - 
    insert 
    into
        D
        (a_oid, version, oid) 
    values
        (?, ?, ?)
14:10:37,961 DEBUG BaseRegionAccessStrategy:66 - Caching: org.hibernate.test.annotations.naturalid.D#4
14:10:37,961 DEBUG BaseGeneralDataRegion:59 - Caching[hibernate.test.org.hibernate.test.annotations.naturalid.D] : [org.hibernate.test.annotations.naturalid.D#4] -> [CacheEntry(org.hibernate.test.annotations.naturalid.D)[null,0,null]]
14:10:37,961 DEBUG BaseGeneralDataRegion:59 - Caching[hibernate.test.org.hibernate.cache.spi.UpdateTimestampsCache] : [D] -> [5579089092448256]
14:10:37,962 DEBUG SQL:104 - 
    insert 
    into
        A
        (name, singleD_oid, version, oid) 
    values
        (?, ?, ?, ?)
14:10:37,962 DEBUG BaseGeneralDataRegion:59 - Caching[hibernate.test.org.hibernate.cache.spi.UpdateTimestampsCache] : [A] -> [5579089092452352]
14:10:37,962 DEBUG SQL:104 - 
    update
        D 
    set
        a_oid=?,
        version=? 
    where
        oid=? 
        and version=?
14:10:37,963 DEBUG BaseRegionAccessStrategy:66 - Caching: org.hibernate.test.annotations.naturalid.D#4
14:10:37,963 DEBUG BaseGeneralDataRegion:59 - Caching[hibernate.test.org.hibernate.test.annotations.naturalid.D] : [org.hibernate.test.annotations.naturalid.D#4] -> [CacheEntry(org.hibernate.test.annotations.naturalid.D)[5,1,null]]
14:10:37,963 DEBUG BaseGeneralDataRegion:59 - Caching[hibernate.test.org.hibernate.cache.spi.UpdateTimestampsCache] : [D] -> [5579089092456448]
14:10:37,963 DEBUG BaseGeneralDataRegion:59 - Caching[hibernate.test.org.hibernate.cache.spi.UpdateTimestampsCache] : [D] -> [5579089092456449]
14:10:37,963 DEBUG BaseGeneralDataRegion:46 - Cache[hibernate.test.org.hibernate.test.annotations.naturalid.A##NaturalId] lookup : key[org.hibernate.test.annotations.naturalid.A##NaturalId[name1]]
14:10:37,963 DEBUG BaseGeneralDataRegion:59 - Caching[hibernate.test.org.hibernate.test.annotations.naturalid.A##NaturalId] : [org.hibernate.test.annotations.naturalid.A##NaturalId[name1]] -> [org.hibernate.testing.cache.AbstractReadWriteAccessStrategy$Item@26f8e219]
14:10:37,963 DEBUG BaseGeneralDataRegion:46 - Cache[hibernate.test.org.hibernate.test.annotations.naturalid.A] lookup : key[org.hibernate.test.annotations.naturalid.A#5]
14:10:37,963 DEBUG BaseGeneralDataRegion:59 - Caching[hibernate.test.org.hibernate.test.annotations.naturalid.A] : [org.hibernate.test.annotations.naturalid.A#5] -> [org.hibernate.testing.cache.AbstractReadWriteAccessStrategy$Item@1dc3eb4c]
14:10:37,963 DEBUG AbstractReadWriteAccessStrategy:116 - unlocking key[org.hibernate.test.annotations.naturalid.A.ds#5] in region[hibernate.test.org.hibernate.test.annotations.naturalid.A.ds]
14:10:37,964 DEBUG BaseGeneralDataRegion:46 - Cache[hibernate.test.org.hibernate.test.annotations.naturalid.A.ds] lookup : key[org.hibernate.test.annotations.naturalid.A.ds#5]
14:10:37,964 DEBUG BaseGeneralDataRegion:52 - Cache[hibernate.test.org.hibernate.test.annotations.naturalid.A.ds] hit: org.hibernate.test.annotations.naturalid.A.ds#5
14:10:37,964 DEBUG BaseGeneralDataRegion:59 - Caching[hibernate.test.org.hibernate.test.annotations.naturalid.A.ds] : [org.hibernate.test.annotations.naturalid.A.ds#5] -> [Lock Source-UUID:83ed3b1e-427b-440a-98d6-cc9a8fd8ed45 Lock-ID:2]
14:10:37,964 DEBUG BaseGeneralDataRegion:59 - Caching[hibernate.test.org.hibernate.cache.spi.UpdateTimestampsCache] : [D] -> [5579088846700545]
14:10:37,964 DEBUG BaseGeneralDataRegion:59 - Caching[hibernate.test.org.hibernate.cache.spi.UpdateTimestampsCache] : [A] -> [5579088846700545]
14:10:37,966  WARN SessionImpl:1695 - Session.byNaturalId(org.hibernate.test.annotations.naturalid.A) should be used for naturalId queries instead of Restrictions.naturalId() from a Criteria
14:10:37,967 DEBUG SQL:104 - 
    select
        tbl.next_val 
    from
        hibernate_sequences tbl 
    where
        tbl.sequence_name=? for update
            
14:10:37,967 DEBUG SQL:104 - 
    update
        hibernate_sequences 
    set
        next_val=?  
    where
        next_val=? 
        and sequence_name=?
14:10:37,968 DEBUG AbstractReadWriteAccessStrategy:93 - locking key[org.hibernate.test.annotations.naturalid.A.ds#6] in region[hibernate.test.org.hibernate.test.annotations.naturalid.A.ds]
14:10:37,968 DEBUG BaseGeneralDataRegion:46 - Cache[hibernate.test.org.hibernate.test.annotations.naturalid.A.ds] lookup : key[org.hibernate.test.annotations.naturalid.A.ds#6]
14:10:37,968 DEBUG BaseGeneralDataRegion:59 - Caching[hibernate.test.org.hibernate.test.annotations.naturalid.A.ds] : [org.hibernate.test.annotations.naturalid.A.ds#6] -> [Lock Source-UUID:83ed3b1e-427b-440a-98d6-cc9a8fd8ed45 Lock-ID:3]
14:10:37,968 DEBUG SQL:104 - 
    insert 
    into
        A
        (name, singleD_oid, version, oid) 
    values
        (?, ?, ?, ?)
14:10:37,976 DEBUG BaseGeneralDataRegion:59 - Caching[hibernate.test.org.hibernate.cache.spi.UpdateTimestampsCache] : [A] -> [5579089092509696]
14:10:37,976 DEBUG BaseGeneralDataRegion:59 - Caching[hibernate.test.org.hibernate.cache.spi.UpdateTimestampsCache] : [D] -> [5579089092509697]
14:10:37,977 DEBUG BaseGeneralDataRegion:46 - Cache[hibernate.test.org.hibernate.test.annotations.naturalid.A##NaturalId] lookup : key[org.hibernate.test.annotations.naturalid.A##NaturalId[xxxxxx]]
14:10:37,977 DEBUG BaseGeneralDataRegion:59 - Caching[hibernate.test.org.hibernate.test.annotations.naturalid.A##NaturalId] : [org.hibernate.test.annotations.naturalid.A##NaturalId[xxxxxx]] -> [org.hibernate.testing.cache.AbstractReadWriteAccessStrategy$Item@59de4af8]
14:10:37,977 DEBUG BaseGeneralDataRegion:46 - Cache[hibernate.test.org.hibernate.test.annotations.naturalid.A] lookup : key[org.hibernate.test.annotations.naturalid.A#6]
14:10:37,977 DEBUG BaseGeneralDataRegion:59 - Caching[hibernate.test.org.hibernate.test.annotations.naturalid.A] : [org.hibernate.test.annotations.naturalid.A#6] -> [org.hibernate.testing.cache.AbstractReadWriteAccessStrategy$Item@110c0de0]
14:10:37,977 DEBUG AbstractReadWriteAccessStrategy:116 - unlocking key[org.hibernate.test.annotations.naturalid.A.ds#6] in region[hibernate.test.org.hibernate.test.annotations.naturalid.A.ds]
14:10:37,977 DEBUG BaseGeneralDataRegion:46 - Cache[hibernate.test.org.hibernate.test.annotations.naturalid.A.ds] lookup : key[org.hibernate.test.annotations.naturalid.A.ds#6]
14:10:37,977 DEBUG BaseGeneralDataRegion:52 - Cache[hibernate.test.org.hibernate.test.annotations.naturalid.A.ds] hit: org.hibernate.test.annotations.naturalid.A.ds#6
14:10:37,977 DEBUG BaseGeneralDataRegion:59 - Caching[hibernate.test.org.hibernate.test.annotations.naturalid.A.ds] : [org.hibernate.test.annotations.naturalid.A.ds#6] -> [Lock Source-UUID:83ed3b1e-427b-440a-98d6-cc9a8fd8ed45 Lock-ID:3]
14:10:37,977 DEBUG BaseGeneralDataRegion:59 - Caching[hibernate.test.org.hibernate.cache.spi.UpdateTimestampsCache] : [D] -> [5579088846753795]
14:10:37,977 DEBUG BaseGeneralDataRegion:59 - Caching[hibernate.test.org.hibernate.cache.spi.UpdateTimestampsCache] : [A] -> [5579088846753795]
14:10:37,978  WARN SessionImpl:1695 - Session.byNaturalId(org.hibernate.test.annotations.naturalid.A) should be used for naturalId queries instead of Restrictions.naturalId() from a Criteria
14:10:37,978 DEBUG AbstractReadWriteAccessStrategy:34 - getting key[org.hibernate.test.annotations.naturalid.A##NaturalId[name1]] from region[hibernate.test.org.hibernate.test.annotations.naturalid.A##NaturalId]
14:10:37,978 DEBUG BaseGeneralDataRegion:46 - Cache[hibernate.test.org.hibernate.test.annotations.naturalid.A##NaturalId] lookup : key[org.hibernate.test.annotations.naturalid.A##NaturalId[name1]]
14:10:37,978 DEBUG BaseGeneralDataRegion:52 - Cache[hibernate.test.org.hibernate.test.annotations.naturalid.A##NaturalId] hit: org.hibernate.test.annotations.naturalid.A##NaturalId[name1]
14:10:37,978 DEBUG AbstractReadWriteAccessStrategy:41 - hit key[org.hibernate.test.annotations.naturalid.A##NaturalId[name1]] in region[hibernate.test.org.hibernate.test.annotations.naturalid.A##NaturalId]
14:10:37,978 DEBUG AbstractReadWriteAccessStrategy:34 - getting key[org.hibernate.test.annotations.naturalid.A#5] from region[hibernate.test.org.hibernate.test.annotations.naturalid.A]
14:10:37,978 DEBUG BaseGeneralDataRegion:46 - Cache[hibernate.test.org.hibernate.test.annotations.naturalid.A] lookup : key[org.hibernate.test.annotations.naturalid.A#5]
14:10:37,978 DEBUG BaseGeneralDataRegion:52 - Cache[hibernate.test.org.hibernate.test.annotations.naturalid.A] hit: org.hibernate.test.annotations.naturalid.A#5
14:10:37,978 DEBUG AbstractReadWriteAccessStrategy:41 - hit key[org.hibernate.test.annotations.naturalid.A#5] in region[hibernate.test.org.hibernate.test.annotations.naturalid.A]
14:10:37,979 DEBUG BaseGeneralDataRegion:79 - evict cache[hibernate.test.org.hibernate.test.annotations.naturalid.D]
14:10:37,979 DEBUG BaseGeneralDataRegion:79 - evict cache[hibernate.test.org.hibernate.test.annotations.naturalid.A.ds]
14:10:37,979 DEBUG BaseGeneralDataRegion:59 - Caching[hibernate.test.org.hibernate.cache.spi.UpdateTimestampsCache] : [D] -> [5579089092521984]
14:10:37,979 DEBUG SQL:104 - 
    delete 
    from
        D
14:10:37,993 DEBUG BaseGeneralDataRegion:79 - evict cache[hibernate.test.org.hibernate.test.annotations.naturalid.A]
14:10:37,993 DEBUG BaseGeneralDataRegion:79 - evict cache[hibernate.test.org.hibernate.test.annotations.naturalid.A##NaturalId]
14:10:37,993 DEBUG BaseGeneralDataRegion:59 - Caching[hibernate.test.org.hibernate.cache.spi.UpdateTimestampsCache] : [A] -> [5579089092579328]
14:10:37,993 DEBUG SQL:104 - 
    delete 
    from
        A
14:10:37,994 DEBUG BaseGeneralDataRegion:79 - evict cache[hibernate.test.org.hibernate.test.annotations.naturalid.D]
14:10:37,994 DEBUG BaseGeneralDataRegion:79 - evict cache[hibernate.test.org.hibernate.test.annotations.naturalid.A.ds]
14:10:37,994 DEBUG BaseGeneralDataRegion:79 - evict cache[hibernate.test.org.hibernate.test.annotations.naturalid.A]
14:10:37,994 DEBUG BaseGeneralDataRegion:79 - evict cache[hibernate.test.org.hibernate.test.annotations.naturalid.A##NaturalId]
14:10:37,994 DEBUG BaseGeneralDataRegion:59 - Caching[hibernate.test.org.hibernate.cache.spi.UpdateTimestampsCache] : [D] -> [5579088846823424]
14:10:37,994 DEBUG BaseGeneralDataRegion:59 - Caching[hibernate.test.org.hibernate.cache.spi.UpdateTimestampsCache] : [A] -> [5579088846823424]
14:10:37,995  INFO CustomRunner:139 - Test: testCriteriaWithFetchModeJoinOnetoOne
14:10:37,996 DEBUG SQL:104 - 
    select
        tbl.next_val 
    from
        hibernate_sequences tbl 
    where
        tbl.sequence_name=? for update
            
14:10:37,996 DEBUG SQL:104 - 
    update
        hibernate_sequences 
    set
        next_val=?  
    where
        next_val=? 
        and sequence_name=?
14:10:37,997 DEBUG SQL:104 - 
    select
        tbl.next_val 
    from
        hibernate_sequences tbl 
    where
        tbl.sequence_name=? for update
            
14:10:37,997 DEBUG SQL:104 - 
    update
        hibernate_sequences 
    set
        next_val=?  
    where
        next_val=? 
        and sequence_name=?
14:10:37,997 DEBUG AbstractReadWriteAccessStrategy:93 - locking key[org.hibernate.test.annotations.naturalid.A.ds#8] in region[hibernate.test.org.hibernate.test.annotations.naturalid.A.ds]
14:10:37,997 DEBUG BaseGeneralDataRegion:46 - Cache[hibernate.test.org.hibernate.test.annotations.naturalid.A.ds] lookup : key[org.hibernate.test.annotations.naturalid.A.ds#8]
14:10:37,997 DEBUG BaseGeneralDataRegion:59 - Caching[hibernate.test.org.hibernate.test.annotations.naturalid.A.ds] : [org.hibernate.test.annotations.naturalid.A.ds#8] -> [Lock Source-UUID:83ed3b1e-427b-440a-98d6-cc9a8fd8ed45 Lock-ID:4]
14:10:37,998 DEBUG SQL:104 - 
    insert 
    into
        D
        (a_oid, version, oid) 
    values
        (?, ?, ?)
14:10:38,007 DEBUG BaseRegionAccessStrategy:66 - Caching: org.hibernate.test.annotations.naturalid.D#7
14:10:38,007 DEBUG BaseGeneralDataRegion:59 - Caching[hibernate.test.org.hibernate.test.annotations.naturalid.D] : [org.hibernate.test.annotations.naturalid.D#7] -> [CacheEntry(org.hibernate.test.annotations.naturalid.D)[null,0,null]]
14:10:38,007 DEBUG BaseGeneralDataRegion:59 - Caching[hibernate.test.org.hibernate.cache.spi.UpdateTimestampsCache] : [D] -> [5579089092636672]
14:10:38,008 DEBUG SQL:104 - 
    insert 
    into
        A
        (name, singleD_oid, version, oid) 
    values
        (?, ?, ?, ?)
14:10:38,008 DEBUG BaseGeneralDataRegion:59 - Caching[hibernate.test.org.hibernate.cache.spi.UpdateTimestampsCache] : [A] -> [5579089092640768]
14:10:38,008 DEBUG BaseGeneralDataRegion:59 - Caching[hibernate.test.org.hibernate.cache.spi.UpdateTimestampsCache] : [D] -> [5579089092640769]
14:10:38,008 DEBUG BaseGeneralDataRegion:46 - Cache[hibernate.test.org.hibernate.test.annotations.naturalid.A##NaturalId] lookup : key[org.hibernate.test.annotations.naturalid.A##NaturalId[name1]]
14:10:38,008 DEBUG BaseGeneralDataRegion:59 - Caching[hibernate.test.org.hibernate.test.annotations.naturalid.A##NaturalId] : [org.hibernate.test.annotations.naturalid.A##NaturalId[name1]] -> [org.hibernate.testing.cache.AbstractReadWriteAccessStrategy$Item@7e631d1b]
14:10:38,009 DEBUG BaseGeneralDataRegion:46 - Cache[hibernate.test.org.hibernate.test.annotations.naturalid.A] lookup : key[org.hibernate.test.annotations.naturalid.A#8]
14:10:38,009 DEBUG BaseGeneralDataRegion:59 - Caching[hibernate.test.org.hibernate.test.annotations.naturalid.A] : [org.hibernate.test.annotations.naturalid.A#8] -> [org.hibernate.testing.cache.AbstractReadWriteAccessStrategy$Item@1d0c1870]
14:10:38,009 DEBUG AbstractReadWriteAccessStrategy:116 - unlocking key[org.hibernate.test.annotations.naturalid.A.ds#8] in region[hibernate.test.org.hibernate.test.annotations.naturalid.A.ds]
14:10:38,009 DEBUG BaseGeneralDataRegion:46 - Cache[hibernate.test.org.hibernate.test.annotations.naturalid.A.ds] lookup : key[org.hibernate.test.annotations.naturalid.A.ds#8]
14:10:38,009 DEBUG BaseGeneralDataRegion:52 - Cache[hibernate.test.org.hibernate.test.annotations.naturalid.A.ds] hit: org.hibernate.test.annotations.naturalid.A.ds#8
14:10:38,009 DEBUG BaseGeneralDataRegion:59 - Caching[hibernate.test.org.hibernate.test.annotations.naturalid.A.ds] : [org.hibernate.test.annotations.naturalid.A.ds#8] -> [Lock Source-UUID:83ed3b1e-427b-440a-98d6-cc9a8fd8ed45 Lock-ID:4]
14:10:38,009 DEBUG BaseGeneralDataRegion:59 - Caching[hibernate.test.org.hibernate.cache.spi.UpdateTimestampsCache] : [D] -> [5579088846884866]
14:10:38,009 DEBUG BaseGeneralDataRegion:59 - Caching[hibernate.test.org.hibernate.cache.spi.UpdateTimestampsCache] : [A] -> [5579088846884866]
14:10:38,009  WARN SessionImpl:1695 - Session.byNaturalId(org.hibernate.test.annotations.naturalid.A) should be used for naturalId queries instead of Restrictions.naturalId() from a Criteria
14:10:38,010 DEBUG SQL:104 - 
    select
        tbl.next_val 
    from
        hibernate_sequences tbl 
    where
        tbl.sequence_name=? for update
            
14:10:38,021 DEBUG SQL:104 - 
    update
        hibernate_sequences 
    set
        next_val=?  
    where
        next_val=? 
        and sequence_name=?
14:10:38,022 DEBUG AbstractReadWriteAccessStrategy:93 - locking key[org.hibernate.test.annotations.naturalid.A.ds#9] in region[hibernate.test.org.hibernate.test.annotations.naturalid.A.ds]
14:10:38,022 DEBUG BaseGeneralDataRegion:46 - Cache[hibernate.test.org.hibernate.test.annotations.naturalid.A.ds] lookup : key[org.hibernate.test.annotations.naturalid.A.ds#9]
14:10:38,022 DEBUG BaseGeneralDataRegion:59 - Caching[hibernate.test.org.hibernate.test.annotations.naturalid.A.ds] : [org.hibernate.test.annotations.naturalid.A.ds#9] -> [Lock Source-UUID:83ed3b1e-427b-440a-98d6-cc9a8fd8ed45 Lock-ID:5]
14:10:38,022 DEBUG SQL:104 - 
    insert 
    into
        A
        (name, singleD_oid, version, oid) 
    values
        (?, ?, ?, ?)
14:10:38,022 DEBUG BaseGeneralDataRegion:59 - Caching[hibernate.test.org.hibernate.cache.spi.UpdateTimestampsCache] : [A] -> [5579089092698113]
14:10:38,023 DEBUG BaseGeneralDataRegion:59 - Caching[hibernate.test.org.hibernate.cache.spi.UpdateTimestampsCache] : [D] -> [5579089092702208]
14:10:38,023 DEBUG BaseGeneralDataRegion:46 - Cache[hibernate.test.org.hibernate.test.annotations.naturalid.A##NaturalId] lookup : key[org.hibernate.test.annotations.naturalid.A##NaturalId[xxxxxx]]
14:10:38,023 DEBUG BaseGeneralDataRegion:59 - Caching[hibernate.test.org.hibernate.test.annotations.naturalid.A##NaturalId] : [org.hibernate.test.annotations.naturalid.A##NaturalId[xxxxxx]] -> [org.hibernate.testing.cache.AbstractReadWriteAccessStrategy$Item@c1217fe]
14:10:38,023 DEBUG BaseGeneralDataRegion:46 - Cache[hibernate.test.org.hibernate.test.annotations.naturalid.A] lookup : key[org.hibernate.test.annotations.naturalid.A#9]
14:10:38,023 DEBUG BaseGeneralDataRegion:59 - Caching[hibernate.test.org.hibernate.test.annotations.naturalid.A] : [org.hibernate.test.annotations.naturalid.A#9] -> [org.hibernate.testing.cache.AbstractReadWriteAccessStrategy$Item@77e52ae2]
14:10:38,023 DEBUG AbstractReadWriteAccessStrategy:116 - unlocking key[org.hibernate.test.annotations.naturalid.A.ds#9] in region[hibernate.test.org.hibernate.test.annotations.naturalid.A.ds]
14:10:38,023 DEBUG BaseGeneralDataRegion:46 - Cache[hibernate.test.org.hibernate.test.annotations.naturalid.A.ds] lookup : key[org.hibernate.test.annotations.naturalid.A.ds#9]
14:10:38,023 DEBUG BaseGeneralDataRegion:52 - Cache[hibernate.test.org.hibernate.test.annotations.naturalid.A.ds] hit: org.hibernate.test.annotations.naturalid.A.ds#9
14:10:38,023 DEBUG BaseGeneralDataRegion:59 - Caching[hibernate.test.org.hibernate.test.annotations.naturalid.A.ds] : [org.hibernate.test.annotations.naturalid.A.ds#9] -> [Lock Source-UUID:83ed3b1e-427b-440a-98d6-cc9a8fd8ed45 Lock-ID:5]
14:10:38,023 DEBUG BaseGeneralDataRegion:59 - Caching[hibernate.test.org.hibernate.cache.spi.UpdateTimestampsCache] : [D] -> [5579088846942212]
14:10:38,023 DEBUG BaseGeneralDataRegion:59 - Caching[hibernate.test.org.hibernate.cache.spi.UpdateTimestampsCache] : [A] -> [5579088846942212]
14:10:38,024  WARN SessionImpl:1695 - Session.byNaturalId(org.hibernate.test.annotations.naturalid.A) should be used for naturalId queries instead of Restrictions.naturalId() from a Criteria
14:10:38,024 DEBUG AbstractReadWriteAccessStrategy:34 - getting key[org.hibernate.test.annotations.naturalid.A##NaturalId[name1]] from region[hibernate.test.org.hibernate.test.annotations.naturalid.A##NaturalId]
14:10:38,024 DEBUG BaseGeneralDataRegion:46 - Cache[hibernate.test.org.hibernate.test.annotations.naturalid.A##NaturalId] lookup : key[org.hibernate.test.annotations.naturalid.A##NaturalId[name1]]
14:10:38,024 DEBUG BaseGeneralDataRegion:52 - Cache[hibernate.test.org.hibernate.test.annotations.naturalid.A##NaturalId] hit: org.hibernate.test.annotations.naturalid.A##NaturalId[name1]
14:10:38,024 DEBUG AbstractReadWriteAccessStrategy:41 - hit key[org.hibernate.test.annotations.naturalid.A##NaturalId[name1]] in region[hibernate.test.org.hibernate.test.annotations.naturalid.A##NaturalId]
14:10:38,024 DEBUG AbstractReadWriteAccessStrategy:34 - getting key[org.hibernate.test.annotations.naturalid.A#8] from region[hibernate.test.org.hibernate.test.annotations.naturalid.A]
14:10:38,024 DEBUG BaseGeneralDataRegion:46 - Cache[hibernate.test.org.hibernate.test.annotations.naturalid.A] lookup : key[org.hibernate.test.annotations.naturalid.A#8]
14:10:38,024 DEBUG BaseGeneralDataRegion:52 - Cache[hibernate.test.org.hibernate.test.annotations.naturalid.A] hit: org.hibernate.test.annotations.naturalid.A#8
14:10:38,024 DEBUG AbstractReadWriteAccessStrategy:41 - hit key[org.hibernate.test.annotations.naturalid.A#8] in region[hibernate.test.org.hibernate.test.annotations.naturalid.A]
14:10:38,025 DEBUG BaseGeneralDataRegion:46 - Cache[hibernate.test.org.hibernate.test.annotations.naturalid.D] lookup : key[org.hibernate.test.annotations.naturalid.D#7]
14:10:38,025 DEBUG BaseGeneralDataRegion:52 - Cache[hibernate.test.org.hibernate.test.annotations.naturalid.D] hit: org.hibernate.test.annotations.naturalid.D#7
14:10:38,025 DEBUG SQL:104 - 
    select
        a0_.oid as oid0_1_,
        a0_.name as name0_1_,
        a0_.singleD_oid as singleD4_0_1_,
        a0_.version as version0_1_,
        d1_.oid as oid1_0_,
        d1_.a_oid as a3_1_0_,
        d1_.version as version1_0_ 
    from
        A a0_ 
    left outer join
        D d1_ 
            on a0_.singleD_oid=d1_.oid 
    where
        a0_.singleD_oid=?
14:10:38,050 DEBUG BaseGeneralDataRegion:79 - evict cache[hibernate.test.org.hibernate.test.annotations.naturalid.A]
14:10:38,050 DEBUG BaseGeneralDataRegion:79 - evict cache[hibernate.test.org.hibernate.test.annotations.naturalid.A##NaturalId]
14:10:38,050 DEBUG BaseGeneralDataRegion:59 - Caching[hibernate.test.org.hibernate.cache.spi.UpdateTimestampsCache] : [A] -> [5579089092812800]
14:10:38,050 DEBUG SQL:104 - 
    delete 
    from
        A
14:10:38,051 DEBUG BaseGeneralDataRegion:79 - evict cache[hibernate.test.org.hibernate.test.annotations.naturalid.D]
14:10:38,051 DEBUG BaseGeneralDataRegion:79 - evict cache[hibernate.test.org.hibernate.test.annotations.naturalid.A.ds]
14:10:38,051 DEBUG BaseGeneralDataRegion:59 - Caching[hibernate.test.org.hibernate.cache.spi.UpdateTimestampsCache] : [D] -> [5579089092816896]
14:10:38,051 DEBUG SQL:104 - 
    delete 
    from
        D
14:10:38,052 DEBUG BaseGeneralDataRegion:79 - evict cache[hibernate.test.org.hibernate.test.annotations.naturalid.A]
14:10:38,052 DEBUG BaseGeneralDataRegion:79 - evict cache[hibernate.test.org.hibernate.test.annotations.naturalid.A##NaturalId]
14:10:38,052 DEBUG BaseGeneralDataRegion:79 - evict cache[hibernate.test.org.hibernate.test.annotations.naturalid.D]
14:10:38,052 DEBUG BaseGeneralDataRegion:79 - evict cache[hibernate.test.org.hibernate.test.annotations.naturalid.A.ds]
14:10:38,062 DEBUG BaseGeneralDataRegion:59 - Caching[hibernate.test.org.hibernate.cache.spi.UpdateTimestampsCache] : [D] -> [5579088847101952]
14:10:38,063 DEBUG BaseGeneralDataRegion:59 - Caching[hibernate.test.org.hibernate.cache.spi.UpdateTimestampsCache] : [A] -> [5579088847101952]
14:10:38,063  INFO CustomRunner:139 - Test: testNaturalKeyLookupWithConstraint
14:10:38,069 DEBUG SQL:104 - 
    select
        tbl.next_val 
    from
        hibernate_sequences tbl 
    where
        tbl.sequence_name=? for update
            
14:10:38,069 DEBUG SQL:104 - 
    update
        hibernate_sequences 
    set
        next_val=?  
    where
        next_val=? 
        and sequence_name=?
14:10:38,070 DEBUG AbstractReadWriteAccessStrategy:93 - locking key[org.hibernate.test.annotations.naturalid.A.ds#10] in region[hibernate.test.org.hibernate.test.annotations.naturalid.A.ds]
14:10:38,070 DEBUG BaseGeneralDataRegion:46 - Cache[hibernate.test.org.hibernate.test.annotations.naturalid.A.ds] lookup : key[org.hibernate.test.annotations.naturalid.A.ds#10]
14:10:38,070 DEBUG BaseGeneralDataRegion:59 - Caching[hibernate.test.org.hibernate.test.annotations.naturalid.A.ds] : [org.hibernate.test.annotations.naturalid.A.ds#10] -> [Lock Source-UUID:83ed3b1e-427b-440a-98d6-cc9a8fd8ed45 Lock-ID:6]
14:10:38,070 DEBUG SQL:104 - 
    insert 
    into
        A
        (name, singleD_oid, version, oid) 
    values
        (?, ?, ?, ?)
14:10:38,078 DEBUG BaseGeneralDataRegion:59 - Caching[hibernate.test.org.hibernate.cache.spi.UpdateTimestampsCache] : [A] -> [5579089092927488]
14:10:38,078 DEBUG BaseGeneralDataRegion:59 - Caching[hibernate.test.org.hibernate.cache.spi.UpdateTimestampsCache] : [D] -> [5579089092927489]
14:10:38,078 DEBUG BaseGeneralDataRegion:46 - Cache[hibernate.test.org.hibernate.test.annotations.naturalid.A##NaturalId] lookup : key[org.hibernate.test.annotations.naturalid.A##NaturalId[name1]]
14:10:38,078 DEBUG BaseGeneralDataRegion:59 - Caching[hibernate.test.org.hibernate.test.annotations.naturalid.A##NaturalId] : [org.hibernate.test.annotations.naturalid.A##NaturalId[name1]] -> [org.hibernate.testing.cache.AbstractReadWriteAccessStrategy$Item@6201f7a6]
14:10:38,079 DEBUG BaseGeneralDataRegion:46 - Cache[hibernate.test.org.hibernate.test.annotations.naturalid.A] lookup : key[org.hibernate.test.annotations.naturalid.A#10]
14:10:38,079 DEBUG BaseGeneralDataRegion:59 - Caching[hibernate.test.org.hibernate.test.annotations.naturalid.A] : [org.hibernate.test.annotations.naturalid.A#10] -> [org.hibernate.testing.cache.AbstractReadWriteAccessStrategy$Item@6f29e58e]
14:10:38,079 DEBUG AbstractReadWriteAccessStrategy:116 - unlocking key[org.hibernate.test.annotations.naturalid.A.ds#10] in region[hibernate.test.org.hibernate.test.annotations.naturalid.A.ds]
14:10:38,079 DEBUG BaseGeneralDataRegion:46 - Cache[hibernate.test.org.hibernate.test.annotations.naturalid.A.ds] lookup : key[org.hibernate.test.annotations.naturalid.A.ds#10]
14:10:38,079 DEBUG BaseGeneralDataRegion:52 - Cache[hibernate.test.org.hibernate.test.annotations.naturalid.A.ds] hit: org.hibernate.test.annotations.naturalid.A.ds#10
14:10:38,079 DEBUG BaseGeneralDataRegion:59 - Caching[hibernate.test.org.hibernate.test.annotations.naturalid.A.ds] : [org.hibernate.test.annotations.naturalid.A.ds#10] -> [Lock Source-UUID:83ed3b1e-427b-440a-98d6-cc9a8fd8ed45 Lock-ID:6]
14:10:38,079 DEBUG BaseGeneralDataRegion:59 - Caching[hibernate.test.org.hibernate.cache.spi.UpdateTimestampsCache] : [D] -> [5579088847171586]
14:10:38,079 DEBUG BaseGeneralDataRegion:59 - Caching[hibernate.test.org.hibernate.cache.spi.UpdateTimestampsCache] : [A] -> [5579088847171586]
14:10:38,080 DEBUG BaseGeneralDataRegion:46 - Cache[hibernate.test.org.hibernate.cache.internal.StandardQueryCache] lookup : key[sql: select this_.oid as oid0_1_, this_.name as name0_1_, this_.singleD_oid as singleD4_0_1_, this_.version as version0_1_, d2_.oid as oid1_0_, d2_.a_oid as a3_1_0_, d2_.version as version1_0_ from A this_ left outer join D d2_ on this_.singleD_oid=d2_.oid where (this_.name=?) and this_.singleD_oid is null; parameters: name1, ; transformer: org.hibernate.transform.CacheableResultTransformer@13a525]
14:10:38,080 DEBUG SQL:104 - 
    select
        this_.oid as oid0_1_,
        this_.name as name0_1_,
        this_.singleD_oid as singleD4_0_1_,
        this_.version as version0_1_,
        d2_.oid as oid1_0_,
        d2_.a_oid as a3_1_0_,
        d2_.version as version1_0_ 
    from
        A this_ 
    left outer join
        D d2_ 
            on this_.singleD_oid=d2_.oid 
    where
        (
            this_.name=?
        ) 
        and this_.singleD_oid is null
14:10:38,089 DEBUG BaseGeneralDataRegion:59 - Caching[hibernate.test.org.hibernate.cache.internal.StandardQueryCache] : [sql: select this_.oid as oid0_1_, this_.name as name0_1_, this_.singleD_oid as singleD4_0_1_, this_.version as version0_1_, d2_.oid as oid1_0_, d2_.a_oid as a3_1_0_, d2_.version as version1_0_ from A this_ left outer join D d2_ on this_.singleD_oid=d2_.oid where (this_.name=?) and this_.singleD_oid is null; parameters: name1, ; transformer: org.hibernate.transform.CacheableResultTransformer@13a525] -> [[5579088847212544, 10]]
14:10:38,090 DEBUG SQL:104 - 
    select
        tbl.next_val 
    from
        hibernate_sequences tbl 
    where
        tbl.sequence_name=? for update
            
14:10:38,090 DEBUG SQL:104 - 
    update
        hibernate_sequences 
    set
        next_val=?  
    where
        next_val=? 
        and sequence_name=?
14:10:38,091 DEBUG AbstractReadWriteAccessStrategy:93 - locking key[org.hibernate.test.annotations.naturalid.A.ds#11] in region[hibernate.test.org.hibernate.test.annotations.naturalid.A.ds]
14:10:38,091 DEBUG BaseGeneralDataRegion:46 - Cache[hibernate.test.org.hibernate.test.annotations.naturalid.A.ds] lookup : key[org.hibernate.test.annotations.naturalid.A.ds#11]
14:10:38,091 DEBUG BaseGeneralDataRegion:59 - Caching[hibernate.test.org.hibernate.test.annotations.naturalid.A.ds] : [org.hibernate.test.annotations.naturalid.A.ds#11] -> [Lock Source-UUID:83ed3b1e-427b-440a-98d6-cc9a8fd8ed45 Lock-ID:7]
14:10:38,091 DEBUG SQL:104 - 
    insert 
    into
        A
        (name, singleD_oid, version, oid) 
    values
        (?, ?, ?, ?)
14:10:38,101 DEBUG BaseGeneralDataRegion:59 - Caching[hibernate.test.org.hibernate.cache.spi.UpdateTimestampsCache] : [A] -> [5579089093021696]
14:10:38,101 DEBUG BaseGeneralDataRegion:59 - Caching[hibernate.test.org.hibernate.cache.spi.UpdateTimestampsCache] : [D] -> [5579089093021697]
14:10:38,102 DEBUG BaseGeneralDataRegion:46 - Cache[hibernate.test.org.hibernate.test.annotations.naturalid.A##NaturalId] lookup : key[org.hibernate.test.annotations.naturalid.A##NaturalId[xxxxxx]]
14:10:38,102 DEBUG BaseGeneralDataRegion:59 - Caching[hibernate.test.org.hibernate.test.annotations.naturalid.A##NaturalId] : [org.hibernate.test.annotations.naturalid.A##NaturalId[xxxxxx]] -> [org.hibernate.testing.cache.AbstractReadWriteAccessStrategy$Item@5ae87509]
14:10:38,102 DEBUG BaseGeneralDataRegion:46 - Cache[hibernate.test.org.hibernate.test.annotations.naturalid.A] lookup : key[org.hibernate.test.annotations.naturalid.A#11]
14:10:38,102 DEBUG BaseGeneralDataRegion:59 - Caching[hibernate.test.org.hibernate.test.annotations.naturalid.A] : [org.hibernate.test.annotations.naturalid.A#11] -> [org.hibernate.testing.cache.AbstractReadWriteAccessStrategy$Item@535bd07f]
14:10:38,102 DEBUG AbstractReadWriteAccessStrategy:116 - unlocking key[org.hibernate.test.annotations.naturalid.A.ds#11] in region[hibernate.test.org.hibernate.test.annotations.naturalid.A.ds]
14:10:38,102 DEBUG BaseGeneralDataRegion:46 - Cache[hibernate.test.org.hibernate.test.annotations.naturalid.A.ds] lookup : key[org.hibernate.test.annotations.naturalid.A.ds#11]
14:10:38,102 DEBUG BaseGeneralDataRegion:52 - Cache[hibernate.test.org.hibernate.test.annotations.naturalid.A.ds] hit: org.hibernate.test.annotations.naturalid.A.ds#11
14:10:38,102 DEBUG BaseGeneralDataRegion:59 - Caching[hibernate.test.org.hibernate.test.annotations.naturalid.A.ds] : [org.hibernate.test.annotations.naturalid.A.ds#11] -> [Lock Source-UUID:83ed3b1e-427b-440a-98d6-cc9a8fd8ed45 Lock-ID:7]
14:10:38,102 DEBUG BaseGeneralDataRegion:59 - Caching[hibernate.test.org.hibernate.cache.spi.UpdateTimestampsCache] : [D] -> [5579088847265795]
14:10:38,102 DEBUG BaseGeneralDataRegion:59 - Caching[hibernate.test.org.hibernate.cache.spi.UpdateTimestampsCache] : [A] -> [5579088847265795]
14:10:38,103 DEBUG BaseGeneralDataRegion:46 - Cache[hibernate.test.org.hibernate.cache.internal.StandardQueryCache] lookup : key[sql: select this_.oid as oid0_1_, this_.name as name0_1_, this_.singleD_oid as singleD4_0_1_, this_.version as version0_1_, d2_.oid as oid1_0_, d2_.a_oid as a3_1_0_, d2_.version as version1_0_ from A this_ left outer join D d2_ on this_.singleD_oid=d2_.oid where (this_.name=?) and this_.singleD_oid is null; parameters: name1, ; transformer: org.hibernate.transform.CacheableResultTransformer@13a525]
14:10:38,103 DEBUG BaseGeneralDataRegion:52 - Cache[hibernate.test.org.hibernate.cache.internal.StandardQueryCache] hit: sql: select this_.oid as oid0_1_, this_.name as name0_1_, this_.singleD_oid as singleD4_0_1_, this_.version as version0_1_, d2_.oid as oid1_0_, d2_.a_oid as a3_1_0_, d2_.version as version1_0_ from A this_ left outer join D d2_ on this_.singleD_oid=d2_.oid where (this_.name=?) and this_.singleD_oid is null; parameters: name1, ; transformer: org.hibernate.transform.CacheableResultTransformer@13a525
14:10:38,103 DEBUG BaseGeneralDataRegion:46 - Cache[hibernate.test.org.hibernate.cache.spi.UpdateTimestampsCache] lookup : key[A]
14:10:38,103 DEBUG BaseGeneralDataRegion:52 - Cache[hibernate.test.org.hibernate.cache.spi.UpdateTimestampsCache] hit: A
14:10:38,103 DEBUG SQL:104 - 
    select
        this_.oid as oid0_1_,
        this_.name as name0_1_,
        this_.singleD_oid as singleD4_0_1_,
        this_.version as version0_1_,
        d2_.oid as oid1_0_,
        d2_.a_oid as a3_1_0_,
        d2_.version as version1_0_ 
    from
        A this_ 
    left outer join
        D d2_ 
            on this_.singleD_oid=d2_.oid 
    where
        (
            this_.name=?
        ) 
        and this_.singleD_oid is null
14:10:38,114 DEBUG BaseGeneralDataRegion:59 - Caching[hibernate.test.org.hibernate.cache.internal.StandardQueryCache] : [sql: select this_.oid as oid0_1_, this_.name as name0_1_, this_.singleD_oid as singleD4_0_1_, this_.version as version0_1_, d2_.oid as oid1_0_, d2_.a_oid as a3_1_0_, d2_.version as version1_0_ from A this_ left outer join D d2_ on this_.singleD_oid=d2_.oid where (this_.name=?) and this_.singleD_oid is null; parameters: name1, ; transformer: org.hibernate.transform.CacheableResultTransformer@13a525] -> [[5579088847314944, 10]]
14:10:38,115 DEBUG BaseGeneralDataRegion:79 - evict cache[hibernate.test.org.hibernate.test.annotations.naturalid.A]
14:10:38,115 DEBUG BaseGeneralDataRegion:79 - evict cache[hibernate.test.org.hibernate.test.annotations.naturalid.A##NaturalId]
14:10:38,115 DEBUG BaseGeneralDataRegion:59 - Caching[hibernate.test.org.hibernate.cache.spi.UpdateTimestampsCache] : [A] -> [5579089093079040]
14:10:38,115 DEBUG SQL:104 - 
    delete 
    from
        A
14:10:38,115 DEBUG BaseGeneralDataRegion:79 - evict cache[hibernate.test.org.hibernate.test.annotations.naturalid.A]
14:10:38,116 DEBUG BaseGeneralDataRegion:79 - evict cache[hibernate.test.org.hibernate.test.annotations.naturalid.A##NaturalId]
14:10:38,116 DEBUG BaseGeneralDataRegion:59 - Caching[hibernate.test.org.hibernate.cache.spi.UpdateTimestampsCache] : [A] -> [5579088847323136]
14:10:38,117  INFO CustomRunner:139 - Test: testSimpleImmutableNaturalKeyLookup
14:10:38,118 DEBUG SQL:104 - 
    select
        tbl.next_val 
    from
        hibernate_sequences tbl 
    where
        tbl.sequence_name=? for update
            
14:10:38,119 DEBUG SQL:104 - 
    update
        hibernate_sequences 
    set
        next_val=?  
    where
        next_val=? 
        and sequence_name=?
14:10:38,129 DEBUG AbstractReadWriteAccessStrategy:93 - locking key[org.hibernate.test.annotations.naturalid.A.ds#12] in region[hibernate.test.org.hibernate.test.annotations.naturalid.A.ds]
14:10:38,130 DEBUG BaseGeneralDataRegion:46 - Cache[hibernate.test.org.hibernate.test.annotations.naturalid.A.ds] lookup : key[org.hibernate.test.annotations.naturalid.A.ds#12]
14:10:38,130 DEBUG BaseGeneralDataRegion:59 - Caching[hibernate.test.org.hibernate.test.annotations.naturalid.A.ds] : [org.hibernate.test.annotations.naturalid.A.ds#12] -> [Lock Source-UUID:83ed3b1e-427b-440a-98d6-cc9a8fd8ed45 Lock-ID:8]
14:10:38,130 DEBUG SQL:104 - 
    insert 
    into
        A
        (name, singleD_oid, version, oid) 
    values
        (?, ?, ?, ?)
14:10:38,130 DEBUG BaseGeneralDataRegion:59 - Caching[hibernate.test.org.hibernate.cache.spi.UpdateTimestampsCache] : [A] -> [5579089093140481]
14:10:38,130 DEBUG BaseGeneralDataRegion:59 - Caching[hibernate.test.org.hibernate.cache.spi.UpdateTimestampsCache] : [D] -> [5579089093140482]
14:10:38,131 DEBUG BaseGeneralDataRegion:46 - Cache[hibernate.test.org.hibernate.test.annotations.naturalid.A##NaturalId] lookup : key[org.hibernate.test.annotations.naturalid.A##NaturalId[name1]]
14:10:38,131 DEBUG BaseGeneralDataRegion:59 - Caching[hibernate.test.org.hibernate.test.annotations.naturalid.A##NaturalId] : [org.hibernate.test.annotations.naturalid.A##NaturalId[name1]] -> [org.hibernate.testing.cache.AbstractReadWriteAccessStrategy$Item@56f62b40]
14:10:38,131 DEBUG BaseGeneralDataRegion:46 - Cache[hibernate.test.org.hibernate.test.annotations.naturalid.A] lookup : key[org.hibernate.test.annotations.naturalid.A#12]
14:10:38,131 DEBUG BaseGeneralDataRegion:59 - Caching[hibernate.test.org.hibernate.test.annotations.naturalid.A] : [org.hibernate.test.annotations.naturalid.A#12] -> [org.hibernate.testing.cache.AbstractReadWriteAccessStrategy$Item@3b91a35a]
14:10:38,131 DEBUG AbstractReadWriteAccessStrategy:116 - unlocking key[org.hibernate.test.annotations.naturalid.A.ds#12] in region[hibernate.test.org.hibernate.test.annotations.naturalid.A.ds]
14:10:38,131 DEBUG BaseGeneralDataRegion:46 - Cache[hibernate.test.org.hibernate.test.annotations.naturalid.A.ds] lookup : key[org.hibernate.test.annotations.naturalid.A.ds#12]
14:10:38,131 DEBUG BaseGeneralDataRegion:52 - Cache[hibernate.test.org.hibernate.test.annotations.naturalid.A.ds] hit: org.hibernate.test.annotations.naturalid.A.ds#12
14:10:38,131 DEBUG BaseGeneralDataRegion:59 - Caching[hibernate.test.org.hibernate.test.annotations.naturalid.A.ds] : [org.hibernate.test.annotations.naturalid.A.ds#12] -> [Lock Source-UUID:83ed3b1e-427b-440a-98d6-cc9a8fd8ed45 Lock-ID:8]
14:10:38,131 DEBUG BaseGeneralDataRegion:59 - Caching[hibernate.test.org.hibernate.cache.spi.UpdateTimestampsCache] : [D] -> [5579088847384579]
14:10:38,131 DEBUG BaseGeneralDataRegion:59 - Caching[hibernate.test.org.hibernate.cache.spi.UpdateTimestampsCache] : [A] -> [5579088847384579]
14:10:38,131  WARN SessionImpl:1695 - Session.byNaturalId(org.hibernate.test.annotations.naturalid.A) should be used for naturalId queries instead of Restrictions.naturalId() from a Criteria
14:10:38,132 DEBUG SQL:104 - 
    select
        tbl.next_val 
    from
        hibernate_sequences tbl 
    where
        tbl.sequence_name=? for update
            
14:10:38,132 DEBUG SQL:104 - 
    update
        hibernate_sequences 
    set
        next_val=?  
    where
        next_val=? 
        and sequence_name=?
14:10:38,132 DEBUG AbstractReadWriteAccessStrategy:93 - locking key[org.hibernate.test.annotations.naturalid.A.ds#13] in region[hibernate.test.org.hibernate.test.annotations.naturalid.A.ds]
14:10:38,132 DEBUG BaseGeneralDataRegion:46 - Cache[hibernate.test.org.hibernate.test.annotations.naturalid.A.ds] lookup : key[org.hibernate.test.annotations.naturalid.A.ds#13]
14:10:38,132 DEBUG BaseGeneralDataRegion:59 - Caching[hibernate.test.org.hibernate.test.annotations.naturalid.A.ds] : [org.hibernate.test.annotations.naturalid.A.ds#13] -> [Lock Source-UUID:83ed3b1e-427b-440a-98d6-cc9a8fd8ed45 Lock-ID:9]
14:10:38,133 DEBUG SQL:104 - 
    insert 
    into
        A
        (name, singleD_oid, version, oid) 
    values
        (?, ?, ?, ?)
14:10:38,133 DEBUG BaseGeneralDataRegion:59 - Caching[hibernate.test.org.hibernate.cache.spi.UpdateTimestampsCache] : [A] -> [5579089093152768]
14:10:38,150 DEBUG BaseGeneralDataRegion:59 - Caching[hibernate.test.org.hibernate.cache.spi.UpdateTimestampsCache] : [D] -> [5579089093222400]
14:10:38,150 DEBUG BaseGeneralDataRegion:46 - Cache[hibernate.test.org.hibernate.test.annotations.naturalid.A##NaturalId] lookup : key[org.hibernate.test.annotations.naturalid.A##NaturalId[xxxxxx]]
14:10:38,150 DEBUG BaseGeneralDataRegion:59 - Caching[hibernate.test.org.hibernate.test.annotations.naturalid.A##NaturalId] : [org.hibernate.test.annotations.naturalid.A##NaturalId[xxxxxx]] -> [org.hibernate.testing.cache.AbstractReadWriteAccessStrategy$Item@323a9672]
14:10:38,150 DEBUG BaseGeneralDataRegion:46 - Cache[hibernate.test.org.hibernate.test.annotations.naturalid.A] lookup : key[org.hibernate.test.annotations.naturalid.A#13]
14:10:38,150 DEBUG BaseGeneralDataRegion:59 - Caching[hibernate.test.org.hibernate.test.annotations.naturalid.A] : [org.hibernate.test.annotations.naturalid.A#13] -> [org.hibernate.testing.cache.AbstractReadWriteAccessStrategy$Item@246b3021]
14:10:38,150 DEBUG AbstractReadWriteAccessStrategy:116 - unlocking key[org.hibernate.test.annotations.naturalid.A.ds#13] in region[hibernate.test.org.hibernate.test.annotations.naturalid.A.ds]
14:10:38,150 DEBUG BaseGeneralDataRegion:46 - Cache[hibernate.test.org.hibernate.test.annotations.naturalid.A.ds] lookup : key[org.hibernate.test.annotations.naturalid.A.ds#13]
14:10:38,151 DEBUG BaseGeneralDataRegion:52 - Cache[hibernate.test.org.hibernate.test.annotations.naturalid.A.ds] hit: org.hibernate.test.annotations.naturalid.A.ds#13
14:10:38,151 DEBUG BaseGeneralDataRegion:59 - Caching[hibernate.test.org.hibernate.test.annotations.naturalid.A.ds] : [org.hibernate.test.annotations.naturalid.A.ds#13] -> [Lock Source-UUID:83ed3b1e-427b-440a-98d6-cc9a8fd8ed45 Lock-ID:9]
14:10:38,151 DEBUG BaseGeneralDataRegion:59 - Caching[hibernate.test.org.hibernate.cache.spi.UpdateTimestampsCache] : [D] -> [5579088847466497]
14:10:38,151 DEBUG BaseGeneralDataRegion:59 - Caching[hibernate.test.org.hibernate.cache.spi.UpdateTimestampsCache] : [A] -> [5579088847466497]
14:10:38,151  WARN SessionImpl:1695 - Session.byNaturalId(org.hibernate.test.annotations.naturalid.A) should be used for naturalId queries instead of Restrictions.naturalId() from a Criteria
14:10:38,151 DEBUG AbstractReadWriteAccessStrategy:34 - getting key[org.hibernate.test.annotations.naturalid.A##NaturalId[name1]] from region[hibernate.test.org.hibernate.test.annotations.naturalid.A##NaturalId]
14:10:38,151 DEBUG BaseGeneralDataRegion:46 - Cache[hibernate.test.org.hibernate.test.annotations.naturalid.A##NaturalId] lookup : key[org.hibernate.test.annotations.naturalid.A##NaturalId[name1]]
14:10:38,151 DEBUG BaseGeneralDataRegion:52 - Cache[hibernate.test.org.hibernate.test.annotations.naturalid.A##NaturalId] hit: org.hibernate.test.annotations.naturalid.A##NaturalId[name1]
14:10:38,151 DEBUG AbstractReadWriteAccessStrategy:41 - hit key[org.hibernate.test.annotations.naturalid.A##NaturalId[name1]] in region[hibernate.test.org.hibernate.test.annotations.naturalid.A##NaturalId]
14:10:38,152 DEBUG AbstractReadWriteAccessStrategy:34 - getting key[org.hibernate.test.annotations.naturalid.A#12] from region[hibernate.test.org.hibernate.test.annotations.naturalid.A]
14:10:38,152 DEBUG BaseGeneralDataRegion:46 - Cache[hibernate.test.org.hibernate.test.annotations.naturalid.A] lookup : key[org.hibernate.test.annotations.naturalid.A#12]
14:10:38,152 DEBUG BaseGeneralDataRegion:52 - Cache[hibernate.test.org.hibernate.test.annotations.naturalid.A] hit: org.hibernate.test.annotations.naturalid.A#12
14:10:38,152 DEBUG AbstractReadWriteAccessStrategy:41 - hit key[org.hibernate.test.annotations.naturalid.A#12] in region[hibernate.test.org.hibernate.test.annotations.naturalid.A]
14:10:38,152 DEBUG BaseGeneralDataRegion:79 - evict cache[hibernate.test.org.hibernate.test.annotations.naturalid.A]
14:10:38,152 DEBUG BaseGeneralDataRegion:79 - evict cache[hibernate.test.org.hibernate.test.annotations.naturalid.A##NaturalId]
14:10:38,152 DEBUG BaseGeneralDataRegion:59 - Caching[hibernate.test.org.hibernate.cache.spi.UpdateTimestampsCache] : [A] -> [5579089093230592]
14:10:38,152 DEBUG SQL:104 - 
    delete 
    from
        A
14:10:38,153 DEBUG BaseGeneralDataRegion:79 - evict cache[hibernate.test.org.hibernate.test.annotations.naturalid.A]
14:10:38,153 DEBUG BaseGeneralDataRegion:79 - evict cache[hibernate.test.org.hibernate.test.annotations.naturalid.A##NaturalId]
14:10:38,153 DEBUG BaseGeneralDataRegion:59 - Caching[hibernate.test.org.hibernate.cache.spi.UpdateTimestampsCache] : [A] -> [5579088847474688]
14:10:38,169  INFO CustomRunner:139 - Test: testSubCriteriaOneToOneJoin
14:10:38,172 DEBUG SQL:104 - 
    select
        tbl.next_val 
    from
        hibernate_sequences tbl 
    where
        tbl.sequence_name=? for update
            
14:10:38,173 DEBUG SQL:104 - 
    update
        hibernate_sequences 
    set
        next_val=?  
    where
        next_val=? 
        and sequence_name=?
14:10:38,173 DEBUG SQL:104 - 
    select
        tbl.next_val 
    from
        hibernate_sequences tbl 
    where
        tbl.sequence_name=? for update
            
14:10:38,173 DEBUG SQL:104 - 
    update
        hibernate_sequences 
    set
        next_val=?  
    where
        next_val=? 
        and sequence_name=?
14:10:38,174 DEBUG AbstractReadWriteAccessStrategy:93 - locking key[org.hibernate.test.annotations.naturalid.A.ds#15] in region[hibernate.test.org.hibernate.test.annotations.naturalid.A.ds]
14:10:38,174 DEBUG BaseGeneralDataRegion:46 - Cache[hibernate.test.org.hibernate.test.annotations.naturalid.A.ds] lookup : key[org.hibernate.test.annotations.naturalid.A.ds#15]
14:10:38,174 DEBUG BaseGeneralDataRegion:59 - Caching[hibernate.test.org.hibernate.test.annotations.naturalid.A.ds] : [org.hibernate.test.annotations.naturalid.A.ds#15] -> [Lock Source-UUID:83ed3b1e-427b-440a-98d6-cc9a8fd8ed45 Lock-ID:10]
14:10:38,174 DEBUG SQL:104 - 
    insert 
    into
        D
        (a_oid, version, oid) 
    values
        (?, ?, ?)
14:10:38,208 DEBUG BaseRegionAccessStrategy:66 - Caching: org.hibernate.test.annotations.naturalid.D#14
14:10:38,208 DEBUG BaseGeneralDataRegion:59 - Caching[hibernate.test.org.hibernate.test.annotations.naturalid.D] : [org.hibernate.test.annotations.naturalid.D#14] -> [CacheEntry(org.hibernate.test.annotations.naturalid.D)[null,0,null]]
14:10:38,208 DEBUG BaseGeneralDataRegion:59 - Caching[hibernate.test.org.hibernate.cache.spi.UpdateTimestampsCache] : [D] -> [5579089093459968]
14:10:38,208 DEBUG SQL:104 - 
    insert 
    into
        A
        (name, singleD_oid, version, oid) 
    values
        (?, ?, ?, ?)
14:10:38,209 DEBUG BaseGeneralDataRegion:59 - Caching[hibernate.test.org.hibernate.cache.spi.UpdateTimestampsCache] : [A] -> [5579089093464064]
14:10:38,209 DEBUG BaseGeneralDataRegion:59 - Caching[hibernate.test.org.hibernate.cache.spi.UpdateTimestampsCache] : [D] -> [5579089093464065]
14:10:38,209 DEBUG BaseGeneralDataRegion:46 - Cache[hibernate.test.org.hibernate.test.annotations.naturalid.A##NaturalId] lookup : key[org.hibernate.test.annotations.naturalid.A##NaturalId[name1]]
14:10:38,209 DEBUG BaseGeneralDataRegion:59 - Caching[hibernate.test.org.hibernate.test.annotations.naturalid.A##NaturalId] : [org.hibernate.test.annotations.naturalid.A##NaturalId[name1]] -> [org.hibernate.testing.cache.AbstractReadWriteAccessStrategy$Item@1ade5613]
14:10:38,209 DEBUG BaseGeneralDataRegion:46 - Cache[hibernate.test.org.hibernate.test.annotations.naturalid.A] lookup : key[org.hibernate.test.annotations.naturalid.A#15]
14:10:38,209 DEBUG BaseGeneralDataRegion:59 - Caching[hibernate.test.org.hibernate.test.annotations.naturalid.A] : [org.hibernate.test.annotations.naturalid.A#15] -> [org.hibernate.testing.cache.AbstractReadWriteAccessStrategy$Item@7ae5072c]
14:10:38,209 DEBUG AbstractReadWriteAccessStrategy:116 - unlocking key[org.hibernate.test.annotations.naturalid.A.ds#15] in region[hibernate.test.org.hibernate.test.annotations.naturalid.A.ds]
14:10:38,209 DEBUG BaseGeneralDataRegion:46 - Cache[hibernate.test.org.hibernate.test.annotations.naturalid.A.ds] lookup : key[org.hibernate.test.annotations.naturalid.A.ds#15]
14:10:38,209 DEBUG BaseGeneralDataRegion:52 - Cache[hibernate.test.org.hibernate.test.annotations.naturalid.A.ds] hit: org.hibernate.test.annotations.naturalid.A.ds#15
14:10:38,209 DEBUG BaseGeneralDataRegion:59 - Caching[hibernate.test.org.hibernate.test.annotations.naturalid.A.ds] : [org.hibernate.test.annotations.naturalid.A.ds#15] -> [Lock Source-UUID:83ed3b1e-427b-440a-98d6-cc9a8fd8ed45 Lock-ID:10]
14:10:38,210 DEBUG BaseGeneralDataRegion:59 - Caching[hibernate.test.org.hibernate.cache.spi.UpdateTimestampsCache] : [D] -> [5579088847708160]
14:10:38,210 DEBUG BaseGeneralDataRegion:59 - Caching[hibernate.test.org.hibernate.cache.spi.UpdateTimestampsCache] : [A] -> [5579088847708160]
14:10:38,210 DEBUG BaseGeneralDataRegion:46 - Cache[hibernate.test.org.hibernate.cache.internal.StandardQueryCache] lookup : key[sql: select this_.oid as oid0_2_, this_.name as name0_2_, this_.singleD_oid as singleD4_0_2_, this_.version as version0_2_, d1_.oid as oid1_0_, d1_.a_oid as a3_1_0_, d1_.version as version1_0_, a4_.oid as oid0_1_, a4_.name as name0_1_, a4_.singleD_oid as singleD4_0_1_, a4_.version as version0_1_ from A this_ left outer join D d1_ on this_.singleD_oid=d1_.oid left outer join A a4_ on d1_.oid=a4_.singleD_oid where (this_.name=?); parameters: name1, ; transformer: org.hibernate.transform.CacheableResultTransformer@2515197]
14:10:38,210 DEBUG BaseGeneralDataRegion:52 - Cache[hibernate.test.org.hibernate.cache.internal.StandardQueryCache] hit: sql: select this_.oid as oid0_2_, this_.name as name0_2_, this_.singleD_oid as singleD4_0_2_, this_.version as version0_2_, d1_.oid as oid1_0_, d1_.a_oid as a3_1_0_, d1_.version as version1_0_, a4_.oid as oid0_1_, a4_.name as name0_1_, a4_.singleD_oid as singleD4_0_1_, a4_.version as version0_1_ from A this_ left outer join D d1_ on this_.singleD_oid=d1_.oid left outer join A a4_ on d1_.oid=a4_.singleD_oid where (this_.name=?); parameters: name1, ; transformer: org.hibernate.transform.CacheableResultTransformer@2515197
14:10:38,211 DEBUG BaseGeneralDataRegion:46 - Cache[hibernate.test.org.hibernate.cache.spi.UpdateTimestampsCache] lookup : key[D]
14:10:38,211 DEBUG BaseGeneralDataRegion:52 - Cache[hibernate.test.org.hibernate.cache.spi.UpdateTimestampsCache] hit: D
14:10:38,211 DEBUG SQL:104 - 
    select
        this_.oid as oid0_2_,
        this_.name as name0_2_,
        this_.singleD_oid as singleD4_0_2_,
        this_.version as version0_2_,
        d1_.oid as oid1_0_,
        d1_.a_oid as a3_1_0_,
        d1_.version as version1_0_,
        a4_.oid as oid0_1_,
        a4_.name as name0_1_,
        a4_.singleD_oid as singleD4_0_1_,
        a4_.version as version0_1_ 
    from
        A this_ 
    left outer join
        D d1_ 
            on this_.singleD_oid=d1_.oid 
    left outer join
        A a4_ 
            on d1_.oid=a4_.singleD_oid 
    where
        (
            this_.name=?
        )
14:10:38,225 DEBUG BaseGeneralDataRegion:59 - Caching[hibernate.test.org.hibernate.cache.internal.StandardQueryCache] : [sql: select this_.oid as oid0_2_, this_.name as name0_2_, this_.singleD_oid as singleD4_0_2_, this_.version as version0_2_, d1_.oid as oid1_0_, d1_.a_oid as a3_1_0_, d1_.version as version1_0_, a4_.oid as oid0_1_, a4_.name as name0_1_, a4_.singleD_oid as singleD4_0_1_, a4_.version as version0_1_ from A this_ left outer join D d1_ on this_.singleD_oid=d1_.oid left outer join A a4_ on d1_.oid=a4_.singleD_oid where (this_.name=?); parameters: name1, ; transformer: org.hibernate.transform.CacheableResultTransformer@2515197] -> [[5579088847769600, 15]]
14:10:38,225 DEBUG SQL:104 - 
    select
        tbl.next_val 
    from
        hibernate_sequences tbl 
    where
        tbl.sequence_name=? for update
            
14:10:38,239 DEBUG SQL:104 - 
    update
        hibernate_sequences 
    set
        next_val=?  
    where
        next_val=? 
        and sequence_name=?
14:10:38,240 DEBUG AbstractReadWriteAccessStrategy:93 - locking key[org.hibernate.test.annotations.naturalid.A.ds#16] in region[hibernate.test.org.hibernate.test.annotations.naturalid.A.ds]
14:10:38,240 DEBUG BaseGeneralDataRegion:46 - Cache[hibernate.test.org.hibernate.test.annotations.naturalid.A.ds] lookup : key[org.hibernate.test.annotations.naturalid.A.ds#16]
14:10:38,240 DEBUG BaseGeneralDataRegion:59 - Caching[hibernate.test.org.hibernate.test.annotations.naturalid.A.ds] : [org.hibernate.test.annotations.naturalid.A.ds#16] -> [Lock Source-UUID:83ed3b1e-427b-440a-98d6-cc9a8fd8ed45 Lock-ID:11]
14:10:38,240 DEBUG SQL:104 - 
    insert 
    into
        A
        (name, singleD_oid, version, oid) 
    values
        (?, ?, ?, ?)
14:10:38,241 DEBUG BaseGeneralDataRegion:59 - Caching[hibernate.test.org.hibernate.cache.spi.UpdateTimestampsCache] : [A] -> [5579089093595136]
14:10:38,241 DEBUG BaseGeneralDataRegion:59 - Caching[hibernate.test.org.hibernate.cache.spi.UpdateTimestampsCache] : [D] -> [5579089093595137]
14:10:38,241 DEBUG BaseGeneralDataRegion:46 - Cache[hibernate.test.org.hibernate.test.annotations.naturalid.A##NaturalId] lookup : key[org.hibernate.test.annotations.naturalid.A##NaturalId[xxxxxx]]
14:10:38,241 DEBUG BaseGeneralDataRegion:59 - Caching[hibernate.test.org.hibernate.test.annotations.naturalid.A##NaturalId] : [org.hibernate.test.annotations.naturalid.A##NaturalId[xxxxxx]] -> [org.hibernate.testing.cache.AbstractReadWriteAccessStrategy$Item@25ce20e4]
14:10:38,241 DEBUG BaseGeneralDataRegion:46 - Cache[hibernate.test.org.hibernate.test.annotations.naturalid.A] lookup : key[org.hibernate.test.annotations.naturalid.A#16]
14:10:38,241 DEBUG BaseGeneralDataRegion:59 - Caching[hibernate.test.org.hibernate.test.annotations.naturalid.A] : [org.hibernate.test.annotations.naturalid.A#16] -> [org.hibernate.testing.cache.AbstractReadWriteAccessStrategy$Item@7fd16c1f]
14:10:38,241 DEBUG AbstractReadWriteAccessStrategy:116 - unlocking key[org.hibernate.test.annotations.naturalid.A.ds#16] in region[hibernate.test.org.hibernate.test.annotations.naturalid.A.ds]
14:10:38,242 DEBUG BaseGeneralDataRegion:46 - Cache[hibernate.test.org.hibernate.test.annotations.naturalid.A.ds] lookup : key[org.hibernate.test.annotations.naturalid.A.ds#16]
14:10:38,242 DEBUG BaseGeneralDataRegion:52 - Cache[hibernate.test.org.hibernate.test.annotations.naturalid.A.ds] hit: org.hibernate.test.annotations.naturalid.A.ds#16
14:10:38,262 DEBUG BaseGeneralDataRegion:59 - Caching[hibernate.test.org.hibernate.test.annotations.naturalid.A.ds] : [org.hibernate.test.annotations.naturalid.A.ds#16] -> [Lock Source-UUID:83ed3b1e-427b-440a-98d6-cc9a8fd8ed45 Lock-ID:11]
14:10:38,262 DEBUG BaseGeneralDataRegion:59 - Caching[hibernate.test.org.hibernate.cache.spi.UpdateTimestampsCache] : [D] -> [5579088847921153]
14:10:38,262 DEBUG BaseGeneralDataRegion:59 - Caching[hibernate.test.org.hibernate.cache.spi.UpdateTimestampsCache] : [A] -> [5579088847921153]
14:10:38,263 DEBUG BaseGeneralDataRegion:46 - Cache[hibernate.test.org.hibernate.cache.internal.StandardQueryCache] lookup : key[sql: select this_.oid as oid0_2_, this_.name as name0_2_, this_.singleD_oid as singleD4_0_2_, this_.version as version0_2_, d1_.oid as oid1_0_, d1_.a_oid as a3_1_0_, d1_.version as version1_0_, a4_.oid as oid0_1_, a4_.name as name0_1_, a4_.singleD_oid as singleD4_0_1_, a4_.version as version0_1_ from A this_ left outer join D d1_ on this_.singleD_oid=d1_.oid left outer join A a4_ on d1_.oid=a4_.singleD_oid where (this_.name=?); parameters: name1, ; transformer: org.hibernate.transform.CacheableResultTransformer@2515197]
14:10:38,263 DEBUG BaseGeneralDataRegion:52 - Cache[hibernate.test.org.hibernate.cache.internal.StandardQueryCache] hit: sql: select this_.oid as oid0_2_, this_.name as name0_2_, this_.singleD_oid as singleD4_0_2_, this_.version as version0_2_, d1_.oid as oid1_0_, d1_.a_oid as a3_1_0_, d1_.version as version1_0_, a4_.oid as oid0_1_, a4_.name as name0_1_, a4_.singleD_oid as singleD4_0_1_, a4_.version as version0_1_ from A this_ left outer join D d1_ on this_.singleD_oid=d1_.oid left outer join A a4_ on d1_.oid=a4_.singleD_oid where (this_.name=?); parameters: name1, ; transformer: org.hibernate.transform.CacheableResultTransformer@2515197
14:10:38,263 DEBUG BaseGeneralDataRegion:46 - Cache[hibernate.test.org.hibernate.cache.spi.UpdateTimestampsCache] lookup : key[D]
14:10:38,263 DEBUG BaseGeneralDataRegion:52 - Cache[hibernate.test.org.hibernate.cache.spi.UpdateTimestampsCache] hit: D
14:10:38,263 DEBUG SQL:104 - 
    select
        this_.oid as oid0_2_,
        this_.name as name0_2_,
        this_.singleD_oid as singleD4_0_2_,
        this_.version as version0_2_,
        d1_.oid as oid1_0_,
        d1_.a_oid as a3_1_0_,
        d1_.version as version1_0_,
        a4_.oid as oid0_1_,
        a4_.name as name0_1_,
        a4_.singleD_oid as singleD4_0_1_,
        a4_.version as version0_1_ 
    from
        A this_ 
    left outer join
        D d1_ 
            on this_.singleD_oid=d1_.oid 
    left outer join
        A a4_ 
            on d1_.oid=a4_.singleD_oid 
    where
        (
            this_.name=?
        )
14:10:38,264 DEBUG BaseGeneralDataRegion:59 - Caching[hibernate.test.org.hibernate.cache.internal.StandardQueryCache] : [sql: select this_.oid as oid0_2_, this_.name as name0_2_, this_.singleD_oid as singleD4_0_2_, this_.version as version0_2_, d1_.oid as oid1_0_, d1_.a_oid as a3_1_0_, d1_.version as version1_0_, a4_.oid as oid0_1_, a4_.name as name0_1_, a4_.singleD_oid as singleD4_0_1_, a4_.version as version0_1_ from A this_ left outer join D d1_ on this_.singleD_oid=d1_.oid left outer join A a4_ on d1_.oid=a4_.singleD_oid where (this_.name=?); parameters: name1, ; transformer: org.hibernate.transform.CacheableResultTransformer@2515197] -> [[5579088847929344, 15]]
14:10:38,264 DEBUG BaseGeneralDataRegion:79 - evict cache[hibernate.test.org.hibernate.test.annotations.naturalid.A]
14:10:38,264 DEBUG BaseGeneralDataRegion:79 - evict cache[hibernate.test.org.hibernate.test.annotations.naturalid.A##NaturalId]
14:10:38,264 DEBUG BaseGeneralDataRegion:59 - Caching[hibernate.test.org.hibernate.cache.spi.UpdateTimestampsCache] : [A] -> [5579089093689345]
14:10:38,264 DEBUG SQL:104 - 
    delete 
    from
        A
14:10:38,265 DEBUG BaseGeneralDataRegion:79 - evict cache[hibernate.test.org.hibernate.test.annotations.naturalid.D]
14:10:38,265 DEBUG BaseGeneralDataRegion:79 - evict cache[hibernate.test.org.hibernate.test.annotations.naturalid.A.ds]
14:10:38,265 DEBUG BaseGeneralDataRegion:59 - Caching[hibernate.test.org.hibernate.cache.spi.UpdateTimestampsCache] : [D] -> [5579089093693440]
14:10:38,265 DEBUG SQL:104 - 
    delete 
    from
        D
14:10:38,266 DEBUG BaseGeneralDataRegion:79 - evict cache[hibernate.test.org.hibernate.test.annotations.naturalid.A]
14:10:38,266 DEBUG BaseGeneralDataRegion:79 - evict cache[hibernate.test.org.hibernate.test.annotations.naturalid.A##NaturalId]
14:10:38,266 DEBUG BaseGeneralDataRegion:79 - evict cache[hibernate.test.org.hibernate.test.annotations.naturalid.D]
14:10:38,266 DEBUG BaseGeneralDataRegion:79 - evict cache[hibernate.test.org.hibernate.test.annotations.naturalid.A.ds]
14:10:38,266 DEBUG BaseGeneralDataRegion:59 - Caching[hibernate.test.org.hibernate.cache.spi.UpdateTimestampsCache] : [D] -> [5579088847937536]
14:10:38,266 DEBUG BaseGeneralDataRegion:59 - Caching[hibernate.test.org.hibernate.cache.spi.UpdateTimestampsCache] : [A] -> [5579088847937536]
14:10:38,270  INFO SchemaExport:343 - HHH000227: Running hbm2ddl schema export
14:10:38,271 DEBUG SchemaExport:353 - Import file not found: /import.sql
14:10:38,271 DEBUG SQL:104 - 
    alter table A 
        drop constraint FK418BFC7541
14:10:38,271 DEBUG SQL:104 - 
    alter table D 
        drop constraint FK44F87B4603
14:10:38,271 DEBUG SQL:104 - 
    drop table A if exists
14:10:38,271 DEBUG SQL:104 - 
    drop table D if exists
14:10:38,272 DEBUG SQL:104 - 
    drop table hibernate_sequences if exists
14:10:38,272  INFO SchemaExport:405 - HHH000230: Schema export complete
14:10:38,272  INFO DriverManagerConnectionProviderImpl:162 - HHH000030: Cleaning up connection pool [jdbc:h2:mem:db1;DB_CLOSE_DELAY=-1;MVCC=TRUE]
]]></system-out>
  <system-err><![CDATA[]]></system-err>
</testsuite>
