<?xml version="1.0" encoding="UTF-8"?>
<testsuite errors="0" failures="0" hostname="dhcp-10.15.208.168.stl.redhat.com" name="org.hibernate.test.event.collection.association.unidirectional.manytomany.UnidirectionalManyToManyBagCollectionEventTest" tests="21" time="1.012" timestamp="2013-02-28T20:12:22">
  <properties />
  <testcase classname="org.hibernate.test.event.collection.association.unidirectional.manytomany.UnidirectionalManyToManyBagCollectionEventTest" name="testDeleteParentAndChild" time="0.067" />
  <testcase classname="org.hibernate.test.event.collection.association.unidirectional.manytomany.UnidirectionalManyToManyBagCollectionEventTest" name="testDeleteParentButNotChild" time="0.032" />
  <testcase classname="org.hibernate.test.event.collection.association.unidirectional.manytomany.UnidirectionalManyToManyBagCollectionEventTest" name="testDeleteParentWithNoChildren" time="0.026" />
  <testcase classname="org.hibernate.test.event.collection.association.unidirectional.manytomany.UnidirectionalManyToManyBagCollectionEventTest" name="testDeleteParentWithNullChildren" time="0.017" />
  <testcase classname="org.hibernate.test.event.collection.association.unidirectional.manytomany.UnidirectionalManyToManyBagCollectionEventTest" name="testMoveAllChildrenToDifferentParent" time="0.079" />
  <testcase classname="org.hibernate.test.event.collection.association.unidirectional.manytomany.UnidirectionalManyToManyBagCollectionEventTest" name="testMoveChildToDifferentParent" time="0.083" />
  <testcase classname="org.hibernate.test.event.collection.association.unidirectional.manytomany.UnidirectionalManyToManyBagCollectionEventTest" name="testMoveCollectionToDifferentParent" time="0.049" />
  <testcase classname="org.hibernate.test.event.collection.association.unidirectional.manytomany.UnidirectionalManyToManyBagCollectionEventTest" name="testMoveCollectionToDifferentParentFlushMoveToDifferentParent" time="0.069" />
  <testcase classname="org.hibernate.test.event.collection.association.unidirectional.manytomany.UnidirectionalManyToManyBagCollectionEventTest" name="testSaveParentEmptyChildren" time="0.039" />
  <testcase classname="org.hibernate.test.event.collection.association.unidirectional.manytomany.UnidirectionalManyToManyBagCollectionEventTest" name="testSaveParentOneChild" time="0.021" />
  <testcase classname="org.hibernate.test.event.collection.association.unidirectional.manytomany.UnidirectionalManyToManyBagCollectionEventTest" name="testUpdateParentNoneToOneChild" time="0.054" />
  <testcase classname="org.hibernate.test.event.collection.association.unidirectional.manytomany.UnidirectionalManyToManyBagCollectionEventTest" name="testUpdateParentNoneToOneChildDiffCollection" time="0.031" />
  <testcase classname="org.hibernate.test.event.collection.association.unidirectional.manytomany.UnidirectionalManyToManyBagCollectionEventTest" name="testUpdateParentNullToOneChild" time="0.021" />
  <testcase classname="org.hibernate.test.event.collection.association.unidirectional.manytomany.UnidirectionalManyToManyBagCollectionEventTest" name="testUpdateParentNullToOneChildDiffCollection" time="0.006" />
  <testcase classname="org.hibernate.test.event.collection.association.unidirectional.manytomany.UnidirectionalManyToManyBagCollectionEventTest" name="testUpdateParentOneChildDiffCollectionDiffChild" time="0.027" />
  <testcase classname="org.hibernate.test.event.collection.association.unidirectional.manytomany.UnidirectionalManyToManyBagCollectionEventTest" name="testUpdateParentOneChildDiffCollectionSameChild" time="0.042" />
  <testcase classname="org.hibernate.test.event.collection.association.unidirectional.manytomany.UnidirectionalManyToManyBagCollectionEventTest" name="testUpdateParentOneChildToNoneByClear" time="0.038" />
  <testcase classname="org.hibernate.test.event.collection.association.unidirectional.manytomany.UnidirectionalManyToManyBagCollectionEventTest" name="testUpdateParentOneChildToNoneByRemove" time="0.048" />
  <testcase classname="org.hibernate.test.event.collection.association.unidirectional.manytomany.UnidirectionalManyToManyBagCollectionEventTest" name="testUpdateParentOneToTwoChildren" time="0.042" />
  <testcase classname="org.hibernate.test.event.collection.association.unidirectional.manytomany.UnidirectionalManyToManyBagCollectionEventTest" name="testUpdateParentOneToTwoSameChildren" time="0.026" />
  <testcase classname="org.hibernate.test.event.collection.association.unidirectional.manytomany.UnidirectionalManyToManyBagCollectionEventTest" name="testUpdateParentTwoChildrenToOne" time="0.075" />
  <system-out><![CDATA[14:12:22,203  INFO CustomRunner:132 - BeforeClass: org.hibernate.test.event.collection.association.unidirectional.manytomany.UnidirectionalManyToManyBagCollectionEventTest
14:12:22,205  INFO Configuration:706 - HHH000221: Reading mappings from resource: org/hibernate/test/event/collection/association/unidirectional/manytomany/UnidirectionalManyToManyBagMapping.hbm.xml
14:12:22,211  INFO DriverManagerConnectionProviderImpl:99 - HHH000402: Using Hibernate built-in connection pool (not for production use!)
14:12:22,211  INFO DriverManagerConnectionProviderImpl:135 - HHH000115: Hibernate connection pool size: 5
14:12:22,211  INFO DriverManagerConnectionProviderImpl:138 - HHH000006: Autocommit mode: false
14:12:22,211  INFO DriverManagerConnectionProviderImpl:153 - HHH000401: using driver [org.h2.Driver] at URL [jdbc:h2:mem:db1;DB_CLOSE_DELAY=-1;MVCC=TRUE]
14:12:22,212  INFO DriverManagerConnectionProviderImpl:158 - HHH000046: Connection properties: {user=sa}
14:12:22,213  INFO Dialect:103 - HHH000400: Using dialect: org.hibernate.dialect.H2Dialect
14:12:22,213  INFO LobCreatorBuilder:94 - HHH000423: Disabling contextual LOB creation as JDBC driver reported JDBC version [3] less than 4
14:12:22,214  INFO TransactionFactoryInitiator:66 - HHH000399: Using default transaction strategy (direct JDBC transactions)
14:12:22,214  INFO ASTQueryTranslatorFactory:48 - HHH000397: Using ASTQueryTranslatorFactory
14:12:22,214  WARN CachingRegionFactory:58 - CachingRegionFactory should be only used for testing.
14:12:22,220  INFO SchemaExport:343 - HHH000227: Running hbm2ddl schema export
14:12:22,220 DEBUG SchemaExport:353 - Import file not found: /import.sql
14:12:22,221 DEBUG SQL:104 - 
    alter table PARENT_CHILD 
        drop constraint FK13A2B5277867B6D7
14:12:22,221 ERROR SchemaExport:425 - HHH000389: Unsuccessful: alter table PARENT_CHILD drop constraint FK13A2B5277867B6D7
14:12:22,221 ERROR SchemaExport:426 - Table "PARENT_CHILD" not found; SQL statement:

    alter table PARENT_CHILD 
        drop constraint FK13A2B5277867B6D7 [42102-145]
14:12:22,221 DEBUG SQL:104 - 
    alter table PARENT_CHILD 
        drop constraint FK13A2B527DE432097
14:12:22,221 ERROR SchemaExport:425 - HHH000389: Unsuccessful: alter table PARENT_CHILD drop constraint FK13A2B527DE432097
14:12:22,231 ERROR SchemaExport:426 - Table "PARENT_CHILD" not found; SQL statement:

    alter table PARENT_CHILD 
        drop constraint FK13A2B527DE432097 [42102-145]
14:12:22,232 DEBUG SQL:104 - 
    drop table CHILD if exists
14:12:22,232 DEBUG SQL:104 - 
    drop table PARENT if exists
14:12:22,232 DEBUG SQL:104 - 
    drop table PARENT_CHILD if exists
14:12:22,232 DEBUG SQL:104 - 
    create table CHILD (
        ID bigint generated by default as identity,
        NAME varchar(255),
        primary key (ID)
    )
14:12:22,233 DEBUG SQL:104 - 
    create table PARENT (
        ID bigint generated by default as identity,
        primary key (ID)
    )
14:12:22,233 DEBUG SQL:104 - 
    create table PARENT_CHILD (
        parent_id bigint not null,
        child_id bigint not null
    )
14:12:22,233 DEBUG SQL:104 - 
    alter table PARENT_CHILD 
        add constraint FK13A2B5277867B6D7 
        foreign key (child_id) 
        references CHILD
14:12:22,234 DEBUG SQL:104 - 
    alter table PARENT_CHILD 
        add constraint FK13A2B527DE432097 
        foreign key (parent_id) 
        references PARENT
14:12:22,234  INFO SchemaExport:405 - HHH000230: Schema export complete
14:12:22,235  WARN SessionFactoryImpl:1554 - HHH000008: JTASessionContext being used with JDBCTransactionFactory; auto-flush will not operate correctly with getCurrentSession()
14:12:22,235  INFO CustomRunner:139 - Test: testDeleteParentAndChild
14:12:22,236 DEBUG SQL:104 - 
    insert 
    into
        PARENT
        (ID) 
    values
        (null)
14:12:22,264 DEBUG SQL:104 - 
    insert 
    into
        CHILD
        (ID, NAME) 
    values
        (null, ?)
14:12:22,265 DEBUG SQL:104 - 
    insert 
    into
        PARENT_CHILD
        (parent_id, child_id) 
    values
        (?, ?)
14:12:22,266 DEBUG SQL:104 - 
    select
        parentwith0_.ID as ID1_0_ 
    from
        PARENT parentwith0_ 
    where
        parentwith0_.ID=?
14:12:22,266 DEBUG SQL:104 - 
    select
        childentit0_.ID as ID0_0_,
        childentit0_.NAME as NAME0_0_ 
    from
        CHILD childentit0_ 
    where
        childentit0_.ID=?
14:12:22,276 DEBUG SQL:104 - 
    select
        children0_.parent_id as parent1_1_1_,
        children0_.child_id as child2_2_1_,
        childentit1_.ID as ID0_0_,
        childentit1_.NAME as NAME0_0_ 
    from
        PARENT_CHILD children0_ 
    inner join
        CHILD childentit1_ 
            on children0_.child_id=childentit1_.ID 
    where
        children0_.parent_id=?
14:12:22,277 DEBUG SQL:104 - 
    delete 
    from
        PARENT_CHILD 
    where
        parent_id=?
14:12:22,277 DEBUG SQL:104 - 
    delete 
    from
        CHILD 
    where
        ID=?
14:12:22,277 DEBUG SQL:104 - 
    delete 
    from
        PARENT 
    where
        ID=?
14:12:22,301 DEBUG SQL:104 - 
    select
        this_.ID as ID0_0_,
        this_.NAME as NAME0_0_ 
    from
        CHILD this_
14:12:22,302 DEBUG SQL:104 - 
    select
        this_.ID as ID1_0_ 
    from
        PARENT this_
14:12:22,302  INFO CustomRunner:139 - Test: testDeleteParentButNotChild
14:12:22,303 DEBUG SQL:104 - 
    insert 
    into
        PARENT
        (ID) 
    values
        (null)
14:12:22,304 DEBUG SQL:104 - 
    insert 
    into
        CHILD
        (ID, NAME) 
    values
        (null, ?)
14:12:22,304 DEBUG SQL:104 - 
    insert 
    into
        PARENT_CHILD
        (parent_id, child_id) 
    values
        (?, ?)
14:12:22,305 DEBUG SQL:104 - 
    select
        parentwith0_.ID as ID1_0_ 
    from
        PARENT parentwith0_ 
    where
        parentwith0_.ID=?
14:12:22,305 DEBUG SQL:104 - 
    select
        childentit0_.ID as ID0_0_,
        childentit0_.NAME as NAME0_0_ 
    from
        CHILD childentit0_ 
    where
        childentit0_.ID=?
14:12:22,305 DEBUG SQL:104 - 
    select
        children0_.parent_id as parent1_1_1_,
        children0_.child_id as child2_2_1_,
        childentit1_.ID as ID0_0_,
        childentit1_.NAME as NAME0_0_ 
    from
        PARENT_CHILD children0_ 
    inner join
        CHILD childentit1_ 
            on children0_.child_id=childentit1_.ID 
    where
        children0_.parent_id=?
14:12:22,318 DEBUG SQL:104 - 
    delete 
    from
        PARENT_CHILD 
    where
        parent_id=?
14:12:22,320 DEBUG SQL:104 - 
    delete 
    from
        PARENT 
    where
        ID=?
14:12:22,321 DEBUG SQL:104 - 
    select
        this_.ID as ID0_0_,
        this_.NAME as NAME0_0_ 
    from
        CHILD this_
14:12:22,321 DEBUG SQL:104 - 
    select
        this_.ID as ID1_0_ 
    from
        PARENT this_
14:12:22,321 DEBUG SQL:104 - 
    delete 
    from
        CHILD 
    where
        ID=?
14:12:22,335  INFO CustomRunner:139 - Test: testDeleteParentWithNoChildren
14:12:22,337 DEBUG SQL:104 - 
    insert 
    into
        PARENT
        (ID) 
    values
        (null)
14:12:22,338 DEBUG SQL:104 - 
    select
        parentwith0_.ID as ID1_0_ 
    from
        PARENT parentwith0_ 
    where
        parentwith0_.ID=?
14:12:22,338 DEBUG SQL:104 - 
    select
        children0_.parent_id as parent1_1_1_,
        children0_.child_id as child2_2_1_,
        childentit1_.ID as ID0_0_,
        childentit1_.NAME as NAME0_0_ 
    from
        PARENT_CHILD children0_ 
    inner join
        CHILD childentit1_ 
            on children0_.child_id=childentit1_.ID 
    where
        children0_.parent_id=?
14:12:22,339 DEBUG SQL:104 - 
    delete 
    from
        PARENT 
    where
        ID=?
14:12:22,339 DEBUG SQL:104 - 
    select
        this_.ID as ID0_0_,
        this_.NAME as NAME0_0_ 
    from
        CHILD this_
14:12:22,340 DEBUG SQL:104 - 
    select
        this_.ID as ID1_0_ 
    from
        PARENT this_
14:12:22,362  INFO CustomRunner:139 - Test: testDeleteParentWithNullChildren
14:12:22,363 DEBUG SQL:104 - 
    insert 
    into
        PARENT
        (ID) 
    values
        (null)
14:12:22,364 DEBUG SQL:104 - 
    select
        parentwith0_.ID as ID1_0_ 
    from
        PARENT parentwith0_ 
    where
        parentwith0_.ID=?
14:12:22,366 DEBUG SQL:104 - 
    select
        children0_.parent_id as parent1_1_1_,
        children0_.child_id as child2_2_1_,
        childentit1_.ID as ID0_0_,
        childentit1_.NAME as NAME0_0_ 
    from
        PARENT_CHILD children0_ 
    inner join
        CHILD childentit1_ 
            on children0_.child_id=childentit1_.ID 
    where
        children0_.parent_id=?
14:12:22,378 DEBUG SQL:104 - 
    delete 
    from
        PARENT 
    where
        ID=?
14:12:22,379 DEBUG SQL:104 - 
    select
        this_.ID as ID0_0_,
        this_.NAME as NAME0_0_ 
    from
        CHILD this_
14:12:22,379 DEBUG SQL:104 - 
    select
        this_.ID as ID1_0_ 
    from
        PARENT this_
14:12:22,380  INFO CustomRunner:139 - Test: testMoveAllChildrenToDifferentParent
14:12:22,381 DEBUG SQL:104 - 
    insert 
    into
        PARENT
        (ID) 
    values
        (null)
14:12:22,381 DEBUG SQL:104 - 
    insert 
    into
        CHILD
        (ID, NAME) 
    values
        (null, ?)
14:12:22,393 DEBUG SQL:104 - 
    insert 
    into
        PARENT_CHILD
        (parent_id, child_id) 
    values
        (?, ?)
14:12:22,394 DEBUG SQL:104 - 
    insert 
    into
        PARENT
        (ID) 
    values
        (null)
14:12:22,395 DEBUG SQL:104 - 
    insert 
    into
        CHILD
        (ID, NAME) 
    values
        (null, ?)
14:12:22,396 DEBUG SQL:104 - 
    insert 
    into
        PARENT_CHILD
        (parent_id, child_id) 
    values
        (?, ?)
14:12:22,407 DEBUG SQL:104 - 
    select
        parentwith0_.ID as ID1_0_ 
    from
        PARENT parentwith0_ 
    where
        parentwith0_.ID=?
14:12:22,408 DEBUG SQL:104 - 
    select
        parentwith0_.ID as ID1_0_ 
    from
        PARENT parentwith0_ 
    where
        parentwith0_.ID=?
14:12:22,408 DEBUG SQL:104 - 
    select
        childentit0_.ID as ID0_0_,
        childentit0_.NAME as NAME0_0_ 
    from
        CHILD childentit0_ 
    where
        childentit0_.ID=?
14:12:22,409 DEBUG SQL:104 - 
    select
        children0_.parent_id as parent1_1_1_,
        children0_.child_id as child2_2_1_,
        childentit1_.ID as ID0_0_,
        childentit1_.NAME as NAME0_0_ 
    from
        PARENT_CHILD children0_ 
    inner join
        CHILD childentit1_ 
            on children0_.child_id=childentit1_.ID 
    where
        children0_.parent_id=?
14:12:22,422 DEBUG SQL:104 - 
    select
        children0_.parent_id as parent1_1_1_,
        children0_.child_id as child2_2_1_,
        childentit1_.ID as ID0_0_,
        childentit1_.NAME as NAME0_0_ 
    from
        PARENT_CHILD children0_ 
    inner join
        CHILD childentit1_ 
            on children0_.child_id=childentit1_.ID 
    where
        children0_.parent_id=?
14:12:22,423 DEBUG SQL:104 - 
    delete 
    from
        PARENT_CHILD 
    where
        parent_id=?
14:12:22,423 DEBUG SQL:104 - 
    delete 
    from
        PARENT_CHILD 
    where
        parent_id=?
14:12:22,438 DEBUG SQL:104 - 
    insert 
    into
        PARENT_CHILD
        (parent_id, child_id) 
    values
        (?, ?)
14:12:22,438 DEBUG SQL:104 - 
    insert 
    into
        PARENT_CHILD
        (parent_id, child_id) 
    values
        (?, ?)
14:12:22,439 DEBUG SQL:104 - 
    select
        this_.ID as ID0_0_,
        this_.NAME as NAME0_0_ 
    from
        CHILD this_
14:12:22,440 DEBUG SQL:104 - 
    select
        this_.ID as ID1_0_ 
    from
        PARENT this_
14:12:22,441 DEBUG SQL:104 - 
    select
        children0_.parent_id as parent1_1_1_,
        children0_.child_id as child2_2_1_,
        childentit1_.ID as ID0_0_,
        childentit1_.NAME as NAME0_0_ 
    from
        PARENT_CHILD children0_ 
    inner join
        CHILD childentit1_ 
            on children0_.child_id=childentit1_.ID 
    where
        children0_.parent_id=?
14:12:22,443 DEBUG SQL:104 - 
    select
        children0_.parent_id as parent1_1_1_,
        children0_.child_id as child2_2_1_,
        childentit1_.ID as ID0_0_,
        childentit1_.NAME as NAME0_0_ 
    from
        PARENT_CHILD children0_ 
    inner join
        CHILD childentit1_ 
            on children0_.child_id=childentit1_.ID 
    where
        children0_.parent_id=?
14:12:22,444 DEBUG SQL:104 - 
    delete 
    from
        PARENT_CHILD 
    where
        parent_id=?
14:12:22,444 DEBUG SQL:104 - 
    delete 
    from
        PARENT 
    where
        ID=?
14:12:22,453 DEBUG SQL:104 - 
    delete 
    from
        PARENT 
    where
        ID=?
14:12:22,453 DEBUG SQL:104 - 
    delete 
    from
        CHILD 
    where
        ID=?
14:12:22,454 DEBUG SQL:104 - 
    delete 
    from
        CHILD 
    where
        ID=?
14:12:22,460  INFO CustomRunner:139 - Test: testMoveChildToDifferentParent
14:12:22,471 DEBUG SQL:104 - 
    insert 
    into
        PARENT
        (ID) 
    values
        (null)
14:12:22,477 DEBUG SQL:104 - 
    insert 
    into
        CHILD
        (ID, NAME) 
    values
        (null, ?)
14:12:22,478 DEBUG SQL:104 - 
    insert 
    into
        PARENT_CHILD
        (parent_id, child_id) 
    values
        (?, ?)
14:12:22,479 DEBUG SQL:104 - 
    insert 
    into
        PARENT
        (ID) 
    values
        (null)
14:12:22,479 DEBUG SQL:104 - 
    insert 
    into
        CHILD
        (ID, NAME) 
    values
        (null, ?)
14:12:22,479 DEBUG SQL:104 - 
    insert 
    into
        PARENT_CHILD
        (parent_id, child_id) 
    values
        (?, ?)
14:12:22,480 DEBUG SQL:104 - 
    select
        parentwith0_.ID as ID1_0_ 
    from
        PARENT parentwith0_ 
    where
        parentwith0_.ID=?
14:12:22,480 DEBUG SQL:104 - 
    select
        parentwith0_.ID as ID1_0_ 
    from
        PARENT parentwith0_ 
    where
        parentwith0_.ID=?
14:12:22,499 DEBUG SQL:104 - 
    select
        childentit0_.ID as ID0_0_,
        childentit0_.NAME as NAME0_0_ 
    from
        CHILD childentit0_ 
    where
        childentit0_.ID=?
14:12:22,500 DEBUG SQL:104 - 
    select
        children0_.parent_id as parent1_1_1_,
        children0_.child_id as child2_2_1_,
        childentit1_.ID as ID0_0_,
        childentit1_.NAME as NAME0_0_ 
    from
        PARENT_CHILD children0_ 
    inner join
        CHILD childentit1_ 
            on children0_.child_id=childentit1_.ID 
    where
        children0_.parent_id=?
14:12:22,501 DEBUG SQL:104 - 
    select
        children0_.parent_id as parent1_1_1_,
        children0_.child_id as child2_2_1_,
        childentit1_.ID as ID0_0_,
        childentit1_.NAME as NAME0_0_ 
    from
        PARENT_CHILD children0_ 
    inner join
        CHILD childentit1_ 
            on children0_.child_id=childentit1_.ID 
    where
        children0_.parent_id=?
14:12:22,509 DEBUG SQL:104 - 
    delete 
    from
        PARENT_CHILD 
    where
        parent_id=?
14:12:22,510 DEBUG SQL:104 - 
    delete 
    from
        PARENT_CHILD 
    where
        parent_id=?
14:12:22,510 DEBUG SQL:104 - 
    insert 
    into
        PARENT_CHILD
        (parent_id, child_id) 
    values
        (?, ?)
14:12:22,510 DEBUG SQL:104 - 
    insert 
    into
        PARENT_CHILD
        (parent_id, child_id) 
    values
        (?, ?)
14:12:22,520 DEBUG SQL:104 - 
    select
        this_.ID as ID0_0_,
        this_.NAME as NAME0_0_ 
    from
        CHILD this_
14:12:22,521 DEBUG SQL:104 - 
    select
        this_.ID as ID1_0_ 
    from
        PARENT this_
14:12:22,521 DEBUG SQL:104 - 
    select
        children0_.parent_id as parent1_1_1_,
        children0_.child_id as child2_2_1_,
        childentit1_.ID as ID0_0_,
        childentit1_.NAME as NAME0_0_ 
    from
        PARENT_CHILD children0_ 
    inner join
        CHILD childentit1_ 
            on children0_.child_id=childentit1_.ID 
    where
        children0_.parent_id=?
14:12:22,522 DEBUG SQL:104 - 
    select
        children0_.parent_id as parent1_1_1_,
        children0_.child_id as child2_2_1_,
        childentit1_.ID as ID0_0_,
        childentit1_.NAME as NAME0_0_ 
    from
        PARENT_CHILD children0_ 
    inner join
        CHILD childentit1_ 
            on children0_.child_id=childentit1_.ID 
    where
        children0_.parent_id=?
14:12:22,533 DEBUG SQL:104 - 
    delete 
    from
        PARENT_CHILD 
    where
        parent_id=?
14:12:22,533 DEBUG SQL:104 - 
    delete 
    from
        PARENT 
    where
        ID=?
14:12:22,534 DEBUG SQL:104 - 
    delete 
    from
        PARENT 
    where
        ID=?
14:12:22,534 DEBUG SQL:104 - 
    delete 
    from
        CHILD 
    where
        ID=?
14:12:22,543 DEBUG SQL:104 - 
    delete 
    from
        CHILD 
    where
        ID=?
14:12:22,544  INFO CustomRunner:139 - Test: testMoveCollectionToDifferentParent
14:12:22,545 DEBUG SQL:104 - 
    insert 
    into
        PARENT
        (ID) 
    values
        (null)
14:12:22,545 DEBUG SQL:104 - 
    insert 
    into
        CHILD
        (ID, NAME) 
    values
        (null, ?)
14:12:22,546 DEBUG SQL:104 - 
    insert 
    into
        PARENT_CHILD
        (parent_id, child_id) 
    values
        (?, ?)
14:12:22,553 DEBUG SQL:104 - 
    insert 
    into
        PARENT
        (ID) 
    values
        (null)
14:12:22,554 DEBUG SQL:104 - 
    insert 
    into
        CHILD
        (ID, NAME) 
    values
        (null, ?)
14:12:22,554 DEBUG SQL:104 - 
    insert 
    into
        PARENT_CHILD
        (parent_id, child_id) 
    values
        (?, ?)
14:12:22,555 DEBUG SQL:104 - 
    select
        parentwith0_.ID as ID1_0_ 
    from
        PARENT parentwith0_ 
    where
        parentwith0_.ID=?
14:12:22,564 DEBUG SQL:104 - 
    select
        parentwith0_.ID as ID1_0_ 
    from
        PARENT parentwith0_ 
    where
        parentwith0_.ID=?
14:12:22,564 DEBUG SQL:104 - 
    select
        children0_.parent_id as parent1_1_1_,
        children0_.child_id as child2_2_1_,
        childentit1_.ID as ID0_0_,
        childentit1_.NAME as NAME0_0_ 
    from
        PARENT_CHILD children0_ 
    inner join
        CHILD childentit1_ 
            on children0_.child_id=childentit1_.ID 
    where
        children0_.parent_id=?
14:12:22,565 DEBUG SQL:104 - 
    delete 
    from
        PARENT_CHILD 
    where
        parent_id=?
14:12:22,565 DEBUG SQL:104 - 
    delete 
    from
        PARENT_CHILD 
    where
        parent_id=?
14:12:22,565 DEBUG SQL:104 - 
    insert 
    into
        PARENT_CHILD
        (parent_id, child_id) 
    values
        (?, ?)
14:12:22,566 DEBUG SQL:104 - 
    select
        this_.ID as ID0_0_,
        this_.NAME as NAME0_0_ 
    from
        CHILD this_
14:12:22,566 DEBUG SQL:104 - 
    select
        this_.ID as ID1_0_ 
    from
        PARENT this_
14:12:22,567 DEBUG SQL:104 - 
    select
        children0_.parent_id as parent1_1_1_,
        children0_.child_id as child2_2_1_,
        childentit1_.ID as ID0_0_,
        childentit1_.NAME as NAME0_0_ 
    from
        PARENT_CHILD children0_ 
    inner join
        CHILD childentit1_ 
            on children0_.child_id=childentit1_.ID 
    where
        children0_.parent_id=?
14:12:22,577 DEBUG SQL:104 - 
    select
        children0_.parent_id as parent1_1_1_,
        children0_.child_id as child2_2_1_,
        childentit1_.ID as ID0_0_,
        childentit1_.NAME as NAME0_0_ 
    from
        PARENT_CHILD children0_ 
    inner join
        CHILD childentit1_ 
            on children0_.child_id=childentit1_.ID 
    where
        children0_.parent_id=?
14:12:22,578 DEBUG SQL:104 - 
    delete 
    from
        PARENT_CHILD 
    where
        parent_id=?
14:12:22,578 DEBUG SQL:104 - 
    delete 
    from
        PARENT 
    where
        ID=?
14:12:22,592 DEBUG SQL:104 - 
    delete 
    from
        PARENT 
    where
        ID=?
14:12:22,592 DEBUG SQL:104 - 
    delete 
    from
        CHILD 
    where
        ID=?
14:12:22,592 DEBUG SQL:104 - 
    delete 
    from
        CHILD 
    where
        ID=?
14:12:22,593  INFO CustomRunner:139 - Test: testMoveCollectionToDifferentParentFlushMoveToDifferentParent
14:12:22,594 DEBUG SQL:104 - 
    insert 
    into
        PARENT
        (ID) 
    values
        (null)
14:12:22,595 DEBUG SQL:104 - 
    insert 
    into
        CHILD
        (ID, NAME) 
    values
        (null, ?)
14:12:22,595 DEBUG SQL:104 - 
    insert 
    into
        PARENT_CHILD
        (parent_id, child_id) 
    values
        (?, ?)
14:12:22,596 DEBUG SQL:104 - 
    insert 
    into
        PARENT
        (ID) 
    values
        (null)
14:12:22,614 DEBUG SQL:104 - 
    insert 
    into
        CHILD
        (ID, NAME) 
    values
        (null, ?)
14:12:22,615 DEBUG SQL:104 - 
    insert 
    into
        PARENT_CHILD
        (parent_id, child_id) 
    values
        (?, ?)
14:12:22,615 DEBUG SQL:104 - 
    insert 
    into
        PARENT
        (ID) 
    values
        (null)
14:12:22,616 DEBUG SQL:104 - 
    select
        parentwith0_.ID as ID1_0_ 
    from
        PARENT parentwith0_ 
    where
        parentwith0_.ID=?
14:12:22,624 DEBUG SQL:104 - 
    select
        parentwith0_.ID as ID1_0_ 
    from
        PARENT parentwith0_ 
    where
        parentwith0_.ID=?
14:12:22,624 DEBUG SQL:104 - 
    select
        parentwith0_.ID as ID1_0_ 
    from
        PARENT parentwith0_ 
    where
        parentwith0_.ID=?
14:12:22,624 DEBUG SQL:104 - 
    select
        children0_.parent_id as parent1_1_1_,
        children0_.child_id as child2_2_1_,
        childentit1_.ID as ID0_0_,
        childentit1_.NAME as NAME0_0_ 
    from
        PARENT_CHILD children0_ 
    inner join
        CHILD childentit1_ 
            on children0_.child_id=childentit1_.ID 
    where
        children0_.parent_id=?
14:12:22,625 DEBUG SQL:104 - 
    delete 
    from
        PARENT_CHILD 
    where
        parent_id=?
14:12:22,641 DEBUG SQL:104 - 
    delete 
    from
        PARENT_CHILD 
    where
        parent_id=?
14:12:22,642 DEBUG SQL:104 - 
    insert 
    into
        PARENT_CHILD
        (parent_id, child_id) 
    values
        (?, ?)
14:12:22,642 DEBUG SQL:104 - 
    delete 
    from
        PARENT_CHILD 
    where
        parent_id=?
14:12:22,642 DEBUG SQL:104 - 
    delete 
    from
        PARENT_CHILD 
    where
        parent_id=?
14:12:22,642 DEBUG SQL:104 - 
    insert 
    into
        PARENT_CHILD
        (parent_id, child_id) 
    values
        (?, ?)
14:12:22,650 DEBUG SQL:104 - 
    select
        this_.ID as ID0_0_,
        this_.NAME as NAME0_0_ 
    from
        CHILD this_
14:12:22,651 DEBUG SQL:104 - 
    select
        this_.ID as ID1_0_ 
    from
        PARENT this_
14:12:22,651 DEBUG SQL:104 - 
    select
        children0_.parent_id as parent1_1_1_,
        children0_.child_id as child2_2_1_,
        childentit1_.ID as ID0_0_,
        childentit1_.NAME as NAME0_0_ 
    from
        PARENT_CHILD children0_ 
    inner join
        CHILD childentit1_ 
            on children0_.child_id=childentit1_.ID 
    where
        children0_.parent_id=?
14:12:22,652 DEBUG SQL:104 - 
    select
        children0_.parent_id as parent1_1_1_,
        children0_.child_id as child2_2_1_,
        childentit1_.ID as ID0_0_,
        childentit1_.NAME as NAME0_0_ 
    from
        PARENT_CHILD children0_ 
    inner join
        CHILD childentit1_ 
            on children0_.child_id=childentit1_.ID 
    where
        children0_.parent_id=?
14:12:22,661 DEBUG SQL:104 - 
    select
        children0_.parent_id as parent1_1_1_,
        children0_.child_id as child2_2_1_,
        childentit1_.ID as ID0_0_,
        childentit1_.NAME as NAME0_0_ 
    from
        PARENT_CHILD children0_ 
    inner join
        CHILD childentit1_ 
            on children0_.child_id=childentit1_.ID 
    where
        children0_.parent_id=?
14:12:22,662 DEBUG SQL:104 - 
    delete 
    from
        PARENT_CHILD 
    where
        parent_id=?
14:12:22,662 DEBUG SQL:104 - 
    delete 
    from
        PARENT 
    where
        ID=?
14:12:22,662 DEBUG SQL:104 - 
    delete 
    from
        PARENT 
    where
        ID=?
14:12:22,663 DEBUG SQL:104 - 
    delete 
    from
        PARENT 
    where
        ID=?
14:12:22,663 DEBUG SQL:104 - 
    delete 
    from
        CHILD 
    where
        ID=?
14:12:22,663 DEBUG SQL:104 - 
    delete 
    from
        CHILD 
    where
        ID=?
14:12:22,664  INFO CustomRunner:139 - Test: testSaveParentEmptyChildren
14:12:22,665 DEBUG SQL:104 - 
    insert 
    into
        PARENT
        (ID) 
    values
        (null)
14:12:22,666 DEBUG SQL:104 - 
    select
        parentwith0_.ID as ID1_0_ 
    from
        PARENT parentwith0_ 
    where
        parentwith0_.ID=?
14:12:22,685 DEBUG SQL:104 - 
    select
        this_.ID as ID0_0_,
        this_.NAME as NAME0_0_ 
    from
        CHILD this_
14:12:22,686 DEBUG SQL:104 - 
    select
        this_.ID as ID1_0_ 
    from
        PARENT this_
14:12:22,686 DEBUG SQL:104 - 
    select
        children0_.parent_id as parent1_1_1_,
        children0_.child_id as child2_2_1_,
        childentit1_.ID as ID0_0_,
        childentit1_.NAME as NAME0_0_ 
    from
        PARENT_CHILD children0_ 
    inner join
        CHILD childentit1_ 
            on children0_.child_id=childentit1_.ID 
    where
        children0_.parent_id=?
14:12:22,687 DEBUG SQL:104 - 
    delete 
    from
        PARENT 
    where
        ID=?
14:12:22,703  INFO CustomRunner:139 - Test: testSaveParentOneChild
14:12:22,704 DEBUG SQL:104 - 
    insert 
    into
        PARENT
        (ID) 
    values
        (null)
14:12:22,705 DEBUG SQL:104 - 
    insert 
    into
        CHILD
        (ID, NAME) 
    values
        (null, ?)
14:12:22,706 DEBUG SQL:104 - 
    insert 
    into
        PARENT_CHILD
        (parent_id, child_id) 
    values
        (?, ?)
14:12:22,706 DEBUG SQL:104 - 
    select
        this_.ID as ID0_0_,
        this_.NAME as NAME0_0_ 
    from
        CHILD this_
14:12:22,707 DEBUG SQL:104 - 
    select
        this_.ID as ID1_0_ 
    from
        PARENT this_
14:12:22,707 DEBUG SQL:104 - 
    select
        children0_.parent_id as parent1_1_1_,
        children0_.child_id as child2_2_1_,
        childentit1_.ID as ID0_0_,
        childentit1_.NAME as NAME0_0_ 
    from
        PARENT_CHILD children0_ 
    inner join
        CHILD childentit1_ 
            on children0_.child_id=childentit1_.ID 
    where
        children0_.parent_id=?
14:12:22,708 DEBUG SQL:104 - 
    delete 
    from
        PARENT_CHILD 
    where
        parent_id=?
14:12:22,708 DEBUG SQL:104 - 
    delete 
    from
        PARENT 
    where
        ID=?
14:12:22,725 DEBUG SQL:104 - 
    delete 
    from
        CHILD 
    where
        ID=?
14:12:22,726  INFO CustomRunner:139 - Test: testUpdateParentNoneToOneChild
14:12:22,727 DEBUG SQL:104 - 
    insert 
    into
        PARENT
        (ID) 
    values
        (null)
14:12:22,728 DEBUG SQL:104 - 
    select
        parentwith0_.ID as ID1_0_ 
    from
        PARENT parentwith0_ 
    where
        parentwith0_.ID=?
14:12:22,728 DEBUG SQL:104 - 
    select
        children0_.parent_id as parent1_1_1_,
        children0_.child_id as child2_2_1_,
        childentit1_.ID as ID0_0_,
        childentit1_.NAME as NAME0_0_ 
    from
        PARENT_CHILD children0_ 
    inner join
        CHILD childentit1_ 
            on children0_.child_id=childentit1_.ID 
    where
        children0_.parent_id=?
14:12:22,741 DEBUG SQL:104 - 
    insert 
    into
        CHILD
        (ID, NAME) 
    values
        (null, ?)
14:12:22,741 DEBUG SQL:104 - 
    insert 
    into
        PARENT_CHILD
        (parent_id, child_id) 
    values
        (?, ?)
14:12:22,742 DEBUG SQL:104 - 
    select
        this_.ID as ID0_0_,
        this_.NAME as NAME0_0_ 
    from
        CHILD this_
14:12:22,742 DEBUG SQL:104 - 
    select
        this_.ID as ID1_0_ 
    from
        PARENT this_
14:12:22,743 DEBUG SQL:104 - 
    select
        children0_.parent_id as parent1_1_1_,
        children0_.child_id as child2_2_1_,
        childentit1_.ID as ID0_0_,
        childentit1_.NAME as NAME0_0_ 
    from
        PARENT_CHILD children0_ 
    inner join
        CHILD childentit1_ 
            on children0_.child_id=childentit1_.ID 
    where
        children0_.parent_id=?
14:12:22,779 DEBUG SQL:104 - 
    delete 
    from
        PARENT_CHILD 
    where
        parent_id=?
14:12:22,779 DEBUG SQL:104 - 
    delete 
    from
        PARENT 
    where
        ID=?
14:12:22,779 DEBUG SQL:104 - 
    delete 
    from
        CHILD 
    where
        ID=?
14:12:22,780  INFO CustomRunner:139 - Test: testUpdateParentNoneToOneChildDiffCollection
14:12:22,781 DEBUG SQL:104 - 
    insert 
    into
        PARENT
        (ID) 
    values
        (null)
14:12:22,782 DEBUG SQL:104 - 
    select
        parentwith0_.ID as ID1_0_ 
    from
        PARENT parentwith0_ 
    where
        parentwith0_.ID=?
14:12:22,783 DEBUG SQL:104 - 
    insert 
    into
        CHILD
        (ID, NAME) 
    values
        (null, ?)
14:12:22,784 DEBUG SQL:104 - 
    delete 
    from
        PARENT_CHILD 
    where
        parent_id=?
14:12:22,784 DEBUG SQL:104 - 
    insert 
    into
        PARENT_CHILD
        (parent_id, child_id) 
    values
        (?, ?)
14:12:22,785 DEBUG SQL:104 - 
    select
        this_.ID as ID0_0_,
        this_.NAME as NAME0_0_ 
    from
        CHILD this_
14:12:22,797 DEBUG SQL:104 - 
    select
        this_.ID as ID1_0_ 
    from
        PARENT this_
14:12:22,797 DEBUG SQL:104 - 
    select
        children0_.parent_id as parent1_1_1_,
        children0_.child_id as child2_2_1_,
        childentit1_.ID as ID0_0_,
        childentit1_.NAME as NAME0_0_ 
    from
        PARENT_CHILD children0_ 
    inner join
        CHILD childentit1_ 
            on children0_.child_id=childentit1_.ID 
    where
        children0_.parent_id=?
14:12:22,798 DEBUG SQL:104 - 
    delete 
    from
        PARENT_CHILD 
    where
        parent_id=?
14:12:22,798 DEBUG SQL:104 - 
    delete 
    from
        PARENT 
    where
        ID=?
14:12:22,798 DEBUG SQL:104 - 
    delete 
    from
        CHILD 
    where
        ID=?
14:12:22,811  INFO CustomRunner:139 - Test: testUpdateParentNullToOneChild
14:12:22,812 DEBUG SQL:104 - 
    insert 
    into
        PARENT
        (ID) 
    values
        (null)
14:12:22,813 DEBUG SQL:104 - 
    select
        parentwith0_.ID as ID1_0_ 
    from
        PARENT parentwith0_ 
    where
        parentwith0_.ID=?
14:12:22,813 DEBUG SQL:104 - 
    select
        children0_.parent_id as parent1_1_1_,
        children0_.child_id as child2_2_1_,
        childentit1_.ID as ID0_0_,
        childentit1_.NAME as NAME0_0_ 
    from
        PARENT_CHILD children0_ 
    inner join
        CHILD childentit1_ 
            on children0_.child_id=childentit1_.ID 
    where
        children0_.parent_id=?
14:12:22,821 DEBUG SQL:104 - 
    insert 
    into
        CHILD
        (ID, NAME) 
    values
        (null, ?)
14:12:22,821 DEBUG SQL:104 - 
    insert 
    into
        PARENT_CHILD
        (parent_id, child_id) 
    values
        (?, ?)
14:12:22,822 DEBUG SQL:104 - 
    select
        this_.ID as ID0_0_,
        this_.NAME as NAME0_0_ 
    from
        CHILD this_
14:12:22,822 DEBUG SQL:104 - 
    select
        this_.ID as ID1_0_ 
    from
        PARENT this_
14:12:22,823 DEBUG SQL:104 - 
    select
        children0_.parent_id as parent1_1_1_,
        children0_.child_id as child2_2_1_,
        childentit1_.ID as ID0_0_,
        childentit1_.NAME as NAME0_0_ 
    from
        PARENT_CHILD children0_ 
    inner join
        CHILD childentit1_ 
            on children0_.child_id=childentit1_.ID 
    where
        children0_.parent_id=?
14:12:22,831 DEBUG SQL:104 - 
    delete 
    from
        PARENT_CHILD 
    where
        parent_id=?
14:12:22,831 DEBUG SQL:104 - 
    delete 
    from
        PARENT 
    where
        ID=?
14:12:22,831 DEBUG SQL:104 - 
    delete 
    from
        CHILD 
    where
        ID=?
14:12:22,896  INFO CustomRunner:139 - Test: testUpdateParentNullToOneChildDiffCollection
14:12:22,897 DEBUG SQL:104 - 
    insert 
    into
        PARENT
        (ID) 
    values
        (null)
14:12:22,898 DEBUG SQL:104 - 
    select
        parentwith0_.ID as ID1_0_ 
    from
        PARENT parentwith0_ 
    where
        parentwith0_.ID=?
14:12:22,899 DEBUG SQL:104 - 
    insert 
    into
        CHILD
        (ID, NAME) 
    values
        (null, ?)
14:12:22,899 DEBUG SQL:104 - 
    delete 
    from
        PARENT_CHILD 
    where
        parent_id=?
14:12:22,900 DEBUG SQL:104 - 
    insert 
    into
        PARENT_CHILD
        (parent_id, child_id) 
    values
        (?, ?)
14:12:22,900 DEBUG SQL:104 - 
    select
        this_.ID as ID0_0_,
        this_.NAME as NAME0_0_ 
    from
        CHILD this_
14:12:22,901 DEBUG SQL:104 - 
    select
        this_.ID as ID1_0_ 
    from
        PARENT this_
14:12:22,901 DEBUG SQL:104 - 
    select
        children0_.parent_id as parent1_1_1_,
        children0_.child_id as child2_2_1_,
        childentit1_.ID as ID0_0_,
        childentit1_.NAME as NAME0_0_ 
    from
        PARENT_CHILD children0_ 
    inner join
        CHILD childentit1_ 
            on children0_.child_id=childentit1_.ID 
    where
        children0_.parent_id=?
14:12:22,902 DEBUG SQL:104 - 
    delete 
    from
        PARENT_CHILD 
    where
        parent_id=?
14:12:22,902 DEBUG SQL:104 - 
    delete 
    from
        PARENT 
    where
        ID=?
14:12:22,902 DEBUG SQL:104 - 
    delete 
    from
        CHILD 
    where
        ID=?
14:12:22,903  INFO CustomRunner:139 - Test: testUpdateParentOneChildDiffCollectionDiffChild
14:12:22,904 DEBUG SQL:104 - 
    insert 
    into
        PARENT
        (ID) 
    values
        (null)
14:12:22,905 DEBUG SQL:104 - 
    insert 
    into
        CHILD
        (ID, NAME) 
    values
        (null, ?)
14:12:22,905 DEBUG SQL:104 - 
    insert 
    into
        PARENT_CHILD
        (parent_id, child_id) 
    values
        (?, ?)
14:12:22,906 DEBUG SQL:104 - 
    select
        parentwith0_.ID as ID1_0_ 
    from
        PARENT parentwith0_ 
    where
        parentwith0_.ID=?
14:12:22,906 DEBUG SQL:104 - 
    select
        childentit0_.ID as ID0_0_,
        childentit0_.NAME as NAME0_0_ 
    from
        CHILD childentit0_ 
    where
        childentit0_.ID=?
14:12:22,907 DEBUG SQL:104 - 
    insert 
    into
        CHILD
        (ID, NAME) 
    values
        (null, ?)
14:12:22,907 DEBUG SQL:104 - 
    delete 
    from
        PARENT_CHILD 
    where
        parent_id=?
14:12:22,907 DEBUG SQL:104 - 
    insert 
    into
        PARENT_CHILD
        (parent_id, child_id) 
    values
        (?, ?)
14:12:22,912 DEBUG SQL:104 - 
    select
        this_.ID as ID0_0_,
        this_.NAME as NAME0_0_ 
    from
        CHILD this_
14:12:22,913 DEBUG SQL:104 - 
    select
        this_.ID as ID1_0_ 
    from
        PARENT this_
14:12:22,914 DEBUG SQL:104 - 
    select
        children0_.parent_id as parent1_1_1_,
        children0_.child_id as child2_2_1_,
        childentit1_.ID as ID0_0_,
        childentit1_.NAME as NAME0_0_ 
    from
        PARENT_CHILD children0_ 
    inner join
        CHILD childentit1_ 
            on children0_.child_id=childentit1_.ID 
    where
        children0_.parent_id=?
14:12:22,915 DEBUG SQL:104 - 
    delete 
    from
        PARENT_CHILD 
    where
        parent_id=?
14:12:22,927 DEBUG SQL:104 - 
    delete 
    from
        PARENT 
    where
        ID=?
14:12:22,928 DEBUG SQL:104 - 
    delete 
    from
        CHILD 
    where
        ID=?
14:12:22,929 DEBUG SQL:104 - 
    delete 
    from
        CHILD 
    where
        ID=?
14:12:22,930  INFO CustomRunner:139 - Test: testUpdateParentOneChildDiffCollectionSameChild
14:12:22,931 DEBUG SQL:104 - 
    insert 
    into
        PARENT
        (ID) 
    values
        (null)
14:12:22,932 DEBUG SQL:104 - 
    insert 
    into
        CHILD
        (ID, NAME) 
    values
        (null, ?)
14:12:22,945 DEBUG SQL:104 - 
    insert 
    into
        PARENT_CHILD
        (parent_id, child_id) 
    values
        (?, ?)
14:12:22,946 DEBUG SQL:104 - 
    select
        parentwith0_.ID as ID1_0_ 
    from
        PARENT parentwith0_ 
    where
        parentwith0_.ID=?
14:12:22,948 DEBUG SQL:104 - 
    select
        childentit0_.ID as ID0_0_,
        childentit0_.NAME as NAME0_0_ 
    from
        CHILD childentit0_ 
    where
        childentit0_.ID=?
14:12:22,949 DEBUG SQL:104 - 
    delete 
    from
        PARENT_CHILD 
    where
        parent_id=?
14:12:22,957 DEBUG SQL:104 - 
    insert 
    into
        PARENT_CHILD
        (parent_id, child_id) 
    values
        (?, ?)
14:12:22,958 DEBUG SQL:104 - 
    select
        this_.ID as ID0_0_,
        this_.NAME as NAME0_0_ 
    from
        CHILD this_
14:12:22,959 DEBUG SQL:104 - 
    select
        this_.ID as ID1_0_ 
    from
        PARENT this_
14:12:22,960 DEBUG SQL:104 - 
    select
        children0_.parent_id as parent1_1_1_,
        children0_.child_id as child2_2_1_,
        childentit1_.ID as ID0_0_,
        childentit1_.NAME as NAME0_0_ 
    from
        PARENT_CHILD children0_ 
    inner join
        CHILD childentit1_ 
            on children0_.child_id=childentit1_.ID 
    where
        children0_.parent_id=?
14:12:22,970 DEBUG SQL:104 - 
    delete 
    from
        PARENT_CHILD 
    where
        parent_id=?
14:12:22,971 DEBUG SQL:104 - 
    delete 
    from
        PARENT 
    where
        ID=?
14:12:22,971 DEBUG SQL:104 - 
    delete 
    from
        CHILD 
    where
        ID=?
14:12:22,972  INFO CustomRunner:139 - Test: testUpdateParentOneChildToNoneByClear
14:12:22,973 DEBUG SQL:104 - 
    insert 
    into
        PARENT
        (ID) 
    values
        (null)
14:12:22,974 DEBUG SQL:104 - 
    insert 
    into
        CHILD
        (ID, NAME) 
    values
        (null, ?)
14:12:22,974 DEBUG SQL:104 - 
    insert 
    into
        PARENT_CHILD
        (parent_id, child_id) 
    values
        (?, ?)
14:12:22,975 DEBUG SQL:104 - 
    select
        parentwith0_.ID as ID1_0_ 
    from
        PARENT parentwith0_ 
    where
        parentwith0_.ID=?
14:12:22,975 DEBUG SQL:104 - 
    select
        childentit0_.ID as ID0_0_,
        childentit0_.NAME as NAME0_0_ 
    from
        CHILD childentit0_ 
    where
        childentit0_.ID=?
14:12:22,975 DEBUG SQL:104 - 
    select
        children0_.parent_id as parent1_1_1_,
        children0_.child_id as child2_2_1_,
        childentit1_.ID as ID0_0_,
        childentit1_.NAME as NAME0_0_ 
    from
        PARENT_CHILD children0_ 
    inner join
        CHILD childentit1_ 
            on children0_.child_id=childentit1_.ID 
    where
        children0_.parent_id=?
14:12:22,987 DEBUG SQL:104 - 
    delete 
    from
        PARENT_CHILD 
    where
        parent_id=?
14:12:22,988 DEBUG SQL:104 - 
    select
        this_.ID as ID0_0_,
        this_.NAME as NAME0_0_ 
    from
        CHILD this_
14:12:22,989 DEBUG SQL:104 - 
    select
        this_.ID as ID1_0_ 
    from
        PARENT this_
14:12:22,989 DEBUG SQL:104 - 
    select
        children0_.parent_id as parent1_1_1_,
        children0_.child_id as child2_2_1_,
        childentit1_.ID as ID0_0_,
        childentit1_.NAME as NAME0_0_ 
    from
        PARENT_CHILD children0_ 
    inner join
        CHILD childentit1_ 
            on children0_.child_id=childentit1_.ID 
    where
        children0_.parent_id=?
14:12:23,009 DEBUG SQL:104 - 
    delete 
    from
        PARENT 
    where
        ID=?
14:12:23,009 DEBUG SQL:104 - 
    delete 
    from
        CHILD 
    where
        ID=?
14:12:23,010  INFO CustomRunner:139 - Test: testUpdateParentOneChildToNoneByRemove
14:12:23,011 DEBUG SQL:104 - 
    insert 
    into
        PARENT
        (ID) 
    values
        (null)
14:12:23,012 DEBUG SQL:104 - 
    insert 
    into
        CHILD
        (ID, NAME) 
    values
        (null, ?)
14:12:23,012 DEBUG SQL:104 - 
    insert 
    into
        PARENT_CHILD
        (parent_id, child_id) 
    values
        (?, ?)
14:12:23,029 DEBUG SQL:104 - 
    select
        parentwith0_.ID as ID1_0_ 
    from
        PARENT parentwith0_ 
    where
        parentwith0_.ID=?
14:12:23,030 DEBUG SQL:104 - 
    select
        childentit0_.ID as ID0_0_,
        childentit0_.NAME as NAME0_0_ 
    from
        CHILD childentit0_ 
    where
        childentit0_.ID=?
14:12:23,030 DEBUG SQL:104 - 
    select
        children0_.parent_id as parent1_1_1_,
        children0_.child_id as child2_2_1_,
        childentit1_.ID as ID0_0_,
        childentit1_.NAME as NAME0_0_ 
    from
        PARENT_CHILD children0_ 
    inner join
        CHILD childentit1_ 
            on children0_.child_id=childentit1_.ID 
    where
        children0_.parent_id=?
14:12:23,031 DEBUG SQL:104 - 
    delete 
    from
        PARENT_CHILD 
    where
        parent_id=?
14:12:23,046 DEBUG SQL:104 - 
    select
        this_.ID as ID0_0_,
        this_.NAME as NAME0_0_ 
    from
        CHILD this_
14:12:23,047 DEBUG SQL:104 - 
    select
        this_.ID as ID1_0_ 
    from
        PARENT this_
14:12:23,047 DEBUG SQL:104 - 
    select
        children0_.parent_id as parent1_1_1_,
        children0_.child_id as child2_2_1_,
        childentit1_.ID as ID0_0_,
        childentit1_.NAME as NAME0_0_ 
    from
        PARENT_CHILD children0_ 
    inner join
        CHILD childentit1_ 
            on children0_.child_id=childentit1_.ID 
    where
        children0_.parent_id=?
14:12:23,048 DEBUG SQL:104 - 
    delete 
    from
        PARENT 
    where
        ID=?
14:12:23,058 DEBUG SQL:104 - 
    delete 
    from
        CHILD 
    where
        ID=?
14:12:23,060  INFO CustomRunner:139 - Test: testUpdateParentOneToTwoChildren
14:12:23,061 DEBUG SQL:104 - 
    insert 
    into
        PARENT
        (ID) 
    values
        (null)
14:12:23,061 DEBUG SQL:104 - 
    insert 
    into
        CHILD
        (ID, NAME) 
    values
        (null, ?)
14:12:23,062 DEBUG SQL:104 - 
    insert 
    into
        PARENT_CHILD
        (parent_id, child_id) 
    values
        (?, ?)
14:12:23,069 DEBUG SQL:104 - 
    select
        parentwith0_.ID as ID1_0_ 
    from
        PARENT parentwith0_ 
    where
        parentwith0_.ID=?
14:12:23,070 DEBUG SQL:104 - 
    select
        children0_.parent_id as parent1_1_1_,
        children0_.child_id as child2_2_1_,
        childentit1_.ID as ID0_0_,
        childentit1_.NAME as NAME0_0_ 
    from
        PARENT_CHILD children0_ 
    inner join
        CHILD childentit1_ 
            on children0_.child_id=childentit1_.ID 
    where
        children0_.parent_id=?
14:12:23,072 DEBUG SQL:104 - 
    insert 
    into
        CHILD
        (ID, NAME) 
    values
        (null, ?)
14:12:23,079 DEBUG SQL:104 - 
    delete 
    from
        PARENT_CHILD 
    where
        parent_id=?
14:12:23,079 DEBUG SQL:104 - 
    insert 
    into
        PARENT_CHILD
        (parent_id, child_id) 
    values
        (?, ?)
14:12:23,079 DEBUG SQL:104 - 
    insert 
    into
        PARENT_CHILD
        (parent_id, child_id) 
    values
        (?, ?)
14:12:23,080 DEBUG SQL:104 - 
    select
        this_.ID as ID0_0_,
        this_.NAME as NAME0_0_ 
    from
        CHILD this_
14:12:23,080 DEBUG SQL:104 - 
    select
        this_.ID as ID1_0_ 
    from
        PARENT this_
14:12:23,090 DEBUG SQL:104 - 
    select
        children0_.parent_id as parent1_1_1_,
        children0_.child_id as child2_2_1_,
        childentit1_.ID as ID0_0_,
        childentit1_.NAME as NAME0_0_ 
    from
        PARENT_CHILD children0_ 
    inner join
        CHILD childentit1_ 
            on children0_.child_id=childentit1_.ID 
    where
        children0_.parent_id=?
14:12:23,091 DEBUG SQL:104 - 
    delete 
    from
        PARENT_CHILD 
    where
        parent_id=?
14:12:23,091 DEBUG SQL:104 - 
    delete 
    from
        PARENT 
    where
        ID=?
14:12:23,092 DEBUG SQL:104 - 
    delete 
    from
        CHILD 
    where
        ID=?
14:12:23,101 DEBUG SQL:104 - 
    delete 
    from
        CHILD 
    where
        ID=?
14:12:23,102  INFO CustomRunner:139 - Test: testUpdateParentOneToTwoSameChildren
14:12:23,103 DEBUG SQL:104 - 
    insert 
    into
        PARENT
        (ID) 
    values
        (null)
14:12:23,104 DEBUG SQL:104 - 
    insert 
    into
        CHILD
        (ID, NAME) 
    values
        (null, ?)
14:12:23,104 DEBUG SQL:104 - 
    insert 
    into
        PARENT_CHILD
        (parent_id, child_id) 
    values
        (?, ?)
14:12:23,105 DEBUG SQL:104 - 
    select
        parentwith0_.ID as ID1_0_ 
    from
        PARENT parentwith0_ 
    where
        parentwith0_.ID=?
14:12:23,105 DEBUG SQL:104 - 
    select
        childentit0_.ID as ID0_0_,
        childentit0_.NAME as NAME0_0_ 
    from
        CHILD childentit0_ 
    where
        childentit0_.ID=?
14:12:23,105 DEBUG SQL:104 - 
    select
        children0_.parent_id as parent1_1_1_,
        children0_.child_id as child2_2_1_,
        childentit1_.ID as ID0_0_,
        childentit1_.NAME as NAME0_0_ 
    from
        PARENT_CHILD children0_ 
    inner join
        CHILD childentit1_ 
            on children0_.child_id=childentit1_.ID 
    where
        children0_.parent_id=?
14:12:23,106 DEBUG SQL:104 - 
    delete 
    from
        PARENT_CHILD 
    where
        parent_id=?
14:12:23,116 DEBUG SQL:104 - 
    insert 
    into
        PARENT_CHILD
        (parent_id, child_id) 
    values
        (?, ?)
14:12:23,118 DEBUG SQL:104 - 
    insert 
    into
        PARENT_CHILD
        (parent_id, child_id) 
    values
        (?, ?)
14:12:23,119 DEBUG SQL:104 - 
    select
        this_.ID as ID0_0_,
        this_.NAME as NAME0_0_ 
    from
        CHILD this_
14:12:23,119 DEBUG SQL:104 - 
    select
        this_.ID as ID1_0_ 
    from
        PARENT this_
14:12:23,120 DEBUG SQL:104 - 
    select
        children0_.parent_id as parent1_1_1_,
        children0_.child_id as child2_2_1_,
        childentit1_.ID as ID0_0_,
        childentit1_.NAME as NAME0_0_ 
    from
        PARENT_CHILD children0_ 
    inner join
        CHILD childentit1_ 
            on children0_.child_id=childentit1_.ID 
    where
        children0_.parent_id=?
14:12:23,127 DEBUG SQL:104 - 
    delete 
    from
        PARENT_CHILD 
    where
        parent_id=?
14:12:23,128 DEBUG SQL:104 - 
    delete 
    from
        PARENT 
    where
        ID=?
14:12:23,128 DEBUG SQL:104 - 
    delete 
    from
        CHILD 
    where
        ID=?
14:12:23,129  INFO CustomRunner:139 - Test: testUpdateParentTwoChildrenToOne
14:12:23,131 DEBUG SQL:104 - 
    insert 
    into
        PARENT
        (ID) 
    values
        (null)
14:12:23,132 DEBUG SQL:104 - 
    insert 
    into
        CHILD
        (ID, NAME) 
    values
        (null, ?)
14:12:23,150 DEBUG SQL:104 - 
    insert 
    into
        PARENT_CHILD
        (parent_id, child_id) 
    values
        (?, ?)
14:12:23,151 DEBUG SQL:104 - 
    select
        parentwith0_.ID as ID1_0_ 
    from
        PARENT parentwith0_ 
    where
        parentwith0_.ID=?
14:12:23,152 DEBUG SQL:104 - 
    select
        children0_.parent_id as parent1_1_1_,
        children0_.child_id as child2_2_1_,
        childentit1_.ID as ID0_0_,
        childentit1_.NAME as NAME0_0_ 
    from
        PARENT_CHILD children0_ 
    inner join
        CHILD childentit1_ 
            on children0_.child_id=childentit1_.ID 
    where
        children0_.parent_id=?
14:12:23,153 DEBUG SQL:104 - 
    insert 
    into
        CHILD
        (ID, NAME) 
    values
        (null, ?)
14:12:23,162 DEBUG SQL:104 - 
    delete 
    from
        PARENT_CHILD 
    where
        parent_id=?
14:12:23,163 DEBUG SQL:104 - 
    insert 
    into
        PARENT_CHILD
        (parent_id, child_id) 
    values
        (?, ?)
14:12:23,163 DEBUG SQL:104 - 
    insert 
    into
        PARENT_CHILD
        (parent_id, child_id) 
    values
        (?, ?)
14:12:23,164 DEBUG SQL:104 - 
    select
        parentwith0_.ID as ID1_0_ 
    from
        PARENT parentwith0_ 
    where
        parentwith0_.ID=?
14:12:23,173 DEBUG SQL:104 - 
    select
        childentit0_.ID as ID0_0_,
        childentit0_.NAME as NAME0_0_ 
    from
        CHILD childentit0_ 
    where
        childentit0_.ID=?
14:12:23,174 DEBUG SQL:104 - 
    select
        children0_.parent_id as parent1_1_1_,
        children0_.child_id as child2_2_1_,
        childentit1_.ID as ID0_0_,
        childentit1_.NAME as NAME0_0_ 
    from
        PARENT_CHILD children0_ 
    inner join
        CHILD childentit1_ 
            on children0_.child_id=childentit1_.ID 
    where
        children0_.parent_id=?
14:12:23,175 DEBUG SQL:104 - 
    delete 
    from
        PARENT_CHILD 
    where
        parent_id=?
14:12:23,176 DEBUG SQL:104 - 
    insert 
    into
        PARENT_CHILD
        (parent_id, child_id) 
    values
        (?, ?)
14:12:23,184 DEBUG SQL:104 - 
    select
        this_.ID as ID0_0_,
        this_.NAME as NAME0_0_ 
    from
        CHILD this_
14:12:23,186 DEBUG SQL:104 - 
    select
        this_.ID as ID1_0_ 
    from
        PARENT this_
14:12:23,186 DEBUG SQL:104 - 
    select
        children0_.parent_id as parent1_1_1_,
        children0_.child_id as child2_2_1_,
        childentit1_.ID as ID0_0_,
        childentit1_.NAME as NAME0_0_ 
    from
        PARENT_CHILD children0_ 
    inner join
        CHILD childentit1_ 
            on children0_.child_id=childentit1_.ID 
    where
        children0_.parent_id=?
14:12:23,187 DEBUG SQL:104 - 
    delete 
    from
        PARENT_CHILD 
    where
        parent_id=?
14:12:23,202 DEBUG SQL:104 - 
    delete 
    from
        PARENT 
    where
        ID=?
14:12:23,204 DEBUG SQL:104 - 
    delete 
    from
        CHILD 
    where
        ID=?
14:12:23,204 DEBUG SQL:104 - 
    delete 
    from
        CHILD 
    where
        ID=?
14:12:23,205  INFO SchemaExport:343 - HHH000227: Running hbm2ddl schema export
14:12:23,206 DEBUG SchemaExport:353 - Import file not found: /import.sql
14:12:23,208 DEBUG SQL:104 - 
    alter table PARENT_CHILD 
        drop constraint FK13A2B5277867B6D7
14:12:23,209 DEBUG SQL:104 - 
    alter table PARENT_CHILD 
        drop constraint FK13A2B527DE432097
14:12:23,209 DEBUG SQL:104 - 
    drop table CHILD if exists
14:12:23,209 DEBUG SQL:104 - 
    drop table PARENT if exists
14:12:23,209 DEBUG SQL:104 - 
    drop table PARENT_CHILD if exists
14:12:23,210  INFO SchemaExport:405 - HHH000230: Schema export complete
14:12:23,210  INFO DriverManagerConnectionProviderImpl:162 - HHH000030: Cleaning up connection pool [jdbc:h2:mem:db1;DB_CLOSE_DELAY=-1;MVCC=TRUE]
]]></system-out>
  <system-err><![CDATA[]]></system-err>
</testsuite>
