<?xml version="1.0" encoding="UTF-8"?>
<testsuite errors="0" failures="0" hostname="dhcp-10.15.208.168.stl.redhat.com" name="org.hibernate.test.generated.TriggerGeneratedValuesWithCachingTest" tests="1" time="0.002" timestamp="2013-02-28T20:12:33">
  <properties />
  <ignored-testcase classname="org.hibernate.test.generated.TriggerGeneratedValuesWithCachingTest" name="testGeneratedProperty" time="0.0" />
  <system-out><![CDATA[14:12:33,361  INFO CustomRunner:132 - BeforeClass: org.hibernate.test.generated.TriggerGeneratedValuesWithCachingTest
]]></system-out>
  <system-err><![CDATA[]]></system-err>
</testsuite>
