<?xml version="1.0" encoding="UTF-8"?>
<testsuite errors="0" failures="0" hostname="dhcp-10.15.208.168.stl.redhat.com" name="org.hibernate.test.typedescriptor.ByteTest" tests="1" time="0.049" timestamp="2013-02-28T20:19:25">
  <properties />
  <testcase classname="org.hibernate.test.typedescriptor.ByteTest" name="testByteDataPersistenceAndRetrieval" time="0.033" />
  <system-out><![CDATA[14:19:25,933  INFO CustomRunner:132 - BeforeClass: org.hibernate.test.typedescriptor.ByteTest
14:19:25,937  INFO DriverManagerConnectionProviderImpl:99 - HHH000402: Using Hibernate built-in connection pool (not for production use!)
14:19:25,937  INFO DriverManagerConnectionProviderImpl:135 - HHH000115: Hibernate connection pool size: 5
14:19:25,937  INFO DriverManagerConnectionProviderImpl:138 - HHH000006: Autocommit mode: false
14:19:25,938  INFO DriverManagerConnectionProviderImpl:153 - HHH000401: using driver [org.h2.Driver] at URL [jdbc:h2:mem:db1;DB_CLOSE_DELAY=-1;MVCC=TRUE]
14:19:25,938  INFO DriverManagerConnectionProviderImpl:158 - HHH000046: Connection properties: {user=sa}
14:19:25,939  INFO Dialect:103 - HHH000400: Using dialect: org.hibernate.dialect.H2Dialect
14:19:25,940  INFO LobCreatorBuilder:94 - HHH000423: Disabling contextual LOB creation as JDBC driver reported JDBC version [3] less than 4
14:19:25,940  INFO TransactionFactoryInitiator:66 - HHH000399: Using default transaction strategy (direct JDBC transactions)
14:19:25,940  INFO ASTQueryTranslatorFactory:48 - HHH000397: Using ASTQueryTranslatorFactory
14:19:25,941  WARN CachingRegionFactory:58 - CachingRegionFactory should be only used for testing.
14:19:25,945  INFO SchemaExport:343 - HHH000227: Running hbm2ddl schema export
14:19:25,946 DEBUG SchemaExport:353 - Import file not found: /import.sql
14:19:25,946 DEBUG SQL:104 - 
    drop table VariousTypesEntity if exists
14:19:25,946 DEBUG SQL:104 - 
    create table VariousTypesEntity (
        id integer not null,
        byteData tinyint not null,
        primary key (id)
    )
14:19:25,946  INFO SchemaExport:405 - HHH000230: Schema export complete
14:19:25,947  WARN SessionFactoryImpl:1554 - HHH000008: JTASessionContext being used with JDBCTransactionFactory; auto-flush will not operate correctly with getCurrentSession()
14:19:25,947  INFO CustomRunner:139 - Test: testByteDataPersistenceAndRetrieval
14:19:25,948 DEBUG SQL:104 - 
    insert 
    into
        VariousTypesEntity
        (byteData, id) 
    values
        (?, ?)
14:19:25,949 DEBUG QueryTranslatorImpl:265 - parse() - HQL:  from org.hibernate.test.typedescriptor.VariousTypesEntity  where byteData = org.hibernate.test.typedescriptor.ByteTest.TEST_VALUE 
14:19:25,966 DEBUG QueryTranslatorImpl:283 - --- HQL AST ---
 \-[QUERY] Node: 'query'
    +-[SELECT_FROM] Node: 'SELECT_FROM'
    |  \-[FROM] Node: 'from'
    |     \-[RANGE] Node: 'RANGE'
    |        \-[DOT] Node: '.'
    |           +-[DOT] Node: '.'
    |           |  +-[DOT] Node: '.'
    |           |  |  +-[DOT] Node: '.'
    |           |  |  |  +-[IDENT] Node: 'org'
    |           |  |  |  \-[IDENT] Node: 'hibernate'
    |           |  |  \-[IDENT] Node: 'test'
    |           |  \-[IDENT] Node: 'typedescriptor'
    |           \-[IDENT] Node: 'VariousTypesEntity'
    \-[WHERE] Node: 'where'
       \-[EQ] Node: '='
          +-[IDENT] Node: 'byteData'
          \-[JAVA_CONSTANT] Node: 'org.hibernate.test.typedescriptor.ByteTest.TEST_VALUE'

14:19:25,967 DEBUG ErrorCounter:82 - throwQueryException() : no errors
14:19:25,967 DEBUG FromElement:157 - FromClause{level=1} : org.hibernate.test.typedescriptor.VariousTypesEntity (<no alias>) -> varioustyp0_
14:19:25,967 DEBUG FromReferenceNode:74 - Resolved : {synthetic-alias} -> {synthetic-alias}
14:19:25,967 DEBUG DotNode:599 - getDataType() : byteData -> org.hibernate.type.ByteType@651acc73
14:19:25,968 DEBUG FromReferenceNode:74 - Resolved : {synthetic-alias}.byteData -> varioustyp0_.byteData
14:19:25,968 DEBUG HqlSqlWalker:629 - processQuery() :  ( SELECT ( FromClause{level=1} VariousTypesEntity varioustyp0_ ) ( where ( = ( varioustyp0_.byteData {synthetic-alias} byteData ) org.hibernate.test.typedescriptor.ByteTest.TEST_VALUE ) ) )
14:19:25,968 DEBUG HqlSqlWalker:869 - Derived SELECT clause created.
14:19:25,968 DEBUG JoinProcessor:175 - Using FROM fragment [VariousTypesEntity varioustyp0_]
14:19:25,969 DEBUG QueryTranslatorImpl:252 - --- SQL AST ---
 \-[SELECT] QueryNode: 'SELECT'  querySpaces (VariousTypesEntity)
    +-[SELECT_CLAUSE] SelectClause: '{derived select clause}'
    |  +-[SELECT_EXPR] SelectExpressionImpl: 'varioustyp0_.id as id0_' {FromElement{explicit,not a collection join,not a fetch join,fetch non-lazy properties,classAlias=null,role=null,tableName=VariousTypesEntity,tableAlias=varioustyp0_,origin=null,columns={,className=org.hibernate.test.typedescriptor.VariousTypesEntity}}}
    |  \-[SQL_TOKEN] SqlFragment: 'varioustyp0_.byteData as byteData0_'
    +-[FROM] FromClause: 'from' FromClause{level=1, fromElementCounter=1, fromElements=1, fromElementByClassAlias=[], fromElementByTableAlias=[varioustyp0_], fromElementsByPath=[], collectionJoinFromElementsByPath=[], impliedElements=[]}
    |  \-[FROM_FRAGMENT] FromElement: 'VariousTypesEntity varioustyp0_' FromElement{explicit,not a collection join,not a fetch join,fetch non-lazy properties,classAlias=null,role=null,tableName=VariousTypesEntity,tableAlias=varioustyp0_,origin=null,columns={,className=org.hibernate.test.typedescriptor.VariousTypesEntity}}
    \-[WHERE] SqlNode: 'where'
       \-[EQ] BinaryLogicOperatorNode: '='
          +-[DOT] DotNode: 'varioustyp0_.byteData' {propertyName=byteData,dereferenceType=ALL,propertyPath=byteData,path={synthetic-alias}.byteData,tableAlias=varioustyp0_,className=org.hibernate.test.typedescriptor.VariousTypesEntity,classAlias=null}
          |  +-[IDENT] IdentNode: '{synthetic-alias}' {originalText={synthetic-alias}}
          |  \-[IDENT] IdentNode: 'byteData' {originalText=byteData}
          \-[JAVA_CONSTANT] JavaConstantNode: 'org.hibernate.test.typedescriptor.ByteTest.TEST_VALUE'

14:19:25,969 DEBUG ErrorCounter:82 - throwQueryException() : no errors
14:19:25,969 DEBUG QueryTranslatorImpl:235 - HQL:  from org.hibernate.test.typedescriptor.VariousTypesEntity  where byteData = org.hibernate.test.typedescriptor.ByteTest.TEST_VALUE 
14:19:25,969 DEBUG QueryTranslatorImpl:236 - SQL: select varioustyp0_.id as id0_, varioustyp0_.byteData as byteData0_ from VariousTypesEntity varioustyp0_ where varioustyp0_.byteData=65
14:19:25,969 DEBUG ErrorCounter:82 - throwQueryException() : no errors
14:19:25,970 DEBUG SQL:104 - 
    select
        varioustyp0_.id as id0_,
        varioustyp0_.byteData as byteData0_ 
    from
        VariousTypesEntity varioustyp0_ 
    where
        varioustyp0_.byteData=65
14:19:25,970 DEBUG SQL:104 - 
    update
        VariousTypesEntity 
    set
        byteData=? 
    where
        id=?
14:19:25,971 DEBUG QueryTranslatorImpl:265 - parse() - HQL:  from org.hibernate.test.typedescriptor.VariousTypesEntity  where byteData = java.lang.Byte.MIN_VALUE 
14:19:25,972 DEBUG QueryTranslatorImpl:283 - --- HQL AST ---
 \-[QUERY] Node: 'query'
    +-[SELECT_FROM] Node: 'SELECT_FROM'
    |  \-[FROM] Node: 'from'
    |     \-[RANGE] Node: 'RANGE'
    |        \-[DOT] Node: '.'
    |           +-[DOT] Node: '.'
    |           |  +-[DOT] Node: '.'
    |           |  |  +-[DOT] Node: '.'
    |           |  |  |  +-[IDENT] Node: 'org'
    |           |  |  |  \-[IDENT] Node: 'hibernate'
    |           |  |  \-[IDENT] Node: 'test'
    |           |  \-[IDENT] Node: 'typedescriptor'
    |           \-[IDENT] Node: 'VariousTypesEntity'
    \-[WHERE] Node: 'where'
       \-[EQ] Node: '='
          +-[IDENT] Node: 'byteData'
          \-[JAVA_CONSTANT] Node: 'java.lang.Byte.MIN_VALUE'

14:19:25,972 DEBUG ErrorCounter:82 - throwQueryException() : no errors
14:19:25,972 DEBUG FromElement:157 - FromClause{level=1} : org.hibernate.test.typedescriptor.VariousTypesEntity (<no alias>) -> varioustyp0_
14:19:25,973 DEBUG FromReferenceNode:74 - Resolved : {synthetic-alias} -> {synthetic-alias}
14:19:25,973 DEBUG DotNode:599 - getDataType() : byteData -> org.hibernate.type.ByteType@651acc73
14:19:25,973 DEBUG FromReferenceNode:74 - Resolved : {synthetic-alias}.byteData -> varioustyp0_.byteData
14:19:25,973 DEBUG HqlSqlWalker:629 - processQuery() :  ( SELECT ( FromClause{level=1} VariousTypesEntity varioustyp0_ ) ( where ( = ( varioustyp0_.byteData {synthetic-alias} byteData ) java.lang.Byte.MIN_VALUE ) ) )
14:19:25,973 DEBUG HqlSqlWalker:869 - Derived SELECT clause created.
14:19:25,973 DEBUG JoinProcessor:175 - Using FROM fragment [VariousTypesEntity varioustyp0_]
14:19:25,974 DEBUG QueryTranslatorImpl:252 - --- SQL AST ---
 \-[SELECT] QueryNode: 'SELECT'  querySpaces (VariousTypesEntity)
    +-[SELECT_CLAUSE] SelectClause: '{derived select clause}'
    |  +-[SELECT_EXPR] SelectExpressionImpl: 'varioustyp0_.id as id0_' {FromElement{explicit,not a collection join,not a fetch join,fetch non-lazy properties,classAlias=null,role=null,tableName=VariousTypesEntity,tableAlias=varioustyp0_,origin=null,columns={,className=org.hibernate.test.typedescriptor.VariousTypesEntity}}}
    |  \-[SQL_TOKEN] SqlFragment: 'varioustyp0_.byteData as byteData0_'
    +-[FROM] FromClause: 'from' FromClause{level=1, fromElementCounter=1, fromElements=1, fromElementByClassAlias=[], fromElementByTableAlias=[varioustyp0_], fromElementsByPath=[], collectionJoinFromElementsByPath=[], impliedElements=[]}
    |  \-[FROM_FRAGMENT] FromElement: 'VariousTypesEntity varioustyp0_' FromElement{explicit,not a collection join,not a fetch join,fetch non-lazy properties,classAlias=null,role=null,tableName=VariousTypesEntity,tableAlias=varioustyp0_,origin=null,columns={,className=org.hibernate.test.typedescriptor.VariousTypesEntity}}
    \-[WHERE] SqlNode: 'where'
       \-[EQ] BinaryLogicOperatorNode: '='
          +-[DOT] DotNode: 'varioustyp0_.byteData' {propertyName=byteData,dereferenceType=ALL,propertyPath=byteData,path={synthetic-alias}.byteData,tableAlias=varioustyp0_,className=org.hibernate.test.typedescriptor.VariousTypesEntity,classAlias=null}
          |  +-[IDENT] IdentNode: '{synthetic-alias}' {originalText={synthetic-alias}}
          |  \-[IDENT] IdentNode: 'byteData' {originalText=byteData}
          \-[JAVA_CONSTANT] JavaConstantNode: 'java.lang.Byte.MIN_VALUE'

14:19:25,974 DEBUG ErrorCounter:82 - throwQueryException() : no errors
14:19:25,974 DEBUG QueryTranslatorImpl:235 - HQL:  from org.hibernate.test.typedescriptor.VariousTypesEntity  where byteData = java.lang.Byte.MIN_VALUE 
14:19:25,974 DEBUG QueryTranslatorImpl:236 - SQL: select varioustyp0_.id as id0_, varioustyp0_.byteData as byteData0_ from VariousTypesEntity varioustyp0_ where varioustyp0_.byteData=-128
14:19:25,974 DEBUG ErrorCounter:82 - throwQueryException() : no errors
14:19:25,974 DEBUG SQL:104 - 
    select
        varioustyp0_.id as id0_,
        varioustyp0_.byteData as byteData0_ 
    from
        VariousTypesEntity varioustyp0_ 
    where
        varioustyp0_.byteData=-128
14:19:25,975 DEBUG SQL:104 - 
    update
        VariousTypesEntity 
    set
        byteData=? 
    where
        id=?
14:19:25,976 DEBUG QueryTranslatorImpl:265 - parse() - HQL:  from org.hibernate.test.typedescriptor.VariousTypesEntity  where byteData = java.lang.Byte.MAX_VALUE 
14:19:25,977 DEBUG QueryTranslatorImpl:283 - --- HQL AST ---
 \-[QUERY] Node: 'query'
    +-[SELECT_FROM] Node: 'SELECT_FROM'
    |  \-[FROM] Node: 'from'
    |     \-[RANGE] Node: 'RANGE'
    |        \-[DOT] Node: '.'
    |           +-[DOT] Node: '.'
    |           |  +-[DOT] Node: '.'
    |           |  |  +-[DOT] Node: '.'
    |           |  |  |  +-[IDENT] Node: 'org'
    |           |  |  |  \-[IDENT] Node: 'hibernate'
    |           |  |  \-[IDENT] Node: 'test'
    |           |  \-[IDENT] Node: 'typedescriptor'
    |           \-[IDENT] Node: 'VariousTypesEntity'
    \-[WHERE] Node: 'where'
       \-[EQ] Node: '='
          +-[IDENT] Node: 'byteData'
          \-[JAVA_CONSTANT] Node: 'java.lang.Byte.MAX_VALUE'

14:19:25,977 DEBUG ErrorCounter:82 - throwQueryException() : no errors
14:19:25,977 DEBUG FromElement:157 - FromClause{level=1} : org.hibernate.test.typedescriptor.VariousTypesEntity (<no alias>) -> varioustyp0_
14:19:25,977 DEBUG FromReferenceNode:74 - Resolved : {synthetic-alias} -> {synthetic-alias}
14:19:25,977 DEBUG DotNode:599 - getDataType() : byteData -> org.hibernate.type.ByteType@651acc73
14:19:25,978 DEBUG FromReferenceNode:74 - Resolved : {synthetic-alias}.byteData -> varioustyp0_.byteData
14:19:25,978 DEBUG HqlSqlWalker:629 - processQuery() :  ( SELECT ( FromClause{level=1} VariousTypesEntity varioustyp0_ ) ( where ( = ( varioustyp0_.byteData {synthetic-alias} byteData ) java.lang.Byte.MAX_VALUE ) ) )
14:19:25,978 DEBUG HqlSqlWalker:869 - Derived SELECT clause created.
14:19:25,978 DEBUG JoinProcessor:175 - Using FROM fragment [VariousTypesEntity varioustyp0_]
14:19:25,978 DEBUG QueryTranslatorImpl:252 - --- SQL AST ---
 \-[SELECT] QueryNode: 'SELECT'  querySpaces (VariousTypesEntity)
    +-[SELECT_CLAUSE] SelectClause: '{derived select clause}'
    |  +-[SELECT_EXPR] SelectExpressionImpl: 'varioustyp0_.id as id0_' {FromElement{explicit,not a collection join,not a fetch join,fetch non-lazy properties,classAlias=null,role=null,tableName=VariousTypesEntity,tableAlias=varioustyp0_,origin=null,columns={,className=org.hibernate.test.typedescriptor.VariousTypesEntity}}}
    |  \-[SQL_TOKEN] SqlFragment: 'varioustyp0_.byteData as byteData0_'
    +-[FROM] FromClause: 'from' FromClause{level=1, fromElementCounter=1, fromElements=1, fromElementByClassAlias=[], fromElementByTableAlias=[varioustyp0_], fromElementsByPath=[], collectionJoinFromElementsByPath=[], impliedElements=[]}
    |  \-[FROM_FRAGMENT] FromElement: 'VariousTypesEntity varioustyp0_' FromElement{explicit,not a collection join,not a fetch join,fetch non-lazy properties,classAlias=null,role=null,tableName=VariousTypesEntity,tableAlias=varioustyp0_,origin=null,columns={,className=org.hibernate.test.typedescriptor.VariousTypesEntity}}
    \-[WHERE] SqlNode: 'where'
       \-[EQ] BinaryLogicOperatorNode: '='
          +-[DOT] DotNode: 'varioustyp0_.byteData' {propertyName=byteData,dereferenceType=ALL,propertyPath=byteData,path={synthetic-alias}.byteData,tableAlias=varioustyp0_,className=org.hibernate.test.typedescriptor.VariousTypesEntity,classAlias=null}
          |  +-[IDENT] IdentNode: '{synthetic-alias}' {originalText={synthetic-alias}}
          |  \-[IDENT] IdentNode: 'byteData' {originalText=byteData}
          \-[JAVA_CONSTANT] JavaConstantNode: 'java.lang.Byte.MAX_VALUE'

14:19:25,978 DEBUG ErrorCounter:82 - throwQueryException() : no errors
14:19:25,978 DEBUG QueryTranslatorImpl:235 - HQL:  from org.hibernate.test.typedescriptor.VariousTypesEntity  where byteData = java.lang.Byte.MAX_VALUE 
14:19:25,979 DEBUG QueryTranslatorImpl:236 - SQL: select varioustyp0_.id as id0_, varioustyp0_.byteData as byteData0_ from VariousTypesEntity varioustyp0_ where varioustyp0_.byteData=127
14:19:25,979 DEBUG ErrorCounter:82 - throwQueryException() : no errors
14:19:25,979 DEBUG SQL:104 - 
    select
        varioustyp0_.id as id0_,
        varioustyp0_.byteData as byteData0_ 
    from
        VariousTypesEntity varioustyp0_ 
    where
        varioustyp0_.byteData=127
14:19:25,980  INFO SchemaExport:343 - HHH000227: Running hbm2ddl schema export
14:19:25,981 DEBUG SchemaExport:353 - Import file not found: /import.sql
14:19:25,981 DEBUG SQL:104 - 
    drop table VariousTypesEntity if exists
14:19:25,981  INFO SchemaExport:405 - HHH000230: Schema export complete
14:19:25,981  INFO DriverManagerConnectionProviderImpl:162 - HHH000030: Cleaning up connection pool [jdbc:h2:mem:db1;DB_CLOSE_DELAY=-1;MVCC=TRUE]
]]></system-out>
  <system-err><![CDATA[]]></system-err>
</testsuite>
