<?xml version="1.0" encoding="UTF-8"?>
<testsuite errors="0" failures="0" hostname="dhcp-10.15.208.168.stl.redhat.com" name="org.hibernate.test.jdbc.internal.BatchingTest" tests="2" time="0.067" timestamp="2013-02-28T20:14:48">
  <properties />
  <testcase classname="org.hibernate.test.jdbc.internal.BatchingTest" name="testBatchingUsage" time="0.003" />
  <testcase classname="org.hibernate.test.jdbc.internal.BatchingTest" name="testNonBatchingUsage" time="0.001" />
  <system-out><![CDATA[14:14:48,611  INFO CustomRunner:132 - BeforeClass: org.hibernate.test.jdbc.internal.BatchingTest
14:14:48,613  INFO DriverManagerConnectionProviderImpl:99 - HHH000402: Using Hibernate built-in connection pool (not for production use!)
14:14:48,614  INFO DriverManagerConnectionProviderImpl:135 - HHH000115: Hibernate connection pool size: 5
14:14:48,614  INFO DriverManagerConnectionProviderImpl:138 - HHH000006: Autocommit mode: false
14:14:48,614  INFO DriverManagerConnectionProviderImpl:153 - HHH000401: using driver [org.h2.Driver] at URL [jdbc:h2:mem:db1;DB_CLOSE_DELAY=-1;MVCC=TRUE]
14:14:48,614  INFO DriverManagerConnectionProviderImpl:158 - HHH000046: Connection properties: {user=sa}
14:14:48,615  INFO Dialect:103 - HHH000400: Using dialect: org.hibernate.dialect.H2Dialect
14:14:48,616  INFO LobCreatorBuilder:94 - HHH000423: Disabling contextual LOB creation as JDBC driver reported JDBC version [3] less than 4
14:14:48,616  INFO TransactionFactoryInitiator:66 - HHH000399: Using default transaction strategy (direct JDBC transactions)
14:14:48,617  INFO ASTQueryTranslatorFactory:48 - HHH000397: Using ASTQueryTranslatorFactory
14:14:48,617  WARN CachingRegionFactory:58 - CachingRegionFactory should be only used for testing.
14:14:48,620  INFO SchemaExport:343 - HHH000227: Running hbm2ddl schema export
14:14:48,620 DEBUG SchemaExport:353 - Import file not found: /import.sql
14:14:48,621  INFO SchemaExport:405 - HHH000230: Schema export complete
14:14:48,621  WARN SessionFactoryImpl:1554 - HHH000008: JTASessionContext being used with JDBCTransactionFactory; auto-flush will not operate correctly with getCurrentSession()
14:14:48,621  INFO CustomRunner:139 - Test: testBatchingUsage
14:14:48,623 DEBUG SQL:104 - 
    drop table SANDBOX_JDBC_TST if exists
14:14:48,623 DEBUG SQL:104 - 
    create table SANDBOX_JDBC_TST ( ID integer, NAME varchar(100) )
14:14:48,624 DEBUG SQL:104 - 
    insert 
    into
        SANDBOX_JDBC_TST
        ( ID, NAME ) 
    values
        ( ?, ? )
14:14:48,625 DEBUG SQL:104 - 
    insert 
    into
        SANDBOX_JDBC_TST
        ( ID, NAME ) 
    values
        ( ?, ? )
14:14:48,625  INFO CustomRunner:139 - Test: testNonBatchingUsage
14:14:48,626 DEBUG SQL:104 - 
    drop table SANDBOX_JDBC_TST if exists
14:14:48,626 DEBUG SQL:104 - 
    create table SANDBOX_JDBC_TST ( ID integer, NAME varchar(100) )
14:14:48,627 DEBUG SQL:104 - 
    insert 
    into
        SANDBOX_JDBC_TST
        ( ID, NAME ) 
    values
        ( ?, ? )
14:14:48,627  INFO SchemaExport:343 - HHH000227: Running hbm2ddl schema export
14:14:48,628 DEBUG SchemaExport:353 - Import file not found: /import.sql
14:14:48,628  INFO SchemaExport:405 - HHH000230: Schema export complete
14:14:48,629  INFO DriverManagerConnectionProviderImpl:162 - HHH000030: Cleaning up connection pool [jdbc:h2:mem:db1;DB_CLOSE_DELAY=-1;MVCC=TRUE]
]]></system-out>
  <system-err><![CDATA[]]></system-err>
</testsuite>
