<?xml version="1.0" encoding="UTF-8"?>
<testsuite errors="0" failures="0" hostname="dhcp-10.15.208.168.stl.redhat.com" name="org.hibernate.test.annotations.engine.collection.UnidirCollectionWithMultipleOwnerTest" tests="1" time="0.068" timestamp="2013-02-28T20:10:22">
  <properties />
  <testcase classname="org.hibernate.test.annotations.engine.collection.UnidirCollectionWithMultipleOwnerTest" name="testUnidirCollectionWithMultipleOwner" time="0.01" />
  <system-out><![CDATA[14:10:22,541  INFO CustomRunner:132 - BeforeClass: org.hibernate.test.annotations.engine.collection.UnidirCollectionWithMultipleOwnerTest
14:10:22,549  INFO DriverManagerConnectionProviderImpl:99 - HHH000402: Using Hibernate built-in connection pool (not for production use!)
14:10:22,549  INFO DriverManagerConnectionProviderImpl:135 - HHH000115: Hibernate connection pool size: 5
14:10:22,549  INFO DriverManagerConnectionProviderImpl:138 - HHH000006: Autocommit mode: false
14:10:22,549  INFO DriverManagerConnectionProviderImpl:153 - HHH000401: using driver [org.h2.Driver] at URL [jdbc:h2:mem:db1;DB_CLOSE_DELAY=-1;MVCC=TRUE]
14:10:22,550  INFO DriverManagerConnectionProviderImpl:158 - HHH000046: Connection properties: {user=sa}
14:10:22,551  INFO Dialect:103 - HHH000400: Using dialect: org.hibernate.dialect.H2Dialect
14:10:22,551  INFO LobCreatorBuilder:94 - HHH000423: Disabling contextual LOB creation as JDBC driver reported JDBC version [3] less than 4
14:10:22,552  INFO TransactionFactoryInitiator:66 - HHH000399: Using default transaction strategy (direct JDBC transactions)
14:10:22,552  INFO ASTQueryTranslatorFactory:48 - HHH000397: Using ASTQueryTranslatorFactory
14:10:22,552  WARN CachingRegionFactory:58 - CachingRegionFactory should be only used for testing.
14:10:22,575  INFO SchemaExport:343 - HHH000227: Running hbm2ddl schema export
14:10:22,576 DEBUG SchemaExport:353 - Import file not found: /import.sql
14:10:22,576 DEBUG SQL:104 - 
    alter table co_son 
        drop constraint FKAF38E33FA50263BE
14:10:22,576 ERROR SchemaExport:425 - HHH000389: Unsuccessful: alter table co_son drop constraint FKAF38E33FA50263BE
14:10:22,576 ERROR SchemaExport:426 - Table "CO_SON" not found; SQL statement:

    alter table co_son 
        drop constraint FKAF38E33FA50263BE [42102-145]
14:10:22,579 DEBUG SQL:104 - 
    alter table co_son 
        drop constraint FKAF38E33F6DE9165E
14:10:22,579 ERROR SchemaExport:425 - HHH000389: Unsuccessful: alter table co_son drop constraint FKAF38E33F6DE9165E
14:10:22,579 ERROR SchemaExport:426 - Table "CO_SON" not found; SQL statement:

    alter table co_son 
        drop constraint FKAF38E33F6DE9165E [42102-145]
14:10:22,580 DEBUG SQL:104 - 
    drop table co_father if exists
14:10:22,580 DEBUG SQL:104 - 
    drop table co_mother if exists
14:10:22,580 DEBUG SQL:104 - 
    drop table co_son if exists
14:10:22,580 DEBUG SQL:104 - 
    drop sequence hibernate_sequence
14:10:22,580 ERROR SchemaExport:425 - HHH000389: Unsuccessful: drop sequence hibernate_sequence
14:10:22,580 ERROR SchemaExport:426 - Sequence "HIBERNATE_SEQUENCE" not found; SQL statement:

    drop sequence hibernate_sequence [90036-145]
14:10:22,581 DEBUG SQL:104 - 
    create table co_father (
        id integer not null,
        primary key (id)
    )
14:10:22,582 DEBUG SQL:104 - 
    create table co_mother (
        id integer not null,
        primary key (id)
    )
14:10:22,582 DEBUG SQL:104 - 
    create table co_son (
        id integer not null,
        father_id integer not null,
        mother_id integer,
        son_arriv integer,
        primary key (id)
    )
14:10:22,583 DEBUG SQL:104 - 
    alter table co_son 
        add constraint FKAF38E33FA50263BE 
        foreign key (father_id) 
        references co_father
14:10:22,584 DEBUG SQL:104 - 
    alter table co_son 
        add constraint FKAF38E33F6DE9165E 
        foreign key (mother_id) 
        references co_mother
14:10:22,584 DEBUG SQL:104 - 
    create sequence hibernate_sequence start with 1 increment by 1
14:10:22,585  INFO SchemaExport:405 - HHH000230: Schema export complete
14:10:22,586  WARN SessionFactoryImpl:1554 - HHH000008: JTASessionContext being used with JDBCTransactionFactory; auto-flush will not operate correctly with getCurrentSession()
14:10:22,586  INFO CustomRunner:139 - Test: testUnidirCollectionWithMultipleOwner
14:10:22,587 DEBUG SQL:104 - 
    call next value for hibernate_sequence
14:10:22,588 DEBUG SQL:104 - 
    call next value for hibernate_sequence
14:10:22,589 DEBUG SQL:104 - 
    call next value for hibernate_sequence
14:10:22,590 DEBUG SQL:104 - 
    insert 
    into
        co_father
        (id) 
    values
        (?)
14:10:22,591 DEBUG SQL:104 - 
    insert 
    into
        co_mother
        (id) 
    values
        (?)
14:10:22,591 DEBUG SQL:104 - 
    insert 
    into
        co_son
        (mother_id, father_id, son_arriv, id) 
    values
        (?, ?, ?, ?)
14:10:22,592 DEBUG SQL:104 - 
    update
        co_son 
    set
        father_id=?,
        son_arriv=? 
    where
        id=?
14:10:22,592 DEBUG SQL:104 - 
    select
        son0_.id as id2_2_,
        son0_.father_id as father2_2_2_,
        son0_.mother_id as mother3_2_2_,
        father1_.id as id0_0_,
        mother2_.id as id1_1_ 
    from
        co_son son0_ 
    inner join
        co_father father1_ 
            on son0_.father_id=father1_.id 
    left outer join
        co_mother mother2_ 
            on son0_.mother_id=mother2_.id 
    where
        son0_.id=?
14:10:22,595 DEBUG SQL:104 - 
    delete 
    from
        co_son 
    where
        id=?
14:10:22,595 DEBUG SQL:104 - 
    delete 
    from
        co_father 
    where
        id=?
14:10:22,596 DEBUG SQL:104 - 
    delete 
    from
        co_mother 
    where
        id=?
14:10:22,596  INFO SchemaExport:343 - HHH000227: Running hbm2ddl schema export
14:10:22,597 DEBUG SchemaExport:353 - Import file not found: /import.sql
14:10:22,597 DEBUG SQL:104 - 
    alter table co_son 
        drop constraint FKAF38E33FA50263BE
14:10:22,597 DEBUG SQL:104 - 
    alter table co_son 
        drop constraint FKAF38E33F6DE9165E
14:10:22,606 DEBUG SQL:104 - 
    drop table co_father if exists
14:10:22,607 DEBUG SQL:104 - 
    drop table co_mother if exists
14:10:22,607 DEBUG SQL:104 - 
    drop table co_son if exists
14:10:22,607 DEBUG SQL:104 - 
    drop sequence hibernate_sequence
14:10:22,608  INFO SchemaExport:405 - HHH000230: Schema export complete
14:10:22,608  INFO DriverManagerConnectionProviderImpl:162 - HHH000030: Cleaning up connection pool [jdbc:h2:mem:db1;DB_CLOSE_DELAY=-1;MVCC=TRUE]
]]></system-out>
  <system-err><![CDATA[]]></system-err>
</testsuite>
