<?xml version="1.0" encoding="UTF-8"?>
<testsuite errors="0" failures="0" hostname="dhcp-10.15.208.168.stl.redhat.com" name="org.hibernate.test.querycache.HqlQueryCachePutResultTransformerTest" tests="59" time="12.016" timestamp="2013-02-28T20:18:48">
  <properties />
  <testcase classname="org.hibernate.test.querycache.HqlQueryCachePutResultTransformerTest" name="testAliasToBeanDtoLiteralArgList" time="0.141" />
  <testcase classname="org.hibernate.test.querycache.HqlQueryCachePutResultTransformerTest" name="testAliasToBeanDtoMultiArgList" time="0.136" />
  <testcase classname="org.hibernate.test.querycache.HqlQueryCachePutResultTransformerTest" name="testAliasToBeanDtoOneArgList" time="0.136" />
  <testcase classname="org.hibernate.test.querycache.HqlQueryCachePutResultTransformerTest" name="testAliasToBeanDtoWithNullAliasList" time="0.133" />
  <testcase classname="org.hibernate.test.querycache.HqlQueryCachePutResultTransformerTest" name="testAliasToEntityMapMultiAggregatedPropProjectionSingleResult" time="0.145" />
  <testcase classname="org.hibernate.test.querycache.HqlQueryCachePutResultTransformerTest" name="testAliasToEntityMapMultiProjectionList" time="0.181" />
  <testcase classname="org.hibernate.test.querycache.HqlQueryCachePutResultTransformerTest" name="testAliasToEntityMapMultiProjectionWithNullAliasList" time="0.196" />
  <testcase classname="org.hibernate.test.querycache.HqlQueryCachePutResultTransformerTest" name="testAliasToEntityMapNoProjectionList" time="0.125" />
  <testcase classname="org.hibernate.test.querycache.HqlQueryCachePutResultTransformerTest" name="testAliasToEntityMapNoProjectionMultiAndNullList" time="0.145" />
  <testcase classname="org.hibernate.test.querycache.HqlQueryCachePutResultTransformerTest" name="testAliasToEntityMapNoProjectionNullAndNonNullAliasList" time="0.256" />
  <testcase classname="org.hibernate.test.querycache.HqlQueryCachePutResultTransformerTest" name="testAliasToEntityMapOneProjectionList" time="0.099" />
  <testcase classname="org.hibernate.test.querycache.HqlQueryCachePutResultTransformerTest" name="testEntityWithAliasedJoinFetchedLazyOneToManySingleElementListHql" time="0.191" />
  <testcase classname="org.hibernate.test.querycache.HqlQueryCachePutResultTransformerTest" name="testEntityWithJoinFetchedLazyManyToOneList" time="0.726" />
  <testcase classname="org.hibernate.test.querycache.HqlQueryCachePutResultTransformerTest" name="testEntityWithJoinFetchedLazyManyToOneUsingProjectionList" time="0.192" />
  <testcase classname="org.hibernate.test.querycache.HqlQueryCachePutResultTransformerTest" name="testEntityWithJoinFetchedLazyOneToManyMultiAndNullElementList" time="0.697" />
  <testcase classname="org.hibernate.test.querycache.HqlQueryCachePutResultTransformerTest" name="testEntityWithJoinedLazyManyToOneListCriteria" time="0.362" />
  <testcase classname="org.hibernate.test.querycache.HqlQueryCachePutResultTransformerTest" name="testEntityWithJoinedLazyManyToOneListHql" time="0.373" />
  <testcase classname="org.hibernate.test.querycache.HqlQueryCachePutResultTransformerTest" name="testEntityWithJoinedLazyOneToManyMultiAndNullListCriteria" time="0.349" />
  <testcase classname="org.hibernate.test.querycache.HqlQueryCachePutResultTransformerTest" name="testEntityWithJoinedLazyOneToManyMultiAndNullListHql" time="0.34" />
  <testcase classname="org.hibernate.test.querycache.HqlQueryCachePutResultTransformerTest" name="testEntityWithJoinedLazyOneToManySingleElementListCriteria" time="0.354" />
  <testcase classname="org.hibernate.test.querycache.HqlQueryCachePutResultTransformerTest" name="testEntityWithJoinedLazyOneToManySingleElementListHql" time="0.358" />
  <testcase classname="org.hibernate.test.querycache.HqlQueryCachePutResultTransformerTest" name="testEntityWithLazyAssnList" time="0.162" />
  <testcase classname="org.hibernate.test.querycache.HqlQueryCachePutResultTransformerTest" name="testEntityWithLazyAssnUnique" time="0.147" />
  <testcase classname="org.hibernate.test.querycache.HqlQueryCachePutResultTransformerTest" name="testEntityWithNonLazyManyToOneList" time="0.172" />
  <testcase classname="org.hibernate.test.querycache.HqlQueryCachePutResultTransformerTest" name="testEntityWithNonLazyOneToManyUnique" time="0.141" />
  <testcase classname="org.hibernate.test.querycache.HqlQueryCachePutResultTransformerTest" name="testEntityWithSelectFetchedLazyOneToManySingleElementListCriteria" time="0.11" />
  <testcase classname="org.hibernate.test.querycache.HqlQueryCachePutResultTransformerTest" name="testEntityWithUnaliasedJoinFetchedLazyOneToManySingleElementList" time="0.191" />
  <testcase classname="org.hibernate.test.querycache.HqlQueryCachePutResultTransformerTest" name="testJoinWithFetchJoinListCriteria" time="0.121" />
  <testcase classname="org.hibernate.test.querycache.HqlQueryCachePutResultTransformerTest" name="testJoinWithFetchJoinListHql" time="0.179" />
  <testcase classname="org.hibernate.test.querycache.HqlQueryCachePutResultTransformerTest" name="testJoinWithFetchJoinWithAliasedJoinedAndOwnerProjectedListHql" time="0.227" />
  <testcase classname="org.hibernate.test.querycache.HqlQueryCachePutResultTransformerTest" name="testJoinWithFetchJoinWithOwnerAndAliasedJoinedProjectedListHql" time="0.201" />
  <testcase classname="org.hibernate.test.querycache.HqlQueryCachePutResultTransformerTest" name="testJoinWithFetchJoinWithOwnerAndPropProjectedList" time="0.198" />
  <testcase classname="org.hibernate.test.querycache.HqlQueryCachePutResultTransformerTest" name="testJoinWithFetchJoinWithPropAndOwnerProjectedList" time="0.213" />
  <testcase classname="org.hibernate.test.querycache.HqlQueryCachePutResultTransformerTest" name="testListElementsProjectionList" time="0.162" />
  <testcase classname="org.hibernate.test.querycache.HqlQueryCachePutResultTransformerTest" name="testMapElementsList" time="0.155" />
  <testcase classname="org.hibernate.test.querycache.HqlQueryCachePutResultTransformerTest" name="testMapEntryList" time="0.206" />
  <testcase classname="org.hibernate.test.querycache.HqlQueryCachePutResultTransformerTest" name="testMapKeyList" time="0.144" />
  <testcase classname="org.hibernate.test.querycache.HqlQueryCachePutResultTransformerTest" name="testMapValueList" time="0.208" />
  <testcase classname="org.hibernate.test.querycache.HqlQueryCachePutResultTransformerTest" name="testMultiAggregatedPropProjectionSingleResult" time="0.153" />
  <testcase classname="org.hibernate.test.querycache.HqlQueryCachePutResultTransformerTest" name="testMultiEntityProjectionAliasedList" time="0.185" />
  <testcase classname="org.hibernate.test.querycache.HqlQueryCachePutResultTransformerTest" name="testMultiEntityProjectionList" time="0.226" />
  <testcase classname="org.hibernate.test.querycache.HqlQueryCachePutResultTransformerTest" name="testMultiEntityProjectionUnique" time="0.184" />
  <testcase classname="org.hibernate.test.querycache.HqlQueryCachePutResultTransformerTest" name="testMultiProjectionListThenApplyAliasToBean" time="0.158" />
  <testcase classname="org.hibernate.test.querycache.HqlQueryCachePutResultTransformerTest" name="testMultiSelectAliasToEntityMapUsingAliasesWithFetchJoinList" time="0.183" />
  <testcase classname="org.hibernate.test.querycache.HqlQueryCachePutResultTransformerTest" name="testMultiSelectNewList" time="0.163" />
  <testcase classname="org.hibernate.test.querycache.HqlQueryCachePutResultTransformerTest" name="testMultiSelectNewListList" time="0.147" />
  <testcase classname="org.hibernate.test.querycache.HqlQueryCachePutResultTransformerTest" name="testMultiSelectNewMapUsingAliasesList" time="0.156" />
  <testcase classname="org.hibernate.test.querycache.HqlQueryCachePutResultTransformerTest" name="testMultiSelectNewMapUsingAliasesWithFetchJoinList" time="0.142" />
  <testcase classname="org.hibernate.test.querycache.HqlQueryCachePutResultTransformerTest" name="testMultiSelectNewWithLiteralList" time="0.144" />
  <testcase classname="org.hibernate.test.querycache.HqlQueryCachePutResultTransformerTest" name="testMultiSelectUsingImplicitJoinWithFetchJoinListHql" time="0.176" />
  <testcase classname="org.hibernate.test.querycache.HqlQueryCachePutResultTransformerTest" name="testOneEntityProjectionList" time="0.167" />
  <testcase classname="org.hibernate.test.querycache.HqlQueryCachePutResultTransformerTest" name="testOneEntityProjectionUnique" time="0.155" />
  <testcase classname="org.hibernate.test.querycache.HqlQueryCachePutResultTransformerTest" name="testOneNonEntityProjectionList" time="0.146" />
  <testcase classname="org.hibernate.test.querycache.HqlQueryCachePutResultTransformerTest" name="testOneNonEntityProjectionUnique" time="0.142" />
  <testcase classname="org.hibernate.test.querycache.HqlQueryCachePutResultTransformerTest" name="testOneSelectNewAliasesList" time="0.152" />
  <testcase classname="org.hibernate.test.querycache.HqlQueryCachePutResultTransformerTest" name="testOneSelectNewNoAliasesList" time="0.126" />
  <testcase classname="org.hibernate.test.querycache.HqlQueryCachePutResultTransformerTest" name="testSelectNewEntityConstructorList" time="0.148" />
  <testcase classname="org.hibernate.test.querycache.HqlQueryCachePutResultTransformerTest" name="testSelectNewMapUsingAliasesList" time="0.145" />
  <testcase classname="org.hibernate.test.querycache.HqlQueryCachePutResultTransformerTest" name="testSingleAggregatedPropProjectionSingleResult" time="0.13" />
  <system-out><![CDATA[14:18:48,307  INFO CustomRunner:132 - BeforeClass: org.hibernate.test.querycache.HqlQueryCachePutResultTransformerTest
14:18:48,309  INFO Configuration:706 - HHH000221: Reading mappings from resource: org/hibernate/test/querycache/Enrolment.hbm.xml
14:18:48,317  INFO DriverManagerConnectionProviderImpl:99 - HHH000402: Using Hibernate built-in connection pool (not for production use!)
14:18:48,318  INFO DriverManagerConnectionProviderImpl:135 - HHH000115: Hibernate connection pool size: 5
14:18:48,318  INFO DriverManagerConnectionProviderImpl:138 - HHH000006: Autocommit mode: false
14:18:48,318  INFO DriverManagerConnectionProviderImpl:153 - HHH000401: using driver [org.h2.Driver] at URL [jdbc:h2:mem:db1;DB_CLOSE_DELAY=-1;MVCC=TRUE]
14:18:48,318  INFO DriverManagerConnectionProviderImpl:158 - HHH000046: Connection properties: {user=sa}
14:18:48,319  INFO Dialect:103 - HHH000400: Using dialect: org.hibernate.dialect.H2Dialect
14:18:48,320  INFO LobCreatorBuilder:94 - HHH000423: Disabling contextual LOB creation as JDBC driver reported JDBC version [3] less than 4
14:18:48,320  INFO TransactionFactoryInitiator:66 - HHH000399: Using default transaction strategy (direct JDBC transactions)
14:18:48,321  INFO ASTQueryTranslatorFactory:48 - HHH000397: Using ASTQueryTranslatorFactory
14:18:48,321  WARN CachingRegionFactory:58 - CachingRegionFactory should be only used for testing.
14:18:48,321  INFO UpdateTimestampsCache:61 - HHH000250: Starting update timestamps cache at region: foo.org.hibernate.cache.spi.UpdateTimestampsCache
14:18:48,321  INFO StandardQueryCache:86 - HHH000248: Starting query cache at region: foo.org.hibernate.cache.internal.StandardQueryCache
14:18:48,330  INFO SchemaExport:343 - HHH000227: Running hbm2ddl schema export
14:18:48,331 DEBUG SchemaExport:353 - Import file not found: /import.sql
14:18:48,331 DEBUG SQL:104 - 
    alter table Address 
        drop constraint FK1ED033D47B5C59E1
14:18:48,332 ERROR SchemaExport:425 - HHH000389: Unsuccessful: alter table Address drop constraint FK1ED033D47B5C59E1
14:18:48,332 ERROR SchemaExport:426 - Table "ADDRESS" not found; SQL statement:

    alter table Address 
        drop constraint FK1ED033D47B5C59E1 [42102-145]
14:18:48,332 DEBUG SQL:104 - 
    alter table CourseMeeting 
        drop constraint FKC97EED80AEBBC201
14:18:48,332 ERROR SchemaExport:425 - HHH000389: Unsuccessful: alter table CourseMeeting drop constraint FKC97EED80AEBBC201
14:18:48,332 ERROR SchemaExport:426 - Table "COURSEMEETING" not found; SQL statement:

    alter table CourseMeeting 
        drop constraint FKC97EED80AEBBC201 [42102-145]
14:18:48,333 DEBUG SQL:104 - 
    alter table Enrolment 
        drop constraint FKEB4882C4EC5C133
14:18:48,333 ERROR SchemaExport:425 - HHH000389: Unsuccessful: alter table Enrolment drop constraint FKEB4882C4EC5C133
14:18:48,333 ERROR SchemaExport:426 - Table "ENROLMENT" not found; SQL statement:

    alter table Enrolment 
        drop constraint FKEB4882C4EC5C133 [42102-145]
14:18:48,333 DEBUG SQL:104 - 
    alter table Enrolment 
        drop constraint FKEB4882C4AEBBC201
14:18:48,334 ERROR SchemaExport:425 - HHH000389: Unsuccessful: alter table Enrolment drop constraint FKEB4882C4AEBBC201
14:18:48,334 ERROR SchemaExport:426 - Table "ENROLMENT" not found; SQL statement:

    alter table Enrolment 
        drop constraint FKEB4882C4AEBBC201 [42102-145]
14:18:48,334 DEBUG SQL:104 - 
    alter table Student 
        drop constraint FKF3371A1B5679E142
14:18:48,334 ERROR SchemaExport:425 - HHH000389: Unsuccessful: alter table Student drop constraint FKF3371A1B5679E142
14:18:48,334 ERROR SchemaExport:426 - Table "STUDENT" not found; SQL statement:

    alter table Student 
        drop constraint FKF3371A1B5679E142 [42102-145]
14:18:48,334 DEBUG SQL:104 - 
    alter table Student_secretCodes 
        drop constraint FKAF3CA7327B5C59E1
14:18:48,335 ERROR SchemaExport:425 - HHH000389: Unsuccessful: alter table Student_secretCodes drop constraint FKAF3CA7327B5C59E1
14:18:48,335 ERROR SchemaExport:426 - Table "STUDENT_SECRETCODES" not found; SQL statement:

    alter table Student_secretCodes 
        drop constraint FKAF3CA7327B5C59E1 [42102-145]
14:18:48,335 DEBUG SQL:104 - 
    drop table Address if exists
14:18:48,335 DEBUG SQL:104 - 
    drop table Course if exists
14:18:48,335 DEBUG SQL:104 - 
    drop table CourseMeeting if exists
14:18:48,335 DEBUG SQL:104 - 
    drop table Enrolment if exists
14:18:48,335 DEBUG SQL:104 - 
    drop table Student if exists
14:18:48,336 DEBUG SQL:104 - 
    drop table Student_secretCodes if exists
14:18:48,336 DEBUG SQL:104 - 
    create table Address (
        id bigint not null,
        addressType varchar(255),
        street varchar(255),
        city varchar(255),
        stateProvince varchar(255),
        postalCode varchar(255),
        country varchar(255),
        studentNumber bigint,
        primary key (id)
    )
14:18:48,336 DEBUG SQL:104 - 
    create table Course (
        courseCode varchar(255) not null,
        description varchar(255),
        primary key (courseCode)
    )
14:18:48,337 DEBUG SQL:104 - 
    create table CourseMeeting (
        courseCode varchar(255) not null,
        day varchar(255) not null,
        period integer not null,
        location varchar(255) not null,
        primary key (courseCode, day, period, location)
    )
14:18:48,337 DEBUG SQL:104 - 
    create table Enrolment (
        studentId bigint not null,
        courseCode varchar(255) not null,
        semester smallint not null,
        "year" smallint not null,
        primary key (studentId, courseCode)
    )
14:18:48,337 DEBUG SQL:104 - 
    create table Student (
        studentId bigint not null,
        name_first varchar(255) not null,
        name_middle varchar(255),
        name_last varchar(255) not null,
        preferredCourseCode varchar(255),
        primary key (studentId)
    )
14:18:48,338 DEBUG SQL:104 - 
    create table Student_secretCodes (
        studentNumber bigint not null,
        secretCode integer,
        i integer not null,
        primary key (studentNumber, i)
    )
14:18:48,338 DEBUG SQL:104 - 
    alter table Address 
        add constraint FK1ED033D47B5C59E1 
        foreign key (studentNumber) 
        references Student
14:18:48,339 DEBUG SQL:104 - 
    alter table CourseMeeting 
        add constraint FKC97EED80AEBBC201 
        foreign key (courseCode) 
        references Course
14:18:48,339 DEBUG SQL:104 - 
    alter table Enrolment 
        add constraint FKEB4882C4EC5C133 
        foreign key (studentId) 
        references Student
14:18:48,340 DEBUG SQL:104 - 
    alter table Enrolment 
        add constraint FKEB4882C4AEBBC201 
        foreign key (courseCode) 
        references Course
14:18:48,340 DEBUG SQL:104 - 
    alter table Student 
        add constraint FKF3371A1B5679E142 
        foreign key (preferredCourseCode) 
        references Course
14:18:48,341 DEBUG SQL:104 - 
    alter table Student_secretCodes 
        add constraint FKAF3CA7327B5C59E1 
        foreign key (studentNumber) 
        references Student
14:18:48,341  INFO SchemaExport:405 - HHH000230: Schema export complete
14:18:48,341  WARN SessionFactoryImpl:1554 - HHH000008: JTASessionContext being used with JDBCTransactionFactory; auto-flush will not operate correctly with getCurrentSession()
14:18:48,342  INFO CustomRunner:139 - Test: testAliasToBeanDtoLiteralArgList
14:18:48,343 DEBUG SQL:104 - 
    select
        coursemeet_.courseCode,
        coursemeet_.day,
        coursemeet_.period,
        coursemeet_.location 
    from
        CourseMeeting coursemeet_ 
    where
        coursemeet_.courseCode=? 
        and coursemeet_.day=? 
        and coursemeet_.period=? 
        and coursemeet_.location=?
14:18:48,343 DEBUG SQL:104 - 
    select
        coursemeet_.courseCode,
        coursemeet_.day,
        coursemeet_.period,
        coursemeet_.location 
    from
        CourseMeeting coursemeet_ 
    where
        coursemeet_.courseCode=? 
        and coursemeet_.day=? 
        and coursemeet_.period=? 
        and coursemeet_.location=?
14:18:48,344 DEBUG SQL:104 - 
    select
        max(id) 
    from
        Address
14:18:48,345 DEBUG SQL:104 - 
    insert 
    into
        Course
        (description, courseCode) 
    values
        (?, ?)
14:18:48,345 DEBUG BaseGeneralDataRegion:59 - Caching[foo.org.hibernate.cache.spi.UpdateTimestampsCache] : [Course] -> [5579091101061120]
14:18:48,345 DEBUG SQL:104 - 
    insert 
    into
        CourseMeeting
        (courseCode, day, period, location) 
    values
        (?, ?, ?, ?)
14:18:48,345 DEBUG BaseGeneralDataRegion:59 - Caching[foo.org.hibernate.cache.spi.UpdateTimestampsCache] : [CourseMeeting] -> [5579091101061121]
14:18:48,345 DEBUG SQL:104 - 
    insert 
    into
        CourseMeeting
        (courseCode, day, period, location) 
    values
        (?, ?, ?, ?)
14:18:48,346 DEBUG BaseGeneralDataRegion:59 - Caching[foo.org.hibernate.cache.spi.UpdateTimestampsCache] : [CourseMeeting] -> [5579091101065216]
14:18:48,346 DEBUG SQL:104 - 
    insert 
    into
        Student
        (name_first, name_middle, name_last, preferredCourseCode, studentId) 
    values
        (?, ?, ?, ?, ?)
14:18:48,346 DEBUG BaseGeneralDataRegion:59 - Caching[foo.org.hibernate.cache.spi.UpdateTimestampsCache] : [Student] -> [5579091101065217]
14:18:48,346 DEBUG SQL:104 - 
    insert 
    into
        Address
        (addressType, street, city, stateProvince, postalCode, country, studentNumber, id) 
    values
        (?, ?, ?, ?, ?, ?, ?, ?)
14:18:48,346 DEBUG BaseGeneralDataRegion:59 - Caching[foo.org.hibernate.cache.spi.UpdateTimestampsCache] : [Address] -> [5579091101065218]
14:18:48,347 DEBUG SQL:104 - 
    insert 
    into
        Address
        (addressType, street, city, stateProvince, postalCode, country, studentNumber, id) 
    values
        (?, ?, ?, ?, ?, ?, ?, ?)
14:18:48,347 DEBUG BaseGeneralDataRegion:59 - Caching[foo.org.hibernate.cache.spi.UpdateTimestampsCache] : [Address] -> [5579091101069312]
14:18:48,347 DEBUG SQL:104 - 
    insert 
    into
        Student
        (name_first, name_middle, name_last, preferredCourseCode, studentId) 
    values
        (?, ?, ?, ?, ?)
14:18:48,347 DEBUG BaseGeneralDataRegion:59 - Caching[foo.org.hibernate.cache.spi.UpdateTimestampsCache] : [Student] -> [5579091101069313]
14:18:48,347 DEBUG SQL:104 - 
    insert 
    into
        Enrolment
        (semester, "year", studentId, courseCode) 
    values
        (?, ?, ?, ?)
14:18:48,347 DEBUG BaseGeneralDataRegion:59 - Caching[foo.org.hibernate.cache.spi.UpdateTimestampsCache] : [Enrolment] -> [5579091101069314]
14:18:48,348 DEBUG SQL:104 - 
    insert 
    into
        Enrolment
        (semester, "year", studentId, courseCode) 
    values
        (?, ?, ?, ?)
14:18:48,348 DEBUG BaseGeneralDataRegion:59 - Caching[foo.org.hibernate.cache.spi.UpdateTimestampsCache] : [Enrolment] -> [5579091101073408]
14:18:48,348 DEBUG BaseGeneralDataRegion:59 - Caching[foo.org.hibernate.cache.spi.UpdateTimestampsCache] : [CourseMeeting] -> [5579091101073409]
14:18:48,348 DEBUG BaseGeneralDataRegion:59 - Caching[foo.org.hibernate.cache.spi.UpdateTimestampsCache] : [Enrolment] -> [5579091101073410]
14:18:48,348 DEBUG SQL:104 - 
    update
        Address 
    set
        studentNumber=?,
        addressType=? 
    where
        id=?
14:18:48,348 DEBUG SQL:104 - 
    update
        Address 
    set
        studentNumber=?,
        addressType=? 
    where
        id=?
14:18:48,348 DEBUG BaseGeneralDataRegion:59 - Caching[foo.org.hibernate.cache.spi.UpdateTimestampsCache] : [Address] -> [5579091101073411]
14:18:48,349 DEBUG SQL:104 - 
    insert 
    into
        Student_secretCodes
        (studentNumber, i, secretCode) 
    values
        (?, ?, ?)
14:18:48,349 DEBUG BaseGeneralDataRegion:59 - Caching[foo.org.hibernate.cache.spi.UpdateTimestampsCache] : [Student_secretCodes] -> [5579091101077504]
14:18:48,349 DEBUG BaseGeneralDataRegion:59 - Caching[foo.org.hibernate.cache.spi.UpdateTimestampsCache] : [Enrolment] -> [5579091101077505]
14:18:48,349 DEBUG BaseGeneralDataRegion:59 - Caching[foo.org.hibernate.cache.spi.UpdateTimestampsCache] : [Address] -> [5579091101077506]
14:18:48,349 DEBUG SQL:104 - 
    insert 
    into
        Student_secretCodes
        (studentNumber, i, secretCode) 
    values
        (?, ?, ?)
14:18:48,349 DEBUG SQL:104 - 
    insert 
    into
        Student_secretCodes
        (studentNumber, i, secretCode) 
    values
        (?, ?, ?)
14:18:48,349 DEBUG BaseGeneralDataRegion:59 - Caching[foo.org.hibernate.cache.spi.UpdateTimestampsCache] : [Student_secretCodes] -> [5579091101077507]
14:18:48,349 DEBUG BaseGeneralDataRegion:59 - Caching[foo.org.hibernate.cache.spi.UpdateTimestampsCache] : [Student] -> [5579090855317508]
14:18:48,350 DEBUG BaseGeneralDataRegion:59 - Caching[foo.org.hibernate.cache.spi.UpdateTimestampsCache] : [Course] -> [5579090855317508]
14:18:48,350 DEBUG BaseGeneralDataRegion:59 - Caching[foo.org.hibernate.cache.spi.UpdateTimestampsCache] : [Enrolment] -> [5579090855317508]
14:18:48,350 DEBUG BaseGeneralDataRegion:59 - Caching[foo.org.hibernate.cache.spi.UpdateTimestampsCache] : [Student_secretCodes] -> [5579090855317508]
14:18:48,350 DEBUG BaseGeneralDataRegion:59 - Caching[foo.org.hibernate.cache.spi.UpdateTimestampsCache] : [Address] -> [5579090855317508]
14:18:48,350 DEBUG BaseGeneralDataRegion:59 - Caching[foo.org.hibernate.cache.spi.UpdateTimestampsCache] : [CourseMeeting] -> [5579090855317508]
14:18:48,350 DEBUG QueryTranslatorImpl:265 - parse() - HQL: select st.name as studentName, 'lame description' as courseDescription from org.hibernate.test.querycache.Enrolment e join e.student st join e.course co order by e.studentNumber
14:18:48,352 DEBUG QueryTranslatorImpl:283 - --- HQL AST ---
 \-[QUERY] Node: 'query'
    +-[SELECT_FROM] Node: 'SELECT_FROM'
    |  +-[FROM] Node: 'from'
    |  |  +-[RANGE] Node: 'RANGE'
    |  |  |  +-[DOT] Node: '.'
    |  |  |  |  +-[DOT] Node: '.'
    |  |  |  |  |  +-[DOT] Node: '.'
    |  |  |  |  |  |  +-[DOT] Node: '.'
    |  |  |  |  |  |  |  +-[IDENT] Node: 'org'
    |  |  |  |  |  |  |  \-[IDENT] Node: 'hibernate'
    |  |  |  |  |  |  \-[IDENT] Node: 'test'
    |  |  |  |  |  \-[IDENT] Node: 'querycache'
    |  |  |  |  \-[IDENT] Node: 'Enrolment'
    |  |  |  \-[ALIAS] Node: 'e'
    |  |  +-[JOIN] Node: 'join'
    |  |  |  +-[DOT] Node: '.'
    |  |  |  |  +-[IDENT] Node: 'e'
    |  |  |  |  \-[IDENT] Node: 'student'
    |  |  |  \-[ALIAS] Node: 'st'
    |  |  \-[JOIN] Node: 'join'
    |  |     +-[DOT] Node: '.'
    |  |     |  +-[IDENT] Node: 'e'
    |  |     |  \-[IDENT] Node: 'course'
    |  |     \-[ALIAS] Node: 'co'
    |  \-[SELECT] Node: 'select'
    |     +-[AS] Node: 'as'
    |     |  +-[DOT] Node: '.'
    |     |  |  +-[IDENT] Node: 'st'
    |     |  |  \-[IDENT] Node: 'name'
    |     |  \-[IDENT] Node: 'studentName'
    |     \-[AS] Node: 'as'
    |        +-[QUOTED_STRING] Node: ''lame description''
    |        \-[IDENT] Node: 'courseDescription'
    \-[ORDER] Node: 'order'
       \-[DOT] Node: '.'
          +-[IDENT] Node: 'e'
          \-[IDENT] Node: 'studentNumber'

14:18:48,352 DEBUG ErrorCounter:82 - throwQueryException() : no errors
14:18:48,352 DEBUG FromElement:157 - FromClause{level=1} : org.hibernate.test.querycache.Enrolment (e) -> enrolment0_
14:18:48,353 DEBUG FromReferenceNode:74 - Resolved : e -> (enrolment0_.studentId, enrolment0_.courseCode)
14:18:48,353 DEBUG DotNode:599 - getDataType() : student -> org.hibernate.type.ManyToOneType(org.hibernate.test.querycache.Student)
14:18:48,353 DEBUG DotNode:389 - dereferenceEntityJoin() : generating join for student in org.hibernate.test.querycache.Enrolment (st) parent = [ {null} ]
14:18:48,353 DEBUG FromElement:157 - FromClause{level=1} : org.hibernate.test.querycache.Student (st) -> student1_
14:18:48,354 DEBUG FromClause:282 - addJoinByPathMap() : e.student -> FromElement{explicit,not a collection join,not a fetch join,fetch non-lazy properties,classAlias=st,role=null,tableName=Student,tableAlias=student1_,origin=Enrolment enrolment0_,columns={enrolment0_.studentId ,className=org.hibernate.test.querycache.Student}}
14:18:48,354 DEBUG FromReferenceNode:74 - Resolved : e.student -> enrolment0_.studentId
14:18:48,354 DEBUG HqlSqlWalker:403 - createFromJoinElement() : -- join tree --
 \-[JOIN_FRAGMENT] FromElement: 'Student student1_' FromElement{explicit,not a collection join,not a fetch join,fetch non-lazy properties,classAlias=st,role=null,tableName=Student,tableAlias=student1_,origin=Enrolment enrolment0_,columns={enrolment0_.studentId ,className=org.hibernate.test.querycache.Student}}

14:18:48,354 DEBUG FromReferenceNode:74 - Resolved : e -> (enrolment0_.studentId, enrolment0_.courseCode)
14:18:48,354 DEBUG DotNode:599 - getDataType() : course -> org.hibernate.type.ManyToOneType(org.hibernate.test.querycache.Course)
14:18:48,354 DEBUG DotNode:389 - dereferenceEntityJoin() : generating join for course in org.hibernate.test.querycache.Enrolment (co) parent = [ {null} ]
14:18:48,354 DEBUG FromElement:157 - FromClause{level=1} : org.hibernate.test.querycache.Course (co) -> course2_
14:18:48,355 DEBUG FromClause:282 - addJoinByPathMap() : e.course -> FromElement{explicit,not a collection join,not a fetch join,fetch non-lazy properties,classAlias=co,role=null,tableName=Course,tableAlias=course2_,origin=Enrolment enrolment0_,columns={enrolment0_.courseCode ,className=org.hibernate.test.querycache.Course}}
14:18:48,355 DEBUG FromReferenceNode:74 - Resolved : e.course -> enrolment0_.courseCode
14:18:48,355 DEBUG HqlSqlWalker:403 - createFromJoinElement() : -- join tree --
 \-[JOIN_FRAGMENT] FromElement: 'Course course2_' FromElement{explicit,not a collection join,not a fetch join,fetch non-lazy properties,classAlias=co,role=null,tableName=Course,tableAlias=course2_,origin=Enrolment enrolment0_,columns={enrolment0_.courseCode ,className=org.hibernate.test.querycache.Course}}

14:18:48,361 DEBUG FromReferenceNode:74 - Resolved : st -> student1_.studentId
14:18:48,362 DEBUG DotNode:599 - getDataType() : name -> org.hibernate.type.ComponentType@4c559492
14:18:48,362 DEBUG DotNode:588 - Terminal propertyPath = [name]
14:18:48,362 DEBUG FromReferenceNode:74 - Resolved : st.name -> student1_.name_first, student1_.name_middle, student1_.name_last
14:18:48,362 DEBUG FromReferenceNode:74 - Resolved : e -> enrolment0_.studentId, enrolment0_.courseCode
14:18:48,362 DEBUG DotNode:599 - getDataType() : studentNumber -> org.hibernate.type.LongType@4bf3f9d
14:18:48,362 DEBUG FromReferenceNode:74 - Resolved : e.studentNumber -> enrolment0_.studentId
14:18:48,363 DEBUG HqlSqlWalker:629 - processQuery() :  ( SELECT ( {select clause} ( student1_.name_first, student1_.name_middle, student1_.name_last student1_.studentId name ) 'lame description' ) ( FromClause{level=1} ( Enrolment enrolment0_ Student student1_ Course course2_ ) ) ( order ( enrolment0_.studentId enrolment0_.studentId, enrolment0_.courseCode studentNumber ) ) )
14:18:48,363 DEBUG JoinProcessor:175 - Using FROM fragment [Enrolment enrolment0_]
14:18:48,363 DEBUG JoinProcessor:175 - Using FROM fragment [inner join Student student1_ on enrolment0_.studentId=student1_.studentId]
14:18:48,363 DEBUG JoinProcessor:175 - Using FROM fragment [inner join Course course2_ on enrolment0_.courseCode=course2_.courseCode]
14:18:48,363 DEBUG QueryTranslatorImpl:252 - --- SQL AST ---
 \-[SELECT] QueryNode: 'SELECT'  querySpaces (Student,Course,Enrolment)
    +-[SELECT_CLAUSE] SelectClause: '{select clause}'
    |  +-[DOT] DotNode: 'student1_.name_first' {propertyName=name,dereferenceType=2,propertyPath=name,path=st.name,tableAlias=student1_,className=org.hibernate.test.querycache.Student,classAlias=st}
    |  |  +-[ALIAS_REF] IdentNode: 'student1_.studentId' {alias=st, className=org.hibernate.test.querycache.Student, tableAlias=student1_}
    |  |  \-[IDENT] IdentNode: 'name' {originalText=name}
    |  +-[SELECT_COLUMNS] SqlNode: ' as col_0_0_'
    |  +-[SQL_TOKEN] SqlFragment: 'student1_.name_middle'
    |  +-[SELECT_COLUMNS] SqlNode: ' as col_0_1_'
    |  +-[SQL_TOKEN] SqlFragment: 'student1_.name_last'
    |  +-[SELECT_COLUMNS] SqlNode: ' as col_0_2_'
    |  +-[QUOTED_STRING] LiteralNode: ''lame description''
    |  \-[SELECT_COLUMNS] SqlNode: ' as col_1_0_'
    +-[FROM] FromClause: 'from' FromClause{level=1, fromElementCounter=3, fromElements=3, fromElementByClassAlias=[co, e, st], fromElementByTableAlias=[student1_, enrolment0_, course2_], fromElementsByPath=[e.course, e.student], collectionJoinFromElementsByPath=[], impliedElements=[]}
    |  \-[FROM_FRAGMENT] FromElement: 'Enrolment enrolment0_' FromElement{explicit,not a collection join,not a fetch join,fetch non-lazy properties,classAlias=e,role=null,tableName=Enrolment,tableAlias=enrolment0_,origin=null,columns={,className=org.hibernate.test.querycache.Enrolment}}
    |     +-[JOIN_FRAGMENT] FromElement: 'inner join Student student1_ on enrolment0_.studentId=student1_.studentId' FromElement{explicit,not a collection join,not a fetch join,fetch non-lazy properties,classAlias=st,role=null,tableName=Student,tableAlias=student1_,origin=Enrolment enrolment0_,columns={enrolment0_.studentId ,className=org.hibernate.test.querycache.Student}}
    |     \-[JOIN_FRAGMENT] FromElement: 'inner join Course course2_ on enrolment0_.courseCode=course2_.courseCode' FromElement{explicit,not a collection join,not a fetch join,fetch non-lazy properties,classAlias=co,role=null,tableName=Course,tableAlias=course2_,origin=Enrolment enrolment0_,columns={enrolment0_.courseCode ,className=org.hibernate.test.querycache.Course}}
    \-[ORDER] OrderByClause: 'order'
       \-[DOT] DotNode: 'enrolment0_.studentId' {propertyName=studentNumber,dereferenceType=ALL,propertyPath=studentNumber,path=e.studentNumber,tableAlias=enrolment0_,className=org.hibernate.test.querycache.Enrolment,classAlias=e}
          +-[ALIAS_REF] IdentNode: 'enrolment0_.studentId, enrolment0_.courseCode' {alias=e, className=org.hibernate.test.querycache.Enrolment, tableAlias=enrolment0_}
          \-[IDENT] IdentNode: 'studentNumber' {originalText=studentNumber}

14:18:48,378 DEBUG ErrorCounter:82 - throwQueryException() : no errors
14:18:48,378 DEBUG QueryTranslatorImpl:235 - HQL: select st.name as studentName, 'lame description' as courseDescription from org.hibernate.test.querycache.Enrolment e join e.student st join e.course co order by e.studentNumber
14:18:48,379 DEBUG QueryTranslatorImpl:236 - SQL: select student1_.name_first as col_0_0_, student1_.name_middle as col_0_1_, student1_.name_last as col_0_2_, 'lame description' as col_1_0_ from Enrolment enrolment0_ inner join Student student1_ on enrolment0_.studentId=student1_.studentId inner join Course course2_ on enrolment0_.courseCode=course2_.courseCode order by enrolment0_.studentId
14:18:48,379 DEBUG ErrorCounter:82 - throwQueryException() : no errors
14:18:48,379 DEBUG SQL:104 - 
    select
        student1_.name_first as col_0_0_,
        student1_.name_middle as col_0_1_,
        student1_.name_last as col_0_2_,
        'lame description' as col_1_0_ 
    from
        Enrolment enrolment0_ 
    inner join
        Student student1_ 
            on enrolment0_.studentId=student1_.studentId 
    inner join
        Course course2_ 
            on enrolment0_.courseCode=course2_.courseCode 
    order by
        enrolment0_.studentId
14:18:48,382 DEBUG BaseGeneralDataRegion:59 - Caching[foo.org.hibernate.cache.internal.StandardQueryCache] : [sql: select student1_.name_first as col_0_0_, student1_.name_middle as col_0_1_, student1_.name_last as col_0_2_, 'lame description' as col_1_0_ from Enrolment enrolment0_ inner join Student student1_ on enrolment0_.studentId=student1_.studentId inner join Course course2_ on enrolment0_.courseCode=course2_.courseCode order by enrolment0_.studentId; parameters: ; named parameters: {}; transformer: org.hibernate.transform.CacheableResultTransformer@1406bf] -> [[5579090855452672, [Ljava.io.Serializable;@4eb49f18, [Ljava.io.Serializable;@34390906]]
14:18:48,382 DEBUG SQL:104 - 
    select
        student1_.name_first as col_0_0_,
        student1_.name_middle as col_0_1_,
        student1_.name_last as col_0_2_,
        'lame description' as col_1_0_ 
    from
        Enrolment enrolment0_ 
    inner join
        Student student1_ 
            on enrolment0_.studentId=student1_.studentId 
    inner join
        Course course2_ 
            on enrolment0_.courseCode=course2_.courseCode 
    order by
        enrolment0_.studentId
14:18:48,383 DEBUG BaseGeneralDataRegion:59 - Caching[foo.org.hibernate.cache.internal.StandardQueryCache] : [sql: select student1_.name_first as col_0_0_, student1_.name_middle as col_0_1_, student1_.name_last as col_0_2_, 'lame description' as col_1_0_ from Enrolment enrolment0_ inner join Student student1_ on enrolment0_.studentId=student1_.studentId inner join Course course2_ on enrolment0_.courseCode=course2_.courseCode order by enrolment0_.studentId; parameters: ; named parameters: {}; transformer: org.hibernate.transform.CacheableResultTransformer@1406bf] -> [[5579090855456768, [Ljava.io.Serializable;@712864ea, [Ljava.io.Serializable;@12f978b0]]
14:18:48,383 DEBUG SQL:104 - 
    select
        student_.studentId,
        student_.name_first as name2_4_,
        student_.name_middle as name3_4_,
        student_.name_last as name4_4_,
        student_.preferredCourseCode as preferre5_4_ 
    from
        Student student_ 
    where
        student_.studentId=?
14:18:48,391 DEBUG SQL:104 - 
    select
        enrolment_.studentId,
        enrolment_.courseCode,
        enrolment_.semester as semester3_,
        enrolment_."year" as year4_3_ 
    from
        Enrolment enrolment_ 
    where
        enrolment_.studentId=? 
        and enrolment_.courseCode=?
14:18:48,391 DEBUG SQL:104 - 
    select
        course_.courseCode,
        course_.description as descript2_1_ 
    from
        Course course_ 
    where
        course_.courseCode=?
14:18:48,392 DEBUG SQL:104 - 
    select
        student_.studentId,
        student_.name_first as name2_4_,
        student_.name_middle as name3_4_,
        student_.name_last as name4_4_,
        student_.preferredCourseCode as preferre5_4_ 
    from
        Student student_ 
    where
        student_.studentId=?
14:18:48,400 DEBUG SQL:104 - 
    select
        enrolment_.studentId,
        enrolment_.courseCode,
        enrolment_.semester as semester3_,
        enrolment_."year" as year4_3_ 
    from
        Enrolment enrolment_ 
    where
        enrolment_.studentId=? 
        and enrolment_.courseCode=?
14:18:48,401 DEBUG SQL:104 - 
    select
        coursemeet_.courseCode,
        coursemeet_.day,
        coursemeet_.period,
        coursemeet_.location 
    from
        CourseMeeting coursemeet_ 
    where
        coursemeet_.courseCode=? 
        and coursemeet_.day=? 
        and coursemeet_.period=? 
        and coursemeet_.location=?
14:18:48,410 DEBUG SQL:104 - 
    select
        coursemeet_.courseCode,
        coursemeet_.day,
        coursemeet_.period,
        coursemeet_.location 
    from
        CourseMeeting coursemeet_ 
    where
        coursemeet_.courseCode=? 
        and coursemeet_.day=? 
        and coursemeet_.period=? 
        and coursemeet_.location=?
14:18:48,411 DEBUG BaseGeneralDataRegion:59 - Caching[foo.org.hibernate.cache.spi.UpdateTimestampsCache] : [Enrolment] -> [5579091101331456]
14:18:48,411 DEBUG SQL:104 - 
    update
        Address 
    set
        studentNumber=null,
        addressType=null 
    where
        studentNumber=?
14:18:48,411 DEBUG BaseGeneralDataRegion:59 - Caching[foo.org.hibernate.cache.spi.UpdateTimestampsCache] : [Address] -> [5579091101331457]
14:18:48,411 DEBUG SQL:104 - 
    delete 
    from
        Student_secretCodes 
    where
        studentNumber=?
14:18:48,419 DEBUG BaseGeneralDataRegion:59 - Caching[foo.org.hibernate.cache.spi.UpdateTimestampsCache] : [Student_secretCodes] -> [5579091101364224]
14:18:48,420 DEBUG BaseGeneralDataRegion:59 - Caching[foo.org.hibernate.cache.spi.UpdateTimestampsCache] : [Enrolment] -> [5579091101368320]
14:18:48,420 DEBUG BaseGeneralDataRegion:59 - Caching[foo.org.hibernate.cache.spi.UpdateTimestampsCache] : [Address] -> [5579091101368321]
14:18:48,420 DEBUG SQL:104 - 
    delete 
    from
        Student_secretCodes 
    where
        studentNumber=?
14:18:48,420 DEBUG BaseGeneralDataRegion:59 - Caching[foo.org.hibernate.cache.spi.UpdateTimestampsCache] : [Student_secretCodes] -> [5579091101368322]
14:18:48,420 DEBUG BaseGeneralDataRegion:59 - Caching[foo.org.hibernate.cache.spi.UpdateTimestampsCache] : [CourseMeeting] -> [5579091101368323]
14:18:48,420 DEBUG SQL:104 - 
    delete 
    from
        Enrolment 
    where
        studentId=? 
        and courseCode=?
14:18:48,420 DEBUG BaseGeneralDataRegion:59 - Caching[foo.org.hibernate.cache.spi.UpdateTimestampsCache] : [Enrolment] -> [5579091101368324]
14:18:48,420 DEBUG SQL:104 - 
    delete 
    from
        Address 
    where
        id=?
14:18:48,421 DEBUG BaseGeneralDataRegion:59 - Caching[foo.org.hibernate.cache.spi.UpdateTimestampsCache] : [Address] -> [5579091101372416]
14:18:48,421 DEBUG SQL:104 - 
    delete 
    from
        Address 
    where
        id=?
14:18:48,429 DEBUG BaseGeneralDataRegion:59 - Caching[foo.org.hibernate.cache.spi.UpdateTimestampsCache] : [Address] -> [5579091101405184]
14:18:48,429 DEBUG SQL:104 - 
    delete 
    from
        Student 
    where
        studentId=?
14:18:48,429 DEBUG BaseGeneralDataRegion:59 - Caching[foo.org.hibernate.cache.spi.UpdateTimestampsCache] : [Student] -> [5579091101405185]
14:18:48,429 DEBUG SQL:104 - 
    delete 
    from
        Enrolment 
    where
        studentId=? 
        and courseCode=?
14:18:48,430 DEBUG BaseGeneralDataRegion:59 - Caching[foo.org.hibernate.cache.spi.UpdateTimestampsCache] : [Enrolment] -> [5579091101409280]
14:18:48,430 DEBUG SQL:104 - 
    delete 
    from
        Student 
    where
        studentId=?
14:18:48,430 DEBUG BaseGeneralDataRegion:59 - Caching[foo.org.hibernate.cache.spi.UpdateTimestampsCache] : [Student] -> [5579091101409281]
14:18:48,430 DEBUG SQL:104 - 
    delete 
    from
        CourseMeeting 
    where
        courseCode=? 
        and day=? 
        and period=? 
        and location=?
14:18:48,438 DEBUG BaseGeneralDataRegion:59 - Caching[foo.org.hibernate.cache.spi.UpdateTimestampsCache] : [CourseMeeting] -> [5579091101442048]
14:18:48,439 DEBUG SQL:104 - 
    delete 
    from
        CourseMeeting 
    where
        courseCode=? 
        and day=? 
        and period=? 
        and location=?
14:18:48,440 DEBUG BaseGeneralDataRegion:59 - Caching[foo.org.hibernate.cache.spi.UpdateTimestampsCache] : [CourseMeeting] -> [5579091101450240]
14:18:48,442 DEBUG SQL:104 - 
    delete 
    from
        Course 
    where
        courseCode=?
14:18:48,442 DEBUG BaseGeneralDataRegion:59 - Caching[foo.org.hibernate.cache.spi.UpdateTimestampsCache] : [Course] -> [5579091101458432]
14:18:48,442 DEBUG BaseGeneralDataRegion:59 - Caching[foo.org.hibernate.cache.spi.UpdateTimestampsCache] : [Student] -> [5579090855698433]
14:18:48,442 DEBUG BaseGeneralDataRegion:59 - Caching[foo.org.hibernate.cache.spi.UpdateTimestampsCache] : [Course] -> [5579090855698433]
14:18:48,442 DEBUG BaseGeneralDataRegion:59 - Caching[foo.org.hibernate.cache.spi.UpdateTimestampsCache] : [Enrolment] -> [5579090855698433]
14:18:48,442 DEBUG BaseGeneralDataRegion:59 - Caching[foo.org.hibernate.cache.spi.UpdateTimestampsCache] : [Student_secretCodes] -> [5579090855698433]
14:18:48,443 DEBUG BaseGeneralDataRegion:59 - Caching[foo.org.hibernate.cache.spi.UpdateTimestampsCache] : [Address] -> [5579090855698433]
14:18:48,481 DEBUG BaseGeneralDataRegion:59 - Caching[foo.org.hibernate.cache.spi.UpdateTimestampsCache] : [CourseMeeting] -> [5579090855698433]
14:18:48,483  INFO CustomRunner:139 - Test: testAliasToBeanDtoMultiArgList
14:18:48,484 DEBUG SQL:104 - 
    select
        coursemeet_.courseCode,
        coursemeet_.day,
        coursemeet_.period,
        coursemeet_.location 
    from
        CourseMeeting coursemeet_ 
    where
        coursemeet_.courseCode=? 
        and coursemeet_.day=? 
        and coursemeet_.period=? 
        and coursemeet_.location=?
14:18:48,485 DEBUG SQL:104 - 
    select
        coursemeet_.courseCode,
        coursemeet_.day,
        coursemeet_.period,
        coursemeet_.location 
    from
        CourseMeeting coursemeet_ 
    where
        coursemeet_.courseCode=? 
        and coursemeet_.day=? 
        and coursemeet_.period=? 
        and coursemeet_.location=?
14:18:48,486 DEBUG SQL:104 - 
    insert 
    into
        Course
        (description, courseCode) 
    values
        (?, ?)
14:18:48,486 DEBUG BaseGeneralDataRegion:59 - Caching[foo.org.hibernate.cache.spi.UpdateTimestampsCache] : [Course] -> [5579091101638656]
14:18:48,486 DEBUG SQL:104 - 
    insert 
    into
        CourseMeeting
        (courseCode, day, period, location) 
    values
        (?, ?, ?, ?)
14:18:48,486 DEBUG BaseGeneralDataRegion:59 - Caching[foo.org.hibernate.cache.spi.UpdateTimestampsCache] : [CourseMeeting] -> [5579091101638657]
14:18:48,486 DEBUG SQL:104 - 
    insert 
    into
        CourseMeeting
        (courseCode, day, period, location) 
    values
        (?, ?, ?, ?)
14:18:48,487 DEBUG BaseGeneralDataRegion:59 - Caching[foo.org.hibernate.cache.spi.UpdateTimestampsCache] : [CourseMeeting] -> [5579091101642752]
14:18:48,487 DEBUG SQL:104 - 
    insert 
    into
        Student
        (name_first, name_middle, name_last, preferredCourseCode, studentId) 
    values
        (?, ?, ?, ?, ?)
14:18:48,487 DEBUG BaseGeneralDataRegion:59 - Caching[foo.org.hibernate.cache.spi.UpdateTimestampsCache] : [Student] -> [5579091101642753]
14:18:48,487 DEBUG SQL:104 - 
    insert 
    into
        Address
        (addressType, street, city, stateProvince, postalCode, country, studentNumber, id) 
    values
        (?, ?, ?, ?, ?, ?, ?, ?)
14:18:48,487 DEBUG BaseGeneralDataRegion:59 - Caching[foo.org.hibernate.cache.spi.UpdateTimestampsCache] : [Address] -> [5579091101642754]
14:18:48,487 DEBUG SQL:104 - 
    insert 
    into
        Address
        (addressType, street, city, stateProvince, postalCode, country, studentNumber, id) 
    values
        (?, ?, ?, ?, ?, ?, ?, ?)
14:18:48,488 DEBUG BaseGeneralDataRegion:59 - Caching[foo.org.hibernate.cache.spi.UpdateTimestampsCache] : [Address] -> [5579091101642755]
14:18:48,488 DEBUG SQL:104 - 
    insert 
    into
        Student
        (name_first, name_middle, name_last, preferredCourseCode, studentId) 
    values
        (?, ?, ?, ?, ?)
14:18:48,488 DEBUG BaseGeneralDataRegion:59 - Caching[foo.org.hibernate.cache.spi.UpdateTimestampsCache] : [Student] -> [5579091101646848]
14:18:48,488 DEBUG SQL:104 - 
    insert 
    into
        Enrolment
        (semester, "year", studentId, courseCode) 
    values
        (?, ?, ?, ?)
14:18:48,488 DEBUG BaseGeneralDataRegion:59 - Caching[foo.org.hibernate.cache.spi.UpdateTimestampsCache] : [Enrolment] -> [5579091101646849]
14:18:48,488 DEBUG SQL:104 - 
    insert 
    into
        Enrolment
        (semester, "year", studentId, courseCode) 
    values
        (?, ?, ?, ?)
14:18:48,489 DEBUG BaseGeneralDataRegion:59 - Caching[foo.org.hibernate.cache.spi.UpdateTimestampsCache] : [Enrolment] -> [5579091101650944]
14:18:48,489 DEBUG BaseGeneralDataRegion:59 - Caching[foo.org.hibernate.cache.spi.UpdateTimestampsCache] : [CourseMeeting] -> [5579091101650945]
14:18:48,489 DEBUG BaseGeneralDataRegion:59 - Caching[foo.org.hibernate.cache.spi.UpdateTimestampsCache] : [Enrolment] -> [5579091101650946]
14:18:48,489 DEBUG SQL:104 - 
    update
        Address 
    set
        studentNumber=?,
        addressType=? 
    where
        id=?
14:18:48,489 DEBUG SQL:104 - 
    update
        Address 
    set
        studentNumber=?,
        addressType=? 
    where
        id=?
14:18:48,489 DEBUG BaseGeneralDataRegion:59 - Caching[foo.org.hibernate.cache.spi.UpdateTimestampsCache] : [Address] -> [5579091101650947]
14:18:48,489 DEBUG SQL:104 - 
    insert 
    into
        Student_secretCodes
        (studentNumber, i, secretCode) 
    values
        (?, ?, ?)
14:18:48,489 DEBUG BaseGeneralDataRegion:59 - Caching[foo.org.hibernate.cache.spi.UpdateTimestampsCache] : [Student_secretCodes] -> [5579091101650948]
14:18:48,490 DEBUG BaseGeneralDataRegion:59 - Caching[foo.org.hibernate.cache.spi.UpdateTimestampsCache] : [Enrolment] -> [5579091101655040]
14:18:48,490 DEBUG BaseGeneralDataRegion:59 - Caching[foo.org.hibernate.cache.spi.UpdateTimestampsCache] : [Address] -> [5579091101655041]
14:18:48,490 DEBUG SQL:104 - 
    insert 
    into
        Student_secretCodes
        (studentNumber, i, secretCode) 
    values
        (?, ?, ?)
14:18:48,490 DEBUG SQL:104 - 
    insert 
    into
        Student_secretCodes
        (studentNumber, i, secretCode) 
    values
        (?, ?, ?)
14:18:48,490 DEBUG BaseGeneralDataRegion:59 - Caching[foo.org.hibernate.cache.spi.UpdateTimestampsCache] : [Student_secretCodes] -> [5579091101655042]
14:18:48,490 DEBUG BaseGeneralDataRegion:59 - Caching[foo.org.hibernate.cache.spi.UpdateTimestampsCache] : [Student] -> [5579090855895043]
14:18:48,490 DEBUG BaseGeneralDataRegion:59 - Caching[foo.org.hibernate.cache.spi.UpdateTimestampsCache] : [Course] -> [5579090855895043]
14:18:48,505 DEBUG BaseGeneralDataRegion:59 - Caching[foo.org.hibernate.cache.spi.UpdateTimestampsCache] : [Enrolment] -> [5579090855895043]
14:18:48,505 DEBUG BaseGeneralDataRegion:59 - Caching[foo.org.hibernate.cache.spi.UpdateTimestampsCache] : [Student_secretCodes] -> [5579090855895043]
14:18:48,505 DEBUG BaseGeneralDataRegion:59 - Caching[foo.org.hibernate.cache.spi.UpdateTimestampsCache] : [Address] -> [5579090855895043]
14:18:48,505 DEBUG BaseGeneralDataRegion:59 - Caching[foo.org.hibernate.cache.spi.UpdateTimestampsCache] : [CourseMeeting] -> [5579090855895043]
14:18:48,506 DEBUG QueryTranslatorImpl:265 - parse() - HQL: select st.name as studentName, co.description as courseDescription from org.hibernate.test.querycache.Enrolment e join e.student st join e.course co order by e.studentNumber
14:18:48,508 DEBUG QueryTranslatorImpl:283 - --- HQL AST ---
 \-[QUERY] Node: 'query'
    +-[SELECT_FROM] Node: 'SELECT_FROM'
    |  +-[FROM] Node: 'from'
    |  |  +-[RANGE] Node: 'RANGE'
    |  |  |  +-[DOT] Node: '.'
    |  |  |  |  +-[DOT] Node: '.'
    |  |  |  |  |  +-[DOT] Node: '.'
    |  |  |  |  |  |  +-[DOT] Node: '.'
    |  |  |  |  |  |  |  +-[IDENT] Node: 'org'
    |  |  |  |  |  |  |  \-[IDENT] Node: 'hibernate'
    |  |  |  |  |  |  \-[IDENT] Node: 'test'
    |  |  |  |  |  \-[IDENT] Node: 'querycache'
    |  |  |  |  \-[IDENT] Node: 'Enrolment'
    |  |  |  \-[ALIAS] Node: 'e'
    |  |  +-[JOIN] Node: 'join'
    |  |  |  +-[DOT] Node: '.'
    |  |  |  |  +-[IDENT] Node: 'e'
    |  |  |  |  \-[IDENT] Node: 'student'
    |  |  |  \-[ALIAS] Node: 'st'
    |  |  \-[JOIN] Node: 'join'
    |  |     +-[DOT] Node: '.'
    |  |     |  +-[IDENT] Node: 'e'
    |  |     |  \-[IDENT] Node: 'course'
    |  |     \-[ALIAS] Node: 'co'
    |  \-[SELECT] Node: 'select'
    |     +-[AS] Node: 'as'
    |     |  +-[DOT] Node: '.'
    |     |  |  +-[IDENT] Node: 'st'
    |     |  |  \-[IDENT] Node: 'name'
    |     |  \-[IDENT] Node: 'studentName'
    |     \-[AS] Node: 'as'
    |        +-[DOT] Node: '.'
    |        |  +-[IDENT] Node: 'co'
    |        |  \-[IDENT] Node: 'description'
    |        \-[IDENT] Node: 'courseDescription'
    \-[ORDER] Node: 'order'
       \-[DOT] Node: '.'
          +-[IDENT] Node: 'e'
          \-[IDENT] Node: 'studentNumber'

14:18:48,515 DEBUG ErrorCounter:82 - throwQueryException() : no errors
14:18:48,515 DEBUG FromElement:157 - FromClause{level=1} : org.hibernate.test.querycache.Enrolment (e) -> enrolment0_
14:18:48,515 DEBUG FromReferenceNode:74 - Resolved : e -> (enrolment0_.studentId, enrolment0_.courseCode)
14:18:48,515 DEBUG DotNode:599 - getDataType() : student -> org.hibernate.type.ManyToOneType(org.hibernate.test.querycache.Student)
14:18:48,516 DEBUG DotNode:389 - dereferenceEntityJoin() : generating join for student in org.hibernate.test.querycache.Enrolment (st) parent = [ {null} ]
14:18:48,516 DEBUG FromElement:157 - FromClause{level=1} : org.hibernate.test.querycache.Student (st) -> student1_
14:18:48,516 DEBUG FromClause:282 - addJoinByPathMap() : e.student -> FromElement{explicit,not a collection join,not a fetch join,fetch non-lazy properties,classAlias=st,role=null,tableName=Student,tableAlias=student1_,origin=Enrolment enrolment0_,columns={enrolment0_.studentId ,className=org.hibernate.test.querycache.Student}}
14:18:48,516 DEBUG FromReferenceNode:74 - Resolved : e.student -> enrolment0_.studentId
14:18:48,516 DEBUG HqlSqlWalker:403 - createFromJoinElement() : -- join tree --
 \-[JOIN_FRAGMENT] FromElement: 'Student student1_' FromElement{explicit,not a collection join,not a fetch join,fetch non-lazy properties,classAlias=st,role=null,tableName=Student,tableAlias=student1_,origin=Enrolment enrolment0_,columns={enrolment0_.studentId ,className=org.hibernate.test.querycache.Student}}

14:18:48,516 DEBUG FromReferenceNode:74 - Resolved : e -> (enrolment0_.studentId, enrolment0_.courseCode)
14:18:48,516 DEBUG DotNode:599 - getDataType() : course -> org.hibernate.type.ManyToOneType(org.hibernate.test.querycache.Course)
14:18:48,524 DEBUG DotNode:389 - dereferenceEntityJoin() : generating join for course in org.hibernate.test.querycache.Enrolment (co) parent = [ {null} ]
14:18:48,524 DEBUG FromElement:157 - FromClause{level=1} : org.hibernate.test.querycache.Course (co) -> course2_
14:18:48,525 DEBUG FromClause:282 - addJoinByPathMap() : e.course -> FromElement{explicit,not a collection join,not a fetch join,fetch non-lazy properties,classAlias=co,role=null,tableName=Course,tableAlias=course2_,origin=Enrolment enrolment0_,columns={enrolment0_.courseCode ,className=org.hibernate.test.querycache.Course}}
14:18:48,525 DEBUG FromReferenceNode:74 - Resolved : e.course -> enrolment0_.courseCode
14:18:48,525 DEBUG HqlSqlWalker:403 - createFromJoinElement() : -- join tree --
 \-[JOIN_FRAGMENT] FromElement: 'Course course2_' FromElement{explicit,not a collection join,not a fetch join,fetch non-lazy properties,classAlias=co,role=null,tableName=Course,tableAlias=course2_,origin=Enrolment enrolment0_,columns={enrolment0_.courseCode ,className=org.hibernate.test.querycache.Course}}

14:18:48,525 DEBUG FromReferenceNode:74 - Resolved : st -> student1_.studentId
14:18:48,525 DEBUG DotNode:599 - getDataType() : name -> org.hibernate.type.ComponentType@4c559492
14:18:48,525 DEBUG DotNode:588 - Terminal propertyPath = [name]
14:18:48,525 DEBUG FromReferenceNode:74 - Resolved : st.name -> student1_.name_first, student1_.name_middle, student1_.name_last
14:18:48,526 DEBUG FromReferenceNode:74 - Resolved : co -> course2_.courseCode
14:18:48,526 DEBUG DotNode:599 - getDataType() : description -> org.hibernate.type.StringType@2dc8de40
14:18:48,526 DEBUG FromReferenceNode:74 - Resolved : co.description -> course2_.description
14:18:48,526 DEBUG FromReferenceNode:74 - Resolved : e -> enrolment0_.studentId, enrolment0_.courseCode
14:18:48,526 DEBUG DotNode:599 - getDataType() : studentNumber -> org.hibernate.type.LongType@4bf3f9d
14:18:48,526 DEBUG FromReferenceNode:74 - Resolved : e.studentNumber -> enrolment0_.studentId
14:18:48,526 DEBUG HqlSqlWalker:629 - processQuery() :  ( SELECT ( {select clause} ( student1_.name_first, student1_.name_middle, student1_.name_last student1_.studentId name ) ( course2_.description course2_.courseCode description ) ) ( FromClause{level=1} ( Enrolment enrolment0_ Student student1_ Course course2_ ) ) ( order ( enrolment0_.studentId enrolment0_.studentId, enrolment0_.courseCode studentNumber ) ) )
14:18:48,527 DEBUG JoinProcessor:175 - Using FROM fragment [Enrolment enrolment0_]
14:18:48,527 DEBUG JoinProcessor:175 - Using FROM fragment [inner join Student student1_ on enrolment0_.studentId=student1_.studentId]
14:18:48,527 DEBUG JoinProcessor:175 - Using FROM fragment [inner join Course course2_ on enrolment0_.courseCode=course2_.courseCode]
14:18:48,527 DEBUG QueryTranslatorImpl:252 - --- SQL AST ---
 \-[SELECT] QueryNode: 'SELECT'  querySpaces (Student,Course,Enrolment)
    +-[SELECT_CLAUSE] SelectClause: '{select clause}'
    |  +-[DOT] DotNode: 'student1_.name_first' {propertyName=name,dereferenceType=2,propertyPath=name,path=st.name,tableAlias=student1_,className=org.hibernate.test.querycache.Student,classAlias=st}
    |  |  +-[ALIAS_REF] IdentNode: 'student1_.studentId' {alias=st, className=org.hibernate.test.querycache.Student, tableAlias=student1_}
    |  |  \-[IDENT] IdentNode: 'name' {originalText=name}
    |  +-[SELECT_COLUMNS] SqlNode: ' as col_0_0_'
    |  +-[SQL_TOKEN] SqlFragment: 'student1_.name_middle'
    |  +-[SELECT_COLUMNS] SqlNode: ' as col_0_1_'
    |  +-[SQL_TOKEN] SqlFragment: 'student1_.name_last'
    |  +-[SELECT_COLUMNS] SqlNode: ' as col_0_2_'
    |  +-[DOT] DotNode: 'course2_.description' {propertyName=description,dereferenceType=ALL,propertyPath=description,path=co.description,tableAlias=course2_,className=org.hibernate.test.querycache.Course,classAlias=co}
    |  |  +-[ALIAS_REF] IdentNode: 'course2_.courseCode' {alias=co, className=org.hibernate.test.querycache.Course, tableAlias=course2_}
    |  |  \-[IDENT] IdentNode: 'description' {originalText=description}
    |  \-[SELECT_COLUMNS] SqlNode: ' as col_1_0_'
    +-[FROM] FromClause: 'from' FromClause{level=1, fromElementCounter=3, fromElements=3, fromElementByClassAlias=[co, e, st], fromElementByTableAlias=[student1_, enrolment0_, course2_], fromElementsByPath=[e.course, e.student], collectionJoinFromElementsByPath=[], impliedElements=[]}
    |  \-[FROM_FRAGMENT] FromElement: 'Enrolment enrolment0_' FromElement{explicit,not a collection join,not a fetch join,fetch non-lazy properties,classAlias=e,role=null,tableName=Enrolment,tableAlias=enrolment0_,origin=null,columns={,className=org.hibernate.test.querycache.Enrolment}}
    |     +-[JOIN_FRAGMENT] FromElement: 'inner join Student student1_ on enrolment0_.studentId=student1_.studentId' FromElement{explicit,not a collection join,not a fetch join,fetch non-lazy properties,classAlias=st,role=null,tableName=Student,tableAlias=student1_,origin=Enrolment enrolment0_,columns={enrolment0_.studentId ,className=org.hibernate.test.querycache.Student}}
    |     \-[JOIN_FRAGMENT] FromElement: 'inner join Course course2_ on enrolment0_.courseCode=course2_.courseCode' FromElement{explicit,not a collection join,not a fetch join,fetch non-lazy properties,classAlias=co,role=null,tableName=Course,tableAlias=course2_,origin=Enrolment enrolment0_,columns={enrolment0_.courseCode ,className=org.hibernate.test.querycache.Course}}
    \-[ORDER] OrderByClause: 'order'
       \-[DOT] DotNode: 'enrolment0_.studentId' {propertyName=studentNumber,dereferenceType=ALL,propertyPath=studentNumber,path=e.studentNumber,tableAlias=enrolment0_,className=org.hibernate.test.querycache.Enrolment,classAlias=e}
          +-[ALIAS_REF] IdentNode: 'enrolment0_.studentId, enrolment0_.courseCode' {alias=e, className=org.hibernate.test.querycache.Enrolment, tableAlias=enrolment0_}
          \-[IDENT] IdentNode: 'studentNumber' {originalText=studentNumber}

14:18:48,535 DEBUG ErrorCounter:82 - throwQueryException() : no errors
14:18:48,535 DEBUG QueryTranslatorImpl:235 - HQL: select st.name as studentName, co.description as courseDescription from org.hibernate.test.querycache.Enrolment e join e.student st join e.course co order by e.studentNumber
14:18:48,536 DEBUG QueryTranslatorImpl:236 - SQL: select student1_.name_first as col_0_0_, student1_.name_middle as col_0_1_, student1_.name_last as col_0_2_, course2_.description as col_1_0_ from Enrolment enrolment0_ inner join Student student1_ on enrolment0_.studentId=student1_.studentId inner join Course course2_ on enrolment0_.courseCode=course2_.courseCode order by enrolment0_.studentId
14:18:48,536 DEBUG ErrorCounter:82 - throwQueryException() : no errors
14:18:48,536 DEBUG SQL:104 - 
    select
        student1_.name_first as col_0_0_,
        student1_.name_middle as col_0_1_,
        student1_.name_last as col_0_2_,
        course2_.description as col_1_0_ 
    from
        Enrolment enrolment0_ 
    inner join
        Student student1_ 
            on enrolment0_.studentId=student1_.studentId 
    inner join
        Course course2_ 
            on enrolment0_.courseCode=course2_.courseCode 
    order by
        enrolment0_.studentId
14:18:48,546 DEBUG BaseGeneralDataRegion:59 - Caching[foo.org.hibernate.cache.internal.StandardQueryCache] : [sql: select student1_.name_first as col_0_0_, student1_.name_middle as col_0_1_, student1_.name_last as col_0_2_, course2_.description as col_1_0_ from Enrolment enrolment0_ inner join Student student1_ on enrolment0_.studentId=student1_.studentId inner join Course course2_ on enrolment0_.courseCode=course2_.courseCode order by enrolment0_.studentId; parameters: ; named parameters: {}; transformer: org.hibernate.transform.CacheableResultTransformer@1406bf] -> [[5579090856124416, [Ljava.io.Serializable;@614b802e, [Ljava.io.Serializable;@23cc7de9]]
14:18:48,547 DEBUG SQL:104 - 
    select
        student1_.name_first as col_0_0_,
        student1_.name_middle as col_0_1_,
        student1_.name_last as col_0_2_,
        course2_.description as col_1_0_ 
    from
        Enrolment enrolment0_ 
    inner join
        Student student1_ 
            on enrolment0_.studentId=student1_.studentId 
    inner join
        Course course2_ 
            on enrolment0_.courseCode=course2_.courseCode 
    order by
        enrolment0_.studentId
14:18:48,547 DEBUG BaseGeneralDataRegion:59 - Caching[foo.org.hibernate.cache.internal.StandardQueryCache] : [sql: select student1_.name_first as col_0_0_, student1_.name_middle as col_0_1_, student1_.name_last as col_0_2_, course2_.description as col_1_0_ from Enrolment enrolment0_ inner join Student student1_ on enrolment0_.studentId=student1_.studentId inner join Course course2_ on enrolment0_.courseCode=course2_.courseCode order by enrolment0_.studentId; parameters: ; named parameters: {}; transformer: org.hibernate.transform.CacheableResultTransformer@1406bf] -> [[5579090856128514, [Ljava.io.Serializable;@398b03a3, [Ljava.io.Serializable;@559bdfd8]]
14:18:48,548 DEBUG SQL:104 - 
    select
        student_.studentId,
        student_.name_first as name2_4_,
        student_.name_middle as name3_4_,
        student_.name_last as name4_4_,
        student_.preferredCourseCode as preferre5_4_ 
    from
        Student student_ 
    where
        student_.studentId=?
14:18:48,559 DEBUG SQL:104 - 
    select
        enrolment_.studentId,
        enrolment_.courseCode,
        enrolment_.semester as semester3_,
        enrolment_."year" as year4_3_ 
    from
        Enrolment enrolment_ 
    where
        enrolment_.studentId=? 
        and enrolment_.courseCode=?
14:18:48,560 DEBUG SQL:104 - 
    select
        course_.courseCode,
        course_.description as descript2_1_ 
    from
        Course course_ 
    where
        course_.courseCode=?
14:18:48,560 DEBUG SQL:104 - 
    select
        student_.studentId,
        student_.name_first as name2_4_,
        student_.name_middle as name3_4_,
        student_.name_last as name4_4_,
        student_.preferredCourseCode as preferre5_4_ 
    from
        Student student_ 
    where
        student_.studentId=?
14:18:48,571 DEBUG SQL:104 - 
    select
        enrolment_.studentId,
        enrolment_.courseCode,
        enrolment_.semester as semester3_,
        enrolment_."year" as year4_3_ 
    from
        Enrolment enrolment_ 
    where
        enrolment_.studentId=? 
        and enrolment_.courseCode=?
14:18:48,572 DEBUG SQL:104 - 
    select
        coursemeet_.courseCode,
        coursemeet_.day,
        coursemeet_.period,
        coursemeet_.location 
    from
        CourseMeeting coursemeet_ 
    where
        coursemeet_.courseCode=? 
        and coursemeet_.day=? 
        and coursemeet_.period=? 
        and coursemeet_.location=?
14:18:48,572 DEBUG SQL:104 - 
    select
        coursemeet_.courseCode,
        coursemeet_.day,
        coursemeet_.period,
        coursemeet_.location 
    from
        CourseMeeting coursemeet_ 
    where
        coursemeet_.courseCode=? 
        and coursemeet_.day=? 
        and coursemeet_.period=? 
        and coursemeet_.location=?
14:18:48,572 DEBUG BaseGeneralDataRegion:59 - Caching[foo.org.hibernate.cache.spi.UpdateTimestampsCache] : [Enrolment] -> [5579091101990912]
14:18:48,573 DEBUG SQL:104 - 
    update
        Address 
    set
        studentNumber=null,
        addressType=null 
    where
        studentNumber=?
14:18:48,573 DEBUG BaseGeneralDataRegion:59 - Caching[foo.org.hibernate.cache.spi.UpdateTimestampsCache] : [Address] -> [5579091101995008]
14:18:48,573 DEBUG SQL:104 - 
    delete 
    from
        Student_secretCodes 
    where
        studentNumber=?
14:18:48,573 DEBUG BaseGeneralDataRegion:59 - Caching[foo.org.hibernate.cache.spi.UpdateTimestampsCache] : [Student_secretCodes] -> [5579091101995009]
14:18:48,573 DEBUG BaseGeneralDataRegion:59 - Caching[foo.org.hibernate.cache.spi.UpdateTimestampsCache] : [Enrolment] -> [5579091101995010]
14:18:48,573 DEBUG BaseGeneralDataRegion:59 - Caching[foo.org.hibernate.cache.spi.UpdateTimestampsCache] : [Address] -> [5579091101995011]
14:18:48,573 DEBUG SQL:104 - 
    delete 
    from
        Student_secretCodes 
    where
        studentNumber=?
14:18:48,586 DEBUG BaseGeneralDataRegion:59 - Caching[foo.org.hibernate.cache.spi.UpdateTimestampsCache] : [Student_secretCodes] -> [5579091102048256]
14:18:48,587 DEBUG BaseGeneralDataRegion:59 - Caching[foo.org.hibernate.cache.spi.UpdateTimestampsCache] : [CourseMeeting] -> [5579091102052352]
14:18:48,587 DEBUG SQL:104 - 
    delete 
    from
        Enrolment 
    where
        studentId=? 
        and courseCode=?
14:18:48,587 DEBUG BaseGeneralDataRegion:59 - Caching[foo.org.hibernate.cache.spi.UpdateTimestampsCache] : [Enrolment] -> [5579091102052353]
14:18:48,587 DEBUG SQL:104 - 
    delete 
    from
        Address 
    where
        id=?
14:18:48,587 DEBUG BaseGeneralDataRegion:59 - Caching[foo.org.hibernate.cache.spi.UpdateTimestampsCache] : [Address] -> [5579091102052354]
14:18:48,587 DEBUG SQL:104 - 
    delete 
    from
        Address 
    where
        id=?
14:18:48,588 DEBUG BaseGeneralDataRegion:59 - Caching[foo.org.hibernate.cache.spi.UpdateTimestampsCache] : [Address] -> [5579091102056448]
14:18:48,588 DEBUG SQL:104 - 
    delete 
    from
        Student 
    where
        studentId=?
14:18:48,596 DEBUG BaseGeneralDataRegion:59 - Caching[foo.org.hibernate.cache.spi.UpdateTimestampsCache] : [Student] -> [5579091102089216]
14:18:48,597 DEBUG SQL:104 - 
    delete 
    from
        Enrolment 
    where
        studentId=? 
        and courseCode=?
14:18:48,597 DEBUG BaseGeneralDataRegion:59 - Caching[foo.org.hibernate.cache.spi.UpdateTimestampsCache] : [Enrolment] -> [5579091102093312]
14:18:48,597 DEBUG SQL:104 - 
    delete 
    from
        Student 
    where
        studentId=?
14:18:48,597 DEBUG BaseGeneralDataRegion:59 - Caching[foo.org.hibernate.cache.spi.UpdateTimestampsCache] : [Student] -> [5579091102093313]
14:18:48,597 DEBUG SQL:104 - 
    delete 
    from
        CourseMeeting 
    where
        courseCode=? 
        and day=? 
        and period=? 
        and location=?
14:18:48,597 DEBUG BaseGeneralDataRegion:59 - Caching[foo.org.hibernate.cache.spi.UpdateTimestampsCache] : [CourseMeeting] -> [5579091102093314]
14:18:48,597 DEBUG SQL:104 - 
    delete 
    from
        CourseMeeting 
    where
        courseCode=? 
        and day=? 
        and period=? 
        and location=?
14:18:48,598 DEBUG BaseGeneralDataRegion:59 - Caching[foo.org.hibernate.cache.spi.UpdateTimestampsCache] : [CourseMeeting] -> [5579091102097408]
14:18:48,598 DEBUG SQL:104 - 
    delete 
    from
        Course 
    where
        courseCode=?
14:18:48,618 DEBUG BaseGeneralDataRegion:59 - Caching[foo.org.hibernate.cache.spi.UpdateTimestampsCache] : [Course] -> [5579091102179328]
14:18:48,619 DEBUG BaseGeneralDataRegion:59 - Caching[foo.org.hibernate.cache.spi.UpdateTimestampsCache] : [Student] -> [5579090856423424]
14:18:48,619 DEBUG BaseGeneralDataRegion:59 - Caching[foo.org.hibernate.cache.spi.UpdateTimestampsCache] : [Course] -> [5579090856423424]
14:18:48,619 DEBUG BaseGeneralDataRegion:59 - Caching[foo.org.hibernate.cache.spi.UpdateTimestampsCache] : [Enrolment] -> [5579090856423424]
14:18:48,619 DEBUG BaseGeneralDataRegion:59 - Caching[foo.org.hibernate.cache.spi.UpdateTimestampsCache] : [Student_secretCodes] -> [5579090856423424]
14:18:48,619 DEBUG BaseGeneralDataRegion:59 - Caching[foo.org.hibernate.cache.spi.UpdateTimestampsCache] : [Address] -> [5579090856423424]
14:18:48,619 DEBUG BaseGeneralDataRegion:59 - Caching[foo.org.hibernate.cache.spi.UpdateTimestampsCache] : [CourseMeeting] -> [5579090856423424]
14:18:48,620  INFO CustomRunner:139 - Test: testAliasToBeanDtoOneArgList
14:18:48,621 DEBUG SQL:104 - 
    select
        coursemeet_.courseCode,
        coursemeet_.day,
        coursemeet_.period,
        coursemeet_.location 
    from
        CourseMeeting coursemeet_ 
    where
        coursemeet_.courseCode=? 
        and coursemeet_.day=? 
        and coursemeet_.period=? 
        and coursemeet_.location=?
14:18:48,621 DEBUG SQL:104 - 
    select
        coursemeet_.courseCode,
        coursemeet_.day,
        coursemeet_.period,
        coursemeet_.location 
    from
        CourseMeeting coursemeet_ 
    where
        coursemeet_.courseCode=? 
        and coursemeet_.day=? 
        and coursemeet_.period=? 
        and coursemeet_.location=?
14:18:48,629 DEBUG SQL:104 - 
    insert 
    into
        Course
        (description, courseCode) 
    values
        (?, ?)
14:18:48,629 DEBUG BaseGeneralDataRegion:59 - Caching[foo.org.hibernate.cache.spi.UpdateTimestampsCache] : [Course] -> [5579091102224384]
14:18:48,629 DEBUG SQL:104 - 
    insert 
    into
        CourseMeeting
        (courseCode, day, period, location) 
    values
        (?, ?, ?, ?)
14:18:48,629 DEBUG BaseGeneralDataRegion:59 - Caching[foo.org.hibernate.cache.spi.UpdateTimestampsCache] : [CourseMeeting] -> [5579091102224385]
14:18:48,630 DEBUG SQL:104 - 
    insert 
    into
        CourseMeeting
        (courseCode, day, period, location) 
    values
        (?, ?, ?, ?)
14:18:48,639 DEBUG BaseGeneralDataRegion:59 - Caching[foo.org.hibernate.cache.spi.UpdateTimestampsCache] : [CourseMeeting] -> [5579091102265344]
14:18:48,639 DEBUG SQL:104 - 
    insert 
    into
        Student
        (name_first, name_middle, name_last, preferredCourseCode, studentId) 
    values
        (?, ?, ?, ?, ?)
14:18:48,639 DEBUG BaseGeneralDataRegion:59 - Caching[foo.org.hibernate.cache.spi.UpdateTimestampsCache] : [Student] -> [5579091102265345]
14:18:48,639 DEBUG SQL:104 - 
    insert 
    into
        Address
        (addressType, street, city, stateProvince, postalCode, country, studentNumber, id) 
    values
        (?, ?, ?, ?, ?, ?, ?, ?)
14:18:48,639 DEBUG BaseGeneralDataRegion:59 - Caching[foo.org.hibernate.cache.spi.UpdateTimestampsCache] : [Address] -> [5579091102265346]
14:18:48,640 DEBUG SQL:104 - 
    insert 
    into
        Address
        (addressType, street, city, stateProvince, postalCode, country, studentNumber, id) 
    values
        (?, ?, ?, ?, ?, ?, ?, ?)
14:18:48,640 DEBUG BaseGeneralDataRegion:59 - Caching[foo.org.hibernate.cache.spi.UpdateTimestampsCache] : [Address] -> [5579091102269440]
14:18:48,640 DEBUG SQL:104 - 
    insert 
    into
        Student
        (name_first, name_middle, name_last, preferredCourseCode, studentId) 
    values
        (?, ?, ?, ?, ?)
14:18:48,649 DEBUG BaseGeneralDataRegion:59 - Caching[foo.org.hibernate.cache.spi.UpdateTimestampsCache] : [Student] -> [5579091102306304]
14:18:48,649 DEBUG SQL:104 - 
    insert 
    into
        Enrolment
        (semester, "year", studentId, courseCode) 
    values
        (?, ?, ?, ?)
14:18:48,650 DEBUG BaseGeneralDataRegion:59 - Caching[foo.org.hibernate.cache.spi.UpdateTimestampsCache] : [Enrolment] -> [5579091102310400]
14:18:48,650 DEBUG SQL:104 - 
    insert 
    into
        Enrolment
        (semester, "year", studentId, courseCode) 
    values
        (?, ?, ?, ?)
14:18:48,650 DEBUG BaseGeneralDataRegion:59 - Caching[foo.org.hibernate.cache.spi.UpdateTimestampsCache] : [Enrolment] -> [5579091102310401]
14:18:48,650 DEBUG BaseGeneralDataRegion:59 - Caching[foo.org.hibernate.cache.spi.UpdateTimestampsCache] : [CourseMeeting] -> [5579091102310402]
14:18:48,650 DEBUG BaseGeneralDataRegion:59 - Caching[foo.org.hibernate.cache.spi.UpdateTimestampsCache] : [Enrolment] -> [5579091102310403]
14:18:48,650 DEBUG SQL:104 - 
    update
        Address 
    set
        studentNumber=?,
        addressType=? 
    where
        id=?
14:18:48,658 DEBUG SQL:104 - 
    update
        Address 
    set
        studentNumber=?,
        addressType=? 
    where
        id=?
14:18:48,659 DEBUG BaseGeneralDataRegion:59 - Caching[foo.org.hibernate.cache.spi.UpdateTimestampsCache] : [Address] -> [5579091102347264]
14:18:48,659 DEBUG SQL:104 - 
    insert 
    into
        Student_secretCodes
        (studentNumber, i, secretCode) 
    values
        (?, ?, ?)
14:18:48,659 DEBUG BaseGeneralDataRegion:59 - Caching[foo.org.hibernate.cache.spi.UpdateTimestampsCache] : [Student_secretCodes] -> [5579091102347265]
14:18:48,659 DEBUG BaseGeneralDataRegion:59 - Caching[foo.org.hibernate.cache.spi.UpdateTimestampsCache] : [Enrolment] -> [5579091102347266]
14:18:48,659 DEBUG BaseGeneralDataRegion:59 - Caching[foo.org.hibernate.cache.spi.UpdateTimestampsCache] : [Address] -> [5579091102347267]
14:18:48,659 DEBUG SQL:104 - 
    insert 
    into
        Student_secretCodes
        (studentNumber, i, secretCode) 
    values
        (?, ?, ?)
14:18:48,669 DEBUG SQL:104 - 
    insert 
    into
        Student_secretCodes
        (studentNumber, i, secretCode) 
    values
        (?, ?, ?)
14:18:48,669 DEBUG BaseGeneralDataRegion:59 - Caching[foo.org.hibernate.cache.spi.UpdateTimestampsCache] : [Student_secretCodes] -> [5579091102388224]
14:18:48,669 DEBUG BaseGeneralDataRegion:59 - Caching[foo.org.hibernate.cache.spi.UpdateTimestampsCache] : [Student] -> [5579090856628225]
14:18:48,669 DEBUG BaseGeneralDataRegion:59 - Caching[foo.org.hibernate.cache.spi.UpdateTimestampsCache] : [Course] -> [5579090856628225]
14:18:48,669 DEBUG BaseGeneralDataRegion:59 - Caching[foo.org.hibernate.cache.spi.UpdateTimestampsCache] : [Enrolment] -> [5579090856628225]
14:18:48,669 DEBUG BaseGeneralDataRegion:59 - Caching[foo.org.hibernate.cache.spi.UpdateTimestampsCache] : [Student_secretCodes] -> [5579090856628225]
14:18:48,670 DEBUG BaseGeneralDataRegion:59 - Caching[foo.org.hibernate.cache.spi.UpdateTimestampsCache] : [Address] -> [5579090856628225]
14:18:48,670 DEBUG BaseGeneralDataRegion:59 - Caching[foo.org.hibernate.cache.spi.UpdateTimestampsCache] : [CourseMeeting] -> [5579090856628225]
14:18:48,670 DEBUG QueryTranslatorImpl:265 - parse() - HQL: select st.name as studentName from org.hibernate.test.querycache.Student st order by st.studentNumber
14:18:48,671 DEBUG QueryTranslatorImpl:283 - --- HQL AST ---
 \-[QUERY] Node: 'query'
    +-[SELECT_FROM] Node: 'SELECT_FROM'
    |  +-[FROM] Node: 'from'
    |  |  \-[RANGE] Node: 'RANGE'
    |  |     +-[DOT] Node: '.'
    |  |     |  +-[DOT] Node: '.'
    |  |     |  |  +-[DOT] Node: '.'
    |  |     |  |  |  +-[DOT] Node: '.'
    |  |     |  |  |  |  +-[IDENT] Node: 'org'
    |  |     |  |  |  |  \-[IDENT] Node: 'hibernate'
    |  |     |  |  |  \-[IDENT] Node: 'test'
    |  |     |  |  \-[IDENT] Node: 'querycache'
    |  |     |  \-[IDENT] Node: 'Student'
    |  |     \-[ALIAS] Node: 'st'
    |  \-[SELECT] Node: 'select'
    |     \-[AS] Node: 'as'
    |        +-[DOT] Node: '.'
    |        |  +-[IDENT] Node: 'st'
    |        |  \-[IDENT] Node: 'name'
    |        \-[IDENT] Node: 'studentName'
    \-[ORDER] Node: 'order'
       \-[DOT] Node: '.'
          +-[IDENT] Node: 'st'
          \-[IDENT] Node: 'studentNumber'

14:18:48,678 DEBUG ErrorCounter:82 - throwQueryException() : no errors
14:18:48,679 DEBUG FromElement:157 - FromClause{level=1} : org.hibernate.test.querycache.Student (st) -> student0_
14:18:48,679 DEBUG FromReferenceNode:74 - Resolved : st -> student0_.studentId
14:18:48,679 DEBUG DotNode:599 - getDataType() : name -> org.hibernate.type.ComponentType@4c559492
14:18:48,679 DEBUG DotNode:588 - Terminal propertyPath = [name]
14:18:48,679 DEBUG FromReferenceNode:74 - Resolved : st.name -> student0_.name_first, student0_.name_middle, student0_.name_last
14:18:48,679 DEBUG FromReferenceNode:74 - Resolved : st -> student0_.studentId
14:18:48,680 DEBUG DotNode:599 - getDataType() : studentNumber -> org.hibernate.type.LongType@4bf3f9d
14:18:48,680 DEBUG FromReferenceNode:74 - Resolved : st.studentNumber -> student0_.studentId
14:18:48,680 DEBUG HqlSqlWalker:629 - processQuery() :  ( SELECT ( {select clause} ( student0_.name_first, student0_.name_middle, student0_.name_last student0_.studentId name ) ) ( FromClause{level=1} Student student0_ ) ( order ( student0_.studentId student0_.studentId studentNumber ) ) )
14:18:48,680 DEBUG JoinProcessor:175 - Using FROM fragment [Student student0_]
14:18:48,680 DEBUG QueryTranslatorImpl:252 - --- SQL AST ---
 \-[SELECT] QueryNode: 'SELECT'  querySpaces (Student)
    +-[SELECT_CLAUSE] SelectClause: '{select clause}'
    |  +-[DOT] DotNode: 'student0_.name_first' {propertyName=name,dereferenceType=2,propertyPath=name,path=st.name,tableAlias=student0_,className=org.hibernate.test.querycache.Student,classAlias=st}
    |  |  +-[ALIAS_REF] IdentNode: 'student0_.studentId' {alias=st, className=org.hibernate.test.querycache.Student, tableAlias=student0_}
    |  |  \-[IDENT] IdentNode: 'name' {originalText=name}
    |  +-[SELECT_COLUMNS] SqlNode: ' as col_0_0_'
    |  +-[SQL_TOKEN] SqlFragment: 'student0_.name_middle'
    |  +-[SELECT_COLUMNS] SqlNode: ' as col_0_1_'
    |  +-[SQL_TOKEN] SqlFragment: 'student0_.name_last'
    |  \-[SELECT_COLUMNS] SqlNode: ' as col_0_2_'
    +-[FROM] FromClause: 'from' FromClause{level=1, fromElementCounter=1, fromElements=1, fromElementByClassAlias=[st], fromElementByTableAlias=[student0_], fromElementsByPath=[], collectionJoinFromElementsByPath=[], impliedElements=[]}
    |  \-[FROM_FRAGMENT] FromElement: 'Student student0_' FromElement{explicit,not a collection join,not a fetch join,fetch non-lazy properties,classAlias=st,role=null,tableName=Student,tableAlias=student0_,origin=null,columns={,className=org.hibernate.test.querycache.Student}}
    \-[ORDER] OrderByClause: 'order'
       \-[DOT] DotNode: 'student0_.studentId' {propertyName=studentNumber,dereferenceType=ALL,propertyPath=studentNumber,path=st.studentNumber,tableAlias=student0_,className=org.hibernate.test.querycache.Student,classAlias=st}
          +-[ALIAS_REF] IdentNode: 'student0_.studentId' {alias=st, className=org.hibernate.test.querycache.Student, tableAlias=student0_}
          \-[IDENT] IdentNode: 'studentNumber' {originalText=studentNumber}

14:18:48,687 DEBUG ErrorCounter:82 - throwQueryException() : no errors
14:18:48,687 DEBUG QueryTranslatorImpl:235 - HQL: select st.name as studentName from org.hibernate.test.querycache.Student st order by st.studentNumber
14:18:48,688 DEBUG QueryTranslatorImpl:236 - SQL: select student0_.name_first as col_0_0_, student0_.name_middle as col_0_1_, student0_.name_last as col_0_2_ from Student student0_ order by student0_.studentId
14:18:48,688 DEBUG ErrorCounter:82 - throwQueryException() : no errors
14:18:48,688 DEBUG SQL:104 - 
    select
        student0_.name_first as col_0_0_,
        student0_.name_middle as col_0_1_,
        student0_.name_last as col_0_2_ 
    from
        Student student0_ 
    order by
        student0_.studentId
14:18:48,689 DEBUG BaseGeneralDataRegion:59 - Caching[foo.org.hibernate.cache.internal.StandardQueryCache] : [sql: select student0_.name_first as col_0_0_, student0_.name_middle as col_0_1_, student0_.name_last as col_0_2_ from Student student0_ order by student0_.studentId; parameters: ; named parameters: {}; transformer: org.hibernate.transform.CacheableResultTransformer@110f2] -> [[5579090856706048, [Ljava.lang.Object;@16816e4c, [Ljava.lang.Object;@b704b1f]]
14:18:48,689 DEBUG SQL:104 - 
    select
        student0_.name_first as col_0_0_,
        student0_.name_middle as col_0_1_,
        student0_.name_last as col_0_2_ 
    from
        Student student0_ 
    order by
        student0_.studentId
14:18:48,697 DEBUG BaseGeneralDataRegion:59 - Caching[foo.org.hibernate.cache.internal.StandardQueryCache] : [sql: select student0_.name_first as col_0_0_, student0_.name_middle as col_0_1_, student0_.name_last as col_0_2_ from Student student0_ order by student0_.studentId; parameters: ; named parameters: {}; transformer: org.hibernate.transform.CacheableResultTransformer@110f2] -> [[5579090856742912, [Ljava.lang.Object;@24ab32e2, [Ljava.lang.Object;@6399a63c]]
14:18:48,698 DEBUG SQL:104 - 
    select
        student_.studentId,
        student_.name_first as name2_4_,
        student_.name_middle as name3_4_,
        student_.name_last as name4_4_,
        student_.preferredCourseCode as preferre5_4_ 
    from
        Student student_ 
    where
        student_.studentId=?
14:18:48,698 DEBUG SQL:104 - 
    select
        enrolment_.studentId,
        enrolment_.courseCode,
        enrolment_.semester as semester3_,
        enrolment_."year" as year4_3_ 
    from
        Enrolment enrolment_ 
    where
        enrolment_.studentId=? 
        and enrolment_.courseCode=?
14:18:48,699 DEBUG SQL:104 - 
    select
        course_.courseCode,
        course_.description as descript2_1_ 
    from
        Course course_ 
    where
        course_.courseCode=?
14:18:48,699 DEBUG SQL:104 - 
    select
        student_.studentId,
        student_.name_first as name2_4_,
        student_.name_middle as name3_4_,
        student_.name_last as name4_4_,
        student_.preferredCourseCode as preferre5_4_ 
    from
        Student student_ 
    where
        student_.studentId=?
14:18:48,699 DEBUG SQL:104 - 
    select
        enrolment_.studentId,
        enrolment_.courseCode,
        enrolment_.semester as semester3_,
        enrolment_."year" as year4_3_ 
    from
        Enrolment enrolment_ 
    where
        enrolment_.studentId=? 
        and enrolment_.courseCode=?
14:18:48,699 DEBUG SQL:104 - 
    select
        coursemeet_.courseCode,
        coursemeet_.day,
        coursemeet_.period,
        coursemeet_.location 
    from
        CourseMeeting coursemeet_ 
    where
        coursemeet_.courseCode=? 
        and coursemeet_.day=? 
        and coursemeet_.period=? 
        and coursemeet_.location=?
14:18:48,710 DEBUG SQL:104 - 
    select
        coursemeet_.courseCode,
        coursemeet_.day,
        coursemeet_.period,
        coursemeet_.location 
    from
        CourseMeeting coursemeet_ 
    where
        coursemeet_.courseCode=? 
        and coursemeet_.day=? 
        and coursemeet_.period=? 
        and coursemeet_.location=?
14:18:48,711 DEBUG BaseGeneralDataRegion:59 - Caching[foo.org.hibernate.cache.spi.UpdateTimestampsCache] : [Enrolment] -> [5579091102560256]
14:18:48,711 DEBUG SQL:104 - 
    update
        Address 
    set
        studentNumber=null,
        addressType=null 
    where
        studentNumber=?
14:18:48,722 DEBUG BaseGeneralDataRegion:59 - Caching[foo.org.hibernate.cache.spi.UpdateTimestampsCache] : [Address] -> [5579091102605312]
14:18:48,722 DEBUG SQL:104 - 
    delete 
    from
        Student_secretCodes 
    where
        studentNumber=?
14:18:48,722 DEBUG BaseGeneralDataRegion:59 - Caching[foo.org.hibernate.cache.spi.UpdateTimestampsCache] : [Student_secretCodes] -> [5579091102605313]
14:18:48,722 DEBUG BaseGeneralDataRegion:59 - Caching[foo.org.hibernate.cache.spi.UpdateTimestampsCache] : [Enrolment] -> [5579091102605314]
14:18:48,722 DEBUG BaseGeneralDataRegion:59 - Caching[foo.org.hibernate.cache.spi.UpdateTimestampsCache] : [Address] -> [5579091102605315]
14:18:48,722 DEBUG SQL:104 - 
    delete 
    from
        Student_secretCodes 
    where
        studentNumber=?
14:18:48,723 DEBUG BaseGeneralDataRegion:59 - Caching[foo.org.hibernate.cache.spi.UpdateTimestampsCache] : [Student_secretCodes] -> [5579091102609408]
14:18:48,723 DEBUG BaseGeneralDataRegion:59 - Caching[foo.org.hibernate.cache.spi.UpdateTimestampsCache] : [CourseMeeting] -> [5579091102609409]
14:18:48,723 DEBUG SQL:104 - 
    delete 
    from
        Enrolment 
    where
        studentId=? 
        and courseCode=?
14:18:48,723 DEBUG BaseGeneralDataRegion:59 - Caching[foo.org.hibernate.cache.spi.UpdateTimestampsCache] : [Enrolment] -> [5579091102609410]
14:18:48,723 DEBUG SQL:104 - 
    delete 
    from
        Address 
    where
        id=?
14:18:48,723 DEBUG BaseGeneralDataRegion:59 - Caching[foo.org.hibernate.cache.spi.UpdateTimestampsCache] : [Address] -> [5579091102609411]
14:18:48,723 DEBUG SQL:104 - 
    delete 
    from
        Address 
    where
        id=?
14:18:48,723 DEBUG BaseGeneralDataRegion:59 - Caching[foo.org.hibernate.cache.spi.UpdateTimestampsCache] : [Address] -> [5579091102609412]
14:18:48,724 DEBUG SQL:104 - 
    delete 
    from
        Student 
    where
        studentId=?
14:18:48,744 DEBUG BaseGeneralDataRegion:59 - Caching[foo.org.hibernate.cache.spi.UpdateTimestampsCache] : [Student] -> [5579091102695424]
14:18:48,745 DEBUG SQL:104 - 
    delete 
    from
        Enrolment 
    where
        studentId=? 
        and courseCode=?
14:18:48,745 DEBUG BaseGeneralDataRegion:59 - Caching[foo.org.hibernate.cache.spi.UpdateTimestampsCache] : [Enrolment] -> [5579091102699520]
14:18:48,745 DEBUG SQL:104 - 
    delete 
    from
        Student 
    where
        studentId=?
14:18:48,745 DEBUG BaseGeneralDataRegion:59 - Caching[foo.org.hibernate.cache.spi.UpdateTimestampsCache] : [Student] -> [5579091102699521]
14:18:48,745 DEBUG SQL:104 - 
    delete 
    from
        CourseMeeting 
    where
        courseCode=? 
        and day=? 
        and period=? 
        and location=?
14:18:48,746 DEBUG BaseGeneralDataRegion:59 - Caching[foo.org.hibernate.cache.spi.UpdateTimestampsCache] : [CourseMeeting] -> [5579091102703616]
14:18:48,754 DEBUG SQL:104 - 
    delete 
    from
        CourseMeeting 
    where
        courseCode=? 
        and day=? 
        and period=? 
        and location=?
14:18:48,755 DEBUG BaseGeneralDataRegion:59 - Caching[foo.org.hibernate.cache.spi.UpdateTimestampsCache] : [CourseMeeting] -> [5579091102740480]
14:18:48,755 DEBUG SQL:104 - 
    delete 
    from
        Course 
    where
        courseCode=?
14:18:48,755 DEBUG BaseGeneralDataRegion:59 - Caching[foo.org.hibernate.cache.spi.UpdateTimestampsCache] : [Course] -> [5579091102740481]
14:18:48,755 DEBUG BaseGeneralDataRegion:59 - Caching[foo.org.hibernate.cache.spi.UpdateTimestampsCache] : [Student] -> [5579090856980482]
14:18:48,755 DEBUG BaseGeneralDataRegion:59 - Caching[foo.org.hibernate.cache.spi.UpdateTimestampsCache] : [Course] -> [5579090856980482]
14:18:48,756 DEBUG BaseGeneralDataRegion:59 - Caching[foo.org.hibernate.cache.spi.UpdateTimestampsCache] : [Enrolment] -> [5579090856980482]
14:18:48,756 DEBUG BaseGeneralDataRegion:59 - Caching[foo.org.hibernate.cache.spi.UpdateTimestampsCache] : [Student_secretCodes] -> [5579090856980482]
14:18:48,756 DEBUG BaseGeneralDataRegion:59 - Caching[foo.org.hibernate.cache.spi.UpdateTimestampsCache] : [Address] -> [5579090856980482]
14:18:48,756 DEBUG BaseGeneralDataRegion:59 - Caching[foo.org.hibernate.cache.spi.UpdateTimestampsCache] : [CourseMeeting] -> [5579090856980482]
14:18:48,756  INFO CustomRunner:139 - Test: testAliasToBeanDtoWithNullAliasList
14:18:48,757 DEBUG SQL:104 - 
    select
        coursemeet_.courseCode,
        coursemeet_.day,
        coursemeet_.period,
        coursemeet_.location 
    from
        CourseMeeting coursemeet_ 
    where
        coursemeet_.courseCode=? 
        and coursemeet_.day=? 
        and coursemeet_.period=? 
        and coursemeet_.location=?
14:18:48,765 DEBUG SQL:104 - 
    select
        coursemeet_.courseCode,
        coursemeet_.day,
        coursemeet_.period,
        coursemeet_.location 
    from
        CourseMeeting coursemeet_ 
    where
        coursemeet_.courseCode=? 
        and coursemeet_.day=? 
        and coursemeet_.period=? 
        and coursemeet_.location=?
14:18:48,766 DEBUG SQL:104 - 
    insert 
    into
        Course
        (description, courseCode) 
    values
        (?, ?)
14:18:48,775 DEBUG BaseGeneralDataRegion:59 - Caching[foo.org.hibernate.cache.spi.UpdateTimestampsCache] : [Course] -> [5579091102822400]
14:18:48,776 DEBUG SQL:104 - 
    insert 
    into
        CourseMeeting
        (courseCode, day, period, location) 
    values
        (?, ?, ?, ?)
14:18:48,776 DEBUG BaseGeneralDataRegion:59 - Caching[foo.org.hibernate.cache.spi.UpdateTimestampsCache] : [CourseMeeting] -> [5579091102826496]
14:18:48,776 DEBUG SQL:104 - 
    insert 
    into
        CourseMeeting
        (courseCode, day, period, location) 
    values
        (?, ?, ?, ?)
14:18:48,776 DEBUG BaseGeneralDataRegion:59 - Caching[foo.org.hibernate.cache.spi.UpdateTimestampsCache] : [CourseMeeting] -> [5579091102826497]
14:18:48,776 DEBUG SQL:104 - 
    insert 
    into
        Student
        (name_first, name_middle, name_last, preferredCourseCode, studentId) 
    values
        (?, ?, ?, ?, ?)
14:18:48,777 DEBUG BaseGeneralDataRegion:59 - Caching[foo.org.hibernate.cache.spi.UpdateTimestampsCache] : [Student] -> [5579091102830592]
14:18:48,777 DEBUG SQL:104 - 
    insert 
    into
        Address
        (addressType, street, city, stateProvince, postalCode, country, studentNumber, id) 
    values
        (?, ?, ?, ?, ?, ?, ?, ?)
14:18:48,787 DEBUG BaseGeneralDataRegion:59 - Caching[foo.org.hibernate.cache.spi.UpdateTimestampsCache] : [Address] -> [5579091102871552]
14:18:48,787 DEBUG SQL:104 - 
    insert 
    into
        Address
        (addressType, street, city, stateProvince, postalCode, country, studentNumber, id) 
    values
        (?, ?, ?, ?, ?, ?, ?, ?)
14:18:48,787 DEBUG BaseGeneralDataRegion:59 - Caching[foo.org.hibernate.cache.spi.UpdateTimestampsCache] : [Address] -> [5579091102871553]
14:18:48,787 DEBUG SQL:104 - 
    insert 
    into
        Student
        (name_first, name_middle, name_last, preferredCourseCode, studentId) 
    values
        (?, ?, ?, ?, ?)
14:18:48,788 DEBUG BaseGeneralDataRegion:59 - Caching[foo.org.hibernate.cache.spi.UpdateTimestampsCache] : [Student] -> [5579091102875648]
14:18:48,788 DEBUG SQL:104 - 
    insert 
    into
        Enrolment
        (semester, "year", studentId, courseCode) 
    values
        (?, ?, ?, ?)
14:18:48,788 DEBUG BaseGeneralDataRegion:59 - Caching[foo.org.hibernate.cache.spi.UpdateTimestampsCache] : [Enrolment] -> [5579091102875649]
14:18:48,788 DEBUG SQL:104 - 
    insert 
    into
        Enrolment
        (semester, "year", studentId, courseCode) 
    values
        (?, ?, ?, ?)
14:18:48,802 DEBUG BaseGeneralDataRegion:59 - Caching[foo.org.hibernate.cache.spi.UpdateTimestampsCache] : [Enrolment] -> [5579091102932992]
14:18:48,802 DEBUG BaseGeneralDataRegion:59 - Caching[foo.org.hibernate.cache.spi.UpdateTimestampsCache] : [CourseMeeting] -> [5579091102932993]
14:18:48,802 DEBUG BaseGeneralDataRegion:59 - Caching[foo.org.hibernate.cache.spi.UpdateTimestampsCache] : [Enrolment] -> [5579091102932994]
14:18:48,802 DEBUG SQL:104 - 
    update
        Address 
    set
        studentNumber=?,
        addressType=? 
    where
        id=?
14:18:48,803 DEBUG SQL:104 - 
    update
        Address 
    set
        studentNumber=?,
        addressType=? 
    where
        id=?
14:18:48,803 DEBUG BaseGeneralDataRegion:59 - Caching[foo.org.hibernate.cache.spi.UpdateTimestampsCache] : [Address] -> [5579091102937088]
14:18:48,803 DEBUG SQL:104 - 
    insert 
    into
        Student_secretCodes
        (studentNumber, i, secretCode) 
    values
        (?, ?, ?)
14:18:48,813 DEBUG BaseGeneralDataRegion:59 - Caching[foo.org.hibernate.cache.spi.UpdateTimestampsCache] : [Student_secretCodes] -> [5579091102978048]
14:18:48,813 DEBUG BaseGeneralDataRegion:59 - Caching[foo.org.hibernate.cache.spi.UpdateTimestampsCache] : [Enrolment] -> [5579091102978049]
14:18:48,813 DEBUG BaseGeneralDataRegion:59 - Caching[foo.org.hibernate.cache.spi.UpdateTimestampsCache] : [Address] -> [5579091102978050]
14:18:48,813 DEBUG SQL:104 - 
    insert 
    into
        Student_secretCodes
        (studentNumber, i, secretCode) 
    values
        (?, ?, ?)
14:18:48,814 DEBUG SQL:104 - 
    insert 
    into
        Student_secretCodes
        (studentNumber, i, secretCode) 
    values
        (?, ?, ?)
14:18:48,814 DEBUG BaseGeneralDataRegion:59 - Caching[foo.org.hibernate.cache.spi.UpdateTimestampsCache] : [Student_secretCodes] -> [5579091102982144]
14:18:48,814 DEBUG BaseGeneralDataRegion:59 - Caching[foo.org.hibernate.cache.spi.UpdateTimestampsCache] : [Student] -> [5579090857222145]
14:18:48,814 DEBUG BaseGeneralDataRegion:59 - Caching[foo.org.hibernate.cache.spi.UpdateTimestampsCache] : [Course] -> [5579090857222145]
14:18:48,814 DEBUG BaseGeneralDataRegion:59 - Caching[foo.org.hibernate.cache.spi.UpdateTimestampsCache] : [Enrolment] -> [5579090857222145]
14:18:48,814 DEBUG BaseGeneralDataRegion:59 - Caching[foo.org.hibernate.cache.spi.UpdateTimestampsCache] : [Student_secretCodes] -> [5579090857222145]
14:18:48,814 DEBUG BaseGeneralDataRegion:59 - Caching[foo.org.hibernate.cache.spi.UpdateTimestampsCache] : [Address] -> [5579090857222145]
14:18:48,814 DEBUG BaseGeneralDataRegion:59 - Caching[foo.org.hibernate.cache.spi.UpdateTimestampsCache] : [CourseMeeting] -> [5579090857222145]
14:18:48,815 DEBUG SQL:104 - 
    select
        student1_.name_first as col_0_0_,
        student1_.name_middle as col_0_1_,
        student1_.name_last as col_0_2_,
        course2_.description as col_1_0_ 
    from
        Enrolment enrolment0_ 
    inner join
        Student student1_ 
            on enrolment0_.studentId=student1_.studentId 
    inner join
        Course course2_ 
            on enrolment0_.courseCode=course2_.courseCode 
    order by
        enrolment0_.studentId
14:18:48,825 DEBUG BaseGeneralDataRegion:59 - Caching[foo.org.hibernate.cache.internal.StandardQueryCache] : [sql: select student1_.name_first as col_0_0_, student1_.name_middle as col_0_1_, student1_.name_last as col_0_2_, course2_.description as col_1_0_ from Enrolment enrolment0_ inner join Student student1_ on enrolment0_.studentId=student1_.studentId inner join Course course2_ on enrolment0_.courseCode=course2_.courseCode order by enrolment0_.studentId; parameters: ; named parameters: {}; transformer: org.hibernate.transform.CacheableResultTransformer@1406bf] -> [[5579090857267200, [Ljava.io.Serializable;@3570f34d, [Ljava.io.Serializable;@a755fa4]]
14:18:48,826 DEBUG SQL:104 - 
    select
        student1_.name_first as col_0_0_,
        student1_.name_middle as col_0_1_,
        student1_.name_last as col_0_2_,
        course2_.description as col_1_0_ 
    from
        Enrolment enrolment0_ 
    inner join
        Student student1_ 
            on enrolment0_.studentId=student1_.studentId 
    inner join
        Course course2_ 
            on enrolment0_.courseCode=course2_.courseCode 
    order by
        enrolment0_.studentId
14:18:48,826 DEBUG BaseGeneralDataRegion:59 - Caching[foo.org.hibernate.cache.internal.StandardQueryCache] : [sql: select student1_.name_first as col_0_0_, student1_.name_middle as col_0_1_, student1_.name_last as col_0_2_, course2_.description as col_1_0_ from Enrolment enrolment0_ inner join Student student1_ on enrolment0_.studentId=student1_.studentId inner join Course course2_ on enrolment0_.courseCode=course2_.courseCode order by enrolment0_.studentId; parameters: ; named parameters: {}; transformer: org.hibernate.transform.CacheableResultTransformer@1406bf] -> [[5579090857271296, [Ljava.io.Serializable;@1fe34bad, [Ljava.io.Serializable;@37d5b36]]
14:18:48,826 DEBUG SQL:104 - 
    select
        student_.studentId,
        student_.name_first as name2_4_,
        student_.name_middle as name3_4_,
        student_.name_last as name4_4_,
        student_.preferredCourseCode as preferre5_4_ 
    from
        Student student_ 
    where
        student_.studentId=?
14:18:48,827 DEBUG SQL:104 - 
    select
        enrolment_.studentId,
        enrolment_.courseCode,
        enrolment_.semester as semester3_,
        enrolment_."year" as year4_3_ 
    from
        Enrolment enrolment_ 
    where
        enrolment_.studentId=? 
        and enrolment_.courseCode=?
14:18:48,827 DEBUG SQL:104 - 
    select
        course_.courseCode,
        course_.description as descript2_1_ 
    from
        Course course_ 
    where
        course_.courseCode=?
14:18:48,837 DEBUG SQL:104 - 
    select
        student_.studentId,
        student_.name_first as name2_4_,
        student_.name_middle as name3_4_,
        student_.name_last as name4_4_,
        student_.preferredCourseCode as preferre5_4_ 
    from
        Student student_ 
    where
        student_.studentId=?
14:18:48,837 DEBUG SQL:104 - 
    select
        enrolment_.studentId,
        enrolment_.courseCode,
        enrolment_.semester as semester3_,
        enrolment_."year" as year4_3_ 
    from
        Enrolment enrolment_ 
    where
        enrolment_.studentId=? 
        and enrolment_.courseCode=?
14:18:48,837 DEBUG SQL:104 - 
    select
        coursemeet_.courseCode,
        coursemeet_.day,
        coursemeet_.period,
        coursemeet_.location 
    from
        CourseMeeting coursemeet_ 
    where
        coursemeet_.courseCode=? 
        and coursemeet_.day=? 
        and coursemeet_.period=? 
        and coursemeet_.location=?
14:18:48,848 DEBUG SQL:104 - 
    select
        coursemeet_.courseCode,
        coursemeet_.day,
        coursemeet_.period,
        coursemeet_.location 
    from
        CourseMeeting coursemeet_ 
    where
        coursemeet_.courseCode=? 
        and coursemeet_.day=? 
        and coursemeet_.period=? 
        and coursemeet_.location=?
14:18:48,849 DEBUG BaseGeneralDataRegion:59 - Caching[foo.org.hibernate.cache.spi.UpdateTimestampsCache] : [Enrolment] -> [5579091103125504]
14:18:48,849 DEBUG SQL:104 - 
    update
        Address 
    set
        studentNumber=null,
        addressType=null 
    where
        studentNumber=?
14:18:48,850 DEBUG BaseGeneralDataRegion:59 - Caching[foo.org.hibernate.cache.spi.UpdateTimestampsCache] : [Address] -> [5579091103129600]
14:18:48,850 DEBUG SQL:104 - 
    delete 
    from
        Student_secretCodes 
    where
        studentNumber=?
14:18:48,850 DEBUG BaseGeneralDataRegion:59 - Caching[foo.org.hibernate.cache.spi.UpdateTimestampsCache] : [Student_secretCodes] -> [5579091103129601]
14:18:48,850 DEBUG BaseGeneralDataRegion:59 - Caching[foo.org.hibernate.cache.spi.UpdateTimestampsCache] : [Enrolment] -> [5579091103129602]
14:18:48,850 DEBUG BaseGeneralDataRegion:59 - Caching[foo.org.hibernate.cache.spi.UpdateTimestampsCache] : [Address] -> [5579091103129603]
14:18:48,850 DEBUG SQL:104 - 
    delete 
    from
        Student_secretCodes 
    where
        studentNumber=?
14:18:48,868 DEBUG BaseGeneralDataRegion:59 - Caching[foo.org.hibernate.cache.spi.UpdateTimestampsCache] : [Student_secretCodes] -> [5579091103203328]
14:18:48,869 DEBUG BaseGeneralDataRegion:59 - Caching[foo.org.hibernate.cache.spi.UpdateTimestampsCache] : [CourseMeeting] -> [5579091103207424]
14:18:48,869 DEBUG SQL:104 - 
    delete 
    from
        Enrolment 
    where
        studentId=? 
        and courseCode=?
14:18:48,869 DEBUG BaseGeneralDataRegion:59 - Caching[foo.org.hibernate.cache.spi.UpdateTimestampsCache] : [Enrolment] -> [5579091103207425]
14:18:48,869 DEBUG SQL:104 - 
    delete 
    from
        Address 
    where
        id=?
14:18:48,869 DEBUG BaseGeneralDataRegion:59 - Caching[foo.org.hibernate.cache.spi.UpdateTimestampsCache] : [Address] -> [5579091103207426]
14:18:48,869 DEBUG SQL:104 - 
    delete 
    from
        Address 
    where
        id=?
14:18:48,870 DEBUG BaseGeneralDataRegion:59 - Caching[foo.org.hibernate.cache.spi.UpdateTimestampsCache] : [Address] -> [5579091103211520]
14:18:48,870 DEBUG SQL:104 - 
    delete 
    from
        Student 
    where
        studentId=?
14:18:48,878 DEBUG BaseGeneralDataRegion:59 - Caching[foo.org.hibernate.cache.spi.UpdateTimestampsCache] : [Student] -> [5579091103244288]
14:18:48,878 DEBUG SQL:104 - 
    delete 
    from
        Enrolment 
    where
        studentId=? 
        and courseCode=?
14:18:48,879 DEBUG BaseGeneralDataRegion:59 - Caching[foo.org.hibernate.cache.spi.UpdateTimestampsCache] : [Enrolment] -> [5579091103248384]
14:18:48,879 DEBUG SQL:104 - 
    delete 
    from
        Student 
    where
        studentId=?
14:18:48,879 DEBUG BaseGeneralDataRegion:59 - Caching[foo.org.hibernate.cache.spi.UpdateTimestampsCache] : [Student] -> [5579091103248385]
14:18:48,879 DEBUG SQL:104 - 
    delete 
    from
        CourseMeeting 
    where
        courseCode=? 
        and day=? 
        and period=? 
        and location=?
14:18:48,879 DEBUG BaseGeneralDataRegion:59 - Caching[foo.org.hibernate.cache.spi.UpdateTimestampsCache] : [CourseMeeting] -> [5579091103248386]
14:18:48,879 DEBUG SQL:104 - 
    delete 
    from
        CourseMeeting 
    where
        courseCode=? 
        and day=? 
        and period=? 
        and location=?
14:18:48,889 DEBUG BaseGeneralDataRegion:59 - Caching[foo.org.hibernate.cache.spi.UpdateTimestampsCache] : [CourseMeeting] -> [5579091103289344]
14:18:48,889 DEBUG SQL:104 - 
    delete 
    from
        Course 
    where
        courseCode=?
14:18:48,889 DEBUG BaseGeneralDataRegion:59 - Caching[foo.org.hibernate.cache.spi.UpdateTimestampsCache] : [Course] -> [5579091103289345]
14:18:48,889 DEBUG BaseGeneralDataRegion:59 - Caching[foo.org.hibernate.cache.spi.UpdateTimestampsCache] : [Student] -> [5579090857529346]
14:18:48,890 DEBUG BaseGeneralDataRegion:59 - Caching[foo.org.hibernate.cache.spi.UpdateTimestampsCache] : [Course] -> [5579090857529346]
14:18:48,890 DEBUG BaseGeneralDataRegion:59 - Caching[foo.org.hibernate.cache.spi.UpdateTimestampsCache] : [Enrolment] -> [5579090857529346]
14:18:48,890 DEBUG BaseGeneralDataRegion:59 - Caching[foo.org.hibernate.cache.spi.UpdateTimestampsCache] : [Student_secretCodes] -> [5579090857529346]
14:18:48,890 DEBUG BaseGeneralDataRegion:59 - Caching[foo.org.hibernate.cache.spi.UpdateTimestampsCache] : [Address] -> [5579090857529346]
14:18:48,890 DEBUG BaseGeneralDataRegion:59 - Caching[foo.org.hibernate.cache.spi.UpdateTimestampsCache] : [CourseMeeting] -> [5579090857529346]
14:18:48,890  INFO CustomRunner:139 - Test: testAliasToEntityMapMultiAggregatedPropProjectionSingleResult
14:18:48,891 DEBUG SQL:104 - 
    select
        coursemeet_.courseCode,
        coursemeet_.day,
        coursemeet_.period,
        coursemeet_.location 
    from
        CourseMeeting coursemeet_ 
    where
        coursemeet_.courseCode=? 
        and coursemeet_.day=? 
        and coursemeet_.period=? 
        and coursemeet_.location=?
14:18:48,900 DEBUG SQL:104 - 
    select
        coursemeet_.courseCode,
        coursemeet_.day,
        coursemeet_.period,
        coursemeet_.location 
    from
        CourseMeeting coursemeet_ 
    where
        coursemeet_.courseCode=? 
        and coursemeet_.day=? 
        and coursemeet_.period=? 
        and coursemeet_.location=?
14:18:48,901 DEBUG SQL:104 - 
    insert 
    into
        Course
        (description, courseCode) 
    values
        (?, ?)
14:18:48,901 DEBUG BaseGeneralDataRegion:59 - Caching[foo.org.hibernate.cache.spi.UpdateTimestampsCache] : [Course] -> [5579091103338496]
14:18:48,901 DEBUG SQL:104 - 
    insert 
    into
        CourseMeeting
        (courseCode, day, period, location) 
    values
        (?, ?, ?, ?)
14:18:48,910 DEBUG BaseGeneralDataRegion:59 - Caching[foo.org.hibernate.cache.spi.UpdateTimestampsCache] : [CourseMeeting] -> [5579091103375360]
14:18:48,911 DEBUG SQL:104 - 
    insert 
    into
        CourseMeeting
        (courseCode, day, period, location) 
    values
        (?, ?, ?, ?)
14:18:48,911 DEBUG BaseGeneralDataRegion:59 - Caching[foo.org.hibernate.cache.spi.UpdateTimestampsCache] : [CourseMeeting] -> [5579091103379456]
14:18:48,911 DEBUG SQL:104 - 
    insert 
    into
        Student
        (name_first, name_middle, name_last, preferredCourseCode, studentId) 
    values
        (?, ?, ?, ?, ?)
14:18:48,911 DEBUG BaseGeneralDataRegion:59 - Caching[foo.org.hibernate.cache.spi.UpdateTimestampsCache] : [Student] -> [5579091103379457]
14:18:48,911 DEBUG SQL:104 - 
    insert 
    into
        Address
        (addressType, street, city, stateProvince, postalCode, country, studentNumber, id) 
    values
        (?, ?, ?, ?, ?, ?, ?, ?)
14:18:48,919 DEBUG BaseGeneralDataRegion:59 - Caching[foo.org.hibernate.cache.spi.UpdateTimestampsCache] : [Address] -> [5579091103412224]
14:18:48,920 DEBUG SQL:104 - 
    insert 
    into
        Address
        (addressType, street, city, stateProvince, postalCode, country, studentNumber, id) 
    values
        (?, ?, ?, ?, ?, ?, ?, ?)
14:18:48,920 DEBUG BaseGeneralDataRegion:59 - Caching[foo.org.hibernate.cache.spi.UpdateTimestampsCache] : [Address] -> [5579091103416320]
14:18:48,920 DEBUG SQL:104 - 
    insert 
    into
        Student
        (name_first, name_middle, name_last, preferredCourseCode, studentId) 
    values
        (?, ?, ?, ?, ?)
14:18:48,920 DEBUG BaseGeneralDataRegion:59 - Caching[foo.org.hibernate.cache.spi.UpdateTimestampsCache] : [Student] -> [5579091103416321]
14:18:48,920 DEBUG SQL:104 - 
    insert 
    into
        Enrolment
        (semester, "year", studentId, courseCode) 
    values
        (?, ?, ?, ?)
14:18:48,920 DEBUG BaseGeneralDataRegion:59 - Caching[foo.org.hibernate.cache.spi.UpdateTimestampsCache] : [Enrolment] -> [5579091103416322]
14:18:48,921 DEBUG SQL:104 - 
    insert 
    into
        Enrolment
        (semester, "year", studentId, courseCode) 
    values
        (?, ?, ?, ?)
14:18:48,939 DEBUG BaseGeneralDataRegion:59 - Caching[foo.org.hibernate.cache.spi.UpdateTimestampsCache] : [Enrolment] -> [5579091103494144]
14:18:48,939 DEBUG BaseGeneralDataRegion:59 - Caching[foo.org.hibernate.cache.spi.UpdateTimestampsCache] : [CourseMeeting] -> [5579091103494145]
14:18:48,939 DEBUG BaseGeneralDataRegion:59 - Caching[foo.org.hibernate.cache.spi.UpdateTimestampsCache] : [Enrolment] -> [5579091103494146]
14:18:48,939 DEBUG SQL:104 - 
    update
        Address 
    set
        studentNumber=?,
        addressType=? 
    where
        id=?
14:18:48,940 DEBUG SQL:104 - 
    update
        Address 
    set
        studentNumber=?,
        addressType=? 
    where
        id=?
14:18:48,940 DEBUG BaseGeneralDataRegion:59 - Caching[foo.org.hibernate.cache.spi.UpdateTimestampsCache] : [Address] -> [5579091103498240]
14:18:48,940 DEBUG SQL:104 - 
    insert 
    into
        Student_secretCodes
        (studentNumber, i, secretCode) 
    values
        (?, ?, ?)
14:18:48,940 DEBUG BaseGeneralDataRegion:59 - Caching[foo.org.hibernate.cache.spi.UpdateTimestampsCache] : [Student_secretCodes] -> [5579091103498241]
14:18:48,942 DEBUG BaseGeneralDataRegion:59 - Caching[foo.org.hibernate.cache.spi.UpdateTimestampsCache] : [Enrolment] -> [5579091103506432]
14:18:48,942 DEBUG BaseGeneralDataRegion:59 - Caching[foo.org.hibernate.cache.spi.UpdateTimestampsCache] : [Address] -> [5579091103506433]
14:18:48,942 DEBUG SQL:104 - 
    insert 
    into
        Student_secretCodes
        (studentNumber, i, secretCode) 
    values
        (?, ?, ?)
14:18:48,942 DEBUG SQL:104 - 
    insert 
    into
        Student_secretCodes
        (studentNumber, i, secretCode) 
    values
        (?, ?, ?)
14:18:48,943 DEBUG BaseGeneralDataRegion:59 - Caching[foo.org.hibernate.cache.spi.UpdateTimestampsCache] : [Student_secretCodes] -> [5579091103510528]
14:18:48,943 DEBUG BaseGeneralDataRegion:59 - Caching[foo.org.hibernate.cache.spi.UpdateTimestampsCache] : [Student] -> [5579090857750529]
14:18:48,943 DEBUG BaseGeneralDataRegion:59 - Caching[foo.org.hibernate.cache.spi.UpdateTimestampsCache] : [Course] -> [5579090857750529]
14:18:48,943 DEBUG BaseGeneralDataRegion:59 - Caching[foo.org.hibernate.cache.spi.UpdateTimestampsCache] : [Enrolment] -> [5579090857750529]
14:18:48,943 DEBUG BaseGeneralDataRegion:59 - Caching[foo.org.hibernate.cache.spi.UpdateTimestampsCache] : [Student_secretCodes] -> [5579090857750529]
14:18:48,943 DEBUG BaseGeneralDataRegion:59 - Caching[foo.org.hibernate.cache.spi.UpdateTimestampsCache] : [Address] -> [5579090857750529]
14:18:48,943 DEBUG BaseGeneralDataRegion:59 - Caching[foo.org.hibernate.cache.spi.UpdateTimestampsCache] : [CourseMeeting] -> [5579090857750529]
14:18:48,944 DEBUG QueryTranslatorImpl:265 - parse() - HQL: select min( e.studentNumber ) as minStudentNumber, max( e.studentNumber ) as maxStudentNumber from org.hibernate.test.querycache.Enrolment e
14:18:48,945 DEBUG QueryTranslatorImpl:283 - --- HQL AST ---
 \-[QUERY] Node: 'query'
    \-[SELECT_FROM] Node: 'SELECT_FROM'
       +-[FROM] Node: 'from'
       |  \-[RANGE] Node: 'RANGE'
       |     +-[DOT] Node: '.'
       |     |  +-[DOT] Node: '.'
       |     |  |  +-[DOT] Node: '.'
       |     |  |  |  +-[DOT] Node: '.'
       |     |  |  |  |  +-[IDENT] Node: 'org'
       |     |  |  |  |  \-[IDENT] Node: 'hibernate'
       |     |  |  |  \-[IDENT] Node: 'test'
       |     |  |  \-[IDENT] Node: 'querycache'
       |     |  \-[IDENT] Node: 'Enrolment'
       |     \-[ALIAS] Node: 'e'
       \-[SELECT] Node: 'select'
          +-[AS] Node: 'as'
          |  +-[AGGREGATE] Node: 'min'
          |  |  \-[DOT] Node: '.'
          |  |     +-[IDENT] Node: 'e'
          |  |     \-[IDENT] Node: 'studentNumber'
          |  \-[IDENT] Node: 'minStudentNumber'
          \-[AS] Node: 'as'
             +-[AGGREGATE] Node: 'max'
             |  \-[DOT] Node: '.'
             |     +-[IDENT] Node: 'e'
             |     \-[IDENT] Node: 'studentNumber'
             \-[IDENT] Node: 'maxStudentNumber'

14:18:48,954 DEBUG ErrorCounter:82 - throwQueryException() : no errors
14:18:48,954 DEBUG FromElement:157 - FromClause{level=1} : org.hibernate.test.querycache.Enrolment (e) -> enrolment0_
14:18:48,954 DEBUG FromReferenceNode:74 - Resolved : e -> (enrolment0_.studentId, enrolment0_.courseCode)
14:18:48,955 DEBUG DotNode:599 - getDataType() : studentNumber -> org.hibernate.type.LongType@4bf3f9d
14:18:48,955 DEBUG FromReferenceNode:74 - Resolved : e.studentNumber -> enrolment0_.studentId
14:18:48,955 DEBUG FromReferenceNode:74 - Resolved : e -> (enrolment0_.studentId, enrolment0_.courseCode)
14:18:48,955 DEBUG DotNode:599 - getDataType() : studentNumber -> org.hibernate.type.LongType@4bf3f9d
14:18:48,955 DEBUG FromReferenceNode:74 - Resolved : e.studentNumber -> enrolment0_.studentId
14:18:48,955 DEBUG HqlSqlWalker:629 - processQuery() :  ( SELECT ( {select clause} ( min ( enrolment0_.studentId (enrolment0_.studentId, enrolment0_.courseCode) studentNumber ) ) ( max ( enrolment0_.studentId (enrolment0_.studentId, enrolment0_.courseCode) studentNumber ) ) ) ( FromClause{level=1} Enrolment enrolment0_ ) )
14:18:48,955 DEBUG JoinProcessor:175 - Using FROM fragment [Enrolment enrolment0_]
14:18:48,956 DEBUG QueryTranslatorImpl:252 - --- SQL AST ---
 \-[SELECT] QueryNode: 'SELECT'  querySpaces (Enrolment)
    +-[SELECT_CLAUSE] SelectClause: '{select clause}'
    |  +-[AGGREGATE] AggregateNode: 'min'
    |  |  \-[DOT] DotNode: 'enrolment0_.studentId' {propertyName=studentNumber,dereferenceType=ALL,propertyPath=studentNumber,path=e.studentNumber,tableAlias=enrolment0_,className=org.hibernate.test.querycache.Enrolment,classAlias=e}
    |  |     +-[ALIAS_REF] IdentNode: '(enrolment0_.studentId, enrolment0_.courseCode)' {alias=e, className=org.hibernate.test.querycache.Enrolment, tableAlias=enrolment0_}
    |  |     \-[IDENT] IdentNode: 'studentNumber' {originalText=studentNumber}
    |  +-[SELECT_COLUMNS] SqlNode: ' as col_0_0_'
    |  +-[AGGREGATE] AggregateNode: 'max'
    |  |  \-[DOT] DotNode: 'enrolment0_.studentId' {propertyName=studentNumber,dereferenceType=ALL,propertyPath=studentNumber,path=e.studentNumber,tableAlias=enrolment0_,className=org.hibernate.test.querycache.Enrolment,classAlias=e}
    |  |     +-[ALIAS_REF] IdentNode: '(enrolment0_.studentId, enrolment0_.courseCode)' {alias=e, className=org.hibernate.test.querycache.Enrolment, tableAlias=enrolment0_}
    |  |     \-[IDENT] IdentNode: 'studentNumber' {originalText=studentNumber}
    |  \-[SELECT_COLUMNS] SqlNode: ' as col_1_0_'
    \-[FROM] FromClause: 'from' FromClause{level=1, fromElementCounter=1, fromElements=1, fromElementByClassAlias=[e], fromElementByTableAlias=[enrolment0_], fromElementsByPath=[], collectionJoinFromElementsByPath=[], impliedElements=[]}
       \-[FROM_FRAGMENT] FromElement: 'Enrolment enrolment0_' FromElement{explicit,not a collection join,not a fetch join,fetch non-lazy properties,classAlias=e,role=null,tableName=Enrolment,tableAlias=enrolment0_,origin=null,columns={,className=org.hibernate.test.querycache.Enrolment}}

14:18:48,956 DEBUG ErrorCounter:82 - throwQueryException() : no errors
14:18:48,956 DEBUG QueryTranslatorImpl:235 - HQL: select min( e.studentNumber ) as minStudentNumber, max( e.studentNumber ) as maxStudentNumber from org.hibernate.test.querycache.Enrolment e
14:18:48,956 DEBUG QueryTranslatorImpl:236 - SQL: select min(enrolment0_.studentId) as col_0_0_, max(enrolment0_.studentId) as col_1_0_ from Enrolment enrolment0_
14:18:48,956 DEBUG ErrorCounter:82 - throwQueryException() : no errors
14:18:48,956 DEBUG SQL:104 - 
    select
        min(enrolment0_.studentId) as col_0_0_,
        max(enrolment0_.studentId) as col_1_0_ 
    from
        Enrolment enrolment0_
14:18:48,967 DEBUG BaseGeneralDataRegion:59 - Caching[foo.org.hibernate.cache.internal.StandardQueryCache] : [sql: select min(enrolment0_.studentId) as col_0_0_, max(enrolment0_.studentId) as col_1_0_ from Enrolment enrolment0_; parameters: ; named parameters: {}; transformer: org.hibernate.transform.CacheableResultTransformer@1406bf] -> [[5579090857848832, [Ljava.io.Serializable;@79035218]]
14:18:48,968 DEBUG SQL:104 - 
    select
        min(enrolment0_.studentId) as col_0_0_,
        max(enrolment0_.studentId) as col_1_0_ 
    from
        Enrolment enrolment0_
14:18:48,968 DEBUG BaseGeneralDataRegion:59 - Caching[foo.org.hibernate.cache.internal.StandardQueryCache] : [sql: select min(enrolment0_.studentId) as col_0_0_, max(enrolment0_.studentId) as col_1_0_ from Enrolment enrolment0_; parameters: ; named parameters: {}; transformer: org.hibernate.transform.CacheableResultTransformer@1406bf] -> [[5579090857852930, [Ljava.io.Serializable;@334e3145]]
14:18:48,969 DEBUG SQL:104 - 
    select
        student_.studentId,
        student_.name_first as name2_4_,
        student_.name_middle as name3_4_,
        student_.name_last as name4_4_,
        student_.preferredCourseCode as preferre5_4_ 
    from
        Student student_ 
    where
        student_.studentId=?
14:18:48,969 DEBUG SQL:104 - 
    select
        enrolment_.studentId,
        enrolment_.courseCode,
        enrolment_.semester as semester3_,
        enrolment_."year" as year4_3_ 
    from
        Enrolment enrolment_ 
    where
        enrolment_.studentId=? 
        and enrolment_.courseCode=?
14:18:48,979 DEBUG SQL:104 - 
    select
        course_.courseCode,
        course_.description as descript2_1_ 
    from
        Course course_ 
    where
        course_.courseCode=?
14:18:48,979 DEBUG SQL:104 - 
    select
        student_.studentId,
        student_.name_first as name2_4_,
        student_.name_middle as name3_4_,
        student_.name_last as name4_4_,
        student_.preferredCourseCode as preferre5_4_ 
    from
        Student student_ 
    where
        student_.studentId=?
14:18:48,980 DEBUG SQL:104 - 
    select
        enrolment_.studentId,
        enrolment_.courseCode,
        enrolment_.semester as semester3_,
        enrolment_."year" as year4_3_ 
    from
        Enrolment enrolment_ 
    where
        enrolment_.studentId=? 
        and enrolment_.courseCode=?
14:18:48,980 DEBUG SQL:104 - 
    select
        coursemeet_.courseCode,
        coursemeet_.day,
        coursemeet_.period,
        coursemeet_.location 
    from
        CourseMeeting coursemeet_ 
    where
        coursemeet_.courseCode=? 
        and coursemeet_.day=? 
        and coursemeet_.period=? 
        and coursemeet_.location=?
14:18:49,001 DEBUG SQL:104 - 
    select
        coursemeet_.courseCode,
        coursemeet_.day,
        coursemeet_.period,
        coursemeet_.location 
    from
        CourseMeeting coursemeet_ 
    where
        coursemeet_.courseCode=? 
        and coursemeet_.day=? 
        and coursemeet_.period=? 
        and coursemeet_.location=?
14:18:49,002 DEBUG BaseGeneralDataRegion:59 - Caching[foo.org.hibernate.cache.spi.UpdateTimestampsCache] : [Enrolment] -> [5579091103752192]
14:18:49,002 DEBUG SQL:104 - 
    update
        Address 
    set
        studentNumber=null,
        addressType=null 
    where
        studentNumber=?
14:18:49,003 DEBUG BaseGeneralDataRegion:59 - Caching[foo.org.hibernate.cache.spi.UpdateTimestampsCache] : [Address] -> [5579091103756288]
14:18:49,003 DEBUG SQL:104 - 
    delete 
    from
        Student_secretCodes 
    where
        studentNumber=?
14:18:49,003 DEBUG BaseGeneralDataRegion:59 - Caching[foo.org.hibernate.cache.spi.UpdateTimestampsCache] : [Student_secretCodes] -> [5579091103756289]
14:18:49,003 DEBUG BaseGeneralDataRegion:59 - Caching[foo.org.hibernate.cache.spi.UpdateTimestampsCache] : [Enrolment] -> [5579091103756290]
14:18:49,003 DEBUG BaseGeneralDataRegion:59 - Caching[foo.org.hibernate.cache.spi.UpdateTimestampsCache] : [Address] -> [5579091103756291]
14:18:49,003 DEBUG SQL:104 - 
    delete 
    from
        Student_secretCodes 
    where
        studentNumber=?
14:18:49,004 DEBUG BaseGeneralDataRegion:59 - Caching[foo.org.hibernate.cache.spi.UpdateTimestampsCache] : [Student_secretCodes] -> [5579091103760384]
14:18:49,004 DEBUG BaseGeneralDataRegion:59 - Caching[foo.org.hibernate.cache.spi.UpdateTimestampsCache] : [CourseMeeting] -> [5579091103760385]
14:18:49,004 DEBUG SQL:104 - 
    delete 
    from
        Enrolment 
    where
        studentId=? 
        and courseCode=?
14:18:49,004 DEBUG BaseGeneralDataRegion:59 - Caching[foo.org.hibernate.cache.spi.UpdateTimestampsCache] : [Enrolment] -> [5579091103760386]
14:18:49,004 DEBUG SQL:104 - 
    delete 
    from
        Address 
    where
        id=?
14:18:49,004 DEBUG BaseGeneralDataRegion:59 - Caching[foo.org.hibernate.cache.spi.UpdateTimestampsCache] : [Address] -> [5579091103760387]
14:18:49,004 DEBUG SQL:104 - 
    delete 
    from
        Address 
    where
        id=?
14:18:49,005 DEBUG BaseGeneralDataRegion:59 - Caching[foo.org.hibernate.cache.spi.UpdateTimestampsCache] : [Address] -> [5579091103764480]
14:18:49,005 DEBUG SQL:104 - 
    delete 
    from
        Student 
    where
        studentId=?
14:18:49,005 DEBUG BaseGeneralDataRegion:59 - Caching[foo.org.hibernate.cache.spi.UpdateTimestampsCache] : [Student] -> [5579091103764481]
14:18:49,005 DEBUG SQL:104 - 
    delete 
    from
        Enrolment 
    where
        studentId=? 
        and courseCode=?
14:18:49,024 DEBUG BaseGeneralDataRegion:59 - Caching[foo.org.hibernate.cache.spi.UpdateTimestampsCache] : [Enrolment] -> [5579091103842304]
14:18:49,024 DEBUG SQL:104 - 
    delete 
    from
        Student 
    where
        studentId=?
14:18:49,025 DEBUG BaseGeneralDataRegion:59 - Caching[foo.org.hibernate.cache.spi.UpdateTimestampsCache] : [Student] -> [5579091103846400]
14:18:49,025 DEBUG SQL:104 - 
    delete 
    from
        CourseMeeting 
    where
        courseCode=? 
        and day=? 
        and period=? 
        and location=?
14:18:49,025 DEBUG BaseGeneralDataRegion:59 - Caching[foo.org.hibernate.cache.spi.UpdateTimestampsCache] : [CourseMeeting] -> [5579091103846401]
14:18:49,025 DEBUG SQL:104 - 
    delete 
    from
        CourseMeeting 
    where
        courseCode=? 
        and day=? 
        and period=? 
        and location=?
14:18:49,025 DEBUG BaseGeneralDataRegion:59 - Caching[foo.org.hibernate.cache.spi.UpdateTimestampsCache] : [CourseMeeting] -> [5579091103846402]
14:18:49,034 DEBUG SQL:104 - 
    delete 
    from
        Course 
    where
        courseCode=?
14:18:49,035 DEBUG BaseGeneralDataRegion:59 - Caching[foo.org.hibernate.cache.spi.UpdateTimestampsCache] : [Course] -> [5579091103887360]
14:18:49,035 DEBUG BaseGeneralDataRegion:59 - Caching[foo.org.hibernate.cache.spi.UpdateTimestampsCache] : [Student] -> [5579090858127361]
14:18:49,035 DEBUG BaseGeneralDataRegion:59 - Caching[foo.org.hibernate.cache.spi.UpdateTimestampsCache] : [Course] -> [5579090858127361]
14:18:49,035 DEBUG BaseGeneralDataRegion:59 - Caching[foo.org.hibernate.cache.spi.UpdateTimestampsCache] : [Enrolment] -> [5579090858127361]
14:18:49,036 DEBUG BaseGeneralDataRegion:59 - Caching[foo.org.hibernate.cache.spi.UpdateTimestampsCache] : [Student_secretCodes] -> [5579090858127361]
14:18:49,036 DEBUG BaseGeneralDataRegion:59 - Caching[foo.org.hibernate.cache.spi.UpdateTimestampsCache] : [Address] -> [5579090858127361]
14:18:49,036 DEBUG BaseGeneralDataRegion:59 - Caching[foo.org.hibernate.cache.spi.UpdateTimestampsCache] : [CourseMeeting] -> [5579090858127361]
14:18:49,036  INFO CustomRunner:139 - Test: testAliasToEntityMapMultiProjectionList
14:18:49,037 DEBUG SQL:104 - 
    select
        coursemeet_.courseCode,
        coursemeet_.day,
        coursemeet_.period,
        coursemeet_.location 
    from
        CourseMeeting coursemeet_ 
    where
        coursemeet_.courseCode=? 
        and coursemeet_.day=? 
        and coursemeet_.period=? 
        and coursemeet_.location=?
14:18:49,038 DEBUG SQL:104 - 
    select
        coursemeet_.courseCode,
        coursemeet_.day,
        coursemeet_.period,
        coursemeet_.location 
    from
        CourseMeeting coursemeet_ 
    where
        coursemeet_.courseCode=? 
        and coursemeet_.day=? 
        and coursemeet_.period=? 
        and coursemeet_.location=?
14:18:49,046 DEBUG SQL:104 - 
    insert 
    into
        Course
        (description, courseCode) 
    values
        (?, ?)
14:18:49,046 DEBUG BaseGeneralDataRegion:59 - Caching[foo.org.hibernate.cache.spi.UpdateTimestampsCache] : [Course] -> [5579091103932416]
14:18:49,046 DEBUG SQL:104 - 
    insert 
    into
        CourseMeeting
        (courseCode, day, period, location) 
    values
        (?, ?, ?, ?)
14:18:49,047 DEBUG BaseGeneralDataRegion:59 - Caching[foo.org.hibernate.cache.spi.UpdateTimestampsCache] : [CourseMeeting] -> [5579091103936512]
14:18:49,047 DEBUG SQL:104 - 
    insert 
    into
        CourseMeeting
        (courseCode, day, period, location) 
    values
        (?, ?, ?, ?)
14:18:49,055 DEBUG BaseGeneralDataRegion:59 - Caching[foo.org.hibernate.cache.spi.UpdateTimestampsCache] : [CourseMeeting] -> [5579091103969280]
14:18:49,055 DEBUG SQL:104 - 
    insert 
    into
        Student
        (name_first, name_middle, name_last, preferredCourseCode, studentId) 
    values
        (?, ?, ?, ?, ?)
14:18:49,056 DEBUG BaseGeneralDataRegion:59 - Caching[foo.org.hibernate.cache.spi.UpdateTimestampsCache] : [Student] -> [5579091103973376]
14:18:49,056 DEBUG SQL:104 - 
    insert 
    into
        Address
        (addressType, street, city, stateProvince, postalCode, country, studentNumber, id) 
    values
        (?, ?, ?, ?, ?, ?, ?, ?)
14:18:49,056 DEBUG BaseGeneralDataRegion:59 - Caching[foo.org.hibernate.cache.spi.UpdateTimestampsCache] : [Address] -> [5579091103973377]
14:18:49,056 DEBUG SQL:104 - 
    insert 
    into
        Address
        (addressType, street, city, stateProvince, postalCode, country, studentNumber, id) 
    values
        (?, ?, ?, ?, ?, ?, ?, ?)
14:18:49,056 DEBUG BaseGeneralDataRegion:59 - Caching[foo.org.hibernate.cache.spi.UpdateTimestampsCache] : [Address] -> [5579091103973378]
14:18:49,065 DEBUG SQL:104 - 
    insert 
    into
        Student
        (name_first, name_middle, name_last, preferredCourseCode, studentId) 
    values
        (?, ?, ?, ?, ?)
14:18:49,065 DEBUG BaseGeneralDataRegion:59 - Caching[foo.org.hibernate.cache.spi.UpdateTimestampsCache] : [Student] -> [5579091104010240]
14:18:49,065 DEBUG SQL:104 - 
    insert 
    into
        Enrolment
        (semester, "year", studentId, courseCode) 
    values
        (?, ?, ?, ?)
14:18:49,065 DEBUG BaseGeneralDataRegion:59 - Caching[foo.org.hibernate.cache.spi.UpdateTimestampsCache] : [Enrolment] -> [5579091104010241]
14:18:49,065 DEBUG SQL:104 - 
    insert 
    into
        Enrolment
        (semester, "year", studentId, courseCode) 
    values
        (?, ?, ?, ?)
14:18:49,066 DEBUG BaseGeneralDataRegion:59 - Caching[foo.org.hibernate.cache.spi.UpdateTimestampsCache] : [Enrolment] -> [5579091104014336]
14:18:49,066 DEBUG BaseGeneralDataRegion:59 - Caching[foo.org.hibernate.cache.spi.UpdateTimestampsCache] : [CourseMeeting] -> [5579091104014337]
14:18:49,066 DEBUG BaseGeneralDataRegion:59 - Caching[foo.org.hibernate.cache.spi.UpdateTimestampsCache] : [Enrolment] -> [5579091104014338]
14:18:49,066 DEBUG SQL:104 - 
    update
        Address 
    set
        studentNumber=?,
        addressType=? 
    where
        id=?
14:18:49,075 DEBUG SQL:104 - 
    update
        Address 
    set
        studentNumber=?,
        addressType=? 
    where
        id=?
14:18:49,075 DEBUG BaseGeneralDataRegion:59 - Caching[foo.org.hibernate.cache.spi.UpdateTimestampsCache] : [Address] -> [5579091104051200]
14:18:49,075 DEBUG SQL:104 - 
    insert 
    into
        Student_secretCodes
        (studentNumber, i, secretCode) 
    values
        (?, ?, ?)
14:18:49,075 DEBUG BaseGeneralDataRegion:59 - Caching[foo.org.hibernate.cache.spi.UpdateTimestampsCache] : [Student_secretCodes] -> [5579091104051201]
14:18:49,076 DEBUG BaseGeneralDataRegion:59 - Caching[foo.org.hibernate.cache.spi.UpdateTimestampsCache] : [Enrolment] -> [5579091104055296]
14:18:49,076 DEBUG BaseGeneralDataRegion:59 - Caching[foo.org.hibernate.cache.spi.UpdateTimestampsCache] : [Address] -> [5579091104055297]
14:18:49,076 DEBUG SQL:104 - 
    insert 
    into
        Student_secretCodes
        (studentNumber, i, secretCode) 
    values
        (?, ?, ?)
14:18:49,076 DEBUG SQL:104 - 
    insert 
    into
        Student_secretCodes
        (studentNumber, i, secretCode) 
    values
        (?, ?, ?)
14:18:49,076 DEBUG BaseGeneralDataRegion:59 - Caching[foo.org.hibernate.cache.spi.UpdateTimestampsCache] : [Student_secretCodes] -> [5579091104055298]
14:18:49,076 DEBUG BaseGeneralDataRegion:59 - Caching[foo.org.hibernate.cache.spi.UpdateTimestampsCache] : [Student] -> [5579090858295299]
14:18:49,076 DEBUG BaseGeneralDataRegion:59 - Caching[foo.org.hibernate.cache.spi.UpdateTimestampsCache] : [Course] -> [5579090858295299]
14:18:49,077 DEBUG BaseGeneralDataRegion:59 - Caching[foo.org.hibernate.cache.spi.UpdateTimestampsCache] : [Enrolment] -> [5579090858295299]
14:18:49,077 DEBUG BaseGeneralDataRegion:59 - Caching[foo.org.hibernate.cache.spi.UpdateTimestampsCache] : [Student_secretCodes] -> [5579090858295299]
14:18:49,077 DEBUG BaseGeneralDataRegion:59 - Caching[foo.org.hibernate.cache.spi.UpdateTimestampsCache] : [Address] -> [5579090858295299]
14:18:49,077 DEBUG BaseGeneralDataRegion:59 - Caching[foo.org.hibernate.cache.spi.UpdateTimestampsCache] : [CourseMeeting] -> [5579090858295299]
14:18:49,077 DEBUG QueryTranslatorImpl:265 - parse() - HQL: select e.student as student, e.semester as semester, e.year as year, e.course as course from org.hibernate.test.querycache.Enrolment e order by e.studentNumber
14:18:49,079 DEBUG QueryTranslatorImpl:283 - --- HQL AST ---
 \-[QUERY] Node: 'query'
    +-[SELECT_FROM] Node: 'SELECT_FROM'
    |  +-[FROM] Node: 'from'
    |  |  \-[RANGE] Node: 'RANGE'
    |  |     +-[DOT] Node: '.'
    |  |     |  +-[DOT] Node: '.'
    |  |     |  |  +-[DOT] Node: '.'
    |  |     |  |  |  +-[DOT] Node: '.'
    |  |     |  |  |  |  +-[IDENT] Node: 'org'
    |  |     |  |  |  |  \-[IDENT] Node: 'hibernate'
    |  |     |  |  |  \-[IDENT] Node: 'test'
    |  |     |  |  \-[IDENT] Node: 'querycache'
    |  |     |  \-[IDENT] Node: 'Enrolment'
    |  |     \-[ALIAS] Node: 'e'
    |  \-[SELECT] Node: 'select'
    |     +-[AS] Node: 'as'
    |     |  +-[DOT] Node: '.'
    |     |  |  +-[IDENT] Node: 'e'
    |     |  |  \-[IDENT] Node: 'student'
    |     |  \-[IDENT] Node: 'student'
    |     +-[AS] Node: 'as'
    |     |  +-[DOT] Node: '.'
    |     |  |  +-[IDENT] Node: 'e'
    |     |  |  \-[IDENT] Node: 'semester'
    |     |  \-[IDENT] Node: 'semester'
    |     +-[AS] Node: 'as'
    |     |  +-[DOT] Node: '.'
    |     |  |  +-[IDENT] Node: 'e'
    |     |  |  \-[IDENT] Node: 'year'
    |     |  \-[IDENT] Node: 'year'
    |     \-[AS] Node: 'as'
    |        +-[DOT] Node: '.'
    |        |  +-[IDENT] Node: 'e'
    |        |  \-[IDENT] Node: 'course'
    |        \-[IDENT] Node: 'course'
    \-[ORDER] Node: 'order'
       \-[DOT] Node: '.'
          +-[IDENT] Node: 'e'
          \-[IDENT] Node: 'studentNumber'

14:18:49,088 DEBUG ErrorCounter:82 - throwQueryException() : no errors
14:18:49,088 DEBUG FromElement:157 - FromClause{level=1} : org.hibernate.test.querycache.Enrolment (e) -> enrolment0_
14:18:49,088 DEBUG FromReferenceNode:74 - Resolved : e -> (enrolment0_.studentId, enrolment0_.courseCode)
14:18:49,097 DEBUG DotNode:599 - getDataType() : student -> org.hibernate.type.ManyToOneType(org.hibernate.test.querycache.Student)
14:18:49,097 DEBUG DotNode:389 - dereferenceEntityJoin() : generating join for student in org.hibernate.test.querycache.Enrolment (<no alias>) parent = [ {null} ]
14:18:49,098 DEBUG FromElement:157 - FromClause{level=1} : org.hibernate.test.querycache.Student (<no alias>) -> student1_
14:18:49,098 DEBUG FromClause:282 - addJoinByPathMap() : e.student -> FromElement{explicit,not a collection join,not a fetch join,fetch non-lazy properties,classAlias=null,role=null,tableName=Student,tableAlias=student1_,origin=Enrolment enrolment0_,columns={enrolment0_.studentId ,className=org.hibernate.test.querycache.Student}}
14:18:49,098 DEBUG FromReferenceNode:74 - Resolved : e.student -> enrolment0_.studentId
14:18:49,098 DEBUG FromReferenceNode:74 - Resolved : e -> (enrolment0_.studentId, enrolment0_.courseCode)
14:18:49,098 DEBUG DotNode:599 - getDataType() : semester -> org.hibernate.type.ShortType@491168d6
14:18:49,098 DEBUG FromReferenceNode:74 - Resolved : e.semester -> enrolment0_.semester
14:18:49,098 DEBUG FromReferenceNode:74 - Resolved : e -> (enrolment0_.studentId, enrolment0_.courseCode)
14:18:49,099 DEBUG DotNode:599 - getDataType() : year -> org.hibernate.type.ShortType@491168d6
14:18:49,099 DEBUG FromReferenceNode:74 - Resolved : e.year -> enrolment0_."year"
14:18:49,099 DEBUG FromReferenceNode:74 - Resolved : e -> (enrolment0_.studentId, enrolment0_.courseCode)
14:18:49,099 DEBUG DotNode:599 - getDataType() : course -> org.hibernate.type.ManyToOneType(org.hibernate.test.querycache.Course)
14:18:49,099 DEBUG DotNode:389 - dereferenceEntityJoin() : generating join for course in org.hibernate.test.querycache.Enrolment (<no alias>) parent = [ {null} ]
14:18:49,099 DEBUG FromElement:157 - FromClause{level=1} : org.hibernate.test.querycache.Course (<no alias>) -> course2_
14:18:49,099 DEBUG FromClause:282 - addJoinByPathMap() : e.course -> FromElement{explicit,not a collection join,not a fetch join,fetch non-lazy properties,classAlias=null,role=null,tableName=Course,tableAlias=course2_,origin=Enrolment enrolment0_,columns={enrolment0_.courseCode ,className=org.hibernate.test.querycache.Course}}
14:18:49,099 DEBUG FromReferenceNode:74 - Resolved : e.course -> enrolment0_.courseCode
14:18:49,100 DEBUG FromReferenceNode:74 - Resolved : e -> enrolment0_.studentId, enrolment0_.courseCode
14:18:49,100 DEBUG DotNode:599 - getDataType() : studentNumber -> org.hibernate.type.LongType@4bf3f9d
14:18:49,100 DEBUG FromReferenceNode:74 - Resolved : e.studentNumber -> enrolment0_.studentId
14:18:49,100 DEBUG HqlSqlWalker:629 - processQuery() :  ( SELECT ( {select clause} ( enrolment0_.studentId (enrolment0_.studentId, enrolment0_.courseCode) student ) ( enrolment0_.semester (enrolment0_.studentId, enrolment0_.courseCode) semester ) ( enrolment0_."year" (enrolment0_.studentId, enrolment0_.courseCode) year ) ( enrolment0_.courseCode (enrolment0_.studentId, enrolment0_.courseCode) course ) ) ( FromClause{level=1} ( Enrolment enrolment0_ Student student1_ Course course2_ ) ) ( order ( enrolment0_.studentId enrolment0_.studentId, enrolment0_.courseCode studentNumber ) ) )
14:18:49,100 DEBUG JoinProcessor:175 - Using FROM fragment [Enrolment enrolment0_]
14:18:49,100 DEBUG JoinProcessor:175 - Using FROM fragment [inner join Student student1_ on enrolment0_.studentId=student1_.studentId]
14:18:49,100 DEBUG JoinProcessor:175 - Using FROM fragment [inner join Course course2_ on enrolment0_.courseCode=course2_.courseCode]
14:18:49,101 DEBUG QueryTranslatorImpl:252 - --- SQL AST ---
 \-[SELECT] QueryNode: 'SELECT'  querySpaces (Student,Course,Enrolment)
    +-[SELECT_CLAUSE] SelectClause: '{select clause}'
    |  +-[DOT] DotNode: 'enrolment0_.studentId' {propertyName=student,dereferenceType=EOF,propertyPath=student,path=e.student,tableAlias=student1_,className=org.hibernate.test.querycache.Student,classAlias=null}
    |  |  +-[ALIAS_REF] IdentNode: '(enrolment0_.studentId, enrolment0_.courseCode)' {alias=e, className=org.hibernate.test.querycache.Enrolment, tableAlias=enrolment0_}
    |  |  \-[IDENT] IdentNode: 'student' {originalText=student}
    |  +-[SELECT_COLUMNS] SqlNode: ' as col_0_0_'
    |  +-[DOT] DotNode: 'enrolment0_.semester' {propertyName=semester,dereferenceType=ALL,propertyPath=semester,path=e.semester,tableAlias=enrolment0_,className=org.hibernate.test.querycache.Enrolment,classAlias=e}
    |  |  +-[ALIAS_REF] IdentNode: '(enrolment0_.studentId, enrolment0_.courseCode)' {alias=e, className=org.hibernate.test.querycache.Enrolment, tableAlias=enrolment0_}
    |  |  \-[IDENT] IdentNode: 'semester' {originalText=semester}
    |  +-[SELECT_COLUMNS] SqlNode: ' as col_1_0_'
    |  +-[DOT] DotNode: 'enrolment0_."year"' {propertyName=year,dereferenceType=ALL,propertyPath=year,path=e.year,tableAlias=enrolment0_,className=org.hibernate.test.querycache.Enrolment,classAlias=e}
    |  |  +-[ALIAS_REF] IdentNode: '(enrolment0_.studentId, enrolment0_.courseCode)' {alias=e, className=org.hibernate.test.querycache.Enrolment, tableAlias=enrolment0_}
    |  |  \-[IDENT] IdentNode: 'year' {originalText=year}
    |  +-[SELECT_COLUMNS] SqlNode: ' as col_2_0_'
    |  +-[DOT] DotNode: 'enrolment0_.courseCode' {propertyName=course,dereferenceType=EOF,propertyPath=course,path=e.course,tableAlias=course2_,className=org.hibernate.test.querycache.Course,classAlias=null}
    |  |  +-[ALIAS_REF] IdentNode: '(enrolment0_.studentId, enrolment0_.courseCode)' {alias=e, className=org.hibernate.test.querycache.Enrolment, tableAlias=enrolment0_}
    |  |  \-[IDENT] IdentNode: 'course' {originalText=course}
    |  +-[SELECT_COLUMNS] SqlNode: ' as col_3_0_'
    |  +-[SQL_TOKEN] SqlFragment: 'student1_.studentId as studentId4_0_'
    |  +-[SQL_TOKEN] SqlFragment: 'course2_.courseCode as courseCode1_1_'
    |  +-[SQL_TOKEN] SqlFragment: 'student1_.name_first as name2_4_0_, student1_.name_middle as name3_4_0_, student1_.name_last as name4_4_0_, student1_.preferredCourseCode as preferre5_4_0_'
    |  \-[SQL_TOKEN] SqlFragment: 'course2_.description as descript2_1_1_'
    +-[FROM] FromClause: 'from' FromClause{level=1, fromElementCounter=3, fromElements=3, fromElementByClassAlias=[e], fromElementByTableAlias=[student1_, enrolment0_, course2_], fromElementsByPath=[e.course, e.student], collectionJoinFromElementsByPath=[], impliedElements=[]}
    |  \-[FROM_FRAGMENT] FromElement: 'Enrolment enrolment0_' FromElement{explicit,not a collection join,not a fetch join,fetch non-lazy properties,classAlias=e,role=null,tableName=Enrolment,tableAlias=enrolment0_,origin=null,columns={,className=org.hibernate.test.querycache.Enrolment}}
    |     +-[JOIN_FRAGMENT] FromElement: 'inner join Student student1_ on enrolment0_.studentId=student1_.studentId' FromElement{explicit,not a collection join,not a fetch join,fetch non-lazy properties,classAlias=null,role=null,tableName=Student,tableAlias=student1_,origin=Enrolment enrolment0_,columns={enrolment0_.studentId ,className=org.hibernate.test.querycache.Student}}
    |     \-[JOIN_FRAGMENT] FromElement: 'inner join Course course2_ on enrolment0_.courseCode=course2_.courseCode' FromElement{explicit,not a collection join,not a fetch join,fetch non-lazy properties,classAlias=null,role=null,tableName=Course,tableAlias=course2_,origin=Enrolment enrolment0_,columns={enrolment0_.courseCode ,className=org.hibernate.test.querycache.Course}}
    \-[ORDER] OrderByClause: 'order'
       \-[DOT] DotNode: 'enrolment0_.studentId' {propertyName=studentNumber,dereferenceType=ALL,propertyPath=studentNumber,path=e.studentNumber,tableAlias=enrolment0_,className=org.hibernate.test.querycache.Enrolment,classAlias=e}
          +-[ALIAS_REF] IdentNode: 'enrolment0_.studentId, enrolment0_.courseCode' {alias=e, className=org.hibernate.test.querycache.Enrolment, tableAlias=enrolment0_}
          \-[IDENT] IdentNode: 'studentNumber' {originalText=studentNumber}

14:18:49,121 DEBUG ErrorCounter:82 - throwQueryException() : no errors
14:18:49,122 DEBUG QueryTranslatorImpl:235 - HQL: select e.student as student, e.semester as semester, e.year as year, e.course as course from org.hibernate.test.querycache.Enrolment e order by e.studentNumber
14:18:49,122 DEBUG QueryTranslatorImpl:236 - SQL: select enrolment0_.studentId as col_0_0_, enrolment0_.semester as col_1_0_, enrolment0_."year" as col_2_0_, enrolment0_.courseCode as col_3_0_, student1_.studentId as studentId4_0_, course2_.courseCode as courseCode1_1_, student1_.name_first as name2_4_0_, student1_.name_middle as name3_4_0_, student1_.name_last as name4_4_0_, student1_.preferredCourseCode as preferre5_4_0_, course2_.description as descript2_1_1_ from Enrolment enrolment0_ inner join Student student1_ on enrolment0_.studentId=student1_.studentId inner join Course course2_ on enrolment0_.courseCode=course2_.courseCode order by enrolment0_.studentId
14:18:49,122 DEBUG ErrorCounter:82 - throwQueryException() : no errors
14:18:49,122 DEBUG SQL:104 - 
    select
        enrolment0_.studentId as col_0_0_,
        enrolment0_.semester as col_1_0_,
        enrolment0_."year" as col_2_0_,
        enrolment0_.courseCode as col_3_0_,
        student1_.studentId as studentId4_0_,
        course2_.courseCode as courseCode1_1_,
        student1_.name_first as name2_4_0_,
        student1_.name_middle as name3_4_0_,
        student1_.name_last as name4_4_0_,
        student1_.preferredCourseCode as preferre5_4_0_,
        course2_.description as descript2_1_1_ 
    from
        Enrolment enrolment0_ 
    inner join
        Student student1_ 
            on enrolment0_.studentId=student1_.studentId 
    inner join
        Course course2_ 
            on enrolment0_.courseCode=course2_.courseCode 
    order by
        enrolment0_.studentId
14:18:49,132 DEBUG SQL:104 - 
    select
        secretcode0_.studentNumber as studentN1_4_0_,
        secretcode0_.secretCode as secretCode5_0_,
        secretcode0_.i as i0_ 
    from
        Student_secretCodes secretcode0_ 
    where
        secretcode0_.studentNumber=?
14:18:49,133 DEBUG SQL:104 - 
    select
        coursemeet0_.courseCode as courseCode1_1_,
        coursemeet0_.courseCode as courseCode2_1_,
        coursemeet0_.day as day2_1_,
        coursemeet0_.period as period2_1_,
        coursemeet0_.location as location2_1_,
        coursemeet0_.courseCode as courseCode2_0_,
        coursemeet0_.day as day2_0_,
        coursemeet0_.period as period2_0_,
        coursemeet0_.location as location2_0_ 
    from
        CourseMeeting coursemeet0_ 
    where
        coursemeet0_.courseCode=?
14:18:49,142 DEBUG SQL:104 - 
    select
        secretcode0_.studentNumber as studentN1_4_0_,
        secretcode0_.secretCode as secretCode5_0_,
        secretcode0_.i as i0_ 
    from
        Student_secretCodes secretcode0_ 
    where
        secretcode0_.studentNumber=?
14:18:49,143 DEBUG BaseGeneralDataRegion:59 - Caching[foo.org.hibernate.cache.internal.StandardQueryCache] : [sql: select enrolment0_.studentId as col_0_0_, enrolment0_.semester as col_1_0_, enrolment0_."year" as col_2_0_, enrolment0_.courseCode as col_3_0_, student1_.studentId as studentId4_0_, course2_.courseCode as courseCode1_1_, student1_.name_first as name2_4_0_, student1_.name_middle as name3_4_0_, student1_.name_last as name4_4_0_, student1_.preferredCourseCode as preferre5_4_0_, course2_.description as descript2_1_1_ from Enrolment enrolment0_ inner join Student student1_ on enrolment0_.studentId=student1_.studentId inner join Course course2_ on enrolment0_.courseCode=course2_.courseCode order by enrolment0_.studentId; parameters: ; named parameters: {}; transformer: org.hibernate.transform.CacheableResultTransformer@47bbf55f] -> [[5579090858565632, [Ljava.io.Serializable;@94f96af, [Ljava.io.Serializable;@482dbfef]]
14:18:49,143 DEBUG SQL:104 - 
    select
        enrolment0_.studentId as col_0_0_,
        enrolment0_.semester as col_1_0_,
        enrolment0_."year" as col_2_0_,
        enrolment0_.courseCode as col_3_0_,
        student1_.studentId as studentId4_0_,
        course2_.courseCode as courseCode1_1_,
        student1_.name_first as name2_4_0_,
        student1_.name_middle as name3_4_0_,
        student1_.name_last as name4_4_0_,
        student1_.preferredCourseCode as preferre5_4_0_,
        course2_.description as descript2_1_1_ 
    from
        Enrolment enrolment0_ 
    inner join
        Student student1_ 
            on enrolment0_.studentId=student1_.studentId 
    inner join
        Course course2_ 
            on enrolment0_.courseCode=course2_.courseCode 
    order by
        enrolment0_.studentId
14:18:49,153 DEBUG SQL:104 - 
    select
        secretcode0_.studentNumber as studentN1_4_0_,
        secretcode0_.secretCode as secretCode5_0_,
        secretcode0_.i as i0_ 
    from
        Student_secretCodes secretcode0_ 
    where
        secretcode0_.studentNumber=?
14:18:49,154 DEBUG SQL:104 - 
    select
        coursemeet0_.courseCode as courseCode1_1_,
        coursemeet0_.courseCode as courseCode2_1_,
        coursemeet0_.day as day2_1_,
        coursemeet0_.period as period2_1_,
        coursemeet0_.location as location2_1_,
        coursemeet0_.courseCode as courseCode2_0_,
        coursemeet0_.day as day2_0_,
        coursemeet0_.period as period2_0_,
        coursemeet0_.location as location2_0_ 
    from
        CourseMeeting coursemeet0_ 
    where
        coursemeet0_.courseCode=?
14:18:49,154 DEBUG SQL:104 - 
    select
        secretcode0_.studentNumber as studentN1_4_0_,
        secretcode0_.secretCode as secretCode5_0_,
        secretcode0_.i as i0_ 
    from
        Student_secretCodes secretcode0_ 
    where
        secretcode0_.studentNumber=?
14:18:49,163 DEBUG BaseGeneralDataRegion:59 - Caching[foo.org.hibernate.cache.internal.StandardQueryCache] : [sql: select enrolment0_.studentId as col_0_0_, enrolment0_.semester as col_1_0_, enrolment0_."year" as col_2_0_, enrolment0_.courseCode as col_3_0_, student1_.studentId as studentId4_0_, course2_.courseCode as courseCode1_1_, student1_.name_first as name2_4_0_, student1_.name_middle as name3_4_0_, student1_.name_last as name4_4_0_, student1_.preferredCourseCode as preferre5_4_0_, course2_.description as descript2_1_1_ from Enrolment enrolment0_ inner join Student student1_ on enrolment0_.studentId=student1_.studentId inner join Course course2_ on enrolment0_.courseCode=course2_.courseCode order by enrolment0_.studentId; parameters: ; named parameters: {}; transformer: org.hibernate.transform.CacheableResultTransformer@47bbf55f] -> [[5579090858651648, [Ljava.io.Serializable;@1142068d, [Ljava.io.Serializable;@5bc1bd5]]
14:18:49,164 DEBUG SQL:104 - 
    select
        student_.studentId,
        student_.name_first as name2_4_,
        student_.name_middle as name3_4_,
        student_.name_last as name4_4_,
        student_.preferredCourseCode as preferre5_4_ 
    from
        Student student_ 
    where
        student_.studentId=?
14:18:49,164 DEBUG SQL:104 - 
    select
        enrolment_.studentId,
        enrolment_.courseCode,
        enrolment_.semester as semester3_,
        enrolment_."year" as year4_3_ 
    from
        Enrolment enrolment_ 
    where
        enrolment_.studentId=? 
        and enrolment_.courseCode=?
14:18:49,173 DEBUG SQL:104 - 
    select
        course_.courseCode,
        course_.description as descript2_1_ 
    from
        Course course_ 
    where
        course_.courseCode=?
14:18:49,173 DEBUG SQL:104 - 
    select
        student_.studentId,
        student_.name_first as name2_4_,
        student_.name_middle as name3_4_,
        student_.name_last as name4_4_,
        student_.preferredCourseCode as preferre5_4_ 
    from
        Student student_ 
    where
        student_.studentId=?
14:18:49,174 DEBUG SQL:104 - 
    select
        enrolment_.studentId,
        enrolment_.courseCode,
        enrolment_.semester as semester3_,
        enrolment_."year" as year4_3_ 
    from
        Enrolment enrolment_ 
    where
        enrolment_.studentId=? 
        and enrolment_.courseCode=?
14:18:49,183 DEBUG SQL:104 - 
    select
        coursemeet_.courseCode,
        coursemeet_.day,
        coursemeet_.period,
        coursemeet_.location 
    from
        CourseMeeting coursemeet_ 
    where
        coursemeet_.courseCode=? 
        and coursemeet_.day=? 
        and coursemeet_.period=? 
        and coursemeet_.location=?
14:18:49,183 DEBUG SQL:104 - 
    select
        coursemeet_.courseCode,
        coursemeet_.day,
        coursemeet_.period,
        coursemeet_.location 
    from
        CourseMeeting coursemeet_ 
    where
        coursemeet_.courseCode=? 
        and coursemeet_.day=? 
        and coursemeet_.period=? 
        and coursemeet_.location=?
14:18:49,184 DEBUG BaseGeneralDataRegion:59 - Caching[foo.org.hibernate.cache.spi.UpdateTimestampsCache] : [Enrolment] -> [5579091104497664]
14:18:49,184 DEBUG SQL:104 - 
    update
        Address 
    set
        studentNumber=null,
        addressType=null 
    where
        studentNumber=?
14:18:49,193 DEBUG BaseGeneralDataRegion:59 - Caching[foo.org.hibernate.cache.spi.UpdateTimestampsCache] : [Address] -> [5579091104534528]
14:18:49,193 DEBUG SQL:104 - 
    delete 
    from
        Student_secretCodes 
    where
        studentNumber=?
14:18:49,193 DEBUG BaseGeneralDataRegion:59 - Caching[foo.org.hibernate.cache.spi.UpdateTimestampsCache] : [Student_secretCodes] -> [5579091104534529]
14:18:49,193 DEBUG BaseGeneralDataRegion:59 - Caching[foo.org.hibernate.cache.spi.UpdateTimestampsCache] : [Enrolment] -> [5579091104534530]
14:18:49,193 DEBUG BaseGeneralDataRegion:59 - Caching[foo.org.hibernate.cache.spi.UpdateTimestampsCache] : [Address] -> [5579091104534531]
14:18:49,193 DEBUG SQL:104 - 
    delete 
    from
        Student_secretCodes 
    where
        studentNumber=?
14:18:49,193 DEBUG BaseGeneralDataRegion:59 - Caching[foo.org.hibernate.cache.spi.UpdateTimestampsCache] : [Student_secretCodes] -> [5579091104534532]
14:18:49,193 DEBUG BaseGeneralDataRegion:59 - Caching[foo.org.hibernate.cache.spi.UpdateTimestampsCache] : [CourseMeeting] -> [5579091104534533]
14:18:49,194 DEBUG SQL:104 - 
    delete 
    from
        Enrolment 
    where
        studentId=? 
        and courseCode=?
14:18:49,204 DEBUG BaseGeneralDataRegion:59 - Caching[foo.org.hibernate.cache.spi.UpdateTimestampsCache] : [Enrolment] -> [5579091104579584]
14:18:49,205 DEBUG SQL:104 - 
    delete 
    from
        Address 
    where
        id=?
14:18:49,205 DEBUG BaseGeneralDataRegion:59 - Caching[foo.org.hibernate.cache.spi.UpdateTimestampsCache] : [Address] -> [5579091104583680]
14:18:49,205 DEBUG SQL:104 - 
    delete 
    from
        Address 
    where
        id=?
14:18:49,205 DEBUG BaseGeneralDataRegion:59 - Caching[foo.org.hibernate.cache.spi.UpdateTimestampsCache] : [Address] -> [5579091104583681]
14:18:49,205 DEBUG SQL:104 - 
    delete 
    from
        Student 
    where
        studentId=?
14:18:49,205 DEBUG BaseGeneralDataRegion:59 - Caching[foo.org.hibernate.cache.spi.UpdateTimestampsCache] : [Student] -> [5579091104583682]
14:18:49,206 DEBUG SQL:104 - 
    delete 
    from
        Enrolment 
    where
        studentId=? 
        and courseCode=?
14:18:49,206 DEBUG BaseGeneralDataRegion:59 - Caching[foo.org.hibernate.cache.spi.UpdateTimestampsCache] : [Enrolment] -> [5579091104587776]
14:18:49,206 DEBUG SQL:104 - 
    delete 
    from
        Student 
    where
        studentId=?
14:18:49,206 DEBUG BaseGeneralDataRegion:59 - Caching[foo.org.hibernate.cache.spi.UpdateTimestampsCache] : [Student] -> [5579091104587777]
14:18:49,206 DEBUG SQL:104 - 
    delete 
    from
        CourseMeeting 
    where
        courseCode=? 
        and day=? 
        and period=? 
        and location=?
14:18:49,206 DEBUG BaseGeneralDataRegion:59 - Caching[foo.org.hibernate.cache.spi.UpdateTimestampsCache] : [CourseMeeting] -> [5579091104587778]
14:18:49,206 DEBUG SQL:104 - 
    delete 
    from
        CourseMeeting 
    where
        courseCode=? 
        and day=? 
        and period=? 
        and location=?
14:18:49,207 DEBUG BaseGeneralDataRegion:59 - Caching[foo.org.hibernate.cache.spi.UpdateTimestampsCache] : [CourseMeeting] -> [5579091104591872]
14:18:49,207 DEBUG SQL:104 - 
    delete 
    from
        Course 
    where
        courseCode=?
14:18:49,217 DEBUG BaseGeneralDataRegion:59 - Caching[foo.org.hibernate.cache.spi.UpdateTimestampsCache] : [Course] -> [5579091104632832]
14:18:49,217 DEBUG BaseGeneralDataRegion:59 - Caching[foo.org.hibernate.cache.spi.UpdateTimestampsCache] : [Student] -> [5579090858872833]
14:18:49,217 DEBUG BaseGeneralDataRegion:59 - Caching[foo.org.hibernate.cache.spi.UpdateTimestampsCache] : [Course] -> [5579090858872833]
14:18:49,217 DEBUG BaseGeneralDataRegion:59 - Caching[foo.org.hibernate.cache.spi.UpdateTimestampsCache] : [Enrolment] -> [5579090858872833]
14:18:49,217 DEBUG BaseGeneralDataRegion:59 - Caching[foo.org.hibernate.cache.spi.UpdateTimestampsCache] : [Student_secretCodes] -> [5579090858872833]
14:18:49,217 DEBUG BaseGeneralDataRegion:59 - Caching[foo.org.hibernate.cache.spi.UpdateTimestampsCache] : [Address] -> [5579090858872833]
14:18:49,217 DEBUG BaseGeneralDataRegion:59 - Caching[foo.org.hibernate.cache.spi.UpdateTimestampsCache] : [CourseMeeting] -> [5579090858872833]
14:18:49,218  INFO CustomRunner:139 - Test: testAliasToEntityMapMultiProjectionWithNullAliasList
14:18:49,219 DEBUG SQL:104 - 
    select
        coursemeet_.courseCode,
        coursemeet_.day,
        coursemeet_.period,
        coursemeet_.location 
    from
        CourseMeeting coursemeet_ 
    where
        coursemeet_.courseCode=? 
        and coursemeet_.day=? 
        and coursemeet_.period=? 
        and coursemeet_.location=?
14:18:49,219 DEBUG SQL:104 - 
    select
        coursemeet_.courseCode,
        coursemeet_.day,
        coursemeet_.period,
        coursemeet_.location 
    from
        CourseMeeting coursemeet_ 
    where
        coursemeet_.courseCode=? 
        and coursemeet_.day=? 
        and coursemeet_.period=? 
        and coursemeet_.location=?
14:18:49,228 DEBUG SQL:104 - 
    insert 
    into
        Course
        (description, courseCode) 
    values
        (?, ?)
14:18:49,228 DEBUG BaseGeneralDataRegion:59 - Caching[foo.org.hibernate.cache.spi.UpdateTimestampsCache] : [Course] -> [5579091104677888]
14:18:49,228 DEBUG SQL:104 - 
    insert 
    into
        CourseMeeting
        (courseCode, day, period, location) 
    values
        (?, ?, ?, ?)
14:18:49,228 DEBUG BaseGeneralDataRegion:59 - Caching[foo.org.hibernate.cache.spi.UpdateTimestampsCache] : [CourseMeeting] -> [5579091104677889]
14:18:49,229 DEBUG SQL:104 - 
    insert 
    into
        CourseMeeting
        (courseCode, day, period, location) 
    values
        (?, ?, ?, ?)
14:18:49,229 DEBUG BaseGeneralDataRegion:59 - Caching[foo.org.hibernate.cache.spi.UpdateTimestampsCache] : [CourseMeeting] -> [5579091104681984]
14:18:49,229 DEBUG SQL:104 - 
    insert 
    into
        Student
        (name_first, name_middle, name_last, preferredCourseCode, studentId) 
    values
        (?, ?, ?, ?, ?)
14:18:49,229 DEBUG BaseGeneralDataRegion:59 - Caching[foo.org.hibernate.cache.spi.UpdateTimestampsCache] : [Student] -> [5579091104681985]
14:18:49,251 DEBUG SQL:104 - 
    insert 
    into
        Address
        (addressType, street, city, stateProvince, postalCode, country, studentNumber, id) 
    values
        (?, ?, ?, ?, ?, ?, ?, ?)
14:18:49,251 DEBUG BaseGeneralDataRegion:59 - Caching[foo.org.hibernate.cache.spi.UpdateTimestampsCache] : [Address] -> [5579091104772096]
14:18:49,251 DEBUG SQL:104 - 
    insert 
    into
        Address
        (addressType, street, city, stateProvince, postalCode, country, studentNumber, id) 
    values
        (?, ?, ?, ?, ?, ?, ?, ?)
14:18:49,251 DEBUG BaseGeneralDataRegion:59 - Caching[foo.org.hibernate.cache.spi.UpdateTimestampsCache] : [Address] -> [5579091104772097]
14:18:49,252 DEBUG SQL:104 - 
    insert 
    into
        Student
        (name_first, name_middle, name_last, preferredCourseCode, studentId) 
    values
        (?, ?, ?, ?, ?)
14:18:49,252 DEBUG BaseGeneralDataRegion:59 - Caching[foo.org.hibernate.cache.spi.UpdateTimestampsCache] : [Student] -> [5579091104776192]
14:18:49,252 DEBUG SQL:104 - 
    insert 
    into
        Enrolment
        (semester, "year", studentId, courseCode) 
    values
        (?, ?, ?, ?)
14:18:49,262 DEBUG BaseGeneralDataRegion:59 - Caching[foo.org.hibernate.cache.spi.UpdateTimestampsCache] : [Enrolment] -> [5579091104817152]
14:18:49,262 DEBUG SQL:104 - 
    insert 
    into
        Enrolment
        (semester, "year", studentId, courseCode) 
    values
        (?, ?, ?, ?)
14:18:49,262 DEBUG BaseGeneralDataRegion:59 - Caching[foo.org.hibernate.cache.spi.UpdateTimestampsCache] : [Enrolment] -> [5579091104817153]
14:18:49,262 DEBUG BaseGeneralDataRegion:59 - Caching[foo.org.hibernate.cache.spi.UpdateTimestampsCache] : [CourseMeeting] -> [5579091104817154]
14:18:49,262 DEBUG BaseGeneralDataRegion:59 - Caching[foo.org.hibernate.cache.spi.UpdateTimestampsCache] : [Enrolment] -> [5579091104817155]
14:18:49,262 DEBUG SQL:104 - 
    update
        Address 
    set
        studentNumber=?,
        addressType=? 
    where
        id=?
14:18:49,263 DEBUG SQL:104 - 
    update
        Address 
    set
        studentNumber=?,
        addressType=? 
    where
        id=?
14:18:49,263 DEBUG BaseGeneralDataRegion:59 - Caching[foo.org.hibernate.cache.spi.UpdateTimestampsCache] : [Address] -> [5579091104821248]
14:18:49,263 DEBUG SQL:104 - 
    insert 
    into
        Student_secretCodes
        (studentNumber, i, secretCode) 
    values
        (?, ?, ?)
14:18:49,272 DEBUG BaseGeneralDataRegion:59 - Caching[foo.org.hibernate.cache.spi.UpdateTimestampsCache] : [Student_secretCodes] -> [5579091104858112]
14:18:49,273 DEBUG BaseGeneralDataRegion:59 - Caching[foo.org.hibernate.cache.spi.UpdateTimestampsCache] : [Enrolment] -> [5579091104862208]
14:18:49,273 DEBUG BaseGeneralDataRegion:59 - Caching[foo.org.hibernate.cache.spi.UpdateTimestampsCache] : [Address] -> [5579091104862209]
14:18:49,273 DEBUG SQL:104 - 
    insert 
    into
        Student_secretCodes
        (studentNumber, i, secretCode) 
    values
        (?, ?, ?)
14:18:49,273 DEBUG SQL:104 - 
    insert 
    into
        Student_secretCodes
        (studentNumber, i, secretCode) 
    values
        (?, ?, ?)
14:18:49,273 DEBUG BaseGeneralDataRegion:59 - Caching[foo.org.hibernate.cache.spi.UpdateTimestampsCache] : [Student_secretCodes] -> [5579091104862210]
14:18:49,273 DEBUG BaseGeneralDataRegion:59 - Caching[foo.org.hibernate.cache.spi.UpdateTimestampsCache] : [Student] -> [5579090859102211]
14:18:49,273 DEBUG BaseGeneralDataRegion:59 - Caching[foo.org.hibernate.cache.spi.UpdateTimestampsCache] : [Course] -> [5579090859102211]
14:18:49,274 DEBUG BaseGeneralDataRegion:59 - Caching[foo.org.hibernate.cache.spi.UpdateTimestampsCache] : [Enrolment] -> [5579090859102211]
14:18:49,274 DEBUG BaseGeneralDataRegion:59 - Caching[foo.org.hibernate.cache.spi.UpdateTimestampsCache] : [Student_secretCodes] -> [5579090859102211]
14:18:49,274 DEBUG BaseGeneralDataRegion:59 - Caching[foo.org.hibernate.cache.spi.UpdateTimestampsCache] : [Address] -> [5579090859102211]
14:18:49,274 DEBUG BaseGeneralDataRegion:59 - Caching[foo.org.hibernate.cache.spi.UpdateTimestampsCache] : [CourseMeeting] -> [5579090859102211]
14:18:49,284 DEBUG QueryTranslatorImpl:265 - parse() - HQL: select e.student as student, e.semester, e.year, e.course as course from org.hibernate.test.querycache.Enrolment e order by e.studentNumber
14:18:49,286 DEBUG QueryTranslatorImpl:283 - --- HQL AST ---
 \-[QUERY] Node: 'query'
    +-[SELECT_FROM] Node: 'SELECT_FROM'
    |  +-[FROM] Node: 'from'
    |  |  \-[RANGE] Node: 'RANGE'
    |  |     +-[DOT] Node: '.'
    |  |     |  +-[DOT] Node: '.'
    |  |     |  |  +-[DOT] Node: '.'
    |  |     |  |  |  +-[DOT] Node: '.'
    |  |     |  |  |  |  +-[IDENT] Node: 'org'
    |  |     |  |  |  |  \-[IDENT] Node: 'hibernate'
    |  |     |  |  |  \-[IDENT] Node: 'test'
    |  |     |  |  \-[IDENT] Node: 'querycache'
    |  |     |  \-[IDENT] Node: 'Enrolment'
    |  |     \-[ALIAS] Node: 'e'
    |  \-[SELECT] Node: 'select'
    |     +-[AS] Node: 'as'
    |     |  +-[DOT] Node: '.'
    |     |  |  +-[IDENT] Node: 'e'
    |     |  |  \-[IDENT] Node: 'student'
    |     |  \-[IDENT] Node: 'student'
    |     +-[DOT] Node: '.'
    |     |  +-[IDENT] Node: 'e'
    |     |  \-[IDENT] Node: 'semester'
    |     +-[DOT] Node: '.'
    |     |  +-[IDENT] Node: 'e'
    |     |  \-[IDENT] Node: 'year'
    |     \-[AS] Node: 'as'
    |        +-[DOT] Node: '.'
    |        |  +-[IDENT] Node: 'e'
    |        |  \-[IDENT] Node: 'course'
    |        \-[IDENT] Node: 'course'
    \-[ORDER] Node: 'order'
       \-[DOT] Node: '.'
          +-[IDENT] Node: 'e'
          \-[IDENT] Node: 'studentNumber'

14:18:49,299 DEBUG ErrorCounter:82 - throwQueryException() : no errors
14:18:49,300 DEBUG FromElement:157 - FromClause{level=1} : org.hibernate.test.querycache.Enrolment (e) -> enrolment0_
14:18:49,300 DEBUG FromReferenceNode:74 - Resolved : e -> (enrolment0_.studentId, enrolment0_.courseCode)
14:18:49,300 DEBUG DotNode:599 - getDataType() : student -> org.hibernate.type.ManyToOneType(org.hibernate.test.querycache.Student)
14:18:49,300 DEBUG DotNode:389 - dereferenceEntityJoin() : generating join for student in org.hibernate.test.querycache.Enrolment (<no alias>) parent = [ {null} ]
14:18:49,300 DEBUG FromElement:157 - FromClause{level=1} : org.hibernate.test.querycache.Student (<no alias>) -> student1_
14:18:49,300 DEBUG FromClause:282 - addJoinByPathMap() : e.student -> FromElement{explicit,not a collection join,not a fetch join,fetch non-lazy properties,classAlias=null,role=null,tableName=Student,tableAlias=student1_,origin=Enrolment enrolment0_,columns={enrolment0_.studentId ,className=org.hibernate.test.querycache.Student}}
14:18:49,301 DEBUG FromReferenceNode:74 - Resolved : e.student -> enrolment0_.studentId
14:18:49,301 DEBUG FromReferenceNode:74 - Resolved : e -> (enrolment0_.studentId, enrolment0_.courseCode)
14:18:49,301 DEBUG DotNode:599 - getDataType() : semester -> org.hibernate.type.ShortType@491168d6
14:18:49,301 DEBUG FromReferenceNode:74 - Resolved : e.semester -> enrolment0_.semester
14:18:49,301 DEBUG FromReferenceNode:74 - Resolved : e -> (enrolment0_.studentId, enrolment0_.courseCode)
14:18:49,301 DEBUG DotNode:599 - getDataType() : year -> org.hibernate.type.ShortType@491168d6
14:18:49,301 DEBUG FromReferenceNode:74 - Resolved : e.year -> enrolment0_."year"
14:18:49,301 DEBUG FromReferenceNode:74 - Resolved : e -> (enrolment0_.studentId, enrolment0_.courseCode)
14:18:49,302 DEBUG DotNode:599 - getDataType() : course -> org.hibernate.type.ManyToOneType(org.hibernate.test.querycache.Course)
14:18:49,302 DEBUG DotNode:389 - dereferenceEntityJoin() : generating join for course in org.hibernate.test.querycache.Enrolment (<no alias>) parent = [ {null} ]
14:18:49,302 DEBUG FromElement:157 - FromClause{level=1} : org.hibernate.test.querycache.Course (<no alias>) -> course2_
14:18:49,302 DEBUG FromClause:282 - addJoinByPathMap() : e.course -> FromElement{explicit,not a collection join,not a fetch join,fetch non-lazy properties,classAlias=null,role=null,tableName=Course,tableAlias=course2_,origin=Enrolment enrolment0_,columns={enrolment0_.courseCode ,className=org.hibernate.test.querycache.Course}}
14:18:49,302 DEBUG FromReferenceNode:74 - Resolved : e.course -> enrolment0_.courseCode
14:18:49,302 DEBUG FromReferenceNode:74 - Resolved : e -> enrolment0_.studentId, enrolment0_.courseCode
14:18:49,302 DEBUG DotNode:599 - getDataType() : studentNumber -> org.hibernate.type.LongType@4bf3f9d
14:18:49,309 DEBUG FromReferenceNode:74 - Resolved : e.studentNumber -> enrolment0_.studentId
14:18:49,310 DEBUG HqlSqlWalker:629 - processQuery() :  ( SELECT ( {select clause} ( enrolment0_.studentId (enrolment0_.studentId, enrolment0_.courseCode) student ) ( enrolment0_.semester (enrolment0_.studentId, enrolment0_.courseCode) semester ) ( enrolment0_."year" (enrolment0_.studentId, enrolment0_.courseCode) year ) ( enrolment0_.courseCode (enrolment0_.studentId, enrolment0_.courseCode) course ) ) ( FromClause{level=1} ( Enrolment enrolment0_ Student student1_ Course course2_ ) ) ( order ( enrolment0_.studentId enrolment0_.studentId, enrolment0_.courseCode studentNumber ) ) )
14:18:49,310 DEBUG JoinProcessor:175 - Using FROM fragment [Enrolment enrolment0_]
14:18:49,310 DEBUG JoinProcessor:175 - Using FROM fragment [inner join Student student1_ on enrolment0_.studentId=student1_.studentId]
14:18:49,310 DEBUG JoinProcessor:175 - Using FROM fragment [inner join Course course2_ on enrolment0_.courseCode=course2_.courseCode]
14:18:49,310 DEBUG QueryTranslatorImpl:252 - --- SQL AST ---
 \-[SELECT] QueryNode: 'SELECT'  querySpaces (Student,Course,Enrolment)
    +-[SELECT_CLAUSE] SelectClause: '{select clause}'
    |  +-[DOT] DotNode: 'enrolment0_.studentId' {propertyName=student,dereferenceType=EOF,propertyPath=student,path=e.student,tableAlias=student1_,className=org.hibernate.test.querycache.Student,classAlias=null}
    |  |  +-[ALIAS_REF] IdentNode: '(enrolment0_.studentId, enrolment0_.courseCode)' {alias=e, className=org.hibernate.test.querycache.Enrolment, tableAlias=enrolment0_}
    |  |  \-[IDENT] IdentNode: 'student' {originalText=student}
    |  +-[SELECT_COLUMNS] SqlNode: ' as col_0_0_'
    |  +-[DOT] DotNode: 'enrolment0_.semester' {propertyName=semester,dereferenceType=ALL,propertyPath=semester,path=e.semester,tableAlias=enrolment0_,className=org.hibernate.test.querycache.Enrolment,classAlias=e}
    |  |  +-[ALIAS_REF] IdentNode: '(enrolment0_.studentId, enrolment0_.courseCode)' {alias=e, className=org.hibernate.test.querycache.Enrolment, tableAlias=enrolment0_}
    |  |  \-[IDENT] IdentNode: 'semester' {originalText=semester}
    |  +-[SELECT_COLUMNS] SqlNode: ' as col_1_0_'
    |  +-[DOT] DotNode: 'enrolment0_."year"' {propertyName=year,dereferenceType=ALL,propertyPath=year,path=e.year,tableAlias=enrolment0_,className=org.hibernate.test.querycache.Enrolment,classAlias=e}
    |  |  +-[ALIAS_REF] IdentNode: '(enrolment0_.studentId, enrolment0_.courseCode)' {alias=e, className=org.hibernate.test.querycache.Enrolment, tableAlias=enrolment0_}
    |  |  \-[IDENT] IdentNode: 'year' {originalText=year}
    |  +-[SELECT_COLUMNS] SqlNode: ' as col_2_0_'
    |  +-[DOT] DotNode: 'enrolment0_.courseCode' {propertyName=course,dereferenceType=EOF,propertyPath=course,path=e.course,tableAlias=course2_,className=org.hibernate.test.querycache.Course,classAlias=null}
    |  |  +-[ALIAS_REF] IdentNode: '(enrolment0_.studentId, enrolment0_.courseCode)' {alias=e, className=org.hibernate.test.querycache.Enrolment, tableAlias=enrolment0_}
    |  |  \-[IDENT] IdentNode: 'course' {originalText=course}
    |  +-[SELECT_COLUMNS] SqlNode: ' as col_3_0_'
    |  +-[SQL_TOKEN] SqlFragment: 'student1_.studentId as studentId4_0_'
    |  +-[SQL_TOKEN] SqlFragment: 'course2_.courseCode as courseCode1_1_'
    |  +-[SQL_TOKEN] SqlFragment: 'student1_.name_first as name2_4_0_, student1_.name_middle as name3_4_0_, student1_.name_last as name4_4_0_, student1_.preferredCourseCode as preferre5_4_0_'
    |  \-[SQL_TOKEN] SqlFragment: 'course2_.description as descript2_1_1_'
    +-[FROM] FromClause: 'from' FromClause{level=1, fromElementCounter=3, fromElements=3, fromElementByClassAlias=[e], fromElementByTableAlias=[student1_, enrolment0_, course2_], fromElementsByPath=[e.course, e.student], collectionJoinFromElementsByPath=[], impliedElements=[]}
    |  \-[FROM_FRAGMENT] FromElement: 'Enrolment enrolment0_' FromElement{explicit,not a collection join,not a fetch join,fetch non-lazy properties,classAlias=e,role=null,tableName=Enrolment,tableAlias=enrolment0_,origin=null,columns={,className=org.hibernate.test.querycache.Enrolment}}
    |     +-[JOIN_FRAGMENT] FromElement: 'inner join Student student1_ on enrolment0_.studentId=student1_.studentId' FromElement{explicit,not a collection join,not a fetch join,fetch non-lazy properties,classAlias=null,role=null,tableName=Student,tableAlias=student1_,origin=Enrolment enrolment0_,columns={enrolment0_.studentId ,className=org.hibernate.test.querycache.Student}}
    |     \-[JOIN_FRAGMENT] FromElement: 'inner join Course course2_ on enrolment0_.courseCode=course2_.courseCode' FromElement{explicit,not a collection join,not a fetch join,fetch non-lazy properties,classAlias=null,role=null,tableName=Course,tableAlias=course2_,origin=Enrolment enrolment0_,columns={enrolment0_.courseCode ,className=org.hibernate.test.querycache.Course}}
    \-[ORDER] OrderByClause: 'order'
       \-[DOT] DotNode: 'enrolment0_.studentId' {propertyName=studentNumber,dereferenceType=ALL,propertyPath=studentNumber,path=e.studentNumber,tableAlias=enrolment0_,className=org.hibernate.test.querycache.Enrolment,classAlias=e}
          +-[ALIAS_REF] IdentNode: 'enrolment0_.studentId, enrolment0_.courseCode' {alias=e, className=org.hibernate.test.querycache.Enrolment, tableAlias=enrolment0_}
          \-[IDENT] IdentNode: 'studentNumber' {originalText=studentNumber}

14:18:49,319 DEBUG ErrorCounter:82 - throwQueryException() : no errors
14:18:49,319 DEBUG QueryTranslatorImpl:235 - HQL: select e.student as student, e.semester, e.year, e.course as course from org.hibernate.test.querycache.Enrolment e order by e.studentNumber
14:18:49,319 DEBUG QueryTranslatorImpl:236 - SQL: select enrolment0_.studentId as col_0_0_, enrolment0_.semester as col_1_0_, enrolment0_."year" as col_2_0_, enrolment0_.courseCode as col_3_0_, student1_.studentId as studentId4_0_, course2_.courseCode as courseCode1_1_, student1_.name_first as name2_4_0_, student1_.name_middle as name3_4_0_, student1_.name_last as name4_4_0_, student1_.preferredCourseCode as preferre5_4_0_, course2_.description as descript2_1_1_ from Enrolment enrolment0_ inner join Student student1_ on enrolment0_.studentId=student1_.studentId inner join Course course2_ on enrolment0_.courseCode=course2_.courseCode order by enrolment0_.studentId
14:18:49,319 DEBUG ErrorCounter:82 - throwQueryException() : no errors
14:18:49,320 DEBUG SQL:104 - 
    select
        enrolment0_.studentId as col_0_0_,
        enrolment0_.semester as col_1_0_,
        enrolment0_."year" as col_2_0_,
        enrolment0_.courseCode as col_3_0_,
        student1_.studentId as studentId4_0_,
        course2_.courseCode as courseCode1_1_,
        student1_.name_first as name2_4_0_,
        student1_.name_middle as name3_4_0_,
        student1_.name_last as name4_4_0_,
        student1_.preferredCourseCode as preferre5_4_0_,
        course2_.description as descript2_1_1_ 
    from
        Enrolment enrolment0_ 
    inner join
        Student student1_ 
            on enrolment0_.studentId=student1_.studentId 
    inner join
        Course course2_ 
            on enrolment0_.courseCode=course2_.courseCode 
    order by
        enrolment0_.studentId
14:18:49,329 DEBUG SQL:104 - 
    select
        secretcode0_.studentNumber as studentN1_4_0_,
        secretcode0_.secretCode as secretCode5_0_,
        secretcode0_.i as i0_ 
    from
        Student_secretCodes secretcode0_ 
    where
        secretcode0_.studentNumber=?
14:18:49,331 DEBUG SQL:104 - 
    select
        coursemeet0_.courseCode as courseCode1_1_,
        coursemeet0_.courseCode as courseCode2_1_,
        coursemeet0_.day as day2_1_,
        coursemeet0_.period as period2_1_,
        coursemeet0_.location as location2_1_,
        coursemeet0_.courseCode as courseCode2_0_,
        coursemeet0_.day as day2_0_,
        coursemeet0_.period as period2_0_,
        coursemeet0_.location as location2_0_ 
    from
        CourseMeeting coursemeet0_ 
    where
        coursemeet0_.courseCode=?
14:18:49,331 DEBUG SQL:104 - 
    select
        secretcode0_.studentNumber as studentN1_4_0_,
        secretcode0_.secretCode as secretCode5_0_,
        secretcode0_.i as i0_ 
    from
        Student_secretCodes secretcode0_ 
    where
        secretcode0_.studentNumber=?
14:18:49,332 DEBUG BaseGeneralDataRegion:59 - Caching[foo.org.hibernate.cache.internal.StandardQueryCache] : [sql: select enrolment0_.studentId as col_0_0_, enrolment0_.semester as col_1_0_, enrolment0_."year" as col_2_0_, enrolment0_.courseCode as col_3_0_, student1_.studentId as studentId4_0_, course2_.courseCode as courseCode1_1_, student1_.name_first as name2_4_0_, student1_.name_middle as name3_4_0_, student1_.name_last as name4_4_0_, student1_.preferredCourseCode as preferre5_4_0_, course2_.description as descript2_1_1_ from Enrolment enrolment0_ inner join Student student1_ on enrolment0_.studentId=student1_.studentId inner join Course course2_ on enrolment0_.courseCode=course2_.courseCode order by enrolment0_.studentId; parameters: ; named parameters: {}; transformer: org.hibernate.transform.CacheableResultTransformer@47bbf55f] -> [[5579090859343872, [Ljava.io.Serializable;@66be80c9, [Ljava.io.Serializable;@64f940d1]]
14:18:49,332 DEBUG SQL:104 - 
    select
        enrolment0_.studentId as col_0_0_,
        enrolment0_.semester as col_1_0_,
        enrolment0_."year" as col_2_0_,
        enrolment0_.courseCode as col_3_0_,
        student1_.studentId as studentId4_0_,
        course2_.courseCode as courseCode1_1_,
        student1_.name_first as name2_4_0_,
        student1_.name_middle as name3_4_0_,
        student1_.name_last as name4_4_0_,
        student1_.preferredCourseCode as preferre5_4_0_,
        course2_.description as descript2_1_1_ 
    from
        Enrolment enrolment0_ 
    inner join
        Student student1_ 
            on enrolment0_.studentId=student1_.studentId 
    inner join
        Course course2_ 
            on enrolment0_.courseCode=course2_.courseCode 
    order by
        enrolment0_.studentId
14:18:49,342 DEBUG SQL:104 - 
    select
        secretcode0_.studentNumber as studentN1_4_0_,
        secretcode0_.secretCode as secretCode5_0_,
        secretcode0_.i as i0_ 
    from
        Student_secretCodes secretcode0_ 
    where
        secretcode0_.studentNumber=?
14:18:49,343 DEBUG SQL:104 - 
    select
        coursemeet0_.courseCode as courseCode1_1_,
        coursemeet0_.courseCode as courseCode2_1_,
        coursemeet0_.day as day2_1_,
        coursemeet0_.period as period2_1_,
        coursemeet0_.location as location2_1_,
        coursemeet0_.courseCode as courseCode2_0_,
        coursemeet0_.day as day2_0_,
        coursemeet0_.period as period2_0_,
        coursemeet0_.location as location2_0_ 
    from
        CourseMeeting coursemeet0_ 
    where
        coursemeet0_.courseCode=?
14:18:49,343 DEBUG SQL:104 - 
    select
        secretcode0_.studentNumber as studentN1_4_0_,
        secretcode0_.secretCode as secretCode5_0_,
        secretcode0_.i as i0_ 
    from
        Student_secretCodes secretcode0_ 
    where
        secretcode0_.studentNumber=?
14:18:49,351 DEBUG BaseGeneralDataRegion:59 - Caching[foo.org.hibernate.cache.internal.StandardQueryCache] : [sql: select enrolment0_.studentId as col_0_0_, enrolment0_.semester as col_1_0_, enrolment0_."year" as col_2_0_, enrolment0_.courseCode as col_3_0_, student1_.studentId as studentId4_0_, course2_.courseCode as courseCode1_1_, student1_.name_first as name2_4_0_, student1_.name_middle as name3_4_0_, student1_.name_last as name4_4_0_, student1_.preferredCourseCode as preferre5_4_0_, course2_.description as descript2_1_1_ from Enrolment enrolment0_ inner join Student student1_ on enrolment0_.studentId=student1_.studentId inner join Course course2_ on enrolment0_.courseCode=course2_.courseCode order by enrolment0_.studentId; parameters: ; named parameters: {}; transformer: org.hibernate.transform.CacheableResultTransformer@47bbf55f] -> [[5579090859421696, [Ljava.io.Serializable;@4cc82b4c, [Ljava.io.Serializable;@6992b1f5]]
14:18:49,352 DEBUG SQL:104 - 
    select
        student_.studentId,
        student_.name_first as name2_4_,
        student_.name_middle as name3_4_,
        student_.name_last as name4_4_,
        student_.preferredCourseCode as preferre5_4_ 
    from
        Student student_ 
    where
        student_.studentId=?
14:18:49,352 DEBUG SQL:104 - 
    select
        enrolment_.studentId,
        enrolment_.courseCode,
        enrolment_.semester as semester3_,
        enrolment_."year" as year4_3_ 
    from
        Enrolment enrolment_ 
    where
        enrolment_.studentId=? 
        and enrolment_.courseCode=?
14:18:49,353 DEBUG SQL:104 - 
    select
        course_.courseCode,
        course_.description as descript2_1_ 
    from
        Course course_ 
    where
        course_.courseCode=?
14:18:49,353 DEBUG SQL:104 - 
    select
        student_.studentId,
        student_.name_first as name2_4_,
        student_.name_middle as name3_4_,
        student_.name_last as name4_4_,
        student_.preferredCourseCode as preferre5_4_ 
    from
        Student student_ 
    where
        student_.studentId=?
14:18:49,376 DEBUG SQL:104 - 
    select
        enrolment_.studentId,
        enrolment_.courseCode,
        enrolment_.semester as semester3_,
        enrolment_."year" as year4_3_ 
    from
        Enrolment enrolment_ 
    where
        enrolment_.studentId=? 
        and enrolment_.courseCode=?
14:18:49,376 DEBUG SQL:104 - 
    select
        coursemeet_.courseCode,
        coursemeet_.day,
        coursemeet_.period,
        coursemeet_.location 
    from
        CourseMeeting coursemeet_ 
    where
        coursemeet_.courseCode=? 
        and coursemeet_.day=? 
        and coursemeet_.period=? 
        and coursemeet_.location=?
14:18:49,377 DEBUG SQL:104 - 
    select
        coursemeet_.courseCode,
        coursemeet_.day,
        coursemeet_.period,
        coursemeet_.location 
    from
        CourseMeeting coursemeet_ 
    where
        coursemeet_.courseCode=? 
        and coursemeet_.day=? 
        and coursemeet_.period=? 
        and coursemeet_.location=?
14:18:49,386 DEBUG BaseGeneralDataRegion:59 - Caching[foo.org.hibernate.cache.spi.UpdateTimestampsCache] : [Enrolment] -> [5579091105325056]
14:18:49,386 DEBUG SQL:104 - 
    update
        Address 
    set
        studentNumber=null,
        addressType=null 
    where
        studentNumber=?
14:18:49,386 DEBUG BaseGeneralDataRegion:59 - Caching[foo.org.hibernate.cache.spi.UpdateTimestampsCache] : [Address] -> [5579091105325057]
14:18:49,386 DEBUG SQL:104 - 
    delete 
    from
        Student_secretCodes 
    where
        studentNumber=?
14:18:49,386 DEBUG BaseGeneralDataRegion:59 - Caching[foo.org.hibernate.cache.spi.UpdateTimestampsCache] : [Student_secretCodes] -> [5579091105325058]
14:18:49,387 DEBUG BaseGeneralDataRegion:59 - Caching[foo.org.hibernate.cache.spi.UpdateTimestampsCache] : [Enrolment] -> [5579091105329152]
14:18:49,387 DEBUG BaseGeneralDataRegion:59 - Caching[foo.org.hibernate.cache.spi.UpdateTimestampsCache] : [Address] -> [5579091105329153]
14:18:49,387 DEBUG SQL:104 - 
    delete 
    from
        Student_secretCodes 
    where
        studentNumber=?
14:18:49,395 DEBUG BaseGeneralDataRegion:59 - Caching[foo.org.hibernate.cache.spi.UpdateTimestampsCache] : [Student_secretCodes] -> [5579091105361920]
14:18:49,396 DEBUG BaseGeneralDataRegion:59 - Caching[foo.org.hibernate.cache.spi.UpdateTimestampsCache] : [CourseMeeting] -> [5579091105366016]
14:18:49,396 DEBUG SQL:104 - 
    delete 
    from
        Enrolment 
    where
        studentId=? 
        and courseCode=?
14:18:49,396 DEBUG BaseGeneralDataRegion:59 - Caching[foo.org.hibernate.cache.spi.UpdateTimestampsCache] : [Enrolment] -> [5579091105366017]
14:18:49,396 DEBUG SQL:104 - 
    delete 
    from
        Address 
    where
        id=?
14:18:49,396 DEBUG BaseGeneralDataRegion:59 - Caching[foo.org.hibernate.cache.spi.UpdateTimestampsCache] : [Address] -> [5579091105366018]
14:18:49,397 DEBUG SQL:104 - 
    delete 
    from
        Address 
    where
        id=?
14:18:49,404 DEBUG BaseGeneralDataRegion:59 - Caching[foo.org.hibernate.cache.spi.UpdateTimestampsCache] : [Address] -> [5579091105398784]
14:18:49,404 DEBUG SQL:104 - 
    delete 
    from
        Student 
    where
        studentId=?
14:18:49,404 DEBUG BaseGeneralDataRegion:59 - Caching[foo.org.hibernate.cache.spi.UpdateTimestampsCache] : [Student] -> [5579091105398785]
14:18:49,404 DEBUG SQL:104 - 
    delete 
    from
        Enrolment 
    where
        studentId=? 
        and courseCode=?
14:18:49,404 DEBUG BaseGeneralDataRegion:59 - Caching[foo.org.hibernate.cache.spi.UpdateTimestampsCache] : [Enrolment] -> [5579091105398786]
14:18:49,405 DEBUG SQL:104 - 
    delete 
    from
        Student 
    where
        studentId=?
14:18:49,405 DEBUG BaseGeneralDataRegion:59 - Caching[foo.org.hibernate.cache.spi.UpdateTimestampsCache] : [Student] -> [5579091105402880]
14:18:49,405 DEBUG SQL:104 - 
    delete 
    from
        CourseMeeting 
    where
        courseCode=? 
        and day=? 
        and period=? 
        and location=?
14:18:49,413 DEBUG BaseGeneralDataRegion:59 - Caching[foo.org.hibernate.cache.spi.UpdateTimestampsCache] : [CourseMeeting] -> [5579091105435648]
14:18:49,413 DEBUG SQL:104 - 
    delete 
    from
        CourseMeeting 
    where
        courseCode=? 
        and day=? 
        and period=? 
        and location=?
14:18:49,413 DEBUG BaseGeneralDataRegion:59 - Caching[foo.org.hibernate.cache.spi.UpdateTimestampsCache] : [CourseMeeting] -> [5579091105435649]
14:18:49,413 DEBUG SQL:104 - 
    delete 
    from
        Course 
    where
        courseCode=?
14:18:49,413 DEBUG BaseGeneralDataRegion:59 - Caching[foo.org.hibernate.cache.spi.UpdateTimestampsCache] : [Course] -> [5579091105435650]
14:18:49,414 DEBUG BaseGeneralDataRegion:59 - Caching[foo.org.hibernate.cache.spi.UpdateTimestampsCache] : [Student] -> [5579090859679744]
14:18:49,414 DEBUG BaseGeneralDataRegion:59 - Caching[foo.org.hibernate.cache.spi.UpdateTimestampsCache] : [Course] -> [5579090859679744]
14:18:49,414 DEBUG BaseGeneralDataRegion:59 - Caching[foo.org.hibernate.cache.spi.UpdateTimestampsCache] : [Enrolment] -> [5579090859679744]
14:18:49,414 DEBUG BaseGeneralDataRegion:59 - Caching[foo.org.hibernate.cache.spi.UpdateTimestampsCache] : [Student_secretCodes] -> [5579090859679744]
14:18:49,414 DEBUG BaseGeneralDataRegion:59 - Caching[foo.org.hibernate.cache.spi.UpdateTimestampsCache] : [Address] -> [5579090859679744]
14:18:49,414 DEBUG BaseGeneralDataRegion:59 - Caching[foo.org.hibernate.cache.spi.UpdateTimestampsCache] : [CourseMeeting] -> [5579090859679744]
14:18:49,421  INFO CustomRunner:139 - Test: testAliasToEntityMapNoProjectionList
14:18:49,422 DEBUG SQL:104 - 
    select
        coursemeet_.courseCode,
        coursemeet_.day,
        coursemeet_.period,
        coursemeet_.location 
    from
        CourseMeeting coursemeet_ 
    where
        coursemeet_.courseCode=? 
        and coursemeet_.day=? 
        and coursemeet_.period=? 
        and coursemeet_.location=?
14:18:49,423 DEBUG SQL:104 - 
    select
        coursemeet_.courseCode,
        coursemeet_.day,
        coursemeet_.period,
        coursemeet_.location 
    from
        CourseMeeting coursemeet_ 
    where
        coursemeet_.courseCode=? 
        and coursemeet_.day=? 
        and coursemeet_.period=? 
        and coursemeet_.location=?
14:18:49,424 DEBUG SQL:104 - 
    insert 
    into
        Course
        (description, courseCode) 
    values
        (?, ?)
14:18:49,431 DEBUG BaseGeneralDataRegion:59 - Caching[foo.org.hibernate.cache.spi.UpdateTimestampsCache] : [Course] -> [5579091105509376]
14:18:49,431 DEBUG SQL:104 - 
    insert 
    into
        CourseMeeting
        (courseCode, day, period, location) 
    values
        (?, ?, ?, ?)
14:18:49,431 DEBUG BaseGeneralDataRegion:59 - Caching[foo.org.hibernate.cache.spi.UpdateTimestampsCache] : [CourseMeeting] -> [5579091105509377]
14:18:49,431 DEBUG SQL:104 - 
    insert 
    into
        CourseMeeting
        (courseCode, day, period, location) 
    values
        (?, ?, ?, ?)
14:18:49,432 DEBUG BaseGeneralDataRegion:59 - Caching[foo.org.hibernate.cache.spi.UpdateTimestampsCache] : [CourseMeeting] -> [5579091105513472]
14:18:49,432 DEBUG SQL:104 - 
    insert 
    into
        Student
        (name_first, name_middle, name_last, preferredCourseCode, studentId) 
    values
        (?, ?, ?, ?, ?)
14:18:49,432 DEBUG BaseGeneralDataRegion:59 - Caching[foo.org.hibernate.cache.spi.UpdateTimestampsCache] : [Student] -> [5579091105513473]
14:18:49,432 DEBUG SQL:104 - 
    insert 
    into
        Address
        (addressType, street, city, stateProvince, postalCode, country, studentNumber, id) 
    values
        (?, ?, ?, ?, ?, ?, ?, ?)
14:18:49,432 DEBUG BaseGeneralDataRegion:59 - Caching[foo.org.hibernate.cache.spi.UpdateTimestampsCache] : [Address] -> [5579091105513474]
14:18:49,432 DEBUG SQL:104 - 
    insert 
    into
        Address
        (addressType, street, city, stateProvince, postalCode, country, studentNumber, id) 
    values
        (?, ?, ?, ?, ?, ?, ?, ?)
14:18:49,433 DEBUG BaseGeneralDataRegion:59 - Caching[foo.org.hibernate.cache.spi.UpdateTimestampsCache] : [Address] -> [5579091105517568]
14:18:49,433 DEBUG SQL:104 - 
    insert 
    into
        Student
        (name_first, name_middle, name_last, preferredCourseCode, studentId) 
    values
        (?, ?, ?, ?, ?)
14:18:49,433 DEBUG BaseGeneralDataRegion:59 - Caching[foo.org.hibernate.cache.spi.UpdateTimestampsCache] : [Student] -> [5579091105517569]
14:18:49,433 DEBUG SQL:104 - 
    insert 
    into
        Enrolment
        (semester, "year", studentId, courseCode) 
    values
        (?, ?, ?, ?)
14:18:49,433 DEBUG BaseGeneralDataRegion:59 - Caching[foo.org.hibernate.cache.spi.UpdateTimestampsCache] : [Enrolment] -> [5579091105517570]
14:18:49,433 DEBUG SQL:104 - 
    insert 
    into
        Enrolment
        (semester, "year", studentId, courseCode) 
    values
        (?, ?, ?, ?)
14:18:49,433 DEBUG BaseGeneralDataRegion:59 - Caching[foo.org.hibernate.cache.spi.UpdateTimestampsCache] : [Enrolment] -> [5579091105517571]
14:18:49,434 DEBUG BaseGeneralDataRegion:59 - Caching[foo.org.hibernate.cache.spi.UpdateTimestampsCache] : [CourseMeeting] -> [5579091105521664]
14:18:49,434 DEBUG BaseGeneralDataRegion:59 - Caching[foo.org.hibernate.cache.spi.UpdateTimestampsCache] : [Enrolment] -> [5579091105521665]
14:18:49,453 DEBUG SQL:104 - 
    update
        Address 
    set
        studentNumber=?,
        addressType=? 
    where
        id=?
14:18:49,453 DEBUG SQL:104 - 
    update
        Address 
    set
        studentNumber=?,
        addressType=? 
    where
        id=?
14:18:49,453 DEBUG BaseGeneralDataRegion:59 - Caching[foo.org.hibernate.cache.spi.UpdateTimestampsCache] : [Address] -> [5579091105599488]
14:18:49,454 DEBUG SQL:104 - 
    insert 
    into
        Student_secretCodes
        (studentNumber, i, secretCode) 
    values
        (?, ?, ?)
14:18:49,454 DEBUG BaseGeneralDataRegion:59 - Caching[foo.org.hibernate.cache.spi.UpdateTimestampsCache] : [Student_secretCodes] -> [5579091105603584]
14:18:49,454 DEBUG BaseGeneralDataRegion:59 - Caching[foo.org.hibernate.cache.spi.UpdateTimestampsCache] : [Enrolment] -> [5579091105603585]
14:18:49,454 DEBUG BaseGeneralDataRegion:59 - Caching[foo.org.hibernate.cache.spi.UpdateTimestampsCache] : [Address] -> [5579091105603586]
14:18:49,454 DEBUG SQL:104 - 
    insert 
    into
        Student_secretCodes
        (studentNumber, i, secretCode) 
    values
        (?, ?, ?)
14:18:49,454 DEBUG SQL:104 - 
    insert 
    into
        Student_secretCodes
        (studentNumber, i, secretCode) 
    values
        (?, ?, ?)
14:18:49,455 DEBUG BaseGeneralDataRegion:59 - Caching[foo.org.hibernate.cache.spi.UpdateTimestampsCache] : [Student_secretCodes] -> [5579091105607680]
14:18:49,455 DEBUG BaseGeneralDataRegion:59 - Caching[foo.org.hibernate.cache.spi.UpdateTimestampsCache] : [Student] -> [5579090859847681]
14:18:49,455 DEBUG BaseGeneralDataRegion:59 - Caching[foo.org.hibernate.cache.spi.UpdateTimestampsCache] : [Course] -> [5579090859847681]
14:18:49,455 DEBUG BaseGeneralDataRegion:59 - Caching[foo.org.hibernate.cache.spi.UpdateTimestampsCache] : [Enrolment] -> [5579090859847681]
14:18:49,455 DEBUG BaseGeneralDataRegion:59 - Caching[foo.org.hibernate.cache.spi.UpdateTimestampsCache] : [Student_secretCodes] -> [5579090859847681]
14:18:49,455 DEBUG BaseGeneralDataRegion:59 - Caching[foo.org.hibernate.cache.spi.UpdateTimestampsCache] : [Address] -> [5579090859847681]
14:18:49,455 DEBUG BaseGeneralDataRegion:59 - Caching[foo.org.hibernate.cache.spi.UpdateTimestampsCache] : [CourseMeeting] -> [5579090859847681]
14:18:49,456 DEBUG QueryTranslatorImpl:265 - parse() - HQL: from org.hibernate.test.querycache.Student s left join s.enrolments e left join e.course c order by s.studentNumber
14:18:49,457 DEBUG QueryTranslatorImpl:283 - --- HQL AST ---
 \-[QUERY] Node: 'query'
    +-[SELECT_FROM] Node: 'SELECT_FROM'
    |  \-[FROM] Node: 'from'
    |     +-[RANGE] Node: 'RANGE'
    |     |  +-[DOT] Node: '.'
    |     |  |  +-[DOT] Node: '.'
    |     |  |  |  +-[DOT] Node: '.'
    |     |  |  |  |  +-[DOT] Node: '.'
    |     |  |  |  |  |  +-[IDENT] Node: 'org'
    |     |  |  |  |  |  \-[IDENT] Node: 'hibernate'
    |     |  |  |  |  \-[IDENT] Node: 'test'
    |     |  |  |  \-[IDENT] Node: 'querycache'
    |     |  |  \-[IDENT] Node: 'Student'
    |     |  \-[ALIAS] Node: 's'
    |     +-[JOIN] Node: 'join'
    |     |  +-[LEFT] Node: 'left'
    |     |  +-[DOT] Node: '.'
    |     |  |  +-[IDENT] Node: 's'
    |     |  |  \-[IDENT] Node: 'enrolments'
    |     |  \-[ALIAS] Node: 'e'
    |     \-[JOIN] Node: 'join'
    |        +-[LEFT] Node: 'left'
    |        +-[DOT] Node: '.'
    |        |  +-[IDENT] Node: 'e'
    |        |  \-[IDENT] Node: 'course'
    |        \-[ALIAS] Node: 'c'
    \-[ORDER] Node: 'order'
       \-[DOT] Node: '.'
          +-[IDENT] Node: 's'
          \-[IDENT] Node: 'studentNumber'

14:18:49,467 DEBUG ErrorCounter:82 - throwQueryException() : no errors
14:18:49,468 DEBUG FromElement:157 - FromClause{level=1} : org.hibernate.test.querycache.Student (s) -> student0_
14:18:49,468 DEBUG FromReferenceNode:74 - Resolved : s -> student0_.studentId
14:18:49,468 DEBUG DotNode:599 - getDataType() : enrolments -> org.hibernate.type.SetType(org.hibernate.test.querycache.Student.enrolments)
14:18:49,468 DEBUG FromElementFactory:376 - createEntityAssociation() : One to many - path = s.enrolments role = org.hibernate.test.querycache.Student.enrolments associatedEntityName = org.hibernate.test.querycache.Enrolment
14:18:49,468 DEBUG FromElement:157 - FromClause{level=1} : org.hibernate.test.querycache.Enrolment (e) -> enrolments1_
14:18:49,468 DEBUG FromClause:282 - addJoinByPathMap() : s.enrolments -> FromElement{explicit,not a collection join,not a fetch join,fetch non-lazy properties,classAlias=e,role=null,tableName=Enrolment,tableAlias=enrolments1_,origin=Student student0_,columns={student0_.studentId ,className=org.hibernate.test.querycache.Enrolment}}
14:18:49,468 DEBUG DotNode:308 - dereferenceCollection() : Created new FROM element for s.enrolments : Enrolment enrolments1_
14:18:49,469 DEBUG FromReferenceNode:74 - Resolved : s.enrolments -> .
14:18:49,469 DEBUG HqlSqlWalker:403 - createFromJoinElement() : -- join tree --
 \-[JOIN_FRAGMENT] FromElement: 'Enrolment enrolments1_' FromElement{explicit,not a collection join,not a fetch join,fetch non-lazy properties,classAlias=e,role=org.hibernate.test.querycache.Student.enrolments,tableName=Enrolment,tableAlias=enrolments1_,origin=Student student0_,columns={student0_.studentId ,className=org.hibernate.test.querycache.Enrolment}}

14:18:49,478 DEBUG FromReferenceNode:74 - Resolved : e -> (enrolments1_.studentId, enrolments1_.courseCode)
14:18:49,478 DEBUG DotNode:599 - getDataType() : course -> org.hibernate.type.ManyToOneType(org.hibernate.test.querycache.Course)
14:18:49,478 DEBUG DotNode:389 - dereferenceEntityJoin() : generating join for course in org.hibernate.test.querycache.Enrolment (c) parent = [ {null} ]
14:18:49,478 DEBUG FromElement:157 - FromClause{level=1} : org.hibernate.test.querycache.Course (c) -> course2_
14:18:49,478 DEBUG FromClause:282 - addJoinByPathMap() : e.course -> FromElement{explicit,not a collection join,not a fetch join,fetch non-lazy properties,classAlias=c,role=null,tableName=Course,tableAlias=course2_,origin=Enrolment enrolments1_,columns={enrolments1_.courseCode ,className=org.hibernate.test.querycache.Course}}
14:18:49,478 DEBUG FromReferenceNode:74 - Resolved : e.course -> enrolments1_.courseCode
14:18:49,479 DEBUG HqlSqlWalker:403 - createFromJoinElement() : -- join tree --
 \-[JOIN_FRAGMENT] FromElement: 'Course course2_' FromElement{explicit,not a collection join,not a fetch join,fetch non-lazy properties,classAlias=c,role=null,tableName=Course,tableAlias=course2_,origin=Enrolment enrolments1_,columns={enrolments1_.courseCode ,className=org.hibernate.test.querycache.Course}}

14:18:49,479 DEBUG FromReferenceNode:74 - Resolved : s -> student0_.studentId
14:18:49,479 DEBUG DotNode:599 - getDataType() : studentNumber -> org.hibernate.type.LongType@4bf3f9d
14:18:49,479 DEBUG FromReferenceNode:74 - Resolved : s.studentNumber -> student0_.studentId
14:18:49,479 DEBUG HqlSqlWalker:629 - processQuery() :  ( SELECT ( FromClause{level=1} ( Student student0_ ( Enrolment enrolments1_ Course course2_ ) ) ) ( order ( student0_.studentId student0_.studentId studentNumber ) ) )
14:18:49,479 DEBUG HqlSqlWalker:869 - Derived SELECT clause created.
14:18:49,479 DEBUG JoinProcessor:175 - Using FROM fragment [Student student0_]
14:18:49,480 DEBUG JoinProcessor:175 - Using FROM fragment [left outer join Enrolment enrolments1_ on student0_.studentId=enrolments1_.studentId]
14:18:49,480 DEBUG JoinProcessor:175 - Using FROM fragment [left outer join Course course2_ on enrolments1_.courseCode=course2_.courseCode]
14:18:49,480 DEBUG QueryTranslatorImpl:252 - --- SQL AST ---
 \-[SELECT] QueryNode: 'SELECT'  querySpaces (Student,Course,Enrolment)
    +-[SELECT_CLAUSE] SelectClause: '{derived select clause}'
    |  +-[SELECT_EXPR] SelectExpressionImpl: 'student0_.studentId as studentId4_0_' {FromElement{explicit,not a collection join,not a fetch join,fetch non-lazy properties,classAlias=s,role=null,tableName=Student,tableAlias=student0_,origin=null,columns={,className=org.hibernate.test.querycache.Student}}}
    |  +-[SELECT_EXPR] SelectExpressionImpl: 'enrolments1_.studentId as studentId3_1_, enrolments1_.courseCode as courseCode3_1_' {FromElement{explicit,not a collection join,not a fetch join,fetch non-lazy properties,classAlias=e,role=org.hibernate.test.querycache.Student.enrolments,tableName=Enrolment,tableAlias=enrolments1_,origin=Student student0_,columns={student0_.studentId ,className=org.hibernate.test.querycache.Enrolment}}}
    |  +-[SELECT_EXPR] SelectExpressionImpl: 'course2_.courseCode as courseCode1_2_' {FromElement{explicit,not a collection join,not a fetch join,fetch non-lazy properties,classAlias=c,role=null,tableName=Course,tableAlias=course2_,origin=left outer join Enrolment enrolments1_ on student0_.studentId=enrolments1_.studentId,columns={enrolments1_.courseCode ,className=org.hibernate.test.querycache.Course}}}
    |  +-[SQL_TOKEN] SqlFragment: 'student0_.name_first as name2_4_0_, student0_.name_middle as name3_4_0_, student0_.name_last as name4_4_0_, student0_.preferredCourseCode as preferre5_4_0_'
    |  +-[SQL_TOKEN] SqlFragment: 'enrolments1_.semester as semester3_1_, enrolments1_."year" as year4_3_1_'
    |  \-[SQL_TOKEN] SqlFragment: 'course2_.description as descript2_1_2_'
    +-[FROM] FromClause: 'from' FromClause{level=1, fromElementCounter=3, fromElements=3, fromElementByClassAlias=[e, s, c], fromElementByTableAlias=[student0_, course2_, enrolments1_], fromElementsByPath=[e.course, s.enrolments], collectionJoinFromElementsByPath=[], impliedElements=[]}
    |  \-[FROM_FRAGMENT] FromElement: 'Student student0_' FromElement{explicit,not a collection join,not a fetch join,fetch non-lazy properties,classAlias=s,role=null,tableName=Student,tableAlias=student0_,origin=null,columns={,className=org.hibernate.test.querycache.Student}}
    |     \-[JOIN_FRAGMENT] FromElement: 'left outer join Enrolment enrolments1_ on student0_.studentId=enrolments1_.studentId' FromElement{explicit,not a collection join,not a fetch join,fetch non-lazy properties,classAlias=e,role=org.hibernate.test.querycache.Student.enrolments,tableName=Enrolment,tableAlias=enrolments1_,origin=Student student0_,columns={student0_.studentId ,className=org.hibernate.test.querycache.Enrolment}}
    |        \-[JOIN_FRAGMENT] FromElement: 'left outer join Course course2_ on enrolments1_.courseCode=course2_.courseCode' FromElement{explicit,not a collection join,not a fetch join,fetch non-lazy properties,classAlias=c,role=null,tableName=Course,tableAlias=course2_,origin=left outer join Enrolment enrolments1_ on student0_.studentId=enrolments1_.studentId,columns={enrolments1_.courseCode ,className=org.hibernate.test.querycache.Course}}
    \-[ORDER] OrderByClause: 'order'
       \-[DOT] DotNode: 'student0_.studentId' {propertyName=studentNumber,dereferenceType=ALL,propertyPath=studentNumber,path=s.studentNumber,tableAlias=student0_,className=org.hibernate.test.querycache.Student,classAlias=s}
          +-[ALIAS_REF] IdentNode: 'student0_.studentId' {alias=s, className=org.hibernate.test.querycache.Student, tableAlias=student0_}
          \-[IDENT] IdentNode: 'studentNumber' {originalText=studentNumber}

14:18:49,480 DEBUG ErrorCounter:82 - throwQueryException() : no errors
14:18:49,480 DEBUG QueryTranslatorImpl:235 - HQL: from org.hibernate.test.querycache.Student s left join s.enrolments e left join e.course c order by s.studentNumber
14:18:49,480 DEBUG QueryTranslatorImpl:236 - SQL: select student0_.studentId as studentId4_0_, enrolments1_.studentId as studentId3_1_, enrolments1_.courseCode as courseCode3_1_, course2_.courseCode as courseCode1_2_, student0_.name_first as name2_4_0_, student0_.name_middle as name3_4_0_, student0_.name_last as name4_4_0_, student0_.preferredCourseCode as preferre5_4_0_, enrolments1_.semester as semester3_1_, enrolments1_."year" as year4_3_1_, course2_.description as descript2_1_2_ from Student student0_ left outer join Enrolment enrolments1_ on student0_.studentId=enrolments1_.studentId left outer join Course course2_ on enrolments1_.courseCode=course2_.courseCode order by student0_.studentId
14:18:49,480 DEBUG ErrorCounter:82 - throwQueryException() : no errors
14:18:49,481  INFO FailureExpectedHandler:73 - Ignoring expected failure [{}] : {}
14:18:49,483  INFO Configuration:706 - HHH000221: Reading mappings from resource: org/hibernate/test/querycache/Enrolment.hbm.xml
14:18:49,490  INFO DriverManagerConnectionProviderImpl:99 - HHH000402: Using Hibernate built-in connection pool (not for production use!)
14:18:49,491  INFO DriverManagerConnectionProviderImpl:135 - HHH000115: Hibernate connection pool size: 5
14:18:49,503  INFO DriverManagerConnectionProviderImpl:138 - HHH000006: Autocommit mode: false
14:18:49,503  INFO DriverManagerConnectionProviderImpl:153 - HHH000401: using driver [org.h2.Driver] at URL [jdbc:h2:mem:db1;DB_CLOSE_DELAY=-1;MVCC=TRUE]
14:18:49,503  INFO DriverManagerConnectionProviderImpl:158 - HHH000046: Connection properties: {user=sa}
14:18:49,505  INFO Dialect:103 - HHH000400: Using dialect: org.hibernate.dialect.H2Dialect
14:18:49,505  INFO LobCreatorBuilder:94 - HHH000423: Disabling contextual LOB creation as JDBC driver reported JDBC version [3] less than 4
14:18:49,506  INFO TransactionFactoryInitiator:66 - HHH000399: Using default transaction strategy (direct JDBC transactions)
14:18:49,506  INFO ASTQueryTranslatorFactory:48 - HHH000397: Using ASTQueryTranslatorFactory
14:18:49,506  WARN CachingRegionFactory:58 - CachingRegionFactory should be only used for testing.
14:18:49,507  INFO UpdateTimestampsCache:61 - HHH000250: Starting update timestamps cache at region: foo.org.hibernate.cache.spi.UpdateTimestampsCache
14:18:49,507  INFO StandardQueryCache:86 - HHH000248: Starting query cache at region: foo.org.hibernate.cache.internal.StandardQueryCache
14:18:49,517  INFO SchemaExport:343 - HHH000227: Running hbm2ddl schema export
14:18:49,517 DEBUG SchemaExport:353 - Import file not found: /import.sql
14:18:49,518 DEBUG SQL:104 - 
    alter table Address 
        drop constraint FK1ED033D47B5C59E1
14:18:49,518 DEBUG SQL:104 - 
    alter table CourseMeeting 
        drop constraint FKC97EED80AEBBC201
14:18:49,518 DEBUG SQL:104 - 
    alter table Enrolment 
        drop constraint FKEB4882C4EC5C133
14:18:49,518 DEBUG SQL:104 - 
    alter table Enrolment 
        drop constraint FKEB4882C4AEBBC201
14:18:49,519 DEBUG SQL:104 - 
    alter table Student 
        drop constraint FKF3371A1B5679E142
14:18:49,519 DEBUG SQL:104 - 
    alter table Student_secretCodes 
        drop constraint FKAF3CA7327B5C59E1
14:18:49,519 DEBUG SQL:104 - 
    drop table Address if exists
14:18:49,519 DEBUG SQL:104 - 
    drop table Course if exists
14:18:49,519 DEBUG SQL:104 - 
    drop table CourseMeeting if exists
14:18:49,520 DEBUG SQL:104 - 
    drop table Enrolment if exists
14:18:49,520 DEBUG SQL:104 - 
    drop table Student if exists
14:18:49,520 DEBUG SQL:104 - 
    drop table Student_secretCodes if exists
14:18:49,520 DEBUG SQL:104 - 
    create table Address (
        id bigint not null,
        addressType varchar(255),
        street varchar(255),
        city varchar(255),
        stateProvince varchar(255),
        postalCode varchar(255),
        country varchar(255),
        studentNumber bigint,
        primary key (id)
    )
14:18:49,521 DEBUG SQL:104 - 
    create table Course (
        courseCode varchar(255) not null,
        description varchar(255),
        primary key (courseCode)
    )
14:18:49,526 DEBUG SQL:104 - 
    create table CourseMeeting (
        courseCode varchar(255) not null,
        day varchar(255) not null,
        period integer not null,
        location varchar(255) not null,
        primary key (courseCode, day, period, location)
    )
14:18:49,526 DEBUG SQL:104 - 
    create table Enrolment (
        studentId bigint not null,
        courseCode varchar(255) not null,
        semester smallint not null,
        "year" smallint not null,
        primary key (studentId, courseCode)
    )
14:18:49,527 DEBUG SQL:104 - 
    create table Student (
        studentId bigint not null,
        name_first varchar(255) not null,
        name_middle varchar(255),
        name_last varchar(255) not null,
        preferredCourseCode varchar(255),
        primary key (studentId)
    )
14:18:49,527 DEBUG SQL:104 - 
    create table Student_secretCodes (
        studentNumber bigint not null,
        secretCode integer,
        i integer not null,
        primary key (studentNumber, i)
    )
14:18:49,537 DEBUG SQL:104 - 
    alter table Address 
        add constraint FK1ED033D47B5C59E1 
        foreign key (studentNumber) 
        references Student
14:18:49,538 DEBUG SQL:104 - 
    alter table CourseMeeting 
        add constraint FKC97EED80AEBBC201 
        foreign key (courseCode) 
        references Course
14:18:49,538 DEBUG SQL:104 - 
    alter table Enrolment 
        add constraint FKEB4882C4EC5C133 
        foreign key (studentId) 
        references Student
14:18:49,539 DEBUG SQL:104 - 
    alter table Enrolment 
        add constraint FKEB4882C4AEBBC201 
        foreign key (courseCode) 
        references Course
14:18:49,539 DEBUG SQL:104 - 
    alter table Student 
        add constraint FKF3371A1B5679E142 
        foreign key (preferredCourseCode) 
        references Course
14:18:49,539 DEBUG SQL:104 - 
    alter table Student_secretCodes 
        add constraint FKAF3CA7327B5C59E1 
        foreign key (studentNumber) 
        references Student
14:18:49,546  INFO SchemaExport:405 - HHH000230: Schema export complete
14:18:49,547  WARN SessionFactoryImpl:1554 - HHH000008: JTASessionContext being used with JDBCTransactionFactory; auto-flush will not operate correctly with getCurrentSession()
14:18:49,547  INFO CustomRunner:139 - Test: testAliasToEntityMapNoProjectionMultiAndNullList
14:18:49,548 DEBUG SQL:104 - 
    select
        coursemeet_.courseCode,
        coursemeet_.day,
        coursemeet_.period,
        coursemeet_.location 
    from
        CourseMeeting coursemeet_ 
    where
        coursemeet_.courseCode=? 
        and coursemeet_.day=? 
        and coursemeet_.period=? 
        and coursemeet_.location=?
14:18:49,549 DEBUG SQL:104 - 
    select
        coursemeet_.courseCode,
        coursemeet_.day,
        coursemeet_.period,
        coursemeet_.location 
    from
        CourseMeeting coursemeet_ 
    where
        coursemeet_.courseCode=? 
        and coursemeet_.day=? 
        and coursemeet_.period=? 
        and coursemeet_.location=?
14:18:49,558 DEBUG SQL:104 - 
    select
        max(id) 
    from
        Address
14:18:49,559 DEBUG SQL:104 - 
    insert 
    into
        Course
        (description, courseCode) 
    values
        (?, ?)
14:18:49,559 DEBUG BaseGeneralDataRegion:59 - Caching[foo.org.hibernate.cache.spi.UpdateTimestampsCache] : [Course] -> [5579091106033664]
14:18:49,560 DEBUG SQL:104 - 
    insert 
    into
        CourseMeeting
        (courseCode, day, period, location) 
    values
        (?, ?, ?, ?)
14:18:49,560 DEBUG BaseGeneralDataRegion:59 - Caching[foo.org.hibernate.cache.spi.UpdateTimestampsCache] : [CourseMeeting] -> [5579091106037760]
14:18:49,560 DEBUG SQL:104 - 
    insert 
    into
        CourseMeeting
        (courseCode, day, period, location) 
    values
        (?, ?, ?, ?)
14:18:49,569 DEBUG BaseGeneralDataRegion:59 - Caching[foo.org.hibernate.cache.spi.UpdateTimestampsCache] : [CourseMeeting] -> [5579091106074624]
14:18:49,569 DEBUG SQL:104 - 
    insert 
    into
        Student
        (name_first, name_middle, name_last, preferredCourseCode, studentId) 
    values
        (?, ?, ?, ?, ?)
14:18:49,570 DEBUG BaseGeneralDataRegion:59 - Caching[foo.org.hibernate.cache.spi.UpdateTimestampsCache] : [Student] -> [5579091106078720]
14:18:49,570 DEBUG SQL:104 - 
    insert 
    into
        Address
        (addressType, street, city, stateProvince, postalCode, country, studentNumber, id) 
    values
        (?, ?, ?, ?, ?, ?, ?, ?)
14:18:49,570 DEBUG BaseGeneralDataRegion:59 - Caching[foo.org.hibernate.cache.spi.UpdateTimestampsCache] : [Address] -> [5579091106078721]
14:18:49,571 DEBUG SQL:104 - 
    insert 
    into
        Address
        (addressType, street, city, stateProvince, postalCode, country, studentNumber, id) 
    values
        (?, ?, ?, ?, ?, ?, ?, ?)
14:18:49,571 DEBUG BaseGeneralDataRegion:59 - Caching[foo.org.hibernate.cache.spi.UpdateTimestampsCache] : [Address] -> [5579091106082816]
14:18:49,571 DEBUG SQL:104 - 
    insert 
    into
        Student
        (name_first, name_middle, name_last, preferredCourseCode, studentId) 
    values
        (?, ?, ?, ?, ?)
14:18:49,580 DEBUG BaseGeneralDataRegion:59 - Caching[foo.org.hibernate.cache.spi.UpdateTimestampsCache] : [Student] -> [5579091106119680]
14:18:49,581 DEBUG SQL:104 - 
    insert 
    into
        Enrolment
        (semester, "year", studentId, courseCode) 
    values
        (?, ?, ?, ?)
14:18:49,581 DEBUG BaseGeneralDataRegion:59 - Caching[foo.org.hibernate.cache.spi.UpdateTimestampsCache] : [Enrolment] -> [5579091106123776]
14:18:49,581 DEBUG SQL:104 - 
    insert 
    into
        Enrolment
        (semester, "year", studentId, courseCode) 
    values
        (?, ?, ?, ?)
14:18:49,581 DEBUG BaseGeneralDataRegion:59 - Caching[foo.org.hibernate.cache.spi.UpdateTimestampsCache] : [Enrolment] -> [5579091106123777]
14:18:49,582 DEBUG BaseGeneralDataRegion:59 - Caching[foo.org.hibernate.cache.spi.UpdateTimestampsCache] : [CourseMeeting] -> [5579091106123778]
14:18:49,582 DEBUG BaseGeneralDataRegion:59 - Caching[foo.org.hibernate.cache.spi.UpdateTimestampsCache] : [Enrolment] -> [5579091106127872]
14:18:49,582 DEBUG SQL:104 - 
    update
        Address 
    set
        studentNumber=?,
        addressType=? 
    where
        id=?
14:18:49,582 DEBUG SQL:104 - 
    update
        Address 
    set
        studentNumber=?,
        addressType=? 
    where
        id=?
14:18:49,583 DEBUG BaseGeneralDataRegion:59 - Caching[foo.org.hibernate.cache.spi.UpdateTimestampsCache] : [Address] -> [5579091106131968]
14:18:49,583 DEBUG SQL:104 - 
    insert 
    into
        Student_secretCodes
        (studentNumber, i, secretCode) 
    values
        (?, ?, ?)
14:18:49,583 DEBUG BaseGeneralDataRegion:59 - Caching[foo.org.hibernate.cache.spi.UpdateTimestampsCache] : [Student_secretCodes] -> [5579091106131969]
14:18:49,583 DEBUG BaseGeneralDataRegion:59 - Caching[foo.org.hibernate.cache.spi.UpdateTimestampsCache] : [Enrolment] -> [5579091106131970]
14:18:49,584 DEBUG BaseGeneralDataRegion:59 - Caching[foo.org.hibernate.cache.spi.UpdateTimestampsCache] : [Address] -> [5579091106136064]
14:18:49,584 DEBUG SQL:104 - 
    insert 
    into
        Student_secretCodes
        (studentNumber, i, secretCode) 
    values
        (?, ?, ?)
14:18:49,595 DEBUG SQL:104 - 
    insert 
    into
        Student_secretCodes
        (studentNumber, i, secretCode) 
    values
        (?, ?, ?)
14:18:49,596 DEBUG BaseGeneralDataRegion:59 - Caching[foo.org.hibernate.cache.spi.UpdateTimestampsCache] : [Student_secretCodes] -> [5579091106185216]
14:18:49,596 DEBUG BaseGeneralDataRegion:59 - Caching[foo.org.hibernate.cache.spi.UpdateTimestampsCache] : [Student] -> [5579090860425217]
14:18:49,596 DEBUG BaseGeneralDataRegion:59 - Caching[foo.org.hibernate.cache.spi.UpdateTimestampsCache] : [Course] -> [5579090860425217]
14:18:49,596 DEBUG BaseGeneralDataRegion:59 - Caching[foo.org.hibernate.cache.spi.UpdateTimestampsCache] : [Enrolment] -> [5579090860425217]
14:18:49,596 DEBUG BaseGeneralDataRegion:59 - Caching[foo.org.hibernate.cache.spi.UpdateTimestampsCache] : [Student_secretCodes] -> [5579090860425217]
14:18:49,596 DEBUG BaseGeneralDataRegion:59 - Caching[foo.org.hibernate.cache.spi.UpdateTimestampsCache] : [Address] -> [5579090860425217]
14:18:49,596 DEBUG BaseGeneralDataRegion:59 - Caching[foo.org.hibernate.cache.spi.UpdateTimestampsCache] : [CourseMeeting] -> [5579090860425217]
14:18:49,597 DEBUG QueryTranslatorImpl:265 - parse() - HQL: from org.hibernate.test.querycache.Student s left join s.preferredCourse p left join s.addresses a order by s.studentNumber
14:18:49,598 DEBUG QueryTranslatorImpl:283 - --- HQL AST ---
 \-[QUERY] Node: 'query'
    +-[SELECT_FROM] Node: 'SELECT_FROM'
    |  \-[FROM] Node: 'from'
    |     +-[RANGE] Node: 'RANGE'
    |     |  +-[DOT] Node: '.'
    |     |  |  +-[DOT] Node: '.'
    |     |  |  |  +-[DOT] Node: '.'
    |     |  |  |  |  +-[DOT] Node: '.'
    |     |  |  |  |  |  +-[IDENT] Node: 'org'
    |     |  |  |  |  |  \-[IDENT] Node: 'hibernate'
    |     |  |  |  |  \-[IDENT] Node: 'test'
    |     |  |  |  \-[IDENT] Node: 'querycache'
    |     |  |  \-[IDENT] Node: 'Student'
    |     |  \-[ALIAS] Node: 's'
    |     +-[JOIN] Node: 'join'
    |     |  +-[LEFT] Node: 'left'
    |     |  +-[DOT] Node: '.'
    |     |  |  +-[IDENT] Node: 's'
    |     |  |  \-[IDENT] Node: 'preferredCourse'
    |     |  \-[ALIAS] Node: 'p'
    |     \-[JOIN] Node: 'join'
    |        +-[LEFT] Node: 'left'
    |        +-[DOT] Node: '.'
    |        |  +-[IDENT] Node: 's'
    |        |  \-[IDENT] Node: 'addresses'
    |        \-[ALIAS] Node: 'a'
    \-[ORDER] Node: 'order'
       \-[DOT] Node: '.'
          +-[IDENT] Node: 's'
          \-[IDENT] Node: 'studentNumber'

14:18:49,606 DEBUG ErrorCounter:82 - throwQueryException() : no errors
14:18:49,607 DEBUG FromElement:157 - FromClause{level=1} : org.hibernate.test.querycache.Student (s) -> student0_
14:18:49,607 DEBUG FromReferenceNode:74 - Resolved : s -> student0_.studentId
14:18:49,607 DEBUG DotNode:599 - getDataType() : preferredCourse -> org.hibernate.type.ManyToOneType(org.hibernate.test.querycache.Course)
14:18:49,607 DEBUG DotNode:389 - dereferenceEntityJoin() : generating join for preferredCourse in org.hibernate.test.querycache.Student (p) parent = [ {null} ]
14:18:49,607 DEBUG FromElement:157 - FromClause{level=1} : org.hibernate.test.querycache.Course (p) -> course1_
14:18:49,607 DEBUG FromClause:282 - addJoinByPathMap() : s.preferredCourse -> FromElement{explicit,not a collection join,not a fetch join,fetch non-lazy properties,classAlias=p,role=null,tableName=Course,tableAlias=course1_,origin=Student student0_,columns={student0_.preferredCourseCode ,className=org.hibernate.test.querycache.Course}}
14:18:49,607 DEBUG FromReferenceNode:74 - Resolved : s.preferredCourse -> student0_.preferredCourseCode
14:18:49,608 DEBUG HqlSqlWalker:403 - createFromJoinElement() : -- join tree --
 \-[JOIN_FRAGMENT] FromElement: 'Course course1_' FromElement{explicit,not a collection join,not a fetch join,fetch non-lazy properties,classAlias=p,role=null,tableName=Course,tableAlias=course1_,origin=Student student0_,columns={student0_.preferredCourseCode ,className=org.hibernate.test.querycache.Course}}

14:18:49,608 DEBUG FromReferenceNode:74 - Resolved : s -> student0_.studentId
14:18:49,608 DEBUG DotNode:599 - getDataType() : addresses -> org.hibernate.type.MapType(org.hibernate.test.querycache.Student.addresses)
14:18:49,608 DEBUG FromElementFactory:376 - createEntityAssociation() : One to many - path = s.addresses role = org.hibernate.test.querycache.Student.addresses associatedEntityName = org.hibernate.test.querycache.Address
14:18:49,608 DEBUG FromElement:157 - FromClause{level=1} : org.hibernate.test.querycache.Address (a) -> addresses2_
14:18:49,608 DEBUG FromClause:282 - addJoinByPathMap() : s.addresses -> FromElement{explicit,not a collection join,not a fetch join,fetch non-lazy properties,classAlias=a,role=null,tableName=Address,tableAlias=addresses2_,origin=Student student0_,columns={student0_.studentId ,className=org.hibernate.test.querycache.Address}}
14:18:49,608 DEBUG DotNode:308 - dereferenceCollection() : Created new FROM element for s.addresses : Address addresses2_
14:18:49,608 DEBUG FromReferenceNode:74 - Resolved : s.addresses -> .
14:18:49,609 DEBUG HqlSqlWalker:403 - createFromJoinElement() : -- join tree --
 \-[JOIN_FRAGMENT] FromElement: 'Address addresses2_' FromElement{explicit,not a collection join,not a fetch join,fetch non-lazy properties,classAlias=a,role=org.hibernate.test.querycache.Student.addresses,tableName=Address,tableAlias=addresses2_,origin=Student student0_,columns={student0_.studentId ,className=org.hibernate.test.querycache.Address}}

14:18:49,609 DEBUG FromReferenceNode:74 - Resolved : s -> student0_.studentId
14:18:49,609 DEBUG DotNode:599 - getDataType() : studentNumber -> org.hibernate.type.LongType@4bf3f9d
14:18:49,609 DEBUG FromReferenceNode:74 - Resolved : s.studentNumber -> student0_.studentId
14:18:49,627 DEBUG HqlSqlWalker:629 - processQuery() :  ( SELECT ( FromClause{level=1} ( Student student0_ Course course1_ Address addresses2_ ) ) ( order ( student0_.studentId student0_.studentId studentNumber ) ) )
14:18:49,627 DEBUG HqlSqlWalker:869 - Derived SELECT clause created.
14:18:49,628 DEBUG JoinProcessor:175 - Using FROM fragment [Student student0_]
14:18:49,628 DEBUG JoinProcessor:175 - Using FROM fragment [left outer join Course course1_ on student0_.preferredCourseCode=course1_.courseCode]
14:18:49,628 DEBUG JoinProcessor:175 - Using FROM fragment [left outer join Address addresses2_ on student0_.studentId=addresses2_.studentNumber]
14:18:49,628 DEBUG QueryTranslatorImpl:252 - --- SQL AST ---
 \-[SELECT] QueryNode: 'SELECT'  querySpaces (Student,Course,Address)
    +-[SELECT_CLAUSE] SelectClause: '{derived select clause}'
    |  +-[SELECT_EXPR] SelectExpressionImpl: 'student0_.studentId as studentId4_0_' {FromElement{explicit,not a collection join,not a fetch join,fetch non-lazy properties,classAlias=s,role=null,tableName=Student,tableAlias=student0_,origin=null,columns={,className=org.hibernate.test.querycache.Student}}}
    |  +-[SELECT_EXPR] SelectExpressionImpl: 'course1_.courseCode as courseCode1_1_' {FromElement{explicit,not a collection join,not a fetch join,fetch non-lazy properties,classAlias=p,role=null,tableName=Course,tableAlias=course1_,origin=Student student0_,columns={student0_.preferredCourseCode ,className=org.hibernate.test.querycache.Course}}}
    |  +-[SELECT_EXPR] SelectExpressionImpl: 'addresses2_.id as id0_2_' {FromElement{explicit,not a collection join,not a fetch join,fetch non-lazy properties,classAlias=a,role=org.hibernate.test.querycache.Student.addresses,tableName=Address,tableAlias=addresses2_,origin=Student student0_,columns={student0_.studentId ,className=org.hibernate.test.querycache.Address}}}
    |  +-[SQL_TOKEN] SqlFragment: 'student0_.name_first as name2_4_0_, student0_.name_middle as name3_4_0_, student0_.name_last as name4_4_0_, student0_.preferredCourseCode as preferre5_4_0_'
    |  +-[SQL_TOKEN] SqlFragment: 'course1_.description as descript2_1_1_'
    |  \-[SQL_TOKEN] SqlFragment: 'addresses2_.addressType as addressT2_0_2_, addresses2_.street as street0_2_, addresses2_.city as city0_2_, addresses2_.stateProvince as statePro5_0_2_, addresses2_.postalCode as postalCode0_2_, addresses2_.country as country0_2_, addresses2_.studentNumber as studentN8_0_2_'
    +-[FROM] FromClause: 'from' FromClause{level=1, fromElementCounter=3, fromElements=3, fromElementByClassAlias=[s, a, p], fromElementByTableAlias=[student0_, course1_, addresses2_], fromElementsByPath=[s.addresses, s.preferredCourse], collectionJoinFromElementsByPath=[], impliedElements=[]}
    |  \-[FROM_FRAGMENT] FromElement: 'Student student0_' FromElement{explicit,not a collection join,not a fetch join,fetch non-lazy properties,classAlias=s,role=null,tableName=Student,tableAlias=student0_,origin=null,columns={,className=org.hibernate.test.querycache.Student}}
    |     +-[JOIN_FRAGMENT] FromElement: 'left outer join Course course1_ on student0_.preferredCourseCode=course1_.courseCode' FromElement{explicit,not a collection join,not a fetch join,fetch non-lazy properties,classAlias=p,role=null,tableName=Course,tableAlias=course1_,origin=Student student0_,columns={student0_.preferredCourseCode ,className=org.hibernate.test.querycache.Course}}
    |     \-[JOIN_FRAGMENT] FromElement: 'left outer join Address addresses2_ on student0_.studentId=addresses2_.studentNumber' FromElement{explicit,not a collection join,not a fetch join,fetch non-lazy properties,classAlias=a,role=org.hibernate.test.querycache.Student.addresses,tableName=Address,tableAlias=addresses2_,origin=Student student0_,columns={student0_.studentId ,className=org.hibernate.test.querycache.Address}}
    \-[ORDER] OrderByClause: 'order'
       \-[DOT] DotNode: 'student0_.studentId' {propertyName=studentNumber,dereferenceType=ALL,propertyPath=studentNumber,path=s.studentNumber,tableAlias=student0_,className=org.hibernate.test.querycache.Student,classAlias=s}
          +-[ALIAS_REF] IdentNode: 'student0_.studentId' {alias=s, className=org.hibernate.test.querycache.Student, tableAlias=student0_}
          \-[IDENT] IdentNode: 'studentNumber' {originalText=studentNumber}

14:18:49,628 DEBUG ErrorCounter:82 - throwQueryException() : no errors
14:18:49,629 DEBUG QueryTranslatorImpl:235 - HQL: from org.hibernate.test.querycache.Student s left join s.preferredCourse p left join s.addresses a order by s.studentNumber
14:18:49,629 DEBUG QueryTranslatorImpl:236 - SQL: select student0_.studentId as studentId4_0_, course1_.courseCode as courseCode1_1_, addresses2_.id as id0_2_, student0_.name_first as name2_4_0_, student0_.name_middle as name3_4_0_, student0_.name_last as name4_4_0_, student0_.preferredCourseCode as preferre5_4_0_, course1_.description as descript2_1_1_, addresses2_.addressType as addressT2_0_2_, addresses2_.street as street0_2_, addresses2_.city as city0_2_, addresses2_.stateProvince as statePro5_0_2_, addresses2_.postalCode as postalCode0_2_, addresses2_.country as country0_2_, addresses2_.studentNumber as studentN8_0_2_ from Student student0_ left outer join Course course1_ on student0_.preferredCourseCode=course1_.courseCode left outer join Address addresses2_ on student0_.studentId=addresses2_.studentNumber order by student0_.studentId
14:18:49,629 DEBUG ErrorCounter:82 - throwQueryException() : no errors
14:18:49,629  INFO FailureExpectedHandler:73 - Ignoring expected failure [{}] : {}
14:18:49,631  INFO Configuration:706 - HHH000221: Reading mappings from resource: org/hibernate/test/querycache/Enrolment.hbm.xml
14:18:49,639  INFO DriverManagerConnectionProviderImpl:99 - HHH000402: Using Hibernate built-in connection pool (not for production use!)
14:18:49,639  INFO DriverManagerConnectionProviderImpl:135 - HHH000115: Hibernate connection pool size: 5
14:18:49,639  INFO DriverManagerConnectionProviderImpl:138 - HHH000006: Autocommit mode: false
14:18:49,640  INFO DriverManagerConnectionProviderImpl:153 - HHH000401: using driver [org.h2.Driver] at URL [jdbc:h2:mem:db1;DB_CLOSE_DELAY=-1;MVCC=TRUE]
14:18:49,640  INFO DriverManagerConnectionProviderImpl:158 - HHH000046: Connection properties: {user=sa}
14:18:49,641  INFO Dialect:103 - HHH000400: Using dialect: org.hibernate.dialect.H2Dialect
14:18:49,641  INFO LobCreatorBuilder:94 - HHH000423: Disabling contextual LOB creation as JDBC driver reported JDBC version [3] less than 4
14:18:49,642  INFO TransactionFactoryInitiator:66 - HHH000399: Using default transaction strategy (direct JDBC transactions)
14:18:49,642  INFO ASTQueryTranslatorFactory:48 - HHH000397: Using ASTQueryTranslatorFactory
14:18:49,643  WARN CachingRegionFactory:58 - CachingRegionFactory should be only used for testing.
14:18:49,643  INFO UpdateTimestampsCache:61 - HHH000250: Starting update timestamps cache at region: foo.org.hibernate.cache.spi.UpdateTimestampsCache
14:18:49,678  INFO StandardQueryCache:86 - HHH000248: Starting query cache at region: foo.org.hibernate.cache.internal.StandardQueryCache
14:18:49,686  INFO SchemaExport:343 - HHH000227: Running hbm2ddl schema export
14:18:49,686 DEBUG SchemaExport:353 - Import file not found: /import.sql
14:18:49,687 DEBUG SQL:104 - 
    alter table Address 
        drop constraint FK1ED033D47B5C59E1
14:18:49,687 DEBUG SQL:104 - 
    alter table CourseMeeting 
        drop constraint FKC97EED80AEBBC201
14:18:49,687 DEBUG SQL:104 - 
    alter table Enrolment 
        drop constraint FKEB4882C4EC5C133
14:18:49,687 DEBUG SQL:104 - 
    alter table Enrolment 
        drop constraint FKEB4882C4AEBBC201
14:18:49,687 DEBUG SQL:104 - 
    alter table Student 
        drop constraint FKF3371A1B5679E142
14:18:49,688 DEBUG SQL:104 - 
    alter table Student_secretCodes 
        drop constraint FKAF3CA7327B5C59E1
14:18:49,688 DEBUG SQL:104 - 
    drop table Address if exists
14:18:49,688 DEBUG SQL:104 - 
    drop table Course if exists
14:18:49,688 DEBUG SQL:104 - 
    drop table CourseMeeting if exists
14:18:49,688 DEBUG SQL:104 - 
    drop table Enrolment if exists
14:18:49,689 DEBUG SQL:104 - 
    drop table Student if exists
14:18:49,689 DEBUG SQL:104 - 
    drop table Student_secretCodes if exists
14:18:49,689 DEBUG SQL:104 - 
    create table Address (
        id bigint not null,
        addressType varchar(255),
        street varchar(255),
        city varchar(255),
        stateProvince varchar(255),
        postalCode varchar(255),
        country varchar(255),
        studentNumber bigint,
        primary key (id)
    )
14:18:49,689 DEBUG SQL:104 - 
    create table Course (
        courseCode varchar(255) not null,
        description varchar(255),
        primary key (courseCode)
    )
14:18:49,690 DEBUG SQL:104 - 
    create table CourseMeeting (
        courseCode varchar(255) not null,
        day varchar(255) not null,
        period integer not null,
        location varchar(255) not null,
        primary key (courseCode, day, period, location)
    )
14:18:49,690 DEBUG SQL:104 - 
    create table Enrolment (
        studentId bigint not null,
        courseCode varchar(255) not null,
        semester smallint not null,
        "year" smallint not null,
        primary key (studentId, courseCode)
    )
14:18:49,690 DEBUG SQL:104 - 
    create table Student (
        studentId bigint not null,
        name_first varchar(255) not null,
        name_middle varchar(255),
        name_last varchar(255) not null,
        preferredCourseCode varchar(255),
        primary key (studentId)
    )
14:18:49,690 DEBUG SQL:104 - 
    create table Student_secretCodes (
        studentNumber bigint not null,
        secretCode integer,
        i integer not null,
        primary key (studentNumber, i)
    )
14:18:49,691 DEBUG SQL:104 - 
    alter table Address 
        add constraint FK1ED033D47B5C59E1 
        foreign key (studentNumber) 
        references Student
14:18:49,691 DEBUG SQL:104 - 
    alter table CourseMeeting 
        add constraint FKC97EED80AEBBC201 
        foreign key (courseCode) 
        references Course
14:18:49,691 DEBUG SQL:104 - 
    alter table Enrolment 
        add constraint FKEB4882C4EC5C133 
        foreign key (studentId) 
        references Student
14:18:49,692 DEBUG SQL:104 - 
    alter table Enrolment 
        add constraint FKEB4882C4AEBBC201 
        foreign key (courseCode) 
        references Course
14:18:49,692 DEBUG SQL:104 - 
    alter table Student 
        add constraint FKF3371A1B5679E142 
        foreign key (preferredCourseCode) 
        references Course
14:18:49,693 DEBUG SQL:104 - 
    alter table Student_secretCodes 
        add constraint FKAF3CA7327B5C59E1 
        foreign key (studentNumber) 
        references Student
14:18:49,693  INFO SchemaExport:405 - HHH000230: Schema export complete
14:18:49,693  WARN SessionFactoryImpl:1554 - HHH000008: JTASessionContext being used with JDBCTransactionFactory; auto-flush will not operate correctly with getCurrentSession()
14:18:49,694  INFO CustomRunner:139 - Test: testAliasToEntityMapNoProjectionNullAndNonNullAliasList
14:18:49,695 DEBUG SQL:104 - 
    select
        coursemeet_.courseCode,
        coursemeet_.day,
        coursemeet_.period,
        coursemeet_.location 
    from
        CourseMeeting coursemeet_ 
    where
        coursemeet_.courseCode=? 
        and coursemeet_.day=? 
        and coursemeet_.period=? 
        and coursemeet_.location=?
14:18:49,695 DEBUG SQL:104 - 
    select
        coursemeet_.courseCode,
        coursemeet_.day,
        coursemeet_.period,
        coursemeet_.location 
    from
        CourseMeeting coursemeet_ 
    where
        coursemeet_.courseCode=? 
        and coursemeet_.day=? 
        and coursemeet_.period=? 
        and coursemeet_.location=?
14:18:49,710 DEBUG SQL:104 - 
    select
        max(id) 
    from
        Address
14:18:49,710 DEBUG SQL:104 - 
    insert 
    into
        Course
        (description, courseCode) 
    values
        (?, ?)
14:18:49,711 DEBUG BaseGeneralDataRegion:59 - Caching[foo.org.hibernate.cache.spi.UpdateTimestampsCache] : [Course] -> [5579091106656256]
14:18:49,711 DEBUG SQL:104 - 
    insert 
    into
        CourseMeeting
        (courseCode, day, period, location) 
    values
        (?, ?, ?, ?)
14:18:49,711 DEBUG BaseGeneralDataRegion:59 - Caching[foo.org.hibernate.cache.spi.UpdateTimestampsCache] : [CourseMeeting] -> [5579091106656257]
14:18:49,711 DEBUG SQL:104 - 
    insert 
    into
        CourseMeeting
        (courseCode, day, period, location) 
    values
        (?, ?, ?, ?)
14:18:49,711 DEBUG BaseGeneralDataRegion:59 - Caching[foo.org.hibernate.cache.spi.UpdateTimestampsCache] : [CourseMeeting] -> [5579091106656258]
14:18:49,712 DEBUG SQL:104 - 
    insert 
    into
        Student
        (name_first, name_middle, name_last, preferredCourseCode, studentId) 
    values
        (?, ?, ?, ?, ?)
14:18:49,712 DEBUG BaseGeneralDataRegion:59 - Caching[foo.org.hibernate.cache.spi.UpdateTimestampsCache] : [Student] -> [5579091106660352]
14:18:49,712 DEBUG SQL:104 - 
    insert 
    into
        Address
        (addressType, street, city, stateProvince, postalCode, country, studentNumber, id) 
    values
        (?, ?, ?, ?, ?, ?, ?, ?)
14:18:49,712 DEBUG BaseGeneralDataRegion:59 - Caching[foo.org.hibernate.cache.spi.UpdateTimestampsCache] : [Address] -> [5579091106660353]
14:18:49,712 DEBUG SQL:104 - 
    insert 
    into
        Address
        (addressType, street, city, stateProvince, postalCode, country, studentNumber, id) 
    values
        (?, ?, ?, ?, ?, ?, ?, ?)
14:18:49,712 DEBUG BaseGeneralDataRegion:59 - Caching[foo.org.hibernate.cache.spi.UpdateTimestampsCache] : [Address] -> [5579091106660354]
14:18:49,712 DEBUG SQL:104 - 
    insert 
    into
        Student
        (name_first, name_middle, name_last, preferredCourseCode, studentId) 
    values
        (?, ?, ?, ?, ?)
14:18:49,727 DEBUG BaseGeneralDataRegion:59 - Caching[foo.org.hibernate.cache.spi.UpdateTimestampsCache] : [Student] -> [5579091106721792]
14:18:49,727 DEBUG SQL:104 - 
    insert 
    into
        Enrolment
        (semester, "year", studentId, courseCode) 
    values
        (?, ?, ?, ?)
14:18:49,727 DEBUG BaseGeneralDataRegion:59 - Caching[foo.org.hibernate.cache.spi.UpdateTimestampsCache] : [Enrolment] -> [5579091106721793]
14:18:49,727 DEBUG SQL:104 - 
    insert 
    into
        Enrolment
        (semester, "year", studentId, courseCode) 
    values
        (?, ?, ?, ?)
14:18:49,727 DEBUG BaseGeneralDataRegion:59 - Caching[foo.org.hibernate.cache.spi.UpdateTimestampsCache] : [Enrolment] -> [5579091106721794]
14:18:49,728 DEBUG BaseGeneralDataRegion:59 - Caching[foo.org.hibernate.cache.spi.UpdateTimestampsCache] : [CourseMeeting] -> [5579091106725888]
14:18:49,728 DEBUG BaseGeneralDataRegion:59 - Caching[foo.org.hibernate.cache.spi.UpdateTimestampsCache] : [Enrolment] -> [5579091106725889]
14:18:49,728 DEBUG SQL:104 - 
    update
        Address 
    set
        studentNumber=?,
        addressType=? 
    where
        id=?
14:18:49,740 DEBUG SQL:104 - 
    update
        Address 
    set
        studentNumber=?,
        addressType=? 
    where
        id=?
14:18:49,740 DEBUG BaseGeneralDataRegion:59 - Caching[foo.org.hibernate.cache.spi.UpdateTimestampsCache] : [Address] -> [5579091106775040]
14:18:49,740 DEBUG SQL:104 - 
    insert 
    into
        Student_secretCodes
        (studentNumber, i, secretCode) 
    values
        (?, ?, ?)
14:18:49,740 DEBUG BaseGeneralDataRegion:59 - Caching[foo.org.hibernate.cache.spi.UpdateTimestampsCache] : [Student_secretCodes] -> [5579091106775041]
14:18:49,740 DEBUG BaseGeneralDataRegion:59 - Caching[foo.org.hibernate.cache.spi.UpdateTimestampsCache] : [Enrolment] -> [5579091106775042]
14:18:49,740 DEBUG BaseGeneralDataRegion:59 - Caching[foo.org.hibernate.cache.spi.UpdateTimestampsCache] : [Address] -> [5579091106775043]
14:18:49,740 DEBUG SQL:104 - 
    insert 
    into
        Student_secretCodes
        (studentNumber, i, secretCode) 
    values
        (?, ?, ?)
14:18:49,741 DEBUG SQL:104 - 
    insert 
    into
        Student_secretCodes
        (studentNumber, i, secretCode) 
    values
        (?, ?, ?)
14:18:49,741 DEBUG BaseGeneralDataRegion:59 - Caching[foo.org.hibernate.cache.spi.UpdateTimestampsCache] : [Student_secretCodes] -> [5579091106779136]
14:18:49,741 DEBUG BaseGeneralDataRegion:59 - Caching[foo.org.hibernate.cache.spi.UpdateTimestampsCache] : [Student] -> [5579090861019137]
14:18:49,741 DEBUG BaseGeneralDataRegion:59 - Caching[foo.org.hibernate.cache.spi.UpdateTimestampsCache] : [Course] -> [5579090861019137]
14:18:49,741 DEBUG BaseGeneralDataRegion:59 - Caching[foo.org.hibernate.cache.spi.UpdateTimestampsCache] : [Enrolment] -> [5579090861019137]
14:18:49,741 DEBUG BaseGeneralDataRegion:59 - Caching[foo.org.hibernate.cache.spi.UpdateTimestampsCache] : [Student_secretCodes] -> [5579090861019137]
14:18:49,741 DEBUG BaseGeneralDataRegion:59 - Caching[foo.org.hibernate.cache.spi.UpdateTimestampsCache] : [Address] -> [5579090861019137]
14:18:49,741 DEBUG BaseGeneralDataRegion:59 - Caching[foo.org.hibernate.cache.spi.UpdateTimestampsCache] : [CourseMeeting] -> [5579090861019137]
14:18:49,742 DEBUG QueryTranslatorImpl:265 - parse() - HQL: from org.hibernate.test.querycache.Student s left join s.addresses a left join s.preferredCourse order by s.studentNumber
14:18:49,743 DEBUG QueryTranslatorImpl:283 - --- HQL AST ---
 \-[QUERY] Node: 'query'
    +-[SELECT_FROM] Node: 'SELECT_FROM'
    |  \-[FROM] Node: 'from'
    |     +-[RANGE] Node: 'RANGE'
    |     |  +-[DOT] Node: '.'
    |     |  |  +-[DOT] Node: '.'
    |     |  |  |  +-[DOT] Node: '.'
    |     |  |  |  |  +-[DOT] Node: '.'
    |     |  |  |  |  |  +-[IDENT] Node: 'org'
    |     |  |  |  |  |  \-[IDENT] Node: 'hibernate'
    |     |  |  |  |  \-[IDENT] Node: 'test'
    |     |  |  |  \-[IDENT] Node: 'querycache'
    |     |  |  \-[IDENT] Node: 'Student'
    |     |  \-[ALIAS] Node: 's'
    |     +-[JOIN] Node: 'join'
    |     |  +-[LEFT] Node: 'left'
    |     |  +-[DOT] Node: '.'
    |     |  |  +-[IDENT] Node: 's'
    |     |  |  \-[IDENT] Node: 'addresses'
    |     |  \-[ALIAS] Node: 'a'
    |     \-[JOIN] Node: 'join'
    |        +-[LEFT] Node: 'left'
    |        \-[DOT] Node: '.'
    |           +-[IDENT] Node: 's'
    |           \-[IDENT] Node: 'preferredCourse'
    \-[ORDER] Node: 'order'
       \-[DOT] Node: '.'
          +-[IDENT] Node: 's'
          \-[IDENT] Node: 'studentNumber'

14:18:49,768 DEBUG ErrorCounter:82 - throwQueryException() : no errors
14:18:49,769 DEBUG FromElement:157 - FromClause{level=1} : org.hibernate.test.querycache.Student (s) -> student0_
14:18:49,776 DEBUG FromReferenceNode:74 - Resolved : s -> student0_.studentId
14:18:49,776 DEBUG DotNode:599 - getDataType() : addresses -> org.hibernate.type.MapType(org.hibernate.test.querycache.Student.addresses)
14:18:49,777 DEBUG FromElementFactory:376 - createEntityAssociation() : One to many - path = s.addresses role = org.hibernate.test.querycache.Student.addresses associatedEntityName = org.hibernate.test.querycache.Address
14:18:49,777 DEBUG FromElement:157 - FromClause{level=1} : org.hibernate.test.querycache.Address (a) -> addresses1_
14:18:49,777 DEBUG FromClause:282 - addJoinByPathMap() : s.addresses -> FromElement{explicit,not a collection join,not a fetch join,fetch non-lazy properties,classAlias=a,role=null,tableName=Address,tableAlias=addresses1_,origin=Student student0_,columns={student0_.studentId ,className=org.hibernate.test.querycache.Address}}
14:18:49,777 DEBUG DotNode:308 - dereferenceCollection() : Created new FROM element for s.addresses : Address addresses1_
14:18:49,777 DEBUG FromReferenceNode:74 - Resolved : s.addresses -> .
14:18:49,778 DEBUG HqlSqlWalker:403 - createFromJoinElement() : -- join tree --
 \-[JOIN_FRAGMENT] FromElement: 'Address addresses1_' FromElement{explicit,not a collection join,not a fetch join,fetch non-lazy properties,classAlias=a,role=org.hibernate.test.querycache.Student.addresses,tableName=Address,tableAlias=addresses1_,origin=Student student0_,columns={student0_.studentId ,className=org.hibernate.test.querycache.Address}}

14:18:49,778 DEBUG FromReferenceNode:74 - Resolved : s -> student0_.studentId
14:18:49,778 DEBUG DotNode:599 - getDataType() : preferredCourse -> org.hibernate.type.ManyToOneType(org.hibernate.test.querycache.Course)
14:18:49,778 DEBUG DotNode:389 - dereferenceEntityJoin() : generating join for preferredCourse in org.hibernate.test.querycache.Student (<no alias>) parent = [ {null} ]
14:18:49,779 DEBUG FromElement:157 - FromClause{level=1} : org.hibernate.test.querycache.Course (<no alias>) -> course2_
14:18:49,779 DEBUG FromClause:282 - addJoinByPathMap() : s.preferredCourse -> FromElement{explicit,not a collection join,not a fetch join,fetch non-lazy properties,classAlias=null,role=null,tableName=Course,tableAlias=course2_,origin=Student student0_,columns={student0_.preferredCourseCode ,className=org.hibernate.test.querycache.Course}}
14:18:49,779 DEBUG FromReferenceNode:74 - Resolved : s.preferredCourse -> student0_.preferredCourseCode
14:18:49,779 DEBUG HqlSqlWalker:403 - createFromJoinElement() : -- join tree --
 \-[JOIN_FRAGMENT] FromElement: 'Course course2_' FromElement{explicit,not a collection join,not a fetch join,fetch non-lazy properties,classAlias=null,role=null,tableName=Course,tableAlias=course2_,origin=Student student0_,columns={student0_.preferredCourseCode ,className=org.hibernate.test.querycache.Course}}

14:18:49,779 DEBUG FromReferenceNode:74 - Resolved : s -> student0_.studentId
14:18:49,779 DEBUG DotNode:599 - getDataType() : studentNumber -> org.hibernate.type.LongType@4bf3f9d
14:18:49,779 DEBUG FromReferenceNode:74 - Resolved : s.studentNumber -> student0_.studentId
14:18:49,780 DEBUG HqlSqlWalker:629 - processQuery() :  ( SELECT ( FromClause{level=1} ( Student student0_ Address addresses1_ Course course2_ ) ) ( order ( student0_.studentId student0_.studentId studentNumber ) ) )
14:18:49,780 DEBUG HqlSqlWalker:869 - Derived SELECT clause created.
14:18:49,780 DEBUG JoinProcessor:175 - Using FROM fragment [Student student0_]
14:18:49,780 DEBUG JoinProcessor:175 - Using FROM fragment [left outer join Address addresses1_ on student0_.studentId=addresses1_.studentNumber]
14:18:49,780 DEBUG JoinProcessor:175 - Using FROM fragment [left outer join Course course2_ on student0_.preferredCourseCode=course2_.courseCode]
14:18:49,780 DEBUG QueryTranslatorImpl:252 - --- SQL AST ---
 \-[SELECT] QueryNode: 'SELECT'  querySpaces (Student,Course,Address)
    +-[SELECT_CLAUSE] SelectClause: '{derived select clause}'
    |  +-[SELECT_EXPR] SelectExpressionImpl: 'student0_.studentId as studentId4_0_' {FromElement{explicit,not a collection join,not a fetch join,fetch non-lazy properties,classAlias=s,role=null,tableName=Student,tableAlias=student0_,origin=null,columns={,className=org.hibernate.test.querycache.Student}}}
    |  +-[SELECT_EXPR] SelectExpressionImpl: 'addresses1_.id as id0_1_' {FromElement{explicit,not a collection join,not a fetch join,fetch non-lazy properties,classAlias=a,role=org.hibernate.test.querycache.Student.addresses,tableName=Address,tableAlias=addresses1_,origin=Student student0_,columns={student0_.studentId ,className=org.hibernate.test.querycache.Address}}}
    |  +-[SELECT_EXPR] SelectExpressionImpl: 'course2_.courseCode as courseCode1_2_' {FromElement{explicit,not a collection join,not a fetch join,fetch non-lazy properties,classAlias=null,role=null,tableName=Course,tableAlias=course2_,origin=Student student0_,columns={student0_.preferredCourseCode ,className=org.hibernate.test.querycache.Course}}}
    |  +-[SQL_TOKEN] SqlFragment: 'student0_.name_first as name2_4_0_, student0_.name_middle as name3_4_0_, student0_.name_last as name4_4_0_, student0_.preferredCourseCode as preferre5_4_0_'
    |  +-[SQL_TOKEN] SqlFragment: 'addresses1_.addressType as addressT2_0_1_, addresses1_.street as street0_1_, addresses1_.city as city0_1_, addresses1_.stateProvince as statePro5_0_1_, addresses1_.postalCode as postalCode0_1_, addresses1_.country as country0_1_, addresses1_.studentNumber as studentN8_0_1_'
    |  \-[SQL_TOKEN] SqlFragment: 'course2_.description as descript2_1_2_'
    +-[FROM] FromClause: 'from' FromClause{level=1, fromElementCounter=3, fromElements=3, fromElementByClassAlias=[s, a], fromElementByTableAlias=[student0_, course2_, addresses1_], fromElementsByPath=[s.addresses, s.preferredCourse], collectionJoinFromElementsByPath=[], impliedElements=[]}
    |  \-[FROM_FRAGMENT] FromElement: 'Student student0_' FromElement{explicit,not a collection join,not a fetch join,fetch non-lazy properties,classAlias=s,role=null,tableName=Student,tableAlias=student0_,origin=null,columns={,className=org.hibernate.test.querycache.Student}}
    |     +-[JOIN_FRAGMENT] FromElement: 'left outer join Address addresses1_ on student0_.studentId=addresses1_.studentNumber' FromElement{explicit,not a collection join,not a fetch join,fetch non-lazy properties,classAlias=a,role=org.hibernate.test.querycache.Student.addresses,tableName=Address,tableAlias=addresses1_,origin=Student student0_,columns={student0_.studentId ,className=org.hibernate.test.querycache.Address}}
    |     \-[JOIN_FRAGMENT] FromElement: 'left outer join Course course2_ on student0_.preferredCourseCode=course2_.courseCode' FromElement{explicit,not a collection join,not a fetch join,fetch non-lazy properties,classAlias=null,role=null,tableName=Course,tableAlias=course2_,origin=Student student0_,columns={student0_.preferredCourseCode ,className=org.hibernate.test.querycache.Course}}
    \-[ORDER] OrderByClause: 'order'
       \-[DOT] DotNode: 'student0_.studentId' {propertyName=studentNumber,dereferenceType=ALL,propertyPath=studentNumber,path=s.studentNumber,tableAlias=student0_,className=org.hibernate.test.querycache.Student,classAlias=s}
          +-[ALIAS_REF] IdentNode: 'student0_.studentId' {alias=s, className=org.hibernate.test.querycache.Student, tableAlias=student0_}
          \-[IDENT] IdentNode: 'studentNumber' {originalText=studentNumber}

14:18:49,788 DEBUG ErrorCounter:82 - throwQueryException() : no errors
14:18:49,788 DEBUG QueryTranslatorImpl:235 - HQL: from org.hibernate.test.querycache.Student s left join s.addresses a left join s.preferredCourse order by s.studentNumber
14:18:49,788 DEBUG QueryTranslatorImpl:236 - SQL: select student0_.studentId as studentId4_0_, addresses1_.id as id0_1_, course2_.courseCode as courseCode1_2_, student0_.name_first as name2_4_0_, student0_.name_middle as name3_4_0_, student0_.name_last as name4_4_0_, student0_.preferredCourseCode as preferre5_4_0_, addresses1_.addressType as addressT2_0_1_, addresses1_.street as street0_1_, addresses1_.city as city0_1_, addresses1_.stateProvince as statePro5_0_1_, addresses1_.postalCode as postalCode0_1_, addresses1_.country as country0_1_, addresses1_.studentNumber as studentN8_0_1_, course2_.description as descript2_1_2_ from Student student0_ left outer join Address addresses1_ on student0_.studentId=addresses1_.studentNumber left outer join Course course2_ on student0_.preferredCourseCode=course2_.courseCode order by student0_.studentId
14:18:49,788 DEBUG ErrorCounter:82 - throwQueryException() : no errors
14:18:49,789  INFO FailureExpectedHandler:73 - Ignoring expected failure [{}] : {}
14:18:49,791  INFO Configuration:706 - HHH000221: Reading mappings from resource: org/hibernate/test/querycache/Enrolment.hbm.xml
14:18:49,831  INFO DriverManagerConnectionProviderImpl:99 - HHH000402: Using Hibernate built-in connection pool (not for production use!)
14:18:49,868  INFO DriverManagerConnectionProviderImpl:135 - HHH000115: Hibernate connection pool size: 5
14:18:49,868  INFO DriverManagerConnectionProviderImpl:138 - HHH000006: Autocommit mode: false
14:18:49,929  INFO DriverManagerConnectionProviderImpl:153 - HHH000401: using driver [org.h2.Driver] at URL [jdbc:h2:mem:db1;DB_CLOSE_DELAY=-1;MVCC=TRUE]
14:18:49,930  INFO DriverManagerConnectionProviderImpl:158 - HHH000046: Connection properties: {user=sa}
14:18:49,932  INFO Dialect:103 - HHH000400: Using dialect: org.hibernate.dialect.H2Dialect
14:18:49,932  INFO LobCreatorBuilder:94 - HHH000423: Disabling contextual LOB creation as JDBC driver reported JDBC version [3] less than 4
14:18:49,933  INFO TransactionFactoryInitiator:66 - HHH000399: Using default transaction strategy (direct JDBC transactions)
14:18:49,933  INFO ASTQueryTranslatorFactory:48 - HHH000397: Using ASTQueryTranslatorFactory
14:18:49,933  WARN CachingRegionFactory:58 - CachingRegionFactory should be only used for testing.
14:18:49,933  INFO UpdateTimestampsCache:61 - HHH000250: Starting update timestamps cache at region: foo.org.hibernate.cache.spi.UpdateTimestampsCache
14:18:49,934  INFO StandardQueryCache:86 - HHH000248: Starting query cache at region: foo.org.hibernate.cache.internal.StandardQueryCache
14:18:49,942  INFO SchemaExport:343 - HHH000227: Running hbm2ddl schema export
14:18:49,942 DEBUG SchemaExport:353 - Import file not found: /import.sql
14:18:49,943 DEBUG SQL:104 - 
    alter table Address 
        drop constraint FK1ED033D47B5C59E1
14:18:49,943 DEBUG SQL:104 - 
    alter table CourseMeeting 
        drop constraint FKC97EED80AEBBC201
14:18:49,943 DEBUG SQL:104 - 
    alter table Enrolment 
        drop constraint FKEB4882C4EC5C133
14:18:49,943 DEBUG SQL:104 - 
    alter table Enrolment 
        drop constraint FKEB4882C4AEBBC201
14:18:49,943 DEBUG SQL:104 - 
    alter table Student 
        drop constraint FKF3371A1B5679E142
14:18:49,944 DEBUG SQL:104 - 
    alter table Student_secretCodes 
        drop constraint FKAF3CA7327B5C59E1
14:18:49,944 DEBUG SQL:104 - 
    drop table Address if exists
14:18:49,944 DEBUG SQL:104 - 
    drop table Course if exists
14:18:49,944 DEBUG SQL:104 - 
    drop table CourseMeeting if exists
14:18:49,944 DEBUG SQL:104 - 
    drop table Enrolment if exists
14:18:49,945 DEBUG SQL:104 - 
    drop table Student if exists
14:18:49,945 DEBUG SQL:104 - 
    drop table Student_secretCodes if exists
14:18:49,945 DEBUG SQL:104 - 
    create table Address (
        id bigint not null,
        addressType varchar(255),
        street varchar(255),
        city varchar(255),
        stateProvince varchar(255),
        postalCode varchar(255),
        country varchar(255),
        studentNumber bigint,
        primary key (id)
    )
14:18:49,945 DEBUG SQL:104 - 
    create table Course (
        courseCode varchar(255) not null,
        description varchar(255),
        primary key (courseCode)
    )
14:18:49,946 DEBUG SQL:104 - 
    create table CourseMeeting (
        courseCode varchar(255) not null,
        day varchar(255) not null,
        period integer not null,
        location varchar(255) not null,
        primary key (courseCode, day, period, location)
    )
14:18:49,946 DEBUG SQL:104 - 
    create table Enrolment (
        studentId bigint not null,
        courseCode varchar(255) not null,
        semester smallint not null,
        "year" smallint not null,
        primary key (studentId, courseCode)
    )
14:18:49,946 DEBUG SQL:104 - 
    create table Student (
        studentId bigint not null,
        name_first varchar(255) not null,
        name_middle varchar(255),
        name_last varchar(255) not null,
        preferredCourseCode varchar(255),
        primary key (studentId)
    )
14:18:49,946 DEBUG SQL:104 - 
    create table Student_secretCodes (
        studentNumber bigint not null,
        secretCode integer,
        i integer not null,
        primary key (studentNumber, i)
    )
14:18:49,947 DEBUG SQL:104 - 
    alter table Address 
        add constraint FK1ED033D47B5C59E1 
        foreign key (studentNumber) 
        references Student
14:18:49,947 DEBUG SQL:104 - 
    alter table CourseMeeting 
        add constraint FKC97EED80AEBBC201 
        foreign key (courseCode) 
        references Course
14:18:49,948 DEBUG SQL:104 - 
    alter table Enrolment 
        add constraint FKEB4882C4EC5C133 
        foreign key (studentId) 
        references Student
14:18:49,948 DEBUG SQL:104 - 
    alter table Enrolment 
        add constraint FKEB4882C4AEBBC201 
        foreign key (courseCode) 
        references Course
14:18:49,949 DEBUG SQL:104 - 
    alter table Student 
        add constraint FKF3371A1B5679E142 
        foreign key (preferredCourseCode) 
        references Course
14:18:49,949 DEBUG SQL:104 - 
    alter table Student_secretCodes 
        add constraint FKAF3CA7327B5C59E1 
        foreign key (studentNumber) 
        references Student
14:18:49,949  INFO SchemaExport:405 - HHH000230: Schema export complete
14:18:49,950  WARN SessionFactoryImpl:1554 - HHH000008: JTASessionContext being used with JDBCTransactionFactory; auto-flush will not operate correctly with getCurrentSession()
14:18:49,950  INFO CustomRunner:139 - Test: testAliasToEntityMapOneProjectionList
14:18:49,951 DEBUG SQL:104 - 
    select
        coursemeet_.courseCode,
        coursemeet_.day,
        coursemeet_.period,
        coursemeet_.location 
    from
        CourseMeeting coursemeet_ 
    where
        coursemeet_.courseCode=? 
        and coursemeet_.day=? 
        and coursemeet_.period=? 
        and coursemeet_.location=?
14:18:49,952 DEBUG SQL:104 - 
    select
        coursemeet_.courseCode,
        coursemeet_.day,
        coursemeet_.period,
        coursemeet_.location 
    from
        CourseMeeting coursemeet_ 
    where
        coursemeet_.courseCode=? 
        and coursemeet_.day=? 
        and coursemeet_.period=? 
        and coursemeet_.location=?
14:18:49,952 DEBUG SQL:104 - 
    select
        max(id) 
    from
        Address
14:18:49,953 DEBUG SQL:104 - 
    insert 
    into
        Course
        (description, courseCode) 
    values
        (?, ?)
14:18:49,953 DEBUG BaseGeneralDataRegion:59 - Caching[foo.org.hibernate.cache.spi.UpdateTimestampsCache] : [Course] -> [5579091107647488]
14:18:49,953 DEBUG SQL:104 - 
    insert 
    into
        CourseMeeting
        (courseCode, day, period, location) 
    values
        (?, ?, ?, ?)
14:18:49,953 DEBUG BaseGeneralDataRegion:59 - Caching[foo.org.hibernate.cache.spi.UpdateTimestampsCache] : [CourseMeeting] -> [5579091107647489]
14:18:49,954 DEBUG SQL:104 - 
    insert 
    into
        CourseMeeting
        (courseCode, day, period, location) 
    values
        (?, ?, ?, ?)
14:18:49,954 DEBUG BaseGeneralDataRegion:59 - Caching[foo.org.hibernate.cache.spi.UpdateTimestampsCache] : [CourseMeeting] -> [5579091107651584]
14:18:50,003 DEBUG SQL:104 - 
    insert 
    into
        Student
        (name_first, name_middle, name_last, preferredCourseCode, studentId) 
    values
        (?, ?, ?, ?, ?)
14:18:50,004 DEBUG BaseGeneralDataRegion:59 - Caching[foo.org.hibernate.cache.spi.UpdateTimestampsCache] : [Student] -> [5579091107856384]
14:18:50,004 DEBUG SQL:104 - 
    insert 
    into
        Address
        (addressType, street, city, stateProvince, postalCode, country, studentNumber, id) 
    values
        (?, ?, ?, ?, ?, ?, ?, ?)
14:18:50,004 DEBUG BaseGeneralDataRegion:59 - Caching[foo.org.hibernate.cache.spi.UpdateTimestampsCache] : [Address] -> [5579091107856385]
14:18:50,004 DEBUG SQL:104 - 
    insert 
    into
        Address
        (addressType, street, city, stateProvince, postalCode, country, studentNumber, id) 
    values
        (?, ?, ?, ?, ?, ?, ?, ?)
14:18:50,004 DEBUG BaseGeneralDataRegion:59 - Caching[foo.org.hibernate.cache.spi.UpdateTimestampsCache] : [Address] -> [5579091107856386]
14:18:50,005 DEBUG SQL:104 - 
    insert 
    into
        Student
        (name_first, name_middle, name_last, preferredCourseCode, studentId) 
    values
        (?, ?, ?, ?, ?)
14:18:50,005 DEBUG BaseGeneralDataRegion:59 - Caching[foo.org.hibernate.cache.spi.UpdateTimestampsCache] : [Student] -> [5579091107860480]
14:18:50,005 DEBUG SQL:104 - 
    insert 
    into
        Enrolment
        (semester, "year", studentId, courseCode) 
    values
        (?, ?, ?, ?)
14:18:50,005 DEBUG BaseGeneralDataRegion:59 - Caching[foo.org.hibernate.cache.spi.UpdateTimestampsCache] : [Enrolment] -> [5579091107860481]
14:18:50,005 DEBUG SQL:104 - 
    insert 
    into
        Enrolment
        (semester, "year", studentId, courseCode) 
    values
        (?, ?, ?, ?)
14:18:50,005 DEBUG BaseGeneralDataRegion:59 - Caching[foo.org.hibernate.cache.spi.UpdateTimestampsCache] : [Enrolment] -> [5579091107860482]
14:18:50,006 DEBUG BaseGeneralDataRegion:59 - Caching[foo.org.hibernate.cache.spi.UpdateTimestampsCache] : [CourseMeeting] -> [5579091107864576]
14:18:50,006 DEBUG BaseGeneralDataRegion:59 - Caching[foo.org.hibernate.cache.spi.UpdateTimestampsCache] : [Enrolment] -> [5579091107864577]
14:18:50,006 DEBUG SQL:104 - 
    update
        Address 
    set
        studentNumber=?,
        addressType=? 
    where
        id=?
14:18:50,006 DEBUG SQL:104 - 
    update
        Address 
    set
        studentNumber=?,
        addressType=? 
    where
        id=?
14:18:50,006 DEBUG BaseGeneralDataRegion:59 - Caching[foo.org.hibernate.cache.spi.UpdateTimestampsCache] : [Address] -> [5579091107864578]
14:18:50,006 DEBUG SQL:104 - 
    insert 
    into
        Student_secretCodes
        (studentNumber, i, secretCode) 
    values
        (?, ?, ?)
14:18:50,006 DEBUG BaseGeneralDataRegion:59 - Caching[foo.org.hibernate.cache.spi.UpdateTimestampsCache] : [Student_secretCodes] -> [5579091107864579]
14:18:50,007 DEBUG BaseGeneralDataRegion:59 - Caching[foo.org.hibernate.cache.spi.UpdateTimestampsCache] : [Enrolment] -> [5579091107864580]
14:18:50,007 DEBUG BaseGeneralDataRegion:59 - Caching[foo.org.hibernate.cache.spi.UpdateTimestampsCache] : [Address] -> [5579091107868672]
14:18:50,007 DEBUG SQL:104 - 
    insert 
    into
        Student_secretCodes
        (studentNumber, i, secretCode) 
    values
        (?, ?, ?)
14:18:50,007 DEBUG SQL:104 - 
    insert 
    into
        Student_secretCodes
        (studentNumber, i, secretCode) 
    values
        (?, ?, ?)
14:18:50,007 DEBUG BaseGeneralDataRegion:59 - Caching[foo.org.hibernate.cache.spi.UpdateTimestampsCache] : [Student_secretCodes] -> [5579091107868673]
14:18:50,007 DEBUG BaseGeneralDataRegion:59 - Caching[foo.org.hibernate.cache.spi.UpdateTimestampsCache] : [Student] -> [5579090862108674]
14:18:50,007 DEBUG BaseGeneralDataRegion:59 - Caching[foo.org.hibernate.cache.spi.UpdateTimestampsCache] : [Course] -> [5579090862108674]
14:18:50,007 DEBUG BaseGeneralDataRegion:59 - Caching[foo.org.hibernate.cache.spi.UpdateTimestampsCache] : [Enrolment] -> [5579090862108674]
14:18:50,007 DEBUG BaseGeneralDataRegion:59 - Caching[foo.org.hibernate.cache.spi.UpdateTimestampsCache] : [Student_secretCodes] -> [5579090862108674]
14:18:50,008 DEBUG BaseGeneralDataRegion:59 - Caching[foo.org.hibernate.cache.spi.UpdateTimestampsCache] : [Address] -> [5579090862108674]
14:18:50,008 DEBUG BaseGeneralDataRegion:59 - Caching[foo.org.hibernate.cache.spi.UpdateTimestampsCache] : [CourseMeeting] -> [5579090862108674]
14:18:50,008 DEBUG QueryTranslatorImpl:265 - parse() - HQL: select e.student as student from org.hibernate.test.querycache.Enrolment e order by e.studentNumber
14:18:50,009 DEBUG QueryTranslatorImpl:283 - --- HQL AST ---
 \-[QUERY] Node: 'query'
    +-[SELECT_FROM] Node: 'SELECT_FROM'
    |  +-[FROM] Node: 'from'
    |  |  \-[RANGE] Node: 'RANGE'
    |  |     +-[DOT] Node: '.'
    |  |     |  +-[DOT] Node: '.'
    |  |     |  |  +-[DOT] Node: '.'
    |  |     |  |  |  +-[DOT] Node: '.'
    |  |     |  |  |  |  +-[IDENT] Node: 'org'
    |  |     |  |  |  |  \-[IDENT] Node: 'hibernate'
    |  |     |  |  |  \-[IDENT] Node: 'test'
    |  |     |  |  \-[IDENT] Node: 'querycache'
    |  |     |  \-[IDENT] Node: 'Enrolment'
    |  |     \-[ALIAS] Node: 'e'
    |  \-[SELECT] Node: 'select'
    |     \-[AS] Node: 'as'
    |        +-[DOT] Node: '.'
    |        |  +-[IDENT] Node: 'e'
    |        |  \-[IDENT] Node: 'student'
    |        \-[IDENT] Node: 'student'
    \-[ORDER] Node: 'order'
       \-[DOT] Node: '.'
          +-[IDENT] Node: 'e'
          \-[IDENT] Node: 'studentNumber'

14:18:50,009 DEBUG ErrorCounter:82 - throwQueryException() : no errors
14:18:50,010 DEBUG FromElement:157 - FromClause{level=1} : org.hibernate.test.querycache.Enrolment (e) -> enrolment0_
14:18:50,010 DEBUG FromReferenceNode:74 - Resolved : e -> (enrolment0_.studentId, enrolment0_.courseCode)
14:18:50,010 DEBUG DotNode:599 - getDataType() : student -> org.hibernate.type.ManyToOneType(org.hibernate.test.querycache.Student)
14:18:50,010 DEBUG DotNode:389 - dereferenceEntityJoin() : generating join for student in org.hibernate.test.querycache.Enrolment (<no alias>) parent = [ {null} ]
14:18:50,010 DEBUG FromElement:157 - FromClause{level=1} : org.hibernate.test.querycache.Student (<no alias>) -> student1_
14:18:50,010 DEBUG FromClause:282 - addJoinByPathMap() : e.student -> FromElement{explicit,not a collection join,not a fetch join,fetch non-lazy properties,classAlias=null,role=null,tableName=Student,tableAlias=student1_,origin=Enrolment enrolment0_,columns={enrolment0_.studentId ,className=org.hibernate.test.querycache.Student}}
14:18:50,011 DEBUG FromReferenceNode:74 - Resolved : e.student -> enrolment0_.studentId
14:18:50,011 DEBUG FromReferenceNode:74 - Resolved : e -> enrolment0_.studentId, enrolment0_.courseCode
14:18:50,011 DEBUG DotNode:599 - getDataType() : studentNumber -> org.hibernate.type.LongType@4bf3f9d
14:18:50,011 DEBUG FromReferenceNode:74 - Resolved : e.studentNumber -> enrolment0_.studentId
14:18:50,011 DEBUG HqlSqlWalker:629 - processQuery() :  ( SELECT ( {select clause} ( enrolment0_.studentId (enrolment0_.studentId, enrolment0_.courseCode) student ) ) ( FromClause{level=1} ( Enrolment enrolment0_ Student student1_ ) ) ( order ( enrolment0_.studentId enrolment0_.studentId, enrolment0_.courseCode studentNumber ) ) )
14:18:50,011 DEBUG JoinProcessor:175 - Using FROM fragment [Enrolment enrolment0_]
14:18:50,011 DEBUG JoinProcessor:175 - Using FROM fragment [inner join Student student1_ on enrolment0_.studentId=student1_.studentId]
14:18:50,012 DEBUG QueryTranslatorImpl:252 - --- SQL AST ---
 \-[SELECT] QueryNode: 'SELECT'  querySpaces (Student,Enrolment)
    +-[SELECT_CLAUSE] SelectClause: '{select clause}'
    |  +-[DOT] DotNode: 'student1_.studentId as studentId4_' {propertyName=student,dereferenceType=EOF,propertyPath=student,path=e.student,tableAlias=student1_,className=org.hibernate.test.querycache.Student,classAlias=null}
    |  |  +-[ALIAS_REF] IdentNode: '(enrolment0_.studentId, enrolment0_.courseCode)' {alias=e, className=org.hibernate.test.querycache.Enrolment, tableAlias=enrolment0_}
    |  |  \-[IDENT] IdentNode: 'student' {originalText=student}
    |  \-[SQL_TOKEN] SqlFragment: 'student1_.name_first as name2_4_, student1_.name_middle as name3_4_, student1_.name_last as name4_4_, student1_.preferredCourseCode as preferre5_4_'
    +-[FROM] FromClause: 'from' FromClause{level=1, fromElementCounter=2, fromElements=2, fromElementByClassAlias=[e], fromElementByTableAlias=[student1_, enrolment0_], fromElementsByPath=[e.student], collectionJoinFromElementsByPath=[], impliedElements=[]}
    |  \-[FROM_FRAGMENT] FromElement: 'Enrolment enrolment0_' FromElement{explicit,not a collection join,not a fetch join,fetch non-lazy properties,classAlias=e,role=null,tableName=Enrolment,tableAlias=enrolment0_,origin=null,columns={,className=org.hibernate.test.querycache.Enrolment}}
    |     \-[JOIN_FRAGMENT] FromElement: 'inner join Student student1_ on enrolment0_.studentId=student1_.studentId' FromElement{explicit,not a collection join,not a fetch join,fetch non-lazy properties,classAlias=null,role=null,tableName=Student,tableAlias=student1_,origin=Enrolment enrolment0_,columns={enrolment0_.studentId ,className=org.hibernate.test.querycache.Student}}
    \-[ORDER] OrderByClause: 'order'
       \-[DOT] DotNode: 'enrolment0_.studentId' {propertyName=studentNumber,dereferenceType=ALL,propertyPath=studentNumber,path=e.studentNumber,tableAlias=enrolment0_,className=org.hibernate.test.querycache.Enrolment,classAlias=e}
          +-[ALIAS_REF] IdentNode: 'enrolment0_.studentId, enrolment0_.courseCode' {alias=e, className=org.hibernate.test.querycache.Enrolment, tableAlias=enrolment0_}
          \-[IDENT] IdentNode: 'studentNumber' {originalText=studentNumber}

14:18:50,012 DEBUG ErrorCounter:82 - throwQueryException() : no errors
14:18:50,012 DEBUG QueryTranslatorImpl:235 - HQL: select e.student as student from org.hibernate.test.querycache.Enrolment e order by e.studentNumber
14:18:50,012 DEBUG QueryTranslatorImpl:236 - SQL: select student1_.studentId as studentId4_, student1_.name_first as name2_4_, student1_.name_middle as name3_4_, student1_.name_last as name4_4_, student1_.preferredCourseCode as preferre5_4_ from Enrolment enrolment0_ inner join Student student1_ on enrolment0_.studentId=student1_.studentId order by enrolment0_.studentId
14:18:50,012 DEBUG ErrorCounter:82 - throwQueryException() : no errors
14:18:50,012 DEBUG SQL:104 - 
    select
        student1_.studentId as studentId4_,
        student1_.name_first as name2_4_,
        student1_.name_middle as name3_4_,
        student1_.name_last as name4_4_,
        student1_.preferredCourseCode as preferre5_4_ 
    from
        Enrolment enrolment0_ 
    inner join
        Student student1_ 
            on enrolment0_.studentId=student1_.studentId 
    order by
        enrolment0_.studentId
14:18:50,013 DEBUG SQL:104 - 
    select
        secretcode0_.studentNumber as studentN1_4_0_,
        secretcode0_.secretCode as secretCode5_0_,
        secretcode0_.i as i0_ 
    from
        Student_secretCodes secretcode0_ 
    where
        secretcode0_.studentNumber=?
14:18:50,014 DEBUG SQL:104 - 
    select
        secretcode0_.studentNumber as studentN1_4_0_,
        secretcode0_.secretCode as secretCode5_0_,
        secretcode0_.i as i0_ 
    from
        Student_secretCodes secretcode0_ 
    where
        secretcode0_.studentNumber=?
14:18:50,014 DEBUG BaseGeneralDataRegion:59 - Caching[foo.org.hibernate.cache.internal.StandardQueryCache] : [sql: select student1_.studentId as studentId4_, student1_.name_first as name2_4_, student1_.name_middle as name3_4_, student1_.name_last as name4_4_, student1_.preferredCourseCode as preferre5_4_ from Enrolment enrolment0_ inner join Student student1_ on enrolment0_.studentId=student1_.studentId order by enrolment0_.studentId; parameters: ; named parameters: {}; transformer: org.hibernate.transform.CacheableResultTransformer@110f2] -> [[5579090862137344, 111, 999]]
14:18:50,015 DEBUG SQL:104 - 
    select
        student1_.studentId as studentId4_,
        student1_.name_first as name2_4_,
        student1_.name_middle as name3_4_,
        student1_.name_last as name4_4_,
        student1_.preferredCourseCode as preferre5_4_ 
    from
        Enrolment enrolment0_ 
    inner join
        Student student1_ 
            on enrolment0_.studentId=student1_.studentId 
    order by
        enrolment0_.studentId
14:18:50,015 DEBUG SQL:104 - 
    select
        secretcode0_.studentNumber as studentN1_4_0_,
        secretcode0_.secretCode as secretCode5_0_,
        secretcode0_.i as i0_ 
    from
        Student_secretCodes secretcode0_ 
    where
        secretcode0_.studentNumber=?
14:18:50,015 DEBUG SQL:104 - 
    select
        secretcode0_.studentNumber as studentN1_4_0_,
        secretcode0_.secretCode as secretCode5_0_,
        secretcode0_.i as i0_ 
    from
        Student_secretCodes secretcode0_ 
    where
        secretcode0_.studentNumber=?
14:18:50,016 DEBUG BaseGeneralDataRegion:59 - Caching[foo.org.hibernate.cache.internal.StandardQueryCache] : [sql: select student1_.studentId as studentId4_, student1_.name_first as name2_4_, student1_.name_middle as name3_4_, student1_.name_last as name4_4_, student1_.preferredCourseCode as preferre5_4_ from Enrolment enrolment0_ inner join Student student1_ on enrolment0_.studentId=student1_.studentId order by enrolment0_.studentId; parameters: ; named parameters: {}; transformer: org.hibernate.transform.CacheableResultTransformer@110f2] -> [[5579090862141440, 111, 999]]
14:18:50,016 DEBUG SQL:104 - 
    select
        student_.studentId,
        student_.name_first as name2_4_,
        student_.name_middle as name3_4_,
        student_.name_last as name4_4_,
        student_.preferredCourseCode as preferre5_4_ 
    from
        Student student_ 
    where
        student_.studentId=?
14:18:50,016 DEBUG SQL:104 - 
    select
        enrolment_.studentId,
        enrolment_.courseCode,
        enrolment_.semester as semester3_,
        enrolment_."year" as year4_3_ 
    from
        Enrolment enrolment_ 
    where
        enrolment_.studentId=? 
        and enrolment_.courseCode=?
14:18:50,016 DEBUG SQL:104 - 
    select
        course_.courseCode,
        course_.description as descript2_1_ 
    from
        Course course_ 
    where
        course_.courseCode=?
14:18:50,017 DEBUG SQL:104 - 
    select
        student_.studentId,
        student_.name_first as name2_4_,
        student_.name_middle as name3_4_,
        student_.name_last as name4_4_,
        student_.preferredCourseCode as preferre5_4_ 
    from
        Student student_ 
    where
        student_.studentId=?
14:18:50,017 DEBUG SQL:104 - 
    select
        enrolment_.studentId,
        enrolment_.courseCode,
        enrolment_.semester as semester3_,
        enrolment_."year" as year4_3_ 
    from
        Enrolment enrolment_ 
    where
        enrolment_.studentId=? 
        and enrolment_.courseCode=?
14:18:50,017 DEBUG SQL:104 - 
    select
        coursemeet_.courseCode,
        coursemeet_.day,
        coursemeet_.period,
        coursemeet_.location 
    from
        CourseMeeting coursemeet_ 
    where
        coursemeet_.courseCode=? 
        and coursemeet_.day=? 
        and coursemeet_.period=? 
        and coursemeet_.location=?
14:18:50,017 DEBUG SQL:104 - 
    select
        coursemeet_.courseCode,
        coursemeet_.day,
        coursemeet_.period,
        coursemeet_.location 
    from
        CourseMeeting coursemeet_ 
    where
        coursemeet_.courseCode=? 
        and coursemeet_.day=? 
        and coursemeet_.period=? 
        and coursemeet_.location=?
14:18:50,018 DEBUG BaseGeneralDataRegion:59 - Caching[foo.org.hibernate.cache.spi.UpdateTimestampsCache] : [Enrolment] -> [5579091107913728]
14:18:50,018 DEBUG SQL:104 - 
    update
        Address 
    set
        studentNumber=null,
        addressType=null 
    where
        studentNumber=?
14:18:50,018 DEBUG BaseGeneralDataRegion:59 - Caching[foo.org.hibernate.cache.spi.UpdateTimestampsCache] : [Address] -> [5579091107913729]
14:18:50,018 DEBUG SQL:104 - 
    delete 
    from
        Student_secretCodes 
    where
        studentNumber=?
14:18:50,018 DEBUG BaseGeneralDataRegion:59 - Caching[foo.org.hibernate.cache.spi.UpdateTimestampsCache] : [Student_secretCodes] -> [5579091107913730]
14:18:50,018 DEBUG BaseGeneralDataRegion:59 - Caching[foo.org.hibernate.cache.spi.UpdateTimestampsCache] : [Enrolment] -> [5579091107913731]
14:18:50,019 DEBUG BaseGeneralDataRegion:59 - Caching[foo.org.hibernate.cache.spi.UpdateTimestampsCache] : [Address] -> [5579091107917824]
14:18:50,019 DEBUG SQL:104 - 
    delete 
    from
        Student_secretCodes 
    where
        studentNumber=?
14:18:50,022 DEBUG BaseGeneralDataRegion:59 - Caching[foo.org.hibernate.cache.spi.UpdateTimestampsCache] : [Student_secretCodes] -> [5579091107930112]
14:18:50,022 DEBUG BaseGeneralDataRegion:59 - Caching[foo.org.hibernate.cache.spi.UpdateTimestampsCache] : [CourseMeeting] -> [5579091107930113]
14:18:50,022 DEBUG SQL:104 - 
    delete 
    from
        Enrolment 
    where
        studentId=? 
        and courseCode=?
14:18:50,022 DEBUG BaseGeneralDataRegion:59 - Caching[foo.org.hibernate.cache.spi.UpdateTimestampsCache] : [Enrolment] -> [5579091107930114]
14:18:50,022 DEBUG SQL:104 - 
    delete 
    from
        Address 
    where
        id=?
14:18:50,022 DEBUG BaseGeneralDataRegion:59 - Caching[foo.org.hibernate.cache.spi.UpdateTimestampsCache] : [Address] -> [5579091107930115]
14:18:50,022 DEBUG SQL:104 - 
    delete 
    from
        Address 
    where
        id=?
14:18:50,023 DEBUG BaseGeneralDataRegion:59 - Caching[foo.org.hibernate.cache.spi.UpdateTimestampsCache] : [Address] -> [5579091107934208]
14:18:50,023 DEBUG SQL:104 - 
    delete 
    from
        Student 
    where
        studentId=?
14:18:50,043 DEBUG BaseGeneralDataRegion:59 - Caching[foo.org.hibernate.cache.spi.UpdateTimestampsCache] : [Student] -> [5579091108016128]
14:18:50,043 DEBUG SQL:104 - 
    delete 
    from
        Enrolment 
    where
        studentId=? 
        and courseCode=?
14:18:50,043 DEBUG BaseGeneralDataRegion:59 - Caching[foo.org.hibernate.cache.spi.UpdateTimestampsCache] : [Enrolment] -> [5579091108016129]
14:18:50,044 DEBUG SQL:104 - 
    delete 
    from
        Student 
    where
        studentId=?
14:18:50,044 DEBUG BaseGeneralDataRegion:59 - Caching[foo.org.hibernate.cache.spi.UpdateTimestampsCache] : [Student] -> [5579091108020224]
14:18:50,044 DEBUG SQL:104 - 
    delete 
    from
        CourseMeeting 
    where
        courseCode=? 
        and day=? 
        and period=? 
        and location=?
14:18:50,044 DEBUG BaseGeneralDataRegion:59 - Caching[foo.org.hibernate.cache.spi.UpdateTimestampsCache] : [CourseMeeting] -> [5579091108020225]
14:18:50,044 DEBUG SQL:104 - 
    delete 
    from
        CourseMeeting 
    where
        courseCode=? 
        and day=? 
        and period=? 
        and location=?
14:18:50,044 DEBUG BaseGeneralDataRegion:59 - Caching[foo.org.hibernate.cache.spi.UpdateTimestampsCache] : [CourseMeeting] -> [5579091108020226]
14:18:50,044 DEBUG SQL:104 - 
    delete 
    from
        Course 
    where
        courseCode=?
14:18:50,045 DEBUG BaseGeneralDataRegion:59 - Caching[foo.org.hibernate.cache.spi.UpdateTimestampsCache] : [Course] -> [5579091108024320]
14:18:50,048 DEBUG BaseGeneralDataRegion:59 - Caching[foo.org.hibernate.cache.spi.UpdateTimestampsCache] : [Student] -> [5579090862276608]
14:18:50,048 DEBUG BaseGeneralDataRegion:59 - Caching[foo.org.hibernate.cache.spi.UpdateTimestampsCache] : [Course] -> [5579090862276608]
14:18:50,048 DEBUG BaseGeneralDataRegion:59 - Caching[foo.org.hibernate.cache.spi.UpdateTimestampsCache] : [Enrolment] -> [5579090862276608]
14:18:50,048 DEBUG BaseGeneralDataRegion:59 - Caching[foo.org.hibernate.cache.spi.UpdateTimestampsCache] : [Student_secretCodes] -> [5579090862276608]
14:18:50,048 DEBUG BaseGeneralDataRegion:59 - Caching[foo.org.hibernate.cache.spi.UpdateTimestampsCache] : [Address] -> [5579090862276608]
14:18:50,048 DEBUG BaseGeneralDataRegion:59 - Caching[foo.org.hibernate.cache.spi.UpdateTimestampsCache] : [CourseMeeting] -> [5579090862276608]
14:18:50,052  INFO CustomRunner:139 - Test: testEntityWithAliasedJoinFetchedLazyOneToManySingleElementListHql
14:18:50,053 DEBUG SQL:104 - 
    select
        coursemeet_.courseCode,
        coursemeet_.day,
        coursemeet_.period,
        coursemeet_.location 
    from
        CourseMeeting coursemeet_ 
    where
        coursemeet_.courseCode=? 
        and coursemeet_.day=? 
        and coursemeet_.period=? 
        and coursemeet_.location=?
14:18:50,054 DEBUG SQL:104 - 
    select
        coursemeet_.courseCode,
        coursemeet_.day,
        coursemeet_.period,
        coursemeet_.location 
    from
        CourseMeeting coursemeet_ 
    where
        coursemeet_.courseCode=? 
        and coursemeet_.day=? 
        and coursemeet_.period=? 
        and coursemeet_.location=?
14:18:50,075 DEBUG SQL:104 - 
    insert 
    into
        Course
        (description, courseCode) 
    values
        (?, ?)
14:18:50,076 DEBUG BaseGeneralDataRegion:59 - Caching[foo.org.hibernate.cache.spi.UpdateTimestampsCache] : [Course] -> [5579091108151296]
14:18:50,076 DEBUG SQL:104 - 
    insert 
    into
        CourseMeeting
        (courseCode, day, period, location) 
    values
        (?, ?, ?, ?)
14:18:50,076 DEBUG BaseGeneralDataRegion:59 - Caching[foo.org.hibernate.cache.spi.UpdateTimestampsCache] : [CourseMeeting] -> [5579091108151297]
14:18:50,076 DEBUG SQL:104 - 
    insert 
    into
        CourseMeeting
        (courseCode, day, period, location) 
    values
        (?, ?, ?, ?)
14:18:50,076 DEBUG BaseGeneralDataRegion:59 - Caching[foo.org.hibernate.cache.spi.UpdateTimestampsCache] : [CourseMeeting] -> [5579091108151298]
14:18:50,076 DEBUG SQL:104 - 
    insert 
    into
        Student
        (name_first, name_middle, name_last, preferredCourseCode, studentId) 
    values
        (?, ?, ?, ?, ?)
14:18:50,077 DEBUG BaseGeneralDataRegion:59 - Caching[foo.org.hibernate.cache.spi.UpdateTimestampsCache] : [Student] -> [5579091108155392]
14:18:50,077 DEBUG SQL:104 - 
    insert 
    into
        Address
        (addressType, street, city, stateProvince, postalCode, country, studentNumber, id) 
    values
        (?, ?, ?, ?, ?, ?, ?, ?)
14:18:50,077 DEBUG BaseGeneralDataRegion:59 - Caching[foo.org.hibernate.cache.spi.UpdateTimestampsCache] : [Address] -> [5579091108155393]
14:18:50,077 DEBUG SQL:104 - 
    insert 
    into
        Address
        (addressType, street, city, stateProvince, postalCode, country, studentNumber, id) 
    values
        (?, ?, ?, ?, ?, ?, ?, ?)
14:18:50,077 DEBUG BaseGeneralDataRegion:59 - Caching[foo.org.hibernate.cache.spi.UpdateTimestampsCache] : [Address] -> [5579091108155394]
14:18:50,077 DEBUG SQL:104 - 
    insert 
    into
        Student
        (name_first, name_middle, name_last, preferredCourseCode, studentId) 
    values
        (?, ?, ?, ?, ?)
14:18:50,080 DEBUG BaseGeneralDataRegion:59 - Caching[foo.org.hibernate.cache.spi.UpdateTimestampsCache] : [Student] -> [5579091108167680]
14:18:50,080 DEBUG SQL:104 - 
    insert 
    into
        Enrolment
        (semester, "year", studentId, courseCode) 
    values
        (?, ?, ?, ?)
14:18:50,081 DEBUG BaseGeneralDataRegion:59 - Caching[foo.org.hibernate.cache.spi.UpdateTimestampsCache] : [Enrolment] -> [5579091108171776]
14:18:50,081 DEBUG SQL:104 - 
    insert 
    into
        Enrolment
        (semester, "year", studentId, courseCode) 
    values
        (?, ?, ?, ?)
14:18:50,081 DEBUG BaseGeneralDataRegion:59 - Caching[foo.org.hibernate.cache.spi.UpdateTimestampsCache] : [Enrolment] -> [5579091108171777]
14:18:50,081 DEBUG BaseGeneralDataRegion:59 - Caching[foo.org.hibernate.cache.spi.UpdateTimestampsCache] : [CourseMeeting] -> [5579091108171778]
14:18:50,081 DEBUG BaseGeneralDataRegion:59 - Caching[foo.org.hibernate.cache.spi.UpdateTimestampsCache] : [Enrolment] -> [5579091108171779]
14:18:50,081 DEBUG SQL:104 - 
    update
        Address 
    set
        studentNumber=?,
        addressType=? 
    where
        id=?
14:18:50,081 DEBUG SQL:104 - 
    update
        Address 
    set
        studentNumber=?,
        addressType=? 
    where
        id=?
14:18:50,091 DEBUG BaseGeneralDataRegion:59 - Caching[foo.org.hibernate.cache.spi.UpdateTimestampsCache] : [Address] -> [5579091108212736]
14:18:50,092 DEBUG SQL:104 - 
    insert 
    into
        Student_secretCodes
        (studentNumber, i, secretCode) 
    values
        (?, ?, ?)
14:18:50,092 DEBUG BaseGeneralDataRegion:59 - Caching[foo.org.hibernate.cache.spi.UpdateTimestampsCache] : [Student_secretCodes] -> [5579091108216832]
14:18:50,092 DEBUG BaseGeneralDataRegion:59 - Caching[foo.org.hibernate.cache.spi.UpdateTimestampsCache] : [Enrolment] -> [5579091108216833]
14:18:50,092 DEBUG BaseGeneralDataRegion:59 - Caching[foo.org.hibernate.cache.spi.UpdateTimestampsCache] : [Address] -> [5579091108216834]
14:18:50,093 DEBUG SQL:104 - 
    insert 
    into
        Student_secretCodes
        (studentNumber, i, secretCode) 
    values
        (?, ?, ?)
14:18:50,093 DEBUG SQL:104 - 
    insert 
    into
        Student_secretCodes
        (studentNumber, i, secretCode) 
    values
        (?, ?, ?)
14:18:50,093 DEBUG BaseGeneralDataRegion:59 - Caching[foo.org.hibernate.cache.spi.UpdateTimestampsCache] : [Student_secretCodes] -> [5579091108220928]
14:18:50,093 DEBUG BaseGeneralDataRegion:59 - Caching[foo.org.hibernate.cache.spi.UpdateTimestampsCache] : [Student] -> [5579090862460929]
14:18:50,093 DEBUG BaseGeneralDataRegion:59 - Caching[foo.org.hibernate.cache.spi.UpdateTimestampsCache] : [Course] -> [5579090862460929]
14:18:50,093 DEBUG BaseGeneralDataRegion:59 - Caching[foo.org.hibernate.cache.spi.UpdateTimestampsCache] : [Enrolment] -> [5579090862460929]
14:18:50,093 DEBUG BaseGeneralDataRegion:59 - Caching[foo.org.hibernate.cache.spi.UpdateTimestampsCache] : [Student_secretCodes] -> [5579090862460929]
14:18:50,093 DEBUG BaseGeneralDataRegion:59 - Caching[foo.org.hibernate.cache.spi.UpdateTimestampsCache] : [Address] -> [5579090862460929]
14:18:50,093 DEBUG BaseGeneralDataRegion:59 - Caching[foo.org.hibernate.cache.spi.UpdateTimestampsCache] : [CourseMeeting] -> [5579090862460929]
14:18:50,094 DEBUG QueryTranslatorImpl:265 - parse() - HQL: from org.hibernate.test.querycache.Student s left join fetch s.enrolments e order by s.studentNumber
14:18:50,095 DEBUG QueryTranslatorImpl:283 - --- HQL AST ---
 \-[QUERY] Node: 'query'
    +-[SELECT_FROM] Node: 'SELECT_FROM'
    |  \-[FROM] Node: 'from'
    |     +-[RANGE] Node: 'RANGE'
    |     |  +-[DOT] Node: '.'
    |     |  |  +-[DOT] Node: '.'
    |     |  |  |  +-[DOT] Node: '.'
    |     |  |  |  |  +-[DOT] Node: '.'
    |     |  |  |  |  |  +-[IDENT] Node: 'org'
    |     |  |  |  |  |  \-[IDENT] Node: 'hibernate'
    |     |  |  |  |  \-[IDENT] Node: 'test'
    |     |  |  |  \-[IDENT] Node: 'querycache'
    |     |  |  \-[IDENT] Node: 'Student'
    |     |  \-[ALIAS] Node: 's'
    |     \-[JOIN] Node: 'join'
    |        +-[LEFT] Node: 'left'
    |        +-[FETCH] Node: 'fetch'
    |        +-[DOT] Node: '.'
    |        |  +-[IDENT] Node: 's'
    |        |  \-[IDENT] Node: 'enrolments'
    |        \-[ALIAS] Node: 'e'
    \-[ORDER] Node: 'order'
       \-[DOT] Node: '.'
          +-[IDENT] Node: 's'
          \-[IDENT] Node: 'studentNumber'

14:18:50,115 DEBUG ErrorCounter:82 - throwQueryException() : no errors
14:18:50,115 DEBUG FromElement:157 - FromClause{level=1} : org.hibernate.test.querycache.Student (s) -> student0_
14:18:50,115 DEBUG FromReferenceNode:74 - Resolved : s -> student0_.studentId
14:18:50,115 DEBUG DotNode:599 - getDataType() : enrolments -> org.hibernate.type.SetType(org.hibernate.test.querycache.Student.enrolments)
14:18:50,116 DEBUG FromElementFactory:376 - createEntityAssociation() : One to many - path = s.enrolments role = org.hibernate.test.querycache.Student.enrolments associatedEntityName = org.hibernate.test.querycache.Enrolment
14:18:50,116 DEBUG FromElement:157 - FromClause{level=1} : org.hibernate.test.querycache.Enrolment (e) -> enrolments1_
14:18:50,116 DEBUG FromClause:282 - addJoinByPathMap() : s.enrolments -> FromElement{explicit,not a collection join,not a fetch join,fetch non-lazy properties,classAlias=e,role=null,tableName=Enrolment,tableAlias=enrolments1_,origin=Student student0_,columns={student0_.studentId ,className=org.hibernate.test.querycache.Enrolment}}
14:18:50,124 DEBUG DotNode:308 - dereferenceCollection() : Created new FROM element for s.enrolments : Enrolment enrolments1_
14:18:50,125 DEBUG FromReferenceNode:74 - Resolved : s.enrolments -> .
14:18:50,125 DEBUG HqlSqlWalker:403 - createFromJoinElement() : -- join tree --
 \-[JOIN_FRAGMENT] FromElement: 'Enrolment enrolments1_' FromElement{explicit,not a collection join,fetch join,fetch non-lazy properties,classAlias=e,role=org.hibernate.test.querycache.Student.enrolments,tableName=Enrolment,tableAlias=enrolments1_,origin=Student student0_,columns={student0_.studentId ,className=org.hibernate.test.querycache.Enrolment}}

14:18:50,125 DEBUG FromReferenceNode:74 - Resolved : s -> student0_.studentId
14:18:50,125 DEBUG DotNode:599 - getDataType() : studentNumber -> org.hibernate.type.LongType@4bf3f9d
14:18:50,125 DEBUG FromReferenceNode:74 - Resolved : s.studentNumber -> student0_.studentId
14:18:50,125 DEBUG HqlSqlWalker:629 - processQuery() :  ( SELECT ( FromClause{level=1} ( Student student0_ Enrolment enrolments1_ ) ) ( order ( student0_.studentId student0_.studentId studentNumber ) ) )
14:18:50,126 DEBUG HqlSqlWalker:869 - Derived SELECT clause created.
14:18:50,126 DEBUG JoinProcessor:175 - Using FROM fragment [Student student0_]
14:18:50,126 DEBUG JoinProcessor:175 - Using FROM fragment [left outer join Enrolment enrolments1_ on student0_.studentId=enrolments1_.studentId]
14:18:50,126 DEBUG QueryTranslatorImpl:252 - --- SQL AST ---
 \-[SELECT] QueryNode: 'SELECT'  querySpaces (Student,Enrolment)
    +-[SELECT_CLAUSE] SelectClause: '{derived select clause}'
    |  +-[SELECT_EXPR] SelectExpressionImpl: 'student0_.studentId as studentId4_0_' {FromElement{explicit,not a collection join,not a fetch join,fetch non-lazy properties,classAlias=s,role=null,tableName=Student,tableAlias=student0_,origin=null,columns={,className=org.hibernate.test.querycache.Student}}}
    |  +-[SELECT_EXPR] SelectExpressionImpl: 'enrolments1_.studentId as studentId3_1_, enrolments1_.courseCode as courseCode3_1_' {FromElement{explicit,not a collection join,fetch join,fetch non-lazy properties,classAlias=e,role=org.hibernate.test.querycache.Student.enrolments,tableName=Enrolment,tableAlias=enrolments1_,origin=Student student0_,columns={student0_.studentId ,className=org.hibernate.test.querycache.Enrolment}}}
    |  +-[SQL_TOKEN] SqlFragment: 'student0_.name_first as name2_4_0_, student0_.name_middle as name3_4_0_, student0_.name_last as name4_4_0_, student0_.preferredCourseCode as preferre5_4_0_'
    |  +-[SQL_TOKEN] SqlFragment: 'enrolments1_.semester as semester3_1_, enrolments1_."year" as year4_3_1_'
    |  \-[SQL_TOKEN] SqlFragment: 'enrolments1_.studentId as studentId4_0__, enrolments1_.studentId as studentId3_0__, enrolments1_.courseCode as courseCode3_0__'
    +-[FROM] FromClause: 'from' FromClause{level=1, fromElementCounter=2, fromElements=2, fromElementByClassAlias=[e, s], fromElementByTableAlias=[student0_, enrolments1_], fromElementsByPath=[s.enrolments], collectionJoinFromElementsByPath=[], impliedElements=[]}
    |  \-[FROM_FRAGMENT] FromElement: 'Student student0_' FromElement{explicit,not a collection join,not a fetch join,fetch non-lazy properties,classAlias=s,role=null,tableName=Student,tableAlias=student0_,origin=null,columns={,className=org.hibernate.test.querycache.Student}}
    |     \-[JOIN_FRAGMENT] FromElement: 'left outer join Enrolment enrolments1_ on student0_.studentId=enrolments1_.studentId' FromElement{explicit,not a collection join,fetch join,fetch non-lazy properties,classAlias=e,role=org.hibernate.test.querycache.Student.enrolments,tableName=Enrolment,tableAlias=enrolments1_,origin=Student student0_,columns={student0_.studentId ,className=org.hibernate.test.querycache.Enrolment}}
    \-[ORDER] OrderByClause: 'order'
       \-[DOT] DotNode: 'student0_.studentId' {propertyName=studentNumber,dereferenceType=ALL,propertyPath=studentNumber,path=s.studentNumber,tableAlias=student0_,className=org.hibernate.test.querycache.Student,classAlias=s}
          +-[ALIAS_REF] IdentNode: 'student0_.studentId' {alias=s, className=org.hibernate.test.querycache.Student, tableAlias=student0_}
          \-[IDENT] IdentNode: 'studentNumber' {originalText=studentNumber}

14:18:50,135 DEBUG ErrorCounter:82 - throwQueryException() : no errors
14:18:50,136 DEBUG QueryTranslatorImpl:235 - HQL: from org.hibernate.test.querycache.Student s left join fetch s.enrolments e order by s.studentNumber
14:18:50,136 DEBUG QueryTranslatorImpl:236 - SQL: select student0_.studentId as studentId4_0_, enrolments1_.studentId as studentId3_1_, enrolments1_.courseCode as courseCode3_1_, student0_.name_first as name2_4_0_, student0_.name_middle as name3_4_0_, student0_.name_last as name4_4_0_, student0_.preferredCourseCode as preferre5_4_0_, enrolments1_.semester as semester3_1_, enrolments1_."year" as year4_3_1_, enrolments1_.studentId as studentId4_0__, enrolments1_.studentId as studentId3_0__, enrolments1_.courseCode as courseCode3_0__ from Student student0_ left outer join Enrolment enrolments1_ on student0_.studentId=enrolments1_.studentId order by student0_.studentId
14:18:50,136 DEBUG ErrorCounter:82 - throwQueryException() : no errors
14:18:50,136 DEBUG SQL:104 - 
    select
        student0_.studentId as studentId4_0_,
        enrolments1_.studentId as studentId3_1_,
        enrolments1_.courseCode as courseCode3_1_,
        student0_.name_first as name2_4_0_,
        student0_.name_middle as name3_4_0_,
        student0_.name_last as name4_4_0_,
        student0_.preferredCourseCode as preferre5_4_0_,
        enrolments1_.semester as semester3_1_,
        enrolments1_."year" as year4_3_1_,
        enrolments1_.studentId as studentId4_0__,
        enrolments1_.studentId as studentId3_0__,
        enrolments1_.courseCode as courseCode3_0__ 
    from
        Student student0_ 
    left outer join
        Enrolment enrolments1_ 
            on student0_.studentId=enrolments1_.studentId 
    order by
        student0_.studentId
14:18:50,137 DEBUG SQL:104 - 
    select
        course0_.courseCode as courseCode1_0_,
        course0_.description as descript2_1_0_ 
    from
        Course course0_ 
    where
        course0_.courseCode=?
14:18:50,146 DEBUG SQL:104 - 
    select
        secretcode0_.studentNumber as studentN1_4_0_,
        secretcode0_.secretCode as secretCode5_0_,
        secretcode0_.i as i0_ 
    from
        Student_secretCodes secretcode0_ 
    where
        secretcode0_.studentNumber=?
14:18:50,147 DEBUG SQL:104 - 
    select
        coursemeet0_.courseCode as courseCode1_1_,
        coursemeet0_.courseCode as courseCode2_1_,
        coursemeet0_.day as day2_1_,
        coursemeet0_.period as period2_1_,
        coursemeet0_.location as location2_1_,
        coursemeet0_.courseCode as courseCode2_0_,
        coursemeet0_.day as day2_0_,
        coursemeet0_.period as period2_0_,
        coursemeet0_.location as location2_0_ 
    from
        CourseMeeting coursemeet0_ 
    where
        coursemeet0_.courseCode=?
14:18:50,155 DEBUG SQL:104 - 
    select
        secretcode0_.studentNumber as studentN1_4_0_,
        secretcode0_.secretCode as secretCode5_0_,
        secretcode0_.i as i0_ 
    from
        Student_secretCodes secretcode0_ 
    where
        secretcode0_.studentNumber=?
14:18:50,156 DEBUG BaseGeneralDataRegion:59 - Caching[foo.org.hibernate.cache.internal.StandardQueryCache] : [sql: select student0_.studentId as studentId4_0_, enrolments1_.studentId as studentId3_1_, enrolments1_.courseCode as courseCode3_1_, student0_.name_first as name2_4_0_, student0_.name_middle as name3_4_0_, student0_.name_last as name4_4_0_, student0_.preferredCourseCode as preferre5_4_0_, enrolments1_.semester as semester3_1_, enrolments1_."year" as year4_3_1_, enrolments1_.studentId as studentId4_0__, enrolments1_.studentId as studentId3_0__, enrolments1_.courseCode as courseCode3_0__ from Student student0_ left outer join Enrolment enrolments1_ on student0_.studentId=enrolments1_.studentId order by student0_.studentId; parameters: ; named parameters: {}; transformer: org.hibernate.transform.CacheableResultTransformer@138f59] -> [[5579090862718976, 111, 999]]
14:18:50,157 DEBUG SQL:104 - 
    select
        student0_.studentId as studentId4_0_,
        enrolments1_.studentId as studentId3_1_,
        enrolments1_.courseCode as courseCode3_1_,
        student0_.name_first as name2_4_0_,
        student0_.name_middle as name3_4_0_,
        student0_.name_last as name4_4_0_,
        student0_.preferredCourseCode as preferre5_4_0_,
        enrolments1_.semester as semester3_1_,
        enrolments1_."year" as year4_3_1_,
        enrolments1_.studentId as studentId4_0__,
        enrolments1_.studentId as studentId3_0__,
        enrolments1_.courseCode as courseCode3_0__ 
    from
        Student student0_ 
    left outer join
        Enrolment enrolments1_ 
            on student0_.studentId=enrolments1_.studentId 
    order by
        student0_.studentId
14:18:50,165 DEBUG SQL:104 - 
    select
        course0_.courseCode as courseCode1_0_,
        course0_.description as descript2_1_0_ 
    from
        Course course0_ 
    where
        course0_.courseCode=?
14:18:50,165 DEBUG SQL:104 - 
    select
        secretcode0_.studentNumber as studentN1_4_0_,
        secretcode0_.secretCode as secretCode5_0_,
        secretcode0_.i as i0_ 
    from
        Student_secretCodes secretcode0_ 
    where
        secretcode0_.studentNumber=?
14:18:50,166 DEBUG SQL:104 - 
    select
        coursemeet0_.courseCode as courseCode1_1_,
        coursemeet0_.courseCode as courseCode2_1_,
        coursemeet0_.day as day2_1_,
        coursemeet0_.period as period2_1_,
        coursemeet0_.location as location2_1_,
        coursemeet0_.courseCode as courseCode2_0_,
        coursemeet0_.day as day2_0_,
        coursemeet0_.period as period2_0_,
        coursemeet0_.location as location2_0_ 
    from
        CourseMeeting coursemeet0_ 
    where
        coursemeet0_.courseCode=?
14:18:50,175 DEBUG SQL:104 - 
    select
        secretcode0_.studentNumber as studentN1_4_0_,
        secretcode0_.secretCode as secretCode5_0_,
        secretcode0_.i as i0_ 
    from
        Student_secretCodes secretcode0_ 
    where
        secretcode0_.studentNumber=?
14:18:50,176 DEBUG BaseGeneralDataRegion:59 - Caching[foo.org.hibernate.cache.internal.StandardQueryCache] : [sql: select student0_.studentId as studentId4_0_, enrolments1_.studentId as studentId3_1_, enrolments1_.courseCode as courseCode3_1_, student0_.name_first as name2_4_0_, student0_.name_middle as name3_4_0_, student0_.name_last as name4_4_0_, student0_.preferredCourseCode as preferre5_4_0_, enrolments1_.semester as semester3_1_, enrolments1_."year" as year4_3_1_, enrolments1_.studentId as studentId4_0__, enrolments1_.studentId as studentId3_0__, enrolments1_.courseCode as courseCode3_0__ from Student student0_ left outer join Enrolment enrolments1_ on student0_.studentId=enrolments1_.studentId order by student0_.studentId; parameters: ; named parameters: {}; transformer: org.hibernate.transform.CacheableResultTransformer@138f59] -> [[5579090862800896, 111, 999]]
14:18:50,176 DEBUG SQL:104 - 
    select
        student_.studentId,
        student_.name_first as name2_4_,
        student_.name_middle as name3_4_,
        student_.name_last as name4_4_,
        student_.preferredCourseCode as preferre5_4_ 
    from
        Student student_ 
    where
        student_.studentId=?
14:18:50,177 DEBUG SQL:104 - 
    select
        enrolment_.studentId,
        enrolment_.courseCode,
        enrolment_.semester as semester3_,
        enrolment_."year" as year4_3_ 
    from
        Enrolment enrolment_ 
    where
        enrolment_.studentId=? 
        and enrolment_.courseCode=?
14:18:50,187 DEBUG SQL:104 - 
    select
        course_.courseCode,
        course_.description as descript2_1_ 
    from
        Course course_ 
    where
        course_.courseCode=?
14:18:50,187 DEBUG SQL:104 - 
    select
        student_.studentId,
        student_.name_first as name2_4_,
        student_.name_middle as name3_4_,
        student_.name_last as name4_4_,
        student_.preferredCourseCode as preferre5_4_ 
    from
        Student student_ 
    where
        student_.studentId=?
14:18:50,188 DEBUG SQL:104 - 
    select
        enrolment_.studentId,
        enrolment_.courseCode,
        enrolment_.semester as semester3_,
        enrolment_."year" as year4_3_ 
    from
        Enrolment enrolment_ 
    where
        enrolment_.studentId=? 
        and enrolment_.courseCode=?
14:18:50,188 DEBUG SQL:104 - 
    select
        coursemeet_.courseCode,
        coursemeet_.day,
        coursemeet_.period,
        coursemeet_.location 
    from
        CourseMeeting coursemeet_ 
    where
        coursemeet_.courseCode=? 
        and coursemeet_.day=? 
        and coursemeet_.period=? 
        and coursemeet_.location=?
14:18:50,188 DEBUG SQL:104 - 
    select
        coursemeet_.courseCode,
        coursemeet_.day,
        coursemeet_.period,
        coursemeet_.location 
    from
        CourseMeeting coursemeet_ 
    where
        coursemeet_.courseCode=? 
        and coursemeet_.day=? 
        and coursemeet_.period=? 
        and coursemeet_.location=?
14:18:50,200 DEBUG BaseGeneralDataRegion:59 - Caching[foo.org.hibernate.cache.spi.UpdateTimestampsCache] : [Enrolment] -> [5579091108659200]
14:18:50,201 DEBUG SQL:104 - 
    update
        Address 
    set
        studentNumber=null,
        addressType=null 
    where
        studentNumber=?
14:18:50,201 DEBUG BaseGeneralDataRegion:59 - Caching[foo.org.hibernate.cache.spi.UpdateTimestampsCache] : [Address] -> [5579091108663296]
14:18:50,201 DEBUG SQL:104 - 
    delete 
    from
        Student_secretCodes 
    where
        studentNumber=?
14:18:50,201 DEBUG BaseGeneralDataRegion:59 - Caching[foo.org.hibernate.cache.spi.UpdateTimestampsCache] : [Student_secretCodes] -> [5579091108663297]
14:18:50,201 DEBUG BaseGeneralDataRegion:59 - Caching[foo.org.hibernate.cache.spi.UpdateTimestampsCache] : [Enrolment] -> [5579091108663298]
14:18:50,201 DEBUG BaseGeneralDataRegion:59 - Caching[foo.org.hibernate.cache.spi.UpdateTimestampsCache] : [Address] -> [5579091108663299]
14:18:50,201 DEBUG SQL:104 - 
    delete 
    from
        Student_secretCodes 
    where
        studentNumber=?
14:18:50,202 DEBUG BaseGeneralDataRegion:59 - Caching[foo.org.hibernate.cache.spi.UpdateTimestampsCache] : [Student_secretCodes] -> [5579091108667392]
14:18:50,202 DEBUG BaseGeneralDataRegion:59 - Caching[foo.org.hibernate.cache.spi.UpdateTimestampsCache] : [CourseMeeting] -> [5579091108667393]
14:18:50,202 DEBUG SQL:104 - 
    delete 
    from
        Enrolment 
    where
        studentId=? 
        and courseCode=?
14:18:50,210 DEBUG BaseGeneralDataRegion:59 - Caching[foo.org.hibernate.cache.spi.UpdateTimestampsCache] : [Enrolment] -> [5579091108700160]
14:18:50,211 DEBUG SQL:104 - 
    delete 
    from
        Address 
    where
        id=?
14:18:50,211 DEBUG BaseGeneralDataRegion:59 - Caching[foo.org.hibernate.cache.spi.UpdateTimestampsCache] : [Address] -> [5579091108704256]
14:18:50,211 DEBUG SQL:104 - 
    delete 
    from
        Address 
    where
        id=?
14:18:50,211 DEBUG BaseGeneralDataRegion:59 - Caching[foo.org.hibernate.cache.spi.UpdateTimestampsCache] : [Address] -> [5579091108704257]
14:18:50,211 DEBUG SQL:104 - 
    delete 
    from
        Student 
    where
        studentId=?
14:18:50,211 DEBUG BaseGeneralDataRegion:59 - Caching[foo.org.hibernate.cache.spi.UpdateTimestampsCache] : [Student] -> [5579091108704258]
14:18:50,212 DEBUG SQL:104 - 
    delete 
    from
        Enrolment 
    where
        studentId=? 
        and courseCode=?
14:18:50,212 DEBUG BaseGeneralDataRegion:59 - Caching[foo.org.hibernate.cache.spi.UpdateTimestampsCache] : [Enrolment] -> [5579091108708352]
14:18:50,212 DEBUG SQL:104 - 
    delete 
    from
        Student 
    where
        studentId=?
14:18:50,212 DEBUG BaseGeneralDataRegion:59 - Caching[foo.org.hibernate.cache.spi.UpdateTimestampsCache] : [Student] -> [5579091108708353]
14:18:50,212 DEBUG SQL:104 - 
    delete 
    from
        CourseMeeting 
    where
        courseCode=? 
        and day=? 
        and period=? 
        and location=?
14:18:50,233 DEBUG BaseGeneralDataRegion:59 - Caching[foo.org.hibernate.cache.spi.UpdateTimestampsCache] : [CourseMeeting] -> [5579091108794368]
14:18:50,233 DEBUG SQL:104 - 
    delete 
    from
        CourseMeeting 
    where
        courseCode=? 
        and day=? 
        and period=? 
        and location=?
14:18:50,233 DEBUG BaseGeneralDataRegion:59 - Caching[foo.org.hibernate.cache.spi.UpdateTimestampsCache] : [CourseMeeting] -> [5579091108794369]
14:18:50,233 DEBUG SQL:104 - 
    delete 
    from
        Course 
    where
        courseCode=?
14:18:50,234 DEBUG BaseGeneralDataRegion:59 - Caching[foo.org.hibernate.cache.spi.UpdateTimestampsCache] : [Course] -> [5579091108798464]
14:18:50,234 DEBUG BaseGeneralDataRegion:59 - Caching[foo.org.hibernate.cache.spi.UpdateTimestampsCache] : [Student] -> [5579090863038465]
14:18:50,234 DEBUG BaseGeneralDataRegion:59 - Caching[foo.org.hibernate.cache.spi.UpdateTimestampsCache] : [Course] -> [5579090863038465]
14:18:50,234 DEBUG BaseGeneralDataRegion:59 - Caching[foo.org.hibernate.cache.spi.UpdateTimestampsCache] : [Enrolment] -> [5579090863038465]
14:18:50,234 DEBUG BaseGeneralDataRegion:59 - Caching[foo.org.hibernate.cache.spi.UpdateTimestampsCache] : [Student_secretCodes] -> [5579090863038465]
14:18:50,234 DEBUG BaseGeneralDataRegion:59 - Caching[foo.org.hibernate.cache.spi.UpdateTimestampsCache] : [Address] -> [5579090863038465]
14:18:50,234 DEBUG BaseGeneralDataRegion:59 - Caching[foo.org.hibernate.cache.spi.UpdateTimestampsCache] : [CourseMeeting] -> [5579090863038465]
14:18:50,243  INFO CustomRunner:139 - Test: testEntityWithJoinFetchedLazyManyToOneList
14:18:50,244 DEBUG SQL:104 - 
    select
        coursemeet_.courseCode,
        coursemeet_.day,
        coursemeet_.period,
        coursemeet_.location 
    from
        CourseMeeting coursemeet_ 
    where
        coursemeet_.courseCode=? 
        and coursemeet_.day=? 
        and coursemeet_.period=? 
        and coursemeet_.location=?
14:18:50,245 DEBUG SQL:104 - 
    select
        coursemeet_.courseCode,
        coursemeet_.day,
        coursemeet_.period,
        coursemeet_.location 
    from
        CourseMeeting coursemeet_ 
    where
        coursemeet_.courseCode=? 
        and coursemeet_.day=? 
        and coursemeet_.period=? 
        and coursemeet_.location=?
14:18:50,255 DEBUG SQL:104 - 
    insert 
    into
        Course
        (description, courseCode) 
    values
        (?, ?)
14:18:50,256 DEBUG BaseGeneralDataRegion:59 - Caching[foo.org.hibernate.cache.spi.UpdateTimestampsCache] : [Course] -> [5579091108888576]
14:18:50,256 DEBUG SQL:104 - 
    insert 
    into
        CourseMeeting
        (courseCode, day, period, location) 
    values
        (?, ?, ?, ?)
14:18:50,256 DEBUG BaseGeneralDataRegion:59 - Caching[foo.org.hibernate.cache.spi.UpdateTimestampsCache] : [CourseMeeting] -> [5579091108888577]
14:18:50,256 DEBUG SQL:104 - 
    insert 
    into
        CourseMeeting
        (courseCode, day, period, location) 
    values
        (?, ?, ?, ?)
14:18:50,256 DEBUG BaseGeneralDataRegion:59 - Caching[foo.org.hibernate.cache.spi.UpdateTimestampsCache] : [CourseMeeting] -> [5579091108888578]
14:18:50,256 DEBUG SQL:104 - 
    insert 
    into
        Student
        (name_first, name_middle, name_last, preferredCourseCode, studentId) 
    values
        (?, ?, ?, ?, ?)
14:18:50,268 DEBUG BaseGeneralDataRegion:59 - Caching[foo.org.hibernate.cache.spi.UpdateTimestampsCache] : [Student] -> [5579091108937728]
14:18:50,268 DEBUG SQL:104 - 
    insert 
    into
        Address
        (addressType, street, city, stateProvince, postalCode, country, studentNumber, id) 
    values
        (?, ?, ?, ?, ?, ?, ?, ?)
14:18:50,269 DEBUG BaseGeneralDataRegion:59 - Caching[foo.org.hibernate.cache.spi.UpdateTimestampsCache] : [Address] -> [5579091108941824]
14:18:50,269 DEBUG SQL:104 - 
    insert 
    into
        Address
        (addressType, street, city, stateProvince, postalCode, country, studentNumber, id) 
    values
        (?, ?, ?, ?, ?, ?, ?, ?)
14:18:50,269 DEBUG BaseGeneralDataRegion:59 - Caching[foo.org.hibernate.cache.spi.UpdateTimestampsCache] : [Address] -> [5579091108941825]
14:18:50,269 DEBUG SQL:104 - 
    insert 
    into
        Student
        (name_first, name_middle, name_last, preferredCourseCode, studentId) 
    values
        (?, ?, ?, ?, ?)
14:18:50,269 DEBUG BaseGeneralDataRegion:59 - Caching[foo.org.hibernate.cache.spi.UpdateTimestampsCache] : [Student] -> [5579091108941826]
14:18:50,269 DEBUG SQL:104 - 
    insert 
    into
        Enrolment
        (semester, "year", studentId, courseCode) 
    values
        (?, ?, ?, ?)
14:18:50,279 DEBUG BaseGeneralDataRegion:59 - Caching[foo.org.hibernate.cache.spi.UpdateTimestampsCache] : [Enrolment] -> [5579091108982784]
14:18:50,279 DEBUG SQL:104 - 
    insert 
    into
        Enrolment
        (semester, "year", studentId, courseCode) 
    values
        (?, ?, ?, ?)
14:18:50,279 DEBUG BaseGeneralDataRegion:59 - Caching[foo.org.hibernate.cache.spi.UpdateTimestampsCache] : [Enrolment] -> [5579091108982785]
14:18:50,280 DEBUG BaseGeneralDataRegion:59 - Caching[foo.org.hibernate.cache.spi.UpdateTimestampsCache] : [CourseMeeting] -> [5579091108986880]
14:18:50,280 DEBUG BaseGeneralDataRegion:59 - Caching[foo.org.hibernate.cache.spi.UpdateTimestampsCache] : [Enrolment] -> [5579091108986881]
14:18:50,280 DEBUG SQL:104 - 
    update
        Address 
    set
        studentNumber=?,
        addressType=? 
    where
        id=?
14:18:50,280 DEBUG SQL:104 - 
    update
        Address 
    set
        studentNumber=?,
        addressType=? 
    where
        id=?
14:18:50,288 DEBUG BaseGeneralDataRegion:59 - Caching[foo.org.hibernate.cache.spi.UpdateTimestampsCache] : [Address] -> [5579091109019648]
14:18:50,288 DEBUG SQL:104 - 
    insert 
    into
        Student_secretCodes
        (studentNumber, i, secretCode) 
    values
        (?, ?, ?)
14:18:50,289 DEBUG BaseGeneralDataRegion:59 - Caching[foo.org.hibernate.cache.spi.UpdateTimestampsCache] : [Student_secretCodes] -> [5579091109023744]
14:18:50,289 DEBUG BaseGeneralDataRegion:59 - Caching[foo.org.hibernate.cache.spi.UpdateTimestampsCache] : [Enrolment] -> [5579091109023745]
14:18:50,289 DEBUG BaseGeneralDataRegion:59 - Caching[foo.org.hibernate.cache.spi.UpdateTimestampsCache] : [Address] -> [5579091109023746]
14:18:50,289 DEBUG SQL:104 - 
    insert 
    into
        Student_secretCodes
        (studentNumber, i, secretCode) 
    values
        (?, ?, ?)
14:18:50,289 DEBUG SQL:104 - 
    insert 
    into
        Student_secretCodes
        (studentNumber, i, secretCode) 
    values
        (?, ?, ?)
14:18:50,289 DEBUG BaseGeneralDataRegion:59 - Caching[foo.org.hibernate.cache.spi.UpdateTimestampsCache] : [Student_secretCodes] -> [5579091109023747]
14:18:50,289 DEBUG BaseGeneralDataRegion:59 - Caching[foo.org.hibernate.cache.spi.UpdateTimestampsCache] : [Student] -> [5579090863263748]
14:18:50,290 DEBUG BaseGeneralDataRegion:59 - Caching[foo.org.hibernate.cache.spi.UpdateTimestampsCache] : [Course] -> [5579090863263748]
14:18:50,303 DEBUG BaseGeneralDataRegion:59 - Caching[foo.org.hibernate.cache.spi.UpdateTimestampsCache] : [Enrolment] -> [5579090863263748]
14:18:50,303 DEBUG BaseGeneralDataRegion:59 - Caching[foo.org.hibernate.cache.spi.UpdateTimestampsCache] : [Student_secretCodes] -> [5579090863263748]
14:18:50,303 DEBUG BaseGeneralDataRegion:59 - Caching[foo.org.hibernate.cache.spi.UpdateTimestampsCache] : [Address] -> [5579090863263748]
14:18:50,303 DEBUG BaseGeneralDataRegion:59 - Caching[foo.org.hibernate.cache.spi.UpdateTimestampsCache] : [CourseMeeting] -> [5579090863263748]
14:18:50,304 DEBUG QueryTranslatorImpl:265 - parse() - HQL: from org.hibernate.test.querycache.Student s left join fetch s.preferredCourse order by s.studentNumber
14:18:50,305 DEBUG QueryTranslatorImpl:283 - --- HQL AST ---
 \-[QUERY] Node: 'query'
    +-[SELECT_FROM] Node: 'SELECT_FROM'
    |  \-[FROM] Node: 'from'
    |     +-[RANGE] Node: 'RANGE'
    |     |  +-[DOT] Node: '.'
    |     |  |  +-[DOT] Node: '.'
    |     |  |  |  +-[DOT] Node: '.'
    |     |  |  |  |  +-[DOT] Node: '.'
    |     |  |  |  |  |  +-[IDENT] Node: 'org'
    |     |  |  |  |  |  \-[IDENT] Node: 'hibernate'
    |     |  |  |  |  \-[IDENT] Node: 'test'
    |     |  |  |  \-[IDENT] Node: 'querycache'
    |     |  |  \-[IDENT] Node: 'Student'
    |     |  \-[ALIAS] Node: 's'
    |     \-[JOIN] Node: 'join'
    |        +-[LEFT] Node: 'left'
    |        +-[FETCH] Node: 'fetch'
    |        \-[DOT] Node: '.'
    |           +-[IDENT] Node: 's'
    |           \-[IDENT] Node: 'preferredCourse'
    \-[ORDER] Node: 'order'
       \-[DOT] Node: '.'
          +-[IDENT] Node: 's'
          \-[IDENT] Node: 'studentNumber'

14:18:50,310 DEBUG ErrorCounter:82 - throwQueryException() : no errors
14:18:50,311 DEBUG FromElement:157 - FromClause{level=1} : org.hibernate.test.querycache.Student (s) -> student0_
14:18:50,311 DEBUG FromReferenceNode:74 - Resolved : s -> student0_.studentId
14:18:50,311 DEBUG DotNode:599 - getDataType() : preferredCourse -> org.hibernate.type.ManyToOneType(org.hibernate.test.querycache.Course)
14:18:50,312 DEBUG DotNode:389 - dereferenceEntityJoin() : generating join for preferredCourse in org.hibernate.test.querycache.Student (<no alias>) parent = [ {null} ]
14:18:50,312 DEBUG FromElement:157 - FromClause{level=1} : org.hibernate.test.querycache.Course (<no alias>) -> course1_
14:18:50,312 DEBUG FromClause:282 - addJoinByPathMap() : s.preferredCourse -> FromElement{explicit,not a collection join,not a fetch join,fetch non-lazy properties,classAlias=null,role=null,tableName=Course,tableAlias=course1_,origin=Student student0_,columns={student0_.preferredCourseCode ,className=org.hibernate.test.querycache.Course}}
14:18:50,312 DEBUG FromReferenceNode:74 - Resolved : s.preferredCourse -> student0_.preferredCourseCode
14:18:50,312 DEBUG HqlSqlWalker:403 - createFromJoinElement() : -- join tree --
 \-[JOIN_FRAGMENT] FromElement: 'Course course1_' FromElement{explicit,not a collection join,fetch join,fetch non-lazy properties,classAlias=null,role=null,tableName=Course,tableAlias=course1_,origin=Student student0_,columns={student0_.preferredCourseCode ,className=org.hibernate.test.querycache.Course}}

14:18:50,312 DEBUG FromReferenceNode:74 - Resolved : s -> student0_.studentId
14:18:50,312 DEBUG DotNode:599 - getDataType() : studentNumber -> org.hibernate.type.LongType@4bf3f9d
14:18:50,313 DEBUG FromReferenceNode:74 - Resolved : s.studentNumber -> student0_.studentId
14:18:50,313 DEBUG HqlSqlWalker:629 - processQuery() :  ( SELECT ( FromClause{level=1} ( Student student0_ Course course1_ ) ) ( order ( student0_.studentId student0_.studentId studentNumber ) ) )
14:18:50,313 DEBUG HqlSqlWalker:869 - Derived SELECT clause created.
14:18:50,313 DEBUG JoinProcessor:175 - Using FROM fragment [Student student0_]
14:18:50,313 DEBUG JoinProcessor:175 - Using FROM fragment [left outer join Course course1_ on student0_.preferredCourseCode=course1_.courseCode]
14:18:50,313 DEBUG QueryTranslatorImpl:252 - --- SQL AST ---
 \-[SELECT] QueryNode: 'SELECT'  querySpaces (Student,Course)
    +-[SELECT_CLAUSE] SelectClause: '{derived select clause}'
    |  +-[SELECT_EXPR] SelectExpressionImpl: 'student0_.studentId as studentId4_0_' {FromElement{explicit,not a collection join,not a fetch join,fetch non-lazy properties,classAlias=s,role=null,tableName=Student,tableAlias=student0_,origin=null,columns={,className=org.hibernate.test.querycache.Student}}}
    |  +-[SELECT_EXPR] SelectExpressionImpl: 'course1_.courseCode as courseCode1_1_' {FromElement{explicit,not a collection join,fetch join,fetch non-lazy properties,classAlias=null,role=null,tableName=Course,tableAlias=course1_,origin=Student student0_,columns={student0_.preferredCourseCode ,className=org.hibernate.test.querycache.Course}}}
    |  +-[SQL_TOKEN] SqlFragment: 'student0_.name_first as name2_4_0_, student0_.name_middle as name3_4_0_, student0_.name_last as name4_4_0_, student0_.preferredCourseCode as preferre5_4_0_'
    |  \-[SQL_TOKEN] SqlFragment: 'course1_.description as descript2_1_1_'
    +-[FROM] FromClause: 'from' FromClause{level=1, fromElementCounter=2, fromElements=2, fromElementByClassAlias=[s], fromElementByTableAlias=[student0_, course1_], fromElementsByPath=[s.preferredCourse], collectionJoinFromElementsByPath=[], impliedElements=[]}
    |  \-[FROM_FRAGMENT] FromElement: 'Student student0_' FromElement{explicit,not a collection join,not a fetch join,fetch non-lazy properties,classAlias=s,role=null,tableName=Student,tableAlias=student0_,origin=null,columns={,className=org.hibernate.test.querycache.Student}}
    |     \-[JOIN_FRAGMENT] FromElement: 'left outer join Course course1_ on student0_.preferredCourseCode=course1_.courseCode' FromElement{explicit,not a collection join,fetch join,fetch non-lazy properties,classAlias=null,role=null,tableName=Course,tableAlias=course1_,origin=Student student0_,columns={student0_.preferredCourseCode ,className=org.hibernate.test.querycache.Course}}
    \-[ORDER] OrderByClause: 'order'
       \-[DOT] DotNode: 'student0_.studentId' {propertyName=studentNumber,dereferenceType=ALL,propertyPath=studentNumber,path=s.studentNumber,tableAlias=student0_,className=org.hibernate.test.querycache.Student,classAlias=s}
          +-[ALIAS_REF] IdentNode: 'student0_.studentId' {alias=s, className=org.hibernate.test.querycache.Student, tableAlias=student0_}
          \-[IDENT] IdentNode: 'studentNumber' {originalText=studentNumber}

14:18:50,313 DEBUG ErrorCounter:82 - throwQueryException() : no errors
14:18:50,314 DEBUG QueryTranslatorImpl:235 - HQL: from org.hibernate.test.querycache.Student s left join fetch s.preferredCourse order by s.studentNumber
14:18:50,314 DEBUG QueryTranslatorImpl:236 - SQL: select student0_.studentId as studentId4_0_, course1_.courseCode as courseCode1_1_, student0_.name_first as name2_4_0_, student0_.name_middle as name3_4_0_, student0_.name_last as name4_4_0_, student0_.preferredCourseCode as preferre5_4_0_, course1_.description as descript2_1_1_ from Student student0_ left outer join Course course1_ on student0_.preferredCourseCode=course1_.courseCode order by student0_.studentId
14:18:50,314 DEBUG ErrorCounter:82 - throwQueryException() : no errors
14:18:50,314 DEBUG SQL:104 - 
    select
        student0_.studentId as studentId4_0_,
        course1_.courseCode as courseCode1_1_,
        student0_.name_first as name2_4_0_,
        student0_.name_middle as name3_4_0_,
        student0_.name_last as name4_4_0_,
        student0_.preferredCourseCode as preferre5_4_0_,
        course1_.description as descript2_1_1_ 
    from
        Student student0_ 
    left outer join
        Course course1_ 
            on student0_.preferredCourseCode=course1_.courseCode 
    order by
        student0_.studentId
14:18:50,315 DEBUG SQL:104 - 
    select
        secretcode0_.studentNumber as studentN1_4_0_,
        secretcode0_.secretCode as secretCode5_0_,
        secretcode0_.i as i0_ 
    from
        Student_secretCodes secretcode0_ 
    where
        secretcode0_.studentNumber=?
14:18:50,325 DEBUG SQL:104 - 
    select
        coursemeet0_.courseCode as courseCode1_1_,
        coursemeet0_.courseCode as courseCode2_1_,
        coursemeet0_.day as day2_1_,
        coursemeet0_.period as period2_1_,
        coursemeet0_.location as location2_1_,
        coursemeet0_.courseCode as courseCode2_0_,
        coursemeet0_.day as day2_0_,
        coursemeet0_.period as period2_0_,
        coursemeet0_.location as location2_0_ 
    from
        CourseMeeting coursemeet0_ 
    where
        coursemeet0_.courseCode=?
14:18:50,326 DEBUG SQL:104 - 
    select
        secretcode0_.studentNumber as studentN1_4_0_,
        secretcode0_.secretCode as secretCode5_0_,
        secretcode0_.i as i0_ 
    from
        Student_secretCodes secretcode0_ 
    where
        secretcode0_.studentNumber=?
14:18:50,326 DEBUG BaseGeneralDataRegion:59 - Caching[foo.org.hibernate.cache.internal.StandardQueryCache] : [sql: select student0_.studentId as studentId4_0_, course1_.courseCode as courseCode1_1_, student0_.name_first as name2_4_0_, student0_.name_middle as name3_4_0_, student0_.name_last as name4_4_0_, student0_.preferredCourseCode as preferre5_4_0_, course1_.description as descript2_1_1_ from Student student0_ left outer join Course course1_ on student0_.preferredCourseCode=course1_.courseCode order by student0_.studentId; parameters: ; named parameters: {}; transformer: org.hibernate.transform.CacheableResultTransformer@138f59] -> [[5579090863415296, 111, 999]]
14:18:50,327 DEBUG SQL:104 - 
    select
        student0_.studentId as studentId4_0_,
        course1_.courseCode as courseCode1_1_,
        student0_.name_first as name2_4_0_,
        student0_.name_middle as name3_4_0_,
        student0_.name_last as name4_4_0_,
        student0_.preferredCourseCode as preferre5_4_0_,
        course1_.description as descript2_1_1_ 
    from
        Student student0_ 
    left outer join
        Course course1_ 
            on student0_.preferredCourseCode=course1_.courseCode 
    order by
        student0_.studentId
14:18:50,336 DEBUG SQL:104 - 
    select
        secretcode0_.studentNumber as studentN1_4_0_,
        secretcode0_.secretCode as secretCode5_0_,
        secretcode0_.i as i0_ 
    from
        Student_secretCodes secretcode0_ 
    where
        secretcode0_.studentNumber=?
14:18:50,336 DEBUG SQL:104 - 
    select
        coursemeet0_.courseCode as courseCode1_1_,
        coursemeet0_.courseCode as courseCode2_1_,
        coursemeet0_.day as day2_1_,
        coursemeet0_.period as period2_1_,
        coursemeet0_.location as location2_1_,
        coursemeet0_.courseCode as courseCode2_0_,
        coursemeet0_.day as day2_0_,
        coursemeet0_.period as period2_0_,
        coursemeet0_.location as location2_0_ 
    from
        CourseMeeting coursemeet0_ 
    where
        coursemeet0_.courseCode=?
14:18:50,337 DEBUG SQL:104 - 
    select
        secretcode0_.studentNumber as studentN1_4_0_,
        secretcode0_.secretCode as secretCode5_0_,
        secretcode0_.i as i0_ 
    from
        Student_secretCodes secretcode0_ 
    where
        secretcode0_.studentNumber=?
14:18:50,358 DEBUG BaseGeneralDataRegion:59 - Caching[foo.org.hibernate.cache.internal.StandardQueryCache] : [sql: select student0_.studentId as studentId4_0_, course1_.courseCode as courseCode1_1_, student0_.name_first as name2_4_0_, student0_.name_middle as name3_4_0_, student0_.name_last as name4_4_0_, student0_.preferredCourseCode as preferre5_4_0_, course1_.description as descript2_1_1_ from Student student0_ left outer join Course course1_ on student0_.preferredCourseCode=course1_.courseCode order by student0_.studentId; parameters: ; named parameters: {}; transformer: org.hibernate.transform.CacheableResultTransformer@138f59] -> [[5579090863546368, 111, 999]]
14:18:50,359 DEBUG SQL:104 - 
    select
        student_.studentId,
        student_.name_first as name2_4_,
        student_.name_middle as name3_4_,
        student_.name_last as name4_4_,
        student_.preferredCourseCode as preferre5_4_ 
    from
        Student student_ 
    where
        student_.studentId=?
14:18:50,359 DEBUG SQL:104 - 
    select
        enrolment_.studentId,
        enrolment_.courseCode,
        enrolment_.semester as semester3_,
        enrolment_."year" as year4_3_ 
    from
        Enrolment enrolment_ 
    where
        enrolment_.studentId=? 
        and enrolment_.courseCode=?
14:18:50,359 DEBUG SQL:104 - 
    select
        course_.courseCode,
        course_.description as descript2_1_ 
    from
        Course course_ 
    where
        course_.courseCode=?
14:18:50,368 DEBUG SQL:104 - 
    select
        student_.studentId,
        student_.name_first as name2_4_,
        student_.name_middle as name3_4_,
        student_.name_last as name4_4_,
        student_.preferredCourseCode as preferre5_4_ 
    from
        Student student_ 
    where
        student_.studentId=?
14:18:50,368 DEBUG SQL:104 - 
    select
        enrolment_.studentId,
        enrolment_.courseCode,
        enrolment_.semester as semester3_,
        enrolment_."year" as year4_3_ 
    from
        Enrolment enrolment_ 
    where
        enrolment_.studentId=? 
        and enrolment_.courseCode=?
14:18:50,368 DEBUG SQL:104 - 
    select
        coursemeet_.courseCode,
        coursemeet_.day,
        coursemeet_.period,
        coursemeet_.location 
    from
        CourseMeeting coursemeet_ 
    where
        coursemeet_.courseCode=? 
        and coursemeet_.day=? 
        and coursemeet_.period=? 
        and coursemeet_.location=?
14:18:50,380 DEBUG SQL:104 - 
    select
        coursemeet_.courseCode,
        coursemeet_.day,
        coursemeet_.period,
        coursemeet_.location 
    from
        CourseMeeting coursemeet_ 
    where
        coursemeet_.courseCode=? 
        and coursemeet_.day=? 
        and coursemeet_.period=? 
        and coursemeet_.location=?
14:18:50,381 DEBUG BaseGeneralDataRegion:59 - Caching[foo.org.hibernate.cache.spi.UpdateTimestampsCache] : [Enrolment] -> [5579091109400576]
14:18:50,381 DEBUG SQL:104 - 
    update
        Address 
    set
        studentNumber=null,
        addressType=null 
    where
        studentNumber=?
14:18:50,390 DEBUG BaseGeneralDataRegion:59 - Caching[foo.org.hibernate.cache.spi.UpdateTimestampsCache] : [Address] -> [5579091109437440]
14:18:50,391 DEBUG SQL:104 - 
    delete 
    from
        Student_secretCodes 
    where
        studentNumber=?
14:18:50,391 DEBUG BaseGeneralDataRegion:59 - Caching[foo.org.hibernate.cache.spi.UpdateTimestampsCache] : [Student_secretCodes] -> [5579091109441536]
14:18:50,391 DEBUG BaseGeneralDataRegion:59 - Caching[foo.org.hibernate.cache.spi.UpdateTimestampsCache] : [Enrolment] -> [5579091109441537]
14:18:50,391 DEBUG BaseGeneralDataRegion:59 - Caching[foo.org.hibernate.cache.spi.UpdateTimestampsCache] : [Address] -> [5579091109441538]
14:18:50,391 DEBUG SQL:104 - 
    delete 
    from
        Student_secretCodes 
    where
        studentNumber=?
14:18:50,391 DEBUG BaseGeneralDataRegion:59 - Caching[foo.org.hibernate.cache.spi.UpdateTimestampsCache] : [Student_secretCodes] -> [5579091109441539]
14:18:50,391 DEBUG BaseGeneralDataRegion:59 - Caching[foo.org.hibernate.cache.spi.UpdateTimestampsCache] : [CourseMeeting] -> [5579091109441540]
14:18:50,392 DEBUG SQL:104 - 
    delete 
    from
        Enrolment 
    where
        studentId=? 
        and courseCode=?
14:18:50,394 DEBUG BaseGeneralDataRegion:59 - Caching[foo.org.hibernate.cache.spi.UpdateTimestampsCache] : [Enrolment] -> [5579091109445632]
14:18:50,394 DEBUG SQL:104 - 
    delete 
    from
        Address 
    where
        id=?
14:18:50,402 DEBUG BaseGeneralDataRegion:59 - Caching[foo.org.hibernate.cache.spi.UpdateTimestampsCache] : [Address] -> [5579091109486592]
14:18:50,403 DEBUG SQL:104 - 
    delete 
    from
        Address 
    where
        id=?
14:18:50,403 DEBUG BaseGeneralDataRegion:59 - Caching[foo.org.hibernate.cache.spi.UpdateTimestampsCache] : [Address] -> [5579091109490688]
14:18:50,403 DEBUG SQL:104 - 
    delete 
    from
        Student 
    where
        studentId=?
14:18:50,403 DEBUG BaseGeneralDataRegion:59 - Caching[foo.org.hibernate.cache.spi.UpdateTimestampsCache] : [Student] -> [5579091109490689]
14:18:50,403 DEBUG SQL:104 - 
    delete 
    from
        Enrolment 
    where
        studentId=? 
        and courseCode=?
14:18:50,403 DEBUG BaseGeneralDataRegion:59 - Caching[foo.org.hibernate.cache.spi.UpdateTimestampsCache] : [Enrolment] -> [5579091109490690]
14:18:50,404 DEBUG SQL:104 - 
    delete 
    from
        Student 
    where
        studentId=?
14:18:50,413 DEBUG BaseGeneralDataRegion:59 - Caching[foo.org.hibernate.cache.spi.UpdateTimestampsCache] : [Student] -> [5579091109531648]
14:18:50,413 DEBUG SQL:104 - 
    delete 
    from
        CourseMeeting 
    where
        courseCode=? 
        and day=? 
        and period=? 
        and location=?
14:18:50,413 DEBUG BaseGeneralDataRegion:59 - Caching[foo.org.hibernate.cache.spi.UpdateTimestampsCache] : [CourseMeeting] -> [5579091109531649]
14:18:50,413 DEBUG SQL:104 - 
    delete 
    from
        CourseMeeting 
    where
        courseCode=? 
        and day=? 
        and period=? 
        and location=?
14:18:50,413 DEBUG BaseGeneralDataRegion:59 - Caching[foo.org.hibernate.cache.spi.UpdateTimestampsCache] : [CourseMeeting] -> [5579091109531650]
14:18:50,414 DEBUG SQL:104 - 
    delete 
    from
        Course 
    where
        courseCode=?
14:18:50,422 DEBUG BaseGeneralDataRegion:59 - Caching[foo.org.hibernate.cache.spi.UpdateTimestampsCache] : [Course] -> [5579091109568512]
14:18:50,423 DEBUG BaseGeneralDataRegion:59 - Caching[foo.org.hibernate.cache.spi.UpdateTimestampsCache] : [Student] -> [5579090863812608]
14:18:50,423 DEBUG BaseGeneralDataRegion:59 - Caching[foo.org.hibernate.cache.spi.UpdateTimestampsCache] : [Course] -> [5579090863812608]
14:18:50,423 DEBUG BaseGeneralDataRegion:59 - Caching[foo.org.hibernate.cache.spi.UpdateTimestampsCache] : [Enrolment] -> [5579090863812608]
14:18:50,423 DEBUG BaseGeneralDataRegion:59 - Caching[foo.org.hibernate.cache.spi.UpdateTimestampsCache] : [Student_secretCodes] -> [5579090863812608]
14:18:50,423 DEBUG BaseGeneralDataRegion:59 - Caching[foo.org.hibernate.cache.spi.UpdateTimestampsCache] : [Address] -> [5579090863812608]
14:18:50,423 DEBUG BaseGeneralDataRegion:59 - Caching[foo.org.hibernate.cache.spi.UpdateTimestampsCache] : [CourseMeeting] -> [5579090863812608]
14:18:50,424 DEBUG SQL:104 - 
    select
        coursemeet_.courseCode,
        coursemeet_.day,
        coursemeet_.period,
        coursemeet_.location 
    from
        CourseMeeting coursemeet_ 
    where
        coursemeet_.courseCode=? 
        and coursemeet_.day=? 
        and coursemeet_.period=? 
        and coursemeet_.location=?
14:18:50,424 DEBUG SQL:104 - 
    select
        coursemeet_.courseCode,
        coursemeet_.day,
        coursemeet_.period,
        coursemeet_.location 
    from
        CourseMeeting coursemeet_ 
    where
        coursemeet_.courseCode=? 
        and coursemeet_.day=? 
        and coursemeet_.period=? 
        and coursemeet_.location=?
14:18:50,433 DEBUG SQL:104 - 
    insert 
    into
        Course
        (description, courseCode) 
    values
        (?, ?)
14:18:50,433 DEBUG BaseGeneralDataRegion:59 - Caching[foo.org.hibernate.cache.spi.UpdateTimestampsCache] : [Course] -> [5579091109613568]
14:18:50,433 DEBUG SQL:104 - 
    insert 
    into
        CourseMeeting
        (courseCode, day, period, location) 
    values
        (?, ?, ?, ?)
14:18:50,433 DEBUG BaseGeneralDataRegion:59 - Caching[foo.org.hibernate.cache.spi.UpdateTimestampsCache] : [CourseMeeting] -> [5579091109613569]
14:18:50,433 DEBUG SQL:104 - 
    insert 
    into
        CourseMeeting
        (courseCode, day, period, location) 
    values
        (?, ?, ?, ?)
14:18:50,434 DEBUG BaseGeneralDataRegion:59 - Caching[foo.org.hibernate.cache.spi.UpdateTimestampsCache] : [CourseMeeting] -> [5579091109617664]
14:18:50,444 DEBUG SQL:104 - 
    insert 
    into
        Student
        (name_first, name_middle, name_last, preferredCourseCode, studentId) 
    values
        (?, ?, ?, ?, ?)
14:18:50,444 DEBUG BaseGeneralDataRegion:59 - Caching[foo.org.hibernate.cache.spi.UpdateTimestampsCache] : [Student] -> [5579091109658624]
14:18:50,444 DEBUG SQL:104 - 
    insert 
    into
        Address
        (addressType, street, city, stateProvince, postalCode, country, studentNumber, id) 
    values
        (?, ?, ?, ?, ?, ?, ?, ?)
14:18:50,445 DEBUG BaseGeneralDataRegion:59 - Caching[foo.org.hibernate.cache.spi.UpdateTimestampsCache] : [Address] -> [5579091109658625]
14:18:50,445 DEBUG SQL:104 - 
    insert 
    into
        Address
        (addressType, street, city, stateProvince, postalCode, country, studentNumber, id) 
    values
        (?, ?, ?, ?, ?, ?, ?, ?)
14:18:50,445 DEBUG BaseGeneralDataRegion:59 - Caching[foo.org.hibernate.cache.spi.UpdateTimestampsCache] : [Address] -> [5579091109662720]
14:18:50,445 DEBUG SQL:104 - 
    insert 
    into
        Student
        (name_first, name_middle, name_last, preferredCourseCode, studentId) 
    values
        (?, ?, ?, ?, ?)
14:18:50,445 DEBUG BaseGeneralDataRegion:59 - Caching[foo.org.hibernate.cache.spi.UpdateTimestampsCache] : [Student] -> [5579091109662721]
14:18:50,445 DEBUG SQL:104 - 
    insert 
    into
        Enrolment
        (semester, "year", studentId, courseCode) 
    values
        (?, ?, ?, ?)
14:18:50,445 DEBUG BaseGeneralDataRegion:59 - Caching[foo.org.hibernate.cache.spi.UpdateTimestampsCache] : [Enrolment] -> [5579091109662722]
14:18:50,445 DEBUG SQL:104 - 
    insert 
    into
        Enrolment
        (semester, "year", studentId, courseCode) 
    values
        (?, ?, ?, ?)
14:18:50,446 DEBUG BaseGeneralDataRegion:59 - Caching[foo.org.hibernate.cache.spi.UpdateTimestampsCache] : [Enrolment] -> [5579091109666816]
14:18:50,446 DEBUG BaseGeneralDataRegion:59 - Caching[foo.org.hibernate.cache.spi.UpdateTimestampsCache] : [CourseMeeting] -> [5579091109666817]
14:18:50,446 DEBUG BaseGeneralDataRegion:59 - Caching[foo.org.hibernate.cache.spi.UpdateTimestampsCache] : [Enrolment] -> [5579091109666818]
14:18:50,446 DEBUG SQL:104 - 
    update
        Address 
    set
        studentNumber=?,
        addressType=? 
    where
        id=?
14:18:50,446 DEBUG SQL:104 - 
    update
        Address 
    set
        studentNumber=?,
        addressType=? 
    where
        id=?
14:18:50,459 DEBUG BaseGeneralDataRegion:59 - Caching[foo.org.hibernate.cache.spi.UpdateTimestampsCache] : [Address] -> [5579091109720064]
14:18:50,460 DEBUG SQL:104 - 
    insert 
    into
        Student_secretCodes
        (studentNumber, i, secretCode) 
    values
        (?, ?, ?)
14:18:50,460 DEBUG BaseGeneralDataRegion:59 - Caching[foo.org.hibernate.cache.spi.UpdateTimestampsCache] : [Student_secretCodes] -> [5579091109724160]
14:18:50,460 DEBUG BaseGeneralDataRegion:59 - Caching[foo.org.hibernate.cache.spi.UpdateTimestampsCache] : [Enrolment] -> [5579091109724161]
14:18:50,460 DEBUG BaseGeneralDataRegion:59 - Caching[foo.org.hibernate.cache.spi.UpdateTimestampsCache] : [Address] -> [5579091109724162]
14:18:50,460 DEBUG SQL:104 - 
    insert 
    into
        Student_secretCodes
        (studentNumber, i, secretCode) 
    values
        (?, ?, ?)
14:18:50,460 DEBUG SQL:104 - 
    insert 
    into
        Student_secretCodes
        (studentNumber, i, secretCode) 
    values
        (?, ?, ?)
14:18:50,472 DEBUG BaseGeneralDataRegion:59 - Caching[foo.org.hibernate.cache.spi.UpdateTimestampsCache] : [Student_secretCodes] -> [5579091109773312]
14:18:50,472 DEBUG BaseGeneralDataRegion:59 - Caching[foo.org.hibernate.cache.spi.UpdateTimestampsCache] : [Student] -> [5579090864013313]
14:18:50,472 DEBUG BaseGeneralDataRegion:59 - Caching[foo.org.hibernate.cache.spi.UpdateTimestampsCache] : [Course] -> [5579090864013313]
14:18:50,472 DEBUG BaseGeneralDataRegion:59 - Caching[foo.org.hibernate.cache.spi.UpdateTimestampsCache] : [Enrolment] -> [5579090864013313]
14:18:50,472 DEBUG BaseGeneralDataRegion:59 - Caching[foo.org.hibernate.cache.spi.UpdateTimestampsCache] : [Student_secretCodes] -> [5579090864013313]
14:18:50,472 DEBUG BaseGeneralDataRegion:59 - Caching[foo.org.hibernate.cache.spi.UpdateTimestampsCache] : [Address] -> [5579090864013313]
14:18:50,472 DEBUG BaseGeneralDataRegion:59 - Caching[foo.org.hibernate.cache.spi.UpdateTimestampsCache] : [CourseMeeting] -> [5579090864013313]
14:18:50,473 DEBUG QueryTranslatorImpl:265 - parse() - HQL: from org.hibernate.test.querycache.Student s left join fetch s.preferredCourse pCourse order by s.studentNumber
14:18:50,474 DEBUG QueryTranslatorImpl:283 - --- HQL AST ---
 \-[QUERY] Node: 'query'
    +-[SELECT_FROM] Node: 'SELECT_FROM'
    |  \-[FROM] Node: 'from'
    |     +-[RANGE] Node: 'RANGE'
    |     |  +-[DOT] Node: '.'
    |     |  |  +-[DOT] Node: '.'
    |     |  |  |  +-[DOT] Node: '.'
    |     |  |  |  |  +-[DOT] Node: '.'
    |     |  |  |  |  |  +-[IDENT] Node: 'org'
    |     |  |  |  |  |  \-[IDENT] Node: 'hibernate'
    |     |  |  |  |  \-[IDENT] Node: 'test'
    |     |  |  |  \-[IDENT] Node: 'querycache'
    |     |  |  \-[IDENT] Node: 'Student'
    |     |  \-[ALIAS] Node: 's'
    |     \-[JOIN] Node: 'join'
    |        +-[LEFT] Node: 'left'
    |        +-[FETCH] Node: 'fetch'
    |        +-[DOT] Node: '.'
    |        |  +-[IDENT] Node: 's'
    |        |  \-[IDENT] Node: 'preferredCourse'
    |        \-[ALIAS] Node: 'pCourse'
    \-[ORDER] Node: 'order'
       \-[DOT] Node: '.'
          +-[IDENT] Node: 's'
          \-[IDENT] Node: 'studentNumber'

14:18:50,474 DEBUG ErrorCounter:82 - throwQueryException() : no errors
14:18:50,474 DEBUG FromElement:157 - FromClause{level=1} : org.hibernate.test.querycache.Student (s) -> student0_
14:18:50,475 DEBUG FromReferenceNode:74 - Resolved : s -> student0_.studentId
14:18:50,475 DEBUG DotNode:599 - getDataType() : preferredCourse -> org.hibernate.type.ManyToOneType(org.hibernate.test.querycache.Course)
14:18:50,475 DEBUG DotNode:389 - dereferenceEntityJoin() : generating join for preferredCourse in org.hibernate.test.querycache.Student (pCourse) parent = [ {null} ]
14:18:50,475 DEBUG FromElement:157 - FromClause{level=1} : org.hibernate.test.querycache.Course (pCourse) -> course1_
14:18:50,475 DEBUG FromClause:282 - addJoinByPathMap() : s.preferredCourse -> FromElement{explicit,not a collection join,not a fetch join,fetch non-lazy properties,classAlias=pCourse,role=null,tableName=Course,tableAlias=course1_,origin=Student student0_,columns={student0_.preferredCourseCode ,className=org.hibernate.test.querycache.Course}}
14:18:50,475 DEBUG FromReferenceNode:74 - Resolved : s.preferredCourse -> student0_.preferredCourseCode
14:18:50,505 DEBUG HqlSqlWalker:403 - createFromJoinElement() : -- join tree --
 \-[JOIN_FRAGMENT] FromElement: 'Course course1_' FromElement{explicit,not a collection join,fetch join,fetch non-lazy properties,classAlias=pCourse,role=null,tableName=Course,tableAlias=course1_,origin=Student student0_,columns={student0_.preferredCourseCode ,className=org.hibernate.test.querycache.Course}}

14:18:50,506 DEBUG FromReferenceNode:74 - Resolved : s -> student0_.studentId
14:18:50,506 DEBUG DotNode:599 - getDataType() : studentNumber -> org.hibernate.type.LongType@4bf3f9d
14:18:50,506 DEBUG FromReferenceNode:74 - Resolved : s.studentNumber -> student0_.studentId
14:18:50,507 DEBUG HqlSqlWalker:629 - processQuery() :  ( SELECT ( FromClause{level=1} ( Student student0_ Course course1_ ) ) ( order ( student0_.studentId student0_.studentId studentNumber ) ) )
14:18:50,507 DEBUG HqlSqlWalker:869 - Derived SELECT clause created.
14:18:50,507 DEBUG JoinProcessor:175 - Using FROM fragment [Student student0_]
14:18:50,507 DEBUG JoinProcessor:175 - Using FROM fragment [left outer join Course course1_ on student0_.preferredCourseCode=course1_.courseCode]
14:18:50,507 DEBUG QueryTranslatorImpl:252 - --- SQL AST ---
 \-[SELECT] QueryNode: 'SELECT'  querySpaces (Student,Course)
    +-[SELECT_CLAUSE] SelectClause: '{derived select clause}'
    |  +-[SELECT_EXPR] SelectExpressionImpl: 'student0_.studentId as studentId4_0_' {FromElement{explicit,not a collection join,not a fetch join,fetch non-lazy properties,classAlias=s,role=null,tableName=Student,tableAlias=student0_,origin=null,columns={,className=org.hibernate.test.querycache.Student}}}
    |  +-[SELECT_EXPR] SelectExpressionImpl: 'course1_.courseCode as courseCode1_1_' {FromElement{explicit,not a collection join,fetch join,fetch non-lazy properties,classAlias=pCourse,role=null,tableName=Course,tableAlias=course1_,origin=Student student0_,columns={student0_.preferredCourseCode ,className=org.hibernate.test.querycache.Course}}}
    |  +-[SQL_TOKEN] SqlFragment: 'student0_.name_first as name2_4_0_, student0_.name_middle as name3_4_0_, student0_.name_last as name4_4_0_, student0_.preferredCourseCode as preferre5_4_0_'
    |  \-[SQL_TOKEN] SqlFragment: 'course1_.description as descript2_1_1_'
    +-[FROM] FromClause: 'from' FromClause{level=1, fromElementCounter=2, fromElements=2, fromElementByClassAlias=[s, pCourse], fromElementByTableAlias=[student0_, course1_], fromElementsByPath=[s.preferredCourse], collectionJoinFromElementsByPath=[], impliedElements=[]}
    |  \-[FROM_FRAGMENT] FromElement: 'Student student0_' FromElement{explicit,not a collection join,not a fetch join,fetch non-lazy properties,classAlias=s,role=null,tableName=Student,tableAlias=student0_,origin=null,columns={,className=org.hibernate.test.querycache.Student}}
    |     \-[JOIN_FRAGMENT] FromElement: 'left outer join Course course1_ on student0_.preferredCourseCode=course1_.courseCode' FromElement{explicit,not a collection join,fetch join,fetch non-lazy properties,classAlias=pCourse,role=null,tableName=Course,tableAlias=course1_,origin=Student student0_,columns={student0_.preferredCourseCode ,className=org.hibernate.test.querycache.Course}}
    \-[ORDER] OrderByClause: 'order'
       \-[DOT] DotNode: 'student0_.studentId' {propertyName=studentNumber,dereferenceType=ALL,propertyPath=studentNumber,path=s.studentNumber,tableAlias=student0_,className=org.hibernate.test.querycache.Student,classAlias=s}
          +-[ALIAS_REF] IdentNode: 'student0_.studentId' {alias=s, className=org.hibernate.test.querycache.Student, tableAlias=student0_}
          \-[IDENT] IdentNode: 'studentNumber' {originalText=studentNumber}

14:18:50,507 DEBUG ErrorCounter:82 - throwQueryException() : no errors
14:18:50,508 DEBUG QueryTranslatorImpl:235 - HQL: from org.hibernate.test.querycache.Student s left join fetch s.preferredCourse pCourse order by s.studentNumber
14:18:50,508 DEBUG QueryTranslatorImpl:236 - SQL: select student0_.studentId as studentId4_0_, course1_.courseCode as courseCode1_1_, student0_.name_first as name2_4_0_, student0_.name_middle as name3_4_0_, student0_.name_last as name4_4_0_, student0_.preferredCourseCode as preferre5_4_0_, course1_.description as descript2_1_1_ from Student student0_ left outer join Course course1_ on student0_.preferredCourseCode=course1_.courseCode order by student0_.studentId
14:18:50,508 DEBUG ErrorCounter:82 - throwQueryException() : no errors
14:18:50,508 DEBUG SQL:104 - 
    select
        student0_.studentId as studentId4_0_,
        course1_.courseCode as courseCode1_1_,
        student0_.name_first as name2_4_0_,
        student0_.name_middle as name3_4_0_,
        student0_.name_last as name4_4_0_,
        student0_.preferredCourseCode as preferre5_4_0_,
        course1_.description as descript2_1_1_ 
    from
        Student student0_ 
    left outer join
        Course course1_ 
            on student0_.preferredCourseCode=course1_.courseCode 
    order by
        student0_.studentId
14:18:50,509 DEBUG SQL:104 - 
    select
        secretcode0_.studentNumber as studentN1_4_0_,
        secretcode0_.secretCode as secretCode5_0_,
        secretcode0_.i as i0_ 
    from
        Student_secretCodes secretcode0_ 
    where
        secretcode0_.studentNumber=?
14:18:50,509 DEBUG SQL:104 - 
    select
        coursemeet0_.courseCode as courseCode1_1_,
        coursemeet0_.courseCode as courseCode2_1_,
        coursemeet0_.day as day2_1_,
        coursemeet0_.period as period2_1_,
        coursemeet0_.location as location2_1_,
        coursemeet0_.courseCode as courseCode2_0_,
        coursemeet0_.day as day2_0_,
        coursemeet0_.period as period2_0_,
        coursemeet0_.location as location2_0_ 
    from
        CourseMeeting coursemeet0_ 
    where
        coursemeet0_.courseCode=?
14:18:50,509 DEBUG SQL:104 - 
    select
        secretcode0_.studentNumber as studentN1_4_0_,
        secretcode0_.secretCode as secretCode5_0_,
        secretcode0_.i as i0_ 
    from
        Student_secretCodes secretcode0_ 
    where
        secretcode0_.studentNumber=?
14:18:50,531 DEBUG BaseGeneralDataRegion:59 - Caching[foo.org.hibernate.cache.internal.StandardQueryCache] : [sql: select student0_.studentId as studentId4_0_, course1_.courseCode as courseCode1_1_, student0_.name_first as name2_4_0_, student0_.name_middle as name3_4_0_, student0_.name_last as name4_4_0_, student0_.preferredCourseCode as preferre5_4_0_, course1_.description as descript2_1_1_ from Student student0_ left outer join Course course1_ on student0_.preferredCourseCode=course1_.courseCode order by student0_.studentId; parameters: ; named parameters: {}; transformer: org.hibernate.transform.CacheableResultTransformer@138f59] -> [[5579090864254976, 111, 999]]
14:18:50,532 DEBUG SQL:104 - 
    select
        student0_.studentId as studentId4_0_,
        course1_.courseCode as courseCode1_1_,
        student0_.name_first as name2_4_0_,
        student0_.name_middle as name3_4_0_,
        student0_.name_last as name4_4_0_,
        student0_.preferredCourseCode as preferre5_4_0_,
        course1_.description as descript2_1_1_ 
    from
        Student student0_ 
    left outer join
        Course course1_ 
            on student0_.preferredCourseCode=course1_.courseCode 
    order by
        student0_.studentId
14:18:50,533 DEBUG SQL:104 - 
    select
        secretcode0_.studentNumber as studentN1_4_0_,
        secretcode0_.secretCode as secretCode5_0_,
        secretcode0_.i as i0_ 
    from
        Student_secretCodes secretcode0_ 
    where
        secretcode0_.studentNumber=?
14:18:50,544 DEBUG SQL:104 - 
    select
        coursemeet0_.courseCode as courseCode1_1_,
        coursemeet0_.courseCode as courseCode2_1_,
        coursemeet0_.day as day2_1_,
        coursemeet0_.period as period2_1_,
        coursemeet0_.location as location2_1_,
        coursemeet0_.courseCode as courseCode2_0_,
        coursemeet0_.day as day2_0_,
        coursemeet0_.period as period2_0_,
        coursemeet0_.location as location2_0_ 
    from
        CourseMeeting coursemeet0_ 
    where
        coursemeet0_.courseCode=?
14:18:50,545 DEBUG SQL:104 - 
    select
        secretcode0_.studentNumber as studentN1_4_0_,
        secretcode0_.secretCode as secretCode5_0_,
        secretcode0_.i as i0_ 
    from
        Student_secretCodes secretcode0_ 
    where
        secretcode0_.studentNumber=?
14:18:50,545 DEBUG BaseGeneralDataRegion:59 - Caching[foo.org.hibernate.cache.internal.StandardQueryCache] : [sql: select student0_.studentId as studentId4_0_, course1_.courseCode as courseCode1_1_, student0_.name_first as name2_4_0_, student0_.name_middle as name3_4_0_, student0_.name_last as name4_4_0_, student0_.preferredCourseCode as preferre5_4_0_, course1_.description as descript2_1_1_ from Student student0_ left outer join Course course1_ on student0_.preferredCourseCode=course1_.courseCode order by student0_.studentId; parameters: ; named parameters: {}; transformer: org.hibernate.transform.CacheableResultTransformer@138f59] -> [[5579090864312320, 111, 999]]
14:18:50,545 DEBUG SQL:104 - 
    select
        student_.studentId,
        student_.name_first as name2_4_,
        student_.name_middle as name3_4_,
        student_.name_last as name4_4_,
        student_.preferredCourseCode as preferre5_4_ 
    from
        Student student_ 
    where
        student_.studentId=?
14:18:50,558 DEBUG SQL:104 - 
    select
        enrolment_.studentId,
        enrolment_.courseCode,
        enrolment_.semester as semester3_,
        enrolment_."year" as year4_3_ 
    from
        Enrolment enrolment_ 
    where
        enrolment_.studentId=? 
        and enrolment_.courseCode=?
14:18:50,559 DEBUG SQL:104 - 
    select
        course_.courseCode,
        course_.description as descript2_1_ 
    from
        Course course_ 
    where
        course_.courseCode=?
14:18:50,559 DEBUG SQL:104 - 
    select
        student_.studentId,
        student_.name_first as name2_4_,
        student_.name_middle as name3_4_,
        student_.name_last as name4_4_,
        student_.preferredCourseCode as preferre5_4_ 
    from
        Student student_ 
    where
        student_.studentId=?
14:18:50,570 DEBUG SQL:104 - 
    select
        enrolment_.studentId,
        enrolment_.courseCode,
        enrolment_.semester as semester3_,
        enrolment_."year" as year4_3_ 
    from
        Enrolment enrolment_ 
    where
        enrolment_.studentId=? 
        and enrolment_.courseCode=?
14:18:50,570 DEBUG SQL:104 - 
    select
        coursemeet_.courseCode,
        coursemeet_.day,
        coursemeet_.period,
        coursemeet_.location 
    from
        CourseMeeting coursemeet_ 
    where
        coursemeet_.courseCode=? 
        and coursemeet_.day=? 
        and coursemeet_.period=? 
        and coursemeet_.location=?
14:18:50,570 DEBUG SQL:104 - 
    select
        coursemeet_.courseCode,
        coursemeet_.day,
        coursemeet_.period,
        coursemeet_.location 
    from
        CourseMeeting coursemeet_ 
    where
        coursemeet_.courseCode=? 
        and coursemeet_.day=? 
        and coursemeet_.period=? 
        and coursemeet_.location=?
14:18:50,571 DEBUG BaseGeneralDataRegion:59 - Caching[foo.org.hibernate.cache.spi.UpdateTimestampsCache] : [Enrolment] -> [5579091110178816]
14:18:50,571 DEBUG SQL:104 - 
    update
        Address 
    set
        studentNumber=null,
        addressType=null 
    where
        studentNumber=?
14:18:50,571 DEBUG BaseGeneralDataRegion:59 - Caching[foo.org.hibernate.cache.spi.UpdateTimestampsCache] : [Address] -> [5579091110178817]
14:18:50,571 DEBUG SQL:104 - 
    delete 
    from
        Student_secretCodes 
    where
        studentNumber=?
14:18:50,571 DEBUG BaseGeneralDataRegion:59 - Caching[foo.org.hibernate.cache.spi.UpdateTimestampsCache] : [Student_secretCodes] -> [5579091110178818]
14:18:50,583 DEBUG BaseGeneralDataRegion:59 - Caching[foo.org.hibernate.cache.spi.UpdateTimestampsCache] : [Enrolment] -> [5579091110227968]
14:18:50,583 DEBUG BaseGeneralDataRegion:59 - Caching[foo.org.hibernate.cache.spi.UpdateTimestampsCache] : [Address] -> [5579091110227969]
14:18:50,583 DEBUG SQL:104 - 
    delete 
    from
        Student_secretCodes 
    where
        studentNumber=?
14:18:50,584 DEBUG BaseGeneralDataRegion:59 - Caching[foo.org.hibernate.cache.spi.UpdateTimestampsCache] : [Student_secretCodes] -> [5579091110232064]
14:18:50,584 DEBUG BaseGeneralDataRegion:59 - Caching[foo.org.hibernate.cache.spi.UpdateTimestampsCache] : [CourseMeeting] -> [5579091110232065]
14:18:50,584 DEBUG SQL:104 - 
    delete 
    from
        Enrolment 
    where
        studentId=? 
        and courseCode=?
14:18:50,584 DEBUG BaseGeneralDataRegion:59 - Caching[foo.org.hibernate.cache.spi.UpdateTimestampsCache] : [Enrolment] -> [5579091110232066]
14:18:50,584 DEBUG SQL:104 - 
    delete 
    from
        Address 
    where
        id=?
14:18:50,584 DEBUG BaseGeneralDataRegion:59 - Caching[foo.org.hibernate.cache.spi.UpdateTimestampsCache] : [Address] -> [5579091110232067]
14:18:50,584 DEBUG SQL:104 - 
    delete 
    from
        Address 
    where
        id=?
14:18:50,596 DEBUG BaseGeneralDataRegion:59 - Caching[foo.org.hibernate.cache.spi.UpdateTimestampsCache] : [Address] -> [5579091110277120]
14:18:50,596 DEBUG SQL:104 - 
    delete 
    from
        Student 
    where
        studentId=?
14:18:50,596 DEBUG BaseGeneralDataRegion:59 - Caching[foo.org.hibernate.cache.spi.UpdateTimestampsCache] : [Student] -> [5579091110281216]
14:18:50,596 DEBUG SQL:104 - 
    delete 
    from
        Enrolment 
    where
        studentId=? 
        and courseCode=?
14:18:50,596 DEBUG BaseGeneralDataRegion:59 - Caching[foo.org.hibernate.cache.spi.UpdateTimestampsCache] : [Enrolment] -> [5579091110281217]
14:18:50,596 DEBUG SQL:104 - 
    delete 
    from
        Student 
    where
        studentId=?
14:18:50,597 DEBUG BaseGeneralDataRegion:59 - Caching[foo.org.hibernate.cache.spi.UpdateTimestampsCache] : [Student] -> [5579091110285312]
14:18:50,597 DEBUG SQL:104 - 
    delete 
    from
        CourseMeeting 
    where
        courseCode=? 
        and day=? 
        and period=? 
        and location=?
14:18:50,597 DEBUG BaseGeneralDataRegion:59 - Caching[foo.org.hibernate.cache.spi.UpdateTimestampsCache] : [CourseMeeting] -> [5579091110285313]
14:18:50,597 DEBUG SQL:104 - 
    delete 
    from
        CourseMeeting 
    where
        courseCode=? 
        and day=? 
        and period=? 
        and location=?
14:18:50,597 DEBUG BaseGeneralDataRegion:59 - Caching[foo.org.hibernate.cache.spi.UpdateTimestampsCache] : [CourseMeeting] -> [5579091110285314]
14:18:50,630 DEBUG SQL:104 - 
    delete 
    from
        Course 
    where
        courseCode=?
14:18:50,631 DEBUG BaseGeneralDataRegion:59 - Caching[foo.org.hibernate.cache.spi.UpdateTimestampsCache] : [Course] -> [5579091110424576]
14:18:50,631 DEBUG BaseGeneralDataRegion:59 - Caching[foo.org.hibernate.cache.spi.UpdateTimestampsCache] : [Student] -> [5579090864664577]
14:18:50,631 DEBUG BaseGeneralDataRegion:59 - Caching[foo.org.hibernate.cache.spi.UpdateTimestampsCache] : [Course] -> [5579090864664577]
14:18:50,631 DEBUG BaseGeneralDataRegion:59 - Caching[foo.org.hibernate.cache.spi.UpdateTimestampsCache] : [Enrolment] -> [5579090864664577]
14:18:50,632 DEBUG BaseGeneralDataRegion:59 - Caching[foo.org.hibernate.cache.spi.UpdateTimestampsCache] : [Student_secretCodes] -> [5579090864664577]
14:18:50,632 DEBUG BaseGeneralDataRegion:59 - Caching[foo.org.hibernate.cache.spi.UpdateTimestampsCache] : [Address] -> [5579090864664577]
14:18:50,632 DEBUG BaseGeneralDataRegion:59 - Caching[foo.org.hibernate.cache.spi.UpdateTimestampsCache] : [CourseMeeting] -> [5579090864664577]
14:18:50,632 DEBUG SQL:104 - 
    select
        coursemeet_.courseCode,
        coursemeet_.day,
        coursemeet_.period,
        coursemeet_.location 
    from
        CourseMeeting coursemeet_ 
    where
        coursemeet_.courseCode=? 
        and coursemeet_.day=? 
        and coursemeet_.period=? 
        and coursemeet_.location=?
14:18:50,633 DEBUG SQL:104 - 
    select
        coursemeet_.courseCode,
        coursemeet_.day,
        coursemeet_.period,
        coursemeet_.location 
    from
        CourseMeeting coursemeet_ 
    where
        coursemeet_.courseCode=? 
        and coursemeet_.day=? 
        and coursemeet_.period=? 
        and coursemeet_.location=?
14:18:50,633 DEBUG SQL:104 - 
    insert 
    into
        Course
        (description, courseCode) 
    values
        (?, ?)
14:18:50,634 DEBUG BaseGeneralDataRegion:59 - Caching[foo.org.hibernate.cache.spi.UpdateTimestampsCache] : [Course] -> [5579091110436864]
14:18:50,634 DEBUG SQL:104 - 
    insert 
    into
        CourseMeeting
        (courseCode, day, period, location) 
    values
        (?, ?, ?, ?)
14:18:50,634 DEBUG BaseGeneralDataRegion:59 - Caching[foo.org.hibernate.cache.spi.UpdateTimestampsCache] : [CourseMeeting] -> [5579091110436865]
14:18:50,634 DEBUG SQL:104 - 
    insert 
    into
        CourseMeeting
        (courseCode, day, period, location) 
    values
        (?, ?, ?, ?)
14:18:50,645 DEBUG BaseGeneralDataRegion:59 - Caching[foo.org.hibernate.cache.spi.UpdateTimestampsCache] : [CourseMeeting] -> [5579091110481920]
14:18:50,645 DEBUG SQL:104 - 
    insert 
    into
        Student
        (name_first, name_middle, name_last, preferredCourseCode, studentId) 
    values
        (?, ?, ?, ?, ?)
14:18:50,645 DEBUG BaseGeneralDataRegion:59 - Caching[foo.org.hibernate.cache.spi.UpdateTimestampsCache] : [Student] -> [5579091110481921]
14:18:50,646 DEBUG SQL:104 - 
    insert 
    into
        Address
        (addressType, street, city, stateProvince, postalCode, country, studentNumber, id) 
    values
        (?, ?, ?, ?, ?, ?, ?, ?)
14:18:50,646 DEBUG BaseGeneralDataRegion:59 - Caching[foo.org.hibernate.cache.spi.UpdateTimestampsCache] : [Address] -> [5579091110486016]
14:18:50,646 DEBUG SQL:104 - 
    insert 
    into
        Address
        (addressType, street, city, stateProvince, postalCode, country, studentNumber, id) 
    values
        (?, ?, ?, ?, ?, ?, ?, ?)
14:18:50,657 DEBUG BaseGeneralDataRegion:59 - Caching[foo.org.hibernate.cache.spi.UpdateTimestampsCache] : [Address] -> [5579091110531072]
14:18:50,657 DEBUG SQL:104 - 
    insert 
    into
        Student
        (name_first, name_middle, name_last, preferredCourseCode, studentId) 
    values
        (?, ?, ?, ?, ?)
14:18:50,657 DEBUG BaseGeneralDataRegion:59 - Caching[foo.org.hibernate.cache.spi.UpdateTimestampsCache] : [Student] -> [5579091110531073]
14:18:50,657 DEBUG SQL:104 - 
    insert 
    into
        Enrolment
        (semester, "year", studentId, courseCode) 
    values
        (?, ?, ?, ?)
14:18:50,658 DEBUG BaseGeneralDataRegion:59 - Caching[foo.org.hibernate.cache.spi.UpdateTimestampsCache] : [Enrolment] -> [5579091110531074]
14:18:50,658 DEBUG SQL:104 - 
    insert 
    into
        Enrolment
        (semester, "year", studentId, courseCode) 
    values
        (?, ?, ?, ?)
14:18:50,658 DEBUG BaseGeneralDataRegion:59 - Caching[foo.org.hibernate.cache.spi.UpdateTimestampsCache] : [Enrolment] -> [5579091110535168]
14:18:50,658 DEBUG BaseGeneralDataRegion:59 - Caching[foo.org.hibernate.cache.spi.UpdateTimestampsCache] : [CourseMeeting] -> [5579091110535169]
14:18:50,658 DEBUG BaseGeneralDataRegion:59 - Caching[foo.org.hibernate.cache.spi.UpdateTimestampsCache] : [Enrolment] -> [5579091110535170]
14:18:50,658 DEBUG SQL:104 - 
    update
        Address 
    set
        studentNumber=?,
        addressType=? 
    where
        id=?
14:18:50,666 DEBUG SQL:104 - 
    update
        Address 
    set
        studentNumber=?,
        addressType=? 
    where
        id=?
14:18:50,667 DEBUG BaseGeneralDataRegion:59 - Caching[foo.org.hibernate.cache.spi.UpdateTimestampsCache] : [Address] -> [5579091110572032]
14:18:50,667 DEBUG SQL:104 - 
    insert 
    into
        Student_secretCodes
        (studentNumber, i, secretCode) 
    values
        (?, ?, ?)
14:18:50,667 DEBUG BaseGeneralDataRegion:59 - Caching[foo.org.hibernate.cache.spi.UpdateTimestampsCache] : [Student_secretCodes] -> [5579091110572033]
14:18:50,667 DEBUG BaseGeneralDataRegion:59 - Caching[foo.org.hibernate.cache.spi.UpdateTimestampsCache] : [Enrolment] -> [5579091110572034]
14:18:50,667 DEBUG BaseGeneralDataRegion:59 - Caching[foo.org.hibernate.cache.spi.UpdateTimestampsCache] : [Address] -> [5579091110572035]
14:18:50,667 DEBUG SQL:104 - 
    insert 
    into
        Student_secretCodes
        (studentNumber, i, secretCode) 
    values
        (?, ?, ?)
14:18:50,683 DEBUG SQL:104 - 
    insert 
    into
        Student_secretCodes
        (studentNumber, i, secretCode) 
    values
        (?, ?, ?)
14:18:50,684 DEBUG BaseGeneralDataRegion:59 - Caching[foo.org.hibernate.cache.spi.UpdateTimestampsCache] : [Student_secretCodes] -> [5579091110641664]
14:18:50,684 DEBUG BaseGeneralDataRegion:59 - Caching[foo.org.hibernate.cache.spi.UpdateTimestampsCache] : [Student] -> [5579090864881665]
14:18:50,684 DEBUG BaseGeneralDataRegion:59 - Caching[foo.org.hibernate.cache.spi.UpdateTimestampsCache] : [Course] -> [5579090864881665]
14:18:50,684 DEBUG BaseGeneralDataRegion:59 - Caching[foo.org.hibernate.cache.spi.UpdateTimestampsCache] : [Enrolment] -> [5579090864881665]
14:18:50,684 DEBUG BaseGeneralDataRegion:59 - Caching[foo.org.hibernate.cache.spi.UpdateTimestampsCache] : [Student_secretCodes] -> [5579090864881665]
14:18:50,685 DEBUG BaseGeneralDataRegion:59 - Caching[foo.org.hibernate.cache.spi.UpdateTimestampsCache] : [Address] -> [5579090864881665]
14:18:50,685 DEBUG BaseGeneralDataRegion:59 - Caching[foo.org.hibernate.cache.spi.UpdateTimestampsCache] : [CourseMeeting] -> [5579090864881665]
14:18:50,685 DEBUG SQL:104 - 
    select
        student_.studentId,
        student_.name_first as name2_4_,
        student_.name_middle as name3_4_,
        student_.name_last as name4_4_,
        student_.preferredCourseCode as preferre5_4_ 
    from
        Student student_ 
    where
        student_.studentId=?
14:18:50,685 DEBUG SQL:104 - 
    select
        enrolment_.studentId,
        enrolment_.courseCode,
        enrolment_.semester as semester3_,
        enrolment_."year" as year4_3_ 
    from
        Enrolment enrolment_ 
    where
        enrolment_.studentId=? 
        and enrolment_.courseCode=?
14:18:50,691 DEBUG SQL:104 - 
    select
        course_.courseCode,
        course_.description as descript2_1_ 
    from
        Course course_ 
    where
        course_.courseCode=?
14:18:50,691 DEBUG SQL:104 - 
    select
        student_.studentId,
        student_.name_first as name2_4_,
        student_.name_middle as name3_4_,
        student_.name_last as name4_4_,
        student_.preferredCourseCode as preferre5_4_ 
    from
        Student student_ 
    where
        student_.studentId=?
14:18:50,691 DEBUG SQL:104 - 
    select
        enrolment_.studentId,
        enrolment_.courseCode,
        enrolment_.semester as semester3_,
        enrolment_."year" as year4_3_ 
    from
        Enrolment enrolment_ 
    where
        enrolment_.studentId=? 
        and enrolment_.courseCode=?
14:18:50,692 DEBUG SQL:104 - 
    select
        coursemeet_.courseCode,
        coursemeet_.day,
        coursemeet_.period,
        coursemeet_.location 
    from
        CourseMeeting coursemeet_ 
    where
        coursemeet_.courseCode=? 
        and coursemeet_.day=? 
        and coursemeet_.period=? 
        and coursemeet_.location=?
14:18:50,692 DEBUG SQL:104 - 
    select
        coursemeet_.courseCode,
        coursemeet_.day,
        coursemeet_.period,
        coursemeet_.location 
    from
        CourseMeeting coursemeet_ 
    where
        coursemeet_.courseCode=? 
        and coursemeet_.day=? 
        and coursemeet_.period=? 
        and coursemeet_.location=?
14:18:50,703 DEBUG BaseGeneralDataRegion:59 - Caching[foo.org.hibernate.cache.spi.UpdateTimestampsCache] : [Enrolment] -> [5579091110719488]
14:18:50,703 DEBUG SQL:104 - 
    update
        Address 
    set
        studentNumber=null,
        addressType=null 
    where
        studentNumber=?
14:18:50,704 DEBUG BaseGeneralDataRegion:59 - Caching[foo.org.hibernate.cache.spi.UpdateTimestampsCache] : [Address] -> [5579091110723584]
14:18:50,704 DEBUG SQL:104 - 
    delete 
    from
        Student_secretCodes 
    where
        studentNumber=?
14:18:50,704 DEBUG BaseGeneralDataRegion:59 - Caching[foo.org.hibernate.cache.spi.UpdateTimestampsCache] : [Student_secretCodes] -> [5579091110723585]
14:18:50,704 DEBUG BaseGeneralDataRegion:59 - Caching[foo.org.hibernate.cache.spi.UpdateTimestampsCache] : [Enrolment] -> [5579091110723586]
14:18:50,704 DEBUG BaseGeneralDataRegion:59 - Caching[foo.org.hibernate.cache.spi.UpdateTimestampsCache] : [Address] -> [5579091110723587]
14:18:50,704 DEBUG SQL:104 - 
    delete 
    from
        Student_secretCodes 
    where
        studentNumber=?
14:18:50,704 DEBUG BaseGeneralDataRegion:59 - Caching[foo.org.hibernate.cache.spi.UpdateTimestampsCache] : [Student_secretCodes] -> [5579091110723588]
14:18:50,704 DEBUG BaseGeneralDataRegion:59 - Caching[foo.org.hibernate.cache.spi.UpdateTimestampsCache] : [CourseMeeting] -> [5579091110723589]
14:18:50,713 DEBUG SQL:104 - 
    delete 
    from
        Enrolment 
    where
        studentId=? 
        and courseCode=?
14:18:50,714 DEBUG BaseGeneralDataRegion:59 - Caching[foo.org.hibernate.cache.spi.UpdateTimestampsCache] : [Enrolment] -> [5579091110764544]
14:18:50,714 DEBUG SQL:104 - 
    delete 
    from
        Address 
    where
        id=?
14:18:50,714 DEBUG BaseGeneralDataRegion:59 - Caching[foo.org.hibernate.cache.spi.UpdateTimestampsCache] : [Address] -> [5579091110764545]
14:18:50,715 DEBUG SQL:104 - 
    delete 
    from
        Address 
    where
        id=?
14:18:50,715 DEBUG BaseGeneralDataRegion:59 - Caching[foo.org.hibernate.cache.spi.UpdateTimestampsCache] : [Address] -> [5579091110768640]
14:18:50,715 DEBUG SQL:104 - 
    delete 
    from
        Student 
    where
        studentId=?
14:18:50,715 DEBUG BaseGeneralDataRegion:59 - Caching[foo.org.hibernate.cache.spi.UpdateTimestampsCache] : [Student] -> [5579091110768641]
14:18:50,715 DEBUG SQL:104 - 
    delete 
    from
        Enrolment 
    where
        studentId=? 
        and courseCode=?
14:18:50,715 DEBUG BaseGeneralDataRegion:59 - Caching[foo.org.hibernate.cache.spi.UpdateTimestampsCache] : [Enrolment] -> [5579091110768642]
14:18:50,715 DEBUG SQL:104 - 
    delete 
    from
        Student 
    where
        studentId=?
14:18:50,716 DEBUG BaseGeneralDataRegion:59 - Caching[foo.org.hibernate.cache.spi.UpdateTimestampsCache] : [Student] -> [5579091110772736]
14:18:50,716 DEBUG SQL:104 - 
    delete 
    from
        CourseMeeting 
    where
        courseCode=? 
        and day=? 
        and period=? 
        and location=?
14:18:50,736 DEBUG BaseGeneralDataRegion:59 - Caching[foo.org.hibernate.cache.spi.UpdateTimestampsCache] : [CourseMeeting] -> [5579091110854656]
14:18:50,736 DEBUG SQL:104 - 
    delete 
    from
        CourseMeeting 
    where
        courseCode=? 
        and day=? 
        and period=? 
        and location=?
14:18:50,737 DEBUG BaseGeneralDataRegion:59 - Caching[foo.org.hibernate.cache.spi.UpdateTimestampsCache] : [CourseMeeting] -> [5579091110858752]
14:18:50,737 DEBUG SQL:104 - 
    delete 
    from
        Course 
    where
        courseCode=?
14:18:50,737 DEBUG BaseGeneralDataRegion:59 - Caching[foo.org.hibernate.cache.spi.UpdateTimestampsCache] : [Course] -> [5579091110858753]
14:18:50,737 DEBUG BaseGeneralDataRegion:59 - Caching[foo.org.hibernate.cache.spi.UpdateTimestampsCache] : [Student] -> [5579090865098754]
14:18:50,737 DEBUG BaseGeneralDataRegion:59 - Caching[foo.org.hibernate.cache.spi.UpdateTimestampsCache] : [Course] -> [5579090865098754]
14:18:50,737 DEBUG BaseGeneralDataRegion:59 - Caching[foo.org.hibernate.cache.spi.UpdateTimestampsCache] : [Enrolment] -> [5579090865098754]
14:18:50,737 DEBUG BaseGeneralDataRegion:59 - Caching[foo.org.hibernate.cache.spi.UpdateTimestampsCache] : [Student_secretCodes] -> [5579090865098754]
14:18:50,747 DEBUG BaseGeneralDataRegion:59 - Caching[foo.org.hibernate.cache.spi.UpdateTimestampsCache] : [Address] -> [5579090865098754]
14:18:50,748 DEBUG BaseGeneralDataRegion:59 - Caching[foo.org.hibernate.cache.spi.UpdateTimestampsCache] : [CourseMeeting] -> [5579090865098754]
14:18:50,748 DEBUG SQL:104 - 
    select
        coursemeet_.courseCode,
        coursemeet_.day,
        coursemeet_.period,
        coursemeet_.location 
    from
        CourseMeeting coursemeet_ 
    where
        coursemeet_.courseCode=? 
        and coursemeet_.day=? 
        and coursemeet_.period=? 
        and coursemeet_.location=?
14:18:50,749 DEBUG SQL:104 - 
    select
        coursemeet_.courseCode,
        coursemeet_.day,
        coursemeet_.period,
        coursemeet_.location 
    from
        CourseMeeting coursemeet_ 
    where
        coursemeet_.courseCode=? 
        and coursemeet_.day=? 
        and coursemeet_.period=? 
        and coursemeet_.location=?
14:18:50,749 DEBUG SQL:104 - 
    insert 
    into
        Course
        (description, courseCode) 
    values
        (?, ?)
14:18:50,758 DEBUG BaseGeneralDataRegion:59 - Caching[foo.org.hibernate.cache.spi.UpdateTimestampsCache] : [Course] -> [5579091110944768]
14:18:50,758 DEBUG SQL:104 - 
    insert 
    into
        CourseMeeting
        (courseCode, day, period, location) 
    values
        (?, ?, ?, ?)
14:18:50,758 DEBUG BaseGeneralDataRegion:59 - Caching[foo.org.hibernate.cache.spi.UpdateTimestampsCache] : [CourseMeeting] -> [5579091110944769]
14:18:50,758 DEBUG SQL:104 - 
    insert 
    into
        CourseMeeting
        (courseCode, day, period, location) 
    values
        (?, ?, ?, ?)
14:18:50,759 DEBUG BaseGeneralDataRegion:59 - Caching[foo.org.hibernate.cache.spi.UpdateTimestampsCache] : [CourseMeeting] -> [5579091110948864]
14:18:50,759 DEBUG SQL:104 - 
    insert 
    into
        Student
        (name_first, name_middle, name_last, preferredCourseCode, studentId) 
    values
        (?, ?, ?, ?, ?)
14:18:50,759 DEBUG BaseGeneralDataRegion:59 - Caching[foo.org.hibernate.cache.spi.UpdateTimestampsCache] : [Student] -> [5579091110948865]
14:18:50,768 DEBUG SQL:104 - 
    insert 
    into
        Address
        (addressType, street, city, stateProvince, postalCode, country, studentNumber, id) 
    values
        (?, ?, ?, ?, ?, ?, ?, ?)
14:18:50,768 DEBUG BaseGeneralDataRegion:59 - Caching[foo.org.hibernate.cache.spi.UpdateTimestampsCache] : [Address] -> [5579091110985728]
14:18:50,769 DEBUG SQL:104 - 
    insert 
    into
        Address
        (addressType, street, city, stateProvince, postalCode, country, studentNumber, id) 
    values
        (?, ?, ?, ?, ?, ?, ?, ?)
14:18:50,769 DEBUG BaseGeneralDataRegion:59 - Caching[foo.org.hibernate.cache.spi.UpdateTimestampsCache] : [Address] -> [5579091110989824]
14:18:50,769 DEBUG SQL:104 - 
    insert 
    into
        Student
        (name_first, name_middle, name_last, preferredCourseCode, studentId) 
    values
        (?, ?, ?, ?, ?)
14:18:50,769 DEBUG BaseGeneralDataRegion:59 - Caching[foo.org.hibernate.cache.spi.UpdateTimestampsCache] : [Student] -> [5579091110989825]
14:18:50,769 DEBUG SQL:104 - 
    insert 
    into
        Enrolment
        (semester, "year", studentId, courseCode) 
    values
        (?, ?, ?, ?)
14:18:50,778 DEBUG BaseGeneralDataRegion:59 - Caching[foo.org.hibernate.cache.spi.UpdateTimestampsCache] : [Enrolment] -> [5579091111026688]
14:18:50,779 DEBUG SQL:104 - 
    insert 
    into
        Enrolment
        (semester, "year", studentId, courseCode) 
    values
        (?, ?, ?, ?)
14:18:50,779 DEBUG BaseGeneralDataRegion:59 - Caching[foo.org.hibernate.cache.spi.UpdateTimestampsCache] : [Enrolment] -> [5579091111030784]
14:18:50,779 DEBUG BaseGeneralDataRegion:59 - Caching[foo.org.hibernate.cache.spi.UpdateTimestampsCache] : [CourseMeeting] -> [5579091111030785]
14:18:50,779 DEBUG BaseGeneralDataRegion:59 - Caching[foo.org.hibernate.cache.spi.UpdateTimestampsCache] : [Enrolment] -> [5579091111030786]
14:18:50,779 DEBUG SQL:104 - 
    update
        Address 
    set
        studentNumber=?,
        addressType=? 
    where
        id=?
14:18:50,779 DEBUG SQL:104 - 
    update
        Address 
    set
        studentNumber=?,
        addressType=? 
    where
        id=?
14:18:50,780 DEBUG BaseGeneralDataRegion:59 - Caching[foo.org.hibernate.cache.spi.UpdateTimestampsCache] : [Address] -> [5579091111034880]
14:18:50,780 DEBUG SQL:104 - 
    insert 
    into
        Student_secretCodes
        (studentNumber, i, secretCode) 
    values
        (?, ?, ?)
14:18:50,789 DEBUG BaseGeneralDataRegion:59 - Caching[foo.org.hibernate.cache.spi.UpdateTimestampsCache] : [Student_secretCodes] -> [5579091111071744]
14:18:50,789 DEBUG BaseGeneralDataRegion:59 - Caching[foo.org.hibernate.cache.spi.UpdateTimestampsCache] : [Enrolment] -> [5579091111071745]
14:18:50,789 DEBUG BaseGeneralDataRegion:59 - Caching[foo.org.hibernate.cache.spi.UpdateTimestampsCache] : [Address] -> [5579091111071746]
14:18:50,789 DEBUG SQL:104 - 
    insert 
    into
        Student_secretCodes
        (studentNumber, i, secretCode) 
    values
        (?, ?, ?)
14:18:50,789 DEBUG SQL:104 - 
    insert 
    into
        Student_secretCodes
        (studentNumber, i, secretCode) 
    values
        (?, ?, ?)
14:18:50,790 DEBUG BaseGeneralDataRegion:59 - Caching[foo.org.hibernate.cache.spi.UpdateTimestampsCache] : [Student_secretCodes] -> [5579091111075840]
14:18:50,790 DEBUG BaseGeneralDataRegion:59 - Caching[foo.org.hibernate.cache.spi.UpdateTimestampsCache] : [Student] -> [5579090865315841]
14:18:50,790 DEBUG BaseGeneralDataRegion:59 - Caching[foo.org.hibernate.cache.spi.UpdateTimestampsCache] : [Course] -> [5579090865315841]
14:18:50,790 DEBUG BaseGeneralDataRegion:59 - Caching[foo.org.hibernate.cache.spi.UpdateTimestampsCache] : [Enrolment] -> [5579090865315841]
14:18:50,790 DEBUG BaseGeneralDataRegion:59 - Caching[foo.org.hibernate.cache.spi.UpdateTimestampsCache] : [Student_secretCodes] -> [5579090865315841]
14:18:50,790 DEBUG BaseGeneralDataRegion:59 - Caching[foo.org.hibernate.cache.spi.UpdateTimestampsCache] : [Address] -> [5579090865315841]
14:18:50,799 DEBUG BaseGeneralDataRegion:59 - Caching[foo.org.hibernate.cache.spi.UpdateTimestampsCache] : [CourseMeeting] -> [5579090865315841]
14:18:50,800 DEBUG SQL:104 - 
    select
        student_.studentId,
        student_.name_first as name2_4_,
        student_.name_middle as name3_4_,
        student_.name_last as name4_4_,
        student_.preferredCourseCode as preferre5_4_ 
    from
        Student student_ 
    where
        student_.studentId=?
14:18:50,801 DEBUG SQL:104 - 
    select
        enrolment_.studentId,
        enrolment_.courseCode,
        enrolment_.semester as semester3_,
        enrolment_."year" as year4_3_ 
    from
        Enrolment enrolment_ 
    where
        enrolment_.studentId=? 
        and enrolment_.courseCode=?
14:18:50,801 DEBUG SQL:104 - 
    select
        course_.courseCode,
        course_.description as descript2_1_ 
    from
        Course course_ 
    where
        course_.courseCode=?
14:18:50,812 DEBUG SQL:104 - 
    select
        student_.studentId,
        student_.name_first as name2_4_,
        student_.name_middle as name3_4_,
        student_.name_last as name4_4_,
        student_.preferredCourseCode as preferre5_4_ 
    from
        Student student_ 
    where
        student_.studentId=?
14:18:50,812 DEBUG SQL:104 - 
    select
        enrolment_.studentId,
        enrolment_.courseCode,
        enrolment_.semester as semester3_,
        enrolment_."year" as year4_3_ 
    from
        Enrolment enrolment_ 
    where
        enrolment_.studentId=? 
        and enrolment_.courseCode=?
14:18:50,813 DEBUG SQL:104 - 
    select
        coursemeet_.courseCode,
        coursemeet_.day,
        coursemeet_.period,
        coursemeet_.location 
    from
        CourseMeeting coursemeet_ 
    where
        coursemeet_.courseCode=? 
        and coursemeet_.day=? 
        and coursemeet_.period=? 
        and coursemeet_.location=?
14:18:50,813 DEBUG SQL:104 - 
    select
        coursemeet_.courseCode,
        coursemeet_.day,
        coursemeet_.period,
        coursemeet_.location 
    from
        CourseMeeting coursemeet_ 
    where
        coursemeet_.courseCode=? 
        and coursemeet_.day=? 
        and coursemeet_.period=? 
        and coursemeet_.location=?
14:18:50,813 DEBUG BaseGeneralDataRegion:59 - Caching[foo.org.hibernate.cache.spi.UpdateTimestampsCache] : [Enrolment] -> [5579091111170048]
14:18:50,814 DEBUG SQL:104 - 
    update
        Address 
    set
        studentNumber=null,
        addressType=null 
    where
        studentNumber=?
14:18:50,824 DEBUG BaseGeneralDataRegion:59 - Caching[foo.org.hibernate.cache.spi.UpdateTimestampsCache] : [Address] -> [5579091111215104]
14:18:50,825 DEBUG SQL:104 - 
    delete 
    from
        Student_secretCodes 
    where
        studentNumber=?
14:18:50,825 DEBUG BaseGeneralDataRegion:59 - Caching[foo.org.hibernate.cache.spi.UpdateTimestampsCache] : [Student_secretCodes] -> [5579091111219200]
14:18:50,825 DEBUG BaseGeneralDataRegion:59 - Caching[foo.org.hibernate.cache.spi.UpdateTimestampsCache] : [Enrolment] -> [5579091111219201]
14:18:50,825 DEBUG BaseGeneralDataRegion:59 - Caching[foo.org.hibernate.cache.spi.UpdateTimestampsCache] : [Address] -> [5579091111219202]
14:18:50,825 DEBUG SQL:104 - 
    delete 
    from
        Student_secretCodes 
    where
        studentNumber=?
14:18:50,825 DEBUG BaseGeneralDataRegion:59 - Caching[foo.org.hibernate.cache.spi.UpdateTimestampsCache] : [Student_secretCodes] -> [5579091111219203]
14:18:50,825 DEBUG BaseGeneralDataRegion:59 - Caching[foo.org.hibernate.cache.spi.UpdateTimestampsCache] : [CourseMeeting] -> [5579091111219204]
14:18:50,826 DEBUG SQL:104 - 
    delete 
    from
        Enrolment 
    where
        studentId=? 
        and courseCode=?
14:18:50,826 DEBUG BaseGeneralDataRegion:59 - Caching[foo.org.hibernate.cache.spi.UpdateTimestampsCache] : [Enrolment] -> [5579091111223296]
14:18:50,826 DEBUG SQL:104 - 
    delete 
    from
        Address 
    where
        id=?
14:18:50,835 DEBUG BaseGeneralDataRegion:59 - Caching[foo.org.hibernate.cache.spi.UpdateTimestampsCache] : [Address] -> [5579091111260160]
14:18:50,836 DEBUG SQL:104 - 
    delete 
    from
        Address 
    where
        id=?
14:18:50,836 DEBUG BaseGeneralDataRegion:59 - Caching[foo.org.hibernate.cache.spi.UpdateTimestampsCache] : [Address] -> [5579091111264256]
14:18:50,836 DEBUG SQL:104 - 
    delete 
    from
        Student 
    where
        studentId=?
14:18:50,836 DEBUG BaseGeneralDataRegion:59 - Caching[foo.org.hibernate.cache.spi.UpdateTimestampsCache] : [Student] -> [5579091111264257]
14:18:50,836 DEBUG SQL:104 - 
    delete 
    from
        Enrolment 
    where
        studentId=? 
        and courseCode=?
14:18:50,836 DEBUG BaseGeneralDataRegion:59 - Caching[foo.org.hibernate.cache.spi.UpdateTimestampsCache] : [Enrolment] -> [5579091111264258]
14:18:50,836 DEBUG SQL:104 - 
    delete 
    from
        Student 
    where
        studentId=?
14:18:50,837 DEBUG BaseGeneralDataRegion:59 - Caching[foo.org.hibernate.cache.spi.UpdateTimestampsCache] : [Student] -> [5579091111268352]
14:18:50,837 DEBUG SQL:104 - 
    delete 
    from
        CourseMeeting 
    where
        courseCode=? 
        and day=? 
        and period=? 
        and location=?
14:18:50,837 DEBUG BaseGeneralDataRegion:59 - Caching[foo.org.hibernate.cache.spi.UpdateTimestampsCache] : [CourseMeeting] -> [5579091111268353]
14:18:50,837 DEBUG SQL:104 - 
    delete 
    from
        CourseMeeting 
    where
        courseCode=? 
        and day=? 
        and period=? 
        and location=?
14:18:50,858 DEBUG BaseGeneralDataRegion:59 - Caching[foo.org.hibernate.cache.spi.UpdateTimestampsCache] : [CourseMeeting] -> [5579091111354368]
14:18:50,859 DEBUG SQL:104 - 
    delete 
    from
        Course 
    where
        courseCode=?
14:18:50,859 DEBUG BaseGeneralDataRegion:59 - Caching[foo.org.hibernate.cache.spi.UpdateTimestampsCache] : [Course] -> [5579091111358464]
14:18:50,859 DEBUG BaseGeneralDataRegion:59 - Caching[foo.org.hibernate.cache.spi.UpdateTimestampsCache] : [Student] -> [5579090865598465]
14:18:50,859 DEBUG BaseGeneralDataRegion:59 - Caching[foo.org.hibernate.cache.spi.UpdateTimestampsCache] : [Course] -> [5579090865598465]
14:18:50,859 DEBUG BaseGeneralDataRegion:59 - Caching[foo.org.hibernate.cache.spi.UpdateTimestampsCache] : [Enrolment] -> [5579090865598465]
14:18:50,859 DEBUG BaseGeneralDataRegion:59 - Caching[foo.org.hibernate.cache.spi.UpdateTimestampsCache] : [Student_secretCodes] -> [5579090865598465]
14:18:50,860 DEBUG BaseGeneralDataRegion:59 - Caching[foo.org.hibernate.cache.spi.UpdateTimestampsCache] : [Address] -> [5579090865598465]
14:18:50,860 DEBUG BaseGeneralDataRegion:59 - Caching[foo.org.hibernate.cache.spi.UpdateTimestampsCache] : [CourseMeeting] -> [5579090865598465]
14:18:50,860 DEBUG SQL:104 - 
    select
        coursemeet_.courseCode,
        coursemeet_.day,
        coursemeet_.period,
        coursemeet_.location 
    from
        CourseMeeting coursemeet_ 
    where
        coursemeet_.courseCode=? 
        and coursemeet_.day=? 
        and coursemeet_.period=? 
        and coursemeet_.location=?
14:18:50,870 DEBUG SQL:104 - 
    select
        coursemeet_.courseCode,
        coursemeet_.day,
        coursemeet_.period,
        coursemeet_.location 
    from
        CourseMeeting coursemeet_ 
    where
        coursemeet_.courseCode=? 
        and coursemeet_.day=? 
        and coursemeet_.period=? 
        and coursemeet_.location=?
14:18:50,870 DEBUG SQL:104 - 
    insert 
    into
        Course
        (description, courseCode) 
    values
        (?, ?)
14:18:50,871 DEBUG BaseGeneralDataRegion:59 - Caching[foo.org.hibernate.cache.spi.UpdateTimestampsCache] : [Course] -> [5579091111407616]
14:18:50,871 DEBUG SQL:104 - 
    insert 
    into
        CourseMeeting
        (courseCode, day, period, location) 
    values
        (?, ?, ?, ?)
14:18:50,880 DEBUG BaseGeneralDataRegion:59 - Caching[foo.org.hibernate.cache.spi.UpdateTimestampsCache] : [CourseMeeting] -> [5579091111444480]
14:18:50,881 DEBUG SQL:104 - 
    insert 
    into
        CourseMeeting
        (courseCode, day, period, location) 
    values
        (?, ?, ?, ?)
14:18:50,881 DEBUG BaseGeneralDataRegion:59 - Caching[foo.org.hibernate.cache.spi.UpdateTimestampsCache] : [CourseMeeting] -> [5579091111448576]
14:18:50,881 DEBUG SQL:104 - 
    insert 
    into
        Student
        (name_first, name_middle, name_last, preferredCourseCode, studentId) 
    values
        (?, ?, ?, ?, ?)
14:18:50,881 DEBUG BaseGeneralDataRegion:59 - Caching[foo.org.hibernate.cache.spi.UpdateTimestampsCache] : [Student] -> [5579091111448577]
14:18:50,881 DEBUG SQL:104 - 
    insert 
    into
        Address
        (addressType, street, city, stateProvince, postalCode, country, studentNumber, id) 
    values
        (?, ?, ?, ?, ?, ?, ?, ?)
14:18:50,882 DEBUG BaseGeneralDataRegion:59 - Caching[foo.org.hibernate.cache.spi.UpdateTimestampsCache] : [Address] -> [5579091111452672]
14:18:50,882 DEBUG SQL:104 - 
    insert 
    into
        Address
        (addressType, street, city, stateProvince, postalCode, country, studentNumber, id) 
    values
        (?, ?, ?, ?, ?, ?, ?, ?)
14:18:50,894 DEBUG BaseGeneralDataRegion:59 - Caching[foo.org.hibernate.cache.spi.UpdateTimestampsCache] : [Address] -> [5579091111501824]
14:18:50,894 DEBUG SQL:104 - 
    insert 
    into
        Student
        (name_first, name_middle, name_last, preferredCourseCode, studentId) 
    values
        (?, ?, ?, ?, ?)
14:18:50,894 DEBUG BaseGeneralDataRegion:59 - Caching[foo.org.hibernate.cache.spi.UpdateTimestampsCache] : [Student] -> [5579091111501825]
14:18:50,894 DEBUG SQL:104 - 
    insert 
    into
        Enrolment
        (semester, "year", studentId, courseCode) 
    values
        (?, ?, ?, ?)
14:18:50,895 DEBUG BaseGeneralDataRegion:59 - Caching[foo.org.hibernate.cache.spi.UpdateTimestampsCache] : [Enrolment] -> [5579091111505920]
14:18:50,895 DEBUG SQL:104 - 
    insert 
    into
        Enrolment
        (semester, "year", studentId, courseCode) 
    values
        (?, ?, ?, ?)
14:18:50,895 DEBUG BaseGeneralDataRegion:59 - Caching[foo.org.hibernate.cache.spi.UpdateTimestampsCache] : [Enrolment] -> [5579091111505921]
14:18:50,901 DEBUG BaseGeneralDataRegion:59 - Caching[foo.org.hibernate.cache.spi.UpdateTimestampsCache] : [CourseMeeting] -> [5579091111530496]
14:18:50,901 DEBUG BaseGeneralDataRegion:59 - Caching[foo.org.hibernate.cache.spi.UpdateTimestampsCache] : [Enrolment] -> [5579091111530497]
14:18:50,901 DEBUG SQL:104 - 
    update
        Address 
    set
        studentNumber=?,
        addressType=? 
    where
        id=?
14:18:50,901 DEBUG SQL:104 - 
    update
        Address 
    set
        studentNumber=?,
        addressType=? 
    where
        id=?
14:18:50,902 DEBUG BaseGeneralDataRegion:59 - Caching[foo.org.hibernate.cache.spi.UpdateTimestampsCache] : [Address] -> [5579091111534592]
14:18:50,902 DEBUG SQL:104 - 
    insert 
    into
        Student_secretCodes
        (studentNumber, i, secretCode) 
    values
        (?, ?, ?)
14:18:50,902 DEBUG BaseGeneralDataRegion:59 - Caching[foo.org.hibernate.cache.spi.UpdateTimestampsCache] : [Student_secretCodes] -> [5579091111534593]
14:18:50,902 DEBUG BaseGeneralDataRegion:59 - Caching[foo.org.hibernate.cache.spi.UpdateTimestampsCache] : [Enrolment] -> [5579091111534594]
14:18:50,902 DEBUG BaseGeneralDataRegion:59 - Caching[foo.org.hibernate.cache.spi.UpdateTimestampsCache] : [Address] -> [5579091111534595]
14:18:50,902 DEBUG SQL:104 - 
    insert 
    into
        Student_secretCodes
        (studentNumber, i, secretCode) 
    values
        (?, ?, ?)
14:18:50,913 DEBUG SQL:104 - 
    insert 
    into
        Student_secretCodes
        (studentNumber, i, secretCode) 
    values
        (?, ?, ?)
14:18:50,914 DEBUG BaseGeneralDataRegion:59 - Caching[foo.org.hibernate.cache.spi.UpdateTimestampsCache] : [Student_secretCodes] -> [5579091111583744]
14:18:50,914 DEBUG BaseGeneralDataRegion:59 - Caching[foo.org.hibernate.cache.spi.UpdateTimestampsCache] : [Student] -> [5579090865823745]
14:18:50,914 DEBUG BaseGeneralDataRegion:59 - Caching[foo.org.hibernate.cache.spi.UpdateTimestampsCache] : [Course] -> [5579090865823745]
14:18:50,915 DEBUG BaseGeneralDataRegion:59 - Caching[foo.org.hibernate.cache.spi.UpdateTimestampsCache] : [Enrolment] -> [5579090865823745]
14:18:50,915 DEBUG BaseGeneralDataRegion:59 - Caching[foo.org.hibernate.cache.spi.UpdateTimestampsCache] : [Student_secretCodes] -> [5579090865823745]
14:18:50,915 DEBUG BaseGeneralDataRegion:59 - Caching[foo.org.hibernate.cache.spi.UpdateTimestampsCache] : [Address] -> [5579090865823745]
14:18:50,915 DEBUG BaseGeneralDataRegion:59 - Caching[foo.org.hibernate.cache.spi.UpdateTimestampsCache] : [CourseMeeting] -> [5579090865823745]
14:18:50,915 DEBUG SQL:104 - 
    select
        student_.studentId,
        student_.name_first as name2_4_,
        student_.name_middle as name3_4_,
        student_.name_last as name4_4_,
        student_.preferredCourseCode as preferre5_4_ 
    from
        Student student_ 
    where
        student_.studentId=?
14:18:50,924 DEBUG SQL:104 - 
    select
        enrolment_.studentId,
        enrolment_.courseCode,
        enrolment_.semester as semester3_,
        enrolment_."year" as year4_3_ 
    from
        Enrolment enrolment_ 
    where
        enrolment_.studentId=? 
        and enrolment_.courseCode=?
14:18:50,924 DEBUG SQL:104 - 
    select
        course_.courseCode,
        course_.description as descript2_1_ 
    from
        Course course_ 
    where
        course_.courseCode=?
14:18:50,925 DEBUG SQL:104 - 
    select
        student_.studentId,
        student_.name_first as name2_4_,
        student_.name_middle as name3_4_,
        student_.name_last as name4_4_,
        student_.preferredCourseCode as preferre5_4_ 
    from
        Student student_ 
    where
        student_.studentId=?
14:18:50,934 DEBUG SQL:104 - 
    select
        enrolment_.studentId,
        enrolment_.courseCode,
        enrolment_.semester as semester3_,
        enrolment_."year" as year4_3_ 
    from
        Enrolment enrolment_ 
    where
        enrolment_.studentId=? 
        and enrolment_.courseCode=?
14:18:50,934 DEBUG SQL:104 - 
    select
        coursemeet_.courseCode,
        coursemeet_.day,
        coursemeet_.period,
        coursemeet_.location 
    from
        CourseMeeting coursemeet_ 
    where
        coursemeet_.courseCode=? 
        and coursemeet_.day=? 
        and coursemeet_.period=? 
        and coursemeet_.location=?
14:18:50,934 DEBUG SQL:104 - 
    select
        coursemeet_.courseCode,
        coursemeet_.day,
        coursemeet_.period,
        coursemeet_.location 
    from
        CourseMeeting coursemeet_ 
    where
        coursemeet_.courseCode=? 
        and coursemeet_.day=? 
        and coursemeet_.period=? 
        and coursemeet_.location=?
14:18:50,944 DEBUG BaseGeneralDataRegion:59 - Caching[foo.org.hibernate.cache.spi.UpdateTimestampsCache] : [Enrolment] -> [5579091111706624]
14:18:50,944 DEBUG SQL:104 - 
    update
        Address 
    set
        studentNumber=null,
        addressType=null 
    where
        studentNumber=?
14:18:50,945 DEBUG BaseGeneralDataRegion:59 - Caching[foo.org.hibernate.cache.spi.UpdateTimestampsCache] : [Address] -> [5579091111710720]
14:18:50,945 DEBUG SQL:104 - 
    delete 
    from
        Student_secretCodes 
    where
        studentNumber=?
14:18:50,945 DEBUG BaseGeneralDataRegion:59 - Caching[foo.org.hibernate.cache.spi.UpdateTimestampsCache] : [Student_secretCodes] -> [5579091111710721]
14:18:50,945 DEBUG BaseGeneralDataRegion:59 - Caching[foo.org.hibernate.cache.spi.UpdateTimestampsCache] : [Enrolment] -> [5579091111710722]
14:18:50,945 DEBUG BaseGeneralDataRegion:59 - Caching[foo.org.hibernate.cache.spi.UpdateTimestampsCache] : [Address] -> [5579091111710723]
14:18:50,945 DEBUG SQL:104 - 
    delete 
    from
        Student_secretCodes 
    where
        studentNumber=?
14:18:50,945 DEBUG BaseGeneralDataRegion:59 - Caching[foo.org.hibernate.cache.spi.UpdateTimestampsCache] : [Student_secretCodes] -> [5579091111710724]
14:18:50,946 DEBUG BaseGeneralDataRegion:59 - Caching[foo.org.hibernate.cache.spi.UpdateTimestampsCache] : [CourseMeeting] -> [5579091111714816]
14:18:50,946 DEBUG SQL:104 - 
    delete 
    from
        Enrolment 
    where
        studentId=? 
        and courseCode=?
14:18:50,946 DEBUG BaseGeneralDataRegion:59 - Caching[foo.org.hibernate.cache.spi.UpdateTimestampsCache] : [Enrolment] -> [5579091111714817]
14:18:50,946 DEBUG SQL:104 - 
    delete 
    from
        Address 
    where
        id=?
14:18:50,946 DEBUG BaseGeneralDataRegion:59 - Caching[foo.org.hibernate.cache.spi.UpdateTimestampsCache] : [Address] -> [5579091111714818]
14:18:50,946 DEBUG SQL:104 - 
    delete 
    from
        Address 
    where
        id=?
14:18:50,947 DEBUG BaseGeneralDataRegion:59 - Caching[foo.org.hibernate.cache.spi.UpdateTimestampsCache] : [Address] -> [5579091111718912]
14:18:50,947 DEBUG SQL:104 - 
    delete 
    from
        Student 
    where
        studentId=?
14:18:50,947 DEBUG BaseGeneralDataRegion:59 - Caching[foo.org.hibernate.cache.spi.UpdateTimestampsCache] : [Student] -> [5579091111718913]
14:18:50,947 DEBUG SQL:104 - 
    delete 
    from
        Enrolment 
    where
        studentId=? 
        and courseCode=?
14:18:50,947 DEBUG BaseGeneralDataRegion:59 - Caching[foo.org.hibernate.cache.spi.UpdateTimestampsCache] : [Enrolment] -> [5579091111718914]
14:18:50,947 DEBUG SQL:104 - 
    delete 
    from
        Student 
    where
        studentId=?
14:18:50,957 DEBUG BaseGeneralDataRegion:59 - Caching[foo.org.hibernate.cache.spi.UpdateTimestampsCache] : [Student] -> [5579091111759872]
14:18:50,957 DEBUG SQL:104 - 
    delete 
    from
        CourseMeeting 
    where
        courseCode=? 
        and day=? 
        and period=? 
        and location=?
14:18:50,957 DEBUG BaseGeneralDataRegion:59 - Caching[foo.org.hibernate.cache.spi.UpdateTimestampsCache] : [CourseMeeting] -> [5579091111759873]
14:18:50,957 DEBUG SQL:104 - 
    delete 
    from
        CourseMeeting 
    where
        courseCode=? 
        and day=? 
        and period=? 
        and location=?
14:18:50,957 DEBUG BaseGeneralDataRegion:59 - Caching[foo.org.hibernate.cache.spi.UpdateTimestampsCache] : [CourseMeeting] -> [5579091111759874]
14:18:50,958 DEBUG SQL:104 - 
    delete 
    from
        Course 
    where
        courseCode=?
14:18:50,969 DEBUG BaseGeneralDataRegion:59 - Caching[foo.org.hibernate.cache.spi.UpdateTimestampsCache] : [Course] -> [5579091111809024]
14:18:50,969 DEBUG BaseGeneralDataRegion:59 - Caching[foo.org.hibernate.cache.spi.UpdateTimestampsCache] : [Student] -> [5579090866049025]
14:18:50,970 DEBUG BaseGeneralDataRegion:59 - Caching[foo.org.hibernate.cache.spi.UpdateTimestampsCache] : [Course] -> [5579090866049025]
14:18:50,970 DEBUG BaseGeneralDataRegion:59 - Caching[foo.org.hibernate.cache.spi.UpdateTimestampsCache] : [Enrolment] -> [5579090866049025]
14:18:50,970 DEBUG BaseGeneralDataRegion:59 - Caching[foo.org.hibernate.cache.spi.UpdateTimestampsCache] : [Student_secretCodes] -> [5579090866049025]
14:18:50,970 DEBUG BaseGeneralDataRegion:59 - Caching[foo.org.hibernate.cache.spi.UpdateTimestampsCache] : [Address] -> [5579090866049025]
14:18:50,970 DEBUG BaseGeneralDataRegion:59 - Caching[foo.org.hibernate.cache.spi.UpdateTimestampsCache] : [CourseMeeting] -> [5579090866049025]
14:18:50,970  INFO CustomRunner:139 - Test: testEntityWithJoinFetchedLazyManyToOneUsingProjectionList
14:18:50,971 DEBUG SQL:104 - 
    select
        coursemeet_.courseCode,
        coursemeet_.day,
        coursemeet_.period,
        coursemeet_.location 
    from
        CourseMeeting coursemeet_ 
    where
        coursemeet_.courseCode=? 
        and coursemeet_.day=? 
        and coursemeet_.period=? 
        and coursemeet_.location=?
14:18:50,972 DEBUG SQL:104 - 
    select
        coursemeet_.courseCode,
        coursemeet_.day,
        coursemeet_.period,
        coursemeet_.location 
    from
        CourseMeeting coursemeet_ 
    where
        coursemeet_.courseCode=? 
        and coursemeet_.day=? 
        and coursemeet_.period=? 
        and coursemeet_.location=?
14:18:50,980 DEBUG SQL:104 - 
    insert 
    into
        Course
        (description, courseCode) 
    values
        (?, ?)
14:18:50,981 DEBUG BaseGeneralDataRegion:59 - Caching[foo.org.hibernate.cache.spi.UpdateTimestampsCache] : [Course] -> [5579091111858176]
14:18:50,989 DEBUG SQL:104 - 
    insert 
    into
        CourseMeeting
        (courseCode, day, period, location) 
    values
        (?, ?, ?, ?)
14:18:50,989 DEBUG BaseGeneralDataRegion:59 - Caching[foo.org.hibernate.cache.spi.UpdateTimestampsCache] : [CourseMeeting] -> [5579091111890944]
14:18:50,990 DEBUG SQL:104 - 
    insert 
    into
        CourseMeeting
        (courseCode, day, period, location) 
    values
        (?, ?, ?, ?)
14:18:50,990 DEBUG BaseGeneralDataRegion:59 - Caching[foo.org.hibernate.cache.spi.UpdateTimestampsCache] : [CourseMeeting] -> [5579091111895040]
14:18:50,990 DEBUG SQL:104 - 
    insert 
    into
        Student
        (name_first, name_middle, name_last, preferredCourseCode, studentId) 
    values
        (?, ?, ?, ?, ?)
14:18:50,990 DEBUG BaseGeneralDataRegion:59 - Caching[foo.org.hibernate.cache.spi.UpdateTimestampsCache] : [Student] -> [5579091111895041]
14:18:50,990 DEBUG SQL:104 - 
    insert 
    into
        Address
        (addressType, street, city, stateProvince, postalCode, country, studentNumber, id) 
    values
        (?, ?, ?, ?, ?, ?, ?, ?)
14:18:51,000 DEBUG BaseGeneralDataRegion:59 - Caching[foo.org.hibernate.cache.spi.UpdateTimestampsCache] : [Address] -> [5579091111936000]
14:18:51,000 DEBUG SQL:104 - 
    insert 
    into
        Address
        (addressType, street, city, stateProvince, postalCode, country, studentNumber, id) 
    values
        (?, ?, ?, ?, ?, ?, ?, ?)
14:18:51,000 DEBUG BaseGeneralDataRegion:59 - Caching[foo.org.hibernate.cache.spi.UpdateTimestampsCache] : [Address] -> [5579091111936001]
14:18:51,000 DEBUG SQL:104 - 
    insert 
    into
        Student
        (name_first, name_middle, name_last, preferredCourseCode, studentId) 
    values
        (?, ?, ?, ?, ?)
14:18:51,000 DEBUG BaseGeneralDataRegion:59 - Caching[foo.org.hibernate.cache.spi.UpdateTimestampsCache] : [Student] -> [5579091111936002]
14:18:51,000 DEBUG SQL:104 - 
    insert 
    into
        Enrolment
        (semester, "year", studentId, courseCode) 
    values
        (?, ?, ?, ?)
14:18:51,001 DEBUG BaseGeneralDataRegion:59 - Caching[foo.org.hibernate.cache.spi.UpdateTimestampsCache] : [Enrolment] -> [5579091111940096]
14:18:51,001 DEBUG SQL:104 - 
    insert 
    into
        Enrolment
        (semester, "year", studentId, courseCode) 
    values
        (?, ?, ?, ?)
14:18:51,010 DEBUG BaseGeneralDataRegion:59 - Caching[foo.org.hibernate.cache.spi.UpdateTimestampsCache] : [Enrolment] -> [5579091111976960]
14:18:51,011 DEBUG BaseGeneralDataRegion:59 - Caching[foo.org.hibernate.cache.spi.UpdateTimestampsCache] : [CourseMeeting] -> [5579091111981056]
14:18:51,011 DEBUG BaseGeneralDataRegion:59 - Caching[foo.org.hibernate.cache.spi.UpdateTimestampsCache] : [Enrolment] -> [5579091111981057]
14:18:51,011 DEBUG SQL:104 - 
    update
        Address 
    set
        studentNumber=?,
        addressType=? 
    where
        id=?
14:18:51,011 DEBUG SQL:104 - 
    update
        Address 
    set
        studentNumber=?,
        addressType=? 
    where
        id=?
14:18:51,011 DEBUG BaseGeneralDataRegion:59 - Caching[foo.org.hibernate.cache.spi.UpdateTimestampsCache] : [Address] -> [5579091111981058]
14:18:51,011 DEBUG SQL:104 - 
    insert 
    into
        Student_secretCodes
        (studentNumber, i, secretCode) 
    values
        (?, ?, ?)
14:18:51,020 DEBUG BaseGeneralDataRegion:59 - Caching[foo.org.hibernate.cache.spi.UpdateTimestampsCache] : [Student_secretCodes] -> [5579091112017920]
14:18:51,021 DEBUG BaseGeneralDataRegion:59 - Caching[foo.org.hibernate.cache.spi.UpdateTimestampsCache] : [Enrolment] -> [5579091112022016]
14:18:51,021 DEBUG BaseGeneralDataRegion:59 - Caching[foo.org.hibernate.cache.spi.UpdateTimestampsCache] : [Address] -> [5579091112022017]
14:18:51,021 DEBUG SQL:104 - 
    insert 
    into
        Student_secretCodes
        (studentNumber, i, secretCode) 
    values
        (?, ?, ?)
14:18:51,021 DEBUG SQL:104 - 
    insert 
    into
        Student_secretCodes
        (studentNumber, i, secretCode) 
    values
        (?, ?, ?)
14:18:51,021 DEBUG BaseGeneralDataRegion:59 - Caching[foo.org.hibernate.cache.spi.UpdateTimestampsCache] : [Student_secretCodes] -> [5579091112022018]
14:18:51,021 DEBUG BaseGeneralDataRegion:59 - Caching[foo.org.hibernate.cache.spi.UpdateTimestampsCache] : [Student] -> [5579090866262019]
14:18:51,021 DEBUG BaseGeneralDataRegion:59 - Caching[foo.org.hibernate.cache.spi.UpdateTimestampsCache] : [Course] -> [5579090866262019]
14:18:51,021 DEBUG BaseGeneralDataRegion:59 - Caching[foo.org.hibernate.cache.spi.UpdateTimestampsCache] : [Enrolment] -> [5579090866262019]
14:18:51,022 DEBUG BaseGeneralDataRegion:59 - Caching[foo.org.hibernate.cache.spi.UpdateTimestampsCache] : [Student_secretCodes] -> [5579090866262019]
14:18:51,022 DEBUG BaseGeneralDataRegion:59 - Caching[foo.org.hibernate.cache.spi.UpdateTimestampsCache] : [Address] -> [5579090866262019]
14:18:51,022 DEBUG BaseGeneralDataRegion:59 - Caching[foo.org.hibernate.cache.spi.UpdateTimestampsCache] : [CourseMeeting] -> [5579090866262019]
14:18:51,022 DEBUG QueryTranslatorImpl:265 - parse() - HQL: select s.name, s from org.hibernate.test.querycache.Enrolment e left join e.student s left join fetch s.preferredCourse order by s.studentNumber
14:18:51,024 DEBUG QueryTranslatorImpl:283 - --- HQL AST ---
 \-[QUERY] Node: 'query'
    +-[SELECT_FROM] Node: 'SELECT_FROM'
    |  +-[FROM] Node: 'from'
    |  |  +-[RANGE] Node: 'RANGE'
    |  |  |  +-[DOT] Node: '.'
    |  |  |  |  +-[DOT] Node: '.'
    |  |  |  |  |  +-[DOT] Node: '.'
    |  |  |  |  |  |  +-[DOT] Node: '.'
    |  |  |  |  |  |  |  +-[IDENT] Node: 'org'
    |  |  |  |  |  |  |  \-[IDENT] Node: 'hibernate'
    |  |  |  |  |  |  \-[IDENT] Node: 'test'
    |  |  |  |  |  \-[IDENT] Node: 'querycache'
    |  |  |  |  \-[IDENT] Node: 'Enrolment'
    |  |  |  \-[ALIAS] Node: 'e'
    |  |  +-[JOIN] Node: 'join'
    |  |  |  +-[LEFT] Node: 'left'
    |  |  |  +-[DOT] Node: '.'
    |  |  |  |  +-[IDENT] Node: 'e'
    |  |  |  |  \-[IDENT] Node: 'student'
    |  |  |  \-[ALIAS] Node: 's'
    |  |  \-[JOIN] Node: 'join'
    |  |     +-[LEFT] Node: 'left'
    |  |     +-[FETCH] Node: 'fetch'
    |  |     \-[DOT] Node: '.'
    |  |        +-[IDENT] Node: 's'
    |  |        \-[IDENT] Node: 'preferredCourse'
    |  \-[SELECT] Node: 'select'
    |     +-[DOT] Node: '.'
    |     |  +-[IDENT] Node: 's'
    |     |  \-[IDENT] Node: 'name'
    |     \-[IDENT] Node: 's'
    \-[ORDER] Node: 'order'
       \-[DOT] Node: '.'
          +-[IDENT] Node: 's'
          \-[IDENT] Node: 'studentNumber'

14:18:51,041 DEBUG ErrorCounter:82 - throwQueryException() : no errors
14:18:51,041 DEBUG FromElement:157 - FromClause{level=1} : org.hibernate.test.querycache.Enrolment (e) -> enrolment0_
14:18:51,042 DEBUG FromReferenceNode:74 - Resolved : e -> (enrolment0_.studentId, enrolment0_.courseCode)
14:18:51,042 DEBUG DotNode:599 - getDataType() : student -> org.hibernate.type.ManyToOneType(org.hibernate.test.querycache.Student)
14:18:51,042 DEBUG DotNode:389 - dereferenceEntityJoin() : generating join for student in org.hibernate.test.querycache.Enrolment (s) parent = [ {null} ]
14:18:51,042 DEBUG FromElement:157 - FromClause{level=1} : org.hibernate.test.querycache.Student (s) -> student1_
14:18:51,042 DEBUG FromClause:282 - addJoinByPathMap() : e.student -> FromElement{explicit,not a collection join,not a fetch join,fetch non-lazy properties,classAlias=s,role=null,tableName=Student,tableAlias=student1_,origin=Enrolment enrolment0_,columns={enrolment0_.studentId ,className=org.hibernate.test.querycache.Student}}
14:18:51,042 DEBUG FromReferenceNode:74 - Resolved : e.student -> enrolment0_.studentId
14:18:51,043 DEBUG HqlSqlWalker:403 - createFromJoinElement() : -- join tree --
 \-[JOIN_FRAGMENT] FromElement: 'Student student1_' FromElement{explicit,not a collection join,not a fetch join,fetch non-lazy properties,classAlias=s,role=null,tableName=Student,tableAlias=student1_,origin=Enrolment enrolment0_,columns={enrolment0_.studentId ,className=org.hibernate.test.querycache.Student}}

14:18:51,043 DEBUG FromReferenceNode:74 - Resolved : s -> student1_.studentId
14:18:51,043 DEBUG DotNode:599 - getDataType() : preferredCourse -> org.hibernate.type.ManyToOneType(org.hibernate.test.querycache.Course)
14:18:51,043 DEBUG DotNode:389 - dereferenceEntityJoin() : generating join for preferredCourse in org.hibernate.test.querycache.Student (<no alias>) parent = [ {null} ]
14:18:51,043 DEBUG FromElement:157 - FromClause{level=1} : org.hibernate.test.querycache.Course (<no alias>) -> course2_
14:18:51,043 DEBUG FromClause:282 - addJoinByPathMap() : s.preferredCourse -> FromElement{explicit,not a collection join,not a fetch join,fetch non-lazy properties,classAlias=null,role=null,tableName=Course,tableAlias=course2_,origin=Student student1_,columns={student1_.preferredCourseCode ,className=org.hibernate.test.querycache.Course}}
14:18:51,043 DEBUG FromReferenceNode:74 - Resolved : s.preferredCourse -> student1_.preferredCourseCode
14:18:51,043 DEBUG HqlSqlWalker:403 - createFromJoinElement() : -- join tree --
 \-[JOIN_FRAGMENT] FromElement: 'Course course2_' FromElement{explicit,not a collection join,fetch join,fetch non-lazy properties,classAlias=null,role=null,tableName=Course,tableAlias=course2_,origin=Student student1_,columns={student1_.preferredCourseCode ,className=org.hibernate.test.querycache.Course}}

14:18:51,044 DEBUG FromReferenceNode:74 - Resolved : s -> student1_.studentId
14:18:51,044 DEBUG DotNode:599 - getDataType() : name -> org.hibernate.type.ComponentType@3547c719
14:18:51,044 DEBUG DotNode:588 - Terminal propertyPath = [name]
14:18:51,044 DEBUG FromReferenceNode:74 - Resolved : s.name -> student1_.name_first, student1_.name_middle, student1_.name_last
14:18:51,044 DEBUG FromReferenceNode:74 - Resolved : s -> student1_.studentId
14:18:51,044 DEBUG FromReferenceNode:74 - Resolved : s -> student1_.studentId
14:18:51,044 DEBUG DotNode:599 - getDataType() : studentNumber -> org.hibernate.type.LongType@4bf3f9d
14:18:51,044 DEBUG FromReferenceNode:74 - Resolved : s.studentNumber -> student1_.studentId
14:18:51,052 DEBUG HqlSqlWalker:629 - processQuery() :  ( SELECT ( {select clause} ( student1_.name_first, student1_.name_middle, student1_.name_last student1_.studentId name ) student1_.studentId ) ( FromClause{level=1} ( Enrolment enrolment0_ ( Student student1_ Course course2_ ) ) ) ( order ( student1_.studentId student1_.studentId studentNumber ) ) )
14:18:51,052 DEBUG JoinProcessor:175 - Using FROM fragment [Enrolment enrolment0_]
14:18:51,052 DEBUG JoinProcessor:175 - Using FROM fragment [left outer join Student student1_ on enrolment0_.studentId=student1_.studentId]
14:18:51,053 DEBUG JoinProcessor:175 - Using FROM fragment [left outer join Course course2_ on student1_.preferredCourseCode=course2_.courseCode]
14:18:51,053 DEBUG QueryTranslatorImpl:252 - --- SQL AST ---
 \-[SELECT] QueryNode: 'SELECT'  querySpaces (Student,Course,Enrolment)
    +-[SELECT_CLAUSE] SelectClause: '{select clause}'
    |  +-[DOT] DotNode: 'student1_.name_first' {propertyName=name,dereferenceType=2,propertyPath=name,path=s.name,tableAlias=student1_,className=org.hibernate.test.querycache.Student,classAlias=s}
    |  |  +-[ALIAS_REF] IdentNode: 'student1_.studentId' {alias=s, className=org.hibernate.test.querycache.Student, tableAlias=student1_}
    |  |  \-[IDENT] IdentNode: 'name' {originalText=name}
    |  +-[SELECT_COLUMNS] SqlNode: ' as col_0_0_'
    |  +-[SQL_TOKEN] SqlFragment: 'student1_.name_middle'
    |  +-[SELECT_COLUMNS] SqlNode: ' as col_0_1_'
    |  +-[SQL_TOKEN] SqlFragment: 'student1_.name_last'
    |  +-[SELECT_COLUMNS] SqlNode: ' as col_0_2_'
    |  +-[ALIAS_REF] IdentNode: 'student1_.studentId as col_1_0_' {alias=s, className=org.hibernate.test.querycache.Student, tableAlias=student1_}
    |  +-[SELECT_EXPR] SelectExpressionImpl: 'course2_.courseCode as courseCode1_2_' {FromElement{explicit,not a collection join,fetch join,fetch non-lazy properties,classAlias=null,role=null,tableName=Course,tableAlias=course2_,origin=left outer join Student student1_ on enrolment0_.studentId=student1_.studentId,columns={student1_.preferredCourseCode ,className=org.hibernate.test.querycache.Course}}}
    |  +-[SQL_TOKEN] SqlFragment: 'student1_.studentId as studentId4_0_'
    |  +-[SQL_TOKEN] SqlFragment: 'course2_.courseCode as courseCode1_1_'
    |  +-[SQL_TOKEN] SqlFragment: 'student1_.name_first as name2_4_0_, student1_.name_middle as name3_4_0_, student1_.name_last as name4_4_0_, student1_.preferredCourseCode as preferre5_4_0_'
    |  \-[SQL_TOKEN] SqlFragment: 'course2_.description as descript2_1_1_'
    +-[FROM] FromClause: 'from' FromClause{level=1, fromElementCounter=3, fromElements=3, fromElementByClassAlias=[e, s], fromElementByTableAlias=[student1_, enrolment0_, course2_], fromElementsByPath=[e.student, s.preferredCourse], collectionJoinFromElementsByPath=[], impliedElements=[]}
    |  \-[FROM_FRAGMENT] FromElement: 'Enrolment enrolment0_' FromElement{explicit,not a collection join,not a fetch join,fetch non-lazy properties,classAlias=e,role=null,tableName=Enrolment,tableAlias=enrolment0_,origin=null,columns={,className=org.hibernate.test.querycache.Enrolment}}
    |     \-[JOIN_FRAGMENT] FromElement: 'left outer join Student student1_ on enrolment0_.studentId=student1_.studentId' FromElement{explicit,not a collection join,not a fetch join,fetch non-lazy properties,classAlias=s,role=null,tableName=Student,tableAlias=student1_,origin=Enrolment enrolment0_,columns={enrolment0_.studentId ,className=org.hibernate.test.querycache.Student}}
    |        \-[JOIN_FRAGMENT] FromElement: 'left outer join Course course2_ on student1_.preferredCourseCode=course2_.courseCode' FromElement{explicit,not a collection join,fetch join,fetch non-lazy properties,classAlias=null,role=null,tableName=Course,tableAlias=course2_,origin=left outer join Student student1_ on enrolment0_.studentId=student1_.studentId,columns={student1_.preferredCourseCode ,className=org.hibernate.test.querycache.Course}}
    \-[ORDER] OrderByClause: 'order'
       \-[DOT] DotNode: 'student1_.studentId' {propertyName=studentNumber,dereferenceType=ALL,propertyPath=studentNumber,path=s.studentNumber,tableAlias=student1_,className=org.hibernate.test.querycache.Student,classAlias=s}
          +-[ALIAS_REF] IdentNode: 'student1_.studentId' {alias=s, className=org.hibernate.test.querycache.Student, tableAlias=student1_}
          \-[IDENT] IdentNode: 'studentNumber' {originalText=studentNumber}

14:18:51,062 DEBUG ErrorCounter:82 - throwQueryException() : no errors
14:18:51,062 DEBUG QueryTranslatorImpl:235 - HQL: select s.name, s from org.hibernate.test.querycache.Enrolment e left join e.student s left join fetch s.preferredCourse order by s.studentNumber
14:18:51,063 DEBUG QueryTranslatorImpl:236 - SQL: select student1_.name_first as col_0_0_, student1_.name_middle as col_0_1_, student1_.name_last as col_0_2_, student1_.studentId as col_1_0_, course2_.courseCode as courseCode1_2_, student1_.studentId as studentId4_0_, course2_.courseCode as courseCode1_1_, student1_.name_first as name2_4_0_, student1_.name_middle as name3_4_0_, student1_.name_last as name4_4_0_, student1_.preferredCourseCode as preferre5_4_0_, course2_.description as descript2_1_1_ from Enrolment enrolment0_ left outer join Student student1_ on enrolment0_.studentId=student1_.studentId left outer join Course course2_ on student1_.preferredCourseCode=course2_.courseCode order by student1_.studentId
14:18:51,063 DEBUG ErrorCounter:82 - throwQueryException() : no errors
14:18:51,063 DEBUG SQL:104 - 
    select
        student1_.name_first as col_0_0_,
        student1_.name_middle as col_0_1_,
        student1_.name_last as col_0_2_,
        student1_.studentId as col_1_0_,
        course2_.courseCode as courseCode1_2_,
        student1_.studentId as studentId4_0_,
        course2_.courseCode as courseCode1_1_,
        student1_.name_first as name2_4_0_,
        student1_.name_middle as name3_4_0_,
        student1_.name_last as name4_4_0_,
        student1_.preferredCourseCode as preferre5_4_0_,
        course2_.description as descript2_1_1_ 
    from
        Enrolment enrolment0_ 
    left outer join
        Student student1_ 
            on enrolment0_.studentId=student1_.studentId 
    left outer join
        Course course2_ 
            on student1_.preferredCourseCode=course2_.courseCode 
    order by
        student1_.studentId
14:18:51,064 DEBUG SQL:104 - 
    select
        secretcode0_.studentNumber as studentN1_4_0_,
        secretcode0_.secretCode as secretCode5_0_,
        secretcode0_.i as i0_ 
    from
        Student_secretCodes secretcode0_ 
    where
        secretcode0_.studentNumber=?
14:18:51,074 DEBUG SQL:104 - 
    select
        coursemeet0_.courseCode as courseCode1_1_,
        coursemeet0_.courseCode as courseCode2_1_,
        coursemeet0_.day as day2_1_,
        coursemeet0_.period as period2_1_,
        coursemeet0_.location as location2_1_,
        coursemeet0_.courseCode as courseCode2_0_,
        coursemeet0_.day as day2_0_,
        coursemeet0_.period as period2_0_,
        coursemeet0_.location as location2_0_ 
    from
        CourseMeeting coursemeet0_ 
    where
        coursemeet0_.courseCode=?
14:18:51,075 DEBUG SQL:104 - 
    select
        secretcode0_.studentNumber as studentN1_4_0_,
        secretcode0_.secretCode as secretCode5_0_,
        secretcode0_.i as i0_ 
    from
        Student_secretCodes secretcode0_ 
    where
        secretcode0_.studentNumber=?
14:18:51,075 DEBUG BaseGeneralDataRegion:59 - Caching[foo.org.hibernate.cache.internal.StandardQueryCache] : [sql: select student1_.name_first as col_0_0_, student1_.name_middle as col_0_1_, student1_.name_last as col_0_2_, student1_.studentId as col_1_0_, course2_.courseCode as courseCode1_2_, student1_.studentId as studentId4_0_, course2_.courseCode as courseCode1_1_, student1_.name_first as name2_4_0_, student1_.name_middle as name3_4_0_, student1_.name_last as name4_4_0_, student1_.preferredCourseCode as preferre5_4_0_, course2_.description as descript2_1_1_ from Enrolment enrolment0_ left outer join Student student1_ on enrolment0_.studentId=student1_.studentId left outer join Course course2_ on student1_.preferredCourseCode=course2_.courseCode order by student1_.studentId; parameters: ; named parameters: {}; transformer: org.hibernate.transform.CacheableResultTransformer@1406bf] -> [[5579090866483200, [Ljava.io.Serializable;@3e6a01f8, [Ljava.io.Serializable;@21a760cb]]
14:18:51,076 DEBUG SQL:104 - 
    select
        student1_.name_first as col_0_0_,
        student1_.name_middle as col_0_1_,
        student1_.name_last as col_0_2_,
        student1_.studentId as col_1_0_,
        course2_.courseCode as courseCode1_2_,
        student1_.studentId as studentId4_0_,
        course2_.courseCode as courseCode1_1_,
        student1_.name_first as name2_4_0_,
        student1_.name_middle as name3_4_0_,
        student1_.name_last as name4_4_0_,
        student1_.preferredCourseCode as preferre5_4_0_,
        course2_.description as descript2_1_1_ 
    from
        Enrolment enrolment0_ 
    left outer join
        Student student1_ 
            on enrolment0_.studentId=student1_.studentId 
    left outer join
        Course course2_ 
            on student1_.preferredCourseCode=course2_.courseCode 
    order by
        student1_.studentId
14:18:51,076 DEBUG SQL:104 - 
    select
        secretcode0_.studentNumber as studentN1_4_0_,
        secretcode0_.secretCode as secretCode5_0_,
        secretcode0_.i as i0_ 
    from
        Student_secretCodes secretcode0_ 
    where
        secretcode0_.studentNumber=?
14:18:51,086 DEBUG SQL:104 - 
    select
        coursemeet0_.courseCode as courseCode1_1_,
        coursemeet0_.courseCode as courseCode2_1_,
        coursemeet0_.day as day2_1_,
        coursemeet0_.period as period2_1_,
        coursemeet0_.location as location2_1_,
        coursemeet0_.courseCode as courseCode2_0_,
        coursemeet0_.day as day2_0_,
        coursemeet0_.period as period2_0_,
        coursemeet0_.location as location2_0_ 
    from
        CourseMeeting coursemeet0_ 
    where
        coursemeet0_.courseCode=?
14:18:51,087 DEBUG SQL:104 - 
    select
        secretcode0_.studentNumber as studentN1_4_0_,
        secretcode0_.secretCode as secretCode5_0_,
        secretcode0_.i as i0_ 
    from
        Student_secretCodes secretcode0_ 
    where
        secretcode0_.studentNumber=?
14:18:51,087 DEBUG BaseGeneralDataRegion:59 - Caching[foo.org.hibernate.cache.internal.StandardQueryCache] : [sql: select student1_.name_first as col_0_0_, student1_.name_middle as col_0_1_, student1_.name_last as col_0_2_, student1_.studentId as col_1_0_, course2_.courseCode as courseCode1_2_, student1_.studentId as studentId4_0_, course2_.courseCode as courseCode1_1_, student1_.name_first as name2_4_0_, student1_.name_middle as name3_4_0_, student1_.name_last as name4_4_0_, student1_.preferredCourseCode as preferre5_4_0_, course2_.description as descript2_1_1_ from Enrolment enrolment0_ left outer join Student student1_ on enrolment0_.studentId=student1_.studentId left outer join Course course2_ on student1_.preferredCourseCode=course2_.courseCode order by student1_.studentId; parameters: ; named parameters: {}; transformer: org.hibernate.transform.CacheableResultTransformer@1406bf] -> [[5579090866532352, [Ljava.io.Serializable;@4183ee0d, [Ljava.io.Serializable;@3c81b915]]
14:18:51,098 DEBUG SQL:104 - 
    select
        student_.studentId,
        student_.name_first as name2_4_,
        student_.name_middle as name3_4_,
        student_.name_last as name4_4_,
        student_.preferredCourseCode as preferre5_4_ 
    from
        Student student_ 
    where
        student_.studentId=?
14:18:51,099 DEBUG SQL:104 - 
    select
        enrolment_.studentId,
        enrolment_.courseCode,
        enrolment_.semester as semester3_,
        enrolment_."year" as year4_3_ 
    from
        Enrolment enrolment_ 
    where
        enrolment_.studentId=? 
        and enrolment_.courseCode=?
14:18:51,099 DEBUG SQL:104 - 
    select
        course_.courseCode,
        course_.description as descript2_1_ 
    from
        Course course_ 
    where
        course_.courseCode=?
14:18:51,111 DEBUG SQL:104 - 
    select
        student_.studentId,
        student_.name_first as name2_4_,
        student_.name_middle as name3_4_,
        student_.name_last as name4_4_,
        student_.preferredCourseCode as preferre5_4_ 
    from
        Student student_ 
    where
        student_.studentId=?
14:18:51,112 DEBUG SQL:104 - 
    select
        enrolment_.studentId,
        enrolment_.courseCode,
        enrolment_.semester as semester3_,
        enrolment_."year" as year4_3_ 
    from
        Enrolment enrolment_ 
    where
        enrolment_.studentId=? 
        and enrolment_.courseCode=?
14:18:51,121 DEBUG SQL:104 - 
    select
        coursemeet_.courseCode,
        coursemeet_.day,
        coursemeet_.period,
        coursemeet_.location 
    from
        CourseMeeting coursemeet_ 
    where
        coursemeet_.courseCode=? 
        and coursemeet_.day=? 
        and coursemeet_.period=? 
        and coursemeet_.location=?
14:18:51,121 DEBUG SQL:104 - 
    select
        coursemeet_.courseCode,
        coursemeet_.day,
        coursemeet_.period,
        coursemeet_.location 
    from
        CourseMeeting coursemeet_ 
    where
        coursemeet_.courseCode=? 
        and coursemeet_.day=? 
        and coursemeet_.period=? 
        and coursemeet_.location=?
14:18:51,131 DEBUG BaseGeneralDataRegion:59 - Caching[foo.org.hibernate.cache.spi.UpdateTimestampsCache] : [Enrolment] -> [5579091112472576]
14:18:51,131 DEBUG SQL:104 - 
    update
        Address 
    set
        studentNumber=null,
        addressType=null 
    where
        studentNumber=?
14:18:51,131 DEBUG BaseGeneralDataRegion:59 - Caching[foo.org.hibernate.cache.spi.UpdateTimestampsCache] : [Address] -> [5579091112472577]
14:18:51,132 DEBUG SQL:104 - 
    delete 
    from
        Student_secretCodes 
    where
        studentNumber=?
14:18:51,132 DEBUG BaseGeneralDataRegion:59 - Caching[foo.org.hibernate.cache.spi.UpdateTimestampsCache] : [Student_secretCodes] -> [5579091112476672]
14:18:51,132 DEBUG BaseGeneralDataRegion:59 - Caching[foo.org.hibernate.cache.spi.UpdateTimestampsCache] : [Enrolment] -> [5579091112476673]
14:18:51,132 DEBUG BaseGeneralDataRegion:59 - Caching[foo.org.hibernate.cache.spi.UpdateTimestampsCache] : [Address] -> [5579091112476674]
14:18:51,132 DEBUG SQL:104 - 
    delete 
    from
        Student_secretCodes 
    where
        studentNumber=?
14:18:51,132 DEBUG BaseGeneralDataRegion:59 - Caching[foo.org.hibernate.cache.spi.UpdateTimestampsCache] : [Student_secretCodes] -> [5579091112476675]
14:18:51,132 DEBUG BaseGeneralDataRegion:59 - Caching[foo.org.hibernate.cache.spi.UpdateTimestampsCache] : [CourseMeeting] -> [5579091112476676]
14:18:51,142 DEBUG SQL:104 - 
    delete 
    from
        Enrolment 
    where
        studentId=? 
        and courseCode=?
14:18:51,142 DEBUG BaseGeneralDataRegion:59 - Caching[foo.org.hibernate.cache.spi.UpdateTimestampsCache] : [Enrolment] -> [5579091112517632]
14:18:51,142 DEBUG SQL:104 - 
    delete 
    from
        Address 
    where
        id=?
14:18:51,143 DEBUG BaseGeneralDataRegion:59 - Caching[foo.org.hibernate.cache.spi.UpdateTimestampsCache] : [Address] -> [5579091112521728]
14:18:51,143 DEBUG SQL:104 - 
    delete 
    from
        Address 
    where
        id=?
14:18:51,143 DEBUG BaseGeneralDataRegion:59 - Caching[foo.org.hibernate.cache.spi.UpdateTimestampsCache] : [Address] -> [5579091112521729]
14:18:51,143 DEBUG SQL:104 - 
    delete 
    from
        Student 
    where
        studentId=?
14:18:51,143 DEBUG BaseGeneralDataRegion:59 - Caching[foo.org.hibernate.cache.spi.UpdateTimestampsCache] : [Student] -> [5579091112521730]
14:18:51,151 DEBUG SQL:104 - 
    delete 
    from
        Enrolment 
    where
        studentId=? 
        and courseCode=?
14:18:51,151 DEBUG BaseGeneralDataRegion:59 - Caching[foo.org.hibernate.cache.spi.UpdateTimestampsCache] : [Enrolment] -> [5579091112554496]
14:18:51,151 DEBUG SQL:104 - 
    delete 
    from
        Student 
    where
        studentId=?
14:18:51,151 DEBUG BaseGeneralDataRegion:59 - Caching[foo.org.hibernate.cache.spi.UpdateTimestampsCache] : [Student] -> [5579091112554497]
14:18:51,151 DEBUG SQL:104 - 
    delete 
    from
        CourseMeeting 
    where
        courseCode=? 
        and day=? 
        and period=? 
        and location=?
14:18:51,152 DEBUG BaseGeneralDataRegion:59 - Caching[foo.org.hibernate.cache.spi.UpdateTimestampsCache] : [CourseMeeting] -> [5579091112558592]
14:18:51,152 DEBUG SQL:104 - 
    delete 
    from
        CourseMeeting 
    where
        courseCode=? 
        and day=? 
        and period=? 
        and location=?
14:18:51,162 DEBUG BaseGeneralDataRegion:59 - Caching[foo.org.hibernate.cache.spi.UpdateTimestampsCache] : [CourseMeeting] -> [5579091112599552]
14:18:51,162 DEBUG SQL:104 - 
    delete 
    from
        Course 
    where
        courseCode=?
14:18:51,162 DEBUG BaseGeneralDataRegion:59 - Caching[foo.org.hibernate.cache.spi.UpdateTimestampsCache] : [Course] -> [5579091112599553]
14:18:51,162 DEBUG BaseGeneralDataRegion:59 - Caching[foo.org.hibernate.cache.spi.UpdateTimestampsCache] : [Student] -> [5579090866839554]
14:18:51,163 DEBUG BaseGeneralDataRegion:59 - Caching[foo.org.hibernate.cache.spi.UpdateTimestampsCache] : [Course] -> [5579090866839554]
14:18:51,163 DEBUG BaseGeneralDataRegion:59 - Caching[foo.org.hibernate.cache.spi.UpdateTimestampsCache] : [Enrolment] -> [5579090866839554]
14:18:51,163 DEBUG BaseGeneralDataRegion:59 - Caching[foo.org.hibernate.cache.spi.UpdateTimestampsCache] : [Student_secretCodes] -> [5579090866839554]
14:18:51,163 DEBUG BaseGeneralDataRegion:59 - Caching[foo.org.hibernate.cache.spi.UpdateTimestampsCache] : [Address] -> [5579090866839554]
14:18:51,163 DEBUG BaseGeneralDataRegion:59 - Caching[foo.org.hibernate.cache.spi.UpdateTimestampsCache] : [CourseMeeting] -> [5579090866839554]
14:18:51,163  INFO CustomRunner:139 - Test: testEntityWithJoinFetchedLazyOneToManyMultiAndNullElementList
14:18:51,164 DEBUG SQL:104 - 
    select
        coursemeet_.courseCode,
        coursemeet_.day,
        coursemeet_.period,
        coursemeet_.location 
    from
        CourseMeeting coursemeet_ 
    where
        coursemeet_.courseCode=? 
        and coursemeet_.day=? 
        and coursemeet_.period=? 
        and coursemeet_.location=?
14:18:51,172 DEBUG SQL:104 - 
    select
        coursemeet_.courseCode,
        coursemeet_.day,
        coursemeet_.period,
        coursemeet_.location 
    from
        CourseMeeting coursemeet_ 
    where
        coursemeet_.courseCode=? 
        and coursemeet_.day=? 
        and coursemeet_.period=? 
        and coursemeet_.location=?
14:18:51,173 DEBUG SQL:104 - 
    insert 
    into
        Course
        (description, courseCode) 
    values
        (?, ?)
14:18:51,173 DEBUG BaseGeneralDataRegion:59 - Caching[foo.org.hibernate.cache.spi.UpdateTimestampsCache] : [Course] -> [5579091112644608]
14:18:51,173 DEBUG SQL:104 - 
    insert 
    into
        CourseMeeting
        (courseCode, day, period, location) 
    values
        (?, ?, ?, ?)
14:18:51,185 DEBUG BaseGeneralDataRegion:59 - Caching[foo.org.hibernate.cache.spi.UpdateTimestampsCache] : [CourseMeeting] -> [5579091112693760]
14:18:51,185 DEBUG SQL:104 - 
    insert 
    into
        CourseMeeting
        (courseCode, day, period, location) 
    values
        (?, ?, ?, ?)
14:18:51,185 DEBUG BaseGeneralDataRegion:59 - Caching[foo.org.hibernate.cache.spi.UpdateTimestampsCache] : [CourseMeeting] -> [5579091112693761]
14:18:51,185 DEBUG SQL:104 - 
    insert 
    into
        Student
        (name_first, name_middle, name_last, preferredCourseCode, studentId) 
    values
        (?, ?, ?, ?, ?)
14:18:51,186 DEBUG BaseGeneralDataRegion:59 - Caching[foo.org.hibernate.cache.spi.UpdateTimestampsCache] : [Student] -> [5579091112697856]
14:18:51,186 DEBUG SQL:104 - 
    insert 
    into
        Address
        (addressType, street, city, stateProvince, postalCode, country, studentNumber, id) 
    values
        (?, ?, ?, ?, ?, ?, ?, ?)
14:18:51,186 DEBUG BaseGeneralDataRegion:59 - Caching[foo.org.hibernate.cache.spi.UpdateTimestampsCache] : [Address] -> [5579091112697857]
14:18:51,186 DEBUG SQL:104 - 
    insert 
    into
        Address
        (addressType, street, city, stateProvince, postalCode, country, studentNumber, id) 
    values
        (?, ?, ?, ?, ?, ?, ?, ?)
14:18:51,197 DEBUG BaseGeneralDataRegion:59 - Caching[foo.org.hibernate.cache.spi.UpdateTimestampsCache] : [Address] -> [5579091112742912]
14:18:51,197 DEBUG SQL:104 - 
    insert 
    into
        Student
        (name_first, name_middle, name_last, preferredCourseCode, studentId) 
    values
        (?, ?, ?, ?, ?)
14:18:51,197 DEBUG BaseGeneralDataRegion:59 - Caching[foo.org.hibernate.cache.spi.UpdateTimestampsCache] : [Student] -> [5579091112742913]
14:18:51,197 DEBUG SQL:104 - 
    insert 
    into
        Enrolment
        (semester, "year", studentId, courseCode) 
    values
        (?, ?, ?, ?)
14:18:51,197 DEBUG BaseGeneralDataRegion:59 - Caching[foo.org.hibernate.cache.spi.UpdateTimestampsCache] : [Enrolment] -> [5579091112742914]
14:18:51,198 DEBUG SQL:104 - 
    insert 
    into
        Enrolment
        (semester, "year", studentId, courseCode) 
    values
        (?, ?, ?, ?)
14:18:51,198 DEBUG BaseGeneralDataRegion:59 - Caching[foo.org.hibernate.cache.spi.UpdateTimestampsCache] : [Enrolment] -> [5579091112747008]
14:18:51,198 DEBUG BaseGeneralDataRegion:59 - Caching[foo.org.hibernate.cache.spi.UpdateTimestampsCache] : [CourseMeeting] -> [5579091112747009]
14:18:51,198 DEBUG BaseGeneralDataRegion:59 - Caching[foo.org.hibernate.cache.spi.UpdateTimestampsCache] : [Enrolment] -> [5579091112747010]
14:18:51,198 DEBUG SQL:104 - 
    update
        Address 
    set
        studentNumber=?,
        addressType=? 
    where
        id=?
14:18:51,198 DEBUG SQL:104 - 
    update
        Address 
    set
        studentNumber=?,
        addressType=? 
    where
        id=?
14:18:51,198 DEBUG BaseGeneralDataRegion:59 - Caching[foo.org.hibernate.cache.spi.UpdateTimestampsCache] : [Address] -> [5579091112747011]
14:18:51,199 DEBUG SQL:104 - 
    insert 
    into
        Student_secretCodes
        (studentNumber, i, secretCode) 
    values
        (?, ?, ?)
14:18:51,199 DEBUG BaseGeneralDataRegion:59 - Caching[foo.org.hibernate.cache.spi.UpdateTimestampsCache] : [Student_secretCodes] -> [5579091112751104]
14:18:51,199 DEBUG BaseGeneralDataRegion:59 - Caching[foo.org.hibernate.cache.spi.UpdateTimestampsCache] : [Enrolment] -> [5579091112751105]
14:18:51,199 DEBUG BaseGeneralDataRegion:59 - Caching[foo.org.hibernate.cache.spi.UpdateTimestampsCache] : [Address] -> [5579091112751106]
14:18:51,199 DEBUG SQL:104 - 
    insert 
    into
        Student_secretCodes
        (studentNumber, i, secretCode) 
    values
        (?, ?, ?)
14:18:51,207 DEBUG SQL:104 - 
    insert 
    into
        Student_secretCodes
        (studentNumber, i, secretCode) 
    values
        (?, ?, ?)
14:18:51,208 DEBUG BaseGeneralDataRegion:59 - Caching[foo.org.hibernate.cache.spi.UpdateTimestampsCache] : [Student_secretCodes] -> [5579091112787968]
14:18:51,208 DEBUG BaseGeneralDataRegion:59 - Caching[foo.org.hibernate.cache.spi.UpdateTimestampsCache] : [Student] -> [5579090867027969]
14:18:51,208 DEBUG BaseGeneralDataRegion:59 - Caching[foo.org.hibernate.cache.spi.UpdateTimestampsCache] : [Course] -> [5579090867027969]
14:18:51,208 DEBUG BaseGeneralDataRegion:59 - Caching[foo.org.hibernate.cache.spi.UpdateTimestampsCache] : [Enrolment] -> [5579090867027969]
14:18:51,208 DEBUG BaseGeneralDataRegion:59 - Caching[foo.org.hibernate.cache.spi.UpdateTimestampsCache] : [Student_secretCodes] -> [5579090867027969]
14:18:51,208 DEBUG BaseGeneralDataRegion:59 - Caching[foo.org.hibernate.cache.spi.UpdateTimestampsCache] : [Address] -> [5579090867027969]
14:18:51,208 DEBUG BaseGeneralDataRegion:59 - Caching[foo.org.hibernate.cache.spi.UpdateTimestampsCache] : [CourseMeeting] -> [5579090867027969]
14:18:51,209 DEBUG QueryTranslatorImpl:265 - parse() - HQL: from org.hibernate.test.querycache.Student s left join fetch s.addresses order by s.studentNumber
14:18:51,210 DEBUG QueryTranslatorImpl:283 - --- HQL AST ---
 \-[QUERY] Node: 'query'
    +-[SELECT_FROM] Node: 'SELECT_FROM'
    |  \-[FROM] Node: 'from'
    |     +-[RANGE] Node: 'RANGE'
    |     |  +-[DOT] Node: '.'
    |     |  |  +-[DOT] Node: '.'
    |     |  |  |  +-[DOT] Node: '.'
    |     |  |  |  |  +-[DOT] Node: '.'
    |     |  |  |  |  |  +-[IDENT] Node: 'org'
    |     |  |  |  |  |  \-[IDENT] Node: 'hibernate'
    |     |  |  |  |  \-[IDENT] Node: 'test'
    |     |  |  |  \-[IDENT] Node: 'querycache'
    |     |  |  \-[IDENT] Node: 'Student'
    |     |  \-[ALIAS] Node: 's'
    |     \-[JOIN] Node: 'join'
    |        +-[LEFT] Node: 'left'
    |        +-[FETCH] Node: 'fetch'
    |        \-[DOT] Node: '.'
    |           +-[IDENT] Node: 's'
    |           \-[IDENT] Node: 'addresses'
    \-[ORDER] Node: 'order'
       \-[DOT] Node: '.'
          +-[IDENT] Node: 's'
          \-[IDENT] Node: 'studentNumber'

14:18:51,219 DEBUG ErrorCounter:82 - throwQueryException() : no errors
14:18:51,220 DEBUG FromElement:157 - FromClause{level=1} : org.hibernate.test.querycache.Student (s) -> student0_
14:18:51,220 DEBUG FromReferenceNode:74 - Resolved : s -> student0_.studentId
14:18:51,220 DEBUG DotNode:599 - getDataType() : addresses -> org.hibernate.type.MapType(org.hibernate.test.querycache.Student.addresses)
14:18:51,220 DEBUG FromElementFactory:376 - createEntityAssociation() : One to many - path = s.addresses role = org.hibernate.test.querycache.Student.addresses associatedEntityName = org.hibernate.test.querycache.Address
14:18:51,220 DEBUG FromElement:157 - FromClause{level=1} : org.hibernate.test.querycache.Address (<no alias>) -> addresses1_
14:18:51,220 DEBUG FromClause:282 - addJoinByPathMap() : s.addresses -> FromElement{explicit,not a collection join,not a fetch join,fetch non-lazy properties,classAlias=null,role=null,tableName=Address,tableAlias=addresses1_,origin=Student student0_,columns={student0_.studentId ,className=org.hibernate.test.querycache.Address}}
14:18:51,221 DEBUG DotNode:308 - dereferenceCollection() : Created new FROM element for s.addresses : Address addresses1_
14:18:51,221 DEBUG FromReferenceNode:74 - Resolved : s.addresses -> .
14:18:51,221 DEBUG HqlSqlWalker:403 - createFromJoinElement() : -- join tree --
 \-[JOIN_FRAGMENT] FromElement: 'Address addresses1_' FromElement{explicit,not a collection join,fetch join,fetch non-lazy properties,classAlias=null,role=org.hibernate.test.querycache.Student.addresses,tableName=Address,tableAlias=addresses1_,origin=Student student0_,columns={student0_.studentId ,className=org.hibernate.test.querycache.Address}}

14:18:51,221 DEBUG FromReferenceNode:74 - Resolved : s -> student0_.studentId
14:18:51,221 DEBUG DotNode:599 - getDataType() : studentNumber -> org.hibernate.type.LongType@4bf3f9d
14:18:51,221 DEBUG FromReferenceNode:74 - Resolved : s.studentNumber -> student0_.studentId
14:18:51,229 DEBUG HqlSqlWalker:629 - processQuery() :  ( SELECT ( FromClause{level=1} ( Student student0_ Address addresses1_ ) ) ( order ( student0_.studentId student0_.studentId studentNumber ) ) )
14:18:51,229 DEBUG HqlSqlWalker:869 - Derived SELECT clause created.
14:18:51,229 DEBUG JoinProcessor:175 - Using FROM fragment [Student student0_]
14:18:51,229 DEBUG JoinProcessor:175 - Using FROM fragment [left outer join Address addresses1_ on student0_.studentId=addresses1_.studentNumber]
14:18:51,230 DEBUG QueryTranslatorImpl:252 - --- SQL AST ---
 \-[SELECT] QueryNode: 'SELECT'  querySpaces (Student,Address)
    +-[SELECT_CLAUSE] SelectClause: '{derived select clause}'
    |  +-[SELECT_EXPR] SelectExpressionImpl: 'student0_.studentId as studentId4_0_' {FromElement{explicit,not a collection join,not a fetch join,fetch non-lazy properties,classAlias=s,role=null,tableName=Student,tableAlias=student0_,origin=null,columns={,className=org.hibernate.test.querycache.Student}}}
    |  +-[SELECT_EXPR] SelectExpressionImpl: 'addresses1_.id as id0_1_' {FromElement{explicit,not a collection join,fetch join,fetch non-lazy properties,classAlias=null,role=org.hibernate.test.querycache.Student.addresses,tableName=Address,tableAlias=addresses1_,origin=Student student0_,columns={student0_.studentId ,className=org.hibernate.test.querycache.Address}}}
    |  +-[SQL_TOKEN] SqlFragment: 'student0_.name_first as name2_4_0_, student0_.name_middle as name3_4_0_, student0_.name_last as name4_4_0_, student0_.preferredCourseCode as preferre5_4_0_'
    |  +-[SQL_TOKEN] SqlFragment: 'addresses1_.addressType as addressT2_0_1_, addresses1_.street as street0_1_, addresses1_.city as city0_1_, addresses1_.stateProvince as statePro5_0_1_, addresses1_.postalCode as postalCode0_1_, addresses1_.country as country0_1_, addresses1_.studentNumber as studentN8_0_1_'
    |  \-[SQL_TOKEN] SqlFragment: 'addresses1_.studentNumber as studentN8_4_0__, addresses1_.id as id0_0__, addresses1_.addressType as addressT2_0__'
    +-[FROM] FromClause: 'from' FromClause{level=1, fromElementCounter=2, fromElements=2, fromElementByClassAlias=[s], fromElementByTableAlias=[student0_, addresses1_], fromElementsByPath=[s.addresses], collectionJoinFromElementsByPath=[], impliedElements=[]}
    |  \-[FROM_FRAGMENT] FromElement: 'Student student0_' FromElement{explicit,not a collection join,not a fetch join,fetch non-lazy properties,classAlias=s,role=null,tableName=Student,tableAlias=student0_,origin=null,columns={,className=org.hibernate.test.querycache.Student}}
    |     \-[JOIN_FRAGMENT] FromElement: 'left outer join Address addresses1_ on student0_.studentId=addresses1_.studentNumber' FromElement{explicit,not a collection join,fetch join,fetch non-lazy properties,classAlias=null,role=org.hibernate.test.querycache.Student.addresses,tableName=Address,tableAlias=addresses1_,origin=Student student0_,columns={student0_.studentId ,className=org.hibernate.test.querycache.Address}}
    \-[ORDER] OrderByClause: 'order'
       \-[DOT] DotNode: 'student0_.studentId' {propertyName=studentNumber,dereferenceType=ALL,propertyPath=studentNumber,path=s.studentNumber,tableAlias=student0_,className=org.hibernate.test.querycache.Student,classAlias=s}
          +-[ALIAS_REF] IdentNode: 'student0_.studentId' {alias=s, className=org.hibernate.test.querycache.Student, tableAlias=student0_}
          \-[IDENT] IdentNode: 'studentNumber' {originalText=studentNumber}

14:18:51,240 DEBUG ErrorCounter:82 - throwQueryException() : no errors
14:18:51,240 DEBUG QueryTranslatorImpl:235 - HQL: from org.hibernate.test.querycache.Student s left join fetch s.addresses order by s.studentNumber
14:18:51,240 DEBUG QueryTranslatorImpl:236 - SQL: select student0_.studentId as studentId4_0_, addresses1_.id as id0_1_, student0_.name_first as name2_4_0_, student0_.name_middle as name3_4_0_, student0_.name_last as name4_4_0_, student0_.preferredCourseCode as preferre5_4_0_, addresses1_.addressType as addressT2_0_1_, addresses1_.street as street0_1_, addresses1_.city as city0_1_, addresses1_.stateProvince as statePro5_0_1_, addresses1_.postalCode as postalCode0_1_, addresses1_.country as country0_1_, addresses1_.studentNumber as studentN8_0_1_, addresses1_.studentNumber as studentN8_4_0__, addresses1_.id as id0_0__, addresses1_.addressType as addressT2_0__ from Student student0_ left outer join Address addresses1_ on student0_.studentId=addresses1_.studentNumber order by student0_.studentId
14:18:51,240 DEBUG ErrorCounter:82 - throwQueryException() : no errors
14:18:51,241 DEBUG SQL:104 - 
    select
        student0_.studentId as studentId4_0_,
        addresses1_.id as id0_1_,
        student0_.name_first as name2_4_0_,
        student0_.name_middle as name3_4_0_,
        student0_.name_last as name4_4_0_,
        student0_.preferredCourseCode as preferre5_4_0_,
        addresses1_.addressType as addressT2_0_1_,
        addresses1_.street as street0_1_,
        addresses1_.city as city0_1_,
        addresses1_.stateProvince as statePro5_0_1_,
        addresses1_.postalCode as postalCode0_1_,
        addresses1_.country as country0_1_,
        addresses1_.studentNumber as studentN8_0_1_,
        addresses1_.studentNumber as studentN8_4_0__,
        addresses1_.id as id0_0__,
        addresses1_.addressType as addressT2_0__ 
    from
        Student student0_ 
    left outer join
        Address addresses1_ 
            on student0_.studentId=addresses1_.studentNumber 
    order by
        student0_.studentId
14:18:51,256 DEBUG SQL:104 - 
    select
        secretcode0_.studentNumber as studentN1_4_0_,
        secretcode0_.secretCode as secretCode5_0_,
        secretcode0_.i as i0_ 
    from
        Student_secretCodes secretcode0_ 
    where
        secretcode0_.studentNumber=?
14:18:51,256 DEBUG SQL:104 - 
    select
        secretcode0_.studentNumber as studentN1_4_0_,
        secretcode0_.secretCode as secretCode5_0_,
        secretcode0_.i as i0_ 
    from
        Student_secretCodes secretcode0_ 
    where
        secretcode0_.studentNumber=?
14:18:51,256 DEBUG BaseGeneralDataRegion:59 - Caching[foo.org.hibernate.cache.internal.StandardQueryCache] : [sql: select student0_.studentId as studentId4_0_, addresses1_.id as id0_1_, student0_.name_first as name2_4_0_, student0_.name_middle as name3_4_0_, student0_.name_last as name4_4_0_, student0_.preferredCourseCode as preferre5_4_0_, addresses1_.addressType as addressT2_0_1_, addresses1_.street as street0_1_, addresses1_.city as city0_1_, addresses1_.stateProvince as statePro5_0_1_, addresses1_.postalCode as postalCode0_1_, addresses1_.country as country0_1_, addresses1_.studentNumber as studentN8_0_1_, addresses1_.studentNumber as studentN8_4_0__, addresses1_.id as id0_0__, addresses1_.addressType as addressT2_0__ from Student student0_ left outer join Address addresses1_ on student0_.studentId=addresses1_.studentNumber order by student0_.studentId; parameters: ; named parameters: {}; transformer: org.hibernate.transform.CacheableResultTransformer@138f59] -> [[5579090867224576, 111, 111, 999]]
14:18:51,257 DEBUG SQL:104 - 
    select
        student0_.studentId as studentId4_0_,
        addresses1_.id as id0_1_,
        student0_.name_first as name2_4_0_,
        student0_.name_middle as name3_4_0_,
        student0_.name_last as name4_4_0_,
        student0_.preferredCourseCode as preferre5_4_0_,
        addresses1_.addressType as addressT2_0_1_,
        addresses1_.street as street0_1_,
        addresses1_.city as city0_1_,
        addresses1_.stateProvince as statePro5_0_1_,
        addresses1_.postalCode as postalCode0_1_,
        addresses1_.country as country0_1_,
        addresses1_.studentNumber as studentN8_0_1_,
        addresses1_.studentNumber as studentN8_4_0__,
        addresses1_.id as id0_0__,
        addresses1_.addressType as addressT2_0__ 
    from
        Student student0_ 
    left outer join
        Address addresses1_ 
            on student0_.studentId=addresses1_.studentNumber 
    order by
        student0_.studentId
14:18:51,267 DEBUG SQL:104 - 
    select
        secretcode0_.studentNumber as studentN1_4_0_,
        secretcode0_.secretCode as secretCode5_0_,
        secretcode0_.i as i0_ 
    from
        Student_secretCodes secretcode0_ 
    where
        secretcode0_.studentNumber=?
14:18:51,267 DEBUG SQL:104 - 
    select
        secretcode0_.studentNumber as studentN1_4_0_,
        secretcode0_.secretCode as secretCode5_0_,
        secretcode0_.i as i0_ 
    from
        Student_secretCodes secretcode0_ 
    where
        secretcode0_.studentNumber=?
14:18:51,279 DEBUG BaseGeneralDataRegion:59 - Caching[foo.org.hibernate.cache.internal.StandardQueryCache] : [sql: select student0_.studentId as studentId4_0_, addresses1_.id as id0_1_, student0_.name_first as name2_4_0_, student0_.name_middle as name3_4_0_, student0_.name_last as name4_4_0_, student0_.preferredCourseCode as preferre5_4_0_, addresses1_.addressType as addressT2_0_1_, addresses1_.street as street0_1_, addresses1_.city as city0_1_, addresses1_.stateProvince as statePro5_0_1_, addresses1_.postalCode as postalCode0_1_, addresses1_.country as country0_1_, addresses1_.studentNumber as studentN8_0_1_, addresses1_.studentNumber as studentN8_4_0__, addresses1_.id as id0_0__, addresses1_.addressType as addressT2_0__ from Student student0_ left outer join Address addresses1_ on student0_.studentId=addresses1_.studentNumber order by student0_.studentId; parameters: ; named parameters: {}; transformer: org.hibernate.transform.CacheableResultTransformer@138f59] -> [[5579090867318784, 111, 111, 999]]
14:18:51,280 DEBUG SQL:104 - 
    select
        student_.studentId,
        student_.name_first as name2_4_,
        student_.name_middle as name3_4_,
        student_.name_last as name4_4_,
        student_.preferredCourseCode as preferre5_4_ 
    from
        Student student_ 
    where
        student_.studentId=?
14:18:51,280 DEBUG SQL:104 - 
    select
        enrolment_.studentId,
        enrolment_.courseCode,
        enrolment_.semester as semester3_,
        enrolment_."year" as year4_3_ 
    from
        Enrolment enrolment_ 
    where
        enrolment_.studentId=? 
        and enrolment_.courseCode=?
14:18:51,289 DEBUG SQL:104 - 
    select
        course_.courseCode,
        course_.description as descript2_1_ 
    from
        Course course_ 
    where
        course_.courseCode=?
14:18:51,289 DEBUG SQL:104 - 
    select
        student_.studentId,
        student_.name_first as name2_4_,
        student_.name_middle as name3_4_,
        student_.name_last as name4_4_,
        student_.preferredCourseCode as preferre5_4_ 
    from
        Student student_ 
    where
        student_.studentId=?
14:18:51,290 DEBUG SQL:104 - 
    select
        enrolment_.studentId,
        enrolment_.courseCode,
        enrolment_.semester as semester3_,
        enrolment_."year" as year4_3_ 
    from
        Enrolment enrolment_ 
    where
        enrolment_.studentId=? 
        and enrolment_.courseCode=?
14:18:51,299 DEBUG SQL:104 - 
    select
        coursemeet_.courseCode,
        coursemeet_.day,
        coursemeet_.period,
        coursemeet_.location 
    from
        CourseMeeting coursemeet_ 
    where
        coursemeet_.courseCode=? 
        and coursemeet_.day=? 
        and coursemeet_.period=? 
        and coursemeet_.location=?
14:18:51,299 DEBUG SQL:104 - 
    select
        coursemeet_.courseCode,
        coursemeet_.day,
        coursemeet_.period,
        coursemeet_.location 
    from
        CourseMeeting coursemeet_ 
    where
        coursemeet_.courseCode=? 
        and coursemeet_.day=? 
        and coursemeet_.period=? 
        and coursemeet_.location=?
14:18:51,300 DEBUG BaseGeneralDataRegion:59 - Caching[foo.org.hibernate.cache.spi.UpdateTimestampsCache] : [Enrolment] -> [5579091113164800]
14:18:51,300 DEBUG SQL:104 - 
    update
        Address 
    set
        studentNumber=null,
        addressType=null 
    where
        studentNumber=?
14:18:51,310 DEBUG BaseGeneralDataRegion:59 - Caching[foo.org.hibernate.cache.spi.UpdateTimestampsCache] : [Address] -> [5579091113205760]
14:18:51,310 DEBUG SQL:104 - 
    delete 
    from
        Student_secretCodes 
    where
        studentNumber=?
14:18:51,310 DEBUG BaseGeneralDataRegion:59 - Caching[foo.org.hibernate.cache.spi.UpdateTimestampsCache] : [Student_secretCodes] -> [5579091113205761]
14:18:51,310 DEBUG BaseGeneralDataRegion:59 - Caching[foo.org.hibernate.cache.spi.UpdateTimestampsCache] : [Enrolment] -> [5579091113205762]
14:18:51,310 DEBUG BaseGeneralDataRegion:59 - Caching[foo.org.hibernate.cache.spi.UpdateTimestampsCache] : [Address] -> [5579091113205763]
14:18:51,310 DEBUG SQL:104 - 
    delete 
    from
        Student_secretCodes 
    where
        studentNumber=?
14:18:51,311 DEBUG BaseGeneralDataRegion:59 - Caching[foo.org.hibernate.cache.spi.UpdateTimestampsCache] : [Student_secretCodes] -> [5579091113209856]
14:18:51,311 DEBUG BaseGeneralDataRegion:59 - Caching[foo.org.hibernate.cache.spi.UpdateTimestampsCache] : [CourseMeeting] -> [5579091113209857]
14:18:51,311 DEBUG SQL:104 - 
    delete 
    from
        Enrolment 
    where
        studentId=? 
        and courseCode=?
14:18:51,321 DEBUG BaseGeneralDataRegion:59 - Caching[foo.org.hibernate.cache.spi.UpdateTimestampsCache] : [Enrolment] -> [5579091113250816]
14:18:51,321 DEBUG SQL:104 - 
    delete 
    from
        Address 
    where
        id=?
14:18:51,321 DEBUG BaseGeneralDataRegion:59 - Caching[foo.org.hibernate.cache.spi.UpdateTimestampsCache] : [Address] -> [5579091113250817]
14:18:51,321 DEBUG SQL:104 - 
    delete 
    from
        Address 
    where
        id=?
14:18:51,322 DEBUG BaseGeneralDataRegion:59 - Caching[foo.org.hibernate.cache.spi.UpdateTimestampsCache] : [Address] -> [5579091113254912]
14:18:51,322 DEBUG SQL:104 - 
    delete 
    from
        Student 
    where
        studentId=?
14:18:51,322 DEBUG BaseGeneralDataRegion:59 - Caching[foo.org.hibernate.cache.spi.UpdateTimestampsCache] : [Student] -> [5579091113254913]
14:18:51,322 DEBUG SQL:104 - 
    delete 
    from
        Enrolment 
    where
        studentId=? 
        and courseCode=?
14:18:51,322 DEBUG BaseGeneralDataRegion:59 - Caching[foo.org.hibernate.cache.spi.UpdateTimestampsCache] : [Enrolment] -> [5579091113254914]
14:18:51,322 DEBUG SQL:104 - 
    delete 
    from
        Student 
    where
        studentId=?
14:18:51,322 DEBUG BaseGeneralDataRegion:59 - Caching[foo.org.hibernate.cache.spi.UpdateTimestampsCache] : [Student] -> [5579091113254915]
14:18:51,323 DEBUG SQL:104 - 
    delete 
    from
        CourseMeeting 
    where
        courseCode=? 
        and day=? 
        and period=? 
        and location=?
14:18:51,323 DEBUG BaseGeneralDataRegion:59 - Caching[foo.org.hibernate.cache.spi.UpdateTimestampsCache] : [CourseMeeting] -> [5579091113259008]
14:18:51,323 DEBUG SQL:104 - 
    delete 
    from
        CourseMeeting 
    where
        courseCode=? 
        and day=? 
        and period=? 
        and location=?
14:18:51,323 DEBUG BaseGeneralDataRegion:59 - Caching[foo.org.hibernate.cache.spi.UpdateTimestampsCache] : [CourseMeeting] -> [5579091113259009]
14:18:51,335 DEBUG SQL:104 - 
    delete 
    from
        Course 
    where
        courseCode=?
14:18:51,335 DEBUG BaseGeneralDataRegion:59 - Caching[foo.org.hibernate.cache.spi.UpdateTimestampsCache] : [Course] -> [5579091113308160]
14:18:51,335 DEBUG BaseGeneralDataRegion:59 - Caching[foo.org.hibernate.cache.spi.UpdateTimestampsCache] : [Student] -> [5579090867548161]
14:18:51,336 DEBUG BaseGeneralDataRegion:59 - Caching[foo.org.hibernate.cache.spi.UpdateTimestampsCache] : [Course] -> [5579090867548161]
14:18:51,336 DEBUG BaseGeneralDataRegion:59 - Caching[foo.org.hibernate.cache.spi.UpdateTimestampsCache] : [Enrolment] -> [5579090867548161]
14:18:51,336 DEBUG BaseGeneralDataRegion:59 - Caching[foo.org.hibernate.cache.spi.UpdateTimestampsCache] : [Student_secretCodes] -> [5579090867548161]
14:18:51,336 DEBUG BaseGeneralDataRegion:59 - Caching[foo.org.hibernate.cache.spi.UpdateTimestampsCache] : [Address] -> [5579090867548161]
14:18:51,336 DEBUG BaseGeneralDataRegion:59 - Caching[foo.org.hibernate.cache.spi.UpdateTimestampsCache] : [CourseMeeting] -> [5579090867548161]
14:18:51,336 DEBUG SQL:104 - 
    select
        coursemeet_.courseCode,
        coursemeet_.day,
        coursemeet_.period,
        coursemeet_.location 
    from
        CourseMeeting coursemeet_ 
    where
        coursemeet_.courseCode=? 
        and coursemeet_.day=? 
        and coursemeet_.period=? 
        and coursemeet_.location=?
14:18:51,337 DEBUG SQL:104 - 
    select
        coursemeet_.courseCode,
        coursemeet_.day,
        coursemeet_.period,
        coursemeet_.location 
    from
        CourseMeeting coursemeet_ 
    where
        coursemeet_.courseCode=? 
        and coursemeet_.day=? 
        and coursemeet_.period=? 
        and coursemeet_.location=?
14:18:51,348 DEBUG SQL:104 - 
    insert 
    into
        Course
        (description, courseCode) 
    values
        (?, ?)
14:18:51,348 DEBUG BaseGeneralDataRegion:59 - Caching[foo.org.hibernate.cache.spi.UpdateTimestampsCache] : [Course] -> [5579091113361408]
14:18:51,348 DEBUG SQL:104 - 
    insert 
    into
        CourseMeeting
        (courseCode, day, period, location) 
    values
        (?, ?, ?, ?)
14:18:51,348 DEBUG BaseGeneralDataRegion:59 - Caching[foo.org.hibernate.cache.spi.UpdateTimestampsCache] : [CourseMeeting] -> [5579091113361409]
14:18:51,348 DEBUG SQL:104 - 
    insert 
    into
        CourseMeeting
        (courseCode, day, period, location) 
    values
        (?, ?, ?, ?)
14:18:51,357 DEBUG BaseGeneralDataRegion:59 - Caching[foo.org.hibernate.cache.spi.UpdateTimestampsCache] : [CourseMeeting] -> [5579091113398272]
14:18:51,357 DEBUG SQL:104 - 
    insert 
    into
        Student
        (name_first, name_middle, name_last, preferredCourseCode, studentId) 
    values
        (?, ?, ?, ?, ?)
14:18:51,357 DEBUG BaseGeneralDataRegion:59 - Caching[foo.org.hibernate.cache.spi.UpdateTimestampsCache] : [Student] -> [5579091113398273]
14:18:51,357 DEBUG SQL:104 - 
    insert 
    into
        Address
        (addressType, street, city, stateProvince, postalCode, country, studentNumber, id) 
    values
        (?, ?, ?, ?, ?, ?, ?, ?)
14:18:51,368 DEBUG BaseGeneralDataRegion:59 - Caching[foo.org.hibernate.cache.spi.UpdateTimestampsCache] : [Address] -> [5579091113443328]
14:18:51,368 DEBUG SQL:104 - 
    insert 
    into
        Address
        (addressType, street, city, stateProvince, postalCode, country, studentNumber, id) 
    values
        (?, ?, ?, ?, ?, ?, ?, ?)
14:18:51,368 DEBUG BaseGeneralDataRegion:59 - Caching[foo.org.hibernate.cache.spi.UpdateTimestampsCache] : [Address] -> [5579091113443329]
14:18:51,368 DEBUG SQL:104 - 
    insert 
    into
        Student
        (name_first, name_middle, name_last, preferredCourseCode, studentId) 
    values
        (?, ?, ?, ?, ?)
14:18:51,369 DEBUG BaseGeneralDataRegion:59 - Caching[foo.org.hibernate.cache.spi.UpdateTimestampsCache] : [Student] -> [5579091113447424]
14:18:51,369 DEBUG SQL:104 - 
    insert 
    into
        Enrolment
        (semester, "year", studentId, courseCode) 
    values
        (?, ?, ?, ?)
14:18:51,376 DEBUG BaseGeneralDataRegion:59 - Caching[foo.org.hibernate.cache.spi.UpdateTimestampsCache] : [Enrolment] -> [5579091113476096]
14:18:51,376 DEBUG SQL:104 - 
    insert 
    into
        Enrolment
        (semester, "year", studentId, courseCode) 
    values
        (?, ?, ?, ?)
14:18:51,376 DEBUG BaseGeneralDataRegion:59 - Caching[foo.org.hibernate.cache.spi.UpdateTimestampsCache] : [Enrolment] -> [5579091113476097]
14:18:51,376 DEBUG BaseGeneralDataRegion:59 - Caching[foo.org.hibernate.cache.spi.UpdateTimestampsCache] : [CourseMeeting] -> [5579091113476098]
14:18:51,376 DEBUG BaseGeneralDataRegion:59 - Caching[foo.org.hibernate.cache.spi.UpdateTimestampsCache] : [Enrolment] -> [5579091113476099]
14:18:51,377 DEBUG SQL:104 - 
    update
        Address 
    set
        studentNumber=?,
        addressType=? 
    where
        id=?
14:18:51,377 DEBUG SQL:104 - 
    update
        Address 
    set
        studentNumber=?,
        addressType=? 
    where
        id=?
14:18:51,377 DEBUG BaseGeneralDataRegion:59 - Caching[foo.org.hibernate.cache.spi.UpdateTimestampsCache] : [Address] -> [5579091113480192]
14:18:51,377 DEBUG SQL:104 - 
    insert 
    into
        Student_secretCodes
        (studentNumber, i, secretCode) 
    values
        (?, ?, ?)
14:18:51,386 DEBUG BaseGeneralDataRegion:59 - Caching[foo.org.hibernate.cache.spi.UpdateTimestampsCache] : [Student_secretCodes] -> [5579091113517056]
14:18:51,386 DEBUG BaseGeneralDataRegion:59 - Caching[foo.org.hibernate.cache.spi.UpdateTimestampsCache] : [Enrolment] -> [5579091113517057]
14:18:51,386 DEBUG BaseGeneralDataRegion:59 - Caching[foo.org.hibernate.cache.spi.UpdateTimestampsCache] : [Address] -> [5579091113517058]
14:18:51,386 DEBUG SQL:104 - 
    insert 
    into
        Student_secretCodes
        (studentNumber, i, secretCode) 
    values
        (?, ?, ?)
14:18:51,386 DEBUG SQL:104 - 
    insert 
    into
        Student_secretCodes
        (studentNumber, i, secretCode) 
    values
        (?, ?, ?)
14:18:51,387 DEBUG BaseGeneralDataRegion:59 - Caching[foo.org.hibernate.cache.spi.UpdateTimestampsCache] : [Student_secretCodes] -> [5579091113521152]
14:18:51,387 DEBUG BaseGeneralDataRegion:59 - Caching[foo.org.hibernate.cache.spi.UpdateTimestampsCache] : [Student] -> [5579090867761153]
14:18:51,387 DEBUG BaseGeneralDataRegion:59 - Caching[foo.org.hibernate.cache.spi.UpdateTimestampsCache] : [Course] -> [5579090867761153]
14:18:51,387 DEBUG BaseGeneralDataRegion:59 - Caching[foo.org.hibernate.cache.spi.UpdateTimestampsCache] : [Enrolment] -> [5579090867761153]
14:18:51,387 DEBUG BaseGeneralDataRegion:59 - Caching[foo.org.hibernate.cache.spi.UpdateTimestampsCache] : [Student_secretCodes] -> [5579090867761153]
14:18:51,387 DEBUG BaseGeneralDataRegion:59 - Caching[foo.org.hibernate.cache.spi.UpdateTimestampsCache] : [Address] -> [5579090867761153]
14:18:51,396 DEBUG BaseGeneralDataRegion:59 - Caching[foo.org.hibernate.cache.spi.UpdateTimestampsCache] : [CourseMeeting] -> [5579090867761153]
14:18:51,397 DEBUG QueryTranslatorImpl:265 - parse() - HQL: from org.hibernate.test.querycache.Student s left join fetch s.addresses a order by s.studentNumber
14:18:51,398 DEBUG QueryTranslatorImpl:283 - --- HQL AST ---
 \-[QUERY] Node: 'query'
    +-[SELECT_FROM] Node: 'SELECT_FROM'
    |  \-[FROM] Node: 'from'
    |     +-[RANGE] Node: 'RANGE'
    |     |  +-[DOT] Node: '.'
    |     |  |  +-[DOT] Node: '.'
    |     |  |  |  +-[DOT] Node: '.'
    |     |  |  |  |  +-[DOT] Node: '.'
    |     |  |  |  |  |  +-[IDENT] Node: 'org'
    |     |  |  |  |  |  \-[IDENT] Node: 'hibernate'
    |     |  |  |  |  \-[IDENT] Node: 'test'
    |     |  |  |  \-[IDENT] Node: 'querycache'
    |     |  |  \-[IDENT] Node: 'Student'
    |     |  \-[ALIAS] Node: 's'
    |     \-[JOIN] Node: 'join'
    |        +-[LEFT] Node: 'left'
    |        +-[FETCH] Node: 'fetch'
    |        +-[DOT] Node: '.'
    |        |  +-[IDENT] Node: 's'
    |        |  \-[IDENT] Node: 'addresses'
    |        \-[ALIAS] Node: 'a'
    \-[ORDER] Node: 'order'
       \-[DOT] Node: '.'
          +-[IDENT] Node: 's'
          \-[IDENT] Node: 'studentNumber'

14:18:51,399 DEBUG ErrorCounter:82 - throwQueryException() : no errors
14:18:51,399 DEBUG FromElement:157 - FromClause{level=1} : org.hibernate.test.querycache.Student (s) -> student0_
14:18:51,407 DEBUG FromReferenceNode:74 - Resolved : s -> student0_.studentId
14:18:51,407 DEBUG DotNode:599 - getDataType() : addresses -> org.hibernate.type.MapType(org.hibernate.test.querycache.Student.addresses)
14:18:51,407 DEBUG FromElementFactory:376 - createEntityAssociation() : One to many - path = s.addresses role = org.hibernate.test.querycache.Student.addresses associatedEntityName = org.hibernate.test.querycache.Address
14:18:51,407 DEBUG FromElement:157 - FromClause{level=1} : org.hibernate.test.querycache.Address (a) -> addresses1_
14:18:51,408 DEBUG FromClause:282 - addJoinByPathMap() : s.addresses -> FromElement{explicit,not a collection join,not a fetch join,fetch non-lazy properties,classAlias=a,role=null,tableName=Address,tableAlias=addresses1_,origin=Student student0_,columns={student0_.studentId ,className=org.hibernate.test.querycache.Address}}
14:18:51,408 DEBUG DotNode:308 - dereferenceCollection() : Created new FROM element for s.addresses : Address addresses1_
14:18:51,408 DEBUG FromReferenceNode:74 - Resolved : s.addresses -> .
14:18:51,408 DEBUG HqlSqlWalker:403 - createFromJoinElement() : -- join tree --
 \-[JOIN_FRAGMENT] FromElement: 'Address addresses1_' FromElement{explicit,not a collection join,fetch join,fetch non-lazy properties,classAlias=a,role=org.hibernate.test.querycache.Student.addresses,tableName=Address,tableAlias=addresses1_,origin=Student student0_,columns={student0_.studentId ,className=org.hibernate.test.querycache.Address}}

14:18:51,408 DEBUG FromReferenceNode:74 - Resolved : s -> student0_.studentId
14:18:51,408 DEBUG DotNode:599 - getDataType() : studentNumber -> org.hibernate.type.LongType@4bf3f9d
14:18:51,408 DEBUG FromReferenceNode:74 - Resolved : s.studentNumber -> student0_.studentId
14:18:51,408 DEBUG HqlSqlWalker:629 - processQuery() :  ( SELECT ( FromClause{level=1} ( Student student0_ Address addresses1_ ) ) ( order ( student0_.studentId student0_.studentId studentNumber ) ) )
14:18:51,409 DEBUG HqlSqlWalker:869 - Derived SELECT clause created.
14:18:51,409 DEBUG JoinProcessor:175 - Using FROM fragment [Student student0_]
14:18:51,409 DEBUG JoinProcessor:175 - Using FROM fragment [left outer join Address addresses1_ on student0_.studentId=addresses1_.studentNumber]
14:18:51,409 DEBUG QueryTranslatorImpl:252 - --- SQL AST ---
 \-[SELECT] QueryNode: 'SELECT'  querySpaces (Student,Address)
    +-[SELECT_CLAUSE] SelectClause: '{derived select clause}'
    |  +-[SELECT_EXPR] SelectExpressionImpl: 'student0_.studentId as studentId4_0_' {FromElement{explicit,not a collection join,not a fetch join,fetch non-lazy properties,classAlias=s,role=null,tableName=Student,tableAlias=student0_,origin=null,columns={,className=org.hibernate.test.querycache.Student}}}
    |  +-[SELECT_EXPR] SelectExpressionImpl: 'addresses1_.id as id0_1_' {FromElement{explicit,not a collection join,fetch join,fetch non-lazy properties,classAlias=a,role=org.hibernate.test.querycache.Student.addresses,tableName=Address,tableAlias=addresses1_,origin=Student student0_,columns={student0_.studentId ,className=org.hibernate.test.querycache.Address}}}
    |  +-[SQL_TOKEN] SqlFragment: 'student0_.name_first as name2_4_0_, student0_.name_middle as name3_4_0_, student0_.name_last as name4_4_0_, student0_.preferredCourseCode as preferre5_4_0_'
    |  +-[SQL_TOKEN] SqlFragment: 'addresses1_.addressType as addressT2_0_1_, addresses1_.street as street0_1_, addresses1_.city as city0_1_, addresses1_.stateProvince as statePro5_0_1_, addresses1_.postalCode as postalCode0_1_, addresses1_.country as country0_1_, addresses1_.studentNumber as studentN8_0_1_'
    |  \-[SQL_TOKEN] SqlFragment: 'addresses1_.studentNumber as studentN8_4_0__, addresses1_.id as id0_0__, addresses1_.addressType as addressT2_0__'
    +-[FROM] FromClause: 'from' FromClause{level=1, fromElementCounter=2, fromElements=2, fromElementByClassAlias=[s, a], fromElementByTableAlias=[student0_, addresses1_], fromElementsByPath=[s.addresses], collectionJoinFromElementsByPath=[], impliedElements=[]}
    |  \-[FROM_FRAGMENT] FromElement: 'Student student0_' FromElement{explicit,not a collection join,not a fetch join,fetch non-lazy properties,classAlias=s,role=null,tableName=Student,tableAlias=student0_,origin=null,columns={,className=org.hibernate.test.querycache.Student}}
    |     \-[JOIN_FRAGMENT] FromElement: 'left outer join Address addresses1_ on student0_.studentId=addresses1_.studentNumber' FromElement{explicit,not a collection join,fetch join,fetch non-lazy properties,classAlias=a,role=org.hibernate.test.querycache.Student.addresses,tableName=Address,tableAlias=addresses1_,origin=Student student0_,columns={student0_.studentId ,className=org.hibernate.test.querycache.Address}}
    \-[ORDER] OrderByClause: 'order'
       \-[DOT] DotNode: 'student0_.studentId' {propertyName=studentNumber,dereferenceType=ALL,propertyPath=studentNumber,path=s.studentNumber,tableAlias=student0_,className=org.hibernate.test.querycache.Student,classAlias=s}
          +-[ALIAS_REF] IdentNode: 'student0_.studentId' {alias=s, className=org.hibernate.test.querycache.Student, tableAlias=student0_}
          \-[IDENT] IdentNode: 'studentNumber' {originalText=studentNumber}

14:18:51,417 DEBUG ErrorCounter:82 - throwQueryException() : no errors
14:18:51,418 DEBUG QueryTranslatorImpl:235 - HQL: from org.hibernate.test.querycache.Student s left join fetch s.addresses a order by s.studentNumber
14:18:51,418 DEBUG QueryTranslatorImpl:236 - SQL: select student0_.studentId as studentId4_0_, addresses1_.id as id0_1_, student0_.name_first as name2_4_0_, student0_.name_middle as name3_4_0_, student0_.name_last as name4_4_0_, student0_.preferredCourseCode as preferre5_4_0_, addresses1_.addressType as addressT2_0_1_, addresses1_.street as street0_1_, addresses1_.city as city0_1_, addresses1_.stateProvince as statePro5_0_1_, addresses1_.postalCode as postalCode0_1_, addresses1_.country as country0_1_, addresses1_.studentNumber as studentN8_0_1_, addresses1_.studentNumber as studentN8_4_0__, addresses1_.id as id0_0__, addresses1_.addressType as addressT2_0__ from Student student0_ left outer join Address addresses1_ on student0_.studentId=addresses1_.studentNumber order by student0_.studentId
14:18:51,418 DEBUG ErrorCounter:82 - throwQueryException() : no errors
14:18:51,418 DEBUG SQL:104 - 
    select
        student0_.studentId as studentId4_0_,
        addresses1_.id as id0_1_,
        student0_.name_first as name2_4_0_,
        student0_.name_middle as name3_4_0_,
        student0_.name_last as name4_4_0_,
        student0_.preferredCourseCode as preferre5_4_0_,
        addresses1_.addressType as addressT2_0_1_,
        addresses1_.street as street0_1_,
        addresses1_.city as city0_1_,
        addresses1_.stateProvince as statePro5_0_1_,
        addresses1_.postalCode as postalCode0_1_,
        addresses1_.country as country0_1_,
        addresses1_.studentNumber as studentN8_0_1_,
        addresses1_.studentNumber as studentN8_4_0__,
        addresses1_.id as id0_0__,
        addresses1_.addressType as addressT2_0__ 
    from
        Student student0_ 
    left outer join
        Address addresses1_ 
            on student0_.studentId=addresses1_.studentNumber 
    order by
        student0_.studentId
14:18:51,428 DEBUG SQL:104 - 
    select
        secretcode0_.studentNumber as studentN1_4_0_,
        secretcode0_.secretCode as secretCode5_0_,
        secretcode0_.i as i0_ 
    from
        Student_secretCodes secretcode0_ 
    where
        secretcode0_.studentNumber=?
14:18:51,429 DEBUG SQL:104 - 
    select
        secretcode0_.studentNumber as studentN1_4_0_,
        secretcode0_.secretCode as secretCode5_0_,
        secretcode0_.i as i0_ 
    from
        Student_secretCodes secretcode0_ 
    where
        secretcode0_.studentNumber=?
14:18:51,429 DEBUG BaseGeneralDataRegion:59 - Caching[foo.org.hibernate.cache.internal.StandardQueryCache] : [sql: select student0_.studentId as studentId4_0_, addresses1_.id as id0_1_, student0_.name_first as name2_4_0_, student0_.name_middle as name3_4_0_, student0_.name_last as name4_4_0_, student0_.preferredCourseCode as preferre5_4_0_, addresses1_.addressType as addressT2_0_1_, addresses1_.street as street0_1_, addresses1_.city as city0_1_, addresses1_.stateProvince as statePro5_0_1_, addresses1_.postalCode as postalCode0_1_, addresses1_.country as country0_1_, addresses1_.studentNumber as studentN8_0_1_, addresses1_.studentNumber as studentN8_4_0__, addresses1_.id as id0_0__, addresses1_.addressType as addressT2_0__ from Student student0_ left outer join Address addresses1_ on student0_.studentId=addresses1_.studentNumber order by student0_.studentId; parameters: ; named parameters: {}; transformer: org.hibernate.transform.CacheableResultTransformer@138f59] -> [[5579090867933184, 111, 111, 999]]
14:18:51,430 DEBUG SQL:104 - 
    select
        student0_.studentId as studentId4_0_,
        addresses1_.id as id0_1_,
        student0_.name_first as name2_4_0_,
        student0_.name_middle as name3_4_0_,
        student0_.name_last as name4_4_0_,
        student0_.preferredCourseCode as preferre5_4_0_,
        addresses1_.addressType as addressT2_0_1_,
        addresses1_.street as street0_1_,
        addresses1_.city as city0_1_,
        addresses1_.stateProvince as statePro5_0_1_,
        addresses1_.postalCode as postalCode0_1_,
        addresses1_.country as country0_1_,
        addresses1_.studentNumber as studentN8_0_1_,
        addresses1_.studentNumber as studentN8_4_0__,
        addresses1_.id as id0_0__,
        addresses1_.addressType as addressT2_0__ 
    from
        Student student0_ 
    left outer join
        Address addresses1_ 
            on student0_.studentId=addresses1_.studentNumber 
    order by
        student0_.studentId
14:18:51,442 DEBUG SQL:104 - 
    select
        secretcode0_.studentNumber as studentN1_4_0_,
        secretcode0_.secretCode as secretCode5_0_,
        secretcode0_.i as i0_ 
    from
        Student_secretCodes secretcode0_ 
    where
        secretcode0_.studentNumber=?
14:18:51,442 DEBUG SQL:104 - 
    select
        secretcode0_.studentNumber as studentN1_4_0_,
        secretcode0_.secretCode as secretCode5_0_,
        secretcode0_.i as i0_ 
    from
        Student_secretCodes secretcode0_ 
    where
        secretcode0_.studentNumber=?
14:18:51,442 DEBUG BaseGeneralDataRegion:59 - Caching[foo.org.hibernate.cache.internal.StandardQueryCache] : [sql: select student0_.studentId as studentId4_0_, addresses1_.id as id0_1_, student0_.name_first as name2_4_0_, student0_.name_middle as name3_4_0_, student0_.name_last as name4_4_0_, student0_.preferredCourseCode as preferre5_4_0_, addresses1_.addressType as addressT2_0_1_, addresses1_.street as street0_1_, addresses1_.city as city0_1_, addresses1_.stateProvince as statePro5_0_1_, addresses1_.postalCode as postalCode0_1_, addresses1_.country as country0_1_, addresses1_.studentNumber as studentN8_0_1_, addresses1_.studentNumber as studentN8_4_0__, addresses1_.id as id0_0__, addresses1_.addressType as addressT2_0__ from Student student0_ left outer join Address addresses1_ on student0_.studentId=addresses1_.studentNumber order by student0_.studentId; parameters: ; named parameters: {}; transformer: org.hibernate.transform.CacheableResultTransformer@138f59] -> [[5579090867986432, 111, 111, 999]]
14:18:51,443 DEBUG SQL:104 - 
    select
        student_.studentId,
        student_.name_first as name2_4_,
        student_.name_middle as name3_4_,
        student_.name_last as name4_4_,
        student_.preferredCourseCode as preferre5_4_ 
    from
        Student student_ 
    where
        student_.studentId=?
14:18:51,443 DEBUG SQL:104 - 
    select
        enrolment_.studentId,
        enrolment_.courseCode,
        enrolment_.semester as semester3_,
        enrolment_."year" as year4_3_ 
    from
        Enrolment enrolment_ 
    where
        enrolment_.studentId=? 
        and enrolment_.courseCode=?
14:18:51,443 DEBUG SQL:104 - 
    select
        course_.courseCode,
        course_.description as descript2_1_ 
    from
        Course course_ 
    where
        course_.courseCode=?
14:18:51,452 DEBUG SQL:104 - 
    select
        student_.studentId,
        student_.name_first as name2_4_,
        student_.name_middle as name3_4_,
        student_.name_last as name4_4_,
        student_.preferredCourseCode as preferre5_4_ 
    from
        Student student_ 
    where
        student_.studentId=?
14:18:51,453 DEBUG SQL:104 - 
    select
        enrolment_.studentId,
        enrolment_.courseCode,
        enrolment_.semester as semester3_,
        enrolment_."year" as year4_3_ 
    from
        Enrolment enrolment_ 
    where
        enrolment_.studentId=? 
        and enrolment_.courseCode=?
14:18:51,454 DEBUG SQL:104 - 
    select
        coursemeet_.courseCode,
        coursemeet_.day,
        coursemeet_.period,
        coursemeet_.location 
    from
        CourseMeeting coursemeet_ 
    where
        coursemeet_.courseCode=? 
        and coursemeet_.day=? 
        and coursemeet_.period=? 
        and coursemeet_.location=?
14:18:51,466 DEBUG SQL:104 - 
    select
        coursemeet_.courseCode,
        coursemeet_.day,
        coursemeet_.period,
        coursemeet_.location 
    from
        CourseMeeting coursemeet_ 
    where
        coursemeet_.courseCode=? 
        and coursemeet_.day=? 
        and coursemeet_.period=? 
        and coursemeet_.location=?
14:18:51,466 DEBUG BaseGeneralDataRegion:59 - Caching[foo.org.hibernate.cache.spi.UpdateTimestampsCache] : [Enrolment] -> [5579091113844736]
14:18:51,467 DEBUG SQL:104 - 
    update
        Address 
    set
        studentNumber=null,
        addressType=null 
    where
        studentNumber=?
14:18:51,475 DEBUG BaseGeneralDataRegion:59 - Caching[foo.org.hibernate.cache.spi.UpdateTimestampsCache] : [Address] -> [5579091113881600]
14:18:51,476 DEBUG SQL:104 - 
    delete 
    from
        Student_secretCodes 
    where
        studentNumber=?
14:18:51,476 DEBUG BaseGeneralDataRegion:59 - Caching[foo.org.hibernate.cache.spi.UpdateTimestampsCache] : [Student_secretCodes] -> [5579091113885696]
14:18:51,476 DEBUG BaseGeneralDataRegion:59 - Caching[foo.org.hibernate.cache.spi.UpdateTimestampsCache] : [Enrolment] -> [5579091113885697]
14:18:51,476 DEBUG BaseGeneralDataRegion:59 - Caching[foo.org.hibernate.cache.spi.UpdateTimestampsCache] : [Address] -> [5579091113885698]
14:18:51,476 DEBUG SQL:104 - 
    delete 
    from
        Student_secretCodes 
    where
        studentNumber=?
14:18:51,485 DEBUG BaseGeneralDataRegion:59 - Caching[foo.org.hibernate.cache.spi.UpdateTimestampsCache] : [Student_secretCodes] -> [5579091113922560]
14:18:51,485 DEBUG BaseGeneralDataRegion:59 - Caching[foo.org.hibernate.cache.spi.UpdateTimestampsCache] : [CourseMeeting] -> [5579091113922561]
14:18:51,486 DEBUG SQL:104 - 
    delete 
    from
        Enrolment 
    where
        studentId=? 
        and courseCode=?
14:18:51,486 DEBUG BaseGeneralDataRegion:59 - Caching[foo.org.hibernate.cache.spi.UpdateTimestampsCache] : [Enrolment] -> [5579091113926656]
14:18:51,486 DEBUG SQL:104 - 
    delete 
    from
        Address 
    where
        id=?
14:18:51,487 DEBUG BaseGeneralDataRegion:59 - Caching[foo.org.hibernate.cache.spi.UpdateTimestampsCache] : [Address] -> [5579091113930752]
14:18:51,487 DEBUG SQL:104 - 
    delete 
    from
        Address 
    where
        id=?
14:18:51,487 DEBUG BaseGeneralDataRegion:59 - Caching[foo.org.hibernate.cache.spi.UpdateTimestampsCache] : [Address] -> [5579091113930753]
14:18:51,487 DEBUG SQL:104 - 
    delete 
    from
        Student 
    where
        studentId=?
14:18:51,496 DEBUG BaseGeneralDataRegion:59 - Caching[foo.org.hibernate.cache.spi.UpdateTimestampsCache] : [Student] -> [5579091113967616]
14:18:51,496 DEBUG SQL:104 - 
    delete 
    from
        Enrolment 
    where
        studentId=? 
        and courseCode=?
14:18:51,496 DEBUG BaseGeneralDataRegion:59 - Caching[foo.org.hibernate.cache.spi.UpdateTimestampsCache] : [Enrolment] -> [5579091113967617]
14:18:51,496 DEBUG SQL:104 - 
    delete 
    from
        Student 
    where
        studentId=?
14:18:51,497 DEBUG BaseGeneralDataRegion:59 - Caching[foo.org.hibernate.cache.spi.UpdateTimestampsCache] : [Student] -> [5579091113967618]
14:18:51,497 DEBUG SQL:104 - 
    delete 
    from
        CourseMeeting 
    where
        courseCode=? 
        and day=? 
        and period=? 
        and location=?
14:18:51,497 DEBUG BaseGeneralDataRegion:59 - Caching[foo.org.hibernate.cache.spi.UpdateTimestampsCache] : [CourseMeeting] -> [5579091113971712]
14:18:51,497 DEBUG SQL:104 - 
    delete 
    from
        CourseMeeting 
    where
        courseCode=? 
        and day=? 
        and period=? 
        and location=?
14:18:51,506 DEBUG BaseGeneralDataRegion:59 - Caching[foo.org.hibernate.cache.spi.UpdateTimestampsCache] : [CourseMeeting] -> [5579091114008576]
14:18:51,506 DEBUG SQL:104 - 
    delete 
    from
        Course 
    where
        courseCode=?
14:18:51,507 DEBUG BaseGeneralDataRegion:59 - Caching[foo.org.hibernate.cache.spi.UpdateTimestampsCache] : [Course] -> [5579091114012672]
14:18:51,507 DEBUG BaseGeneralDataRegion:59 - Caching[foo.org.hibernate.cache.spi.UpdateTimestampsCache] : [Student] -> [5579090868252673]
14:18:51,507 DEBUG BaseGeneralDataRegion:59 - Caching[foo.org.hibernate.cache.spi.UpdateTimestampsCache] : [Course] -> [5579090868252673]
14:18:51,507 DEBUG BaseGeneralDataRegion:59 - Caching[foo.org.hibernate.cache.spi.UpdateTimestampsCache] : [Enrolment] -> [5579090868252673]
14:18:51,507 DEBUG BaseGeneralDataRegion:59 - Caching[foo.org.hibernate.cache.spi.UpdateTimestampsCache] : [Student_secretCodes] -> [5579090868252673]
14:18:51,507 DEBUG BaseGeneralDataRegion:59 - Caching[foo.org.hibernate.cache.spi.UpdateTimestampsCache] : [Address] -> [5579090868252673]
14:18:51,507 DEBUG BaseGeneralDataRegion:59 - Caching[foo.org.hibernate.cache.spi.UpdateTimestampsCache] : [CourseMeeting] -> [5579090868252673]
14:18:51,508 DEBUG SQL:104 - 
    select
        coursemeet_.courseCode,
        coursemeet_.day,
        coursemeet_.period,
        coursemeet_.location 
    from
        CourseMeeting coursemeet_ 
    where
        coursemeet_.courseCode=? 
        and coursemeet_.day=? 
        and coursemeet_.period=? 
        and coursemeet_.location=?
14:18:51,517 DEBUG SQL:104 - 
    select
        coursemeet_.courseCode,
        coursemeet_.day,
        coursemeet_.period,
        coursemeet_.location 
    from
        CourseMeeting coursemeet_ 
    where
        coursemeet_.courseCode=? 
        and coursemeet_.day=? 
        and coursemeet_.period=? 
        and coursemeet_.location=?
14:18:51,518 DEBUG SQL:104 - 
    insert 
    into
        Course
        (description, courseCode) 
    values
        (?, ?)
14:18:51,518 DEBUG BaseGeneralDataRegion:59 - Caching[foo.org.hibernate.cache.spi.UpdateTimestampsCache] : [Course] -> [5579091114057728]
14:18:51,519 DEBUG SQL:104 - 
    insert 
    into
        CourseMeeting
        (courseCode, day, period, location) 
    values
        (?, ?, ?, ?)
14:18:51,527 DEBUG BaseGeneralDataRegion:59 - Caching[foo.org.hibernate.cache.spi.UpdateTimestampsCache] : [CourseMeeting] -> [5579091114094592]
14:18:51,528 DEBUG SQL:104 - 
    insert 
    into
        CourseMeeting
        (courseCode, day, period, location) 
    values
        (?, ?, ?, ?)
14:18:51,528 DEBUG BaseGeneralDataRegion:59 - Caching[foo.org.hibernate.cache.spi.UpdateTimestampsCache] : [CourseMeeting] -> [5579091114098688]
14:18:51,528 DEBUG SQL:104 - 
    insert 
    into
        Student
        (name_first, name_middle, name_last, preferredCourseCode, studentId) 
    values
        (?, ?, ?, ?, ?)
14:18:51,528 DEBUG BaseGeneralDataRegion:59 - Caching[foo.org.hibernate.cache.spi.UpdateTimestampsCache] : [Student] -> [5579091114098689]
14:18:51,528 DEBUG SQL:104 - 
    insert 
    into
        Address
        (addressType, street, city, stateProvince, postalCode, country, studentNumber, id) 
    values
        (?, ?, ?, ?, ?, ?, ?, ?)
14:18:51,538 DEBUG BaseGeneralDataRegion:59 - Caching[foo.org.hibernate.cache.spi.UpdateTimestampsCache] : [Address] -> [5579091114139648]
14:18:51,538 DEBUG SQL:104 - 
    insert 
    into
        Address
        (addressType, street, city, stateProvince, postalCode, country, studentNumber, id) 
    values
        (?, ?, ?, ?, ?, ?, ?, ?)
14:18:51,539 DEBUG BaseGeneralDataRegion:59 - Caching[foo.org.hibernate.cache.spi.UpdateTimestampsCache] : [Address] -> [5579091114143744]
14:18:51,539 DEBUG SQL:104 - 
    insert 
    into
        Student
        (name_first, name_middle, name_last, preferredCourseCode, studentId) 
    values
        (?, ?, ?, ?, ?)
14:18:51,539 DEBUG BaseGeneralDataRegion:59 - Caching[foo.org.hibernate.cache.spi.UpdateTimestampsCache] : [Student] -> [5579091114143745]
14:18:51,539 DEBUG SQL:104 - 
    insert 
    into
        Enrolment
        (semester, "year", studentId, courseCode) 
    values
        (?, ?, ?, ?)
14:18:51,539 DEBUG BaseGeneralDataRegion:59 - Caching[foo.org.hibernate.cache.spi.UpdateTimestampsCache] : [Enrolment] -> [5579091114143746]
14:18:51,539 DEBUG SQL:104 - 
    insert 
    into
        Enrolment
        (semester, "year", studentId, courseCode) 
    values
        (?, ?, ?, ?)
14:18:51,549 DEBUG BaseGeneralDataRegion:59 - Caching[foo.org.hibernate.cache.spi.UpdateTimestampsCache] : [Enrolment] -> [5579091114184704]
14:18:51,549 DEBUG BaseGeneralDataRegion:59 - Caching[foo.org.hibernate.cache.spi.UpdateTimestampsCache] : [CourseMeeting] -> [5579091114184705]
14:18:51,549 DEBUG BaseGeneralDataRegion:59 - Caching[foo.org.hibernate.cache.spi.UpdateTimestampsCache] : [Enrolment] -> [5579091114184706]
14:18:51,549 DEBUG SQL:104 - 
    update
        Address 
    set
        studentNumber=?,
        addressType=? 
    where
        id=?
14:18:51,549 DEBUG SQL:104 - 
    update
        Address 
    set
        studentNumber=?,
        addressType=? 
    where
        id=?
14:18:51,550 DEBUG BaseGeneralDataRegion:59 - Caching[foo.org.hibernate.cache.spi.UpdateTimestampsCache] : [Address] -> [5579091114188800]
14:18:51,550 DEBUG SQL:104 - 
    insert 
    into
        Student_secretCodes
        (studentNumber, i, secretCode) 
    values
        (?, ?, ?)
14:18:51,559 DEBUG BaseGeneralDataRegion:59 - Caching[foo.org.hibernate.cache.spi.UpdateTimestampsCache] : [Student_secretCodes] -> [5579091114225664]
14:18:51,559 DEBUG BaseGeneralDataRegion:59 - Caching[foo.org.hibernate.cache.spi.UpdateTimestampsCache] : [Enrolment] -> [5579091114225665]
14:18:51,559 DEBUG BaseGeneralDataRegion:59 - Caching[foo.org.hibernate.cache.spi.UpdateTimestampsCache] : [Address] -> [5579091114225666]
14:18:51,559 DEBUG SQL:104 - 
    insert 
    into
        Student_secretCodes
        (studentNumber, i, secretCode) 
    values
        (?, ?, ?)
14:18:51,559 DEBUG SQL:104 - 
    insert 
    into
        Student_secretCodes
        (studentNumber, i, secretCode) 
    values
        (?, ?, ?)
14:18:51,560 DEBUG BaseGeneralDataRegion:59 - Caching[foo.org.hibernate.cache.spi.UpdateTimestampsCache] : [Student_secretCodes] -> [5579091114229760]
14:18:51,560 DEBUG BaseGeneralDataRegion:59 - Caching[foo.org.hibernate.cache.spi.UpdateTimestampsCache] : [Student] -> [5579090868469761]
14:18:51,560 DEBUG BaseGeneralDataRegion:59 - Caching[foo.org.hibernate.cache.spi.UpdateTimestampsCache] : [Course] -> [5579090868469761]
14:18:51,560 DEBUG BaseGeneralDataRegion:59 - Caching[foo.org.hibernate.cache.spi.UpdateTimestampsCache] : [Enrolment] -> [5579090868469761]
14:18:51,560 DEBUG BaseGeneralDataRegion:59 - Caching[foo.org.hibernate.cache.spi.UpdateTimestampsCache] : [Student_secretCodes] -> [5579090868469761]
14:18:51,560 DEBUG BaseGeneralDataRegion:59 - Caching[foo.org.hibernate.cache.spi.UpdateTimestampsCache] : [Address] -> [5579090868469761]
14:18:51,560 DEBUG BaseGeneralDataRegion:59 - Caching[foo.org.hibernate.cache.spi.UpdateTimestampsCache] : [CourseMeeting] -> [5579090868469761]
14:18:51,561 DEBUG SQL:104 - 
    select
        student_.studentId,
        student_.name_first as name2_4_,
        student_.name_middle as name3_4_,
        student_.name_last as name4_4_,
        student_.preferredCourseCode as preferre5_4_ 
    from
        Student student_ 
    where
        student_.studentId=?
14:18:51,569 DEBUG SQL:104 - 
    select
        enrolment_.studentId,
        enrolment_.courseCode,
        enrolment_.semester as semester3_,
        enrolment_."year" as year4_3_ 
    from
        Enrolment enrolment_ 
    where
        enrolment_.studentId=? 
        and enrolment_.courseCode=?
14:18:51,570 DEBUG SQL:104 - 
    select
        course_.courseCode,
        course_.description as descript2_1_ 
    from
        Course course_ 
    where
        course_.courseCode=?
14:18:51,570 DEBUG SQL:104 - 
    select
        student_.studentId,
        student_.name_first as name2_4_,
        student_.name_middle as name3_4_,
        student_.name_last as name4_4_,
        student_.preferredCourseCode as preferre5_4_ 
    from
        Student student_ 
    where
        student_.studentId=?
14:18:51,570 DEBUG SQL:104 - 
    select
        enrolment_.studentId,
        enrolment_.courseCode,
        enrolment_.semester as semester3_,
        enrolment_."year" as year4_3_ 
    from
        Enrolment enrolment_ 
    where
        enrolment_.studentId=? 
        and enrolment_.courseCode=?
14:18:51,571 DEBUG SQL:104 - 
    select
        coursemeet_.courseCode,
        coursemeet_.day,
        coursemeet_.period,
        coursemeet_.location 
    from
        CourseMeeting coursemeet_ 
    where
        coursemeet_.courseCode=? 
        and coursemeet_.day=? 
        and coursemeet_.period=? 
        and coursemeet_.location=?
14:18:51,582 DEBUG SQL:104 - 
    select
        coursemeet_.courseCode,
        coursemeet_.day,
        coursemeet_.period,
        coursemeet_.location 
    from
        CourseMeeting coursemeet_ 
    where
        coursemeet_.courseCode=? 
        and coursemeet_.day=? 
        and coursemeet_.period=? 
        and coursemeet_.location=?
14:18:51,583 DEBUG BaseGeneralDataRegion:59 - Caching[foo.org.hibernate.cache.spi.UpdateTimestampsCache] : [Enrolment] -> [5579091114323968]
14:18:51,583 DEBUG SQL:104 - 
    update
        Address 
    set
        studentNumber=null,
        addressType=null 
    where
        studentNumber=?
14:18:51,583 DEBUG BaseGeneralDataRegion:59 - Caching[foo.org.hibernate.cache.spi.UpdateTimestampsCache] : [Address] -> [5579091114323969]
14:18:51,583 DEBUG SQL:104 - 
    delete 
    from
        Student_secretCodes 
    where
        studentNumber=?
14:18:51,592 DEBUG BaseGeneralDataRegion:59 - Caching[foo.org.hibernate.cache.spi.UpdateTimestampsCache] : [Student_secretCodes] -> [5579091114360832]
14:18:51,593 DEBUG BaseGeneralDataRegion:59 - Caching[foo.org.hibernate.cache.spi.UpdateTimestampsCache] : [Enrolment] -> [5579091114364928]
14:18:51,593 DEBUG BaseGeneralDataRegion:59 - Caching[foo.org.hibernate.cache.spi.UpdateTimestampsCache] : [Address] -> [5579091114364929]
14:18:51,593 DEBUG SQL:104 - 
    delete 
    from
        Student_secretCodes 
    where
        studentNumber=?
14:18:51,593 DEBUG BaseGeneralDataRegion:59 - Caching[foo.org.hibernate.cache.spi.UpdateTimestampsCache] : [Student_secretCodes] -> [5579091114364930]
14:18:51,593 DEBUG BaseGeneralDataRegion:59 - Caching[foo.org.hibernate.cache.spi.UpdateTimestampsCache] : [CourseMeeting] -> [5579091114364931]
14:18:51,593 DEBUG SQL:104 - 
    delete 
    from
        Enrolment 
    where
        studentId=? 
        and courseCode=?
14:18:51,594 DEBUG BaseGeneralDataRegion:59 - Caching[foo.org.hibernate.cache.spi.UpdateTimestampsCache] : [Enrolment] -> [5579091114369024]
14:18:51,594 DEBUG SQL:104 - 
    delete 
    from
        Address 
    where
        id=?
14:18:51,594 DEBUG BaseGeneralDataRegion:59 - Caching[foo.org.hibernate.cache.spi.UpdateTimestampsCache] : [Address] -> [5579091114369025]
14:18:51,594 DEBUG SQL:104 - 
    delete 
    from
        Address 
    where
        id=?
14:18:51,594 DEBUG BaseGeneralDataRegion:59 - Caching[foo.org.hibernate.cache.spi.UpdateTimestampsCache] : [Address] -> [5579091114369026]
14:18:51,594 DEBUG SQL:104 - 
    delete 
    from
        Student 
    where
        studentId=?
14:18:51,594 DEBUG BaseGeneralDataRegion:59 - Caching[foo.org.hibernate.cache.spi.UpdateTimestampsCache] : [Student] -> [5579091114369027]
14:18:51,594 DEBUG SQL:104 - 
    delete 
    from
        Enrolment 
    where
        studentId=? 
        and courseCode=?
14:18:51,615 DEBUG BaseGeneralDataRegion:59 - Caching[foo.org.hibernate.cache.spi.UpdateTimestampsCache] : [Enrolment] -> [5579091114455040]
14:18:51,616 DEBUG SQL:104 - 
    delete 
    from
        Student 
    where
        studentId=?
14:18:51,616 DEBUG BaseGeneralDataRegion:59 - Caching[foo.org.hibernate.cache.spi.UpdateTimestampsCache] : [Student] -> [5579091114459136]
14:18:51,616 DEBUG SQL:104 - 
    delete 
    from
        CourseMeeting 
    where
        courseCode=? 
        and day=? 
        and period=? 
        and location=?
14:18:51,616 DEBUG BaseGeneralDataRegion:59 - Caching[foo.org.hibernate.cache.spi.UpdateTimestampsCache] : [CourseMeeting] -> [5579091114459137]
14:18:51,616 DEBUG SQL:104 - 
    delete 
    from
        CourseMeeting 
    where
        courseCode=? 
        and day=? 
        and period=? 
        and location=?
14:18:51,617 DEBUG BaseGeneralDataRegion:59 - Caching[foo.org.hibernate.cache.spi.UpdateTimestampsCache] : [CourseMeeting] -> [5579091114463232]
14:18:51,626 DEBUG SQL:104 - 
    delete 
    from
        Course 
    where
        courseCode=?
14:18:51,626 DEBUG BaseGeneralDataRegion:59 - Caching[foo.org.hibernate.cache.spi.UpdateTimestampsCache] : [Course] -> [5579091114500096]
14:18:51,627 DEBUG BaseGeneralDataRegion:59 - Caching[foo.org.hibernate.cache.spi.UpdateTimestampsCache] : [Student] -> [5579090868744192]
14:18:51,627 DEBUG BaseGeneralDataRegion:59 - Caching[foo.org.hibernate.cache.spi.UpdateTimestampsCache] : [Course] -> [5579090868744192]
14:18:51,627 DEBUG BaseGeneralDataRegion:59 - Caching[foo.org.hibernate.cache.spi.UpdateTimestampsCache] : [Enrolment] -> [5579090868744192]
14:18:51,627 DEBUG BaseGeneralDataRegion:59 - Caching[foo.org.hibernate.cache.spi.UpdateTimestampsCache] : [Student_secretCodes] -> [5579090868744192]
14:18:51,627 DEBUG BaseGeneralDataRegion:59 - Caching[foo.org.hibernate.cache.spi.UpdateTimestampsCache] : [Address] -> [5579090868744192]
14:18:51,627 DEBUG BaseGeneralDataRegion:59 - Caching[foo.org.hibernate.cache.spi.UpdateTimestampsCache] : [CourseMeeting] -> [5579090868744192]
14:18:51,628 DEBUG SQL:104 - 
    select
        coursemeet_.courseCode,
        coursemeet_.day,
        coursemeet_.period,
        coursemeet_.location 
    from
        CourseMeeting coursemeet_ 
    where
        coursemeet_.courseCode=? 
        and coursemeet_.day=? 
        and coursemeet_.period=? 
        and coursemeet_.location=?
14:18:51,628 DEBUG SQL:104 - 
    select
        coursemeet_.courseCode,
        coursemeet_.day,
        coursemeet_.period,
        coursemeet_.location 
    from
        CourseMeeting coursemeet_ 
    where
        coursemeet_.courseCode=? 
        and coursemeet_.day=? 
        and coursemeet_.period=? 
        and coursemeet_.location=?
14:18:51,639 DEBUG SQL:104 - 
    insert 
    into
        Course
        (description, courseCode) 
    values
        (?, ?)
14:18:51,639 DEBUG BaseGeneralDataRegion:59 - Caching[foo.org.hibernate.cache.spi.UpdateTimestampsCache] : [Course] -> [5579091114553344]
14:18:51,639 DEBUG SQL:104 - 
    insert 
    into
        CourseMeeting
        (courseCode, day, period, location) 
    values
        (?, ?, ?, ?)
14:18:51,640 DEBUG BaseGeneralDataRegion:59 - Caching[foo.org.hibernate.cache.spi.UpdateTimestampsCache] : [CourseMeeting] -> [5579091114557440]
14:18:51,640 DEBUG SQL:104 - 
    insert 
    into
        CourseMeeting
        (courseCode, day, period, location) 
    values
        (?, ?, ?, ?)
14:18:51,649 DEBUG BaseGeneralDataRegion:59 - Caching[foo.org.hibernate.cache.spi.UpdateTimestampsCache] : [CourseMeeting] -> [5579091114594304]
14:18:51,649 DEBUG SQL:104 - 
    insert 
    into
        Student
        (name_first, name_middle, name_last, preferredCourseCode, studentId) 
    values
        (?, ?, ?, ?, ?)
14:18:51,649 DEBUG BaseGeneralDataRegion:59 - Caching[foo.org.hibernate.cache.spi.UpdateTimestampsCache] : [Student] -> [5579091114594305]
14:18:51,650 DEBUG SQL:104 - 
    insert 
    into
        Address
        (addressType, street, city, stateProvince, postalCode, country, studentNumber, id) 
    values
        (?, ?, ?, ?, ?, ?, ?, ?)
14:18:51,650 DEBUG BaseGeneralDataRegion:59 - Caching[foo.org.hibernate.cache.spi.UpdateTimestampsCache] : [Address] -> [5579091114598400]
14:18:51,650 DEBUG SQL:104 - 
    insert 
    into
        Address
        (addressType, street, city, stateProvince, postalCode, country, studentNumber, id) 
    values
        (?, ?, ?, ?, ?, ?, ?, ?)
14:18:51,650 DEBUG BaseGeneralDataRegion:59 - Caching[foo.org.hibernate.cache.spi.UpdateTimestampsCache] : [Address] -> [5579091114598401]
14:18:51,650 DEBUG SQL:104 - 
    insert 
    into
        Student
        (name_first, name_middle, name_last, preferredCourseCode, studentId) 
    values
        (?, ?, ?, ?, ?)
14:18:51,667 DEBUG BaseGeneralDataRegion:59 - Caching[foo.org.hibernate.cache.spi.UpdateTimestampsCache] : [Student] -> [5579091114668032]
14:18:51,667 DEBUG SQL:104 - 
    insert 
    into
        Enrolment
        (semester, "year", studentId, courseCode) 
    values
        (?, ?, ?, ?)
14:18:51,667 DEBUG BaseGeneralDataRegion:59 - Caching[foo.org.hibernate.cache.spi.UpdateTimestampsCache] : [Enrolment] -> [5579091114668033]
14:18:51,668 DEBUG SQL:104 - 
    insert 
    into
        Enrolment
        (semester, "year", studentId, courseCode) 
    values
        (?, ?, ?, ?)
14:18:51,668 DEBUG BaseGeneralDataRegion:59 - Caching[foo.org.hibernate.cache.spi.UpdateTimestampsCache] : [Enrolment] -> [5579091114672128]
14:18:51,668 DEBUG BaseGeneralDataRegion:59 - Caching[foo.org.hibernate.cache.spi.UpdateTimestampsCache] : [CourseMeeting] -> [5579091114672129]
14:18:51,668 DEBUG BaseGeneralDataRegion:59 - Caching[foo.org.hibernate.cache.spi.UpdateTimestampsCache] : [Enrolment] -> [5579091114672130]
14:18:51,668 DEBUG SQL:104 - 
    update
        Address 
    set
        studentNumber=?,
        addressType=? 
    where
        id=?
14:18:51,672 DEBUG SQL:104 - 
    update
        Address 
    set
        studentNumber=?,
        addressType=? 
    where
        id=?
14:18:51,672 DEBUG BaseGeneralDataRegion:59 - Caching[foo.org.hibernate.cache.spi.UpdateTimestampsCache] : [Address] -> [5579091114688512]
14:18:51,672 DEBUG SQL:104 - 
    insert 
    into
        Student_secretCodes
        (studentNumber, i, secretCode) 
    values
        (?, ?, ?)
14:18:51,673 DEBUG BaseGeneralDataRegion:59 - Caching[foo.org.hibernate.cache.spi.UpdateTimestampsCache] : [Student_secretCodes] -> [5579091114692608]
14:18:51,673 DEBUG BaseGeneralDataRegion:59 - Caching[foo.org.hibernate.cache.spi.UpdateTimestampsCache] : [Enrolment] -> [5579091114692609]
14:18:51,673 DEBUG BaseGeneralDataRegion:59 - Caching[foo.org.hibernate.cache.spi.UpdateTimestampsCache] : [Address] -> [5579091114692610]
14:18:51,673 DEBUG SQL:104 - 
    insert 
    into
        Student_secretCodes
        (studentNumber, i, secretCode) 
    values
        (?, ?, ?)
14:18:51,673 DEBUG SQL:104 - 
    insert 
    into
        Student_secretCodes
        (studentNumber, i, secretCode) 
    values
        (?, ?, ?)
14:18:51,681 DEBUG BaseGeneralDataRegion:59 - Caching[foo.org.hibernate.cache.spi.UpdateTimestampsCache] : [Student_secretCodes] -> [5579091114725376]
14:18:51,682 DEBUG BaseGeneralDataRegion:59 - Caching[foo.org.hibernate.cache.spi.UpdateTimestampsCache] : [Student] -> [5579090868969472]
14:18:51,682 DEBUG BaseGeneralDataRegion:59 - Caching[foo.org.hibernate.cache.spi.UpdateTimestampsCache] : [Course] -> [5579090868969472]
14:18:51,682 DEBUG BaseGeneralDataRegion:59 - Caching[foo.org.hibernate.cache.spi.UpdateTimestampsCache] : [Enrolment] -> [5579090868969472]
14:18:51,682 DEBUG BaseGeneralDataRegion:59 - Caching[foo.org.hibernate.cache.spi.UpdateTimestampsCache] : [Student_secretCodes] -> [5579090868969472]
14:18:51,682 DEBUG BaseGeneralDataRegion:59 - Caching[foo.org.hibernate.cache.spi.UpdateTimestampsCache] : [Address] -> [5579090868969472]
14:18:51,682 DEBUG BaseGeneralDataRegion:59 - Caching[foo.org.hibernate.cache.spi.UpdateTimestampsCache] : [CourseMeeting] -> [5579090868969472]
14:18:51,682 DEBUG SQL:104 - 
    select
        student_.studentId,
        student_.name_first as name2_4_,
        student_.name_middle as name3_4_,
        student_.name_last as name4_4_,
        student_.preferredCourseCode as preferre5_4_ 
    from
        Student student_ 
    where
        student_.studentId=?
14:18:51,683 DEBUG SQL:104 - 
    select
        enrolment_.studentId,
        enrolment_.courseCode,
        enrolment_.semester as semester3_,
        enrolment_."year" as year4_3_ 
    from
        Enrolment enrolment_ 
    where
        enrolment_.studentId=? 
        and enrolment_.courseCode=?
14:18:51,692 DEBUG SQL:104 - 
    select
        course_.courseCode,
        course_.description as descript2_1_ 
    from
        Course course_ 
    where
        course_.courseCode=?
14:18:51,693 DEBUG SQL:104 - 
    select
        student_.studentId,
        student_.name_first as name2_4_,
        student_.name_middle as name3_4_,
        student_.name_last as name4_4_,
        student_.preferredCourseCode as preferre5_4_ 
    from
        Student student_ 
    where
        student_.studentId=?
14:18:51,693 DEBUG SQL:104 - 
    select
        enrolment_.studentId,
        enrolment_.courseCode,
        enrolment_.semester as semester3_,
        enrolment_."year" as year4_3_ 
    from
        Enrolment enrolment_ 
    where
        enrolment_.studentId=? 
        and enrolment_.courseCode=?
14:18:51,693 DEBUG SQL:104 - 
    select
        coursemeet_.courseCode,
        coursemeet_.day,
        coursemeet_.period,
        coursemeet_.location 
    from
        CourseMeeting coursemeet_ 
    where
        coursemeet_.courseCode=? 
        and coursemeet_.day=? 
        and coursemeet_.period=? 
        and coursemeet_.location=?
14:18:51,694 DEBUG SQL:104 - 
    select
        coursemeet_.courseCode,
        coursemeet_.day,
        coursemeet_.period,
        coursemeet_.location 
    from
        CourseMeeting coursemeet_ 
    where
        coursemeet_.courseCode=? 
        and coursemeet_.day=? 
        and coursemeet_.period=? 
        and coursemeet_.location=?
14:18:51,706 DEBUG BaseGeneralDataRegion:59 - Caching[foo.org.hibernate.cache.spi.UpdateTimestampsCache] : [Enrolment] -> [5579091114827776]
14:18:51,706 DEBUG SQL:104 - 
    update
        Address 
    set
        studentNumber=null,
        addressType=null 
    where
        studentNumber=?
14:18:51,706 DEBUG BaseGeneralDataRegion:59 - Caching[foo.org.hibernate.cache.spi.UpdateTimestampsCache] : [Address] -> [5579091114827777]
14:18:51,707 DEBUG SQL:104 - 
    delete 
    from
        Student_secretCodes 
    where
        studentNumber=?
14:18:51,707 DEBUG BaseGeneralDataRegion:59 - Caching[foo.org.hibernate.cache.spi.UpdateTimestampsCache] : [Student_secretCodes] -> [5579091114831872]
14:18:51,707 DEBUG BaseGeneralDataRegion:59 - Caching[foo.org.hibernate.cache.spi.UpdateTimestampsCache] : [Enrolment] -> [5579091114831873]
14:18:51,707 DEBUG BaseGeneralDataRegion:59 - Caching[foo.org.hibernate.cache.spi.UpdateTimestampsCache] : [Address] -> [5579091114831874]
14:18:51,707 DEBUG SQL:104 - 
    delete 
    from
        Student_secretCodes 
    where
        studentNumber=?
14:18:51,717 DEBUG BaseGeneralDataRegion:59 - Caching[foo.org.hibernate.cache.spi.UpdateTimestampsCache] : [Student_secretCodes] -> [5579091114872832]
14:18:51,717 DEBUG BaseGeneralDataRegion:59 - Caching[foo.org.hibernate.cache.spi.UpdateTimestampsCache] : [CourseMeeting] -> [5579091114872833]
14:18:51,717 DEBUG SQL:104 - 
    delete 
    from
        Enrolment 
    where
        studentId=? 
        and courseCode=?
14:18:51,718 DEBUG BaseGeneralDataRegion:59 - Caching[foo.org.hibernate.cache.spi.UpdateTimestampsCache] : [Enrolment] -> [5579091114876928]
14:18:51,718 DEBUG SQL:104 - 
    delete 
    from
        Address 
    where
        id=?
14:18:51,718 DEBUG BaseGeneralDataRegion:59 - Caching[foo.org.hibernate.cache.spi.UpdateTimestampsCache] : [Address] -> [5579091114876929]
14:18:51,718 DEBUG SQL:104 - 
    delete 
    from
        Address 
    where
        id=?
14:18:51,719 DEBUG BaseGeneralDataRegion:59 - Caching[foo.org.hibernate.cache.spi.UpdateTimestampsCache] : [Address] -> [5579091114881024]
14:18:51,719 DEBUG SQL:104 - 
    delete 
    from
        Student 
    where
        studentId=?
14:18:51,719 DEBUG BaseGeneralDataRegion:59 - Caching[foo.org.hibernate.cache.spi.UpdateTimestampsCache] : [Student] -> [5579091114881025]
14:18:51,719 DEBUG SQL:104 - 
    delete 
    from
        Enrolment 
    where
        studentId=? 
        and courseCode=?
14:18:51,719 DEBUG BaseGeneralDataRegion:59 - Caching[foo.org.hibernate.cache.spi.UpdateTimestampsCache] : [Enrolment] -> [5579091114881026]
14:18:51,719 DEBUG SQL:104 - 
    delete 
    from
        Student 
    where
        studentId=?
14:18:51,746 DEBUG BaseGeneralDataRegion:59 - Caching[foo.org.hibernate.cache.spi.UpdateTimestampsCache] : [Student] -> [5579091114991616]
14:18:51,746 DEBUG SQL:104 - 
    delete 
    from
        CourseMeeting 
    where
        courseCode=? 
        and day=? 
        and period=? 
        and location=?
14:18:51,746 DEBUG BaseGeneralDataRegion:59 - Caching[foo.org.hibernate.cache.spi.UpdateTimestampsCache] : [CourseMeeting] -> [5579091114991617]
14:18:51,746 DEBUG SQL:104 - 
    delete 
    from
        CourseMeeting 
    where
        courseCode=? 
        and day=? 
        and period=? 
        and location=?
14:18:51,747 DEBUG BaseGeneralDataRegion:59 - Caching[foo.org.hibernate.cache.spi.UpdateTimestampsCache] : [CourseMeeting] -> [5579091114991618]
14:18:51,747 DEBUG SQL:104 - 
    delete 
    from
        Course 
    where
        courseCode=?
14:18:51,747 DEBUG BaseGeneralDataRegion:59 - Caching[foo.org.hibernate.cache.spi.UpdateTimestampsCache] : [Course] -> [5579091114995712]
14:18:51,747 DEBUG BaseGeneralDataRegion:59 - Caching[foo.org.hibernate.cache.spi.UpdateTimestampsCache] : [Student] -> [5579090869235713]
14:18:51,752 DEBUG BaseGeneralDataRegion:59 - Caching[foo.org.hibernate.cache.spi.UpdateTimestampsCache] : [Course] -> [5579090869235713]
14:18:51,753 DEBUG BaseGeneralDataRegion:59 - Caching[foo.org.hibernate.cache.spi.UpdateTimestampsCache] : [Enrolment] -> [5579090869235713]
14:18:51,753 DEBUG BaseGeneralDataRegion:59 - Caching[foo.org.hibernate.cache.spi.UpdateTimestampsCache] : [Student_secretCodes] -> [5579090869235713]
14:18:51,753 DEBUG BaseGeneralDataRegion:59 - Caching[foo.org.hibernate.cache.spi.UpdateTimestampsCache] : [Address] -> [5579090869235713]
14:18:51,753 DEBUG BaseGeneralDataRegion:59 - Caching[foo.org.hibernate.cache.spi.UpdateTimestampsCache] : [CourseMeeting] -> [5579090869235713]
14:18:51,753 DEBUG SQL:104 - 
    select
        coursemeet_.courseCode,
        coursemeet_.day,
        coursemeet_.period,
        coursemeet_.location 
    from
        CourseMeeting coursemeet_ 
    where
        coursemeet_.courseCode=? 
        and coursemeet_.day=? 
        and coursemeet_.period=? 
        and coursemeet_.location=?
14:18:51,754 DEBUG SQL:104 - 
    select
        coursemeet_.courseCode,
        coursemeet_.day,
        coursemeet_.period,
        coursemeet_.location 
    from
        CourseMeeting coursemeet_ 
    where
        coursemeet_.courseCode=? 
        and coursemeet_.day=? 
        and coursemeet_.period=? 
        and coursemeet_.location=?
14:18:51,762 DEBUG SQL:104 - 
    insert 
    into
        Course
        (description, courseCode) 
    values
        (?, ?)
14:18:51,762 DEBUG BaseGeneralDataRegion:59 - Caching[foo.org.hibernate.cache.spi.UpdateTimestampsCache] : [Course] -> [5579091115057152]
14:18:51,762 DEBUG SQL:104 - 
    insert 
    into
        CourseMeeting
        (courseCode, day, period, location) 
    values
        (?, ?, ?, ?)
14:18:51,763 DEBUG BaseGeneralDataRegion:59 - Caching[foo.org.hibernate.cache.spi.UpdateTimestampsCache] : [CourseMeeting] -> [5579091115061248]
14:18:51,763 DEBUG SQL:104 - 
    insert 
    into
        CourseMeeting
        (courseCode, day, period, location) 
    values
        (?, ?, ?, ?)
14:18:51,763 DEBUG BaseGeneralDataRegion:59 - Caching[foo.org.hibernate.cache.spi.UpdateTimestampsCache] : [CourseMeeting] -> [5579091115061249]
14:18:51,763 DEBUG SQL:104 - 
    insert 
    into
        Student
        (name_first, name_middle, name_last, preferredCourseCode, studentId) 
    values
        (?, ?, ?, ?, ?)
14:18:51,771 DEBUG BaseGeneralDataRegion:59 - Caching[foo.org.hibernate.cache.spi.UpdateTimestampsCache] : [Student] -> [5579091115094016]
14:18:51,772 DEBUG SQL:104 - 
    insert 
    into
        Address
        (addressType, street, city, stateProvince, postalCode, country, studentNumber, id) 
    values
        (?, ?, ?, ?, ?, ?, ?, ?)
14:18:51,772 DEBUG BaseGeneralDataRegion:59 - Caching[foo.org.hibernate.cache.spi.UpdateTimestampsCache] : [Address] -> [5579091115098112]
14:18:51,772 DEBUG SQL:104 - 
    insert 
    into
        Address
        (addressType, street, city, stateProvince, postalCode, country, studentNumber, id) 
    values
        (?, ?, ?, ?, ?, ?, ?, ?)
14:18:51,772 DEBUG BaseGeneralDataRegion:59 - Caching[foo.org.hibernate.cache.spi.UpdateTimestampsCache] : [Address] -> [5579091115098113]
14:18:51,772 DEBUG SQL:104 - 
    insert 
    into
        Student
        (name_first, name_middle, name_last, preferredCourseCode, studentId) 
    values
        (?, ?, ?, ?, ?)
14:18:51,772 DEBUG BaseGeneralDataRegion:59 - Caching[foo.org.hibernate.cache.spi.UpdateTimestampsCache] : [Student] -> [5579091115098114]
14:18:51,773 DEBUG SQL:104 - 
    insert 
    into
        Enrolment
        (semester, "year", studentId, courseCode) 
    values
        (?, ?, ?, ?)
14:18:51,782 DEBUG BaseGeneralDataRegion:59 - Caching[foo.org.hibernate.cache.spi.UpdateTimestampsCache] : [Enrolment] -> [5579091115139072]
14:18:51,782 DEBUG SQL:104 - 
    insert 
    into
        Enrolment
        (semester, "year", studentId, courseCode) 
    values
        (?, ?, ?, ?)
14:18:51,782 DEBUG BaseGeneralDataRegion:59 - Caching[foo.org.hibernate.cache.spi.UpdateTimestampsCache] : [Enrolment] -> [5579091115139073]
14:18:51,782 DEBUG BaseGeneralDataRegion:59 - Caching[foo.org.hibernate.cache.spi.UpdateTimestampsCache] : [CourseMeeting] -> [5579091115139074]
14:18:51,782 DEBUG BaseGeneralDataRegion:59 - Caching[foo.org.hibernate.cache.spi.UpdateTimestampsCache] : [Enrolment] -> [5579091115139075]
14:18:51,782 DEBUG SQL:104 - 
    update
        Address 
    set
        studentNumber=?,
        addressType=? 
    where
        id=?
14:18:51,783 DEBUG SQL:104 - 
    update
        Address 
    set
        studentNumber=?,
        addressType=? 
    where
        id=?
14:18:51,792 DEBUG BaseGeneralDataRegion:59 - Caching[foo.org.hibernate.cache.spi.UpdateTimestampsCache] : [Address] -> [5579091115175936]
14:18:51,792 DEBUG SQL:104 - 
    insert 
    into
        Student_secretCodes
        (studentNumber, i, secretCode) 
    values
        (?, ?, ?)
14:18:51,792 DEBUG BaseGeneralDataRegion:59 - Caching[foo.org.hibernate.cache.spi.UpdateTimestampsCache] : [Student_secretCodes] -> [5579091115180032]
14:18:51,792 DEBUG BaseGeneralDataRegion:59 - Caching[foo.org.hibernate.cache.spi.UpdateTimestampsCache] : [Enrolment] -> [5579091115180033]
14:18:51,792 DEBUG BaseGeneralDataRegion:59 - Caching[foo.org.hibernate.cache.spi.UpdateTimestampsCache] : [Address] -> [5579091115180034]
14:18:51,792 DEBUG SQL:104 - 
    insert 
    into
        Student_secretCodes
        (studentNumber, i, secretCode) 
    values
        (?, ?, ?)
14:18:51,793 DEBUG SQL:104 - 
    insert 
    into
        Student_secretCodes
        (studentNumber, i, secretCode) 
    values
        (?, ?, ?)
14:18:51,793 DEBUG BaseGeneralDataRegion:59 - Caching[foo.org.hibernate.cache.spi.UpdateTimestampsCache] : [Student_secretCodes] -> [5579091115184128]
14:18:51,793 DEBUG BaseGeneralDataRegion:59 - Caching[foo.org.hibernate.cache.spi.UpdateTimestampsCache] : [Student] -> [5579090869424129]
14:18:51,793 DEBUG BaseGeneralDataRegion:59 - Caching[foo.org.hibernate.cache.spi.UpdateTimestampsCache] : [Course] -> [5579090869424129]
14:18:51,793 DEBUG BaseGeneralDataRegion:59 - Caching[foo.org.hibernate.cache.spi.UpdateTimestampsCache] : [Enrolment] -> [5579090869424129]
14:18:51,802 DEBUG BaseGeneralDataRegion:59 - Caching[foo.org.hibernate.cache.spi.UpdateTimestampsCache] : [Student_secretCodes] -> [5579090869424129]
14:18:51,802 DEBUG BaseGeneralDataRegion:59 - Caching[foo.org.hibernate.cache.spi.UpdateTimestampsCache] : [Address] -> [5579090869424129]
14:18:51,802 DEBUG BaseGeneralDataRegion:59 - Caching[foo.org.hibernate.cache.spi.UpdateTimestampsCache] : [CourseMeeting] -> [5579090869424129]
14:18:51,803 DEBUG SQL:104 - 
    select
        student_.studentId,
        student_.name_first as name2_4_,
        student_.name_middle as name3_4_,
        student_.name_last as name4_4_,
        student_.preferredCourseCode as preferre5_4_ 
    from
        Student student_ 
    where
        student_.studentId=?
14:18:51,803 DEBUG SQL:104 - 
    select
        enrolment_.studentId,
        enrolment_.courseCode,
        enrolment_.semester as semester3_,
        enrolment_."year" as year4_3_ 
    from
        Enrolment enrolment_ 
    where
        enrolment_.studentId=? 
        and enrolment_.courseCode=?
14:18:51,804 DEBUG SQL:104 - 
    select
        course_.courseCode,
        course_.description as descript2_1_ 
    from
        Course course_ 
    where
        course_.courseCode=?
14:18:51,814 DEBUG SQL:104 - 
    select
        student_.studentId,
        student_.name_first as name2_4_,
        student_.name_middle as name3_4_,
        student_.name_last as name4_4_,
        student_.preferredCourseCode as preferre5_4_ 
    from
        Student student_ 
    where
        student_.studentId=?
14:18:51,814 DEBUG SQL:104 - 
    select
        enrolment_.studentId,
        enrolment_.courseCode,
        enrolment_.semester as semester3_,
        enrolment_."year" as year4_3_ 
    from
        Enrolment enrolment_ 
    where
        enrolment_.studentId=? 
        and enrolment_.courseCode=?
14:18:51,814 DEBUG SQL:104 - 
    select
        coursemeet_.courseCode,
        coursemeet_.day,
        coursemeet_.period,
        coursemeet_.location 
    from
        CourseMeeting coursemeet_ 
    where
        coursemeet_.courseCode=? 
        and coursemeet_.day=? 
        and coursemeet_.period=? 
        and coursemeet_.location=?
14:18:51,814 DEBUG SQL:104 - 
    select
        coursemeet_.courseCode,
        coursemeet_.day,
        coursemeet_.period,
        coursemeet_.location 
    from
        CourseMeeting coursemeet_ 
    where
        coursemeet_.courseCode=? 
        and coursemeet_.day=? 
        and coursemeet_.period=? 
        and coursemeet_.location=?
14:18:51,815 DEBUG BaseGeneralDataRegion:59 - Caching[foo.org.hibernate.cache.spi.UpdateTimestampsCache] : [Enrolment] -> [5579091115274240]
14:18:51,815 DEBUG SQL:104 - 
    update
        Address 
    set
        studentNumber=null,
        addressType=null 
    where
        studentNumber=?
14:18:51,826 DEBUG BaseGeneralDataRegion:59 - Caching[foo.org.hibernate.cache.spi.UpdateTimestampsCache] : [Address] -> [5579091115319296]
14:18:51,826 DEBUG SQL:104 - 
    delete 
    from
        Student_secretCodes 
    where
        studentNumber=?
14:18:51,827 DEBUG BaseGeneralDataRegion:59 - Caching[foo.org.hibernate.cache.spi.UpdateTimestampsCache] : [Student_secretCodes] -> [5579091115323392]
14:18:51,827 DEBUG BaseGeneralDataRegion:59 - Caching[foo.org.hibernate.cache.spi.UpdateTimestampsCache] : [Enrolment] -> [5579091115323393]
14:18:51,827 DEBUG BaseGeneralDataRegion:59 - Caching[foo.org.hibernate.cache.spi.UpdateTimestampsCache] : [Address] -> [5579091115323394]
14:18:51,827 DEBUG SQL:104 - 
    delete 
    from
        Student_secretCodes 
    where
        studentNumber=?
14:18:51,827 DEBUG BaseGeneralDataRegion:59 - Caching[foo.org.hibernate.cache.spi.UpdateTimestampsCache] : [Student_secretCodes] -> [5579091115323395]
14:18:51,827 DEBUG BaseGeneralDataRegion:59 - Caching[foo.org.hibernate.cache.spi.UpdateTimestampsCache] : [CourseMeeting] -> [5579091115323396]
14:18:51,827 DEBUG SQL:104 - 
    delete 
    from
        Enrolment 
    where
        studentId=? 
        and courseCode=?
14:18:51,828 DEBUG BaseGeneralDataRegion:59 - Caching[foo.org.hibernate.cache.spi.UpdateTimestampsCache] : [Enrolment] -> [5579091115327488]
14:18:51,828 DEBUG SQL:104 - 
    delete 
    from
        Address 
    where
        id=?
14:18:51,836 DEBUG BaseGeneralDataRegion:59 - Caching[foo.org.hibernate.cache.spi.UpdateTimestampsCache] : [Address] -> [5579091115360256]
14:18:51,837 DEBUG SQL:104 - 
    delete 
    from
        Address 
    where
        id=?
14:18:51,837 DEBUG BaseGeneralDataRegion:59 - Caching[foo.org.hibernate.cache.spi.UpdateTimestampsCache] : [Address] -> [5579091115364352]
14:18:51,837 DEBUG SQL:104 - 
    delete 
    from
        Student 
    where
        studentId=?
14:18:51,837 DEBUG BaseGeneralDataRegion:59 - Caching[foo.org.hibernate.cache.spi.UpdateTimestampsCache] : [Student] -> [5579091115364353]
14:18:51,837 DEBUG SQL:104 - 
    delete 
    from
        Enrolment 
    where
        studentId=? 
        and courseCode=?
14:18:51,838 DEBUG BaseGeneralDataRegion:59 - Caching[foo.org.hibernate.cache.spi.UpdateTimestampsCache] : [Enrolment] -> [5579091115368448]
14:18:51,838 DEBUG SQL:104 - 
    delete 
    from
        Student 
    where
        studentId=?
14:18:51,838 DEBUG BaseGeneralDataRegion:59 - Caching[foo.org.hibernate.cache.spi.UpdateTimestampsCache] : [Student] -> [5579091115368449]
14:18:51,838 DEBUG SQL:104 - 
    delete 
    from
        CourseMeeting 
    where
        courseCode=? 
        and day=? 
        and period=? 
        and location=?
14:18:51,838 DEBUG BaseGeneralDataRegion:59 - Caching[foo.org.hibernate.cache.spi.UpdateTimestampsCache] : [CourseMeeting] -> [5579091115368450]
14:18:51,838 DEBUG SQL:104 - 
    delete 
    from
        CourseMeeting 
    where
        courseCode=? 
        and day=? 
        and period=? 
        and location=?
14:18:51,859 DEBUG BaseGeneralDataRegion:59 - Caching[foo.org.hibernate.cache.spi.UpdateTimestampsCache] : [CourseMeeting] -> [5579091115454464]
14:18:51,860 DEBUG SQL:104 - 
    delete 
    from
        Course 
    where
        courseCode=?
14:18:51,860 DEBUG BaseGeneralDataRegion:59 - Caching[foo.org.hibernate.cache.spi.UpdateTimestampsCache] : [Course] -> [5579091115458560]
14:18:51,860 DEBUG BaseGeneralDataRegion:59 - Caching[foo.org.hibernate.cache.spi.UpdateTimestampsCache] : [Student] -> [5579090869698561]
14:18:51,860 DEBUG BaseGeneralDataRegion:59 - Caching[foo.org.hibernate.cache.spi.UpdateTimestampsCache] : [Course] -> [5579090869698561]
14:18:51,860 DEBUG BaseGeneralDataRegion:59 - Caching[foo.org.hibernate.cache.spi.UpdateTimestampsCache] : [Enrolment] -> [5579090869698561]
14:18:51,860 DEBUG BaseGeneralDataRegion:59 - Caching[foo.org.hibernate.cache.spi.UpdateTimestampsCache] : [Student_secretCodes] -> [5579090869698561]
14:18:51,860 DEBUG BaseGeneralDataRegion:59 - Caching[foo.org.hibernate.cache.spi.UpdateTimestampsCache] : [Address] -> [5579090869698561]
14:18:51,861 DEBUG BaseGeneralDataRegion:59 - Caching[foo.org.hibernate.cache.spi.UpdateTimestampsCache] : [CourseMeeting] -> [5579090869698561]
14:18:51,861  INFO CustomRunner:139 - Test: testEntityWithJoinedLazyManyToOneListCriteria
14:18:51,862 DEBUG SQL:104 - 
    select
        coursemeet_.courseCode,
        coursemeet_.day,
        coursemeet_.period,
        coursemeet_.location 
    from
        CourseMeeting coursemeet_ 
    where
        coursemeet_.courseCode=? 
        and coursemeet_.day=? 
        and coursemeet_.period=? 
        and coursemeet_.location=?
14:18:51,869 DEBUG SQL:104 - 
    select
        coursemeet_.courseCode,
        coursemeet_.day,
        coursemeet_.period,
        coursemeet_.location 
    from
        CourseMeeting coursemeet_ 
    where
        coursemeet_.courseCode=? 
        and coursemeet_.day=? 
        and coursemeet_.period=? 
        and coursemeet_.location=?
14:18:51,871 DEBUG SQL:104 - 
    insert 
    into
        Course
        (description, courseCode) 
    values
        (?, ?)
14:18:51,872 DEBUG BaseGeneralDataRegion:59 - Caching[foo.org.hibernate.cache.spi.UpdateTimestampsCache] : [Course] -> [5579091115507712]
14:18:51,872 DEBUG SQL:104 - 
    insert 
    into
        CourseMeeting
        (courseCode, day, period, location) 
    values
        (?, ?, ?, ?)
14:18:51,879 DEBUG BaseGeneralDataRegion:59 - Caching[foo.org.hibernate.cache.spi.UpdateTimestampsCache] : [CourseMeeting] -> [5579091115536384]
14:18:51,881 DEBUG SQL:104 - 
    insert 
    into
        CourseMeeting
        (courseCode, day, period, location) 
    values
        (?, ?, ?, ?)
14:18:51,881 DEBUG BaseGeneralDataRegion:59 - Caching[foo.org.hibernate.cache.spi.UpdateTimestampsCache] : [CourseMeeting] -> [5579091115544576]
14:18:51,881 DEBUG SQL:104 - 
    insert 
    into
        Student
        (name_first, name_middle, name_last, preferredCourseCode, studentId) 
    values
        (?, ?, ?, ?, ?)
14:18:51,881 DEBUG BaseGeneralDataRegion:59 - Caching[foo.org.hibernate.cache.spi.UpdateTimestampsCache] : [Student] -> [5579091115544577]
14:18:51,881 DEBUG SQL:104 - 
    insert 
    into
        Address
        (addressType, street, city, stateProvince, postalCode, country, studentNumber, id) 
    values
        (?, ?, ?, ?, ?, ?, ?, ?)
14:18:51,881 DEBUG BaseGeneralDataRegion:59 - Caching[foo.org.hibernate.cache.spi.UpdateTimestampsCache] : [Address] -> [5579091115544578]
14:18:51,882 DEBUG SQL:104 - 
    insert 
    into
        Address
        (addressType, street, city, stateProvince, postalCode, country, studentNumber, id) 
    values
        (?, ?, ?, ?, ?, ?, ?, ?)
14:18:51,889 DEBUG BaseGeneralDataRegion:59 - Caching[foo.org.hibernate.cache.spi.UpdateTimestampsCache] : [Address] -> [5579091115577344]
14:18:51,889 DEBUG SQL:104 - 
    insert 
    into
        Student
        (name_first, name_middle, name_last, preferredCourseCode, studentId) 
    values
        (?, ?, ?, ?, ?)
14:18:51,889 DEBUG BaseGeneralDataRegion:59 - Caching[foo.org.hibernate.cache.spi.UpdateTimestampsCache] : [Student] -> [5579091115577345]
14:18:51,889 DEBUG SQL:104 - 
    insert 
    into
        Enrolment
        (semester, "year", studentId, courseCode) 
    values
        (?, ?, ?, ?)
14:18:51,890 DEBUG BaseGeneralDataRegion:59 - Caching[foo.org.hibernate.cache.spi.UpdateTimestampsCache] : [Enrolment] -> [5579091115577346]
14:18:51,890 DEBUG SQL:104 - 
    insert 
    into
        Enrolment
        (semester, "year", studentId, courseCode) 
    values
        (?, ?, ?, ?)
14:18:51,890 DEBUG BaseGeneralDataRegion:59 - Caching[foo.org.hibernate.cache.spi.UpdateTimestampsCache] : [Enrolment] -> [5579091115581440]
14:18:51,899 DEBUG BaseGeneralDataRegion:59 - Caching[foo.org.hibernate.cache.spi.UpdateTimestampsCache] : [CourseMeeting] -> [5579091115618304]
14:18:51,900 DEBUG BaseGeneralDataRegion:59 - Caching[foo.org.hibernate.cache.spi.UpdateTimestampsCache] : [Enrolment] -> [5579091115622400]
14:18:51,900 DEBUG SQL:104 - 
    update
        Address 
    set
        studentNumber=?,
        addressType=? 
    where
        id=?
14:18:51,900 DEBUG SQL:104 - 
    update
        Address 
    set
        studentNumber=?,
        addressType=? 
    where
        id=?
14:18:51,901 DEBUG BaseGeneralDataRegion:59 - Caching[foo.org.hibernate.cache.spi.UpdateTimestampsCache] : [Address] -> [5579091115626496]
14:18:51,901 DEBUG SQL:104 - 
    insert 
    into
        Student_secretCodes
        (studentNumber, i, secretCode) 
    values
        (?, ?, ?)
14:18:51,902 DEBUG BaseGeneralDataRegion:59 - Caching[foo.org.hibernate.cache.spi.UpdateTimestampsCache] : [Student_secretCodes] -> [5579091115630592]
14:18:51,902 DEBUG BaseGeneralDataRegion:59 - Caching[foo.org.hibernate.cache.spi.UpdateTimestampsCache] : [Enrolment] -> [5579091115630593]
14:18:51,902 DEBUG BaseGeneralDataRegion:59 - Caching[foo.org.hibernate.cache.spi.UpdateTimestampsCache] : [Address] -> [5579091115630594]
14:18:51,902 DEBUG SQL:104 - 
    insert 
    into
        Student_secretCodes
        (studentNumber, i, secretCode) 
    values
        (?, ?, ?)
14:18:51,911 DEBUG SQL:104 - 
    insert 
    into
        Student_secretCodes
        (studentNumber, i, secretCode) 
    values
        (?, ?, ?)
14:18:51,911 DEBUG BaseGeneralDataRegion:59 - Caching[foo.org.hibernate.cache.spi.UpdateTimestampsCache] : [Student_secretCodes] -> [5579091115667456]
14:18:51,912 DEBUG BaseGeneralDataRegion:59 - Caching[foo.org.hibernate.cache.spi.UpdateTimestampsCache] : [Student] -> [5579090869911552]
14:18:51,912 DEBUG BaseGeneralDataRegion:59 - Caching[foo.org.hibernate.cache.spi.UpdateTimestampsCache] : [Course] -> [5579090869911552]
14:18:51,912 DEBUG BaseGeneralDataRegion:59 - Caching[foo.org.hibernate.cache.spi.UpdateTimestampsCache] : [Enrolment] -> [5579090869911552]
14:18:51,912 DEBUG BaseGeneralDataRegion:59 - Caching[foo.org.hibernate.cache.spi.UpdateTimestampsCache] : [Student_secretCodes] -> [5579090869911552]
14:18:51,912 DEBUG BaseGeneralDataRegion:59 - Caching[foo.org.hibernate.cache.spi.UpdateTimestampsCache] : [Address] -> [5579090869911552]
14:18:51,912 DEBUG BaseGeneralDataRegion:59 - Caching[foo.org.hibernate.cache.spi.UpdateTimestampsCache] : [CourseMeeting] -> [5579090869911552]
14:18:51,913 DEBUG SQL:104 - 
    select
        student_.studentId,
        student_.name_first as name2_4_,
        student_.name_middle as name3_4_,
        student_.name_last as name4_4_,
        student_.preferredCourseCode as preferre5_4_ 
    from
        Student student_ 
    where
        student_.studentId=?
14:18:51,925 DEBUG SQL:104 - 
    select
        enrolment_.studentId,
        enrolment_.courseCode,
        enrolment_.semester as semester3_,
        enrolment_."year" as year4_3_ 
    from
        Enrolment enrolment_ 
    where
        enrolment_.studentId=? 
        and enrolment_.courseCode=?
14:18:51,926 DEBUG SQL:104 - 
    select
        course_.courseCode,
        course_.description as descript2_1_ 
    from
        Course course_ 
    where
        course_.courseCode=?
14:18:51,927 DEBUG SQL:104 - 
    select
        student_.studentId,
        student_.name_first as name2_4_,
        student_.name_middle as name3_4_,
        student_.name_last as name4_4_,
        student_.preferredCourseCode as preferre5_4_ 
    from
        Student student_ 
    where
        student_.studentId=?
14:18:51,935 DEBUG SQL:104 - 
    select
        enrolment_.studentId,
        enrolment_.courseCode,
        enrolment_.semester as semester3_,
        enrolment_."year" as year4_3_ 
    from
        Enrolment enrolment_ 
    where
        enrolment_.studentId=? 
        and enrolment_.courseCode=?
14:18:51,936 DEBUG SQL:104 - 
    select
        coursemeet_.courseCode,
        coursemeet_.day,
        coursemeet_.period,
        coursemeet_.location 
    from
        CourseMeeting coursemeet_ 
    where
        coursemeet_.courseCode=? 
        and coursemeet_.day=? 
        and coursemeet_.period=? 
        and coursemeet_.location=?
14:18:51,937 DEBUG SQL:104 - 
    select
        coursemeet_.courseCode,
        coursemeet_.day,
        coursemeet_.period,
        coursemeet_.location 
    from
        CourseMeeting coursemeet_ 
    where
        coursemeet_.courseCode=? 
        and coursemeet_.day=? 
        and coursemeet_.period=? 
        and coursemeet_.location=?
14:18:51,938 DEBUG BaseGeneralDataRegion:59 - Caching[foo.org.hibernate.cache.spi.UpdateTimestampsCache] : [Enrolment] -> [5579091115778048]
14:18:51,938 DEBUG SQL:104 - 
    update
        Address 
    set
        studentNumber=null,
        addressType=null 
    where
        studentNumber=?
14:18:51,939 DEBUG BaseGeneralDataRegion:59 - Caching[foo.org.hibernate.cache.spi.UpdateTimestampsCache] : [Address] -> [5579091115782144]
14:18:51,939 DEBUG SQL:104 - 
    delete 
    from
        Student_secretCodes 
    where
        studentNumber=?
14:18:51,939 DEBUG BaseGeneralDataRegion:59 - Caching[foo.org.hibernate.cache.spi.UpdateTimestampsCache] : [Student_secretCodes] -> [5579091115782145]
14:18:51,940 DEBUG BaseGeneralDataRegion:59 - Caching[foo.org.hibernate.cache.spi.UpdateTimestampsCache] : [Enrolment] -> [5579091115786240]
14:18:51,940 DEBUG BaseGeneralDataRegion:59 - Caching[foo.org.hibernate.cache.spi.UpdateTimestampsCache] : [Address] -> [5579091115786241]
14:18:51,940 DEBUG SQL:104 - 
    delete 
    from
        Student_secretCodes 
    where
        studentNumber=?
14:18:51,948 DEBUG BaseGeneralDataRegion:59 - Caching[foo.org.hibernate.cache.spi.UpdateTimestampsCache] : [Student_secretCodes] -> [5579091115819008]
14:18:51,948 DEBUG BaseGeneralDataRegion:59 - Caching[foo.org.hibernate.cache.spi.UpdateTimestampsCache] : [CourseMeeting] -> [5579091115819009]
14:18:51,949 DEBUG SQL:104 - 
    delete 
    from
        Enrolment 
    where
        studentId=? 
        and courseCode=?
14:18:51,949 DEBUG BaseGeneralDataRegion:59 - Caching[foo.org.hibernate.cache.spi.UpdateTimestampsCache] : [Enrolment] -> [5579091115823104]
14:18:51,949 DEBUG SQL:104 - 
    delete 
    from
        Address 
    where
        id=?
14:18:51,949 DEBUG BaseGeneralDataRegion:59 - Caching[foo.org.hibernate.cache.spi.UpdateTimestampsCache] : [Address] -> [5579091115823105]
14:18:51,949 DEBUG SQL:104 - 
    delete 
    from
        Address 
    where
        id=?
14:18:51,949 DEBUG BaseGeneralDataRegion:59 - Caching[foo.org.hibernate.cache.spi.UpdateTimestampsCache] : [Address] -> [5579091115823106]
14:18:51,949 DEBUG SQL:104 - 
    delete 
    from
        Student 
    where
        studentId=?
14:18:51,959 DEBUG BaseGeneralDataRegion:59 - Caching[foo.org.hibernate.cache.spi.UpdateTimestampsCache] : [Student] -> [5579091115864064]
14:18:51,959 DEBUG SQL:104 - 
    delete 
    from
        Enrolment 
    where
        studentId=? 
        and courseCode=?
14:18:51,960 DEBUG BaseGeneralDataRegion:59 - Caching[foo.org.hibernate.cache.spi.UpdateTimestampsCache] : [Enrolment] -> [5579091115868160]
14:18:51,960 DEBUG SQL:104 - 
    delete 
    from
        Student 
    where
        studentId=?
14:18:51,960 DEBUG BaseGeneralDataRegion:59 - Caching[foo.org.hibernate.cache.spi.UpdateTimestampsCache] : [Student] -> [5579091115868161]
14:18:51,960 DEBUG SQL:104 - 
    delete 
    from
        CourseMeeting 
    where
        courseCode=? 
        and day=? 
        and period=? 
        and location=?
14:18:51,960 DEBUG BaseGeneralDataRegion:59 - Caching[foo.org.hibernate.cache.spi.UpdateTimestampsCache] : [CourseMeeting] -> [5579091115868162]
14:18:51,960 DEBUG SQL:104 - 
    delete 
    from
        CourseMeeting 
    where
        courseCode=? 
        and day=? 
        and period=? 
        and location=?
14:18:51,960 DEBUG BaseGeneralDataRegion:59 - Caching[foo.org.hibernate.cache.spi.UpdateTimestampsCache] : [CourseMeeting] -> [5579091115868163]
14:18:51,961 DEBUG SQL:104 - 
    delete 
    from
        Course 
    where
        courseCode=?
14:18:51,981 DEBUG BaseGeneralDataRegion:59 - Caching[foo.org.hibernate.cache.spi.UpdateTimestampsCache] : [Course] -> [5579091115954176]
14:18:51,981 DEBUG BaseGeneralDataRegion:59 - Caching[foo.org.hibernate.cache.spi.UpdateTimestampsCache] : [Student] -> [5579090870194177]
14:18:51,982 DEBUG BaseGeneralDataRegion:59 - Caching[foo.org.hibernate.cache.spi.UpdateTimestampsCache] : [Course] -> [5579090870194177]
14:18:51,982 DEBUG BaseGeneralDataRegion:59 - Caching[foo.org.hibernate.cache.spi.UpdateTimestampsCache] : [Enrolment] -> [5579090870194177]
14:18:51,982 DEBUG BaseGeneralDataRegion:59 - Caching[foo.org.hibernate.cache.spi.UpdateTimestampsCache] : [Student_secretCodes] -> [5579090870194177]
14:18:51,982 DEBUG BaseGeneralDataRegion:59 - Caching[foo.org.hibernate.cache.spi.UpdateTimestampsCache] : [Address] -> [5579090870194177]
14:18:51,982 DEBUG BaseGeneralDataRegion:59 - Caching[foo.org.hibernate.cache.spi.UpdateTimestampsCache] : [CourseMeeting] -> [5579090870194177]
14:18:51,982 DEBUG SQL:104 - 
    select
        coursemeet_.courseCode,
        coursemeet_.day,
        coursemeet_.period,
        coursemeet_.location 
    from
        CourseMeeting coursemeet_ 
    where
        coursemeet_.courseCode=? 
        and coursemeet_.day=? 
        and coursemeet_.period=? 
        and coursemeet_.location=?
14:18:51,983 DEBUG SQL:104 - 
    select
        coursemeet_.courseCode,
        coursemeet_.day,
        coursemeet_.period,
        coursemeet_.location 
    from
        CourseMeeting coursemeet_ 
    where
        coursemeet_.courseCode=? 
        and coursemeet_.day=? 
        and coursemeet_.period=? 
        and coursemeet_.location=?
14:18:51,995 DEBUG SQL:104 - 
    insert 
    into
        Course
        (description, courseCode) 
    values
        (?, ?)
14:18:51,995 DEBUG BaseGeneralDataRegion:59 - Caching[foo.org.hibernate.cache.spi.UpdateTimestampsCache] : [Course] -> [5579091116011520]
14:18:51,995 DEBUG SQL:104 - 
    insert 
    into
        CourseMeeting
        (courseCode, day, period, location) 
    values
        (?, ?, ?, ?)
14:18:51,996 DEBUG BaseGeneralDataRegion:59 - Caching[foo.org.hibernate.cache.spi.UpdateTimestampsCache] : [CourseMeeting] -> [5579091116015616]
14:18:51,996 DEBUG SQL:104 - 
    insert 
    into
        CourseMeeting
        (courseCode, day, period, location) 
    values
        (?, ?, ?, ?)
14:18:51,996 DEBUG BaseGeneralDataRegion:59 - Caching[foo.org.hibernate.cache.spi.UpdateTimestampsCache] : [CourseMeeting] -> [5579091116015617]
14:18:51,996 DEBUG SQL:104 - 
    insert 
    into
        Student
        (name_first, name_middle, name_last, preferredCourseCode, studentId) 
    values
        (?, ?, ?, ?, ?)
14:18:51,996 DEBUG BaseGeneralDataRegion:59 - Caching[foo.org.hibernate.cache.spi.UpdateTimestampsCache] : [Student] -> [5579091116015618]
14:18:51,996 DEBUG SQL:104 - 
    insert 
    into
        Address
        (addressType, street, city, stateProvince, postalCode, country, studentNumber, id) 
    values
        (?, ?, ?, ?, ?, ?, ?, ?)
14:18:51,997 DEBUG BaseGeneralDataRegion:59 - Caching[foo.org.hibernate.cache.spi.UpdateTimestampsCache] : [Address] -> [5579091116019712]
14:18:51,997 DEBUG SQL:104 - 
    insert 
    into
        Address
        (addressType, street, city, stateProvince, postalCode, country, studentNumber, id) 
    values
        (?, ?, ?, ?, ?, ?, ?, ?)
14:18:51,997 DEBUG BaseGeneralDataRegion:59 - Caching[foo.org.hibernate.cache.spi.UpdateTimestampsCache] : [Address] -> [5579091116019713]
14:18:51,997 DEBUG SQL:104 - 
    insert 
    into
        Student
        (name_first, name_middle, name_last, preferredCourseCode, studentId) 
    values
        (?, ?, ?, ?, ?)
14:18:51,997 DEBUG BaseGeneralDataRegion:59 - Caching[foo.org.hibernate.cache.spi.UpdateTimestampsCache] : [Student] -> [5579091116019714]
14:18:51,997 DEBUG SQL:104 - 
    insert 
    into
        Enrolment
        (semester, "year", studentId, courseCode) 
    values
        (?, ?, ?, ?)
14:18:51,998 DEBUG BaseGeneralDataRegion:59 - Caching[foo.org.hibernate.cache.spi.UpdateTimestampsCache] : [Enrolment] -> [5579091116023808]
14:18:51,998 DEBUG SQL:104 - 
    insert 
    into
        Enrolment
        (semester, "year", studentId, courseCode) 
    values
        (?, ?, ?, ?)
14:18:52,017 DEBUG BaseGeneralDataRegion:59 - Caching[foo.org.hibernate.cache.spi.UpdateTimestampsCache] : [Enrolment] -> [5579091116101632]
14:18:52,017 DEBUG BaseGeneralDataRegion:59 - Caching[foo.org.hibernate.cache.spi.UpdateTimestampsCache] : [CourseMeeting] -> [5579091116101633]
14:18:52,018 DEBUG BaseGeneralDataRegion:59 - Caching[foo.org.hibernate.cache.spi.UpdateTimestampsCache] : [Enrolment] -> [5579091116105728]
14:18:52,018 DEBUG SQL:104 - 
    update
        Address 
    set
        studentNumber=?,
        addressType=? 
    where
        id=?
14:18:52,018 DEBUG SQL:104 - 
    update
        Address 
    set
        studentNumber=?,
        addressType=? 
    where
        id=?
14:18:52,018 DEBUG BaseGeneralDataRegion:59 - Caching[foo.org.hibernate.cache.spi.UpdateTimestampsCache] : [Address] -> [5579091116105729]
14:18:52,018 DEBUG SQL:104 - 
    insert 
    into
        Student_secretCodes
        (studentNumber, i, secretCode) 
    values
        (?, ?, ?)
14:18:52,018 DEBUG BaseGeneralDataRegion:59 - Caching[foo.org.hibernate.cache.spi.UpdateTimestampsCache] : [Student_secretCodes] -> [5579091116105730]
14:18:52,019 DEBUG BaseGeneralDataRegion:59 - Caching[foo.org.hibernate.cache.spi.UpdateTimestampsCache] : [Enrolment] -> [5579091116109824]
14:18:52,027 DEBUG BaseGeneralDataRegion:59 - Caching[foo.org.hibernate.cache.spi.UpdateTimestampsCache] : [Address] -> [5579091116142592]
14:18:52,028 DEBUG SQL:104 - 
    insert 
    into
        Student_secretCodes
        (studentNumber, i, secretCode) 
    values
        (?, ?, ?)
14:18:52,028 DEBUG SQL:104 - 
    insert 
    into
        Student_secretCodes
        (studentNumber, i, secretCode) 
    values
        (?, ?, ?)
14:18:52,028 DEBUG BaseGeneralDataRegion:59 - Caching[foo.org.hibernate.cache.spi.UpdateTimestampsCache] : [Student_secretCodes] -> [5579091116146688]
14:18:52,029 DEBUG BaseGeneralDataRegion:59 - Caching[foo.org.hibernate.cache.spi.UpdateTimestampsCache] : [Student] -> [5579090870390784]
14:18:52,029 DEBUG BaseGeneralDataRegion:59 - Caching[foo.org.hibernate.cache.spi.UpdateTimestampsCache] : [Course] -> [5579090870390784]
14:18:52,029 DEBUG BaseGeneralDataRegion:59 - Caching[foo.org.hibernate.cache.spi.UpdateTimestampsCache] : [Enrolment] -> [5579090870390784]
14:18:52,029 DEBUG BaseGeneralDataRegion:59 - Caching[foo.org.hibernate.cache.spi.UpdateTimestampsCache] : [Student_secretCodes] -> [5579090870390784]
14:18:52,029 DEBUG BaseGeneralDataRegion:59 - Caching[foo.org.hibernate.cache.spi.UpdateTimestampsCache] : [Address] -> [5579090870390784]
14:18:52,029 DEBUG BaseGeneralDataRegion:59 - Caching[foo.org.hibernate.cache.spi.UpdateTimestampsCache] : [CourseMeeting] -> [5579090870390784]
14:18:52,029 DEBUG SQL:104 - 
    select
        student_.studentId,
        student_.name_first as name2_4_,
        student_.name_middle as name3_4_,
        student_.name_last as name4_4_,
        student_.preferredCourseCode as preferre5_4_ 
    from
        Student student_ 
    where
        student_.studentId=?
14:18:52,039 DEBUG SQL:104 - 
    select
        enrolment_.studentId,
        enrolment_.courseCode,
        enrolment_.semester as semester3_,
        enrolment_."year" as year4_3_ 
    from
        Enrolment enrolment_ 
    where
        enrolment_.studentId=? 
        and enrolment_.courseCode=?
14:18:52,039 DEBUG SQL:104 - 
    select
        course_.courseCode,
        course_.description as descript2_1_ 
    from
        Course course_ 
    where
        course_.courseCode=?
14:18:52,039 DEBUG SQL:104 - 
    select
        student_.studentId,
        student_.name_first as name2_4_,
        student_.name_middle as name3_4_,
        student_.name_last as name4_4_,
        student_.preferredCourseCode as preferre5_4_ 
    from
        Student student_ 
    where
        student_.studentId=?
14:18:52,049 DEBUG SQL:104 - 
    select
        enrolment_.studentId,
        enrolment_.courseCode,
        enrolment_.semester as semester3_,
        enrolment_."year" as year4_3_ 
    from
        Enrolment enrolment_ 
    where
        enrolment_.studentId=? 
        and enrolment_.courseCode=?
14:18:52,050 DEBUG SQL:104 - 
    select
        coursemeet_.courseCode,
        coursemeet_.day,
        coursemeet_.period,
        coursemeet_.location 
    from
        CourseMeeting coursemeet_ 
    where
        coursemeet_.courseCode=? 
        and coursemeet_.day=? 
        and coursemeet_.period=? 
        and coursemeet_.location=?
14:18:52,050 DEBUG SQL:104 - 
    select
        coursemeet_.courseCode,
        coursemeet_.day,
        coursemeet_.period,
        coursemeet_.location 
    from
        CourseMeeting coursemeet_ 
    where
        coursemeet_.courseCode=? 
        and coursemeet_.day=? 
        and coursemeet_.period=? 
        and coursemeet_.location=?
14:18:52,078 DEBUG BaseGeneralDataRegion:59 - Caching[foo.org.hibernate.cache.spi.UpdateTimestampsCache] : [Enrolment] -> [5579091116351488]
14:18:52,079 DEBUG SQL:104 - 
    update
        Address 
    set
        studentNumber=null,
        addressType=null 
    where
        studentNumber=?
14:18:52,079 DEBUG BaseGeneralDataRegion:59 - Caching[foo.org.hibernate.cache.spi.UpdateTimestampsCache] : [Address] -> [5579091116355584]
14:18:52,079 DEBUG SQL:104 - 
    delete 
    from
        Student_secretCodes 
    where
        studentNumber=?
14:18:52,079 DEBUG BaseGeneralDataRegion:59 - Caching[foo.org.hibernate.cache.spi.UpdateTimestampsCache] : [Student_secretCodes] -> [5579091116355585]
14:18:52,079 DEBUG BaseGeneralDataRegion:59 - Caching[foo.org.hibernate.cache.spi.UpdateTimestampsCache] : [Enrolment] -> [5579091116355586]
14:18:52,079 DEBUG BaseGeneralDataRegion:59 - Caching[foo.org.hibernate.cache.spi.UpdateTimestampsCache] : [Address] -> [5579091116355587]
14:18:52,079 DEBUG SQL:104 - 
    delete 
    from
        Student_secretCodes 
    where
        studentNumber=?
14:18:52,079 DEBUG BaseGeneralDataRegion:59 - Caching[foo.org.hibernate.cache.spi.UpdateTimestampsCache] : [Student_secretCodes] -> [5579091116355588]
14:18:52,080 DEBUG BaseGeneralDataRegion:59 - Caching[foo.org.hibernate.cache.spi.UpdateTimestampsCache] : [CourseMeeting] -> [5579091116359680]
14:18:52,080 DEBUG SQL:104 - 
    delete 
    from
        Enrolment 
    where
        studentId=? 
        and courseCode=?
14:18:52,080 DEBUG BaseGeneralDataRegion:59 - Caching[foo.org.hibernate.cache.spi.UpdateTimestampsCache] : [Enrolment] -> [5579091116359681]
14:18:52,080 DEBUG SQL:104 - 
    delete 
    from
        Address 
    where
        id=?
14:18:52,080 DEBUG BaseGeneralDataRegion:59 - Caching[foo.org.hibernate.cache.spi.UpdateTimestampsCache] : [Address] -> [5579091116359682]
14:18:52,080 DEBUG SQL:104 - 
    delete 
    from
        Address 
    where
        id=?
14:18:52,080 DEBUG BaseGeneralDataRegion:59 - Caching[foo.org.hibernate.cache.spi.UpdateTimestampsCache] : [Address] -> [5579091116359683]
14:18:52,095 DEBUG SQL:104 - 
    delete 
    from
        Student 
    where
        studentId=?
14:18:52,096 DEBUG BaseGeneralDataRegion:59 - Caching[foo.org.hibernate.cache.spi.UpdateTimestampsCache] : [Student] -> [5579091116425216]
14:18:52,096 DEBUG SQL:104 - 
    delete 
    from
        Enrolment 
    where
        studentId=? 
        and courseCode=?
14:18:52,096 DEBUG BaseGeneralDataRegion:59 - Caching[foo.org.hibernate.cache.spi.UpdateTimestampsCache] : [Enrolment] -> [5579091116425217]
14:18:52,096 DEBUG SQL:104 - 
    delete 
    from
        Student 
    where
        studentId=?
14:18:52,096 DEBUG BaseGeneralDataRegion:59 - Caching[foo.org.hibernate.cache.spi.UpdateTimestampsCache] : [Student] -> [5579091116425218]
14:18:52,097 DEBUG SQL:104 - 
    delete 
    from
        CourseMeeting 
    where
        courseCode=? 
        and day=? 
        and period=? 
        and location=?
14:18:52,105 DEBUG BaseGeneralDataRegion:59 - Caching[foo.org.hibernate.cache.spi.UpdateTimestampsCache] : [CourseMeeting] -> [5579091116462080]
14:18:52,106 DEBUG SQL:104 - 
    delete 
    from
        CourseMeeting 
    where
        courseCode=? 
        and day=? 
        and period=? 
        and location=?
14:18:52,106 DEBUG BaseGeneralDataRegion:59 - Caching[foo.org.hibernate.cache.spi.UpdateTimestampsCache] : [CourseMeeting] -> [5579091116466176]
14:18:52,106 DEBUG SQL:104 - 
    delete 
    from
        Course 
    where
        courseCode=?
14:18:52,106 DEBUG BaseGeneralDataRegion:59 - Caching[foo.org.hibernate.cache.spi.UpdateTimestampsCache] : [Course] -> [5579091116466177]
14:18:52,106 DEBUG BaseGeneralDataRegion:59 - Caching[foo.org.hibernate.cache.spi.UpdateTimestampsCache] : [Student] -> [5579090870706178]
14:18:52,107 DEBUG BaseGeneralDataRegion:59 - Caching[foo.org.hibernate.cache.spi.UpdateTimestampsCache] : [Course] -> [5579090870706178]
14:18:52,107 DEBUG BaseGeneralDataRegion:59 - Caching[foo.org.hibernate.cache.spi.UpdateTimestampsCache] : [Enrolment] -> [5579090870706178]
14:18:52,107 DEBUG BaseGeneralDataRegion:59 - Caching[foo.org.hibernate.cache.spi.UpdateTimestampsCache] : [Student_secretCodes] -> [5579090870706178]
14:18:52,107 DEBUG BaseGeneralDataRegion:59 - Caching[foo.org.hibernate.cache.spi.UpdateTimestampsCache] : [Address] -> [5579090870706178]
14:18:52,107 DEBUG BaseGeneralDataRegion:59 - Caching[foo.org.hibernate.cache.spi.UpdateTimestampsCache] : [CourseMeeting] -> [5579090870706178]
14:18:52,107 DEBUG SQL:104 - 
    select
        coursemeet_.courseCode,
        coursemeet_.day,
        coursemeet_.period,
        coursemeet_.location 
    from
        CourseMeeting coursemeet_ 
    where
        coursemeet_.courseCode=? 
        and coursemeet_.day=? 
        and coursemeet_.period=? 
        and coursemeet_.location=?
14:18:52,108 DEBUG SQL:104 - 
    select
        coursemeet_.courseCode,
        coursemeet_.day,
        coursemeet_.period,
        coursemeet_.location 
    from
        CourseMeeting coursemeet_ 
    where
        coursemeet_.courseCode=? 
        and coursemeet_.day=? 
        and coursemeet_.period=? 
        and coursemeet_.location=?
14:18:52,125 DEBUG SQL:104 - 
    insert 
    into
        Course
        (description, courseCode) 
    values
        (?, ?)
14:18:52,126 DEBUG BaseGeneralDataRegion:59 - Caching[foo.org.hibernate.cache.spi.UpdateTimestampsCache] : [Course] -> [5579091116548096]
14:18:52,126 DEBUG SQL:104 - 
    insert 
    into
        CourseMeeting
        (courseCode, day, period, location) 
    values
        (?, ?, ?, ?)
14:18:52,126 DEBUG BaseGeneralDataRegion:59 - Caching[foo.org.hibernate.cache.spi.UpdateTimestampsCache] : [CourseMeeting] -> [5579091116548097]
14:18:52,128 DEBUG SQL:104 - 
    insert 
    into
        CourseMeeting
        (courseCode, day, period, location) 
    values
        (?, ?, ?, ?)
14:18:52,129 DEBUG BaseGeneralDataRegion:59 - Caching[foo.org.hibernate.cache.spi.UpdateTimestampsCache] : [CourseMeeting] -> [5579091116560384]
14:18:52,129 DEBUG SQL:104 - 
    insert 
    into
        Student
        (name_first, name_middle, name_last, preferredCourseCode, studentId) 
    values
        (?, ?, ?, ?, ?)
14:18:52,133 DEBUG BaseGeneralDataRegion:59 - Caching[foo.org.hibernate.cache.spi.UpdateTimestampsCache] : [Student] -> [5579091116576768]
14:18:52,133 DEBUG SQL:104 - 
    insert 
    into
        Address
        (addressType, street, city, stateProvince, postalCode, country, studentNumber, id) 
    values
        (?, ?, ?, ?, ?, ?, ?, ?)
14:18:52,134 DEBUG BaseGeneralDataRegion:59 - Caching[foo.org.hibernate.cache.spi.UpdateTimestampsCache] : [Address] -> [5579091116580864]
14:18:52,134 DEBUG SQL:104 - 
    insert 
    into
        Address
        (addressType, street, city, stateProvince, postalCode, country, studentNumber, id) 
    values
        (?, ?, ?, ?, ?, ?, ?, ?)
14:18:52,135 DEBUG BaseGeneralDataRegion:59 - Caching[foo.org.hibernate.cache.spi.UpdateTimestampsCache] : [Address] -> [5579091116584960]
14:18:52,135 DEBUG SQL:104 - 
    insert 
    into
        Student
        (name_first, name_middle, name_last, preferredCourseCode, studentId) 
    values
        (?, ?, ?, ?, ?)
14:18:52,143 DEBUG BaseGeneralDataRegion:59 - Caching[foo.org.hibernate.cache.spi.UpdateTimestampsCache] : [Student] -> [5579091116617728]
14:18:52,143 DEBUG SQL:104 - 
    insert 
    into
        Enrolment
        (semester, "year", studentId, courseCode) 
    values
        (?, ?, ?, ?)
14:18:52,144 DEBUG BaseGeneralDataRegion:59 - Caching[foo.org.hibernate.cache.spi.UpdateTimestampsCache] : [Enrolment] -> [5579091116621824]
14:18:52,144 DEBUG SQL:104 - 
    insert 
    into
        Enrolment
        (semester, "year", studentId, courseCode) 
    values
        (?, ?, ?, ?)
14:18:52,144 DEBUG BaseGeneralDataRegion:59 - Caching[foo.org.hibernate.cache.spi.UpdateTimestampsCache] : [Enrolment] -> [5579091116621825]
14:18:52,144 DEBUG BaseGeneralDataRegion:59 - Caching[foo.org.hibernate.cache.spi.UpdateTimestampsCache] : [CourseMeeting] -> [5579091116621826]
14:18:52,144 DEBUG BaseGeneralDataRegion:59 - Caching[foo.org.hibernate.cache.spi.UpdateTimestampsCache] : [Enrolment] -> [5579091116621827]
14:18:52,144 DEBUG SQL:104 - 
    update
        Address 
    set
        studentNumber=?,
        addressType=? 
    where
        id=?
14:18:52,145 DEBUG SQL:104 - 
    update
        Address 
    set
        studentNumber=?,
        addressType=? 
    where
        id=?
14:18:52,154 DEBUG BaseGeneralDataRegion:59 - Caching[foo.org.hibernate.cache.spi.UpdateTimestampsCache] : [Address] -> [5579091116662784]
14:18:52,154 DEBUG SQL:104 - 
    insert 
    into
        Student_secretCodes
        (studentNumber, i, secretCode) 
    values
        (?, ?, ?)
14:18:52,154 DEBUG BaseGeneralDataRegion:59 - Caching[foo.org.hibernate.cache.spi.UpdateTimestampsCache] : [Student_secretCodes] -> [5579091116662785]
14:18:52,154 DEBUG BaseGeneralDataRegion:59 - Caching[foo.org.hibernate.cache.spi.UpdateTimestampsCache] : [Enrolment] -> [5579091116662786]
14:18:52,155 DEBUG BaseGeneralDataRegion:59 - Caching[foo.org.hibernate.cache.spi.UpdateTimestampsCache] : [Address] -> [5579091116666880]
14:18:52,155 DEBUG SQL:104 - 
    insert 
    into
        Student_secretCodes
        (studentNumber, i, secretCode) 
    values
        (?, ?, ?)
14:18:52,155 DEBUG SQL:104 - 
    insert 
    into
        Student_secretCodes
        (studentNumber, i, secretCode) 
    values
        (?, ?, ?)
14:18:52,164 DEBUG BaseGeneralDataRegion:59 - Caching[foo.org.hibernate.cache.spi.UpdateTimestampsCache] : [Student_secretCodes] -> [5579091116703744]
14:18:52,164 DEBUG BaseGeneralDataRegion:59 - Caching[foo.org.hibernate.cache.spi.UpdateTimestampsCache] : [Student] -> [5579090870943745]
14:18:52,165 DEBUG BaseGeneralDataRegion:59 - Caching[foo.org.hibernate.cache.spi.UpdateTimestampsCache] : [Course] -> [5579090870943745]
14:18:52,165 DEBUG BaseGeneralDataRegion:59 - Caching[foo.org.hibernate.cache.spi.UpdateTimestampsCache] : [Enrolment] -> [5579090870943745]
14:18:52,165 DEBUG BaseGeneralDataRegion:59 - Caching[foo.org.hibernate.cache.spi.UpdateTimestampsCache] : [Student_secretCodes] -> [5579090870943745]
14:18:52,165 DEBUG BaseGeneralDataRegion:59 - Caching[foo.org.hibernate.cache.spi.UpdateTimestampsCache] : [Address] -> [5579090870943745]
14:18:52,165 DEBUG BaseGeneralDataRegion:59 - Caching[foo.org.hibernate.cache.spi.UpdateTimestampsCache] : [CourseMeeting] -> [5579090870943745]
14:18:52,165 DEBUG SQL:104 - 
    select
        student_.studentId,
        student_.name_first as name2_4_,
        student_.name_middle as name3_4_,
        student_.name_last as name4_4_,
        student_.preferredCourseCode as preferre5_4_ 
    from
        Student student_ 
    where
        student_.studentId=?
14:18:52,166 DEBUG SQL:104 - 
    select
        enrolment_.studentId,
        enrolment_.courseCode,
        enrolment_.semester as semester3_,
        enrolment_."year" as year4_3_ 
    from
        Enrolment enrolment_ 
    where
        enrolment_.studentId=? 
        and enrolment_.courseCode=?
14:18:52,166 DEBUG SQL:104 - 
    select
        course_.courseCode,
        course_.description as descript2_1_ 
    from
        Course course_ 
    where
        course_.courseCode=?
14:18:52,176 DEBUG SQL:104 - 
    select
        student_.studentId,
        student_.name_first as name2_4_,
        student_.name_middle as name3_4_,
        student_.name_last as name4_4_,
        student_.preferredCourseCode as preferre5_4_ 
    from
        Student student_ 
    where
        student_.studentId=?
14:18:52,176 DEBUG SQL:104 - 
    select
        enrolment_.studentId,
        enrolment_.courseCode,
        enrolment_.semester as semester3_,
        enrolment_."year" as year4_3_ 
    from
        Enrolment enrolment_ 
    where
        enrolment_.studentId=? 
        and enrolment_.courseCode=?
14:18:52,176 DEBUG SQL:104 - 
    select
        coursemeet_.courseCode,
        coursemeet_.day,
        coursemeet_.period,
        coursemeet_.location 
    from
        CourseMeeting coursemeet_ 
    where
        coursemeet_.courseCode=? 
        and coursemeet_.day=? 
        and coursemeet_.period=? 
        and coursemeet_.location=?
14:18:52,186 DEBUG SQL:104 - 
    select
        coursemeet_.courseCode,
        coursemeet_.day,
        coursemeet_.period,
        coursemeet_.location 
    from
        CourseMeeting coursemeet_ 
    where
        coursemeet_.courseCode=? 
        and coursemeet_.day=? 
        and coursemeet_.period=? 
        and coursemeet_.location=?
14:18:52,187 DEBUG BaseGeneralDataRegion:59 - Caching[foo.org.hibernate.cache.spi.UpdateTimestampsCache] : [Enrolment] -> [5579091116797952]
14:18:52,187 DEBUG SQL:104 - 
    update
        Address 
    set
        studentNumber=null,
        addressType=null 
    where
        studentNumber=?
14:18:52,197 DEBUG BaseGeneralDataRegion:59 - Caching[foo.org.hibernate.cache.spi.UpdateTimestampsCache] : [Address] -> [5579091116838912]
14:18:52,197 DEBUG SQL:104 - 
    delete 
    from
        Student_secretCodes 
    where
        studentNumber=?
14:18:52,197 DEBUG BaseGeneralDataRegion:59 - Caching[foo.org.hibernate.cache.spi.UpdateTimestampsCache] : [Student_secretCodes] -> [5579091116838913]
14:18:52,198 DEBUG BaseGeneralDataRegion:59 - Caching[foo.org.hibernate.cache.spi.UpdateTimestampsCache] : [Enrolment] -> [5579091116843008]
14:18:52,198 DEBUG BaseGeneralDataRegion:59 - Caching[foo.org.hibernate.cache.spi.UpdateTimestampsCache] : [Address] -> [5579091116843009]
14:18:52,198 DEBUG SQL:104 - 
    delete 
    from
        Student_secretCodes 
    where
        studentNumber=?
14:18:52,198 DEBUG BaseGeneralDataRegion:59 - Caching[foo.org.hibernate.cache.spi.UpdateTimestampsCache] : [Student_secretCodes] -> [5579091116843010]
14:18:52,198 DEBUG BaseGeneralDataRegion:59 - Caching[foo.org.hibernate.cache.spi.UpdateTimestampsCache] : [CourseMeeting] -> [5579091116843011]
14:18:52,199 DEBUG SQL:104 - 
    delete 
    from
        Enrolment 
    where
        studentId=? 
        and courseCode=?
14:18:52,199 DEBUG BaseGeneralDataRegion:59 - Caching[foo.org.hibernate.cache.spi.UpdateTimestampsCache] : [Enrolment] -> [5579091116847104]
14:18:52,199 DEBUG SQL:104 - 
    delete 
    from
        Address 
    where
        id=?
14:18:52,199 DEBUG BaseGeneralDataRegion:59 - Caching[foo.org.hibernate.cache.spi.UpdateTimestampsCache] : [Address] -> [5579091116847105]
14:18:52,200 DEBUG SQL:104 - 
    delete 
    from
        Address 
    where
        id=?
14:18:52,200 DEBUG BaseGeneralDataRegion:59 - Caching[foo.org.hibernate.cache.spi.UpdateTimestampsCache] : [Address] -> [5579091116851200]
14:18:52,200 DEBUG SQL:104 - 
    delete 
    from
        Student 
    where
        studentId=?
14:18:52,200 DEBUG BaseGeneralDataRegion:59 - Caching[foo.org.hibernate.cache.spi.UpdateTimestampsCache] : [Student] -> [5579091116851201]
14:18:52,200 DEBUG SQL:104 - 
    delete 
    from
        Enrolment 
    where
        studentId=? 
        and courseCode=?
14:18:52,200 DEBUG BaseGeneralDataRegion:59 - Caching[foo.org.hibernate.cache.spi.UpdateTimestampsCache] : [Enrolment] -> [5579091116851202]
14:18:52,211 DEBUG SQL:104 - 
    delete 
    from
        Student 
    where
        studentId=?
14:18:52,211 DEBUG BaseGeneralDataRegion:59 - Caching[foo.org.hibernate.cache.spi.UpdateTimestampsCache] : [Student] -> [5579091116896256]
14:18:52,212 DEBUG SQL:104 - 
    delete 
    from
        CourseMeeting 
    where
        courseCode=? 
        and day=? 
        and period=? 
        and location=?
14:18:52,212 DEBUG BaseGeneralDataRegion:59 - Caching[foo.org.hibernate.cache.spi.UpdateTimestampsCache] : [CourseMeeting] -> [5579091116900352]
14:18:52,212 DEBUG SQL:104 - 
    delete 
    from
        CourseMeeting 
    where
        courseCode=? 
        and day=? 
        and period=? 
        and location=?
14:18:52,213 DEBUG BaseGeneralDataRegion:59 - Caching[foo.org.hibernate.cache.spi.UpdateTimestampsCache] : [CourseMeeting] -> [5579091116904448]
14:18:52,213 DEBUG SQL:104 - 
    delete 
    from
        Course 
    where
        courseCode=?
14:18:52,222 DEBUG BaseGeneralDataRegion:59 - Caching[foo.org.hibernate.cache.spi.UpdateTimestampsCache] : [Course] -> [5579091116941312]
14:18:52,222 DEBUG BaseGeneralDataRegion:59 - Caching[foo.org.hibernate.cache.spi.UpdateTimestampsCache] : [Student] -> [5579090871181313]
14:18:52,222 DEBUG BaseGeneralDataRegion:59 - Caching[foo.org.hibernate.cache.spi.UpdateTimestampsCache] : [Course] -> [5579090871181313]
14:18:52,222 DEBUG BaseGeneralDataRegion:59 - Caching[foo.org.hibernate.cache.spi.UpdateTimestampsCache] : [Enrolment] -> [5579090871181313]
14:18:52,222 DEBUG BaseGeneralDataRegion:59 - Caching[foo.org.hibernate.cache.spi.UpdateTimestampsCache] : [Student_secretCodes] -> [5579090871181313]
14:18:52,222 DEBUG BaseGeneralDataRegion:59 - Caching[foo.org.hibernate.cache.spi.UpdateTimestampsCache] : [Address] -> [5579090871181313]
14:18:52,222 DEBUG BaseGeneralDataRegion:59 - Caching[foo.org.hibernate.cache.spi.UpdateTimestampsCache] : [CourseMeeting] -> [5579090871181313]
14:18:52,223  INFO CustomRunner:139 - Test: testEntityWithJoinedLazyManyToOneListHql
14:18:52,224 DEBUG SQL:104 - 
    select
        coursemeet_.courseCode,
        coursemeet_.day,
        coursemeet_.period,
        coursemeet_.location 
    from
        CourseMeeting coursemeet_ 
    where
        coursemeet_.courseCode=? 
        and coursemeet_.day=? 
        and coursemeet_.period=? 
        and coursemeet_.location=?
14:18:52,224 DEBUG SQL:104 - 
    select
        coursemeet_.courseCode,
        coursemeet_.day,
        coursemeet_.period,
        coursemeet_.location 
    from
        CourseMeeting coursemeet_ 
    where
        coursemeet_.courseCode=? 
        and coursemeet_.day=? 
        and coursemeet_.period=? 
        and coursemeet_.location=?
14:18:52,225 DEBUG SQL:104 - 
    insert 
    into
        Course
        (description, courseCode) 
    values
        (?, ?)
14:18:52,246 DEBUG BaseGeneralDataRegion:59 - Caching[foo.org.hibernate.cache.spi.UpdateTimestampsCache] : [Course] -> [5579091117039616]
14:18:52,246 DEBUG SQL:104 - 
    insert 
    into
        CourseMeeting
        (courseCode, day, period, location) 
    values
        (?, ?, ?, ?)
14:18:52,247 DEBUG BaseGeneralDataRegion:59 - Caching[foo.org.hibernate.cache.spi.UpdateTimestampsCache] : [CourseMeeting] -> [5579091117043712]
14:18:52,247 DEBUG SQL:104 - 
    insert 
    into
        CourseMeeting
        (courseCode, day, period, location) 
    values
        (?, ?, ?, ?)
14:18:52,247 DEBUG BaseGeneralDataRegion:59 - Caching[foo.org.hibernate.cache.spi.UpdateTimestampsCache] : [CourseMeeting] -> [5579091117043713]
14:18:52,247 DEBUG SQL:104 - 
    insert 
    into
        Student
        (name_first, name_middle, name_last, preferredCourseCode, studentId) 
    values
        (?, ?, ?, ?, ?)
14:18:52,247 DEBUG BaseGeneralDataRegion:59 - Caching[foo.org.hibernate.cache.spi.UpdateTimestampsCache] : [Student] -> [5579091117043714]
14:18:52,247 DEBUG SQL:104 - 
    insert 
    into
        Address
        (addressType, street, city, stateProvince, postalCode, country, studentNumber, id) 
    values
        (?, ?, ?, ?, ?, ?, ?, ?)
14:18:52,256 DEBUG BaseGeneralDataRegion:59 - Caching[foo.org.hibernate.cache.spi.UpdateTimestampsCache] : [Address] -> [5579091117080576]
14:18:52,256 DEBUG SQL:104 - 
    insert 
    into
        Address
        (addressType, street, city, stateProvince, postalCode, country, studentNumber, id) 
    values
        (?, ?, ?, ?, ?, ?, ?, ?)
14:18:52,256 DEBUG BaseGeneralDataRegion:59 - Caching[foo.org.hibernate.cache.spi.UpdateTimestampsCache] : [Address] -> [5579091117080577]
14:18:52,257 DEBUG SQL:104 - 
    insert 
    into
        Student
        (name_first, name_middle, name_last, preferredCourseCode, studentId) 
    values
        (?, ?, ?, ?, ?)
14:18:52,257 DEBUG BaseGeneralDataRegion:59 - Caching[foo.org.hibernate.cache.spi.UpdateTimestampsCache] : [Student] -> [5579091117084672]
14:18:52,257 DEBUG SQL:104 - 
    insert 
    into
        Enrolment
        (semester, "year", studentId, courseCode) 
    values
        (?, ?, ?, ?)
14:18:52,257 DEBUG BaseGeneralDataRegion:59 - Caching[foo.org.hibernate.cache.spi.UpdateTimestampsCache] : [Enrolment] -> [5579091117084673]
14:18:52,257 DEBUG SQL:104 - 
    insert 
    into
        Enrolment
        (semester, "year", studentId, courseCode) 
    values
        (?, ?, ?, ?)
14:18:52,266 DEBUG BaseGeneralDataRegion:59 - Caching[foo.org.hibernate.cache.spi.UpdateTimestampsCache] : [Enrolment] -> [5579091117121536]
14:18:52,266 DEBUG BaseGeneralDataRegion:59 - Caching[foo.org.hibernate.cache.spi.UpdateTimestampsCache] : [CourseMeeting] -> [5579091117121537]
14:18:52,266 DEBUG BaseGeneralDataRegion:59 - Caching[foo.org.hibernate.cache.spi.UpdateTimestampsCache] : [Enrolment] -> [5579091117121538]
14:18:52,266 DEBUG SQL:104 - 
    update
        Address 
    set
        studentNumber=?,
        addressType=? 
    where
        id=?
14:18:52,267 DEBUG SQL:104 - 
    update
        Address 
    set
        studentNumber=?,
        addressType=? 
    where
        id=?
14:18:52,267 DEBUG BaseGeneralDataRegion:59 - Caching[foo.org.hibernate.cache.spi.UpdateTimestampsCache] : [Address] -> [5579091117125632]
14:18:52,267 DEBUG SQL:104 - 
    insert 
    into
        Student_secretCodes
        (studentNumber, i, secretCode) 
    values
        (?, ?, ?)
14:18:52,275 DEBUG BaseGeneralDataRegion:59 - Caching[foo.org.hibernate.cache.spi.UpdateTimestampsCache] : [Student_secretCodes] -> [5579091117158400]
14:18:52,276 DEBUG BaseGeneralDataRegion:59 - Caching[foo.org.hibernate.cache.spi.UpdateTimestampsCache] : [Enrolment] -> [5579091117162496]
14:18:52,276 DEBUG BaseGeneralDataRegion:59 - Caching[foo.org.hibernate.cache.spi.UpdateTimestampsCache] : [Address] -> [5579091117162497]
14:18:52,276 DEBUG SQL:104 - 
    insert 
    into
        Student_secretCodes
        (studentNumber, i, secretCode) 
    values
        (?, ?, ?)
14:18:52,276 DEBUG SQL:104 - 
    insert 
    into
        Student_secretCodes
        (studentNumber, i, secretCode) 
    values
        (?, ?, ?)
14:18:52,276 DEBUG BaseGeneralDataRegion:59 - Caching[foo.org.hibernate.cache.spi.UpdateTimestampsCache] : [Student_secretCodes] -> [5579091117162498]
14:18:52,276 DEBUG BaseGeneralDataRegion:59 - Caching[foo.org.hibernate.cache.spi.UpdateTimestampsCache] : [Student] -> [5579090871402499]
14:18:52,277 DEBUG BaseGeneralDataRegion:59 - Caching[foo.org.hibernate.cache.spi.UpdateTimestampsCache] : [Course] -> [5579090871402499]
14:18:52,277 DEBUG BaseGeneralDataRegion:59 - Caching[foo.org.hibernate.cache.spi.UpdateTimestampsCache] : [Enrolment] -> [5579090871402499]
14:18:52,277 DEBUG BaseGeneralDataRegion:59 - Caching[foo.org.hibernate.cache.spi.UpdateTimestampsCache] : [Student_secretCodes] -> [5579090871402499]
14:18:52,277 DEBUG BaseGeneralDataRegion:59 - Caching[foo.org.hibernate.cache.spi.UpdateTimestampsCache] : [Address] -> [5579090871402499]
14:18:52,277 DEBUG BaseGeneralDataRegion:59 - Caching[foo.org.hibernate.cache.spi.UpdateTimestampsCache] : [CourseMeeting] -> [5579090871402499]
14:18:52,277 DEBUG QueryTranslatorImpl:265 - parse() - HQL: from org.hibernate.test.querycache.Student s left join s.preferredCourse order by s.studentNumber
14:18:52,279 DEBUG QueryTranslatorImpl:283 - --- HQL AST ---
 \-[QUERY] Node: 'query'
    +-[SELECT_FROM] Node: 'SELECT_FROM'
    |  \-[FROM] Node: 'from'
    |     +-[RANGE] Node: 'RANGE'
    |     |  +-[DOT] Node: '.'
    |     |  |  +-[DOT] Node: '.'
    |     |  |  |  +-[DOT] Node: '.'
    |     |  |  |  |  +-[DOT] Node: '.'
    |     |  |  |  |  |  +-[IDENT] Node: 'org'
    |     |  |  |  |  |  \-[IDENT] Node: 'hibernate'
    |     |  |  |  |  \-[IDENT] Node: 'test'
    |     |  |  |  \-[IDENT] Node: 'querycache'
    |     |  |  \-[IDENT] Node: 'Student'
    |     |  \-[ALIAS] Node: 's'
    |     \-[JOIN] Node: 'join'
    |        +-[LEFT] Node: 'left'
    |        \-[DOT] Node: '.'
    |           +-[IDENT] Node: 's'
    |           \-[IDENT] Node: 'preferredCourse'
    \-[ORDER] Node: 'order'
       \-[DOT] Node: '.'
          +-[IDENT] Node: 's'
          \-[IDENT] Node: 'studentNumber'

14:18:52,286 DEBUG ErrorCounter:82 - throwQueryException() : no errors
14:18:52,287 DEBUG FromElement:157 - FromClause{level=1} : org.hibernate.test.querycache.Student (s) -> student0_
14:18:52,287 DEBUG FromReferenceNode:74 - Resolved : s -> student0_.studentId
14:18:52,287 DEBUG DotNode:599 - getDataType() : preferredCourse -> org.hibernate.type.ManyToOneType(org.hibernate.test.querycache.Course)
14:18:52,287 DEBUG DotNode:389 - dereferenceEntityJoin() : generating join for preferredCourse in org.hibernate.test.querycache.Student (<no alias>) parent = [ {null} ]
14:18:52,287 DEBUG FromElement:157 - FromClause{level=1} : org.hibernate.test.querycache.Course (<no alias>) -> course1_
14:18:52,287 DEBUG FromClause:282 - addJoinByPathMap() : s.preferredCourse -> FromElement{explicit,not a collection join,not a fetch join,fetch non-lazy properties,classAlias=null,role=null,tableName=Course,tableAlias=course1_,origin=Student student0_,columns={student0_.preferredCourseCode ,className=org.hibernate.test.querycache.Course}}
14:18:52,288 DEBUG FromReferenceNode:74 - Resolved : s.preferredCourse -> student0_.preferredCourseCode
14:18:52,288 DEBUG HqlSqlWalker:403 - createFromJoinElement() : -- join tree --
 \-[JOIN_FRAGMENT] FromElement: 'Course course1_' FromElement{explicit,not a collection join,not a fetch join,fetch non-lazy properties,classAlias=null,role=null,tableName=Course,tableAlias=course1_,origin=Student student0_,columns={student0_.preferredCourseCode ,className=org.hibernate.test.querycache.Course}}

14:18:52,297 DEBUG FromReferenceNode:74 - Resolved : s -> student0_.studentId
14:18:52,297 DEBUG DotNode:599 - getDataType() : studentNumber -> org.hibernate.type.LongType@4bf3f9d
14:18:52,298 DEBUG FromReferenceNode:74 - Resolved : s.studentNumber -> student0_.studentId
14:18:52,298 DEBUG HqlSqlWalker:629 - processQuery() :  ( SELECT ( FromClause{level=1} ( Student student0_ Course course1_ ) ) ( order ( student0_.studentId student0_.studentId studentNumber ) ) )
14:18:52,299 DEBUG HqlSqlWalker:869 - Derived SELECT clause created.
14:18:52,299 DEBUG JoinProcessor:175 - Using FROM fragment [Student student0_]
14:18:52,299 DEBUG JoinProcessor:175 - Using FROM fragment [left outer join Course course1_ on student0_.preferredCourseCode=course1_.courseCode]
14:18:52,299 DEBUG QueryTranslatorImpl:252 - --- SQL AST ---
 \-[SELECT] QueryNode: 'SELECT'  querySpaces (Student,Course)
    +-[SELECT_CLAUSE] SelectClause: '{derived select clause}'
    |  +-[SELECT_EXPR] SelectExpressionImpl: 'student0_.studentId as studentId4_0_' {FromElement{explicit,not a collection join,not a fetch join,fetch non-lazy properties,classAlias=s,role=null,tableName=Student,tableAlias=student0_,origin=null,columns={,className=org.hibernate.test.querycache.Student}}}
    |  +-[SELECT_EXPR] SelectExpressionImpl: 'course1_.courseCode as courseCode1_1_' {FromElement{explicit,not a collection join,not a fetch join,fetch non-lazy properties,classAlias=null,role=null,tableName=Course,tableAlias=course1_,origin=Student student0_,columns={student0_.preferredCourseCode ,className=org.hibernate.test.querycache.Course}}}
    |  +-[SQL_TOKEN] SqlFragment: 'student0_.name_first as name2_4_0_, student0_.name_middle as name3_4_0_, student0_.name_last as name4_4_0_, student0_.preferredCourseCode as preferre5_4_0_'
    |  \-[SQL_TOKEN] SqlFragment: 'course1_.description as descript2_1_1_'
    +-[FROM] FromClause: 'from' FromClause{level=1, fromElementCounter=2, fromElements=2, fromElementByClassAlias=[s], fromElementByTableAlias=[student0_, course1_], fromElementsByPath=[s.preferredCourse], collectionJoinFromElementsByPath=[], impliedElements=[]}
    |  \-[FROM_FRAGMENT] FromElement: 'Student student0_' FromElement{explicit,not a collection join,not a fetch join,fetch non-lazy properties,classAlias=s,role=null,tableName=Student,tableAlias=student0_,origin=null,columns={,className=org.hibernate.test.querycache.Student}}
    |     \-[JOIN_FRAGMENT] FromElement: 'left outer join Course course1_ on student0_.preferredCourseCode=course1_.courseCode' FromElement{explicit,not a collection join,not a fetch join,fetch non-lazy properties,classAlias=null,role=null,tableName=Course,tableAlias=course1_,origin=Student student0_,columns={student0_.preferredCourseCode ,className=org.hibernate.test.querycache.Course}}
    \-[ORDER] OrderByClause: 'order'
       \-[DOT] DotNode: 'student0_.studentId' {propertyName=studentNumber,dereferenceType=ALL,propertyPath=studentNumber,path=s.studentNumber,tableAlias=student0_,className=org.hibernate.test.querycache.Student,classAlias=s}
          +-[ALIAS_REF] IdentNode: 'student0_.studentId' {alias=s, className=org.hibernate.test.querycache.Student, tableAlias=student0_}
          \-[IDENT] IdentNode: 'studentNumber' {originalText=studentNumber}

14:18:52,299 DEBUG ErrorCounter:82 - throwQueryException() : no errors
14:18:52,300 DEBUG QueryTranslatorImpl:235 - HQL: from org.hibernate.test.querycache.Student s left join s.preferredCourse order by s.studentNumber
14:18:52,300 DEBUG QueryTranslatorImpl:236 - SQL: select student0_.studentId as studentId4_0_, course1_.courseCode as courseCode1_1_, student0_.name_first as name2_4_0_, student0_.name_middle as name3_4_0_, student0_.name_last as name4_4_0_, student0_.preferredCourseCode as preferre5_4_0_, course1_.description as descript2_1_1_ from Student student0_ left outer join Course course1_ on student0_.preferredCourseCode=course1_.courseCode order by student0_.studentId
14:18:52,300 DEBUG ErrorCounter:82 - throwQueryException() : no errors
14:18:52,300 DEBUG SQL:104 - 
    select
        student0_.studentId as studentId4_0_,
        course1_.courseCode as courseCode1_1_,
        student0_.name_first as name2_4_0_,
        student0_.name_middle as name3_4_0_,
        student0_.name_last as name4_4_0_,
        student0_.preferredCourseCode as preferre5_4_0_,
        course1_.description as descript2_1_1_ 
    from
        Student student0_ 
    left outer join
        Course course1_ 
            on student0_.preferredCourseCode=course1_.courseCode 
    order by
        student0_.studentId
14:18:52,311 DEBUG SQL:104 - 
    select
        secretcode0_.studentNumber as studentN1_4_0_,
        secretcode0_.secretCode as secretCode5_0_,
        secretcode0_.i as i0_ 
    from
        Student_secretCodes secretcode0_ 
    where
        secretcode0_.studentNumber=?
14:18:52,312 DEBUG SQL:104 - 
    select
        coursemeet0_.courseCode as courseCode1_1_,
        coursemeet0_.courseCode as courseCode2_1_,
        coursemeet0_.day as day2_1_,
        coursemeet0_.period as period2_1_,
        coursemeet0_.location as location2_1_,
        coursemeet0_.courseCode as courseCode2_0_,
        coursemeet0_.day as day2_0_,
        coursemeet0_.period as period2_0_,
        coursemeet0_.location as location2_0_ 
    from
        CourseMeeting coursemeet0_ 
    where
        coursemeet0_.courseCode=?
14:18:52,321 DEBUG SQL:104 - 
    select
        secretcode0_.studentNumber as studentN1_4_0_,
        secretcode0_.secretCode as secretCode5_0_,
        secretcode0_.i as i0_ 
    from
        Student_secretCodes secretcode0_ 
    where
        secretcode0_.studentNumber=?
14:18:52,321 DEBUG BaseGeneralDataRegion:59 - Caching[foo.org.hibernate.cache.internal.StandardQueryCache] : [sql: select student0_.studentId as studentId4_0_, course1_.courseCode as courseCode1_1_, student0_.name_first as name2_4_0_, student0_.name_middle as name3_4_0_, student0_.name_last as name4_4_0_, student0_.preferredCourseCode as preferre5_4_0_, course1_.description as descript2_1_1_ from Student student0_ left outer join Course course1_ on student0_.preferredCourseCode=course1_.courseCode order by student0_.studentId; parameters: ; named parameters: {}; transformer: org.hibernate.transform.CacheableResultTransformer@1406bf] -> [[5579090871586816, [Ljava.io.Serializable;@575066fd, [Ljava.io.Serializable;@5f9998d3]]
14:18:52,322 DEBUG SQL:104 - 
    select
        student0_.studentId as studentId4_0_,
        course1_.courseCode as courseCode1_1_,
        student0_.name_first as name2_4_0_,
        student0_.name_middle as name3_4_0_,
        student0_.name_last as name4_4_0_,
        student0_.preferredCourseCode as preferre5_4_0_,
        course1_.description as descript2_1_1_ 
    from
        Student student0_ 
    left outer join
        Course course1_ 
            on student0_.preferredCourseCode=course1_.courseCode 
    order by
        student0_.studentId
14:18:52,322 DEBUG SQL:104 - 
    select
        secretcode0_.studentNumber as studentN1_4_0_,
        secretcode0_.secretCode as secretCode5_0_,
        secretcode0_.i as i0_ 
    from
        Student_secretCodes secretcode0_ 
    where
        secretcode0_.studentNumber=?
14:18:52,323 DEBUG SQL:104 - 
    select
        coursemeet0_.courseCode as courseCode1_1_,
        coursemeet0_.courseCode as courseCode2_1_,
        coursemeet0_.day as day2_1_,
        coursemeet0_.period as period2_1_,
        coursemeet0_.location as location2_1_,
        coursemeet0_.courseCode as courseCode2_0_,
        coursemeet0_.day as day2_0_,
        coursemeet0_.period as period2_0_,
        coursemeet0_.location as location2_0_ 
    from
        CourseMeeting coursemeet0_ 
    where
        coursemeet0_.courseCode=?
14:18:52,323 DEBUG SQL:104 - 
    select
        secretcode0_.studentNumber as studentN1_4_0_,
        secretcode0_.secretCode as secretCode5_0_,
        secretcode0_.i as i0_ 
    from
        Student_secretCodes secretcode0_ 
    where
        secretcode0_.studentNumber=?
14:18:52,335 DEBUG BaseGeneralDataRegion:59 - Caching[foo.org.hibernate.cache.internal.StandardQueryCache] : [sql: select student0_.studentId as studentId4_0_, course1_.courseCode as courseCode1_1_, student0_.name_first as name2_4_0_, student0_.name_middle as name3_4_0_, student0_.name_last as name4_4_0_, student0_.preferredCourseCode as preferre5_4_0_, course1_.description as descript2_1_1_ from Student student0_ left outer join Course course1_ on student0_.preferredCourseCode=course1_.courseCode order by student0_.studentId; parameters: ; named parameters: {}; transformer: org.hibernate.transform.CacheableResultTransformer@1406bf] -> [[5579090871644160, [Ljava.io.Serializable;@1b39655c, [Ljava.io.Serializable;@552d88fa]]
14:18:52,336 DEBUG SQL:104 - 
    select
        student_.studentId,
        student_.name_first as name2_4_,
        student_.name_middle as name3_4_,
        student_.name_last as name4_4_,
        student_.preferredCourseCode as preferre5_4_ 
    from
        Student student_ 
    where
        student_.studentId=?
14:18:52,336 DEBUG SQL:104 - 
    select
        enrolment_.studentId,
        enrolment_.courseCode,
        enrolment_.semester as semester3_,
        enrolment_."year" as year4_3_ 
    from
        Enrolment enrolment_ 
    where
        enrolment_.studentId=? 
        and enrolment_.courseCode=?
14:18:52,346 DEBUG SQL:104 - 
    select
        course_.courseCode,
        course_.description as descript2_1_ 
    from
        Course course_ 
    where
        course_.courseCode=?
14:18:52,346 DEBUG SQL:104 - 
    select
        student_.studentId,
        student_.name_first as name2_4_,
        student_.name_middle as name3_4_,
        student_.name_last as name4_4_,
        student_.preferredCourseCode as preferre5_4_ 
    from
        Student student_ 
    where
        student_.studentId=?
14:18:52,346 DEBUG SQL:104 - 
    select
        enrolment_.studentId,
        enrolment_.courseCode,
        enrolment_.semester as semester3_,
        enrolment_."year" as year4_3_ 
    from
        Enrolment enrolment_ 
    where
        enrolment_.studentId=? 
        and enrolment_.courseCode=?
14:18:52,347 DEBUG SQL:104 - 
    select
        coursemeet_.courseCode,
        coursemeet_.day,
        coursemeet_.period,
        coursemeet_.location 
    from
        CourseMeeting coursemeet_ 
    where
        coursemeet_.courseCode=? 
        and coursemeet_.day=? 
        and coursemeet_.period=? 
        and coursemeet_.location=?
14:18:52,347 DEBUG SQL:104 - 
    select
        coursemeet_.courseCode,
        coursemeet_.day,
        coursemeet_.period,
        coursemeet_.location 
    from
        CourseMeeting coursemeet_ 
    where
        coursemeet_.courseCode=? 
        and coursemeet_.day=? 
        and coursemeet_.period=? 
        and coursemeet_.location=?
14:18:52,368 DEBUG BaseGeneralDataRegion:59 - Caching[foo.org.hibernate.cache.spi.UpdateTimestampsCache] : [Enrolment] -> [5579091117539328]
14:18:52,368 DEBUG SQL:104 - 
    update
        Address 
    set
        studentNumber=null,
        addressType=null 
    where
        studentNumber=?
14:18:52,368 DEBUG BaseGeneralDataRegion:59 - Caching[foo.org.hibernate.cache.spi.UpdateTimestampsCache] : [Address] -> [5579091117539329]
14:18:52,369 DEBUG SQL:104 - 
    delete 
    from
        Student_secretCodes 
    where
        studentNumber=?
14:18:52,369 DEBUG BaseGeneralDataRegion:59 - Caching[foo.org.hibernate.cache.spi.UpdateTimestampsCache] : [Student_secretCodes] -> [5579091117543424]
14:18:52,369 DEBUG BaseGeneralDataRegion:59 - Caching[foo.org.hibernate.cache.spi.UpdateTimestampsCache] : [Enrolment] -> [5579091117543425]
14:18:52,369 DEBUG BaseGeneralDataRegion:59 - Caching[foo.org.hibernate.cache.spi.UpdateTimestampsCache] : [Address] -> [5579091117543426]
14:18:52,376 DEBUG SQL:104 - 
    delete 
    from
        Student_secretCodes 
    where
        studentNumber=?
14:18:52,377 DEBUG BaseGeneralDataRegion:59 - Caching[foo.org.hibernate.cache.spi.UpdateTimestampsCache] : [Student_secretCodes] -> [5579091117576192]
14:18:52,377 DEBUG BaseGeneralDataRegion:59 - Caching[foo.org.hibernate.cache.spi.UpdateTimestampsCache] : [CourseMeeting] -> [5579091117576193]
14:18:52,377 DEBUG SQL:104 - 
    delete 
    from
        Enrolment 
    where
        studentId=? 
        and courseCode=?
14:18:52,377 DEBUG BaseGeneralDataRegion:59 - Caching[foo.org.hibernate.cache.spi.UpdateTimestampsCache] : [Enrolment] -> [5579091117576194]
14:18:52,377 DEBUG SQL:104 - 
    delete 
    from
        Address 
    where
        id=?
14:18:52,378 DEBUG BaseGeneralDataRegion:59 - Caching[foo.org.hibernate.cache.spi.UpdateTimestampsCache] : [Address] -> [5579091117580288]
14:18:52,378 DEBUG SQL:104 - 
    delete 
    from
        Address 
    where
        id=?
14:18:52,378 DEBUG BaseGeneralDataRegion:59 - Caching[foo.org.hibernate.cache.spi.UpdateTimestampsCache] : [Address] -> [5579091117580289]
14:18:52,387 DEBUG SQL:104 - 
    delete 
    from
        Student 
    where
        studentId=?
14:18:52,387 DEBUG BaseGeneralDataRegion:59 - Caching[foo.org.hibernate.cache.spi.UpdateTimestampsCache] : [Student] -> [5579091117617152]
14:18:52,388 DEBUG SQL:104 - 
    delete 
    from
        Enrolment 
    where
        studentId=? 
        and courseCode=?
14:18:52,388 DEBUG BaseGeneralDataRegion:59 - Caching[foo.org.hibernate.cache.spi.UpdateTimestampsCache] : [Enrolment] -> [5579091117621248]
14:18:52,388 DEBUG SQL:104 - 
    delete 
    from
        Student 
    where
        studentId=?
14:18:52,388 DEBUG BaseGeneralDataRegion:59 - Caching[foo.org.hibernate.cache.spi.UpdateTimestampsCache] : [Student] -> [5579091117621249]
14:18:52,388 DEBUG SQL:104 - 
    delete 
    from
        CourseMeeting 
    where
        courseCode=? 
        and day=? 
        and period=? 
        and location=?
14:18:52,397 DEBUG BaseGeneralDataRegion:59 - Caching[foo.org.hibernate.cache.spi.UpdateTimestampsCache] : [CourseMeeting] -> [5579091117658112]
14:18:52,397 DEBUG SQL:104 - 
    delete 
    from
        CourseMeeting 
    where
        courseCode=? 
        and day=? 
        and period=? 
        and location=?
14:18:52,398 DEBUG BaseGeneralDataRegion:59 - Caching[foo.org.hibernate.cache.spi.UpdateTimestampsCache] : [CourseMeeting] -> [5579091117662208]
14:18:52,398 DEBUG SQL:104 - 
    delete 
    from
        Course 
    where
        courseCode=?
14:18:52,398 DEBUG BaseGeneralDataRegion:59 - Caching[foo.org.hibernate.cache.spi.UpdateTimestampsCache] : [Course] -> [5579091117662209]
14:18:52,398 DEBUG BaseGeneralDataRegion:59 - Caching[foo.org.hibernate.cache.spi.UpdateTimestampsCache] : [Student] -> [5579090871902210]
14:18:52,398 DEBUG BaseGeneralDataRegion:59 - Caching[foo.org.hibernate.cache.spi.UpdateTimestampsCache] : [Course] -> [5579090871902210]
14:18:52,398 DEBUG BaseGeneralDataRegion:59 - Caching[foo.org.hibernate.cache.spi.UpdateTimestampsCache] : [Enrolment] -> [5579090871902210]
14:18:52,398 DEBUG BaseGeneralDataRegion:59 - Caching[foo.org.hibernate.cache.spi.UpdateTimestampsCache] : [Student_secretCodes] -> [5579090871902210]
14:18:52,398 DEBUG BaseGeneralDataRegion:59 - Caching[foo.org.hibernate.cache.spi.UpdateTimestampsCache] : [Address] -> [5579090871902210]
14:18:52,398 DEBUG BaseGeneralDataRegion:59 - Caching[foo.org.hibernate.cache.spi.UpdateTimestampsCache] : [CourseMeeting] -> [5579090871902210]
14:18:52,399 DEBUG SQL:104 - 
    select
        coursemeet_.courseCode,
        coursemeet_.day,
        coursemeet_.period,
        coursemeet_.location 
    from
        CourseMeeting coursemeet_ 
    where
        coursemeet_.courseCode=? 
        and coursemeet_.day=? 
        and coursemeet_.period=? 
        and coursemeet_.location=?
14:18:52,407 DEBUG SQL:104 - 
    select
        coursemeet_.courseCode,
        coursemeet_.day,
        coursemeet_.period,
        coursemeet_.location 
    from
        CourseMeeting coursemeet_ 
    where
        coursemeet_.courseCode=? 
        and coursemeet_.day=? 
        and coursemeet_.period=? 
        and coursemeet_.location=?
14:18:52,407 DEBUG SQL:104 - 
    insert 
    into
        Course
        (description, courseCode) 
    values
        (?, ?)
14:18:52,408 DEBUG BaseGeneralDataRegion:59 - Caching[foo.org.hibernate.cache.spi.UpdateTimestampsCache] : [Course] -> [5579091117703168]
14:18:52,408 DEBUG SQL:104 - 
    insert 
    into
        CourseMeeting
        (courseCode, day, period, location) 
    values
        (?, ?, ?, ?)
14:18:52,417 DEBUG BaseGeneralDataRegion:59 - Caching[foo.org.hibernate.cache.spi.UpdateTimestampsCache] : [CourseMeeting] -> [5579091117740032]
14:18:52,417 DEBUG SQL:104 - 
    insert 
    into
        CourseMeeting
        (courseCode, day, period, location) 
    values
        (?, ?, ?, ?)
14:18:52,417 DEBUG BaseGeneralDataRegion:59 - Caching[foo.org.hibernate.cache.spi.UpdateTimestampsCache] : [CourseMeeting] -> [5579091117740033]
14:18:52,417 DEBUG SQL:104 - 
    insert 
    into
        Student
        (name_first, name_middle, name_last, preferredCourseCode, studentId) 
    values
        (?, ?, ?, ?, ?)
14:18:52,418 DEBUG BaseGeneralDataRegion:59 - Caching[foo.org.hibernate.cache.spi.UpdateTimestampsCache] : [Student] -> [5579091117744128]
14:18:52,418 DEBUG SQL:104 - 
    insert 
    into
        Address
        (addressType, street, city, stateProvince, postalCode, country, studentNumber, id) 
    values
        (?, ?, ?, ?, ?, ?, ?, ?)
14:18:52,427 DEBUG BaseGeneralDataRegion:59 - Caching[foo.org.hibernate.cache.spi.UpdateTimestampsCache] : [Address] -> [5579091117780992]
14:18:52,427 DEBUG SQL:104 - 
    insert 
    into
        Address
        (addressType, street, city, stateProvince, postalCode, country, studentNumber, id) 
    values
        (?, ?, ?, ?, ?, ?, ?, ?)
14:18:52,428 DEBUG BaseGeneralDataRegion:59 - Caching[foo.org.hibernate.cache.spi.UpdateTimestampsCache] : [Address] -> [5579091117785088]
14:18:52,428 DEBUG SQL:104 - 
    insert 
    into
        Student
        (name_first, name_middle, name_last, preferredCourseCode, studentId) 
    values
        (?, ?, ?, ?, ?)
14:18:52,428 DEBUG BaseGeneralDataRegion:59 - Caching[foo.org.hibernate.cache.spi.UpdateTimestampsCache] : [Student] -> [5579091117785089]
14:18:52,428 DEBUG SQL:104 - 
    insert 
    into
        Enrolment
        (semester, "year", studentId, courseCode) 
    values
        (?, ?, ?, ?)
14:18:52,428 DEBUG BaseGeneralDataRegion:59 - Caching[foo.org.hibernate.cache.spi.UpdateTimestampsCache] : [Enrolment] -> [5579091117785090]
14:18:52,428 DEBUG SQL:104 - 
    insert 
    into
        Enrolment
        (semester, "year", studentId, courseCode) 
    values
        (?, ?, ?, ?)
14:18:52,438 DEBUG BaseGeneralDataRegion:59 - Caching[foo.org.hibernate.cache.spi.UpdateTimestampsCache] : [Enrolment] -> [5579091117826048]
14:18:52,438 DEBUG BaseGeneralDataRegion:59 - Caching[foo.org.hibernate.cache.spi.UpdateTimestampsCache] : [CourseMeeting] -> [5579091117826049]
14:18:52,438 DEBUG BaseGeneralDataRegion:59 - Caching[foo.org.hibernate.cache.spi.UpdateTimestampsCache] : [Enrolment] -> [5579091117826050]
14:18:52,438 DEBUG SQL:104 - 
    update
        Address 
    set
        studentNumber=?,
        addressType=? 
    where
        id=?
14:18:52,438 DEBUG SQL:104 - 
    update
        Address 
    set
        studentNumber=?,
        addressType=? 
    where
        id=?
14:18:52,439 DEBUG BaseGeneralDataRegion:59 - Caching[foo.org.hibernate.cache.spi.UpdateTimestampsCache] : [Address] -> [5579091117830144]
14:18:52,439 DEBUG SQL:104 - 
    insert 
    into
        Student_secretCodes
        (studentNumber, i, secretCode) 
    values
        (?, ?, ?)
14:18:52,449 DEBUG BaseGeneralDataRegion:59 - Caching[foo.org.hibernate.cache.spi.UpdateTimestampsCache] : [Student_secretCodes] -> [5579091117871104]
14:18:52,450 DEBUG BaseGeneralDataRegion:59 - Caching[foo.org.hibernate.cache.spi.UpdateTimestampsCache] : [Enrolment] -> [5579091117875200]
14:18:52,450 DEBUG BaseGeneralDataRegion:59 - Caching[foo.org.hibernate.cache.spi.UpdateTimestampsCache] : [Address] -> [5579091117875201]
14:18:52,450 DEBUG SQL:104 - 
    insert 
    into
        Student_secretCodes
        (studentNumber, i, secretCode) 
    values
        (?, ?, ?)
14:18:52,450 DEBUG SQL:104 - 
    insert 
    into
        Student_secretCodes
        (studentNumber, i, secretCode) 
    values
        (?, ?, ?)
14:18:52,450 DEBUG BaseGeneralDataRegion:59 - Caching[foo.org.hibernate.cache.spi.UpdateTimestampsCache] : [Student_secretCodes] -> [5579091117875202]
14:18:52,451 DEBUG BaseGeneralDataRegion:59 - Caching[foo.org.hibernate.cache.spi.UpdateTimestampsCache] : [Student] -> [5579090872115203]
14:18:52,451 DEBUG BaseGeneralDataRegion:59 - Caching[foo.org.hibernate.cache.spi.UpdateTimestampsCache] : [Course] -> [5579090872115203]
14:18:52,451 DEBUG BaseGeneralDataRegion:59 - Caching[foo.org.hibernate.cache.spi.UpdateTimestampsCache] : [Enrolment] -> [5579090872115203]
14:18:52,451 DEBUG BaseGeneralDataRegion:59 - Caching[foo.org.hibernate.cache.spi.UpdateTimestampsCache] : [Student_secretCodes] -> [5579090872115203]
14:18:52,451 DEBUG BaseGeneralDataRegion:59 - Caching[foo.org.hibernate.cache.spi.UpdateTimestampsCache] : [Address] -> [5579090872115203]
14:18:52,451 DEBUG BaseGeneralDataRegion:59 - Caching[foo.org.hibernate.cache.spi.UpdateTimestampsCache] : [CourseMeeting] -> [5579090872115203]
14:18:52,451 DEBUG QueryTranslatorImpl:265 - parse() - HQL: from org.hibernate.test.querycache.Student s left join s.preferredCourse p order by s.studentNumber
14:18:52,453 DEBUG QueryTranslatorImpl:283 - --- HQL AST ---
 \-[QUERY] Node: 'query'
    +-[SELECT_FROM] Node: 'SELECT_FROM'
    |  \-[FROM] Node: 'from'
    |     +-[RANGE] Node: 'RANGE'
    |     |  +-[DOT] Node: '.'
    |     |  |  +-[DOT] Node: '.'
    |     |  |  |  +-[DOT] Node: '.'
    |     |  |  |  |  +-[DOT] Node: '.'
    |     |  |  |  |  |  +-[IDENT] Node: 'org'
    |     |  |  |  |  |  \-[IDENT] Node: 'hibernate'
    |     |  |  |  |  \-[IDENT] Node: 'test'
    |     |  |  |  \-[IDENT] Node: 'querycache'
    |     |  |  \-[IDENT] Node: 'Student'
    |     |  \-[ALIAS] Node: 's'
    |     \-[JOIN] Node: 'join'
    |        +-[LEFT] Node: 'left'
    |        +-[DOT] Node: '.'
    |        |  +-[IDENT] Node: 's'
    |        |  \-[IDENT] Node: 'preferredCourse'
    |        \-[ALIAS] Node: 'p'
    \-[ORDER] Node: 'order'
       \-[DOT] Node: '.'
          +-[IDENT] Node: 's'
          \-[IDENT] Node: 'studentNumber'

14:18:52,453 DEBUG ErrorCounter:82 - throwQueryException() : no errors
14:18:52,453 DEBUG FromElement:157 - FromClause{level=1} : org.hibernate.test.querycache.Student (s) -> student0_
14:18:52,453 DEBUG FromReferenceNode:74 - Resolved : s -> student0_.studentId
14:18:52,453 DEBUG DotNode:599 - getDataType() : preferredCourse -> org.hibernate.type.ManyToOneType(org.hibernate.test.querycache.Course)
14:18:52,454 DEBUG DotNode:389 - dereferenceEntityJoin() : generating join for preferredCourse in org.hibernate.test.querycache.Student (p) parent = [ {null} ]
14:18:52,454 DEBUG FromElement:157 - FromClause{level=1} : org.hibernate.test.querycache.Course (p) -> course1_
14:18:52,454 DEBUG FromClause:282 - addJoinByPathMap() : s.preferredCourse -> FromElement{explicit,not a collection join,not a fetch join,fetch non-lazy properties,classAlias=p,role=null,tableName=Course,tableAlias=course1_,origin=Student student0_,columns={student0_.preferredCourseCode ,className=org.hibernate.test.querycache.Course}}
14:18:52,454 DEBUG FromReferenceNode:74 - Resolved : s.preferredCourse -> student0_.preferredCourseCode
14:18:52,454 DEBUG HqlSqlWalker:403 - createFromJoinElement() : -- join tree --
 \-[JOIN_FRAGMENT] FromElement: 'Course course1_' FromElement{explicit,not a collection join,not a fetch join,fetch non-lazy properties,classAlias=p,role=null,tableName=Course,tableAlias=course1_,origin=Student student0_,columns={student0_.preferredCourseCode ,className=org.hibernate.test.querycache.Course}}

14:18:52,499 DEBUG FromReferenceNode:74 - Resolved : s -> student0_.studentId
14:18:52,500 DEBUG DotNode:599 - getDataType() : studentNumber -> org.hibernate.type.LongType@4bf3f9d
14:18:52,500 DEBUG FromReferenceNode:74 - Resolved : s.studentNumber -> student0_.studentId
14:18:52,500 DEBUG HqlSqlWalker:629 - processQuery() :  ( SELECT ( FromClause{level=1} ( Student student0_ Course course1_ ) ) ( order ( student0_.studentId student0_.studentId studentNumber ) ) )
14:18:52,500 DEBUG HqlSqlWalker:869 - Derived SELECT clause created.
14:18:52,500 DEBUG JoinProcessor:175 - Using FROM fragment [Student student0_]
14:18:52,500 DEBUG JoinProcessor:175 - Using FROM fragment [left outer join Course course1_ on student0_.preferredCourseCode=course1_.courseCode]
14:18:52,501 DEBUG QueryTranslatorImpl:252 - --- SQL AST ---
 \-[SELECT] QueryNode: 'SELECT'  querySpaces (Student,Course)
    +-[SELECT_CLAUSE] SelectClause: '{derived select clause}'
    |  +-[SELECT_EXPR] SelectExpressionImpl: 'student0_.studentId as studentId4_0_' {FromElement{explicit,not a collection join,not a fetch join,fetch non-lazy properties,classAlias=s,role=null,tableName=Student,tableAlias=student0_,origin=null,columns={,className=org.hibernate.test.querycache.Student}}}
    |  +-[SELECT_EXPR] SelectExpressionImpl: 'course1_.courseCode as courseCode1_1_' {FromElement{explicit,not a collection join,not a fetch join,fetch non-lazy properties,classAlias=p,role=null,tableName=Course,tableAlias=course1_,origin=Student student0_,columns={student0_.preferredCourseCode ,className=org.hibernate.test.querycache.Course}}}
    |  +-[SQL_TOKEN] SqlFragment: 'student0_.name_first as name2_4_0_, student0_.name_middle as name3_4_0_, student0_.name_last as name4_4_0_, student0_.preferredCourseCode as preferre5_4_0_'
    |  \-[SQL_TOKEN] SqlFragment: 'course1_.description as descript2_1_1_'
    +-[FROM] FromClause: 'from' FromClause{level=1, fromElementCounter=2, fromElements=2, fromElementByClassAlias=[s, p], fromElementByTableAlias=[student0_, course1_], fromElementsByPath=[s.preferredCourse], collectionJoinFromElementsByPath=[], impliedElements=[]}
    |  \-[FROM_FRAGMENT] FromElement: 'Student student0_' FromElement{explicit,not a collection join,not a fetch join,fetch non-lazy properties,classAlias=s,role=null,tableName=Student,tableAlias=student0_,origin=null,columns={,className=org.hibernate.test.querycache.Student}}
    |     \-[JOIN_FRAGMENT] FromElement: 'left outer join Course course1_ on student0_.preferredCourseCode=course1_.courseCode' FromElement{explicit,not a collection join,not a fetch join,fetch non-lazy properties,classAlias=p,role=null,tableName=Course,tableAlias=course1_,origin=Student student0_,columns={student0_.preferredCourseCode ,className=org.hibernate.test.querycache.Course}}
    \-[ORDER] OrderByClause: 'order'
       \-[DOT] DotNode: 'student0_.studentId' {propertyName=studentNumber,dereferenceType=ALL,propertyPath=studentNumber,path=s.studentNumber,tableAlias=student0_,className=org.hibernate.test.querycache.Student,classAlias=s}
          +-[ALIAS_REF] IdentNode: 'student0_.studentId' {alias=s, className=org.hibernate.test.querycache.Student, tableAlias=student0_}
          \-[IDENT] IdentNode: 'studentNumber' {originalText=studentNumber}

14:18:52,501 DEBUG ErrorCounter:82 - throwQueryException() : no errors
14:18:52,501 DEBUG QueryTranslatorImpl:235 - HQL: from org.hibernate.test.querycache.Student s left join s.preferredCourse p order by s.studentNumber
14:18:52,501 DEBUG QueryTranslatorImpl:236 - SQL: select student0_.studentId as studentId4_0_, course1_.courseCode as courseCode1_1_, student0_.name_first as name2_4_0_, student0_.name_middle as name3_4_0_, student0_.name_last as name4_4_0_, student0_.preferredCourseCode as preferre5_4_0_, course1_.description as descript2_1_1_ from Student student0_ left outer join Course course1_ on student0_.preferredCourseCode=course1_.courseCode order by student0_.studentId
14:18:52,501 DEBUG ErrorCounter:82 - throwQueryException() : no errors
14:18:52,502 DEBUG SQL:104 - 
    select
        student0_.studentId as studentId4_0_,
        course1_.courseCode as courseCode1_1_,
        student0_.name_first as name2_4_0_,
        student0_.name_middle as name3_4_0_,
        student0_.name_last as name4_4_0_,
        student0_.preferredCourseCode as preferre5_4_0_,
        course1_.description as descript2_1_1_ 
    from
        Student student0_ 
    left outer join
        Course course1_ 
            on student0_.preferredCourseCode=course1_.courseCode 
    order by
        student0_.studentId
14:18:52,511 DEBUG SQL:104 - 
    select
        secretcode0_.studentNumber as studentN1_4_0_,
        secretcode0_.secretCode as secretCode5_0_,
        secretcode0_.i as i0_ 
    from
        Student_secretCodes secretcode0_ 
    where
        secretcode0_.studentNumber=?
14:18:52,512 DEBUG SQL:104 - 
    select
        coursemeet0_.courseCode as courseCode1_1_,
        coursemeet0_.courseCode as courseCode2_1_,
        coursemeet0_.day as day2_1_,
        coursemeet0_.period as period2_1_,
        coursemeet0_.location as location2_1_,
        coursemeet0_.courseCode as courseCode2_0_,
        coursemeet0_.day as day2_0_,
        coursemeet0_.period as period2_0_,
        coursemeet0_.location as location2_0_ 
    from
        CourseMeeting coursemeet0_ 
    where
        coursemeet0_.courseCode=?
14:18:52,513 DEBUG SQL:104 - 
    select
        secretcode0_.studentNumber as studentN1_4_0_,
        secretcode0_.secretCode as secretCode5_0_,
        secretcode0_.i as i0_ 
    from
        Student_secretCodes secretcode0_ 
    where
        secretcode0_.studentNumber=?
14:18:52,535 DEBUG BaseGeneralDataRegion:59 - Caching[foo.org.hibernate.cache.internal.StandardQueryCache] : [sql: select student0_.studentId as studentId4_0_, course1_.courseCode as courseCode1_1_, student0_.name_first as name2_4_0_, student0_.name_middle as name3_4_0_, student0_.name_last as name4_4_0_, student0_.preferredCourseCode as preferre5_4_0_, course1_.description as descript2_1_1_ from Student student0_ left outer join Course course1_ on student0_.preferredCourseCode=course1_.courseCode order by student0_.studentId; parameters: ; named parameters: {}; transformer: org.hibernate.transform.CacheableResultTransformer@1406bf] -> [[5579090872459264, [Ljava.io.Serializable;@48a801a, [Ljava.io.Serializable;@20e02d4a]]
14:18:52,535 DEBUG SQL:104 - 
    select
        student0_.studentId as studentId4_0_,
        course1_.courseCode as courseCode1_1_,
        student0_.name_first as name2_4_0_,
        student0_.name_middle as name3_4_0_,
        student0_.name_last as name4_4_0_,
        student0_.preferredCourseCode as preferre5_4_0_,
        course1_.description as descript2_1_1_ 
    from
        Student student0_ 
    left outer join
        Course course1_ 
            on student0_.preferredCourseCode=course1_.courseCode 
    order by
        student0_.studentId
14:18:52,536 DEBUG SQL:104 - 
    select
        secretcode0_.studentNumber as studentN1_4_0_,
        secretcode0_.secretCode as secretCode5_0_,
        secretcode0_.i as i0_ 
    from
        Student_secretCodes secretcode0_ 
    where
        secretcode0_.studentNumber=?
14:18:52,536 DEBUG SQL:104 - 
    select
        coursemeet0_.courseCode as courseCode1_1_,
        coursemeet0_.courseCode as courseCode2_1_,
        coursemeet0_.day as day2_1_,
        coursemeet0_.period as period2_1_,
        coursemeet0_.location as location2_1_,
        coursemeet0_.courseCode as courseCode2_0_,
        coursemeet0_.day as day2_0_,
        coursemeet0_.period as period2_0_,
        coursemeet0_.location as location2_0_ 
    from
        CourseMeeting coursemeet0_ 
    where
        coursemeet0_.courseCode=?
14:18:52,548 DEBUG SQL:104 - 
    select
        secretcode0_.studentNumber as studentN1_4_0_,
        secretcode0_.secretCode as secretCode5_0_,
        secretcode0_.i as i0_ 
    from
        Student_secretCodes secretcode0_ 
    where
        secretcode0_.studentNumber=?
14:18:52,548 DEBUG BaseGeneralDataRegion:59 - Caching[foo.org.hibernate.cache.internal.StandardQueryCache] : [sql: select student0_.studentId as studentId4_0_, course1_.courseCode as courseCode1_1_, student0_.name_first as name2_4_0_, student0_.name_middle as name3_4_0_, student0_.name_last as name4_4_0_, student0_.preferredCourseCode as preferre5_4_0_, course1_.description as descript2_1_1_ from Student student0_ left outer join Course course1_ on student0_.preferredCourseCode=course1_.courseCode order by student0_.studentId; parameters: ; named parameters: {}; transformer: org.hibernate.transform.CacheableResultTransformer@1406bf] -> [[5579090872516608, [Ljava.io.Serializable;@12924f70, [Ljava.io.Serializable;@439d4b96]]
14:18:52,549 DEBUG SQL:104 - 
    select
        student_.studentId,
        student_.name_first as name2_4_,
        student_.name_middle as name3_4_,
        student_.name_last as name4_4_,
        student_.preferredCourseCode as preferre5_4_ 
    from
        Student student_ 
    where
        student_.studentId=?
14:18:52,558 DEBUG SQL:104 - 
    select
        enrolment_.studentId,
        enrolment_.courseCode,
        enrolment_.semester as semester3_,
        enrolment_."year" as year4_3_ 
    from
        Enrolment enrolment_ 
    where
        enrolment_.studentId=? 
        and enrolment_.courseCode=?
14:18:52,558 DEBUG SQL:104 - 
    select
        course_.courseCode,
        course_.description as descript2_1_ 
    from
        Course course_ 
    where
        course_.courseCode=?
14:18:52,559 DEBUG SQL:104 - 
    select
        student_.studentId,
        student_.name_first as name2_4_,
        student_.name_middle as name3_4_,
        student_.name_last as name4_4_,
        student_.preferredCourseCode as preferre5_4_ 
    from
        Student student_ 
    where
        student_.studentId=?
14:18:52,559 DEBUG SQL:104 - 
    select
        enrolment_.studentId,
        enrolment_.courseCode,
        enrolment_.semester as semester3_,
        enrolment_."year" as year4_3_ 
    from
        Enrolment enrolment_ 
    where
        enrolment_.studentId=? 
        and enrolment_.courseCode=?
14:18:52,559 DEBUG SQL:104 - 
    select
        coursemeet_.courseCode,
        coursemeet_.day,
        coursemeet_.period,
        coursemeet_.location 
    from
        CourseMeeting coursemeet_ 
    where
        coursemeet_.courseCode=? 
        and coursemeet_.day=? 
        and coursemeet_.period=? 
        and coursemeet_.location=?
14:18:52,559 DEBUG SQL:104 - 
    select
        coursemeet_.courseCode,
        coursemeet_.day,
        coursemeet_.period,
        coursemeet_.location 
    from
        CourseMeeting coursemeet_ 
    where
        coursemeet_.courseCode=? 
        and coursemeet_.day=? 
        and coursemeet_.period=? 
        and coursemeet_.location=?
14:18:52,560 DEBUG BaseGeneralDataRegion:59 - Caching[foo.org.hibernate.cache.spi.UpdateTimestampsCache] : [Enrolment] -> [5579091118325760]
14:18:52,560 DEBUG SQL:104 - 
    update
        Address 
    set
        studentNumber=null,
        addressType=null 
    where
        studentNumber=?
14:18:52,570 DEBUG BaseGeneralDataRegion:59 - Caching[foo.org.hibernate.cache.spi.UpdateTimestampsCache] : [Address] -> [5579091118366720]
14:18:52,570 DEBUG SQL:104 - 
    delete 
    from
        Student_secretCodes 
    where
        studentNumber=?
14:18:52,570 DEBUG BaseGeneralDataRegion:59 - Caching[foo.org.hibernate.cache.spi.UpdateTimestampsCache] : [Student_secretCodes] -> [5579091118366721]
14:18:52,570 DEBUG BaseGeneralDataRegion:59 - Caching[foo.org.hibernate.cache.spi.UpdateTimestampsCache] : [Enrolment] -> [5579091118366722]
14:18:52,571 DEBUG BaseGeneralDataRegion:59 - Caching[foo.org.hibernate.cache.spi.UpdateTimestampsCache] : [Address] -> [5579091118370816]
14:18:52,571 DEBUG SQL:104 - 
    delete 
    from
        Student_secretCodes 
    where
        studentNumber=?
14:18:52,571 DEBUG BaseGeneralDataRegion:59 - Caching[foo.org.hibernate.cache.spi.UpdateTimestampsCache] : [Student_secretCodes] -> [5579091118370817]
14:18:52,571 DEBUG BaseGeneralDataRegion:59 - Caching[foo.org.hibernate.cache.spi.UpdateTimestampsCache] : [CourseMeeting] -> [5579091118370818]
14:18:52,571 DEBUG SQL:104 - 
    delete 
    from
        Enrolment 
    where
        studentId=? 
        and courseCode=?
14:18:52,584 DEBUG BaseGeneralDataRegion:59 - Caching[foo.org.hibernate.cache.spi.UpdateTimestampsCache] : [Enrolment] -> [5579091118424064]
14:18:52,584 DEBUG SQL:104 - 
    delete 
    from
        Address 
    where
        id=?
14:18:52,585 DEBUG BaseGeneralDataRegion:59 - Caching[foo.org.hibernate.cache.spi.UpdateTimestampsCache] : [Address] -> [5579091118428160]
14:18:52,585 DEBUG SQL:104 - 
    delete 
    from
        Address 
    where
        id=?
14:18:52,585 DEBUG BaseGeneralDataRegion:59 - Caching[foo.org.hibernate.cache.spi.UpdateTimestampsCache] : [Address] -> [5579091118428161]
14:18:52,585 DEBUG SQL:104 - 
    delete 
    from
        Student 
    where
        studentId=?
14:18:52,585 DEBUG BaseGeneralDataRegion:59 - Caching[foo.org.hibernate.cache.spi.UpdateTimestampsCache] : [Student] -> [5579091118428162]
14:18:52,585 DEBUG SQL:104 - 
    delete 
    from
        Enrolment 
    where
        studentId=? 
        and courseCode=?
14:18:52,593 DEBUG BaseGeneralDataRegion:59 - Caching[foo.org.hibernate.cache.spi.UpdateTimestampsCache] : [Enrolment] -> [5579091118460928]
14:18:52,594 DEBUG SQL:104 - 
    delete 
    from
        Student 
    where
        studentId=?
14:18:52,594 DEBUG BaseGeneralDataRegion:59 - Caching[foo.org.hibernate.cache.spi.UpdateTimestampsCache] : [Student] -> [5579091118465024]
14:18:52,594 DEBUG SQL:104 - 
    delete 
    from
        CourseMeeting 
    where
        courseCode=? 
        and day=? 
        and period=? 
        and location=?
14:18:52,594 DEBUG BaseGeneralDataRegion:59 - Caching[foo.org.hibernate.cache.spi.UpdateTimestampsCache] : [CourseMeeting] -> [5579091118465025]
14:18:52,594 DEBUG SQL:104 - 
    delete 
    from
        CourseMeeting 
    where
        courseCode=? 
        and day=? 
        and period=? 
        and location=?
14:18:52,595 DEBUG BaseGeneralDataRegion:59 - Caching[foo.org.hibernate.cache.spi.UpdateTimestampsCache] : [CourseMeeting] -> [5579091118469120]
14:18:52,595 DEBUG SQL:104 - 
    delete 
    from
        Course 
    where
        courseCode=?
14:18:52,595 DEBUG BaseGeneralDataRegion:59 - Caching[foo.org.hibernate.cache.spi.UpdateTimestampsCache] : [Course] -> [5579091118469121]
14:18:52,595 DEBUG BaseGeneralDataRegion:59 - Caching[foo.org.hibernate.cache.spi.UpdateTimestampsCache] : [Student] -> [5579090872709122]
14:18:52,595 DEBUG BaseGeneralDataRegion:59 - Caching[foo.org.hibernate.cache.spi.UpdateTimestampsCache] : [Course] -> [5579090872709122]
14:18:52,595 DEBUG BaseGeneralDataRegion:59 - Caching[foo.org.hibernate.cache.spi.UpdateTimestampsCache] : [Enrolment] -> [5579090872709122]
14:18:52,595 DEBUG BaseGeneralDataRegion:59 - Caching[foo.org.hibernate.cache.spi.UpdateTimestampsCache] : [Student_secretCodes] -> [5579090872709122]
14:18:52,595 DEBUG BaseGeneralDataRegion:59 - Caching[foo.org.hibernate.cache.spi.UpdateTimestampsCache] : [Address] -> [5579090872709122]
14:18:52,595 DEBUG BaseGeneralDataRegion:59 - Caching[foo.org.hibernate.cache.spi.UpdateTimestampsCache] : [CourseMeeting] -> [5579090872709122]
14:18:52,596  INFO CustomRunner:139 - Test: testEntityWithJoinedLazyOneToManyMultiAndNullListCriteria
14:18:52,618 DEBUG SQL:104 - 
    select
        coursemeet_.courseCode,
        coursemeet_.day,
        coursemeet_.period,
        coursemeet_.location 
    from
        CourseMeeting coursemeet_ 
    where
        coursemeet_.courseCode=? 
        and coursemeet_.day=? 
        and coursemeet_.period=? 
        and coursemeet_.location=?
14:18:52,619 DEBUG SQL:104 - 
    select
        coursemeet_.courseCode,
        coursemeet_.day,
        coursemeet_.period,
        coursemeet_.location 
    from
        CourseMeeting coursemeet_ 
    where
        coursemeet_.courseCode=? 
        and coursemeet_.day=? 
        and coursemeet_.period=? 
        and coursemeet_.location=?
14:18:52,628 DEBUG SQL:104 - 
    insert 
    into
        Course
        (description, courseCode) 
    values
        (?, ?)
14:18:52,628 DEBUG BaseGeneralDataRegion:59 - Caching[foo.org.hibernate.cache.spi.UpdateTimestampsCache] : [Course] -> [5579091118604288]
14:18:52,629 DEBUG SQL:104 - 
    insert 
    into
        CourseMeeting
        (courseCode, day, period, location) 
    values
        (?, ?, ?, ?)
14:18:52,629 DEBUG BaseGeneralDataRegion:59 - Caching[foo.org.hibernate.cache.spi.UpdateTimestampsCache] : [CourseMeeting] -> [5579091118608384]
14:18:52,629 DEBUG SQL:104 - 
    insert 
    into
        CourseMeeting
        (courseCode, day, period, location) 
    values
        (?, ?, ?, ?)
14:18:52,629 DEBUG BaseGeneralDataRegion:59 - Caching[foo.org.hibernate.cache.spi.UpdateTimestampsCache] : [CourseMeeting] -> [5579091118608385]
14:18:52,629 DEBUG SQL:104 - 
    insert 
    into
        Student
        (name_first, name_middle, name_last, preferredCourseCode, studentId) 
    values
        (?, ?, ?, ?, ?)
14:18:52,638 DEBUG BaseGeneralDataRegion:59 - Caching[foo.org.hibernate.cache.spi.UpdateTimestampsCache] : [Student] -> [5579091118645248]
14:18:52,639 DEBUG SQL:104 - 
    insert 
    into
        Address
        (addressType, street, city, stateProvince, postalCode, country, studentNumber, id) 
    values
        (?, ?, ?, ?, ?, ?, ?, ?)
14:18:52,639 DEBUG BaseGeneralDataRegion:59 - Caching[foo.org.hibernate.cache.spi.UpdateTimestampsCache] : [Address] -> [5579091118649344]
14:18:52,639 DEBUG SQL:104 - 
    insert 
    into
        Address
        (addressType, street, city, stateProvince, postalCode, country, studentNumber, id) 
    values
        (?, ?, ?, ?, ?, ?, ?, ?)
14:18:52,639 DEBUG BaseGeneralDataRegion:59 - Caching[foo.org.hibernate.cache.spi.UpdateTimestampsCache] : [Address] -> [5579091118649345]
14:18:52,639 DEBUG SQL:104 - 
    insert 
    into
        Student
        (name_first, name_middle, name_last, preferredCourseCode, studentId) 
    values
        (?, ?, ?, ?, ?)
14:18:52,639 DEBUG BaseGeneralDataRegion:59 - Caching[foo.org.hibernate.cache.spi.UpdateTimestampsCache] : [Student] -> [5579091118649346]
14:18:52,639 DEBUG SQL:104 - 
    insert 
    into
        Enrolment
        (semester, "year", studentId, courseCode) 
    values
        (?, ?, ?, ?)
14:18:52,649 DEBUG BaseGeneralDataRegion:59 - Caching[foo.org.hibernate.cache.spi.UpdateTimestampsCache] : [Enrolment] -> [5579091118690304]
14:18:52,649 DEBUG SQL:104 - 
    insert 
    into
        Enrolment
        (semester, "year", studentId, courseCode) 
    values
        (?, ?, ?, ?)
14:18:52,650 DEBUG BaseGeneralDataRegion:59 - Caching[foo.org.hibernate.cache.spi.UpdateTimestampsCache] : [Enrolment] -> [5579091118694400]
14:18:52,650 DEBUG BaseGeneralDataRegion:59 - Caching[foo.org.hibernate.cache.spi.UpdateTimestampsCache] : [CourseMeeting] -> [5579091118694401]
14:18:52,650 DEBUG BaseGeneralDataRegion:59 - Caching[foo.org.hibernate.cache.spi.UpdateTimestampsCache] : [Enrolment] -> [5579091118694402]
14:18:52,651 DEBUG SQL:104 - 
    update
        Address 
    set
        studentNumber=?,
        addressType=? 
    where
        id=?
14:18:52,651 DEBUG SQL:104 - 
    update
        Address 
    set
        studentNumber=?,
        addressType=? 
    where
        id=?
14:18:52,659 DEBUG BaseGeneralDataRegion:59 - Caching[foo.org.hibernate.cache.spi.UpdateTimestampsCache] : [Address] -> [5579091118731264]
14:18:52,659 DEBUG SQL:104 - 
    insert 
    into
        Student_secretCodes
        (studentNumber, i, secretCode) 
    values
        (?, ?, ?)
14:18:52,659 DEBUG BaseGeneralDataRegion:59 - Caching[foo.org.hibernate.cache.spi.UpdateTimestampsCache] : [Student_secretCodes] -> [5579091118731265]
14:18:52,660 DEBUG BaseGeneralDataRegion:59 - Caching[foo.org.hibernate.cache.spi.UpdateTimestampsCache] : [Enrolment] -> [5579091118735360]
14:18:52,660 DEBUG BaseGeneralDataRegion:59 - Caching[foo.org.hibernate.cache.spi.UpdateTimestampsCache] : [Address] -> [5579091118735361]
14:18:52,660 DEBUG SQL:104 - 
    insert 
    into
        Student_secretCodes
        (studentNumber, i, secretCode) 
    values
        (?, ?, ?)
14:18:52,660 DEBUG SQL:104 - 
    insert 
    into
        Student_secretCodes
        (studentNumber, i, secretCode) 
    values
        (?, ?, ?)
14:18:52,660 DEBUG BaseGeneralDataRegion:59 - Caching[foo.org.hibernate.cache.spi.UpdateTimestampsCache] : [Student_secretCodes] -> [5579091118735362]
14:18:52,660 DEBUG BaseGeneralDataRegion:59 - Caching[foo.org.hibernate.cache.spi.UpdateTimestampsCache] : [Student] -> [5579090872975363]
14:18:52,660 DEBUG BaseGeneralDataRegion:59 - Caching[foo.org.hibernate.cache.spi.UpdateTimestampsCache] : [Course] -> [5579090872975363]
14:18:52,660 DEBUG BaseGeneralDataRegion:59 - Caching[foo.org.hibernate.cache.spi.UpdateTimestampsCache] : [Enrolment] -> [5579090872975363]
14:18:52,661 DEBUG BaseGeneralDataRegion:59 - Caching[foo.org.hibernate.cache.spi.UpdateTimestampsCache] : [Student_secretCodes] -> [5579090872975363]
14:18:52,670 DEBUG BaseGeneralDataRegion:59 - Caching[foo.org.hibernate.cache.spi.UpdateTimestampsCache] : [Address] -> [5579090872975363]
14:18:52,671 DEBUG BaseGeneralDataRegion:59 - Caching[foo.org.hibernate.cache.spi.UpdateTimestampsCache] : [CourseMeeting] -> [5579090872975363]
14:18:52,671 DEBUG SQL:104 - 
    select
        student_.studentId,
        student_.name_first as name2_4_,
        student_.name_middle as name3_4_,
        student_.name_last as name4_4_,
        student_.preferredCourseCode as preferre5_4_ 
    from
        Student student_ 
    where
        student_.studentId=?
14:18:52,671 DEBUG SQL:104 - 
    select
        enrolment_.studentId,
        enrolment_.courseCode,
        enrolment_.semester as semester3_,
        enrolment_."year" as year4_3_ 
    from
        Enrolment enrolment_ 
    where
        enrolment_.studentId=? 
        and enrolment_.courseCode=?
14:18:52,672 DEBUG SQL:104 - 
    select
        course_.courseCode,
        course_.description as descript2_1_ 
    from
        Course course_ 
    where
        course_.courseCode=?
14:18:52,681 DEBUG SQL:104 - 
    select
        student_.studentId,
        student_.name_first as name2_4_,
        student_.name_middle as name3_4_,
        student_.name_last as name4_4_,
        student_.preferredCourseCode as preferre5_4_ 
    from
        Student student_ 
    where
        student_.studentId=?
14:18:52,682 DEBUG SQL:104 - 
    select
        enrolment_.studentId,
        enrolment_.courseCode,
        enrolment_.semester as semester3_,
        enrolment_."year" as year4_3_ 
    from
        Enrolment enrolment_ 
    where
        enrolment_.studentId=? 
        and enrolment_.courseCode=?
14:18:52,682 DEBUG SQL:104 - 
    select
        coursemeet_.courseCode,
        coursemeet_.day,
        coursemeet_.period,
        coursemeet_.location 
    from
        CourseMeeting coursemeet_ 
    where
        coursemeet_.courseCode=? 
        and coursemeet_.day=? 
        and coursemeet_.period=? 
        and coursemeet_.location=?
14:18:52,692 DEBUG SQL:104 - 
    select
        coursemeet_.courseCode,
        coursemeet_.day,
        coursemeet_.period,
        coursemeet_.location 
    from
        CourseMeeting coursemeet_ 
    where
        coursemeet_.courseCode=? 
        and coursemeet_.day=? 
        and coursemeet_.period=? 
        and coursemeet_.location=?
14:18:52,693 DEBUG BaseGeneralDataRegion:59 - Caching[foo.org.hibernate.cache.spi.UpdateTimestampsCache] : [Enrolment] -> [5579091118870528]
14:18:52,694 DEBUG SQL:104 - 
    update
        Address 
    set
        studentNumber=null,
        addressType=null 
    where
        studentNumber=?
14:18:52,694 DEBUG BaseGeneralDataRegion:59 - Caching[foo.org.hibernate.cache.spi.UpdateTimestampsCache] : [Address] -> [5579091118874624]
14:18:52,694 DEBUG SQL:104 - 
    delete 
    from
        Student_secretCodes 
    where
        studentNumber=?
14:18:52,694 DEBUG BaseGeneralDataRegion:59 - Caching[foo.org.hibernate.cache.spi.UpdateTimestampsCache] : [Student_secretCodes] -> [5579091118874625]
14:18:52,694 DEBUG BaseGeneralDataRegion:59 - Caching[foo.org.hibernate.cache.spi.UpdateTimestampsCache] : [Enrolment] -> [5579091118874626]
14:18:52,695 DEBUG BaseGeneralDataRegion:59 - Caching[foo.org.hibernate.cache.spi.UpdateTimestampsCache] : [Address] -> [5579091118878720]
14:18:52,695 DEBUG SQL:104 - 
    delete 
    from
        Student_secretCodes 
    where
        studentNumber=?
14:18:52,695 DEBUG BaseGeneralDataRegion:59 - Caching[foo.org.hibernate.cache.spi.UpdateTimestampsCache] : [Student_secretCodes] -> [5579091118878721]
14:18:52,695 DEBUG BaseGeneralDataRegion:59 - Caching[foo.org.hibernate.cache.spi.UpdateTimestampsCache] : [CourseMeeting] -> [5579091118878722]
14:18:52,695 DEBUG SQL:104 - 
    delete 
    from
        Enrolment 
    where
        studentId=? 
        and courseCode=?
14:18:52,695 DEBUG BaseGeneralDataRegion:59 - Caching[foo.org.hibernate.cache.spi.UpdateTimestampsCache] : [Enrolment] -> [5579091118878723]
14:18:52,695 DEBUG SQL:104 - 
    delete 
    from
        Address 
    where
        id=?
14:18:52,706 DEBUG BaseGeneralDataRegion:59 - Caching[foo.org.hibernate.cache.spi.UpdateTimestampsCache] : [Address] -> [5579091118923776]
14:18:52,706 DEBUG SQL:104 - 
    delete 
    from
        Address 
    where
        id=?
14:18:52,706 DEBUG BaseGeneralDataRegion:59 - Caching[foo.org.hibernate.cache.spi.UpdateTimestampsCache] : [Address] -> [5579091118923777]
14:18:52,707 DEBUG SQL:104 - 
    delete 
    from
        Student 
    where
        studentId=?
14:18:52,707 DEBUG BaseGeneralDataRegion:59 - Caching[foo.org.hibernate.cache.spi.UpdateTimestampsCache] : [Student] -> [5579091118927872]
14:18:52,707 DEBUG SQL:104 - 
    delete 
    from
        Enrolment 
    where
        studentId=? 
        and courseCode=?
14:18:52,708 DEBUG BaseGeneralDataRegion:59 - Caching[foo.org.hibernate.cache.spi.UpdateTimestampsCache] : [Enrolment] -> [5579091118931968]
14:18:52,708 DEBUG SQL:104 - 
    delete 
    from
        Student 
    where
        studentId=?
14:18:52,716 DEBUG BaseGeneralDataRegion:59 - Caching[foo.org.hibernate.cache.spi.UpdateTimestampsCache] : [Student] -> [5579091118964736]
14:18:52,716 DEBUG SQL:104 - 
    delete 
    from
        CourseMeeting 
    where
        courseCode=? 
        and day=? 
        and period=? 
        and location=?
14:18:52,717 DEBUG BaseGeneralDataRegion:59 - Caching[foo.org.hibernate.cache.spi.UpdateTimestampsCache] : [CourseMeeting] -> [5579091118968832]
14:18:52,717 DEBUG SQL:104 - 
    delete 
    from
        CourseMeeting 
    where
        courseCode=? 
        and day=? 
        and period=? 
        and location=?
14:18:52,717 DEBUG BaseGeneralDataRegion:59 - Caching[foo.org.hibernate.cache.spi.UpdateTimestampsCache] : [CourseMeeting] -> [5579091118968833]
14:18:52,718 DEBUG SQL:104 - 
    delete 
    from
        Course 
    where
        courseCode=?
14:18:52,718 DEBUG BaseGeneralDataRegion:59 - Caching[foo.org.hibernate.cache.spi.UpdateTimestampsCache] : [Course] -> [5579091118972928]
14:18:52,718 DEBUG BaseGeneralDataRegion:59 - Caching[foo.org.hibernate.cache.spi.UpdateTimestampsCache] : [Student] -> [5579090873212929]
14:18:52,718 DEBUG BaseGeneralDataRegion:59 - Caching[foo.org.hibernate.cache.spi.UpdateTimestampsCache] : [Course] -> [5579090873212929]
14:18:52,718 DEBUG BaseGeneralDataRegion:59 - Caching[foo.org.hibernate.cache.spi.UpdateTimestampsCache] : [Enrolment] -> [5579090873212929]
14:18:52,718 DEBUG BaseGeneralDataRegion:59 - Caching[foo.org.hibernate.cache.spi.UpdateTimestampsCache] : [Student_secretCodes] -> [5579090873212929]
14:18:52,718 DEBUG BaseGeneralDataRegion:59 - Caching[foo.org.hibernate.cache.spi.UpdateTimestampsCache] : [Address] -> [5579090873212929]
14:18:52,718 DEBUG BaseGeneralDataRegion:59 - Caching[foo.org.hibernate.cache.spi.UpdateTimestampsCache] : [CourseMeeting] -> [5579090873212929]
14:18:52,719 DEBUG SQL:104 - 
    select
        coursemeet_.courseCode,
        coursemeet_.day,
        coursemeet_.period,
        coursemeet_.location 
    from
        CourseMeeting coursemeet_ 
    where
        coursemeet_.courseCode=? 
        and coursemeet_.day=? 
        and coursemeet_.period=? 
        and coursemeet_.location=?
14:18:52,740 DEBUG SQL:104 - 
    select
        coursemeet_.courseCode,
        coursemeet_.day,
        coursemeet_.period,
        coursemeet_.location 
    from
        CourseMeeting coursemeet_ 
    where
        coursemeet_.courseCode=? 
        and coursemeet_.day=? 
        and coursemeet_.period=? 
        and coursemeet_.location=?
14:18:52,742 DEBUG SQL:104 - 
    insert 
    into
        Course
        (description, courseCode) 
    values
        (?, ?)
14:18:52,742 DEBUG BaseGeneralDataRegion:59 - Caching[foo.org.hibernate.cache.spi.UpdateTimestampsCache] : [Course] -> [5579091119071232]
14:18:52,742 DEBUG SQL:104 - 
    insert 
    into
        CourseMeeting
        (courseCode, day, period, location) 
    values
        (?, ?, ?, ?)
14:18:52,752 DEBUG BaseGeneralDataRegion:59 - Caching[foo.org.hibernate.cache.spi.UpdateTimestampsCache] : [CourseMeeting] -> [5579091119112192]
14:18:52,752 DEBUG SQL:104 - 
    insert 
    into
        CourseMeeting
        (courseCode, day, period, location) 
    values
        (?, ?, ?, ?)
14:18:52,753 DEBUG BaseGeneralDataRegion:59 - Caching[foo.org.hibernate.cache.spi.UpdateTimestampsCache] : [CourseMeeting] -> [5579091119116288]
14:18:52,753 DEBUG SQL:104 - 
    insert 
    into
        Student
        (name_first, name_middle, name_last, preferredCourseCode, studentId) 
    values
        (?, ?, ?, ?, ?)
14:18:52,753 DEBUG BaseGeneralDataRegion:59 - Caching[foo.org.hibernate.cache.spi.UpdateTimestampsCache] : [Student] -> [5579091119116289]
14:18:52,753 DEBUG SQL:104 - 
    insert 
    into
        Address
        (addressType, street, city, stateProvince, postalCode, country, studentNumber, id) 
    values
        (?, ?, ?, ?, ?, ?, ?, ?)
14:18:52,753 DEBUG BaseGeneralDataRegion:59 - Caching[foo.org.hibernate.cache.spi.UpdateTimestampsCache] : [Address] -> [5579091119116290]
14:18:52,753 DEBUG SQL:104 - 
    insert 
    into
        Address
        (addressType, street, city, stateProvince, postalCode, country, studentNumber, id) 
    values
        (?, ?, ?, ?, ?, ?, ?, ?)
14:18:52,762 DEBUG BaseGeneralDataRegion:59 - Caching[foo.org.hibernate.cache.spi.UpdateTimestampsCache] : [Address] -> [5579091119153152]
14:18:52,762 DEBUG SQL:104 - 
    insert 
    into
        Student
        (name_first, name_middle, name_last, preferredCourseCode, studentId) 
    values
        (?, ?, ?, ?, ?)
14:18:52,762 DEBUG BaseGeneralDataRegion:59 - Caching[foo.org.hibernate.cache.spi.UpdateTimestampsCache] : [Student] -> [5579091119153153]
14:18:52,762 DEBUG SQL:104 - 
    insert 
    into
        Enrolment
        (semester, "year", studentId, courseCode) 
    values
        (?, ?, ?, ?)
14:18:52,762 DEBUG BaseGeneralDataRegion:59 - Caching[foo.org.hibernate.cache.spi.UpdateTimestampsCache] : [Enrolment] -> [5579091119153154]
14:18:52,762 DEBUG SQL:104 - 
    insert 
    into
        Enrolment
        (semester, "year", studentId, courseCode) 
    values
        (?, ?, ?, ?)
14:18:52,763 DEBUG BaseGeneralDataRegion:59 - Caching[foo.org.hibernate.cache.spi.UpdateTimestampsCache] : [Enrolment] -> [5579091119157248]
14:18:52,763 DEBUG BaseGeneralDataRegion:59 - Caching[foo.org.hibernate.cache.spi.UpdateTimestampsCache] : [CourseMeeting] -> [5579091119157249]
14:18:52,763 DEBUG BaseGeneralDataRegion:59 - Caching[foo.org.hibernate.cache.spi.UpdateTimestampsCache] : [Enrolment] -> [5579091119157250]
14:18:52,763 DEBUG SQL:104 - 
    update
        Address 
    set
        studentNumber=?,
        addressType=? 
    where
        id=?
14:18:52,772 DEBUG SQL:104 - 
    update
        Address 
    set
        studentNumber=?,
        addressType=? 
    where
        id=?
14:18:52,772 DEBUG BaseGeneralDataRegion:59 - Caching[foo.org.hibernate.cache.spi.UpdateTimestampsCache] : [Address] -> [5579091119194112]
14:18:52,772 DEBUG SQL:104 - 
    insert 
    into
        Student_secretCodes
        (studentNumber, i, secretCode) 
    values
        (?, ?, ?)
14:18:52,772 DEBUG BaseGeneralDataRegion:59 - Caching[foo.org.hibernate.cache.spi.UpdateTimestampsCache] : [Student_secretCodes] -> [5579091119194113]
14:18:52,772 DEBUG BaseGeneralDataRegion:59 - Caching[foo.org.hibernate.cache.spi.UpdateTimestampsCache] : [Enrolment] -> [5579091119194114]
14:18:52,773 DEBUG BaseGeneralDataRegion:59 - Caching[foo.org.hibernate.cache.spi.UpdateTimestampsCache] : [Address] -> [5579091119198208]
14:18:52,773 DEBUG SQL:104 - 
    insert 
    into
        Student_secretCodes
        (studentNumber, i, secretCode) 
    values
        (?, ?, ?)
14:18:52,785 DEBUG SQL:104 - 
    insert 
    into
        Student_secretCodes
        (studentNumber, i, secretCode) 
    values
        (?, ?, ?)
14:18:52,785 DEBUG BaseGeneralDataRegion:59 - Caching[foo.org.hibernate.cache.spi.UpdateTimestampsCache] : [Student_secretCodes] -> [5579091119247360]
14:18:52,786 DEBUG BaseGeneralDataRegion:59 - Caching[foo.org.hibernate.cache.spi.UpdateTimestampsCache] : [Student] -> [5579090873491456]
14:18:52,786 DEBUG BaseGeneralDataRegion:59 - Caching[foo.org.hibernate.cache.spi.UpdateTimestampsCache] : [Course] -> [5579090873491456]
14:18:52,786 DEBUG BaseGeneralDataRegion:59 - Caching[foo.org.hibernate.cache.spi.UpdateTimestampsCache] : [Enrolment] -> [5579090873491456]
14:18:52,786 DEBUG BaseGeneralDataRegion:59 - Caching[foo.org.hibernate.cache.spi.UpdateTimestampsCache] : [Student_secretCodes] -> [5579090873491456]
14:18:52,786 DEBUG BaseGeneralDataRegion:59 - Caching[foo.org.hibernate.cache.spi.UpdateTimestampsCache] : [Address] -> [5579090873491456]
14:18:52,786 DEBUG BaseGeneralDataRegion:59 - Caching[foo.org.hibernate.cache.spi.UpdateTimestampsCache] : [CourseMeeting] -> [5579090873491456]
14:18:52,786 DEBUG SQL:104 - 
    select
        student_.studentId,
        student_.name_first as name2_4_,
        student_.name_middle as name3_4_,
        student_.name_last as name4_4_,
        student_.preferredCourseCode as preferre5_4_ 
    from
        Student student_ 
    where
        student_.studentId=?
14:18:52,787 DEBUG SQL:104 - 
    select
        enrolment_.studentId,
        enrolment_.courseCode,
        enrolment_.semester as semester3_,
        enrolment_."year" as year4_3_ 
    from
        Enrolment enrolment_ 
    where
        enrolment_.studentId=? 
        and enrolment_.courseCode=?
14:18:52,796 DEBUG SQL:104 - 
    select
        course_.courseCode,
        course_.description as descript2_1_ 
    from
        Course course_ 
    where
        course_.courseCode=?
14:18:52,796 DEBUG SQL:104 - 
    select
        student_.studentId,
        student_.name_first as name2_4_,
        student_.name_middle as name3_4_,
        student_.name_last as name4_4_,
        student_.preferredCourseCode as preferre5_4_ 
    from
        Student student_ 
    where
        student_.studentId=?
14:18:52,806 DEBUG SQL:104 - 
    select
        enrolment_.studentId,
        enrolment_.courseCode,
        enrolment_.semester as semester3_,
        enrolment_."year" as year4_3_ 
    from
        Enrolment enrolment_ 
    where
        enrolment_.studentId=? 
        and enrolment_.courseCode=?
14:18:52,807 DEBUG SQL:104 - 
    select
        coursemeet_.courseCode,
        coursemeet_.day,
        coursemeet_.period,
        coursemeet_.location 
    from
        CourseMeeting coursemeet_ 
    where
        coursemeet_.courseCode=? 
        and coursemeet_.day=? 
        and coursemeet_.period=? 
        and coursemeet_.location=?
14:18:52,807 DEBUG SQL:104 - 
    select
        coursemeet_.courseCode,
        coursemeet_.day,
        coursemeet_.period,
        coursemeet_.location 
    from
        CourseMeeting coursemeet_ 
    where
        coursemeet_.courseCode=? 
        and coursemeet_.day=? 
        and coursemeet_.period=? 
        and coursemeet_.location=?
14:18:52,817 DEBUG BaseGeneralDataRegion:59 - Caching[foo.org.hibernate.cache.spi.UpdateTimestampsCache] : [Enrolment] -> [5579091119378432]
14:18:52,817 DEBUG SQL:104 - 
    update
        Address 
    set
        studentNumber=null,
        addressType=null 
    where
        studentNumber=?
14:18:52,818 DEBUG BaseGeneralDataRegion:59 - Caching[foo.org.hibernate.cache.spi.UpdateTimestampsCache] : [Address] -> [5579091119382528]
14:18:52,818 DEBUG SQL:104 - 
    delete 
    from
        Student_secretCodes 
    where
        studentNumber=?
14:18:52,818 DEBUG BaseGeneralDataRegion:59 - Caching[foo.org.hibernate.cache.spi.UpdateTimestampsCache] : [Student_secretCodes] -> [5579091119382529]
14:18:52,818 DEBUG BaseGeneralDataRegion:59 - Caching[foo.org.hibernate.cache.spi.UpdateTimestampsCache] : [Enrolment] -> [5579091119382530]
14:18:52,818 DEBUG BaseGeneralDataRegion:59 - Caching[foo.org.hibernate.cache.spi.UpdateTimestampsCache] : [Address] -> [5579091119382531]
14:18:52,818 DEBUG SQL:104 - 
    delete 
    from
        Student_secretCodes 
    where
        studentNumber=?
14:18:52,818 DEBUG BaseGeneralDataRegion:59 - Caching[foo.org.hibernate.cache.spi.UpdateTimestampsCache] : [Student_secretCodes] -> [5579091119382532]
14:18:52,818 DEBUG BaseGeneralDataRegion:59 - Caching[foo.org.hibernate.cache.spi.UpdateTimestampsCache] : [CourseMeeting] -> [5579091119382533]
14:18:52,819 DEBUG SQL:104 - 
    delete 
    from
        Enrolment 
    where
        studentId=? 
        and courseCode=?
14:18:52,819 DEBUG BaseGeneralDataRegion:59 - Caching[foo.org.hibernate.cache.spi.UpdateTimestampsCache] : [Enrolment] -> [5579091119386624]
14:18:52,819 DEBUG SQL:104 - 
    delete 
    from
        Address 
    where
        id=?
14:18:52,819 DEBUG BaseGeneralDataRegion:59 - Caching[foo.org.hibernate.cache.spi.UpdateTimestampsCache] : [Address] -> [5579091119386625]
14:18:52,819 DEBUG SQL:104 - 
    delete 
    from
        Address 
    where
        id=?
14:18:52,819 DEBUG BaseGeneralDataRegion:59 - Caching[foo.org.hibernate.cache.spi.UpdateTimestampsCache] : [Address] -> [5579091119386626]
14:18:52,819 DEBUG SQL:104 - 
    delete 
    from
        Student 
    where
        studentId=?
14:18:52,829 DEBUG BaseGeneralDataRegion:59 - Caching[foo.org.hibernate.cache.spi.UpdateTimestampsCache] : [Student] -> [5579091119427584]
14:18:52,829 DEBUG SQL:104 - 
    delete 
    from
        Enrolment 
    where
        studentId=? 
        and courseCode=?
14:18:52,829 DEBUG BaseGeneralDataRegion:59 - Caching[foo.org.hibernate.cache.spi.UpdateTimestampsCache] : [Enrolment] -> [5579091119427585]
14:18:52,829 DEBUG SQL:104 - 
    delete 
    from
        Student 
    where
        studentId=?
14:18:52,829 DEBUG BaseGeneralDataRegion:59 - Caching[foo.org.hibernate.cache.spi.UpdateTimestampsCache] : [Student] -> [5579091119427586]
14:18:52,829 DEBUG SQL:104 - 
    delete 
    from
        CourseMeeting 
    where
        courseCode=? 
        and day=? 
        and period=? 
        and location=?
14:18:52,839 DEBUG BaseGeneralDataRegion:59 - Caching[foo.org.hibernate.cache.spi.UpdateTimestampsCache] : [CourseMeeting] -> [5579091119468544]
14:18:52,839 DEBUG SQL:104 - 
    delete 
    from
        CourseMeeting 
    where
        courseCode=? 
        and day=? 
        and period=? 
        and location=?
14:18:52,839 DEBUG BaseGeneralDataRegion:59 - Caching[foo.org.hibernate.cache.spi.UpdateTimestampsCache] : [CourseMeeting] -> [5579091119468545]
14:18:52,839 DEBUG SQL:104 - 
    delete 
    from
        Course 
    where
        courseCode=?
14:18:52,839 DEBUG BaseGeneralDataRegion:59 - Caching[foo.org.hibernate.cache.spi.UpdateTimestampsCache] : [Course] -> [5579091119468546]
14:18:52,840 DEBUG BaseGeneralDataRegion:59 - Caching[foo.org.hibernate.cache.spi.UpdateTimestampsCache] : [Student] -> [5579090873712640]
14:18:52,840 DEBUG BaseGeneralDataRegion:59 - Caching[foo.org.hibernate.cache.spi.UpdateTimestampsCache] : [Course] -> [5579090873712640]
14:18:52,840 DEBUG BaseGeneralDataRegion:59 - Caching[foo.org.hibernate.cache.spi.UpdateTimestampsCache] : [Enrolment] -> [5579090873712640]
14:18:52,840 DEBUG BaseGeneralDataRegion:59 - Caching[foo.org.hibernate.cache.spi.UpdateTimestampsCache] : [Student_secretCodes] -> [5579090873712640]
14:18:52,840 DEBUG BaseGeneralDataRegion:59 - Caching[foo.org.hibernate.cache.spi.UpdateTimestampsCache] : [Address] -> [5579090873712640]
14:18:52,840 DEBUG BaseGeneralDataRegion:59 - Caching[foo.org.hibernate.cache.spi.UpdateTimestampsCache] : [CourseMeeting] -> [5579090873712640]
14:18:52,840 DEBUG SQL:104 - 
    select
        coursemeet_.courseCode,
        coursemeet_.day,
        coursemeet_.period,
        coursemeet_.location 
    from
        CourseMeeting coursemeet_ 
    where
        coursemeet_.courseCode=? 
        and coursemeet_.day=? 
        and coursemeet_.period=? 
        and coursemeet_.location=?
14:18:52,841 DEBUG SQL:104 - 
    select
        coursemeet_.courseCode,
        coursemeet_.day,
        coursemeet_.period,
        coursemeet_.location 
    from
        CourseMeeting coursemeet_ 
    where
        coursemeet_.courseCode=? 
        and coursemeet_.day=? 
        and coursemeet_.period=? 
        and coursemeet_.location=?
14:18:52,862 DEBUG SQL:104 - 
    insert 
    into
        Course
        (description, courseCode) 
    values
        (?, ?)
14:18:52,863 DEBUG BaseGeneralDataRegion:59 - Caching[foo.org.hibernate.cache.spi.UpdateTimestampsCache] : [Course] -> [5579091119566848]
14:18:52,863 DEBUG SQL:104 - 
    insert 
    into
        CourseMeeting
        (courseCode, day, period, location) 
    values
        (?, ?, ?, ?)
14:18:52,863 DEBUG BaseGeneralDataRegion:59 - Caching[foo.org.hibernate.cache.spi.UpdateTimestampsCache] : [CourseMeeting] -> [5579091119566849]
14:18:52,863 DEBUG SQL:104 - 
    insert 
    into
        CourseMeeting
        (courseCode, day, period, location) 
    values
        (?, ?, ?, ?)
14:18:52,863 DEBUG BaseGeneralDataRegion:59 - Caching[foo.org.hibernate.cache.spi.UpdateTimestampsCache] : [CourseMeeting] -> [5579091119566850]
14:18:52,863 DEBUG SQL:104 - 
    insert 
    into
        Student
        (name_first, name_middle, name_last, preferredCourseCode, studentId) 
    values
        (?, ?, ?, ?, ?)
14:18:52,874 DEBUG BaseGeneralDataRegion:59 - Caching[foo.org.hibernate.cache.spi.UpdateTimestampsCache] : [Student] -> [5579091119611904]
14:18:52,874 DEBUG SQL:104 - 
    insert 
    into
        Address
        (addressType, street, city, stateProvince, postalCode, country, studentNumber, id) 
    values
        (?, ?, ?, ?, ?, ?, ?, ?)
14:18:52,874 DEBUG BaseGeneralDataRegion:59 - Caching[foo.org.hibernate.cache.spi.UpdateTimestampsCache] : [Address] -> [5579091119611905]
14:18:52,875 DEBUG SQL:104 - 
    insert 
    into
        Address
        (addressType, street, city, stateProvince, postalCode, country, studentNumber, id) 
    values
        (?, ?, ?, ?, ?, ?, ?, ?)
14:18:52,875 DEBUG BaseGeneralDataRegion:59 - Caching[foo.org.hibernate.cache.spi.UpdateTimestampsCache] : [Address] -> [5579091119616000]
14:18:52,875 DEBUG SQL:104 - 
    insert 
    into
        Student
        (name_first, name_middle, name_last, preferredCourseCode, studentId) 
    values
        (?, ?, ?, ?, ?)
14:18:52,886 DEBUG BaseGeneralDataRegion:59 - Caching[foo.org.hibernate.cache.spi.UpdateTimestampsCache] : [Student] -> [5579091119661056]
14:18:52,887 DEBUG SQL:104 - 
    insert 
    into
        Enrolment
        (semester, "year", studentId, courseCode) 
    values
        (?, ?, ?, ?)
14:18:52,887 DEBUG BaseGeneralDataRegion:59 - Caching[foo.org.hibernate.cache.spi.UpdateTimestampsCache] : [Enrolment] -> [5579091119665152]
14:18:52,887 DEBUG SQL:104 - 
    insert 
    into
        Enrolment
        (semester, "year", studentId, courseCode) 
    values
        (?, ?, ?, ?)
14:18:52,887 DEBUG BaseGeneralDataRegion:59 - Caching[foo.org.hibernate.cache.spi.UpdateTimestampsCache] : [Enrolment] -> [5579091119665153]
14:18:52,887 DEBUG BaseGeneralDataRegion:59 - Caching[foo.org.hibernate.cache.spi.UpdateTimestampsCache] : [CourseMeeting] -> [5579091119665154]
14:18:52,887 DEBUG BaseGeneralDataRegion:59 - Caching[foo.org.hibernate.cache.spi.UpdateTimestampsCache] : [Enrolment] -> [5579091119665155]
14:18:52,888 DEBUG SQL:104 - 
    update
        Address 
    set
        studentNumber=?,
        addressType=? 
    where
        id=?
14:18:52,888 DEBUG SQL:104 - 
    update
        Address 
    set
        studentNumber=?,
        addressType=? 
    where
        id=?
14:18:52,906 DEBUG BaseGeneralDataRegion:59 - Caching[foo.org.hibernate.cache.spi.UpdateTimestampsCache] : [Address] -> [5579091119742976]
14:18:52,907 DEBUG SQL:104 - 
    insert 
    into
        Student_secretCodes
        (studentNumber, i, secretCode) 
    values
        (?, ?, ?)
14:18:52,907 DEBUG BaseGeneralDataRegion:59 - Caching[foo.org.hibernate.cache.spi.UpdateTimestampsCache] : [Student_secretCodes] -> [5579091119747072]
14:18:52,907 DEBUG BaseGeneralDataRegion:59 - Caching[foo.org.hibernate.cache.spi.UpdateTimestampsCache] : [Enrolment] -> [5579091119747073]
14:18:52,907 DEBUG BaseGeneralDataRegion:59 - Caching[foo.org.hibernate.cache.spi.UpdateTimestampsCache] : [Address] -> [5579091119747074]
14:18:52,907 DEBUG SQL:104 - 
    insert 
    into
        Student_secretCodes
        (studentNumber, i, secretCode) 
    values
        (?, ?, ?)
14:18:52,907 DEBUG SQL:104 - 
    insert 
    into
        Student_secretCodes
        (studentNumber, i, secretCode) 
    values
        (?, ?, ?)
14:18:52,908 DEBUG BaseGeneralDataRegion:59 - Caching[foo.org.hibernate.cache.spi.UpdateTimestampsCache] : [Student_secretCodes] -> [5579091119751168]
14:18:52,908 DEBUG BaseGeneralDataRegion:59 - Caching[foo.org.hibernate.cache.spi.UpdateTimestampsCache] : [Student] -> [5579090873991169]
14:18:52,908 DEBUG BaseGeneralDataRegion:59 - Caching[foo.org.hibernate.cache.spi.UpdateTimestampsCache] : [Course] -> [5579090873991169]
14:18:52,908 DEBUG BaseGeneralDataRegion:59 - Caching[foo.org.hibernate.cache.spi.UpdateTimestampsCache] : [Enrolment] -> [5579090873991169]
14:18:52,909 DEBUG BaseGeneralDataRegion:59 - Caching[foo.org.hibernate.cache.spi.UpdateTimestampsCache] : [Student_secretCodes] -> [5579090873991169]
14:18:52,909 DEBUG BaseGeneralDataRegion:59 - Caching[foo.org.hibernate.cache.spi.UpdateTimestampsCache] : [Address] -> [5579090873991169]
14:18:52,909 DEBUG BaseGeneralDataRegion:59 - Caching[foo.org.hibernate.cache.spi.UpdateTimestampsCache] : [CourseMeeting] -> [5579090873991169]
14:18:52,909 DEBUG SQL:104 - 
    select
        student_.studentId,
        student_.name_first as name2_4_,
        student_.name_middle as name3_4_,
        student_.name_last as name4_4_,
        student_.preferredCourseCode as preferre5_4_ 
    from
        Student student_ 
    where
        student_.studentId=?
14:18:52,910 DEBUG SQL:104 - 
    select
        enrolment_.studentId,
        enrolment_.courseCode,
        enrolment_.semester as semester3_,
        enrolment_."year" as year4_3_ 
    from
        Enrolment enrolment_ 
    where
        enrolment_.studentId=? 
        and enrolment_.courseCode=?
14:18:52,910 DEBUG SQL:104 - 
    select
        course_.courseCode,
        course_.description as descript2_1_ 
    from
        Course course_ 
    where
        course_.courseCode=?
14:18:52,920 DEBUG SQL:104 - 
    select
        student_.studentId,
        student_.name_first as name2_4_,
        student_.name_middle as name3_4_,
        student_.name_last as name4_4_,
        student_.preferredCourseCode as preferre5_4_ 
    from
        Student student_ 
    where
        student_.studentId=?
14:18:52,921 DEBUG SQL:104 - 
    select
        enrolment_.studentId,
        enrolment_.courseCode,
        enrolment_.semester as semester3_,
        enrolment_."year" as year4_3_ 
    from
        Enrolment enrolment_ 
    where
        enrolment_.studentId=? 
        and enrolment_.courseCode=?
14:18:52,921 DEBUG SQL:104 - 
    select
        coursemeet_.courseCode,
        coursemeet_.day,
        coursemeet_.period,
        coursemeet_.location 
    from
        CourseMeeting coursemeet_ 
    where
        coursemeet_.courseCode=? 
        and coursemeet_.day=? 
        and coursemeet_.period=? 
        and coursemeet_.location=?
14:18:52,931 DEBUG SQL:104 - 
    select
        coursemeet_.courseCode,
        coursemeet_.day,
        coursemeet_.period,
        coursemeet_.location 
    from
        CourseMeeting coursemeet_ 
    where
        coursemeet_.courseCode=? 
        and coursemeet_.day=? 
        and coursemeet_.period=? 
        and coursemeet_.location=?
14:18:52,932 DEBUG BaseGeneralDataRegion:59 - Caching[foo.org.hibernate.cache.spi.UpdateTimestampsCache] : [Enrolment] -> [5579091119849472]
14:18:52,932 DEBUG SQL:104 - 
    update
        Address 
    set
        studentNumber=null,
        addressType=null 
    where
        studentNumber=?
14:18:52,945 DEBUG BaseGeneralDataRegion:59 - Caching[foo.org.hibernate.cache.spi.UpdateTimestampsCache] : [Address] -> [5579091119902720]
14:18:52,945 DEBUG SQL:104 - 
    delete 
    from
        Student_secretCodes 
    where
        studentNumber=?
14:18:52,945 DEBUG BaseGeneralDataRegion:59 - Caching[foo.org.hibernate.cache.spi.UpdateTimestampsCache] : [Student_secretCodes] -> [5579091119902721]
14:18:52,945 DEBUG BaseGeneralDataRegion:59 - Caching[foo.org.hibernate.cache.spi.UpdateTimestampsCache] : [Enrolment] -> [5579091119902722]
14:18:52,945 DEBUG BaseGeneralDataRegion:59 - Caching[foo.org.hibernate.cache.spi.UpdateTimestampsCache] : [Address] -> [5579091119902723]
14:18:52,945 DEBUG SQL:104 - 
    delete 
    from
        Student_secretCodes 
    where
        studentNumber=?
14:18:52,946 DEBUG BaseGeneralDataRegion:59 - Caching[foo.org.hibernate.cache.spi.UpdateTimestampsCache] : [Student_secretCodes] -> [5579091119906816]
14:18:52,946 DEBUG BaseGeneralDataRegion:59 - Caching[foo.org.hibernate.cache.spi.UpdateTimestampsCache] : [CourseMeeting] -> [5579091119906817]
14:18:52,946 DEBUG SQL:104 - 
    delete 
    from
        Enrolment 
    where
        studentId=? 
        and courseCode=?
14:18:52,946 DEBUG BaseGeneralDataRegion:59 - Caching[foo.org.hibernate.cache.spi.UpdateTimestampsCache] : [Enrolment] -> [5579091119906818]
14:18:52,946 DEBUG SQL:104 - 
    delete 
    from
        Address 
    where
        id=?
14:18:52,946 DEBUG BaseGeneralDataRegion:59 - Caching[foo.org.hibernate.cache.spi.UpdateTimestampsCache] : [Address] -> [5579091119906819]
14:18:52,947 DEBUG SQL:104 - 
    delete 
    from
        Address 
    where
        id=?
14:18:52,947 DEBUG BaseGeneralDataRegion:59 - Caching[foo.org.hibernate.cache.spi.UpdateTimestampsCache] : [Address] -> [5579091119910912]
14:18:52,947 DEBUG SQL:104 - 
    delete 
    from
        Student 
    where
        studentId=?
14:18:52,947 DEBUG BaseGeneralDataRegion:59 - Caching[foo.org.hibernate.cache.spi.UpdateTimestampsCache] : [Student] -> [5579091119910913]
14:18:52,947 DEBUG SQL:104 - 
    delete 
    from
        Enrolment 
    where
        studentId=? 
        and courseCode=?
14:18:52,947 DEBUG BaseGeneralDataRegion:59 - Caching[foo.org.hibernate.cache.spi.UpdateTimestampsCache] : [Enrolment] -> [5579091119910914]
14:18:52,947 DEBUG SQL:104 - 
    delete 
    from
        Student 
    where
        studentId=?
14:18:52,955 DEBUG BaseGeneralDataRegion:59 - Caching[foo.org.hibernate.cache.spi.UpdateTimestampsCache] : [Student] -> [5579091119943680]
14:18:52,955 DEBUG SQL:104 - 
    delete 
    from
        CourseMeeting 
    where
        courseCode=? 
        and day=? 
        and period=? 
        and location=?
14:18:52,955 DEBUG BaseGeneralDataRegion:59 - Caching[foo.org.hibernate.cache.spi.UpdateTimestampsCache] : [CourseMeeting] -> [5579091119943681]
14:18:52,955 DEBUG SQL:104 - 
    delete 
    from
        CourseMeeting 
    where
        courseCode=? 
        and day=? 
        and period=? 
        and location=?
14:18:52,956 DEBUG BaseGeneralDataRegion:59 - Caching[foo.org.hibernate.cache.spi.UpdateTimestampsCache] : [CourseMeeting] -> [5579091119947776]
14:18:52,956 DEBUG SQL:104 - 
    delete 
    from
        Course 
    where
        courseCode=?
14:18:52,965 DEBUG BaseGeneralDataRegion:59 - Caching[foo.org.hibernate.cache.spi.UpdateTimestampsCache] : [Course] -> [5579091119984640]
14:18:52,965 DEBUG BaseGeneralDataRegion:59 - Caching[foo.org.hibernate.cache.spi.UpdateTimestampsCache] : [Student] -> [5579090874224641]
14:18:52,965 DEBUG BaseGeneralDataRegion:59 - Caching[foo.org.hibernate.cache.spi.UpdateTimestampsCache] : [Course] -> [5579090874224641]
14:18:52,965 DEBUG BaseGeneralDataRegion:59 - Caching[foo.org.hibernate.cache.spi.UpdateTimestampsCache] : [Enrolment] -> [5579090874224641]
14:18:52,965 DEBUG BaseGeneralDataRegion:59 - Caching[foo.org.hibernate.cache.spi.UpdateTimestampsCache] : [Student_secretCodes] -> [5579090874224641]
14:18:52,965 DEBUG BaseGeneralDataRegion:59 - Caching[foo.org.hibernate.cache.spi.UpdateTimestampsCache] : [Address] -> [5579090874224641]
14:18:52,966 DEBUG BaseGeneralDataRegion:59 - Caching[foo.org.hibernate.cache.spi.UpdateTimestampsCache] : [CourseMeeting] -> [5579090874224641]
14:18:52,966  INFO CustomRunner:139 - Test: testEntityWithJoinedLazyOneToManyMultiAndNullListHql
14:18:52,967 DEBUG SQL:104 - 
    select
        coursemeet_.courseCode,
        coursemeet_.day,
        coursemeet_.period,
        coursemeet_.location 
    from
        CourseMeeting coursemeet_ 
    where
        coursemeet_.courseCode=? 
        and coursemeet_.day=? 
        and coursemeet_.period=? 
        and coursemeet_.location=?
14:18:52,967 DEBUG SQL:104 - 
    select
        coursemeet_.courseCode,
        coursemeet_.day,
        coursemeet_.period,
        coursemeet_.location 
    from
        CourseMeeting coursemeet_ 
    where
        coursemeet_.courseCode=? 
        and coursemeet_.day=? 
        and coursemeet_.period=? 
        and coursemeet_.location=?
14:18:52,968 DEBUG SQL:104 - 
    insert 
    into
        Course
        (description, courseCode) 
    values
        (?, ?)
14:18:52,968 DEBUG BaseGeneralDataRegion:59 - Caching[foo.org.hibernate.cache.spi.UpdateTimestampsCache] : [Course] -> [5579091119996928]
14:18:52,984 DEBUG SQL:104 - 
    insert 
    into
        CourseMeeting
        (courseCode, day, period, location) 
    values
        (?, ?, ?, ?)
14:18:52,985 DEBUG BaseGeneralDataRegion:59 - Caching[foo.org.hibernate.cache.spi.UpdateTimestampsCache] : [CourseMeeting] -> [5579091120066560]
14:18:52,986 DEBUG SQL:104 - 
    insert 
    into
        CourseMeeting
        (courseCode, day, period, location) 
    values
        (?, ?, ?, ?)
14:18:52,986 DEBUG BaseGeneralDataRegion:59 - Caching[foo.org.hibernate.cache.spi.UpdateTimestampsCache] : [CourseMeeting] -> [5579091120070656]
14:18:52,986 DEBUG SQL:104 - 
    insert 
    into
        Student
        (name_first, name_middle, name_last, preferredCourseCode, studentId) 
    values
        (?, ?, ?, ?, ?)
14:18:52,987 DEBUG BaseGeneralDataRegion:59 - Caching[foo.org.hibernate.cache.spi.UpdateTimestampsCache] : [Student] -> [5579091120074752]
14:18:52,987 DEBUG SQL:104 - 
    insert 
    into
        Address
        (addressType, street, city, stateProvince, postalCode, country, studentNumber, id) 
    values
        (?, ?, ?, ?, ?, ?, ?, ?)
14:18:52,994 DEBUG BaseGeneralDataRegion:59 - Caching[foo.org.hibernate.cache.spi.UpdateTimestampsCache] : [Address] -> [5579091120103424]
14:18:52,994 DEBUG SQL:104 - 
    insert 
    into
        Address
        (addressType, street, city, stateProvince, postalCode, country, studentNumber, id) 
    values
        (?, ?, ?, ?, ?, ?, ?, ?)
14:18:52,995 DEBUG BaseGeneralDataRegion:59 - Caching[foo.org.hibernate.cache.spi.UpdateTimestampsCache] : [Address] -> [5579091120107520]
14:18:52,995 DEBUG SQL:104 - 
    insert 
    into
        Student
        (name_first, name_middle, name_last, preferredCourseCode, studentId) 
    values
        (?, ?, ?, ?, ?)
14:18:52,995 DEBUG BaseGeneralDataRegion:59 - Caching[foo.org.hibernate.cache.spi.UpdateTimestampsCache] : [Student] -> [5579091120107521]
14:18:52,995 DEBUG SQL:104 - 
    insert 
    into
        Enrolment
        (semester, "year", studentId, courseCode) 
    values
        (?, ?, ?, ?)
14:18:52,995 DEBUG BaseGeneralDataRegion:59 - Caching[foo.org.hibernate.cache.spi.UpdateTimestampsCache] : [Enrolment] -> [5579091120107522]
14:18:52,995 DEBUG SQL:104 - 
    insert 
    into
        Enrolment
        (semester, "year", studentId, courseCode) 
    values
        (?, ?, ?, ?)
14:18:52,995 DEBUG BaseGeneralDataRegion:59 - Caching[foo.org.hibernate.cache.spi.UpdateTimestampsCache] : [Enrolment] -> [5579091120107523]
14:18:52,996 DEBUG BaseGeneralDataRegion:59 - Caching[foo.org.hibernate.cache.spi.UpdateTimestampsCache] : [CourseMeeting] -> [5579091120111616]
14:18:52,996 DEBUG BaseGeneralDataRegion:59 - Caching[foo.org.hibernate.cache.spi.UpdateTimestampsCache] : [Enrolment] -> [5579091120111617]
14:18:52,996 DEBUG SQL:104 - 
    update
        Address 
    set
        studentNumber=?,
        addressType=? 
    where
        id=?
14:18:52,996 DEBUG SQL:104 - 
    update
        Address 
    set
        studentNumber=?,
        addressType=? 
    where
        id=?
14:18:52,996 DEBUG BaseGeneralDataRegion:59 - Caching[foo.org.hibernate.cache.spi.UpdateTimestampsCache] : [Address] -> [5579091120111618]
14:18:52,996 DEBUG SQL:104 - 
    insert 
    into
        Student_secretCodes
        (studentNumber, i, secretCode) 
    values
        (?, ?, ?)
14:18:52,997 DEBUG BaseGeneralDataRegion:59 - Caching[foo.org.hibernate.cache.spi.UpdateTimestampsCache] : [Student_secretCodes] -> [5579091120115712]
14:18:52,997 DEBUG BaseGeneralDataRegion:59 - Caching[foo.org.hibernate.cache.spi.UpdateTimestampsCache] : [Enrolment] -> [5579091120115713]
14:18:52,997 DEBUG BaseGeneralDataRegion:59 - Caching[foo.org.hibernate.cache.spi.UpdateTimestampsCache] : [Address] -> [5579091120115714]
14:18:52,997 DEBUG SQL:104 - 
    insert 
    into
        Student_secretCodes
        (studentNumber, i, secretCode) 
    values
        (?, ?, ?)
14:18:52,997 DEBUG SQL:104 - 
    insert 
    into
        Student_secretCodes
        (studentNumber, i, secretCode) 
    values
        (?, ?, ?)
14:18:53,019 DEBUG BaseGeneralDataRegion:59 - Caching[foo.org.hibernate.cache.spi.UpdateTimestampsCache] : [Student_secretCodes] -> [5579091120205824]
14:18:53,019 DEBUG BaseGeneralDataRegion:59 - Caching[foo.org.hibernate.cache.spi.UpdateTimestampsCache] : [Student] -> [5579090874445825]
14:18:53,019 DEBUG BaseGeneralDataRegion:59 - Caching[foo.org.hibernate.cache.spi.UpdateTimestampsCache] : [Course] -> [5579090874445825]
14:18:53,019 DEBUG BaseGeneralDataRegion:59 - Caching[foo.org.hibernate.cache.spi.UpdateTimestampsCache] : [Enrolment] -> [5579090874445825]
14:18:53,019 DEBUG BaseGeneralDataRegion:59 - Caching[foo.org.hibernate.cache.spi.UpdateTimestampsCache] : [Student_secretCodes] -> [5579090874445825]
14:18:53,019 DEBUG BaseGeneralDataRegion:59 - Caching[foo.org.hibernate.cache.spi.UpdateTimestampsCache] : [Address] -> [5579090874445825]
14:18:53,019 DEBUG BaseGeneralDataRegion:59 - Caching[foo.org.hibernate.cache.spi.UpdateTimestampsCache] : [CourseMeeting] -> [5579090874445825]
14:18:53,020 DEBUG QueryTranslatorImpl:265 - parse() - HQL: from org.hibernate.test.querycache.Student s left join s.addresses order by s.studentNumber
14:18:53,021 DEBUG QueryTranslatorImpl:283 - --- HQL AST ---
 \-[QUERY] Node: 'query'
    +-[SELECT_FROM] Node: 'SELECT_FROM'
    |  \-[FROM] Node: 'from'
    |     +-[RANGE] Node: 'RANGE'
    |     |  +-[DOT] Node: '.'
    |     |  |  +-[DOT] Node: '.'
    |     |  |  |  +-[DOT] Node: '.'
    |     |  |  |  |  +-[DOT] Node: '.'
    |     |  |  |  |  |  +-[IDENT] Node: 'org'
    |     |  |  |  |  |  \-[IDENT] Node: 'hibernate'
    |     |  |  |  |  \-[IDENT] Node: 'test'
    |     |  |  |  \-[IDENT] Node: 'querycache'
    |     |  |  \-[IDENT] Node: 'Student'
    |     |  \-[ALIAS] Node: 's'
    |     \-[JOIN] Node: 'join'
    |        +-[LEFT] Node: 'left'
    |        \-[DOT] Node: '.'
    |           +-[IDENT] Node: 's'
    |           \-[IDENT] Node: 'addresses'
    \-[ORDER] Node: 'order'
       \-[DOT] Node: '.'
          +-[IDENT] Node: 's'
          \-[IDENT] Node: 'studentNumber'

14:18:53,029 DEBUG ErrorCounter:82 - throwQueryException() : no errors
14:18:53,029 DEBUG FromElement:157 - FromClause{level=1} : org.hibernate.test.querycache.Student (s) -> student0_
14:18:53,029 DEBUG FromReferenceNode:74 - Resolved : s -> student0_.studentId
14:18:53,029 DEBUG DotNode:599 - getDataType() : addresses -> org.hibernate.type.MapType(org.hibernate.test.querycache.Student.addresses)
14:18:53,029 DEBUG FromElementFactory:376 - createEntityAssociation() : One to many - path = s.addresses role = org.hibernate.test.querycache.Student.addresses associatedEntityName = org.hibernate.test.querycache.Address
14:18:53,030 DEBUG FromElement:157 - FromClause{level=1} : org.hibernate.test.querycache.Address (<no alias>) -> addresses1_
14:18:53,030 DEBUG FromClause:282 - addJoinByPathMap() : s.addresses -> FromElement{explicit,not a collection join,not a fetch join,fetch non-lazy properties,classAlias=null,role=null,tableName=Address,tableAlias=addresses1_,origin=Student student0_,columns={student0_.studentId ,className=org.hibernate.test.querycache.Address}}
14:18:53,030 DEBUG DotNode:308 - dereferenceCollection() : Created new FROM element for s.addresses : Address addresses1_
14:18:53,030 DEBUG FromReferenceNode:74 - Resolved : s.addresses -> .
14:18:53,030 DEBUG HqlSqlWalker:403 - createFromJoinElement() : -- join tree --
 \-[JOIN_FRAGMENT] FromElement: 'Address addresses1_' FromElement{explicit,not a collection join,not a fetch join,fetch non-lazy properties,classAlias=null,role=org.hibernate.test.querycache.Student.addresses,tableName=Address,tableAlias=addresses1_,origin=Student student0_,columns={student0_.studentId ,className=org.hibernate.test.querycache.Address}}

14:18:53,030 DEBUG FromReferenceNode:74 - Resolved : s -> student0_.studentId
14:18:53,030 DEBUG DotNode:599 - getDataType() : studentNumber -> org.hibernate.type.LongType@4bf3f9d
14:18:53,030 DEBUG FromReferenceNode:74 - Resolved : s.studentNumber -> student0_.studentId
14:18:53,031 DEBUG HqlSqlWalker:629 - processQuery() :  ( SELECT ( FromClause{level=1} ( Student student0_ Address addresses1_ ) ) ( order ( student0_.studentId student0_.studentId studentNumber ) ) )
14:18:53,031 DEBUG HqlSqlWalker:869 - Derived SELECT clause created.
14:18:53,031 DEBUG JoinProcessor:175 - Using FROM fragment [Student student0_]
14:18:53,031 DEBUG JoinProcessor:175 - Using FROM fragment [left outer join Address addresses1_ on student0_.studentId=addresses1_.studentNumber]
14:18:53,031 DEBUG QueryTranslatorImpl:252 - --- SQL AST ---
 \-[SELECT] QueryNode: 'SELECT'  querySpaces (Student,Address)
    +-[SELECT_CLAUSE] SelectClause: '{derived select clause}'
    |  +-[SELECT_EXPR] SelectExpressionImpl: 'student0_.studentId as studentId4_0_' {FromElement{explicit,not a collection join,not a fetch join,fetch non-lazy properties,classAlias=s,role=null,tableName=Student,tableAlias=student0_,origin=null,columns={,className=org.hibernate.test.querycache.Student}}}
    |  +-[SELECT_EXPR] SelectExpressionImpl: 'addresses1_.id as id0_1_' {FromElement{explicit,not a collection join,not a fetch join,fetch non-lazy properties,classAlias=null,role=org.hibernate.test.querycache.Student.addresses,tableName=Address,tableAlias=addresses1_,origin=Student student0_,columns={student0_.studentId ,className=org.hibernate.test.querycache.Address}}}
    |  +-[SQL_TOKEN] SqlFragment: 'student0_.name_first as name2_4_0_, student0_.name_middle as name3_4_0_, student0_.name_last as name4_4_0_, student0_.preferredCourseCode as preferre5_4_0_'
    |  \-[SQL_TOKEN] SqlFragment: 'addresses1_.addressType as addressT2_0_1_, addresses1_.street as street0_1_, addresses1_.city as city0_1_, addresses1_.stateProvince as statePro5_0_1_, addresses1_.postalCode as postalCode0_1_, addresses1_.country as country0_1_, addresses1_.studentNumber as studentN8_0_1_'
    +-[FROM] FromClause: 'from' FromClause{level=1, fromElementCounter=2, fromElements=2, fromElementByClassAlias=[s], fromElementByTableAlias=[student0_, addresses1_], fromElementsByPath=[s.addresses], collectionJoinFromElementsByPath=[], impliedElements=[]}
    |  \-[FROM_FRAGMENT] FromElement: 'Student student0_' FromElement{explicit,not a collection join,not a fetch join,fetch non-lazy properties,classAlias=s,role=null,tableName=Student,tableAlias=student0_,origin=null,columns={,className=org.hibernate.test.querycache.Student}}
    |     \-[JOIN_FRAGMENT] FromElement: 'left outer join Address addresses1_ on student0_.studentId=addresses1_.studentNumber' FromElement{explicit,not a collection join,not a fetch join,fetch non-lazy properties,classAlias=null,role=org.hibernate.test.querycache.Student.addresses,tableName=Address,tableAlias=addresses1_,origin=Student student0_,columns={student0_.studentId ,className=org.hibernate.test.querycache.Address}}
    \-[ORDER] OrderByClause: 'order'
       \-[DOT] DotNode: 'student0_.studentId' {propertyName=studentNumber,dereferenceType=ALL,propertyPath=studentNumber,path=s.studentNumber,tableAlias=student0_,className=org.hibernate.test.querycache.Student,classAlias=s}
          +-[ALIAS_REF] IdentNode: 'student0_.studentId' {alias=s, className=org.hibernate.test.querycache.Student, tableAlias=student0_}
          \-[IDENT] IdentNode: 'studentNumber' {originalText=studentNumber}

14:18:53,040 DEBUG ErrorCounter:82 - throwQueryException() : no errors
14:18:53,040 DEBUG QueryTranslatorImpl:235 - HQL: from org.hibernate.test.querycache.Student s left join s.addresses order by s.studentNumber
14:18:53,040 DEBUG QueryTranslatorImpl:236 - SQL: select student0_.studentId as studentId4_0_, addresses1_.id as id0_1_, student0_.name_first as name2_4_0_, student0_.name_middle as name3_4_0_, student0_.name_last as name4_4_0_, student0_.preferredCourseCode as preferre5_4_0_, addresses1_.addressType as addressT2_0_1_, addresses1_.street as street0_1_, addresses1_.city as city0_1_, addresses1_.stateProvince as statePro5_0_1_, addresses1_.postalCode as postalCode0_1_, addresses1_.country as country0_1_, addresses1_.studentNumber as studentN8_0_1_ from Student student0_ left outer join Address addresses1_ on student0_.studentId=addresses1_.studentNumber order by student0_.studentId
14:18:53,040 DEBUG ErrorCounter:82 - throwQueryException() : no errors
14:18:53,041 DEBUG SQL:104 - 
    select
        student0_.studentId as studentId4_0_,
        addresses1_.id as id0_1_,
        student0_.name_first as name2_4_0_,
        student0_.name_middle as name3_4_0_,
        student0_.name_last as name4_4_0_,
        student0_.preferredCourseCode as preferre5_4_0_,
        addresses1_.addressType as addressT2_0_1_,
        addresses1_.street as street0_1_,
        addresses1_.city as city0_1_,
        addresses1_.stateProvince as statePro5_0_1_,
        addresses1_.postalCode as postalCode0_1_,
        addresses1_.country as country0_1_,
        addresses1_.studentNumber as studentN8_0_1_ 
    from
        Student student0_ 
    left outer join
        Address addresses1_ 
            on student0_.studentId=addresses1_.studentNumber 
    order by
        student0_.studentId
14:18:53,050 DEBUG SQL:104 - 
    select
        secretcode0_.studentNumber as studentN1_4_0_,
        secretcode0_.secretCode as secretCode5_0_,
        secretcode0_.i as i0_ 
    from
        Student_secretCodes secretcode0_ 
    where
        secretcode0_.studentNumber=?
14:18:53,051 DEBUG SQL:104 - 
    select
        secretcode0_.studentNumber as studentN1_4_0_,
        secretcode0_.secretCode as secretCode5_0_,
        secretcode0_.i as i0_ 
    from
        Student_secretCodes secretcode0_ 
    where
        secretcode0_.studentNumber=?
14:18:53,051 DEBUG BaseGeneralDataRegion:59 - Caching[foo.org.hibernate.cache.internal.StandardQueryCache] : [sql: select student0_.studentId as studentId4_0_, addresses1_.id as id0_1_, student0_.name_first as name2_4_0_, student0_.name_middle as name3_4_0_, student0_.name_last as name4_4_0_, student0_.preferredCourseCode as preferre5_4_0_, addresses1_.addressType as addressT2_0_1_, addresses1_.street as street0_1_, addresses1_.city as city0_1_, addresses1_.stateProvince as statePro5_0_1_, addresses1_.postalCode as postalCode0_1_, addresses1_.country as country0_1_, addresses1_.studentNumber as studentN8_0_1_ from Student student0_ left outer join Address addresses1_ on student0_.studentId=addresses1_.studentNumber order by student0_.studentId; parameters: ; named parameters: {}; transformer: org.hibernate.transform.CacheableResultTransformer@1406bf] -> [[5579090874576896, [Ljava.io.Serializable;@b2923f5, [Ljava.io.Serializable;@39f7af8c, [Ljava.io.Serializable;@34262e0f]]
14:18:53,052 DEBUG SQL:104 - 
    select
        student0_.studentId as studentId4_0_,
        addresses1_.id as id0_1_,
        student0_.name_first as name2_4_0_,
        student0_.name_middle as name3_4_0_,
        student0_.name_last as name4_4_0_,
        student0_.preferredCourseCode as preferre5_4_0_,
        addresses1_.addressType as addressT2_0_1_,
        addresses1_.street as street0_1_,
        addresses1_.city as city0_1_,
        addresses1_.stateProvince as statePro5_0_1_,
        addresses1_.postalCode as postalCode0_1_,
        addresses1_.country as country0_1_,
        addresses1_.studentNumber as studentN8_0_1_ 
    from
        Student student0_ 
    left outer join
        Address addresses1_ 
            on student0_.studentId=addresses1_.studentNumber 
    order by
        student0_.studentId
14:18:53,061 DEBUG SQL:104 - 
    select
        secretcode0_.studentNumber as studentN1_4_0_,
        secretcode0_.secretCode as secretCode5_0_,
        secretcode0_.i as i0_ 
    from
        Student_secretCodes secretcode0_ 
    where
        secretcode0_.studentNumber=?
14:18:53,061 DEBUG SQL:104 - 
    select
        secretcode0_.studentNumber as studentN1_4_0_,
        secretcode0_.secretCode as secretCode5_0_,
        secretcode0_.i as i0_ 
    from
        Student_secretCodes secretcode0_ 
    where
        secretcode0_.studentNumber=?
14:18:53,070 DEBUG BaseGeneralDataRegion:59 - Caching[foo.org.hibernate.cache.internal.StandardQueryCache] : [sql: select student0_.studentId as studentId4_0_, addresses1_.id as id0_1_, student0_.name_first as name2_4_0_, student0_.name_middle as name3_4_0_, student0_.name_last as name4_4_0_, student0_.preferredCourseCode as preferre5_4_0_, addresses1_.addressType as addressT2_0_1_, addresses1_.street as street0_1_, addresses1_.city as city0_1_, addresses1_.stateProvince as statePro5_0_1_, addresses1_.postalCode as postalCode0_1_, addresses1_.country as country0_1_, addresses1_.studentNumber as studentN8_0_1_ from Student student0_ left outer join Address addresses1_ on student0_.studentId=addresses1_.studentNumber order by student0_.studentId; parameters: ; named parameters: {}; transformer: org.hibernate.transform.CacheableResultTransformer@1406bf] -> [[5579090874654720, [Ljava.io.Serializable;@3c9c91a7, [Ljava.io.Serializable;@4b1e8a07, [Ljava.io.Serializable;@7ec1117d]]
14:18:53,071 DEBUG SQL:104 - 
    select
        student_.studentId,
        student_.name_first as name2_4_,
        student_.name_middle as name3_4_,
        student_.name_last as name4_4_,
        student_.preferredCourseCode as preferre5_4_ 
    from
        Student student_ 
    where
        student_.studentId=?
14:18:53,071 DEBUG SQL:104 - 
    select
        enrolment_.studentId,
        enrolment_.courseCode,
        enrolment_.semester as semester3_,
        enrolment_."year" as year4_3_ 
    from
        Enrolment enrolment_ 
    where
        enrolment_.studentId=? 
        and enrolment_.courseCode=?
14:18:53,071 DEBUG SQL:104 - 
    select
        course_.courseCode,
        course_.description as descript2_1_ 
    from
        Course course_ 
    where
        course_.courseCode=?
14:18:53,071 DEBUG SQL:104 - 
    select
        student_.studentId,
        student_.name_first as name2_4_,
        student_.name_middle as name3_4_,
        student_.name_last as name4_4_,
        student_.preferredCourseCode as preferre5_4_ 
    from
        Student student_ 
    where
        student_.studentId=?
14:18:53,072 DEBUG SQL:104 - 
    select
        enrolment_.studentId,
        enrolment_.courseCode,
        enrolment_.semester as semester3_,
        enrolment_."year" as year4_3_ 
    from
        Enrolment enrolment_ 
    where
        enrolment_.studentId=? 
        and enrolment_.courseCode=?
14:18:53,083 DEBUG SQL:104 - 
    select
        coursemeet_.courseCode,
        coursemeet_.day,
        coursemeet_.period,
        coursemeet_.location 
    from
        CourseMeeting coursemeet_ 
    where
        coursemeet_.courseCode=? 
        and coursemeet_.day=? 
        and coursemeet_.period=? 
        and coursemeet_.location=?
14:18:53,083 DEBUG SQL:104 - 
    select
        coursemeet_.courseCode,
        coursemeet_.day,
        coursemeet_.period,
        coursemeet_.location 
    from
        CourseMeeting coursemeet_ 
    where
        coursemeet_.courseCode=? 
        and coursemeet_.day=? 
        and coursemeet_.period=? 
        and coursemeet_.location=?
14:18:53,083 DEBUG BaseGeneralDataRegion:59 - Caching[foo.org.hibernate.cache.spi.UpdateTimestampsCache] : [Enrolment] -> [5579091120467968]
14:18:53,084 DEBUG SQL:104 - 
    update
        Address 
    set
        studentNumber=null,
        addressType=null 
    where
        studentNumber=?
14:18:53,092 DEBUG BaseGeneralDataRegion:59 - Caching[foo.org.hibernate.cache.spi.UpdateTimestampsCache] : [Address] -> [5579091120504832]
14:18:53,093 DEBUG SQL:104 - 
    delete 
    from
        Student_secretCodes 
    where
        studentNumber=?
14:18:53,093 DEBUG BaseGeneralDataRegion:59 - Caching[foo.org.hibernate.cache.spi.UpdateTimestampsCache] : [Student_secretCodes] -> [5579091120508928]
14:18:53,093 DEBUG BaseGeneralDataRegion:59 - Caching[foo.org.hibernate.cache.spi.UpdateTimestampsCache] : [Enrolment] -> [5579091120508929]
14:18:53,093 DEBUG BaseGeneralDataRegion:59 - Caching[foo.org.hibernate.cache.spi.UpdateTimestampsCache] : [Address] -> [5579091120508930]
14:18:53,093 DEBUG SQL:104 - 
    delete 
    from
        Student_secretCodes 
    where
        studentNumber=?
14:18:53,093 DEBUG BaseGeneralDataRegion:59 - Caching[foo.org.hibernate.cache.spi.UpdateTimestampsCache] : [Student_secretCodes] -> [5579091120508931]
14:18:53,093 DEBUG BaseGeneralDataRegion:59 - Caching[foo.org.hibernate.cache.spi.UpdateTimestampsCache] : [CourseMeeting] -> [5579091120508932]
14:18:53,093 DEBUG SQL:104 - 
    delete 
    from
        Enrolment 
    where
        studentId=? 
        and courseCode=?
14:18:53,094 DEBUG BaseGeneralDataRegion:59 - Caching[foo.org.hibernate.cache.spi.UpdateTimestampsCache] : [Enrolment] -> [5579091120513024]
14:18:53,094 DEBUG SQL:104 - 
    delete 
    from
        Address 
    where
        id=?
14:18:53,094 DEBUG BaseGeneralDataRegion:59 - Caching[foo.org.hibernate.cache.spi.UpdateTimestampsCache] : [Address] -> [5579091120513025]
14:18:53,094 DEBUG SQL:104 - 
    delete 
    from
        Address 
    where
        id=?
14:18:53,094 DEBUG BaseGeneralDataRegion:59 - Caching[foo.org.hibernate.cache.spi.UpdateTimestampsCache] : [Address] -> [5579091120513026]
14:18:53,094 DEBUG SQL:104 - 
    delete 
    from
        Student 
    where
        studentId=?
14:18:53,116 DEBUG BaseGeneralDataRegion:59 - Caching[foo.org.hibernate.cache.spi.UpdateTimestampsCache] : [Student] -> [5579091120603136]
14:18:53,117 DEBUG SQL:104 - 
    delete 
    from
        Enrolment 
    where
        studentId=? 
        and courseCode=?
14:18:53,117 DEBUG BaseGeneralDataRegion:59 - Caching[foo.org.hibernate.cache.spi.UpdateTimestampsCache] : [Enrolment] -> [5579091120607232]
14:18:53,117 DEBUG SQL:104 - 
    delete 
    from
        Student 
    where
        studentId=?
14:18:53,117 DEBUG BaseGeneralDataRegion:59 - Caching[foo.org.hibernate.cache.spi.UpdateTimestampsCache] : [Student] -> [5579091120607233]
14:18:53,117 DEBUG SQL:104 - 
    delete 
    from
        CourseMeeting 
    where
        courseCode=? 
        and day=? 
        and period=? 
        and location=?
14:18:53,126 DEBUG BaseGeneralDataRegion:59 - Caching[foo.org.hibernate.cache.spi.UpdateTimestampsCache] : [CourseMeeting] -> [5579091120644096]
14:18:53,127 DEBUG SQL:104 - 
    delete 
    from
        CourseMeeting 
    where
        courseCode=? 
        and day=? 
        and period=? 
        and location=?
14:18:53,127 DEBUG BaseGeneralDataRegion:59 - Caching[foo.org.hibernate.cache.spi.UpdateTimestampsCache] : [CourseMeeting] -> [5579091120648192]
14:18:53,127 DEBUG SQL:104 - 
    delete 
    from
        Course 
    where
        courseCode=?
14:18:53,127 DEBUG BaseGeneralDataRegion:59 - Caching[foo.org.hibernate.cache.spi.UpdateTimestampsCache] : [Course] -> [5579091120648193]
14:18:53,127 DEBUG BaseGeneralDataRegion:59 - Caching[foo.org.hibernate.cache.spi.UpdateTimestampsCache] : [Student] -> [5579090874888194]
14:18:53,127 DEBUG BaseGeneralDataRegion:59 - Caching[foo.org.hibernate.cache.spi.UpdateTimestampsCache] : [Course] -> [5579090874888194]
14:18:53,127 DEBUG BaseGeneralDataRegion:59 - Caching[foo.org.hibernate.cache.spi.UpdateTimestampsCache] : [Enrolment] -> [5579090874888194]
14:18:53,128 DEBUG BaseGeneralDataRegion:59 - Caching[foo.org.hibernate.cache.spi.UpdateTimestampsCache] : [Student_secretCodes] -> [5579090874888194]
14:18:53,128 DEBUG BaseGeneralDataRegion:59 - Caching[foo.org.hibernate.cache.spi.UpdateTimestampsCache] : [Address] -> [5579090874888194]
14:18:53,128 DEBUG BaseGeneralDataRegion:59 - Caching[foo.org.hibernate.cache.spi.UpdateTimestampsCache] : [CourseMeeting] -> [5579090874888194]
14:18:53,128 DEBUG SQL:104 - 
    select
        coursemeet_.courseCode,
        coursemeet_.day,
        coursemeet_.period,
        coursemeet_.location 
    from
        CourseMeeting coursemeet_ 
    where
        coursemeet_.courseCode=? 
        and coursemeet_.day=? 
        and coursemeet_.period=? 
        and coursemeet_.location=?
14:18:53,137 DEBUG SQL:104 - 
    select
        coursemeet_.courseCode,
        coursemeet_.day,
        coursemeet_.period,
        coursemeet_.location 
    from
        CourseMeeting coursemeet_ 
    where
        coursemeet_.courseCode=? 
        and coursemeet_.day=? 
        and coursemeet_.period=? 
        and coursemeet_.location=?
14:18:53,138 DEBUG SQL:104 - 
    insert 
    into
        Course
        (description, courseCode) 
    values
        (?, ?)
14:18:53,138 DEBUG BaseGeneralDataRegion:59 - Caching[foo.org.hibernate.cache.spi.UpdateTimestampsCache] : [Course] -> [5579091120693248]
14:18:53,138 DEBUG SQL:104 - 
    insert 
    into
        CourseMeeting
        (courseCode, day, period, location) 
    values
        (?, ?, ?, ?)
14:18:53,147 DEBUG BaseGeneralDataRegion:59 - Caching[foo.org.hibernate.cache.spi.UpdateTimestampsCache] : [CourseMeeting] -> [5579091120730112]
14:18:53,147 DEBUG SQL:104 - 
    insert 
    into
        CourseMeeting
        (courseCode, day, period, location) 
    values
        (?, ?, ?, ?)
14:18:53,148 DEBUG BaseGeneralDataRegion:59 - Caching[foo.org.hibernate.cache.spi.UpdateTimestampsCache] : [CourseMeeting] -> [5579091120734208]
14:18:53,148 DEBUG SQL:104 - 
    insert 
    into
        Student
        (name_first, name_middle, name_last, preferredCourseCode, studentId) 
    values
        (?, ?, ?, ?, ?)
14:18:53,148 DEBUG BaseGeneralDataRegion:59 - Caching[foo.org.hibernate.cache.spi.UpdateTimestampsCache] : [Student] -> [5579091120734209]
14:18:53,148 DEBUG SQL:104 - 
    insert 
    into
        Address
        (addressType, street, city, stateProvince, postalCode, country, studentNumber, id) 
    values
        (?, ?, ?, ?, ?, ?, ?, ?)
14:18:53,148 DEBUG BaseGeneralDataRegion:59 - Caching[foo.org.hibernate.cache.spi.UpdateTimestampsCache] : [Address] -> [5579091120734210]
14:18:53,158 DEBUG SQL:104 - 
    insert 
    into
        Address
        (addressType, street, city, stateProvince, postalCode, country, studentNumber, id) 
    values
        (?, ?, ?, ?, ?, ?, ?, ?)
14:18:53,158 DEBUG BaseGeneralDataRegion:59 - Caching[foo.org.hibernate.cache.spi.UpdateTimestampsCache] : [Address] -> [5579091120775168]
14:18:53,158 DEBUG SQL:104 - 
    insert 
    into
        Student
        (name_first, name_middle, name_last, preferredCourseCode, studentId) 
    values
        (?, ?, ?, ?, ?)
14:18:53,159 DEBUG BaseGeneralDataRegion:59 - Caching[foo.org.hibernate.cache.spi.UpdateTimestampsCache] : [Student] -> [5579091120779264]
14:18:53,159 DEBUG SQL:104 - 
    insert 
    into
        Enrolment
        (semester, "year", studentId, courseCode) 
    values
        (?, ?, ?, ?)
14:18:53,159 DEBUG BaseGeneralDataRegion:59 - Caching[foo.org.hibernate.cache.spi.UpdateTimestampsCache] : [Enrolment] -> [5579091120779265]
14:18:53,159 DEBUG SQL:104 - 
    insert 
    into
        Enrolment
        (semester, "year", studentId, courseCode) 
    values
        (?, ?, ?, ?)
14:18:53,169 DEBUG BaseGeneralDataRegion:59 - Caching[foo.org.hibernate.cache.spi.UpdateTimestampsCache] : [Enrolment] -> [5579091120820224]
14:18:53,169 DEBUG BaseGeneralDataRegion:59 - Caching[foo.org.hibernate.cache.spi.UpdateTimestampsCache] : [CourseMeeting] -> [5579091120820225]
14:18:53,169 DEBUG BaseGeneralDataRegion:59 - Caching[foo.org.hibernate.cache.spi.UpdateTimestampsCache] : [Enrolment] -> [5579091120820226]
14:18:53,169 DEBUG SQL:104 - 
    update
        Address 
    set
        studentNumber=?,
        addressType=? 
    where
        id=?
14:18:53,169 DEBUG SQL:104 - 
    update
        Address 
    set
        studentNumber=?,
        addressType=? 
    where
        id=?
14:18:53,170 DEBUG BaseGeneralDataRegion:59 - Caching[foo.org.hibernate.cache.spi.UpdateTimestampsCache] : [Address] -> [5579091120824320]
14:18:53,170 DEBUG SQL:104 - 
    insert 
    into
        Student_secretCodes
        (studentNumber, i, secretCode) 
    values
        (?, ?, ?)
14:18:53,170 DEBUG BaseGeneralDataRegion:59 - Caching[foo.org.hibernate.cache.spi.UpdateTimestampsCache] : [Student_secretCodes] -> [5579091120824321]
14:18:53,179 DEBUG BaseGeneralDataRegion:59 - Caching[foo.org.hibernate.cache.spi.UpdateTimestampsCache] : [Enrolment] -> [5579091120861184]
14:18:53,179 DEBUG BaseGeneralDataRegion:59 - Caching[foo.org.hibernate.cache.spi.UpdateTimestampsCache] : [Address] -> [5579091120861185]
14:18:53,179 DEBUG SQL:104 - 
    insert 
    into
        Student_secretCodes
        (studentNumber, i, secretCode) 
    values
        (?, ?, ?)
14:18:53,180 DEBUG SQL:104 - 
    insert 
    into
        Student_secretCodes
        (studentNumber, i, secretCode) 
    values
        (?, ?, ?)
14:18:53,180 DEBUG BaseGeneralDataRegion:59 - Caching[foo.org.hibernate.cache.spi.UpdateTimestampsCache] : [Student_secretCodes] -> [5579091120865280]
14:18:53,180 DEBUG BaseGeneralDataRegion:59 - Caching[foo.org.hibernate.cache.spi.UpdateTimestampsCache] : [Student] -> [5579090875105281]
14:18:53,180 DEBUG BaseGeneralDataRegion:59 - Caching[foo.org.hibernate.cache.spi.UpdateTimestampsCache] : [Course] -> [5579090875105281]
14:18:53,180 DEBUG BaseGeneralDataRegion:59 - Caching[foo.org.hibernate.cache.spi.UpdateTimestampsCache] : [Enrolment] -> [5579090875105281]
14:18:53,180 DEBUG BaseGeneralDataRegion:59 - Caching[foo.org.hibernate.cache.spi.UpdateTimestampsCache] : [Student_secretCodes] -> [5579090875105281]
14:18:53,180 DEBUG BaseGeneralDataRegion:59 - Caching[foo.org.hibernate.cache.spi.UpdateTimestampsCache] : [Address] -> [5579090875105281]
14:18:53,180 DEBUG BaseGeneralDataRegion:59 - Caching[foo.org.hibernate.cache.spi.UpdateTimestampsCache] : [CourseMeeting] -> [5579090875105281]
14:18:53,181 DEBUG QueryTranslatorImpl:265 - parse() - HQL: from org.hibernate.test.querycache.Student s left join s.addresses a order by s.studentNumber
14:18:53,182 DEBUG QueryTranslatorImpl:283 - --- HQL AST ---
 \-[QUERY] Node: 'query'
    +-[SELECT_FROM] Node: 'SELECT_FROM'
    |  \-[FROM] Node: 'from'
    |     +-[RANGE] Node: 'RANGE'
    |     |  +-[DOT] Node: '.'
    |     |  |  +-[DOT] Node: '.'
    |     |  |  |  +-[DOT] Node: '.'
    |     |  |  |  |  +-[DOT] Node: '.'
    |     |  |  |  |  |  +-[IDENT] Node: 'org'
    |     |  |  |  |  |  \-[IDENT] Node: 'hibernate'
    |     |  |  |  |  \-[IDENT] Node: 'test'
    |     |  |  |  \-[IDENT] Node: 'querycache'
    |     |  |  \-[IDENT] Node: 'Student'
    |     |  \-[ALIAS] Node: 's'
    |     \-[JOIN] Node: 'join'
    |        +-[LEFT] Node: 'left'
    |        +-[DOT] Node: '.'
    |        |  +-[IDENT] Node: 's'
    |        |  \-[IDENT] Node: 'addresses'
    |        \-[ALIAS] Node: 'a'
    \-[ORDER] Node: 'order'
       \-[DOT] Node: '.'
          +-[IDENT] Node: 's'
          \-[IDENT] Node: 'studentNumber'

14:18:53,191 DEBUG ErrorCounter:82 - throwQueryException() : no errors
14:18:53,192 DEBUG FromElement:157 - FromClause{level=1} : org.hibernate.test.querycache.Student (s) -> student0_
14:18:53,192 DEBUG FromReferenceNode:74 - Resolved : s -> student0_.studentId
14:18:53,192 DEBUG DotNode:599 - getDataType() : addresses -> org.hibernate.type.MapType(org.hibernate.test.querycache.Student.addresses)
14:18:53,192 DEBUG FromElementFactory:376 - createEntityAssociation() : One to many - path = s.addresses role = org.hibernate.test.querycache.Student.addresses associatedEntityName = org.hibernate.test.querycache.Address
14:18:53,192 DEBUG FromElement:157 - FromClause{level=1} : org.hibernate.test.querycache.Address (a) -> addresses1_
14:18:53,193 DEBUG FromClause:282 - addJoinByPathMap() : s.addresses -> FromElement{explicit,not a collection join,not a fetch join,fetch non-lazy properties,classAlias=a,role=null,tableName=Address,tableAlias=addresses1_,origin=Student student0_,columns={student0_.studentId ,className=org.hibernate.test.querycache.Address}}
14:18:53,193 DEBUG DotNode:308 - dereferenceCollection() : Created new FROM element for s.addresses : Address addresses1_
14:18:53,193 DEBUG FromReferenceNode:74 - Resolved : s.addresses -> .
14:18:53,193 DEBUG HqlSqlWalker:403 - createFromJoinElement() : -- join tree --
 \-[JOIN_FRAGMENT] FromElement: 'Address addresses1_' FromElement{explicit,not a collection join,not a fetch join,fetch non-lazy properties,classAlias=a,role=org.hibernate.test.querycache.Student.addresses,tableName=Address,tableAlias=addresses1_,origin=Student student0_,columns={student0_.studentId ,className=org.hibernate.test.querycache.Address}}

14:18:53,193 DEBUG FromReferenceNode:74 - Resolved : s -> student0_.studentId
14:18:53,193 DEBUG DotNode:599 - getDataType() : studentNumber -> org.hibernate.type.LongType@4bf3f9d
14:18:53,194 DEBUG FromReferenceNode:74 - Resolved : s.studentNumber -> student0_.studentId
14:18:53,194 DEBUG HqlSqlWalker:629 - processQuery() :  ( SELECT ( FromClause{level=1} ( Student student0_ Address addresses1_ ) ) ( order ( student0_.studentId student0_.studentId studentNumber ) ) )
14:18:53,194 DEBUG HqlSqlWalker:869 - Derived SELECT clause created.
14:18:53,194 DEBUG JoinProcessor:175 - Using FROM fragment [Student student0_]
14:18:53,194 DEBUG JoinProcessor:175 - Using FROM fragment [left outer join Address addresses1_ on student0_.studentId=addresses1_.studentNumber]
14:18:53,194 DEBUG QueryTranslatorImpl:252 - --- SQL AST ---
 \-[SELECT] QueryNode: 'SELECT'  querySpaces (Student,Address)
    +-[SELECT_CLAUSE] SelectClause: '{derived select clause}'
    |  +-[SELECT_EXPR] SelectExpressionImpl: 'student0_.studentId as studentId4_0_' {FromElement{explicit,not a collection join,not a fetch join,fetch non-lazy properties,classAlias=s,role=null,tableName=Student,tableAlias=student0_,origin=null,columns={,className=org.hibernate.test.querycache.Student}}}
    |  +-[SELECT_EXPR] SelectExpressionImpl: 'addresses1_.id as id0_1_' {FromElement{explicit,not a collection join,not a fetch join,fetch non-lazy properties,classAlias=a,role=org.hibernate.test.querycache.Student.addresses,tableName=Address,tableAlias=addresses1_,origin=Student student0_,columns={student0_.studentId ,className=org.hibernate.test.querycache.Address}}}
    |  +-[SQL_TOKEN] SqlFragment: 'student0_.name_first as name2_4_0_, student0_.name_middle as name3_4_0_, student0_.name_last as name4_4_0_, student0_.preferredCourseCode as preferre5_4_0_'
    |  \-[SQL_TOKEN] SqlFragment: 'addresses1_.addressType as addressT2_0_1_, addresses1_.street as street0_1_, addresses1_.city as city0_1_, addresses1_.stateProvince as statePro5_0_1_, addresses1_.postalCode as postalCode0_1_, addresses1_.country as country0_1_, addresses1_.studentNumber as studentN8_0_1_'
    +-[FROM] FromClause: 'from' FromClause{level=1, fromElementCounter=2, fromElements=2, fromElementByClassAlias=[s, a], fromElementByTableAlias=[student0_, addresses1_], fromElementsByPath=[s.addresses], collectionJoinFromElementsByPath=[], impliedElements=[]}
    |  \-[FROM_FRAGMENT] FromElement: 'Student student0_' FromElement{explicit,not a collection join,not a fetch join,fetch non-lazy properties,classAlias=s,role=null,tableName=Student,tableAlias=student0_,origin=null,columns={,className=org.hibernate.test.querycache.Student}}
    |     \-[JOIN_FRAGMENT] FromElement: 'left outer join Address addresses1_ on student0_.studentId=addresses1_.studentNumber' FromElement{explicit,not a collection join,not a fetch join,fetch non-lazy properties,classAlias=a,role=org.hibernate.test.querycache.Student.addresses,tableName=Address,tableAlias=addresses1_,origin=Student student0_,columns={student0_.studentId ,className=org.hibernate.test.querycache.Address}}
    \-[ORDER] OrderByClause: 'order'
       \-[DOT] DotNode: 'student0_.studentId' {propertyName=studentNumber,dereferenceType=ALL,propertyPath=studentNumber,path=s.studentNumber,tableAlias=student0_,className=org.hibernate.test.querycache.Student,classAlias=s}
          +-[ALIAS_REF] IdentNode: 'student0_.studentId' {alias=s, className=org.hibernate.test.querycache.Student, tableAlias=student0_}
          \-[IDENT] IdentNode: 'studentNumber' {originalText=studentNumber}

14:18:53,195 DEBUG ErrorCounter:82 - throwQueryException() : no errors
14:18:53,195 DEBUG QueryTranslatorImpl:235 - HQL: from org.hibernate.test.querycache.Student s left join s.addresses a order by s.studentNumber
14:18:53,195 DEBUG QueryTranslatorImpl:236 - SQL: select student0_.studentId as studentId4_0_, addresses1_.id as id0_1_, student0_.name_first as name2_4_0_, student0_.name_middle as name3_4_0_, student0_.name_last as name4_4_0_, student0_.preferredCourseCode as preferre5_4_0_, addresses1_.addressType as addressT2_0_1_, addresses1_.street as street0_1_, addresses1_.city as city0_1_, addresses1_.stateProvince as statePro5_0_1_, addresses1_.postalCode as postalCode0_1_, addresses1_.country as country0_1_, addresses1_.studentNumber as studentN8_0_1_ from Student student0_ left outer join Address addresses1_ on student0_.studentId=addresses1_.studentNumber order by student0_.studentId
14:18:53,195 DEBUG ErrorCounter:82 - throwQueryException() : no errors
14:18:53,195 DEBUG SQL:104 - 
    select
        student0_.studentId as studentId4_0_,
        addresses1_.id as id0_1_,
        student0_.name_first as name2_4_0_,
        student0_.name_middle as name3_4_0_,
        student0_.name_last as name4_4_0_,
        student0_.preferredCourseCode as preferre5_4_0_,
        addresses1_.addressType as addressT2_0_1_,
        addresses1_.street as street0_1_,
        addresses1_.city as city0_1_,
        addresses1_.stateProvince as statePro5_0_1_,
        addresses1_.postalCode as postalCode0_1_,
        addresses1_.country as country0_1_,
        addresses1_.studentNumber as studentN8_0_1_ 
    from
        Student student0_ 
    left outer join
        Address addresses1_ 
            on student0_.studentId=addresses1_.studentNumber 
    order by
        student0_.studentId
14:18:53,206 DEBUG SQL:104 - 
    select
        secretcode0_.studentNumber as studentN1_4_0_,
        secretcode0_.secretCode as secretCode5_0_,
        secretcode0_.i as i0_ 
    from
        Student_secretCodes secretcode0_ 
    where
        secretcode0_.studentNumber=?
14:18:53,207 DEBUG SQL:104 - 
    select
        secretcode0_.studentNumber as studentN1_4_0_,
        secretcode0_.secretCode as secretCode5_0_,
        secretcode0_.i as i0_ 
    from
        Student_secretCodes secretcode0_ 
    where
        secretcode0_.studentNumber=?
14:18:53,217 DEBUG BaseGeneralDataRegion:59 - Caching[foo.org.hibernate.cache.internal.StandardQueryCache] : [sql: select student0_.studentId as studentId4_0_, addresses1_.id as id0_1_, student0_.name_first as name2_4_0_, student0_.name_middle as name3_4_0_, student0_.name_last as name4_4_0_, student0_.preferredCourseCode as preferre5_4_0_, addresses1_.addressType as addressT2_0_1_, addresses1_.street as street0_1_, addresses1_.city as city0_1_, addresses1_.stateProvince as statePro5_0_1_, addresses1_.postalCode as postalCode0_1_, addresses1_.country as country0_1_, addresses1_.studentNumber as studentN8_0_1_ from Student student0_ left outer join Address addresses1_ on student0_.studentId=addresses1_.studentNumber order by student0_.studentId; parameters: ; named parameters: {}; transformer: org.hibernate.transform.CacheableResultTransformer@1406bf] -> [[5579090875256832, [Ljava.io.Serializable;@76530632, [Ljava.io.Serializable;@44bbf94e, [Ljava.io.Serializable;@10ec9323]]
14:18:53,218 DEBUG SQL:104 - 
    select
        student0_.studentId as studentId4_0_,
        addresses1_.id as id0_1_,
        student0_.name_first as name2_4_0_,
        student0_.name_middle as name3_4_0_,
        student0_.name_last as name4_4_0_,
        student0_.preferredCourseCode as preferre5_4_0_,
        addresses1_.addressType as addressT2_0_1_,
        addresses1_.street as street0_1_,
        addresses1_.city as city0_1_,
        addresses1_.stateProvince as statePro5_0_1_,
        addresses1_.postalCode as postalCode0_1_,
        addresses1_.country as country0_1_,
        addresses1_.studentNumber as studentN8_0_1_ 
    from
        Student student0_ 
    left outer join
        Address addresses1_ 
            on student0_.studentId=addresses1_.studentNumber 
    order by
        student0_.studentId
14:18:53,219 DEBUG SQL:104 - 
    select
        secretcode0_.studentNumber as studentN1_4_0_,
        secretcode0_.secretCode as secretCode5_0_,
        secretcode0_.i as i0_ 
    from
        Student_secretCodes secretcode0_ 
    where
        secretcode0_.studentNumber=?
14:18:53,219 DEBUG SQL:104 - 
    select
        secretcode0_.studentNumber as studentN1_4_0_,
        secretcode0_.secretCode as secretCode5_0_,
        secretcode0_.i as i0_ 
    from
        Student_secretCodes secretcode0_ 
    where
        secretcode0_.studentNumber=?
14:18:53,240 DEBUG BaseGeneralDataRegion:59 - Caching[foo.org.hibernate.cache.internal.StandardQueryCache] : [sql: select student0_.studentId as studentId4_0_, addresses1_.id as id0_1_, student0_.name_first as name2_4_0_, student0_.name_middle as name3_4_0_, student0_.name_last as name4_4_0_, student0_.preferredCourseCode as preferre5_4_0_, addresses1_.addressType as addressT2_0_1_, addresses1_.street as street0_1_, addresses1_.city as city0_1_, addresses1_.stateProvince as statePro5_0_1_, addresses1_.postalCode as postalCode0_1_, addresses1_.country as country0_1_, addresses1_.studentNumber as studentN8_0_1_ from Student student0_ left outer join Address addresses1_ on student0_.studentId=addresses1_.studentNumber order by student0_.studentId; parameters: ; named parameters: {}; transformer: org.hibernate.transform.CacheableResultTransformer@1406bf] -> [[5579090875351040, [Ljava.io.Serializable;@5cd4d1da, [Ljava.io.Serializable;@181d6ed3, [Ljava.io.Serializable;@365f2ccd]]
14:18:53,240 DEBUG SQL:104 - 
    select
        student_.studentId,
        student_.name_first as name2_4_,
        student_.name_middle as name3_4_,
        student_.name_last as name4_4_,
        student_.preferredCourseCode as preferre5_4_ 
    from
        Student student_ 
    where
        student_.studentId=?
14:18:53,241 DEBUG SQL:104 - 
    select
        enrolment_.studentId,
        enrolment_.courseCode,
        enrolment_.semester as semester3_,
        enrolment_."year" as year4_3_ 
    from
        Enrolment enrolment_ 
    where
        enrolment_.studentId=? 
        and enrolment_.courseCode=?
14:18:53,241 DEBUG SQL:104 - 
    select
        course_.courseCode,
        course_.description as descript2_1_ 
    from
        Course course_ 
    where
        course_.courseCode=?
14:18:53,251 DEBUG SQL:104 - 
    select
        student_.studentId,
        student_.name_first as name2_4_,
        student_.name_middle as name3_4_,
        student_.name_last as name4_4_,
        student_.preferredCourseCode as preferre5_4_ 
    from
        Student student_ 
    where
        student_.studentId=?
14:18:53,251 DEBUG SQL:104 - 
    select
        enrolment_.studentId,
        enrolment_.courseCode,
        enrolment_.semester as semester3_,
        enrolment_."year" as year4_3_ 
    from
        Enrolment enrolment_ 
    where
        enrolment_.studentId=? 
        and enrolment_.courseCode=?
14:18:53,251 DEBUG SQL:104 - 
    select
        coursemeet_.courseCode,
        coursemeet_.day,
        coursemeet_.period,
        coursemeet_.location 
    from
        CourseMeeting coursemeet_ 
    where
        coursemeet_.courseCode=? 
        and coursemeet_.day=? 
        and coursemeet_.period=? 
        and coursemeet_.location=?
14:18:53,262 DEBUG SQL:104 - 
    select
        coursemeet_.courseCode,
        coursemeet_.day,
        coursemeet_.period,
        coursemeet_.location 
    from
        CourseMeeting coursemeet_ 
    where
        coursemeet_.courseCode=? 
        and coursemeet_.day=? 
        and coursemeet_.period=? 
        and coursemeet_.location=?
14:18:53,263 DEBUG BaseGeneralDataRegion:59 - Caching[foo.org.hibernate.cache.spi.UpdateTimestampsCache] : [Enrolment] -> [5579091121205248]
14:18:53,263 DEBUG SQL:104 - 
    update
        Address 
    set
        studentNumber=null,
        addressType=null 
    where
        studentNumber=?
14:18:53,273 DEBUG BaseGeneralDataRegion:59 - Caching[foo.org.hibernate.cache.spi.UpdateTimestampsCache] : [Address] -> [5579091121246208]
14:18:53,273 DEBUG SQL:104 - 
    delete 
    from
        Student_secretCodes 
    where
        studentNumber=?
14:18:53,273 DEBUG BaseGeneralDataRegion:59 - Caching[foo.org.hibernate.cache.spi.UpdateTimestampsCache] : [Student_secretCodes] -> [5579091121246209]
14:18:53,274 DEBUG BaseGeneralDataRegion:59 - Caching[foo.org.hibernate.cache.spi.UpdateTimestampsCache] : [Enrolment] -> [5579091121250304]
14:18:53,274 DEBUG BaseGeneralDataRegion:59 - Caching[foo.org.hibernate.cache.spi.UpdateTimestampsCache] : [Address] -> [5579091121250305]
14:18:53,274 DEBUG SQL:104 - 
    delete 
    from
        Student_secretCodes 
    where
        studentNumber=?
14:18:53,274 DEBUG BaseGeneralDataRegion:59 - Caching[foo.org.hibernate.cache.spi.UpdateTimestampsCache] : [Student_secretCodes] -> [5579091121250306]
14:18:53,274 DEBUG BaseGeneralDataRegion:59 - Caching[foo.org.hibernate.cache.spi.UpdateTimestampsCache] : [CourseMeeting] -> [5579091121250307]
14:18:53,274 DEBUG SQL:104 - 
    delete 
    from
        Enrolment 
    where
        studentId=? 
        and courseCode=?
14:18:53,274 DEBUG BaseGeneralDataRegion:59 - Caching[foo.org.hibernate.cache.spi.UpdateTimestampsCache] : [Enrolment] -> [5579091121250308]
14:18:53,274 DEBUG SQL:104 - 
    delete 
    from
        Address 
    where
        id=?
14:18:53,283 DEBUG BaseGeneralDataRegion:59 - Caching[foo.org.hibernate.cache.spi.UpdateTimestampsCache] : [Address] -> [5579091121287168]
14:18:53,284 DEBUG SQL:104 - 
    delete 
    from
        Address 
    where
        id=?
14:18:53,284 DEBUG BaseGeneralDataRegion:59 - Caching[foo.org.hibernate.cache.spi.UpdateTimestampsCache] : [Address] -> [5579091121291264]
14:18:53,284 DEBUG SQL:104 - 
    delete 
    from
        Student 
    where
        studentId=?
14:18:53,284 DEBUG BaseGeneralDataRegion:59 - Caching[foo.org.hibernate.cache.spi.UpdateTimestampsCache] : [Student] -> [5579091121291265]
14:18:53,284 DEBUG SQL:104 - 
    delete 
    from
        Enrolment 
    where
        studentId=? 
        and courseCode=?
14:18:53,285 DEBUG BaseGeneralDataRegion:59 - Caching[foo.org.hibernate.cache.spi.UpdateTimestampsCache] : [Enrolment] -> [5579091121295360]
14:18:53,285 DEBUG SQL:104 - 
    delete 
    from
        Student 
    where
        studentId=?
14:18:53,294 DEBUG BaseGeneralDataRegion:59 - Caching[foo.org.hibernate.cache.spi.UpdateTimestampsCache] : [Student] -> [5579091121332224]
14:18:53,295 DEBUG SQL:104 - 
    delete 
    from
        CourseMeeting 
    where
        courseCode=? 
        and day=? 
        and period=? 
        and location=?
14:18:53,295 DEBUG BaseGeneralDataRegion:59 - Caching[foo.org.hibernate.cache.spi.UpdateTimestampsCache] : [CourseMeeting] -> [5579091121336320]
14:18:53,295 DEBUG SQL:104 - 
    delete 
    from
        CourseMeeting 
    where
        courseCode=? 
        and day=? 
        and period=? 
        and location=?
14:18:53,295 DEBUG BaseGeneralDataRegion:59 - Caching[foo.org.hibernate.cache.spi.UpdateTimestampsCache] : [CourseMeeting] -> [5579091121336321]
14:18:53,295 DEBUG SQL:104 - 
    delete 
    from
        Course 
    where
        courseCode=?
14:18:53,295 DEBUG BaseGeneralDataRegion:59 - Caching[foo.org.hibernate.cache.spi.UpdateTimestampsCache] : [Course] -> [5579091121336322]
14:18:53,305 DEBUG BaseGeneralDataRegion:59 - Caching[foo.org.hibernate.cache.spi.UpdateTimestampsCache] : [Student] -> [5579090875617280]
14:18:53,305 DEBUG BaseGeneralDataRegion:59 - Caching[foo.org.hibernate.cache.spi.UpdateTimestampsCache] : [Course] -> [5579090875617280]
14:18:53,305 DEBUG BaseGeneralDataRegion:59 - Caching[foo.org.hibernate.cache.spi.UpdateTimestampsCache] : [Enrolment] -> [5579090875617280]
14:18:53,305 DEBUG BaseGeneralDataRegion:59 - Caching[foo.org.hibernate.cache.spi.UpdateTimestampsCache] : [Student_secretCodes] -> [5579090875617280]
14:18:53,305 DEBUG BaseGeneralDataRegion:59 - Caching[foo.org.hibernate.cache.spi.UpdateTimestampsCache] : [Address] -> [5579090875617280]
14:18:53,305 DEBUG BaseGeneralDataRegion:59 - Caching[foo.org.hibernate.cache.spi.UpdateTimestampsCache] : [CourseMeeting] -> [5579090875617280]
14:18:53,306  INFO CustomRunner:139 - Test: testEntityWithJoinedLazyOneToManySingleElementListCriteria
14:18:53,307 DEBUG SQL:104 - 
    select
        coursemeet_.courseCode,
        coursemeet_.day,
        coursemeet_.period,
        coursemeet_.location 
    from
        CourseMeeting coursemeet_ 
    where
        coursemeet_.courseCode=? 
        and coursemeet_.day=? 
        and coursemeet_.period=? 
        and coursemeet_.location=?
14:18:53,307 DEBUG SQL:104 - 
    select
        coursemeet_.courseCode,
        coursemeet_.day,
        coursemeet_.period,
        coursemeet_.location 
    from
        CourseMeeting coursemeet_ 
    where
        coursemeet_.courseCode=? 
        and coursemeet_.day=? 
        and coursemeet_.period=? 
        and coursemeet_.location=?
14:18:53,316 DEBUG SQL:104 - 
    insert 
    into
        Course
        (description, courseCode) 
    values
        (?, ?)
14:18:53,316 DEBUG BaseGeneralDataRegion:59 - Caching[foo.org.hibernate.cache.spi.UpdateTimestampsCache] : [Course] -> [5579091121422336]
14:18:53,316 DEBUG SQL:104 - 
    insert 
    into
        CourseMeeting
        (courseCode, day, period, location) 
    values
        (?, ?, ?, ?)
14:18:53,316 DEBUG BaseGeneralDataRegion:59 - Caching[foo.org.hibernate.cache.spi.UpdateTimestampsCache] : [CourseMeeting] -> [5579091121422337]
14:18:53,316 DEBUG SQL:104 - 
    insert 
    into
        CourseMeeting
        (courseCode, day, period, location) 
    values
        (?, ?, ?, ?)
14:18:53,317 DEBUG BaseGeneralDataRegion:59 - Caching[foo.org.hibernate.cache.spi.UpdateTimestampsCache] : [CourseMeeting] -> [5579091121426432]
14:18:53,317 DEBUG SQL:104 - 
    insert 
    into
        Student
        (name_first, name_middle, name_last, preferredCourseCode, studentId) 
    values
        (?, ?, ?, ?, ?)
14:18:53,317 DEBUG BaseGeneralDataRegion:59 - Caching[foo.org.hibernate.cache.spi.UpdateTimestampsCache] : [Student] -> [5579091121426433]
14:18:53,317 DEBUG SQL:104 - 
    insert 
    into
        Address
        (addressType, street, city, stateProvince, postalCode, country, studentNumber, id) 
    values
        (?, ?, ?, ?, ?, ?, ?, ?)
14:18:53,317 DEBUG BaseGeneralDataRegion:59 - Caching[foo.org.hibernate.cache.spi.UpdateTimestampsCache] : [Address] -> [5579091121426434]
14:18:53,317 DEBUG SQL:104 - 
    insert 
    into
        Address
        (addressType, street, city, stateProvince, postalCode, country, studentNumber, id) 
    values
        (?, ?, ?, ?, ?, ?, ?, ?)
14:18:53,317 DEBUG BaseGeneralDataRegion:59 - Caching[foo.org.hibernate.cache.spi.UpdateTimestampsCache] : [Address] -> [5579091121426435]
14:18:53,318 DEBUG SQL:104 - 
    insert 
    into
        Student
        (name_first, name_middle, name_last, preferredCourseCode, studentId) 
    values
        (?, ?, ?, ?, ?)
14:18:53,331 DEBUG BaseGeneralDataRegion:59 - Caching[foo.org.hibernate.cache.spi.UpdateTimestampsCache] : [Student] -> [5579091121483776]
14:18:53,331 DEBUG SQL:104 - 
    insert 
    into
        Enrolment
        (semester, "year", studentId, courseCode) 
    values
        (?, ?, ?, ?)
14:18:53,331 DEBUG BaseGeneralDataRegion:59 - Caching[foo.org.hibernate.cache.spi.UpdateTimestampsCache] : [Enrolment] -> [5579091121483777]
14:18:53,331 DEBUG SQL:104 - 
    insert 
    into
        Enrolment
        (semester, "year", studentId, courseCode) 
    values
        (?, ?, ?, ?)
14:18:53,331 DEBUG BaseGeneralDataRegion:59 - Caching[foo.org.hibernate.cache.spi.UpdateTimestampsCache] : [Enrolment] -> [5579091121483778]
14:18:53,332 DEBUG BaseGeneralDataRegion:59 - Caching[foo.org.hibernate.cache.spi.UpdateTimestampsCache] : [CourseMeeting] -> [5579091121487872]
14:18:53,332 DEBUG BaseGeneralDataRegion:59 - Caching[foo.org.hibernate.cache.spi.UpdateTimestampsCache] : [Enrolment] -> [5579091121487873]
14:18:53,332 DEBUG SQL:104 - 
    update
        Address 
    set
        studentNumber=?,
        addressType=? 
    where
        id=?
14:18:53,341 DEBUG SQL:104 - 
    update
        Address 
    set
        studentNumber=?,
        addressType=? 
    where
        id=?
14:18:53,341 DEBUG BaseGeneralDataRegion:59 - Caching[foo.org.hibernate.cache.spi.UpdateTimestampsCache] : [Address] -> [5579091121524736]
14:18:53,341 DEBUG SQL:104 - 
    insert 
    into
        Student_secretCodes
        (studentNumber, i, secretCode) 
    values
        (?, ?, ?)
14:18:53,341 DEBUG BaseGeneralDataRegion:59 - Caching[foo.org.hibernate.cache.spi.UpdateTimestampsCache] : [Student_secretCodes] -> [5579091121524737]
14:18:53,341 DEBUG BaseGeneralDataRegion:59 - Caching[foo.org.hibernate.cache.spi.UpdateTimestampsCache] : [Enrolment] -> [5579091121524738]
14:18:53,342 DEBUG BaseGeneralDataRegion:59 - Caching[foo.org.hibernate.cache.spi.UpdateTimestampsCache] : [Address] -> [5579091121528832]
14:18:53,342 DEBUG SQL:104 - 
    insert 
    into
        Student_secretCodes
        (studentNumber, i, secretCode) 
    values
        (?, ?, ?)
14:18:53,342 DEBUG SQL:104 - 
    insert 
    into
        Student_secretCodes
        (studentNumber, i, secretCode) 
    values
        (?, ?, ?)
14:18:53,342 DEBUG BaseGeneralDataRegion:59 - Caching[foo.org.hibernate.cache.spi.UpdateTimestampsCache] : [Student_secretCodes] -> [5579091121528833]
14:18:53,342 DEBUG BaseGeneralDataRegion:59 - Caching[foo.org.hibernate.cache.spi.UpdateTimestampsCache] : [Student] -> [5579090875768834]
14:18:53,342 DEBUG BaseGeneralDataRegion:59 - Caching[foo.org.hibernate.cache.spi.UpdateTimestampsCache] : [Course] -> [5579090875768834]
14:18:53,342 DEBUG BaseGeneralDataRegion:59 - Caching[foo.org.hibernate.cache.spi.UpdateTimestampsCache] : [Enrolment] -> [5579090875768834]
14:18:53,342 DEBUG BaseGeneralDataRegion:59 - Caching[foo.org.hibernate.cache.spi.UpdateTimestampsCache] : [Student_secretCodes] -> [5579090875768834]
14:18:53,342 DEBUG BaseGeneralDataRegion:59 - Caching[foo.org.hibernate.cache.spi.UpdateTimestampsCache] : [Address] -> [5579090875768834]
14:18:53,343 DEBUG BaseGeneralDataRegion:59 - Caching[foo.org.hibernate.cache.spi.UpdateTimestampsCache] : [CourseMeeting] -> [5579090875768834]
14:18:53,343 DEBUG SQL:104 - 
    select
        student_.studentId,
        student_.name_first as name2_4_,
        student_.name_middle as name3_4_,
        student_.name_last as name4_4_,
        student_.preferredCourseCode as preferre5_4_ 
    from
        Student student_ 
    where
        student_.studentId=?
14:18:53,363 DEBUG SQL:104 - 
    select
        enrolment_.studentId,
        enrolment_.courseCode,
        enrolment_.semester as semester3_,
        enrolment_."year" as year4_3_ 
    from
        Enrolment enrolment_ 
    where
        enrolment_.studentId=? 
        and enrolment_.courseCode=?
14:18:53,364 DEBUG SQL:104 - 
    select
        course_.courseCode,
        course_.description as descript2_1_ 
    from
        Course course_ 
    where
        course_.courseCode=?
14:18:53,364 DEBUG SQL:104 - 
    select
        student_.studentId,
        student_.name_first as name2_4_,
        student_.name_middle as name3_4_,
        student_.name_last as name4_4_,
        student_.preferredCourseCode as preferre5_4_ 
    from
        Student student_ 
    where
        student_.studentId=?
14:18:53,371 DEBUG SQL:104 - 
    select
        enrolment_.studentId,
        enrolment_.courseCode,
        enrolment_.semester as semester3_,
        enrolment_."year" as year4_3_ 
    from
        Enrolment enrolment_ 
    where
        enrolment_.studentId=? 
        and enrolment_.courseCode=?
14:18:53,371 DEBUG SQL:104 - 
    select
        coursemeet_.courseCode,
        coursemeet_.day,
        coursemeet_.period,
        coursemeet_.location 
    from
        CourseMeeting coursemeet_ 
    where
        coursemeet_.courseCode=? 
        and coursemeet_.day=? 
        and coursemeet_.period=? 
        and coursemeet_.location=?
14:18:53,381 DEBUG SQL:104 - 
    select
        coursemeet_.courseCode,
        coursemeet_.day,
        coursemeet_.period,
        coursemeet_.location 
    from
        CourseMeeting coursemeet_ 
    where
        coursemeet_.courseCode=? 
        and coursemeet_.day=? 
        and coursemeet_.period=? 
        and coursemeet_.location=?
14:18:53,381 DEBUG BaseGeneralDataRegion:59 - Caching[foo.org.hibernate.cache.spi.UpdateTimestampsCache] : [Enrolment] -> [5579091121688576]
14:18:53,382 DEBUG SQL:104 - 
    update
        Address 
    set
        studentNumber=null,
        addressType=null 
    where
        studentNumber=?
14:18:53,382 DEBUG BaseGeneralDataRegion:59 - Caching[foo.org.hibernate.cache.spi.UpdateTimestampsCache] : [Address] -> [5579091121692672]
14:18:53,382 DEBUG SQL:104 - 
    delete 
    from
        Student_secretCodes 
    where
        studentNumber=?
14:18:53,391 DEBUG BaseGeneralDataRegion:59 - Caching[foo.org.hibernate.cache.spi.UpdateTimestampsCache] : [Student_secretCodes] -> [5579091121729536]
14:18:53,391 DEBUG BaseGeneralDataRegion:59 - Caching[foo.org.hibernate.cache.spi.UpdateTimestampsCache] : [Enrolment] -> [5579091121729537]
14:18:53,391 DEBUG BaseGeneralDataRegion:59 - Caching[foo.org.hibernate.cache.spi.UpdateTimestampsCache] : [Address] -> [5579091121729538]
14:18:53,391 DEBUG SQL:104 - 
    delete 
    from
        Student_secretCodes 
    where
        studentNumber=?
14:18:53,391 DEBUG BaseGeneralDataRegion:59 - Caching[foo.org.hibernate.cache.spi.UpdateTimestampsCache] : [Student_secretCodes] -> [5579091121729539]
14:18:53,392 DEBUG BaseGeneralDataRegion:59 - Caching[foo.org.hibernate.cache.spi.UpdateTimestampsCache] : [CourseMeeting] -> [5579091121733632]
14:18:53,392 DEBUG SQL:104 - 
    delete 
    from
        Enrolment 
    where
        studentId=? 
        and courseCode=?
14:18:53,392 DEBUG BaseGeneralDataRegion:59 - Caching[foo.org.hibernate.cache.spi.UpdateTimestampsCache] : [Enrolment] -> [5579091121733633]
14:18:53,392 DEBUG SQL:104 - 
    delete 
    from
        Address 
    where
        id=?
14:18:53,392 DEBUG BaseGeneralDataRegion:59 - Caching[foo.org.hibernate.cache.spi.UpdateTimestampsCache] : [Address] -> [5579091121733634]
14:18:53,392 DEBUG SQL:104 - 
    delete 
    from
        Address 
    where
        id=?
14:18:53,402 DEBUG BaseGeneralDataRegion:59 - Caching[foo.org.hibernate.cache.spi.UpdateTimestampsCache] : [Address] -> [5579091121774592]
14:18:53,402 DEBUG SQL:104 - 
    delete 
    from
        Student 
    where
        studentId=?
14:18:53,402 DEBUG BaseGeneralDataRegion:59 - Caching[foo.org.hibernate.cache.spi.UpdateTimestampsCache] : [Student] -> [5579091121774593]
14:18:53,403 DEBUG SQL:104 - 
    delete 
    from
        Enrolment 
    where
        studentId=? 
        and courseCode=?
14:18:53,403 DEBUG BaseGeneralDataRegion:59 - Caching[foo.org.hibernate.cache.spi.UpdateTimestampsCache] : [Enrolment] -> [5579091121778688]
14:18:53,403 DEBUG SQL:104 - 
    delete 
    from
        Student 
    where
        studentId=?
14:18:53,403 DEBUG BaseGeneralDataRegion:59 - Caching[foo.org.hibernate.cache.spi.UpdateTimestampsCache] : [Student] -> [5579091121778689]
14:18:53,403 DEBUG SQL:104 - 
    delete 
    from
        CourseMeeting 
    where
        courseCode=? 
        and day=? 
        and period=? 
        and location=?
14:18:53,412 DEBUG BaseGeneralDataRegion:59 - Caching[foo.org.hibernate.cache.spi.UpdateTimestampsCache] : [CourseMeeting] -> [5579091121815552]
14:18:53,413 DEBUG SQL:104 - 
    delete 
    from
        CourseMeeting 
    where
        courseCode=? 
        and day=? 
        and period=? 
        and location=?
14:18:53,413 DEBUG BaseGeneralDataRegion:59 - Caching[foo.org.hibernate.cache.spi.UpdateTimestampsCache] : [CourseMeeting] -> [5579091121819648]
14:18:53,413 DEBUG SQL:104 - 
    delete 
    from
        Course 
    where
        courseCode=?
14:18:53,413 DEBUG BaseGeneralDataRegion:59 - Caching[foo.org.hibernate.cache.spi.UpdateTimestampsCache] : [Course] -> [5579091121819649]
14:18:53,413 DEBUG BaseGeneralDataRegion:59 - Caching[foo.org.hibernate.cache.spi.UpdateTimestampsCache] : [Student] -> [5579090876059650]
14:18:53,413 DEBUG BaseGeneralDataRegion:59 - Caching[foo.org.hibernate.cache.spi.UpdateTimestampsCache] : [Course] -> [5579090876059650]
14:18:53,413 DEBUG BaseGeneralDataRegion:59 - Caching[foo.org.hibernate.cache.spi.UpdateTimestampsCache] : [Enrolment] -> [5579090876059650]
14:18:53,414 DEBUG BaseGeneralDataRegion:59 - Caching[foo.org.hibernate.cache.spi.UpdateTimestampsCache] : [Student_secretCodes] -> [5579090876059650]
14:18:53,414 DEBUG BaseGeneralDataRegion:59 - Caching[foo.org.hibernate.cache.spi.UpdateTimestampsCache] : [Address] -> [5579090876059650]
14:18:53,422 DEBUG BaseGeneralDataRegion:59 - Caching[foo.org.hibernate.cache.spi.UpdateTimestampsCache] : [CourseMeeting] -> [5579090876059650]
14:18:53,422 DEBUG SQL:104 - 
    select
        coursemeet_.courseCode,
        coursemeet_.day,
        coursemeet_.period,
        coursemeet_.location 
    from
        CourseMeeting coursemeet_ 
    where
        coursemeet_.courseCode=? 
        and coursemeet_.day=? 
        and coursemeet_.period=? 
        and coursemeet_.location=?
14:18:53,423 DEBUG SQL:104 - 
    select
        coursemeet_.courseCode,
        coursemeet_.day,
        coursemeet_.period,
        coursemeet_.location 
    from
        CourseMeeting coursemeet_ 
    where
        coursemeet_.courseCode=? 
        and coursemeet_.day=? 
        and coursemeet_.period=? 
        and coursemeet_.location=?
14:18:53,424 DEBUG SQL:104 - 
    insert 
    into
        Course
        (description, courseCode) 
    values
        (?, ?)
14:18:53,432 DEBUG BaseGeneralDataRegion:59 - Caching[foo.org.hibernate.cache.spi.UpdateTimestampsCache] : [Course] -> [5579091121897472]
14:18:53,433 DEBUG SQL:104 - 
    insert 
    into
        CourseMeeting
        (courseCode, day, period, location) 
    values
        (?, ?, ?, ?)
14:18:53,433 DEBUG BaseGeneralDataRegion:59 - Caching[foo.org.hibernate.cache.spi.UpdateTimestampsCache] : [CourseMeeting] -> [5579091121901568]
14:18:53,433 DEBUG SQL:104 - 
    insert 
    into
        CourseMeeting
        (courseCode, day, period, location) 
    values
        (?, ?, ?, ?)
14:18:53,433 DEBUG BaseGeneralDataRegion:59 - Caching[foo.org.hibernate.cache.spi.UpdateTimestampsCache] : [CourseMeeting] -> [5579091121901569]
14:18:53,433 DEBUG SQL:104 - 
    insert 
    into
        Student
        (name_first, name_middle, name_last, preferredCourseCode, studentId) 
    values
        (?, ?, ?, ?, ?)
14:18:53,434 DEBUG BaseGeneralDataRegion:59 - Caching[foo.org.hibernate.cache.spi.UpdateTimestampsCache] : [Student] -> [5579091121901570]
14:18:53,434 DEBUG SQL:104 - 
    insert 
    into
        Address
        (addressType, street, city, stateProvince, postalCode, country, studentNumber, id) 
    values
        (?, ?, ?, ?, ?, ?, ?, ?)
14:18:53,445 DEBUG BaseGeneralDataRegion:59 - Caching[foo.org.hibernate.cache.spi.UpdateTimestampsCache] : [Address] -> [5579091121950720]
14:18:53,445 DEBUG SQL:104 - 
    insert 
    into
        Address
        (addressType, street, city, stateProvince, postalCode, country, studentNumber, id) 
    values
        (?, ?, ?, ?, ?, ?, ?, ?)
14:18:53,445 DEBUG BaseGeneralDataRegion:59 - Caching[foo.org.hibernate.cache.spi.UpdateTimestampsCache] : [Address] -> [5579091121950721]
14:18:53,445 DEBUG SQL:104 - 
    insert 
    into
        Student
        (name_first, name_middle, name_last, preferredCourseCode, studentId) 
    values
        (?, ?, ?, ?, ?)
14:18:53,445 DEBUG BaseGeneralDataRegion:59 - Caching[foo.org.hibernate.cache.spi.UpdateTimestampsCache] : [Student] -> [5579091121950722]
14:18:53,446 DEBUG SQL:104 - 
    insert 
    into
        Enrolment
        (semester, "year", studentId, courseCode) 
    values
        (?, ?, ?, ?)
14:18:53,446 DEBUG BaseGeneralDataRegion:59 - Caching[foo.org.hibernate.cache.spi.UpdateTimestampsCache] : [Enrolment] -> [5579091121954816]
14:18:53,446 DEBUG SQL:104 - 
    insert 
    into
        Enrolment
        (semester, "year", studentId, courseCode) 
    values
        (?, ?, ?, ?)
14:18:53,446 DEBUG BaseGeneralDataRegion:59 - Caching[foo.org.hibernate.cache.spi.UpdateTimestampsCache] : [Enrolment] -> [5579091121954817]
14:18:53,446 DEBUG BaseGeneralDataRegion:59 - Caching[foo.org.hibernate.cache.spi.UpdateTimestampsCache] : [CourseMeeting] -> [5579091121954818]
14:18:53,446 DEBUG BaseGeneralDataRegion:59 - Caching[foo.org.hibernate.cache.spi.UpdateTimestampsCache] : [Enrolment] -> [5579091121954819]
14:18:53,446 DEBUG SQL:104 - 
    update
        Address 
    set
        studentNumber=?,
        addressType=? 
    where
        id=?
14:18:53,447 DEBUG SQL:104 - 
    update
        Address 
    set
        studentNumber=?,
        addressType=? 
    where
        id=?
14:18:53,447 DEBUG BaseGeneralDataRegion:59 - Caching[foo.org.hibernate.cache.spi.UpdateTimestampsCache] : [Address] -> [5579091121958912]
14:18:53,447 DEBUG SQL:104 - 
    insert 
    into
        Student_secretCodes
        (studentNumber, i, secretCode) 
    values
        (?, ?, ?)
14:18:53,465 DEBUG BaseGeneralDataRegion:59 - Caching[foo.org.hibernate.cache.spi.UpdateTimestampsCache] : [Student_secretCodes] -> [5579091122032640]
14:18:53,465 DEBUG BaseGeneralDataRegion:59 - Caching[foo.org.hibernate.cache.spi.UpdateTimestampsCache] : [Enrolment] -> [5579091122032641]
14:18:53,465 DEBUG BaseGeneralDataRegion:59 - Caching[foo.org.hibernate.cache.spi.UpdateTimestampsCache] : [Address] -> [5579091122032642]
14:18:53,465 DEBUG SQL:104 - 
    insert 
    into
        Student_secretCodes
        (studentNumber, i, secretCode) 
    values
        (?, ?, ?)
14:18:53,466 DEBUG SQL:104 - 
    insert 
    into
        Student_secretCodes
        (studentNumber, i, secretCode) 
    values
        (?, ?, ?)
14:18:53,466 DEBUG BaseGeneralDataRegion:59 - Caching[foo.org.hibernate.cache.spi.UpdateTimestampsCache] : [Student_secretCodes] -> [5579091122036736]
14:18:53,466 DEBUG BaseGeneralDataRegion:59 - Caching[foo.org.hibernate.cache.spi.UpdateTimestampsCache] : [Student] -> [5579090876276737]
14:18:53,466 DEBUG BaseGeneralDataRegion:59 - Caching[foo.org.hibernate.cache.spi.UpdateTimestampsCache] : [Course] -> [5579090876276737]
14:18:53,466 DEBUG BaseGeneralDataRegion:59 - Caching[foo.org.hibernate.cache.spi.UpdateTimestampsCache] : [Enrolment] -> [5579090876276737]
14:18:53,466 DEBUG BaseGeneralDataRegion:59 - Caching[foo.org.hibernate.cache.spi.UpdateTimestampsCache] : [Student_secretCodes] -> [5579090876276737]
14:18:53,466 DEBUG BaseGeneralDataRegion:59 - Caching[foo.org.hibernate.cache.spi.UpdateTimestampsCache] : [Address] -> [5579090876276737]
14:18:53,466 DEBUG BaseGeneralDataRegion:59 - Caching[foo.org.hibernate.cache.spi.UpdateTimestampsCache] : [CourseMeeting] -> [5579090876276737]
14:18:53,467 DEBUG SQL:104 - 
    select
        student_.studentId,
        student_.name_first as name2_4_,
        student_.name_middle as name3_4_,
        student_.name_last as name4_4_,
        student_.preferredCourseCode as preferre5_4_ 
    from
        Student student_ 
    where
        student_.studentId=?
14:18:53,475 DEBUG SQL:104 - 
    select
        enrolment_.studentId,
        enrolment_.courseCode,
        enrolment_.semester as semester3_,
        enrolment_."year" as year4_3_ 
    from
        Enrolment enrolment_ 
    where
        enrolment_.studentId=? 
        and enrolment_.courseCode=?
14:18:53,476 DEBUG SQL:104 - 
    select
        course_.courseCode,
        course_.description as descript2_1_ 
    from
        Course course_ 
    where
        course_.courseCode=?
14:18:53,476 DEBUG SQL:104 - 
    select
        student_.studentId,
        student_.name_first as name2_4_,
        student_.name_middle as name3_4_,
        student_.name_last as name4_4_,
        student_.preferredCourseCode as preferre5_4_ 
    from
        Student student_ 
    where
        student_.studentId=?
14:18:53,476 DEBUG SQL:104 - 
    select
        enrolment_.studentId,
        enrolment_.courseCode,
        enrolment_.semester as semester3_,
        enrolment_."year" as year4_3_ 
    from
        Enrolment enrolment_ 
    where
        enrolment_.studentId=? 
        and enrolment_.courseCode=?
14:18:53,498 DEBUG SQL:104 - 
    select
        coursemeet_.courseCode,
        coursemeet_.day,
        coursemeet_.period,
        coursemeet_.location 
    from
        CourseMeeting coursemeet_ 
    where
        coursemeet_.courseCode=? 
        and coursemeet_.day=? 
        and coursemeet_.period=? 
        and coursemeet_.location=?
14:18:53,498 DEBUG SQL:104 - 
    select
        coursemeet_.courseCode,
        coursemeet_.day,
        coursemeet_.period,
        coursemeet_.location 
    from
        CourseMeeting coursemeet_ 
    where
        coursemeet_.courseCode=? 
        and coursemeet_.day=? 
        and coursemeet_.period=? 
        and coursemeet_.location=?
14:18:53,499 DEBUG BaseGeneralDataRegion:59 - Caching[foo.org.hibernate.cache.spi.UpdateTimestampsCache] : [Enrolment] -> [5579091122171904]
14:18:53,499 DEBUG SQL:104 - 
    update
        Address 
    set
        studentNumber=null,
        addressType=null 
    where
        studentNumber=?
14:18:53,499 DEBUG BaseGeneralDataRegion:59 - Caching[foo.org.hibernate.cache.spi.UpdateTimestampsCache] : [Address] -> [5579091122171905]
14:18:53,499 DEBUG SQL:104 - 
    delete 
    from
        Student_secretCodes 
    where
        studentNumber=?
14:18:53,499 DEBUG BaseGeneralDataRegion:59 - Caching[foo.org.hibernate.cache.spi.UpdateTimestampsCache] : [Student_secretCodes] -> [5579091122171906]
14:18:53,500 DEBUG BaseGeneralDataRegion:59 - Caching[foo.org.hibernate.cache.spi.UpdateTimestampsCache] : [Enrolment] -> [5579091122176000]
14:18:53,500 DEBUG BaseGeneralDataRegion:59 - Caching[foo.org.hibernate.cache.spi.UpdateTimestampsCache] : [Address] -> [5579091122176001]
14:18:53,500 DEBUG SQL:104 - 
    delete 
    from
        Student_secretCodes 
    where
        studentNumber=?
14:18:53,500 DEBUG BaseGeneralDataRegion:59 - Caching[foo.org.hibernate.cache.spi.UpdateTimestampsCache] : [Student_secretCodes] -> [5579091122176002]
14:18:53,500 DEBUG BaseGeneralDataRegion:59 - Caching[foo.org.hibernate.cache.spi.UpdateTimestampsCache] : [CourseMeeting] -> [5579091122176003]
14:18:53,500 DEBUG SQL:104 - 
    delete 
    from
        Enrolment 
    where
        studentId=? 
        and courseCode=?
14:18:53,500 DEBUG BaseGeneralDataRegion:59 - Caching[foo.org.hibernate.cache.spi.UpdateTimestampsCache] : [Enrolment] -> [5579091122176004]
14:18:53,500 DEBUG SQL:104 - 
    delete 
    from
        Address 
    where
        id=?
14:18:53,519 DEBUG BaseGeneralDataRegion:59 - Caching[foo.org.hibernate.cache.spi.UpdateTimestampsCache] : [Address] -> [5579091122253824]
14:18:53,519 DEBUG SQL:104 - 
    delete 
    from
        Address 
    where
        id=?
14:18:53,519 DEBUG BaseGeneralDataRegion:59 - Caching[foo.org.hibernate.cache.spi.UpdateTimestampsCache] : [Address] -> [5579091122253825]
14:18:53,519 DEBUG SQL:104 - 
    delete 
    from
        Student 
    where
        studentId=?
14:18:53,520 DEBUG BaseGeneralDataRegion:59 - Caching[foo.org.hibernate.cache.spi.UpdateTimestampsCache] : [Student] -> [5579091122257920]
14:18:53,520 DEBUG SQL:104 - 
    delete 
    from
        Enrolment 
    where
        studentId=? 
        and courseCode=?
14:18:53,520 DEBUG BaseGeneralDataRegion:59 - Caching[foo.org.hibernate.cache.spi.UpdateTimestampsCache] : [Enrolment] -> [5579091122257921]
14:18:53,520 DEBUG SQL:104 - 
    delete 
    from
        Student 
    where
        studentId=?
14:18:53,527 DEBUG BaseGeneralDataRegion:59 - Caching[foo.org.hibernate.cache.spi.UpdateTimestampsCache] : [Student] -> [5579091122286592]
14:18:53,527 DEBUG SQL:104 - 
    delete 
    from
        CourseMeeting 
    where
        courseCode=? 
        and day=? 
        and period=? 
        and location=?
14:18:53,528 DEBUG BaseGeneralDataRegion:59 - Caching[foo.org.hibernate.cache.spi.UpdateTimestampsCache] : [CourseMeeting] -> [5579091122290688]
14:18:53,528 DEBUG SQL:104 - 
    delete 
    from
        CourseMeeting 
    where
        courseCode=? 
        and day=? 
        and period=? 
        and location=?
14:18:53,528 DEBUG BaseGeneralDataRegion:59 - Caching[foo.org.hibernate.cache.spi.UpdateTimestampsCache] : [CourseMeeting] -> [5579091122290689]
14:18:53,528 DEBUG SQL:104 - 
    delete 
    from
        Course 
    where
        courseCode=?
14:18:53,538 DEBUG BaseGeneralDataRegion:59 - Caching[foo.org.hibernate.cache.spi.UpdateTimestampsCache] : [Course] -> [5579091122331648]
14:18:53,538 DEBUG BaseGeneralDataRegion:59 - Caching[foo.org.hibernate.cache.spi.UpdateTimestampsCache] : [Student] -> [5579090876571649]
14:18:53,539 DEBUG BaseGeneralDataRegion:59 - Caching[foo.org.hibernate.cache.spi.UpdateTimestampsCache] : [Course] -> [5579090876571649]
14:18:53,539 DEBUG BaseGeneralDataRegion:59 - Caching[foo.org.hibernate.cache.spi.UpdateTimestampsCache] : [Enrolment] -> [5579090876571649]
14:18:53,539 DEBUG BaseGeneralDataRegion:59 - Caching[foo.org.hibernate.cache.spi.UpdateTimestampsCache] : [Student_secretCodes] -> [5579090876571649]
14:18:53,539 DEBUG BaseGeneralDataRegion:59 - Caching[foo.org.hibernate.cache.spi.UpdateTimestampsCache] : [Address] -> [5579090876571649]
14:18:53,539 DEBUG BaseGeneralDataRegion:59 - Caching[foo.org.hibernate.cache.spi.UpdateTimestampsCache] : [CourseMeeting] -> [5579090876571649]
14:18:53,540 DEBUG SQL:104 - 
    select
        coursemeet_.courseCode,
        coursemeet_.day,
        coursemeet_.period,
        coursemeet_.location 
    from
        CourseMeeting coursemeet_ 
    where
        coursemeet_.courseCode=? 
        and coursemeet_.day=? 
        and coursemeet_.period=? 
        and coursemeet_.location=?
14:18:53,540 DEBUG SQL:104 - 
    select
        coursemeet_.courseCode,
        coursemeet_.day,
        coursemeet_.period,
        coursemeet_.location 
    from
        CourseMeeting coursemeet_ 
    where
        coursemeet_.courseCode=? 
        and coursemeet_.day=? 
        and coursemeet_.period=? 
        and coursemeet_.location=?
14:18:53,551 DEBUG SQL:104 - 
    insert 
    into
        Course
        (description, courseCode) 
    values
        (?, ?)
14:18:53,551 DEBUG BaseGeneralDataRegion:59 - Caching[foo.org.hibernate.cache.spi.UpdateTimestampsCache] : [Course] -> [5579091122384896]
14:18:53,551 DEBUG SQL:104 - 
    insert 
    into
        CourseMeeting
        (courseCode, day, period, location) 
    values
        (?, ?, ?, ?)
14:18:53,551 DEBUG BaseGeneralDataRegion:59 - Caching[foo.org.hibernate.cache.spi.UpdateTimestampsCache] : [CourseMeeting] -> [5579091122384897]
14:18:53,552 DEBUG SQL:104 - 
    insert 
    into
        CourseMeeting
        (courseCode, day, period, location) 
    values
        (?, ?, ?, ?)
14:18:53,552 DEBUG BaseGeneralDataRegion:59 - Caching[foo.org.hibernate.cache.spi.UpdateTimestampsCache] : [CourseMeeting] -> [5579091122388992]
14:18:53,552 DEBUG SQL:104 - 
    insert 
    into
        Student
        (name_first, name_middle, name_last, preferredCourseCode, studentId) 
    values
        (?, ?, ?, ?, ?)
14:18:53,563 DEBUG BaseGeneralDataRegion:59 - Caching[foo.org.hibernate.cache.spi.UpdateTimestampsCache] : [Student] -> [5579091122434048]
14:18:53,563 DEBUG SQL:104 - 
    insert 
    into
        Address
        (addressType, street, city, stateProvince, postalCode, country, studentNumber, id) 
    values
        (?, ?, ?, ?, ?, ?, ?, ?)
14:18:53,564 DEBUG BaseGeneralDataRegion:59 - Caching[foo.org.hibernate.cache.spi.UpdateTimestampsCache] : [Address] -> [5579091122438144]
14:18:53,564 DEBUG SQL:104 - 
    insert 
    into
        Address
        (addressType, street, city, stateProvince, postalCode, country, studentNumber, id) 
    values
        (?, ?, ?, ?, ?, ?, ?, ?)
14:18:53,564 DEBUG BaseGeneralDataRegion:59 - Caching[foo.org.hibernate.cache.spi.UpdateTimestampsCache] : [Address] -> [5579091122438145]
14:18:53,564 DEBUG SQL:104 - 
    insert 
    into
        Student
        (name_first, name_middle, name_last, preferredCourseCode, studentId) 
    values
        (?, ?, ?, ?, ?)
14:18:53,564 DEBUG BaseGeneralDataRegion:59 - Caching[foo.org.hibernate.cache.spi.UpdateTimestampsCache] : [Student] -> [5579091122438146]
14:18:53,564 DEBUG SQL:104 - 
    insert 
    into
        Enrolment
        (semester, "year", studentId, courseCode) 
    values
        (?, ?, ?, ?)
14:18:53,565 DEBUG BaseGeneralDataRegion:59 - Caching[foo.org.hibernate.cache.spi.UpdateTimestampsCache] : [Enrolment] -> [5579091122442240]
14:18:53,565 DEBUG SQL:104 - 
    insert 
    into
        Enrolment
        (semester, "year", studentId, courseCode) 
    values
        (?, ?, ?, ?)
14:18:53,565 DEBUG BaseGeneralDataRegion:59 - Caching[foo.org.hibernate.cache.spi.UpdateTimestampsCache] : [Enrolment] -> [5579091122442241]
14:18:53,565 DEBUG BaseGeneralDataRegion:59 - Caching[foo.org.hibernate.cache.spi.UpdateTimestampsCache] : [CourseMeeting] -> [5579091122442242]
14:18:53,565 DEBUG BaseGeneralDataRegion:59 - Caching[foo.org.hibernate.cache.spi.UpdateTimestampsCache] : [Enrolment] -> [5579091122442243]
14:18:53,565 DEBUG SQL:104 - 
    update
        Address 
    set
        studentNumber=?,
        addressType=? 
    where
        id=?
14:18:53,565 DEBUG SQL:104 - 
    update
        Address 
    set
        studentNumber=?,
        addressType=? 
    where
        id=?
14:18:53,577 DEBUG BaseGeneralDataRegion:59 - Caching[foo.org.hibernate.cache.spi.UpdateTimestampsCache] : [Address] -> [5579091122491392]
14:18:53,578 DEBUG SQL:104 - 
    insert 
    into
        Student_secretCodes
        (studentNumber, i, secretCode) 
    values
        (?, ?, ?)
14:18:53,578 DEBUG BaseGeneralDataRegion:59 - Caching[foo.org.hibernate.cache.spi.UpdateTimestampsCache] : [Student_secretCodes] -> [5579091122495488]
14:18:53,578 DEBUG BaseGeneralDataRegion:59 - Caching[foo.org.hibernate.cache.spi.UpdateTimestampsCache] : [Enrolment] -> [5579091122495489]
14:18:53,578 DEBUG BaseGeneralDataRegion:59 - Caching[foo.org.hibernate.cache.spi.UpdateTimestampsCache] : [Address] -> [5579091122495490]
14:18:53,578 DEBUG SQL:104 - 
    insert 
    into
        Student_secretCodes
        (studentNumber, i, secretCode) 
    values
        (?, ?, ?)
14:18:53,578 DEBUG SQL:104 - 
    insert 
    into
        Student_secretCodes
        (studentNumber, i, secretCode) 
    values
        (?, ?, ?)
14:18:53,579 DEBUG BaseGeneralDataRegion:59 - Caching[foo.org.hibernate.cache.spi.UpdateTimestampsCache] : [Student_secretCodes] -> [5579091122499584]
14:18:53,588 DEBUG BaseGeneralDataRegion:59 - Caching[foo.org.hibernate.cache.spi.UpdateTimestampsCache] : [Student] -> [5579090876776448]
14:18:53,588 DEBUG BaseGeneralDataRegion:59 - Caching[foo.org.hibernate.cache.spi.UpdateTimestampsCache] : [Course] -> [5579090876776448]
14:18:53,589 DEBUG BaseGeneralDataRegion:59 - Caching[foo.org.hibernate.cache.spi.UpdateTimestampsCache] : [Enrolment] -> [5579090876776448]
14:18:53,589 DEBUG BaseGeneralDataRegion:59 - Caching[foo.org.hibernate.cache.spi.UpdateTimestampsCache] : [Student_secretCodes] -> [5579090876776448]
14:18:53,589 DEBUG BaseGeneralDataRegion:59 - Caching[foo.org.hibernate.cache.spi.UpdateTimestampsCache] : [Address] -> [5579090876776448]
14:18:53,589 DEBUG BaseGeneralDataRegion:59 - Caching[foo.org.hibernate.cache.spi.UpdateTimestampsCache] : [CourseMeeting] -> [5579090876776448]
14:18:53,589 DEBUG SQL:104 - 
    select
        student_.studentId,
        student_.name_first as name2_4_,
        student_.name_middle as name3_4_,
        student_.name_last as name4_4_,
        student_.preferredCourseCode as preferre5_4_ 
    from
        Student student_ 
    where
        student_.studentId=?
14:18:53,590 DEBUG SQL:104 - 
    select
        enrolment_.studentId,
        enrolment_.courseCode,
        enrolment_.semester as semester3_,
        enrolment_."year" as year4_3_ 
    from
        Enrolment enrolment_ 
    where
        enrolment_.studentId=? 
        and enrolment_.courseCode=?
14:18:53,590 DEBUG SQL:104 - 
    select
        course_.courseCode,
        course_.description as descript2_1_ 
    from
        Course course_ 
    where
        course_.courseCode=?
14:18:53,590 DEBUG SQL:104 - 
    select
        student_.studentId,
        student_.name_first as name2_4_,
        student_.name_middle as name3_4_,
        student_.name_last as name4_4_,
        student_.preferredCourseCode as preferre5_4_ 
    from
        Student student_ 
    where
        student_.studentId=?
14:18:53,614 DEBUG SQL:104 - 
    select
        enrolment_.studentId,
        enrolment_.courseCode,
        enrolment_.semester as semester3_,
        enrolment_."year" as year4_3_ 
    from
        Enrolment enrolment_ 
    where
        enrolment_.studentId=? 
        and enrolment_.courseCode=?
14:18:53,615 DEBUG SQL:104 - 
    select
        coursemeet_.courseCode,
        coursemeet_.day,
        coursemeet_.period,
        coursemeet_.location 
    from
        CourseMeeting coursemeet_ 
    where
        coursemeet_.courseCode=? 
        and coursemeet_.day=? 
        and coursemeet_.period=? 
        and coursemeet_.location=?
14:18:53,615 DEBUG SQL:104 - 
    select
        coursemeet_.courseCode,
        coursemeet_.day,
        coursemeet_.period,
        coursemeet_.location 
    from
        CourseMeeting coursemeet_ 
    where
        coursemeet_.courseCode=? 
        and coursemeet_.day=? 
        and coursemeet_.period=? 
        and coursemeet_.location=?
14:18:53,625 DEBUG BaseGeneralDataRegion:59 - Caching[foo.org.hibernate.cache.spi.UpdateTimestampsCache] : [Enrolment] -> [5579091122688000]
14:18:53,625 DEBUG SQL:104 - 
    update
        Address 
    set
        studentNumber=null,
        addressType=null 
    where
        studentNumber=?
14:18:53,625 DEBUG BaseGeneralDataRegion:59 - Caching[foo.org.hibernate.cache.spi.UpdateTimestampsCache] : [Address] -> [5579091122688001]
14:18:53,625 DEBUG SQL:104 - 
    delete 
    from
        Student_secretCodes 
    where
        studentNumber=?
14:18:53,626 DEBUG BaseGeneralDataRegion:59 - Caching[foo.org.hibernate.cache.spi.UpdateTimestampsCache] : [Student_secretCodes] -> [5579091122692096]
14:18:53,626 DEBUG BaseGeneralDataRegion:59 - Caching[foo.org.hibernate.cache.spi.UpdateTimestampsCache] : [Enrolment] -> [5579091122692097]
14:18:53,626 DEBUG BaseGeneralDataRegion:59 - Caching[foo.org.hibernate.cache.spi.UpdateTimestampsCache] : [Address] -> [5579091122692098]
14:18:53,626 DEBUG SQL:104 - 
    delete 
    from
        Student_secretCodes 
    where
        studentNumber=?
14:18:53,635 DEBUG BaseGeneralDataRegion:59 - Caching[foo.org.hibernate.cache.spi.UpdateTimestampsCache] : [Student_secretCodes] -> [5579091122728960]
14:18:53,636 DEBUG BaseGeneralDataRegion:59 - Caching[foo.org.hibernate.cache.spi.UpdateTimestampsCache] : [CourseMeeting] -> [5579091122733056]
14:18:53,636 DEBUG SQL:104 - 
    delete 
    from
        Enrolment 
    where
        studentId=? 
        and courseCode=?
14:18:53,636 DEBUG BaseGeneralDataRegion:59 - Caching[foo.org.hibernate.cache.spi.UpdateTimestampsCache] : [Enrolment] -> [5579091122733057]
14:18:53,636 DEBUG SQL:104 - 
    delete 
    from
        Address 
    where
        id=?
14:18:53,636 DEBUG BaseGeneralDataRegion:59 - Caching[foo.org.hibernate.cache.spi.UpdateTimestampsCache] : [Address] -> [5579091122733058]
14:18:53,636 DEBUG SQL:104 - 
    delete 
    from
        Address 
    where
        id=?
14:18:53,637 DEBUG BaseGeneralDataRegion:59 - Caching[foo.org.hibernate.cache.spi.UpdateTimestampsCache] : [Address] -> [5579091122737152]
14:18:53,637 DEBUG SQL:104 - 
    delete 
    from
        Student 
    where
        studentId=?
14:18:53,646 DEBUG BaseGeneralDataRegion:59 - Caching[foo.org.hibernate.cache.spi.UpdateTimestampsCache] : [Student] -> [5579091122774016]
14:18:53,646 DEBUG SQL:104 - 
    delete 
    from
        Enrolment 
    where
        studentId=? 
        and courseCode=?
14:18:53,647 DEBUG BaseGeneralDataRegion:59 - Caching[foo.org.hibernate.cache.spi.UpdateTimestampsCache] : [Enrolment] -> [5579091122778112]
14:18:53,647 DEBUG SQL:104 - 
    delete 
    from
        Student 
    where
        studentId=?
14:18:53,647 DEBUG BaseGeneralDataRegion:59 - Caching[foo.org.hibernate.cache.spi.UpdateTimestampsCache] : [Student] -> [5579091122778113]
14:18:53,647 DEBUG SQL:104 - 
    delete 
    from
        CourseMeeting 
    where
        courseCode=? 
        and day=? 
        and period=? 
        and location=?
14:18:53,647 DEBUG BaseGeneralDataRegion:59 - Caching[foo.org.hibernate.cache.spi.UpdateTimestampsCache] : [CourseMeeting] -> [5579091122778114]
14:18:53,656 DEBUG SQL:104 - 
    delete 
    from
        CourseMeeting 
    where
        courseCode=? 
        and day=? 
        and period=? 
        and location=?
14:18:53,657 DEBUG BaseGeneralDataRegion:59 - Caching[foo.org.hibernate.cache.spi.UpdateTimestampsCache] : [CourseMeeting] -> [5579091122819072]
14:18:53,657 DEBUG SQL:104 - 
    delete 
    from
        Course 
    where
        courseCode=?
14:18:53,657 DEBUG BaseGeneralDataRegion:59 - Caching[foo.org.hibernate.cache.spi.UpdateTimestampsCache] : [Course] -> [5579091122819073]
14:18:53,657 DEBUG BaseGeneralDataRegion:59 - Caching[foo.org.hibernate.cache.spi.UpdateTimestampsCache] : [Student] -> [5579090877059074]
14:18:53,658 DEBUG BaseGeneralDataRegion:59 - Caching[foo.org.hibernate.cache.spi.UpdateTimestampsCache] : [Course] -> [5579090877059074]
14:18:53,658 DEBUG BaseGeneralDataRegion:59 - Caching[foo.org.hibernate.cache.spi.UpdateTimestampsCache] : [Enrolment] -> [5579090877059074]
14:18:53,659 DEBUG BaseGeneralDataRegion:59 - Caching[foo.org.hibernate.cache.spi.UpdateTimestampsCache] : [Student_secretCodes] -> [5579090877059074]
14:18:53,660 DEBUG BaseGeneralDataRegion:59 - Caching[foo.org.hibernate.cache.spi.UpdateTimestampsCache] : [Address] -> [5579090877059074]
14:18:53,660 DEBUG BaseGeneralDataRegion:59 - Caching[foo.org.hibernate.cache.spi.UpdateTimestampsCache] : [CourseMeeting] -> [5579090877059074]
14:18:53,660  INFO CustomRunner:139 - Test: testEntityWithJoinedLazyOneToManySingleElementListHql
14:18:53,665 DEBUG SQL:104 - 
    select
        coursemeet_.courseCode,
        coursemeet_.day,
        coursemeet_.period,
        coursemeet_.location 
    from
        CourseMeeting coursemeet_ 
    where
        coursemeet_.courseCode=? 
        and coursemeet_.day=? 
        and coursemeet_.period=? 
        and coursemeet_.location=?
14:18:53,670 DEBUG SQL:104 - 
    select
        coursemeet_.courseCode,
        coursemeet_.day,
        coursemeet_.period,
        coursemeet_.location 
    from
        CourseMeeting coursemeet_ 
    where
        coursemeet_.courseCode=? 
        and coursemeet_.day=? 
        and coursemeet_.period=? 
        and coursemeet_.location=?
14:18:53,671 DEBUG SQL:104 - 
    insert 
    into
        Course
        (description, courseCode) 
    values
        (?, ?)
14:18:53,671 DEBUG BaseGeneralDataRegion:59 - Caching[foo.org.hibernate.cache.spi.UpdateTimestampsCache] : [Course] -> [5579091122876416]
14:18:53,680 DEBUG SQL:104 - 
    insert 
    into
        CourseMeeting
        (courseCode, day, period, location) 
    values
        (?, ?, ?, ?)
14:18:53,680 DEBUG BaseGeneralDataRegion:59 - Caching[foo.org.hibernate.cache.spi.UpdateTimestampsCache] : [CourseMeeting] -> [5579091122913280]
14:18:53,680 DEBUG SQL:104 - 
    insert 
    into
        CourseMeeting
        (courseCode, day, period, location) 
    values
        (?, ?, ?, ?)
14:18:53,680 DEBUG BaseGeneralDataRegion:59 - Caching[foo.org.hibernate.cache.spi.UpdateTimestampsCache] : [CourseMeeting] -> [5579091122913281]
14:18:53,680 DEBUG SQL:104 - 
    insert 
    into
        Student
        (name_first, name_middle, name_last, preferredCourseCode, studentId) 
    values
        (?, ?, ?, ?, ?)
14:18:53,681 DEBUG BaseGeneralDataRegion:59 - Caching[foo.org.hibernate.cache.spi.UpdateTimestampsCache] : [Student] -> [5579091122917376]
14:18:53,681 DEBUG SQL:104 - 
    insert 
    into
        Address
        (addressType, street, city, stateProvince, postalCode, country, studentNumber, id) 
    values
        (?, ?, ?, ?, ?, ?, ?, ?)
14:18:53,690 DEBUG BaseGeneralDataRegion:59 - Caching[foo.org.hibernate.cache.spi.UpdateTimestampsCache] : [Address] -> [5579091122954240]
14:18:53,690 DEBUG SQL:104 - 
    insert 
    into
        Address
        (addressType, street, city, stateProvince, postalCode, country, studentNumber, id) 
    values
        (?, ?, ?, ?, ?, ?, ?, ?)
14:18:53,690 DEBUG BaseGeneralDataRegion:59 - Caching[foo.org.hibernate.cache.spi.UpdateTimestampsCache] : [Address] -> [5579091122954241]
14:18:53,690 DEBUG SQL:104 - 
    insert 
    into
        Student
        (name_first, name_middle, name_last, preferredCourseCode, studentId) 
    values
        (?, ?, ?, ?, ?)
14:18:53,691 DEBUG BaseGeneralDataRegion:59 - Caching[foo.org.hibernate.cache.spi.UpdateTimestampsCache] : [Student] -> [5579091122958336]
14:18:53,691 DEBUG SQL:104 - 
    insert 
    into
        Enrolment
        (semester, "year", studentId, courseCode) 
    values
        (?, ?, ?, ?)
14:18:53,691 DEBUG BaseGeneralDataRegion:59 - Caching[foo.org.hibernate.cache.spi.UpdateTimestampsCache] : [Enrolment] -> [5579091122958337]
14:18:53,691 DEBUG SQL:104 - 
    insert 
    into
        Enrolment
        (semester, "year", studentId, courseCode) 
    values
        (?, ?, ?, ?)
14:18:53,691 DEBUG BaseGeneralDataRegion:59 - Caching[foo.org.hibernate.cache.spi.UpdateTimestampsCache] : [Enrolment] -> [5579091122958338]
14:18:53,691 DEBUG BaseGeneralDataRegion:59 - Caching[foo.org.hibernate.cache.spi.UpdateTimestampsCache] : [CourseMeeting] -> [5579091122958339]
14:18:53,691 DEBUG BaseGeneralDataRegion:59 - Caching[foo.org.hibernate.cache.spi.UpdateTimestampsCache] : [Enrolment] -> [5579091122958340]
14:18:53,692 DEBUG SQL:104 - 
    update
        Address 
    set
        studentNumber=?,
        addressType=? 
    where
        id=?
14:18:53,692 DEBUG SQL:104 - 
    update
        Address 
    set
        studentNumber=?,
        addressType=? 
    where
        id=?
14:18:53,692 DEBUG BaseGeneralDataRegion:59 - Caching[foo.org.hibernate.cache.spi.UpdateTimestampsCache] : [Address] -> [5579091122962432]
14:18:53,692 DEBUG SQL:104 - 
    insert 
    into
        Student_secretCodes
        (studentNumber, i, secretCode) 
    values
        (?, ?, ?)
14:18:53,703 DEBUG BaseGeneralDataRegion:59 - Caching[foo.org.hibernate.cache.spi.UpdateTimestampsCache] : [Student_secretCodes] -> [5579091123007488]
14:18:53,703 DEBUG BaseGeneralDataRegion:59 - Caching[foo.org.hibernate.cache.spi.UpdateTimestampsCache] : [Enrolment] -> [5579091123007489]
14:18:53,703 DEBUG BaseGeneralDataRegion:59 - Caching[foo.org.hibernate.cache.spi.UpdateTimestampsCache] : [Address] -> [5579091123007490]
14:18:53,704 DEBUG SQL:104 - 
    insert 
    into
        Student_secretCodes
        (studentNumber, i, secretCode) 
    values
        (?, ?, ?)
14:18:53,704 DEBUG SQL:104 - 
    insert 
    into
        Student_secretCodes
        (studentNumber, i, secretCode) 
    values
        (?, ?, ?)
14:18:53,704 DEBUG BaseGeneralDataRegion:59 - Caching[foo.org.hibernate.cache.spi.UpdateTimestampsCache] : [Student_secretCodes] -> [5579091123011584]
14:18:53,704 DEBUG BaseGeneralDataRegion:59 - Caching[foo.org.hibernate.cache.spi.UpdateTimestampsCache] : [Student] -> [5579090877251585]
14:18:53,704 DEBUG BaseGeneralDataRegion:59 - Caching[foo.org.hibernate.cache.spi.UpdateTimestampsCache] : [Course] -> [5579090877251585]
14:18:53,704 DEBUG BaseGeneralDataRegion:59 - Caching[foo.org.hibernate.cache.spi.UpdateTimestampsCache] : [Enrolment] -> [5579090877251585]
14:18:53,704 DEBUG BaseGeneralDataRegion:59 - Caching[foo.org.hibernate.cache.spi.UpdateTimestampsCache] : [Student_secretCodes] -> [5579090877251585]
14:18:53,704 DEBUG BaseGeneralDataRegion:59 - Caching[foo.org.hibernate.cache.spi.UpdateTimestampsCache] : [Address] -> [5579090877251585]
14:18:53,705 DEBUG BaseGeneralDataRegion:59 - Caching[foo.org.hibernate.cache.spi.UpdateTimestampsCache] : [CourseMeeting] -> [5579090877251585]
14:18:53,705 DEBUG QueryTranslatorImpl:265 - parse() - HQL: from org.hibernate.test.querycache.Student s left join s.enrolments order by s.studentNumber
14:18:53,706 DEBUG QueryTranslatorImpl:283 - --- HQL AST ---
 \-[QUERY] Node: 'query'
    +-[SELECT_FROM] Node: 'SELECT_FROM'
    |  \-[FROM] Node: 'from'
    |     +-[RANGE] Node: 'RANGE'
    |     |  +-[DOT] Node: '.'
    |     |  |  +-[DOT] Node: '.'
    |     |  |  |  +-[DOT] Node: '.'
    |     |  |  |  |  +-[DOT] Node: '.'
    |     |  |  |  |  |  +-[IDENT] Node: 'org'
    |     |  |  |  |  |  \-[IDENT] Node: 'hibernate'
    |     |  |  |  |  \-[IDENT] Node: 'test'
    |     |  |  |  \-[IDENT] Node: 'querycache'
    |     |  |  \-[IDENT] Node: 'Student'
    |     |  \-[ALIAS] Node: 's'
    |     \-[JOIN] Node: 'join'
    |        +-[LEFT] Node: 'left'
    |        \-[DOT] Node: '.'
    |           +-[IDENT] Node: 's'
    |           \-[IDENT] Node: 'enrolments'
    \-[ORDER] Node: 'order'
       \-[DOT] Node: '.'
          +-[IDENT] Node: 's'
          \-[IDENT] Node: 'studentNumber'

14:18:53,713 DEBUG ErrorCounter:82 - throwQueryException() : no errors
14:18:53,714 DEBUG FromElement:157 - FromClause{level=1} : org.hibernate.test.querycache.Student (s) -> student0_
14:18:53,714 DEBUG FromReferenceNode:74 - Resolved : s -> student0_.studentId
14:18:53,714 DEBUG DotNode:599 - getDataType() : enrolments -> org.hibernate.type.SetType(org.hibernate.test.querycache.Student.enrolments)
14:18:53,714 DEBUG FromElementFactory:376 - createEntityAssociation() : One to many - path = s.enrolments role = org.hibernate.test.querycache.Student.enrolments associatedEntityName = org.hibernate.test.querycache.Enrolment
14:18:53,714 DEBUG FromElement:157 - FromClause{level=1} : org.hibernate.test.querycache.Enrolment (<no alias>) -> enrolments1_
14:18:53,714 DEBUG FromClause:282 - addJoinByPathMap() : s.enrolments -> FromElement{explicit,not a collection join,not a fetch join,fetch non-lazy properties,classAlias=null,role=null,tableName=Enrolment,tableAlias=enrolments1_,origin=Student student0_,columns={student0_.studentId ,className=org.hibernate.test.querycache.Enrolment}}
14:18:53,714 DEBUG DotNode:308 - dereferenceCollection() : Created new FROM element for s.enrolments : Enrolment enrolments1_
14:18:53,715 DEBUG FromReferenceNode:74 - Resolved : s.enrolments -> .
14:18:53,715 DEBUG HqlSqlWalker:403 - createFromJoinElement() : -- join tree --
 \-[JOIN_FRAGMENT] FromElement: 'Enrolment enrolments1_' FromElement{explicit,not a collection join,not a fetch join,fetch non-lazy properties,classAlias=null,role=org.hibernate.test.querycache.Student.enrolments,tableName=Enrolment,tableAlias=enrolments1_,origin=Student student0_,columns={student0_.studentId ,className=org.hibernate.test.querycache.Enrolment}}

14:18:53,715 DEBUG FromReferenceNode:74 - Resolved : s -> student0_.studentId
14:18:53,715 DEBUG DotNode:599 - getDataType() : studentNumber -> org.hibernate.type.LongType@4bf3f9d
14:18:53,715 DEBUG FromReferenceNode:74 - Resolved : s.studentNumber -> student0_.studentId
14:18:53,715 DEBUG HqlSqlWalker:629 - processQuery() :  ( SELECT ( FromClause{level=1} ( Student student0_ Enrolment enrolments1_ ) ) ( order ( student0_.studentId student0_.studentId studentNumber ) ) )
14:18:53,715 DEBUG HqlSqlWalker:869 - Derived SELECT clause created.
14:18:53,716 DEBUG JoinProcessor:175 - Using FROM fragment [Student student0_]
14:18:53,716 DEBUG JoinProcessor:175 - Using FROM fragment [left outer join Enrolment enrolments1_ on student0_.studentId=enrolments1_.studentId]
14:18:53,716 DEBUG QueryTranslatorImpl:252 - --- SQL AST ---
 \-[SELECT] QueryNode: 'SELECT'  querySpaces (Student,Enrolment)
    +-[SELECT_CLAUSE] SelectClause: '{derived select clause}'
    |  +-[SELECT_EXPR] SelectExpressionImpl: 'student0_.studentId as studentId4_0_' {FromElement{explicit,not a collection join,not a fetch join,fetch non-lazy properties,classAlias=s,role=null,tableName=Student,tableAlias=student0_,origin=null,columns={,className=org.hibernate.test.querycache.Student}}}
    |  +-[SELECT_EXPR] SelectExpressionImpl: 'enrolments1_.studentId as studentId3_1_, enrolments1_.courseCode as courseCode3_1_' {FromElement{explicit,not a collection join,not a fetch join,fetch non-lazy properties,classAlias=null,role=org.hibernate.test.querycache.Student.enrolments,tableName=Enrolment,tableAlias=enrolments1_,origin=Student student0_,columns={student0_.studentId ,className=org.hibernate.test.querycache.Enrolment}}}
    |  +-[SQL_TOKEN] SqlFragment: 'student0_.name_first as name2_4_0_, student0_.name_middle as name3_4_0_, student0_.name_last as name4_4_0_, student0_.preferredCourseCode as preferre5_4_0_'
    |  \-[SQL_TOKEN] SqlFragment: 'enrolments1_.semester as semester3_1_, enrolments1_."year" as year4_3_1_'
    +-[FROM] FromClause: 'from' FromClause{level=1, fromElementCounter=2, fromElements=2, fromElementByClassAlias=[s], fromElementByTableAlias=[student0_, enrolments1_], fromElementsByPath=[s.enrolments], collectionJoinFromElementsByPath=[], impliedElements=[]}
    |  \-[FROM_FRAGMENT] FromElement: 'Student student0_' FromElement{explicit,not a collection join,not a fetch join,fetch non-lazy properties,classAlias=s,role=null,tableName=Student,tableAlias=student0_,origin=null,columns={,className=org.hibernate.test.querycache.Student}}
    |     \-[JOIN_FRAGMENT] FromElement: 'left outer join Enrolment enrolments1_ on student0_.studentId=enrolments1_.studentId' FromElement{explicit,not a collection join,not a fetch join,fetch non-lazy properties,classAlias=null,role=org.hibernate.test.querycache.Student.enrolments,tableName=Enrolment,tableAlias=enrolments1_,origin=Student student0_,columns={student0_.studentId ,className=org.hibernate.test.querycache.Enrolment}}
    \-[ORDER] OrderByClause: 'order'
       \-[DOT] DotNode: 'student0_.studentId' {propertyName=studentNumber,dereferenceType=ALL,propertyPath=studentNumber,path=s.studentNumber,tableAlias=student0_,className=org.hibernate.test.querycache.Student,classAlias=s}
          +-[ALIAS_REF] IdentNode: 'student0_.studentId' {alias=s, className=org.hibernate.test.querycache.Student, tableAlias=student0_}
          \-[IDENT] IdentNode: 'studentNumber' {originalText=studentNumber}

14:18:53,735 DEBUG ErrorCounter:82 - throwQueryException() : no errors
14:18:53,736 DEBUG QueryTranslatorImpl:235 - HQL: from org.hibernate.test.querycache.Student s left join s.enrolments order by s.studentNumber
14:18:53,736 DEBUG QueryTranslatorImpl:236 - SQL: select student0_.studentId as studentId4_0_, enrolments1_.studentId as studentId3_1_, enrolments1_.courseCode as courseCode3_1_, student0_.name_first as name2_4_0_, student0_.name_middle as name3_4_0_, student0_.name_last as name4_4_0_, student0_.preferredCourseCode as preferre5_4_0_, enrolments1_.semester as semester3_1_, enrolments1_."year" as year4_3_1_ from Student student0_ left outer join Enrolment enrolments1_ on student0_.studentId=enrolments1_.studentId order by student0_.studentId
14:18:53,736 DEBUG ErrorCounter:82 - throwQueryException() : no errors
14:18:53,736 DEBUG SQL:104 - 
    select
        student0_.studentId as studentId4_0_,
        enrolments1_.studentId as studentId3_1_,
        enrolments1_.courseCode as courseCode3_1_,
        student0_.name_first as name2_4_0_,
        student0_.name_middle as name3_4_0_,
        student0_.name_last as name4_4_0_,
        student0_.preferredCourseCode as preferre5_4_0_,
        enrolments1_.semester as semester3_1_,
        enrolments1_."year" as year4_3_1_ 
    from
        Student student0_ 
    left outer join
        Enrolment enrolments1_ 
            on student0_.studentId=enrolments1_.studentId 
    order by
        student0_.studentId
14:18:53,746 DEBUG SQL:104 - 
    select
        course0_.courseCode as courseCode1_0_,
        course0_.description as descript2_1_0_ 
    from
        Course course0_ 
    where
        course0_.courseCode=?
14:18:53,747 DEBUG SQL:104 - 
    select
        secretcode0_.studentNumber as studentN1_4_0_,
        secretcode0_.secretCode as secretCode5_0_,
        secretcode0_.i as i0_ 
    from
        Student_secretCodes secretcode0_ 
    where
        secretcode0_.studentNumber=?
14:18:53,747 DEBUG SQL:104 - 
    select
        coursemeet0_.courseCode as courseCode1_1_,
        coursemeet0_.courseCode as courseCode2_1_,
        coursemeet0_.day as day2_1_,
        coursemeet0_.period as period2_1_,
        coursemeet0_.location as location2_1_,
        coursemeet0_.courseCode as courseCode2_0_,
        coursemeet0_.day as day2_0_,
        coursemeet0_.period as period2_0_,
        coursemeet0_.location as location2_0_ 
    from
        CourseMeeting coursemeet0_ 
    where
        coursemeet0_.courseCode=?
14:18:53,756 DEBUG SQL:104 - 
    select
        secretcode0_.studentNumber as studentN1_4_0_,
        secretcode0_.secretCode as secretCode5_0_,
        secretcode0_.i as i0_ 
    from
        Student_secretCodes secretcode0_ 
    where
        secretcode0_.studentNumber=?
14:18:53,757 DEBUG BaseGeneralDataRegion:59 - Caching[foo.org.hibernate.cache.internal.StandardQueryCache] : [sql: select student0_.studentId as studentId4_0_, enrolments1_.studentId as studentId3_1_, enrolments1_.courseCode as courseCode3_1_, student0_.name_first as name2_4_0_, student0_.name_middle as name3_4_0_, student0_.name_last as name4_4_0_, student0_.preferredCourseCode as preferre5_4_0_, enrolments1_.semester as semester3_1_, enrolments1_."year" as year4_3_1_ from Student student0_ left outer join Enrolment enrolments1_ on student0_.studentId=enrolments1_.studentId order by student0_.studentId; parameters: ; named parameters: {}; transformer: org.hibernate.transform.CacheableResultTransformer@1406bf] -> [[5579090877468672, [Ljava.io.Serializable;@2b8cf4ae, [Ljava.io.Serializable;@3313e1d8]]
14:18:53,758 DEBUG SQL:104 - 
    select
        student0_.studentId as studentId4_0_,
        enrolments1_.studentId as studentId3_1_,
        enrolments1_.courseCode as courseCode3_1_,
        student0_.name_first as name2_4_0_,
        student0_.name_middle as name3_4_0_,
        student0_.name_last as name4_4_0_,
        student0_.preferredCourseCode as preferre5_4_0_,
        enrolments1_.semester as semester3_1_,
        enrolments1_."year" as year4_3_1_ 
    from
        Student student0_ 
    left outer join
        Enrolment enrolments1_ 
            on student0_.studentId=enrolments1_.studentId 
    order by
        student0_.studentId
14:18:53,766 DEBUG SQL:104 - 
    select
        course0_.courseCode as courseCode1_0_,
        course0_.description as descript2_1_0_ 
    from
        Course course0_ 
    where
        course0_.courseCode=?
14:18:53,767 DEBUG SQL:104 - 
    select
        secretcode0_.studentNumber as studentN1_4_0_,
        secretcode0_.secretCode as secretCode5_0_,
        secretcode0_.i as i0_ 
    from
        Student_secretCodes secretcode0_ 
    where
        secretcode0_.studentNumber=?
14:18:53,767 DEBUG SQL:104 - 
    select
        coursemeet0_.courseCode as courseCode1_1_,
        coursemeet0_.courseCode as courseCode2_1_,
        coursemeet0_.day as day2_1_,
        coursemeet0_.period as period2_1_,
        coursemeet0_.location as location2_1_,
        coursemeet0_.courseCode as courseCode2_0_,
        coursemeet0_.day as day2_0_,
        coursemeet0_.period as period2_0_,
        coursemeet0_.location as location2_0_ 
    from
        CourseMeeting coursemeet0_ 
    where
        coursemeet0_.courseCode=?
14:18:53,777 DEBUG SQL:104 - 
    select
        secretcode0_.studentNumber as studentN1_4_0_,
        secretcode0_.secretCode as secretCode5_0_,
        secretcode0_.i as i0_ 
    from
        Student_secretCodes secretcode0_ 
    where
        secretcode0_.studentNumber=?
14:18:53,777 DEBUG BaseGeneralDataRegion:59 - Caching[foo.org.hibernate.cache.internal.StandardQueryCache] : [sql: select student0_.studentId as studentId4_0_, enrolments1_.studentId as studentId3_1_, enrolments1_.courseCode as courseCode3_1_, student0_.name_first as name2_4_0_, student0_.name_middle as name3_4_0_, student0_.name_last as name4_4_0_, student0_.preferredCourseCode as preferre5_4_0_, enrolments1_.semester as semester3_1_, enrolments1_."year" as year4_3_1_ from Student student0_ left outer join Enrolment enrolments1_ on student0_.studentId=enrolments1_.studentId order by student0_.studentId; parameters: ; named parameters: {}; transformer: org.hibernate.transform.CacheableResultTransformer@1406bf] -> [[5579090877550592, [Ljava.io.Serializable;@2f27c24e, [Ljava.io.Serializable;@5b45a711]]
14:18:53,778 DEBUG SQL:104 - 
    select
        student_.studentId,
        student_.name_first as name2_4_,
        student_.name_middle as name3_4_,
        student_.name_last as name4_4_,
        student_.preferredCourseCode as preferre5_4_ 
    from
        Student student_ 
    where
        student_.studentId=?
14:18:53,778 DEBUG SQL:104 - 
    select
        enrolment_.studentId,
        enrolment_.courseCode,
        enrolment_.semester as semester3_,
        enrolment_."year" as year4_3_ 
    from
        Enrolment enrolment_ 
    where
        enrolment_.studentId=? 
        and enrolment_.courseCode=?
14:18:53,786 DEBUG SQL:104 - 
    select
        course_.courseCode,
        course_.description as descript2_1_ 
    from
        Course course_ 
    where
        course_.courseCode=?
14:18:53,787 DEBUG SQL:104 - 
    select
        student_.studentId,
        student_.name_first as name2_4_,
        student_.name_middle as name3_4_,
        student_.name_last as name4_4_,
        student_.preferredCourseCode as preferre5_4_ 
    from
        Student student_ 
    where
        student_.studentId=?
14:18:53,787 DEBUG SQL:104 - 
    select
        enrolment_.studentId,
        enrolment_.courseCode,
        enrolment_.semester as semester3_,
        enrolment_."year" as year4_3_ 
    from
        Enrolment enrolment_ 
    where
        enrolment_.studentId=? 
        and enrolment_.courseCode=?
14:18:53,795 DEBUG SQL:104 - 
    select
        coursemeet_.courseCode,
        coursemeet_.day,
        coursemeet_.period,
        coursemeet_.location 
    from
        CourseMeeting coursemeet_ 
    where
        coursemeet_.courseCode=? 
        and coursemeet_.day=? 
        and coursemeet_.period=? 
        and coursemeet_.location=?
14:18:53,796 DEBUG SQL:104 - 
    select
        coursemeet_.courseCode,
        coursemeet_.day,
        coursemeet_.period,
        coursemeet_.location 
    from
        CourseMeeting coursemeet_ 
    where
        coursemeet_.courseCode=? 
        and coursemeet_.day=? 
        and coursemeet_.period=? 
        and coursemeet_.location=?
14:18:53,806 DEBUG BaseGeneralDataRegion:59 - Caching[foo.org.hibernate.cache.spi.UpdateTimestampsCache] : [Enrolment] -> [5579091123429376]
14:18:53,806 DEBUG SQL:104 - 
    update
        Address 
    set
        studentNumber=null,
        addressType=null 
    where
        studentNumber=?
14:18:53,807 DEBUG BaseGeneralDataRegion:59 - Caching[foo.org.hibernate.cache.spi.UpdateTimestampsCache] : [Address] -> [5579091123433472]
14:18:53,807 DEBUG SQL:104 - 
    delete 
    from
        Student_secretCodes 
    where
        studentNumber=?
14:18:53,807 DEBUG BaseGeneralDataRegion:59 - Caching[foo.org.hibernate.cache.spi.UpdateTimestampsCache] : [Student_secretCodes] -> [5579091123433473]
14:18:53,807 DEBUG BaseGeneralDataRegion:59 - Caching[foo.org.hibernate.cache.spi.UpdateTimestampsCache] : [Enrolment] -> [5579091123433474]
14:18:53,807 DEBUG BaseGeneralDataRegion:59 - Caching[foo.org.hibernate.cache.spi.UpdateTimestampsCache] : [Address] -> [5579091123433475]
14:18:53,807 DEBUG SQL:104 - 
    delete 
    from
        Student_secretCodes 
    where
        studentNumber=?
14:18:53,807 DEBUG BaseGeneralDataRegion:59 - Caching[foo.org.hibernate.cache.spi.UpdateTimestampsCache] : [Student_secretCodes] -> [5579091123433476]
14:18:53,807 DEBUG BaseGeneralDataRegion:59 - Caching[foo.org.hibernate.cache.spi.UpdateTimestampsCache] : [CourseMeeting] -> [5579091123433477]
14:18:53,807 DEBUG SQL:104 - 
    delete 
    from
        Enrolment 
    where
        studentId=? 
        and courseCode=?
14:18:53,818 DEBUG BaseGeneralDataRegion:59 - Caching[foo.org.hibernate.cache.spi.UpdateTimestampsCache] : [Enrolment] -> [5579091123478528]
14:18:53,818 DEBUG SQL:104 - 
    delete 
    from
        Address 
    where
        id=?
14:18:53,818 DEBUG BaseGeneralDataRegion:59 - Caching[foo.org.hibernate.cache.spi.UpdateTimestampsCache] : [Address] -> [5579091123478529]
14:18:53,818 DEBUG SQL:104 - 
    delete 
    from
        Address 
    where
        id=?
14:18:53,818 DEBUG BaseGeneralDataRegion:59 - Caching[foo.org.hibernate.cache.spi.UpdateTimestampsCache] : [Address] -> [5579091123478530]
14:18:53,819 DEBUG SQL:104 - 
    delete 
    from
        Student 
    where
        studentId=?
14:18:53,819 DEBUG BaseGeneralDataRegion:59 - Caching[foo.org.hibernate.cache.spi.UpdateTimestampsCache] : [Student] -> [5579091123482624]
14:18:53,819 DEBUG SQL:104 - 
    delete 
    from
        Enrolment 
    where
        studentId=? 
        and courseCode=?
14:18:53,819 DEBUG BaseGeneralDataRegion:59 - Caching[foo.org.hibernate.cache.spi.UpdateTimestampsCache] : [Enrolment] -> [5579091123482625]
14:18:53,819 DEBUG SQL:104 - 
    delete 
    from
        Student 
    where
        studentId=?
14:18:53,819 DEBUG BaseGeneralDataRegion:59 - Caching[foo.org.hibernate.cache.spi.UpdateTimestampsCache] : [Student] -> [5579091123482626]
14:18:53,819 DEBUG SQL:104 - 
    delete 
    from
        CourseMeeting 
    where
        courseCode=? 
        and day=? 
        and period=? 
        and location=?
14:18:53,820 DEBUG BaseGeneralDataRegion:59 - Caching[foo.org.hibernate.cache.spi.UpdateTimestampsCache] : [CourseMeeting] -> [5579091123486720]
14:18:53,820 DEBUG SQL:104 - 
    delete 
    from
        CourseMeeting 
    where
        courseCode=? 
        and day=? 
        and period=? 
        and location=?
14:18:53,830 DEBUG BaseGeneralDataRegion:59 - Caching[foo.org.hibernate.cache.spi.UpdateTimestampsCache] : [CourseMeeting] -> [5579091123527680]
14:18:53,830 DEBUG SQL:104 - 
    delete 
    from
        Course 
    where
        courseCode=?
14:18:53,830 DEBUG BaseGeneralDataRegion:59 - Caching[foo.org.hibernate.cache.spi.UpdateTimestampsCache] : [Course] -> [5579091123527681]
14:18:53,830 DEBUG BaseGeneralDataRegion:59 - Caching[foo.org.hibernate.cache.spi.UpdateTimestampsCache] : [Student] -> [5579090877767682]
14:18:53,831 DEBUG BaseGeneralDataRegion:59 - Caching[foo.org.hibernate.cache.spi.UpdateTimestampsCache] : [Course] -> [5579090877767682]
14:18:53,831 DEBUG BaseGeneralDataRegion:59 - Caching[foo.org.hibernate.cache.spi.UpdateTimestampsCache] : [Enrolment] -> [5579090877767682]
14:18:53,831 DEBUG BaseGeneralDataRegion:59 - Caching[foo.org.hibernate.cache.spi.UpdateTimestampsCache] : [Student_secretCodes] -> [5579090877767682]
14:18:53,831 DEBUG BaseGeneralDataRegion:59 - Caching[foo.org.hibernate.cache.spi.UpdateTimestampsCache] : [Address] -> [5579090877767682]
14:18:53,831 DEBUG BaseGeneralDataRegion:59 - Caching[foo.org.hibernate.cache.spi.UpdateTimestampsCache] : [CourseMeeting] -> [5579090877767682]
14:18:53,831 DEBUG SQL:104 - 
    select
        coursemeet_.courseCode,
        coursemeet_.day,
        coursemeet_.period,
        coursemeet_.location 
    from
        CourseMeeting coursemeet_ 
    where
        coursemeet_.courseCode=? 
        and coursemeet_.day=? 
        and coursemeet_.period=? 
        and coursemeet_.location=?
14:18:53,832 DEBUG SQL:104 - 
    select
        coursemeet_.courseCode,
        coursemeet_.day,
        coursemeet_.period,
        coursemeet_.location 
    from
        CourseMeeting coursemeet_ 
    where
        coursemeet_.courseCode=? 
        and coursemeet_.day=? 
        and coursemeet_.period=? 
        and coursemeet_.location=?
14:18:53,841 DEBUG SQL:104 - 
    insert 
    into
        Course
        (description, courseCode) 
    values
        (?, ?)
14:18:53,841 DEBUG BaseGeneralDataRegion:59 - Caching[foo.org.hibernate.cache.spi.UpdateTimestampsCache] : [Course] -> [5579091123572736]
14:18:53,841 DEBUG SQL:104 - 
    insert 
    into
        CourseMeeting
        (courseCode, day, period, location) 
    values
        (?, ?, ?, ?)
14:18:53,841 DEBUG BaseGeneralDataRegion:59 - Caching[foo.org.hibernate.cache.spi.UpdateTimestampsCache] : [CourseMeeting] -> [5579091123572737]
14:18:53,841 DEBUG SQL:104 - 
    insert 
    into
        CourseMeeting
        (courseCode, day, period, location) 
    values
        (?, ?, ?, ?)
14:18:53,842 DEBUG BaseGeneralDataRegion:59 - Caching[foo.org.hibernate.cache.spi.UpdateTimestampsCache] : [CourseMeeting] -> [5579091123576832]
14:18:53,842 DEBUG SQL:104 - 
    insert 
    into
        Student
        (name_first, name_middle, name_last, preferredCourseCode, studentId) 
    values
        (?, ?, ?, ?, ?)
14:18:53,842 DEBUG BaseGeneralDataRegion:59 - Caching[foo.org.hibernate.cache.spi.UpdateTimestampsCache] : [Student] -> [5579091123576833]
14:18:53,842 DEBUG SQL:104 - 
    insert 
    into
        Address
        (addressType, street, city, stateProvince, postalCode, country, studentNumber, id) 
    values
        (?, ?, ?, ?, ?, ?, ?, ?)
14:18:53,863 DEBUG BaseGeneralDataRegion:59 - Caching[foo.org.hibernate.cache.spi.UpdateTimestampsCache] : [Address] -> [5579091123662848]
14:18:53,863 DEBUG SQL:104 - 
    insert 
    into
        Address
        (addressType, street, city, stateProvince, postalCode, country, studentNumber, id) 
    values
        (?, ?, ?, ?, ?, ?, ?, ?)
14:18:53,864 DEBUG BaseGeneralDataRegion:59 - Caching[foo.org.hibernate.cache.spi.UpdateTimestampsCache] : [Address] -> [5579091123666944]
14:18:53,864 DEBUG SQL:104 - 
    insert 
    into
        Student
        (name_first, name_middle, name_last, preferredCourseCode, studentId) 
    values
        (?, ?, ?, ?, ?)
14:18:53,864 DEBUG BaseGeneralDataRegion:59 - Caching[foo.org.hibernate.cache.spi.UpdateTimestampsCache] : [Student] -> [5579091123666945]
14:18:53,864 DEBUG SQL:104 - 
    insert 
    into
        Enrolment
        (semester, "year", studentId, courseCode) 
    values
        (?, ?, ?, ?)
14:18:53,864 DEBUG BaseGeneralDataRegion:59 - Caching[foo.org.hibernate.cache.spi.UpdateTimestampsCache] : [Enrolment] -> [5579091123666946]
14:18:53,873 DEBUG SQL:104 - 
    insert 
    into
        Enrolment
        (semester, "year", studentId, courseCode) 
    values
        (?, ?, ?, ?)
14:18:53,873 DEBUG BaseGeneralDataRegion:59 - Caching[foo.org.hibernate.cache.spi.UpdateTimestampsCache] : [Enrolment] -> [5579091123703808]
14:18:53,873 DEBUG BaseGeneralDataRegion:59 - Caching[foo.org.hibernate.cache.spi.UpdateTimestampsCache] : [CourseMeeting] -> [5579091123703809]
14:18:53,874 DEBUG BaseGeneralDataRegion:59 - Caching[foo.org.hibernate.cache.spi.UpdateTimestampsCache] : [Enrolment] -> [5579091123707904]
14:18:53,874 DEBUG SQL:104 - 
    update
        Address 
    set
        studentNumber=?,
        addressType=? 
    where
        id=?
14:18:53,874 DEBUG SQL:104 - 
    update
        Address 
    set
        studentNumber=?,
        addressType=? 
    where
        id=?
14:18:53,874 DEBUG BaseGeneralDataRegion:59 - Caching[foo.org.hibernate.cache.spi.UpdateTimestampsCache] : [Address] -> [5579091123707905]
14:18:53,874 DEBUG SQL:104 - 
    insert 
    into
        Student_secretCodes
        (studentNumber, i, secretCode) 
    values
        (?, ?, ?)
14:18:53,883 DEBUG BaseGeneralDataRegion:59 - Caching[foo.org.hibernate.cache.spi.UpdateTimestampsCache] : [Student_secretCodes] -> [5579091123744768]
14:18:53,883 DEBUG BaseGeneralDataRegion:59 - Caching[foo.org.hibernate.cache.spi.UpdateTimestampsCache] : [Enrolment] -> [5579091123744769]
14:18:53,883 DEBUG BaseGeneralDataRegion:59 - Caching[foo.org.hibernate.cache.spi.UpdateTimestampsCache] : [Address] -> [5579091123744770]
14:18:53,883 DEBUG SQL:104 - 
    insert 
    into
        Student_secretCodes
        (studentNumber, i, secretCode) 
    values
        (?, ?, ?)
14:18:53,884 DEBUG SQL:104 - 
    insert 
    into
        Student_secretCodes
        (studentNumber, i, secretCode) 
    values
        (?, ?, ?)
14:18:53,884 DEBUG BaseGeneralDataRegion:59 - Caching[foo.org.hibernate.cache.spi.UpdateTimestampsCache] : [Student_secretCodes] -> [5579091123748864]
14:18:53,884 DEBUG BaseGeneralDataRegion:59 - Caching[foo.org.hibernate.cache.spi.UpdateTimestampsCache] : [Student] -> [5579090877988865]
14:18:53,884 DEBUG BaseGeneralDataRegion:59 - Caching[foo.org.hibernate.cache.spi.UpdateTimestampsCache] : [Course] -> [5579090877988865]
14:18:53,884 DEBUG BaseGeneralDataRegion:59 - Caching[foo.org.hibernate.cache.spi.UpdateTimestampsCache] : [Enrolment] -> [5579090877988865]
14:18:53,884 DEBUG BaseGeneralDataRegion:59 - Caching[foo.org.hibernate.cache.spi.UpdateTimestampsCache] : [Student_secretCodes] -> [5579090877988865]
14:18:53,884 DEBUG BaseGeneralDataRegion:59 - Caching[foo.org.hibernate.cache.spi.UpdateTimestampsCache] : [Address] -> [5579090877988865]
14:18:53,884 DEBUG BaseGeneralDataRegion:59 - Caching[foo.org.hibernate.cache.spi.UpdateTimestampsCache] : [CourseMeeting] -> [5579090877988865]
14:18:53,885 DEBUG QueryTranslatorImpl:265 - parse() - HQL: from org.hibernate.test.querycache.Student s left join s.enrolments e order by s.studentNumber
14:18:53,886 DEBUG QueryTranslatorImpl:283 - --- HQL AST ---
 \-[QUERY] Node: 'query'
    +-[SELECT_FROM] Node: 'SELECT_FROM'
    |  \-[FROM] Node: 'from'
    |     +-[RANGE] Node: 'RANGE'
    |     |  +-[DOT] Node: '.'
    |     |  |  +-[DOT] Node: '.'
    |     |  |  |  +-[DOT] Node: '.'
    |     |  |  |  |  +-[DOT] Node: '.'
    |     |  |  |  |  |  +-[IDENT] Node: 'org'
    |     |  |  |  |  |  \-[IDENT] Node: 'hibernate'
    |     |  |  |  |  \-[IDENT] Node: 'test'
    |     |  |  |  \-[IDENT] Node: 'querycache'
    |     |  |  \-[IDENT] Node: 'Student'
    |     |  \-[ALIAS] Node: 's'
    |     \-[JOIN] Node: 'join'
    |        +-[LEFT] Node: 'left'
    |        +-[DOT] Node: '.'
    |        |  +-[IDENT] Node: 's'
    |        |  \-[IDENT] Node: 'enrolments'
    |        \-[ALIAS] Node: 'e'
    \-[ORDER] Node: 'order'
       \-[DOT] Node: '.'
          +-[IDENT] Node: 's'
          \-[IDENT] Node: 'studentNumber'

14:18:53,893 DEBUG ErrorCounter:82 - throwQueryException() : no errors
14:18:53,894 DEBUG FromElement:157 - FromClause{level=1} : org.hibernate.test.querycache.Student (s) -> student0_
14:18:53,894 DEBUG FromReferenceNode:74 - Resolved : s -> student0_.studentId
14:18:53,894 DEBUG DotNode:599 - getDataType() : enrolments -> org.hibernate.type.SetType(org.hibernate.test.querycache.Student.enrolments)
14:18:53,894 DEBUG FromElementFactory:376 - createEntityAssociation() : One to many - path = s.enrolments role = org.hibernate.test.querycache.Student.enrolments associatedEntityName = org.hibernate.test.querycache.Enrolment
14:18:53,903 DEBUG FromElement:157 - FromClause{level=1} : org.hibernate.test.querycache.Enrolment (e) -> enrolments1_
14:18:53,903 DEBUG FromClause:282 - addJoinByPathMap() : s.enrolments -> FromElement{explicit,not a collection join,not a fetch join,fetch non-lazy properties,classAlias=e,role=null,tableName=Enrolment,tableAlias=enrolments1_,origin=Student student0_,columns={student0_.studentId ,className=org.hibernate.test.querycache.Enrolment}}
14:18:53,903 DEBUG DotNode:308 - dereferenceCollection() : Created new FROM element for s.enrolments : Enrolment enrolments1_
14:18:53,903 DEBUG FromReferenceNode:74 - Resolved : s.enrolments -> .
14:18:53,903 DEBUG HqlSqlWalker:403 - createFromJoinElement() : -- join tree --
 \-[JOIN_FRAGMENT] FromElement: 'Enrolment enrolments1_' FromElement{explicit,not a collection join,not a fetch join,fetch non-lazy properties,classAlias=e,role=org.hibernate.test.querycache.Student.enrolments,tableName=Enrolment,tableAlias=enrolments1_,origin=Student student0_,columns={student0_.studentId ,className=org.hibernate.test.querycache.Enrolment}}

14:18:53,903 DEBUG FromReferenceNode:74 - Resolved : s -> student0_.studentId
14:18:53,904 DEBUG DotNode:599 - getDataType() : studentNumber -> org.hibernate.type.LongType@4bf3f9d
14:18:53,904 DEBUG FromReferenceNode:74 - Resolved : s.studentNumber -> student0_.studentId
14:18:53,904 DEBUG HqlSqlWalker:629 - processQuery() :  ( SELECT ( FromClause{level=1} ( Student student0_ Enrolment enrolments1_ ) ) ( order ( student0_.studentId student0_.studentId studentNumber ) ) )
14:18:53,904 DEBUG HqlSqlWalker:869 - Derived SELECT clause created.
14:18:53,904 DEBUG JoinProcessor:175 - Using FROM fragment [Student student0_]
14:18:53,904 DEBUG JoinProcessor:175 - Using FROM fragment [left outer join Enrolment enrolments1_ on student0_.studentId=enrolments1_.studentId]
14:18:53,905 DEBUG QueryTranslatorImpl:252 - --- SQL AST ---
 \-[SELECT] QueryNode: 'SELECT'  querySpaces (Student,Enrolment)
    +-[SELECT_CLAUSE] SelectClause: '{derived select clause}'
    |  +-[SELECT_EXPR] SelectExpressionImpl: 'student0_.studentId as studentId4_0_' {FromElement{explicit,not a collection join,not a fetch join,fetch non-lazy properties,classAlias=s,role=null,tableName=Student,tableAlias=student0_,origin=null,columns={,className=org.hibernate.test.querycache.Student}}}
    |  +-[SELECT_EXPR] SelectExpressionImpl: 'enrolments1_.studentId as studentId3_1_, enrolments1_.courseCode as courseCode3_1_' {FromElement{explicit,not a collection join,not a fetch join,fetch non-lazy properties,classAlias=e,role=org.hibernate.test.querycache.Student.enrolments,tableName=Enrolment,tableAlias=enrolments1_,origin=Student student0_,columns={student0_.studentId ,className=org.hibernate.test.querycache.Enrolment}}}
    |  +-[SQL_TOKEN] SqlFragment: 'student0_.name_first as name2_4_0_, student0_.name_middle as name3_4_0_, student0_.name_last as name4_4_0_, student0_.preferredCourseCode as preferre5_4_0_'
    |  \-[SQL_TOKEN] SqlFragment: 'enrolments1_.semester as semester3_1_, enrolments1_."year" as year4_3_1_'
    +-[FROM] FromClause: 'from' FromClause{level=1, fromElementCounter=2, fromElements=2, fromElementByClassAlias=[e, s], fromElementByTableAlias=[student0_, enrolments1_], fromElementsByPath=[s.enrolments], collectionJoinFromElementsByPath=[], impliedElements=[]}
    |  \-[FROM_FRAGMENT] FromElement: 'Student student0_' FromElement{explicit,not a collection join,not a fetch join,fetch non-lazy properties,classAlias=s,role=null,tableName=Student,tableAlias=student0_,origin=null,columns={,className=org.hibernate.test.querycache.Student}}
    |     \-[JOIN_FRAGMENT] FromElement: 'left outer join Enrolment enrolments1_ on student0_.studentId=enrolments1_.studentId' FromElement{explicit,not a collection join,not a fetch join,fetch non-lazy properties,classAlias=e,role=org.hibernate.test.querycache.Student.enrolments,tableName=Enrolment,tableAlias=enrolments1_,origin=Student student0_,columns={student0_.studentId ,className=org.hibernate.test.querycache.Enrolment}}
    \-[ORDER] OrderByClause: 'order'
       \-[DOT] DotNode: 'student0_.studentId' {propertyName=studentNumber,dereferenceType=ALL,propertyPath=studentNumber,path=s.studentNumber,tableAlias=student0_,className=org.hibernate.test.querycache.Student,classAlias=s}
          +-[ALIAS_REF] IdentNode: 'student0_.studentId' {alias=s, className=org.hibernate.test.querycache.Student, tableAlias=student0_}
          \-[IDENT] IdentNode: 'studentNumber' {originalText=studentNumber}

14:18:53,905 DEBUG ErrorCounter:82 - throwQueryException() : no errors
14:18:53,913 DEBUG QueryTranslatorImpl:235 - HQL: from org.hibernate.test.querycache.Student s left join s.enrolments e order by s.studentNumber
14:18:53,913 DEBUG QueryTranslatorImpl:236 - SQL: select student0_.studentId as studentId4_0_, enrolments1_.studentId as studentId3_1_, enrolments1_.courseCode as courseCode3_1_, student0_.name_first as name2_4_0_, student0_.name_middle as name3_4_0_, student0_.name_last as name4_4_0_, student0_.preferredCourseCode as preferre5_4_0_, enrolments1_.semester as semester3_1_, enrolments1_."year" as year4_3_1_ from Student student0_ left outer join Enrolment enrolments1_ on student0_.studentId=enrolments1_.studentId order by student0_.studentId
14:18:53,913 DEBUG ErrorCounter:82 - throwQueryException() : no errors
14:18:53,913 DEBUG SQL:104 - 
    select
        student0_.studentId as studentId4_0_,
        enrolments1_.studentId as studentId3_1_,
        enrolments1_.courseCode as courseCode3_1_,
        student0_.name_first as name2_4_0_,
        student0_.name_middle as name3_4_0_,
        student0_.name_last as name4_4_0_,
        student0_.preferredCourseCode as preferre5_4_0_,
        enrolments1_.semester as semester3_1_,
        enrolments1_."year" as year4_3_1_ 
    from
        Student student0_ 
    left outer join
        Enrolment enrolments1_ 
            on student0_.studentId=enrolments1_.studentId 
    order by
        student0_.studentId
14:18:53,914 DEBUG SQL:104 - 
    select
        course0_.courseCode as courseCode1_0_,
        course0_.description as descript2_1_0_ 
    from
        Course course0_ 
    where
        course0_.courseCode=?
14:18:53,915 DEBUG SQL:104 - 
    select
        secretcode0_.studentNumber as studentN1_4_0_,
        secretcode0_.secretCode as secretCode5_0_,
        secretcode0_.i as i0_ 
    from
        Student_secretCodes secretcode0_ 
    where
        secretcode0_.studentNumber=?
14:18:53,924 DEBUG SQL:104 - 
    select
        coursemeet0_.courseCode as courseCode1_1_,
        coursemeet0_.courseCode as courseCode2_1_,
        coursemeet0_.day as day2_1_,
        coursemeet0_.period as period2_1_,
        coursemeet0_.location as location2_1_,
        coursemeet0_.courseCode as courseCode2_0_,
        coursemeet0_.day as day2_0_,
        coursemeet0_.period as period2_0_,
        coursemeet0_.location as location2_0_ 
    from
        CourseMeeting coursemeet0_ 
    where
        coursemeet0_.courseCode=?
14:18:53,924 DEBUG SQL:104 - 
    select
        secretcode0_.studentNumber as studentN1_4_0_,
        secretcode0_.secretCode as secretCode5_0_,
        secretcode0_.i as i0_ 
    from
        Student_secretCodes secretcode0_ 
    where
        secretcode0_.studentNumber=?
14:18:53,925 DEBUG BaseGeneralDataRegion:59 - Caching[foo.org.hibernate.cache.internal.StandardQueryCache] : [sql: select student0_.studentId as studentId4_0_, enrolments1_.studentId as studentId3_1_, enrolments1_.courseCode as courseCode3_1_, student0_.name_first as name2_4_0_, student0_.name_middle as name3_4_0_, student0_.name_last as name4_4_0_, student0_.preferredCourseCode as preferre5_4_0_, enrolments1_.semester as semester3_1_, enrolments1_."year" as year4_3_1_ from Student student0_ left outer join Enrolment enrolments1_ on student0_.studentId=enrolments1_.studentId order by student0_.studentId; parameters: ; named parameters: {}; transformer: org.hibernate.transform.CacheableResultTransformer@1406bf] -> [[5579090878156800, [Ljava.io.Serializable;@1ba57091, [Ljava.io.Serializable;@a814dc5]]
14:18:53,925 DEBUG SQL:104 - 
    select
        student0_.studentId as studentId4_0_,
        enrolments1_.studentId as studentId3_1_,
        enrolments1_.courseCode as courseCode3_1_,
        student0_.name_first as name2_4_0_,
        student0_.name_middle as name3_4_0_,
        student0_.name_last as name4_4_0_,
        student0_.preferredCourseCode as preferre5_4_0_,
        enrolments1_.semester as semester3_1_,
        enrolments1_."year" as year4_3_1_ 
    from
        Student student0_ 
    left outer join
        Enrolment enrolments1_ 
            on student0_.studentId=enrolments1_.studentId 
    order by
        student0_.studentId
14:18:53,926 DEBUG SQL:104 - 
    select
        course0_.courseCode as courseCode1_0_,
        course0_.description as descript2_1_0_ 
    from
        Course course0_ 
    where
        course0_.courseCode=?
14:18:53,926 DEBUG SQL:104 - 
    select
        secretcode0_.studentNumber as studentN1_4_0_,
        secretcode0_.secretCode as secretCode5_0_,
        secretcode0_.i as i0_ 
    from
        Student_secretCodes secretcode0_ 
    where
        secretcode0_.studentNumber=?
14:18:53,927 DEBUG SQL:104 - 
    select
        coursemeet0_.courseCode as courseCode1_1_,
        coursemeet0_.courseCode as courseCode2_1_,
        coursemeet0_.day as day2_1_,
        coursemeet0_.period as period2_1_,
        coursemeet0_.location as location2_1_,
        coursemeet0_.courseCode as courseCode2_0_,
        coursemeet0_.day as day2_0_,
        coursemeet0_.period as period2_0_,
        coursemeet0_.location as location2_0_ 
    from
        CourseMeeting coursemeet0_ 
    where
        coursemeet0_.courseCode=?
14:18:53,949 DEBUG SQL:104 - 
    select
        secretcode0_.studentNumber as studentN1_4_0_,
        secretcode0_.secretCode as secretCode5_0_,
        secretcode0_.i as i0_ 
    from
        Student_secretCodes secretcode0_ 
    where
        secretcode0_.studentNumber=?
14:18:53,950 DEBUG BaseGeneralDataRegion:59 - Caching[foo.org.hibernate.cache.internal.StandardQueryCache] : [sql: select student0_.studentId as studentId4_0_, enrolments1_.studentId as studentId3_1_, enrolments1_.courseCode as courseCode3_1_, student0_.name_first as name2_4_0_, student0_.name_middle as name3_4_0_, student0_.name_last as name4_4_0_, student0_.preferredCourseCode as preferre5_4_0_, enrolments1_.semester as semester3_1_, enrolments1_."year" as year4_3_1_ from Student student0_ left outer join Enrolment enrolments1_ on student0_.studentId=enrolments1_.studentId order by student0_.studentId; parameters: ; named parameters: {}; transformer: org.hibernate.transform.CacheableResultTransformer@1406bf] -> [[5579090878259200, [Ljava.io.Serializable;@40733d96, [Ljava.io.Serializable;@4dd063e8]]
14:18:53,950 DEBUG SQL:104 - 
    select
        student_.studentId,
        student_.name_first as name2_4_,
        student_.name_middle as name3_4_,
        student_.name_last as name4_4_,
        student_.preferredCourseCode as preferre5_4_ 
    from
        Student student_ 
    where
        student_.studentId=?
14:18:53,951 DEBUG SQL:104 - 
    select
        enrolment_.studentId,
        enrolment_.courseCode,
        enrolment_.semester as semester3_,
        enrolment_."year" as year4_3_ 
    from
        Enrolment enrolment_ 
    where
        enrolment_.studentId=? 
        and enrolment_.courseCode=?
14:18:53,951 DEBUG SQL:104 - 
    select
        course_.courseCode,
        course_.description as descript2_1_ 
    from
        Course course_ 
    where
        course_.courseCode=?
14:18:53,951 DEBUG SQL:104 - 
    select
        student_.studentId,
        student_.name_first as name2_4_,
        student_.name_middle as name3_4_,
        student_.name_last as name4_4_,
        student_.preferredCourseCode as preferre5_4_ 
    from
        Student student_ 
    where
        student_.studentId=?
14:18:53,961 DEBUG SQL:104 - 
    select
        enrolment_.studentId,
        enrolment_.courseCode,
        enrolment_.semester as semester3_,
        enrolment_."year" as year4_3_ 
    from
        Enrolment enrolment_ 
    where
        enrolment_.studentId=? 
        and enrolment_.courseCode=?
14:18:53,962 DEBUG SQL:104 - 
    select
        coursemeet_.courseCode,
        coursemeet_.day,
        coursemeet_.period,
        coursemeet_.location 
    from
        CourseMeeting coursemeet_ 
    where
        coursemeet_.courseCode=? 
        and coursemeet_.day=? 
        and coursemeet_.period=? 
        and coursemeet_.location=?
14:18:53,962 DEBUG SQL:104 - 
    select
        coursemeet_.courseCode,
        coursemeet_.day,
        coursemeet_.period,
        coursemeet_.location 
    from
        CourseMeeting coursemeet_ 
    where
        coursemeet_.courseCode=? 
        and coursemeet_.day=? 
        and coursemeet_.period=? 
        and coursemeet_.location=?
14:18:53,972 DEBUG BaseGeneralDataRegion:59 - Caching[foo.org.hibernate.cache.spi.UpdateTimestampsCache] : [Enrolment] -> [5579091124109312]
14:18:53,972 DEBUG SQL:104 - 
    update
        Address 
    set
        studentNumber=null,
        addressType=null 
    where
        studentNumber=?
14:18:53,972 DEBUG BaseGeneralDataRegion:59 - Caching[foo.org.hibernate.cache.spi.UpdateTimestampsCache] : [Address] -> [5579091124109313]
14:18:53,972 DEBUG SQL:104 - 
    delete 
    from
        Student_secretCodes 
    where
        studentNumber=?
14:18:53,973 DEBUG BaseGeneralDataRegion:59 - Caching[foo.org.hibernate.cache.spi.UpdateTimestampsCache] : [Student_secretCodes] -> [5579091124113408]
14:18:53,973 DEBUG BaseGeneralDataRegion:59 - Caching[foo.org.hibernate.cache.spi.UpdateTimestampsCache] : [Enrolment] -> [5579091124113409]
14:18:53,973 DEBUG BaseGeneralDataRegion:59 - Caching[foo.org.hibernate.cache.spi.UpdateTimestampsCache] : [Address] -> [5579091124113410]
14:18:53,973 DEBUG SQL:104 - 
    delete 
    from
        Student_secretCodes 
    where
        studentNumber=?
14:18:53,973 DEBUG BaseGeneralDataRegion:59 - Caching[foo.org.hibernate.cache.spi.UpdateTimestampsCache] : [Student_secretCodes] -> [5579091124113411]
14:18:53,973 DEBUG BaseGeneralDataRegion:59 - Caching[foo.org.hibernate.cache.spi.UpdateTimestampsCache] : [CourseMeeting] -> [5579091124113412]
14:18:53,973 DEBUG SQL:104 - 
    delete 
    from
        Enrolment 
    where
        studentId=? 
        and courseCode=?
14:18:53,973 DEBUG BaseGeneralDataRegion:59 - Caching[foo.org.hibernate.cache.spi.UpdateTimestampsCache] : [Enrolment] -> [5579091124113413]
14:18:53,974 DEBUG SQL:104 - 
    delete 
    from
        Address 
    where
        id=?
14:18:53,994 DEBUG BaseGeneralDataRegion:59 - Caching[foo.org.hibernate.cache.spi.UpdateTimestampsCache] : [Address] -> [5579091124199424]
14:18:53,994 DEBUG SQL:104 - 
    delete 
    from
        Address 
    where
        id=?
14:18:53,994 DEBUG BaseGeneralDataRegion:59 - Caching[foo.org.hibernate.cache.spi.UpdateTimestampsCache] : [Address] -> [5579091124199425]
14:18:53,994 DEBUG SQL:104 - 
    delete 
    from
        Student 
    where
        studentId=?
14:18:53,994 DEBUG BaseGeneralDataRegion:59 - Caching[foo.org.hibernate.cache.spi.UpdateTimestampsCache] : [Student] -> [5579091124199426]
14:18:53,995 DEBUG SQL:104 - 
    delete 
    from
        Enrolment 
    where
        studentId=? 
        and courseCode=?
14:18:53,995 DEBUG BaseGeneralDataRegion:59 - Caching[foo.org.hibernate.cache.spi.UpdateTimestampsCache] : [Enrolment] -> [5579091124203520]
14:18:53,995 DEBUG SQL:104 - 
    delete 
    from
        Student 
    where
        studentId=?
14:18:54,004 DEBUG BaseGeneralDataRegion:59 - Caching[foo.org.hibernate.cache.spi.UpdateTimestampsCache] : [Student] -> [5579091124240384]
14:18:54,004 DEBUG SQL:104 - 
    delete 
    from
        CourseMeeting 
    where
        courseCode=? 
        and day=? 
        and period=? 
        and location=?
14:18:54,005 DEBUG BaseGeneralDataRegion:59 - Caching[foo.org.hibernate.cache.spi.UpdateTimestampsCache] : [CourseMeeting] -> [5579091124244480]
14:18:54,005 DEBUG SQL:104 - 
    delete 
    from
        CourseMeeting 
    where
        courseCode=? 
        and day=? 
        and period=? 
        and location=?
14:18:54,005 DEBUG BaseGeneralDataRegion:59 - Caching[foo.org.hibernate.cache.spi.UpdateTimestampsCache] : [CourseMeeting] -> [5579091124244481]
14:18:54,005 DEBUG SQL:104 - 
    delete 
    from
        Course 
    where
        courseCode=?
14:18:54,017 DEBUG BaseGeneralDataRegion:59 - Caching[foo.org.hibernate.cache.spi.UpdateTimestampsCache] : [Course] -> [5579091124293632]
14:18:54,018 DEBUG BaseGeneralDataRegion:59 - Caching[foo.org.hibernate.cache.spi.UpdateTimestampsCache] : [Student] -> [5579090878537728]
14:18:54,018 DEBUG BaseGeneralDataRegion:59 - Caching[foo.org.hibernate.cache.spi.UpdateTimestampsCache] : [Course] -> [5579090878537728]
14:18:54,018 DEBUG BaseGeneralDataRegion:59 - Caching[foo.org.hibernate.cache.spi.UpdateTimestampsCache] : [Enrolment] -> [5579090878537728]
14:18:54,018 DEBUG BaseGeneralDataRegion:59 - Caching[foo.org.hibernate.cache.spi.UpdateTimestampsCache] : [Student_secretCodes] -> [5579090878537728]
14:18:54,018 DEBUG BaseGeneralDataRegion:59 - Caching[foo.org.hibernate.cache.spi.UpdateTimestampsCache] : [Address] -> [5579090878537728]
14:18:54,018 DEBUG BaseGeneralDataRegion:59 - Caching[foo.org.hibernate.cache.spi.UpdateTimestampsCache] : [CourseMeeting] -> [5579090878537728]
14:18:54,019  INFO CustomRunner:139 - Test: testEntityWithLazyAssnList
14:18:54,020 DEBUG SQL:104 - 
    select
        coursemeet_.courseCode,
        coursemeet_.day,
        coursemeet_.period,
        coursemeet_.location 
    from
        CourseMeeting coursemeet_ 
    where
        coursemeet_.courseCode=? 
        and coursemeet_.day=? 
        and coursemeet_.period=? 
        and coursemeet_.location=?
14:18:54,020 DEBUG SQL:104 - 
    select
        coursemeet_.courseCode,
        coursemeet_.day,
        coursemeet_.period,
        coursemeet_.location 
    from
        CourseMeeting coursemeet_ 
    where
        coursemeet_.courseCode=? 
        and coursemeet_.day=? 
        and coursemeet_.period=? 
        and coursemeet_.location=?
14:18:54,029 DEBUG SQL:104 - 
    insert 
    into
        Course
        (description, courseCode) 
    values
        (?, ?)
14:18:54,030 DEBUG BaseGeneralDataRegion:59 - Caching[foo.org.hibernate.cache.spi.UpdateTimestampsCache] : [Course] -> [5579091124346880]
14:18:54,030 DEBUG SQL:104 - 
    insert 
    into
        CourseMeeting
        (courseCode, day, period, location) 
    values
        (?, ?, ?, ?)
14:18:54,030 DEBUG BaseGeneralDataRegion:59 - Caching[foo.org.hibernate.cache.spi.UpdateTimestampsCache] : [CourseMeeting] -> [5579091124346881]
14:18:54,030 DEBUG SQL:104 - 
    insert 
    into
        CourseMeeting
        (courseCode, day, period, location) 
    values
        (?, ?, ?, ?)
14:18:54,039 DEBUG BaseGeneralDataRegion:59 - Caching[foo.org.hibernate.cache.spi.UpdateTimestampsCache] : [CourseMeeting] -> [5579091124383744]
14:18:54,039 DEBUG SQL:104 - 
    insert 
    into
        Student
        (name_first, name_middle, name_last, preferredCourseCode, studentId) 
    values
        (?, ?, ?, ?, ?)
14:18:54,040 DEBUG BaseGeneralDataRegion:59 - Caching[foo.org.hibernate.cache.spi.UpdateTimestampsCache] : [Student] -> [5579091124387840]
14:18:54,040 DEBUG SQL:104 - 
    insert 
    into
        Address
        (addressType, street, city, stateProvince, postalCode, country, studentNumber, id) 
    values
        (?, ?, ?, ?, ?, ?, ?, ?)
14:18:54,040 DEBUG BaseGeneralDataRegion:59 - Caching[foo.org.hibernate.cache.spi.UpdateTimestampsCache] : [Address] -> [5579091124387841]
14:18:54,040 DEBUG SQL:104 - 
    insert 
    into
        Address
        (addressType, street, city, stateProvince, postalCode, country, studentNumber, id) 
    values
        (?, ?, ?, ?, ?, ?, ?, ?)
14:18:54,040 DEBUG BaseGeneralDataRegion:59 - Caching[foo.org.hibernate.cache.spi.UpdateTimestampsCache] : [Address] -> [5579091124387842]
14:18:54,040 DEBUG SQL:104 - 
    insert 
    into
        Student
        (name_first, name_middle, name_last, preferredCourseCode, studentId) 
    values
        (?, ?, ?, ?, ?)
14:18:54,048 DEBUG BaseGeneralDataRegion:59 - Caching[foo.org.hibernate.cache.spi.UpdateTimestampsCache] : [Student] -> [5579091124420608]
14:18:54,048 DEBUG SQL:104 - 
    insert 
    into
        Enrolment
        (semester, "year", studentId, courseCode) 
    values
        (?, ?, ?, ?)
14:18:54,048 DEBUG BaseGeneralDataRegion:59 - Caching[foo.org.hibernate.cache.spi.UpdateTimestampsCache] : [Enrolment] -> [5579091124420609]
14:18:54,048 DEBUG SQL:104 - 
    insert 
    into
        Enrolment
        (semester, "year", studentId, courseCode) 
    values
        (?, ?, ?, ?)
14:18:54,048 DEBUG BaseGeneralDataRegion:59 - Caching[foo.org.hibernate.cache.spi.UpdateTimestampsCache] : [Enrolment] -> [5579091124420610]
14:18:54,048 DEBUG BaseGeneralDataRegion:59 - Caching[foo.org.hibernate.cache.spi.UpdateTimestampsCache] : [CourseMeeting] -> [5579091124420611]
14:18:54,048 DEBUG BaseGeneralDataRegion:59 - Caching[foo.org.hibernate.cache.spi.UpdateTimestampsCache] : [Enrolment] -> [5579091124420612]
14:18:54,049 DEBUG SQL:104 - 
    update
        Address 
    set
        studentNumber=?,
        addressType=? 
    where
        id=?
14:18:54,058 DEBUG SQL:104 - 
    update
        Address 
    set
        studentNumber=?,
        addressType=? 
    where
        id=?
14:18:54,058 DEBUG BaseGeneralDataRegion:59 - Caching[foo.org.hibernate.cache.spi.UpdateTimestampsCache] : [Address] -> [5579091124461568]
14:18:54,059 DEBUG SQL:104 - 
    insert 
    into
        Student_secretCodes
        (studentNumber, i, secretCode) 
    values
        (?, ?, ?)
14:18:54,060 DEBUG BaseGeneralDataRegion:59 - Caching[foo.org.hibernate.cache.spi.UpdateTimestampsCache] : [Student_secretCodes] -> [5579091124469760]
14:18:54,060 DEBUG BaseGeneralDataRegion:59 - Caching[foo.org.hibernate.cache.spi.UpdateTimestampsCache] : [Enrolment] -> [5579091124469761]
14:18:54,060 DEBUG BaseGeneralDataRegion:59 - Caching[foo.org.hibernate.cache.spi.UpdateTimestampsCache] : [Address] -> [5579091124469762]
14:18:54,061 DEBUG SQL:104 - 
    insert 
    into
        Student_secretCodes
        (studentNumber, i, secretCode) 
    values
        (?, ?, ?)
14:18:54,061 DEBUG SQL:104 - 
    insert 
    into
        Student_secretCodes
        (studentNumber, i, secretCode) 
    values
        (?, ?, ?)
14:18:54,069 DEBUG BaseGeneralDataRegion:59 - Caching[foo.org.hibernate.cache.spi.UpdateTimestampsCache] : [Student_secretCodes] -> [5579091124506624]
14:18:54,069 DEBUG BaseGeneralDataRegion:59 - Caching[foo.org.hibernate.cache.spi.UpdateTimestampsCache] : [Student] -> [5579090878746625]
14:18:54,070 DEBUG BaseGeneralDataRegion:59 - Caching[foo.org.hibernate.cache.spi.UpdateTimestampsCache] : [Course] -> [5579090878746625]
14:18:54,070 DEBUG BaseGeneralDataRegion:59 - Caching[foo.org.hibernate.cache.spi.UpdateTimestampsCache] : [Enrolment] -> [5579090878746625]
14:18:54,070 DEBUG BaseGeneralDataRegion:59 - Caching[foo.org.hibernate.cache.spi.UpdateTimestampsCache] : [Student_secretCodes] -> [5579090878746625]
14:18:54,070 DEBUG BaseGeneralDataRegion:59 - Caching[foo.org.hibernate.cache.spi.UpdateTimestampsCache] : [Address] -> [5579090878746625]
14:18:54,070 DEBUG BaseGeneralDataRegion:59 - Caching[foo.org.hibernate.cache.spi.UpdateTimestampsCache] : [CourseMeeting] -> [5579090878746625]
14:18:54,070 DEBUG QueryTranslatorImpl:265 - parse() - HQL: from org.hibernate.test.querycache.Student order by studentNumber
14:18:54,071 DEBUG QueryTranslatorImpl:283 - --- HQL AST ---
 \-[QUERY] Node: 'query'
    +-[SELECT_FROM] Node: 'SELECT_FROM'
    |  \-[FROM] Node: 'from'
    |     \-[RANGE] Node: 'RANGE'
    |        \-[DOT] Node: '.'
    |           +-[DOT] Node: '.'
    |           |  +-[DOT] Node: '.'
    |           |  |  +-[DOT] Node: '.'
    |           |  |  |  +-[IDENT] Node: 'org'
    |           |  |  |  \-[IDENT] Node: 'hibernate'
    |           |  |  \-[IDENT] Node: 'test'
    |           |  \-[IDENT] Node: 'querycache'
    |           \-[IDENT] Node: 'Student'
    \-[ORDER] Node: 'order'
       \-[IDENT] Node: 'studentNumber'

14:18:54,082 DEBUG ErrorCounter:82 - throwQueryException() : no errors
14:18:54,082 DEBUG FromElement:157 - FromClause{level=1} : org.hibernate.test.querycache.Student (<no alias>) -> student0_
14:18:54,082 DEBUG FromReferenceNode:74 - Resolved : {synthetic-alias} -> {synthetic-alias}
14:18:54,082 DEBUG DotNode:599 - getDataType() : studentNumber -> org.hibernate.type.LongType@4bf3f9d
14:18:54,082 DEBUG FromReferenceNode:74 - Resolved : {synthetic-alias}.studentNumber -> student0_.studentId
14:18:54,083 DEBUG HqlSqlWalker:629 - processQuery() :  ( SELECT ( FromClause{level=1} Student student0_ ) ( order ( student0_.studentId {synthetic-alias} studentNumber ) ) )
14:18:54,083 DEBUG HqlSqlWalker:869 - Derived SELECT clause created.
14:18:54,083 DEBUG JoinProcessor:175 - Using FROM fragment [Student student0_]
14:18:54,083 DEBUG QueryTranslatorImpl:252 - --- SQL AST ---
 \-[SELECT] QueryNode: 'SELECT'  querySpaces (Student)
    +-[SELECT_CLAUSE] SelectClause: '{derived select clause}'
    |  +-[SELECT_EXPR] SelectExpressionImpl: 'student0_.studentId as studentId4_' {FromElement{explicit,not a collection join,not a fetch join,fetch non-lazy properties,classAlias=null,role=null,tableName=Student,tableAlias=student0_,origin=null,columns={,className=org.hibernate.test.querycache.Student}}}
    |  \-[SQL_TOKEN] SqlFragment: 'student0_.name_first as name2_4_, student0_.name_middle as name3_4_, student0_.name_last as name4_4_, student0_.preferredCourseCode as preferre5_4_'
    +-[FROM] FromClause: 'from' FromClause{level=1, fromElementCounter=1, fromElements=1, fromElementByClassAlias=[], fromElementByTableAlias=[student0_], fromElementsByPath=[], collectionJoinFromElementsByPath=[], impliedElements=[]}
    |  \-[FROM_FRAGMENT] FromElement: 'Student student0_' FromElement{explicit,not a collection join,not a fetch join,fetch non-lazy properties,classAlias=null,role=null,tableName=Student,tableAlias=student0_,origin=null,columns={,className=org.hibernate.test.querycache.Student}}
    \-[ORDER] OrderByClause: 'order'
       \-[DOT] DotNode: 'student0_.studentId' {propertyName=studentNumber,dereferenceType=ALL,propertyPath=studentNumber,path={synthetic-alias}.studentNumber,tableAlias=student0_,className=org.hibernate.test.querycache.Student,classAlias=null}
          +-[IDENT] IdentNode: '{synthetic-alias}' {originalText={synthetic-alias}}
          \-[IDENT] IdentNode: 'studentNumber' {originalText=studentNumber}

14:18:54,083 DEBUG ErrorCounter:82 - throwQueryException() : no errors
14:18:54,083 DEBUG QueryTranslatorImpl:235 - HQL: from org.hibernate.test.querycache.Student order by studentNumber
14:18:54,083 DEBUG QueryTranslatorImpl:236 - SQL: select student0_.studentId as studentId4_, student0_.name_first as name2_4_, student0_.name_middle as name3_4_, student0_.name_last as name4_4_, student0_.preferredCourseCode as preferre5_4_ from Student student0_ order by student0_.studentId
14:18:54,084 DEBUG ErrorCounter:82 - throwQueryException() : no errors
14:18:54,084 DEBUG SQL:104 - 
    select
        student0_.studentId as studentId4_,
        student0_.name_first as name2_4_,
        student0_.name_middle as name3_4_,
        student0_.name_last as name4_4_,
        student0_.preferredCourseCode as preferre5_4_ 
    from
        Student student0_ 
    order by
        student0_.studentId
14:18:54,084 DEBUG SQL:104 - 
    select
        secretcode0_.studentNumber as studentN1_4_0_,
        secretcode0_.secretCode as secretCode5_0_,
        secretcode0_.i as i0_ 
    from
        Student_secretCodes secretcode0_ 
    where
        secretcode0_.studentNumber=?
14:18:54,085 DEBUG SQL:104 - 
    select
        secretcode0_.studentNumber as studentN1_4_0_,
        secretcode0_.secretCode as secretCode5_0_,
        secretcode0_.i as i0_ 
    from
        Student_secretCodes secretcode0_ 
    where
        secretcode0_.studentNumber=?
14:18:54,085 DEBUG BaseGeneralDataRegion:59 - Caching[foo.org.hibernate.cache.internal.StandardQueryCache] : [sql: select student0_.studentId as studentId4_, student0_.name_first as name2_4_, student0_.name_middle as name3_4_, student0_.name_last as name4_4_, student0_.preferredCourseCode as preferre5_4_ from Student student0_ order by student0_.studentId; parameters: ; named parameters: {}; transformer: org.hibernate.transform.CacheableResultTransformer@110f2] -> [[5579090878812160, 111, 999]]
14:18:54,085 DEBUG SQL:104 - 
    select
        student0_.studentId as studentId4_,
        student0_.name_first as name2_4_,
        student0_.name_middle as name3_4_,
        student0_.name_last as name4_4_,
        student0_.preferredCourseCode as preferre5_4_ 
    from
        Student student0_ 
    order by
        student0_.studentId
14:18:54,098 DEBUG SQL:104 - 
    select
        secretcode0_.studentNumber as studentN1_4_0_,
        secretcode0_.secretCode as secretCode5_0_,
        secretcode0_.i as i0_ 
    from
        Student_secretCodes secretcode0_ 
    where
        secretcode0_.studentNumber=?
14:18:54,098 DEBUG SQL:104 - 
    select
        secretcode0_.studentNumber as studentN1_4_0_,
        secretcode0_.secretCode as secretCode5_0_,
        secretcode0_.i as i0_ 
    from
        Student_secretCodes secretcode0_ 
    where
        secretcode0_.studentNumber=?
14:18:54,099 DEBUG BaseGeneralDataRegion:59 - Caching[foo.org.hibernate.cache.internal.StandardQueryCache] : [sql: select student0_.studentId as studentId4_, student0_.name_first as name2_4_, student0_.name_middle as name3_4_, student0_.name_last as name4_4_, student0_.preferredCourseCode as preferre5_4_ from Student student0_ order by student0_.studentId; parameters: ; named parameters: {}; transformer: org.hibernate.transform.CacheableResultTransformer@110f2] -> [[5579090878869504, 111, 999]]
14:18:54,099 DEBUG SQL:104 - 
    select
        student_.studentId,
        student_.name_first as name2_4_,
        student_.name_middle as name3_4_,
        student_.name_last as name4_4_,
        student_.preferredCourseCode as preferre5_4_ 
    from
        Student student_ 
    where
        student_.studentId=?
14:18:54,110 DEBUG SQL:104 - 
    select
        enrolment_.studentId,
        enrolment_.courseCode,
        enrolment_.semester as semester3_,
        enrolment_."year" as year4_3_ 
    from
        Enrolment enrolment_ 
    where
        enrolment_.studentId=? 
        and enrolment_.courseCode=?
14:18:54,110 DEBUG SQL:104 - 
    select
        course_.courseCode,
        course_.description as descript2_1_ 
    from
        Course course_ 
    where
        course_.courseCode=?
14:18:54,110 DEBUG SQL:104 - 
    select
        student_.studentId,
        student_.name_first as name2_4_,
        student_.name_middle as name3_4_,
        student_.name_last as name4_4_,
        student_.preferredCourseCode as preferre5_4_ 
    from
        Student student_ 
    where
        student_.studentId=?
14:18:54,110 DEBUG SQL:104 - 
    select
        enrolment_.studentId,
        enrolment_.courseCode,
        enrolment_.semester as semester3_,
        enrolment_."year" as year4_3_ 
    from
        Enrolment enrolment_ 
    where
        enrolment_.studentId=? 
        and enrolment_.courseCode=?
14:18:54,137 DEBUG SQL:104 - 
    select
        coursemeet_.courseCode,
        coursemeet_.day,
        coursemeet_.period,
        coursemeet_.location 
    from
        CourseMeeting coursemeet_ 
    where
        coursemeet_.courseCode=? 
        and coursemeet_.day=? 
        and coursemeet_.period=? 
        and coursemeet_.location=?
14:18:54,137 DEBUG SQL:104 - 
    select
        coursemeet_.courseCode,
        coursemeet_.day,
        coursemeet_.period,
        coursemeet_.location 
    from
        CourseMeeting coursemeet_ 
    where
        coursemeet_.courseCode=? 
        and coursemeet_.day=? 
        and coursemeet_.period=? 
        and coursemeet_.location=?
14:18:54,138 DEBUG BaseGeneralDataRegion:59 - Caching[foo.org.hibernate.cache.spi.UpdateTimestampsCache] : [Enrolment] -> [5579091124789248]
14:18:54,138 DEBUG SQL:104 - 
    update
        Address 
    set
        studentNumber=null,
        addressType=null 
    where
        studentNumber=?
14:18:54,148 DEBUG BaseGeneralDataRegion:59 - Caching[foo.org.hibernate.cache.spi.UpdateTimestampsCache] : [Address] -> [5579091124830208]
14:18:54,148 DEBUG SQL:104 - 
    delete 
    from
        Student_secretCodes 
    where
        studentNumber=?
14:18:54,149 DEBUG BaseGeneralDataRegion:59 - Caching[foo.org.hibernate.cache.spi.UpdateTimestampsCache] : [Student_secretCodes] -> [5579091124834304]
14:18:54,149 DEBUG BaseGeneralDataRegion:59 - Caching[foo.org.hibernate.cache.spi.UpdateTimestampsCache] : [Enrolment] -> [5579091124834305]
14:18:54,149 DEBUG BaseGeneralDataRegion:59 - Caching[foo.org.hibernate.cache.spi.UpdateTimestampsCache] : [Address] -> [5579091124834306]
14:18:54,149 DEBUG SQL:104 - 
    delete 
    from
        Student_secretCodes 
    where
        studentNumber=?
14:18:54,149 DEBUG BaseGeneralDataRegion:59 - Caching[foo.org.hibernate.cache.spi.UpdateTimestampsCache] : [Student_secretCodes] -> [5579091124834307]
14:18:54,149 DEBUG BaseGeneralDataRegion:59 - Caching[foo.org.hibernate.cache.spi.UpdateTimestampsCache] : [CourseMeeting] -> [5579091124834308]
14:18:54,149 DEBUG SQL:104 - 
    delete 
    from
        Enrolment 
    where
        studentId=? 
        and courseCode=?
14:18:54,158 DEBUG BaseGeneralDataRegion:59 - Caching[foo.org.hibernate.cache.spi.UpdateTimestampsCache] : [Enrolment] -> [5579091124871168]
14:18:54,158 DEBUG SQL:104 - 
    delete 
    from
        Address 
    where
        id=?
14:18:54,158 DEBUG BaseGeneralDataRegion:59 - Caching[foo.org.hibernate.cache.spi.UpdateTimestampsCache] : [Address] -> [5579091124871169]
14:18:54,159 DEBUG SQL:104 - 
    delete 
    from
        Address 
    where
        id=?
14:18:54,159 DEBUG BaseGeneralDataRegion:59 - Caching[foo.org.hibernate.cache.spi.UpdateTimestampsCache] : [Address] -> [5579091124875264]
14:18:54,159 DEBUG SQL:104 - 
    delete 
    from
        Student 
    where
        studentId=?
14:18:54,159 DEBUG BaseGeneralDataRegion:59 - Caching[foo.org.hibernate.cache.spi.UpdateTimestampsCache] : [Student] -> [5579091124875265]
14:18:54,159 DEBUG SQL:104 - 
    delete 
    from
        Enrolment 
    where
        studentId=? 
        and courseCode=?
14:18:54,169 DEBUG BaseGeneralDataRegion:59 - Caching[foo.org.hibernate.cache.spi.UpdateTimestampsCache] : [Enrolment] -> [5579091124916224]
14:18:54,169 DEBUG SQL:104 - 
    delete 
    from
        Student 
    where
        studentId=?
14:18:54,169 DEBUG BaseGeneralDataRegion:59 - Caching[foo.org.hibernate.cache.spi.UpdateTimestampsCache] : [Student] -> [5579091124916225]
14:18:54,169 DEBUG SQL:104 - 
    delete 
    from
        CourseMeeting 
    where
        courseCode=? 
        and day=? 
        and period=? 
        and location=?
14:18:54,170 DEBUG BaseGeneralDataRegion:59 - Caching[foo.org.hibernate.cache.spi.UpdateTimestampsCache] : [CourseMeeting] -> [5579091124920320]
14:18:54,170 DEBUG SQL:104 - 
    delete 
    from
        CourseMeeting 
    where
        courseCode=? 
        and day=? 
        and period=? 
        and location=?
14:18:54,170 DEBUG BaseGeneralDataRegion:59 - Caching[foo.org.hibernate.cache.spi.UpdateTimestampsCache] : [CourseMeeting] -> [5579091124920321]
14:18:54,170 DEBUG SQL:104 - 
    delete 
    from
        Course 
    where
        courseCode=?
14:18:54,180 DEBUG BaseGeneralDataRegion:59 - Caching[foo.org.hibernate.cache.spi.UpdateTimestampsCache] : [Course] -> [5579091124961280]
14:18:54,180 DEBUG BaseGeneralDataRegion:59 - Caching[foo.org.hibernate.cache.spi.UpdateTimestampsCache] : [Student] -> [5579090879201281]
14:18:54,180 DEBUG BaseGeneralDataRegion:59 - Caching[foo.org.hibernate.cache.spi.UpdateTimestampsCache] : [Course] -> [5579090879201281]
14:18:54,180 DEBUG BaseGeneralDataRegion:59 - Caching[foo.org.hibernate.cache.spi.UpdateTimestampsCache] : [Enrolment] -> [5579090879201281]
14:18:54,180 DEBUG BaseGeneralDataRegion:59 - Caching[foo.org.hibernate.cache.spi.UpdateTimestampsCache] : [Student_secretCodes] -> [5579090879201281]
14:18:54,181 DEBUG BaseGeneralDataRegion:59 - Caching[foo.org.hibernate.cache.spi.UpdateTimestampsCache] : [Address] -> [5579090879201281]
14:18:54,181 DEBUG BaseGeneralDataRegion:59 - Caching[foo.org.hibernate.cache.spi.UpdateTimestampsCache] : [CourseMeeting] -> [5579090879201281]
14:18:54,181  INFO CustomRunner:139 - Test: testEntityWithLazyAssnUnique
14:18:54,182 DEBUG SQL:104 - 
    select
        coursemeet_.courseCode,
        coursemeet_.day,
        coursemeet_.period,
        coursemeet_.location 
    from
        CourseMeeting coursemeet_ 
    where
        coursemeet_.courseCode=? 
        and coursemeet_.day=? 
        and coursemeet_.period=? 
        and coursemeet_.location=?
14:18:54,183 DEBUG SQL:104 - 
    select
        coursemeet_.courseCode,
        coursemeet_.day,
        coursemeet_.period,
        coursemeet_.location 
    from
        CourseMeeting coursemeet_ 
    where
        coursemeet_.courseCode=? 
        and coursemeet_.day=? 
        and coursemeet_.period=? 
        and coursemeet_.location=?
14:18:54,190 DEBUG SQL:104 - 
    insert 
    into
        Course
        (description, courseCode) 
    values
        (?, ?)
14:18:54,190 DEBUG BaseGeneralDataRegion:59 - Caching[foo.org.hibernate.cache.spi.UpdateTimestampsCache] : [Course] -> [5579091125002240]
14:18:54,191 DEBUG SQL:104 - 
    insert 
    into
        CourseMeeting
        (courseCode, day, period, location) 
    values
        (?, ?, ?, ?)
14:18:54,191 DEBUG BaseGeneralDataRegion:59 - Caching[foo.org.hibernate.cache.spi.UpdateTimestampsCache] : [CourseMeeting] -> [5579091125006336]
14:18:54,191 DEBUG SQL:104 - 
    insert 
    into
        CourseMeeting
        (courseCode, day, period, location) 
    values
        (?, ?, ?, ?)
14:18:54,200 DEBUG BaseGeneralDataRegion:59 - Caching[foo.org.hibernate.cache.spi.UpdateTimestampsCache] : [CourseMeeting] -> [5579091125043200]
14:18:54,200 DEBUG SQL:104 - 
    insert 
    into
        Student
        (name_first, name_middle, name_last, preferredCourseCode, studentId) 
    values
        (?, ?, ?, ?, ?)
14:18:54,201 DEBUG BaseGeneralDataRegion:59 - Caching[foo.org.hibernate.cache.spi.UpdateTimestampsCache] : [Student] -> [5579091125047296]
14:18:54,201 DEBUG SQL:104 - 
    insert 
    into
        Address
        (addressType, street, city, stateProvince, postalCode, country, studentNumber, id) 
    values
        (?, ?, ?, ?, ?, ?, ?, ?)
14:18:54,201 DEBUG BaseGeneralDataRegion:59 - Caching[foo.org.hibernate.cache.spi.UpdateTimestampsCache] : [Address] -> [5579091125047297]
14:18:54,201 DEBUG SQL:104 - 
    insert 
    into
        Address
        (addressType, street, city, stateProvince, postalCode, country, studentNumber, id) 
    values
        (?, ?, ?, ?, ?, ?, ?, ?)
14:18:54,201 DEBUG BaseGeneralDataRegion:59 - Caching[foo.org.hibernate.cache.spi.UpdateTimestampsCache] : [Address] -> [5579091125047298]
14:18:54,201 DEBUG SQL:104 - 
    insert 
    into
        Student
        (name_first, name_middle, name_last, preferredCourseCode, studentId) 
    values
        (?, ?, ?, ?, ?)
14:18:54,202 DEBUG BaseGeneralDataRegion:59 - Caching[foo.org.hibernate.cache.spi.UpdateTimestampsCache] : [Student] -> [5579091125051392]
14:18:54,202 DEBUG SQL:104 - 
    insert 
    into
        Enrolment
        (semester, "year", studentId, courseCode) 
    values
        (?, ?, ?, ?)
14:18:54,202 DEBUG BaseGeneralDataRegion:59 - Caching[foo.org.hibernate.cache.spi.UpdateTimestampsCache] : [Enrolment] -> [5579091125051393]
14:18:54,202 DEBUG SQL:104 - 
    insert 
    into
        Enrolment
        (semester, "year", studentId, courseCode) 
    values
        (?, ?, ?, ?)
14:18:54,202 DEBUG BaseGeneralDataRegion:59 - Caching[foo.org.hibernate.cache.spi.UpdateTimestampsCache] : [Enrolment] -> [5579091125051394]
14:18:54,202 DEBUG BaseGeneralDataRegion:59 - Caching[foo.org.hibernate.cache.spi.UpdateTimestampsCache] : [CourseMeeting] -> [5579091125051395]
14:18:54,202 DEBUG BaseGeneralDataRegion:59 - Caching[foo.org.hibernate.cache.spi.UpdateTimestampsCache] : [Enrolment] -> [5579091125051396]
14:18:54,202 DEBUG SQL:104 - 
    update
        Address 
    set
        studentNumber=?,
        addressType=? 
    where
        id=?
14:18:54,215 DEBUG SQL:104 - 
    update
        Address 
    set
        studentNumber=?,
        addressType=? 
    where
        id=?
14:18:54,215 DEBUG BaseGeneralDataRegion:59 - Caching[foo.org.hibernate.cache.spi.UpdateTimestampsCache] : [Address] -> [5579091125104640]
14:18:54,215 DEBUG SQL:104 - 
    insert 
    into
        Student_secretCodes
        (studentNumber, i, secretCode) 
    values
        (?, ?, ?)
14:18:54,216 DEBUG BaseGeneralDataRegion:59 - Caching[foo.org.hibernate.cache.spi.UpdateTimestampsCache] : [Student_secretCodes] -> [5579091125108736]
14:18:54,216 DEBUG BaseGeneralDataRegion:59 - Caching[foo.org.hibernate.cache.spi.UpdateTimestampsCache] : [Enrolment] -> [5579091125108737]
14:18:54,216 DEBUG BaseGeneralDataRegion:59 - Caching[foo.org.hibernate.cache.spi.UpdateTimestampsCache] : [Address] -> [5579091125108738]
14:18:54,216 DEBUG SQL:104 - 
    insert 
    into
        Student_secretCodes
        (studentNumber, i, secretCode) 
    values
        (?, ?, ?)
14:18:54,224 DEBUG SQL:104 - 
    insert 
    into
        Student_secretCodes
        (studentNumber, i, secretCode) 
    values
        (?, ?, ?)
14:18:54,225 DEBUG BaseGeneralDataRegion:59 - Caching[foo.org.hibernate.cache.spi.UpdateTimestampsCache] : [Student_secretCodes] -> [5579091125145600]
14:18:54,225 DEBUG BaseGeneralDataRegion:59 - Caching[foo.org.hibernate.cache.spi.UpdateTimestampsCache] : [Student] -> [5579090879385601]
14:18:54,225 DEBUG BaseGeneralDataRegion:59 - Caching[foo.org.hibernate.cache.spi.UpdateTimestampsCache] : [Course] -> [5579090879385601]
14:18:54,225 DEBUG BaseGeneralDataRegion:59 - Caching[foo.org.hibernate.cache.spi.UpdateTimestampsCache] : [Enrolment] -> [5579090879385601]
14:18:54,226 DEBUG BaseGeneralDataRegion:59 - Caching[foo.org.hibernate.cache.spi.UpdateTimestampsCache] : [Student_secretCodes] -> [5579090879385601]
14:18:54,226 DEBUG BaseGeneralDataRegion:59 - Caching[foo.org.hibernate.cache.spi.UpdateTimestampsCache] : [Address] -> [5579090879385601]
14:18:54,226 DEBUG BaseGeneralDataRegion:59 - Caching[foo.org.hibernate.cache.spi.UpdateTimestampsCache] : [CourseMeeting] -> [5579090879385601]
14:18:54,226 DEBUG QueryTranslatorImpl:265 - parse() - HQL: from org.hibernate.test.querycache.Student s where s.studentNumber = :studentNumber
14:18:54,227 DEBUG QueryTranslatorImpl:283 - --- HQL AST ---
 \-[QUERY] Node: 'query'
    +-[SELECT_FROM] Node: 'SELECT_FROM'
    |  \-[FROM] Node: 'from'
    |     \-[RANGE] Node: 'RANGE'
    |        +-[DOT] Node: '.'
    |        |  +-[DOT] Node: '.'
    |        |  |  +-[DOT] Node: '.'
    |        |  |  |  +-[DOT] Node: '.'
    |        |  |  |  |  +-[IDENT] Node: 'org'
    |        |  |  |  |  \-[IDENT] Node: 'hibernate'
    |        |  |  |  \-[IDENT] Node: 'test'
    |        |  |  \-[IDENT] Node: 'querycache'
    |        |  \-[IDENT] Node: 'Student'
    |        \-[ALIAS] Node: 's'
    \-[WHERE] Node: 'where'
       \-[EQ] Node: '='
          +-[DOT] Node: '.'
          |  +-[IDENT] Node: 's'
          |  \-[IDENT] Node: 'studentNumber'
          \-[COLON] Node: ':'
             \-[IDENT] Node: 'studentNumber'

14:18:54,229 DEBUG ErrorCounter:82 - throwQueryException() : no errors
14:18:54,229 DEBUG FromElement:157 - FromClause{level=1} : org.hibernate.test.querycache.Student (s) -> student0_
14:18:54,229 DEBUG FromReferenceNode:74 - Resolved : s -> student0_.studentId
14:18:54,246 DEBUG DotNode:599 - getDataType() : studentNumber -> org.hibernate.type.LongType@4bf3f9d
14:18:54,247 DEBUG FromReferenceNode:74 - Resolved : s.studentNumber -> student0_.studentId
14:18:54,247 DEBUG HqlSqlWalker:629 - processQuery() :  ( SELECT ( FromClause{level=1} Student student0_ ) ( where ( = ( student0_.studentId student0_.studentId studentNumber ) ? ) ) )
14:18:54,247 DEBUG HqlSqlWalker:869 - Derived SELECT clause created.
14:18:54,247 DEBUG JoinProcessor:175 - Using FROM fragment [Student student0_]
14:18:54,247 DEBUG QueryTranslatorImpl:252 - --- SQL AST ---
 \-[SELECT] QueryNode: 'SELECT'  querySpaces (Student)
    +-[SELECT_CLAUSE] SelectClause: '{derived select clause}'
    |  +-[SELECT_EXPR] SelectExpressionImpl: 'student0_.studentId as studentId4_' {FromElement{explicit,not a collection join,not a fetch join,fetch non-lazy properties,classAlias=s,role=null,tableName=Student,tableAlias=student0_,origin=null,columns={,className=org.hibernate.test.querycache.Student}}}
    |  \-[SQL_TOKEN] SqlFragment: 'student0_.name_first as name2_4_, student0_.name_middle as name3_4_, student0_.name_last as name4_4_, student0_.preferredCourseCode as preferre5_4_'
    +-[FROM] FromClause: 'from' FromClause{level=1, fromElementCounter=1, fromElements=1, fromElementByClassAlias=[s], fromElementByTableAlias=[student0_], fromElementsByPath=[], collectionJoinFromElementsByPath=[], impliedElements=[]}
    |  \-[FROM_FRAGMENT] FromElement: 'Student student0_' FromElement{explicit,not a collection join,not a fetch join,fetch non-lazy properties,classAlias=s,role=null,tableName=Student,tableAlias=student0_,origin=null,columns={,className=org.hibernate.test.querycache.Student}}
    \-[WHERE] SqlNode: 'where'
       \-[EQ] BinaryLogicOperatorNode: '='
          +-[DOT] DotNode: 'student0_.studentId' {propertyName=studentNumber,dereferenceType=ALL,propertyPath=studentNumber,path=s.studentNumber,tableAlias=student0_,className=org.hibernate.test.querycache.Student,classAlias=s}
          |  +-[ALIAS_REF] IdentNode: 'student0_.studentId' {alias=s, className=org.hibernate.test.querycache.Student, tableAlias=student0_}
          |  \-[IDENT] IdentNode: 'studentNumber' {originalText=studentNumber}
          \-[NAMED_PARAM] ParameterNode: '?' {name=studentNumber, expectedType=org.hibernate.type.LongType@4bf3f9d}

14:18:54,248 DEBUG ErrorCounter:82 - throwQueryException() : no errors
14:18:54,248 DEBUG QueryTranslatorImpl:235 - HQL: from org.hibernate.test.querycache.Student s where s.studentNumber = :studentNumber
14:18:54,248 DEBUG QueryTranslatorImpl:236 - SQL: select student0_.studentId as studentId4_, student0_.name_first as name2_4_, student0_.name_middle as name3_4_, student0_.name_last as name4_4_, student0_.preferredCourseCode as preferre5_4_ from Student student0_ where student0_.studentId=?
14:18:54,248 DEBUG ErrorCounter:82 - throwQueryException() : no errors
14:18:54,248 DEBUG SQL:104 - 
    select
        student0_.studentId as studentId4_,
        student0_.name_first as name2_4_,
        student0_.name_middle as name3_4_,
        student0_.name_last as name4_4_,
        student0_.preferredCourseCode as preferre5_4_ 
    from
        Student student0_ 
    where
        student0_.studentId=?
14:18:54,257 DEBUG SQL:104 - 
    select
        secretcode0_.studentNumber as studentN1_4_0_,
        secretcode0_.secretCode as secretCode5_0_,
        secretcode0_.i as i0_ 
    from
        Student_secretCodes secretcode0_ 
    where
        secretcode0_.studentNumber=?
14:18:54,257 DEBUG BaseGeneralDataRegion:59 - Caching[foo.org.hibernate.cache.internal.StandardQueryCache] : [sql: select student0_.studentId as studentId4_, student0_.name_first as name2_4_, student0_.name_middle as name3_4_, student0_.name_last as name4_4_, student0_.preferredCourseCode as preferre5_4_ from Student student0_ where student0_.studentId=?; parameters: ; named parameters: {studentNumber=999}; transformer: org.hibernate.transform.CacheableResultTransformer@110f2] -> [[5579090879516672, 999]]
14:18:54,258 DEBUG SQL:104 - 
    select
        student0_.studentId as studentId4_,
        student0_.name_first as name2_4_,
        student0_.name_middle as name3_4_,
        student0_.name_last as name4_4_,
        student0_.preferredCourseCode as preferre5_4_ 
    from
        Student student0_ 
    where
        student0_.studentId=?
14:18:54,258 DEBUG SQL:104 - 
    select
        secretcode0_.studentNumber as studentN1_4_0_,
        secretcode0_.secretCode as secretCode5_0_,
        secretcode0_.i as i0_ 
    from
        Student_secretCodes secretcode0_ 
    where
        secretcode0_.studentNumber=?
14:18:54,266 DEBUG BaseGeneralDataRegion:59 - Caching[foo.org.hibernate.cache.internal.StandardQueryCache] : [sql: select student0_.studentId as studentId4_, student0_.name_first as name2_4_, student0_.name_middle as name3_4_, student0_.name_last as name4_4_, student0_.preferredCourseCode as preferre5_4_ from Student student0_ where student0_.studentId=?; parameters: ; named parameters: {studentNumber=999}; transformer: org.hibernate.transform.CacheableResultTransformer@110f2] -> [[5579090879553536, 999]]
14:18:54,267 DEBUG SQL:104 - 
    select
        student_.studentId,
        student_.name_first as name2_4_,
        student_.name_middle as name3_4_,
        student_.name_last as name4_4_,
        student_.preferredCourseCode as preferre5_4_ 
    from
        Student student_ 
    where
        student_.studentId=?
14:18:54,267 DEBUG SQL:104 - 
    select
        enrolment_.studentId,
        enrolment_.courseCode,
        enrolment_.semester as semester3_,
        enrolment_."year" as year4_3_ 
    from
        Enrolment enrolment_ 
    where
        enrolment_.studentId=? 
        and enrolment_.courseCode=?
14:18:54,267 DEBUG SQL:104 - 
    select
        course_.courseCode,
        course_.description as descript2_1_ 
    from
        Course course_ 
    where
        course_.courseCode=?
14:18:54,276 DEBUG SQL:104 - 
    select
        student_.studentId,
        student_.name_first as name2_4_,
        student_.name_middle as name3_4_,
        student_.name_last as name4_4_,
        student_.preferredCourseCode as preferre5_4_ 
    from
        Student student_ 
    where
        student_.studentId=?
14:18:54,277 DEBUG SQL:104 - 
    select
        enrolment_.studentId,
        enrolment_.courseCode,
        enrolment_.semester as semester3_,
        enrolment_."year" as year4_3_ 
    from
        Enrolment enrolment_ 
    where
        enrolment_.studentId=? 
        and enrolment_.courseCode=?
14:18:54,277 DEBUG SQL:104 - 
    select
        coursemeet_.courseCode,
        coursemeet_.day,
        coursemeet_.period,
        coursemeet_.location 
    from
        CourseMeeting coursemeet_ 
    where
        coursemeet_.courseCode=? 
        and coursemeet_.day=? 
        and coursemeet_.period=? 
        and coursemeet_.location=?
14:18:54,286 DEBUG SQL:104 - 
    select
        coursemeet_.courseCode,
        coursemeet_.day,
        coursemeet_.period,
        coursemeet_.location 
    from
        CourseMeeting coursemeet_ 
    where
        coursemeet_.courseCode=? 
        and coursemeet_.day=? 
        and coursemeet_.period=? 
        and coursemeet_.location=?
14:18:54,286 DEBUG BaseGeneralDataRegion:59 - Caching[foo.org.hibernate.cache.spi.UpdateTimestampsCache] : [Enrolment] -> [5579091125395456]
14:18:54,287 DEBUG SQL:104 - 
    update
        Address 
    set
        studentNumber=null,
        addressType=null 
    where
        studentNumber=?
14:18:54,295 DEBUG BaseGeneralDataRegion:59 - Caching[foo.org.hibernate.cache.spi.UpdateTimestampsCache] : [Address] -> [5579091125432320]
14:18:54,296 DEBUG SQL:104 - 
    delete 
    from
        Student_secretCodes 
    where
        studentNumber=?
14:18:54,296 DEBUG BaseGeneralDataRegion:59 - Caching[foo.org.hibernate.cache.spi.UpdateTimestampsCache] : [Student_secretCodes] -> [5579091125436416]
14:18:54,296 DEBUG BaseGeneralDataRegion:59 - Caching[foo.org.hibernate.cache.spi.UpdateTimestampsCache] : [Enrolment] -> [5579091125436417]
14:18:54,296 DEBUG BaseGeneralDataRegion:59 - Caching[foo.org.hibernate.cache.spi.UpdateTimestampsCache] : [Address] -> [5579091125436418]
14:18:54,296 DEBUG SQL:104 - 
    delete 
    from
        Student_secretCodes 
    where
        studentNumber=?
14:18:54,296 DEBUG BaseGeneralDataRegion:59 - Caching[foo.org.hibernate.cache.spi.UpdateTimestampsCache] : [Student_secretCodes] -> [5579091125436419]
14:18:54,296 DEBUG BaseGeneralDataRegion:59 - Caching[foo.org.hibernate.cache.spi.UpdateTimestampsCache] : [CourseMeeting] -> [5579091125436420]
14:18:54,297 DEBUG SQL:104 - 
    delete 
    from
        Enrolment 
    where
        studentId=? 
        and courseCode=?
14:18:54,297 DEBUG BaseGeneralDataRegion:59 - Caching[foo.org.hibernate.cache.spi.UpdateTimestampsCache] : [Enrolment] -> [5579091125440512]
14:18:54,297 DEBUG SQL:104 - 
    delete 
    from
        Address 
    where
        id=?
14:18:54,307 DEBUG BaseGeneralDataRegion:59 - Caching[foo.org.hibernate.cache.spi.UpdateTimestampsCache] : [Address] -> [5579091125481472]
14:18:54,307 DEBUG SQL:104 - 
    delete 
    from
        Address 
    where
        id=?
14:18:54,307 DEBUG BaseGeneralDataRegion:59 - Caching[foo.org.hibernate.cache.spi.UpdateTimestampsCache] : [Address] -> [5579091125481473]
14:18:54,307 DEBUG SQL:104 - 
    delete 
    from
        Student 
    where
        studentId=?
14:18:54,307 DEBUG BaseGeneralDataRegion:59 - Caching[foo.org.hibernate.cache.spi.UpdateTimestampsCache] : [Student] -> [5579091125481474]
14:18:54,307 DEBUG SQL:104 - 
    delete 
    from
        Enrolment 
    where
        studentId=? 
        and courseCode=?
14:18:54,308 DEBUG BaseGeneralDataRegion:59 - Caching[foo.org.hibernate.cache.spi.UpdateTimestampsCache] : [Enrolment] -> [5579091125485568]
14:18:54,308 DEBUG SQL:104 - 
    delete 
    from
        Student 
    where
        studentId=?
14:18:54,317 DEBUG BaseGeneralDataRegion:59 - Caching[foo.org.hibernate.cache.spi.UpdateTimestampsCache] : [Student] -> [5579091125522432]
14:18:54,317 DEBUG SQL:104 - 
    delete 
    from
        CourseMeeting 
    where
        courseCode=? 
        and day=? 
        and period=? 
        and location=?
14:18:54,317 DEBUG BaseGeneralDataRegion:59 - Caching[foo.org.hibernate.cache.spi.UpdateTimestampsCache] : [CourseMeeting] -> [5579091125522433]
14:18:54,317 DEBUG SQL:104 - 
    delete 
    from
        CourseMeeting 
    where
        courseCode=? 
        and day=? 
        and period=? 
        and location=?
14:18:54,318 DEBUG BaseGeneralDataRegion:59 - Caching[foo.org.hibernate.cache.spi.UpdateTimestampsCache] : [CourseMeeting] -> [5579091125526528]
14:18:54,318 DEBUG SQL:104 - 
    delete 
    from
        Course 
    where
        courseCode=?
14:18:54,318 DEBUG BaseGeneralDataRegion:59 - Caching[foo.org.hibernate.cache.spi.UpdateTimestampsCache] : [Course] -> [5579091125526529]
14:18:54,327 DEBUG BaseGeneralDataRegion:59 - Caching[foo.org.hibernate.cache.spi.UpdateTimestampsCache] : [Student] -> [5579090879803392]
14:18:54,328 DEBUG BaseGeneralDataRegion:59 - Caching[foo.org.hibernate.cache.spi.UpdateTimestampsCache] : [Course] -> [5579090879803392]
14:18:54,328 DEBUG BaseGeneralDataRegion:59 - Caching[foo.org.hibernate.cache.spi.UpdateTimestampsCache] : [Enrolment] -> [5579090879803392]
14:18:54,328 DEBUG BaseGeneralDataRegion:59 - Caching[foo.org.hibernate.cache.spi.UpdateTimestampsCache] : [Student_secretCodes] -> [5579090879803392]
14:18:54,328 DEBUG BaseGeneralDataRegion:59 - Caching[foo.org.hibernate.cache.spi.UpdateTimestampsCache] : [Address] -> [5579090879803392]
14:18:54,328 DEBUG BaseGeneralDataRegion:59 - Caching[foo.org.hibernate.cache.spi.UpdateTimestampsCache] : [CourseMeeting] -> [5579090879803392]
14:18:54,328  INFO CustomRunner:139 - Test: testEntityWithNonLazyManyToOneList
14:18:54,329 DEBUG SQL:104 - 
    select
        coursemeet_.courseCode,
        coursemeet_.day,
        coursemeet_.period,
        coursemeet_.location 
    from
        CourseMeeting coursemeet_ 
    where
        coursemeet_.courseCode=? 
        and coursemeet_.day=? 
        and coursemeet_.period=? 
        and coursemeet_.location=?
14:18:54,330 DEBUG SQL:104 - 
    select
        coursemeet_.courseCode,
        coursemeet_.day,
        coursemeet_.period,
        coursemeet_.location 
    from
        CourseMeeting coursemeet_ 
    where
        coursemeet_.courseCode=? 
        and coursemeet_.day=? 
        and coursemeet_.period=? 
        and coursemeet_.location=?
14:18:54,331 DEBUG SQL:104 - 
    insert 
    into
        Course
        (description, courseCode) 
    values
        (?, ?)
14:18:54,331 DEBUG BaseGeneralDataRegion:59 - Caching[foo.org.hibernate.cache.spi.UpdateTimestampsCache] : [Course] -> [5579091125579776]
14:18:54,331 DEBUG SQL:104 - 
    insert 
    into
        CourseMeeting
        (courseCode, day, period, location) 
    values
        (?, ?, ?, ?)
14:18:54,331 DEBUG BaseGeneralDataRegion:59 - Caching[foo.org.hibernate.cache.spi.UpdateTimestampsCache] : [CourseMeeting] -> [5579091125579777]
14:18:54,331 DEBUG SQL:104 - 
    insert 
    into
        CourseMeeting
        (courseCode, day, period, location) 
    values
        (?, ?, ?, ?)
14:18:54,331 DEBUG BaseGeneralDataRegion:59 - Caching[foo.org.hibernate.cache.spi.UpdateTimestampsCache] : [CourseMeeting] -> [5579091125579778]
14:18:54,340 DEBUG SQL:104 - 
    insert 
    into
        Student
        (name_first, name_middle, name_last, preferredCourseCode, studentId) 
    values
        (?, ?, ?, ?, ?)
14:18:54,340 DEBUG BaseGeneralDataRegion:59 - Caching[foo.org.hibernate.cache.spi.UpdateTimestampsCache] : [Student] -> [5579091125616640]
14:18:54,340 DEBUG SQL:104 - 
    insert 
    into
        Address
        (addressType, street, city, stateProvince, postalCode, country, studentNumber, id) 
    values
        (?, ?, ?, ?, ?, ?, ?, ?)
14:18:54,341 DEBUG BaseGeneralDataRegion:59 - Caching[foo.org.hibernate.cache.spi.UpdateTimestampsCache] : [Address] -> [5579091125620736]
14:18:54,341 DEBUG SQL:104 - 
    insert 
    into
        Address
        (addressType, street, city, stateProvince, postalCode, country, studentNumber, id) 
    values
        (?, ?, ?, ?, ?, ?, ?, ?)
14:18:54,341 DEBUG BaseGeneralDataRegion:59 - Caching[foo.org.hibernate.cache.spi.UpdateTimestampsCache] : [Address] -> [5579091125620737]
14:18:54,341 DEBUG SQL:104 - 
    insert 
    into
        Student
        (name_first, name_middle, name_last, preferredCourseCode, studentId) 
    values
        (?, ?, ?, ?, ?)
14:18:54,350 DEBUG BaseGeneralDataRegion:59 - Caching[foo.org.hibernate.cache.spi.UpdateTimestampsCache] : [Student] -> [5579091125657600]
14:18:54,350 DEBUG SQL:104 - 
    insert 
    into
        Enrolment
        (semester, "year", studentId, courseCode) 
    values
        (?, ?, ?, ?)
14:18:54,351 DEBUG BaseGeneralDataRegion:59 - Caching[foo.org.hibernate.cache.spi.UpdateTimestampsCache] : [Enrolment] -> [5579091125661696]
14:18:54,351 DEBUG SQL:104 - 
    insert 
    into
        Enrolment
        (semester, "year", studentId, courseCode) 
    values
        (?, ?, ?, ?)
14:18:54,351 DEBUG BaseGeneralDataRegion:59 - Caching[foo.org.hibernate.cache.spi.UpdateTimestampsCache] : [Enrolment] -> [5579091125661697]
14:18:54,351 DEBUG BaseGeneralDataRegion:59 - Caching[foo.org.hibernate.cache.spi.UpdateTimestampsCache] : [CourseMeeting] -> [5579091125661698]
14:18:54,351 DEBUG BaseGeneralDataRegion:59 - Caching[foo.org.hibernate.cache.spi.UpdateTimestampsCache] : [Enrolment] -> [5579091125661699]
14:18:54,351 DEBUG SQL:104 - 
    update
        Address 
    set
        studentNumber=?,
        addressType=? 
    where
        id=?
14:18:54,351 DEBUG SQL:104 - 
    update
        Address 
    set
        studentNumber=?,
        addressType=? 
    where
        id=?
14:18:54,352 DEBUG BaseGeneralDataRegion:59 - Caching[foo.org.hibernate.cache.spi.UpdateTimestampsCache] : [Address] -> [5579091125665792]
14:18:54,352 DEBUG SQL:104 - 
    insert 
    into
        Student_secretCodes
        (studentNumber, i, secretCode) 
    values
        (?, ?, ?)
14:18:54,373 DEBUG BaseGeneralDataRegion:59 - Caching[foo.org.hibernate.cache.spi.UpdateTimestampsCache] : [Student_secretCodes] -> [5579091125751808]
14:18:54,373 DEBUG BaseGeneralDataRegion:59 - Caching[foo.org.hibernate.cache.spi.UpdateTimestampsCache] : [Enrolment] -> [5579091125751809]
14:18:54,373 DEBUG BaseGeneralDataRegion:59 - Caching[foo.org.hibernate.cache.spi.UpdateTimestampsCache] : [Address] -> [5579091125751810]
14:18:54,373 DEBUG SQL:104 - 
    insert 
    into
        Student_secretCodes
        (studentNumber, i, secretCode) 
    values
        (?, ?, ?)
14:18:54,373 DEBUG SQL:104 - 
    insert 
    into
        Student_secretCodes
        (studentNumber, i, secretCode) 
    values
        (?, ?, ?)
14:18:54,374 DEBUG BaseGeneralDataRegion:59 - Caching[foo.org.hibernate.cache.spi.UpdateTimestampsCache] : [Student_secretCodes] -> [5579091125755904]
14:18:54,374 DEBUG BaseGeneralDataRegion:59 - Caching[foo.org.hibernate.cache.spi.UpdateTimestampsCache] : [Student] -> [5579090879995905]
14:18:54,374 DEBUG BaseGeneralDataRegion:59 - Caching[foo.org.hibernate.cache.spi.UpdateTimestampsCache] : [Course] -> [5579090879995905]
14:18:54,374 DEBUG BaseGeneralDataRegion:59 - Caching[foo.org.hibernate.cache.spi.UpdateTimestampsCache] : [Enrolment] -> [5579090879995905]
14:18:54,374 DEBUG BaseGeneralDataRegion:59 - Caching[foo.org.hibernate.cache.spi.UpdateTimestampsCache] : [Student_secretCodes] -> [5579090879995905]
14:18:54,374 DEBUG BaseGeneralDataRegion:59 - Caching[foo.org.hibernate.cache.spi.UpdateTimestampsCache] : [Address] -> [5579090879995905]
14:18:54,374 DEBUG BaseGeneralDataRegion:59 - Caching[foo.org.hibernate.cache.spi.UpdateTimestampsCache] : [CourseMeeting] -> [5579090879995905]
14:18:54,375 DEBUG QueryTranslatorImpl:265 - parse() - HQL: from org.hibernate.test.querycache.CourseMeeting order by id.day
14:18:54,376 DEBUG QueryTranslatorImpl:283 - --- HQL AST ---
 \-[QUERY] Node: 'query'
    +-[SELECT_FROM] Node: 'SELECT_FROM'
    |  \-[FROM] Node: 'from'
    |     \-[RANGE] Node: 'RANGE'
    |        \-[DOT] Node: '.'
    |           +-[DOT] Node: '.'
    |           |  +-[DOT] Node: '.'
    |           |  |  +-[DOT] Node: '.'
    |           |  |  |  +-[IDENT] Node: 'org'
    |           |  |  |  \-[IDENT] Node: 'hibernate'
    |           |  |  \-[IDENT] Node: 'test'
    |           |  \-[IDENT] Node: 'querycache'
    |           \-[IDENT] Node: 'CourseMeeting'
    \-[ORDER] Node: 'order'
       \-[DOT] Node: '.'
          +-[IDENT] Node: 'id'
          \-[IDENT] Node: 'day'

14:18:54,383 DEBUG ErrorCounter:82 - throwQueryException() : no errors
14:18:54,383 DEBUG FromElement:157 - FromClause{level=1} : org.hibernate.test.querycache.CourseMeeting (<no alias>) -> coursemeet0_
14:18:54,384 DEBUG FromReferenceNode:74 - Resolved : {synthetic-alias} -> {synthetic-alias}
14:18:54,384 DEBUG DotNode:599 - getDataType() : id -> org.hibernate.type.ComponentType@30ba70c4
14:18:54,384 DEBUG DotNode:585 - Unresolved property path is now 'id.day'
14:18:54,384 DEBUG FromReferenceNode:74 - Resolved : {synthetic-alias}.id -> coursemeet0_.day
14:18:54,384 DEBUG DotNode:599 - getDataType() : id.day -> org.hibernate.type.StringType@2dc8de40
14:18:54,384 DEBUG FromReferenceNode:74 - Resolved : {synthetic-alias}.id.day -> coursemeet0_.day
14:18:54,384 DEBUG HqlSqlWalker:629 - processQuery() :  ( SELECT ( FromClause{level=1} CourseMeeting coursemeet0_ ) ( order ( coursemeet0_.day ( coursemeet0_.day {synthetic-alias} id ) day ) ) )
14:18:54,384 DEBUG HqlSqlWalker:869 - Derived SELECT clause created.
14:18:54,385 DEBUG JoinProcessor:175 - Using FROM fragment [CourseMeeting coursemeet0_]
14:18:54,385 DEBUG QueryTranslatorImpl:252 - --- SQL AST ---
 \-[SELECT] QueryNode: 'SELECT'  querySpaces (CourseMeeting)
    +-[SELECT_CLAUSE] SelectClause: '{derived select clause}'
    |  \-[SELECT_EXPR] SelectExpressionImpl: 'coursemeet0_.courseCode as courseCode2_, coursemeet0_.day as day2_, coursemeet0_.period as period2_, coursemeet0_.location as location2_' {FromElement{explicit,not a collection join,not a fetch join,fetch non-lazy properties,classAlias=null,role=null,tableName=CourseMeeting,tableAlias=coursemeet0_,origin=null,columns={,className=org.hibernate.test.querycache.CourseMeeting}}}
    +-[FROM] FromClause: 'from' FromClause{level=1, fromElementCounter=1, fromElements=1, fromElementByClassAlias=[], fromElementByTableAlias=[coursemeet0_], fromElementsByPath=[], collectionJoinFromElementsByPath=[], impliedElements=[]}
    |  \-[FROM_FRAGMENT] FromElement: 'CourseMeeting coursemeet0_' FromElement{explicit,not a collection join,not a fetch join,fetch non-lazy properties,classAlias=null,role=null,tableName=CourseMeeting,tableAlias=coursemeet0_,origin=null,columns={,className=org.hibernate.test.querycache.CourseMeeting}}
    \-[ORDER] OrderByClause: 'order'
       \-[DOT] DotNode: 'coursemeet0_.day' {propertyName=day,dereferenceType=ALL,propertyPath=id.day,path={synthetic-alias}.id.day,tableAlias=coursemeet0_,className=org.hibernate.test.querycache.CourseMeeting,classAlias=null}
          +-[DOT] DotNode: 'coursemeet0_.day' {propertyName=day,dereferenceType=2,propertyPath=id.day,path={synthetic-alias}.id,tableAlias=coursemeet0_,className=org.hibernate.test.querycache.CourseMeeting,classAlias=null}
          |  +-[IDENT] IdentNode: '{synthetic-alias}' {originalText={synthetic-alias}}
          |  \-[IDENT] IdentNode: 'id' {originalText=id}
          \-[IDENT] IdentNode: 'day' {originalText=day}

14:18:54,394 DEBUG ErrorCounter:82 - throwQueryException() : no errors
14:18:54,394 DEBUG QueryTranslatorImpl:235 - HQL: from org.hibernate.test.querycache.CourseMeeting order by id.day
14:18:54,394 DEBUG QueryTranslatorImpl:236 - SQL: select coursemeet0_.courseCode as courseCode2_, coursemeet0_.day as day2_, coursemeet0_.period as period2_, coursemeet0_.location as location2_ from CourseMeeting coursemeet0_ order by coursemeet0_.day
14:18:54,394 DEBUG ErrorCounter:82 - throwQueryException() : no errors
14:18:54,395 DEBUG SQL:104 - 
    select
        coursemeet0_.courseCode as courseCode2_,
        coursemeet0_.day as day2_,
        coursemeet0_.period as period2_,
        coursemeet0_.location as location2_ 
    from
        CourseMeeting coursemeet0_ 
    order by
        coursemeet0_.day
14:18:54,395 DEBUG SQL:104 - 
    select
        course0_.courseCode as courseCode1_0_,
        course0_.description as descript2_1_0_ 
    from
        Course course0_ 
    where
        course0_.courseCode=?
14:18:54,404 DEBUG SQL:104 - 
    select
        coursemeet0_.courseCode as courseCode1_1_,
        coursemeet0_.courseCode as courseCode2_1_,
        coursemeet0_.day as day2_1_,
        coursemeet0_.period as period2_1_,
        coursemeet0_.location as location2_1_,
        coursemeet0_.courseCode as courseCode2_0_,
        coursemeet0_.day as day2_0_,
        coursemeet0_.period as period2_0_,
        coursemeet0_.location as location2_0_ 
    from
        CourseMeeting coursemeet0_ 
    where
        coursemeet0_.courseCode=?
14:18:54,404 DEBUG BaseGeneralDataRegion:59 - Caching[foo.org.hibernate.cache.internal.StandardQueryCache] : [sql: select coursemeet0_.courseCode as courseCode2_, coursemeet0_.day as day2_, coursemeet0_.period as period2_, coursemeet0_.location as location2_ from CourseMeeting coursemeet0_ order by coursemeet0_.day; parameters: ; named parameters: {}; transformer: org.hibernate.transform.CacheableResultTransformer@110f2] -> [[5579090880118784, [Ljava.lang.Object;@4a66444d, [Ljava.lang.Object;@e4164]]
14:18:54,405 DEBUG SQL:104 - 
    select
        coursemeet0_.courseCode as courseCode2_,
        coursemeet0_.day as day2_,
        coursemeet0_.period as period2_,
        coursemeet0_.location as location2_ 
    from
        CourseMeeting coursemeet0_ 
    order by
        coursemeet0_.day
14:18:54,405 DEBUG SQL:104 - 
    select
        course0_.courseCode as courseCode1_0_,
        course0_.description as descript2_1_0_ 
    from
        Course course0_ 
    where
        course0_.courseCode=?
14:18:54,418 DEBUG SQL:104 - 
    select
        coursemeet0_.courseCode as courseCode1_1_,
        coursemeet0_.courseCode as courseCode2_1_,
        coursemeet0_.day as day2_1_,
        coursemeet0_.period as period2_1_,
        coursemeet0_.location as location2_1_,
        coursemeet0_.courseCode as courseCode2_0_,
        coursemeet0_.day as day2_0_,
        coursemeet0_.period as period2_0_,
        coursemeet0_.location as location2_0_ 
    from
        CourseMeeting coursemeet0_ 
    where
        coursemeet0_.courseCode=?
14:18:54,419 DEBUG BaseGeneralDataRegion:59 - Caching[foo.org.hibernate.cache.internal.StandardQueryCache] : [sql: select coursemeet0_.courseCode as courseCode2_, coursemeet0_.day as day2_, coursemeet0_.period as period2_, coursemeet0_.location as location2_ from CourseMeeting coursemeet0_ order by coursemeet0_.day; parameters: ; named parameters: {}; transformer: org.hibernate.transform.CacheableResultTransformer@110f2] -> [[5579090880180224, [Ljava.lang.Object;@567b8304, [Ljava.lang.Object;@46d6a7f7]]
14:18:54,419 DEBUG SQL:104 - 
    select
        student_.studentId,
        student_.name_first as name2_4_,
        student_.name_middle as name3_4_,
        student_.name_last as name4_4_,
        student_.preferredCourseCode as preferre5_4_ 
    from
        Student student_ 
    where
        student_.studentId=?
14:18:54,427 DEBUG SQL:104 - 
    select
        enrolment_.studentId,
        enrolment_.courseCode,
        enrolment_.semester as semester3_,
        enrolment_."year" as year4_3_ 
    from
        Enrolment enrolment_ 
    where
        enrolment_.studentId=? 
        and enrolment_.courseCode=?
14:18:54,428 DEBUG SQL:104 - 
    select
        course_.courseCode,
        course_.description as descript2_1_ 
    from
        Course course_ 
    where
        course_.courseCode=?
14:18:54,428 DEBUG SQL:104 - 
    select
        student_.studentId,
        student_.name_first as name2_4_,
        student_.name_middle as name3_4_,
        student_.name_last as name4_4_,
        student_.preferredCourseCode as preferre5_4_ 
    from
        Student student_ 
    where
        student_.studentId=?
14:18:54,428 DEBUG SQL:104 - 
    select
        enrolment_.studentId,
        enrolment_.courseCode,
        enrolment_.semester as semester3_,
        enrolment_."year" as year4_3_ 
    from
        Enrolment enrolment_ 
    where
        enrolment_.studentId=? 
        and enrolment_.courseCode=?
14:18:54,428 DEBUG SQL:104 - 
    select
        coursemeet_.courseCode,
        coursemeet_.day,
        coursemeet_.period,
        coursemeet_.location 
    from
        CourseMeeting coursemeet_ 
    where
        coursemeet_.courseCode=? 
        and coursemeet_.day=? 
        and coursemeet_.period=? 
        and coursemeet_.location=?
14:18:54,429 DEBUG SQL:104 - 
    select
        coursemeet_.courseCode,
        coursemeet_.day,
        coursemeet_.period,
        coursemeet_.location 
    from
        CourseMeeting coursemeet_ 
    where
        coursemeet_.courseCode=? 
        and coursemeet_.day=? 
        and coursemeet_.period=? 
        and coursemeet_.location=?
14:18:54,429 DEBUG BaseGeneralDataRegion:59 - Caching[foo.org.hibernate.cache.spi.UpdateTimestampsCache] : [Enrolment] -> [5579091125981184]
14:18:54,429 DEBUG SQL:104 - 
    update
        Address 
    set
        studentNumber=null,
        addressType=null 
    where
        studentNumber=?
14:18:54,449 DEBUG BaseGeneralDataRegion:59 - Caching[foo.org.hibernate.cache.spi.UpdateTimestampsCache] : [Address] -> [5579091126063104]
14:18:54,450 DEBUG SQL:104 - 
    delete 
    from
        Student_secretCodes 
    where
        studentNumber=?
14:18:54,450 DEBUG BaseGeneralDataRegion:59 - Caching[foo.org.hibernate.cache.spi.UpdateTimestampsCache] : [Student_secretCodes] -> [5579091126067200]
14:18:54,450 DEBUG BaseGeneralDataRegion:59 - Caching[foo.org.hibernate.cache.spi.UpdateTimestampsCache] : [Enrolment] -> [5579091126067201]
14:18:54,450 DEBUG BaseGeneralDataRegion:59 - Caching[foo.org.hibernate.cache.spi.UpdateTimestampsCache] : [Address] -> [5579091126067202]
14:18:54,450 DEBUG SQL:104 - 
    delete 
    from
        Student_secretCodes 
    where
        studentNumber=?
14:18:54,450 DEBUG BaseGeneralDataRegion:59 - Caching[foo.org.hibernate.cache.spi.UpdateTimestampsCache] : [Student_secretCodes] -> [5579091126067203]
14:18:54,451 DEBUG BaseGeneralDataRegion:59 - Caching[foo.org.hibernate.cache.spi.UpdateTimestampsCache] : [CourseMeeting] -> [5579091126071296]
14:18:54,451 DEBUG SQL:104 - 
    delete 
    from
        Enrolment 
    where
        studentId=? 
        and courseCode=?
14:18:54,451 DEBUG BaseGeneralDataRegion:59 - Caching[foo.org.hibernate.cache.spi.UpdateTimestampsCache] : [Enrolment] -> [5579091126071297]
14:18:54,451 DEBUG SQL:104 - 
    delete 
    from
        Address 
    where
        id=?
14:18:54,451 DEBUG BaseGeneralDataRegion:59 - Caching[foo.org.hibernate.cache.spi.UpdateTimestampsCache] : [Address] -> [5579091126071298]
14:18:54,451 DEBUG SQL:104 - 
    delete 
    from
        Address 
    where
        id=?
14:18:54,451 DEBUG BaseGeneralDataRegion:59 - Caching[foo.org.hibernate.cache.spi.UpdateTimestampsCache] : [Address] -> [5579091126071299]
14:18:54,452 DEBUG SQL:104 - 
    delete 
    from
        Student 
    where
        studentId=?
14:18:54,452 DEBUG BaseGeneralDataRegion:59 - Caching[foo.org.hibernate.cache.spi.UpdateTimestampsCache] : [Student] -> [5579091126075392]
14:18:54,452 DEBUG SQL:104 - 
    delete 
    from
        Enrolment 
    where
        studentId=? 
        and courseCode=?
14:18:54,452 DEBUG BaseGeneralDataRegion:59 - Caching[foo.org.hibernate.cache.spi.UpdateTimestampsCache] : [Enrolment] -> [5579091126075393]
14:18:54,499 DEBUG SQL:104 - 
    delete 
    from
        Student 
    where
        studentId=?
14:18:54,499 DEBUG BaseGeneralDataRegion:59 - Caching[foo.org.hibernate.cache.spi.UpdateTimestampsCache] : [Student] -> [5579091126267904]
14:18:54,499 DEBUG SQL:104 - 
    delete 
    from
        CourseMeeting 
    where
        courseCode=? 
        and day=? 
        and period=? 
        and location=?
14:18:54,500 DEBUG BaseGeneralDataRegion:59 - Caching[foo.org.hibernate.cache.spi.UpdateTimestampsCache] : [CourseMeeting] -> [5579091126272000]
14:18:54,500 DEBUG SQL:104 - 
    delete 
    from
        CourseMeeting 
    where
        courseCode=? 
        and day=? 
        and period=? 
        and location=?
14:18:54,500 DEBUG BaseGeneralDataRegion:59 - Caching[foo.org.hibernate.cache.spi.UpdateTimestampsCache] : [CourseMeeting] -> [5579091126272001]
14:18:54,500 DEBUG SQL:104 - 
    delete 
    from
        Course 
    where
        courseCode=?
14:18:54,500 DEBUG BaseGeneralDataRegion:59 - Caching[foo.org.hibernate.cache.spi.UpdateTimestampsCache] : [Course] -> [5579091126272002]
14:18:54,500 DEBUG BaseGeneralDataRegion:59 - Caching[foo.org.hibernate.cache.spi.UpdateTimestampsCache] : [Student] -> [5579090880512003]
14:18:54,500 DEBUG BaseGeneralDataRegion:59 - Caching[foo.org.hibernate.cache.spi.UpdateTimestampsCache] : [Course] -> [5579090880512003]
14:18:54,501 DEBUG BaseGeneralDataRegion:59 - Caching[foo.org.hibernate.cache.spi.UpdateTimestampsCache] : [Enrolment] -> [5579090880512003]
14:18:54,501 DEBUG BaseGeneralDataRegion:59 - Caching[foo.org.hibernate.cache.spi.UpdateTimestampsCache] : [Student_secretCodes] -> [5579090880512003]
14:18:54,501 DEBUG BaseGeneralDataRegion:59 - Caching[foo.org.hibernate.cache.spi.UpdateTimestampsCache] : [Address] -> [5579090880512003]
14:18:54,501 DEBUG BaseGeneralDataRegion:59 - Caching[foo.org.hibernate.cache.spi.UpdateTimestampsCache] : [CourseMeeting] -> [5579090880512003]
14:18:54,501  INFO CustomRunner:139 - Test: testEntityWithNonLazyOneToManyUnique
14:18:54,502 DEBUG SQL:104 - 
    select
        coursemeet_.courseCode,
        coursemeet_.day,
        coursemeet_.period,
        coursemeet_.location 
    from
        CourseMeeting coursemeet_ 
    where
        coursemeet_.courseCode=? 
        and coursemeet_.day=? 
        and coursemeet_.period=? 
        and coursemeet_.location=?
14:18:54,502 DEBUG SQL:104 - 
    select
        coursemeet_.courseCode,
        coursemeet_.day,
        coursemeet_.period,
        coursemeet_.location 
    from
        CourseMeeting coursemeet_ 
    where
        coursemeet_.courseCode=? 
        and coursemeet_.day=? 
        and coursemeet_.period=? 
        and coursemeet_.location=?
14:18:54,503 DEBUG SQL:104 - 
    insert 
    into
        Course
        (description, courseCode) 
    values
        (?, ?)
14:18:54,503 DEBUG BaseGeneralDataRegion:59 - Caching[foo.org.hibernate.cache.spi.UpdateTimestampsCache] : [Course] -> [5579091126284288]
14:18:54,503 DEBUG SQL:104 - 
    insert 
    into
        CourseMeeting
        (courseCode, day, period, location) 
    values
        (?, ?, ?, ?)
14:18:54,504 DEBUG BaseGeneralDataRegion:59 - Caching[foo.org.hibernate.cache.spi.UpdateTimestampsCache] : [CourseMeeting] -> [5579091126288384]
14:18:54,504 DEBUG SQL:104 - 
    insert 
    into
        CourseMeeting
        (courseCode, day, period, location) 
    values
        (?, ?, ?, ?)
14:18:54,504 DEBUG BaseGeneralDataRegion:59 - Caching[foo.org.hibernate.cache.spi.UpdateTimestampsCache] : [CourseMeeting] -> [5579091126288385]
14:18:54,504 DEBUG SQL:104 - 
    insert 
    into
        Student
        (name_first, name_middle, name_last, preferredCourseCode, studentId) 
    values
        (?, ?, ?, ?, ?)
14:18:54,504 DEBUG BaseGeneralDataRegion:59 - Caching[foo.org.hibernate.cache.spi.UpdateTimestampsCache] : [Student] -> [5579091126288386]
14:18:54,504 DEBUG SQL:104 - 
    insert 
    into
        Address
        (addressType, street, city, stateProvince, postalCode, country, studentNumber, id) 
    values
        (?, ?, ?, ?, ?, ?, ?, ?)
14:18:54,504 DEBUG BaseGeneralDataRegion:59 - Caching[foo.org.hibernate.cache.spi.UpdateTimestampsCache] : [Address] -> [5579091126288387]
14:18:54,505 DEBUG SQL:104 - 
    insert 
    into
        Address
        (addressType, street, city, stateProvince, postalCode, country, studentNumber, id) 
    values
        (?, ?, ?, ?, ?, ?, ?, ?)
14:18:54,505 DEBUG BaseGeneralDataRegion:59 - Caching[foo.org.hibernate.cache.spi.UpdateTimestampsCache] : [Address] -> [5579091126292480]
14:18:54,505 DEBUG SQL:104 - 
    insert 
    into
        Student
        (name_first, name_middle, name_last, preferredCourseCode, studentId) 
    values
        (?, ?, ?, ?, ?)
14:18:54,505 DEBUG BaseGeneralDataRegion:59 - Caching[foo.org.hibernate.cache.spi.UpdateTimestampsCache] : [Student] -> [5579091126292481]
14:18:54,505 DEBUG SQL:104 - 
    insert 
    into
        Enrolment
        (semester, "year", studentId, courseCode) 
    values
        (?, ?, ?, ?)
14:18:54,528 DEBUG BaseGeneralDataRegion:59 - Caching[foo.org.hibernate.cache.spi.UpdateTimestampsCache] : [Enrolment] -> [5579091126386688]
14:18:54,528 DEBUG SQL:104 - 
    insert 
    into
        Enrolment
        (semester, "year", studentId, courseCode) 
    values
        (?, ?, ?, ?)
14:18:54,528 DEBUG BaseGeneralDataRegion:59 - Caching[foo.org.hibernate.cache.spi.UpdateTimestampsCache] : [Enrolment] -> [5579091126386689]
14:18:54,529 DEBUG BaseGeneralDataRegion:59 - Caching[foo.org.hibernate.cache.spi.UpdateTimestampsCache] : [CourseMeeting] -> [5579091126390784]
14:18:54,529 DEBUG BaseGeneralDataRegion:59 - Caching[foo.org.hibernate.cache.spi.UpdateTimestampsCache] : [Enrolment] -> [5579091126390785]
14:18:54,529 DEBUG SQL:104 - 
    update
        Address 
    set
        studentNumber=?,
        addressType=? 
    where
        id=?
14:18:54,529 DEBUG SQL:104 - 
    update
        Address 
    set
        studentNumber=?,
        addressType=? 
    where
        id=?
14:18:54,529 DEBUG BaseGeneralDataRegion:59 - Caching[foo.org.hibernate.cache.spi.UpdateTimestampsCache] : [Address] -> [5579091126390786]
14:18:54,529 DEBUG SQL:104 - 
    insert 
    into
        Student_secretCodes
        (studentNumber, i, secretCode) 
    values
        (?, ?, ?)
14:18:54,539 DEBUG BaseGeneralDataRegion:59 - Caching[foo.org.hibernate.cache.spi.UpdateTimestampsCache] : [Student_secretCodes] -> [5579091126431744]
14:18:54,539 DEBUG BaseGeneralDataRegion:59 - Caching[foo.org.hibernate.cache.spi.UpdateTimestampsCache] : [Enrolment] -> [5579091126431745]
14:18:54,539 DEBUG BaseGeneralDataRegion:59 - Caching[foo.org.hibernate.cache.spi.UpdateTimestampsCache] : [Address] -> [5579091126431746]
14:18:54,539 DEBUG SQL:104 - 
    insert 
    into
        Student_secretCodes
        (studentNumber, i, secretCode) 
    values
        (?, ?, ?)
14:18:54,539 DEBUG SQL:104 - 
    insert 
    into
        Student_secretCodes
        (studentNumber, i, secretCode) 
    values
        (?, ?, ?)
14:18:54,539 DEBUG BaseGeneralDataRegion:59 - Caching[foo.org.hibernate.cache.spi.UpdateTimestampsCache] : [Student_secretCodes] -> [5579091126431747]
14:18:54,540 DEBUG BaseGeneralDataRegion:59 - Caching[foo.org.hibernate.cache.spi.UpdateTimestampsCache] : [Student] -> [5579090880675840]
14:18:54,540 DEBUG BaseGeneralDataRegion:59 - Caching[foo.org.hibernate.cache.spi.UpdateTimestampsCache] : [Course] -> [5579090880675840]
14:18:54,540 DEBUG BaseGeneralDataRegion:59 - Caching[foo.org.hibernate.cache.spi.UpdateTimestampsCache] : [Enrolment] -> [5579090880675840]
14:18:54,540 DEBUG BaseGeneralDataRegion:59 - Caching[foo.org.hibernate.cache.spi.UpdateTimestampsCache] : [Student_secretCodes] -> [5579090880675840]
14:18:54,540 DEBUG BaseGeneralDataRegion:59 - Caching[foo.org.hibernate.cache.spi.UpdateTimestampsCache] : [Address] -> [5579090880675840]
14:18:54,549 DEBUG BaseGeneralDataRegion:59 - Caching[foo.org.hibernate.cache.spi.UpdateTimestampsCache] : [CourseMeeting] -> [5579090880675840]
14:18:54,550 DEBUG QueryTranslatorImpl:265 - parse() - HQL: from org.hibernate.test.querycache.Course
14:18:54,551 DEBUG QueryTranslatorImpl:283 - --- HQL AST ---
 \-[QUERY] Node: 'query'
    \-[SELECT_FROM] Node: 'SELECT_FROM'
       \-[FROM] Node: 'from'
          \-[RANGE] Node: 'RANGE'
             \-[DOT] Node: '.'
                +-[DOT] Node: '.'
                |  +-[DOT] Node: '.'
                |  |  +-[DOT] Node: '.'
                |  |  |  +-[IDENT] Node: 'org'
                |  |  |  \-[IDENT] Node: 'hibernate'
                |  |  \-[IDENT] Node: 'test'
                |  \-[IDENT] Node: 'querycache'
                \-[IDENT] Node: 'Course'

14:18:54,551 DEBUG ErrorCounter:82 - throwQueryException() : no errors
14:18:54,551 DEBUG FromElement:157 - FromClause{level=1} : org.hibernate.test.querycache.Course (<no alias>) -> course0_
14:18:54,551 DEBUG HqlSqlWalker:629 - processQuery() :  ( SELECT ( FromClause{level=1} Course course0_ ) )
14:18:54,552 DEBUG HqlSqlWalker:869 - Derived SELECT clause created.
14:18:54,552 DEBUG JoinProcessor:175 - Using FROM fragment [Course course0_]
14:18:54,552 DEBUG QueryTranslatorImpl:252 - --- SQL AST ---
 \-[SELECT] QueryNode: 'SELECT'  querySpaces (Course)
    +-[SELECT_CLAUSE] SelectClause: '{derived select clause}'
    |  +-[SELECT_EXPR] SelectExpressionImpl: 'course0_.courseCode as courseCode1_' {FromElement{explicit,not a collection join,not a fetch join,fetch non-lazy properties,classAlias=null,role=null,tableName=Course,tableAlias=course0_,origin=null,columns={,className=org.hibernate.test.querycache.Course}}}
    |  \-[SQL_TOKEN] SqlFragment: 'course0_.description as descript2_1_'
    \-[FROM] FromClause: 'from' FromClause{level=1, fromElementCounter=1, fromElements=1, fromElementByClassAlias=[], fromElementByTableAlias=[course0_], fromElementsByPath=[], collectionJoinFromElementsByPath=[], impliedElements=[]}
       \-[FROM_FRAGMENT] FromElement: 'Course course0_' FromElement{explicit,not a collection join,not a fetch join,fetch non-lazy properties,classAlias=null,role=null,tableName=Course,tableAlias=course0_,origin=null,columns={,className=org.hibernate.test.querycache.Course}}

14:18:54,561 DEBUG ErrorCounter:82 - throwQueryException() : no errors
14:18:54,561 DEBUG QueryTranslatorImpl:235 - HQL: from org.hibernate.test.querycache.Course
14:18:54,562 DEBUG QueryTranslatorImpl:236 - SQL: select course0_.courseCode as courseCode1_, course0_.description as descript2_1_ from Course course0_
14:18:54,562 DEBUG ErrorCounter:82 - throwQueryException() : no errors
14:18:54,562 DEBUG SQL:104 - 
    select
        course0_.courseCode as courseCode1_,
        course0_.description as descript2_1_ 
    from
        Course course0_
14:18:54,563 DEBUG SQL:104 - 
    select
        coursemeet0_.courseCode as courseCode1_1_,
        coursemeet0_.courseCode as courseCode2_1_,
        coursemeet0_.day as day2_1_,
        coursemeet0_.period as period2_1_,
        coursemeet0_.location as location2_1_,
        coursemeet0_.courseCode as courseCode2_0_,
        coursemeet0_.day as day2_0_,
        coursemeet0_.period as period2_0_,
        coursemeet0_.location as location2_0_ 
    from
        CourseMeeting coursemeet0_ 
    where
        coursemeet0_.courseCode=?
14:18:54,563 DEBUG BaseGeneralDataRegion:59 - Caching[foo.org.hibernate.cache.internal.StandardQueryCache] : [sql: select course0_.courseCode as courseCode1_, course0_.description as descript2_1_ from Course course0_; parameters: ; named parameters: {}; transformer: org.hibernate.transform.CacheableResultTransformer@110f2] -> [[5579090880770048, HIB]]
14:18:54,564 DEBUG SQL:104 - 
    select
        course0_.courseCode as courseCode1_,
        course0_.description as descript2_1_ 
    from
        Course course0_
14:18:54,577 DEBUG SQL:104 - 
    select
        coursemeet0_.courseCode as courseCode1_1_,
        coursemeet0_.courseCode as courseCode2_1_,
        coursemeet0_.day as day2_1_,
        coursemeet0_.period as period2_1_,
        coursemeet0_.location as location2_1_,
        coursemeet0_.courseCode as courseCode2_0_,
        coursemeet0_.day as day2_0_,
        coursemeet0_.period as period2_0_,
        coursemeet0_.location as location2_0_ 
    from
        CourseMeeting coursemeet0_ 
    where
        coursemeet0_.courseCode=?
14:18:54,578 DEBUG BaseGeneralDataRegion:59 - Caching[foo.org.hibernate.cache.internal.StandardQueryCache] : [sql: select course0_.courseCode as courseCode1_, course0_.description as descript2_1_ from Course course0_; parameters: ; named parameters: {}; transformer: org.hibernate.transform.CacheableResultTransformer@110f2] -> [[5579090880831488, HIB]]
14:18:54,579 DEBUG SQL:104 - 
    select
        student_.studentId,
        student_.name_first as name2_4_,
        student_.name_middle as name3_4_,
        student_.name_last as name4_4_,
        student_.preferredCourseCode as preferre5_4_ 
    from
        Student student_ 
    where
        student_.studentId=?
14:18:54,579 DEBUG SQL:104 - 
    select
        enrolment_.studentId,
        enrolment_.courseCode,
        enrolment_.semester as semester3_,
        enrolment_."year" as year4_3_ 
    from
        Enrolment enrolment_ 
    where
        enrolment_.studentId=? 
        and enrolment_.courseCode=?
14:18:54,579 DEBUG SQL:104 - 
    select
        course_.courseCode,
        course_.description as descript2_1_ 
    from
        Course course_ 
    where
        course_.courseCode=?
14:18:54,580 DEBUG SQL:104 - 
    select
        student_.studentId,
        student_.name_first as name2_4_,
        student_.name_middle as name3_4_,
        student_.name_last as name4_4_,
        student_.preferredCourseCode as preferre5_4_ 
    from
        Student student_ 
    where
        student_.studentId=?
14:18:54,580 DEBUG SQL:104 - 
    select
        enrolment_.studentId,
        enrolment_.courseCode,
        enrolment_.semester as semester3_,
        enrolment_."year" as year4_3_ 
    from
        Enrolment enrolment_ 
    where
        enrolment_.studentId=? 
        and enrolment_.courseCode=?
14:18:54,587 DEBUG SQL:104 - 
    select
        coursemeet_.courseCode,
        coursemeet_.day,
        coursemeet_.period,
        coursemeet_.location 
    from
        CourseMeeting coursemeet_ 
    where
        coursemeet_.courseCode=? 
        and coursemeet_.day=? 
        and coursemeet_.period=? 
        and coursemeet_.location=?
14:18:54,588 DEBUG SQL:104 - 
    select
        coursemeet_.courseCode,
        coursemeet_.day,
        coursemeet_.period,
        coursemeet_.location 
    from
        CourseMeeting coursemeet_ 
    where
        coursemeet_.courseCode=? 
        and coursemeet_.day=? 
        and coursemeet_.period=? 
        and coursemeet_.location=?
14:18:54,597 DEBUG BaseGeneralDataRegion:59 - Caching[foo.org.hibernate.cache.spi.UpdateTimestampsCache] : [Enrolment] -> [5579091126669312]
14:18:54,598 DEBUG SQL:104 - 
    update
        Address 
    set
        studentNumber=null,
        addressType=null 
    where
        studentNumber=?
14:18:54,598 DEBUG BaseGeneralDataRegion:59 - Caching[foo.org.hibernate.cache.spi.UpdateTimestampsCache] : [Address] -> [5579091126673408]
14:18:54,598 DEBUG SQL:104 - 
    delete 
    from
        Student_secretCodes 
    where
        studentNumber=?
14:18:54,598 DEBUG BaseGeneralDataRegion:59 - Caching[foo.org.hibernate.cache.spi.UpdateTimestampsCache] : [Student_secretCodes] -> [5579091126673409]
14:18:54,598 DEBUG BaseGeneralDataRegion:59 - Caching[foo.org.hibernate.cache.spi.UpdateTimestampsCache] : [Enrolment] -> [5579091126673410]
14:18:54,598 DEBUG BaseGeneralDataRegion:59 - Caching[foo.org.hibernate.cache.spi.UpdateTimestampsCache] : [Address] -> [5579091126673411]
14:18:54,598 DEBUG SQL:104 - 
    delete 
    from
        Student_secretCodes 
    where
        studentNumber=?
14:18:54,599 DEBUG BaseGeneralDataRegion:59 - Caching[foo.org.hibernate.cache.spi.UpdateTimestampsCache] : [Student_secretCodes] -> [5579091126677504]
14:18:54,599 DEBUG BaseGeneralDataRegion:59 - Caching[foo.org.hibernate.cache.spi.UpdateTimestampsCache] : [CourseMeeting] -> [5579091126677505]
14:18:54,599 DEBUG SQL:104 - 
    delete 
    from
        Enrolment 
    where
        studentId=? 
        and courseCode=?
14:18:54,599 DEBUG BaseGeneralDataRegion:59 - Caching[foo.org.hibernate.cache.spi.UpdateTimestampsCache] : [Enrolment] -> [5579091126677506]
14:18:54,599 DEBUG SQL:104 - 
    delete 
    from
        Address 
    where
        id=?
14:18:54,621 DEBUG BaseGeneralDataRegion:59 - Caching[foo.org.hibernate.cache.spi.UpdateTimestampsCache] : [Address] -> [5579091126767616]
14:18:54,622 DEBUG SQL:104 - 
    delete 
    from
        Address 
    where
        id=?
14:18:54,622 DEBUG BaseGeneralDataRegion:59 - Caching[foo.org.hibernate.cache.spi.UpdateTimestampsCache] : [Address] -> [5579091126771712]
14:18:54,622 DEBUG SQL:104 - 
    delete 
    from
        Student 
    where
        studentId=?
14:18:54,622 DEBUG BaseGeneralDataRegion:59 - Caching[foo.org.hibernate.cache.spi.UpdateTimestampsCache] : [Student] -> [5579091126771713]
14:18:54,622 DEBUG SQL:104 - 
    delete 
    from
        Enrolment 
    where
        studentId=? 
        and courseCode=?
14:18:54,622 DEBUG BaseGeneralDataRegion:59 - Caching[foo.org.hibernate.cache.spi.UpdateTimestampsCache] : [Enrolment] -> [5579091126771714]
14:18:54,622 DEBUG SQL:104 - 
    delete 
    from
        Student 
    where
        studentId=?
14:18:54,631 DEBUG BaseGeneralDataRegion:59 - Caching[foo.org.hibernate.cache.spi.UpdateTimestampsCache] : [Student] -> [5579091126808576]
14:18:54,631 DEBUG SQL:104 - 
    delete 
    from
        CourseMeeting 
    where
        courseCode=? 
        and day=? 
        and period=? 
        and location=?
14:18:54,632 DEBUG BaseGeneralDataRegion:59 - Caching[foo.org.hibernate.cache.spi.UpdateTimestampsCache] : [CourseMeeting] -> [5579091126812672]
14:18:54,632 DEBUG SQL:104 - 
    delete 
    from
        CourseMeeting 
    where
        courseCode=? 
        and day=? 
        and period=? 
        and location=?
14:18:54,632 DEBUG BaseGeneralDataRegion:59 - Caching[foo.org.hibernate.cache.spi.UpdateTimestampsCache] : [CourseMeeting] -> [5579091126812673]
14:18:54,632 DEBUG SQL:104 - 
    delete 
    from
        Course 
    where
        courseCode=?
14:18:54,632 DEBUG BaseGeneralDataRegion:59 - Caching[foo.org.hibernate.cache.spi.UpdateTimestampsCache] : [Course] -> [5579091126812674]
14:18:54,632 DEBUG BaseGeneralDataRegion:59 - Caching[foo.org.hibernate.cache.spi.UpdateTimestampsCache] : [Student] -> [5579090881052675]
14:18:54,641 DEBUG BaseGeneralDataRegion:59 - Caching[foo.org.hibernate.cache.spi.UpdateTimestampsCache] : [Course] -> [5579090881052675]
14:18:54,641 DEBUG BaseGeneralDataRegion:59 - Caching[foo.org.hibernate.cache.spi.UpdateTimestampsCache] : [Enrolment] -> [5579090881052675]
14:18:54,641 DEBUG BaseGeneralDataRegion:59 - Caching[foo.org.hibernate.cache.spi.UpdateTimestampsCache] : [Student_secretCodes] -> [5579090881052675]
14:18:54,641 DEBUG BaseGeneralDataRegion:59 - Caching[foo.org.hibernate.cache.spi.UpdateTimestampsCache] : [Address] -> [5579090881052675]
14:18:54,642 DEBUG BaseGeneralDataRegion:59 - Caching[foo.org.hibernate.cache.spi.UpdateTimestampsCache] : [CourseMeeting] -> [5579090881052675]
14:18:54,642  INFO CustomRunner:139 - Test: testEntityWithSelectFetchedLazyOneToManySingleElementListCriteria
14:18:54,643 DEBUG SQL:104 - 
    select
        coursemeet_.courseCode,
        coursemeet_.day,
        coursemeet_.period,
        coursemeet_.location 
    from
        CourseMeeting coursemeet_ 
    where
        coursemeet_.courseCode=? 
        and coursemeet_.day=? 
        and coursemeet_.period=? 
        and coursemeet_.location=?
14:18:54,644 DEBUG SQL:104 - 
    select
        coursemeet_.courseCode,
        coursemeet_.day,
        coursemeet_.period,
        coursemeet_.location 
    from
        CourseMeeting coursemeet_ 
    where
        coursemeet_.courseCode=? 
        and coursemeet_.day=? 
        and coursemeet_.period=? 
        and coursemeet_.location=?
14:18:54,652 DEBUG SQL:104 - 
    insert 
    into
        Course
        (description, courseCode) 
    values
        (?, ?)
14:18:54,652 DEBUG BaseGeneralDataRegion:59 - Caching[foo.org.hibernate.cache.spi.UpdateTimestampsCache] : [Course] -> [5579091126894592]
14:18:54,652 DEBUG SQL:104 - 
    insert 
    into
        CourseMeeting
        (courseCode, day, period, location) 
    values
        (?, ?, ?, ?)
14:18:54,652 DEBUG BaseGeneralDataRegion:59 - Caching[foo.org.hibernate.cache.spi.UpdateTimestampsCache] : [CourseMeeting] -> [5579091126894593]
14:18:54,652 DEBUG SQL:104 - 
    insert 
    into
        CourseMeeting
        (courseCode, day, period, location) 
    values
        (?, ?, ?, ?)
14:18:54,653 DEBUG BaseGeneralDataRegion:59 - Caching[foo.org.hibernate.cache.spi.UpdateTimestampsCache] : [CourseMeeting] -> [5579091126898688]
14:18:54,653 DEBUG SQL:104 - 
    insert 
    into
        Student
        (name_first, name_middle, name_last, preferredCourseCode, studentId) 
    values
        (?, ?, ?, ?, ?)
14:18:54,662 DEBUG BaseGeneralDataRegion:59 - Caching[foo.org.hibernate.cache.spi.UpdateTimestampsCache] : [Student] -> [5579091126935552]
14:18:54,662 DEBUG SQL:104 - 
    insert 
    into
        Address
        (addressType, street, city, stateProvince, postalCode, country, studentNumber, id) 
    values
        (?, ?, ?, ?, ?, ?, ?, ?)
14:18:54,663 DEBUG BaseGeneralDataRegion:59 - Caching[foo.org.hibernate.cache.spi.UpdateTimestampsCache] : [Address] -> [5579091126939648]
14:18:54,663 DEBUG SQL:104 - 
    insert 
    into
        Address
        (addressType, street, city, stateProvince, postalCode, country, studentNumber, id) 
    values
        (?, ?, ?, ?, ?, ?, ?, ?)
14:18:54,663 DEBUG BaseGeneralDataRegion:59 - Caching[foo.org.hibernate.cache.spi.UpdateTimestampsCache] : [Address] -> [5579091126939649]
14:18:54,663 DEBUG SQL:104 - 
    insert 
    into
        Student
        (name_first, name_middle, name_last, preferredCourseCode, studentId) 
    values
        (?, ?, ?, ?, ?)
14:18:54,663 DEBUG BaseGeneralDataRegion:59 - Caching[foo.org.hibernate.cache.spi.UpdateTimestampsCache] : [Student] -> [5579091126939650]
14:18:54,673 DEBUG SQL:104 - 
    insert 
    into
        Enrolment
        (semester, "year", studentId, courseCode) 
    values
        (?, ?, ?, ?)
14:18:54,673 DEBUG BaseGeneralDataRegion:59 - Caching[foo.org.hibernate.cache.spi.UpdateTimestampsCache] : [Enrolment] -> [5579091126980608]
14:18:54,673 DEBUG SQL:104 - 
    insert 
    into
        Enrolment
        (semester, "year", studentId, courseCode) 
    values
        (?, ?, ?, ?)
14:18:54,673 DEBUG BaseGeneralDataRegion:59 - Caching[foo.org.hibernate.cache.spi.UpdateTimestampsCache] : [Enrolment] -> [5579091126980609]
14:18:54,673 DEBUG BaseGeneralDataRegion:59 - Caching[foo.org.hibernate.cache.spi.UpdateTimestampsCache] : [CourseMeeting] -> [5579091126980610]
14:18:54,673 DEBUG BaseGeneralDataRegion:59 - Caching[foo.org.hibernate.cache.spi.UpdateTimestampsCache] : [Enrolment] -> [5579091126980611]
14:18:54,674 DEBUG SQL:104 - 
    update
        Address 
    set
        studentNumber=?,
        addressType=? 
    where
        id=?
14:18:54,674 DEBUG SQL:104 - 
    update
        Address 
    set
        studentNumber=?,
        addressType=? 
    where
        id=?
14:18:54,683 DEBUG BaseGeneralDataRegion:59 - Caching[foo.org.hibernate.cache.spi.UpdateTimestampsCache] : [Address] -> [5579091127021568]
14:18:54,683 DEBUG SQL:104 - 
    insert 
    into
        Student_secretCodes
        (studentNumber, i, secretCode) 
    values
        (?, ?, ?)
14:18:54,684 DEBUG BaseGeneralDataRegion:59 - Caching[foo.org.hibernate.cache.spi.UpdateTimestampsCache] : [Student_secretCodes] -> [5579091127025664]
14:18:54,684 DEBUG BaseGeneralDataRegion:59 - Caching[foo.org.hibernate.cache.spi.UpdateTimestampsCache] : [Enrolment] -> [5579091127025665]
14:18:54,684 DEBUG BaseGeneralDataRegion:59 - Caching[foo.org.hibernate.cache.spi.UpdateTimestampsCache] : [Address] -> [5579091127025666]
14:18:54,684 DEBUG SQL:104 - 
    insert 
    into
        Student_secretCodes
        (studentNumber, i, secretCode) 
    values
        (?, ?, ?)
14:18:54,684 DEBUG SQL:104 - 
    insert 
    into
        Student_secretCodes
        (studentNumber, i, secretCode) 
    values
        (?, ?, ?)
14:18:54,695 DEBUG BaseGeneralDataRegion:59 - Caching[foo.org.hibernate.cache.spi.UpdateTimestampsCache] : [Student_secretCodes] -> [5579091127070720]
14:18:54,695 DEBUG BaseGeneralDataRegion:59 - Caching[foo.org.hibernate.cache.spi.UpdateTimestampsCache] : [Student] -> [5579090881310721]
14:18:54,696 DEBUG BaseGeneralDataRegion:59 - Caching[foo.org.hibernate.cache.spi.UpdateTimestampsCache] : [Course] -> [5579090881310721]
14:18:54,696 DEBUG BaseGeneralDataRegion:59 - Caching[foo.org.hibernate.cache.spi.UpdateTimestampsCache] : [Enrolment] -> [5579090881310721]
14:18:54,696 DEBUG BaseGeneralDataRegion:59 - Caching[foo.org.hibernate.cache.spi.UpdateTimestampsCache] : [Student_secretCodes] -> [5579090881310721]
14:18:54,696 DEBUG BaseGeneralDataRegion:59 - Caching[foo.org.hibernate.cache.spi.UpdateTimestampsCache] : [Address] -> [5579090881310721]
14:18:54,696 DEBUG BaseGeneralDataRegion:59 - Caching[foo.org.hibernate.cache.spi.UpdateTimestampsCache] : [CourseMeeting] -> [5579090881310721]
14:18:54,696 DEBUG SQL:104 - 
    select
        student_.studentId,
        student_.name_first as name2_4_,
        student_.name_middle as name3_4_,
        student_.name_last as name4_4_,
        student_.preferredCourseCode as preferre5_4_ 
    from
        Student student_ 
    where
        student_.studentId=?
14:18:54,697 DEBUG SQL:104 - 
    select
        enrolment_.studentId,
        enrolment_.courseCode,
        enrolment_.semester as semester3_,
        enrolment_."year" as year4_3_ 
    from
        Enrolment enrolment_ 
    where
        enrolment_.studentId=? 
        and enrolment_.courseCode=?
14:18:54,706 DEBUG SQL:104 - 
    select
        course_.courseCode,
        course_.description as descript2_1_ 
    from
        Course course_ 
    where
        course_.courseCode=?
14:18:54,706 DEBUG SQL:104 - 
    select
        student_.studentId,
        student_.name_first as name2_4_,
        student_.name_middle as name3_4_,
        student_.name_last as name4_4_,
        student_.preferredCourseCode as preferre5_4_ 
    from
        Student student_ 
    where
        student_.studentId=?
14:18:54,707 DEBUG SQL:104 - 
    select
        enrolment_.studentId,
        enrolment_.courseCode,
        enrolment_.semester as semester3_,
        enrolment_."year" as year4_3_ 
    from
        Enrolment enrolment_ 
    where
        enrolment_.studentId=? 
        and enrolment_.courseCode=?
14:18:54,707 DEBUG SQL:104 - 
    select
        coursemeet_.courseCode,
        coursemeet_.day,
        coursemeet_.period,
        coursemeet_.location 
    from
        CourseMeeting coursemeet_ 
    where
        coursemeet_.courseCode=? 
        and coursemeet_.day=? 
        and coursemeet_.period=? 
        and coursemeet_.location=?
14:18:54,707 DEBUG SQL:104 - 
    select
        coursemeet_.courseCode,
        coursemeet_.day,
        coursemeet_.period,
        coursemeet_.location 
    from
        CourseMeeting coursemeet_ 
    where
        coursemeet_.courseCode=? 
        and coursemeet_.day=? 
        and coursemeet_.period=? 
        and coursemeet_.location=?
14:18:54,707 DEBUG BaseGeneralDataRegion:59 - Caching[foo.org.hibernate.cache.spi.UpdateTimestampsCache] : [Enrolment] -> [5579091127119872]
14:18:54,708 DEBUG SQL:104 - 
    update
        Address 
    set
        studentNumber=null,
        addressType=null 
    where
        studentNumber=?
14:18:54,717 DEBUG BaseGeneralDataRegion:59 - Caching[foo.org.hibernate.cache.spi.UpdateTimestampsCache] : [Address] -> [5579091127160832]
14:18:54,718 DEBUG SQL:104 - 
    delete 
    from
        Student_secretCodes 
    where
        studentNumber=?
14:18:54,718 DEBUG BaseGeneralDataRegion:59 - Caching[foo.org.hibernate.cache.spi.UpdateTimestampsCache] : [Student_secretCodes] -> [5579091127164928]
14:18:54,718 DEBUG BaseGeneralDataRegion:59 - Caching[foo.org.hibernate.cache.spi.UpdateTimestampsCache] : [Enrolment] -> [5579091127164929]
14:18:54,718 DEBUG BaseGeneralDataRegion:59 - Caching[foo.org.hibernate.cache.spi.UpdateTimestampsCache] : [Address] -> [5579091127164930]
14:18:54,718 DEBUG SQL:104 - 
    delete 
    from
        Student_secretCodes 
    where
        studentNumber=?
14:18:54,718 DEBUG BaseGeneralDataRegion:59 - Caching[foo.org.hibernate.cache.spi.UpdateTimestampsCache] : [Student_secretCodes] -> [5579091127164931]
14:18:54,718 DEBUG BaseGeneralDataRegion:59 - Caching[foo.org.hibernate.cache.spi.UpdateTimestampsCache] : [CourseMeeting] -> [5579091127164932]
14:18:54,718 DEBUG SQL:104 - 
    delete 
    from
        Enrolment 
    where
        studentId=? 
        and courseCode=?
14:18:54,728 DEBUG BaseGeneralDataRegion:59 - Caching[foo.org.hibernate.cache.spi.UpdateTimestampsCache] : [Enrolment] -> [5579091127205888]
14:18:54,728 DEBUG SQL:104 - 
    delete 
    from
        Address 
    where
        id=?
14:18:54,728 DEBUG BaseGeneralDataRegion:59 - Caching[foo.org.hibernate.cache.spi.UpdateTimestampsCache] : [Address] -> [5579091127205889]
14:18:54,729 DEBUG SQL:104 - 
    delete 
    from
        Address 
    where
        id=?
14:18:54,729 DEBUG BaseGeneralDataRegion:59 - Caching[foo.org.hibernate.cache.spi.UpdateTimestampsCache] : [Address] -> [5579091127209984]
14:18:54,729 DEBUG SQL:104 - 
    delete 
    from
        Student 
    where
        studentId=?
14:18:54,729 DEBUG BaseGeneralDataRegion:59 - Caching[foo.org.hibernate.cache.spi.UpdateTimestampsCache] : [Student] -> [5579091127209985]
14:18:54,729 DEBUG SQL:104 - 
    delete 
    from
        Enrolment 
    where
        studentId=? 
        and courseCode=?
14:18:54,729 DEBUG BaseGeneralDataRegion:59 - Caching[foo.org.hibernate.cache.spi.UpdateTimestampsCache] : [Enrolment] -> [5579091127209986]
14:18:54,729 DEBUG SQL:104 - 
    delete 
    from
        Student 
    where
        studentId=?
14:18:54,730 DEBUG BaseGeneralDataRegion:59 - Caching[foo.org.hibernate.cache.spi.UpdateTimestampsCache] : [Student] -> [5579091127214080]
14:18:54,730 DEBUG SQL:104 - 
    delete 
    from
        CourseMeeting 
    where
        courseCode=? 
        and day=? 
        and period=? 
        and location=?
14:18:54,750 DEBUG BaseGeneralDataRegion:59 - Caching[foo.org.hibernate.cache.spi.UpdateTimestampsCache] : [CourseMeeting] -> [5579091127296000]
14:18:54,751 DEBUG SQL:104 - 
    delete 
    from
        CourseMeeting 
    where
        courseCode=? 
        and day=? 
        and period=? 
        and location=?
14:18:54,751 DEBUG BaseGeneralDataRegion:59 - Caching[foo.org.hibernate.cache.spi.UpdateTimestampsCache] : [CourseMeeting] -> [5579091127300096]
14:18:54,751 DEBUG SQL:104 - 
    delete 
    from
        Course 
    where
        courseCode=?
14:18:54,751 DEBUG BaseGeneralDataRegion:59 - Caching[foo.org.hibernate.cache.spi.UpdateTimestampsCache] : [Course] -> [5579091127300097]
14:18:54,751 DEBUG BaseGeneralDataRegion:59 - Caching[foo.org.hibernate.cache.spi.UpdateTimestampsCache] : [Student] -> [5579090881540098]
14:18:54,751 DEBUG BaseGeneralDataRegion:59 - Caching[foo.org.hibernate.cache.spi.UpdateTimestampsCache] : [Course] -> [5579090881540098]
14:18:54,751 DEBUG BaseGeneralDataRegion:59 - Caching[foo.org.hibernate.cache.spi.UpdateTimestampsCache] : [Enrolment] -> [5579090881540098]
14:18:54,752 DEBUG BaseGeneralDataRegion:59 - Caching[foo.org.hibernate.cache.spi.UpdateTimestampsCache] : [Student_secretCodes] -> [5579090881540098]
14:18:54,752 DEBUG BaseGeneralDataRegion:59 - Caching[foo.org.hibernate.cache.spi.UpdateTimestampsCache] : [Address] -> [5579090881540098]
14:18:54,752 DEBUG BaseGeneralDataRegion:59 - Caching[foo.org.hibernate.cache.spi.UpdateTimestampsCache] : [CourseMeeting] -> [5579090881540098]
14:18:54,752  INFO CustomRunner:139 - Test: testEntityWithUnaliasedJoinFetchedLazyOneToManySingleElementList
14:18:54,753 DEBUG SQL:104 - 
    select
        coursemeet_.courseCode,
        coursemeet_.day,
        coursemeet_.period,
        coursemeet_.location 
    from
        CourseMeeting coursemeet_ 
    where
        coursemeet_.courseCode=? 
        and coursemeet_.day=? 
        and coursemeet_.period=? 
        and coursemeet_.location=?
14:18:54,761 DEBUG SQL:104 - 
    select
        coursemeet_.courseCode,
        coursemeet_.day,
        coursemeet_.period,
        coursemeet_.location 
    from
        CourseMeeting coursemeet_ 
    where
        coursemeet_.courseCode=? 
        and coursemeet_.day=? 
        and coursemeet_.period=? 
        and coursemeet_.location=?
14:18:54,762 DEBUG SQL:104 - 
    insert 
    into
        Course
        (description, courseCode) 
    values
        (?, ?)
14:18:54,771 DEBUG BaseGeneralDataRegion:59 - Caching[foo.org.hibernate.cache.spi.UpdateTimestampsCache] : [Course] -> [5579091127382016]
14:18:54,771 DEBUG SQL:104 - 
    insert 
    into
        CourseMeeting
        (courseCode, day, period, location) 
    values
        (?, ?, ?, ?)
14:18:54,771 DEBUG BaseGeneralDataRegion:59 - Caching[foo.org.hibernate.cache.spi.UpdateTimestampsCache] : [CourseMeeting] -> [5579091127382017]
14:18:54,771 DEBUG SQL:104 - 
    insert 
    into
        CourseMeeting
        (courseCode, day, period, location) 
    values
        (?, ?, ?, ?)
14:18:54,771 DEBUG BaseGeneralDataRegion:59 - Caching[foo.org.hibernate.cache.spi.UpdateTimestampsCache] : [CourseMeeting] -> [5579091127382018]
14:18:54,772 DEBUG SQL:104 - 
    insert 
    into
        Student
        (name_first, name_middle, name_last, preferredCourseCode, studentId) 
    values
        (?, ?, ?, ?, ?)
14:18:54,772 DEBUG BaseGeneralDataRegion:59 - Caching[foo.org.hibernate.cache.spi.UpdateTimestampsCache] : [Student] -> [5579091127386112]
14:18:54,772 DEBUG SQL:104 - 
    insert 
    into
        Address
        (addressType, street, city, stateProvince, postalCode, country, studentNumber, id) 
    values
        (?, ?, ?, ?, ?, ?, ?, ?)
14:18:54,781 DEBUG BaseGeneralDataRegion:59 - Caching[foo.org.hibernate.cache.spi.UpdateTimestampsCache] : [Address] -> [5579091127422976]
14:18:54,782 DEBUG SQL:104 - 
    insert 
    into
        Address
        (addressType, street, city, stateProvince, postalCode, country, studentNumber, id) 
    values
        (?, ?, ?, ?, ?, ?, ?, ?)
14:18:54,782 DEBUG BaseGeneralDataRegion:59 - Caching[foo.org.hibernate.cache.spi.UpdateTimestampsCache] : [Address] -> [5579091127427072]
14:18:54,782 DEBUG SQL:104 - 
    insert 
    into
        Student
        (name_first, name_middle, name_last, preferredCourseCode, studentId) 
    values
        (?, ?, ?, ?, ?)
14:18:54,782 DEBUG BaseGeneralDataRegion:59 - Caching[foo.org.hibernate.cache.spi.UpdateTimestampsCache] : [Student] -> [5579091127427073]
14:18:54,782 DEBUG SQL:104 - 
    insert 
    into
        Enrolment
        (semester, "year", studentId, courseCode) 
    values
        (?, ?, ?, ?)
14:18:54,782 DEBUG BaseGeneralDataRegion:59 - Caching[foo.org.hibernate.cache.spi.UpdateTimestampsCache] : [Enrolment] -> [5579091127427074]
14:18:54,783 DEBUG SQL:104 - 
    insert 
    into
        Enrolment
        (semester, "year", studentId, courseCode) 
    values
        (?, ?, ?, ?)
14:18:54,793 DEBUG BaseGeneralDataRegion:59 - Caching[foo.org.hibernate.cache.spi.UpdateTimestampsCache] : [Enrolment] -> [5579091127472128]
14:18:54,793 DEBUG BaseGeneralDataRegion:59 - Caching[foo.org.hibernate.cache.spi.UpdateTimestampsCache] : [CourseMeeting] -> [5579091127472129]
14:18:54,793 DEBUG BaseGeneralDataRegion:59 - Caching[foo.org.hibernate.cache.spi.UpdateTimestampsCache] : [Enrolment] -> [5579091127472130]
14:18:54,793 DEBUG SQL:104 - 
    update
        Address 
    set
        studentNumber=?,
        addressType=? 
    where
        id=?
14:18:54,793 DEBUG SQL:104 - 
    update
        Address 
    set
        studentNumber=?,
        addressType=? 
    where
        id=?
14:18:54,794 DEBUG BaseGeneralDataRegion:59 - Caching[foo.org.hibernate.cache.spi.UpdateTimestampsCache] : [Address] -> [5579091127476224]
14:18:54,794 DEBUG SQL:104 - 
    insert 
    into
        Student_secretCodes
        (studentNumber, i, secretCode) 
    values
        (?, ?, ?)
14:18:54,803 DEBUG BaseGeneralDataRegion:59 - Caching[foo.org.hibernate.cache.spi.UpdateTimestampsCache] : [Student_secretCodes] -> [5579091127513088]
14:18:54,804 DEBUG BaseGeneralDataRegion:59 - Caching[foo.org.hibernate.cache.spi.UpdateTimestampsCache] : [Enrolment] -> [5579091127517184]
14:18:54,804 DEBUG BaseGeneralDataRegion:59 - Caching[foo.org.hibernate.cache.spi.UpdateTimestampsCache] : [Address] -> [5579091127517185]
14:18:54,804 DEBUG SQL:104 - 
    insert 
    into
        Student_secretCodes
        (studentNumber, i, secretCode) 
    values
        (?, ?, ?)
14:18:54,804 DEBUG SQL:104 - 
    insert 
    into
        Student_secretCodes
        (studentNumber, i, secretCode) 
    values
        (?, ?, ?)
14:18:54,804 DEBUG BaseGeneralDataRegion:59 - Caching[foo.org.hibernate.cache.spi.UpdateTimestampsCache] : [Student_secretCodes] -> [5579091127517186]
14:18:54,804 DEBUG BaseGeneralDataRegion:59 - Caching[foo.org.hibernate.cache.spi.UpdateTimestampsCache] : [Student] -> [5579090881757187]
14:18:54,804 DEBUG BaseGeneralDataRegion:59 - Caching[foo.org.hibernate.cache.spi.UpdateTimestampsCache] : [Course] -> [5579090881757187]
14:18:54,804 DEBUG BaseGeneralDataRegion:59 - Caching[foo.org.hibernate.cache.spi.UpdateTimestampsCache] : [Enrolment] -> [5579090881757187]
14:18:54,805 DEBUG BaseGeneralDataRegion:59 - Caching[foo.org.hibernate.cache.spi.UpdateTimestampsCache] : [Student_secretCodes] -> [5579090881757187]
14:18:54,805 DEBUG BaseGeneralDataRegion:59 - Caching[foo.org.hibernate.cache.spi.UpdateTimestampsCache] : [Address] -> [5579090881757187]
14:18:54,805 DEBUG BaseGeneralDataRegion:59 - Caching[foo.org.hibernate.cache.spi.UpdateTimestampsCache] : [CourseMeeting] -> [5579090881757187]
14:18:54,805 DEBUG QueryTranslatorImpl:265 - parse() - HQL: from org.hibernate.test.querycache.Student s left join fetch s.enrolments order by s.studentNumber
14:18:54,806 DEBUG QueryTranslatorImpl:283 - --- HQL AST ---
 \-[QUERY] Node: 'query'
    +-[SELECT_FROM] Node: 'SELECT_FROM'
    |  \-[FROM] Node: 'from'
    |     +-[RANGE] Node: 'RANGE'
    |     |  +-[DOT] Node: '.'
    |     |  |  +-[DOT] Node: '.'
    |     |  |  |  +-[DOT] Node: '.'
    |     |  |  |  |  +-[DOT] Node: '.'
    |     |  |  |  |  |  +-[IDENT] Node: 'org'
    |     |  |  |  |  |  \-[IDENT] Node: 'hibernate'
    |     |  |  |  |  \-[IDENT] Node: 'test'
    |     |  |  |  \-[IDENT] Node: 'querycache'
    |     |  |  \-[IDENT] Node: 'Student'
    |     |  \-[ALIAS] Node: 's'
    |     \-[JOIN] Node: 'join'
    |        +-[LEFT] Node: 'left'
    |        +-[FETCH] Node: 'fetch'
    |        \-[DOT] Node: '.'
    |           +-[IDENT] Node: 's'
    |           \-[IDENT] Node: 'enrolments'
    \-[ORDER] Node: 'order'
       \-[DOT] Node: '.'
          +-[IDENT] Node: 's'
          \-[IDENT] Node: 'studentNumber'

14:18:54,815 DEBUG ErrorCounter:82 - throwQueryException() : no errors
14:18:54,815 DEBUG FromElement:157 - FromClause{level=1} : org.hibernate.test.querycache.Student (s) -> student0_
14:18:54,815 DEBUG FromReferenceNode:74 - Resolved : s -> student0_.studentId
14:18:54,815 DEBUG DotNode:599 - getDataType() : enrolments -> org.hibernate.type.SetType(org.hibernate.test.querycache.Student.enrolments)
14:18:54,815 DEBUG FromElementFactory:376 - createEntityAssociation() : One to many - path = s.enrolments role = org.hibernate.test.querycache.Student.enrolments associatedEntityName = org.hibernate.test.querycache.Enrolment
14:18:54,816 DEBUG FromElement:157 - FromClause{level=1} : org.hibernate.test.querycache.Enrolment (<no alias>) -> enrolments1_
14:18:54,824 DEBUG FromClause:282 - addJoinByPathMap() : s.enrolments -> FromElement{explicit,not a collection join,not a fetch join,fetch non-lazy properties,classAlias=null,role=null,tableName=Enrolment,tableAlias=enrolments1_,origin=Student student0_,columns={student0_.studentId ,className=org.hibernate.test.querycache.Enrolment}}
14:18:54,825 DEBUG DotNode:308 - dereferenceCollection() : Created new FROM element for s.enrolments : Enrolment enrolments1_
14:18:54,825 DEBUG FromReferenceNode:74 - Resolved : s.enrolments -> .
14:18:54,825 DEBUG HqlSqlWalker:403 - createFromJoinElement() : -- join tree --
 \-[JOIN_FRAGMENT] FromElement: 'Enrolment enrolments1_' FromElement{explicit,not a collection join,fetch join,fetch non-lazy properties,classAlias=null,role=org.hibernate.test.querycache.Student.enrolments,tableName=Enrolment,tableAlias=enrolments1_,origin=Student student0_,columns={student0_.studentId ,className=org.hibernate.test.querycache.Enrolment}}

14:18:54,825 DEBUG FromReferenceNode:74 - Resolved : s -> student0_.studentId
14:18:54,825 DEBUG DotNode:599 - getDataType() : studentNumber -> org.hibernate.type.LongType@4bf3f9d
14:18:54,825 DEBUG FromReferenceNode:74 - Resolved : s.studentNumber -> student0_.studentId
14:18:54,825 DEBUG HqlSqlWalker:629 - processQuery() :  ( SELECT ( FromClause{level=1} ( Student student0_ Enrolment enrolments1_ ) ) ( order ( student0_.studentId student0_.studentId studentNumber ) ) )
14:18:54,826 DEBUG HqlSqlWalker:869 - Derived SELECT clause created.
14:18:54,826 DEBUG JoinProcessor:175 - Using FROM fragment [Student student0_]
14:18:54,826 DEBUG JoinProcessor:175 - Using FROM fragment [left outer join Enrolment enrolments1_ on student0_.studentId=enrolments1_.studentId]
14:18:54,826 DEBUG QueryTranslatorImpl:252 - --- SQL AST ---
 \-[SELECT] QueryNode: 'SELECT'  querySpaces (Student,Enrolment)
    +-[SELECT_CLAUSE] SelectClause: '{derived select clause}'
    |  +-[SELECT_EXPR] SelectExpressionImpl: 'student0_.studentId as studentId4_0_' {FromElement{explicit,not a collection join,not a fetch join,fetch non-lazy properties,classAlias=s,role=null,tableName=Student,tableAlias=student0_,origin=null,columns={,className=org.hibernate.test.querycache.Student}}}
    |  +-[SELECT_EXPR] SelectExpressionImpl: 'enrolments1_.studentId as studentId3_1_, enrolments1_.courseCode as courseCode3_1_' {FromElement{explicit,not a collection join,fetch join,fetch non-lazy properties,classAlias=null,role=org.hibernate.test.querycache.Student.enrolments,tableName=Enrolment,tableAlias=enrolments1_,origin=Student student0_,columns={student0_.studentId ,className=org.hibernate.test.querycache.Enrolment}}}
    |  +-[SQL_TOKEN] SqlFragment: 'student0_.name_first as name2_4_0_, student0_.name_middle as name3_4_0_, student0_.name_last as name4_4_0_, student0_.preferredCourseCode as preferre5_4_0_'
    |  +-[SQL_TOKEN] SqlFragment: 'enrolments1_.semester as semester3_1_, enrolments1_."year" as year4_3_1_'
    |  \-[SQL_TOKEN] SqlFragment: 'enrolments1_.studentId as studentId4_0__, enrolments1_.studentId as studentId3_0__, enrolments1_.courseCode as courseCode3_0__'
    +-[FROM] FromClause: 'from' FromClause{level=1, fromElementCounter=2, fromElements=2, fromElementByClassAlias=[s], fromElementByTableAlias=[student0_, enrolments1_], fromElementsByPath=[s.enrolments], collectionJoinFromElementsByPath=[], impliedElements=[]}
    |  \-[FROM_FRAGMENT] FromElement: 'Student student0_' FromElement{explicit,not a collection join,not a fetch join,fetch non-lazy properties,classAlias=s,role=null,tableName=Student,tableAlias=student0_,origin=null,columns={,className=org.hibernate.test.querycache.Student}}
    |     \-[JOIN_FRAGMENT] FromElement: 'left outer join Enrolment enrolments1_ on student0_.studentId=enrolments1_.studentId' FromElement{explicit,not a collection join,fetch join,fetch non-lazy properties,classAlias=null,role=org.hibernate.test.querycache.Student.enrolments,tableName=Enrolment,tableAlias=enrolments1_,origin=Student student0_,columns={student0_.studentId ,className=org.hibernate.test.querycache.Enrolment}}
    \-[ORDER] OrderByClause: 'order'
       \-[DOT] DotNode: 'student0_.studentId' {propertyName=studentNumber,dereferenceType=ALL,propertyPath=studentNumber,path=s.studentNumber,tableAlias=student0_,className=org.hibernate.test.querycache.Student,classAlias=s}
          +-[ALIAS_REF] IdentNode: 'student0_.studentId' {alias=s, className=org.hibernate.test.querycache.Student, tableAlias=student0_}
          \-[IDENT] IdentNode: 'studentNumber' {originalText=studentNumber}

14:18:54,826 DEBUG ErrorCounter:82 - throwQueryException() : no errors
14:18:54,834 DEBUG QueryTranslatorImpl:235 - HQL: from org.hibernate.test.querycache.Student s left join fetch s.enrolments order by s.studentNumber
14:18:54,834 DEBUG QueryTranslatorImpl:236 - SQL: select student0_.studentId as studentId4_0_, enrolments1_.studentId as studentId3_1_, enrolments1_.courseCode as courseCode3_1_, student0_.name_first as name2_4_0_, student0_.name_middle as name3_4_0_, student0_.name_last as name4_4_0_, student0_.preferredCourseCode as preferre5_4_0_, enrolments1_.semester as semester3_1_, enrolments1_."year" as year4_3_1_, enrolments1_.studentId as studentId4_0__, enrolments1_.studentId as studentId3_0__, enrolments1_.courseCode as courseCode3_0__ from Student student0_ left outer join Enrolment enrolments1_ on student0_.studentId=enrolments1_.studentId order by student0_.studentId
14:18:54,834 DEBUG ErrorCounter:82 - throwQueryException() : no errors
14:18:54,835 DEBUG SQL:104 - 
    select
        student0_.studentId as studentId4_0_,
        enrolments1_.studentId as studentId3_1_,
        enrolments1_.courseCode as courseCode3_1_,
        student0_.name_first as name2_4_0_,
        student0_.name_middle as name3_4_0_,
        student0_.name_last as name4_4_0_,
        student0_.preferredCourseCode as preferre5_4_0_,
        enrolments1_.semester as semester3_1_,
        enrolments1_."year" as year4_3_1_,
        enrolments1_.studentId as studentId4_0__,
        enrolments1_.studentId as studentId3_0__,
        enrolments1_.courseCode as courseCode3_0__ 
    from
        Student student0_ 
    left outer join
        Enrolment enrolments1_ 
            on student0_.studentId=enrolments1_.studentId 
    order by
        student0_.studentId
14:18:54,835 DEBUG SQL:104 - 
    select
        course0_.courseCode as courseCode1_0_,
        course0_.description as descript2_1_0_ 
    from
        Course course0_ 
    where
        course0_.courseCode=?
14:18:54,836 DEBUG SQL:104 - 
    select
        secretcode0_.studentNumber as studentN1_4_0_,
        secretcode0_.secretCode as secretCode5_0_,
        secretcode0_.i as i0_ 
    from
        Student_secretCodes secretcode0_ 
    where
        secretcode0_.studentNumber=?
14:18:54,836 DEBUG SQL:104 - 
    select
        coursemeet0_.courseCode as courseCode1_1_,
        coursemeet0_.courseCode as courseCode2_1_,
        coursemeet0_.day as day2_1_,
        coursemeet0_.period as period2_1_,
        coursemeet0_.location as location2_1_,
        coursemeet0_.courseCode as courseCode2_0_,
        coursemeet0_.day as day2_0_,
        coursemeet0_.period as period2_0_,
        coursemeet0_.location as location2_0_ 
    from
        CourseMeeting coursemeet0_ 
    where
        coursemeet0_.courseCode=?
14:18:54,837 DEBUG SQL:104 - 
    select
        secretcode0_.studentNumber as studentN1_4_0_,
        secretcode0_.secretCode as secretCode5_0_,
        secretcode0_.i as i0_ 
    from
        Student_secretCodes secretcode0_ 
    where
        secretcode0_.studentNumber=?
14:18:54,848 DEBUG BaseGeneralDataRegion:59 - Caching[foo.org.hibernate.cache.internal.StandardQueryCache] : [sql: select student0_.studentId as studentId4_0_, enrolments1_.studentId as studentId3_1_, enrolments1_.courseCode as courseCode3_1_, student0_.name_first as name2_4_0_, student0_.name_middle as name3_4_0_, student0_.name_last as name4_4_0_, student0_.preferredCourseCode as preferre5_4_0_, enrolments1_.semester as semester3_1_, enrolments1_."year" as year4_3_1_, enrolments1_.studentId as studentId4_0__, enrolments1_.studentId as studentId3_0__, enrolments1_.courseCode as courseCode3_0__ from Student student0_ left outer join Enrolment enrolments1_ on student0_.studentId=enrolments1_.studentId order by student0_.studentId; parameters: ; named parameters: {}; transformer: org.hibernate.transform.CacheableResultTransformer@138f59] -> [[5579090881937408, 111, 999]]
14:18:54,849 DEBUG SQL:104 - 
    select
        student0_.studentId as studentId4_0_,
        enrolments1_.studentId as studentId3_1_,
        enrolments1_.courseCode as courseCode3_1_,
        student0_.name_first as name2_4_0_,
        student0_.name_middle as name3_4_0_,
        student0_.name_last as name4_4_0_,
        student0_.preferredCourseCode as preferre5_4_0_,
        enrolments1_.semester as semester3_1_,
        enrolments1_."year" as year4_3_1_,
        enrolments1_.studentId as studentId4_0__,
        enrolments1_.studentId as studentId3_0__,
        enrolments1_.courseCode as courseCode3_0__ 
    from
        Student student0_ 
    left outer join
        Enrolment enrolments1_ 
            on student0_.studentId=enrolments1_.studentId 
    order by
        student0_.studentId
14:18:54,850 DEBUG SQL:104 - 
    select
        course0_.courseCode as courseCode1_0_,
        course0_.description as descript2_1_0_ 
    from
        Course course0_ 
    where
        course0_.courseCode=?
14:18:54,859 DEBUG SQL:104 - 
    select
        secretcode0_.studentNumber as studentN1_4_0_,
        secretcode0_.secretCode as secretCode5_0_,
        secretcode0_.i as i0_ 
    from
        Student_secretCodes secretcode0_ 
    where
        secretcode0_.studentNumber=?
14:18:54,860 DEBUG SQL:104 - 
    select
        coursemeet0_.courseCode as courseCode1_1_,
        coursemeet0_.courseCode as courseCode2_1_,
        coursemeet0_.day as day2_1_,
        coursemeet0_.period as period2_1_,
        coursemeet0_.location as location2_1_,
        coursemeet0_.courseCode as courseCode2_0_,
        coursemeet0_.day as day2_0_,
        coursemeet0_.period as period2_0_,
        coursemeet0_.location as location2_0_ 
    from
        CourseMeeting coursemeet0_ 
    where
        coursemeet0_.courseCode=?
14:18:54,860 DEBUG SQL:104 - 
    select
        secretcode0_.studentNumber as studentN1_4_0_,
        secretcode0_.secretCode as secretCode5_0_,
        secretcode0_.i as i0_ 
    from
        Student_secretCodes secretcode0_ 
    where
        secretcode0_.studentNumber=?
14:18:54,861 DEBUG BaseGeneralDataRegion:59 - Caching[foo.org.hibernate.cache.internal.StandardQueryCache] : [sql: select student0_.studentId as studentId4_0_, enrolments1_.studentId as studentId3_1_, enrolments1_.courseCode as courseCode3_1_, student0_.name_first as name2_4_0_, student0_.name_middle as name3_4_0_, student0_.name_last as name4_4_0_, student0_.preferredCourseCode as preferre5_4_0_, enrolments1_.semester as semester3_1_, enrolments1_."year" as year4_3_1_, enrolments1_.studentId as studentId4_0__, enrolments1_.studentId as studentId3_0__, enrolments1_.courseCode as courseCode3_0__ from Student student0_ left outer join Enrolment enrolments1_ on student0_.studentId=enrolments1_.studentId order by student0_.studentId; parameters: ; named parameters: {}; transformer: org.hibernate.transform.CacheableResultTransformer@138f59] -> [[5579090881986560, 111, 999]]
14:18:54,861 DEBUG SQL:104 - 
    select
        student_.studentId,
        student_.name_first as name2_4_,
        student_.name_middle as name3_4_,
        student_.name_last as name4_4_,
        student_.preferredCourseCode as preferre5_4_ 
    from
        Student student_ 
    where
        student_.studentId=?
14:18:54,884 DEBUG SQL:104 - 
    select
        enrolment_.studentId,
        enrolment_.courseCode,
        enrolment_.semester as semester3_,
        enrolment_."year" as year4_3_ 
    from
        Enrolment enrolment_ 
    where
        enrolment_.studentId=? 
        and enrolment_.courseCode=?
14:18:54,885 DEBUG SQL:104 - 
    select
        course_.courseCode,
        course_.description as descript2_1_ 
    from
        Course course_ 
    where
        course_.courseCode=?
14:18:54,885 DEBUG SQL:104 - 
    select
        student_.studentId,
        student_.name_first as name2_4_,
        student_.name_middle as name3_4_,
        student_.name_last as name4_4_,
        student_.preferredCourseCode as preferre5_4_ 
    from
        Student student_ 
    where
        student_.studentId=?
14:18:54,896 DEBUG SQL:104 - 
    select
        enrolment_.studentId,
        enrolment_.courseCode,
        enrolment_.semester as semester3_,
        enrolment_."year" as year4_3_ 
    from
        Enrolment enrolment_ 
    where
        enrolment_.studentId=? 
        and enrolment_.courseCode=?
14:18:54,897 DEBUG SQL:104 - 
    select
        coursemeet_.courseCode,
        coursemeet_.day,
        coursemeet_.period,
        coursemeet_.location 
    from
        CourseMeeting coursemeet_ 
    where
        coursemeet_.courseCode=? 
        and coursemeet_.day=? 
        and coursemeet_.period=? 
        and coursemeet_.location=?
14:18:54,907 DEBUG SQL:104 - 
    select
        coursemeet_.courseCode,
        coursemeet_.day,
        coursemeet_.period,
        coursemeet_.location 
    from
        CourseMeeting coursemeet_ 
    where
        coursemeet_.courseCode=? 
        and coursemeet_.day=? 
        and coursemeet_.period=? 
        and coursemeet_.location=?
14:18:54,908 DEBUG BaseGeneralDataRegion:59 - Caching[foo.org.hibernate.cache.spi.UpdateTimestampsCache] : [Enrolment] -> [5579091127943168]
14:18:54,908 DEBUG SQL:104 - 
    update
        Address 
    set
        studentNumber=null,
        addressType=null 
    where
        studentNumber=?
14:18:54,908 DEBUG BaseGeneralDataRegion:59 - Caching[foo.org.hibernate.cache.spi.UpdateTimestampsCache] : [Address] -> [5579091127943169]
14:18:54,908 DEBUG SQL:104 - 
    delete 
    from
        Student_secretCodes 
    where
        studentNumber=?
14:18:54,908 DEBUG BaseGeneralDataRegion:59 - Caching[foo.org.hibernate.cache.spi.UpdateTimestampsCache] : [Student_secretCodes] -> [5579091127943170]
14:18:54,918 DEBUG BaseGeneralDataRegion:59 - Caching[foo.org.hibernate.cache.spi.UpdateTimestampsCache] : [Enrolment] -> [5579091127984128]
14:18:54,918 DEBUG BaseGeneralDataRegion:59 - Caching[foo.org.hibernate.cache.spi.UpdateTimestampsCache] : [Address] -> [5579091127984129]
14:18:54,918 DEBUG SQL:104 - 
    delete 
    from
        Student_secretCodes 
    where
        studentNumber=?
14:18:54,918 DEBUG BaseGeneralDataRegion:59 - Caching[foo.org.hibernate.cache.spi.UpdateTimestampsCache] : [Student_secretCodes] -> [5579091127984130]
14:18:54,919 DEBUG BaseGeneralDataRegion:59 - Caching[foo.org.hibernate.cache.spi.UpdateTimestampsCache] : [CourseMeeting] -> [5579091127988224]
14:18:54,919 DEBUG SQL:104 - 
    delete 
    from
        Enrolment 
    where
        studentId=? 
        and courseCode=?
14:18:54,919 DEBUG BaseGeneralDataRegion:59 - Caching[foo.org.hibernate.cache.spi.UpdateTimestampsCache] : [Enrolment] -> [5579091127988225]
14:18:54,919 DEBUG SQL:104 - 
    delete 
    from
        Address 
    where
        id=?
14:18:54,919 DEBUG BaseGeneralDataRegion:59 - Caching[foo.org.hibernate.cache.spi.UpdateTimestampsCache] : [Address] -> [5579091127988226]
14:18:54,919 DEBUG SQL:104 - 
    delete 
    from
        Address 
    where
        id=?
14:18:54,929 DEBUG BaseGeneralDataRegion:59 - Caching[foo.org.hibernate.cache.spi.UpdateTimestampsCache] : [Address] -> [5579091128029184]
14:18:54,929 DEBUG SQL:104 - 
    delete 
    from
        Student 
    where
        studentId=?
14:18:54,930 DEBUG BaseGeneralDataRegion:59 - Caching[foo.org.hibernate.cache.spi.UpdateTimestampsCache] : [Student] -> [5579091128033280]
14:18:54,930 DEBUG SQL:104 - 
    delete 
    from
        Enrolment 
    where
        studentId=? 
        and courseCode=?
14:18:54,930 DEBUG BaseGeneralDataRegion:59 - Caching[foo.org.hibernate.cache.spi.UpdateTimestampsCache] : [Enrolment] -> [5579091128033281]
14:18:54,930 DEBUG SQL:104 - 
    delete 
    from
        Student 
    where
        studentId=?
14:18:54,930 DEBUG BaseGeneralDataRegion:59 - Caching[foo.org.hibernate.cache.spi.UpdateTimestampsCache] : [Student] -> [5579091128033282]
14:18:54,930 DEBUG SQL:104 - 
    delete 
    from
        CourseMeeting 
    where
        courseCode=? 
        and day=? 
        and period=? 
        and location=?
14:18:54,942 DEBUG BaseGeneralDataRegion:59 - Caching[foo.org.hibernate.cache.spi.UpdateTimestampsCache] : [CourseMeeting] -> [5579091128082432]
14:18:54,942 DEBUG SQL:104 - 
    delete 
    from
        CourseMeeting 
    where
        courseCode=? 
        and day=? 
        and period=? 
        and location=?
14:18:54,942 DEBUG BaseGeneralDataRegion:59 - Caching[foo.org.hibernate.cache.spi.UpdateTimestampsCache] : [CourseMeeting] -> [5579091128082433]
14:18:54,943 DEBUG SQL:104 - 
    delete 
    from
        Course 
    where
        courseCode=?
14:18:54,943 DEBUG BaseGeneralDataRegion:59 - Caching[foo.org.hibernate.cache.spi.UpdateTimestampsCache] : [Course] -> [5579091128086528]
14:18:54,943 DEBUG BaseGeneralDataRegion:59 - Caching[foo.org.hibernate.cache.spi.UpdateTimestampsCache] : [Student] -> [5579090882326529]
14:18:54,943 DEBUG BaseGeneralDataRegion:59 - Caching[foo.org.hibernate.cache.spi.UpdateTimestampsCache] : [Course] -> [5579090882326529]
14:18:54,943 DEBUG BaseGeneralDataRegion:59 - Caching[foo.org.hibernate.cache.spi.UpdateTimestampsCache] : [Enrolment] -> [5579090882326529]
14:18:54,943 DEBUG BaseGeneralDataRegion:59 - Caching[foo.org.hibernate.cache.spi.UpdateTimestampsCache] : [Student_secretCodes] -> [5579090882326529]
14:18:54,943 DEBUG BaseGeneralDataRegion:59 - Caching[foo.org.hibernate.cache.spi.UpdateTimestampsCache] : [Address] -> [5579090882326529]
14:18:54,943 DEBUG BaseGeneralDataRegion:59 - Caching[foo.org.hibernate.cache.spi.UpdateTimestampsCache] : [CourseMeeting] -> [5579090882326529]
14:18:54,944  INFO CustomRunner:139 - Test: testJoinWithFetchJoinListCriteria
14:18:54,956 DEBUG SQL:104 - 
    select
        coursemeet_.courseCode,
        coursemeet_.day,
        coursemeet_.period,
        coursemeet_.location 
    from
        CourseMeeting coursemeet_ 
    where
        coursemeet_.courseCode=? 
        and coursemeet_.day=? 
        and coursemeet_.period=? 
        and coursemeet_.location=?
14:18:54,956 DEBUG SQL:104 - 
    select
        coursemeet_.courseCode,
        coursemeet_.day,
        coursemeet_.period,
        coursemeet_.location 
    from
        CourseMeeting coursemeet_ 
    where
        coursemeet_.courseCode=? 
        and coursemeet_.day=? 
        and coursemeet_.period=? 
        and coursemeet_.location=?
14:18:54,957 DEBUG SQL:104 - 
    insert 
    into
        Course
        (description, courseCode) 
    values
        (?, ?)
14:18:54,957 DEBUG BaseGeneralDataRegion:59 - Caching[foo.org.hibernate.cache.spi.UpdateTimestampsCache] : [Course] -> [5579091128143872]
14:18:54,958 DEBUG SQL:104 - 
    insert 
    into
        CourseMeeting
        (courseCode, day, period, location) 
    values
        (?, ?, ?, ?)
14:18:54,958 DEBUG BaseGeneralDataRegion:59 - Caching[foo.org.hibernate.cache.spi.UpdateTimestampsCache] : [CourseMeeting] -> [5579091128147968]
14:18:54,958 DEBUG SQL:104 - 
    insert 
    into
        CourseMeeting
        (courseCode, day, period, location) 
    values
        (?, ?, ?, ?)
14:18:54,958 DEBUG BaseGeneralDataRegion:59 - Caching[foo.org.hibernate.cache.spi.UpdateTimestampsCache] : [CourseMeeting] -> [5579091128147969]
14:18:54,958 DEBUG SQL:104 - 
    insert 
    into
        Student
        (name_first, name_middle, name_last, preferredCourseCode, studentId) 
    values
        (?, ?, ?, ?, ?)
14:18:54,958 DEBUG BaseGeneralDataRegion:59 - Caching[foo.org.hibernate.cache.spi.UpdateTimestampsCache] : [Student] -> [5579091128147970]
14:18:54,958 DEBUG SQL:104 - 
    insert 
    into
        Address
        (addressType, street, city, stateProvince, postalCode, country, studentNumber, id) 
    values
        (?, ?, ?, ?, ?, ?, ?, ?)
14:18:54,968 DEBUG BaseGeneralDataRegion:59 - Caching[foo.org.hibernate.cache.spi.UpdateTimestampsCache] : [Address] -> [5579091128188928]
14:18:54,968 DEBUG SQL:104 - 
    insert 
    into
        Address
        (addressType, street, city, stateProvince, postalCode, country, studentNumber, id) 
    values
        (?, ?, ?, ?, ?, ?, ?, ?)
14:18:54,968 DEBUG BaseGeneralDataRegion:59 - Caching[foo.org.hibernate.cache.spi.UpdateTimestampsCache] : [Address] -> [5579091128188929]
14:18:54,968 DEBUG SQL:104 - 
    insert 
    into
        Student
        (name_first, name_middle, name_last, preferredCourseCode, studentId) 
    values
        (?, ?, ?, ?, ?)
14:18:54,968 DEBUG BaseGeneralDataRegion:59 - Caching[foo.org.hibernate.cache.spi.UpdateTimestampsCache] : [Student] -> [5579091128188930]
14:18:54,969 DEBUG SQL:104 - 
    insert 
    into
        Enrolment
        (semester, "year", studentId, courseCode) 
    values
        (?, ?, ?, ?)
14:18:54,969 DEBUG BaseGeneralDataRegion:59 - Caching[foo.org.hibernate.cache.spi.UpdateTimestampsCache] : [Enrolment] -> [5579091128193024]
14:18:54,978 DEBUG SQL:104 - 
    insert 
    into
        Enrolment
        (semester, "year", studentId, courseCode) 
    values
        (?, ?, ?, ?)
14:18:54,978 DEBUG BaseGeneralDataRegion:59 - Caching[foo.org.hibernate.cache.spi.UpdateTimestampsCache] : [Enrolment] -> [5579091128229888]
14:18:54,978 DEBUG BaseGeneralDataRegion:59 - Caching[foo.org.hibernate.cache.spi.UpdateTimestampsCache] : [CourseMeeting] -> [5579091128229889]
14:18:54,978 DEBUG BaseGeneralDataRegion:59 - Caching[foo.org.hibernate.cache.spi.UpdateTimestampsCache] : [Enrolment] -> [5579091128229890]
14:18:54,979 DEBUG SQL:104 - 
    update
        Address 
    set
        studentNumber=?,
        addressType=? 
    where
        id=?
14:18:54,979 DEBUG SQL:104 - 
    update
        Address 
    set
        studentNumber=?,
        addressType=? 
    where
        id=?
14:18:54,979 DEBUG BaseGeneralDataRegion:59 - Caching[foo.org.hibernate.cache.spi.UpdateTimestampsCache] : [Address] -> [5579091128233984]
14:18:54,979 DEBUG SQL:104 - 
    insert 
    into
        Student_secretCodes
        (studentNumber, i, secretCode) 
    values
        (?, ?, ?)
14:18:54,979 DEBUG BaseGeneralDataRegion:59 - Caching[foo.org.hibernate.cache.spi.UpdateTimestampsCache] : [Student_secretCodes] -> [5579091128233985]
14:18:54,979 DEBUG BaseGeneralDataRegion:59 - Caching[foo.org.hibernate.cache.spi.UpdateTimestampsCache] : [Enrolment] -> [5579091128233986]
14:18:54,979 DEBUG BaseGeneralDataRegion:59 - Caching[foo.org.hibernate.cache.spi.UpdateTimestampsCache] : [Address] -> [5579091128233987]
14:18:54,980 DEBUG SQL:104 - 
    insert 
    into
        Student_secretCodes
        (studentNumber, i, secretCode) 
    values
        (?, ?, ?)
14:18:54,999 DEBUG SQL:104 - 
    insert 
    into
        Student_secretCodes
        (studentNumber, i, secretCode) 
    values
        (?, ?, ?)
14:18:55,000 DEBUG BaseGeneralDataRegion:59 - Caching[foo.org.hibernate.cache.spi.UpdateTimestampsCache] : [Student_secretCodes] -> [5579091128320000]
14:18:55,000 DEBUG BaseGeneralDataRegion:59 - Caching[foo.org.hibernate.cache.spi.UpdateTimestampsCache] : [Student] -> [5579090882560001]
14:18:55,000 DEBUG BaseGeneralDataRegion:59 - Caching[foo.org.hibernate.cache.spi.UpdateTimestampsCache] : [Course] -> [5579090882560001]
14:18:55,000 DEBUG BaseGeneralDataRegion:59 - Caching[foo.org.hibernate.cache.spi.UpdateTimestampsCache] : [Enrolment] -> [5579090882560001]
14:18:55,001 DEBUG BaseGeneralDataRegion:59 - Caching[foo.org.hibernate.cache.spi.UpdateTimestampsCache] : [Student_secretCodes] -> [5579090882560001]
14:18:55,001 DEBUG BaseGeneralDataRegion:59 - Caching[foo.org.hibernate.cache.spi.UpdateTimestampsCache] : [Address] -> [5579090882560001]
14:18:55,001 DEBUG BaseGeneralDataRegion:59 - Caching[foo.org.hibernate.cache.spi.UpdateTimestampsCache] : [CourseMeeting] -> [5579090882560001]
14:18:55,001 DEBUG SQL:104 - 
    select
        student_.studentId,
        student_.name_first as name2_4_,
        student_.name_middle as name3_4_,
        student_.name_last as name4_4_,
        student_.preferredCourseCode as preferre5_4_ 
    from
        Student student_ 
    where
        student_.studentId=?
14:18:55,001 DEBUG SQL:104 - 
    select
        enrolment_.studentId,
        enrolment_.courseCode,
        enrolment_.semester as semester3_,
        enrolment_."year" as year4_3_ 
    from
        Enrolment enrolment_ 
    where
        enrolment_.studentId=? 
        and enrolment_.courseCode=?
14:18:55,002 DEBUG SQL:104 - 
    select
        course_.courseCode,
        course_.description as descript2_1_ 
    from
        Course course_ 
    where
        course_.courseCode=?
14:18:55,002 DEBUG SQL:104 - 
    select
        student_.studentId,
        student_.name_first as name2_4_,
        student_.name_middle as name3_4_,
        student_.name_last as name4_4_,
        student_.preferredCourseCode as preferre5_4_ 
    from
        Student student_ 
    where
        student_.studentId=?
14:18:55,002 DEBUG SQL:104 - 
    select
        enrolment_.studentId,
        enrolment_.courseCode,
        enrolment_.semester as semester3_,
        enrolment_."year" as year4_3_ 
    from
        Enrolment enrolment_ 
    where
        enrolment_.studentId=? 
        and enrolment_.courseCode=?
14:18:55,002 DEBUG SQL:104 - 
    select
        coursemeet_.courseCode,
        coursemeet_.day,
        coursemeet_.period,
        coursemeet_.location 
    from
        CourseMeeting coursemeet_ 
    where
        coursemeet_.courseCode=? 
        and coursemeet_.day=? 
        and coursemeet_.period=? 
        and coursemeet_.location=?
14:18:55,024 DEBUG SQL:104 - 
    select
        coursemeet_.courseCode,
        coursemeet_.day,
        coursemeet_.period,
        coursemeet_.location 
    from
        CourseMeeting coursemeet_ 
    where
        coursemeet_.courseCode=? 
        and coursemeet_.day=? 
        and coursemeet_.period=? 
        and coursemeet_.location=?
14:18:55,025 DEBUG BaseGeneralDataRegion:59 - Caching[foo.org.hibernate.cache.spi.UpdateTimestampsCache] : [Enrolment] -> [5579091128422400]
14:18:55,025 DEBUG SQL:104 - 
    update
        Address 
    set
        studentNumber=null,
        addressType=null 
    where
        studentNumber=?
14:18:55,025 DEBUG BaseGeneralDataRegion:59 - Caching[foo.org.hibernate.cache.spi.UpdateTimestampsCache] : [Address] -> [5579091128422401]
14:18:55,025 DEBUG SQL:104 - 
    delete 
    from
        Student_secretCodes 
    where
        studentNumber=?
14:18:55,034 DEBUG BaseGeneralDataRegion:59 - Caching[foo.org.hibernate.cache.spi.UpdateTimestampsCache] : [Student_secretCodes] -> [5579091128459264]
14:18:55,034 DEBUG BaseGeneralDataRegion:59 - Caching[foo.org.hibernate.cache.spi.UpdateTimestampsCache] : [Enrolment] -> [5579091128459265]
14:18:55,034 DEBUG BaseGeneralDataRegion:59 - Caching[foo.org.hibernate.cache.spi.UpdateTimestampsCache] : [Address] -> [5579091128459266]
14:18:55,034 DEBUG SQL:104 - 
    delete 
    from
        Student_secretCodes 
    where
        studentNumber=?
14:18:55,034 DEBUG BaseGeneralDataRegion:59 - Caching[foo.org.hibernate.cache.spi.UpdateTimestampsCache] : [Student_secretCodes] -> [5579091128459267]
14:18:55,034 DEBUG BaseGeneralDataRegion:59 - Caching[foo.org.hibernate.cache.spi.UpdateTimestampsCache] : [CourseMeeting] -> [5579091128459268]
14:18:55,035 DEBUG SQL:104 - 
    delete 
    from
        Enrolment 
    where
        studentId=? 
        and courseCode=?
14:18:55,035 DEBUG BaseGeneralDataRegion:59 - Caching[foo.org.hibernate.cache.spi.UpdateTimestampsCache] : [Enrolment] -> [5579091128463360]
14:18:55,035 DEBUG SQL:104 - 
    delete 
    from
        Address 
    where
        id=?
14:18:55,035 DEBUG BaseGeneralDataRegion:59 - Caching[foo.org.hibernate.cache.spi.UpdateTimestampsCache] : [Address] -> [5579091128463361]
14:18:55,045 DEBUG SQL:104 - 
    delete 
    from
        Address 
    where
        id=?
14:18:55,045 DEBUG BaseGeneralDataRegion:59 - Caching[foo.org.hibernate.cache.spi.UpdateTimestampsCache] : [Address] -> [5579091128504320]
14:18:55,045 DEBUG SQL:104 - 
    delete 
    from
        Student 
    where
        studentId=?
14:18:55,045 DEBUG BaseGeneralDataRegion:59 - Caching[foo.org.hibernate.cache.spi.UpdateTimestampsCache] : [Student] -> [5579091128504321]
14:18:55,045 DEBUG SQL:104 - 
    delete 
    from
        Enrolment 
    where
        studentId=? 
        and courseCode=?
14:18:55,046 DEBUG BaseGeneralDataRegion:59 - Caching[foo.org.hibernate.cache.spi.UpdateTimestampsCache] : [Enrolment] -> [5579091128508416]
14:18:55,046 DEBUG SQL:104 - 
    delete 
    from
        Student 
    where
        studentId=?
14:18:55,046 DEBUG BaseGeneralDataRegion:59 - Caching[foo.org.hibernate.cache.spi.UpdateTimestampsCache] : [Student] -> [5579091128508417]
14:18:55,046 DEBUG SQL:104 - 
    delete 
    from
        CourseMeeting 
    where
        courseCode=? 
        and day=? 
        and period=? 
        and location=?
14:18:55,055 DEBUG BaseGeneralDataRegion:59 - Caching[foo.org.hibernate.cache.spi.UpdateTimestampsCache] : [CourseMeeting] -> [5579091128545280]
14:18:55,055 DEBUG SQL:104 - 
    delete 
    from
        CourseMeeting 
    where
        courseCode=? 
        and day=? 
        and period=? 
        and location=?
14:18:55,055 DEBUG BaseGeneralDataRegion:59 - Caching[foo.org.hibernate.cache.spi.UpdateTimestampsCache] : [CourseMeeting] -> [5579091128545281]
14:18:55,055 DEBUG SQL:104 - 
    delete 
    from
        Course 
    where
        courseCode=?
14:18:55,056 DEBUG BaseGeneralDataRegion:59 - Caching[foo.org.hibernate.cache.spi.UpdateTimestampsCache] : [Course] -> [5579091128549376]
14:18:55,056 DEBUG BaseGeneralDataRegion:59 - Caching[foo.org.hibernate.cache.spi.UpdateTimestampsCache] : [Student] -> [5579090882789377]
14:18:55,056 DEBUG BaseGeneralDataRegion:59 - Caching[foo.org.hibernate.cache.spi.UpdateTimestampsCache] : [Course] -> [5579090882789377]
14:18:55,056 DEBUG BaseGeneralDataRegion:59 - Caching[foo.org.hibernate.cache.spi.UpdateTimestampsCache] : [Enrolment] -> [5579090882789377]
14:18:55,056 DEBUG BaseGeneralDataRegion:59 - Caching[foo.org.hibernate.cache.spi.UpdateTimestampsCache] : [Student_secretCodes] -> [5579090882789377]
14:18:55,064 DEBUG BaseGeneralDataRegion:59 - Caching[foo.org.hibernate.cache.spi.UpdateTimestampsCache] : [Address] -> [5579090882789377]
14:18:55,064 DEBUG BaseGeneralDataRegion:59 - Caching[foo.org.hibernate.cache.spi.UpdateTimestampsCache] : [CourseMeeting] -> [5579090882789377]
14:18:55,065  INFO CustomRunner:139 - Test: testJoinWithFetchJoinListHql
14:18:55,066 DEBUG SQL:104 - 
    select
        coursemeet_.courseCode,
        coursemeet_.day,
        coursemeet_.period,
        coursemeet_.location 
    from
        CourseMeeting coursemeet_ 
    where
        coursemeet_.courseCode=? 
        and coursemeet_.day=? 
        and coursemeet_.period=? 
        and coursemeet_.location=?
14:18:55,067 DEBUG SQL:104 - 
    select
        coursemeet_.courseCode,
        coursemeet_.day,
        coursemeet_.period,
        coursemeet_.location 
    from
        CourseMeeting coursemeet_ 
    where
        coursemeet_.courseCode=? 
        and coursemeet_.day=? 
        and coursemeet_.period=? 
        and coursemeet_.location=?
14:18:55,076 DEBUG SQL:104 - 
    insert 
    into
        Course
        (description, courseCode) 
    values
        (?, ?)
14:18:55,076 DEBUG BaseGeneralDataRegion:59 - Caching[foo.org.hibernate.cache.spi.UpdateTimestampsCache] : [Course] -> [5579091128631296]
14:18:55,076 DEBUG SQL:104 - 
    insert 
    into
        CourseMeeting
        (courseCode, day, period, location) 
    values
        (?, ?, ?, ?)
14:18:55,077 DEBUG BaseGeneralDataRegion:59 - Caching[foo.org.hibernate.cache.spi.UpdateTimestampsCache] : [CourseMeeting] -> [5579091128635392]
14:18:55,077 DEBUG SQL:104 - 
    insert 
    into
        CourseMeeting
        (courseCode, day, period, location) 
    values
        (?, ?, ?, ?)
14:18:55,077 DEBUG BaseGeneralDataRegion:59 - Caching[foo.org.hibernate.cache.spi.UpdateTimestampsCache] : [CourseMeeting] -> [5579091128635393]
14:18:55,077 DEBUG SQL:104 - 
    insert 
    into
        Student
        (name_first, name_middle, name_last, preferredCourseCode, studentId) 
    values
        (?, ?, ?, ?, ?)
14:18:55,085 DEBUG BaseGeneralDataRegion:59 - Caching[foo.org.hibernate.cache.spi.UpdateTimestampsCache] : [Student] -> [5579091128668160]
14:18:55,085 DEBUG SQL:104 - 
    insert 
    into
        Address
        (addressType, street, city, stateProvince, postalCode, country, studentNumber, id) 
    values
        (?, ?, ?, ?, ?, ?, ?, ?)
14:18:55,086 DEBUG BaseGeneralDataRegion:59 - Caching[foo.org.hibernate.cache.spi.UpdateTimestampsCache] : [Address] -> [5579091128672256]
14:18:55,086 DEBUG SQL:104 - 
    insert 
    into
        Address
        (addressType, street, city, stateProvince, postalCode, country, studentNumber, id) 
    values
        (?, ?, ?, ?, ?, ?, ?, ?)
14:18:55,086 DEBUG BaseGeneralDataRegion:59 - Caching[foo.org.hibernate.cache.spi.UpdateTimestampsCache] : [Address] -> [5579091128672257]
14:18:55,086 DEBUG SQL:104 - 
    insert 
    into
        Student
        (name_first, name_middle, name_last, preferredCourseCode, studentId) 
    values
        (?, ?, ?, ?, ?)
14:18:55,086 DEBUG BaseGeneralDataRegion:59 - Caching[foo.org.hibernate.cache.spi.UpdateTimestampsCache] : [Student] -> [5579091128672258]
14:18:55,086 DEBUG SQL:104 - 
    insert 
    into
        Enrolment
        (semester, "year", studentId, courseCode) 
    values
        (?, ?, ?, ?)
14:18:55,086 DEBUG BaseGeneralDataRegion:59 - Caching[foo.org.hibernate.cache.spi.UpdateTimestampsCache] : [Enrolment] -> [5579091128672259]
14:18:55,087 DEBUG SQL:104 - 
    insert 
    into
        Enrolment
        (semester, "year", studentId, courseCode) 
    values
        (?, ?, ?, ?)
14:18:55,087 DEBUG BaseGeneralDataRegion:59 - Caching[foo.org.hibernate.cache.spi.UpdateTimestampsCache] : [Enrolment] -> [5579091128676352]
14:18:55,087 DEBUG BaseGeneralDataRegion:59 - Caching[foo.org.hibernate.cache.spi.UpdateTimestampsCache] : [CourseMeeting] -> [5579091128676353]
14:18:55,087 DEBUG BaseGeneralDataRegion:59 - Caching[foo.org.hibernate.cache.spi.UpdateTimestampsCache] : [Enrolment] -> [5579091128676354]
14:18:55,087 DEBUG SQL:104 - 
    update
        Address 
    set
        studentNumber=?,
        addressType=? 
    where
        id=?
14:18:55,087 DEBUG SQL:104 - 
    update
        Address 
    set
        studentNumber=?,
        addressType=? 
    where
        id=?
14:18:55,099 DEBUG BaseGeneralDataRegion:59 - Caching[foo.org.hibernate.cache.spi.UpdateTimestampsCache] : [Address] -> [5579091128725504]
14:18:55,100 DEBUG SQL:104 - 
    insert 
    into
        Student_secretCodes
        (studentNumber, i, secretCode) 
    values
        (?, ?, ?)
14:18:55,100 DEBUG BaseGeneralDataRegion:59 - Caching[foo.org.hibernate.cache.spi.UpdateTimestampsCache] : [Student_secretCodes] -> [5579091128729600]
14:18:55,100 DEBUG BaseGeneralDataRegion:59 - Caching[foo.org.hibernate.cache.spi.UpdateTimestampsCache] : [Enrolment] -> [5579091128729601]
14:18:55,100 DEBUG BaseGeneralDataRegion:59 - Caching[foo.org.hibernate.cache.spi.UpdateTimestampsCache] : [Address] -> [5579091128729602]
14:18:55,100 DEBUG SQL:104 - 
    insert 
    into
        Student_secretCodes
        (studentNumber, i, secretCode) 
    values
        (?, ?, ?)
14:18:55,100 DEBUG SQL:104 - 
    insert 
    into
        Student_secretCodes
        (studentNumber, i, secretCode) 
    values
        (?, ?, ?)
14:18:55,101 DEBUG BaseGeneralDataRegion:59 - Caching[foo.org.hibernate.cache.spi.UpdateTimestampsCache] : [Student_secretCodes] -> [5579091128733696]
14:18:55,111 DEBUG BaseGeneralDataRegion:59 - Caching[foo.org.hibernate.cache.spi.UpdateTimestampsCache] : [Student] -> [5579090883014656]
14:18:55,112 DEBUG BaseGeneralDataRegion:59 - Caching[foo.org.hibernate.cache.spi.UpdateTimestampsCache] : [Course] -> [5579090883014656]
14:18:55,112 DEBUG BaseGeneralDataRegion:59 - Caching[foo.org.hibernate.cache.spi.UpdateTimestampsCache] : [Enrolment] -> [5579090883014656]
14:18:55,112 DEBUG BaseGeneralDataRegion:59 - Caching[foo.org.hibernate.cache.spi.UpdateTimestampsCache] : [Student_secretCodes] -> [5579090883014656]
14:18:55,112 DEBUG BaseGeneralDataRegion:59 - Caching[foo.org.hibernate.cache.spi.UpdateTimestampsCache] : [Address] -> [5579090883014656]
14:18:55,112 DEBUG BaseGeneralDataRegion:59 - Caching[foo.org.hibernate.cache.spi.UpdateTimestampsCache] : [CourseMeeting] -> [5579090883014656]
14:18:55,112 DEBUG QueryTranslatorImpl:265 - parse() - HQL: from org.hibernate.test.querycache.Student s left join fetch s.enrolments left join s.preferredCourse order by s.studentNumber
14:18:55,114 DEBUG QueryTranslatorImpl:283 - --- HQL AST ---
 \-[QUERY] Node: 'query'
    +-[SELECT_FROM] Node: 'SELECT_FROM'
    |  \-[FROM] Node: 'from'
    |     +-[RANGE] Node: 'RANGE'
    |     |  +-[DOT] Node: '.'
    |     |  |  +-[DOT] Node: '.'
    |     |  |  |  +-[DOT] Node: '.'
    |     |  |  |  |  +-[DOT] Node: '.'
    |     |  |  |  |  |  +-[IDENT] Node: 'org'
    |     |  |  |  |  |  \-[IDENT] Node: 'hibernate'
    |     |  |  |  |  \-[IDENT] Node: 'test'
    |     |  |  |  \-[IDENT] Node: 'querycache'
    |     |  |  \-[IDENT] Node: 'Student'
    |     |  \-[ALIAS] Node: 's'
    |     +-[JOIN] Node: 'join'
    |     |  +-[LEFT] Node: 'left'
    |     |  +-[FETCH] Node: 'fetch'
    |     |  \-[DOT] Node: '.'
    |     |     +-[IDENT] Node: 's'
    |     |     \-[IDENT] Node: 'enrolments'
    |     \-[JOIN] Node: 'join'
    |        +-[LEFT] Node: 'left'
    |        \-[DOT] Node: '.'
    |           +-[IDENT] Node: 's'
    |           \-[IDENT] Node: 'preferredCourse'
    \-[ORDER] Node: 'order'
       \-[DOT] Node: '.'
          +-[IDENT] Node: 's'
          \-[IDENT] Node: 'studentNumber'

14:18:55,114 DEBUG ErrorCounter:82 - throwQueryException() : no errors
14:18:55,114 DEBUG FromElement:157 - FromClause{level=1} : org.hibernate.test.querycache.Student (s) -> student0_
14:18:55,114 DEBUG FromReferenceNode:74 - Resolved : s -> student0_.studentId
14:18:55,115 DEBUG DotNode:599 - getDataType() : enrolments -> org.hibernate.type.SetType(org.hibernate.test.querycache.Student.enrolments)
14:18:55,115 DEBUG FromElementFactory:376 - createEntityAssociation() : One to many - path = s.enrolments role = org.hibernate.test.querycache.Student.enrolments associatedEntityName = org.hibernate.test.querycache.Enrolment
14:18:55,135 DEBUG FromElement:157 - FromClause{level=1} : org.hibernate.test.querycache.Enrolment (<no alias>) -> enrolments1_
14:18:55,136 DEBUG FromClause:282 - addJoinByPathMap() : s.enrolments -> FromElement{explicit,not a collection join,not a fetch join,fetch non-lazy properties,classAlias=null,role=null,tableName=Enrolment,tableAlias=enrolments1_,origin=Student student0_,columns={student0_.studentId ,className=org.hibernate.test.querycache.Enrolment}}
14:18:55,136 DEBUG DotNode:308 - dereferenceCollection() : Created new FROM element for s.enrolments : Enrolment enrolments1_
14:18:55,136 DEBUG FromReferenceNode:74 - Resolved : s.enrolments -> .
14:18:55,136 DEBUG HqlSqlWalker:403 - createFromJoinElement() : -- join tree --
 \-[JOIN_FRAGMENT] FromElement: 'Enrolment enrolments1_' FromElement{explicit,not a collection join,fetch join,fetch non-lazy properties,classAlias=null,role=org.hibernate.test.querycache.Student.enrolments,tableName=Enrolment,tableAlias=enrolments1_,origin=Student student0_,columns={student0_.studentId ,className=org.hibernate.test.querycache.Enrolment}}

14:18:55,136 DEBUG FromReferenceNode:74 - Resolved : s -> student0_.studentId
14:18:55,137 DEBUG DotNode:599 - getDataType() : preferredCourse -> org.hibernate.type.ManyToOneType(org.hibernate.test.querycache.Course)
14:18:55,137 DEBUG DotNode:389 - dereferenceEntityJoin() : generating join for preferredCourse in org.hibernate.test.querycache.Student (<no alias>) parent = [ {null} ]
14:18:55,137 DEBUG FromElement:157 - FromClause{level=1} : org.hibernate.test.querycache.Course (<no alias>) -> course2_
14:18:55,137 DEBUG FromClause:282 - addJoinByPathMap() : s.preferredCourse -> FromElement{explicit,not a collection join,not a fetch join,fetch non-lazy properties,classAlias=null,role=null,tableName=Course,tableAlias=course2_,origin=Student student0_,columns={student0_.preferredCourseCode ,className=org.hibernate.test.querycache.Course}}
14:18:55,137 DEBUG FromReferenceNode:74 - Resolved : s.preferredCourse -> student0_.preferredCourseCode
14:18:55,137 DEBUG HqlSqlWalker:403 - createFromJoinElement() : -- join tree --
 \-[JOIN_FRAGMENT] FromElement: 'Course course2_' FromElement{explicit,not a collection join,not a fetch join,fetch non-lazy properties,classAlias=null,role=null,tableName=Course,tableAlias=course2_,origin=Student student0_,columns={student0_.preferredCourseCode ,className=org.hibernate.test.querycache.Course}}

14:18:55,137 DEBUG FromReferenceNode:74 - Resolved : s -> student0_.studentId
14:18:55,138 DEBUG DotNode:599 - getDataType() : studentNumber -> org.hibernate.type.LongType@4bf3f9d
14:18:55,138 DEBUG FromReferenceNode:74 - Resolved : s.studentNumber -> student0_.studentId
14:18:55,138 DEBUG HqlSqlWalker:629 - processQuery() :  ( SELECT ( FromClause{level=1} ( Student student0_ Enrolment enrolments1_ Course course2_ ) ) ( order ( student0_.studentId student0_.studentId studentNumber ) ) )
14:18:55,138 DEBUG HqlSqlWalker:869 - Derived SELECT clause created.
14:18:55,138 DEBUG JoinProcessor:175 - Using FROM fragment [Student student0_]
14:18:55,138 DEBUG JoinProcessor:175 - Using FROM fragment [left outer join Enrolment enrolments1_ on student0_.studentId=enrolments1_.studentId]
14:18:55,138 DEBUG JoinProcessor:175 - Using FROM fragment [left outer join Course course2_ on student0_.preferredCourseCode=course2_.courseCode]
14:18:55,139 DEBUG QueryTranslatorImpl:252 - --- SQL AST ---
 \-[SELECT] QueryNode: 'SELECT'  querySpaces (Student,Course,Enrolment)
    +-[SELECT_CLAUSE] SelectClause: '{derived select clause}'
    |  +-[SELECT_EXPR] SelectExpressionImpl: 'student0_.studentId as studentId4_0_' {FromElement{explicit,not a collection join,not a fetch join,fetch non-lazy properties,classAlias=s,role=null,tableName=Student,tableAlias=student0_,origin=null,columns={,className=org.hibernate.test.querycache.Student}}}
    |  +-[SELECT_EXPR] SelectExpressionImpl: 'enrolments1_.studentId as studentId3_1_, enrolments1_.courseCode as courseCode3_1_' {FromElement{explicit,not a collection join,fetch join,fetch non-lazy properties,classAlias=null,role=org.hibernate.test.querycache.Student.enrolments,tableName=Enrolment,tableAlias=enrolments1_,origin=Student student0_,columns={student0_.studentId ,className=org.hibernate.test.querycache.Enrolment}}}
    |  +-[SELECT_EXPR] SelectExpressionImpl: 'course2_.courseCode as courseCode1_2_' {FromElement{explicit,not a collection join,not a fetch join,fetch non-lazy properties,classAlias=null,role=null,tableName=Course,tableAlias=course2_,origin=Student student0_,columns={student0_.preferredCourseCode ,className=org.hibernate.test.querycache.Course}}}
    |  +-[SQL_TOKEN] SqlFragment: 'student0_.name_first as name2_4_0_, student0_.name_middle as name3_4_0_, student0_.name_last as name4_4_0_, student0_.preferredCourseCode as preferre5_4_0_'
    |  +-[SQL_TOKEN] SqlFragment: 'enrolments1_.semester as semester3_1_, enrolments1_."year" as year4_3_1_'
    |  +-[SQL_TOKEN] SqlFragment: 'enrolments1_.studentId as studentId4_0__, enrolments1_.studentId as studentId3_0__, enrolments1_.courseCode as courseCode3_0__'
    |  \-[SQL_TOKEN] SqlFragment: 'course2_.description as descript2_1_2_'
    +-[FROM] FromClause: 'from' FromClause{level=1, fromElementCounter=3, fromElements=3, fromElementByClassAlias=[s], fromElementByTableAlias=[student0_, course2_, enrolments1_], fromElementsByPath=[s.enrolments, s.preferredCourse], collectionJoinFromElementsByPath=[], impliedElements=[]}
    |  \-[FROM_FRAGMENT] FromElement: 'Student student0_' FromElement{explicit,not a collection join,not a fetch join,fetch non-lazy properties,classAlias=s,role=null,tableName=Student,tableAlias=student0_,origin=null,columns={,className=org.hibernate.test.querycache.Student}}
    |     +-[JOIN_FRAGMENT] FromElement: 'left outer join Enrolment enrolments1_ on student0_.studentId=enrolments1_.studentId' FromElement{explicit,not a collection join,fetch join,fetch non-lazy properties,classAlias=null,role=org.hibernate.test.querycache.Student.enrolments,tableName=Enrolment,tableAlias=enrolments1_,origin=Student student0_,columns={student0_.studentId ,className=org.hibernate.test.querycache.Enrolment}}
    |     \-[JOIN_FRAGMENT] FromElement: 'left outer join Course course2_ on student0_.preferredCourseCode=course2_.courseCode' FromElement{explicit,not a collection join,not a fetch join,fetch non-lazy properties,classAlias=null,role=null,tableName=Course,tableAlias=course2_,origin=Student student0_,columns={student0_.preferredCourseCode ,className=org.hibernate.test.querycache.Course}}
    \-[ORDER] OrderByClause: 'order'
       \-[DOT] DotNode: 'student0_.studentId' {propertyName=studentNumber,dereferenceType=ALL,propertyPath=studentNumber,path=s.studentNumber,tableAlias=student0_,className=org.hibernate.test.querycache.Student,classAlias=s}
          +-[ALIAS_REF] IdentNode: 'student0_.studentId' {alias=s, className=org.hibernate.test.querycache.Student, tableAlias=student0_}
          \-[IDENT] IdentNode: 'studentNumber' {originalText=studentNumber}

14:18:55,147 DEBUG ErrorCounter:82 - throwQueryException() : no errors
14:18:55,148 DEBUG QueryTranslatorImpl:235 - HQL: from org.hibernate.test.querycache.Student s left join fetch s.enrolments left join s.preferredCourse order by s.studentNumber
14:18:55,148 DEBUG QueryTranslatorImpl:236 - SQL: select student0_.studentId as studentId4_0_, enrolments1_.studentId as studentId3_1_, enrolments1_.courseCode as courseCode3_1_, course2_.courseCode as courseCode1_2_, student0_.name_first as name2_4_0_, student0_.name_middle as name3_4_0_, student0_.name_last as name4_4_0_, student0_.preferredCourseCode as preferre5_4_0_, enrolments1_.semester as semester3_1_, enrolments1_."year" as year4_3_1_, enrolments1_.studentId as studentId4_0__, enrolments1_.studentId as studentId3_0__, enrolments1_.courseCode as courseCode3_0__, course2_.description as descript2_1_2_ from Student student0_ left outer join Enrolment enrolments1_ on student0_.studentId=enrolments1_.studentId left outer join Course course2_ on student0_.preferredCourseCode=course2_.courseCode order by student0_.studentId
14:18:55,148 DEBUG ErrorCounter:82 - throwQueryException() : no errors
14:18:55,148 DEBUG SQL:104 - 
    select
        student0_.studentId as studentId4_0_,
        enrolments1_.studentId as studentId3_1_,
        enrolments1_.courseCode as courseCode3_1_,
        course2_.courseCode as courseCode1_2_,
        student0_.name_first as name2_4_0_,
        student0_.name_middle as name3_4_0_,
        student0_.name_last as name4_4_0_,
        student0_.preferredCourseCode as preferre5_4_0_,
        enrolments1_.semester as semester3_1_,
        enrolments1_."year" as year4_3_1_,
        enrolments1_.studentId as studentId4_0__,
        enrolments1_.studentId as studentId3_0__,
        enrolments1_.courseCode as courseCode3_0__,
        course2_.description as descript2_1_2_ 
    from
        Student student0_ 
    left outer join
        Enrolment enrolments1_ 
            on student0_.studentId=enrolments1_.studentId 
    left outer join
        Course course2_ 
            on student0_.preferredCourseCode=course2_.courseCode 
    order by
        student0_.studentId
14:18:55,157 DEBUG SQL:104 - 
    select
        secretcode0_.studentNumber as studentN1_4_0_,
        secretcode0_.secretCode as secretCode5_0_,
        secretcode0_.i as i0_ 
    from
        Student_secretCodes secretcode0_ 
    where
        secretcode0_.studentNumber=?
14:18:55,157 DEBUG SQL:104 - 
    select
        coursemeet0_.courseCode as courseCode1_1_,
        coursemeet0_.courseCode as courseCode2_1_,
        coursemeet0_.day as day2_1_,
        coursemeet0_.period as period2_1_,
        coursemeet0_.location as location2_1_,
        coursemeet0_.courseCode as courseCode2_0_,
        coursemeet0_.day as day2_0_,
        coursemeet0_.period as period2_0_,
        coursemeet0_.location as location2_0_ 
    from
        CourseMeeting coursemeet0_ 
    where
        coursemeet0_.courseCode=?
14:18:55,167 DEBUG SQL:104 - 
    select
        secretcode0_.studentNumber as studentN1_4_0_,
        secretcode0_.secretCode as secretCode5_0_,
        secretcode0_.i as i0_ 
    from
        Student_secretCodes secretcode0_ 
    where
        secretcode0_.studentNumber=?
14:18:55,167 DEBUG BaseGeneralDataRegion:59 - Caching[foo.org.hibernate.cache.internal.StandardQueryCache] : [sql: select student0_.studentId as studentId4_0_, enrolments1_.studentId as studentId3_1_, enrolments1_.courseCode as courseCode3_1_, course2_.courseCode as courseCode1_2_, student0_.name_first as name2_4_0_, student0_.name_middle as name3_4_0_, student0_.name_last as name4_4_0_, student0_.preferredCourseCode as preferre5_4_0_, enrolments1_.semester as semester3_1_, enrolments1_."year" as year4_3_1_, enrolments1_.studentId as studentId4_0__, enrolments1_.studentId as studentId3_0__, enrolments1_.courseCode as courseCode3_0__, course2_.description as descript2_1_2_ from Student student0_ left outer join Enrolment enrolments1_ on student0_.studentId=enrolments1_.studentId left outer join Course course2_ on student0_.preferredCourseCode=course2_.courseCode order by student0_.studentId; parameters: ; named parameters: {}; transformer: org.hibernate.transform.CacheableResultTransformer@2515538] -> [[5579090883244032, [Ljava.io.Serializable;@1ea8d75b, [Ljava.io.Serializable;@5ed2a716]]
14:18:55,168 DEBUG SQL:104 - 
    select
        student0_.studentId as studentId4_0_,
        enrolments1_.studentId as studentId3_1_,
        enrolments1_.courseCode as courseCode3_1_,
        course2_.courseCode as courseCode1_2_,
        student0_.name_first as name2_4_0_,
        student0_.name_middle as name3_4_0_,
        student0_.name_last as name4_4_0_,
        student0_.preferredCourseCode as preferre5_4_0_,
        enrolments1_.semester as semester3_1_,
        enrolments1_."year" as year4_3_1_,
        enrolments1_.studentId as studentId4_0__,
        enrolments1_.studentId as studentId3_0__,
        enrolments1_.courseCode as courseCode3_0__,
        course2_.description as descript2_1_2_ 
    from
        Student student0_ 
    left outer join
        Enrolment enrolments1_ 
            on student0_.studentId=enrolments1_.studentId 
    left outer join
        Course course2_ 
            on student0_.preferredCourseCode=course2_.courseCode 
    order by
        student0_.studentId
14:18:55,177 DEBUG SQL:104 - 
    select
        secretcode0_.studentNumber as studentN1_4_0_,
        secretcode0_.secretCode as secretCode5_0_,
        secretcode0_.i as i0_ 
    from
        Student_secretCodes secretcode0_ 
    where
        secretcode0_.studentNumber=?
14:18:55,177 DEBUG SQL:104 - 
    select
        coursemeet0_.courseCode as courseCode1_1_,
        coursemeet0_.courseCode as courseCode2_1_,
        coursemeet0_.day as day2_1_,
        coursemeet0_.period as period2_1_,
        coursemeet0_.location as location2_1_,
        coursemeet0_.courseCode as courseCode2_0_,
        coursemeet0_.day as day2_0_,
        coursemeet0_.period as period2_0_,
        coursemeet0_.location as location2_0_ 
    from
        CourseMeeting coursemeet0_ 
    where
        coursemeet0_.courseCode=?
14:18:55,186 DEBUG SQL:104 - 
    select
        secretcode0_.studentNumber as studentN1_4_0_,
        secretcode0_.secretCode as secretCode5_0_,
        secretcode0_.i as i0_ 
    from
        Student_secretCodes secretcode0_ 
    where
        secretcode0_.studentNumber=?
14:18:55,187 DEBUG BaseGeneralDataRegion:59 - Caching[foo.org.hibernate.cache.internal.StandardQueryCache] : [sql: select student0_.studentId as studentId4_0_, enrolments1_.studentId as studentId3_1_, enrolments1_.courseCode as courseCode3_1_, course2_.courseCode as courseCode1_2_, student0_.name_first as name2_4_0_, student0_.name_middle as name3_4_0_, student0_.name_last as name4_4_0_, student0_.preferredCourseCode as preferre5_4_0_, enrolments1_.semester as semester3_1_, enrolments1_."year" as year4_3_1_, enrolments1_.studentId as studentId4_0__, enrolments1_.studentId as studentId3_0__, enrolments1_.courseCode as courseCode3_0__, course2_.description as descript2_1_2_ from Student student0_ left outer join Enrolment enrolments1_ on student0_.studentId=enrolments1_.studentId left outer join Course course2_ on student0_.preferredCourseCode=course2_.courseCode order by student0_.studentId; parameters: ; named parameters: {}; transformer: org.hibernate.transform.CacheableResultTransformer@2515538] -> [[5579090883325952, [Ljava.io.Serializable;@6d00c0cf, [Ljava.io.Serializable;@4c728df1]]
14:18:55,187 DEBUG SQL:104 - 
    select
        student_.studentId,
        student_.name_first as name2_4_,
        student_.name_middle as name3_4_,
        student_.name_last as name4_4_,
        student_.preferredCourseCode as preferre5_4_ 
    from
        Student student_ 
    where
        student_.studentId=?
14:18:55,188 DEBUG SQL:104 - 
    select
        enrolment_.studentId,
        enrolment_.courseCode,
        enrolment_.semester as semester3_,
        enrolment_."year" as year4_3_ 
    from
        Enrolment enrolment_ 
    where
        enrolment_.studentId=? 
        and enrolment_.courseCode=?
14:18:55,196 DEBUG SQL:104 - 
    select
        course_.courseCode,
        course_.description as descript2_1_ 
    from
        Course course_ 
    where
        course_.courseCode=?
14:18:55,196 DEBUG SQL:104 - 
    select
        student_.studentId,
        student_.name_first as name2_4_,
        student_.name_middle as name3_4_,
        student_.name_last as name4_4_,
        student_.preferredCourseCode as preferre5_4_ 
    from
        Student student_ 
    where
        student_.studentId=?
14:18:55,197 DEBUG SQL:104 - 
    select
        enrolment_.studentId,
        enrolment_.courseCode,
        enrolment_.semester as semester3_,
        enrolment_."year" as year4_3_ 
    from
        Enrolment enrolment_ 
    where
        enrolment_.studentId=? 
        and enrolment_.courseCode=?
14:18:55,206 DEBUG SQL:104 - 
    select
        coursemeet_.courseCode,
        coursemeet_.day,
        coursemeet_.period,
        coursemeet_.location 
    from
        CourseMeeting coursemeet_ 
    where
        coursemeet_.courseCode=? 
        and coursemeet_.day=? 
        and coursemeet_.period=? 
        and coursemeet_.location=?
14:18:55,207 DEBUG SQL:104 - 
    select
        coursemeet_.courseCode,
        coursemeet_.day,
        coursemeet_.period,
        coursemeet_.location 
    from
        CourseMeeting coursemeet_ 
    where
        coursemeet_.courseCode=? 
        and coursemeet_.day=? 
        and coursemeet_.period=? 
        and coursemeet_.location=?
14:18:55,217 DEBUG BaseGeneralDataRegion:59 - Caching[foo.org.hibernate.cache.spi.UpdateTimestampsCache] : [Enrolment] -> [5579091129208832]
14:18:55,217 DEBUG SQL:104 - 
    update
        Address 
    set
        studentNumber=null,
        addressType=null 
    where
        studentNumber=?
14:18:55,218 DEBUG BaseGeneralDataRegion:59 - Caching[foo.org.hibernate.cache.spi.UpdateTimestampsCache] : [Address] -> [5579091129212928]
14:18:55,218 DEBUG SQL:104 - 
    delete 
    from
        Student_secretCodes 
    where
        studentNumber=?
14:18:55,218 DEBUG BaseGeneralDataRegion:59 - Caching[foo.org.hibernate.cache.spi.UpdateTimestampsCache] : [Student_secretCodes] -> [5579091129212929]
14:18:55,218 DEBUG BaseGeneralDataRegion:59 - Caching[foo.org.hibernate.cache.spi.UpdateTimestampsCache] : [Enrolment] -> [5579091129212930]
14:18:55,218 DEBUG BaseGeneralDataRegion:59 - Caching[foo.org.hibernate.cache.spi.UpdateTimestampsCache] : [Address] -> [5579091129212931]
14:18:55,218 DEBUG SQL:104 - 
    delete 
    from
        Student_secretCodes 
    where
        studentNumber=?
14:18:55,218 DEBUG BaseGeneralDataRegion:59 - Caching[foo.org.hibernate.cache.spi.UpdateTimestampsCache] : [Student_secretCodes] -> [5579091129212932]
14:18:55,219 DEBUG BaseGeneralDataRegion:59 - Caching[foo.org.hibernate.cache.spi.UpdateTimestampsCache] : [CourseMeeting] -> [5579091129212933]
14:18:55,219 DEBUG SQL:104 - 
    delete 
    from
        Enrolment 
    where
        studentId=? 
        and courseCode=?
14:18:55,219 DEBUG BaseGeneralDataRegion:59 - Caching[foo.org.hibernate.cache.spi.UpdateTimestampsCache] : [Enrolment] -> [5579091129217024]
14:18:55,219 DEBUG SQL:104 - 
    delete 
    from
        Address 
    where
        id=?
14:18:55,219 DEBUG BaseGeneralDataRegion:59 - Caching[foo.org.hibernate.cache.spi.UpdateTimestampsCache] : [Address] -> [5579091129217025]
14:18:55,219 DEBUG SQL:104 - 
    delete 
    from
        Address 
    where
        id=?
14:18:55,219 DEBUG BaseGeneralDataRegion:59 - Caching[foo.org.hibernate.cache.spi.UpdateTimestampsCache] : [Address] -> [5579091129217026]
14:18:55,219 DEBUG SQL:104 - 
    delete 
    from
        Student 
    where
        studentId=?
14:18:55,228 DEBUG BaseGeneralDataRegion:59 - Caching[foo.org.hibernate.cache.spi.UpdateTimestampsCache] : [Student] -> [5579091129253888]
14:18:55,229 DEBUG SQL:104 - 
    delete 
    from
        Enrolment 
    where
        studentId=? 
        and courseCode=?
14:18:55,229 DEBUG BaseGeneralDataRegion:59 - Caching[foo.org.hibernate.cache.spi.UpdateTimestampsCache] : [Enrolment] -> [5579091129257984]
14:18:55,229 DEBUG SQL:104 - 
    delete 
    from
        Student 
    where
        studentId=?
14:18:55,229 DEBUG BaseGeneralDataRegion:59 - Caching[foo.org.hibernate.cache.spi.UpdateTimestampsCache] : [Student] -> [5579091129257985]
14:18:55,229 DEBUG SQL:104 - 
    delete 
    from
        CourseMeeting 
    where
        courseCode=? 
        and day=? 
        and period=? 
        and location=?
14:18:55,229 DEBUG BaseGeneralDataRegion:59 - Caching[foo.org.hibernate.cache.spi.UpdateTimestampsCache] : [CourseMeeting] -> [5579091129257986]
14:18:55,230 DEBUG SQL:104 - 
    delete 
    from
        CourseMeeting 
    where
        courseCode=? 
        and day=? 
        and period=? 
        and location=?
14:18:55,242 DEBUG BaseGeneralDataRegion:59 - Caching[foo.org.hibernate.cache.spi.UpdateTimestampsCache] : [CourseMeeting] -> [5579091129311232]
14:18:55,243 DEBUG SQL:104 - 
    delete 
    from
        Course 
    where
        courseCode=?
14:18:55,243 DEBUG BaseGeneralDataRegion:59 - Caching[foo.org.hibernate.cache.spi.UpdateTimestampsCache] : [Course] -> [5579091129315328]
14:18:55,243 DEBUG BaseGeneralDataRegion:59 - Caching[foo.org.hibernate.cache.spi.UpdateTimestampsCache] : [Student] -> [5579090883555329]
14:18:55,243 DEBUG BaseGeneralDataRegion:59 - Caching[foo.org.hibernate.cache.spi.UpdateTimestampsCache] : [Course] -> [5579090883555329]
14:18:55,243 DEBUG BaseGeneralDataRegion:59 - Caching[foo.org.hibernate.cache.spi.UpdateTimestampsCache] : [Enrolment] -> [5579090883555329]
14:18:55,243 DEBUG BaseGeneralDataRegion:59 - Caching[foo.org.hibernate.cache.spi.UpdateTimestampsCache] : [Student_secretCodes] -> [5579090883555329]
14:18:55,243 DEBUG BaseGeneralDataRegion:59 - Caching[foo.org.hibernate.cache.spi.UpdateTimestampsCache] : [Address] -> [5579090883555329]
14:18:55,243 DEBUG BaseGeneralDataRegion:59 - Caching[foo.org.hibernate.cache.spi.UpdateTimestampsCache] : [CourseMeeting] -> [5579090883555329]
14:18:55,244  INFO CustomRunner:139 - Test: testJoinWithFetchJoinWithAliasedJoinedAndOwnerProjectedListHql
14:18:55,245 DEBUG SQL:104 - 
    select
        coursemeet_.courseCode,
        coursemeet_.day,
        coursemeet_.period,
        coursemeet_.location 
    from
        CourseMeeting coursemeet_ 
    where
        coursemeet_.courseCode=? 
        and coursemeet_.day=? 
        and coursemeet_.period=? 
        and coursemeet_.location=?
14:18:55,245 DEBUG SQL:104 - 
    select
        coursemeet_.courseCode,
        coursemeet_.day,
        coursemeet_.period,
        coursemeet_.location 
    from
        CourseMeeting coursemeet_ 
    where
        coursemeet_.courseCode=? 
        and coursemeet_.day=? 
        and coursemeet_.period=? 
        and coursemeet_.location=?
14:18:55,268 DEBUG SQL:104 - 
    insert 
    into
        Course
        (description, courseCode) 
    values
        (?, ?)
14:18:55,268 DEBUG BaseGeneralDataRegion:59 - Caching[foo.org.hibernate.cache.spi.UpdateTimestampsCache] : [Course] -> [5579091129417728]
14:18:55,268 DEBUG SQL:104 - 
    insert 
    into
        CourseMeeting
        (courseCode, day, period, location) 
    values
        (?, ?, ?, ?)
14:18:55,268 DEBUG BaseGeneralDataRegion:59 - Caching[foo.org.hibernate.cache.spi.UpdateTimestampsCache] : [CourseMeeting] -> [5579091129417729]
14:18:55,269 DEBUG SQL:104 - 
    insert 
    into
        CourseMeeting
        (courseCode, day, period, location) 
    values
        (?, ?, ?, ?)
14:18:55,269 DEBUG BaseGeneralDataRegion:59 - Caching[foo.org.hibernate.cache.spi.UpdateTimestampsCache] : [CourseMeeting] -> [5579091129421824]
14:18:55,269 DEBUG SQL:104 - 
    insert 
    into
        Student
        (name_first, name_middle, name_last, preferredCourseCode, studentId) 
    values
        (?, ?, ?, ?, ?)
14:18:55,280 DEBUG BaseGeneralDataRegion:59 - Caching[foo.org.hibernate.cache.spi.UpdateTimestampsCache] : [Student] -> [5579091129466880]
14:18:55,280 DEBUG SQL:104 - 
    insert 
    into
        Address
        (addressType, street, city, stateProvince, postalCode, country, studentNumber, id) 
    values
        (?, ?, ?, ?, ?, ?, ?, ?)
14:18:55,280 DEBUG BaseGeneralDataRegion:59 - Caching[foo.org.hibernate.cache.spi.UpdateTimestampsCache] : [Address] -> [5579091129466881]
14:18:55,280 DEBUG SQL:104 - 
    insert 
    into
        Address
        (addressType, street, city, stateProvince, postalCode, country, studentNumber, id) 
    values
        (?, ?, ?, ?, ?, ?, ?, ?)
14:18:55,281 DEBUG BaseGeneralDataRegion:59 - Caching[foo.org.hibernate.cache.spi.UpdateTimestampsCache] : [Address] -> [5579091129470976]
14:18:55,281 DEBUG SQL:104 - 
    insert 
    into
        Student
        (name_first, name_middle, name_last, preferredCourseCode, studentId) 
    values
        (?, ?, ?, ?, ?)
14:18:55,281 DEBUG BaseGeneralDataRegion:59 - Caching[foo.org.hibernate.cache.spi.UpdateTimestampsCache] : [Student] -> [5579091129470977]
14:18:55,292 DEBUG SQL:104 - 
    insert 
    into
        Enrolment
        (semester, "year", studentId, courseCode) 
    values
        (?, ?, ?, ?)
14:18:55,293 DEBUG BaseGeneralDataRegion:59 - Caching[foo.org.hibernate.cache.spi.UpdateTimestampsCache] : [Enrolment] -> [5579091129520128]
14:18:55,293 DEBUG SQL:104 - 
    insert 
    into
        Enrolment
        (semester, "year", studentId, courseCode) 
    values
        (?, ?, ?, ?)
14:18:55,293 DEBUG BaseGeneralDataRegion:59 - Caching[foo.org.hibernate.cache.spi.UpdateTimestampsCache] : [Enrolment] -> [5579091129520129]
14:18:55,293 DEBUG BaseGeneralDataRegion:59 - Caching[foo.org.hibernate.cache.spi.UpdateTimestampsCache] : [CourseMeeting] -> [5579091129520130]
14:18:55,293 DEBUG BaseGeneralDataRegion:59 - Caching[foo.org.hibernate.cache.spi.UpdateTimestampsCache] : [Enrolment] -> [5579091129520131]
14:18:55,293 DEBUG SQL:104 - 
    update
        Address 
    set
        studentNumber=?,
        addressType=? 
    where
        id=?
14:18:55,293 DEBUG SQL:104 - 
    update
        Address 
    set
        studentNumber=?,
        addressType=? 
    where
        id=?
14:18:55,305 DEBUG BaseGeneralDataRegion:59 - Caching[foo.org.hibernate.cache.spi.UpdateTimestampsCache] : [Address] -> [5579091129569280]
14:18:55,306 DEBUG SQL:104 - 
    insert 
    into
        Student_secretCodes
        (studentNumber, i, secretCode) 
    values
        (?, ?, ?)
14:18:55,306 DEBUG BaseGeneralDataRegion:59 - Caching[foo.org.hibernate.cache.spi.UpdateTimestampsCache] : [Student_secretCodes] -> [5579091129573376]
14:18:55,306 DEBUG BaseGeneralDataRegion:59 - Caching[foo.org.hibernate.cache.spi.UpdateTimestampsCache] : [Enrolment] -> [5579091129573377]
14:18:55,306 DEBUG BaseGeneralDataRegion:59 - Caching[foo.org.hibernate.cache.spi.UpdateTimestampsCache] : [Address] -> [5579091129573378]
14:18:55,306 DEBUG SQL:104 - 
    insert 
    into
        Student_secretCodes
        (studentNumber, i, secretCode) 
    values
        (?, ?, ?)
14:18:55,306 DEBUG SQL:104 - 
    insert 
    into
        Student_secretCodes
        (studentNumber, i, secretCode) 
    values
        (?, ?, ?)
14:18:55,306 DEBUG BaseGeneralDataRegion:59 - Caching[foo.org.hibernate.cache.spi.UpdateTimestampsCache] : [Student_secretCodes] -> [5579091129573379]
14:18:55,319 DEBUG BaseGeneralDataRegion:59 - Caching[foo.org.hibernate.cache.spi.UpdateTimestampsCache] : [Student] -> [5579090883866624]
14:18:55,319 DEBUG BaseGeneralDataRegion:59 - Caching[foo.org.hibernate.cache.spi.UpdateTimestampsCache] : [Course] -> [5579090883866624]
14:18:55,319 DEBUG BaseGeneralDataRegion:59 - Caching[foo.org.hibernate.cache.spi.UpdateTimestampsCache] : [Enrolment] -> [5579090883866624]
14:18:55,320 DEBUG BaseGeneralDataRegion:59 - Caching[foo.org.hibernate.cache.spi.UpdateTimestampsCache] : [Student_secretCodes] -> [5579090883866624]
14:18:55,320 DEBUG BaseGeneralDataRegion:59 - Caching[foo.org.hibernate.cache.spi.UpdateTimestampsCache] : [Address] -> [5579090883866624]
14:18:55,320 DEBUG BaseGeneralDataRegion:59 - Caching[foo.org.hibernate.cache.spi.UpdateTimestampsCache] : [CourseMeeting] -> [5579090883866624]
14:18:55,320 DEBUG QueryTranslatorImpl:265 - parse() - HQL: select pc, s from org.hibernate.test.querycache.Student s left join fetch s.enrolments left join s.preferredCourse pc order by s.studentNumber
14:18:55,322 DEBUG QueryTranslatorImpl:283 - --- HQL AST ---
 \-[QUERY] Node: 'query'
    +-[SELECT_FROM] Node: 'SELECT_FROM'
    |  +-[FROM] Node: 'from'
    |  |  +-[RANGE] Node: 'RANGE'
    |  |  |  +-[DOT] Node: '.'
    |  |  |  |  +-[DOT] Node: '.'
    |  |  |  |  |  +-[DOT] Node: '.'
    |  |  |  |  |  |  +-[DOT] Node: '.'
    |  |  |  |  |  |  |  +-[IDENT] Node: 'org'
    |  |  |  |  |  |  |  \-[IDENT] Node: 'hibernate'
    |  |  |  |  |  |  \-[IDENT] Node: 'test'
    |  |  |  |  |  \-[IDENT] Node: 'querycache'
    |  |  |  |  \-[IDENT] Node: 'Student'
    |  |  |  \-[ALIAS] Node: 's'
    |  |  +-[JOIN] Node: 'join'
    |  |  |  +-[LEFT] Node: 'left'
    |  |  |  +-[FETCH] Node: 'fetch'
    |  |  |  \-[DOT] Node: '.'
    |  |  |     +-[IDENT] Node: 's'
    |  |  |     \-[IDENT] Node: 'enrolments'
    |  |  \-[JOIN] Node: 'join'
    |  |     +-[LEFT] Node: 'left'
    |  |     +-[DOT] Node: '.'
    |  |     |  +-[IDENT] Node: 's'
    |  |     |  \-[IDENT] Node: 'preferredCourse'
    |  |     \-[ALIAS] Node: 'pc'
    |  \-[SELECT] Node: 'select'
    |     +-[IDENT] Node: 'pc'
    |     \-[IDENT] Node: 's'
    \-[ORDER] Node: 'order'
       \-[DOT] Node: '.'
          +-[IDENT] Node: 's'
          \-[IDENT] Node: 'studentNumber'

14:18:55,334 DEBUG ErrorCounter:82 - throwQueryException() : no errors
14:18:55,334 DEBUG FromElement:157 - FromClause{level=1} : org.hibernate.test.querycache.Student (s) -> student0_
14:18:55,334 DEBUG FromReferenceNode:74 - Resolved : s -> student0_.studentId
14:18:55,334 DEBUG DotNode:599 - getDataType() : enrolments -> org.hibernate.type.SetType(org.hibernate.test.querycache.Student.enrolments)
14:18:55,334 DEBUG FromElementFactory:376 - createEntityAssociation() : One to many - path = s.enrolments role = org.hibernate.test.querycache.Student.enrolments associatedEntityName = org.hibernate.test.querycache.Enrolment
14:18:55,335 DEBUG FromElement:157 - FromClause{level=1} : org.hibernate.test.querycache.Enrolment (<no alias>) -> enrolments1_
14:18:55,335 DEBUG FromClause:282 - addJoinByPathMap() : s.enrolments -> FromElement{explicit,not a collection join,not a fetch join,fetch non-lazy properties,classAlias=null,role=null,tableName=Enrolment,tableAlias=enrolments1_,origin=Student student0_,columns={student0_.studentId ,className=org.hibernate.test.querycache.Enrolment}}
14:18:55,335 DEBUG DotNode:308 - dereferenceCollection() : Created new FROM element for s.enrolments : Enrolment enrolments1_
14:18:55,335 DEBUG FromReferenceNode:74 - Resolved : s.enrolments -> .
14:18:55,335 DEBUG HqlSqlWalker:403 - createFromJoinElement() : -- join tree --
 \-[JOIN_FRAGMENT] FromElement: 'Enrolment enrolments1_' FromElement{explicit,not a collection join,fetch join,fetch non-lazy properties,classAlias=null,role=org.hibernate.test.querycache.Student.enrolments,tableName=Enrolment,tableAlias=enrolments1_,origin=Student student0_,columns={student0_.studentId ,className=org.hibernate.test.querycache.Enrolment}}

14:18:55,335 DEBUG FromReferenceNode:74 - Resolved : s -> student0_.studentId
14:18:55,335 DEBUG DotNode:599 - getDataType() : preferredCourse -> org.hibernate.type.ManyToOneType(org.hibernate.test.querycache.Course)
14:18:55,335 DEBUG DotNode:389 - dereferenceEntityJoin() : generating join for preferredCourse in org.hibernate.test.querycache.Student (pc) parent = [ {null} ]
14:18:55,336 DEBUG FromElement:157 - FromClause{level=1} : org.hibernate.test.querycache.Course (pc) -> course2_
14:18:55,336 DEBUG FromClause:282 - addJoinByPathMap() : s.preferredCourse -> FromElement{explicit,not a collection join,not a fetch join,fetch non-lazy properties,classAlias=pc,role=null,tableName=Course,tableAlias=course2_,origin=Student student0_,columns={student0_.preferredCourseCode ,className=org.hibernate.test.querycache.Course}}
14:18:55,336 DEBUG FromReferenceNode:74 - Resolved : s.preferredCourse -> student0_.preferredCourseCode
14:18:55,348 DEBUG HqlSqlWalker:403 - createFromJoinElement() : -- join tree --
 \-[JOIN_FRAGMENT] FromElement: 'Course course2_' FromElement{explicit,not a collection join,not a fetch join,fetch non-lazy properties,classAlias=pc,role=null,tableName=Course,tableAlias=course2_,origin=Student student0_,columns={student0_.preferredCourseCode ,className=org.hibernate.test.querycache.Course}}

14:18:55,348 DEBUG FromReferenceNode:74 - Resolved : pc -> course2_.courseCode
14:18:55,349 DEBUG FromReferenceNode:74 - Resolved : s -> student0_.studentId
14:18:55,349 DEBUG FromReferenceNode:74 - Resolved : s -> student0_.studentId
14:18:55,349 DEBUG DotNode:599 - getDataType() : studentNumber -> org.hibernate.type.LongType@4bf3f9d
14:18:55,349 DEBUG FromReferenceNode:74 - Resolved : s.studentNumber -> student0_.studentId
14:18:55,349 DEBUG HqlSqlWalker:629 - processQuery() :  ( SELECT ( {select clause} course2_.courseCode student0_.studentId ) ( FromClause{level=1} ( Student student0_ Enrolment enrolments1_ Course course2_ ) ) ( order ( student0_.studentId student0_.studentId studentNumber ) ) )
14:18:55,349 DEBUG JoinProcessor:175 - Using FROM fragment [Student student0_]
14:18:55,349 DEBUG JoinProcessor:175 - Using FROM fragment [left outer join Enrolment enrolments1_ on student0_.studentId=enrolments1_.studentId]
14:18:55,350 DEBUG JoinProcessor:175 - Using FROM fragment [left outer join Course course2_ on student0_.preferredCourseCode=course2_.courseCode]
14:18:55,350 DEBUG QueryTranslatorImpl:252 - --- SQL AST ---
 \-[SELECT] QueryNode: 'SELECT'  querySpaces (Student,Course,Enrolment)
    +-[SELECT_CLAUSE] SelectClause: '{select clause}'
    |  +-[ALIAS_REF] IdentNode: 'course2_.courseCode as courseCode1_0_' {alias=pc, className=org.hibernate.test.querycache.Course, tableAlias=course2_}
    |  +-[ALIAS_REF] IdentNode: 'student0_.studentId as studentId4_1_' {alias=s, className=org.hibernate.test.querycache.Student, tableAlias=student0_}
    |  +-[SELECT_EXPR] SelectExpressionImpl: 'enrolments1_.studentId as studentId3_2_, enrolments1_.courseCode as courseCode3_2_' {FromElement{explicit,not a collection join,fetch join,fetch non-lazy properties,classAlias=null,role=org.hibernate.test.querycache.Student.enrolments,tableName=Enrolment,tableAlias=enrolments1_,origin=Student student0_,columns={student0_.studentId ,className=org.hibernate.test.querycache.Enrolment}}}
    |  +-[SQL_TOKEN] SqlFragment: 'course2_.description as descript2_1_0_'
    |  +-[SQL_TOKEN] SqlFragment: 'student0_.name_first as name2_4_1_, student0_.name_middle as name3_4_1_, student0_.name_last as name4_4_1_, student0_.preferredCourseCode as preferre5_4_1_'
    |  +-[SQL_TOKEN] SqlFragment: 'enrolments1_.semester as semester3_2_, enrolments1_."year" as year4_3_2_'
    |  \-[SQL_TOKEN] SqlFragment: 'enrolments1_.studentId as studentId4_0__, enrolments1_.studentId as studentId3_0__, enrolments1_.courseCode as courseCode3_0__'
    +-[FROM] FromClause: 'from' FromClause{level=1, fromElementCounter=3, fromElements=3, fromElementByClassAlias=[s, pc], fromElementByTableAlias=[student0_, course2_, enrolments1_], fromElementsByPath=[s.enrolments, s.preferredCourse], collectionJoinFromElementsByPath=[], impliedElements=[]}
    |  \-[FROM_FRAGMENT] FromElement: 'Student student0_' FromElement{explicit,not a collection join,not a fetch join,fetch non-lazy properties,classAlias=s,role=null,tableName=Student,tableAlias=student0_,origin=null,columns={,className=org.hibernate.test.querycache.Student}}
    |     +-[JOIN_FRAGMENT] FromElement: 'left outer join Enrolment enrolments1_ on student0_.studentId=enrolments1_.studentId' FromElement{explicit,not a collection join,fetch join,fetch non-lazy properties,classAlias=null,role=org.hibernate.test.querycache.Student.enrolments,tableName=Enrolment,tableAlias=enrolments1_,origin=Student student0_,columns={student0_.studentId ,className=org.hibernate.test.querycache.Enrolment}}
    |     \-[JOIN_FRAGMENT] FromElement: 'left outer join Course course2_ on student0_.preferredCourseCode=course2_.courseCode' FromElement{explicit,not a collection join,not a fetch join,fetch non-lazy properties,classAlias=pc,role=null,tableName=Course,tableAlias=course2_,origin=Student student0_,columns={student0_.preferredCourseCode ,className=org.hibernate.test.querycache.Course}}
    \-[ORDER] OrderByClause: 'order'
       \-[DOT] DotNode: 'student0_.studentId' {propertyName=studentNumber,dereferenceType=ALL,propertyPath=studentNumber,path=s.studentNumber,tableAlias=student0_,className=org.hibernate.test.querycache.Student,classAlias=s}
          +-[ALIAS_REF] IdentNode: 'student0_.studentId' {alias=s, className=org.hibernate.test.querycache.Student, tableAlias=student0_}
          \-[IDENT] IdentNode: 'studentNumber' {originalText=studentNumber}

14:18:55,350 DEBUG ErrorCounter:82 - throwQueryException() : no errors
14:18:55,350 DEBUG QueryTranslatorImpl:235 - HQL: select pc, s from org.hibernate.test.querycache.Student s left join fetch s.enrolments left join s.preferredCourse pc order by s.studentNumber
14:18:55,350 DEBUG QueryTranslatorImpl:236 - SQL: select course2_.courseCode as courseCode1_0_, student0_.studentId as studentId4_1_, enrolments1_.studentId as studentId3_2_, enrolments1_.courseCode as courseCode3_2_, course2_.description as descript2_1_0_, student0_.name_first as name2_4_1_, student0_.name_middle as name3_4_1_, student0_.name_last as name4_4_1_, student0_.preferredCourseCode as preferre5_4_1_, enrolments1_.semester as semester3_2_, enrolments1_."year" as year4_3_2_, enrolments1_.studentId as studentId4_0__, enrolments1_.studentId as studentId3_0__, enrolments1_.courseCode as courseCode3_0__ from Student student0_ left outer join Enrolment enrolments1_ on student0_.studentId=enrolments1_.studentId left outer join Course course2_ on student0_.preferredCourseCode=course2_.courseCode order by student0_.studentId
14:18:55,350 DEBUG ErrorCounter:82 - throwQueryException() : no errors
14:18:55,351 DEBUG SQL:104 - 
    select
        course2_.courseCode as courseCode1_0_,
        student0_.studentId as studentId4_1_,
        enrolments1_.studentId as studentId3_2_,
        enrolments1_.courseCode as courseCode3_2_,
        course2_.description as descript2_1_0_,
        student0_.name_first as name2_4_1_,
        student0_.name_middle as name3_4_1_,
        student0_.name_last as name4_4_1_,
        student0_.preferredCourseCode as preferre5_4_1_,
        enrolments1_.semester as semester3_2_,
        enrolments1_."year" as year4_3_2_,
        enrolments1_.studentId as studentId4_0__,
        enrolments1_.studentId as studentId3_0__,
        enrolments1_.courseCode as courseCode3_0__ 
    from
        Student student0_ 
    left outer join
        Enrolment enrolments1_ 
            on student0_.studentId=enrolments1_.studentId 
    left outer join
        Course course2_ 
            on student0_.preferredCourseCode=course2_.courseCode 
    order by
        student0_.studentId
14:18:55,366 DEBUG SQL:104 - 
    select
        secretcode0_.studentNumber as studentN1_4_0_,
        secretcode0_.secretCode as secretCode5_0_,
        secretcode0_.i as i0_ 
    from
        Student_secretCodes secretcode0_ 
    where
        secretcode0_.studentNumber=?
14:18:55,367 DEBUG SQL:104 - 
    select
        secretcode0_.studentNumber as studentN1_4_0_,
        secretcode0_.secretCode as secretCode5_0_,
        secretcode0_.i as i0_ 
    from
        Student_secretCodes secretcode0_ 
    where
        secretcode0_.studentNumber=?
14:18:55,367 DEBUG SQL:104 - 
    select
        coursemeet0_.courseCode as courseCode1_1_,
        coursemeet0_.courseCode as courseCode2_1_,
        coursemeet0_.day as day2_1_,
        coursemeet0_.period as period2_1_,
        coursemeet0_.location as location2_1_,
        coursemeet0_.courseCode as courseCode2_0_,
        coursemeet0_.day as day2_0_,
        coursemeet0_.period as period2_0_,
        coursemeet0_.location as location2_0_ 
    from
        CourseMeeting coursemeet0_ 
    where
        coursemeet0_.courseCode=?
14:18:55,380 DEBUG BaseGeneralDataRegion:59 - Caching[foo.org.hibernate.cache.internal.StandardQueryCache] : [sql: select course2_.courseCode as courseCode1_0_, student0_.studentId as studentId4_1_, enrolments1_.studentId as studentId3_2_, enrolments1_.courseCode as courseCode3_2_, course2_.description as descript2_1_0_, student0_.name_first as name2_4_1_, student0_.name_middle as name3_4_1_, student0_.name_last as name4_4_1_, student0_.preferredCourseCode as preferre5_4_1_, enrolments1_.semester as semester3_2_, enrolments1_."year" as year4_3_2_, enrolments1_.studentId as studentId4_0__, enrolments1_.studentId as studentId3_0__, enrolments1_.courseCode as courseCode3_0__ from Student student0_ left outer join Enrolment enrolments1_ on student0_.studentId=enrolments1_.studentId left outer join Course course2_ on student0_.preferredCourseCode=course2_.courseCode order by student0_.studentId; parameters: ; named parameters: {}; transformer: org.hibernate.transform.CacheableResultTransformer@2513f6c] -> [[5579090884116480, [Ljava.io.Serializable;@1445fcb4, [Ljava.io.Serializable;@7ed197d1]]
14:18:55,381 DEBUG SQL:104 - 
    select
        course2_.courseCode as courseCode1_0_,
        student0_.studentId as studentId4_1_,
        enrolments1_.studentId as studentId3_2_,
        enrolments1_.courseCode as courseCode3_2_,
        course2_.description as descript2_1_0_,
        student0_.name_first as name2_4_1_,
        student0_.name_middle as name3_4_1_,
        student0_.name_last as name4_4_1_,
        student0_.preferredCourseCode as preferre5_4_1_,
        enrolments1_.semester as semester3_2_,
        enrolments1_."year" as year4_3_2_,
        enrolments1_.studentId as studentId4_0__,
        enrolments1_.studentId as studentId3_0__,
        enrolments1_.courseCode as courseCode3_0__ 
    from
        Student student0_ 
    left outer join
        Enrolment enrolments1_ 
            on student0_.studentId=enrolments1_.studentId 
    left outer join
        Course course2_ 
            on student0_.preferredCourseCode=course2_.courseCode 
    order by
        student0_.studentId
14:18:55,382 DEBUG SQL:104 - 
    select
        secretcode0_.studentNumber as studentN1_4_0_,
        secretcode0_.secretCode as secretCode5_0_,
        secretcode0_.i as i0_ 
    from
        Student_secretCodes secretcode0_ 
    where
        secretcode0_.studentNumber=?
14:18:55,382 DEBUG SQL:104 - 
    select
        secretcode0_.studentNumber as studentN1_4_0_,
        secretcode0_.secretCode as secretCode5_0_,
        secretcode0_.i as i0_ 
    from
        Student_secretCodes secretcode0_ 
    where
        secretcode0_.studentNumber=?
14:18:55,407 DEBUG SQL:104 - 
    select
        coursemeet0_.courseCode as courseCode1_1_,
        coursemeet0_.courseCode as courseCode2_1_,
        coursemeet0_.day as day2_1_,
        coursemeet0_.period as period2_1_,
        coursemeet0_.location as location2_1_,
        coursemeet0_.courseCode as courseCode2_0_,
        coursemeet0_.day as day2_0_,
        coursemeet0_.period as period2_0_,
        coursemeet0_.location as location2_0_ 
    from
        CourseMeeting coursemeet0_ 
    where
        coursemeet0_.courseCode=?
14:18:55,408 DEBUG BaseGeneralDataRegion:59 - Caching[foo.org.hibernate.cache.internal.StandardQueryCache] : [sql: select course2_.courseCode as courseCode1_0_, student0_.studentId as studentId4_1_, enrolments1_.studentId as studentId3_2_, enrolments1_.courseCode as courseCode3_2_, course2_.description as descript2_1_0_, student0_.name_first as name2_4_1_, student0_.name_middle as name3_4_1_, student0_.name_last as name4_4_1_, student0_.preferredCourseCode as preferre5_4_1_, enrolments1_.semester as semester3_2_, enrolments1_."year" as year4_3_2_, enrolments1_.studentId as studentId4_0__, enrolments1_.studentId as studentId3_0__, enrolments1_.courseCode as courseCode3_0__ from Student student0_ left outer join Enrolment enrolments1_ on student0_.studentId=enrolments1_.studentId left outer join Course course2_ on student0_.preferredCourseCode=course2_.courseCode order by student0_.studentId; parameters: ; named parameters: {}; transformer: org.hibernate.transform.CacheableResultTransformer@2513f6c] -> [[5579090884231168, [Ljava.io.Serializable;@593839b, [Ljava.io.Serializable;@17a537f9]]
14:18:55,409 DEBUG SQL:104 - 
    select
        student_.studentId,
        student_.name_first as name2_4_,
        student_.name_middle as name3_4_,
        student_.name_last as name4_4_,
        student_.preferredCourseCode as preferre5_4_ 
    from
        Student student_ 
    where
        student_.studentId=?
14:18:55,418 DEBUG SQL:104 - 
    select
        enrolment_.studentId,
        enrolment_.courseCode,
        enrolment_.semester as semester3_,
        enrolment_."year" as year4_3_ 
    from
        Enrolment enrolment_ 
    where
        enrolment_.studentId=? 
        and enrolment_.courseCode=?
14:18:55,419 DEBUG SQL:104 - 
    select
        course_.courseCode,
        course_.description as descript2_1_ 
    from
        Course course_ 
    where
        course_.courseCode=?
14:18:55,419 DEBUG SQL:104 - 
    select
        student_.studentId,
        student_.name_first as name2_4_,
        student_.name_middle as name3_4_,
        student_.name_last as name4_4_,
        student_.preferredCourseCode as preferre5_4_ 
    from
        Student student_ 
    where
        student_.studentId=?
14:18:55,429 DEBUG SQL:104 - 
    select
        enrolment_.studentId,
        enrolment_.courseCode,
        enrolment_.semester as semester3_,
        enrolment_."year" as year4_3_ 
    from
        Enrolment enrolment_ 
    where
        enrolment_.studentId=? 
        and enrolment_.courseCode=?
14:18:55,429 DEBUG SQL:104 - 
    select
        coursemeet_.courseCode,
        coursemeet_.day,
        coursemeet_.period,
        coursemeet_.location 
    from
        CourseMeeting coursemeet_ 
    where
        coursemeet_.courseCode=? 
        and coursemeet_.day=? 
        and coursemeet_.period=? 
        and coursemeet_.location=?
14:18:55,430 DEBUG SQL:104 - 
    select
        coursemeet_.courseCode,
        coursemeet_.day,
        coursemeet_.period,
        coursemeet_.location 
    from
        CourseMeeting coursemeet_ 
    where
        coursemeet_.courseCode=? 
        and coursemeet_.day=? 
        and coursemeet_.period=? 
        and coursemeet_.location=?
14:18:55,438 DEBUG BaseGeneralDataRegion:59 - Caching[foo.org.hibernate.cache.spi.UpdateTimestampsCache] : [Enrolment] -> [5579091130114048]
14:18:55,438 DEBUG SQL:104 - 
    update
        Address 
    set
        studentNumber=null,
        addressType=null 
    where
        studentNumber=?
14:18:55,439 DEBUG BaseGeneralDataRegion:59 - Caching[foo.org.hibernate.cache.spi.UpdateTimestampsCache] : [Address] -> [5579091130118144]
14:18:55,439 DEBUG SQL:104 - 
    delete 
    from
        Student_secretCodes 
    where
        studentNumber=?
14:18:55,439 DEBUG BaseGeneralDataRegion:59 - Caching[foo.org.hibernate.cache.spi.UpdateTimestampsCache] : [Student_secretCodes] -> [5579091130118145]
14:18:55,439 DEBUG BaseGeneralDataRegion:59 - Caching[foo.org.hibernate.cache.spi.UpdateTimestampsCache] : [Enrolment] -> [5579091130118146]
14:18:55,439 DEBUG BaseGeneralDataRegion:59 - Caching[foo.org.hibernate.cache.spi.UpdateTimestampsCache] : [Address] -> [5579091130118147]
14:18:55,439 DEBUG SQL:104 - 
    delete 
    from
        Student_secretCodes 
    where
        studentNumber=?
14:18:55,447 DEBUG BaseGeneralDataRegion:59 - Caching[foo.org.hibernate.cache.spi.UpdateTimestampsCache] : [Student_secretCodes] -> [5579091130150912]
14:18:55,447 DEBUG BaseGeneralDataRegion:59 - Caching[foo.org.hibernate.cache.spi.UpdateTimestampsCache] : [CourseMeeting] -> [5579091130150913]
14:18:55,448 DEBUG SQL:104 - 
    delete 
    from
        Enrolment 
    where
        studentId=? 
        and courseCode=?
14:18:55,448 DEBUG BaseGeneralDataRegion:59 - Caching[foo.org.hibernate.cache.spi.UpdateTimestampsCache] : [Enrolment] -> [5579091130155008]
14:18:55,448 DEBUG SQL:104 - 
    delete 
    from
        Address 
    where
        id=?
14:18:55,448 DEBUG BaseGeneralDataRegion:59 - Caching[foo.org.hibernate.cache.spi.UpdateTimestampsCache] : [Address] -> [5579091130155009]
14:18:55,448 DEBUG SQL:104 - 
    delete 
    from
        Address 
    where
        id=?
14:18:55,457 DEBUG BaseGeneralDataRegion:59 - Caching[foo.org.hibernate.cache.spi.UpdateTimestampsCache] : [Address] -> [5579091130191872]
14:18:55,457 DEBUG SQL:104 - 
    delete 
    from
        Student 
    where
        studentId=?
14:18:55,457 DEBUG BaseGeneralDataRegion:59 - Caching[foo.org.hibernate.cache.spi.UpdateTimestampsCache] : [Student] -> [5579091130191873]
14:18:55,457 DEBUG SQL:104 - 
    delete 
    from
        Enrolment 
    where
        studentId=? 
        and courseCode=?
14:18:55,458 DEBUG BaseGeneralDataRegion:59 - Caching[foo.org.hibernate.cache.spi.UpdateTimestampsCache] : [Enrolment] -> [5579091130195968]
14:18:55,458 DEBUG SQL:104 - 
    delete 
    from
        Student 
    where
        studentId=?
14:18:55,458 DEBUG BaseGeneralDataRegion:59 - Caching[foo.org.hibernate.cache.spi.UpdateTimestampsCache] : [Student] -> [5579091130195969]
14:18:55,458 DEBUG SQL:104 - 
    delete 
    from
        CourseMeeting 
    where
        courseCode=? 
        and day=? 
        and period=? 
        and location=?
14:18:55,469 DEBUG BaseGeneralDataRegion:59 - Caching[foo.org.hibernate.cache.spi.UpdateTimestampsCache] : [CourseMeeting] -> [5579091130241024]
14:18:55,470 DEBUG SQL:104 - 
    delete 
    from
        CourseMeeting 
    where
        courseCode=? 
        and day=? 
        and period=? 
        and location=?
14:18:55,470 DEBUG BaseGeneralDataRegion:59 - Caching[foo.org.hibernate.cache.spi.UpdateTimestampsCache] : [CourseMeeting] -> [5579091130245120]
14:18:55,470 DEBUG SQL:104 - 
    delete 
    from
        Course 
    where
        courseCode=?
14:18:55,470 DEBUG BaseGeneralDataRegion:59 - Caching[foo.org.hibernate.cache.spi.UpdateTimestampsCache] : [Course] -> [5579091130245121]
14:18:55,471 DEBUG BaseGeneralDataRegion:59 - Caching[foo.org.hibernate.cache.spi.UpdateTimestampsCache] : [Student] -> [5579090884489216]
14:18:55,471 DEBUG BaseGeneralDataRegion:59 - Caching[foo.org.hibernate.cache.spi.UpdateTimestampsCache] : [Course] -> [5579090884489216]
14:18:55,471 DEBUG BaseGeneralDataRegion:59 - Caching[foo.org.hibernate.cache.spi.UpdateTimestampsCache] : [Enrolment] -> [5579090884489216]
14:18:55,471 DEBUG BaseGeneralDataRegion:59 - Caching[foo.org.hibernate.cache.spi.UpdateTimestampsCache] : [Student_secretCodes] -> [5579090884489216]
14:18:55,471 DEBUG BaseGeneralDataRegion:59 - Caching[foo.org.hibernate.cache.spi.UpdateTimestampsCache] : [Address] -> [5579090884489216]
14:18:55,471 DEBUG BaseGeneralDataRegion:59 - Caching[foo.org.hibernate.cache.spi.UpdateTimestampsCache] : [CourseMeeting] -> [5579090884489216]
14:18:55,471  INFO CustomRunner:139 - Test: testJoinWithFetchJoinWithOwnerAndAliasedJoinedProjectedListHql
14:18:55,472 DEBUG SQL:104 - 
    select
        coursemeet_.courseCode,
        coursemeet_.day,
        coursemeet_.period,
        coursemeet_.location 
    from
        CourseMeeting coursemeet_ 
    where
        coursemeet_.courseCode=? 
        and coursemeet_.day=? 
        and coursemeet_.period=? 
        and coursemeet_.location=?
14:18:55,473 DEBUG SQL:104 - 
    select
        coursemeet_.courseCode,
        coursemeet_.day,
        coursemeet_.period,
        coursemeet_.location 
    from
        CourseMeeting coursemeet_ 
    where
        coursemeet_.courseCode=? 
        and coursemeet_.day=? 
        and coursemeet_.period=? 
        and coursemeet_.location=?
14:18:55,474 DEBUG SQL:104 - 
    insert 
    into
        Course
        (description, courseCode) 
    values
        (?, ?)
14:18:55,474 DEBUG BaseGeneralDataRegion:59 - Caching[foo.org.hibernate.cache.spi.UpdateTimestampsCache] : [Course] -> [5579091130261504]
14:18:55,474 DEBUG SQL:104 - 
    insert 
    into
        CourseMeeting
        (courseCode, day, period, location) 
    values
        (?, ?, ?, ?)
14:18:55,477 DEBUG BaseGeneralDataRegion:59 - Caching[foo.org.hibernate.cache.spi.UpdateTimestampsCache] : [CourseMeeting] -> [5579091130273792]
14:18:55,477 DEBUG SQL:104 - 
    insert 
    into
        CourseMeeting
        (courseCode, day, period, location) 
    values
        (?, ?, ?, ?)
14:18:55,478 DEBUG BaseGeneralDataRegion:59 - Caching[foo.org.hibernate.cache.spi.UpdateTimestampsCache] : [CourseMeeting] -> [5579091130277888]
14:18:55,479 DEBUG SQL:104 - 
    insert 
    into
        Student
        (name_first, name_middle, name_last, preferredCourseCode, studentId) 
    values
        (?, ?, ?, ?, ?)
14:18:55,480 DEBUG BaseGeneralDataRegion:59 - Caching[foo.org.hibernate.cache.spi.UpdateTimestampsCache] : [Student] -> [5579091130286080]
14:18:55,480 DEBUG SQL:104 - 
    insert 
    into
        Address
        (addressType, street, city, stateProvince, postalCode, country, studentNumber, id) 
    values
        (?, ?, ?, ?, ?, ?, ?, ?)
14:18:55,481 DEBUG BaseGeneralDataRegion:59 - Caching[foo.org.hibernate.cache.spi.UpdateTimestampsCache] : [Address] -> [5579091130290176]
14:18:55,481 DEBUG SQL:104 - 
    insert 
    into
        Address
        (addressType, street, city, stateProvince, postalCode, country, studentNumber, id) 
    values
        (?, ?, ?, ?, ?, ?, ?, ?)
14:18:55,488 DEBUG BaseGeneralDataRegion:59 - Caching[foo.org.hibernate.cache.spi.UpdateTimestampsCache] : [Address] -> [5579091130318848]
14:18:55,488 DEBUG SQL:104 - 
    insert 
    into
        Student
        (name_first, name_middle, name_last, preferredCourseCode, studentId) 
    values
        (?, ?, ?, ?, ?)
14:18:55,489 DEBUG BaseGeneralDataRegion:59 - Caching[foo.org.hibernate.cache.spi.UpdateTimestampsCache] : [Student] -> [5579091130322944]
14:18:55,489 DEBUG SQL:104 - 
    insert 
    into
        Enrolment
        (semester, "year", studentId, courseCode) 
    values
        (?, ?, ?, ?)
14:18:55,490 DEBUG BaseGeneralDataRegion:59 - Caching[foo.org.hibernate.cache.spi.UpdateTimestampsCache] : [Enrolment] -> [5579091130327040]
14:18:55,490 DEBUG SQL:104 - 
    insert 
    into
        Enrolment
        (semester, "year", studentId, courseCode) 
    values
        (?, ?, ?, ?)
14:18:55,491 DEBUG BaseGeneralDataRegion:59 - Caching[foo.org.hibernate.cache.spi.UpdateTimestampsCache] : [Enrolment] -> [5579091130331136]
14:18:55,491 DEBUG BaseGeneralDataRegion:59 - Caching[foo.org.hibernate.cache.spi.UpdateTimestampsCache] : [CourseMeeting] -> [5579091130331137]
14:18:55,491 DEBUG BaseGeneralDataRegion:59 - Caching[foo.org.hibernate.cache.spi.UpdateTimestampsCache] : [Enrolment] -> [5579091130331138]
14:18:55,497 DEBUG SQL:104 - 
    update
        Address 
    set
        studentNumber=?,
        addressType=? 
    where
        id=?
14:18:55,498 DEBUG SQL:104 - 
    update
        Address 
    set
        studentNumber=?,
        addressType=? 
    where
        id=?
14:18:55,498 DEBUG BaseGeneralDataRegion:59 - Caching[foo.org.hibernate.cache.spi.UpdateTimestampsCache] : [Address] -> [5579091130359808]
14:18:55,499 DEBUG SQL:104 - 
    insert 
    into
        Student_secretCodes
        (studentNumber, i, secretCode) 
    values
        (?, ?, ?)
14:18:55,499 DEBUG BaseGeneralDataRegion:59 - Caching[foo.org.hibernate.cache.spi.UpdateTimestampsCache] : [Student_secretCodes] -> [5579091130363904]
14:18:55,499 DEBUG BaseGeneralDataRegion:59 - Caching[foo.org.hibernate.cache.spi.UpdateTimestampsCache] : [Enrolment] -> [5579091130363905]
14:18:55,500 DEBUG BaseGeneralDataRegion:59 - Caching[foo.org.hibernate.cache.spi.UpdateTimestampsCache] : [Address] -> [5579091130368000]
14:18:55,500 DEBUG SQL:104 - 
    insert 
    into
        Student_secretCodes
        (studentNumber, i, secretCode) 
    values
        (?, ?, ?)
14:18:55,500 DEBUG SQL:104 - 
    insert 
    into
        Student_secretCodes
        (studentNumber, i, secretCode) 
    values
        (?, ?, ?)
14:18:55,501 DEBUG BaseGeneralDataRegion:59 - Caching[foo.org.hibernate.cache.spi.UpdateTimestampsCache] : [Student_secretCodes] -> [5579091130372096]
14:18:55,501 DEBUG BaseGeneralDataRegion:59 - Caching[foo.org.hibernate.cache.spi.UpdateTimestampsCache] : [Student] -> [5579090884612097]
14:18:55,501 DEBUG BaseGeneralDataRegion:59 - Caching[foo.org.hibernate.cache.spi.UpdateTimestampsCache] : [Course] -> [5579090884612097]
14:18:55,501 DEBUG BaseGeneralDataRegion:59 - Caching[foo.org.hibernate.cache.spi.UpdateTimestampsCache] : [Enrolment] -> [5579090884612097]
14:18:55,501 DEBUG BaseGeneralDataRegion:59 - Caching[foo.org.hibernate.cache.spi.UpdateTimestampsCache] : [Student_secretCodes] -> [5579090884612097]
14:18:55,519 DEBUG BaseGeneralDataRegion:59 - Caching[foo.org.hibernate.cache.spi.UpdateTimestampsCache] : [Address] -> [5579090884612097]
14:18:55,519 DEBUG BaseGeneralDataRegion:59 - Caching[foo.org.hibernate.cache.spi.UpdateTimestampsCache] : [CourseMeeting] -> [5579090884612097]
14:18:55,519 DEBUG QueryTranslatorImpl:265 - parse() - HQL: select s, pc from org.hibernate.test.querycache.Student s left join fetch s.enrolments left join s.preferredCourse pc order by s.studentNumber
14:18:55,521 DEBUG QueryTranslatorImpl:283 - --- HQL AST ---
 \-[QUERY] Node: 'query'
    +-[SELECT_FROM] Node: 'SELECT_FROM'
    |  +-[FROM] Node: 'from'
    |  |  +-[RANGE] Node: 'RANGE'
    |  |  |  +-[DOT] Node: '.'
    |  |  |  |  +-[DOT] Node: '.'
    |  |  |  |  |  +-[DOT] Node: '.'
    |  |  |  |  |  |  +-[DOT] Node: '.'
    |  |  |  |  |  |  |  +-[IDENT] Node: 'org'
    |  |  |  |  |  |  |  \-[IDENT] Node: 'hibernate'
    |  |  |  |  |  |  \-[IDENT] Node: 'test'
    |  |  |  |  |  \-[IDENT] Node: 'querycache'
    |  |  |  |  \-[IDENT] Node: 'Student'
    |  |  |  \-[ALIAS] Node: 's'
    |  |  +-[JOIN] Node: 'join'
    |  |  |  +-[LEFT] Node: 'left'
    |  |  |  +-[FETCH] Node: 'fetch'
    |  |  |  \-[DOT] Node: '.'
    |  |  |     +-[IDENT] Node: 's'
    |  |  |     \-[IDENT] Node: 'enrolments'
    |  |  \-[JOIN] Node: 'join'
    |  |     +-[LEFT] Node: 'left'
    |  |     +-[DOT] Node: '.'
    |  |     |  +-[IDENT] Node: 's'
    |  |     |  \-[IDENT] Node: 'preferredCourse'
    |  |     \-[ALIAS] Node: 'pc'
    |  \-[SELECT] Node: 'select'
    |     +-[IDENT] Node: 's'
    |     \-[IDENT] Node: 'pc'
    \-[ORDER] Node: 'order'
       \-[DOT] Node: '.'
          +-[IDENT] Node: 's'
          \-[IDENT] Node: 'studentNumber'

14:18:55,530 DEBUG ErrorCounter:82 - throwQueryException() : no errors
14:18:55,531 DEBUG FromElement:157 - FromClause{level=1} : org.hibernate.test.querycache.Student (s) -> student0_
14:18:55,531 DEBUG FromReferenceNode:74 - Resolved : s -> student0_.studentId
14:18:55,531 DEBUG DotNode:599 - getDataType() : enrolments -> org.hibernate.type.SetType(org.hibernate.test.querycache.Student.enrolments)
14:18:55,531 DEBUG FromElementFactory:376 - createEntityAssociation() : One to many - path = s.enrolments role = org.hibernate.test.querycache.Student.enrolments associatedEntityName = org.hibernate.test.querycache.Enrolment
14:18:55,531 DEBUG FromElement:157 - FromClause{level=1} : org.hibernate.test.querycache.Enrolment (<no alias>) -> enrolments1_
14:18:55,531 DEBUG FromClause:282 - addJoinByPathMap() : s.enrolments -> FromElement{explicit,not a collection join,not a fetch join,fetch non-lazy properties,classAlias=null,role=null,tableName=Enrolment,tableAlias=enrolments1_,origin=Student student0_,columns={student0_.studentId ,className=org.hibernate.test.querycache.Enrolment}}
14:18:55,531 DEBUG DotNode:308 - dereferenceCollection() : Created new FROM element for s.enrolments : Enrolment enrolments1_
14:18:55,532 DEBUG FromReferenceNode:74 - Resolved : s.enrolments -> .
14:18:55,532 DEBUG HqlSqlWalker:403 - createFromJoinElement() : -- join tree --
 \-[JOIN_FRAGMENT] FromElement: 'Enrolment enrolments1_' FromElement{explicit,not a collection join,fetch join,fetch non-lazy properties,classAlias=null,role=org.hibernate.test.querycache.Student.enrolments,tableName=Enrolment,tableAlias=enrolments1_,origin=Student student0_,columns={student0_.studentId ,className=org.hibernate.test.querycache.Enrolment}}

14:18:55,532 DEBUG FromReferenceNode:74 - Resolved : s -> student0_.studentId
14:18:55,532 DEBUG DotNode:599 - getDataType() : preferredCourse -> org.hibernate.type.ManyToOneType(org.hibernate.test.querycache.Course)
14:18:55,532 DEBUG DotNode:389 - dereferenceEntityJoin() : generating join for preferredCourse in org.hibernate.test.querycache.Student (pc) parent = [ {null} ]
14:18:55,532 DEBUG FromElement:157 - FromClause{level=1} : org.hibernate.test.querycache.Course (pc) -> course2_
14:18:55,532 DEBUG FromClause:282 - addJoinByPathMap() : s.preferredCourse -> FromElement{explicit,not a collection join,not a fetch join,fetch non-lazy properties,classAlias=pc,role=null,tableName=Course,tableAlias=course2_,origin=Student student0_,columns={student0_.preferredCourseCode ,className=org.hibernate.test.querycache.Course}}
14:18:55,533 DEBUG FromReferenceNode:74 - Resolved : s.preferredCourse -> student0_.preferredCourseCode
14:18:55,533 DEBUG HqlSqlWalker:403 - createFromJoinElement() : -- join tree --
 \-[JOIN_FRAGMENT] FromElement: 'Course course2_' FromElement{explicit,not a collection join,not a fetch join,fetch non-lazy properties,classAlias=pc,role=null,tableName=Course,tableAlias=course2_,origin=Student student0_,columns={student0_.preferredCourseCode ,className=org.hibernate.test.querycache.Course}}

14:18:55,533 DEBUG FromReferenceNode:74 - Resolved : s -> student0_.studentId
14:18:55,541 DEBUG FromReferenceNode:74 - Resolved : pc -> course2_.courseCode
14:18:55,541 DEBUG FromReferenceNode:74 - Resolved : s -> student0_.studentId
14:18:55,541 DEBUG DotNode:599 - getDataType() : studentNumber -> org.hibernate.type.LongType@4bf3f9d
14:18:55,541 DEBUG FromReferenceNode:74 - Resolved : s.studentNumber -> student0_.studentId
14:18:55,542 DEBUG HqlSqlWalker:629 - processQuery() :  ( SELECT ( {select clause} student0_.studentId course2_.courseCode ) ( FromClause{level=1} ( Student student0_ Enrolment enrolments1_ Course course2_ ) ) ( order ( student0_.studentId student0_.studentId studentNumber ) ) )
14:18:55,542 DEBUG JoinProcessor:175 - Using FROM fragment [Student student0_]
14:18:55,542 DEBUG JoinProcessor:175 - Using FROM fragment [left outer join Enrolment enrolments1_ on student0_.studentId=enrolments1_.studentId]
14:18:55,542 DEBUG JoinProcessor:175 - Using FROM fragment [left outer join Course course2_ on student0_.preferredCourseCode=course2_.courseCode]
14:18:55,543 DEBUG QueryTranslatorImpl:252 - --- SQL AST ---
 \-[SELECT] QueryNode: 'SELECT'  querySpaces (Student,Course,Enrolment)
    +-[SELECT_CLAUSE] SelectClause: '{select clause}'
    |  +-[ALIAS_REF] IdentNode: 'student0_.studentId as studentId4_0_' {alias=s, className=org.hibernate.test.querycache.Student, tableAlias=student0_}
    |  +-[ALIAS_REF] IdentNode: 'course2_.courseCode as courseCode1_1_' {alias=pc, className=org.hibernate.test.querycache.Course, tableAlias=course2_}
    |  +-[SELECT_EXPR] SelectExpressionImpl: 'enrolments1_.studentId as studentId3_2_, enrolments1_.courseCode as courseCode3_2_' {FromElement{explicit,not a collection join,fetch join,fetch non-lazy properties,classAlias=null,role=org.hibernate.test.querycache.Student.enrolments,tableName=Enrolment,tableAlias=enrolments1_,origin=Student student0_,columns={student0_.studentId ,className=org.hibernate.test.querycache.Enrolment}}}
    |  +-[SQL_TOKEN] SqlFragment: 'student0_.name_first as name2_4_0_, student0_.name_middle as name3_4_0_, student0_.name_last as name4_4_0_, student0_.preferredCourseCode as preferre5_4_0_'
    |  +-[SQL_TOKEN] SqlFragment: 'course2_.description as descript2_1_1_'
    |  +-[SQL_TOKEN] SqlFragment: 'enrolments1_.semester as semester3_2_, enrolments1_."year" as year4_3_2_'
    |  \-[SQL_TOKEN] SqlFragment: 'enrolments1_.studentId as studentId4_0__, enrolments1_.studentId as studentId3_0__, enrolments1_.courseCode as courseCode3_0__'
    +-[FROM] FromClause: 'from' FromClause{level=1, fromElementCounter=3, fromElements=3, fromElementByClassAlias=[s, pc], fromElementByTableAlias=[student0_, course2_, enrolments1_], fromElementsByPath=[s.enrolments, s.preferredCourse], collectionJoinFromElementsByPath=[], impliedElements=[]}
    |  \-[FROM_FRAGMENT] FromElement: 'Student student0_' FromElement{explicit,not a collection join,not a fetch join,fetch non-lazy properties,classAlias=s,role=null,tableName=Student,tableAlias=student0_,origin=null,columns={,className=org.hibernate.test.querycache.Student}}
    |     +-[JOIN_FRAGMENT] FromElement: 'left outer join Enrolment enrolments1_ on student0_.studentId=enrolments1_.studentId' FromElement{explicit,not a collection join,fetch join,fetch non-lazy properties,classAlias=null,role=org.hibernate.test.querycache.Student.enrolments,tableName=Enrolment,tableAlias=enrolments1_,origin=Student student0_,columns={student0_.studentId ,className=org.hibernate.test.querycache.Enrolment}}
    |     \-[JOIN_FRAGMENT] FromElement: 'left outer join Course course2_ on student0_.preferredCourseCode=course2_.courseCode' FromElement{explicit,not a collection join,not a fetch join,fetch non-lazy properties,classAlias=pc,role=null,tableName=Course,tableAlias=course2_,origin=Student student0_,columns={student0_.preferredCourseCode ,className=org.hibernate.test.querycache.Course}}
    \-[ORDER] OrderByClause: 'order'
       \-[DOT] DotNode: 'student0_.studentId' {propertyName=studentNumber,dereferenceType=ALL,propertyPath=studentNumber,path=s.studentNumber,tableAlias=student0_,className=org.hibernate.test.querycache.Student,classAlias=s}
          +-[ALIAS_REF] IdentNode: 'student0_.studentId' {alias=s, className=org.hibernate.test.querycache.Student, tableAlias=student0_}
          \-[IDENT] IdentNode: 'studentNumber' {originalText=studentNumber}

14:18:55,544 DEBUG ErrorCounter:82 - throwQueryException() : no errors
14:18:55,544 DEBUG QueryTranslatorImpl:235 - HQL: select s, pc from org.hibernate.test.querycache.Student s left join fetch s.enrolments left join s.preferredCourse pc order by s.studentNumber
14:18:55,544 DEBUG QueryTranslatorImpl:236 - SQL: select student0_.studentId as studentId4_0_, course2_.courseCode as courseCode1_1_, enrolments1_.studentId as studentId3_2_, enrolments1_.courseCode as courseCode3_2_, student0_.name_first as name2_4_0_, student0_.name_middle as name3_4_0_, student0_.name_last as name4_4_0_, student0_.preferredCourseCode as preferre5_4_0_, course2_.description as descript2_1_1_, enrolments1_.semester as semester3_2_, enrolments1_."year" as year4_3_2_, enrolments1_.studentId as studentId4_0__, enrolments1_.studentId as studentId3_0__, enrolments1_.courseCode as courseCode3_0__ from Student student0_ left outer join Enrolment enrolments1_ on student0_.studentId=enrolments1_.studentId left outer join Course course2_ on student0_.preferredCourseCode=course2_.courseCode order by student0_.studentId
14:18:55,552 DEBUG ErrorCounter:82 - throwQueryException() : no errors
14:18:55,552 DEBUG SQL:104 - 
    select
        student0_.studentId as studentId4_0_,
        course2_.courseCode as courseCode1_1_,
        enrolments1_.studentId as studentId3_2_,
        enrolments1_.courseCode as courseCode3_2_,
        student0_.name_first as name2_4_0_,
        student0_.name_middle as name3_4_0_,
        student0_.name_last as name4_4_0_,
        student0_.preferredCourseCode as preferre5_4_0_,
        course2_.description as descript2_1_1_,
        enrolments1_.semester as semester3_2_,
        enrolments1_."year" as year4_3_2_,
        enrolments1_.studentId as studentId4_0__,
        enrolments1_.studentId as studentId3_0__,
        enrolments1_.courseCode as courseCode3_0__ 
    from
        Student student0_ 
    left outer join
        Enrolment enrolments1_ 
            on student0_.studentId=enrolments1_.studentId 
    left outer join
        Course course2_ 
            on student0_.preferredCourseCode=course2_.courseCode 
    order by
        student0_.studentId
14:18:55,554 DEBUG SQL:104 - 
    select
        secretcode0_.studentNumber as studentN1_4_0_,
        secretcode0_.secretCode as secretCode5_0_,
        secretcode0_.i as i0_ 
    from
        Student_secretCodes secretcode0_ 
    where
        secretcode0_.studentNumber=?
14:18:55,563 DEBUG SQL:104 - 
    select
        coursemeet0_.courseCode as courseCode1_1_,
        coursemeet0_.courseCode as courseCode2_1_,
        coursemeet0_.day as day2_1_,
        coursemeet0_.period as period2_1_,
        coursemeet0_.location as location2_1_,
        coursemeet0_.courseCode as courseCode2_0_,
        coursemeet0_.day as day2_0_,
        coursemeet0_.period as period2_0_,
        coursemeet0_.location as location2_0_ 
    from
        CourseMeeting coursemeet0_ 
    where
        coursemeet0_.courseCode=?
14:18:55,564 DEBUG SQL:104 - 
    select
        secretcode0_.studentNumber as studentN1_4_0_,
        secretcode0_.secretCode as secretCode5_0_,
        secretcode0_.i as i0_ 
    from
        Student_secretCodes secretcode0_ 
    where
        secretcode0_.studentNumber=?
14:18:55,573 DEBUG BaseGeneralDataRegion:59 - Caching[foo.org.hibernate.cache.internal.StandardQueryCache] : [sql: select student0_.studentId as studentId4_0_, course2_.courseCode as courseCode1_1_, enrolments1_.studentId as studentId3_2_, enrolments1_.courseCode as courseCode3_2_, student0_.name_first as name2_4_0_, student0_.name_middle as name3_4_0_, student0_.name_last as name4_4_0_, student0_.preferredCourseCode as preferre5_4_0_, course2_.description as descript2_1_1_, enrolments1_.semester as semester3_2_, enrolments1_."year" as year4_3_2_, enrolments1_.studentId as studentId4_0__, enrolments1_.studentId as studentId3_0__, enrolments1_.courseCode as courseCode3_0__ from Student student0_ left outer join Enrolment enrolments1_ on student0_.studentId=enrolments1_.studentId left outer join Course course2_ on student0_.preferredCourseCode=course2_.courseCode order by student0_.studentId; parameters: ; named parameters: {}; transformer: org.hibernate.transform.CacheableResultTransformer@2513f6c] -> [[5579090884907008, [Ljava.io.Serializable;@26116de9, [Ljava.io.Serializable;@4246ef85]]
14:18:55,574 DEBUG SQL:104 - 
    select
        student0_.studentId as studentId4_0_,
        course2_.courseCode as courseCode1_1_,
        enrolments1_.studentId as studentId3_2_,
        enrolments1_.courseCode as courseCode3_2_,
        student0_.name_first as name2_4_0_,
        student0_.name_middle as name3_4_0_,
        student0_.name_last as name4_4_0_,
        student0_.preferredCourseCode as preferre5_4_0_,
        course2_.description as descript2_1_1_,
        enrolments1_.semester as semester3_2_,
        enrolments1_."year" as year4_3_2_,
        enrolments1_.studentId as studentId4_0__,
        enrolments1_.studentId as studentId3_0__,
        enrolments1_.courseCode as courseCode3_0__ 
    from
        Student student0_ 
    left outer join
        Enrolment enrolments1_ 
            on student0_.studentId=enrolments1_.studentId 
    left outer join
        Course course2_ 
            on student0_.preferredCourseCode=course2_.courseCode 
    order by
        student0_.studentId
14:18:55,576 DEBUG SQL:104 - 
    select
        secretcode0_.studentNumber as studentN1_4_0_,
        secretcode0_.secretCode as secretCode5_0_,
        secretcode0_.i as i0_ 
    from
        Student_secretCodes secretcode0_ 
    where
        secretcode0_.studentNumber=?
14:18:55,588 DEBUG SQL:104 - 
    select
        coursemeet0_.courseCode as courseCode1_1_,
        coursemeet0_.courseCode as courseCode2_1_,
        coursemeet0_.day as day2_1_,
        coursemeet0_.period as period2_1_,
        coursemeet0_.location as location2_1_,
        coursemeet0_.courseCode as courseCode2_0_,
        coursemeet0_.day as day2_0_,
        coursemeet0_.period as period2_0_,
        coursemeet0_.location as location2_0_ 
    from
        CourseMeeting coursemeet0_ 
    where
        coursemeet0_.courseCode=?
14:18:55,590 DEBUG SQL:104 - 
    select
        secretcode0_.studentNumber as studentN1_4_0_,
        secretcode0_.secretCode as secretCode5_0_,
        secretcode0_.i as i0_ 
    from
        Student_secretCodes secretcode0_ 
    where
        secretcode0_.studentNumber=?
14:18:55,603 DEBUG BaseGeneralDataRegion:59 - Caching[foo.org.hibernate.cache.internal.StandardQueryCache] : [sql: select student0_.studentId as studentId4_0_, course2_.courseCode as courseCode1_1_, enrolments1_.studentId as studentId3_2_, enrolments1_.courseCode as courseCode3_2_, student0_.name_first as name2_4_0_, student0_.name_middle as name3_4_0_, student0_.name_last as name4_4_0_, student0_.preferredCourseCode as preferre5_4_0_, course2_.description as descript2_1_1_, enrolments1_.semester as semester3_2_, enrolments1_."year" as year4_3_2_, enrolments1_.studentId as studentId4_0__, enrolments1_.studentId as studentId3_0__, enrolments1_.courseCode as courseCode3_0__ from Student student0_ left outer join Enrolment enrolments1_ on student0_.studentId=enrolments1_.studentId left outer join Course course2_ on student0_.preferredCourseCode=course2_.courseCode order by student0_.studentId; parameters: ; named parameters: {}; transformer: org.hibernate.transform.CacheableResultTransformer@2513f6c] -> [[5579090885029888, [Ljava.io.Serializable;@7bb2a8fc, [Ljava.io.Serializable;@e7477d6]]
14:18:55,604 DEBUG SQL:104 - 
    select
        student_.studentId,
        student_.name_first as name2_4_,
        student_.name_middle as name3_4_,
        student_.name_last as name4_4_,
        student_.preferredCourseCode as preferre5_4_ 
    from
        Student student_ 
    where
        student_.studentId=?
14:18:55,605 DEBUG SQL:104 - 
    select
        enrolment_.studentId,
        enrolment_.courseCode,
        enrolment_.semester as semester3_,
        enrolment_."year" as year4_3_ 
    from
        Enrolment enrolment_ 
    where
        enrolment_.studentId=? 
        and enrolment_.courseCode=?
14:18:55,606 DEBUG SQL:104 - 
    select
        course_.courseCode,
        course_.description as descript2_1_ 
    from
        Course course_ 
    where
        course_.courseCode=?
14:18:55,606 DEBUG SQL:104 - 
    select
        student_.studentId,
        student_.name_first as name2_4_,
        student_.name_middle as name3_4_,
        student_.name_last as name4_4_,
        student_.preferredCourseCode as preferre5_4_ 
    from
        Student student_ 
    where
        student_.studentId=?
14:18:55,607 DEBUG SQL:104 - 
    select
        enrolment_.studentId,
        enrolment_.courseCode,
        enrolment_.semester as semester3_,
        enrolment_."year" as year4_3_ 
    from
        Enrolment enrolment_ 
    where
        enrolment_.studentId=? 
        and enrolment_.courseCode=?
14:18:55,608 DEBUG SQL:104 - 
    select
        coursemeet_.courseCode,
        coursemeet_.day,
        coursemeet_.period,
        coursemeet_.location 
    from
        CourseMeeting coursemeet_ 
    where
        coursemeet_.courseCode=? 
        and coursemeet_.day=? 
        and coursemeet_.period=? 
        and coursemeet_.location=?
14:18:55,625 DEBUG SQL:104 - 
    select
        coursemeet_.courseCode,
        coursemeet_.day,
        coursemeet_.period,
        coursemeet_.location 
    from
        CourseMeeting coursemeet_ 
    where
        coursemeet_.courseCode=? 
        and coursemeet_.day=? 
        and coursemeet_.period=? 
        and coursemeet_.location=?
14:18:55,627 DEBUG BaseGeneralDataRegion:59 - Caching[foo.org.hibernate.cache.spi.UpdateTimestampsCache] : [Enrolment] -> [5579091130888192]
14:18:55,627 DEBUG SQL:104 - 
    update
        Address 
    set
        studentNumber=null,
        addressType=null 
    where
        studentNumber=?
14:18:55,628 DEBUG BaseGeneralDataRegion:59 - Caching[foo.org.hibernate.cache.spi.UpdateTimestampsCache] : [Address] -> [5579091130892288]
14:18:55,637 DEBUG SQL:104 - 
    delete 
    from
        Student_secretCodes 
    where
        studentNumber=?
14:18:55,638 DEBUG BaseGeneralDataRegion:59 - Caching[foo.org.hibernate.cache.spi.UpdateTimestampsCache] : [Student_secretCodes] -> [5579091130933248]
14:18:55,638 DEBUG BaseGeneralDataRegion:59 - Caching[foo.org.hibernate.cache.spi.UpdateTimestampsCache] : [Enrolment] -> [5579091130933249]
14:18:55,638 DEBUG BaseGeneralDataRegion:59 - Caching[foo.org.hibernate.cache.spi.UpdateTimestampsCache] : [Address] -> [5579091130933250]
14:18:55,639 DEBUG SQL:104 - 
    delete 
    from
        Student_secretCodes 
    where
        studentNumber=?
14:18:55,639 DEBUG BaseGeneralDataRegion:59 - Caching[foo.org.hibernate.cache.spi.UpdateTimestampsCache] : [Student_secretCodes] -> [5579091130937344]
14:18:55,639 DEBUG BaseGeneralDataRegion:59 - Caching[foo.org.hibernate.cache.spi.UpdateTimestampsCache] : [CourseMeeting] -> [5579091130937345]
14:18:55,639 DEBUG SQL:104 - 
    delete 
    from
        Enrolment 
    where
        studentId=? 
        and courseCode=?
14:18:55,639 DEBUG BaseGeneralDataRegion:59 - Caching[foo.org.hibernate.cache.spi.UpdateTimestampsCache] : [Enrolment] -> [5579091130937346]
14:18:55,639 DEBUG SQL:104 - 
    delete 
    from
        Address 
    where
        id=?
14:18:55,640 DEBUG BaseGeneralDataRegion:59 - Caching[foo.org.hibernate.cache.spi.UpdateTimestampsCache] : [Address] -> [5579091130941440]
14:18:55,640 DEBUG SQL:104 - 
    delete 
    from
        Address 
    where
        id=?
14:18:55,640 DEBUG BaseGeneralDataRegion:59 - Caching[foo.org.hibernate.cache.spi.UpdateTimestampsCache] : [Address] -> [5579091130941441]
14:18:55,640 DEBUG SQL:104 - 
    delete 
    from
        Student 
    where
        studentId=?
14:18:55,661 DEBUG BaseGeneralDataRegion:59 - Caching[foo.org.hibernate.cache.spi.UpdateTimestampsCache] : [Student] -> [5579091131027456]
14:18:55,662 DEBUG SQL:104 - 
    delete 
    from
        Enrolment 
    where
        studentId=? 
        and courseCode=?
14:18:55,662 DEBUG BaseGeneralDataRegion:59 - Caching[foo.org.hibernate.cache.spi.UpdateTimestampsCache] : [Enrolment] -> [5579091131031552]
14:18:55,662 DEBUG SQL:104 - 
    delete 
    from
        Student 
    where
        studentId=?
14:18:55,662 DEBUG BaseGeneralDataRegion:59 - Caching[foo.org.hibernate.cache.spi.UpdateTimestampsCache] : [Student] -> [5579091131031553]
14:18:55,662 DEBUG SQL:104 - 
    delete 
    from
        CourseMeeting 
    where
        courseCode=? 
        and day=? 
        and period=? 
        and location=?
14:18:55,672 DEBUG BaseGeneralDataRegion:59 - Caching[foo.org.hibernate.cache.spi.UpdateTimestampsCache] : [CourseMeeting] -> [5579091131072512]
14:18:55,672 DEBUG SQL:104 - 
    delete 
    from
        CourseMeeting 
    where
        courseCode=? 
        and day=? 
        and period=? 
        and location=?
14:18:55,672 DEBUG BaseGeneralDataRegion:59 - Caching[foo.org.hibernate.cache.spi.UpdateTimestampsCache] : [CourseMeeting] -> [5579091131072513]
14:18:55,672 DEBUG SQL:104 - 
    delete 
    from
        Course 
    where
        courseCode=?
14:18:55,673 DEBUG BaseGeneralDataRegion:59 - Caching[foo.org.hibernate.cache.spi.UpdateTimestampsCache] : [Course] -> [5579091131076608]
14:18:55,673 DEBUG BaseGeneralDataRegion:59 - Caching[foo.org.hibernate.cache.spi.UpdateTimestampsCache] : [Student] -> [5579090885316609]
14:18:55,673 DEBUG BaseGeneralDataRegion:59 - Caching[foo.org.hibernate.cache.spi.UpdateTimestampsCache] : [Course] -> [5579090885316609]
14:18:55,673 DEBUG BaseGeneralDataRegion:59 - Caching[foo.org.hibernate.cache.spi.UpdateTimestampsCache] : [Enrolment] -> [5579090885316609]
14:18:55,673 DEBUG BaseGeneralDataRegion:59 - Caching[foo.org.hibernate.cache.spi.UpdateTimestampsCache] : [Student_secretCodes] -> [5579090885316609]
14:18:55,673 DEBUG BaseGeneralDataRegion:59 - Caching[foo.org.hibernate.cache.spi.UpdateTimestampsCache] : [Address] -> [5579090885316609]
14:18:55,673 DEBUG BaseGeneralDataRegion:59 - Caching[foo.org.hibernate.cache.spi.UpdateTimestampsCache] : [CourseMeeting] -> [5579090885316609]
14:18:55,673  INFO CustomRunner:139 - Test: testJoinWithFetchJoinWithOwnerAndPropProjectedList
14:18:55,674 DEBUG SQL:104 - 
    select
        coursemeet_.courseCode,
        coursemeet_.day,
        coursemeet_.period,
        coursemeet_.location 
    from
        CourseMeeting coursemeet_ 
    where
        coursemeet_.courseCode=? 
        and coursemeet_.day=? 
        and coursemeet_.period=? 
        and coursemeet_.location=?
14:18:55,683 DEBUG SQL:104 - 
    select
        coursemeet_.courseCode,
        coursemeet_.day,
        coursemeet_.period,
        coursemeet_.location 
    from
        CourseMeeting coursemeet_ 
    where
        coursemeet_.courseCode=? 
        and coursemeet_.day=? 
        and coursemeet_.period=? 
        and coursemeet_.location=?
14:18:55,684 DEBUG SQL:104 - 
    insert 
    into
        Course
        (description, courseCode) 
    values
        (?, ?)
14:18:55,697 DEBUG BaseGeneralDataRegion:59 - Caching[foo.org.hibernate.cache.spi.UpdateTimestampsCache] : [Course] -> [5579091131174912]
14:18:55,697 DEBUG SQL:104 - 
    insert 
    into
        CourseMeeting
        (courseCode, day, period, location) 
    values
        (?, ?, ?, ?)
14:18:55,698 DEBUG BaseGeneralDataRegion:59 - Caching[foo.org.hibernate.cache.spi.UpdateTimestampsCache] : [CourseMeeting] -> [5579091131179008]
14:18:55,698 DEBUG SQL:104 - 
    insert 
    into
        CourseMeeting
        (courseCode, day, period, location) 
    values
        (?, ?, ?, ?)
14:18:55,698 DEBUG BaseGeneralDataRegion:59 - Caching[foo.org.hibernate.cache.spi.UpdateTimestampsCache] : [CourseMeeting] -> [5579091131179009]
14:18:55,698 DEBUG SQL:104 - 
    insert 
    into
        Student
        (name_first, name_middle, name_last, preferredCourseCode, studentId) 
    values
        (?, ?, ?, ?, ?)
14:18:55,698 DEBUG BaseGeneralDataRegion:59 - Caching[foo.org.hibernate.cache.spi.UpdateTimestampsCache] : [Student] -> [5579091131179010]
14:18:55,698 DEBUG SQL:104 - 
    insert 
    into
        Address
        (addressType, street, city, stateProvince, postalCode, country, studentNumber, id) 
    values
        (?, ?, ?, ?, ?, ?, ?, ?)
14:18:55,704 DEBUG BaseGeneralDataRegion:59 - Caching[foo.org.hibernate.cache.spi.UpdateTimestampsCache] : [Address] -> [5579091131203584]
14:18:55,704 DEBUG SQL:104 - 
    insert 
    into
        Address
        (addressType, street, city, stateProvince, postalCode, country, studentNumber, id) 
    values
        (?, ?, ?, ?, ?, ?, ?, ?)
14:18:55,704 DEBUG BaseGeneralDataRegion:59 - Caching[foo.org.hibernate.cache.spi.UpdateTimestampsCache] : [Address] -> [5579091131203585]
14:18:55,704 DEBUG SQL:104 - 
    insert 
    into
        Student
        (name_first, name_middle, name_last, preferredCourseCode, studentId) 
    values
        (?, ?, ?, ?, ?)
14:18:55,704 DEBUG BaseGeneralDataRegion:59 - Caching[foo.org.hibernate.cache.spi.UpdateTimestampsCache] : [Student] -> [5579091131203586]
14:18:55,705 DEBUG SQL:104 - 
    insert 
    into
        Enrolment
        (semester, "year", studentId, courseCode) 
    values
        (?, ?, ?, ?)
14:18:55,705 DEBUG BaseGeneralDataRegion:59 - Caching[foo.org.hibernate.cache.spi.UpdateTimestampsCache] : [Enrolment] -> [5579091131207680]
14:18:55,714 DEBUG SQL:104 - 
    insert 
    into
        Enrolment
        (semester, "year", studentId, courseCode) 
    values
        (?, ?, ?, ?)
14:18:55,714 DEBUG BaseGeneralDataRegion:59 - Caching[foo.org.hibernate.cache.spi.UpdateTimestampsCache] : [Enrolment] -> [5579091131244544]
14:18:55,714 DEBUG BaseGeneralDataRegion:59 - Caching[foo.org.hibernate.cache.spi.UpdateTimestampsCache] : [CourseMeeting] -> [5579091131244545]
14:18:55,714 DEBUG BaseGeneralDataRegion:59 - Caching[foo.org.hibernate.cache.spi.UpdateTimestampsCache] : [Enrolment] -> [5579091131244546]
14:18:55,714 DEBUG SQL:104 - 
    update
        Address 
    set
        studentNumber=?,
        addressType=? 
    where
        id=?
14:18:55,715 DEBUG SQL:104 - 
    update
        Address 
    set
        studentNumber=?,
        addressType=? 
    where
        id=?
14:18:55,715 DEBUG BaseGeneralDataRegion:59 - Caching[foo.org.hibernate.cache.spi.UpdateTimestampsCache] : [Address] -> [5579091131248640]
14:18:55,715 DEBUG SQL:104 - 
    insert 
    into
        Student_secretCodes
        (studentNumber, i, secretCode) 
    values
        (?, ?, ?)
14:18:55,725 DEBUG BaseGeneralDataRegion:59 - Caching[foo.org.hibernate.cache.spi.UpdateTimestampsCache] : [Student_secretCodes] -> [5579091131289600]
14:18:55,725 DEBUG BaseGeneralDataRegion:59 - Caching[foo.org.hibernate.cache.spi.UpdateTimestampsCache] : [Enrolment] -> [5579091131289601]
14:18:55,725 DEBUG BaseGeneralDataRegion:59 - Caching[foo.org.hibernate.cache.spi.UpdateTimestampsCache] : [Address] -> [5579091131289602]
14:18:55,725 DEBUG SQL:104 - 
    insert 
    into
        Student_secretCodes
        (studentNumber, i, secretCode) 
    values
        (?, ?, ?)
14:18:55,726 DEBUG SQL:104 - 
    insert 
    into
        Student_secretCodes
        (studentNumber, i, secretCode) 
    values
        (?, ?, ?)
14:18:55,726 DEBUG BaseGeneralDataRegion:59 - Caching[foo.org.hibernate.cache.spi.UpdateTimestampsCache] : [Student_secretCodes] -> [5579091131293696]
14:18:55,726 DEBUG BaseGeneralDataRegion:59 - Caching[foo.org.hibernate.cache.spi.UpdateTimestampsCache] : [Student] -> [5579090885533697]
14:18:55,726 DEBUG BaseGeneralDataRegion:59 - Caching[foo.org.hibernate.cache.spi.UpdateTimestampsCache] : [Course] -> [5579090885533697]
14:18:55,726 DEBUG BaseGeneralDataRegion:59 - Caching[foo.org.hibernate.cache.spi.UpdateTimestampsCache] : [Enrolment] -> [5579090885533697]
14:18:55,726 DEBUG BaseGeneralDataRegion:59 - Caching[foo.org.hibernate.cache.spi.UpdateTimestampsCache] : [Student_secretCodes] -> [5579090885533697]
14:18:55,726 DEBUG BaseGeneralDataRegion:59 - Caching[foo.org.hibernate.cache.spi.UpdateTimestampsCache] : [Address] -> [5579090885533697]
14:18:55,726 DEBUG BaseGeneralDataRegion:59 - Caching[foo.org.hibernate.cache.spi.UpdateTimestampsCache] : [CourseMeeting] -> [5579090885533697]
14:18:55,727 DEBUG QueryTranslatorImpl:265 - parse() - HQL: select s, s.name from org.hibernate.test.querycache.Student s left join fetch s.enrolments left join s.preferredCourse order by s.studentNumber
14:18:55,729 DEBUG QueryTranslatorImpl:283 - --- HQL AST ---
 \-[QUERY] Node: 'query'
    +-[SELECT_FROM] Node: 'SELECT_FROM'
    |  +-[FROM] Node: 'from'
    |  |  +-[RANGE] Node: 'RANGE'
    |  |  |  +-[DOT] Node: '.'
    |  |  |  |  +-[DOT] Node: '.'
    |  |  |  |  |  +-[DOT] Node: '.'
    |  |  |  |  |  |  +-[DOT] Node: '.'
    |  |  |  |  |  |  |  +-[IDENT] Node: 'org'
    |  |  |  |  |  |  |  \-[IDENT] Node: 'hibernate'
    |  |  |  |  |  |  \-[IDENT] Node: 'test'
    |  |  |  |  |  \-[IDENT] Node: 'querycache'
    |  |  |  |  \-[IDENT] Node: 'Student'
    |  |  |  \-[ALIAS] Node: 's'
    |  |  +-[JOIN] Node: 'join'
    |  |  |  +-[LEFT] Node: 'left'
    |  |  |  +-[FETCH] Node: 'fetch'
    |  |  |  \-[DOT] Node: '.'
    |  |  |     +-[IDENT] Node: 's'
    |  |  |     \-[IDENT] Node: 'enrolments'
    |  |  \-[JOIN] Node: 'join'
    |  |     +-[LEFT] Node: 'left'
    |  |     \-[DOT] Node: '.'
    |  |        +-[IDENT] Node: 's'
    |  |        \-[IDENT] Node: 'preferredCourse'
    |  \-[SELECT] Node: 'select'
    |     +-[IDENT] Node: 's'
    |     \-[DOT] Node: '.'
    |        +-[IDENT] Node: 's'
    |        \-[IDENT] Node: 'name'
    \-[ORDER] Node: 'order'
       \-[DOT] Node: '.'
          +-[IDENT] Node: 's'
          \-[IDENT] Node: 'studentNumber'

14:18:55,738 DEBUG ErrorCounter:82 - throwQueryException() : no errors
14:18:55,739 DEBUG FromElement:157 - FromClause{level=1} : org.hibernate.test.querycache.Student (s) -> student0_
14:18:55,739 DEBUG FromReferenceNode:74 - Resolved : s -> student0_.studentId
14:18:55,739 DEBUG DotNode:599 - getDataType() : enrolments -> org.hibernate.type.SetType(org.hibernate.test.querycache.Student.enrolments)
14:18:55,739 DEBUG FromElementFactory:376 - createEntityAssociation() : One to many - path = s.enrolments role = org.hibernate.test.querycache.Student.enrolments associatedEntityName = org.hibernate.test.querycache.Enrolment
14:18:55,740 DEBUG FromElement:157 - FromClause{level=1} : org.hibernate.test.querycache.Enrolment (<no alias>) -> enrolments1_
14:18:55,740 DEBUG FromClause:282 - addJoinByPathMap() : s.enrolments -> FromElement{explicit,not a collection join,not a fetch join,fetch non-lazy properties,classAlias=null,role=null,tableName=Enrolment,tableAlias=enrolments1_,origin=Student student0_,columns={student0_.studentId ,className=org.hibernate.test.querycache.Enrolment}}
14:18:55,740 DEBUG DotNode:308 - dereferenceCollection() : Created new FROM element for s.enrolments : Enrolment enrolments1_
14:18:55,740 DEBUG FromReferenceNode:74 - Resolved : s.enrolments -> .
14:18:55,741 DEBUG HqlSqlWalker:403 - createFromJoinElement() : -- join tree --
 \-[JOIN_FRAGMENT] FromElement: 'Enrolment enrolments1_' FromElement{explicit,not a collection join,fetch join,fetch non-lazy properties,classAlias=null,role=org.hibernate.test.querycache.Student.enrolments,tableName=Enrolment,tableAlias=enrolments1_,origin=Student student0_,columns={student0_.studentId ,className=org.hibernate.test.querycache.Enrolment}}

14:18:55,741 DEBUG FromReferenceNode:74 - Resolved : s -> student0_.studentId
14:18:55,741 DEBUG DotNode:599 - getDataType() : preferredCourse -> org.hibernate.type.ManyToOneType(org.hibernate.test.querycache.Course)
14:18:55,741 DEBUG DotNode:389 - dereferenceEntityJoin() : generating join for preferredCourse in org.hibernate.test.querycache.Student (<no alias>) parent = [ {null} ]
14:18:55,741 DEBUG FromElement:157 - FromClause{level=1} : org.hibernate.test.querycache.Course (<no alias>) -> course2_
14:18:55,742 DEBUG FromClause:282 - addJoinByPathMap() : s.preferredCourse -> FromElement{explicit,not a collection join,not a fetch join,fetch non-lazy properties,classAlias=null,role=null,tableName=Course,tableAlias=course2_,origin=Student student0_,columns={student0_.preferredCourseCode ,className=org.hibernate.test.querycache.Course}}
14:18:55,742 DEBUG FromReferenceNode:74 - Resolved : s.preferredCourse -> student0_.preferredCourseCode
14:18:55,742 DEBUG HqlSqlWalker:403 - createFromJoinElement() : -- join tree --
 \-[JOIN_FRAGMENT] FromElement: 'Course course2_' FromElement{explicit,not a collection join,not a fetch join,fetch non-lazy properties,classAlias=null,role=null,tableName=Course,tableAlias=course2_,origin=Student student0_,columns={student0_.preferredCourseCode ,className=org.hibernate.test.querycache.Course}}

14:18:55,742 DEBUG FromReferenceNode:74 - Resolved : s -> student0_.studentId
14:18:55,742 DEBUG FromReferenceNode:74 - Resolved : s -> student0_.studentId
14:18:55,742 DEBUG DotNode:599 - getDataType() : name -> org.hibernate.type.ComponentType@3547c719
14:18:55,742 DEBUG DotNode:588 - Terminal propertyPath = [name]
14:18:55,742 DEBUG FromReferenceNode:74 - Resolved : s.name -> student0_.name_first, student0_.name_middle, student0_.name_last
14:18:55,751 DEBUG FromReferenceNode:74 - Resolved : s -> student0_.studentId
14:18:55,751 DEBUG DotNode:599 - getDataType() : studentNumber -> org.hibernate.type.LongType@4bf3f9d
14:18:55,751 DEBUG FromReferenceNode:74 - Resolved : s.studentNumber -> student0_.studentId
14:18:55,752 DEBUG HqlSqlWalker:629 - processQuery() :  ( SELECT ( {select clause} student0_.studentId ( student0_.name_first, student0_.name_middle, student0_.name_last student0_.studentId name ) ) ( FromClause{level=1} ( Student student0_ Enrolment enrolments1_ Course course2_ ) ) ( order ( student0_.studentId student0_.studentId studentNumber ) ) )
14:18:55,752 DEBUG JoinProcessor:175 - Using FROM fragment [Student student0_]
14:18:55,752 DEBUG JoinProcessor:175 - Using FROM fragment [left outer join Enrolment enrolments1_ on student0_.studentId=enrolments1_.studentId]
14:18:55,752 DEBUG JoinProcessor:175 - Using FROM fragment [left outer join Course course2_ on student0_.preferredCourseCode=course2_.courseCode]
14:18:55,752 DEBUG QueryTranslatorImpl:252 - --- SQL AST ---
 \-[SELECT] QueryNode: 'SELECT'  querySpaces (Student,Course,Enrolment)
    +-[SELECT_CLAUSE] SelectClause: '{select clause}'
    |  +-[ALIAS_REF] IdentNode: 'student0_.studentId as col_0_0_' {alias=s, className=org.hibernate.test.querycache.Student, tableAlias=student0_}
    |  +-[DOT] DotNode: 'student0_.name_first' {propertyName=name,dereferenceType=2,propertyPath=name,path=s.name,tableAlias=student0_,className=org.hibernate.test.querycache.Student,classAlias=s}
    |  |  +-[ALIAS_REF] IdentNode: 'student0_.studentId' {alias=s, className=org.hibernate.test.querycache.Student, tableAlias=student0_}
    |  |  \-[IDENT] IdentNode: 'name' {originalText=name}
    |  +-[SELECT_COLUMNS] SqlNode: ' as col_1_0_'
    |  +-[SQL_TOKEN] SqlFragment: 'student0_.name_middle'
    |  +-[SELECT_COLUMNS] SqlNode: ' as col_1_1_'
    |  +-[SQL_TOKEN] SqlFragment: 'student0_.name_last'
    |  +-[SELECT_COLUMNS] SqlNode: ' as col_1_2_'
    |  +-[SELECT_EXPR] SelectExpressionImpl: 'enrolments1_.studentId as studentId3_1_, enrolments1_.courseCode as courseCode3_1_' {FromElement{explicit,not a collection join,fetch join,fetch non-lazy properties,classAlias=null,role=org.hibernate.test.querycache.Student.enrolments,tableName=Enrolment,tableAlias=enrolments1_,origin=Student student0_,columns={student0_.studentId ,className=org.hibernate.test.querycache.Enrolment}}}
    |  +-[SQL_TOKEN] SqlFragment: 'student0_.studentId as studentId4_0_'
    |  +-[SQL_TOKEN] SqlFragment: 'enrolments1_.studentId as studentId3_1_, enrolments1_.courseCode as courseCode3_1_'
    |  +-[SQL_TOKEN] SqlFragment: 'student0_.name_first as name2_4_0_, student0_.name_middle as name3_4_0_, student0_.name_last as name4_4_0_, student0_.preferredCourseCode as preferre5_4_0_'
    |  +-[SQL_TOKEN] SqlFragment: 'enrolments1_.semester as semester3_1_, enrolments1_."year" as year4_3_1_'
    |  \-[SQL_TOKEN] SqlFragment: 'enrolments1_.studentId as studentId4_0__, enrolments1_.studentId as studentId3_0__, enrolments1_.courseCode as courseCode3_0__'
    +-[FROM] FromClause: 'from' FromClause{level=1, fromElementCounter=3, fromElements=3, fromElementByClassAlias=[s], fromElementByTableAlias=[student0_, course2_, enrolments1_], fromElementsByPath=[s.enrolments, s.preferredCourse], collectionJoinFromElementsByPath=[], impliedElements=[]}
    |  \-[FROM_FRAGMENT] FromElement: 'Student student0_' FromElement{explicit,not a collection join,not a fetch join,fetch non-lazy properties,classAlias=s,role=null,tableName=Student,tableAlias=student0_,origin=null,columns={,className=org.hibernate.test.querycache.Student}}
    |     +-[JOIN_FRAGMENT] FromElement: 'left outer join Enrolment enrolments1_ on student0_.studentId=enrolments1_.studentId' FromElement{explicit,not a collection join,fetch join,fetch non-lazy properties,classAlias=null,role=org.hibernate.test.querycache.Student.enrolments,tableName=Enrolment,tableAlias=enrolments1_,origin=Student student0_,columns={student0_.studentId ,className=org.hibernate.test.querycache.Enrolment}}
    |     \-[JOIN_FRAGMENT] FromElement: 'left outer join Course course2_ on student0_.preferredCourseCode=course2_.courseCode' FromElement{explicit,not a collection join,not a fetch join,fetch non-lazy properties,classAlias=null,role=null,tableName=Course,tableAlias=course2_,origin=Student student0_,columns={student0_.preferredCourseCode ,className=org.hibernate.test.querycache.Course}}
    \-[ORDER] OrderByClause: 'order'
       \-[DOT] DotNode: 'student0_.studentId' {propertyName=studentNumber,dereferenceType=ALL,propertyPath=studentNumber,path=s.studentNumber,tableAlias=student0_,className=org.hibernate.test.querycache.Student,classAlias=s}
          +-[ALIAS_REF] IdentNode: 'student0_.studentId' {alias=s, className=org.hibernate.test.querycache.Student, tableAlias=student0_}
          \-[IDENT] IdentNode: 'studentNumber' {originalText=studentNumber}

14:18:55,762 DEBUG ErrorCounter:82 - throwQueryException() : no errors
14:18:55,763 DEBUG QueryTranslatorImpl:235 - HQL: select s, s.name from org.hibernate.test.querycache.Student s left join fetch s.enrolments left join s.preferredCourse order by s.studentNumber
14:18:55,763 DEBUG QueryTranslatorImpl:236 - SQL: select student0_.studentId as col_0_0_, student0_.name_first as col_1_0_, student0_.name_middle as col_1_1_, student0_.name_last as col_1_2_, enrolments1_.studentId as studentId3_1_, enrolments1_.courseCode as courseCode3_1_, student0_.studentId as studentId4_0_, enrolments1_.studentId as studentId3_1_, enrolments1_.courseCode as courseCode3_1_, student0_.name_first as name2_4_0_, student0_.name_middle as name3_4_0_, student0_.name_last as name4_4_0_, student0_.preferredCourseCode as preferre5_4_0_, enrolments1_.semester as semester3_1_, enrolments1_."year" as year4_3_1_, enrolments1_.studentId as studentId4_0__, enrolments1_.studentId as studentId3_0__, enrolments1_.courseCode as courseCode3_0__ from Student student0_ left outer join Enrolment enrolments1_ on student0_.studentId=enrolments1_.studentId left outer join Course course2_ on student0_.preferredCourseCode=course2_.courseCode order by student0_.studentId
14:18:55,763 DEBUG ErrorCounter:82 - throwQueryException() : no errors
14:18:55,763 DEBUG SQL:104 - 
    select
        student0_.studentId as col_0_0_,
        student0_.name_first as col_1_0_,
        student0_.name_middle as col_1_1_,
        student0_.name_last as col_1_2_,
        enrolments1_.studentId as studentId3_1_,
        enrolments1_.courseCode as courseCode3_1_,
        student0_.studentId as studentId4_0_,
        enrolments1_.studentId as studentId3_1_,
        enrolments1_.courseCode as courseCode3_1_,
        student0_.name_first as name2_4_0_,
        student0_.name_middle as name3_4_0_,
        student0_.name_last as name4_4_0_,
        student0_.preferredCourseCode as preferre5_4_0_,
        enrolments1_.semester as semester3_1_,
        enrolments1_."year" as year4_3_1_,
        enrolments1_.studentId as studentId4_0__,
        enrolments1_.studentId as studentId3_0__,
        enrolments1_.courseCode as courseCode3_0__ 
    from
        Student student0_ 
    left outer join
        Enrolment enrolments1_ 
            on student0_.studentId=enrolments1_.studentId 
    left outer join
        Course course2_ 
            on student0_.preferredCourseCode=course2_.courseCode 
    order by
        student0_.studentId
14:18:55,765 DEBUG SQL:104 - 
    select
        course0_.courseCode as courseCode1_0_,
        course0_.description as descript2_1_0_ 
    from
        Course course0_ 
    where
        course0_.courseCode=?
14:18:55,787 DEBUG SQL:104 - 
    select
        secretcode0_.studentNumber as studentN1_4_0_,
        secretcode0_.secretCode as secretCode5_0_,
        secretcode0_.i as i0_ 
    from
        Student_secretCodes secretcode0_ 
    where
        secretcode0_.studentNumber=?
14:18:55,788 DEBUG SQL:104 - 
    select
        coursemeet0_.courseCode as courseCode1_1_,
        coursemeet0_.courseCode as courseCode2_1_,
        coursemeet0_.day as day2_1_,
        coursemeet0_.period as period2_1_,
        coursemeet0_.location as location2_1_,
        coursemeet0_.courseCode as courseCode2_0_,
        coursemeet0_.day as day2_0_,
        coursemeet0_.period as period2_0_,
        coursemeet0_.location as location2_0_ 
    from
        CourseMeeting coursemeet0_ 
    where
        coursemeet0_.courseCode=?
14:18:55,789 DEBUG SQL:104 - 
    select
        secretcode0_.studentNumber as studentN1_4_0_,
        secretcode0_.secretCode as secretCode5_0_,
        secretcode0_.i as i0_ 
    from
        Student_secretCodes secretcode0_ 
    where
        secretcode0_.studentNumber=?
14:18:55,799 DEBUG BaseGeneralDataRegion:59 - Caching[foo.org.hibernate.cache.internal.StandardQueryCache] : [sql: select student0_.studentId as col_0_0_, student0_.name_first as col_1_0_, student0_.name_middle as col_1_1_, student0_.name_last as col_1_2_, enrolments1_.studentId as studentId3_1_, enrolments1_.courseCode as courseCode3_1_, student0_.studentId as studentId4_0_, enrolments1_.studentId as studentId3_1_, enrolments1_.courseCode as courseCode3_1_, student0_.name_first as name2_4_0_, student0_.name_middle as name3_4_0_, student0_.name_last as name4_4_0_, student0_.preferredCourseCode as preferre5_4_0_, enrolments1_.semester as semester3_1_, enrolments1_."year" as year4_3_1_, enrolments1_.studentId as studentId4_0__, enrolments1_.studentId as studentId3_0__, enrolments1_.courseCode as courseCode3_0__ from Student student0_ left outer join Enrolment enrolments1_ on student0_.studentId=enrolments1_.studentId left outer join Course course2_ on student0_.preferredCourseCode=course2_.courseCode order by student0_.studentId; parameters: ; named parameters: {}; transformer: org.hibernate.transform.CacheableResultTransformer@1406bf] -> [[5579090885832704, [Ljava.io.Serializable;@8d79da4, [Ljava.io.Serializable;@3ae7e85]]
14:18:55,799 DEBUG SQL:104 - 
    select
        student0_.studentId as col_0_0_,
        student0_.name_first as col_1_0_,
        student0_.name_middle as col_1_1_,
        student0_.name_last as col_1_2_,
        enrolments1_.studentId as studentId3_1_,
        enrolments1_.courseCode as courseCode3_1_,
        student0_.studentId as studentId4_0_,
        enrolments1_.studentId as studentId3_1_,
        enrolments1_.courseCode as courseCode3_1_,
        student0_.name_first as name2_4_0_,
        student0_.name_middle as name3_4_0_,
        student0_.name_last as name4_4_0_,
        student0_.preferredCourseCode as preferre5_4_0_,
        enrolments1_.semester as semester3_1_,
        enrolments1_."year" as year4_3_1_,
        enrolments1_.studentId as studentId4_0__,
        enrolments1_.studentId as studentId3_0__,
        enrolments1_.courseCode as courseCode3_0__ 
    from
        Student student0_ 
    left outer join
        Enrolment enrolments1_ 
            on student0_.studentId=enrolments1_.studentId 
    left outer join
        Course course2_ 
            on student0_.preferredCourseCode=course2_.courseCode 
    order by
        student0_.studentId
14:18:55,809 DEBUG SQL:104 - 
    select
        course0_.courseCode as courseCode1_0_,
        course0_.description as descript2_1_0_ 
    from
        Course course0_ 
    where
        course0_.courseCode=?
14:18:55,811 DEBUG SQL:104 - 
    select
        secretcode0_.studentNumber as studentN1_4_0_,
        secretcode0_.secretCode as secretCode5_0_,
        secretcode0_.i as i0_ 
    from
        Student_secretCodes secretcode0_ 
    where
        secretcode0_.studentNumber=?
14:18:55,811 DEBUG SQL:104 - 
    select
        coursemeet0_.courseCode as courseCode1_1_,
        coursemeet0_.courseCode as courseCode2_1_,
        coursemeet0_.day as day2_1_,
        coursemeet0_.period as period2_1_,
        coursemeet0_.location as location2_1_,
        coursemeet0_.courseCode as courseCode2_0_,
        coursemeet0_.day as day2_0_,
        coursemeet0_.period as period2_0_,
        coursemeet0_.location as location2_0_ 
    from
        CourseMeeting coursemeet0_ 
    where
        coursemeet0_.courseCode=?
14:18:55,818 DEBUG SQL:104 - 
    select
        secretcode0_.studentNumber as studentN1_4_0_,
        secretcode0_.secretCode as secretCode5_0_,
        secretcode0_.i as i0_ 
    from
        Student_secretCodes secretcode0_ 
    where
        secretcode0_.studentNumber=?
14:18:55,819 DEBUG BaseGeneralDataRegion:59 - Caching[foo.org.hibernate.cache.internal.StandardQueryCache] : [sql: select student0_.studentId as col_0_0_, student0_.name_first as col_1_0_, student0_.name_middle as col_1_1_, student0_.name_last as col_1_2_, enrolments1_.studentId as studentId3_1_, enrolments1_.courseCode as courseCode3_1_, student0_.studentId as studentId4_0_, enrolments1_.studentId as studentId3_1_, enrolments1_.courseCode as courseCode3_1_, student0_.name_first as name2_4_0_, student0_.name_middle as name3_4_0_, student0_.name_last as name4_4_0_, student0_.preferredCourseCode as preferre5_4_0_, enrolments1_.semester as semester3_1_, enrolments1_."year" as year4_3_1_, enrolments1_.studentId as studentId4_0__, enrolments1_.studentId as studentId3_0__, enrolments1_.courseCode as courseCode3_0__ from Student student0_ left outer join Enrolment enrolments1_ on student0_.studentId=enrolments1_.studentId left outer join Course course2_ on student0_.preferredCourseCode=course2_.courseCode order by student0_.studentId; parameters: ; named parameters: {}; transformer: org.hibernate.transform.CacheableResultTransformer@1406bf] -> [[5579090885914624, [Ljava.io.Serializable;@315fa480, [Ljava.io.Serializable;@7e28e8d2]]
14:18:55,820 DEBUG SQL:104 - 
    select
        student_.studentId,
        student_.name_first as name2_4_,
        student_.name_middle as name3_4_,
        student_.name_last as name4_4_,
        student_.preferredCourseCode as preferre5_4_ 
    from
        Student student_ 
    where
        student_.studentId=?
14:18:55,821 DEBUG SQL:104 - 
    select
        enrolment_.studentId,
        enrolment_.courseCode,
        enrolment_.semester as semester3_,
        enrolment_."year" as year4_3_ 
    from
        Enrolment enrolment_ 
    where
        enrolment_.studentId=? 
        and enrolment_.courseCode=?
14:18:55,827 DEBUG SQL:104 - 
    select
        course_.courseCode,
        course_.description as descript2_1_ 
    from
        Course course_ 
    where
        course_.courseCode=?
14:18:55,828 DEBUG SQL:104 - 
    select
        student_.studentId,
        student_.name_first as name2_4_,
        student_.name_middle as name3_4_,
        student_.name_last as name4_4_,
        student_.preferredCourseCode as preferre5_4_ 
    from
        Student student_ 
    where
        student_.studentId=?
14:18:55,829 DEBUG SQL:104 - 
    select
        enrolment_.studentId,
        enrolment_.courseCode,
        enrolment_.semester as semester3_,
        enrolment_."year" as year4_3_ 
    from
        Enrolment enrolment_ 
    where
        enrolment_.studentId=? 
        and enrolment_.courseCode=?
14:18:55,838 DEBUG SQL:104 - 
    select
        coursemeet_.courseCode,
        coursemeet_.day,
        coursemeet_.period,
        coursemeet_.location 
    from
        CourseMeeting coursemeet_ 
    where
        coursemeet_.courseCode=? 
        and coursemeet_.day=? 
        and coursemeet_.period=? 
        and coursemeet_.location=?
14:18:55,839 DEBUG SQL:104 - 
    select
        coursemeet_.courseCode,
        coursemeet_.day,
        coursemeet_.period,
        coursemeet_.location 
    from
        CourseMeeting coursemeet_ 
    where
        coursemeet_.courseCode=? 
        and coursemeet_.day=? 
        and coursemeet_.period=? 
        and coursemeet_.location=?
14:18:55,848 DEBUG BaseGeneralDataRegion:59 - Caching[foo.org.hibernate.cache.spi.UpdateTimestampsCache] : [Enrolment] -> [5579091131793408]
14:18:55,849 DEBUG SQL:104 - 
    update
        Address 
    set
        studentNumber=null,
        addressType=null 
    where
        studentNumber=?
14:18:55,849 DEBUG BaseGeneralDataRegion:59 - Caching[foo.org.hibernate.cache.spi.UpdateTimestampsCache] : [Address] -> [5579091131797504]
14:18:55,849 DEBUG SQL:104 - 
    delete 
    from
        Student_secretCodes 
    where
        studentNumber=?
14:18:55,850 DEBUG BaseGeneralDataRegion:59 - Caching[foo.org.hibernate.cache.spi.UpdateTimestampsCache] : [Student_secretCodes] -> [5579091131801600]
14:18:55,850 DEBUG BaseGeneralDataRegion:59 - Caching[foo.org.hibernate.cache.spi.UpdateTimestampsCache] : [Enrolment] -> [5579091131801601]
14:18:55,850 DEBUG BaseGeneralDataRegion:59 - Caching[foo.org.hibernate.cache.spi.UpdateTimestampsCache] : [Address] -> [5579091131801602]
14:18:55,850 DEBUG SQL:104 - 
    delete 
    from
        Student_secretCodes 
    where
        studentNumber=?
14:18:55,858 DEBUG BaseGeneralDataRegion:59 - Caching[foo.org.hibernate.cache.spi.UpdateTimestampsCache] : [Student_secretCodes] -> [5579091131834368]
14:18:55,859 DEBUG BaseGeneralDataRegion:59 - Caching[foo.org.hibernate.cache.spi.UpdateTimestampsCache] : [CourseMeeting] -> [5579091131838464]
14:18:55,859 DEBUG SQL:104 - 
    delete 
    from
        Enrolment 
    where
        studentId=? 
        and courseCode=?
14:18:55,859 DEBUG BaseGeneralDataRegion:59 - Caching[foo.org.hibernate.cache.spi.UpdateTimestampsCache] : [Enrolment] -> [5579091131838465]
14:18:55,859 DEBUG SQL:104 - 
    delete 
    from
        Address 
    where
        id=?
14:18:55,859 DEBUG BaseGeneralDataRegion:59 - Caching[foo.org.hibernate.cache.spi.UpdateTimestampsCache] : [Address] -> [5579091131838466]
14:18:55,859 DEBUG SQL:104 - 
    delete 
    from
        Address 
    where
        id=?
14:18:55,870 DEBUG BaseGeneralDataRegion:59 - Caching[foo.org.hibernate.cache.spi.UpdateTimestampsCache] : [Address] -> [5579091131883520]
14:18:55,870 DEBUG SQL:104 - 
    delete 
    from
        Student 
    where
        studentId=?
14:18:55,870 DEBUG BaseGeneralDataRegion:59 - Caching[foo.org.hibernate.cache.spi.UpdateTimestampsCache] : [Student] -> [5579091131883521]
14:18:55,870 DEBUG SQL:104 - 
    delete 
    from
        Enrolment 
    where
        studentId=? 
        and courseCode=?
14:18:55,870 DEBUG BaseGeneralDataRegion:59 - Caching[foo.org.hibernate.cache.spi.UpdateTimestampsCache] : [Enrolment] -> [5579091131883522]
14:18:55,871 DEBUG SQL:104 - 
    delete 
    from
        Student 
    where
        studentId=?
14:18:55,871 DEBUG BaseGeneralDataRegion:59 - Caching[foo.org.hibernate.cache.spi.UpdateTimestampsCache] : [Student] -> [5579091131887616]
14:18:55,871 DEBUG SQL:104 - 
    delete 
    from
        CourseMeeting 
    where
        courseCode=? 
        and day=? 
        and period=? 
        and location=?
14:18:55,871 DEBUG BaseGeneralDataRegion:59 - Caching[foo.org.hibernate.cache.spi.UpdateTimestampsCache] : [CourseMeeting] -> [5579091131887617]
14:18:55,871 DEBUG SQL:104 - 
    delete 
    from
        CourseMeeting 
    where
        courseCode=? 
        and day=? 
        and period=? 
        and location=?
14:18:55,871 DEBUG BaseGeneralDataRegion:59 - Caching[foo.org.hibernate.cache.spi.UpdateTimestampsCache] : [CourseMeeting] -> [5579091131887618]
14:18:55,871 DEBUG SQL:104 - 
    delete 
    from
        Course 
    where
        courseCode=?
14:18:55,872 DEBUG BaseGeneralDataRegion:59 - Caching[foo.org.hibernate.cache.spi.UpdateTimestampsCache] : [Course] -> [5579091131891712]
14:18:55,872 DEBUG BaseGeneralDataRegion:59 - Caching[foo.org.hibernate.cache.spi.UpdateTimestampsCache] : [Student] -> [5579090886131713]
14:18:55,872 DEBUG BaseGeneralDataRegion:59 - Caching[foo.org.hibernate.cache.spi.UpdateTimestampsCache] : [Course] -> [5579090886131713]
14:18:55,872 DEBUG BaseGeneralDataRegion:59 - Caching[foo.org.hibernate.cache.spi.UpdateTimestampsCache] : [Enrolment] -> [5579090886131713]
14:18:55,872 DEBUG BaseGeneralDataRegion:59 - Caching[foo.org.hibernate.cache.spi.UpdateTimestampsCache] : [Student_secretCodes] -> [5579090886131713]
14:18:55,872 DEBUG BaseGeneralDataRegion:59 - Caching[foo.org.hibernate.cache.spi.UpdateTimestampsCache] : [Address] -> [5579090886131713]
14:18:55,872 DEBUG BaseGeneralDataRegion:59 - Caching[foo.org.hibernate.cache.spi.UpdateTimestampsCache] : [CourseMeeting] -> [5579090886131713]
14:18:55,873  INFO CustomRunner:139 - Test: testJoinWithFetchJoinWithPropAndOwnerProjectedList
14:18:55,882 DEBUG SQL:104 - 
    select
        coursemeet_.courseCode,
        coursemeet_.day,
        coursemeet_.period,
        coursemeet_.location 
    from
        CourseMeeting coursemeet_ 
    where
        coursemeet_.courseCode=? 
        and coursemeet_.day=? 
        and coursemeet_.period=? 
        and coursemeet_.location=?
14:18:55,882 DEBUG SQL:104 - 
    select
        coursemeet_.courseCode,
        coursemeet_.day,
        coursemeet_.period,
        coursemeet_.location 
    from
        CourseMeeting coursemeet_ 
    where
        coursemeet_.courseCode=? 
        and coursemeet_.day=? 
        and coursemeet_.period=? 
        and coursemeet_.location=?
14:18:55,883 DEBUG SQL:104 - 
    insert 
    into
        Course
        (description, courseCode) 
    values
        (?, ?)
14:18:55,891 DEBUG BaseGeneralDataRegion:59 - Caching[foo.org.hibernate.cache.spi.UpdateTimestampsCache] : [Course] -> [5579091131969536]
14:18:55,891 DEBUG SQL:104 - 
    insert 
    into
        CourseMeeting
        (courseCode, day, period, location) 
    values
        (?, ?, ?, ?)
14:18:55,892 DEBUG BaseGeneralDataRegion:59 - Caching[foo.org.hibernate.cache.spi.UpdateTimestampsCache] : [CourseMeeting] -> [5579091131973632]
14:18:55,892 DEBUG SQL:104 - 
    insert 
    into
        CourseMeeting
        (courseCode, day, period, location) 
    values
        (?, ?, ?, ?)
14:18:55,892 DEBUG BaseGeneralDataRegion:59 - Caching[foo.org.hibernate.cache.spi.UpdateTimestampsCache] : [CourseMeeting] -> [5579091131973633]
14:18:55,892 DEBUG SQL:104 - 
    insert 
    into
        Student
        (name_first, name_middle, name_last, preferredCourseCode, studentId) 
    values
        (?, ?, ?, ?, ?)
14:18:55,892 DEBUG BaseGeneralDataRegion:59 - Caching[foo.org.hibernate.cache.spi.UpdateTimestampsCache] : [Student] -> [5579091131973634]
14:18:55,892 DEBUG SQL:104 - 
    insert 
    into
        Address
        (addressType, street, city, stateProvince, postalCode, country, studentNumber, id) 
    values
        (?, ?, ?, ?, ?, ?, ?, ?)
14:18:55,893 DEBUG BaseGeneralDataRegion:59 - Caching[foo.org.hibernate.cache.spi.UpdateTimestampsCache] : [Address] -> [5579091131977728]
14:18:55,893 DEBUG SQL:104 - 
    insert 
    into
        Address
        (addressType, street, city, stateProvince, postalCode, country, studentNumber, id) 
    values
        (?, ?, ?, ?, ?, ?, ?, ?)
14:18:55,893 DEBUG BaseGeneralDataRegion:59 - Caching[foo.org.hibernate.cache.spi.UpdateTimestampsCache] : [Address] -> [5579091131977729]
14:18:55,893 DEBUG SQL:104 - 
    insert 
    into
        Student
        (name_first, name_middle, name_last, preferredCourseCode, studentId) 
    values
        (?, ?, ?, ?, ?)
14:18:55,913 DEBUG BaseGeneralDataRegion:59 - Caching[foo.org.hibernate.cache.spi.UpdateTimestampsCache] : [Student] -> [5579091132059648]
14:18:55,913 DEBUG SQL:104 - 
    insert 
    into
        Enrolment
        (semester, "year", studentId, courseCode) 
    values
        (?, ?, ?, ?)
14:18:55,913 DEBUG BaseGeneralDataRegion:59 - Caching[foo.org.hibernate.cache.spi.UpdateTimestampsCache] : [Enrolment] -> [5579091132059649]
14:18:55,913 DEBUG SQL:104 - 
    insert 
    into
        Enrolment
        (semester, "year", studentId, courseCode) 
    values
        (?, ?, ?, ?)
14:18:55,914 DEBUG BaseGeneralDataRegion:59 - Caching[foo.org.hibernate.cache.spi.UpdateTimestampsCache] : [Enrolment] -> [5579091132063744]
14:18:55,914 DEBUG BaseGeneralDataRegion:59 - Caching[foo.org.hibernate.cache.spi.UpdateTimestampsCache] : [CourseMeeting] -> [5579091132063745]
14:18:55,914 DEBUG BaseGeneralDataRegion:59 - Caching[foo.org.hibernate.cache.spi.UpdateTimestampsCache] : [Enrolment] -> [5579091132063746]
14:18:55,914 DEBUG SQL:104 - 
    update
        Address 
    set
        studentNumber=?,
        addressType=? 
    where
        id=?
14:18:55,923 DEBUG SQL:104 - 
    update
        Address 
    set
        studentNumber=?,
        addressType=? 
    where
        id=?
14:18:55,923 DEBUG BaseGeneralDataRegion:59 - Caching[foo.org.hibernate.cache.spi.UpdateTimestampsCache] : [Address] -> [5579091132100608]
14:18:55,923 DEBUG SQL:104 - 
    insert 
    into
        Student_secretCodes
        (studentNumber, i, secretCode) 
    values
        (?, ?, ?)
14:18:55,923 DEBUG BaseGeneralDataRegion:59 - Caching[foo.org.hibernate.cache.spi.UpdateTimestampsCache] : [Student_secretCodes] -> [5579091132100609]
14:18:55,923 DEBUG BaseGeneralDataRegion:59 - Caching[foo.org.hibernate.cache.spi.UpdateTimestampsCache] : [Enrolment] -> [5579091132100610]
14:18:55,923 DEBUG BaseGeneralDataRegion:59 - Caching[foo.org.hibernate.cache.spi.UpdateTimestampsCache] : [Address] -> [5579091132100611]
14:18:55,924 DEBUG SQL:104 - 
    insert 
    into
        Student_secretCodes
        (studentNumber, i, secretCode) 
    values
        (?, ?, ?)
14:18:55,924 DEBUG SQL:104 - 
    insert 
    into
        Student_secretCodes
        (studentNumber, i, secretCode) 
    values
        (?, ?, ?)
14:18:55,934 DEBUG BaseGeneralDataRegion:59 - Caching[foo.org.hibernate.cache.spi.UpdateTimestampsCache] : [Student_secretCodes] -> [5579091132145664]
14:18:55,934 DEBUG BaseGeneralDataRegion:59 - Caching[foo.org.hibernate.cache.spi.UpdateTimestampsCache] : [Student] -> [5579090886385665]
14:18:55,935 DEBUG BaseGeneralDataRegion:59 - Caching[foo.org.hibernate.cache.spi.UpdateTimestampsCache] : [Course] -> [5579090886385665]
14:18:55,935 DEBUG BaseGeneralDataRegion:59 - Caching[foo.org.hibernate.cache.spi.UpdateTimestampsCache] : [Enrolment] -> [5579090886385665]
14:18:55,935 DEBUG BaseGeneralDataRegion:59 - Caching[foo.org.hibernate.cache.spi.UpdateTimestampsCache] : [Student_secretCodes] -> [5579090886385665]
14:18:55,935 DEBUG BaseGeneralDataRegion:59 - Caching[foo.org.hibernate.cache.spi.UpdateTimestampsCache] : [Address] -> [5579090886385665]
14:18:55,935 DEBUG BaseGeneralDataRegion:59 - Caching[foo.org.hibernate.cache.spi.UpdateTimestampsCache] : [CourseMeeting] -> [5579090886385665]
14:18:55,935 DEBUG QueryTranslatorImpl:265 - parse() - HQL: select s.name, s from org.hibernate.test.querycache.Student s left join fetch s.enrolments left join s.preferredCourse order by s.studentNumber
14:18:55,937 DEBUG QueryTranslatorImpl:283 - --- HQL AST ---
 \-[QUERY] Node: 'query'
    +-[SELECT_FROM] Node: 'SELECT_FROM'
    |  +-[FROM] Node: 'from'
    |  |  +-[RANGE] Node: 'RANGE'
    |  |  |  +-[DOT] Node: '.'
    |  |  |  |  +-[DOT] Node: '.'
    |  |  |  |  |  +-[DOT] Node: '.'
    |  |  |  |  |  |  +-[DOT] Node: '.'
    |  |  |  |  |  |  |  +-[IDENT] Node: 'org'
    |  |  |  |  |  |  |  \-[IDENT] Node: 'hibernate'
    |  |  |  |  |  |  \-[IDENT] Node: 'test'
    |  |  |  |  |  \-[IDENT] Node: 'querycache'
    |  |  |  |  \-[IDENT] Node: 'Student'
    |  |  |  \-[ALIAS] Node: 's'
    |  |  +-[JOIN] Node: 'join'
    |  |  |  +-[LEFT] Node: 'left'
    |  |  |  +-[FETCH] Node: 'fetch'
    |  |  |  \-[DOT] Node: '.'
    |  |  |     +-[IDENT] Node: 's'
    |  |  |     \-[IDENT] Node: 'enrolments'
    |  |  \-[JOIN] Node: 'join'
    |  |     +-[LEFT] Node: 'left'
    |  |     \-[DOT] Node: '.'
    |  |        +-[IDENT] Node: 's'
    |  |        \-[IDENT] Node: 'preferredCourse'
    |  \-[SELECT] Node: 'select'
    |     +-[DOT] Node: '.'
    |     |  +-[IDENT] Node: 's'
    |     |  \-[IDENT] Node: 'name'
    |     \-[IDENT] Node: 's'
    \-[ORDER] Node: 'order'
       \-[DOT] Node: '.'
          +-[IDENT] Node: 's'
          \-[IDENT] Node: 'studentNumber'

14:18:55,937 DEBUG ErrorCounter:82 - throwQueryException() : no errors
14:18:55,937 DEBUG FromElement:157 - FromClause{level=1} : org.hibernate.test.querycache.Student (s) -> student0_
14:18:55,938 DEBUG FromReferenceNode:74 - Resolved : s -> student0_.studentId
14:18:55,938 DEBUG DotNode:599 - getDataType() : enrolments -> org.hibernate.type.SetType(org.hibernate.test.querycache.Student.enrolments)
14:18:55,938 DEBUG FromElementFactory:376 - createEntityAssociation() : One to many - path = s.enrolments role = org.hibernate.test.querycache.Student.enrolments associatedEntityName = org.hibernate.test.querycache.Enrolment
14:18:55,938 DEBUG FromElement:157 - FromClause{level=1} : org.hibernate.test.querycache.Enrolment (<no alias>) -> enrolments1_
14:18:55,938 DEBUG FromClause:282 - addJoinByPathMap() : s.enrolments -> FromElement{explicit,not a collection join,not a fetch join,fetch non-lazy properties,classAlias=null,role=null,tableName=Enrolment,tableAlias=enrolments1_,origin=Student student0_,columns={student0_.studentId ,className=org.hibernate.test.querycache.Enrolment}}
14:18:55,938 DEBUG DotNode:308 - dereferenceCollection() : Created new FROM element for s.enrolments : Enrolment enrolments1_
14:18:55,938 DEBUG FromReferenceNode:74 - Resolved : s.enrolments -> .
14:18:55,938 DEBUG HqlSqlWalker:403 - createFromJoinElement() : -- join tree --
 \-[JOIN_FRAGMENT] FromElement: 'Enrolment enrolments1_' FromElement{explicit,not a collection join,fetch join,fetch non-lazy properties,classAlias=null,role=org.hibernate.test.querycache.Student.enrolments,tableName=Enrolment,tableAlias=enrolments1_,origin=Student student0_,columns={student0_.studentId ,className=org.hibernate.test.querycache.Enrolment}}

14:18:55,939 DEBUG FromReferenceNode:74 - Resolved : s -> student0_.studentId
14:18:55,939 DEBUG DotNode:599 - getDataType() : preferredCourse -> org.hibernate.type.ManyToOneType(org.hibernate.test.querycache.Course)
14:18:55,939 DEBUG DotNode:389 - dereferenceEntityJoin() : generating join for preferredCourse in org.hibernate.test.querycache.Student (<no alias>) parent = [ {null} ]
14:18:55,939 DEBUG FromElement:157 - FromClause{level=1} : org.hibernate.test.querycache.Course (<no alias>) -> course2_
14:18:55,939 DEBUG FromClause:282 - addJoinByPathMap() : s.preferredCourse -> FromElement{explicit,not a collection join,not a fetch join,fetch non-lazy properties,classAlias=null,role=null,tableName=Course,tableAlias=course2_,origin=Student student0_,columns={student0_.preferredCourseCode ,className=org.hibernate.test.querycache.Course}}
14:18:55,939 DEBUG FromReferenceNode:74 - Resolved : s.preferredCourse -> student0_.preferredCourseCode
14:18:55,939 DEBUG HqlSqlWalker:403 - createFromJoinElement() : -- join tree --
 \-[JOIN_FRAGMENT] FromElement: 'Course course2_' FromElement{explicit,not a collection join,not a fetch join,fetch non-lazy properties,classAlias=null,role=null,tableName=Course,tableAlias=course2_,origin=Student student0_,columns={student0_.preferredCourseCode ,className=org.hibernate.test.querycache.Course}}

14:18:55,940 DEBUG FromReferenceNode:74 - Resolved : s -> student0_.studentId
14:18:55,940 DEBUG DotNode:599 - getDataType() : name -> org.hibernate.type.ComponentType@3547c719
14:18:55,940 DEBUG DotNode:588 - Terminal propertyPath = [name]
14:18:55,957 DEBUG FromReferenceNode:74 - Resolved : s.name -> student0_.name_first, student0_.name_middle, student0_.name_last
14:18:55,957 DEBUG FromReferenceNode:74 - Resolved : s -> student0_.studentId
14:18:55,957 DEBUG FromReferenceNode:74 - Resolved : s -> student0_.studentId
14:18:55,957 DEBUG DotNode:599 - getDataType() : studentNumber -> org.hibernate.type.LongType@4bf3f9d
14:18:55,957 DEBUG FromReferenceNode:74 - Resolved : s.studentNumber -> student0_.studentId
14:18:55,958 DEBUG HqlSqlWalker:629 - processQuery() :  ( SELECT ( {select clause} ( student0_.name_first, student0_.name_middle, student0_.name_last student0_.studentId name ) student0_.studentId ) ( FromClause{level=1} ( Student student0_ Enrolment enrolments1_ Course course2_ ) ) ( order ( student0_.studentId student0_.studentId studentNumber ) ) )
14:18:55,958 DEBUG JoinProcessor:175 - Using FROM fragment [Student student0_]
14:18:55,958 DEBUG JoinProcessor:175 - Using FROM fragment [left outer join Enrolment enrolments1_ on student0_.studentId=enrolments1_.studentId]
14:18:55,958 DEBUG JoinProcessor:175 - Using FROM fragment [left outer join Course course2_ on student0_.preferredCourseCode=course2_.courseCode]
14:18:55,959 DEBUG QueryTranslatorImpl:252 - --- SQL AST ---
 \-[SELECT] QueryNode: 'SELECT'  querySpaces (Student,Course,Enrolment)
    +-[SELECT_CLAUSE] SelectClause: '{select clause}'
    |  +-[DOT] DotNode: 'student0_.name_first' {propertyName=name,dereferenceType=2,propertyPath=name,path=s.name,tableAlias=student0_,className=org.hibernate.test.querycache.Student,classAlias=s}
    |  |  +-[ALIAS_REF] IdentNode: 'student0_.studentId' {alias=s, className=org.hibernate.test.querycache.Student, tableAlias=student0_}
    |  |  \-[IDENT] IdentNode: 'name' {originalText=name}
    |  +-[SELECT_COLUMNS] SqlNode: ' as col_0_0_'
    |  +-[SQL_TOKEN] SqlFragment: 'student0_.name_middle'
    |  +-[SELECT_COLUMNS] SqlNode: ' as col_0_1_'
    |  +-[SQL_TOKEN] SqlFragment: 'student0_.name_last'
    |  +-[SELECT_COLUMNS] SqlNode: ' as col_0_2_'
    |  +-[ALIAS_REF] IdentNode: 'student0_.studentId as col_1_0_' {alias=s, className=org.hibernate.test.querycache.Student, tableAlias=student0_}
    |  +-[SELECT_EXPR] SelectExpressionImpl: 'enrolments1_.studentId as studentId3_1_, enrolments1_.courseCode as courseCode3_1_' {FromElement{explicit,not a collection join,fetch join,fetch non-lazy properties,classAlias=null,role=org.hibernate.test.querycache.Student.enrolments,tableName=Enrolment,tableAlias=enrolments1_,origin=Student student0_,columns={student0_.studentId ,className=org.hibernate.test.querycache.Enrolment}}}
    |  +-[SQL_TOKEN] SqlFragment: 'student0_.studentId as studentId4_0_'
    |  +-[SQL_TOKEN] SqlFragment: 'enrolments1_.studentId as studentId3_1_, enrolments1_.courseCode as courseCode3_1_'
    |  +-[SQL_TOKEN] SqlFragment: 'student0_.name_first as name2_4_0_, student0_.name_middle as name3_4_0_, student0_.name_last as name4_4_0_, student0_.preferredCourseCode as preferre5_4_0_'
    |  +-[SQL_TOKEN] SqlFragment: 'enrolments1_.semester as semester3_1_, enrolments1_."year" as year4_3_1_'
    |  \-[SQL_TOKEN] SqlFragment: 'enrolments1_.studentId as studentId4_0__, enrolments1_.studentId as studentId3_0__, enrolments1_.courseCode as courseCode3_0__'
    +-[FROM] FromClause: 'from' FromClause{level=1, fromElementCounter=3, fromElements=3, fromElementByClassAlias=[s], fromElementByTableAlias=[student0_, course2_, enrolments1_], fromElementsByPath=[s.enrolments, s.preferredCourse], collectionJoinFromElementsByPath=[], impliedElements=[]}
    |  \-[FROM_FRAGMENT] FromElement: 'Student student0_' FromElement{explicit,not a collection join,not a fetch join,fetch non-lazy properties,classAlias=s,role=null,tableName=Student,tableAlias=student0_,origin=null,columns={,className=org.hibernate.test.querycache.Student}}
    |     +-[JOIN_FRAGMENT] FromElement: 'left outer join Enrolment enrolments1_ on student0_.studentId=enrolments1_.studentId' FromElement{explicit,not a collection join,fetch join,fetch non-lazy properties,classAlias=null,role=org.hibernate.test.querycache.Student.enrolments,tableName=Enrolment,tableAlias=enrolments1_,origin=Student student0_,columns={student0_.studentId ,className=org.hibernate.test.querycache.Enrolment}}
    |     \-[JOIN_FRAGMENT] FromElement: 'left outer join Course course2_ on student0_.preferredCourseCode=course2_.courseCode' FromElement{explicit,not a collection join,not a fetch join,fetch non-lazy properties,classAlias=null,role=null,tableName=Course,tableAlias=course2_,origin=Student student0_,columns={student0_.preferredCourseCode ,className=org.hibernate.test.querycache.Course}}
    \-[ORDER] OrderByClause: 'order'
       \-[DOT] DotNode: 'student0_.studentId' {propertyName=studentNumber,dereferenceType=ALL,propertyPath=studentNumber,path=s.studentNumber,tableAlias=student0_,className=org.hibernate.test.querycache.Student,classAlias=s}
          +-[ALIAS_REF] IdentNode: 'student0_.studentId' {alias=s, className=org.hibernate.test.querycache.Student, tableAlias=student0_}
          \-[IDENT] IdentNode: 'studentNumber' {originalText=studentNumber}

14:18:55,967 DEBUG ErrorCounter:82 - throwQueryException() : no errors
14:18:55,967 DEBUG QueryTranslatorImpl:235 - HQL: select s.name, s from org.hibernate.test.querycache.Student s left join fetch s.enrolments left join s.preferredCourse order by s.studentNumber
14:18:55,967 DEBUG QueryTranslatorImpl:236 - SQL: select student0_.name_first as col_0_0_, student0_.name_middle as col_0_1_, student0_.name_last as col_0_2_, student0_.studentId as col_1_0_, enrolments1_.studentId as studentId3_1_, enrolments1_.courseCode as courseCode3_1_, student0_.studentId as studentId4_0_, enrolments1_.studentId as studentId3_1_, enrolments1_.courseCode as courseCode3_1_, student0_.name_first as name2_4_0_, student0_.name_middle as name3_4_0_, student0_.name_last as name4_4_0_, student0_.preferredCourseCode as preferre5_4_0_, enrolments1_.semester as semester3_1_, enrolments1_."year" as year4_3_1_, enrolments1_.studentId as studentId4_0__, enrolments1_.studentId as studentId3_0__, enrolments1_.courseCode as courseCode3_0__ from Student student0_ left outer join Enrolment enrolments1_ on student0_.studentId=enrolments1_.studentId left outer join Course course2_ on student0_.preferredCourseCode=course2_.courseCode order by student0_.studentId
14:18:55,967 DEBUG ErrorCounter:82 - throwQueryException() : no errors
14:18:55,967 DEBUG SQL:104 - 
    select
        student0_.name_first as col_0_0_,
        student0_.name_middle as col_0_1_,
        student0_.name_last as col_0_2_,
        student0_.studentId as col_1_0_,
        enrolments1_.studentId as studentId3_1_,
        enrolments1_.courseCode as courseCode3_1_,
        student0_.studentId as studentId4_0_,
        enrolments1_.studentId as studentId3_1_,
        enrolments1_.courseCode as courseCode3_1_,
        student0_.name_first as name2_4_0_,
        student0_.name_middle as name3_4_0_,
        student0_.name_last as name4_4_0_,
        student0_.preferredCourseCode as preferre5_4_0_,
        enrolments1_.semester as semester3_1_,
        enrolments1_."year" as year4_3_1_,
        enrolments1_.studentId as studentId4_0__,
        enrolments1_.studentId as studentId3_0__,
        enrolments1_.courseCode as courseCode3_0__ 
    from
        Student student0_ 
    left outer join
        Enrolment enrolments1_ 
            on student0_.studentId=enrolments1_.studentId 
    left outer join
        Course course2_ 
            on student0_.preferredCourseCode=course2_.courseCode 
    order by
        student0_.studentId
14:18:55,978 DEBUG SQL:104 - 
    select
        course0_.courseCode as courseCode1_0_,
        course0_.description as descript2_1_0_ 
    from
        Course course0_ 
    where
        course0_.courseCode=?
14:18:55,979 DEBUG SQL:104 - 
    select
        secretcode0_.studentNumber as studentN1_4_0_,
        secretcode0_.secretCode as secretCode5_0_,
        secretcode0_.i as i0_ 
    from
        Student_secretCodes secretcode0_ 
    where
        secretcode0_.studentNumber=?
14:18:55,979 DEBUG SQL:104 - 
    select
        coursemeet0_.courseCode as courseCode1_1_,
        coursemeet0_.courseCode as courseCode2_1_,
        coursemeet0_.day as day2_1_,
        coursemeet0_.period as period2_1_,
        coursemeet0_.location as location2_1_,
        coursemeet0_.courseCode as courseCode2_0_,
        coursemeet0_.day as day2_0_,
        coursemeet0_.period as period2_0_,
        coursemeet0_.location as location2_0_ 
    from
        CourseMeeting coursemeet0_ 
    where
        coursemeet0_.courseCode=?
14:18:55,989 DEBUG SQL:104 - 
    select
        secretcode0_.studentNumber as studentN1_4_0_,
        secretcode0_.secretCode as secretCode5_0_,
        secretcode0_.i as i0_ 
    from
        Student_secretCodes secretcode0_ 
    where
        secretcode0_.studentNumber=?
14:18:55,989 DEBUG BaseGeneralDataRegion:59 - Caching[foo.org.hibernate.cache.internal.StandardQueryCache] : [sql: select student0_.name_first as col_0_0_, student0_.name_middle as col_0_1_, student0_.name_last as col_0_2_, student0_.studentId as col_1_0_, enrolments1_.studentId as studentId3_1_, enrolments1_.courseCode as courseCode3_1_, student0_.studentId as studentId4_0_, enrolments1_.studentId as studentId3_1_, enrolments1_.courseCode as courseCode3_1_, student0_.name_first as name2_4_0_, student0_.name_middle as name3_4_0_, student0_.name_last as name4_4_0_, student0_.preferredCourseCode as preferre5_4_0_, enrolments1_.semester as semester3_1_, enrolments1_."year" as year4_3_1_, enrolments1_.studentId as studentId4_0__, enrolments1_.studentId as studentId3_0__, enrolments1_.courseCode as courseCode3_0__ from Student student0_ left outer join Enrolment enrolments1_ on student0_.studentId=enrolments1_.studentId left outer join Course course2_ on student0_.preferredCourseCode=course2_.courseCode order by student0_.studentId; parameters: ; named parameters: {}; transformer: org.hibernate.transform.CacheableResultTransformer@1406bf] -> [[5579090886610944, [Ljava.io.Serializable;@5e77b6dd, [Ljava.io.Serializable;@586979f]]
14:18:55,990 DEBUG SQL:104 - 
    select
        student0_.name_first as col_0_0_,
        student0_.name_middle as col_0_1_,
        student0_.name_last as col_0_2_,
        student0_.studentId as col_1_0_,
        enrolments1_.studentId as studentId3_1_,
        enrolments1_.courseCode as courseCode3_1_,
        student0_.studentId as studentId4_0_,
        enrolments1_.studentId as studentId3_1_,
        enrolments1_.courseCode as courseCode3_1_,
        student0_.name_first as name2_4_0_,
        student0_.name_middle as name3_4_0_,
        student0_.name_last as name4_4_0_,
        student0_.preferredCourseCode as preferre5_4_0_,
        enrolments1_.semester as semester3_1_,
        enrolments1_."year" as year4_3_1_,
        enrolments1_.studentId as studentId4_0__,
        enrolments1_.studentId as studentId3_0__,
        enrolments1_.courseCode as courseCode3_0__ 
    from
        Student student0_ 
    left outer join
        Enrolment enrolments1_ 
            on student0_.studentId=enrolments1_.studentId 
    left outer join
        Course course2_ 
            on student0_.preferredCourseCode=course2_.courseCode 
    order by
        student0_.studentId
14:18:55,999 DEBUG SQL:104 - 
    select
        course0_.courseCode as courseCode1_0_,
        course0_.description as descript2_1_0_ 
    from
        Course course0_ 
    where
        course0_.courseCode=?
14:18:56,000 DEBUG SQL:104 - 
    select
        secretcode0_.studentNumber as studentN1_4_0_,
        secretcode0_.secretCode as secretCode5_0_,
        secretcode0_.i as i0_ 
    from
        Student_secretCodes secretcode0_ 
    where
        secretcode0_.studentNumber=?
14:18:56,000 DEBUG SQL:104 - 
    select
        coursemeet0_.courseCode as courseCode1_1_,
        coursemeet0_.courseCode as courseCode2_1_,
        coursemeet0_.day as day2_1_,
        coursemeet0_.period as period2_1_,
        coursemeet0_.location as location2_1_,
        coursemeet0_.courseCode as courseCode2_0_,
        coursemeet0_.day as day2_0_,
        coursemeet0_.period as period2_0_,
        coursemeet0_.location as location2_0_ 
    from
        CourseMeeting coursemeet0_ 
    where
        coursemeet0_.courseCode=?
14:18:56,000 DEBUG SQL:104 - 
    select
        secretcode0_.studentNumber as studentN1_4_0_,
        secretcode0_.secretCode as secretCode5_0_,
        secretcode0_.i as i0_ 
    from
        Student_secretCodes secretcode0_ 
    where
        secretcode0_.studentNumber=?
14:18:56,011 DEBUG BaseGeneralDataRegion:59 - Caching[foo.org.hibernate.cache.internal.StandardQueryCache] : [sql: select student0_.name_first as col_0_0_, student0_.name_middle as col_0_1_, student0_.name_last as col_0_2_, student0_.studentId as col_1_0_, enrolments1_.studentId as studentId3_1_, enrolments1_.courseCode as courseCode3_1_, student0_.studentId as studentId4_0_, enrolments1_.studentId as studentId3_1_, enrolments1_.courseCode as courseCode3_1_, student0_.name_first as name2_4_0_, student0_.name_middle as name3_4_0_, student0_.name_last as name4_4_0_, student0_.preferredCourseCode as preferre5_4_0_, enrolments1_.semester as semester3_1_, enrolments1_."year" as year4_3_1_, enrolments1_.studentId as studentId4_0__, enrolments1_.studentId as studentId3_0__, enrolments1_.courseCode as courseCode3_0__ from Student student0_ left outer join Enrolment enrolments1_ on student0_.studentId=enrolments1_.studentId left outer join Course course2_ on student0_.preferredCourseCode=course2_.courseCode order by student0_.studentId; parameters: ; named parameters: {}; transformer: org.hibernate.transform.CacheableResultTransformer@1406bf] -> [[5579090886701056, [Ljava.io.Serializable;@6776d690, [Ljava.io.Serializable;@2b00bd01]]
14:18:56,011 DEBUG SQL:104 - 
    select
        student_.studentId,
        student_.name_first as name2_4_,
        student_.name_middle as name3_4_,
        student_.name_last as name4_4_,
        student_.preferredCourseCode as preferre5_4_ 
    from
        Student student_ 
    where
        student_.studentId=?
14:18:56,012 DEBUG SQL:104 - 
    select
        enrolment_.studentId,
        enrolment_.courseCode,
        enrolment_.semester as semester3_,
        enrolment_."year" as year4_3_ 
    from
        Enrolment enrolment_ 
    where
        enrolment_.studentId=? 
        and enrolment_.courseCode=?
14:18:56,012 DEBUG SQL:104 - 
    select
        course_.courseCode,
        course_.description as descript2_1_ 
    from
        Course course_ 
    where
        course_.courseCode=?
14:18:56,021 DEBUG SQL:104 - 
    select
        student_.studentId,
        student_.name_first as name2_4_,
        student_.name_middle as name3_4_,
        student_.name_last as name4_4_,
        student_.preferredCourseCode as preferre5_4_ 
    from
        Student student_ 
    where
        student_.studentId=?
14:18:56,021 DEBUG SQL:104 - 
    select
        enrolment_.studentId,
        enrolment_.courseCode,
        enrolment_.semester as semester3_,
        enrolment_."year" as year4_3_ 
    from
        Enrolment enrolment_ 
    where
        enrolment_.studentId=? 
        and enrolment_.courseCode=?
14:18:56,022 DEBUG SQL:104 - 
    select
        coursemeet_.courseCode,
        coursemeet_.day,
        coursemeet_.period,
        coursemeet_.location 
    from
        CourseMeeting coursemeet_ 
    where
        coursemeet_.courseCode=? 
        and coursemeet_.day=? 
        and coursemeet_.period=? 
        and coursemeet_.location=?
14:18:56,022 DEBUG SQL:104 - 
    select
        coursemeet_.courseCode,
        coursemeet_.day,
        coursemeet_.period,
        coursemeet_.location 
    from
        CourseMeeting coursemeet_ 
    where
        coursemeet_.courseCode=? 
        and coursemeet_.day=? 
        and coursemeet_.period=? 
        and coursemeet_.location=?
14:18:56,045 DEBUG BaseGeneralDataRegion:59 - Caching[foo.org.hibernate.cache.spi.UpdateTimestampsCache] : [Enrolment] -> [5579091132600320]
14:18:56,045 DEBUG SQL:104 - 
    update
        Address 
    set
        studentNumber=null,
        addressType=null 
    where
        studentNumber=?
14:18:56,045 DEBUG BaseGeneralDataRegion:59 - Caching[foo.org.hibernate.cache.spi.UpdateTimestampsCache] : [Address] -> [5579091132600321]
14:18:56,045 DEBUG SQL:104 - 
    delete 
    from
        Student_secretCodes 
    where
        studentNumber=?
14:18:56,055 DEBUG BaseGeneralDataRegion:59 - Caching[foo.org.hibernate.cache.spi.UpdateTimestampsCache] : [Student_secretCodes] -> [5579091132641280]
14:18:56,055 DEBUG BaseGeneralDataRegion:59 - Caching[foo.org.hibernate.cache.spi.UpdateTimestampsCache] : [Enrolment] -> [5579091132641281]
14:18:56,055 DEBUG BaseGeneralDataRegion:59 - Caching[foo.org.hibernate.cache.spi.UpdateTimestampsCache] : [Address] -> [5579091132641282]
14:18:56,055 DEBUG SQL:104 - 
    delete 
    from
        Student_secretCodes 
    where
        studentNumber=?
14:18:56,055 DEBUG BaseGeneralDataRegion:59 - Caching[foo.org.hibernate.cache.spi.UpdateTimestampsCache] : [Student_secretCodes] -> [5579091132641283]
14:18:56,055 DEBUG BaseGeneralDataRegion:59 - Caching[foo.org.hibernate.cache.spi.UpdateTimestampsCache] : [CourseMeeting] -> [5579091132641284]
14:18:56,056 DEBUG SQL:104 - 
    delete 
    from
        Enrolment 
    where
        studentId=? 
        and courseCode=?
14:18:56,056 DEBUG BaseGeneralDataRegion:59 - Caching[foo.org.hibernate.cache.spi.UpdateTimestampsCache] : [Enrolment] -> [5579091132645376]
14:18:56,056 DEBUG SQL:104 - 
    delete 
    from
        Address 
    where
        id=?
14:18:56,056 DEBUG BaseGeneralDataRegion:59 - Caching[foo.org.hibernate.cache.spi.UpdateTimestampsCache] : [Address] -> [5579091132645377]
14:18:56,056 DEBUG SQL:104 - 
    delete 
    from
        Address 
    where
        id=?
14:18:56,064 DEBUG BaseGeneralDataRegion:59 - Caching[foo.org.hibernate.cache.spi.UpdateTimestampsCache] : [Address] -> [5579091132678144]
14:18:56,064 DEBUG SQL:104 - 
    delete 
    from
        Student 
    where
        studentId=?
14:18:56,064 DEBUG BaseGeneralDataRegion:59 - Caching[foo.org.hibernate.cache.spi.UpdateTimestampsCache] : [Student] -> [5579091132678145]
14:18:56,064 DEBUG SQL:104 - 
    delete 
    from
        Enrolment 
    where
        studentId=? 
        and courseCode=?
14:18:56,064 DEBUG BaseGeneralDataRegion:59 - Caching[foo.org.hibernate.cache.spi.UpdateTimestampsCache] : [Enrolment] -> [5579091132678146]
14:18:56,065 DEBUG SQL:104 - 
    delete 
    from
        Student 
    where
        studentId=?
14:18:56,065 DEBUG BaseGeneralDataRegion:59 - Caching[foo.org.hibernate.cache.spi.UpdateTimestampsCache] : [Student] -> [5579091132682240]
14:18:56,067 DEBUG SQL:104 - 
    delete 
    from
        CourseMeeting 
    where
        courseCode=? 
        and day=? 
        and period=? 
        and location=?
14:18:56,075 DEBUG BaseGeneralDataRegion:59 - Caching[foo.org.hibernate.cache.spi.UpdateTimestampsCache] : [CourseMeeting] -> [5579091132723200]
14:18:56,075 DEBUG SQL:104 - 
    delete 
    from
        CourseMeeting 
    where
        courseCode=? 
        and day=? 
        and period=? 
        and location=?
14:18:56,075 DEBUG BaseGeneralDataRegion:59 - Caching[foo.org.hibernate.cache.spi.UpdateTimestampsCache] : [CourseMeeting] -> [5579091132723201]
14:18:56,076 DEBUG SQL:104 - 
    delete 
    from
        Course 
    where
        courseCode=?
14:18:56,076 DEBUG BaseGeneralDataRegion:59 - Caching[foo.org.hibernate.cache.spi.UpdateTimestampsCache] : [Course] -> [5579091132727296]
14:18:56,076 DEBUG BaseGeneralDataRegion:59 - Caching[foo.org.hibernate.cache.spi.UpdateTimestampsCache] : [Student] -> [5579090886967297]
14:18:56,076 DEBUG BaseGeneralDataRegion:59 - Caching[foo.org.hibernate.cache.spi.UpdateTimestampsCache] : [Course] -> [5579090886967297]
14:18:56,076 DEBUG BaseGeneralDataRegion:59 - Caching[foo.org.hibernate.cache.spi.UpdateTimestampsCache] : [Enrolment] -> [5579090886967297]
14:18:56,076 DEBUG BaseGeneralDataRegion:59 - Caching[foo.org.hibernate.cache.spi.UpdateTimestampsCache] : [Student_secretCodes] -> [5579090886967297]
14:18:56,076 DEBUG BaseGeneralDataRegion:59 - Caching[foo.org.hibernate.cache.spi.UpdateTimestampsCache] : [Address] -> [5579090886967297]
14:18:56,076 DEBUG BaseGeneralDataRegion:59 - Caching[foo.org.hibernate.cache.spi.UpdateTimestampsCache] : [CourseMeeting] -> [5579090886967297]
14:18:56,086  INFO CustomRunner:139 - Test: testListElementsProjectionList
14:18:56,087 DEBUG SQL:104 - 
    select
        coursemeet_.courseCode,
        coursemeet_.day,
        coursemeet_.period,
        coursemeet_.location 
    from
        CourseMeeting coursemeet_ 
    where
        coursemeet_.courseCode=? 
        and coursemeet_.day=? 
        and coursemeet_.period=? 
        and coursemeet_.location=?
14:18:56,087 DEBUG SQL:104 - 
    select
        coursemeet_.courseCode,
        coursemeet_.day,
        coursemeet_.period,
        coursemeet_.location 
    from
        CourseMeeting coursemeet_ 
    where
        coursemeet_.courseCode=? 
        and coursemeet_.day=? 
        and coursemeet_.period=? 
        and coursemeet_.location=?
14:18:56,088 DEBUG SQL:104 - 
    insert 
    into
        Course
        (description, courseCode) 
    values
        (?, ?)
14:18:56,099 DEBUG BaseGeneralDataRegion:59 - Caching[foo.org.hibernate.cache.spi.UpdateTimestampsCache] : [Course] -> [5579091132821504]
14:18:56,099 DEBUG SQL:104 - 
    insert 
    into
        CourseMeeting
        (courseCode, day, period, location) 
    values
        (?, ?, ?, ?)
14:18:56,100 DEBUG BaseGeneralDataRegion:59 - Caching[foo.org.hibernate.cache.spi.UpdateTimestampsCache] : [CourseMeeting] -> [5579091132825600]
14:18:56,100 DEBUG SQL:104 - 
    insert 
    into
        CourseMeeting
        (courseCode, day, period, location) 
    values
        (?, ?, ?, ?)
14:18:56,100 DEBUG BaseGeneralDataRegion:59 - Caching[foo.org.hibernate.cache.spi.UpdateTimestampsCache] : [CourseMeeting] -> [5579091132825601]
14:18:56,100 DEBUG SQL:104 - 
    insert 
    into
        Student
        (name_first, name_middle, name_last, preferredCourseCode, studentId) 
    values
        (?, ?, ?, ?, ?)
14:18:56,145 DEBUG BaseGeneralDataRegion:59 - Caching[foo.org.hibernate.cache.spi.UpdateTimestampsCache] : [Student] -> [5579091133009920]
14:18:56,146 DEBUG SQL:104 - 
    insert 
    into
        Address
        (addressType, street, city, stateProvince, postalCode, country, studentNumber, id) 
    values
        (?, ?, ?, ?, ?, ?, ?, ?)
14:18:56,146 DEBUG BaseGeneralDataRegion:59 - Caching[foo.org.hibernate.cache.spi.UpdateTimestampsCache] : [Address] -> [5579091133014016]
14:18:56,146 DEBUG SQL:104 - 
    insert 
    into
        Address
        (addressType, street, city, stateProvince, postalCode, country, studentNumber, id) 
    values
        (?, ?, ?, ?, ?, ?, ?, ?)
14:18:56,146 DEBUG BaseGeneralDataRegion:59 - Caching[foo.org.hibernate.cache.spi.UpdateTimestampsCache] : [Address] -> [5579091133014017]
14:18:56,146 DEBUG SQL:104 - 
    insert 
    into
        Student
        (name_first, name_middle, name_last, preferredCourseCode, studentId) 
    values
        (?, ?, ?, ?, ?)
14:18:56,147 DEBUG BaseGeneralDataRegion:59 - Caching[foo.org.hibernate.cache.spi.UpdateTimestampsCache] : [Student] -> [5579091133018112]
14:18:56,147 DEBUG SQL:104 - 
    insert 
    into
        Enrolment
        (semester, "year", studentId, courseCode) 
    values
        (?, ?, ?, ?)
14:18:56,147 DEBUG BaseGeneralDataRegion:59 - Caching[foo.org.hibernate.cache.spi.UpdateTimestampsCache] : [Enrolment] -> [5579091133018113]
14:18:56,147 DEBUG SQL:104 - 
    insert 
    into
        Enrolment
        (semester, "year", studentId, courseCode) 
    values
        (?, ?, ?, ?)
14:18:56,147 DEBUG BaseGeneralDataRegion:59 - Caching[foo.org.hibernate.cache.spi.UpdateTimestampsCache] : [Enrolment] -> [5579091133018114]
14:18:56,147 DEBUG BaseGeneralDataRegion:59 - Caching[foo.org.hibernate.cache.spi.UpdateTimestampsCache] : [CourseMeeting] -> [5579091133018115]
14:18:56,147 DEBUG BaseGeneralDataRegion:59 - Caching[foo.org.hibernate.cache.spi.UpdateTimestampsCache] : [Enrolment] -> [5579091133018116]
14:18:56,148 DEBUG SQL:104 - 
    update
        Address 
    set
        studentNumber=?,
        addressType=? 
    where
        id=?
14:18:56,148 DEBUG SQL:104 - 
    update
        Address 
    set
        studentNumber=?,
        addressType=? 
    where
        id=?
14:18:56,148 DEBUG BaseGeneralDataRegion:59 - Caching[foo.org.hibernate.cache.spi.UpdateTimestampsCache] : [Address] -> [5579091133022208]
14:18:56,148 DEBUG SQL:104 - 
    insert 
    into
        Student_secretCodes
        (studentNumber, i, secretCode) 
    values
        (?, ?, ?)
14:18:56,148 DEBUG BaseGeneralDataRegion:59 - Caching[foo.org.hibernate.cache.spi.UpdateTimestampsCache] : [Student_secretCodes] -> [5579091133022209]
14:18:56,148 DEBUG BaseGeneralDataRegion:59 - Caching[foo.org.hibernate.cache.spi.UpdateTimestampsCache] : [Enrolment] -> [5579091133022210]
14:18:56,148 DEBUG BaseGeneralDataRegion:59 - Caching[foo.org.hibernate.cache.spi.UpdateTimestampsCache] : [Address] -> [5579091133022211]
14:18:56,149 DEBUG SQL:104 - 
    insert 
    into
        Student_secretCodes
        (studentNumber, i, secretCode) 
    values
        (?, ?, ?)
14:18:56,149 DEBUG SQL:104 - 
    insert 
    into
        Student_secretCodes
        (studentNumber, i, secretCode) 
    values
        (?, ?, ?)
14:18:56,149 DEBUG BaseGeneralDataRegion:59 - Caching[foo.org.hibernate.cache.spi.UpdateTimestampsCache] : [Student_secretCodes] -> [5579091133026304]
14:18:56,149 DEBUG BaseGeneralDataRegion:59 - Caching[foo.org.hibernate.cache.spi.UpdateTimestampsCache] : [Student] -> [5579090887266305]
14:18:56,149 DEBUG BaseGeneralDataRegion:59 - Caching[foo.org.hibernate.cache.spi.UpdateTimestampsCache] : [Course] -> [5579090887266305]
14:18:56,149 DEBUG BaseGeneralDataRegion:59 - Caching[foo.org.hibernate.cache.spi.UpdateTimestampsCache] : [Enrolment] -> [5579090887266305]
14:18:56,149 DEBUG BaseGeneralDataRegion:59 - Caching[foo.org.hibernate.cache.spi.UpdateTimestampsCache] : [Student_secretCodes] -> [5579090887266305]
14:18:56,149 DEBUG BaseGeneralDataRegion:59 - Caching[foo.org.hibernate.cache.spi.UpdateTimestampsCache] : [Address] -> [5579090887266305]
14:18:56,150 DEBUG BaseGeneralDataRegion:59 - Caching[foo.org.hibernate.cache.spi.UpdateTimestampsCache] : [CourseMeeting] -> [5579090887266305]
14:18:56,150 DEBUG QueryTranslatorImpl:265 - parse() - HQL: select elements(s.secretCodes) from org.hibernate.test.querycache.Student s
14:18:56,151 DEBUG QueryTranslatorImpl:283 - --- HQL AST ---
 \-[QUERY] Node: 'query'
    \-[SELECT_FROM] Node: 'SELECT_FROM'
       +-[FROM] Node: 'from'
       |  \-[RANGE] Node: 'RANGE'
       |     +-[DOT] Node: '.'
       |     |  +-[DOT] Node: '.'
       |     |  |  +-[DOT] Node: '.'
       |     |  |  |  +-[DOT] Node: '.'
       |     |  |  |  |  +-[IDENT] Node: 'org'
       |     |  |  |  |  \-[IDENT] Node: 'hibernate'
       |     |  |  |  \-[IDENT] Node: 'test'
       |     |  |  \-[IDENT] Node: 'querycache'
       |     |  \-[IDENT] Node: 'Student'
       |     \-[ALIAS] Node: 's'
       \-[SELECT] Node: 'select'
          \-[ELEMENTS] Node: 'elements'
             \-[DOT] Node: '.'
                +-[IDENT] Node: 's'
                \-[IDENT] Node: 'secretCodes'

14:18:56,151 DEBUG ErrorCounter:82 - throwQueryException() : no errors
14:18:56,151 DEBUG FromElement:157 - FromClause{level=1} : org.hibernate.test.querycache.Student (s) -> student0_
14:18:56,151 DEBUG FromReferenceNode:74 - Resolved : s -> student0_.studentId
14:18:56,152 DEBUG DotNode:599 - getDataType() : secretCodes -> org.hibernate.type.ListType(org.hibernate.test.querycache.Student.secretCodes)
14:18:56,152 DEBUG FromElement:157 - FromClause{level=1} : null (<no alias>) -> secretcode1_
14:18:56,152 DEBUG FromClause:369 - addCollectionJoinFromElementByPath() : s.secretCodes -> Student_secretCodes
14:18:56,152 DEBUG DotNode:308 - dereferenceCollection() : Created new FROM element for s.secretCodes : Student_secretCodes secretcode1_
14:18:56,158 DEBUG MethodNode:207 - Creating elements for s.secretCodes[].elements
14:18:56,158 DEBUG HqlSqlWalker:629 - processQuery() :  ( SELECT ( {select clause} ( secretcode1_.secretCode ( . student0_.studentId secretCodes ) ) ) ( FromClause{level=1} (  Student_secretCodes secretcode1_ ) ) )
14:18:56,158 DEBUG JoinProcessor:175 - Using FROM fragment [Student student0_]
14:18:56,158 DEBUG SyntheticAndFactory:92 - Using unprocessed WHERE-fragment [student0_.studentId=secretcode1_.studentNumber]
14:18:56,158 DEBUG SyntheticAndFactory:124 - Using processed WHERE-fragment [student0_.studentId=secretcode1_.studentNumber]
14:18:56,158 DEBUG QueryNode:73 - getWhereClause() : Creating a new WHERE clause...
14:18:56,159 DEBUG QueryTranslatorImpl:252 - --- SQL AST ---
 \-[SELECT] QueryNode: 'SELECT'  querySpaces (Student,Student_secretCodes)
    +-[SELECT_CLAUSE] SelectClause: '{select clause}'
    |  +-[SQL_TOKEN] CollectionFunction: 'secretcode1_.secretCode' {method=elements,selectColumns=[secretcode1_.secretCode],fromElement=secretcode1_}
    |  |  \-[DOT] DotNode: '.' {propertyName=secretCodes,dereferenceType=NULL_TREE_LOOKAHEAD,propertyPath=secretCodes,path=s.secretCodes,tableAlias=secretcode1_,className=null,classAlias=null}
    |  |     +-[ALIAS_REF] IdentNode: 'student0_.studentId' {alias=s, className=org.hibernate.test.querycache.Student, tableAlias=student0_}
    |  |     \-[IDENT] IdentNode: 'secretCodes' {originalText=secretCodes}
    |  \-[SELECT_COLUMNS] SqlNode: ' as col_0_0_'
    +-[FROM] FromClause: 'from' FromClause{level=1, fromElementCounter=1, fromElements=2, fromElementByClassAlias=[s], fromElementByTableAlias=[student0_, secretcode1_], fromElementsByPath=[], collectionJoinFromElementsByPath=[s.secretCodes], impliedElements=[]}
    |  \-[FROM_FRAGMENT] FromElement: 'Student student0_' FromElement{explicit,collection join,not a fetch join,fetch non-lazy properties,classAlias=s,role=null,tableName=Student,tableAlias=student0_,origin=null,columns={,className=org.hibernate.test.querycache.Student}}
    |     \-[FROM_FRAGMENT] ImpliedFromElement: 'Student_secretCodes secretcode1_' ImpliedFromElement{implied,collection join,not a fetch join,fetch non-lazy properties,classAlias=null,role=org.hibernate.test.querycache.Student.secretCodes,tableName={none},tableAlias=secretcode1_,origin=Student student0_,columns={,className=null}}
    \-[WHERE] SqlNode: 'WHERE'
       \-[THETA_JOINS] SqlNode: '{theta joins}'
          \-[SQL_TOKEN] SqlFragment: 'student0_.studentId=secretcode1_.studentNumber'

14:18:56,159 DEBUG ErrorCounter:82 - throwQueryException() : no errors
14:18:56,159 DEBUG QueryTranslatorImpl:235 - HQL: select elements(s.secretCodes) from org.hibernate.test.querycache.Student s
14:18:56,159 DEBUG QueryTranslatorImpl:236 - SQL: select secretcode1_.secretCode as col_0_0_ from Student student0_, Student_secretCodes secretcode1_ where student0_.studentId=secretcode1_.studentNumber
14:18:56,159 DEBUG ErrorCounter:82 - throwQueryException() : no errors
14:18:56,159 DEBUG SQL:104 - 
    select
        secretcode1_.secretCode as col_0_0_ 
    from
        Student student0_,
        Student_secretCodes secretcode1_ 
    where
        student0_.studentId=secretcode1_.studentNumber
14:18:56,160 DEBUG BaseGeneralDataRegion:59 - Caching[foo.org.hibernate.cache.internal.StandardQueryCache] : [sql: select secretcode1_.secretCode as col_0_0_ from Student student0_, Student_secretCodes secretcode1_ where student0_.studentId=secretcode1_.studentNumber; parameters: ; named parameters: {}; transformer: org.hibernate.transform.CacheableResultTransformer@110f2] -> [[5579090887311360, 0, 1, 2]]
14:18:56,160 DEBUG SQL:104 - 
    select
        secretcode1_.secretCode as col_0_0_ 
    from
        Student student0_,
        Student_secretCodes secretcode1_ 
    where
        student0_.studentId=secretcode1_.studentNumber
14:18:56,161 DEBUG BaseGeneralDataRegion:59 - Caching[foo.org.hibernate.cache.internal.StandardQueryCache] : [sql: select secretcode1_.secretCode as col_0_0_ from Student student0_, Student_secretCodes secretcode1_ where student0_.studentId=secretcode1_.studentNumber; parameters: ; named parameters: {}; transformer: org.hibernate.transform.CacheableResultTransformer@110f2] -> [[5579090887311363, 0, 1, 2]]
14:18:56,161 DEBUG SQL:104 - 
    select
        student_.studentId,
        student_.name_first as name2_4_,
        student_.name_middle as name3_4_,
        student_.name_last as name4_4_,
        student_.preferredCourseCode as preferre5_4_ 
    from
        Student student_ 
    where
        student_.studentId=?
14:18:56,181 DEBUG SQL:104 - 
    select
        enrolment_.studentId,
        enrolment_.courseCode,
        enrolment_.semester as semester3_,
        enrolment_."year" as year4_3_ 
    from
        Enrolment enrolment_ 
    where
        enrolment_.studentId=? 
        and enrolment_.courseCode=?
14:18:56,182 DEBUG SQL:104 - 
    select
        course_.courseCode,
        course_.description as descript2_1_ 
    from
        Course course_ 
    where
        course_.courseCode=?
14:18:56,182 DEBUG SQL:104 - 
    select
        student_.studentId,
        student_.name_first as name2_4_,
        student_.name_middle as name3_4_,
        student_.name_last as name4_4_,
        student_.preferredCourseCode as preferre5_4_ 
    from
        Student student_ 
    where
        student_.studentId=?
14:18:56,192 DEBUG SQL:104 - 
    select
        enrolment_.studentId,
        enrolment_.courseCode,
        enrolment_.semester as semester3_,
        enrolment_."year" as year4_3_ 
    from
        Enrolment enrolment_ 
    where
        enrolment_.studentId=? 
        and enrolment_.courseCode=?
14:18:56,192 DEBUG SQL:104 - 
    select
        coursemeet_.courseCode,
        coursemeet_.day,
        coursemeet_.period,
        coursemeet_.location 
    from
        CourseMeeting coursemeet_ 
    where
        coursemeet_.courseCode=? 
        and coursemeet_.day=? 
        and coursemeet_.period=? 
        and coursemeet_.location=?
14:18:56,203 DEBUG SQL:104 - 
    select
        coursemeet_.courseCode,
        coursemeet_.day,
        coursemeet_.period,
        coursemeet_.location 
    from
        CourseMeeting coursemeet_ 
    where
        coursemeet_.courseCode=? 
        and coursemeet_.day=? 
        and coursemeet_.period=? 
        and coursemeet_.location=?
14:18:56,204 DEBUG BaseGeneralDataRegion:59 - Caching[foo.org.hibernate.cache.spi.UpdateTimestampsCache] : [Enrolment] -> [5579091133251584]
14:18:56,204 DEBUG SQL:104 - 
    update
        Address 
    set
        studentNumber=null,
        addressType=null 
    where
        studentNumber=?
14:18:56,204 DEBUG BaseGeneralDataRegion:59 - Caching[foo.org.hibernate.cache.spi.UpdateTimestampsCache] : [Address] -> [5579091133251585]
14:18:56,204 DEBUG SQL:104 - 
    delete 
    from
        Student_secretCodes 
    where
        studentNumber=?
14:18:56,214 DEBUG BaseGeneralDataRegion:59 - Caching[foo.org.hibernate.cache.spi.UpdateTimestampsCache] : [Student_secretCodes] -> [5579091133292544]
14:18:56,214 DEBUG BaseGeneralDataRegion:59 - Caching[foo.org.hibernate.cache.spi.UpdateTimestampsCache] : [Enrolment] -> [5579091133292545]
14:18:56,214 DEBUG BaseGeneralDataRegion:59 - Caching[foo.org.hibernate.cache.spi.UpdateTimestampsCache] : [Address] -> [5579091133292546]
14:18:56,214 DEBUG SQL:104 - 
    delete 
    from
        Student_secretCodes 
    where
        studentNumber=?
14:18:56,214 DEBUG BaseGeneralDataRegion:59 - Caching[foo.org.hibernate.cache.spi.UpdateTimestampsCache] : [Student_secretCodes] -> [5579091133292547]
14:18:56,214 DEBUG BaseGeneralDataRegion:59 - Caching[foo.org.hibernate.cache.spi.UpdateTimestampsCache] : [CourseMeeting] -> [5579091133292548]
14:18:56,214 DEBUG SQL:104 - 
    delete 
    from
        Enrolment 
    where
        studentId=? 
        and courseCode=?
14:18:56,215 DEBUG BaseGeneralDataRegion:59 - Caching[foo.org.hibernate.cache.spi.UpdateTimestampsCache] : [Enrolment] -> [5579091133296640]
14:18:56,215 DEBUG SQL:104 - 
    delete 
    from
        Address 
    where
        id=?
14:18:56,215 DEBUG BaseGeneralDataRegion:59 - Caching[foo.org.hibernate.cache.spi.UpdateTimestampsCache] : [Address] -> [5579091133296641]
14:18:56,215 DEBUG SQL:104 - 
    delete 
    from
        Address 
    where
        id=?
14:18:56,225 DEBUG BaseGeneralDataRegion:59 - Caching[foo.org.hibernate.cache.spi.UpdateTimestampsCache] : [Address] -> [5579091133337600]
14:18:56,226 DEBUG SQL:104 - 
    delete 
    from
        Student 
    where
        studentId=?
14:18:56,226 DEBUG BaseGeneralDataRegion:59 - Caching[foo.org.hibernate.cache.spi.UpdateTimestampsCache] : [Student] -> [5579091133341696]
14:18:56,226 DEBUG SQL:104 - 
    delete 
    from
        Enrolment 
    where
        studentId=? 
        and courseCode=?
14:18:56,226 DEBUG BaseGeneralDataRegion:59 - Caching[foo.org.hibernate.cache.spi.UpdateTimestampsCache] : [Enrolment] -> [5579091133341697]
14:18:56,226 DEBUG SQL:104 - 
    delete 
    from
        Student 
    where
        studentId=?
14:18:56,226 DEBUG BaseGeneralDataRegion:59 - Caching[foo.org.hibernate.cache.spi.UpdateTimestampsCache] : [Student] -> [5579091133341698]
14:18:56,226 DEBUG SQL:104 - 
    delete 
    from
        CourseMeeting 
    where
        courseCode=? 
        and day=? 
        and period=? 
        and location=?
14:18:56,236 DEBUG BaseGeneralDataRegion:59 - Caching[foo.org.hibernate.cache.spi.UpdateTimestampsCache] : [CourseMeeting] -> [5579091133382656]
14:18:56,237 DEBUG SQL:104 - 
    delete 
    from
        CourseMeeting 
    where
        courseCode=? 
        and day=? 
        and period=? 
        and location=?
14:18:56,237 DEBUG BaseGeneralDataRegion:59 - Caching[foo.org.hibernate.cache.spi.UpdateTimestampsCache] : [CourseMeeting] -> [5579091133386752]
14:18:56,237 DEBUG SQL:104 - 
    delete 
    from
        Course 
    where
        courseCode=?
14:18:56,237 DEBUG BaseGeneralDataRegion:59 - Caching[foo.org.hibernate.cache.spi.UpdateTimestampsCache] : [Course] -> [5579091133386753]
14:18:56,237 DEBUG BaseGeneralDataRegion:59 - Caching[foo.org.hibernate.cache.spi.UpdateTimestampsCache] : [Student] -> [5579090887626754]
14:18:56,237 DEBUG BaseGeneralDataRegion:59 - Caching[foo.org.hibernate.cache.spi.UpdateTimestampsCache] : [Course] -> [5579090887626754]
14:18:56,237 DEBUG BaseGeneralDataRegion:59 - Caching[foo.org.hibernate.cache.spi.UpdateTimestampsCache] : [Enrolment] -> [5579090887626754]
14:18:56,237 DEBUG BaseGeneralDataRegion:59 - Caching[foo.org.hibernate.cache.spi.UpdateTimestampsCache] : [Student_secretCodes] -> [5579090887626754]
14:18:56,237 DEBUG BaseGeneralDataRegion:59 - Caching[foo.org.hibernate.cache.spi.UpdateTimestampsCache] : [Address] -> [5579090887626754]
14:18:56,247 DEBUG BaseGeneralDataRegion:59 - Caching[foo.org.hibernate.cache.spi.UpdateTimestampsCache] : [CourseMeeting] -> [5579090887626754]
14:18:56,248  INFO CustomRunner:139 - Test: testMapElementsList
14:18:56,249 DEBUG SQL:104 - 
    select
        coursemeet_.courseCode,
        coursemeet_.day,
        coursemeet_.period,
        coursemeet_.location 
    from
        CourseMeeting coursemeet_ 
    where
        coursemeet_.courseCode=? 
        and coursemeet_.day=? 
        and coursemeet_.period=? 
        and coursemeet_.location=?
14:18:56,250 DEBUG SQL:104 - 
    select
        coursemeet_.courseCode,
        coursemeet_.day,
        coursemeet_.period,
        coursemeet_.location 
    from
        CourseMeeting coursemeet_ 
    where
        coursemeet_.courseCode=? 
        and coursemeet_.day=? 
        and coursemeet_.period=? 
        and coursemeet_.location=?
14:18:56,265 DEBUG SQL:104 - 
    insert 
    into
        Course
        (description, courseCode) 
    values
        (?, ?)
14:18:56,265 DEBUG BaseGeneralDataRegion:59 - Caching[foo.org.hibernate.cache.spi.UpdateTimestampsCache] : [Course] -> [5579091133501440]
14:18:56,265 DEBUG SQL:104 - 
    insert 
    into
        CourseMeeting
        (courseCode, day, period, location) 
    values
        (?, ?, ?, ?)
14:18:56,266 DEBUG BaseGeneralDataRegion:59 - Caching[foo.org.hibernate.cache.spi.UpdateTimestampsCache] : [CourseMeeting] -> [5579091133505536]
14:18:56,266 DEBUG SQL:104 - 
    insert 
    into
        CourseMeeting
        (courseCode, day, period, location) 
    values
        (?, ?, ?, ?)
14:18:56,266 DEBUG BaseGeneralDataRegion:59 - Caching[foo.org.hibernate.cache.spi.UpdateTimestampsCache] : [CourseMeeting] -> [5579091133505537]
14:18:56,266 DEBUG SQL:104 - 
    insert 
    into
        Student
        (name_first, name_middle, name_last, preferredCourseCode, studentId) 
    values
        (?, ?, ?, ?, ?)
14:18:56,266 DEBUG BaseGeneralDataRegion:59 - Caching[foo.org.hibernate.cache.spi.UpdateTimestampsCache] : [Student] -> [5579091133505538]
14:18:56,266 DEBUG SQL:104 - 
    insert 
    into
        Address
        (addressType, street, city, stateProvince, postalCode, country, studentNumber, id) 
    values
        (?, ?, ?, ?, ?, ?, ?, ?)
14:18:56,267 DEBUG BaseGeneralDataRegion:59 - Caching[foo.org.hibernate.cache.spi.UpdateTimestampsCache] : [Address] -> [5579091133505539]
14:18:56,267 DEBUG SQL:104 - 
    insert 
    into
        Address
        (addressType, street, city, stateProvince, postalCode, country, studentNumber, id) 
    values
        (?, ?, ?, ?, ?, ?, ?, ?)
14:18:56,267 DEBUG BaseGeneralDataRegion:59 - Caching[foo.org.hibernate.cache.spi.UpdateTimestampsCache] : [Address] -> [5579091133509632]
14:18:56,267 DEBUG SQL:104 - 
    insert 
    into
        Student
        (name_first, name_middle, name_last, preferredCourseCode, studentId) 
    values
        (?, ?, ?, ?, ?)
14:18:56,276 DEBUG BaseGeneralDataRegion:59 - Caching[foo.org.hibernate.cache.spi.UpdateTimestampsCache] : [Student] -> [5579091133546496]
14:18:56,277 DEBUG SQL:104 - 
    insert 
    into
        Enrolment
        (semester, "year", studentId, courseCode) 
    values
        (?, ?, ?, ?)
14:18:56,277 DEBUG BaseGeneralDataRegion:59 - Caching[foo.org.hibernate.cache.spi.UpdateTimestampsCache] : [Enrolment] -> [5579091133550592]
14:18:56,277 DEBUG SQL:104 - 
    insert 
    into
        Enrolment
        (semester, "year", studentId, courseCode) 
    values
        (?, ?, ?, ?)
14:18:56,277 DEBUG BaseGeneralDataRegion:59 - Caching[foo.org.hibernate.cache.spi.UpdateTimestampsCache] : [Enrolment] -> [5579091133550593]
14:18:56,277 DEBUG BaseGeneralDataRegion:59 - Caching[foo.org.hibernate.cache.spi.UpdateTimestampsCache] : [CourseMeeting] -> [5579091133550594]
14:18:56,277 DEBUG BaseGeneralDataRegion:59 - Caching[foo.org.hibernate.cache.spi.UpdateTimestampsCache] : [Enrolment] -> [5579091133550595]
14:18:56,278 DEBUG SQL:104 - 
    update
        Address 
    set
        studentNumber=?,
        addressType=? 
    where
        id=?
14:18:56,278 DEBUG SQL:104 - 
    update
        Address 
    set
        studentNumber=?,
        addressType=? 
    where
        id=?
14:18:56,286 DEBUG BaseGeneralDataRegion:59 - Caching[foo.org.hibernate.cache.spi.UpdateTimestampsCache] : [Address] -> [5579091133587456]
14:18:56,286 DEBUG SQL:104 - 
    insert 
    into
        Student_secretCodes
        (studentNumber, i, secretCode) 
    values
        (?, ?, ?)
14:18:56,287 DEBUG BaseGeneralDataRegion:59 - Caching[foo.org.hibernate.cache.spi.UpdateTimestampsCache] : [Student_secretCodes] -> [5579091133591552]
14:18:56,287 DEBUG BaseGeneralDataRegion:59 - Caching[foo.org.hibernate.cache.spi.UpdateTimestampsCache] : [Enrolment] -> [5579091133591553]
14:18:56,287 DEBUG BaseGeneralDataRegion:59 - Caching[foo.org.hibernate.cache.spi.UpdateTimestampsCache] : [Address] -> [5579091133591554]
14:18:56,287 DEBUG SQL:104 - 
    insert 
    into
        Student_secretCodes
        (studentNumber, i, secretCode) 
    values
        (?, ?, ?)
14:18:56,287 DEBUG SQL:104 - 
    insert 
    into
        Student_secretCodes
        (studentNumber, i, secretCode) 
    values
        (?, ?, ?)
14:18:56,287 DEBUG BaseGeneralDataRegion:59 - Caching[foo.org.hibernate.cache.spi.UpdateTimestampsCache] : [Student_secretCodes] -> [5579091133591555]
14:18:56,287 DEBUG BaseGeneralDataRegion:59 - Caching[foo.org.hibernate.cache.spi.UpdateTimestampsCache] : [Student] -> [5579090887831556]
14:18:56,288 DEBUG BaseGeneralDataRegion:59 - Caching[foo.org.hibernate.cache.spi.UpdateTimestampsCache] : [Course] -> [5579090887831556]
14:18:56,288 DEBUG BaseGeneralDataRegion:59 - Caching[foo.org.hibernate.cache.spi.UpdateTimestampsCache] : [Enrolment] -> [5579090887831556]
14:18:56,288 DEBUG BaseGeneralDataRegion:59 - Caching[foo.org.hibernate.cache.spi.UpdateTimestampsCache] : [Student_secretCodes] -> [5579090887831556]
14:18:56,288 DEBUG BaseGeneralDataRegion:59 - Caching[foo.org.hibernate.cache.spi.UpdateTimestampsCache] : [Address] -> [5579090887831556]
14:18:56,288 DEBUG BaseGeneralDataRegion:59 - Caching[foo.org.hibernate.cache.spi.UpdateTimestampsCache] : [CourseMeeting] -> [5579090887831556]
14:18:56,288 DEBUG QueryTranslatorImpl:265 - parse() - HQL: select elements(a) from org.hibernate.test.querycache.Student s inner join s.addresses a
14:18:56,289 DEBUG QueryTranslatorImpl:283 - --- HQL AST ---
 \-[QUERY] Node: 'query'
    \-[SELECT_FROM] Node: 'SELECT_FROM'
       +-[FROM] Node: 'from'
       |  +-[RANGE] Node: 'RANGE'
       |  |  +-[DOT] Node: '.'
       |  |  |  +-[DOT] Node: '.'
       |  |  |  |  +-[DOT] Node: '.'
       |  |  |  |  |  +-[DOT] Node: '.'
       |  |  |  |  |  |  +-[IDENT] Node: 'org'
       |  |  |  |  |  |  \-[IDENT] Node: 'hibernate'
       |  |  |  |  |  \-[IDENT] Node: 'test'
       |  |  |  |  \-[IDENT] Node: 'querycache'
       |  |  |  \-[IDENT] Node: 'Student'
       |  |  \-[ALIAS] Node: 's'
       |  \-[JOIN] Node: 'join'
       |     +-[INNER] Node: 'inner'
       |     +-[DOT] Node: '.'
       |     |  +-[IDENT] Node: 's'
       |     |  \-[IDENT] Node: 'addresses'
       |     \-[ALIAS] Node: 'a'
       \-[SELECT] Node: 'select'
          \-[ELEMENTS] Node: 'elements'
             \-[IDENT] Node: 'a'

14:18:56,306 DEBUG ErrorCounter:82 - throwQueryException() : no errors
14:18:56,307 DEBUG FromElement:157 - FromClause{level=1} : org.hibernate.test.querycache.Student (s) -> student0_
14:18:56,307 DEBUG FromReferenceNode:74 - Resolved : s -> student0_.studentId
14:18:56,307 DEBUG DotNode:599 - getDataType() : addresses -> org.hibernate.type.MapType(org.hibernate.test.querycache.Student.addresses)
14:18:56,307 DEBUG FromElementFactory:376 - createEntityAssociation() : One to many - path = s.addresses role = org.hibernate.test.querycache.Student.addresses associatedEntityName = org.hibernate.test.querycache.Address
14:18:56,308 DEBUG FromElement:157 - FromClause{level=1} : org.hibernate.test.querycache.Address (a) -> addresses1_
14:18:56,308 DEBUG FromClause:282 - addJoinByPathMap() : s.addresses -> FromElement{explicit,not a collection join,not a fetch join,fetch non-lazy properties,classAlias=a,role=null,tableName=Address,tableAlias=addresses1_,origin=Student student0_,columns={student0_.studentId ,className=org.hibernate.test.querycache.Address}}
14:18:56,308 DEBUG DotNode:308 - dereferenceCollection() : Created new FROM element for s.addresses : Address addresses1_
14:18:56,308 DEBUG FromReferenceNode:74 - Resolved : s.addresses -> .
14:18:56,308 DEBUG HqlSqlWalker:403 - createFromJoinElement() : -- join tree --
 \-[JOIN_FRAGMENT] FromElement: 'Address addresses1_' FromElement{explicit,not a collection join,not a fetch join,fetch non-lazy properties,classAlias=a,role=org.hibernate.test.querycache.Student.addresses,tableName=Address,tableAlias=addresses1_,origin=Student student0_,columns={student0_.studentId ,className=org.hibernate.test.querycache.Address}}

14:18:56,317 DEBUG FromReferenceNode:74 - Resolved : a -> addresses1_.id
14:18:56,317 DEBUG MethodNode:207 - Creating elements for a[].elements
14:18:56,317 DEBUG HqlSqlWalker:629 - processQuery() :  ( SELECT ( {select clause} ( addresses1_.id addresses1_.id ) ) ( FromClause{level=1} ( Student student0_ Address addresses1_ ) ) )
14:18:56,317 DEBUG JoinProcessor:175 - Using FROM fragment [Student student0_]
14:18:56,317 DEBUG JoinProcessor:175 - Using FROM fragment [inner join Address addresses1_ on student0_.studentId=addresses1_.studentNumber]
14:18:56,318 DEBUG QueryTranslatorImpl:252 - --- SQL AST ---
 \-[SELECT] QueryNode: 'SELECT'  querySpaces (Student,Address)
    +-[SELECT_CLAUSE] SelectClause: '{select clause}'
    |  +-[SQL_TOKEN] CollectionFunction: 'addresses1_.id' {method=elements,selectColumns=[addresses1_.id],fromElement=addresses1_}
    |  |  \-[ALIAS_REF] IdentNode: 'addresses1_.id' {alias=a, className=org.hibernate.test.querycache.Address, tableAlias=addresses1_}
    |  \-[SELECT_COLUMNS] SqlNode: ' as col_0_0_'
    \-[FROM] FromClause: 'from' FromClause{level=1, fromElementCounter=2, fromElements=2, fromElementByClassAlias=[s, a], fromElementByTableAlias=[student0_, addresses1_], fromElementsByPath=[s.addresses], collectionJoinFromElementsByPath=[], impliedElements=[]}
       \-[FROM_FRAGMENT] FromElement: 'Student student0_' FromElement{explicit,not a collection join,not a fetch join,fetch non-lazy properties,classAlias=s,role=null,tableName=Student,tableAlias=student0_,origin=null,columns={,className=org.hibernate.test.querycache.Student}}
          \-[JOIN_FRAGMENT] FromElement: 'inner join Address addresses1_ on student0_.studentId=addresses1_.studentNumber' FromElement{explicit,not a collection join,not a fetch join,fetch non-lazy properties,classAlias=a,role=org.hibernate.test.querycache.Student.addresses,tableName=Address,tableAlias=addresses1_,origin=Student student0_,columns={student0_.studentId ,className=org.hibernate.test.querycache.Address}}

14:18:56,318 DEBUG ErrorCounter:82 - throwQueryException() : no errors
14:18:56,318 DEBUG QueryTranslatorImpl:235 - HQL: select elements(a) from org.hibernate.test.querycache.Student s inner join s.addresses a
14:18:56,318 DEBUG QueryTranslatorImpl:236 - SQL: select addresses1_.id as col_0_0_ from Student student0_ inner join Address addresses1_ on student0_.studentId=addresses1_.studentNumber
14:18:56,318 DEBUG ErrorCounter:82 - throwQueryException() : no errors
14:18:56,318 DEBUG SQL:104 - 
    select
        addresses1_.id as col_0_0_ 
    from
        Student student0_ 
    inner join
        Address addresses1_ 
            on student0_.studentId=addresses1_.studentNumber
14:18:56,319 DEBUG SQL:104 - 
    select
        address0_.id as id0_0_,
        address0_.addressType as addressT2_0_0_,
        address0_.street as street0_0_,
        address0_.city as city0_0_,
        address0_.stateProvince as statePro5_0_0_,
        address0_.postalCode as postalCode0_0_,
        address0_.country as country0_0_,
        address0_.studentNumber as studentN8_0_0_ 
    from
        Address address0_ 
    where
        address0_.id=?
14:18:56,327 DEBUG SQL:104 - 
    select
        address0_.id as id0_0_,
        address0_.addressType as addressT2_0_0_,
        address0_.street as street0_0_,
        address0_.city as city0_0_,
        address0_.stateProvince as statePro5_0_0_,
        address0_.postalCode as postalCode0_0_,
        address0_.country as country0_0_,
        address0_.studentNumber as studentN8_0_0_ 
    from
        Address address0_ 
    where
        address0_.id=?
14:18:56,328 DEBUG BaseGeneralDataRegion:59 - Caching[foo.org.hibernate.cache.internal.StandardQueryCache] : [sql: select addresses1_.id as col_0_0_ from Student student0_ inner join Address addresses1_ on student0_.studentId=addresses1_.studentNumber; parameters: ; named parameters: {}; transformer: org.hibernate.transform.CacheableResultTransformer@110f2] -> [[5579090887999488, 84, 83]]
14:18:56,328 DEBUG SQL:104 - 
    select
        addresses1_.id as col_0_0_ 
    from
        Student student0_ 
    inner join
        Address addresses1_ 
            on student0_.studentId=addresses1_.studentNumber
14:18:56,337 DEBUG SQL:104 - 
    select
        address0_.id as id0_0_,
        address0_.addressType as addressT2_0_0_,
        address0_.street as street0_0_,
        address0_.city as city0_0_,
        address0_.stateProvince as statePro5_0_0_,
        address0_.postalCode as postalCode0_0_,
        address0_.country as country0_0_,
        address0_.studentNumber as studentN8_0_0_ 
    from
        Address address0_ 
    where
        address0_.id=?
14:18:56,338 DEBUG SQL:104 - 
    select
        address0_.id as id0_0_,
        address0_.addressType as addressT2_0_0_,
        address0_.street as street0_0_,
        address0_.city as city0_0_,
        address0_.stateProvince as statePro5_0_0_,
        address0_.postalCode as postalCode0_0_,
        address0_.country as country0_0_,
        address0_.studentNumber as studentN8_0_0_ 
    from
        Address address0_ 
    where
        address0_.id=?
14:18:56,347 DEBUG BaseGeneralDataRegion:59 - Caching[foo.org.hibernate.cache.internal.StandardQueryCache] : [sql: select addresses1_.id as col_0_0_ from Student student0_ inner join Address addresses1_ on student0_.studentId=addresses1_.studentNumber; parameters: ; named parameters: {}; transformer: org.hibernate.transform.CacheableResultTransformer@110f2] -> [[5579090888077312, 84, 83]]
14:18:56,348 DEBUG SQL:104 - 
    select
        student_.studentId,
        student_.name_first as name2_4_,
        student_.name_middle as name3_4_,
        student_.name_last as name4_4_,
        student_.preferredCourseCode as preferre5_4_ 
    from
        Student student_ 
    where
        student_.studentId=?
14:18:56,348 DEBUG SQL:104 - 
    select
        enrolment_.studentId,
        enrolment_.courseCode,
        enrolment_.semester as semester3_,
        enrolment_."year" as year4_3_ 
    from
        Enrolment enrolment_ 
    where
        enrolment_.studentId=? 
        and enrolment_.courseCode=?
14:18:56,349 DEBUG SQL:104 - 
    select
        course_.courseCode,
        course_.description as descript2_1_ 
    from
        Course course_ 
    where
        course_.courseCode=?
14:18:56,357 DEBUG SQL:104 - 
    select
        student_.studentId,
        student_.name_first as name2_4_,
        student_.name_middle as name3_4_,
        student_.name_last as name4_4_,
        student_.preferredCourseCode as preferre5_4_ 
    from
        Student student_ 
    where
        student_.studentId=?
14:18:56,358 DEBUG SQL:104 - 
    select
        enrolment_.studentId,
        enrolment_.courseCode,
        enrolment_.semester as semester3_,
        enrolment_."year" as year4_3_ 
    from
        Enrolment enrolment_ 
    where
        enrolment_.studentId=? 
        and enrolment_.courseCode=?
14:18:56,358 DEBUG SQL:104 - 
    select
        coursemeet_.courseCode,
        coursemeet_.day,
        coursemeet_.period,
        coursemeet_.location 
    from
        CourseMeeting coursemeet_ 
    where
        coursemeet_.courseCode=? 
        and coursemeet_.day=? 
        and coursemeet_.period=? 
        and coursemeet_.location=?
14:18:56,367 DEBUG SQL:104 - 
    select
        coursemeet_.courseCode,
        coursemeet_.day,
        coursemeet_.period,
        coursemeet_.location 
    from
        CourseMeeting coursemeet_ 
    where
        coursemeet_.courseCode=? 
        and coursemeet_.day=? 
        and coursemeet_.period=? 
        and coursemeet_.location=?
14:18:56,368 DEBUG BaseGeneralDataRegion:59 - Caching[foo.org.hibernate.cache.spi.UpdateTimestampsCache] : [Enrolment] -> [5579091133923328]
14:18:56,368 DEBUG SQL:104 - 
    update
        Address 
    set
        studentNumber=null,
        addressType=null 
    where
        studentNumber=?
14:18:56,377 DEBUG BaseGeneralDataRegion:59 - Caching[foo.org.hibernate.cache.spi.UpdateTimestampsCache] : [Address] -> [5579091133960192]
14:18:56,378 DEBUG SQL:104 - 
    delete 
    from
        Student_secretCodes 
    where
        studentNumber=?
14:18:56,378 DEBUG BaseGeneralDataRegion:59 - Caching[foo.org.hibernate.cache.spi.UpdateTimestampsCache] : [Student_secretCodes] -> [5579091133964288]
14:18:56,378 DEBUG BaseGeneralDataRegion:59 - Caching[foo.org.hibernate.cache.spi.UpdateTimestampsCache] : [Enrolment] -> [5579091133964289]
14:18:56,378 DEBUG BaseGeneralDataRegion:59 - Caching[foo.org.hibernate.cache.spi.UpdateTimestampsCache] : [Address] -> [5579091133964290]
14:18:56,378 DEBUG SQL:104 - 
    delete 
    from
        Student_secretCodes 
    where
        studentNumber=?
14:18:56,378 DEBUG BaseGeneralDataRegion:59 - Caching[foo.org.hibernate.cache.spi.UpdateTimestampsCache] : [Student_secretCodes] -> [5579091133964291]
14:18:56,379 DEBUG BaseGeneralDataRegion:59 - Caching[foo.org.hibernate.cache.spi.UpdateTimestampsCache] : [CourseMeeting] -> [5579091133968384]
14:18:56,379 DEBUG SQL:104 - 
    delete 
    from
        Enrolment 
    where
        studentId=? 
        and courseCode=?
14:18:56,379 DEBUG BaseGeneralDataRegion:59 - Caching[foo.org.hibernate.cache.spi.UpdateTimestampsCache] : [Enrolment] -> [5579091133968385]
14:18:56,379 DEBUG SQL:104 - 
    delete 
    from
        Address 
    where
        id=?
14:18:56,389 DEBUG BaseGeneralDataRegion:59 - Caching[foo.org.hibernate.cache.spi.UpdateTimestampsCache] : [Address] -> [5579091134009344]
14:18:56,389 DEBUG SQL:104 - 
    delete 
    from
        Address 
    where
        id=?
14:18:56,389 DEBUG BaseGeneralDataRegion:59 - Caching[foo.org.hibernate.cache.spi.UpdateTimestampsCache] : [Address] -> [5579091134009345]
14:18:56,389 DEBUG SQL:104 - 
    delete 
    from
        Student 
    where
        studentId=?
14:18:56,390 DEBUG BaseGeneralDataRegion:59 - Caching[foo.org.hibernate.cache.spi.UpdateTimestampsCache] : [Student] -> [5579091134013440]
14:18:56,390 DEBUG SQL:104 - 
    delete 
    from
        Enrolment 
    where
        studentId=? 
        and courseCode=?
14:18:56,390 DEBUG BaseGeneralDataRegion:59 - Caching[foo.org.hibernate.cache.spi.UpdateTimestampsCache] : [Enrolment] -> [5579091134013441]
14:18:56,390 DEBUG SQL:104 - 
    delete 
    from
        Student 
    where
        studentId=?
14:18:56,390 DEBUG BaseGeneralDataRegion:59 - Caching[foo.org.hibernate.cache.spi.UpdateTimestampsCache] : [Student] -> [5579091134013442]
14:18:56,390 DEBUG SQL:104 - 
    delete 
    from
        CourseMeeting 
    where
        courseCode=? 
        and day=? 
        and period=? 
        and location=?
14:18:56,390 DEBUG BaseGeneralDataRegion:59 - Caching[foo.org.hibernate.cache.spi.UpdateTimestampsCache] : [CourseMeeting] -> [5579091134013443]
14:18:56,391 DEBUG SQL:104 - 
    delete 
    from
        CourseMeeting 
    where
        courseCode=? 
        and day=? 
        and period=? 
        and location=?
14:18:56,391 DEBUG BaseGeneralDataRegion:59 - Caching[foo.org.hibernate.cache.spi.UpdateTimestampsCache] : [CourseMeeting] -> [5579091134017536]
14:18:56,391 DEBUG SQL:104 - 
    delete 
    from
        Course 
    where
        courseCode=?
14:18:56,402 DEBUG BaseGeneralDataRegion:59 - Caching[foo.org.hibernate.cache.spi.UpdateTimestampsCache] : [Course] -> [5579091134062592]
14:18:56,402 DEBUG BaseGeneralDataRegion:59 - Caching[foo.org.hibernate.cache.spi.UpdateTimestampsCache] : [Student] -> [5579090888302593]
14:18:56,402 DEBUG BaseGeneralDataRegion:59 - Caching[foo.org.hibernate.cache.spi.UpdateTimestampsCache] : [Course] -> [5579090888302593]
14:18:56,403 DEBUG BaseGeneralDataRegion:59 - Caching[foo.org.hibernate.cache.spi.UpdateTimestampsCache] : [Enrolment] -> [5579090888302593]
14:18:56,403 DEBUG BaseGeneralDataRegion:59 - Caching[foo.org.hibernate.cache.spi.UpdateTimestampsCache] : [Student_secretCodes] -> [5579090888302593]
14:18:56,403 DEBUG BaseGeneralDataRegion:59 - Caching[foo.org.hibernate.cache.spi.UpdateTimestampsCache] : [Address] -> [5579090888302593]
14:18:56,403 DEBUG BaseGeneralDataRegion:59 - Caching[foo.org.hibernate.cache.spi.UpdateTimestampsCache] : [CourseMeeting] -> [5579090888302593]
14:18:56,403  INFO CustomRunner:139 - Test: testMapEntryList
14:18:56,404 DEBUG SQL:104 - 
    select
        coursemeet_.courseCode,
        coursemeet_.day,
        coursemeet_.period,
        coursemeet_.location 
    from
        CourseMeeting coursemeet_ 
    where
        coursemeet_.courseCode=? 
        and coursemeet_.day=? 
        and coursemeet_.period=? 
        and coursemeet_.location=?
14:18:56,405 DEBUG SQL:104 - 
    select
        coursemeet_.courseCode,
        coursemeet_.day,
        coursemeet_.period,
        coursemeet_.location 
    from
        CourseMeeting coursemeet_ 
    where
        coursemeet_.courseCode=? 
        and coursemeet_.day=? 
        and coursemeet_.period=? 
        and coursemeet_.location=?
14:18:56,413 DEBUG SQL:104 - 
    insert 
    into
        Course
        (description, courseCode) 
    values
        (?, ?)
14:18:56,414 DEBUG BaseGeneralDataRegion:59 - Caching[foo.org.hibernate.cache.spi.UpdateTimestampsCache] : [Course] -> [5579091134111744]
14:18:56,414 DEBUG SQL:104 - 
    insert 
    into
        CourseMeeting
        (courseCode, day, period, location) 
    values
        (?, ?, ?, ?)
14:18:56,414 DEBUG BaseGeneralDataRegion:59 - Caching[foo.org.hibernate.cache.spi.UpdateTimestampsCache] : [CourseMeeting] -> [5579091134111745]
14:18:56,414 DEBUG SQL:104 - 
    insert 
    into
        CourseMeeting
        (courseCode, day, period, location) 
    values
        (?, ?, ?, ?)
14:18:56,414 DEBUG BaseGeneralDataRegion:59 - Caching[foo.org.hibernate.cache.spi.UpdateTimestampsCache] : [CourseMeeting] -> [5579091134111746]
14:18:56,414 DEBUG SQL:104 - 
    insert 
    into
        Student
        (name_first, name_middle, name_last, preferredCourseCode, studentId) 
    values
        (?, ?, ?, ?, ?)
14:18:56,415 DEBUG BaseGeneralDataRegion:59 - Caching[foo.org.hibernate.cache.spi.UpdateTimestampsCache] : [Student] -> [5579091134115840]
14:18:56,415 DEBUG SQL:104 - 
    insert 
    into
        Address
        (addressType, street, city, stateProvince, postalCode, country, studentNumber, id) 
    values
        (?, ?, ?, ?, ?, ?, ?, ?)
14:18:56,455 DEBUG BaseGeneralDataRegion:59 - Caching[foo.org.hibernate.cache.spi.UpdateTimestampsCache] : [Address] -> [5579091134279680]
14:18:56,455 DEBUG SQL:104 - 
    insert 
    into
        Address
        (addressType, street, city, stateProvince, postalCode, country, studentNumber, id) 
    values
        (?, ?, ?, ?, ?, ?, ?, ?)
14:18:56,455 DEBUG BaseGeneralDataRegion:59 - Caching[foo.org.hibernate.cache.spi.UpdateTimestampsCache] : [Address] -> [5579091134279681]
14:18:56,455 DEBUG SQL:104 - 
    insert 
    into
        Student
        (name_first, name_middle, name_last, preferredCourseCode, studentId) 
    values
        (?, ?, ?, ?, ?)
14:18:56,456 DEBUG BaseGeneralDataRegion:59 - Caching[foo.org.hibernate.cache.spi.UpdateTimestampsCache] : [Student] -> [5579091134283776]
14:18:56,456 DEBUG SQL:104 - 
    insert 
    into
        Enrolment
        (semester, "year", studentId, courseCode) 
    values
        (?, ?, ?, ?)
14:18:56,456 DEBUG BaseGeneralDataRegion:59 - Caching[foo.org.hibernate.cache.spi.UpdateTimestampsCache] : [Enrolment] -> [5579091134283777]
14:18:56,456 DEBUG SQL:104 - 
    insert 
    into
        Enrolment
        (semester, "year", studentId, courseCode) 
    values
        (?, ?, ?, ?)
14:18:56,456 DEBUG BaseGeneralDataRegion:59 - Caching[foo.org.hibernate.cache.spi.UpdateTimestampsCache] : [Enrolment] -> [5579091134283778]
14:18:56,456 DEBUG BaseGeneralDataRegion:59 - Caching[foo.org.hibernate.cache.spi.UpdateTimestampsCache] : [CourseMeeting] -> [5579091134283779]
14:18:56,456 DEBUG BaseGeneralDataRegion:59 - Caching[foo.org.hibernate.cache.spi.UpdateTimestampsCache] : [Enrolment] -> [5579091134283780]
14:18:56,456 DEBUG SQL:104 - 
    update
        Address 
    set
        studentNumber=?,
        addressType=? 
    where
        id=?
14:18:56,457 DEBUG SQL:104 - 
    update
        Address 
    set
        studentNumber=?,
        addressType=? 
    where
        id=?
14:18:56,457 DEBUG BaseGeneralDataRegion:59 - Caching[foo.org.hibernate.cache.spi.UpdateTimestampsCache] : [Address] -> [5579091134287872]
14:18:56,457 DEBUG SQL:104 - 
    insert 
    into
        Student_secretCodes
        (studentNumber, i, secretCode) 
    values
        (?, ?, ?)
14:18:56,457 DEBUG BaseGeneralDataRegion:59 - Caching[foo.org.hibernate.cache.spi.UpdateTimestampsCache] : [Student_secretCodes] -> [5579091134287873]
14:18:56,457 DEBUG BaseGeneralDataRegion:59 - Caching[foo.org.hibernate.cache.spi.UpdateTimestampsCache] : [Enrolment] -> [5579091134287874]
14:18:56,457 DEBUG BaseGeneralDataRegion:59 - Caching[foo.org.hibernate.cache.spi.UpdateTimestampsCache] : [Address] -> [5579091134287875]
14:18:56,457 DEBUG SQL:104 - 
    insert 
    into
        Student_secretCodes
        (studentNumber, i, secretCode) 
    values
        (?, ?, ?)
14:18:56,458 DEBUG SQL:104 - 
    insert 
    into
        Student_secretCodes
        (studentNumber, i, secretCode) 
    values
        (?, ?, ?)
14:18:56,478 DEBUG BaseGeneralDataRegion:59 - Caching[foo.org.hibernate.cache.spi.UpdateTimestampsCache] : [Student_secretCodes] -> [5579091134373888]
14:18:56,479 DEBUG BaseGeneralDataRegion:59 - Caching[foo.org.hibernate.cache.spi.UpdateTimestampsCache] : [Student] -> [5579090888617984]
14:18:56,479 DEBUG BaseGeneralDataRegion:59 - Caching[foo.org.hibernate.cache.spi.UpdateTimestampsCache] : [Course] -> [5579090888617984]
14:18:56,479 DEBUG BaseGeneralDataRegion:59 - Caching[foo.org.hibernate.cache.spi.UpdateTimestampsCache] : [Enrolment] -> [5579090888617984]
14:18:56,479 DEBUG BaseGeneralDataRegion:59 - Caching[foo.org.hibernate.cache.spi.UpdateTimestampsCache] : [Student_secretCodes] -> [5579090888617984]
14:18:56,479 DEBUG BaseGeneralDataRegion:59 - Caching[foo.org.hibernate.cache.spi.UpdateTimestampsCache] : [Address] -> [5579090888617984]
14:18:56,479 DEBUG BaseGeneralDataRegion:59 - Caching[foo.org.hibernate.cache.spi.UpdateTimestampsCache] : [CourseMeeting] -> [5579090888617984]
14:18:56,479 DEBUG QueryTranslatorImpl:265 - parse() - HQL: select entry(s.addresses) from org.hibernate.test.querycache.Student s
14:18:56,480 DEBUG QueryTranslatorImpl:283 - --- HQL AST ---
 \-[QUERY] Node: 'query'
    \-[SELECT_FROM] Node: 'SELECT_FROM'
       +-[FROM] Node: 'from'
       |  \-[RANGE] Node: 'RANGE'
       |     +-[DOT] Node: '.'
       |     |  +-[DOT] Node: '.'
       |     |  |  +-[DOT] Node: '.'
       |     |  |  |  +-[DOT] Node: '.'
       |     |  |  |  |  +-[IDENT] Node: 'org'
       |     |  |  |  |  \-[IDENT] Node: 'hibernate'
       |     |  |  |  \-[IDENT] Node: 'test'
       |     |  |  \-[IDENT] Node: 'querycache'
       |     |  \-[IDENT] Node: 'Student'
       |     \-[ALIAS] Node: 's'
       \-[SELECT] Node: 'select'
          \-[ENTRY] Node: ''
             \-[DOT] Node: '.'
                +-[IDENT] Node: 's'
                \-[IDENT] Node: 'addresses'

14:18:56,500 DEBUG ErrorCounter:82 - throwQueryException() : no errors
14:18:56,501 DEBUG FromElement:157 - FromClause{level=1} : org.hibernate.test.querycache.Student (s) -> student0_
14:18:56,501 DEBUG FromReferenceNode:74 - Resolved : s -> student0_.studentId
14:18:56,501 DEBUG DotNode:599 - getDataType() : addresses -> org.hibernate.type.MapType(org.hibernate.test.querycache.Student.addresses)
14:18:56,502 DEBUG FromElementFactory:376 - createEntityAssociation() : One to many - path = s.addresses role = org.hibernate.test.querycache.Student.addresses associatedEntityName = org.hibernate.test.querycache.Address
14:18:56,502 DEBUG FromElement:157 - FromClause{level=1} : org.hibernate.test.querycache.Address (<no alias>) -> addresses1_
14:18:56,502 DEBUG FromClause:282 - addJoinByPathMap() : s.addresses -> ImpliedFromElement{implied,not a collection join,not a fetch join,fetch non-lazy properties,classAlias=null,role=null,tableName=Address,tableAlias=addresses1_,origin=Student student0_,columns={student0_.studentId ,className=org.hibernate.test.querycache.Address}}
14:18:56,502 DEBUG DotNode:308 - dereferenceCollection() : Created new FROM element for s.addresses : Address addresses1_
14:18:56,502 DEBUG FromReferenceNode:74 - Resolved : s.addresses -> .
14:18:56,502 DEBUG FromReferenceNode:74 - Resolved : addresses1_.addressType as col_0_0_, addresses1_.id as col_1_0_, addresses1_.addressType as col_1_1_, addresses1_.street as col_1_2_, addresses1_.city as col_1_3_, addresses1_.stateProvince as col_1_4_, addresses1_.postalCode as col_1_5_, addresses1_.country as col_1_6_, addresses1_.studentNumber as col_1_7_ -> addresses1_.addressType as col_0_0_, addresses1_.id as col_1_0_, addresses1_.addressType as col_1_1_, addresses1_.street as col_1_2_, addresses1_.city as col_1_3_, addresses1_.stateProvince as col_1_4_, addresses1_.postalCode as col_1_5_, addresses1_.country as col_1_6_, addresses1_.studentNumber as col_1_7_
14:18:56,502 DEBUG HqlSqlWalker:629 - processQuery() :  ( SELECT ( {select clause} addresses1_.addressType as col_0_0_, addresses1_.id as col_1_0_, addresses1_.addressType as col_1_1_, addresses1_.street as col_1_2_, addresses1_.city as col_1_3_, addresses1_.stateProvince as col_1_4_, addresses1_.postalCode as col_1_5_, addresses1_.country as col_1_6_, addresses1_.studentNumber as col_1_7_ ) ( FromClause{level=1} ( Student student0_ Address addresses1_ ) ) )
14:18:56,513 DEBUG JoinProcessor:175 - Using FROM fragment [Student student0_]
14:18:56,513 DEBUG SyntheticAndFactory:92 - Using unprocessed WHERE-fragment [student0_.studentId=addresses1_.studentNumber]
14:18:56,513 DEBUG SyntheticAndFactory:124 - Using processed WHERE-fragment [student0_.studentId=addresses1_.studentNumber]
14:18:56,514 DEBUG QueryNode:73 - getWhereClause() : Creating a new WHERE clause...
14:18:56,514 DEBUG QueryTranslatorImpl:252 - --- SQL AST ---
 \-[SELECT] QueryNode: 'SELECT'  querySpaces (Student,Address)
    +-[SELECT_CLAUSE] SelectClause: '{select clause}'
    |  \-[ENTRY] MapEntryNode: 'addresses1_.addressType as col_0_0_, addresses1_.id as col_1_0_, addresses1_.addressType as col_1_1_, addresses1_.street as col_1_2_, addresses1_.city as col_1_3_, addresses1_.stateProvince as col_1_4_, addresses1_.postalCode as col_1_5_, addresses1_.country as col_1_6_, addresses1_.studentNumber as col_1_7_' {ImpliedFromElement{implied,not a collection join,not a fetch join,fetch non-lazy properties,classAlias=null,role=org.hibernate.test.querycache.Student.addresses,tableName=Address,tableAlias=addresses1_,origin=Student student0_,columns={student0_.studentId ,className=org.hibernate.test.querycache.Address}}}
    +-[FROM] FromClause: 'from' FromClause{level=1, fromElementCounter=2, fromElements=2, fromElementByClassAlias=[s], fromElementByTableAlias=[student0_, addresses1_], fromElementsByPath=[s.addresses], collectionJoinFromElementsByPath=[], impliedElements=[]}
    |  \-[FROM_FRAGMENT] FromElement: 'Student student0_' FromElement{explicit,not a collection join,not a fetch join,fetch non-lazy properties,classAlias=s,role=null,tableName=Student,tableAlias=student0_,origin=null,columns={,className=org.hibernate.test.querycache.Student}}
    |     \-[FROM_FRAGMENT] ImpliedFromElement: 'Address addresses1_' ImpliedFromElement{implied,not a collection join,not a fetch join,fetch non-lazy properties,classAlias=null,role=org.hibernate.test.querycache.Student.addresses,tableName=Address,tableAlias=addresses1_,origin=Student student0_,columns={student0_.studentId ,className=org.hibernate.test.querycache.Address}}
    \-[WHERE] SqlNode: 'WHERE'
       \-[THETA_JOINS] SqlNode: '{theta joins}'
          \-[SQL_TOKEN] SqlFragment: 'student0_.studentId=addresses1_.studentNumber'

14:18:56,514 DEBUG ErrorCounter:82 - throwQueryException() : no errors
14:18:56,515 DEBUG QueryTranslatorImpl:235 - HQL: select entry(s.addresses) from org.hibernate.test.querycache.Student s
14:18:56,515 DEBUG QueryTranslatorImpl:236 - SQL: select addresses1_.addressType as col_0_0_, addresses1_.id as col_1_0_, addresses1_.addressType as col_1_1_, addresses1_.street as col_1_2_, addresses1_.city as col_1_3_, addresses1_.stateProvince as col_1_4_, addresses1_.postalCode as col_1_5_, addresses1_.country as col_1_6_, addresses1_.studentNumber as col_1_7_ from Student student0_, Address addresses1_ where student0_.studentId=addresses1_.studentNumber
14:18:56,515 DEBUG ErrorCounter:82 - throwQueryException() : no errors
14:18:56,515 DEBUG SQL:104 - 
    select
        addresses1_.addressType as col_0_0_,
        addresses1_.id as col_1_0_,
        addresses1_.addressType as col_1_1_,
        addresses1_.street as col_1_2_,
        addresses1_.city as col_1_3_,
        addresses1_.stateProvince as col_1_4_,
        addresses1_.postalCode as col_1_5_,
        addresses1_.country as col_1_6_,
        addresses1_.studentNumber as col_1_7_ 
    from
        Student student0_,
        Address addresses1_ 
    where
        student0_.studentId=addresses1_.studentNumber
14:18:56,515 DEBUG SQL:104 - 
    select
        address0_.id as id0_0_,
        address0_.addressType as addressT2_0_0_,
        address0_.street as street0_0_,
        address0_.city as city0_0_,
        address0_.stateProvince as statePro5_0_0_,
        address0_.postalCode as postalCode0_0_,
        address0_.country as country0_0_,
        address0_.studentNumber as studentN8_0_0_ 
    from
        Address address0_ 
    where
        address0_.id=?
14:18:56,517 DEBUG SQL:104 - 
    select
        address0_.id as id0_0_,
        address0_.addressType as addressT2_0_0_,
        address0_.street as street0_0_,
        address0_.city as city0_0_,
        address0_.stateProvince as statePro5_0_0_,
        address0_.postalCode as postalCode0_0_,
        address0_.country as country0_0_,
        address0_.studentNumber as studentN8_0_0_ 
    from
        Address address0_ 
    where
        address0_.id=?
14:18:56,517 DEBUG BaseGeneralDataRegion:59 - Caching[foo.org.hibernate.cache.internal.StandardQueryCache] : [sql: select addresses1_.addressType as col_0_0_, addresses1_.id as col_1_0_, addresses1_.addressType as col_1_1_, addresses1_.street as col_1_2_, addresses1_.city as col_1_3_, addresses1_.stateProvince as col_1_4_, addresses1_.postalCode as col_1_5_, addresses1_.country as col_1_6_, addresses1_.studentNumber as col_1_7_ from Student student0_, Address addresses1_ where student0_.studentId=addresses1_.studentNumber; parameters: ; named parameters: {}; transformer: org.hibernate.transform.CacheableResultTransformer@1406bf] -> [[5579090888773632, [Ljava.io.Serializable;@256642df, [Ljava.io.Serializable;@3bc0da7b]]
14:18:56,518 DEBUG SQL:104 - 
    select
        addresses1_.addressType as col_0_0_,
        addresses1_.id as col_1_0_,
        addresses1_.addressType as col_1_1_,
        addresses1_.street as col_1_2_,
        addresses1_.city as col_1_3_,
        addresses1_.stateProvince as col_1_4_,
        addresses1_.postalCode as col_1_5_,
        addresses1_.country as col_1_6_,
        addresses1_.studentNumber as col_1_7_ 
    from
        Student student0_,
        Address addresses1_ 
    where
        student0_.studentId=addresses1_.studentNumber
14:18:56,530 DEBUG SQL:104 - 
    select
        address0_.id as id0_0_,
        address0_.addressType as addressT2_0_0_,
        address0_.street as street0_0_,
        address0_.city as city0_0_,
        address0_.stateProvince as statePro5_0_0_,
        address0_.postalCode as postalCode0_0_,
        address0_.country as country0_0_,
        address0_.studentNumber as studentN8_0_0_ 
    from
        Address address0_ 
    where
        address0_.id=?
14:18:56,531 DEBUG SQL:104 - 
    select
        address0_.id as id0_0_,
        address0_.addressType as addressT2_0_0_,
        address0_.street as street0_0_,
        address0_.city as city0_0_,
        address0_.stateProvince as statePro5_0_0_,
        address0_.postalCode as postalCode0_0_,
        address0_.country as country0_0_,
        address0_.studentNumber as studentN8_0_0_ 
    from
        Address address0_ 
    where
        address0_.id=?
14:18:56,541 DEBUG BaseGeneralDataRegion:59 - Caching[foo.org.hibernate.cache.internal.StandardQueryCache] : [sql: select addresses1_.addressType as col_0_0_, addresses1_.id as col_1_0_, addresses1_.addressType as col_1_1_, addresses1_.street as col_1_2_, addresses1_.city as col_1_3_, addresses1_.stateProvince as col_1_4_, addresses1_.postalCode as col_1_5_, addresses1_.country as col_1_6_, addresses1_.studentNumber as col_1_7_ from Student student0_, Address addresses1_ where student0_.studentId=addresses1_.studentNumber; parameters: ; named parameters: {}; transformer: org.hibernate.transform.CacheableResultTransformer@1406bf] -> [[5579090888871936, [Ljava.io.Serializable;@593b8458, [Ljava.io.Serializable;@526ddb2c]]
14:18:56,541 DEBUG SQL:104 - 
    select
        student_.studentId,
        student_.name_first as name2_4_,
        student_.name_middle as name3_4_,
        student_.name_last as name4_4_,
        student_.preferredCourseCode as preferre5_4_ 
    from
        Student student_ 
    where
        student_.studentId=?
14:18:56,542 DEBUG SQL:104 - 
    select
        enrolment_.studentId,
        enrolment_.courseCode,
        enrolment_.semester as semester3_,
        enrolment_."year" as year4_3_ 
    from
        Enrolment enrolment_ 
    where
        enrolment_.studentId=? 
        and enrolment_.courseCode=?
14:18:56,542 DEBUG SQL:104 - 
    select
        course_.courseCode,
        course_.description as descript2_1_ 
    from
        Course course_ 
    where
        course_.courseCode=?
14:18:56,542 DEBUG SQL:104 - 
    select
        student_.studentId,
        student_.name_first as name2_4_,
        student_.name_middle as name3_4_,
        student_.name_last as name4_4_,
        student_.preferredCourseCode as preferre5_4_ 
    from
        Student student_ 
    where
        student_.studentId=?
14:18:56,564 DEBUG SQL:104 - 
    select
        enrolment_.studentId,
        enrolment_.courseCode,
        enrolment_.semester as semester3_,
        enrolment_."year" as year4_3_ 
    from
        Enrolment enrolment_ 
    where
        enrolment_.studentId=? 
        and enrolment_.courseCode=?
14:18:56,565 DEBUG SQL:104 - 
    select
        coursemeet_.courseCode,
        coursemeet_.day,
        coursemeet_.period,
        coursemeet_.location 
    from
        CourseMeeting coursemeet_ 
    where
        coursemeet_.courseCode=? 
        and coursemeet_.day=? 
        and coursemeet_.period=? 
        and coursemeet_.location=?
14:18:56,565 DEBUG SQL:104 - 
    select
        coursemeet_.courseCode,
        coursemeet_.day,
        coursemeet_.period,
        coursemeet_.location 
    from
        CourseMeeting coursemeet_ 
    where
        coursemeet_.courseCode=? 
        and coursemeet_.day=? 
        and coursemeet_.period=? 
        and coursemeet_.location=?
14:18:56,576 DEBUG BaseGeneralDataRegion:59 - Caching[foo.org.hibernate.cache.spi.UpdateTimestampsCache] : [Enrolment] -> [5579091134775296]
14:18:56,576 DEBUG SQL:104 - 
    update
        Address 
    set
        studentNumber=null,
        addressType=null 
    where
        studentNumber=?
14:18:56,576 DEBUG BaseGeneralDataRegion:59 - Caching[foo.org.hibernate.cache.spi.UpdateTimestampsCache] : [Address] -> [5579091134775297]
14:18:56,577 DEBUG SQL:104 - 
    delete 
    from
        Student_secretCodes 
    where
        studentNumber=?
14:18:56,577 DEBUG BaseGeneralDataRegion:59 - Caching[foo.org.hibernate.cache.spi.UpdateTimestampsCache] : [Student_secretCodes] -> [5579091134779392]
14:18:56,577 DEBUG BaseGeneralDataRegion:59 - Caching[foo.org.hibernate.cache.spi.UpdateTimestampsCache] : [Enrolment] -> [5579091134779393]
14:18:56,577 DEBUG BaseGeneralDataRegion:59 - Caching[foo.org.hibernate.cache.spi.UpdateTimestampsCache] : [Address] -> [5579091134779394]
14:18:56,577 DEBUG SQL:104 - 
    delete 
    from
        Student_secretCodes 
    where
        studentNumber=?
14:18:56,586 DEBUG BaseGeneralDataRegion:59 - Caching[foo.org.hibernate.cache.spi.UpdateTimestampsCache] : [Student_secretCodes] -> [5579091134816256]
14:18:56,586 DEBUG BaseGeneralDataRegion:59 - Caching[foo.org.hibernate.cache.spi.UpdateTimestampsCache] : [CourseMeeting] -> [5579091134816257]
14:18:56,587 DEBUG SQL:104 - 
    delete 
    from
        Enrolment 
    where
        studentId=? 
        and courseCode=?
14:18:56,587 DEBUG BaseGeneralDataRegion:59 - Caching[foo.org.hibernate.cache.spi.UpdateTimestampsCache] : [Enrolment] -> [5579091134820352]
14:18:56,587 DEBUG SQL:104 - 
    delete 
    from
        Address 
    where
        id=?
14:18:56,587 DEBUG BaseGeneralDataRegion:59 - Caching[foo.org.hibernate.cache.spi.UpdateTimestampsCache] : [Address] -> [5579091134820353]
14:18:56,587 DEBUG SQL:104 - 
    delete 
    from
        Address 
    where
        id=?
14:18:56,588 DEBUG BaseGeneralDataRegion:59 - Caching[foo.org.hibernate.cache.spi.UpdateTimestampsCache] : [Address] -> [5579091134824448]
14:18:56,588 DEBUG SQL:104 - 
    delete 
    from
        Student 
    where
        studentId=?
14:18:56,597 DEBUG BaseGeneralDataRegion:59 - Caching[foo.org.hibernate.cache.spi.UpdateTimestampsCache] : [Student] -> [5579091134861312]
14:18:56,598 DEBUG SQL:104 - 
    delete 
    from
        Enrolment 
    where
        studentId=? 
        and courseCode=?
14:18:56,598 DEBUG BaseGeneralDataRegion:59 - Caching[foo.org.hibernate.cache.spi.UpdateTimestampsCache] : [Enrolment] -> [5579091134865408]
14:18:56,598 DEBUG SQL:104 - 
    delete 
    from
        Student 
    where
        studentId=?
14:18:56,599 DEBUG BaseGeneralDataRegion:59 - Caching[foo.org.hibernate.cache.spi.UpdateTimestampsCache] : [Student] -> [5579091134869504]
14:18:56,599 DEBUG SQL:104 - 
    delete 
    from
        CourseMeeting 
    where
        courseCode=? 
        and day=? 
        and period=? 
        and location=?
14:18:56,599 DEBUG BaseGeneralDataRegion:59 - Caching[foo.org.hibernate.cache.spi.UpdateTimestampsCache] : [CourseMeeting] -> [5579091134869505]
14:18:56,599 DEBUG SQL:104 - 
    delete 
    from
        CourseMeeting 
    where
        courseCode=? 
        and day=? 
        and period=? 
        and location=?
14:18:56,609 DEBUG BaseGeneralDataRegion:59 - Caching[foo.org.hibernate.cache.spi.UpdateTimestampsCache] : [CourseMeeting] -> [5579091134910464]
14:18:56,609 DEBUG SQL:104 - 
    delete 
    from
        Course 
    where
        courseCode=?
14:18:56,609 DEBUG BaseGeneralDataRegion:59 - Caching[foo.org.hibernate.cache.spi.UpdateTimestampsCache] : [Course] -> [5579091134910465]
14:18:56,609 DEBUG BaseGeneralDataRegion:59 - Caching[foo.org.hibernate.cache.spi.UpdateTimestampsCache] : [Student] -> [5579090889150466]
14:18:56,609 DEBUG BaseGeneralDataRegion:59 - Caching[foo.org.hibernate.cache.spi.UpdateTimestampsCache] : [Course] -> [5579090889150466]
14:18:56,609 DEBUG BaseGeneralDataRegion:59 - Caching[foo.org.hibernate.cache.spi.UpdateTimestampsCache] : [Enrolment] -> [5579090889150466]
14:18:56,610 DEBUG BaseGeneralDataRegion:59 - Caching[foo.org.hibernate.cache.spi.UpdateTimestampsCache] : [Student_secretCodes] -> [5579090889150466]
14:18:56,610 DEBUG BaseGeneralDataRegion:59 - Caching[foo.org.hibernate.cache.spi.UpdateTimestampsCache] : [Address] -> [5579090889150466]
14:18:56,610 DEBUG BaseGeneralDataRegion:59 - Caching[foo.org.hibernate.cache.spi.UpdateTimestampsCache] : [CourseMeeting] -> [5579090889150466]
14:18:56,610  INFO CustomRunner:139 - Test: testMapKeyList
14:18:56,611 DEBUG SQL:104 - 
    select
        coursemeet_.courseCode,
        coursemeet_.day,
        coursemeet_.period,
        coursemeet_.location 
    from
        CourseMeeting coursemeet_ 
    where
        coursemeet_.courseCode=? 
        and coursemeet_.day=? 
        and coursemeet_.period=? 
        and coursemeet_.location=?
14:18:56,620 DEBUG SQL:104 - 
    select
        coursemeet_.courseCode,
        coursemeet_.day,
        coursemeet_.period,
        coursemeet_.location 
    from
        CourseMeeting coursemeet_ 
    where
        coursemeet_.courseCode=? 
        and coursemeet_.day=? 
        and coursemeet_.period=? 
        and coursemeet_.location=?
14:18:56,621 DEBUG SQL:104 - 
    insert 
    into
        Course
        (description, courseCode) 
    values
        (?, ?)
14:18:56,621 DEBUG BaseGeneralDataRegion:59 - Caching[foo.org.hibernate.cache.spi.UpdateTimestampsCache] : [Course] -> [5579091134959616]
14:18:56,630 DEBUG SQL:104 - 
    insert 
    into
        CourseMeeting
        (courseCode, day, period, location) 
    values
        (?, ?, ?, ?)
14:18:56,630 DEBUG BaseGeneralDataRegion:59 - Caching[foo.org.hibernate.cache.spi.UpdateTimestampsCache] : [CourseMeeting] -> [5579091134996480]
14:18:56,630 DEBUG SQL:104 - 
    insert 
    into
        CourseMeeting
        (courseCode, day, period, location) 
    values
        (?, ?, ?, ?)
14:18:56,631 DEBUG BaseGeneralDataRegion:59 - Caching[foo.org.hibernate.cache.spi.UpdateTimestampsCache] : [CourseMeeting] -> [5579091135000576]
14:18:56,631 DEBUG SQL:104 - 
    insert 
    into
        Student
        (name_first, name_middle, name_last, preferredCourseCode, studentId) 
    values
        (?, ?, ?, ?, ?)
14:18:56,631 DEBUG BaseGeneralDataRegion:59 - Caching[foo.org.hibernate.cache.spi.UpdateTimestampsCache] : [Student] -> [5579091135000577]
14:18:56,631 DEBUG SQL:104 - 
    insert 
    into
        Address
        (addressType, street, city, stateProvince, postalCode, country, studentNumber, id) 
    values
        (?, ?, ?, ?, ?, ?, ?, ?)
14:18:56,641 DEBUG BaseGeneralDataRegion:59 - Caching[foo.org.hibernate.cache.spi.UpdateTimestampsCache] : [Address] -> [5579091135041536]
14:18:56,641 DEBUG SQL:104 - 
    insert 
    into
        Address
        (addressType, street, city, stateProvince, postalCode, country, studentNumber, id) 
    values
        (?, ?, ?, ?, ?, ?, ?, ?)
14:18:56,641 DEBUG BaseGeneralDataRegion:59 - Caching[foo.org.hibernate.cache.spi.UpdateTimestampsCache] : [Address] -> [5579091135041537]
14:18:56,641 DEBUG SQL:104 - 
    insert 
    into
        Student
        (name_first, name_middle, name_last, preferredCourseCode, studentId) 
    values
        (?, ?, ?, ?, ?)
14:18:56,641 DEBUG BaseGeneralDataRegion:59 - Caching[foo.org.hibernate.cache.spi.UpdateTimestampsCache] : [Student] -> [5579091135041538]
14:18:56,642 DEBUG SQL:104 - 
    insert 
    into
        Enrolment
        (semester, "year", studentId, courseCode) 
    values
        (?, ?, ?, ?)
14:18:56,642 DEBUG BaseGeneralDataRegion:59 - Caching[foo.org.hibernate.cache.spi.UpdateTimestampsCache] : [Enrolment] -> [5579091135045632]
14:18:56,642 DEBUG SQL:104 - 
    insert 
    into
        Enrolment
        (semester, "year", studentId, courseCode) 
    values
        (?, ?, ?, ?)
14:18:56,642 DEBUG BaseGeneralDataRegion:59 - Caching[foo.org.hibernate.cache.spi.UpdateTimestampsCache] : [Enrolment] -> [5579091135045633]
14:18:56,642 DEBUG BaseGeneralDataRegion:59 - Caching[foo.org.hibernate.cache.spi.UpdateTimestampsCache] : [CourseMeeting] -> [5579091135045634]
14:18:56,642 DEBUG BaseGeneralDataRegion:59 - Caching[foo.org.hibernate.cache.spi.UpdateTimestampsCache] : [Enrolment] -> [5579091135045635]
14:18:56,642 DEBUG SQL:104 - 
    update
        Address 
    set
        studentNumber=?,
        addressType=? 
    where
        id=?
14:18:56,643 DEBUG SQL:104 - 
    update
        Address 
    set
        studentNumber=?,
        addressType=? 
    where
        id=?
14:18:56,643 DEBUG BaseGeneralDataRegion:59 - Caching[foo.org.hibernate.cache.spi.UpdateTimestampsCache] : [Address] -> [5579091135049728]
14:18:56,643 DEBUG SQL:104 - 
    insert 
    into
        Student_secretCodes
        (studentNumber, i, secretCode) 
    values
        (?, ?, ?)
14:18:56,653 DEBUG BaseGeneralDataRegion:59 - Caching[foo.org.hibernate.cache.spi.UpdateTimestampsCache] : [Student_secretCodes] -> [5579091135090688]
14:18:56,653 DEBUG BaseGeneralDataRegion:59 - Caching[foo.org.hibernate.cache.spi.UpdateTimestampsCache] : [Enrolment] -> [5579091135090689]
14:18:56,653 DEBUG BaseGeneralDataRegion:59 - Caching[foo.org.hibernate.cache.spi.UpdateTimestampsCache] : [Address] -> [5579091135090690]
14:18:56,653 DEBUG SQL:104 - 
    insert 
    into
        Student_secretCodes
        (studentNumber, i, secretCode) 
    values
        (?, ?, ?)
14:18:56,653 DEBUG SQL:104 - 
    insert 
    into
        Student_secretCodes
        (studentNumber, i, secretCode) 
    values
        (?, ?, ?)
14:18:56,653 DEBUG BaseGeneralDataRegion:59 - Caching[foo.org.hibernate.cache.spi.UpdateTimestampsCache] : [Student_secretCodes] -> [5579091135090691]
14:18:56,654 DEBUG BaseGeneralDataRegion:59 - Caching[foo.org.hibernate.cache.spi.UpdateTimestampsCache] : [Student] -> [5579090889334784]
14:18:56,654 DEBUG BaseGeneralDataRegion:59 - Caching[foo.org.hibernate.cache.spi.UpdateTimestampsCache] : [Course] -> [5579090889334784]
14:18:56,654 DEBUG BaseGeneralDataRegion:59 - Caching[foo.org.hibernate.cache.spi.UpdateTimestampsCache] : [Enrolment] -> [5579090889334784]
14:18:56,654 DEBUG BaseGeneralDataRegion:59 - Caching[foo.org.hibernate.cache.spi.UpdateTimestampsCache] : [Student_secretCodes] -> [5579090889334784]
14:18:56,654 DEBUG BaseGeneralDataRegion:59 - Caching[foo.org.hibernate.cache.spi.UpdateTimestampsCache] : [Address] -> [5579090889334784]
14:18:56,654 DEBUG BaseGeneralDataRegion:59 - Caching[foo.org.hibernate.cache.spi.UpdateTimestampsCache] : [CourseMeeting] -> [5579090889334784]
14:18:56,654 DEBUG QueryTranslatorImpl:265 - parse() - HQL: select key(s.addresses) from org.hibernate.test.querycache.Student s
14:18:56,655 DEBUG QueryTranslatorImpl:283 - --- HQL AST ---
 \-[QUERY] Node: 'query'
    \-[SELECT_FROM] Node: 'SELECT_FROM'
       +-[FROM] Node: 'from'
       |  \-[RANGE] Node: 'RANGE'
       |     +-[DOT] Node: '.'
       |     |  +-[DOT] Node: '.'
       |     |  |  +-[DOT] Node: '.'
       |     |  |  |  +-[DOT] Node: '.'
       |     |  |  |  |  +-[IDENT] Node: 'org'
       |     |  |  |  |  \-[IDENT] Node: 'hibernate'
       |     |  |  |  \-[IDENT] Node: 'test'
       |     |  |  \-[IDENT] Node: 'querycache'
       |     |  \-[IDENT] Node: 'Student'
       |     \-[ALIAS] Node: 's'
       \-[SELECT] Node: 'select'
          \-[KEY] Node: ''
             \-[DOT] Node: '.'
                +-[IDENT] Node: 's'
                \-[IDENT] Node: 'addresses'

14:18:56,675 DEBUG ErrorCounter:82 - throwQueryException() : no errors
14:18:56,676 DEBUG FromElement:157 - FromClause{level=1} : org.hibernate.test.querycache.Student (s) -> student0_
14:18:56,676 DEBUG FromReferenceNode:74 - Resolved : s -> student0_.studentId
14:18:56,676 DEBUG DotNode:599 - getDataType() : addresses -> org.hibernate.type.MapType(org.hibernate.test.querycache.Student.addresses)
14:18:56,677 DEBUG FromElementFactory:376 - createEntityAssociation() : One to many - path = s.addresses role = org.hibernate.test.querycache.Student.addresses associatedEntityName = org.hibernate.test.querycache.Address
14:18:56,677 DEBUG FromElement:157 - FromClause{level=1} : org.hibernate.test.querycache.Address (<no alias>) -> addresses1_
14:18:56,677 DEBUG FromClause:282 - addJoinByPathMap() : s.addresses -> ImpliedFromElement{implied,not a collection join,not a fetch join,fetch non-lazy properties,classAlias=null,role=null,tableName=Address,tableAlias=addresses1_,origin=Student student0_,columns={student0_.studentId ,className=org.hibernate.test.querycache.Address}}
14:18:56,677 DEBUG DotNode:308 - dereferenceCollection() : Created new FROM element for s.addresses : Address addresses1_
14:18:56,677 DEBUG FromReferenceNode:74 - Resolved : s.addresses -> .
14:18:56,677 DEBUG HqlSqlWalker:629 - processQuery() :  ( SELECT ( {select clause} addresses1_.addressType ) ( FromClause{level=1} ( Student student0_ Address addresses1_ ) ) )
14:18:56,677 DEBUG JoinProcessor:175 - Using FROM fragment [Student student0_]
14:18:56,678 DEBUG SyntheticAndFactory:92 - Using unprocessed WHERE-fragment [student0_.studentId=addresses1_.studentNumber]
14:18:56,678 DEBUG SyntheticAndFactory:124 - Using processed WHERE-fragment [student0_.studentId=addresses1_.studentNumber]
14:18:56,678 DEBUG QueryNode:73 - getWhereClause() : Creating a new WHERE clause...
14:18:56,678 DEBUG QueryTranslatorImpl:252 - --- SQL AST ---
 \-[SELECT] QueryNode: 'SELECT'  querySpaces (Student,Address)
    +-[SELECT_CLAUSE] SelectClause: '{select clause}'
    |  +-[KEY] MapKeyNode: 'addresses1_.addressType' {ImpliedFromElement{implied,not a collection join,not a fetch join,fetch non-lazy properties,classAlias=null,role=org.hibernate.test.querycache.Student.addresses,tableName=Address,tableAlias=addresses1_,origin=Student student0_,columns={student0_.studentId ,className=org.hibernate.test.querycache.Address}}}
    |  \-[SELECT_COLUMNS] SqlNode: ' as col_0_0_'
    +-[FROM] FromClause: 'from' FromClause{level=1, fromElementCounter=2, fromElements=2, fromElementByClassAlias=[s], fromElementByTableAlias=[student0_, addresses1_], fromElementsByPath=[s.addresses], collectionJoinFromElementsByPath=[], impliedElements=[]}
    |  \-[FROM_FRAGMENT] FromElement: 'Student student0_' FromElement{explicit,not a collection join,not a fetch join,fetch non-lazy properties,classAlias=s,role=null,tableName=Student,tableAlias=student0_,origin=null,columns={,className=org.hibernate.test.querycache.Student}}
    |     \-[FROM_FRAGMENT] ImpliedFromElement: 'Address addresses1_' ImpliedFromElement{implied,not a collection join,not a fetch join,fetch non-lazy properties,classAlias=null,role=org.hibernate.test.querycache.Student.addresses,tableName=Address,tableAlias=addresses1_,origin=Student student0_,columns={student0_.studentId ,className=org.hibernate.test.querycache.Address}}
    \-[WHERE] SqlNode: 'WHERE'
       \-[THETA_JOINS] SqlNode: '{theta joins}'
          \-[SQL_TOKEN] SqlFragment: 'student0_.studentId=addresses1_.studentNumber'

14:18:56,678 DEBUG ErrorCounter:82 - throwQueryException() : no errors
14:18:56,687 DEBUG QueryTranslatorImpl:235 - HQL: select key(s.addresses) from org.hibernate.test.querycache.Student s
14:18:56,687 DEBUG QueryTranslatorImpl:236 - SQL: select addresses1_.addressType as col_0_0_ from Student student0_, Address addresses1_ where student0_.studentId=addresses1_.studentNumber
14:18:56,687 DEBUG ErrorCounter:82 - throwQueryException() : no errors
14:18:56,687 DEBUG SQL:104 - 
    select
        addresses1_.addressType as col_0_0_ 
    from
        Student student0_,
        Address addresses1_ 
    where
        student0_.studentId=addresses1_.studentNumber
14:18:56,688 DEBUG BaseGeneralDataRegion:59 - Caching[foo.org.hibernate.cache.internal.StandardQueryCache] : [sql: select addresses1_.addressType as col_0_0_ from Student student0_, Address addresses1_ where student0_.studentId=addresses1_.studentNumber; parameters: ; named parameters: {}; transformer: org.hibernate.transform.CacheableResultTransformer@110f2] -> [[5579090889474048, work, home]]
14:18:56,688 DEBUG SQL:104 - 
    select
        addresses1_.addressType as col_0_0_ 
    from
        Student student0_,
        Address addresses1_ 
    where
        student0_.studentId=addresses1_.studentNumber
14:18:56,688 DEBUG BaseGeneralDataRegion:59 - Caching[foo.org.hibernate.cache.internal.StandardQueryCache] : [sql: select addresses1_.addressType as col_0_0_ from Student student0_, Address addresses1_ where student0_.studentId=addresses1_.studentNumber; parameters: ; named parameters: {}; transformer: org.hibernate.transform.CacheableResultTransformer@110f2] -> [[5579090889474051, work, home]]
14:18:56,689 DEBUG SQL:104 - 
    select
        student_.studentId,
        student_.name_first as name2_4_,
        student_.name_middle as name3_4_,
        student_.name_last as name4_4_,
        student_.preferredCourseCode as preferre5_4_ 
    from
        Student student_ 
    where
        student_.studentId=?
14:18:56,698 DEBUG SQL:104 - 
    select
        enrolment_.studentId,
        enrolment_.courseCode,
        enrolment_.semester as semester3_,
        enrolment_."year" as year4_3_ 
    from
        Enrolment enrolment_ 
    where
        enrolment_.studentId=? 
        and enrolment_.courseCode=?
14:18:56,698 DEBUG SQL:104 - 
    select
        course_.courseCode,
        course_.description as descript2_1_ 
    from
        Course course_ 
    where
        course_.courseCode=?
14:18:56,698 DEBUG SQL:104 - 
    select
        student_.studentId,
        student_.name_first as name2_4_,
        student_.name_middle as name3_4_,
        student_.name_last as name4_4_,
        student_.preferredCourseCode as preferre5_4_ 
    from
        Student student_ 
    where
        student_.studentId=?
14:18:56,708 DEBUG SQL:104 - 
    select
        enrolment_.studentId,
        enrolment_.courseCode,
        enrolment_.semester as semester3_,
        enrolment_."year" as year4_3_ 
    from
        Enrolment enrolment_ 
    where
        enrolment_.studentId=? 
        and enrolment_.courseCode=?
14:18:56,709 DEBUG SQL:104 - 
    select
        coursemeet_.courseCode,
        coursemeet_.day,
        coursemeet_.period,
        coursemeet_.location 
    from
        CourseMeeting coursemeet_ 
    where
        coursemeet_.courseCode=? 
        and coursemeet_.day=? 
        and coursemeet_.period=? 
        and coursemeet_.location=?
14:18:56,709 DEBUG SQL:104 - 
    select
        coursemeet_.courseCode,
        coursemeet_.day,
        coursemeet_.period,
        coursemeet_.location 
    from
        CourseMeeting coursemeet_ 
    where
        coursemeet_.courseCode=? 
        and coursemeet_.day=? 
        and coursemeet_.period=? 
        and coursemeet_.location=?
14:18:56,719 DEBUG BaseGeneralDataRegion:59 - Caching[foo.org.hibernate.cache.spi.UpdateTimestampsCache] : [Enrolment] -> [5579091135361024]
14:18:56,719 DEBUG SQL:104 - 
    update
        Address 
    set
        studentNumber=null,
        addressType=null 
    where
        studentNumber=?
14:18:56,719 DEBUG BaseGeneralDataRegion:59 - Caching[foo.org.hibernate.cache.spi.UpdateTimestampsCache] : [Address] -> [5579091135361025]
14:18:56,719 DEBUG SQL:104 - 
    delete 
    from
        Student_secretCodes 
    where
        studentNumber=?
14:18:56,719 DEBUG BaseGeneralDataRegion:59 - Caching[foo.org.hibernate.cache.spi.UpdateTimestampsCache] : [Student_secretCodes] -> [5579091135361026]
14:18:56,719 DEBUG BaseGeneralDataRegion:59 - Caching[foo.org.hibernate.cache.spi.UpdateTimestampsCache] : [Enrolment] -> [5579091135361027]
14:18:56,720 DEBUG BaseGeneralDataRegion:59 - Caching[foo.org.hibernate.cache.spi.UpdateTimestampsCache] : [Address] -> [5579091135365120]
14:18:56,720 DEBUG SQL:104 - 
    delete 
    from
        Student_secretCodes 
    where
        studentNumber=?
14:18:56,730 DEBUG BaseGeneralDataRegion:59 - Caching[foo.org.hibernate.cache.spi.UpdateTimestampsCache] : [Student_secretCodes] -> [5579091135406080]
14:18:56,731 DEBUG BaseGeneralDataRegion:59 - Caching[foo.org.hibernate.cache.spi.UpdateTimestampsCache] : [CourseMeeting] -> [5579091135410176]
14:18:56,731 DEBUG SQL:104 - 
    delete 
    from
        Enrolment 
    where
        studentId=? 
        and courseCode=?
14:18:56,731 DEBUG BaseGeneralDataRegion:59 - Caching[foo.org.hibernate.cache.spi.UpdateTimestampsCache] : [Enrolment] -> [5579091135410177]
14:18:56,731 DEBUG SQL:104 - 
    delete 
    from
        Address 
    where
        id=?
14:18:56,731 DEBUG BaseGeneralDataRegion:59 - Caching[foo.org.hibernate.cache.spi.UpdateTimestampsCache] : [Address] -> [5579091135410178]
14:18:56,732 DEBUG SQL:104 - 
    delete 
    from
        Address 
    where
        id=?
14:18:56,732 DEBUG BaseGeneralDataRegion:59 - Caching[foo.org.hibernate.cache.spi.UpdateTimestampsCache] : [Address] -> [5579091135414272]
14:18:56,732 DEBUG SQL:104 - 
    delete 
    from
        Student 
    where
        studentId=?
14:18:56,741 DEBUG BaseGeneralDataRegion:59 - Caching[foo.org.hibernate.cache.spi.UpdateTimestampsCache] : [Student] -> [5579091135451136]
14:18:56,741 DEBUG SQL:104 - 
    delete 
    from
        Enrolment 
    where
        studentId=? 
        and courseCode=?
14:18:56,742 DEBUG BaseGeneralDataRegion:59 - Caching[foo.org.hibernate.cache.spi.UpdateTimestampsCache] : [Enrolment] -> [5579091135455232]
14:18:56,742 DEBUG SQL:104 - 
    delete 
    from
        Student 
    where
        studentId=?
14:18:56,742 DEBUG BaseGeneralDataRegion:59 - Caching[foo.org.hibernate.cache.spi.UpdateTimestampsCache] : [Student] -> [5579091135455233]
14:18:56,742 DEBUG SQL:104 - 
    delete 
    from
        CourseMeeting 
    where
        courseCode=? 
        and day=? 
        and period=? 
        and location=?
14:18:56,742 DEBUG BaseGeneralDataRegion:59 - Caching[foo.org.hibernate.cache.spi.UpdateTimestampsCache] : [CourseMeeting] -> [5579091135455234]
14:18:56,752 DEBUG SQL:104 - 
    delete 
    from
        CourseMeeting 
    where
        courseCode=? 
        and day=? 
        and period=? 
        and location=?
14:18:56,753 DEBUG BaseGeneralDataRegion:59 - Caching[foo.org.hibernate.cache.spi.UpdateTimestampsCache] : [CourseMeeting] -> [5579091135500288]
14:18:56,753 DEBUG SQL:104 - 
    delete 
    from
        Course 
    where
        courseCode=?
14:18:56,753 DEBUG BaseGeneralDataRegion:59 - Caching[foo.org.hibernate.cache.spi.UpdateTimestampsCache] : [Course] -> [5579091135500289]
14:18:56,753 DEBUG BaseGeneralDataRegion:59 - Caching[foo.org.hibernate.cache.spi.UpdateTimestampsCache] : [Student] -> [5579090889740290]
14:18:56,753 DEBUG BaseGeneralDataRegion:59 - Caching[foo.org.hibernate.cache.spi.UpdateTimestampsCache] : [Course] -> [5579090889740290]
14:18:56,753 DEBUG BaseGeneralDataRegion:59 - Caching[foo.org.hibernate.cache.spi.UpdateTimestampsCache] : [Enrolment] -> [5579090889740290]
14:18:56,753 DEBUG BaseGeneralDataRegion:59 - Caching[foo.org.hibernate.cache.spi.UpdateTimestampsCache] : [Student_secretCodes] -> [5579090889740290]
14:18:56,753 DEBUG BaseGeneralDataRegion:59 - Caching[foo.org.hibernate.cache.spi.UpdateTimestampsCache] : [Address] -> [5579090889740290]
14:18:56,753 DEBUG BaseGeneralDataRegion:59 - Caching[foo.org.hibernate.cache.spi.UpdateTimestampsCache] : [CourseMeeting] -> [5579090889740290]
14:18:56,754  INFO CustomRunner:139 - Test: testMapValueList
14:18:56,755 DEBUG SQL:104 - 
    select
        coursemeet_.courseCode,
        coursemeet_.day,
        coursemeet_.period,
        coursemeet_.location 
    from
        CourseMeeting coursemeet_ 
    where
        coursemeet_.courseCode=? 
        and coursemeet_.day=? 
        and coursemeet_.period=? 
        and coursemeet_.location=?
14:18:56,763 DEBUG SQL:104 - 
    select
        coursemeet_.courseCode,
        coursemeet_.day,
        coursemeet_.period,
        coursemeet_.location 
    from
        CourseMeeting coursemeet_ 
    where
        coursemeet_.courseCode=? 
        and coursemeet_.day=? 
        and coursemeet_.period=? 
        and coursemeet_.location=?
14:18:56,764 DEBUG SQL:104 - 
    insert 
    into
        Course
        (description, courseCode) 
    values
        (?, ?)
14:18:56,765 DEBUG BaseGeneralDataRegion:59 - Caching[foo.org.hibernate.cache.spi.UpdateTimestampsCache] : [Course] -> [5579091135549440]
14:18:56,805 DEBUG SQL:104 - 
    insert 
    into
        CourseMeeting
        (courseCode, day, period, location) 
    values
        (?, ?, ?, ?)
14:18:56,806 DEBUG BaseGeneralDataRegion:59 - Caching[foo.org.hibernate.cache.spi.UpdateTimestampsCache] : [CourseMeeting] -> [5579091135717376]
14:18:56,806 DEBUG SQL:104 - 
    insert 
    into
        CourseMeeting
        (courseCode, day, period, location) 
    values
        (?, ?, ?, ?)
14:18:56,806 DEBUG BaseGeneralDataRegion:59 - Caching[foo.org.hibernate.cache.spi.UpdateTimestampsCache] : [CourseMeeting] -> [5579091135717377]
14:18:56,806 DEBUG SQL:104 - 
    insert 
    into
        Student
        (name_first, name_middle, name_last, preferredCourseCode, studentId) 
    values
        (?, ?, ?, ?, ?)
14:18:56,806 DEBUG BaseGeneralDataRegion:59 - Caching[foo.org.hibernate.cache.spi.UpdateTimestampsCache] : [Student] -> [5579091135717378]
14:18:56,806 DEBUG SQL:104 - 
    insert 
    into
        Address
        (addressType, street, city, stateProvince, postalCode, country, studentNumber, id) 
    values
        (?, ?, ?, ?, ?, ?, ?, ?)
14:18:56,806 DEBUG BaseGeneralDataRegion:59 - Caching[foo.org.hibernate.cache.spi.UpdateTimestampsCache] : [Address] -> [5579091135717379]
14:18:56,807 DEBUG SQL:104 - 
    insert 
    into
        Address
        (addressType, street, city, stateProvince, postalCode, country, studentNumber, id) 
    values
        (?, ?, ?, ?, ?, ?, ?, ?)
14:18:56,807 DEBUG BaseGeneralDataRegion:59 - Caching[foo.org.hibernate.cache.spi.UpdateTimestampsCache] : [Address] -> [5579091135721472]
14:18:56,807 DEBUG SQL:104 - 
    insert 
    into
        Student
        (name_first, name_middle, name_last, preferredCourseCode, studentId) 
    values
        (?, ?, ?, ?, ?)
14:18:56,819 DEBUG BaseGeneralDataRegion:59 - Caching[foo.org.hibernate.cache.spi.UpdateTimestampsCache] : [Student] -> [5579091135770624]
14:18:56,820 DEBUG SQL:104 - 
    insert 
    into
        Enrolment
        (semester, "year", studentId, courseCode) 
    values
        (?, ?, ?, ?)
14:18:56,820 DEBUG BaseGeneralDataRegion:59 - Caching[foo.org.hibernate.cache.spi.UpdateTimestampsCache] : [Enrolment] -> [5579091135774720]
14:18:56,820 DEBUG SQL:104 - 
    insert 
    into
        Enrolment
        (semester, "year", studentId, courseCode) 
    values
        (?, ?, ?, ?)
14:18:56,820 DEBUG BaseGeneralDataRegion:59 - Caching[foo.org.hibernate.cache.spi.UpdateTimestampsCache] : [Enrolment] -> [5579091135774721]
14:18:56,820 DEBUG BaseGeneralDataRegion:59 - Caching[foo.org.hibernate.cache.spi.UpdateTimestampsCache] : [CourseMeeting] -> [5579091135774722]
14:18:56,821 DEBUG BaseGeneralDataRegion:59 - Caching[foo.org.hibernate.cache.spi.UpdateTimestampsCache] : [Enrolment] -> [5579091135778816]
14:18:56,821 DEBUG SQL:104 - 
    update
        Address 
    set
        studentNumber=?,
        addressType=? 
    where
        id=?
14:18:56,821 DEBUG SQL:104 - 
    update
        Address 
    set
        studentNumber=?,
        addressType=? 
    where
        id=?
14:18:56,821 DEBUG BaseGeneralDataRegion:59 - Caching[foo.org.hibernate.cache.spi.UpdateTimestampsCache] : [Address] -> [5579091135778817]
14:18:56,821 DEBUG SQL:104 - 
    insert 
    into
        Student_secretCodes
        (studentNumber, i, secretCode) 
    values
        (?, ?, ?)
14:18:56,821 DEBUG BaseGeneralDataRegion:59 - Caching[foo.org.hibernate.cache.spi.UpdateTimestampsCache] : [Student_secretCodes] -> [5579091135778818]
14:18:56,821 DEBUG BaseGeneralDataRegion:59 - Caching[foo.org.hibernate.cache.spi.UpdateTimestampsCache] : [Enrolment] -> [5579091135778819]
14:18:56,821 DEBUG BaseGeneralDataRegion:59 - Caching[foo.org.hibernate.cache.spi.UpdateTimestampsCache] : [Address] -> [5579091135778820]
14:18:56,822 DEBUG SQL:104 - 
    insert 
    into
        Student_secretCodes
        (studentNumber, i, secretCode) 
    values
        (?, ?, ?)
14:18:56,822 DEBUG SQL:104 - 
    insert 
    into
        Student_secretCodes
        (studentNumber, i, secretCode) 
    values
        (?, ?, ?)
14:18:56,822 DEBUG BaseGeneralDataRegion:59 - Caching[foo.org.hibernate.cache.spi.UpdateTimestampsCache] : [Student_secretCodes] -> [5579091135782912]
14:18:56,822 DEBUG BaseGeneralDataRegion:59 - Caching[foo.org.hibernate.cache.spi.UpdateTimestampsCache] : [Student] -> [5579090890022913]
14:18:56,822 DEBUG BaseGeneralDataRegion:59 - Caching[foo.org.hibernate.cache.spi.UpdateTimestampsCache] : [Course] -> [5579090890022913]
14:18:56,822 DEBUG BaseGeneralDataRegion:59 - Caching[foo.org.hibernate.cache.spi.UpdateTimestampsCache] : [Enrolment] -> [5579090890022913]
14:18:56,822 DEBUG BaseGeneralDataRegion:59 - Caching[foo.org.hibernate.cache.spi.UpdateTimestampsCache] : [Student_secretCodes] -> [5579090890022913]
14:18:56,822 DEBUG BaseGeneralDataRegion:59 - Caching[foo.org.hibernate.cache.spi.UpdateTimestampsCache] : [Address] -> [5579090890022913]
14:18:56,822 DEBUG BaseGeneralDataRegion:59 - Caching[foo.org.hibernate.cache.spi.UpdateTimestampsCache] : [CourseMeeting] -> [5579090890022913]
14:18:56,823 DEBUG QueryTranslatorImpl:265 - parse() - HQL: select value(s.addresses) from org.hibernate.test.querycache.Student s
14:18:56,824 DEBUG QueryTranslatorImpl:283 - --- HQL AST ---
 \-[QUERY] Node: 'query'
    \-[SELECT_FROM] Node: 'SELECT_FROM'
       +-[FROM] Node: 'from'
       |  \-[RANGE] Node: 'RANGE'
       |     +-[DOT] Node: '.'
       |     |  +-[DOT] Node: '.'
       |     |  |  +-[DOT] Node: '.'
       |     |  |  |  +-[DOT] Node: '.'
       |     |  |  |  |  +-[IDENT] Node: 'org'
       |     |  |  |  |  \-[IDENT] Node: 'hibernate'
       |     |  |  |  \-[IDENT] Node: 'test'
       |     |  |  \-[IDENT] Node: 'querycache'
       |     |  \-[IDENT] Node: 'Student'
       |     \-[ALIAS] Node: 's'
       \-[SELECT] Node: 'select'
          \-[VALUE] Node: ''
             \-[DOT] Node: '.'
                +-[IDENT] Node: 's'
                \-[IDENT] Node: 'addresses'

14:18:56,848 DEBUG ErrorCounter:82 - throwQueryException() : no errors
14:18:56,848 DEBUG FromElement:157 - FromClause{level=1} : org.hibernate.test.querycache.Student (s) -> student0_
14:18:56,848 DEBUG FromReferenceNode:74 - Resolved : s -> student0_.studentId
14:18:56,848 DEBUG DotNode:599 - getDataType() : addresses -> org.hibernate.type.MapType(org.hibernate.test.querycache.Student.addresses)
14:18:56,849 DEBUG FromElementFactory:376 - createEntityAssociation() : One to many - path = s.addresses role = org.hibernate.test.querycache.Student.addresses associatedEntityName = org.hibernate.test.querycache.Address
14:18:56,849 DEBUG FromElement:157 - FromClause{level=1} : org.hibernate.test.querycache.Address (<no alias>) -> addresses1_
14:18:56,849 DEBUG FromClause:282 - addJoinByPathMap() : s.addresses -> ImpliedFromElement{implied,not a collection join,not a fetch join,fetch non-lazy properties,classAlias=null,role=null,tableName=Address,tableAlias=addresses1_,origin=Student student0_,columns={student0_.studentId ,className=org.hibernate.test.querycache.Address}}
14:18:56,849 DEBUG DotNode:308 - dereferenceCollection() : Created new FROM element for s.addresses : Address addresses1_
14:18:56,849 DEBUG FromReferenceNode:74 - Resolved : s.addresses -> .
14:18:56,849 DEBUG HqlSqlWalker:629 - processQuery() :  ( SELECT ( {select clause} addresses1_.id ) ( FromClause{level=1} ( Student student0_ Address addresses1_ ) ) )
14:18:56,849 DEBUG JoinProcessor:175 - Using FROM fragment [Student student0_]
14:18:56,850 DEBUG SyntheticAndFactory:92 - Using unprocessed WHERE-fragment [student0_.studentId=addresses1_.studentNumber]
14:18:56,850 DEBUG SyntheticAndFactory:124 - Using processed WHERE-fragment [student0_.studentId=addresses1_.studentNumber]
14:18:56,850 DEBUG QueryNode:73 - getWhereClause() : Creating a new WHERE clause...
14:18:56,850 DEBUG QueryTranslatorImpl:252 - --- SQL AST ---
 \-[SELECT] QueryNode: 'SELECT'  querySpaces (Student,Address)
    +-[SELECT_CLAUSE] SelectClause: '{select clause}'
    |  +-[VALUE] MapValueNode: 'addresses1_.id as id0_' {ImpliedFromElement{implied,not a collection join,not a fetch join,fetch non-lazy properties,classAlias=null,role=org.hibernate.test.querycache.Student.addresses,tableName=Address,tableAlias=addresses1_,origin=Student student0_,columns={student0_.studentId ,className=org.hibernate.test.querycache.Address}}}
    |  \-[SQL_TOKEN] SqlFragment: 'addresses1_.addressType as addressT2_0_, addresses1_.street as street0_, addresses1_.city as city0_, addresses1_.stateProvince as statePro5_0_, addresses1_.postalCode as postalCode0_, addresses1_.country as country0_, addresses1_.studentNumber as studentN8_0_'
    +-[FROM] FromClause: 'from' FromClause{level=1, fromElementCounter=2, fromElements=2, fromElementByClassAlias=[s], fromElementByTableAlias=[student0_, addresses1_], fromElementsByPath=[s.addresses], collectionJoinFromElementsByPath=[], impliedElements=[]}
    |  \-[FROM_FRAGMENT] FromElement: 'Student student0_' FromElement{explicit,not a collection join,not a fetch join,fetch non-lazy properties,classAlias=s,role=null,tableName=Student,tableAlias=student0_,origin=null,columns={,className=org.hibernate.test.querycache.Student}}
    |     \-[FROM_FRAGMENT] ImpliedFromElement: 'Address addresses1_' ImpliedFromElement{implied,not a collection join,not a fetch join,fetch non-lazy properties,classAlias=null,role=org.hibernate.test.querycache.Student.addresses,tableName=Address,tableAlias=addresses1_,origin=Student student0_,columns={student0_.studentId ,className=org.hibernate.test.querycache.Address}}
    \-[WHERE] SqlNode: 'WHERE'
       \-[THETA_JOINS] SqlNode: '{theta joins}'
          \-[SQL_TOKEN] SqlFragment: 'student0_.studentId=addresses1_.studentNumber'

14:18:56,860 DEBUG ErrorCounter:82 - throwQueryException() : no errors
14:18:56,861 DEBUG QueryTranslatorImpl:235 - HQL: select value(s.addresses) from org.hibernate.test.querycache.Student s
14:18:56,861 DEBUG QueryTranslatorImpl:236 - SQL: select addresses1_.id as id0_, addresses1_.addressType as addressT2_0_, addresses1_.street as street0_, addresses1_.city as city0_, addresses1_.stateProvince as statePro5_0_, addresses1_.postalCode as postalCode0_, addresses1_.country as country0_, addresses1_.studentNumber as studentN8_0_ from Student student0_, Address addresses1_ where student0_.studentId=addresses1_.studentNumber
14:18:56,861 DEBUG ErrorCounter:82 - throwQueryException() : no errors
14:18:56,861 DEBUG SQL:104 - 
    select
        addresses1_.id as id0_,
        addresses1_.addressType as addressT2_0_,
        addresses1_.street as street0_,
        addresses1_.city as city0_,
        addresses1_.stateProvince as statePro5_0_,
        addresses1_.postalCode as postalCode0_,
        addresses1_.country as country0_,
        addresses1_.studentNumber as studentN8_0_ 
    from
        Student student0_,
        Address addresses1_ 
    where
        student0_.studentId=addresses1_.studentNumber
14:18:56,862 DEBUG BaseGeneralDataRegion:59 - Caching[foo.org.hibernate.cache.internal.StandardQueryCache] : [sql: select addresses1_.id as id0_, addresses1_.addressType as addressT2_0_, addresses1_.street as street0_, addresses1_.city as city0_, addresses1_.stateProvince as statePro5_0_, addresses1_.postalCode as postalCode0_, addresses1_.country as country0_, addresses1_.studentNumber as studentN8_0_ from Student student0_, Address addresses1_ where student0_.studentId=addresses1_.studentNumber; parameters: ; named parameters: {}; transformer: org.hibernate.transform.CacheableResultTransformer@110f2] -> [[5579090890186752, 89, 90]]
14:18:56,862 DEBUG SQL:104 - 
    select
        addresses1_.id as id0_,
        addresses1_.addressType as addressT2_0_,
        addresses1_.street as street0_,
        addresses1_.city as city0_,
        addresses1_.stateProvince as statePro5_0_,
        addresses1_.postalCode as postalCode0_,
        addresses1_.country as country0_,
        addresses1_.studentNumber as studentN8_0_ 
    from
        Student student0_,
        Address addresses1_ 
    where
        student0_.studentId=addresses1_.studentNumber
14:18:56,899 DEBUG BaseGeneralDataRegion:59 - Caching[foo.org.hibernate.cache.internal.StandardQueryCache] : [sql: select addresses1_.id as id0_, addresses1_.addressType as addressT2_0_, addresses1_.street as street0_, addresses1_.city as city0_, addresses1_.stateProvince as statePro5_0_, addresses1_.postalCode as postalCode0_, addresses1_.country as country0_, addresses1_.studentNumber as studentN8_0_ from Student student0_, Address addresses1_ where student0_.studentId=addresses1_.studentNumber; parameters: ; named parameters: {}; transformer: org.hibernate.transform.CacheableResultTransformer@110f2] -> [[5579090890338304, 89, 90]]
14:18:56,900 DEBUG SQL:104 - 
    select
        student_.studentId,
        student_.name_first as name2_4_,
        student_.name_middle as name3_4_,
        student_.name_last as name4_4_,
        student_.preferredCourseCode as preferre5_4_ 
    from
        Student student_ 
    where
        student_.studentId=?
14:18:56,900 DEBUG SQL:104 - 
    select
        enrolment_.studentId,
        enrolment_.courseCode,
        enrolment_.semester as semester3_,
        enrolment_."year" as year4_3_ 
    from
        Enrolment enrolment_ 
    where
        enrolment_.studentId=? 
        and enrolment_.courseCode=?
14:18:56,901 DEBUG SQL:104 - 
    select
        course_.courseCode,
        course_.description as descript2_1_ 
    from
        Course course_ 
    where
        course_.courseCode=?
14:18:56,901 DEBUG SQL:104 - 
    select
        student_.studentId,
        student_.name_first as name2_4_,
        student_.name_middle as name3_4_,
        student_.name_last as name4_4_,
        student_.preferredCourseCode as preferre5_4_ 
    from
        Student student_ 
    where
        student_.studentId=?
14:18:56,901 DEBUG SQL:104 - 
    select
        enrolment_.studentId,
        enrolment_.courseCode,
        enrolment_.semester as semester3_,
        enrolment_."year" as year4_3_ 
    from
        Enrolment enrolment_ 
    where
        enrolment_.studentId=? 
        and enrolment_.courseCode=?
14:18:56,901 DEBUG SQL:104 - 
    select
        coursemeet_.courseCode,
        coursemeet_.day,
        coursemeet_.period,
        coursemeet_.location 
    from
        CourseMeeting coursemeet_ 
    where
        coursemeet_.courseCode=? 
        and coursemeet_.day=? 
        and coursemeet_.period=? 
        and coursemeet_.location=?
14:18:56,919 DEBUG SQL:104 - 
    select
        coursemeet_.courseCode,
        coursemeet_.day,
        coursemeet_.period,
        coursemeet_.location 
    from
        CourseMeeting coursemeet_ 
    where
        coursemeet_.courseCode=? 
        and coursemeet_.day=? 
        and coursemeet_.period=? 
        and coursemeet_.location=?
14:18:56,920 DEBUG BaseGeneralDataRegion:59 - Caching[foo.org.hibernate.cache.spi.UpdateTimestampsCache] : [Enrolment] -> [5579091136184320]
14:18:56,920 DEBUG SQL:104 - 
    update
        Address 
    set
        studentNumber=null,
        addressType=null 
    where
        studentNumber=?
14:18:56,928 DEBUG BaseGeneralDataRegion:59 - Caching[foo.org.hibernate.cache.spi.UpdateTimestampsCache] : [Address] -> [5579091136217088]
14:18:56,928 DEBUG SQL:104 - 
    delete 
    from
        Student_secretCodes 
    where
        studentNumber=?
14:18:56,928 DEBUG BaseGeneralDataRegion:59 - Caching[foo.org.hibernate.cache.spi.UpdateTimestampsCache] : [Student_secretCodes] -> [5579091136217089]
14:18:56,929 DEBUG BaseGeneralDataRegion:59 - Caching[foo.org.hibernate.cache.spi.UpdateTimestampsCache] : [Enrolment] -> [5579091136217090]
14:18:56,929 DEBUG BaseGeneralDataRegion:59 - Caching[foo.org.hibernate.cache.spi.UpdateTimestampsCache] : [Address] -> [5579091136221184]
14:18:56,929 DEBUG SQL:104 - 
    delete 
    from
        Student_secretCodes 
    where
        studentNumber=?
14:18:56,929 DEBUG BaseGeneralDataRegion:59 - Caching[foo.org.hibernate.cache.spi.UpdateTimestampsCache] : [Student_secretCodes] -> [5579091136221185]
14:18:56,929 DEBUG BaseGeneralDataRegion:59 - Caching[foo.org.hibernate.cache.spi.UpdateTimestampsCache] : [CourseMeeting] -> [5579091136221186]
14:18:56,929 DEBUG SQL:104 - 
    delete 
    from
        Enrolment 
    where
        studentId=? 
        and courseCode=?
14:18:56,929 DEBUG BaseGeneralDataRegion:59 - Caching[foo.org.hibernate.cache.spi.UpdateTimestampsCache] : [Enrolment] -> [5579091136221187]
14:18:56,930 DEBUG SQL:104 - 
    delete 
    from
        Address 
    where
        id=?
14:18:56,930 DEBUG BaseGeneralDataRegion:59 - Caching[foo.org.hibernate.cache.spi.UpdateTimestampsCache] : [Address] -> [5579091136225280]
14:18:56,930 DEBUG SQL:104 - 
    delete 
    from
        Address 
    where
        id=?
14:18:56,930 DEBUG BaseGeneralDataRegion:59 - Caching[foo.org.hibernate.cache.spi.UpdateTimestampsCache] : [Address] -> [5579091136225281]
14:18:56,950 DEBUG SQL:104 - 
    delete 
    from
        Student 
    where
        studentId=?
14:18:56,950 DEBUG BaseGeneralDataRegion:59 - Caching[foo.org.hibernate.cache.spi.UpdateTimestampsCache] : [Student] -> [5579091136307200]
14:18:56,951 DEBUG SQL:104 - 
    delete 
    from
        Enrolment 
    where
        studentId=? 
        and courseCode=?
14:18:56,951 DEBUG BaseGeneralDataRegion:59 - Caching[foo.org.hibernate.cache.spi.UpdateTimestampsCache] : [Enrolment] -> [5579091136311296]
14:18:56,951 DEBUG SQL:104 - 
    delete 
    from
        Student 
    where
        studentId=?
14:18:56,951 DEBUG BaseGeneralDataRegion:59 - Caching[foo.org.hibernate.cache.spi.UpdateTimestampsCache] : [Student] -> [5579091136311297]
14:18:56,951 DEBUG SQL:104 - 
    delete 
    from
        CourseMeeting 
    where
        courseCode=? 
        and day=? 
        and period=? 
        and location=?
14:18:56,960 DEBUG BaseGeneralDataRegion:59 - Caching[foo.org.hibernate.cache.spi.UpdateTimestampsCache] : [CourseMeeting] -> [5579091136348160]
14:18:56,961 DEBUG SQL:104 - 
    delete 
    from
        CourseMeeting 
    where
        courseCode=? 
        and day=? 
        and period=? 
        and location=?
14:18:56,961 DEBUG BaseGeneralDataRegion:59 - Caching[foo.org.hibernate.cache.spi.UpdateTimestampsCache] : [CourseMeeting] -> [5579091136352256]
14:18:56,961 DEBUG SQL:104 - 
    delete 
    from
        Course 
    where
        courseCode=?
14:18:56,961 DEBUG BaseGeneralDataRegion:59 - Caching[foo.org.hibernate.cache.spi.UpdateTimestampsCache] : [Course] -> [5579091136352257]
14:18:56,961 DEBUG BaseGeneralDataRegion:59 - Caching[foo.org.hibernate.cache.spi.UpdateTimestampsCache] : [Student] -> [5579090890592258]
14:18:56,961 DEBUG BaseGeneralDataRegion:59 - Caching[foo.org.hibernate.cache.spi.UpdateTimestampsCache] : [Course] -> [5579090890592258]
14:18:56,962 DEBUG BaseGeneralDataRegion:59 - Caching[foo.org.hibernate.cache.spi.UpdateTimestampsCache] : [Enrolment] -> [5579090890592258]
14:18:56,962 DEBUG BaseGeneralDataRegion:59 - Caching[foo.org.hibernate.cache.spi.UpdateTimestampsCache] : [Student_secretCodes] -> [5579090890592258]
14:18:56,962 DEBUG BaseGeneralDataRegion:59 - Caching[foo.org.hibernate.cache.spi.UpdateTimestampsCache] : [Address] -> [5579090890592258]
14:18:56,962 DEBUG BaseGeneralDataRegion:59 - Caching[foo.org.hibernate.cache.spi.UpdateTimestampsCache] : [CourseMeeting] -> [5579090890592258]
14:18:56,962  INFO CustomRunner:139 - Test: testMultiAggregatedPropProjectionSingleResult
14:18:56,963 DEBUG SQL:104 - 
    select
        coursemeet_.courseCode,
        coursemeet_.day,
        coursemeet_.period,
        coursemeet_.location 
    from
        CourseMeeting coursemeet_ 
    where
        coursemeet_.courseCode=? 
        and coursemeet_.day=? 
        and coursemeet_.period=? 
        and coursemeet_.location=?
14:18:56,971 DEBUG SQL:104 - 
    select
        coursemeet_.courseCode,
        coursemeet_.day,
        coursemeet_.period,
        coursemeet_.location 
    from
        CourseMeeting coursemeet_ 
    where
        coursemeet_.courseCode=? 
        and coursemeet_.day=? 
        and coursemeet_.period=? 
        and coursemeet_.location=?
14:18:56,981 DEBUG SQL:104 - 
    insert 
    into
        Course
        (description, courseCode) 
    values
        (?, ?)
14:18:56,983 DEBUG BaseGeneralDataRegion:59 - Caching[foo.org.hibernate.cache.spi.UpdateTimestampsCache] : [Course] -> [5579091136442368]
14:18:56,983 DEBUG SQL:104 - 
    insert 
    into
        CourseMeeting
        (courseCode, day, period, location) 
    values
        (?, ?, ?, ?)
14:18:56,983 DEBUG BaseGeneralDataRegion:59 - Caching[foo.org.hibernate.cache.spi.UpdateTimestampsCache] : [CourseMeeting] -> [5579091136442369]
14:18:56,984 DEBUG SQL:104 - 
    insert 
    into
        CourseMeeting
        (courseCode, day, period, location) 
    values
        (?, ?, ?, ?)
14:18:56,984 DEBUG BaseGeneralDataRegion:59 - Caching[foo.org.hibernate.cache.spi.UpdateTimestampsCache] : [CourseMeeting] -> [5579091136446464]
14:18:56,984 DEBUG SQL:104 - 
    insert 
    into
        Student
        (name_first, name_middle, name_last, preferredCourseCode, studentId) 
    values
        (?, ?, ?, ?, ?)
14:18:56,984 DEBUG BaseGeneralDataRegion:59 - Caching[foo.org.hibernate.cache.spi.UpdateTimestampsCache] : [Student] -> [5579091136446465]
14:18:56,984 DEBUG SQL:104 - 
    insert 
    into
        Address
        (addressType, street, city, stateProvince, postalCode, country, studentNumber, id) 
    values
        (?, ?, ?, ?, ?, ?, ?, ?)
14:18:56,994 DEBUG BaseGeneralDataRegion:59 - Caching[foo.org.hibernate.cache.spi.UpdateTimestampsCache] : [Address] -> [5579091136487424]
14:18:56,994 DEBUG SQL:104 - 
    insert 
    into
        Address
        (addressType, street, city, stateProvince, postalCode, country, studentNumber, id) 
    values
        (?, ?, ?, ?, ?, ?, ?, ?)
14:18:56,995 DEBUG BaseGeneralDataRegion:59 - Caching[foo.org.hibernate.cache.spi.UpdateTimestampsCache] : [Address] -> [5579091136491520]
14:18:56,995 DEBUG SQL:104 - 
    insert 
    into
        Student
        (name_first, name_middle, name_last, preferredCourseCode, studentId) 
    values
        (?, ?, ?, ?, ?)
14:18:56,995 DEBUG BaseGeneralDataRegion:59 - Caching[foo.org.hibernate.cache.spi.UpdateTimestampsCache] : [Student] -> [5579091136491521]
14:18:56,995 DEBUG SQL:104 - 
    insert 
    into
        Enrolment
        (semester, "year", studentId, courseCode) 
    values
        (?, ?, ?, ?)
14:18:56,995 DEBUG BaseGeneralDataRegion:59 - Caching[foo.org.hibernate.cache.spi.UpdateTimestampsCache] : [Enrolment] -> [5579091136491522]
14:18:56,995 DEBUG SQL:104 - 
    insert 
    into
        Enrolment
        (semester, "year", studentId, courseCode) 
    values
        (?, ?, ?, ?)
14:18:57,005 DEBUG BaseGeneralDataRegion:59 - Caching[foo.org.hibernate.cache.spi.UpdateTimestampsCache] : [Enrolment] -> [5579091136532480]
14:18:57,005 DEBUG BaseGeneralDataRegion:59 - Caching[foo.org.hibernate.cache.spi.UpdateTimestampsCache] : [CourseMeeting] -> [5579091136532481]
14:18:57,005 DEBUG BaseGeneralDataRegion:59 - Caching[foo.org.hibernate.cache.spi.UpdateTimestampsCache] : [Enrolment] -> [5579091136532482]
14:18:57,005 DEBUG SQL:104 - 
    update
        Address 
    set
        studentNumber=?,
        addressType=? 
    where
        id=?
14:18:57,005 DEBUG SQL:104 - 
    update
        Address 
    set
        studentNumber=?,
        addressType=? 
    where
        id=?
14:18:57,006 DEBUG BaseGeneralDataRegion:59 - Caching[foo.org.hibernate.cache.spi.UpdateTimestampsCache] : [Address] -> [5579091136536576]
14:18:57,006 DEBUG SQL:104 - 
    insert 
    into
        Student_secretCodes
        (studentNumber, i, secretCode) 
    values
        (?, ?, ?)
14:18:57,015 DEBUG BaseGeneralDataRegion:59 - Caching[foo.org.hibernate.cache.spi.UpdateTimestampsCache] : [Student_secretCodes] -> [5579091136573440]
14:18:57,015 DEBUG BaseGeneralDataRegion:59 - Caching[foo.org.hibernate.cache.spi.UpdateTimestampsCache] : [Enrolment] -> [5579091136573441]
14:18:57,015 DEBUG BaseGeneralDataRegion:59 - Caching[foo.org.hibernate.cache.spi.UpdateTimestampsCache] : [Address] -> [5579091136573442]
14:18:57,015 DEBUG SQL:104 - 
    insert 
    into
        Student_secretCodes
        (studentNumber, i, secretCode) 
    values
        (?, ?, ?)
14:18:57,015 DEBUG SQL:104 - 
    insert 
    into
        Student_secretCodes
        (studentNumber, i, secretCode) 
    values
        (?, ?, ?)
14:18:57,015 DEBUG BaseGeneralDataRegion:59 - Caching[foo.org.hibernate.cache.spi.UpdateTimestampsCache] : [Student_secretCodes] -> [5579091136573443]
14:18:57,016 DEBUG BaseGeneralDataRegion:59 - Caching[foo.org.hibernate.cache.spi.UpdateTimestampsCache] : [Student] -> [5579090890817536]
14:18:57,016 DEBUG BaseGeneralDataRegion:59 - Caching[foo.org.hibernate.cache.spi.UpdateTimestampsCache] : [Course] -> [5579090890817536]
14:18:57,016 DEBUG BaseGeneralDataRegion:59 - Caching[foo.org.hibernate.cache.spi.UpdateTimestampsCache] : [Enrolment] -> [5579090890817536]
14:18:57,016 DEBUG BaseGeneralDataRegion:59 - Caching[foo.org.hibernate.cache.spi.UpdateTimestampsCache] : [Student_secretCodes] -> [5579090890817536]
14:18:57,016 DEBUG BaseGeneralDataRegion:59 - Caching[foo.org.hibernate.cache.spi.UpdateTimestampsCache] : [Address] -> [5579090890817536]
14:18:57,016 DEBUG BaseGeneralDataRegion:59 - Caching[foo.org.hibernate.cache.spi.UpdateTimestampsCache] : [CourseMeeting] -> [5579090890817536]
14:18:57,016 DEBUG QueryTranslatorImpl:265 - parse() - HQL: select min( e.studentNumber ) as minStudentNumber, max( e.studentNumber ) as maxStudentNumber from org.hibernate.test.querycache.Enrolment e
14:18:57,018 DEBUG QueryTranslatorImpl:283 - --- HQL AST ---
 \-[QUERY] Node: 'query'
    \-[SELECT_FROM] Node: 'SELECT_FROM'
       +-[FROM] Node: 'from'
       |  \-[RANGE] Node: 'RANGE'
       |     +-[DOT] Node: '.'
       |     |  +-[DOT] Node: '.'
       |     |  |  +-[DOT] Node: '.'
       |     |  |  |  +-[DOT] Node: '.'
       |     |  |  |  |  +-[IDENT] Node: 'org'
       |     |  |  |  |  \-[IDENT] Node: 'hibernate'
       |     |  |  |  \-[IDENT] Node: 'test'
       |     |  |  \-[IDENT] Node: 'querycache'
       |     |  \-[IDENT] Node: 'Enrolment'
       |     \-[ALIAS] Node: 'e'
       \-[SELECT] Node: 'select'
          +-[AS] Node: 'as'
          |  +-[AGGREGATE] Node: 'min'
          |  |  \-[DOT] Node: '.'
          |  |     +-[IDENT] Node: 'e'
          |  |     \-[IDENT] Node: 'studentNumber'
          |  \-[IDENT] Node: 'minStudentNumber'
          \-[AS] Node: 'as'
             +-[AGGREGATE] Node: 'max'
             |  \-[DOT] Node: '.'
             |     +-[IDENT] Node: 'e'
             |     \-[IDENT] Node: 'studentNumber'
             \-[IDENT] Node: 'maxStudentNumber'

14:18:57,025 DEBUG ErrorCounter:82 - throwQueryException() : no errors
14:18:57,025 DEBUG FromElement:157 - FromClause{level=1} : org.hibernate.test.querycache.Enrolment (e) -> enrolment0_
14:18:57,025 DEBUG FromReferenceNode:74 - Resolved : e -> (enrolment0_.studentId, enrolment0_.courseCode)
14:18:57,026 DEBUG DotNode:599 - getDataType() : studentNumber -> org.hibernate.type.LongType@4bf3f9d
14:18:57,026 DEBUG FromReferenceNode:74 - Resolved : e.studentNumber -> enrolment0_.studentId
14:18:57,026 DEBUG FromReferenceNode:74 - Resolved : e -> (enrolment0_.studentId, enrolment0_.courseCode)
14:18:57,026 DEBUG DotNode:599 - getDataType() : studentNumber -> org.hibernate.type.LongType@4bf3f9d
14:18:57,026 DEBUG FromReferenceNode:74 - Resolved : e.studentNumber -> enrolment0_.studentId
14:18:57,026 DEBUG HqlSqlWalker:629 - processQuery() :  ( SELECT ( {select clause} ( min ( enrolment0_.studentId (enrolment0_.studentId, enrolment0_.courseCode) studentNumber ) ) ( max ( enrolment0_.studentId (enrolment0_.studentId, enrolment0_.courseCode) studentNumber ) ) ) ( FromClause{level=1} Enrolment enrolment0_ ) )
14:18:57,026 DEBUG JoinProcessor:175 - Using FROM fragment [Enrolment enrolment0_]
14:18:57,027 DEBUG QueryTranslatorImpl:252 - --- SQL AST ---
 \-[SELECT] QueryNode: 'SELECT'  querySpaces (Enrolment)
    +-[SELECT_CLAUSE] SelectClause: '{select clause}'
    |  +-[AGGREGATE] AggregateNode: 'min'
    |  |  \-[DOT] DotNode: 'enrolment0_.studentId' {propertyName=studentNumber,dereferenceType=ALL,propertyPath=studentNumber,path=e.studentNumber,tableAlias=enrolment0_,className=org.hibernate.test.querycache.Enrolment,classAlias=e}
    |  |     +-[ALIAS_REF] IdentNode: '(enrolment0_.studentId, enrolment0_.courseCode)' {alias=e, className=org.hibernate.test.querycache.Enrolment, tableAlias=enrolment0_}
    |  |     \-[IDENT] IdentNode: 'studentNumber' {originalText=studentNumber}
    |  +-[SELECT_COLUMNS] SqlNode: ' as col_0_0_'
    |  +-[AGGREGATE] AggregateNode: 'max'
    |  |  \-[DOT] DotNode: 'enrolment0_.studentId' {propertyName=studentNumber,dereferenceType=ALL,propertyPath=studentNumber,path=e.studentNumber,tableAlias=enrolment0_,className=org.hibernate.test.querycache.Enrolment,classAlias=e}
    |  |     +-[ALIAS_REF] IdentNode: '(enrolment0_.studentId, enrolment0_.courseCode)' {alias=e, className=org.hibernate.test.querycache.Enrolment, tableAlias=enrolment0_}
    |  |     \-[IDENT] IdentNode: 'studentNumber' {originalText=studentNumber}
    |  \-[SELECT_COLUMNS] SqlNode: ' as col_1_0_'
    \-[FROM] FromClause: 'from' FromClause{level=1, fromElementCounter=1, fromElements=1, fromElementByClassAlias=[e], fromElementByTableAlias=[enrolment0_], fromElementsByPath=[], collectionJoinFromElementsByPath=[], impliedElements=[]}
       \-[FROM_FRAGMENT] FromElement: 'Enrolment enrolment0_' FromElement{explicit,not a collection join,not a fetch join,fetch non-lazy properties,classAlias=e,role=null,tableName=Enrolment,tableAlias=enrolment0_,origin=null,columns={,className=org.hibernate.test.querycache.Enrolment}}

14:18:57,027 DEBUG ErrorCounter:82 - throwQueryException() : no errors
14:18:57,027 DEBUG QueryTranslatorImpl:235 - HQL: select min( e.studentNumber ) as minStudentNumber, max( e.studentNumber ) as maxStudentNumber from org.hibernate.test.querycache.Enrolment e
14:18:57,027 DEBUG QueryTranslatorImpl:236 - SQL: select min(enrolment0_.studentId) as col_0_0_, max(enrolment0_.studentId) as col_1_0_ from Enrolment enrolment0_
14:18:57,027 DEBUG ErrorCounter:82 - throwQueryException() : no errors
14:18:57,027 DEBUG SQL:104 - 
    select
        min(enrolment0_.studentId) as col_0_0_,
        max(enrolment0_.studentId) as col_1_0_ 
    from
        Enrolment enrolment0_
14:18:57,042 DEBUG BaseGeneralDataRegion:59 - Caching[foo.org.hibernate.cache.internal.StandardQueryCache] : [sql: select min(enrolment0_.studentId) as col_0_0_, max(enrolment0_.studentId) as col_1_0_ from Enrolment enrolment0_; parameters: ; named parameters: {}; transformer: org.hibernate.transform.CacheableResultTransformer@1406bf] -> [[5579090890924032, [Ljava.io.Serializable;@22ce99e9]]
14:18:57,043 DEBUG SQL:104 - 
    select
        min(enrolment0_.studentId) as col_0_0_,
        max(enrolment0_.studentId) as col_1_0_ 
    from
        Enrolment enrolment0_
14:18:57,043 DEBUG BaseGeneralDataRegion:59 - Caching[foo.org.hibernate.cache.internal.StandardQueryCache] : [sql: select min(enrolment0_.studentId) as col_0_0_, max(enrolment0_.studentId) as col_1_0_ from Enrolment enrolment0_; parameters: ; named parameters: {}; transformer: org.hibernate.transform.CacheableResultTransformer@1406bf] -> [[5579090890928130, [Ljava.io.Serializable;@5064e850]]
14:18:57,044 DEBUG SQL:104 - 
    select
        student_.studentId,
        student_.name_first as name2_4_,
        student_.name_middle as name3_4_,
        student_.name_last as name4_4_,
        student_.preferredCourseCode as preferre5_4_ 
    from
        Student student_ 
    where
        student_.studentId=?
14:18:57,044 DEBUG SQL:104 - 
    select
        enrolment_.studentId,
        enrolment_.courseCode,
        enrolment_.semester as semester3_,
        enrolment_."year" as year4_3_ 
    from
        Enrolment enrolment_ 
    where
        enrolment_.studentId=? 
        and enrolment_.courseCode=?
14:18:57,052 DEBUG SQL:104 - 
    select
        course_.courseCode,
        course_.description as descript2_1_ 
    from
        Course course_ 
    where
        course_.courseCode=?
14:18:57,053 DEBUG SQL:104 - 
    select
        student_.studentId,
        student_.name_first as name2_4_,
        student_.name_middle as name3_4_,
        student_.name_last as name4_4_,
        student_.preferredCourseCode as preferre5_4_ 
    from
        Student student_ 
    where
        student_.studentId=?
14:18:57,053 DEBUG SQL:104 - 
    select
        enrolment_.studentId,
        enrolment_.courseCode,
        enrolment_.semester as semester3_,
        enrolment_."year" as year4_3_ 
    from
        Enrolment enrolment_ 
    where
        enrolment_.studentId=? 
        and enrolment_.courseCode=?
14:18:57,053 DEBUG SQL:104 - 
    select
        coursemeet_.courseCode,
        coursemeet_.day,
        coursemeet_.period,
        coursemeet_.location 
    from
        CourseMeeting coursemeet_ 
    where
        coursemeet_.courseCode=? 
        and coursemeet_.day=? 
        and coursemeet_.period=? 
        and coursemeet_.location=?
14:18:57,075 DEBUG SQL:104 - 
    select
        coursemeet_.courseCode,
        coursemeet_.day,
        coursemeet_.period,
        coursemeet_.location 
    from
        CourseMeeting coursemeet_ 
    where
        coursemeet_.courseCode=? 
        and coursemeet_.day=? 
        and coursemeet_.period=? 
        and coursemeet_.location=?
14:18:57,075 DEBUG BaseGeneralDataRegion:59 - Caching[foo.org.hibernate.cache.spi.UpdateTimestampsCache] : [Enrolment] -> [5579091136819200]
14:18:57,076 DEBUG SQL:104 - 
    update
        Address 
    set
        studentNumber=null,
        addressType=null 
    where
        studentNumber=?
14:18:57,076 DEBUG BaseGeneralDataRegion:59 - Caching[foo.org.hibernate.cache.spi.UpdateTimestampsCache] : [Address] -> [5579091136823296]
14:18:57,076 DEBUG SQL:104 - 
    delete 
    from
        Student_secretCodes 
    where
        studentNumber=?
14:18:57,084 DEBUG BaseGeneralDataRegion:59 - Caching[foo.org.hibernate.cache.spi.UpdateTimestampsCache] : [Student_secretCodes] -> [5579091136856064]
14:18:57,084 DEBUG BaseGeneralDataRegion:59 - Caching[foo.org.hibernate.cache.spi.UpdateTimestampsCache] : [Enrolment] -> [5579091136856065]
14:18:57,084 DEBUG BaseGeneralDataRegion:59 - Caching[foo.org.hibernate.cache.spi.UpdateTimestampsCache] : [Address] -> [5579091136856066]
14:18:57,084 DEBUG SQL:104 - 
    delete 
    from
        Student_secretCodes 
    where
        studentNumber=?
14:18:57,085 DEBUG BaseGeneralDataRegion:59 - Caching[foo.org.hibernate.cache.spi.UpdateTimestampsCache] : [Student_secretCodes] -> [5579091136856067]
14:18:57,085 DEBUG BaseGeneralDataRegion:59 - Caching[foo.org.hibernate.cache.spi.UpdateTimestampsCache] : [CourseMeeting] -> [5579091136860160]
14:18:57,085 DEBUG SQL:104 - 
    delete 
    from
        Enrolment 
    where
        studentId=? 
        and courseCode=?
14:18:57,085 DEBUG BaseGeneralDataRegion:59 - Caching[foo.org.hibernate.cache.spi.UpdateTimestampsCache] : [Enrolment] -> [5579091136860161]
14:18:57,085 DEBUG SQL:104 - 
    delete 
    from
        Address 
    where
        id=?
14:18:57,085 DEBUG BaseGeneralDataRegion:59 - Caching[foo.org.hibernate.cache.spi.UpdateTimestampsCache] : [Address] -> [5579091136860162]
14:18:57,085 DEBUG SQL:104 - 
    delete 
    from
        Address 
    where
        id=?
14:18:57,094 DEBUG BaseGeneralDataRegion:59 - Caching[foo.org.hibernate.cache.spi.UpdateTimestampsCache] : [Address] -> [5579091136897024]
14:18:57,095 DEBUG SQL:104 - 
    delete 
    from
        Student 
    where
        studentId=?
14:18:57,095 DEBUG BaseGeneralDataRegion:59 - Caching[foo.org.hibernate.cache.spi.UpdateTimestampsCache] : [Student] -> [5579091136901120]
14:18:57,095 DEBUG SQL:104 - 
    delete 
    from
        Enrolment 
    where
        studentId=? 
        and courseCode=?
14:18:57,095 DEBUG BaseGeneralDataRegion:59 - Caching[foo.org.hibernate.cache.spi.UpdateTimestampsCache] : [Enrolment] -> [5579091136901121]
14:18:57,095 DEBUG SQL:104 - 
    delete 
    from
        Student 
    where
        studentId=?
14:18:57,096 DEBUG BaseGeneralDataRegion:59 - Caching[foo.org.hibernate.cache.spi.UpdateTimestampsCache] : [Student] -> [5579091136905216]
14:18:57,096 DEBUG SQL:104 - 
    delete 
    from
        CourseMeeting 
    where
        courseCode=? 
        and day=? 
        and period=? 
        and location=?
14:18:57,105 DEBUG BaseGeneralDataRegion:59 - Caching[foo.org.hibernate.cache.spi.UpdateTimestampsCache] : [CourseMeeting] -> [5579091136942080]
14:18:57,105 DEBUG SQL:104 - 
    delete 
    from
        CourseMeeting 
    where
        courseCode=? 
        and day=? 
        and period=? 
        and location=?
14:18:57,106 DEBUG BaseGeneralDataRegion:59 - Caching[foo.org.hibernate.cache.spi.UpdateTimestampsCache] : [CourseMeeting] -> [5579091136946176]
14:18:57,106 DEBUG SQL:104 - 
    delete 
    from
        Course 
    where
        courseCode=?
14:18:57,106 DEBUG BaseGeneralDataRegion:59 - Caching[foo.org.hibernate.cache.spi.UpdateTimestampsCache] : [Course] -> [5579091136946177]
14:18:57,106 DEBUG BaseGeneralDataRegion:59 - Caching[foo.org.hibernate.cache.spi.UpdateTimestampsCache] : [Student] -> [5579090891186178]
14:18:57,106 DEBUG BaseGeneralDataRegion:59 - Caching[foo.org.hibernate.cache.spi.UpdateTimestampsCache] : [Course] -> [5579090891186178]
14:18:57,106 DEBUG BaseGeneralDataRegion:59 - Caching[foo.org.hibernate.cache.spi.UpdateTimestampsCache] : [Enrolment] -> [5579090891186178]
14:18:57,106 DEBUG BaseGeneralDataRegion:59 - Caching[foo.org.hibernate.cache.spi.UpdateTimestampsCache] : [Student_secretCodes] -> [5579090891186178]
14:18:57,106 DEBUG BaseGeneralDataRegion:59 - Caching[foo.org.hibernate.cache.spi.UpdateTimestampsCache] : [Address] -> [5579090891186178]
14:18:57,106 DEBUG BaseGeneralDataRegion:59 - Caching[foo.org.hibernate.cache.spi.UpdateTimestampsCache] : [CourseMeeting] -> [5579090891186178]
14:18:57,116  INFO CustomRunner:139 - Test: testMultiEntityProjectionAliasedList
14:18:57,117 DEBUG SQL:104 - 
    select
        coursemeet_.courseCode,
        coursemeet_.day,
        coursemeet_.period,
        coursemeet_.location 
    from
        CourseMeeting coursemeet_ 
    where
        coursemeet_.courseCode=? 
        and coursemeet_.day=? 
        and coursemeet_.period=? 
        and coursemeet_.location=?
14:18:57,117 DEBUG SQL:104 - 
    select
        coursemeet_.courseCode,
        coursemeet_.day,
        coursemeet_.period,
        coursemeet_.location 
    from
        CourseMeeting coursemeet_ 
    where
        coursemeet_.courseCode=? 
        and coursemeet_.day=? 
        and coursemeet_.period=? 
        and coursemeet_.location=?
14:18:57,118 DEBUG SQL:104 - 
    insert 
    into
        Course
        (description, courseCode) 
    values
        (?, ?)
14:18:57,127 DEBUG BaseGeneralDataRegion:59 - Caching[foo.org.hibernate.cache.spi.UpdateTimestampsCache] : [Course] -> [5579091137032192]
14:18:57,127 DEBUG SQL:104 - 
    insert 
    into
        CourseMeeting
        (courseCode, day, period, location) 
    values
        (?, ?, ?, ?)
14:18:57,127 DEBUG BaseGeneralDataRegion:59 - Caching[foo.org.hibernate.cache.spi.UpdateTimestampsCache] : [CourseMeeting] -> [5579091137032193]
14:18:57,128 DEBUG SQL:104 - 
    insert 
    into
        CourseMeeting
        (courseCode, day, period, location) 
    values
        (?, ?, ?, ?)
14:18:57,128 DEBUG BaseGeneralDataRegion:59 - Caching[foo.org.hibernate.cache.spi.UpdateTimestampsCache] : [CourseMeeting] -> [5579091137036288]
14:18:57,128 DEBUG SQL:104 - 
    insert 
    into
        Student
        (name_first, name_middle, name_last, preferredCourseCode, studentId) 
    values
        (?, ?, ?, ?, ?)
14:18:57,138 DEBUG BaseGeneralDataRegion:59 - Caching[foo.org.hibernate.cache.spi.UpdateTimestampsCache] : [Student] -> [5579091137077248]
14:18:57,138 DEBUG SQL:104 - 
    insert 
    into
        Address
        (addressType, street, city, stateProvince, postalCode, country, studentNumber, id) 
    values
        (?, ?, ?, ?, ?, ?, ?, ?)
14:18:57,138 DEBUG BaseGeneralDataRegion:59 - Caching[foo.org.hibernate.cache.spi.UpdateTimestampsCache] : [Address] -> [5579091137077249]
14:18:57,139 DEBUG SQL:104 - 
    insert 
    into
        Address
        (addressType, street, city, stateProvince, postalCode, country, studentNumber, id) 
    values
        (?, ?, ?, ?, ?, ?, ?, ?)
14:18:57,140 DEBUG BaseGeneralDataRegion:59 - Caching[foo.org.hibernate.cache.spi.UpdateTimestampsCache] : [Address] -> [5579091137085440]
14:18:57,140 DEBUG SQL:104 - 
    insert 
    into
        Student
        (name_first, name_middle, name_last, preferredCourseCode, studentId) 
    values
        (?, ?, ?, ?, ?)
14:18:57,140 DEBUG BaseGeneralDataRegion:59 - Caching[foo.org.hibernate.cache.spi.UpdateTimestampsCache] : [Student] -> [5579091137085441]
14:18:57,140 DEBUG SQL:104 - 
    insert 
    into
        Enrolment
        (semester, "year", studentId, courseCode) 
    values
        (?, ?, ?, ?)
14:18:57,148 DEBUG BaseGeneralDataRegion:59 - Caching[foo.org.hibernate.cache.spi.UpdateTimestampsCache] : [Enrolment] -> [5579091137118208]
14:18:57,148 DEBUG SQL:104 - 
    insert 
    into
        Enrolment
        (semester, "year", studentId, courseCode) 
    values
        (?, ?, ?, ?)
14:18:57,149 DEBUG BaseGeneralDataRegion:59 - Caching[foo.org.hibernate.cache.spi.UpdateTimestampsCache] : [Enrolment] -> [5579091137122304]
14:18:57,149 DEBUG BaseGeneralDataRegion:59 - Caching[foo.org.hibernate.cache.spi.UpdateTimestampsCache] : [CourseMeeting] -> [5579091137122305]
14:18:57,149 DEBUG BaseGeneralDataRegion:59 - Caching[foo.org.hibernate.cache.spi.UpdateTimestampsCache] : [Enrolment] -> [5579091137122306]
14:18:57,149 DEBUG SQL:104 - 
    update
        Address 
    set
        studentNumber=?,
        addressType=? 
    where
        id=?
14:18:57,149 DEBUG SQL:104 - 
    update
        Address 
    set
        studentNumber=?,
        addressType=? 
    where
        id=?
14:18:57,149 DEBUG BaseGeneralDataRegion:59 - Caching[foo.org.hibernate.cache.spi.UpdateTimestampsCache] : [Address] -> [5579091137122307]
14:18:57,149 DEBUG SQL:104 - 
    insert 
    into
        Student_secretCodes
        (studentNumber, i, secretCode) 
    values
        (?, ?, ?)
14:18:57,150 DEBUG BaseGeneralDataRegion:59 - Caching[foo.org.hibernate.cache.spi.UpdateTimestampsCache] : [Student_secretCodes] -> [5579091137126400]
14:18:57,150 DEBUG BaseGeneralDataRegion:59 - Caching[foo.org.hibernate.cache.spi.UpdateTimestampsCache] : [Enrolment] -> [5579091137126401]
14:18:57,150 DEBUG BaseGeneralDataRegion:59 - Caching[foo.org.hibernate.cache.spi.UpdateTimestampsCache] : [Address] -> [5579091137126402]
14:18:57,150 DEBUG SQL:104 - 
    insert 
    into
        Student_secretCodes
        (studentNumber, i, secretCode) 
    values
        (?, ?, ?)
14:18:57,150 DEBUG SQL:104 - 
    insert 
    into
        Student_secretCodes
        (studentNumber, i, secretCode) 
    values
        (?, ?, ?)
14:18:57,150 DEBUG BaseGeneralDataRegion:59 - Caching[foo.org.hibernate.cache.spi.UpdateTimestampsCache] : [Student_secretCodes] -> [5579091137126403]
14:18:57,150 DEBUG BaseGeneralDataRegion:59 - Caching[foo.org.hibernate.cache.spi.UpdateTimestampsCache] : [Student] -> [5579090891366404]
14:18:57,151 DEBUG BaseGeneralDataRegion:59 - Caching[foo.org.hibernate.cache.spi.UpdateTimestampsCache] : [Course] -> [5579090891366404]
14:18:57,151 DEBUG BaseGeneralDataRegion:59 - Caching[foo.org.hibernate.cache.spi.UpdateTimestampsCache] : [Enrolment] -> [5579090891366404]
14:18:57,151 DEBUG BaseGeneralDataRegion:59 - Caching[foo.org.hibernate.cache.spi.UpdateTimestampsCache] : [Student_secretCodes] -> [5579090891366404]
14:18:57,151 DEBUG BaseGeneralDataRegion:59 - Caching[foo.org.hibernate.cache.spi.UpdateTimestampsCache] : [Address] -> [5579090891366404]
14:18:57,162 DEBUG BaseGeneralDataRegion:59 - Caching[foo.org.hibernate.cache.spi.UpdateTimestampsCache] : [CourseMeeting] -> [5579090891366404]
14:18:57,163 DEBUG QueryTranslatorImpl:265 - parse() - HQL: select e.student as st, e.semester as sem, e.year as yr, e.course as c from org.hibernate.test.querycache.Enrolment e order by e.studentNumber
14:18:57,165 DEBUG QueryTranslatorImpl:283 - --- HQL AST ---
 \-[QUERY] Node: 'query'
    +-[SELECT_FROM] Node: 'SELECT_FROM'
    |  +-[FROM] Node: 'from'
    |  |  \-[RANGE] Node: 'RANGE'
    |  |     +-[DOT] Node: '.'
    |  |     |  +-[DOT] Node: '.'
    |  |     |  |  +-[DOT] Node: '.'
    |  |     |  |  |  +-[DOT] Node: '.'
    |  |     |  |  |  |  +-[IDENT] Node: 'org'
    |  |     |  |  |  |  \-[IDENT] Node: 'hibernate'
    |  |     |  |  |  \-[IDENT] Node: 'test'
    |  |     |  |  \-[IDENT] Node: 'querycache'
    |  |     |  \-[IDENT] Node: 'Enrolment'
    |  |     \-[ALIAS] Node: 'e'
    |  \-[SELECT] Node: 'select'
    |     +-[AS] Node: 'as'
    |     |  +-[DOT] Node: '.'
    |     |  |  +-[IDENT] Node: 'e'
    |     |  |  \-[IDENT] Node: 'student'
    |     |  \-[IDENT] Node: 'st'
    |     +-[AS] Node: 'as'
    |     |  +-[DOT] Node: '.'
    |     |  |  +-[IDENT] Node: 'e'
    |     |  |  \-[IDENT] Node: 'semester'
    |     |  \-[IDENT] Node: 'sem'
    |     +-[AS] Node: 'as'
    |     |  +-[DOT] Node: '.'
    |     |  |  +-[IDENT] Node: 'e'
    |     |  |  \-[IDENT] Node: 'year'
    |     |  \-[IDENT] Node: 'yr'
    |     \-[AS] Node: 'as'
    |        +-[DOT] Node: '.'
    |        |  +-[IDENT] Node: 'e'
    |        |  \-[IDENT] Node: 'course'
    |        \-[IDENT] Node: 'c'
    \-[ORDER] Node: 'order'
       \-[DOT] Node: '.'
          +-[IDENT] Node: 'e'
          \-[IDENT] Node: 'studentNumber'

14:18:57,177 DEBUG ErrorCounter:82 - throwQueryException() : no errors
14:18:57,177 DEBUG FromElement:157 - FromClause{level=1} : org.hibernate.test.querycache.Enrolment (e) -> enrolment0_
14:18:57,178 DEBUG FromReferenceNode:74 - Resolved : e -> (enrolment0_.studentId, enrolment0_.courseCode)
14:18:57,178 DEBUG DotNode:599 - getDataType() : student -> org.hibernate.type.ManyToOneType(org.hibernate.test.querycache.Student)
14:18:57,178 DEBUG DotNode:389 - dereferenceEntityJoin() : generating join for student in org.hibernate.test.querycache.Enrolment (<no alias>) parent = [ {null} ]
14:18:57,178 DEBUG FromElement:157 - FromClause{level=1} : org.hibernate.test.querycache.Student (<no alias>) -> student1_
14:18:57,178 DEBUG FromClause:282 - addJoinByPathMap() : e.student -> FromElement{explicit,not a collection join,not a fetch join,fetch non-lazy properties,classAlias=null,role=null,tableName=Student,tableAlias=student1_,origin=Enrolment enrolment0_,columns={enrolment0_.studentId ,className=org.hibernate.test.querycache.Student}}
14:18:57,179 DEBUG FromReferenceNode:74 - Resolved : e.student -> enrolment0_.studentId
14:18:57,179 DEBUG FromReferenceNode:74 - Resolved : e -> (enrolment0_.studentId, enrolment0_.courseCode)
14:18:57,179 DEBUG DotNode:599 - getDataType() : semester -> org.hibernate.type.ShortType@491168d6
14:18:57,179 DEBUG FromReferenceNode:74 - Resolved : e.semester -> enrolment0_.semester
14:18:57,179 DEBUG FromReferenceNode:74 - Resolved : e -> (enrolment0_.studentId, enrolment0_.courseCode)
14:18:57,180 DEBUG DotNode:599 - getDataType() : year -> org.hibernate.type.ShortType@491168d6
14:18:57,180 DEBUG FromReferenceNode:74 - Resolved : e.year -> enrolment0_."year"
14:18:57,180 DEBUG FromReferenceNode:74 - Resolved : e -> (enrolment0_.studentId, enrolment0_.courseCode)
14:18:57,180 DEBUG DotNode:599 - getDataType() : course -> org.hibernate.type.ManyToOneType(org.hibernate.test.querycache.Course)
14:18:57,180 DEBUG DotNode:389 - dereferenceEntityJoin() : generating join for course in org.hibernate.test.querycache.Enrolment (<no alias>) parent = [ {null} ]
14:18:57,180 DEBUG FromElement:157 - FromClause{level=1} : org.hibernate.test.querycache.Course (<no alias>) -> course2_
14:18:57,181 DEBUG FromClause:282 - addJoinByPathMap() : e.course -> FromElement{explicit,not a collection join,not a fetch join,fetch non-lazy properties,classAlias=null,role=null,tableName=Course,tableAlias=course2_,origin=Enrolment enrolment0_,columns={enrolment0_.courseCode ,className=org.hibernate.test.querycache.Course}}
14:18:57,181 DEBUG FromReferenceNode:74 - Resolved : e.course -> enrolment0_.courseCode
14:18:57,181 DEBUG FromReferenceNode:74 - Resolved : e -> enrolment0_.studentId, enrolment0_.courseCode
14:18:57,181 DEBUG DotNode:599 - getDataType() : studentNumber -> org.hibernate.type.LongType@4bf3f9d
14:18:57,181 DEBUG FromReferenceNode:74 - Resolved : e.studentNumber -> enrolment0_.studentId
14:18:57,182 DEBUG HqlSqlWalker:629 - processQuery() :  ( SELECT ( {select clause} ( enrolment0_.studentId (enrolment0_.studentId, enrolment0_.courseCode) student ) ( enrolment0_.semester (enrolment0_.studentId, enrolment0_.courseCode) semester ) ( enrolment0_."year" (enrolment0_.studentId, enrolment0_.courseCode) year ) ( enrolment0_.courseCode (enrolment0_.studentId, enrolment0_.courseCode) course ) ) ( FromClause{level=1} ( Enrolment enrolment0_ Student student1_ Course course2_ ) ) ( order ( enrolment0_.studentId enrolment0_.studentId, enrolment0_.courseCode studentNumber ) ) )
14:18:57,182 DEBUG JoinProcessor:175 - Using FROM fragment [Enrolment enrolment0_]
14:18:57,182 DEBUG JoinProcessor:175 - Using FROM fragment [inner join Student student1_ on enrolment0_.studentId=student1_.studentId]
14:18:57,182 DEBUG JoinProcessor:175 - Using FROM fragment [inner join Course course2_ on enrolment0_.courseCode=course2_.courseCode]
14:18:57,182 DEBUG QueryTranslatorImpl:252 - --- SQL AST ---
 \-[SELECT] QueryNode: 'SELECT'  querySpaces (Student,Course,Enrolment)
    +-[SELECT_CLAUSE] SelectClause: '{select clause}'
    |  +-[DOT] DotNode: 'enrolment0_.studentId' {propertyName=student,dereferenceType=EOF,propertyPath=student,path=e.student,tableAlias=student1_,className=org.hibernate.test.querycache.Student,classAlias=null}
    |  |  +-[ALIAS_REF] IdentNode: '(enrolment0_.studentId, enrolment0_.courseCode)' {alias=e, className=org.hibernate.test.querycache.Enrolment, tableAlias=enrolment0_}
    |  |  \-[IDENT] IdentNode: 'student' {originalText=student}
    |  +-[SELECT_COLUMNS] SqlNode: ' as col_0_0_'
    |  +-[DOT] DotNode: 'enrolment0_.semester' {propertyName=semester,dereferenceType=ALL,propertyPath=semester,path=e.semester,tableAlias=enrolment0_,className=org.hibernate.test.querycache.Enrolment,classAlias=e}
    |  |  +-[ALIAS_REF] IdentNode: '(enrolment0_.studentId, enrolment0_.courseCode)' {alias=e, className=org.hibernate.test.querycache.Enrolment, tableAlias=enrolment0_}
    |  |  \-[IDENT] IdentNode: 'semester' {originalText=semester}
    |  +-[SELECT_COLUMNS] SqlNode: ' as col_1_0_'
    |  +-[DOT] DotNode: 'enrolment0_."year"' {propertyName=year,dereferenceType=ALL,propertyPath=year,path=e.year,tableAlias=enrolment0_,className=org.hibernate.test.querycache.Enrolment,classAlias=e}
    |  |  +-[ALIAS_REF] IdentNode: '(enrolment0_.studentId, enrolment0_.courseCode)' {alias=e, className=org.hibernate.test.querycache.Enrolment, tableAlias=enrolment0_}
    |  |  \-[IDENT] IdentNode: 'year' {originalText=year}
    |  +-[SELECT_COLUMNS] SqlNode: ' as col_2_0_'
    |  +-[DOT] DotNode: 'enrolment0_.courseCode' {propertyName=course,dereferenceType=EOF,propertyPath=course,path=e.course,tableAlias=course2_,className=org.hibernate.test.querycache.Course,classAlias=null}
    |  |  +-[ALIAS_REF] IdentNode: '(enrolment0_.studentId, enrolment0_.courseCode)' {alias=e, className=org.hibernate.test.querycache.Enrolment, tableAlias=enrolment0_}
    |  |  \-[IDENT] IdentNode: 'course' {originalText=course}
    |  +-[SELECT_COLUMNS] SqlNode: ' as col_3_0_'
    |  +-[SQL_TOKEN] SqlFragment: 'student1_.studentId as studentId4_0_'
    |  +-[SQL_TOKEN] SqlFragment: 'course2_.courseCode as courseCode1_1_'
    |  +-[SQL_TOKEN] SqlFragment: 'student1_.name_first as name2_4_0_, student1_.name_middle as name3_4_0_, student1_.name_last as name4_4_0_, student1_.preferredCourseCode as preferre5_4_0_'
    |  \-[SQL_TOKEN] SqlFragment: 'course2_.description as descript2_1_1_'
    +-[FROM] FromClause: 'from' FromClause{level=1, fromElementCounter=3, fromElements=3, fromElementByClassAlias=[e], fromElementByTableAlias=[student1_, enrolment0_, course2_], fromElementsByPath=[e.course, e.student], collectionJoinFromElementsByPath=[], impliedElements=[]}
    |  \-[FROM_FRAGMENT] FromElement: 'Enrolment enrolment0_' FromElement{explicit,not a collection join,not a fetch join,fetch non-lazy properties,classAlias=e,role=null,tableName=Enrolment,tableAlias=enrolment0_,origin=null,columns={,className=org.hibernate.test.querycache.Enrolment}}
    |     +-[JOIN_FRAGMENT] FromElement: 'inner join Student student1_ on enrolment0_.studentId=student1_.studentId' FromElement{explicit,not a collection join,not a fetch join,fetch non-lazy properties,classAlias=null,role=null,tableName=Student,tableAlias=student1_,origin=Enrolment enrolment0_,columns={enrolment0_.studentId ,className=org.hibernate.test.querycache.Student}}
    |     \-[JOIN_FRAGMENT] FromElement: 'inner join Course course2_ on enrolment0_.courseCode=course2_.courseCode' FromElement{explicit,not a collection join,not a fetch join,fetch non-lazy properties,classAlias=null,role=null,tableName=Course,tableAlias=course2_,origin=Enrolment enrolment0_,columns={enrolment0_.courseCode ,className=org.hibernate.test.querycache.Course}}
    \-[ORDER] OrderByClause: 'order'
       \-[DOT] DotNode: 'enrolment0_.studentId' {propertyName=studentNumber,dereferenceType=ALL,propertyPath=studentNumber,path=e.studentNumber,tableAlias=enrolment0_,className=org.hibernate.test.querycache.Enrolment,classAlias=e}
          +-[ALIAS_REF] IdentNode: 'enrolment0_.studentId, enrolment0_.courseCode' {alias=e, className=org.hibernate.test.querycache.Enrolment, tableAlias=enrolment0_}
          \-[IDENT] IdentNode: 'studentNumber' {originalText=studentNumber}

14:18:57,207 DEBUG ErrorCounter:82 - throwQueryException() : no errors
14:18:57,208 DEBUG QueryTranslatorImpl:235 - HQL: select e.student as st, e.semester as sem, e.year as yr, e.course as c from org.hibernate.test.querycache.Enrolment e order by e.studentNumber
14:18:57,208 DEBUG QueryTranslatorImpl:236 - SQL: select enrolment0_.studentId as col_0_0_, enrolment0_.semester as col_1_0_, enrolment0_."year" as col_2_0_, enrolment0_.courseCode as col_3_0_, student1_.studentId as studentId4_0_, course2_.courseCode as courseCode1_1_, student1_.name_first as name2_4_0_, student1_.name_middle as name3_4_0_, student1_.name_last as name4_4_0_, student1_.preferredCourseCode as preferre5_4_0_, course2_.description as descript2_1_1_ from Enrolment enrolment0_ inner join Student student1_ on enrolment0_.studentId=student1_.studentId inner join Course course2_ on enrolment0_.courseCode=course2_.courseCode order by enrolment0_.studentId
14:18:57,208 DEBUG ErrorCounter:82 - throwQueryException() : no errors
14:18:57,209 DEBUG SQL:104 - 
    select
        enrolment0_.studentId as col_0_0_,
        enrolment0_.semester as col_1_0_,
        enrolment0_."year" as col_2_0_,
        enrolment0_.courseCode as col_3_0_,
        student1_.studentId as studentId4_0_,
        course2_.courseCode as courseCode1_1_,
        student1_.name_first as name2_4_0_,
        student1_.name_middle as name3_4_0_,
        student1_.name_last as name4_4_0_,
        student1_.preferredCourseCode as preferre5_4_0_,
        course2_.description as descript2_1_1_ 
    from
        Enrolment enrolment0_ 
    inner join
        Student student1_ 
            on enrolment0_.studentId=student1_.studentId 
    inner join
        Course course2_ 
            on enrolment0_.courseCode=course2_.courseCode 
    order by
        enrolment0_.studentId
14:18:57,210 DEBUG SQL:104 - 
    select
        secretcode0_.studentNumber as studentN1_4_0_,
        secretcode0_.secretCode as secretCode5_0_,
        secretcode0_.i as i0_ 
    from
        Student_secretCodes secretcode0_ 
    where
        secretcode0_.studentNumber=?
14:18:57,218 DEBUG SQL:104 - 
    select
        coursemeet0_.courseCode as courseCode1_1_,
        coursemeet0_.courseCode as courseCode2_1_,
        coursemeet0_.day as day2_1_,
        coursemeet0_.period as period2_1_,
        coursemeet0_.location as location2_1_,
        coursemeet0_.courseCode as courseCode2_0_,
        coursemeet0_.day as day2_0_,
        coursemeet0_.period as period2_0_,
        coursemeet0_.location as location2_0_ 
    from
        CourseMeeting coursemeet0_ 
    where
        coursemeet0_.courseCode=?
14:18:57,219 DEBUG SQL:104 - 
    select
        secretcode0_.studentNumber as studentN1_4_0_,
        secretcode0_.secretCode as secretCode5_0_,
        secretcode0_.i as i0_ 
    from
        Student_secretCodes secretcode0_ 
    where
        secretcode0_.studentNumber=?
14:18:57,229 DEBUG BaseGeneralDataRegion:59 - Caching[foo.org.hibernate.cache.internal.StandardQueryCache] : [sql: select enrolment0_.studentId as col_0_0_, enrolment0_.semester as col_1_0_, enrolment0_."year" as col_2_0_, enrolment0_.courseCode as col_3_0_, student1_.studentId as studentId4_0_, course2_.courseCode as courseCode1_1_, student1_.name_first as name2_4_0_, student1_.name_middle as name3_4_0_, student1_.name_last as name4_4_0_, student1_.preferredCourseCode as preferre5_4_0_, course2_.description as descript2_1_1_ from Enrolment enrolment0_ inner join Student student1_ on enrolment0_.studentId=student1_.studentId inner join Course course2_ on enrolment0_.courseCode=course2_.courseCode order by enrolment0_.studentId; parameters: ; named parameters: {}; transformer: org.hibernate.transform.CacheableResultTransformer@47bbf55f] -> [[5579090891689984, [Ljava.io.Serializable;@463f51cf, [Ljava.io.Serializable;@566c664e]]
14:18:57,230 DEBUG SQL:104 - 
    select
        enrolment0_.studentId as col_0_0_,
        enrolment0_.semester as col_1_0_,
        enrolment0_."year" as col_2_0_,
        enrolment0_.courseCode as col_3_0_,
        student1_.studentId as studentId4_0_,
        course2_.courseCode as courseCode1_1_,
        student1_.name_first as name2_4_0_,
        student1_.name_middle as name3_4_0_,
        student1_.name_last as name4_4_0_,
        student1_.preferredCourseCode as preferre5_4_0_,
        course2_.description as descript2_1_1_ 
    from
        Enrolment enrolment0_ 
    inner join
        Student student1_ 
            on enrolment0_.studentId=student1_.studentId 
    inner join
        Course course2_ 
            on enrolment0_.courseCode=course2_.courseCode 
    order by
        enrolment0_.studentId
14:18:57,230 DEBUG SQL:104 - 
    select
        secretcode0_.studentNumber as studentN1_4_0_,
        secretcode0_.secretCode as secretCode5_0_,
        secretcode0_.i as i0_ 
    from
        Student_secretCodes secretcode0_ 
    where
        secretcode0_.studentNumber=?
14:18:57,240 DEBUG SQL:104 - 
    select
        coursemeet0_.courseCode as courseCode1_1_,
        coursemeet0_.courseCode as courseCode2_1_,
        coursemeet0_.day as day2_1_,
        coursemeet0_.period as period2_1_,
        coursemeet0_.location as location2_1_,
        coursemeet0_.courseCode as courseCode2_0_,
        coursemeet0_.day as day2_0_,
        coursemeet0_.period as period2_0_,
        coursemeet0_.location as location2_0_ 
    from
        CourseMeeting coursemeet0_ 
    where
        coursemeet0_.courseCode=?
14:18:57,240 DEBUG SQL:104 - 
    select
        secretcode0_.studentNumber as studentN1_4_0_,
        secretcode0_.secretCode as secretCode5_0_,
        secretcode0_.i as i0_ 
    from
        Student_secretCodes secretcode0_ 
    where
        secretcode0_.studentNumber=?
14:18:57,241 DEBUG BaseGeneralDataRegion:59 - Caching[foo.org.hibernate.cache.internal.StandardQueryCache] : [sql: select enrolment0_.studentId as col_0_0_, enrolment0_.semester as col_1_0_, enrolment0_."year" as col_2_0_, enrolment0_.courseCode as col_3_0_, student1_.studentId as studentId4_0_, course2_.courseCode as courseCode1_1_, student1_.name_first as name2_4_0_, student1_.name_middle as name3_4_0_, student1_.name_last as name4_4_0_, student1_.preferredCourseCode as preferre5_4_0_, course2_.description as descript2_1_1_ from Enrolment enrolment0_ inner join Student student1_ on enrolment0_.studentId=student1_.studentId inner join Course course2_ on enrolment0_.courseCode=course2_.courseCode order by enrolment0_.studentId; parameters: ; named parameters: {}; transformer: org.hibernate.transform.CacheableResultTransformer@47bbf55f] -> [[5579090891735040, [Ljava.io.Serializable;@6e2b485e, [Ljava.io.Serializable;@5b9c4bd3]]
14:18:57,241 DEBUG SQL:104 - 
    select
        student_.studentId,
        student_.name_first as name2_4_,
        student_.name_middle as name3_4_,
        student_.name_last as name4_4_,
        student_.preferredCourseCode as preferre5_4_ 
    from
        Student student_ 
    where
        student_.studentId=?
14:18:57,252 DEBUG SQL:104 - 
    select
        enrolment_.studentId,
        enrolment_.courseCode,
        enrolment_.semester as semester3_,
        enrolment_."year" as year4_3_ 
    from
        Enrolment enrolment_ 
    where
        enrolment_.studentId=? 
        and enrolment_.courseCode=?
14:18:57,253 DEBUG SQL:104 - 
    select
        course_.courseCode,
        course_.description as descript2_1_ 
    from
        Course course_ 
    where
        course_.courseCode=?
14:18:57,253 DEBUG SQL:104 - 
    select
        student_.studentId,
        student_.name_first as name2_4_,
        student_.name_middle as name3_4_,
        student_.name_last as name4_4_,
        student_.preferredCourseCode as preferre5_4_ 
    from
        Student student_ 
    where
        student_.studentId=?
14:18:57,261 DEBUG SQL:104 - 
    select
        enrolment_.studentId,
        enrolment_.courseCode,
        enrolment_.semester as semester3_,
        enrolment_."year" as year4_3_ 
    from
        Enrolment enrolment_ 
    where
        enrolment_.studentId=? 
        and enrolment_.courseCode=?
14:18:57,261 DEBUG SQL:104 - 
    select
        coursemeet_.courseCode,
        coursemeet_.day,
        coursemeet_.period,
        coursemeet_.location 
    from
        CourseMeeting coursemeet_ 
    where
        coursemeet_.courseCode=? 
        and coursemeet_.day=? 
        and coursemeet_.period=? 
        and coursemeet_.location=?
14:18:57,271 DEBUG SQL:104 - 
    select
        coursemeet_.courseCode,
        coursemeet_.day,
        coursemeet_.period,
        coursemeet_.location 
    from
        CourseMeeting coursemeet_ 
    where
        coursemeet_.courseCode=? 
        and coursemeet_.day=? 
        and coursemeet_.period=? 
        and coursemeet_.location=?
14:18:57,273 DEBUG BaseGeneralDataRegion:59 - Caching[foo.org.hibernate.cache.spi.UpdateTimestampsCache] : [Enrolment] -> [5579091137630208]
14:18:57,273 DEBUG SQL:104 - 
    update
        Address 
    set
        studentNumber=null,
        addressType=null 
    where
        studentNumber=?
14:18:57,273 DEBUG BaseGeneralDataRegion:59 - Caching[foo.org.hibernate.cache.spi.UpdateTimestampsCache] : [Address] -> [5579091137630209]
14:18:57,274 DEBUG SQL:104 - 
    delete 
    from
        Student_secretCodes 
    where
        studentNumber=?
14:18:57,274 DEBUG BaseGeneralDataRegion:59 - Caching[foo.org.hibernate.cache.spi.UpdateTimestampsCache] : [Student_secretCodes] -> [5579091137634304]
14:18:57,274 DEBUG BaseGeneralDataRegion:59 - Caching[foo.org.hibernate.cache.spi.UpdateTimestampsCache] : [Enrolment] -> [5579091137634305]
14:18:57,274 DEBUG BaseGeneralDataRegion:59 - Caching[foo.org.hibernate.cache.spi.UpdateTimestampsCache] : [Address] -> [5579091137634306]
14:18:57,274 DEBUG SQL:104 - 
    delete 
    from
        Student_secretCodes 
    where
        studentNumber=?
14:18:57,274 DEBUG BaseGeneralDataRegion:59 - Caching[foo.org.hibernate.cache.spi.UpdateTimestampsCache] : [Student_secretCodes] -> [5579091137634307]
14:18:57,274 DEBUG BaseGeneralDataRegion:59 - Caching[foo.org.hibernate.cache.spi.UpdateTimestampsCache] : [CourseMeeting] -> [5579091137634308]
14:18:57,275 DEBUG SQL:104 - 
    delete 
    from
        Enrolment 
    where
        studentId=? 
        and courseCode=?
14:18:57,275 DEBUG BaseGeneralDataRegion:59 - Caching[foo.org.hibernate.cache.spi.UpdateTimestampsCache] : [Enrolment] -> [5579091137638400]
14:18:57,275 DEBUG SQL:104 - 
    delete 
    from
        Address 
    where
        id=?
14:18:57,275 DEBUG BaseGeneralDataRegion:59 - Caching[foo.org.hibernate.cache.spi.UpdateTimestampsCache] : [Address] -> [5579091137638401]
14:18:57,275 DEBUG SQL:104 - 
    delete 
    from
        Address 
    where
        id=?
14:18:57,290 DEBUG BaseGeneralDataRegion:59 - Caching[foo.org.hibernate.cache.spi.UpdateTimestampsCache] : [Address] -> [5579091137699840]
14:18:57,290 DEBUG SQL:104 - 
    delete 
    from
        Student 
    where
        studentId=?
14:18:57,291 DEBUG BaseGeneralDataRegion:59 - Caching[foo.org.hibernate.cache.spi.UpdateTimestampsCache] : [Student] -> [5579091137703936]
14:18:57,291 DEBUG SQL:104 - 
    delete 
    from
        Enrolment 
    where
        studentId=? 
        and courseCode=?
14:18:57,292 DEBUG BaseGeneralDataRegion:59 - Caching[foo.org.hibernate.cache.spi.UpdateTimestampsCache] : [Enrolment] -> [5579091137708032]
14:18:57,292 DEBUG SQL:104 - 
    delete 
    from
        Student 
    where
        studentId=?
14:18:57,292 DEBUG BaseGeneralDataRegion:59 - Caching[foo.org.hibernate.cache.spi.UpdateTimestampsCache] : [Student] -> [5579091137708033]
14:18:57,292 DEBUG SQL:104 - 
    delete 
    from
        CourseMeeting 
    where
        courseCode=? 
        and day=? 
        and period=? 
        and location=?
14:18:57,299 DEBUG BaseGeneralDataRegion:59 - Caching[foo.org.hibernate.cache.spi.UpdateTimestampsCache] : [CourseMeeting] -> [5579091137736704]
14:18:57,299 DEBUG SQL:104 - 
    delete 
    from
        CourseMeeting 
    where
        courseCode=? 
        and day=? 
        and period=? 
        and location=?
14:18:57,300 DEBUG BaseGeneralDataRegion:59 - Caching[foo.org.hibernate.cache.spi.UpdateTimestampsCache] : [CourseMeeting] -> [5579091137740800]
14:18:57,300 DEBUG SQL:104 - 
    delete 
    from
        Course 
    where
        courseCode=?
14:18:57,300 DEBUG BaseGeneralDataRegion:59 - Caching[foo.org.hibernate.cache.spi.UpdateTimestampsCache] : [Course] -> [5579091137740801]
14:18:57,300 DEBUG BaseGeneralDataRegion:59 - Caching[foo.org.hibernate.cache.spi.UpdateTimestampsCache] : [Student] -> [5579090891980802]
14:18:57,300 DEBUG BaseGeneralDataRegion:59 - Caching[foo.org.hibernate.cache.spi.UpdateTimestampsCache] : [Course] -> [5579090891980802]
14:18:57,300 DEBUG BaseGeneralDataRegion:59 - Caching[foo.org.hibernate.cache.spi.UpdateTimestampsCache] : [Enrolment] -> [5579090891980802]
14:18:57,300 DEBUG BaseGeneralDataRegion:59 - Caching[foo.org.hibernate.cache.spi.UpdateTimestampsCache] : [Student_secretCodes] -> [5579090891980802]
14:18:57,300 DEBUG BaseGeneralDataRegion:59 - Caching[foo.org.hibernate.cache.spi.UpdateTimestampsCache] : [Address] -> [5579090891980802]
14:18:57,300 DEBUG BaseGeneralDataRegion:59 - Caching[foo.org.hibernate.cache.spi.UpdateTimestampsCache] : [CourseMeeting] -> [5579090891980802]
14:18:57,301  INFO CustomRunner:139 - Test: testMultiEntityProjectionList
14:18:57,302 DEBUG SQL:104 - 
    select
        coursemeet_.courseCode,
        coursemeet_.day,
        coursemeet_.period,
        coursemeet_.location 
    from
        CourseMeeting coursemeet_ 
    where
        coursemeet_.courseCode=? 
        and coursemeet_.day=? 
        and coursemeet_.period=? 
        and coursemeet_.location=?
14:18:57,321 DEBUG SQL:104 - 
    select
        coursemeet_.courseCode,
        coursemeet_.day,
        coursemeet_.period,
        coursemeet_.location 
    from
        CourseMeeting coursemeet_ 
    where
        coursemeet_.courseCode=? 
        and coursemeet_.day=? 
        and coursemeet_.period=? 
        and coursemeet_.location=?
14:18:57,322 DEBUG SQL:104 - 
    insert 
    into
        Course
        (description, courseCode) 
    values
        (?, ?)
14:18:57,323 DEBUG BaseGeneralDataRegion:59 - Caching[foo.org.hibernate.cache.spi.UpdateTimestampsCache] : [Course] -> [5579091137835008]
14:18:57,323 DEBUG SQL:104 - 
    insert 
    into
        CourseMeeting
        (courseCode, day, period, location) 
    values
        (?, ?, ?, ?)
14:18:57,323 DEBUG BaseGeneralDataRegion:59 - Caching[foo.org.hibernate.cache.spi.UpdateTimestampsCache] : [CourseMeeting] -> [5579091137835009]
14:18:57,323 DEBUG SQL:104 - 
    insert 
    into
        CourseMeeting
        (courseCode, day, period, location) 
    values
        (?, ?, ?, ?)
14:18:57,323 DEBUG BaseGeneralDataRegion:59 - Caching[foo.org.hibernate.cache.spi.UpdateTimestampsCache] : [CourseMeeting] -> [5579091137835010]
14:18:57,323 DEBUG SQL:104 - 
    insert 
    into
        Student
        (name_first, name_middle, name_last, preferredCourseCode, studentId) 
    values
        (?, ?, ?, ?, ?)
14:18:57,323 DEBUG BaseGeneralDataRegion:59 - Caching[foo.org.hibernate.cache.spi.UpdateTimestampsCache] : [Student] -> [5579091137835011]
14:18:57,324 DEBUG SQL:104 - 
    insert 
    into
        Address
        (addressType, street, city, stateProvince, postalCode, country, studentNumber, id) 
    values
        (?, ?, ?, ?, ?, ?, ?, ?)
14:18:57,324 DEBUG BaseGeneralDataRegion:59 - Caching[foo.org.hibernate.cache.spi.UpdateTimestampsCache] : [Address] -> [5579091137839104]
14:18:57,324 DEBUG SQL:104 - 
    insert 
    into
        Address
        (addressType, street, city, stateProvince, postalCode, country, studentNumber, id) 
    values
        (?, ?, ?, ?, ?, ?, ?, ?)
14:18:57,324 DEBUG BaseGeneralDataRegion:59 - Caching[foo.org.hibernate.cache.spi.UpdateTimestampsCache] : [Address] -> [5579091137839105]
14:18:57,324 DEBUG SQL:104 - 
    insert 
    into
        Student
        (name_first, name_middle, name_last, preferredCourseCode, studentId) 
    values
        (?, ?, ?, ?, ?)
14:18:57,346 DEBUG BaseGeneralDataRegion:59 - Caching[foo.org.hibernate.cache.spi.UpdateTimestampsCache] : [Student] -> [5579091137929216]
14:18:57,346 DEBUG SQL:104 - 
    insert 
    into
        Enrolment
        (semester, "year", studentId, courseCode) 
    values
        (?, ?, ?, ?)
14:18:57,346 DEBUG BaseGeneralDataRegion:59 - Caching[foo.org.hibernate.cache.spi.UpdateTimestampsCache] : [Enrolment] -> [5579091137929217]
14:18:57,346 DEBUG SQL:104 - 
    insert 
    into
        Enrolment
        (semester, "year", studentId, courseCode) 
    values
        (?, ?, ?, ?)
14:18:57,347 DEBUG BaseGeneralDataRegion:59 - Caching[foo.org.hibernate.cache.spi.UpdateTimestampsCache] : [Enrolment] -> [5579091137933312]
14:18:57,347 DEBUG BaseGeneralDataRegion:59 - Caching[foo.org.hibernate.cache.spi.UpdateTimestampsCache] : [CourseMeeting] -> [5579091137933313]
14:18:57,347 DEBUG BaseGeneralDataRegion:59 - Caching[foo.org.hibernate.cache.spi.UpdateTimestampsCache] : [Enrolment] -> [5579091137933314]
14:18:57,347 DEBUG SQL:104 - 
    update
        Address 
    set
        studentNumber=?,
        addressType=? 
    where
        id=?
14:18:57,347 DEBUG SQL:104 - 
    update
        Address 
    set
        studentNumber=?,
        addressType=? 
    where
        id=?
14:18:57,358 DEBUG BaseGeneralDataRegion:59 - Caching[foo.org.hibernate.cache.spi.UpdateTimestampsCache] : [Address] -> [5579091137978368]
14:18:57,358 DEBUG SQL:104 - 
    insert 
    into
        Student_secretCodes
        (studentNumber, i, secretCode) 
    values
        (?, ?, ?)
14:18:57,358 DEBUG BaseGeneralDataRegion:59 - Caching[foo.org.hibernate.cache.spi.UpdateTimestampsCache] : [Student_secretCodes] -> [5579091137978369]
14:18:57,358 DEBUG BaseGeneralDataRegion:59 - Caching[foo.org.hibernate.cache.spi.UpdateTimestampsCache] : [Enrolment] -> [5579091137978370]
14:18:57,358 DEBUG BaseGeneralDataRegion:59 - Caching[foo.org.hibernate.cache.spi.UpdateTimestampsCache] : [Address] -> [5579091137978371]
14:18:57,358 DEBUG SQL:104 - 
    insert 
    into
        Student_secretCodes
        (studentNumber, i, secretCode) 
    values
        (?, ?, ?)
14:18:57,358 DEBUG SQL:104 - 
    insert 
    into
        Student_secretCodes
        (studentNumber, i, secretCode) 
    values
        (?, ?, ?)
14:18:57,359 DEBUG BaseGeneralDataRegion:59 - Caching[foo.org.hibernate.cache.spi.UpdateTimestampsCache] : [Student_secretCodes] -> [5579091137982464]
14:18:57,378 DEBUG BaseGeneralDataRegion:59 - Caching[foo.org.hibernate.cache.spi.UpdateTimestampsCache] : [Student] -> [5579090892300288]
14:18:57,378 DEBUG BaseGeneralDataRegion:59 - Caching[foo.org.hibernate.cache.spi.UpdateTimestampsCache] : [Course] -> [5579090892300288]
14:18:57,378 DEBUG BaseGeneralDataRegion:59 - Caching[foo.org.hibernate.cache.spi.UpdateTimestampsCache] : [Enrolment] -> [5579090892300288]
14:18:57,379 DEBUG BaseGeneralDataRegion:59 - Caching[foo.org.hibernate.cache.spi.UpdateTimestampsCache] : [Student_secretCodes] -> [5579090892300288]
14:18:57,379 DEBUG BaseGeneralDataRegion:59 - Caching[foo.org.hibernate.cache.spi.UpdateTimestampsCache] : [Address] -> [5579090892300288]
14:18:57,379 DEBUG BaseGeneralDataRegion:59 - Caching[foo.org.hibernate.cache.spi.UpdateTimestampsCache] : [CourseMeeting] -> [5579090892300288]
14:18:57,379 DEBUG QueryTranslatorImpl:265 - parse() - HQL: select e.student, e.semester, e.year, e.course from org.hibernate.test.querycache.Enrolment e order by e.studentNumber
14:18:57,381 DEBUG QueryTranslatorImpl:283 - --- HQL AST ---
 \-[QUERY] Node: 'query'
    +-[SELECT_FROM] Node: 'SELECT_FROM'
    |  +-[FROM] Node: 'from'
    |  |  \-[RANGE] Node: 'RANGE'
    |  |     +-[DOT] Node: '.'
    |  |     |  +-[DOT] Node: '.'
    |  |     |  |  +-[DOT] Node: '.'
    |  |     |  |  |  +-[DOT] Node: '.'
    |  |     |  |  |  |  +-[IDENT] Node: 'org'
    |  |     |  |  |  |  \-[IDENT] Node: 'hibernate'
    |  |     |  |  |  \-[IDENT] Node: 'test'
    |  |     |  |  \-[IDENT] Node: 'querycache'
    |  |     |  \-[IDENT] Node: 'Enrolment'
    |  |     \-[ALIAS] Node: 'e'
    |  \-[SELECT] Node: 'select'
    |     +-[DOT] Node: '.'
    |     |  +-[IDENT] Node: 'e'
    |     |  \-[IDENT] Node: 'student'
    |     +-[DOT] Node: '.'
    |     |  +-[IDENT] Node: 'e'
    |     |  \-[IDENT] Node: 'semester'
    |     +-[DOT] Node: '.'
    |     |  +-[IDENT] Node: 'e'
    |     |  \-[IDENT] Node: 'year'
    |     \-[DOT] Node: '.'
    |        +-[IDENT] Node: 'e'
    |        \-[IDENT] Node: 'course'
    \-[ORDER] Node: 'order'
       \-[DOT] Node: '.'
          +-[IDENT] Node: 'e'
          \-[IDENT] Node: 'studentNumber'

14:18:57,385 DEBUG ErrorCounter:82 - throwQueryException() : no errors
14:18:57,386 DEBUG FromElement:157 - FromClause{level=1} : org.hibernate.test.querycache.Enrolment (e) -> enrolment0_
14:18:57,386 DEBUG FromReferenceNode:74 - Resolved : e -> (enrolment0_.studentId, enrolment0_.courseCode)
14:18:57,386 DEBUG DotNode:599 - getDataType() : student -> org.hibernate.type.ManyToOneType(org.hibernate.test.querycache.Student)
14:18:57,387 DEBUG DotNode:389 - dereferenceEntityJoin() : generating join for student in org.hibernate.test.querycache.Enrolment (<no alias>) parent = [ {null} ]
14:18:57,387 DEBUG FromElement:157 - FromClause{level=1} : org.hibernate.test.querycache.Student (<no alias>) -> student1_
14:18:57,388 DEBUG FromClause:282 - addJoinByPathMap() : e.student -> FromElement{explicit,not a collection join,not a fetch join,fetch non-lazy properties,classAlias=null,role=null,tableName=Student,tableAlias=student1_,origin=Enrolment enrolment0_,columns={enrolment0_.studentId ,className=org.hibernate.test.querycache.Student}}
14:18:57,388 DEBUG FromReferenceNode:74 - Resolved : e.student -> enrolment0_.studentId
14:18:57,388 DEBUG FromReferenceNode:74 - Resolved : e -> (enrolment0_.studentId, enrolment0_.courseCode)
14:18:57,388 DEBUG DotNode:599 - getDataType() : semester -> org.hibernate.type.ShortType@491168d6
14:18:57,388 DEBUG FromReferenceNode:74 - Resolved : e.semester -> enrolment0_.semester
14:18:57,388 DEBUG FromReferenceNode:74 - Resolved : e -> (enrolment0_.studentId, enrolment0_.courseCode)
14:18:57,388 DEBUG DotNode:599 - getDataType() : year -> org.hibernate.type.ShortType@491168d6
14:18:57,388 DEBUG FromReferenceNode:74 - Resolved : e.year -> enrolment0_."year"
14:18:57,389 DEBUG FromReferenceNode:74 - Resolved : e -> (enrolment0_.studentId, enrolment0_.courseCode)
14:18:57,389 DEBUG DotNode:599 - getDataType() : course -> org.hibernate.type.ManyToOneType(org.hibernate.test.querycache.Course)
14:18:57,389 DEBUG DotNode:389 - dereferenceEntityJoin() : generating join for course in org.hibernate.test.querycache.Enrolment (<no alias>) parent = [ {null} ]
14:18:57,389 DEBUG FromElement:157 - FromClause{level=1} : org.hibernate.test.querycache.Course (<no alias>) -> course2_
14:18:57,389 DEBUG FromClause:282 - addJoinByPathMap() : e.course -> FromElement{explicit,not a collection join,not a fetch join,fetch non-lazy properties,classAlias=null,role=null,tableName=Course,tableAlias=course2_,origin=Enrolment enrolment0_,columns={enrolment0_.courseCode ,className=org.hibernate.test.querycache.Course}}
14:18:57,389 DEBUG FromReferenceNode:74 - Resolved : e.course -> enrolment0_.courseCode
14:18:57,397 DEBUG FromReferenceNode:74 - Resolved : e -> enrolment0_.studentId, enrolment0_.courseCode
14:18:57,398 DEBUG DotNode:599 - getDataType() : studentNumber -> org.hibernate.type.LongType@4bf3f9d
14:18:57,398 DEBUG FromReferenceNode:74 - Resolved : e.studentNumber -> enrolment0_.studentId
14:18:57,398 DEBUG HqlSqlWalker:629 - processQuery() :  ( SELECT ( {select clause} ( enrolment0_.studentId (enrolment0_.studentId, enrolment0_.courseCode) student ) ( enrolment0_.semester (enrolment0_.studentId, enrolment0_.courseCode) semester ) ( enrolment0_."year" (enrolment0_.studentId, enrolment0_.courseCode) year ) ( enrolment0_.courseCode (enrolment0_.studentId, enrolment0_.courseCode) course ) ) ( FromClause{level=1} ( Enrolment enrolment0_ Student student1_ Course course2_ ) ) ( order ( enrolment0_.studentId enrolment0_.studentId, enrolment0_.courseCode studentNumber ) ) )
14:18:57,399 DEBUG JoinProcessor:175 - Using FROM fragment [Enrolment enrolment0_]
14:18:57,399 DEBUG JoinProcessor:175 - Using FROM fragment [inner join Student student1_ on enrolment0_.studentId=student1_.studentId]
14:18:57,399 DEBUG JoinProcessor:175 - Using FROM fragment [inner join Course course2_ on enrolment0_.courseCode=course2_.courseCode]
14:18:57,399 DEBUG QueryTranslatorImpl:252 - --- SQL AST ---
 \-[SELECT] QueryNode: 'SELECT'  querySpaces (Student,Course,Enrolment)
    +-[SELECT_CLAUSE] SelectClause: '{select clause}'
    |  +-[DOT] DotNode: 'enrolment0_.studentId' {propertyName=student,dereferenceType=EOF,propertyPath=student,path=e.student,tableAlias=student1_,className=org.hibernate.test.querycache.Student,classAlias=null}
    |  |  +-[ALIAS_REF] IdentNode: '(enrolment0_.studentId, enrolment0_.courseCode)' {alias=e, className=org.hibernate.test.querycache.Enrolment, tableAlias=enrolment0_}
    |  |  \-[IDENT] IdentNode: 'student' {originalText=student}
    |  +-[SELECT_COLUMNS] SqlNode: ' as col_0_0_'
    |  +-[DOT] DotNode: 'enrolment0_.semester' {propertyName=semester,dereferenceType=ALL,propertyPath=semester,path=e.semester,tableAlias=enrolment0_,className=org.hibernate.test.querycache.Enrolment,classAlias=e}
    |  |  +-[ALIAS_REF] IdentNode: '(enrolment0_.studentId, enrolment0_.courseCode)' {alias=e, className=org.hibernate.test.querycache.Enrolment, tableAlias=enrolment0_}
    |  |  \-[IDENT] IdentNode: 'semester' {originalText=semester}
    |  +-[SELECT_COLUMNS] SqlNode: ' as col_1_0_'
    |  +-[DOT] DotNode: 'enrolment0_."year"' {propertyName=year,dereferenceType=ALL,propertyPath=year,path=e.year,tableAlias=enrolment0_,className=org.hibernate.test.querycache.Enrolment,classAlias=e}
    |  |  +-[ALIAS_REF] IdentNode: '(enrolment0_.studentId, enrolment0_.courseCode)' {alias=e, className=org.hibernate.test.querycache.Enrolment, tableAlias=enrolment0_}
    |  |  \-[IDENT] IdentNode: 'year' {originalText=year}
    |  +-[SELECT_COLUMNS] SqlNode: ' as col_2_0_'
    |  +-[DOT] DotNode: 'enrolment0_.courseCode' {propertyName=course,dereferenceType=EOF,propertyPath=course,path=e.course,tableAlias=course2_,className=org.hibernate.test.querycache.Course,classAlias=null}
    |  |  +-[ALIAS_REF] IdentNode: '(enrolment0_.studentId, enrolment0_.courseCode)' {alias=e, className=org.hibernate.test.querycache.Enrolment, tableAlias=enrolment0_}
    |  |  \-[IDENT] IdentNode: 'course' {originalText=course}
    |  +-[SELECT_COLUMNS] SqlNode: ' as col_3_0_'
    |  +-[SQL_TOKEN] SqlFragment: 'student1_.studentId as studentId4_0_'
    |  +-[SQL_TOKEN] SqlFragment: 'course2_.courseCode as courseCode1_1_'
    |  +-[SQL_TOKEN] SqlFragment: 'student1_.name_first as name2_4_0_, student1_.name_middle as name3_4_0_, student1_.name_last as name4_4_0_, student1_.preferredCourseCode as preferre5_4_0_'
    |  \-[SQL_TOKEN] SqlFragment: 'course2_.description as descript2_1_1_'
    +-[FROM] FromClause: 'from' FromClause{level=1, fromElementCounter=3, fromElements=3, fromElementByClassAlias=[e], fromElementByTableAlias=[student1_, enrolment0_, course2_], fromElementsByPath=[e.course, e.student], collectionJoinFromElementsByPath=[], impliedElements=[]}
    |  \-[FROM_FRAGMENT] FromElement: 'Enrolment enrolment0_' FromElement{explicit,not a collection join,not a fetch join,fetch non-lazy properties,classAlias=e,role=null,tableName=Enrolment,tableAlias=enrolment0_,origin=null,columns={,className=org.hibernate.test.querycache.Enrolment}}
    |     +-[JOIN_FRAGMENT] FromElement: 'inner join Student student1_ on enrolment0_.studentId=student1_.studentId' FromElement{explicit,not a collection join,not a fetch join,fetch non-lazy properties,classAlias=null,role=null,tableName=Student,tableAlias=student1_,origin=Enrolment enrolment0_,columns={enrolment0_.studentId ,className=org.hibernate.test.querycache.Student}}
    |     \-[JOIN_FRAGMENT] FromElement: 'inner join Course course2_ on enrolment0_.courseCode=course2_.courseCode' FromElement{explicit,not a collection join,not a fetch join,fetch non-lazy properties,classAlias=null,role=null,tableName=Course,tableAlias=course2_,origin=Enrolment enrolment0_,columns={enrolment0_.courseCode ,className=org.hibernate.test.querycache.Course}}
    \-[ORDER] OrderByClause: 'order'
       \-[DOT] DotNode: 'enrolment0_.studentId' {propertyName=studentNumber,dereferenceType=ALL,propertyPath=studentNumber,path=e.studentNumber,tableAlias=enrolment0_,className=org.hibernate.test.querycache.Enrolment,classAlias=e}
          +-[ALIAS_REF] IdentNode: 'enrolment0_.studentId, enrolment0_.courseCode' {alias=e, className=org.hibernate.test.querycache.Enrolment, tableAlias=enrolment0_}
          \-[IDENT] IdentNode: 'studentNumber' {originalText=studentNumber}

14:18:57,400 DEBUG ErrorCounter:82 - throwQueryException() : no errors
14:18:57,400 DEBUG QueryTranslatorImpl:235 - HQL: select e.student, e.semester, e.year, e.course from org.hibernate.test.querycache.Enrolment e order by e.studentNumber
14:18:57,400 DEBUG QueryTranslatorImpl:236 - SQL: select enrolment0_.studentId as col_0_0_, enrolment0_.semester as col_1_0_, enrolment0_."year" as col_2_0_, enrolment0_.courseCode as col_3_0_, student1_.studentId as studentId4_0_, course2_.courseCode as courseCode1_1_, student1_.name_first as name2_4_0_, student1_.name_middle as name3_4_0_, student1_.name_last as name4_4_0_, student1_.preferredCourseCode as preferre5_4_0_, course2_.description as descript2_1_1_ from Enrolment enrolment0_ inner join Student student1_ on enrolment0_.studentId=student1_.studentId inner join Course course2_ on enrolment0_.courseCode=course2_.courseCode order by enrolment0_.studentId
14:18:57,400 DEBUG ErrorCounter:82 - throwQueryException() : no errors
14:18:57,400 DEBUG SQL:104 - 
    select
        enrolment0_.studentId as col_0_0_,
        enrolment0_.semester as col_1_0_,
        enrolment0_."year" as col_2_0_,
        enrolment0_.courseCode as col_3_0_,
        student1_.studentId as studentId4_0_,
        course2_.courseCode as courseCode1_1_,
        student1_.name_first as name2_4_0_,
        student1_.name_middle as name3_4_0_,
        student1_.name_last as name4_4_0_,
        student1_.preferredCourseCode as preferre5_4_0_,
        course2_.description as descript2_1_1_ 
    from
        Enrolment enrolment0_ 
    inner join
        Student student1_ 
            on enrolment0_.studentId=student1_.studentId 
    inner join
        Course course2_ 
            on enrolment0_.courseCode=course2_.courseCode 
    order by
        enrolment0_.studentId
14:18:57,416 DEBUG SQL:104 - 
    select
        secretcode0_.studentNumber as studentN1_4_0_,
        secretcode0_.secretCode as secretCode5_0_,
        secretcode0_.i as i0_ 
    from
        Student_secretCodes secretcode0_ 
    where
        secretcode0_.studentNumber=?
14:18:57,417 DEBUG SQL:104 - 
    select
        coursemeet0_.courseCode as courseCode1_1_,
        coursemeet0_.courseCode as courseCode2_1_,
        coursemeet0_.day as day2_1_,
        coursemeet0_.period as period2_1_,
        coursemeet0_.location as location2_1_,
        coursemeet0_.courseCode as courseCode2_0_,
        coursemeet0_.day as day2_0_,
        coursemeet0_.period as period2_0_,
        coursemeet0_.location as location2_0_ 
    from
        CourseMeeting coursemeet0_ 
    where
        coursemeet0_.courseCode=?
14:18:57,427 DEBUG SQL:104 - 
    select
        secretcode0_.studentNumber as studentN1_4_0_,
        secretcode0_.secretCode as secretCode5_0_,
        secretcode0_.i as i0_ 
    from
        Student_secretCodes secretcode0_ 
    where
        secretcode0_.studentNumber=?
14:18:57,427 DEBUG BaseGeneralDataRegion:59 - Caching[foo.org.hibernate.cache.internal.StandardQueryCache] : [sql: select enrolment0_.studentId as col_0_0_, enrolment0_.semester as col_1_0_, enrolment0_."year" as col_2_0_, enrolment0_.courseCode as col_3_0_, student1_.studentId as studentId4_0_, course2_.courseCode as courseCode1_1_, student1_.name_first as name2_4_0_, student1_.name_middle as name3_4_0_, student1_.name_last as name4_4_0_, student1_.preferredCourseCode as preferre5_4_0_, course2_.description as descript2_1_1_ from Enrolment enrolment0_ inner join Student student1_ on enrolment0_.studentId=student1_.studentId inner join Course course2_ on enrolment0_.courseCode=course2_.courseCode order by enrolment0_.studentId; parameters: ; named parameters: {}; transformer: org.hibernate.transform.CacheableResultTransformer@47bbf55f] -> [[5579090892500992, [Ljava.io.Serializable;@5b7c2fbc, [Ljava.io.Serializable;@36220e90]]
14:18:57,428 DEBUG SQL:104 - 
    select
        enrolment0_.studentId as col_0_0_,
        enrolment0_.semester as col_1_0_,
        enrolment0_."year" as col_2_0_,
        enrolment0_.courseCode as col_3_0_,
        student1_.studentId as studentId4_0_,
        course2_.courseCode as courseCode1_1_,
        student1_.name_first as name2_4_0_,
        student1_.name_middle as name3_4_0_,
        student1_.name_last as name4_4_0_,
        student1_.preferredCourseCode as preferre5_4_0_,
        course2_.description as descript2_1_1_ 
    from
        Enrolment enrolment0_ 
    inner join
        Student student1_ 
            on enrolment0_.studentId=student1_.studentId 
    inner join
        Course course2_ 
            on enrolment0_.courseCode=course2_.courseCode 
    order by
        enrolment0_.studentId
14:18:57,429 DEBUG SQL:104 - 
    select
        secretcode0_.studentNumber as studentN1_4_0_,
        secretcode0_.secretCode as secretCode5_0_,
        secretcode0_.i as i0_ 
    from
        Student_secretCodes secretcode0_ 
    where
        secretcode0_.studentNumber=?
14:18:57,429 DEBUG SQL:104 - 
    select
        coursemeet0_.courseCode as courseCode1_1_,
        coursemeet0_.courseCode as courseCode2_1_,
        coursemeet0_.day as day2_1_,
        coursemeet0_.period as period2_1_,
        coursemeet0_.location as location2_1_,
        coursemeet0_.courseCode as courseCode2_0_,
        coursemeet0_.day as day2_0_,
        coursemeet0_.period as period2_0_,
        coursemeet0_.location as location2_0_ 
    from
        CourseMeeting coursemeet0_ 
    where
        coursemeet0_.courseCode=?
14:18:57,451 DEBUG SQL:104 - 
    select
        secretcode0_.studentNumber as studentN1_4_0_,
        secretcode0_.secretCode as secretCode5_0_,
        secretcode0_.i as i0_ 
    from
        Student_secretCodes secretcode0_ 
    where
        secretcode0_.studentNumber=?
14:18:57,452 DEBUG BaseGeneralDataRegion:59 - Caching[foo.org.hibernate.cache.internal.StandardQueryCache] : [sql: select enrolment0_.studentId as col_0_0_, enrolment0_.semester as col_1_0_, enrolment0_."year" as col_2_0_, enrolment0_.courseCode as col_3_0_, student1_.studentId as studentId4_0_, course2_.courseCode as courseCode1_1_, student1_.name_first as name2_4_0_, student1_.name_middle as name3_4_0_, student1_.name_last as name4_4_0_, student1_.preferredCourseCode as preferre5_4_0_, course2_.description as descript2_1_1_ from Enrolment enrolment0_ inner join Student student1_ on enrolment0_.studentId=student1_.studentId inner join Course course2_ on enrolment0_.courseCode=course2_.courseCode order by enrolment0_.studentId; parameters: ; named parameters: {}; transformer: org.hibernate.transform.CacheableResultTransformer@47bbf55f] -> [[5579090892603392, [Ljava.io.Serializable;@37f0f905, [Ljava.io.Serializable;@2d6cd3f4]]
14:18:57,453 DEBUG SQL:104 - 
    select
        student_.studentId,
        student_.name_first as name2_4_,
        student_.name_middle as name3_4_,
        student_.name_last as name4_4_,
        student_.preferredCourseCode as preferre5_4_ 
    from
        Student student_ 
    where
        student_.studentId=?
14:18:57,461 DEBUG SQL:104 - 
    select
        enrolment_.studentId,
        enrolment_.courseCode,
        enrolment_.semester as semester3_,
        enrolment_."year" as year4_3_ 
    from
        Enrolment enrolment_ 
    where
        enrolment_.studentId=? 
        and enrolment_.courseCode=?
14:18:57,462 DEBUG SQL:104 - 
    select
        course_.courseCode,
        course_.description as descript2_1_ 
    from
        Course course_ 
    where
        course_.courseCode=?
14:18:57,462 DEBUG SQL:104 - 
    select
        student_.studentId,
        student_.name_first as name2_4_,
        student_.name_middle as name3_4_,
        student_.name_last as name4_4_,
        student_.preferredCourseCode as preferre5_4_ 
    from
        Student student_ 
    where
        student_.studentId=?
14:18:57,472 DEBUG SQL:104 - 
    select
        enrolment_.studentId,
        enrolment_.courseCode,
        enrolment_.semester as semester3_,
        enrolment_."year" as year4_3_ 
    from
        Enrolment enrolment_ 
    where
        enrolment_.studentId=? 
        and enrolment_.courseCode=?
14:18:57,473 DEBUG SQL:104 - 
    select
        coursemeet_.courseCode,
        coursemeet_.day,
        coursemeet_.period,
        coursemeet_.location 
    from
        CourseMeeting coursemeet_ 
    where
        coursemeet_.courseCode=? 
        and coursemeet_.day=? 
        and coursemeet_.period=? 
        and coursemeet_.location=?
14:18:57,473 DEBUG SQL:104 - 
    select
        coursemeet_.courseCode,
        coursemeet_.day,
        coursemeet_.period,
        coursemeet_.location 
    from
        CourseMeeting coursemeet_ 
    where
        coursemeet_.courseCode=? 
        and coursemeet_.day=? 
        and coursemeet_.period=? 
        and coursemeet_.location=?
14:18:57,484 DEBUG BaseGeneralDataRegion:59 - Caching[foo.org.hibernate.cache.spi.UpdateTimestampsCache] : [Enrolment] -> [5579091138494464]
14:18:57,485 DEBUG SQL:104 - 
    update
        Address 
    set
        studentNumber=null,
        addressType=null 
    where
        studentNumber=?
14:18:57,486 DEBUG BaseGeneralDataRegion:59 - Caching[foo.org.hibernate.cache.spi.UpdateTimestampsCache] : [Address] -> [5579091138502656]
14:18:57,486 DEBUG SQL:104 - 
    delete 
    from
        Student_secretCodes 
    where
        studentNumber=?
14:18:57,486 DEBUG BaseGeneralDataRegion:59 - Caching[foo.org.hibernate.cache.spi.UpdateTimestampsCache] : [Student_secretCodes] -> [5579091138502657]
14:18:57,486 DEBUG BaseGeneralDataRegion:59 - Caching[foo.org.hibernate.cache.spi.UpdateTimestampsCache] : [Enrolment] -> [5579091138502658]
14:18:57,494 DEBUG BaseGeneralDataRegion:59 - Caching[foo.org.hibernate.cache.spi.UpdateTimestampsCache] : [Address] -> [5579091138535424]
14:18:57,495 DEBUG SQL:104 - 
    delete 
    from
        Student_secretCodes 
    where
        studentNumber=?
14:18:57,495 DEBUG BaseGeneralDataRegion:59 - Caching[foo.org.hibernate.cache.spi.UpdateTimestampsCache] : [Student_secretCodes] -> [5579091138539520]
14:18:57,495 DEBUG BaseGeneralDataRegion:59 - Caching[foo.org.hibernate.cache.spi.UpdateTimestampsCache] : [CourseMeeting] -> [5579091138539521]
14:18:57,495 DEBUG SQL:104 - 
    delete 
    from
        Enrolment 
    where
        studentId=? 
        and courseCode=?
14:18:57,495 DEBUG BaseGeneralDataRegion:59 - Caching[foo.org.hibernate.cache.spi.UpdateTimestampsCache] : [Enrolment] -> [5579091138539522]
14:18:57,496 DEBUG SQL:104 - 
    delete 
    from
        Address 
    where
        id=?
14:18:57,496 DEBUG BaseGeneralDataRegion:59 - Caching[foo.org.hibernate.cache.spi.UpdateTimestampsCache] : [Address] -> [5579091138543616]
14:18:57,496 DEBUG SQL:104 - 
    delete 
    from
        Address 
    where
        id=?
14:18:57,505 DEBUG BaseGeneralDataRegion:59 - Caching[foo.org.hibernate.cache.spi.UpdateTimestampsCache] : [Address] -> [5579091138580480]
14:18:57,505 DEBUG SQL:104 - 
    delete 
    from
        Student 
    where
        studentId=?
14:18:57,505 DEBUG BaseGeneralDataRegion:59 - Caching[foo.org.hibernate.cache.spi.UpdateTimestampsCache] : [Student] -> [5579091138580481]
14:18:57,505 DEBUG SQL:104 - 
    delete 
    from
        Enrolment 
    where
        studentId=? 
        and courseCode=?
14:18:57,505 DEBUG BaseGeneralDataRegion:59 - Caching[foo.org.hibernate.cache.spi.UpdateTimestampsCache] : [Enrolment] -> [5579091138580482]
14:18:57,506 DEBUG SQL:104 - 
    delete 
    from
        Student 
    where
        studentId=?
14:18:57,506 DEBUG BaseGeneralDataRegion:59 - Caching[foo.org.hibernate.cache.spi.UpdateTimestampsCache] : [Student] -> [5579091138584576]
14:18:57,506 DEBUG SQL:104 - 
    delete 
    from
        CourseMeeting 
    where
        courseCode=? 
        and day=? 
        and period=? 
        and location=?
14:18:57,516 DEBUG BaseGeneralDataRegion:59 - Caching[foo.org.hibernate.cache.spi.UpdateTimestampsCache] : [CourseMeeting] -> [5579091138625536]
14:18:57,517 DEBUG SQL:104 - 
    delete 
    from
        CourseMeeting 
    where
        courseCode=? 
        and day=? 
        and period=? 
        and location=?
14:18:57,517 DEBUG BaseGeneralDataRegion:59 - Caching[foo.org.hibernate.cache.spi.UpdateTimestampsCache] : [CourseMeeting] -> [5579091138629632]
14:18:57,517 DEBUG SQL:104 - 
    delete 
    from
        Course 
    where
        courseCode=?
14:18:57,517 DEBUG BaseGeneralDataRegion:59 - Caching[foo.org.hibernate.cache.spi.UpdateTimestampsCache] : [Course] -> [5579091138629633]
14:18:57,517 DEBUG BaseGeneralDataRegion:59 - Caching[foo.org.hibernate.cache.spi.UpdateTimestampsCache] : [Student] -> [5579090892869634]
14:18:57,518 DEBUG BaseGeneralDataRegion:59 - Caching[foo.org.hibernate.cache.spi.UpdateTimestampsCache] : [Course] -> [5579090892869634]
14:18:57,518 DEBUG BaseGeneralDataRegion:59 - Caching[foo.org.hibernate.cache.spi.UpdateTimestampsCache] : [Enrolment] -> [5579090892869634]
14:18:57,518 DEBUG BaseGeneralDataRegion:59 - Caching[foo.org.hibernate.cache.spi.UpdateTimestampsCache] : [Student_secretCodes] -> [5579090892869634]
14:18:57,518 DEBUG BaseGeneralDataRegion:59 - Caching[foo.org.hibernate.cache.spi.UpdateTimestampsCache] : [Address] -> [5579090892869634]
14:18:57,526 DEBUG BaseGeneralDataRegion:59 - Caching[foo.org.hibernate.cache.spi.UpdateTimestampsCache] : [CourseMeeting] -> [5579090892869634]
14:18:57,527  INFO CustomRunner:139 - Test: testMultiEntityProjectionUnique
14:18:57,528 DEBUG SQL:104 - 
    select
        coursemeet_.courseCode,
        coursemeet_.day,
        coursemeet_.period,
        coursemeet_.location 
    from
        CourseMeeting coursemeet_ 
    where
        coursemeet_.courseCode=? 
        and coursemeet_.day=? 
        and coursemeet_.period=? 
        and coursemeet_.location=?
14:18:57,529 DEBUG SQL:104 - 
    select
        coursemeet_.courseCode,
        coursemeet_.day,
        coursemeet_.period,
        coursemeet_.location 
    from
        CourseMeeting coursemeet_ 
    where
        coursemeet_.courseCode=? 
        and coursemeet_.day=? 
        and coursemeet_.period=? 
        and coursemeet_.location=?
14:18:57,529 DEBUG SQL:104 - 
    insert 
    into
        Course
        (description, courseCode) 
    values
        (?, ?)
14:18:57,530 DEBUG BaseGeneralDataRegion:59 - Caching[foo.org.hibernate.cache.spi.UpdateTimestampsCache] : [Course] -> [5579091138682880]
14:18:57,530 DEBUG SQL:104 - 
    insert 
    into
        CourseMeeting
        (courseCode, day, period, location) 
    values
        (?, ?, ?, ?)
14:18:57,530 DEBUG BaseGeneralDataRegion:59 - Caching[foo.org.hibernate.cache.spi.UpdateTimestampsCache] : [CourseMeeting] -> [5579091138682881]
14:18:57,530 DEBUG SQL:104 - 
    insert 
    into
        CourseMeeting
        (courseCode, day, period, location) 
    values
        (?, ?, ?, ?)
14:18:57,530 DEBUG BaseGeneralDataRegion:59 - Caching[foo.org.hibernate.cache.spi.UpdateTimestampsCache] : [CourseMeeting] -> [5579091138682882]
14:18:57,530 DEBUG SQL:104 - 
    insert 
    into
        Student
        (name_first, name_middle, name_last, preferredCourseCode, studentId) 
    values
        (?, ?, ?, ?, ?)
14:18:57,538 DEBUG BaseGeneralDataRegion:59 - Caching[foo.org.hibernate.cache.spi.UpdateTimestampsCache] : [Student] -> [5579091138715648]
14:18:57,539 DEBUG SQL:104 - 
    insert 
    into
        Address
        (addressType, street, city, stateProvince, postalCode, country, studentNumber, id) 
    values
        (?, ?, ?, ?, ?, ?, ?, ?)
14:18:57,539 DEBUG BaseGeneralDataRegion:59 - Caching[foo.org.hibernate.cache.spi.UpdateTimestampsCache] : [Address] -> [5579091138719744]
14:18:57,539 DEBUG SQL:104 - 
    insert 
    into
        Address
        (addressType, street, city, stateProvince, postalCode, country, studentNumber, id) 
    values
        (?, ?, ?, ?, ?, ?, ?, ?)
14:18:57,539 DEBUG BaseGeneralDataRegion:59 - Caching[foo.org.hibernate.cache.spi.UpdateTimestampsCache] : [Address] -> [5579091138719745]
14:18:57,539 DEBUG SQL:104 - 
    insert 
    into
        Student
        (name_first, name_middle, name_last, preferredCourseCode, studentId) 
    values
        (?, ?, ?, ?, ?)
14:18:57,539 DEBUG BaseGeneralDataRegion:59 - Caching[foo.org.hibernate.cache.spi.UpdateTimestampsCache] : [Student] -> [5579091138719746]
14:18:57,539 DEBUG SQL:104 - 
    insert 
    into
        Enrolment
        (semester, "year", studentId, courseCode) 
    values
        (?, ?, ?, ?)
14:18:57,548 DEBUG BaseGeneralDataRegion:59 - Caching[foo.org.hibernate.cache.spi.UpdateTimestampsCache] : [Enrolment] -> [5579091138756608]
14:18:57,548 DEBUG SQL:104 - 
    insert 
    into
        Enrolment
        (semester, "year", studentId, courseCode) 
    values
        (?, ?, ?, ?)
14:18:57,548 DEBUG BaseGeneralDataRegion:59 - Caching[foo.org.hibernate.cache.spi.UpdateTimestampsCache] : [Enrolment] -> [5579091138756609]
14:18:57,548 DEBUG BaseGeneralDataRegion:59 - Caching[foo.org.hibernate.cache.spi.UpdateTimestampsCache] : [CourseMeeting] -> [5579091138756610]
14:18:57,549 DEBUG BaseGeneralDataRegion:59 - Caching[foo.org.hibernate.cache.spi.UpdateTimestampsCache] : [Enrolment] -> [5579091138760704]
14:18:57,549 DEBUG SQL:104 - 
    update
        Address 
    set
        studentNumber=?,
        addressType=? 
    where
        id=?
14:18:57,549 DEBUG SQL:104 - 
    update
        Address 
    set
        studentNumber=?,
        addressType=? 
    where
        id=?
14:18:57,549 DEBUG BaseGeneralDataRegion:59 - Caching[foo.org.hibernate.cache.spi.UpdateTimestampsCache] : [Address] -> [5579091138760705]
14:18:57,549 DEBUG SQL:104 - 
    insert 
    into
        Student_secretCodes
        (studentNumber, i, secretCode) 
    values
        (?, ?, ?)
14:18:57,549 DEBUG BaseGeneralDataRegion:59 - Caching[foo.org.hibernate.cache.spi.UpdateTimestampsCache] : [Student_secretCodes] -> [5579091138760706]
14:18:57,549 DEBUG BaseGeneralDataRegion:59 - Caching[foo.org.hibernate.cache.spi.UpdateTimestampsCache] : [Enrolment] -> [5579091138760707]
14:18:57,550 DEBUG BaseGeneralDataRegion:59 - Caching[foo.org.hibernate.cache.spi.UpdateTimestampsCache] : [Address] -> [5579091138764800]
14:18:57,550 DEBUG SQL:104 - 
    insert 
    into
        Student_secretCodes
        (studentNumber, i, secretCode) 
    values
        (?, ?, ?)
14:18:57,570 DEBUG SQL:104 - 
    insert 
    into
        Student_secretCodes
        (studentNumber, i, secretCode) 
    values
        (?, ?, ?)
14:18:57,571 DEBUG BaseGeneralDataRegion:59 - Caching[foo.org.hibernate.cache.spi.UpdateTimestampsCache] : [Student_secretCodes] -> [5579091138850816]
14:18:57,571 DEBUG BaseGeneralDataRegion:59 - Caching[foo.org.hibernate.cache.spi.UpdateTimestampsCache] : [Student] -> [5579090893090817]
14:18:57,571 DEBUG BaseGeneralDataRegion:59 - Caching[foo.org.hibernate.cache.spi.UpdateTimestampsCache] : [Course] -> [5579090893090817]
14:18:57,571 DEBUG BaseGeneralDataRegion:59 - Caching[foo.org.hibernate.cache.spi.UpdateTimestampsCache] : [Enrolment] -> [5579090893090817]
14:18:57,571 DEBUG BaseGeneralDataRegion:59 - Caching[foo.org.hibernate.cache.spi.UpdateTimestampsCache] : [Student_secretCodes] -> [5579090893090817]
14:18:57,571 DEBUG BaseGeneralDataRegion:59 - Caching[foo.org.hibernate.cache.spi.UpdateTimestampsCache] : [Address] -> [5579090893090817]
14:18:57,571 DEBUG BaseGeneralDataRegion:59 - Caching[foo.org.hibernate.cache.spi.UpdateTimestampsCache] : [CourseMeeting] -> [5579090893090817]
14:18:57,572 DEBUG QueryTranslatorImpl:265 - parse() - HQL: select e.student, e.semester, e.year, e.course from org.hibernate.test.querycache.Enrolment e  where e.studentNumber = :studentNumber
14:18:57,574 DEBUG QueryTranslatorImpl:283 - --- HQL AST ---
 \-[QUERY] Node: 'query'
    +-[SELECT_FROM] Node: 'SELECT_FROM'
    |  +-[FROM] Node: 'from'
    |  |  \-[RANGE] Node: 'RANGE'
    |  |     +-[DOT] Node: '.'
    |  |     |  +-[DOT] Node: '.'
    |  |     |  |  +-[DOT] Node: '.'
    |  |     |  |  |  +-[DOT] Node: '.'
    |  |     |  |  |  |  +-[IDENT] Node: 'org'
    |  |     |  |  |  |  \-[IDENT] Node: 'hibernate'
    |  |     |  |  |  \-[IDENT] Node: 'test'
    |  |     |  |  \-[IDENT] Node: 'querycache'
    |  |     |  \-[IDENT] Node: 'Enrolment'
    |  |     \-[ALIAS] Node: 'e'
    |  \-[SELECT] Node: 'select'
    |     +-[DOT] Node: '.'
    |     |  +-[IDENT] Node: 'e'
    |     |  \-[IDENT] Node: 'student'
    |     +-[DOT] Node: '.'
    |     |  +-[IDENT] Node: 'e'
    |     |  \-[IDENT] Node: 'semester'
    |     +-[DOT] Node: '.'
    |     |  +-[IDENT] Node: 'e'
    |     |  \-[IDENT] Node: 'year'
    |     \-[DOT] Node: '.'
    |        +-[IDENT] Node: 'e'
    |        \-[IDENT] Node: 'course'
    \-[WHERE] Node: 'where'
       \-[EQ] Node: '='
          +-[DOT] Node: '.'
          |  +-[IDENT] Node: 'e'
          |  \-[IDENT] Node: 'studentNumber'
          \-[COLON] Node: ':'
             \-[IDENT] Node: 'studentNumber'

14:18:57,580 DEBUG ErrorCounter:82 - throwQueryException() : no errors
14:18:57,581 DEBUG FromElement:157 - FromClause{level=1} : org.hibernate.test.querycache.Enrolment (e) -> enrolment0_
14:18:57,581 DEBUG FromReferenceNode:74 - Resolved : e -> (enrolment0_.studentId, enrolment0_.courseCode)
14:18:57,581 DEBUG DotNode:599 - getDataType() : student -> org.hibernate.type.ManyToOneType(org.hibernate.test.querycache.Student)
14:18:57,581 DEBUG DotNode:389 - dereferenceEntityJoin() : generating join for student in org.hibernate.test.querycache.Enrolment (<no alias>) parent = [ {null} ]
14:18:57,590 DEBUG FromElement:157 - FromClause{level=1} : org.hibernate.test.querycache.Student (<no alias>) -> student1_
14:18:57,590 DEBUG FromClause:282 - addJoinByPathMap() : e.student -> FromElement{explicit,not a collection join,not a fetch join,fetch non-lazy properties,classAlias=null,role=null,tableName=Student,tableAlias=student1_,origin=Enrolment enrolment0_,columns={enrolment0_.studentId ,className=org.hibernate.test.querycache.Student}}
14:18:57,590 DEBUG FromReferenceNode:74 - Resolved : e.student -> enrolment0_.studentId
14:18:57,591 DEBUG FromReferenceNode:74 - Resolved : e -> (enrolment0_.studentId, enrolment0_.courseCode)
14:18:57,591 DEBUG DotNode:599 - getDataType() : semester -> org.hibernate.type.ShortType@491168d6
14:18:57,591 DEBUG FromReferenceNode:74 - Resolved : e.semester -> enrolment0_.semester
14:18:57,591 DEBUG FromReferenceNode:74 - Resolved : e -> (enrolment0_.studentId, enrolment0_.courseCode)
14:18:57,591 DEBUG DotNode:599 - getDataType() : year -> org.hibernate.type.ShortType@491168d6
14:18:57,591 DEBUG FromReferenceNode:74 - Resolved : e.year -> enrolment0_."year"
14:18:57,591 DEBUG FromReferenceNode:74 - Resolved : e -> (enrolment0_.studentId, enrolment0_.courseCode)
14:18:57,592 DEBUG DotNode:599 - getDataType() : course -> org.hibernate.type.ManyToOneType(org.hibernate.test.querycache.Course)
14:18:57,592 DEBUG DotNode:389 - dereferenceEntityJoin() : generating join for course in org.hibernate.test.querycache.Enrolment (<no alias>) parent = [ {null} ]
14:18:57,592 DEBUG FromElement:157 - FromClause{level=1} : org.hibernate.test.querycache.Course (<no alias>) -> course2_
14:18:57,592 DEBUG FromClause:282 - addJoinByPathMap() : e.course -> FromElement{explicit,not a collection join,not a fetch join,fetch non-lazy properties,classAlias=null,role=null,tableName=Course,tableAlias=course2_,origin=Enrolment enrolment0_,columns={enrolment0_.courseCode ,className=org.hibernate.test.querycache.Course}}
14:18:57,592 DEBUG FromReferenceNode:74 - Resolved : e.course -> enrolment0_.courseCode
14:18:57,592 DEBUG FromReferenceNode:74 - Resolved : e -> (enrolment0_.studentId, enrolment0_.courseCode)
14:18:57,592 DEBUG DotNode:599 - getDataType() : studentNumber -> org.hibernate.type.LongType@4bf3f9d
14:18:57,593 DEBUG FromReferenceNode:74 - Resolved : e.studentNumber -> enrolment0_.studentId
14:18:57,593 DEBUG HqlSqlWalker:629 - processQuery() :  ( SELECT ( {select clause} ( enrolment0_.studentId (enrolment0_.studentId, enrolment0_.courseCode) student ) ( enrolment0_.semester (enrolment0_.studentId, enrolment0_.courseCode) semester ) ( enrolment0_."year" (enrolment0_.studentId, enrolment0_.courseCode) year ) ( enrolment0_.courseCode (enrolment0_.studentId, enrolment0_.courseCode) course ) ) ( FromClause{level=1} ( Enrolment enrolment0_ Student student1_ Course course2_ ) ) ( where ( = ( enrolment0_.studentId (enrolment0_.studentId, enrolment0_.courseCode) studentNumber ) ? ) ) )
14:18:57,593 DEBUG JoinProcessor:175 - Using FROM fragment [Enrolment enrolment0_]
14:18:57,593 DEBUG JoinProcessor:175 - Using FROM fragment [inner join Student student1_ on enrolment0_.studentId=student1_.studentId]
14:18:57,593 DEBUG JoinProcessor:175 - Using FROM fragment [inner join Course course2_ on enrolment0_.courseCode=course2_.courseCode]
14:18:57,594 DEBUG QueryTranslatorImpl:252 - --- SQL AST ---
 \-[SELECT] QueryNode: 'SELECT'  querySpaces (Student,Course,Enrolment)
    +-[SELECT_CLAUSE] SelectClause: '{select clause}'
    |  +-[DOT] DotNode: 'enrolment0_.studentId' {propertyName=student,dereferenceType=EOF,propertyPath=student,path=e.student,tableAlias=student1_,className=org.hibernate.test.querycache.Student,classAlias=null}
    |  |  +-[ALIAS_REF] IdentNode: '(enrolment0_.studentId, enrolment0_.courseCode)' {alias=e, className=org.hibernate.test.querycache.Enrolment, tableAlias=enrolment0_}
    |  |  \-[IDENT] IdentNode: 'student' {originalText=student}
    |  +-[SELECT_COLUMNS] SqlNode: ' as col_0_0_'
    |  +-[DOT] DotNode: 'enrolment0_.semester' {propertyName=semester,dereferenceType=ALL,propertyPath=semester,path=e.semester,tableAlias=enrolment0_,className=org.hibernate.test.querycache.Enrolment,classAlias=e}
    |  |  +-[ALIAS_REF] IdentNode: '(enrolment0_.studentId, enrolment0_.courseCode)' {alias=e, className=org.hibernate.test.querycache.Enrolment, tableAlias=enrolment0_}
    |  |  \-[IDENT] IdentNode: 'semester' {originalText=semester}
    |  +-[SELECT_COLUMNS] SqlNode: ' as col_1_0_'
    |  +-[DOT] DotNode: 'enrolment0_."year"' {propertyName=year,dereferenceType=ALL,propertyPath=year,path=e.year,tableAlias=enrolment0_,className=org.hibernate.test.querycache.Enrolment,classAlias=e}
    |  |  +-[ALIAS_REF] IdentNode: '(enrolment0_.studentId, enrolment0_.courseCode)' {alias=e, className=org.hibernate.test.querycache.Enrolment, tableAlias=enrolment0_}
    |  |  \-[IDENT] IdentNode: 'year' {originalText=year}
    |  +-[SELECT_COLUMNS] SqlNode: ' as col_2_0_'
    |  +-[DOT] DotNode: 'enrolment0_.courseCode' {propertyName=course,dereferenceType=EOF,propertyPath=course,path=e.course,tableAlias=course2_,className=org.hibernate.test.querycache.Course,classAlias=null}
    |  |  +-[ALIAS_REF] IdentNode: '(enrolment0_.studentId, enrolment0_.courseCode)' {alias=e, className=org.hibernate.test.querycache.Enrolment, tableAlias=enrolment0_}
    |  |  \-[IDENT] IdentNode: 'course' {originalText=course}
    |  +-[SELECT_COLUMNS] SqlNode: ' as col_3_0_'
    |  +-[SQL_TOKEN] SqlFragment: 'student1_.studentId as studentId4_0_'
    |  +-[SQL_TOKEN] SqlFragment: 'course2_.courseCode as courseCode1_1_'
    |  +-[SQL_TOKEN] SqlFragment: 'student1_.name_first as name2_4_0_, student1_.name_middle as name3_4_0_, student1_.name_last as name4_4_0_, student1_.preferredCourseCode as preferre5_4_0_'
    |  \-[SQL_TOKEN] SqlFragment: 'course2_.description as descript2_1_1_'
    +-[FROM] FromClause: 'from' FromClause{level=1, fromElementCounter=3, fromElements=3, fromElementByClassAlias=[e], fromElementByTableAlias=[student1_, enrolment0_, course2_], fromElementsByPath=[e.course, e.student], collectionJoinFromElementsByPath=[], impliedElements=[]}
    |  \-[FROM_FRAGMENT] FromElement: 'Enrolment enrolment0_' FromElement{explicit,not a collection join,not a fetch join,fetch non-lazy properties,classAlias=e,role=null,tableName=Enrolment,tableAlias=enrolment0_,origin=null,columns={,className=org.hibernate.test.querycache.Enrolment}}
    |     +-[JOIN_FRAGMENT] FromElement: 'inner join Student student1_ on enrolment0_.studentId=student1_.studentId' FromElement{explicit,not a collection join,not a fetch join,fetch non-lazy properties,classAlias=null,role=null,tableName=Student,tableAlias=student1_,origin=Enrolment enrolment0_,columns={enrolment0_.studentId ,className=org.hibernate.test.querycache.Student}}
    |     \-[JOIN_FRAGMENT] FromElement: 'inner join Course course2_ on enrolment0_.courseCode=course2_.courseCode' FromElement{explicit,not a collection join,not a fetch join,fetch non-lazy properties,classAlias=null,role=null,tableName=Course,tableAlias=course2_,origin=Enrolment enrolment0_,columns={enrolment0_.courseCode ,className=org.hibernate.test.querycache.Course}}
    \-[WHERE] SqlNode: 'where'
       \-[EQ] BinaryLogicOperatorNode: '='
          +-[DOT] DotNode: 'enrolment0_.studentId' {propertyName=studentNumber,dereferenceType=ALL,propertyPath=studentNumber,path=e.studentNumber,tableAlias=enrolment0_,className=org.hibernate.test.querycache.Enrolment,classAlias=e}
          |  +-[ALIAS_REF] IdentNode: '(enrolment0_.studentId, enrolment0_.courseCode)' {alias=e, className=org.hibernate.test.querycache.Enrolment, tableAlias=enrolment0_}
          |  \-[IDENT] IdentNode: 'studentNumber' {originalText=studentNumber}
          \-[NAMED_PARAM] ParameterNode: '?' {name=studentNumber, expectedType=org.hibernate.type.LongType@4bf3f9d}

14:18:57,601 DEBUG ErrorCounter:82 - throwQueryException() : no errors
14:18:57,601 DEBUG QueryTranslatorImpl:235 - HQL: select e.student, e.semester, e.year, e.course from org.hibernate.test.querycache.Enrolment e  where e.studentNumber = :studentNumber
14:18:57,601 DEBUG QueryTranslatorImpl:236 - SQL: select enrolment0_.studentId as col_0_0_, enrolment0_.semester as col_1_0_, enrolment0_."year" as col_2_0_, enrolment0_.courseCode as col_3_0_, student1_.studentId as studentId4_0_, course2_.courseCode as courseCode1_1_, student1_.name_first as name2_4_0_, student1_.name_middle as name3_4_0_, student1_.name_last as name4_4_0_, student1_.preferredCourseCode as preferre5_4_0_, course2_.description as descript2_1_1_ from Enrolment enrolment0_ inner join Student student1_ on enrolment0_.studentId=student1_.studentId inner join Course course2_ on enrolment0_.courseCode=course2_.courseCode where enrolment0_.studentId=?
14:18:57,601 DEBUG ErrorCounter:82 - throwQueryException() : no errors
14:18:57,610 DEBUG SQL:104 - 
    select
        enrolment0_.studentId as col_0_0_,
        enrolment0_.semester as col_1_0_,
        enrolment0_."year" as col_2_0_,
        enrolment0_.courseCode as col_3_0_,
        student1_.studentId as studentId4_0_,
        course2_.courseCode as courseCode1_1_,
        student1_.name_first as name2_4_0_,
        student1_.name_middle as name3_4_0_,
        student1_.name_last as name4_4_0_,
        student1_.preferredCourseCode as preferre5_4_0_,
        course2_.description as descript2_1_1_ 
    from
        Enrolment enrolment0_ 
    inner join
        Student student1_ 
            on enrolment0_.studentId=student1_.studentId 
    inner join
        Course course2_ 
            on enrolment0_.courseCode=course2_.courseCode 
    where
        enrolment0_.studentId=?
14:18:57,611 DEBUG SQL:104 - 
    select
        coursemeet0_.courseCode as courseCode1_1_,
        coursemeet0_.courseCode as courseCode2_1_,
        coursemeet0_.day as day2_1_,
        coursemeet0_.period as period2_1_,
        coursemeet0_.location as location2_1_,
        coursemeet0_.courseCode as courseCode2_0_,
        coursemeet0_.day as day2_0_,
        coursemeet0_.period as period2_0_,
        coursemeet0_.location as location2_0_ 
    from
        CourseMeeting coursemeet0_ 
    where
        coursemeet0_.courseCode=?
14:18:57,620 DEBUG SQL:104 - 
    select
        secretcode0_.studentNumber as studentN1_4_0_,
        secretcode0_.secretCode as secretCode5_0_,
        secretcode0_.i as i0_ 
    from
        Student_secretCodes secretcode0_ 
    where
        secretcode0_.studentNumber=?
14:18:57,621 DEBUG BaseGeneralDataRegion:59 - Caching[foo.org.hibernate.cache.internal.StandardQueryCache] : [sql: select enrolment0_.studentId as col_0_0_, enrolment0_.semester as col_1_0_, enrolment0_."year" as col_2_0_, enrolment0_.courseCode as col_3_0_, student1_.studentId as studentId4_0_, course2_.courseCode as courseCode1_1_, student1_.name_first as name2_4_0_, student1_.name_middle as name3_4_0_, student1_.name_last as name4_4_0_, student1_.preferredCourseCode as preferre5_4_0_, course2_.description as descript2_1_1_ from Enrolment enrolment0_ inner join Student student1_ on enrolment0_.studentId=student1_.studentId inner join Course course2_ on enrolment0_.courseCode=course2_.courseCode where enrolment0_.studentId=?; parameters: ; named parameters: {studentNumber=999}; transformer: org.hibernate.transform.CacheableResultTransformer@47bbf55f] -> [[5579090893295616, [Ljava.io.Serializable;@443f489c]]
14:18:57,622 DEBUG SQL:104 - 
    select
        enrolment0_.studentId as col_0_0_,
        enrolment0_.semester as col_1_0_,
        enrolment0_."year" as col_2_0_,
        enrolment0_.courseCode as col_3_0_,
        student1_.studentId as studentId4_0_,
        course2_.courseCode as courseCode1_1_,
        student1_.name_first as name2_4_0_,
        student1_.name_middle as name3_4_0_,
        student1_.name_last as name4_4_0_,
        student1_.preferredCourseCode as preferre5_4_0_,
        course2_.description as descript2_1_1_ 
    from
        Enrolment enrolment0_ 
    inner join
        Student student1_ 
            on enrolment0_.studentId=student1_.studentId 
    inner join
        Course course2_ 
            on enrolment0_.courseCode=course2_.courseCode 
    where
        enrolment0_.studentId=?
14:18:57,630 DEBUG SQL:104 - 
    select
        coursemeet0_.courseCode as courseCode1_1_,
        coursemeet0_.courseCode as courseCode2_1_,
        coursemeet0_.day as day2_1_,
        coursemeet0_.period as period2_1_,
        coursemeet0_.location as location2_1_,
        coursemeet0_.courseCode as courseCode2_0_,
        coursemeet0_.day as day2_0_,
        coursemeet0_.period as period2_0_,
        coursemeet0_.location as location2_0_ 
    from
        CourseMeeting coursemeet0_ 
    where
        coursemeet0_.courseCode=?
14:18:57,631 DEBUG SQL:104 - 
    select
        secretcode0_.studentNumber as studentN1_4_0_,
        secretcode0_.secretCode as secretCode5_0_,
        secretcode0_.i as i0_ 
    from
        Student_secretCodes secretcode0_ 
    where
        secretcode0_.studentNumber=?
14:18:57,641 DEBUG BaseGeneralDataRegion:59 - Caching[foo.org.hibernate.cache.internal.StandardQueryCache] : [sql: select enrolment0_.studentId as col_0_0_, enrolment0_.semester as col_1_0_, enrolment0_."year" as col_2_0_, enrolment0_.courseCode as col_3_0_, student1_.studentId as studentId4_0_, course2_.courseCode as courseCode1_1_, student1_.name_first as name2_4_0_, student1_.name_middle as name3_4_0_, student1_.name_last as name4_4_0_, student1_.preferredCourseCode as preferre5_4_0_, course2_.description as descript2_1_1_ from Enrolment enrolment0_ inner join Student student1_ on enrolment0_.studentId=student1_.studentId inner join Course course2_ on enrolment0_.courseCode=course2_.courseCode where enrolment0_.studentId=?; parameters: ; named parameters: {studentNumber=999}; transformer: org.hibernate.transform.CacheableResultTransformer@47bbf55f] -> [[5579090893377536, [Ljava.io.Serializable;@6e4449c1]]
14:18:57,642 DEBUG SQL:104 - 
    select
        student_.studentId,
        student_.name_first as name2_4_,
        student_.name_middle as name3_4_,
        student_.name_last as name4_4_,
        student_.preferredCourseCode as preferre5_4_ 
    from
        Student student_ 
    where
        student_.studentId=?
14:18:57,642 DEBUG SQL:104 - 
    select
        enrolment_.studentId,
        enrolment_.courseCode,
        enrolment_.semester as semester3_,
        enrolment_."year" as year4_3_ 
    from
        Enrolment enrolment_ 
    where
        enrolment_.studentId=? 
        and enrolment_.courseCode=?
14:18:57,642 DEBUG SQL:104 - 
    select
        course_.courseCode,
        course_.description as descript2_1_ 
    from
        Course course_ 
    where
        course_.courseCode=?
14:18:57,651 DEBUG SQL:104 - 
    select
        student_.studentId,
        student_.name_first as name2_4_,
        student_.name_middle as name3_4_,
        student_.name_last as name4_4_,
        student_.preferredCourseCode as preferre5_4_ 
    from
        Student student_ 
    where
        student_.studentId=?
14:18:57,651 DEBUG SQL:104 - 
    select
        enrolment_.studentId,
        enrolment_.courseCode,
        enrolment_.semester as semester3_,
        enrolment_."year" as year4_3_ 
    from
        Enrolment enrolment_ 
    where
        enrolment_.studentId=? 
        and enrolment_.courseCode=?
14:18:57,652 DEBUG SQL:104 - 
    select
        coursemeet_.courseCode,
        coursemeet_.day,
        coursemeet_.period,
        coursemeet_.location 
    from
        CourseMeeting coursemeet_ 
    where
        coursemeet_.courseCode=? 
        and coursemeet_.day=? 
        and coursemeet_.period=? 
        and coursemeet_.location=?
14:18:57,652 DEBUG SQL:104 - 
    select
        coursemeet_.courseCode,
        coursemeet_.day,
        coursemeet_.period,
        coursemeet_.location 
    from
        CourseMeeting coursemeet_ 
    where
        coursemeet_.courseCode=? 
        and coursemeet_.day=? 
        and coursemeet_.period=? 
        and coursemeet_.location=?
14:18:57,652 DEBUG BaseGeneralDataRegion:59 - Caching[foo.org.hibernate.cache.spi.UpdateTimestampsCache] : [Enrolment] -> [5579091139182592]
14:18:57,653 DEBUG SQL:104 - 
    update
        Address 
    set
        studentNumber=null,
        addressType=null 
    where
        studentNumber=?
14:18:57,664 DEBUG BaseGeneralDataRegion:59 - Caching[foo.org.hibernate.cache.spi.UpdateTimestampsCache] : [Address] -> [5579091139231744]
14:18:57,664 DEBUG SQL:104 - 
    delete 
    from
        Student_secretCodes 
    where
        studentNumber=?
14:18:57,664 DEBUG BaseGeneralDataRegion:59 - Caching[foo.org.hibernate.cache.spi.UpdateTimestampsCache] : [Student_secretCodes] -> [5579091139231745]
14:18:57,665 DEBUG BaseGeneralDataRegion:59 - Caching[foo.org.hibernate.cache.spi.UpdateTimestampsCache] : [Enrolment] -> [5579091139235840]
14:18:57,665 DEBUG BaseGeneralDataRegion:59 - Caching[foo.org.hibernate.cache.spi.UpdateTimestampsCache] : [Address] -> [5579091139235841]
14:18:57,665 DEBUG SQL:104 - 
    delete 
    from
        Student_secretCodes 
    where
        studentNumber=?
14:18:57,665 DEBUG BaseGeneralDataRegion:59 - Caching[foo.org.hibernate.cache.spi.UpdateTimestampsCache] : [Student_secretCodes] -> [5579091139235842]
14:18:57,665 DEBUG BaseGeneralDataRegion:59 - Caching[foo.org.hibernate.cache.spi.UpdateTimestampsCache] : [CourseMeeting] -> [5579091139235843]
14:18:57,665 DEBUG SQL:104 - 
    delete 
    from
        Enrolment 
    where
        studentId=? 
        and courseCode=?
14:18:57,675 DEBUG BaseGeneralDataRegion:59 - Caching[foo.org.hibernate.cache.spi.UpdateTimestampsCache] : [Enrolment] -> [5579091139276800]
14:18:57,676 DEBUG SQL:104 - 
    delete 
    from
        Address 
    where
        id=?
14:18:57,676 DEBUG BaseGeneralDataRegion:59 - Caching[foo.org.hibernate.cache.spi.UpdateTimestampsCache] : [Address] -> [5579091139280896]
14:18:57,676 DEBUG SQL:104 - 
    delete 
    from
        Address 
    where
        id=?
14:18:57,676 DEBUG BaseGeneralDataRegion:59 - Caching[foo.org.hibernate.cache.spi.UpdateTimestampsCache] : [Address] -> [5579091139280897]
14:18:57,676 DEBUG SQL:104 - 
    delete 
    from
        Student 
    where
        studentId=?
14:18:57,676 DEBUG BaseGeneralDataRegion:59 - Caching[foo.org.hibernate.cache.spi.UpdateTimestampsCache] : [Student] -> [5579091139280898]
14:18:57,677 DEBUG SQL:104 - 
    delete 
    from
        Enrolment 
    where
        studentId=? 
        and courseCode=?
14:18:57,677 DEBUG BaseGeneralDataRegion:59 - Caching[foo.org.hibernate.cache.spi.UpdateTimestampsCache] : [Enrolment] -> [5579091139284992]
14:18:57,677 DEBUG SQL:104 - 
    delete 
    from
        Student 
    where
        studentId=?
14:18:57,677 DEBUG BaseGeneralDataRegion:59 - Caching[foo.org.hibernate.cache.spi.UpdateTimestampsCache] : [Student] -> [5579091139284993]
14:18:57,677 DEBUG SQL:104 - 
    delete 
    from
        CourseMeeting 
    where
        courseCode=? 
        and day=? 
        and period=? 
        and location=?
14:18:57,703 DEBUG BaseGeneralDataRegion:59 - Caching[foo.org.hibernate.cache.spi.UpdateTimestampsCache] : [CourseMeeting] -> [5579091139391488]
14:18:57,703 DEBUG SQL:104 - 
    delete 
    from
        CourseMeeting 
    where
        courseCode=? 
        and day=? 
        and period=? 
        and location=?
14:18:57,703 DEBUG BaseGeneralDataRegion:59 - Caching[foo.org.hibernate.cache.spi.UpdateTimestampsCache] : [CourseMeeting] -> [5579091139391489]
14:18:57,703 DEBUG SQL:104 - 
    delete 
    from
        Course 
    where
        courseCode=?
14:18:57,703 DEBUG BaseGeneralDataRegion:59 - Caching[foo.org.hibernate.cache.spi.UpdateTimestampsCache] : [Course] -> [5579091139391490]
14:18:57,704 DEBUG BaseGeneralDataRegion:59 - Caching[foo.org.hibernate.cache.spi.UpdateTimestampsCache] : [Student] -> [5579090893635584]
14:18:57,704 DEBUG BaseGeneralDataRegion:59 - Caching[foo.org.hibernate.cache.spi.UpdateTimestampsCache] : [Course] -> [5579090893635584]
14:18:57,704 DEBUG BaseGeneralDataRegion:59 - Caching[foo.org.hibernate.cache.spi.UpdateTimestampsCache] : [Enrolment] -> [5579090893635584]
14:18:57,704 DEBUG BaseGeneralDataRegion:59 - Caching[foo.org.hibernate.cache.spi.UpdateTimestampsCache] : [Student_secretCodes] -> [5579090893635584]
14:18:57,704 DEBUG BaseGeneralDataRegion:59 - Caching[foo.org.hibernate.cache.spi.UpdateTimestampsCache] : [Address] -> [5579090893635584]
14:18:57,704 DEBUG BaseGeneralDataRegion:59 - Caching[foo.org.hibernate.cache.spi.UpdateTimestampsCache] : [CourseMeeting] -> [5579090893635584]
14:18:57,712  INFO CustomRunner:139 - Test: testMultiProjectionListThenApplyAliasToBean
14:18:57,713 DEBUG SQL:104 - 
    select
        coursemeet_.courseCode,
        coursemeet_.day,
        coursemeet_.period,
        coursemeet_.location 
    from
        CourseMeeting coursemeet_ 
    where
        coursemeet_.courseCode=? 
        and coursemeet_.day=? 
        and coursemeet_.period=? 
        and coursemeet_.location=?
14:18:57,714 DEBUG SQL:104 - 
    select
        coursemeet_.courseCode,
        coursemeet_.day,
        coursemeet_.period,
        coursemeet_.location 
    from
        CourseMeeting coursemeet_ 
    where
        coursemeet_.courseCode=? 
        and coursemeet_.day=? 
        and coursemeet_.period=? 
        and coursemeet_.location=?
14:18:57,714 DEBUG SQL:104 - 
    insert 
    into
        Course
        (description, courseCode) 
    values
        (?, ?)
14:18:57,723 DEBUG BaseGeneralDataRegion:59 - Caching[foo.org.hibernate.cache.spi.UpdateTimestampsCache] : [Course] -> [5579091139473408]
14:18:57,723 DEBUG SQL:104 - 
    insert 
    into
        CourseMeeting
        (courseCode, day, period, location) 
    values
        (?, ?, ?, ?)
14:18:57,723 DEBUG BaseGeneralDataRegion:59 - Caching[foo.org.hibernate.cache.spi.UpdateTimestampsCache] : [CourseMeeting] -> [5579091139473409]
14:18:57,723 DEBUG SQL:104 - 
    insert 
    into
        CourseMeeting
        (courseCode, day, period, location) 
    values
        (?, ?, ?, ?)
14:18:57,723 DEBUG BaseGeneralDataRegion:59 - Caching[foo.org.hibernate.cache.spi.UpdateTimestampsCache] : [CourseMeeting] -> [5579091139473410]
14:18:57,723 DEBUG SQL:104 - 
    insert 
    into
        Student
        (name_first, name_middle, name_last, preferredCourseCode, studentId) 
    values
        (?, ?, ?, ?, ?)
14:18:57,731 DEBUG BaseGeneralDataRegion:59 - Caching[foo.org.hibernate.cache.spi.UpdateTimestampsCache] : [Student] -> [5579091139506176]
14:18:57,732 DEBUG SQL:104 - 
    insert 
    into
        Address
        (addressType, street, city, stateProvince, postalCode, country, studentNumber, id) 
    values
        (?, ?, ?, ?, ?, ?, ?, ?)
14:18:57,732 DEBUG BaseGeneralDataRegion:59 - Caching[foo.org.hibernate.cache.spi.UpdateTimestampsCache] : [Address] -> [5579091139510272]
14:18:57,732 DEBUG SQL:104 - 
    insert 
    into
        Address
        (addressType, street, city, stateProvince, postalCode, country, studentNumber, id) 
    values
        (?, ?, ?, ?, ?, ?, ?, ?)
14:18:57,732 DEBUG BaseGeneralDataRegion:59 - Caching[foo.org.hibernate.cache.spi.UpdateTimestampsCache] : [Address] -> [5579091139510273]
14:18:57,732 DEBUG SQL:104 - 
    insert 
    into
        Student
        (name_first, name_middle, name_last, preferredCourseCode, studentId) 
    values
        (?, ?, ?, ?, ?)
14:18:57,732 DEBUG BaseGeneralDataRegion:59 - Caching[foo.org.hibernate.cache.spi.UpdateTimestampsCache] : [Student] -> [5579091139510274]
14:18:57,732 DEBUG SQL:104 - 
    insert 
    into
        Enrolment
        (semester, "year", studentId, courseCode) 
    values
        (?, ?, ?, ?)
14:18:57,741 DEBUG BaseGeneralDataRegion:59 - Caching[foo.org.hibernate.cache.spi.UpdateTimestampsCache] : [Enrolment] -> [5579091139547136]
14:18:57,741 DEBUG SQL:104 - 
    insert 
    into
        Enrolment
        (semester, "year", studentId, courseCode) 
    values
        (?, ?, ?, ?)
14:18:57,741 DEBUG BaseGeneralDataRegion:59 - Caching[foo.org.hibernate.cache.spi.UpdateTimestampsCache] : [Enrolment] -> [5579091139547137]
14:18:57,742 DEBUG BaseGeneralDataRegion:59 - Caching[foo.org.hibernate.cache.spi.UpdateTimestampsCache] : [CourseMeeting] -> [5579091139551232]
14:18:57,742 DEBUG BaseGeneralDataRegion:59 - Caching[foo.org.hibernate.cache.spi.UpdateTimestampsCache] : [Enrolment] -> [5579091139551233]
14:18:57,742 DEBUG SQL:104 - 
    update
        Address 
    set
        studentNumber=?,
        addressType=? 
    where
        id=?
14:18:57,742 DEBUG SQL:104 - 
    update
        Address 
    set
        studentNumber=?,
        addressType=? 
    where
        id=?
14:18:57,751 DEBUG BaseGeneralDataRegion:59 - Caching[foo.org.hibernate.cache.spi.UpdateTimestampsCache] : [Address] -> [5579091139588096]
14:18:57,751 DEBUG SQL:104 - 
    insert 
    into
        Student_secretCodes
        (studentNumber, i, secretCode) 
    values
        (?, ?, ?)
14:18:57,752 DEBUG BaseGeneralDataRegion:59 - Caching[foo.org.hibernate.cache.spi.UpdateTimestampsCache] : [Student_secretCodes] -> [5579091139592192]
14:18:57,752 DEBUG BaseGeneralDataRegion:59 - Caching[foo.org.hibernate.cache.spi.UpdateTimestampsCache] : [Enrolment] -> [5579091139592193]
14:18:57,752 DEBUG BaseGeneralDataRegion:59 - Caching[foo.org.hibernate.cache.spi.UpdateTimestampsCache] : [Address] -> [5579091139592194]
14:18:57,752 DEBUG SQL:104 - 
    insert 
    into
        Student_secretCodes
        (studentNumber, i, secretCode) 
    values
        (?, ?, ?)
14:18:57,753 DEBUG SQL:104 - 
    insert 
    into
        Student_secretCodes
        (studentNumber, i, secretCode) 
    values
        (?, ?, ?)
14:18:57,753 DEBUG BaseGeneralDataRegion:59 - Caching[foo.org.hibernate.cache.spi.UpdateTimestampsCache] : [Student_secretCodes] -> [5579091139596288]
14:18:57,753 DEBUG BaseGeneralDataRegion:59 - Caching[foo.org.hibernate.cache.spi.UpdateTimestampsCache] : [Student] -> [5579090893836289]
14:18:57,754 DEBUG BaseGeneralDataRegion:59 - Caching[foo.org.hibernate.cache.spi.UpdateTimestampsCache] : [Course] -> [5579090893836289]
14:18:57,754 DEBUG BaseGeneralDataRegion:59 - Caching[foo.org.hibernate.cache.spi.UpdateTimestampsCache] : [Enrolment] -> [5579090893836289]
14:18:57,754 DEBUG BaseGeneralDataRegion:59 - Caching[foo.org.hibernate.cache.spi.UpdateTimestampsCache] : [Student_secretCodes] -> [5579090893836289]
14:18:57,761 DEBUG BaseGeneralDataRegion:59 - Caching[foo.org.hibernate.cache.spi.UpdateTimestampsCache] : [Address] -> [5579090893836289]
14:18:57,762 DEBUG BaseGeneralDataRegion:59 - Caching[foo.org.hibernate.cache.spi.UpdateTimestampsCache] : [CourseMeeting] -> [5579090893836289]
14:18:57,762 DEBUG QueryTranslatorImpl:265 - parse() - HQL: select st.name as studentName, co.description as courseDescription from org.hibernate.test.querycache.Enrolment e join e.student st join e.course co order by e.studentNumber
14:18:57,764 DEBUG QueryTranslatorImpl:283 - --- HQL AST ---
 \-[QUERY] Node: 'query'
    +-[SELECT_FROM] Node: 'SELECT_FROM'
    |  +-[FROM] Node: 'from'
    |  |  +-[RANGE] Node: 'RANGE'
    |  |  |  +-[DOT] Node: '.'
    |  |  |  |  +-[DOT] Node: '.'
    |  |  |  |  |  +-[DOT] Node: '.'
    |  |  |  |  |  |  +-[DOT] Node: '.'
    |  |  |  |  |  |  |  +-[IDENT] Node: 'org'
    |  |  |  |  |  |  |  \-[IDENT] Node: 'hibernate'
    |  |  |  |  |  |  \-[IDENT] Node: 'test'
    |  |  |  |  |  \-[IDENT] Node: 'querycache'
    |  |  |  |  \-[IDENT] Node: 'Enrolment'
    |  |  |  \-[ALIAS] Node: 'e'
    |  |  +-[JOIN] Node: 'join'
    |  |  |  +-[DOT] Node: '.'
    |  |  |  |  +-[IDENT] Node: 'e'
    |  |  |  |  \-[IDENT] Node: 'student'
    |  |  |  \-[ALIAS] Node: 'st'
    |  |  \-[JOIN] Node: 'join'
    |  |     +-[DOT] Node: '.'
    |  |     |  +-[IDENT] Node: 'e'
    |  |     |  \-[IDENT] Node: 'course'
    |  |     \-[ALIAS] Node: 'co'
    |  \-[SELECT] Node: 'select'
    |     +-[AS] Node: 'as'
    |     |  +-[DOT] Node: '.'
    |     |  |  +-[IDENT] Node: 'st'
    |     |  |  \-[IDENT] Node: 'name'
    |     |  \-[IDENT] Node: 'studentName'
    |     \-[AS] Node: 'as'
    |        +-[DOT] Node: '.'
    |        |  +-[IDENT] Node: 'co'
    |        |  \-[IDENT] Node: 'description'
    |        \-[IDENT] Node: 'courseDescription'
    \-[ORDER] Node: 'order'
       \-[DOT] Node: '.'
          +-[IDENT] Node: 'e'
          \-[IDENT] Node: 'studentNumber'

14:18:57,772 DEBUG ErrorCounter:82 - throwQueryException() : no errors
14:18:57,773 DEBUG FromElement:157 - FromClause{level=1} : org.hibernate.test.querycache.Enrolment (e) -> enrolment0_
14:18:57,773 DEBUG FromReferenceNode:74 - Resolved : e -> (enrolment0_.studentId, enrolment0_.courseCode)
14:18:57,773 DEBUG DotNode:599 - getDataType() : student -> org.hibernate.type.ManyToOneType(org.hibernate.test.querycache.Student)
14:18:57,774 DEBUG DotNode:389 - dereferenceEntityJoin() : generating join for student in org.hibernate.test.querycache.Enrolment (st) parent = [ {null} ]
14:18:57,774 DEBUG FromElement:157 - FromClause{level=1} : org.hibernate.test.querycache.Student (st) -> student1_
14:18:57,774 DEBUG FromClause:282 - addJoinByPathMap() : e.student -> FromElement{explicit,not a collection join,not a fetch join,fetch non-lazy properties,classAlias=st,role=null,tableName=Student,tableAlias=student1_,origin=Enrolment enrolment0_,columns={enrolment0_.studentId ,className=org.hibernate.test.querycache.Student}}
14:18:57,774 DEBUG FromReferenceNode:74 - Resolved : e.student -> enrolment0_.studentId
14:18:57,774 DEBUG HqlSqlWalker:403 - createFromJoinElement() : -- join tree --
 \-[JOIN_FRAGMENT] FromElement: 'Student student1_' FromElement{explicit,not a collection join,not a fetch join,fetch non-lazy properties,classAlias=st,role=null,tableName=Student,tableAlias=student1_,origin=Enrolment enrolment0_,columns={enrolment0_.studentId ,className=org.hibernate.test.querycache.Student}}

14:18:57,774 DEBUG FromReferenceNode:74 - Resolved : e -> (enrolment0_.studentId, enrolment0_.courseCode)
14:18:57,774 DEBUG DotNode:599 - getDataType() : course -> org.hibernate.type.ManyToOneType(org.hibernate.test.querycache.Course)
14:18:57,774 DEBUG DotNode:389 - dereferenceEntityJoin() : generating join for course in org.hibernate.test.querycache.Enrolment (co) parent = [ {null} ]
14:18:57,775 DEBUG FromElement:157 - FromClause{level=1} : org.hibernate.test.querycache.Course (co) -> course2_
14:18:57,775 DEBUG FromClause:282 - addJoinByPathMap() : e.course -> FromElement{explicit,not a collection join,not a fetch join,fetch non-lazy properties,classAlias=co,role=null,tableName=Course,tableAlias=course2_,origin=Enrolment enrolment0_,columns={enrolment0_.courseCode ,className=org.hibernate.test.querycache.Course}}
14:18:57,783 DEBUG FromReferenceNode:74 - Resolved : e.course -> enrolment0_.courseCode
14:18:57,783 DEBUG HqlSqlWalker:403 - createFromJoinElement() : -- join tree --
 \-[JOIN_FRAGMENT] FromElement: 'Course course2_' FromElement{explicit,not a collection join,not a fetch join,fetch non-lazy properties,classAlias=co,role=null,tableName=Course,tableAlias=course2_,origin=Enrolment enrolment0_,columns={enrolment0_.courseCode ,className=org.hibernate.test.querycache.Course}}

14:18:57,783 DEBUG FromReferenceNode:74 - Resolved : st -> student1_.studentId
14:18:57,784 DEBUG DotNode:599 - getDataType() : name -> org.hibernate.type.ComponentType@3547c719
14:18:57,784 DEBUG DotNode:588 - Terminal propertyPath = [name]
14:18:57,784 DEBUG FromReferenceNode:74 - Resolved : st.name -> student1_.name_first, student1_.name_middle, student1_.name_last
14:18:57,784 DEBUG FromReferenceNode:74 - Resolved : co -> course2_.courseCode
14:18:57,785 DEBUG DotNode:599 - getDataType() : description -> org.hibernate.type.StringType@2dc8de40
14:18:57,785 DEBUG FromReferenceNode:74 - Resolved : co.description -> course2_.description
14:18:57,785 DEBUG FromReferenceNode:74 - Resolved : e -> enrolment0_.studentId, enrolment0_.courseCode
14:18:57,785 DEBUG DotNode:599 - getDataType() : studentNumber -> org.hibernate.type.LongType@4bf3f9d
14:18:57,785 DEBUG FromReferenceNode:74 - Resolved : e.studentNumber -> enrolment0_.studentId
14:18:57,785 DEBUG HqlSqlWalker:629 - processQuery() :  ( SELECT ( {select clause} ( student1_.name_first, student1_.name_middle, student1_.name_last student1_.studentId name ) ( course2_.description course2_.courseCode description ) ) ( FromClause{level=1} ( Enrolment enrolment0_ Student student1_ Course course2_ ) ) ( order ( enrolment0_.studentId enrolment0_.studentId, enrolment0_.courseCode studentNumber ) ) )
14:18:57,785 DEBUG JoinProcessor:175 - Using FROM fragment [Enrolment enrolment0_]
14:18:57,786 DEBUG JoinProcessor:175 - Using FROM fragment [inner join Student student1_ on enrolment0_.studentId=student1_.studentId]
14:18:57,786 DEBUG JoinProcessor:175 - Using FROM fragment [inner join Course course2_ on enrolment0_.courseCode=course2_.courseCode]
14:18:57,786 DEBUG QueryTranslatorImpl:252 - --- SQL AST ---
 \-[SELECT] QueryNode: 'SELECT'  querySpaces (Student,Course,Enrolment)
    +-[SELECT_CLAUSE] SelectClause: '{select clause}'
    |  +-[DOT] DotNode: 'student1_.name_first' {propertyName=name,dereferenceType=2,propertyPath=name,path=st.name,tableAlias=student1_,className=org.hibernate.test.querycache.Student,classAlias=st}
    |  |  +-[ALIAS_REF] IdentNode: 'student1_.studentId' {alias=st, className=org.hibernate.test.querycache.Student, tableAlias=student1_}
    |  |  \-[IDENT] IdentNode: 'name' {originalText=name}
    |  +-[SELECT_COLUMNS] SqlNode: ' as col_0_0_'
    |  +-[SQL_TOKEN] SqlFragment: 'student1_.name_middle'
    |  +-[SELECT_COLUMNS] SqlNode: ' as col_0_1_'
    |  +-[SQL_TOKEN] SqlFragment: 'student1_.name_last'
    |  +-[SELECT_COLUMNS] SqlNode: ' as col_0_2_'
    |  +-[DOT] DotNode: 'course2_.description' {propertyName=description,dereferenceType=ALL,propertyPath=description,path=co.description,tableAlias=course2_,className=org.hibernate.test.querycache.Course,classAlias=co}
    |  |  +-[ALIAS_REF] IdentNode: 'course2_.courseCode' {alias=co, className=org.hibernate.test.querycache.Course, tableAlias=course2_}
    |  |  \-[IDENT] IdentNode: 'description' {originalText=description}
    |  \-[SELECT_COLUMNS] SqlNode: ' as col_1_0_'
    +-[FROM] FromClause: 'from' FromClause{level=1, fromElementCounter=3, fromElements=3, fromElementByClassAlias=[co, e, st], fromElementByTableAlias=[student1_, enrolment0_, course2_], fromElementsByPath=[e.course, e.student], collectionJoinFromElementsByPath=[], impliedElements=[]}
    |  \-[FROM_FRAGMENT] FromElement: 'Enrolment enrolment0_' FromElement{explicit,not a collection join,not a fetch join,fetch non-lazy properties,classAlias=e,role=null,tableName=Enrolment,tableAlias=enrolment0_,origin=null,columns={,className=org.hibernate.test.querycache.Enrolment}}
    |     +-[JOIN_FRAGMENT] FromElement: 'inner join Student student1_ on enrolment0_.studentId=student1_.studentId' FromElement{explicit,not a collection join,not a fetch join,fetch non-lazy properties,classAlias=st,role=null,tableName=Student,tableAlias=student1_,origin=Enrolment enrolment0_,columns={enrolment0_.studentId ,className=org.hibernate.test.querycache.Student}}
    |     \-[JOIN_FRAGMENT] FromElement: 'inner join Course course2_ on enrolment0_.courseCode=course2_.courseCode' FromElement{explicit,not a collection join,not a fetch join,fetch non-lazy properties,classAlias=co,role=null,tableName=Course,tableAlias=course2_,origin=Enrolment enrolment0_,columns={enrolment0_.courseCode ,className=org.hibernate.test.querycache.Course}}
    \-[ORDER] OrderByClause: 'order'
       \-[DOT] DotNode: 'enrolment0_.studentId' {propertyName=studentNumber,dereferenceType=ALL,propertyPath=studentNumber,path=e.studentNumber,tableAlias=enrolment0_,className=org.hibernate.test.querycache.Enrolment,classAlias=e}
          +-[ALIAS_REF] IdentNode: 'enrolment0_.studentId, enrolment0_.courseCode' {alias=e, className=org.hibernate.test.querycache.Enrolment, tableAlias=enrolment0_}
          \-[IDENT] IdentNode: 'studentNumber' {originalText=studentNumber}

14:18:57,786 DEBUG ErrorCounter:82 - throwQueryException() : no errors
14:18:57,786 DEBUG QueryTranslatorImpl:235 - HQL: select st.name as studentName, co.description as courseDescription from org.hibernate.test.querycache.Enrolment e join e.student st join e.course co order by e.studentNumber
14:18:57,786 DEBUG QueryTranslatorImpl:236 - SQL: select student1_.name_first as col_0_0_, student1_.name_middle as col_0_1_, student1_.name_last as col_0_2_, course2_.description as col_1_0_ from Enrolment enrolment0_ inner join Student student1_ on enrolment0_.studentId=student1_.studentId inner join Course course2_ on enrolment0_.courseCode=course2_.courseCode order by enrolment0_.studentId
14:18:57,786 DEBUG ErrorCounter:82 - throwQueryException() : no errors
14:18:57,787 DEBUG SQL:104 - 
    select
        student1_.name_first as col_0_0_,
        student1_.name_middle as col_0_1_,
        student1_.name_last as col_0_2_,
        course2_.description as col_1_0_ 
    from
        Enrolment enrolment0_ 
    inner join
        Student student1_ 
            on enrolment0_.studentId=student1_.studentId 
    inner join
        Course course2_ 
            on enrolment0_.courseCode=course2_.courseCode 
    order by
        enrolment0_.studentId
14:18:57,787 DEBUG BaseGeneralDataRegion:59 - Caching[foo.org.hibernate.cache.internal.StandardQueryCache] : [sql: select student1_.name_first as col_0_0_, student1_.name_middle as col_0_1_, student1_.name_last as col_0_2_, course2_.description as col_1_0_ from Enrolment enrolment0_ inner join Student student1_ on enrolment0_.studentId=student1_.studentId inner join Course course2_ on enrolment0_.courseCode=course2_.courseCode order by enrolment0_.studentId; parameters: ; named parameters: {}; transformer: org.hibernate.transform.CacheableResultTransformer@1406bf] -> [[5579090893975552, [Ljava.io.Serializable;@622ea453, [Ljava.io.Serializable;@64267780]]
14:18:57,788 DEBUG SQL:104 - 
    select
        student1_.name_first as col_0_0_,
        student1_.name_middle as col_0_1_,
        student1_.name_last as col_0_2_,
        course2_.description as col_1_0_ 
    from
        Enrolment enrolment0_ 
    inner join
        Student student1_ 
            on enrolment0_.studentId=student1_.studentId 
    inner join
        Course course2_ 
            on enrolment0_.courseCode=course2_.courseCode 
    order by
        enrolment0_.studentId
14:18:57,799 DEBUG BaseGeneralDataRegion:59 - Caching[foo.org.hibernate.cache.internal.StandardQueryCache] : [sql: select student1_.name_first as col_0_0_, student1_.name_middle as col_0_1_, student1_.name_last as col_0_2_, course2_.description as col_1_0_ from Enrolment enrolment0_ inner join Student student1_ on enrolment0_.studentId=student1_.studentId inner join Course course2_ on enrolment0_.courseCode=course2_.courseCode order by enrolment0_.studentId; parameters: ; named parameters: {}; transformer: org.hibernate.transform.CacheableResultTransformer@1406bf] -> [[5579090894024704, [Ljava.io.Serializable;@5960d4b2, [Ljava.io.Serializable;@642c1ff5]]
14:18:57,799 DEBUG SQL:104 - 
    select
        student_.studentId,
        student_.name_first as name2_4_,
        student_.name_middle as name3_4_,
        student_.name_last as name4_4_,
        student_.preferredCourseCode as preferre5_4_ 
    from
        Student student_ 
    where
        student_.studentId=?
14:18:57,800 DEBUG SQL:104 - 
    select
        enrolment_.studentId,
        enrolment_.courseCode,
        enrolment_.semester as semester3_,
        enrolment_."year" as year4_3_ 
    from
        Enrolment enrolment_ 
    where
        enrolment_.studentId=? 
        and enrolment_.courseCode=?
14:18:57,800 DEBUG SQL:104 - 
    select
        course_.courseCode,
        course_.description as descript2_1_ 
    from
        Course course_ 
    where
        course_.courseCode=?
14:18:57,812 DEBUG SQL:104 - 
    select
        student_.studentId,
        student_.name_first as name2_4_,
        student_.name_middle as name3_4_,
        student_.name_last as name4_4_,
        student_.preferredCourseCode as preferre5_4_ 
    from
        Student student_ 
    where
        student_.studentId=?
14:18:57,812 DEBUG SQL:104 - 
    select
        enrolment_.studentId,
        enrolment_.courseCode,
        enrolment_.semester as semester3_,
        enrolment_."year" as year4_3_ 
    from
        Enrolment enrolment_ 
    where
        enrolment_.studentId=? 
        and enrolment_.courseCode=?
14:18:57,812 DEBUG SQL:104 - 
    select
        coursemeet_.courseCode,
        coursemeet_.day,
        coursemeet_.period,
        coursemeet_.location 
    from
        CourseMeeting coursemeet_ 
    where
        coursemeet_.courseCode=? 
        and coursemeet_.day=? 
        and coursemeet_.period=? 
        and coursemeet_.location=?
14:18:57,822 DEBUG SQL:104 - 
    select
        coursemeet_.courseCode,
        coursemeet_.day,
        coursemeet_.period,
        coursemeet_.location 
    from
        CourseMeeting coursemeet_ 
    where
        coursemeet_.courseCode=? 
        and coursemeet_.day=? 
        and coursemeet_.period=? 
        and coursemeet_.location=?
14:18:57,832 DEBUG BaseGeneralDataRegion:59 - Caching[foo.org.hibernate.cache.spi.UpdateTimestampsCache] : [Enrolment] -> [5579091139919872]
14:18:57,833 DEBUG SQL:104 - 
    update
        Address 
    set
        studentNumber=null,
        addressType=null 
    where
        studentNumber=?
14:18:57,833 DEBUG BaseGeneralDataRegion:59 - Caching[foo.org.hibernate.cache.spi.UpdateTimestampsCache] : [Address] -> [5579091139923968]
14:18:57,834 DEBUG SQL:104 - 
    delete 
    from
        Student_secretCodes 
    where
        studentNumber=?
14:18:57,834 DEBUG BaseGeneralDataRegion:59 - Caching[foo.org.hibernate.cache.spi.UpdateTimestampsCache] : [Student_secretCodes] -> [5579091139928064]
14:18:57,834 DEBUG BaseGeneralDataRegion:59 - Caching[foo.org.hibernate.cache.spi.UpdateTimestampsCache] : [Enrolment] -> [5579091139928065]
14:18:57,834 DEBUG BaseGeneralDataRegion:59 - Caching[foo.org.hibernate.cache.spi.UpdateTimestampsCache] : [Address] -> [5579091139928066]
14:18:57,835 DEBUG SQL:104 - 
    delete 
    from
        Student_secretCodes 
    where
        studentNumber=?
14:18:57,843 DEBUG BaseGeneralDataRegion:59 - Caching[foo.org.hibernate.cache.spi.UpdateTimestampsCache] : [Student_secretCodes] -> [5579091139964928]
14:18:57,843 DEBUG BaseGeneralDataRegion:59 - Caching[foo.org.hibernate.cache.spi.UpdateTimestampsCache] : [CourseMeeting] -> [5579091139964929]
14:18:57,843 DEBUG SQL:104 - 
    delete 
    from
        Enrolment 
    where
        studentId=? 
        and courseCode=?
14:18:57,844 DEBUG BaseGeneralDataRegion:59 - Caching[foo.org.hibernate.cache.spi.UpdateTimestampsCache] : [Enrolment] -> [5579091139969024]
14:18:57,844 DEBUG SQL:104 - 
    delete 
    from
        Address 
    where
        id=?
14:18:57,845 DEBUG BaseGeneralDataRegion:59 - Caching[foo.org.hibernate.cache.spi.UpdateTimestampsCache] : [Address] -> [5579091139973120]
14:18:57,845 DEBUG SQL:104 - 
    delete 
    from
        Address 
    where
        id=?
14:18:57,845 DEBUG BaseGeneralDataRegion:59 - Caching[foo.org.hibernate.cache.spi.UpdateTimestampsCache] : [Address] -> [5579091139973121]
14:18:57,846 DEBUG SQL:104 - 
    delete 
    from
        Student 
    where
        studentId=?
14:18:57,853 DEBUG BaseGeneralDataRegion:59 - Caching[foo.org.hibernate.cache.spi.UpdateTimestampsCache] : [Student] -> [5579091140005888]
14:18:57,854 DEBUG SQL:104 - 
    delete 
    from
        Enrolment 
    where
        studentId=? 
        and courseCode=?
14:18:57,854 DEBUG BaseGeneralDataRegion:59 - Caching[foo.org.hibernate.cache.spi.UpdateTimestampsCache] : [Enrolment] -> [5579091140009984]
14:18:57,854 DEBUG SQL:104 - 
    delete 
    from
        Student 
    where
        studentId=?
14:18:57,855 DEBUG BaseGeneralDataRegion:59 - Caching[foo.org.hibernate.cache.spi.UpdateTimestampsCache] : [Student] -> [5579091140014080]
14:18:57,855 DEBUG SQL:104 - 
    delete 
    from
        CourseMeeting 
    where
        courseCode=? 
        and day=? 
        and period=? 
        and location=?
14:18:57,868 DEBUG BaseGeneralDataRegion:59 - Caching[foo.org.hibernate.cache.spi.UpdateTimestampsCache] : [CourseMeeting] -> [5579091140067328]
14:18:57,869 DEBUG SQL:104 - 
    delete 
    from
        CourseMeeting 
    where
        courseCode=? 
        and day=? 
        and period=? 
        and location=?
14:18:57,869 DEBUG BaseGeneralDataRegion:59 - Caching[foo.org.hibernate.cache.spi.UpdateTimestampsCache] : [CourseMeeting] -> [5579091140071424]
14:18:57,869 DEBUG SQL:104 - 
    delete 
    from
        Course 
    where
        courseCode=?
14:18:57,869 DEBUG BaseGeneralDataRegion:59 - Caching[foo.org.hibernate.cache.spi.UpdateTimestampsCache] : [Course] -> [5579091140071425]
14:18:57,869 DEBUG BaseGeneralDataRegion:59 - Caching[foo.org.hibernate.cache.spi.UpdateTimestampsCache] : [Student] -> [5579090894311426]
14:18:57,869 DEBUG BaseGeneralDataRegion:59 - Caching[foo.org.hibernate.cache.spi.UpdateTimestampsCache] : [Course] -> [5579090894311426]
14:18:57,869 DEBUG BaseGeneralDataRegion:59 - Caching[foo.org.hibernate.cache.spi.UpdateTimestampsCache] : [Enrolment] -> [5579090894311426]
14:18:57,870 DEBUG BaseGeneralDataRegion:59 - Caching[foo.org.hibernate.cache.spi.UpdateTimestampsCache] : [Student_secretCodes] -> [5579090894311426]
14:18:57,870 DEBUG BaseGeneralDataRegion:59 - Caching[foo.org.hibernate.cache.spi.UpdateTimestampsCache] : [Address] -> [5579090894311426]
14:18:57,870 DEBUG BaseGeneralDataRegion:59 - Caching[foo.org.hibernate.cache.spi.UpdateTimestampsCache] : [CourseMeeting] -> [5579090894311426]
14:18:57,870  INFO CustomRunner:139 - Test: testMultiSelectAliasToEntityMapUsingAliasesWithFetchJoinList
14:18:57,871 DEBUG SQL:104 - 
    select
        coursemeet_.courseCode,
        coursemeet_.day,
        coursemeet_.period,
        coursemeet_.location 
    from
        CourseMeeting coursemeet_ 
    where
        coursemeet_.courseCode=? 
        and coursemeet_.day=? 
        and coursemeet_.period=? 
        and coursemeet_.location=?
14:18:57,880 DEBUG SQL:104 - 
    select
        coursemeet_.courseCode,
        coursemeet_.day,
        coursemeet_.period,
        coursemeet_.location 
    from
        CourseMeeting coursemeet_ 
    where
        coursemeet_.courseCode=? 
        and coursemeet_.day=? 
        and coursemeet_.period=? 
        and coursemeet_.location=?
14:18:57,881 DEBUG SQL:104 - 
    insert 
    into
        Course
        (description, courseCode) 
    values
        (?, ?)
14:18:57,890 DEBUG BaseGeneralDataRegion:59 - Caching[foo.org.hibernate.cache.spi.UpdateTimestampsCache] : [Course] -> [5579091140157440]
14:18:57,891 DEBUG SQL:104 - 
    insert 
    into
        CourseMeeting
        (courseCode, day, period, location) 
    values
        (?, ?, ?, ?)
14:18:57,891 DEBUG BaseGeneralDataRegion:59 - Caching[foo.org.hibernate.cache.spi.UpdateTimestampsCache] : [CourseMeeting] -> [5579091140161536]
14:18:57,891 DEBUG SQL:104 - 
    insert 
    into
        CourseMeeting
        (courseCode, day, period, location) 
    values
        (?, ?, ?, ?)
14:18:57,891 DEBUG BaseGeneralDataRegion:59 - Caching[foo.org.hibernate.cache.spi.UpdateTimestampsCache] : [CourseMeeting] -> [5579091140161537]
14:18:57,891 DEBUG SQL:104 - 
    insert 
    into
        Student
        (name_first, name_middle, name_last, preferredCourseCode, studentId) 
    values
        (?, ?, ?, ?, ?)
14:18:57,900 DEBUG BaseGeneralDataRegion:59 - Caching[foo.org.hibernate.cache.spi.UpdateTimestampsCache] : [Student] -> [5579091140198400]
14:18:57,900 DEBUG SQL:104 - 
    insert 
    into
        Address
        (addressType, street, city, stateProvince, postalCode, country, studentNumber, id) 
    values
        (?, ?, ?, ?, ?, ?, ?, ?)
14:18:57,900 DEBUG BaseGeneralDataRegion:59 - Caching[foo.org.hibernate.cache.spi.UpdateTimestampsCache] : [Address] -> [5579091140198401]
14:18:57,900 DEBUG SQL:104 - 
    insert 
    into
        Address
        (addressType, street, city, stateProvince, postalCode, country, studentNumber, id) 
    values
        (?, ?, ?, ?, ?, ?, ?, ?)
14:18:57,900 DEBUG BaseGeneralDataRegion:59 - Caching[foo.org.hibernate.cache.spi.UpdateTimestampsCache] : [Address] -> [5579091140198402]
14:18:57,901 DEBUG SQL:104 - 
    insert 
    into
        Student
        (name_first, name_middle, name_last, preferredCourseCode, studentId) 
    values
        (?, ?, ?, ?, ?)
14:18:57,901 DEBUG BaseGeneralDataRegion:59 - Caching[foo.org.hibernate.cache.spi.UpdateTimestampsCache] : [Student] -> [5579091140202496]
14:18:57,901 DEBUG SQL:104 - 
    insert 
    into
        Enrolment
        (semester, "year", studentId, courseCode) 
    values
        (?, ?, ?, ?)
14:18:57,909 DEBUG BaseGeneralDataRegion:59 - Caching[foo.org.hibernate.cache.spi.UpdateTimestampsCache] : [Enrolment] -> [5579091140235264]
14:18:57,910 DEBUG SQL:104 - 
    insert 
    into
        Enrolment
        (semester, "year", studentId, courseCode) 
    values
        (?, ?, ?, ?)
14:18:57,910 DEBUG BaseGeneralDataRegion:59 - Caching[foo.org.hibernate.cache.spi.UpdateTimestampsCache] : [Enrolment] -> [5579091140239360]
14:18:57,910 DEBUG BaseGeneralDataRegion:59 - Caching[foo.org.hibernate.cache.spi.UpdateTimestampsCache] : [CourseMeeting] -> [5579091140239361]
14:18:57,910 DEBUG BaseGeneralDataRegion:59 - Caching[foo.org.hibernate.cache.spi.UpdateTimestampsCache] : [Enrolment] -> [5579091140239362]
14:18:57,910 DEBUG SQL:104 - 
    update
        Address 
    set
        studentNumber=?,
        addressType=? 
    where
        id=?
14:18:57,911 DEBUG SQL:104 - 
    update
        Address 
    set
        studentNumber=?,
        addressType=? 
    where
        id=?
14:18:57,911 DEBUG BaseGeneralDataRegion:59 - Caching[foo.org.hibernate.cache.spi.UpdateTimestampsCache] : [Address] -> [5579091140243456]
14:18:57,911 DEBUG SQL:104 - 
    insert 
    into
        Student_secretCodes
        (studentNumber, i, secretCode) 
    values
        (?, ?, ?)
14:18:57,911 DEBUG BaseGeneralDataRegion:59 - Caching[foo.org.hibernate.cache.spi.UpdateTimestampsCache] : [Student_secretCodes] -> [5579091140243457]
14:18:57,911 DEBUG BaseGeneralDataRegion:59 - Caching[foo.org.hibernate.cache.spi.UpdateTimestampsCache] : [Enrolment] -> [5579091140243458]
14:18:57,911 DEBUG BaseGeneralDataRegion:59 - Caching[foo.org.hibernate.cache.spi.UpdateTimestampsCache] : [Address] -> [5579091140243459]
14:18:57,911 DEBUG SQL:104 - 
    insert 
    into
        Student_secretCodes
        (studentNumber, i, secretCode) 
    values
        (?, ?, ?)
14:18:57,912 DEBUG SQL:104 - 
    insert 
    into
        Student_secretCodes
        (studentNumber, i, secretCode) 
    values
        (?, ?, ?)
14:18:57,912 DEBUG BaseGeneralDataRegion:59 - Caching[foo.org.hibernate.cache.spi.UpdateTimestampsCache] : [Student_secretCodes] -> [5579091140247552]
14:18:57,912 DEBUG BaseGeneralDataRegion:59 - Caching[foo.org.hibernate.cache.spi.UpdateTimestampsCache] : [Student] -> [5579090894487553]
14:18:57,912 DEBUG BaseGeneralDataRegion:59 - Caching[foo.org.hibernate.cache.spi.UpdateTimestampsCache] : [Course] -> [5579090894487553]
14:18:57,912 DEBUG BaseGeneralDataRegion:59 - Caching[foo.org.hibernate.cache.spi.UpdateTimestampsCache] : [Enrolment] -> [5579090894487553]
14:18:57,912 DEBUG BaseGeneralDataRegion:59 - Caching[foo.org.hibernate.cache.spi.UpdateTimestampsCache] : [Student_secretCodes] -> [5579090894487553]
14:18:57,923 DEBUG BaseGeneralDataRegion:59 - Caching[foo.org.hibernate.cache.spi.UpdateTimestampsCache] : [Address] -> [5579090894487553]
14:18:57,923 DEBUG BaseGeneralDataRegion:59 - Caching[foo.org.hibernate.cache.spi.UpdateTimestampsCache] : [CourseMeeting] -> [5579090894487553]
14:18:57,923 DEBUG QueryTranslatorImpl:265 - parse() - HQL: select s as s, pc as pc from org.hibernate.test.querycache.Student s left join s.preferredCourse pc left join fetch s.enrolments order by s.studentNumber
14:18:57,925 DEBUG QueryTranslatorImpl:283 - --- HQL AST ---
 \-[QUERY] Node: 'query'
    +-[SELECT_FROM] Node: 'SELECT_FROM'
    |  +-[FROM] Node: 'from'
    |  |  +-[RANGE] Node: 'RANGE'
    |  |  |  +-[DOT] Node: '.'
    |  |  |  |  +-[DOT] Node: '.'
    |  |  |  |  |  +-[DOT] Node: '.'
    |  |  |  |  |  |  +-[DOT] Node: '.'
    |  |  |  |  |  |  |  +-[IDENT] Node: 'org'
    |  |  |  |  |  |  |  \-[IDENT] Node: 'hibernate'
    |  |  |  |  |  |  \-[IDENT] Node: 'test'
    |  |  |  |  |  \-[IDENT] Node: 'querycache'
    |  |  |  |  \-[IDENT] Node: 'Student'
    |  |  |  \-[ALIAS] Node: 's'
    |  |  +-[JOIN] Node: 'join'
    |  |  |  +-[LEFT] Node: 'left'
    |  |  |  +-[DOT] Node: '.'
    |  |  |  |  +-[IDENT] Node: 's'
    |  |  |  |  \-[IDENT] Node: 'preferredCourse'
    |  |  |  \-[ALIAS] Node: 'pc'
    |  |  \-[JOIN] Node: 'join'
    |  |     +-[LEFT] Node: 'left'
    |  |     +-[FETCH] Node: 'fetch'
    |  |     \-[DOT] Node: '.'
    |  |        +-[IDENT] Node: 's'
    |  |        \-[IDENT] Node: 'enrolments'
    |  \-[SELECT] Node: 'select'
    |     +-[AS] Node: 'as'
    |     |  +-[IDENT] Node: 's'
    |     |  \-[IDENT] Node: 's'
    |     \-[AS] Node: 'as'
    |        +-[IDENT] Node: 'pc'
    |        \-[IDENT] Node: 'pc'
    \-[ORDER] Node: 'order'
       \-[DOT] Node: '.'
          +-[IDENT] Node: 's'
          \-[IDENT] Node: 'studentNumber'

14:18:57,935 DEBUG ErrorCounter:82 - throwQueryException() : no errors
14:18:57,935 DEBUG FromElement:157 - FromClause{level=1} : org.hibernate.test.querycache.Student (s) -> student0_
14:18:57,935 DEBUG FromReferenceNode:74 - Resolved : s -> student0_.studentId
14:18:57,936 DEBUG DotNode:599 - getDataType() : preferredCourse -> org.hibernate.type.ManyToOneType(org.hibernate.test.querycache.Course)
14:18:57,936 DEBUG DotNode:389 - dereferenceEntityJoin() : generating join for preferredCourse in org.hibernate.test.querycache.Student (pc) parent = [ {null} ]
14:18:57,936 DEBUG FromElement:157 - FromClause{level=1} : org.hibernate.test.querycache.Course (pc) -> course1_
14:18:57,936 DEBUG FromClause:282 - addJoinByPathMap() : s.preferredCourse -> FromElement{explicit,not a collection join,not a fetch join,fetch non-lazy properties,classAlias=pc,role=null,tableName=Course,tableAlias=course1_,origin=Student student0_,columns={student0_.preferredCourseCode ,className=org.hibernate.test.querycache.Course}}
14:18:57,936 DEBUG FromReferenceNode:74 - Resolved : s.preferredCourse -> student0_.preferredCourseCode
14:18:57,936 DEBUG HqlSqlWalker:403 - createFromJoinElement() : -- join tree --
 \-[JOIN_FRAGMENT] FromElement: 'Course course1_' FromElement{explicit,not a collection join,not a fetch join,fetch non-lazy properties,classAlias=pc,role=null,tableName=Course,tableAlias=course1_,origin=Student student0_,columns={student0_.preferredCourseCode ,className=org.hibernate.test.querycache.Course}}

14:18:57,937 DEBUG FromReferenceNode:74 - Resolved : s -> student0_.studentId
14:18:57,937 DEBUG DotNode:599 - getDataType() : enrolments -> org.hibernate.type.SetType(org.hibernate.test.querycache.Student.enrolments)
14:18:57,937 DEBUG FromElementFactory:376 - createEntityAssociation() : One to many - path = s.enrolments role = org.hibernate.test.querycache.Student.enrolments associatedEntityName = org.hibernate.test.querycache.Enrolment
14:18:57,937 DEBUG FromElement:157 - FromClause{level=1} : org.hibernate.test.querycache.Enrolment (<no alias>) -> enrolments2_
14:18:57,937 DEBUG FromClause:282 - addJoinByPathMap() : s.enrolments -> FromElement{explicit,not a collection join,not a fetch join,fetch non-lazy properties,classAlias=null,role=null,tableName=Enrolment,tableAlias=enrolments2_,origin=Student student0_,columns={student0_.studentId ,className=org.hibernate.test.querycache.Enrolment}}
14:18:57,937 DEBUG DotNode:308 - dereferenceCollection() : Created new FROM element for s.enrolments : Enrolment enrolments2_
14:18:57,937 DEBUG FromReferenceNode:74 - Resolved : s.enrolments -> .
14:18:57,948 DEBUG HqlSqlWalker:403 - createFromJoinElement() : -- join tree --
 \-[JOIN_FRAGMENT] FromElement: 'Enrolment enrolments2_' FromElement{explicit,not a collection join,fetch join,fetch non-lazy properties,classAlias=null,role=org.hibernate.test.querycache.Student.enrolments,tableName=Enrolment,tableAlias=enrolments2_,origin=Student student0_,columns={student0_.studentId ,className=org.hibernate.test.querycache.Enrolment}}

14:18:57,949 DEBUG FromReferenceNode:74 - Resolved : s -> student0_.studentId
14:18:57,949 DEBUG FromReferenceNode:74 - Resolved : pc -> course1_.courseCode
14:18:57,949 DEBUG FromReferenceNode:74 - Resolved : s -> student0_.studentId
14:18:57,949 DEBUG DotNode:599 - getDataType() : studentNumber -> org.hibernate.type.LongType@4bf3f9d
14:18:57,949 DEBUG FromReferenceNode:74 - Resolved : s.studentNumber -> student0_.studentId
14:18:57,949 DEBUG HqlSqlWalker:629 - processQuery() :  ( SELECT ( {select clause} student0_.studentId course1_.courseCode ) ( FromClause{level=1} ( Student student0_ Course course1_ Enrolment enrolments2_ ) ) ( order ( student0_.studentId student0_.studentId studentNumber ) ) )
14:18:57,950 DEBUG JoinProcessor:175 - Using FROM fragment [Student student0_]
14:18:57,950 DEBUG JoinProcessor:175 - Using FROM fragment [left outer join Course course1_ on student0_.preferredCourseCode=course1_.courseCode]
14:18:57,950 DEBUG JoinProcessor:175 - Using FROM fragment [left outer join Enrolment enrolments2_ on student0_.studentId=enrolments2_.studentId]
14:18:57,950 DEBUG QueryTranslatorImpl:252 - --- SQL AST ---
 \-[SELECT] QueryNode: 'SELECT'  querySpaces (Student,Course,Enrolment)
    +-[SELECT_CLAUSE] SelectClause: '{select clause}'
    |  +-[ALIAS_REF] IdentNode: 'student0_.studentId as studentId4_0_' {alias=s, className=org.hibernate.test.querycache.Student, tableAlias=student0_}
    |  +-[ALIAS_REF] IdentNode: 'course1_.courseCode as courseCode1_1_' {alias=pc, className=org.hibernate.test.querycache.Course, tableAlias=course1_}
    |  +-[SELECT_EXPR] SelectExpressionImpl: 'enrolments2_.studentId as studentId3_2_, enrolments2_.courseCode as courseCode3_2_' {FromElement{explicit,not a collection join,fetch join,fetch non-lazy properties,classAlias=null,role=org.hibernate.test.querycache.Student.enrolments,tableName=Enrolment,tableAlias=enrolments2_,origin=Student student0_,columns={student0_.studentId ,className=org.hibernate.test.querycache.Enrolment}}}
    |  +-[SQL_TOKEN] SqlFragment: 'student0_.name_first as name2_4_0_, student0_.name_middle as name3_4_0_, student0_.name_last as name4_4_0_, student0_.preferredCourseCode as preferre5_4_0_'
    |  +-[SQL_TOKEN] SqlFragment: 'course1_.description as descript2_1_1_'
    |  +-[SQL_TOKEN] SqlFragment: 'enrolments2_.semester as semester3_2_, enrolments2_."year" as year4_3_2_'
    |  \-[SQL_TOKEN] SqlFragment: 'enrolments2_.studentId as studentId4_0__, enrolments2_.studentId as studentId3_0__, enrolments2_.courseCode as courseCode3_0__'
    +-[FROM] FromClause: 'from' FromClause{level=1, fromElementCounter=3, fromElements=3, fromElementByClassAlias=[s, pc], fromElementByTableAlias=[student0_, enrolments2_, course1_], fromElementsByPath=[s.enrolments, s.preferredCourse], collectionJoinFromElementsByPath=[], impliedElements=[]}
    |  \-[FROM_FRAGMENT] FromElement: 'Student student0_' FromElement{explicit,not a collection join,not a fetch join,fetch non-lazy properties,classAlias=s,role=null,tableName=Student,tableAlias=student0_,origin=null,columns={,className=org.hibernate.test.querycache.Student}}
    |     +-[JOIN_FRAGMENT] FromElement: 'left outer join Course course1_ on student0_.preferredCourseCode=course1_.courseCode' FromElement{explicit,not a collection join,not a fetch join,fetch non-lazy properties,classAlias=pc,role=null,tableName=Course,tableAlias=course1_,origin=Student student0_,columns={student0_.preferredCourseCode ,className=org.hibernate.test.querycache.Course}}
    |     \-[JOIN_FRAGMENT] FromElement: 'left outer join Enrolment enrolments2_ on student0_.studentId=enrolments2_.studentId' FromElement{explicit,not a collection join,fetch join,fetch non-lazy properties,classAlias=null,role=org.hibernate.test.querycache.Student.enrolments,tableName=Enrolment,tableAlias=enrolments2_,origin=Student student0_,columns={student0_.studentId ,className=org.hibernate.test.querycache.Enrolment}}
    \-[ORDER] OrderByClause: 'order'
       \-[DOT] DotNode: 'student0_.studentId' {propertyName=studentNumber,dereferenceType=ALL,propertyPath=studentNumber,path=s.studentNumber,tableAlias=student0_,className=org.hibernate.test.querycache.Student,classAlias=s}
          +-[ALIAS_REF] IdentNode: 'student0_.studentId' {alias=s, className=org.hibernate.test.querycache.Student, tableAlias=student0_}
          \-[IDENT] IdentNode: 'studentNumber' {originalText=studentNumber}

14:18:57,959 DEBUG ErrorCounter:82 - throwQueryException() : no errors
14:18:57,959 DEBUG QueryTranslatorImpl:235 - HQL: select s as s, pc as pc from org.hibernate.test.querycache.Student s left join s.preferredCourse pc left join fetch s.enrolments order by s.studentNumber
14:18:57,959 DEBUG QueryTranslatorImpl:236 - SQL: select student0_.studentId as studentId4_0_, course1_.courseCode as courseCode1_1_, enrolments2_.studentId as studentId3_2_, enrolments2_.courseCode as courseCode3_2_, student0_.name_first as name2_4_0_, student0_.name_middle as name3_4_0_, student0_.name_last as name4_4_0_, student0_.preferredCourseCode as preferre5_4_0_, course1_.description as descript2_1_1_, enrolments2_.semester as semester3_2_, enrolments2_."year" as year4_3_2_, enrolments2_.studentId as studentId4_0__, enrolments2_.studentId as studentId3_0__, enrolments2_.courseCode as courseCode3_0__ from Student student0_ left outer join Course course1_ on student0_.preferredCourseCode=course1_.courseCode left outer join Enrolment enrolments2_ on student0_.studentId=enrolments2_.studentId order by student0_.studentId
14:18:57,959 DEBUG ErrorCounter:82 - throwQueryException() : no errors
14:18:57,959 DEBUG SQL:104 - 
    select
        student0_.studentId as studentId4_0_,
        course1_.courseCode as courseCode1_1_,
        enrolments2_.studentId as studentId3_2_,
        enrolments2_.courseCode as courseCode3_2_,
        student0_.name_first as name2_4_0_,
        student0_.name_middle as name3_4_0_,
        student0_.name_last as name4_4_0_,
        student0_.preferredCourseCode as preferre5_4_0_,
        course1_.description as descript2_1_1_,
        enrolments2_.semester as semester3_2_,
        enrolments2_."year" as year4_3_2_,
        enrolments2_.studentId as studentId4_0__,
        enrolments2_.studentId as studentId3_0__,
        enrolments2_.courseCode as courseCode3_0__ 
    from
        Student student0_ 
    left outer join
        Course course1_ 
            on student0_.preferredCourseCode=course1_.courseCode 
    left outer join
        Enrolment enrolments2_ 
            on student0_.studentId=enrolments2_.studentId 
    order by
        student0_.studentId
14:18:57,968 DEBUG SQL:104 - 
    select
        secretcode0_.studentNumber as studentN1_4_0_,
        secretcode0_.secretCode as secretCode5_0_,
        secretcode0_.i as i0_ 
    from
        Student_secretCodes secretcode0_ 
    where
        secretcode0_.studentNumber=?
14:18:57,969 DEBUG SQL:104 - 
    select
        coursemeet0_.courseCode as courseCode1_1_,
        coursemeet0_.courseCode as courseCode2_1_,
        coursemeet0_.day as day2_1_,
        coursemeet0_.period as period2_1_,
        coursemeet0_.location as location2_1_,
        coursemeet0_.courseCode as courseCode2_0_,
        coursemeet0_.day as day2_0_,
        coursemeet0_.period as period2_0_,
        coursemeet0_.location as location2_0_ 
    from
        CourseMeeting coursemeet0_ 
    where
        coursemeet0_.courseCode=?
14:18:57,978 DEBUG SQL:104 - 
    select
        secretcode0_.studentNumber as studentN1_4_0_,
        secretcode0_.secretCode as secretCode5_0_,
        secretcode0_.i as i0_ 
    from
        Student_secretCodes secretcode0_ 
    where
        secretcode0_.studentNumber=?
14:18:57,979 DEBUG BaseGeneralDataRegion:59 - Caching[foo.org.hibernate.cache.internal.StandardQueryCache] : [sql: select student0_.studentId as studentId4_0_, course1_.courseCode as courseCode1_1_, enrolments2_.studentId as studentId3_2_, enrolments2_.courseCode as courseCode3_2_, student0_.name_first as name2_4_0_, student0_.name_middle as name3_4_0_, student0_.name_last as name4_4_0_, student0_.preferredCourseCode as preferre5_4_0_, course1_.description as descript2_1_1_, enrolments2_.semester as semester3_2_, enrolments2_."year" as year4_3_2_, enrolments2_.studentId as studentId4_0__, enrolments2_.studentId as studentId3_0__, enrolments2_.courseCode as courseCode3_0__ from Student student0_ left outer join Course course1_ on student0_.preferredCourseCode=course1_.courseCode left outer join Enrolment enrolments2_ on student0_.studentId=enrolments2_.studentId order by student0_.studentId; parameters: ; named parameters: {}; transformer: org.hibernate.transform.CacheableResultTransformer@2513f6c] -> [[5579090894761984, [Ljava.io.Serializable;@25e96120, [Ljava.io.Serializable;@7ce78f51]]
14:18:57,980 DEBUG SQL:104 - 
    select
        student0_.studentId as studentId4_0_,
        course1_.courseCode as courseCode1_1_,
        enrolments2_.studentId as studentId3_2_,
        enrolments2_.courseCode as courseCode3_2_,
        student0_.name_first as name2_4_0_,
        student0_.name_middle as name3_4_0_,
        student0_.name_last as name4_4_0_,
        student0_.preferredCourseCode as preferre5_4_0_,
        course1_.description as descript2_1_1_,
        enrolments2_.semester as semester3_2_,
        enrolments2_."year" as year4_3_2_,
        enrolments2_.studentId as studentId4_0__,
        enrolments2_.studentId as studentId3_0__,
        enrolments2_.courseCode as courseCode3_0__ 
    from
        Student student0_ 
    left outer join
        Course course1_ 
            on student0_.preferredCourseCode=course1_.courseCode 
    left outer join
        Enrolment enrolments2_ 
            on student0_.studentId=enrolments2_.studentId 
    order by
        student0_.studentId
14:18:57,989 DEBUG SQL:104 - 
    select
        secretcode0_.studentNumber as studentN1_4_0_,
        secretcode0_.secretCode as secretCode5_0_,
        secretcode0_.i as i0_ 
    from
        Student_secretCodes secretcode0_ 
    where
        secretcode0_.studentNumber=?
14:18:57,989 DEBUG SQL:104 - 
    select
        coursemeet0_.courseCode as courseCode1_1_,
        coursemeet0_.courseCode as courseCode2_1_,
        coursemeet0_.day as day2_1_,
        coursemeet0_.period as period2_1_,
        coursemeet0_.location as location2_1_,
        coursemeet0_.courseCode as courseCode2_0_,
        coursemeet0_.day as day2_0_,
        coursemeet0_.period as period2_0_,
        coursemeet0_.location as location2_0_ 
    from
        CourseMeeting coursemeet0_ 
    where
        coursemeet0_.courseCode=?
14:18:57,998 DEBUG SQL:104 - 
    select
        secretcode0_.studentNumber as studentN1_4_0_,
        secretcode0_.secretCode as secretCode5_0_,
        secretcode0_.i as i0_ 
    from
        Student_secretCodes secretcode0_ 
    where
        secretcode0_.studentNumber=?
14:18:57,999 DEBUG BaseGeneralDataRegion:59 - Caching[foo.org.hibernate.cache.internal.StandardQueryCache] : [sql: select student0_.studentId as studentId4_0_, course1_.courseCode as courseCode1_1_, enrolments2_.studentId as studentId3_2_, enrolments2_.courseCode as courseCode3_2_, student0_.name_first as name2_4_0_, student0_.name_middle as name3_4_0_, student0_.name_last as name4_4_0_, student0_.preferredCourseCode as preferre5_4_0_, course1_.description as descript2_1_1_, enrolments2_.semester as semester3_2_, enrolments2_."year" as year4_3_2_, enrolments2_.studentId as studentId4_0__, enrolments2_.studentId as studentId3_0__, enrolments2_.courseCode as courseCode3_0__ from Student student0_ left outer join Course course1_ on student0_.preferredCourseCode=course1_.courseCode left outer join Enrolment enrolments2_ on student0_.studentId=enrolments2_.studentId order by student0_.studentId; parameters: ; named parameters: {}; transformer: org.hibernate.transform.CacheableResultTransformer@2513f6c] -> [[5579090894839808, [Ljava.io.Serializable;@4a8010cd, [Ljava.io.Serializable;@1dcf28f1]]
14:18:57,999 DEBUG SQL:104 - 
    select
        student_.studentId,
        student_.name_first as name2_4_,
        student_.name_middle as name3_4_,
        student_.name_last as name4_4_,
        student_.preferredCourseCode as preferre5_4_ 
    from
        Student student_ 
    where
        student_.studentId=?
14:18:58,007 DEBUG SQL:104 - 
    select
        enrolment_.studentId,
        enrolment_.courseCode,
        enrolment_.semester as semester3_,
        enrolment_."year" as year4_3_ 
    from
        Enrolment enrolment_ 
    where
        enrolment_.studentId=? 
        and enrolment_.courseCode=?
14:18:58,008 DEBUG SQL:104 - 
    select
        course_.courseCode,
        course_.description as descript2_1_ 
    from
        Course course_ 
    where
        course_.courseCode=?
14:18:58,008 DEBUG SQL:104 - 
    select
        student_.studentId,
        student_.name_first as name2_4_,
        student_.name_middle as name3_4_,
        student_.name_last as name4_4_,
        student_.preferredCourseCode as preferre5_4_ 
    from
        Student student_ 
    where
        student_.studentId=?
14:18:58,017 DEBUG SQL:104 - 
    select
        enrolment_.studentId,
        enrolment_.courseCode,
        enrolment_.semester as semester3_,
        enrolment_."year" as year4_3_ 
    from
        Enrolment enrolment_ 
    where
        enrolment_.studentId=? 
        and enrolment_.courseCode=?
14:18:58,018 DEBUG SQL:104 - 
    select
        coursemeet_.courseCode,
        coursemeet_.day,
        coursemeet_.period,
        coursemeet_.location 
    from
        CourseMeeting coursemeet_ 
    where
        coursemeet_.courseCode=? 
        and coursemeet_.day=? 
        and coursemeet_.period=? 
        and coursemeet_.location=?
14:18:58,018 DEBUG SQL:104 - 
    select
        coursemeet_.courseCode,
        coursemeet_.day,
        coursemeet_.period,
        coursemeet_.location 
    from
        CourseMeeting coursemeet_ 
    where
        coursemeet_.courseCode=? 
        and coursemeet_.day=? 
        and coursemeet_.period=? 
        and coursemeet_.location=?
14:18:58,028 DEBUG BaseGeneralDataRegion:59 - Caching[foo.org.hibernate.cache.spi.UpdateTimestampsCache] : [Enrolment] -> [5579091140722688]
14:18:58,029 DEBUG SQL:104 - 
    update
        Address 
    set
        studentNumber=null,
        addressType=null 
    where
        studentNumber=?
14:18:58,029 DEBUG BaseGeneralDataRegion:59 - Caching[foo.org.hibernate.cache.spi.UpdateTimestampsCache] : [Address] -> [5579091140726784]
14:18:58,029 DEBUG SQL:104 - 
    delete 
    from
        Student_secretCodes 
    where
        studentNumber=?
14:18:58,029 DEBUG BaseGeneralDataRegion:59 - Caching[foo.org.hibernate.cache.spi.UpdateTimestampsCache] : [Student_secretCodes] -> [5579091140726785]
14:18:58,029 DEBUG BaseGeneralDataRegion:59 - Caching[foo.org.hibernate.cache.spi.UpdateTimestampsCache] : [Enrolment] -> [5579091140726786]
14:18:58,029 DEBUG BaseGeneralDataRegion:59 - Caching[foo.org.hibernate.cache.spi.UpdateTimestampsCache] : [Address] -> [5579091140726787]
14:18:58,029 DEBUG SQL:104 - 
    delete 
    from
        Student_secretCodes 
    where
        studentNumber=?
14:18:58,040 DEBUG BaseGeneralDataRegion:59 - Caching[foo.org.hibernate.cache.spi.UpdateTimestampsCache] : [Student_secretCodes] -> [5579091140771840]
14:18:58,040 DEBUG BaseGeneralDataRegion:59 - Caching[foo.org.hibernate.cache.spi.UpdateTimestampsCache] : [CourseMeeting] -> [5579091140771841]
14:18:58,040 DEBUG SQL:104 - 
    delete 
    from
        Enrolment 
    where
        studentId=? 
        and courseCode=?
14:18:58,040 DEBUG BaseGeneralDataRegion:59 - Caching[foo.org.hibernate.cache.spi.UpdateTimestampsCache] : [Enrolment] -> [5579091140771842]
14:18:58,040 DEBUG SQL:104 - 
    delete 
    from
        Address 
    where
        id=?
14:18:58,040 DEBUG BaseGeneralDataRegion:59 - Caching[foo.org.hibernate.cache.spi.UpdateTimestampsCache] : [Address] -> [5579091140771843]
14:18:58,041 DEBUG SQL:104 - 
    delete 
    from
        Address 
    where
        id=?
14:18:58,041 DEBUG BaseGeneralDataRegion:59 - Caching[foo.org.hibernate.cache.spi.UpdateTimestampsCache] : [Address] -> [5579091140775936]
14:18:58,041 DEBUG SQL:104 - 
    delete 
    from
        Student 
    where
        studentId=?
14:18:58,041 DEBUG BaseGeneralDataRegion:59 - Caching[foo.org.hibernate.cache.spi.UpdateTimestampsCache] : [Student] -> [5579091140775937]
14:18:58,041 DEBUG SQL:104 - 
    delete 
    from
        Enrolment 
    where
        studentId=? 
        and courseCode=?
14:18:58,041 DEBUG BaseGeneralDataRegion:59 - Caching[foo.org.hibernate.cache.spi.UpdateTimestampsCache] : [Enrolment] -> [5579091140775938]
14:18:58,042 DEBUG SQL:104 - 
    delete 
    from
        Student 
    where
        studentId=?
14:18:58,042 DEBUG BaseGeneralDataRegion:59 - Caching[foo.org.hibernate.cache.spi.UpdateTimestampsCache] : [Student] -> [5579091140780032]
14:18:58,042 DEBUG SQL:104 - 
    delete 
    from
        CourseMeeting 
    where
        courseCode=? 
        and day=? 
        and period=? 
        and location=?
14:18:58,042 DEBUG BaseGeneralDataRegion:59 - Caching[foo.org.hibernate.cache.spi.UpdateTimestampsCache] : [CourseMeeting] -> [5579091140780033]
14:18:58,052 DEBUG SQL:104 - 
    delete 
    from
        CourseMeeting 
    where
        courseCode=? 
        and day=? 
        and period=? 
        and location=?
14:18:58,053 DEBUG BaseGeneralDataRegion:59 - Caching[foo.org.hibernate.cache.spi.UpdateTimestampsCache] : [CourseMeeting] -> [5579091140825088]
14:18:58,053 DEBUG SQL:104 - 
    delete 
    from
        Course 
    where
        courseCode=?
14:18:58,053 DEBUG BaseGeneralDataRegion:59 - Caching[foo.org.hibernate.cache.spi.UpdateTimestampsCache] : [Course] -> [5579091140825089]
14:18:58,053 DEBUG BaseGeneralDataRegion:59 - Caching[foo.org.hibernate.cache.spi.UpdateTimestampsCache] : [Student] -> [5579090895065090]
14:18:58,053 DEBUG BaseGeneralDataRegion:59 - Caching[foo.org.hibernate.cache.spi.UpdateTimestampsCache] : [Course] -> [5579090895065090]
14:18:58,053 DEBUG BaseGeneralDataRegion:59 - Caching[foo.org.hibernate.cache.spi.UpdateTimestampsCache] : [Enrolment] -> [5579090895065090]
14:18:58,053 DEBUG BaseGeneralDataRegion:59 - Caching[foo.org.hibernate.cache.spi.UpdateTimestampsCache] : [Student_secretCodes] -> [5579090895065090]
14:18:58,053 DEBUG BaseGeneralDataRegion:59 - Caching[foo.org.hibernate.cache.spi.UpdateTimestampsCache] : [Address] -> [5579090895065090]
14:18:58,054 DEBUG BaseGeneralDataRegion:59 - Caching[foo.org.hibernate.cache.spi.UpdateTimestampsCache] : [CourseMeeting] -> [5579090895065090]
14:18:58,054  INFO CustomRunner:139 - Test: testMultiSelectNewList
14:18:58,055 DEBUG SQL:104 - 
    select
        coursemeet_.courseCode,
        coursemeet_.day,
        coursemeet_.period,
        coursemeet_.location 
    from
        CourseMeeting coursemeet_ 
    where
        coursemeet_.courseCode=? 
        and coursemeet_.day=? 
        and coursemeet_.period=? 
        and coursemeet_.location=?
14:18:58,066 DEBUG SQL:104 - 
    select
        coursemeet_.courseCode,
        coursemeet_.day,
        coursemeet_.period,
        coursemeet_.location 
    from
        CourseMeeting coursemeet_ 
    where
        coursemeet_.courseCode=? 
        and coursemeet_.day=? 
        and coursemeet_.period=? 
        and coursemeet_.location=?
14:18:58,067 DEBUG SQL:104 - 
    insert 
    into
        Course
        (description, courseCode) 
    values
        (?, ?)
14:18:58,080 DEBUG BaseGeneralDataRegion:59 - Caching[foo.org.hibernate.cache.spi.UpdateTimestampsCache] : [Course] -> [5579091140935680]
14:18:58,080 DEBUG SQL:104 - 
    insert 
    into
        CourseMeeting
        (courseCode, day, period, location) 
    values
        (?, ?, ?, ?)
14:18:58,081 DEBUG BaseGeneralDataRegion:59 - Caching[foo.org.hibernate.cache.spi.UpdateTimestampsCache] : [CourseMeeting] -> [5579091140939776]
14:18:58,081 DEBUG SQL:104 - 
    insert 
    into
        CourseMeeting
        (courseCode, day, period, location) 
    values
        (?, ?, ?, ?)
14:18:58,087 DEBUG BaseGeneralDataRegion:59 - Caching[foo.org.hibernate.cache.spi.UpdateTimestampsCache] : [CourseMeeting] -> [5579091140964352]
14:18:58,088 DEBUG SQL:104 - 
    insert 
    into
        Student
        (name_first, name_middle, name_last, preferredCourseCode, studentId) 
    values
        (?, ?, ?, ?, ?)
14:18:58,088 DEBUG BaseGeneralDataRegion:59 - Caching[foo.org.hibernate.cache.spi.UpdateTimestampsCache] : [Student] -> [5579091140968448]
14:18:58,088 DEBUG SQL:104 - 
    insert 
    into
        Address
        (addressType, street, city, stateProvince, postalCode, country, studentNumber, id) 
    values
        (?, ?, ?, ?, ?, ?, ?, ?)
14:18:58,088 DEBUG BaseGeneralDataRegion:59 - Caching[foo.org.hibernate.cache.spi.UpdateTimestampsCache] : [Address] -> [5579091140968449]
14:18:58,088 DEBUG SQL:104 - 
    insert 
    into
        Address
        (addressType, street, city, stateProvince, postalCode, country, studentNumber, id) 
    values
        (?, ?, ?, ?, ?, ?, ?, ?)
14:18:58,097 DEBUG BaseGeneralDataRegion:59 - Caching[foo.org.hibernate.cache.spi.UpdateTimestampsCache] : [Address] -> [5579091141005312]
14:18:58,097 DEBUG SQL:104 - 
    insert 
    into
        Student
        (name_first, name_middle, name_last, preferredCourseCode, studentId) 
    values
        (?, ?, ?, ?, ?)
14:18:58,098 DEBUG BaseGeneralDataRegion:59 - Caching[foo.org.hibernate.cache.spi.UpdateTimestampsCache] : [Student] -> [5579091141009408]
14:18:58,098 DEBUG SQL:104 - 
    insert 
    into
        Enrolment
        (semester, "year", studentId, courseCode) 
    values
        (?, ?, ?, ?)
14:18:58,098 DEBUG BaseGeneralDataRegion:59 - Caching[foo.org.hibernate.cache.spi.UpdateTimestampsCache] : [Enrolment] -> [5579091141009409]
14:18:58,098 DEBUG SQL:104 - 
    insert 
    into
        Enrolment
        (semester, "year", studentId, courseCode) 
    values
        (?, ?, ?, ?)
14:18:58,098 DEBUG BaseGeneralDataRegion:59 - Caching[foo.org.hibernate.cache.spi.UpdateTimestampsCache] : [Enrolment] -> [5579091141009410]
14:18:58,098 DEBUG BaseGeneralDataRegion:59 - Caching[foo.org.hibernate.cache.spi.UpdateTimestampsCache] : [CourseMeeting] -> [5579091141009411]
14:18:58,099 DEBUG BaseGeneralDataRegion:59 - Caching[foo.org.hibernate.cache.spi.UpdateTimestampsCache] : [Enrolment] -> [5579091141013504]
14:18:58,099 DEBUG SQL:104 - 
    update
        Address 
    set
        studentNumber=?,
        addressType=? 
    where
        id=?
14:18:58,106 DEBUG SQL:104 - 
    update
        Address 
    set
        studentNumber=?,
        addressType=? 
    where
        id=?
14:18:58,106 DEBUG BaseGeneralDataRegion:59 - Caching[foo.org.hibernate.cache.spi.UpdateTimestampsCache] : [Address] -> [5579091141042176]
14:18:58,106 DEBUG SQL:104 - 
    insert 
    into
        Student_secretCodes
        (studentNumber, i, secretCode) 
    values
        (?, ?, ?)
14:18:58,107 DEBUG BaseGeneralDataRegion:59 - Caching[foo.org.hibernate.cache.spi.UpdateTimestampsCache] : [Student_secretCodes] -> [5579091141046272]
14:18:58,107 DEBUG BaseGeneralDataRegion:59 - Caching[foo.org.hibernate.cache.spi.UpdateTimestampsCache] : [Enrolment] -> [5579091141046273]
14:18:58,107 DEBUG BaseGeneralDataRegion:59 - Caching[foo.org.hibernate.cache.spi.UpdateTimestampsCache] : [Address] -> [5579091141046274]
14:18:58,107 DEBUG SQL:104 - 
    insert 
    into
        Student_secretCodes
        (studentNumber, i, secretCode) 
    values
        (?, ?, ?)
14:18:58,115 DEBUG SQL:104 - 
    insert 
    into
        Student_secretCodes
        (studentNumber, i, secretCode) 
    values
        (?, ?, ?)
14:18:58,116 DEBUG BaseGeneralDataRegion:59 - Caching[foo.org.hibernate.cache.spi.UpdateTimestampsCache] : [Student_secretCodes] -> [5579091141083136]
14:18:58,116 DEBUG BaseGeneralDataRegion:59 - Caching[foo.org.hibernate.cache.spi.UpdateTimestampsCache] : [Student] -> [5579090895323137]
14:18:58,116 DEBUG BaseGeneralDataRegion:59 - Caching[foo.org.hibernate.cache.spi.UpdateTimestampsCache] : [Course] -> [5579090895323137]
14:18:58,116 DEBUG BaseGeneralDataRegion:59 - Caching[foo.org.hibernate.cache.spi.UpdateTimestampsCache] : [Enrolment] -> [5579090895323137]
14:18:58,116 DEBUG BaseGeneralDataRegion:59 - Caching[foo.org.hibernate.cache.spi.UpdateTimestampsCache] : [Student_secretCodes] -> [5579090895323137]
14:18:58,116 DEBUG BaseGeneralDataRegion:59 - Caching[foo.org.hibernate.cache.spi.UpdateTimestampsCache] : [Address] -> [5579090895323137]
14:18:58,116 DEBUG BaseGeneralDataRegion:59 - Caching[foo.org.hibernate.cache.spi.UpdateTimestampsCache] : [CourseMeeting] -> [5579090895323137]
14:18:58,117 DEBUG QueryTranslatorImpl:265 - parse() - HQL: select new Student(s.studentNumber, s.name) from org.hibernate.test.querycache.Student s order by s.studentNumber
14:18:58,118 DEBUG QueryTranslatorImpl:283 - --- HQL AST ---
 \-[QUERY] Node: 'query'
    +-[SELECT_FROM] Node: 'SELECT_FROM'
    |  +-[FROM] Node: 'from'
    |  |  \-[RANGE] Node: 'RANGE'
    |  |     +-[DOT] Node: '.'
    |  |     |  +-[DOT] Node: '.'
    |  |     |  |  +-[DOT] Node: '.'
    |  |     |  |  |  +-[DOT] Node: '.'
    |  |     |  |  |  |  +-[IDENT] Node: 'org'
    |  |     |  |  |  |  \-[IDENT] Node: 'hibernate'
    |  |     |  |  |  \-[IDENT] Node: 'test'
    |  |     |  |  \-[IDENT] Node: 'querycache'
    |  |     |  \-[IDENT] Node: 'Student'
    |  |     \-[ALIAS] Node: 's'
    |  \-[SELECT] Node: 'select'
    |     \-[CONSTRUCTOR] Node: '('
    |        +-[IDENT] Node: 'Student'
    |        +-[DOT] Node: '.'
    |        |  +-[IDENT] Node: 's'
    |        |  \-[IDENT] Node: 'studentNumber'
    |        \-[DOT] Node: '.'
    |           +-[IDENT] Node: 's'
    |           \-[IDENT] Node: 'name'
    \-[ORDER] Node: 'order'
       \-[DOT] Node: '.'
          +-[IDENT] Node: 's'
          \-[IDENT] Node: 'studentNumber'

14:18:58,127 DEBUG ErrorCounter:82 - throwQueryException() : no errors
14:18:58,127 DEBUG FromElement:157 - FromClause{level=1} : org.hibernate.test.querycache.Student (s) -> student0_
14:18:58,127 DEBUG FromReferenceNode:74 - Resolved : s -> student0_.studentId
14:18:58,128 DEBUG DotNode:599 - getDataType() : studentNumber -> org.hibernate.type.LongType@4bf3f9d
14:18:58,128 DEBUG FromReferenceNode:74 - Resolved : s.studentNumber -> student0_.studentId
14:18:58,128 DEBUG FromReferenceNode:74 - Resolved : s -> student0_.studentId
14:18:58,129 DEBUG DotNode:599 - getDataType() : name -> org.hibernate.type.ComponentType@3547c719
14:18:58,129 DEBUG DotNode:588 - Terminal propertyPath = [name]
14:18:58,129 DEBUG FromReferenceNode:74 - Resolved : s.name -> student0_.name_first, student0_.name_middle, student0_.name_last
14:18:58,130 DEBUG FromReferenceNode:74 - Resolved : s -> student0_.studentId
14:18:58,130 DEBUG DotNode:599 - getDataType() : studentNumber -> org.hibernate.type.LongType@4bf3f9d
14:18:58,130 DEBUG FromReferenceNode:74 - Resolved : s.studentNumber -> student0_.studentId
14:18:58,130 DEBUG HqlSqlWalker:629 - processQuery() :  ( SELECT ( {select clause} ( ( Student ( student0_.studentId student0_.studentId studentNumber ) ( student0_.name_first, student0_.name_middle, student0_.name_last student0_.studentId name ) ) ) ( FromClause{level=1} Student student0_ ) ( order ( student0_.studentId student0_.studentId studentNumber ) ) )
14:18:58,131 DEBUG JoinProcessor:175 - Using FROM fragment [Student student0_]
14:18:58,131 DEBUG QueryTranslatorImpl:252 - --- SQL AST ---
 \-[SELECT] QueryNode: 'SELECT'  querySpaces (Student)
    +-[SELECT_CLAUSE] SelectClause: '{select clause}'
    |  \-[CONSTRUCTOR] ConstructorNode: '('
    |     +-[IDENT] IdentNode: 'Student' {originalText=Student}
    |     +-[DOT] DotNode: 'student0_.studentId' {propertyName=studentNumber,dereferenceType=ALL,propertyPath=studentNumber,path=s.studentNumber,tableAlias=student0_,className=org.hibernate.test.querycache.Student,classAlias=s}
    |     |  +-[ALIAS_REF] IdentNode: 'student0_.studentId' {alias=s, className=org.hibernate.test.querycache.Student, tableAlias=student0_}
    |     |  \-[IDENT] IdentNode: 'studentNumber' {originalText=studentNumber}
    |     +-[SELECT_COLUMNS] SqlNode: ' as col_0_0_'
    |     +-[DOT] DotNode: 'student0_.name_first' {propertyName=name,dereferenceType=2,propertyPath=name,path=s.name,tableAlias=student0_,className=org.hibernate.test.querycache.Student,classAlias=s}
    |     |  +-[ALIAS_REF] IdentNode: 'student0_.studentId' {alias=s, className=org.hibernate.test.querycache.Student, tableAlias=student0_}
    |     |  \-[IDENT] IdentNode: 'name' {originalText=name}
    |     +-[SELECT_COLUMNS] SqlNode: ' as col_1_0_'
    |     +-[SQL_TOKEN] SqlFragment: 'student0_.name_middle'
    |     +-[SELECT_COLUMNS] SqlNode: ' as col_1_1_'
    |     +-[SQL_TOKEN] SqlFragment: 'student0_.name_last'
    |     \-[SELECT_COLUMNS] SqlNode: ' as col_1_2_'
    +-[FROM] FromClause: 'from' FromClause{level=1, fromElementCounter=1, fromElements=1, fromElementByClassAlias=[s], fromElementByTableAlias=[student0_], fromElementsByPath=[], collectionJoinFromElementsByPath=[], impliedElements=[]}
    |  \-[FROM_FRAGMENT] FromElement: 'Student student0_' FromElement{explicit,not a collection join,not a fetch join,fetch non-lazy properties,classAlias=s,role=null,tableName=Student,tableAlias=student0_,origin=null,columns={,className=org.hibernate.test.querycache.Student}}
    \-[ORDER] OrderByClause: 'order'
       \-[DOT] DotNode: 'student0_.studentId' {propertyName=studentNumber,dereferenceType=ALL,propertyPath=studentNumber,path=s.studentNumber,tableAlias=student0_,className=org.hibernate.test.querycache.Student,classAlias=s}
          +-[ALIAS_REF] IdentNode: 'student0_.studentId' {alias=s, className=org.hibernate.test.querycache.Student, tableAlias=student0_}
          \-[IDENT] IdentNode: 'studentNumber' {originalText=studentNumber}

14:18:58,135 DEBUG ErrorCounter:82 - throwQueryException() : no errors
14:18:58,136 DEBUG QueryTranslatorImpl:235 - HQL: select new Student(s.studentNumber, s.name) from org.hibernate.test.querycache.Student s order by s.studentNumber
14:18:58,136 DEBUG QueryTranslatorImpl:236 - SQL: select student0_.studentId as col_0_0_, student0_.name_first as col_1_0_, student0_.name_middle as col_1_1_, student0_.name_last as col_1_2_ from Student student0_ order by student0_.studentId
14:18:58,136 DEBUG ErrorCounter:82 - throwQueryException() : no errors
14:18:58,136 DEBUG SQL:104 - 
    select
        student0_.studentId as col_0_0_,
        student0_.name_first as col_1_0_,
        student0_.name_middle as col_1_1_,
        student0_.name_last as col_1_2_ 
    from
        Student student0_ 
    order by
        student0_.studentId
14:18:58,147 DEBUG BaseGeneralDataRegion:59 - Caching[foo.org.hibernate.cache.internal.StandardQueryCache] : [sql: select student0_.studentId as col_0_0_, student0_.name_first as col_1_0_, student0_.name_middle as col_1_1_, student0_.name_last as col_1_2_ from Student student0_ order by student0_.studentId; parameters: ; named parameters: {}; transformer: org.hibernate.transform.CacheableResultTransformer@1406bf] -> [[5579090895450112, [Ljava.io.Serializable;@66766d6f, [Ljava.io.Serializable;@690ac6f6]]
14:18:58,148 DEBUG SQL:104 - 
    select
        student0_.studentId as col_0_0_,
        student0_.name_first as col_1_0_,
        student0_.name_middle as col_1_1_,
        student0_.name_last as col_1_2_ 
    from
        Student student0_ 
    order by
        student0_.studentId
14:18:58,148 DEBUG BaseGeneralDataRegion:59 - Caching[foo.org.hibernate.cache.internal.StandardQueryCache] : [sql: select student0_.studentId as col_0_0_, student0_.name_first as col_1_0_, student0_.name_middle as col_1_1_, student0_.name_last as col_1_2_ from Student student0_ order by student0_.studentId; parameters: ; named parameters: {}; transformer: org.hibernate.transform.CacheableResultTransformer@1406bf] -> [[5579090895454208, [Ljava.io.Serializable;@1108bf00, [Ljava.io.Serializable;@5533a1bc]]
14:18:58,148 DEBUG SQL:104 - 
    select
        student_.studentId,
        student_.name_first as name2_4_,
        student_.name_middle as name3_4_,
        student_.name_last as name4_4_,
        student_.preferredCourseCode as preferre5_4_ 
    from
        Student student_ 
    where
        student_.studentId=?
14:18:58,156 DEBUG SQL:104 - 
    select
        enrolment_.studentId,
        enrolment_.courseCode,
        enrolment_.semester as semester3_,
        enrolment_."year" as year4_3_ 
    from
        Enrolment enrolment_ 
    where
        enrolment_.studentId=? 
        and enrolment_.courseCode=?
14:18:58,158 DEBUG SQL:104 - 
    select
        course_.courseCode,
        course_.description as descript2_1_ 
    from
        Course course_ 
    where
        course_.courseCode=?
14:18:58,158 DEBUG SQL:104 - 
    select
        student_.studentId,
        student_.name_first as name2_4_,
        student_.name_middle as name3_4_,
        student_.name_last as name4_4_,
        student_.preferredCourseCode as preferre5_4_ 
    from
        Student student_ 
    where
        student_.studentId=?
14:18:58,167 DEBUG SQL:104 - 
    select
        enrolment_.studentId,
        enrolment_.courseCode,
        enrolment_.semester as semester3_,
        enrolment_."year" as year4_3_ 
    from
        Enrolment enrolment_ 
    where
        enrolment_.studentId=? 
        and enrolment_.courseCode=?
14:18:58,167 DEBUG SQL:104 - 
    select
        coursemeet_.courseCode,
        coursemeet_.day,
        coursemeet_.period,
        coursemeet_.location 
    from
        CourseMeeting coursemeet_ 
    where
        coursemeet_.courseCode=? 
        and coursemeet_.day=? 
        and coursemeet_.period=? 
        and coursemeet_.location=?
14:18:58,169 DEBUG SQL:104 - 
    select
        coursemeet_.courseCode,
        coursemeet_.day,
        coursemeet_.period,
        coursemeet_.location 
    from
        CourseMeeting coursemeet_ 
    where
        coursemeet_.courseCode=? 
        and coursemeet_.day=? 
        and coursemeet_.period=? 
        and coursemeet_.location=?
14:18:58,170 DEBUG BaseGeneralDataRegion:59 - Caching[foo.org.hibernate.cache.spi.UpdateTimestampsCache] : [Enrolment] -> [5579091141304320]
14:18:58,170 DEBUG SQL:104 - 
    update
        Address 
    set
        studentNumber=null,
        addressType=null 
    where
        studentNumber=?
14:18:58,170 DEBUG BaseGeneralDataRegion:59 - Caching[foo.org.hibernate.cache.spi.UpdateTimestampsCache] : [Address] -> [5579091141304321]
14:18:58,170 DEBUG SQL:104 - 
    delete 
    from
        Student_secretCodes 
    where
        studentNumber=?
14:18:58,170 DEBUG BaseGeneralDataRegion:59 - Caching[foo.org.hibernate.cache.spi.UpdateTimestampsCache] : [Student_secretCodes] -> [5579091141304322]
14:18:58,170 DEBUG BaseGeneralDataRegion:59 - Caching[foo.org.hibernate.cache.spi.UpdateTimestampsCache] : [Enrolment] -> [5579091141304323]
14:18:58,171 DEBUG BaseGeneralDataRegion:59 - Caching[foo.org.hibernate.cache.spi.UpdateTimestampsCache] : [Address] -> [5579091141308416]
14:18:58,171 DEBUG SQL:104 - 
    delete 
    from
        Student_secretCodes 
    where
        studentNumber=?
14:18:58,181 DEBUG BaseGeneralDataRegion:59 - Caching[foo.org.hibernate.cache.spi.UpdateTimestampsCache] : [Student_secretCodes] -> [5579091141349376]
14:18:58,182 DEBUG BaseGeneralDataRegion:59 - Caching[foo.org.hibernate.cache.spi.UpdateTimestampsCache] : [CourseMeeting] -> [5579091141353472]
14:18:58,183 DEBUG SQL:104 - 
    delete 
    from
        Enrolment 
    where
        studentId=? 
        and courseCode=?
14:18:58,183 DEBUG BaseGeneralDataRegion:59 - Caching[foo.org.hibernate.cache.spi.UpdateTimestampsCache] : [Enrolment] -> [5579091141357568]
14:18:58,183 DEBUG SQL:104 - 
    delete 
    from
        Address 
    where
        id=?
14:18:58,183 DEBUG BaseGeneralDataRegion:59 - Caching[foo.org.hibernate.cache.spi.UpdateTimestampsCache] : [Address] -> [5579091141357569]
14:18:58,183 DEBUG SQL:104 - 
    delete 
    from
        Address 
    where
        id=?
14:18:58,183 DEBUG BaseGeneralDataRegion:59 - Caching[foo.org.hibernate.cache.spi.UpdateTimestampsCache] : [Address] -> [5579091141357570]
14:18:58,184 DEBUG SQL:104 - 
    delete 
    from
        Student 
    where
        studentId=?
14:18:58,195 DEBUG BaseGeneralDataRegion:59 - Caching[foo.org.hibernate.cache.spi.UpdateTimestampsCache] : [Student] -> [5579091141406720]
14:18:58,196 DEBUG SQL:104 - 
    delete 
    from
        Enrolment 
    where
        studentId=? 
        and courseCode=?
14:18:58,196 DEBUG BaseGeneralDataRegion:59 - Caching[foo.org.hibernate.cache.spi.UpdateTimestampsCache] : [Enrolment] -> [5579091141410816]
14:18:58,196 DEBUG SQL:104 - 
    delete 
    from
        Student 
    where
        studentId=?
14:18:58,196 DEBUG BaseGeneralDataRegion:59 - Caching[foo.org.hibernate.cache.spi.UpdateTimestampsCache] : [Student] -> [5579091141410817]
14:18:58,196 DEBUG SQL:104 - 
    delete 
    from
        CourseMeeting 
    where
        courseCode=? 
        and day=? 
        and period=? 
        and location=?
14:18:58,197 DEBUG BaseGeneralDataRegion:59 - Caching[foo.org.hibernate.cache.spi.UpdateTimestampsCache] : [CourseMeeting] -> [5579091141414912]
14:18:58,197 DEBUG SQL:104 - 
    delete 
    from
        CourseMeeting 
    where
        courseCode=? 
        and day=? 
        and period=? 
        and location=?
14:18:58,206 DEBUG BaseGeneralDataRegion:59 - Caching[foo.org.hibernate.cache.spi.UpdateTimestampsCache] : [CourseMeeting] -> [5579091141451776]
14:18:58,206 DEBUG SQL:104 - 
    delete 
    from
        Course 
    where
        courseCode=?
14:18:58,217 DEBUG BaseGeneralDataRegion:59 - Caching[foo.org.hibernate.cache.spi.UpdateTimestampsCache] : [Course] -> [5579091141496832]
14:18:58,217 DEBUG BaseGeneralDataRegion:59 - Caching[foo.org.hibernate.cache.spi.UpdateTimestampsCache] : [Student] -> [5579090895736833]
14:18:58,218 DEBUG BaseGeneralDataRegion:59 - Caching[foo.org.hibernate.cache.spi.UpdateTimestampsCache] : [Course] -> [5579090895736833]
14:18:58,218 DEBUG BaseGeneralDataRegion:59 - Caching[foo.org.hibernate.cache.spi.UpdateTimestampsCache] : [Enrolment] -> [5579090895736833]
14:18:58,218 DEBUG BaseGeneralDataRegion:59 - Caching[foo.org.hibernate.cache.spi.UpdateTimestampsCache] : [Student_secretCodes] -> [5579090895736833]
14:18:58,218 DEBUG BaseGeneralDataRegion:59 - Caching[foo.org.hibernate.cache.spi.UpdateTimestampsCache] : [Address] -> [5579090895736833]
14:18:58,218 DEBUG BaseGeneralDataRegion:59 - Caching[foo.org.hibernate.cache.spi.UpdateTimestampsCache] : [CourseMeeting] -> [5579090895736833]
14:18:58,218  INFO CustomRunner:139 - Test: testMultiSelectNewListList
14:18:58,219 DEBUG SQL:104 - 
    select
        coursemeet_.courseCode,
        coursemeet_.day,
        coursemeet_.period,
        coursemeet_.location 
    from
        CourseMeeting coursemeet_ 
    where
        coursemeet_.courseCode=? 
        and coursemeet_.day=? 
        and coursemeet_.period=? 
        and coursemeet_.location=?
14:18:58,220 DEBUG SQL:104 - 
    select
        coursemeet_.courseCode,
        coursemeet_.day,
        coursemeet_.period,
        coursemeet_.location 
    from
        CourseMeeting coursemeet_ 
    where
        coursemeet_.courseCode=? 
        and coursemeet_.day=? 
        and coursemeet_.period=? 
        and coursemeet_.location=?
14:18:58,228 DEBUG SQL:104 - 
    insert 
    into
        Course
        (description, courseCode) 
    values
        (?, ?)
14:18:58,228 DEBUG BaseGeneralDataRegion:59 - Caching[foo.org.hibernate.cache.spi.UpdateTimestampsCache] : [Course] -> [5579091141541888]
14:18:58,229 DEBUG SQL:104 - 
    insert 
    into
        CourseMeeting
        (courseCode, day, period, location) 
    values
        (?, ?, ?, ?)
14:18:58,229 DEBUG BaseGeneralDataRegion:59 - Caching[foo.org.hibernate.cache.spi.UpdateTimestampsCache] : [CourseMeeting] -> [5579091141545984]
14:18:58,229 DEBUG SQL:104 - 
    insert 
    into
        CourseMeeting
        (courseCode, day, period, location) 
    values
        (?, ?, ?, ?)
14:18:58,238 DEBUG BaseGeneralDataRegion:59 - Caching[foo.org.hibernate.cache.spi.UpdateTimestampsCache] : [CourseMeeting] -> [5579091141582848]
14:18:58,238 DEBUG SQL:104 - 
    insert 
    into
        Student
        (name_first, name_middle, name_last, preferredCourseCode, studentId) 
    values
        (?, ?, ?, ?, ?)
14:18:58,239 DEBUG BaseGeneralDataRegion:59 - Caching[foo.org.hibernate.cache.spi.UpdateTimestampsCache] : [Student] -> [5579091141586944]
14:18:58,239 DEBUG SQL:104 - 
    insert 
    into
        Address
        (addressType, street, city, stateProvince, postalCode, country, studentNumber, id) 
    values
        (?, ?, ?, ?, ?, ?, ?, ?)
14:18:58,239 DEBUG BaseGeneralDataRegion:59 - Caching[foo.org.hibernate.cache.spi.UpdateTimestampsCache] : [Address] -> [5579091141586945]
14:18:58,240 DEBUG SQL:104 - 
    insert 
    into
        Address
        (addressType, street, city, stateProvince, postalCode, country, studentNumber, id) 
    values
        (?, ?, ?, ?, ?, ?, ?, ?)
14:18:58,240 DEBUG BaseGeneralDataRegion:59 - Caching[foo.org.hibernate.cache.spi.UpdateTimestampsCache] : [Address] -> [5579091141591040]
14:18:58,240 DEBUG SQL:104 - 
    insert 
    into
        Student
        (name_first, name_middle, name_last, preferredCourseCode, studentId) 
    values
        (?, ?, ?, ?, ?)
14:18:58,248 DEBUG BaseGeneralDataRegion:59 - Caching[foo.org.hibernate.cache.spi.UpdateTimestampsCache] : [Student] -> [5579091141623808]
14:18:58,248 DEBUG SQL:104 - 
    insert 
    into
        Enrolment
        (semester, "year", studentId, courseCode) 
    values
        (?, ?, ?, ?)
14:18:58,248 DEBUG BaseGeneralDataRegion:59 - Caching[foo.org.hibernate.cache.spi.UpdateTimestampsCache] : [Enrolment] -> [5579091141623809]
14:18:58,248 DEBUG SQL:104 - 
    insert 
    into
        Enrolment
        (semester, "year", studentId, courseCode) 
    values
        (?, ?, ?, ?)
14:18:58,249 DEBUG BaseGeneralDataRegion:59 - Caching[foo.org.hibernate.cache.spi.UpdateTimestampsCache] : [Enrolment] -> [5579091141627904]
14:18:58,249 DEBUG BaseGeneralDataRegion:59 - Caching[foo.org.hibernate.cache.spi.UpdateTimestampsCache] : [CourseMeeting] -> [5579091141627905]
14:18:58,249 DEBUG BaseGeneralDataRegion:59 - Caching[foo.org.hibernate.cache.spi.UpdateTimestampsCache] : [Enrolment] -> [5579091141627906]
14:18:58,249 DEBUG SQL:104 - 
    update
        Address 
    set
        studentNumber=?,
        addressType=? 
    where
        id=?
14:18:58,259 DEBUG SQL:104 - 
    update
        Address 
    set
        studentNumber=?,
        addressType=? 
    where
        id=?
14:18:58,259 DEBUG BaseGeneralDataRegion:59 - Caching[foo.org.hibernate.cache.spi.UpdateTimestampsCache] : [Address] -> [5579091141668864]
14:18:58,260 DEBUG SQL:104 - 
    insert 
    into
        Student_secretCodes
        (studentNumber, i, secretCode) 
    values
        (?, ?, ?)
14:18:58,260 DEBUG BaseGeneralDataRegion:59 - Caching[foo.org.hibernate.cache.spi.UpdateTimestampsCache] : [Student_secretCodes] -> [5579091141672960]
14:18:58,260 DEBUG BaseGeneralDataRegion:59 - Caching[foo.org.hibernate.cache.spi.UpdateTimestampsCache] : [Enrolment] -> [5579091141672961]
14:18:58,260 DEBUG BaseGeneralDataRegion:59 - Caching[foo.org.hibernate.cache.spi.UpdateTimestampsCache] : [Address] -> [5579091141672962]
14:18:58,260 DEBUG SQL:104 - 
    insert 
    into
        Student_secretCodes
        (studentNumber, i, secretCode) 
    values
        (?, ?, ?)
14:18:58,268 DEBUG SQL:104 - 
    insert 
    into
        Student_secretCodes
        (studentNumber, i, secretCode) 
    values
        (?, ?, ?)
14:18:58,269 DEBUG BaseGeneralDataRegion:59 - Caching[foo.org.hibernate.cache.spi.UpdateTimestampsCache] : [Student_secretCodes] -> [5579091141709824]
14:18:58,269 DEBUG BaseGeneralDataRegion:59 - Caching[foo.org.hibernate.cache.spi.UpdateTimestampsCache] : [Student] -> [5579090895949825]
14:18:58,269 DEBUG BaseGeneralDataRegion:59 - Caching[foo.org.hibernate.cache.spi.UpdateTimestampsCache] : [Course] -> [5579090895949825]
14:18:58,269 DEBUG BaseGeneralDataRegion:59 - Caching[foo.org.hibernate.cache.spi.UpdateTimestampsCache] : [Enrolment] -> [5579090895949825]
14:18:58,269 DEBUG BaseGeneralDataRegion:59 - Caching[foo.org.hibernate.cache.spi.UpdateTimestampsCache] : [Student_secretCodes] -> [5579090895949825]
14:18:58,269 DEBUG BaseGeneralDataRegion:59 - Caching[foo.org.hibernate.cache.spi.UpdateTimestampsCache] : [Address] -> [5579090895949825]
14:18:58,269 DEBUG BaseGeneralDataRegion:59 - Caching[foo.org.hibernate.cache.spi.UpdateTimestampsCache] : [CourseMeeting] -> [5579090895949825]
14:18:58,270 DEBUG QueryTranslatorImpl:265 - parse() - HQL: select new list(s.studentNumber, s.name) from org.hibernate.test.querycache.Student s order by s.studentNumber
14:18:58,271 DEBUG QueryTranslatorImpl:283 - --- HQL AST ---
 \-[QUERY] Node: 'query'
    +-[SELECT_FROM] Node: 'SELECT_FROM'
    |  +-[FROM] Node: 'from'
    |  |  \-[RANGE] Node: 'RANGE'
    |  |     +-[DOT] Node: '.'
    |  |     |  +-[DOT] Node: '.'
    |  |     |  |  +-[DOT] Node: '.'
    |  |     |  |  |  +-[DOT] Node: '.'
    |  |     |  |  |  |  +-[IDENT] Node: 'org'
    |  |     |  |  |  |  \-[IDENT] Node: 'hibernate'
    |  |     |  |  |  \-[IDENT] Node: 'test'
    |  |     |  |  \-[IDENT] Node: 'querycache'
    |  |     |  \-[IDENT] Node: 'Student'
    |  |     \-[ALIAS] Node: 's'
    |  \-[SELECT] Node: 'select'
    |     \-[CONSTRUCTOR] Node: '('
    |        +-[IDENT] Node: 'list'
    |        +-[DOT] Node: '.'
    |        |  +-[IDENT] Node: 's'
    |        |  \-[IDENT] Node: 'studentNumber'
    |        \-[DOT] Node: '.'
    |           +-[IDENT] Node: 's'
    |           \-[IDENT] Node: 'name'
    \-[ORDER] Node: 'order'
       \-[DOT] Node: '.'
          +-[IDENT] Node: 's'
          \-[IDENT] Node: 'studentNumber'

14:18:58,279 DEBUG ErrorCounter:82 - throwQueryException() : no errors
14:18:58,279 DEBUG FromElement:157 - FromClause{level=1} : org.hibernate.test.querycache.Student (s) -> student0_
14:18:58,279 DEBUG FromReferenceNode:74 - Resolved : s -> student0_.studentId
14:18:58,279 DEBUG DotNode:599 - getDataType() : studentNumber -> org.hibernate.type.LongType@4bf3f9d
14:18:58,279 DEBUG FromReferenceNode:74 - Resolved : s.studentNumber -> student0_.studentId
14:18:58,280 DEBUG FromReferenceNode:74 - Resolved : s -> student0_.studentId
14:18:58,280 DEBUG DotNode:599 - getDataType() : name -> org.hibernate.type.ComponentType@3547c719
14:18:58,280 DEBUG DotNode:588 - Terminal propertyPath = [name]
14:18:58,280 DEBUG FromReferenceNode:74 - Resolved : s.name -> student0_.name_first, student0_.name_middle, student0_.name_last
14:18:58,280 DEBUG FromReferenceNode:74 - Resolved : s -> student0_.studentId
14:18:58,280 DEBUG DotNode:599 - getDataType() : studentNumber -> org.hibernate.type.LongType@4bf3f9d
14:18:58,280 DEBUG FromReferenceNode:74 - Resolved : s.studentNumber -> student0_.studentId
14:18:58,280 DEBUG HqlSqlWalker:629 - processQuery() :  ( SELECT ( {select clause} ( ( list ( student0_.studentId student0_.studentId studentNumber ) ( student0_.name_first, student0_.name_middle, student0_.name_last student0_.studentId name ) ) ) ( FromClause{level=1} Student student0_ ) ( order ( student0_.studentId student0_.studentId studentNumber ) ) )
14:18:58,281 DEBUG JoinProcessor:175 - Using FROM fragment [Student student0_]
14:18:58,281 DEBUG QueryTranslatorImpl:252 - --- SQL AST ---
 \-[SELECT] QueryNode: 'SELECT'  querySpaces (Student)
    +-[SELECT_CLAUSE] SelectClause: '{select clause}'
    |  \-[CONSTRUCTOR] ConstructorNode: '('
    |     +-[IDENT] IdentNode: 'list' {originalText=list}
    |     +-[DOT] DotNode: 'student0_.studentId' {propertyName=studentNumber,dereferenceType=ALL,propertyPath=studentNumber,path=s.studentNumber,tableAlias=student0_,className=org.hibernate.test.querycache.Student,classAlias=s}
    |     |  +-[ALIAS_REF] IdentNode: 'student0_.studentId' {alias=s, className=org.hibernate.test.querycache.Student, tableAlias=student0_}
    |     |  \-[IDENT] IdentNode: 'studentNumber' {originalText=studentNumber}
    |     +-[SELECT_COLUMNS] SqlNode: ' as col_0_0_'
    |     +-[DOT] DotNode: 'student0_.name_first' {propertyName=name,dereferenceType=2,propertyPath=name,path=s.name,tableAlias=student0_,className=org.hibernate.test.querycache.Student,classAlias=s}
    |     |  +-[ALIAS_REF] IdentNode: 'student0_.studentId' {alias=s, className=org.hibernate.test.querycache.Student, tableAlias=student0_}
    |     |  \-[IDENT] IdentNode: 'name' {originalText=name}
    |     +-[SELECT_COLUMNS] SqlNode: ' as col_1_0_'
    |     +-[SQL_TOKEN] SqlFragment: 'student0_.name_middle'
    |     +-[SELECT_COLUMNS] SqlNode: ' as col_1_1_'
    |     +-[SQL_TOKEN] SqlFragment: 'student0_.name_last'
    |     \-[SELECT_COLUMNS] SqlNode: ' as col_1_2_'
    +-[FROM] FromClause: 'from' FromClause{level=1, fromElementCounter=1, fromElements=1, fromElementByClassAlias=[s], fromElementByTableAlias=[student0_], fromElementsByPath=[], collectionJoinFromElementsByPath=[], impliedElements=[]}
    |  \-[FROM_FRAGMENT] FromElement: 'Student student0_' FromElement{explicit,not a collection join,not a fetch join,fetch non-lazy properties,classAlias=s,role=null,tableName=Student,tableAlias=student0_,origin=null,columns={,className=org.hibernate.test.querycache.Student}}
    \-[ORDER] OrderByClause: 'order'
       \-[DOT] DotNode: 'student0_.studentId' {propertyName=studentNumber,dereferenceType=ALL,propertyPath=studentNumber,path=s.studentNumber,tableAlias=student0_,className=org.hibernate.test.querycache.Student,classAlias=s}
          +-[ALIAS_REF] IdentNode: 'student0_.studentId' {alias=s, className=org.hibernate.test.querycache.Student, tableAlias=student0_}
          \-[IDENT] IdentNode: 'studentNumber' {originalText=studentNumber}

14:18:58,290 DEBUG ErrorCounter:82 - throwQueryException() : no errors
14:18:58,291 DEBUG QueryTranslatorImpl:235 - HQL: select new list(s.studentNumber, s.name) from org.hibernate.test.querycache.Student s order by s.studentNumber
14:18:58,291 DEBUG QueryTranslatorImpl:236 - SQL: select student0_.studentId as col_0_0_, student0_.name_first as col_1_0_, student0_.name_middle as col_1_1_, student0_.name_last as col_1_2_ from Student student0_ order by student0_.studentId
14:18:58,291 DEBUG ErrorCounter:82 - throwQueryException() : no errors
14:18:58,291 DEBUG SQL:104 - 
    select
        student0_.studentId as col_0_0_,
        student0_.name_first as col_1_0_,
        student0_.name_middle as col_1_1_,
        student0_.name_last as col_1_2_ 
    from
        Student student0_ 
    order by
        student0_.studentId
14:18:58,292 DEBUG BaseGeneralDataRegion:59 - Caching[foo.org.hibernate.cache.internal.StandardQueryCache] : [sql: select student0_.studentId as col_0_0_, student0_.name_first as col_1_0_, student0_.name_middle as col_1_1_, student0_.name_last as col_1_2_ from Student student0_ order by student0_.studentId; parameters: ; named parameters: {}; transformer: org.hibernate.transform.CacheableResultTransformer@1406bf] -> [[5579090896044032, [Ljava.io.Serializable;@64546160, [Ljava.io.Serializable;@5fc51915]]
14:18:58,292 DEBUG SQL:104 - 
    select
        student0_.studentId as col_0_0_,
        student0_.name_first as col_1_0_,
        student0_.name_middle as col_1_1_,
        student0_.name_last as col_1_2_ 
    from
        Student student0_ 
    order by
        student0_.studentId
14:18:58,292 DEBUG BaseGeneralDataRegion:59 - Caching[foo.org.hibernate.cache.internal.StandardQueryCache] : [sql: select student0_.studentId as col_0_0_, student0_.name_first as col_1_0_, student0_.name_middle as col_1_1_, student0_.name_last as col_1_2_ from Student student0_ order by student0_.studentId; parameters: ; named parameters: {}; transformer: org.hibernate.transform.CacheableResultTransformer@1406bf] -> [[5579090896044035, [Ljava.io.Serializable;@314c9eba, [Ljava.io.Serializable;@1d48de9f]]
14:18:58,293 DEBUG SQL:104 - 
    select
        student_.studentId,
        student_.name_first as name2_4_,
        student_.name_middle as name3_4_,
        student_.name_last as name4_4_,
        student_.preferredCourseCode as preferre5_4_ 
    from
        Student student_ 
    where
        student_.studentId=?
14:18:58,303 DEBUG SQL:104 - 
    select
        enrolment_.studentId,
        enrolment_.courseCode,
        enrolment_.semester as semester3_,
        enrolment_."year" as year4_3_ 
    from
        Enrolment enrolment_ 
    where
        enrolment_.studentId=? 
        and enrolment_.courseCode=?
14:18:58,303 DEBUG SQL:104 - 
    select
        course_.courseCode,
        course_.description as descript2_1_ 
    from
        Course course_ 
    where
        course_.courseCode=?
14:18:58,303 DEBUG SQL:104 - 
    select
        student_.studentId,
        student_.name_first as name2_4_,
        student_.name_middle as name3_4_,
        student_.name_last as name4_4_,
        student_.preferredCourseCode as preferre5_4_ 
    from
        Student student_ 
    where
        student_.studentId=?
14:18:58,304 DEBUG SQL:104 - 
    select
        enrolment_.studentId,
        enrolment_.courseCode,
        enrolment_.semester as semester3_,
        enrolment_."year" as year4_3_ 
    from
        Enrolment enrolment_ 
    where
        enrolment_.studentId=? 
        and enrolment_.courseCode=?
14:18:58,316 DEBUG SQL:104 - 
    select
        coursemeet_.courseCode,
        coursemeet_.day,
        coursemeet_.period,
        coursemeet_.location 
    from
        CourseMeeting coursemeet_ 
    where
        coursemeet_.courseCode=? 
        and coursemeet_.day=? 
        and coursemeet_.period=? 
        and coursemeet_.location=?
14:18:58,316 DEBUG SQL:104 - 
    select
        coursemeet_.courseCode,
        coursemeet_.day,
        coursemeet_.period,
        coursemeet_.location 
    from
        CourseMeeting coursemeet_ 
    where
        coursemeet_.courseCode=? 
        and coursemeet_.day=? 
        and coursemeet_.period=? 
        and coursemeet_.location=?
14:18:58,326 DEBUG BaseGeneralDataRegion:59 - Caching[foo.org.hibernate.cache.spi.UpdateTimestampsCache] : [Enrolment] -> [5579091141943296]
14:18:58,326 DEBUG SQL:104 - 
    update
        Address 
    set
        studentNumber=null,
        addressType=null 
    where
        studentNumber=?
14:18:58,335 DEBUG BaseGeneralDataRegion:59 - Caching[foo.org.hibernate.cache.spi.UpdateTimestampsCache] : [Address] -> [5579091141980160]
14:18:58,336 DEBUG SQL:104 - 
    delete 
    from
        Student_secretCodes 
    where
        studentNumber=?
14:18:58,336 DEBUG BaseGeneralDataRegion:59 - Caching[foo.org.hibernate.cache.spi.UpdateTimestampsCache] : [Student_secretCodes] -> [5579091141984256]
14:18:58,336 DEBUG BaseGeneralDataRegion:59 - Caching[foo.org.hibernate.cache.spi.UpdateTimestampsCache] : [Enrolment] -> [5579091141984257]
14:18:58,336 DEBUG BaseGeneralDataRegion:59 - Caching[foo.org.hibernate.cache.spi.UpdateTimestampsCache] : [Address] -> [5579091141984258]
14:18:58,336 DEBUG SQL:104 - 
    delete 
    from
        Student_secretCodes 
    where
        studentNumber=?
14:18:58,336 DEBUG BaseGeneralDataRegion:59 - Caching[foo.org.hibernate.cache.spi.UpdateTimestampsCache] : [Student_secretCodes] -> [5579091141984259]
14:18:58,336 DEBUG BaseGeneralDataRegion:59 - Caching[foo.org.hibernate.cache.spi.UpdateTimestampsCache] : [CourseMeeting] -> [5579091141984260]
14:18:58,336 DEBUG SQL:104 - 
    delete 
    from
        Enrolment 
    where
        studentId=? 
        and courseCode=?
14:18:58,337 DEBUG BaseGeneralDataRegion:59 - Caching[foo.org.hibernate.cache.spi.UpdateTimestampsCache] : [Enrolment] -> [5579091141988352]
14:18:58,337 DEBUG SQL:104 - 
    delete 
    from
        Address 
    where
        id=?
14:18:58,345 DEBUG BaseGeneralDataRegion:59 - Caching[foo.org.hibernate.cache.spi.UpdateTimestampsCache] : [Address] -> [5579091142021120]
14:18:58,345 DEBUG SQL:104 - 
    delete 
    from
        Address 
    where
        id=?
14:18:58,346 DEBUG BaseGeneralDataRegion:59 - Caching[foo.org.hibernate.cache.spi.UpdateTimestampsCache] : [Address] -> [5579091142025216]
14:18:58,346 DEBUG SQL:104 - 
    delete 
    from
        Student 
    where
        studentId=?
14:18:58,346 DEBUG BaseGeneralDataRegion:59 - Caching[foo.org.hibernate.cache.spi.UpdateTimestampsCache] : [Student] -> [5579091142025217]
14:18:58,346 DEBUG SQL:104 - 
    delete 
    from
        Enrolment 
    where
        studentId=? 
        and courseCode=?
14:18:58,346 DEBUG BaseGeneralDataRegion:59 - Caching[foo.org.hibernate.cache.spi.UpdateTimestampsCache] : [Enrolment] -> [5579091142025218]
14:18:58,346 DEBUG SQL:104 - 
    delete 
    from
        Student 
    where
        studentId=?
14:18:58,356 DEBUG BaseGeneralDataRegion:59 - Caching[foo.org.hibernate.cache.spi.UpdateTimestampsCache] : [Student] -> [5579091142066176]
14:18:58,356 DEBUG SQL:104 - 
    delete 
    from
        CourseMeeting 
    where
        courseCode=? 
        and day=? 
        and period=? 
        and location=?
14:18:58,356 DEBUG BaseGeneralDataRegion:59 - Caching[foo.org.hibernate.cache.spi.UpdateTimestampsCache] : [CourseMeeting] -> [5579091142066177]
14:18:58,356 DEBUG SQL:104 - 
    delete 
    from
        CourseMeeting 
    where
        courseCode=? 
        and day=? 
        and period=? 
        and location=?
14:18:58,357 DEBUG BaseGeneralDataRegion:59 - Caching[foo.org.hibernate.cache.spi.UpdateTimestampsCache] : [CourseMeeting] -> [5579091142070272]
14:18:58,357 DEBUG SQL:104 - 
    delete 
    from
        Course 
    where
        courseCode=?
14:18:58,357 DEBUG BaseGeneralDataRegion:59 - Caching[foo.org.hibernate.cache.spi.UpdateTimestampsCache] : [Course] -> [5579091142070273]
14:18:58,357 DEBUG BaseGeneralDataRegion:59 - Caching[foo.org.hibernate.cache.spi.UpdateTimestampsCache] : [Student] -> [5579090896310274]
14:18:58,365 DEBUG BaseGeneralDataRegion:59 - Caching[foo.org.hibernate.cache.spi.UpdateTimestampsCache] : [Course] -> [5579090896310274]
14:18:58,365 DEBUG BaseGeneralDataRegion:59 - Caching[foo.org.hibernate.cache.spi.UpdateTimestampsCache] : [Enrolment] -> [5579090896310274]
14:18:58,365 DEBUG BaseGeneralDataRegion:59 - Caching[foo.org.hibernate.cache.spi.UpdateTimestampsCache] : [Student_secretCodes] -> [5579090896310274]
14:18:58,365 DEBUG BaseGeneralDataRegion:59 - Caching[foo.org.hibernate.cache.spi.UpdateTimestampsCache] : [Address] -> [5579090896310274]
14:18:58,365 DEBUG BaseGeneralDataRegion:59 - Caching[foo.org.hibernate.cache.spi.UpdateTimestampsCache] : [CourseMeeting] -> [5579090896310274]
14:18:58,366  INFO CustomRunner:139 - Test: testMultiSelectNewMapUsingAliasesList
14:18:58,367 DEBUG SQL:104 - 
    select
        coursemeet_.courseCode,
        coursemeet_.day,
        coursemeet_.period,
        coursemeet_.location 
    from
        CourseMeeting coursemeet_ 
    where
        coursemeet_.courseCode=? 
        and coursemeet_.day=? 
        and coursemeet_.period=? 
        and coursemeet_.location=?
14:18:58,367 DEBUG SQL:104 - 
    select
        coursemeet_.courseCode,
        coursemeet_.day,
        coursemeet_.period,
        coursemeet_.location 
    from
        CourseMeeting coursemeet_ 
    where
        coursemeet_.courseCode=? 
        and coursemeet_.day=? 
        and coursemeet_.period=? 
        and coursemeet_.location=?
14:18:58,377 DEBUG SQL:104 - 
    insert 
    into
        Course
        (description, courseCode) 
    values
        (?, ?)
14:18:58,377 DEBUG BaseGeneralDataRegion:59 - Caching[foo.org.hibernate.cache.spi.UpdateTimestampsCache] : [Course] -> [5579091142152192]
14:18:58,377 DEBUG SQL:104 - 
    insert 
    into
        CourseMeeting
        (courseCode, day, period, location) 
    values
        (?, ?, ?, ?)
14:18:58,378 DEBUG BaseGeneralDataRegion:59 - Caching[foo.org.hibernate.cache.spi.UpdateTimestampsCache] : [CourseMeeting] -> [5579091142156288]
14:18:58,378 DEBUG SQL:104 - 
    insert 
    into
        CourseMeeting
        (courseCode, day, period, location) 
    values
        (?, ?, ?, ?)
14:18:58,378 DEBUG BaseGeneralDataRegion:59 - Caching[foo.org.hibernate.cache.spi.UpdateTimestampsCache] : [CourseMeeting] -> [5579091142156289]
14:18:58,378 DEBUG SQL:104 - 
    insert 
    into
        Student
        (name_first, name_middle, name_last, preferredCourseCode, studentId) 
    values
        (?, ?, ?, ?, ?)
14:18:58,387 DEBUG BaseGeneralDataRegion:59 - Caching[foo.org.hibernate.cache.spi.UpdateTimestampsCache] : [Student] -> [5579091142193152]
14:18:58,387 DEBUG SQL:104 - 
    insert 
    into
        Address
        (addressType, street, city, stateProvince, postalCode, country, studentNumber, id) 
    values
        (?, ?, ?, ?, ?, ?, ?, ?)
14:18:58,387 DEBUG BaseGeneralDataRegion:59 - Caching[foo.org.hibernate.cache.spi.UpdateTimestampsCache] : [Address] -> [5579091142193153]
14:18:58,387 DEBUG SQL:104 - 
    insert 
    into
        Address
        (addressType, street, city, stateProvince, postalCode, country, studentNumber, id) 
    values
        (?, ?, ?, ?, ?, ?, ?, ?)
14:18:58,387 DEBUG BaseGeneralDataRegion:59 - Caching[foo.org.hibernate.cache.spi.UpdateTimestampsCache] : [Address] -> [5579091142193154]
14:18:58,388 DEBUG SQL:104 - 
    insert 
    into
        Student
        (name_first, name_middle, name_last, preferredCourseCode, studentId) 
    values
        (?, ?, ?, ?, ?)
14:18:58,397 DEBUG BaseGeneralDataRegion:59 - Caching[foo.org.hibernate.cache.spi.UpdateTimestampsCache] : [Student] -> [5579091142234112]
14:18:58,397 DEBUG SQL:104 - 
    insert 
    into
        Enrolment
        (semester, "year", studentId, courseCode) 
    values
        (?, ?, ?, ?)
14:18:58,397 DEBUG BaseGeneralDataRegion:59 - Caching[foo.org.hibernate.cache.spi.UpdateTimestampsCache] : [Enrolment] -> [5579091142234113]
14:18:58,397 DEBUG SQL:104 - 
    insert 
    into
        Enrolment
        (semester, "year", studentId, courseCode) 
    values
        (?, ?, ?, ?)
14:18:58,397 DEBUG BaseGeneralDataRegion:59 - Caching[foo.org.hibernate.cache.spi.UpdateTimestampsCache] : [Enrolment] -> [5579091142234114]
14:18:58,398 DEBUG BaseGeneralDataRegion:59 - Caching[foo.org.hibernate.cache.spi.UpdateTimestampsCache] : [CourseMeeting] -> [5579091142238208]
14:18:58,398 DEBUG BaseGeneralDataRegion:59 - Caching[foo.org.hibernate.cache.spi.UpdateTimestampsCache] : [Enrolment] -> [5579091142238209]
14:18:58,398 DEBUG SQL:104 - 
    update
        Address 
    set
        studentNumber=?,
        addressType=? 
    where
        id=?
14:18:58,398 DEBUG SQL:104 - 
    update
        Address 
    set
        studentNumber=?,
        addressType=? 
    where
        id=?
14:18:58,408 DEBUG BaseGeneralDataRegion:59 - Caching[foo.org.hibernate.cache.spi.UpdateTimestampsCache] : [Address] -> [5579091142279168]
14:18:58,408 DEBUG SQL:104 - 
    insert 
    into
        Student_secretCodes
        (studentNumber, i, secretCode) 
    values
        (?, ?, ?)
14:18:58,409 DEBUG BaseGeneralDataRegion:59 - Caching[foo.org.hibernate.cache.spi.UpdateTimestampsCache] : [Student_secretCodes] -> [5579091142283264]
14:18:58,409 DEBUG BaseGeneralDataRegion:59 - Caching[foo.org.hibernate.cache.spi.UpdateTimestampsCache] : [Enrolment] -> [5579091142283265]
14:18:58,409 DEBUG BaseGeneralDataRegion:59 - Caching[foo.org.hibernate.cache.spi.UpdateTimestampsCache] : [Address] -> [5579091142283266]
14:18:58,409 DEBUG SQL:104 - 
    insert 
    into
        Student_secretCodes
        (studentNumber, i, secretCode) 
    values
        (?, ?, ?)
14:18:58,409 DEBUG SQL:104 - 
    insert 
    into
        Student_secretCodes
        (studentNumber, i, secretCode) 
    values
        (?, ?, ?)
14:18:58,417 DEBUG BaseGeneralDataRegion:59 - Caching[foo.org.hibernate.cache.spi.UpdateTimestampsCache] : [Student_secretCodes] -> [5579091142316032]
14:18:58,418 DEBUG BaseGeneralDataRegion:59 - Caching[foo.org.hibernate.cache.spi.UpdateTimestampsCache] : [Student] -> [5579090896560128]
14:18:58,418 DEBUG BaseGeneralDataRegion:59 - Caching[foo.org.hibernate.cache.spi.UpdateTimestampsCache] : [Course] -> [5579090896560128]
14:18:58,418 DEBUG BaseGeneralDataRegion:59 - Caching[foo.org.hibernate.cache.spi.UpdateTimestampsCache] : [Enrolment] -> [5579090896560128]
14:18:58,418 DEBUG BaseGeneralDataRegion:59 - Caching[foo.org.hibernate.cache.spi.UpdateTimestampsCache] : [Student_secretCodes] -> [5579090896560128]
14:18:58,418 DEBUG BaseGeneralDataRegion:59 - Caching[foo.org.hibernate.cache.spi.UpdateTimestampsCache] : [Address] -> [5579090896560128]
14:18:58,418 DEBUG BaseGeneralDataRegion:59 - Caching[foo.org.hibernate.cache.spi.UpdateTimestampsCache] : [CourseMeeting] -> [5579090896560128]
14:18:58,419 DEBUG QueryTranslatorImpl:265 - parse() - HQL: select new map(s.studentNumber as sNumber, s.name as sName) from org.hibernate.test.querycache.Student s order by s.studentNumber
14:18:58,420 DEBUG QueryTranslatorImpl:283 - --- HQL AST ---
 \-[QUERY] Node: 'query'
    +-[SELECT_FROM] Node: 'SELECT_FROM'
    |  +-[FROM] Node: 'from'
    |  |  \-[RANGE] Node: 'RANGE'
    |  |     +-[DOT] Node: '.'
    |  |     |  +-[DOT] Node: '.'
    |  |     |  |  +-[DOT] Node: '.'
    |  |     |  |  |  +-[DOT] Node: '.'
    |  |     |  |  |  |  +-[IDENT] Node: 'org'
    |  |     |  |  |  |  \-[IDENT] Node: 'hibernate'
    |  |     |  |  |  \-[IDENT] Node: 'test'
    |  |     |  |  \-[IDENT] Node: 'querycache'
    |  |     |  \-[IDENT] Node: 'Student'
    |  |     \-[ALIAS] Node: 's'
    |  \-[SELECT] Node: 'select'
    |     \-[CONSTRUCTOR] Node: '('
    |        +-[IDENT] Node: 'map'
    |        +-[AS] Node: 'as'
    |        |  +-[DOT] Node: '.'
    |        |  |  +-[IDENT] Node: 's'
    |        |  |  \-[IDENT] Node: 'studentNumber'
    |        |  \-[IDENT] Node: 'sNumber'
    |        \-[AS] Node: 'as'
    |           +-[DOT] Node: '.'
    |           |  +-[IDENT] Node: 's'
    |           |  \-[IDENT] Node: 'name'
    |           \-[IDENT] Node: 'sName'
    \-[ORDER] Node: 'order'
       \-[DOT] Node: '.'
          +-[IDENT] Node: 's'
          \-[IDENT] Node: 'studentNumber'

14:18:58,420 DEBUG ErrorCounter:82 - throwQueryException() : no errors
14:18:58,420 DEBUG FromElement:157 - FromClause{level=1} : org.hibernate.test.querycache.Student (s) -> student0_
14:18:58,421 DEBUG FromReferenceNode:74 - Resolved : s -> student0_.studentId
14:18:58,421 DEBUG DotNode:599 - getDataType() : studentNumber -> org.hibernate.type.LongType@4bf3f9d
14:18:58,421 DEBUG FromReferenceNode:74 - Resolved : s.studentNumber -> student0_.studentId
14:18:58,421 DEBUG FromReferenceNode:74 - Resolved : s -> student0_.studentId
14:18:58,421 DEBUG DotNode:599 - getDataType() : name -> org.hibernate.type.ComponentType@3547c719
14:18:58,421 DEBUG DotNode:588 - Terminal propertyPath = [name]
14:18:58,421 DEBUG FromReferenceNode:74 - Resolved : s.name -> student0_.name_first, student0_.name_middle, student0_.name_last
14:18:58,422 DEBUG FromReferenceNode:74 - Resolved : s -> student0_.studentId
14:18:58,422 DEBUG DotNode:599 - getDataType() : studentNumber -> org.hibernate.type.LongType@4bf3f9d
14:18:58,422 DEBUG FromReferenceNode:74 - Resolved : s.studentNumber -> student0_.studentId
14:18:58,422 DEBUG HqlSqlWalker:629 - processQuery() :  ( SELECT ( {select clause} ( ( map ( student0_.studentId student0_.studentId studentNumber ) ( student0_.name_first, student0_.name_middle, student0_.name_last student0_.studentId name ) ) ) ( FromClause{level=1} Student student0_ ) ( order ( student0_.studentId student0_.studentId studentNumber ) ) )
14:18:58,422 DEBUG JoinProcessor:175 - Using FROM fragment [Student student0_]
14:18:58,423 DEBUG QueryTranslatorImpl:252 - --- SQL AST ---
 \-[SELECT] QueryNode: 'SELECT'  querySpaces (Student)
    +-[SELECT_CLAUSE] SelectClause: '{select clause}'
    |  \-[CONSTRUCTOR] ConstructorNode: '('
    |     +-[IDENT] IdentNode: 'map' {originalText=map}
    |     +-[DOT] DotNode: 'student0_.studentId' {propertyName=studentNumber,dereferenceType=ALL,propertyPath=studentNumber,path=s.studentNumber,tableAlias=student0_,className=org.hibernate.test.querycache.Student,classAlias=s}
    |     |  +-[ALIAS_REF] IdentNode: 'student0_.studentId' {alias=s, className=org.hibernate.test.querycache.Student, tableAlias=student0_}
    |     |  \-[IDENT] IdentNode: 'studentNumber' {originalText=studentNumber}
    |     +-[SELECT_COLUMNS] SqlNode: ' as col_0_0_'
    |     +-[DOT] DotNode: 'student0_.name_first' {propertyName=name,dereferenceType=2,propertyPath=name,path=s.name,tableAlias=student0_,className=org.hibernate.test.querycache.Student,classAlias=s}
    |     |  +-[ALIAS_REF] IdentNode: 'student0_.studentId' {alias=s, className=org.hibernate.test.querycache.Student, tableAlias=student0_}
    |     |  \-[IDENT] IdentNode: 'name' {originalText=name}
    |     +-[SELECT_COLUMNS] SqlNode: ' as col_1_0_'
    |     +-[SQL_TOKEN] SqlFragment: 'student0_.name_middle'
    |     +-[SELECT_COLUMNS] SqlNode: ' as col_1_1_'
    |     +-[SQL_TOKEN] SqlFragment: 'student0_.name_last'
    |     \-[SELECT_COLUMNS] SqlNode: ' as col_1_2_'
    +-[FROM] FromClause: 'from' FromClause{level=1, fromElementCounter=1, fromElements=1, fromElementByClassAlias=[s], fromElementByTableAlias=[student0_], fromElementsByPath=[], collectionJoinFromElementsByPath=[], impliedElements=[]}
    |  \-[FROM_FRAGMENT] FromElement: 'Student student0_' FromElement{explicit,not a collection join,not a fetch join,fetch non-lazy properties,classAlias=s,role=null,tableName=Student,tableAlias=student0_,origin=null,columns={,className=org.hibernate.test.querycache.Student}}
    \-[ORDER] OrderByClause: 'order'
       \-[DOT] DotNode: 'student0_.studentId' {propertyName=studentNumber,dereferenceType=ALL,propertyPath=studentNumber,path=s.studentNumber,tableAlias=student0_,className=org.hibernate.test.querycache.Student,classAlias=s}
          +-[ALIAS_REF] IdentNode: 'student0_.studentId' {alias=s, className=org.hibernate.test.querycache.Student, tableAlias=student0_}
          \-[IDENT] IdentNode: 'studentNumber' {originalText=studentNumber}

14:18:58,434 DEBUG ErrorCounter:82 - throwQueryException() : no errors
14:18:58,434 DEBUG QueryTranslatorImpl:235 - HQL: select new map(s.studentNumber as sNumber, s.name as sName) from org.hibernate.test.querycache.Student s order by s.studentNumber
14:18:58,434 DEBUG QueryTranslatorImpl:236 - SQL: select student0_.studentId as col_0_0_, student0_.name_first as col_1_0_, student0_.name_middle as col_1_1_, student0_.name_last as col_1_2_ from Student student0_ order by student0_.studentId
14:18:58,434 DEBUG ErrorCounter:82 - throwQueryException() : no errors
14:18:58,434 DEBUG SQL:104 - 
    select
        student0_.studentId as col_0_0_,
        student0_.name_first as col_1_0_,
        student0_.name_middle as col_1_1_,
        student0_.name_last as col_1_2_ 
    from
        Student student0_ 
    order by
        student0_.studentId
14:18:58,444 DEBUG BaseGeneralDataRegion:59 - Caching[foo.org.hibernate.cache.internal.StandardQueryCache] : [sql: select student0_.studentId as col_0_0_, student0_.name_first as col_1_0_, student0_.name_middle as col_1_1_, student0_.name_last as col_1_2_ from Student student0_ order by student0_.studentId; parameters: ; named parameters: {}; transformer: org.hibernate.transform.CacheableResultTransformer@1406bf] -> [[5579090896666624, [Ljava.io.Serializable;@6311a955, [Ljava.io.Serializable;@1c843e43]]
14:18:58,444 DEBUG SQL:104 - 
    select
        student0_.studentId as col_0_0_,
        student0_.name_first as col_1_0_,
        student0_.name_middle as col_1_1_,
        student0_.name_last as col_1_2_ 
    from
        Student student0_ 
    order by
        student0_.studentId
14:18:58,444 DEBUG BaseGeneralDataRegion:59 - Caching[foo.org.hibernate.cache.internal.StandardQueryCache] : [sql: select student0_.studentId as col_0_0_, student0_.name_first as col_1_0_, student0_.name_middle as col_1_1_, student0_.name_last as col_1_2_ from Student student0_ order by student0_.studentId; parameters: ; named parameters: {}; transformer: org.hibernate.transform.CacheableResultTransformer@1406bf] -> [[5579090896666627, [Ljava.io.Serializable;@15fefec9, [Ljava.io.Serializable;@18094967]]
14:18:58,445 DEBUG SQL:104 - 
    select
        student_.studentId,
        student_.name_first as name2_4_,
        student_.name_middle as name3_4_,
        student_.name_last as name4_4_,
        student_.preferredCourseCode as preferre5_4_ 
    from
        Student student_ 
    where
        student_.studentId=?
14:18:58,445 DEBUG SQL:104 - 
    select
        enrolment_.studentId,
        enrolment_.courseCode,
        enrolment_.semester as semester3_,
        enrolment_."year" as year4_3_ 
    from
        Enrolment enrolment_ 
    where
        enrolment_.studentId=? 
        and enrolment_.courseCode=?
14:18:58,445 DEBUG SQL:104 - 
    select
        course_.courseCode,
        course_.description as descript2_1_ 
    from
        Course course_ 
    where
        course_.courseCode=?
14:18:58,466 DEBUG SQL:104 - 
    select
        student_.studentId,
        student_.name_first as name2_4_,
        student_.name_middle as name3_4_,
        student_.name_last as name4_4_,
        student_.preferredCourseCode as preferre5_4_ 
    from
        Student student_ 
    where
        student_.studentId=?
14:18:58,466 DEBUG SQL:104 - 
    select
        enrolment_.studentId,
        enrolment_.courseCode,
        enrolment_.semester as semester3_,
        enrolment_."year" as year4_3_ 
    from
        Enrolment enrolment_ 
    where
        enrolment_.studentId=? 
        and enrolment_.courseCode=?
14:18:58,467 DEBUG SQL:104 - 
    select
        coursemeet_.courseCode,
        coursemeet_.day,
        coursemeet_.period,
        coursemeet_.location 
    from
        CourseMeeting coursemeet_ 
    where
        coursemeet_.courseCode=? 
        and coursemeet_.day=? 
        and coursemeet_.period=? 
        and coursemeet_.location=?
14:18:58,479 DEBUG SQL:104 - 
    select
        coursemeet_.courseCode,
        coursemeet_.day,
        coursemeet_.period,
        coursemeet_.location 
    from
        CourseMeeting coursemeet_ 
    where
        coursemeet_.courseCode=? 
        and coursemeet_.day=? 
        and coursemeet_.period=? 
        and coursemeet_.location=?
14:18:58,479 DEBUG BaseGeneralDataRegion:59 - Caching[foo.org.hibernate.cache.spi.UpdateTimestampsCache] : [Enrolment] -> [5579091142569984]
14:18:58,480 DEBUG SQL:104 - 
    update
        Address 
    set
        studentNumber=null,
        addressType=null 
    where
        studentNumber=?
14:18:58,490 DEBUG BaseGeneralDataRegion:59 - Caching[foo.org.hibernate.cache.spi.UpdateTimestampsCache] : [Address] -> [5579091142615040]
14:18:58,490 DEBUG SQL:104 - 
    delete 
    from
        Student_secretCodes 
    where
        studentNumber=?
14:18:58,490 DEBUG BaseGeneralDataRegion:59 - Caching[foo.org.hibernate.cache.spi.UpdateTimestampsCache] : [Student_secretCodes] -> [5579091142615041]
14:18:58,490 DEBUG BaseGeneralDataRegion:59 - Caching[foo.org.hibernate.cache.spi.UpdateTimestampsCache] : [Enrolment] -> [5579091142615042]
14:18:58,490 DEBUG BaseGeneralDataRegion:59 - Caching[foo.org.hibernate.cache.spi.UpdateTimestampsCache] : [Address] -> [5579091142615043]
14:18:58,491 DEBUG SQL:104 - 
    delete 
    from
        Student_secretCodes 
    where
        studentNumber=?
14:18:58,491 DEBUG BaseGeneralDataRegion:59 - Caching[foo.org.hibernate.cache.spi.UpdateTimestampsCache] : [Student_secretCodes] -> [5579091142619136]
14:18:58,491 DEBUG BaseGeneralDataRegion:59 - Caching[foo.org.hibernate.cache.spi.UpdateTimestampsCache] : [CourseMeeting] -> [5579091142619137]
14:18:58,491 DEBUG SQL:104 - 
    delete 
    from
        Enrolment 
    where
        studentId=? 
        and courseCode=?
14:18:58,491 DEBUG BaseGeneralDataRegion:59 - Caching[foo.org.hibernate.cache.spi.UpdateTimestampsCache] : [Enrolment] -> [5579091142619138]
14:18:58,491 DEBUG SQL:104 - 
    delete 
    from
        Address 
    where
        id=?
14:18:58,504 DEBUG BaseGeneralDataRegion:59 - Caching[foo.org.hibernate.cache.spi.UpdateTimestampsCache] : [Address] -> [5579091142672384]
14:18:58,505 DEBUG SQL:104 - 
    delete 
    from
        Address 
    where
        id=?
14:18:58,505 DEBUG BaseGeneralDataRegion:59 - Caching[foo.org.hibernate.cache.spi.UpdateTimestampsCache] : [Address] -> [5579091142676480]
14:18:58,505 DEBUG SQL:104 - 
    delete 
    from
        Student 
    where
        studentId=?
14:18:58,505 DEBUG BaseGeneralDataRegion:59 - Caching[foo.org.hibernate.cache.spi.UpdateTimestampsCache] : [Student] -> [5579091142676481]
14:18:58,505 DEBUG SQL:104 - 
    delete 
    from
        Enrolment 
    where
        studentId=? 
        and courseCode=?
14:18:58,505 DEBUG BaseGeneralDataRegion:59 - Caching[foo.org.hibernate.cache.spi.UpdateTimestampsCache] : [Enrolment] -> [5579091142676482]
14:18:58,505 DEBUG SQL:104 - 
    delete 
    from
        Student 
    where
        studentId=?
14:18:58,511 DEBUG BaseGeneralDataRegion:59 - Caching[foo.org.hibernate.cache.spi.UpdateTimestampsCache] : [Student] -> [5579091142701056]
14:18:58,511 DEBUG SQL:104 - 
    delete 
    from
        CourseMeeting 
    where
        courseCode=? 
        and day=? 
        and period=? 
        and location=?
14:18:58,511 DEBUG BaseGeneralDataRegion:59 - Caching[foo.org.hibernate.cache.spi.UpdateTimestampsCache] : [CourseMeeting] -> [5579091142701057]
14:18:58,511 DEBUG SQL:104 - 
    delete 
    from
        CourseMeeting 
    where
        courseCode=? 
        and day=? 
        and period=? 
        and location=?
14:18:58,511 DEBUG BaseGeneralDataRegion:59 - Caching[foo.org.hibernate.cache.spi.UpdateTimestampsCache] : [CourseMeeting] -> [5579091142701058]
14:18:58,511 DEBUG SQL:104 - 
    delete 
    from
        Course 
    where
        courseCode=?
14:18:58,512 DEBUG BaseGeneralDataRegion:59 - Caching[foo.org.hibernate.cache.spi.UpdateTimestampsCache] : [Course] -> [5579091142705152]
14:18:58,512 DEBUG BaseGeneralDataRegion:59 - Caching[foo.org.hibernate.cache.spi.UpdateTimestampsCache] : [Student] -> [5579090896945153]
14:18:58,522 DEBUG BaseGeneralDataRegion:59 - Caching[foo.org.hibernate.cache.spi.UpdateTimestampsCache] : [Course] -> [5579090896945153]
14:18:58,522 DEBUG BaseGeneralDataRegion:59 - Caching[foo.org.hibernate.cache.spi.UpdateTimestampsCache] : [Enrolment] -> [5579090896945153]
14:18:58,522 DEBUG BaseGeneralDataRegion:59 - Caching[foo.org.hibernate.cache.spi.UpdateTimestampsCache] : [Student_secretCodes] -> [5579090896945153]
14:18:58,522 DEBUG BaseGeneralDataRegion:59 - Caching[foo.org.hibernate.cache.spi.UpdateTimestampsCache] : [Address] -> [5579090896945153]
14:18:58,522 DEBUG BaseGeneralDataRegion:59 - Caching[foo.org.hibernate.cache.spi.UpdateTimestampsCache] : [CourseMeeting] -> [5579090896945153]
14:18:58,523  INFO CustomRunner:139 - Test: testMultiSelectNewMapUsingAliasesWithFetchJoinList
14:18:58,524 DEBUG SQL:104 - 
    select
        coursemeet_.courseCode,
        coursemeet_.day,
        coursemeet_.period,
        coursemeet_.location 
    from
        CourseMeeting coursemeet_ 
    where
        coursemeet_.courseCode=? 
        and coursemeet_.day=? 
        and coursemeet_.period=? 
        and coursemeet_.location=?
14:18:58,524 DEBUG SQL:104 - 
    select
        coursemeet_.courseCode,
        coursemeet_.day,
        coursemeet_.period,
        coursemeet_.location 
    from
        CourseMeeting coursemeet_ 
    where
        coursemeet_.courseCode=? 
        and coursemeet_.day=? 
        and coursemeet_.period=? 
        and coursemeet_.location=?
14:18:58,532 DEBUG SQL:104 - 
    insert 
    into
        Course
        (description, courseCode) 
    values
        (?, ?)
14:18:58,532 DEBUG BaseGeneralDataRegion:59 - Caching[foo.org.hibernate.cache.spi.UpdateTimestampsCache] : [Course] -> [5579091142787072]
14:18:58,532 DEBUG SQL:104 - 
    insert 
    into
        CourseMeeting
        (courseCode, day, period, location) 
    values
        (?, ?, ?, ?)
14:18:58,532 DEBUG BaseGeneralDataRegion:59 - Caching[foo.org.hibernate.cache.spi.UpdateTimestampsCache] : [CourseMeeting] -> [5579091142787073]
14:18:58,533 DEBUG SQL:104 - 
    insert 
    into
        CourseMeeting
        (courseCode, day, period, location) 
    values
        (?, ?, ?, ?)
14:18:58,533 DEBUG BaseGeneralDataRegion:59 - Caching[foo.org.hibernate.cache.spi.UpdateTimestampsCache] : [CourseMeeting] -> [5579091142791168]
14:18:58,533 DEBUG SQL:104 - 
    insert 
    into
        Student
        (name_first, name_middle, name_last, preferredCourseCode, studentId) 
    values
        (?, ?, ?, ?, ?)
14:18:58,544 DEBUG BaseGeneralDataRegion:59 - Caching[foo.org.hibernate.cache.spi.UpdateTimestampsCache] : [Student] -> [5579091142836224]
14:18:58,544 DEBUG SQL:104 - 
    insert 
    into
        Address
        (addressType, street, city, stateProvince, postalCode, country, studentNumber, id) 
    values
        (?, ?, ?, ?, ?, ?, ?, ?)
14:18:58,544 DEBUG BaseGeneralDataRegion:59 - Caching[foo.org.hibernate.cache.spi.UpdateTimestampsCache] : [Address] -> [5579091142836225]
14:18:58,544 DEBUG SQL:104 - 
    insert 
    into
        Address
        (addressType, street, city, stateProvince, postalCode, country, studentNumber, id) 
    values
        (?, ?, ?, ?, ?, ?, ?, ?)
14:18:58,545 DEBUG BaseGeneralDataRegion:59 - Caching[foo.org.hibernate.cache.spi.UpdateTimestampsCache] : [Address] -> [5579091142840320]
14:18:58,545 DEBUG SQL:104 - 
    insert 
    into
        Student
        (name_first, name_middle, name_last, preferredCourseCode, studentId) 
    values
        (?, ?, ?, ?, ?)
14:18:58,545 DEBUG BaseGeneralDataRegion:59 - Caching[foo.org.hibernate.cache.spi.UpdateTimestampsCache] : [Student] -> [5579091142840321]
14:18:58,545 DEBUG SQL:104 - 
    insert 
    into
        Enrolment
        (semester, "year", studentId, courseCode) 
    values
        (?, ?, ?, ?)
14:18:58,545 DEBUG BaseGeneralDataRegion:59 - Caching[foo.org.hibernate.cache.spi.UpdateTimestampsCache] : [Enrolment] -> [5579091142840322]
14:18:58,545 DEBUG SQL:104 - 
    insert 
    into
        Enrolment
        (semester, "year", studentId, courseCode) 
    values
        (?, ?, ?, ?)
14:18:58,545 DEBUG BaseGeneralDataRegion:59 - Caching[foo.org.hibernate.cache.spi.UpdateTimestampsCache] : [Enrolment] -> [5579091142840323]
14:18:58,546 DEBUG BaseGeneralDataRegion:59 - Caching[foo.org.hibernate.cache.spi.UpdateTimestampsCache] : [CourseMeeting] -> [5579091142844416]
14:18:58,546 DEBUG BaseGeneralDataRegion:59 - Caching[foo.org.hibernate.cache.spi.UpdateTimestampsCache] : [Enrolment] -> [5579091142844417]
14:18:58,546 DEBUG SQL:104 - 
    update
        Address 
    set
        studentNumber=?,
        addressType=? 
    where
        id=?
14:18:58,546 DEBUG SQL:104 - 
    update
        Address 
    set
        studentNumber=?,
        addressType=? 
    where
        id=?
14:18:58,559 DEBUG BaseGeneralDataRegion:59 - Caching[foo.org.hibernate.cache.spi.UpdateTimestampsCache] : [Address] -> [5579091142897664]
14:18:58,559 DEBUG SQL:104 - 
    insert 
    into
        Student_secretCodes
        (studentNumber, i, secretCode) 
    values
        (?, ?, ?)
14:18:58,560 DEBUG BaseGeneralDataRegion:59 - Caching[foo.org.hibernate.cache.spi.UpdateTimestampsCache] : [Student_secretCodes] -> [5579091142901760]
14:18:58,560 DEBUG BaseGeneralDataRegion:59 - Caching[foo.org.hibernate.cache.spi.UpdateTimestampsCache] : [Enrolment] -> [5579091142901761]
14:18:58,560 DEBUG BaseGeneralDataRegion:59 - Caching[foo.org.hibernate.cache.spi.UpdateTimestampsCache] : [Address] -> [5579091142901762]
14:18:58,560 DEBUG SQL:104 - 
    insert 
    into
        Student_secretCodes
        (studentNumber, i, secretCode) 
    values
        (?, ?, ?)
14:18:58,561 DEBUG SQL:104 - 
    insert 
    into
        Student_secretCodes
        (studentNumber, i, secretCode) 
    values
        (?, ?, ?)
14:18:58,576 DEBUG BaseGeneralDataRegion:59 - Caching[foo.org.hibernate.cache.spi.UpdateTimestampsCache] : [Student_secretCodes] -> [5579091142963200]
14:18:58,576 DEBUG BaseGeneralDataRegion:59 - Caching[foo.org.hibernate.cache.spi.UpdateTimestampsCache] : [Student] -> [5579090897207296]
14:18:58,576 DEBUG BaseGeneralDataRegion:59 - Caching[foo.org.hibernate.cache.spi.UpdateTimestampsCache] : [Course] -> [5579090897207296]
14:18:58,576 DEBUG BaseGeneralDataRegion:59 - Caching[foo.org.hibernate.cache.spi.UpdateTimestampsCache] : [Enrolment] -> [5579090897207296]
14:18:58,576 DEBUG BaseGeneralDataRegion:59 - Caching[foo.org.hibernate.cache.spi.UpdateTimestampsCache] : [Student_secretCodes] -> [5579090897207296]
14:18:58,576 DEBUG BaseGeneralDataRegion:59 - Caching[foo.org.hibernate.cache.spi.UpdateTimestampsCache] : [Address] -> [5579090897207296]
14:18:58,576 DEBUG BaseGeneralDataRegion:59 - Caching[foo.org.hibernate.cache.spi.UpdateTimestampsCache] : [CourseMeeting] -> [5579090897207296]
14:18:58,577 DEBUG QueryTranslatorImpl:265 - parse() - HQL: select new map(s as s, pc as pc) from org.hibernate.test.querycache.Student s left join s.preferredCourse pc left join fetch s.enrolments order by s.studentNumber
14:18:58,578 DEBUG QueryTranslatorImpl:283 - --- HQL AST ---
 \-[QUERY] Node: 'query'
    +-[SELECT_FROM] Node: 'SELECT_FROM'
    |  +-[FROM] Node: 'from'
    |  |  +-[RANGE] Node: 'RANGE'
    |  |  |  +-[DOT] Node: '.'
    |  |  |  |  +-[DOT] Node: '.'
    |  |  |  |  |  +-[DOT] Node: '.'
    |  |  |  |  |  |  +-[DOT] Node: '.'
    |  |  |  |  |  |  |  +-[IDENT] Node: 'org'
    |  |  |  |  |  |  |  \-[IDENT] Node: 'hibernate'
    |  |  |  |  |  |  \-[IDENT] Node: 'test'
    |  |  |  |  |  \-[IDENT] Node: 'querycache'
    |  |  |  |  \-[IDENT] Node: 'Student'
    |  |  |  \-[ALIAS] Node: 's'
    |  |  +-[JOIN] Node: 'join'
    |  |  |  +-[LEFT] Node: 'left'
    |  |  |  +-[DOT] Node: '.'
    |  |  |  |  +-[IDENT] Node: 's'
    |  |  |  |  \-[IDENT] Node: 'preferredCourse'
    |  |  |  \-[ALIAS] Node: 'pc'
    |  |  \-[JOIN] Node: 'join'
    |  |     +-[LEFT] Node: 'left'
    |  |     +-[FETCH] Node: 'fetch'
    |  |     \-[DOT] Node: '.'
    |  |        +-[IDENT] Node: 's'
    |  |        \-[IDENT] Node: 'enrolments'
    |  \-[SELECT] Node: 'select'
    |     \-[CONSTRUCTOR] Node: '('
    |        +-[IDENT] Node: 'map'
    |        +-[AS] Node: 'as'
    |        |  +-[IDENT] Node: 's'
    |        |  \-[IDENT] Node: 's'
    |        \-[AS] Node: 'as'
    |           +-[IDENT] Node: 'pc'
    |           \-[IDENT] Node: 'pc'
    \-[ORDER] Node: 'order'
       \-[DOT] Node: '.'
          +-[IDENT] Node: 's'
          \-[IDENT] Node: 'studentNumber'

14:18:58,601 DEBUG ErrorCounter:82 - throwQueryException() : no errors
14:18:58,602 DEBUG FromElement:157 - FromClause{level=1} : org.hibernate.test.querycache.Student (s) -> student0_
14:18:58,602 DEBUG FromReferenceNode:74 - Resolved : s -> student0_.studentId
14:18:58,602 DEBUG DotNode:599 - getDataType() : preferredCourse -> org.hibernate.type.ManyToOneType(org.hibernate.test.querycache.Course)
14:18:58,602 DEBUG DotNode:389 - dereferenceEntityJoin() : generating join for preferredCourse in org.hibernate.test.querycache.Student (pc) parent = [ {null} ]
14:18:58,602 DEBUG FromElement:157 - FromClause{level=1} : org.hibernate.test.querycache.Course (pc) -> course1_
14:18:58,602 DEBUG FromClause:282 - addJoinByPathMap() : s.preferredCourse -> FromElement{explicit,not a collection join,not a fetch join,fetch non-lazy properties,classAlias=pc,role=null,tableName=Course,tableAlias=course1_,origin=Student student0_,columns={student0_.preferredCourseCode ,className=org.hibernate.test.querycache.Course}}
14:18:58,603 DEBUG FromReferenceNode:74 - Resolved : s.preferredCourse -> student0_.preferredCourseCode
14:18:58,603 DEBUG HqlSqlWalker:403 - createFromJoinElement() : -- join tree --
 \-[JOIN_FRAGMENT] FromElement: 'Course course1_' FromElement{explicit,not a collection join,not a fetch join,fetch non-lazy properties,classAlias=pc,role=null,tableName=Course,tableAlias=course1_,origin=Student student0_,columns={student0_.preferredCourseCode ,className=org.hibernate.test.querycache.Course}}

14:18:58,603 DEBUG FromReferenceNode:74 - Resolved : s -> student0_.studentId
14:18:58,603 DEBUG DotNode:599 - getDataType() : enrolments -> org.hibernate.type.SetType(org.hibernate.test.querycache.Student.enrolments)
14:18:58,603 DEBUG FromElementFactory:376 - createEntityAssociation() : One to many - path = s.enrolments role = org.hibernate.test.querycache.Student.enrolments associatedEntityName = org.hibernate.test.querycache.Enrolment
14:18:58,603 DEBUG FromElement:157 - FromClause{level=1} : org.hibernate.test.querycache.Enrolment (<no alias>) -> enrolments2_
14:18:58,603 DEBUG FromClause:282 - addJoinByPathMap() : s.enrolments -> FromElement{explicit,not a collection join,not a fetch join,fetch non-lazy properties,classAlias=null,role=null,tableName=Enrolment,tableAlias=enrolments2_,origin=Student student0_,columns={student0_.studentId ,className=org.hibernate.test.querycache.Enrolment}}
14:18:58,604 DEBUG DotNode:308 - dereferenceCollection() : Created new FROM element for s.enrolments : Enrolment enrolments2_
14:18:58,604 DEBUG FromReferenceNode:74 - Resolved : s.enrolments -> .
14:18:58,604 DEBUG HqlSqlWalker:403 - createFromJoinElement() : -- join tree --
 \-[JOIN_FRAGMENT] FromElement: 'Enrolment enrolments2_' FromElement{explicit,not a collection join,fetch join,fetch non-lazy properties,classAlias=null,role=org.hibernate.test.querycache.Student.enrolments,tableName=Enrolment,tableAlias=enrolments2_,origin=Student student0_,columns={student0_.studentId ,className=org.hibernate.test.querycache.Enrolment}}

14:18:58,604 DEBUG FromReferenceNode:74 - Resolved : s -> student0_.studentId
14:18:58,604 DEBUG FromReferenceNode:74 - Resolved : pc -> course1_.courseCode
14:18:58,611 DEBUG FromReferenceNode:74 - Resolved : s -> student0_.studentId
14:18:58,612 DEBUG DotNode:599 - getDataType() : studentNumber -> org.hibernate.type.LongType@4bf3f9d
14:18:58,612 DEBUG FromReferenceNode:74 - Resolved : s.studentNumber -> student0_.studentId
14:18:58,612 DEBUG HqlSqlWalker:629 - processQuery() :  ( SELECT ( {select clause} ( ( map student0_.studentId course1_.courseCode ) ) ( FromClause{level=1} ( Student student0_ Course course1_ Enrolment enrolments2_ ) ) ( order ( student0_.studentId student0_.studentId studentNumber ) ) )
14:18:58,612  INFO FailureExpectedHandler:73 - Ignoring expected failure [{}] : {}
14:18:58,614  INFO Configuration:706 - HHH000221: Reading mappings from resource: org/hibernate/test/querycache/Enrolment.hbm.xml
14:18:58,642  INFO DriverManagerConnectionProviderImpl:99 - HHH000402: Using Hibernate built-in connection pool (not for production use!)
14:18:58,642  INFO DriverManagerConnectionProviderImpl:135 - HHH000115: Hibernate connection pool size: 5
14:18:58,642  INFO DriverManagerConnectionProviderImpl:138 - HHH000006: Autocommit mode: false
14:18:58,643  INFO DriverManagerConnectionProviderImpl:153 - HHH000401: using driver [org.h2.Driver] at URL [jdbc:h2:mem:db1;DB_CLOSE_DELAY=-1;MVCC=TRUE]
14:18:58,643  INFO DriverManagerConnectionProviderImpl:158 - HHH000046: Connection properties: {user=sa}
14:18:58,644  INFO Dialect:103 - HHH000400: Using dialect: org.hibernate.dialect.H2Dialect
14:18:58,644  INFO LobCreatorBuilder:94 - HHH000423: Disabling contextual LOB creation as JDBC driver reported JDBC version [3] less than 4
14:18:58,645  INFO TransactionFactoryInitiator:66 - HHH000399: Using default transaction strategy (direct JDBC transactions)
14:18:58,645  INFO ASTQueryTranslatorFactory:48 - HHH000397: Using ASTQueryTranslatorFactory
14:18:58,645  WARN CachingRegionFactory:58 - CachingRegionFactory should be only used for testing.
14:18:58,645  INFO UpdateTimestampsCache:61 - HHH000250: Starting update timestamps cache at region: foo.org.hibernate.cache.spi.UpdateTimestampsCache
14:18:58,646  INFO StandardQueryCache:86 - HHH000248: Starting query cache at region: foo.org.hibernate.cache.internal.StandardQueryCache
14:18:58,655  INFO SchemaExport:343 - HHH000227: Running hbm2ddl schema export
14:18:58,656 DEBUG SchemaExport:353 - Import file not found: /import.sql
14:18:58,656 DEBUG SQL:104 - 
    alter table Address 
        drop constraint FK1ED033D47B5C59E1
14:18:58,656 DEBUG SQL:104 - 
    alter table CourseMeeting 
        drop constraint FKC97EED80AEBBC201
14:18:58,657 DEBUG SQL:104 - 
    alter table Enrolment 
        drop constraint FKEB4882C4EC5C133
14:18:58,657 DEBUG SQL:104 - 
    alter table Enrolment 
        drop constraint FKEB4882C4AEBBC201
14:18:58,657 DEBUG SQL:104 - 
    alter table Student 
        drop constraint FKF3371A1B5679E142
14:18:58,657 DEBUG SQL:104 - 
    alter table Student_secretCodes 
        drop constraint FKAF3CA7327B5C59E1
14:18:58,657 DEBUG SQL:104 - 
    drop table Address if exists
14:18:58,658 DEBUG SQL:104 - 
    drop table Course if exists
14:18:58,658 DEBUG SQL:104 - 
    drop table CourseMeeting if exists
14:18:58,658 DEBUG SQL:104 - 
    drop table Enrolment if exists
14:18:58,658 DEBUG SQL:104 - 
    drop table Student if exists
14:18:58,658 DEBUG SQL:104 - 
    drop table Student_secretCodes if exists
14:18:58,659 DEBUG SQL:104 - 
    create table Address (
        id bigint not null,
        addressType varchar(255),
        street varchar(255),
        city varchar(255),
        stateProvince varchar(255),
        postalCode varchar(255),
        country varchar(255),
        studentNumber bigint,
        primary key (id)
    )
14:18:58,660 DEBUG SQL:104 - 
    create table Course (
        courseCode varchar(255) not null,
        description varchar(255),
        primary key (courseCode)
    )
14:18:58,660 DEBUG SQL:104 - 
    create table CourseMeeting (
        courseCode varchar(255) not null,
        day varchar(255) not null,
        period integer not null,
        location varchar(255) not null,
        primary key (courseCode, day, period, location)
    )
14:18:58,661 DEBUG SQL:104 - 
    create table Enrolment (
        studentId bigint not null,
        courseCode varchar(255) not null,
        semester smallint not null,
        "year" smallint not null,
        primary key (studentId, courseCode)
    )
14:18:58,661 DEBUG SQL:104 - 
    create table Student (
        studentId bigint not null,
        name_first varchar(255) not null,
        name_middle varchar(255),
        name_last varchar(255) not null,
        preferredCourseCode varchar(255),
        primary key (studentId)
    )
14:18:58,661 DEBUG SQL:104 - 
    create table Student_secretCodes (
        studentNumber bigint not null,
        secretCode integer,
        i integer not null,
        primary key (studentNumber, i)
    )
14:18:58,662 DEBUG SQL:104 - 
    alter table Address 
        add constraint FK1ED033D47B5C59E1 
        foreign key (studentNumber) 
        references Student
14:18:58,662 DEBUG SQL:104 - 
    alter table CourseMeeting 
        add constraint FKC97EED80AEBBC201 
        foreign key (courseCode) 
        references Course
14:18:58,662 DEBUG SQL:104 - 
    alter table Enrolment 
        add constraint FKEB4882C4EC5C133 
        foreign key (studentId) 
        references Student
14:18:58,663 DEBUG SQL:104 - 
    alter table Enrolment 
        add constraint FKEB4882C4AEBBC201 
        foreign key (courseCode) 
        references Course
14:18:58,663 DEBUG SQL:104 - 
    alter table Student 
        add constraint FKF3371A1B5679E142 
        foreign key (preferredCourseCode) 
        references Course
14:18:58,664 DEBUG SQL:104 - 
    alter table Student_secretCodes 
        add constraint FKAF3CA7327B5C59E1 
        foreign key (studentNumber) 
        references Student
14:18:58,664  INFO SchemaExport:405 - HHH000230: Schema export complete
14:18:58,664  WARN SessionFactoryImpl:1554 - HHH000008: JTASessionContext being used with JDBCTransactionFactory; auto-flush will not operate correctly with getCurrentSession()
14:18:58,665  INFO CustomRunner:139 - Test: testMultiSelectNewWithLiteralList
14:18:58,666 DEBUG SQL:104 - 
    select
        coursemeet_.courseCode,
        coursemeet_.day,
        coursemeet_.period,
        coursemeet_.location 
    from
        CourseMeeting coursemeet_ 
    where
        coursemeet_.courseCode=? 
        and coursemeet_.day=? 
        and coursemeet_.period=? 
        and coursemeet_.location=?
14:18:58,666 DEBUG SQL:104 - 
    select
        coursemeet_.courseCode,
        coursemeet_.day,
        coursemeet_.period,
        coursemeet_.location 
    from
        CourseMeeting coursemeet_ 
    where
        coursemeet_.courseCode=? 
        and coursemeet_.day=? 
        and coursemeet_.period=? 
        and coursemeet_.location=?
14:18:58,668 DEBUG SQL:104 - 
    select
        max(id) 
    from
        Address
14:18:58,669 DEBUG SQL:104 - 
    insert 
    into
        Course
        (description, courseCode) 
    values
        (?, ?)
14:18:58,669 DEBUG BaseGeneralDataRegion:59 - Caching[foo.org.hibernate.cache.spi.UpdateTimestampsCache] : [Course] -> [5579091143348224]
14:18:58,670 DEBUG SQL:104 - 
    insert 
    into
        CourseMeeting
        (courseCode, day, period, location) 
    values
        (?, ?, ?, ?)
14:18:58,670 DEBUG BaseGeneralDataRegion:59 - Caching[foo.org.hibernate.cache.spi.UpdateTimestampsCache] : [CourseMeeting] -> [5579091143352320]
14:18:58,670 DEBUG SQL:104 - 
    insert 
    into
        CourseMeeting
        (courseCode, day, period, location) 
    values
        (?, ?, ?, ?)
14:18:58,670 DEBUG BaseGeneralDataRegion:59 - Caching[foo.org.hibernate.cache.spi.UpdateTimestampsCache] : [CourseMeeting] -> [5579091143352321]
14:18:58,670 DEBUG SQL:104 - 
    insert 
    into
        Student
        (name_first, name_middle, name_last, preferredCourseCode, studentId) 
    values
        (?, ?, ?, ?, ?)
14:18:58,671 DEBUG BaseGeneralDataRegion:59 - Caching[foo.org.hibernate.cache.spi.UpdateTimestampsCache] : [Student] -> [5579091143356416]
14:18:58,671 DEBUG SQL:104 - 
    insert 
    into
        Address
        (addressType, street, city, stateProvince, postalCode, country, studentNumber, id) 
    values
        (?, ?, ?, ?, ?, ?, ?, ?)
14:18:58,671 DEBUG BaseGeneralDataRegion:59 - Caching[foo.org.hibernate.cache.spi.UpdateTimestampsCache] : [Address] -> [5579091143356417]
14:18:58,671 DEBUG SQL:104 - 
    insert 
    into
        Address
        (addressType, street, city, stateProvince, postalCode, country, studentNumber, id) 
    values
        (?, ?, ?, ?, ?, ?, ?, ?)
14:18:58,682 DEBUG BaseGeneralDataRegion:59 - Caching[foo.org.hibernate.cache.spi.UpdateTimestampsCache] : [Address] -> [5579091143401472]
14:18:58,682 DEBUG SQL:104 - 
    insert 
    into
        Student
        (name_first, name_middle, name_last, preferredCourseCode, studentId) 
    values
        (?, ?, ?, ?, ?)
14:18:58,683 DEBUG BaseGeneralDataRegion:59 - Caching[foo.org.hibernate.cache.spi.UpdateTimestampsCache] : [Student] -> [5579091143405568]
14:18:58,683 DEBUG SQL:104 - 
    insert 
    into
        Enrolment
        (semester, "year", studentId, courseCode) 
    values
        (?, ?, ?, ?)
14:18:58,683 DEBUG BaseGeneralDataRegion:59 - Caching[foo.org.hibernate.cache.spi.UpdateTimestampsCache] : [Enrolment] -> [5579091143405569]
14:18:58,683 DEBUG SQL:104 - 
    insert 
    into
        Enrolment
        (semester, "year", studentId, courseCode) 
    values
        (?, ?, ?, ?)
14:18:58,683 DEBUG BaseGeneralDataRegion:59 - Caching[foo.org.hibernate.cache.spi.UpdateTimestampsCache] : [Enrolment] -> [5579091143405570]
14:18:58,683 DEBUG BaseGeneralDataRegion:59 - Caching[foo.org.hibernate.cache.spi.UpdateTimestampsCache] : [CourseMeeting] -> [5579091143405571]
14:18:58,684 DEBUG BaseGeneralDataRegion:59 - Caching[foo.org.hibernate.cache.spi.UpdateTimestampsCache] : [Enrolment] -> [5579091143409664]
14:18:58,684 DEBUG SQL:104 - 
    update
        Address 
    set
        studentNumber=?,
        addressType=? 
    where
        id=?
14:18:58,697 DEBUG SQL:104 - 
    update
        Address 
    set
        studentNumber=?,
        addressType=? 
    where
        id=?
14:18:58,698 DEBUG BaseGeneralDataRegion:59 - Caching[foo.org.hibernate.cache.spi.UpdateTimestampsCache] : [Address] -> [5579091143467008]
14:18:58,698 DEBUG SQL:104 - 
    insert 
    into
        Student_secretCodes
        (studentNumber, i, secretCode) 
    values
        (?, ?, ?)
14:18:58,698 DEBUG BaseGeneralDataRegion:59 - Caching[foo.org.hibernate.cache.spi.UpdateTimestampsCache] : [Student_secretCodes] -> [5579091143467009]
14:18:58,698 DEBUG BaseGeneralDataRegion:59 - Caching[foo.org.hibernate.cache.spi.UpdateTimestampsCache] : [Enrolment] -> [5579091143467010]
14:18:58,698 DEBUG BaseGeneralDataRegion:59 - Caching[foo.org.hibernate.cache.spi.UpdateTimestampsCache] : [Address] -> [5579091143467011]
14:18:58,698 DEBUG SQL:104 - 
    insert 
    into
        Student_secretCodes
        (studentNumber, i, secretCode) 
    values
        (?, ?, ?)
14:18:58,699 DEBUG SQL:104 - 
    insert 
    into
        Student_secretCodes
        (studentNumber, i, secretCode) 
    values
        (?, ?, ?)
14:18:58,699 DEBUG BaseGeneralDataRegion:59 - Caching[foo.org.hibernate.cache.spi.UpdateTimestampsCache] : [Student_secretCodes] -> [5579091143471104]
14:18:58,699 DEBUG BaseGeneralDataRegion:59 - Caching[foo.org.hibernate.cache.spi.UpdateTimestampsCache] : [Student] -> [5579090897711105]
14:18:58,699 DEBUG BaseGeneralDataRegion:59 - Caching[foo.org.hibernate.cache.spi.UpdateTimestampsCache] : [Course] -> [5579090897711105]
14:18:58,699 DEBUG BaseGeneralDataRegion:59 - Caching[foo.org.hibernate.cache.spi.UpdateTimestampsCache] : [Enrolment] -> [5579090897711105]
14:18:58,699 DEBUG BaseGeneralDataRegion:59 - Caching[foo.org.hibernate.cache.spi.UpdateTimestampsCache] : [Student_secretCodes] -> [5579090897711105]
14:18:58,721 DEBUG BaseGeneralDataRegion:59 - Caching[foo.org.hibernate.cache.spi.UpdateTimestampsCache] : [Address] -> [5579090897711105]
14:18:58,721 DEBUG BaseGeneralDataRegion:59 - Caching[foo.org.hibernate.cache.spi.UpdateTimestampsCache] : [CourseMeeting] -> [5579090897711105]
14:18:58,721 DEBUG QueryTranslatorImpl:265 - parse() - HQL: select new Student(555L, s.name) from org.hibernate.test.querycache.Student s order by s.studentNumber
14:18:58,723 DEBUG QueryTranslatorImpl:283 - --- HQL AST ---
 \-[QUERY] Node: 'query'
    +-[SELECT_FROM] Node: 'SELECT_FROM'
    |  +-[FROM] Node: 'from'
    |  |  \-[RANGE] Node: 'RANGE'
    |  |     +-[DOT] Node: '.'
    |  |     |  +-[DOT] Node: '.'
    |  |     |  |  +-[DOT] Node: '.'
    |  |     |  |  |  +-[DOT] Node: '.'
    |  |     |  |  |  |  +-[IDENT] Node: 'org'
    |  |     |  |  |  |  \-[IDENT] Node: 'hibernate'
    |  |     |  |  |  \-[IDENT] Node: 'test'
    |  |     |  |  \-[IDENT] Node: 'querycache'
    |  |     |  \-[IDENT] Node: 'Student'
    |  |     \-[ALIAS] Node: 's'
    |  \-[SELECT] Node: 'select'
    |     \-[CONSTRUCTOR] Node: '('
    |        +-[IDENT] Node: 'Student'
    |        +-[NUM_LONG] Node: '555L'
    |        \-[DOT] Node: '.'
    |           +-[IDENT] Node: 's'
    |           \-[IDENT] Node: 'name'
    \-[ORDER] Node: 'order'
       \-[DOT] Node: '.'
          +-[IDENT] Node: 's'
          \-[IDENT] Node: 'studentNumber'

14:18:58,732 DEBUG ErrorCounter:82 - throwQueryException() : no errors
14:18:58,732 DEBUG FromElement:157 - FromClause{level=1} : org.hibernate.test.querycache.Student (s) -> student0_
14:18:58,732 DEBUG FromReferenceNode:74 - Resolved : s -> student0_.studentId
14:18:58,732 DEBUG DotNode:599 - getDataType() : name -> org.hibernate.type.ComponentType@61c1ffc2
14:18:58,732 DEBUG DotNode:588 - Terminal propertyPath = [name]
14:18:58,733 DEBUG FromReferenceNode:74 - Resolved : s.name -> student0_.name_first, student0_.name_middle, student0_.name_last
14:18:58,733 DEBUG FromReferenceNode:74 - Resolved : s -> student0_.studentId
14:18:58,733 DEBUG DotNode:599 - getDataType() : studentNumber -> org.hibernate.type.LongType@4bf3f9d
14:18:58,733 DEBUG FromReferenceNode:74 - Resolved : s.studentNumber -> student0_.studentId
14:18:58,733 DEBUG HqlSqlWalker:629 - processQuery() :  ( SELECT ( {select clause} ( ( Student 555 ( student0_.name_first, student0_.name_middle, student0_.name_last student0_.studentId name ) ) ) ( FromClause{level=1} Student student0_ ) ( order ( student0_.studentId student0_.studentId studentNumber ) ) )
14:18:58,733 DEBUG JoinProcessor:175 - Using FROM fragment [Student student0_]
14:18:58,734 DEBUG QueryTranslatorImpl:252 - --- SQL AST ---
 \-[SELECT] QueryNode: 'SELECT'  querySpaces (Student)
    +-[SELECT_CLAUSE] SelectClause: '{select clause}'
    |  \-[CONSTRUCTOR] ConstructorNode: '('
    |     +-[IDENT] IdentNode: 'Student' {originalText=Student}
    |     +-[NUM_LONG] LiteralNode: '555'
    |     +-[SELECT_COLUMNS] SqlNode: ' as col_0_0_'
    |     +-[DOT] DotNode: 'student0_.name_first' {propertyName=name,dereferenceType=2,propertyPath=name,path=s.name,tableAlias=student0_,className=org.hibernate.test.querycache.Student,classAlias=s}
    |     |  +-[ALIAS_REF] IdentNode: 'student0_.studentId' {alias=s, className=org.hibernate.test.querycache.Student, tableAlias=student0_}
    |     |  \-[IDENT] IdentNode: 'name' {originalText=name}
    |     +-[SELECT_COLUMNS] SqlNode: ' as col_1_0_'
    |     +-[SQL_TOKEN] SqlFragment: 'student0_.name_middle'
    |     +-[SELECT_COLUMNS] SqlNode: ' as col_1_1_'
    |     +-[SQL_TOKEN] SqlFragment: 'student0_.name_last'
    |     \-[SELECT_COLUMNS] SqlNode: ' as col_1_2_'
    +-[FROM] FromClause: 'from' FromClause{level=1, fromElementCounter=1, fromElements=1, fromElementByClassAlias=[s], fromElementByTableAlias=[student0_], fromElementsByPath=[], collectionJoinFromElementsByPath=[], impliedElements=[]}
    |  \-[FROM_FRAGMENT] FromElement: 'Student student0_' FromElement{explicit,not a collection join,not a fetch join,fetch non-lazy properties,classAlias=s,role=null,tableName=Student,tableAlias=student0_,origin=null,columns={,className=org.hibernate.test.querycache.Student}}
    \-[ORDER] OrderByClause: 'order'
       \-[DOT] DotNode: 'student0_.studentId' {propertyName=studentNumber,dereferenceType=ALL,propertyPath=studentNumber,path=s.studentNumber,tableAlias=student0_,className=org.hibernate.test.querycache.Student,classAlias=s}
          +-[ALIAS_REF] IdentNode: 'student0_.studentId' {alias=s, className=org.hibernate.test.querycache.Student, tableAlias=student0_}
          \-[IDENT] IdentNode: 'studentNumber' {originalText=studentNumber}

14:18:58,744 DEBUG ErrorCounter:82 - throwQueryException() : no errors
14:18:58,744 DEBUG QueryTranslatorImpl:235 - HQL: select new Student(555L, s.name) from org.hibernate.test.querycache.Student s order by s.studentNumber
14:18:58,744 DEBUG QueryTranslatorImpl:236 - SQL: select 555 as col_0_0_, student0_.name_first as col_1_0_, student0_.name_middle as col_1_1_, student0_.name_last as col_1_2_ from Student student0_ order by student0_.studentId
14:18:58,744 DEBUG ErrorCounter:82 - throwQueryException() : no errors
14:18:58,745 DEBUG SQL:104 - 
    select
        555 as col_0_0_,
        student0_.name_first as col_1_0_,
        student0_.name_middle as col_1_1_,
        student0_.name_last as col_1_2_ 
    from
        Student student0_ 
    order by
        student0_.studentId
14:18:58,745 DEBUG BaseGeneralDataRegion:59 - Caching[foo.org.hibernate.cache.internal.StandardQueryCache] : [sql: select 555 as col_0_0_, student0_.name_first as col_1_0_, student0_.name_middle as col_1_1_, student0_.name_last as col_1_2_ from Student student0_ order by student0_.studentId; parameters: ; named parameters: {}; transformer: org.hibernate.transform.CacheableResultTransformer@1406bf] -> [[5579090897899520, [Ljava.io.Serializable;@2d84e1b6, [Ljava.io.Serializable;@6efe8b12]]
14:18:58,746 DEBUG SQL:104 - 
    select
        555 as col_0_0_,
        student0_.name_first as col_1_0_,
        student0_.name_middle as col_1_1_,
        student0_.name_last as col_1_2_ 
    from
        Student student0_ 
    order by
        student0_.studentId
14:18:58,756 DEBUG BaseGeneralDataRegion:59 - Caching[foo.org.hibernate.cache.internal.StandardQueryCache] : [sql: select 555 as col_0_0_, student0_.name_first as col_1_0_, student0_.name_middle as col_1_1_, student0_.name_last as col_1_2_ from Student student0_ order by student0_.studentId; parameters: ; named parameters: {}; transformer: org.hibernate.transform.CacheableResultTransformer@1406bf] -> [[5579090897944576, [Ljava.io.Serializable;@47712024, [Ljava.io.Serializable;@53f54020]]
14:18:58,757 DEBUG SQL:104 - 
    select
        student_.studentId,
        student_.name_first as name2_4_,
        student_.name_middle as name3_4_,
        student_.name_last as name4_4_,
        student_.preferredCourseCode as preferre5_4_ 
    from
        Student student_ 
    where
        student_.studentId=?
14:18:58,757 DEBUG SQL:104 - 
    select
        enrolment_.studentId,
        enrolment_.courseCode,
        enrolment_.semester as semester3_,
        enrolment_."year" as year4_3_ 
    from
        Enrolment enrolment_ 
    where
        enrolment_.studentId=? 
        and enrolment_.courseCode=?
14:18:58,757 DEBUG SQL:104 - 
    select
        course_.courseCode,
        course_.description as descript2_1_ 
    from
        Course course_ 
    where
        course_.courseCode=?
14:18:58,765 DEBUG SQL:104 - 
    select
        student_.studentId,
        student_.name_first as name2_4_,
        student_.name_middle as name3_4_,
        student_.name_last as name4_4_,
        student_.preferredCourseCode as preferre5_4_ 
    from
        Student student_ 
    where
        student_.studentId=?
14:18:58,766 DEBUG SQL:104 - 
    select
        enrolment_.studentId,
        enrolment_.courseCode,
        enrolment_.semester as semester3_,
        enrolment_."year" as year4_3_ 
    from
        Enrolment enrolment_ 
    where
        enrolment_.studentId=? 
        and enrolment_.courseCode=?
14:18:58,767 DEBUG SQL:104 - 
    select
        coursemeet_.courseCode,
        coursemeet_.day,
        coursemeet_.period,
        coursemeet_.location 
    from
        CourseMeeting coursemeet_ 
    where
        coursemeet_.courseCode=? 
        and coursemeet_.day=? 
        and coursemeet_.period=? 
        and coursemeet_.location=?
14:18:58,774 DEBUG SQL:104 - 
    select
        coursemeet_.courseCode,
        coursemeet_.day,
        coursemeet_.period,
        coursemeet_.location 
    from
        CourseMeeting coursemeet_ 
    where
        coursemeet_.courseCode=? 
        and coursemeet_.day=? 
        and coursemeet_.period=? 
        and coursemeet_.location=?
14:18:58,775 DEBUG BaseGeneralDataRegion:59 - Caching[foo.org.hibernate.cache.spi.UpdateTimestampsCache] : [Enrolment] -> [5579091143782400]
14:18:58,775 DEBUG SQL:104 - 
    update
        Address 
    set
        studentNumber=null,
        addressType=null 
    where
        studentNumber=?
14:18:58,784 DEBUG BaseGeneralDataRegion:59 - Caching[foo.org.hibernate.cache.spi.UpdateTimestampsCache] : [Address] -> [5579091143819264]
14:18:58,785 DEBUG SQL:104 - 
    delete 
    from
        Student_secretCodes 
    where
        studentNumber=?
14:18:58,785 DEBUG BaseGeneralDataRegion:59 - Caching[foo.org.hibernate.cache.spi.UpdateTimestampsCache] : [Student_secretCodes] -> [5579091143823360]
14:18:58,785 DEBUG BaseGeneralDataRegion:59 - Caching[foo.org.hibernate.cache.spi.UpdateTimestampsCache] : [Enrolment] -> [5579091143823361]
14:18:58,785 DEBUG BaseGeneralDataRegion:59 - Caching[foo.org.hibernate.cache.spi.UpdateTimestampsCache] : [Address] -> [5579091143823362]
14:18:58,785 DEBUG SQL:104 - 
    delete 
    from
        Student_secretCodes 
    where
        studentNumber=?
14:18:58,785 DEBUG BaseGeneralDataRegion:59 - Caching[foo.org.hibernate.cache.spi.UpdateTimestampsCache] : [Student_secretCodes] -> [5579091143823363]
14:18:58,786 DEBUG BaseGeneralDataRegion:59 - Caching[foo.org.hibernate.cache.spi.UpdateTimestampsCache] : [CourseMeeting] -> [5579091143827456]
14:18:58,786 DEBUG SQL:104 - 
    delete 
    from
        Enrolment 
    where
        studentId=? 
        and courseCode=?
14:18:58,786 DEBUG BaseGeneralDataRegion:59 - Caching[foo.org.hibernate.cache.spi.UpdateTimestampsCache] : [Enrolment] -> [5579091143827457]
14:18:58,786 DEBUG SQL:104 - 
    delete 
    from
        Address 
    where
        id=?
14:18:58,794 DEBUG BaseGeneralDataRegion:59 - Caching[foo.org.hibernate.cache.spi.UpdateTimestampsCache] : [Address] -> [5579091143860224]
14:18:58,794 DEBUG SQL:104 - 
    delete 
    from
        Address 
    where
        id=?
14:18:58,795 DEBUG BaseGeneralDataRegion:59 - Caching[foo.org.hibernate.cache.spi.UpdateTimestampsCache] : [Address] -> [5579091143864320]
14:18:58,795 DEBUG SQL:104 - 
    delete 
    from
        Student 
    where
        studentId=?
14:18:58,795 DEBUG BaseGeneralDataRegion:59 - Caching[foo.org.hibernate.cache.spi.UpdateTimestampsCache] : [Student] -> [5579091143864321]
14:18:58,795 DEBUG SQL:104 - 
    delete 
    from
        Enrolment 
    where
        studentId=? 
        and courseCode=?
14:18:58,795 DEBUG BaseGeneralDataRegion:59 - Caching[foo.org.hibernate.cache.spi.UpdateTimestampsCache] : [Enrolment] -> [5579091143864322]
14:18:58,795 DEBUG SQL:104 - 
    delete 
    from
        Student 
    where
        studentId=?
14:18:58,796 DEBUG BaseGeneralDataRegion:59 - Caching[foo.org.hibernate.cache.spi.UpdateTimestampsCache] : [Student] -> [5579091143868416]
14:18:58,796 DEBUG SQL:104 - 
    delete 
    from
        CourseMeeting 
    where
        courseCode=? 
        and day=? 
        and period=? 
        and location=?
14:18:58,796 DEBUG BaseGeneralDataRegion:59 - Caching[foo.org.hibernate.cache.spi.UpdateTimestampsCache] : [CourseMeeting] -> [5579091143868417]
14:18:58,796 DEBUG SQL:104 - 
    delete 
    from
        CourseMeeting 
    where
        courseCode=? 
        and day=? 
        and period=? 
        and location=?
14:18:58,797 DEBUG BaseGeneralDataRegion:59 - Caching[foo.org.hibernate.cache.spi.UpdateTimestampsCache] : [CourseMeeting] -> [5579091143872512]
14:18:58,797 DEBUG SQL:104 - 
    delete 
    from
        Course 
    where
        courseCode=?
14:18:58,797 DEBUG BaseGeneralDataRegion:59 - Caching[foo.org.hibernate.cache.spi.UpdateTimestampsCache] : [Course] -> [5579091143872513]
14:18:58,797 DEBUG BaseGeneralDataRegion:59 - Caching[foo.org.hibernate.cache.spi.UpdateTimestampsCache] : [Student] -> [5579090898112514]
14:18:58,808 DEBUG BaseGeneralDataRegion:59 - Caching[foo.org.hibernate.cache.spi.UpdateTimestampsCache] : [Course] -> [5579090898112514]
14:18:58,809 DEBUG BaseGeneralDataRegion:59 - Caching[foo.org.hibernate.cache.spi.UpdateTimestampsCache] : [Enrolment] -> [5579090898112514]
14:18:58,809 DEBUG BaseGeneralDataRegion:59 - Caching[foo.org.hibernate.cache.spi.UpdateTimestampsCache] : [Student_secretCodes] -> [5579090898112514]
14:18:58,809 DEBUG BaseGeneralDataRegion:59 - Caching[foo.org.hibernate.cache.spi.UpdateTimestampsCache] : [Address] -> [5579090898112514]
14:18:58,809 DEBUG BaseGeneralDataRegion:59 - Caching[foo.org.hibernate.cache.spi.UpdateTimestampsCache] : [CourseMeeting] -> [5579090898112514]
14:18:58,810  INFO CustomRunner:139 - Test: testMultiSelectUsingImplicitJoinWithFetchJoinListHql
14:18:58,811 DEBUG SQL:104 - 
    select
        coursemeet_.courseCode,
        coursemeet_.day,
        coursemeet_.period,
        coursemeet_.location 
    from
        CourseMeeting coursemeet_ 
    where
        coursemeet_.courseCode=? 
        and coursemeet_.day=? 
        and coursemeet_.period=? 
        and coursemeet_.location=?
14:18:58,812 DEBUG SQL:104 - 
    select
        coursemeet_.courseCode,
        coursemeet_.day,
        coursemeet_.period,
        coursemeet_.location 
    from
        CourseMeeting coursemeet_ 
    where
        coursemeet_.courseCode=? 
        and coursemeet_.day=? 
        and coursemeet_.period=? 
        and coursemeet_.location=?
14:18:58,820 DEBUG SQL:104 - 
    insert 
    into
        Course
        (description, courseCode) 
    values
        (?, ?)
14:18:58,821 DEBUG BaseGeneralDataRegion:59 - Caching[foo.org.hibernate.cache.spi.UpdateTimestampsCache] : [Course] -> [5579091143970816]
14:18:58,821 DEBUG SQL:104 - 
    insert 
    into
        CourseMeeting
        (courseCode, day, period, location) 
    values
        (?, ?, ?, ?)
14:18:58,821 DEBUG BaseGeneralDataRegion:59 - Caching[foo.org.hibernate.cache.spi.UpdateTimestampsCache] : [CourseMeeting] -> [5579091143970817]
14:18:58,821 DEBUG SQL:104 - 
    insert 
    into
        CourseMeeting
        (courseCode, day, period, location) 
    values
        (?, ?, ?, ?)
14:18:58,822 DEBUG BaseGeneralDataRegion:59 - Caching[foo.org.hibernate.cache.spi.UpdateTimestampsCache] : [CourseMeeting] -> [5579091143974912]
14:18:58,822 DEBUG SQL:104 - 
    insert 
    into
        Student
        (name_first, name_middle, name_last, preferredCourseCode, studentId) 
    values
        (?, ?, ?, ?, ?)
14:18:58,822 DEBUG BaseGeneralDataRegion:59 - Caching[foo.org.hibernate.cache.spi.UpdateTimestampsCache] : [Student] -> [5579091143974913]
14:18:58,822 DEBUG SQL:104 - 
    insert 
    into
        Address
        (addressType, street, city, stateProvince, postalCode, country, studentNumber, id) 
    values
        (?, ?, ?, ?, ?, ?, ?, ?)
14:18:58,822 DEBUG BaseGeneralDataRegion:59 - Caching[foo.org.hibernate.cache.spi.UpdateTimestampsCache] : [Address] -> [5579091143974914]
14:18:58,822 DEBUG SQL:104 - 
    insert 
    into
        Address
        (addressType, street, city, stateProvince, postalCode, country, studentNumber, id) 
    values
        (?, ?, ?, ?, ?, ?, ?, ?)
14:18:58,842 DEBUG BaseGeneralDataRegion:59 - Caching[foo.org.hibernate.cache.spi.UpdateTimestampsCache] : [Address] -> [5579091144056832]
14:18:58,842 DEBUG SQL:104 - 
    insert 
    into
        Student
        (name_first, name_middle, name_last, preferredCourseCode, studentId) 
    values
        (?, ?, ?, ?, ?)
14:18:58,843 DEBUG BaseGeneralDataRegion:59 - Caching[foo.org.hibernate.cache.spi.UpdateTimestampsCache] : [Student] -> [5579091144060928]
14:18:58,843 DEBUG SQL:104 - 
    insert 
    into
        Enrolment
        (semester, "year", studentId, courseCode) 
    values
        (?, ?, ?, ?)
14:18:58,844 DEBUG BaseGeneralDataRegion:59 - Caching[foo.org.hibernate.cache.spi.UpdateTimestampsCache] : [Enrolment] -> [5579091144065024]
14:18:58,844 DEBUG SQL:104 - 
    insert 
    into
        Enrolment
        (semester, "year", studentId, courseCode) 
    values
        (?, ?, ?, ?)
14:18:58,851 DEBUG BaseGeneralDataRegion:59 - Caching[foo.org.hibernate.cache.spi.UpdateTimestampsCache] : [Enrolment] -> [5579091144093696]
14:18:58,852 DEBUG BaseGeneralDataRegion:59 - Caching[foo.org.hibernate.cache.spi.UpdateTimestampsCache] : [CourseMeeting] -> [5579091144097792]
14:18:58,852 DEBUG BaseGeneralDataRegion:59 - Caching[foo.org.hibernate.cache.spi.UpdateTimestampsCache] : [Enrolment] -> [5579091144097793]
14:18:58,852 DEBUG SQL:104 - 
    update
        Address 
    set
        studentNumber=?,
        addressType=? 
    where
        id=?
14:18:58,853 DEBUG SQL:104 - 
    update
        Address 
    set
        studentNumber=?,
        addressType=? 
    where
        id=?
14:18:58,853 DEBUG BaseGeneralDataRegion:59 - Caching[foo.org.hibernate.cache.spi.UpdateTimestampsCache] : [Address] -> [5579091144101888]
14:18:58,853 DEBUG SQL:104 - 
    insert 
    into
        Student_secretCodes
        (studentNumber, i, secretCode) 
    values
        (?, ?, ?)
14:18:58,854 DEBUG BaseGeneralDataRegion:59 - Caching[foo.org.hibernate.cache.spi.UpdateTimestampsCache] : [Student_secretCodes] -> [5579091144105984]
14:18:58,854 DEBUG BaseGeneralDataRegion:59 - Caching[foo.org.hibernate.cache.spi.UpdateTimestampsCache] : [Enrolment] -> [5579091144105985]
14:18:58,854 DEBUG BaseGeneralDataRegion:59 - Caching[foo.org.hibernate.cache.spi.UpdateTimestampsCache] : [Address] -> [5579091144105986]
14:18:58,863 DEBUG SQL:104 - 
    insert 
    into
        Student_secretCodes
        (studentNumber, i, secretCode) 
    values
        (?, ?, ?)
14:18:58,863 DEBUG SQL:104 - 
    insert 
    into
        Student_secretCodes
        (studentNumber, i, secretCode) 
    values
        (?, ?, ?)
14:18:58,863 DEBUG BaseGeneralDataRegion:59 - Caching[foo.org.hibernate.cache.spi.UpdateTimestampsCache] : [Student_secretCodes] -> [5579091144142848]
14:18:58,864 DEBUG BaseGeneralDataRegion:59 - Caching[foo.org.hibernate.cache.spi.UpdateTimestampsCache] : [Student] -> [5579090898382849]
14:18:58,864 DEBUG BaseGeneralDataRegion:59 - Caching[foo.org.hibernate.cache.spi.UpdateTimestampsCache] : [Course] -> [5579090898382849]
14:18:58,864 DEBUG BaseGeneralDataRegion:59 - Caching[foo.org.hibernate.cache.spi.UpdateTimestampsCache] : [Enrolment] -> [5579090898382849]
14:18:58,864 DEBUG BaseGeneralDataRegion:59 - Caching[foo.org.hibernate.cache.spi.UpdateTimestampsCache] : [Student_secretCodes] -> [5579090898382849]
14:18:58,864 DEBUG BaseGeneralDataRegion:59 - Caching[foo.org.hibernate.cache.spi.UpdateTimestampsCache] : [Address] -> [5579090898382849]
14:18:58,864 DEBUG BaseGeneralDataRegion:59 - Caching[foo.org.hibernate.cache.spi.UpdateTimestampsCache] : [CourseMeeting] -> [5579090898382849]
14:18:58,864 DEBUG QueryTranslatorImpl:265 - parse() - HQL: select s as s, s.preferredCourse as pc from org.hibernate.test.querycache.Student s left join fetch s.enrolments
14:18:58,866 DEBUG QueryTranslatorImpl:283 - --- HQL AST ---
 \-[QUERY] Node: 'query'
    \-[SELECT_FROM] Node: 'SELECT_FROM'
       +-[FROM] Node: 'from'
       |  +-[RANGE] Node: 'RANGE'
       |  |  +-[DOT] Node: '.'
       |  |  |  +-[DOT] Node: '.'
       |  |  |  |  +-[DOT] Node: '.'
       |  |  |  |  |  +-[DOT] Node: '.'
       |  |  |  |  |  |  +-[IDENT] Node: 'org'
       |  |  |  |  |  |  \-[IDENT] Node: 'hibernate'
       |  |  |  |  |  \-[IDENT] Node: 'test'
       |  |  |  |  \-[IDENT] Node: 'querycache'
       |  |  |  \-[IDENT] Node: 'Student'
       |  |  \-[ALIAS] Node: 's'
       |  \-[JOIN] Node: 'join'
       |     +-[LEFT] Node: 'left'
       |     +-[FETCH] Node: 'fetch'
       |     \-[DOT] Node: '.'
       |        +-[IDENT] Node: 's'
       |        \-[IDENT] Node: 'enrolments'
       \-[SELECT] Node: 'select'
          +-[AS] Node: 'as'
          |  +-[IDENT] Node: 's'
          |  \-[IDENT] Node: 's'
          \-[AS] Node: 'as'
             +-[DOT] Node: '.'
             |  +-[IDENT] Node: 's'
             |  \-[IDENT] Node: 'preferredCourse'
             \-[IDENT] Node: 'pc'

14:18:58,866 DEBUG ErrorCounter:82 - throwQueryException() : no errors
14:18:58,866 DEBUG FromElement:157 - FromClause{level=1} : org.hibernate.test.querycache.Student (s) -> student0_
14:18:58,866 DEBUG FromReferenceNode:74 - Resolved : s -> student0_.studentId
14:18:58,866 DEBUG DotNode:599 - getDataType() : enrolments -> org.hibernate.type.SetType(org.hibernate.test.querycache.Student.enrolments)
14:18:58,867 DEBUG FromElementFactory:376 - createEntityAssociation() : One to many - path = s.enrolments role = org.hibernate.test.querycache.Student.enrolments associatedEntityName = org.hibernate.test.querycache.Enrolment
14:18:58,867 DEBUG FromElement:157 - FromClause{level=1} : org.hibernate.test.querycache.Enrolment (<no alias>) -> enrolments1_
14:18:58,867 DEBUG FromClause:282 - addJoinByPathMap() : s.enrolments -> FromElement{explicit,not a collection join,not a fetch join,fetch non-lazy properties,classAlias=null,role=null,tableName=Enrolment,tableAlias=enrolments1_,origin=Student student0_,columns={student0_.studentId ,className=org.hibernate.test.querycache.Enrolment}}
14:18:58,867 DEBUG DotNode:308 - dereferenceCollection() : Created new FROM element for s.enrolments : Enrolment enrolments1_
14:18:58,867 DEBUG FromReferenceNode:74 - Resolved : s.enrolments -> .
14:18:58,867 DEBUG HqlSqlWalker:403 - createFromJoinElement() : -- join tree --
 \-[JOIN_FRAGMENT] FromElement: 'Enrolment enrolments1_' FromElement{explicit,not a collection join,fetch join,fetch non-lazy properties,classAlias=null,role=org.hibernate.test.querycache.Student.enrolments,tableName=Enrolment,tableAlias=enrolments1_,origin=Student student0_,columns={student0_.studentId ,className=org.hibernate.test.querycache.Enrolment}}

14:18:58,867 DEBUG FromReferenceNode:74 - Resolved : s -> student0_.studentId
14:18:58,867 DEBUG FromReferenceNode:74 - Resolved : s -> student0_.studentId
14:18:58,868 DEBUG DotNode:599 - getDataType() : preferredCourse -> org.hibernate.type.ManyToOneType(org.hibernate.test.querycache.Course)
14:18:58,868 DEBUG DotNode:389 - dereferenceEntityJoin() : generating join for preferredCourse in org.hibernate.test.querycache.Student (<no alias>) parent = [ {null} ]
14:18:58,868 DEBUG FromElement:157 - FromClause{level=1} : org.hibernate.test.querycache.Course (<no alias>) -> course2_
14:18:58,868 DEBUG FromClause:282 - addJoinByPathMap() : s.preferredCourse -> FromElement{explicit,not a collection join,not a fetch join,fetch non-lazy properties,classAlias=null,role=null,tableName=Course,tableAlias=course2_,origin=Student student0_,columns={student0_.preferredCourseCode ,className=org.hibernate.test.querycache.Course}}
14:18:58,868 DEBUG FromReferenceNode:74 - Resolved : s.preferredCourse -> student0_.preferredCourseCode
14:18:58,868 DEBUG HqlSqlWalker:629 - processQuery() :  ( SELECT ( {select clause} student0_.studentId ( student0_.preferredCourseCode student0_.studentId preferredCourse ) ) ( FromClause{level=1} ( Student student0_ Enrolment enrolments1_ Course course2_ ) ) )
14:18:58,887 DEBUG JoinProcessor:175 - Using FROM fragment [Student student0_]
14:18:58,888 DEBUG JoinProcessor:175 - Using FROM fragment [left outer join Enrolment enrolments1_ on student0_.studentId=enrolments1_.studentId]
14:18:58,888 DEBUG JoinProcessor:175 - Using FROM fragment [inner join Course course2_ on student0_.preferredCourseCode=course2_.courseCode]
14:18:58,889 DEBUG QueryTranslatorImpl:252 - --- SQL AST ---
 \-[SELECT] QueryNode: 'SELECT'  querySpaces (Student,Course,Enrolment)
    +-[SELECT_CLAUSE] SelectClause: '{select clause}'
    |  +-[ALIAS_REF] IdentNode: 'student0_.studentId as studentId4_0_' {alias=s, className=org.hibernate.test.querycache.Student, tableAlias=student0_}
    |  +-[DOT] DotNode: 'course2_.courseCode as courseCode1_1_' {propertyName=preferredCourse,dereferenceType=EOF,propertyPath=preferredCourse,path=s.preferredCourse,tableAlias=course2_,className=org.hibernate.test.querycache.Course,classAlias=null}
    |  |  +-[ALIAS_REF] IdentNode: 'student0_.studentId' {alias=s, className=org.hibernate.test.querycache.Student, tableAlias=student0_}
    |  |  \-[IDENT] IdentNode: 'preferredCourse' {originalText=preferredCourse}
    |  +-[SELECT_EXPR] SelectExpressionImpl: 'enrolments1_.studentId as studentId3_2_, enrolments1_.courseCode as courseCode3_2_' {FromElement{explicit,not a collection join,fetch join,fetch non-lazy properties,classAlias=null,role=org.hibernate.test.querycache.Student.enrolments,tableName=Enrolment,tableAlias=enrolments1_,origin=Student student0_,columns={student0_.studentId ,className=org.hibernate.test.querycache.Enrolment}}}
    |  +-[SQL_TOKEN] SqlFragment: 'student0_.name_first as name2_4_0_, student0_.name_middle as name3_4_0_, student0_.name_last as name4_4_0_, student0_.preferredCourseCode as preferre5_4_0_'
    |  +-[SQL_TOKEN] SqlFragment: 'course2_.description as descript2_1_1_'
    |  +-[SQL_TOKEN] SqlFragment: 'enrolments1_.semester as semester3_2_, enrolments1_."year" as year4_3_2_'
    |  \-[SQL_TOKEN] SqlFragment: 'enrolments1_.studentId as studentId4_0__, enrolments1_.studentId as studentId3_0__, enrolments1_.courseCode as courseCode3_0__'
    \-[FROM] FromClause: 'from' FromClause{level=1, fromElementCounter=3, fromElements=3, fromElementByClassAlias=[s], fromElementByTableAlias=[student0_, course2_, enrolments1_], fromElementsByPath=[s.enrolments, s.preferredCourse], collectionJoinFromElementsByPath=[], impliedElements=[]}
       \-[FROM_FRAGMENT] FromElement: 'Student student0_' FromElement{explicit,not a collection join,not a fetch join,fetch non-lazy properties,classAlias=s,role=null,tableName=Student,tableAlias=student0_,origin=null,columns={,className=org.hibernate.test.querycache.Student}}
          +-[JOIN_FRAGMENT] FromElement: 'left outer join Enrolment enrolments1_ on student0_.studentId=enrolments1_.studentId' FromElement{explicit,not a collection join,fetch join,fetch non-lazy properties,classAlias=null,role=org.hibernate.test.querycache.Student.enrolments,tableName=Enrolment,tableAlias=enrolments1_,origin=Student student0_,columns={student0_.studentId ,className=org.hibernate.test.querycache.Enrolment}}
          \-[JOIN_FRAGMENT] FromElement: 'inner join Course course2_ on student0_.preferredCourseCode=course2_.courseCode' FromElement{explicit,not a collection join,not a fetch join,fetch non-lazy properties,classAlias=null,role=null,tableName=Course,tableAlias=course2_,origin=Student student0_,columns={student0_.preferredCourseCode ,className=org.hibernate.test.querycache.Course}}

14:18:58,889 DEBUG ErrorCounter:82 - throwQueryException() : no errors
14:18:58,889 DEBUG QueryTranslatorImpl:235 - HQL: select s as s, s.preferredCourse as pc from org.hibernate.test.querycache.Student s left join fetch s.enrolments
14:18:58,889 DEBUG QueryTranslatorImpl:236 - SQL: select student0_.studentId as studentId4_0_, course2_.courseCode as courseCode1_1_, enrolments1_.studentId as studentId3_2_, enrolments1_.courseCode as courseCode3_2_, student0_.name_first as name2_4_0_, student0_.name_middle as name3_4_0_, student0_.name_last as name4_4_0_, student0_.preferredCourseCode as preferre5_4_0_, course2_.description as descript2_1_1_, enrolments1_.semester as semester3_2_, enrolments1_."year" as year4_3_2_, enrolments1_.studentId as studentId4_0__, enrolments1_.studentId as studentId3_0__, enrolments1_.courseCode as courseCode3_0__ from Student student0_ left outer join Enrolment enrolments1_ on student0_.studentId=enrolments1_.studentId inner join Course course2_ on student0_.preferredCourseCode=course2_.courseCode
14:18:58,889 DEBUG ErrorCounter:82 - throwQueryException() : no errors
14:18:58,890 DEBUG SQL:104 - 
    select
        student0_.studentId as studentId4_0_,
        course2_.courseCode as courseCode1_1_,
        enrolments1_.studentId as studentId3_2_,
        enrolments1_.courseCode as courseCode3_2_,
        student0_.name_first as name2_4_0_,
        student0_.name_middle as name3_4_0_,
        student0_.name_last as name4_4_0_,
        student0_.preferredCourseCode as preferre5_4_0_,
        course2_.description as descript2_1_1_,
        enrolments1_.semester as semester3_2_,
        enrolments1_."year" as year4_3_2_,
        enrolments1_.studentId as studentId4_0__,
        enrolments1_.studentId as studentId3_0__,
        enrolments1_.courseCode as courseCode3_0__ 
    from
        Student student0_ 
    left outer join
        Enrolment enrolments1_ 
            on student0_.studentId=enrolments1_.studentId 
    inner join
        Course course2_ 
            on student0_.preferredCourseCode=course2_.courseCode
14:18:58,900 DEBUG SQL:104 - 
    select
        coursemeet0_.courseCode as courseCode1_1_,
        coursemeet0_.courseCode as courseCode2_1_,
        coursemeet0_.day as day2_1_,
        coursemeet0_.period as period2_1_,
        coursemeet0_.location as location2_1_,
        coursemeet0_.courseCode as courseCode2_0_,
        coursemeet0_.day as day2_0_,
        coursemeet0_.period as period2_0_,
        coursemeet0_.location as location2_0_ 
    from
        CourseMeeting coursemeet0_ 
    where
        coursemeet0_.courseCode=?
14:18:58,910 DEBUG SQL:104 - 
    select
        secretcode0_.studentNumber as studentN1_4_0_,
        secretcode0_.secretCode as secretCode5_0_,
        secretcode0_.i as i0_ 
    from
        Student_secretCodes secretcode0_ 
    where
        secretcode0_.studentNumber=?
14:18:58,911 DEBUG BaseGeneralDataRegion:59 - Caching[foo.org.hibernate.cache.internal.StandardQueryCache] : [sql: select student0_.studentId as studentId4_0_, course2_.courseCode as courseCode1_1_, enrolments1_.studentId as studentId3_2_, enrolments1_.courseCode as courseCode3_2_, student0_.name_first as name2_4_0_, student0_.name_middle as name3_4_0_, student0_.name_last as name4_4_0_, student0_.preferredCourseCode as preferre5_4_0_, course2_.description as descript2_1_1_, enrolments1_.semester as semester3_2_, enrolments1_."year" as year4_3_2_, enrolments1_.studentId as studentId4_0__, enrolments1_.studentId as studentId3_0__, enrolments1_.courseCode as courseCode3_0__ from Student student0_ left outer join Enrolment enrolments1_ on student0_.studentId=enrolments1_.studentId inner join Course course2_ on student0_.preferredCourseCode=course2_.courseCode; parameters: ; named parameters: {}; transformer: org.hibernate.transform.CacheableResultTransformer@2513f6c] -> [[5579090898579456, [Ljava.io.Serializable;@7fe65ca8]]
14:18:58,912 DEBUG SQL:104 - 
    select
        student0_.studentId as studentId4_0_,
        course2_.courseCode as courseCode1_1_,
        enrolments1_.studentId as studentId3_2_,
        enrolments1_.courseCode as courseCode3_2_,
        student0_.name_first as name2_4_0_,
        student0_.name_middle as name3_4_0_,
        student0_.name_last as name4_4_0_,
        student0_.preferredCourseCode as preferre5_4_0_,
        course2_.description as descript2_1_1_,
        enrolments1_.semester as semester3_2_,
        enrolments1_."year" as year4_3_2_,
        enrolments1_.studentId as studentId4_0__,
        enrolments1_.studentId as studentId3_0__,
        enrolments1_.courseCode as courseCode3_0__ 
    from
        Student student0_ 
    left outer join
        Enrolment enrolments1_ 
            on student0_.studentId=enrolments1_.studentId 
    inner join
        Course course2_ 
            on student0_.preferredCourseCode=course2_.courseCode
14:18:58,920 DEBUG SQL:104 - 
    select
        coursemeet0_.courseCode as courseCode1_1_,
        coursemeet0_.courseCode as courseCode2_1_,
        coursemeet0_.day as day2_1_,
        coursemeet0_.period as period2_1_,
        coursemeet0_.location as location2_1_,
        coursemeet0_.courseCode as courseCode2_0_,
        coursemeet0_.day as day2_0_,
        coursemeet0_.period as period2_0_,
        coursemeet0_.location as location2_0_ 
    from
        CourseMeeting coursemeet0_ 
    where
        coursemeet0_.courseCode=?
14:18:58,922 DEBUG SQL:104 - 
    select
        secretcode0_.studentNumber as studentN1_4_0_,
        secretcode0_.secretCode as secretCode5_0_,
        secretcode0_.i as i0_ 
    from
        Student_secretCodes secretcode0_ 
    where
        secretcode0_.studentNumber=?
14:18:58,922 DEBUG BaseGeneralDataRegion:59 - Caching[foo.org.hibernate.cache.internal.StandardQueryCache] : [sql: select student0_.studentId as studentId4_0_, course2_.courseCode as courseCode1_1_, enrolments1_.studentId as studentId3_2_, enrolments1_.courseCode as courseCode3_2_, student0_.name_first as name2_4_0_, student0_.name_middle as name3_4_0_, student0_.name_last as name4_4_0_, student0_.preferredCourseCode as preferre5_4_0_, course2_.description as descript2_1_1_, enrolments1_.semester as semester3_2_, enrolments1_."year" as year4_3_2_, enrolments1_.studentId as studentId4_0__, enrolments1_.studentId as studentId3_0__, enrolments1_.courseCode as courseCode3_0__ from Student student0_ left outer join Enrolment enrolments1_ on student0_.studentId=enrolments1_.studentId inner join Course course2_ on student0_.preferredCourseCode=course2_.courseCode; parameters: ; named parameters: {}; transformer: org.hibernate.transform.CacheableResultTransformer@2513f6c] -> [[5579090898624512, [Ljava.io.Serializable;@2d313162]]
14:18:58,922 DEBUG SQL:104 - 
    select
        student_.studentId,
        student_.name_first as name2_4_,
        student_.name_middle as name3_4_,
        student_.name_last as name4_4_,
        student_.preferredCourseCode as preferre5_4_ 
    from
        Student student_ 
    where
        student_.studentId=?
14:18:58,923 DEBUG SQL:104 - 
    select
        enrolment_.studentId,
        enrolment_.courseCode,
        enrolment_.semester as semester3_,
        enrolment_."year" as year4_3_ 
    from
        Enrolment enrolment_ 
    where
        enrolment_.studentId=? 
        and enrolment_.courseCode=?
14:18:58,923 DEBUG SQL:104 - 
    select
        course_.courseCode,
        course_.description as descript2_1_ 
    from
        Course course_ 
    where
        course_.courseCode=?
14:18:58,932 DEBUG SQL:104 - 
    select
        student_.studentId,
        student_.name_first as name2_4_,
        student_.name_middle as name3_4_,
        student_.name_last as name4_4_,
        student_.preferredCourseCode as preferre5_4_ 
    from
        Student student_ 
    where
        student_.studentId=?
14:18:58,933 DEBUG SQL:104 - 
    select
        enrolment_.studentId,
        enrolment_.courseCode,
        enrolment_.semester as semester3_,
        enrolment_."year" as year4_3_ 
    from
        Enrolment enrolment_ 
    where
        enrolment_.studentId=? 
        and enrolment_.courseCode=?
14:18:58,933 DEBUG SQL:104 - 
    select
        coursemeet_.courseCode,
        coursemeet_.day,
        coursemeet_.period,
        coursemeet_.location 
    from
        CourseMeeting coursemeet_ 
    where
        coursemeet_.courseCode=? 
        and coursemeet_.day=? 
        and coursemeet_.period=? 
        and coursemeet_.location=?
14:18:58,942 DEBUG SQL:104 - 
    select
        coursemeet_.courseCode,
        coursemeet_.day,
        coursemeet_.period,
        coursemeet_.location 
    from
        CourseMeeting coursemeet_ 
    where
        coursemeet_.courseCode=? 
        and coursemeet_.day=? 
        and coursemeet_.period=? 
        and coursemeet_.location=?
14:18:58,944 DEBUG BaseGeneralDataRegion:59 - Caching[foo.org.hibernate.cache.spi.UpdateTimestampsCache] : [Enrolment] -> [5579091144474624]
14:18:58,944 DEBUG SQL:104 - 
    update
        Address 
    set
        studentNumber=null,
        addressType=null 
    where
        studentNumber=?
14:18:58,945 DEBUG BaseGeneralDataRegion:59 - Caching[foo.org.hibernate.cache.spi.UpdateTimestampsCache] : [Address] -> [5579091144478720]
14:18:58,945 DEBUG SQL:104 - 
    delete 
    from
        Student_secretCodes 
    where
        studentNumber=?
14:18:58,945 DEBUG BaseGeneralDataRegion:59 - Caching[foo.org.hibernate.cache.spi.UpdateTimestampsCache] : [Student_secretCodes] -> [5579091144478721]
14:18:58,945 DEBUG BaseGeneralDataRegion:59 - Caching[foo.org.hibernate.cache.spi.UpdateTimestampsCache] : [Enrolment] -> [5579091144478722]
14:18:58,945 DEBUG BaseGeneralDataRegion:59 - Caching[foo.org.hibernate.cache.spi.UpdateTimestampsCache] : [Address] -> [5579091144478723]
14:18:58,945 DEBUG SQL:104 - 
    delete 
    from
        Student_secretCodes 
    where
        studentNumber=?
14:18:58,964 DEBUG BaseGeneralDataRegion:59 - Caching[foo.org.hibernate.cache.spi.UpdateTimestampsCache] : [Student_secretCodes] -> [5579091144556544]
14:18:58,965 DEBUG BaseGeneralDataRegion:59 - Caching[foo.org.hibernate.cache.spi.UpdateTimestampsCache] : [CourseMeeting] -> [5579091144560640]
14:18:58,966 DEBUG SQL:104 - 
    delete 
    from
        Enrolment 
    where
        studentId=? 
        and courseCode=?
14:18:58,967 DEBUG BaseGeneralDataRegion:59 - Caching[foo.org.hibernate.cache.spi.UpdateTimestampsCache] : [Enrolment] -> [5579091144568832]
14:18:58,967 DEBUG SQL:104 - 
    delete 
    from
        Address 
    where
        id=?
14:18:58,967 DEBUG BaseGeneralDataRegion:59 - Caching[foo.org.hibernate.cache.spi.UpdateTimestampsCache] : [Address] -> [5579091144568833]
14:18:58,968 DEBUG SQL:104 - 
    delete 
    from
        Address 
    where
        id=?
14:18:58,968 DEBUG BaseGeneralDataRegion:59 - Caching[foo.org.hibernate.cache.spi.UpdateTimestampsCache] : [Address] -> [5579091144572928]
14:18:58,968 DEBUG SQL:104 - 
    delete 
    from
        Student 
    where
        studentId=?
14:18:58,973 DEBUG BaseGeneralDataRegion:59 - Caching[foo.org.hibernate.cache.spi.UpdateTimestampsCache] : [Student] -> [5579091144593408]
14:18:58,974 DEBUG SQL:104 - 
    delete 
    from
        Enrolment 
    where
        studentId=? 
        and courseCode=?
14:18:58,974 DEBUG BaseGeneralDataRegion:59 - Caching[foo.org.hibernate.cache.spi.UpdateTimestampsCache] : [Enrolment] -> [5579091144597504]
14:18:58,974 DEBUG SQL:104 - 
    delete 
    from
        Student 
    where
        studentId=?
14:18:58,974 DEBUG BaseGeneralDataRegion:59 - Caching[foo.org.hibernate.cache.spi.UpdateTimestampsCache] : [Student] -> [5579091144597505]
14:18:58,975 DEBUG SQL:104 - 
    delete 
    from
        CourseMeeting 
    where
        courseCode=? 
        and day=? 
        and period=? 
        and location=?
14:18:58,976 DEBUG BaseGeneralDataRegion:59 - Caching[foo.org.hibernate.cache.spi.UpdateTimestampsCache] : [CourseMeeting] -> [5579091144605696]
14:18:58,976 DEBUG SQL:104 - 
    delete 
    from
        CourseMeeting 
    where
        courseCode=? 
        and day=? 
        and period=? 
        and location=?
14:18:58,985 DEBUG BaseGeneralDataRegion:59 - Caching[foo.org.hibernate.cache.spi.UpdateTimestampsCache] : [CourseMeeting] -> [5579091144642560]
14:18:58,985 DEBUG SQL:104 - 
    delete 
    from
        Course 
    where
        courseCode=?
14:18:58,986 DEBUG BaseGeneralDataRegion:59 - Caching[foo.org.hibernate.cache.spi.UpdateTimestampsCache] : [Course] -> [5579091144646656]
14:18:58,986 DEBUG BaseGeneralDataRegion:59 - Caching[foo.org.hibernate.cache.spi.UpdateTimestampsCache] : [Student] -> [5579090898886657]
14:18:58,987 DEBUG BaseGeneralDataRegion:59 - Caching[foo.org.hibernate.cache.spi.UpdateTimestampsCache] : [Course] -> [5579090898886657]
14:18:58,987 DEBUG BaseGeneralDataRegion:59 - Caching[foo.org.hibernate.cache.spi.UpdateTimestampsCache] : [Enrolment] -> [5579090898886657]
14:18:58,987 DEBUG BaseGeneralDataRegion:59 - Caching[foo.org.hibernate.cache.spi.UpdateTimestampsCache] : [Student_secretCodes] -> [5579090898886657]
14:18:58,987 DEBUG BaseGeneralDataRegion:59 - Caching[foo.org.hibernate.cache.spi.UpdateTimestampsCache] : [Address] -> [5579090898886657]
14:18:58,987 DEBUG BaseGeneralDataRegion:59 - Caching[foo.org.hibernate.cache.spi.UpdateTimestampsCache] : [CourseMeeting] -> [5579090898886657]
14:18:58,987  INFO CustomRunner:139 - Test: testOneEntityProjectionList
14:18:58,988 DEBUG SQL:104 - 
    select
        coursemeet_.courseCode,
        coursemeet_.day,
        coursemeet_.period,
        coursemeet_.location 
    from
        CourseMeeting coursemeet_ 
    where
        coursemeet_.courseCode=? 
        and coursemeet_.day=? 
        and coursemeet_.period=? 
        and coursemeet_.location=?
14:18:58,995 DEBUG SQL:104 - 
    select
        coursemeet_.courseCode,
        coursemeet_.day,
        coursemeet_.period,
        coursemeet_.location 
    from
        CourseMeeting coursemeet_ 
    where
        coursemeet_.courseCode=? 
        and coursemeet_.day=? 
        and coursemeet_.period=? 
        and coursemeet_.location=?
14:18:58,997 DEBUG SQL:104 - 
    insert 
    into
        Course
        (description, courseCode) 
    values
        (?, ?)
14:18:58,997 DEBUG BaseGeneralDataRegion:59 - Caching[foo.org.hibernate.cache.spi.UpdateTimestampsCache] : [Course] -> [5579091144691712]
14:18:59,005 DEBUG SQL:104 - 
    insert 
    into
        CourseMeeting
        (courseCode, day, period, location) 
    values
        (?, ?, ?, ?)
14:18:59,006 DEBUG BaseGeneralDataRegion:59 - Caching[foo.org.hibernate.cache.spi.UpdateTimestampsCache] : [CourseMeeting] -> [5579091144728576]
14:18:59,006 DEBUG SQL:104 - 
    insert 
    into
        CourseMeeting
        (courseCode, day, period, location) 
    values
        (?, ?, ?, ?)
14:18:59,007 DEBUG BaseGeneralDataRegion:59 - Caching[foo.org.hibernate.cache.spi.UpdateTimestampsCache] : [CourseMeeting] -> [5579091144732672]
14:18:59,007 DEBUG SQL:104 - 
    insert 
    into
        Student
        (name_first, name_middle, name_last, preferredCourseCode, studentId) 
    values
        (?, ?, ?, ?, ?)
14:18:59,007 DEBUG BaseGeneralDataRegion:59 - Caching[foo.org.hibernate.cache.spi.UpdateTimestampsCache] : [Student] -> [5579091144732673]
14:18:59,007 DEBUG SQL:104 - 
    insert 
    into
        Address
        (addressType, street, city, stateProvince, postalCode, country, studentNumber, id) 
    values
        (?, ?, ?, ?, ?, ?, ?, ?)
14:18:59,017 DEBUG BaseGeneralDataRegion:59 - Caching[foo.org.hibernate.cache.spi.UpdateTimestampsCache] : [Address] -> [5579091144773632]
14:18:59,017 DEBUG SQL:104 - 
    insert 
    into
        Address
        (addressType, street, city, stateProvince, postalCode, country, studentNumber, id) 
    values
        (?, ?, ?, ?, ?, ?, ?, ?)
14:18:59,018 DEBUG BaseGeneralDataRegion:59 - Caching[foo.org.hibernate.cache.spi.UpdateTimestampsCache] : [Address] -> [5579091144777728]
14:18:59,018 DEBUG SQL:104 - 
    insert 
    into
        Student
        (name_first, name_middle, name_last, preferredCourseCode, studentId) 
    values
        (?, ?, ?, ?, ?)
14:18:59,018 DEBUG BaseGeneralDataRegion:59 - Caching[foo.org.hibernate.cache.spi.UpdateTimestampsCache] : [Student] -> [5579091144777729]
14:18:59,019 DEBUG SQL:104 - 
    insert 
    into
        Enrolment
        (semester, "year", studentId, courseCode) 
    values
        (?, ?, ?, ?)
14:18:59,019 DEBUG BaseGeneralDataRegion:59 - Caching[foo.org.hibernate.cache.spi.UpdateTimestampsCache] : [Enrolment] -> [5579091144781824]
14:18:59,019 DEBUG SQL:104 - 
    insert 
    into
        Enrolment
        (semester, "year", studentId, courseCode) 
    values
        (?, ?, ?, ?)
14:18:59,027 DEBUG BaseGeneralDataRegion:59 - Caching[foo.org.hibernate.cache.spi.UpdateTimestampsCache] : [Enrolment] -> [5579091144814592]
14:18:59,027 DEBUG BaseGeneralDataRegion:59 - Caching[foo.org.hibernate.cache.spi.UpdateTimestampsCache] : [CourseMeeting] -> [5579091144814593]
14:18:59,028 DEBUG BaseGeneralDataRegion:59 - Caching[foo.org.hibernate.cache.spi.UpdateTimestampsCache] : [Enrolment] -> [5579091144818688]
14:18:59,028 DEBUG SQL:104 - 
    update
        Address 
    set
        studentNumber=?,
        addressType=? 
    where
        id=?
14:18:59,028 DEBUG SQL:104 - 
    update
        Address 
    set
        studentNumber=?,
        addressType=? 
    where
        id=?
14:18:59,028 DEBUG BaseGeneralDataRegion:59 - Caching[foo.org.hibernate.cache.spi.UpdateTimestampsCache] : [Address] -> [5579091144818689]
14:18:59,028 DEBUG SQL:104 - 
    insert 
    into
        Student_secretCodes
        (studentNumber, i, secretCode) 
    values
        (?, ?, ?)
14:18:59,038 DEBUG BaseGeneralDataRegion:59 - Caching[foo.org.hibernate.cache.spi.UpdateTimestampsCache] : [Student_secretCodes] -> [5579091144859648]
14:18:59,039 DEBUG BaseGeneralDataRegion:59 - Caching[foo.org.hibernate.cache.spi.UpdateTimestampsCache] : [Enrolment] -> [5579091144863744]
14:18:59,039 DEBUG BaseGeneralDataRegion:59 - Caching[foo.org.hibernate.cache.spi.UpdateTimestampsCache] : [Address] -> [5579091144863745]
14:18:59,039 DEBUG SQL:104 - 
    insert 
    into
        Student_secretCodes
        (studentNumber, i, secretCode) 
    values
        (?, ?, ?)
14:18:59,039 DEBUG SQL:104 - 
    insert 
    into
        Student_secretCodes
        (studentNumber, i, secretCode) 
    values
        (?, ?, ?)
14:18:59,040 DEBUG BaseGeneralDataRegion:59 - Caching[foo.org.hibernate.cache.spi.UpdateTimestampsCache] : [Student_secretCodes] -> [5579091144867840]
14:18:59,040 DEBUG BaseGeneralDataRegion:59 - Caching[foo.org.hibernate.cache.spi.UpdateTimestampsCache] : [Student] -> [5579090899107841]
14:18:59,040 DEBUG BaseGeneralDataRegion:59 - Caching[foo.org.hibernate.cache.spi.UpdateTimestampsCache] : [Course] -> [5579090899107841]
14:18:59,040 DEBUG BaseGeneralDataRegion:59 - Caching[foo.org.hibernate.cache.spi.UpdateTimestampsCache] : [Enrolment] -> [5579090899107841]
14:18:59,040 DEBUG BaseGeneralDataRegion:59 - Caching[foo.org.hibernate.cache.spi.UpdateTimestampsCache] : [Student_secretCodes] -> [5579090899107841]
14:18:59,040 DEBUG BaseGeneralDataRegion:59 - Caching[foo.org.hibernate.cache.spi.UpdateTimestampsCache] : [Address] -> [5579090899107841]
14:18:59,040 DEBUG BaseGeneralDataRegion:59 - Caching[foo.org.hibernate.cache.spi.UpdateTimestampsCache] : [CourseMeeting] -> [5579090899107841]
14:18:59,041 DEBUG QueryTranslatorImpl:265 - parse() - HQL: select e.student from org.hibernate.test.querycache.Enrolment e order by e.studentNumber
14:18:59,042 DEBUG QueryTranslatorImpl:283 - --- HQL AST ---
 \-[QUERY] Node: 'query'
    +-[SELECT_FROM] Node: 'SELECT_FROM'
    |  +-[FROM] Node: 'from'
    |  |  \-[RANGE] Node: 'RANGE'
    |  |     +-[DOT] Node: '.'
    |  |     |  +-[DOT] Node: '.'
    |  |     |  |  +-[DOT] Node: '.'
    |  |     |  |  |  +-[DOT] Node: '.'
    |  |     |  |  |  |  +-[IDENT] Node: 'org'
    |  |     |  |  |  |  \-[IDENT] Node: 'hibernate'
    |  |     |  |  |  \-[IDENT] Node: 'test'
    |  |     |  |  \-[IDENT] Node: 'querycache'
    |  |     |  \-[IDENT] Node: 'Enrolment'
    |  |     \-[ALIAS] Node: 'e'
    |  \-[SELECT] Node: 'select'
    |     \-[DOT] Node: '.'
    |        +-[IDENT] Node: 'e'
    |        \-[IDENT] Node: 'student'
    \-[ORDER] Node: 'order'
       \-[DOT] Node: '.'
          +-[IDENT] Node: 'e'
          \-[IDENT] Node: 'studentNumber'

14:18:59,042 DEBUG ErrorCounter:82 - throwQueryException() : no errors
14:18:59,042 DEBUG FromElement:157 - FromClause{level=1} : org.hibernate.test.querycache.Enrolment (e) -> enrolment0_
14:18:59,043 DEBUG FromReferenceNode:74 - Resolved : e -> (enrolment0_.studentId, enrolment0_.courseCode)
14:18:59,043 DEBUG DotNode:599 - getDataType() : student -> org.hibernate.type.ManyToOneType(org.hibernate.test.querycache.Student)
14:18:59,043 DEBUG DotNode:389 - dereferenceEntityJoin() : generating join for student in org.hibernate.test.querycache.Enrolment (<no alias>) parent = [ {null} ]
14:18:59,043 DEBUG FromElement:157 - FromClause{level=1} : org.hibernate.test.querycache.Student (<no alias>) -> student1_
14:18:59,043 DEBUG FromClause:282 - addJoinByPathMap() : e.student -> FromElement{explicit,not a collection join,not a fetch join,fetch non-lazy properties,classAlias=null,role=null,tableName=Student,tableAlias=student1_,origin=Enrolment enrolment0_,columns={enrolment0_.studentId ,className=org.hibernate.test.querycache.Student}}
14:18:59,043 DEBUG FromReferenceNode:74 - Resolved : e.student -> enrolment0_.studentId
14:18:59,043 DEBUG FromReferenceNode:74 - Resolved : e -> enrolment0_.studentId, enrolment0_.courseCode
14:18:59,060 DEBUG DotNode:599 - getDataType() : studentNumber -> org.hibernate.type.LongType@4bf3f9d
14:18:59,060 DEBUG FromReferenceNode:74 - Resolved : e.studentNumber -> enrolment0_.studentId
14:18:59,060 DEBUG HqlSqlWalker:629 - processQuery() :  ( SELECT ( {select clause} ( enrolment0_.studentId (enrolment0_.studentId, enrolment0_.courseCode) student ) ) ( FromClause{level=1} ( Enrolment enrolment0_ Student student1_ ) ) ( order ( enrolment0_.studentId enrolment0_.studentId, enrolment0_.courseCode studentNumber ) ) )
14:18:59,060 DEBUG JoinProcessor:175 - Using FROM fragment [Enrolment enrolment0_]
14:18:59,060 DEBUG JoinProcessor:175 - Using FROM fragment [inner join Student student1_ on enrolment0_.studentId=student1_.studentId]
14:18:59,061 DEBUG QueryTranslatorImpl:252 - --- SQL AST ---
 \-[SELECT] QueryNode: 'SELECT'  querySpaces (Student,Enrolment)
    +-[SELECT_CLAUSE] SelectClause: '{select clause}'
    |  +-[DOT] DotNode: 'student1_.studentId as studentId4_' {propertyName=student,dereferenceType=EOF,propertyPath=student,path=e.student,tableAlias=student1_,className=org.hibernate.test.querycache.Student,classAlias=null}
    |  |  +-[ALIAS_REF] IdentNode: '(enrolment0_.studentId, enrolment0_.courseCode)' {alias=e, className=org.hibernate.test.querycache.Enrolment, tableAlias=enrolment0_}
    |  |  \-[IDENT] IdentNode: 'student' {originalText=student}
    |  \-[SQL_TOKEN] SqlFragment: 'student1_.name_first as name2_4_, student1_.name_middle as name3_4_, student1_.name_last as name4_4_, student1_.preferredCourseCode as preferre5_4_'
    +-[FROM] FromClause: 'from' FromClause{level=1, fromElementCounter=2, fromElements=2, fromElementByClassAlias=[e], fromElementByTableAlias=[student1_, enrolment0_], fromElementsByPath=[e.student], collectionJoinFromElementsByPath=[], impliedElements=[]}
    |  \-[FROM_FRAGMENT] FromElement: 'Enrolment enrolment0_' FromElement{explicit,not a collection join,not a fetch join,fetch non-lazy properties,classAlias=e,role=null,tableName=Enrolment,tableAlias=enrolment0_,origin=null,columns={,className=org.hibernate.test.querycache.Enrolment}}
    |     \-[JOIN_FRAGMENT] FromElement: 'inner join Student student1_ on enrolment0_.studentId=student1_.studentId' FromElement{explicit,not a collection join,not a fetch join,fetch non-lazy properties,classAlias=null,role=null,tableName=Student,tableAlias=student1_,origin=Enrolment enrolment0_,columns={enrolment0_.studentId ,className=org.hibernate.test.querycache.Student}}
    \-[ORDER] OrderByClause: 'order'
       \-[DOT] DotNode: 'enrolment0_.studentId' {propertyName=studentNumber,dereferenceType=ALL,propertyPath=studentNumber,path=e.studentNumber,tableAlias=enrolment0_,className=org.hibernate.test.querycache.Enrolment,classAlias=e}
          +-[ALIAS_REF] IdentNode: 'enrolment0_.studentId, enrolment0_.courseCode' {alias=e, className=org.hibernate.test.querycache.Enrolment, tableAlias=enrolment0_}
          \-[IDENT] IdentNode: 'studentNumber' {originalText=studentNumber}

14:18:59,061 DEBUG ErrorCounter:82 - throwQueryException() : no errors
14:18:59,061 DEBUG QueryTranslatorImpl:235 - HQL: select e.student from org.hibernate.test.querycache.Enrolment e order by e.studentNumber
14:18:59,061 DEBUG QueryTranslatorImpl:236 - SQL: select student1_.studentId as studentId4_, student1_.name_first as name2_4_, student1_.name_middle as name3_4_, student1_.name_last as name4_4_, student1_.preferredCourseCode as preferre5_4_ from Enrolment enrolment0_ inner join Student student1_ on enrolment0_.studentId=student1_.studentId order by enrolment0_.studentId
14:18:59,061 DEBUG ErrorCounter:82 - throwQueryException() : no errors
14:18:59,061 DEBUG SQL:104 - 
    select
        student1_.studentId as studentId4_,
        student1_.name_first as name2_4_,
        student1_.name_middle as name3_4_,
        student1_.name_last as name4_4_,
        student1_.preferredCourseCode as preferre5_4_ 
    from
        Enrolment enrolment0_ 
    inner join
        Student student1_ 
            on enrolment0_.studentId=student1_.studentId 
    order by
        enrolment0_.studentId
14:18:59,065 DEBUG SQL:104 - 
    select
        secretcode0_.studentNumber as studentN1_4_0_,
        secretcode0_.secretCode as secretCode5_0_,
        secretcode0_.i as i0_ 
    from
        Student_secretCodes secretcode0_ 
    where
        secretcode0_.studentNumber=?
14:18:59,066 DEBUG SQL:104 - 
    select
        secretcode0_.studentNumber as studentN1_4_0_,
        secretcode0_.secretCode as secretCode5_0_,
        secretcode0_.i as i0_ 
    from
        Student_secretCodes secretcode0_ 
    where
        secretcode0_.studentNumber=?
14:18:59,066 DEBUG BaseGeneralDataRegion:59 - Caching[foo.org.hibernate.cache.internal.StandardQueryCache] : [sql: select student1_.studentId as studentId4_, student1_.name_first as name2_4_, student1_.name_middle as name3_4_, student1_.name_last as name4_4_, student1_.preferredCourseCode as preferre5_4_ from Enrolment enrolment0_ inner join Student student1_ on enrolment0_.studentId=student1_.studentId order by enrolment0_.studentId; parameters: ; named parameters: {}; transformer: org.hibernate.transform.CacheableResultTransformer@110f2] -> [[5579090899214336, 111, 999]]
14:18:59,066 DEBUG SQL:104 - 
    select
        student1_.studentId as studentId4_,
        student1_.name_first as name2_4_,
        student1_.name_middle as name3_4_,
        student1_.name_last as name4_4_,
        student1_.preferredCourseCode as preferre5_4_ 
    from
        Enrolment enrolment0_ 
    inner join
        Student student1_ 
            on enrolment0_.studentId=student1_.studentId 
    order by
        enrolment0_.studentId
14:18:59,067 DEBUG SQL:104 - 
    select
        secretcode0_.studentNumber as studentN1_4_0_,
        secretcode0_.secretCode as secretCode5_0_,
        secretcode0_.i as i0_ 
    from
        Student_secretCodes secretcode0_ 
    where
        secretcode0_.studentNumber=?
14:18:59,088 DEBUG SQL:104 - 
    select
        secretcode0_.studentNumber as studentN1_4_0_,
        secretcode0_.secretCode as secretCode5_0_,
        secretcode0_.i as i0_ 
    from
        Student_secretCodes secretcode0_ 
    where
        secretcode0_.studentNumber=?
14:18:59,089 DEBUG BaseGeneralDataRegion:59 - Caching[foo.org.hibernate.cache.internal.StandardQueryCache] : [sql: select student1_.studentId as studentId4_, student1_.name_first as name2_4_, student1_.name_middle as name3_4_, student1_.name_last as name4_4_, student1_.preferredCourseCode as preferre5_4_ from Enrolment enrolment0_ inner join Student student1_ on enrolment0_.studentId=student1_.studentId order by enrolment0_.studentId; parameters: ; named parameters: {}; transformer: org.hibernate.transform.CacheableResultTransformer@110f2] -> [[5579090899308544, 111, 999]]
14:18:59,090 DEBUG SQL:104 - 
    select
        student_.studentId,
        student_.name_first as name2_4_,
        student_.name_middle as name3_4_,
        student_.name_last as name4_4_,
        student_.preferredCourseCode as preferre5_4_ 
    from
        Student student_ 
    where
        student_.studentId=?
14:18:59,090 DEBUG SQL:104 - 
    select
        enrolment_.studentId,
        enrolment_.courseCode,
        enrolment_.semester as semester3_,
        enrolment_."year" as year4_3_ 
    from
        Enrolment enrolment_ 
    where
        enrolment_.studentId=? 
        and enrolment_.courseCode=?
14:18:59,099 DEBUG SQL:104 - 
    select
        course_.courseCode,
        course_.description as descript2_1_ 
    from
        Course course_ 
    where
        course_.courseCode=?
14:18:59,100 DEBUG SQL:104 - 
    select
        student_.studentId,
        student_.name_first as name2_4_,
        student_.name_middle as name3_4_,
        student_.name_last as name4_4_,
        student_.preferredCourseCode as preferre5_4_ 
    from
        Student student_ 
    where
        student_.studentId=?
14:18:59,100 DEBUG SQL:104 - 
    select
        enrolment_.studentId,
        enrolment_.courseCode,
        enrolment_.semester as semester3_,
        enrolment_."year" as year4_3_ 
    from
        Enrolment enrolment_ 
    where
        enrolment_.studentId=? 
        and enrolment_.courseCode=?
14:18:59,110 DEBUG SQL:104 - 
    select
        coursemeet_.courseCode,
        coursemeet_.day,
        coursemeet_.period,
        coursemeet_.location 
    from
        CourseMeeting coursemeet_ 
    where
        coursemeet_.courseCode=? 
        and coursemeet_.day=? 
        and coursemeet_.period=? 
        and coursemeet_.location=?
14:18:59,110 DEBUG SQL:104 - 
    select
        coursemeet_.courseCode,
        coursemeet_.day,
        coursemeet_.period,
        coursemeet_.location 
    from
        CourseMeeting coursemeet_ 
    where
        coursemeet_.courseCode=? 
        and coursemeet_.day=? 
        and coursemeet_.period=? 
        and coursemeet_.location=?
14:18:59,120 DEBUG BaseGeneralDataRegion:59 - Caching[foo.org.hibernate.cache.spi.UpdateTimestampsCache] : [Enrolment] -> [5579091145195520]
14:18:59,120 DEBUG SQL:104 - 
    update
        Address 
    set
        studentNumber=null,
        addressType=null 
    where
        studentNumber=?
14:18:59,121 DEBUG BaseGeneralDataRegion:59 - Caching[foo.org.hibernate.cache.spi.UpdateTimestampsCache] : [Address] -> [5579091145199616]
14:18:59,121 DEBUG SQL:104 - 
    delete 
    from
        Student_secretCodes 
    where
        studentNumber=?
14:18:59,126 DEBUG BaseGeneralDataRegion:59 - Caching[foo.org.hibernate.cache.spi.UpdateTimestampsCache] : [Student_secretCodes] -> [5579091145220096]
14:18:59,126 DEBUG BaseGeneralDataRegion:59 - Caching[foo.org.hibernate.cache.spi.UpdateTimestampsCache] : [Enrolment] -> [5579091145220097]
14:18:59,126 DEBUG BaseGeneralDataRegion:59 - Caching[foo.org.hibernate.cache.spi.UpdateTimestampsCache] : [Address] -> [5579091145220098]
14:18:59,126 DEBUG SQL:104 - 
    delete 
    from
        Student_secretCodes 
    where
        studentNumber=?
14:18:59,126 DEBUG BaseGeneralDataRegion:59 - Caching[foo.org.hibernate.cache.spi.UpdateTimestampsCache] : [Student_secretCodes] -> [5579091145220099]
14:18:59,126 DEBUG BaseGeneralDataRegion:59 - Caching[foo.org.hibernate.cache.spi.UpdateTimestampsCache] : [CourseMeeting] -> [5579091145220100]
14:18:59,132 DEBUG SQL:104 - 
    delete 
    from
        Enrolment 
    where
        studentId=? 
        and courseCode=?
14:18:59,133 DEBUG BaseGeneralDataRegion:59 - Caching[foo.org.hibernate.cache.spi.UpdateTimestampsCache] : [Enrolment] -> [5579091145248768]
14:18:59,133 DEBUG SQL:104 - 
    delete 
    from
        Address 
    where
        id=?
14:18:59,134 DEBUG BaseGeneralDataRegion:59 - Caching[foo.org.hibernate.cache.spi.UpdateTimestampsCache] : [Address] -> [5579091145252864]
14:18:59,134 DEBUG SQL:104 - 
    delete 
    from
        Address 
    where
        id=?
14:18:59,134 DEBUG BaseGeneralDataRegion:59 - Caching[foo.org.hibernate.cache.spi.UpdateTimestampsCache] : [Address] -> [5579091145252865]
14:18:59,134 DEBUG SQL:104 - 
    delete 
    from
        Student 
    where
        studentId=?
14:18:59,134 DEBUG BaseGeneralDataRegion:59 - Caching[foo.org.hibernate.cache.spi.UpdateTimestampsCache] : [Student] -> [5579091145252866]
14:18:59,134 DEBUG SQL:104 - 
    delete 
    from
        Enrolment 
    where
        studentId=? 
        and courseCode=?
14:18:59,143 DEBUG BaseGeneralDataRegion:59 - Caching[foo.org.hibernate.cache.spi.UpdateTimestampsCache] : [Enrolment] -> [5579091145289728]
14:18:59,143 DEBUG SQL:104 - 
    delete 
    from
        Student 
    where
        studentId=?
14:18:59,144 DEBUG BaseGeneralDataRegion:59 - Caching[foo.org.hibernate.cache.spi.UpdateTimestampsCache] : [Student] -> [5579091145293824]
14:18:59,144 DEBUG SQL:104 - 
    delete 
    from
        CourseMeeting 
    where
        courseCode=? 
        and day=? 
        and period=? 
        and location=?
14:18:59,144 DEBUG BaseGeneralDataRegion:59 - Caching[foo.org.hibernate.cache.spi.UpdateTimestampsCache] : [CourseMeeting] -> [5579091145293825]
14:18:59,144 DEBUG SQL:104 - 
    delete 
    from
        CourseMeeting 
    where
        courseCode=? 
        and day=? 
        and period=? 
        and location=?
14:18:59,153 DEBUG BaseGeneralDataRegion:59 - Caching[foo.org.hibernate.cache.spi.UpdateTimestampsCache] : [CourseMeeting] -> [5579091145330688]
14:18:59,154 DEBUG SQL:104 - 
    delete 
    from
        Course 
    where
        courseCode=?
14:18:59,154 DEBUG BaseGeneralDataRegion:59 - Caching[foo.org.hibernate.cache.spi.UpdateTimestampsCache] : [Course] -> [5579091145334784]
14:18:59,154 DEBUG BaseGeneralDataRegion:59 - Caching[foo.org.hibernate.cache.spi.UpdateTimestampsCache] : [Student] -> [5579090899574785]
14:18:59,155 DEBUG BaseGeneralDataRegion:59 - Caching[foo.org.hibernate.cache.spi.UpdateTimestampsCache] : [Course] -> [5579090899574785]
14:18:59,155 DEBUG BaseGeneralDataRegion:59 - Caching[foo.org.hibernate.cache.spi.UpdateTimestampsCache] : [Enrolment] -> [5579090899574785]
14:18:59,155 DEBUG BaseGeneralDataRegion:59 - Caching[foo.org.hibernate.cache.spi.UpdateTimestampsCache] : [Student_secretCodes] -> [5579090899574785]
14:18:59,155 DEBUG BaseGeneralDataRegion:59 - Caching[foo.org.hibernate.cache.spi.UpdateTimestampsCache] : [Address] -> [5579090899574785]
14:18:59,155 DEBUG BaseGeneralDataRegion:59 - Caching[foo.org.hibernate.cache.spi.UpdateTimestampsCache] : [CourseMeeting] -> [5579090899574785]
14:18:59,156  INFO CustomRunner:139 - Test: testOneEntityProjectionUnique
14:18:59,157 DEBUG SQL:104 - 
    select
        coursemeet_.courseCode,
        coursemeet_.day,
        coursemeet_.period,
        coursemeet_.location 
    from
        CourseMeeting coursemeet_ 
    where
        coursemeet_.courseCode=? 
        and coursemeet_.day=? 
        and coursemeet_.period=? 
        and coursemeet_.location=?
14:18:59,165 DEBUG SQL:104 - 
    select
        coursemeet_.courseCode,
        coursemeet_.day,
        coursemeet_.period,
        coursemeet_.location 
    from
        CourseMeeting coursemeet_ 
    where
        coursemeet_.courseCode=? 
        and coursemeet_.day=? 
        and coursemeet_.period=? 
        and coursemeet_.location=?
14:18:59,166 DEBUG SQL:104 - 
    insert 
    into
        Course
        (description, courseCode) 
    values
        (?, ?)
14:18:59,167 DEBUG BaseGeneralDataRegion:59 - Caching[foo.org.hibernate.cache.spi.UpdateTimestampsCache] : [Course] -> [5579091145388032]
14:18:59,167 DEBUG SQL:104 - 
    insert 
    into
        CourseMeeting
        (courseCode, day, period, location) 
    values
        (?, ?, ?, ?)
14:18:59,167 DEBUG BaseGeneralDataRegion:59 - Caching[foo.org.hibernate.cache.spi.UpdateTimestampsCache] : [CourseMeeting] -> [5579091145388033]
14:18:59,167 DEBUG SQL:104 - 
    insert 
    into
        CourseMeeting
        (courseCode, day, period, location) 
    values
        (?, ?, ?, ?)
14:18:59,167 DEBUG BaseGeneralDataRegion:59 - Caching[foo.org.hibernate.cache.spi.UpdateTimestampsCache] : [CourseMeeting] -> [5579091145388034]
14:18:59,168 DEBUG SQL:104 - 
    insert 
    into
        Student
        (name_first, name_middle, name_last, preferredCourseCode, studentId) 
    values
        (?, ?, ?, ?, ?)
14:18:59,168 DEBUG BaseGeneralDataRegion:59 - Caching[foo.org.hibernate.cache.spi.UpdateTimestampsCache] : [Student] -> [5579091145392128]
14:18:59,168 DEBUG SQL:104 - 
    insert 
    into
        Address
        (addressType, street, city, stateProvince, postalCode, country, studentNumber, id) 
    values
        (?, ?, ?, ?, ?, ?, ?, ?)
14:18:59,180 DEBUG BaseGeneralDataRegion:59 - Caching[foo.org.hibernate.cache.spi.UpdateTimestampsCache] : [Address] -> [5579091145441280]
14:18:59,180 DEBUG SQL:104 - 
    insert 
    into
        Address
        (addressType, street, city, stateProvince, postalCode, country, studentNumber, id) 
    values
        (?, ?, ?, ?, ?, ?, ?, ?)
14:18:59,180 DEBUG BaseGeneralDataRegion:59 - Caching[foo.org.hibernate.cache.spi.UpdateTimestampsCache] : [Address] -> [5579091145441281]
14:18:59,181 DEBUG SQL:104 - 
    insert 
    into
        Student
        (name_first, name_middle, name_last, preferredCourseCode, studentId) 
    values
        (?, ?, ?, ?, ?)
14:18:59,181 DEBUG BaseGeneralDataRegion:59 - Caching[foo.org.hibernate.cache.spi.UpdateTimestampsCache] : [Student] -> [5579091145445376]
14:18:59,181 DEBUG SQL:104 - 
    insert 
    into
        Enrolment
        (semester, "year", studentId, courseCode) 
    values
        (?, ?, ?, ?)
14:18:59,181 DEBUG BaseGeneralDataRegion:59 - Caching[foo.org.hibernate.cache.spi.UpdateTimestampsCache] : [Enrolment] -> [5579091145445377]
14:18:59,181 DEBUG SQL:104 - 
    insert 
    into
        Enrolment
        (semester, "year", studentId, courseCode) 
    values
        (?, ?, ?, ?)
14:18:59,191 DEBUG BaseGeneralDataRegion:59 - Caching[foo.org.hibernate.cache.spi.UpdateTimestampsCache] : [Enrolment] -> [5579091145486336]
14:18:59,191 DEBUG BaseGeneralDataRegion:59 - Caching[foo.org.hibernate.cache.spi.UpdateTimestampsCache] : [CourseMeeting] -> [5579091145486337]
14:18:59,191 DEBUG BaseGeneralDataRegion:59 - Caching[foo.org.hibernate.cache.spi.UpdateTimestampsCache] : [Enrolment] -> [5579091145486338]
14:18:59,191 DEBUG SQL:104 - 
    update
        Address 
    set
        studentNumber=?,
        addressType=? 
    where
        id=?
14:18:59,192 DEBUG SQL:104 - 
    update
        Address 
    set
        studentNumber=?,
        addressType=? 
    where
        id=?
14:18:59,193 DEBUG BaseGeneralDataRegion:59 - Caching[foo.org.hibernate.cache.spi.UpdateTimestampsCache] : [Address] -> [5579091145494528]
14:18:59,193 DEBUG SQL:104 - 
    insert 
    into
        Student_secretCodes
        (studentNumber, i, secretCode) 
    values
        (?, ?, ?)
14:18:59,193 DEBUG BaseGeneralDataRegion:59 - Caching[foo.org.hibernate.cache.spi.UpdateTimestampsCache] : [Student_secretCodes] -> [5579091145494529]
14:18:59,193 DEBUG BaseGeneralDataRegion:59 - Caching[foo.org.hibernate.cache.spi.UpdateTimestampsCache] : [Enrolment] -> [5579091145494530]
14:18:59,194 DEBUG BaseGeneralDataRegion:59 - Caching[foo.org.hibernate.cache.spi.UpdateTimestampsCache] : [Address] -> [5579091145498624]
14:18:59,194 DEBUG SQL:104 - 
    insert 
    into
        Student_secretCodes
        (studentNumber, i, secretCode) 
    values
        (?, ?, ?)
14:18:59,195 DEBUG SQL:104 - 
    insert 
    into
        Student_secretCodes
        (studentNumber, i, secretCode) 
    values
        (?, ?, ?)
14:18:59,213 DEBUG BaseGeneralDataRegion:59 - Caching[foo.org.hibernate.cache.spi.UpdateTimestampsCache] : [Student_secretCodes] -> [5579091145576448]
14:18:59,214 DEBUG BaseGeneralDataRegion:59 - Caching[foo.org.hibernate.cache.spi.UpdateTimestampsCache] : [Student] -> [5579090899820544]
14:18:59,214 DEBUG BaseGeneralDataRegion:59 - Caching[foo.org.hibernate.cache.spi.UpdateTimestampsCache] : [Course] -> [5579090899820544]
14:18:59,214 DEBUG BaseGeneralDataRegion:59 - Caching[foo.org.hibernate.cache.spi.UpdateTimestampsCache] : [Enrolment] -> [5579090899820544]
14:18:59,214 DEBUG BaseGeneralDataRegion:59 - Caching[foo.org.hibernate.cache.spi.UpdateTimestampsCache] : [Student_secretCodes] -> [5579090899820544]
14:18:59,214 DEBUG BaseGeneralDataRegion:59 - Caching[foo.org.hibernate.cache.spi.UpdateTimestampsCache] : [Address] -> [5579090899820544]
14:18:59,214 DEBUG BaseGeneralDataRegion:59 - Caching[foo.org.hibernate.cache.spi.UpdateTimestampsCache] : [CourseMeeting] -> [5579090899820544]
14:18:59,215 DEBUG QueryTranslatorImpl:265 - parse() - HQL: select e.student from org.hibernate.test.querycache.Enrolment e where e.studentNumber = :studentNumber
14:18:59,216 DEBUG QueryTranslatorImpl:283 - --- HQL AST ---
 \-[QUERY] Node: 'query'
    +-[SELECT_FROM] Node: 'SELECT_FROM'
    |  +-[FROM] Node: 'from'
    |  |  \-[RANGE] Node: 'RANGE'
    |  |     +-[DOT] Node: '.'
    |  |     |  +-[DOT] Node: '.'
    |  |     |  |  +-[DOT] Node: '.'
    |  |     |  |  |  +-[DOT] Node: '.'
    |  |     |  |  |  |  +-[IDENT] Node: 'org'
    |  |     |  |  |  |  \-[IDENT] Node: 'hibernate'
    |  |     |  |  |  \-[IDENT] Node: 'test'
    |  |     |  |  \-[IDENT] Node: 'querycache'
    |  |     |  \-[IDENT] Node: 'Enrolment'
    |  |     \-[ALIAS] Node: 'e'
    |  \-[SELECT] Node: 'select'
    |     \-[DOT] Node: '.'
    |        +-[IDENT] Node: 'e'
    |        \-[IDENT] Node: 'student'
    \-[WHERE] Node: 'where'
       \-[EQ] Node: '='
          +-[DOT] Node: '.'
          |  +-[IDENT] Node: 'e'
          |  \-[IDENT] Node: 'studentNumber'
          \-[COLON] Node: ':'
             \-[IDENT] Node: 'studentNumber'

14:18:59,224 DEBUG ErrorCounter:82 - throwQueryException() : no errors
14:18:59,224 DEBUG FromElement:157 - FromClause{level=1} : org.hibernate.test.querycache.Enrolment (e) -> enrolment0_
14:18:59,225 DEBUG FromReferenceNode:74 - Resolved : e -> (enrolment0_.studentId, enrolment0_.courseCode)
14:18:59,225 DEBUG DotNode:599 - getDataType() : student -> org.hibernate.type.ManyToOneType(org.hibernate.test.querycache.Student)
14:18:59,225 DEBUG DotNode:389 - dereferenceEntityJoin() : generating join for student in org.hibernate.test.querycache.Enrolment (<no alias>) parent = [ {null} ]
14:18:59,225 DEBUG FromElement:157 - FromClause{level=1} : org.hibernate.test.querycache.Student (<no alias>) -> student1_
14:18:59,225 DEBUG FromClause:282 - addJoinByPathMap() : e.student -> FromElement{explicit,not a collection join,not a fetch join,fetch non-lazy properties,classAlias=null,role=null,tableName=Student,tableAlias=student1_,origin=Enrolment enrolment0_,columns={enrolment0_.studentId ,className=org.hibernate.test.querycache.Student}}
14:18:59,225 DEBUG FromReferenceNode:74 - Resolved : e.student -> enrolment0_.studentId
14:18:59,225 DEBUG FromReferenceNode:74 - Resolved : e -> (enrolment0_.studentId, enrolment0_.courseCode)
14:18:59,226 DEBUG DotNode:599 - getDataType() : studentNumber -> org.hibernate.type.LongType@4bf3f9d
14:18:59,226 DEBUG FromReferenceNode:74 - Resolved : e.studentNumber -> enrolment0_.studentId
14:18:59,226 DEBUG HqlSqlWalker:629 - processQuery() :  ( SELECT ( {select clause} ( enrolment0_.studentId (enrolment0_.studentId, enrolment0_.courseCode) student ) ) ( FromClause{level=1} ( Enrolment enrolment0_ Student student1_ ) ) ( where ( = ( enrolment0_.studentId (enrolment0_.studentId, enrolment0_.courseCode) studentNumber ) ? ) ) )
14:18:59,226 DEBUG JoinProcessor:175 - Using FROM fragment [Enrolment enrolment0_]
14:18:59,226 DEBUG JoinProcessor:175 - Using FROM fragment [inner join Student student1_ on enrolment0_.studentId=student1_.studentId]
14:18:59,227 DEBUG QueryTranslatorImpl:252 - --- SQL AST ---
 \-[SELECT] QueryNode: 'SELECT'  querySpaces (Student,Enrolment)
    +-[SELECT_CLAUSE] SelectClause: '{select clause}'
    |  +-[DOT] DotNode: 'student1_.studentId as studentId4_' {propertyName=student,dereferenceType=EOF,propertyPath=student,path=e.student,tableAlias=student1_,className=org.hibernate.test.querycache.Student,classAlias=null}
    |  |  +-[ALIAS_REF] IdentNode: '(enrolment0_.studentId, enrolment0_.courseCode)' {alias=e, className=org.hibernate.test.querycache.Enrolment, tableAlias=enrolment0_}
    |  |  \-[IDENT] IdentNode: 'student' {originalText=student}
    |  \-[SQL_TOKEN] SqlFragment: 'student1_.name_first as name2_4_, student1_.name_middle as name3_4_, student1_.name_last as name4_4_, student1_.preferredCourseCode as preferre5_4_'
    +-[FROM] FromClause: 'from' FromClause{level=1, fromElementCounter=2, fromElements=2, fromElementByClassAlias=[e], fromElementByTableAlias=[student1_, enrolment0_], fromElementsByPath=[e.student], collectionJoinFromElementsByPath=[], impliedElements=[]}
    |  \-[FROM_FRAGMENT] FromElement: 'Enrolment enrolment0_' FromElement{explicit,not a collection join,not a fetch join,fetch non-lazy properties,classAlias=e,role=null,tableName=Enrolment,tableAlias=enrolment0_,origin=null,columns={,className=org.hibernate.test.querycache.Enrolment}}
    |     \-[JOIN_FRAGMENT] FromElement: 'inner join Student student1_ on enrolment0_.studentId=student1_.studentId' FromElement{explicit,not a collection join,not a fetch join,fetch non-lazy properties,classAlias=null,role=null,tableName=Student,tableAlias=student1_,origin=Enrolment enrolment0_,columns={enrolment0_.studentId ,className=org.hibernate.test.querycache.Student}}
    \-[WHERE] SqlNode: 'where'
       \-[EQ] BinaryLogicOperatorNode: '='
          +-[DOT] DotNode: 'enrolment0_.studentId' {propertyName=studentNumber,dereferenceType=ALL,propertyPath=studentNumber,path=e.studentNumber,tableAlias=enrolment0_,className=org.hibernate.test.querycache.Enrolment,classAlias=e}
          |  +-[ALIAS_REF] IdentNode: '(enrolment0_.studentId, enrolment0_.courseCode)' {alias=e, className=org.hibernate.test.querycache.Enrolment, tableAlias=enrolment0_}
          |  \-[IDENT] IdentNode: 'studentNumber' {originalText=studentNumber}
          \-[NAMED_PARAM] ParameterNode: '?' {name=studentNumber, expectedType=org.hibernate.type.LongType@4bf3f9d}

14:18:59,235 DEBUG ErrorCounter:82 - throwQueryException() : no errors
14:18:59,235 DEBUG QueryTranslatorImpl:235 - HQL: select e.student from org.hibernate.test.querycache.Enrolment e where e.studentNumber = :studentNumber
14:18:59,235 DEBUG QueryTranslatorImpl:236 - SQL: select student1_.studentId as studentId4_, student1_.name_first as name2_4_, student1_.name_middle as name3_4_, student1_.name_last as name4_4_, student1_.preferredCourseCode as preferre5_4_ from Enrolment enrolment0_ inner join Student student1_ on enrolment0_.studentId=student1_.studentId where enrolment0_.studentId=?
14:18:59,235 DEBUG ErrorCounter:82 - throwQueryException() : no errors
14:18:59,236 DEBUG SQL:104 - 
    select
        student1_.studentId as studentId4_,
        student1_.name_first as name2_4_,
        student1_.name_middle as name3_4_,
        student1_.name_last as name4_4_,
        student1_.preferredCourseCode as preferre5_4_ 
    from
        Enrolment enrolment0_ 
    inner join
        Student student1_ 
            on enrolment0_.studentId=student1_.studentId 
    where
        enrolment0_.studentId=?
14:18:59,236 DEBUG SQL:104 - 
    select
        secretcode0_.studentNumber as studentN1_4_0_,
        secretcode0_.secretCode as secretCode5_0_,
        secretcode0_.i as i0_ 
    from
        Student_secretCodes secretcode0_ 
    where
        secretcode0_.studentNumber=?
14:18:59,246 DEBUG BaseGeneralDataRegion:59 - Caching[foo.org.hibernate.cache.internal.StandardQueryCache] : [sql: select student1_.studentId as studentId4_, student1_.name_first as name2_4_, student1_.name_middle as name3_4_, student1_.name_last as name4_4_, student1_.preferredCourseCode as preferre5_4_ from Enrolment enrolment0_ inner join Student student1_ on enrolment0_.studentId=student1_.studentId where enrolment0_.studentId=?; parameters: ; named parameters: {studentNumber=111}; transformer: org.hibernate.transform.CacheableResultTransformer@110f2] -> [[5579090899951616, 111]]
14:18:59,247 DEBUG SQL:104 - 
    select
        student1_.studentId as studentId4_,
        student1_.name_first as name2_4_,
        student1_.name_middle as name3_4_,
        student1_.name_last as name4_4_,
        student1_.preferredCourseCode as preferre5_4_ 
    from
        Enrolment enrolment0_ 
    inner join
        Student student1_ 
            on enrolment0_.studentId=student1_.studentId 
    where
        enrolment0_.studentId=?
14:18:59,247 DEBUG SQL:104 - 
    select
        secretcode0_.studentNumber as studentN1_4_0_,
        secretcode0_.secretCode as secretCode5_0_,
        secretcode0_.i as i0_ 
    from
        Student_secretCodes secretcode0_ 
    where
        secretcode0_.studentNumber=?
14:18:59,256 DEBUG BaseGeneralDataRegion:59 - Caching[foo.org.hibernate.cache.internal.StandardQueryCache] : [sql: select student1_.studentId as studentId4_, student1_.name_first as name2_4_, student1_.name_middle as name3_4_, student1_.name_last as name4_4_, student1_.preferredCourseCode as preferre5_4_ from Enrolment enrolment0_ inner join Student student1_ on enrolment0_.studentId=student1_.studentId where enrolment0_.studentId=?; parameters: ; named parameters: {studentNumber=111}; transformer: org.hibernate.transform.CacheableResultTransformer@110f2] -> [[5579090899992576, 111]]
14:18:59,256 DEBUG SQL:104 - 
    select
        student_.studentId,
        student_.name_first as name2_4_,
        student_.name_middle as name3_4_,
        student_.name_last as name4_4_,
        student_.preferredCourseCode as preferre5_4_ 
    from
        Student student_ 
    where
        student_.studentId=?
14:18:59,257 DEBUG SQL:104 - 
    select
        enrolment_.studentId,
        enrolment_.courseCode,
        enrolment_.semester as semester3_,
        enrolment_."year" as year4_3_ 
    from
        Enrolment enrolment_ 
    where
        enrolment_.studentId=? 
        and enrolment_.courseCode=?
14:18:59,257 DEBUG SQL:104 - 
    select
        course_.courseCode,
        course_.description as descript2_1_ 
    from
        Course course_ 
    where
        course_.courseCode=?
14:18:59,266 DEBUG SQL:104 - 
    select
        student_.studentId,
        student_.name_first as name2_4_,
        student_.name_middle as name3_4_,
        student_.name_last as name4_4_,
        student_.preferredCourseCode as preferre5_4_ 
    from
        Student student_ 
    where
        student_.studentId=?
14:18:59,266 DEBUG SQL:104 - 
    select
        enrolment_.studentId,
        enrolment_.courseCode,
        enrolment_.semester as semester3_,
        enrolment_."year" as year4_3_ 
    from
        Enrolment enrolment_ 
    where
        enrolment_.studentId=? 
        and enrolment_.courseCode=?
14:18:59,266 DEBUG SQL:104 - 
    select
        coursemeet_.courseCode,
        coursemeet_.day,
        coursemeet_.period,
        coursemeet_.location 
    from
        CourseMeeting coursemeet_ 
    where
        coursemeet_.courseCode=? 
        and coursemeet_.day=? 
        and coursemeet_.period=? 
        and coursemeet_.location=?
14:18:59,276 DEBUG SQL:104 - 
    select
        coursemeet_.courseCode,
        coursemeet_.day,
        coursemeet_.period,
        coursemeet_.location 
    from
        CourseMeeting coursemeet_ 
    where
        coursemeet_.courseCode=? 
        and coursemeet_.day=? 
        and coursemeet_.period=? 
        and coursemeet_.location=?
14:18:59,277 DEBUG BaseGeneralDataRegion:59 - Caching[foo.org.hibernate.cache.spi.UpdateTimestampsCache] : [Enrolment] -> [5579091145838592]
14:18:59,277 DEBUG SQL:104 - 
    update
        Address 
    set
        studentNumber=null,
        addressType=null 
    where
        studentNumber=?
14:18:59,277 DEBUG BaseGeneralDataRegion:59 - Caching[foo.org.hibernate.cache.spi.UpdateTimestampsCache] : [Address] -> [5579091145838593]
14:18:59,277 DEBUG SQL:104 - 
    delete 
    from
        Student_secretCodes 
    where
        studentNumber=?
14:18:59,288 DEBUG BaseGeneralDataRegion:59 - Caching[foo.org.hibernate.cache.spi.UpdateTimestampsCache] : [Student_secretCodes] -> [5579091145883648]
14:18:59,288 DEBUG BaseGeneralDataRegion:59 - Caching[foo.org.hibernate.cache.spi.UpdateTimestampsCache] : [Enrolment] -> [5579091145883649]
14:18:59,288 DEBUG BaseGeneralDataRegion:59 - Caching[foo.org.hibernate.cache.spi.UpdateTimestampsCache] : [Address] -> [5579091145883650]
14:18:59,288 DEBUG SQL:104 - 
    delete 
    from
        Student_secretCodes 
    where
        studentNumber=?
14:18:59,289 DEBUG BaseGeneralDataRegion:59 - Caching[foo.org.hibernate.cache.spi.UpdateTimestampsCache] : [Student_secretCodes] -> [5579091145887744]
14:18:59,289 DEBUG BaseGeneralDataRegion:59 - Caching[foo.org.hibernate.cache.spi.UpdateTimestampsCache] : [CourseMeeting] -> [5579091145887745]
14:18:59,289 DEBUG SQL:104 - 
    delete 
    from
        Enrolment 
    where
        studentId=? 
        and courseCode=?
14:18:59,289 DEBUG BaseGeneralDataRegion:59 - Caching[foo.org.hibernate.cache.spi.UpdateTimestampsCache] : [Enrolment] -> [5579091145887746]
14:18:59,289 DEBUG SQL:104 - 
    delete 
    from
        Address 
    where
        id=?
14:18:59,289 DEBUG BaseGeneralDataRegion:59 - Caching[foo.org.hibernate.cache.spi.UpdateTimestampsCache] : [Address] -> [5579091145887747]
14:18:59,289 DEBUG SQL:104 - 
    delete 
    from
        Address 
    where
        id=?
14:18:59,290 DEBUG BaseGeneralDataRegion:59 - Caching[foo.org.hibernate.cache.spi.UpdateTimestampsCache] : [Address] -> [5579091145891840]
14:18:59,290 DEBUG SQL:104 - 
    delete 
    from
        Student 
    where
        studentId=?
14:18:59,290 DEBUG BaseGeneralDataRegion:59 - Caching[foo.org.hibernate.cache.spi.UpdateTimestampsCache] : [Student] -> [5579091145891841]
14:18:59,290 DEBUG SQL:104 - 
    delete 
    from
        Enrolment 
    where
        studentId=? 
        and courseCode=?
14:18:59,290 DEBUG BaseGeneralDataRegion:59 - Caching[foo.org.hibernate.cache.spi.UpdateTimestampsCache] : [Enrolment] -> [5579091145891842]
14:18:59,290 DEBUG SQL:104 - 
    delete 
    from
        Student 
    where
        studentId=?
14:18:59,290 DEBUG BaseGeneralDataRegion:59 - Caching[foo.org.hibernate.cache.spi.UpdateTimestampsCache] : [Student] -> [5579091145891843]
14:18:59,301 DEBUG SQL:104 - 
    delete 
    from
        CourseMeeting 
    where
        courseCode=? 
        and day=? 
        and period=? 
        and location=?
14:18:59,301 DEBUG BaseGeneralDataRegion:59 - Caching[foo.org.hibernate.cache.spi.UpdateTimestampsCache] : [CourseMeeting] -> [5579091145936896]
14:18:59,301 DEBUG SQL:104 - 
    delete 
    from
        CourseMeeting 
    where
        courseCode=? 
        and day=? 
        and period=? 
        and location=?
14:18:59,301 DEBUG BaseGeneralDataRegion:59 - Caching[foo.org.hibernate.cache.spi.UpdateTimestampsCache] : [CourseMeeting] -> [5579091145936897]
14:18:59,301 DEBUG SQL:104 - 
    delete 
    from
        Course 
    where
        courseCode=?
14:18:59,302 DEBUG BaseGeneralDataRegion:59 - Caching[foo.org.hibernate.cache.spi.UpdateTimestampsCache] : [Course] -> [5579091145940992]
14:18:59,302 DEBUG BaseGeneralDataRegion:59 - Caching[foo.org.hibernate.cache.spi.UpdateTimestampsCache] : [Student] -> [5579090900180993]
14:18:59,302 DEBUG BaseGeneralDataRegion:59 - Caching[foo.org.hibernate.cache.spi.UpdateTimestampsCache] : [Course] -> [5579090900180993]
14:18:59,302 DEBUG BaseGeneralDataRegion:59 - Caching[foo.org.hibernate.cache.spi.UpdateTimestampsCache] : [Enrolment] -> [5579090900180993]
14:18:59,310 DEBUG BaseGeneralDataRegion:59 - Caching[foo.org.hibernate.cache.spi.UpdateTimestampsCache] : [Student_secretCodes] -> [5579090900180993]
14:18:59,310 DEBUG BaseGeneralDataRegion:59 - Caching[foo.org.hibernate.cache.spi.UpdateTimestampsCache] : [Address] -> [5579090900180993]
14:18:59,310 DEBUG BaseGeneralDataRegion:59 - Caching[foo.org.hibernate.cache.spi.UpdateTimestampsCache] : [CourseMeeting] -> [5579090900180993]
14:18:59,311  INFO CustomRunner:139 - Test: testOneNonEntityProjectionList
14:18:59,312 DEBUG SQL:104 - 
    select
        coursemeet_.courseCode,
        coursemeet_.day,
        coursemeet_.period,
        coursemeet_.location 
    from
        CourseMeeting coursemeet_ 
    where
        coursemeet_.courseCode=? 
        and coursemeet_.day=? 
        and coursemeet_.period=? 
        and coursemeet_.location=?
14:18:59,313 DEBUG SQL:104 - 
    select
        coursemeet_.courseCode,
        coursemeet_.day,
        coursemeet_.period,
        coursemeet_.location 
    from
        CourseMeeting coursemeet_ 
    where
        coursemeet_.courseCode=? 
        and coursemeet_.day=? 
        and coursemeet_.period=? 
        and coursemeet_.location=?
14:18:59,313 DEBUG SQL:104 - 
    insert 
    into
        Course
        (description, courseCode) 
    values
        (?, ?)
14:18:59,314 DEBUG BaseGeneralDataRegion:59 - Caching[foo.org.hibernate.cache.spi.UpdateTimestampsCache] : [Course] -> [5579091145990144]
14:18:59,314 DEBUG SQL:104 - 
    insert 
    into
        CourseMeeting
        (courseCode, day, period, location) 
    values
        (?, ?, ?, ?)
14:18:59,332 DEBUG BaseGeneralDataRegion:59 - Caching[foo.org.hibernate.cache.spi.UpdateTimestampsCache] : [CourseMeeting] -> [5579091146063872]
14:18:59,332 DEBUG SQL:104 - 
    insert 
    into
        CourseMeeting
        (courseCode, day, period, location) 
    values
        (?, ?, ?, ?)
14:18:59,333 DEBUG BaseGeneralDataRegion:59 - Caching[foo.org.hibernate.cache.spi.UpdateTimestampsCache] : [CourseMeeting] -> [5579091146067968]
14:18:59,333 DEBUG SQL:104 - 
    insert 
    into
        Student
        (name_first, name_middle, name_last, preferredCourseCode, studentId) 
    values
        (?, ?, ?, ?, ?)
14:18:59,333 DEBUG BaseGeneralDataRegion:59 - Caching[foo.org.hibernate.cache.spi.UpdateTimestampsCache] : [Student] -> [5579091146067969]
14:18:59,333 DEBUG SQL:104 - 
    insert 
    into
        Address
        (addressType, street, city, stateProvince, postalCode, country, studentNumber, id) 
    values
        (?, ?, ?, ?, ?, ?, ?, ?)
14:18:59,333 DEBUG BaseGeneralDataRegion:59 - Caching[foo.org.hibernate.cache.spi.UpdateTimestampsCache] : [Address] -> [5579091146067970]
14:18:59,333 DEBUG SQL:104 - 
    insert 
    into
        Address
        (addressType, street, city, stateProvince, postalCode, country, studentNumber, id) 
    values
        (?, ?, ?, ?, ?, ?, ?, ?)
14:18:59,343 DEBUG BaseGeneralDataRegion:59 - Caching[foo.org.hibernate.cache.spi.UpdateTimestampsCache] : [Address] -> [5579091146108928]
14:18:59,343 DEBUG SQL:104 - 
    insert 
    into
        Student
        (name_first, name_middle, name_last, preferredCourseCode, studentId) 
    values
        (?, ?, ?, ?, ?)
14:18:59,343 DEBUG BaseGeneralDataRegion:59 - Caching[foo.org.hibernate.cache.spi.UpdateTimestampsCache] : [Student] -> [5579091146108929]
14:18:59,343 DEBUG SQL:104 - 
    insert 
    into
        Enrolment
        (semester, "year", studentId, courseCode) 
    values
        (?, ?, ?, ?)
14:18:59,344 DEBUG BaseGeneralDataRegion:59 - Caching[foo.org.hibernate.cache.spi.UpdateTimestampsCache] : [Enrolment] -> [5579091146113024]
14:18:59,344 DEBUG SQL:104 - 
    insert 
    into
        Enrolment
        (semester, "year", studentId, courseCode) 
    values
        (?, ?, ?, ?)
14:18:59,344 DEBUG BaseGeneralDataRegion:59 - Caching[foo.org.hibernate.cache.spi.UpdateTimestampsCache] : [Enrolment] -> [5579091146113025]
14:18:59,344 DEBUG BaseGeneralDataRegion:59 - Caching[foo.org.hibernate.cache.spi.UpdateTimestampsCache] : [CourseMeeting] -> [5579091146113026]
14:18:59,344 DEBUG BaseGeneralDataRegion:59 - Caching[foo.org.hibernate.cache.spi.UpdateTimestampsCache] : [Enrolment] -> [5579091146113027]
14:18:59,344 DEBUG SQL:104 - 
    update
        Address 
    set
        studentNumber=?,
        addressType=? 
    where
        id=?
14:18:59,345 DEBUG SQL:104 - 
    update
        Address 
    set
        studentNumber=?,
        addressType=? 
    where
        id=?
14:18:59,345 DEBUG BaseGeneralDataRegion:59 - Caching[foo.org.hibernate.cache.spi.UpdateTimestampsCache] : [Address] -> [5579091146117120]
14:18:59,345 DEBUG SQL:104 - 
    insert 
    into
        Student_secretCodes
        (studentNumber, i, secretCode) 
    values
        (?, ?, ?)
14:18:59,345 DEBUG BaseGeneralDataRegion:59 - Caching[foo.org.hibernate.cache.spi.UpdateTimestampsCache] : [Student_secretCodes] -> [5579091146117121]
14:18:59,345 DEBUG BaseGeneralDataRegion:59 - Caching[foo.org.hibernate.cache.spi.UpdateTimestampsCache] : [Enrolment] -> [5579091146117122]
14:18:59,345 DEBUG BaseGeneralDataRegion:59 - Caching[foo.org.hibernate.cache.spi.UpdateTimestampsCache] : [Address] -> [5579091146117123]
14:18:59,345 DEBUG SQL:104 - 
    insert 
    into
        Student_secretCodes
        (studentNumber, i, secretCode) 
    values
        (?, ?, ?)
14:18:59,346 DEBUG SQL:104 - 
    insert 
    into
        Student_secretCodes
        (studentNumber, i, secretCode) 
    values
        (?, ?, ?)
14:18:59,367 DEBUG BaseGeneralDataRegion:59 - Caching[foo.org.hibernate.cache.spi.UpdateTimestampsCache] : [Student_secretCodes] -> [5579091146207232]
14:18:59,367 DEBUG BaseGeneralDataRegion:59 - Caching[foo.org.hibernate.cache.spi.UpdateTimestampsCache] : [Student] -> [5579090900447233]
14:18:59,367 DEBUG BaseGeneralDataRegion:59 - Caching[foo.org.hibernate.cache.spi.UpdateTimestampsCache] : [Course] -> [5579090900447233]
14:18:59,368 DEBUG BaseGeneralDataRegion:59 - Caching[foo.org.hibernate.cache.spi.UpdateTimestampsCache] : [Enrolment] -> [5579090900447233]
14:18:59,368 DEBUG BaseGeneralDataRegion:59 - Caching[foo.org.hibernate.cache.spi.UpdateTimestampsCache] : [Student_secretCodes] -> [5579090900447233]
14:18:59,368 DEBUG BaseGeneralDataRegion:59 - Caching[foo.org.hibernate.cache.spi.UpdateTimestampsCache] : [Address] -> [5579090900447233]
14:18:59,368 DEBUG BaseGeneralDataRegion:59 - Caching[foo.org.hibernate.cache.spi.UpdateTimestampsCache] : [CourseMeeting] -> [5579090900447233]
14:18:59,368 DEBUG QueryTranslatorImpl:265 - parse() - HQL: select e.semester from org.hibernate.test.querycache.Enrolment e order by e.studentNumber
14:18:59,370 DEBUG QueryTranslatorImpl:283 - --- HQL AST ---
 \-[QUERY] Node: 'query'
    +-[SELECT_FROM] Node: 'SELECT_FROM'
    |  +-[FROM] Node: 'from'
    |  |  \-[RANGE] Node: 'RANGE'
    |  |     +-[DOT] Node: '.'
    |  |     |  +-[DOT] Node: '.'
    |  |     |  |  +-[DOT] Node: '.'
    |  |     |  |  |  +-[DOT] Node: '.'
    |  |     |  |  |  |  +-[IDENT] Node: 'org'
    |  |     |  |  |  |  \-[IDENT] Node: 'hibernate'
    |  |     |  |  |  \-[IDENT] Node: 'test'
    |  |     |  |  \-[IDENT] Node: 'querycache'
    |  |     |  \-[IDENT] Node: 'Enrolment'
    |  |     \-[ALIAS] Node: 'e'
    |  \-[SELECT] Node: 'select'
    |     \-[DOT] Node: '.'
    |        +-[IDENT] Node: 'e'
    |        \-[IDENT] Node: 'semester'
    \-[ORDER] Node: 'order'
       \-[DOT] Node: '.'
          +-[IDENT] Node: 'e'
          \-[IDENT] Node: 'studentNumber'

14:18:59,378 DEBUG ErrorCounter:82 - throwQueryException() : no errors
14:18:59,378 DEBUG FromElement:157 - FromClause{level=1} : org.hibernate.test.querycache.Enrolment (e) -> enrolment0_
14:18:59,378 DEBUG FromReferenceNode:74 - Resolved : e -> (enrolment0_.studentId, enrolment0_.courseCode)
14:18:59,379 DEBUG DotNode:599 - getDataType() : semester -> org.hibernate.type.ShortType@491168d6
14:18:59,379 DEBUG FromReferenceNode:74 - Resolved : e.semester -> enrolment0_.semester
14:18:59,379 DEBUG FromReferenceNode:74 - Resolved : e -> enrolment0_.studentId, enrolment0_.courseCode
14:18:59,379 DEBUG DotNode:599 - getDataType() : studentNumber -> org.hibernate.type.LongType@4bf3f9d
14:18:59,379 DEBUG FromReferenceNode:74 - Resolved : e.studentNumber -> enrolment0_.studentId
14:18:59,380 DEBUG HqlSqlWalker:629 - processQuery() :  ( SELECT ( {select clause} ( enrolment0_.semester (enrolment0_.studentId, enrolment0_.courseCode) semester ) ) ( FromClause{level=1} Enrolment enrolment0_ ) ( order ( enrolment0_.studentId enrolment0_.studentId, enrolment0_.courseCode studentNumber ) ) )
14:18:59,380 DEBUG JoinProcessor:175 - Using FROM fragment [Enrolment enrolment0_]
14:18:59,380 DEBUG QueryTranslatorImpl:252 - --- SQL AST ---
 \-[SELECT] QueryNode: 'SELECT'  querySpaces (Enrolment)
    +-[SELECT_CLAUSE] SelectClause: '{select clause}'
    |  +-[DOT] DotNode: 'enrolment0_.semester' {propertyName=semester,dereferenceType=ALL,propertyPath=semester,path=e.semester,tableAlias=enrolment0_,className=org.hibernate.test.querycache.Enrolment,classAlias=e}
    |  |  +-[ALIAS_REF] IdentNode: '(enrolment0_.studentId, enrolment0_.courseCode)' {alias=e, className=org.hibernate.test.querycache.Enrolment, tableAlias=enrolment0_}
    |  |  \-[IDENT] IdentNode: 'semester' {originalText=semester}
    |  \-[SELECT_COLUMNS] SqlNode: ' as col_0_0_'
    +-[FROM] FromClause: 'from' FromClause{level=1, fromElementCounter=1, fromElements=1, fromElementByClassAlias=[e], fromElementByTableAlias=[enrolment0_], fromElementsByPath=[], collectionJoinFromElementsByPath=[], impliedElements=[]}
    |  \-[FROM_FRAGMENT] FromElement: 'Enrolment enrolment0_' FromElement{explicit,not a collection join,not a fetch join,fetch non-lazy properties,classAlias=e,role=null,tableName=Enrolment,tableAlias=enrolment0_,origin=null,columns={,className=org.hibernate.test.querycache.Enrolment}}
    \-[ORDER] OrderByClause: 'order'
       \-[DOT] DotNode: 'enrolment0_.studentId' {propertyName=studentNumber,dereferenceType=ALL,propertyPath=studentNumber,path=e.studentNumber,tableAlias=enrolment0_,className=org.hibernate.test.querycache.Enrolment,classAlias=e}
          +-[ALIAS_REF] IdentNode: 'enrolment0_.studentId, enrolment0_.courseCode' {alias=e, className=org.hibernate.test.querycache.Enrolment, tableAlias=enrolment0_}
          \-[IDENT] IdentNode: 'studentNumber' {originalText=studentNumber}

14:18:59,381 DEBUG ErrorCounter:82 - throwQueryException() : no errors
14:18:59,387 DEBUG QueryTranslatorImpl:235 - HQL: select e.semester from org.hibernate.test.querycache.Enrolment e order by e.studentNumber
14:18:59,387 DEBUG QueryTranslatorImpl:236 - SQL: select enrolment0_.semester as col_0_0_ from Enrolment enrolment0_ order by enrolment0_.studentId
14:18:59,388 DEBUG ErrorCounter:82 - throwQueryException() : no errors
14:18:59,388 DEBUG SQL:104 - 
    select
        enrolment0_.semester as col_0_0_ 
    from
        Enrolment enrolment0_ 
    order by
        enrolment0_.studentId
14:18:59,389 DEBUG BaseGeneralDataRegion:59 - Caching[foo.org.hibernate.cache.internal.StandardQueryCache] : [sql: select enrolment0_.semester as col_0_0_ from Enrolment enrolment0_ order by enrolment0_.studentId; parameters: ; named parameters: {}; transformer: org.hibernate.transform.CacheableResultTransformer@110f2] -> [[5579090900537344, 3, 1]]
14:18:59,389 DEBUG SQL:104 - 
    select
        enrolment0_.semester as col_0_0_ 
    from
        Enrolment enrolment0_ 
    order by
        enrolment0_.studentId
14:18:59,390 DEBUG BaseGeneralDataRegion:59 - Caching[foo.org.hibernate.cache.internal.StandardQueryCache] : [sql: select enrolment0_.semester as col_0_0_ from Enrolment enrolment0_ order by enrolment0_.studentId; parameters: ; named parameters: {}; transformer: org.hibernate.transform.CacheableResultTransformer@110f2] -> [[5579090900541440, 3, 1]]
14:18:59,390 DEBUG SQL:104 - 
    select
        student_.studentId,
        student_.name_first as name2_4_,
        student_.name_middle as name3_4_,
        student_.name_last as name4_4_,
        student_.preferredCourseCode as preferre5_4_ 
    from
        Student student_ 
    where
        student_.studentId=?
14:18:59,398 DEBUG SQL:104 - 
    select
        enrolment_.studentId,
        enrolment_.courseCode,
        enrolment_.semester as semester3_,
        enrolment_."year" as year4_3_ 
    from
        Enrolment enrolment_ 
    where
        enrolment_.studentId=? 
        and enrolment_.courseCode=?
14:18:59,399 DEBUG SQL:104 - 
    select
        course_.courseCode,
        course_.description as descript2_1_ 
    from
        Course course_ 
    where
        course_.courseCode=?
14:18:59,400 DEBUG SQL:104 - 
    select
        student_.studentId,
        student_.name_first as name2_4_,
        student_.name_middle as name3_4_,
        student_.name_last as name4_4_,
        student_.preferredCourseCode as preferre5_4_ 
    from
        Student student_ 
    where
        student_.studentId=?
14:18:59,401 DEBUG SQL:104 - 
    select
        enrolment_.studentId,
        enrolment_.courseCode,
        enrolment_.semester as semester3_,
        enrolment_."year" as year4_3_ 
    from
        Enrolment enrolment_ 
    where
        enrolment_.studentId=? 
        and enrolment_.courseCode=?
14:18:59,413 DEBUG SQL:104 - 
    select
        coursemeet_.courseCode,
        coursemeet_.day,
        coursemeet_.period,
        coursemeet_.location 
    from
        CourseMeeting coursemeet_ 
    where
        coursemeet_.courseCode=? 
        and coursemeet_.day=? 
        and coursemeet_.period=? 
        and coursemeet_.location=?
14:18:59,413 DEBUG SQL:104 - 
    select
        coursemeet_.courseCode,
        coursemeet_.day,
        coursemeet_.period,
        coursemeet_.location 
    from
        CourseMeeting coursemeet_ 
    where
        coursemeet_.courseCode=? 
        and coursemeet_.day=? 
        and coursemeet_.period=? 
        and coursemeet_.location=?
14:18:59,414 DEBUG BaseGeneralDataRegion:59 - Caching[foo.org.hibernate.cache.spi.UpdateTimestampsCache] : [Enrolment] -> [5579091146399744]
14:18:59,414 DEBUG SQL:104 - 
    update
        Address 
    set
        studentNumber=null,
        addressType=null 
    where
        studentNumber=?
14:18:59,414 DEBUG BaseGeneralDataRegion:59 - Caching[foo.org.hibernate.cache.spi.UpdateTimestampsCache] : [Address] -> [5579091146399745]
14:18:59,414 DEBUG SQL:104 - 
    delete 
    from
        Student_secretCodes 
    where
        studentNumber=?
14:18:59,414 DEBUG BaseGeneralDataRegion:59 - Caching[foo.org.hibernate.cache.spi.UpdateTimestampsCache] : [Student_secretCodes] -> [5579091146399746]
14:18:59,414 DEBUG BaseGeneralDataRegion:59 - Caching[foo.org.hibernate.cache.spi.UpdateTimestampsCache] : [Enrolment] -> [5579091146399747]
14:18:59,414 DEBUG BaseGeneralDataRegion:59 - Caching[foo.org.hibernate.cache.spi.UpdateTimestampsCache] : [Address] -> [5579091146399748]
14:18:59,414 DEBUG SQL:104 - 
    delete 
    from
        Student_secretCodes 
    where
        studentNumber=?
14:18:59,422 DEBUG BaseGeneralDataRegion:59 - Caching[foo.org.hibernate.cache.spi.UpdateTimestampsCache] : [Student_secretCodes] -> [5579091146432512]
14:18:59,422 DEBUG BaseGeneralDataRegion:59 - Caching[foo.org.hibernate.cache.spi.UpdateTimestampsCache] : [CourseMeeting] -> [5579091146432513]
14:18:59,422 DEBUG SQL:104 - 
    delete 
    from
        Enrolment 
    where
        studentId=? 
        and courseCode=?
14:18:59,423 DEBUG BaseGeneralDataRegion:59 - Caching[foo.org.hibernate.cache.spi.UpdateTimestampsCache] : [Enrolment] -> [5579091146436608]
14:18:59,423 DEBUG SQL:104 - 
    delete 
    from
        Address 
    where
        id=?
14:18:59,423 DEBUG BaseGeneralDataRegion:59 - Caching[foo.org.hibernate.cache.spi.UpdateTimestampsCache] : [Address] -> [5579091146436609]
14:18:59,424 DEBUG SQL:104 - 
    delete 
    from
        Address 
    where
        id=?
14:18:59,424 DEBUG BaseGeneralDataRegion:59 - Caching[foo.org.hibernate.cache.spi.UpdateTimestampsCache] : [Address] -> [5579091146440704]
14:18:59,424 DEBUG SQL:104 - 
    delete 
    from
        Student 
    where
        studentId=?
14:18:59,433 DEBUG BaseGeneralDataRegion:59 - Caching[foo.org.hibernate.cache.spi.UpdateTimestampsCache] : [Student] -> [5579091146477568]
14:18:59,433 DEBUG SQL:104 - 
    delete 
    from
        Enrolment 
    where
        studentId=? 
        and courseCode=?
14:18:59,433 DEBUG BaseGeneralDataRegion:59 - Caching[foo.org.hibernate.cache.spi.UpdateTimestampsCache] : [Enrolment] -> [5579091146477569]
14:18:59,433 DEBUG SQL:104 - 
    delete 
    from
        Student 
    where
        studentId=?
14:18:59,434 DEBUG BaseGeneralDataRegion:59 - Caching[foo.org.hibernate.cache.spi.UpdateTimestampsCache] : [Student] -> [5579091146481664]
14:18:59,434 DEBUG SQL:104 - 
    delete 
    from
        CourseMeeting 
    where
        courseCode=? 
        and day=? 
        and period=? 
        and location=?
14:18:59,434 DEBUG BaseGeneralDataRegion:59 - Caching[foo.org.hibernate.cache.spi.UpdateTimestampsCache] : [CourseMeeting] -> [5579091146481665]
14:18:59,434 DEBUG SQL:104 - 
    delete 
    from
        CourseMeeting 
    where
        courseCode=? 
        and day=? 
        and period=? 
        and location=?
14:18:59,434 DEBUG BaseGeneralDataRegion:59 - Caching[foo.org.hibernate.cache.spi.UpdateTimestampsCache] : [CourseMeeting] -> [5579091146481666]
14:18:59,434 DEBUG SQL:104 - 
    delete 
    from
        Course 
    where
        courseCode=?
14:18:59,435 DEBUG BaseGeneralDataRegion:59 - Caching[foo.org.hibernate.cache.spi.UpdateTimestampsCache] : [Course] -> [5579091146485760]
14:18:59,435 DEBUG BaseGeneralDataRegion:59 - Caching[foo.org.hibernate.cache.spi.UpdateTimestampsCache] : [Student] -> [5579090900725761]
14:18:59,456 DEBUG BaseGeneralDataRegion:59 - Caching[foo.org.hibernate.cache.spi.UpdateTimestampsCache] : [Course] -> [5579090900725761]
14:18:59,456 DEBUG BaseGeneralDataRegion:59 - Caching[foo.org.hibernate.cache.spi.UpdateTimestampsCache] : [Enrolment] -> [5579090900725761]
14:18:59,456 DEBUG BaseGeneralDataRegion:59 - Caching[foo.org.hibernate.cache.spi.UpdateTimestampsCache] : [Student_secretCodes] -> [5579090900725761]
14:18:59,456 DEBUG BaseGeneralDataRegion:59 - Caching[foo.org.hibernate.cache.spi.UpdateTimestampsCache] : [Address] -> [5579090900725761]
14:18:59,456 DEBUG BaseGeneralDataRegion:59 - Caching[foo.org.hibernate.cache.spi.UpdateTimestampsCache] : [CourseMeeting] -> [5579090900725761]
14:18:59,457  INFO CustomRunner:139 - Test: testOneNonEntityProjectionUnique
14:18:59,458 DEBUG SQL:104 - 
    select
        coursemeet_.courseCode,
        coursemeet_.day,
        coursemeet_.period,
        coursemeet_.location 
    from
        CourseMeeting coursemeet_ 
    where
        coursemeet_.courseCode=? 
        and coursemeet_.day=? 
        and coursemeet_.period=? 
        and coursemeet_.location=?
14:18:59,458 DEBUG SQL:104 - 
    select
        coursemeet_.courseCode,
        coursemeet_.day,
        coursemeet_.period,
        coursemeet_.location 
    from
        CourseMeeting coursemeet_ 
    where
        coursemeet_.courseCode=? 
        and coursemeet_.day=? 
        and coursemeet_.period=? 
        and coursemeet_.location=?
14:18:59,468 DEBUG SQL:104 - 
    insert 
    into
        Course
        (description, courseCode) 
    values
        (?, ?)
14:18:59,469 DEBUG BaseGeneralDataRegion:59 - Caching[foo.org.hibernate.cache.spi.UpdateTimestampsCache] : [Course] -> [5579091146625024]
14:18:59,469 DEBUG SQL:104 - 
    insert 
    into
        CourseMeeting
        (courseCode, day, period, location) 
    values
        (?, ?, ?, ?)
14:18:59,470 DEBUG BaseGeneralDataRegion:59 - Caching[foo.org.hibernate.cache.spi.UpdateTimestampsCache] : [CourseMeeting] -> [5579091146629120]
14:18:59,470 DEBUG SQL:104 - 
    insert 
    into
        CourseMeeting
        (courseCode, day, period, location) 
    values
        (?, ?, ?, ?)
14:18:59,470 DEBUG BaseGeneralDataRegion:59 - Caching[foo.org.hibernate.cache.spi.UpdateTimestampsCache] : [CourseMeeting] -> [5579091146629121]
14:18:59,470 DEBUG SQL:104 - 
    insert 
    into
        Student
        (name_first, name_middle, name_last, preferredCourseCode, studentId) 
    values
        (?, ?, ?, ?, ?)
14:18:59,478 DEBUG BaseGeneralDataRegion:59 - Caching[foo.org.hibernate.cache.spi.UpdateTimestampsCache] : [Student] -> [5579091146661888]
14:18:59,478 DEBUG SQL:104 - 
    insert 
    into
        Address
        (addressType, street, city, stateProvince, postalCode, country, studentNumber, id) 
    values
        (?, ?, ?, ?, ?, ?, ?, ?)
14:18:59,479 DEBUG BaseGeneralDataRegion:59 - Caching[foo.org.hibernate.cache.spi.UpdateTimestampsCache] : [Address] -> [5579091146665984]
14:18:59,479 DEBUG SQL:104 - 
    insert 
    into
        Address
        (addressType, street, city, stateProvince, postalCode, country, studentNumber, id) 
    values
        (?, ?, ?, ?, ?, ?, ?, ?)
14:18:59,479 DEBUG BaseGeneralDataRegion:59 - Caching[foo.org.hibernate.cache.spi.UpdateTimestampsCache] : [Address] -> [5579091146665985]
14:18:59,479 DEBUG SQL:104 - 
    insert 
    into
        Student
        (name_first, name_middle, name_last, preferredCourseCode, studentId) 
    values
        (?, ?, ?, ?, ?)
14:18:59,488 DEBUG BaseGeneralDataRegion:59 - Caching[foo.org.hibernate.cache.spi.UpdateTimestampsCache] : [Student] -> [5579091146702848]
14:18:59,488 DEBUG SQL:104 - 
    insert 
    into
        Enrolment
        (semester, "year", studentId, courseCode) 
    values
        (?, ?, ?, ?)
14:18:59,489 DEBUG BaseGeneralDataRegion:59 - Caching[foo.org.hibernate.cache.spi.UpdateTimestampsCache] : [Enrolment] -> [5579091146706944]
14:18:59,489 DEBUG SQL:104 - 
    insert 
    into
        Enrolment
        (semester, "year", studentId, courseCode) 
    values
        (?, ?, ?, ?)
14:18:59,489 DEBUG BaseGeneralDataRegion:59 - Caching[foo.org.hibernate.cache.spi.UpdateTimestampsCache] : [Enrolment] -> [5579091146706945]
14:18:59,489 DEBUG BaseGeneralDataRegion:59 - Caching[foo.org.hibernate.cache.spi.UpdateTimestampsCache] : [CourseMeeting] -> [5579091146706946]
14:18:59,489 DEBUG BaseGeneralDataRegion:59 - Caching[foo.org.hibernate.cache.spi.UpdateTimestampsCache] : [Enrolment] -> [5579091146706947]
14:18:59,489 DEBUG SQL:104 - 
    update
        Address 
    set
        studentNumber=?,
        addressType=? 
    where
        id=?
14:18:59,489 DEBUG SQL:104 - 
    update
        Address 
    set
        studentNumber=?,
        addressType=? 
    where
        id=?
14:18:59,499 DEBUG BaseGeneralDataRegion:59 - Caching[foo.org.hibernate.cache.spi.UpdateTimestampsCache] : [Address] -> [5579091146747904]
14:18:59,500 DEBUG SQL:104 - 
    insert 
    into
        Student_secretCodes
        (studentNumber, i, secretCode) 
    values
        (?, ?, ?)
14:18:59,500 DEBUG BaseGeneralDataRegion:59 - Caching[foo.org.hibernate.cache.spi.UpdateTimestampsCache] : [Student_secretCodes] -> [5579091146752000]
14:18:59,500 DEBUG BaseGeneralDataRegion:59 - Caching[foo.org.hibernate.cache.spi.UpdateTimestampsCache] : [Enrolment] -> [5579091146752001]
14:18:59,500 DEBUG BaseGeneralDataRegion:59 - Caching[foo.org.hibernate.cache.spi.UpdateTimestampsCache] : [Address] -> [5579091146752002]
14:18:59,500 DEBUG SQL:104 - 
    insert 
    into
        Student_secretCodes
        (studentNumber, i, secretCode) 
    values
        (?, ?, ?)
14:18:59,500 DEBUG SQL:104 - 
    insert 
    into
        Student_secretCodes
        (studentNumber, i, secretCode) 
    values
        (?, ?, ?)
14:18:59,510 DEBUG BaseGeneralDataRegion:59 - Caching[foo.org.hibernate.cache.spi.UpdateTimestampsCache] : [Student_secretCodes] -> [5579091146792960]
14:18:59,511 DEBUG BaseGeneralDataRegion:59 - Caching[foo.org.hibernate.cache.spi.UpdateTimestampsCache] : [Student] -> [5579090901037056]
14:18:59,511 DEBUG BaseGeneralDataRegion:59 - Caching[foo.org.hibernate.cache.spi.UpdateTimestampsCache] : [Course] -> [5579090901037056]
14:18:59,511 DEBUG BaseGeneralDataRegion:59 - Caching[foo.org.hibernate.cache.spi.UpdateTimestampsCache] : [Enrolment] -> [5579090901037056]
14:18:59,511 DEBUG BaseGeneralDataRegion:59 - Caching[foo.org.hibernate.cache.spi.UpdateTimestampsCache] : [Student_secretCodes] -> [5579090901037056]
14:18:59,511 DEBUG BaseGeneralDataRegion:59 - Caching[foo.org.hibernate.cache.spi.UpdateTimestampsCache] : [Address] -> [5579090901037056]
14:18:59,511 DEBUG BaseGeneralDataRegion:59 - Caching[foo.org.hibernate.cache.spi.UpdateTimestampsCache] : [CourseMeeting] -> [5579090901037056]
14:18:59,511 DEBUG QueryTranslatorImpl:265 - parse() - HQL: select e.semester from org.hibernate.test.querycache.Enrolment e where e.studentNumber = :studentNumber
14:18:59,513 DEBUG QueryTranslatorImpl:283 - --- HQL AST ---
 \-[QUERY] Node: 'query'
    +-[SELECT_FROM] Node: 'SELECT_FROM'
    |  +-[FROM] Node: 'from'
    |  |  \-[RANGE] Node: 'RANGE'
    |  |     +-[DOT] Node: '.'
    |  |     |  +-[DOT] Node: '.'
    |  |     |  |  +-[DOT] Node: '.'
    |  |     |  |  |  +-[DOT] Node: '.'
    |  |     |  |  |  |  +-[IDENT] Node: 'org'
    |  |     |  |  |  |  \-[IDENT] Node: 'hibernate'
    |  |     |  |  |  \-[IDENT] Node: 'test'
    |  |     |  |  \-[IDENT] Node: 'querycache'
    |  |     |  \-[IDENT] Node: 'Enrolment'
    |  |     \-[ALIAS] Node: 'e'
    |  \-[SELECT] Node: 'select'
    |     \-[DOT] Node: '.'
    |        +-[IDENT] Node: 'e'
    |        \-[IDENT] Node: 'semester'
    \-[WHERE] Node: 'where'
       \-[EQ] Node: '='
          +-[DOT] Node: '.'
          |  +-[IDENT] Node: 'e'
          |  \-[IDENT] Node: 'studentNumber'
          \-[COLON] Node: ':'
             \-[IDENT] Node: 'studentNumber'

14:18:59,522 DEBUG ErrorCounter:82 - throwQueryException() : no errors
14:18:59,523 DEBUG FromElement:157 - FromClause{level=1} : org.hibernate.test.querycache.Enrolment (e) -> enrolment0_
14:18:59,523 DEBUG FromReferenceNode:74 - Resolved : e -> (enrolment0_.studentId, enrolment0_.courseCode)
14:18:59,524 DEBUG DotNode:599 - getDataType() : semester -> org.hibernate.type.ShortType@491168d6
14:18:59,524 DEBUG FromReferenceNode:74 - Resolved : e.semester -> enrolment0_.semester
14:18:59,524 DEBUG FromReferenceNode:74 - Resolved : e -> (enrolment0_.studentId, enrolment0_.courseCode)
14:18:59,524 DEBUG DotNode:599 - getDataType() : studentNumber -> org.hibernate.type.LongType@4bf3f9d
14:18:59,524 DEBUG FromReferenceNode:74 - Resolved : e.studentNumber -> enrolment0_.studentId
14:18:59,524 DEBUG HqlSqlWalker:629 - processQuery() :  ( SELECT ( {select clause} ( enrolment0_.semester (enrolment0_.studentId, enrolment0_.courseCode) semester ) ) ( FromClause{level=1} Enrolment enrolment0_ ) ( where ( = ( enrolment0_.studentId (enrolment0_.studentId, enrolment0_.courseCode) studentNumber ) ? ) ) )
14:18:59,525 DEBUG JoinProcessor:175 - Using FROM fragment [Enrolment enrolment0_]
14:18:59,525 DEBUG QueryTranslatorImpl:252 - --- SQL AST ---
 \-[SELECT] QueryNode: 'SELECT'  querySpaces (Enrolment)
    +-[SELECT_CLAUSE] SelectClause: '{select clause}'
    |  +-[DOT] DotNode: 'enrolment0_.semester' {propertyName=semester,dereferenceType=ALL,propertyPath=semester,path=e.semester,tableAlias=enrolment0_,className=org.hibernate.test.querycache.Enrolment,classAlias=e}
    |  |  +-[ALIAS_REF] IdentNode: '(enrolment0_.studentId, enrolment0_.courseCode)' {alias=e, className=org.hibernate.test.querycache.Enrolment, tableAlias=enrolment0_}
    |  |  \-[IDENT] IdentNode: 'semester' {originalText=semester}
    |  \-[SELECT_COLUMNS] SqlNode: ' as col_0_0_'
    +-[FROM] FromClause: 'from' FromClause{level=1, fromElementCounter=1, fromElements=1, fromElementByClassAlias=[e], fromElementByTableAlias=[enrolment0_], fromElementsByPath=[], collectionJoinFromElementsByPath=[], impliedElements=[]}
    |  \-[FROM_FRAGMENT] FromElement: 'Enrolment enrolment0_' FromElement{explicit,not a collection join,not a fetch join,fetch non-lazy properties,classAlias=e,role=null,tableName=Enrolment,tableAlias=enrolment0_,origin=null,columns={,className=org.hibernate.test.querycache.Enrolment}}
    \-[WHERE] SqlNode: 'where'
       \-[EQ] BinaryLogicOperatorNode: '='
          +-[DOT] DotNode: 'enrolment0_.studentId' {propertyName=studentNumber,dereferenceType=ALL,propertyPath=studentNumber,path=e.studentNumber,tableAlias=enrolment0_,className=org.hibernate.test.querycache.Enrolment,classAlias=e}
          |  +-[ALIAS_REF] IdentNode: '(enrolment0_.studentId, enrolment0_.courseCode)' {alias=e, className=org.hibernate.test.querycache.Enrolment, tableAlias=enrolment0_}
          |  \-[IDENT] IdentNode: 'studentNumber' {originalText=studentNumber}
          \-[NAMED_PARAM] ParameterNode: '?' {name=studentNumber, expectedType=org.hibernate.type.LongType@4bf3f9d}

14:18:59,533 DEBUG ErrorCounter:82 - throwQueryException() : no errors
14:18:59,533 DEBUG QueryTranslatorImpl:235 - HQL: select e.semester from org.hibernate.test.querycache.Enrolment e where e.studentNumber = :studentNumber
14:18:59,533 DEBUG QueryTranslatorImpl:236 - SQL: select enrolment0_.semester as col_0_0_ from Enrolment enrolment0_ where enrolment0_.studentId=?
14:18:59,534 DEBUG ErrorCounter:82 - throwQueryException() : no errors
14:18:59,534 DEBUG SQL:104 - 
    select
        enrolment0_.semester as col_0_0_ 
    from
        Enrolment enrolment0_ 
    where
        enrolment0_.studentId=?
14:18:59,534 DEBUG BaseGeneralDataRegion:59 - Caching[foo.org.hibernate.cache.internal.StandardQueryCache] : [sql: select enrolment0_.semester as col_0_0_ from Enrolment enrolment0_ where enrolment0_.studentId=?; parameters: ; named parameters: {studentNumber=999}; transformer: org.hibernate.transform.CacheableResultTransformer@110f2] -> [[5579090901131264, 1]]
14:18:59,535 DEBUG SQL:104 - 
    select
        enrolment0_.semester as col_0_0_ 
    from
        Enrolment enrolment0_ 
    where
        enrolment0_.studentId=?
14:18:59,535 DEBUG BaseGeneralDataRegion:59 - Caching[foo.org.hibernate.cache.internal.StandardQueryCache] : [sql: select enrolment0_.semester as col_0_0_ from Enrolment enrolment0_ where enrolment0_.studentId=?; parameters: ; named parameters: {studentNumber=999}; transformer: org.hibernate.transform.CacheableResultTransformer@110f2] -> [[5579090901135362, 1]]
14:18:59,535 DEBUG SQL:104 - 
    select
        student_.studentId,
        student_.name_first as name2_4_,
        student_.name_middle as name3_4_,
        student_.name_last as name4_4_,
        student_.preferredCourseCode as preferre5_4_ 
    from
        Student student_ 
    where
        student_.studentId=?
14:18:59,536 DEBUG SQL:104 - 
    select
        enrolment_.studentId,
        enrolment_.courseCode,
        enrolment_.semester as semester3_,
        enrolment_."year" as year4_3_ 
    from
        Enrolment enrolment_ 
    where
        enrolment_.studentId=? 
        and enrolment_.courseCode=?
14:18:59,536 DEBUG SQL:104 - 
    select
        course_.courseCode,
        course_.description as descript2_1_ 
    from
        Course course_ 
    where
        course_.courseCode=?
14:18:59,536 DEBUG SQL:104 - 
    select
        student_.studentId,
        student_.name_first as name2_4_,
        student_.name_middle as name3_4_,
        student_.name_last as name4_4_,
        student_.preferredCourseCode as preferre5_4_ 
    from
        Student student_ 
    where
        student_.studentId=?
14:18:59,547 DEBUG SQL:104 - 
    select
        enrolment_.studentId,
        enrolment_.courseCode,
        enrolment_.semester as semester3_,
        enrolment_."year" as year4_3_ 
    from
        Enrolment enrolment_ 
    where
        enrolment_.studentId=? 
        and enrolment_.courseCode=?
14:18:59,547 DEBUG SQL:104 - 
    select
        coursemeet_.courseCode,
        coursemeet_.day,
        coursemeet_.period,
        coursemeet_.location 
    from
        CourseMeeting coursemeet_ 
    where
        coursemeet_.courseCode=? 
        and coursemeet_.day=? 
        and coursemeet_.period=? 
        and coursemeet_.location=?
14:18:59,557 DEBUG SQL:104 - 
    select
        coursemeet_.courseCode,
        coursemeet_.day,
        coursemeet_.period,
        coursemeet_.location 
    from
        CourseMeeting coursemeet_ 
    where
        coursemeet_.courseCode=? 
        and coursemeet_.day=? 
        and coursemeet_.period=? 
        and coursemeet_.location=?
14:18:59,558 DEBUG BaseGeneralDataRegion:59 - Caching[foo.org.hibernate.cache.spi.UpdateTimestampsCache] : [Enrolment] -> [5579091146989568]
14:18:59,558 DEBUG SQL:104 - 
    update
        Address 
    set
        studentNumber=null,
        addressType=null 
    where
        studentNumber=?
14:18:59,558 DEBUG BaseGeneralDataRegion:59 - Caching[foo.org.hibernate.cache.spi.UpdateTimestampsCache] : [Address] -> [5579091146989569]
14:18:59,558 DEBUG SQL:104 - 
    delete 
    from
        Student_secretCodes 
    where
        studentNumber=?
14:18:59,558 DEBUG BaseGeneralDataRegion:59 - Caching[foo.org.hibernate.cache.spi.UpdateTimestampsCache] : [Student_secretCodes] -> [5579091146989570]
14:18:59,558 DEBUG BaseGeneralDataRegion:59 - Caching[foo.org.hibernate.cache.spi.UpdateTimestampsCache] : [Enrolment] -> [5579091146989571]
14:18:59,559 DEBUG BaseGeneralDataRegion:59 - Caching[foo.org.hibernate.cache.spi.UpdateTimestampsCache] : [Address] -> [5579091146993664]
14:18:59,559 DEBUG SQL:104 - 
    delete 
    from
        Student_secretCodes 
    where
        studentNumber=?
14:18:59,559 DEBUG BaseGeneralDataRegion:59 - Caching[foo.org.hibernate.cache.spi.UpdateTimestampsCache] : [Student_secretCodes] -> [5579091146993665]
14:18:59,559 DEBUG BaseGeneralDataRegion:59 - Caching[foo.org.hibernate.cache.spi.UpdateTimestampsCache] : [CourseMeeting] -> [5579091146993666]
14:18:59,559 DEBUG SQL:104 - 
    delete 
    from
        Enrolment 
    where
        studentId=? 
        and courseCode=?
14:18:59,578 DEBUG BaseGeneralDataRegion:59 - Caching[foo.org.hibernate.cache.spi.UpdateTimestampsCache] : [Enrolment] -> [5579091147071488]
14:18:59,578 DEBUG SQL:104 - 
    delete 
    from
        Address 
    where
        id=?
14:18:59,579 DEBUG BaseGeneralDataRegion:59 - Caching[foo.org.hibernate.cache.spi.UpdateTimestampsCache] : [Address] -> [5579091147075584]
14:18:59,579 DEBUG SQL:104 - 
    delete 
    from
        Address 
    where
        id=?
14:18:59,579 DEBUG BaseGeneralDataRegion:59 - Caching[foo.org.hibernate.cache.spi.UpdateTimestampsCache] : [Address] -> [5579091147075585]
14:18:59,579 DEBUG SQL:104 - 
    delete 
    from
        Student 
    where
        studentId=?
14:18:59,579 DEBUG BaseGeneralDataRegion:59 - Caching[foo.org.hibernate.cache.spi.UpdateTimestampsCache] : [Student] -> [5579091147075586]
14:18:59,579 DEBUG SQL:104 - 
    delete 
    from
        Enrolment 
    where
        studentId=? 
        and courseCode=?
14:18:59,589 DEBUG BaseGeneralDataRegion:59 - Caching[foo.org.hibernate.cache.spi.UpdateTimestampsCache] : [Enrolment] -> [5579091147116544]
14:18:59,589 DEBUG SQL:104 - 
    delete 
    from
        Student 
    where
        studentId=?
14:18:59,589 DEBUG BaseGeneralDataRegion:59 - Caching[foo.org.hibernate.cache.spi.UpdateTimestampsCache] : [Student] -> [5579091147116545]
14:18:59,589 DEBUG SQL:104 - 
    delete 
    from
        CourseMeeting 
    where
        courseCode=? 
        and day=? 
        and period=? 
        and location=?
14:18:59,590 DEBUG BaseGeneralDataRegion:59 - Caching[foo.org.hibernate.cache.spi.UpdateTimestampsCache] : [CourseMeeting] -> [5579091147120640]
14:18:59,590 DEBUG SQL:104 - 
    delete 
    from
        CourseMeeting 
    where
        courseCode=? 
        and day=? 
        and period=? 
        and location=?
14:18:59,590 DEBUG BaseGeneralDataRegion:59 - Caching[foo.org.hibernate.cache.spi.UpdateTimestampsCache] : [CourseMeeting] -> [5579091147120641]
14:18:59,590 DEBUG SQL:104 - 
    delete 
    from
        Course 
    where
        courseCode=?
14:18:59,598 DEBUG BaseGeneralDataRegion:59 - Caching[foo.org.hibernate.cache.spi.UpdateTimestampsCache] : [Course] -> [5579091147153408]
14:18:59,598 DEBUG BaseGeneralDataRegion:59 - Caching[foo.org.hibernate.cache.spi.UpdateTimestampsCache] : [Student] -> [5579090901393409]
14:18:59,598 DEBUG BaseGeneralDataRegion:59 - Caching[foo.org.hibernate.cache.spi.UpdateTimestampsCache] : [Course] -> [5579090901393409]
14:18:59,599 DEBUG BaseGeneralDataRegion:59 - Caching[foo.org.hibernate.cache.spi.UpdateTimestampsCache] : [Enrolment] -> [5579090901393409]
14:18:59,599 DEBUG BaseGeneralDataRegion:59 - Caching[foo.org.hibernate.cache.spi.UpdateTimestampsCache] : [Student_secretCodes] -> [5579090901393409]
14:18:59,599 DEBUG BaseGeneralDataRegion:59 - Caching[foo.org.hibernate.cache.spi.UpdateTimestampsCache] : [Address] -> [5579090901393409]
14:18:59,599 DEBUG BaseGeneralDataRegion:59 - Caching[foo.org.hibernate.cache.spi.UpdateTimestampsCache] : [CourseMeeting] -> [5579090901393409]
14:18:59,599  INFO CustomRunner:139 - Test: testOneSelectNewAliasesList
14:18:59,600 DEBUG SQL:104 - 
    select
        coursemeet_.courseCode,
        coursemeet_.day,
        coursemeet_.period,
        coursemeet_.location 
    from
        CourseMeeting coursemeet_ 
    where
        coursemeet_.courseCode=? 
        and coursemeet_.day=? 
        and coursemeet_.period=? 
        and coursemeet_.location=?
14:18:59,601 DEBUG SQL:104 - 
    select
        coursemeet_.courseCode,
        coursemeet_.day,
        coursemeet_.period,
        coursemeet_.location 
    from
        CourseMeeting coursemeet_ 
    where
        coursemeet_.courseCode=? 
        and coursemeet_.day=? 
        and coursemeet_.period=? 
        and coursemeet_.location=?
14:18:59,609 DEBUG SQL:104 - 
    insert 
    into
        Course
        (description, courseCode) 
    values
        (?, ?)
14:18:59,610 DEBUG BaseGeneralDataRegion:59 - Caching[foo.org.hibernate.cache.spi.UpdateTimestampsCache] : [Course] -> [5579091147202560]
14:18:59,610 DEBUG SQL:104 - 
    insert 
    into
        CourseMeeting
        (courseCode, day, period, location) 
    values
        (?, ?, ?, ?)
14:18:59,610 DEBUG BaseGeneralDataRegion:59 - Caching[foo.org.hibernate.cache.spi.UpdateTimestampsCache] : [CourseMeeting] -> [5579091147202561]
14:18:59,610 DEBUG SQL:104 - 
    insert 
    into
        CourseMeeting
        (courseCode, day, period, location) 
    values
        (?, ?, ?, ?)
14:18:59,621 DEBUG BaseGeneralDataRegion:59 - Caching[foo.org.hibernate.cache.spi.UpdateTimestampsCache] : [CourseMeeting] -> [5579091147247616]
14:18:59,622 DEBUG SQL:104 - 
    insert 
    into
        Student
        (name_first, name_middle, name_last, preferredCourseCode, studentId) 
    values
        (?, ?, ?, ?, ?)
14:18:59,622 DEBUG BaseGeneralDataRegion:59 - Caching[foo.org.hibernate.cache.spi.UpdateTimestampsCache] : [Student] -> [5579091147251712]
14:18:59,622 DEBUG SQL:104 - 
    insert 
    into
        Address
        (addressType, street, city, stateProvince, postalCode, country, studentNumber, id) 
    values
        (?, ?, ?, ?, ?, ?, ?, ?)
14:18:59,622 DEBUG BaseGeneralDataRegion:59 - Caching[foo.org.hibernate.cache.spi.UpdateTimestampsCache] : [Address] -> [5579091147251713]
14:18:59,623 DEBUG SQL:104 - 
    insert 
    into
        Address
        (addressType, street, city, stateProvince, postalCode, country, studentNumber, id) 
    values
        (?, ?, ?, ?, ?, ?, ?, ?)
14:18:59,623 DEBUG BaseGeneralDataRegion:59 - Caching[foo.org.hibernate.cache.spi.UpdateTimestampsCache] : [Address] -> [5579091147255808]
14:18:59,623 DEBUG SQL:104 - 
    insert 
    into
        Student
        (name_first, name_middle, name_last, preferredCourseCode, studentId) 
    values
        (?, ?, ?, ?, ?)
14:18:59,630 DEBUG BaseGeneralDataRegion:59 - Caching[foo.org.hibernate.cache.spi.UpdateTimestampsCache] : [Student] -> [5579091147284480]
14:18:59,631 DEBUG SQL:104 - 
    insert 
    into
        Enrolment
        (semester, "year", studentId, courseCode) 
    values
        (?, ?, ?, ?)
14:18:59,631 DEBUG BaseGeneralDataRegion:59 - Caching[foo.org.hibernate.cache.spi.UpdateTimestampsCache] : [Enrolment] -> [5579091147288576]
14:18:59,631 DEBUG SQL:104 - 
    insert 
    into
        Enrolment
        (semester, "year", studentId, courseCode) 
    values
        (?, ?, ?, ?)
14:18:59,631 DEBUG BaseGeneralDataRegion:59 - Caching[foo.org.hibernate.cache.spi.UpdateTimestampsCache] : [Enrolment] -> [5579091147288577]
14:18:59,631 DEBUG BaseGeneralDataRegion:59 - Caching[foo.org.hibernate.cache.spi.UpdateTimestampsCache] : [CourseMeeting] -> [5579091147288578]
14:18:59,631 DEBUG BaseGeneralDataRegion:59 - Caching[foo.org.hibernate.cache.spi.UpdateTimestampsCache] : [Enrolment] -> [5579091147288579]
14:18:59,632 DEBUG SQL:104 - 
    update
        Address 
    set
        studentNumber=?,
        addressType=? 
    where
        id=?
14:18:59,641 DEBUG SQL:104 - 
    update
        Address 
    set
        studentNumber=?,
        addressType=? 
    where
        id=?
14:18:59,641 DEBUG BaseGeneralDataRegion:59 - Caching[foo.org.hibernate.cache.spi.UpdateTimestampsCache] : [Address] -> [5579091147329536]
14:18:59,641 DEBUG SQL:104 - 
    insert 
    into
        Student_secretCodes
        (studentNumber, i, secretCode) 
    values
        (?, ?, ?)
14:18:59,641 DEBUG BaseGeneralDataRegion:59 - Caching[foo.org.hibernate.cache.spi.UpdateTimestampsCache] : [Student_secretCodes] -> [5579091147329537]
14:18:59,641 DEBUG BaseGeneralDataRegion:59 - Caching[foo.org.hibernate.cache.spi.UpdateTimestampsCache] : [Enrolment] -> [5579091147329538]
14:18:59,641 DEBUG BaseGeneralDataRegion:59 - Caching[foo.org.hibernate.cache.spi.UpdateTimestampsCache] : [Address] -> [5579091147329539]
14:18:59,642 DEBUG SQL:104 - 
    insert 
    into
        Student_secretCodes
        (studentNumber, i, secretCode) 
    values
        (?, ?, ?)
14:18:59,642 DEBUG SQL:104 - 
    insert 
    into
        Student_secretCodes
        (studentNumber, i, secretCode) 
    values
        (?, ?, ?)
14:18:59,650 DEBUG BaseGeneralDataRegion:59 - Caching[foo.org.hibernate.cache.spi.UpdateTimestampsCache] : [Student_secretCodes] -> [5579091147366400]
14:18:59,651 DEBUG BaseGeneralDataRegion:59 - Caching[foo.org.hibernate.cache.spi.UpdateTimestampsCache] : [Student] -> [5579090901610496]
14:18:59,651 DEBUG BaseGeneralDataRegion:59 - Caching[foo.org.hibernate.cache.spi.UpdateTimestampsCache] : [Course] -> [5579090901610496]
14:18:59,651 DEBUG BaseGeneralDataRegion:59 - Caching[foo.org.hibernate.cache.spi.UpdateTimestampsCache] : [Enrolment] -> [5579090901610496]
14:18:59,651 DEBUG BaseGeneralDataRegion:59 - Caching[foo.org.hibernate.cache.spi.UpdateTimestampsCache] : [Student_secretCodes] -> [5579090901610496]
14:18:59,651 DEBUG BaseGeneralDataRegion:59 - Caching[foo.org.hibernate.cache.spi.UpdateTimestampsCache] : [Address] -> [5579090901610496]
14:18:59,651 DEBUG BaseGeneralDataRegion:59 - Caching[foo.org.hibernate.cache.spi.UpdateTimestampsCache] : [CourseMeeting] -> [5579090901610496]
14:18:59,651 DEBUG QueryTranslatorImpl:265 - parse() - HQL: select new org.hibernate.test.querycache.StudentDTO(s.name) from org.hibernate.test.querycache.Student s order by s.studentNumber
14:18:59,653 DEBUG QueryTranslatorImpl:283 - --- HQL AST ---
 \-[QUERY] Node: 'query'
    +-[SELECT_FROM] Node: 'SELECT_FROM'
    |  +-[FROM] Node: 'from'
    |  |  \-[RANGE] Node: 'RANGE'
    |  |     +-[DOT] Node: '.'
    |  |     |  +-[DOT] Node: '.'
    |  |     |  |  +-[DOT] Node: '.'
    |  |     |  |  |  +-[DOT] Node: '.'
    |  |     |  |  |  |  +-[IDENT] Node: 'org'
    |  |     |  |  |  |  \-[IDENT] Node: 'hibernate'
    |  |     |  |  |  \-[IDENT] Node: 'test'
    |  |     |  |  \-[IDENT] Node: 'querycache'
    |  |     |  \-[IDENT] Node: 'Student'
    |  |     \-[ALIAS] Node: 's'
    |  \-[SELECT] Node: 'select'
    |     \-[CONSTRUCTOR] Node: '('
    |        +-[DOT] Node: '.'
    |        |  +-[DOT] Node: '.'
    |        |  |  +-[DOT] Node: '.'
    |        |  |  |  +-[DOT] Node: '.'
    |        |  |  |  |  +-[IDENT] Node: 'org'
    |        |  |  |  |  \-[IDENT] Node: 'hibernate'
    |        |  |  |  \-[IDENT] Node: 'test'
    |        |  |  \-[IDENT] Node: 'querycache'
    |        |  \-[IDENT] Node: 'StudentDTO'
    |        \-[DOT] Node: '.'
    |           +-[IDENT] Node: 's'
    |           \-[IDENT] Node: 'name'
    \-[ORDER] Node: 'order'
       \-[DOT] Node: '.'
          +-[IDENT] Node: 's'
          \-[IDENT] Node: 'studentNumber'

14:18:59,661 DEBUG ErrorCounter:82 - throwQueryException() : no errors
14:18:59,662 DEBUG FromElement:157 - FromClause{level=1} : org.hibernate.test.querycache.Student (s) -> student0_
14:18:59,662 DEBUG FromReferenceNode:74 - Resolved : s -> student0_.studentId
14:18:59,662 DEBUG DotNode:599 - getDataType() : name -> org.hibernate.type.ComponentType@61c1ffc2
14:18:59,662 DEBUG DotNode:588 - Terminal propertyPath = [name]
14:18:59,662 DEBUG FromReferenceNode:74 - Resolved : s.name -> student0_.name_first, student0_.name_middle, student0_.name_last
14:18:59,662 DEBUG FromReferenceNode:74 - Resolved : s -> student0_.studentId
14:18:59,663 DEBUG DotNode:599 - getDataType() : studentNumber -> org.hibernate.type.LongType@4bf3f9d
14:18:59,663 DEBUG FromReferenceNode:74 - Resolved : s.studentNumber -> student0_.studentId
14:18:59,663 DEBUG HqlSqlWalker:629 - processQuery() :  ( SELECT ( {select clause} ( ( ( . ( . ( . ( . org hibernate ) test ) querycache ) StudentDTO ) ( student0_.name_first, student0_.name_middle, student0_.name_last student0_.studentId name ) ) ) ( FromClause{level=1} Student student0_ ) ( order ( student0_.studentId student0_.studentId studentNumber ) ) )
14:18:59,663 DEBUG JoinProcessor:175 - Using FROM fragment [Student student0_]
14:18:59,664 DEBUG QueryTranslatorImpl:252 - --- SQL AST ---
 \-[SELECT] QueryNode: 'SELECT'  querySpaces (Student)
    +-[SELECT_CLAUSE] SelectClause: '{select clause}'
    |  \-[CONSTRUCTOR] ConstructorNode: '('
    |     +-[DOT] DotNode: '.' {propertyName=null,dereferenceType=0,propertyPath=null,path=org.hibernate.test.querycache.StudentDTO,no from element}
    |     |  +-[DOT] DotNode: '.' {propertyName=null,dereferenceType=0,propertyPath=null,path=org.hibernate.test.querycache,no from element}
    |     |  |  +-[DOT] DotNode: '.' {propertyName=null,dereferenceType=0,propertyPath=null,path=org.hibernate.test,no from element}
    |     |  |  |  +-[DOT] DotNode: '.' {propertyName=null,dereferenceType=0,propertyPath=null,path=org.hibernate,no from element}
    |     |  |  |  |  +-[IDENT] IdentNode: 'org' {originalText=org}
    |     |  |  |  |  \-[IDENT] IdentNode: 'hibernate' {originalText=hibernate}
    |     |  |  |  \-[IDENT] IdentNode: 'test' {originalText=test}
    |     |  |  \-[IDENT] IdentNode: 'querycache' {originalText=querycache}
    |     |  \-[IDENT] IdentNode: 'StudentDTO' {originalText=StudentDTO}
    |     +-[DOT] DotNode: 'student0_.name_first' {propertyName=name,dereferenceType=2,propertyPath=name,path=s.name,tableAlias=student0_,className=org.hibernate.test.querycache.Student,classAlias=s}
    |     |  +-[ALIAS_REF] IdentNode: 'student0_.studentId' {alias=s, className=org.hibernate.test.querycache.Student, tableAlias=student0_}
    |     |  \-[IDENT] IdentNode: 'name' {originalText=name}
    |     +-[SELECT_COLUMNS] SqlNode: ' as col_0_0_'
    |     +-[SQL_TOKEN] SqlFragment: 'student0_.name_middle'
    |     +-[SELECT_COLUMNS] SqlNode: ' as col_0_1_'
    |     +-[SQL_TOKEN] SqlFragment: 'student0_.name_last'
    |     \-[SELECT_COLUMNS] SqlNode: ' as col_0_2_'
    +-[FROM] FromClause: 'from' FromClause{level=1, fromElementCounter=1, fromElements=1, fromElementByClassAlias=[s], fromElementByTableAlias=[student0_], fromElementsByPath=[], collectionJoinFromElementsByPath=[], impliedElements=[]}
    |  \-[FROM_FRAGMENT] FromElement: 'Student student0_' FromElement{explicit,not a collection join,not a fetch join,fetch non-lazy properties,classAlias=s,role=null,tableName=Student,tableAlias=student0_,origin=null,columns={,className=org.hibernate.test.querycache.Student}}
    \-[ORDER] OrderByClause: 'order'
       \-[DOT] DotNode: 'student0_.studentId' {propertyName=studentNumber,dereferenceType=ALL,propertyPath=studentNumber,path=s.studentNumber,tableAlias=student0_,className=org.hibernate.test.querycache.Student,classAlias=s}
          +-[ALIAS_REF] IdentNode: 'student0_.studentId' {alias=s, className=org.hibernate.test.querycache.Student, tableAlias=student0_}
          \-[IDENT] IdentNode: 'studentNumber' {originalText=studentNumber}

14:18:59,675 DEBUG ErrorCounter:82 - throwQueryException() : no errors
14:18:59,676 DEBUG QueryTranslatorImpl:235 - HQL: select new org.hibernate.test.querycache.StudentDTO(s.name) from org.hibernate.test.querycache.Student s order by s.studentNumber
14:18:59,676 DEBUG QueryTranslatorImpl:236 - SQL: select student0_.name_first as col_0_0_, student0_.name_middle as col_0_1_, student0_.name_last as col_0_2_ from Student student0_ order by student0_.studentId
14:18:59,676 DEBUG ErrorCounter:82 - throwQueryException() : no errors
14:18:59,676 DEBUG SQL:104 - 
    select
        student0_.name_first as col_0_0_,
        student0_.name_middle as col_0_1_,
        student0_.name_last as col_0_2_ 
    from
        Student student0_ 
    order by
        student0_.studentId
14:18:59,676 DEBUG BaseGeneralDataRegion:59 - Caching[foo.org.hibernate.cache.internal.StandardQueryCache] : [sql: select student0_.name_first as col_0_0_, student0_.name_middle as col_0_1_, student0_.name_last as col_0_2_ from Student student0_ order by student0_.studentId; parameters: ; named parameters: {}; transformer: org.hibernate.transform.CacheableResultTransformer@110f2] -> [[5579090901712896, [Ljava.lang.Object;@e2c310d, [Ljava.lang.Object;@774853bf]]
14:18:59,677 DEBUG SQL:104 - 
    select
        student0_.name_first as col_0_0_,
        student0_.name_middle as col_0_1_,
        student0_.name_last as col_0_2_ 
    from
        Student student0_ 
    order by
        student0_.studentId
14:18:59,677 DEBUG BaseGeneralDataRegion:59 - Caching[foo.org.hibernate.cache.internal.StandardQueryCache] : [sql: select student0_.name_first as col_0_0_, student0_.name_middle as col_0_1_, student0_.name_last as col_0_2_ from Student student0_ order by student0_.studentId; parameters: ; named parameters: {}; transformer: org.hibernate.transform.CacheableResultTransformer@110f2] -> [[5579090901716994, [Ljava.lang.Object;@c3dba32, [Ljava.lang.Object;@288b2ee5]]
14:18:59,677 DEBUG SQL:104 - 
    select
        student_.studentId,
        student_.name_first as name2_4_,
        student_.name_middle as name3_4_,
        student_.name_last as name4_4_,
        student_.preferredCourseCode as preferre5_4_ 
    from
        Student student_ 
    where
        student_.studentId=?
14:18:59,687 DEBUG SQL:104 - 
    select
        enrolment_.studentId,
        enrolment_.courseCode,
        enrolment_.semester as semester3_,
        enrolment_."year" as year4_3_ 
    from
        Enrolment enrolment_ 
    where
        enrolment_.studentId=? 
        and enrolment_.courseCode=?
14:18:59,688 DEBUG SQL:104 - 
    select
        course_.courseCode,
        course_.description as descript2_1_ 
    from
        Course course_ 
    where
        course_.courseCode=?
14:18:59,688 DEBUG SQL:104 - 
    select
        student_.studentId,
        student_.name_first as name2_4_,
        student_.name_middle as name3_4_,
        student_.name_last as name4_4_,
        student_.preferredCourseCode as preferre5_4_ 
    from
        Student student_ 
    where
        student_.studentId=?
14:18:59,688 DEBUG SQL:104 - 
    select
        enrolment_.studentId,
        enrolment_.courseCode,
        enrolment_.semester as semester3_,
        enrolment_."year" as year4_3_ 
    from
        Enrolment enrolment_ 
    where
        enrolment_.studentId=? 
        and enrolment_.courseCode=?
14:18:59,709 DEBUG SQL:104 - 
    select
        coursemeet_.courseCode,
        coursemeet_.day,
        coursemeet_.period,
        coursemeet_.location 
    from
        CourseMeeting coursemeet_ 
    where
        coursemeet_.courseCode=? 
        and coursemeet_.day=? 
        and coursemeet_.period=? 
        and coursemeet_.location=?
14:18:59,709 DEBUG SQL:104 - 
    select
        coursemeet_.courseCode,
        coursemeet_.day,
        coursemeet_.period,
        coursemeet_.location 
    from
        CourseMeeting coursemeet_ 
    where
        coursemeet_.courseCode=? 
        and coursemeet_.day=? 
        and coursemeet_.period=? 
        and coursemeet_.location=?
14:18:59,710 DEBUG BaseGeneralDataRegion:59 - Caching[foo.org.hibernate.cache.spi.UpdateTimestampsCache] : [Enrolment] -> [5579091147612160]
14:18:59,710 DEBUG SQL:104 - 
    update
        Address 
    set
        studentNumber=null,
        addressType=null 
    where
        studentNumber=?
14:18:59,719 DEBUG BaseGeneralDataRegion:59 - Caching[foo.org.hibernate.cache.spi.UpdateTimestampsCache] : [Address] -> [5579091147649024]
14:18:59,720 DEBUG SQL:104 - 
    delete 
    from
        Student_secretCodes 
    where
        studentNumber=?
14:18:59,720 DEBUG BaseGeneralDataRegion:59 - Caching[foo.org.hibernate.cache.spi.UpdateTimestampsCache] : [Student_secretCodes] -> [5579091147653120]
14:18:59,720 DEBUG BaseGeneralDataRegion:59 - Caching[foo.org.hibernate.cache.spi.UpdateTimestampsCache] : [Enrolment] -> [5579091147653121]
14:18:59,720 DEBUG BaseGeneralDataRegion:59 - Caching[foo.org.hibernate.cache.spi.UpdateTimestampsCache] : [Address] -> [5579091147653122]
14:18:59,720 DEBUG SQL:104 - 
    delete 
    from
        Student_secretCodes 
    where
        studentNumber=?
14:18:59,720 DEBUG BaseGeneralDataRegion:59 - Caching[foo.org.hibernate.cache.spi.UpdateTimestampsCache] : [Student_secretCodes] -> [5579091147653123]
14:18:59,720 DEBUG BaseGeneralDataRegion:59 - Caching[foo.org.hibernate.cache.spi.UpdateTimestampsCache] : [CourseMeeting] -> [5579091147653124]
14:18:59,721 DEBUG SQL:104 - 
    delete 
    from
        Enrolment 
    where
        studentId=? 
        and courseCode=?
14:18:59,730 DEBUG BaseGeneralDataRegion:59 - Caching[foo.org.hibernate.cache.spi.UpdateTimestampsCache] : [Enrolment] -> [5579091147694080]
14:18:59,730 DEBUG SQL:104 - 
    delete 
    from
        Address 
    where
        id=?
14:18:59,730 DEBUG BaseGeneralDataRegion:59 - Caching[foo.org.hibernate.cache.spi.UpdateTimestampsCache] : [Address] -> [5579091147694081]
14:18:59,730 DEBUG SQL:104 - 
    delete 
    from
        Address 
    where
        id=?
14:18:59,730 DEBUG BaseGeneralDataRegion:59 - Caching[foo.org.hibernate.cache.spi.UpdateTimestampsCache] : [Address] -> [5579091147694082]
14:18:59,731 DEBUG SQL:104 - 
    delete 
    from
        Student 
    where
        studentId=?
14:18:59,731 DEBUG BaseGeneralDataRegion:59 - Caching[foo.org.hibernate.cache.spi.UpdateTimestampsCache] : [Student] -> [5579091147698176]
14:18:59,731 DEBUG SQL:104 - 
    delete 
    from
        Enrolment 
    where
        studentId=? 
        and courseCode=?
14:18:59,731 DEBUG BaseGeneralDataRegion:59 - Caching[foo.org.hibernate.cache.spi.UpdateTimestampsCache] : [Enrolment] -> [5579091147698177]
14:18:59,740 DEBUG SQL:104 - 
    delete 
    from
        Student 
    where
        studentId=?
14:18:59,740 DEBUG BaseGeneralDataRegion:59 - Caching[foo.org.hibernate.cache.spi.UpdateTimestampsCache] : [Student] -> [5579091147735040]
14:18:59,740 DEBUG SQL:104 - 
    delete 
    from
        CourseMeeting 
    where
        courseCode=? 
        and day=? 
        and period=? 
        and location=?
14:18:59,741 DEBUG BaseGeneralDataRegion:59 - Caching[foo.org.hibernate.cache.spi.UpdateTimestampsCache] : [CourseMeeting] -> [5579091147735041]
14:18:59,741 DEBUG SQL:104 - 
    delete 
    from
        CourseMeeting 
    where
        courseCode=? 
        and day=? 
        and period=? 
        and location=?
14:18:59,741 DEBUG BaseGeneralDataRegion:59 - Caching[foo.org.hibernate.cache.spi.UpdateTimestampsCache] : [CourseMeeting] -> [5579091147739136]
14:18:59,741 DEBUG SQL:104 - 
    delete 
    from
        Course 
    where
        courseCode=?
14:18:59,751 DEBUG BaseGeneralDataRegion:59 - Caching[foo.org.hibernate.cache.spi.UpdateTimestampsCache] : [Course] -> [5579091147780096]
14:18:59,752 DEBUG BaseGeneralDataRegion:59 - Caching[foo.org.hibernate.cache.spi.UpdateTimestampsCache] : [Student] -> [5579090902024192]
14:18:59,752 DEBUG BaseGeneralDataRegion:59 - Caching[foo.org.hibernate.cache.spi.UpdateTimestampsCache] : [Course] -> [5579090902024192]
14:18:59,752 DEBUG BaseGeneralDataRegion:59 - Caching[foo.org.hibernate.cache.spi.UpdateTimestampsCache] : [Enrolment] -> [5579090902024192]
14:18:59,752 DEBUG BaseGeneralDataRegion:59 - Caching[foo.org.hibernate.cache.spi.UpdateTimestampsCache] : [Student_secretCodes] -> [5579090902024192]
14:18:59,752 DEBUG BaseGeneralDataRegion:59 - Caching[foo.org.hibernate.cache.spi.UpdateTimestampsCache] : [Address] -> [5579090902024192]
14:18:59,752 DEBUG BaseGeneralDataRegion:59 - Caching[foo.org.hibernate.cache.spi.UpdateTimestampsCache] : [CourseMeeting] -> [5579090902024192]
14:18:59,753  INFO CustomRunner:139 - Test: testOneSelectNewNoAliasesList
14:18:59,754 DEBUG SQL:104 - 
    select
        coursemeet_.courseCode,
        coursemeet_.day,
        coursemeet_.period,
        coursemeet_.location 
    from
        CourseMeeting coursemeet_ 
    where
        coursemeet_.courseCode=? 
        and coursemeet_.day=? 
        and coursemeet_.period=? 
        and coursemeet_.location=?
14:18:59,754 DEBUG SQL:104 - 
    select
        coursemeet_.courseCode,
        coursemeet_.day,
        coursemeet_.period,
        coursemeet_.location 
    from
        CourseMeeting coursemeet_ 
    where
        coursemeet_.courseCode=? 
        and coursemeet_.day=? 
        and coursemeet_.period=? 
        and coursemeet_.location=?
14:18:59,763 DEBUG SQL:104 - 
    insert 
    into
        Course
        (description, courseCode) 
    values
        (?, ?)
14:18:59,764 DEBUG BaseGeneralDataRegion:59 - Caching[foo.org.hibernate.cache.spi.UpdateTimestampsCache] : [Course] -> [5579091147833344]
14:18:59,764 DEBUG SQL:104 - 
    insert 
    into
        CourseMeeting
        (courseCode, day, period, location) 
    values
        (?, ?, ?, ?)
14:18:59,764 DEBUG BaseGeneralDataRegion:59 - Caching[foo.org.hibernate.cache.spi.UpdateTimestampsCache] : [CourseMeeting] -> [5579091147833345]
14:18:59,764 DEBUG SQL:104 - 
    insert 
    into
        CourseMeeting
        (courseCode, day, period, location) 
    values
        (?, ?, ?, ?)
14:18:59,773 DEBUG BaseGeneralDataRegion:59 - Caching[foo.org.hibernate.cache.spi.UpdateTimestampsCache] : [CourseMeeting] -> [5579091147870208]
14:18:59,773 DEBUG SQL:104 - 
    insert 
    into
        Student
        (name_first, name_middle, name_last, preferredCourseCode, studentId) 
    values
        (?, ?, ?, ?, ?)
14:18:59,773 DEBUG BaseGeneralDataRegion:59 - Caching[foo.org.hibernate.cache.spi.UpdateTimestampsCache] : [Student] -> [5579091147870209]
14:18:59,774 DEBUG SQL:104 - 
    insert 
    into
        Address
        (addressType, street, city, stateProvince, postalCode, country, studentNumber, id) 
    values
        (?, ?, ?, ?, ?, ?, ?, ?)
14:18:59,774 DEBUG BaseGeneralDataRegion:59 - Caching[foo.org.hibernate.cache.spi.UpdateTimestampsCache] : [Address] -> [5579091147874304]
14:18:59,774 DEBUG SQL:104 - 
    insert 
    into
        Address
        (addressType, street, city, stateProvince, postalCode, country, studentNumber, id) 
    values
        (?, ?, ?, ?, ?, ?, ?, ?)
14:18:59,774 DEBUG BaseGeneralDataRegion:59 - Caching[foo.org.hibernate.cache.spi.UpdateTimestampsCache] : [Address] -> [5579091147874305]
14:18:59,774 DEBUG SQL:104 - 
    insert 
    into
        Student
        (name_first, name_middle, name_last, preferredCourseCode, studentId) 
    values
        (?, ?, ?, ?, ?)
14:18:59,784 DEBUG BaseGeneralDataRegion:59 - Caching[foo.org.hibernate.cache.spi.UpdateTimestampsCache] : [Student] -> [5579091147915264]
14:18:59,784 DEBUG SQL:104 - 
    insert 
    into
        Enrolment
        (semester, "year", studentId, courseCode) 
    values
        (?, ?, ?, ?)
14:18:59,784 DEBUG BaseGeneralDataRegion:59 - Caching[foo.org.hibernate.cache.spi.UpdateTimestampsCache] : [Enrolment] -> [5579091147915265]
14:18:59,785 DEBUG SQL:104 - 
    insert 
    into
        Enrolment
        (semester, "year", studentId, courseCode) 
    values
        (?, ?, ?, ?)
14:18:59,785 DEBUG BaseGeneralDataRegion:59 - Caching[foo.org.hibernate.cache.spi.UpdateTimestampsCache] : [Enrolment] -> [5579091147919360]
14:18:59,785 DEBUG BaseGeneralDataRegion:59 - Caching[foo.org.hibernate.cache.spi.UpdateTimestampsCache] : [CourseMeeting] -> [5579091147919361]
14:18:59,785 DEBUG BaseGeneralDataRegion:59 - Caching[foo.org.hibernate.cache.spi.UpdateTimestampsCache] : [Enrolment] -> [5579091147919362]
14:18:59,785 DEBUG SQL:104 - 
    update
        Address 
    set
        studentNumber=?,
        addressType=? 
    where
        id=?
14:18:59,794 DEBUG SQL:104 - 
    update
        Address 
    set
        studentNumber=?,
        addressType=? 
    where
        id=?
14:18:59,795 DEBUG BaseGeneralDataRegion:59 - Caching[foo.org.hibernate.cache.spi.UpdateTimestampsCache] : [Address] -> [5579091147960320]
14:18:59,795 DEBUG SQL:104 - 
    insert 
    into
        Student_secretCodes
        (studentNumber, i, secretCode) 
    values
        (?, ?, ?)
14:18:59,795 DEBUG BaseGeneralDataRegion:59 - Caching[foo.org.hibernate.cache.spi.UpdateTimestampsCache] : [Student_secretCodes] -> [5579091147960321]
14:18:59,796 DEBUG BaseGeneralDataRegion:59 - Caching[foo.org.hibernate.cache.spi.UpdateTimestampsCache] : [Enrolment] -> [5579091147964416]
14:18:59,796 DEBUG BaseGeneralDataRegion:59 - Caching[foo.org.hibernate.cache.spi.UpdateTimestampsCache] : [Address] -> [5579091147964417]
14:18:59,796 DEBUG SQL:104 - 
    insert 
    into
        Student_secretCodes
        (studentNumber, i, secretCode) 
    values
        (?, ?, ?)
14:18:59,796 DEBUG SQL:104 - 
    insert 
    into
        Student_secretCodes
        (studentNumber, i, secretCode) 
    values
        (?, ?, ?)
14:18:59,796 DEBUG BaseGeneralDataRegion:59 - Caching[foo.org.hibernate.cache.spi.UpdateTimestampsCache] : [Student_secretCodes] -> [5579091147964418]
14:18:59,796 DEBUG BaseGeneralDataRegion:59 - Caching[foo.org.hibernate.cache.spi.UpdateTimestampsCache] : [Student] -> [5579090902204419]
14:18:59,796 DEBUG BaseGeneralDataRegion:59 - Caching[foo.org.hibernate.cache.spi.UpdateTimestampsCache] : [Course] -> [5579090902204419]
14:18:59,796 DEBUG BaseGeneralDataRegion:59 - Caching[foo.org.hibernate.cache.spi.UpdateTimestampsCache] : [Enrolment] -> [5579090902204419]
14:18:59,797 DEBUG BaseGeneralDataRegion:59 - Caching[foo.org.hibernate.cache.spi.UpdateTimestampsCache] : [Student_secretCodes] -> [5579090902204419]
14:18:59,797 DEBUG BaseGeneralDataRegion:59 - Caching[foo.org.hibernate.cache.spi.UpdateTimestampsCache] : [Address] -> [5579090902204419]
14:18:59,797 DEBUG BaseGeneralDataRegion:59 - Caching[foo.org.hibernate.cache.spi.UpdateTimestampsCache] : [CourseMeeting] -> [5579090902204419]
14:18:59,797 DEBUG SQL:104 - 
    select
        student0_.name_first as col_0_0_,
        student0_.name_middle as col_0_1_,
        student0_.name_last as col_0_2_ 
    from
        Student student0_ 
    order by
        student0_.studentId
14:18:59,798 DEBUG BaseGeneralDataRegion:59 - Caching[foo.org.hibernate.cache.internal.StandardQueryCache] : [sql: select student0_.name_first as col_0_0_, student0_.name_middle as col_0_1_, student0_.name_last as col_0_2_ from Student student0_ order by student0_.studentId; parameters: ; named parameters: {}; transformer: org.hibernate.transform.CacheableResultTransformer@110f2] -> [[5579090902212608, [Ljava.lang.Object;@10281beb, [Ljava.lang.Object;@3940e996]]
14:18:59,798 DEBUG SQL:104 - 
    select
        student0_.name_first as col_0_0_,
        student0_.name_middle as col_0_1_,
        student0_.name_last as col_0_2_ 
    from
        Student student0_ 
    order by
        student0_.studentId
14:18:59,809 DEBUG BaseGeneralDataRegion:59 - Caching[foo.org.hibernate.cache.internal.StandardQueryCache] : [sql: select student0_.name_first as col_0_0_, student0_.name_middle as col_0_1_, student0_.name_last as col_0_2_ from Student student0_ order by student0_.studentId; parameters: ; named parameters: {}; transformer: org.hibernate.transform.CacheableResultTransformer@110f2] -> [[5579090902257664, [Ljava.lang.Object;@46d6b03b, [Ljava.lang.Object;@38cc15d2]]
14:18:59,810 DEBUG SQL:104 - 
    select
        student_.studentId,
        student_.name_first as name2_4_,
        student_.name_middle as name3_4_,
        student_.name_last as name4_4_,
        student_.preferredCourseCode as preferre5_4_ 
    from
        Student student_ 
    where
        student_.studentId=?
14:18:59,811 DEBUG SQL:104 - 
    select
        enrolment_.studentId,
        enrolment_.courseCode,
        enrolment_.semester as semester3_,
        enrolment_."year" as year4_3_ 
    from
        Enrolment enrolment_ 
    where
        enrolment_.studentId=? 
        and enrolment_.courseCode=?
14:18:59,812 DEBUG SQL:104 - 
    select
        course_.courseCode,
        course_.description as descript2_1_ 
    from
        Course course_ 
    where
        course_.courseCode=?
14:18:59,821 DEBUG SQL:104 - 
    select
        student_.studentId,
        student_.name_first as name2_4_,
        student_.name_middle as name3_4_,
        student_.name_last as name4_4_,
        student_.preferredCourseCode as preferre5_4_ 
    from
        Student student_ 
    where
        student_.studentId=?
14:18:59,821 DEBUG SQL:104 - 
    select
        enrolment_.studentId,
        enrolment_.courseCode,
        enrolment_.semester as semester3_,
        enrolment_."year" as year4_3_ 
    from
        Enrolment enrolment_ 
    where
        enrolment_.studentId=? 
        and enrolment_.courseCode=?
14:18:59,822 DEBUG SQL:104 - 
    select
        coursemeet_.courseCode,
        coursemeet_.day,
        coursemeet_.period,
        coursemeet_.location 
    from
        CourseMeeting coursemeet_ 
    where
        coursemeet_.courseCode=? 
        and coursemeet_.day=? 
        and coursemeet_.period=? 
        and coursemeet_.location=?
14:18:59,822 DEBUG SQL:104 - 
    select
        coursemeet_.courseCode,
        coursemeet_.day,
        coursemeet_.period,
        coursemeet_.location 
    from
        CourseMeeting coursemeet_ 
    where
        coursemeet_.courseCode=? 
        and coursemeet_.day=? 
        and coursemeet_.period=? 
        and coursemeet_.location=?
14:18:59,845 DEBUG BaseGeneralDataRegion:59 - Caching[foo.org.hibernate.cache.spi.UpdateTimestampsCache] : [Enrolment] -> [5579091148165120]
14:18:59,845 DEBUG SQL:104 - 
    update
        Address 
    set
        studentNumber=null,
        addressType=null 
    where
        studentNumber=?
14:18:59,845 DEBUG BaseGeneralDataRegion:59 - Caching[foo.org.hibernate.cache.spi.UpdateTimestampsCache] : [Address] -> [5579091148165121]
14:18:59,846 DEBUG SQL:104 - 
    delete 
    from
        Student_secretCodes 
    where
        studentNumber=?
14:18:59,846 DEBUG BaseGeneralDataRegion:59 - Caching[foo.org.hibernate.cache.spi.UpdateTimestampsCache] : [Student_secretCodes] -> [5579091148169216]
14:18:59,846 DEBUG BaseGeneralDataRegion:59 - Caching[foo.org.hibernate.cache.spi.UpdateTimestampsCache] : [Enrolment] -> [5579091148169217]
14:18:59,846 DEBUG BaseGeneralDataRegion:59 - Caching[foo.org.hibernate.cache.spi.UpdateTimestampsCache] : [Address] -> [5579091148169218]
14:18:59,846 DEBUG SQL:104 - 
    delete 
    from
        Student_secretCodes 
    where
        studentNumber=?
14:18:59,846 DEBUG BaseGeneralDataRegion:59 - Caching[foo.org.hibernate.cache.spi.UpdateTimestampsCache] : [Student_secretCodes] -> [5579091148169219]
14:18:59,846 DEBUG BaseGeneralDataRegion:59 - Caching[foo.org.hibernate.cache.spi.UpdateTimestampsCache] : [CourseMeeting] -> [5579091148169220]
14:18:59,846 DEBUG SQL:104 - 
    delete 
    from
        Enrolment 
    where
        studentId=? 
        and courseCode=?
14:18:59,847 DEBUG BaseGeneralDataRegion:59 - Caching[foo.org.hibernate.cache.spi.UpdateTimestampsCache] : [Enrolment] -> [5579091148173312]
14:18:59,847 DEBUG SQL:104 - 
    delete 
    from
        Address 
    where
        id=?
14:18:59,847 DEBUG BaseGeneralDataRegion:59 - Caching[foo.org.hibernate.cache.spi.UpdateTimestampsCache] : [Address] -> [5579091148173313]
14:18:59,847 DEBUG SQL:104 - 
    delete 
    from
        Address 
    where
        id=?
14:18:59,847 DEBUG BaseGeneralDataRegion:59 - Caching[foo.org.hibernate.cache.spi.UpdateTimestampsCache] : [Address] -> [5579091148173314]
14:18:59,847 DEBUG SQL:104 - 
    delete 
    from
        Student 
    where
        studentId=?
14:18:59,847 DEBUG BaseGeneralDataRegion:59 - Caching[foo.org.hibernate.cache.spi.UpdateTimestampsCache] : [Student] -> [5579091148173315]
14:18:59,847 DEBUG SQL:104 - 
    delete 
    from
        Enrolment 
    where
        studentId=? 
        and courseCode=?
14:18:59,848 DEBUG BaseGeneralDataRegion:59 - Caching[foo.org.hibernate.cache.spi.UpdateTimestampsCache] : [Enrolment] -> [5579091148177408]
14:18:59,848 DEBUG SQL:104 - 
    delete 
    from
        Student 
    where
        studentId=?
14:18:59,869 DEBUG BaseGeneralDataRegion:59 - Caching[foo.org.hibernate.cache.spi.UpdateTimestampsCache] : [Student] -> [5579091148263424]
14:18:59,869 DEBUG SQL:104 - 
    delete 
    from
        CourseMeeting 
    where
        courseCode=? 
        and day=? 
        and period=? 
        and location=?
14:18:59,869 DEBUG BaseGeneralDataRegion:59 - Caching[foo.org.hibernate.cache.spi.UpdateTimestampsCache] : [CourseMeeting] -> [5579091148263425]
14:18:59,869 DEBUG SQL:104 - 
    delete 
    from
        CourseMeeting 
    where
        courseCode=? 
        and day=? 
        and period=? 
        and location=?
14:18:59,870 DEBUG BaseGeneralDataRegion:59 - Caching[foo.org.hibernate.cache.spi.UpdateTimestampsCache] : [CourseMeeting] -> [5579091148267520]
14:18:59,870 DEBUG SQL:104 - 
    delete 
    from
        Course 
    where
        courseCode=?
14:18:59,878 DEBUG BaseGeneralDataRegion:59 - Caching[foo.org.hibernate.cache.spi.UpdateTimestampsCache] : [Course] -> [5579091148300288]
14:18:59,879 DEBUG BaseGeneralDataRegion:59 - Caching[foo.org.hibernate.cache.spi.UpdateTimestampsCache] : [Student] -> [5579090902544384]
14:18:59,879 DEBUG BaseGeneralDataRegion:59 - Caching[foo.org.hibernate.cache.spi.UpdateTimestampsCache] : [Course] -> [5579090902544384]
14:18:59,879 DEBUG BaseGeneralDataRegion:59 - Caching[foo.org.hibernate.cache.spi.UpdateTimestampsCache] : [Enrolment] -> [5579090902544384]
14:18:59,879 DEBUG BaseGeneralDataRegion:59 - Caching[foo.org.hibernate.cache.spi.UpdateTimestampsCache] : [Student_secretCodes] -> [5579090902544384]
14:18:59,879 DEBUG BaseGeneralDataRegion:59 - Caching[foo.org.hibernate.cache.spi.UpdateTimestampsCache] : [Address] -> [5579090902544384]
14:18:59,879 DEBUG BaseGeneralDataRegion:59 - Caching[foo.org.hibernate.cache.spi.UpdateTimestampsCache] : [CourseMeeting] -> [5579090902544384]
14:18:59,880  INFO CustomRunner:139 - Test: testSelectNewEntityConstructorList
14:18:59,880 DEBUG SQL:104 - 
    select
        coursemeet_.courseCode,
        coursemeet_.day,
        coursemeet_.period,
        coursemeet_.location 
    from
        CourseMeeting coursemeet_ 
    where
        coursemeet_.courseCode=? 
        and coursemeet_.day=? 
        and coursemeet_.period=? 
        and coursemeet_.location=?
14:18:59,881 DEBUG SQL:104 - 
    select
        coursemeet_.courseCode,
        coursemeet_.day,
        coursemeet_.period,
        coursemeet_.location 
    from
        CourseMeeting coursemeet_ 
    where
        coursemeet_.courseCode=? 
        and coursemeet_.day=? 
        and coursemeet_.period=? 
        and coursemeet_.location=?
14:18:59,889 DEBUG SQL:104 - 
    insert 
    into
        Course
        (description, courseCode) 
    values
        (?, ?)
14:18:59,890 DEBUG BaseGeneralDataRegion:59 - Caching[foo.org.hibernate.cache.spi.UpdateTimestampsCache] : [Course] -> [5579091148349440]
14:18:59,890 DEBUG SQL:104 - 
    insert 
    into
        CourseMeeting
        (courseCode, day, period, location) 
    values
        (?, ?, ?, ?)
14:18:59,890 DEBUG BaseGeneralDataRegion:59 - Caching[foo.org.hibernate.cache.spi.UpdateTimestampsCache] : [CourseMeeting] -> [5579091148349441]
14:18:59,890 DEBUG SQL:104 - 
    insert 
    into
        CourseMeeting
        (courseCode, day, period, location) 
    values
        (?, ?, ?, ?)
14:18:59,890 DEBUG BaseGeneralDataRegion:59 - Caching[foo.org.hibernate.cache.spi.UpdateTimestampsCache] : [CourseMeeting] -> [5579091148349442]
14:18:59,899 DEBUG SQL:104 - 
    insert 
    into
        Student
        (name_first, name_middle, name_last, preferredCourseCode, studentId) 
    values
        (?, ?, ?, ?, ?)
14:18:59,899 DEBUG BaseGeneralDataRegion:59 - Caching[foo.org.hibernate.cache.spi.UpdateTimestampsCache] : [Student] -> [5579091148386304]
14:18:59,900 DEBUG SQL:104 - 
    insert 
    into
        Address
        (addressType, street, city, stateProvince, postalCode, country, studentNumber, id) 
    values
        (?, ?, ?, ?, ?, ?, ?, ?)
14:18:59,900 DEBUG BaseGeneralDataRegion:59 - Caching[foo.org.hibernate.cache.spi.UpdateTimestampsCache] : [Address] -> [5579091148390400]
14:18:59,900 DEBUG SQL:104 - 
    insert 
    into
        Address
        (addressType, street, city, stateProvince, postalCode, country, studentNumber, id) 
    values
        (?, ?, ?, ?, ?, ?, ?, ?)
14:18:59,900 DEBUG BaseGeneralDataRegion:59 - Caching[foo.org.hibernate.cache.spi.UpdateTimestampsCache] : [Address] -> [5579091148390401]
14:18:59,900 DEBUG SQL:104 - 
    insert 
    into
        Student
        (name_first, name_middle, name_last, preferredCourseCode, studentId) 
    values
        (?, ?, ?, ?, ?)
14:18:59,910 DEBUG BaseGeneralDataRegion:59 - Caching[foo.org.hibernate.cache.spi.UpdateTimestampsCache] : [Student] -> [5579091148431360]
14:18:59,911 DEBUG SQL:104 - 
    insert 
    into
        Enrolment
        (semester, "year", studentId, courseCode) 
    values
        (?, ?, ?, ?)
14:18:59,911 DEBUG BaseGeneralDataRegion:59 - Caching[foo.org.hibernate.cache.spi.UpdateTimestampsCache] : [Enrolment] -> [5579091148435456]
14:18:59,911 DEBUG SQL:104 - 
    insert 
    into
        Enrolment
        (semester, "year", studentId, courseCode) 
    values
        (?, ?, ?, ?)
14:18:59,911 DEBUG BaseGeneralDataRegion:59 - Caching[foo.org.hibernate.cache.spi.UpdateTimestampsCache] : [Enrolment] -> [5579091148435457]
14:18:59,911 DEBUG BaseGeneralDataRegion:59 - Caching[foo.org.hibernate.cache.spi.UpdateTimestampsCache] : [CourseMeeting] -> [5579091148435458]
14:18:59,911 DEBUG BaseGeneralDataRegion:59 - Caching[foo.org.hibernate.cache.spi.UpdateTimestampsCache] : [Enrolment] -> [5579091148435459]
14:18:59,911 DEBUG SQL:104 - 
    update
        Address 
    set
        studentNumber=?,
        addressType=? 
    where
        id=?
14:18:59,912 DEBUG SQL:104 - 
    update
        Address 
    set
        studentNumber=?,
        addressType=? 
    where
        id=?
14:18:59,922 DEBUG BaseGeneralDataRegion:59 - Caching[foo.org.hibernate.cache.spi.UpdateTimestampsCache] : [Address] -> [5579091148480512]
14:18:59,922 DEBUG SQL:104 - 
    insert 
    into
        Student_secretCodes
        (studentNumber, i, secretCode) 
    values
        (?, ?, ?)
14:18:59,922 DEBUG BaseGeneralDataRegion:59 - Caching[foo.org.hibernate.cache.spi.UpdateTimestampsCache] : [Student_secretCodes] -> [5579091148480513]
14:18:59,922 DEBUG BaseGeneralDataRegion:59 - Caching[foo.org.hibernate.cache.spi.UpdateTimestampsCache] : [Enrolment] -> [5579091148480514]
14:18:59,922 DEBUG BaseGeneralDataRegion:59 - Caching[foo.org.hibernate.cache.spi.UpdateTimestampsCache] : [Address] -> [5579091148480515]
14:18:59,922 DEBUG SQL:104 - 
    insert 
    into
        Student_secretCodes
        (studentNumber, i, secretCode) 
    values
        (?, ?, ?)
14:18:59,923 DEBUG SQL:104 - 
    insert 
    into
        Student_secretCodes
        (studentNumber, i, secretCode) 
    values
        (?, ?, ?)
14:18:59,923 DEBUG BaseGeneralDataRegion:59 - Caching[foo.org.hibernate.cache.spi.UpdateTimestampsCache] : [Student_secretCodes] -> [5579091148484608]
14:18:59,923 DEBUG BaseGeneralDataRegion:59 - Caching[foo.org.hibernate.cache.spi.UpdateTimestampsCache] : [Student] -> [5579090902724609]
14:18:59,923 DEBUG BaseGeneralDataRegion:59 - Caching[foo.org.hibernate.cache.spi.UpdateTimestampsCache] : [Course] -> [5579090902724609]
14:18:59,923 DEBUG BaseGeneralDataRegion:59 - Caching[foo.org.hibernate.cache.spi.UpdateTimestampsCache] : [Enrolment] -> [5579090902724609]
14:18:59,923 DEBUG BaseGeneralDataRegion:59 - Caching[foo.org.hibernate.cache.spi.UpdateTimestampsCache] : [Student_secretCodes] -> [5579090902724609]
14:18:59,923 DEBUG BaseGeneralDataRegion:59 - Caching[foo.org.hibernate.cache.spi.UpdateTimestampsCache] : [Address] -> [5579090902724609]
14:18:59,923 DEBUG BaseGeneralDataRegion:59 - Caching[foo.org.hibernate.cache.spi.UpdateTimestampsCache] : [CourseMeeting] -> [5579090902724609]
14:18:59,924 DEBUG QueryTranslatorImpl:265 - parse() - HQL: select new Student(s.studentNumber, s.name) from org.hibernate.test.querycache.Student s order by s.studentNumber
14:18:59,925 DEBUG QueryTranslatorImpl:283 - --- HQL AST ---
 \-[QUERY] Node: 'query'
    +-[SELECT_FROM] Node: 'SELECT_FROM'
    |  +-[FROM] Node: 'from'
    |  |  \-[RANGE] Node: 'RANGE'
    |  |     +-[DOT] Node: '.'
    |  |     |  +-[DOT] Node: '.'
    |  |     |  |  +-[DOT] Node: '.'
    |  |     |  |  |  +-[DOT] Node: '.'
    |  |     |  |  |  |  +-[IDENT] Node: 'org'
    |  |     |  |  |  |  \-[IDENT] Node: 'hibernate'
    |  |     |  |  |  \-[IDENT] Node: 'test'
    |  |     |  |  \-[IDENT] Node: 'querycache'
    |  |     |  \-[IDENT] Node: 'Student'
    |  |     \-[ALIAS] Node: 's'
    |  \-[SELECT] Node: 'select'
    |     \-[CONSTRUCTOR] Node: '('
    |        +-[IDENT] Node: 'Student'
    |        +-[DOT] Node: '.'
    |        |  +-[IDENT] Node: 's'
    |        |  \-[IDENT] Node: 'studentNumber'
    |        \-[DOT] Node: '.'
    |           +-[IDENT] Node: 's'
    |           \-[IDENT] Node: 'name'
    \-[ORDER] Node: 'order'
       \-[DOT] Node: '.'
          +-[IDENT] Node: 's'
          \-[IDENT] Node: 'studentNumber'

14:18:59,933 DEBUG ErrorCounter:82 - throwQueryException() : no errors
14:18:59,934 DEBUG FromElement:157 - FromClause{level=1} : org.hibernate.test.querycache.Student (s) -> student0_
14:18:59,934 DEBUG FromReferenceNode:74 - Resolved : s -> student0_.studentId
14:18:59,934 DEBUG DotNode:599 - getDataType() : studentNumber -> org.hibernate.type.LongType@4bf3f9d
14:18:59,934 DEBUG FromReferenceNode:74 - Resolved : s.studentNumber -> student0_.studentId
14:18:59,934 DEBUG FromReferenceNode:74 - Resolved : s -> student0_.studentId
14:18:59,935 DEBUG DotNode:599 - getDataType() : name -> org.hibernate.type.ComponentType@61c1ffc2
14:18:59,935 DEBUG DotNode:588 - Terminal propertyPath = [name]
14:18:59,935 DEBUG FromReferenceNode:74 - Resolved : s.name -> student0_.name_first, student0_.name_middle, student0_.name_last
14:18:59,935 DEBUG FromReferenceNode:74 - Resolved : s -> student0_.studentId
14:18:59,935 DEBUG DotNode:599 - getDataType() : studentNumber -> org.hibernate.type.LongType@4bf3f9d
14:18:59,935 DEBUG FromReferenceNode:74 - Resolved : s.studentNumber -> student0_.studentId
14:18:59,935 DEBUG HqlSqlWalker:629 - processQuery() :  ( SELECT ( {select clause} ( ( Student ( student0_.studentId student0_.studentId studentNumber ) ( student0_.name_first, student0_.name_middle, student0_.name_last student0_.studentId name ) ) ) ( FromClause{level=1} Student student0_ ) ( order ( student0_.studentId student0_.studentId studentNumber ) ) )
14:18:59,936 DEBUG JoinProcessor:175 - Using FROM fragment [Student student0_]
14:18:59,936 DEBUG QueryTranslatorImpl:252 - --- SQL AST ---
 \-[SELECT] QueryNode: 'SELECT'  querySpaces (Student)
    +-[SELECT_CLAUSE] SelectClause: '{select clause}'
    |  \-[CONSTRUCTOR] ConstructorNode: '('
    |     +-[IDENT] IdentNode: 'Student' {originalText=Student}
    |     +-[DOT] DotNode: 'student0_.studentId' {propertyName=studentNumber,dereferenceType=ALL,propertyPath=studentNumber,path=s.studentNumber,tableAlias=student0_,className=org.hibernate.test.querycache.Student,classAlias=s}
    |     |  +-[ALIAS_REF] IdentNode: 'student0_.studentId' {alias=s, className=org.hibernate.test.querycache.Student, tableAlias=student0_}
    |     |  \-[IDENT] IdentNode: 'studentNumber' {originalText=studentNumber}
    |     +-[SELECT_COLUMNS] SqlNode: ' as col_0_0_'
    |     +-[DOT] DotNode: 'student0_.name_first' {propertyName=name,dereferenceType=2,propertyPath=name,path=s.name,tableAlias=student0_,className=org.hibernate.test.querycache.Student,classAlias=s}
    |     |  +-[ALIAS_REF] IdentNode: 'student0_.studentId' {alias=s, className=org.hibernate.test.querycache.Student, tableAlias=student0_}
    |     |  \-[IDENT] IdentNode: 'name' {originalText=name}
    |     +-[SELECT_COLUMNS] SqlNode: ' as col_1_0_'
    |     +-[SQL_TOKEN] SqlFragment: 'student0_.name_middle'
    |     +-[SELECT_COLUMNS] SqlNode: ' as col_1_1_'
    |     +-[SQL_TOKEN] SqlFragment: 'student0_.name_last'
    |     \-[SELECT_COLUMNS] SqlNode: ' as col_1_2_'
    +-[FROM] FromClause: 'from' FromClause{level=1, fromElementCounter=1, fromElements=1, fromElementByClassAlias=[s], fromElementByTableAlias=[student0_], fromElementsByPath=[], collectionJoinFromElementsByPath=[], impliedElements=[]}
    |  \-[FROM_FRAGMENT] FromElement: 'Student student0_' FromElement{explicit,not a collection join,not a fetch join,fetch non-lazy properties,classAlias=s,role=null,tableName=Student,tableAlias=student0_,origin=null,columns={,className=org.hibernate.test.querycache.Student}}
    \-[ORDER] OrderByClause: 'order'
       \-[DOT] DotNode: 'student0_.studentId' {propertyName=studentNumber,dereferenceType=ALL,propertyPath=studentNumber,path=s.studentNumber,tableAlias=student0_,className=org.hibernate.test.querycache.Student,classAlias=s}
          +-[ALIAS_REF] IdentNode: 'student0_.studentId' {alias=s, className=org.hibernate.test.querycache.Student, tableAlias=student0_}
          \-[IDENT] IdentNode: 'studentNumber' {originalText=studentNumber}

14:18:59,943 DEBUG ErrorCounter:82 - throwQueryException() : no errors
14:18:59,944 DEBUG QueryTranslatorImpl:235 - HQL: select new Student(s.studentNumber, s.name) from org.hibernate.test.querycache.Student s order by s.studentNumber
14:18:59,944 DEBUG QueryTranslatorImpl:236 - SQL: select student0_.studentId as col_0_0_, student0_.name_first as col_1_0_, student0_.name_middle as col_1_1_, student0_.name_last as col_1_2_ from Student student0_ order by student0_.studentId
14:18:59,944 DEBUG ErrorCounter:82 - throwQueryException() : no errors
14:18:59,945 DEBUG SQL:104 - 
    select
        student0_.studentId as col_0_0_,
        student0_.name_first as col_1_0_,
        student0_.name_middle as col_1_1_,
        student0_.name_last as col_1_2_ 
    from
        Student student0_ 
    order by
        student0_.studentId
14:18:59,945 DEBUG BaseGeneralDataRegion:59 - Caching[foo.org.hibernate.cache.internal.StandardQueryCache] : [sql: select student0_.studentId as col_0_0_, student0_.name_first as col_1_0_, student0_.name_middle as col_1_1_, student0_.name_last as col_1_2_ from Student student0_ order by student0_.studentId; parameters: ; named parameters: {}; transformer: org.hibernate.transform.CacheableResultTransformer@1406bf] -> [[5579090902814720, [Ljava.io.Serializable;@2f9b62a4, [Ljava.io.Serializable;@2691567]]
14:18:59,945 DEBUG SQL:104 - 
    select
        student0_.studentId as col_0_0_,
        student0_.name_first as col_1_0_,
        student0_.name_middle as col_1_1_,
        student0_.name_last as col_1_2_ 
    from
        Student student0_ 
    order by
        student0_.studentId
14:18:59,946 DEBUG BaseGeneralDataRegion:59 - Caching[foo.org.hibernate.cache.internal.StandardQueryCache] : [sql: select student0_.studentId as col_0_0_, student0_.name_first as col_1_0_, student0_.name_middle as col_1_1_, student0_.name_last as col_1_2_ from Student student0_ order by student0_.studentId; parameters: ; named parameters: {}; transformer: org.hibernate.transform.CacheableResultTransformer@1406bf] -> [[5579090902818816, [Ljava.io.Serializable;@13e79dda, [Ljava.io.Serializable;@4b2c5d6b]]
14:18:59,967 DEBUG SQL:104 - 
    select
        student_.studentId,
        student_.name_first as name2_4_,
        student_.name_middle as name3_4_,
        student_.name_last as name4_4_,
        student_.preferredCourseCode as preferre5_4_ 
    from
        Student student_ 
    where
        student_.studentId=?
14:18:59,967 DEBUG SQL:104 - 
    select
        enrolment_.studentId,
        enrolment_.courseCode,
        enrolment_.semester as semester3_,
        enrolment_."year" as year4_3_ 
    from
        Enrolment enrolment_ 
    where
        enrolment_.studentId=? 
        and enrolment_.courseCode=?
14:18:59,968 DEBUG SQL:104 - 
    select
        course_.courseCode,
        course_.description as descript2_1_ 
    from
        Course course_ 
    where
        course_.courseCode=?
14:18:59,976 DEBUG SQL:104 - 
    select
        student_.studentId,
        student_.name_first as name2_4_,
        student_.name_middle as name3_4_,
        student_.name_last as name4_4_,
        student_.preferredCourseCode as preferre5_4_ 
    from
        Student student_ 
    where
        student_.studentId=?
14:18:59,976 DEBUG SQL:104 - 
    select
        enrolment_.studentId,
        enrolment_.courseCode,
        enrolment_.semester as semester3_,
        enrolment_."year" as year4_3_ 
    from
        Enrolment enrolment_ 
    where
        enrolment_.studentId=? 
        and enrolment_.courseCode=?
14:18:59,977 DEBUG SQL:104 - 
    select
        coursemeet_.courseCode,
        coursemeet_.day,
        coursemeet_.period,
        coursemeet_.location 
    from
        CourseMeeting coursemeet_ 
    where
        coursemeet_.courseCode=? 
        and coursemeet_.day=? 
        and coursemeet_.period=? 
        and coursemeet_.location=?
14:18:59,986 DEBUG SQL:104 - 
    select
        coursemeet_.courseCode,
        coursemeet_.day,
        coursemeet_.period,
        coursemeet_.location 
    from
        CourseMeeting coursemeet_ 
    where
        coursemeet_.courseCode=? 
        and coursemeet_.day=? 
        and coursemeet_.period=? 
        and coursemeet_.location=?
14:18:59,986 DEBUG BaseGeneralDataRegion:59 - Caching[foo.org.hibernate.cache.spi.UpdateTimestampsCache] : [Enrolment] -> [5579091148742656]
14:18:59,986 DEBUG SQL:104 - 
    update
        Address 
    set
        studentNumber=null,
        addressType=null 
    where
        studentNumber=?
14:18:59,987 DEBUG BaseGeneralDataRegion:59 - Caching[foo.org.hibernate.cache.spi.UpdateTimestampsCache] : [Address] -> [5579091148746752]
14:18:59,987 DEBUG SQL:104 - 
    delete 
    from
        Student_secretCodes 
    where
        studentNumber=?
14:18:59,995 DEBUG BaseGeneralDataRegion:59 - Caching[foo.org.hibernate.cache.spi.UpdateTimestampsCache] : [Student_secretCodes] -> [5579091148775424]
14:18:59,995 DEBUG BaseGeneralDataRegion:59 - Caching[foo.org.hibernate.cache.spi.UpdateTimestampsCache] : [Enrolment] -> [5579091148779520]
14:18:59,995 DEBUG BaseGeneralDataRegion:59 - Caching[foo.org.hibernate.cache.spi.UpdateTimestampsCache] : [Address] -> [5579091148779521]
14:18:59,995 DEBUG SQL:104 - 
    delete 
    from
        Student_secretCodes 
    where
        studentNumber=?
14:18:59,995 DEBUG BaseGeneralDataRegion:59 - Caching[foo.org.hibernate.cache.spi.UpdateTimestampsCache] : [Student_secretCodes] -> [5579091148779522]
14:18:59,995 DEBUG BaseGeneralDataRegion:59 - Caching[foo.org.hibernate.cache.spi.UpdateTimestampsCache] : [CourseMeeting] -> [5579091148779523]
14:18:59,995 DEBUG SQL:104 - 
    delete 
    from
        Enrolment 
    where
        studentId=? 
        and courseCode=?
14:18:59,996 DEBUG BaseGeneralDataRegion:59 - Caching[foo.org.hibernate.cache.spi.UpdateTimestampsCache] : [Enrolment] -> [5579091148783616]
14:18:59,996 DEBUG SQL:104 - 
    delete 
    from
        Address 
    where
        id=?
14:18:59,996 DEBUG BaseGeneralDataRegion:59 - Caching[foo.org.hibernate.cache.spi.UpdateTimestampsCache] : [Address] -> [5579091148783617]
14:19:00,005 DEBUG SQL:104 - 
    delete 
    from
        Address 
    where
        id=?
14:19:00,006 DEBUG BaseGeneralDataRegion:59 - Caching[foo.org.hibernate.cache.spi.UpdateTimestampsCache] : [Address] -> [5579091148824576]
14:19:00,006 DEBUG SQL:104 - 
    delete 
    from
        Student 
    where
        studentId=?
14:19:00,006 DEBUG BaseGeneralDataRegion:59 - Caching[foo.org.hibernate.cache.spi.UpdateTimestampsCache] : [Student] -> [5579091148824577]
14:19:00,007 DEBUG SQL:104 - 
    delete 
    from
        Enrolment 
    where
        studentId=? 
        and courseCode=?
14:19:00,007 DEBUG BaseGeneralDataRegion:59 - Caching[foo.org.hibernate.cache.spi.UpdateTimestampsCache] : [Enrolment] -> [5579091148828672]
14:19:00,007 DEBUG SQL:104 - 
    delete 
    from
        Student 
    where
        studentId=?
14:19:00,007 DEBUG BaseGeneralDataRegion:59 - Caching[foo.org.hibernate.cache.spi.UpdateTimestampsCache] : [Student] -> [5579091148828673]
14:19:00,016 DEBUG SQL:104 - 
    delete 
    from
        CourseMeeting 
    where
        courseCode=? 
        and day=? 
        and period=? 
        and location=?
14:19:00,017 DEBUG BaseGeneralDataRegion:59 - Caching[foo.org.hibernate.cache.spi.UpdateTimestampsCache] : [CourseMeeting] -> [5579091148869632]
14:19:00,017 DEBUG SQL:104 - 
    delete 
    from
        CourseMeeting 
    where
        courseCode=? 
        and day=? 
        and period=? 
        and location=?
14:19:00,017 DEBUG BaseGeneralDataRegion:59 - Caching[foo.org.hibernate.cache.spi.UpdateTimestampsCache] : [CourseMeeting] -> [5579091148869633]
14:19:00,017 DEBUG SQL:104 - 
    delete 
    from
        Course 
    where
        courseCode=?
14:19:00,017 DEBUG BaseGeneralDataRegion:59 - Caching[foo.org.hibernate.cache.spi.UpdateTimestampsCache] : [Course] -> [5579091148869634]
14:19:00,017 DEBUG BaseGeneralDataRegion:59 - Caching[foo.org.hibernate.cache.spi.UpdateTimestampsCache] : [Student] -> [5579090903109635]
14:19:00,018 DEBUG BaseGeneralDataRegion:59 - Caching[foo.org.hibernate.cache.spi.UpdateTimestampsCache] : [Course] -> [5579090903109635]
14:19:00,018 DEBUG BaseGeneralDataRegion:59 - Caching[foo.org.hibernate.cache.spi.UpdateTimestampsCache] : [Enrolment] -> [5579090903109635]
14:19:00,027 DEBUG BaseGeneralDataRegion:59 - Caching[foo.org.hibernate.cache.spi.UpdateTimestampsCache] : [Student_secretCodes] -> [5579090903109635]
14:19:00,028 DEBUG BaseGeneralDataRegion:59 - Caching[foo.org.hibernate.cache.spi.UpdateTimestampsCache] : [Address] -> [5579090903109635]
14:19:00,028 DEBUG BaseGeneralDataRegion:59 - Caching[foo.org.hibernate.cache.spi.UpdateTimestampsCache] : [CourseMeeting] -> [5579090903109635]
14:19:00,028  INFO CustomRunner:139 - Test: testSelectNewMapUsingAliasesList
14:19:00,029 DEBUG SQL:104 - 
    select
        coursemeet_.courseCode,
        coursemeet_.day,
        coursemeet_.period,
        coursemeet_.location 
    from
        CourseMeeting coursemeet_ 
    where
        coursemeet_.courseCode=? 
        and coursemeet_.day=? 
        and coursemeet_.period=? 
        and coursemeet_.location=?
14:19:00,030 DEBUG SQL:104 - 
    select
        coursemeet_.courseCode,
        coursemeet_.day,
        coursemeet_.period,
        coursemeet_.location 
    from
        CourseMeeting coursemeet_ 
    where
        coursemeet_.courseCode=? 
        and coursemeet_.day=? 
        and coursemeet_.period=? 
        and coursemeet_.location=?
14:19:00,038 DEBUG SQL:104 - 
    insert 
    into
        Course
        (description, courseCode) 
    values
        (?, ?)
14:19:00,038 DEBUG BaseGeneralDataRegion:59 - Caching[foo.org.hibernate.cache.spi.UpdateTimestampsCache] : [Course] -> [5579091148955648]
14:19:00,038 DEBUG SQL:104 - 
    insert 
    into
        CourseMeeting
        (courseCode, day, period, location) 
    values
        (?, ?, ?, ?)
14:19:00,039 DEBUG BaseGeneralDataRegion:59 - Caching[foo.org.hibernate.cache.spi.UpdateTimestampsCache] : [CourseMeeting] -> [5579091148959744]
14:19:00,039 DEBUG SQL:104 - 
    insert 
    into
        CourseMeeting
        (courseCode, day, period, location) 
    values
        (?, ?, ?, ?)
14:19:00,039 DEBUG BaseGeneralDataRegion:59 - Caching[foo.org.hibernate.cache.spi.UpdateTimestampsCache] : [CourseMeeting] -> [5579091148959745]
14:19:00,039 DEBUG SQL:104 - 
    insert 
    into
        Student
        (name_first, name_middle, name_last, preferredCourseCode, studentId) 
    values
        (?, ?, ?, ?, ?)
14:19:00,048 DEBUG BaseGeneralDataRegion:59 - Caching[foo.org.hibernate.cache.spi.UpdateTimestampsCache] : [Student] -> [5579091148996608]
14:19:00,048 DEBUG SQL:104 - 
    insert 
    into
        Address
        (addressType, street, city, stateProvince, postalCode, country, studentNumber, id) 
    values
        (?, ?, ?, ?, ?, ?, ?, ?)
14:19:00,048 DEBUG BaseGeneralDataRegion:59 - Caching[foo.org.hibernate.cache.spi.UpdateTimestampsCache] : [Address] -> [5579091148996609]
14:19:00,048 DEBUG SQL:104 - 
    insert 
    into
        Address
        (addressType, street, city, stateProvince, postalCode, country, studentNumber, id) 
    values
        (?, ?, ?, ?, ?, ?, ?, ?)
14:19:00,049 DEBUG BaseGeneralDataRegion:59 - Caching[foo.org.hibernate.cache.spi.UpdateTimestampsCache] : [Address] -> [5579091149000704]
14:19:00,049 DEBUG SQL:104 - 
    insert 
    into
        Student
        (name_first, name_middle, name_last, preferredCourseCode, studentId) 
    values
        (?, ?, ?, ?, ?)
14:19:00,049 DEBUG BaseGeneralDataRegion:59 - Caching[foo.org.hibernate.cache.spi.UpdateTimestampsCache] : [Student] -> [5579091149000705]
14:19:00,049 DEBUG SQL:104 - 
    insert 
    into
        Enrolment
        (semester, "year", studentId, courseCode) 
    values
        (?, ?, ?, ?)
14:19:00,049 DEBUG BaseGeneralDataRegion:59 - Caching[foo.org.hibernate.cache.spi.UpdateTimestampsCache] : [Enrolment] -> [5579091149000706]
14:19:00,049 DEBUG SQL:104 - 
    insert 
    into
        Enrolment
        (semester, "year", studentId, courseCode) 
    values
        (?, ?, ?, ?)
14:19:00,049 DEBUG BaseGeneralDataRegion:59 - Caching[foo.org.hibernate.cache.spi.UpdateTimestampsCache] : [Enrolment] -> [5579091149000707]
14:19:00,050 DEBUG BaseGeneralDataRegion:59 - Caching[foo.org.hibernate.cache.spi.UpdateTimestampsCache] : [CourseMeeting] -> [5579091149004800]
14:19:00,050 DEBUG BaseGeneralDataRegion:59 - Caching[foo.org.hibernate.cache.spi.UpdateTimestampsCache] : [Enrolment] -> [5579091149004801]
14:19:00,050 DEBUG SQL:104 - 
    update
        Address 
    set
        studentNumber=?,
        addressType=? 
    where
        id=?
14:19:00,050 DEBUG SQL:104 - 
    update
        Address 
    set
        studentNumber=?,
        addressType=? 
    where
        id=?
14:19:00,059 DEBUG BaseGeneralDataRegion:59 - Caching[foo.org.hibernate.cache.spi.UpdateTimestampsCache] : [Address] -> [5579091149041664]
14:19:00,059 DEBUG SQL:104 - 
    insert 
    into
        Student_secretCodes
        (studentNumber, i, secretCode) 
    values
        (?, ?, ?)
14:19:00,060 DEBUG BaseGeneralDataRegion:59 - Caching[foo.org.hibernate.cache.spi.UpdateTimestampsCache] : [Student_secretCodes] -> [5579091149045760]
14:19:00,060 DEBUG BaseGeneralDataRegion:59 - Caching[foo.org.hibernate.cache.spi.UpdateTimestampsCache] : [Enrolment] -> [5579091149045761]
14:19:00,060 DEBUG BaseGeneralDataRegion:59 - Caching[foo.org.hibernate.cache.spi.UpdateTimestampsCache] : [Address] -> [5579091149045762]
14:19:00,060 DEBUG SQL:104 - 
    insert 
    into
        Student_secretCodes
        (studentNumber, i, secretCode) 
    values
        (?, ?, ?)
14:19:00,060 DEBUG SQL:104 - 
    insert 
    into
        Student_secretCodes
        (studentNumber, i, secretCode) 
    values
        (?, ?, ?)
14:19:00,060 DEBUG BaseGeneralDataRegion:59 - Caching[foo.org.hibernate.cache.spi.UpdateTimestampsCache] : [Student_secretCodes] -> [5579091149045763]
14:19:00,060 DEBUG BaseGeneralDataRegion:59 - Caching[foo.org.hibernate.cache.spi.UpdateTimestampsCache] : [Student] -> [5579090903285764]
14:19:00,060 DEBUG BaseGeneralDataRegion:59 - Caching[foo.org.hibernate.cache.spi.UpdateTimestampsCache] : [Course] -> [5579090903285764]
14:19:00,069 DEBUG BaseGeneralDataRegion:59 - Caching[foo.org.hibernate.cache.spi.UpdateTimestampsCache] : [Enrolment] -> [5579090903285764]
14:19:00,069 DEBUG BaseGeneralDataRegion:59 - Caching[foo.org.hibernate.cache.spi.UpdateTimestampsCache] : [Student_secretCodes] -> [5579090903285764]
14:19:00,069 DEBUG BaseGeneralDataRegion:59 - Caching[foo.org.hibernate.cache.spi.UpdateTimestampsCache] : [Address] -> [5579090903285764]
14:19:00,069 DEBUG BaseGeneralDataRegion:59 - Caching[foo.org.hibernate.cache.spi.UpdateTimestampsCache] : [CourseMeeting] -> [5579090903285764]
14:19:00,070 DEBUG QueryTranslatorImpl:265 - parse() - HQL: select new map(s.studentNumber as sNumber, s.name as sName) from org.hibernate.test.querycache.Student s order by s.studentNumber
14:19:00,071 DEBUG QueryTranslatorImpl:283 - --- HQL AST ---
 \-[QUERY] Node: 'query'
    +-[SELECT_FROM] Node: 'SELECT_FROM'
    |  +-[FROM] Node: 'from'
    |  |  \-[RANGE] Node: 'RANGE'
    |  |     +-[DOT] Node: '.'
    |  |     |  +-[DOT] Node: '.'
    |  |     |  |  +-[DOT] Node: '.'
    |  |     |  |  |  +-[DOT] Node: '.'
    |  |     |  |  |  |  +-[IDENT] Node: 'org'
    |  |     |  |  |  |  \-[IDENT] Node: 'hibernate'
    |  |     |  |  |  \-[IDENT] Node: 'test'
    |  |     |  |  \-[IDENT] Node: 'querycache'
    |  |     |  \-[IDENT] Node: 'Student'
    |  |     \-[ALIAS] Node: 's'
    |  \-[SELECT] Node: 'select'
    |     \-[CONSTRUCTOR] Node: '('
    |        +-[IDENT] Node: 'map'
    |        +-[AS] Node: 'as'
    |        |  +-[DOT] Node: '.'
    |        |  |  +-[IDENT] Node: 's'
    |        |  |  \-[IDENT] Node: 'studentNumber'
    |        |  \-[IDENT] Node: 'sNumber'
    |        \-[AS] Node: 'as'
    |           +-[DOT] Node: '.'
    |           |  +-[IDENT] Node: 's'
    |           |  \-[IDENT] Node: 'name'
    |           \-[IDENT] Node: 'sName'
    \-[ORDER] Node: 'order'
       \-[DOT] Node: '.'
          +-[IDENT] Node: 's'
          \-[IDENT] Node: 'studentNumber'

14:19:00,072 DEBUG ErrorCounter:82 - throwQueryException() : no errors
14:19:00,072 DEBUG FromElement:157 - FromClause{level=1} : org.hibernate.test.querycache.Student (s) -> student0_
14:19:00,072 DEBUG FromReferenceNode:74 - Resolved : s -> student0_.studentId
14:19:00,072 DEBUG DotNode:599 - getDataType() : studentNumber -> org.hibernate.type.LongType@4bf3f9d
14:19:00,073 DEBUG FromReferenceNode:74 - Resolved : s.studentNumber -> student0_.studentId
14:19:00,073 DEBUG FromReferenceNode:74 - Resolved : s -> student0_.studentId
14:19:00,118 DEBUG DotNode:599 - getDataType() : name -> org.hibernate.type.ComponentType@61c1ffc2
14:19:00,118 DEBUG DotNode:588 - Terminal propertyPath = [name]
14:19:00,118 DEBUG FromReferenceNode:74 - Resolved : s.name -> student0_.name_first, student0_.name_middle, student0_.name_last
14:19:00,119 DEBUG FromReferenceNode:74 - Resolved : s -> student0_.studentId
14:19:00,119 DEBUG DotNode:599 - getDataType() : studentNumber -> org.hibernate.type.LongType@4bf3f9d
14:19:00,119 DEBUG FromReferenceNode:74 - Resolved : s.studentNumber -> student0_.studentId
14:19:00,119 DEBUG HqlSqlWalker:629 - processQuery() :  ( SELECT ( {select clause} ( ( map ( student0_.studentId student0_.studentId studentNumber ) ( student0_.name_first, student0_.name_middle, student0_.name_last student0_.studentId name ) ) ) ( FromClause{level=1} Student student0_ ) ( order ( student0_.studentId student0_.studentId studentNumber ) ) )
14:19:00,119 DEBUG JoinProcessor:175 - Using FROM fragment [Student student0_]
14:19:00,119 DEBUG QueryTranslatorImpl:252 - --- SQL AST ---
 \-[SELECT] QueryNode: 'SELECT'  querySpaces (Student)
    +-[SELECT_CLAUSE] SelectClause: '{select clause}'
    |  \-[CONSTRUCTOR] ConstructorNode: '('
    |     +-[IDENT] IdentNode: 'map' {originalText=map}
    |     +-[DOT] DotNode: 'student0_.studentId' {propertyName=studentNumber,dereferenceType=ALL,propertyPath=studentNumber,path=s.studentNumber,tableAlias=student0_,className=org.hibernate.test.querycache.Student,classAlias=s}
    |     |  +-[ALIAS_REF] IdentNode: 'student0_.studentId' {alias=s, className=org.hibernate.test.querycache.Student, tableAlias=student0_}
    |     |  \-[IDENT] IdentNode: 'studentNumber' {originalText=studentNumber}
    |     +-[SELECT_COLUMNS] SqlNode: ' as col_0_0_'
    |     +-[DOT] DotNode: 'student0_.name_first' {propertyName=name,dereferenceType=2,propertyPath=name,path=s.name,tableAlias=student0_,className=org.hibernate.test.querycache.Student,classAlias=s}
    |     |  +-[ALIAS_REF] IdentNode: 'student0_.studentId' {alias=s, className=org.hibernate.test.querycache.Student, tableAlias=student0_}
    |     |  \-[IDENT] IdentNode: 'name' {originalText=name}
    |     +-[SELECT_COLUMNS] SqlNode: ' as col_1_0_'
    |     +-[SQL_TOKEN] SqlFragment: 'student0_.name_middle'
    |     +-[SELECT_COLUMNS] SqlNode: ' as col_1_1_'
    |     +-[SQL_TOKEN] SqlFragment: 'student0_.name_last'
    |     \-[SELECT_COLUMNS] SqlNode: ' as col_1_2_'
    +-[FROM] FromClause: 'from' FromClause{level=1, fromElementCounter=1, fromElements=1, fromElementByClassAlias=[s], fromElementByTableAlias=[student0_], fromElementsByPath=[], collectionJoinFromElementsByPath=[], impliedElements=[]}
    |  \-[FROM_FRAGMENT] FromElement: 'Student student0_' FromElement{explicit,not a collection join,not a fetch join,fetch non-lazy properties,classAlias=s,role=null,tableName=Student,tableAlias=student0_,origin=null,columns={,className=org.hibernate.test.querycache.Student}}
    \-[ORDER] OrderByClause: 'order'
       \-[DOT] DotNode: 'student0_.studentId' {propertyName=studentNumber,dereferenceType=ALL,propertyPath=studentNumber,path=s.studentNumber,tableAlias=student0_,className=org.hibernate.test.querycache.Student,classAlias=s}
          +-[ALIAS_REF] IdentNode: 'student0_.studentId' {alias=s, className=org.hibernate.test.querycache.Student, tableAlias=student0_}
          \-[IDENT] IdentNode: 'studentNumber' {originalText=studentNumber}

14:19:00,120 DEBUG ErrorCounter:82 - throwQueryException() : no errors
14:19:00,120 DEBUG QueryTranslatorImpl:235 - HQL: select new map(s.studentNumber as sNumber, s.name as sName) from org.hibernate.test.querycache.Student s order by s.studentNumber
14:19:00,120 DEBUG QueryTranslatorImpl:236 - SQL: select student0_.studentId as col_0_0_, student0_.name_first as col_1_0_, student0_.name_middle as col_1_1_, student0_.name_last as col_1_2_ from Student student0_ order by student0_.studentId
14:19:00,120 DEBUG ErrorCounter:82 - throwQueryException() : no errors
14:19:00,120 DEBUG SQL:104 - 
    select
        student0_.studentId as col_0_0_,
        student0_.name_first as col_1_0_,
        student0_.name_middle as col_1_1_,
        student0_.name_last as col_1_2_ 
    from
        Student student0_ 
    order by
        student0_.studentId
14:19:00,121 DEBUG BaseGeneralDataRegion:59 - Caching[foo.org.hibernate.cache.internal.StandardQueryCache] : [sql: select student0_.studentId as col_0_0_, student0_.name_first as col_1_0_, student0_.name_middle as col_1_1_, student0_.name_last as col_1_2_ from Student student0_ order by student0_.studentId; parameters: ; named parameters: {}; transformer: org.hibernate.transform.CacheableResultTransformer@1406bf] -> [[5579090903535616, [Ljava.io.Serializable;@f26399c, [Ljava.io.Serializable;@16903889]]
14:19:00,121 DEBUG SQL:104 - 
    select
        student0_.studentId as col_0_0_,
        student0_.name_first as col_1_0_,
        student0_.name_middle as col_1_1_,
        student0_.name_last as col_1_2_ 
    from
        Student student0_ 
    order by
        student0_.studentId
14:19:00,121 DEBUG BaseGeneralDataRegion:59 - Caching[foo.org.hibernate.cache.internal.StandardQueryCache] : [sql: select student0_.studentId as col_0_0_, student0_.name_first as col_1_0_, student0_.name_middle as col_1_1_, student0_.name_last as col_1_2_ from Student student0_ order by student0_.studentId; parameters: ; named parameters: {}; transformer: org.hibernate.transform.CacheableResultTransformer@1406bf] -> [[5579090903535619, [Ljava.io.Serializable;@61378330, [Ljava.io.Serializable;@385f62d]]
14:19:00,121 DEBUG SQL:104 - 
    select
        student_.studentId,
        student_.name_first as name2_4_,
        student_.name_middle as name3_4_,
        student_.name_last as name4_4_,
        student_.preferredCourseCode as preferre5_4_ 
    from
        Student student_ 
    where
        student_.studentId=?
14:19:00,122 DEBUG SQL:104 - 
    select
        enrolment_.studentId,
        enrolment_.courseCode,
        enrolment_.semester as semester3_,
        enrolment_."year" as year4_3_ 
    from
        Enrolment enrolment_ 
    where
        enrolment_.studentId=? 
        and enrolment_.courseCode=?
14:19:00,124 DEBUG SQL:104 - 
    select
        course_.courseCode,
        course_.description as descript2_1_ 
    from
        Course course_ 
    where
        course_.courseCode=?
14:19:00,124 DEBUG SQL:104 - 
    select
        student_.studentId,
        student_.name_first as name2_4_,
        student_.name_middle as name3_4_,
        student_.name_last as name4_4_,
        student_.preferredCourseCode as preferre5_4_ 
    from
        Student student_ 
    where
        student_.studentId=?
14:19:00,124 DEBUG SQL:104 - 
    select
        enrolment_.studentId,
        enrolment_.courseCode,
        enrolment_.semester as semester3_,
        enrolment_."year" as year4_3_ 
    from
        Enrolment enrolment_ 
    where
        enrolment_.studentId=? 
        and enrolment_.courseCode=?
14:19:00,125 DEBUG SQL:104 - 
    select
        coursemeet_.courseCode,
        coursemeet_.day,
        coursemeet_.period,
        coursemeet_.location 
    from
        CourseMeeting coursemeet_ 
    where
        coursemeet_.courseCode=? 
        and coursemeet_.day=? 
        and coursemeet_.period=? 
        and coursemeet_.location=?
14:19:00,125 DEBUG SQL:104 - 
    select
        coursemeet_.courseCode,
        coursemeet_.day,
        coursemeet_.period,
        coursemeet_.location 
    from
        CourseMeeting coursemeet_ 
    where
        coursemeet_.courseCode=? 
        and coursemeet_.day=? 
        and coursemeet_.period=? 
        and coursemeet_.location=?
14:19:00,125 DEBUG BaseGeneralDataRegion:59 - Caching[foo.org.hibernate.cache.spi.UpdateTimestampsCache] : [Enrolment] -> [5579091149312000]
14:19:00,125 DEBUG SQL:104 - 
    update
        Address 
    set
        studentNumber=null,
        addressType=null 
    where
        studentNumber=?
14:19:00,126 DEBUG BaseGeneralDataRegion:59 - Caching[foo.org.hibernate.cache.spi.UpdateTimestampsCache] : [Address] -> [5579091149316096]
14:19:00,126 DEBUG SQL:104 - 
    delete 
    from
        Student_secretCodes 
    where
        studentNumber=?
14:19:00,150 DEBUG BaseGeneralDataRegion:59 - Caching[foo.org.hibernate.cache.spi.UpdateTimestampsCache] : [Student_secretCodes] -> [5579091149410304]
14:19:00,150 DEBUG BaseGeneralDataRegion:59 - Caching[foo.org.hibernate.cache.spi.UpdateTimestampsCache] : [Enrolment] -> [5579091149414400]
14:19:00,150 DEBUG BaseGeneralDataRegion:59 - Caching[foo.org.hibernate.cache.spi.UpdateTimestampsCache] : [Address] -> [5579091149414401]
14:19:00,150 DEBUG SQL:104 - 
    delete 
    from
        Student_secretCodes 
    where
        studentNumber=?
14:19:00,150 DEBUG BaseGeneralDataRegion:59 - Caching[foo.org.hibernate.cache.spi.UpdateTimestampsCache] : [Student_secretCodes] -> [5579091149414402]
14:19:00,150 DEBUG BaseGeneralDataRegion:59 - Caching[foo.org.hibernate.cache.spi.UpdateTimestampsCache] : [CourseMeeting] -> [5579091149414403]
14:19:00,151 DEBUG SQL:104 - 
    delete 
    from
        Enrolment 
    where
        studentId=? 
        and courseCode=?
14:19:00,151 DEBUG BaseGeneralDataRegion:59 - Caching[foo.org.hibernate.cache.spi.UpdateTimestampsCache] : [Enrolment] -> [5579091149418496]
14:19:00,151 DEBUG SQL:104 - 
    delete 
    from
        Address 
    where
        id=?
14:19:00,151 DEBUG BaseGeneralDataRegion:59 - Caching[foo.org.hibernate.cache.spi.UpdateTimestampsCache] : [Address] -> [5579091149418497]
14:19:00,151 DEBUG SQL:104 - 
    delete 
    from
        Address 
    where
        id=?
14:19:00,161 DEBUG BaseGeneralDataRegion:59 - Caching[foo.org.hibernate.cache.spi.UpdateTimestampsCache] : [Address] -> [5579091149459456]
14:19:00,161 DEBUG SQL:104 - 
    delete 
    from
        Student 
    where
        studentId=?
14:19:00,161 DEBUG BaseGeneralDataRegion:59 - Caching[foo.org.hibernate.cache.spi.UpdateTimestampsCache] : [Student] -> [5579091149459457]
14:19:00,162 DEBUG SQL:104 - 
    delete 
    from
        Enrolment 
    where
        studentId=? 
        and courseCode=?
14:19:00,162 DEBUG BaseGeneralDataRegion:59 - Caching[foo.org.hibernate.cache.spi.UpdateTimestampsCache] : [Enrolment] -> [5579091149463552]
14:19:00,162 DEBUG SQL:104 - 
    delete 
    from
        Student 
    where
        studentId=?
14:19:00,162 DEBUG BaseGeneralDataRegion:59 - Caching[foo.org.hibernate.cache.spi.UpdateTimestampsCache] : [Student] -> [5579091149463553]
14:19:00,162 DEBUG SQL:104 - 
    delete 
    from
        CourseMeeting 
    where
        courseCode=? 
        and day=? 
        and period=? 
        and location=?
14:19:00,171 DEBUG BaseGeneralDataRegion:59 - Caching[foo.org.hibernate.cache.spi.UpdateTimestampsCache] : [CourseMeeting] -> [5579091149500416]
14:19:00,171 DEBUG SQL:104 - 
    delete 
    from
        CourseMeeting 
    where
        courseCode=? 
        and day=? 
        and period=? 
        and location=?
14:19:00,171 DEBUG BaseGeneralDataRegion:59 - Caching[foo.org.hibernate.cache.spi.UpdateTimestampsCache] : [CourseMeeting] -> [5579091149500417]
14:19:00,171 DEBUG SQL:104 - 
    delete 
    from
        Course 
    where
        courseCode=?
14:19:00,173 DEBUG BaseGeneralDataRegion:59 - Caching[foo.org.hibernate.cache.spi.UpdateTimestampsCache] : [Course] -> [5579091149508608]
14:19:00,173 DEBUG BaseGeneralDataRegion:59 - Caching[foo.org.hibernate.cache.spi.UpdateTimestampsCache] : [Student] -> [5579090903748609]
14:19:00,173 DEBUG BaseGeneralDataRegion:59 - Caching[foo.org.hibernate.cache.spi.UpdateTimestampsCache] : [Course] -> [5579090903748609]
14:19:00,173 DEBUG BaseGeneralDataRegion:59 - Caching[foo.org.hibernate.cache.spi.UpdateTimestampsCache] : [Enrolment] -> [5579090903748609]
14:19:00,174 DEBUG BaseGeneralDataRegion:59 - Caching[foo.org.hibernate.cache.spi.UpdateTimestampsCache] : [Student_secretCodes] -> [5579090903748609]
14:19:00,174 DEBUG BaseGeneralDataRegion:59 - Caching[foo.org.hibernate.cache.spi.UpdateTimestampsCache] : [Address] -> [5579090903748609]
14:19:00,174 DEBUG BaseGeneralDataRegion:59 - Caching[foo.org.hibernate.cache.spi.UpdateTimestampsCache] : [CourseMeeting] -> [5579090903748609]
14:19:00,174  INFO CustomRunner:139 - Test: testSingleAggregatedPropProjectionSingleResult
14:19:00,176 DEBUG SQL:104 - 
    select
        coursemeet_.courseCode,
        coursemeet_.day,
        coursemeet_.period,
        coursemeet_.location 
    from
        CourseMeeting coursemeet_ 
    where
        coursemeet_.courseCode=? 
        and coursemeet_.day=? 
        and coursemeet_.period=? 
        and coursemeet_.location=?
14:19:00,176 DEBUG SQL:104 - 
    select
        coursemeet_.courseCode,
        coursemeet_.day,
        coursemeet_.period,
        coursemeet_.location 
    from
        CourseMeeting coursemeet_ 
    where
        coursemeet_.courseCode=? 
        and coursemeet_.day=? 
        and coursemeet_.period=? 
        and coursemeet_.location=?
14:19:00,188 DEBUG SQL:104 - 
    insert 
    into
        Course
        (description, courseCode) 
    values
        (?, ?)
14:19:00,189 DEBUG BaseGeneralDataRegion:59 - Caching[foo.org.hibernate.cache.spi.UpdateTimestampsCache] : [Course] -> [5579091149574144]
14:19:00,189 DEBUG SQL:104 - 
    insert 
    into
        CourseMeeting
        (courseCode, day, period, location) 
    values
        (?, ?, ?, ?)
14:19:00,190 DEBUG BaseGeneralDataRegion:59 - Caching[foo.org.hibernate.cache.spi.UpdateTimestampsCache] : [CourseMeeting] -> [5579091149578240]
14:19:00,190 DEBUG SQL:104 - 
    insert 
    into
        CourseMeeting
        (courseCode, day, period, location) 
    values
        (?, ?, ?, ?)
14:19:00,190 DEBUG BaseGeneralDataRegion:59 - Caching[foo.org.hibernate.cache.spi.UpdateTimestampsCache] : [CourseMeeting] -> [5579091149578241]
14:19:00,190 DEBUG SQL:104 - 
    insert 
    into
        Student
        (name_first, name_middle, name_last, preferredCourseCode, studentId) 
    values
        (?, ?, ?, ?, ?)
14:19:00,198 DEBUG BaseGeneralDataRegion:59 - Caching[foo.org.hibernate.cache.spi.UpdateTimestampsCache] : [Student] -> [5579091149611008]
14:19:00,198 DEBUG SQL:104 - 
    insert 
    into
        Address
        (addressType, street, city, stateProvince, postalCode, country, studentNumber, id) 
    values
        (?, ?, ?, ?, ?, ?, ?, ?)
14:19:00,199 DEBUG BaseGeneralDataRegion:59 - Caching[foo.org.hibernate.cache.spi.UpdateTimestampsCache] : [Address] -> [5579091149615104]
14:19:00,199 DEBUG SQL:104 - 
    insert 
    into
        Address
        (addressType, street, city, stateProvince, postalCode, country, studentNumber, id) 
    values
        (?, ?, ?, ?, ?, ?, ?, ?)
14:19:00,199 DEBUG BaseGeneralDataRegion:59 - Caching[foo.org.hibernate.cache.spi.UpdateTimestampsCache] : [Address] -> [5579091149615105]
14:19:00,199 DEBUG SQL:104 - 
    insert 
    into
        Student
        (name_first, name_middle, name_last, preferredCourseCode, studentId) 
    values
        (?, ?, ?, ?, ?)
14:19:00,199 DEBUG BaseGeneralDataRegion:59 - Caching[foo.org.hibernate.cache.spi.UpdateTimestampsCache] : [Student] -> [5579091149615106]
14:19:00,200 DEBUG SQL:104 - 
    insert 
    into
        Enrolment
        (semester, "year", studentId, courseCode) 
    values
        (?, ?, ?, ?)
14:19:00,200 DEBUG BaseGeneralDataRegion:59 - Caching[foo.org.hibernate.cache.spi.UpdateTimestampsCache] : [Enrolment] -> [5579091149619200]
14:19:00,200 DEBUG SQL:104 - 
    insert 
    into
        Enrolment
        (semester, "year", studentId, courseCode) 
    values
        (?, ?, ?, ?)
14:19:00,200 DEBUG BaseGeneralDataRegion:59 - Caching[foo.org.hibernate.cache.spi.UpdateTimestampsCache] : [Enrolment] -> [5579091149619201]
14:19:00,200 DEBUG BaseGeneralDataRegion:59 - Caching[foo.org.hibernate.cache.spi.UpdateTimestampsCache] : [CourseMeeting] -> [5579091149619202]
14:19:00,200 DEBUG BaseGeneralDataRegion:59 - Caching[foo.org.hibernate.cache.spi.UpdateTimestampsCache] : [Enrolment] -> [5579091149619203]
14:19:00,221 DEBUG SQL:104 - 
    update
        Address 
    set
        studentNumber=?,
        addressType=? 
    where
        id=?
14:19:00,221 DEBUG SQL:104 - 
    update
        Address 
    set
        studentNumber=?,
        addressType=? 
    where
        id=?
14:19:00,221 DEBUG BaseGeneralDataRegion:59 - Caching[foo.org.hibernate.cache.spi.UpdateTimestampsCache] : [Address] -> [5579091149705216]
14:19:00,221 DEBUG SQL:104 - 
    insert 
    into
        Student_secretCodes
        (studentNumber, i, secretCode) 
    values
        (?, ?, ?)
14:19:00,222 DEBUG BaseGeneralDataRegion:59 - Caching[foo.org.hibernate.cache.spi.UpdateTimestampsCache] : [Student_secretCodes] -> [5579091149709312]
14:19:00,222 DEBUG BaseGeneralDataRegion:59 - Caching[foo.org.hibernate.cache.spi.UpdateTimestampsCache] : [Enrolment] -> [5579091149709313]
14:19:00,222 DEBUG BaseGeneralDataRegion:59 - Caching[foo.org.hibernate.cache.spi.UpdateTimestampsCache] : [Address] -> [5579091149709314]
14:19:00,222 DEBUG SQL:104 - 
    insert 
    into
        Student_secretCodes
        (studentNumber, i, secretCode) 
    values
        (?, ?, ?)
14:19:00,232 DEBUG SQL:104 - 
    insert 
    into
        Student_secretCodes
        (studentNumber, i, secretCode) 
    values
        (?, ?, ?)
14:19:00,233 DEBUG BaseGeneralDataRegion:59 - Caching[foo.org.hibernate.cache.spi.UpdateTimestampsCache] : [Student_secretCodes] -> [5579091149754368]
14:19:00,233 DEBUG BaseGeneralDataRegion:59 - Caching[foo.org.hibernate.cache.spi.UpdateTimestampsCache] : [Student] -> [5579090903994369]
14:19:00,233 DEBUG BaseGeneralDataRegion:59 - Caching[foo.org.hibernate.cache.spi.UpdateTimestampsCache] : [Course] -> [5579090903994369]
14:19:00,233 DEBUG BaseGeneralDataRegion:59 - Caching[foo.org.hibernate.cache.spi.UpdateTimestampsCache] : [Enrolment] -> [5579090903994369]
14:19:00,233 DEBUG BaseGeneralDataRegion:59 - Caching[foo.org.hibernate.cache.spi.UpdateTimestampsCache] : [Student_secretCodes] -> [5579090903994369]
14:19:00,234 DEBUG BaseGeneralDataRegion:59 - Caching[foo.org.hibernate.cache.spi.UpdateTimestampsCache] : [Address] -> [5579090903994369]
14:19:00,234 DEBUG BaseGeneralDataRegion:59 - Caching[foo.org.hibernate.cache.spi.UpdateTimestampsCache] : [CourseMeeting] -> [5579090903994369]
14:19:00,234 DEBUG QueryTranslatorImpl:265 - parse() - HQL: select min( e.studentNumber ) from org.hibernate.test.querycache.Enrolment e
14:19:00,235 DEBUG QueryTranslatorImpl:283 - --- HQL AST ---
 \-[QUERY] Node: 'query'
    \-[SELECT_FROM] Node: 'SELECT_FROM'
       +-[FROM] Node: 'from'
       |  \-[RANGE] Node: 'RANGE'
       |     +-[DOT] Node: '.'
       |     |  +-[DOT] Node: '.'
       |     |  |  +-[DOT] Node: '.'
       |     |  |  |  +-[DOT] Node: '.'
       |     |  |  |  |  +-[IDENT] Node: 'org'
       |     |  |  |  |  \-[IDENT] Node: 'hibernate'
       |     |  |  |  \-[IDENT] Node: 'test'
       |     |  |  \-[IDENT] Node: 'querycache'
       |     |  \-[IDENT] Node: 'Enrolment'
       |     \-[ALIAS] Node: 'e'
       \-[SELECT] Node: 'select'
          \-[AGGREGATE] Node: 'min'
             \-[DOT] Node: '.'
                +-[IDENT] Node: 'e'
                \-[IDENT] Node: 'studentNumber'

14:19:00,243 DEBUG ErrorCounter:82 - throwQueryException() : no errors
14:19:00,243 DEBUG FromElement:157 - FromClause{level=1} : org.hibernate.test.querycache.Enrolment (e) -> enrolment0_
14:19:00,243 DEBUG FromReferenceNode:74 - Resolved : e -> (enrolment0_.studentId, enrolment0_.courseCode)
14:19:00,244 DEBUG DotNode:599 - getDataType() : studentNumber -> org.hibernate.type.LongType@4bf3f9d
14:19:00,244 DEBUG FromReferenceNode:74 - Resolved : e.studentNumber -> enrolment0_.studentId
14:19:00,244 DEBUG HqlSqlWalker:629 - processQuery() :  ( SELECT ( {select clause} ( min ( enrolment0_.studentId (enrolment0_.studentId, enrolment0_.courseCode) studentNumber ) ) ) ( FromClause{level=1} Enrolment enrolment0_ ) )
14:19:00,244 DEBUG JoinProcessor:175 - Using FROM fragment [Enrolment enrolment0_]
14:19:00,244 DEBUG QueryTranslatorImpl:252 - --- SQL AST ---
 \-[SELECT] QueryNode: 'SELECT'  querySpaces (Enrolment)
    +-[SELECT_CLAUSE] SelectClause: '{select clause}'
    |  +-[AGGREGATE] AggregateNode: 'min'
    |  |  \-[DOT] DotNode: 'enrolment0_.studentId' {propertyName=studentNumber,dereferenceType=ALL,propertyPath=studentNumber,path=e.studentNumber,tableAlias=enrolment0_,className=org.hibernate.test.querycache.Enrolment,classAlias=e}
    |  |     +-[ALIAS_REF] IdentNode: '(enrolment0_.studentId, enrolment0_.courseCode)' {alias=e, className=org.hibernate.test.querycache.Enrolment, tableAlias=enrolment0_}
    |  |     \-[IDENT] IdentNode: 'studentNumber' {originalText=studentNumber}
    |  \-[SELECT_COLUMNS] SqlNode: ' as col_0_0_'
    \-[FROM] FromClause: 'from' FromClause{level=1, fromElementCounter=1, fromElements=1, fromElementByClassAlias=[e], fromElementByTableAlias=[enrolment0_], fromElementsByPath=[], collectionJoinFromElementsByPath=[], impliedElements=[]}
       \-[FROM_FRAGMENT] FromElement: 'Enrolment enrolment0_' FromElement{explicit,not a collection join,not a fetch join,fetch non-lazy properties,classAlias=e,role=null,tableName=Enrolment,tableAlias=enrolment0_,origin=null,columns={,className=org.hibernate.test.querycache.Enrolment}}

14:19:00,253 DEBUG ErrorCounter:82 - throwQueryException() : no errors
14:19:00,253 DEBUG QueryTranslatorImpl:235 - HQL: select min( e.studentNumber ) from org.hibernate.test.querycache.Enrolment e
14:19:00,253 DEBUG QueryTranslatorImpl:236 - SQL: select min(enrolment0_.studentId) as col_0_0_ from Enrolment enrolment0_
14:19:00,253 DEBUG ErrorCounter:82 - throwQueryException() : no errors
14:19:00,253 DEBUG SQL:104 - 
    select
        min(enrolment0_.studentId) as col_0_0_ 
    from
        Enrolment enrolment0_
14:19:00,254 DEBUG BaseGeneralDataRegion:59 - Caching[foo.org.hibernate.cache.internal.StandardQueryCache] : [sql: select min(enrolment0_.studentId) as col_0_0_ from Enrolment enrolment0_; parameters: ; named parameters: {}; transformer: org.hibernate.transform.CacheableResultTransformer@110f2] -> [[5579090904080384, 111]]
14:19:00,254 DEBUG SQL:104 - 
    select
        min(enrolment0_.studentId) as col_0_0_ 
    from
        Enrolment enrolment0_
14:19:00,254 DEBUG BaseGeneralDataRegion:59 - Caching[foo.org.hibernate.cache.internal.StandardQueryCache] : [sql: select min(enrolment0_.studentId) as col_0_0_ from Enrolment enrolment0_; parameters: ; named parameters: {}; transformer: org.hibernate.transform.CacheableResultTransformer@110f2] -> [[5579090904080387, 111]]
14:19:00,255 DEBUG SQL:104 - 
    select
        student_.studentId,
        student_.name_first as name2_4_,
        student_.name_middle as name3_4_,
        student_.name_last as name4_4_,
        student_.preferredCourseCode as preferre5_4_ 
    from
        Student student_ 
    where
        student_.studentId=?
14:19:00,255 DEBUG SQL:104 - 
    select
        enrolment_.studentId,
        enrolment_.courseCode,
        enrolment_.semester as semester3_,
        enrolment_."year" as year4_3_ 
    from
        Enrolment enrolment_ 
    where
        enrolment_.studentId=? 
        and enrolment_.courseCode=?
14:19:00,263 DEBUG SQL:104 - 
    select
        course_.courseCode,
        course_.description as descript2_1_ 
    from
        Course course_ 
    where
        course_.courseCode=?
14:19:00,263 DEBUG SQL:104 - 
    select
        student_.studentId,
        student_.name_first as name2_4_,
        student_.name_middle as name3_4_,
        student_.name_last as name4_4_,
        student_.preferredCourseCode as preferre5_4_ 
    from
        Student student_ 
    where
        student_.studentId=?
14:19:00,264 DEBUG SQL:104 - 
    select
        enrolment_.studentId,
        enrolment_.courseCode,
        enrolment_.semester as semester3_,
        enrolment_."year" as year4_3_ 
    from
        Enrolment enrolment_ 
    where
        enrolment_.studentId=? 
        and enrolment_.courseCode=?
14:19:00,272 DEBUG SQL:104 - 
    select
        coursemeet_.courseCode,
        coursemeet_.day,
        coursemeet_.period,
        coursemeet_.location 
    from
        CourseMeeting coursemeet_ 
    where
        coursemeet_.courseCode=? 
        and coursemeet_.day=? 
        and coursemeet_.period=? 
        and coursemeet_.location=?
14:19:00,273 DEBUG SQL:104 - 
    select
        coursemeet_.courseCode,
        coursemeet_.day,
        coursemeet_.period,
        coursemeet_.location 
    from
        CourseMeeting coursemeet_ 
    where
        coursemeet_.courseCode=? 
        and coursemeet_.day=? 
        and coursemeet_.period=? 
        and coursemeet_.location=?
14:19:00,283 DEBUG BaseGeneralDataRegion:59 - Caching[foo.org.hibernate.cache.spi.UpdateTimestampsCache] : [Enrolment] -> [5579091149959168]
14:19:00,283 DEBUG SQL:104 - 
    update
        Address 
    set
        studentNumber=null,
        addressType=null 
    where
        studentNumber=?
14:19:00,284 DEBUG BaseGeneralDataRegion:59 - Caching[foo.org.hibernate.cache.spi.UpdateTimestampsCache] : [Address] -> [5579091149963264]
14:19:00,284 DEBUG SQL:104 - 
    delete 
    from
        Student_secretCodes 
    where
        studentNumber=?
14:19:00,284 DEBUG BaseGeneralDataRegion:59 - Caching[foo.org.hibernate.cache.spi.UpdateTimestampsCache] : [Student_secretCodes] -> [5579091149963265]
14:19:00,284 DEBUG BaseGeneralDataRegion:59 - Caching[foo.org.hibernate.cache.spi.UpdateTimestampsCache] : [Enrolment] -> [5579091149963266]
14:19:00,284 DEBUG BaseGeneralDataRegion:59 - Caching[foo.org.hibernate.cache.spi.UpdateTimestampsCache] : [Address] -> [5579091149963267]
14:19:00,284 DEBUG SQL:104 - 
    delete 
    from
        Student_secretCodes 
    where
        studentNumber=?
14:19:00,292 DEBUG BaseGeneralDataRegion:59 - Caching[foo.org.hibernate.cache.spi.UpdateTimestampsCache] : [Student_secretCodes] -> [5579091149996032]
14:19:00,292 DEBUG BaseGeneralDataRegion:59 - Caching[foo.org.hibernate.cache.spi.UpdateTimestampsCache] : [CourseMeeting] -> [5579091149996033]
14:19:00,292 DEBUG SQL:104 - 
    delete 
    from
        Enrolment 
    where
        studentId=? 
        and courseCode=?
14:19:00,293 DEBUG BaseGeneralDataRegion:59 - Caching[foo.org.hibernate.cache.spi.UpdateTimestampsCache] : [Enrolment] -> [5579091150000128]
14:19:00,293 DEBUG SQL:104 - 
    delete 
    from
        Address 
    where
        id=?
14:19:00,293 DEBUG BaseGeneralDataRegion:59 - Caching[foo.org.hibernate.cache.spi.UpdateTimestampsCache] : [Address] -> [5579091150000129]
14:19:00,293 DEBUG SQL:104 - 
    delete 
    from
        Address 
    where
        id=?
14:19:00,293 DEBUG BaseGeneralDataRegion:59 - Caching[foo.org.hibernate.cache.spi.UpdateTimestampsCache] : [Address] -> [5579091150000130]
14:19:00,293 DEBUG SQL:104 - 
    delete 
    from
        Student 
    where
        studentId=?
14:19:00,302 DEBUG BaseGeneralDataRegion:59 - Caching[foo.org.hibernate.cache.spi.UpdateTimestampsCache] : [Student] -> [5579091150036992]
14:19:00,302 DEBUG SQL:104 - 
    delete 
    from
        Enrolment 
    where
        studentId=? 
        and courseCode=?
14:19:00,302 DEBUG BaseGeneralDataRegion:59 - Caching[foo.org.hibernate.cache.spi.UpdateTimestampsCache] : [Enrolment] -> [5579091150036993]
14:19:00,303 DEBUG SQL:104 - 
    delete 
    from
        Student 
    where
        studentId=?
14:19:00,303 DEBUG BaseGeneralDataRegion:59 - Caching[foo.org.hibernate.cache.spi.UpdateTimestampsCache] : [Student] -> [5579091150041088]
14:19:00,303 DEBUG SQL:104 - 
    delete 
    from
        CourseMeeting 
    where
        courseCode=? 
        and day=? 
        and period=? 
        and location=?
14:19:00,303 DEBUG BaseGeneralDataRegion:59 - Caching[foo.org.hibernate.cache.spi.UpdateTimestampsCache] : [CourseMeeting] -> [5579091150041089]
14:19:00,303 DEBUG SQL:104 - 
    delete 
    from
        CourseMeeting 
    where
        courseCode=? 
        and day=? 
        and period=? 
        and location=?
14:19:00,303 DEBUG BaseGeneralDataRegion:59 - Caching[foo.org.hibernate.cache.spi.UpdateTimestampsCache] : [CourseMeeting] -> [5579091150041090]
14:19:00,303 DEBUG SQL:104 - 
    delete 
    from
        Course 
    where
        courseCode=?
14:19:00,304 DEBUG BaseGeneralDataRegion:59 - Caching[foo.org.hibernate.cache.spi.UpdateTimestampsCache] : [Course] -> [5579091150045184]
14:19:00,304 DEBUG BaseGeneralDataRegion:59 - Caching[foo.org.hibernate.cache.spi.UpdateTimestampsCache] : [Student] -> [5579090904285185]
14:19:00,304 DEBUG BaseGeneralDataRegion:59 - Caching[foo.org.hibernate.cache.spi.UpdateTimestampsCache] : [Course] -> [5579090904285185]
14:19:00,304 DEBUG BaseGeneralDataRegion:59 - Caching[foo.org.hibernate.cache.spi.UpdateTimestampsCache] : [Enrolment] -> [5579090904285185]
14:19:00,304 DEBUG BaseGeneralDataRegion:59 - Caching[foo.org.hibernate.cache.spi.UpdateTimestampsCache] : [Student_secretCodes] -> [5579090904285185]
14:19:00,304 DEBUG BaseGeneralDataRegion:59 - Caching[foo.org.hibernate.cache.spi.UpdateTimestampsCache] : [Address] -> [5579090904285185]
14:19:00,304 DEBUG BaseGeneralDataRegion:59 - Caching[foo.org.hibernate.cache.spi.UpdateTimestampsCache] : [CourseMeeting] -> [5579090904285185]
14:19:00,305  INFO SchemaExport:343 - HHH000227: Running hbm2ddl schema export
14:19:00,306 DEBUG SchemaExport:353 - Import file not found: /import.sql
14:19:00,306 DEBUG SQL:104 - 
    alter table Address 
        drop constraint FK1ED033D47B5C59E1
14:19:00,306 DEBUG SQL:104 - 
    alter table CourseMeeting 
        drop constraint FKC97EED80AEBBC201
14:19:00,306 DEBUG SQL:104 - 
    alter table Enrolment 
        drop constraint FKEB4882C4EC5C133
14:19:00,316 DEBUG SQL:104 - 
    alter table Enrolment 
        drop constraint FKEB4882C4AEBBC201
14:19:00,316 DEBUG SQL:104 - 
    alter table Student 
        drop constraint FKF3371A1B5679E142
14:19:00,317 DEBUG SQL:104 - 
    alter table Student_secretCodes 
        drop constraint FKAF3CA7327B5C59E1
14:19:00,317 DEBUG SQL:104 - 
    drop table Address if exists
14:19:00,317 DEBUG SQL:104 - 
    drop table Course if exists
14:19:00,317 DEBUG SQL:104 - 
    drop table CourseMeeting if exists
14:19:00,317 DEBUG SQL:104 - 
    drop table Enrolment if exists
14:19:00,318 DEBUG SQL:104 - 
    drop table Student if exists
14:19:00,318 DEBUG SQL:104 - 
    drop table Student_secretCodes if exists
14:19:00,318  INFO SchemaExport:405 - HHH000230: Schema export complete
14:19:00,318  INFO DriverManagerConnectionProviderImpl:162 - HHH000030: Cleaning up connection pool [jdbc:h2:mem:db1;DB_CLOSE_DELAY=-1;MVCC=TRUE]
]]></system-out>
  <system-err><![CDATA[]]></system-err>
</testsuite>
