<?xml version="1.0" encoding="UTF-8"?>
<testsuite errors="0" failures="0" hostname="dhcp-10.15.208.168.stl.redhat.com" name="org.hibernate.test.lob.TextTest" tests="1" time="8.115" timestamp="2013-02-28T20:17:05">
  <properties />
  <testcase classname="org.hibernate.test.lob.TextTest" name="testBoundedLongStringAccess" time="0.006" />
  <system-out><![CDATA[14:17:05,941  INFO CustomRunner:132 - BeforeClass: org.hibernate.test.lob.TextTest
14:17:05,943  INFO Configuration:706 - HHH000221: Reading mappings from resource: org/hibernate/test/lob/TextMappings.hbm.xml
14:17:05,964  INFO DriverManagerConnectionProviderImpl:99 - HHH000402: Using Hibernate built-in connection pool (not for production use!)
14:17:05,964  INFO DriverManagerConnectionProviderImpl:135 - HHH000115: Hibernate connection pool size: 5
14:17:05,965  INFO DriverManagerConnectionProviderImpl:138 - HHH000006: Autocommit mode: false
14:17:05,965  INFO DriverManagerConnectionProviderImpl:153 - HHH000401: using driver [org.h2.Driver] at URL [jdbc:h2:mem:db1;DB_CLOSE_DELAY=-1;MVCC=TRUE]
14:17:05,965  INFO DriverManagerConnectionProviderImpl:158 - HHH000046: Connection properties: {user=sa}
14:17:05,966  INFO Dialect:103 - HHH000400: Using dialect: org.hibernate.dialect.H2Dialect
14:17:05,967  INFO LobCreatorBuilder:94 - HHH000423: Disabling contextual LOB creation as JDBC driver reported JDBC version [3] less than 4
14:17:05,967  INFO TransactionFactoryInitiator:66 - HHH000399: Using default transaction strategy (direct JDBC transactions)
14:17:05,968  INFO ASTQueryTranslatorFactory:48 - HHH000397: Using ASTQueryTranslatorFactory
14:17:05,968  WARN CachingRegionFactory:58 - CachingRegionFactory should be only used for testing.
14:17:14,022  INFO SchemaExport:343 - HHH000227: Running hbm2ddl schema export
14:17:14,023 DEBUG SchemaExport:353 - Import file not found: /import.sql
14:17:14,023 DEBUG SQL:104 - 
    drop table LOB_ENTITY_TEXT if exists
14:17:14,023 DEBUG SQL:104 - 
    create table LOB_ENTITY_TEXT (
        ID bigint not null,
        LONG_STR longvarchar,
        primary key (ID)
    )
14:17:14,023  INFO SchemaExport:405 - HHH000230: Schema export complete
14:17:14,024  WARN SessionFactoryImpl:1554 - HHH000008: JTASessionContext being used with JDBCTransactionFactory; auto-flush will not operate correctly with getCurrentSession()
14:17:14,024  INFO CustomRunner:139 - Test: testBoundedLongStringAccess
14:17:14,026 DEBUG SQL:104 - 
    select
        max(ID) 
    from
        LOB_ENTITY_TEXT
14:17:14,027 DEBUG SQL:104 - 
    insert 
    into
        LOB_ENTITY_TEXT
        (LONG_STR, ID) 
    values
        (?, ?)
14:17:14,027 DEBUG SQL:104 - 
    select
        longstring0_.ID as ID0_0_,
        longstring0_.LONG_STR as LONG2_0_0_ 
    from
        LOB_ENTITY_TEXT longstring0_ 
    where
        longstring0_.ID=?
14:17:14,027 DEBUG SQL:104 - 
    update
        LOB_ENTITY_TEXT 
    set
        LONG_STR=? 
    where
        ID=?
14:17:14,028 DEBUG SQL:104 - 
    select
        longstring0_.ID as ID0_0_,
        longstring0_.LONG_STR as LONG2_0_0_ 
    from
        LOB_ENTITY_TEXT longstring0_ 
    where
        longstring0_.ID=?
14:17:14,028 DEBUG SQL:104 - 
    update
        LOB_ENTITY_TEXT 
    set
        LONG_STR=? 
    where
        ID=?
14:17:14,028 DEBUG SQL:104 - 
    select
        longstring0_.ID as ID0_0_,
        longstring0_.LONG_STR as LONG2_0_0_ 
    from
        LOB_ENTITY_TEXT longstring0_ 
    where
        longstring0_.ID=?
14:17:14,028 DEBUG SQL:104 - 
    update
        LOB_ENTITY_TEXT 
    set
        LONG_STR=? 
    where
        ID=?
14:17:14,029 DEBUG SQL:104 - 
    select
        longstring0_.ID as ID0_0_,
        longstring0_.LONG_STR as LONG2_0_0_ 
    from
        LOB_ENTITY_TEXT longstring0_ 
    where
        longstring0_.ID=?
14:17:14,029 DEBUG SQL:104 - 
    update
        LOB_ENTITY_TEXT 
    set
        LONG_STR=? 
    where
        ID=?
14:17:14,029 DEBUG SQL:104 - 
    select
        longstring0_.ID as ID0_0_,
        longstring0_.LONG_STR as LONG2_0_0_ 
    from
        LOB_ENTITY_TEXT longstring0_ 
    where
        longstring0_.ID=?
14:17:14,030 DEBUG SQL:104 - 
    delete 
    from
        LOB_ENTITY_TEXT 
    where
        ID=?
14:17:14,030  INFO SchemaExport:343 - HHH000227: Running hbm2ddl schema export
14:17:14,031 DEBUG SchemaExport:353 - Import file not found: /import.sql
14:17:14,031 DEBUG SQL:104 - 
    drop table LOB_ENTITY_TEXT if exists
14:17:14,031  INFO SchemaExport:405 - HHH000230: Schema export complete
14:17:14,032  INFO DriverManagerConnectionProviderImpl:162 - HHH000030: Cleaning up connection pool [jdbc:h2:mem:db1;DB_CLOSE_DELAY=-1;MVCC=TRUE]
]]></system-out>
  <system-err><![CDATA[]]></system-err>
</testsuite>
