<?xml version="1.0" encoding="UTF-8"?>
<testsuite errors="0" failures="0" hostname="dhcp-10.15.208.168.stl.redhat.com" name="org.hibernate.test.dirtiness.CustomDirtinessStrategyTest" tests="2" time="0.062" timestamp="2013-02-28T20:12:13">
  <properties />
  <testcase classname="org.hibernate.test.dirtiness.CustomDirtinessStrategyTest" name="testOnlyCustomStrategy" time="0.018" />
  <testcase classname="org.hibernate.test.dirtiness.CustomDirtinessStrategyTest" name="testOnlyCustomStrategyConsultedOnNonDirty" time="0.005" />
  <system-out><![CDATA[14:12:13,034  INFO CustomRunner:132 - BeforeClass: org.hibernate.test.dirtiness.CustomDirtinessStrategyTest
14:12:13,056  INFO DriverManagerConnectionProviderImpl:99 - HHH000402: Using Hibernate built-in connection pool (not for production use!)
14:12:13,056  INFO DriverManagerConnectionProviderImpl:135 - HHH000115: Hibernate connection pool size: 5
14:12:13,056  INFO DriverManagerConnectionProviderImpl:138 - HHH000006: Autocommit mode: false
14:12:13,056  INFO DriverManagerConnectionProviderImpl:153 - HHH000401: using driver [org.h2.Driver] at URL [jdbc:h2:mem:db1;DB_CLOSE_DELAY=-1;MVCC=TRUE]
14:12:13,056  INFO DriverManagerConnectionProviderImpl:158 - HHH000046: Connection properties: {user=sa}
14:12:13,058  INFO Dialect:103 - HHH000400: Using dialect: org.hibernate.dialect.H2Dialect
14:12:13,058  INFO LobCreatorBuilder:94 - HHH000423: Disabling contextual LOB creation as JDBC driver reported JDBC version [3] less than 4
14:12:13,059  INFO TransactionFactoryInitiator:66 - HHH000399: Using default transaction strategy (direct JDBC transactions)
14:12:13,059  INFO ASTQueryTranslatorFactory:48 - HHH000397: Using ASTQueryTranslatorFactory
14:12:13,059  WARN CachingRegionFactory:58 - CachingRegionFactory should be only used for testing.
14:12:13,066  INFO SchemaExport:343 - HHH000227: Running hbm2ddl schema export
14:12:13,067 DEBUG SchemaExport:353 - Import file not found: /import.sql
14:12:13,067 DEBUG SQL:104 - 
    drop table Thing if exists
14:12:13,067 DEBUG SQL:104 - 
    create table Thing (
        id bigint not null,
        mutableProperty timestamp,
        name varchar(255),
        primary key (id)
    )
14:12:13,067  INFO SchemaExport:405 - HHH000230: Schema export complete
14:12:13,068  WARN SessionFactoryImpl:1554 - HHH000008: JTASessionContext being used with JDBCTransactionFactory; auto-flush will not operate correctly with getCurrentSession()
14:12:13,068  INFO CustomRunner:139 - Test: testOnlyCustomStrategy
14:12:13,069 DEBUG SQL:104 - 
    select
        max(id) 
    from
        Thing
14:12:13,071 DEBUG SQL:104 - 
    insert 
    into
        Thing
        (mutableProperty, name, id) 
    values
        (?, ?, ?)
14:12:13,071 DEBUG SQL:104 - 
    select
        thing0_.id as id0_0_,
        thing0_.mutableProperty as mutableP2_0_0_,
        thing0_.name as name0_0_ 
    from
        Thing thing0_ 
    where
        thing0_.id=?
14:12:13,084 DEBUG SQL:104 - 
    update
        Thing 
    set
        mutableProperty=?,
        name=? 
    where
        id=?
14:12:13,085 DEBUG SQL:104 - 
    select
        thing0_.id as id0_0_,
        thing0_.mutableProperty as mutableP2_0_0_,
        thing0_.name as name0_0_ 
    from
        Thing thing0_ 
    where
        thing0_.id=?
14:12:13,085 DEBUG SQL:104 - 
    delete 
    from
        Thing 
    where
        id=?
14:12:13,086  INFO CustomRunner:139 - Test: testOnlyCustomStrategyConsultedOnNonDirty
14:12:13,088 DEBUG SQL:104 - 
    insert 
    into
        Thing
        (mutableProperty, name, id) 
    values
        (?, ?, ?)
14:12:13,089 DEBUG SQL:104 - 
    select
        thing0_.id as id0_0_,
        thing0_.mutableProperty as mutableP2_0_0_,
        thing0_.name as name0_0_ 
    from
        Thing thing0_ 
    where
        thing0_.id=?
14:12:13,089 DEBUG SQL:104 - 
    select
        thing0_.id as id0_0_,
        thing0_.mutableProperty as mutableP2_0_0_,
        thing0_.name as name0_0_ 
    from
        Thing thing0_ 
    where
        thing0_.id=?
14:12:13,090 DEBUG QueryTranslatorImpl:265 - parse() - HQL: delete org.hibernate.test.dirtiness.Thing
14:12:13,091 DEBUG QueryTranslatorImpl:283 - --- HQL AST ---
 \-[DELETE] Node: 'delete'
    \-[FROM] Node: 'FROM'
       \-[RANGE] Node: 'RANGE'
          \-[DOT] Node: '.'
             +-[DOT] Node: '.'
             |  +-[DOT] Node: '.'
             |  |  +-[DOT] Node: '.'
             |  |  |  +-[IDENT] Node: 'org'
             |  |  |  \-[IDENT] Node: 'hibernate'
             |  |  \-[IDENT] Node: 'test'
             |  \-[IDENT] Node: 'dirtiness'
             \-[IDENT] Node: 'Thing'

14:12:13,091 DEBUG ErrorCounter:82 - throwQueryException() : no errors
14:12:13,091 DEBUG FromElement:157 - FromClause{level=1} : org.hibernate.test.dirtiness.Thing (<no alias>) -> thing0_
14:12:13,091 DEBUG QueryTranslatorImpl:252 - --- SQL AST ---
 \-[DELETE] DeleteStatement: 'delete'  querySpaces (Thing)
    \-[FROM] FromClause: 'FROM' FromClause{level=1, fromElementCounter=1, fromElements=1, fromElementByClassAlias=[], fromElementByTableAlias=[thing0_], fromElementsByPath=[], collectionJoinFromElementsByPath=[], impliedElements=[]}
       \-[FROM_FRAGMENT] FromElement: 'Thing' FromElement{explicit,not a collection join,not a fetch join,fetch non-lazy properties,classAlias=null,role=null,tableName=Thing,tableAlias=thing0_,origin=null,columns={,className=org.hibernate.test.dirtiness.Thing}}

14:12:13,091 DEBUG ErrorCounter:82 - throwQueryException() : no errors
14:12:13,091 DEBUG ErrorCounter:82 - throwQueryException() : no errors
14:12:13,092 DEBUG SQL:104 - 
    delete 
    from
        Thing
14:12:13,093  INFO SchemaExport:343 - HHH000227: Running hbm2ddl schema export
14:12:13,093 DEBUG SchemaExport:353 - Import file not found: /import.sql
14:12:13,093 DEBUG SQL:104 - 
    drop table Thing if exists
14:12:13,094  INFO SchemaExport:405 - HHH000230: Schema export complete
14:12:13,094  INFO DriverManagerConnectionProviderImpl:162 - HHH000030: Cleaning up connection pool [jdbc:h2:mem:db1;DB_CLOSE_DELAY=-1;MVCC=TRUE]
]]></system-out>
  <system-err><![CDATA[]]></system-err>
</testsuite>
