<?xml version="1.0" encoding="UTF-8"?>
<testsuite errors="0" failures="0" hostname="dhcp-10.15.208.168.stl.redhat.com" name="org.hibernate.metamodel.source.annotations.entity.ProxyBindingTest" tests="4" time="0.059" timestamp="2013-02-28T20:09:59">
  <properties />
  <testcase classname="org.hibernate.metamodel.source.annotations.entity.ProxyBindingTest" name="testNoProxy" time="0.019" />
  <testcase classname="org.hibernate.metamodel.source.annotations.entity.ProxyBindingTest" name="testProxyDisabled" time="0.012" />
  <testcase classname="org.hibernate.metamodel.source.annotations.entity.ProxyBindingTest" name="testProxyInterface" time="0.011" />
  <testcase classname="org.hibernate.metamodel.source.annotations.entity.ProxyBindingTest" name="testProxyNoAttributes" time="0.014" />
  <system-out><![CDATA[14:09:59,458  INFO CustomRunner:132 - BeforeClass: org.hibernate.metamodel.source.annotations.entity.ProxyBindingTest
14:09:59,458  INFO CustomRunner:139 - Test: testNoProxy
14:09:59,469  INFO DriverManagerConnectionProviderImpl:99 - HHH000402: Using Hibernate built-in connection pool (not for production use!)
14:09:59,470  INFO DriverManagerConnectionProviderImpl:135 - HHH000115: Hibernate connection pool size: 5
14:09:59,470  INFO DriverManagerConnectionProviderImpl:138 - HHH000006: Autocommit mode: false
14:09:59,470  INFO DriverManagerConnectionProviderImpl:153 - HHH000401: using driver [org.h2.Driver] at URL [jdbc:h2:mem:db1;DB_CLOSE_DELAY=-1;MVCC=TRUE]
14:09:59,470  INFO DriverManagerConnectionProviderImpl:158 - HHH000046: Connection properties: {user=sa}
14:09:59,473  INFO Dialect:103 - HHH000400: Using dialect: org.hibernate.dialect.H2Dialect
14:09:59,473  INFO LobCreatorBuilder:94 - HHH000423: Disabling contextual LOB creation as JDBC driver reported JDBC version [3] less than 4
14:09:59,474  WARN CachingRegionFactory:53 - CachingRegionFactory should be only used for testing.
14:09:59,477  INFO CustomRunner:139 - Test: testProxyDisabled
14:09:59,481  INFO DriverManagerConnectionProviderImpl:99 - HHH000402: Using Hibernate built-in connection pool (not for production use!)
14:09:59,482  INFO DriverManagerConnectionProviderImpl:135 - HHH000115: Hibernate connection pool size: 5
14:09:59,482  INFO DriverManagerConnectionProviderImpl:138 - HHH000006: Autocommit mode: false
14:09:59,482  INFO DriverManagerConnectionProviderImpl:153 - HHH000401: using driver [org.h2.Driver] at URL [jdbc:h2:mem:db1;DB_CLOSE_DELAY=-1;MVCC=TRUE]
14:09:59,482  INFO DriverManagerConnectionProviderImpl:158 - HHH000046: Connection properties: {user=sa}
14:09:59,485  INFO Dialect:103 - HHH000400: Using dialect: org.hibernate.dialect.H2Dialect
14:09:59,485  INFO LobCreatorBuilder:94 - HHH000423: Disabling contextual LOB creation as JDBC driver reported JDBC version [3] less than 4
14:09:59,486  WARN CachingRegionFactory:53 - CachingRegionFactory should be only used for testing.
14:09:59,489  INFO CustomRunner:139 - Test: testProxyInterface
14:09:59,492  INFO DriverManagerConnectionProviderImpl:99 - HHH000402: Using Hibernate built-in connection pool (not for production use!)
14:09:59,493  INFO DriverManagerConnectionProviderImpl:135 - HHH000115: Hibernate connection pool size: 5
14:09:59,493  INFO DriverManagerConnectionProviderImpl:138 - HHH000006: Autocommit mode: false
14:09:59,493  INFO DriverManagerConnectionProviderImpl:153 - HHH000401: using driver [org.h2.Driver] at URL [jdbc:h2:mem:db1;DB_CLOSE_DELAY=-1;MVCC=TRUE]
14:09:59,493  INFO DriverManagerConnectionProviderImpl:158 - HHH000046: Connection properties: {user=sa}
14:09:59,496  INFO Dialect:103 - HHH000400: Using dialect: org.hibernate.dialect.H2Dialect
14:09:59,496  INFO LobCreatorBuilder:94 - HHH000423: Disabling contextual LOB creation as JDBC driver reported JDBC version [3] less than 4
14:09:59,498  WARN CachingRegionFactory:53 - CachingRegionFactory should be only used for testing.
14:09:59,500  INFO CustomRunner:139 - Test: testProxyNoAttributes
14:09:59,506  INFO DriverManagerConnectionProviderImpl:99 - HHH000402: Using Hibernate built-in connection pool (not for production use!)
14:09:59,506  INFO DriverManagerConnectionProviderImpl:135 - HHH000115: Hibernate connection pool size: 5
14:09:59,506  INFO DriverManagerConnectionProviderImpl:138 - HHH000006: Autocommit mode: false
14:09:59,506  INFO DriverManagerConnectionProviderImpl:153 - HHH000401: using driver [org.h2.Driver] at URL [jdbc:h2:mem:db1;DB_CLOSE_DELAY=-1;MVCC=TRUE]
14:09:59,506  INFO DriverManagerConnectionProviderImpl:158 - HHH000046: Connection properties: {user=sa}
14:09:59,509  INFO Dialect:103 - HHH000400: Using dialect: org.hibernate.dialect.H2Dialect
14:09:59,509  INFO LobCreatorBuilder:94 - HHH000423: Disabling contextual LOB creation as JDBC driver reported JDBC version [3] less than 4
14:09:59,511  WARN CachingRegionFactory:53 - CachingRegionFactory should be only used for testing.
]]></system-out>
  <system-err><![CDATA[]]></system-err>
</testsuite>
