<?xml version="1.0" encoding="UTF-8"?>
<testsuite errors="0" failures="0" hostname="dhcp-10.15.208.168.stl.redhat.com" name="org.hibernate.test.idgen.enhanced.sequence.HiLoSequenceTest" tests="1" time="0.031" timestamp="2013-02-28T20:14:01">
  <properties />
  <testcase classname="org.hibernate.test.idgen.enhanced.sequence.HiLoSequenceTest" name="testNormalBoundary" time="0.008" />
  <system-out><![CDATA[14:14:01,582  INFO CustomRunner:132 - BeforeClass: org.hibernate.test.idgen.enhanced.sequence.HiLoSequenceTest
14:14:01,584  INFO Configuration:706 - HHH000221: Reading mappings from resource: org/hibernate/test/idgen/enhanced/sequence/HiLo.hbm.xml
14:14:01,590  INFO DriverManagerConnectionProviderImpl:99 - HHH000402: Using Hibernate built-in connection pool (not for production use!)
14:14:01,591  INFO DriverManagerConnectionProviderImpl:135 - HHH000115: Hibernate connection pool size: 5
14:14:01,591  INFO DriverManagerConnectionProviderImpl:138 - HHH000006: Autocommit mode: false
14:14:01,591  INFO DriverManagerConnectionProviderImpl:153 - HHH000401: using driver [org.h2.Driver] at URL [jdbc:h2:mem:db1;DB_CLOSE_DELAY=-1;MVCC=TRUE]
14:14:01,591  INFO DriverManagerConnectionProviderImpl:158 - HHH000046: Connection properties: {user=sa}
14:14:01,592  INFO Dialect:103 - HHH000400: Using dialect: org.hibernate.dialect.H2Dialect
14:14:01,593  INFO LobCreatorBuilder:94 - HHH000423: Disabling contextual LOB creation as JDBC driver reported JDBC version [3] less than 4
14:14:01,593  INFO TransactionFactoryInitiator:66 - HHH000399: Using default transaction strategy (direct JDBC transactions)
14:14:01,594  INFO ASTQueryTranslatorFactory:48 - HHH000397: Using ASTQueryTranslatorFactory
14:14:01,594  WARN CachingRegionFactory:58 - CachingRegionFactory should be only used for testing.
14:14:01,598  INFO SchemaExport:343 - HHH000227: Running hbm2ddl schema export
14:14:01,599 DEBUG SchemaExport:353 - Import file not found: /import.sql
14:14:01,599 DEBUG SQL:104 - 
    drop table ID_SEQ_HILO_ENTITY if exists
14:14:01,599 DEBUG SQL:104 - 
    drop sequence ID_SEQ_HILO_SEQ
14:14:01,599 ERROR SchemaExport:425 - HHH000389: Unsuccessful: drop sequence ID_SEQ_HILO_SEQ
14:14:01,599 ERROR SchemaExport:426 - Sequence "ID_SEQ_HILO_SEQ" not found; SQL statement:

    drop sequence ID_SEQ_HILO_SEQ [90036-145]
14:14:01,600 DEBUG SQL:104 - 
    create table ID_SEQ_HILO_ENTITY (
        ID bigint not null,
        name varchar(255),
        primary key (ID)
    )
14:14:01,600 DEBUG SQL:104 - 
    create sequence ID_SEQ_HILO_SEQ start with 1 increment by 1
14:14:01,600  INFO SchemaExport:405 - HHH000230: Schema export complete
14:14:01,601  WARN SessionFactoryImpl:1554 - HHH000008: JTASessionContext being used with JDBCTransactionFactory; auto-flush will not operate correctly with getCurrentSession()
14:14:01,601  INFO CustomRunner:139 - Test: testNormalBoundary
14:14:01,602 DEBUG SQL:104 - 
    call next value for ID_SEQ_HILO_SEQ
14:14:01,603 DEBUG SQL:104 - 
    call next value for ID_SEQ_HILO_SEQ
14:14:01,604 DEBUG SQL:104 - 
    insert 
    into
        ID_SEQ_HILO_ENTITY
        (name, ID) 
    values
        (?, ?)
14:14:01,605 DEBUG SQL:104 - 
    insert 
    into
        ID_SEQ_HILO_ENTITY
        (name, ID) 
    values
        (?, ?)
14:14:01,605 DEBUG SQL:104 - 
    insert 
    into
        ID_SEQ_HILO_ENTITY
        (name, ID) 
    values
        (?, ?)
14:14:01,605 DEBUG SQL:104 - 
    insert 
    into
        ID_SEQ_HILO_ENTITY
        (name, ID) 
    values
        (?, ?)
14:14:01,605 DEBUG SQL:104 - 
    insert 
    into
        ID_SEQ_HILO_ENTITY
        (name, ID) 
    values
        (?, ?)
14:14:01,605 DEBUG SQL:104 - 
    insert 
    into
        ID_SEQ_HILO_ENTITY
        (name, ID) 
    values
        (?, ?)
14:14:01,605 DEBUG SQL:104 - 
    insert 
    into
        ID_SEQ_HILO_ENTITY
        (name, ID) 
    values
        (?, ?)
14:14:01,606 DEBUG SQL:104 - 
    insert 
    into
        ID_SEQ_HILO_ENTITY
        (name, ID) 
    values
        (?, ?)
14:14:01,606 DEBUG SQL:104 - 
    insert 
    into
        ID_SEQ_HILO_ENTITY
        (name, ID) 
    values
        (?, ?)
14:14:01,606 DEBUG SQL:104 - 
    insert 
    into
        ID_SEQ_HILO_ENTITY
        (name, ID) 
    values
        (?, ?)
14:14:01,606 DEBUG SQL:104 - 
    insert 
    into
        ID_SEQ_HILO_ENTITY
        (name, ID) 
    values
        (?, ?)
14:14:01,607 DEBUG SQL:104 - 
    delete 
    from
        ID_SEQ_HILO_ENTITY 
    where
        ID=?
14:14:01,607 DEBUG SQL:104 - 
    delete 
    from
        ID_SEQ_HILO_ENTITY 
    where
        ID=?
14:14:01,607 DEBUG SQL:104 - 
    delete 
    from
        ID_SEQ_HILO_ENTITY 
    where
        ID=?
14:14:01,607 DEBUG SQL:104 - 
    delete 
    from
        ID_SEQ_HILO_ENTITY 
    where
        ID=?
14:14:01,607 DEBUG SQL:104 - 
    delete 
    from
        ID_SEQ_HILO_ENTITY 
    where
        ID=?
14:14:01,608 DEBUG SQL:104 - 
    delete 
    from
        ID_SEQ_HILO_ENTITY 
    where
        ID=?
14:14:01,608 DEBUG SQL:104 - 
    delete 
    from
        ID_SEQ_HILO_ENTITY 
    where
        ID=?
14:14:01,608 DEBUG SQL:104 - 
    delete 
    from
        ID_SEQ_HILO_ENTITY 
    where
        ID=?
14:14:01,608 DEBUG SQL:104 - 
    delete 
    from
        ID_SEQ_HILO_ENTITY 
    where
        ID=?
14:14:01,608 DEBUG SQL:104 - 
    delete 
    from
        ID_SEQ_HILO_ENTITY 
    where
        ID=?
14:14:01,608 DEBUG SQL:104 - 
    delete 
    from
        ID_SEQ_HILO_ENTITY 
    where
        ID=?
14:14:01,609  INFO SchemaExport:343 - HHH000227: Running hbm2ddl schema export
14:14:01,610 DEBUG SchemaExport:353 - Import file not found: /import.sql
14:14:01,610 DEBUG SQL:104 - 
    drop table ID_SEQ_HILO_ENTITY if exists
14:14:01,610 DEBUG SQL:104 - 
    drop sequence ID_SEQ_HILO_SEQ
14:14:01,611  INFO SchemaExport:405 - HHH000230: Schema export complete
14:14:01,611  INFO DriverManagerConnectionProviderImpl:162 - HHH000030: Cleaning up connection pool [jdbc:h2:mem:db1;DB_CLOSE_DELAY=-1;MVCC=TRUE]
]]></system-out>
  <system-err><![CDATA[]]></system-err>
</testsuite>
