<?xml version="1.0" encoding="UTF-8"?>
<testsuite errors="0" failures="0" hostname="dhcp-10.15.208.168.stl.redhat.com" name="org.hibernate.test.jpa.removed.RemovedEntityTest" tests="5" time="0.105" timestamp="2013-02-28T20:14:52">
  <properties />
  <testcase classname="org.hibernate.test.jpa.removed.RemovedEntityTest" name="testRemoveChildThenFlushWithCascadePersist" time="0.009" />
  <testcase classname="org.hibernate.test.jpa.removed.RemovedEntityTest" name="testRemoveThenContains" time="0.003" />
  <testcase classname="org.hibernate.test.jpa.removed.RemovedEntityTest" name="testRemoveThenGet" time="0.002" />
  <testcase classname="org.hibernate.test.jpa.removed.RemovedEntityTest" name="testRemoveThenSave" time="0.023" />
  <testcase classname="org.hibernate.test.jpa.removed.RemovedEntityTest" name="testRemoveThenSaveWithCascades" time="0.014" />
  <system-out><![CDATA[14:14:52,028  INFO CustomRunner:132 - BeforeClass: org.hibernate.test.jpa.removed.RemovedEntityTest
14:14:52,031  INFO Configuration:706 - HHH000221: Reading mappings from resource: org/hibernate/test/jpa/Part.hbm.xml
14:14:52,036  INFO Configuration:706 - HHH000221: Reading mappings from resource: org/hibernate/test/jpa/Item.hbm.xml
14:14:52,040  INFO Configuration:706 - HHH000221: Reading mappings from resource: org/hibernate/test/jpa/MyEntity.hbm.xml
14:14:52,046  INFO DriverManagerConnectionProviderImpl:99 - HHH000402: Using Hibernate built-in connection pool (not for production use!)
14:14:52,046  INFO DriverManagerConnectionProviderImpl:135 - HHH000115: Hibernate connection pool size: 5
14:14:52,047  INFO DriverManagerConnectionProviderImpl:138 - HHH000006: Autocommit mode: false
14:14:52,047  INFO DriverManagerConnectionProviderImpl:153 - HHH000401: using driver [org.h2.Driver] at URL [jdbc:h2:mem:db1;DB_CLOSE_DELAY=-1;MVCC=TRUE]
14:14:52,047  INFO DriverManagerConnectionProviderImpl:158 - HHH000046: Connection properties: {user=sa}
14:14:52,048  INFO Dialect:103 - HHH000400: Using dialect: org.hibernate.dialect.H2Dialect
14:14:52,048  INFO LobCreatorBuilder:94 - HHH000423: Disabling contextual LOB creation as JDBC driver reported JDBC version [3] less than 4
14:14:52,049  INFO TransactionFactoryInitiator:66 - HHH000399: Using default transaction strategy (direct JDBC transactions)
14:14:52,049  INFO ASTQueryTranslatorFactory:48 - HHH000397: Using ASTQueryTranslatorFactory
14:14:52,057  INFO SchemaExport:343 - HHH000227: Running hbm2ddl schema export
14:14:52,058 DEBUG SchemaExport:353 - Import file not found: /import.sql
14:14:52,058 DEBUG SQL:104 - 
    alter table EJB3_PART 
        drop constraint FKFD4B66FC2A89F363
14:14:52,058 ERROR SchemaExport:425 - HHH000389: Unsuccessful: alter table EJB3_PART drop constraint FKFD4B66FC2A89F363
14:14:52,058 ERROR SchemaExport:426 - Table "EJB3_PART" not found; SQL statement:

    alter table EJB3_PART 
        drop constraint FKFD4B66FC2A89F363 [42102-145]
14:14:52,058 DEBUG SQL:104 - 
    alter table JPA_MYENTITY 
        drop constraint FKE9D28493C4B8BDC8
14:14:52,058 ERROR SchemaExport:425 - HHH000389: Unsuccessful: alter table JPA_MYENTITY drop constraint FKE9D28493C4B8BDC8
14:14:52,059 ERROR SchemaExport:426 - Table "JPA_MYENTITY" not found; SQL statement:

    alter table JPA_MYENTITY 
        drop constraint FKE9D28493C4B8BDC8 [42102-145]
14:14:52,059 DEBUG SQL:104 - 
    drop table EJB3_ITEM if exists
14:14:52,059 DEBUG SQL:104 - 
    drop table EJB3_PART if exists
14:14:52,059 DEBUG SQL:104 - 
    drop table JPA_MYENTITY if exists
14:14:52,059 DEBUG SQL:104 - 
    create table EJB3_ITEM (
        ITEM_ID bigint not null,
        VERS bigint not null,
        NAME varchar(255) not null,
        primary key (ITEM_ID)
    )
14:14:52,060 DEBUG SQL:104 - 
    create table EJB3_PART (
        PART_ID bigint not null,
        ITEM_ID bigint not null,
        NAME varchar(255) not null,
        STOCK_NUM varchar(255) not null,
        UNIT_PRICE decimal(19,2) not null,
        primary key (PART_ID)
    )
14:14:52,060 DEBUG SQL:104 - 
    create table JPA_MYENTITY (
        ID bigint not null,
        "TYPE" varchar(255) not null,
        name varchar(255),
        other bigint,
        someSubProperty varchar(255),
        primary key (ID)
    )
14:14:52,060 DEBUG SQL:104 - 
    alter table EJB3_PART 
        add constraint FKFD4B66FC2A89F363 
        foreign key (ITEM_ID) 
        references EJB3_ITEM
14:14:52,061 DEBUG SQL:104 - 
    alter table JPA_MYENTITY 
        add constraint FKE9D28493C4B8BDC8 
        foreign key (other) 
        references JPA_MYENTITY
14:14:52,061  INFO SchemaExport:405 - HHH000230: Schema export complete
14:14:52,062  WARN SessionFactoryImpl:1554 - HHH000008: JTASessionContext being used with JDBCTransactionFactory; auto-flush will not operate correctly with getCurrentSession()
14:14:52,062  INFO CustomRunner:139 - Test: testRemoveChildThenFlushWithCascadePersist
14:14:52,063 DEBUG SQL:104 - 
    select
        max(ITEM_ID) 
    from
        EJB3_ITEM
14:14:52,064 DEBUG SQL:104 - 
    select
        max(PART_ID) 
    from
        EJB3_PART
14:14:52,065 DEBUG SQL:104 - 
    insert 
    into
        EJB3_ITEM
        (VERS, NAME, ITEM_ID) 
    values
        (?, ?, ?)
14:14:52,068 DEBUG SQL:104 - 
    insert 
    into
        EJB3_PART
        (ITEM_ID, NAME, STOCK_NUM, UNIT_PRICE, PART_ID) 
    values
        (?, ?, ?, ?, ?)
14:14:52,069 DEBUG SQL:104 - 
    delete 
    from
        EJB3_PART 
    where
        PART_ID=?
14:14:52,069 DEBUG SQL:104 - 
    delete 
    from
        EJB3_ITEM 
    where
        ITEM_ID=? 
        and VERS=?
14:14:52,072  INFO CustomRunner:139 - Test: testRemoveThenContains
14:14:52,073 DEBUG SQL:104 - 
    insert 
    into
        EJB3_ITEM
        (VERS, NAME, ITEM_ID) 
    values
        (?, ?, ?)
14:14:52,075 DEBUG SQL:104 - 
    delete 
    from
        EJB3_ITEM 
    where
        ITEM_ID=? 
        and VERS=?
14:14:52,075  INFO CustomRunner:139 - Test: testRemoveThenGet
14:14:52,076 DEBUG SQL:104 - 
    insert 
    into
        EJB3_ITEM
        (VERS, NAME, ITEM_ID) 
    values
        (?, ?, ?)
14:14:52,077 DEBUG SQL:104 - 
    delete 
    from
        EJB3_ITEM 
    where
        ITEM_ID=? 
        and VERS=?
14:14:52,078  INFO CustomRunner:139 - Test: testRemoveThenSave
14:14:52,085 DEBUG SQL:104 - 
    insert 
    into
        EJB3_ITEM
        (VERS, NAME, ITEM_ID) 
    values
        (?, ?, ?)
14:14:52,085 DEBUG SQL:104 - 
    select
        item0_.ITEM_ID as ITEM1_0_0_,
        item0_.VERS as VERS0_0_,
        item0_.NAME as NAME0_0_ 
    from
        EJB3_ITEM item0_ 
    where
        item0_.ITEM_ID=?
14:14:52,086 DEBUG SQL:104 - 
    select
        parts0_.ITEM_ID as ITEM2_0_1_,
        parts0_.PART_ID as PART1_1_1_,
        parts0_.PART_ID as PART1_1_0_,
        parts0_.ITEM_ID as ITEM2_1_0_,
        parts0_.NAME as NAME1_0_,
        parts0_.STOCK_NUM as STOCK4_1_0_,
        parts0_.UNIT_PRICE as UNIT5_1_0_ 
    from
        EJB3_PART parts0_ 
    where
        parts0_.ITEM_ID=?
14:14:52,097 DEBUG SQL:104 - 
    update
        EJB3_ITEM 
    set
        VERS=?,
        NAME=? 
    where
        ITEM_ID=? 
        and VERS=?
14:14:52,098 DEBUG SQL:104 - 
    select
        item0_.ITEM_ID as ITEM1_0_0_,
        item0_.VERS as VERS0_0_,
        item0_.NAME as NAME0_0_ 
    from
        EJB3_ITEM item0_ 
    where
        item0_.ITEM_ID=?
14:14:52,099 DEBUG SQL:104 - 
    select
        parts0_.ITEM_ID as ITEM2_0_1_,
        parts0_.PART_ID as PART1_1_1_,
        parts0_.PART_ID as PART1_1_0_,
        parts0_.ITEM_ID as ITEM2_1_0_,
        parts0_.NAME as NAME1_0_,
        parts0_.STOCK_NUM as STOCK4_1_0_,
        parts0_.UNIT_PRICE as UNIT5_1_0_ 
    from
        EJB3_PART parts0_ 
    where
        parts0_.ITEM_ID=?
14:14:52,107 DEBUG SQL:104 - 
    delete 
    from
        EJB3_ITEM 
    where
        ITEM_ID=? 
        and VERS=?
14:14:52,108  INFO CustomRunner:139 - Test: testRemoveThenSaveWithCascades
14:14:52,120 DEBUG SQL:104 - 
    insert 
    into
        EJB3_ITEM
        (VERS, NAME, ITEM_ID) 
    values
        (?, ?, ?)
14:14:52,121 DEBUG SQL:104 - 
    insert 
    into
        EJB3_PART
        (ITEM_ID, NAME, STOCK_NUM, UNIT_PRICE, PART_ID) 
    values
        (?, ?, ?, ?, ?)
14:14:52,121 DEBUG SQL:104 - 
    delete 
    from
        EJB3_PART 
    where
        PART_ID=?
14:14:52,122 DEBUG SQL:104 - 
    delete 
    from
        EJB3_ITEM 
    where
        ITEM_ID=? 
        and VERS=?
14:14:52,122  INFO SchemaExport:343 - HHH000227: Running hbm2ddl schema export
14:14:52,123 DEBUG SchemaExport:353 - Import file not found: /import.sql
14:14:52,128 DEBUG SQL:104 - 
    alter table EJB3_PART 
        drop constraint FKFD4B66FC2A89F363
14:14:52,128 DEBUG SQL:104 - 
    alter table JPA_MYENTITY 
        drop constraint FKE9D28493C4B8BDC8
14:14:52,128 DEBUG SQL:104 - 
    drop table EJB3_ITEM if exists
14:14:52,128 DEBUG SQL:104 - 
    drop table EJB3_PART if exists
14:14:52,129 DEBUG SQL:104 - 
    drop table JPA_MYENTITY if exists
14:14:52,129  INFO SchemaExport:405 - HHH000230: Schema export complete
14:14:52,129  INFO DriverManagerConnectionProviderImpl:162 - HHH000030: Cleaning up connection pool [jdbc:h2:mem:db1;DB_CLOSE_DELAY=-1;MVCC=TRUE]
]]></system-out>
  <system-err><![CDATA[]]></system-err>
</testsuite>
