<?xml version="1.0" encoding="UTF-8"?>
<testsuite errors="0" failures="0" hostname="dhcp-10.15.208.168.stl.redhat.com" name="org.hibernate.test.orphan.PropertyRefTest" tests="1" time="0.091" timestamp="2013-02-28T20:17:44">
  <properties />
  <testcase classname="org.hibernate.test.orphan.PropertyRefTest" name="testDeleteParentWithBidirOrphanDeleteCollectionBasedOnPropertyRef" time="0.054" />
  <system-out><![CDATA[14:17:44,005  INFO CustomRunner:132 - BeforeClass: org.hibernate.test.orphan.PropertyRefTest
14:17:44,007  INFO Configuration:706 - HHH000221: Reading mappings from resource: org/hibernate/test/orphan/User.hbm.xml
14:17:44,013  INFO Configuration:706 - HHH000221: Reading mappings from resource: org/hibernate/test/orphan/Mail.hbm.xml
14:17:44,021  INFO DriverManagerConnectionProviderImpl:99 - HHH000402: Using Hibernate built-in connection pool (not for production use!)
14:17:44,023  INFO DriverManagerConnectionProviderImpl:135 - HHH000115: Hibernate connection pool size: 5
14:17:44,023  INFO DriverManagerConnectionProviderImpl:138 - HHH000006: Autocommit mode: false
14:17:44,023  INFO DriverManagerConnectionProviderImpl:153 - HHH000401: using driver [org.h2.Driver] at URL [jdbc:h2:mem:db1;DB_CLOSE_DELAY=-1;MVCC=TRUE]
14:17:44,023  INFO DriverManagerConnectionProviderImpl:158 - HHH000046: Connection properties: {user=sa}
14:17:44,024  INFO Dialect:103 - HHH000400: Using dialect: org.hibernate.dialect.H2Dialect
14:17:44,025  INFO LobCreatorBuilder:94 - HHH000423: Disabling contextual LOB creation as JDBC driver reported JDBC version [3] less than 4
14:17:44,025  INFO TransactionFactoryInitiator:66 - HHH000399: Using default transaction strategy (direct JDBC transactions)
14:17:44,025  INFO ASTQueryTranslatorFactory:48 - HHH000397: Using ASTQueryTranslatorFactory
14:17:44,026  WARN CachingRegionFactory:58 - CachingRegionFactory should be only used for testing.
14:17:44,034  INFO SchemaExport:343 - HHH000227: Running hbm2ddl schema export
14:17:44,034 DEBUG SchemaExport:353 - Import file not found: /import.sql
14:17:44,035 DEBUG SQL:104 - 
    alter table t_mail 
        drop constraint FKCB5FE6A280ED8FC1
14:17:44,035 ERROR SchemaExport:425 - HHH000389: Unsuccessful: alter table t_mail drop constraint FKCB5FE6A280ED8FC1
14:17:44,035 ERROR SchemaExport:426 - Table "T_MAIL" not found; SQL statement:

    alter table t_mail 
        drop constraint FKCB5FE6A280ED8FC1 [42102-145]
14:17:44,035 DEBUG SQL:104 - 
    drop table t_mail if exists
14:17:44,035 DEBUG SQL:104 - 
    drop table t_user if exists
14:17:44,035 DEBUG SQL:104 - 
    create table t_mail (
        id integer generated by default as identity,
        "alias" varchar(20),
        userid varchar(255) not null,
        primary key (id)
    )
14:17:44,036 DEBUG SQL:104 - 
    create table t_user (
        id integer generated by default as identity,
        userid varchar(32) not null,
        primary key (id)
    )
14:17:44,036 DEBUG SQL:104 - 
    alter table t_mail 
        add constraint FKCB5FE6A280ED8FC1 
        foreign key (userid) 
        references t_user (userid)
14:17:44,037  INFO SchemaExport:405 - HHH000230: Schema export complete
14:17:44,037  WARN SessionFactoryImpl:1554 - HHH000008: JTASessionContext being used with JDBCTransactionFactory; auto-flush will not operate correctly with getCurrentSession()
14:17:44,037  INFO CustomRunner:139 - Test: testDeleteParentWithBidirOrphanDeleteCollectionBasedOnPropertyRef
14:17:44,039 DEBUG SQL:104 - 
    insert 
    into
        t_user
        (id, userid) 
    values
        (null, ?)
14:17:44,039 DEBUG SQL:104 - 
    insert 
    into
        t_mail
        (id, "alias", userid) 
    values
        (null, ?, ?)
14:17:44,040 DEBUG SQL:104 - 
    insert 
    into
        t_mail
        (id, "alias", userid) 
    values
        (null, ?, ?)
14:17:44,041 DEBUG SQL:104 - 
    select
        user0_.id as id1_0_,
        user0_.userid as userid1_0_ 
    from
        t_user user0_ 
    where
        user0_.id=?
14:17:44,041 DEBUG SQL:104 - 
    select
        mail0_.userid as userid1_1_,
        mail0_.id as id0_1_,
        mail0_.id as id0_0_,
        mail0_."alias" as alias2_0_0_,
        mail0_.userid as userid0_0_ 
    from
        t_mail mail0_ 
    where
        mail0_.userid=?
14:17:44,041 DEBUG SQL:104 - 
    select
        user_.id as id1_ 
    from
        t_user user_ 
    where
        user_.userid=?
14:17:44,042 DEBUG SQL:104 - 
    select
        user_.id as id1_ 
    from
        t_user user_ 
    where
        user_.userid=?
14:17:44,050 DEBUG SQL:104 - 
    select
        user0_.id as id1_0_,
        user0_.userid as userid1_0_ 
    from
        t_user user0_ 
    where
        user0_.userid=?
14:17:44,051 DEBUG SQL:104 - 
    select
        user0_.id as id1_0_,
        user0_.userid as userid1_0_ 
    from
        t_user user0_ 
    where
        user0_.userid=?
14:17:44,052 DEBUG SQL:104 - 
    delete 
    from
        t_mail 
    where
        id=?
14:17:44,052 DEBUG SQL:104 - 
    delete 
    from
        t_mail 
    where
        id=?
14:17:44,061 DEBUG SQL:104 - 
    delete 
    from
        t_user 
    where
        id=?
14:17:44,062 DEBUG QueryTranslatorImpl:265 - parse() - HQL: delete from org.hibernate.test.orphan.Mail where alias = :alias
14:17:44,063 DEBUG QueryTranslatorImpl:283 - --- HQL AST ---
 \-[DELETE] Node: 'delete'
    +-[FROM] Node: 'FROM'
    |  \-[RANGE] Node: 'RANGE'
    |     \-[DOT] Node: '.'
    |        +-[DOT] Node: '.'
    |        |  +-[DOT] Node: '.'
    |        |  |  +-[DOT] Node: '.'
    |        |  |  |  +-[IDENT] Node: 'org'
    |        |  |  |  \-[IDENT] Node: 'hibernate'
    |        |  |  \-[IDENT] Node: 'test'
    |        |  \-[IDENT] Node: 'orphan'
    |        \-[IDENT] Node: 'Mail'
    \-[WHERE] Node: 'where'
       \-[EQ] Node: '='
          +-[IDENT] Node: 'alias'
          \-[COLON] Node: ':'
             \-[IDENT] Node: 'alias'

14:17:44,063 DEBUG ErrorCounter:82 - throwQueryException() : no errors
14:17:44,071 DEBUG FromElement:157 - FromClause{level=1} : org.hibernate.test.orphan.Mail (<no alias>) -> mail0_
14:17:44,071 DEBUG FromReferenceNode:74 - Resolved : {synthetic-alias} -> {synthetic-alias}
14:17:44,071 DEBUG DotNode:599 - getDataType() : alias -> org.hibernate.type.StringType@2dc8de40
14:17:44,071 DEBUG FromReferenceNode:74 - Resolved : {synthetic-alias}.alias -> "alias"
14:17:44,072 DEBUG QueryTranslatorImpl:252 - --- SQL AST ---
 \-[DELETE] DeleteStatement: 'delete'  querySpaces (t_mail)
    +-[FROM] FromClause: 'FROM' FromClause{level=1, fromElementCounter=1, fromElements=1, fromElementByClassAlias=[], fromElementByTableAlias=[mail0_], fromElementsByPath=[], collectionJoinFromElementsByPath=[], impliedElements=[]}
    |  \-[FROM_FRAGMENT] FromElement: 't_mail' FromElement{explicit,not a collection join,not a fetch join,fetch non-lazy properties,classAlias=null,role=null,tableName=t_mail,tableAlias=mail0_,origin=null,columns={,className=org.hibernate.test.orphan.Mail}}
    \-[WHERE] SqlNode: 'where'
       \-[EQ] BinaryLogicOperatorNode: '='
          +-[DOT] DotNode: '"alias"' {propertyName=alias,dereferenceType=ALL,propertyPath=alias,path={synthetic-alias}.alias,tableAlias=mail0_,className=org.hibernate.test.orphan.Mail,classAlias=null}
          |  +-[IDENT] IdentNode: '{synthetic-alias}' {originalText={synthetic-alias}}
          |  \-[IDENT] IdentNode: 'alias' {originalText=alias}
          \-[NAMED_PARAM] ParameterNode: '?' {name=alias, expectedType=org.hibernate.type.StringType@2dc8de40}

14:17:44,072 DEBUG ErrorCounter:82 - throwQueryException() : no errors
14:17:44,072 DEBUG ErrorCounter:82 - throwQueryException() : no errors
14:17:44,072 DEBUG SQL:104 - 
    delete 
    from
        t_mail 
    where
        "alias"=?
14:17:44,073 DEBUG QueryTranslatorImpl:265 - parse() - HQL: delete from org.hibernate.test.orphan.User where userid = :userid
14:17:44,074 DEBUG QueryTranslatorImpl:283 - --- HQL AST ---
 \-[DELETE] Node: 'delete'
    +-[FROM] Node: 'FROM'
    |  \-[RANGE] Node: 'RANGE'
    |     \-[DOT] Node: '.'
    |        +-[DOT] Node: '.'
    |        |  +-[DOT] Node: '.'
    |        |  |  +-[DOT] Node: '.'
    |        |  |  |  +-[IDENT] Node: 'org'
    |        |  |  |  \-[IDENT] Node: 'hibernate'
    |        |  |  \-[IDENT] Node: 'test'
    |        |  \-[IDENT] Node: 'orphan'
    |        \-[IDENT] Node: 'User'
    \-[WHERE] Node: 'where'
       \-[EQ] Node: '='
          +-[IDENT] Node: 'userid'
          \-[COLON] Node: ':'
             \-[IDENT] Node: 'userid'

14:17:44,081 DEBUG ErrorCounter:82 - throwQueryException() : no errors
14:17:44,081 DEBUG FromElement:157 - FromClause{level=1} : org.hibernate.test.orphan.User (<no alias>) -> user0_
14:17:44,082 DEBUG FromReferenceNode:74 - Resolved : {synthetic-alias} -> {synthetic-alias}
14:17:44,082 DEBUG DotNode:599 - getDataType() : userid -> org.hibernate.type.StringType@2dc8de40
14:17:44,082 DEBUG FromReferenceNode:74 - Resolved : {synthetic-alias}.userid -> userid
14:17:44,082 DEBUG QueryTranslatorImpl:252 - --- SQL AST ---
 \-[DELETE] DeleteStatement: 'delete'  querySpaces (t_user)
    +-[FROM] FromClause: 'FROM' FromClause{level=1, fromElementCounter=1, fromElements=1, fromElementByClassAlias=[], fromElementByTableAlias=[user0_], fromElementsByPath=[], collectionJoinFromElementsByPath=[], impliedElements=[]}
    |  \-[FROM_FRAGMENT] FromElement: 't_user' FromElement{explicit,not a collection join,not a fetch join,fetch non-lazy properties,classAlias=null,role=null,tableName=t_user,tableAlias=user0_,origin=null,columns={,className=org.hibernate.test.orphan.User}}
    \-[WHERE] SqlNode: 'where'
       \-[EQ] BinaryLogicOperatorNode: '='
          +-[DOT] DotNode: 'userid' {propertyName=userid,dereferenceType=ALL,propertyPath=userid,path={synthetic-alias}.userid,tableAlias=user0_,className=org.hibernate.test.orphan.User,classAlias=null}
          |  +-[IDENT] IdentNode: '{synthetic-alias}' {originalText={synthetic-alias}}
          |  \-[IDENT] IdentNode: 'userid' {originalText=userid}
          \-[NAMED_PARAM] ParameterNode: '?' {name=userid, expectedType=org.hibernate.type.StringType@2dc8de40}

14:17:44,082 DEBUG ErrorCounter:82 - throwQueryException() : no errors
14:17:44,083 DEBUG ErrorCounter:82 - throwQueryException() : no errors
14:17:44,091 DEBUG SQL:104 - 
    delete 
    from
        t_user 
    where
        userid=?
14:17:44,092  INFO SchemaExport:343 - HHH000227: Running hbm2ddl schema export
14:17:44,092 DEBUG SchemaExport:353 - Import file not found: /import.sql
14:17:44,093 DEBUG SQL:104 - 
    alter table t_mail 
        drop constraint FKCB5FE6A280ED8FC1
14:17:44,093 DEBUG SQL:104 - 
    drop table t_mail if exists
14:17:44,093 DEBUG SQL:104 - 
    drop table t_user if exists
14:17:44,093  INFO SchemaExport:405 - HHH000230: Schema export complete
14:17:44,094  INFO DriverManagerConnectionProviderImpl:162 - HHH000030: Cleaning up connection pool [jdbc:h2:mem:db1;DB_CLOSE_DELAY=-1;MVCC=TRUE]
]]></system-out>
  <system-err><![CDATA[]]></system-err>
</testsuite>
