<?xml version="1.0" encoding="UTF-8"?>
<testsuite errors="0" failures="0" hostname="dhcp-10.15.208.168.stl.redhat.com" name="org.hibernate.test.readonly.ReadOnlyTest" tests="12" time="1.699" timestamp="2013-02-28T20:19:13">
  <properties />
  <testcase classname="org.hibernate.test.readonly.ReadOnlyTest" name="testMergeWithReadOnlyEntity" time="0.004" />
  <testcase classname="org.hibernate.test.readonly.ReadOnlyTest" name="testModifiableModeWithExistingReadOnlyEntity" time="0.517" />
  <testcase classname="org.hibernate.test.readonly.ReadOnlyTest" name="testReadOnlyDelete" time="0.009" />
  <testcase classname="org.hibernate.test.readonly.ReadOnlyTest" name="testReadOnlyGetModifyAndDelete" time="0.011" />
  <testcase classname="org.hibernate.test.readonly.ReadOnlyTest" name="testReadOnlyMode" time="0.253" />
  <testcase classname="org.hibernate.test.readonly.ReadOnlyTest" name="testReadOnlyModeAutoFlushOnQuery" time="0.442" />
  <testcase classname="org.hibernate.test.readonly.ReadOnlyTest" name="testReadOnlyModeWithExistingModifiableEntity" time="0.271" />
  <testcase classname="org.hibernate.test.readonly.ReadOnlyTest" name="testReadOnlyOnProxies" time="0.021" />
  <testcase classname="org.hibernate.test.readonly.ReadOnlyTest" name="testReadOnlyOnTextType" time="0.01" />
  <testcase classname="org.hibernate.test.readonly.ReadOnlyTest" name="testReadOnlyRefresh" time="0.011" />
  <testcase classname="org.hibernate.test.readonly.ReadOnlyTest" name="testReadOnlyRefreshDetached" time="0.014" />
  <testcase classname="org.hibernate.test.readonly.ReadOnlyTest" name="testSaveReadOnlyModifyInSaveTransaction" time="0.01" />
  <system-out><![CDATA[14:19:13,111  INFO CustomRunner:132 - BeforeClass: org.hibernate.test.readonly.ReadOnlyTest
14:19:13,114  INFO Configuration:706 - HHH000221: Reading mappings from resource: org/hibernate/test/readonly/DataPoint.hbm.xml
14:19:13,119  INFO Configuration:706 - HHH000221: Reading mappings from resource: org/hibernate/test/readonly/TextHolder.hbm.xml
14:19:13,125  INFO DriverManagerConnectionProviderImpl:99 - HHH000402: Using Hibernate built-in connection pool (not for production use!)
14:19:13,125  INFO DriverManagerConnectionProviderImpl:135 - HHH000115: Hibernate connection pool size: 5
14:19:13,125  INFO DriverManagerConnectionProviderImpl:138 - HHH000006: Autocommit mode: false
14:19:13,125  INFO DriverManagerConnectionProviderImpl:153 - HHH000401: using driver [org.h2.Driver] at URL [jdbc:h2:mem:db1;DB_CLOSE_DELAY=-1;MVCC=TRUE]
14:19:13,125  INFO DriverManagerConnectionProviderImpl:158 - HHH000046: Connection properties: {user=sa}
14:19:13,126  INFO Dialect:103 - HHH000400: Using dialect: org.hibernate.dialect.H2Dialect
14:19:13,127  INFO LobCreatorBuilder:94 - HHH000423: Disabling contextual LOB creation as JDBC driver reported JDBC version [3] less than 4
14:19:13,127  INFO TransactionFactoryInitiator:66 - HHH000399: Using default transaction strategy (direct JDBC transactions)
14:19:13,128  INFO ASTQueryTranslatorFactory:48 - HHH000397: Using ASTQueryTranslatorFactory
14:19:13,128  WARN CachingRegionFactory:58 - CachingRegionFactory should be only used for testing.
14:19:13,135  INFO SchemaExport:343 - HHH000227: Running hbm2ddl schema export
14:19:13,136 DEBUG SchemaExport:353 - Import file not found: /import.sql
14:19:13,136 DEBUG SQL:104 - 
    alter table Container 
        drop constraint FK5EF36C61AEAEA601
14:19:13,136 ERROR SchemaExport:425 - HHH000389: Unsuccessful: alter table Container drop constraint FK5EF36C61AEAEA601
14:19:13,136 ERROR SchemaExport:426 - Table "CONTAINER" not found; SQL statement:

    alter table Container 
        drop constraint FK5EF36C61AEAEA601 [42102-145]
14:19:13,136 DEBUG SQL:104 - 
    alter table Container 
        drop constraint FK5EF36C61FA906BFF
14:19:13,137 ERROR SchemaExport:425 - HHH000389: Unsuccessful: alter table Container drop constraint FK5EF36C61FA906BFF
14:19:13,137 ERROR SchemaExport:426 - Table "CONTAINER" not found; SQL statement:

    alter table Container 
        drop constraint FK5EF36C61FA906BFF [42102-145]
14:19:13,137 DEBUG SQL:104 - 
    alter table Container 
        drop constraint FK5EF36C61A9E14337
14:19:13,137 ERROR SchemaExport:425 - HHH000389: Unsuccessful: alter table Container drop constraint FK5EF36C61A9E14337
14:19:13,137 ERROR SchemaExport:426 - Table "CONTAINER" not found; SQL statement:

    alter table Container 
        drop constraint FK5EF36C61A9E14337 [42102-145]
14:19:13,137 DEBUG SQL:104 - 
    alter table Container 
        drop constraint FK5EF36C61A7253163
14:19:13,137 ERROR SchemaExport:425 - HHH000389: Unsuccessful: alter table Container drop constraint FK5EF36C61A7253163
14:19:13,138 ERROR SchemaExport:426 - Table "CONTAINER" not found; SQL statement:

    alter table Container 
        drop constraint FK5EF36C61A7253163 [42102-145]
14:19:13,138 DEBUG SQL:104 - 
    alter table Container 
        drop constraint FK5EF36C611DA4C2A5
14:19:13,138 ERROR SchemaExport:425 - HHH000389: Unsuccessful: alter table Container drop constraint FK5EF36C611DA4C2A5
14:19:13,138 ERROR SchemaExport:426 - Table "CONTAINER" not found; SQL statement:

    alter table Container 
        drop constraint FK5EF36C611DA4C2A5 [42102-145]
14:19:13,138 DEBUG SQL:104 - 
    alter table Container 
        drop constraint FK5EF36C61CE2A006D
14:19:13,138 ERROR SchemaExport:425 - HHH000389: Unsuccessful: alter table Container drop constraint FK5EF36C61CE2A006D
14:19:13,138 ERROR SchemaExport:426 - Table "CONTAINER" not found; SQL statement:

    alter table Container 
        drop constraint FK5EF36C61CE2A006D [42102-145]
14:19:13,139 DEBUG SQL:104 - 
    alter table DataPoint 
        drop constraint FK60F3CFE6258C9255
14:19:13,139 ERROR SchemaExport:425 - HHH000389: Unsuccessful: alter table DataPoint drop constraint FK60F3CFE6258C9255
14:19:13,139 ERROR SchemaExport:426 - Table "DATAPOINT" not found; SQL statement:

    alter table DataPoint 
        drop constraint FK60F3CFE6258C9255 [42102-145]
14:19:13,139 DEBUG SQL:104 - 
    alter table DataPoint 
        drop constraint FK60F3CFE6D520B9AC
14:19:13,139 ERROR SchemaExport:425 - HHH000389: Unsuccessful: alter table DataPoint drop constraint FK60F3CFE6D520B9AC
14:19:13,139 ERROR SchemaExport:426 - Table "DATAPOINT" not found; SQL statement:

    alter table DataPoint 
        drop constraint FK60F3CFE6D520B9AC [42102-145]
14:19:13,139 DEBUG SQL:104 - 
    alter table DataPoint 
        drop constraint FK60F3CFE6B5A9F7E
14:19:13,140 ERROR SchemaExport:425 - HHH000389: Unsuccessful: alter table DataPoint drop constraint FK60F3CFE6B5A9F7E
14:19:13,140 ERROR SchemaExport:426 - Table "DATAPOINT" not found; SQL statement:

    alter table DataPoint 
        drop constraint FK60F3CFE6B5A9F7E [42102-145]
14:19:13,140 DEBUG SQL:104 - 
    drop table Container if exists
14:19:13,140 DEBUG SQL:104 - 
    drop table DataPoint if exists
14:19:13,140 DEBUG SQL:104 - 
    drop table Info if exists
14:19:13,140 DEBUG SQL:104 - 
    drop table Owner if exists
14:19:13,140 DEBUG SQL:104 - 
    drop table TextHolder if exists
14:19:13,141 DEBUG SQL:104 - 
    create table Container (
        id bigint not null,
        name varchar(255),
        no_proxy_owner_name varchar(255),
        proxy_owner_name varchar(255),
        non_lazy_owner_name varchar(255),
        no_proxy_info_id bigint,
        proxy_info_id bigint,
        non_lazy_info_id bigint,
        primary key (id)
    )
14:19:13,141 DEBUG SQL:104 - 
    create table DataPoint (
        id bigint not null,
        xval decimal(25,19) not null,
        yval decimal(25,19) not null,
        description varchar(255),
        c_lazy_id bigint,
        c_non_lazy_select_id bigint,
        c_non_lazy_join_id bigint,
        primary key (id)
    )
14:19:13,141 DEBUG SQL:104 - 
    create table Info (
        id bigint not null,
        details varchar(255),
        primary key (id)
    )
14:19:13,142 DEBUG SQL:104 - 
    create table Owner (
        id bigint not null,
        name varchar(255) not null,
        primary key (id)
    )
14:19:13,142 DEBUG SQL:104 - 
    create table TextHolder (
        id bigint not null,
        TXT longvarchar,
        primary key (id)
    )
14:19:13,142 DEBUG SQL:104 - 
    alter table Container 
        add constraint FK5EF36C61AEAEA601 
        foreign key (no_proxy_info_id) 
        references Info
14:19:13,142 DEBUG SQL:104 - 
    alter table Container 
        add constraint FK5EF36C61FA906BFF 
        foreign key (proxy_info_id) 
        references Info
14:19:13,143 DEBUG SQL:104 - 
    alter table Container 
        add constraint FK5EF36C61A9E14337 
        foreign key (non_lazy_info_id) 
        references Info
14:19:13,143 DEBUG SQL:104 - 
    alter table Container 
        add constraint FK5EF36C61A7253163 
        foreign key (no_proxy_owner_name) 
        references Owner (name)
14:19:13,144 DEBUG SQL:104 - 
    alter table Container 
        add constraint FK5EF36C611DA4C2A5 
        foreign key (proxy_owner_name) 
        references Owner (name)
14:19:13,144 DEBUG SQL:104 - 
    alter table Container 
        add constraint FK5EF36C61CE2A006D 
        foreign key (non_lazy_owner_name) 
        references Owner (name)
14:19:13,144 DEBUG SQL:104 - 
    alter table DataPoint 
        add constraint xy unique (xval, yval)
14:19:13,145 DEBUG SQL:104 - 
    alter table DataPoint 
        add constraint FK60F3CFE6258C9255 
        foreign key (c_lazy_id) 
        references Container
14:19:13,145 DEBUG SQL:104 - 
    alter table DataPoint 
        add constraint FK60F3CFE6D520B9AC 
        foreign key (c_non_lazy_select_id) 
        references Container
14:19:13,145 DEBUG SQL:104 - 
    alter table DataPoint 
        add constraint FK60F3CFE6B5A9F7E 
        foreign key (c_non_lazy_join_id) 
        references Container
14:19:13,146 DEBUG SQL:104 - 
    alter table Owner 
        add constraint uc_Owner_1 unique (name)
14:19:13,146  INFO SchemaExport:405 - HHH000230: Schema export complete
14:19:13,147  WARN SessionFactoryImpl:1554 - HHH000008: JTASessionContext being used with JDBCTransactionFactory; auto-flush will not operate correctly with getCurrentSession()
14:19:13,147  INFO CustomRunner:139 - Test: testMergeWithReadOnlyEntity
14:19:13,148 DEBUG SQL:104 - 
    select
        max(id) 
    from
        DataPoint
14:19:13,149 DEBUG SQL:104 - 
    insert 
    into
        DataPoint
        (xval, yval, description, id) 
    values
        (?, ?, ?, ?)
14:19:13,149 DEBUG SQL:104 - 
    select
        datapoint0_.id as id1_0_,
        datapoint0_.xval as xval1_0_,
        datapoint0_.yval as yval1_0_,
        datapoint0_.description as descript4_1_0_ 
    from
        DataPoint datapoint0_ 
    where
        datapoint0_.id=?
14:19:13,150 DEBUG SQL:104 - 
    select
        datapoint0_.id as id1_0_,
        datapoint0_.xval as xval1_0_,
        datapoint0_.yval as yval1_0_,
        datapoint0_.description as descript4_1_0_ 
    from
        DataPoint datapoint0_ 
    where
        datapoint0_.id=?
14:19:13,150 DEBUG SQL:104 - 
    delete 
    from
        DataPoint 
    where
        id=?
14:19:13,151  INFO CustomRunner:139 - Test: testModifiableModeWithExistingReadOnlyEntity
14:19:13,155 DEBUG SQL:104 - 
    insert 
    into
        DataPoint
        (xval, yval, description, id) 
    values
        (?, ?, ?, ?)
14:19:13,155 DEBUG SQL:104 - 
    insert 
    into
        DataPoint
        (xval, yval, description, id) 
    values
        (?, ?, ?, ?)
14:19:13,155 DEBUG SQL:104 - 
    insert 
    into
        DataPoint
        (xval, yval, description, id) 
    values
        (?, ?, ?, ?)
14:19:13,155 DEBUG SQL:104 - 
    insert 
    into
        DataPoint
        (xval, yval, description, id) 
    values
        (?, ?, ?, ?)
14:19:13,156 DEBUG SQL:104 - 
    insert 
    into
        DataPoint
        (xval, yval, description, id) 
    values
        (?, ?, ?, ?)
14:19:13,156 DEBUG SQL:104 - 
    insert 
    into
        DataPoint
        (xval, yval, description, id) 
    values
        (?, ?, ?, ?)
14:19:13,156 DEBUG SQL:104 - 
    insert 
    into
        DataPoint
        (xval, yval, description, id) 
    values
        (?, ?, ?, ?)
14:19:13,156 DEBUG SQL:104 - 
    insert 
    into
        DataPoint
        (xval, yval, description, id) 
    values
        (?, ?, ?, ?)
14:19:13,156 DEBUG SQL:104 - 
    insert 
    into
        DataPoint
        (xval, yval, description, id) 
    values
        (?, ?, ?, ?)
14:19:13,156 DEBUG SQL:104 - 
    insert 
    into
        DataPoint
        (xval, yval, description, id) 
    values
        (?, ?, ?, ?)
14:19:13,157 DEBUG SQL:104 - 
    insert 
    into
        DataPoint
        (xval, yval, description, id) 
    values
        (?, ?, ?, ?)
14:19:13,159 DEBUG SQL:104 - 
    insert 
    into
        DataPoint
        (xval, yval, description, id) 
    values
        (?, ?, ?, ?)
14:19:13,159 DEBUG SQL:104 - 
    insert 
    into
        DataPoint
        (xval, yval, description, id) 
    values
        (?, ?, ?, ?)
14:19:13,159 DEBUG SQL:104 - 
    insert 
    into
        DataPoint
        (xval, yval, description, id) 
    values
        (?, ?, ?, ?)
14:19:13,159 DEBUG SQL:104 - 
    insert 
    into
        DataPoint
        (xval, yval, description, id) 
    values
        (?, ?, ?, ?)
14:19:13,160 DEBUG SQL:104 - 
    insert 
    into
        DataPoint
        (xval, yval, description, id) 
    values
        (?, ?, ?, ?)
14:19:13,160 DEBUG SQL:104 - 
    insert 
    into
        DataPoint
        (xval, yval, description, id) 
    values
        (?, ?, ?, ?)
14:19:13,160 DEBUG SQL:104 - 
    insert 
    into
        DataPoint
        (xval, yval, description, id) 
    values
        (?, ?, ?, ?)
14:19:13,160 DEBUG SQL:104 - 
    insert 
    into
        DataPoint
        (xval, yval, description, id) 
    values
        (?, ?, ?, ?)
14:19:13,171 DEBUG SQL:104 - 
    insert 
    into
        DataPoint
        (xval, yval, description, id) 
    values
        (?, ?, ?, ?)
14:19:13,172 DEBUG SQL:104 - 
    insert 
    into
        DataPoint
        (xval, yval, description, id) 
    values
        (?, ?, ?, ?)
14:19:13,172 DEBUG SQL:104 - 
    insert 
    into
        DataPoint
        (xval, yval, description, id) 
    values
        (?, ?, ?, ?)
14:19:13,172 DEBUG SQL:104 - 
    insert 
    into
        DataPoint
        (xval, yval, description, id) 
    values
        (?, ?, ?, ?)
14:19:13,172 DEBUG SQL:104 - 
    insert 
    into
        DataPoint
        (xval, yval, description, id) 
    values
        (?, ?, ?, ?)
14:19:13,182 DEBUG SQL:104 - 
    insert 
    into
        DataPoint
        (xval, yval, description, id) 
    values
        (?, ?, ?, ?)
14:19:13,182 DEBUG SQL:104 - 
    insert 
    into
        DataPoint
        (xval, yval, description, id) 
    values
        (?, ?, ?, ?)
14:19:13,182 DEBUG SQL:104 - 
    insert 
    into
        DataPoint
        (xval, yval, description, id) 
    values
        (?, ?, ?, ?)
14:19:13,183 DEBUG SQL:104 - 
    insert 
    into
        DataPoint
        (xval, yval, description, id) 
    values
        (?, ?, ?, ?)
14:19:13,183 DEBUG SQL:104 - 
    insert 
    into
        DataPoint
        (xval, yval, description, id) 
    values
        (?, ?, ?, ?)
14:19:13,183 DEBUG SQL:104 - 
    insert 
    into
        DataPoint
        (xval, yval, description, id) 
    values
        (?, ?, ?, ?)
14:19:13,204 DEBUG SQL:104 - 
    insert 
    into
        DataPoint
        (xval, yval, description, id) 
    values
        (?, ?, ?, ?)
14:19:13,205 DEBUG SQL:104 - 
    insert 
    into
        DataPoint
        (xval, yval, description, id) 
    values
        (?, ?, ?, ?)
14:19:13,205 DEBUG SQL:104 - 
    insert 
    into
        DataPoint
        (xval, yval, description, id) 
    values
        (?, ?, ?, ?)
14:19:13,205 DEBUG SQL:104 - 
    insert 
    into
        DataPoint
        (xval, yval, description, id) 
    values
        (?, ?, ?, ?)
14:19:13,205 DEBUG SQL:104 - 
    insert 
    into
        DataPoint
        (xval, yval, description, id) 
    values
        (?, ?, ?, ?)
14:19:13,215 DEBUG SQL:104 - 
    insert 
    into
        DataPoint
        (xval, yval, description, id) 
    values
        (?, ?, ?, ?)
14:19:13,216 DEBUG SQL:104 - 
    insert 
    into
        DataPoint
        (xval, yval, description, id) 
    values
        (?, ?, ?, ?)
14:19:13,216 DEBUG SQL:104 - 
    insert 
    into
        DataPoint
        (xval, yval, description, id) 
    values
        (?, ?, ?, ?)
14:19:13,216 DEBUG SQL:104 - 
    insert 
    into
        DataPoint
        (xval, yval, description, id) 
    values
        (?, ?, ?, ?)
14:19:13,225 DEBUG SQL:104 - 
    insert 
    into
        DataPoint
        (xval, yval, description, id) 
    values
        (?, ?, ?, ?)
14:19:13,225 DEBUG SQL:104 - 
    insert 
    into
        DataPoint
        (xval, yval, description, id) 
    values
        (?, ?, ?, ?)
14:19:13,225 DEBUG SQL:104 - 
    insert 
    into
        DataPoint
        (xval, yval, description, id) 
    values
        (?, ?, ?, ?)
14:19:13,226 DEBUG SQL:104 - 
    insert 
    into
        DataPoint
        (xval, yval, description, id) 
    values
        (?, ?, ?, ?)
14:19:13,235 DEBUG SQL:104 - 
    insert 
    into
        DataPoint
        (xval, yval, description, id) 
    values
        (?, ?, ?, ?)
14:19:13,235 DEBUG SQL:104 - 
    insert 
    into
        DataPoint
        (xval, yval, description, id) 
    values
        (?, ?, ?, ?)
14:19:13,235 DEBUG SQL:104 - 
    insert 
    into
        DataPoint
        (xval, yval, description, id) 
    values
        (?, ?, ?, ?)
14:19:13,236 DEBUG SQL:104 - 
    insert 
    into
        DataPoint
        (xval, yval, description, id) 
    values
        (?, ?, ?, ?)
14:19:13,236 DEBUG SQL:104 - 
    insert 
    into
        DataPoint
        (xval, yval, description, id) 
    values
        (?, ?, ?, ?)
14:19:13,245 DEBUG SQL:104 - 
    insert 
    into
        DataPoint
        (xval, yval, description, id) 
    values
        (?, ?, ?, ?)
14:19:13,245 DEBUG SQL:104 - 
    insert 
    into
        DataPoint
        (xval, yval, description, id) 
    values
        (?, ?, ?, ?)
14:19:13,246 DEBUG SQL:104 - 
    insert 
    into
        DataPoint
        (xval, yval, description, id) 
    values
        (?, ?, ?, ?)
14:19:13,246 DEBUG SQL:104 - 
    insert 
    into
        DataPoint
        (xval, yval, description, id) 
    values
        (?, ?, ?, ?)
14:19:13,255 DEBUG SQL:104 - 
    insert 
    into
        DataPoint
        (xval, yval, description, id) 
    values
        (?, ?, ?, ?)
14:19:13,255 DEBUG SQL:104 - 
    insert 
    into
        DataPoint
        (xval, yval, description, id) 
    values
        (?, ?, ?, ?)
14:19:13,255 DEBUG SQL:104 - 
    insert 
    into
        DataPoint
        (xval, yval, description, id) 
    values
        (?, ?, ?, ?)
14:19:13,255 DEBUG SQL:104 - 
    insert 
    into
        DataPoint
        (xval, yval, description, id) 
    values
        (?, ?, ?, ?)
14:19:13,266 DEBUG SQL:104 - 
    insert 
    into
        DataPoint
        (xval, yval, description, id) 
    values
        (?, ?, ?, ?)
14:19:13,266 DEBUG SQL:104 - 
    insert 
    into
        DataPoint
        (xval, yval, description, id) 
    values
        (?, ?, ?, ?)
14:19:13,266 DEBUG SQL:104 - 
    insert 
    into
        DataPoint
        (xval, yval, description, id) 
    values
        (?, ?, ?, ?)
14:19:13,266 DEBUG SQL:104 - 
    insert 
    into
        DataPoint
        (xval, yval, description, id) 
    values
        (?, ?, ?, ?)
14:19:13,267 DEBUG SQL:104 - 
    insert 
    into
        DataPoint
        (xval, yval, description, id) 
    values
        (?, ?, ?, ?)
14:19:13,276 DEBUG SQL:104 - 
    insert 
    into
        DataPoint
        (xval, yval, description, id) 
    values
        (?, ?, ?, ?)
14:19:13,276 DEBUG SQL:104 - 
    insert 
    into
        DataPoint
        (xval, yval, description, id) 
    values
        (?, ?, ?, ?)
14:19:13,276 DEBUG SQL:104 - 
    insert 
    into
        DataPoint
        (xval, yval, description, id) 
    values
        (?, ?, ?, ?)
14:19:13,277 DEBUG SQL:104 - 
    insert 
    into
        DataPoint
        (xval, yval, description, id) 
    values
        (?, ?, ?, ?)
14:19:13,286 DEBUG SQL:104 - 
    insert 
    into
        DataPoint
        (xval, yval, description, id) 
    values
        (?, ?, ?, ?)
14:19:13,287 DEBUG SQL:104 - 
    insert 
    into
        DataPoint
        (xval, yval, description, id) 
    values
        (?, ?, ?, ?)
14:19:13,287 DEBUG SQL:104 - 
    insert 
    into
        DataPoint
        (xval, yval, description, id) 
    values
        (?, ?, ?, ?)
14:19:13,287 DEBUG SQL:104 - 
    insert 
    into
        DataPoint
        (xval, yval, description, id) 
    values
        (?, ?, ?, ?)
14:19:13,287 DEBUG SQL:104 - 
    insert 
    into
        DataPoint
        (xval, yval, description, id) 
    values
        (?, ?, ?, ?)
14:19:13,288 DEBUG SQL:104 - 
    insert 
    into
        DataPoint
        (xval, yval, description, id) 
    values
        (?, ?, ?, ?)
14:19:13,288 DEBUG SQL:104 - 
    insert 
    into
        DataPoint
        (xval, yval, description, id) 
    values
        (?, ?, ?, ?)
14:19:13,288 DEBUG SQL:104 - 
    insert 
    into
        DataPoint
        (xval, yval, description, id) 
    values
        (?, ?, ?, ?)
14:19:13,288 DEBUG SQL:104 - 
    insert 
    into
        DataPoint
        (xval, yval, description, id) 
    values
        (?, ?, ?, ?)
14:19:13,301 DEBUG SQL:104 - 
    insert 
    into
        DataPoint
        (xval, yval, description, id) 
    values
        (?, ?, ?, ?)
14:19:13,301 DEBUG SQL:104 - 
    insert 
    into
        DataPoint
        (xval, yval, description, id) 
    values
        (?, ?, ?, ?)
14:19:13,301 DEBUG SQL:104 - 
    insert 
    into
        DataPoint
        (xval, yval, description, id) 
    values
        (?, ?, ?, ?)
14:19:13,301 DEBUG SQL:104 - 
    insert 
    into
        DataPoint
        (xval, yval, description, id) 
    values
        (?, ?, ?, ?)
14:19:13,312 DEBUG SQL:104 - 
    insert 
    into
        DataPoint
        (xval, yval, description, id) 
    values
        (?, ?, ?, ?)
14:19:13,312 DEBUG SQL:104 - 
    insert 
    into
        DataPoint
        (xval, yval, description, id) 
    values
        (?, ?, ?, ?)
14:19:13,312 DEBUG SQL:104 - 
    insert 
    into
        DataPoint
        (xval, yval, description, id) 
    values
        (?, ?, ?, ?)
14:19:13,313 DEBUG SQL:104 - 
    insert 
    into
        DataPoint
        (xval, yval, description, id) 
    values
        (?, ?, ?, ?)
14:19:13,313 DEBUG SQL:104 - 
    insert 
    into
        DataPoint
        (xval, yval, description, id) 
    values
        (?, ?, ?, ?)
14:19:13,313 DEBUG SQL:104 - 
    insert 
    into
        DataPoint
        (xval, yval, description, id) 
    values
        (?, ?, ?, ?)
14:19:13,313 DEBUG SQL:104 - 
    insert 
    into
        DataPoint
        (xval, yval, description, id) 
    values
        (?, ?, ?, ?)
14:19:13,335 DEBUG SQL:104 - 
    insert 
    into
        DataPoint
        (xval, yval, description, id) 
    values
        (?, ?, ?, ?)
14:19:13,336 DEBUG SQL:104 - 
    insert 
    into
        DataPoint
        (xval, yval, description, id) 
    values
        (?, ?, ?, ?)
14:19:13,336 DEBUG SQL:104 - 
    insert 
    into
        DataPoint
        (xval, yval, description, id) 
    values
        (?, ?, ?, ?)
14:19:13,336 DEBUG SQL:104 - 
    insert 
    into
        DataPoint
        (xval, yval, description, id) 
    values
        (?, ?, ?, ?)
14:19:13,345 DEBUG SQL:104 - 
    insert 
    into
        DataPoint
        (xval, yval, description, id) 
    values
        (?, ?, ?, ?)
14:19:13,346 DEBUG SQL:104 - 
    insert 
    into
        DataPoint
        (xval, yval, description, id) 
    values
        (?, ?, ?, ?)
14:19:13,346 DEBUG SQL:104 - 
    insert 
    into
        DataPoint
        (xval, yval, description, id) 
    values
        (?, ?, ?, ?)
14:19:13,346 DEBUG SQL:104 - 
    insert 
    into
        DataPoint
        (xval, yval, description, id) 
    values
        (?, ?, ?, ?)
14:19:13,356 DEBUG SQL:104 - 
    insert 
    into
        DataPoint
        (xval, yval, description, id) 
    values
        (?, ?, ?, ?)
14:19:13,356 DEBUG SQL:104 - 
    insert 
    into
        DataPoint
        (xval, yval, description, id) 
    values
        (?, ?, ?, ?)
14:19:13,356 DEBUG SQL:104 - 
    insert 
    into
        DataPoint
        (xval, yval, description, id) 
    values
        (?, ?, ?, ?)
14:19:13,356 DEBUG SQL:104 - 
    insert 
    into
        DataPoint
        (xval, yval, description, id) 
    values
        (?, ?, ?, ?)
14:19:13,366 DEBUG SQL:104 - 
    insert 
    into
        DataPoint
        (xval, yval, description, id) 
    values
        (?, ?, ?, ?)
14:19:13,366 DEBUG SQL:104 - 
    insert 
    into
        DataPoint
        (xval, yval, description, id) 
    values
        (?, ?, ?, ?)
14:19:13,366 DEBUG SQL:104 - 
    insert 
    into
        DataPoint
        (xval, yval, description, id) 
    values
        (?, ?, ?, ?)
14:19:13,367 DEBUG SQL:104 - 
    select
        datapoint0_.id as id1_0_,
        datapoint0_.xval as xval1_0_,
        datapoint0_.yval as yval1_0_,
        datapoint0_.description as descript4_1_0_ 
    from
        DataPoint datapoint0_ 
    where
        datapoint0_.id=?
14:19:13,377 DEBUG QueryTranslatorImpl:265 - parse() - HQL: from org.hibernate.test.readonly.DataPoint dp order by dp.x asc
14:19:13,378 DEBUG QueryTranslatorImpl:283 - --- HQL AST ---
 \-[QUERY] Node: 'query'
    +-[SELECT_FROM] Node: 'SELECT_FROM'
    |  \-[FROM] Node: 'from'
    |     \-[RANGE] Node: 'RANGE'
    |        +-[DOT] Node: '.'
    |        |  +-[DOT] Node: '.'
    |        |  |  +-[DOT] Node: '.'
    |        |  |  |  +-[DOT] Node: '.'
    |        |  |  |  |  +-[IDENT] Node: 'org'
    |        |  |  |  |  \-[IDENT] Node: 'hibernate'
    |        |  |  |  \-[IDENT] Node: 'test'
    |        |  |  \-[IDENT] Node: 'readonly'
    |        |  \-[IDENT] Node: 'DataPoint'
    |        \-[ALIAS] Node: 'dp'
    \-[ORDER] Node: 'order'
       +-[DOT] Node: '.'
       |  +-[IDENT] Node: 'dp'
       |  \-[IDENT] Node: 'x'
       \-[ASCENDING] Node: 'asc'

14:19:13,378 DEBUG ErrorCounter:82 - throwQueryException() : no errors
14:19:13,379 DEBUG FromElement:157 - FromClause{level=1} : org.hibernate.test.readonly.DataPoint (dp) -> datapoint0_
14:19:13,379 DEBUG FromReferenceNode:74 - Resolved : dp -> datapoint0_.id
14:19:13,379 DEBUG DotNode:599 - getDataType() : x -> org.hibernate.type.BigDecimalType@3bb4a749
14:19:13,379 DEBUG FromReferenceNode:74 - Resolved : dp.x -> datapoint0_.xval
14:19:13,379 DEBUG HqlSqlWalker:629 - processQuery() :  ( SELECT ( FromClause{level=1} DataPoint datapoint0_ ) ( order ( datapoint0_.xval datapoint0_.id x ) asc ) )
14:19:13,379 DEBUG HqlSqlWalker:869 - Derived SELECT clause created.
14:19:13,387 DEBUG JoinProcessor:175 - Using FROM fragment [DataPoint datapoint0_]
14:19:13,388 DEBUG QueryTranslatorImpl:252 - --- SQL AST ---
 \-[SELECT] QueryNode: 'SELECT'  querySpaces (DataPoint)
    +-[SELECT_CLAUSE] SelectClause: '{derived select clause}'
    |  +-[SELECT_EXPR] SelectExpressionImpl: 'datapoint0_.id as id1_' {FromElement{explicit,not a collection join,not a fetch join,fetch non-lazy properties,classAlias=dp,role=null,tableName=DataPoint,tableAlias=datapoint0_,origin=null,columns={,className=org.hibernate.test.readonly.DataPoint}}}
    |  \-[SQL_TOKEN] SqlFragment: 'datapoint0_.xval as xval1_, datapoint0_.yval as yval1_, datapoint0_.description as descript4_1_'
    +-[FROM] FromClause: 'from' FromClause{level=1, fromElementCounter=1, fromElements=1, fromElementByClassAlias=[dp], fromElementByTableAlias=[datapoint0_], fromElementsByPath=[], collectionJoinFromElementsByPath=[], impliedElements=[]}
    |  \-[FROM_FRAGMENT] FromElement: 'DataPoint datapoint0_' FromElement{explicit,not a collection join,not a fetch join,fetch non-lazy properties,classAlias=dp,role=null,tableName=DataPoint,tableAlias=datapoint0_,origin=null,columns={,className=org.hibernate.test.readonly.DataPoint}}
    \-[ORDER] OrderByClause: 'order'
       +-[DOT] DotNode: 'datapoint0_.xval' {propertyName=x,dereferenceType=ALL,propertyPath=x,path=dp.x,tableAlias=datapoint0_,className=org.hibernate.test.readonly.DataPoint,classAlias=dp}
       |  +-[ALIAS_REF] IdentNode: 'datapoint0_.id' {alias=dp, className=org.hibernate.test.readonly.DataPoint, tableAlias=datapoint0_}
       |  \-[IDENT] IdentNode: 'x' {originalText=x}
       \-[ASCENDING] SqlNode: 'asc'

14:19:13,388 DEBUG ErrorCounter:82 - throwQueryException() : no errors
14:19:13,388 DEBUG QueryTranslatorImpl:235 - HQL: from org.hibernate.test.readonly.DataPoint dp order by dp.x asc
14:19:13,388 DEBUG QueryTranslatorImpl:236 - SQL: select datapoint0_.id as id1_, datapoint0_.xval as xval1_, datapoint0_.yval as yval1_, datapoint0_.description as descript4_1_ from DataPoint datapoint0_ order by datapoint0_.xval asc
14:19:13,388 DEBUG ErrorCounter:82 - throwQueryException() : no errors
14:19:13,389 DEBUG SQL:104 - 
    select
        datapoint0_.id as id1_,
        datapoint0_.xval as xval1_,
        datapoint0_.yval as yval1_,
        datapoint0_.description as descript4_1_ 
    from
        DataPoint datapoint0_ 
    order by
        datapoint0_.xval asc
14:19:13,392 DEBUG SQL:104 - 
    update
        DataPoint 
    set
        description=? 
    where
        id=?
14:19:13,398 DEBUG SQL:104 - 
    update
        DataPoint 
    set
        description=? 
    where
        id=?
14:19:13,399 DEBUG SQL:104 - 
    update
        DataPoint 
    set
        description=? 
    where
        id=?
14:19:13,399 DEBUG SQL:104 - 
    update
        DataPoint 
    set
        description=? 
    where
        id=?
14:19:13,399 DEBUG SQL:104 - 
    update
        DataPoint 
    set
        description=? 
    where
        id=?
14:19:13,408 DEBUG SQL:104 - 
    update
        DataPoint 
    set
        description=? 
    where
        id=?
14:19:13,409 DEBUG SQL:104 - 
    update
        DataPoint 
    set
        description=? 
    where
        id=?
14:19:13,409 DEBUG SQL:104 - 
    update
        DataPoint 
    set
        description=? 
    where
        id=?
14:19:13,409 DEBUG SQL:104 - 
    update
        DataPoint 
    set
        description=? 
    where
        id=?
14:19:13,419 DEBUG SQL:104 - 
    update
        DataPoint 
    set
        description=? 
    where
        id=?
14:19:13,419 DEBUG SQL:104 - 
    update
        DataPoint 
    set
        description=? 
    where
        id=?
14:19:13,420 DEBUG SQL:104 - 
    update
        DataPoint 
    set
        description=? 
    where
        id=?
14:19:13,420 DEBUG SQL:104 - 
    update
        DataPoint 
    set
        description=? 
    where
        id=?
14:19:13,420 DEBUG SQL:104 - 
    update
        DataPoint 
    set
        description=? 
    where
        id=?
14:19:13,420 DEBUG SQL:104 - 
    update
        DataPoint 
    set
        description=? 
    where
        id=?
14:19:13,420 DEBUG SQL:104 - 
    update
        DataPoint 
    set
        description=? 
    where
        id=?
14:19:13,421 DEBUG SQL:104 - 
    update
        DataPoint 
    set
        description=? 
    where
        id=?
14:19:13,421 DEBUG SQL:104 - 
    update
        DataPoint 
    set
        description=? 
    where
        id=?
14:19:13,432 DEBUG SQL:104 - 
    update
        DataPoint 
    set
        description=? 
    where
        id=?
14:19:13,433 DEBUG SQL:104 - 
    update
        DataPoint 
    set
        description=? 
    where
        id=?
14:19:13,433 DEBUG SQL:104 - 
    update
        DataPoint 
    set
        description=? 
    where
        id=?
14:19:13,433 DEBUG SQL:104 - 
    update
        DataPoint 
    set
        description=? 
    where
        id=?
14:19:13,443 DEBUG SQL:104 - 
    update
        DataPoint 
    set
        description=? 
    where
        id=?
14:19:13,443 DEBUG SQL:104 - 
    update
        DataPoint 
    set
        description=? 
    where
        id=?
14:19:13,444 DEBUG SQL:104 - 
    update
        DataPoint 
    set
        description=? 
    where
        id=?
14:19:13,444 DEBUG SQL:104 - 
    update
        DataPoint 
    set
        description=? 
    where
        id=?
14:19:13,444 DEBUG SQL:104 - 
    update
        DataPoint 
    set
        description=? 
    where
        id=?
14:19:13,444 DEBUG SQL:104 - 
    update
        DataPoint 
    set
        description=? 
    where
        id=?
14:19:13,445 DEBUG SQL:104 - 
    update
        DataPoint 
    set
        description=? 
    where
        id=?
14:19:13,467 DEBUG SQL:104 - 
    update
        DataPoint 
    set
        description=? 
    where
        id=?
14:19:13,468 DEBUG SQL:104 - 
    update
        DataPoint 
    set
        description=? 
    where
        id=?
14:19:13,468 DEBUG SQL:104 - 
    update
        DataPoint 
    set
        description=? 
    where
        id=?
14:19:13,468 DEBUG SQL:104 - 
    update
        DataPoint 
    set
        description=? 
    where
        id=?
14:19:13,468 DEBUG SQL:104 - 
    update
        DataPoint 
    set
        description=? 
    where
        id=?
14:19:13,468 DEBUG SQL:104 - 
    update
        DataPoint 
    set
        description=? 
    where
        id=?
14:19:13,469 DEBUG SQL:104 - 
    update
        DataPoint 
    set
        description=? 
    where
        id=?
14:19:13,469 DEBUG SQL:104 - 
    update
        DataPoint 
    set
        description=? 
    where
        id=?
14:19:13,469 DEBUG SQL:104 - 
    update
        DataPoint 
    set
        description=? 
    where
        id=?
14:19:13,469 DEBUG SQL:104 - 
    update
        DataPoint 
    set
        description=? 
    where
        id=?
14:19:13,470 DEBUG SQL:104 - 
    update
        DataPoint 
    set
        description=? 
    where
        id=?
14:19:13,489 DEBUG SQL:104 - 
    update
        DataPoint 
    set
        description=? 
    where
        id=?
14:19:13,490 DEBUG SQL:104 - 
    update
        DataPoint 
    set
        description=? 
    where
        id=?
14:19:13,490 DEBUG SQL:104 - 
    update
        DataPoint 
    set
        description=? 
    where
        id=?
14:19:13,490 DEBUG SQL:104 - 
    update
        DataPoint 
    set
        description=? 
    where
        id=?
14:19:13,499 DEBUG SQL:104 - 
    update
        DataPoint 
    set
        description=? 
    where
        id=?
14:19:13,500 DEBUG SQL:104 - 
    update
        DataPoint 
    set
        description=? 
    where
        id=?
14:19:13,500 DEBUG SQL:104 - 
    update
        DataPoint 
    set
        description=? 
    where
        id=?
14:19:13,500 DEBUG SQL:104 - 
    update
        DataPoint 
    set
        description=? 
    where
        id=?
14:19:13,510 DEBUG SQL:104 - 
    update
        DataPoint 
    set
        description=? 
    where
        id=?
14:19:13,510 DEBUG SQL:104 - 
    update
        DataPoint 
    set
        description=? 
    where
        id=?
14:19:13,510 DEBUG SQL:104 - 
    update
        DataPoint 
    set
        description=? 
    where
        id=?
14:19:13,511 DEBUG SQL:104 - 
    update
        DataPoint 
    set
        description=? 
    where
        id=?
14:19:13,511 DEBUG SQL:104 - 
    update
        DataPoint 
    set
        description=? 
    where
        id=?
14:19:13,520 DEBUG SQL:104 - 
    update
        DataPoint 
    set
        description=? 
    where
        id=?
14:19:13,520 DEBUG SQL:104 - 
    update
        DataPoint 
    set
        description=? 
    where
        id=?
14:19:13,520 DEBUG SQL:104 - 
    update
        DataPoint 
    set
        description=? 
    where
        id=?
14:19:13,521 DEBUG SQL:104 - 
    update
        DataPoint 
    set
        description=? 
    where
        id=?
14:19:13,530 DEBUG SQL:104 - 
    update
        DataPoint 
    set
        description=? 
    where
        id=?
14:19:13,530 DEBUG SQL:104 - 
    update
        DataPoint 
    set
        description=? 
    where
        id=?
14:19:13,530 DEBUG SQL:104 - 
    update
        DataPoint 
    set
        description=? 
    where
        id=?
14:19:13,531 DEBUG SQL:104 - 
    update
        DataPoint 
    set
        description=? 
    where
        id=?
14:19:13,541 DEBUG SQL:104 - 
    update
        DataPoint 
    set
        description=? 
    where
        id=?
14:19:13,541 DEBUG SQL:104 - 
    update
        DataPoint 
    set
        description=? 
    where
        id=?
14:19:13,541 DEBUG SQL:104 - 
    update
        DataPoint 
    set
        description=? 
    where
        id=?
14:19:13,542 DEBUG SQL:104 - 
    update
        DataPoint 
    set
        description=? 
    where
        id=?
14:19:13,542 DEBUG SQL:104 - 
    update
        DataPoint 
    set
        description=? 
    where
        id=?
14:19:13,552 DEBUG SQL:104 - 
    update
        DataPoint 
    set
        description=? 
    where
        id=?
14:19:13,553 DEBUG SQL:104 - 
    update
        DataPoint 
    set
        description=? 
    where
        id=?
14:19:13,553 DEBUG SQL:104 - 
    update
        DataPoint 
    set
        description=? 
    where
        id=?
14:19:13,553 DEBUG SQL:104 - 
    update
        DataPoint 
    set
        description=? 
    where
        id=?
14:19:13,553 DEBUG SQL:104 - 
    update
        DataPoint 
    set
        description=? 
    where
        id=?
14:19:13,554 DEBUG SQL:104 - 
    update
        DataPoint 
    set
        description=? 
    where
        id=?
14:19:13,554 DEBUG SQL:104 - 
    update
        DataPoint 
    set
        description=? 
    where
        id=?
14:19:13,554 DEBUG SQL:104 - 
    update
        DataPoint 
    set
        description=? 
    where
        id=?
14:19:13,554 DEBUG SQL:104 - 
    update
        DataPoint 
    set
        description=? 
    where
        id=?
14:19:13,565 DEBUG SQL:104 - 
    update
        DataPoint 
    set
        description=? 
    where
        id=?
14:19:13,565 DEBUG SQL:104 - 
    update
        DataPoint 
    set
        description=? 
    where
        id=?
14:19:13,565 DEBUG SQL:104 - 
    update
        DataPoint 
    set
        description=? 
    where
        id=?
14:19:13,565 DEBUG SQL:104 - 
    update
        DataPoint 
    set
        description=? 
    where
        id=?
14:19:13,574 DEBUG SQL:104 - 
    update
        DataPoint 
    set
        description=? 
    where
        id=?
14:19:13,575 DEBUG SQL:104 - 
    update
        DataPoint 
    set
        description=? 
    where
        id=?
14:19:13,575 DEBUG SQL:104 - 
    update
        DataPoint 
    set
        description=? 
    where
        id=?
14:19:13,575 DEBUG SQL:104 - 
    update
        DataPoint 
    set
        description=? 
    where
        id=?
14:19:13,575 DEBUG SQL:104 - 
    update
        DataPoint 
    set
        description=? 
    where
        id=?
14:19:13,576 DEBUG SQL:104 - 
    update
        DataPoint 
    set
        description=? 
    where
        id=?
14:19:13,598 DEBUG SQL:104 - 
    update
        DataPoint 
    set
        description=? 
    where
        id=?
14:19:13,598 DEBUG SQL:104 - 
    update
        DataPoint 
    set
        description=? 
    where
        id=?
14:19:13,598 DEBUG SQL:104 - 
    update
        DataPoint 
    set
        description=? 
    where
        id=?
14:19:13,599 DEBUG SQL:104 - 
    update
        DataPoint 
    set
        description=? 
    where
        id=?
14:19:13,599 DEBUG SQL:104 - 
    update
        DataPoint 
    set
        description=? 
    where
        id=?
14:19:13,610 DEBUG SQL:104 - 
    update
        DataPoint 
    set
        description=? 
    where
        id=?
14:19:13,611 DEBUG SQL:104 - 
    update
        DataPoint 
    set
        description=? 
    where
        id=?
14:19:13,611 DEBUG SQL:104 - 
    update
        DataPoint 
    set
        description=? 
    where
        id=?
14:19:13,611 DEBUG SQL:104 - 
    update
        DataPoint 
    set
        description=? 
    where
        id=?
14:19:13,623 DEBUG SQL:104 - 
    update
        DataPoint 
    set
        description=? 
    where
        id=?
14:19:13,623 DEBUG SQL:104 - 
    update
        DataPoint 
    set
        description=? 
    where
        id=?
14:19:13,623 DEBUG SQL:104 - 
    update
        DataPoint 
    set
        description=? 
    where
        id=?
14:19:13,623 DEBUG SQL:104 - 
    update
        DataPoint 
    set
        description=? 
    where
        id=?
14:19:13,627 DEBUG QueryTranslatorImpl:265 - parse() - HQL: from org.hibernate.test.readonly.DataPoint where description='done!'
14:19:13,635 DEBUG QueryTranslatorImpl:283 - --- HQL AST ---
 \-[QUERY] Node: 'query'
    +-[SELECT_FROM] Node: 'SELECT_FROM'
    |  \-[FROM] Node: 'from'
    |     \-[RANGE] Node: 'RANGE'
    |        \-[DOT] Node: '.'
    |           +-[DOT] Node: '.'
    |           |  +-[DOT] Node: '.'
    |           |  |  +-[DOT] Node: '.'
    |           |  |  |  +-[IDENT] Node: 'org'
    |           |  |  |  \-[IDENT] Node: 'hibernate'
    |           |  |  \-[IDENT] Node: 'test'
    |           |  \-[IDENT] Node: 'readonly'
    |           \-[IDENT] Node: 'DataPoint'
    \-[WHERE] Node: 'where'
       \-[EQ] Node: '='
          +-[IDENT] Node: 'description'
          \-[QUOTED_STRING] Node: ''done!''

14:19:13,636 DEBUG ErrorCounter:82 - throwQueryException() : no errors
14:19:13,636 DEBUG FromElement:157 - FromClause{level=1} : org.hibernate.test.readonly.DataPoint (<no alias>) -> datapoint0_
14:19:13,636 DEBUG FromReferenceNode:74 - Resolved : {synthetic-alias} -> {synthetic-alias}
14:19:13,636 DEBUG DotNode:599 - getDataType() : description -> org.hibernate.type.StringType@2dc8de40
14:19:13,636 DEBUG FromReferenceNode:74 - Resolved : {synthetic-alias}.description -> datapoint0_.description
14:19:13,637 DEBUG HqlSqlWalker:629 - processQuery() :  ( SELECT ( FromClause{level=1} DataPoint datapoint0_ ) ( where ( = ( datapoint0_.description {synthetic-alias} description ) 'done!' ) ) )
14:19:13,637 DEBUG HqlSqlWalker:869 - Derived SELECT clause created.
14:19:13,648 DEBUG JoinProcessor:175 - Using FROM fragment [DataPoint datapoint0_]
14:19:13,648 DEBUG QueryTranslatorImpl:252 - --- SQL AST ---
 \-[SELECT] QueryNode: 'SELECT'  querySpaces (DataPoint)
    +-[SELECT_CLAUSE] SelectClause: '{derived select clause}'
    |  +-[SELECT_EXPR] SelectExpressionImpl: 'datapoint0_.id as id1_' {FromElement{explicit,not a collection join,not a fetch join,fetch non-lazy properties,classAlias=null,role=null,tableName=DataPoint,tableAlias=datapoint0_,origin=null,columns={,className=org.hibernate.test.readonly.DataPoint}}}
    |  \-[SQL_TOKEN] SqlFragment: 'datapoint0_.xval as xval1_, datapoint0_.yval as yval1_, datapoint0_.description as descript4_1_'
    +-[FROM] FromClause: 'from' FromClause{level=1, fromElementCounter=1, fromElements=1, fromElementByClassAlias=[], fromElementByTableAlias=[datapoint0_], fromElementsByPath=[], collectionJoinFromElementsByPath=[], impliedElements=[]}
    |  \-[FROM_FRAGMENT] FromElement: 'DataPoint datapoint0_' FromElement{explicit,not a collection join,not a fetch join,fetch non-lazy properties,classAlias=null,role=null,tableName=DataPoint,tableAlias=datapoint0_,origin=null,columns={,className=org.hibernate.test.readonly.DataPoint}}
    \-[WHERE] SqlNode: 'where'
       \-[EQ] BinaryLogicOperatorNode: '='
          +-[DOT] DotNode: 'datapoint0_.description' {propertyName=description,dereferenceType=ALL,propertyPath=description,path={synthetic-alias}.description,tableAlias=datapoint0_,className=org.hibernate.test.readonly.DataPoint,classAlias=null}
          |  +-[IDENT] IdentNode: '{synthetic-alias}' {originalText={synthetic-alias}}
          |  \-[IDENT] IdentNode: 'description' {originalText=description}
          \-[QUOTED_STRING] LiteralNode: ''done!''

14:19:13,649 DEBUG ErrorCounter:82 - throwQueryException() : no errors
14:19:13,650 DEBUG QueryTranslatorImpl:235 - HQL: from org.hibernate.test.readonly.DataPoint where description='done!'
14:19:13,650 DEBUG QueryTranslatorImpl:236 - SQL: select datapoint0_.id as id1_, datapoint0_.xval as xval1_, datapoint0_.yval as yval1_, datapoint0_.description as descript4_1_ from DataPoint datapoint0_ where datapoint0_.description='done!'
14:19:13,650 DEBUG ErrorCounter:82 - throwQueryException() : no errors
14:19:13,650 DEBUG SQL:104 - 
    select
        datapoint0_.id as id1_,
        datapoint0_.xval as xval1_,
        datapoint0_.yval as yval1_,
        datapoint0_.description as descript4_1_ 
    from
        DataPoint datapoint0_ 
    where
        datapoint0_.description='done!'
14:19:13,652 DEBUG QueryTranslatorImpl:265 - parse() - HQL: delete from org.hibernate.test.readonly.DataPoint
14:19:13,653 DEBUG QueryTranslatorImpl:283 - --- HQL AST ---
 \-[DELETE] Node: 'delete'
    \-[FROM] Node: 'FROM'
       \-[RANGE] Node: 'RANGE'
          \-[DOT] Node: '.'
             +-[DOT] Node: '.'
             |  +-[DOT] Node: '.'
             |  |  +-[DOT] Node: '.'
             |  |  |  +-[IDENT] Node: 'org'
             |  |  |  \-[IDENT] Node: 'hibernate'
             |  |  \-[IDENT] Node: 'test'
             |  \-[IDENT] Node: 'readonly'
             \-[IDENT] Node: 'DataPoint'

14:19:13,664 DEBUG ErrorCounter:82 - throwQueryException() : no errors
14:19:13,664 DEBUG FromElement:157 - FromClause{level=1} : org.hibernate.test.readonly.DataPoint (<no alias>) -> datapoint0_
14:19:13,665 DEBUG QueryTranslatorImpl:252 - --- SQL AST ---
 \-[DELETE] DeleteStatement: 'delete'  querySpaces (DataPoint)
    \-[FROM] FromClause: 'FROM' FromClause{level=1, fromElementCounter=1, fromElements=1, fromElementByClassAlias=[], fromElementByTableAlias=[datapoint0_], fromElementsByPath=[], collectionJoinFromElementsByPath=[], impliedElements=[]}
       \-[FROM_FRAGMENT] FromElement: 'DataPoint' FromElement{explicit,not a collection join,not a fetch join,fetch non-lazy properties,classAlias=null,role=null,tableName=DataPoint,tableAlias=datapoint0_,origin=null,columns={,className=org.hibernate.test.readonly.DataPoint}}

14:19:13,665 DEBUG ErrorCounter:82 - throwQueryException() : no errors
14:19:13,665 DEBUG ErrorCounter:82 - throwQueryException() : no errors
14:19:13,666 DEBUG SQL:104 - 
    delete 
    from
        DataPoint
14:19:13,669  INFO CustomRunner:139 - Test: testReadOnlyDelete
14:19:13,670 DEBUG SQL:104 - 
    insert 
    into
        DataPoint
        (xval, yval, description, id) 
    values
        (?, ?, ?, ?)
14:19:13,676 DEBUG SQL:104 - 
    select
        datapoint0_.id as id1_0_,
        datapoint0_.xval as xval1_0_,
        datapoint0_.yval as yval1_0_,
        datapoint0_.description as descript4_1_0_ 
    from
        DataPoint datapoint0_ 
    where
        datapoint0_.id=?
14:19:13,677 DEBUG SQL:104 - 
    delete 
    from
        DataPoint 
    where
        id=?
14:19:13,677 DEBUG SQL:104 - 
    select
        datapoint0_.id as id1_,
        datapoint0_.xval as xval1_,
        datapoint0_.yval as yval1_,
        datapoint0_.description as descript4_1_ 
    from
        DataPoint datapoint0_ 
    where
        datapoint0_.description='done!'
14:19:13,678  INFO CustomRunner:139 - Test: testReadOnlyGetModifyAndDelete
14:19:13,679 DEBUG SQL:104 - 
    insert 
    into
        DataPoint
        (xval, yval, description, id) 
    values
        (?, ?, ?, ?)
14:19:13,680 DEBUG SQL:104 - 
    select
        datapoint0_.id as id1_0_,
        datapoint0_.xval as xval1_0_,
        datapoint0_.yval as yval1_0_,
        datapoint0_.description as descript4_1_0_ 
    from
        DataPoint datapoint0_ 
    where
        datapoint0_.id=?
14:19:13,680 DEBUG SQL:104 - 
    delete 
    from
        DataPoint 
    where
        id=?
14:19:13,680 DEBUG SQL:104 - 
    select
        datapoint0_.id as id1_,
        datapoint0_.xval as xval1_,
        datapoint0_.yval as yval1_,
        datapoint0_.description as descript4_1_ 
    from
        DataPoint datapoint0_ 
    where
        datapoint0_.description='done!'
14:19:13,690  INFO CustomRunner:139 - Test: testReadOnlyMode
14:19:13,695 DEBUG SQL:104 - 
    insert 
    into
        DataPoint
        (xval, yval, description, id) 
    values
        (?, ?, ?, ?)
14:19:13,695 DEBUG SQL:104 - 
    insert 
    into
        DataPoint
        (xval, yval, description, id) 
    values
        (?, ?, ?, ?)
14:19:13,695 DEBUG SQL:104 - 
    insert 
    into
        DataPoint
        (xval, yval, description, id) 
    values
        (?, ?, ?, ?)
14:19:13,696 DEBUG SQL:104 - 
    insert 
    into
        DataPoint
        (xval, yval, description, id) 
    values
        (?, ?, ?, ?)
14:19:13,699 DEBUG SQL:104 - 
    insert 
    into
        DataPoint
        (xval, yval, description, id) 
    values
        (?, ?, ?, ?)
14:19:13,699 DEBUG SQL:104 - 
    insert 
    into
        DataPoint
        (xval, yval, description, id) 
    values
        (?, ?, ?, ?)
14:19:13,700 DEBUG SQL:104 - 
    insert 
    into
        DataPoint
        (xval, yval, description, id) 
    values
        (?, ?, ?, ?)
14:19:13,700 DEBUG SQL:104 - 
    insert 
    into
        DataPoint
        (xval, yval, description, id) 
    values
        (?, ?, ?, ?)
14:19:13,700 DEBUG SQL:104 - 
    insert 
    into
        DataPoint
        (xval, yval, description, id) 
    values
        (?, ?, ?, ?)
14:19:13,700 DEBUG SQL:104 - 
    insert 
    into
        DataPoint
        (xval, yval, description, id) 
    values
        (?, ?, ?, ?)
14:19:13,721 DEBUG SQL:104 - 
    insert 
    into
        DataPoint
        (xval, yval, description, id) 
    values
        (?, ?, ?, ?)
14:19:13,722 DEBUG SQL:104 - 
    insert 
    into
        DataPoint
        (xval, yval, description, id) 
    values
        (?, ?, ?, ?)
14:19:13,722 DEBUG SQL:104 - 
    insert 
    into
        DataPoint
        (xval, yval, description, id) 
    values
        (?, ?, ?, ?)
14:19:13,722 DEBUG SQL:104 - 
    insert 
    into
        DataPoint
        (xval, yval, description, id) 
    values
        (?, ?, ?, ?)
14:19:13,722 DEBUG SQL:104 - 
    insert 
    into
        DataPoint
        (xval, yval, description, id) 
    values
        (?, ?, ?, ?)
14:19:13,732 DEBUG SQL:104 - 
    insert 
    into
        DataPoint
        (xval, yval, description, id) 
    values
        (?, ?, ?, ?)
14:19:13,732 DEBUG SQL:104 - 
    insert 
    into
        DataPoint
        (xval, yval, description, id) 
    values
        (?, ?, ?, ?)
14:19:13,733 DEBUG SQL:104 - 
    insert 
    into
        DataPoint
        (xval, yval, description, id) 
    values
        (?, ?, ?, ?)
14:19:13,733 DEBUG SQL:104 - 
    insert 
    into
        DataPoint
        (xval, yval, description, id) 
    values
        (?, ?, ?, ?)
14:19:13,748 DEBUG SQL:104 - 
    insert 
    into
        DataPoint
        (xval, yval, description, id) 
    values
        (?, ?, ?, ?)
14:19:13,748 DEBUG SQL:104 - 
    insert 
    into
        DataPoint
        (xval, yval, description, id) 
    values
        (?, ?, ?, ?)
14:19:13,749 DEBUG SQL:104 - 
    insert 
    into
        DataPoint
        (xval, yval, description, id) 
    values
        (?, ?, ?, ?)
14:19:13,749 DEBUG SQL:104 - 
    insert 
    into
        DataPoint
        (xval, yval, description, id) 
    values
        (?, ?, ?, ?)
14:19:13,758 DEBUG SQL:104 - 
    insert 
    into
        DataPoint
        (xval, yval, description, id) 
    values
        (?, ?, ?, ?)
14:19:13,758 DEBUG SQL:104 - 
    insert 
    into
        DataPoint
        (xval, yval, description, id) 
    values
        (?, ?, ?, ?)
14:19:13,759 DEBUG SQL:104 - 
    insert 
    into
        DataPoint
        (xval, yval, description, id) 
    values
        (?, ?, ?, ?)
14:19:13,759 DEBUG SQL:104 - 
    insert 
    into
        DataPoint
        (xval, yval, description, id) 
    values
        (?, ?, ?, ?)
14:19:13,759 DEBUG SQL:104 - 
    insert 
    into
        DataPoint
        (xval, yval, description, id) 
    values
        (?, ?, ?, ?)
14:19:13,769 DEBUG SQL:104 - 
    insert 
    into
        DataPoint
        (xval, yval, description, id) 
    values
        (?, ?, ?, ?)
14:19:13,770 DEBUG SQL:104 - 
    insert 
    into
        DataPoint
        (xval, yval, description, id) 
    values
        (?, ?, ?, ?)
14:19:13,770 DEBUG SQL:104 - 
    insert 
    into
        DataPoint
        (xval, yval, description, id) 
    values
        (?, ?, ?, ?)
14:19:13,770 DEBUG SQL:104 - 
    insert 
    into
        DataPoint
        (xval, yval, description, id) 
    values
        (?, ?, ?, ?)
14:19:13,779 DEBUG SQL:104 - 
    insert 
    into
        DataPoint
        (xval, yval, description, id) 
    values
        (?, ?, ?, ?)
14:19:13,779 DEBUG SQL:104 - 
    insert 
    into
        DataPoint
        (xval, yval, description, id) 
    values
        (?, ?, ?, ?)
14:19:13,779 DEBUG SQL:104 - 
    insert 
    into
        DataPoint
        (xval, yval, description, id) 
    values
        (?, ?, ?, ?)
14:19:13,779 DEBUG SQL:104 - 
    insert 
    into
        DataPoint
        (xval, yval, description, id) 
    values
        (?, ?, ?, ?)
14:19:13,790 DEBUG SQL:104 - 
    insert 
    into
        DataPoint
        (xval, yval, description, id) 
    values
        (?, ?, ?, ?)
14:19:13,790 DEBUG SQL:104 - 
    insert 
    into
        DataPoint
        (xval, yval, description, id) 
    values
        (?, ?, ?, ?)
14:19:13,791 DEBUG SQL:104 - 
    insert 
    into
        DataPoint
        (xval, yval, description, id) 
    values
        (?, ?, ?, ?)
14:19:13,791 DEBUG SQL:104 - 
    insert 
    into
        DataPoint
        (xval, yval, description, id) 
    values
        (?, ?, ?, ?)
14:19:13,791 DEBUG SQL:104 - 
    insert 
    into
        DataPoint
        (xval, yval, description, id) 
    values
        (?, ?, ?, ?)
14:19:13,804 DEBUG SQL:104 - 
    insert 
    into
        DataPoint
        (xval, yval, description, id) 
    values
        (?, ?, ?, ?)
14:19:13,804 DEBUG SQL:104 - 
    insert 
    into
        DataPoint
        (xval, yval, description, id) 
    values
        (?, ?, ?, ?)
14:19:13,804 DEBUG SQL:104 - 
    insert 
    into
        DataPoint
        (xval, yval, description, id) 
    values
        (?, ?, ?, ?)
14:19:13,805 DEBUG SQL:104 - 
    insert 
    into
        DataPoint
        (xval, yval, description, id) 
    values
        (?, ?, ?, ?)
14:19:13,805 DEBUG SQL:104 - 
    insert 
    into
        DataPoint
        (xval, yval, description, id) 
    values
        (?, ?, ?, ?)
14:19:13,805 DEBUG SQL:104 - 
    insert 
    into
        DataPoint
        (xval, yval, description, id) 
    values
        (?, ?, ?, ?)
14:19:13,805 DEBUG SQL:104 - 
    insert 
    into
        DataPoint
        (xval, yval, description, id) 
    values
        (?, ?, ?, ?)
14:19:13,805 DEBUG SQL:104 - 
    insert 
    into
        DataPoint
        (xval, yval, description, id) 
    values
        (?, ?, ?, ?)
14:19:13,805 DEBUG SQL:104 - 
    insert 
    into
        DataPoint
        (xval, yval, description, id) 
    values
        (?, ?, ?, ?)
14:19:13,817 DEBUG SQL:104 - 
    insert 
    into
        DataPoint
        (xval, yval, description, id) 
    values
        (?, ?, ?, ?)
14:19:13,818 DEBUG SQL:104 - 
    insert 
    into
        DataPoint
        (xval, yval, description, id) 
    values
        (?, ?, ?, ?)
14:19:13,818 DEBUG SQL:104 - 
    insert 
    into
        DataPoint
        (xval, yval, description, id) 
    values
        (?, ?, ?, ?)
14:19:13,818 DEBUG SQL:104 - 
    insert 
    into
        DataPoint
        (xval, yval, description, id) 
    values
        (?, ?, ?, ?)
14:19:13,828 DEBUG SQL:104 - 
    insert 
    into
        DataPoint
        (xval, yval, description, id) 
    values
        (?, ?, ?, ?)
14:19:13,828 DEBUG SQL:104 - 
    insert 
    into
        DataPoint
        (xval, yval, description, id) 
    values
        (?, ?, ?, ?)
14:19:13,828 DEBUG SQL:104 - 
    insert 
    into
        DataPoint
        (xval, yval, description, id) 
    values
        (?, ?, ?, ?)
14:19:13,828 DEBUG SQL:104 - 
    insert 
    into
        DataPoint
        (xval, yval, description, id) 
    values
        (?, ?, ?, ?)
14:19:13,829 DEBUG SQL:104 - 
    insert 
    into
        DataPoint
        (xval, yval, description, id) 
    values
        (?, ?, ?, ?)
14:19:13,829 DEBUG SQL:104 - 
    insert 
    into
        DataPoint
        (xval, yval, description, id) 
    values
        (?, ?, ?, ?)
14:19:13,829 DEBUG SQL:104 - 
    insert 
    into
        DataPoint
        (xval, yval, description, id) 
    values
        (?, ?, ?, ?)
14:19:13,850 DEBUG SQL:104 - 
    insert 
    into
        DataPoint
        (xval, yval, description, id) 
    values
        (?, ?, ?, ?)
14:19:13,850 DEBUG SQL:104 - 
    insert 
    into
        DataPoint
        (xval, yval, description, id) 
    values
        (?, ?, ?, ?)
14:19:13,851 DEBUG SQL:104 - 
    insert 
    into
        DataPoint
        (xval, yval, description, id) 
    values
        (?, ?, ?, ?)
14:19:13,851 DEBUG SQL:104 - 
    insert 
    into
        DataPoint
        (xval, yval, description, id) 
    values
        (?, ?, ?, ?)
14:19:13,860 DEBUG SQL:104 - 
    insert 
    into
        DataPoint
        (xval, yval, description, id) 
    values
        (?, ?, ?, ?)
14:19:13,860 DEBUG SQL:104 - 
    insert 
    into
        DataPoint
        (xval, yval, description, id) 
    values
        (?, ?, ?, ?)
14:19:13,860 DEBUG SQL:104 - 
    insert 
    into
        DataPoint
        (xval, yval, description, id) 
    values
        (?, ?, ?, ?)
14:19:13,860 DEBUG SQL:104 - 
    insert 
    into
        DataPoint
        (xval, yval, description, id) 
    values
        (?, ?, ?, ?)
14:19:13,870 DEBUG SQL:104 - 
    insert 
    into
        DataPoint
        (xval, yval, description, id) 
    values
        (?, ?, ?, ?)
14:19:13,870 DEBUG SQL:104 - 
    insert 
    into
        DataPoint
        (xval, yval, description, id) 
    values
        (?, ?, ?, ?)
14:19:13,871 DEBUG SQL:104 - 
    insert 
    into
        DataPoint
        (xval, yval, description, id) 
    values
        (?, ?, ?, ?)
14:19:13,871 DEBUG SQL:104 - 
    insert 
    into
        DataPoint
        (xval, yval, description, id) 
    values
        (?, ?, ?, ?)
14:19:13,871 DEBUG SQL:104 - 
    insert 
    into
        DataPoint
        (xval, yval, description, id) 
    values
        (?, ?, ?, ?)
14:19:13,881 DEBUG SQL:104 - 
    insert 
    into
        DataPoint
        (xval, yval, description, id) 
    values
        (?, ?, ?, ?)
14:19:13,881 DEBUG SQL:104 - 
    insert 
    into
        DataPoint
        (xval, yval, description, id) 
    values
        (?, ?, ?, ?)
14:19:13,881 DEBUG SQL:104 - 
    insert 
    into
        DataPoint
        (xval, yval, description, id) 
    values
        (?, ?, ?, ?)
14:19:13,882 DEBUG SQL:104 - 
    insert 
    into
        DataPoint
        (xval, yval, description, id) 
    values
        (?, ?, ?, ?)
14:19:13,890 DEBUG SQL:104 - 
    insert 
    into
        DataPoint
        (xval, yval, description, id) 
    values
        (?, ?, ?, ?)
14:19:13,890 DEBUG SQL:104 - 
    insert 
    into
        DataPoint
        (xval, yval, description, id) 
    values
        (?, ?, ?, ?)
14:19:13,891 DEBUG SQL:104 - 
    insert 
    into
        DataPoint
        (xval, yval, description, id) 
    values
        (?, ?, ?, ?)
14:19:13,891 DEBUG SQL:104 - 
    insert 
    into
        DataPoint
        (xval, yval, description, id) 
    values
        (?, ?, ?, ?)
14:19:13,901 DEBUG SQL:104 - 
    insert 
    into
        DataPoint
        (xval, yval, description, id) 
    values
        (?, ?, ?, ?)
14:19:13,902 DEBUG SQL:104 - 
    insert 
    into
        DataPoint
        (xval, yval, description, id) 
    values
        (?, ?, ?, ?)
14:19:13,902 DEBUG SQL:104 - 
    insert 
    into
        DataPoint
        (xval, yval, description, id) 
    values
        (?, ?, ?, ?)
14:19:13,902 DEBUG SQL:104 - 
    insert 
    into
        DataPoint
        (xval, yval, description, id) 
    values
        (?, ?, ?, ?)
14:19:13,902 DEBUG SQL:104 - 
    insert 
    into
        DataPoint
        (xval, yval, description, id) 
    values
        (?, ?, ?, ?)
14:19:13,913 DEBUG SQL:104 - 
    insert 
    into
        DataPoint
        (xval, yval, description, id) 
    values
        (?, ?, ?, ?)
14:19:13,913 DEBUG SQL:104 - 
    insert 
    into
        DataPoint
        (xval, yval, description, id) 
    values
        (?, ?, ?, ?)
14:19:13,913 DEBUG SQL:104 - 
    insert 
    into
        DataPoint
        (xval, yval, description, id) 
    values
        (?, ?, ?, ?)
14:19:13,913 DEBUG SQL:104 - 
    insert 
    into
        DataPoint
        (xval, yval, description, id) 
    values
        (?, ?, ?, ?)
14:19:13,914 DEBUG SQL:104 - 
    insert 
    into
        DataPoint
        (xval, yval, description, id) 
    values
        (?, ?, ?, ?)
14:19:13,914 DEBUG SQL:104 - 
    insert 
    into
        DataPoint
        (xval, yval, description, id) 
    values
        (?, ?, ?, ?)
14:19:13,914 DEBUG SQL:104 - 
    insert 
    into
        DataPoint
        (xval, yval, description, id) 
    values
        (?, ?, ?, ?)
14:19:13,914 DEBUG SQL:104 - 
    insert 
    into
        DataPoint
        (xval, yval, description, id) 
    values
        (?, ?, ?, ?)
14:19:13,914 DEBUG SQL:104 - 
    insert 
    into
        DataPoint
        (xval, yval, description, id) 
    values
        (?, ?, ?, ?)
14:19:13,914 DEBUG SQL:104 - 
    insert 
    into
        DataPoint
        (xval, yval, description, id) 
    values
        (?, ?, ?, ?)
14:19:13,924 DEBUG SQL:104 - 
    insert 
    into
        DataPoint
        (xval, yval, description, id) 
    values
        (?, ?, ?, ?)
14:19:13,924 DEBUG SQL:104 - 
    insert 
    into
        DataPoint
        (xval, yval, description, id) 
    values
        (?, ?, ?, ?)
14:19:13,925 DEBUG SQL:104 - 
    insert 
    into
        DataPoint
        (xval, yval, description, id) 
    values
        (?, ?, ?, ?)
14:19:13,925 DEBUG SQL:104 - 
    select
        datapoint0_.id as id1_,
        datapoint0_.xval as xval1_,
        datapoint0_.yval as yval1_,
        datapoint0_.description as descript4_1_ 
    from
        DataPoint datapoint0_ 
    order by
        datapoint0_.xval asc
14:19:13,940 DEBUG SQL:104 - 
    update
        DataPoint 
    set
        description=? 
    where
        id=?
14:19:13,941 DEBUG SQL:104 - 
    select
        datapoint0_.id as id1_,
        datapoint0_.xval as xval1_,
        datapoint0_.yval as yval1_,
        datapoint0_.description as descript4_1_ 
    from
        DataPoint datapoint0_ 
    where
        datapoint0_.description='done!'
14:19:13,941 DEBUG SQL:104 - 
    delete 
    from
        DataPoint
14:19:13,943  INFO CustomRunner:139 - Test: testReadOnlyModeAutoFlushOnQuery
14:19:13,947 DEBUG SQL:104 - 
    insert 
    into
        DataPoint
        (xval, yval, description, id) 
    values
        (?, ?, ?, ?)
14:19:13,949 DEBUG SQL:104 - 
    insert 
    into
        DataPoint
        (xval, yval, description, id) 
    values
        (?, ?, ?, ?)
14:19:13,949 DEBUG SQL:104 - 
    insert 
    into
        DataPoint
        (xval, yval, description, id) 
    values
        (?, ?, ?, ?)
14:19:13,949 DEBUG SQL:104 - 
    insert 
    into
        DataPoint
        (xval, yval, description, id) 
    values
        (?, ?, ?, ?)
14:19:13,950 DEBUG SQL:104 - 
    insert 
    into
        DataPoint
        (xval, yval, description, id) 
    values
        (?, ?, ?, ?)
14:19:13,950 DEBUG SQL:104 - 
    insert 
    into
        DataPoint
        (xval, yval, description, id) 
    values
        (?, ?, ?, ?)
14:19:13,950 DEBUG SQL:104 - 
    insert 
    into
        DataPoint
        (xval, yval, description, id) 
    values
        (?, ?, ?, ?)
14:19:13,970 DEBUG SQL:104 - 
    insert 
    into
        DataPoint
        (xval, yval, description, id) 
    values
        (?, ?, ?, ?)
14:19:13,970 DEBUG SQL:104 - 
    insert 
    into
        DataPoint
        (xval, yval, description, id) 
    values
        (?, ?, ?, ?)
14:19:13,971 DEBUG SQL:104 - 
    insert 
    into
        DataPoint
        (xval, yval, description, id) 
    values
        (?, ?, ?, ?)
14:19:13,971 DEBUG SQL:104 - 
    insert 
    into
        DataPoint
        (xval, yval, description, id) 
    values
        (?, ?, ?, ?)
14:19:13,971 DEBUG SQL:104 - 
    insert 
    into
        DataPoint
        (xval, yval, description, id) 
    values
        (?, ?, ?, ?)
14:19:13,980 DEBUG SQL:104 - 
    insert 
    into
        DataPoint
        (xval, yval, description, id) 
    values
        (?, ?, ?, ?)
14:19:13,981 DEBUG SQL:104 - 
    insert 
    into
        DataPoint
        (xval, yval, description, id) 
    values
        (?, ?, ?, ?)
14:19:13,981 DEBUG SQL:104 - 
    insert 
    into
        DataPoint
        (xval, yval, description, id) 
    values
        (?, ?, ?, ?)
14:19:13,981 DEBUG SQL:104 - 
    insert 
    into
        DataPoint
        (xval, yval, description, id) 
    values
        (?, ?, ?, ?)
14:19:13,991 DEBUG SQL:104 - 
    insert 
    into
        DataPoint
        (xval, yval, description, id) 
    values
        (?, ?, ?, ?)
14:19:13,992 DEBUG SQL:104 - 
    insert 
    into
        DataPoint
        (xval, yval, description, id) 
    values
        (?, ?, ?, ?)
14:19:13,992 DEBUG SQL:104 - 
    insert 
    into
        DataPoint
        (xval, yval, description, id) 
    values
        (?, ?, ?, ?)
14:19:13,992 DEBUG SQL:104 - 
    insert 
    into
        DataPoint
        (xval, yval, description, id) 
    values
        (?, ?, ?, ?)
14:19:14,002 DEBUG SQL:104 - 
    insert 
    into
        DataPoint
        (xval, yval, description, id) 
    values
        (?, ?, ?, ?)
14:19:14,002 DEBUG SQL:104 - 
    insert 
    into
        DataPoint
        (xval, yval, description, id) 
    values
        (?, ?, ?, ?)
14:19:14,002 DEBUG SQL:104 - 
    insert 
    into
        DataPoint
        (xval, yval, description, id) 
    values
        (?, ?, ?, ?)
14:19:14,003 DEBUG SQL:104 - 
    insert 
    into
        DataPoint
        (xval, yval, description, id) 
    values
        (?, ?, ?, ?)
14:19:14,003 DEBUG SQL:104 - 
    insert 
    into
        DataPoint
        (xval, yval, description, id) 
    values
        (?, ?, ?, ?)
14:19:14,012 DEBUG SQL:104 - 
    insert 
    into
        DataPoint
        (xval, yval, description, id) 
    values
        (?, ?, ?, ?)
14:19:14,012 DEBUG SQL:104 - 
    insert 
    into
        DataPoint
        (xval, yval, description, id) 
    values
        (?, ?, ?, ?)
14:19:14,013 DEBUG SQL:104 - 
    insert 
    into
        DataPoint
        (xval, yval, description, id) 
    values
        (?, ?, ?, ?)
14:19:14,013 DEBUG SQL:104 - 
    insert 
    into
        DataPoint
        (xval, yval, description, id) 
    values
        (?, ?, ?, ?)
14:19:14,023 DEBUG SQL:104 - 
    insert 
    into
        DataPoint
        (xval, yval, description, id) 
    values
        (?, ?, ?, ?)
14:19:14,023 DEBUG SQL:104 - 
    insert 
    into
        DataPoint
        (xval, yval, description, id) 
    values
        (?, ?, ?, ?)
14:19:14,024 DEBUG SQL:104 - 
    insert 
    into
        DataPoint
        (xval, yval, description, id) 
    values
        (?, ?, ?, ?)
14:19:14,024 DEBUG SQL:104 - 
    insert 
    into
        DataPoint
        (xval, yval, description, id) 
    values
        (?, ?, ?, ?)
14:19:14,034 DEBUG SQL:104 - 
    insert 
    into
        DataPoint
        (xval, yval, description, id) 
    values
        (?, ?, ?, ?)
14:19:14,034 DEBUG SQL:104 - 
    insert 
    into
        DataPoint
        (xval, yval, description, id) 
    values
        (?, ?, ?, ?)
14:19:14,034 DEBUG SQL:104 - 
    insert 
    into
        DataPoint
        (xval, yval, description, id) 
    values
        (?, ?, ?, ?)
14:19:14,035 DEBUG SQL:104 - 
    insert 
    into
        DataPoint
        (xval, yval, description, id) 
    values
        (?, ?, ?, ?)
14:19:14,035 DEBUG SQL:104 - 
    insert 
    into
        DataPoint
        (xval, yval, description, id) 
    values
        (?, ?, ?, ?)
14:19:14,044 DEBUG SQL:104 - 
    insert 
    into
        DataPoint
        (xval, yval, description, id) 
    values
        (?, ?, ?, ?)
14:19:14,044 DEBUG SQL:104 - 
    insert 
    into
        DataPoint
        (xval, yval, description, id) 
    values
        (?, ?, ?, ?)
14:19:14,044 DEBUG SQL:104 - 
    insert 
    into
        DataPoint
        (xval, yval, description, id) 
    values
        (?, ?, ?, ?)
14:19:14,044 DEBUG SQL:104 - 
    insert 
    into
        DataPoint
        (xval, yval, description, id) 
    values
        (?, ?, ?, ?)
14:19:14,055 DEBUG SQL:104 - 
    insert 
    into
        DataPoint
        (xval, yval, description, id) 
    values
        (?, ?, ?, ?)
14:19:14,056 DEBUG SQL:104 - 
    insert 
    into
        DataPoint
        (xval, yval, description, id) 
    values
        (?, ?, ?, ?)
14:19:14,056 DEBUG SQL:104 - 
    insert 
    into
        DataPoint
        (xval, yval, description, id) 
    values
        (?, ?, ?, ?)
14:19:14,056 DEBUG SQL:104 - 
    insert 
    into
        DataPoint
        (xval, yval, description, id) 
    values
        (?, ?, ?, ?)
14:19:14,056 DEBUG SQL:104 - 
    insert 
    into
        DataPoint
        (xval, yval, description, id) 
    values
        (?, ?, ?, ?)
14:19:14,056 DEBUG SQL:104 - 
    insert 
    into
        DataPoint
        (xval, yval, description, id) 
    values
        (?, ?, ?, ?)
14:19:14,057 DEBUG SQL:104 - 
    insert 
    into
        DataPoint
        (xval, yval, description, id) 
    values
        (?, ?, ?, ?)
14:19:14,057 DEBUG SQL:104 - 
    insert 
    into
        DataPoint
        (xval, yval, description, id) 
    values
        (?, ?, ?, ?)
14:19:14,057 DEBUG SQL:104 - 
    insert 
    into
        DataPoint
        (xval, yval, description, id) 
    values
        (?, ?, ?, ?)
14:19:14,067 DEBUG SQL:104 - 
    insert 
    into
        DataPoint
        (xval, yval, description, id) 
    values
        (?, ?, ?, ?)
14:19:14,068 DEBUG SQL:104 - 
    insert 
    into
        DataPoint
        (xval, yval, description, id) 
    values
        (?, ?, ?, ?)
14:19:14,068 DEBUG SQL:104 - 
    insert 
    into
        DataPoint
        (xval, yval, description, id) 
    values
        (?, ?, ?, ?)
14:19:14,068 DEBUG SQL:104 - 
    insert 
    into
        DataPoint
        (xval, yval, description, id) 
    values
        (?, ?, ?, ?)
14:19:14,078 DEBUG SQL:104 - 
    insert 
    into
        DataPoint
        (xval, yval, description, id) 
    values
        (?, ?, ?, ?)
14:19:14,078 DEBUG SQL:104 - 
    insert 
    into
        DataPoint
        (xval, yval, description, id) 
    values
        (?, ?, ?, ?)
14:19:14,078 DEBUG SQL:104 - 
    insert 
    into
        DataPoint
        (xval, yval, description, id) 
    values
        (?, ?, ?, ?)
14:19:14,079 DEBUG SQL:104 - 
    insert 
    into
        DataPoint
        (xval, yval, description, id) 
    values
        (?, ?, ?, ?)
14:19:14,079 DEBUG SQL:104 - 
    insert 
    into
        DataPoint
        (xval, yval, description, id) 
    values
        (?, ?, ?, ?)
14:19:14,079 DEBUG SQL:104 - 
    insert 
    into
        DataPoint
        (xval, yval, description, id) 
    values
        (?, ?, ?, ?)
14:19:14,079 DEBUG SQL:104 - 
    insert 
    into
        DataPoint
        (xval, yval, description, id) 
    values
        (?, ?, ?, ?)
14:19:14,101 DEBUG SQL:104 - 
    insert 
    into
        DataPoint
        (xval, yval, description, id) 
    values
        (?, ?, ?, ?)
14:19:14,101 DEBUG SQL:104 - 
    insert 
    into
        DataPoint
        (xval, yval, description, id) 
    values
        (?, ?, ?, ?)
14:19:14,101 DEBUG SQL:104 - 
    insert 
    into
        DataPoint
        (xval, yval, description, id) 
    values
        (?, ?, ?, ?)
14:19:14,101 DEBUG SQL:104 - 
    insert 
    into
        DataPoint
        (xval, yval, description, id) 
    values
        (?, ?, ?, ?)
14:19:14,110 DEBUG SQL:104 - 
    insert 
    into
        DataPoint
        (xval, yval, description, id) 
    values
        (?, ?, ?, ?)
14:19:14,111 DEBUG SQL:104 - 
    insert 
    into
        DataPoint
        (xval, yval, description, id) 
    values
        (?, ?, ?, ?)
14:19:14,111 DEBUG SQL:104 - 
    insert 
    into
        DataPoint
        (xval, yval, description, id) 
    values
        (?, ?, ?, ?)
14:19:14,111 DEBUG SQL:104 - 
    insert 
    into
        DataPoint
        (xval, yval, description, id) 
    values
        (?, ?, ?, ?)
14:19:14,121 DEBUG SQL:104 - 
    insert 
    into
        DataPoint
        (xval, yval, description, id) 
    values
        (?, ?, ?, ?)
14:19:14,121 DEBUG SQL:104 - 
    insert 
    into
        DataPoint
        (xval, yval, description, id) 
    values
        (?, ?, ?, ?)
14:19:14,121 DEBUG SQL:104 - 
    insert 
    into
        DataPoint
        (xval, yval, description, id) 
    values
        (?, ?, ?, ?)
14:19:14,122 DEBUG SQL:104 - 
    insert 
    into
        DataPoint
        (xval, yval, description, id) 
    values
        (?, ?, ?, ?)
14:19:14,122 DEBUG SQL:104 - 
    insert 
    into
        DataPoint
        (xval, yval, description, id) 
    values
        (?, ?, ?, ?)
14:19:14,131 DEBUG SQL:104 - 
    insert 
    into
        DataPoint
        (xval, yval, description, id) 
    values
        (?, ?, ?, ?)
14:19:14,131 DEBUG SQL:104 - 
    insert 
    into
        DataPoint
        (xval, yval, description, id) 
    values
        (?, ?, ?, ?)
14:19:14,131 DEBUG SQL:104 - 
    insert 
    into
        DataPoint
        (xval, yval, description, id) 
    values
        (?, ?, ?, ?)
14:19:14,131 DEBUG SQL:104 - 
    insert 
    into
        DataPoint
        (xval, yval, description, id) 
    values
        (?, ?, ?, ?)
14:19:14,143 DEBUG SQL:104 - 
    insert 
    into
        DataPoint
        (xval, yval, description, id) 
    values
        (?, ?, ?, ?)
14:19:14,143 DEBUG SQL:104 - 
    insert 
    into
        DataPoint
        (xval, yval, description, id) 
    values
        (?, ?, ?, ?)
14:19:14,143 DEBUG SQL:104 - 
    insert 
    into
        DataPoint
        (xval, yval, description, id) 
    values
        (?, ?, ?, ?)
14:19:14,143 DEBUG SQL:104 - 
    insert 
    into
        DataPoint
        (xval, yval, description, id) 
    values
        (?, ?, ?, ?)
14:19:14,144 DEBUG SQL:104 - 
    insert 
    into
        DataPoint
        (xval, yval, description, id) 
    values
        (?, ?, ?, ?)
14:19:14,154 DEBUG SQL:104 - 
    insert 
    into
        DataPoint
        (xval, yval, description, id) 
    values
        (?, ?, ?, ?)
14:19:14,154 DEBUG SQL:104 - 
    insert 
    into
        DataPoint
        (xval, yval, description, id) 
    values
        (?, ?, ?, ?)
14:19:14,154 DEBUG SQL:104 - 
    insert 
    into
        DataPoint
        (xval, yval, description, id) 
    values
        (?, ?, ?, ?)
14:19:14,154 DEBUG SQL:104 - 
    insert 
    into
        DataPoint
        (xval, yval, description, id) 
    values
        (?, ?, ?, ?)
14:19:14,164 DEBUG SQL:104 - 
    insert 
    into
        DataPoint
        (xval, yval, description, id) 
    values
        (?, ?, ?, ?)
14:19:14,164 DEBUG SQL:104 - 
    insert 
    into
        DataPoint
        (xval, yval, description, id) 
    values
        (?, ?, ?, ?)
14:19:14,164 DEBUG SQL:104 - 
    insert 
    into
        DataPoint
        (xval, yval, description, id) 
    values
        (?, ?, ?, ?)
14:19:14,164 DEBUG SQL:104 - 
    insert 
    into
        DataPoint
        (xval, yval, description, id) 
    values
        (?, ?, ?, ?)
14:19:14,174 DEBUG SQL:104 - 
    insert 
    into
        DataPoint
        (xval, yval, description, id) 
    values
        (?, ?, ?, ?)
14:19:14,174 DEBUG SQL:104 - 
    insert 
    into
        DataPoint
        (xval, yval, description, id) 
    values
        (?, ?, ?, ?)
14:19:14,174 DEBUG SQL:104 - 
    insert 
    into
        DataPoint
        (xval, yval, description, id) 
    values
        (?, ?, ?, ?)
14:19:14,174 DEBUG SQL:104 - 
    insert 
    into
        DataPoint
        (xval, yval, description, id) 
    values
        (?, ?, ?, ?)
14:19:14,174 DEBUG SQL:104 - 
    insert 
    into
        DataPoint
        (xval, yval, description, id) 
    values
        (?, ?, ?, ?)
14:19:14,185 DEBUG SQL:104 - 
    insert 
    into
        DataPoint
        (xval, yval, description, id) 
    values
        (?, ?, ?, ?)
14:19:14,185 DEBUG SQL:104 - 
    insert 
    into
        DataPoint
        (xval, yval, description, id) 
    values
        (?, ?, ?, ?)
14:19:14,185 DEBUG SQL:104 - 
    insert 
    into
        DataPoint
        (xval, yval, description, id) 
    values
        (?, ?, ?, ?)
14:19:14,186 DEBUG SQL:104 - 
    select
        datapoint0_.id as id1_,
        datapoint0_.xval as xval1_,
        datapoint0_.yval as yval1_,
        datapoint0_.description as descript4_1_ 
    from
        DataPoint datapoint0_ 
    order by
        datapoint0_.xval asc
14:19:14,189 DEBUG SQL:104 - 
    delete 
    from
        DataPoint 
    where
        id=?
14:19:14,189 DEBUG SQL:104 - 
    delete 
    from
        DataPoint 
    where
        id=?
14:19:14,189 DEBUG SQL:104 - 
    delete 
    from
        DataPoint 
    where
        id=?
14:19:14,190 DEBUG SQL:104 - 
    delete 
    from
        DataPoint 
    where
        id=?
14:19:14,196 DEBUG SQL:104 - 
    delete 
    from
        DataPoint 
    where
        id=?
14:19:14,196 DEBUG SQL:104 - 
    delete 
    from
        DataPoint 
    where
        id=?
14:19:14,197 DEBUG SQL:104 - 
    delete 
    from
        DataPoint 
    where
        id=?
14:19:14,197 DEBUG SQL:104 - 
    delete 
    from
        DataPoint 
    where
        id=?
14:19:14,198 DEBUG SQL:104 - 
    delete 
    from
        DataPoint 
    where
        id=?
14:19:14,208 DEBUG SQL:104 - 
    delete 
    from
        DataPoint 
    where
        id=?
14:19:14,210 DEBUG SQL:104 - 
    delete 
    from
        DataPoint 
    where
        id=?
14:19:14,210 DEBUG SQL:104 - 
    delete 
    from
        DataPoint 
    where
        id=?
14:19:14,210 DEBUG SQL:104 - 
    delete 
    from
        DataPoint 
    where
        id=?
14:19:14,211 DEBUG SQL:104 - 
    delete 
    from
        DataPoint 
    where
        id=?
14:19:14,211 DEBUG SQL:104 - 
    delete 
    from
        DataPoint 
    where
        id=?
14:19:14,211 DEBUG SQL:104 - 
    delete 
    from
        DataPoint 
    where
        id=?
14:19:14,211 DEBUG SQL:104 - 
    delete 
    from
        DataPoint 
    where
        id=?
14:19:14,233 DEBUG SQL:104 - 
    delete 
    from
        DataPoint 
    where
        id=?
14:19:14,233 DEBUG SQL:104 - 
    delete 
    from
        DataPoint 
    where
        id=?
14:19:14,233 DEBUG SQL:104 - 
    delete 
    from
        DataPoint 
    where
        id=?
14:19:14,233 DEBUG SQL:104 - 
    delete 
    from
        DataPoint 
    where
        id=?
14:19:14,234 DEBUG SQL:104 - 
    delete 
    from
        DataPoint 
    where
        id=?
14:19:14,243 DEBUG SQL:104 - 
    delete 
    from
        DataPoint 
    where
        id=?
14:19:14,243 DEBUG SQL:104 - 
    delete 
    from
        DataPoint 
    where
        id=?
14:19:14,244 DEBUG SQL:104 - 
    delete 
    from
        DataPoint 
    where
        id=?
14:19:14,244 DEBUG SQL:104 - 
    delete 
    from
        DataPoint 
    where
        id=?
14:19:14,244 DEBUG SQL:104 - 
    delete 
    from
        DataPoint 
    where
        id=?
14:19:14,253 DEBUG SQL:104 - 
    delete 
    from
        DataPoint 
    where
        id=?
14:19:14,253 DEBUG SQL:104 - 
    delete 
    from
        DataPoint 
    where
        id=?
14:19:14,253 DEBUG SQL:104 - 
    delete 
    from
        DataPoint 
    where
        id=?
14:19:14,253 DEBUG SQL:104 - 
    delete 
    from
        DataPoint 
    where
        id=?
14:19:14,254 DEBUG SQL:104 - 
    delete 
    from
        DataPoint 
    where
        id=?
14:19:14,264 DEBUG SQL:104 - 
    delete 
    from
        DataPoint 
    where
        id=?
14:19:14,264 DEBUG SQL:104 - 
    delete 
    from
        DataPoint 
    where
        id=?
14:19:14,264 DEBUG SQL:104 - 
    delete 
    from
        DataPoint 
    where
        id=?
14:19:14,264 DEBUG SQL:104 - 
    delete 
    from
        DataPoint 
    where
        id=?
14:19:14,264 DEBUG SQL:104 - 
    delete 
    from
        DataPoint 
    where
        id=?
14:19:14,265 DEBUG SQL:104 - 
    delete 
    from
        DataPoint 
    where
        id=?
14:19:14,273 DEBUG SQL:104 - 
    delete 
    from
        DataPoint 
    where
        id=?
14:19:14,273 DEBUG SQL:104 - 
    delete 
    from
        DataPoint 
    where
        id=?
14:19:14,274 DEBUG SQL:104 - 
    delete 
    from
        DataPoint 
    where
        id=?
14:19:14,274 DEBUG SQL:104 - 
    delete 
    from
        DataPoint 
    where
        id=?
14:19:14,274 DEBUG SQL:104 - 
    delete 
    from
        DataPoint 
    where
        id=?
14:19:14,284 DEBUG SQL:104 - 
    delete 
    from
        DataPoint 
    where
        id=?
14:19:14,284 DEBUG SQL:104 - 
    delete 
    from
        DataPoint 
    where
        id=?
14:19:14,285 DEBUG SQL:104 - 
    delete 
    from
        DataPoint 
    where
        id=?
14:19:14,285 DEBUG SQL:104 - 
    delete 
    from
        DataPoint 
    where
        id=?
14:19:14,285 DEBUG SQL:104 - 
    delete 
    from
        DataPoint 
    where
        id=?
14:19:14,295 DEBUG SQL:104 - 
    delete 
    from
        DataPoint 
    where
        id=?
14:19:14,295 DEBUG SQL:104 - 
    delete 
    from
        DataPoint 
    where
        id=?
14:19:14,296 DEBUG SQL:104 - 
    delete 
    from
        DataPoint 
    where
        id=?
14:19:14,296 DEBUG SQL:104 - 
    delete 
    from
        DataPoint 
    where
        id=?
14:19:14,296 DEBUG SQL:104 - 
    delete 
    from
        DataPoint 
    where
        id=?
14:19:14,305 DEBUG SQL:104 - 
    delete 
    from
        DataPoint 
    where
        id=?
14:19:14,305 DEBUG SQL:104 - 
    delete 
    from
        DataPoint 
    where
        id=?
14:19:14,306 DEBUG SQL:104 - 
    delete 
    from
        DataPoint 
    where
        id=?
14:19:14,306 DEBUG SQL:104 - 
    delete 
    from
        DataPoint 
    where
        id=?
14:19:14,306 DEBUG SQL:104 - 
    delete 
    from
        DataPoint 
    where
        id=?
14:19:14,315 DEBUG SQL:104 - 
    delete 
    from
        DataPoint 
    where
        id=?
14:19:14,316 DEBUG SQL:104 - 
    delete 
    from
        DataPoint 
    where
        id=?
14:19:14,316 DEBUG SQL:104 - 
    delete 
    from
        DataPoint 
    where
        id=?
14:19:14,316 DEBUG SQL:104 - 
    delete 
    from
        DataPoint 
    where
        id=?
14:19:14,316 DEBUG SQL:104 - 
    delete 
    from
        DataPoint 
    where
        id=?
14:19:14,317 DEBUG SQL:104 - 
    delete 
    from
        DataPoint 
    where
        id=?
14:19:14,317 DEBUG SQL:104 - 
    delete 
    from
        DataPoint 
    where
        id=?
14:19:14,317 DEBUG SQL:104 - 
    delete 
    from
        DataPoint 
    where
        id=?
14:19:14,317 DEBUG SQL:104 - 
    delete 
    from
        DataPoint 
    where
        id=?
14:19:14,317 DEBUG SQL:104 - 
    delete 
    from
        DataPoint 
    where
        id=?
14:19:14,329 DEBUG SQL:104 - 
    delete 
    from
        DataPoint 
    where
        id=?
14:19:14,329 DEBUG SQL:104 - 
    delete 
    from
        DataPoint 
    where
        id=?
14:19:14,329 DEBUG SQL:104 - 
    delete 
    from
        DataPoint 
    where
        id=?
14:19:14,329 DEBUG SQL:104 - 
    delete 
    from
        DataPoint 
    where
        id=?
14:19:14,329 DEBUG SQL:104 - 
    delete 
    from
        DataPoint 
    where
        id=?
14:19:14,340 DEBUG SQL:104 - 
    delete 
    from
        DataPoint 
    where
        id=?
14:19:14,340 DEBUG SQL:104 - 
    delete 
    from
        DataPoint 
    where
        id=?
14:19:14,340 DEBUG SQL:104 - 
    delete 
    from
        DataPoint 
    where
        id=?
14:19:14,340 DEBUG SQL:104 - 
    delete 
    from
        DataPoint 
    where
        id=?
14:19:14,341 DEBUG SQL:104 - 
    delete 
    from
        DataPoint 
    where
        id=?
14:19:14,341 DEBUG SQL:104 - 
    delete 
    from
        DataPoint 
    where
        id=?
14:19:14,341 DEBUG SQL:104 - 
    delete 
    from
        DataPoint 
    where
        id=?
14:19:14,341 DEBUG SQL:104 - 
    delete 
    from
        DataPoint 
    where
        id=?
14:19:14,363 DEBUG SQL:104 - 
    delete 
    from
        DataPoint 
    where
        id=?
14:19:14,363 DEBUG SQL:104 - 
    delete 
    from
        DataPoint 
    where
        id=?
14:19:14,363 DEBUG SQL:104 - 
    delete 
    from
        DataPoint 
    where
        id=?
14:19:14,363 DEBUG SQL:104 - 
    delete 
    from
        DataPoint 
    where
        id=?
14:19:14,364 DEBUG SQL:104 - 
    delete 
    from
        DataPoint 
    where
        id=?
14:19:14,373 DEBUG SQL:104 - 
    delete 
    from
        DataPoint 
    where
        id=?
14:19:14,373 DEBUG SQL:104 - 
    delete 
    from
        DataPoint 
    where
        id=?
14:19:14,373 DEBUG SQL:104 - 
    delete 
    from
        DataPoint 
    where
        id=?
14:19:14,373 DEBUG SQL:104 - 
    delete 
    from
        DataPoint 
    where
        id=?
14:19:14,373 DEBUG SQL:104 - 
    delete 
    from
        DataPoint 
    where
        id=?
14:19:14,384 DEBUG SQL:104 - 
    delete 
    from
        DataPoint 
    where
        id=?
14:19:14,384 DEBUG SQL:104 - 
    delete 
    from
        DataPoint 
    where
        id=?
14:19:14,384 DEBUG SQL:104 - 
    delete 
    from
        DataPoint 
    where
        id=?
14:19:14,385 DEBUG SQL:104 - 
    delete 
    from
        DataPoint 
    where
        id=?
14:19:14,385 DEBUG SQL:104 - 
    delete 
    from
        DataPoint 
    where
        id=?
14:19:14,385 DEBUG SQL:104 - 
    delete 
    from
        DataPoint 
    where
        id=?
14:19:14,385 DEBUG SQL:104 - 
    delete 
    from
        DataPoint 
    where
        id=?
14:19:14,385 DEBUG SQL:104 - 
    delete 
    from
        DataPoint 
    where
        id=?
14:19:14,385 DEBUG SQL:104 - 
    delete 
    from
        DataPoint 
    where
        id=?
14:19:14,386  INFO CustomRunner:139 - Test: testReadOnlyModeWithExistingModifiableEntity
14:19:14,390 DEBUG SQL:104 - 
    insert 
    into
        DataPoint
        (xval, yval, description, id) 
    values
        (?, ?, ?, ?)
14:19:14,390 DEBUG SQL:104 - 
    insert 
    into
        DataPoint
        (xval, yval, description, id) 
    values
        (?, ?, ?, ?)
14:19:14,391 DEBUG SQL:104 - 
    insert 
    into
        DataPoint
        (xval, yval, description, id) 
    values
        (?, ?, ?, ?)
14:19:14,407 DEBUG SQL:104 - 
    insert 
    into
        DataPoint
        (xval, yval, description, id) 
    values
        (?, ?, ?, ?)
14:19:14,407 DEBUG SQL:104 - 
    insert 
    into
        DataPoint
        (xval, yval, description, id) 
    values
        (?, ?, ?, ?)
14:19:14,407 DEBUG SQL:104 - 
    insert 
    into
        DataPoint
        (xval, yval, description, id) 
    values
        (?, ?, ?, ?)
14:19:14,407 DEBUG SQL:104 - 
    insert 
    into
        DataPoint
        (xval, yval, description, id) 
    values
        (?, ?, ?, ?)
14:19:14,417 DEBUG SQL:104 - 
    insert 
    into
        DataPoint
        (xval, yval, description, id) 
    values
        (?, ?, ?, ?)
14:19:14,417 DEBUG SQL:104 - 
    insert 
    into
        DataPoint
        (xval, yval, description, id) 
    values
        (?, ?, ?, ?)
14:19:14,417 DEBUG SQL:104 - 
    insert 
    into
        DataPoint
        (xval, yval, description, id) 
    values
        (?, ?, ?, ?)
14:19:14,417 DEBUG SQL:104 - 
    insert 
    into
        DataPoint
        (xval, yval, description, id) 
    values
        (?, ?, ?, ?)
14:19:14,427 DEBUG SQL:104 - 
    insert 
    into
        DataPoint
        (xval, yval, description, id) 
    values
        (?, ?, ?, ?)
14:19:14,427 DEBUG SQL:104 - 
    insert 
    into
        DataPoint
        (xval, yval, description, id) 
    values
        (?, ?, ?, ?)
14:19:14,428 DEBUG SQL:104 - 
    insert 
    into
        DataPoint
        (xval, yval, description, id) 
    values
        (?, ?, ?, ?)
14:19:14,428 DEBUG SQL:104 - 
    insert 
    into
        DataPoint
        (xval, yval, description, id) 
    values
        (?, ?, ?, ?)
14:19:14,428 DEBUG SQL:104 - 
    insert 
    into
        DataPoint
        (xval, yval, description, id) 
    values
        (?, ?, ?, ?)
14:19:14,438 DEBUG SQL:104 - 
    insert 
    into
        DataPoint
        (xval, yval, description, id) 
    values
        (?, ?, ?, ?)
14:19:14,438 DEBUG SQL:104 - 
    insert 
    into
        DataPoint
        (xval, yval, description, id) 
    values
        (?, ?, ?, ?)
14:19:14,438 DEBUG SQL:104 - 
    insert 
    into
        DataPoint
        (xval, yval, description, id) 
    values
        (?, ?, ?, ?)
14:19:14,438 DEBUG SQL:104 - 
    insert 
    into
        DataPoint
        (xval, yval, description, id) 
    values
        (?, ?, ?, ?)
14:19:14,448 DEBUG SQL:104 - 
    insert 
    into
        DataPoint
        (xval, yval, description, id) 
    values
        (?, ?, ?, ?)
14:19:14,448 DEBUG SQL:104 - 
    insert 
    into
        DataPoint
        (xval, yval, description, id) 
    values
        (?, ?, ?, ?)
14:19:14,448 DEBUG SQL:104 - 
    insert 
    into
        DataPoint
        (xval, yval, description, id) 
    values
        (?, ?, ?, ?)
14:19:14,449 DEBUG SQL:104 - 
    insert 
    into
        DataPoint
        (xval, yval, description, id) 
    values
        (?, ?, ?, ?)
14:19:14,449 DEBUG SQL:104 - 
    insert 
    into
        DataPoint
        (xval, yval, description, id) 
    values
        (?, ?, ?, ?)
14:19:14,449 DEBUG SQL:104 - 
    insert 
    into
        DataPoint
        (xval, yval, description, id) 
    values
        (?, ?, ?, ?)
14:19:14,449 DEBUG SQL:104 - 
    insert 
    into
        DataPoint
        (xval, yval, description, id) 
    values
        (?, ?, ?, ?)
14:19:14,449 DEBUG SQL:104 - 
    insert 
    into
        DataPoint
        (xval, yval, description, id) 
    values
        (?, ?, ?, ?)
14:19:14,450 DEBUG SQL:104 - 
    insert 
    into
        DataPoint
        (xval, yval, description, id) 
    values
        (?, ?, ?, ?)
14:19:14,460 DEBUG SQL:104 - 
    insert 
    into
        DataPoint
        (xval, yval, description, id) 
    values
        (?, ?, ?, ?)
14:19:14,460 DEBUG SQL:104 - 
    insert 
    into
        DataPoint
        (xval, yval, description, id) 
    values
        (?, ?, ?, ?)
14:19:14,460 DEBUG SQL:104 - 
    insert 
    into
        DataPoint
        (xval, yval, description, id) 
    values
        (?, ?, ?, ?)
14:19:14,460 DEBUG SQL:104 - 
    insert 
    into
        DataPoint
        (xval, yval, description, id) 
    values
        (?, ?, ?, ?)
14:19:14,471 DEBUG SQL:104 - 
    insert 
    into
        DataPoint
        (xval, yval, description, id) 
    values
        (?, ?, ?, ?)
14:19:14,472 DEBUG SQL:104 - 
    insert 
    into
        DataPoint
        (xval, yval, description, id) 
    values
        (?, ?, ?, ?)
14:19:14,472 DEBUG SQL:104 - 
    insert 
    into
        DataPoint
        (xval, yval, description, id) 
    values
        (?, ?, ?, ?)
14:19:14,472 DEBUG SQL:104 - 
    insert 
    into
        DataPoint
        (xval, yval, description, id) 
    values
        (?, ?, ?, ?)
14:19:14,472 DEBUG SQL:104 - 
    insert 
    into
        DataPoint
        (xval, yval, description, id) 
    values
        (?, ?, ?, ?)
14:19:14,472 DEBUG SQL:104 - 
    insert 
    into
        DataPoint
        (xval, yval, description, id) 
    values
        (?, ?, ?, ?)
14:19:14,473 DEBUG SQL:104 - 
    insert 
    into
        DataPoint
        (xval, yval, description, id) 
    values
        (?, ?, ?, ?)
14:19:14,494 DEBUG SQL:104 - 
    insert 
    into
        DataPoint
        (xval, yval, description, id) 
    values
        (?, ?, ?, ?)
14:19:14,494 DEBUG SQL:104 - 
    insert 
    into
        DataPoint
        (xval, yval, description, id) 
    values
        (?, ?, ?, ?)
14:19:14,495 DEBUG SQL:104 - 
    insert 
    into
        DataPoint
        (xval, yval, description, id) 
    values
        (?, ?, ?, ?)
14:19:14,495 DEBUG SQL:104 - 
    insert 
    into
        DataPoint
        (xval, yval, description, id) 
    values
        (?, ?, ?, ?)
14:19:14,504 DEBUG SQL:104 - 
    insert 
    into
        DataPoint
        (xval, yval, description, id) 
    values
        (?, ?, ?, ?)
14:19:14,504 DEBUG SQL:104 - 
    insert 
    into
        DataPoint
        (xval, yval, description, id) 
    values
        (?, ?, ?, ?)
14:19:14,505 DEBUG SQL:104 - 
    insert 
    into
        DataPoint
        (xval, yval, description, id) 
    values
        (?, ?, ?, ?)
14:19:14,505 DEBUG SQL:104 - 
    insert 
    into
        DataPoint
        (xval, yval, description, id) 
    values
        (?, ?, ?, ?)
14:19:14,515 DEBUG SQL:104 - 
    insert 
    into
        DataPoint
        (xval, yval, description, id) 
    values
        (?, ?, ?, ?)
14:19:14,516 DEBUG SQL:104 - 
    insert 
    into
        DataPoint
        (xval, yval, description, id) 
    values
        (?, ?, ?, ?)
14:19:14,516 DEBUG SQL:104 - 
    insert 
    into
        DataPoint
        (xval, yval, description, id) 
    values
        (?, ?, ?, ?)
14:19:14,516 DEBUG SQL:104 - 
    insert 
    into
        DataPoint
        (xval, yval, description, id) 
    values
        (?, ?, ?, ?)
14:19:14,516 DEBUG SQL:104 - 
    insert 
    into
        DataPoint
        (xval, yval, description, id) 
    values
        (?, ?, ?, ?)
14:19:14,526 DEBUG SQL:104 - 
    insert 
    into
        DataPoint
        (xval, yval, description, id) 
    values
        (?, ?, ?, ?)
14:19:14,526 DEBUG SQL:104 - 
    insert 
    into
        DataPoint
        (xval, yval, description, id) 
    values
        (?, ?, ?, ?)
14:19:14,527 DEBUG SQL:104 - 
    insert 
    into
        DataPoint
        (xval, yval, description, id) 
    values
        (?, ?, ?, ?)
14:19:14,527 DEBUG SQL:104 - 
    insert 
    into
        DataPoint
        (xval, yval, description, id) 
    values
        (?, ?, ?, ?)
14:19:14,542 DEBUG SQL:104 - 
    insert 
    into
        DataPoint
        (xval, yval, description, id) 
    values
        (?, ?, ?, ?)
14:19:14,542 DEBUG SQL:104 - 
    insert 
    into
        DataPoint
        (xval, yval, description, id) 
    values
        (?, ?, ?, ?)
14:19:14,542 DEBUG SQL:104 - 
    insert 
    into
        DataPoint
        (xval, yval, description, id) 
    values
        (?, ?, ?, ?)
14:19:14,542 DEBUG SQL:104 - 
    insert 
    into
        DataPoint
        (xval, yval, description, id) 
    values
        (?, ?, ?, ?)
14:19:14,543 DEBUG SQL:104 - 
    insert 
    into
        DataPoint
        (xval, yval, description, id) 
    values
        (?, ?, ?, ?)
14:19:14,551 DEBUG SQL:104 - 
    insert 
    into
        DataPoint
        (xval, yval, description, id) 
    values
        (?, ?, ?, ?)
14:19:14,552 DEBUG SQL:104 - 
    insert 
    into
        DataPoint
        (xval, yval, description, id) 
    values
        (?, ?, ?, ?)
14:19:14,552 DEBUG SQL:104 - 
    insert 
    into
        DataPoint
        (xval, yval, description, id) 
    values
        (?, ?, ?, ?)
14:19:14,552 DEBUG SQL:104 - 
    insert 
    into
        DataPoint
        (xval, yval, description, id) 
    values
        (?, ?, ?, ?)
14:19:14,562 DEBUG SQL:104 - 
    insert 
    into
        DataPoint
        (xval, yval, description, id) 
    values
        (?, ?, ?, ?)
14:19:14,563 DEBUG SQL:104 - 
    insert 
    into
        DataPoint
        (xval, yval, description, id) 
    values
        (?, ?, ?, ?)
14:19:14,563 DEBUG SQL:104 - 
    insert 
    into
        DataPoint
        (xval, yval, description, id) 
    values
        (?, ?, ?, ?)
14:19:14,563 DEBUG SQL:104 - 
    insert 
    into
        DataPoint
        (xval, yval, description, id) 
    values
        (?, ?, ?, ?)
14:19:14,572 DEBUG SQL:104 - 
    insert 
    into
        DataPoint
        (xval, yval, description, id) 
    values
        (?, ?, ?, ?)
14:19:14,573 DEBUG SQL:104 - 
    insert 
    into
        DataPoint
        (xval, yval, description, id) 
    values
        (?, ?, ?, ?)
14:19:14,573 DEBUG SQL:104 - 
    insert 
    into
        DataPoint
        (xval, yval, description, id) 
    values
        (?, ?, ?, ?)
14:19:14,574 DEBUG SQL:104 - 
    insert 
    into
        DataPoint
        (xval, yval, description, id) 
    values
        (?, ?, ?, ?)
14:19:14,574 DEBUG SQL:104 - 
    insert 
    into
        DataPoint
        (xval, yval, description, id) 
    values
        (?, ?, ?, ?)
14:19:14,574 DEBUG SQL:104 - 
    insert 
    into
        DataPoint
        (xval, yval, description, id) 
    values
        (?, ?, ?, ?)
14:19:14,574 DEBUG SQL:104 - 
    insert 
    into
        DataPoint
        (xval, yval, description, id) 
    values
        (?, ?, ?, ?)
14:19:14,574 DEBUG SQL:104 - 
    insert 
    into
        DataPoint
        (xval, yval, description, id) 
    values
        (?, ?, ?, ?)
14:19:14,575 DEBUG SQL:104 - 
    insert 
    into
        DataPoint
        (xval, yval, description, id) 
    values
        (?, ?, ?, ?)
14:19:14,586 DEBUG SQL:104 - 
    insert 
    into
        DataPoint
        (xval, yval, description, id) 
    values
        (?, ?, ?, ?)
14:19:14,587 DEBUG SQL:104 - 
    insert 
    into
        DataPoint
        (xval, yval, description, id) 
    values
        (?, ?, ?, ?)
14:19:14,587 DEBUG SQL:104 - 
    insert 
    into
        DataPoint
        (xval, yval, description, id) 
    values
        (?, ?, ?, ?)
14:19:14,587 DEBUG SQL:104 - 
    insert 
    into
        DataPoint
        (xval, yval, description, id) 
    values
        (?, ?, ?, ?)
14:19:14,596 DEBUG SQL:104 - 
    insert 
    into
        DataPoint
        (xval, yval, description, id) 
    values
        (?, ?, ?, ?)
14:19:14,596 DEBUG SQL:104 - 
    insert 
    into
        DataPoint
        (xval, yval, description, id) 
    values
        (?, ?, ?, ?)
14:19:14,597 DEBUG SQL:104 - 
    insert 
    into
        DataPoint
        (xval, yval, description, id) 
    values
        (?, ?, ?, ?)
14:19:14,597 DEBUG SQL:104 - 
    insert 
    into
        DataPoint
        (xval, yval, description, id) 
    values
        (?, ?, ?, ?)
14:19:14,597 DEBUG SQL:104 - 
    insert 
    into
        DataPoint
        (xval, yval, description, id) 
    values
        (?, ?, ?, ?)
14:19:14,597 DEBUG SQL:104 - 
    insert 
    into
        DataPoint
        (xval, yval, description, id) 
    values
        (?, ?, ?, ?)
14:19:14,597 DEBUG SQL:104 - 
    insert 
    into
        DataPoint
        (xval, yval, description, id) 
    values
        (?, ?, ?, ?)
14:19:14,620 DEBUG SQL:104 - 
    insert 
    into
        DataPoint
        (xval, yval, description, id) 
    values
        (?, ?, ?, ?)
14:19:14,620 DEBUG SQL:104 - 
    insert 
    into
        DataPoint
        (xval, yval, description, id) 
    values
        (?, ?, ?, ?)
14:19:14,620 DEBUG SQL:104 - 
    insert 
    into
        DataPoint
        (xval, yval, description, id) 
    values
        (?, ?, ?, ?)
14:19:14,621 DEBUG SQL:104 - 
    insert 
    into
        DataPoint
        (xval, yval, description, id) 
    values
        (?, ?, ?, ?)
14:19:14,630 DEBUG SQL:104 - 
    insert 
    into
        DataPoint
        (xval, yval, description, id) 
    values
        (?, ?, ?, ?)
14:19:14,630 DEBUG SQL:104 - 
    insert 
    into
        DataPoint
        (xval, yval, description, id) 
    values
        (?, ?, ?, ?)
14:19:14,630 DEBUG SQL:104 - 
    insert 
    into
        DataPoint
        (xval, yval, description, id) 
    values
        (?, ?, ?, ?)
14:19:14,630 DEBUG SQL:104 - 
    insert 
    into
        DataPoint
        (xval, yval, description, id) 
    values
        (?, ?, ?, ?)
14:19:14,631 DEBUG SQL:104 - 
    insert 
    into
        DataPoint
        (xval, yval, description, id) 
    values
        (?, ?, ?, ?)
14:19:14,641 DEBUG SQL:104 - 
    insert 
    into
        DataPoint
        (xval, yval, description, id) 
    values
        (?, ?, ?, ?)
14:19:14,642 DEBUG SQL:104 - 
    select
        datapoint0_.id as id1_0_,
        datapoint0_.xval as xval1_0_,
        datapoint0_.yval as yval1_0_,
        datapoint0_.description as descript4_1_0_ 
    from
        DataPoint datapoint0_ 
    where
        datapoint0_.id=?
14:19:14,643 DEBUG SQL:104 - 
    select
        datapoint0_.id as id1_,
        datapoint0_.xval as xval1_,
        datapoint0_.yval as yval1_,
        datapoint0_.description as descript4_1_ 
    from
        DataPoint datapoint0_ 
    order by
        datapoint0_.xval asc
14:19:14,654 DEBUG SQL:104 - 
    update
        DataPoint 
    set
        description=? 
    where
        id=?
14:19:14,654 DEBUG SQL:104 - 
    update
        DataPoint 
    set
        description=? 
    where
        id=?
14:19:14,655 DEBUG SQL:104 - 
    select
        datapoint0_.id as id1_,
        datapoint0_.xval as xval1_,
        datapoint0_.yval as yval1_,
        datapoint0_.description as descript4_1_ 
    from
        DataPoint datapoint0_ 
    where
        datapoint0_.description='done!'
14:19:14,655 DEBUG SQL:104 - 
    delete 
    from
        DataPoint
14:19:14,657  INFO CustomRunner:139 - Test: testReadOnlyOnProxies
14:19:14,663 DEBUG SQL:104 - 
    insert 
    into
        DataPoint
        (xval, yval, description, id) 
    values
        (?, ?, ?, ?)
14:19:14,664 DEBUG SQL:104 - 
    select
        datapoint0_.id as id1_0_,
        datapoint0_.xval as xval1_0_,
        datapoint0_.yval as yval1_0_,
        datapoint0_.description as descript4_1_0_ 
    from
        DataPoint datapoint0_ 
    where
        datapoint0_.id=?
14:19:14,664 DEBUG QueryTranslatorImpl:265 - parse() - HQL: from org.hibernate.test.readonly.DataPoint where description = 'changed'
14:19:14,665 DEBUG QueryTranslatorImpl:283 - --- HQL AST ---
 \-[QUERY] Node: 'query'
    +-[SELECT_FROM] Node: 'SELECT_FROM'
    |  \-[FROM] Node: 'from'
    |     \-[RANGE] Node: 'RANGE'
    |        \-[DOT] Node: '.'
    |           +-[DOT] Node: '.'
    |           |  +-[DOT] Node: '.'
    |           |  |  +-[DOT] Node: '.'
    |           |  |  |  +-[IDENT] Node: 'org'
    |           |  |  |  \-[IDENT] Node: 'hibernate'
    |           |  |  \-[IDENT] Node: 'test'
    |           |  \-[IDENT] Node: 'readonly'
    |           \-[IDENT] Node: 'DataPoint'
    \-[WHERE] Node: 'where'
       \-[EQ] Node: '='
          +-[IDENT] Node: 'description'
          \-[QUOTED_STRING] Node: ''changed''

14:19:14,672 DEBUG ErrorCounter:82 - throwQueryException() : no errors
14:19:14,673 DEBUG FromElement:157 - FromClause{level=1} : org.hibernate.test.readonly.DataPoint (<no alias>) -> datapoint0_
14:19:14,673 DEBUG FromReferenceNode:74 - Resolved : {synthetic-alias} -> {synthetic-alias}
14:19:14,673 DEBUG DotNode:599 - getDataType() : description -> org.hibernate.type.StringType@2dc8de40
14:19:14,673 DEBUG FromReferenceNode:74 - Resolved : {synthetic-alias}.description -> datapoint0_.description
14:19:14,673 DEBUG HqlSqlWalker:629 - processQuery() :  ( SELECT ( FromClause{level=1} DataPoint datapoint0_ ) ( where ( = ( datapoint0_.description {synthetic-alias} description ) 'changed' ) ) )
14:19:14,673 DEBUG HqlSqlWalker:869 - Derived SELECT clause created.
14:19:14,674 DEBUG JoinProcessor:175 - Using FROM fragment [DataPoint datapoint0_]
14:19:14,674 DEBUG QueryTranslatorImpl:252 - --- SQL AST ---
 \-[SELECT] QueryNode: 'SELECT'  querySpaces (DataPoint)
    +-[SELECT_CLAUSE] SelectClause: '{derived select clause}'
    |  +-[SELECT_EXPR] SelectExpressionImpl: 'datapoint0_.id as id1_' {FromElement{explicit,not a collection join,not a fetch join,fetch non-lazy properties,classAlias=null,role=null,tableName=DataPoint,tableAlias=datapoint0_,origin=null,columns={,className=org.hibernate.test.readonly.DataPoint}}}
    |  \-[SQL_TOKEN] SqlFragment: 'datapoint0_.xval as xval1_, datapoint0_.yval as yval1_, datapoint0_.description as descript4_1_'
    +-[FROM] FromClause: 'from' FromClause{level=1, fromElementCounter=1, fromElements=1, fromElementByClassAlias=[], fromElementByTableAlias=[datapoint0_], fromElementsByPath=[], collectionJoinFromElementsByPath=[], impliedElements=[]}
    |  \-[FROM_FRAGMENT] FromElement: 'DataPoint datapoint0_' FromElement{explicit,not a collection join,not a fetch join,fetch non-lazy properties,classAlias=null,role=null,tableName=DataPoint,tableAlias=datapoint0_,origin=null,columns={,className=org.hibernate.test.readonly.DataPoint}}
    \-[WHERE] SqlNode: 'where'
       \-[EQ] BinaryLogicOperatorNode: '='
          +-[DOT] DotNode: 'datapoint0_.description' {propertyName=description,dereferenceType=ALL,propertyPath=description,path={synthetic-alias}.description,tableAlias=datapoint0_,className=org.hibernate.test.readonly.DataPoint,classAlias=null}
          |  +-[IDENT] IdentNode: '{synthetic-alias}' {originalText={synthetic-alias}}
          |  \-[IDENT] IdentNode: 'description' {originalText=description}
          \-[QUOTED_STRING] LiteralNode: ''changed''

14:19:14,674 DEBUG ErrorCounter:82 - throwQueryException() : no errors
14:19:14,682 DEBUG QueryTranslatorImpl:235 - HQL: from org.hibernate.test.readonly.DataPoint where description = 'changed'
14:19:14,683 DEBUG QueryTranslatorImpl:236 - SQL: select datapoint0_.id as id1_, datapoint0_.xval as xval1_, datapoint0_.yval as yval1_, datapoint0_.description as descript4_1_ from DataPoint datapoint0_ where datapoint0_.description='changed'
14:19:14,683 DEBUG ErrorCounter:82 - throwQueryException() : no errors
14:19:14,683 DEBUG SQL:104 - 
    select
        datapoint0_.id as id1_,
        datapoint0_.xval as xval1_,
        datapoint0_.yval as yval1_,
        datapoint0_.description as descript4_1_ 
    from
        DataPoint datapoint0_ 
    where
        datapoint0_.description='changed'
14:19:14,683 DEBUG SQL:104 - 
    delete 
    from
        DataPoint
14:19:14,684  INFO CustomRunner:139 - Test: testReadOnlyOnTextType
14:19:14,685 DEBUG SQL:104 - 
    select
        max(id) 
    from
        TextHolder
14:19:14,685 DEBUG SQL:104 - 
    insert 
    into
        TextHolder
        (TXT, id) 
    values
        (?, ?)
14:19:14,693 DEBUG SQL:104 - 
    select
        textholder0_.id as id4_0_,
        textholder0_.TXT as TXT4_0_ 
    from
        TextHolder textholder0_ 
    where
        textholder0_.id=?
14:19:14,694 DEBUG SQL:104 - 
    select
        textholder0_.id as id4_0_,
        textholder0_.TXT as TXT4_0_ 
    from
        TextHolder textholder0_ 
    where
        textholder0_.id=?
14:19:14,694 DEBUG SQL:104 - 
    delete 
    from
        TextHolder 
    where
        id=?
14:19:14,695  INFO CustomRunner:139 - Test: testReadOnlyRefresh
14:19:14,695 DEBUG SQL:104 - 
    insert 
    into
        DataPoint
        (xval, yval, description, id) 
    values
        (?, ?, ?, ?)
14:19:14,704 DEBUG SQL:104 - 
    select
        datapoint0_.id as id1_0_,
        datapoint0_.xval as xval1_0_,
        datapoint0_.yval as yval1_0_,
        datapoint0_.description as descript4_1_0_ 
    from
        DataPoint datapoint0_ 
    where
        datapoint0_.id=?
14:19:14,705 DEBUG SQL:104 - 
    select
        datapoint0_.id as id1_0_,
        datapoint0_.xval as xval1_0_,
        datapoint0_.yval as yval1_0_,
        datapoint0_.description as descript4_1_0_ 
    from
        DataPoint datapoint0_ 
    where
        datapoint0_.id=?
14:19:14,705 DEBUG SQL:104 - 
    select
        datapoint0_.id as id1_0_,
        datapoint0_.xval as xval1_0_,
        datapoint0_.yval as yval1_0_,
        datapoint0_.description as descript4_1_0_ 
    from
        DataPoint datapoint0_ 
    where
        datapoint0_.id=?
14:19:14,706 DEBUG SQL:104 - 
    delete 
    from
        DataPoint 
    where
        id=?
14:19:14,706  INFO CustomRunner:139 - Test: testReadOnlyRefreshDetached
14:19:14,707 DEBUG SQL:104 - 
    insert 
    into
        DataPoint
        (xval, yval, description, id) 
    values
        (?, ?, ?, ?)
14:19:14,707 DEBUG SQL:104 - 
    select
        datapoint0_.id as id1_0_,
        datapoint0_.xval as xval1_0_,
        datapoint0_.yval as yval1_0_,
        datapoint0_.description as descript4_1_0_ 
    from
        DataPoint datapoint0_ 
    where
        datapoint0_.id=?
14:19:14,708 DEBUG SQL:104 - 
    select
        datapoint0_.id as id1_0_,
        datapoint0_.xval as xval1_0_,
        datapoint0_.yval as yval1_0_,
        datapoint0_.description as descript4_1_0_ 
    from
        DataPoint datapoint0_ 
    where
        datapoint0_.id=?
14:19:14,719 DEBUG SQL:104 - 
    select
        datapoint0_.id as id1_0_,
        datapoint0_.xval as xval1_0_,
        datapoint0_.yval as yval1_0_,
        datapoint0_.description as descript4_1_0_ 
    from
        DataPoint datapoint0_ 
    where
        datapoint0_.id=?
14:19:14,720 DEBUG SQL:104 - 
    delete 
    from
        DataPoint 
    where
        id=?
14:19:14,720  INFO CustomRunner:139 - Test: testSaveReadOnlyModifyInSaveTransaction
14:19:14,721 DEBUG SQL:104 - 
    insert 
    into
        DataPoint
        (xval, yval, description, id) 
    values
        (?, ?, ?, ?)
14:19:14,730 DEBUG SQL:104 - 
    select
        datapoint0_.id as id1_0_,
        datapoint0_.xval as xval1_0_,
        datapoint0_.yval as yval1_0_,
        datapoint0_.description as descript4_1_0_ 
    from
        DataPoint datapoint0_ 
    where
        datapoint0_.id=?
14:19:14,730 DEBUG SQL:104 - 
    select
        datapoint0_.id as id1_0_,
        datapoint0_.xval as xval1_0_,
        datapoint0_.yval as yval1_0_,
        datapoint0_.description as descript4_1_0_ 
    from
        DataPoint datapoint0_ 
    where
        datapoint0_.id=?
14:19:14,730 DEBUG SQL:104 - 
    select
        datapoint0_.id as id1_0_,
        datapoint0_.xval as xval1_0_,
        datapoint0_.yval as yval1_0_,
        datapoint0_.description as descript4_1_0_ 
    from
        DataPoint datapoint0_ 
    where
        datapoint0_.id=?
14:19:14,731 DEBUG SQL:104 - 
    delete 
    from
        DataPoint 
    where
        id=?
14:19:14,731  INFO SchemaExport:343 - HHH000227: Running hbm2ddl schema export
14:19:14,732 DEBUG SchemaExport:353 - Import file not found: /import.sql
14:19:14,732 DEBUG SQL:104 - 
    alter table Container 
        drop constraint FK5EF36C61AEAEA601
14:19:14,754 DEBUG SQL:104 - 
    alter table Container 
        drop constraint FK5EF36C61FA906BFF
14:19:14,754 DEBUG SQL:104 - 
    alter table Container 
        drop constraint FK5EF36C61A9E14337
14:19:14,754 DEBUG SQL:104 - 
    alter table Container 
        drop constraint FK5EF36C61A7253163
14:19:14,754 DEBUG SQL:104 - 
    alter table Container 
        drop constraint FK5EF36C611DA4C2A5
14:19:14,755 DEBUG SQL:104 - 
    alter table Container 
        drop constraint FK5EF36C61CE2A006D
14:19:14,755 DEBUG SQL:104 - 
    alter table DataPoint 
        drop constraint FK60F3CFE6258C9255
14:19:14,755 DEBUG SQL:104 - 
    alter table DataPoint 
        drop constraint FK60F3CFE6D520B9AC
14:19:14,755 DEBUG SQL:104 - 
    alter table DataPoint 
        drop constraint FK60F3CFE6B5A9F7E
14:19:14,755 DEBUG SQL:104 - 
    drop table Container if exists
14:19:14,756 DEBUG SQL:104 - 
    drop table DataPoint if exists
14:19:14,756 DEBUG SQL:104 - 
    drop table Info if exists
14:19:14,756 DEBUG SQL:104 - 
    drop table Owner if exists
14:19:14,765 DEBUG SQL:104 - 
    drop table TextHolder if exists
14:19:14,765  INFO SchemaExport:405 - HHH000230: Schema export complete
14:19:14,766  INFO DriverManagerConnectionProviderImpl:162 - HHH000030: Cleaning up connection pool [jdbc:h2:mem:db1;DB_CLOSE_DELAY=-1;MVCC=TRUE]
]]></system-out>
  <system-err><![CDATA[]]></system-err>
</testsuite>
