<?xml version="1.0" encoding="UTF-8"?>
<testsuite errors="0" failures="0" hostname="dhcp-10.15.208.168.stl.redhat.com" name="org.hibernate.id.LongHolderTest" tests="2" time="0.008" timestamp="2013-02-28T20:09:53">
  <properties />
  <testcase classname="org.hibernate.id.LongHolderTest" name="testBasicHiloAlgorithm" time="0.002" />
  <testcase classname="org.hibernate.id.LongHolderTest" name="testInitializationChecking" time="0.001" />
  <system-out><![CDATA[14:09:53,455  INFO CustomRunner:132 - BeforeClass: org.hibernate.id.LongHolderTest
14:09:53,455  INFO CustomRunner:139 - Test: testBasicHiloAlgorithm
14:09:53,458  INFO CustomRunner:139 - Test: testInitializationChecking
]]></system-out>
  <system-err><![CDATA[]]></system-err>
</testsuite>
