<?xml version="1.0" encoding="UTF-8"?>
<testsuite errors="0" failures="0" hostname="dhcp-10.15.208.168.stl.redhat.com" name="org.hibernate.metamodel.source.annotations.xml.mocker.PersistenceMetadataMockerTest" tests="1" time="0.203" timestamp="2013-02-28T20:10:03">
  <properties />
  <testcase classname="org.hibernate.metamodel.source.annotations.xml.mocker.PersistenceMetadataMockerTest" name="testPersistenceMetadata" time="0.2" />
  <system-out><![CDATA[]]></system-out>
  <system-err><![CDATA[]]></system-err>
</testsuite>
