<?xml version="1.0" encoding="UTF-8"?>
<testsuite errors="0" failures="0" hostname="dhcp-10.15.208.168.stl.redhat.com" name="org.hibernate.id.BigIntegerHolderTest" tests="2" time="0.01" timestamp="2013-02-28T20:09:53">
  <properties />
  <testcase classname="org.hibernate.id.BigIntegerHolderTest" name="testBasicHiloAlgorithm" time="0.003" />
  <testcase classname="org.hibernate.id.BigIntegerHolderTest" name="testInitializationChecking" time="0.004" />
  <system-out><![CDATA[14:09:53,442  INFO CustomRunner:132 - BeforeClass: org.hibernate.id.BigIntegerHolderTest
14:09:53,443  INFO CustomRunner:139 - Test: testBasicHiloAlgorithm
14:09:53,446  INFO CustomRunner:139 - Test: testInitializationChecking
]]></system-out>
  <system-err><![CDATA[]]></system-err>
</testsuite>
