<?xml version="1.0" encoding="UTF-8"?>
<testsuite errors="0" failures="0" hostname="dhcp-10.15.208.168.stl.redhat.com" name="org.hibernate.test.lob.MaterializedClobTest" tests="1" time="0.119" timestamp="2013-02-28T20:17:05">
  <properties />
  <testcase classname="org.hibernate.test.lob.MaterializedClobTest" name="testBoundedLongStringAccess" time="0.012" />
  <system-out><![CDATA[14:17:05,656  INFO CustomRunner:132 - BeforeClass: org.hibernate.test.lob.MaterializedClobTest
14:17:05,657  INFO Configuration:706 - HHH000221: Reading mappings from resource: org/hibernate/test/lob/MaterializedClobMappings.hbm.xml
14:17:05,677  INFO DriverManagerConnectionProviderImpl:99 - HHH000402: Using Hibernate built-in connection pool (not for production use!)
14:17:05,677  INFO DriverManagerConnectionProviderImpl:135 - HHH000115: Hibernate connection pool size: 5
14:17:05,677  INFO DriverManagerConnectionProviderImpl:138 - HHH000006: Autocommit mode: false
14:17:05,678  INFO DriverManagerConnectionProviderImpl:153 - HHH000401: using driver [org.h2.Driver] at URL [jdbc:h2:mem:db1;DB_CLOSE_DELAY=-1;MVCC=TRUE]
14:17:05,678  INFO DriverManagerConnectionProviderImpl:158 - HHH000046: Connection properties: {user=sa}
14:17:05,680  INFO Dialect:103 - HHH000400: Using dialect: org.hibernate.dialect.H2Dialect
14:17:05,683  INFO LobCreatorBuilder:94 - HHH000423: Disabling contextual LOB creation as JDBC driver reported JDBC version [3] less than 4
14:17:05,684  INFO TransactionFactoryInitiator:66 - HHH000399: Using default transaction strategy (direct JDBC transactions)
14:17:05,685  INFO ASTQueryTranslatorFactory:48 - HHH000397: Using ASTQueryTranslatorFactory
14:17:05,685  WARN CachingRegionFactory:58 - CachingRegionFactory should be only used for testing.
14:17:05,752  INFO SchemaExport:343 - HHH000227: Running hbm2ddl schema export
14:17:05,753 DEBUG SchemaExport:353 - Import file not found: /import.sql
14:17:05,753 DEBUG SQL:104 - 
    drop table LOB_ENTITY_MAT_CLOB if exists
14:17:05,754 DEBUG SQL:104 - 
    create table LOB_ENTITY_MAT_CLOB (
        ID bigint not null,
        LONG_STR clob,
        primary key (ID)
    )
14:17:05,754  INFO SchemaExport:405 - HHH000230: Schema export complete
14:17:05,755  WARN SessionFactoryImpl:1554 - HHH000008: JTASessionContext being used with JDBCTransactionFactory; auto-flush will not operate correctly with getCurrentSession()
14:17:05,755  INFO CustomRunner:139 - Test: testBoundedLongStringAccess
14:17:05,757 DEBUG SQL:104 - 
    select
        max(ID) 
    from
        LOB_ENTITY_MAT_CLOB
14:17:05,759 DEBUG SQL:104 - 
    insert 
    into
        LOB_ENTITY_MAT_CLOB
        (LONG_STR, ID) 
    values
        (?, ?)
14:17:05,759 DEBUG SQL:104 - 
    select
        longstring0_.ID as ID0_0_,
        longstring0_.LONG_STR as LONG2_0_0_ 
    from
        LOB_ENTITY_MAT_CLOB longstring0_ 
    where
        longstring0_.ID=?
14:17:05,760 DEBUG SQL:104 - 
    update
        LOB_ENTITY_MAT_CLOB 
    set
        LONG_STR=? 
    where
        ID=?
14:17:05,760 DEBUG SQL:104 - 
    select
        longstring0_.ID as ID0_0_,
        longstring0_.LONG_STR as LONG2_0_0_ 
    from
        LOB_ENTITY_MAT_CLOB longstring0_ 
    where
        longstring0_.ID=?
14:17:05,761 DEBUG SQL:104 - 
    update
        LOB_ENTITY_MAT_CLOB 
    set
        LONG_STR=? 
    where
        ID=?
14:17:05,761 DEBUG SQL:104 - 
    select
        longstring0_.ID as ID0_0_,
        longstring0_.LONG_STR as LONG2_0_0_ 
    from
        LOB_ENTITY_MAT_CLOB longstring0_ 
    where
        longstring0_.ID=?
14:17:05,762 DEBUG SQL:104 - 
    update
        LOB_ENTITY_MAT_CLOB 
    set
        LONG_STR=? 
    where
        ID=?
14:17:05,762 DEBUG SQL:104 - 
    select
        longstring0_.ID as ID0_0_,
        longstring0_.LONG_STR as LONG2_0_0_ 
    from
        LOB_ENTITY_MAT_CLOB longstring0_ 
    where
        longstring0_.ID=?
14:17:05,763 DEBUG SQL:104 - 
    update
        LOB_ENTITY_MAT_CLOB 
    set
        LONG_STR=? 
    where
        ID=?
14:17:05,764 DEBUG SQL:104 - 
    select
        longstring0_.ID as ID0_0_,
        longstring0_.LONG_STR as LONG2_0_0_ 
    from
        LOB_ENTITY_MAT_CLOB longstring0_ 
    where
        longstring0_.ID=?
14:17:05,764 DEBUG SQL:104 - 
    delete 
    from
        LOB_ENTITY_MAT_CLOB 
    where
        ID=?
14:17:05,769  INFO SchemaExport:343 - HHH000227: Running hbm2ddl schema export
14:17:05,771 DEBUG SchemaExport:353 - Import file not found: /import.sql
14:17:05,771 DEBUG SQL:104 - 
    drop table LOB_ENTITY_MAT_CLOB if exists
14:17:05,771  INFO SchemaExport:405 - HHH000230: Schema export complete
14:17:05,771  INFO DriverManagerConnectionProviderImpl:162 - HHH000030: Cleaning up connection pool [jdbc:h2:mem:db1;DB_CLOSE_DELAY=-1;MVCC=TRUE]
]]></system-out>
  <system-err><![CDATA[]]></system-err>
</testsuite>
