<?xml version="1.0" encoding="UTF-8"?>
<testsuite errors="0" failures="0" hostname="dhcp-10.15.208.168.stl.redhat.com" name="org.hibernate.metamodel.source.annotations.entity.QuotedIdentifierTest" tests="1" time="0.539" timestamp="2013-02-28T20:09:59">
  <properties />
  <testcase classname="org.hibernate.metamodel.source.annotations.entity.QuotedIdentifierTest" name="testDelimitedIdentifiers" time="0.537" />
  <system-out><![CDATA[14:09:59,518  INFO CustomRunner:132 - BeforeClass: org.hibernate.metamodel.source.annotations.entity.QuotedIdentifierTest
14:09:59,518  INFO CustomRunner:139 - Test: testDelimitedIdentifiers
14:09:59,990  INFO DriverManagerConnectionProviderImpl:99 - HHH000402: Using Hibernate built-in connection pool (not for production use!)
14:09:59,991  INFO DriverManagerConnectionProviderImpl:135 - HHH000115: Hibernate connection pool size: 5
14:09:59,991  INFO DriverManagerConnectionProviderImpl:138 - HHH000006: Autocommit mode: false
14:09:59,993  INFO DriverManagerConnectionProviderImpl:153 - HHH000401: using driver [org.h2.Driver] at URL [jdbc:h2:mem:db1;DB_CLOSE_DELAY=-1;MVCC=TRUE]
14:09:59,993  INFO DriverManagerConnectionProviderImpl:158 - HHH000046: Connection properties: {user=sa}
14:09:59,996  INFO Dialect:103 - HHH000400: Using dialect: org.hibernate.dialect.H2Dialect
14:09:59,997  INFO LobCreatorBuilder:94 - HHH000423: Disabling contextual LOB creation as JDBC driver reported JDBC version [3] less than 4
14:10:00,049  WARN CachingRegionFactory:53 - CachingRegionFactory should be only used for testing.
]]></system-out>
  <system-err><![CDATA[]]></system-err>
</testsuite>
