<?xml version="1.0" encoding="UTF-8"?>
<testsuite errors="0" failures="0" hostname="dhcp-10.15.208.168.stl.redhat.com" name="org.hibernate.test.id.uuid.strategy.CustomStrategyTest" tests="1" time="0.099" timestamp="2013-02-28T20:14:00">
  <properties />
  <testcase classname="org.hibernate.test.id.uuid.strategy.CustomStrategyTest" name="testUsage" time="0.005" />
  <system-out><![CDATA[14:14:01,001  INFO CustomRunner:132 - BeforeClass: org.hibernate.test.id.uuid.strategy.CustomStrategyTest
14:14:01,004  INFO Configuration:706 - HHH000221: Reading mappings from resource: org/hibernate/test/id/uuid/strategy/Node.hbm.xml
14:14:01,051  INFO DriverManagerConnectionProviderImpl:99 - HHH000402: Using Hibernate built-in connection pool (not for production use!)
14:14:01,051  INFO DriverManagerConnectionProviderImpl:135 - HHH000115: Hibernate connection pool size: 5
14:14:01,052  INFO DriverManagerConnectionProviderImpl:138 - HHH000006: Autocommit mode: false
14:14:01,052  INFO DriverManagerConnectionProviderImpl:153 - HHH000401: using driver [org.h2.Driver] at URL [jdbc:h2:mem:db1;DB_CLOSE_DELAY=-1;MVCC=TRUE]
14:14:01,052  INFO DriverManagerConnectionProviderImpl:158 - HHH000046: Connection properties: {user=sa}
14:14:01,054  INFO Dialect:103 - HHH000400: Using dialect: org.hibernate.dialect.H2Dialect
14:14:01,054  INFO LobCreatorBuilder:94 - HHH000423: Disabling contextual LOB creation as JDBC driver reported JDBC version [3] less than 4
14:14:01,056  INFO TransactionFactoryInitiator:66 - HHH000399: Using default transaction strategy (direct JDBC transactions)
14:14:01,056  INFO ASTQueryTranslatorFactory:48 - HHH000397: Using ASTQueryTranslatorFactory
14:14:01,056  WARN CachingRegionFactory:58 - CachingRegionFactory should be only used for testing.
14:14:01,066  INFO SchemaExport:343 - HHH000227: Running hbm2ddl schema export
14:14:01,067 DEBUG SchemaExport:353 - Import file not found: /import.sql
14:14:01,067 DEBUG SQL:104 - 
    drop table Node if exists
14:14:01,067 DEBUG SQL:104 - 
    create table Node (
        id binary not null,
        name varchar(255),
        primary key (id)
    )
14:14:01,067  INFO SchemaExport:405 - HHH000230: Schema export complete
14:14:01,068  WARN SessionFactoryImpl:1554 - HHH000008: JTASessionContext being used with JDBCTransactionFactory; auto-flush will not operate correctly with getCurrentSession()
14:14:01,068  INFO CustomRunner:139 - Test: testUsage
14:14:01,071 DEBUG SQL:104 - 
    insert 
    into
        Node
        (name, id) 
    values
        (?, ?)
14:14:01,072 DEBUG SQL:104 - 
    delete 
    from
        Node 
    where
        id=?
14:14:01,073  INFO SchemaExport:343 - HHH000227: Running hbm2ddl schema export
14:14:01,074 DEBUG SchemaExport:353 - Import file not found: /import.sql
14:14:01,074 DEBUG SQL:104 - 
    drop table Node if exists
14:14:01,074  INFO SchemaExport:405 - HHH000230: Schema export complete
14:14:01,074  INFO DriverManagerConnectionProviderImpl:162 - HHH000030: Cleaning up connection pool [jdbc:h2:mem:db1;DB_CLOSE_DELAY=-1;MVCC=TRUE]
]]></system-out>
  <system-err><![CDATA[]]></system-err>
</testsuite>
