<?xml version="1.0" encoding="UTF-8"?>
<testsuite errors="0" failures="0" hostname="dhcp-10.15.208.168.stl.redhat.com" name="org.hibernate.test.extralazy.ExtraLazyTest" tests="5" time="0.517" timestamp="2013-02-28T20:12:26">
  <properties />
  <testcase classname="org.hibernate.test.extralazy.ExtraLazyTest" name="testGet" time="0.09" />
  <testcase classname="org.hibernate.test.extralazy.ExtraLazyTest" name="testIndexFormulaMap" time="0.148" />
  <testcase classname="org.hibernate.test.extralazy.ExtraLazyTest" name="testOrphanDelete" time="0.056" />
  <testcase classname="org.hibernate.test.extralazy.ExtraLazyTest" name="testRemoveClear" time="0.104" />
  <testcase classname="org.hibernate.test.extralazy.ExtraLazyTest" name="testSQLQuery" time="0.054" />
  <system-out><![CDATA[14:12:26,035  INFO CustomRunner:132 - BeforeClass: org.hibernate.test.extralazy.ExtraLazyTest
14:12:26,036  INFO Configuration:706 - HHH000221: Reading mappings from resource: org/hibernate/test/extralazy/UserGroup.hbm.xml
14:12:26,056  INFO DriverManagerConnectionProviderImpl:99 - HHH000402: Using Hibernate built-in connection pool (not for production use!)
14:12:26,057  INFO DriverManagerConnectionProviderImpl:135 - HHH000115: Hibernate connection pool size: 5
14:12:26,057  INFO DriverManagerConnectionProviderImpl:138 - HHH000006: Autocommit mode: false
14:12:26,057  INFO DriverManagerConnectionProviderImpl:153 - HHH000401: using driver [org.h2.Driver] at URL [jdbc:h2:mem:db1;DB_CLOSE_DELAY=-1;MVCC=TRUE]
14:12:26,058  INFO DriverManagerConnectionProviderImpl:158 - HHH000046: Connection properties: {user=sa}
14:12:26,059  INFO Dialect:103 - HHH000400: Using dialect: org.hibernate.dialect.H2Dialect
14:12:26,059  INFO LobCreatorBuilder:94 - HHH000423: Disabling contextual LOB creation as JDBC driver reported JDBC version [3] less than 4
14:12:26,060  INFO TransactionFactoryInitiator:66 - HHH000399: Using default transaction strategy (direct JDBC transactions)
14:12:26,060  INFO ASTQueryTranslatorFactory:48 - HHH000397: Using ASTQueryTranslatorFactory
14:12:26,060  WARN CachingRegionFactory:58 - CachingRegionFactory should be only used for testing.
14:12:26,074  INFO SchemaExport:343 - HHH000227: Running hbm2ddl schema export
14:12:26,074 DEBUG SchemaExport:353 - Import file not found: /import.sql
14:12:26,075 DEBUG SQL:104 - 
    alter table documents 
        drop constraint FK383D52B858C0FA7E
14:12:26,075 ERROR SchemaExport:425 - HHH000389: Unsuccessful: alter table documents drop constraint FK383D52B858C0FA7E
14:12:26,075 ERROR SchemaExport:426 - Table "DOCUMENTS" not found; SQL statement:

    alter table documents 
        drop constraint FK383D52B858C0FA7E [42102-145]
14:12:26,075 DEBUG SQL:104 - 
    alter table group_user 
        drop constraint FK4C71E58B7AEC6B2B
14:12:26,075 ERROR SchemaExport:425 - HHH000389: Unsuccessful: alter table group_user drop constraint FK4C71E58B7AEC6B2B
14:12:26,075 ERROR SchemaExport:426 - Table "GROUP_USER" not found; SQL statement:

    alter table group_user 
        drop constraint FK4C71E58B7AEC6B2B [42102-145]
14:12:26,075 DEBUG SQL:104 - 
    alter table group_user 
        drop constraint FK4C71E58BA2157409
14:12:26,076 ERROR SchemaExport:425 - HHH000389: Unsuccessful: alter table group_user drop constraint FK4C71E58BA2157409
14:12:26,076 ERROR SchemaExport:426 - Table "GROUP_USER" not found; SQL statement:

    alter table group_user 
        drop constraint FK4C71E58BA2157409 [42102-145]
14:12:26,076 DEBUG SQL:104 - 
    alter table session_attributes 
        drop constraint FK88CD22A0429690A1
14:12:26,076 ERROR SchemaExport:425 - HHH000389: Unsuccessful: alter table session_attributes drop constraint FK88CD22A0429690A1
14:12:26,076 ERROR SchemaExport:426 - Table "SESSION_ATTRIBUTES" not found; SQL statement:

    alter table session_attributes 
        drop constraint FK88CD22A0429690A1 [42102-145]
14:12:26,076 DEBUG SQL:104 - 
    drop table documents if exists
14:12:26,076 DEBUG SQL:104 - 
    drop table group_user if exists
14:12:26,076 DEBUG SQL:104 - 
    drop table groups if exists
14:12:26,077 DEBUG SQL:104 - 
    drop table session_attributes if exists
14:12:26,077 DEBUG SQL:104 - 
    drop table users if exists
14:12:26,077 DEBUG SQL:104 - 
    create table documents (
        title varchar(255) not null,
        content longvarchar,
        owner varchar(255) not null,
        primary key (title)
    )
14:12:26,077 DEBUG SQL:104 - 
    create table group_user (
        groupName varchar(255) not null,
        personName varchar(255) not null,
        primary key (groupName, personName)
    )
14:12:26,078 DEBUG SQL:104 - 
    create table groups (
        name varchar(255) not null,
        primary key (name)
    )
14:12:26,078 DEBUG SQL:104 - 
    create table session_attributes (
        id bigint generated by default as identity,
        name varchar(255) not null,
        stringData varchar(255),
        objectData binary(255),
        userName varchar(255) not null,
        primary key (id)
    )
14:12:26,078 DEBUG SQL:104 - 
    create table users (
        name varchar(255) not null,
        password varchar(255),
        primary key (name)
    )
14:12:26,078 DEBUG SQL:104 - 
    alter table documents 
        add constraint FK383D52B858C0FA7E 
        foreign key (owner) 
        references users
14:12:26,079 DEBUG SQL:104 - 
    alter table group_user 
        add constraint FK4C71E58B7AEC6B2B 
        foreign key (personName) 
        references users
14:12:26,079 DEBUG SQL:104 - 
    alter table group_user 
        add constraint FK4C71E58BA2157409 
        foreign key (groupName) 
        references groups
14:12:26,080 DEBUG SQL:104 - 
    alter table session_attributes 
        add constraint FK88CD22A0429690A1 
        foreign key (userName) 
        references users
14:12:26,080  INFO SchemaExport:405 - HHH000230: Schema export complete
14:12:26,081  WARN SessionFactoryImpl:1554 - HHH000008: JTASessionContext being used with JDBCTransactionFactory; auto-flush will not operate correctly with getCurrentSession()
14:12:26,082  INFO CustomRunner:139 - Test: testGet
14:12:26,084 DEBUG SQL:104 - 
    insert 
    into
        groups
        (name) 
    values
        (?)
14:12:26,085 DEBUG SQL:104 - 
    insert 
    into
        users
        (password, name) 
    values
        (?, ?)
14:12:26,085 DEBUG SQL:104 - 
    insert 
    into
        users
        (password, name) 
    values
        (?, ?)
14:12:26,085 DEBUG SQL:104 - 
    insert 
    into
        session_attributes
        (id, stringData, objectData, userName, name) 
    values
        (null, ?, ?, ?, ?)
14:12:26,086 DEBUG SQL:104 - 
    insert 
    into
        session_attributes
        (id, stringData, objectData, userName, name) 
    values
        (null, ?, ?, ?, ?)
14:12:26,086 DEBUG SQL:104 - 
    insert 
    into
        group_user
        (groupName, personName) 
    values
        (?, ?)
14:12:26,087 DEBUG SQL:104 - 
    insert 
    into
        group_user
        (groupName, personName) 
    values
        (?, ?)
14:12:26,087 DEBUG SQL:104 - 
    update
        session_attributes 
    set
        userName=?,
        name=? 
    where
        id=?
14:12:26,087 DEBUG SQL:104 - 
    update
        session_attributes 
    set
        userName=?,
        name=? 
    where
        id=?
14:12:26,087 DEBUG SQL:104 - 
    select
        group0_.name as name2_0_ 
    from
        groups group0_ 
    where
        group0_.name=?
14:12:26,088 DEBUG SQL:104 - 
    select
        personName as personName1_,
        lower(personName) as formula48_ 
    from
        group_user 
    where
        groupName =? 
        and lower(personName) =?
14:12:26,098 DEBUG SQL:104 - 
    select
        user0_.name as name4_0_,
        user0_.password as password4_0_ 
    from
        users user0_ 
    where
        user0_.name=?
14:12:26,099 DEBUG SQL:104 - 
    select
        personName as personName1_,
        lower(personName) as formula48_ 
    from
        group_user 
    where
        groupName =? 
        and lower(personName) =?
14:12:26,099 DEBUG SQL:104 - 
    select
        user0_.name as name4_0_,
        user0_.password as password4_0_ 
    from
        users user0_ 
    where
        user0_.name=?
14:12:26,124 DEBUG SQL:104 - 
    select
        personName as personName1_,
        lower(personName) as formula48_ 
    from
        group_user 
    where
        groupName =? 
        and lower(personName) =?
14:12:26,140 DEBUG SQL:104 - 
    select
        sessionatt0_.id as id3_0_,
        sessionatt0_.name as name3_0_,
        sessionatt0_.stringData as stringData3_0_,
        sessionatt0_.objectData as objectData3_0_ 
    from
        session_attributes sessionatt0_ 
    where
        sessionatt0_.userName=? 
        and sessionatt0_.name=?
14:12:26,142 DEBUG SQL:104 - 
    select
        sessionatt0_.id as id3_0_,
        sessionatt0_.name as name3_0_,
        sessionatt0_.stringData as stringData3_0_,
        sessionatt0_.objectData as objectData3_0_ 
    from
        session_attributes sessionatt0_ 
    where
        sessionatt0_.userName=? 
        and sessionatt0_.name=?
14:12:26,142 DEBUG SQL:104 - 
    select
        session0_.userName as userName4_1_,
        session0_.id as id3_1_,
        session0_.name as name1_,
        session0_.id as id3_0_,
        session0_.name as name3_0_,
        session0_.stringData as stringData3_0_,
        session0_.objectData as objectData3_0_ 
    from
        session_attributes session0_ 
    where
        session0_.userName=?
14:12:26,143 DEBUG SQL:104 - 
    select
        documents0_.owner as owner4_1_,
        documents0_.title as title0_1_,
        documents0_.title as title0_0_,
        documents0_.content as content0_0_,
        documents0_.owner as owner0_0_ 
    from
        documents documents0_ 
    where
        documents0_.owner=?
14:12:26,143 DEBUG SQL:104 - 
    select
        session0_.userName as userName4_1_,
        session0_.id as id3_1_,
        session0_.name as name1_,
        session0_.id as id3_0_,
        session0_.name as name3_0_,
        session0_.stringData as stringData3_0_,
        session0_.objectData as objectData3_0_ 
    from
        session_attributes session0_ 
    where
        session0_.userName=?
14:12:26,144 DEBUG SQL:104 - 
    select
        documents0_.owner as owner4_1_,
        documents0_.title as title0_1_,
        documents0_.title as title0_0_,
        documents0_.content as content0_0_,
        documents0_.owner as owner0_0_ 
    from
        documents documents0_ 
    where
        documents0_.owner=?
14:12:26,162 DEBUG SQL:104 - 
    delete 
    from
        group_user 
    where
        groupName=?
14:12:26,162 DEBUG SQL:104 - 
    delete 
    from
        session_attributes 
    where
        id=?
14:12:26,162 DEBUG SQL:104 - 
    delete 
    from
        session_attributes 
    where
        id=?
14:12:26,162 DEBUG SQL:104 - 
    delete 
    from
        users 
    where
        name=?
14:12:26,163 DEBUG SQL:104 - 
    delete 
    from
        users 
    where
        name=?
14:12:26,172 DEBUG SQL:104 - 
    delete 
    from
        groups 
    where
        name=?
14:12:26,173  INFO CustomRunner:139 - Test: testIndexFormulaMap
14:12:26,174 DEBUG SQL:104 - 
    insert 
    into
        groups
        (name) 
    values
        (?)
14:12:26,175 DEBUG SQL:104 - 
    insert 
    into
        users
        (password, name) 
    values
        (?, ?)
14:12:26,175 DEBUG SQL:104 - 
    insert 
    into
        users
        (password, name) 
    values
        (?, ?)
14:12:26,183 DEBUG SQL:104 - 
    insert 
    into
        session_attributes
        (id, stringData, objectData, userName, name) 
    values
        (null, ?, ?, ?, ?)
14:12:26,183 DEBUG SQL:104 - 
    insert 
    into
        session_attributes
        (id, stringData, objectData, userName, name) 
    values
        (null, ?, ?, ?, ?)
14:12:26,184 DEBUG SQL:104 - 
    insert 
    into
        group_user
        (groupName, personName) 
    values
        (?, ?)
14:12:26,184 DEBUG SQL:104 - 
    insert 
    into
        group_user
        (groupName, personName) 
    values
        (?, ?)
14:12:26,198 DEBUG SQL:104 - 
    update
        session_attributes 
    set
        userName=?,
        name=? 
    where
        id=?
14:12:26,199 DEBUG SQL:104 - 
    update
        session_attributes 
    set
        userName=?,
        name=? 
    where
        id=?
14:12:26,199 DEBUG SQL:104 - 
    select
        group0_.name as name2_0_ 
    from
        groups group0_ 
    where
        group0_.name=?
14:12:26,200 DEBUG SQL:104 - 
    select
        count(personName) 
    from
        group_user 
    where
        groupName =?
14:12:26,212 DEBUG SQL:104 - 
    select
        users0_.groupName as groupName2_1_,
        users0_.personName as personName1_1_,
        lower(users0_.personName) as formula48_1_,
        user1_.name as name4_0_,
        user1_.password as password4_0_ 
    from
        group_user users0_ 
    inner join
        users user1_ 
            on users0_.personName=user1_.name 
    where
        users0_.groupName=?
14:12:26,213 DEBUG SQL:104 - 
    select
        count(id) 
    from
        session_attributes 
    where
        userName =?
14:12:26,213 DEBUG SQL:104 - 
    select
        session0_.userName as userName4_1_,
        session0_.id as id3_1_,
        session0_.name as name1_,
        session0_.id as id3_0_,
        session0_.name as name3_0_,
        session0_.stringData as stringData3_0_,
        session0_.objectData as objectData3_0_ 
    from
        session_attributes session0_ 
    where
        session0_.userName=?
14:12:26,224 DEBUG SQL:104 - 
    delete 
    from
        group_user 
    where
        groupName=? 
        and personName=?
14:12:26,225 DEBUG SQL:104 - 
    delete 
    from
        session_attributes 
    where
        id=?
14:12:26,225 DEBUG SQL:104 - 
    select
        group0_.name as name2_0_ 
    from
        groups group0_ 
    where
        group0_.name=?
14:12:26,225 DEBUG SQL:104 - 
    select
        count(personName) 
    from
        group_user 
    where
        groupName =?
14:12:26,226 DEBUG SQL:104 - 
    select
        personName as personName1_,
        lower(personName) as formula48_ 
    from
        group_user 
    where
        groupName =? 
        and lower(personName) =?
14:12:26,226 DEBUG SQL:104 - 
    select
        user0_.name as name4_0_,
        user0_.password as password4_0_ 
    from
        users user0_ 
    where
        user0_.name=?
14:12:26,226 DEBUG SQL:104 - 
    select
        count(id) 
    from
        session_attributes 
    where
        userName =?
14:12:26,226 DEBUG SQL:104 - 
    select
        users0_.groupName as groupName2_1_,
        users0_.personName as personName1_1_,
        lower(users0_.personName) as formula48_1_,
        user1_.name as name4_0_,
        user1_.password as password4_0_ 
    from
        group_user users0_ 
    inner join
        users user1_ 
            on users0_.personName=user1_.name 
    where
        users0_.groupName=?
14:12:26,242 DEBUG SQL:104 - 
    select
        session0_.userName as userName4_1_,
        session0_.id as id3_1_,
        session0_.name as name1_,
        session0_.id as id3_0_,
        session0_.name as name3_0_,
        session0_.stringData as stringData3_0_,
        session0_.objectData as objectData3_0_ 
    from
        session_attributes session0_ 
    where
        session0_.userName=?
14:12:26,243 DEBUG SQL:104 - 
    select
        documents0_.owner as owner4_1_,
        documents0_.title as title0_1_,
        documents0_.title as title0_0_,
        documents0_.content as content0_0_,
        documents0_.owner as owner0_0_ 
    from
        documents documents0_ 
    where
        documents0_.owner=?
14:12:26,247 DEBUG QueryTranslatorImpl:265 - parse() - HQL: select count(*) from org.hibernate.test.extralazy.SessionAttribute
14:12:26,248 DEBUG QueryTranslatorImpl:283 - --- HQL AST ---
 \-[QUERY] Node: 'query'
    \-[SELECT_FROM] Node: 'SELECT_FROM'
       +-[FROM] Node: 'from'
       |  \-[RANGE] Node: 'RANGE'
       |     \-[DOT] Node: '.'
       |        +-[DOT] Node: '.'
       |        |  +-[DOT] Node: '.'
       |        |  |  +-[DOT] Node: '.'
       |        |  |  |  +-[IDENT] Node: 'org'
       |        |  |  |  \-[IDENT] Node: 'hibernate'
       |        |  |  \-[IDENT] Node: 'test'
       |        |  \-[IDENT] Node: 'extralazy'
       |        \-[IDENT] Node: 'SessionAttribute'
       \-[SELECT] Node: 'select'
          \-[COUNT] Node: 'count'
             \-[ROW_STAR] Node: '*'

14:12:26,248 DEBUG ErrorCounter:82 - throwQueryException() : no errors
14:12:26,248 DEBUG FromElement:157 - FromClause{level=1} : org.hibernate.test.extralazy.SessionAttribute (<no alias>) -> sessionatt0_
14:12:26,249 DEBUG HqlSqlWalker:629 - processQuery() :  ( SELECT ( {select clause} ( count * ) ) ( FromClause{level=1} session_attributes sessionatt0_ ) )
14:12:26,249 DEBUG JoinProcessor:175 - Using FROM fragment [session_attributes sessionatt0_]
14:12:26,249 DEBUG QueryTranslatorImpl:252 - --- SQL AST ---
 \-[SELECT] QueryNode: 'SELECT'  querySpaces (session_attributes)
    +-[SELECT_CLAUSE] SelectClause: '{select clause}'
    |  +-[COUNT] CountNode: 'count'
    |  |  \-[ROW_STAR] SqlNode: '*'
    |  \-[SELECT_COLUMNS] SqlNode: ' as col_0_0_'
    \-[FROM] FromClause: 'from' FromClause{level=1, fromElementCounter=1, fromElements=1, fromElementByClassAlias=[], fromElementByTableAlias=[sessionatt0_], fromElementsByPath=[], collectionJoinFromElementsByPath=[], impliedElements=[]}
       \-[FROM_FRAGMENT] FromElement: 'session_attributes sessionatt0_' FromElement{explicit,not a collection join,not a fetch join,fetch non-lazy properties,classAlias=null,role=null,tableName=session_attributes,tableAlias=sessionatt0_,origin=null,columns={,className=org.hibernate.test.extralazy.SessionAttribute}}

14:12:26,249 DEBUG ErrorCounter:82 - throwQueryException() : no errors
14:12:26,249 DEBUG QueryTranslatorImpl:235 - HQL: select count(*) from org.hibernate.test.extralazy.SessionAttribute
14:12:26,249 DEBUG QueryTranslatorImpl:236 - SQL: select count(*) as col_0_0_ from session_attributes sessionatt0_
14:12:26,249 DEBUG ErrorCounter:82 - throwQueryException() : no errors
14:12:26,250 DEBUG SQL:104 - 
    update
        group_user 
    set
        personName=? 
    where
        groupName=? 
        and personName=?
14:12:26,270 DEBUG SQL:104 - 
    delete 
    from
        session_attributes 
    where
        id=?
14:12:26,270 DEBUG SQL:104 - 
    delete 
    from
        users 
    where
        name=?
14:12:26,271 DEBUG SQL:104 - 
    select
        count(*) as col_0_0_ 
    from
        session_attributes sessionatt0_
14:12:26,271 DEBUG SQL:104 - 
    select
        group0_.name as name2_0_ 
    from
        groups group0_ 
    where
        group0_.name=?
14:12:26,272 DEBUG SQL:104 - 
    select
        count(personName) 
    from
        group_user 
    where
        groupName =?
14:12:26,280 DEBUG SQL:104 - 
    select
        personName as personName1_,
        lower(personName) as formula48_ 
    from
        group_user 
    where
        groupName =? 
        and lower(personName) =?
14:12:26,280 DEBUG SQL:104 - 
    select
        user0_.name as name4_0_,
        user0_.password as password4_0_ 
    from
        users user0_ 
    where
        user0_.name=?
14:12:26,280 DEBUG SQL:104 - 
    select
        count(id) 
    from
        session_attributes 
    where
        userName =?
14:12:26,281 DEBUG QueryTranslatorImpl:265 - parse() - HQL: select count(*) from org.hibernate.test.extralazy.User
14:12:26,282 DEBUG QueryTranslatorImpl:283 - --- HQL AST ---
 \-[QUERY] Node: 'query'
    \-[SELECT_FROM] Node: 'SELECT_FROM'
       +-[FROM] Node: 'from'
       |  \-[RANGE] Node: 'RANGE'
       |     \-[DOT] Node: '.'
       |        +-[DOT] Node: '.'
       |        |  +-[DOT] Node: '.'
       |        |  |  +-[DOT] Node: '.'
       |        |  |  |  +-[IDENT] Node: 'org'
       |        |  |  |  \-[IDENT] Node: 'hibernate'
       |        |  |  \-[IDENT] Node: 'test'
       |        |  \-[IDENT] Node: 'extralazy'
       |        \-[IDENT] Node: 'User'
       \-[SELECT] Node: 'select'
          \-[COUNT] Node: 'count'
             \-[ROW_STAR] Node: '*'

14:12:26,290 DEBUG ErrorCounter:82 - throwQueryException() : no errors
14:12:26,291 DEBUG FromElement:157 - FromClause{level=1} : org.hibernate.test.extralazy.User (<no alias>) -> user0_
14:12:26,291 DEBUG HqlSqlWalker:629 - processQuery() :  ( SELECT ( {select clause} ( count * ) ) ( FromClause{level=1} users user0_ ) )
14:12:26,291 DEBUG JoinProcessor:175 - Using FROM fragment [users user0_]
14:12:26,291 DEBUG QueryTranslatorImpl:252 - --- SQL AST ---
 \-[SELECT] QueryNode: 'SELECT'  querySpaces (users)
    +-[SELECT_CLAUSE] SelectClause: '{select clause}'
    |  +-[COUNT] CountNode: 'count'
    |  |  \-[ROW_STAR] SqlNode: '*'
    |  \-[SELECT_COLUMNS] SqlNode: ' as col_0_0_'
    \-[FROM] FromClause: 'from' FromClause{level=1, fromElementCounter=1, fromElements=1, fromElementByClassAlias=[], fromElementByTableAlias=[user0_], fromElementsByPath=[], collectionJoinFromElementsByPath=[], impliedElements=[]}
       \-[FROM_FRAGMENT] FromElement: 'users user0_' FromElement{explicit,not a collection join,not a fetch join,fetch non-lazy properties,classAlias=null,role=null,tableName=users,tableAlias=user0_,origin=null,columns={,className=org.hibernate.test.extralazy.User}}

14:12:26,309 DEBUG ErrorCounter:82 - throwQueryException() : no errors
14:12:26,309 DEBUG QueryTranslatorImpl:235 - HQL: select count(*) from org.hibernate.test.extralazy.User
14:12:26,309 DEBUG QueryTranslatorImpl:236 - SQL: select count(*) as col_0_0_ from users user0_
14:12:26,309 DEBUG ErrorCounter:82 - throwQueryException() : no errors
14:12:26,310 DEBUG SQL:104 - 
    select
        count(*) as col_0_0_ 
    from
        users user0_
14:12:26,310 DEBUG SQL:104 - 
    select
        session0_.userName as userName4_1_,
        session0_.id as id3_1_,
        session0_.name as name1_,
        session0_.id as id3_0_,
        session0_.name as name3_0_,
        session0_.stringData as stringData3_0_,
        session0_.objectData as objectData3_0_ 
    from
        session_attributes session0_ 
    where
        session0_.userName=?
14:12:26,311 DEBUG SQL:104 - 
    select
        documents0_.owner as owner4_1_,
        documents0_.title as title0_1_,
        documents0_.title as title0_0_,
        documents0_.content as content0_0_,
        documents0_.owner as owner0_0_ 
    from
        documents documents0_ 
    where
        documents0_.owner=?
14:12:26,320 DEBUG SQL:104 - 
    delete 
    from
        group_user 
    where
        groupName=?
14:12:26,320 DEBUG SQL:104 - 
    delete 
    from
        groups 
    where
        name=?
14:12:26,320 DEBUG SQL:104 - 
    delete 
    from
        users 
    where
        name=?
14:12:26,321 DEBUG SQL:104 - 
    select
        count(*) as col_0_0_ 
    from
        users user0_
14:12:26,321  INFO CustomRunner:139 - Test: testOrphanDelete
14:12:26,331 DEBUG SQL:104 - 
    insert 
    into
        users
        (password, name) 
    values
        (?, ?)
14:12:26,331 DEBUG SQL:104 - 
    insert 
    into
        documents
        (content, owner, title) 
    values
        (?, ?, ?)
14:12:26,331 DEBUG SQL:104 - 
    insert 
    into
        documents
        (content, owner, title) 
    values
        (?, ?, ?)
14:12:26,332 DEBUG SQL:104 - 
    select
        user0_.name as name4_0_,
        user0_.password as password4_0_ 
    from
        users user0_ 
    where
        user0_.name=?
14:12:26,342 DEBUG SQL:104 - 
    select
        count(title) 
    from
        documents 
    where
        owner =?
14:12:26,342 DEBUG SQL:104 - 
    select
        1 
    from
        documents 
    where
        owner =? 
        and title =?
14:12:26,343 DEBUG SQL:104 - 
    select
        document_.title,
        document_.content as content0_,
        document_.owner as owner0_ 
    from
        documents document_ 
    where
        document_.title=?
14:12:26,344 DEBUG SQL:104 - 
    select
        user_.name,
        user_.password as password4_ 
    from
        users user_ 
    where
        user_.name=?
14:12:26,353 DEBUG SQL:104 - 
    delete 
    from
        documents 
    where
        title=?
14:12:26,353 DEBUG SQL:104 - 
    select
        1 
    from
        documents 
    where
        owner =? 
        and title =?
14:12:26,353 DEBUG SQL:104 - 
    select
        1 
    from
        documents 
    where
        owner =? 
        and title =?
14:12:26,354 DEBUG SQL:104 - 
    select
        count(title) 
    from
        documents 
    where
        owner =?
14:12:26,355 DEBUG SQL:104 - 
    select
        user0_.name as name4_0_,
        user0_.password as password4_0_ 
    from
        users user0_ 
    where
        user0_.name=?
14:12:26,355 DEBUG SQL:104 - 
    select
        count(title) 
    from
        documents 
    where
        owner =?
14:12:26,355 DEBUG SQL:104 - 
    select
        1 
    from
        documents 
    where
        owner =? 
        and title =?
14:12:26,355 DEBUG SQL:104 - 
    select
        1 
    from
        documents 
    where
        owner =? 
        and title =?
14:12:26,367 DEBUG SQL:104 - 
    select
        document0_.title as title0_0_,
        document0_.content as content0_0_,
        document0_.owner as owner0_0_ 
    from
        documents document0_ 
    where
        document0_.title=?
14:12:26,368 DEBUG SQL:104 - 
    select
        documents0_.owner as owner4_1_,
        documents0_.title as title0_1_,
        documents0_.title as title0_0_,
        documents0_.content as content0_0_,
        documents0_.owner as owner0_0_ 
    from
        documents documents0_ 
    where
        documents0_.owner=?
14:12:26,368 DEBUG SQL:104 - 
    select
        session0_.userName as userName4_1_,
        session0_.id as id3_1_,
        session0_.name as name1_,
        session0_.id as id3_0_,
        session0_.name as name3_0_,
        session0_.stringData as stringData3_0_,
        session0_.objectData as objectData3_0_ 
    from
        session_attributes session0_ 
    where
        session0_.userName=?
14:12:26,378 DEBUG SQL:104 - 
    delete 
    from
        documents 
    where
        title=?
14:12:26,378 DEBUG SQL:104 - 
    delete 
    from
        users 
    where
        name=?
14:12:26,379  INFO CustomRunner:139 - Test: testRemoveClear
14:12:26,381 DEBUG SQL:104 - 
    insert 
    into
        groups
        (name) 
    values
        (?)
14:12:26,381 DEBUG SQL:104 - 
    insert 
    into
        users
        (password, name) 
    values
        (?, ?)
14:12:26,381 DEBUG SQL:104 - 
    insert 
    into
        users
        (password, name) 
    values
        (?, ?)
14:12:26,382 DEBUG SQL:104 - 
    insert 
    into
        session_attributes
        (id, stringData, objectData, userName, name) 
    values
        (null, ?, ?, ?, ?)
14:12:26,405 DEBUG SQL:104 - 
    insert 
    into
        session_attributes
        (id, stringData, objectData, userName, name) 
    values
        (null, ?, ?, ?, ?)
14:12:26,406 DEBUG SQL:104 - 
    insert 
    into
        group_user
        (groupName, personName) 
    values
        (?, ?)
14:12:26,406 DEBUG SQL:104 - 
    insert 
    into
        group_user
        (groupName, personName) 
    values
        (?, ?)
14:12:26,407 DEBUG SQL:104 - 
    update
        session_attributes 
    set
        userName=?,
        name=? 
    where
        id=?
14:12:26,407 DEBUG SQL:104 - 
    update
        session_attributes 
    set
        userName=?,
        name=? 
    where
        id=?
14:12:26,407 DEBUG SQL:104 - 
    select
        group0_.name as name2_0_ 
    from
        groups group0_ 
    where
        group0_.name=?
14:12:26,408 DEBUG SQL:104 - 
    select
        personName as personName1_,
        lower(personName) as formula48_ 
    from
        group_user 
    where
        groupName =? 
        and lower(personName) =?
14:12:26,408 DEBUG SQL:104 - 
    select
        user0_.name as name4_0_,
        user0_.password as password4_0_ 
    from
        users user0_ 
    where
        user0_.name=?
14:12:26,409 DEBUG SQL:104 - 
    select
        personName as personName1_,
        lower(personName) as formula48_ 
    from
        group_user 
    where
        groupName =? 
        and lower(personName) =?
14:12:26,429 DEBUG SQL:104 - 
    select
        user0_.name as name4_0_,
        user0_.password as password4_0_ 
    from
        users user0_ 
    where
        user0_.name=?
14:12:26,430 DEBUG SQL:104 - 
    select
        users0_.groupName as groupName2_1_,
        users0_.personName as personName1_1_,
        lower(users0_.personName) as formula48_1_,
        user1_.name as name4_0_,
        user1_.password as password4_0_ 
    from
        group_user users0_ 
    inner join
        users user1_ 
            on users0_.personName=user1_.name 
    where
        users0_.groupName=?
14:12:26,430 DEBUG SQL:104 - 
    select
        session0_.userName as userName4_1_,
        session0_.id as id3_1_,
        session0_.name as name1_,
        session0_.id as id3_0_,
        session0_.name as name3_0_,
        session0_.stringData as stringData3_0_,
        session0_.objectData as objectData3_0_ 
    from
        session_attributes session0_ 
    where
        session0_.userName=?
14:12:26,441 DEBUG SQL:104 - 
    delete 
    from
        group_user 
    where
        groupName=?
14:12:26,441 DEBUG SQL:104 - 
    delete 
    from
        session_attributes 
    where
        id=?
14:12:26,442 DEBUG SQL:104 - 
    select
        group0_.name as name2_0_ 
    from
        groups group0_ 
    where
        group0_.name=?
14:12:26,442 DEBUG SQL:104 - 
    select
        count(personName) 
    from
        group_user 
    where
        groupName =?
14:12:26,466 DEBUG SQL:104 - 
    select
        user0_.name as name4_0_,
        user0_.password as password4_0_ 
    from
        users user0_ 
    where
        user0_.name=?
14:12:26,467 DEBUG SQL:104 - 
    select
        1 
    from
        session_attributes 
    where
        userName =? 
        and name =?
14:12:26,467 DEBUG SQL:104 - 
    select
        session0_.userName as userName4_1_,
        session0_.id as id3_1_,
        session0_.name as name1_,
        session0_.id as id3_0_,
        session0_.name as name3_0_,
        session0_.stringData as stringData3_0_,
        session0_.objectData as objectData3_0_ 
    from
        session_attributes session0_ 
    where
        session0_.userName=?
14:12:26,468 DEBUG SQL:104 - 
    select
        documents0_.owner as owner4_1_,
        documents0_.title as title0_1_,
        documents0_.title as title0_0_,
        documents0_.content as content0_0_,
        documents0_.owner as owner0_0_ 
    from
        documents documents0_ 
    where
        documents0_.owner=?
14:12:26,468 DEBUG SQL:104 - 
    select
        user_.name,
        user_.password as password4_ 
    from
        users user_ 
    where
        user_.name=?
14:12:26,468 DEBUG SQL:104 - 
    select
        session0_.userName as userName4_1_,
        session0_.id as id3_1_,
        session0_.name as name1_,
        session0_.id as id3_0_,
        session0_.name as name3_0_,
        session0_.stringData as stringData3_0_,
        session0_.objectData as objectData3_0_ 
    from
        session_attributes session0_ 
    where
        session0_.userName=?
14:12:26,481 DEBUG SQL:104 - 
    select
        documents0_.owner as owner4_1_,
        documents0_.title as title0_1_,
        documents0_.title as title0_0_,
        documents0_.content as content0_0_,
        documents0_.owner as owner0_0_ 
    from
        documents documents0_ 
    where
        documents0_.owner=?
14:12:26,482 DEBUG SQL:104 - 
    delete 
    from
        group_user 
    where
        groupName=?
14:12:26,482 DEBUG SQL:104 - 
    delete 
    from
        session_attributes 
    where
        id=?
14:12:26,482 DEBUG SQL:104 - 
    delete 
    from
        users 
    where
        name=?
14:12:26,482 DEBUG SQL:104 - 
    delete 
    from
        users 
    where
        name=?
14:12:26,482 DEBUG SQL:104 - 
    delete 
    from
        groups 
    where
        name=?
14:12:26,483  INFO CustomRunner:139 - Test: testSQLQuery
14:12:26,484 DEBUG SQL:104 - 
    insert 
    into
        users
        (password, name) 
    values
        (?, ?)
14:12:26,485 DEBUG SQL:104 - 
    insert 
    into
        session_attributes
        (id, stringData, objectData, userName, name) 
    values
        (null, ?, ?, ?, ?)
14:12:26,486 DEBUG SQL:104 - 
    insert 
    into
        session_attributes
        (id, stringData, objectData, userName, name) 
    values
        (null, ?, ?, ?, ?)
14:12:26,499 DEBUG SQL:104 - 
    insert 
    into
        users
        (password, name) 
    values
        (?, ?)
14:12:26,500 DEBUG SQL:104 - 
    update
        session_attributes 
    set
        userName=?,
        name=? 
    where
        id=?
14:12:26,500 DEBUG SQL:104 - 
    update
        session_attributes 
    set
        userName=?,
        name=? 
    where
        id=?
14:12:26,501 DEBUG SQL:104 - 
    select
        lower(u.name) as name4_0_,
        lower(u.password) as password4_0_,
        lower(s.userName) as userName4_0__,
        lower(s.name) as name0__,
        s.id as id3_0__,
        s.id as id3_1_,
        s.name as name3_1_,
        s.stringData as stringData3_1_,
        s.objectData as objectData3_1_   
    from
        users u    
    join
        session_attributes s 
            on lower(s.userName) = lower(u.name)   
    where
        u.name like ?
14:12:26,511 DEBUG QueryTranslatorImpl:265 - parse() - HQL: delete org.hibernate.test.extralazy.SessionAttribute
14:12:26,511 DEBUG QueryTranslatorImpl:283 - --- HQL AST ---
 \-[DELETE] Node: 'delete'
    \-[FROM] Node: 'FROM'
       \-[RANGE] Node: 'RANGE'
          \-[DOT] Node: '.'
             +-[DOT] Node: '.'
             |  +-[DOT] Node: '.'
             |  |  +-[DOT] Node: '.'
             |  |  |  +-[IDENT] Node: 'org'
             |  |  |  \-[IDENT] Node: 'hibernate'
             |  |  \-[IDENT] Node: 'test'
             |  \-[IDENT] Node: 'extralazy'
             \-[IDENT] Node: 'SessionAttribute'

14:12:26,511 DEBUG ErrorCounter:82 - throwQueryException() : no errors
14:12:26,512 DEBUG FromElement:157 - FromClause{level=1} : org.hibernate.test.extralazy.SessionAttribute (<no alias>) -> sessionatt0_
14:12:26,512 DEBUG QueryTranslatorImpl:252 - --- SQL AST ---
 \-[DELETE] DeleteStatement: 'delete'  querySpaces (session_attributes)
    \-[FROM] FromClause: 'FROM' FromClause{level=1, fromElementCounter=1, fromElements=1, fromElementByClassAlias=[], fromElementByTableAlias=[sessionatt0_], fromElementsByPath=[], collectionJoinFromElementsByPath=[], impliedElements=[]}
       \-[FROM_FRAGMENT] FromElement: 'session_attributes' FromElement{explicit,not a collection join,not a fetch join,fetch non-lazy properties,classAlias=null,role=null,tableName=session_attributes,tableAlias=sessionatt0_,origin=null,columns={,className=org.hibernate.test.extralazy.SessionAttribute}}

14:12:26,512 DEBUG ErrorCounter:82 - throwQueryException() : no errors
14:12:26,512 DEBUG ErrorCounter:82 - throwQueryException() : no errors
14:12:26,513 DEBUG SQL:104 - 
    delete 
    from
        session_attributes
14:12:26,513 DEBUG QueryTranslatorImpl:265 - parse() - HQL: delete org.hibernate.test.extralazy.User
14:12:26,514 DEBUG QueryTranslatorImpl:283 - --- HQL AST ---
 \-[DELETE] Node: 'delete'
    \-[FROM] Node: 'FROM'
       \-[RANGE] Node: 'RANGE'
          \-[DOT] Node: '.'
             +-[DOT] Node: '.'
             |  +-[DOT] Node: '.'
             |  |  +-[DOT] Node: '.'
             |  |  |  +-[IDENT] Node: 'org'
             |  |  |  \-[IDENT] Node: 'hibernate'
             |  |  \-[IDENT] Node: 'test'
             |  \-[IDENT] Node: 'extralazy'
             \-[IDENT] Node: 'User'

14:12:26,536 DEBUG ErrorCounter:82 - throwQueryException() : no errors
14:12:26,537 DEBUG FromElement:157 - FromClause{level=1} : org.hibernate.test.extralazy.User (<no alias>) -> user0_
14:12:26,537 DEBUG QueryTranslatorImpl:252 - --- SQL AST ---
 \-[DELETE] DeleteStatement: 'delete'  querySpaces (users)
    \-[FROM] FromClause: 'FROM' FromClause{level=1, fromElementCounter=1, fromElements=1, fromElementByClassAlias=[], fromElementByTableAlias=[user0_], fromElementsByPath=[], collectionJoinFromElementsByPath=[], impliedElements=[]}
       \-[FROM_FRAGMENT] FromElement: 'users' FromElement{explicit,not a collection join,not a fetch join,fetch non-lazy properties,classAlias=null,role=null,tableName=users,tableAlias=user0_,origin=null,columns={,className=org.hibernate.test.extralazy.User}}

14:12:26,537 DEBUG ErrorCounter:82 - throwQueryException() : no errors
14:12:26,537 DEBUG ErrorCounter:82 - throwQueryException() : no errors
14:12:26,538 DEBUG SQL:104 - 
    delete 
    from
        users
14:12:26,538  INFO SchemaExport:343 - HHH000227: Running hbm2ddl schema export
14:12:26,539 DEBUG SchemaExport:353 - Import file not found: /import.sql
14:12:26,539 DEBUG SQL:104 - 
    alter table documents 
        drop constraint FK383D52B858C0FA7E
14:12:26,547 DEBUG SQL:104 - 
    alter table group_user 
        drop constraint FK4C71E58B7AEC6B2B
14:12:26,547 DEBUG SQL:104 - 
    alter table group_user 
        drop constraint FK4C71E58BA2157409
14:12:26,547 DEBUG SQL:104 - 
    alter table session_attributes 
        drop constraint FK88CD22A0429690A1
14:12:26,547 DEBUG SQL:104 - 
    drop table documents if exists
14:12:26,547 DEBUG SQL:104 - 
    drop table group_user if exists
14:12:26,548 DEBUG SQL:104 - 
    drop table groups if exists
14:12:26,548 DEBUG SQL:104 - 
    drop table session_attributes if exists
14:12:26,548 DEBUG SQL:104 - 
    drop table users if exists
14:12:26,548  INFO SchemaExport:405 - HHH000230: Schema export complete
14:12:26,548  INFO DriverManagerConnectionProviderImpl:162 - HHH000030: Cleaning up connection pool [jdbc:h2:mem:db1;DB_CLOSE_DELAY=-1;MVCC=TRUE]
]]></system-out>
  <system-err><![CDATA[]]></system-err>
</testsuite>
