<?xml version="1.0" encoding="UTF-8"?>
<testsuite errors="0" failures="0" hostname="dhcp-10.15.208.168.stl.redhat.com" name="org.hibernate.test.cascade.MultiPathCascadeTest" tests="7" time="0.813" timestamp="2013-02-28T20:11:40">
  <properties />
  <testcase classname="org.hibernate.test.cascade.MultiPathCascadeTest" name="testMultiPathGetAndModify" time="0.123" />
  <testcase classname="org.hibernate.test.cascade.MultiPathCascadeTest" name="testMultiPathMergeModifiedDetached" time="0.081" />
  <testcase classname="org.hibernate.test.cascade.MultiPathCascadeTest" name="testMultiPathMergeModifiedDetachedIntoProxy" time="0.07" />
  <testcase classname="org.hibernate.test.cascade.MultiPathCascadeTest" name="testMultiPathMergeNonCascadedTransientEntityInCollection" time="0.142" />
  <testcase classname="org.hibernate.test.cascade.MultiPathCascadeTest" name="testMultiPathMergeNonCascadedTransientEntityInManyToOne" time="0.089" />
  <testcase classname="org.hibernate.test.cascade.MultiPathCascadeTest" name="testMultiPathMergeNonCascadedTransientEntityInOneToOne" time="0.115" />
  <testcase classname="org.hibernate.test.cascade.MultiPathCascadeTest" name="testMultiPathUpdateModifiedDetached" time="0.057" />
  <system-out><![CDATA[14:11:40,193  INFO CustomRunner:132 - BeforeClass: org.hibernate.test.cascade.MultiPathCascadeTest
14:11:40,198  INFO Configuration:706 - HHH000221: Reading mappings from resource: org/hibernate/test/cascade/MultiPathCascade.hbm.xml
14:11:40,213  INFO DriverManagerConnectionProviderImpl:99 - HHH000402: Using Hibernate built-in connection pool (not for production use!)
14:11:40,213  INFO DriverManagerConnectionProviderImpl:135 - HHH000115: Hibernate connection pool size: 5
14:11:40,213  INFO DriverManagerConnectionProviderImpl:138 - HHH000006: Autocommit mode: false
14:11:40,214  INFO DriverManagerConnectionProviderImpl:153 - HHH000401: using driver [org.h2.Driver] at URL [jdbc:h2:mem:db1;DB_CLOSE_DELAY=-1;MVCC=TRUE]
14:11:40,214  INFO DriverManagerConnectionProviderImpl:158 - HHH000046: Connection properties: {user=sa}
14:11:40,216  INFO Dialect:103 - HHH000400: Using dialect: org.hibernate.dialect.H2Dialect
14:11:40,216  INFO LobCreatorBuilder:94 - HHH000423: Disabling contextual LOB creation as JDBC driver reported JDBC version [3] less than 4
14:11:40,217  INFO TransactionFactoryInitiator:66 - HHH000399: Using default transaction strategy (direct JDBC transactions)
14:11:40,217  INFO ASTQueryTranslatorFactory:48 - HHH000397: Using ASTQueryTranslatorFactory
14:11:40,218  WARN CachingRegionFactory:58 - CachingRegionFactory should be only used for testing.
14:11:40,275  INFO SchemaExport:343 - HHH000227: Running hbm2ddl schema export
14:11:40,277 DEBUG SchemaExport:353 - Import file not found: /import.sql
14:11:40,278 DEBUG SQL:104 - 
    alter table HB_G 
        drop constraint FK21BE42D05CB34D
14:11:40,278 ERROR SchemaExport:425 - HHH000389: Unsuccessful: alter table HB_G drop constraint FK21BE42D05CB34D
14:11:40,278 ERROR SchemaExport:426 - Table "HB_G" not found; SQL statement:

    alter table HB_G 
        drop constraint FK21BE42D05CB34D [42102-145]
14:11:40,278 DEBUG SQL:104 - 
    alter table HB_G_H 
        drop constraint FK7EAB418BD08BF214
14:11:40,278 ERROR SchemaExport:425 - HHH000389: Unsuccessful: alter table HB_G_H drop constraint FK7EAB418BD08BF214
14:11:40,278 ERROR SchemaExport:426 - Table "HB_G_H" not found; SQL statement:

    alter table HB_G_H 
        drop constraint FK7EAB418BD08BF214 [42102-145]
14:11:40,279 DEBUG SQL:104 - 
    alter table HB_G_H 
        drop constraint FK7EAB418BD08B7DB4
14:11:40,279 ERROR SchemaExport:425 - HHH000389: Unsuccessful: alter table HB_G_H drop constraint FK7EAB418BD08B7DB4
14:11:40,279 ERROR SchemaExport:426 - Table "HB_G_H" not found; SQL statement:

    alter table HB_G_H 
        drop constraint FK7EAB418BD08B7DB4 [42102-145]
14:11:40,279 DEBUG SQL:104 - 
    alter table HB_H 
        drop constraint FK21BE43D088C374
14:11:40,279 ERROR SchemaExport:425 - HHH000389: Unsuccessful: alter table HB_H drop constraint FK21BE43D088C374
14:11:40,279 ERROR SchemaExport:426 - Table "HB_H" not found; SQL statement:

    alter table HB_H 
        drop constraint FK21BE43D088C374 [42102-145]
14:11:40,279 DEBUG SQL:104 - 
    drop table HB_A if exists
14:11:40,280 DEBUG SQL:104 - 
    drop table HB_G if exists
14:11:40,280 DEBUG SQL:104 - 
    drop table HB_G_H if exists
14:11:40,280 DEBUG SQL:104 - 
    drop table HB_H if exists
14:11:40,280 DEBUG SQL:104 - 
    create table HB_A (
        id bigint generated by default as identity,
        "data" varchar(255) not null,
        primary key (id)
    )
14:11:40,286 DEBUG SQL:104 - 
    create table HB_G (
        id bigint generated by default as identity,
        "data" varchar(255) not null,
        aId bigint,
        primary key (id)
    )
14:11:40,287 DEBUG SQL:104 - 
    create table HB_G_H (
        g_fk bigint not null,
        h_fk bigint not null,
        primary key (h_fk, g_fk)
    )
14:11:40,287 DEBUG SQL:104 - 
    create table HB_H (
        id bigint generated by default as identity,
        "data" varchar(255) not null,
        a_fk bigint,
        primary key (id)
    )
14:11:40,288 DEBUG SQL:104 - 
    alter table HB_G 
        add constraint uc_HB_G_1 unique (aId)
14:11:40,288 DEBUG SQL:104 - 
    alter table HB_G 
        add constraint FK21BE42D05CB34D 
        foreign key (aId) 
        references HB_A
14:11:40,289 DEBUG SQL:104 - 
    alter table HB_G_H 
        add constraint FK7EAB418BD08BF214 
        foreign key (h_fk) 
        references HB_H
14:11:40,289 DEBUG SQL:104 - 
    alter table HB_G_H 
        add constraint FK7EAB418BD08B7DB4 
        foreign key (g_fk) 
        references HB_G
14:11:40,290 DEBUG SQL:104 - 
    alter table HB_H 
        add constraint FK21BE43D088C374 
        foreign key (a_fk) 
        references HB_A
14:11:40,291  INFO SchemaExport:405 - HHH000230: Schema export complete
14:11:40,292  WARN SessionFactoryImpl:1554 - HHH000008: JTASessionContext being used with JDBCTransactionFactory; auto-flush will not operate correctly with getCurrentSession()
14:11:40,292  INFO CustomRunner:139 - Test: testMultiPathGetAndModify
14:11:40,294 DEBUG SQL:104 - 
    insert 
    into
        HB_A
        (id, "data") 
    values
        (null, ?)
14:11:40,295 DEBUG SQL:104 - 
    select
        a0_.id as id0_1_,
        a0_."data" as data2_0_1_,
        g1_.id as id1_0_,
        g1_."data" as data2_1_0_,
        g1_.aId as aId1_0_ 
    from
        HB_A a0_ 
    left outer join
        HB_G g1_ 
            on a0_.id=g1_.aId 
    where
        a0_.id=?
14:11:40,310 DEBUG SQL:104 - 
    select
        hs0_.a_fk as a3_0_1_,
        hs0_.id as id3_1_,
        hs0_.id as id3_0_,
        hs0_."data" as data2_3_0_,
        hs0_.a_fk as a3_3_0_ 
    from
        HB_H hs0_ 
    where
        hs0_.a_fk=?
14:11:40,312 DEBUG SQL:104 - 
    insert 
    into
        HB_H
        (id, "data", a_fk) 
    values
        (null, ?, ?)
14:11:40,314 DEBUG SQL:104 - 
    insert 
    into
        HB_G
        (id, "data", aId) 
    values
        (null, ?, ?)
14:11:40,315 DEBUG SQL:104 - 
    update
        HB_A 
    set
        "data"=? 
    where
        id=?
14:11:40,316 DEBUG SQL:104 - 
    insert 
    into
        HB_G_H
        (h_fk, g_fk) 
    values
        (?, ?)
14:11:40,317 DEBUG SQL:104 - 
    select
        a0_.id as id0_1_,
        a0_."data" as data2_0_1_,
        g1_.id as id1_0_,
        g1_."data" as data2_1_0_,
        g1_.aId as aId1_0_ 
    from
        HB_A a0_ 
    left outer join
        HB_G g1_ 
            on a0_.id=g1_.aId 
    where
        a0_.id=?
14:11:40,319 DEBUG SQL:104 - 
    select
        hs0_.a_fk as a3_0_1_,
        hs0_.id as id3_1_,
        hs0_.id as id3_0_,
        hs0_."data" as data2_3_0_,
        hs0_.a_fk as a3_3_0_ 
    from
        HB_H hs0_ 
    where
        hs0_.a_fk=?
14:11:40,321 DEBUG SQL:104 - 
    select
        hs0_.g_fk as g1_1_1_,
        hs0_.h_fk as h2_2_1_,
        h1_.id as id3_0_,
        h1_."data" as data2_3_0_,
        h1_.a_fk as a3_3_0_ 
    from
        HB_G_H hs0_ 
    inner join
        HB_H h1_ 
            on hs0_.h_fk=h1_.id 
    where
        hs0_.g_fk=?
14:11:40,323 DEBUG SQL:104 - 
    select
        gs0_.h_fk as h2_3_1_,
        gs0_.g_fk as g1_2_1_,
        g1_.id as id1_0_,
        g1_."data" as data2_1_0_,
        g1_.aId as aId1_0_ 
    from
        HB_G_H gs0_ 
    inner join
        HB_G g1_ 
            on gs0_.g_fk=g1_.id 
    where
        gs0_.h_fk=?
14:11:40,349 DEBUG QueryTranslatorImpl:265 - parse() - HQL: delete from org.hibernate.test.cascade.A
14:11:40,351 DEBUG QueryTranslatorImpl:283 - --- HQL AST ---
 \-[DELETE] Node: 'delete'
    \-[FROM] Node: 'FROM'
       \-[RANGE] Node: 'RANGE'
          \-[DOT] Node: '.'
             +-[DOT] Node: '.'
             |  +-[DOT] Node: '.'
             |  |  +-[DOT] Node: '.'
             |  |  |  +-[IDENT] Node: 'org'
             |  |  |  \-[IDENT] Node: 'hibernate'
             |  |  \-[IDENT] Node: 'test'
             |  \-[IDENT] Node: 'cascade'
             \-[IDENT] Node: 'A'

14:11:40,351 DEBUG ErrorCounter:82 - throwQueryException() : no errors
14:11:40,351 DEBUG FromElement:157 - FromClause{level=1} : org.hibernate.test.cascade.A (<no alias>) -> a0_
14:11:40,352 DEBUG QueryTranslatorImpl:252 - --- SQL AST ---
 \-[DELETE] DeleteStatement: 'delete'  querySpaces (HB_A)
    \-[FROM] FromClause: 'FROM' FromClause{level=1, fromElementCounter=1, fromElements=1, fromElementByClassAlias=[], fromElementByTableAlias=[a0_], fromElementsByPath=[], collectionJoinFromElementsByPath=[], impliedElements=[]}
       \-[FROM_FRAGMENT] FromElement: 'HB_A' FromElement{explicit,not a collection join,not a fetch join,fetch non-lazy properties,classAlias=null,role=null,tableName=HB_A,tableAlias=a0_,origin=null,columns={,className=org.hibernate.test.cascade.A}}

14:11:40,352 DEBUG ErrorCounter:82 - throwQueryException() : no errors
14:11:40,352 DEBUG ErrorCounter:82 - throwQueryException() : no errors
14:11:40,353 DEBUG QueryTranslatorImpl:265 - parse() - HQL: delete from org.hibernate.test.cascade.G
14:11:40,371 DEBUG QueryTranslatorImpl:283 - --- HQL AST ---
 \-[DELETE] Node: 'delete'
    \-[FROM] Node: 'FROM'
       \-[RANGE] Node: 'RANGE'
          \-[DOT] Node: '.'
             +-[DOT] Node: '.'
             |  +-[DOT] Node: '.'
             |  |  +-[DOT] Node: '.'
             |  |  |  +-[IDENT] Node: 'org'
             |  |  |  \-[IDENT] Node: 'hibernate'
             |  |  \-[IDENT] Node: 'test'
             |  \-[IDENT] Node: 'cascade'
             \-[IDENT] Node: 'G'

14:11:40,371 DEBUG ErrorCounter:82 - throwQueryException() : no errors
14:11:40,384 DEBUG FromElement:157 - FromClause{level=1} : org.hibernate.test.cascade.G (<no alias>) -> g0_
14:11:40,385 DEBUG QueryTranslatorImpl:252 - --- SQL AST ---
 \-[DELETE] DeleteStatement: 'delete'  querySpaces (HB_G)
    \-[FROM] FromClause: 'FROM' FromClause{level=1, fromElementCounter=1, fromElements=1, fromElementByClassAlias=[], fromElementByTableAlias=[g0_], fromElementsByPath=[], collectionJoinFromElementsByPath=[], impliedElements=[]}
       \-[FROM_FRAGMENT] FromElement: 'HB_G' FromElement{explicit,not a collection join,not a fetch join,fetch non-lazy properties,classAlias=null,role=null,tableName=HB_G,tableAlias=g0_,origin=null,columns={,className=org.hibernate.test.cascade.G}}

14:11:40,385 DEBUG ErrorCounter:82 - throwQueryException() : no errors
14:11:40,385 DEBUG ErrorCounter:82 - throwQueryException() : no errors
14:11:40,386 DEBUG QueryTranslatorImpl:265 - parse() - HQL: delete from org.hibernate.test.cascade.H
14:11:40,387 DEBUG QueryTranslatorImpl:283 - --- HQL AST ---
 \-[DELETE] Node: 'delete'
    \-[FROM] Node: 'FROM'
       \-[RANGE] Node: 'RANGE'
          \-[DOT] Node: '.'
             +-[DOT] Node: '.'
             |  +-[DOT] Node: '.'
             |  |  +-[DOT] Node: '.'
             |  |  |  +-[IDENT] Node: 'org'
             |  |  |  \-[IDENT] Node: 'hibernate'
             |  |  \-[IDENT] Node: 'test'
             |  \-[IDENT] Node: 'cascade'
             \-[IDENT] Node: 'H'

14:11:40,387 DEBUG ErrorCounter:82 - throwQueryException() : no errors
14:11:40,388 DEBUG FromElement:157 - FromClause{level=1} : org.hibernate.test.cascade.H (<no alias>) -> h0_
14:11:40,388 DEBUG QueryTranslatorImpl:252 - --- SQL AST ---
 \-[DELETE] DeleteStatement: 'delete'  querySpaces (HB_H)
    \-[FROM] FromClause: 'FROM' FromClause{level=1, fromElementCounter=1, fromElements=1, fromElementByClassAlias=[], fromElementByTableAlias=[h0_], fromElementsByPath=[], collectionJoinFromElementsByPath=[], impliedElements=[]}
       \-[FROM_FRAGMENT] FromElement: 'HB_H' FromElement{explicit,not a collection join,not a fetch join,fetch non-lazy properties,classAlias=null,role=null,tableName=HB_H,tableAlias=h0_,origin=null,columns={,className=org.hibernate.test.cascade.H}}

14:11:40,413 DEBUG ErrorCounter:82 - throwQueryException() : no errors
14:11:40,414 DEBUG ErrorCounter:82 - throwQueryException() : no errors
14:11:40,415  INFO CustomRunner:139 - Test: testMultiPathMergeModifiedDetached
14:11:40,416 DEBUG SQL:104 - 
    insert 
    into
        HB_A
        (id, "data") 
    values
        (null, ?)
14:11:40,418 DEBUG SQL:104 - 
    select
        a0_.id as id0_2_,
        a0_."data" as data2_0_2_,
        hs1_.a_fk as a3_0_4_,
        hs1_.id as id3_4_,
        hs1_.id as id3_0_,
        hs1_."data" as data2_3_0_,
        hs1_.a_fk as a3_3_0_,
        g2_.id as id1_1_,
        g2_."data" as data2_1_1_,
        g2_.aId as aId1_1_ 
    from
        HB_A a0_ 
    left outer join
        HB_H hs1_ 
            on a0_.id=hs1_.a_fk 
    left outer join
        HB_G g2_ 
            on a0_.id=g2_.aId 
    where
        a0_.id=?
14:11:40,448 DEBUG SQL:104 - 
    insert 
    into
        HB_H
        (id, "data", a_fk) 
    values
        (null, ?, ?)
14:11:40,449 DEBUG SQL:104 - 
    insert 
    into
        HB_G
        (id, "data", aId) 
    values
        (null, ?, ?)
14:11:40,451 DEBUG SQL:104 - 
    update
        HB_A 
    set
        "data"=? 
    where
        id=?
14:11:40,452 DEBUG SQL:104 - 
    insert 
    into
        HB_G_H
        (h_fk, g_fk) 
    values
        (?, ?)
14:11:40,452 DEBUG SQL:104 - 
    select
        a0_.id as id0_1_,
        a0_."data" as data2_0_1_,
        g1_.id as id1_0_,
        g1_."data" as data2_1_0_,
        g1_.aId as aId1_0_ 
    from
        HB_A a0_ 
    left outer join
        HB_G g1_ 
            on a0_.id=g1_.aId 
    where
        a0_.id=?
14:11:40,455 DEBUG SQL:104 - 
    select
        hs0_.a_fk as a3_0_1_,
        hs0_.id as id3_1_,
        hs0_.id as id3_0_,
        hs0_."data" as data2_3_0_,
        hs0_.a_fk as a3_3_0_ 
    from
        HB_H hs0_ 
    where
        hs0_.a_fk=?
14:11:40,456 DEBUG SQL:104 - 
    select
        hs0_.g_fk as g1_1_1_,
        hs0_.h_fk as h2_2_1_,
        h1_.id as id3_0_,
        h1_."data" as data2_3_0_,
        h1_.a_fk as a3_3_0_ 
    from
        HB_G_H hs0_ 
    inner join
        HB_H h1_ 
            on hs0_.h_fk=h1_.id 
    where
        hs0_.g_fk=?
14:11:40,493 DEBUG SQL:104 - 
    select
        gs0_.h_fk as h2_3_1_,
        gs0_.g_fk as g1_2_1_,
        g1_.id as id1_0_,
        g1_."data" as data2_1_0_,
        g1_.aId as aId1_0_ 
    from
        HB_G_H gs0_ 
    inner join
        HB_G g1_ 
            on gs0_.g_fk=g1_.id 
    where
        gs0_.h_fk=?
14:11:40,497  INFO CustomRunner:139 - Test: testMultiPathMergeModifiedDetachedIntoProxy
14:11:40,498 DEBUG SQL:104 - 
    insert 
    into
        HB_A
        (id, "data") 
    values
        (null, ?)
14:11:40,499 DEBUG SQL:104 - 
    select
        a0_.id as id0_2_,
        a0_."data" as data2_0_2_,
        hs1_.a_fk as a3_0_4_,
        hs1_.id as id3_4_,
        hs1_.id as id3_0_,
        hs1_."data" as data2_3_0_,
        hs1_.a_fk as a3_3_0_,
        g2_.id as id1_1_,
        g2_."data" as data2_1_1_,
        g2_.aId as aId1_1_ 
    from
        HB_A a0_ 
    left outer join
        HB_H hs1_ 
            on a0_.id=hs1_.a_fk 
    left outer join
        HB_G g2_ 
            on a0_.id=g2_.aId 
    where
        a0_.id=?
14:11:40,500 DEBUG SQL:104 - 
    insert 
    into
        HB_H
        (id, "data", a_fk) 
    values
        (null, ?, ?)
14:11:40,500 DEBUG SQL:104 - 
    insert 
    into
        HB_G
        (id, "data", aId) 
    values
        (null, ?, ?)
14:11:40,502 DEBUG SQL:104 - 
    update
        HB_A 
    set
        "data"=? 
    where
        id=?
14:11:40,549 DEBUG SQL:104 - 
    insert 
    into
        HB_G_H
        (h_fk, g_fk) 
    values
        (?, ?)
14:11:40,550 DEBUG SQL:104 - 
    select
        a0_.id as id0_1_,
        a0_."data" as data2_0_1_,
        g1_.id as id1_0_,
        g1_."data" as data2_1_0_,
        g1_.aId as aId1_0_ 
    from
        HB_A a0_ 
    left outer join
        HB_G g1_ 
            on a0_.id=g1_.aId 
    where
        a0_.id=?
14:11:40,550 DEBUG SQL:104 - 
    select
        hs0_.a_fk as a3_0_1_,
        hs0_.id as id3_1_,
        hs0_.id as id3_0_,
        hs0_."data" as data2_3_0_,
        hs0_.a_fk as a3_3_0_ 
    from
        HB_H hs0_ 
    where
        hs0_.a_fk=?
14:11:40,564 DEBUG SQL:104 - 
    select
        hs0_.g_fk as g1_1_1_,
        hs0_.h_fk as h2_2_1_,
        h1_.id as id3_0_,
        h1_."data" as data2_3_0_,
        h1_.a_fk as a3_3_0_ 
    from
        HB_G_H hs0_ 
    inner join
        HB_H h1_ 
            on hs0_.h_fk=h1_.id 
    where
        hs0_.g_fk=?
14:11:40,565 DEBUG SQL:104 - 
    select
        gs0_.h_fk as h2_3_1_,
        gs0_.g_fk as g1_2_1_,
        g1_.id as id1_0_,
        g1_."data" as data2_1_0_,
        g1_.aId as aId1_0_ 
    from
        HB_G_H gs0_ 
    inner join
        HB_G g1_ 
            on gs0_.g_fk=g1_.id 
    where
        gs0_.h_fk=?
14:11:40,568  INFO CustomRunner:139 - Test: testMultiPathMergeNonCascadedTransientEntityInCollection
14:11:40,569 DEBUG SQL:104 - 
    insert 
    into
        HB_A
        (id, "data") 
    values
        (null, ?)
14:11:40,570 DEBUG SQL:104 - 
    select
        a0_.id as id0_2_,
        a0_."data" as data2_0_2_,
        hs1_.a_fk as a3_0_4_,
        hs1_.id as id3_4_,
        hs1_.id as id3_0_,
        hs1_."data" as data2_3_0_,
        hs1_.a_fk as a3_3_0_,
        g2_.id as id1_1_,
        g2_."data" as data2_1_1_,
        g2_.aId as aId1_1_ 
    from
        HB_A a0_ 
    left outer join
        HB_H hs1_ 
            on a0_.id=hs1_.a_fk 
    left outer join
        HB_G g2_ 
            on a0_.id=g2_.aId 
    where
        a0_.id=?
14:11:40,601 DEBUG SQL:104 - 
    insert 
    into
        HB_H
        (id, "data", a_fk) 
    values
        (null, ?, ?)
14:11:40,602 DEBUG SQL:104 - 
    insert 
    into
        HB_G
        (id, "data", aId) 
    values
        (null, ?, ?)
14:11:40,603 DEBUG SQL:104 - 
    update
        HB_A 
    set
        "data"=? 
    where
        id=?
14:11:40,604 DEBUG SQL:104 - 
    insert 
    into
        HB_G_H
        (h_fk, g_fk) 
    values
        (?, ?)
14:11:40,628 DEBUG SQL:104 - 
    select
        a0_.id as id0_1_,
        a0_."data" as data2_0_1_,
        g1_.id as id1_0_,
        g1_."data" as data2_1_0_,
        g1_.aId as aId1_0_ 
    from
        HB_A a0_ 
    left outer join
        HB_G g1_ 
            on a0_.id=g1_.aId 
    where
        a0_.id=?
14:11:40,630 DEBUG SQL:104 - 
    select
        hs0_.a_fk as a3_0_1_,
        hs0_.id as id3_1_,
        hs0_.id as id3_0_,
        hs0_."data" as data2_3_0_,
        hs0_.a_fk as a3_3_0_ 
    from
        HB_H hs0_ 
    where
        hs0_.a_fk=?
14:11:40,631 DEBUG SQL:104 - 
    select
        hs0_.g_fk as g1_1_1_,
        hs0_.h_fk as h2_2_1_,
        h1_.id as id3_0_,
        h1_."data" as data2_3_0_,
        h1_.a_fk as a3_3_0_ 
    from
        HB_G_H hs0_ 
    inner join
        HB_H h1_ 
            on hs0_.h_fk=h1_.id 
    where
        hs0_.g_fk=?
14:11:40,632 DEBUG SQL:104 - 
    select
        gs0_.h_fk as h2_3_1_,
        gs0_.g_fk as g1_2_1_,
        g1_.id as id1_0_,
        g1_."data" as data2_1_0_,
        g1_.aId as aId1_0_ 
    from
        HB_G_H gs0_ 
    inner join
        HB_G g1_ 
            on gs0_.g_fk=g1_.id 
    where
        gs0_.h_fk=?
14:11:40,667 DEBUG SQL:104 - 
    select
        a0_.id as id0_2_,
        a0_."data" as data2_0_2_,
        hs1_.a_fk as a3_0_4_,
        hs1_.id as id3_4_,
        hs1_.id as id3_0_,
        hs1_."data" as data2_3_0_,
        hs1_.a_fk as a3_3_0_,
        g2_.id as id1_1_,
        g2_."data" as data2_1_1_,
        g2_.aId as aId1_1_ 
    from
        HB_A a0_ 
    left outer join
        HB_H hs1_ 
            on a0_.id=hs1_.a_fk 
    left outer join
        HB_G g2_ 
            on a0_.id=g2_.aId 
    where
        a0_.id=?
14:11:40,704 DEBUG SQL:104 - 
    select
        gs0_.h_fk as h2_3_1_,
        gs0_.g_fk as g1_2_1_,
        g1_.id as id1_0_,
        g1_."data" as data2_1_0_,
        g1_.aId as aId1_0_ 
    from
        HB_G_H gs0_ 
    inner join
        HB_G g1_ 
            on gs0_.g_fk=g1_.id 
    where
        gs0_.h_fk=?
14:11:40,707 DEBUG SQL:104 - 
    select
        hs0_.g_fk as g1_1_1_,
        hs0_.h_fk as h2_2_1_,
        h1_.id as id3_0_,
        h1_."data" as data2_3_0_,
        h1_.a_fk as a3_3_0_ 
    from
        HB_G_H hs0_ 
    inner join
        HB_H h1_ 
            on hs0_.h_fk=h1_.id 
    where
        hs0_.g_fk=?
14:11:40,709 DEBUG SQL:104 - 
    insert 
    into
        HB_G_H
        (h_fk, g_fk) 
    values
        (?, ?)
14:11:40,710  INFO AbstractBatchImpl:195 - HHH000010: On release of batch it still contained JDBC statements
14:11:40,710  INFO CustomRunner:139 - Test: testMultiPathMergeNonCascadedTransientEntityInManyToOne
14:11:40,711 DEBUG SQL:104 - 
    insert 
    into
        HB_A
        (id, "data") 
    values
        (null, ?)
14:11:40,712 DEBUG SQL:104 - 
    select
        a0_.id as id0_2_,
        a0_."data" as data2_0_2_,
        hs1_.a_fk as a3_0_4_,
        hs1_.id as id3_4_,
        hs1_.id as id3_0_,
        hs1_."data" as data2_3_0_,
        hs1_.a_fk as a3_3_0_,
        g2_.id as id1_1_,
        g2_."data" as data2_1_1_,
        g2_.aId as aId1_1_ 
    from
        HB_A a0_ 
    left outer join
        HB_H hs1_ 
            on a0_.id=hs1_.a_fk 
    left outer join
        HB_G g2_ 
            on a0_.id=g2_.aId 
    where
        a0_.id=?
14:11:40,713 DEBUG SQL:104 - 
    insert 
    into
        HB_H
        (id, "data", a_fk) 
    values
        (null, ?, ?)
14:11:40,714 DEBUG SQL:104 - 
    insert 
    into
        HB_G
        (id, "data", aId) 
    values
        (null, ?, ?)
14:11:40,715 DEBUG SQL:104 - 
    update
        HB_A 
    set
        "data"=? 
    where
        id=?
14:11:40,740 DEBUG SQL:104 - 
    insert 
    into
        HB_G_H
        (h_fk, g_fk) 
    values
        (?, ?)
14:11:40,741 DEBUG SQL:104 - 
    select
        a0_.id as id0_1_,
        a0_."data" as data2_0_1_,
        g1_.id as id1_0_,
        g1_."data" as data2_1_0_,
        g1_.aId as aId1_0_ 
    from
        HB_A a0_ 
    left outer join
        HB_G g1_ 
            on a0_.id=g1_.aId 
    where
        a0_.id=?
14:11:40,742 DEBUG SQL:104 - 
    select
        hs0_.a_fk as a3_0_1_,
        hs0_.id as id3_1_,
        hs0_.id as id3_0_,
        hs0_."data" as data2_3_0_,
        hs0_.a_fk as a3_3_0_ 
    from
        HB_H hs0_ 
    where
        hs0_.a_fk=?
14:11:40,743 DEBUG SQL:104 - 
    select
        hs0_.g_fk as g1_1_1_,
        hs0_.h_fk as h2_2_1_,
        h1_.id as id3_0_,
        h1_."data" as data2_3_0_,
        h1_.a_fk as a3_3_0_ 
    from
        HB_G_H hs0_ 
    inner join
        HB_H h1_ 
            on hs0_.h_fk=h1_.id 
    where
        hs0_.g_fk=?
14:11:40,766 DEBUG SQL:104 - 
    select
        gs0_.h_fk as h2_3_1_,
        gs0_.g_fk as g1_2_1_,
        g1_.id as id1_0_,
        g1_."data" as data2_1_0_,
        g1_.aId as aId1_0_ 
    from
        HB_G_H gs0_ 
    inner join
        HB_G g1_ 
            on gs0_.g_fk=g1_.id 
    where
        gs0_.h_fk=?
14:11:40,768 DEBUG SQL:104 - 
    select
        a0_.id as id0_2_,
        a0_."data" as data2_0_2_,
        hs1_.a_fk as a3_0_4_,
        hs1_.id as id3_4_,
        hs1_.id as id3_0_,
        hs1_."data" as data2_3_0_,
        hs1_.a_fk as a3_3_0_,
        g2_.id as id1_1_,
        g2_."data" as data2_1_1_,
        g2_.aId as aId1_1_ 
    from
        HB_A a0_ 
    left outer join
        HB_H hs1_ 
            on a0_.id=hs1_.a_fk 
    left outer join
        HB_G g2_ 
            on a0_.id=g2_.aId 
    where
        a0_.id=?
14:11:40,784 DEBUG SQL:104 - 
    select
        gs0_.h_fk as h2_3_1_,
        gs0_.g_fk as g1_2_1_,
        g1_.id as id1_0_,
        g1_."data" as data2_1_0_,
        g1_.aId as aId1_0_ 
    from
        HB_G_H gs0_ 
    inner join
        HB_G g1_ 
            on gs0_.g_fk=g1_.id 
    where
        gs0_.h_fk=?
14:11:40,785 DEBUG SQL:104 - 
    select
        hs0_.g_fk as g1_1_1_,
        hs0_.h_fk as h2_2_1_,
        h1_.id as id3_0_,
        h1_."data" as data2_3_0_,
        h1_.a_fk as a3_3_0_ 
    from
        HB_G_H hs0_ 
    inner join
        HB_H h1_ 
            on hs0_.h_fk=h1_.id 
    where
        hs0_.g_fk=?
14:11:40,801  INFO CustomRunner:139 - Test: testMultiPathMergeNonCascadedTransientEntityInOneToOne
14:11:40,802 DEBUG SQL:104 - 
    insert 
    into
        HB_A
        (id, "data") 
    values
        (null, ?)
14:11:40,803 DEBUG SQL:104 - 
    select
        a0_.id as id0_2_,
        a0_."data" as data2_0_2_,
        hs1_.a_fk as a3_0_4_,
        hs1_.id as id3_4_,
        hs1_.id as id3_0_,
        hs1_."data" as data2_3_0_,
        hs1_.a_fk as a3_3_0_,
        g2_.id as id1_1_,
        g2_."data" as data2_1_1_,
        g2_.aId as aId1_1_ 
    from
        HB_A a0_ 
    left outer join
        HB_H hs1_ 
            on a0_.id=hs1_.a_fk 
    left outer join
        HB_G g2_ 
            on a0_.id=g2_.aId 
    where
        a0_.id=?
14:11:40,823 DEBUG SQL:104 - 
    insert 
    into
        HB_H
        (id, "data", a_fk) 
    values
        (null, ?, ?)
14:11:40,824 DEBUG SQL:104 - 
    insert 
    into
        HB_G
        (id, "data", aId) 
    values
        (null, ?, ?)
14:11:40,824 DEBUG SQL:104 - 
    update
        HB_A 
    set
        "data"=? 
    where
        id=?
14:11:40,825 DEBUG SQL:104 - 
    insert 
    into
        HB_G_H
        (h_fk, g_fk) 
    values
        (?, ?)
14:11:40,825 DEBUG SQL:104 - 
    select
        a0_.id as id0_1_,
        a0_."data" as data2_0_1_,
        g1_.id as id1_0_,
        g1_."data" as data2_1_0_,
        g1_.aId as aId1_0_ 
    from
        HB_A a0_ 
    left outer join
        HB_G g1_ 
            on a0_.id=g1_.aId 
    where
        a0_.id=?
14:11:40,826 DEBUG SQL:104 - 
    select
        hs0_.a_fk as a3_0_1_,
        hs0_.id as id3_1_,
        hs0_.id as id3_0_,
        hs0_."data" as data2_3_0_,
        hs0_.a_fk as a3_3_0_ 
    from
        HB_H hs0_ 
    where
        hs0_.a_fk=?
14:11:40,846 DEBUG SQL:104 - 
    select
        hs0_.g_fk as g1_1_1_,
        hs0_.h_fk as h2_2_1_,
        h1_.id as id3_0_,
        h1_."data" as data2_3_0_,
        h1_.a_fk as a3_3_0_ 
    from
        HB_G_H hs0_ 
    inner join
        HB_H h1_ 
            on hs0_.h_fk=h1_.id 
    where
        hs0_.g_fk=?
14:11:40,847 DEBUG SQL:104 - 
    select
        gs0_.h_fk as h2_3_1_,
        gs0_.g_fk as g1_2_1_,
        g1_.id as id1_0_,
        g1_."data" as data2_1_0_,
        g1_.aId as aId1_0_ 
    from
        HB_G_H gs0_ 
    inner join
        HB_G g1_ 
            on gs0_.g_fk=g1_.id 
    where
        gs0_.h_fk=?
14:11:40,872 DEBUG SQL:104 - 
    select
        a0_.id as id0_2_,
        a0_."data" as data2_0_2_,
        hs1_.a_fk as a3_0_4_,
        hs1_.id as id3_4_,
        hs1_.id as id3_0_,
        hs1_."data" as data2_3_0_,
        hs1_.a_fk as a3_3_0_,
        g2_.id as id1_1_,
        g2_."data" as data2_1_1_,
        g2_.aId as aId1_1_ 
    from
        HB_A a0_ 
    left outer join
        HB_H hs1_ 
            on a0_.id=hs1_.a_fk 
    left outer join
        HB_G g2_ 
            on a0_.id=g2_.aId 
    where
        a0_.id=?
14:11:40,874 DEBUG SQL:104 - 
    select
        gs0_.h_fk as h2_3_1_,
        gs0_.g_fk as g1_2_1_,
        g1_.id as id1_0_,
        g1_."data" as data2_1_0_,
        g1_.aId as aId1_0_ 
    from
        HB_G_H gs0_ 
    inner join
        HB_G g1_ 
            on gs0_.g_fk=g1_.id 
    where
        gs0_.h_fk=?
14:11:40,875 DEBUG SQL:104 - 
    select
        hs0_.g_fk as g1_1_1_,
        hs0_.h_fk as h2_2_1_,
        h1_.id as id3_0_,
        h1_."data" as data2_3_0_,
        h1_.a_fk as a3_3_0_ 
    from
        HB_G_H hs0_ 
    inner join
        HB_H h1_ 
            on hs0_.h_fk=h1_.id 
    where
        hs0_.g_fk=?
14:11:40,916  INFO CustomRunner:139 - Test: testMultiPathUpdateModifiedDetached
14:11:40,918 DEBUG SQL:104 - 
    insert 
    into
        HB_A
        (id, "data") 
    values
        (null, ?)
14:11:40,919 DEBUG SQL:104 - 
    insert 
    into
        HB_H
        (id, "data", a_fk) 
    values
        (null, ?, ?)
14:11:40,919 DEBUG SQL:104 - 
    insert 
    into
        HB_G
        (id, "data", aId) 
    values
        (null, ?, ?)
14:11:40,920 DEBUG SQL:104 - 
    update
        HB_A 
    set
        "data"=? 
    where
        id=?
14:11:40,935 DEBUG SQL:104 - 
    insert 
    into
        HB_G_H
        (h_fk, g_fk) 
    values
        (?, ?)
14:11:40,936 DEBUG SQL:104 - 
    select
        a0_.id as id0_1_,
        a0_."data" as data2_0_1_,
        g1_.id as id1_0_,
        g1_."data" as data2_1_0_,
        g1_.aId as aId1_0_ 
    from
        HB_A a0_ 
    left outer join
        HB_G g1_ 
            on a0_.id=g1_.aId 
    where
        a0_.id=?
14:11:40,937 DEBUG SQL:104 - 
    select
        hs0_.a_fk as a3_0_1_,
        hs0_.id as id3_1_,
        hs0_.id as id3_0_,
        hs0_."data" as data2_3_0_,
        hs0_.a_fk as a3_3_0_ 
    from
        HB_H hs0_ 
    where
        hs0_.a_fk=?
14:11:40,938 DEBUG SQL:104 - 
    select
        hs0_.g_fk as g1_1_1_,
        hs0_.h_fk as h2_2_1_,
        h1_.id as id3_0_,
        h1_."data" as data2_3_0_,
        h1_.a_fk as a3_3_0_ 
    from
        HB_G_H hs0_ 
    inner join
        HB_H h1_ 
            on hs0_.h_fk=h1_.id 
    where
        hs0_.g_fk=?
14:11:40,939 DEBUG SQL:104 - 
    select
        gs0_.h_fk as h2_3_1_,
        gs0_.g_fk as g1_2_1_,
        g1_.id as id1_0_,
        g1_."data" as data2_1_0_,
        g1_.aId as aId1_0_ 
    from
        HB_G_H gs0_ 
    inner join
        HB_G g1_ 
            on gs0_.g_fk=g1_.id 
    where
        gs0_.h_fk=?
14:11:40,974  INFO SchemaExport:343 - HHH000227: Running hbm2ddl schema export
14:11:40,975 DEBUG SchemaExport:353 - Import file not found: /import.sql
14:11:40,975 DEBUG SQL:104 - 
    alter table HB_G 
        drop constraint FK21BE42D05CB34D
14:11:40,975 DEBUG SQL:104 - 
    alter table HB_G_H 
        drop constraint FK7EAB418BD08BF214
14:11:40,975 DEBUG SQL:104 - 
    alter table HB_G_H 
        drop constraint FK7EAB418BD08B7DB4
14:11:40,976 DEBUG SQL:104 - 
    alter table HB_H 
        drop constraint FK21BE43D088C374
14:11:40,976 DEBUG SQL:104 - 
    drop table HB_A if exists
14:11:40,976 DEBUG SQL:104 - 
    drop table HB_G if exists
14:11:40,976 DEBUG SQL:104 - 
    drop table HB_G_H if exists
14:11:40,977 DEBUG SQL:104 - 
    drop table HB_H if exists
14:11:40,977  INFO SchemaExport:405 - HHH000230: Schema export complete
14:11:41,001  INFO DriverManagerConnectionProviderImpl:162 - HHH000030: Cleaning up connection pool [jdbc:h2:mem:db1;DB_CLOSE_DELAY=-1;MVCC=TRUE]
]]></system-out>
  <system-err><![CDATA[]]></system-err>
</testsuite>
