<?xml version="1.0" encoding="UTF-8"?>
<testsuite errors="0" failures="0" hostname="dhcp-10.15.208.168.stl.redhat.com" name="org.hibernate.metamodel.source.annotations.entity.TemporalBindingTest" tests="3" time="0.038" timestamp="2013-02-28T20:10:00">
  <properties />
  <testcase classname="org.hibernate.metamodel.source.annotations.entity.TemporalBindingTest" name="testNoTemporalAnnotationOnTemporalTypeAttribute" time="0.009" />
  <testcase classname="org.hibernate.metamodel.source.annotations.entity.TemporalBindingTest" name="testTemporalTypeAsId" time="0.008" />
  <testcase classname="org.hibernate.metamodel.source.annotations.entity.TemporalBindingTest" name="testTemporalTypeAttribute" time="0.009" />
  <system-out><![CDATA[14:10:00,160  INFO CustomRunner:132 - BeforeClass: org.hibernate.metamodel.source.annotations.entity.TemporalBindingTest
14:10:00,160  INFO CustomRunner:139 - Test: testNoTemporalAnnotationOnTemporalTypeAttribute
14:10:00,163  INFO DriverManagerConnectionProviderImpl:99 - HHH000402: Using Hibernate built-in connection pool (not for production use!)
14:10:00,164  INFO DriverManagerConnectionProviderImpl:135 - HHH000115: Hibernate connection pool size: 5
14:10:00,164  INFO DriverManagerConnectionProviderImpl:138 - HHH000006: Autocommit mode: false
14:10:00,164  INFO DriverManagerConnectionProviderImpl:153 - HHH000401: using driver [org.h2.Driver] at URL [jdbc:h2:mem:db1;DB_CLOSE_DELAY=-1;MVCC=TRUE]
14:10:00,164  INFO DriverManagerConnectionProviderImpl:158 - HHH000046: Connection properties: {user=sa}
14:10:00,166  INFO Dialect:103 - HHH000400: Using dialect: org.hibernate.dialect.H2Dialect
14:10:00,166  INFO LobCreatorBuilder:94 - HHH000423: Disabling contextual LOB creation as JDBC driver reported JDBC version [3] less than 4
14:10:00,167  WARN CachingRegionFactory:53 - CachingRegionFactory should be only used for testing.
14:10:00,170  INFO CustomRunner:139 - Test: testTemporalTypeAsId
14:10:00,173  INFO DriverManagerConnectionProviderImpl:99 - HHH000402: Using Hibernate built-in connection pool (not for production use!)
14:10:00,173  INFO DriverManagerConnectionProviderImpl:135 - HHH000115: Hibernate connection pool size: 5
14:10:00,174  INFO DriverManagerConnectionProviderImpl:138 - HHH000006: Autocommit mode: false
14:10:00,174  INFO DriverManagerConnectionProviderImpl:153 - HHH000401: using driver [org.h2.Driver] at URL [jdbc:h2:mem:db1;DB_CLOSE_DELAY=-1;MVCC=TRUE]
14:10:00,174  INFO DriverManagerConnectionProviderImpl:158 - HHH000046: Connection properties: {user=sa}
14:10:00,175  INFO Dialect:103 - HHH000400: Using dialect: org.hibernate.dialect.H2Dialect
14:10:00,176  INFO LobCreatorBuilder:94 - HHH000423: Disabling contextual LOB creation as JDBC driver reported JDBC version [3] less than 4
14:10:00,177  WARN CachingRegionFactory:53 - CachingRegionFactory should be only used for testing.
14:10:00,184  INFO CustomRunner:139 - Test: testTemporalTypeAttribute
14:10:00,188  INFO DriverManagerConnectionProviderImpl:99 - HHH000402: Using Hibernate built-in connection pool (not for production use!)
14:10:00,188  INFO DriverManagerConnectionProviderImpl:135 - HHH000115: Hibernate connection pool size: 5
14:10:00,188  INFO DriverManagerConnectionProviderImpl:138 - HHH000006: Autocommit mode: false
14:10:00,189  INFO DriverManagerConnectionProviderImpl:153 - HHH000401: using driver [org.h2.Driver] at URL [jdbc:h2:mem:db1;DB_CLOSE_DELAY=-1;MVCC=TRUE]
14:10:00,189  INFO DriverManagerConnectionProviderImpl:158 - HHH000046: Connection properties: {user=sa}
14:10:00,190  INFO Dialect:103 - HHH000400: Using dialect: org.hibernate.dialect.H2Dialect
14:10:00,190  INFO LobCreatorBuilder:94 - HHH000423: Disabling contextual LOB creation as JDBC driver reported JDBC version [3] less than 4
14:10:00,192  WARN CachingRegionFactory:53 - CachingRegionFactory should be only used for testing.
]]></system-out>
  <system-err><![CDATA[]]></system-err>
</testsuite>
