<?xml version="1.0" encoding="UTF-8"?>
<testsuite errors="0" failures="0" hostname="dhcp-10.15.208.168.stl.redhat.com" name="org.hibernate.metamodel.binding.BasicCollectionBindingTests" tests="1" time="1.296" timestamp="2013-02-28T20:09:55">
  <properties />
  <testcase classname="org.hibernate.metamodel.binding.BasicCollectionBindingTests" name="testHbm" time="1.293" />
  <system-out><![CDATA[14:09:55,236  INFO CustomRunner:132 - BeforeClass: org.hibernate.metamodel.binding.BasicCollectionBindingTests
14:09:55,236  INFO CustomRunner:139 - Test: testHbm
14:09:56,472  INFO DriverManagerConnectionProviderImpl:99 - HHH000402: Using Hibernate built-in connection pool (not for production use!)
14:09:56,474  INFO DriverManagerConnectionProviderImpl:135 - HHH000115: Hibernate connection pool size: 5
14:09:56,475  INFO DriverManagerConnectionProviderImpl:138 - HHH000006: Autocommit mode: false
14:09:56,476  INFO DriverManagerConnectionProviderImpl:153 - HHH000401: using driver [org.h2.Driver] at URL [jdbc:h2:mem:db1;DB_CLOSE_DELAY=-1;MVCC=TRUE]
14:09:56,477  INFO DriverManagerConnectionProviderImpl:158 - HHH000046: Connection properties: {user=sa}
14:09:56,483  INFO Dialect:103 - HHH000400: Using dialect: org.hibernate.dialect.H2Dialect
14:09:56,484  INFO LobCreatorBuilder:94 - HHH000423: Disabling contextual LOB creation as JDBC driver reported JDBC version [3] less than 4
14:09:56,529  INFO DriverManagerConnectionProviderImpl:162 - HHH000030: Cleaning up connection pool [jdbc:h2:mem:db1;DB_CLOSE_DELAY=-1;MVCC=TRUE]
]]></system-out>
  <system-err><![CDATA[]]></system-err>
</testsuite>
