<?xml version="1.0" encoding="UTF-8"?>
<testsuite errors="0" failures="0" hostname="dhcp-10.15.208.168.stl.redhat.com" name="org.hibernate.test.schemaupdate.SchemaExportSuppliedConnectionTest" tests="4" time="0.084" timestamp="2013-02-28T20:19:16">
  <properties />
  <testcase classname="org.hibernate.test.schemaupdate.SchemaExportSuppliedConnectionTest" name="testBothType" time="0.024" />
  <testcase classname="org.hibernate.test.schemaupdate.SchemaExportSuppliedConnectionTest" name="testCreateAndDrop" time="0.021" />
  <testcase classname="org.hibernate.test.schemaupdate.SchemaExportSuppliedConnectionTest" name="testCreateAndDropOnlyType" time="0.021" />
  <testcase classname="org.hibernate.test.schemaupdate.SchemaExportSuppliedConnectionTest" name="testGenerateDdlToFile" time="0.016" />
  <system-out><![CDATA[14:19:16,519  INFO CustomRunner:132 - BeforeClass: org.hibernate.test.schemaupdate.SchemaExportSuppliedConnectionTest
14:19:16,519  INFO CustomRunner:139 - Test: testBothType
14:19:16,521  INFO Configuration:725 - HHH000221: Reading mappings from resource: org/hibernate/test/schemaupdate/mapping.hbm.xml
14:19:16,527  INFO DriverManagerConnectionProviderImpl:99 - HHH000402: Using Hibernate built-in connection pool (not for production use!)
14:19:16,527  INFO DriverManagerConnectionProviderImpl:135 - HHH000115: Hibernate connection pool size: 5
14:19:16,527  INFO DriverManagerConnectionProviderImpl:138 - HHH000006: Autocommit mode: false
14:19:16,527  INFO DriverManagerConnectionProviderImpl:153 - HHH000401: using driver [org.h2.Driver] at URL [jdbc:h2:mem:db1;DB_CLOSE_DELAY=-1;MVCC=TRUE]
14:19:16,527  INFO DriverManagerConnectionProviderImpl:158 - HHH000046: Connection properties: {user=sa}
14:19:16,528  INFO Dialect:103 - HHH000400: Using dialect: org.hibernate.dialect.H2Dialect
14:19:16,528  INFO LobCreatorBuilder:94 - HHH000423: Disabling contextual LOB creation as JDBC driver reported JDBC version [3] less than 4
14:19:16,529  INFO SchemaExport:343 - HHH000227: Running hbm2ddl schema export
14:19:16,529 DEBUG SchemaExport:353 - Import file not found: /import.sql
14:19:16,529 DEBUG SQL:104 - 
    drop table Version if exists

    drop table Version if exists
14:19:16,529 DEBUG SQL:104 - 
    drop table uid_table if exists

    drop table uid_table if exists
14:19:16,529  INFO SchemaExport:405 - HHH000230: Schema export complete
14:19:16,530  INFO Configuration:725 - HHH000221: Reading mappings from resource: org/hibernate/test/schemaupdate/mapping.hbm.xml
14:19:16,535  INFO SchemaExport:343 - HHH000227: Running hbm2ddl schema export
14:19:16,536 DEBUG SchemaExport:353 - Import file not found: /import.sql
14:19:16,536 DEBUG SQL:104 - 
    drop table Version if exists
14:19:16,536 DEBUG SQL:104 - 
    drop table uid_table if exists
14:19:16,536 DEBUG SQL:104 - 
    create table Version (
        id bigint not null,
        description varchar(255),
        primary key (id)
    )
14:19:16,537 DEBUG SQL:104 - 
    create table uid_table (
         next_hi_value_column integer 
    )
14:19:16,537 DEBUG SQL:104 - 
    insert into uid_table values ( 0 )
14:19:16,538  INFO SchemaExport:405 - HHH000230: Schema export complete
14:19:16,538  INFO Dialect:103 - HHH000400: Using dialect: org.hibernate.dialect.H2Dialect
14:19:16,538  INFO SchemaExport:343 - HHH000227: Running hbm2ddl schema export
14:19:16,539 DEBUG SchemaExport:353 - Import file not found: /import.sql
14:19:16,539 DEBUG SQL:104 - 
    drop table Version if exists
14:19:16,539 DEBUG SQL:104 - 
    drop table uid_table if exists
14:19:16,539 DEBUG SQL:104 - 
    create table Version (
        id bigint not null,
        description varchar(255),
        primary key (id)
    )
14:19:16,539 DEBUG SQL:104 - 
    create table uid_table (
         next_hi_value_column integer 
    )
14:19:16,540 DEBUG SQL:104 - 
    insert into uid_table values ( 0 )
14:19:16,540  INFO SchemaExport:405 - HHH000230: Schema export complete
14:19:16,540  INFO SchemaExport:343 - HHH000227: Running hbm2ddl schema export
14:19:16,540 DEBUG SchemaExport:353 - Import file not found: /import.sql
14:19:16,540 DEBUG SQL:104 - 
    drop table Version if exists
14:19:16,540 DEBUG SQL:104 - 
    drop table uid_table if exists
14:19:16,541  INFO SchemaExport:405 - HHH000230: Schema export complete
14:19:16,542  INFO DriverManagerConnectionProviderImpl:162 - HHH000030: Cleaning up connection pool [jdbc:h2:mem:db1;DB_CLOSE_DELAY=-1;MVCC=TRUE]
14:19:16,543  INFO CustomRunner:139 - Test: testCreateAndDrop
14:19:16,545  INFO Configuration:725 - HHH000221: Reading mappings from resource: org/hibernate/test/schemaupdate/mapping.hbm.xml
14:19:16,549  INFO DriverManagerConnectionProviderImpl:99 - HHH000402: Using Hibernate built-in connection pool (not for production use!)
14:19:16,550  INFO DriverManagerConnectionProviderImpl:135 - HHH000115: Hibernate connection pool size: 5
14:19:16,550  INFO DriverManagerConnectionProviderImpl:138 - HHH000006: Autocommit mode: false
14:19:16,550  INFO DriverManagerConnectionProviderImpl:153 - HHH000401: using driver [org.h2.Driver] at URL [jdbc:h2:mem:db1;DB_CLOSE_DELAY=-1;MVCC=TRUE]
14:19:16,550  INFO DriverManagerConnectionProviderImpl:158 - HHH000046: Connection properties: {user=sa}
14:19:16,551  INFO Dialect:103 - HHH000400: Using dialect: org.hibernate.dialect.H2Dialect
14:19:16,551  INFO LobCreatorBuilder:94 - HHH000423: Disabling contextual LOB creation as JDBC driver reported JDBC version [3] less than 4
14:19:16,552  INFO SchemaExport:343 - HHH000227: Running hbm2ddl schema export
14:19:16,552 DEBUG SchemaExport:353 - Import file not found: /import.sql
14:19:16,552 DEBUG SQL:104 - 
    drop table Version if exists

    drop table Version if exists
14:19:16,552 DEBUG SQL:104 - 
    drop table uid_table if exists

    drop table uid_table if exists
14:19:16,552  INFO SchemaExport:405 - HHH000230: Schema export complete
14:19:16,553  INFO Configuration:725 - HHH000221: Reading mappings from resource: org/hibernate/test/schemaupdate/mapping.hbm.xml
14:19:16,557  INFO SchemaExport:343 - HHH000227: Running hbm2ddl schema export
14:19:16,557 DEBUG SchemaExport:353 - Import file not found: /import.sql
14:19:16,558 DEBUG SQL:104 - 
    drop table Version if exists

    drop table Version if exists
14:19:16,558 DEBUG SQL:104 - 
    drop table uid_table if exists

    drop table uid_table if exists
14:19:16,558 DEBUG SQL:104 - 
    create table Version (
        id bigint not null,
        description varchar(255),
        primary key (id)
    )

    create table Version (
        id bigint not null,
        description varchar(255),
        primary key (id)
    )
14:19:16,558 DEBUG SQL:104 - 
    create table uid_table (
         next_hi_value_column integer 
    )

    create table uid_table (
         next_hi_value_column integer 
    )
14:19:16,558 DEBUG SQL:104 - 
    insert into uid_table values ( 0 )

    insert into uid_table values ( 0 )
14:19:16,558  INFO SchemaExport:405 - HHH000230: Schema export complete
14:19:16,558  INFO Dialect:103 - HHH000400: Using dialect: org.hibernate.dialect.H2Dialect
14:19:16,559  INFO SchemaExport:343 - HHH000227: Running hbm2ddl schema export
14:19:16,559 DEBUG SchemaExport:353 - Import file not found: /import.sql
14:19:16,559 DEBUG SQL:104 - 
    drop table Version if exists

    drop table Version if exists
14:19:16,559 DEBUG SQL:104 - 
    drop table uid_table if exists

    drop table uid_table if exists
14:19:16,559 DEBUG SQL:104 - 
    create table Version (
        id bigint not null,
        description varchar(255),
        primary key (id)
    )

    create table Version (
        id bigint not null,
        description varchar(255),
        primary key (id)
    )
14:19:16,560 DEBUG SQL:104 - 
    create table uid_table (
         next_hi_value_column integer 
    )

    create table uid_table (
         next_hi_value_column integer 
    )
14:19:16,560 DEBUG SQL:104 - 
    insert into uid_table values ( 0 )

    insert into uid_table values ( 0 )
14:19:16,560  INFO SchemaExport:405 - HHH000230: Schema export complete
14:19:16,560  INFO SchemaExport:343 - HHH000227: Running hbm2ddl schema export
14:19:16,560 DEBUG SchemaExport:353 - Import file not found: /import.sql
14:19:16,560 DEBUG SQL:104 - 
    drop table Version if exists

    drop table Version if exists
14:19:16,560 DEBUG SQL:104 - 
    drop table uid_table if exists

    drop table uid_table if exists
14:19:16,561  INFO SchemaExport:405 - HHH000230: Schema export complete
14:19:16,561  INFO DriverManagerConnectionProviderImpl:162 - HHH000030: Cleaning up connection pool [jdbc:h2:mem:db1;DB_CLOSE_DELAY=-1;MVCC=TRUE]
14:19:16,564  INFO CustomRunner:139 - Test: testCreateAndDropOnlyType
14:19:16,566  INFO Configuration:725 - HHH000221: Reading mappings from resource: org/hibernate/test/schemaupdate/mapping.hbm.xml
14:19:16,571  INFO DriverManagerConnectionProviderImpl:99 - HHH000402: Using Hibernate built-in connection pool (not for production use!)
14:19:16,571  INFO DriverManagerConnectionProviderImpl:135 - HHH000115: Hibernate connection pool size: 5
14:19:16,571  INFO DriverManagerConnectionProviderImpl:138 - HHH000006: Autocommit mode: false
14:19:16,571  INFO DriverManagerConnectionProviderImpl:153 - HHH000401: using driver [org.h2.Driver] at URL [jdbc:h2:mem:db1;DB_CLOSE_DELAY=-1;MVCC=TRUE]
14:19:16,572  INFO DriverManagerConnectionProviderImpl:158 - HHH000046: Connection properties: {user=sa}
14:19:16,573  INFO Dialect:103 - HHH000400: Using dialect: org.hibernate.dialect.H2Dialect
14:19:16,573  INFO LobCreatorBuilder:94 - HHH000423: Disabling contextual LOB creation as JDBC driver reported JDBC version [3] less than 4
14:19:16,573  INFO SchemaExport:343 - HHH000227: Running hbm2ddl schema export
14:19:16,574 DEBUG SchemaExport:353 - Import file not found: /import.sql
14:19:16,574 DEBUG SQL:104 - 
    drop table Version if exists

    drop table Version if exists
14:19:16,574 DEBUG SQL:104 - 
    drop table uid_table if exists

    drop table uid_table if exists
14:19:16,574  INFO SchemaExport:405 - HHH000230: Schema export complete
14:19:16,574  INFO Configuration:725 - HHH000221: Reading mappings from resource: org/hibernate/test/schemaupdate/mapping.hbm.xml
14:19:16,580  INFO SchemaExport:343 - HHH000227: Running hbm2ddl schema export
14:19:16,581 DEBUG SchemaExport:353 - Import file not found: /import.sql
14:19:16,581 DEBUG SQL:104 - 
    create table Version (
        id bigint not null,
        description varchar(255),
        primary key (id)
    )
14:19:16,581 DEBUG SQL:104 - 
    create table uid_table (
         next_hi_value_column integer 
    )
14:19:16,581 DEBUG SQL:104 - 
    insert into uid_table values ( 0 )
14:19:16,582  INFO SchemaExport:405 - HHH000230: Schema export complete
14:19:16,582  INFO SchemaExport:343 - HHH000227: Running hbm2ddl schema export
14:19:16,582 DEBUG SchemaExport:353 - Import file not found: /import.sql
14:19:16,582 DEBUG SQL:104 - 
    create table Version (
        id bigint not null,
        description varchar(255),
        primary key (id)
    )
14:19:16,583 ERROR SchemaExport:425 - HHH000389: Unsuccessful: create table Version (id bigint not null, description varchar(255), primary key (id))
14:19:16,583 ERROR SchemaExport:426 - Table "VERSION" already exists; SQL statement:

    create table Version (
        id bigint not null,
        description varchar(255),
        primary key (id)
    ) [42101-145]
14:19:16,583 DEBUG SQL:104 - 
    create table uid_table (
         next_hi_value_column integer 
    )
14:19:16,583 ERROR SchemaExport:425 - HHH000389: Unsuccessful: create table uid_table ( next_hi_value_column integer )
14:19:16,583 ERROR SchemaExport:426 - Table "UID_TABLE" already exists; SQL statement:

    create table uid_table (
         next_hi_value_column integer 
    ) [42101-145]
14:19:16,583 DEBUG SQL:104 - 
    insert into uid_table values ( 0 )
14:19:16,583  INFO SchemaExport:405 - HHH000230: Schema export complete
14:19:16,583  INFO SchemaExport:343 - HHH000227: Running hbm2ddl schema export
14:19:16,584 DEBUG SchemaExport:353 - Import file not found: /import.sql
14:19:16,584 DEBUG SQL:104 - 
    drop table Version if exists
14:19:16,584 DEBUG SQL:104 - 
    drop table uid_table if exists
14:19:16,584  INFO SchemaExport:405 - HHH000230: Schema export complete
14:19:16,584  INFO DriverManagerConnectionProviderImpl:162 - HHH000030: Cleaning up connection pool [jdbc:h2:mem:db1;DB_CLOSE_DELAY=-1;MVCC=TRUE]
14:19:16,585  INFO CustomRunner:139 - Test: testGenerateDdlToFile
14:19:16,586  INFO Configuration:725 - HHH000221: Reading mappings from resource: org/hibernate/test/schemaupdate/mapping.hbm.xml
14:19:16,591  INFO DriverManagerConnectionProviderImpl:99 - HHH000402: Using Hibernate built-in connection pool (not for production use!)
14:19:16,591  INFO DriverManagerConnectionProviderImpl:135 - HHH000115: Hibernate connection pool size: 5
14:19:16,591  INFO DriverManagerConnectionProviderImpl:138 - HHH000006: Autocommit mode: false
14:19:16,591  INFO DriverManagerConnectionProviderImpl:153 - HHH000401: using driver [org.h2.Driver] at URL [jdbc:h2:mem:db1;DB_CLOSE_DELAY=-1;MVCC=TRUE]
14:19:16,591  INFO DriverManagerConnectionProviderImpl:158 - HHH000046: Connection properties: {user=sa}
14:19:16,592  INFO Dialect:103 - HHH000400: Using dialect: org.hibernate.dialect.H2Dialect
14:19:16,592  INFO LobCreatorBuilder:94 - HHH000423: Disabling contextual LOB creation as JDBC driver reported JDBC version [3] less than 4
14:19:16,593  INFO SchemaExport:343 - HHH000227: Running hbm2ddl schema export
14:19:16,593 DEBUG SchemaExport:353 - Import file not found: /import.sql
14:19:16,593 DEBUG SQL:104 - 
    drop table Version if exists

    drop table Version if exists
14:19:16,594 DEBUG SQL:104 - 
    drop table uid_table if exists

    drop table uid_table if exists
14:19:16,594  INFO SchemaExport:405 - HHH000230: Schema export complete
14:19:16,594  INFO Configuration:725 - HHH000221: Reading mappings from resource: org/hibernate/test/schemaupdate/mapping.hbm.xml
14:19:16,599  INFO SchemaExport:343 - HHH000227: Running hbm2ddl schema export
14:19:16,599 DEBUG SchemaExport:353 - Import file not found: /import.sql
14:19:16,600 DEBUG SQL:104 - 
    create table Version (
        id bigint not null,
        description varchar(255),
        primary key (id)
    )
14:19:16,600 DEBUG SQL:104 - 
    create table uid_table (
         next_hi_value_column integer 
    )
14:19:16,600 DEBUG SQL:104 - 
    insert into uid_table values ( 0 )
14:19:16,600  INFO SchemaExport:405 - HHH000230: Schema export complete
14:19:16,600  INFO Dialect:103 - HHH000400: Using dialect: org.hibernate.dialect.H2Dialect
14:19:16,601  INFO DriverManagerConnectionProviderImpl:162 - HHH000030: Cleaning up connection pool [jdbc:h2:mem:db1;DB_CLOSE_DELAY=-1;MVCC=TRUE]
]]></system-out>
  <system-err><![CDATA[]]></system-err>
</testsuite>
