<?xml version="1.0" encoding="UTF-8"?>
<testsuite errors="0" failures="0" hostname="dhcp-10.15.208.168.stl.redhat.com" name="org.hibernate.test.annotations.loader.LoaderTest" tests="1" time="0.133" timestamp="2013-02-28T20:10:33">
  <properties />
  <testcase classname="org.hibernate.test.annotations.loader.LoaderTest" name="testBasic" time="0.014" />
  <system-out><![CDATA[14:10:33,472  INFO CustomRunner:132 - BeforeClass: org.hibernate.test.annotations.loader.LoaderTest
14:10:33,494  INFO DriverManagerConnectionProviderImpl:99 - HHH000402: Using Hibernate built-in connection pool (not for production use!)
14:10:33,494  INFO DriverManagerConnectionProviderImpl:135 - HHH000115: Hibernate connection pool size: 5
14:10:33,494  INFO DriverManagerConnectionProviderImpl:138 - HHH000006: Autocommit mode: false
14:10:33,494  INFO DriverManagerConnectionProviderImpl:153 - HHH000401: using driver [org.h2.Driver] at URL [jdbc:h2:mem:db1;DB_CLOSE_DELAY=-1;MVCC=TRUE]
14:10:33,495  INFO DriverManagerConnectionProviderImpl:158 - HHH000046: Connection properties: {user=sa}
14:10:33,496  INFO Dialect:103 - HHH000400: Using dialect: org.hibernate.dialect.H2Dialect
14:10:33,496  INFO LobCreatorBuilder:94 - HHH000423: Disabling contextual LOB creation as JDBC driver reported JDBC version [3] less than 4
14:10:33,497  INFO TransactionFactoryInitiator:66 - HHH000399: Using default transaction strategy (direct JDBC transactions)
14:10:33,497  INFO ASTQueryTranslatorFactory:48 - HHH000397: Using ASTQueryTranslatorFactory
14:10:33,497  WARN CachingRegionFactory:58 - CachingRegionFactory should be only used for testing.
14:10:33,541  INFO SchemaExport:343 - HHH000227: Running hbm2ddl schema export
14:10:33,541 DEBUG SchemaExport:353 - Import file not found: /import.sql
14:10:33,541 DEBUG SQL:104 - 
    alter table Player 
        drop constraint FK8EA38701523E76F5
14:10:33,542 ERROR SchemaExport:425 - HHH000389: Unsuccessful: alter table Player drop constraint FK8EA38701523E76F5
14:10:33,542 ERROR SchemaExport:426 - Table "PLAYER" not found; SQL statement:

    alter table Player 
        drop constraint FK8EA38701523E76F5 [42102-145]
14:10:33,542 DEBUG SQL:104 - 
    drop table Player if exists
14:10:33,542 DEBUG SQL:104 - 
    drop table Team if exists
14:10:33,542 DEBUG SQL:104 - 
    drop sequence hibernate_sequence
14:10:33,542 ERROR SchemaExport:425 - HHH000389: Unsuccessful: drop sequence hibernate_sequence
14:10:33,542 ERROR SchemaExport:426 - Sequence "HIBERNATE_SEQUENCE" not found; SQL statement:

    drop sequence hibernate_sequence [90036-145]
14:10:33,543 DEBUG SQL:104 - 
    create table Player (
        id bigint not null,
        name varchar(255),
        team_id bigint,
        primary key (id)
    )
14:10:33,543 DEBUG SQL:104 - 
    create table Team (
        id bigint not null,
        primary key (id)
    )
14:10:33,544 DEBUG SQL:104 - 
    alter table Player 
        add constraint FK8EA38701523E76F5 
        foreign key (team_id) 
        references Team
14:10:33,545 DEBUG SQL:104 - 
    create sequence hibernate_sequence start with 1 increment by 1
14:10:33,545  INFO SchemaExport:405 - HHH000230: Schema export complete
14:10:33,546  WARN SessionFactoryImpl:1554 - HHH000008: JTASessionContext being used with JDBCTransactionFactory; auto-flush will not operate correctly with getCurrentSession()
14:10:33,547  INFO CustomRunner:139 - Test: testBasic
14:10:33,554 DEBUG SQL:104 - 
    call next value for hibernate_sequence
14:10:33,555 DEBUG SQL:104 - 
    call next value for hibernate_sequence
14:10:33,556 DEBUG SQL:104 - 
    insert 
    into
        Player
        (name, team_id, id) 
    values
        (?, ?, ?)
14:10:33,556 DEBUG SQL:104 - 
    insert 
    into
        Team
        (id) 
    values
        (?)
14:10:33,557 DEBUG SQL:104 - 
    update
        Player 
    set
        name=?,
        team_id=? 
    where
        id=?
14:10:33,557 DEBUG SQL:104 - 
    select
        team0_.id as id1_0_ 
    from
        Team team0_ 
    where
        team0_.id=?
14:10:33,561  INFO SchemaExport:343 - HHH000227: Running hbm2ddl schema export
14:10:33,562 DEBUG SchemaExport:353 - Import file not found: /import.sql
14:10:33,562 DEBUG SQL:104 - 
    alter table Player 
        drop constraint FK8EA38701523E76F5
14:10:33,562 DEBUG SQL:104 - 
    drop table Player if exists
14:10:33,562 DEBUG SQL:104 - 
    drop table Team if exists
14:10:33,562 DEBUG SQL:104 - 
    drop sequence hibernate_sequence
14:10:33,604  INFO SchemaExport:405 - HHH000230: Schema export complete
14:10:33,604  INFO DriverManagerConnectionProviderImpl:162 - HHH000030: Cleaning up connection pool [jdbc:h2:mem:db1;DB_CLOSE_DELAY=-1;MVCC=TRUE]
]]></system-out>
  <system-err><![CDATA[org.hibernate.ObjectNotFoundException: No row with the given identifier exists: [org.hibernate.test.annotations.loader.Team#1]
	at org.hibernate.internal.SessionFactoryImpl$1$1.handleEntityNotFound(SessionFactoryImpl.java:251)
	at org.hibernate.proxy.AbstractLazyInitializer.checkTargetState(AbstractLazyInitializer.java:261)
	at org.hibernate.proxy.AbstractLazyInitializer.initialize(AbstractLazyInitializer.java:175)
	at org.hibernate.proxy.AbstractLazyInitializer.getImplementation(AbstractLazyInitializer.java:285)
	at org.hibernate.proxy.pojo.javassist.JavassistLazyInitializer.invoke(JavassistLazyInitializer.java:185)
	at org.hibernate.test.annotations.loader.Team_$$_javassist_428.getPlayers(Team_$$_javassist_428.java)
	at org.hibernate.test.annotations.loader.LoaderTest.testBasic(LoaderTest.java:76)
	at sun.reflect.NativeMethodAccessorImpl.invoke0(Native Method)
	at sun.reflect.NativeMethodAccessorImpl.invoke(NativeMethodAccessorImpl.java:57)
	at sun.reflect.DelegatingMethodAccessorImpl.invoke(DelegatingMethodAccessorImpl.java:43)
	at java.lang.reflect.Method.invoke(Method.java:601)
	at org.junit.runners.model.FrameworkMethod$1.runReflectiveCall(FrameworkMethod.java:45)
	at org.junit.internal.runners.model.ReflectiveCallable.run(ReflectiveCallable.java:15)
	at org.junit.runners.model.FrameworkMethod.invokeExplosively(FrameworkMethod.java:42)
	at org.hibernate.testing.junit4.ExtendedFrameworkMethod.invokeExplosively(ExtendedFrameworkMethod.java:63)
	at org.junit.internal.runners.statements.InvokeMethod.evaluate(InvokeMethod.java:20)
	at org.junit.internal.runners.statements.RunBefores.evaluate(RunBefores.java:28)
	at org.junit.internal.runners.statements.RunAfters.evaluate(RunAfters.java:30)
	at org.junit.internal.runners.statements.FailOnTimeout$StatementThread.run(FailOnTimeout.java:62)
]]></system-err>
</testsuite>
