<?xml version="1.0" encoding="UTF-8"?>
<testsuite errors="0" failures="0" hostname="dhcp-10.15.208.168.stl.redhat.com" name="org.hibernate.test.mapping.usertypes.UserTypeMappingTest" tests="2" time="0.196" timestamp="2013-02-28T20:17:29">
  <properties />
  <testcase classname="org.hibernate.test.mapping.usertypes.UserTypeMappingTest" name="testFirstEntityThenType" time="0.174" />
  <testcase classname="org.hibernate.test.mapping.usertypes.UserTypeMappingTest" name="testFirstTypeThenEntity" time="0.018" />
  <system-out><![CDATA[14:17:29,494  INFO CustomRunner:132 - BeforeClass: org.hibernate.test.mapping.usertypes.UserTypeMappingTest
14:17:29,494  INFO CustomRunner:139 - Test: testFirstEntityThenType
14:17:29,497  INFO Configuration:725 - HHH000221: Reading mappings from resource: org/hibernate/test/mapping/usertypes/TestEntity.hbm.xml
14:17:29,516  INFO Configuration:725 - HHH000221: Reading mappings from resource: org/hibernate/test/mapping/usertypes/TestEnumType.hbm.xml
14:17:29,522  INFO DriverManagerConnectionProviderImpl:99 - HHH000402: Using Hibernate built-in connection pool (not for production use!)
14:17:29,522  INFO DriverManagerConnectionProviderImpl:135 - HHH000115: Hibernate connection pool size: 5
14:17:29,523  INFO DriverManagerConnectionProviderImpl:138 - HHH000006: Autocommit mode: false
14:17:29,523  INFO DriverManagerConnectionProviderImpl:153 - HHH000401: using driver [org.h2.Driver] at URL [jdbc:h2:mem:]
14:17:29,523  INFO DriverManagerConnectionProviderImpl:158 - HHH000046: Connection properties: {user=sa, password=****}
14:17:29,542  INFO Dialect:103 - HHH000400: Using dialect: org.hibernate.dialect.HSQLDialect
14:17:29,543  INFO LobCreatorBuilder:94 - HHH000423: Disabling contextual LOB creation as JDBC driver reported JDBC version [3] less than 4
14:17:29,544  INFO TransactionFactoryInitiator:66 - HHH000399: Using default transaction strategy (direct JDBC transactions)
14:17:29,544  INFO ASTQueryTranslatorFactory:48 - HHH000397: Using ASTQueryTranslatorFactory
14:17:29,668  WARN SessionFactoryImpl:1554 - HHH000008: JTASessionContext being used with JDBCTransactionFactory; auto-flush will not operate correctly with getCurrentSession()
14:17:29,669  INFO CustomRunner:139 - Test: testFirstTypeThenEntity
14:17:29,671  INFO Configuration:725 - HHH000221: Reading mappings from resource: org/hibernate/test/mapping/usertypes/TestEnumType.hbm.xml
14:17:29,676  INFO Configuration:725 - HHH000221: Reading mappings from resource: org/hibernate/test/mapping/usertypes/TestEntity.hbm.xml
14:17:29,681  INFO DriverManagerConnectionProviderImpl:99 - HHH000402: Using Hibernate built-in connection pool (not for production use!)
14:17:29,681  INFO DriverManagerConnectionProviderImpl:135 - HHH000115: Hibernate connection pool size: 5
14:17:29,682  INFO DriverManagerConnectionProviderImpl:138 - HHH000006: Autocommit mode: false
14:17:29,682  INFO DriverManagerConnectionProviderImpl:153 - HHH000401: using driver [org.h2.Driver] at URL [jdbc:h2:mem:]
14:17:29,682  INFO DriverManagerConnectionProviderImpl:158 - HHH000046: Connection properties: {user=sa, password=****}
14:17:29,683  INFO Dialect:103 - HHH000400: Using dialect: org.hibernate.dialect.HSQLDialect
14:17:29,684  INFO LobCreatorBuilder:94 - HHH000423: Disabling contextual LOB creation as JDBC driver reported JDBC version [3] less than 4
14:17:29,684  INFO TransactionFactoryInitiator:66 - HHH000399: Using default transaction strategy (direct JDBC transactions)
14:17:29,684  INFO ASTQueryTranslatorFactory:48 - HHH000397: Using ASTQueryTranslatorFactory
14:17:29,687  WARN SessionFactoryImpl:1554 - HHH000008: JTASessionContext being used with JDBCTransactionFactory; auto-flush will not operate correctly with getCurrentSession()
]]></system-out>
  <system-err><![CDATA[]]></system-err>
</testsuite>
