<?xml version="1.0" encoding="UTF-8"?>
<testsuite errors="0" failures="0" hostname="dhcp-10.15.208.168.stl.redhat.com" name="org.hibernate.test.pagination.PaginationTest" tests="3" time="0.83" timestamp="2013-02-28T20:17:45">
  <properties />
  <testcase classname="org.hibernate.test.pagination.PaginationTest" name="testLimit" time="0.247" />
  <testcase classname="org.hibernate.test.pagination.PaginationTest" name="testLimitOffset" time="0.28" />
  <testcase classname="org.hibernate.test.pagination.PaginationTest" name="testOffset" time="0.259" />
  <system-out><![CDATA[14:17:45,406  INFO CustomRunner:132 - BeforeClass: org.hibernate.test.pagination.PaginationTest
14:17:45,407  INFO Configuration:706 - HHH000221: Reading mappings from resource: org/hibernate/test/pagination/DataPoint.hbm.xml
14:17:45,431  INFO DriverManagerConnectionProviderImpl:99 - HHH000402: Using Hibernate built-in connection pool (not for production use!)
14:17:45,431  INFO DriverManagerConnectionProviderImpl:135 - HHH000115: Hibernate connection pool size: 5
14:17:45,433  INFO DriverManagerConnectionProviderImpl:138 - HHH000006: Autocommit mode: false
14:17:45,433  INFO DriverManagerConnectionProviderImpl:153 - HHH000401: using driver [org.h2.Driver] at URL [jdbc:h2:mem:db1;DB_CLOSE_DELAY=-1;MVCC=TRUE]
14:17:45,433  INFO DriverManagerConnectionProviderImpl:158 - HHH000046: Connection properties: {user=sa}
14:17:45,434  INFO Dialect:103 - HHH000400: Using dialect: org.hibernate.dialect.H2Dialect
14:17:45,434  INFO LobCreatorBuilder:94 - HHH000423: Disabling contextual LOB creation as JDBC driver reported JDBC version [3] less than 4
14:17:45,435  INFO TransactionFactoryInitiator:66 - HHH000399: Using default transaction strategy (direct JDBC transactions)
14:17:45,435  INFO ASTQueryTranslatorFactory:48 - HHH000397: Using ASTQueryTranslatorFactory
14:17:45,435  WARN CachingRegionFactory:58 - CachingRegionFactory should be only used for testing.
14:17:45,440  INFO SchemaExport:343 - HHH000227: Running hbm2ddl schema export
14:17:45,441 DEBUG SchemaExport:353 - Import file not found: /import.sql
14:17:45,441 DEBUG SQL:104 - 
    drop table DataPoint if exists
14:17:45,441 DEBUG SQL:104 - 
    create table DataPoint (
        id bigint not null,
        seqval integer not null,
        xval decimal(20,19) not null,
        yval decimal(20,19) not null,
        description varchar(255),
        primary key (id)
    )
14:17:45,442 DEBUG SQL:104 - 
    alter table DataPoint 
        add constraint xy unique (xval, yval)
14:17:45,442  INFO SchemaExport:405 - HHH000230: Schema export complete
14:17:45,442  WARN SessionFactoryImpl:1554 - HHH000008: JTASessionContext being used with JDBCTransactionFactory; auto-flush will not operate correctly with getCurrentSession()
14:17:45,442  INFO CustomRunner:139 - Test: testLimit
14:17:45,443 DEBUG SQL:104 - 
    select
        max(id) 
    from
        DataPoint
14:17:45,452 DEBUG SQL:104 - 
    insert 
    into
        DataPoint
        (seqval, xval, yval, description, id) 
    values
        (?, ?, ?, ?, ?)
14:17:45,452 DEBUG SQL:104 - 
    insert 
    into
        DataPoint
        (seqval, xval, yval, description, id) 
    values
        (?, ?, ?, ?, ?)
14:17:45,452 DEBUG SQL:104 - 
    insert 
    into
        DataPoint
        (seqval, xval, yval, description, id) 
    values
        (?, ?, ?, ?, ?)
14:17:45,453 DEBUG SQL:104 - 
    insert 
    into
        DataPoint
        (seqval, xval, yval, description, id) 
    values
        (?, ?, ?, ?, ?)
14:17:45,453 DEBUG SQL:104 - 
    insert 
    into
        DataPoint
        (seqval, xval, yval, description, id) 
    values
        (?, ?, ?, ?, ?)
14:17:45,453 DEBUG SQL:104 - 
    insert 
    into
        DataPoint
        (seqval, xval, yval, description, id) 
    values
        (?, ?, ?, ?, ?)
14:17:45,453 DEBUG SQL:104 - 
    insert 
    into
        DataPoint
        (seqval, xval, yval, description, id) 
    values
        (?, ?, ?, ?, ?)
14:17:45,454 DEBUG SQL:104 - 
    insert 
    into
        DataPoint
        (seqval, xval, yval, description, id) 
    values
        (?, ?, ?, ?, ?)
14:17:45,454 DEBUG SQL:104 - 
    insert 
    into
        DataPoint
        (seqval, xval, yval, description, id) 
    values
        (?, ?, ?, ?, ?)
14:17:45,454 DEBUG SQL:104 - 
    insert 
    into
        DataPoint
        (seqval, xval, yval, description, id) 
    values
        (?, ?, ?, ?, ?)
14:17:45,455 DEBUG SQL:104 - 
    insert 
    into
        DataPoint
        (seqval, xval, yval, description, id) 
    values
        (?, ?, ?, ?, ?)
14:17:45,455 DEBUG SQL:104 - 
    insert 
    into
        DataPoint
        (seqval, xval, yval, description, id) 
    values
        (?, ?, ?, ?, ?)
14:17:45,455 DEBUG SQL:104 - 
    insert 
    into
        DataPoint
        (seqval, xval, yval, description, id) 
    values
        (?, ?, ?, ?, ?)
14:17:45,455 DEBUG SQL:104 - 
    insert 
    into
        DataPoint
        (seqval, xval, yval, description, id) 
    values
        (?, ?, ?, ?, ?)
14:17:45,456 DEBUG SQL:104 - 
    insert 
    into
        DataPoint
        (seqval, xval, yval, description, id) 
    values
        (?, ?, ?, ?, ?)
14:17:45,456 DEBUG SQL:104 - 
    insert 
    into
        DataPoint
        (seqval, xval, yval, description, id) 
    values
        (?, ?, ?, ?, ?)
14:17:45,456 DEBUG SQL:104 - 
    insert 
    into
        DataPoint
        (seqval, xval, yval, description, id) 
    values
        (?, ?, ?, ?, ?)
14:17:45,456 DEBUG SQL:104 - 
    insert 
    into
        DataPoint
        (seqval, xval, yval, description, id) 
    values
        (?, ?, ?, ?, ?)
14:17:45,456 DEBUG SQL:104 - 
    insert 
    into
        DataPoint
        (seqval, xval, yval, description, id) 
    values
        (?, ?, ?, ?, ?)
14:17:45,457 DEBUG SQL:104 - 
    insert 
    into
        DataPoint
        (seqval, xval, yval, description, id) 
    values
        (?, ?, ?, ?, ?)
14:17:45,458 DEBUG SQL:104 - 
    insert 
    into
        DataPoint
        (seqval, xval, yval, description, id) 
    values
        (?, ?, ?, ?, ?)
14:17:45,458 DEBUG SQL:104 - 
    insert 
    into
        DataPoint
        (seqval, xval, yval, description, id) 
    values
        (?, ?, ?, ?, ?)
14:17:45,458 DEBUG SQL:104 - 
    insert 
    into
        DataPoint
        (seqval, xval, yval, description, id) 
    values
        (?, ?, ?, ?, ?)
14:17:45,459 DEBUG SQL:104 - 
    insert 
    into
        DataPoint
        (seqval, xval, yval, description, id) 
    values
        (?, ?, ?, ?, ?)
14:17:45,459 DEBUG SQL:104 - 
    insert 
    into
        DataPoint
        (seqval, xval, yval, description, id) 
    values
        (?, ?, ?, ?, ?)
14:17:45,459 DEBUG SQL:104 - 
    insert 
    into
        DataPoint
        (seqval, xval, yval, description, id) 
    values
        (?, ?, ?, ?, ?)
14:17:45,483 DEBUG SQL:104 - 
    insert 
    into
        DataPoint
        (seqval, xval, yval, description, id) 
    values
        (?, ?, ?, ?, ?)
14:17:45,483 DEBUG SQL:104 - 
    insert 
    into
        DataPoint
        (seqval, xval, yval, description, id) 
    values
        (?, ?, ?, ?, ?)
14:17:45,483 DEBUG SQL:104 - 
    insert 
    into
        DataPoint
        (seqval, xval, yval, description, id) 
    values
        (?, ?, ?, ?, ?)
14:17:45,484 DEBUG SQL:104 - 
    insert 
    into
        DataPoint
        (seqval, xval, yval, description, id) 
    values
        (?, ?, ?, ?, ?)
14:17:45,484 DEBUG SQL:104 - 
    insert 
    into
        DataPoint
        (seqval, xval, yval, description, id) 
    values
        (?, ?, ?, ?, ?)
14:17:45,493 DEBUG SQL:104 - 
    insert 
    into
        DataPoint
        (seqval, xval, yval, description, id) 
    values
        (?, ?, ?, ?, ?)
14:17:45,493 DEBUG SQL:104 - 
    insert 
    into
        DataPoint
        (seqval, xval, yval, description, id) 
    values
        (?, ?, ?, ?, ?)
14:17:45,493 DEBUG SQL:104 - 
    insert 
    into
        DataPoint
        (seqval, xval, yval, description, id) 
    values
        (?, ?, ?, ?, ?)
14:17:45,494 DEBUG SQL:104 - 
    insert 
    into
        DataPoint
        (seqval, xval, yval, description, id) 
    values
        (?, ?, ?, ?, ?)
14:17:45,502 DEBUG SQL:104 - 
    insert 
    into
        DataPoint
        (seqval, xval, yval, description, id) 
    values
        (?, ?, ?, ?, ?)
14:17:45,502 DEBUG SQL:104 - 
    insert 
    into
        DataPoint
        (seqval, xval, yval, description, id) 
    values
        (?, ?, ?, ?, ?)
14:17:45,503 DEBUG SQL:104 - 
    insert 
    into
        DataPoint
        (seqval, xval, yval, description, id) 
    values
        (?, ?, ?, ?, ?)
14:17:45,503 DEBUG SQL:104 - 
    insert 
    into
        DataPoint
        (seqval, xval, yval, description, id) 
    values
        (?, ?, ?, ?, ?)
14:17:45,513 DEBUG SQL:104 - 
    insert 
    into
        DataPoint
        (seqval, xval, yval, description, id) 
    values
        (?, ?, ?, ?, ?)
14:17:45,513 DEBUG SQL:104 - 
    insert 
    into
        DataPoint
        (seqval, xval, yval, description, id) 
    values
        (?, ?, ?, ?, ?)
14:17:45,514 DEBUG SQL:104 - 
    insert 
    into
        DataPoint
        (seqval, xval, yval, description, id) 
    values
        (?, ?, ?, ?, ?)
14:17:45,514 DEBUG SQL:104 - 
    insert 
    into
        DataPoint
        (seqval, xval, yval, description, id) 
    values
        (?, ?, ?, ?, ?)
14:17:45,514 DEBUG SQL:104 - 
    insert 
    into
        DataPoint
        (seqval, xval, yval, description, id) 
    values
        (?, ?, ?, ?, ?)
14:17:45,523 DEBUG SQL:104 - 
    insert 
    into
        DataPoint
        (seqval, xval, yval, description, id) 
    values
        (?, ?, ?, ?, ?)
14:17:45,523 DEBUG SQL:104 - 
    insert 
    into
        DataPoint
        (seqval, xval, yval, description, id) 
    values
        (?, ?, ?, ?, ?)
14:17:45,524 DEBUG SQL:104 - 
    insert 
    into
        DataPoint
        (seqval, xval, yval, description, id) 
    values
        (?, ?, ?, ?, ?)
14:17:45,524 DEBUG SQL:104 - 
    insert 
    into
        DataPoint
        (seqval, xval, yval, description, id) 
    values
        (?, ?, ?, ?, ?)
14:17:45,533 DEBUG SQL:104 - 
    insert 
    into
        DataPoint
        (seqval, xval, yval, description, id) 
    values
        (?, ?, ?, ?, ?)
14:17:45,534 DEBUG SQL:104 - 
    insert 
    into
        DataPoint
        (seqval, xval, yval, description, id) 
    values
        (?, ?, ?, ?, ?)
14:17:45,534 DEBUG SQL:104 - 
    insert 
    into
        DataPoint
        (seqval, xval, yval, description, id) 
    values
        (?, ?, ?, ?, ?)
14:17:45,534 DEBUG SQL:104 - 
    insert 
    into
        DataPoint
        (seqval, xval, yval, description, id) 
    values
        (?, ?, ?, ?, ?)
14:17:45,544 DEBUG SQL:104 - 
    insert 
    into
        DataPoint
        (seqval, xval, yval, description, id) 
    values
        (?, ?, ?, ?, ?)
14:17:45,545 DEBUG SQL:104 - 
    insert 
    into
        DataPoint
        (seqval, xval, yval, description, id) 
    values
        (?, ?, ?, ?, ?)
14:17:45,545 DEBUG SQL:104 - 
    insert 
    into
        DataPoint
        (seqval, xval, yval, description, id) 
    values
        (?, ?, ?, ?, ?)
14:17:45,545 DEBUG SQL:104 - 
    insert 
    into
        DataPoint
        (seqval, xval, yval, description, id) 
    values
        (?, ?, ?, ?, ?)
14:17:45,545 DEBUG SQL:104 - 
    insert 
    into
        DataPoint
        (seqval, xval, yval, description, id) 
    values
        (?, ?, ?, ?, ?)
14:17:45,556 DEBUG SQL:104 - 
    insert 
    into
        DataPoint
        (seqval, xval, yval, description, id) 
    values
        (?, ?, ?, ?, ?)
14:17:45,558 DEBUG SQL:104 - 
    insert 
    into
        DataPoint
        (seqval, xval, yval, description, id) 
    values
        (?, ?, ?, ?, ?)
14:17:45,558 DEBUG SQL:104 - 
    insert 
    into
        DataPoint
        (seqval, xval, yval, description, id) 
    values
        (?, ?, ?, ?, ?)
14:17:45,559 DEBUG SQL:104 - 
    insert 
    into
        DataPoint
        (seqval, xval, yval, description, id) 
    values
        (?, ?, ?, ?, ?)
14:17:45,559 DEBUG SQL:104 - 
    insert 
    into
        DataPoint
        (seqval, xval, yval, description, id) 
    values
        (?, ?, ?, ?, ?)
14:17:45,559 DEBUG SQL:104 - 
    insert 
    into
        DataPoint
        (seqval, xval, yval, description, id) 
    values
        (?, ?, ?, ?, ?)
14:17:45,559 DEBUG SQL:104 - 
    insert 
    into
        DataPoint
        (seqval, xval, yval, description, id) 
    values
        (?, ?, ?, ?, ?)
14:17:45,559 DEBUG SQL:104 - 
    insert 
    into
        DataPoint
        (seqval, xval, yval, description, id) 
    values
        (?, ?, ?, ?, ?)
14:17:45,560 DEBUG SQL:104 - 
    insert 
    into
        DataPoint
        (seqval, xval, yval, description, id) 
    values
        (?, ?, ?, ?, ?)
14:17:45,560 DEBUG SQL:104 - 
    insert 
    into
        DataPoint
        (seqval, xval, yval, description, id) 
    values
        (?, ?, ?, ?, ?)
14:17:45,570 DEBUG SQL:104 - 
    insert 
    into
        DataPoint
        (seqval, xval, yval, description, id) 
    values
        (?, ?, ?, ?, ?)
14:17:45,571 DEBUG SQL:104 - 
    insert 
    into
        DataPoint
        (seqval, xval, yval, description, id) 
    values
        (?, ?, ?, ?, ?)
14:17:45,571 DEBUG SQL:104 - 
    insert 
    into
        DataPoint
        (seqval, xval, yval, description, id) 
    values
        (?, ?, ?, ?, ?)
14:17:45,571 DEBUG SQL:104 - 
    insert 
    into
        DataPoint
        (seqval, xval, yval, description, id) 
    values
        (?, ?, ?, ?, ?)
14:17:45,571 DEBUG SQL:104 - 
    insert 
    into
        DataPoint
        (seqval, xval, yval, description, id) 
    values
        (?, ?, ?, ?, ?)
14:17:45,584 DEBUG SQL:104 - 
    insert 
    into
        DataPoint
        (seqval, xval, yval, description, id) 
    values
        (?, ?, ?, ?, ?)
14:17:45,585 DEBUG SQL:104 - 
    insert 
    into
        DataPoint
        (seqval, xval, yval, description, id) 
    values
        (?, ?, ?, ?, ?)
14:17:45,585 DEBUG SQL:104 - 
    insert 
    into
        DataPoint
        (seqval, xval, yval, description, id) 
    values
        (?, ?, ?, ?, ?)
14:17:45,585 DEBUG SQL:104 - 
    insert 
    into
        DataPoint
        (seqval, xval, yval, description, id) 
    values
        (?, ?, ?, ?, ?)
14:17:45,594 DEBUG SQL:104 - 
    insert 
    into
        DataPoint
        (seqval, xval, yval, description, id) 
    values
        (?, ?, ?, ?, ?)
14:17:45,595 DEBUG SQL:104 - 
    insert 
    into
        DataPoint
        (seqval, xval, yval, description, id) 
    values
        (?, ?, ?, ?, ?)
14:17:45,604 DEBUG SQL:104 - 
    insert 
    into
        DataPoint
        (seqval, xval, yval, description, id) 
    values
        (?, ?, ?, ?, ?)
14:17:45,605 DEBUG SQL:104 - 
    insert 
    into
        DataPoint
        (seqval, xval, yval, description, id) 
    values
        (?, ?, ?, ?, ?)
14:17:45,605 DEBUG SQL:104 - 
    insert 
    into
        DataPoint
        (seqval, xval, yval, description, id) 
    values
        (?, ?, ?, ?, ?)
14:17:45,605 DEBUG SQL:104 - 
    insert 
    into
        DataPoint
        (seqval, xval, yval, description, id) 
    values
        (?, ?, ?, ?, ?)
14:17:45,605 DEBUG SQL:104 - 
    insert 
    into
        DataPoint
        (seqval, xval, yval, description, id) 
    values
        (?, ?, ?, ?, ?)
14:17:45,615 DEBUG SQL:104 - 
    insert 
    into
        DataPoint
        (seqval, xval, yval, description, id) 
    values
        (?, ?, ?, ?, ?)
14:17:45,615 DEBUG SQL:104 - 
    insert 
    into
        DataPoint
        (seqval, xval, yval, description, id) 
    values
        (?, ?, ?, ?, ?)
14:17:45,615 DEBUG SQL:104 - 
    insert 
    into
        DataPoint
        (seqval, xval, yval, description, id) 
    values
        (?, ?, ?, ?, ?)
14:17:45,616 DEBUG SQL:104 - 
    insert 
    into
        DataPoint
        (seqval, xval, yval, description, id) 
    values
        (?, ?, ?, ?, ?)
14:17:45,626 DEBUG SQL:104 - 
    insert 
    into
        DataPoint
        (seqval, xval, yval, description, id) 
    values
        (?, ?, ?, ?, ?)
14:17:45,626 DEBUG SQL:104 - 
    insert 
    into
        DataPoint
        (seqval, xval, yval, description, id) 
    values
        (?, ?, ?, ?, ?)
14:17:45,626 DEBUG SQL:104 - 
    insert 
    into
        DataPoint
        (seqval, xval, yval, description, id) 
    values
        (?, ?, ?, ?, ?)
14:17:45,626 DEBUG SQL:104 - 
    insert 
    into
        DataPoint
        (seqval, xval, yval, description, id) 
    values
        (?, ?, ?, ?, ?)
14:17:45,636 DEBUG SQL:104 - 
    insert 
    into
        DataPoint
        (seqval, xval, yval, description, id) 
    values
        (?, ?, ?, ?, ?)
14:17:45,636 DEBUG SQL:104 - 
    insert 
    into
        DataPoint
        (seqval, xval, yval, description, id) 
    values
        (?, ?, ?, ?, ?)
14:17:45,636 DEBUG SQL:104 - 
    insert 
    into
        DataPoint
        (seqval, xval, yval, description, id) 
    values
        (?, ?, ?, ?, ?)
14:17:45,637 DEBUG SQL:104 - 
    insert 
    into
        DataPoint
        (seqval, xval, yval, description, id) 
    values
        (?, ?, ?, ?, ?)
14:17:45,637 DEBUG SQL:104 - 
    insert 
    into
        DataPoint
        (seqval, xval, yval, description, id) 
    values
        (?, ?, ?, ?, ?)
14:17:45,646 DEBUG SQL:104 - 
    insert 
    into
        DataPoint
        (seqval, xval, yval, description, id) 
    values
        (?, ?, ?, ?, ?)
14:17:45,646 DEBUG SQL:104 - 
    insert 
    into
        DataPoint
        (seqval, xval, yval, description, id) 
    values
        (?, ?, ?, ?, ?)
14:17:45,646 DEBUG SQL:104 - 
    insert 
    into
        DataPoint
        (seqval, xval, yval, description, id) 
    values
        (?, ?, ?, ?, ?)
14:17:45,646 DEBUG SQL:104 - 
    insert 
    into
        DataPoint
        (seqval, xval, yval, description, id) 
    values
        (?, ?, ?, ?, ?)
14:17:45,657 DEBUG QueryTranslatorImpl:265 - parse() - HQL: select dp from org.hibernate.test.pagination.DataPoint dp order by dp.sequence
14:17:45,658 DEBUG QueryTranslatorImpl:283 - --- HQL AST ---
 \-[QUERY] Node: 'query'
    +-[SELECT_FROM] Node: 'SELECT_FROM'
    |  +-[FROM] Node: 'from'
    |  |  \-[RANGE] Node: 'RANGE'
    |  |     +-[DOT] Node: '.'
    |  |     |  +-[DOT] Node: '.'
    |  |     |  |  +-[DOT] Node: '.'
    |  |     |  |  |  +-[DOT] Node: '.'
    |  |     |  |  |  |  +-[IDENT] Node: 'org'
    |  |     |  |  |  |  \-[IDENT] Node: 'hibernate'
    |  |     |  |  |  \-[IDENT] Node: 'test'
    |  |     |  |  \-[IDENT] Node: 'pagination'
    |  |     |  \-[IDENT] Node: 'DataPoint'
    |  |     \-[ALIAS] Node: 'dp'
    |  \-[SELECT] Node: 'select'
    |     \-[IDENT] Node: 'dp'
    \-[ORDER] Node: 'order'
       \-[DOT] Node: '.'
          +-[IDENT] Node: 'dp'
          \-[IDENT] Node: 'sequence'

14:17:45,658 DEBUG ErrorCounter:82 - throwQueryException() : no errors
14:17:45,659 DEBUG FromElement:157 - FromClause{level=1} : org.hibernate.test.pagination.DataPoint (dp) -> datapoint0_
14:17:45,667 DEBUG FromReferenceNode:74 - Resolved : dp -> datapoint0_.id
14:17:45,667 DEBUG FromReferenceNode:74 - Resolved : dp -> datapoint0_.id
14:17:45,668 DEBUG DotNode:599 - getDataType() : sequence -> org.hibernate.type.IntegerType@42252fee
14:17:45,668 DEBUG FromReferenceNode:74 - Resolved : dp.sequence -> datapoint0_.seqval
14:17:45,668 DEBUG HqlSqlWalker:629 - processQuery() :  ( SELECT ( {select clause} datapoint0_.id ) ( FromClause{level=1} DataPoint datapoint0_ ) ( order ( datapoint0_.seqval datapoint0_.id sequence ) ) )
14:17:45,668 DEBUG JoinProcessor:175 - Using FROM fragment [DataPoint datapoint0_]
14:17:45,668 DEBUG QueryTranslatorImpl:252 - --- SQL AST ---
 \-[SELECT] QueryNode: 'SELECT'  querySpaces (DataPoint)
    +-[SELECT_CLAUSE] SelectClause: '{select clause}'
    |  +-[ALIAS_REF] IdentNode: 'datapoint0_.id as id0_' {alias=dp, className=org.hibernate.test.pagination.DataPoint, tableAlias=datapoint0_}
    |  \-[SQL_TOKEN] SqlFragment: 'datapoint0_.seqval as seqval0_, datapoint0_.xval as xval0_, datapoint0_.yval as yval0_, datapoint0_.description as descript5_0_'
    +-[FROM] FromClause: 'from' FromClause{level=1, fromElementCounter=1, fromElements=1, fromElementByClassAlias=[dp], fromElementByTableAlias=[datapoint0_], fromElementsByPath=[], collectionJoinFromElementsByPath=[], impliedElements=[]}
    |  \-[FROM_FRAGMENT] FromElement: 'DataPoint datapoint0_' FromElement{explicit,not a collection join,not a fetch join,fetch non-lazy properties,classAlias=dp,role=null,tableName=DataPoint,tableAlias=datapoint0_,origin=null,columns={,className=org.hibernate.test.pagination.DataPoint}}
    \-[ORDER] OrderByClause: 'order'
       \-[DOT] DotNode: 'datapoint0_.seqval' {propertyName=sequence,dereferenceType=ALL,propertyPath=sequence,path=dp.sequence,tableAlias=datapoint0_,className=org.hibernate.test.pagination.DataPoint,classAlias=dp}
          +-[ALIAS_REF] IdentNode: 'datapoint0_.id' {alias=dp, className=org.hibernate.test.pagination.DataPoint, tableAlias=datapoint0_}
          \-[IDENT] IdentNode: 'sequence' {originalText=sequence}

14:17:45,668 DEBUG ErrorCounter:82 - throwQueryException() : no errors
14:17:45,669 DEBUG QueryTranslatorImpl:235 - HQL: select dp from org.hibernate.test.pagination.DataPoint dp order by dp.sequence
14:17:45,669 DEBUG QueryTranslatorImpl:236 - SQL: select datapoint0_.id as id0_, datapoint0_.seqval as seqval0_, datapoint0_.xval as xval0_, datapoint0_.yval as yval0_, datapoint0_.description as descript5_0_ from DataPoint datapoint0_ order by datapoint0_.seqval
14:17:45,669 DEBUG ErrorCounter:82 - throwQueryException() : no errors
14:17:45,669 DEBUG SQL:104 - 
    select
        datapoint0_.id as id0_,
        datapoint0_.seqval as seqval0_,
        datapoint0_.xval as xval0_,
        datapoint0_.yval as yval0_,
        datapoint0_.description as descript5_0_ 
    from
        DataPoint datapoint0_ 
    order by
        datapoint0_.seqval limit ?
14:17:45,680 DEBUG SQL:104 - 
    select
        this_.id as id0_0_,
        this_.seqval as seqval0_0_,
        this_.xval as xval0_0_,
        this_.yval as yval0_0_,
        this_.description as descript5_0_0_ 
    from
        DataPoint this_ 
    order by
        this_.seqval asc limit ?
14:17:45,683 DEBUG SQL:104 - 
    select
        id,
        seqval,
        xval,
        yval,
        description 
    from
        DataPoint 
    order by
        seqval limit ?
14:17:45,683 DEBUG QueryTranslatorImpl:265 - parse() - HQL: delete org.hibernate.test.pagination.DataPoint
14:17:45,684 DEBUG QueryTranslatorImpl:283 - --- HQL AST ---
 \-[DELETE] Node: 'delete'
    \-[FROM] Node: 'FROM'
       \-[RANGE] Node: 'RANGE'
          \-[DOT] Node: '.'
             +-[DOT] Node: '.'
             |  +-[DOT] Node: '.'
             |  |  +-[DOT] Node: '.'
             |  |  |  +-[IDENT] Node: 'org'
             |  |  |  \-[IDENT] Node: 'hibernate'
             |  |  \-[IDENT] Node: 'test'
             |  \-[IDENT] Node: 'pagination'
             \-[IDENT] Node: 'DataPoint'

14:17:45,688 DEBUG ErrorCounter:82 - throwQueryException() : no errors
14:17:45,688 DEBUG FromElement:157 - FromClause{level=1} : org.hibernate.test.pagination.DataPoint (<no alias>) -> datapoint0_
14:17:45,689 DEBUG QueryTranslatorImpl:252 - --- SQL AST ---
 \-[DELETE] DeleteStatement: 'delete'  querySpaces (DataPoint)
    \-[FROM] FromClause: 'FROM' FromClause{level=1, fromElementCounter=1, fromElements=1, fromElementByClassAlias=[], fromElementByTableAlias=[datapoint0_], fromElementsByPath=[], collectionJoinFromElementsByPath=[], impliedElements=[]}
       \-[FROM_FRAGMENT] FromElement: 'DataPoint' FromElement{explicit,not a collection join,not a fetch join,fetch non-lazy properties,classAlias=null,role=null,tableName=DataPoint,tableAlias=datapoint0_,origin=null,columns={,className=org.hibernate.test.pagination.DataPoint}}

14:17:45,689 DEBUG ErrorCounter:82 - throwQueryException() : no errors
14:17:45,689 DEBUG ErrorCounter:82 - throwQueryException() : no errors
14:17:45,689 DEBUG SQL:104 - 
    delete 
    from
        DataPoint
14:17:45,690  INFO CustomRunner:139 - Test: testLimitOffset
14:17:45,698 DEBUG SQL:104 - 
    insert 
    into
        DataPoint
        (seqval, xval, yval, description, id) 
    values
        (?, ?, ?, ?, ?)
14:17:45,698 DEBUG SQL:104 - 
    insert 
    into
        DataPoint
        (seqval, xval, yval, description, id) 
    values
        (?, ?, ?, ?, ?)
14:17:45,698 DEBUG SQL:104 - 
    insert 
    into
        DataPoint
        (seqval, xval, yval, description, id) 
    values
        (?, ?, ?, ?, ?)
14:17:45,699 DEBUG SQL:104 - 
    insert 
    into
        DataPoint
        (seqval, xval, yval, description, id) 
    values
        (?, ?, ?, ?, ?)
14:17:45,699 DEBUG SQL:104 - 
    insert 
    into
        DataPoint
        (seqval, xval, yval, description, id) 
    values
        (?, ?, ?, ?, ?)
14:17:45,702 DEBUG SQL:104 - 
    insert 
    into
        DataPoint
        (seqval, xval, yval, description, id) 
    values
        (?, ?, ?, ?, ?)
14:17:45,702 DEBUG SQL:104 - 
    insert 
    into
        DataPoint
        (seqval, xval, yval, description, id) 
    values
        (?, ?, ?, ?, ?)
14:17:45,702 DEBUG SQL:104 - 
    insert 
    into
        DataPoint
        (seqval, xval, yval, description, id) 
    values
        (?, ?, ?, ?, ?)
14:17:45,703 DEBUG SQL:104 - 
    insert 
    into
        DataPoint
        (seqval, xval, yval, description, id) 
    values
        (?, ?, ?, ?, ?)
14:17:45,703 DEBUG SQL:104 - 
    insert 
    into
        DataPoint
        (seqval, xval, yval, description, id) 
    values
        (?, ?, ?, ?, ?)
14:17:45,715 DEBUG SQL:104 - 
    insert 
    into
        DataPoint
        (seqval, xval, yval, description, id) 
    values
        (?, ?, ?, ?, ?)
14:17:45,715 DEBUG SQL:104 - 
    insert 
    into
        DataPoint
        (seqval, xval, yval, description, id) 
    values
        (?, ?, ?, ?, ?)
14:17:45,715 DEBUG SQL:104 - 
    insert 
    into
        DataPoint
        (seqval, xval, yval, description, id) 
    values
        (?, ?, ?, ?, ?)
14:17:45,715 DEBUG SQL:104 - 
    insert 
    into
        DataPoint
        (seqval, xval, yval, description, id) 
    values
        (?, ?, ?, ?, ?)
14:17:45,724 DEBUG SQL:104 - 
    insert 
    into
        DataPoint
        (seqval, xval, yval, description, id) 
    values
        (?, ?, ?, ?, ?)
14:17:45,724 DEBUG SQL:104 - 
    insert 
    into
        DataPoint
        (seqval, xval, yval, description, id) 
    values
        (?, ?, ?, ?, ?)
14:17:45,734 DEBUG SQL:104 - 
    insert 
    into
        DataPoint
        (seqval, xval, yval, description, id) 
    values
        (?, ?, ?, ?, ?)
14:17:45,735 DEBUG SQL:104 - 
    insert 
    into
        DataPoint
        (seqval, xval, yval, description, id) 
    values
        (?, ?, ?, ?, ?)
14:17:45,735 DEBUG SQL:104 - 
    insert 
    into
        DataPoint
        (seqval, xval, yval, description, id) 
    values
        (?, ?, ?, ?, ?)
14:17:45,735 DEBUG SQL:104 - 
    insert 
    into
        DataPoint
        (seqval, xval, yval, description, id) 
    values
        (?, ?, ?, ?, ?)
14:17:45,747 DEBUG SQL:104 - 
    insert 
    into
        DataPoint
        (seqval, xval, yval, description, id) 
    values
        (?, ?, ?, ?, ?)
14:17:45,748 DEBUG SQL:104 - 
    insert 
    into
        DataPoint
        (seqval, xval, yval, description, id) 
    values
        (?, ?, ?, ?, ?)
14:17:45,748 DEBUG SQL:104 - 
    insert 
    into
        DataPoint
        (seqval, xval, yval, description, id) 
    values
        (?, ?, ?, ?, ?)
14:17:45,748 DEBUG SQL:104 - 
    insert 
    into
        DataPoint
        (seqval, xval, yval, description, id) 
    values
        (?, ?, ?, ?, ?)
14:17:45,748 DEBUG SQL:104 - 
    insert 
    into
        DataPoint
        (seqval, xval, yval, description, id) 
    values
        (?, ?, ?, ?, ?)
14:17:45,757 DEBUG SQL:104 - 
    insert 
    into
        DataPoint
        (seqval, xval, yval, description, id) 
    values
        (?, ?, ?, ?, ?)
14:17:45,758 DEBUG SQL:104 - 
    insert 
    into
        DataPoint
        (seqval, xval, yval, description, id) 
    values
        (?, ?, ?, ?, ?)
14:17:45,758 DEBUG SQL:104 - 
    insert 
    into
        DataPoint
        (seqval, xval, yval, description, id) 
    values
        (?, ?, ?, ?, ?)
14:17:45,758 DEBUG SQL:104 - 
    insert 
    into
        DataPoint
        (seqval, xval, yval, description, id) 
    values
        (?, ?, ?, ?, ?)
14:17:45,769 DEBUG SQL:104 - 
    insert 
    into
        DataPoint
        (seqval, xval, yval, description, id) 
    values
        (?, ?, ?, ?, ?)
14:17:45,769 DEBUG SQL:104 - 
    insert 
    into
        DataPoint
        (seqval, xval, yval, description, id) 
    values
        (?, ?, ?, ?, ?)
14:17:45,769 DEBUG SQL:104 - 
    insert 
    into
        DataPoint
        (seqval, xval, yval, description, id) 
    values
        (?, ?, ?, ?, ?)
14:17:45,770 DEBUG SQL:104 - 
    insert 
    into
        DataPoint
        (seqval, xval, yval, description, id) 
    values
        (?, ?, ?, ?, ?)
14:17:45,778 DEBUG SQL:104 - 
    insert 
    into
        DataPoint
        (seqval, xval, yval, description, id) 
    values
        (?, ?, ?, ?, ?)
14:17:45,779 DEBUG SQL:104 - 
    insert 
    into
        DataPoint
        (seqval, xval, yval, description, id) 
    values
        (?, ?, ?, ?, ?)
14:17:45,780 DEBUG SQL:104 - 
    insert 
    into
        DataPoint
        (seqval, xval, yval, description, id) 
    values
        (?, ?, ?, ?, ?)
14:17:45,780 DEBUG SQL:104 - 
    insert 
    into
        DataPoint
        (seqval, xval, yval, description, id) 
    values
        (?, ?, ?, ?, ?)
14:17:45,780 DEBUG SQL:104 - 
    insert 
    into
        DataPoint
        (seqval, xval, yval, description, id) 
    values
        (?, ?, ?, ?, ?)
14:17:45,791 DEBUG SQL:104 - 
    insert 
    into
        DataPoint
        (seqval, xval, yval, description, id) 
    values
        (?, ?, ?, ?, ?)
14:17:45,791 DEBUG SQL:104 - 
    insert 
    into
        DataPoint
        (seqval, xval, yval, description, id) 
    values
        (?, ?, ?, ?, ?)
14:17:45,791 DEBUG SQL:104 - 
    insert 
    into
        DataPoint
        (seqval, xval, yval, description, id) 
    values
        (?, ?, ?, ?, ?)
14:17:45,791 DEBUG SQL:104 - 
    insert 
    into
        DataPoint
        (seqval, xval, yval, description, id) 
    values
        (?, ?, ?, ?, ?)
14:17:45,800 DEBUG SQL:104 - 
    insert 
    into
        DataPoint
        (seqval, xval, yval, description, id) 
    values
        (?, ?, ?, ?, ?)
14:17:45,801 DEBUG SQL:104 - 
    insert 
    into
        DataPoint
        (seqval, xval, yval, description, id) 
    values
        (?, ?, ?, ?, ?)
14:17:45,801 DEBUG SQL:104 - 
    insert 
    into
        DataPoint
        (seqval, xval, yval, description, id) 
    values
        (?, ?, ?, ?, ?)
14:17:45,801 DEBUG SQL:104 - 
    insert 
    into
        DataPoint
        (seqval, xval, yval, description, id) 
    values
        (?, ?, ?, ?, ?)
14:17:45,801 DEBUG SQL:104 - 
    insert 
    into
        DataPoint
        (seqval, xval, yval, description, id) 
    values
        (?, ?, ?, ?, ?)
14:17:45,811 DEBUG SQL:104 - 
    insert 
    into
        DataPoint
        (seqval, xval, yval, description, id) 
    values
        (?, ?, ?, ?, ?)
14:17:45,811 DEBUG SQL:104 - 
    insert 
    into
        DataPoint
        (seqval, xval, yval, description, id) 
    values
        (?, ?, ?, ?, ?)
14:17:45,811 DEBUG SQL:104 - 
    insert 
    into
        DataPoint
        (seqval, xval, yval, description, id) 
    values
        (?, ?, ?, ?, ?)
14:17:45,811 DEBUG SQL:104 - 
    insert 
    into
        DataPoint
        (seqval, xval, yval, description, id) 
    values
        (?, ?, ?, ?, ?)
14:17:45,826 DEBUG SQL:104 - 
    insert 
    into
        DataPoint
        (seqval, xval, yval, description, id) 
    values
        (?, ?, ?, ?, ?)
14:17:45,826 DEBUG SQL:104 - 
    insert 
    into
        DataPoint
        (seqval, xval, yval, description, id) 
    values
        (?, ?, ?, ?, ?)
14:17:45,826 DEBUG SQL:104 - 
    insert 
    into
        DataPoint
        (seqval, xval, yval, description, id) 
    values
        (?, ?, ?, ?, ?)
14:17:45,826 DEBUG SQL:104 - 
    insert 
    into
        DataPoint
        (seqval, xval, yval, description, id) 
    values
        (?, ?, ?, ?, ?)
14:17:45,827 DEBUG SQL:104 - 
    insert 
    into
        DataPoint
        (seqval, xval, yval, description, id) 
    values
        (?, ?, ?, ?, ?)
14:17:45,827 DEBUG SQL:104 - 
    insert 
    into
        DataPoint
        (seqval, xval, yval, description, id) 
    values
        (?, ?, ?, ?, ?)
14:17:45,827 DEBUG SQL:104 - 
    insert 
    into
        DataPoint
        (seqval, xval, yval, description, id) 
    values
        (?, ?, ?, ?, ?)
14:17:45,827 DEBUG SQL:104 - 
    insert 
    into
        DataPoint
        (seqval, xval, yval, description, id) 
    values
        (?, ?, ?, ?, ?)
14:17:45,827 DEBUG SQL:104 - 
    insert 
    into
        DataPoint
        (seqval, xval, yval, description, id) 
    values
        (?, ?, ?, ?, ?)
14:17:45,840 DEBUG SQL:104 - 
    insert 
    into
        DataPoint
        (seqval, xval, yval, description, id) 
    values
        (?, ?, ?, ?, ?)
14:17:45,840 DEBUG SQL:104 - 
    insert 
    into
        DataPoint
        (seqval, xval, yval, description, id) 
    values
        (?, ?, ?, ?, ?)
14:17:45,840 DEBUG SQL:104 - 
    insert 
    into
        DataPoint
        (seqval, xval, yval, description, id) 
    values
        (?, ?, ?, ?, ?)
14:17:45,841 DEBUG SQL:104 - 
    insert 
    into
        DataPoint
        (seqval, xval, yval, description, id) 
    values
        (?, ?, ?, ?, ?)
14:17:45,852 DEBUG SQL:104 - 
    insert 
    into
        DataPoint
        (seqval, xval, yval, description, id) 
    values
        (?, ?, ?, ?, ?)
14:17:45,852 DEBUG SQL:104 - 
    insert 
    into
        DataPoint
        (seqval, xval, yval, description, id) 
    values
        (?, ?, ?, ?, ?)
14:17:45,853 DEBUG SQL:104 - 
    insert 
    into
        DataPoint
        (seqval, xval, yval, description, id) 
    values
        (?, ?, ?, ?, ?)
14:17:45,853 DEBUG SQL:104 - 
    insert 
    into
        DataPoint
        (seqval, xval, yval, description, id) 
    values
        (?, ?, ?, ?, ?)
14:17:45,862 DEBUG SQL:104 - 
    insert 
    into
        DataPoint
        (seqval, xval, yval, description, id) 
    values
        (?, ?, ?, ?, ?)
14:17:45,862 DEBUG SQL:104 - 
    insert 
    into
        DataPoint
        (seqval, xval, yval, description, id) 
    values
        (?, ?, ?, ?, ?)
14:17:45,872 DEBUG SQL:104 - 
    insert 
    into
        DataPoint
        (seqval, xval, yval, description, id) 
    values
        (?, ?, ?, ?, ?)
14:17:45,872 DEBUG SQL:104 - 
    insert 
    into
        DataPoint
        (seqval, xval, yval, description, id) 
    values
        (?, ?, ?, ?, ?)
14:17:45,873 DEBUG SQL:104 - 
    insert 
    into
        DataPoint
        (seqval, xval, yval, description, id) 
    values
        (?, ?, ?, ?, ?)
14:17:45,873 DEBUG SQL:104 - 
    insert 
    into
        DataPoint
        (seqval, xval, yval, description, id) 
    values
        (?, ?, ?, ?, ?)
14:17:45,873 DEBUG SQL:104 - 
    insert 
    into
        DataPoint
        (seqval, xval, yval, description, id) 
    values
        (?, ?, ?, ?, ?)
14:17:45,882 DEBUG SQL:104 - 
    insert 
    into
        DataPoint
        (seqval, xval, yval, description, id) 
    values
        (?, ?, ?, ?, ?)
14:17:45,883 DEBUG SQL:104 - 
    insert 
    into
        DataPoint
        (seqval, xval, yval, description, id) 
    values
        (?, ?, ?, ?, ?)
14:17:45,883 DEBUG SQL:104 - 
    insert 
    into
        DataPoint
        (seqval, xval, yval, description, id) 
    values
        (?, ?, ?, ?, ?)
14:17:45,883 DEBUG SQL:104 - 
    insert 
    into
        DataPoint
        (seqval, xval, yval, description, id) 
    values
        (?, ?, ?, ?, ?)
14:17:45,893 DEBUG SQL:104 - 
    insert 
    into
        DataPoint
        (seqval, xval, yval, description, id) 
    values
        (?, ?, ?, ?, ?)
14:17:45,893 DEBUG SQL:104 - 
    insert 
    into
        DataPoint
        (seqval, xval, yval, description, id) 
    values
        (?, ?, ?, ?, ?)
14:17:45,893 DEBUG SQL:104 - 
    insert 
    into
        DataPoint
        (seqval, xval, yval, description, id) 
    values
        (?, ?, ?, ?, ?)
14:17:45,893 DEBUG SQL:104 - 
    insert 
    into
        DataPoint
        (seqval, xval, yval, description, id) 
    values
        (?, ?, ?, ?, ?)
14:17:45,894 DEBUG SQL:104 - 
    insert 
    into
        DataPoint
        (seqval, xval, yval, description, id) 
    values
        (?, ?, ?, ?, ?)
14:17:45,903 DEBUG SQL:104 - 
    insert 
    into
        DataPoint
        (seqval, xval, yval, description, id) 
    values
        (?, ?, ?, ?, ?)
14:17:45,903 DEBUG SQL:104 - 
    insert 
    into
        DataPoint
        (seqval, xval, yval, description, id) 
    values
        (?, ?, ?, ?, ?)
14:17:45,903 DEBUG SQL:104 - 
    insert 
    into
        DataPoint
        (seqval, xval, yval, description, id) 
    values
        (?, ?, ?, ?, ?)
14:17:45,903 DEBUG SQL:104 - 
    insert 
    into
        DataPoint
        (seqval, xval, yval, description, id) 
    values
        (?, ?, ?, ?, ?)
14:17:45,914 DEBUG SQL:104 - 
    insert 
    into
        DataPoint
        (seqval, xval, yval, description, id) 
    values
        (?, ?, ?, ?, ?)
14:17:45,914 DEBUG SQL:104 - 
    insert 
    into
        DataPoint
        (seqval, xval, yval, description, id) 
    values
        (?, ?, ?, ?, ?)
14:17:45,915 DEBUG SQL:104 - 
    insert 
    into
        DataPoint
        (seqval, xval, yval, description, id) 
    values
        (?, ?, ?, ?, ?)
14:17:45,915 DEBUG SQL:104 - 
    insert 
    into
        DataPoint
        (seqval, xval, yval, description, id) 
    values
        (?, ?, ?, ?, ?)
14:17:45,924 DEBUG SQL:104 - 
    insert 
    into
        DataPoint
        (seqval, xval, yval, description, id) 
    values
        (?, ?, ?, ?, ?)
14:17:45,924 DEBUG SQL:104 - 
    insert 
    into
        DataPoint
        (seqval, xval, yval, description, id) 
    values
        (?, ?, ?, ?, ?)
14:17:45,925 DEBUG SQL:104 - 
    insert 
    into
        DataPoint
        (seqval, xval, yval, description, id) 
    values
        (?, ?, ?, ?, ?)
14:17:45,925 DEBUG SQL:104 - 
    insert 
    into
        DataPoint
        (seqval, xval, yval, description, id) 
    values
        (?, ?, ?, ?, ?)
14:17:45,925 DEBUG SQL:104 - 
    insert 
    into
        DataPoint
        (seqval, xval, yval, description, id) 
    values
        (?, ?, ?, ?, ?)
14:17:45,934 DEBUG SQL:104 - 
    insert 
    into
        DataPoint
        (seqval, xval, yval, description, id) 
    values
        (?, ?, ?, ?, ?)
14:17:45,934 DEBUG SQL:104 - 
    insert 
    into
        DataPoint
        (seqval, xval, yval, description, id) 
    values
        (?, ?, ?, ?, ?)
14:17:45,934 DEBUG SQL:104 - 
    insert 
    into
        DataPoint
        (seqval, xval, yval, description, id) 
    values
        (?, ?, ?, ?, ?)
14:17:45,935 DEBUG SQL:104 - 
    select
        datapoint0_.id as id0_,
        datapoint0_.seqval as seqval0_,
        datapoint0_.xval as xval0_,
        datapoint0_.yval as yval0_,
        datapoint0_.description as descript5_0_ 
    from
        DataPoint datapoint0_ 
    order by
        datapoint0_.seqval limit ?
14:17:45,946 DEBUG SQL:104 - 
    select
        this_.id as id0_0_,
        this_.seqval as seqval0_0_,
        this_.xval as xval0_0_,
        this_.yval as yval0_0_,
        this_.description as descript5_0_0_ 
    from
        DataPoint this_ 
    order by
        this_.seqval asc limit ? offset ?
14:17:45,947 DEBUG SQL:104 - 
    select
        this_.id as id0_0_,
        this_.seqval as seqval0_0_,
        this_.xval as xval0_0_,
        this_.yval as yval0_0_,
        this_.description as descript5_0_0_ 
    from
        DataPoint this_ 
    order by
        this_.seqval asc limit ? offset ?
14:17:45,957 DEBUG QueryTranslatorImpl:265 - parse() - HQL: select distinct description from org.hibernate.test.pagination.DataPoint order by description
14:17:45,958 DEBUG QueryTranslatorImpl:283 - --- HQL AST ---
 \-[QUERY] Node: 'query'
    +-[SELECT_FROM] Node: 'SELECT_FROM'
    |  +-[FROM] Node: 'from'
    |  |  \-[RANGE] Node: 'RANGE'
    |  |     \-[DOT] Node: '.'
    |  |        +-[DOT] Node: '.'
    |  |        |  +-[DOT] Node: '.'
    |  |        |  |  +-[DOT] Node: '.'
    |  |        |  |  |  +-[IDENT] Node: 'org'
    |  |        |  |  |  \-[IDENT] Node: 'hibernate'
    |  |        |  |  \-[IDENT] Node: 'test'
    |  |        |  \-[IDENT] Node: 'pagination'
    |  |        \-[IDENT] Node: 'DataPoint'
    |  \-[SELECT] Node: 'select'
    |     +-[DISTINCT] Node: 'distinct'
    |     \-[IDENT] Node: 'description'
    \-[ORDER] Node: 'order'
       \-[IDENT] Node: 'description'

14:17:45,958 DEBUG ErrorCounter:82 - throwQueryException() : no errors
14:17:45,958 DEBUG FromElement:157 - FromClause{level=1} : org.hibernate.test.pagination.DataPoint (<no alias>) -> datapoint0_
14:17:45,958 DEBUG FromReferenceNode:74 - Resolved : {synthetic-alias} -> {synthetic-alias}
14:17:45,958 DEBUG DotNode:599 - getDataType() : description -> org.hibernate.type.StringType@2dc8de40
14:17:45,958 DEBUG FromReferenceNode:74 - Resolved : {synthetic-alias}.description -> datapoint0_.description
14:17:45,959 DEBUG FromReferenceNode:74 - Resolved : {synthetic-alias} -> {synthetic-alias}
14:17:45,959 DEBUG DotNode:599 - getDataType() : description -> org.hibernate.type.StringType@2dc8de40
14:17:45,959 DEBUG FromReferenceNode:74 - Resolved : {synthetic-alias}.description -> datapoint0_.description
14:17:45,959 DEBUG HqlSqlWalker:629 - processQuery() :  ( SELECT ( {select clause} distinct ( datapoint0_.description {synthetic-alias} description ) ) ( FromClause{level=1} DataPoint datapoint0_ ) ( order ( datapoint0_.description {synthetic-alias} description ) ) )
14:17:45,959 DEBUG JoinProcessor:175 - Using FROM fragment [DataPoint datapoint0_]
14:17:45,959 DEBUG QueryTranslatorImpl:252 - --- SQL AST ---
 \-[SELECT] QueryNode: 'SELECT'  querySpaces (DataPoint)
    +-[SELECT_CLAUSE] SelectClause: '{select clause}'
    |  +-[DISTINCT] SqlNode: 'distinct'
    |  +-[DOT] DotNode: 'datapoint0_.description' {propertyName=description,dereferenceType=ALL,propertyPath=description,path={synthetic-alias}.description,tableAlias=datapoint0_,className=org.hibernate.test.pagination.DataPoint,classAlias=null}
    |  |  +-[IDENT] IdentNode: '{synthetic-alias}' {originalText={synthetic-alias}}
    |  |  \-[IDENT] IdentNode: 'description' {originalText=description}
    |  \-[SELECT_COLUMNS] SqlNode: ' as col_0_0_'
    +-[FROM] FromClause: 'from' FromClause{level=1, fromElementCounter=1, fromElements=1, fromElementByClassAlias=[], fromElementByTableAlias=[datapoint0_], fromElementsByPath=[], collectionJoinFromElementsByPath=[], impliedElements=[]}
    |  \-[FROM_FRAGMENT] FromElement: 'DataPoint datapoint0_' FromElement{explicit,not a collection join,not a fetch join,fetch non-lazy properties,classAlias=null,role=null,tableName=DataPoint,tableAlias=datapoint0_,origin=null,columns={,className=org.hibernate.test.pagination.DataPoint}}
    \-[ORDER] OrderByClause: 'order'
       \-[DOT] DotNode: 'datapoint0_.description' {propertyName=description,dereferenceType=ALL,propertyPath=description,path={synthetic-alias}.description,tableAlias=datapoint0_,className=org.hibernate.test.pagination.DataPoint,classAlias=null}
          +-[IDENT] IdentNode: '{synthetic-alias}' {originalText={synthetic-alias}}
          \-[IDENT] IdentNode: 'description' {originalText=description}

14:17:45,959 DEBUG ErrorCounter:82 - throwQueryException() : no errors
14:17:45,960 DEBUG QueryTranslatorImpl:235 - HQL: select distinct description from org.hibernate.test.pagination.DataPoint order by description
14:17:45,960 DEBUG QueryTranslatorImpl:236 - SQL: select distinct datapoint0_.description as col_0_0_ from DataPoint datapoint0_ order by datapoint0_.description
14:17:45,960 DEBUG ErrorCounter:82 - throwQueryException() : no errors
14:17:45,960 DEBUG SQL:104 - 
    select
        distinct datapoint0_.description as col_0_0_ 
    from
        DataPoint datapoint0_ 
    order by
        datapoint0_.description limit ? offset ?
14:17:45,961 DEBUG SQL:104 - 
    select
        description,
        xval,
        yval 
    from
        DataPoint 
    order by
        xval,
        yval limit ? offset ?
14:17:45,969 DEBUG SQL:104 - 
    select
        * 
    from
        DataPoint 
    order by
        xval,
        yval limit ? offset ?
14:17:45,970 DEBUG SQL:104 - 
    delete 
    from
        DataPoint
14:17:45,971  INFO CustomRunner:139 - Test: testOffset
14:17:45,978 DEBUG SQL:104 - 
    insert 
    into
        DataPoint
        (seqval, xval, yval, description, id) 
    values
        (?, ?, ?, ?, ?)
14:17:45,982 DEBUG SQL:104 - 
    insert 
    into
        DataPoint
        (seqval, xval, yval, description, id) 
    values
        (?, ?, ?, ?, ?)
14:17:45,983 DEBUG SQL:104 - 
    insert 
    into
        DataPoint
        (seqval, xval, yval, description, id) 
    values
        (?, ?, ?, ?, ?)
14:17:45,983 DEBUG SQL:104 - 
    insert 
    into
        DataPoint
        (seqval, xval, yval, description, id) 
    values
        (?, ?, ?, ?, ?)
14:17:45,983 DEBUG SQL:104 - 
    insert 
    into
        DataPoint
        (seqval, xval, yval, description, id) 
    values
        (?, ?, ?, ?, ?)
14:17:45,983 DEBUG SQL:104 - 
    insert 
    into
        DataPoint
        (seqval, xval, yval, description, id) 
    values
        (?, ?, ?, ?, ?)
14:17:45,993 DEBUG SQL:104 - 
    insert 
    into
        DataPoint
        (seqval, xval, yval, description, id) 
    values
        (?, ?, ?, ?, ?)
14:17:45,993 DEBUG SQL:104 - 
    insert 
    into
        DataPoint
        (seqval, xval, yval, description, id) 
    values
        (?, ?, ?, ?, ?)
14:17:46,003 DEBUG SQL:104 - 
    insert 
    into
        DataPoint
        (seqval, xval, yval, description, id) 
    values
        (?, ?, ?, ?, ?)
14:17:46,003 DEBUG SQL:104 - 
    insert 
    into
        DataPoint
        (seqval, xval, yval, description, id) 
    values
        (?, ?, ?, ?, ?)
14:17:46,003 DEBUG SQL:104 - 
    insert 
    into
        DataPoint
        (seqval, xval, yval, description, id) 
    values
        (?, ?, ?, ?, ?)
14:17:46,004 DEBUG SQL:104 - 
    insert 
    into
        DataPoint
        (seqval, xval, yval, description, id) 
    values
        (?, ?, ?, ?, ?)
14:17:46,012 DEBUG SQL:104 - 
    insert 
    into
        DataPoint
        (seqval, xval, yval, description, id) 
    values
        (?, ?, ?, ?, ?)
14:17:46,013 DEBUG SQL:104 - 
    insert 
    into
        DataPoint
        (seqval, xval, yval, description, id) 
    values
        (?, ?, ?, ?, ?)
14:17:46,013 DEBUG SQL:104 - 
    insert 
    into
        DataPoint
        (seqval, xval, yval, description, id) 
    values
        (?, ?, ?, ?, ?)
14:17:46,013 DEBUG SQL:104 - 
    insert 
    into
        DataPoint
        (seqval, xval, yval, description, id) 
    values
        (?, ?, ?, ?, ?)
14:17:46,013 DEBUG SQL:104 - 
    insert 
    into
        DataPoint
        (seqval, xval, yval, description, id) 
    values
        (?, ?, ?, ?, ?)
14:17:46,023 DEBUG SQL:104 - 
    insert 
    into
        DataPoint
        (seqval, xval, yval, description, id) 
    values
        (?, ?, ?, ?, ?)
14:17:46,023 DEBUG SQL:104 - 
    insert 
    into
        DataPoint
        (seqval, xval, yval, description, id) 
    values
        (?, ?, ?, ?, ?)
14:17:46,024 DEBUG SQL:104 - 
    insert 
    into
        DataPoint
        (seqval, xval, yval, description, id) 
    values
        (?, ?, ?, ?, ?)
14:17:46,024 DEBUG SQL:104 - 
    insert 
    into
        DataPoint
        (seqval, xval, yval, description, id) 
    values
        (?, ?, ?, ?, ?)
14:17:46,034 DEBUG SQL:104 - 
    insert 
    into
        DataPoint
        (seqval, xval, yval, description, id) 
    values
        (?, ?, ?, ?, ?)
14:17:46,034 DEBUG SQL:104 - 
    insert 
    into
        DataPoint
        (seqval, xval, yval, description, id) 
    values
        (?, ?, ?, ?, ?)
14:17:46,034 DEBUG SQL:104 - 
    insert 
    into
        DataPoint
        (seqval, xval, yval, description, id) 
    values
        (?, ?, ?, ?, ?)
14:17:46,034 DEBUG SQL:104 - 
    insert 
    into
        DataPoint
        (seqval, xval, yval, description, id) 
    values
        (?, ?, ?, ?, ?)
14:17:46,048 DEBUG SQL:104 - 
    insert 
    into
        DataPoint
        (seqval, xval, yval, description, id) 
    values
        (?, ?, ?, ?, ?)
14:17:46,048 DEBUG SQL:104 - 
    insert 
    into
        DataPoint
        (seqval, xval, yval, description, id) 
    values
        (?, ?, ?, ?, ?)
14:17:46,049 DEBUG SQL:104 - 
    insert 
    into
        DataPoint
        (seqval, xval, yval, description, id) 
    values
        (?, ?, ?, ?, ?)
14:17:46,049 DEBUG SQL:104 - 
    insert 
    into
        DataPoint
        (seqval, xval, yval, description, id) 
    values
        (?, ?, ?, ?, ?)
14:17:46,049 DEBUG SQL:104 - 
    insert 
    into
        DataPoint
        (seqval, xval, yval, description, id) 
    values
        (?, ?, ?, ?, ?)
14:17:46,055 DEBUG SQL:104 - 
    insert 
    into
        DataPoint
        (seqval, xval, yval, description, id) 
    values
        (?, ?, ?, ?, ?)
14:17:46,055 DEBUG SQL:104 - 
    insert 
    into
        DataPoint
        (seqval, xval, yval, description, id) 
    values
        (?, ?, ?, ?, ?)
14:17:46,056 DEBUG SQL:104 - 
    insert 
    into
        DataPoint
        (seqval, xval, yval, description, id) 
    values
        (?, ?, ?, ?, ?)
14:17:46,056 DEBUG SQL:104 - 
    insert 
    into
        DataPoint
        (seqval, xval, yval, description, id) 
    values
        (?, ?, ?, ?, ?)
14:17:46,065 DEBUG SQL:104 - 
    insert 
    into
        DataPoint
        (seqval, xval, yval, description, id) 
    values
        (?, ?, ?, ?, ?)
14:17:46,065 DEBUG SQL:104 - 
    insert 
    into
        DataPoint
        (seqval, xval, yval, description, id) 
    values
        (?, ?, ?, ?, ?)
14:17:46,065 DEBUG SQL:104 - 
    insert 
    into
        DataPoint
        (seqval, xval, yval, description, id) 
    values
        (?, ?, ?, ?, ?)
14:17:46,066 DEBUG SQL:104 - 
    insert 
    into
        DataPoint
        (seqval, xval, yval, description, id) 
    values
        (?, ?, ?, ?, ?)
14:17:46,076 DEBUG SQL:104 - 
    insert 
    into
        DataPoint
        (seqval, xval, yval, description, id) 
    values
        (?, ?, ?, ?, ?)
14:17:46,076 DEBUG SQL:104 - 
    insert 
    into
        DataPoint
        (seqval, xval, yval, description, id) 
    values
        (?, ?, ?, ?, ?)
14:17:46,076 DEBUG SQL:104 - 
    insert 
    into
        DataPoint
        (seqval, xval, yval, description, id) 
    values
        (?, ?, ?, ?, ?)
14:17:46,077 DEBUG SQL:104 - 
    insert 
    into
        DataPoint
        (seqval, xval, yval, description, id) 
    values
        (?, ?, ?, ?, ?)
14:17:46,077 DEBUG SQL:104 - 
    insert 
    into
        DataPoint
        (seqval, xval, yval, description, id) 
    values
        (?, ?, ?, ?, ?)
14:17:46,087 DEBUG SQL:104 - 
    insert 
    into
        DataPoint
        (seqval, xval, yval, description, id) 
    values
        (?, ?, ?, ?, ?)
14:17:46,088 DEBUG SQL:104 - 
    insert 
    into
        DataPoint
        (seqval, xval, yval, description, id) 
    values
        (?, ?, ?, ?, ?)
14:17:46,088 DEBUG SQL:104 - 
    insert 
    into
        DataPoint
        (seqval, xval, yval, description, id) 
    values
        (?, ?, ?, ?, ?)
14:17:46,088 DEBUG SQL:104 - 
    insert 
    into
        DataPoint
        (seqval, xval, yval, description, id) 
    values
        (?, ?, ?, ?, ?)
14:17:46,088 DEBUG SQL:104 - 
    insert 
    into
        DataPoint
        (seqval, xval, yval, description, id) 
    values
        (?, ?, ?, ?, ?)
14:17:46,088 DEBUG SQL:104 - 
    insert 
    into
        DataPoint
        (seqval, xval, yval, description, id) 
    values
        (?, ?, ?, ?, ?)
14:17:46,088 DEBUG SQL:104 - 
    insert 
    into
        DataPoint
        (seqval, xval, yval, description, id) 
    values
        (?, ?, ?, ?, ?)
14:17:46,089 DEBUG SQL:104 - 
    insert 
    into
        DataPoint
        (seqval, xval, yval, description, id) 
    values
        (?, ?, ?, ?, ?)
14:17:46,099 DEBUG SQL:104 - 
    insert 
    into
        DataPoint
        (seqval, xval, yval, description, id) 
    values
        (?, ?, ?, ?, ?)
14:17:46,099 DEBUG SQL:104 - 
    insert 
    into
        DataPoint
        (seqval, xval, yval, description, id) 
    values
        (?, ?, ?, ?, ?)
14:17:46,100 DEBUG SQL:104 - 
    insert 
    into
        DataPoint
        (seqval, xval, yval, description, id) 
    values
        (?, ?, ?, ?, ?)
14:17:46,100 DEBUG SQL:104 - 
    insert 
    into
        DataPoint
        (seqval, xval, yval, description, id) 
    values
        (?, ?, ?, ?, ?)
14:17:46,100 DEBUG SQL:104 - 
    insert 
    into
        DataPoint
        (seqval, xval, yval, description, id) 
    values
        (?, ?, ?, ?, ?)
14:17:46,112 DEBUG SQL:104 - 
    insert 
    into
        DataPoint
        (seqval, xval, yval, description, id) 
    values
        (?, ?, ?, ?, ?)
14:17:46,112 DEBUG SQL:104 - 
    insert 
    into
        DataPoint
        (seqval, xval, yval, description, id) 
    values
        (?, ?, ?, ?, ?)
14:17:46,112 DEBUG SQL:104 - 
    insert 
    into
        DataPoint
        (seqval, xval, yval, description, id) 
    values
        (?, ?, ?, ?, ?)
14:17:46,112 DEBUG SQL:104 - 
    insert 
    into
        DataPoint
        (seqval, xval, yval, description, id) 
    values
        (?, ?, ?, ?, ?)
14:17:46,128 DEBUG SQL:104 - 
    insert 
    into
        DataPoint
        (seqval, xval, yval, description, id) 
    values
        (?, ?, ?, ?, ?)
14:17:46,129 DEBUG SQL:104 - 
    insert 
    into
        DataPoint
        (seqval, xval, yval, description, id) 
    values
        (?, ?, ?, ?, ?)
14:17:46,132 DEBUG SQL:104 - 
    insert 
    into
        DataPoint
        (seqval, xval, yval, description, id) 
    values
        (?, ?, ?, ?, ?)
14:17:46,133 DEBUG SQL:104 - 
    insert 
    into
        DataPoint
        (seqval, xval, yval, description, id) 
    values
        (?, ?, ?, ?, ?)
14:17:46,133 DEBUG SQL:104 - 
    insert 
    into
        DataPoint
        (seqval, xval, yval, description, id) 
    values
        (?, ?, ?, ?, ?)
14:17:46,133 DEBUG SQL:104 - 
    insert 
    into
        DataPoint
        (seqval, xval, yval, description, id) 
    values
        (?, ?, ?, ?, ?)
14:17:46,133 DEBUG SQL:104 - 
    insert 
    into
        DataPoint
        (seqval, xval, yval, description, id) 
    values
        (?, ?, ?, ?, ?)
14:17:46,143 DEBUG SQL:104 - 
    insert 
    into
        DataPoint
        (seqval, xval, yval, description, id) 
    values
        (?, ?, ?, ?, ?)
14:17:46,143 DEBUG SQL:104 - 
    insert 
    into
        DataPoint
        (seqval, xval, yval, description, id) 
    values
        (?, ?, ?, ?, ?)
14:17:46,143 DEBUG SQL:104 - 
    insert 
    into
        DataPoint
        (seqval, xval, yval, description, id) 
    values
        (?, ?, ?, ?, ?)
14:17:46,143 DEBUG SQL:104 - 
    insert 
    into
        DataPoint
        (seqval, xval, yval, description, id) 
    values
        (?, ?, ?, ?, ?)
14:17:46,152 DEBUG SQL:104 - 
    insert 
    into
        DataPoint
        (seqval, xval, yval, description, id) 
    values
        (?, ?, ?, ?, ?)
14:17:46,152 DEBUG SQL:104 - 
    insert 
    into
        DataPoint
        (seqval, xval, yval, description, id) 
    values
        (?, ?, ?, ?, ?)
14:17:46,153 DEBUG SQL:104 - 
    insert 
    into
        DataPoint
        (seqval, xval, yval, description, id) 
    values
        (?, ?, ?, ?, ?)
14:17:46,153 DEBUG SQL:104 - 
    insert 
    into
        DataPoint
        (seqval, xval, yval, description, id) 
    values
        (?, ?, ?, ?, ?)
14:17:46,164 DEBUG SQL:104 - 
    insert 
    into
        DataPoint
        (seqval, xval, yval, description, id) 
    values
        (?, ?, ?, ?, ?)
14:17:46,164 DEBUG SQL:104 - 
    insert 
    into
        DataPoint
        (seqval, xval, yval, description, id) 
    values
        (?, ?, ?, ?, ?)
14:17:46,164 DEBUG SQL:104 - 
    insert 
    into
        DataPoint
        (seqval, xval, yval, description, id) 
    values
        (?, ?, ?, ?, ?)
14:17:46,164 DEBUG SQL:104 - 
    insert 
    into
        DataPoint
        (seqval, xval, yval, description, id) 
    values
        (?, ?, ?, ?, ?)
14:17:46,165 DEBUG SQL:104 - 
    insert 
    into
        DataPoint
        (seqval, xval, yval, description, id) 
    values
        (?, ?, ?, ?, ?)
14:17:46,175 DEBUG SQL:104 - 
    insert 
    into
        DataPoint
        (seqval, xval, yval, description, id) 
    values
        (?, ?, ?, ?, ?)
14:17:46,175 DEBUG SQL:104 - 
    insert 
    into
        DataPoint
        (seqval, xval, yval, description, id) 
    values
        (?, ?, ?, ?, ?)
14:17:46,175 DEBUG SQL:104 - 
    insert 
    into
        DataPoint
        (seqval, xval, yval, description, id) 
    values
        (?, ?, ?, ?, ?)
14:17:46,176 DEBUG SQL:104 - 
    insert 
    into
        DataPoint
        (seqval, xval, yval, description, id) 
    values
        (?, ?, ?, ?, ?)
14:17:46,187 DEBUG SQL:104 - 
    insert 
    into
        DataPoint
        (seqval, xval, yval, description, id) 
    values
        (?, ?, ?, ?, ?)
14:17:46,187 DEBUG SQL:104 - 
    insert 
    into
        DataPoint
        (seqval, xval, yval, description, id) 
    values
        (?, ?, ?, ?, ?)
14:17:46,187 DEBUG SQL:104 - 
    insert 
    into
        DataPoint
        (seqval, xval, yval, description, id) 
    values
        (?, ?, ?, ?, ?)
14:17:46,188 DEBUG SQL:104 - 
    insert 
    into
        DataPoint
        (seqval, xval, yval, description, id) 
    values
        (?, ?, ?, ?, ?)
14:17:46,202 DEBUG SQL:104 - 
    insert 
    into
        DataPoint
        (seqval, xval, yval, description, id) 
    values
        (?, ?, ?, ?, ?)
14:17:46,202 DEBUG SQL:104 - 
    insert 
    into
        DataPoint
        (seqval, xval, yval, description, id) 
    values
        (?, ?, ?, ?, ?)
14:17:46,203 DEBUG SQL:104 - 
    insert 
    into
        DataPoint
        (seqval, xval, yval, description, id) 
    values
        (?, ?, ?, ?, ?)
14:17:46,203 DEBUG SQL:104 - 
    insert 
    into
        DataPoint
        (seqval, xval, yval, description, id) 
    values
        (?, ?, ?, ?, ?)
14:17:46,203 DEBUG SQL:104 - 
    insert 
    into
        DataPoint
        (seqval, xval, yval, description, id) 
    values
        (?, ?, ?, ?, ?)
14:17:46,211 DEBUG SQL:104 - 
    insert 
    into
        DataPoint
        (seqval, xval, yval, description, id) 
    values
        (?, ?, ?, ?, ?)
14:17:46,211 DEBUG SQL:104 - 
    insert 
    into
        DataPoint
        (seqval, xval, yval, description, id) 
    values
        (?, ?, ?, ?, ?)
14:17:46,211 DEBUG SQL:104 - 
    insert 
    into
        DataPoint
        (seqval, xval, yval, description, id) 
    values
        (?, ?, ?, ?, ?)
14:17:46,212 DEBUG SQL:104 - 
    insert 
    into
        DataPoint
        (seqval, xval, yval, description, id) 
    values
        (?, ?, ?, ?, ?)
14:17:46,212 DEBUG SQL:104 - 
    insert 
    into
        DataPoint
        (seqval, xval, yval, description, id) 
    values
        (?, ?, ?, ?, ?)
14:17:46,212 DEBUG SQL:104 - 
    insert 
    into
        DataPoint
        (seqval, xval, yval, description, id) 
    values
        (?, ?, ?, ?, ?)
14:17:46,212 DEBUG SQL:104 - 
    insert 
    into
        DataPoint
        (seqval, xval, yval, description, id) 
    values
        (?, ?, ?, ?, ?)
14:17:46,213 DEBUG SQL:104 - 
    select
        datapoint0_.id as id0_,
        datapoint0_.seqval as seqval0_,
        datapoint0_.xval as xval0_,
        datapoint0_.yval as yval0_,
        datapoint0_.description as descript5_0_ 
    from
        DataPoint datapoint0_ 
    order by
        datapoint0_.seqval
14:17:46,227 DEBUG SQL:104 - 
    select
        this_.id as id0_0_,
        this_.seqval as seqval0_0_,
        this_.xval as xval0_0_,
        this_.yval as yval0_0_,
        this_.description as descript5_0_0_ 
    from
        DataPoint this_ 
    order by
        this_.seqval asc
14:17:46,229 DEBUG SQL:104 - 
    delete 
    from
        DataPoint
14:17:46,230  INFO SchemaExport:343 - HHH000227: Running hbm2ddl schema export
14:17:46,231 DEBUG SchemaExport:353 - Import file not found: /import.sql
14:17:46,231 DEBUG SQL:104 - 
    drop table DataPoint if exists
14:17:46,231  INFO SchemaExport:405 - HHH000230: Schema export complete
14:17:46,232  INFO DriverManagerConnectionProviderImpl:162 - HHH000030: Cleaning up connection pool [jdbc:h2:mem:db1;DB_CLOSE_DELAY=-1;MVCC=TRUE]
]]></system-out>
  <system-err><![CDATA[]]></system-err>
</testsuite>
