<?xml version="1.0" encoding="UTF-8"?>
<testsuite errors="0" failures="0" hostname="dhcp-10.15.208.168.stl.redhat.com" name="org.hibernate.test.mapping.AliasTest" tests="1" time="0.086" timestamp="2013-02-28T20:17:29">
  <properties />
  <testcase classname="org.hibernate.test.mapping.AliasTest" name="testAliasOrdering" time="0.001" />
  <system-out><![CDATA[14:17:29,189  INFO CustomRunner:132 - BeforeClass: org.hibernate.test.mapping.AliasTest
14:17:29,258  INFO DriverManagerConnectionProviderImpl:99 - HHH000402: Using Hibernate built-in connection pool (not for production use!)
14:17:29,259  INFO DriverManagerConnectionProviderImpl:135 - HHH000115: Hibernate connection pool size: 5
14:17:29,259  INFO DriverManagerConnectionProviderImpl:138 - HHH000006: Autocommit mode: false
14:17:29,259  INFO DriverManagerConnectionProviderImpl:153 - HHH000401: using driver [org.h2.Driver] at URL [jdbc:h2:mem:db1;DB_CLOSE_DELAY=-1;MVCC=TRUE]
14:17:29,259  INFO DriverManagerConnectionProviderImpl:158 - HHH000046: Connection properties: {user=sa}
14:17:29,260  INFO Dialect:103 - HHH000400: Using dialect: org.hibernate.dialect.H2Dialect
14:17:29,261  INFO LobCreatorBuilder:94 - HHH000423: Disabling contextual LOB creation as JDBC driver reported JDBC version [3] less than 4
14:17:29,261  INFO TransactionFactoryInitiator:66 - HHH000399: Using default transaction strategy (direct JDBC transactions)
14:17:29,261  INFO ASTQueryTranslatorFactory:48 - HHH000397: Using ASTQueryTranslatorFactory
14:17:29,262  WARN CachingRegionFactory:58 - CachingRegionFactory should be only used for testing.
14:17:29,267  INFO SchemaExport:343 - HHH000227: Running hbm2ddl schema export
14:17:29,268 DEBUG SchemaExport:353 - Import file not found: /import.sql
14:17:29,268 DEBUG SQL:104 - 
    drop table Table1 if exists
14:17:29,268 DEBUG SQL:104 - 
    drop table Table2 if exists
14:17:29,268 DEBUG SQL:104 - 
    drop sequence hibernate_sequence
14:17:29,268 ERROR SchemaExport:425 - HHH000389: Unsuccessful: drop sequence hibernate_sequence
14:17:29,269 ERROR SchemaExport:426 - Sequence "HIBERNATE_SEQUENCE" not found; SQL statement:

    drop sequence hibernate_sequence [90036-145]
14:17:29,269 DEBUG SQL:104 - 
    create table Table1 (
        id bigint not null,
        primary key (id)
    )
14:17:29,269 DEBUG SQL:104 - 
    create table Table2 (
        id bigint not null,
        primary key (id)
    )
14:17:29,269 DEBUG SQL:104 - 
    create sequence hibernate_sequence start with 1 increment by 1
14:17:29,269  INFO SchemaExport:405 - HHH000230: Schema export complete
14:17:29,270  WARN SessionFactoryImpl:1554 - HHH000008: JTASessionContext being used with JDBCTransactionFactory; auto-flush will not operate correctly with getCurrentSession()
14:17:29,270  INFO CustomRunner:139 - Test: testAliasOrdering
14:17:29,271  INFO SchemaExport:343 - HHH000227: Running hbm2ddl schema export
14:17:29,271 DEBUG SchemaExport:353 - Import file not found: /import.sql
14:17:29,272 DEBUG SQL:104 - 
    drop table Table1 if exists
14:17:29,272 DEBUG SQL:104 - 
    drop table Table2 if exists
14:17:29,272 DEBUG SQL:104 - 
    drop sequence hibernate_sequence
14:17:29,272  INFO SchemaExport:405 - HHH000230: Schema export complete
14:17:29,272  INFO DriverManagerConnectionProviderImpl:162 - HHH000030: Cleaning up connection pool [jdbc:h2:mem:db1;DB_CLOSE_DELAY=-1;MVCC=TRUE]
]]></system-out>
  <system-err><![CDATA[]]></system-err>
</testsuite>
