<?xml version="1.0" encoding="UTF-8"?>
<testsuite errors="0" failures="0" hostname="dhcp-10.15.208.168.stl.redhat.com" name="org.hibernate.test.connections.ThreadLocalCurrentSessionTest" tests="9" time="0.071" timestamp="2013-02-28T20:12:02">
  <properties />
  <testcase classname="org.hibernate.test.connections.ThreadLocalCurrentSessionTest" name="testBasicSessionUsage" time="0.001" />
  <testcase classname="org.hibernate.test.connections.ThreadLocalCurrentSessionTest" name="testConnectedSerialization" time="0.01" />
  <testcase classname="org.hibernate.test.connections.ThreadLocalCurrentSessionTest" name="testContextCleanup" time="0.001" />
  <testcase classname="org.hibernate.test.connections.ThreadLocalCurrentSessionTest" name="testEnabledFilterSerialization" time="0.004" />
  <testcase classname="org.hibernate.test.connections.ThreadLocalCurrentSessionTest" name="testManualDisconnectChain" time="0.002" />
  <testcase classname="org.hibernate.test.connections.ThreadLocalCurrentSessionTest" name="testManualDisconnectWithOpenResources" time="0.012" />
  <testcase classname="org.hibernate.test.connections.ThreadLocalCurrentSessionTest" name="testManualDisconnectedSerialization" time="0.001" />
  <testcase classname="org.hibernate.test.connections.ThreadLocalCurrentSessionTest" name="testSessionClosedProtections" time="0.001" />
  <testcase classname="org.hibernate.test.connections.ThreadLocalCurrentSessionTest" name="testTransactionProtection" time="0.0" />
  <system-out><![CDATA[14:12:02,376  INFO CustomRunner:132 - BeforeClass: org.hibernate.test.connections.ThreadLocalCurrentSessionTest
14:12:02,378  INFO Configuration:706 - HHH000221: Reading mappings from resource: org/hibernate/test/connections/Silly.hbm.xml
14:12:02,386  INFO DriverManagerConnectionProviderImpl:99 - HHH000402: Using Hibernate built-in connection pool (not for production use!)
14:12:02,386  INFO DriverManagerConnectionProviderImpl:135 - HHH000115: Hibernate connection pool size: 5
14:12:02,387  INFO DriverManagerConnectionProviderImpl:138 - HHH000006: Autocommit mode: false
14:12:02,387  INFO DriverManagerConnectionProviderImpl:153 - HHH000401: using driver [org.h2.Driver] at URL [jdbc:h2:mem:db1;DB_CLOSE_DELAY=-1;MVCC=TRUE]
14:12:02,387  INFO DriverManagerConnectionProviderImpl:158 - HHH000046: Connection properties: {user=sa}
14:12:02,388  INFO Dialect:103 - HHH000400: Using dialect: org.hibernate.dialect.H2Dialect
14:12:02,389  INFO LobCreatorBuilder:94 - HHH000423: Disabling contextual LOB creation as JDBC driver reported JDBC version [3] less than 4
14:12:02,389  INFO TransactionFactoryInitiator:66 - HHH000399: Using default transaction strategy (direct JDBC transactions)
14:12:02,390  INFO ASTQueryTranslatorFactory:48 - HHH000397: Using ASTQueryTranslatorFactory
14:12:02,390  WARN CachingRegionFactory:58 - CachingRegionFactory should be only used for testing.
14:12:02,396  INFO SchemaExport:343 - HHH000227: Running hbm2ddl schema export
14:12:02,396 DEBUG SchemaExport:353 - Import file not found: /import.sql
14:12:02,397 DEBUG SQL:104 - 
    alter table Silly 
        drop constraint FK4C2FCC34CE24B1
14:12:02,397 ERROR SchemaExport:425 - HHH000389: Unsuccessful: alter table Silly drop constraint FK4C2FCC34CE24B1
14:12:02,397 ERROR SchemaExport:426 - Table "SILLY" not found; SQL statement:

    alter table Silly 
        drop constraint FK4C2FCC34CE24B1 [42102-145]
14:12:02,397 DEBUG SQL:104 - 
    drop table Other if exists
14:12:02,397 DEBUG SQL:104 - 
    drop table Silly if exists
14:12:02,398 DEBUG SQL:104 - 
    create table Other (
        id bigint not null,
        name varchar(255),
        primary key (id)
    )
14:12:02,398 DEBUG SQL:104 - 
    create table Silly (
        id bigint not null,
        name varchar(255),
        other bigint,
        primary key (id)
    )
14:12:02,399 DEBUG SQL:104 - 
    alter table Silly 
        add constraint FK4C2FCC34CE24B1 
        foreign key (other) 
        references Other
14:12:02,400  INFO SchemaExport:405 - HHH000230: Schema export complete
14:12:02,400  INFO CustomRunner:139 - Test: testBasicSessionUsage
14:12:02,402  INFO CustomRunner:139 - Test: testConnectedSerialization
14:12:02,403 DEBUG QueryTranslatorImpl:265 - parse() - HQL: from org.hibernate.test.connections.Silly
14:12:02,404 DEBUG QueryTranslatorImpl:283 - --- HQL AST ---
 \-[QUERY] Node: 'query'
    \-[SELECT_FROM] Node: 'SELECT_FROM'
       \-[FROM] Node: 'from'
          \-[RANGE] Node: 'RANGE'
             \-[DOT] Node: '.'
                +-[DOT] Node: '.'
                |  +-[DOT] Node: '.'
                |  |  +-[DOT] Node: '.'
                |  |  |  +-[IDENT] Node: 'org'
                |  |  |  \-[IDENT] Node: 'hibernate'
                |  |  \-[IDENT] Node: 'test'
                |  \-[IDENT] Node: 'connections'
                \-[IDENT] Node: 'Silly'

14:12:02,404 DEBUG ErrorCounter:82 - throwQueryException() : no errors
14:12:02,404 DEBUG FromElement:157 - FromClause{level=1} : org.hibernate.test.connections.Silly (<no alias>) -> silly0_
14:12:02,404 DEBUG HqlSqlWalker:629 - processQuery() :  ( SELECT ( FromClause{level=1} Silly silly0_ ) )
14:12:02,405 DEBUG HqlSqlWalker:869 - Derived SELECT clause created.
14:12:02,405 DEBUG JoinProcessor:175 - Using FROM fragment [Silly silly0_]
14:12:02,405 DEBUG QueryTranslatorImpl:252 - --- SQL AST ---
 \-[SELECT] QueryNode: 'SELECT'  querySpaces (Silly)
    +-[SELECT_CLAUSE] SelectClause: '{derived select clause}'
    |  +-[SELECT_EXPR] SelectExpressionImpl: 'silly0_.id as id1_' {FromElement{explicit,not a collection join,not a fetch join,fetch non-lazy properties,classAlias=null,role=null,tableName=Silly,tableAlias=silly0_,origin=null,columns={,className=org.hibernate.test.connections.Silly}}}
    |  \-[SQL_TOKEN] SqlFragment: 'silly0_.name as name1_, silly0_.other as other1_'
    \-[FROM] FromClause: 'from' FromClause{level=1, fromElementCounter=1, fromElements=1, fromElementByClassAlias=[], fromElementByTableAlias=[silly0_], fromElementsByPath=[], collectionJoinFromElementsByPath=[], impliedElements=[]}
       \-[FROM_FRAGMENT] FromElement: 'Silly silly0_' FromElement{explicit,not a collection join,not a fetch join,fetch non-lazy properties,classAlias=null,role=null,tableName=Silly,tableAlias=silly0_,origin=null,columns={,className=org.hibernate.test.connections.Silly}}

14:12:02,405 DEBUG ErrorCounter:82 - throwQueryException() : no errors
14:12:02,405 DEBUG QueryTranslatorImpl:235 - HQL: from org.hibernate.test.connections.Silly
14:12:02,405 DEBUG QueryTranslatorImpl:236 - SQL: select silly0_.id as id1_, silly0_.name as name1_, silly0_.other as other1_ from Silly silly0_
14:12:02,405 DEBUG ErrorCounter:82 - throwQueryException() : no errors
14:12:02,406 DEBUG SQL:104 - 
    select
        silly0_.id as id1_,
        silly0_.name as name1_,
        silly0_.other as other1_ 
    from
        Silly silly0_
14:12:02,412  INFO CustomRunner:139 - Test: testContextCleanup
14:12:02,414  INFO CustomRunner:139 - Test: testEnabledFilterSerialization
14:12:02,418  INFO CustomRunner:139 - Test: testManualDisconnectChain
14:12:02,420  INFO CustomRunner:139 - Test: testManualDisconnectWithOpenResources
14:12:02,422 DEBUG SQL:104 - 
    select
        max(id) 
    from
        Silly
14:12:02,424 DEBUG SQL:104 - 
    insert 
    into
        Silly
        (name, other, id) 
    values
        (?, ?, ?)
14:12:02,424 DEBUG QueryTranslatorImpl:265 - parse() - HQL: from org.hibernate.test.connections.Silly
14:12:02,425 DEBUG QueryTranslatorImpl:283 - --- HQL AST ---
 \-[QUERY] Node: 'query'
    \-[SELECT_FROM] Node: 'SELECT_FROM'
       \-[FROM] Node: 'from'
          \-[RANGE] Node: 'RANGE'
             \-[DOT] Node: '.'
                +-[DOT] Node: '.'
                |  +-[DOT] Node: '.'
                |  |  +-[DOT] Node: '.'
                |  |  |  +-[IDENT] Node: 'org'
                |  |  |  \-[IDENT] Node: 'hibernate'
                |  |  \-[IDENT] Node: 'test'
                |  \-[IDENT] Node: 'connections'
                \-[IDENT] Node: 'Silly'

14:12:02,425 DEBUG ErrorCounter:82 - throwQueryException() : no errors
14:12:02,425 DEBUG FromElement:157 - FromClause{level=1} : org.hibernate.test.connections.Silly (<no alias>) -> silly0_
14:12:02,426 DEBUG HqlSqlWalker:629 - processQuery() :  ( SELECT ( FromClause{level=1} Silly silly0_ ) )
14:12:02,426 DEBUG HqlSqlWalker:869 - Derived SELECT clause created.
14:12:02,426 DEBUG JoinProcessor:175 - Using FROM fragment [Silly silly0_]
14:12:02,426 DEBUG QueryTranslatorImpl:252 - --- SQL AST ---
 \-[SELECT] QueryNode: 'SELECT'  querySpaces (Silly)
    +-[SELECT_CLAUSE] SelectClause: '{derived select clause}'
    |  \-[SELECT_EXPR] SelectExpressionImpl: 'silly0_.id as col_0_0_' {FromElement{explicit,not a collection join,not a fetch join,fetch non-lazy properties,classAlias=null,role=null,tableName=Silly,tableAlias=silly0_,origin=null,columns={,className=org.hibernate.test.connections.Silly}}}
    \-[FROM] FromClause: 'from' FromClause{level=1, fromElementCounter=1, fromElements=1, fromElementByClassAlias=[], fromElementByTableAlias=[silly0_], fromElementsByPath=[], collectionJoinFromElementsByPath=[], impliedElements=[]}
       \-[FROM_FRAGMENT] FromElement: 'Silly silly0_' FromElement{explicit,not a collection join,not a fetch join,fetch non-lazy properties,classAlias=null,role=null,tableName=Silly,tableAlias=silly0_,origin=null,columns={,className=org.hibernate.test.connections.Silly}}

14:12:02,426 DEBUG ErrorCounter:82 - throwQueryException() : no errors
14:12:02,426 DEBUG QueryTranslatorImpl:235 - HQL: from org.hibernate.test.connections.Silly
14:12:02,426 DEBUG QueryTranslatorImpl:236 - SQL: select silly0_.id as col_0_0_ from Silly silly0_
14:12:02,426 DEBUG ErrorCounter:82 - throwQueryException() : no errors
14:12:02,427 DEBUG SQL:104 - 
    select
        silly0_.id as col_0_0_ 
    from
        Silly silly0_
14:12:02,427 DEBUG SQL:104 - 
    select
        silly0_.id as id1_,
        silly0_.name as name1_,
        silly0_.other as other1_ 
    from
        Silly silly0_
14:12:02,428 DEBUG SQL:104 - 
    delete 
    from
        Silly 
    where
        id=?
14:12:02,433  INFO CustomRunner:139 - Test: testManualDisconnectedSerialization
14:12:02,435  INFO CustomRunner:139 - Test: testSessionClosedProtections
14:12:02,436  INFO CustomRunner:139 - Test: testTransactionProtection
14:12:02,437  INFO SchemaExport:343 - HHH000227: Running hbm2ddl schema export
14:12:02,442 DEBUG SchemaExport:353 - Import file not found: /import.sql
14:12:02,442 DEBUG SQL:104 - 
    alter table Silly 
        drop constraint FK4C2FCC34CE24B1
14:12:02,442 DEBUG SQL:104 - 
    drop table Other if exists
14:12:02,443 DEBUG SQL:104 - 
    drop table Silly if exists
14:12:02,443  INFO SchemaExport:405 - HHH000230: Schema export complete
14:12:02,443  INFO DriverManagerConnectionProviderImpl:162 - HHH000030: Cleaning up connection pool [jdbc:h2:mem:db1;DB_CLOSE_DELAY=-1;MVCC=TRUE]
]]></system-out>
  <system-err><![CDATA[]]></system-err>
</testsuite>
