<?xml version="1.0" encoding="UTF-8"?>
<testsuite errors="0" failures="0" hostname="dhcp-10.15.208.168.stl.redhat.com" name="org.hibernate.test.annotations.derivedidentities.bidirectional.DerivedIdentityWithBidirectionalAssociationTest" tests="1" time="0.004" timestamp="2013-02-28T20:10:17">
  <properties />
  <ignored-testcase classname="org.hibernate.test.annotations.derivedidentities.bidirectional.DerivedIdentityWithBidirectionalAssociationTest" name="testBidirectionalAssociation" time="0.0" />
  <system-out><![CDATA[14:10:17,943  INFO CustomRunner:132 - BeforeClass: org.hibernate.test.annotations.derivedidentities.bidirectional.DerivedIdentityWithBidirectionalAssociationTest
]]></system-out>
  <system-err><![CDATA[]]></system-err>
</testsuite>
