<?xml version="1.0" encoding="UTF-8"?>
<testsuite errors="0" failures="0" hostname="dhcp-10.15.208.168.stl.redhat.com" name="org.hibernate.test.nonflushedchanges.GetLoadTest" tests="4" time="0.298" timestamp="2013-02-28T20:17:33">
  <properties />
  <testcase classname="org.hibernate.test.nonflushedchanges.GetLoadTest" name="testGetAfterDelete" time="0.008" />
  <testcase classname="org.hibernate.test.nonflushedchanges.GetLoadTest" name="testGetLoad" time="0.065" />
  <testcase classname="org.hibernate.test.nonflushedchanges.GetLoadTest" name="testGetReadOnly" time="0.033" />
  <testcase classname="org.hibernate.test.nonflushedchanges.GetLoadTest" name="testLoadReadOnly" time="0.042" />
  <system-out><![CDATA[14:17:33,125  INFO CustomRunner:132 - BeforeClass: org.hibernate.test.nonflushedchanges.GetLoadTest
14:17:33,159  INFO Configuration:706 - HHH000221: Reading mappings from resource: org/hibernate/test/nonflushedchanges/Node.hbm.xml
14:17:33,164  INFO Configuration:706 - HHH000221: Reading mappings from resource: org/hibernate/test/nonflushedchanges/Employer.hbm.xml
14:17:33,169  INFO Configuration:706 - HHH000221: Reading mappings from resource: org/hibernate/test/nonflushedchanges/OptLockEntity.hbm.xml
14:17:33,175  INFO Configuration:706 - HHH000221: Reading mappings from resource: org/hibernate/test/nonflushedchanges/OneToOne.hbm.xml
14:17:33,180  INFO Configuration:706 - HHH000221: Reading mappings from resource: org/hibernate/test/nonflushedchanges/Competition.hbm.xml
14:17:33,189  INFO ConnectionProviderInitiator:188 - HHH000130: Instantiating explicit connection provider: org.hibernate.testing.jta.JtaAwareConnectionProviderImpl
14:17:33,190  INFO DriverManagerConnectionProviderImpl:99 - HHH000402: Using Hibernate built-in connection pool (not for production use!)
14:17:33,190  INFO DriverManagerConnectionProviderImpl:135 - HHH000115: Hibernate connection pool size: 20
14:17:33,190  INFO DriverManagerConnectionProviderImpl:138 - HHH000006: Autocommit mode: false
14:17:33,190  INFO DriverManagerConnectionProviderImpl:153 - HHH000401: using driver [org.h2.Driver] at URL [jdbc:h2:mem:db1;DB_CLOSE_DELAY=-1;MVCC=TRUE]
14:17:33,190  INFO DriverManagerConnectionProviderImpl:158 - HHH000046: Connection properties: {user=sa, autocommit=false, release_mode=AFTER_STATEMENT}
14:17:33,191  INFO Dialect:103 - HHH000400: Using dialect: org.hibernate.dialect.H2Dialect
14:17:33,192  INFO LobCreatorBuilder:94 - HHH000423: Disabling contextual LOB creation as JDBC driver reported JDBC version [3] less than 4
14:17:33,192  INFO ASTQueryTranslatorFactory:48 - HHH000397: Using ASTQueryTranslatorFactory
14:17:33,192  WARN CachingRegionFactory:58 - CachingRegionFactory should be only used for testing.
14:17:33,206  INFO SchemaExport:343 - HHH000227: Running hbm2ddl schema export
14:17:33,207 DEBUG SchemaExport:353 - Import file not found: /import.sql
14:17:33,207 DEBUG SQL:104 - 
    alter table COMPET_ION_OR 
        drop constraint FK1AAE64FB74F32D66
14:17:33,207 ERROR SchemaExport:425 - HHH000389: Unsuccessful: alter table COMPET_ION_OR drop constraint FK1AAE64FB74F32D66
14:17:33,207 ERROR SchemaExport:426 - Table "COMPET_ION_OR" not found; SQL statement:

    alter table COMPET_ION_OR 
        drop constraint FK1AAE64FB74F32D66 [42102-145]
14:17:33,207 DEBUG SQL:104 - 
    alter table COMPET_ION_OR 
        drop constraint FK1AAE64FB1F11BBAE
14:17:33,208 ERROR SchemaExport:425 - HHH000389: Unsuccessful: alter table COMPET_ION_OR drop constraint FK1AAE64FB1F11BBAE
14:17:33,208 ERROR SchemaExport:426 - Table "COMPET_ION_OR" not found; SQL statement:

    alter table COMPET_ION_OR 
        drop constraint FK1AAE64FB1F11BBAE [42102-145]
14:17:33,208 DEBUG SQL:104 - 
    alter table EMPLOYER_EMPLOYEE 
        drop constraint FKDC9B93B28D4A24D7
14:17:33,208 ERROR SchemaExport:425 - HHH000389: Unsuccessful: alter table EMPLOYER_EMPLOYEE drop constraint FKDC9B93B28D4A24D7
14:17:33,208 ERROR SchemaExport:426 - Table "EMPLOYER_EMPLOYEE" not found; SQL statement:

    alter table EMPLOYER_EMPLOYEE 
        drop constraint FKDC9B93B28D4A24D7 [42102-145]
14:17:33,209 DEBUG SQL:104 - 
    alter table EMPLOYER_EMPLOYEE 
        drop constraint FKDC9B93B28D500DB7
14:17:33,209 ERROR SchemaExport:425 - HHH000389: Unsuccessful: alter table EMPLOYER_EMPLOYEE drop constraint FKDC9B93B28D500DB7
14:17:33,209 ERROR SchemaExport:426 - Table "EMPLOYER_EMPLOYEE" not found; SQL statement:

    alter table EMPLOYER_EMPLOYEE 
        drop constraint FKDC9B93B28D500DB7 [42102-145]
14:17:33,209 DEBUG SQL:104 - 
    alter table Node 
        drop constraint FK252222D556A303
14:17:33,209 ERROR SchemaExport:425 - HHH000389: Unsuccessful: alter table Node drop constraint FK252222D556A303
14:17:33,210 ERROR SchemaExport:426 - Table "NODE" not found; SQL statement:

    alter table Node 
        drop constraint FK252222D556A303 [42102-145]
14:17:33,210 DEBUG SQL:104 - 
    alter table Node 
        drop constraint FK25222261DDD534
14:17:33,210 ERROR SchemaExport:425 - HHH000389: Unsuccessful: alter table Node drop constraint FK25222261DDD534
14:17:33,210 ERROR SchemaExport:426 - Table "NODE" not found; SQL statement:

    alter table Node 
        drop constraint FK25222261DDD534 [42102-145]
14:17:33,210 DEBUG SQL:104 - 
    alter table NumberedNode 
        drop constraint FK667A9BEA4467F5CB
14:17:33,211 ERROR SchemaExport:425 - HHH000389: Unsuccessful: alter table NumberedNode drop constraint FK667A9BEA4467F5CB
14:17:33,211 ERROR SchemaExport:426 - Table "NUMBEREDNODE" not found; SQL statement:

    alter table NumberedNode 
        drop constraint FK667A9BEA4467F5CB [42102-145]
14:17:33,211 DEBUG SQL:104 - 
    alter table OPS_ADDRESS 
        drop constraint FKCEA94F2782611B3C
14:17:33,211 ERROR SchemaExport:425 - HHH000389: Unsuccessful: alter table OPS_ADDRESS drop constraint FKCEA94F2782611B3C
14:17:33,211 ERROR SchemaExport:426 - Table "OPS_ADDRESS" not found; SQL statement:

    alter table OPS_ADDRESS 
        drop constraint FKCEA94F2782611B3C [42102-145]
14:17:33,212 DEBUG SQL:104 - 
    alter table OPS_PERS_DETAIL 
        drop constraint FK2409C38D9711DB07
14:17:33,212 ERROR SchemaExport:425 - HHH000389: Unsuccessful: alter table OPS_PERS_DETAIL drop constraint FK2409C38D9711DB07
14:17:33,212 ERROR SchemaExport:426 - Table "OPS_PERS_DETAIL" not found; SQL statement:

    alter table OPS_PERS_DETAIL 
        drop constraint FK2409C38D9711DB07 [42102-145]
14:17:33,212 DEBUG SQL:104 - 
    alter table V_ENTITY 
        drop constraint FK145E7ECFD463E2D
14:17:33,212 ERROR SchemaExport:425 - HHH000389: Unsuccessful: alter table V_ENTITY drop constraint FK145E7ECFD463E2D
14:17:33,213 ERROR SchemaExport:426 - Table "V_ENTITY" not found; SQL statement:

    alter table V_ENTITY 
        drop constraint FK145E7ECFD463E2D [42102-145]
14:17:33,213 DEBUG SQL:104 - 
    drop table COMPET_ION_OR if exists
14:17:33,213 DEBUG SQL:104 - 
    drop table Competition if exists
14:17:33,213 DEBUG SQL:104 - 
    drop table Competitor if exists
14:17:33,213 DEBUG SQL:104 - 
    drop table EMPLOYER_EMPLOYEE if exists
14:17:33,213 DEBUG SQL:104 - 
    drop table Employee if exists
14:17:33,214 DEBUG SQL:104 - 
    drop table Employer if exists
14:17:33,214 DEBUG SQL:104 - 
    drop table Node if exists
14:17:33,214 DEBUG SQL:104 - 
    drop table NumberedNode if exists
14:17:33,214 DEBUG SQL:104 - 
    drop table OPS_ADDRESS if exists
14:17:33,214 DEBUG SQL:104 - 
    drop table OPS_PERSON if exists
14:17:33,214 DEBUG SQL:104 - 
    drop table OPS_PERS_DETAIL if exists
14:17:33,215 DEBUG SQL:104 - 
    drop table T_ENTITY if exists
14:17:33,215 DEBUG SQL:104 - 
    drop table V_ENTITY if exists
14:17:33,215 DEBUG SQL:104 - 
    create table COMPET_ION_OR (
        TION_ID integer not null,
        TOR_ID integer not null,
        INDEX_COL integer not null,
        primary key (TION_ID, INDEX_COL)
    )
14:17:33,215 DEBUG SQL:104 - 
    create table Competition (
        id integer generated by default as identity,
        primary key (id)
    )
14:17:33,216 DEBUG SQL:104 - 
    create table Competitor (
        id integer generated by default as identity,
        name varchar(255),
        primary key (id)
    )
14:17:33,216 DEBUG SQL:104 - 
    create table EMPLOYER_EMPLOYEE (
        EMPER_ID integer not null,
        EMPEE_ID integer not null
    )
14:17:33,216 DEBUG SQL:104 - 
    create table Employee (
        id integer generated by default as identity,
        primary key (id)
    )
14:17:33,217 DEBUG SQL:104 - 
    create table Employer (
        id integer generated by default as identity,
        vers integer not null,
        primary key (id)
    )
14:17:33,217 DEBUG SQL:104 - 
    create table Node (
        name varchar(255) not null,
        description varchar(255),
        parent varchar(255),
        created date not null,
        CASC_PARENT varchar(255),
        primary key (name)
    )
14:17:33,219 DEBUG SQL:104 - 
    create table NumberedNode (
        id bigint generated by default as identity,
        name varchar(255) not null,
        description varchar(255),
        created date not null,
        parent bigint,
        primary key (id)
    )
14:17:33,219 DEBUG SQL:104 - 
    create table OPS_ADDRESS (
        ID bigint not null,
        STREET varchar(255),
        CITY varchar(255),
        CTRY varchar(255),
        RESIDENT bigint,
        primary key (ID)
    )
14:17:33,220 DEBUG SQL:104 - 
    create table OPS_PERSON (
        ID bigint not null,
        NAME varchar(255),
        primary key (ID)
    )
14:17:33,220 DEBUG SQL:104 - 
    create table OPS_PERS_DETAIL (
        ID bigint not null,
        SOME_DETAIL varchar(255),
        primary key (ID)
    )
14:17:33,220 DEBUG SQL:104 - 
    create table T_ENTITY (
        ID varchar(255) not null,
        TS timestamp not null,
        NAME varchar(255),
        primary key (ID)
    )
14:17:33,221 DEBUG SQL:104 - 
    create table V_ENTITY (
        ID varchar(255) not null,
        VERS bigint not null,
        NAME varchar(255),
        parent varchar(255),
        primary key (ID)
    )
14:17:33,221 DEBUG SQL:104 - 
    alter table COMPET_ION_OR 
        add constraint FK1AAE64FB74F32D66 
        foreign key (TOR_ID) 
        references Competitor
14:17:33,221 DEBUG SQL:104 - 
    alter table COMPET_ION_OR 
        add constraint FK1AAE64FB1F11BBAE 
        foreign key (TION_ID) 
        references Competition
14:17:33,222 DEBUG SQL:104 - 
    alter table EMPLOYER_EMPLOYEE 
        add constraint FKDC9B93B28D4A24D7 
        foreign key (EMPEE_ID) 
        references Employee
14:17:33,222 DEBUG SQL:104 - 
    alter table EMPLOYER_EMPLOYEE 
        add constraint FKDC9B93B28D500DB7 
        foreign key (EMPER_ID) 
        references Employer
14:17:33,223 DEBUG SQL:104 - 
    alter table Node 
        add constraint FK252222D556A303 
        foreign key (parent) 
        references Node
14:17:33,223 DEBUG SQL:104 - 
    alter table Node 
        add constraint FK25222261DDD534 
        foreign key (CASC_PARENT) 
        references Node
14:17:33,224 DEBUG SQL:104 - 
    create index iname on NumberedNode (name)
14:17:33,224 DEBUG SQL:104 - 
    alter table NumberedNode 
        add constraint FK667A9BEA4467F5CB 
        foreign key (parent) 
        references NumberedNode
14:17:33,225 DEBUG SQL:104 - 
    alter table OPS_ADDRESS 
        add constraint FKCEA94F2782611B3C 
        foreign key (RESIDENT) 
        references OPS_PERSON
14:17:33,225 DEBUG SQL:104 - 
    alter table OPS_PERS_DETAIL 
        add constraint FK2409C38D9711DB07 
        foreign key (ID) 
        references OPS_PERSON
14:17:33,225 DEBUG SQL:104 - 
    alter table V_ENTITY 
        add constraint FK145E7ECFD463E2D 
        foreign key (parent) 
        references V_ENTITY
14:17:33,226  INFO SchemaExport:405 - HHH000230: Schema export complete
14:17:33,227  INFO CustomRunner:139 - Test: testGetAfterDelete
14:17:33,228 DEBUG SQL:104 - 
    insert 
    into
        Employer
        (id, vers) 
    values
        (null, ?)
14:17:33,232 DEBUG SQL:104 - 
    select
        employee0_.id as id4_0_ 
    from
        Employee employee0_ 
    where
        employee0_.id=?
14:17:33,234 DEBUG SQL:104 - 
    delete 
    from
        EMPLOYER_EMPLOYEE 
    where
        EMPER_ID=?
14:17:33,234 DEBUG SQL:104 - 
    delete 
    from
        Employer 
    where
        id=? 
        and vers=?
14:17:33,235  INFO CustomRunner:139 - Test: testGetLoad
14:17:33,236 DEBUG SQL:104 - 
    insert 
    into
        Employer
        (id, vers) 
    values
        (null, ?)
14:17:33,238 DEBUG SQL:104 - 
    insert 
    into
        Node
        (description, parent, created, name) 
    values
        (?, ?, ?, ?)
14:17:33,239 DEBUG SQL:104 - 
    insert 
    into
        Node
        (description, parent, created, name) 
    values
        (?, ?, ?, ?)
14:17:33,239 DEBUG SQL:104 - 
    select
        employer0_.id as id5_0_,
        employer0_.vers as vers5_0_ 
    from
        Employer employer0_ 
    where
        employer0_.id=?
14:17:33,241 DEBUG SQL:104 - 
    select
        node0_.name as name6_0_,
        node0_.description as descript2_6_0_,
        node0_.parent as parent6_0_,
        node0_.created as created6_0_ 
    from
        Node node0_ 
    where
        node0_.name=?
14:17:33,245 DEBUG SQL:104 - 
    select
        node0_.name as name6_0_,
        node0_.description as descript2_6_0_,
        node0_.parent as parent6_0_,
        node0_.created as created6_0_ 
    from
        Node node0_ 
    where
        node0_.name=?
14:17:33,249 DEBUG SQL:104 - 
    select
        employer0_.id as id5_0_,
        employer0_.vers as vers5_0_ 
    from
        Employer employer0_ 
    where
        employer0_.id=?
14:17:33,251 DEBUG SQL:104 - 
    select
        node0_.name as name6_0_,
        node0_.description as descript2_6_0_,
        node0_.parent as parent6_0_,
        node0_.created as created6_0_ 
    from
        Node node0_ 
    where
        node0_.name=?
14:17:33,283 DEBUG QueryTranslatorImpl:265 - parse() - HQL: delete from org.hibernate.test.nonflushedchanges.Employer
14:17:33,285 DEBUG QueryTranslatorImpl:283 - --- HQL AST ---
 \-[DELETE] Node: 'delete'
    \-[FROM] Node: 'FROM'
       \-[RANGE] Node: 'RANGE'
          \-[DOT] Node: '.'
             +-[DOT] Node: '.'
             |  +-[DOT] Node: '.'
             |  |  +-[DOT] Node: '.'
             |  |  |  +-[IDENT] Node: 'org'
             |  |  |  \-[IDENT] Node: 'hibernate'
             |  |  \-[IDENT] Node: 'test'
             |  \-[IDENT] Node: 'nonflushedchanges'
             \-[IDENT] Node: 'Employer'

14:17:33,285 DEBUG ErrorCounter:82 - throwQueryException() : no errors
14:17:33,285 DEBUG FromElement:157 - FromClause{level=1} : org.hibernate.test.nonflushedchanges.Employer (<no alias>) -> employer0_
14:17:33,288 DEBUG QueryTranslatorImpl:252 - --- SQL AST ---
 \-[DELETE] DeleteStatement: 'delete'  querySpaces (Employer)
    \-[FROM] FromClause: 'FROM' FromClause{level=1, fromElementCounter=1, fromElements=1, fromElementByClassAlias=[], fromElementByTableAlias=[employer0_], fromElementsByPath=[], collectionJoinFromElementsByPath=[], impliedElements=[]}
       \-[FROM_FRAGMENT] FromElement: 'Employer' FromElement{explicit,not a collection join,not a fetch join,fetch non-lazy properties,classAlias=null,role=null,tableName=Employer,tableAlias=employer0_,origin=null,columns={,className=org.hibernate.test.nonflushedchanges.Employer}}

14:17:33,288 DEBUG ErrorCounter:82 - throwQueryException() : no errors
14:17:33,288 DEBUG ErrorCounter:82 - throwQueryException() : no errors
14:17:33,288 DEBUG SQL:104 - 
    delete 
    from
        Employer
14:17:33,289 DEBUG QueryTranslatorImpl:265 - parse() - HQL: from org.hibernate.test.nonflushedchanges.Node
14:17:33,289 DEBUG QueryTranslatorImpl:283 - --- HQL AST ---
 \-[QUERY] Node: 'query'
    \-[SELECT_FROM] Node: 'SELECT_FROM'
       \-[FROM] Node: 'from'
          \-[RANGE] Node: 'RANGE'
             \-[DOT] Node: '.'
                +-[DOT] Node: '.'
                |  +-[DOT] Node: '.'
                |  |  +-[DOT] Node: '.'
                |  |  |  +-[IDENT] Node: 'org'
                |  |  |  \-[IDENT] Node: 'hibernate'
                |  |  \-[IDENT] Node: 'test'
                |  \-[IDENT] Node: 'nonflushedchanges'
                \-[IDENT] Node: 'Node'

14:17:33,290 DEBUG ErrorCounter:82 - throwQueryException() : no errors
14:17:33,290 DEBUG FromElement:157 - FromClause{level=1} : org.hibernate.test.nonflushedchanges.Node (<no alias>) -> node0_
14:17:33,290 DEBUG HqlSqlWalker:629 - processQuery() :  ( SELECT ( FromClause{level=1} Node node0_ ) )
14:17:33,290 DEBUG HqlSqlWalker:869 - Derived SELECT clause created.
14:17:33,290 DEBUG JoinProcessor:175 - Using FROM fragment [Node node0_]
14:17:33,290 DEBUG QueryTranslatorImpl:252 - --- SQL AST ---
 \-[SELECT] QueryNode: 'SELECT'  querySpaces (Node)
    +-[SELECT_CLAUSE] SelectClause: '{derived select clause}'
    |  +-[SELECT_EXPR] SelectExpressionImpl: 'node0_.name as name6_' {FromElement{explicit,not a collection join,not a fetch join,fetch non-lazy properties,classAlias=null,role=null,tableName=Node,tableAlias=node0_,origin=null,columns={,className=org.hibernate.test.nonflushedchanges.Node}}}
    |  \-[SQL_TOKEN] SqlFragment: 'node0_.description as descript2_6_, node0_.parent as parent6_, node0_.created as created6_'
    \-[FROM] FromClause: 'from' FromClause{level=1, fromElementCounter=1, fromElements=1, fromElementByClassAlias=[], fromElementByTableAlias=[node0_], fromElementsByPath=[], collectionJoinFromElementsByPath=[], impliedElements=[]}
       \-[FROM_FRAGMENT] FromElement: 'Node node0_' FromElement{explicit,not a collection join,not a fetch join,fetch non-lazy properties,classAlias=null,role=null,tableName=Node,tableAlias=node0_,origin=null,columns={,className=org.hibernate.test.nonflushedchanges.Node}}

14:17:33,290 DEBUG ErrorCounter:82 - throwQueryException() : no errors
14:17:33,290 DEBUG QueryTranslatorImpl:235 - HQL: from org.hibernate.test.nonflushedchanges.Node
14:17:33,291 DEBUG QueryTranslatorImpl:236 - SQL: select node0_.name as name6_, node0_.description as descript2_6_, node0_.parent as parent6_, node0_.created as created6_ from Node node0_
14:17:33,291 DEBUG ErrorCounter:82 - throwQueryException() : no errors
14:17:33,291 DEBUG SQL:104 - 
    select
        node0_.name as name6_,
        node0_.description as descript2_6_,
        node0_.parent as parent6_,
        node0_.created as created6_ 
    from
        Node node0_
14:17:33,295 DEBUG SQL:104 - 
    select
        cascadingc0_.CASC_PARENT as CASC5_6_1_,
        cascadingc0_.name as name6_1_,
        cascadingc0_.name as name6_0_,
        cascadingc0_.description as descript2_6_0_,
        cascadingc0_.parent as parent6_0_,
        cascadingc0_.created as created6_0_ 
    from
        Node cascadingc0_ 
    where
        cascadingc0_.CASC_PARENT=?
14:17:33,295 DEBUG SQL:104 - 
    select
        cascadingc0_.CASC_PARENT as CASC5_6_1_,
        cascadingc0_.name as name6_1_,
        cascadingc0_.name as name6_0_,
        cascadingc0_.description as descript2_6_0_,
        cascadingc0_.parent as parent6_0_,
        cascadingc0_.created as created6_0_ 
    from
        Node cascadingc0_ 
    where
        cascadingc0_.CASC_PARENT=?
14:17:33,296 DEBUG SQL:104 - 
    update
        Node 
    set
        description=?,
        parent=?,
        created=? 
    where
        name=?
14:17:33,296 DEBUG SQL:104 - 
    delete 
    from
        Node 
    where
        name=?
14:17:33,297 DEBUG SQL:104 - 
    delete 
    from
        Node 
    where
        name=?
14:17:33,300  INFO CustomRunner:139 - Test: testGetReadOnly
14:17:33,301 DEBUG SQL:104 - 
    insert 
    into
        Employer
        (id, vers) 
    values
        (null, ?)
14:17:33,304 DEBUG SQL:104 - 
    insert 
    into
        Node
        (description, parent, created, name) 
    values
        (?, ?, ?, ?)
14:17:33,305 DEBUG SQL:104 - 
    insert 
    into
        Node
        (description, parent, created, name) 
    values
        (?, ?, ?, ?)
14:17:33,306 DEBUG SQL:104 - 
    select
        employer0_.id as id5_0_,
        employer0_.vers as vers5_0_ 
    from
        Employer employer0_ 
    where
        employer0_.id=?
14:17:33,307 DEBUG SQL:104 - 
    select
        node0_.name as name6_0_,
        node0_.description as descript2_6_0_,
        node0_.parent as parent6_0_,
        node0_.created as created6_0_ 
    from
        Node node0_ 
    where
        node0_.name=?
14:17:33,310 DEBUG SQL:104 - 
    select
        children0_.parent as parent6_1_,
        children0_.name as name6_1_,
        children0_.name as name6_0_,
        children0_.description as descript2_6_0_,
        children0_.parent as parent6_0_,
        children0_.created as created6_0_ 
    from
        Node children0_ 
    where
        children0_.parent=?
14:17:33,310 DEBUG SQL:104 - 
    select
        node0_.name as name6_0_,
        node0_.description as descript2_6_0_,
        node0_.parent as parent6_0_,
        node0_.created as created6_0_ 
    from
        Node node0_ 
    where
        node0_.name=?
14:17:33,311 DEBUG SQL:104 - 
    select
        employer0_.id as id5_0_,
        employer0_.vers as vers5_0_ 
    from
        Employer employer0_ 
    where
        employer0_.id=?
14:17:33,314 DEBUG SQL:104 - 
    select
        node0_.name as name6_0_,
        node0_.description as descript2_6_0_,
        node0_.parent as parent6_0_,
        node0_.created as created6_0_ 
    from
        Node node0_ 
    where
        node0_.name=?
14:17:33,318 DEBUG SQL:104 - 
    delete 
    from
        Employer
14:17:33,319 DEBUG SQL:104 - 
    select
        node0_.name as name6_,
        node0_.description as descript2_6_,
        node0_.parent as parent6_,
        node0_.created as created6_ 
    from
        Node node0_
14:17:33,320 DEBUG SQL:104 - 
    select
        cascadingc0_.CASC_PARENT as CASC5_6_1_,
        cascadingc0_.name as name6_1_,
        cascadingc0_.name as name6_0_,
        cascadingc0_.description as descript2_6_0_,
        cascadingc0_.parent as parent6_0_,
        cascadingc0_.created as created6_0_ 
    from
        Node cascadingc0_ 
    where
        cascadingc0_.CASC_PARENT=?
14:17:33,320 DEBUG SQL:104 - 
    select
        cascadingc0_.CASC_PARENT as CASC5_6_1_,
        cascadingc0_.name as name6_1_,
        cascadingc0_.name as name6_0_,
        cascadingc0_.description as descript2_6_0_,
        cascadingc0_.parent as parent6_0_,
        cascadingc0_.created as created6_0_ 
    from
        Node cascadingc0_ 
    where
        cascadingc0_.CASC_PARENT=?
14:17:33,333 DEBUG SQL:104 - 
    delete 
    from
        Node 
    where
        name=?
14:17:33,334 DEBUG SQL:104 - 
    delete 
    from
        Node 
    where
        name=?
14:17:33,334  INFO CustomRunner:139 - Test: testLoadReadOnly
14:17:33,335 DEBUG SQL:104 - 
    insert 
    into
        Employer
        (id, vers) 
    values
        (null, ?)
14:17:33,337 DEBUG SQL:104 - 
    insert 
    into
        Node
        (description, parent, created, name) 
    values
        (?, ?, ?, ?)
14:17:33,337 DEBUG SQL:104 - 
    insert 
    into
        Node
        (description, parent, created, name) 
    values
        (?, ?, ?, ?)
14:17:33,340 DEBUG SQL:104 - 
    delete 
    from
        Employer
14:17:33,340 DEBUG SQL:104 - 
    select
        node0_.name as name6_,
        node0_.description as descript2_6_,
        node0_.parent as parent6_,
        node0_.created as created6_ 
    from
        Node node0_
14:17:33,341 DEBUG SQL:104 - 
    select
        cascadingc0_.CASC_PARENT as CASC5_6_1_,
        cascadingc0_.name as name6_1_,
        cascadingc0_.name as name6_0_,
        cascadingc0_.description as descript2_6_0_,
        cascadingc0_.parent as parent6_0_,
        cascadingc0_.created as created6_0_ 
    from
        Node cascadingc0_ 
    where
        cascadingc0_.CASC_PARENT=?
14:17:33,341 DEBUG SQL:104 - 
    select
        cascadingc0_.CASC_PARENT as CASC5_6_1_,
        cascadingc0_.name as name6_1_,
        cascadingc0_.name as name6_0_,
        cascadingc0_.description as descript2_6_0_,
        cascadingc0_.parent as parent6_0_,
        cascadingc0_.created as created6_0_ 
    from
        Node cascadingc0_ 
    where
        cascadingc0_.CASC_PARENT=?
14:17:33,374 DEBUG SQL:104 - 
    delete 
    from
        Node 
    where
        name=?
14:17:33,375 DEBUG SQL:104 - 
    delete 
    from
        Node 
    where
        name=?
14:17:33,377  INFO SchemaExport:343 - HHH000227: Running hbm2ddl schema export
14:17:33,378 DEBUG SchemaExport:353 - Import file not found: /import.sql
14:17:33,378 DEBUG SQL:104 - 
    alter table COMPET_ION_OR 
        drop constraint FK1AAE64FB74F32D66
14:17:33,379 DEBUG SQL:104 - 
    alter table COMPET_ION_OR 
        drop constraint FK1AAE64FB1F11BBAE
14:17:33,379 DEBUG SQL:104 - 
    alter table EMPLOYER_EMPLOYEE 
        drop constraint FKDC9B93B28D4A24D7
14:17:33,379 DEBUG SQL:104 - 
    alter table EMPLOYER_EMPLOYEE 
        drop constraint FKDC9B93B28D500DB7
14:17:33,386 DEBUG SQL:104 - 
    alter table Node 
        drop constraint FK252222D556A303
14:17:33,387 DEBUG SQL:104 - 
    alter table Node 
        drop constraint FK25222261DDD534
14:17:33,387 DEBUG SQL:104 - 
    alter table NumberedNode 
        drop constraint FK667A9BEA4467F5CB
14:17:33,387 DEBUG SQL:104 - 
    alter table OPS_ADDRESS 
        drop constraint FKCEA94F2782611B3C
14:17:33,387 DEBUG SQL:104 - 
    alter table OPS_PERS_DETAIL 
        drop constraint FK2409C38D9711DB07
14:17:33,388 DEBUG SQL:104 - 
    alter table V_ENTITY 
        drop constraint FK145E7ECFD463E2D
14:17:33,388 DEBUG SQL:104 - 
    drop table COMPET_ION_OR if exists
14:17:33,388 DEBUG SQL:104 - 
    drop table Competition if exists
14:17:33,388 DEBUG SQL:104 - 
    drop table Competitor if exists
14:17:33,388 DEBUG SQL:104 - 
    drop table EMPLOYER_EMPLOYEE if exists
14:17:33,389 DEBUG SQL:104 - 
    drop table Employee if exists
14:17:33,389 DEBUG SQL:104 - 
    drop table Employer if exists
14:17:33,399 DEBUG SQL:104 - 
    drop table Node if exists
14:17:33,399 DEBUG SQL:104 - 
    drop table NumberedNode if exists
14:17:33,399 DEBUG SQL:104 - 
    drop table OPS_ADDRESS if exists
14:17:33,401 DEBUG SQL:104 - 
    drop table OPS_PERSON if exists
14:17:33,401 DEBUG SQL:104 - 
    drop table OPS_PERS_DETAIL if exists
14:17:33,401 DEBUG SQL:104 - 
    drop table T_ENTITY if exists
14:17:33,401 DEBUG SQL:104 - 
    drop table V_ENTITY if exists
14:17:33,402  INFO SchemaExport:405 - HHH000230: Schema export complete
14:17:33,402  INFO DriverManagerConnectionProviderImpl:162 - HHH000030: Cleaning up connection pool [jdbc:h2:mem:db1;DB_CLOSE_DELAY=-1;MVCC=TRUE]
]]></system-out>
  <system-err><![CDATA[]]></system-err>
</testsuite>
