<?xml version="1.0" encoding="UTF-8"?>
<testsuite errors="0" failures="0" hostname="dhcp-10.15.208.168.stl.redhat.com" name="org.hibernate.test.immutable.entitywithmutablecollection.inverse.VersionedEntityWithInverseOneToManyTest" tests="20" time="1.354" timestamp="2013-02-28T20:14:15">
  <properties />
  <testcase classname="org.hibernate.test.immutable.entitywithmutablecollection.inverse.VersionedEntityWithInverseOneToManyTest" name="testAddExistingOneToManyElementToPersistentEntity" time="0.083" />
  <testcase classname="org.hibernate.test.immutable.entitywithmutablecollection.inverse.VersionedEntityWithInverseOneToManyTest" name="testAddNewOneToManyElementToPersistentEntity" time="0.051" />
  <testcase classname="org.hibernate.test.immutable.entitywithmutablecollection.inverse.VersionedEntityWithInverseOneToManyTest" name="testCreateWithEmptyOneToManyCollectionMergeWithExistingElement" time="0.075" />
  <testcase classname="org.hibernate.test.immutable.entitywithmutablecollection.inverse.VersionedEntityWithInverseOneToManyTest" name="testCreateWithEmptyOneToManyCollectionUpdateWithExistingElement" time="0.031" />
  <testcase classname="org.hibernate.test.immutable.entitywithmutablecollection.inverse.VersionedEntityWithInverseOneToManyTest" name="testCreateWithNonEmptyOneToManyCollectionMergeWithNewElement" time="0.084" />
  <testcase classname="org.hibernate.test.immutable.entitywithmutablecollection.inverse.VersionedEntityWithInverseOneToManyTest" name="testCreateWithNonEmptyOneToManyCollectionOfExisting" time="0.037" />
  <testcase classname="org.hibernate.test.immutable.entitywithmutablecollection.inverse.VersionedEntityWithInverseOneToManyTest" name="testCreateWithNonEmptyOneToManyCollectionOfNew" time="0.058" />
  <testcase classname="org.hibernate.test.immutable.entitywithmutablecollection.inverse.VersionedEntityWithInverseOneToManyTest" name="testCreateWithNonEmptyOneToManyCollectionUpdateWithNewElement" time="0.051" />
  <testcase classname="org.hibernate.test.immutable.entitywithmutablecollection.inverse.VersionedEntityWithInverseOneToManyTest" name="testDeleteOneToManyElement" time="0.045" />
  <testcase classname="org.hibernate.test.immutable.entitywithmutablecollection.inverse.VersionedEntityWithInverseOneToManyTest" name="testDeleteOneToManyOrphan" time="0.048" />
  <testcase classname="org.hibernate.test.immutable.entitywithmutablecollection.inverse.VersionedEntityWithInverseOneToManyTest" name="testMoveOneToManyElementToExistingEntityCollection" time="0.128" />
  <testcase classname="org.hibernate.test.immutable.entitywithmutablecollection.inverse.VersionedEntityWithInverseOneToManyTest" name="testMoveOneToManyElementToNewEntityCollection" time="0.08" />
  <testcase classname="org.hibernate.test.immutable.entitywithmutablecollection.inverse.VersionedEntityWithInverseOneToManyTest" name="testOneToManyCollectionOptimisticLockingWithMerge" time="0.095" />
  <testcase classname="org.hibernate.test.immutable.entitywithmutablecollection.inverse.VersionedEntityWithInverseOneToManyTest" name="testOneToManyCollectionOptimisticLockingWithUpdate" time="0.089" />
  <testcase classname="org.hibernate.test.immutable.entitywithmutablecollection.inverse.VersionedEntityWithInverseOneToManyTest" name="testRemoveOneToManyElementByDelete" time="0.036" />
  <testcase classname="org.hibernate.test.immutable.entitywithmutablecollection.inverse.VersionedEntityWithInverseOneToManyTest" name="testRemoveOneToManyElementUsingMerge" time="0.075" />
  <testcase classname="org.hibernate.test.immutable.entitywithmutablecollection.inverse.VersionedEntityWithInverseOneToManyTest" name="testRemoveOneToManyElementUsingUpdate" time="0.044" />
  <testcase classname="org.hibernate.test.immutable.entitywithmutablecollection.inverse.VersionedEntityWithInverseOneToManyTest" name="testRemoveOneToManyOrphanUsingMerge" time="0.051" />
  <testcase classname="org.hibernate.test.immutable.entitywithmutablecollection.inverse.VersionedEntityWithInverseOneToManyTest" name="testRemoveOneToManyOrphanUsingUpdate" time="0.056" />
  <testcase classname="org.hibernate.test.immutable.entitywithmutablecollection.inverse.VersionedEntityWithInverseOneToManyTest" name="testUpdateProperty" time="0.05" />
  <system-out><![CDATA[14:14:15,559  INFO CustomRunner:132 - BeforeClass: org.hibernate.test.immutable.entitywithmutablecollection.inverse.VersionedEntityWithInverseOneToManyTest
14:14:15,561  INFO Configuration:706 - HHH000221: Reading mappings from resource: org/hibernate/test/immutable/entitywithmutablecollection/inverse/ContractVariationVersioned.hbm.xml
14:14:15,568  INFO DriverManagerConnectionProviderImpl:99 - HHH000402: Using Hibernate built-in connection pool (not for production use!)
14:14:15,568  INFO DriverManagerConnectionProviderImpl:135 - HHH000115: Hibernate connection pool size: 5
14:14:15,568  INFO DriverManagerConnectionProviderImpl:138 - HHH000006: Autocommit mode: false
14:14:15,568  INFO DriverManagerConnectionProviderImpl:153 - HHH000401: using driver [org.h2.Driver] at URL [jdbc:h2:mem:db1;DB_CLOSE_DELAY=-1;MVCC=TRUE]
14:14:15,569  INFO DriverManagerConnectionProviderImpl:158 - HHH000046: Connection properties: {user=sa}
14:14:15,570  INFO Dialect:103 - HHH000400: Using dialect: org.hibernate.dialect.H2Dialect
14:14:15,570  INFO LobCreatorBuilder:94 - HHH000423: Disabling contextual LOB creation as JDBC driver reported JDBC version [3] less than 4
14:14:15,570  INFO TransactionFactoryInitiator:66 - HHH000399: Using default transaction strategy (direct JDBC transactions)
14:14:15,571  INFO ASTQueryTranslatorFactory:48 - HHH000397: Using ASTQueryTranslatorFactory
14:14:15,571  WARN CachingRegionFactory:58 - CachingRegionFactory should be only used for testing.
14:14:15,580  INFO SchemaExport:343 - HHH000227: Running hbm2ddl schema export
14:14:15,581 DEBUG SchemaExport:353 - Import file not found: /import.sql
14:14:15,581 DEBUG SQL:104 - 
    alter table Contract 
        drop constraint FKE20F7532190ADCD1
14:14:15,581 ERROR SchemaExport:425 - HHH000389: Unsuccessful: alter table Contract drop constraint FKE20F7532190ADCD1
14:14:15,581 ERROR SchemaExport:426 - Table "CONTRACT" not found; SQL statement:

    alter table Contract 
        drop constraint FKE20F7532190ADCD1 [42102-145]
14:14:15,581 DEBUG SQL:104 - 
    alter table ContractVariation 
        drop constraint FKB86C05013294E539
14:14:15,581 ERROR SchemaExport:425 - HHH000389: Unsuccessful: alter table ContractVariation drop constraint FKB86C05013294E539
14:14:15,582 ERROR SchemaExport:426 - Table "CONTRACTVARIATION" not found; SQL statement:

    alter table ContractVariation 
        drop constraint FKB86C05013294E539 [42102-145]
14:14:15,582 DEBUG SQL:104 - 
    alter table Info 
        drop constraint FK22D8CEA0A0D346
14:14:15,582 ERROR SchemaExport:425 - HHH000389: Unsuccessful: alter table Info drop constraint FK22D8CEA0A0D346
14:14:15,582 ERROR SchemaExport:426 - Table "INFO" not found; SQL statement:

    alter table Info 
        drop constraint FK22D8CEA0A0D346 [42102-145]
14:14:15,582 DEBUG SQL:104 - 
    alter table Info 
        drop constraint FK22D8CE1F1952D7
14:14:15,582 ERROR SchemaExport:425 - HHH000389: Unsuccessful: alter table Info drop constraint FK22D8CE1F1952D7
14:14:15,582 ERROR SchemaExport:426 - Table "INFO" not found; SQL statement:

    alter table Info 
        drop constraint FK22D8CE1F1952D7 [42102-145]
14:14:15,582 DEBUG SQL:104 - 
    alter table Info 
        drop constraint FK22D8CE3294E539
14:14:15,583 ERROR SchemaExport:425 - HHH000389: Unsuccessful: alter table Info drop constraint FK22D8CE3294E539
14:14:15,583 ERROR SchemaExport:426 - Table "INFO" not found; SQL statement:

    alter table Info 
        drop constraint FK22D8CE3294E539 [42102-145]
14:14:15,583 DEBUG SQL:104 - 
    alter table Info 
        drop constraint FK22D8CEF8244EED
14:14:15,583 ERROR SchemaExport:425 - HHH000389: Unsuccessful: alter table Info drop constraint FK22D8CEF8244EED
14:14:15,583 ERROR SchemaExport:426 - Table "INFO" not found; SQL statement:

    alter table Info 
        drop constraint FK22D8CEF8244EED [42102-145]
14:14:15,583 DEBUG SQL:104 - 
    alter table Party 
        drop constraint FK4952AC63294E539
14:14:15,583 ERROR SchemaExport:425 - HHH000389: Unsuccessful: alter table Party drop constraint FK4952AC63294E539
14:14:15,584 ERROR SchemaExport:426 - Table "PARTY" not found; SQL statement:

    alter table Party 
        drop constraint FK4952AC63294E539 [42102-145]
14:14:15,584 DEBUG SQL:104 - 
    alter table plan_contract 
        drop constraint FKDE1535683294E539
14:14:15,584 ERROR SchemaExport:425 - HHH000389: Unsuccessful: alter table plan_contract drop constraint FKDE1535683294E539
14:14:15,584 ERROR SchemaExport:426 - Table "PLAN_CONTRACT" not found; SQL statement:

    alter table plan_contract 
        drop constraint FKDE1535683294E539 [42102-145]
14:14:15,584 DEBUG SQL:104 - 
    alter table plan_contract 
        drop constraint FKDE153568A0A0D346
14:14:15,584 ERROR SchemaExport:425 - HHH000389: Unsuccessful: alter table plan_contract drop constraint FKDE153568A0A0D346
14:14:15,584 ERROR SchemaExport:426 - Table "PLAN_CONTRACT" not found; SQL statement:

    alter table plan_contract 
        drop constraint FKDE153568A0A0D346 [42102-145]
14:14:15,585 DEBUG SQL:104 - 
    drop table Contract if exists
14:14:15,585 DEBUG SQL:104 - 
    drop table ContractVariation if exists
14:14:15,585 DEBUG SQL:104 - 
    drop table Info if exists
14:14:15,585 DEBUG SQL:104 - 
    drop table Party if exists
14:14:15,585 DEBUG SQL:104 - 
    drop table plan_contract if exists
14:14:15,585 DEBUG SQL:104 - 
    drop table tbl_plan if exists
14:14:15,585 DEBUG SQL:104 - 
    create table Contract (
        id bigint not null,
        VERS bigint not null,
        customerName varchar(255) not null,
        "type" varchar(255) not null,
        parent bigint,
        primary key (id)
    )
14:14:15,586 DEBUG SQL:104 - 
    create table ContractVariation (
        id integer not null,
        text longvarchar,
        contract bigint,
        primary key (id)
    )
14:14:15,586 DEBUG SQL:104 - 
    create table Info (
        id bigint not null,
        VERS bigint not null,
        text varchar(255),
        col_plan bigint,
        party bigint,
        contract bigint,
        contractvariation integer,
        primary key (id)
    )
14:14:15,586 DEBUG SQL:104 - 
    create table Party (
        id bigint not null,
        VERS bigint not null,
        contract bigint,
        name varchar(255) not null,
        primary key (id)
    )
14:14:15,598 DEBUG SQL:104 - 
    create table plan_contract (
        col_plan bigint not null,
        contract bigint not null,
        primary key (contract, col_plan)
    )
14:14:15,598 DEBUG SQL:104 - 
    create table tbl_plan (
        id bigint not null,
        VERS bigint not null,
        description varchar(255) not null,
        primary key (id)
    )
14:14:15,598 DEBUG SQL:104 - 
    alter table Contract 
        add constraint FKE20F7532190ADCD1 
        foreign key (parent) 
        references Contract
14:14:15,599 DEBUG SQL:104 - 
    alter table ContractVariation 
        add constraint FKB86C05013294E539 
        foreign key (contract) 
        references Contract
14:14:15,599 DEBUG SQL:104 - 
    alter table Info 
        add constraint FK22D8CEA0A0D346 
        foreign key (col_plan) 
        references tbl_plan
14:14:15,607 DEBUG SQL:104 - 
    alter table Info 
        add constraint FK22D8CE1F1952D7 
        foreign key (party) 
        references Party
14:14:15,608 DEBUG SQL:104 - 
    alter table Info 
        add constraint FK22D8CE3294E539 
        foreign key (contract) 
        references Contract
14:14:15,608 DEBUG SQL:104 - 
    alter table Info 
        add constraint FK22D8CEF8244EED 
        foreign key (contractvariation) 
        references ContractVariation
14:14:15,609 DEBUG SQL:104 - 
    alter table Party 
        add constraint FK4952AC63294E539 
        foreign key (contract) 
        references Contract
14:14:15,609 DEBUG SQL:104 - 
    alter table plan_contract 
        add constraint FKDE1535683294E539 
        foreign key (contract) 
        references Contract
14:14:15,609 DEBUG SQL:104 - 
    alter table plan_contract 
        add constraint FKDE153568A0A0D346 
        foreign key (col_plan) 
        references tbl_plan
14:14:15,610  INFO SchemaExport:405 - HHH000230: Schema export complete
14:14:15,610  WARN SessionFactoryImpl:1554 - HHH000008: JTASessionContext being used with JDBCTransactionFactory; auto-flush will not operate correctly with getCurrentSession()
14:14:15,611  INFO CustomRunner:139 - Test: testAddExistingOneToManyElementToPersistentEntity
14:14:15,612 DEBUG SQL:104 - 
    select
        max(id) 
    from
        Contract
14:14:15,612 DEBUG SQL:104 - 
    select
        max(id) 
    from
        Party
14:14:15,633 DEBUG SQL:104 - 
    insert 
    into
        Contract
        (VERS, customerName, "type", parent, id) 
    values
        (?, ?, ?, ?, ?)
14:14:15,633 DEBUG SQL:104 - 
    insert 
    into
        Party
        (VERS, contract, name, id) 
    values
        (?, ?, ?, ?)
14:14:15,634 DEBUG SQL:104 - 
    select
        contract0_.id as id0_3_,
        contract0_.VERS as VERS0_3_,
        contract0_.customerName as customer3_0_3_,
        contract0_."type" as type4_0_3_,
        contract0_.parent as parent0_3_,
        variations1_.contract as contract0_5_,
        variations1_.id as id1_5_,
        variations1_.id as id1_0_,
        variations1_.text as text1_0_,
        variations1_.contract as contract1_0_,
        subcontrac2_.parent as parent0_6_,
        subcontrac2_.id as id0_6_,
        subcontrac2_.id as id0_1_,
        subcontrac2_.VERS as VERS0_1_,
        subcontrac2_.customerName as customer3_0_1_,
        subcontrac2_."type" as type4_0_1_,
        subcontrac2_.parent as parent0_1_,
        parties3_.contract as contract0_7_,
        parties3_.id as id3_7_,
        parties3_.id as id3_2_,
        parties3_.VERS as VERS3_2_,
        parties3_.contract as contract3_2_,
        parties3_.name as name3_2_ 
    from
        Contract contract0_ 
    left outer join
        ContractVariation variations1_ 
            on contract0_.id=variations1_.contract 
    left outer join
        Contract subcontrac2_ 
            on contract0_.id=subcontrac2_.parent 
    left outer join
        Party parties3_ 
            on subcontrac2_.id=parties3_.contract 
    where
        contract0_.id=? 
    order by
        variations1_.id asc
14:14:15,645 DEBUG SQL:104 - 
    select
        parties0_.contract as contract0_1_,
        parties0_.id as id3_1_,
        parties0_.id as id3_0_,
        parties0_.VERS as VERS3_0_,
        parties0_.contract as contract3_0_,
        parties0_.name as name3_0_ 
    from
        Party parties0_ 
    where
        parties0_.contract=?
14:14:15,655 DEBUG SQL:104 - 
    select
        party0_.id as id3_0_,
        party0_.VERS as VERS3_0_,
        party0_.contract as contract3_0_,
        party0_.name as name3_0_ 
    from
        Party party0_ 
    where
        party0_.id=?
14:14:15,655 DEBUG SQL:104 - 
    update
        Contract 
    set
        VERS=? 
    where
        id=? 
        and VERS=?
14:14:15,657 DEBUG SQL:104 - 
    select
        this_.id as id0_3_,
        this_.VERS as VERS0_3_,
        this_.customerName as customer3_0_3_,
        this_."type" as type4_0_3_,
        this_.parent as parent0_3_,
        variations2_.contract as contract0_5_,
        variations2_.id as id1_5_,
        variations2_.id as id1_0_,
        variations2_.text as text1_0_,
        variations2_.contract as contract1_0_,
        subcontrac3_.parent as parent0_6_,
        subcontrac3_.id as id0_6_,
        subcontrac3_.id as id0_1_,
        subcontrac3_.VERS as VERS0_1_,
        subcontrac3_.customerName as customer3_0_1_,
        subcontrac3_."type" as type4_0_1_,
        subcontrac3_.parent as parent0_1_,
        parties4_.contract as contract0_7_,
        parties4_.id as id3_7_,
        parties4_.id as id3_2_,
        parties4_.VERS as VERS3_2_,
        parties4_.contract as contract3_2_,
        parties4_.name as name3_2_ 
    from
        Contract this_ 
    left outer join
        ContractVariation variations2_ 
            on this_.id=variations2_.contract 
    left outer join
        Contract subcontrac3_ 
            on this_.id=subcontrac3_.parent 
    left outer join
        Party parties4_ 
            on subcontrac3_.id=parties4_.contract 
    order by
        variations2_.id asc
14:14:15,675 DEBUG SQL:104 - 
    select
        parties0_.contract as contract0_1_,
        parties0_.id as id3_1_,
        parties0_.id as id3_0_,
        parties0_.VERS as VERS3_0_,
        parties0_.contract as contract3_0_,
        parties0_.name as name3_0_ 
    from
        Party parties0_ 
    where
        parties0_.contract=?
14:14:15,676 DEBUG SQL:104 - 
    select
        infos0_.party as party3_1_,
        infos0_.id as id2_1_,
        infos0_.id as id2_0_,
        infos0_.VERS as VERS2_0_,
        infos0_.text as text2_0_ 
    from
        Info infos0_ 
    where
        infos0_.party=?
14:14:15,676 DEBUG SQL:104 - 
    select
        infos0_.contract as contract0_1_,
        infos0_.id as id2_1_,
        infos0_.id as id2_0_,
        infos0_.VERS as VERS2_0_,
        infos0_.text as text2_0_ 
    from
        Info infos0_ 
    where
        infos0_.contract=?
14:14:15,685 DEBUG SQL:104 - 
    delete 
    from
        plan_contract 
    where
        contract=?
14:14:15,685 DEBUG SQL:104 - 
    delete 
    from
        Party 
    where
        id=? 
        and VERS=?
14:14:15,686 DEBUG SQL:104 - 
    delete 
    from
        Contract 
    where
        id=? 
        and VERS=?
14:14:15,686 DEBUG SQL:104 - 
    select
        count(*) as y0_ 
    from
        Contract this_
14:14:15,686 DEBUG SQL:104 - 
    select
        count(*) as y0_ 
    from
        Party this_
14:14:15,695  INFO CustomRunner:139 - Test: testAddNewOneToManyElementToPersistentEntity
14:14:15,696 DEBUG SQL:104 - 
    insert 
    into
        Contract
        (VERS, customerName, "type", parent, id) 
    values
        (?, ?, ?, ?, ?)
14:14:15,697 DEBUG SQL:104 - 
    select
        contract0_.id as id0_3_,
        contract0_.VERS as VERS0_3_,
        contract0_.customerName as customer3_0_3_,
        contract0_."type" as type4_0_3_,
        contract0_.parent as parent0_3_,
        variations1_.contract as contract0_5_,
        variations1_.id as id1_5_,
        variations1_.id as id1_0_,
        variations1_.text as text1_0_,
        variations1_.contract as contract1_0_,
        subcontrac2_.parent as parent0_6_,
        subcontrac2_.id as id0_6_,
        subcontrac2_.id as id0_1_,
        subcontrac2_.VERS as VERS0_1_,
        subcontrac2_.customerName as customer3_0_1_,
        subcontrac2_."type" as type4_0_1_,
        subcontrac2_.parent as parent0_1_,
        parties3_.contract as contract0_7_,
        parties3_.id as id3_7_,
        parties3_.id as id3_2_,
        parties3_.VERS as VERS3_2_,
        parties3_.contract as contract3_2_,
        parties3_.name as name3_2_ 
    from
        Contract contract0_ 
    left outer join
        ContractVariation variations1_ 
            on contract0_.id=variations1_.contract 
    left outer join
        Contract subcontrac2_ 
            on contract0_.id=subcontrac2_.parent 
    left outer join
        Party parties3_ 
            on subcontrac2_.id=parties3_.contract 
    where
        contract0_.id=? 
    order by
        variations1_.id asc
14:14:15,706 DEBUG SQL:104 - 
    select
        parties0_.contract as contract0_1_,
        parties0_.id as id3_1_,
        parties0_.id as id3_0_,
        parties0_.VERS as VERS3_0_,
        parties0_.contract as contract3_0_,
        parties0_.name as name3_0_ 
    from
        Party parties0_ 
    where
        parties0_.contract=?
14:14:15,716 DEBUG SQL:104 - 
    insert 
    into
        Party
        (VERS, contract, name, id) 
    values
        (?, ?, ?, ?)
14:14:15,717 DEBUG SQL:104 - 
    update
        Contract 
    set
        VERS=? 
    where
        id=? 
        and VERS=?
14:14:15,718 DEBUG SQL:104 - 
    select
        this_.id as id0_3_,
        this_.VERS as VERS0_3_,
        this_.customerName as customer3_0_3_,
        this_."type" as type4_0_3_,
        this_.parent as parent0_3_,
        variations2_.contract as contract0_5_,
        variations2_.id as id1_5_,
        variations2_.id as id1_0_,
        variations2_.text as text1_0_,
        variations2_.contract as contract1_0_,
        subcontrac3_.parent as parent0_6_,
        subcontrac3_.id as id0_6_,
        subcontrac3_.id as id0_1_,
        subcontrac3_.VERS as VERS0_1_,
        subcontrac3_.customerName as customer3_0_1_,
        subcontrac3_."type" as type4_0_1_,
        subcontrac3_.parent as parent0_1_,
        parties4_.contract as contract0_7_,
        parties4_.id as id3_7_,
        parties4_.id as id3_2_,
        parties4_.VERS as VERS3_2_,
        parties4_.contract as contract3_2_,
        parties4_.name as name3_2_ 
    from
        Contract this_ 
    left outer join
        ContractVariation variations2_ 
            on this_.id=variations2_.contract 
    left outer join
        Contract subcontrac3_ 
            on this_.id=subcontrac3_.parent 
    left outer join
        Party parties4_ 
            on subcontrac3_.id=parties4_.contract 
    order by
        variations2_.id asc
14:14:15,719 DEBUG SQL:104 - 
    select
        parties0_.contract as contract0_1_,
        parties0_.id as id3_1_,
        parties0_.id as id3_0_,
        parties0_.VERS as VERS3_0_,
        parties0_.contract as contract3_0_,
        parties0_.name as name3_0_ 
    from
        Party parties0_ 
    where
        parties0_.contract=?
14:14:15,734 DEBUG SQL:104 - 
    select
        infos0_.party as party3_1_,
        infos0_.id as id2_1_,
        infos0_.id as id2_0_,
        infos0_.VERS as VERS2_0_,
        infos0_.text as text2_0_ 
    from
        Info infos0_ 
    where
        infos0_.party=?
14:14:15,734 DEBUG SQL:104 - 
    select
        infos0_.contract as contract0_1_,
        infos0_.id as id2_1_,
        infos0_.id as id2_0_,
        infos0_.VERS as VERS2_0_,
        infos0_.text as text2_0_ 
    from
        Info infos0_ 
    where
        infos0_.contract=?
14:14:15,744 DEBUG SQL:104 - 
    delete 
    from
        plan_contract 
    where
        contract=?
14:14:15,744 DEBUG SQL:104 - 
    delete 
    from
        Party 
    where
        id=? 
        and VERS=?
14:14:15,744 DEBUG SQL:104 - 
    delete 
    from
        Contract 
    where
        id=? 
        and VERS=?
14:14:15,745 DEBUG SQL:104 - 
    select
        count(*) as y0_ 
    from
        Contract this_
14:14:15,745 DEBUG SQL:104 - 
    select
        count(*) as y0_ 
    from
        Party this_
14:14:15,746  INFO CustomRunner:139 - Test: testCreateWithEmptyOneToManyCollectionMergeWithExistingElement
14:14:15,747 DEBUG SQL:104 - 
    insert 
    into
        Contract
        (VERS, customerName, "type", parent, id) 
    values
        (?, ?, ?, ?, ?)
14:14:15,748 DEBUG SQL:104 - 
    insert 
    into
        Party
        (VERS, contract, name, id) 
    values
        (?, ?, ?, ?)
14:14:15,768 DEBUG SQL:104 - 
    select
        contract0_.id as id0_1_,
        contract0_.VERS as VERS0_1_,
        contract0_.customerName as customer3_0_1_,
        contract0_."type" as type4_0_1_,
        contract0_.parent as parent0_1_,
        variations1_.contract as contract0_3_,
        variations1_.id as id1_3_,
        variations1_.id as id1_0_,
        variations1_.text as text1_0_,
        variations1_.contract as contract1_0_ 
    from
        Contract contract0_ 
    left outer join
        ContractVariation variations1_ 
            on contract0_.id=variations1_.contract 
    where
        contract0_.id=? 
    order by
        variations1_.id asc
14:14:15,769 DEBUG SQL:104 - 
    select
        party0_.id as id3_1_,
        party0_.VERS as VERS3_1_,
        party0_.contract as contract3_1_,
        party0_.name as name3_1_,
        infos1_.party as party3_3_,
        infos1_.id as id2_3_,
        infos1_.id as id2_0_,
        infos1_.VERS as VERS2_0_,
        infos1_.text as text2_0_ 
    from
        Party party0_ 
    left outer join
        Info infos1_ 
            on party0_.id=infos1_.party 
    where
        party0_.id=?
14:14:15,780 DEBUG SQL:104 - 
    select
        plans0_.contract as contract0_1_,
        plans0_.col_plan as col1_4_1_,
        plan1_.id as id5_0_,
        plan1_.VERS as VERS5_0_,
        plan1_.description as descript3_5_0_ 
    from
        plan_contract plans0_ 
    inner join
        tbl_plan plan1_ 
            on plans0_.col_plan=plan1_.id 
    where
        plans0_.contract=?
14:14:15,781 DEBUG SQL:104 - 
    select
        parties0_.contract as contract0_1_,
        parties0_.id as id3_1_,
        parties0_.id as id3_0_,
        parties0_.VERS as VERS3_0_,
        parties0_.contract as contract3_0_,
        parties0_.name as name3_0_ 
    from
        Party parties0_ 
    where
        parties0_.contract=?
14:14:15,789 DEBUG SQL:104 - 
    select
        infos0_.contract as contract0_1_,
        infos0_.id as id2_1_,
        infos0_.id as id2_0_,
        infos0_.VERS as VERS2_0_,
        infos0_.text as text2_0_ 
    from
        Info infos0_ 
    where
        infos0_.contract=?
14:14:15,790 DEBUG SQL:104 - 
    update
        Contract 
    set
        VERS=? 
    where
        id=? 
        and VERS=?
14:14:15,791 DEBUG SQL:104 - 
    select
        this_.id as id0_3_,
        this_.VERS as VERS0_3_,
        this_.customerName as customer3_0_3_,
        this_."type" as type4_0_3_,
        this_.parent as parent0_3_,
        variations2_.contract as contract0_5_,
        variations2_.id as id1_5_,
        variations2_.id as id1_0_,
        variations2_.text as text1_0_,
        variations2_.contract as contract1_0_,
        subcontrac3_.parent as parent0_6_,
        subcontrac3_.id as id0_6_,
        subcontrac3_.id as id0_1_,
        subcontrac3_.VERS as VERS0_1_,
        subcontrac3_.customerName as customer3_0_1_,
        subcontrac3_."type" as type4_0_1_,
        subcontrac3_.parent as parent0_1_,
        parties4_.contract as contract0_7_,
        parties4_.id as id3_7_,
        parties4_.id as id3_2_,
        parties4_.VERS as VERS3_2_,
        parties4_.contract as contract3_2_,
        parties4_.name as name3_2_ 
    from
        Contract this_ 
    left outer join
        ContractVariation variations2_ 
            on this_.id=variations2_.contract 
    left outer join
        Contract subcontrac3_ 
            on this_.id=subcontrac3_.parent 
    left outer join
        Party parties4_ 
            on subcontrac3_.id=parties4_.contract 
    order by
        variations2_.id asc
14:14:15,810 DEBUG SQL:104 - 
    select
        parties0_.contract as contract0_1_,
        parties0_.id as id3_1_,
        parties0_.id as id3_0_,
        parties0_.VERS as VERS3_0_,
        parties0_.contract as contract3_0_,
        parties0_.name as name3_0_ 
    from
        Party parties0_ 
    where
        parties0_.contract=?
14:14:15,810 DEBUG SQL:104 - 
    select
        infos0_.contract as contract0_1_,
        infos0_.id as id2_1_,
        infos0_.id as id2_0_,
        infos0_.VERS as VERS2_0_,
        infos0_.text as text2_0_ 
    from
        Info infos0_ 
    where
        infos0_.contract=?
14:14:15,811 DEBUG SQL:104 - 
    delete 
    from
        plan_contract 
    where
        contract=?
14:14:15,820 DEBUG SQL:104 - 
    delete 
    from
        Party 
    where
        id=? 
        and VERS=?
14:14:15,820 DEBUG SQL:104 - 
    delete 
    from
        Contract 
    where
        id=? 
        and VERS=?
14:14:15,820 DEBUG SQL:104 - 
    select
        count(*) as y0_ 
    from
        Contract this_
14:14:15,821 DEBUG SQL:104 - 
    select
        count(*) as y0_ 
    from
        Party this_
14:14:15,821  INFO CustomRunner:139 - Test: testCreateWithEmptyOneToManyCollectionUpdateWithExistingElement
14:14:15,822 DEBUG SQL:104 - 
    insert 
    into
        Contract
        (VERS, customerName, "type", parent, id) 
    values
        (?, ?, ?, ?, ?)
14:14:15,830 DEBUG SQL:104 - 
    insert 
    into
        Party
        (VERS, contract, name, id) 
    values
        (?, ?, ?, ?)
14:14:15,831 DEBUG SQL:104 - 
    update
        Contract 
    set
        VERS=? 
    where
        id=? 
        and VERS=?
14:14:15,832 DEBUG SQL:104 - 
    select
        this_.id as id0_3_,
        this_.VERS as VERS0_3_,
        this_.customerName as customer3_0_3_,
        this_."type" as type4_0_3_,
        this_.parent as parent0_3_,
        variations2_.contract as contract0_5_,
        variations2_.id as id1_5_,
        variations2_.id as id1_0_,
        variations2_.text as text1_0_,
        variations2_.contract as contract1_0_,
        subcontrac3_.parent as parent0_6_,
        subcontrac3_.id as id0_6_,
        subcontrac3_.id as id0_1_,
        subcontrac3_.VERS as VERS0_1_,
        subcontrac3_.customerName as customer3_0_1_,
        subcontrac3_."type" as type4_0_1_,
        subcontrac3_.parent as parent0_1_,
        parties4_.contract as contract0_7_,
        parties4_.id as id3_7_,
        parties4_.id as id3_2_,
        parties4_.VERS as VERS3_2_,
        parties4_.contract as contract3_2_,
        parties4_.name as name3_2_ 
    from
        Contract this_ 
    left outer join
        ContractVariation variations2_ 
            on this_.id=variations2_.contract 
    left outer join
        Contract subcontrac3_ 
            on this_.id=subcontrac3_.parent 
    left outer join
        Party parties4_ 
            on subcontrac3_.id=parties4_.contract 
    order by
        variations2_.id asc
14:14:15,850 DEBUG SQL:104 - 
    select
        parties0_.contract as contract0_1_,
        parties0_.id as id3_1_,
        parties0_.id as id3_0_,
        parties0_.VERS as VERS3_0_,
        parties0_.contract as contract3_0_,
        parties0_.name as name3_0_ 
    from
        Party parties0_ 
    where
        parties0_.contract=?
14:14:15,851 DEBUG SQL:104 - 
    select
        infos0_.contract as contract0_1_,
        infos0_.id as id2_1_,
        infos0_.id as id2_0_,
        infos0_.VERS as VERS2_0_,
        infos0_.text as text2_0_ 
    from
        Info infos0_ 
    where
        infos0_.contract=?
14:14:15,852 DEBUG SQL:104 - 
    delete 
    from
        plan_contract 
    where
        contract=?
14:14:15,852 DEBUG SQL:104 - 
    delete 
    from
        Party 
    where
        id=? 
        and VERS=?
14:14:15,852 DEBUG SQL:104 - 
    delete 
    from
        Contract 
    where
        id=? 
        and VERS=?
14:14:15,853 DEBUG SQL:104 - 
    select
        count(*) as y0_ 
    from
        Contract this_
14:14:15,853 DEBUG SQL:104 - 
    select
        count(*) as y0_ 
    from
        Party this_
14:14:15,854  INFO CustomRunner:139 - Test: testCreateWithNonEmptyOneToManyCollectionMergeWithNewElement
14:14:15,855 DEBUG SQL:104 - 
    insert 
    into
        Contract
        (VERS, customerName, "type", parent, id) 
    values
        (?, ?, ?, ?, ?)
14:14:15,862 DEBUG SQL:104 - 
    insert 
    into
        Party
        (VERS, contract, name, id) 
    values
        (?, ?, ?, ?)
14:14:15,862 DEBUG SQL:104 - 
    select
        contract0_.id as id0_1_,
        contract0_.VERS as VERS0_1_,
        contract0_.customerName as customer3_0_1_,
        contract0_."type" as type4_0_1_,
        contract0_.parent as parent0_1_,
        variations1_.contract as contract0_3_,
        variations1_.id as id1_3_,
        variations1_.id as id1_0_,
        variations1_.text as text1_0_,
        variations1_.contract as contract1_0_ 
    from
        Contract contract0_ 
    left outer join
        ContractVariation variations1_ 
            on contract0_.id=variations1_.contract 
    where
        contract0_.id=? 
    order by
        variations1_.id asc
14:14:15,872 DEBUG SQL:104 - 
    select
        party0_.id as id3_1_,
        party0_.VERS as VERS3_1_,
        party0_.contract as contract3_1_,
        party0_.name as name3_1_,
        infos1_.party as party3_3_,
        infos1_.id as id2_3_,
        infos1_.id as id2_0_,
        infos1_.VERS as VERS2_0_,
        infos1_.text as text2_0_ 
    from
        Party party0_ 
    left outer join
        Info infos1_ 
            on party0_.id=infos1_.party 
    where
        party0_.id=?
14:14:15,873 DEBUG SQL:104 - 
    select
        plans0_.contract as contract0_1_,
        plans0_.col_plan as col1_4_1_,
        plan1_.id as id5_0_,
        plan1_.VERS as VERS5_0_,
        plan1_.description as descript3_5_0_ 
    from
        plan_contract plans0_ 
    inner join
        tbl_plan plan1_ 
            on plans0_.col_plan=plan1_.id 
    where
        plans0_.contract=?
14:14:15,873 DEBUG SQL:104 - 
    select
        parties0_.contract as contract0_1_,
        parties0_.id as id3_1_,
        parties0_.id as id3_0_,
        parties0_.VERS as VERS3_0_,
        parties0_.contract as contract3_0_,
        parties0_.name as name3_0_ 
    from
        Party parties0_ 
    where
        parties0_.contract=?
14:14:15,895 DEBUG SQL:104 - 
    select
        infos0_.contract as contract0_1_,
        infos0_.id as id2_1_,
        infos0_.id as id2_0_,
        infos0_.VERS as VERS2_0_,
        infos0_.text as text2_0_ 
    from
        Info infos0_ 
    where
        infos0_.contract=?
14:14:15,896 DEBUG SQL:104 - 
    insert 
    into
        Party
        (VERS, contract, name, id) 
    values
        (?, ?, ?, ?)
14:14:15,896 DEBUG SQL:104 - 
    update
        Contract 
    set
        VERS=? 
    where
        id=? 
        and VERS=?
14:14:15,897 DEBUG SQL:104 - 
    select
        this_.id as id0_3_,
        this_.VERS as VERS0_3_,
        this_.customerName as customer3_0_3_,
        this_."type" as type4_0_3_,
        this_.parent as parent0_3_,
        variations2_.contract as contract0_5_,
        variations2_.id as id1_5_,
        variations2_.id as id1_0_,
        variations2_.text as text1_0_,
        variations2_.contract as contract1_0_,
        subcontrac3_.parent as parent0_6_,
        subcontrac3_.id as id0_6_,
        subcontrac3_.id as id0_1_,
        subcontrac3_.VERS as VERS0_1_,
        subcontrac3_.customerName as customer3_0_1_,
        subcontrac3_."type" as type4_0_1_,
        subcontrac3_.parent as parent0_1_,
        parties4_.contract as contract0_7_,
        parties4_.id as id3_7_,
        parties4_.id as id3_2_,
        parties4_.VERS as VERS3_2_,
        parties4_.contract as contract3_2_,
        parties4_.name as name3_2_ 
    from
        Contract this_ 
    left outer join
        ContractVariation variations2_ 
            on this_.id=variations2_.contract 
    left outer join
        Contract subcontrac3_ 
            on this_.id=subcontrac3_.parent 
    left outer join
        Party parties4_ 
            on subcontrac3_.id=parties4_.contract 
    order by
        variations2_.id asc
14:14:15,918 DEBUG SQL:104 - 
    select
        parties0_.contract as contract0_1_,
        parties0_.id as id3_1_,
        parties0_.id as id3_0_,
        parties0_.VERS as VERS3_0_,
        parties0_.contract as contract3_0_,
        parties0_.name as name3_0_ 
    from
        Party parties0_ 
    where
        parties0_.contract=?
14:14:15,919 DEBUG SQL:104 - 
    select
        infos0_.party as party3_1_,
        infos0_.id as id2_1_,
        infos0_.id as id2_0_,
        infos0_.VERS as VERS2_0_,
        infos0_.text as text2_0_ 
    from
        Info infos0_ 
    where
        infos0_.party=?
14:14:15,919 DEBUG SQL:104 - 
    select
        infos0_.party as party3_1_,
        infos0_.id as id2_1_,
        infos0_.id as id2_0_,
        infos0_.VERS as VERS2_0_,
        infos0_.text as text2_0_ 
    from
        Info infos0_ 
    where
        infos0_.party=?
14:14:15,928 DEBUG SQL:104 - 
    select
        infos0_.contract as contract0_1_,
        infos0_.id as id2_1_,
        infos0_.id as id2_0_,
        infos0_.VERS as VERS2_0_,
        infos0_.text as text2_0_ 
    from
        Info infos0_ 
    where
        infos0_.contract=?
14:14:15,928 DEBUG SQL:104 - 
    delete 
    from
        plan_contract 
    where
        contract=?
14:14:15,929 DEBUG SQL:104 - 
    delete 
    from
        Party 
    where
        id=? 
        and VERS=?
14:14:15,937 DEBUG SQL:104 - 
    delete 
    from
        Party 
    where
        id=? 
        and VERS=?
14:14:15,937 DEBUG SQL:104 - 
    delete 
    from
        Contract 
    where
        id=? 
        and VERS=?
14:14:15,937 DEBUG SQL:104 - 
    select
        count(*) as y0_ 
    from
        Contract this_
14:14:15,938 DEBUG SQL:104 - 
    select
        count(*) as y0_ 
    from
        Party this_
14:14:15,938  INFO CustomRunner:139 - Test: testCreateWithNonEmptyOneToManyCollectionOfExisting
14:14:15,939 DEBUG SQL:104 - 
    insert 
    into
        Party
        (VERS, contract, name, id) 
    values
        (?, ?, ?, ?)
14:14:15,949 DEBUG SQL:104 - 
    insert 
    into
        Contract
        (VERS, customerName, "type", parent, id) 
    values
        (?, ?, ?, ?, ?)
14:14:15,950 DEBUG SQL:104 - 
    select
        this_.id as id0_3_,
        this_.VERS as VERS0_3_,
        this_.customerName as customer3_0_3_,
        this_."type" as type4_0_3_,
        this_.parent as parent0_3_,
        variations2_.contract as contract0_5_,
        variations2_.id as id1_5_,
        variations2_.id as id1_0_,
        variations2_.text as text1_0_,
        variations2_.contract as contract1_0_,
        subcontrac3_.parent as parent0_6_,
        subcontrac3_.id as id0_6_,
        subcontrac3_.id as id0_1_,
        subcontrac3_.VERS as VERS0_1_,
        subcontrac3_.customerName as customer3_0_1_,
        subcontrac3_."type" as type4_0_1_,
        subcontrac3_.parent as parent0_1_,
        parties4_.contract as contract0_7_,
        parties4_.id as id3_7_,
        parties4_.id as id3_2_,
        parties4_.VERS as VERS3_2_,
        parties4_.contract as contract3_2_,
        parties4_.name as name3_2_ 
    from
        Contract this_ 
    left outer join
        ContractVariation variations2_ 
            on this_.id=variations2_.contract 
    left outer join
        Contract subcontrac3_ 
            on this_.id=subcontrac3_.parent 
    left outer join
        Party parties4_ 
            on subcontrac3_.id=parties4_.contract 
    order by
        variations2_.id asc
14:14:15,950 DEBUG SQL:104 - 
    select
        parties0_.contract as contract0_1_,
        parties0_.id as id3_1_,
        parties0_.id as id3_0_,
        parties0_.VERS as VERS3_0_,
        parties0_.contract as contract3_0_,
        parties0_.name as name3_0_ 
    from
        Party parties0_ 
    where
        parties0_.contract=?
14:14:15,951 DEBUG SQL:104 - 
    select
        this_.id as id3_0_,
        this_.VERS as VERS3_0_,
        this_.contract as contract3_0_,
        this_.name as name3_0_ 
    from
        Party this_
14:14:15,951 DEBUG SQL:104 - 
    select
        infos0_.party as party3_1_,
        infos0_.id as id2_1_,
        infos0_.id as id2_0_,
        infos0_.VERS as VERS2_0_,
        infos0_.text as text2_0_ 
    from
        Info infos0_ 
    where
        infos0_.party=?
14:14:15,974 DEBUG SQL:104 - 
    select
        infos0_.contract as contract0_1_,
        infos0_.id as id2_1_,
        infos0_.id as id2_0_,
        infos0_.VERS as VERS2_0_,
        infos0_.text as text2_0_ 
    from
        Info infos0_ 
    where
        infos0_.contract=?
14:14:15,975 DEBUG SQL:104 - 
    delete 
    from
        plan_contract 
    where
        contract=?
14:14:15,975 DEBUG SQL:104 - 
    delete 
    from
        Party 
    where
        id=? 
        and VERS=?
14:14:15,975 DEBUG SQL:104 - 
    delete 
    from
        Contract 
    where
        id=? 
        and VERS=?
14:14:15,975 DEBUG SQL:104 - 
    select
        count(*) as y0_ 
    from
        Contract this_
14:14:15,976 DEBUG SQL:104 - 
    select
        count(*) as y0_ 
    from
        Party this_
14:14:15,976  INFO CustomRunner:139 - Test: testCreateWithNonEmptyOneToManyCollectionOfNew
14:14:15,978 DEBUG SQL:104 - 
    insert 
    into
        Contract
        (VERS, customerName, "type", parent, id) 
    values
        (?, ?, ?, ?, ?)
14:14:15,978 DEBUG SQL:104 - 
    insert 
    into
        Party
        (VERS, contract, name, id) 
    values
        (?, ?, ?, ?)
14:14:15,989 DEBUG SQL:104 - 
    select
        this_.id as id0_3_,
        this_.VERS as VERS0_3_,
        this_.customerName as customer3_0_3_,
        this_."type" as type4_0_3_,
        this_.parent as parent0_3_,
        variations2_.contract as contract0_5_,
        variations2_.id as id1_5_,
        variations2_.id as id1_0_,
        variations2_.text as text1_0_,
        variations2_.contract as contract1_0_,
        subcontrac3_.parent as parent0_6_,
        subcontrac3_.id as id0_6_,
        subcontrac3_.id as id0_1_,
        subcontrac3_.VERS as VERS0_1_,
        subcontrac3_.customerName as customer3_0_1_,
        subcontrac3_."type" as type4_0_1_,
        subcontrac3_.parent as parent0_1_,
        parties4_.contract as contract0_7_,
        parties4_.id as id3_7_,
        parties4_.id as id3_2_,
        parties4_.VERS as VERS3_2_,
        parties4_.contract as contract3_2_,
        parties4_.name as name3_2_ 
    from
        Contract this_ 
    left outer join
        ContractVariation variations2_ 
            on this_.id=variations2_.contract 
    left outer join
        Contract subcontrac3_ 
            on this_.id=subcontrac3_.parent 
    left outer join
        Party parties4_ 
            on subcontrac3_.id=parties4_.contract 
    order by
        variations2_.id asc
14:14:16,000 DEBUG SQL:104 - 
    select
        parties0_.contract as contract0_1_,
        parties0_.id as id3_1_,
        parties0_.id as id3_0_,
        parties0_.VERS as VERS3_0_,
        parties0_.contract as contract3_0_,
        parties0_.name as name3_0_ 
    from
        Party parties0_ 
    where
        parties0_.contract=?
14:14:16,001 DEBUG SQL:104 - 
    select
        infos0_.party as party3_1_,
        infos0_.id as id2_1_,
        infos0_.id as id2_0_,
        infos0_.VERS as VERS2_0_,
        infos0_.text as text2_0_ 
    from
        Info infos0_ 
    where
        infos0_.party=?
14:14:16,001 DEBUG SQL:104 - 
    select
        infos0_.contract as contract0_1_,
        infos0_.id as id2_1_,
        infos0_.id as id2_0_,
        infos0_.VERS as VERS2_0_,
        infos0_.text as text2_0_ 
    from
        Info infos0_ 
    where
        infos0_.contract=?
14:14:16,023 DEBUG SQL:104 - 
    delete 
    from
        plan_contract 
    where
        contract=?
14:14:16,023 DEBUG SQL:104 - 
    delete 
    from
        Party 
    where
        id=? 
        and VERS=?
14:14:16,024 DEBUG SQL:104 - 
    delete 
    from
        Contract 
    where
        id=? 
        and VERS=?
14:14:16,024 DEBUG SQL:104 - 
    select
        count(*) as y0_ 
    from
        Contract this_
14:14:16,024 DEBUG SQL:104 - 
    select
        count(*) as y0_ 
    from
        Party this_
14:14:16,035  INFO CustomRunner:139 - Test: testCreateWithNonEmptyOneToManyCollectionUpdateWithNewElement
14:14:16,036 DEBUG SQL:104 - 
    insert 
    into
        Contract
        (VERS, customerName, "type", parent, id) 
    values
        (?, ?, ?, ?, ?)
14:14:16,037 DEBUG SQL:104 - 
    insert 
    into
        Party
        (VERS, contract, name, id) 
    values
        (?, ?, ?, ?)
14:14:16,037 DEBUG SQL:104 - 
    insert 
    into
        Party
        (VERS, contract, name, id) 
    values
        (?, ?, ?, ?)
14:14:16,038 DEBUG SQL:104 - 
    update
        Contract 
    set
        VERS=? 
    where
        id=? 
        and VERS=?
14:14:16,047 DEBUG SQL:104 - 
    select
        this_.id as id0_3_,
        this_.VERS as VERS0_3_,
        this_.customerName as customer3_0_3_,
        this_."type" as type4_0_3_,
        this_.parent as parent0_3_,
        variations2_.contract as contract0_5_,
        variations2_.id as id1_5_,
        variations2_.id as id1_0_,
        variations2_.text as text1_0_,
        variations2_.contract as contract1_0_,
        subcontrac3_.parent as parent0_6_,
        subcontrac3_.id as id0_6_,
        subcontrac3_.id as id0_1_,
        subcontrac3_.VERS as VERS0_1_,
        subcontrac3_.customerName as customer3_0_1_,
        subcontrac3_."type" as type4_0_1_,
        subcontrac3_.parent as parent0_1_,
        parties4_.contract as contract0_7_,
        parties4_.id as id3_7_,
        parties4_.id as id3_2_,
        parties4_.VERS as VERS3_2_,
        parties4_.contract as contract3_2_,
        parties4_.name as name3_2_ 
    from
        Contract this_ 
    left outer join
        ContractVariation variations2_ 
            on this_.id=variations2_.contract 
    left outer join
        Contract subcontrac3_ 
            on this_.id=subcontrac3_.parent 
    left outer join
        Party parties4_ 
            on subcontrac3_.id=parties4_.contract 
    order by
        variations2_.id asc
14:14:16,055 DEBUG SQL:104 - 
    select
        parties0_.contract as contract0_1_,
        parties0_.id as id3_1_,
        parties0_.id as id3_0_,
        parties0_.VERS as VERS3_0_,
        parties0_.contract as contract3_0_,
        parties0_.name as name3_0_ 
    from
        Party parties0_ 
    where
        parties0_.contract=?
14:14:16,056 DEBUG SQL:104 - 
    select
        infos0_.party as party3_1_,
        infos0_.id as id2_1_,
        infos0_.id as id2_0_,
        infos0_.VERS as VERS2_0_,
        infos0_.text as text2_0_ 
    from
        Info infos0_ 
    where
        infos0_.party=?
14:14:16,066 DEBUG SQL:104 - 
    select
        infos0_.party as party3_1_,
        infos0_.id as id2_1_,
        infos0_.id as id2_0_,
        infos0_.VERS as VERS2_0_,
        infos0_.text as text2_0_ 
    from
        Info infos0_ 
    where
        infos0_.party=?
14:14:16,066 DEBUG SQL:104 - 
    select
        infos0_.contract as contract0_1_,
        infos0_.id as id2_1_,
        infos0_.id as id2_0_,
        infos0_.VERS as VERS2_0_,
        infos0_.text as text2_0_ 
    from
        Info infos0_ 
    where
        infos0_.contract=?
14:14:16,066 DEBUG SQL:104 - 
    delete 
    from
        plan_contract 
    where
        contract=?
14:14:16,076 DEBUG SQL:104 - 
    delete 
    from
        Party 
    where
        id=? 
        and VERS=?
14:14:16,076 DEBUG SQL:104 - 
    delete 
    from
        Party 
    where
        id=? 
        and VERS=?
14:14:16,076 DEBUG SQL:104 - 
    delete 
    from
        Contract 
    where
        id=? 
        and VERS=?
14:14:16,077 DEBUG SQL:104 - 
    select
        count(*) as y0_ 
    from
        Contract this_
14:14:16,077 DEBUG SQL:104 - 
    select
        count(*) as y0_ 
    from
        Party this_
14:14:16,086  INFO CustomRunner:139 - Test: testDeleteOneToManyElement
14:14:16,087 DEBUG SQL:104 - 
    insert 
    into
        Contract
        (VERS, customerName, "type", parent, id) 
    values
        (?, ?, ?, ?, ?)
14:14:16,088 DEBUG SQL:104 - 
    insert 
    into
        Party
        (VERS, contract, name, id) 
    values
        (?, ?, ?, ?)
14:14:16,089 DEBUG SQL:104 - 
    update
        Contract 
    set
        VERS=? 
    where
        id=? 
        and VERS=?
14:14:16,089 DEBUG SQL:104 - 
    delete 
    from
        Party 
    where
        id=? 
        and VERS=?
14:14:16,096 DEBUG SQL:104 - 
    select
        this_.id as id0_3_,
        this_.VERS as VERS0_3_,
        this_.customerName as customer3_0_3_,
        this_."type" as type4_0_3_,
        this_.parent as parent0_3_,
        variations2_.contract as contract0_5_,
        variations2_.id as id1_5_,
        variations2_.id as id1_0_,
        variations2_.text as text1_0_,
        variations2_.contract as contract1_0_,
        subcontrac3_.parent as parent0_6_,
        subcontrac3_.id as id0_6_,
        subcontrac3_.id as id0_1_,
        subcontrac3_.VERS as VERS0_1_,
        subcontrac3_.customerName as customer3_0_1_,
        subcontrac3_."type" as type4_0_1_,
        subcontrac3_.parent as parent0_1_,
        parties4_.contract as contract0_7_,
        parties4_.id as id3_7_,
        parties4_.id as id3_2_,
        parties4_.VERS as VERS3_2_,
        parties4_.contract as contract3_2_,
        parties4_.name as name3_2_ 
    from
        Contract this_ 
    left outer join
        ContractVariation variations2_ 
            on this_.id=variations2_.contract 
    left outer join
        Contract subcontrac3_ 
            on this_.id=subcontrac3_.parent 
    left outer join
        Party parties4_ 
            on subcontrac3_.id=parties4_.contract 
    order by
        variations2_.id asc
14:14:16,128 DEBUG SQL:104 - 
    select
        parties0_.contract as contract0_1_,
        parties0_.id as id3_1_,
        parties0_.id as id3_0_,
        parties0_.VERS as VERS3_0_,
        parties0_.contract as contract3_0_,
        parties0_.name as name3_0_ 
    from
        Party parties0_ 
    where
        parties0_.contract=?
14:14:16,128 DEBUG SQL:104 - 
    select
        this_.id as id3_0_,
        this_.VERS as VERS3_0_,
        this_.contract as contract3_0_,
        this_.name as name3_0_ 
    from
        Party this_
14:14:16,129 DEBUG SQL:104 - 
    select
        infos0_.contract as contract0_1_,
        infos0_.id as id2_1_,
        infos0_.id as id2_0_,
        infos0_.VERS as VERS2_0_,
        infos0_.text as text2_0_ 
    from
        Info infos0_ 
    where
        infos0_.contract=?
14:14:16,129 DEBUG SQL:104 - 
    delete 
    from
        plan_contract 
    where
        contract=?
14:14:16,130 DEBUG SQL:104 - 
    delete 
    from
        Contract 
    where
        id=? 
        and VERS=?
14:14:16,130 DEBUG SQL:104 - 
    select
        count(*) as y0_ 
    from
        Contract this_
14:14:16,130 DEBUG SQL:104 - 
    select
        count(*) as y0_ 
    from
        Party this_
14:14:16,131  INFO CustomRunner:139 - Test: testDeleteOneToManyOrphan
14:14:16,132 DEBUG SQL:104 - 
    select
        max(id) 
    from
        ContractVariation
14:14:16,133 DEBUG SQL:104 - 
    insert 
    into
        Contract
        (VERS, customerName, "type", parent, id) 
    values
        (?, ?, ?, ?, ?)
14:14:16,133 DEBUG SQL:104 - 
    insert 
    into
        ContractVariation
        (text, contract, id) 
    values
        (?, ?, ?)
14:14:16,134 DEBUG SQL:104 - 
    update
        Contract 
    set
        VERS=? 
    where
        id=? 
        and VERS=?
14:14:16,134 DEBUG SQL:104 - 
    delete 
    from
        ContractVariation 
    where
        id=?
14:14:16,135 DEBUG SQL:104 - 
    select
        this_.id as id0_3_,
        this_.VERS as VERS0_3_,
        this_.customerName as customer3_0_3_,
        this_."type" as type4_0_3_,
        this_.parent as parent0_3_,
        variations2_.contract as contract0_5_,
        variations2_.id as id1_5_,
        variations2_.id as id1_0_,
        variations2_.text as text1_0_,
        variations2_.contract as contract1_0_,
        subcontrac3_.parent as parent0_6_,
        subcontrac3_.id as id0_6_,
        subcontrac3_.id as id0_1_,
        subcontrac3_.VERS as VERS0_1_,
        subcontrac3_.customerName as customer3_0_1_,
        subcontrac3_."type" as type4_0_1_,
        subcontrac3_.parent as parent0_1_,
        parties4_.contract as contract0_7_,
        parties4_.id as id3_7_,
        parties4_.id as id3_2_,
        parties4_.VERS as VERS3_2_,
        parties4_.contract as contract3_2_,
        parties4_.name as name3_2_ 
    from
        Contract this_ 
    left outer join
        ContractVariation variations2_ 
            on this_.id=variations2_.contract 
    left outer join
        Contract subcontrac3_ 
            on this_.id=subcontrac3_.parent 
    left outer join
        Party parties4_ 
            on subcontrac3_.id=parties4_.contract 
    order by
        variations2_.id asc
14:14:16,151 DEBUG SQL:104 - 
    select
        this_.id as id1_0_,
        this_.text as text1_0_,
        this_.contract as contract1_0_ 
    from
        ContractVariation this_
14:14:16,152 DEBUG SQL:104 - 
    select
        parties0_.contract as contract0_1_,
        parties0_.id as id3_1_,
        parties0_.id as id3_0_,
        parties0_.VERS as VERS3_0_,
        parties0_.contract as contract3_0_,
        parties0_.name as name3_0_ 
    from
        Party parties0_ 
    where
        parties0_.contract=?
14:14:16,176 DEBUG SQL:104 - 
    select
        infos0_.contract as contract0_1_,
        infos0_.id as id2_1_,
        infos0_.id as id2_0_,
        infos0_.VERS as VERS2_0_,
        infos0_.text as text2_0_ 
    from
        Info infos0_ 
    where
        infos0_.contract=?
14:14:16,177 DEBUG SQL:104 - 
    delete 
    from
        plan_contract 
    where
        contract=?
14:14:16,178 DEBUG SQL:104 - 
    delete 
    from
        Contract 
    where
        id=? 
        and VERS=?
14:14:16,178 DEBUG SQL:104 - 
    select
        count(*) as y0_ 
    from
        Contract this_
14:14:16,178 DEBUG SQL:104 - 
    select
        count(*) as y0_ 
    from
        ContractVariation this_
14:14:16,179  INFO CustomRunner:139 - Test: testMoveOneToManyElementToExistingEntityCollection
14:14:16,180 DEBUG SQL:104 - 
    insert 
    into
        Contract
        (VERS, customerName, "type", parent, id) 
    values
        (?, ?, ?, ?, ?)
14:14:16,181 DEBUG SQL:104 - 
    insert 
    into
        Party
        (VERS, contract, name, id) 
    values
        (?, ?, ?, ?)
14:14:16,181 DEBUG SQL:104 - 
    insert 
    into
        Contract
        (VERS, customerName, "type", parent, id) 
    values
        (?, ?, ?, ?, ?)
14:14:16,182 DEBUG SQL:104 - 
    select
        this_.id as id0_3_,
        this_.VERS as VERS0_3_,
        this_.customerName as customer3_0_3_,
        this_."type" as type4_0_3_,
        this_.parent as parent0_3_,
        variations2_.contract as contract0_5_,
        variations2_.id as id1_5_,
        variations2_.id as id1_0_,
        variations2_.text as text1_0_,
        variations2_.contract as contract1_0_,
        subcontrac3_.parent as parent0_6_,
        subcontrac3_.id as id0_6_,
        subcontrac3_.id as id0_1_,
        subcontrac3_.VERS as VERS0_1_,
        subcontrac3_.customerName as customer3_0_1_,
        subcontrac3_."type" as type4_0_1_,
        subcontrac3_.parent as parent0_1_,
        parties4_.contract as contract0_7_,
        parties4_.id as id3_7_,
        parties4_.id as id3_2_,
        parties4_.VERS as VERS3_2_,
        parties4_.contract as contract3_2_,
        parties4_.name as name3_2_ 
    from
        Contract this_ 
    left outer join
        ContractVariation variations2_ 
            on this_.id=variations2_.contract 
    left outer join
        Contract subcontrac3_ 
            on this_.id=subcontrac3_.parent 
    left outer join
        Party parties4_ 
            on subcontrac3_.id=parties4_.contract 
    where
        this_.id = ? 
    order by
        variations2_.id asc
14:14:16,215 DEBUG SQL:104 - 
    select
        parties0_.contract as contract0_1_,
        parties0_.id as id3_1_,
        parties0_.id as id3_0_,
        parties0_.VERS as VERS3_0_,
        parties0_.contract as contract3_0_,
        parties0_.name as name3_0_ 
    from
        Party parties0_ 
    where
        parties0_.contract=?
14:14:16,217 DEBUG SQL:104 - 
    update
        Contract 
    set
        VERS=? 
    where
        id=? 
        and VERS=?
14:14:16,217 DEBUG SQL:104 - 
    select
        this_.id as id0_3_,
        this_.VERS as VERS0_3_,
        this_.customerName as customer3_0_3_,
        this_."type" as type4_0_3_,
        this_.parent as parent0_3_,
        variations2_.contract as contract0_5_,
        variations2_.id as id1_5_,
        variations2_.id as id1_0_,
        variations2_.text as text1_0_,
        variations2_.contract as contract1_0_,
        subcontrac3_.parent as parent0_6_,
        subcontrac3_.id as id0_6_,
        subcontrac3_.id as id0_1_,
        subcontrac3_.VERS as VERS0_1_,
        subcontrac3_.customerName as customer3_0_1_,
        subcontrac3_."type" as type4_0_1_,
        subcontrac3_.parent as parent0_1_,
        parties4_.contract as contract0_7_,
        parties4_.id as id3_7_,
        parties4_.id as id3_2_,
        parties4_.VERS as VERS3_2_,
        parties4_.contract as contract3_2_,
        parties4_.name as name3_2_ 
    from
        Contract this_ 
    left outer join
        ContractVariation variations2_ 
            on this_.id=variations2_.contract 
    left outer join
        Contract subcontrac3_ 
            on this_.id=subcontrac3_.parent 
    left outer join
        Party parties4_ 
            on subcontrac3_.id=parties4_.contract 
    where
        this_.id = ? 
    order by
        variations2_.id asc
14:14:16,236 DEBUG SQL:104 - 
    select
        parties0_.contract as contract0_1_,
        parties0_.id as id3_1_,
        parties0_.id as id3_0_,
        parties0_.VERS as VERS3_0_,
        parties0_.contract as contract3_0_,
        parties0_.name as name3_0_ 
    from
        Party parties0_ 
    where
        parties0_.contract=?
14:14:16,237 DEBUG SQL:104 - 
    update
        Contract 
    set
        VERS=? 
    where
        id=? 
        and VERS=?
14:14:16,238 DEBUG SQL:104 - 
    select
        this_.id as id0_3_,
        this_.VERS as VERS0_3_,
        this_.customerName as customer3_0_3_,
        this_."type" as type4_0_3_,
        this_.parent as parent0_3_,
        variations2_.contract as contract0_5_,
        variations2_.id as id1_5_,
        variations2_.id as id1_0_,
        variations2_.text as text1_0_,
        variations2_.contract as contract1_0_,
        subcontrac3_.parent as parent0_6_,
        subcontrac3_.id as id0_6_,
        subcontrac3_.id as id0_1_,
        subcontrac3_.VERS as VERS0_1_,
        subcontrac3_.customerName as customer3_0_1_,
        subcontrac3_."type" as type4_0_1_,
        subcontrac3_.parent as parent0_1_,
        parties4_.contract as contract0_7_,
        parties4_.id as id3_7_,
        parties4_.id as id3_2_,
        parties4_.VERS as VERS3_2_,
        parties4_.contract as contract3_2_,
        parties4_.name as name3_2_ 
    from
        Contract this_ 
    left outer join
        ContractVariation variations2_ 
            on this_.id=variations2_.contract 
    left outer join
        Contract subcontrac3_ 
            on this_.id=subcontrac3_.parent 
    left outer join
        Party parties4_ 
            on subcontrac3_.id=parties4_.contract 
    where
        this_.id = ? 
    order by
        variations2_.id asc
14:14:16,259 DEBUG SQL:104 - 
    select
        this_.id as id0_3_,
        this_.VERS as VERS0_3_,
        this_.customerName as customer3_0_3_,
        this_."type" as type4_0_3_,
        this_.parent as parent0_3_,
        variations2_.contract as contract0_5_,
        variations2_.id as id1_5_,
        variations2_.id as id1_0_,
        variations2_.text as text1_0_,
        variations2_.contract as contract1_0_,
        subcontrac3_.parent as parent0_6_,
        subcontrac3_.id as id0_6_,
        subcontrac3_.id as id0_1_,
        subcontrac3_.VERS as VERS0_1_,
        subcontrac3_.customerName as customer3_0_1_,
        subcontrac3_."type" as type4_0_1_,
        subcontrac3_.parent as parent0_1_,
        parties4_.contract as contract0_7_,
        parties4_.id as id3_7_,
        parties4_.id as id3_2_,
        parties4_.VERS as VERS3_2_,
        parties4_.contract as contract3_2_,
        parties4_.name as name3_2_ 
    from
        Contract this_ 
    left outer join
        ContractVariation variations2_ 
            on this_.id=variations2_.contract 
    left outer join
        Contract subcontrac3_ 
            on this_.id=subcontrac3_.parent 
    left outer join
        Party parties4_ 
            on subcontrac3_.id=parties4_.contract 
    where
        this_.id = ? 
    order by
        variations2_.id asc
14:14:16,262 DEBUG SQL:104 - 
    select
        parties0_.contract as contract0_1_,
        parties0_.id as id3_1_,
        parties0_.id as id3_0_,
        parties0_.VERS as VERS3_0_,
        parties0_.contract as contract3_0_,
        parties0_.name as name3_0_ 
    from
        Party parties0_ 
    where
        parties0_.contract=?
14:14:16,262 DEBUG SQL:104 - 
    select
        parties0_.contract as contract0_1_,
        parties0_.id as id3_1_,
        parties0_.id as id3_0_,
        parties0_.VERS as VERS3_0_,
        parties0_.contract as contract3_0_,
        parties0_.name as name3_0_ 
    from
        Party parties0_ 
    where
        parties0_.contract=?
14:14:16,262 DEBUG SQL:104 - 
    select
        infos0_.party as party3_1_,
        infos0_.id as id2_1_,
        infos0_.id as id2_0_,
        infos0_.VERS as VERS2_0_,
        infos0_.text as text2_0_ 
    from
        Info infos0_ 
    where
        infos0_.party=?
14:14:16,287 DEBUG SQL:104 - 
    select
        infos0_.contract as contract0_1_,
        infos0_.id as id2_1_,
        infos0_.id as id2_0_,
        infos0_.VERS as VERS2_0_,
        infos0_.text as text2_0_ 
    from
        Info infos0_ 
    where
        infos0_.contract=?
14:14:16,287 DEBUG SQL:104 - 
    select
        infos0_.contract as contract0_1_,
        infos0_.id as id2_1_,
        infos0_.id as id2_0_,
        infos0_.VERS as VERS2_0_,
        infos0_.text as text2_0_ 
    from
        Info infos0_ 
    where
        infos0_.contract=?
14:14:16,288 DEBUG SQL:104 - 
    delete 
    from
        plan_contract 
    where
        contract=?
14:14:16,288 DEBUG SQL:104 - 
    delete 
    from
        plan_contract 
    where
        contract=?
14:14:16,297 DEBUG SQL:104 - 
    delete 
    from
        Party 
    where
        id=? 
        and VERS=?
14:14:16,298 DEBUG SQL:104 - 
    delete 
    from
        Contract 
    where
        id=? 
        and VERS=?
14:14:16,298 DEBUG SQL:104 - 
    delete 
    from
        Contract 
    where
        id=? 
        and VERS=?
14:14:16,298 DEBUG SQL:104 - 
    select
        count(*) as y0_ 
    from
        Contract this_
14:14:16,299 DEBUG SQL:104 - 
    select
        count(*) as y0_ 
    from
        Party this_
14:14:16,308  INFO CustomRunner:139 - Test: testMoveOneToManyElementToNewEntityCollection
14:14:16,310 DEBUG SQL:104 - 
    insert 
    into
        Contract
        (VERS, customerName, "type", parent, id) 
    values
        (?, ?, ?, ?, ?)
14:14:16,311 DEBUG SQL:104 - 
    insert 
    into
        Party
        (VERS, contract, name, id) 
    values
        (?, ?, ?, ?)
14:14:16,312 DEBUG SQL:104 - 
    select
        this_.id as id0_3_,
        this_.VERS as VERS0_3_,
        this_.customerName as customer3_0_3_,
        this_."type" as type4_0_3_,
        this_.parent as parent0_3_,
        variations2_.contract as contract0_5_,
        variations2_.id as id1_5_,
        variations2_.id as id1_0_,
        variations2_.text as text1_0_,
        variations2_.contract as contract1_0_,
        subcontrac3_.parent as parent0_6_,
        subcontrac3_.id as id0_6_,
        subcontrac3_.id as id0_1_,
        subcontrac3_.VERS as VERS0_1_,
        subcontrac3_.customerName as customer3_0_1_,
        subcontrac3_."type" as type4_0_1_,
        subcontrac3_.parent as parent0_1_,
        parties4_.contract as contract0_7_,
        parties4_.id as id3_7_,
        parties4_.id as id3_2_,
        parties4_.VERS as VERS3_2_,
        parties4_.contract as contract3_2_,
        parties4_.name as name3_2_ 
    from
        Contract this_ 
    left outer join
        ContractVariation variations2_ 
            on this_.id=variations2_.contract 
    left outer join
        Contract subcontrac3_ 
            on this_.id=subcontrac3_.parent 
    left outer join
        Party parties4_ 
            on subcontrac3_.id=parties4_.contract 
    order by
        variations2_.id asc
14:14:16,320 DEBUG SQL:104 - 
    select
        parties0_.contract as contract0_1_,
        parties0_.id as id3_1_,
        parties0_.id as id3_0_,
        parties0_.VERS as VERS3_0_,
        parties0_.contract as contract3_0_,
        parties0_.name as name3_0_ 
    from
        Party parties0_ 
    where
        parties0_.contract=?
14:14:16,332 DEBUG SQL:104 - 
    insert 
    into
        Contract
        (VERS, customerName, "type", parent, id) 
    values
        (?, ?, ?, ?, ?)
14:14:16,332 DEBUG SQL:104 - 
    update
        Contract 
    set
        VERS=? 
    where
        id=? 
        and VERS=?
14:14:16,333 DEBUG SQL:104 - 
    select
        this_.id as id0_3_,
        this_.VERS as VERS0_3_,
        this_.customerName as customer3_0_3_,
        this_."type" as type4_0_3_,
        this_.parent as parent0_3_,
        variations2_.contract as contract0_5_,
        variations2_.id as id1_5_,
        variations2_.id as id1_0_,
        variations2_.text as text1_0_,
        variations2_.contract as contract1_0_,
        subcontrac3_.parent as parent0_6_,
        subcontrac3_.id as id0_6_,
        subcontrac3_.id as id0_1_,
        subcontrac3_.VERS as VERS0_1_,
        subcontrac3_.customerName as customer3_0_1_,
        subcontrac3_."type" as type4_0_1_,
        subcontrac3_.parent as parent0_1_,
        parties4_.contract as contract0_7_,
        parties4_.id as id3_7_,
        parties4_.id as id3_2_,
        parties4_.VERS as VERS3_2_,
        parties4_.contract as contract3_2_,
        parties4_.name as name3_2_ 
    from
        Contract this_ 
    left outer join
        ContractVariation variations2_ 
            on this_.id=variations2_.contract 
    left outer join
        Contract subcontrac3_ 
            on this_.id=subcontrac3_.parent 
    left outer join
        Party parties4_ 
            on subcontrac3_.id=parties4_.contract 
    where
        this_.id = ? 
    order by
        variations2_.id asc
14:14:16,352 DEBUG SQL:104 - 
    select
        this_.id as id0_3_,
        this_.VERS as VERS0_3_,
        this_.customerName as customer3_0_3_,
        this_."type" as type4_0_3_,
        this_.parent as parent0_3_,
        variations2_.contract as contract0_5_,
        variations2_.id as id1_5_,
        variations2_.id as id1_0_,
        variations2_.text as text1_0_,
        variations2_.contract as contract1_0_,
        subcontrac3_.parent as parent0_6_,
        subcontrac3_.id as id0_6_,
        subcontrac3_.id as id0_1_,
        subcontrac3_.VERS as VERS0_1_,
        subcontrac3_.customerName as customer3_0_1_,
        subcontrac3_."type" as type4_0_1_,
        subcontrac3_.parent as parent0_1_,
        parties4_.contract as contract0_7_,
        parties4_.id as id3_7_,
        parties4_.id as id3_2_,
        parties4_.VERS as VERS3_2_,
        parties4_.contract as contract3_2_,
        parties4_.name as name3_2_ 
    from
        Contract this_ 
    left outer join
        ContractVariation variations2_ 
            on this_.id=variations2_.contract 
    left outer join
        Contract subcontrac3_ 
            on this_.id=subcontrac3_.parent 
    left outer join
        Party parties4_ 
            on subcontrac3_.id=parties4_.contract 
    where
        this_.id = ? 
    order by
        variations2_.id asc
14:14:16,366 DEBUG SQL:104 - 
    select
        parties0_.contract as contract0_1_,
        parties0_.id as id3_1_,
        parties0_.id as id3_0_,
        parties0_.VERS as VERS3_0_,
        parties0_.contract as contract3_0_,
        parties0_.name as name3_0_ 
    from
        Party parties0_ 
    where
        parties0_.contract=?
14:14:16,366 DEBUG SQL:104 - 
    select
        parties0_.contract as contract0_1_,
        parties0_.id as id3_1_,
        parties0_.id as id3_0_,
        parties0_.VERS as VERS3_0_,
        parties0_.contract as contract3_0_,
        parties0_.name as name3_0_ 
    from
        Party parties0_ 
    where
        parties0_.contract=?
14:14:16,367 DEBUG SQL:104 - 
    select
        infos0_.party as party3_1_,
        infos0_.id as id2_1_,
        infos0_.id as id2_0_,
        infos0_.VERS as VERS2_0_,
        infos0_.text as text2_0_ 
    from
        Info infos0_ 
    where
        infos0_.party=?
14:14:16,367 DEBUG SQL:104 - 
    select
        infos0_.contract as contract0_1_,
        infos0_.id as id2_1_,
        infos0_.id as id2_0_,
        infos0_.VERS as VERS2_0_,
        infos0_.text as text2_0_ 
    from
        Info infos0_ 
    where
        infos0_.contract=?
14:14:16,375 DEBUG SQL:104 - 
    select
        infos0_.contract as contract0_1_,
        infos0_.id as id2_1_,
        infos0_.id as id2_0_,
        infos0_.VERS as VERS2_0_,
        infos0_.text as text2_0_ 
    from
        Info infos0_ 
    where
        infos0_.contract=?
14:14:16,376 DEBUG SQL:104 - 
    delete 
    from
        plan_contract 
    where
        contract=?
14:14:16,377 DEBUG SQL:104 - 
    delete 
    from
        plan_contract 
    where
        contract=?
14:14:16,377 DEBUG SQL:104 - 
    delete 
    from
        Party 
    where
        id=? 
        and VERS=?
14:14:16,377 DEBUG SQL:104 - 
    delete 
    from
        Contract 
    where
        id=? 
        and VERS=?
14:14:16,386 DEBUG SQL:104 - 
    delete 
    from
        Contract 
    where
        id=? 
        and VERS=?
14:14:16,387 DEBUG SQL:104 - 
    select
        count(*) as y0_ 
    from
        Contract this_
14:14:16,387 DEBUG SQL:104 - 
    select
        count(*) as y0_ 
    from
        Party this_
14:14:16,388  INFO CustomRunner:139 - Test: testOneToManyCollectionOptimisticLockingWithMerge
14:14:16,389 DEBUG SQL:104 - 
    insert 
    into
        Contract
        (VERS, customerName, "type", parent, id) 
    values
        (?, ?, ?, ?, ?)
14:14:16,390 DEBUG SQL:104 - 
    insert 
    into
        Party
        (VERS, contract, name, id) 
    values
        (?, ?, ?, ?)
14:14:16,391 DEBUG SQL:104 - 
    select
        contract0_.id as id0_3_,
        contract0_.VERS as VERS0_3_,
        contract0_.customerName as customer3_0_3_,
        contract0_."type" as type4_0_3_,
        contract0_.parent as parent0_3_,
        variations1_.contract as contract0_5_,
        variations1_.id as id1_5_,
        variations1_.id as id1_0_,
        variations1_.text as text1_0_,
        variations1_.contract as contract1_0_,
        subcontrac2_.parent as parent0_6_,
        subcontrac2_.id as id0_6_,
        subcontrac2_.id as id0_1_,
        subcontrac2_.VERS as VERS0_1_,
        subcontrac2_.customerName as customer3_0_1_,
        subcontrac2_."type" as type4_0_1_,
        subcontrac2_.parent as parent0_1_,
        parties3_.contract as contract0_7_,
        parties3_.id as id3_7_,
        parties3_.id as id3_2_,
        parties3_.VERS as VERS3_2_,
        parties3_.contract as contract3_2_,
        parties3_.name as name3_2_ 
    from
        Contract contract0_ 
    left outer join
        ContractVariation variations1_ 
            on contract0_.id=variations1_.contract 
    left outer join
        Contract subcontrac2_ 
            on contract0_.id=subcontrac2_.parent 
    left outer join
        Party parties3_ 
            on subcontrac2_.id=parties3_.contract 
    where
        contract0_.id=? 
    order by
        variations1_.id asc
14:14:16,421 DEBUG SQL:104 - 
    select
        parties0_.contract as contract0_1_,
        parties0_.id as id3_1_,
        parties0_.id as id3_0_,
        parties0_.VERS as VERS3_0_,
        parties0_.contract as contract3_0_,
        parties0_.name as name3_0_ 
    from
        Party parties0_ 
    where
        parties0_.contract=?
14:14:16,422 DEBUG SQL:104 - 
    insert 
    into
        Party
        (VERS, contract, name, id) 
    values
        (?, ?, ?, ?)
14:14:16,422 DEBUG SQL:104 - 
    update
        Contract 
    set
        VERS=? 
    where
        id=? 
        and VERS=?
14:14:16,433 DEBUG SQL:104 - 
    select
        contract0_.id as id0_1_,
        contract0_.VERS as VERS0_1_,
        contract0_.customerName as customer3_0_1_,
        contract0_."type" as type4_0_1_,
        contract0_.parent as parent0_1_,
        variations1_.contract as contract0_3_,
        variations1_.id as id1_3_,
        variations1_.id as id1_0_,
        variations1_.text as text1_0_,
        variations1_.contract as contract1_0_ 
    from
        Contract contract0_ 
    left outer join
        ContractVariation variations1_ 
            on contract0_.id=variations1_.contract 
    where
        contract0_.id=? 
    order by
        variations1_.id asc
14:14:16,434 DEBUG SQL:104 - 
    select
        this_.id as id0_3_,
        this_.VERS as VERS0_3_,
        this_.customerName as customer3_0_3_,
        this_."type" as type4_0_3_,
        this_.parent as parent0_3_,
        variations2_.contract as contract0_5_,
        variations2_.id as id1_5_,
        variations2_.id as id1_0_,
        variations2_.text as text1_0_,
        variations2_.contract as contract1_0_,
        subcontrac3_.parent as parent0_6_,
        subcontrac3_.id as id0_6_,
        subcontrac3_.id as id0_1_,
        subcontrac3_.VERS as VERS0_1_,
        subcontrac3_.customerName as customer3_0_1_,
        subcontrac3_."type" as type4_0_1_,
        subcontrac3_.parent as parent0_1_,
        parties4_.contract as contract0_7_,
        parties4_.id as id3_7_,
        parties4_.id as id3_2_,
        parties4_.VERS as VERS3_2_,
        parties4_.contract as contract3_2_,
        parties4_.name as name3_2_ 
    from
        Contract this_ 
    left outer join
        ContractVariation variations2_ 
            on this_.id=variations2_.contract 
    left outer join
        Contract subcontrac3_ 
            on this_.id=subcontrac3_.parent 
    left outer join
        Party parties4_ 
            on subcontrac3_.id=parties4_.contract 
    order by
        variations2_.id asc
14:14:16,446 DEBUG SQL:104 - 
    select
        parties0_.contract as contract0_1_,
        parties0_.id as id3_1_,
        parties0_.id as id3_0_,
        parties0_.VERS as VERS3_0_,
        parties0_.contract as contract3_0_,
        parties0_.name as name3_0_ 
    from
        Party parties0_ 
    where
        parties0_.contract=?
14:14:16,456 DEBUG SQL:104 - 
    select
        infos0_.party as party3_1_,
        infos0_.id as id2_1_,
        infos0_.id as id2_0_,
        infos0_.VERS as VERS2_0_,
        infos0_.text as text2_0_ 
    from
        Info infos0_ 
    where
        infos0_.party=?
14:14:16,456 DEBUG SQL:104 - 
    select
        infos0_.party as party3_1_,
        infos0_.id as id2_1_,
        infos0_.id as id2_0_,
        infos0_.VERS as VERS2_0_,
        infos0_.text as text2_0_ 
    from
        Info infos0_ 
    where
        infos0_.party=?
14:14:16,466 DEBUG SQL:104 - 
    select
        infos0_.contract as contract0_1_,
        infos0_.id as id2_1_,
        infos0_.id as id2_0_,
        infos0_.VERS as VERS2_0_,
        infos0_.text as text2_0_ 
    from
        Info infos0_ 
    where
        infos0_.contract=?
14:14:16,468 DEBUG SQL:104 - 
    delete 
    from
        plan_contract 
    where
        contract=?
14:14:16,468 DEBUG SQL:104 - 
    delete 
    from
        Party 
    where
        id=? 
        and VERS=?
14:14:16,468 DEBUG SQL:104 - 
    delete 
    from
        Party 
    where
        id=? 
        and VERS=?
14:14:16,481 DEBUG SQL:104 - 
    delete 
    from
        Contract 
    where
        id=? 
        and VERS=?
14:14:16,482 DEBUG SQL:104 - 
    select
        count(*) as y0_ 
    from
        Contract this_
14:14:16,482 DEBUG SQL:104 - 
    select
        count(*) as y0_ 
    from
        Party this_
14:14:16,483  INFO CustomRunner:139 - Test: testOneToManyCollectionOptimisticLockingWithUpdate
14:14:16,484 DEBUG SQL:104 - 
    insert 
    into
        Contract
        (VERS, customerName, "type", parent, id) 
    values
        (?, ?, ?, ?, ?)
14:14:16,491 DEBUG SQL:104 - 
    insert 
    into
        Party
        (VERS, contract, name, id) 
    values
        (?, ?, ?, ?)
14:14:16,493 DEBUG SQL:104 - 
    select
        contract0_.id as id0_3_,
        contract0_.VERS as VERS0_3_,
        contract0_.customerName as customer3_0_3_,
        contract0_."type" as type4_0_3_,
        contract0_.parent as parent0_3_,
        variations1_.contract as contract0_5_,
        variations1_.id as id1_5_,
        variations1_.id as id1_0_,
        variations1_.text as text1_0_,
        variations1_.contract as contract1_0_,
        subcontrac2_.parent as parent0_6_,
        subcontrac2_.id as id0_6_,
        subcontrac2_.id as id0_1_,
        subcontrac2_.VERS as VERS0_1_,
        subcontrac2_.customerName as customer3_0_1_,
        subcontrac2_."type" as type4_0_1_,
        subcontrac2_.parent as parent0_1_,
        parties3_.contract as contract0_7_,
        parties3_.id as id3_7_,
        parties3_.id as id3_2_,
        parties3_.VERS as VERS3_2_,
        parties3_.contract as contract3_2_,
        parties3_.name as name3_2_ 
    from
        Contract contract0_ 
    left outer join
        ContractVariation variations1_ 
            on contract0_.id=variations1_.contract 
    left outer join
        Contract subcontrac2_ 
            on contract0_.id=subcontrac2_.parent 
    left outer join
        Party parties3_ 
            on subcontrac2_.id=parties3_.contract 
    where
        contract0_.id=? 
    order by
        variations1_.id asc
14:14:16,505 DEBUG SQL:104 - 
    select
        parties0_.contract as contract0_1_,
        parties0_.id as id3_1_,
        parties0_.id as id3_0_,
        parties0_.VERS as VERS3_0_,
        parties0_.contract as contract3_0_,
        parties0_.name as name3_0_ 
    from
        Party parties0_ 
    where
        parties0_.contract=?
14:14:16,507 DEBUG SQL:104 - 
    insert 
    into
        Party
        (VERS, contract, name, id) 
    values
        (?, ?, ?, ?)
14:14:16,516 DEBUG SQL:104 - 
    update
        Contract 
    set
        VERS=? 
    where
        id=? 
        and VERS=?
14:14:16,517 DEBUG SQL:104 - 
    update
        Contract 
    set
        VERS=? 
    where
        id=? 
        and VERS=?
14:14:16,517  INFO AbstractBatchImpl:195 - HHH000010: On release of batch it still contained JDBC statements
14:14:16,517 DEBUG SQL:104 - 
    select
        this_.id as id0_3_,
        this_.VERS as VERS0_3_,
        this_.customerName as customer3_0_3_,
        this_."type" as type4_0_3_,
        this_.parent as parent0_3_,
        variations2_.contract as contract0_5_,
        variations2_.id as id1_5_,
        variations2_.id as id1_0_,
        variations2_.text as text1_0_,
        variations2_.contract as contract1_0_,
        subcontrac3_.parent as parent0_6_,
        subcontrac3_.id as id0_6_,
        subcontrac3_.id as id0_1_,
        subcontrac3_.VERS as VERS0_1_,
        subcontrac3_.customerName as customer3_0_1_,
        subcontrac3_."type" as type4_0_1_,
        subcontrac3_.parent as parent0_1_,
        parties4_.contract as contract0_7_,
        parties4_.id as id3_7_,
        parties4_.id as id3_2_,
        parties4_.VERS as VERS3_2_,
        parties4_.contract as contract3_2_,
        parties4_.name as name3_2_ 
    from
        Contract this_ 
    left outer join
        ContractVariation variations2_ 
            on this_.id=variations2_.contract 
    left outer join
        Contract subcontrac3_ 
            on this_.id=subcontrac3_.parent 
    left outer join
        Party parties4_ 
            on subcontrac3_.id=parties4_.contract 
    order by
        variations2_.id asc
14:14:16,530 DEBUG QueryTranslatorImpl:265 - parse() - HQL: delete from org.hibernate.test.immutable.entitywithmutablecollection.Party
14:14:16,531 DEBUG QueryTranslatorImpl:283 - --- HQL AST ---
 \-[DELETE] Node: 'delete'
    \-[FROM] Node: 'FROM'
       \-[RANGE] Node: 'RANGE'
          \-[DOT] Node: '.'
             +-[DOT] Node: '.'
             |  +-[DOT] Node: '.'
             |  |  +-[DOT] Node: '.'
             |  |  |  +-[DOT] Node: '.'
             |  |  |  |  +-[IDENT] Node: 'org'
             |  |  |  |  \-[IDENT] Node: 'hibernate'
             |  |  |  \-[IDENT] Node: 'test'
             |  |  \-[IDENT] Node: 'immutable'
             |  \-[IDENT] Node: 'entitywithmutablecollection'
             \-[IDENT] Node: 'Party'

14:14:16,550 DEBUG ErrorCounter:82 - throwQueryException() : no errors
14:14:16,551 DEBUG FromElement:157 - FromClause{level=1} : org.hibernate.test.immutable.entitywithmutablecollection.Party (<no alias>) -> party0_
14:14:16,551 DEBUG QueryTranslatorImpl:252 - --- SQL AST ---
 \-[DELETE] DeleteStatement: 'delete'  querySpaces (Party)
    \-[FROM] FromClause: 'FROM' FromClause{level=1, fromElementCounter=1, fromElements=1, fromElementByClassAlias=[], fromElementByTableAlias=[party0_], fromElementsByPath=[], collectionJoinFromElementsByPath=[], impliedElements=[]}
       \-[FROM_FRAGMENT] FromElement: 'Party' FromElement{explicit,not a collection join,not a fetch join,fetch non-lazy properties,classAlias=null,role=null,tableName=Party,tableAlias=party0_,origin=null,columns={,className=org.hibernate.test.immutable.entitywithmutablecollection.Party}}

14:14:16,552 DEBUG ErrorCounter:82 - throwQueryException() : no errors
14:14:16,552 DEBUG ErrorCounter:82 - throwQueryException() : no errors
14:14:16,552 DEBUG SQL:104 - 
    delete 
    from
        Party
14:14:16,553 DEBUG SQL:104 - 
    select
        parties0_.contract as contract0_1_,
        parties0_.id as id3_1_,
        parties0_.id as id3_0_,
        parties0_.VERS as VERS3_0_,
        parties0_.contract as contract3_0_,
        parties0_.name as name3_0_ 
    from
        Party parties0_ 
    where
        parties0_.contract=?
14:14:16,553 DEBUG SQL:104 - 
    select
        infos0_.contract as contract0_1_,
        infos0_.id as id2_1_,
        infos0_.id as id2_0_,
        infos0_.VERS as VERS2_0_,
        infos0_.text as text2_0_ 
    from
        Info infos0_ 
    where
        infos0_.contract=?
14:14:16,563 DEBUG SQL:104 - 
    delete 
    from
        plan_contract 
    where
        contract=?
14:14:16,564 DEBUG SQL:104 - 
    delete 
    from
        Contract 
    where
        id=? 
        and VERS=?
14:14:16,565 DEBUG SQL:104 - 
    select
        count(*) as y0_ 
    from
        Contract this_
14:14:16,565 DEBUG SQL:104 - 
    select
        count(*) as y0_ 
    from
        Party this_
14:14:16,573  INFO CustomRunner:139 - Test: testRemoveOneToManyElementByDelete
14:14:16,574 DEBUG SQL:104 - 
    insert 
    into
        Contract
        (VERS, customerName, "type", parent, id) 
    values
        (?, ?, ?, ?, ?)
14:14:16,575 DEBUG SQL:104 - 
    insert 
    into
        Party
        (VERS, contract, name, id) 
    values
        (?, ?, ?, ?)
14:14:16,575 DEBUG SQL:104 - 
    update
        Contract 
    set
        VERS=? 
    where
        id=? 
        and VERS=?
14:14:16,576 DEBUG SQL:104 - 
    delete 
    from
        Party 
    where
        id=? 
        and VERS=?
14:14:16,586 DEBUG SQL:104 - 
    select
        this_.id as id0_3_,
        this_.VERS as VERS0_3_,
        this_.customerName as customer3_0_3_,
        this_."type" as type4_0_3_,
        this_.parent as parent0_3_,
        variations2_.contract as contract0_5_,
        variations2_.id as id1_5_,
        variations2_.id as id1_0_,
        variations2_.text as text1_0_,
        variations2_.contract as contract1_0_,
        subcontrac3_.parent as parent0_6_,
        subcontrac3_.id as id0_6_,
        subcontrac3_.id as id0_1_,
        subcontrac3_.VERS as VERS0_1_,
        subcontrac3_.customerName as customer3_0_1_,
        subcontrac3_."type" as type4_0_1_,
        subcontrac3_.parent as parent0_1_,
        parties4_.contract as contract0_7_,
        parties4_.id as id3_7_,
        parties4_.id as id3_2_,
        parties4_.VERS as VERS3_2_,
        parties4_.contract as contract3_2_,
        parties4_.name as name3_2_ 
    from
        Contract this_ 
    left outer join
        ContractVariation variations2_ 
            on this_.id=variations2_.contract 
    left outer join
        Contract subcontrac3_ 
            on this_.id=subcontrac3_.parent 
    left outer join
        Party parties4_ 
            on subcontrac3_.id=parties4_.contract 
    order by
        variations2_.id asc
14:14:16,596 DEBUG SQL:104 - 
    select
        parties0_.contract as contract0_1_,
        parties0_.id as id3_1_,
        parties0_.id as id3_0_,
        parties0_.VERS as VERS3_0_,
        parties0_.contract as contract3_0_,
        parties0_.name as name3_0_ 
    from
        Party parties0_ 
    where
        parties0_.contract=?
14:14:16,597 DEBUG SQL:104 - 
    select
        infos0_.contract as contract0_1_,
        infos0_.id as id2_1_,
        infos0_.id as id2_0_,
        infos0_.VERS as VERS2_0_,
        infos0_.text as text2_0_ 
    from
        Info infos0_ 
    where
        infos0_.contract=?
14:14:16,608 DEBUG SQL:104 - 
    delete 
    from
        plan_contract 
    where
        contract=?
14:14:16,608 DEBUG SQL:104 - 
    delete 
    from
        Contract 
    where
        id=? 
        and VERS=?
14:14:16,608 DEBUG SQL:104 - 
    select
        count(*) as y0_ 
    from
        Contract this_
14:14:16,609 DEBUG SQL:104 - 
    select
        count(*) as y0_ 
    from
        Party this_
14:14:16,609  INFO CustomRunner:139 - Test: testRemoveOneToManyElementUsingMerge
14:14:16,611 DEBUG SQL:104 - 
    insert 
    into
        Contract
        (VERS, customerName, "type", parent, id) 
    values
        (?, ?, ?, ?, ?)
14:14:16,619 DEBUG SQL:104 - 
    insert 
    into
        Party
        (VERS, contract, name, id) 
    values
        (?, ?, ?, ?)
14:14:16,620 DEBUG SQL:104 - 
    select
        contract0_.id as id0_1_,
        contract0_.VERS as VERS0_1_,
        contract0_.customerName as customer3_0_1_,
        contract0_."type" as type4_0_1_,
        contract0_.parent as parent0_1_,
        variations1_.contract as contract0_3_,
        variations1_.id as id1_3_,
        variations1_.id as id1_0_,
        variations1_.text as text1_0_,
        variations1_.contract as contract1_0_ 
    from
        Contract contract0_ 
    left outer join
        ContractVariation variations1_ 
            on contract0_.id=variations1_.contract 
    where
        contract0_.id=? 
    order by
        variations1_.id asc
14:14:16,621 DEBUG SQL:104 - 
    select
        plans0_.contract as contract0_1_,
        plans0_.col_plan as col1_4_1_,
        plan1_.id as id5_0_,
        plan1_.VERS as VERS5_0_,
        plan1_.description as descript3_5_0_ 
    from
        plan_contract plans0_ 
    inner join
        tbl_plan plan1_ 
            on plans0_.col_plan=plan1_.id 
    where
        plans0_.contract=?
14:14:16,621 DEBUG SQL:104 - 
    select
        party0_.id as id3_0_,
        party0_.VERS as VERS3_0_,
        party0_.contract as contract3_0_,
        party0_.name as name3_0_ 
    from
        Party party0_ 
    where
        party0_.id=?
14:14:16,621 DEBUG SQL:104 - 
    select
        infos0_.contract as contract0_1_,
        infos0_.id as id2_1_,
        infos0_.id as id2_0_,
        infos0_.VERS as VERS2_0_,
        infos0_.text as text2_0_ 
    from
        Info infos0_ 
    where
        infos0_.contract=?
14:14:16,634 DEBUG SQL:104 - 
    select
        infos0_.party as party3_1_,
        infos0_.id as id2_1_,
        infos0_.id as id2_0_,
        infos0_.VERS as VERS2_0_,
        infos0_.text as text2_0_ 
    from
        Info infos0_ 
    where
        infos0_.party=?
14:14:16,635 DEBUG SQL:104 - 
    update
        Contract 
    set
        VERS=? 
    where
        id=? 
        and VERS=?
14:14:16,636 DEBUG SQL:104 - 
    select
        this_.id as id0_3_,
        this_.VERS as VERS0_3_,
        this_.customerName as customer3_0_3_,
        this_."type" as type4_0_3_,
        this_.parent as parent0_3_,
        variations2_.contract as contract0_5_,
        variations2_.id as id1_5_,
        variations2_.id as id1_0_,
        variations2_.text as text1_0_,
        variations2_.contract as contract1_0_,
        subcontrac3_.parent as parent0_6_,
        subcontrac3_.id as id0_6_,
        subcontrac3_.id as id0_1_,
        subcontrac3_.VERS as VERS0_1_,
        subcontrac3_.customerName as customer3_0_1_,
        subcontrac3_."type" as type4_0_1_,
        subcontrac3_.parent as parent0_1_,
        parties4_.contract as contract0_7_,
        parties4_.id as id3_7_,
        parties4_.id as id3_2_,
        parties4_.VERS as VERS3_2_,
        parties4_.contract as contract3_2_,
        parties4_.name as name3_2_ 
    from
        Contract this_ 
    left outer join
        ContractVariation variations2_ 
            on this_.id=variations2_.contract 
    left outer join
        Contract subcontrac3_ 
            on this_.id=subcontrac3_.parent 
    left outer join
        Party parties4_ 
            on subcontrac3_.id=parties4_.contract 
    order by
        variations2_.id asc
14:14:16,646 DEBUG SQL:104 - 
    select
        parties0_.contract as contract0_1_,
        parties0_.id as id3_1_,
        parties0_.id as id3_0_,
        parties0_.VERS as VERS3_0_,
        parties0_.contract as contract3_0_,
        parties0_.name as name3_0_ 
    from
        Party parties0_ 
    where
        parties0_.contract=?
14:14:16,667 DEBUG SQL:104 - 
    select
        infos0_.party as party3_1_,
        infos0_.id as id2_1_,
        infos0_.id as id2_0_,
        infos0_.VERS as VERS2_0_,
        infos0_.text as text2_0_ 
    from
        Info infos0_ 
    where
        infos0_.party=?
14:14:16,668 DEBUG SQL:104 - 
    select
        infos0_.contract as contract0_1_,
        infos0_.id as id2_1_,
        infos0_.id as id2_0_,
        infos0_.VERS as VERS2_0_,
        infos0_.text as text2_0_ 
    from
        Info infos0_ 
    where
        infos0_.contract=?
14:14:16,668 DEBUG SQL:104 - 
    delete 
    from
        plan_contract 
    where
        contract=?
14:14:16,669 DEBUG SQL:104 - 
    delete 
    from
        Party 
    where
        id=? 
        and VERS=?
14:14:16,684 DEBUG SQL:104 - 
    delete 
    from
        Contract 
    where
        id=? 
        and VERS=?
14:14:16,685 DEBUG SQL:104 - 
    select
        count(*) as y0_ 
    from
        Contract this_
14:14:16,685 DEBUG SQL:104 - 
    select
        count(*) as y0_ 
    from
        Party this_
14:14:16,686  INFO CustomRunner:139 - Test: testRemoveOneToManyElementUsingUpdate
14:14:16,689 DEBUG SQL:104 - 
    insert 
    into
        Contract
        (VERS, customerName, "type", parent, id) 
    values
        (?, ?, ?, ?, ?)
14:14:16,690 DEBUG SQL:104 - 
    insert 
    into
        Party
        (VERS, contract, name, id) 
    values
        (?, ?, ?, ?)
14:14:16,691 DEBUG SQL:104 - 
    update
        Contract 
    set
        VERS=? 
    where
        id=? 
        and VERS=?
14:14:16,692 DEBUG SQL:104 - 
    select
        this_.id as id0_3_,
        this_.VERS as VERS0_3_,
        this_.customerName as customer3_0_3_,
        this_."type" as type4_0_3_,
        this_.parent as parent0_3_,
        variations2_.contract as contract0_5_,
        variations2_.id as id1_5_,
        variations2_.id as id1_0_,
        variations2_.text as text1_0_,
        variations2_.contract as contract1_0_,
        subcontrac3_.parent as parent0_6_,
        subcontrac3_.id as id0_6_,
        subcontrac3_.id as id0_1_,
        subcontrac3_.VERS as VERS0_1_,
        subcontrac3_.customerName as customer3_0_1_,
        subcontrac3_."type" as type4_0_1_,
        subcontrac3_.parent as parent0_1_,
        parties4_.contract as contract0_7_,
        parties4_.id as id3_7_,
        parties4_.id as id3_2_,
        parties4_.VERS as VERS3_2_,
        parties4_.contract as contract3_2_,
        parties4_.name as name3_2_ 
    from
        Contract this_ 
    left outer join
        ContractVariation variations2_ 
            on this_.id=variations2_.contract 
    left outer join
        Contract subcontrac3_ 
            on this_.id=subcontrac3_.parent 
    left outer join
        Party parties4_ 
            on subcontrac3_.id=parties4_.contract 
    order by
        variations2_.id asc
14:14:16,708 DEBUG SQL:104 - 
    select
        parties0_.contract as contract0_1_,
        parties0_.id as id3_1_,
        parties0_.id as id3_0_,
        parties0_.VERS as VERS3_0_,
        parties0_.contract as contract3_0_,
        parties0_.name as name3_0_ 
    from
        Party parties0_ 
    where
        parties0_.contract=?
14:14:16,708 DEBUG SQL:104 - 
    select
        infos0_.party as party3_1_,
        infos0_.id as id2_1_,
        infos0_.id as id2_0_,
        infos0_.VERS as VERS2_0_,
        infos0_.text as text2_0_ 
    from
        Info infos0_ 
    where
        infos0_.party=?
14:14:16,718 DEBUG SQL:104 - 
    select
        infos0_.contract as contract0_1_,
        infos0_.id as id2_1_,
        infos0_.id as id2_0_,
        infos0_.VERS as VERS2_0_,
        infos0_.text as text2_0_ 
    from
        Info infos0_ 
    where
        infos0_.contract=?
14:14:16,718 DEBUG SQL:104 - 
    delete 
    from
        plan_contract 
    where
        contract=?
14:14:16,718 DEBUG SQL:104 - 
    delete 
    from
        Party 
    where
        id=? 
        and VERS=?
14:14:16,719 DEBUG SQL:104 - 
    delete 
    from
        Contract 
    where
        id=? 
        and VERS=?
14:14:16,729 DEBUG SQL:104 - 
    select
        count(*) as y0_ 
    from
        Contract this_
14:14:16,729 DEBUG SQL:104 - 
    select
        count(*) as y0_ 
    from
        Party this_
14:14:16,730  INFO CustomRunner:139 - Test: testRemoveOneToManyOrphanUsingMerge
14:14:16,732 DEBUG SQL:104 - 
    insert 
    into
        Contract
        (VERS, customerName, "type", parent, id) 
    values
        (?, ?, ?, ?, ?)
14:14:16,732 DEBUG SQL:104 - 
    insert 
    into
        ContractVariation
        (text, contract, id) 
    values
        (?, ?, ?)
14:14:16,740 DEBUG SQL:104 - 
    select
        contract0_.id as id0_1_,
        contract0_.VERS as VERS0_1_,
        contract0_.customerName as customer3_0_1_,
        contract0_."type" as type4_0_1_,
        contract0_.parent as parent0_1_,
        variations1_.contract as contract0_3_,
        variations1_.id as id1_3_,
        variations1_.id as id1_0_,
        variations1_.text as text1_0_,
        variations1_.contract as contract1_0_ 
    from
        Contract contract0_ 
    left outer join
        ContractVariation variations1_ 
            on contract0_.id=variations1_.contract 
    where
        contract0_.id=? 
    order by
        variations1_.id asc
14:14:16,742 DEBUG SQL:104 - 
    select
        plans0_.contract as contract0_1_,
        plans0_.col_plan as col1_4_1_,
        plan1_.id as id5_0_,
        plan1_.VERS as VERS5_0_,
        plan1_.description as descript3_5_0_ 
    from
        plan_contract plans0_ 
    inner join
        tbl_plan plan1_ 
            on plans0_.col_plan=plan1_.id 
    where
        plans0_.contract=?
14:14:16,751 DEBUG SQL:104 - 
    select
        infos0_.contract as contract0_1_,
        infos0_.id as id2_1_,
        infos0_.id as id2_0_,
        infos0_.VERS as VERS2_0_,
        infos0_.text as text2_0_ 
    from
        Info infos0_ 
    where
        infos0_.contract=?
14:14:16,753 DEBUG SQL:104 - 
    select
        infos0_.contractvariation as contract7_1_1_,
        infos0_.id as id2_1_,
        infos0_.id as id2_0_,
        infos0_.VERS as VERS2_0_,
        infos0_.text as text2_0_ 
    from
        Info infos0_ 
    where
        infos0_.contractvariation=?
14:14:16,753 DEBUG SQL:104 - 
    update
        Contract 
    set
        VERS=? 
    where
        id=? 
        and VERS=?
14:14:16,754 DEBUG SQL:104 - 
    delete 
    from
        ContractVariation 
    where
        id=?
14:14:16,755 DEBUG SQL:104 - 
    select
        this_.id as id0_3_,
        this_.VERS as VERS0_3_,
        this_.customerName as customer3_0_3_,
        this_."type" as type4_0_3_,
        this_.parent as parent0_3_,
        variations2_.contract as contract0_5_,
        variations2_.id as id1_5_,
        variations2_.id as id1_0_,
        variations2_.text as text1_0_,
        variations2_.contract as contract1_0_,
        subcontrac3_.parent as parent0_6_,
        subcontrac3_.id as id0_6_,
        subcontrac3_.id as id0_1_,
        subcontrac3_.VERS as VERS0_1_,
        subcontrac3_.customerName as customer3_0_1_,
        subcontrac3_."type" as type4_0_1_,
        subcontrac3_.parent as parent0_1_,
        parties4_.contract as contract0_7_,
        parties4_.id as id3_7_,
        parties4_.id as id3_2_,
        parties4_.VERS as VERS3_2_,
        parties4_.contract as contract3_2_,
        parties4_.name as name3_2_ 
    from
        Contract this_ 
    left outer join
        ContractVariation variations2_ 
            on this_.id=variations2_.contract 
    left outer join
        Contract subcontrac3_ 
            on this_.id=subcontrac3_.parent 
    left outer join
        Party parties4_ 
            on subcontrac3_.id=parties4_.contract 
    order by
        variations2_.id asc
14:14:16,767 DEBUG SQL:104 - 
    select
        this_.id as id1_0_,
        this_.text as text1_0_,
        this_.contract as contract1_0_ 
    from
        ContractVariation this_
14:14:16,768 DEBUG SQL:104 - 
    select
        parties0_.contract as contract0_1_,
        parties0_.id as id3_1_,
        parties0_.id as id3_0_,
        parties0_.VERS as VERS3_0_,
        parties0_.contract as contract3_0_,
        parties0_.name as name3_0_ 
    from
        Party parties0_ 
    where
        parties0_.contract=?
14:14:16,779 DEBUG SQL:104 - 
    select
        infos0_.contract as contract0_1_,
        infos0_.id as id2_1_,
        infos0_.id as id2_0_,
        infos0_.VERS as VERS2_0_,
        infos0_.text as text2_0_ 
    from
        Info infos0_ 
    where
        infos0_.contract=?
14:14:16,780 DEBUG SQL:104 - 
    delete 
    from
        plan_contract 
    where
        contract=?
14:14:16,781 DEBUG SQL:104 - 
    delete 
    from
        Contract 
    where
        id=? 
        and VERS=?
14:14:16,781 DEBUG SQL:104 - 
    select
        count(*) as y0_ 
    from
        Contract this_
14:14:16,781 DEBUG SQL:104 - 
    select
        count(*) as y0_ 
    from
        ContractVariation this_
14:14:16,782  INFO CustomRunner:139 - Test: testRemoveOneToManyOrphanUsingUpdate
14:14:16,802 DEBUG SQL:104 - 
    insert 
    into
        Contract
        (VERS, customerName, "type", parent, id) 
    values
        (?, ?, ?, ?, ?)
14:14:16,803 DEBUG SQL:104 - 
    insert 
    into
        ContractVariation
        (text, contract, id) 
    values
        (?, ?, ?)
14:14:16,804 DEBUG SQL:104 - 
    update
        Contract 
    set
        VERS=? 
    where
        id=? 
        and VERS=?
14:14:16,804 DEBUG SQL:104 - 
    delete 
    from
        ContractVariation 
    where
        id=?
14:14:16,805 DEBUG SQL:104 - 
    select
        this_.id as id0_3_,
        this_.VERS as VERS0_3_,
        this_.customerName as customer3_0_3_,
        this_."type" as type4_0_3_,
        this_.parent as parent0_3_,
        variations2_.contract as contract0_5_,
        variations2_.id as id1_5_,
        variations2_.id as id1_0_,
        variations2_.text as text1_0_,
        variations2_.contract as contract1_0_,
        subcontrac3_.parent as parent0_6_,
        subcontrac3_.id as id0_6_,
        subcontrac3_.id as id0_1_,
        subcontrac3_.VERS as VERS0_1_,
        subcontrac3_.customerName as customer3_0_1_,
        subcontrac3_."type" as type4_0_1_,
        subcontrac3_.parent as parent0_1_,
        parties4_.contract as contract0_7_,
        parties4_.id as id3_7_,
        parties4_.id as id3_2_,
        parties4_.VERS as VERS3_2_,
        parties4_.contract as contract3_2_,
        parties4_.name as name3_2_ 
    from
        Contract this_ 
    left outer join
        ContractVariation variations2_ 
            on this_.id=variations2_.contract 
    left outer join
        Contract subcontrac3_ 
            on this_.id=subcontrac3_.parent 
    left outer join
        Party parties4_ 
            on subcontrac3_.id=parties4_.contract 
    order by
        variations2_.id asc
14:14:16,824 DEBUG SQL:104 - 
    select
        this_.id as id1_0_,
        this_.text as text1_0_,
        this_.contract as contract1_0_ 
    from
        ContractVariation this_
14:14:16,825 DEBUG SQL:104 - 
    select
        parties0_.contract as contract0_1_,
        parties0_.id as id3_1_,
        parties0_.id as id3_0_,
        parties0_.VERS as VERS3_0_,
        parties0_.contract as contract3_0_,
        parties0_.name as name3_0_ 
    from
        Party parties0_ 
    where
        parties0_.contract=?
14:14:16,826 DEBUG SQL:104 - 
    select
        infos0_.contract as contract0_1_,
        infos0_.id as id2_1_,
        infos0_.id as id2_0_,
        infos0_.VERS as VERS2_0_,
        infos0_.text as text2_0_ 
    from
        Info infos0_ 
    where
        infos0_.contract=?
14:14:16,835 DEBUG SQL:104 - 
    delete 
    from
        plan_contract 
    where
        contract=?
14:14:16,836 DEBUG SQL:104 - 
    delete 
    from
        Contract 
    where
        id=? 
        and VERS=?
14:14:16,837 DEBUG SQL:104 - 
    select
        count(*) as y0_ 
    from
        Contract this_
14:14:16,837 DEBUG SQL:104 - 
    select
        count(*) as y0_ 
    from
        ContractVariation this_
14:14:16,838  INFO CustomRunner:139 - Test: testUpdateProperty
14:14:16,849 DEBUG SQL:104 - 
    insert 
    into
        Contract
        (VERS, customerName, "type", parent, id) 
    values
        (?, ?, ?, ?, ?)
14:14:16,849 DEBUG SQL:104 - 
    insert 
    into
        Party
        (VERS, contract, name, id) 
    values
        (?, ?, ?, ?)
14:14:16,850 DEBUG SQL:104 - 
    select
        this_.id as id0_3_,
        this_.VERS as VERS0_3_,
        this_.customerName as customer3_0_3_,
        this_."type" as type4_0_3_,
        this_.parent as parent0_3_,
        variations2_.contract as contract0_5_,
        variations2_.id as id1_5_,
        variations2_.id as id1_0_,
        variations2_.text as text1_0_,
        variations2_.contract as contract1_0_,
        subcontrac3_.parent as parent0_6_,
        subcontrac3_.id as id0_6_,
        subcontrac3_.id as id0_1_,
        subcontrac3_.VERS as VERS0_1_,
        subcontrac3_.customerName as customer3_0_1_,
        subcontrac3_."type" as type4_0_1_,
        subcontrac3_.parent as parent0_1_,
        parties4_.contract as contract0_7_,
        parties4_.id as id3_7_,
        parties4_.id as id3_2_,
        parties4_.VERS as VERS3_2_,
        parties4_.contract as contract3_2_,
        parties4_.name as name3_2_ 
    from
        Contract this_ 
    left outer join
        ContractVariation variations2_ 
            on this_.id=variations2_.contract 
    left outer join
        Contract subcontrac3_ 
            on this_.id=subcontrac3_.parent 
    left outer join
        Party parties4_ 
            on subcontrac3_.id=parties4_.contract 
    order by
        variations2_.id asc
14:14:16,862 DEBUG SQL:104 - 
    select
        parties0_.contract as contract0_1_,
        parties0_.id as id3_1_,
        parties0_.id as id3_0_,
        parties0_.VERS as VERS3_0_,
        parties0_.contract as contract3_0_,
        parties0_.name as name3_0_ 
    from
        Party parties0_ 
    where
        parties0_.contract=?
14:14:16,872 DEBUG SQL:104 - 
    select
        this_.id as id0_3_,
        this_.VERS as VERS0_3_,
        this_.customerName as customer3_0_3_,
        this_."type" as type4_0_3_,
        this_.parent as parent0_3_,
        variations2_.contract as contract0_5_,
        variations2_.id as id1_5_,
        variations2_.id as id1_0_,
        variations2_.text as text1_0_,
        variations2_.contract as contract1_0_,
        subcontrac3_.parent as parent0_6_,
        subcontrac3_.id as id0_6_,
        subcontrac3_.id as id0_1_,
        subcontrac3_.VERS as VERS0_1_,
        subcontrac3_.customerName as customer3_0_1_,
        subcontrac3_."type" as type4_0_1_,
        subcontrac3_.parent as parent0_1_,
        parties4_.contract as contract0_7_,
        parties4_.id as id3_7_,
        parties4_.id as id3_2_,
        parties4_.VERS as VERS3_2_,
        parties4_.contract as contract3_2_,
        parties4_.name as name3_2_ 
    from
        Contract this_ 
    left outer join
        ContractVariation variations2_ 
            on this_.id=variations2_.contract 
    left outer join
        Contract subcontrac3_ 
            on this_.id=subcontrac3_.parent 
    left outer join
        Party parties4_ 
            on subcontrac3_.id=parties4_.contract 
    order by
        variations2_.id asc
14:14:16,882 DEBUG SQL:104 - 
    select
        parties0_.contract as contract0_1_,
        parties0_.id as id3_1_,
        parties0_.id as id3_0_,
        parties0_.VERS as VERS3_0_,
        parties0_.contract as contract3_0_,
        parties0_.name as name3_0_ 
    from
        Party parties0_ 
    where
        parties0_.contract=?
14:14:16,883 DEBUG SQL:104 - 
    select
        infos0_.party as party3_1_,
        infos0_.id as id2_1_,
        infos0_.id as id2_0_,
        infos0_.VERS as VERS2_0_,
        infos0_.text as text2_0_ 
    from
        Info infos0_ 
    where
        infos0_.party=?
14:14:16,884 DEBUG SQL:104 - 
    select
        infos0_.contract as contract0_1_,
        infos0_.id as id2_1_,
        infos0_.id as id2_0_,
        infos0_.VERS as VERS2_0_,
        infos0_.text as text2_0_ 
    from
        Info infos0_ 
    where
        infos0_.contract=?
14:14:16,884 DEBUG SQL:104 - 
    delete 
    from
        plan_contract 
    where
        contract=?
14:14:16,885 DEBUG SQL:104 - 
    delete 
    from
        Party 
    where
        id=? 
        and VERS=?
14:14:16,885 DEBUG SQL:104 - 
    delete 
    from
        Contract 
    where
        id=? 
        and VERS=?
14:14:16,897 DEBUG SQL:104 - 
    select
        count(*) as y0_ 
    from
        Contract this_
14:14:16,898 DEBUG SQL:104 - 
    select
        count(*) as y0_ 
    from
        Party this_
14:14:16,898  INFO SchemaExport:343 - HHH000227: Running hbm2ddl schema export
14:14:16,899 DEBUG SchemaExport:353 - Import file not found: /import.sql
14:14:16,899 DEBUG SQL:104 - 
    alter table Contract 
        drop constraint FKE20F7532190ADCD1
14:14:16,900 DEBUG SQL:104 - 
    alter table ContractVariation 
        drop constraint FKB86C05013294E539
14:14:16,900 DEBUG SQL:104 - 
    alter table Info 
        drop constraint FK22D8CEA0A0D346
14:14:16,900 DEBUG SQL:104 - 
    alter table Info 
        drop constraint FK22D8CE1F1952D7
14:14:16,908 DEBUG SQL:104 - 
    alter table Info 
        drop constraint FK22D8CE3294E539
14:14:16,908 DEBUG SQL:104 - 
    alter table Info 
        drop constraint FK22D8CEF8244EED
14:14:16,908 DEBUG SQL:104 - 
    alter table Party 
        drop constraint FK4952AC63294E539
14:14:16,908 DEBUG SQL:104 - 
    alter table plan_contract 
        drop constraint FKDE1535683294E539
14:14:16,909 DEBUG SQL:104 - 
    alter table plan_contract 
        drop constraint FKDE153568A0A0D346
14:14:16,909 DEBUG SQL:104 - 
    drop table Contract if exists
14:14:16,909 DEBUG SQL:104 - 
    drop table ContractVariation if exists
14:14:16,909 DEBUG SQL:104 - 
    drop table Info if exists
14:14:16,909 DEBUG SQL:104 - 
    drop table Party if exists
14:14:16,910 DEBUG SQL:104 - 
    drop table plan_contract if exists
14:14:16,910 DEBUG SQL:104 - 
    drop table tbl_plan if exists
14:14:16,910  INFO SchemaExport:405 - HHH000230: Schema export complete
14:14:16,910  INFO DriverManagerConnectionProviderImpl:162 - HHH000030: Cleaning up connection pool [jdbc:h2:mem:db1;DB_CLOSE_DELAY=-1;MVCC=TRUE]
]]></system-out>
  <system-err><![CDATA[]]></system-err>
</testsuite>
