<?xml version="1.0" encoding="UTF-8"?>
<testsuite errors="0" failures="0" hostname="dhcp-10.15.208.168.stl.redhat.com" name="org.hibernate.test.annotations.access.AccessTest" tests="6" time="0.236" timestamp="2013-02-28T20:10:06">
  <properties />
  <testcase classname="org.hibernate.test.annotations.access.AccessTest" name="testFieldsOverriding" time="0.014" />
  <testcase classname="org.hibernate.test.annotations.access.AccessTest" name="testNonOverridenSubclass" time="0.008" />
  <testcase classname="org.hibernate.test.annotations.access.AccessTest" name="testOverridenSubclass" time="0.009" />
  <testcase classname="org.hibernate.test.annotations.access.AccessTest" name="testPropertyOverriding" time="0.008" />
  <testcase classname="org.hibernate.test.annotations.access.AccessTest" name="testSuperclassNonOverriding" time="0.019" />
  <testcase classname="org.hibernate.test.annotations.access.AccessTest" name="testSuperclassOverriding" time="0.052" />
  <system-out><![CDATA[14:10:06,971  INFO CustomRunner:132 - BeforeClass: org.hibernate.test.annotations.access.AccessTest
14:10:06,993  INFO DriverManagerConnectionProviderImpl:99 - HHH000402: Using Hibernate built-in connection pool (not for production use!)
14:10:06,993  INFO DriverManagerConnectionProviderImpl:135 - HHH000115: Hibernate connection pool size: 5
14:10:06,993  INFO DriverManagerConnectionProviderImpl:138 - HHH000006: Autocommit mode: false
14:10:06,994  INFO DriverManagerConnectionProviderImpl:153 - HHH000401: using driver [org.h2.Driver] at URL [jdbc:h2:mem:db1;DB_CLOSE_DELAY=-1;MVCC=TRUE]
14:10:06,994  INFO DriverManagerConnectionProviderImpl:158 - HHH000046: Connection properties: {user=sa}
14:10:06,996  INFO Dialect:103 - HHH000400: Using dialect: org.hibernate.dialect.H2Dialect
14:10:06,996  INFO LobCreatorBuilder:94 - HHH000423: Disabling contextual LOB creation as JDBC driver reported JDBC version [3] less than 4
14:10:06,997  INFO TransactionFactoryInitiator:66 - HHH000399: Using default transaction strategy (direct JDBC transactions)
14:10:06,997  INFO ASTQueryTranslatorFactory:48 - HHH000397: Using ASTQueryTranslatorFactory
14:10:06,997  WARN CachingRegionFactory:58 - CachingRegionFactory should be only used for testing.
14:10:07,071  INFO SchemaExport:343 - HHH000227: Running hbm2ddl schema export
14:10:07,072 DEBUG SchemaExport:353 - Import file not found: /import.sql
14:10:07,084 DEBUG SQL:104 - 
    drop table Furniture if exists
14:10:07,084 DEBUG SQL:104 - 
    drop table Gardenshed if exists
14:10:07,084 DEBUG SQL:104 - 
    drop sequence hibernate_sequence
14:10:07,085 ERROR SchemaExport:425 - HHH000389: Unsuccessful: drop sequence hibernate_sequence
14:10:07,085 ERROR SchemaExport:426 - Sequence "HIBERNATE_SEQUENCE" not found; SQL statement:

    drop sequence hibernate_sequence [90036-145]
14:10:07,085 DEBUG SQL:104 - 
    create table Furniture (
        DTYPE varchar(31) not null,
        id integer not null,
        god varchar(255),
        color varchar(255),
        name varchar(255),
        brand varchar(255),
        weight bigint not null,
        bed_size integer,
        primary key (id)
    )
14:10:07,086 DEBUG SQL:104 - 
    create table Gardenshed (
        id integer not null,
        color varchar(255),
        name varchar(255),
        floors bigint not null,
        primary key (id)
    )
14:10:07,086 DEBUG SQL:104 - 
    create sequence hibernate_sequence start with 1 increment by 1
14:10:07,087  INFO SchemaExport:405 - HHH000230: Schema export complete
14:10:07,087  WARN SessionFactoryImpl:1554 - HHH000008: JTASessionContext being used with JDBCTransactionFactory; auto-flush will not operate correctly with getCurrentSession()
14:10:07,088  INFO CustomRunner:139 - Test: testFieldsOverriding
14:10:07,089 DEBUG SQL:104 - 
    call next value for hibernate_sequence
14:10:07,096 DEBUG SQL:104 - 
    insert 
    into
        Gardenshed
        (color, name, floors, id) 
    values
        (?, ?, ?, ?)
14:10:07,098 DEBUG SQL:104 - 
    select
        gardenshed0_.id as id1_0_,
        gardenshed0_.color as color1_0_,
        gardenshed0_.name as name1_0_,
        gardenshed0_.floors as floors1_0_ 
    from
        Gardenshed gardenshed0_ 
    where
        gardenshed0_.id=?
14:10:07,099 DEBUG SQL:104 - 
    delete 
    from
        Gardenshed 
    where
        id=?
14:10:07,102  INFO CustomRunner:139 - Test: testNonOverridenSubclass
14:10:07,103 DEBUG SQL:104 - 
    call next value for hibernate_sequence
14:10:07,107 DEBUG SQL:104 - 
    insert 
    into
        Furniture
        (god, color, name, brand, weight, DTYPE, id) 
    values
        (?, ?, ?, ?, ?, 'Chair', ?)
14:10:07,108 DEBUG SQL:104 - 
    select
        chair0_.id as id0_0_,
        chair0_.god as god0_0_,
        chair0_.color as color0_0_,
        chair0_.name as name0_0_,
        chair0_.brand as brand0_0_,
        chair0_.weight as weight0_0_ 
    from
        Furniture chair0_ 
    where
        chair0_.id=? 
        and chair0_.DTYPE='Chair'
14:10:07,109 DEBUG SQL:104 - 
    delete 
    from
        Furniture 
    where
        id=?
14:10:07,111  INFO CustomRunner:139 - Test: testOverridenSubclass
14:10:07,112 DEBUG SQL:104 - 
    call next value for hibernate_sequence
14:10:07,116 DEBUG SQL:104 - 
    insert 
    into
        Furniture
        (god, color, name, brand, weight, bed_size, DTYPE, id) 
    values
        (?, ?, ?, ?, ?, ?, 'BigBed', ?)
14:10:07,117 DEBUG SQL:104 - 
    select
        bigbed0_.id as id0_0_,
        bigbed0_.god as god0_0_,
        bigbed0_.color as color0_0_,
        bigbed0_.name as name0_0_,
        bigbed0_.brand as brand0_0_,
        bigbed0_.weight as weight0_0_,
        bigbed0_.bed_size as bed8_0_0_ 
    from
        Furniture bigbed0_ 
    where
        bigbed0_.id=? 
        and bigbed0_.DTYPE='BigBed'
14:10:07,118 DEBUG SQL:104 - 
    delete 
    from
        Furniture 
    where
        id=?
14:10:07,120  INFO CustomRunner:139 - Test: testPropertyOverriding
14:10:07,121 DEBUG SQL:104 - 
    call next value for hibernate_sequence
14:10:07,123 DEBUG SQL:104 - 
    insert 
    into
        Furniture
        (god, color, name, brand, weight, DTYPE, id) 
    values
        (?, ?, ?, ?, ?, 'Furniture', ?)
14:10:07,124 DEBUG SQL:104 - 
    select
        furniture0_.id as id0_0_,
        furniture0_.god as god0_0_,
        furniture0_.color as color0_0_,
        furniture0_.name as name0_0_,
        furniture0_.brand as brand0_0_,
        furniture0_.weight as weight0_0_,
        furniture0_.bed_size as bed8_0_0_,
        furniture0_.DTYPE as DTYPE0_0_ 
    from
        Furniture furniture0_ 
    where
        furniture0_.id=?
14:10:07,125 DEBUG SQL:104 - 
    delete 
    from
        Furniture 
    where
        id=?
14:10:07,129  INFO CustomRunner:139 - Test: testSuperclassNonOverriding
14:10:07,134 DEBUG SQL:104 - 
    call next value for hibernate_sequence
14:10:07,144 DEBUG SQL:104 - 
    insert 
    into
        Furniture
        (god, color, name, brand, weight, DTYPE, id) 
    values
        (?, ?, ?, ?, ?, 'Furniture', ?)
14:10:07,145 DEBUG SQL:104 - 
    select
        furniture0_.id as id0_0_,
        furniture0_.god as god0_0_,
        furniture0_.color as color0_0_,
        furniture0_.name as name0_0_,
        furniture0_.brand as brand0_0_,
        furniture0_.weight as weight0_0_,
        furniture0_.bed_size as bed8_0_0_,
        furniture0_.DTYPE as DTYPE0_0_ 
    from
        Furniture furniture0_ 
    where
        furniture0_.id=?
14:10:07,147 DEBUG SQL:104 - 
    delete 
    from
        Furniture 
    where
        id=?
14:10:07,148  INFO CustomRunner:139 - Test: testSuperclassOverriding
14:10:07,149 DEBUG SQL:104 - 
    call next value for hibernate_sequence
14:10:07,151 DEBUG SQL:104 - 
    insert 
    into
        Furniture
        (god, color, name, brand, weight, DTYPE, id) 
    values
        (?, ?, ?, ?, ?, 'Furniture', ?)
14:10:07,152 DEBUG SQL:104 - 
    select
        furniture0_.id as id0_0_,
        furniture0_.god as god0_0_,
        furniture0_.color as color0_0_,
        furniture0_.name as name0_0_,
        furniture0_.brand as brand0_0_,
        furniture0_.weight as weight0_0_,
        furniture0_.bed_size as bed8_0_0_,
        furniture0_.DTYPE as DTYPE0_0_ 
    from
        Furniture furniture0_ 
    where
        furniture0_.id=?
14:10:07,199 DEBUG SQL:104 - 
    delete 
    from
        Furniture 
    where
        id=?
14:10:07,201  INFO SchemaExport:343 - HHH000227: Running hbm2ddl schema export
14:10:07,202 DEBUG SchemaExport:353 - Import file not found: /import.sql
14:10:07,202 DEBUG SQL:104 - 
    drop table Furniture if exists
14:10:07,202 DEBUG SQL:104 - 
    drop table Gardenshed if exists
14:10:07,203 DEBUG SQL:104 - 
    drop sequence hibernate_sequence
14:10:07,203  INFO SchemaExport:405 - HHH000230: Schema export complete
14:10:07,203  INFO DriverManagerConnectionProviderImpl:162 - HHH000030: Cleaning up connection pool [jdbc:h2:mem:db1;DB_CLOSE_DELAY=-1;MVCC=TRUE]
]]></system-out>
  <system-err><![CDATA[]]></system-err>
</testsuite>
