<?xml version="1.0" encoding="UTF-8"?>
<testsuite errors="0" failures="0" hostname="dhcp-10.15.208.168.stl.redhat.com" name="org.hibernate.test.lob.JpaLargeBlobTest" tests="1" time="16.654" timestamp="2013-02-28T20:16:48">
  <properties />
  <testcase classname="org.hibernate.test.lob.JpaLargeBlobTest" name="jpaBlobStream" time="16.595" />
  <system-out><![CDATA[14:16:48,645  INFO CustomRunner:132 - BeforeClass: org.hibernate.test.lob.JpaLargeBlobTest
14:16:48,649  INFO DriverManagerConnectionProviderImpl:99 - HHH000402: Using Hibernate built-in connection pool (not for production use!)
14:16:48,649  INFO DriverManagerConnectionProviderImpl:135 - HHH000115: Hibernate connection pool size: 5
14:16:48,650  INFO DriverManagerConnectionProviderImpl:138 - HHH000006: Autocommit mode: false
14:16:48,650  INFO DriverManagerConnectionProviderImpl:153 - HHH000401: using driver [org.h2.Driver] at URL [jdbc:h2:mem:db1;DB_CLOSE_DELAY=-1;MVCC=TRUE]
14:16:48,650  INFO DriverManagerConnectionProviderImpl:158 - HHH000046: Connection properties: {user=sa}
14:16:48,652  INFO Dialect:103 - HHH000400: Using dialect: org.hibernate.dialect.H2Dialect
14:16:48,652  INFO LobCreatorBuilder:94 - HHH000423: Disabling contextual LOB creation as JDBC driver reported JDBC version [3] less than 4
14:16:48,653  INFO TransactionFactoryInitiator:66 - HHH000399: Using default transaction strategy (direct JDBC transactions)
14:16:48,653  INFO ASTQueryTranslatorFactory:48 - HHH000397: Using ASTQueryTranslatorFactory
14:16:48,653  WARN CachingRegionFactory:58 - CachingRegionFactory should be only used for testing.
14:16:48,659  INFO SchemaExport:343 - HHH000227: Running hbm2ddl schema export
14:16:48,660 DEBUG SchemaExport:353 - Import file not found: /import.sql
14:16:48,660 DEBUG SQL:104 - 
    drop table LobEntity if exists
14:16:48,660 DEBUG SQL:104 - 
    drop sequence hibernate_sequence
14:16:48,660 ERROR SchemaExport:425 - HHH000389: Unsuccessful: drop sequence hibernate_sequence
14:16:48,660 ERROR SchemaExport:426 - Sequence "HIBERNATE_SEQUENCE" not found; SQL statement:

    drop sequence hibernate_sequence [90036-145]
14:16:48,661 DEBUG SQL:104 - 
    create table LobEntity (
        id bigint not null,
        blob blob,
        primary key (id)
    )
14:16:48,661 DEBUG SQL:104 - 
    create sequence hibernate_sequence start with 1 increment by 1
14:16:48,661  INFO SchemaExport:405 - HHH000230: Schema export complete
14:16:48,662  WARN SessionFactoryImpl:1554 - HHH000008: JTASessionContext being used with JDBCTransactionFactory; auto-flush will not operate correctly with getCurrentSession()
14:16:48,662  INFO CustomRunner:139 - Test: jpaBlobStream
14:16:48,702 DEBUG SQL:104 - 
    call next value for hibernate_sequence
14:16:48,727 DEBUG SQL:104 - 
    insert 
    into
        LobEntity
        (blob, id) 
    values
        (?, ?)
14:17:05,259  INFO SchemaExport:343 - HHH000227: Running hbm2ddl schema export
14:17:05,294 DEBUG SchemaExport:353 - Import file not found: /import.sql
14:17:05,295 DEBUG SQL:104 - 
    drop table LobEntity if exists
14:17:05,296 DEBUG SQL:104 - 
    drop sequence hibernate_sequence
14:17:05,297  INFO SchemaExport:405 - HHH000230: Schema export complete
14:17:05,297  INFO DriverManagerConnectionProviderImpl:162 - HHH000030: Cleaning up connection pool [jdbc:h2:mem:db1;DB_CLOSE_DELAY=-1;MVCC=TRUE]
]]></system-out>
  <system-err><![CDATA[]]></system-err>
</testsuite>
