<?xml version="1.0" encoding="UTF-8"?>
<testsuite errors="0" failures="0" hostname="dhcp-10.15.208.168.stl.redhat.com" name="org.hibernate.test.resulttransformer.ResultTransformerTest" tests="1" time="0.067" timestamp="2013-02-28T20:19:15">
  <properties />
  <testcase classname="org.hibernate.test.resulttransformer.ResultTransformerTest" name="testResultTransformerIsAppliedToScrollableResults" time="0.004" />
  <system-out><![CDATA[14:19:16,026  INFO CustomRunner:132 - BeforeClass: org.hibernate.test.resulttransformer.ResultTransformerTest
14:19:16,027  INFO Configuration:706 - HHH000221: Reading mappings from resource: org/hibernate/test/resulttransformer/Contract.hbm.xml
14:19:16,040  INFO DriverManagerConnectionProviderImpl:99 - HHH000402: Using Hibernate built-in connection pool (not for production use!)
14:19:16,040  INFO DriverManagerConnectionProviderImpl:135 - HHH000115: Hibernate connection pool size: 5
14:19:16,040  INFO DriverManagerConnectionProviderImpl:138 - HHH000006: Autocommit mode: false
14:19:16,040  INFO DriverManagerConnectionProviderImpl:153 - HHH000401: using driver [org.h2.Driver] at URL [jdbc:h2:mem:db1;DB_CLOSE_DELAY=-1;MVCC=TRUE]
14:19:16,041  INFO DriverManagerConnectionProviderImpl:158 - HHH000046: Connection properties: {user=sa}
14:19:16,042  INFO Dialect:103 - HHH000400: Using dialect: org.hibernate.dialect.H2Dialect
14:19:16,042  INFO LobCreatorBuilder:94 - HHH000423: Disabling contextual LOB creation as JDBC driver reported JDBC version [3] less than 4
14:19:16,042  INFO TransactionFactoryInitiator:66 - HHH000399: Using default transaction strategy (direct JDBC transactions)
14:19:16,043  INFO ASTQueryTranslatorFactory:48 - HHH000397: Using ASTQueryTranslatorFactory
14:19:16,043  WARN CachingRegionFactory:58 - CachingRegionFactory should be only used for testing.
14:19:16,051  INFO SchemaExport:343 - HHH000227: Running hbm2ddl schema export
14:19:16,052 DEBUG SchemaExport:353 - Import file not found: /import.sql
14:19:16,052 DEBUG SQL:104 - 
    alter table Contract 
        drop constraint FKE20F7532143D2482
14:19:16,052 ERROR SchemaExport:425 - HHH000389: Unsuccessful: alter table Contract drop constraint FKE20F7532143D2482
14:19:16,052 ERROR SchemaExport:426 - Table "CONTRACT" not found; SQL statement:

    alter table Contract 
        drop constraint FKE20F7532143D2482 [42102-145]
14:19:16,052 DEBUG SQL:104 - 
    alter table Contract 
        drop constraint FKE20F7532143D2484
14:19:16,053 ERROR SchemaExport:425 - HHH000389: Unsuccessful: alter table Contract drop constraint FKE20F7532143D2484
14:19:16,053 ERROR SchemaExport:426 - Table "CONTRACT" not found; SQL statement:

    alter table Contract 
        drop constraint FKE20F7532143D2484 [42102-145]
14:19:16,053 DEBUG SQL:104 - 
    drop table Contract if exists
14:19:16,053 DEBUG SQL:104 - 
    drop table PartnerA if exists
14:19:16,053 DEBUG SQL:104 - 
    drop table PartnerB if exists
14:19:16,053 DEBUG SQL:104 - 
    create table Contract (
        id bigint generated by default as identity,
        name varchar(255),
        a bigint,
        b bigint,
        primary key (id)
    )
14:19:16,054 DEBUG SQL:104 - 
    create table PartnerA (
        id bigint generated by default as identity,
        name varchar(255),
        primary key (id)
    )
14:19:16,054 DEBUG SQL:104 - 
    create table PartnerB (
        id bigint generated by default as identity,
        name varchar(255),
        primary key (id)
    )
14:19:16,054 DEBUG SQL:104 - 
    alter table Contract 
        add constraint FKE20F7532143D2482 
        foreign key (a) 
        references PartnerA
14:19:16,055 DEBUG SQL:104 - 
    alter table Contract 
        add constraint FKE20F7532143D2484 
        foreign key (b) 
        references PartnerB
14:19:16,055  INFO SchemaExport:405 - HHH000230: Schema export complete
14:19:16,055  WARN SessionFactoryImpl:1554 - HHH000008: JTASessionContext being used with JDBCTransactionFactory; auto-flush will not operate correctly with getCurrentSession()
14:19:16,056  INFO CustomRunner:139 - Test: testResultTransformerIsAppliedToScrollableResults
14:19:16,057 DEBUG SQL:104 - 
    insert 
    into
        PartnerA
        (id, name) 
    values
        (null, ?)
14:19:16,058 DEBUG SQL:104 - 
    insert 
    into
        PartnerB
        (id, name) 
    values
        (null, ?)
14:19:16,058 DEBUG SQL:104 - 
    insert 
    into
        Contract
        (id, name, a, b) 
    values
        (null, ?, ?, ?)
14:19:16,060 DEBUG SQL:104 - 
    select
        d.id as id0_0_,
        d.name as name0_0_,
        d.a as a0_0_,
        d.b as b0_0_,
        a.id as id1_1_,
        a.name as name1_1_,
        b.id as id2_2_,
        b.name as name2_2_       
    from
        Contract d,
        PartnerA a,
        PartnerB b       
    where
        d.a = a.id 
        and d.b = b.id
14:19:16,061  INFO SchemaExport:343 - HHH000227: Running hbm2ddl schema export
14:19:16,061 DEBUG SchemaExport:353 - Import file not found: /import.sql
14:19:16,061 DEBUG SQL:104 - 
    alter table Contract 
        drop constraint FKE20F7532143D2482
14:19:16,062 DEBUG SQL:104 - 
    alter table Contract 
        drop constraint FKE20F7532143D2484
14:19:16,062 DEBUG SQL:104 - 
    drop table Contract if exists
14:19:16,062 DEBUG SQL:104 - 
    drop table PartnerA if exists
14:19:16,062 DEBUG SQL:104 - 
    drop table PartnerB if exists
14:19:16,062  INFO SchemaExport:405 - HHH000230: Schema export complete
14:19:16,063  INFO DriverManagerConnectionProviderImpl:162 - HHH000030: Cleaning up connection pool [jdbc:h2:mem:db1;DB_CLOSE_DELAY=-1;MVCC=TRUE]
]]></system-out>
  <system-err><![CDATA[]]></system-err>
</testsuite>
