<?xml version="1.0" encoding="UTF-8"?>
<testsuite errors="0" failures="0" hostname="dhcp-10.15.208.168.stl.redhat.com" name="org.hibernate.test.cascade.BidirectionalOneToManyCascadeTest" tests="4" time="0.208" timestamp="2013-02-28T20:11:39">
  <properties />
  <testcase classname="org.hibernate.test.cascade.BidirectionalOneToManyCascadeTest" name="testSaveChildWithParent" time="0.01" />
  <testcase classname="org.hibernate.test.cascade.BidirectionalOneToManyCascadeTest" name="testSaveOrphanDeleteChildWithParent" time="0.005" />
  <testcase classname="org.hibernate.test.cascade.BidirectionalOneToManyCascadeTest" name="testSaveParentWithChild" time="0.02" />
  <testcase classname="org.hibernate.test.cascade.BidirectionalOneToManyCascadeTest" name="testSaveParentWithOrphanDeleteChild" time="0.026" />
  <system-out><![CDATA[14:11:39,858  INFO CustomRunner:132 - BeforeClass: org.hibernate.test.cascade.BidirectionalOneToManyCascadeTest
14:11:39,861  INFO Configuration:706 - HHH000221: Reading mappings from resource: org/hibernate/test/cascade/Child.hbm.xml
14:11:39,871  INFO Configuration:706 - HHH000221: Reading mappings from resource: org/hibernate/test/cascade/DeleteOrphanChild.hbm.xml
14:11:39,880  INFO Configuration:706 - HHH000221: Reading mappings from resource: org/hibernate/test/cascade/Parent.hbm.xml
14:11:39,892  INFO DriverManagerConnectionProviderImpl:99 - HHH000402: Using Hibernate built-in connection pool (not for production use!)
14:11:39,892  INFO DriverManagerConnectionProviderImpl:135 - HHH000115: Hibernate connection pool size: 5
14:11:39,892  INFO DriverManagerConnectionProviderImpl:138 - HHH000006: Autocommit mode: false
14:11:39,893  INFO DriverManagerConnectionProviderImpl:153 - HHH000401: using driver [org.h2.Driver] at URL [jdbc:h2:mem:db1;DB_CLOSE_DELAY=-1;MVCC=TRUE]
14:11:39,893  INFO DriverManagerConnectionProviderImpl:158 - HHH000046: Connection properties: {user=sa}
14:11:39,906  INFO Dialect:103 - HHH000400: Using dialect: org.hibernate.dialect.H2Dialect
14:11:39,907  INFO LobCreatorBuilder:94 - HHH000423: Disabling contextual LOB creation as JDBC driver reported JDBC version [3] less than 4
14:11:39,907  INFO TransactionFactoryInitiator:66 - HHH000399: Using default transaction strategy (direct JDBC transactions)
14:11:39,908  INFO ASTQueryTranslatorFactory:48 - HHH000397: Using ASTQueryTranslatorFactory
14:11:39,908  WARN CachingRegionFactory:58 - CachingRegionFactory should be only used for testing.
14:11:39,956  INFO SchemaExport:343 - HHH000227: Running hbm2ddl schema export
14:11:39,957 DEBUG SchemaExport:353 - Import file not found: /import.sql
14:11:39,957 DEBUG SQL:104 - 
    alter table Child 
        drop constraint FK3E104FC2A6B65A4
14:11:39,958 ERROR SchemaExport:425 - HHH000389: Unsuccessful: alter table Child drop constraint FK3E104FC2A6B65A4
14:11:39,958 ERROR SchemaExport:426 - Table "CHILD" not found; SQL statement:

    alter table Child 
        drop constraint FK3E104FC2A6B65A4 [42102-145]
14:11:39,958 DEBUG SQL:104 - 
    alter table DeleteOrphanChild 
        drop constraint FK24B6F2A92A6B65A4
14:11:39,958 ERROR SchemaExport:425 - HHH000389: Unsuccessful: alter table DeleteOrphanChild drop constraint FK24B6F2A92A6B65A4
14:11:39,958 ERROR SchemaExport:426 - Table "DELETEORPHANCHILD" not found; SQL statement:

    alter table DeleteOrphanChild 
        drop constraint FK24B6F2A92A6B65A4 [42102-145]
14:11:39,958 DEBUG SQL:104 - 
    drop table Child if exists
14:11:39,958 DEBUG SQL:104 - 
    drop table DeleteOrphanChild if exists
14:11:39,959 DEBUG SQL:104 - 
    drop table Parent if exists
14:11:39,959 DEBUG SQL:104 - 
    create table Child (
        id bigint generated by default as identity,
        parent bigint,
        primary key (id)
    )
14:11:39,959 DEBUG SQL:104 - 
    create table DeleteOrphanChild (
        id bigint generated by default as identity,
        parent bigint,
        primary key (id)
    )
14:11:39,960 DEBUG SQL:104 - 
    create table Parent (
        id bigint generated by default as identity,
        primary key (id)
    )
14:11:39,960 DEBUG SQL:104 - 
    alter table Child 
        add constraint FK3E104FC2A6B65A4 
        foreign key (parent) 
        references Parent
14:11:39,978 DEBUG SQL:104 - 
    alter table DeleteOrphanChild 
        add constraint FK24B6F2A92A6B65A4 
        foreign key (parent) 
        references Parent
14:11:39,979  INFO SchemaExport:405 - HHH000230: Schema export complete
14:11:39,980  WARN SessionFactoryImpl:1554 - HHH000008: JTASessionContext being used with JDBCTransactionFactory; auto-flush will not operate correctly with getCurrentSession()
14:11:39,980  INFO CustomRunner:139 - Test: testSaveChildWithParent
14:11:39,986 DEBUG SQL:104 - 
    insert 
    into
        Parent
        (id) 
    values
        (null)
14:11:39,988 DEBUG SQL:104 - 
    insert 
    into
        Child
        (id, parent) 
    values
        (null, ?)
14:11:39,988 DEBUG SQL:104 - 
    select
        parent0_.id as id2_0_ 
    from
        Parent parent0_ 
    where
        parent0_.id=?
14:11:39,989 DEBUG SQL:104 - 
    select
        children0_.parent as parent2_1_,
        children0_.id as id0_1_,
        children0_.id as id0_0_,
        children0_.parent as parent0_0_ 
    from
        Child children0_ 
    where
        children0_.parent=?
14:11:39,989 DEBUG SQL:104 - 
    select
        deleteorph0_.parent as parent2_1_,
        deleteorph0_.id as id1_1_,
        deleteorph0_.id as id1_0_,
        deleteorph0_.parent as parent1_0_ 
    from
        DeleteOrphanChild deleteorph0_ 
    where
        deleteorph0_.parent=?
14:11:39,990 DEBUG SQL:104 - 
    delete 
    from
        Child 
    where
        id=?
14:11:39,990 DEBUG SQL:104 - 
    delete 
    from
        Parent 
    where
        id=?
14:11:39,991  INFO CustomRunner:139 - Test: testSaveOrphanDeleteChildWithParent
14:11:39,992 DEBUG SQL:104 - 
    insert 
    into
        Parent
        (id) 
    values
        (null)
14:11:39,993 DEBUG SQL:104 - 
    insert 
    into
        DeleteOrphanChild
        (id, parent) 
    values
        (null, ?)
14:11:39,994 DEBUG SQL:104 - 
    select
        parent0_.id as id2_0_ 
    from
        Parent parent0_ 
    where
        parent0_.id=?
14:11:39,995 DEBUG SQL:104 - 
    select
        children0_.parent as parent2_1_,
        children0_.id as id0_1_,
        children0_.id as id0_0_,
        children0_.parent as parent0_0_ 
    from
        Child children0_ 
    where
        children0_.parent=?
14:11:39,995 DEBUG SQL:104 - 
    select
        deleteorph0_.parent as parent2_1_,
        deleteorph0_.id as id1_1_,
        deleteorph0_.id as id1_0_,
        deleteorph0_.parent as parent1_0_ 
    from
        DeleteOrphanChild deleteorph0_ 
    where
        deleteorph0_.parent=?
14:11:39,996 DEBUG SQL:104 - 
    delete 
    from
        DeleteOrphanChild 
    where
        id=?
14:11:39,996 DEBUG SQL:104 - 
    delete 
    from
        Parent 
    where
        id=?
14:11:39,997  INFO CustomRunner:139 - Test: testSaveParentWithChild
14:11:40,001 DEBUG SQL:104 - 
    insert 
    into
        Parent
        (id) 
    values
        (null)
14:11:40,002 DEBUG SQL:104 - 
    insert 
    into
        Child
        (id, parent) 
    values
        (null, ?)
14:11:40,003 DEBUG SQL:104 - 
    select
        parent0_.id as id2_0_ 
    from
        Parent parent0_ 
    where
        parent0_.id=?
14:11:40,003 DEBUG SQL:104 - 
    select
        children0_.parent as parent2_1_,
        children0_.id as id0_1_,
        children0_.id as id0_0_,
        children0_.parent as parent0_0_ 
    from
        Child children0_ 
    where
        children0_.parent=?
14:11:40,015 DEBUG SQL:104 - 
    select
        deleteorph0_.parent as parent2_1_,
        deleteorph0_.id as id1_1_,
        deleteorph0_.id as id1_0_,
        deleteorph0_.parent as parent1_0_ 
    from
        DeleteOrphanChild deleteorph0_ 
    where
        deleteorph0_.parent=?
14:11:40,016 DEBUG SQL:104 - 
    delete 
    from
        Child 
    where
        id=?
14:11:40,017 DEBUG SQL:104 - 
    delete 
    from
        Parent 
    where
        id=?
14:11:40,020  INFO CustomRunner:139 - Test: testSaveParentWithOrphanDeleteChild
14:11:40,023 DEBUG SQL:104 - 
    insert 
    into
        Parent
        (id) 
    values
        (null)
14:11:40,042 DEBUG SQL:104 - 
    insert 
    into
        DeleteOrphanChild
        (id, parent) 
    values
        (null, ?)
14:11:40,044 DEBUG SQL:104 - 
    select
        parent0_.id as id2_0_ 
    from
        Parent parent0_ 
    where
        parent0_.id=?
14:11:40,045 DEBUG SQL:104 - 
    select
        children0_.parent as parent2_1_,
        children0_.id as id0_1_,
        children0_.id as id0_0_,
        children0_.parent as parent0_0_ 
    from
        Child children0_ 
    where
        children0_.parent=?
14:11:40,046 DEBUG SQL:104 - 
    select
        deleteorph0_.parent as parent2_1_,
        deleteorph0_.id as id1_1_,
        deleteorph0_.id as id1_0_,
        deleteorph0_.parent as parent1_0_ 
    from
        DeleteOrphanChild deleteorph0_ 
    where
        deleteorph0_.parent=?
14:11:40,046 DEBUG SQL:104 - 
    delete 
    from
        DeleteOrphanChild 
    where
        id=?
14:11:40,047 DEBUG SQL:104 - 
    delete 
    from
        Parent 
    where
        id=?
14:11:40,048  INFO SchemaExport:343 - HHH000227: Running hbm2ddl schema export
14:11:40,048 DEBUG SchemaExport:353 - Import file not found: /import.sql
14:11:40,049 DEBUG SQL:104 - 
    alter table Child 
        drop constraint FK3E104FC2A6B65A4
14:11:40,049 DEBUG SQL:104 - 
    alter table DeleteOrphanChild 
        drop constraint FK24B6F2A92A6B65A4
14:11:40,060 DEBUG SQL:104 - 
    drop table Child if exists
14:11:40,061 DEBUG SQL:104 - 
    drop table DeleteOrphanChild if exists
14:11:40,061 DEBUG SQL:104 - 
    drop table Parent if exists
14:11:40,062  INFO SchemaExport:405 - HHH000230: Schema export complete
14:11:40,062  INFO DriverManagerConnectionProviderImpl:162 - HHH000030: Cleaning up connection pool [jdbc:h2:mem:db1;DB_CLOSE_DELAY=-1;MVCC=TRUE]
]]></system-out>
  <system-err><![CDATA[]]></system-err>
</testsuite>
