<?xml version="1.0" encoding="UTF-8"?>
<testsuite errors="0" failures="0" hostname="dhcp-10.15.208.168.stl.redhat.com" name="org.hibernate.test.querycache.CriteriaQueryCachePutResultTransformerTest" tests="58" time="10.662" timestamp="2013-02-28T20:18:09">
  <properties />
  <testcase classname="org.hibernate.test.querycache.CriteriaQueryCachePutResultTransformerTest" name="testAliasToBeanDtoLiteralArgList" time="0.065" />
  <testcase classname="org.hibernate.test.querycache.CriteriaQueryCachePutResultTransformerTest" name="testAliasToBeanDtoMultiArgList" time="0.131" />
  <testcase classname="org.hibernate.test.querycache.CriteriaQueryCachePutResultTransformerTest" name="testAliasToBeanDtoOneArgList" time="0.153" />
  <testcase classname="org.hibernate.test.querycache.CriteriaQueryCachePutResultTransformerTest" name="testAliasToBeanDtoWithNullAliasList" time="0.123" />
  <testcase classname="org.hibernate.test.querycache.CriteriaQueryCachePutResultTransformerTest" name="testAliasToEntityMapMultiAggregatedPropProjectionSingleResult" time="0.357" />
  <testcase classname="org.hibernate.test.querycache.CriteriaQueryCachePutResultTransformerTest" name="testAliasToEntityMapMultiProjectionList" time="0.17" />
  <testcase classname="org.hibernate.test.querycache.CriteriaQueryCachePutResultTransformerTest" name="testAliasToEntityMapMultiProjectionWithNullAliasList" time="0.142" />
  <testcase classname="org.hibernate.test.querycache.CriteriaQueryCachePutResultTransformerTest" name="testAliasToEntityMapNoProjectionMultiAndNullList" time="0.169" />
  <testcase classname="org.hibernate.test.querycache.CriteriaQueryCachePutResultTransformerTest" name="testAliasToEntityMapNoProjectionNullAndNonNullAliasList" time="0.301" />
  <testcase classname="org.hibernate.test.querycache.CriteriaQueryCachePutResultTransformerTest" name="testAliasToEntityMapOneProjectionList" time="0.121" />
  <testcase classname="org.hibernate.test.querycache.CriteriaQueryCachePutResultTransformerTest" name="testEntityWithAliasedJoinFetchedLazyOneToManySingleElementListHql" time="0.118" />
  <testcase classname="org.hibernate.test.querycache.CriteriaQueryCachePutResultTransformerTest" name="testEntityWithJoinFetchedLazyManyToOneList" time="0.784" />
  <testcase classname="org.hibernate.test.querycache.CriteriaQueryCachePutResultTransformerTest" name="testEntityWithJoinFetchedLazyManyToOneUsingProjectionList" time="0.129" />
  <testcase classname="org.hibernate.test.querycache.CriteriaQueryCachePutResultTransformerTest" name="testEntityWithJoinFetchedLazyOneToManyMultiAndNullElementList" time="0.753" />
  <testcase classname="org.hibernate.test.querycache.CriteriaQueryCachePutResultTransformerTest" name="testEntityWithJoinedLazyManyToOneListCriteria" time="0.464" />
  <testcase classname="org.hibernate.test.querycache.CriteriaQueryCachePutResultTransformerTest" name="testEntityWithJoinedLazyManyToOneListHql" time="0.264" />
  <testcase classname="org.hibernate.test.querycache.CriteriaQueryCachePutResultTransformerTest" name="testEntityWithJoinedLazyOneToManyMultiAndNullListCriteria" time="0.441" />
  <testcase classname="org.hibernate.test.querycache.CriteriaQueryCachePutResultTransformerTest" name="testEntityWithJoinedLazyOneToManyMultiAndNullListHql" time="0.233" />
  <testcase classname="org.hibernate.test.querycache.CriteriaQueryCachePutResultTransformerTest" name="testEntityWithJoinedLazyOneToManySingleElementListCriteria" time="0.511" />
  <testcase classname="org.hibernate.test.querycache.CriteriaQueryCachePutResultTransformerTest" name="testEntityWithJoinedLazyOneToManySingleElementListHql" time="0.201" />
  <testcase classname="org.hibernate.test.querycache.CriteriaQueryCachePutResultTransformerTest" name="testEntityWithLazyAssnList" time="0.167" />
  <testcase classname="org.hibernate.test.querycache.CriteriaQueryCachePutResultTransformerTest" name="testEntityWithLazyAssnUnique" time="0.116" />
  <testcase classname="org.hibernate.test.querycache.CriteriaQueryCachePutResultTransformerTest" name="testEntityWithNonLazyManyToOneList" time="0.141" />
  <testcase classname="org.hibernate.test.querycache.CriteriaQueryCachePutResultTransformerTest" name="testEntityWithNonLazyOneToManyUnique" time="0.129" />
  <testcase classname="org.hibernate.test.querycache.CriteriaQueryCachePutResultTransformerTest" name="testEntityWithSelectFetchedLazyOneToManySingleElementListCriteria" time="0.135" />
  <testcase classname="org.hibernate.test.querycache.CriteriaQueryCachePutResultTransformerTest" name="testEntityWithUnaliasedJoinFetchedLazyOneToManySingleElementList" time="0.221" />
  <testcase classname="org.hibernate.test.querycache.CriteriaQueryCachePutResultTransformerTest" name="testJoinWithFetchJoinListCriteria" time="0.144" />
  <testcase classname="org.hibernate.test.querycache.CriteriaQueryCachePutResultTransformerTest" name="testJoinWithFetchJoinListHql" time="0.126" />
  <testcase classname="org.hibernate.test.querycache.CriteriaQueryCachePutResultTransformerTest" name="testJoinWithFetchJoinWithAliasedJoinedAndOwnerProjectedListHql" time="0.098" />
  <testcase classname="org.hibernate.test.querycache.CriteriaQueryCachePutResultTransformerTest" name="testJoinWithFetchJoinWithOwnerAndAliasedJoinedProjectedListHql" time="0.124" />
  <testcase classname="org.hibernate.test.querycache.CriteriaQueryCachePutResultTransformerTest" name="testJoinWithFetchJoinWithOwnerAndPropProjectedList" time="0.111" />
  <testcase classname="org.hibernate.test.querycache.CriteriaQueryCachePutResultTransformerTest" name="testJoinWithFetchJoinWithPropAndOwnerProjectedList" time="0.107" />
  <testcase classname="org.hibernate.test.querycache.CriteriaQueryCachePutResultTransformerTest" name="testListElementsProjectionList" time="0.119" />
  <testcase classname="org.hibernate.test.querycache.CriteriaQueryCachePutResultTransformerTest" name="testMapElementsList" time="0.129" />
  <testcase classname="org.hibernate.test.querycache.CriteriaQueryCachePutResultTransformerTest" name="testMapEntryList" time="0.118" />
  <testcase classname="org.hibernate.test.querycache.CriteriaQueryCachePutResultTransformerTest" name="testMapKeyList" time="0.129" />
  <testcase classname="org.hibernate.test.querycache.CriteriaQueryCachePutResultTransformerTest" name="testMapValueList" time="0.097" />
  <testcase classname="org.hibernate.test.querycache.CriteriaQueryCachePutResultTransformerTest" name="testMultiAggregatedPropProjectionSingleResult" time="0.119" />
  <testcase classname="org.hibernate.test.querycache.CriteriaQueryCachePutResultTransformerTest" name="testMultiEntityProjectionAliasedList" time="0.144" />
  <testcase classname="org.hibernate.test.querycache.CriteriaQueryCachePutResultTransformerTest" name="testMultiEntityProjectionList" time="0.163" />
  <testcase classname="org.hibernate.test.querycache.CriteriaQueryCachePutResultTransformerTest" name="testMultiEntityProjectionUnique" time="0.137" />
  <testcase classname="org.hibernate.test.querycache.CriteriaQueryCachePutResultTransformerTest" name="testMultiProjectionListThenApplyAliasToBean" time="0.132" />
  <testcase classname="org.hibernate.test.querycache.CriteriaQueryCachePutResultTransformerTest" name="testMultiSelectAliasToEntityMapUsingAliasesWithFetchJoinList" time="0.102" />
  <testcase classname="org.hibernate.test.querycache.CriteriaQueryCachePutResultTransformerTest" name="testMultiSelectNewList" time="0.108" />
  <testcase classname="org.hibernate.test.querycache.CriteriaQueryCachePutResultTransformerTest" name="testMultiSelectNewListList" time="0.127" />
  <testcase classname="org.hibernate.test.querycache.CriteriaQueryCachePutResultTransformerTest" name="testMultiSelectNewMapUsingAliasesList" time="0.127" />
  <testcase classname="org.hibernate.test.querycache.CriteriaQueryCachePutResultTransformerTest" name="testMultiSelectNewMapUsingAliasesWithFetchJoinList" time="0.19" />
  <testcase classname="org.hibernate.test.querycache.CriteriaQueryCachePutResultTransformerTest" name="testMultiSelectNewWithLiteralList" time="0.119" />
  <testcase classname="org.hibernate.test.querycache.CriteriaQueryCachePutResultTransformerTest" name="testMultiSelectUsingImplicitJoinWithFetchJoinListHql" time="0.116" />
  <testcase classname="org.hibernate.test.querycache.CriteriaQueryCachePutResultTransformerTest" name="testOneEntityProjectionList" time="0.118" />
  <testcase classname="org.hibernate.test.querycache.CriteriaQueryCachePutResultTransformerTest" name="testOneEntityProjectionUnique" time="0.124" />
  <testcase classname="org.hibernate.test.querycache.CriteriaQueryCachePutResultTransformerTest" name="testOneNonEntityProjectionList" time="0.121" />
  <testcase classname="org.hibernate.test.querycache.CriteriaQueryCachePutResultTransformerTest" name="testOneNonEntityProjectionUnique" time="0.14" />
  <testcase classname="org.hibernate.test.querycache.CriteriaQueryCachePutResultTransformerTest" name="testOneSelectNewAliasesList" time="0.108" />
  <testcase classname="org.hibernate.test.querycache.CriteriaQueryCachePutResultTransformerTest" name="testOneSelectNewNoAliasesList" time="0.131" />
  <testcase classname="org.hibernate.test.querycache.CriteriaQueryCachePutResultTransformerTest" name="testSelectNewEntityConstructorList" time="0.118" />
  <testcase classname="org.hibernate.test.querycache.CriteriaQueryCachePutResultTransformerTest" name="testSelectNewMapUsingAliasesList" time="0.114" />
  <testcase classname="org.hibernate.test.querycache.CriteriaQueryCachePutResultTransformerTest" name="testSingleAggregatedPropProjectionSingleResult" time="0.11" />
  <system-out><![CDATA[14:18:09,130  INFO CustomRunner:132 - BeforeClass: org.hibernate.test.querycache.CriteriaQueryCachePutResultTransformerTest
14:18:09,132  INFO Configuration:706 - HHH000221: Reading mappings from resource: org/hibernate/test/querycache/Enrolment.hbm.xml
14:18:09,141  INFO DriverManagerConnectionProviderImpl:99 - HHH000402: Using Hibernate built-in connection pool (not for production use!)
14:18:09,141  INFO DriverManagerConnectionProviderImpl:135 - HHH000115: Hibernate connection pool size: 5
14:18:09,142  INFO DriverManagerConnectionProviderImpl:138 - HHH000006: Autocommit mode: false
14:18:09,142  INFO DriverManagerConnectionProviderImpl:153 - HHH000401: using driver [org.h2.Driver] at URL [jdbc:h2:mem:db1;DB_CLOSE_DELAY=-1;MVCC=TRUE]
14:18:09,142  INFO DriverManagerConnectionProviderImpl:158 - HHH000046: Connection properties: {user=sa}
14:18:09,143  INFO Dialect:103 - HHH000400: Using dialect: org.hibernate.dialect.H2Dialect
14:18:09,143  INFO LobCreatorBuilder:94 - HHH000423: Disabling contextual LOB creation as JDBC driver reported JDBC version [3] less than 4
14:18:09,144  INFO TransactionFactoryInitiator:66 - HHH000399: Using default transaction strategy (direct JDBC transactions)
14:18:09,144  INFO ASTQueryTranslatorFactory:48 - HHH000397: Using ASTQueryTranslatorFactory
14:18:09,144  WARN CachingRegionFactory:58 - CachingRegionFactory should be only used for testing.
14:18:09,145  INFO UpdateTimestampsCache:61 - HHH000250: Starting update timestamps cache at region: foo.org.hibernate.cache.spi.UpdateTimestampsCache
14:18:09,145  INFO StandardQueryCache:86 - HHH000248: Starting query cache at region: foo.org.hibernate.cache.internal.StandardQueryCache
14:18:09,192  INFO SchemaExport:343 - HHH000227: Running hbm2ddl schema export
14:18:09,193 DEBUG SchemaExport:353 - Import file not found: /import.sql
14:18:09,193 DEBUG SQL:104 - 
    alter table Address 
        drop constraint FK1ED033D47B5C59E1
14:18:09,194 ERROR SchemaExport:425 - HHH000389: Unsuccessful: alter table Address drop constraint FK1ED033D47B5C59E1
14:18:09,194 ERROR SchemaExport:426 - Table "ADDRESS" not found; SQL statement:

    alter table Address 
        drop constraint FK1ED033D47B5C59E1 [42102-145]
14:18:09,194 DEBUG SQL:104 - 
    alter table CourseMeeting 
        drop constraint FKC97EED80AEBBC201
14:18:09,194 ERROR SchemaExport:425 - HHH000389: Unsuccessful: alter table CourseMeeting drop constraint FKC97EED80AEBBC201
14:18:09,195 ERROR SchemaExport:426 - Table "COURSEMEETING" not found; SQL statement:

    alter table CourseMeeting 
        drop constraint FKC97EED80AEBBC201 [42102-145]
14:18:09,195 DEBUG SQL:104 - 
    alter table Enrolment 
        drop constraint FKEB4882C4EC5C133
14:18:09,195 ERROR SchemaExport:425 - HHH000389: Unsuccessful: alter table Enrolment drop constraint FKEB4882C4EC5C133
14:18:09,195 ERROR SchemaExport:426 - Table "ENROLMENT" not found; SQL statement:

    alter table Enrolment 
        drop constraint FKEB4882C4EC5C133 [42102-145]
14:18:09,195 DEBUG SQL:104 - 
    alter table Enrolment 
        drop constraint FKEB4882C4AEBBC201
14:18:09,196 ERROR SchemaExport:425 - HHH000389: Unsuccessful: alter table Enrolment drop constraint FKEB4882C4AEBBC201
14:18:09,196 ERROR SchemaExport:426 - Table "ENROLMENT" not found; SQL statement:

    alter table Enrolment 
        drop constraint FKEB4882C4AEBBC201 [42102-145]
14:18:09,196 DEBUG SQL:104 - 
    alter table Student 
        drop constraint FKF3371A1B5679E142
14:18:09,196 ERROR SchemaExport:425 - HHH000389: Unsuccessful: alter table Student drop constraint FKF3371A1B5679E142
14:18:09,197 ERROR SchemaExport:426 - Table "STUDENT" not found; SQL statement:

    alter table Student 
        drop constraint FKF3371A1B5679E142 [42102-145]
14:18:09,197 DEBUG SQL:104 - 
    alter table Student_secretCodes 
        drop constraint FKAF3CA7327B5C59E1
14:18:09,197 ERROR SchemaExport:425 - HHH000389: Unsuccessful: alter table Student_secretCodes drop constraint FKAF3CA7327B5C59E1
14:18:09,197 ERROR SchemaExport:426 - Table "STUDENT_SECRETCODES" not found; SQL statement:

    alter table Student_secretCodes 
        drop constraint FKAF3CA7327B5C59E1 [42102-145]
14:18:09,197 DEBUG SQL:104 - 
    drop table Address if exists
14:18:09,198 DEBUG SQL:104 - 
    drop table Course if exists
14:18:09,198 DEBUG SQL:104 - 
    drop table CourseMeeting if exists
14:18:09,198 DEBUG SQL:104 - 
    drop table Enrolment if exists
14:18:09,198 DEBUG SQL:104 - 
    drop table Student if exists
14:18:09,198 DEBUG SQL:104 - 
    drop table Student_secretCodes if exists
14:18:09,198 DEBUG SQL:104 - 
    create table Address (
        id bigint not null,
        addressType varchar(255),
        street varchar(255),
        city varchar(255),
        stateProvince varchar(255),
        postalCode varchar(255),
        country varchar(255),
        studentNumber bigint,
        primary key (id)
    )
14:18:09,199 DEBUG SQL:104 - 
    create table Course (
        courseCode varchar(255) not null,
        description varchar(255),
        primary key (courseCode)
    )
14:18:09,199 DEBUG SQL:104 - 
    create table CourseMeeting (
        courseCode varchar(255) not null,
        day varchar(255) not null,
        period integer not null,
        location varchar(255) not null,
        primary key (courseCode, day, period, location)
    )
14:18:09,200 DEBUG SQL:104 - 
    create table Enrolment (
        studentId bigint not null,
        courseCode varchar(255) not null,
        semester smallint not null,
        "year" smallint not null,
        primary key (studentId, courseCode)
    )
14:18:09,200 DEBUG SQL:104 - 
    create table Student (
        studentId bigint not null,
        name_first varchar(255) not null,
        name_middle varchar(255),
        name_last varchar(255) not null,
        preferredCourseCode varchar(255),
        primary key (studentId)
    )
14:18:09,200 DEBUG SQL:104 - 
    create table Student_secretCodes (
        studentNumber bigint not null,
        secretCode integer,
        i integer not null,
        primary key (studentNumber, i)
    )
14:18:09,201 DEBUG SQL:104 - 
    alter table Address 
        add constraint FK1ED033D47B5C59E1 
        foreign key (studentNumber) 
        references Student
14:18:09,201 DEBUG SQL:104 - 
    alter table CourseMeeting 
        add constraint FKC97EED80AEBBC201 
        foreign key (courseCode) 
        references Course
14:18:09,202 DEBUG SQL:104 - 
    alter table Enrolment 
        add constraint FKEB4882C4EC5C133 
        foreign key (studentId) 
        references Student
14:18:09,202 DEBUG SQL:104 - 
    alter table Enrolment 
        add constraint FKEB4882C4AEBBC201 
        foreign key (courseCode) 
        references Course
14:18:09,202 DEBUG SQL:104 - 
    alter table Student 
        add constraint FKF3371A1B5679E142 
        foreign key (preferredCourseCode) 
        references Course
14:18:09,203 DEBUG SQL:104 - 
    alter table Student_secretCodes 
        add constraint FKAF3CA7327B5C59E1 
        foreign key (studentNumber) 
        references Student
14:18:09,203  INFO SchemaExport:405 - HHH000230: Schema export complete
14:18:09,204  WARN SessionFactoryImpl:1554 - HHH000008: JTASessionContext being used with JDBCTransactionFactory; auto-flush will not operate correctly with getCurrentSession()
14:18:09,204  INFO CustomRunner:139 - Test: testAliasToBeanDtoLiteralArgList
14:18:09,206 DEBUG SQL:104 - 
    select
        coursemeet_.courseCode,
        coursemeet_.day,
        coursemeet_.period,
        coursemeet_.location 
    from
        CourseMeeting coursemeet_ 
    where
        coursemeet_.courseCode=? 
        and coursemeet_.day=? 
        and coursemeet_.period=? 
        and coursemeet_.location=?
14:18:09,207 DEBUG SQL:104 - 
    select
        coursemeet_.courseCode,
        coursemeet_.day,
        coursemeet_.period,
        coursemeet_.location 
    from
        CourseMeeting coursemeet_ 
    where
        coursemeet_.courseCode=? 
        and coursemeet_.day=? 
        and coursemeet_.period=? 
        and coursemeet_.location=?
14:18:09,207 DEBUG SQL:104 - 
    select
        max(id) 
    from
        Address
14:18:09,208 DEBUG SQL:104 - 
    insert 
    into
        Course
        (description, courseCode) 
    values
        (?, ?)
14:18:09,208 DEBUG BaseGeneralDataRegion:59 - Caching[foo.org.hibernate.cache.spi.UpdateTimestampsCache] : [Course] -> [5579090940755968]
14:18:09,209 DEBUG SQL:104 - 
    insert 
    into
        CourseMeeting
        (courseCode, day, period, location) 
    values
        (?, ?, ?, ?)
14:18:09,209 DEBUG BaseGeneralDataRegion:59 - Caching[foo.org.hibernate.cache.spi.UpdateTimestampsCache] : [CourseMeeting] -> [5579090940760064]
14:18:09,209 DEBUG SQL:104 - 
    insert 
    into
        CourseMeeting
        (courseCode, day, period, location) 
    values
        (?, ?, ?, ?)
14:18:09,209 DEBUG BaseGeneralDataRegion:59 - Caching[foo.org.hibernate.cache.spi.UpdateTimestampsCache] : [CourseMeeting] -> [5579090940760065]
14:18:09,209 DEBUG SQL:104 - 
    insert 
    into
        Student
        (name_first, name_middle, name_last, preferredCourseCode, studentId) 
    values
        (?, ?, ?, ?, ?)
14:18:09,209 DEBUG BaseGeneralDataRegion:59 - Caching[foo.org.hibernate.cache.spi.UpdateTimestampsCache] : [Student] -> [5579090940760066]
14:18:09,210 DEBUG SQL:104 - 
    insert 
    into
        Address
        (addressType, street, city, stateProvince, postalCode, country, studentNumber, id) 
    values
        (?, ?, ?, ?, ?, ?, ?, ?)
14:18:09,210 DEBUG BaseGeneralDataRegion:59 - Caching[foo.org.hibernate.cache.spi.UpdateTimestampsCache] : [Address] -> [5579090940764160]
14:18:09,210 DEBUG SQL:104 - 
    insert 
    into
        Address
        (addressType, street, city, stateProvince, postalCode, country, studentNumber, id) 
    values
        (?, ?, ?, ?, ?, ?, ?, ?)
14:18:09,210 DEBUG BaseGeneralDataRegion:59 - Caching[foo.org.hibernate.cache.spi.UpdateTimestampsCache] : [Address] -> [5579090940764161]
14:18:09,210 DEBUG SQL:104 - 
    insert 
    into
        Student
        (name_first, name_middle, name_last, preferredCourseCode, studentId) 
    values
        (?, ?, ?, ?, ?)
14:18:09,210 DEBUG BaseGeneralDataRegion:59 - Caching[foo.org.hibernate.cache.spi.UpdateTimestampsCache] : [Student] -> [5579090940764162]
14:18:09,211 DEBUG SQL:104 - 
    insert 
    into
        Enrolment
        (semester, "year", studentId, courseCode) 
    values
        (?, ?, ?, ?)
14:18:09,211 DEBUG BaseGeneralDataRegion:59 - Caching[foo.org.hibernate.cache.spi.UpdateTimestampsCache] : [Enrolment] -> [5579090940768256]
14:18:09,211 DEBUG SQL:104 - 
    insert 
    into
        Enrolment
        (semester, "year", studentId, courseCode) 
    values
        (?, ?, ?, ?)
14:18:09,211 DEBUG BaseGeneralDataRegion:59 - Caching[foo.org.hibernate.cache.spi.UpdateTimestampsCache] : [Enrolment] -> [5579090940768257]
14:18:09,211 DEBUG BaseGeneralDataRegion:59 - Caching[foo.org.hibernate.cache.spi.UpdateTimestampsCache] : [CourseMeeting] -> [5579090940768258]
14:18:09,211 DEBUG BaseGeneralDataRegion:59 - Caching[foo.org.hibernate.cache.spi.UpdateTimestampsCache] : [Enrolment] -> [5579090940768259]
14:18:09,211 DEBUG SQL:104 - 
    update
        Address 
    set
        studentNumber=?,
        addressType=? 
    where
        id=?
14:18:09,212 DEBUG SQL:104 - 
    update
        Address 
    set
        studentNumber=?,
        addressType=? 
    where
        id=?
14:18:09,212 DEBUG BaseGeneralDataRegion:59 - Caching[foo.org.hibernate.cache.spi.UpdateTimestampsCache] : [Address] -> [5579090940772352]
14:18:09,212 DEBUG SQL:104 - 
    insert 
    into
        Student_secretCodes
        (studentNumber, i, secretCode) 
    values
        (?, ?, ?)
14:18:09,212 DEBUG BaseGeneralDataRegion:59 - Caching[foo.org.hibernate.cache.spi.UpdateTimestampsCache] : [Student_secretCodes] -> [5579090940772353]
14:18:09,212 DEBUG BaseGeneralDataRegion:59 - Caching[foo.org.hibernate.cache.spi.UpdateTimestampsCache] : [Enrolment] -> [5579090940772354]
14:18:09,212 DEBUG BaseGeneralDataRegion:59 - Caching[foo.org.hibernate.cache.spi.UpdateTimestampsCache] : [Address] -> [5579090940772355]
14:18:09,212 DEBUG SQL:104 - 
    insert 
    into
        Student_secretCodes
        (studentNumber, i, secretCode) 
    values
        (?, ?, ?)
14:18:09,212 DEBUG SQL:104 - 
    insert 
    into
        Student_secretCodes
        (studentNumber, i, secretCode) 
    values
        (?, ?, ?)
14:18:09,213 DEBUG BaseGeneralDataRegion:59 - Caching[foo.org.hibernate.cache.spi.UpdateTimestampsCache] : [Student_secretCodes] -> [5579090940776448]
14:18:09,213 DEBUG BaseGeneralDataRegion:59 - Caching[foo.org.hibernate.cache.spi.UpdateTimestampsCache] : [Student] -> [5579090695016449]
14:18:09,213 DEBUG BaseGeneralDataRegion:59 - Caching[foo.org.hibernate.cache.spi.UpdateTimestampsCache] : [Course] -> [5579090695016449]
14:18:09,213 DEBUG BaseGeneralDataRegion:59 - Caching[foo.org.hibernate.cache.spi.UpdateTimestampsCache] : [Enrolment] -> [5579090695016449]
14:18:09,213 DEBUG BaseGeneralDataRegion:59 - Caching[foo.org.hibernate.cache.spi.UpdateTimestampsCache] : [Student_secretCodes] -> [5579090695016449]
14:18:09,213 DEBUG BaseGeneralDataRegion:59 - Caching[foo.org.hibernate.cache.spi.UpdateTimestampsCache] : [Address] -> [5579090695016449]
14:18:09,213 DEBUG BaseGeneralDataRegion:59 - Caching[foo.org.hibernate.cache.spi.UpdateTimestampsCache] : [CourseMeeting] -> [5579090695016449]
14:18:09,214 DEBUG SQL:104 - 
    select
        st1_.name_first as y0_,
        st1_.name_middle as y1_,
        st1_.name_last as y2_,
        'lame description' as courseDescription 
    from
        Enrolment this_ 
    inner join
        Student st1_ 
            on this_.studentId=st1_.studentId 
    inner join
        Course co2_ 
            on this_.courseCode=co2_.courseCode 
    order by
        this_.studentId asc
14:18:09,214 DEBUG BaseGeneralDataRegion:59 - Caching[foo.org.hibernate.cache.internal.StandardQueryCache] : [sql: select st1_.name_first as y0_, st1_.name_middle as y1_, st1_.name_last as y2_, 'lame description' as courseDescription from Enrolment this_ inner join Student st1_ on this_.studentId=st1_.studentId inner join Course co2_ on this_.courseCode=co2_.courseCode order by this_.studentId asc; parameters: ; transformer: org.hibernate.transform.CacheableResultTransformer@1406bf] -> [[5579090695020544, [Ljava.io.Serializable;@b78faf8, [Ljava.io.Serializable;@33a4b5aa]]
14:18:09,215 DEBUG SQL:104 - 
    select
        st1_.name_first as y0_,
        st1_.name_middle as y1_,
        st1_.name_last as y2_,
        'lame description' as courseDescription 
    from
        Enrolment this_ 
    inner join
        Student st1_ 
            on this_.studentId=st1_.studentId 
    inner join
        Course co2_ 
            on this_.courseCode=co2_.courseCode 
    order by
        this_.studentId asc
14:18:09,215 DEBUG BaseGeneralDataRegion:59 - Caching[foo.org.hibernate.cache.internal.StandardQueryCache] : [sql: select st1_.name_first as y0_, st1_.name_middle as y1_, st1_.name_last as y2_, 'lame description' as courseDescription from Enrolment this_ inner join Student st1_ on this_.studentId=st1_.studentId inner join Course co2_ on this_.courseCode=co2_.courseCode order by this_.studentId asc; parameters: ; transformer: org.hibernate.transform.CacheableResultTransformer@1406bf] -> [[5579090695024642, [Ljava.io.Serializable;@ab7c8b, [Ljava.io.Serializable;@7a7d8a04]]
14:18:09,216 DEBUG SQL:104 - 
    select
        student_.studentId,
        student_.name_first as name2_4_,
        student_.name_middle as name3_4_,
        student_.name_last as name4_4_,
        student_.preferredCourseCode as preferre5_4_ 
    from
        Student student_ 
    where
        student_.studentId=?
14:18:09,216 DEBUG SQL:104 - 
    select
        enrolment_.studentId,
        enrolment_.courseCode,
        enrolment_.semester as semester3_,
        enrolment_."year" as year4_3_ 
    from
        Enrolment enrolment_ 
    where
        enrolment_.studentId=? 
        and enrolment_.courseCode=?
14:18:09,216 DEBUG SQL:104 - 
    select
        course_.courseCode,
        course_.description as descript2_1_ 
    from
        Course course_ 
    where
        course_.courseCode=?
14:18:09,217 DEBUG SQL:104 - 
    select
        student_.studentId,
        student_.name_first as name2_4_,
        student_.name_middle as name3_4_,
        student_.name_last as name4_4_,
        student_.preferredCourseCode as preferre5_4_ 
    from
        Student student_ 
    where
        student_.studentId=?
14:18:09,217 DEBUG SQL:104 - 
    select
        enrolment_.studentId,
        enrolment_.courseCode,
        enrolment_.semester as semester3_,
        enrolment_."year" as year4_3_ 
    from
        Enrolment enrolment_ 
    where
        enrolment_.studentId=? 
        and enrolment_.courseCode=?
14:18:09,217 DEBUG SQL:104 - 
    select
        coursemeet_.courseCode,
        coursemeet_.day,
        coursemeet_.period,
        coursemeet_.location 
    from
        CourseMeeting coursemeet_ 
    where
        coursemeet_.courseCode=? 
        and coursemeet_.day=? 
        and coursemeet_.period=? 
        and coursemeet_.location=?
14:18:09,218 DEBUG SQL:104 - 
    select
        coursemeet_.courseCode,
        coursemeet_.day,
        coursemeet_.period,
        coursemeet_.location 
    from
        CourseMeeting coursemeet_ 
    where
        coursemeet_.courseCode=? 
        and coursemeet_.day=? 
        and coursemeet_.period=? 
        and coursemeet_.location=?
14:18:09,238 DEBUG BaseGeneralDataRegion:59 - Caching[foo.org.hibernate.cache.spi.UpdateTimestampsCache] : [Enrolment] -> [5579090940878848]
14:18:09,238 DEBUG SQL:104 - 
    update
        Address 
    set
        studentNumber=null,
        addressType=null 
    where
        studentNumber=?
14:18:09,238 DEBUG BaseGeneralDataRegion:59 - Caching[foo.org.hibernate.cache.spi.UpdateTimestampsCache] : [Address] -> [5579090940878849]
14:18:09,238 DEBUG SQL:104 - 
    delete 
    from
        Student_secretCodes 
    where
        studentNumber=?
14:18:09,239 DEBUG BaseGeneralDataRegion:59 - Caching[foo.org.hibernate.cache.spi.UpdateTimestampsCache] : [Student_secretCodes] -> [5579090940882944]
14:18:09,239 DEBUG BaseGeneralDataRegion:59 - Caching[foo.org.hibernate.cache.spi.UpdateTimestampsCache] : [Enrolment] -> [5579090940882945]
14:18:09,239 DEBUG BaseGeneralDataRegion:59 - Caching[foo.org.hibernate.cache.spi.UpdateTimestampsCache] : [Address] -> [5579090940882946]
14:18:09,248 DEBUG SQL:104 - 
    delete 
    from
        Student_secretCodes 
    where
        studentNumber=?
14:18:09,248 DEBUG BaseGeneralDataRegion:59 - Caching[foo.org.hibernate.cache.spi.UpdateTimestampsCache] : [Student_secretCodes] -> [5579090940919808]
14:18:09,248 DEBUG BaseGeneralDataRegion:59 - Caching[foo.org.hibernate.cache.spi.UpdateTimestampsCache] : [CourseMeeting] -> [5579090940919809]
14:18:09,248 DEBUG SQL:104 - 
    delete 
    from
        Enrolment 
    where
        studentId=? 
        and courseCode=?
14:18:09,249 DEBUG BaseGeneralDataRegion:59 - Caching[foo.org.hibernate.cache.spi.UpdateTimestampsCache] : [Enrolment] -> [5579090940923904]
14:18:09,249 DEBUG SQL:104 - 
    delete 
    from
        Address 
    where
        id=?
14:18:09,249 DEBUG BaseGeneralDataRegion:59 - Caching[foo.org.hibernate.cache.spi.UpdateTimestampsCache] : [Address] -> [5579090940923905]
14:18:09,249 DEBUG SQL:104 - 
    delete 
    from
        Address 
    where
        id=?
14:18:09,249 DEBUG BaseGeneralDataRegion:59 - Caching[foo.org.hibernate.cache.spi.UpdateTimestampsCache] : [Address] -> [5579090940923906]
14:18:09,258 DEBUG SQL:104 - 
    delete 
    from
        Student 
    where
        studentId=?
14:18:09,258 DEBUG BaseGeneralDataRegion:59 - Caching[foo.org.hibernate.cache.spi.UpdateTimestampsCache] : [Student] -> [5579090940960768]
14:18:09,259 DEBUG SQL:104 - 
    delete 
    from
        Enrolment 
    where
        studentId=? 
        and courseCode=?
14:18:09,259 DEBUG BaseGeneralDataRegion:59 - Caching[foo.org.hibernate.cache.spi.UpdateTimestampsCache] : [Enrolment] -> [5579090940964864]
14:18:09,259 DEBUG SQL:104 - 
    delete 
    from
        Student 
    where
        studentId=?
14:18:09,259 DEBUG BaseGeneralDataRegion:59 - Caching[foo.org.hibernate.cache.spi.UpdateTimestampsCache] : [Student] -> [5579090940964865]
14:18:09,259 DEBUG SQL:104 - 
    delete 
    from
        CourseMeeting 
    where
        courseCode=? 
        and day=? 
        and period=? 
        and location=?
14:18:09,267 DEBUG BaseGeneralDataRegion:59 - Caching[foo.org.hibernate.cache.spi.UpdateTimestampsCache] : [CourseMeeting] -> [5579090940997632]
14:18:09,268 DEBUG SQL:104 - 
    delete 
    from
        CourseMeeting 
    where
        courseCode=? 
        and day=? 
        and period=? 
        and location=?
14:18:09,268 DEBUG BaseGeneralDataRegion:59 - Caching[foo.org.hibernate.cache.spi.UpdateTimestampsCache] : [CourseMeeting] -> [5579090941001728]
14:18:09,268 DEBUG SQL:104 - 
    delete 
    from
        Course 
    where
        courseCode=?
14:18:09,268 DEBUG BaseGeneralDataRegion:59 - Caching[foo.org.hibernate.cache.spi.UpdateTimestampsCache] : [Course] -> [5579090941001729]
14:18:09,268 DEBUG BaseGeneralDataRegion:59 - Caching[foo.org.hibernate.cache.spi.UpdateTimestampsCache] : [Student] -> [5579090695241730]
14:18:09,269 DEBUG BaseGeneralDataRegion:59 - Caching[foo.org.hibernate.cache.spi.UpdateTimestampsCache] : [Course] -> [5579090695241730]
14:18:09,269 DEBUG BaseGeneralDataRegion:59 - Caching[foo.org.hibernate.cache.spi.UpdateTimestampsCache] : [Enrolment] -> [5579090695241730]
14:18:09,269 DEBUG BaseGeneralDataRegion:59 - Caching[foo.org.hibernate.cache.spi.UpdateTimestampsCache] : [Student_secretCodes] -> [5579090695241730]
14:18:09,269 DEBUG BaseGeneralDataRegion:59 - Caching[foo.org.hibernate.cache.spi.UpdateTimestampsCache] : [Address] -> [5579090695241730]
14:18:09,269 DEBUG BaseGeneralDataRegion:59 - Caching[foo.org.hibernate.cache.spi.UpdateTimestampsCache] : [CourseMeeting] -> [5579090695241730]
14:18:09,269  INFO CustomRunner:139 - Test: testAliasToBeanDtoMultiArgList
14:18:09,270 DEBUG SQL:104 - 
    select
        coursemeet_.courseCode,
        coursemeet_.day,
        coursemeet_.period,
        coursemeet_.location 
    from
        CourseMeeting coursemeet_ 
    where
        coursemeet_.courseCode=? 
        and coursemeet_.day=? 
        and coursemeet_.period=? 
        and coursemeet_.location=?
14:18:09,279 DEBUG SQL:104 - 
    select
        coursemeet_.courseCode,
        coursemeet_.day,
        coursemeet_.period,
        coursemeet_.location 
    from
        CourseMeeting coursemeet_ 
    where
        coursemeet_.courseCode=? 
        and coursemeet_.day=? 
        and coursemeet_.period=? 
        and coursemeet_.location=?
14:18:09,280 DEBUG SQL:104 - 
    insert 
    into
        Course
        (description, courseCode) 
    values
        (?, ?)
14:18:09,289 DEBUG BaseGeneralDataRegion:59 - Caching[foo.org.hibernate.cache.spi.UpdateTimestampsCache] : [Course] -> [5579090941087744]
14:18:09,289 DEBUG SQL:104 - 
    insert 
    into
        CourseMeeting
        (courseCode, day, period, location) 
    values
        (?, ?, ?, ?)
14:18:09,290 DEBUG BaseGeneralDataRegion:59 - Caching[foo.org.hibernate.cache.spi.UpdateTimestampsCache] : [CourseMeeting] -> [5579090941091840]
14:18:09,290 DEBUG SQL:104 - 
    insert 
    into
        CourseMeeting
        (courseCode, day, period, location) 
    values
        (?, ?, ?, ?)
14:18:09,290 DEBUG BaseGeneralDataRegion:59 - Caching[foo.org.hibernate.cache.spi.UpdateTimestampsCache] : [CourseMeeting] -> [5579090941091841]
14:18:09,290 DEBUG SQL:104 - 
    insert 
    into
        Student
        (name_first, name_middle, name_last, preferredCourseCode, studentId) 
    values
        (?, ?, ?, ?, ?)
14:18:09,290 DEBUG BaseGeneralDataRegion:59 - Caching[foo.org.hibernate.cache.spi.UpdateTimestampsCache] : [Student] -> [5579090941091842]
14:18:09,290 DEBUG SQL:104 - 
    insert 
    into
        Address
        (addressType, street, city, stateProvince, postalCode, country, studentNumber, id) 
    values
        (?, ?, ?, ?, ?, ?, ?, ?)
14:18:09,299 DEBUG BaseGeneralDataRegion:59 - Caching[foo.org.hibernate.cache.spi.UpdateTimestampsCache] : [Address] -> [5579090941128704]
14:18:09,299 DEBUG SQL:104 - 
    insert 
    into
        Address
        (addressType, street, city, stateProvince, postalCode, country, studentNumber, id) 
    values
        (?, ?, ?, ?, ?, ?, ?, ?)
14:18:09,299 DEBUG BaseGeneralDataRegion:59 - Caching[foo.org.hibernate.cache.spi.UpdateTimestampsCache] : [Address] -> [5579090941128705]
14:18:09,300 DEBUG SQL:104 - 
    insert 
    into
        Student
        (name_first, name_middle, name_last, preferredCourseCode, studentId) 
    values
        (?, ?, ?, ?, ?)
14:18:09,300 DEBUG BaseGeneralDataRegion:59 - Caching[foo.org.hibernate.cache.spi.UpdateTimestampsCache] : [Student] -> [5579090941132800]
14:18:09,300 DEBUG SQL:104 - 
    insert 
    into
        Enrolment
        (semester, "year", studentId, courseCode) 
    values
        (?, ?, ?, ?)
14:18:09,300 DEBUG BaseGeneralDataRegion:59 - Caching[foo.org.hibernate.cache.spi.UpdateTimestampsCache] : [Enrolment] -> [5579090941132801]
14:18:09,300 DEBUG SQL:104 - 
    insert 
    into
        Enrolment
        (semester, "year", studentId, courseCode) 
    values
        (?, ?, ?, ?)
14:18:09,300 DEBUG BaseGeneralDataRegion:59 - Caching[foo.org.hibernate.cache.spi.UpdateTimestampsCache] : [Enrolment] -> [5579090941132802]
14:18:09,301 DEBUG BaseGeneralDataRegion:59 - Caching[foo.org.hibernate.cache.spi.UpdateTimestampsCache] : [CourseMeeting] -> [5579090941136896]
14:18:09,301 DEBUG BaseGeneralDataRegion:59 - Caching[foo.org.hibernate.cache.spi.UpdateTimestampsCache] : [Enrolment] -> [5579090941136897]
14:18:09,301 DEBUG SQL:104 - 
    update
        Address 
    set
        studentNumber=?,
        addressType=? 
    where
        id=?
14:18:09,301 DEBUG SQL:104 - 
    update
        Address 
    set
        studentNumber=?,
        addressType=? 
    where
        id=?
14:18:09,301 DEBUG BaseGeneralDataRegion:59 - Caching[foo.org.hibernate.cache.spi.UpdateTimestampsCache] : [Address] -> [5579090941136898]
14:18:09,301 DEBUG SQL:104 - 
    insert 
    into
        Student_secretCodes
        (studentNumber, i, secretCode) 
    values
        (?, ?, ?)
14:18:09,314 DEBUG BaseGeneralDataRegion:59 - Caching[foo.org.hibernate.cache.spi.UpdateTimestampsCache] : [Student_secretCodes] -> [5579090941190144]
14:18:09,314 DEBUG BaseGeneralDataRegion:59 - Caching[foo.org.hibernate.cache.spi.UpdateTimestampsCache] : [Enrolment] -> [5579090941190145]
14:18:09,314 DEBUG BaseGeneralDataRegion:59 - Caching[foo.org.hibernate.cache.spi.UpdateTimestampsCache] : [Address] -> [5579090941190146]
14:18:09,314 DEBUG SQL:104 - 
    insert 
    into
        Student_secretCodes
        (studentNumber, i, secretCode) 
    values
        (?, ?, ?)
14:18:09,314 DEBUG SQL:104 - 
    insert 
    into
        Student_secretCodes
        (studentNumber, i, secretCode) 
    values
        (?, ?, ?)
14:18:09,315 DEBUG BaseGeneralDataRegion:59 - Caching[foo.org.hibernate.cache.spi.UpdateTimestampsCache] : [Student_secretCodes] -> [5579090941194240]
14:18:09,315 DEBUG BaseGeneralDataRegion:59 - Caching[foo.org.hibernate.cache.spi.UpdateTimestampsCache] : [Student] -> [5579090695434241]
14:18:09,315 DEBUG BaseGeneralDataRegion:59 - Caching[foo.org.hibernate.cache.spi.UpdateTimestampsCache] : [Course] -> [5579090695434241]
14:18:09,315 DEBUG BaseGeneralDataRegion:59 - Caching[foo.org.hibernate.cache.spi.UpdateTimestampsCache] : [Enrolment] -> [5579090695434241]
14:18:09,315 DEBUG BaseGeneralDataRegion:59 - Caching[foo.org.hibernate.cache.spi.UpdateTimestampsCache] : [Student_secretCodes] -> [5579090695434241]
14:18:09,315 DEBUG BaseGeneralDataRegion:59 - Caching[foo.org.hibernate.cache.spi.UpdateTimestampsCache] : [Address] -> [5579090695434241]
14:18:09,315 DEBUG BaseGeneralDataRegion:59 - Caching[foo.org.hibernate.cache.spi.UpdateTimestampsCache] : [CourseMeeting] -> [5579090695434241]
14:18:09,316 DEBUG SQL:104 - 
    select
        st1_.name_first as y0_,
        st1_.name_middle as y1_,
        st1_.name_last as y2_,
        co2_.description as y3_ 
    from
        Enrolment this_ 
    inner join
        Student st1_ 
            on this_.studentId=st1_.studentId 
    inner join
        Course co2_ 
            on this_.courseCode=co2_.courseCode 
    order by
        this_.studentId asc
14:18:09,324 DEBUG BaseGeneralDataRegion:59 - Caching[foo.org.hibernate.cache.internal.StandardQueryCache] : [sql: select st1_.name_first as y0_, st1_.name_middle as y1_, st1_.name_last as y2_, co2_.description as y3_ from Enrolment this_ inner join Student st1_ on this_.studentId=st1_.studentId inner join Course co2_ on this_.courseCode=co2_.courseCode order by this_.studentId asc; parameters: ; transformer: org.hibernate.transform.CacheableResultTransformer@1406bf] -> [[5579090695471104, [Ljava.io.Serializable;@c84ab90, [Ljava.io.Serializable;@5a1b815b]]
14:18:09,325 DEBUG SQL:104 - 
    select
        st1_.name_first as y0_,
        st1_.name_middle as y1_,
        st1_.name_last as y2_,
        co2_.description as y3_ 
    from
        Enrolment this_ 
    inner join
        Student st1_ 
            on this_.studentId=st1_.studentId 
    inner join
        Course co2_ 
            on this_.courseCode=co2_.courseCode 
    order by
        this_.studentId asc
14:18:09,325 DEBUG BaseGeneralDataRegion:59 - Caching[foo.org.hibernate.cache.internal.StandardQueryCache] : [sql: select st1_.name_first as y0_, st1_.name_middle as y1_, st1_.name_last as y2_, co2_.description as y3_ from Enrolment this_ inner join Student st1_ on this_.studentId=st1_.studentId inner join Course co2_ on this_.courseCode=co2_.courseCode order by this_.studentId asc; parameters: ; transformer: org.hibernate.transform.CacheableResultTransformer@1406bf] -> [[5579090695475201, [Ljava.io.Serializable;@618164b1, [Ljava.io.Serializable;@75f9d279]]
14:18:09,326 DEBUG SQL:104 - 
    select
        student_.studentId,
        student_.name_first as name2_4_,
        student_.name_middle as name3_4_,
        student_.name_last as name4_4_,
        student_.preferredCourseCode as preferre5_4_ 
    from
        Student student_ 
    where
        student_.studentId=?
14:18:09,326 DEBUG SQL:104 - 
    select
        enrolment_.studentId,
        enrolment_.courseCode,
        enrolment_.semester as semester3_,
        enrolment_."year" as year4_3_ 
    from
        Enrolment enrolment_ 
    where
        enrolment_.studentId=? 
        and enrolment_.courseCode=?
14:18:09,347 DEBUG SQL:104 - 
    select
        course_.courseCode,
        course_.description as descript2_1_ 
    from
        Course course_ 
    where
        course_.courseCode=?
14:18:09,348 DEBUG SQL:104 - 
    select
        student_.studentId,
        student_.name_first as name2_4_,
        student_.name_middle as name3_4_,
        student_.name_last as name4_4_,
        student_.preferredCourseCode as preferre5_4_ 
    from
        Student student_ 
    where
        student_.studentId=?
14:18:09,348 DEBUG SQL:104 - 
    select
        enrolment_.studentId,
        enrolment_.courseCode,
        enrolment_.semester as semester3_,
        enrolment_."year" as year4_3_ 
    from
        Enrolment enrolment_ 
    where
        enrolment_.studentId=? 
        and enrolment_.courseCode=?
14:18:09,357 DEBUG SQL:104 - 
    select
        coursemeet_.courseCode,
        coursemeet_.day,
        coursemeet_.period,
        coursemeet_.location 
    from
        CourseMeeting coursemeet_ 
    where
        coursemeet_.courseCode=? 
        and coursemeet_.day=? 
        and coursemeet_.period=? 
        and coursemeet_.location=?
14:18:09,358 DEBUG SQL:104 - 
    select
        coursemeet_.courseCode,
        coursemeet_.day,
        coursemeet_.period,
        coursemeet_.location 
    from
        CourseMeeting coursemeet_ 
    where
        coursemeet_.courseCode=? 
        and coursemeet_.day=? 
        and coursemeet_.period=? 
        and coursemeet_.location=?
14:18:09,368 DEBUG BaseGeneralDataRegion:59 - Caching[foo.org.hibernate.cache.spi.UpdateTimestampsCache] : [Enrolment] -> [5579090941411328]
14:18:09,368 DEBUG SQL:104 - 
    update
        Address 
    set
        studentNumber=null,
        addressType=null 
    where
        studentNumber=?
14:18:09,369 DEBUG BaseGeneralDataRegion:59 - Caching[foo.org.hibernate.cache.spi.UpdateTimestampsCache] : [Address] -> [5579090941415424]
14:18:09,369 DEBUG SQL:104 - 
    delete 
    from
        Student_secretCodes 
    where
        studentNumber=?
14:18:09,369 DEBUG BaseGeneralDataRegion:59 - Caching[foo.org.hibernate.cache.spi.UpdateTimestampsCache] : [Student_secretCodes] -> [5579090941415425]
14:18:09,369 DEBUG BaseGeneralDataRegion:59 - Caching[foo.org.hibernate.cache.spi.UpdateTimestampsCache] : [Enrolment] -> [5579090941415426]
14:18:09,369 DEBUG BaseGeneralDataRegion:59 - Caching[foo.org.hibernate.cache.spi.UpdateTimestampsCache] : [Address] -> [5579090941415427]
14:18:09,369 DEBUG SQL:104 - 
    delete 
    from
        Student_secretCodes 
    where
        studentNumber=?
14:18:09,379 DEBUG BaseGeneralDataRegion:59 - Caching[foo.org.hibernate.cache.spi.UpdateTimestampsCache] : [Student_secretCodes] -> [5579090941456384]
14:18:09,379 DEBUG BaseGeneralDataRegion:59 - Caching[foo.org.hibernate.cache.spi.UpdateTimestampsCache] : [CourseMeeting] -> [5579090941456385]
14:18:09,379 DEBUG SQL:104 - 
    delete 
    from
        Enrolment 
    where
        studentId=? 
        and courseCode=?
14:18:09,379 DEBUG BaseGeneralDataRegion:59 - Caching[foo.org.hibernate.cache.spi.UpdateTimestampsCache] : [Enrolment] -> [5579090941456386]
14:18:09,379 DEBUG SQL:104 - 
    delete 
    from
        Address 
    where
        id=?
14:18:09,380 DEBUG BaseGeneralDataRegion:59 - Caching[foo.org.hibernate.cache.spi.UpdateTimestampsCache] : [Address] -> [5579090941460480]
14:18:09,380 DEBUG SQL:104 - 
    delete 
    from
        Address 
    where
        id=?
14:18:09,380 DEBUG BaseGeneralDataRegion:59 - Caching[foo.org.hibernate.cache.spi.UpdateTimestampsCache] : [Address] -> [5579090941460481]
14:18:09,380 DEBUG SQL:104 - 
    delete 
    from
        Student 
    where
        studentId=?
14:18:09,389 DEBUG BaseGeneralDataRegion:59 - Caching[foo.org.hibernate.cache.spi.UpdateTimestampsCache] : [Student] -> [5579090941497344]
14:18:09,389 DEBUG SQL:104 - 
    delete 
    from
        Enrolment 
    where
        studentId=? 
        and courseCode=?
14:18:09,389 DEBUG BaseGeneralDataRegion:59 - Caching[foo.org.hibernate.cache.spi.UpdateTimestampsCache] : [Enrolment] -> [5579090941497345]
14:18:09,389 DEBUG SQL:104 - 
    delete 
    from
        Student 
    where
        studentId=?
14:18:09,390 DEBUG BaseGeneralDataRegion:59 - Caching[foo.org.hibernate.cache.spi.UpdateTimestampsCache] : [Student] -> [5579090941501440]
14:18:09,390 DEBUG SQL:104 - 
    delete 
    from
        CourseMeeting 
    where
        courseCode=? 
        and day=? 
        and period=? 
        and location=?
14:18:09,390 DEBUG BaseGeneralDataRegion:59 - Caching[foo.org.hibernate.cache.spi.UpdateTimestampsCache] : [CourseMeeting] -> [5579090941501441]
14:18:09,390 DEBUG SQL:104 - 
    delete 
    from
        CourseMeeting 
    where
        courseCode=? 
        and day=? 
        and period=? 
        and location=?
14:18:09,399 DEBUG BaseGeneralDataRegion:59 - Caching[foo.org.hibernate.cache.spi.UpdateTimestampsCache] : [CourseMeeting] -> [5579090941538304]
14:18:09,400 DEBUG SQL:104 - 
    delete 
    from
        Course 
    where
        courseCode=?
14:18:09,400 DEBUG BaseGeneralDataRegion:59 - Caching[foo.org.hibernate.cache.spi.UpdateTimestampsCache] : [Course] -> [5579090941542400]
14:18:09,400 DEBUG BaseGeneralDataRegion:59 - Caching[foo.org.hibernate.cache.spi.UpdateTimestampsCache] : [Student] -> [5579090695782401]
14:18:09,400 DEBUG BaseGeneralDataRegion:59 - Caching[foo.org.hibernate.cache.spi.UpdateTimestampsCache] : [Course] -> [5579090695782401]
14:18:09,400 DEBUG BaseGeneralDataRegion:59 - Caching[foo.org.hibernate.cache.spi.UpdateTimestampsCache] : [Enrolment] -> [5579090695782401]
14:18:09,400 DEBUG BaseGeneralDataRegion:59 - Caching[foo.org.hibernate.cache.spi.UpdateTimestampsCache] : [Student_secretCodes] -> [5579090695782401]
14:18:09,400 DEBUG BaseGeneralDataRegion:59 - Caching[foo.org.hibernate.cache.spi.UpdateTimestampsCache] : [Address] -> [5579090695782401]
14:18:09,400 DEBUG BaseGeneralDataRegion:59 - Caching[foo.org.hibernate.cache.spi.UpdateTimestampsCache] : [CourseMeeting] -> [5579090695782401]
14:18:09,401  INFO CustomRunner:139 - Test: testAliasToBeanDtoOneArgList
14:18:09,402 DEBUG SQL:104 - 
    select
        coursemeet_.courseCode,
        coursemeet_.day,
        coursemeet_.period,
        coursemeet_.location 
    from
        CourseMeeting coursemeet_ 
    where
        coursemeet_.courseCode=? 
        and coursemeet_.day=? 
        and coursemeet_.period=? 
        and coursemeet_.location=?
14:18:09,410 DEBUG SQL:104 - 
    select
        coursemeet_.courseCode,
        coursemeet_.day,
        coursemeet_.period,
        coursemeet_.location 
    from
        CourseMeeting coursemeet_ 
    where
        coursemeet_.courseCode=? 
        and coursemeet_.day=? 
        and coursemeet_.period=? 
        and coursemeet_.location=?
14:18:09,411 DEBUG SQL:104 - 
    insert 
    into
        Course
        (description, courseCode) 
    values
        (?, ?)
14:18:09,411 DEBUG BaseGeneralDataRegion:59 - Caching[foo.org.hibernate.cache.spi.UpdateTimestampsCache] : [Course] -> [5579090941587456]
14:18:09,411 DEBUG SQL:104 - 
    insert 
    into
        CourseMeeting
        (courseCode, day, period, location) 
    values
        (?, ?, ?, ?)
14:18:09,420 DEBUG BaseGeneralDataRegion:59 - Caching[foo.org.hibernate.cache.spi.UpdateTimestampsCache] : [CourseMeeting] -> [5579090941624320]
14:18:09,420 DEBUG SQL:104 - 
    insert 
    into
        CourseMeeting
        (courseCode, day, period, location) 
    values
        (?, ?, ?, ?)
14:18:09,421 DEBUG BaseGeneralDataRegion:59 - Caching[foo.org.hibernate.cache.spi.UpdateTimestampsCache] : [CourseMeeting] -> [5579090941628416]
14:18:09,421 DEBUG SQL:104 - 
    insert 
    into
        Student
        (name_first, name_middle, name_last, preferredCourseCode, studentId) 
    values
        (?, ?, ?, ?, ?)
14:18:09,421 DEBUG BaseGeneralDataRegion:59 - Caching[foo.org.hibernate.cache.spi.UpdateTimestampsCache] : [Student] -> [5579090941628417]
14:18:09,421 DEBUG SQL:104 - 
    insert 
    into
        Address
        (addressType, street, city, stateProvince, postalCode, country, studentNumber, id) 
    values
        (?, ?, ?, ?, ?, ?, ?, ?)
14:18:09,421 DEBUG BaseGeneralDataRegion:59 - Caching[foo.org.hibernate.cache.spi.UpdateTimestampsCache] : [Address] -> [5579090941628418]
14:18:09,421 DEBUG SQL:104 - 
    insert 
    into
        Address
        (addressType, street, city, stateProvince, postalCode, country, studentNumber, id) 
    values
        (?, ?, ?, ?, ?, ?, ?, ?)
14:18:09,468 DEBUG BaseGeneralDataRegion:59 - Caching[foo.org.hibernate.cache.spi.UpdateTimestampsCache] : [Address] -> [5579090941820928]
14:18:09,469 DEBUG SQL:104 - 
    insert 
    into
        Student
        (name_first, name_middle, name_last, preferredCourseCode, studentId) 
    values
        (?, ?, ?, ?, ?)
14:18:09,469 DEBUG BaseGeneralDataRegion:59 - Caching[foo.org.hibernate.cache.spi.UpdateTimestampsCache] : [Student] -> [5579090941825024]
14:18:09,469 DEBUG SQL:104 - 
    insert 
    into
        Enrolment
        (semester, "year", studentId, courseCode) 
    values
        (?, ?, ?, ?)
14:18:09,469 DEBUG BaseGeneralDataRegion:59 - Caching[foo.org.hibernate.cache.spi.UpdateTimestampsCache] : [Enrolment] -> [5579090941825025]
14:18:09,469 DEBUG SQL:104 - 
    insert 
    into
        Enrolment
        (semester, "year", studentId, courseCode) 
    values
        (?, ?, ?, ?)
14:18:09,470 DEBUG BaseGeneralDataRegion:59 - Caching[foo.org.hibernate.cache.spi.UpdateTimestampsCache] : [Enrolment] -> [5579090941829120]
14:18:09,470 DEBUG BaseGeneralDataRegion:59 - Caching[foo.org.hibernate.cache.spi.UpdateTimestampsCache] : [CourseMeeting] -> [5579090941829121]
14:18:09,470 DEBUG BaseGeneralDataRegion:59 - Caching[foo.org.hibernate.cache.spi.UpdateTimestampsCache] : [Enrolment] -> [5579090941829122]
14:18:09,470 DEBUG SQL:104 - 
    update
        Address 
    set
        studentNumber=?,
        addressType=? 
    where
        id=?
14:18:09,470 DEBUG SQL:104 - 
    update
        Address 
    set
        studentNumber=?,
        addressType=? 
    where
        id=?
14:18:09,471 DEBUG BaseGeneralDataRegion:59 - Caching[foo.org.hibernate.cache.spi.UpdateTimestampsCache] : [Address] -> [5579090941833216]
14:18:09,471 DEBUG SQL:104 - 
    insert 
    into
        Student_secretCodes
        (studentNumber, i, secretCode) 
    values
        (?, ?, ?)
14:18:09,471 DEBUG BaseGeneralDataRegion:59 - Caching[foo.org.hibernate.cache.spi.UpdateTimestampsCache] : [Student_secretCodes] -> [5579090941833217]
14:18:09,471 DEBUG BaseGeneralDataRegion:59 - Caching[foo.org.hibernate.cache.spi.UpdateTimestampsCache] : [Enrolment] -> [5579090941833218]
14:18:09,471 DEBUG BaseGeneralDataRegion:59 - Caching[foo.org.hibernate.cache.spi.UpdateTimestampsCache] : [Address] -> [5579090941833219]
14:18:09,471 DEBUG SQL:104 - 
    insert 
    into
        Student_secretCodes
        (studentNumber, i, secretCode) 
    values
        (?, ?, ?)
14:18:09,471 DEBUG SQL:104 - 
    insert 
    into
        Student_secretCodes
        (studentNumber, i, secretCode) 
    values
        (?, ?, ?)
14:18:09,472 DEBUG BaseGeneralDataRegion:59 - Caching[foo.org.hibernate.cache.spi.UpdateTimestampsCache] : [Student_secretCodes] -> [5579090941837312]
14:18:09,472 DEBUG BaseGeneralDataRegion:59 - Caching[foo.org.hibernate.cache.spi.UpdateTimestampsCache] : [Student] -> [5579090696077313]
14:18:09,472 DEBUG BaseGeneralDataRegion:59 - Caching[foo.org.hibernate.cache.spi.UpdateTimestampsCache] : [Course] -> [5579090696077313]
14:18:09,472 DEBUG BaseGeneralDataRegion:59 - Caching[foo.org.hibernate.cache.spi.UpdateTimestampsCache] : [Enrolment] -> [5579090696077313]
14:18:09,472 DEBUG BaseGeneralDataRegion:59 - Caching[foo.org.hibernate.cache.spi.UpdateTimestampsCache] : [Student_secretCodes] -> [5579090696077313]
14:18:09,472 DEBUG BaseGeneralDataRegion:59 - Caching[foo.org.hibernate.cache.spi.UpdateTimestampsCache] : [Address] -> [5579090696077313]
14:18:09,472 DEBUG BaseGeneralDataRegion:59 - Caching[foo.org.hibernate.cache.spi.UpdateTimestampsCache] : [CourseMeeting] -> [5579090696077313]
14:18:09,473 DEBUG SQL:104 - 
    select
        st1_.name_first as y0_,
        st1_.name_middle as y1_,
        st1_.name_last as y2_ 
    from
        Enrolment this_ 
    inner join
        Student st1_ 
            on this_.studentId=st1_.studentId 
    inner join
        Course co2_ 
            on this_.courseCode=co2_.courseCode 
    order by
        st1_.studentId asc
14:18:09,481 DEBUG BaseGeneralDataRegion:59 - Caching[foo.org.hibernate.cache.internal.StandardQueryCache] : [sql: select st1_.name_first as y0_, st1_.name_middle as y1_, st1_.name_last as y2_ from Enrolment this_ inner join Student st1_ on this_.studentId=st1_.studentId inner join Course co2_ on this_.courseCode=co2_.courseCode order by st1_.studentId asc; parameters: ; transformer: org.hibernate.transform.CacheableResultTransformer@110f2] -> [[5579090696110080, [Ljava.lang.Object;@77688d76, [Ljava.lang.Object;@711f7b38]]
14:18:09,481 DEBUG SQL:104 - 
    select
        st1_.name_first as y0_,
        st1_.name_middle as y1_,
        st1_.name_last as y2_ 
    from
        Enrolment this_ 
    inner join
        Student st1_ 
            on this_.studentId=st1_.studentId 
    inner join
        Course co2_ 
            on this_.courseCode=co2_.courseCode 
    order by
        st1_.studentId asc
14:18:09,482 DEBUG BaseGeneralDataRegion:59 - Caching[foo.org.hibernate.cache.internal.StandardQueryCache] : [sql: select st1_.name_first as y0_, st1_.name_middle as y1_, st1_.name_last as y2_ from Enrolment this_ inner join Student st1_ on this_.studentId=st1_.studentId inner join Course co2_ on this_.courseCode=co2_.courseCode order by st1_.studentId asc; parameters: ; transformer: org.hibernate.transform.CacheableResultTransformer@110f2] -> [[5579090696118272, [Ljava.lang.Object;@2544e4b0, [Ljava.lang.Object;@4e01f1ed]]
14:18:09,482 DEBUG SQL:104 - 
    select
        student_.studentId,
        student_.name_first as name2_4_,
        student_.name_middle as name3_4_,
        student_.name_last as name4_4_,
        student_.preferredCourseCode as preferre5_4_ 
    from
        Student student_ 
    where
        student_.studentId=?
14:18:09,482 DEBUG SQL:104 - 
    select
        enrolment_.studentId,
        enrolment_.courseCode,
        enrolment_.semester as semester3_,
        enrolment_."year" as year4_3_ 
    from
        Enrolment enrolment_ 
    where
        enrolment_.studentId=? 
        and enrolment_.courseCode=?
14:18:09,483 DEBUG SQL:104 - 
    select
        course_.courseCode,
        course_.description as descript2_1_ 
    from
        Course course_ 
    where
        course_.courseCode=?
14:18:09,504 DEBUG SQL:104 - 
    select
        student_.studentId,
        student_.name_first as name2_4_,
        student_.name_middle as name3_4_,
        student_.name_last as name4_4_,
        student_.preferredCourseCode as preferre5_4_ 
    from
        Student student_ 
    where
        student_.studentId=?
14:18:09,504 DEBUG SQL:104 - 
    select
        enrolment_.studentId,
        enrolment_.courseCode,
        enrolment_.semester as semester3_,
        enrolment_."year" as year4_3_ 
    from
        Enrolment enrolment_ 
    where
        enrolment_.studentId=? 
        and enrolment_.courseCode=?
14:18:09,514 DEBUG SQL:104 - 
    select
        coursemeet_.courseCode,
        coursemeet_.day,
        coursemeet_.period,
        coursemeet_.location 
    from
        CourseMeeting coursemeet_ 
    where
        coursemeet_.courseCode=? 
        and coursemeet_.day=? 
        and coursemeet_.period=? 
        and coursemeet_.location=?
14:18:09,514 DEBUG SQL:104 - 
    select
        coursemeet_.courseCode,
        coursemeet_.day,
        coursemeet_.period,
        coursemeet_.location 
    from
        CourseMeeting coursemeet_ 
    where
        coursemeet_.courseCode=? 
        and coursemeet_.day=? 
        and coursemeet_.period=? 
        and coursemeet_.location=?
14:18:09,515 DEBUG BaseGeneralDataRegion:59 - Caching[foo.org.hibernate.cache.spi.UpdateTimestampsCache] : [Enrolment] -> [5579090942013440]
14:18:09,515 DEBUG SQL:104 - 
    update
        Address 
    set
        studentNumber=null,
        addressType=null 
    where
        studentNumber=?
14:18:09,524 DEBUG BaseGeneralDataRegion:59 - Caching[foo.org.hibernate.cache.spi.UpdateTimestampsCache] : [Address] -> [5579090942050304]
14:18:09,524 DEBUG SQL:104 - 
    delete 
    from
        Student_secretCodes 
    where
        studentNumber=?
14:18:09,524 DEBUG BaseGeneralDataRegion:59 - Caching[foo.org.hibernate.cache.spi.UpdateTimestampsCache] : [Student_secretCodes] -> [5579090942050305]
14:18:09,524 DEBUG BaseGeneralDataRegion:59 - Caching[foo.org.hibernate.cache.spi.UpdateTimestampsCache] : [Enrolment] -> [5579090942050306]
14:18:09,524 DEBUG BaseGeneralDataRegion:59 - Caching[foo.org.hibernate.cache.spi.UpdateTimestampsCache] : [Address] -> [5579090942050307]
14:18:09,525 DEBUG SQL:104 - 
    delete 
    from
        Student_secretCodes 
    where
        studentNumber=?
14:18:09,525 DEBUG BaseGeneralDataRegion:59 - Caching[foo.org.hibernate.cache.spi.UpdateTimestampsCache] : [Student_secretCodes] -> [5579090942054400]
14:18:09,525 DEBUG BaseGeneralDataRegion:59 - Caching[foo.org.hibernate.cache.spi.UpdateTimestampsCache] : [CourseMeeting] -> [5579090942054401]
14:18:09,525 DEBUG SQL:104 - 
    delete 
    from
        Enrolment 
    where
        studentId=? 
        and courseCode=?
14:18:09,534 DEBUG BaseGeneralDataRegion:59 - Caching[foo.org.hibernate.cache.spi.UpdateTimestampsCache] : [Enrolment] -> [5579090942091264]
14:18:09,534 DEBUG SQL:104 - 
    delete 
    from
        Address 
    where
        id=?
14:18:09,534 DEBUG BaseGeneralDataRegion:59 - Caching[foo.org.hibernate.cache.spi.UpdateTimestampsCache] : [Address] -> [5579090942091265]
14:18:09,534 DEBUG SQL:104 - 
    delete 
    from
        Address 
    where
        id=?
14:18:09,534 DEBUG BaseGeneralDataRegion:59 - Caching[foo.org.hibernate.cache.spi.UpdateTimestampsCache] : [Address] -> [5579090942091266]
14:18:09,534 DEBUG SQL:104 - 
    delete 
    from
        Student 
    where
        studentId=?
14:18:09,535 DEBUG BaseGeneralDataRegion:59 - Caching[foo.org.hibernate.cache.spi.UpdateTimestampsCache] : [Student] -> [5579090942095360]
14:18:09,535 DEBUG SQL:104 - 
    delete 
    from
        Enrolment 
    where
        studentId=? 
        and courseCode=?
14:18:09,535 DEBUG BaseGeneralDataRegion:59 - Caching[foo.org.hibernate.cache.spi.UpdateTimestampsCache] : [Enrolment] -> [5579090942095361]
14:18:09,543 DEBUG SQL:104 - 
    delete 
    from
        Student 
    where
        studentId=?
14:18:09,543 DEBUG BaseGeneralDataRegion:59 - Caching[foo.org.hibernate.cache.spi.UpdateTimestampsCache] : [Student] -> [5579090942128128]
14:18:09,543 DEBUG SQL:104 - 
    delete 
    from
        CourseMeeting 
    where
        courseCode=? 
        and day=? 
        and period=? 
        and location=?
14:18:09,543 DEBUG BaseGeneralDataRegion:59 - Caching[foo.org.hibernate.cache.spi.UpdateTimestampsCache] : [CourseMeeting] -> [5579090942128129]
14:18:09,544 DEBUG SQL:104 - 
    delete 
    from
        CourseMeeting 
    where
        courseCode=? 
        and day=? 
        and period=? 
        and location=?
14:18:09,544 DEBUG BaseGeneralDataRegion:59 - Caching[foo.org.hibernate.cache.spi.UpdateTimestampsCache] : [CourseMeeting] -> [5579090942132224]
14:18:09,544 DEBUG SQL:104 - 
    delete 
    from
        Course 
    where
        courseCode=?
14:18:09,553 DEBUG BaseGeneralDataRegion:59 - Caching[foo.org.hibernate.cache.spi.UpdateTimestampsCache] : [Course] -> [5579090942169088]
14:18:09,553 DEBUG BaseGeneralDataRegion:59 - Caching[foo.org.hibernate.cache.spi.UpdateTimestampsCache] : [Student] -> [5579090696409089]
14:18:09,554 DEBUG BaseGeneralDataRegion:59 - Caching[foo.org.hibernate.cache.spi.UpdateTimestampsCache] : [Course] -> [5579090696409089]
14:18:09,554 DEBUG BaseGeneralDataRegion:59 - Caching[foo.org.hibernate.cache.spi.UpdateTimestampsCache] : [Enrolment] -> [5579090696409089]
14:18:09,554 DEBUG BaseGeneralDataRegion:59 - Caching[foo.org.hibernate.cache.spi.UpdateTimestampsCache] : [Student_secretCodes] -> [5579090696409089]
14:18:09,554 DEBUG BaseGeneralDataRegion:59 - Caching[foo.org.hibernate.cache.spi.UpdateTimestampsCache] : [Address] -> [5579090696409089]
14:18:09,554 DEBUG BaseGeneralDataRegion:59 - Caching[foo.org.hibernate.cache.spi.UpdateTimestampsCache] : [CourseMeeting] -> [5579090696409089]
14:18:09,554  INFO CustomRunner:139 - Test: testAliasToBeanDtoWithNullAliasList
14:18:09,555 DEBUG SQL:104 - 
    select
        coursemeet_.courseCode,
        coursemeet_.day,
        coursemeet_.period,
        coursemeet_.location 
    from
        CourseMeeting coursemeet_ 
    where
        coursemeet_.courseCode=? 
        and coursemeet_.day=? 
        and coursemeet_.period=? 
        and coursemeet_.location=?
14:18:09,556 DEBUG SQL:104 - 
    select
        coursemeet_.courseCode,
        coursemeet_.day,
        coursemeet_.period,
        coursemeet_.location 
    from
        CourseMeeting coursemeet_ 
    where
        coursemeet_.courseCode=? 
        and coursemeet_.day=? 
        and coursemeet_.period=? 
        and coursemeet_.location=?
14:18:09,557 DEBUG SQL:104 - 
    insert 
    into
        Course
        (description, courseCode) 
    values
        (?, ?)
14:18:09,557 DEBUG BaseGeneralDataRegion:59 - Caching[foo.org.hibernate.cache.spi.UpdateTimestampsCache] : [Course] -> [5579090942185472]
14:18:09,557 DEBUG SQL:104 - 
    insert 
    into
        CourseMeeting
        (courseCode, day, period, location) 
    values
        (?, ?, ?, ?)
14:18:09,557 DEBUG BaseGeneralDataRegion:59 - Caching[foo.org.hibernate.cache.spi.UpdateTimestampsCache] : [CourseMeeting] -> [5579090942185473]
14:18:09,557 DEBUG SQL:104 - 
    insert 
    into
        CourseMeeting
        (courseCode, day, period, location) 
    values
        (?, ?, ?, ?)
14:18:09,565 DEBUG BaseGeneralDataRegion:59 - Caching[foo.org.hibernate.cache.spi.UpdateTimestampsCache] : [CourseMeeting] -> [5579090942218240]
14:18:09,565 DEBUG SQL:104 - 
    insert 
    into
        Student
        (name_first, name_middle, name_last, preferredCourseCode, studentId) 
    values
        (?, ?, ?, ?, ?)
14:18:09,565 DEBUG BaseGeneralDataRegion:59 - Caching[foo.org.hibernate.cache.spi.UpdateTimestampsCache] : [Student] -> [5579090942218241]
14:18:09,565 DEBUG SQL:104 - 
    insert 
    into
        Address
        (addressType, street, city, stateProvince, postalCode, country, studentNumber, id) 
    values
        (?, ?, ?, ?, ?, ?, ?, ?)
14:18:09,565 DEBUG BaseGeneralDataRegion:59 - Caching[foo.org.hibernate.cache.spi.UpdateTimestampsCache] : [Address] -> [5579090942218242]
14:18:09,566 DEBUG SQL:104 - 
    insert 
    into
        Address
        (addressType, street, city, stateProvince, postalCode, country, studentNumber, id) 
    values
        (?, ?, ?, ?, ?, ?, ?, ?)
14:18:09,566 DEBUG BaseGeneralDataRegion:59 - Caching[foo.org.hibernate.cache.spi.UpdateTimestampsCache] : [Address] -> [5579090942222336]
14:18:09,566 DEBUG SQL:104 - 
    insert 
    into
        Student
        (name_first, name_middle, name_last, preferredCourseCode, studentId) 
    values
        (?, ?, ?, ?, ?)
14:18:09,576 DEBUG BaseGeneralDataRegion:59 - Caching[foo.org.hibernate.cache.spi.UpdateTimestampsCache] : [Student] -> [5579090942263296]
14:18:09,576 DEBUG SQL:104 - 
    insert 
    into
        Enrolment
        (semester, "year", studentId, courseCode) 
    values
        (?, ?, ?, ?)
14:18:09,577 DEBUG BaseGeneralDataRegion:59 - Caching[foo.org.hibernate.cache.spi.UpdateTimestampsCache] : [Enrolment] -> [5579090942267392]
14:18:09,577 DEBUG SQL:104 - 
    insert 
    into
        Enrolment
        (semester, "year", studentId, courseCode) 
    values
        (?, ?, ?, ?)
14:18:09,577 DEBUG BaseGeneralDataRegion:59 - Caching[foo.org.hibernate.cache.spi.UpdateTimestampsCache] : [Enrolment] -> [5579090942267393]
14:18:09,577 DEBUG BaseGeneralDataRegion:59 - Caching[foo.org.hibernate.cache.spi.UpdateTimestampsCache] : [CourseMeeting] -> [5579090942267394]
14:18:09,577 DEBUG BaseGeneralDataRegion:59 - Caching[foo.org.hibernate.cache.spi.UpdateTimestampsCache] : [Enrolment] -> [5579090942267395]
14:18:09,577 DEBUG SQL:104 - 
    update
        Address 
    set
        studentNumber=?,
        addressType=? 
    where
        id=?
14:18:09,577 DEBUG SQL:104 - 
    update
        Address 
    set
        studentNumber=?,
        addressType=? 
    where
        id=?
14:18:09,578 DEBUG BaseGeneralDataRegion:59 - Caching[foo.org.hibernate.cache.spi.UpdateTimestampsCache] : [Address] -> [5579090942271488]
14:18:09,578 DEBUG SQL:104 - 
    insert 
    into
        Student_secretCodes
        (studentNumber, i, secretCode) 
    values
        (?, ?, ?)
14:18:09,604 DEBUG BaseGeneralDataRegion:59 - Caching[foo.org.hibernate.cache.spi.UpdateTimestampsCache] : [Student_secretCodes] -> [5579090942377984]
14:18:09,604 DEBUG BaseGeneralDataRegion:59 - Caching[foo.org.hibernate.cache.spi.UpdateTimestampsCache] : [Enrolment] -> [5579090942377985]
14:18:09,604 DEBUG BaseGeneralDataRegion:59 - Caching[foo.org.hibernate.cache.spi.UpdateTimestampsCache] : [Address] -> [5579090942377986]
14:18:09,604 DEBUG SQL:104 - 
    insert 
    into
        Student_secretCodes
        (studentNumber, i, secretCode) 
    values
        (?, ?, ?)
14:18:09,604 DEBUG SQL:104 - 
    insert 
    into
        Student_secretCodes
        (studentNumber, i, secretCode) 
    values
        (?, ?, ?)
14:18:09,605 DEBUG BaseGeneralDataRegion:59 - Caching[foo.org.hibernate.cache.spi.UpdateTimestampsCache] : [Student_secretCodes] -> [5579090942382080]
14:18:09,605 DEBUG BaseGeneralDataRegion:59 - Caching[foo.org.hibernate.cache.spi.UpdateTimestampsCache] : [Student] -> [5579090696622081]
14:18:09,605 DEBUG BaseGeneralDataRegion:59 - Caching[foo.org.hibernate.cache.spi.UpdateTimestampsCache] : [Course] -> [5579090696622081]
14:18:09,605 DEBUG BaseGeneralDataRegion:59 - Caching[foo.org.hibernate.cache.spi.UpdateTimestampsCache] : [Enrolment] -> [5579090696622081]
14:18:09,605 DEBUG BaseGeneralDataRegion:59 - Caching[foo.org.hibernate.cache.spi.UpdateTimestampsCache] : [Student_secretCodes] -> [5579090696622081]
14:18:09,605 DEBUG BaseGeneralDataRegion:59 - Caching[foo.org.hibernate.cache.spi.UpdateTimestampsCache] : [Address] -> [5579090696622081]
14:18:09,605 DEBUG BaseGeneralDataRegion:59 - Caching[foo.org.hibernate.cache.spi.UpdateTimestampsCache] : [CourseMeeting] -> [5579090696622081]
14:18:09,606 DEBUG SQL:104 - 
    select
        st1_.name_first as y0_,
        st1_.name_middle as y1_,
        st1_.name_last as y2_,
        st1_.studentId as y3_,
        co2_.description as y4_ 
    from
        Enrolment this_ 
    inner join
        Student st1_ 
            on this_.studentId=st1_.studentId 
    inner join
        Course co2_ 
            on this_.courseCode=co2_.courseCode 
    order by
        this_.studentId asc
14:18:09,606 DEBUG BaseGeneralDataRegion:59 - Caching[foo.org.hibernate.cache.internal.StandardQueryCache] : [sql: select st1_.name_first as y0_, st1_.name_middle as y1_, st1_.name_last as y2_, st1_.studentId as y3_, co2_.description as y4_ from Enrolment this_ inner join Student st1_ on this_.studentId=st1_.studentId inner join Course co2_ on this_.courseCode=co2_.courseCode order by this_.studentId asc; parameters: ; transformer: org.hibernate.transform.CacheableResultTransformer@251b6d4] -> [[5579090696626176, [Ljava.io.Serializable;@77c33be7, [Ljava.io.Serializable;@3291f81e]]
14:18:09,607 DEBUG SQL:104 - 
    select
        st1_.name_first as y0_,
        st1_.name_middle as y1_,
        st1_.name_last as y2_,
        st1_.studentId as y3_,
        co2_.description as y4_ 
    from
        Enrolment this_ 
    inner join
        Student st1_ 
            on this_.studentId=st1_.studentId 
    inner join
        Course co2_ 
            on this_.courseCode=co2_.courseCode 
    order by
        this_.studentId asc
14:18:09,607 DEBUG BaseGeneralDataRegion:59 - Caching[foo.org.hibernate.cache.internal.StandardQueryCache] : [sql: select st1_.name_first as y0_, st1_.name_middle as y1_, st1_.name_last as y2_, st1_.studentId as y3_, co2_.description as y4_ from Enrolment this_ inner join Student st1_ on this_.studentId=st1_.studentId inner join Course co2_ on this_.courseCode=co2_.courseCode order by this_.studentId asc; parameters: ; transformer: org.hibernate.transform.CacheableResultTransformer@251b6d4] -> [[5579090696630274, [Ljava.io.Serializable;@731a06fd, [Ljava.io.Serializable;@31c10714]]
14:18:09,608 DEBUG SQL:104 - 
    select
        student_.studentId,
        student_.name_first as name2_4_,
        student_.name_middle as name3_4_,
        student_.name_last as name4_4_,
        student_.preferredCourseCode as preferre5_4_ 
    from
        Student student_ 
    where
        student_.studentId=?
14:18:09,608 DEBUG SQL:104 - 
    select
        enrolment_.studentId,
        enrolment_.courseCode,
        enrolment_.semester as semester3_,
        enrolment_."year" as year4_3_ 
    from
        Enrolment enrolment_ 
    where
        enrolment_.studentId=? 
        and enrolment_.courseCode=?
14:18:09,625 DEBUG SQL:104 - 
    select
        course_.courseCode,
        course_.description as descript2_1_ 
    from
        Course course_ 
    where
        course_.courseCode=?
14:18:09,626 DEBUG SQL:104 - 
    select
        student_.studentId,
        student_.name_first as name2_4_,
        student_.name_middle as name3_4_,
        student_.name_last as name4_4_,
        student_.preferredCourseCode as preferre5_4_ 
    from
        Student student_ 
    where
        student_.studentId=?
14:18:09,634 DEBUG SQL:104 - 
    select
        enrolment_.studentId,
        enrolment_.courseCode,
        enrolment_.semester as semester3_,
        enrolment_."year" as year4_3_ 
    from
        Enrolment enrolment_ 
    where
        enrolment_.studentId=? 
        and enrolment_.courseCode=?
14:18:09,635 DEBUG SQL:104 - 
    select
        coursemeet_.courseCode,
        coursemeet_.day,
        coursemeet_.period,
        coursemeet_.location 
    from
        CourseMeeting coursemeet_ 
    where
        coursemeet_.courseCode=? 
        and coursemeet_.day=? 
        and coursemeet_.period=? 
        and coursemeet_.location=?
14:18:09,635 DEBUG SQL:104 - 
    select
        coursemeet_.courseCode,
        coursemeet_.day,
        coursemeet_.period,
        coursemeet_.location 
    from
        CourseMeeting coursemeet_ 
    where
        coursemeet_.courseCode=? 
        and coursemeet_.day=? 
        and coursemeet_.period=? 
        and coursemeet_.location=?
14:18:09,647 DEBUG BaseGeneralDataRegion:59 - Caching[foo.org.hibernate.cache.spi.UpdateTimestampsCache] : [Enrolment] -> [5579090942554112]
14:18:09,647 DEBUG SQL:104 - 
    update
        Address 
    set
        studentNumber=null,
        addressType=null 
    where
        studentNumber=?
14:18:09,647 DEBUG BaseGeneralDataRegion:59 - Caching[foo.org.hibernate.cache.spi.UpdateTimestampsCache] : [Address] -> [5579090942554113]
14:18:09,647 DEBUG SQL:104 - 
    delete 
    from
        Student_secretCodes 
    where
        studentNumber=?
14:18:09,648 DEBUG BaseGeneralDataRegion:59 - Caching[foo.org.hibernate.cache.spi.UpdateTimestampsCache] : [Student_secretCodes] -> [5579090942558208]
14:18:09,648 DEBUG BaseGeneralDataRegion:59 - Caching[foo.org.hibernate.cache.spi.UpdateTimestampsCache] : [Enrolment] -> [5579090942558209]
14:18:09,648 DEBUG BaseGeneralDataRegion:59 - Caching[foo.org.hibernate.cache.spi.UpdateTimestampsCache] : [Address] -> [5579090942558210]
14:18:09,648 DEBUG SQL:104 - 
    delete 
    from
        Student_secretCodes 
    where
        studentNumber=?
14:18:09,656 DEBUG BaseGeneralDataRegion:59 - Caching[foo.org.hibernate.cache.spi.UpdateTimestampsCache] : [Student_secretCodes] -> [5579090942590976]
14:18:09,657 DEBUG BaseGeneralDataRegion:59 - Caching[foo.org.hibernate.cache.spi.UpdateTimestampsCache] : [CourseMeeting] -> [5579090942595072]
14:18:09,657 DEBUG SQL:104 - 
    delete 
    from
        Enrolment 
    where
        studentId=? 
        and courseCode=?
14:18:09,657 DEBUG BaseGeneralDataRegion:59 - Caching[foo.org.hibernate.cache.spi.UpdateTimestampsCache] : [Enrolment] -> [5579090942595073]
14:18:09,657 DEBUG SQL:104 - 
    delete 
    from
        Address 
    where
        id=?
14:18:09,657 DEBUG BaseGeneralDataRegion:59 - Caching[foo.org.hibernate.cache.spi.UpdateTimestampsCache] : [Address] -> [5579090942595074]
14:18:09,657 DEBUG SQL:104 - 
    delete 
    from
        Address 
    where
        id=?
14:18:09,658 DEBUG BaseGeneralDataRegion:59 - Caching[foo.org.hibernate.cache.spi.UpdateTimestampsCache] : [Address] -> [5579090942599168]
14:18:09,658 DEBUG SQL:104 - 
    delete 
    from
        Student 
    where
        studentId=?
14:18:09,666 DEBUG BaseGeneralDataRegion:59 - Caching[foo.org.hibernate.cache.spi.UpdateTimestampsCache] : [Student] -> [5579090942631936]
14:18:09,666 DEBUG SQL:104 - 
    delete 
    from
        Enrolment 
    where
        studentId=? 
        and courseCode=?
14:18:09,666 DEBUG BaseGeneralDataRegion:59 - Caching[foo.org.hibernate.cache.spi.UpdateTimestampsCache] : [Enrolment] -> [5579090942631937]
14:18:09,667 DEBUG SQL:104 - 
    delete 
    from
        Student 
    where
        studentId=?
14:18:09,667 DEBUG BaseGeneralDataRegion:59 - Caching[foo.org.hibernate.cache.spi.UpdateTimestampsCache] : [Student] -> [5579090942636032]
14:18:09,667 DEBUG SQL:104 - 
    delete 
    from
        CourseMeeting 
    where
        courseCode=? 
        and day=? 
        and period=? 
        and location=?
14:18:09,667 DEBUG BaseGeneralDataRegion:59 - Caching[foo.org.hibernate.cache.spi.UpdateTimestampsCache] : [CourseMeeting] -> [5579090942636033]
14:18:09,667 DEBUG SQL:104 - 
    delete 
    from
        CourseMeeting 
    where
        courseCode=? 
        and day=? 
        and period=? 
        and location=?
14:18:09,676 DEBUG BaseGeneralDataRegion:59 - Caching[foo.org.hibernate.cache.spi.UpdateTimestampsCache] : [CourseMeeting] -> [5579090942672896]
14:18:09,676 DEBUG SQL:104 - 
    delete 
    from
        Course 
    where
        courseCode=?
14:18:09,677 DEBUG BaseGeneralDataRegion:59 - Caching[foo.org.hibernate.cache.spi.UpdateTimestampsCache] : [Course] -> [5579090942676992]
14:18:09,677 DEBUG BaseGeneralDataRegion:59 - Caching[foo.org.hibernate.cache.spi.UpdateTimestampsCache] : [Student] -> [5579090696916993]
14:18:09,677 DEBUG BaseGeneralDataRegion:59 - Caching[foo.org.hibernate.cache.spi.UpdateTimestampsCache] : [Course] -> [5579090696916993]
14:18:09,677 DEBUG BaseGeneralDataRegion:59 - Caching[foo.org.hibernate.cache.spi.UpdateTimestampsCache] : [Enrolment] -> [5579090696916993]
14:18:09,677 DEBUG BaseGeneralDataRegion:59 - Caching[foo.org.hibernate.cache.spi.UpdateTimestampsCache] : [Student_secretCodes] -> [5579090696916993]
14:18:09,677 DEBUG BaseGeneralDataRegion:59 - Caching[foo.org.hibernate.cache.spi.UpdateTimestampsCache] : [Address] -> [5579090696916993]
14:18:09,677 DEBUG BaseGeneralDataRegion:59 - Caching[foo.org.hibernate.cache.spi.UpdateTimestampsCache] : [CourseMeeting] -> [5579090696916993]
14:18:09,678  INFO CustomRunner:139 - Test: testAliasToEntityMapMultiAggregatedPropProjectionSingleResult
14:18:09,679 DEBUG SQL:104 - 
    select
        coursemeet_.courseCode,
        coursemeet_.day,
        coursemeet_.period,
        coursemeet_.location 
    from
        CourseMeeting coursemeet_ 
    where
        coursemeet_.courseCode=? 
        and coursemeet_.day=? 
        and coursemeet_.period=? 
        and coursemeet_.location=?
14:18:09,679 DEBUG SQL:104 - 
    select
        coursemeet_.courseCode,
        coursemeet_.day,
        coursemeet_.period,
        coursemeet_.location 
    from
        CourseMeeting coursemeet_ 
    where
        coursemeet_.courseCode=? 
        and coursemeet_.day=? 
        and coursemeet_.period=? 
        and coursemeet_.location=?
14:18:09,680 DEBUG SQL:104 - 
    insert 
    into
        Course
        (description, courseCode) 
    values
        (?, ?)
14:18:09,680 DEBUG BaseGeneralDataRegion:59 - Caching[foo.org.hibernate.cache.spi.UpdateTimestampsCache] : [Course] -> [5579090942689280]
14:18:09,681 DEBUG SQL:104 - 
    insert 
    into
        CourseMeeting
        (courseCode, day, period, location) 
    values
        (?, ?, ?, ?)
14:18:09,691 DEBUG BaseGeneralDataRegion:59 - Caching[foo.org.hibernate.cache.spi.UpdateTimestampsCache] : [CourseMeeting] -> [5579090942734336]
14:18:09,691 DEBUG SQL:104 - 
    insert 
    into
        CourseMeeting
        (courseCode, day, period, location) 
    values
        (?, ?, ?, ?)
14:18:09,691 DEBUG BaseGeneralDataRegion:59 - Caching[foo.org.hibernate.cache.spi.UpdateTimestampsCache] : [CourseMeeting] -> [5579090942734337]
14:18:09,691 DEBUG SQL:104 - 
    insert 
    into
        Student
        (name_first, name_middle, name_last, preferredCourseCode, studentId) 
    values
        (?, ?, ?, ?, ?)
14:18:09,692 DEBUG BaseGeneralDataRegion:59 - Caching[foo.org.hibernate.cache.spi.UpdateTimestampsCache] : [Student] -> [5579090942738432]
14:18:09,692 DEBUG SQL:104 - 
    insert 
    into
        Address
        (addressType, street, city, stateProvince, postalCode, country, studentNumber, id) 
    values
        (?, ?, ?, ?, ?, ?, ?, ?)
14:18:09,692 DEBUG BaseGeneralDataRegion:59 - Caching[foo.org.hibernate.cache.spi.UpdateTimestampsCache] : [Address] -> [5579090942738433]
14:18:09,716 DEBUG SQL:104 - 
    insert 
    into
        Address
        (addressType, street, city, stateProvince, postalCode, country, studentNumber, id) 
    values
        (?, ?, ?, ?, ?, ?, ?, ?)
14:18:09,717 DEBUG BaseGeneralDataRegion:59 - Caching[foo.org.hibernate.cache.spi.UpdateTimestampsCache] : [Address] -> [5579090942840832]
14:18:09,717 DEBUG SQL:104 - 
    insert 
    into
        Student
        (name_first, name_middle, name_last, preferredCourseCode, studentId) 
    values
        (?, ?, ?, ?, ?)
14:18:09,718 DEBUG BaseGeneralDataRegion:59 - Caching[foo.org.hibernate.cache.spi.UpdateTimestampsCache] : [Student] -> [5579090942844928]
14:18:09,719 DEBUG SQL:104 - 
    insert 
    into
        Enrolment
        (semester, "year", studentId, courseCode) 
    values
        (?, ?, ?, ?)
14:18:09,719 DEBUG BaseGeneralDataRegion:59 - Caching[foo.org.hibernate.cache.spi.UpdateTimestampsCache] : [Enrolment] -> [5579090942849024]
14:18:09,719 DEBUG SQL:104 - 
    insert 
    into
        Enrolment
        (semester, "year", studentId, courseCode) 
    values
        (?, ?, ?, ?)
14:18:09,719 DEBUG BaseGeneralDataRegion:59 - Caching[foo.org.hibernate.cache.spi.UpdateTimestampsCache] : [Enrolment] -> [5579090942849025]
14:18:09,719 DEBUG BaseGeneralDataRegion:59 - Caching[foo.org.hibernate.cache.spi.UpdateTimestampsCache] : [CourseMeeting] -> [5579090942849026]
14:18:09,719 DEBUG BaseGeneralDataRegion:59 - Caching[foo.org.hibernate.cache.spi.UpdateTimestampsCache] : [Enrolment] -> [5579090942849027]
14:18:09,719 DEBUG SQL:104 - 
    update
        Address 
    set
        studentNumber=?,
        addressType=? 
    where
        id=?
14:18:09,720 DEBUG SQL:104 - 
    update
        Address 
    set
        studentNumber=?,
        addressType=? 
    where
        id=?
14:18:09,756 DEBUG BaseGeneralDataRegion:59 - Caching[foo.org.hibernate.cache.spi.UpdateTimestampsCache] : [Address] -> [5579090943000576]
14:18:09,756 DEBUG SQL:104 - 
    insert 
    into
        Student_secretCodes
        (studentNumber, i, secretCode) 
    values
        (?, ?, ?)
14:18:09,757 DEBUG BaseGeneralDataRegion:59 - Caching[foo.org.hibernate.cache.spi.UpdateTimestampsCache] : [Student_secretCodes] -> [5579090943004672]
14:18:09,757 DEBUG BaseGeneralDataRegion:59 - Caching[foo.org.hibernate.cache.spi.UpdateTimestampsCache] : [Enrolment] -> [5579090943004673]
14:18:09,757 DEBUG BaseGeneralDataRegion:59 - Caching[foo.org.hibernate.cache.spi.UpdateTimestampsCache] : [Address] -> [5579090943004674]
14:18:09,757 DEBUG SQL:104 - 
    insert 
    into
        Student_secretCodes
        (studentNumber, i, secretCode) 
    values
        (?, ?, ?)
14:18:09,757 DEBUG SQL:104 - 
    insert 
    into
        Student_secretCodes
        (studentNumber, i, secretCode) 
    values
        (?, ?, ?)
14:18:09,914 DEBUG BaseGeneralDataRegion:59 - Caching[foo.org.hibernate.cache.spi.UpdateTimestampsCache] : [Student_secretCodes] -> [5579090943647744]
14:18:09,915 DEBUG BaseGeneralDataRegion:59 - Caching[foo.org.hibernate.cache.spi.UpdateTimestampsCache] : [Student] -> [5579090697891840]
14:18:09,915 DEBUG BaseGeneralDataRegion:59 - Caching[foo.org.hibernate.cache.spi.UpdateTimestampsCache] : [Course] -> [5579090697891840]
14:18:09,915 DEBUG BaseGeneralDataRegion:59 - Caching[foo.org.hibernate.cache.spi.UpdateTimestampsCache] : [Enrolment] -> [5579090697891840]
14:18:09,915 DEBUG BaseGeneralDataRegion:59 - Caching[foo.org.hibernate.cache.spi.UpdateTimestampsCache] : [Student_secretCodes] -> [5579090697891840]
14:18:09,915 DEBUG BaseGeneralDataRegion:59 - Caching[foo.org.hibernate.cache.spi.UpdateTimestampsCache] : [Address] -> [5579090697891840]
14:18:09,915 DEBUG BaseGeneralDataRegion:59 - Caching[foo.org.hibernate.cache.spi.UpdateTimestampsCache] : [CourseMeeting] -> [5579090697891840]
14:18:09,916 DEBUG SQL:104 - 
    select
        min(this_.studentId) as y0_,
        max(this_.studentId) as y1_ 
    from
        Enrolment this_
14:18:09,916 DEBUG BaseGeneralDataRegion:59 - Caching[foo.org.hibernate.cache.internal.StandardQueryCache] : [sql: select min(this_.studentId) as y0_, max(this_.studentId) as y1_ from Enrolment this_; parameters: ; transformer: org.hibernate.transform.CacheableResultTransformer@1406bf] -> [[5579090697895936, [Ljava.io.Serializable;@30a360dd]]
14:18:09,916 DEBUG SQL:104 - 
    select
        min(this_.studentId) as y0_,
        max(this_.studentId) as y1_ 
    from
        Enrolment this_
14:18:09,917 DEBUG BaseGeneralDataRegion:59 - Caching[foo.org.hibernate.cache.internal.StandardQueryCache] : [sql: select min(this_.studentId) as y0_, max(this_.studentId) as y1_ from Enrolment this_; parameters: ; transformer: org.hibernate.transform.CacheableResultTransformer@1406bf] -> [[5579090697900032, [Ljava.io.Serializable;@47e813cc]]
14:18:09,917 DEBUG SQL:104 - 
    select
        student_.studentId,
        student_.name_first as name2_4_,
        student_.name_middle as name3_4_,
        student_.name_last as name4_4_,
        student_.preferredCourseCode as preferre5_4_ 
    from
        Student student_ 
    where
        student_.studentId=?
14:18:09,917 DEBUG SQL:104 - 
    select
        enrolment_.studentId,
        enrolment_.courseCode,
        enrolment_.semester as semester3_,
        enrolment_."year" as year4_3_ 
    from
        Enrolment enrolment_ 
    where
        enrolment_.studentId=? 
        and enrolment_.courseCode=?
14:18:09,918 DEBUG SQL:104 - 
    select
        course_.courseCode,
        course_.description as descript2_1_ 
    from
        Course course_ 
    where
        course_.courseCode=?
14:18:09,918 DEBUG SQL:104 - 
    select
        student_.studentId,
        student_.name_first as name2_4_,
        student_.name_middle as name3_4_,
        student_.name_last as name4_4_,
        student_.preferredCourseCode as preferre5_4_ 
    from
        Student student_ 
    where
        student_.studentId=?
14:18:09,929 DEBUG SQL:104 - 
    select
        enrolment_.studentId,
        enrolment_.courseCode,
        enrolment_.semester as semester3_,
        enrolment_."year" as year4_3_ 
    from
        Enrolment enrolment_ 
    where
        enrolment_.studentId=? 
        and enrolment_.courseCode=?
14:18:09,930 DEBUG SQL:104 - 
    select
        coursemeet_.courseCode,
        coursemeet_.day,
        coursemeet_.period,
        coursemeet_.location 
    from
        CourseMeeting coursemeet_ 
    where
        coursemeet_.courseCode=? 
        and coursemeet_.day=? 
        and coursemeet_.period=? 
        and coursemeet_.location=?
14:18:09,930 DEBUG SQL:104 - 
    select
        coursemeet_.courseCode,
        coursemeet_.day,
        coursemeet_.period,
        coursemeet_.location 
    from
        CourseMeeting coursemeet_ 
    where
        coursemeet_.courseCode=? 
        and coursemeet_.day=? 
        and coursemeet_.period=? 
        and coursemeet_.location=?
14:18:09,940 DEBUG BaseGeneralDataRegion:59 - Caching[foo.org.hibernate.cache.spi.UpdateTimestampsCache] : [Enrolment] -> [5579090943754240]
14:18:09,940 DEBUG SQL:104 - 
    update
        Address 
    set
        studentNumber=null,
        addressType=null 
    where
        studentNumber=?
14:18:09,940 DEBUG BaseGeneralDataRegion:59 - Caching[foo.org.hibernate.cache.spi.UpdateTimestampsCache] : [Address] -> [5579090943754241]
14:18:09,940 DEBUG SQL:104 - 
    delete 
    from
        Student_secretCodes 
    where
        studentNumber=?
14:18:09,940 DEBUG BaseGeneralDataRegion:59 - Caching[foo.org.hibernate.cache.spi.UpdateTimestampsCache] : [Student_secretCodes] -> [5579090943754242]
14:18:09,940 DEBUG BaseGeneralDataRegion:59 - Caching[foo.org.hibernate.cache.spi.UpdateTimestampsCache] : [Enrolment] -> [5579090943754243]
14:18:09,941 DEBUG BaseGeneralDataRegion:59 - Caching[foo.org.hibernate.cache.spi.UpdateTimestampsCache] : [Address] -> [5579090943758336]
14:18:09,941 DEBUG SQL:104 - 
    delete 
    from
        Student_secretCodes 
    where
        studentNumber=?
14:18:09,941 DEBUG BaseGeneralDataRegion:59 - Caching[foo.org.hibernate.cache.spi.UpdateTimestampsCache] : [Student_secretCodes] -> [5579090943758337]
14:18:09,941 DEBUG BaseGeneralDataRegion:59 - Caching[foo.org.hibernate.cache.spi.UpdateTimestampsCache] : [CourseMeeting] -> [5579090943758338]
14:18:09,941 DEBUG SQL:104 - 
    delete 
    from
        Enrolment 
    where
        studentId=? 
        and courseCode=?
14:18:09,941 DEBUG BaseGeneralDataRegion:59 - Caching[foo.org.hibernate.cache.spi.UpdateTimestampsCache] : [Enrolment] -> [5579090943758339]
14:18:10,014 DEBUG SQL:104 - 
    delete 
    from
        Address 
    where
        id=?
14:18:10,015 DEBUG BaseGeneralDataRegion:59 - Caching[foo.org.hibernate.cache.spi.UpdateTimestampsCache] : [Address] -> [5579090944061440]
14:18:10,015 DEBUG SQL:104 - 
    delete 
    from
        Address 
    where
        id=?
14:18:10,015 DEBUG BaseGeneralDataRegion:59 - Caching[foo.org.hibernate.cache.spi.UpdateTimestampsCache] : [Address] -> [5579090944061441]
14:18:10,015 DEBUG SQL:104 - 
    delete 
    from
        Student 
    where
        studentId=?
14:18:10,015 DEBUG BaseGeneralDataRegion:59 - Caching[foo.org.hibernate.cache.spi.UpdateTimestampsCache] : [Student] -> [5579090944061442]
14:18:10,015 DEBUG SQL:104 - 
    delete 
    from
        Enrolment 
    where
        studentId=? 
        and courseCode=?
14:18:10,016 DEBUG BaseGeneralDataRegion:59 - Caching[foo.org.hibernate.cache.spi.UpdateTimestampsCache] : [Enrolment] -> [5579090944065536]
14:18:10,016 DEBUG SQL:104 - 
    delete 
    from
        Student 
    where
        studentId=?
14:18:10,024 DEBUG BaseGeneralDataRegion:59 - Caching[foo.org.hibernate.cache.spi.UpdateTimestampsCache] : [Student] -> [5579090944098304]
14:18:10,024 DEBUG SQL:104 - 
    delete 
    from
        CourseMeeting 
    where
        courseCode=? 
        and day=? 
        and period=? 
        and location=?
14:18:10,024 DEBUG BaseGeneralDataRegion:59 - Caching[foo.org.hibernate.cache.spi.UpdateTimestampsCache] : [CourseMeeting] -> [5579090944098305]
14:18:10,024 DEBUG SQL:104 - 
    delete 
    from
        CourseMeeting 
    where
        courseCode=? 
        and day=? 
        and period=? 
        and location=?
14:18:10,025 DEBUG BaseGeneralDataRegion:59 - Caching[foo.org.hibernate.cache.spi.UpdateTimestampsCache] : [CourseMeeting] -> [5579090944102400]
14:18:10,025 DEBUG SQL:104 - 
    delete 
    from
        Course 
    where
        courseCode=?
14:18:10,034 DEBUG BaseGeneralDataRegion:59 - Caching[foo.org.hibernate.cache.spi.UpdateTimestampsCache] : [Course] -> [5579090944139264]
14:18:10,034 DEBUG BaseGeneralDataRegion:59 - Caching[foo.org.hibernate.cache.spi.UpdateTimestampsCache] : [Student] -> [5579090698379265]
14:18:10,034 DEBUG BaseGeneralDataRegion:59 - Caching[foo.org.hibernate.cache.spi.UpdateTimestampsCache] : [Course] -> [5579090698379265]
14:18:10,034 DEBUG BaseGeneralDataRegion:59 - Caching[foo.org.hibernate.cache.spi.UpdateTimestampsCache] : [Enrolment] -> [5579090698379265]
14:18:10,034 DEBUG BaseGeneralDataRegion:59 - Caching[foo.org.hibernate.cache.spi.UpdateTimestampsCache] : [Student_secretCodes] -> [5579090698379265]
14:18:10,035 DEBUG BaseGeneralDataRegion:59 - Caching[foo.org.hibernate.cache.spi.UpdateTimestampsCache] : [Address] -> [5579090698379265]
14:18:10,035 DEBUG BaseGeneralDataRegion:59 - Caching[foo.org.hibernate.cache.spi.UpdateTimestampsCache] : [CourseMeeting] -> [5579090698379265]
14:18:10,035  INFO CustomRunner:139 - Test: testAliasToEntityMapMultiProjectionList
14:18:10,036 DEBUG SQL:104 - 
    select
        coursemeet_.courseCode,
        coursemeet_.day,
        coursemeet_.period,
        coursemeet_.location 
    from
        CourseMeeting coursemeet_ 
    where
        coursemeet_.courseCode=? 
        and coursemeet_.day=? 
        and coursemeet_.period=? 
        and coursemeet_.location=?
14:18:10,037 DEBUG SQL:104 - 
    select
        coursemeet_.courseCode,
        coursemeet_.day,
        coursemeet_.period,
        coursemeet_.location 
    from
        CourseMeeting coursemeet_ 
    where
        coursemeet_.courseCode=? 
        and coursemeet_.day=? 
        and coursemeet_.period=? 
        and coursemeet_.location=?
14:18:10,038 DEBUG SQL:104 - 
    insert 
    into
        Course
        (description, courseCode) 
    values
        (?, ?)
14:18:10,038 DEBUG BaseGeneralDataRegion:59 - Caching[foo.org.hibernate.cache.spi.UpdateTimestampsCache] : [Course] -> [5579090944155648]
14:18:10,038 DEBUG SQL:104 - 
    insert 
    into
        CourseMeeting
        (courseCode, day, period, location) 
    values
        (?, ?, ?, ?)
14:18:10,038 DEBUG BaseGeneralDataRegion:59 - Caching[foo.org.hibernate.cache.spi.UpdateTimestampsCache] : [CourseMeeting] -> [5579090944155649]
14:18:10,038 DEBUG SQL:104 - 
    insert 
    into
        CourseMeeting
        (courseCode, day, period, location) 
    values
        (?, ?, ?, ?)
14:18:10,046 DEBUG BaseGeneralDataRegion:59 - Caching[foo.org.hibernate.cache.spi.UpdateTimestampsCache] : [CourseMeeting] -> [5579090944188416]
14:18:10,046 DEBUG SQL:104 - 
    insert 
    into
        Student
        (name_first, name_middle, name_last, preferredCourseCode, studentId) 
    values
        (?, ?, ?, ?, ?)
14:18:10,047 DEBUG BaseGeneralDataRegion:59 - Caching[foo.org.hibernate.cache.spi.UpdateTimestampsCache] : [Student] -> [5579090944192512]
14:18:10,047 DEBUG SQL:104 - 
    insert 
    into
        Address
        (addressType, street, city, stateProvince, postalCode, country, studentNumber, id) 
    values
        (?, ?, ?, ?, ?, ?, ?, ?)
14:18:10,047 DEBUG BaseGeneralDataRegion:59 - Caching[foo.org.hibernate.cache.spi.UpdateTimestampsCache] : [Address] -> [5579090944192513]
14:18:10,047 DEBUG SQL:104 - 
    insert 
    into
        Address
        (addressType, street, city, stateProvince, postalCode, country, studentNumber, id) 
    values
        (?, ?, ?, ?, ?, ?, ?, ?)
14:18:10,048 DEBUG BaseGeneralDataRegion:59 - Caching[foo.org.hibernate.cache.spi.UpdateTimestampsCache] : [Address] -> [5579090944196608]
14:18:10,048 DEBUG SQL:104 - 
    insert 
    into
        Student
        (name_first, name_middle, name_last, preferredCourseCode, studentId) 
    values
        (?, ?, ?, ?, ?)
14:18:10,055 DEBUG BaseGeneralDataRegion:59 - Caching[foo.org.hibernate.cache.spi.UpdateTimestampsCache] : [Student] -> [5579090944225280]
14:18:10,055 DEBUG SQL:104 - 
    insert 
    into
        Enrolment
        (semester, "year", studentId, courseCode) 
    values
        (?, ?, ?, ?)
14:18:10,055 DEBUG BaseGeneralDataRegion:59 - Caching[foo.org.hibernate.cache.spi.UpdateTimestampsCache] : [Enrolment] -> [5579090944225281]
14:18:10,056 DEBUG SQL:104 - 
    insert 
    into
        Enrolment
        (semester, "year", studentId, courseCode) 
    values
        (?, ?, ?, ?)
14:18:10,056 DEBUG BaseGeneralDataRegion:59 - Caching[foo.org.hibernate.cache.spi.UpdateTimestampsCache] : [Enrolment] -> [5579090944229376]
14:18:10,056 DEBUG BaseGeneralDataRegion:59 - Caching[foo.org.hibernate.cache.spi.UpdateTimestampsCache] : [CourseMeeting] -> [5579090944229377]
14:18:10,056 DEBUG BaseGeneralDataRegion:59 - Caching[foo.org.hibernate.cache.spi.UpdateTimestampsCache] : [Enrolment] -> [5579090944229378]
14:18:10,056 DEBUG SQL:104 - 
    update
        Address 
    set
        studentNumber=?,
        addressType=? 
    where
        id=?
14:18:10,056 DEBUG SQL:104 - 
    update
        Address 
    set
        studentNumber=?,
        addressType=? 
    where
        id=?
14:18:10,057 DEBUG BaseGeneralDataRegion:59 - Caching[foo.org.hibernate.cache.spi.UpdateTimestampsCache] : [Address] -> [5579090944233472]
14:18:10,057 DEBUG SQL:104 - 
    insert 
    into
        Student_secretCodes
        (studentNumber, i, secretCode) 
    values
        (?, ?, ?)
14:18:10,079 DEBUG BaseGeneralDataRegion:59 - Caching[foo.org.hibernate.cache.spi.UpdateTimestampsCache] : [Student_secretCodes] -> [5579090944323584]
14:18:10,079 DEBUG BaseGeneralDataRegion:59 - Caching[foo.org.hibernate.cache.spi.UpdateTimestampsCache] : [Enrolment] -> [5579090944323585]
14:18:10,079 DEBUG BaseGeneralDataRegion:59 - Caching[foo.org.hibernate.cache.spi.UpdateTimestampsCache] : [Address] -> [5579090944323586]
14:18:10,079 DEBUG SQL:104 - 
    insert 
    into
        Student_secretCodes
        (studentNumber, i, secretCode) 
    values
        (?, ?, ?)
14:18:10,079 DEBUG SQL:104 - 
    insert 
    into
        Student_secretCodes
        (studentNumber, i, secretCode) 
    values
        (?, ?, ?)
14:18:10,079 DEBUG BaseGeneralDataRegion:59 - Caching[foo.org.hibernate.cache.spi.UpdateTimestampsCache] : [Student_secretCodes] -> [5579090944323587]
14:18:10,080 DEBUG BaseGeneralDataRegion:59 - Caching[foo.org.hibernate.cache.spi.UpdateTimestampsCache] : [Student] -> [5579090698567680]
14:18:10,080 DEBUG BaseGeneralDataRegion:59 - Caching[foo.org.hibernate.cache.spi.UpdateTimestampsCache] : [Course] -> [5579090698567680]
14:18:10,080 DEBUG BaseGeneralDataRegion:59 - Caching[foo.org.hibernate.cache.spi.UpdateTimestampsCache] : [Enrolment] -> [5579090698567680]
14:18:10,080 DEBUG BaseGeneralDataRegion:59 - Caching[foo.org.hibernate.cache.spi.UpdateTimestampsCache] : [Student_secretCodes] -> [5579090698567680]
14:18:10,080 DEBUG BaseGeneralDataRegion:59 - Caching[foo.org.hibernate.cache.spi.UpdateTimestampsCache] : [Address] -> [5579090698567680]
14:18:10,080 DEBUG BaseGeneralDataRegion:59 - Caching[foo.org.hibernate.cache.spi.UpdateTimestampsCache] : [CourseMeeting] -> [5579090698567680]
14:18:10,081 DEBUG SQL:104 - 
    select
        this_.studentId as y0_,
        this_.semester as y1_,
        this_."year" as y2_,
        this_.courseCode as y3_ 
    from
        Enrolment this_ 
    order by
        this_.studentId asc
14:18:10,089 DEBUG SQL:104 - 
    select
        course0_.courseCode as courseCode1_0_,
        course0_.description as descript2_1_0_ 
    from
        Course course0_ 
    where
        course0_.courseCode=?
14:18:10,090 DEBUG SQL:104 - 
    select
        coursemeet0_.courseCode as courseCode1_1_,
        coursemeet0_.courseCode as courseCode2_1_,
        coursemeet0_.day as day2_1_,
        coursemeet0_.period as period2_1_,
        coursemeet0_.location as location2_1_,
        coursemeet0_.courseCode as courseCode2_0_,
        coursemeet0_.day as day2_0_,
        coursemeet0_.period as period2_0_,
        coursemeet0_.location as location2_0_ 
    from
        CourseMeeting coursemeet0_ 
    where
        coursemeet0_.courseCode=?
14:18:10,090 DEBUG BaseGeneralDataRegion:59 - Caching[foo.org.hibernate.cache.internal.StandardQueryCache] : [sql: select this_.studentId as y0_, this_.semester as y1_, this_."year" as y2_, this_.courseCode as y3_ from Enrolment this_ order by this_.studentId asc; parameters: ; transformer: org.hibernate.transform.CacheableResultTransformer@47bbf55f] -> [[5579090698608640, [Ljava.io.Serializable;@34d8be3f, [Ljava.io.Serializable;@1b23534]]
14:18:10,091 DEBUG SQL:104 - 
    select
        this_.studentId as y0_,
        this_.semester as y1_,
        this_."year" as y2_,
        this_.courseCode as y3_ 
    from
        Enrolment this_ 
    order by
        this_.studentId asc
14:18:10,101 DEBUG SQL:104 - 
    select
        course0_.courseCode as courseCode1_0_,
        course0_.description as descript2_1_0_ 
    from
        Course course0_ 
    where
        course0_.courseCode=?
14:18:10,102 DEBUG SQL:104 - 
    select
        coursemeet0_.courseCode as courseCode1_1_,
        coursemeet0_.courseCode as courseCode2_1_,
        coursemeet0_.day as day2_1_,
        coursemeet0_.period as period2_1_,
        coursemeet0_.location as location2_1_,
        coursemeet0_.courseCode as courseCode2_0_,
        coursemeet0_.day as day2_0_,
        coursemeet0_.period as period2_0_,
        coursemeet0_.location as location2_0_ 
    from
        CourseMeeting coursemeet0_ 
    where
        coursemeet0_.courseCode=?
14:18:10,109 DEBUG BaseGeneralDataRegion:59 - Caching[foo.org.hibernate.cache.internal.StandardQueryCache] : [sql: select this_.studentId as y0_, this_.semester as y1_, this_."year" as y2_, this_.courseCode as y3_ from Enrolment this_ order by this_.studentId asc; parameters: ; transformer: org.hibernate.transform.CacheableResultTransformer@47bbf55f] -> [[5579090698686464, [Ljava.io.Serializable;@2af4e788, [Ljava.io.Serializable;@348ca7c0]]
14:18:10,110 DEBUG SQL:104 - 
    select
        student_.studentId,
        student_.name_first as name2_4_,
        student_.name_middle as name3_4_,
        student_.name_last as name4_4_,
        student_.preferredCourseCode as preferre5_4_ 
    from
        Student student_ 
    where
        student_.studentId=?
14:18:10,110 DEBUG SQL:104 - 
    select
        enrolment_.studentId,
        enrolment_.courseCode,
        enrolment_.semester as semester3_,
        enrolment_."year" as year4_3_ 
    from
        Enrolment enrolment_ 
    where
        enrolment_.studentId=? 
        and enrolment_.courseCode=?
14:18:10,110 DEBUG SQL:104 - 
    select
        course_.courseCode,
        course_.description as descript2_1_ 
    from
        Course course_ 
    where
        course_.courseCode=?
14:18:10,120 DEBUG SQL:104 - 
    select
        student_.studentId,
        student_.name_first as name2_4_,
        student_.name_middle as name3_4_,
        student_.name_last as name4_4_,
        student_.preferredCourseCode as preferre5_4_ 
    from
        Student student_ 
    where
        student_.studentId=?
14:18:10,120 DEBUG SQL:104 - 
    select
        enrolment_.studentId,
        enrolment_.courseCode,
        enrolment_.semester as semester3_,
        enrolment_."year" as year4_3_ 
    from
        Enrolment enrolment_ 
    where
        enrolment_.studentId=? 
        and enrolment_.courseCode=?
14:18:10,120 DEBUG SQL:104 - 
    select
        coursemeet_.courseCode,
        coursemeet_.day,
        coursemeet_.period,
        coursemeet_.location 
    from
        CourseMeeting coursemeet_ 
    where
        coursemeet_.courseCode=? 
        and coursemeet_.day=? 
        and coursemeet_.period=? 
        and coursemeet_.location=?
14:18:10,131 DEBUG SQL:104 - 
    select
        coursemeet_.courseCode,
        coursemeet_.day,
        coursemeet_.period,
        coursemeet_.location 
    from
        CourseMeeting coursemeet_ 
    where
        coursemeet_.courseCode=? 
        and coursemeet_.day=? 
        and coursemeet_.period=? 
        and coursemeet_.location=?
14:18:10,132 DEBUG BaseGeneralDataRegion:59 - Caching[foo.org.hibernate.cache.spi.UpdateTimestampsCache] : [Enrolment] -> [5579090944540672]
14:18:10,132 DEBUG SQL:104 - 
    update
        Address 
    set
        studentNumber=null,
        addressType=null 
    where
        studentNumber=?
14:18:10,177 DEBUG BaseGeneralDataRegion:59 - Caching[foo.org.hibernate.cache.spi.UpdateTimestampsCache] : [Address] -> [5579090944724992]
14:18:10,177 DEBUG SQL:104 - 
    delete 
    from
        Student_secretCodes 
    where
        studentNumber=?
14:18:10,177 DEBUG BaseGeneralDataRegion:59 - Caching[foo.org.hibernate.cache.spi.UpdateTimestampsCache] : [Student_secretCodes] -> [5579090944724993]
14:18:10,177 DEBUG BaseGeneralDataRegion:59 - Caching[foo.org.hibernate.cache.spi.UpdateTimestampsCache] : [Enrolment] -> [5579090944724994]
14:18:10,177 DEBUG BaseGeneralDataRegion:59 - Caching[foo.org.hibernate.cache.spi.UpdateTimestampsCache] : [Address] -> [5579090944724995]
14:18:10,177 DEBUG SQL:104 - 
    delete 
    from
        Student_secretCodes 
    where
        studentNumber=?
14:18:10,178 DEBUG BaseGeneralDataRegion:59 - Caching[foo.org.hibernate.cache.spi.UpdateTimestampsCache] : [Student_secretCodes] -> [5579090944729088]
14:18:10,178 DEBUG BaseGeneralDataRegion:59 - Caching[foo.org.hibernate.cache.spi.UpdateTimestampsCache] : [CourseMeeting] -> [5579090944729089]
14:18:10,178 DEBUG SQL:104 - 
    delete 
    from
        Enrolment 
    where
        studentId=? 
        and courseCode=?
14:18:10,178 DEBUG BaseGeneralDataRegion:59 - Caching[foo.org.hibernate.cache.spi.UpdateTimestampsCache] : [Enrolment] -> [5579090944729090]
14:18:10,178 DEBUG SQL:104 - 
    delete 
    from
        Address 
    where
        id=?
14:18:10,178 DEBUG BaseGeneralDataRegion:59 - Caching[foo.org.hibernate.cache.spi.UpdateTimestampsCache] : [Address] -> [5579090944729091]
14:18:10,179 DEBUG SQL:104 - 
    delete 
    from
        Address 
    where
        id=?
14:18:10,179 DEBUG BaseGeneralDataRegion:59 - Caching[foo.org.hibernate.cache.spi.UpdateTimestampsCache] : [Address] -> [5579090944733184]
14:18:10,179 DEBUG SQL:104 - 
    delete 
    from
        Student 
    where
        studentId=?
14:18:10,179 DEBUG BaseGeneralDataRegion:59 - Caching[foo.org.hibernate.cache.spi.UpdateTimestampsCache] : [Student] -> [5579090944733185]
14:18:10,179 DEBUG SQL:104 - 
    delete 
    from
        Enrolment 
    where
        studentId=? 
        and courseCode=?
14:18:10,179 DEBUG BaseGeneralDataRegion:59 - Caching[foo.org.hibernate.cache.spi.UpdateTimestampsCache] : [Enrolment] -> [5579090944733186]
14:18:10,179 DEBUG SQL:104 - 
    delete 
    from
        Student 
    where
        studentId=?
14:18:10,189 DEBUG BaseGeneralDataRegion:59 - Caching[foo.org.hibernate.cache.spi.UpdateTimestampsCache] : [Student] -> [5579090944774144]
14:18:10,189 DEBUG SQL:104 - 
    delete 
    from
        CourseMeeting 
    where
        courseCode=? 
        and day=? 
        and period=? 
        and location=?
14:18:10,189 DEBUG BaseGeneralDataRegion:59 - Caching[foo.org.hibernate.cache.spi.UpdateTimestampsCache] : [CourseMeeting] -> [5579090944774145]
14:18:10,189 DEBUG SQL:104 - 
    delete 
    from
        CourseMeeting 
    where
        courseCode=? 
        and day=? 
        and period=? 
        and location=?
14:18:10,190 DEBUG BaseGeneralDataRegion:59 - Caching[foo.org.hibernate.cache.spi.UpdateTimestampsCache] : [CourseMeeting] -> [5579090944778240]
14:18:10,190 DEBUG SQL:104 - 
    delete 
    from
        Course 
    where
        courseCode=?
14:18:10,190 DEBUG BaseGeneralDataRegion:59 - Caching[foo.org.hibernate.cache.spi.UpdateTimestampsCache] : [Course] -> [5579090944778241]
14:18:10,190 DEBUG BaseGeneralDataRegion:59 - Caching[foo.org.hibernate.cache.spi.UpdateTimestampsCache] : [Student] -> [5579090699018242]
14:18:10,204 DEBUG BaseGeneralDataRegion:59 - Caching[foo.org.hibernate.cache.spi.UpdateTimestampsCache] : [Course] -> [5579090699018242]
14:18:10,204 DEBUG BaseGeneralDataRegion:59 - Caching[foo.org.hibernate.cache.spi.UpdateTimestampsCache] : [Enrolment] -> [5579090699018242]
14:18:10,204 DEBUG BaseGeneralDataRegion:59 - Caching[foo.org.hibernate.cache.spi.UpdateTimestampsCache] : [Student_secretCodes] -> [5579090699018242]
14:18:10,204 DEBUG BaseGeneralDataRegion:59 - Caching[foo.org.hibernate.cache.spi.UpdateTimestampsCache] : [Address] -> [5579090699018242]
14:18:10,204 DEBUG BaseGeneralDataRegion:59 - Caching[foo.org.hibernate.cache.spi.UpdateTimestampsCache] : [CourseMeeting] -> [5579090699018242]
14:18:10,205  INFO CustomRunner:139 - Test: testAliasToEntityMapMultiProjectionWithNullAliasList
14:18:10,206 DEBUG SQL:104 - 
    select
        coursemeet_.courseCode,
        coursemeet_.day,
        coursemeet_.period,
        coursemeet_.location 
    from
        CourseMeeting coursemeet_ 
    where
        coursemeet_.courseCode=? 
        and coursemeet_.day=? 
        and coursemeet_.period=? 
        and coursemeet_.location=?
14:18:10,206 DEBUG SQL:104 - 
    select
        coursemeet_.courseCode,
        coursemeet_.day,
        coursemeet_.period,
        coursemeet_.location 
    from
        CourseMeeting coursemeet_ 
    where
        coursemeet_.courseCode=? 
        and coursemeet_.day=? 
        and coursemeet_.period=? 
        and coursemeet_.location=?
14:18:10,207 DEBUG SQL:104 - 
    insert 
    into
        Course
        (description, courseCode) 
    values
        (?, ?)
14:18:10,208 DEBUG BaseGeneralDataRegion:59 - Caching[foo.org.hibernate.cache.spi.UpdateTimestampsCache] : [Course] -> [5579090944851968]
14:18:10,208 DEBUG SQL:104 - 
    insert 
    into
        CourseMeeting
        (courseCode, day, period, location) 
    values
        (?, ?, ?, ?)
14:18:10,227 DEBUG BaseGeneralDataRegion:59 - Caching[foo.org.hibernate.cache.spi.UpdateTimestampsCache] : [CourseMeeting] -> [5579090944929792]
14:18:10,227 DEBUG SQL:104 - 
    insert 
    into
        CourseMeeting
        (courseCode, day, period, location) 
    values
        (?, ?, ?, ?)
14:18:10,227 DEBUG BaseGeneralDataRegion:59 - Caching[foo.org.hibernate.cache.spi.UpdateTimestampsCache] : [CourseMeeting] -> [5579090944929793]
14:18:10,227 DEBUG SQL:104 - 
    insert 
    into
        Student
        (name_first, name_middle, name_last, preferredCourseCode, studentId) 
    values
        (?, ?, ?, ?, ?)
14:18:10,228 DEBUG BaseGeneralDataRegion:59 - Caching[foo.org.hibernate.cache.spi.UpdateTimestampsCache] : [Student] -> [5579090944933888]
14:18:10,228 DEBUG SQL:104 - 
    insert 
    into
        Address
        (addressType, street, city, stateProvince, postalCode, country, studentNumber, id) 
    values
        (?, ?, ?, ?, ?, ?, ?, ?)
14:18:10,228 DEBUG BaseGeneralDataRegion:59 - Caching[foo.org.hibernate.cache.spi.UpdateTimestampsCache] : [Address] -> [5579090944933889]
14:18:10,246 DEBUG SQL:104 - 
    insert 
    into
        Address
        (addressType, street, city, stateProvince, postalCode, country, studentNumber, id) 
    values
        (?, ?, ?, ?, ?, ?, ?, ?)
14:18:10,247 DEBUG BaseGeneralDataRegion:59 - Caching[foo.org.hibernate.cache.spi.UpdateTimestampsCache] : [Address] -> [5579090945011712]
14:18:10,247 DEBUG SQL:104 - 
    insert 
    into
        Student
        (name_first, name_middle, name_last, preferredCourseCode, studentId) 
    values
        (?, ?, ?, ?, ?)
14:18:10,247 DEBUG BaseGeneralDataRegion:59 - Caching[foo.org.hibernate.cache.spi.UpdateTimestampsCache] : [Student] -> [5579090945011713]
14:18:10,247 DEBUG SQL:104 - 
    insert 
    into
        Enrolment
        (semester, "year", studentId, courseCode) 
    values
        (?, ?, ?, ?)
14:18:10,248 DEBUG BaseGeneralDataRegion:59 - Caching[foo.org.hibernate.cache.spi.UpdateTimestampsCache] : [Enrolment] -> [5579090945015808]
14:18:10,248 DEBUG SQL:104 - 
    insert 
    into
        Enrolment
        (semester, "year", studentId, courseCode) 
    values
        (?, ?, ?, ?)
14:18:10,258 DEBUG BaseGeneralDataRegion:59 - Caching[foo.org.hibernate.cache.spi.UpdateTimestampsCache] : [Enrolment] -> [5579090945056768]
14:18:10,258 DEBUG BaseGeneralDataRegion:59 - Caching[foo.org.hibernate.cache.spi.UpdateTimestampsCache] : [CourseMeeting] -> [5579090945056769]
14:18:10,258 DEBUG BaseGeneralDataRegion:59 - Caching[foo.org.hibernate.cache.spi.UpdateTimestampsCache] : [Enrolment] -> [5579090945056770]
14:18:10,259 DEBUG SQL:104 - 
    update
        Address 
    set
        studentNumber=?,
        addressType=? 
    where
        id=?
14:18:10,259 DEBUG SQL:104 - 
    update
        Address 
    set
        studentNumber=?,
        addressType=? 
    where
        id=?
14:18:10,259 DEBUG BaseGeneralDataRegion:59 - Caching[foo.org.hibernate.cache.spi.UpdateTimestampsCache] : [Address] -> [5579090945060864]
14:18:10,259 DEBUG SQL:104 - 
    insert 
    into
        Student_secretCodes
        (studentNumber, i, secretCode) 
    values
        (?, ?, ?)
14:18:10,259 DEBUG BaseGeneralDataRegion:59 - Caching[foo.org.hibernate.cache.spi.UpdateTimestampsCache] : [Student_secretCodes] -> [5579090945060865]
14:18:10,259 DEBUG BaseGeneralDataRegion:59 - Caching[foo.org.hibernate.cache.spi.UpdateTimestampsCache] : [Enrolment] -> [5579090945060866]
14:18:10,259 DEBUG BaseGeneralDataRegion:59 - Caching[foo.org.hibernate.cache.spi.UpdateTimestampsCache] : [Address] -> [5579090945060867]
14:18:10,268 DEBUG SQL:104 - 
    insert 
    into
        Student_secretCodes
        (studentNumber, i, secretCode) 
    values
        (?, ?, ?)
14:18:10,269 DEBUG SQL:104 - 
    insert 
    into
        Student_secretCodes
        (studentNumber, i, secretCode) 
    values
        (?, ?, ?)
14:18:10,269 DEBUG BaseGeneralDataRegion:59 - Caching[foo.org.hibernate.cache.spi.UpdateTimestampsCache] : [Student_secretCodes] -> [5579090945101824]
14:18:10,269 DEBUG BaseGeneralDataRegion:59 - Caching[foo.org.hibernate.cache.spi.UpdateTimestampsCache] : [Student] -> [5579090699341825]
14:18:10,269 DEBUG BaseGeneralDataRegion:59 - Caching[foo.org.hibernate.cache.spi.UpdateTimestampsCache] : [Course] -> [5579090699341825]
14:18:10,269 DEBUG BaseGeneralDataRegion:59 - Caching[foo.org.hibernate.cache.spi.UpdateTimestampsCache] : [Enrolment] -> [5579090699341825]
14:18:10,269 DEBUG BaseGeneralDataRegion:59 - Caching[foo.org.hibernate.cache.spi.UpdateTimestampsCache] : [Student_secretCodes] -> [5579090699341825]
14:18:10,269 DEBUG BaseGeneralDataRegion:59 - Caching[foo.org.hibernate.cache.spi.UpdateTimestampsCache] : [Address] -> [5579090699341825]
14:18:10,269 DEBUG BaseGeneralDataRegion:59 - Caching[foo.org.hibernate.cache.spi.UpdateTimestampsCache] : [CourseMeeting] -> [5579090699341825]
14:18:10,270 DEBUG SQL:104 - 
    select
        this_.studentId as y0_,
        this_.semester as y1_,
        this_."year" as y2_,
        this_.courseCode as y3_ 
    from
        Enrolment this_ 
    order by
        this_.studentId asc
14:18:10,278 DEBUG SQL:104 - 
    select
        course0_.courseCode as courseCode1_0_,
        course0_.description as descript2_1_0_ 
    from
        Course course0_ 
    where
        course0_.courseCode=?
14:18:10,279 DEBUG SQL:104 - 
    select
        coursemeet0_.courseCode as courseCode1_1_,
        coursemeet0_.courseCode as courseCode2_1_,
        coursemeet0_.day as day2_1_,
        coursemeet0_.period as period2_1_,
        coursemeet0_.location as location2_1_,
        coursemeet0_.courseCode as courseCode2_0_,
        coursemeet0_.day as day2_0_,
        coursemeet0_.period as period2_0_,
        coursemeet0_.location as location2_0_ 
    from
        CourseMeeting coursemeet0_ 
    where
        coursemeet0_.courseCode=?
14:18:10,280 DEBUG BaseGeneralDataRegion:59 - Caching[foo.org.hibernate.cache.internal.StandardQueryCache] : [sql: select this_.studentId as y0_, this_.semester as y1_, this_."year" as y2_, this_.courseCode as y3_ from Enrolment this_ order by this_.studentId asc; parameters: ; transformer: org.hibernate.transform.CacheableResultTransformer@47bbf1a1] -> [[5579090699386880, [Ljava.io.Serializable;@61ab5d0f, [Ljava.io.Serializable;@396ab5e1]]
14:18:10,281 DEBUG SQL:104 - 
    select
        this_.studentId as y0_,
        this_.semester as y1_,
        this_."year" as y2_,
        this_.courseCode as y3_ 
    from
        Enrolment this_ 
    order by
        this_.studentId asc
14:18:10,288 DEBUG SQL:104 - 
    select
        course0_.courseCode as courseCode1_0_,
        course0_.description as descript2_1_0_ 
    from
        Course course0_ 
    where
        course0_.courseCode=?
14:18:10,289 DEBUG SQL:104 - 
    select
        coursemeet0_.courseCode as courseCode1_1_,
        coursemeet0_.courseCode as courseCode2_1_,
        coursemeet0_.day as day2_1_,
        coursemeet0_.period as period2_1_,
        coursemeet0_.location as location2_1_,
        coursemeet0_.courseCode as courseCode2_0_,
        coursemeet0_.day as day2_0_,
        coursemeet0_.period as period2_0_,
        coursemeet0_.location as location2_0_ 
    from
        CourseMeeting coursemeet0_ 
    where
        coursemeet0_.courseCode=?
14:18:10,289 DEBUG BaseGeneralDataRegion:59 - Caching[foo.org.hibernate.cache.internal.StandardQueryCache] : [sql: select this_.studentId as y0_, this_.semester as y1_, this_."year" as y2_, this_.courseCode as y3_ from Enrolment this_ order by this_.studentId asc; parameters: ; transformer: org.hibernate.transform.CacheableResultTransformer@47bbf1a1] -> [[5579090699423744, [Ljava.io.Serializable;@5313bdde, [Ljava.io.Serializable;@3516646e]]
14:18:10,298 DEBUG SQL:104 - 
    select
        student_.studentId,
        student_.name_first as name2_4_,
        student_.name_middle as name3_4_,
        student_.name_last as name4_4_,
        student_.preferredCourseCode as preferre5_4_ 
    from
        Student student_ 
    where
        student_.studentId=?
14:18:10,299 DEBUG SQL:104 - 
    select
        enrolment_.studentId,
        enrolment_.courseCode,
        enrolment_.semester as semester3_,
        enrolment_."year" as year4_3_ 
    from
        Enrolment enrolment_ 
    where
        enrolment_.studentId=? 
        and enrolment_.courseCode=?
14:18:10,299 DEBUG SQL:104 - 
    select
        course_.courseCode,
        course_.description as descript2_1_ 
    from
        Course course_ 
    where
        course_.courseCode=?
14:18:10,300 DEBUG SQL:104 - 
    select
        student_.studentId,
        student_.name_first as name2_4_,
        student_.name_middle as name3_4_,
        student_.name_last as name4_4_,
        student_.preferredCourseCode as preferre5_4_ 
    from
        Student student_ 
    where
        student_.studentId=?
14:18:10,300 DEBUG SQL:104 - 
    select
        enrolment_.studentId,
        enrolment_.courseCode,
        enrolment_.semester as semester3_,
        enrolment_."year" as year4_3_ 
    from
        Enrolment enrolment_ 
    where
        enrolment_.studentId=? 
        and enrolment_.courseCode=?
14:18:10,300 DEBUG SQL:104 - 
    select
        coursemeet_.courseCode,
        coursemeet_.day,
        coursemeet_.period,
        coursemeet_.location 
    from
        CourseMeeting coursemeet_ 
    where
        coursemeet_.courseCode=? 
        and coursemeet_.day=? 
        and coursemeet_.period=? 
        and coursemeet_.location=?
14:18:10,313 DEBUG SQL:104 - 
    select
        coursemeet_.courseCode,
        coursemeet_.day,
        coursemeet_.period,
        coursemeet_.location 
    from
        CourseMeeting coursemeet_ 
    where
        coursemeet_.courseCode=? 
        and coursemeet_.day=? 
        and coursemeet_.period=? 
        and coursemeet_.location=?
14:18:10,314 DEBUG BaseGeneralDataRegion:59 - Caching[foo.org.hibernate.cache.spi.UpdateTimestampsCache] : [Enrolment] -> [5579090945286144]
14:18:10,315 DEBUG SQL:104 - 
    update
        Address 
    set
        studentNumber=null,
        addressType=null 
    where
        studentNumber=?
14:18:10,315 DEBUG BaseGeneralDataRegion:59 - Caching[foo.org.hibernate.cache.spi.UpdateTimestampsCache] : [Address] -> [5579090945290240]
14:18:10,315 DEBUG SQL:104 - 
    delete 
    from
        Student_secretCodes 
    where
        studentNumber=?
14:18:10,323 DEBUG BaseGeneralDataRegion:59 - Caching[foo.org.hibernate.cache.spi.UpdateTimestampsCache] : [Student_secretCodes] -> [5579090945323008]
14:18:10,324 DEBUG BaseGeneralDataRegion:59 - Caching[foo.org.hibernate.cache.spi.UpdateTimestampsCache] : [Enrolment] -> [5579090945327104]
14:18:10,324 DEBUG BaseGeneralDataRegion:59 - Caching[foo.org.hibernate.cache.spi.UpdateTimestampsCache] : [Address] -> [5579090945327105]
14:18:10,324 DEBUG SQL:104 - 
    delete 
    from
        Student_secretCodes 
    where
        studentNumber=?
14:18:10,324 DEBUG BaseGeneralDataRegion:59 - Caching[foo.org.hibernate.cache.spi.UpdateTimestampsCache] : [Student_secretCodes] -> [5579090945327106]
14:18:10,324 DEBUG BaseGeneralDataRegion:59 - Caching[foo.org.hibernate.cache.spi.UpdateTimestampsCache] : [CourseMeeting] -> [5579090945327107]
14:18:10,324 DEBUG SQL:104 - 
    delete 
    from
        Enrolment 
    where
        studentId=? 
        and courseCode=?
14:18:10,324 DEBUG BaseGeneralDataRegion:59 - Caching[foo.org.hibernate.cache.spi.UpdateTimestampsCache] : [Enrolment] -> [5579090945327108]
14:18:10,325 DEBUG SQL:104 - 
    delete 
    from
        Address 
    where
        id=?
14:18:10,325 DEBUG BaseGeneralDataRegion:59 - Caching[foo.org.hibernate.cache.spi.UpdateTimestampsCache] : [Address] -> [5579090945331200]
14:18:10,325 DEBUG SQL:104 - 
    delete 
    from
        Address 
    where
        id=?
14:18:10,325 DEBUG BaseGeneralDataRegion:59 - Caching[foo.org.hibernate.cache.spi.UpdateTimestampsCache] : [Address] -> [5579090945331201]
14:18:10,325 DEBUG SQL:104 - 
    delete 
    from
        Student 
    where
        studentId=?
14:18:10,325 DEBUG BaseGeneralDataRegion:59 - Caching[foo.org.hibernate.cache.spi.UpdateTimestampsCache] : [Student] -> [5579090945331202]
14:18:10,325 DEBUG SQL:104 - 
    delete 
    from
        Enrolment 
    where
        studentId=? 
        and courseCode=?
14:18:10,344 DEBUG BaseGeneralDataRegion:59 - Caching[foo.org.hibernate.cache.spi.UpdateTimestampsCache] : [Enrolment] -> [5579090945409024]
14:18:10,345 DEBUG SQL:104 - 
    delete 
    from
        Student 
    where
        studentId=?
14:18:10,345 DEBUG BaseGeneralDataRegion:59 - Caching[foo.org.hibernate.cache.spi.UpdateTimestampsCache] : [Student] -> [5579090945413120]
14:18:10,345 DEBUG SQL:104 - 
    delete 
    from
        CourseMeeting 
    where
        courseCode=? 
        and day=? 
        and period=? 
        and location=?
14:18:10,345 DEBUG BaseGeneralDataRegion:59 - Caching[foo.org.hibernate.cache.spi.UpdateTimestampsCache] : [CourseMeeting] -> [5579090945413121]
14:18:10,345 DEBUG SQL:104 - 
    delete 
    from
        CourseMeeting 
    where
        courseCode=? 
        and day=? 
        and period=? 
        and location=?
14:18:10,346 DEBUG BaseGeneralDataRegion:59 - Caching[foo.org.hibernate.cache.spi.UpdateTimestampsCache] : [CourseMeeting] -> [5579090945417216]
14:18:10,346 DEBUG SQL:104 - 
    delete 
    from
        Course 
    where
        courseCode=?
14:18:10,346 DEBUG BaseGeneralDataRegion:59 - Caching[foo.org.hibernate.cache.spi.UpdateTimestampsCache] : [Course] -> [5579090945417217]
14:18:10,346 DEBUG BaseGeneralDataRegion:59 - Caching[foo.org.hibernate.cache.spi.UpdateTimestampsCache] : [Student] -> [5579090699657218]
14:18:10,346 DEBUG BaseGeneralDataRegion:59 - Caching[foo.org.hibernate.cache.spi.UpdateTimestampsCache] : [Course] -> [5579090699657218]
14:18:10,346 DEBUG BaseGeneralDataRegion:59 - Caching[foo.org.hibernate.cache.spi.UpdateTimestampsCache] : [Enrolment] -> [5579090699657218]
14:18:10,346 DEBUG BaseGeneralDataRegion:59 - Caching[foo.org.hibernate.cache.spi.UpdateTimestampsCache] : [Student_secretCodes] -> [5579090699657218]
14:18:10,346 DEBUG BaseGeneralDataRegion:59 - Caching[foo.org.hibernate.cache.spi.UpdateTimestampsCache] : [Address] -> [5579090699657218]
14:18:10,346 DEBUG BaseGeneralDataRegion:59 - Caching[foo.org.hibernate.cache.spi.UpdateTimestampsCache] : [CourseMeeting] -> [5579090699657218]
14:18:10,347  INFO CustomRunner:139 - Test: testAliasToEntityMapNoProjectionMultiAndNullList
14:18:10,348 DEBUG SQL:104 - 
    select
        coursemeet_.courseCode,
        coursemeet_.day,
        coursemeet_.period,
        coursemeet_.location 
    from
        CourseMeeting coursemeet_ 
    where
        coursemeet_.courseCode=? 
        and coursemeet_.day=? 
        and coursemeet_.period=? 
        and coursemeet_.location=?
14:18:10,349 DEBUG SQL:104 - 
    select
        coursemeet_.courseCode,
        coursemeet_.day,
        coursemeet_.period,
        coursemeet_.location 
    from
        CourseMeeting coursemeet_ 
    where
        coursemeet_.courseCode=? 
        and coursemeet_.day=? 
        and coursemeet_.period=? 
        and coursemeet_.location=?
14:18:10,369 DEBUG SQL:104 - 
    insert 
    into
        Course
        (description, courseCode) 
    values
        (?, ?)
14:18:10,370 DEBUG BaseGeneralDataRegion:59 - Caching[foo.org.hibernate.cache.spi.UpdateTimestampsCache] : [Course] -> [5579090945515520]
14:18:10,370 DEBUG SQL:104 - 
    insert 
    into
        CourseMeeting
        (courseCode, day, period, location) 
    values
        (?, ?, ?, ?)
14:18:10,370 DEBUG BaseGeneralDataRegion:59 - Caching[foo.org.hibernate.cache.spi.UpdateTimestampsCache] : [CourseMeeting] -> [5579090945515521]
14:18:10,370 DEBUG SQL:104 - 
    insert 
    into
        CourseMeeting
        (courseCode, day, period, location) 
    values
        (?, ?, ?, ?)
14:18:10,370 DEBUG BaseGeneralDataRegion:59 - Caching[foo.org.hibernate.cache.spi.UpdateTimestampsCache] : [CourseMeeting] -> [5579090945515522]
14:18:10,371 DEBUG SQL:104 - 
    insert 
    into
        Student
        (name_first, name_middle, name_last, preferredCourseCode, studentId) 
    values
        (?, ?, ?, ?, ?)
14:18:10,379 DEBUG BaseGeneralDataRegion:59 - Caching[foo.org.hibernate.cache.spi.UpdateTimestampsCache] : [Student] -> [5579090945552384]
14:18:10,379 DEBUG SQL:104 - 
    insert 
    into
        Address
        (addressType, street, city, stateProvince, postalCode, country, studentNumber, id) 
    values
        (?, ?, ?, ?, ?, ?, ?, ?)
14:18:10,379 DEBUG BaseGeneralDataRegion:59 - Caching[foo.org.hibernate.cache.spi.UpdateTimestampsCache] : [Address] -> [5579090945552385]
14:18:10,379 DEBUG SQL:104 - 
    insert 
    into
        Address
        (addressType, street, city, stateProvince, postalCode, country, studentNumber, id) 
    values
        (?, ?, ?, ?, ?, ?, ?, ?)
14:18:10,379 DEBUG BaseGeneralDataRegion:59 - Caching[foo.org.hibernate.cache.spi.UpdateTimestampsCache] : [Address] -> [5579090945552386]
14:18:10,380 DEBUG SQL:104 - 
    insert 
    into
        Student
        (name_first, name_middle, name_last, preferredCourseCode, studentId) 
    values
        (?, ?, ?, ?, ?)
14:18:10,380 DEBUG BaseGeneralDataRegion:59 - Caching[foo.org.hibernate.cache.spi.UpdateTimestampsCache] : [Student] -> [5579090945556480]
14:18:10,380 DEBUG SQL:104 - 
    insert 
    into
        Enrolment
        (semester, "year", studentId, courseCode) 
    values
        (?, ?, ?, ?)
14:18:10,389 DEBUG BaseGeneralDataRegion:59 - Caching[foo.org.hibernate.cache.spi.UpdateTimestampsCache] : [Enrolment] -> [5579090945593344]
14:18:10,389 DEBUG SQL:104 - 
    insert 
    into
        Enrolment
        (semester, "year", studentId, courseCode) 
    values
        (?, ?, ?, ?)
14:18:10,389 DEBUG BaseGeneralDataRegion:59 - Caching[foo.org.hibernate.cache.spi.UpdateTimestampsCache] : [Enrolment] -> [5579090945593345]
14:18:10,390 DEBUG BaseGeneralDataRegion:59 - Caching[foo.org.hibernate.cache.spi.UpdateTimestampsCache] : [CourseMeeting] -> [5579090945597440]
14:18:10,390 DEBUG BaseGeneralDataRegion:59 - Caching[foo.org.hibernate.cache.spi.UpdateTimestampsCache] : [Enrolment] -> [5579090945597441]
14:18:10,390 DEBUG SQL:104 - 
    update
        Address 
    set
        studentNumber=?,
        addressType=? 
    where
        id=?
14:18:10,390 DEBUG SQL:104 - 
    update
        Address 
    set
        studentNumber=?,
        addressType=? 
    where
        id=?
14:18:10,399 DEBUG BaseGeneralDataRegion:59 - Caching[foo.org.hibernate.cache.spi.UpdateTimestampsCache] : [Address] -> [5579090945634304]
14:18:10,400 DEBUG SQL:104 - 
    insert 
    into
        Student_secretCodes
        (studentNumber, i, secretCode) 
    values
        (?, ?, ?)
14:18:10,400 DEBUG BaseGeneralDataRegion:59 - Caching[foo.org.hibernate.cache.spi.UpdateTimestampsCache] : [Student_secretCodes] -> [5579090945638400]
14:18:10,400 DEBUG BaseGeneralDataRegion:59 - Caching[foo.org.hibernate.cache.spi.UpdateTimestampsCache] : [Enrolment] -> [5579090945638401]
14:18:10,400 DEBUG BaseGeneralDataRegion:59 - Caching[foo.org.hibernate.cache.spi.UpdateTimestampsCache] : [Address] -> [5579090945638402]
14:18:10,400 DEBUG SQL:104 - 
    insert 
    into
        Student_secretCodes
        (studentNumber, i, secretCode) 
    values
        (?, ?, ?)
14:18:10,400 DEBUG SQL:104 - 
    insert 
    into
        Student_secretCodes
        (studentNumber, i, secretCode) 
    values
        (?, ?, ?)
14:18:10,400 DEBUG BaseGeneralDataRegion:59 - Caching[foo.org.hibernate.cache.spi.UpdateTimestampsCache] : [Student_secretCodes] -> [5579090945638403]
14:18:10,401 DEBUG BaseGeneralDataRegion:59 - Caching[foo.org.hibernate.cache.spi.UpdateTimestampsCache] : [Student] -> [5579090699882496]
14:18:10,401 DEBUG BaseGeneralDataRegion:59 - Caching[foo.org.hibernate.cache.spi.UpdateTimestampsCache] : [Course] -> [5579090699882496]
14:18:10,410 DEBUG BaseGeneralDataRegion:59 - Caching[foo.org.hibernate.cache.spi.UpdateTimestampsCache] : [Enrolment] -> [5579090699882496]
14:18:10,410 DEBUG BaseGeneralDataRegion:59 - Caching[foo.org.hibernate.cache.spi.UpdateTimestampsCache] : [Student_secretCodes] -> [5579090699882496]
14:18:10,410 DEBUG BaseGeneralDataRegion:59 - Caching[foo.org.hibernate.cache.spi.UpdateTimestampsCache] : [Address] -> [5579090699882496]
14:18:10,410 DEBUG BaseGeneralDataRegion:59 - Caching[foo.org.hibernate.cache.spi.UpdateTimestampsCache] : [CourseMeeting] -> [5579090699882496]
14:18:10,411 DEBUG SQL:104 - 
    select
        this_.studentId as studentId4_2_,
        this_.name_first as name2_4_2_,
        this_.name_middle as name3_4_2_,
        this_.name_last as name4_4_2_,
        this_.preferredCourseCode as preferre5_4_2_,
        a2_.studentNumber as studentN8_4_4_,
        a2_.id as id0_4_,
        a2_.addressType as addressT2_4_,
        a2_.id as id0_0_,
        a2_.addressType as addressT2_0_0_,
        a2_.street as street0_0_,
        a2_.city as city0_0_,
        a2_.stateProvince as statePro5_0_0_,
        a2_.postalCode as postalCode0_0_,
        a2_.country as country0_0_,
        a2_.studentNumber as studentN8_0_0_,
        p1_.courseCode as courseCode1_1_,
        p1_.description as descript2_1_1_ 
    from
        Student this_ 
    left outer join
        Address a2_ 
            on this_.studentId=a2_.studentNumber 
    left outer join
        Course p1_ 
            on this_.preferredCourseCode=p1_.courseCode 
    order by
        this_.studentId asc
14:18:10,420 DEBUG SQL:104 - 
    select
        secretcode0_.studentNumber as studentN1_4_0_,
        secretcode0_.secretCode as secretCode5_0_,
        secretcode0_.i as i0_ 
    from
        Student_secretCodes secretcode0_ 
    where
        secretcode0_.studentNumber=?
14:18:10,421 DEBUG SQL:104 - 
    select
        secretcode0_.studentNumber as studentN1_4_0_,
        secretcode0_.secretCode as secretCode5_0_,
        secretcode0_.i as i0_ 
    from
        Student_secretCodes secretcode0_ 
    where
        secretcode0_.studentNumber=?
14:18:10,421 DEBUG SQL:104 - 
    select
        coursemeet0_.courseCode as courseCode1_1_,
        coursemeet0_.courseCode as courseCode2_1_,
        coursemeet0_.day as day2_1_,
        coursemeet0_.period as period2_1_,
        coursemeet0_.location as location2_1_,
        coursemeet0_.courseCode as courseCode2_0_,
        coursemeet0_.day as day2_0_,
        coursemeet0_.period as period2_0_,
        coursemeet0_.location as location2_0_ 
    from
        CourseMeeting coursemeet0_ 
    where
        coursemeet0_.courseCode=?
14:18:10,422 DEBUG BaseGeneralDataRegion:59 - Caching[foo.org.hibernate.cache.internal.StandardQueryCache] : [sql: select this_.studentId as studentId4_2_, this_.name_first as name2_4_2_, this_.name_middle as name3_4_2_, this_.name_last as name4_4_2_, this_.preferredCourseCode as preferre5_4_2_, a2_.studentNumber as studentN8_4_4_, a2_.id as id0_4_, a2_.addressType as addressT2_4_, a2_.id as id0_0_, a2_.addressType as addressT2_0_0_, a2_.street as street0_0_, a2_.city as city0_0_, a2_.stateProvince as statePro5_0_0_, a2_.postalCode as postalCode0_0_, a2_.country as country0_0_, a2_.studentNumber as studentN8_0_0_, p1_.courseCode as courseCode1_1_, p1_.description as descript2_1_1_ from Student this_ left outer join Address a2_ on this_.studentId=a2_.studentNumber left outer join Course p1_ on this_.preferredCourseCode=p1_.courseCode order by this_.studentId asc; parameters: ; transformer: org.hibernate.transform.CacheableResultTransformer@251b6d2] -> [[5579090699968512, [Ljava.io.Serializable;@58c63970, [Ljava.io.Serializable;@3de51598, [Ljava.io.Serializable;@aeccde7]]
14:18:10,423 DEBUG SQL:104 - 
    select
        this_.studentId as studentId4_2_,
        this_.name_first as name2_4_2_,
        this_.name_middle as name3_4_2_,
        this_.name_last as name4_4_2_,
        this_.preferredCourseCode as preferre5_4_2_,
        a2_.studentNumber as studentN8_4_4_,
        a2_.id as id0_4_,
        a2_.addressType as addressT2_4_,
        a2_.id as id0_0_,
        a2_.addressType as addressT2_0_0_,
        a2_.street as street0_0_,
        a2_.city as city0_0_,
        a2_.stateProvince as statePro5_0_0_,
        a2_.postalCode as postalCode0_0_,
        a2_.country as country0_0_,
        a2_.studentNumber as studentN8_0_0_,
        p1_.courseCode as courseCode1_1_,
        p1_.description as descript2_1_1_ 
    from
        Student this_ 
    left outer join
        Address a2_ 
            on this_.studentId=a2_.studentNumber 
    left outer join
        Course p1_ 
            on this_.preferredCourseCode=p1_.courseCode 
    order by
        this_.studentId asc
14:18:10,434 DEBUG SQL:104 - 
    select
        secretcode0_.studentNumber as studentN1_4_0_,
        secretcode0_.secretCode as secretCode5_0_,
        secretcode0_.i as i0_ 
    from
        Student_secretCodes secretcode0_ 
    where
        secretcode0_.studentNumber=?
14:18:10,435 DEBUG SQL:104 - 
    select
        secretcode0_.studentNumber as studentN1_4_0_,
        secretcode0_.secretCode as secretCode5_0_,
        secretcode0_.i as i0_ 
    from
        Student_secretCodes secretcode0_ 
    where
        secretcode0_.studentNumber=?
14:18:10,435 DEBUG SQL:104 - 
    select
        coursemeet0_.courseCode as courseCode1_1_,
        coursemeet0_.courseCode as courseCode2_1_,
        coursemeet0_.day as day2_1_,
        coursemeet0_.period as period2_1_,
        coursemeet0_.location as location2_1_,
        coursemeet0_.courseCode as courseCode2_0_,
        coursemeet0_.day as day2_0_,
        coursemeet0_.period as period2_0_,
        coursemeet0_.location as location2_0_ 
    from
        CourseMeeting coursemeet0_ 
    where
        coursemeet0_.courseCode=?
14:18:10,445 DEBUG BaseGeneralDataRegion:59 - Caching[foo.org.hibernate.cache.internal.StandardQueryCache] : [sql: select this_.studentId as studentId4_2_, this_.name_first as name2_4_2_, this_.name_middle as name3_4_2_, this_.name_last as name4_4_2_, this_.preferredCourseCode as preferre5_4_2_, a2_.studentNumber as studentN8_4_4_, a2_.id as id0_4_, a2_.addressType as addressT2_4_, a2_.id as id0_0_, a2_.addressType as addressT2_0_0_, a2_.street as street0_0_, a2_.city as city0_0_, a2_.stateProvince as statePro5_0_0_, a2_.postalCode as postalCode0_0_, a2_.country as country0_0_, a2_.studentNumber as studentN8_0_0_, p1_.courseCode as courseCode1_1_, p1_.description as descript2_1_1_ from Student this_ left outer join Address a2_ on this_.studentId=a2_.studentNumber left outer join Course p1_ on this_.preferredCourseCode=p1_.courseCode order by this_.studentId asc; parameters: ; transformer: org.hibernate.transform.CacheableResultTransformer@251b6d2] -> [[5579090700058624, [Ljava.io.Serializable;@75763713, [Ljava.io.Serializable;@2419fca4, [Ljava.io.Serializable;@26198580]]
14:18:10,445 DEBUG SQL:104 - 
    select
        student_.studentId,
        student_.name_first as name2_4_,
        student_.name_middle as name3_4_,
        student_.name_last as name4_4_,
        student_.preferredCourseCode as preferre5_4_ 
    from
        Student student_ 
    where
        student_.studentId=?
14:18:10,446 DEBUG SQL:104 - 
    select
        enrolment_.studentId,
        enrolment_.courseCode,
        enrolment_.semester as semester3_,
        enrolment_."year" as year4_3_ 
    from
        Enrolment enrolment_ 
    where
        enrolment_.studentId=? 
        and enrolment_.courseCode=?
14:18:10,446 DEBUG SQL:104 - 
    select
        course_.courseCode,
        course_.description as descript2_1_ 
    from
        Course course_ 
    where
        course_.courseCode=?
14:18:10,446 DEBUG SQL:104 - 
    select
        student_.studentId,
        student_.name_first as name2_4_,
        student_.name_middle as name3_4_,
        student_.name_last as name4_4_,
        student_.preferredCourseCode as preferre5_4_ 
    from
        Student student_ 
    where
        student_.studentId=?
14:18:10,466 DEBUG SQL:104 - 
    select
        enrolment_.studentId,
        enrolment_.courseCode,
        enrolment_.semester as semester3_,
        enrolment_."year" as year4_3_ 
    from
        Enrolment enrolment_ 
    where
        enrolment_.studentId=? 
        and enrolment_.courseCode=?
14:18:10,467 DEBUG SQL:104 - 
    select
        coursemeet_.courseCode,
        coursemeet_.day,
        coursemeet_.period,
        coursemeet_.location 
    from
        CourseMeeting coursemeet_ 
    where
        coursemeet_.courseCode=? 
        and coursemeet_.day=? 
        and coursemeet_.period=? 
        and coursemeet_.location=?
14:18:10,477 DEBUG SQL:104 - 
    select
        coursemeet_.courseCode,
        coursemeet_.day,
        coursemeet_.period,
        coursemeet_.location 
    from
        CourseMeeting coursemeet_ 
    where
        coursemeet_.courseCode=? 
        and coursemeet_.day=? 
        and coursemeet_.period=? 
        and coursemeet_.location=?
14:18:10,478 DEBUG BaseGeneralDataRegion:59 - Caching[foo.org.hibernate.cache.spi.UpdateTimestampsCache] : [Enrolment] -> [5579090945957888]
14:18:10,478 DEBUG SQL:104 - 
    update
        Address 
    set
        studentNumber=null,
        addressType=null 
    where
        studentNumber=?
14:18:10,478 DEBUG BaseGeneralDataRegion:59 - Caching[foo.org.hibernate.cache.spi.UpdateTimestampsCache] : [Address] -> [5579090945957889]
14:18:10,478 DEBUG SQL:104 - 
    delete 
    from
        Student_secretCodes 
    where
        studentNumber=?
14:18:10,487 DEBUG BaseGeneralDataRegion:59 - Caching[foo.org.hibernate.cache.spi.UpdateTimestampsCache] : [Student_secretCodes] -> [5579090945994752]
14:18:10,487 DEBUG BaseGeneralDataRegion:59 - Caching[foo.org.hibernate.cache.spi.UpdateTimestampsCache] : [Enrolment] -> [5579090945994753]
14:18:10,487 DEBUG BaseGeneralDataRegion:59 - Caching[foo.org.hibernate.cache.spi.UpdateTimestampsCache] : [Address] -> [5579090945994754]
14:18:10,487 DEBUG SQL:104 - 
    delete 
    from
        Student_secretCodes 
    where
        studentNumber=?
14:18:10,487 DEBUG BaseGeneralDataRegion:59 - Caching[foo.org.hibernate.cache.spi.UpdateTimestampsCache] : [Student_secretCodes] -> [5579090945994755]
14:18:10,487 DEBUG BaseGeneralDataRegion:59 - Caching[foo.org.hibernate.cache.spi.UpdateTimestampsCache] : [CourseMeeting] -> [5579090945994756]
14:18:10,488 DEBUG SQL:104 - 
    delete 
    from
        Enrolment 
    where
        studentId=? 
        and courseCode=?
14:18:10,488 DEBUG BaseGeneralDataRegion:59 - Caching[foo.org.hibernate.cache.spi.UpdateTimestampsCache] : [Enrolment] -> [5579090945998848]
14:18:10,488 DEBUG SQL:104 - 
    delete 
    from
        Address 
    where
        id=?
14:18:10,488 DEBUG BaseGeneralDataRegion:59 - Caching[foo.org.hibernate.cache.spi.UpdateTimestampsCache] : [Address] -> [5579090945998849]
14:18:10,488 DEBUG SQL:104 - 
    delete 
    from
        Address 
    where
        id=?
14:18:10,497 DEBUG BaseGeneralDataRegion:59 - Caching[foo.org.hibernate.cache.spi.UpdateTimestampsCache] : [Address] -> [5579090946035712]
14:18:10,497 DEBUG SQL:104 - 
    delete 
    from
        Student 
    where
        studentId=?
14:18:10,497 DEBUG BaseGeneralDataRegion:59 - Caching[foo.org.hibernate.cache.spi.UpdateTimestampsCache] : [Student] -> [5579090946035713]
14:18:10,497 DEBUG SQL:104 - 
    delete 
    from
        Enrolment 
    where
        studentId=? 
        and courseCode=?
14:18:10,497 DEBUG BaseGeneralDataRegion:59 - Caching[foo.org.hibernate.cache.spi.UpdateTimestampsCache] : [Enrolment] -> [5579090946035714]
14:18:10,497 DEBUG SQL:104 - 
    delete 
    from
        Student 
    where
        studentId=?
14:18:10,498 DEBUG BaseGeneralDataRegion:59 - Caching[foo.org.hibernate.cache.spi.UpdateTimestampsCache] : [Student] -> [5579090946039808]
14:18:10,498 DEBUG SQL:104 - 
    delete 
    from
        CourseMeeting 
    where
        courseCode=? 
        and day=? 
        and period=? 
        and location=?
14:18:10,506 DEBUG BaseGeneralDataRegion:59 - Caching[foo.org.hibernate.cache.spi.UpdateTimestampsCache] : [CourseMeeting] -> [5579090946072576]
14:18:10,507 DEBUG SQL:104 - 
    delete 
    from
        CourseMeeting 
    where
        courseCode=? 
        and day=? 
        and period=? 
        and location=?
14:18:10,507 DEBUG BaseGeneralDataRegion:59 - Caching[foo.org.hibernate.cache.spi.UpdateTimestampsCache] : [CourseMeeting] -> [5579090946076672]
14:18:10,507 DEBUG SQL:104 - 
    delete 
    from
        Course 
    where
        courseCode=?
14:18:10,507 DEBUG BaseGeneralDataRegion:59 - Caching[foo.org.hibernate.cache.spi.UpdateTimestampsCache] : [Course] -> [5579090946076673]
14:18:10,507 DEBUG BaseGeneralDataRegion:59 - Caching[foo.org.hibernate.cache.spi.UpdateTimestampsCache] : [Student] -> [5579090700316674]
14:18:10,507 DEBUG BaseGeneralDataRegion:59 - Caching[foo.org.hibernate.cache.spi.UpdateTimestampsCache] : [Course] -> [5579090700316674]
14:18:10,507 DEBUG BaseGeneralDataRegion:59 - Caching[foo.org.hibernate.cache.spi.UpdateTimestampsCache] : [Enrolment] -> [5579090700316674]
14:18:10,507 DEBUG BaseGeneralDataRegion:59 - Caching[foo.org.hibernate.cache.spi.UpdateTimestampsCache] : [Student_secretCodes] -> [5579090700316674]
14:18:10,508 DEBUG BaseGeneralDataRegion:59 - Caching[foo.org.hibernate.cache.spi.UpdateTimestampsCache] : [Address] -> [5579090700316674]
14:18:10,508 DEBUG BaseGeneralDataRegion:59 - Caching[foo.org.hibernate.cache.spi.UpdateTimestampsCache] : [CourseMeeting] -> [5579090700316674]
14:18:10,516  INFO CustomRunner:139 - Test: testAliasToEntityMapNoProjectionNullAndNonNullAliasList
14:18:10,517 DEBUG SQL:104 - 
    select
        coursemeet_.courseCode,
        coursemeet_.day,
        coursemeet_.period,
        coursemeet_.location 
    from
        CourseMeeting coursemeet_ 
    where
        coursemeet_.courseCode=? 
        and coursemeet_.day=? 
        and coursemeet_.period=? 
        and coursemeet_.location=?
14:18:10,518 DEBUG SQL:104 - 
    select
        coursemeet_.courseCode,
        coursemeet_.day,
        coursemeet_.period,
        coursemeet_.location 
    from
        CourseMeeting coursemeet_ 
    where
        coursemeet_.courseCode=? 
        and coursemeet_.day=? 
        and coursemeet_.period=? 
        and coursemeet_.location=?
14:18:10,519 DEBUG SQL:104 - 
    insert 
    into
        Course
        (description, courseCode) 
    values
        (?, ?)
14:18:10,527 DEBUG BaseGeneralDataRegion:59 - Caching[foo.org.hibernate.cache.spi.UpdateTimestampsCache] : [Course] -> [5579090946154496]
14:18:10,527 DEBUG SQL:104 - 
    insert 
    into
        CourseMeeting
        (courseCode, day, period, location) 
    values
        (?, ?, ?, ?)
14:18:10,527 DEBUG BaseGeneralDataRegion:59 - Caching[foo.org.hibernate.cache.spi.UpdateTimestampsCache] : [CourseMeeting] -> [5579090946158592]
14:18:10,527 DEBUG SQL:104 - 
    insert 
    into
        CourseMeeting
        (courseCode, day, period, location) 
    values
        (?, ?, ?, ?)
14:18:10,527 DEBUG BaseGeneralDataRegion:59 - Caching[foo.org.hibernate.cache.spi.UpdateTimestampsCache] : [CourseMeeting] -> [5579090946158593]
14:18:10,527 DEBUG SQL:104 - 
    insert 
    into
        Student
        (name_first, name_middle, name_last, preferredCourseCode, studentId) 
    values
        (?, ?, ?, ?, ?)
14:18:10,536 DEBUG BaseGeneralDataRegion:59 - Caching[foo.org.hibernate.cache.spi.UpdateTimestampsCache] : [Student] -> [5579090946195456]
14:18:10,537 DEBUG SQL:104 - 
    insert 
    into
        Address
        (addressType, street, city, stateProvince, postalCode, country, studentNumber, id) 
    values
        (?, ?, ?, ?, ?, ?, ?, ?)
14:18:10,537 DEBUG BaseGeneralDataRegion:59 - Caching[foo.org.hibernate.cache.spi.UpdateTimestampsCache] : [Address] -> [5579090946199552]
14:18:10,537 DEBUG SQL:104 - 
    insert 
    into
        Address
        (addressType, street, city, stateProvince, postalCode, country, studentNumber, id) 
    values
        (?, ?, ?, ?, ?, ?, ?, ?)
14:18:10,537 DEBUG BaseGeneralDataRegion:59 - Caching[foo.org.hibernate.cache.spi.UpdateTimestampsCache] : [Address] -> [5579090946199553]
14:18:10,537 DEBUG SQL:104 - 
    insert 
    into
        Student
        (name_first, name_middle, name_last, preferredCourseCode, studentId) 
    values
        (?, ?, ?, ?, ?)
14:18:10,537 DEBUG BaseGeneralDataRegion:59 - Caching[foo.org.hibernate.cache.spi.UpdateTimestampsCache] : [Student] -> [5579090946199554]
14:18:10,537 DEBUG SQL:104 - 
    insert 
    into
        Enrolment
        (semester, "year", studentId, courseCode) 
    values
        (?, ?, ?, ?)
14:18:10,547 DEBUG BaseGeneralDataRegion:59 - Caching[foo.org.hibernate.cache.spi.UpdateTimestampsCache] : [Enrolment] -> [5579090946240512]
14:18:10,547 DEBUG SQL:104 - 
    insert 
    into
        Enrolment
        (semester, "year", studentId, courseCode) 
    values
        (?, ?, ?, ?)
14:18:10,547 DEBUG BaseGeneralDataRegion:59 - Caching[foo.org.hibernate.cache.spi.UpdateTimestampsCache] : [Enrolment] -> [5579090946240513]
14:18:10,547 DEBUG BaseGeneralDataRegion:59 - Caching[foo.org.hibernate.cache.spi.UpdateTimestampsCache] : [CourseMeeting] -> [5579090946240514]
14:18:10,547 DEBUG BaseGeneralDataRegion:59 - Caching[foo.org.hibernate.cache.spi.UpdateTimestampsCache] : [Enrolment] -> [5579090946240515]
14:18:10,547 DEBUG SQL:104 - 
    update
        Address 
    set
        studentNumber=?,
        addressType=? 
    where
        id=?
14:18:10,548 DEBUG SQL:104 - 
    update
        Address 
    set
        studentNumber=?,
        addressType=? 
    where
        id=?
14:18:10,548 DEBUG BaseGeneralDataRegion:59 - Caching[foo.org.hibernate.cache.spi.UpdateTimestampsCache] : [Address] -> [5579090946244608]
14:18:10,548 DEBUG SQL:104 - 
    insert 
    into
        Student_secretCodes
        (studentNumber, i, secretCode) 
    values
        (?, ?, ?)
14:18:10,548 DEBUG BaseGeneralDataRegion:59 - Caching[foo.org.hibernate.cache.spi.UpdateTimestampsCache] : [Student_secretCodes] -> [5579090946244609]
14:18:10,548 DEBUG BaseGeneralDataRegion:59 - Caching[foo.org.hibernate.cache.spi.UpdateTimestampsCache] : [Enrolment] -> [5579090946244610]
14:18:10,548 DEBUG BaseGeneralDataRegion:59 - Caching[foo.org.hibernate.cache.spi.UpdateTimestampsCache] : [Address] -> [5579090946244611]
14:18:10,548 DEBUG SQL:104 - 
    insert 
    into
        Student_secretCodes
        (studentNumber, i, secretCode) 
    values
        (?, ?, ?)
14:18:10,549 DEBUG SQL:104 - 
    insert 
    into
        Student_secretCodes
        (studentNumber, i, secretCode) 
    values
        (?, ?, ?)
14:18:10,549 DEBUG BaseGeneralDataRegion:59 - Caching[foo.org.hibernate.cache.spi.UpdateTimestampsCache] : [Student_secretCodes] -> [5579090946248704]
14:18:10,549 DEBUG BaseGeneralDataRegion:59 - Caching[foo.org.hibernate.cache.spi.UpdateTimestampsCache] : [Student] -> [5579090700488705]
14:18:10,549 DEBUG BaseGeneralDataRegion:59 - Caching[foo.org.hibernate.cache.spi.UpdateTimestampsCache] : [Course] -> [5579090700488705]
14:18:10,549 DEBUG BaseGeneralDataRegion:59 - Caching[foo.org.hibernate.cache.spi.UpdateTimestampsCache] : [Enrolment] -> [5579090700488705]
14:18:10,549 DEBUG BaseGeneralDataRegion:59 - Caching[foo.org.hibernate.cache.spi.UpdateTimestampsCache] : [Student_secretCodes] -> [5579090700488705]
14:18:10,549 DEBUG BaseGeneralDataRegion:59 - Caching[foo.org.hibernate.cache.spi.UpdateTimestampsCache] : [Address] -> [5579090700488705]
14:18:10,558 DEBUG BaseGeneralDataRegion:59 - Caching[foo.org.hibernate.cache.spi.UpdateTimestampsCache] : [CourseMeeting] -> [5579090700488705]
14:18:10,559 DEBUG SQL:104 - 
    select
        this_.studentId as studentId4_2_,
        this_.name_first as name2_4_2_,
        this_.name_middle as name3_4_2_,
        this_.name_last as name4_4_2_,
        this_.preferredCourseCode as preferre5_4_2_,
        a1_.studentNumber as studentN8_4_4_,
        a1_.id as id0_4_,
        a1_.addressType as addressT2_4_,
        a1_.id as id0_0_,
        a1_.addressType as addressT2_0_0_,
        a1_.street as street0_0_,
        a1_.city as city0_0_,
        a1_.stateProvince as statePro5_0_0_,
        a1_.postalCode as postalCode0_0_,
        a1_.country as country0_0_,
        a1_.studentNumber as studentN8_0_0_,
        course2_.courseCode as courseCode1_1_,
        course2_.description as descript2_1_1_ 
    from
        Student this_ 
    left outer join
        Address a1_ 
            on this_.studentId=a1_.studentNumber 
    inner join
        Course course2_ 
            on this_.preferredCourseCode=course2_.courseCode 
    order by
        this_.studentId asc
14:18:10,572 DEBUG SQL:104 - 
    select
        secretcode0_.studentNumber as studentN1_4_0_,
        secretcode0_.secretCode as secretCode5_0_,
        secretcode0_.i as i0_ 
    from
        Student_secretCodes secretcode0_ 
    where
        secretcode0_.studentNumber=?
14:18:10,572 DEBUG SQL:104 - 
    select
        coursemeet0_.courseCode as courseCode1_1_,
        coursemeet0_.courseCode as courseCode2_1_,
        coursemeet0_.day as day2_1_,
        coursemeet0_.period as period2_1_,
        coursemeet0_.location as location2_1_,
        coursemeet0_.courseCode as courseCode2_0_,
        coursemeet0_.day as day2_0_,
        coursemeet0_.period as period2_0_,
        coursemeet0_.location as location2_0_ 
    from
        CourseMeeting coursemeet0_ 
    where
        coursemeet0_.courseCode=?
14:18:10,573 DEBUG BaseGeneralDataRegion:59 - Caching[foo.org.hibernate.cache.internal.StandardQueryCache] : [sql: select this_.studentId as studentId4_2_, this_.name_first as name2_4_2_, this_.name_middle as name3_4_2_, this_.name_last as name4_4_2_, this_.preferredCourseCode as preferre5_4_2_, a1_.studentNumber as studentN8_4_4_, a1_.id as id0_4_, a1_.addressType as addressT2_4_, a1_.id as id0_0_, a1_.addressType as addressT2_0_0_, a1_.street as street0_0_, a1_.city as city0_0_, a1_.stateProvince as statePro5_0_0_, a1_.postalCode as postalCode0_0_, a1_.country as country0_0_, a1_.studentNumber as studentN8_0_0_, course2_.courseCode as courseCode1_1_, course2_.description as descript2_1_1_ from Student this_ left outer join Address a1_ on this_.studentId=a1_.studentNumber inner join Course course2_ on this_.preferredCourseCode=course2_.courseCode order by this_.studentId asc; parameters: ; transformer: org.hibernate.transform.CacheableResultTransformer@2515538] -> [[5579090700587008, [Ljava.io.Serializable;@26280311, [Ljava.io.Serializable;@ce164a9]]
14:18:10,574 DEBUG SQL:104 - 
    select
        this_.studentId as studentId4_2_,
        this_.name_first as name2_4_2_,
        this_.name_middle as name3_4_2_,
        this_.name_last as name4_4_2_,
        this_.preferredCourseCode as preferre5_4_2_,
        a1_.studentNumber as studentN8_4_4_,
        a1_.id as id0_4_,
        a1_.addressType as addressT2_4_,
        a1_.id as id0_0_,
        a1_.addressType as addressT2_0_0_,
        a1_.street as street0_0_,
        a1_.city as city0_0_,
        a1_.stateProvince as statePro5_0_0_,
        a1_.postalCode as postalCode0_0_,
        a1_.country as country0_0_,
        a1_.studentNumber as studentN8_0_0_,
        course2_.courseCode as courseCode1_1_,
        course2_.description as descript2_1_1_ 
    from
        Student this_ 
    left outer join
        Address a1_ 
            on this_.studentId=a1_.studentNumber 
    inner join
        Course course2_ 
            on this_.preferredCourseCode=course2_.courseCode 
    order by
        this_.studentId asc
14:18:10,598 DEBUG SQL:104 - 
    select
        secretcode0_.studentNumber as studentN1_4_0_,
        secretcode0_.secretCode as secretCode5_0_,
        secretcode0_.i as i0_ 
    from
        Student_secretCodes secretcode0_ 
    where
        secretcode0_.studentNumber=?
14:18:10,599 DEBUG SQL:104 - 
    select
        coursemeet0_.courseCode as courseCode1_1_,
        coursemeet0_.courseCode as courseCode2_1_,
        coursemeet0_.day as day2_1_,
        coursemeet0_.period as period2_1_,
        coursemeet0_.location as location2_1_,
        coursemeet0_.courseCode as courseCode2_0_,
        coursemeet0_.day as day2_0_,
        coursemeet0_.period as period2_0_,
        coursemeet0_.location as location2_0_ 
    from
        CourseMeeting coursemeet0_ 
    where
        coursemeet0_.courseCode=?
14:18:10,609 DEBUG BaseGeneralDataRegion:59 - Caching[foo.org.hibernate.cache.internal.StandardQueryCache] : [sql: select this_.studentId as studentId4_2_, this_.name_first as name2_4_2_, this_.name_middle as name3_4_2_, this_.name_last as name4_4_2_, this_.preferredCourseCode as preferre5_4_2_, a1_.studentNumber as studentN8_4_4_, a1_.id as id0_4_, a1_.addressType as addressT2_4_, a1_.id as id0_0_, a1_.addressType as addressT2_0_0_, a1_.street as street0_0_, a1_.city as city0_0_, a1_.stateProvince as statePro5_0_0_, a1_.postalCode as postalCode0_0_, a1_.country as country0_0_, a1_.studentNumber as studentN8_0_0_, course2_.courseCode as courseCode1_1_, course2_.description as descript2_1_1_ from Student this_ left outer join Address a1_ on this_.studentId=a1_.studentNumber inner join Course course2_ on this_.preferredCourseCode=course2_.courseCode order by this_.studentId asc; parameters: ; transformer: org.hibernate.transform.CacheableResultTransformer@2515538] -> [[5579090700734464, [Ljava.io.Serializable;@687051b0, [Ljava.io.Serializable;@26032f61]]
14:18:10,610 DEBUG SQL:104 - 
    select
        student_.studentId,
        student_.name_first as name2_4_,
        student_.name_middle as name3_4_,
        student_.name_last as name4_4_,
        student_.preferredCourseCode as preferre5_4_ 
    from
        Student student_ 
    where
        student_.studentId=?
14:18:10,610 DEBUG SQL:104 - 
    select
        enrolment_.studentId,
        enrolment_.courseCode,
        enrolment_.semester as semester3_,
        enrolment_."year" as year4_3_ 
    from
        Enrolment enrolment_ 
    where
        enrolment_.studentId=? 
        and enrolment_.courseCode=?
14:18:10,610 DEBUG SQL:104 - 
    select
        course_.courseCode,
        course_.description as descript2_1_ 
    from
        Course course_ 
    where
        course_.courseCode=?
14:18:10,620 DEBUG SQL:104 - 
    select
        student_.studentId,
        student_.name_first as name2_4_,
        student_.name_middle as name3_4_,
        student_.name_last as name4_4_,
        student_.preferredCourseCode as preferre5_4_ 
    from
        Student student_ 
    where
        student_.studentId=?
14:18:10,621 DEBUG SQL:104 - 
    select
        enrolment_.studentId,
        enrolment_.courseCode,
        enrolment_.semester as semester3_,
        enrolment_."year" as year4_3_ 
    from
        Enrolment enrolment_ 
    where
        enrolment_.studentId=? 
        and enrolment_.courseCode=?
14:18:10,621 DEBUG SQL:104 - 
    select
        coursemeet_.courseCode,
        coursemeet_.day,
        coursemeet_.period,
        coursemeet_.location 
    from
        CourseMeeting coursemeet_ 
    where
        coursemeet_.courseCode=? 
        and coursemeet_.day=? 
        and coursemeet_.period=? 
        and coursemeet_.location=?
14:18:10,630 DEBUG SQL:104 - 
    select
        coursemeet_.courseCode,
        coursemeet_.day,
        coursemeet_.period,
        coursemeet_.location 
    from
        CourseMeeting coursemeet_ 
    where
        coursemeet_.courseCode=? 
        and coursemeet_.day=? 
        and coursemeet_.period=? 
        and coursemeet_.location=?
14:18:10,631 DEBUG BaseGeneralDataRegion:59 - Caching[foo.org.hibernate.cache.spi.UpdateTimestampsCache] : [Enrolment] -> [5579090946584576]
14:18:10,631 DEBUG SQL:104 - 
    update
        Address 
    set
        studentNumber=null,
        addressType=null 
    where
        studentNumber=?
14:18:10,641 DEBUG BaseGeneralDataRegion:59 - Caching[foo.org.hibernate.cache.spi.UpdateTimestampsCache] : [Address] -> [5579090946625536]
14:18:10,641 DEBUG SQL:104 - 
    delete 
    from
        Student_secretCodes 
    where
        studentNumber=?
14:18:10,641 DEBUG BaseGeneralDataRegion:59 - Caching[foo.org.hibernate.cache.spi.UpdateTimestampsCache] : [Student_secretCodes] -> [5579090946625537]
14:18:10,641 DEBUG BaseGeneralDataRegion:59 - Caching[foo.org.hibernate.cache.spi.UpdateTimestampsCache] : [Enrolment] -> [5579090946625538]
14:18:10,641 DEBUG BaseGeneralDataRegion:59 - Caching[foo.org.hibernate.cache.spi.UpdateTimestampsCache] : [Address] -> [5579090946625539]
14:18:10,641 DEBUG SQL:104 - 
    delete 
    from
        Student_secretCodes 
    where
        studentNumber=?
14:18:10,641 DEBUG BaseGeneralDataRegion:59 - Caching[foo.org.hibernate.cache.spi.UpdateTimestampsCache] : [Student_secretCodes] -> [5579090946625540]
14:18:10,642 DEBUG BaseGeneralDataRegion:59 - Caching[foo.org.hibernate.cache.spi.UpdateTimestampsCache] : [CourseMeeting] -> [5579090946629632]
14:18:10,642 DEBUG SQL:104 - 
    delete 
    from
        Enrolment 
    where
        studentId=? 
        and courseCode=?
14:18:10,642 DEBUG BaseGeneralDataRegion:59 - Caching[foo.org.hibernate.cache.spi.UpdateTimestampsCache] : [Enrolment] -> [5579090946629633]
14:18:10,642 DEBUG SQL:104 - 
    delete 
    from
        Address 
    where
        id=?
14:18:10,651 DEBUG BaseGeneralDataRegion:59 - Caching[foo.org.hibernate.cache.spi.UpdateTimestampsCache] : [Address] -> [5579090946666496]
14:18:10,651 DEBUG SQL:104 - 
    delete 
    from
        Address 
    where
        id=?
14:18:10,651 DEBUG BaseGeneralDataRegion:59 - Caching[foo.org.hibernate.cache.spi.UpdateTimestampsCache] : [Address] -> [5579090946666497]
14:18:10,652 DEBUG SQL:104 - 
    delete 
    from
        Student 
    where
        studentId=?
14:18:10,652 DEBUG BaseGeneralDataRegion:59 - Caching[foo.org.hibernate.cache.spi.UpdateTimestampsCache] : [Student] -> [5579090946670592]
14:18:10,652 DEBUG SQL:104 - 
    delete 
    from
        Enrolment 
    where
        studentId=? 
        and courseCode=?
14:18:10,652 DEBUG BaseGeneralDataRegion:59 - Caching[foo.org.hibernate.cache.spi.UpdateTimestampsCache] : [Enrolment] -> [5579090946670593]
14:18:10,652 DEBUG SQL:104 - 
    delete 
    from
        Student 
    where
        studentId=?
14:18:10,661 DEBUG BaseGeneralDataRegion:59 - Caching[foo.org.hibernate.cache.spi.UpdateTimestampsCache] : [Student] -> [5579090946707456]
14:18:10,662 DEBUG SQL:104 - 
    delete 
    from
        CourseMeeting 
    where
        courseCode=? 
        and day=? 
        and period=? 
        and location=?
14:18:10,662 DEBUG BaseGeneralDataRegion:59 - Caching[foo.org.hibernate.cache.spi.UpdateTimestampsCache] : [CourseMeeting] -> [5579090946711552]
14:18:10,662 DEBUG SQL:104 - 
    delete 
    from
        CourseMeeting 
    where
        courseCode=? 
        and day=? 
        and period=? 
        and location=?
14:18:10,662 DEBUG BaseGeneralDataRegion:59 - Caching[foo.org.hibernate.cache.spi.UpdateTimestampsCache] : [CourseMeeting] -> [5579090946711553]
14:18:10,662 DEBUG SQL:104 - 
    delete 
    from
        Course 
    where
        courseCode=?
14:18:10,817 DEBUG BaseGeneralDataRegion:59 - Caching[foo.org.hibernate.cache.spi.UpdateTimestampsCache] : [Course] -> [5579090947346432]
14:18:10,817 DEBUG BaseGeneralDataRegion:59 - Caching[foo.org.hibernate.cache.spi.UpdateTimestampsCache] : [Student] -> [5579090701586433]
14:18:10,817 DEBUG BaseGeneralDataRegion:59 - Caching[foo.org.hibernate.cache.spi.UpdateTimestampsCache] : [Course] -> [5579090701586433]
14:18:10,818 DEBUG BaseGeneralDataRegion:59 - Caching[foo.org.hibernate.cache.spi.UpdateTimestampsCache] : [Enrolment] -> [5579090701586433]
14:18:10,818 DEBUG BaseGeneralDataRegion:59 - Caching[foo.org.hibernate.cache.spi.UpdateTimestampsCache] : [Student_secretCodes] -> [5579090701586433]
14:18:10,818 DEBUG BaseGeneralDataRegion:59 - Caching[foo.org.hibernate.cache.spi.UpdateTimestampsCache] : [Address] -> [5579090701586433]
14:18:10,818 DEBUG BaseGeneralDataRegion:59 - Caching[foo.org.hibernate.cache.spi.UpdateTimestampsCache] : [CourseMeeting] -> [5579090701586433]
14:18:10,818  INFO CustomRunner:139 - Test: testAliasToEntityMapOneProjectionList
14:18:10,819 DEBUG SQL:104 - 
    select
        coursemeet_.courseCode,
        coursemeet_.day,
        coursemeet_.period,
        coursemeet_.location 
    from
        CourseMeeting coursemeet_ 
    where
        coursemeet_.courseCode=? 
        and coursemeet_.day=? 
        and coursemeet_.period=? 
        and coursemeet_.location=?
14:18:10,820 DEBUG SQL:104 - 
    select
        coursemeet_.courseCode,
        coursemeet_.day,
        coursemeet_.period,
        coursemeet_.location 
    from
        CourseMeeting coursemeet_ 
    where
        coursemeet_.courseCode=? 
        and coursemeet_.day=? 
        and coursemeet_.period=? 
        and coursemeet_.location=?
14:18:10,821 DEBUG SQL:104 - 
    insert 
    into
        Course
        (description, courseCode) 
    values
        (?, ?)
14:18:10,821 DEBUG BaseGeneralDataRegion:59 - Caching[foo.org.hibernate.cache.spi.UpdateTimestampsCache] : [Course] -> [5579090947362816]
14:18:10,821 DEBUG SQL:104 - 
    insert 
    into
        CourseMeeting
        (courseCode, day, period, location) 
    values
        (?, ?, ?, ?)
14:18:10,821 DEBUG BaseGeneralDataRegion:59 - Caching[foo.org.hibernate.cache.spi.UpdateTimestampsCache] : [CourseMeeting] -> [5579090947362817]
14:18:10,821 DEBUG SQL:104 - 
    insert 
    into
        CourseMeeting
        (courseCode, day, period, location) 
    values
        (?, ?, ?, ?)
14:18:10,832 DEBUG BaseGeneralDataRegion:59 - Caching[foo.org.hibernate.cache.spi.UpdateTimestampsCache] : [CourseMeeting] -> [5579090947407872]
14:18:10,832 DEBUG SQL:104 - 
    insert 
    into
        Student
        (name_first, name_middle, name_last, preferredCourseCode, studentId) 
    values
        (?, ?, ?, ?, ?)
14:18:10,832 DEBUG BaseGeneralDataRegion:59 - Caching[foo.org.hibernate.cache.spi.UpdateTimestampsCache] : [Student] -> [5579090947407873]
14:18:10,833 DEBUG SQL:104 - 
    insert 
    into
        Address
        (addressType, street, city, stateProvince, postalCode, country, studentNumber, id) 
    values
        (?, ?, ?, ?, ?, ?, ?, ?)
14:18:10,833 DEBUG BaseGeneralDataRegion:59 - Caching[foo.org.hibernate.cache.spi.UpdateTimestampsCache] : [Address] -> [5579090947411968]
14:18:10,833 DEBUG SQL:104 - 
    insert 
    into
        Address
        (addressType, street, city, stateProvince, postalCode, country, studentNumber, id) 
    values
        (?, ?, ?, ?, ?, ?, ?, ?)
14:18:10,833 DEBUG BaseGeneralDataRegion:59 - Caching[foo.org.hibernate.cache.spi.UpdateTimestampsCache] : [Address] -> [5579090947411969]
14:18:10,833 DEBUG SQL:104 - 
    insert 
    into
        Student
        (name_first, name_middle, name_last, preferredCourseCode, studentId) 
    values
        (?, ?, ?, ?, ?)
14:18:10,852 DEBUG BaseGeneralDataRegion:59 - Caching[foo.org.hibernate.cache.spi.UpdateTimestampsCache] : [Student] -> [5579090947489792]
14:18:10,852 DEBUG SQL:104 - 
    insert 
    into
        Enrolment
        (semester, "year", studentId, courseCode) 
    values
        (?, ?, ?, ?)
14:18:10,853 DEBUG BaseGeneralDataRegion:59 - Caching[foo.org.hibernate.cache.spi.UpdateTimestampsCache] : [Enrolment] -> [5579090947493888]
14:18:10,853 DEBUG SQL:104 - 
    insert 
    into
        Enrolment
        (semester, "year", studentId, courseCode) 
    values
        (?, ?, ?, ?)
14:18:10,853 DEBUG BaseGeneralDataRegion:59 - Caching[foo.org.hibernate.cache.spi.UpdateTimestampsCache] : [Enrolment] -> [5579090947493889]
14:18:10,853 DEBUG BaseGeneralDataRegion:59 - Caching[foo.org.hibernate.cache.spi.UpdateTimestampsCache] : [CourseMeeting] -> [5579090947493890]
14:18:10,853 DEBUG BaseGeneralDataRegion:59 - Caching[foo.org.hibernate.cache.spi.UpdateTimestampsCache] : [Enrolment] -> [5579090947493891]
14:18:10,853 DEBUG SQL:104 - 
    update
        Address 
    set
        studentNumber=?,
        addressType=? 
    where
        id=?
14:18:10,854 DEBUG SQL:104 - 
    update
        Address 
    set
        studentNumber=?,
        addressType=? 
    where
        id=?
14:18:10,854 DEBUG BaseGeneralDataRegion:59 - Caching[foo.org.hibernate.cache.spi.UpdateTimestampsCache] : [Address] -> [5579090947497984]
14:18:10,854 DEBUG SQL:104 - 
    insert 
    into
        Student_secretCodes
        (studentNumber, i, secretCode) 
    values
        (?, ?, ?)
14:18:10,865 DEBUG BaseGeneralDataRegion:59 - Caching[foo.org.hibernate.cache.spi.UpdateTimestampsCache] : [Student_secretCodes] -> [5579090947543040]
14:18:10,865 DEBUG BaseGeneralDataRegion:59 - Caching[foo.org.hibernate.cache.spi.UpdateTimestampsCache] : [Enrolment] -> [5579090947543041]
14:18:10,866 DEBUG BaseGeneralDataRegion:59 - Caching[foo.org.hibernate.cache.spi.UpdateTimestampsCache] : [Address] -> [5579090947547136]
14:18:10,866 DEBUG SQL:104 - 
    insert 
    into
        Student_secretCodes
        (studentNumber, i, secretCode) 
    values
        (?, ?, ?)
14:18:10,866 DEBUG SQL:104 - 
    insert 
    into
        Student_secretCodes
        (studentNumber, i, secretCode) 
    values
        (?, ?, ?)
14:18:10,866 DEBUG BaseGeneralDataRegion:59 - Caching[foo.org.hibernate.cache.spi.UpdateTimestampsCache] : [Student_secretCodes] -> [5579090947547137]
14:18:10,866 DEBUG BaseGeneralDataRegion:59 - Caching[foo.org.hibernate.cache.spi.UpdateTimestampsCache] : [Student] -> [5579090701787138]
14:18:10,866 DEBUG BaseGeneralDataRegion:59 - Caching[foo.org.hibernate.cache.spi.UpdateTimestampsCache] : [Course] -> [5579090701787138]
14:18:10,866 DEBUG BaseGeneralDataRegion:59 - Caching[foo.org.hibernate.cache.spi.UpdateTimestampsCache] : [Enrolment] -> [5579090701787138]
14:18:10,866 DEBUG BaseGeneralDataRegion:59 - Caching[foo.org.hibernate.cache.spi.UpdateTimestampsCache] : [Student_secretCodes] -> [5579090701787138]
14:18:10,867 DEBUG BaseGeneralDataRegion:59 - Caching[foo.org.hibernate.cache.spi.UpdateTimestampsCache] : [Address] -> [5579090701787138]
14:18:10,867 DEBUG BaseGeneralDataRegion:59 - Caching[foo.org.hibernate.cache.spi.UpdateTimestampsCache] : [CourseMeeting] -> [5579090701787138]
14:18:10,867 DEBUG SQL:104 - 
    select
        this_.studentId as y0_ 
    from
        Enrolment this_ 
    order by
        this_.studentId asc
14:18:10,875 DEBUG BaseGeneralDataRegion:59 - Caching[foo.org.hibernate.cache.internal.StandardQueryCache] : [sql: select this_.studentId as y0_ from Enrolment this_ order by this_.studentId asc; parameters: ; transformer: org.hibernate.transform.CacheableResultTransformer@110f2] -> [[5579090701824000, 111, 999]]
14:18:10,875 DEBUG SQL:104 - 
    select
        this_.studentId as y0_ 
    from
        Enrolment this_ 
    order by
        this_.studentId asc
14:18:10,876 DEBUG BaseGeneralDataRegion:59 - Caching[foo.org.hibernate.cache.internal.StandardQueryCache] : [sql: select this_.studentId as y0_ from Enrolment this_ order by this_.studentId asc; parameters: ; transformer: org.hibernate.transform.CacheableResultTransformer@110f2] -> [[5579090701828096, 111, 999]]
14:18:10,876 DEBUG SQL:104 - 
    select
        student_.studentId,
        student_.name_first as name2_4_,
        student_.name_middle as name3_4_,
        student_.name_last as name4_4_,
        student_.preferredCourseCode as preferre5_4_ 
    from
        Student student_ 
    where
        student_.studentId=?
14:18:10,876 DEBUG SQL:104 - 
    select
        enrolment_.studentId,
        enrolment_.courseCode,
        enrolment_.semester as semester3_,
        enrolment_."year" as year4_3_ 
    from
        Enrolment enrolment_ 
    where
        enrolment_.studentId=? 
        and enrolment_.courseCode=?
14:18:10,885 DEBUG SQL:104 - 
    select
        course_.courseCode,
        course_.description as descript2_1_ 
    from
        Course course_ 
    where
        course_.courseCode=?
14:18:10,885 DEBUG SQL:104 - 
    select
        student_.studentId,
        student_.name_first as name2_4_,
        student_.name_middle as name3_4_,
        student_.name_last as name4_4_,
        student_.preferredCourseCode as preferre5_4_ 
    from
        Student student_ 
    where
        student_.studentId=?
14:18:10,886 DEBUG SQL:104 - 
    select
        enrolment_.studentId,
        enrolment_.courseCode,
        enrolment_.semester as semester3_,
        enrolment_."year" as year4_3_ 
    from
        Enrolment enrolment_ 
    where
        enrolment_.studentId=? 
        and enrolment_.courseCode=?
14:18:10,896 DEBUG SQL:104 - 
    select
        coursemeet_.courseCode,
        coursemeet_.day,
        coursemeet_.period,
        coursemeet_.location 
    from
        CourseMeeting coursemeet_ 
    where
        coursemeet_.courseCode=? 
        and coursemeet_.day=? 
        and coursemeet_.period=? 
        and coursemeet_.location=?
14:18:10,896 DEBUG SQL:104 - 
    select
        coursemeet_.courseCode,
        coursemeet_.day,
        coursemeet_.period,
        coursemeet_.location 
    from
        CourseMeeting coursemeet_ 
    where
        coursemeet_.courseCode=? 
        and coursemeet_.day=? 
        and coursemeet_.period=? 
        and coursemeet_.location=?
14:18:10,897 DEBUG BaseGeneralDataRegion:59 - Caching[foo.org.hibernate.cache.spi.UpdateTimestampsCache] : [Enrolment] -> [5579090947674112]
14:18:10,897 DEBUG SQL:104 - 
    update
        Address 
    set
        studentNumber=null,
        addressType=null 
    where
        studentNumber=?
14:18:10,897 DEBUG BaseGeneralDataRegion:59 - Caching[foo.org.hibernate.cache.spi.UpdateTimestampsCache] : [Address] -> [5579090947674113]
14:18:10,897 DEBUG SQL:104 - 
    delete 
    from
        Student_secretCodes 
    where
        studentNumber=?
14:18:10,897 DEBUG BaseGeneralDataRegion:59 - Caching[foo.org.hibernate.cache.spi.UpdateTimestampsCache] : [Student_secretCodes] -> [5579090947674114]
14:18:10,897 DEBUG BaseGeneralDataRegion:59 - Caching[foo.org.hibernate.cache.spi.UpdateTimestampsCache] : [Enrolment] -> [5579090947674115]
14:18:10,897 DEBUG BaseGeneralDataRegion:59 - Caching[foo.org.hibernate.cache.spi.UpdateTimestampsCache] : [Address] -> [5579090947674116]
14:18:10,898 DEBUG SQL:104 - 
    delete 
    from
        Student_secretCodes 
    where
        studentNumber=?
14:18:10,898 DEBUG BaseGeneralDataRegion:59 - Caching[foo.org.hibernate.cache.spi.UpdateTimestampsCache] : [Student_secretCodes] -> [5579090947678208]
14:18:10,898 DEBUG BaseGeneralDataRegion:59 - Caching[foo.org.hibernate.cache.spi.UpdateTimestampsCache] : [CourseMeeting] -> [5579090947678209]
14:18:10,898 DEBUG SQL:104 - 
    delete 
    from
        Enrolment 
    where
        studentId=? 
        and courseCode=?
14:18:10,898 DEBUG BaseGeneralDataRegion:59 - Caching[foo.org.hibernate.cache.spi.UpdateTimestampsCache] : [Enrolment] -> [5579090947678210]
14:18:10,898 DEBUG SQL:104 - 
    delete 
    from
        Address 
    where
        id=?
14:18:10,898 DEBUG BaseGeneralDataRegion:59 - Caching[foo.org.hibernate.cache.spi.UpdateTimestampsCache] : [Address] -> [5579090947678211]
14:18:10,899 DEBUG SQL:104 - 
    delete 
    from
        Address 
    where
        id=?
14:18:10,917 DEBUG BaseGeneralDataRegion:59 - Caching[foo.org.hibernate.cache.spi.UpdateTimestampsCache] : [Address] -> [5579090947756032]
14:18:10,917 DEBUG SQL:104 - 
    delete 
    from
        Student 
    where
        studentId=?
14:18:10,918 DEBUG BaseGeneralDataRegion:59 - Caching[foo.org.hibernate.cache.spi.UpdateTimestampsCache] : [Student] -> [5579090947760128]
14:18:10,918 DEBUG SQL:104 - 
    delete 
    from
        Enrolment 
    where
        studentId=? 
        and courseCode=?
14:18:10,918 DEBUG BaseGeneralDataRegion:59 - Caching[foo.org.hibernate.cache.spi.UpdateTimestampsCache] : [Enrolment] -> [5579090947760129]
14:18:10,918 DEBUG SQL:104 - 
    delete 
    from
        Student 
    where
        studentId=?
14:18:10,918 DEBUG BaseGeneralDataRegion:59 - Caching[foo.org.hibernate.cache.spi.UpdateTimestampsCache] : [Student] -> [5579090947760130]
14:18:10,918 DEBUG SQL:104 - 
    delete 
    from
        CourseMeeting 
    where
        courseCode=? 
        and day=? 
        and period=? 
        and location=?
14:18:10,929 DEBUG BaseGeneralDataRegion:59 - Caching[foo.org.hibernate.cache.spi.UpdateTimestampsCache] : [CourseMeeting] -> [5579090947805184]
14:18:10,930 DEBUG SQL:104 - 
    delete 
    from
        CourseMeeting 
    where
        courseCode=? 
        and day=? 
        and period=? 
        and location=?
14:18:10,930 DEBUG BaseGeneralDataRegion:59 - Caching[foo.org.hibernate.cache.spi.UpdateTimestampsCache] : [CourseMeeting] -> [5579090947809280]
14:18:10,930 DEBUG SQL:104 - 
    delete 
    from
        Course 
    where
        courseCode=?
14:18:10,930 DEBUG BaseGeneralDataRegion:59 - Caching[foo.org.hibernate.cache.spi.UpdateTimestampsCache] : [Course] -> [5579090947809281]
14:18:10,930 DEBUG BaseGeneralDataRegion:59 - Caching[foo.org.hibernate.cache.spi.UpdateTimestampsCache] : [Student] -> [5579090702049282]
14:18:10,930 DEBUG BaseGeneralDataRegion:59 - Caching[foo.org.hibernate.cache.spi.UpdateTimestampsCache] : [Course] -> [5579090702049282]
14:18:10,931 DEBUG BaseGeneralDataRegion:59 - Caching[foo.org.hibernate.cache.spi.UpdateTimestampsCache] : [Enrolment] -> [5579090702049282]
14:18:10,931 DEBUG BaseGeneralDataRegion:59 - Caching[foo.org.hibernate.cache.spi.UpdateTimestampsCache] : [Student_secretCodes] -> [5579090702049282]
14:18:10,931 DEBUG BaseGeneralDataRegion:59 - Caching[foo.org.hibernate.cache.spi.UpdateTimestampsCache] : [Address] -> [5579090702049282]
14:18:10,931 DEBUG BaseGeneralDataRegion:59 - Caching[foo.org.hibernate.cache.spi.UpdateTimestampsCache] : [CourseMeeting] -> [5579090702049282]
14:18:10,940  INFO CustomRunner:139 - Test: testEntityWithAliasedJoinFetchedLazyOneToManySingleElementListHql
14:18:10,941 DEBUG SQL:104 - 
    select
        coursemeet_.courseCode,
        coursemeet_.day,
        coursemeet_.period,
        coursemeet_.location 
    from
        CourseMeeting coursemeet_ 
    where
        coursemeet_.courseCode=? 
        and coursemeet_.day=? 
        and coursemeet_.period=? 
        and coursemeet_.location=?
14:18:10,942 DEBUG SQL:104 - 
    select
        coursemeet_.courseCode,
        coursemeet_.day,
        coursemeet_.period,
        coursemeet_.location 
    from
        CourseMeeting coursemeet_ 
    where
        coursemeet_.courseCode=? 
        and coursemeet_.day=? 
        and coursemeet_.period=? 
        and coursemeet_.location=?
14:18:10,943 DEBUG SQL:104 - 
    insert 
    into
        Course
        (description, courseCode) 
    values
        (?, ?)
14:18:10,943 DEBUG BaseGeneralDataRegion:59 - Caching[foo.org.hibernate.cache.spi.UpdateTimestampsCache] : [Course] -> [5579090947862528]
14:18:10,943 DEBUG SQL:104 - 
    insert 
    into
        CourseMeeting
        (courseCode, day, period, location) 
    values
        (?, ?, ?, ?)
14:18:10,943 DEBUG BaseGeneralDataRegion:59 - Caching[foo.org.hibernate.cache.spi.UpdateTimestampsCache] : [CourseMeeting] -> [5579090947862529]
14:18:10,943 DEBUG SQL:104 - 
    insert 
    into
        CourseMeeting
        (courseCode, day, period, location) 
    values
        (?, ?, ?, ?)
14:18:10,944 DEBUG BaseGeneralDataRegion:59 - Caching[foo.org.hibernate.cache.spi.UpdateTimestampsCache] : [CourseMeeting] -> [5579090947866624]
14:18:10,944 DEBUG SQL:104 - 
    insert 
    into
        Student
        (name_first, name_middle, name_last, preferredCourseCode, studentId) 
    values
        (?, ?, ?, ?, ?)
14:18:10,956 DEBUG BaseGeneralDataRegion:59 - Caching[foo.org.hibernate.cache.spi.UpdateTimestampsCache] : [Student] -> [5579090947915776]
14:18:10,956 DEBUG SQL:104 - 
    insert 
    into
        Address
        (addressType, street, city, stateProvince, postalCode, country, studentNumber, id) 
    values
        (?, ?, ?, ?, ?, ?, ?, ?)
14:18:10,957 DEBUG BaseGeneralDataRegion:59 - Caching[foo.org.hibernate.cache.spi.UpdateTimestampsCache] : [Address] -> [5579090947919872]
14:18:10,957 DEBUG SQL:104 - 
    insert 
    into
        Address
        (addressType, street, city, stateProvince, postalCode, country, studentNumber, id) 
    values
        (?, ?, ?, ?, ?, ?, ?, ?)
14:18:10,957 DEBUG BaseGeneralDataRegion:59 - Caching[foo.org.hibernate.cache.spi.UpdateTimestampsCache] : [Address] -> [5579090947919873]
14:18:10,957 DEBUG SQL:104 - 
    insert 
    into
        Student
        (name_first, name_middle, name_last, preferredCourseCode, studentId) 
    values
        (?, ?, ?, ?, ?)
14:18:10,957 DEBUG BaseGeneralDataRegion:59 - Caching[foo.org.hibernate.cache.spi.UpdateTimestampsCache] : [Student] -> [5579090947919874]
14:18:10,957 DEBUG SQL:104 - 
    insert 
    into
        Enrolment
        (semester, "year", studentId, courseCode) 
    values
        (?, ?, ?, ?)
14:18:10,970 DEBUG BaseGeneralDataRegion:59 - Caching[foo.org.hibernate.cache.spi.UpdateTimestampsCache] : [Enrolment] -> [5579090947973120]
14:18:10,970 DEBUG SQL:104 - 
    insert 
    into
        Enrolment
        (semester, "year", studentId, courseCode) 
    values
        (?, ?, ?, ?)
14:18:10,970 DEBUG BaseGeneralDataRegion:59 - Caching[foo.org.hibernate.cache.spi.UpdateTimestampsCache] : [Enrolment] -> [5579090947973121]
14:18:10,971 DEBUG BaseGeneralDataRegion:59 - Caching[foo.org.hibernate.cache.spi.UpdateTimestampsCache] : [CourseMeeting] -> [5579090947977216]
14:18:10,971 DEBUG BaseGeneralDataRegion:59 - Caching[foo.org.hibernate.cache.spi.UpdateTimestampsCache] : [Enrolment] -> [5579090947977217]
14:18:10,971 DEBUG SQL:104 - 
    update
        Address 
    set
        studentNumber=?,
        addressType=? 
    where
        id=?
14:18:10,971 DEBUG SQL:104 - 
    update
        Address 
    set
        studentNumber=?,
        addressType=? 
    where
        id=?
14:18:10,971 DEBUG BaseGeneralDataRegion:59 - Caching[foo.org.hibernate.cache.spi.UpdateTimestampsCache] : [Address] -> [5579090947977218]
14:18:10,971 DEBUG SQL:104 - 
    insert 
    into
        Student_secretCodes
        (studentNumber, i, secretCode) 
    values
        (?, ?, ?)
14:18:10,971 DEBUG BaseGeneralDataRegion:59 - Caching[foo.org.hibernate.cache.spi.UpdateTimestampsCache] : [Student_secretCodes] -> [5579090947977219]
14:18:10,972 DEBUG BaseGeneralDataRegion:59 - Caching[foo.org.hibernate.cache.spi.UpdateTimestampsCache] : [Enrolment] -> [5579090947981312]
14:18:10,972 DEBUG BaseGeneralDataRegion:59 - Caching[foo.org.hibernate.cache.spi.UpdateTimestampsCache] : [Address] -> [5579090947981313]
14:18:10,972 DEBUG SQL:104 - 
    insert 
    into
        Student_secretCodes
        (studentNumber, i, secretCode) 
    values
        (?, ?, ?)
14:18:10,993 DEBUG SQL:104 - 
    insert 
    into
        Student_secretCodes
        (studentNumber, i, secretCode) 
    values
        (?, ?, ?)
14:18:10,993 DEBUG BaseGeneralDataRegion:59 - Caching[foo.org.hibernate.cache.spi.UpdateTimestampsCache] : [Student_secretCodes] -> [5579090948067328]
14:18:10,993 DEBUG BaseGeneralDataRegion:59 - Caching[foo.org.hibernate.cache.spi.UpdateTimestampsCache] : [Student] -> [5579090702307329]
14:18:10,994 DEBUG BaseGeneralDataRegion:59 - Caching[foo.org.hibernate.cache.spi.UpdateTimestampsCache] : [Course] -> [5579090702307329]
14:18:10,994 DEBUG BaseGeneralDataRegion:59 - Caching[foo.org.hibernate.cache.spi.UpdateTimestampsCache] : [Enrolment] -> [5579090702307329]
14:18:10,994 DEBUG BaseGeneralDataRegion:59 - Caching[foo.org.hibernate.cache.spi.UpdateTimestampsCache] : [Student_secretCodes] -> [5579090702307329]
14:18:10,994 DEBUG BaseGeneralDataRegion:59 - Caching[foo.org.hibernate.cache.spi.UpdateTimestampsCache] : [Address] -> [5579090702307329]
14:18:10,994 DEBUG BaseGeneralDataRegion:59 - Caching[foo.org.hibernate.cache.spi.UpdateTimestampsCache] : [CourseMeeting] -> [5579090702307329]
14:18:10,994 DEBUG SQL:104 - 
    select
        student_.studentId,
        student_.name_first as name2_4_,
        student_.name_middle as name3_4_,
        student_.name_last as name4_4_,
        student_.preferredCourseCode as preferre5_4_ 
    from
        Student student_ 
    where
        student_.studentId=?
14:18:10,995 DEBUG SQL:104 - 
    select
        enrolment_.studentId,
        enrolment_.courseCode,
        enrolment_.semester as semester3_,
        enrolment_."year" as year4_3_ 
    from
        Enrolment enrolment_ 
    where
        enrolment_.studentId=? 
        and enrolment_.courseCode=?
14:18:11,003 DEBUG SQL:104 - 
    select
        course_.courseCode,
        course_.description as descript2_1_ 
    from
        Course course_ 
    where
        course_.courseCode=?
14:18:11,004 DEBUG SQL:104 - 
    select
        student_.studentId,
        student_.name_first as name2_4_,
        student_.name_middle as name3_4_,
        student_.name_last as name4_4_,
        student_.preferredCourseCode as preferre5_4_ 
    from
        Student student_ 
    where
        student_.studentId=?
14:18:11,004 DEBUG SQL:104 - 
    select
        enrolment_.studentId,
        enrolment_.courseCode,
        enrolment_.semester as semester3_,
        enrolment_."year" as year4_3_ 
    from
        Enrolment enrolment_ 
    where
        enrolment_.studentId=? 
        and enrolment_.courseCode=?
14:18:11,017 DEBUG SQL:104 - 
    select
        coursemeet_.courseCode,
        coursemeet_.day,
        coursemeet_.period,
        coursemeet_.location 
    from
        CourseMeeting coursemeet_ 
    where
        coursemeet_.courseCode=? 
        and coursemeet_.day=? 
        and coursemeet_.period=? 
        and coursemeet_.location=?
14:18:11,017 DEBUG SQL:104 - 
    select
        coursemeet_.courseCode,
        coursemeet_.day,
        coursemeet_.period,
        coursemeet_.location 
    from
        CourseMeeting coursemeet_ 
    where
        coursemeet_.courseCode=? 
        and coursemeet_.day=? 
        and coursemeet_.period=? 
        and coursemeet_.location=?
14:18:11,027 DEBUG BaseGeneralDataRegion:59 - Caching[foo.org.hibernate.cache.spi.UpdateTimestampsCache] : [Enrolment] -> [5579090948206592]
14:18:11,028 DEBUG SQL:104 - 
    update
        Address 
    set
        studentNumber=null,
        addressType=null 
    where
        studentNumber=?
14:18:11,028 DEBUG BaseGeneralDataRegion:59 - Caching[foo.org.hibernate.cache.spi.UpdateTimestampsCache] : [Address] -> [5579090948210688]
14:18:11,028 DEBUG SQL:104 - 
    delete 
    from
        Student_secretCodes 
    where
        studentNumber=?
14:18:11,028 DEBUG BaseGeneralDataRegion:59 - Caching[foo.org.hibernate.cache.spi.UpdateTimestampsCache] : [Student_secretCodes] -> [5579090948210689]
14:18:11,028 DEBUG BaseGeneralDataRegion:59 - Caching[foo.org.hibernate.cache.spi.UpdateTimestampsCache] : [Enrolment] -> [5579090948210690]
14:18:11,029 DEBUG BaseGeneralDataRegion:59 - Caching[foo.org.hibernate.cache.spi.UpdateTimestampsCache] : [Address] -> [5579090948214784]
14:18:11,029 DEBUG SQL:104 - 
    delete 
    from
        Student_secretCodes 
    where
        studentNumber=?
14:18:11,036 DEBUG BaseGeneralDataRegion:59 - Caching[foo.org.hibernate.cache.spi.UpdateTimestampsCache] : [Student_secretCodes] -> [5579090948243456]
14:18:11,036 DEBUG BaseGeneralDataRegion:59 - Caching[foo.org.hibernate.cache.spi.UpdateTimestampsCache] : [CourseMeeting] -> [5579090948243457]
14:18:11,037 DEBUG SQL:104 - 
    delete 
    from
        Enrolment 
    where
        studentId=? 
        and courseCode=?
14:18:11,037 DEBUG BaseGeneralDataRegion:59 - Caching[foo.org.hibernate.cache.spi.UpdateTimestampsCache] : [Enrolment] -> [5579090948247552]
14:18:11,037 DEBUG SQL:104 - 
    delete 
    from
        Address 
    where
        id=?
14:18:11,037 DEBUG BaseGeneralDataRegion:59 - Caching[foo.org.hibernate.cache.spi.UpdateTimestampsCache] : [Address] -> [5579090948247553]
14:18:11,037 DEBUG SQL:104 - 
    delete 
    from
        Address 
    where
        id=?
14:18:11,037 DEBUG BaseGeneralDataRegion:59 - Caching[foo.org.hibernate.cache.spi.UpdateTimestampsCache] : [Address] -> [5579090948247554]
14:18:11,037 DEBUG SQL:104 - 
    delete 
    from
        Student 
    where
        studentId=?
14:18:11,048 DEBUG BaseGeneralDataRegion:59 - Caching[foo.org.hibernate.cache.spi.UpdateTimestampsCache] : [Student] -> [5579090948292608]
14:18:11,048 DEBUG SQL:104 - 
    delete 
    from
        Enrolment 
    where
        studentId=? 
        and courseCode=?
14:18:11,049 DEBUG BaseGeneralDataRegion:59 - Caching[foo.org.hibernate.cache.spi.UpdateTimestampsCache] : [Enrolment] -> [5579090948296704]
14:18:11,049 DEBUG SQL:104 - 
    delete 
    from
        Student 
    where
        studentId=?
14:18:11,049 DEBUG BaseGeneralDataRegion:59 - Caching[foo.org.hibernate.cache.spi.UpdateTimestampsCache] : [Student] -> [5579090948296705]
14:18:11,049 DEBUG SQL:104 - 
    delete 
    from
        CourseMeeting 
    where
        courseCode=? 
        and day=? 
        and period=? 
        and location=?
14:18:11,049 DEBUG BaseGeneralDataRegion:59 - Caching[foo.org.hibernate.cache.spi.UpdateTimestampsCache] : [CourseMeeting] -> [5579090948296706]
14:18:11,049 DEBUG SQL:104 - 
    delete 
    from
        CourseMeeting 
    where
        courseCode=? 
        and day=? 
        and period=? 
        and location=?
14:18:11,058 DEBUG BaseGeneralDataRegion:59 - Caching[foo.org.hibernate.cache.spi.UpdateTimestampsCache] : [CourseMeeting] -> [5579090948333568]
14:18:11,058 DEBUG SQL:104 - 
    delete 
    from
        Course 
    where
        courseCode=?
14:18:11,058 DEBUG BaseGeneralDataRegion:59 - Caching[foo.org.hibernate.cache.spi.UpdateTimestampsCache] : [Course] -> [5579090948333569]
14:18:11,059 DEBUG BaseGeneralDataRegion:59 - Caching[foo.org.hibernate.cache.spi.UpdateTimestampsCache] : [Student] -> [5579090702577664]
14:18:11,059 DEBUG BaseGeneralDataRegion:59 - Caching[foo.org.hibernate.cache.spi.UpdateTimestampsCache] : [Course] -> [5579090702577664]
14:18:11,059 DEBUG BaseGeneralDataRegion:59 - Caching[foo.org.hibernate.cache.spi.UpdateTimestampsCache] : [Enrolment] -> [5579090702577664]
14:18:11,059 DEBUG BaseGeneralDataRegion:59 - Caching[foo.org.hibernate.cache.spi.UpdateTimestampsCache] : [Student_secretCodes] -> [5579090702577664]
14:18:11,059 DEBUG BaseGeneralDataRegion:59 - Caching[foo.org.hibernate.cache.spi.UpdateTimestampsCache] : [Address] -> [5579090702577664]
14:18:11,059 DEBUG BaseGeneralDataRegion:59 - Caching[foo.org.hibernate.cache.spi.UpdateTimestampsCache] : [CourseMeeting] -> [5579090702577664]
14:18:11,060  INFO CustomRunner:139 - Test: testEntityWithJoinFetchedLazyManyToOneList
14:18:11,061 DEBUG SQL:104 - 
    select
        coursemeet_.courseCode,
        coursemeet_.day,
        coursemeet_.period,
        coursemeet_.location 
    from
        CourseMeeting coursemeet_ 
    where
        coursemeet_.courseCode=? 
        and coursemeet_.day=? 
        and coursemeet_.period=? 
        and coursemeet_.location=?
14:18:11,069 DEBUG SQL:104 - 
    select
        coursemeet_.courseCode,
        coursemeet_.day,
        coursemeet_.period,
        coursemeet_.location 
    from
        CourseMeeting coursemeet_ 
    where
        coursemeet_.courseCode=? 
        and coursemeet_.day=? 
        and coursemeet_.period=? 
        and coursemeet_.location=?
14:18:11,070 DEBUG SQL:104 - 
    insert 
    into
        Course
        (description, courseCode) 
    values
        (?, ?)
14:18:11,070 DEBUG BaseGeneralDataRegion:59 - Caching[foo.org.hibernate.cache.spi.UpdateTimestampsCache] : [Course] -> [5579090948382720]
14:18:11,070 DEBUG SQL:104 - 
    insert 
    into
        CourseMeeting
        (courseCode, day, period, location) 
    values
        (?, ?, ?, ?)
14:18:11,071 DEBUG BaseGeneralDataRegion:59 - Caching[foo.org.hibernate.cache.spi.UpdateTimestampsCache] : [CourseMeeting] -> [5579090948386816]
14:18:11,071 DEBUG SQL:104 - 
    insert 
    into
        CourseMeeting
        (courseCode, day, period, location) 
    values
        (?, ?, ?, ?)
14:18:11,071 DEBUG BaseGeneralDataRegion:59 - Caching[foo.org.hibernate.cache.spi.UpdateTimestampsCache] : [CourseMeeting] -> [5579090948386817]
14:18:11,071 DEBUG SQL:104 - 
    insert 
    into
        Student
        (name_first, name_middle, name_last, preferredCourseCode, studentId) 
    values
        (?, ?, ?, ?, ?)
14:18:11,071 DEBUG BaseGeneralDataRegion:59 - Caching[foo.org.hibernate.cache.spi.UpdateTimestampsCache] : [Student] -> [5579090948386818]
14:18:11,071 DEBUG SQL:104 - 
    insert 
    into
        Address
        (addressType, street, city, stateProvince, postalCode, country, studentNumber, id) 
    values
        (?, ?, ?, ?, ?, ?, ?, ?)
14:18:11,072 DEBUG BaseGeneralDataRegion:59 - Caching[foo.org.hibernate.cache.spi.UpdateTimestampsCache] : [Address] -> [5579090948390912]
14:18:11,072 DEBUG SQL:104 - 
    insert 
    into
        Address
        (addressType, street, city, stateProvince, postalCode, country, studentNumber, id) 
    values
        (?, ?, ?, ?, ?, ?, ?, ?)
14:18:11,083 DEBUG BaseGeneralDataRegion:59 - Caching[foo.org.hibernate.cache.spi.UpdateTimestampsCache] : [Address] -> [5579090948435968]
14:18:11,083 DEBUG SQL:104 - 
    insert 
    into
        Student
        (name_first, name_middle, name_last, preferredCourseCode, studentId) 
    values
        (?, ?, ?, ?, ?)
14:18:11,084 DEBUG BaseGeneralDataRegion:59 - Caching[foo.org.hibernate.cache.spi.UpdateTimestampsCache] : [Student] -> [5579090948440064]
14:18:11,084 DEBUG SQL:104 - 
    insert 
    into
        Enrolment
        (semester, "year", studentId, courseCode) 
    values
        (?, ?, ?, ?)
14:18:11,085 DEBUG BaseGeneralDataRegion:59 - Caching[foo.org.hibernate.cache.spi.UpdateTimestampsCache] : [Enrolment] -> [5579090948444160]
14:18:11,085 DEBUG SQL:104 - 
    insert 
    into
        Enrolment
        (semester, "year", studentId, courseCode) 
    values
        (?, ?, ?, ?)
14:18:11,085 DEBUG BaseGeneralDataRegion:59 - Caching[foo.org.hibernate.cache.spi.UpdateTimestampsCache] : [Enrolment] -> [5579090948444161]
14:18:11,094 DEBUG BaseGeneralDataRegion:59 - Caching[foo.org.hibernate.cache.spi.UpdateTimestampsCache] : [CourseMeeting] -> [5579090948481024]
14:18:11,094 DEBUG BaseGeneralDataRegion:59 - Caching[foo.org.hibernate.cache.spi.UpdateTimestampsCache] : [Enrolment] -> [5579090948481025]
14:18:11,094 DEBUG SQL:104 - 
    update
        Address 
    set
        studentNumber=?,
        addressType=? 
    where
        id=?
14:18:11,094 DEBUG SQL:104 - 
    update
        Address 
    set
        studentNumber=?,
        addressType=? 
    where
        id=?
14:18:11,095 DEBUG BaseGeneralDataRegion:59 - Caching[foo.org.hibernate.cache.spi.UpdateTimestampsCache] : [Address] -> [5579090948485120]
14:18:11,095 DEBUG SQL:104 - 
    insert 
    into
        Student_secretCodes
        (studentNumber, i, secretCode) 
    values
        (?, ?, ?)
14:18:11,095 DEBUG BaseGeneralDataRegion:59 - Caching[foo.org.hibernate.cache.spi.UpdateTimestampsCache] : [Student_secretCodes] -> [5579090948485121]
14:18:11,095 DEBUG BaseGeneralDataRegion:59 - Caching[foo.org.hibernate.cache.spi.UpdateTimestampsCache] : [Enrolment] -> [5579090948485122]
14:18:11,095 DEBUG BaseGeneralDataRegion:59 - Caching[foo.org.hibernate.cache.spi.UpdateTimestampsCache] : [Address] -> [5579090948485123]
14:18:11,095 DEBUG SQL:104 - 
    insert 
    into
        Student_secretCodes
        (studentNumber, i, secretCode) 
    values
        (?, ?, ?)
14:18:11,095 DEBUG SQL:104 - 
    insert 
    into
        Student_secretCodes
        (studentNumber, i, secretCode) 
    values
        (?, ?, ?)
14:18:11,096 DEBUG BaseGeneralDataRegion:59 - Caching[foo.org.hibernate.cache.spi.UpdateTimestampsCache] : [Student_secretCodes] -> [5579090948489216]
14:18:11,118 DEBUG BaseGeneralDataRegion:59 - Caching[foo.org.hibernate.cache.spi.UpdateTimestampsCache] : [Student] -> [5579090702819328]
14:18:11,118 DEBUG BaseGeneralDataRegion:59 - Caching[foo.org.hibernate.cache.spi.UpdateTimestampsCache] : [Course] -> [5579090702819328]
14:18:11,118 DEBUG BaseGeneralDataRegion:59 - Caching[foo.org.hibernate.cache.spi.UpdateTimestampsCache] : [Enrolment] -> [5579090702819328]
14:18:11,118 DEBUG BaseGeneralDataRegion:59 - Caching[foo.org.hibernate.cache.spi.UpdateTimestampsCache] : [Student_secretCodes] -> [5579090702819328]
14:18:11,118 DEBUG BaseGeneralDataRegion:59 - Caching[foo.org.hibernate.cache.spi.UpdateTimestampsCache] : [Address] -> [5579090702819328]
14:18:11,118 DEBUG BaseGeneralDataRegion:59 - Caching[foo.org.hibernate.cache.spi.UpdateTimestampsCache] : [CourseMeeting] -> [5579090702819328]
14:18:11,119 DEBUG SQL:104 - 
    select
        this_.studentId as studentId4_1_,
        this_.name_first as name2_4_1_,
        this_.name_middle as name3_4_1_,
        this_.name_last as name4_4_1_,
        this_.preferredCourseCode as preferre5_4_1_,
        course2_.courseCode as courseCode1_0_,
        course2_.description as descript2_1_0_ 
    from
        Student this_ 
    left outer join
        Course course2_ 
            on this_.preferredCourseCode=course2_.courseCode 
    order by
        this_.studentId asc
14:18:11,120 DEBUG SQL:104 - 
    select
        secretcode0_.studentNumber as studentN1_4_0_,
        secretcode0_.secretCode as secretCode5_0_,
        secretcode0_.i as i0_ 
    from
        Student_secretCodes secretcode0_ 
    where
        secretcode0_.studentNumber=?
14:18:11,130 DEBUG SQL:104 - 
    select
        secretcode0_.studentNumber as studentN1_4_0_,
        secretcode0_.secretCode as secretCode5_0_,
        secretcode0_.i as i0_ 
    from
        Student_secretCodes secretcode0_ 
    where
        secretcode0_.studentNumber=?
14:18:11,130 DEBUG SQL:104 - 
    select
        coursemeet0_.courseCode as courseCode1_1_,
        coursemeet0_.courseCode as courseCode2_1_,
        coursemeet0_.day as day2_1_,
        coursemeet0_.period as period2_1_,
        coursemeet0_.location as location2_1_,
        coursemeet0_.courseCode as courseCode2_0_,
        coursemeet0_.day as day2_0_,
        coursemeet0_.period as period2_0_,
        coursemeet0_.location as location2_0_ 
    from
        CourseMeeting coursemeet0_ 
    where
        coursemeet0_.courseCode=?
14:18:11,131 DEBUG BaseGeneralDataRegion:59 - Caching[foo.org.hibernate.cache.internal.StandardQueryCache] : [sql: select this_.studentId as studentId4_1_, this_.name_first as name2_4_1_, this_.name_middle as name3_4_1_, this_.name_last as name4_4_1_, this_.preferredCourseCode as preferre5_4_1_, course2_.courseCode as courseCode1_0_, course2_.description as descript2_1_0_ from Student this_ left outer join Course course2_ on this_.preferredCourseCode=course2_.courseCode order by this_.studentId asc; parameters: ; transformer: org.hibernate.transform.CacheableResultTransformer@13a525] -> [[5579090702872576, 111, 999]]
14:18:11,132 DEBUG SQL:104 - 
    select
        this_.studentId as studentId4_1_,
        this_.name_first as name2_4_1_,
        this_.name_middle as name3_4_1_,
        this_.name_last as name4_4_1_,
        this_.preferredCourseCode as preferre5_4_1_,
        course2_.courseCode as courseCode1_0_,
        course2_.description as descript2_1_0_ 
    from
        Student this_ 
    left outer join
        Course course2_ 
            on this_.preferredCourseCode=course2_.courseCode 
    order by
        this_.studentId asc
14:18:11,141 DEBUG SQL:104 - 
    select
        secretcode0_.studentNumber as studentN1_4_0_,
        secretcode0_.secretCode as secretCode5_0_,
        secretcode0_.i as i0_ 
    from
        Student_secretCodes secretcode0_ 
    where
        secretcode0_.studentNumber=?
14:18:11,142 DEBUG SQL:104 - 
    select
        secretcode0_.studentNumber as studentN1_4_0_,
        secretcode0_.secretCode as secretCode5_0_,
        secretcode0_.i as i0_ 
    from
        Student_secretCodes secretcode0_ 
    where
        secretcode0_.studentNumber=?
14:18:11,151 DEBUG SQL:104 - 
    select
        coursemeet0_.courseCode as courseCode1_1_,
        coursemeet0_.courseCode as courseCode2_1_,
        coursemeet0_.day as day2_1_,
        coursemeet0_.period as period2_1_,
        coursemeet0_.location as location2_1_,
        coursemeet0_.courseCode as courseCode2_0_,
        coursemeet0_.day as day2_0_,
        coursemeet0_.period as period2_0_,
        coursemeet0_.location as location2_0_ 
    from
        CourseMeeting coursemeet0_ 
    where
        coursemeet0_.courseCode=?
14:18:11,152 DEBUG BaseGeneralDataRegion:59 - Caching[foo.org.hibernate.cache.internal.StandardQueryCache] : [sql: select this_.studentId as studentId4_1_, this_.name_first as name2_4_1_, this_.name_middle as name3_4_1_, this_.name_last as name4_4_1_, this_.preferredCourseCode as preferre5_4_1_, course2_.courseCode as courseCode1_0_, course2_.description as descript2_1_0_ from Student this_ left outer join Course course2_ on this_.preferredCourseCode=course2_.courseCode order by this_.studentId asc; parameters: ; transformer: org.hibernate.transform.CacheableResultTransformer@13a525] -> [[5579090702958592, 111, 999]]
14:18:11,152 DEBUG SQL:104 - 
    select
        student_.studentId,
        student_.name_first as name2_4_,
        student_.name_middle as name3_4_,
        student_.name_last as name4_4_,
        student_.preferredCourseCode as preferre5_4_ 
    from
        Student student_ 
    where
        student_.studentId=?
14:18:11,153 DEBUG SQL:104 - 
    select
        enrolment_.studentId,
        enrolment_.courseCode,
        enrolment_.semester as semester3_,
        enrolment_."year" as year4_3_ 
    from
        Enrolment enrolment_ 
    where
        enrolment_.studentId=? 
        and enrolment_.courseCode=?
14:18:11,162 DEBUG SQL:104 - 
    select
        course_.courseCode,
        course_.description as descript2_1_ 
    from
        Course course_ 
    where
        course_.courseCode=?
14:18:11,163 DEBUG SQL:104 - 
    select
        student_.studentId,
        student_.name_first as name2_4_,
        student_.name_middle as name3_4_,
        student_.name_last as name4_4_,
        student_.preferredCourseCode as preferre5_4_ 
    from
        Student student_ 
    where
        student_.studentId=?
14:18:11,163 DEBUG SQL:104 - 
    select
        enrolment_.studentId,
        enrolment_.courseCode,
        enrolment_.semester as semester3_,
        enrolment_."year" as year4_3_ 
    from
        Enrolment enrolment_ 
    where
        enrolment_.studentId=? 
        and enrolment_.courseCode=?
14:18:11,174 DEBUG SQL:104 - 
    select
        coursemeet_.courseCode,
        coursemeet_.day,
        coursemeet_.period,
        coursemeet_.location 
    from
        CourseMeeting coursemeet_ 
    where
        coursemeet_.courseCode=? 
        and coursemeet_.day=? 
        and coursemeet_.period=? 
        and coursemeet_.location=?
14:18:11,174 DEBUG SQL:104 - 
    select
        coursemeet_.courseCode,
        coursemeet_.day,
        coursemeet_.period,
        coursemeet_.location 
    from
        CourseMeeting coursemeet_ 
    where
        coursemeet_.courseCode=? 
        and coursemeet_.day=? 
        and coursemeet_.period=? 
        and coursemeet_.location=?
14:18:11,186 DEBUG BaseGeneralDataRegion:59 - Caching[foo.org.hibernate.cache.spi.UpdateTimestampsCache] : [Enrolment] -> [5579090948857856]
14:18:11,187 DEBUG SQL:104 - 
    update
        Address 
    set
        studentNumber=null,
        addressType=null 
    where
        studentNumber=?
14:18:11,188 DEBUG BaseGeneralDataRegion:59 - Caching[foo.org.hibernate.cache.spi.UpdateTimestampsCache] : [Address] -> [5579090948866048]
14:18:11,188 DEBUG SQL:104 - 
    delete 
    from
        Student_secretCodes 
    where
        studentNumber=?
14:18:11,188 DEBUG BaseGeneralDataRegion:59 - Caching[foo.org.hibernate.cache.spi.UpdateTimestampsCache] : [Student_secretCodes] -> [5579090948866049]
14:18:11,188 DEBUG BaseGeneralDataRegion:59 - Caching[foo.org.hibernate.cache.spi.UpdateTimestampsCache] : [Enrolment] -> [5579090948866050]
14:18:11,189 DEBUG BaseGeneralDataRegion:59 - Caching[foo.org.hibernate.cache.spi.UpdateTimestampsCache] : [Address] -> [5579090948870144]
14:18:11,189 DEBUG SQL:104 - 
    delete 
    from
        Student_secretCodes 
    where
        studentNumber=?
14:18:11,189 DEBUG BaseGeneralDataRegion:59 - Caching[foo.org.hibernate.cache.spi.UpdateTimestampsCache] : [Student_secretCodes] -> [5579090948870145]
14:18:11,198 DEBUG BaseGeneralDataRegion:59 - Caching[foo.org.hibernate.cache.spi.UpdateTimestampsCache] : [CourseMeeting] -> [5579090948907008]
14:18:11,198 DEBUG SQL:104 - 
    delete 
    from
        Enrolment 
    where
        studentId=? 
        and courseCode=?
14:18:11,198 DEBUG BaseGeneralDataRegion:59 - Caching[foo.org.hibernate.cache.spi.UpdateTimestampsCache] : [Enrolment] -> [5579090948907009]
14:18:11,199 DEBUG SQL:104 - 
    delete 
    from
        Address 
    where
        id=?
14:18:11,199 DEBUG BaseGeneralDataRegion:59 - Caching[foo.org.hibernate.cache.spi.UpdateTimestampsCache] : [Address] -> [5579090948911104]
14:18:11,199 DEBUG SQL:104 - 
    delete 
    from
        Address 
    where
        id=?
14:18:11,199 DEBUG BaseGeneralDataRegion:59 - Caching[foo.org.hibernate.cache.spi.UpdateTimestampsCache] : [Address] -> [5579090948911105]
14:18:11,199 DEBUG SQL:104 - 
    delete 
    from
        Student 
    where
        studentId=?
14:18:11,200 DEBUG BaseGeneralDataRegion:59 - Caching[foo.org.hibernate.cache.spi.UpdateTimestampsCache] : [Student] -> [5579090948915200]
14:18:11,200 DEBUG SQL:104 - 
    delete 
    from
        Enrolment 
    where
        studentId=? 
        and courseCode=?
14:18:11,200 DEBUG BaseGeneralDataRegion:59 - Caching[foo.org.hibernate.cache.spi.UpdateTimestampsCache] : [Enrolment] -> [5579090948915201]
14:18:11,200 DEBUG SQL:104 - 
    delete 
    from
        Student 
    where
        studentId=?
14:18:11,200 DEBUG BaseGeneralDataRegion:59 - Caching[foo.org.hibernate.cache.spi.UpdateTimestampsCache] : [Student] -> [5579090948915202]
14:18:11,200 DEBUG SQL:104 - 
    delete 
    from
        CourseMeeting 
    where
        courseCode=? 
        and day=? 
        and period=? 
        and location=?
14:18:11,200 DEBUG BaseGeneralDataRegion:59 - Caching[foo.org.hibernate.cache.spi.UpdateTimestampsCache] : [CourseMeeting] -> [5579090948915203]
14:18:11,201 DEBUG SQL:104 - 
    delete 
    from
        CourseMeeting 
    where
        courseCode=? 
        and day=? 
        and period=? 
        and location=?
14:18:11,212 DEBUG BaseGeneralDataRegion:59 - Caching[foo.org.hibernate.cache.spi.UpdateTimestampsCache] : [CourseMeeting] -> [5579090948964352]
14:18:11,213 DEBUG SQL:104 - 
    delete 
    from
        Course 
    where
        courseCode=?
14:18:11,213 DEBUG BaseGeneralDataRegion:59 - Caching[foo.org.hibernate.cache.spi.UpdateTimestampsCache] : [Course] -> [5579090948968448]
14:18:11,213 DEBUG BaseGeneralDataRegion:59 - Caching[foo.org.hibernate.cache.spi.UpdateTimestampsCache] : [Student] -> [5579090703208449]
14:18:11,213 DEBUG BaseGeneralDataRegion:59 - Caching[foo.org.hibernate.cache.spi.UpdateTimestampsCache] : [Course] -> [5579090703208449]
14:18:11,213 DEBUG BaseGeneralDataRegion:59 - Caching[foo.org.hibernate.cache.spi.UpdateTimestampsCache] : [Enrolment] -> [5579090703208449]
14:18:11,213 DEBUG BaseGeneralDataRegion:59 - Caching[foo.org.hibernate.cache.spi.UpdateTimestampsCache] : [Student_secretCodes] -> [5579090703208449]
14:18:11,213 DEBUG BaseGeneralDataRegion:59 - Caching[foo.org.hibernate.cache.spi.UpdateTimestampsCache] : [Address] -> [5579090703208449]
14:18:11,213 DEBUG BaseGeneralDataRegion:59 - Caching[foo.org.hibernate.cache.spi.UpdateTimestampsCache] : [CourseMeeting] -> [5579090703208449]
14:18:11,214 DEBUG SQL:104 - 
    select
        coursemeet_.courseCode,
        coursemeet_.day,
        coursemeet_.period,
        coursemeet_.location 
    from
        CourseMeeting coursemeet_ 
    where
        coursemeet_.courseCode=? 
        and coursemeet_.day=? 
        and coursemeet_.period=? 
        and coursemeet_.location=?
14:18:11,223 DEBUG SQL:104 - 
    select
        coursemeet_.courseCode,
        coursemeet_.day,
        coursemeet_.period,
        coursemeet_.location 
    from
        CourseMeeting coursemeet_ 
    where
        coursemeet_.courseCode=? 
        and coursemeet_.day=? 
        and coursemeet_.period=? 
        and coursemeet_.location=?
14:18:11,225 DEBUG SQL:104 - 
    insert 
    into
        Course
        (description, courseCode) 
    values
        (?, ?)
14:18:11,225 DEBUG BaseGeneralDataRegion:59 - Caching[foo.org.hibernate.cache.spi.UpdateTimestampsCache] : [Course] -> [5579090949017600]
14:18:11,225 DEBUG SQL:104 - 
    insert 
    into
        CourseMeeting
        (courseCode, day, period, location) 
    values
        (?, ?, ?, ?)
14:18:11,225 DEBUG BaseGeneralDataRegion:59 - Caching[foo.org.hibernate.cache.spi.UpdateTimestampsCache] : [CourseMeeting] -> [5579090949017601]
14:18:11,226 DEBUG SQL:104 - 
    insert 
    into
        CourseMeeting
        (courseCode, day, period, location) 
    values
        (?, ?, ?, ?)
14:18:11,226 DEBUG BaseGeneralDataRegion:59 - Caching[foo.org.hibernate.cache.spi.UpdateTimestampsCache] : [CourseMeeting] -> [5579090949021696]
14:18:11,226 DEBUG SQL:104 - 
    insert 
    into
        Student
        (name_first, name_middle, name_last, preferredCourseCode, studentId) 
    values
        (?, ?, ?, ?, ?)
14:18:11,248 DEBUG BaseGeneralDataRegion:59 - Caching[foo.org.hibernate.cache.spi.UpdateTimestampsCache] : [Student] -> [5579090949111808]
14:18:11,248 DEBUG SQL:104 - 
    insert 
    into
        Address
        (addressType, street, city, stateProvince, postalCode, country, studentNumber, id) 
    values
        (?, ?, ?, ?, ?, ?, ?, ?)
14:18:11,248 DEBUG BaseGeneralDataRegion:59 - Caching[foo.org.hibernate.cache.spi.UpdateTimestampsCache] : [Address] -> [5579090949111809]
14:18:11,248 DEBUG SQL:104 - 
    insert 
    into
        Address
        (addressType, street, city, stateProvince, postalCode, country, studentNumber, id) 
    values
        (?, ?, ?, ?, ?, ?, ?, ?)
14:18:11,248 DEBUG BaseGeneralDataRegion:59 - Caching[foo.org.hibernate.cache.spi.UpdateTimestampsCache] : [Address] -> [5579090949111810]
14:18:11,249 DEBUG SQL:104 - 
    insert 
    into
        Student
        (name_first, name_middle, name_last, preferredCourseCode, studentId) 
    values
        (?, ?, ?, ?, ?)
14:18:11,249 DEBUG BaseGeneralDataRegion:59 - Caching[foo.org.hibernate.cache.spi.UpdateTimestampsCache] : [Student] -> [5579090949115904]
14:18:11,249 DEBUG SQL:104 - 
    insert 
    into
        Enrolment
        (semester, "year", studentId, courseCode) 
    values
        (?, ?, ?, ?)
14:18:11,258 DEBUG BaseGeneralDataRegion:59 - Caching[foo.org.hibernate.cache.spi.UpdateTimestampsCache] : [Enrolment] -> [5579090949152768]
14:18:11,258 DEBUG SQL:104 - 
    insert 
    into
        Enrolment
        (semester, "year", studentId, courseCode) 
    values
        (?, ?, ?, ?)
14:18:11,259 DEBUG BaseGeneralDataRegion:59 - Caching[foo.org.hibernate.cache.spi.UpdateTimestampsCache] : [Enrolment] -> [5579090949156864]
14:18:11,259 DEBUG BaseGeneralDataRegion:59 - Caching[foo.org.hibernate.cache.spi.UpdateTimestampsCache] : [CourseMeeting] -> [5579090949156865]
14:18:11,259 DEBUG BaseGeneralDataRegion:59 - Caching[foo.org.hibernate.cache.spi.UpdateTimestampsCache] : [Enrolment] -> [5579090949156866]
14:18:11,259 DEBUG SQL:104 - 
    update
        Address 
    set
        studentNumber=?,
        addressType=? 
    where
        id=?
14:18:11,259 DEBUG SQL:104 - 
    update
        Address 
    set
        studentNumber=?,
        addressType=? 
    where
        id=?
14:18:11,259 DEBUG BaseGeneralDataRegion:59 - Caching[foo.org.hibernate.cache.spi.UpdateTimestampsCache] : [Address] -> [5579090949156867]
14:18:11,269 DEBUG SQL:104 - 
    insert 
    into
        Student_secretCodes
        (studentNumber, i, secretCode) 
    values
        (?, ?, ?)
14:18:11,269 DEBUG BaseGeneralDataRegion:59 - Caching[foo.org.hibernate.cache.spi.UpdateTimestampsCache] : [Student_secretCodes] -> [5579090949197824]
14:18:11,269 DEBUG BaseGeneralDataRegion:59 - Caching[foo.org.hibernate.cache.spi.UpdateTimestampsCache] : [Enrolment] -> [5579090949197825]
14:18:11,270 DEBUG BaseGeneralDataRegion:59 - Caching[foo.org.hibernate.cache.spi.UpdateTimestampsCache] : [Address] -> [5579090949201920]
14:18:11,270 DEBUG SQL:104 - 
    insert 
    into
        Student_secretCodes
        (studentNumber, i, secretCode) 
    values
        (?, ?, ?)
14:18:11,270 DEBUG SQL:104 - 
    insert 
    into
        Student_secretCodes
        (studentNumber, i, secretCode) 
    values
        (?, ?, ?)
14:18:11,270 DEBUG BaseGeneralDataRegion:59 - Caching[foo.org.hibernate.cache.spi.UpdateTimestampsCache] : [Student_secretCodes] -> [5579090949201921]
14:18:11,271 DEBUG BaseGeneralDataRegion:59 - Caching[foo.org.hibernate.cache.spi.UpdateTimestampsCache] : [Student] -> [5579090703446016]
14:18:11,271 DEBUG BaseGeneralDataRegion:59 - Caching[foo.org.hibernate.cache.spi.UpdateTimestampsCache] : [Course] -> [5579090703446016]
14:18:11,271 DEBUG BaseGeneralDataRegion:59 - Caching[foo.org.hibernate.cache.spi.UpdateTimestampsCache] : [Enrolment] -> [5579090703446016]
14:18:11,271 DEBUG BaseGeneralDataRegion:59 - Caching[foo.org.hibernate.cache.spi.UpdateTimestampsCache] : [Student_secretCodes] -> [5579090703446016]
14:18:11,271 DEBUG BaseGeneralDataRegion:59 - Caching[foo.org.hibernate.cache.spi.UpdateTimestampsCache] : [Address] -> [5579090703446016]
14:18:11,279 DEBUG BaseGeneralDataRegion:59 - Caching[foo.org.hibernate.cache.spi.UpdateTimestampsCache] : [CourseMeeting] -> [5579090703446016]
14:18:11,280 DEBUG SQL:104 - 
    select
        this_.studentId as studentId4_1_,
        this_.name_first as name2_4_1_,
        this_.name_middle as name3_4_1_,
        this_.name_last as name4_4_1_,
        this_.preferredCourseCode as preferre5_4_1_,
        pcourse1_.courseCode as courseCode1_0_,
        pcourse1_.description as descript2_1_0_ 
    from
        Student this_ 
    left outer join
        Course pcourse1_ 
            on this_.preferredCourseCode=pcourse1_.courseCode 
    order by
        this_.studentId asc
14:18:11,280 DEBUG SQL:104 - 
    select
        secretcode0_.studentNumber as studentN1_4_0_,
        secretcode0_.secretCode as secretCode5_0_,
        secretcode0_.i as i0_ 
    from
        Student_secretCodes secretcode0_ 
    where
        secretcode0_.studentNumber=?
14:18:11,281 DEBUG SQL:104 - 
    select
        secretcode0_.studentNumber as studentN1_4_0_,
        secretcode0_.secretCode as secretCode5_0_,
        secretcode0_.i as i0_ 
    from
        Student_secretCodes secretcode0_ 
    where
        secretcode0_.studentNumber=?
14:18:11,289 DEBUG SQL:104 - 
    select
        coursemeet0_.courseCode as courseCode1_1_,
        coursemeet0_.courseCode as courseCode2_1_,
        coursemeet0_.day as day2_1_,
        coursemeet0_.period as period2_1_,
        coursemeet0_.location as location2_1_,
        coursemeet0_.courseCode as courseCode2_0_,
        coursemeet0_.day as day2_0_,
        coursemeet0_.period as period2_0_,
        coursemeet0_.location as location2_0_ 
    from
        CourseMeeting coursemeet0_ 
    where
        coursemeet0_.courseCode=?
14:18:11,290 DEBUG BaseGeneralDataRegion:59 - Caching[foo.org.hibernate.cache.internal.StandardQueryCache] : [sql: select this_.studentId as studentId4_1_, this_.name_first as name2_4_1_, this_.name_middle as name3_4_1_, this_.name_last as name4_4_1_, this_.preferredCourseCode as preferre5_4_1_, pcourse1_.courseCode as courseCode1_0_, pcourse1_.description as descript2_1_0_ from Student this_ left outer join Course pcourse1_ on this_.preferredCourseCode=pcourse1_.courseCode order by this_.studentId asc; parameters: ; transformer: org.hibernate.transform.CacheableResultTransformer@14031e] -> [[5579090703523840, 111, 999]]
14:18:11,291 DEBUG SQL:104 - 
    select
        this_.studentId as studentId4_1_,
        this_.name_first as name2_4_1_,
        this_.name_middle as name3_4_1_,
        this_.name_last as name4_4_1_,
        this_.preferredCourseCode as preferre5_4_1_,
        pcourse1_.courseCode as courseCode1_0_,
        pcourse1_.description as descript2_1_0_ 
    from
        Student this_ 
    left outer join
        Course pcourse1_ 
            on this_.preferredCourseCode=pcourse1_.courseCode 
    order by
        this_.studentId asc
14:18:11,299 DEBUG SQL:104 - 
    select
        secretcode0_.studentNumber as studentN1_4_0_,
        secretcode0_.secretCode as secretCode5_0_,
        secretcode0_.i as i0_ 
    from
        Student_secretCodes secretcode0_ 
    where
        secretcode0_.studentNumber=?
14:18:11,299 DEBUG SQL:104 - 
    select
        secretcode0_.studentNumber as studentN1_4_0_,
        secretcode0_.secretCode as secretCode5_0_,
        secretcode0_.i as i0_ 
    from
        Student_secretCodes secretcode0_ 
    where
        secretcode0_.studentNumber=?
14:18:11,299 DEBUG SQL:104 - 
    select
        coursemeet0_.courseCode as courseCode1_1_,
        coursemeet0_.courseCode as courseCode2_1_,
        coursemeet0_.day as day2_1_,
        coursemeet0_.period as period2_1_,
        coursemeet0_.location as location2_1_,
        coursemeet0_.courseCode as courseCode2_0_,
        coursemeet0_.day as day2_0_,
        coursemeet0_.period as period2_0_,
        coursemeet0_.location as location2_0_ 
    from
        CourseMeeting coursemeet0_ 
    where
        coursemeet0_.courseCode=?
14:18:11,309 DEBUG BaseGeneralDataRegion:59 - Caching[foo.org.hibernate.cache.internal.StandardQueryCache] : [sql: select this_.studentId as studentId4_1_, this_.name_first as name2_4_1_, this_.name_middle as name3_4_1_, this_.name_last as name4_4_1_, this_.preferredCourseCode as preferre5_4_1_, pcourse1_.courseCode as courseCode1_0_, pcourse1_.description as descript2_1_0_ from Student this_ left outer join Course pcourse1_ on this_.preferredCourseCode=pcourse1_.courseCode order by this_.studentId asc; parameters: ; transformer: org.hibernate.transform.CacheableResultTransformer@14031e] -> [[5579090703601664, 111, 999]]
14:18:11,310 DEBUG SQL:104 - 
    select
        student_.studentId,
        student_.name_first as name2_4_,
        student_.name_middle as name3_4_,
        student_.name_last as name4_4_,
        student_.preferredCourseCode as preferre5_4_ 
    from
        Student student_ 
    where
        student_.studentId=?
14:18:11,310 DEBUG SQL:104 - 
    select
        enrolment_.studentId,
        enrolment_.courseCode,
        enrolment_.semester as semester3_,
        enrolment_."year" as year4_3_ 
    from
        Enrolment enrolment_ 
    where
        enrolment_.studentId=? 
        and enrolment_.courseCode=?
14:18:11,319 DEBUG SQL:104 - 
    select
        course_.courseCode,
        course_.description as descript2_1_ 
    from
        Course course_ 
    where
        course_.courseCode=?
14:18:11,320 DEBUG SQL:104 - 
    select
        student_.studentId,
        student_.name_first as name2_4_,
        student_.name_middle as name3_4_,
        student_.name_last as name4_4_,
        student_.preferredCourseCode as preferre5_4_ 
    from
        Student student_ 
    where
        student_.studentId=?
14:18:11,320 DEBUG SQL:104 - 
    select
        enrolment_.studentId,
        enrolment_.courseCode,
        enrolment_.semester as semester3_,
        enrolment_."year" as year4_3_ 
    from
        Enrolment enrolment_ 
    where
        enrolment_.studentId=? 
        and enrolment_.courseCode=?
14:18:11,330 DEBUG SQL:104 - 
    select
        coursemeet_.courseCode,
        coursemeet_.day,
        coursemeet_.period,
        coursemeet_.location 
    from
        CourseMeeting coursemeet_ 
    where
        coursemeet_.courseCode=? 
        and coursemeet_.day=? 
        and coursemeet_.period=? 
        and coursemeet_.location=?
14:18:11,330 DEBUG SQL:104 - 
    select
        coursemeet_.courseCode,
        coursemeet_.day,
        coursemeet_.period,
        coursemeet_.location 
    from
        CourseMeeting coursemeet_ 
    where
        coursemeet_.courseCode=? 
        and coursemeet_.day=? 
        and coursemeet_.period=? 
        and coursemeet_.location=?
14:18:11,331 DEBUG BaseGeneralDataRegion:59 - Caching[foo.org.hibernate.cache.spi.UpdateTimestampsCache] : [Enrolment] -> [5579090949451776]
14:18:11,331 DEBUG SQL:104 - 
    update
        Address 
    set
        studentNumber=null,
        addressType=null 
    where
        studentNumber=?
14:18:11,331 DEBUG BaseGeneralDataRegion:59 - Caching[foo.org.hibernate.cache.spi.UpdateTimestampsCache] : [Address] -> [5579090949451777]
14:18:11,331 DEBUG SQL:104 - 
    delete 
    from
        Student_secretCodes 
    where
        studentNumber=?
14:18:11,332 DEBUG BaseGeneralDataRegion:59 - Caching[foo.org.hibernate.cache.spi.UpdateTimestampsCache] : [Student_secretCodes] -> [5579090949455872]
14:18:11,332 DEBUG BaseGeneralDataRegion:59 - Caching[foo.org.hibernate.cache.spi.UpdateTimestampsCache] : [Enrolment] -> [5579090949455873]
14:18:11,332 DEBUG BaseGeneralDataRegion:59 - Caching[foo.org.hibernate.cache.spi.UpdateTimestampsCache] : [Address] -> [5579090949455874]
14:18:11,332 DEBUG SQL:104 - 
    delete 
    from
        Student_secretCodes 
    where
        studentNumber=?
14:18:11,332 DEBUG BaseGeneralDataRegion:59 - Caching[foo.org.hibernate.cache.spi.UpdateTimestampsCache] : [Student_secretCodes] -> [5579090949455875]
14:18:11,332 DEBUG BaseGeneralDataRegion:59 - Caching[foo.org.hibernate.cache.spi.UpdateTimestampsCache] : [CourseMeeting] -> [5579090949455876]
14:18:11,332 DEBUG SQL:104 - 
    delete 
    from
        Enrolment 
    where
        studentId=? 
        and courseCode=?
14:18:11,341 DEBUG BaseGeneralDataRegion:59 - Caching[foo.org.hibernate.cache.spi.UpdateTimestampsCache] : [Enrolment] -> [5579090949492736]
14:18:11,342 DEBUG SQL:104 - 
    delete 
    from
        Address 
    where
        id=?
14:18:11,342 DEBUG BaseGeneralDataRegion:59 - Caching[foo.org.hibernate.cache.spi.UpdateTimestampsCache] : [Address] -> [5579090949496832]
14:18:11,343 DEBUG SQL:104 - 
    delete 
    from
        Address 
    where
        id=?
14:18:11,343 DEBUG BaseGeneralDataRegion:59 - Caching[foo.org.hibernate.cache.spi.UpdateTimestampsCache] : [Address] -> [5579090949500928]
14:18:11,343 DEBUG SQL:104 - 
    delete 
    from
        Student 
    where
        studentId=?
14:18:11,344 DEBUG BaseGeneralDataRegion:59 - Caching[foo.org.hibernate.cache.spi.UpdateTimestampsCache] : [Student] -> [5579090949505024]
14:18:11,344 DEBUG SQL:104 - 
    delete 
    from
        Enrolment 
    where
        studentId=? 
        and courseCode=?
14:18:11,360 DEBUG BaseGeneralDataRegion:59 - Caching[foo.org.hibernate.cache.spi.UpdateTimestampsCache] : [Enrolment] -> [5579090949570560]
14:18:11,360 DEBUG SQL:104 - 
    delete 
    from
        Student 
    where
        studentId=?
14:18:11,360 DEBUG BaseGeneralDataRegion:59 - Caching[foo.org.hibernate.cache.spi.UpdateTimestampsCache] : [Student] -> [5579090949570561]
14:18:11,360 DEBUG SQL:104 - 
    delete 
    from
        CourseMeeting 
    where
        courseCode=? 
        and day=? 
        and period=? 
        and location=?
14:18:11,361 DEBUG BaseGeneralDataRegion:59 - Caching[foo.org.hibernate.cache.spi.UpdateTimestampsCache] : [CourseMeeting] -> [5579090949574656]
14:18:11,361 DEBUG SQL:104 - 
    delete 
    from
        CourseMeeting 
    where
        courseCode=? 
        and day=? 
        and period=? 
        and location=?
14:18:11,362 DEBUG BaseGeneralDataRegion:59 - Caching[foo.org.hibernate.cache.spi.UpdateTimestampsCache] : [CourseMeeting] -> [5579090949578752]
14:18:11,362 DEBUG SQL:104 - 
    delete 
    from
        Course 
    where
        courseCode=?
14:18:11,362 DEBUG BaseGeneralDataRegion:59 - Caching[foo.org.hibernate.cache.spi.UpdateTimestampsCache] : [Course] -> [5579090949578753]
14:18:11,363 DEBUG BaseGeneralDataRegion:59 - Caching[foo.org.hibernate.cache.spi.UpdateTimestampsCache] : [Student] -> [5579090703822848]
14:18:11,363 DEBUG BaseGeneralDataRegion:59 - Caching[foo.org.hibernate.cache.spi.UpdateTimestampsCache] : [Course] -> [5579090703822848]
14:18:11,363 DEBUG BaseGeneralDataRegion:59 - Caching[foo.org.hibernate.cache.spi.UpdateTimestampsCache] : [Enrolment] -> [5579090703822848]
14:18:11,363 DEBUG BaseGeneralDataRegion:59 - Caching[foo.org.hibernate.cache.spi.UpdateTimestampsCache] : [Student_secretCodes] -> [5579090703822848]
14:18:11,363 DEBUG BaseGeneralDataRegion:59 - Caching[foo.org.hibernate.cache.spi.UpdateTimestampsCache] : [Address] -> [5579090703822848]
14:18:11,363 DEBUG BaseGeneralDataRegion:59 - Caching[foo.org.hibernate.cache.spi.UpdateTimestampsCache] : [CourseMeeting] -> [5579090703822848]
14:18:11,363 DEBUG SQL:104 - 
    select
        coursemeet_.courseCode,
        coursemeet_.day,
        coursemeet_.period,
        coursemeet_.location 
    from
        CourseMeeting coursemeet_ 
    where
        coursemeet_.courseCode=? 
        and coursemeet_.day=? 
        and coursemeet_.period=? 
        and coursemeet_.location=?
14:18:11,378 DEBUG SQL:104 - 
    select
        coursemeet_.courseCode,
        coursemeet_.day,
        coursemeet_.period,
        coursemeet_.location 
    from
        CourseMeeting coursemeet_ 
    where
        coursemeet_.courseCode=? 
        and coursemeet_.day=? 
        and coursemeet_.period=? 
        and coursemeet_.location=?
14:18:11,379 DEBUG SQL:104 - 
    insert 
    into
        Course
        (description, courseCode) 
    values
        (?, ?)
14:18:11,379 DEBUG BaseGeneralDataRegion:59 - Caching[foo.org.hibernate.cache.spi.UpdateTimestampsCache] : [Course] -> [5579090949648384]
14:18:11,379 DEBUG SQL:104 - 
    insert 
    into
        CourseMeeting
        (courseCode, day, period, location) 
    values
        (?, ?, ?, ?)
14:18:11,379 DEBUG BaseGeneralDataRegion:59 - Caching[foo.org.hibernate.cache.spi.UpdateTimestampsCache] : [CourseMeeting] -> [5579090949648385]
14:18:11,380 DEBUG SQL:104 - 
    insert 
    into
        CourseMeeting
        (courseCode, day, period, location) 
    values
        (?, ?, ?, ?)
14:18:11,380 DEBUG BaseGeneralDataRegion:59 - Caching[foo.org.hibernate.cache.spi.UpdateTimestampsCache] : [CourseMeeting] -> [5579090949652480]
14:18:11,380 DEBUG SQL:104 - 
    insert 
    into
        Student
        (name_first, name_middle, name_last, preferredCourseCode, studentId) 
    values
        (?, ?, ?, ?, ?)
14:18:11,380 DEBUG BaseGeneralDataRegion:59 - Caching[foo.org.hibernate.cache.spi.UpdateTimestampsCache] : [Student] -> [5579090949652481]
14:18:11,380 DEBUG SQL:104 - 
    insert 
    into
        Address
        (addressType, street, city, stateProvince, postalCode, country, studentNumber, id) 
    values
        (?, ?, ?, ?, ?, ?, ?, ?)
14:18:11,380 DEBUG BaseGeneralDataRegion:59 - Caching[foo.org.hibernate.cache.spi.UpdateTimestampsCache] : [Address] -> [5579090949652482]
14:18:11,380 DEBUG SQL:104 - 
    insert 
    into
        Address
        (addressType, street, city, stateProvince, postalCode, country, studentNumber, id) 
    values
        (?, ?, ?, ?, ?, ?, ?, ?)
14:18:11,381 DEBUG BaseGeneralDataRegion:59 - Caching[foo.org.hibernate.cache.spi.UpdateTimestampsCache] : [Address] -> [5579090949656576]
14:18:11,381 DEBUG SQL:104 - 
    insert 
    into
        Student
        (name_first, name_middle, name_last, preferredCourseCode, studentId) 
    values
        (?, ?, ?, ?, ?)
14:18:11,401 DEBUG BaseGeneralDataRegion:59 - Caching[foo.org.hibernate.cache.spi.UpdateTimestampsCache] : [Student] -> [5579090949734400]
14:18:11,401 DEBUG SQL:104 - 
    insert 
    into
        Enrolment
        (semester, "year", studentId, courseCode) 
    values
        (?, ?, ?, ?)
14:18:11,401 DEBUG BaseGeneralDataRegion:59 - Caching[foo.org.hibernate.cache.spi.UpdateTimestampsCache] : [Enrolment] -> [5579090949738496]
14:18:11,401 DEBUG SQL:104 - 
    insert 
    into
        Enrolment
        (semester, "year", studentId, courseCode) 
    values
        (?, ?, ?, ?)
14:18:11,401 DEBUG BaseGeneralDataRegion:59 - Caching[foo.org.hibernate.cache.spi.UpdateTimestampsCache] : [Enrolment] -> [5579090949738497]
14:18:11,402 DEBUG BaseGeneralDataRegion:59 - Caching[foo.org.hibernate.cache.spi.UpdateTimestampsCache] : [CourseMeeting] -> [5579090949742592]
14:18:11,402 DEBUG BaseGeneralDataRegion:59 - Caching[foo.org.hibernate.cache.spi.UpdateTimestampsCache] : [Enrolment] -> [5579090949742593]
14:18:11,402 DEBUG SQL:104 - 
    update
        Address 
    set
        studentNumber=?,
        addressType=? 
    where
        id=?
14:18:11,411 DEBUG SQL:104 - 
    update
        Address 
    set
        studentNumber=?,
        addressType=? 
    where
        id=?
14:18:11,411 DEBUG BaseGeneralDataRegion:59 - Caching[foo.org.hibernate.cache.spi.UpdateTimestampsCache] : [Address] -> [5579090949779456]
14:18:11,411 DEBUG SQL:104 - 
    insert 
    into
        Student_secretCodes
        (studentNumber, i, secretCode) 
    values
        (?, ?, ?)
14:18:11,412 DEBUG BaseGeneralDataRegion:59 - Caching[foo.org.hibernate.cache.spi.UpdateTimestampsCache] : [Student_secretCodes] -> [5579090949783552]
14:18:11,412 DEBUG BaseGeneralDataRegion:59 - Caching[foo.org.hibernate.cache.spi.UpdateTimestampsCache] : [Enrolment] -> [5579090949783553]
14:18:11,412 DEBUG BaseGeneralDataRegion:59 - Caching[foo.org.hibernate.cache.spi.UpdateTimestampsCache] : [Address] -> [5579090949783554]
14:18:11,412 DEBUG SQL:104 - 
    insert 
    into
        Student_secretCodes
        (studentNumber, i, secretCode) 
    values
        (?, ?, ?)
14:18:11,412 DEBUG SQL:104 - 
    insert 
    into
        Student_secretCodes
        (studentNumber, i, secretCode) 
    values
        (?, ?, ?)
14:18:11,422 DEBUG BaseGeneralDataRegion:59 - Caching[foo.org.hibernate.cache.spi.UpdateTimestampsCache] : [Student_secretCodes] -> [5579090949824512]
14:18:11,422 DEBUG BaseGeneralDataRegion:59 - Caching[foo.org.hibernate.cache.spi.UpdateTimestampsCache] : [Student] -> [5579090704064513]
14:18:11,422 DEBUG BaseGeneralDataRegion:59 - Caching[foo.org.hibernate.cache.spi.UpdateTimestampsCache] : [Course] -> [5579090704064513]
14:18:11,422 DEBUG BaseGeneralDataRegion:59 - Caching[foo.org.hibernate.cache.spi.UpdateTimestampsCache] : [Enrolment] -> [5579090704064513]
14:18:11,422 DEBUG BaseGeneralDataRegion:59 - Caching[foo.org.hibernate.cache.spi.UpdateTimestampsCache] : [Student_secretCodes] -> [5579090704064513]
14:18:11,422 DEBUG BaseGeneralDataRegion:59 - Caching[foo.org.hibernate.cache.spi.UpdateTimestampsCache] : [Address] -> [5579090704064513]
14:18:11,422 DEBUG BaseGeneralDataRegion:59 - Caching[foo.org.hibernate.cache.spi.UpdateTimestampsCache] : [CourseMeeting] -> [5579090704064513]
14:18:11,423 DEBUG SQL:104 - 
    select
        this_.studentId as studentId4_1_,
        this_.name_first as name2_4_1_,
        this_.name_middle as name3_4_1_,
        this_.name_last as name4_4_1_,
        this_.preferredCourseCode as preferre5_4_1_,
        pcourse1_.courseCode as courseCode1_0_,
        pcourse1_.description as descript2_1_0_ 
    from
        Student this_ 
    left outer join
        Course pcourse1_ 
            on this_.preferredCourseCode=pcourse1_.courseCode 
    order by
        this_.studentId asc
14:18:11,424 DEBUG SQL:104 - 
    select
        secretcode0_.studentNumber as studentN1_4_0_,
        secretcode0_.secretCode as secretCode5_0_,
        secretcode0_.i as i0_ 
    from
        Student_secretCodes secretcode0_ 
    where
        secretcode0_.studentNumber=?
14:18:11,433 DEBUG SQL:104 - 
    select
        secretcode0_.studentNumber as studentN1_4_0_,
        secretcode0_.secretCode as secretCode5_0_,
        secretcode0_.i as i0_ 
    from
        Student_secretCodes secretcode0_ 
    where
        secretcode0_.studentNumber=?
14:18:11,434 DEBUG SQL:104 - 
    select
        coursemeet0_.courseCode as courseCode1_1_,
        coursemeet0_.courseCode as courseCode2_1_,
        coursemeet0_.day as day2_1_,
        coursemeet0_.period as period2_1_,
        coursemeet0_.location as location2_1_,
        coursemeet0_.courseCode as courseCode2_0_,
        coursemeet0_.day as day2_0_,
        coursemeet0_.period as period2_0_,
        coursemeet0_.location as location2_0_ 
    from
        CourseMeeting coursemeet0_ 
    where
        coursemeet0_.courseCode=?
14:18:11,443 DEBUG BaseGeneralDataRegion:59 - Caching[foo.org.hibernate.cache.internal.StandardQueryCache] : [sql: select this_.studentId as studentId4_1_, this_.name_first as name2_4_1_, this_.name_middle as name3_4_1_, this_.name_last as name4_4_1_, this_.preferredCourseCode as preferre5_4_1_, pcourse1_.courseCode as courseCode1_0_, pcourse1_.description as descript2_1_0_ from Student this_ left outer join Course pcourse1_ on this_.preferredCourseCode=pcourse1_.courseCode order by this_.studentId asc; parameters: ; transformer: org.hibernate.transform.CacheableResultTransformer@14031e] -> [[5579090704150528, 111, 999]]
14:18:11,444 DEBUG SQL:104 - 
    select
        this_.studentId as studentId4_1_,
        this_.name_first as name2_4_1_,
        this_.name_middle as name3_4_1_,
        this_.name_last as name4_4_1_,
        this_.preferredCourseCode as preferre5_4_1_,
        pcourse1_.courseCode as courseCode1_0_,
        pcourse1_.description as descript2_1_0_ 
    from
        Student this_ 
    left outer join
        Course pcourse1_ 
            on this_.preferredCourseCode=pcourse1_.courseCode 
    order by
        this_.studentId asc
14:18:11,445 DEBUG SQL:104 - 
    select
        secretcode0_.studentNumber as studentN1_4_0_,
        secretcode0_.secretCode as secretCode5_0_,
        secretcode0_.i as i0_ 
    from
        Student_secretCodes secretcode0_ 
    where
        secretcode0_.studentNumber=?
14:18:11,445 DEBUG SQL:104 - 
    select
        secretcode0_.studentNumber as studentN1_4_0_,
        secretcode0_.secretCode as secretCode5_0_,
        secretcode0_.i as i0_ 
    from
        Student_secretCodes secretcode0_ 
    where
        secretcode0_.studentNumber=?
14:18:11,453 DEBUG SQL:104 - 
    select
        coursemeet0_.courseCode as courseCode1_1_,
        coursemeet0_.courseCode as courseCode2_1_,
        coursemeet0_.day as day2_1_,
        coursemeet0_.period as period2_1_,
        coursemeet0_.location as location2_1_,
        coursemeet0_.courseCode as courseCode2_0_,
        coursemeet0_.day as day2_0_,
        coursemeet0_.period as period2_0_,
        coursemeet0_.location as location2_0_ 
    from
        CourseMeeting coursemeet0_ 
    where
        coursemeet0_.courseCode=?
14:18:11,454 DEBUG BaseGeneralDataRegion:59 - Caching[foo.org.hibernate.cache.internal.StandardQueryCache] : [sql: select this_.studentId as studentId4_1_, this_.name_first as name2_4_1_, this_.name_middle as name3_4_1_, this_.name_last as name4_4_1_, this_.preferredCourseCode as preferre5_4_1_, pcourse1_.courseCode as courseCode1_0_, pcourse1_.description as descript2_1_0_ from Student this_ left outer join Course pcourse1_ on this_.preferredCourseCode=pcourse1_.courseCode order by this_.studentId asc; parameters: ; transformer: org.hibernate.transform.CacheableResultTransformer@14031e] -> [[5579090704195584, 111, 999]]
14:18:11,455 DEBUG SQL:104 - 
    select
        student_.studentId,
        student_.name_first as name2_4_,
        student_.name_middle as name3_4_,
        student_.name_last as name4_4_,
        student_.preferredCourseCode as preferre5_4_ 
    from
        Student student_ 
    where
        student_.studentId=?
14:18:11,463 DEBUG SQL:104 - 
    select
        enrolment_.studentId,
        enrolment_.courseCode,
        enrolment_.semester as semester3_,
        enrolment_."year" as year4_3_ 
    from
        Enrolment enrolment_ 
    where
        enrolment_.studentId=? 
        and enrolment_.courseCode=?
14:18:11,464 DEBUG SQL:104 - 
    select
        course_.courseCode,
        course_.description as descript2_1_ 
    from
        Course course_ 
    where
        course_.courseCode=?
14:18:11,464 DEBUG SQL:104 - 
    select
        student_.studentId,
        student_.name_first as name2_4_,
        student_.name_middle as name3_4_,
        student_.name_last as name4_4_,
        student_.preferredCourseCode as preferre5_4_ 
    from
        Student student_ 
    where
        student_.studentId=?
14:18:11,464 DEBUG SQL:104 - 
    select
        enrolment_.studentId,
        enrolment_.courseCode,
        enrolment_.semester as semester3_,
        enrolment_."year" as year4_3_ 
    from
        Enrolment enrolment_ 
    where
        enrolment_.studentId=? 
        and enrolment_.courseCode=?
14:18:11,465 DEBUG SQL:104 - 
    select
        coursemeet_.courseCode,
        coursemeet_.day,
        coursemeet_.period,
        coursemeet_.location 
    from
        CourseMeeting coursemeet_ 
    where
        coursemeet_.courseCode=? 
        and coursemeet_.day=? 
        and coursemeet_.period=? 
        and coursemeet_.location=?
14:18:11,465 DEBUG SQL:104 - 
    select
        coursemeet_.courseCode,
        coursemeet_.day,
        coursemeet_.period,
        coursemeet_.location 
    from
        CourseMeeting coursemeet_ 
    where
        coursemeet_.courseCode=? 
        and coursemeet_.day=? 
        and coursemeet_.period=? 
        and coursemeet_.location=?
14:18:11,478 DEBUG BaseGeneralDataRegion:59 - Caching[foo.org.hibernate.cache.spi.UpdateTimestampsCache] : [Enrolment] -> [5579090950053888]
14:18:11,478 DEBUG SQL:104 - 
    update
        Address 
    set
        studentNumber=null,
        addressType=null 
    where
        studentNumber=?
14:18:11,478 DEBUG BaseGeneralDataRegion:59 - Caching[foo.org.hibernate.cache.spi.UpdateTimestampsCache] : [Address] -> [5579090950053889]
14:18:11,478 DEBUG SQL:104 - 
    delete 
    from
        Student_secretCodes 
    where
        studentNumber=?
14:18:11,478 DEBUG BaseGeneralDataRegion:59 - Caching[foo.org.hibernate.cache.spi.UpdateTimestampsCache] : [Student_secretCodes] -> [5579090950053890]
14:18:11,478 DEBUG BaseGeneralDataRegion:59 - Caching[foo.org.hibernate.cache.spi.UpdateTimestampsCache] : [Enrolment] -> [5579090950053891]
14:18:11,479 DEBUG BaseGeneralDataRegion:59 - Caching[foo.org.hibernate.cache.spi.UpdateTimestampsCache] : [Address] -> [5579090950057984]
14:18:11,487 DEBUG SQL:104 - 
    delete 
    from
        Student_secretCodes 
    where
        studentNumber=?
14:18:11,487 DEBUG BaseGeneralDataRegion:59 - Caching[foo.org.hibernate.cache.spi.UpdateTimestampsCache] : [Student_secretCodes] -> [5579090950090752]
14:18:11,488 DEBUG BaseGeneralDataRegion:59 - Caching[foo.org.hibernate.cache.spi.UpdateTimestampsCache] : [CourseMeeting] -> [5579090950094848]
14:18:11,488 DEBUG SQL:104 - 
    delete 
    from
        Enrolment 
    where
        studentId=? 
        and courseCode=?
14:18:11,488 DEBUG BaseGeneralDataRegion:59 - Caching[foo.org.hibernate.cache.spi.UpdateTimestampsCache] : [Enrolment] -> [5579090950094849]
14:18:11,488 DEBUG SQL:104 - 
    delete 
    from
        Address 
    where
        id=?
14:18:11,488 DEBUG BaseGeneralDataRegion:59 - Caching[foo.org.hibernate.cache.spi.UpdateTimestampsCache] : [Address] -> [5579090950094850]
14:18:11,488 DEBUG SQL:104 - 
    delete 
    from
        Address 
    where
        id=?
14:18:11,488 DEBUG BaseGeneralDataRegion:59 - Caching[foo.org.hibernate.cache.spi.UpdateTimestampsCache] : [Address] -> [5579090950094851]
14:18:11,489 DEBUG SQL:104 - 
    delete 
    from
        Student 
    where
        studentId=?
14:18:11,489 DEBUG BaseGeneralDataRegion:59 - Caching[foo.org.hibernate.cache.spi.UpdateTimestampsCache] : [Student] -> [5579090950098944]
14:18:11,489 DEBUG SQL:104 - 
    delete 
    from
        Enrolment 
    where
        studentId=? 
        and courseCode=?
14:18:11,489 DEBUG BaseGeneralDataRegion:59 - Caching[foo.org.hibernate.cache.spi.UpdateTimestampsCache] : [Enrolment] -> [5579090950098945]
14:18:11,509 DEBUG SQL:104 - 
    delete 
    from
        Student 
    where
        studentId=?
14:18:11,509 DEBUG BaseGeneralDataRegion:59 - Caching[foo.org.hibernate.cache.spi.UpdateTimestampsCache] : [Student] -> [5579090950180864]
14:18:11,509 DEBUG SQL:104 - 
    delete 
    from
        CourseMeeting 
    where
        courseCode=? 
        and day=? 
        and period=? 
        and location=?
14:18:11,510 DEBUG BaseGeneralDataRegion:59 - Caching[foo.org.hibernate.cache.spi.UpdateTimestampsCache] : [CourseMeeting] -> [5579090950184960]
14:18:11,510 DEBUG SQL:104 - 
    delete 
    from
        CourseMeeting 
    where
        courseCode=? 
        and day=? 
        and period=? 
        and location=?
14:18:11,510 DEBUG BaseGeneralDataRegion:59 - Caching[foo.org.hibernate.cache.spi.UpdateTimestampsCache] : [CourseMeeting] -> [5579090950184961]
14:18:11,510 DEBUG SQL:104 - 
    delete 
    from
        Course 
    where
        courseCode=?
14:18:11,520 DEBUG BaseGeneralDataRegion:59 - Caching[foo.org.hibernate.cache.spi.UpdateTimestampsCache] : [Course] -> [5579090950225920]
14:18:11,520 DEBUG BaseGeneralDataRegion:59 - Caching[foo.org.hibernate.cache.spi.UpdateTimestampsCache] : [Student] -> [5579090704465921]
14:18:11,520 DEBUG BaseGeneralDataRegion:59 - Caching[foo.org.hibernate.cache.spi.UpdateTimestampsCache] : [Course] -> [5579090704465921]
14:18:11,520 DEBUG BaseGeneralDataRegion:59 - Caching[foo.org.hibernate.cache.spi.UpdateTimestampsCache] : [Enrolment] -> [5579090704465921]
14:18:11,520 DEBUG BaseGeneralDataRegion:59 - Caching[foo.org.hibernate.cache.spi.UpdateTimestampsCache] : [Student_secretCodes] -> [5579090704465921]
14:18:11,520 DEBUG BaseGeneralDataRegion:59 - Caching[foo.org.hibernate.cache.spi.UpdateTimestampsCache] : [Address] -> [5579090704465921]
14:18:11,520 DEBUG BaseGeneralDataRegion:59 - Caching[foo.org.hibernate.cache.spi.UpdateTimestampsCache] : [CourseMeeting] -> [5579090704465921]
14:18:11,521 DEBUG SQL:104 - 
    select
        coursemeet_.courseCode,
        coursemeet_.day,
        coursemeet_.period,
        coursemeet_.location 
    from
        CourseMeeting coursemeet_ 
    where
        coursemeet_.courseCode=? 
        and coursemeet_.day=? 
        and coursemeet_.period=? 
        and coursemeet_.location=?
14:18:11,521 DEBUG SQL:104 - 
    select
        coursemeet_.courseCode,
        coursemeet_.day,
        coursemeet_.period,
        coursemeet_.location 
    from
        CourseMeeting coursemeet_ 
    where
        coursemeet_.courseCode=? 
        and coursemeet_.day=? 
        and coursemeet_.period=? 
        and coursemeet_.location=?
14:18:11,531 DEBUG SQL:104 - 
    insert 
    into
        Course
        (description, courseCode) 
    values
        (?, ?)
14:18:11,531 DEBUG BaseGeneralDataRegion:59 - Caching[foo.org.hibernate.cache.spi.UpdateTimestampsCache] : [Course] -> [5579090950270976]
14:18:11,531 DEBUG SQL:104 - 
    insert 
    into
        CourseMeeting
        (courseCode, day, period, location) 
    values
        (?, ?, ?, ?)
14:18:11,532 DEBUG BaseGeneralDataRegion:59 - Caching[foo.org.hibernate.cache.spi.UpdateTimestampsCache] : [CourseMeeting] -> [5579090950275072]
14:18:11,532 DEBUG SQL:104 - 
    insert 
    into
        CourseMeeting
        (courseCode, day, period, location) 
    values
        (?, ?, ?, ?)
14:18:11,532 DEBUG BaseGeneralDataRegion:59 - Caching[foo.org.hibernate.cache.spi.UpdateTimestampsCache] : [CourseMeeting] -> [5579090950275073]
14:18:11,539 DEBUG SQL:104 - 
    insert 
    into
        Student
        (name_first, name_middle, name_last, preferredCourseCode, studentId) 
    values
        (?, ?, ?, ?, ?)
14:18:11,540 DEBUG BaseGeneralDataRegion:59 - Caching[foo.org.hibernate.cache.spi.UpdateTimestampsCache] : [Student] -> [5579090950307840]
14:18:11,540 DEBUG SQL:104 - 
    insert 
    into
        Address
        (addressType, street, city, stateProvince, postalCode, country, studentNumber, id) 
    values
        (?, ?, ?, ?, ?, ?, ?, ?)
14:18:11,540 DEBUG BaseGeneralDataRegion:59 - Caching[foo.org.hibernate.cache.spi.UpdateTimestampsCache] : [Address] -> [5579090950307841]
14:18:11,540 DEBUG SQL:104 - 
    insert 
    into
        Address
        (addressType, street, city, stateProvince, postalCode, country, studentNumber, id) 
    values
        (?, ?, ?, ?, ?, ?, ?, ?)
14:18:11,540 DEBUG BaseGeneralDataRegion:59 - Caching[foo.org.hibernate.cache.spi.UpdateTimestampsCache] : [Address] -> [5579090950307842]
14:18:11,540 DEBUG SQL:104 - 
    insert 
    into
        Student
        (name_first, name_middle, name_last, preferredCourseCode, studentId) 
    values
        (?, ?, ?, ?, ?)
14:18:11,550 DEBUG BaseGeneralDataRegion:59 - Caching[foo.org.hibernate.cache.spi.UpdateTimestampsCache] : [Student] -> [5579090950348800]
14:18:11,550 DEBUG SQL:104 - 
    insert 
    into
        Enrolment
        (semester, "year", studentId, courseCode) 
    values
        (?, ?, ?, ?)
14:18:11,550 DEBUG BaseGeneralDataRegion:59 - Caching[foo.org.hibernate.cache.spi.UpdateTimestampsCache] : [Enrolment] -> [5579090950348801]
14:18:11,551 DEBUG SQL:104 - 
    insert 
    into
        Enrolment
        (semester, "year", studentId, courseCode) 
    values
        (?, ?, ?, ?)
14:18:11,551 DEBUG BaseGeneralDataRegion:59 - Caching[foo.org.hibernate.cache.spi.UpdateTimestampsCache] : [Enrolment] -> [5579090950352896]
14:18:11,551 DEBUG BaseGeneralDataRegion:59 - Caching[foo.org.hibernate.cache.spi.UpdateTimestampsCache] : [CourseMeeting] -> [5579090950352897]
14:18:11,551 DEBUG BaseGeneralDataRegion:59 - Caching[foo.org.hibernate.cache.spi.UpdateTimestampsCache] : [Enrolment] -> [5579090950352898]
14:18:11,551 DEBUG SQL:104 - 
    update
        Address 
    set
        studentNumber=?,
        addressType=? 
    where
        id=?
14:18:11,551 DEBUG SQL:104 - 
    update
        Address 
    set
        studentNumber=?,
        addressType=? 
    where
        id=?
14:18:11,560 DEBUG BaseGeneralDataRegion:59 - Caching[foo.org.hibernate.cache.spi.UpdateTimestampsCache] : [Address] -> [5579090950389760]
14:18:11,560 DEBUG SQL:104 - 
    insert 
    into
        Student_secretCodes
        (studentNumber, i, secretCode) 
    values
        (?, ?, ?)
14:18:11,560 DEBUG BaseGeneralDataRegion:59 - Caching[foo.org.hibernate.cache.spi.UpdateTimestampsCache] : [Student_secretCodes] -> [5579090950389761]
14:18:11,561 DEBUG BaseGeneralDataRegion:59 - Caching[foo.org.hibernate.cache.spi.UpdateTimestampsCache] : [Enrolment] -> [5579090950393856]
14:18:11,561 DEBUG BaseGeneralDataRegion:59 - Caching[foo.org.hibernate.cache.spi.UpdateTimestampsCache] : [Address] -> [5579090950393857]
14:18:11,561 DEBUG SQL:104 - 
    insert 
    into
        Student_secretCodes
        (studentNumber, i, secretCode) 
    values
        (?, ?, ?)
14:18:11,561 DEBUG SQL:104 - 
    insert 
    into
        Student_secretCodes
        (studentNumber, i, secretCode) 
    values
        (?, ?, ?)
14:18:11,570 DEBUG BaseGeneralDataRegion:59 - Caching[foo.org.hibernate.cache.spi.UpdateTimestampsCache] : [Student_secretCodes] -> [5579090950430720]
14:18:11,571 DEBUG BaseGeneralDataRegion:59 - Caching[foo.org.hibernate.cache.spi.UpdateTimestampsCache] : [Student] -> [5579090704674816]
14:18:11,571 DEBUG BaseGeneralDataRegion:59 - Caching[foo.org.hibernate.cache.spi.UpdateTimestampsCache] : [Course] -> [5579090704674816]
14:18:11,571 DEBUG BaseGeneralDataRegion:59 - Caching[foo.org.hibernate.cache.spi.UpdateTimestampsCache] : [Enrolment] -> [5579090704674816]
14:18:11,571 DEBUG BaseGeneralDataRegion:59 - Caching[foo.org.hibernate.cache.spi.UpdateTimestampsCache] : [Student_secretCodes] -> [5579090704674816]
14:18:11,571 DEBUG BaseGeneralDataRegion:59 - Caching[foo.org.hibernate.cache.spi.UpdateTimestampsCache] : [Address] -> [5579090704674816]
14:18:11,571 DEBUG BaseGeneralDataRegion:59 - Caching[foo.org.hibernate.cache.spi.UpdateTimestampsCache] : [CourseMeeting] -> [5579090704674816]
14:18:11,572 DEBUG SQL:104 - 
    select
        this_.studentId as studentId4_1_,
        this_.name_first as name2_4_1_,
        this_.name_middle as name3_4_1_,
        this_.name_last as name4_4_1_,
        this_.preferredCourseCode as preferre5_4_1_,
        pcourse1_.courseCode as courseCode1_0_,
        pcourse1_.description as descript2_1_0_ 
    from
        Student this_ 
    left outer join
        Course pcourse1_ 
            on this_.preferredCourseCode=pcourse1_.courseCode 
    order by
        this_.studentId asc
14:18:11,572 DEBUG SQL:104 - 
    select
        secretcode0_.studentNumber as studentN1_4_0_,
        secretcode0_.secretCode as secretCode5_0_,
        secretcode0_.i as i0_ 
    from
        Student_secretCodes secretcode0_ 
    where
        secretcode0_.studentNumber=?
14:18:11,581 DEBUG SQL:104 - 
    select
        secretcode0_.studentNumber as studentN1_4_0_,
        secretcode0_.secretCode as secretCode5_0_,
        secretcode0_.i as i0_ 
    from
        Student_secretCodes secretcode0_ 
    where
        secretcode0_.studentNumber=?
14:18:11,581 DEBUG SQL:104 - 
    select
        coursemeet0_.courseCode as courseCode1_1_,
        coursemeet0_.courseCode as courseCode2_1_,
        coursemeet0_.day as day2_1_,
        coursemeet0_.period as period2_1_,
        coursemeet0_.location as location2_1_,
        coursemeet0_.courseCode as courseCode2_0_,
        coursemeet0_.day as day2_0_,
        coursemeet0_.period as period2_0_,
        coursemeet0_.location as location2_0_ 
    from
        CourseMeeting coursemeet0_ 
    where
        coursemeet0_.courseCode=?
14:18:11,581 DEBUG BaseGeneralDataRegion:59 - Caching[foo.org.hibernate.cache.internal.StandardQueryCache] : [sql: select this_.studentId as studentId4_1_, this_.name_first as name2_4_1_, this_.name_middle as name3_4_1_, this_.name_last as name4_4_1_, this_.preferredCourseCode as preferre5_4_1_, pcourse1_.courseCode as courseCode1_0_, pcourse1_.description as descript2_1_0_ from Student this_ left outer join Course pcourse1_ on this_.preferredCourseCode=pcourse1_.courseCode order by this_.studentId asc; parameters: ; transformer: org.hibernate.transform.CacheableResultTransformer@14031e] -> [[5579090704715776, 111, 999]]
14:18:11,582 DEBUG SQL:104 - 
    select
        this_.studentId as studentId4_1_,
        this_.name_first as name2_4_1_,
        this_.name_middle as name3_4_1_,
        this_.name_last as name4_4_1_,
        this_.preferredCourseCode as preferre5_4_1_,
        pcourse1_.courseCode as courseCode1_0_,
        pcourse1_.description as descript2_1_0_ 
    from
        Student this_ 
    left outer join
        Course pcourse1_ 
            on this_.preferredCourseCode=pcourse1_.courseCode 
    order by
        this_.studentId asc
14:18:11,591 DEBUG SQL:104 - 
    select
        secretcode0_.studentNumber as studentN1_4_0_,
        secretcode0_.secretCode as secretCode5_0_,
        secretcode0_.i as i0_ 
    from
        Student_secretCodes secretcode0_ 
    where
        secretcode0_.studentNumber=?
14:18:11,592 DEBUG SQL:104 - 
    select
        secretcode0_.studentNumber as studentN1_4_0_,
        secretcode0_.secretCode as secretCode5_0_,
        secretcode0_.i as i0_ 
    from
        Student_secretCodes secretcode0_ 
    where
        secretcode0_.studentNumber=?
14:18:11,592 DEBUG SQL:104 - 
    select
        coursemeet0_.courseCode as courseCode1_1_,
        coursemeet0_.courseCode as courseCode2_1_,
        coursemeet0_.day as day2_1_,
        coursemeet0_.period as period2_1_,
        coursemeet0_.location as location2_1_,
        coursemeet0_.courseCode as courseCode2_0_,
        coursemeet0_.day as day2_0_,
        coursemeet0_.period as period2_0_,
        coursemeet0_.location as location2_0_ 
    from
        CourseMeeting coursemeet0_ 
    where
        coursemeet0_.courseCode=?
14:18:11,593 DEBUG BaseGeneralDataRegion:59 - Caching[foo.org.hibernate.cache.internal.StandardQueryCache] : [sql: select this_.studentId as studentId4_1_, this_.name_first as name2_4_1_, this_.name_middle as name3_4_1_, this_.name_last as name4_4_1_, this_.preferredCourseCode as preferre5_4_1_, pcourse1_.courseCode as courseCode1_0_, pcourse1_.description as descript2_1_0_ from Student this_ left outer join Course pcourse1_ on this_.preferredCourseCode=pcourse1_.courseCode order by this_.studentId asc; parameters: ; transformer: org.hibernate.transform.CacheableResultTransformer@14031e] -> [[5579090704764928, 111, 999]]
14:18:11,593 DEBUG SQL:104 - 
    select
        student_.studentId,
        student_.name_first as name2_4_,
        student_.name_middle as name3_4_,
        student_.name_last as name4_4_,
        student_.preferredCourseCode as preferre5_4_ 
    from
        Student student_ 
    where
        student_.studentId=?
14:18:11,606 DEBUG SQL:104 - 
    select
        enrolment_.studentId,
        enrolment_.courseCode,
        enrolment_.semester as semester3_,
        enrolment_."year" as year4_3_ 
    from
        Enrolment enrolment_ 
    where
        enrolment_.studentId=? 
        and enrolment_.courseCode=?
14:18:11,606 DEBUG SQL:104 - 
    select
        course_.courseCode,
        course_.description as descript2_1_ 
    from
        Course course_ 
    where
        course_.courseCode=?
14:18:11,606 DEBUG SQL:104 - 
    select
        student_.studentId,
        student_.name_first as name2_4_,
        student_.name_middle as name3_4_,
        student_.name_last as name4_4_,
        student_.preferredCourseCode as preferre5_4_ 
    from
        Student student_ 
    where
        student_.studentId=?
14:18:11,617 DEBUG SQL:104 - 
    select
        enrolment_.studentId,
        enrolment_.courseCode,
        enrolment_.semester as semester3_,
        enrolment_."year" as year4_3_ 
    from
        Enrolment enrolment_ 
    where
        enrolment_.studentId=? 
        and enrolment_.courseCode=?
14:18:11,617 DEBUG SQL:104 - 
    select
        coursemeet_.courseCode,
        coursemeet_.day,
        coursemeet_.period,
        coursemeet_.location 
    from
        CourseMeeting coursemeet_ 
    where
        coursemeet_.courseCode=? 
        and coursemeet_.day=? 
        and coursemeet_.period=? 
        and coursemeet_.location=?
14:18:11,617 DEBUG SQL:104 - 
    select
        coursemeet_.courseCode,
        coursemeet_.day,
        coursemeet_.period,
        coursemeet_.location 
    from
        CourseMeeting coursemeet_ 
    where
        coursemeet_.courseCode=? 
        and coursemeet_.day=? 
        and coursemeet_.period=? 
        and coursemeet_.location=?
14:18:11,618 DEBUG BaseGeneralDataRegion:59 - Caching[foo.org.hibernate.cache.spi.UpdateTimestampsCache] : [Enrolment] -> [5579090950627328]
14:18:11,618 DEBUG SQL:104 - 
    update
        Address 
    set
        studentNumber=null,
        addressType=null 
    where
        studentNumber=?
14:18:11,640 DEBUG BaseGeneralDataRegion:59 - Caching[foo.org.hibernate.cache.spi.UpdateTimestampsCache] : [Address] -> [5579090950717440]
14:18:11,641 DEBUG SQL:104 - 
    delete 
    from
        Student_secretCodes 
    where
        studentNumber=?
14:18:11,641 DEBUG BaseGeneralDataRegion:59 - Caching[foo.org.hibernate.cache.spi.UpdateTimestampsCache] : [Student_secretCodes] -> [5579090950721536]
14:18:11,641 DEBUG BaseGeneralDataRegion:59 - Caching[foo.org.hibernate.cache.spi.UpdateTimestampsCache] : [Enrolment] -> [5579090950721537]
14:18:11,641 DEBUG BaseGeneralDataRegion:59 - Caching[foo.org.hibernate.cache.spi.UpdateTimestampsCache] : [Address] -> [5579090950721538]
14:18:11,641 DEBUG SQL:104 - 
    delete 
    from
        Student_secretCodes 
    where
        studentNumber=?
14:18:11,641 DEBUG BaseGeneralDataRegion:59 - Caching[foo.org.hibernate.cache.spi.UpdateTimestampsCache] : [Student_secretCodes] -> [5579090950721539]
14:18:11,641 DEBUG BaseGeneralDataRegion:59 - Caching[foo.org.hibernate.cache.spi.UpdateTimestampsCache] : [CourseMeeting] -> [5579090950721540]
14:18:11,641 DEBUG SQL:104 - 
    delete 
    from
        Enrolment 
    where
        studentId=? 
        and courseCode=?
14:18:11,642 DEBUG BaseGeneralDataRegion:59 - Caching[foo.org.hibernate.cache.spi.UpdateTimestampsCache] : [Enrolment] -> [5579090950725632]
14:18:11,642 DEBUG SQL:104 - 
    delete 
    from
        Address 
    where
        id=?
14:18:11,681 DEBUG BaseGeneralDataRegion:59 - Caching[foo.org.hibernate.cache.spi.UpdateTimestampsCache] : [Address] -> [5579090950885376]
14:18:11,682 DEBUG SQL:104 - 
    delete 
    from
        Address 
    where
        id=?
14:18:11,682 DEBUG BaseGeneralDataRegion:59 - Caching[foo.org.hibernate.cache.spi.UpdateTimestampsCache] : [Address] -> [5579090950889472]
14:18:11,682 DEBUG SQL:104 - 
    delete 
    from
        Student 
    where
        studentId=?
14:18:11,682 DEBUG BaseGeneralDataRegion:59 - Caching[foo.org.hibernate.cache.spi.UpdateTimestampsCache] : [Student] -> [5579090950889473]
14:18:11,682 DEBUG SQL:104 - 
    delete 
    from
        Enrolment 
    where
        studentId=? 
        and courseCode=?
14:18:11,682 DEBUG BaseGeneralDataRegion:59 - Caching[foo.org.hibernate.cache.spi.UpdateTimestampsCache] : [Enrolment] -> [5579090950889474]
14:18:11,683 DEBUG SQL:104 - 
    delete 
    from
        Student 
    where
        studentId=?
14:18:11,691 DEBUG BaseGeneralDataRegion:59 - Caching[foo.org.hibernate.cache.spi.UpdateTimestampsCache] : [Student] -> [5579090950926336]
14:18:11,692 DEBUG SQL:104 - 
    delete 
    from
        CourseMeeting 
    where
        courseCode=? 
        and day=? 
        and period=? 
        and location=?
14:18:11,692 DEBUG BaseGeneralDataRegion:59 - Caching[foo.org.hibernate.cache.spi.UpdateTimestampsCache] : [CourseMeeting] -> [5579090950930432]
14:18:11,692 DEBUG SQL:104 - 
    delete 
    from
        CourseMeeting 
    where
        courseCode=? 
        and day=? 
        and period=? 
        and location=?
14:18:11,692 DEBUG BaseGeneralDataRegion:59 - Caching[foo.org.hibernate.cache.spi.UpdateTimestampsCache] : [CourseMeeting] -> [5579090950930433]
14:18:11,692 DEBUG SQL:104 - 
    delete 
    from
        Course 
    where
        courseCode=?
14:18:11,693 DEBUG BaseGeneralDataRegion:59 - Caching[foo.org.hibernate.cache.spi.UpdateTimestampsCache] : [Course] -> [5579090950934528]
14:18:11,702 DEBUG BaseGeneralDataRegion:59 - Caching[foo.org.hibernate.cache.spi.UpdateTimestampsCache] : [Student] -> [5579090705211392]
14:18:11,702 DEBUG BaseGeneralDataRegion:59 - Caching[foo.org.hibernate.cache.spi.UpdateTimestampsCache] : [Course] -> [5579090705211392]
14:18:11,702 DEBUG BaseGeneralDataRegion:59 - Caching[foo.org.hibernate.cache.spi.UpdateTimestampsCache] : [Enrolment] -> [5579090705211392]
14:18:11,702 DEBUG BaseGeneralDataRegion:59 - Caching[foo.org.hibernate.cache.spi.UpdateTimestampsCache] : [Student_secretCodes] -> [5579090705211392]
14:18:11,702 DEBUG BaseGeneralDataRegion:59 - Caching[foo.org.hibernate.cache.spi.UpdateTimestampsCache] : [Address] -> [5579090705211392]
14:18:11,702 DEBUG BaseGeneralDataRegion:59 - Caching[foo.org.hibernate.cache.spi.UpdateTimestampsCache] : [CourseMeeting] -> [5579090705211392]
14:18:11,703 DEBUG SQL:104 - 
    select
        coursemeet_.courseCode,
        coursemeet_.day,
        coursemeet_.period,
        coursemeet_.location 
    from
        CourseMeeting coursemeet_ 
    where
        coursemeet_.courseCode=? 
        and coursemeet_.day=? 
        and coursemeet_.period=? 
        and coursemeet_.location=?
14:18:11,703 DEBUG SQL:104 - 
    select
        coursemeet_.courseCode,
        coursemeet_.day,
        coursemeet_.period,
        coursemeet_.location 
    from
        CourseMeeting coursemeet_ 
    where
        coursemeet_.courseCode=? 
        and coursemeet_.day=? 
        and coursemeet_.period=? 
        and coursemeet_.location=?
14:18:11,713 DEBUG SQL:104 - 
    insert 
    into
        Course
        (description, courseCode) 
    values
        (?, ?)
14:18:11,713 DEBUG BaseGeneralDataRegion:59 - Caching[foo.org.hibernate.cache.spi.UpdateTimestampsCache] : [Course] -> [5579090951016448]
14:18:11,714 DEBUG SQL:104 - 
    insert 
    into
        CourseMeeting
        (courseCode, day, period, location) 
    values
        (?, ?, ?, ?)
14:18:11,714 DEBUG BaseGeneralDataRegion:59 - Caching[foo.org.hibernate.cache.spi.UpdateTimestampsCache] : [CourseMeeting] -> [5579090951020544]
14:18:11,714 DEBUG SQL:104 - 
    insert 
    into
        CourseMeeting
        (courseCode, day, period, location) 
    values
        (?, ?, ?, ?)
14:18:11,714 DEBUG BaseGeneralDataRegion:59 - Caching[foo.org.hibernate.cache.spi.UpdateTimestampsCache] : [CourseMeeting] -> [5579090951020545]
14:18:11,714 DEBUG SQL:104 - 
    insert 
    into
        Student
        (name_first, name_middle, name_last, preferredCourseCode, studentId) 
    values
        (?, ?, ?, ?, ?)
14:18:11,714 DEBUG BaseGeneralDataRegion:59 - Caching[foo.org.hibernate.cache.spi.UpdateTimestampsCache] : [Student] -> [5579090951020546]
14:18:11,715 DEBUG SQL:104 - 
    insert 
    into
        Address
        (addressType, street, city, stateProvince, postalCode, country, studentNumber, id) 
    values
        (?, ?, ?, ?, ?, ?, ?, ?)
14:18:11,715 DEBUG BaseGeneralDataRegion:59 - Caching[foo.org.hibernate.cache.spi.UpdateTimestampsCache] : [Address] -> [5579090951024640]
14:18:11,715 DEBUG SQL:104 - 
    insert 
    into
        Address
        (addressType, street, city, stateProvince, postalCode, country, studentNumber, id) 
    values
        (?, ?, ?, ?, ?, ?, ?, ?)
14:18:11,715 DEBUG BaseGeneralDataRegion:59 - Caching[foo.org.hibernate.cache.spi.UpdateTimestampsCache] : [Address] -> [5579090951024641]
14:18:11,715 DEBUG SQL:104 - 
    insert 
    into
        Student
        (name_first, name_middle, name_last, preferredCourseCode, studentId) 
    values
        (?, ?, ?, ?, ?)
14:18:11,715 DEBUG BaseGeneralDataRegion:59 - Caching[foo.org.hibernate.cache.spi.UpdateTimestampsCache] : [Student] -> [5579090951024642]
14:18:11,715 DEBUG SQL:104 - 
    insert 
    into
        Enrolment
        (semester, "year", studentId, courseCode) 
    values
        (?, ?, ?, ?)
14:18:11,728 DEBUG BaseGeneralDataRegion:59 - Caching[foo.org.hibernate.cache.spi.UpdateTimestampsCache] : [Enrolment] -> [5579090951077888]
14:18:11,728 DEBUG SQL:104 - 
    insert 
    into
        Enrolment
        (semester, "year", studentId, courseCode) 
    values
        (?, ?, ?, ?)
14:18:11,728 DEBUG BaseGeneralDataRegion:59 - Caching[foo.org.hibernate.cache.spi.UpdateTimestampsCache] : [Enrolment] -> [5579090951077889]
14:18:11,728 DEBUG BaseGeneralDataRegion:59 - Caching[foo.org.hibernate.cache.spi.UpdateTimestampsCache] : [CourseMeeting] -> [5579090951077890]
14:18:11,728 DEBUG BaseGeneralDataRegion:59 - Caching[foo.org.hibernate.cache.spi.UpdateTimestampsCache] : [Enrolment] -> [5579090951077891]
14:18:11,729 DEBUG SQL:104 - 
    update
        Address 
    set
        studentNumber=?,
        addressType=? 
    where
        id=?
14:18:11,729 DEBUG SQL:104 - 
    update
        Address 
    set
        studentNumber=?,
        addressType=? 
    where
        id=?
14:18:11,738 DEBUG BaseGeneralDataRegion:59 - Caching[foo.org.hibernate.cache.spi.UpdateTimestampsCache] : [Address] -> [5579090951118848]
14:18:11,738 DEBUG SQL:104 - 
    insert 
    into
        Student_secretCodes
        (studentNumber, i, secretCode) 
    values
        (?, ?, ?)
14:18:11,738 DEBUG BaseGeneralDataRegion:59 - Caching[foo.org.hibernate.cache.spi.UpdateTimestampsCache] : [Student_secretCodes] -> [5579090951118849]
14:18:11,738 DEBUG BaseGeneralDataRegion:59 - Caching[foo.org.hibernate.cache.spi.UpdateTimestampsCache] : [Enrolment] -> [5579090951118850]
14:18:11,738 DEBUG BaseGeneralDataRegion:59 - Caching[foo.org.hibernate.cache.spi.UpdateTimestampsCache] : [Address] -> [5579090951118851]
14:18:11,739 DEBUG SQL:104 - 
    insert 
    into
        Student_secretCodes
        (studentNumber, i, secretCode) 
    values
        (?, ?, ?)
14:18:11,739 DEBUG SQL:104 - 
    insert 
    into
        Student_secretCodes
        (studentNumber, i, secretCode) 
    values
        (?, ?, ?)
14:18:11,739 DEBUG BaseGeneralDataRegion:59 - Caching[foo.org.hibernate.cache.spi.UpdateTimestampsCache] : [Student_secretCodes] -> [5579090951122944]
14:18:11,739 DEBUG BaseGeneralDataRegion:59 - Caching[foo.org.hibernate.cache.spi.UpdateTimestampsCache] : [Student] -> [5579090705362945]
14:18:11,739 DEBUG BaseGeneralDataRegion:59 - Caching[foo.org.hibernate.cache.spi.UpdateTimestampsCache] : [Course] -> [5579090705362945]
14:18:11,739 DEBUG BaseGeneralDataRegion:59 - Caching[foo.org.hibernate.cache.spi.UpdateTimestampsCache] : [Enrolment] -> [5579090705362945]
14:18:11,739 DEBUG BaseGeneralDataRegion:59 - Caching[foo.org.hibernate.cache.spi.UpdateTimestampsCache] : [Student_secretCodes] -> [5579090705362945]
14:18:11,740 DEBUG BaseGeneralDataRegion:59 - Caching[foo.org.hibernate.cache.spi.UpdateTimestampsCache] : [Address] -> [5579090705362945]
14:18:11,740 DEBUG BaseGeneralDataRegion:59 - Caching[foo.org.hibernate.cache.spi.UpdateTimestampsCache] : [CourseMeeting] -> [5579090705362945]
14:18:11,740 DEBUG SQL:104 - 
    select
        this_.studentId as studentId4_1_,
        this_.name_first as name2_4_1_,
        this_.name_middle as name3_4_1_,
        this_.name_last as name4_4_1_,
        this_.preferredCourseCode as preferre5_4_1_,
        pcourse1_.courseCode as courseCode1_0_,
        pcourse1_.description as descript2_1_0_ 
    from
        Student this_ 
    left outer join
        Course pcourse1_ 
            on this_.preferredCourseCode=pcourse1_.courseCode 
    order by
        this_.studentId asc
14:18:11,760 DEBUG SQL:104 - 
    select
        secretcode0_.studentNumber as studentN1_4_0_,
        secretcode0_.secretCode as secretCode5_0_,
        secretcode0_.i as i0_ 
    from
        Student_secretCodes secretcode0_ 
    where
        secretcode0_.studentNumber=?
14:18:11,760 DEBUG SQL:104 - 
    select
        secretcode0_.studentNumber as studentN1_4_0_,
        secretcode0_.secretCode as secretCode5_0_,
        secretcode0_.i as i0_ 
    from
        Student_secretCodes secretcode0_ 
    where
        secretcode0_.studentNumber=?
14:18:11,761 DEBUG SQL:104 - 
    select
        coursemeet0_.courseCode as courseCode1_1_,
        coursemeet0_.courseCode as courseCode2_1_,
        coursemeet0_.day as day2_1_,
        coursemeet0_.period as period2_1_,
        coursemeet0_.location as location2_1_,
        coursemeet0_.courseCode as courseCode2_0_,
        coursemeet0_.day as day2_0_,
        coursemeet0_.period as period2_0_,
        coursemeet0_.location as location2_0_ 
    from
        CourseMeeting coursemeet0_ 
    where
        coursemeet0_.courseCode=?
14:18:11,771 DEBUG BaseGeneralDataRegion:59 - Caching[foo.org.hibernate.cache.internal.StandardQueryCache] : [sql: select this_.studentId as studentId4_1_, this_.name_first as name2_4_1_, this_.name_middle as name3_4_1_, this_.name_last as name4_4_1_, this_.preferredCourseCode as preferre5_4_1_, pcourse1_.courseCode as courseCode1_0_, pcourse1_.description as descript2_1_0_ from Student this_ left outer join Course pcourse1_ on this_.preferredCourseCode=pcourse1_.courseCode order by this_.studentId asc; parameters: ; transformer: org.hibernate.transform.CacheableResultTransformer@14031e] -> [[5579090705494016, 111, 999]]
14:18:11,772 DEBUG SQL:104 - 
    select
        this_.studentId as studentId4_1_,
        this_.name_first as name2_4_1_,
        this_.name_middle as name3_4_1_,
        this_.name_last as name4_4_1_,
        this_.preferredCourseCode as preferre5_4_1_,
        pcourse1_.courseCode as courseCode1_0_,
        pcourse1_.description as descript2_1_0_ 
    from
        Student this_ 
    left outer join
        Course pcourse1_ 
            on this_.preferredCourseCode=pcourse1_.courseCode 
    order by
        this_.studentId asc
14:18:11,772 DEBUG SQL:104 - 
    select
        secretcode0_.studentNumber as studentN1_4_0_,
        secretcode0_.secretCode as secretCode5_0_,
        secretcode0_.i as i0_ 
    from
        Student_secretCodes secretcode0_ 
    where
        secretcode0_.studentNumber=?
14:18:11,780 DEBUG SQL:104 - 
    select
        secretcode0_.studentNumber as studentN1_4_0_,
        secretcode0_.secretCode as secretCode5_0_,
        secretcode0_.i as i0_ 
    from
        Student_secretCodes secretcode0_ 
    where
        secretcode0_.studentNumber=?
14:18:11,780 DEBUG SQL:104 - 
    select
        coursemeet0_.courseCode as courseCode1_1_,
        coursemeet0_.courseCode as courseCode2_1_,
        coursemeet0_.day as day2_1_,
        coursemeet0_.period as period2_1_,
        coursemeet0_.location as location2_1_,
        coursemeet0_.courseCode as courseCode2_0_,
        coursemeet0_.day as day2_0_,
        coursemeet0_.period as period2_0_,
        coursemeet0_.location as location2_0_ 
    from
        CourseMeeting coursemeet0_ 
    where
        coursemeet0_.courseCode=?
14:18:11,781 DEBUG BaseGeneralDataRegion:59 - Caching[foo.org.hibernate.cache.internal.StandardQueryCache] : [sql: select this_.studentId as studentId4_1_, this_.name_first as name2_4_1_, this_.name_middle as name3_4_1_, this_.name_last as name4_4_1_, this_.preferredCourseCode as preferre5_4_1_, pcourse1_.courseCode as courseCode1_0_, pcourse1_.description as descript2_1_0_ from Student this_ left outer join Course pcourse1_ on this_.preferredCourseCode=pcourse1_.courseCode order by this_.studentId asc; parameters: ; transformer: org.hibernate.transform.CacheableResultTransformer@14031e] -> [[5579090705534976, 111, 999]]
14:18:11,781 DEBUG SQL:104 - 
    select
        student_.studentId,
        student_.name_first as name2_4_,
        student_.name_middle as name3_4_,
        student_.name_last as name4_4_,
        student_.preferredCourseCode as preferre5_4_ 
    from
        Student student_ 
    where
        student_.studentId=?
14:18:11,790 DEBUG SQL:104 - 
    select
        enrolment_.studentId,
        enrolment_.courseCode,
        enrolment_.semester as semester3_,
        enrolment_."year" as year4_3_ 
    from
        Enrolment enrolment_ 
    where
        enrolment_.studentId=? 
        and enrolment_.courseCode=?
14:18:11,791 DEBUG SQL:104 - 
    select
        course_.courseCode,
        course_.description as descript2_1_ 
    from
        Course course_ 
    where
        course_.courseCode=?
14:18:11,791 DEBUG SQL:104 - 
    select
        student_.studentId,
        student_.name_first as name2_4_,
        student_.name_middle as name3_4_,
        student_.name_last as name4_4_,
        student_.preferredCourseCode as preferre5_4_ 
    from
        Student student_ 
    where
        student_.studentId=?
14:18:11,800 DEBUG SQL:104 - 
    select
        enrolment_.studentId,
        enrolment_.courseCode,
        enrolment_.semester as semester3_,
        enrolment_."year" as year4_3_ 
    from
        Enrolment enrolment_ 
    where
        enrolment_.studentId=? 
        and enrolment_.courseCode=?
14:18:11,801 DEBUG SQL:104 - 
    select
        coursemeet_.courseCode,
        coursemeet_.day,
        coursemeet_.period,
        coursemeet_.location 
    from
        CourseMeeting coursemeet_ 
    where
        coursemeet_.courseCode=? 
        and coursemeet_.day=? 
        and coursemeet_.period=? 
        and coursemeet_.location=?
14:18:11,811 DEBUG SQL:104 - 
    select
        coursemeet_.courseCode,
        coursemeet_.day,
        coursemeet_.period,
        coursemeet_.location 
    from
        CourseMeeting coursemeet_ 
    where
        coursemeet_.courseCode=? 
        and coursemeet_.day=? 
        and coursemeet_.period=? 
        and coursemeet_.location=?
14:18:11,811 DEBUG BaseGeneralDataRegion:59 - Caching[foo.org.hibernate.cache.spi.UpdateTimestampsCache] : [Enrolment] -> [5579090951417856]
14:18:11,811 DEBUG SQL:104 - 
    update
        Address 
    set
        studentNumber=null,
        addressType=null 
    where
        studentNumber=?
14:18:11,812 DEBUG BaseGeneralDataRegion:59 - Caching[foo.org.hibernate.cache.spi.UpdateTimestampsCache] : [Address] -> [5579090951421952]
14:18:11,812 DEBUG SQL:104 - 
    delete 
    from
        Student_secretCodes 
    where
        studentNumber=?
14:18:11,820 DEBUG BaseGeneralDataRegion:59 - Caching[foo.org.hibernate.cache.spi.UpdateTimestampsCache] : [Student_secretCodes] -> [5579090951454720]
14:18:11,820 DEBUG BaseGeneralDataRegion:59 - Caching[foo.org.hibernate.cache.spi.UpdateTimestampsCache] : [Enrolment] -> [5579090951454721]
14:18:11,820 DEBUG BaseGeneralDataRegion:59 - Caching[foo.org.hibernate.cache.spi.UpdateTimestampsCache] : [Address] -> [5579090951454722]
14:18:11,821 DEBUG SQL:104 - 
    delete 
    from
        Student_secretCodes 
    where
        studentNumber=?
14:18:11,821 DEBUG BaseGeneralDataRegion:59 - Caching[foo.org.hibernate.cache.spi.UpdateTimestampsCache] : [Student_secretCodes] -> [5579090951458816]
14:18:11,821 DEBUG BaseGeneralDataRegion:59 - Caching[foo.org.hibernate.cache.spi.UpdateTimestampsCache] : [CourseMeeting] -> [5579090951458817]
14:18:11,821 DEBUG SQL:104 - 
    delete 
    from
        Enrolment 
    where
        studentId=? 
        and courseCode=?
14:18:11,821 DEBUG BaseGeneralDataRegion:59 - Caching[foo.org.hibernate.cache.spi.UpdateTimestampsCache] : [Enrolment] -> [5579090951458818]
14:18:11,821 DEBUG SQL:104 - 
    delete 
    from
        Address 
    where
        id=?
14:18:11,821 DEBUG BaseGeneralDataRegion:59 - Caching[foo.org.hibernate.cache.spi.UpdateTimestampsCache] : [Address] -> [5579090951458819]
14:18:11,822 DEBUG SQL:104 - 
    delete 
    from
        Address 
    where
        id=?
14:18:11,831 DEBUG BaseGeneralDataRegion:59 - Caching[foo.org.hibernate.cache.spi.UpdateTimestampsCache] : [Address] -> [5579090951499776]
14:18:11,831 DEBUG SQL:104 - 
    delete 
    from
        Student 
    where
        studentId=?
14:18:11,832 DEBUG BaseGeneralDataRegion:59 - Caching[foo.org.hibernate.cache.spi.UpdateTimestampsCache] : [Student] -> [5579090951503872]
14:18:11,832 DEBUG SQL:104 - 
    delete 
    from
        Enrolment 
    where
        studentId=? 
        and courseCode=?
14:18:11,832 DEBUG BaseGeneralDataRegion:59 - Caching[foo.org.hibernate.cache.spi.UpdateTimestampsCache] : [Enrolment] -> [5579090951503873]
14:18:11,832 DEBUG SQL:104 - 
    delete 
    from
        Student 
    where
        studentId=?
14:18:11,832 DEBUG BaseGeneralDataRegion:59 - Caching[foo.org.hibernate.cache.spi.UpdateTimestampsCache] : [Student] -> [5579090951503874]
14:18:11,832 DEBUG SQL:104 - 
    delete 
    from
        CourseMeeting 
    where
        courseCode=? 
        and day=? 
        and period=? 
        and location=?
14:18:11,842 DEBUG BaseGeneralDataRegion:59 - Caching[foo.org.hibernate.cache.spi.UpdateTimestampsCache] : [CourseMeeting] -> [5579090951544832]
14:18:11,842 DEBUG SQL:104 - 
    delete 
    from
        CourseMeeting 
    where
        courseCode=? 
        and day=? 
        and period=? 
        and location=?
14:18:11,842 DEBUG BaseGeneralDataRegion:59 - Caching[foo.org.hibernate.cache.spi.UpdateTimestampsCache] : [CourseMeeting] -> [5579090951544833]
14:18:11,842 DEBUG SQL:104 - 
    delete 
    from
        Course 
    where
        courseCode=?
14:18:11,842 DEBUG BaseGeneralDataRegion:59 - Caching[foo.org.hibernate.cache.spi.UpdateTimestampsCache] : [Course] -> [5579090951544834]
14:18:11,842 DEBUG BaseGeneralDataRegion:59 - Caching[foo.org.hibernate.cache.spi.UpdateTimestampsCache] : [Student] -> [5579090705784835]
14:18:11,843 DEBUG BaseGeneralDataRegion:59 - Caching[foo.org.hibernate.cache.spi.UpdateTimestampsCache] : [Course] -> [5579090705784835]
14:18:11,843 DEBUG BaseGeneralDataRegion:59 - Caching[foo.org.hibernate.cache.spi.UpdateTimestampsCache] : [Enrolment] -> [5579090705784835]
14:18:11,843 DEBUG BaseGeneralDataRegion:59 - Caching[foo.org.hibernate.cache.spi.UpdateTimestampsCache] : [Student_secretCodes] -> [5579090705784835]
14:18:11,843 DEBUG BaseGeneralDataRegion:59 - Caching[foo.org.hibernate.cache.spi.UpdateTimestampsCache] : [Address] -> [5579090705784835]
14:18:11,843 DEBUG BaseGeneralDataRegion:59 - Caching[foo.org.hibernate.cache.spi.UpdateTimestampsCache] : [CourseMeeting] -> [5579090705784835]
14:18:11,844  INFO CustomRunner:139 - Test: testEntityWithJoinFetchedLazyManyToOneUsingProjectionList
14:18:11,845 DEBUG SQL:104 - 
    select
        coursemeet_.courseCode,
        coursemeet_.day,
        coursemeet_.period,
        coursemeet_.location 
    from
        CourseMeeting coursemeet_ 
    where
        coursemeet_.courseCode=? 
        and coursemeet_.day=? 
        and coursemeet_.period=? 
        and coursemeet_.location=?
14:18:11,846 DEBUG SQL:104 - 
    select
        coursemeet_.courseCode,
        coursemeet_.day,
        coursemeet_.period,
        coursemeet_.location 
    from
        CourseMeeting coursemeet_ 
    where
        coursemeet_.courseCode=? 
        and coursemeet_.day=? 
        and coursemeet_.period=? 
        and coursemeet_.location=?
14:18:11,855 DEBUG SQL:104 - 
    insert 
    into
        Course
        (description, courseCode) 
    values
        (?, ?)
14:18:11,856 DEBUG BaseGeneralDataRegion:59 - Caching[foo.org.hibernate.cache.spi.UpdateTimestampsCache] : [Course] -> [5579090951602176]
14:18:11,856 DEBUG SQL:104 - 
    insert 
    into
        CourseMeeting
        (courseCode, day, period, location) 
    values
        (?, ?, ?, ?)
14:18:11,856 DEBUG BaseGeneralDataRegion:59 - Caching[foo.org.hibernate.cache.spi.UpdateTimestampsCache] : [CourseMeeting] -> [5579090951602177]
14:18:11,856 DEBUG SQL:104 - 
    insert 
    into
        CourseMeeting
        (courseCode, day, period, location) 
    values
        (?, ?, ?, ?)
14:18:11,856 DEBUG BaseGeneralDataRegion:59 - Caching[foo.org.hibernate.cache.spi.UpdateTimestampsCache] : [CourseMeeting] -> [5579090951602178]
14:18:11,856 DEBUG SQL:104 - 
    insert 
    into
        Student
        (name_first, name_middle, name_last, preferredCourseCode, studentId) 
    values
        (?, ?, ?, ?, ?)
14:18:11,865 DEBUG BaseGeneralDataRegion:59 - Caching[foo.org.hibernate.cache.spi.UpdateTimestampsCache] : [Student] -> [5579090951639040]
14:18:11,865 DEBUG SQL:104 - 
    insert 
    into
        Address
        (addressType, street, city, stateProvince, postalCode, country, studentNumber, id) 
    values
        (?, ?, ?, ?, ?, ?, ?, ?)
14:18:11,866 DEBUG BaseGeneralDataRegion:59 - Caching[foo.org.hibernate.cache.spi.UpdateTimestampsCache] : [Address] -> [5579090951643136]
14:18:11,866 DEBUG SQL:104 - 
    insert 
    into
        Address
        (addressType, street, city, stateProvince, postalCode, country, studentNumber, id) 
    values
        (?, ?, ?, ?, ?, ?, ?, ?)
14:18:11,866 DEBUG BaseGeneralDataRegion:59 - Caching[foo.org.hibernate.cache.spi.UpdateTimestampsCache] : [Address] -> [5579090951643137]
14:18:11,866 DEBUG SQL:104 - 
    insert 
    into
        Student
        (name_first, name_middle, name_last, preferredCourseCode, studentId) 
    values
        (?, ?, ?, ?, ?)
14:18:11,866 DEBUG BaseGeneralDataRegion:59 - Caching[foo.org.hibernate.cache.spi.UpdateTimestampsCache] : [Student] -> [5579090951643138]
14:18:11,866 DEBUG SQL:104 - 
    insert 
    into
        Enrolment
        (semester, "year", studentId, courseCode) 
    values
        (?, ?, ?, ?)
14:18:11,866 DEBUG BaseGeneralDataRegion:59 - Caching[foo.org.hibernate.cache.spi.UpdateTimestampsCache] : [Enrolment] -> [5579090951643139]
14:18:11,867 DEBUG SQL:104 - 
    insert 
    into
        Enrolment
        (semester, "year", studentId, courseCode) 
    values
        (?, ?, ?, ?)
14:18:11,867 DEBUG BaseGeneralDataRegion:59 - Caching[foo.org.hibernate.cache.spi.UpdateTimestampsCache] : [Enrolment] -> [5579090951647232]
14:18:11,867 DEBUG BaseGeneralDataRegion:59 - Caching[foo.org.hibernate.cache.spi.UpdateTimestampsCache] : [CourseMeeting] -> [5579090951647233]
14:18:11,867 DEBUG BaseGeneralDataRegion:59 - Caching[foo.org.hibernate.cache.spi.UpdateTimestampsCache] : [Enrolment] -> [5579090951647234]
14:18:11,886 DEBUG SQL:104 - 
    update
        Address 
    set
        studentNumber=?,
        addressType=? 
    where
        id=?
14:18:11,886 DEBUG SQL:104 - 
    update
        Address 
    set
        studentNumber=?,
        addressType=? 
    where
        id=?
14:18:11,887 DEBUG BaseGeneralDataRegion:59 - Caching[foo.org.hibernate.cache.spi.UpdateTimestampsCache] : [Address] -> [5579090951729152]
14:18:11,887 DEBUG SQL:104 - 
    insert 
    into
        Student_secretCodes
        (studentNumber, i, secretCode) 
    values
        (?, ?, ?)
14:18:11,887 DEBUG BaseGeneralDataRegion:59 - Caching[foo.org.hibernate.cache.spi.UpdateTimestampsCache] : [Student_secretCodes] -> [5579090951729153]
14:18:11,887 DEBUG BaseGeneralDataRegion:59 - Caching[foo.org.hibernate.cache.spi.UpdateTimestampsCache] : [Enrolment] -> [5579090951729154]
14:18:11,887 DEBUG BaseGeneralDataRegion:59 - Caching[foo.org.hibernate.cache.spi.UpdateTimestampsCache] : [Address] -> [5579090951729155]
14:18:11,887 DEBUG SQL:104 - 
    insert 
    into
        Student_secretCodes
        (studentNumber, i, secretCode) 
    values
        (?, ?, ?)
14:18:11,888 DEBUG SQL:104 - 
    insert 
    into
        Student_secretCodes
        (studentNumber, i, secretCode) 
    values
        (?, ?, ?)
14:18:11,888 DEBUG BaseGeneralDataRegion:59 - Caching[foo.org.hibernate.cache.spi.UpdateTimestampsCache] : [Student_secretCodes] -> [5579090951733248]
14:18:11,888 DEBUG BaseGeneralDataRegion:59 - Caching[foo.org.hibernate.cache.spi.UpdateTimestampsCache] : [Student] -> [5579090705973249]
14:18:11,888 DEBUG BaseGeneralDataRegion:59 - Caching[foo.org.hibernate.cache.spi.UpdateTimestampsCache] : [Course] -> [5579090705973249]
14:18:11,888 DEBUG BaseGeneralDataRegion:59 - Caching[foo.org.hibernate.cache.spi.UpdateTimestampsCache] : [Enrolment] -> [5579090705973249]
14:18:11,888 DEBUG BaseGeneralDataRegion:59 - Caching[foo.org.hibernate.cache.spi.UpdateTimestampsCache] : [Student_secretCodes] -> [5579090705973249]
14:18:11,888 DEBUG BaseGeneralDataRegion:59 - Caching[foo.org.hibernate.cache.spi.UpdateTimestampsCache] : [Address] -> [5579090705973249]
14:18:11,888 DEBUG BaseGeneralDataRegion:59 - Caching[foo.org.hibernate.cache.spi.UpdateTimestampsCache] : [CourseMeeting] -> [5579090705973249]
14:18:11,889 DEBUG SQL:104 - 
    select
        s1_.name_first as y0_,
        s1_.name_middle as y1_,
        s1_.name_last as y2_,
        this_.studentId as y3_ 
    from
        Enrolment this_ 
    left outer join
        Student s1_ 
            on this_.studentId=s1_.studentId 
    order by
        s1_.studentId asc
14:18:11,890 DEBUG BaseGeneralDataRegion:59 - Caching[foo.org.hibernate.cache.internal.StandardQueryCache] : [sql: select s1_.name_first as y0_, s1_.name_middle as y1_, s1_.name_last as y2_, this_.studentId as y3_ from Enrolment this_ left outer join Student s1_ on this_.studentId=s1_.studentId order by s1_.studentId asc; parameters: ; transformer: org.hibernate.transform.CacheableResultTransformer@1406bf] -> [[5579090705981440, [Ljava.io.Serializable;@36e8dd44, [Ljava.io.Serializable;@7216b785]]
14:18:11,890 DEBUG SQL:104 - 
    select
        s1_.name_first as y0_,
        s1_.name_middle as y1_,
        s1_.name_last as y2_,
        this_.studentId as y3_ 
    from
        Enrolment this_ 
    left outer join
        Student s1_ 
            on this_.studentId=s1_.studentId 
    order by
        s1_.studentId asc
14:18:11,914 DEBUG BaseGeneralDataRegion:59 - Caching[foo.org.hibernate.cache.internal.StandardQueryCache] : [sql: select s1_.name_first as y0_, s1_.name_middle as y1_, s1_.name_last as y2_, this_.studentId as y3_ from Enrolment this_ left outer join Student s1_ on this_.studentId=s1_.studentId order by s1_.studentId asc; parameters: ; transformer: org.hibernate.transform.CacheableResultTransformer@1406bf] -> [[5579090706079744, [Ljava.io.Serializable;@261f7af4, [Ljava.io.Serializable;@5cc13cb9]]
14:18:11,915 DEBUG SQL:104 - 
    select
        student_.studentId,
        student_.name_first as name2_4_,
        student_.name_middle as name3_4_,
        student_.name_last as name4_4_,
        student_.preferredCourseCode as preferre5_4_ 
    from
        Student student_ 
    where
        student_.studentId=?
14:18:11,916 DEBUG SQL:104 - 
    select
        enrolment_.studentId,
        enrolment_.courseCode,
        enrolment_.semester as semester3_,
        enrolment_."year" as year4_3_ 
    from
        Enrolment enrolment_ 
    where
        enrolment_.studentId=? 
        and enrolment_.courseCode=?
14:18:11,916 DEBUG SQL:104 - 
    select
        course_.courseCode,
        course_.description as descript2_1_ 
    from
        Course course_ 
    where
        course_.courseCode=?
14:18:11,922 DEBUG SQL:104 - 
    select
        student_.studentId,
        student_.name_first as name2_4_,
        student_.name_middle as name3_4_,
        student_.name_last as name4_4_,
        student_.preferredCourseCode as preferre5_4_ 
    from
        Student student_ 
    where
        student_.studentId=?
14:18:11,922 DEBUG SQL:104 - 
    select
        enrolment_.studentId,
        enrolment_.courseCode,
        enrolment_.semester as semester3_,
        enrolment_."year" as year4_3_ 
    from
        Enrolment enrolment_ 
    where
        enrolment_.studentId=? 
        and enrolment_.courseCode=?
14:18:11,922 DEBUG SQL:104 - 
    select
        coursemeet_.courseCode,
        coursemeet_.day,
        coursemeet_.period,
        coursemeet_.location 
    from
        CourseMeeting coursemeet_ 
    where
        coursemeet_.courseCode=? 
        and coursemeet_.day=? 
        and coursemeet_.period=? 
        and coursemeet_.location=?
14:18:11,931 DEBUG SQL:104 - 
    select
        coursemeet_.courseCode,
        coursemeet_.day,
        coursemeet_.period,
        coursemeet_.location 
    from
        CourseMeeting coursemeet_ 
    where
        coursemeet_.courseCode=? 
        and coursemeet_.day=? 
        and coursemeet_.period=? 
        and coursemeet_.location=?
14:18:11,932 DEBUG BaseGeneralDataRegion:59 - Caching[foo.org.hibernate.cache.spi.UpdateTimestampsCache] : [Enrolment] -> [5579090951913472]
14:18:11,932 DEBUG SQL:104 - 
    update
        Address 
    set
        studentNumber=null,
        addressType=null 
    where
        studentNumber=?
14:18:11,932 DEBUG BaseGeneralDataRegion:59 - Caching[foo.org.hibernate.cache.spi.UpdateTimestampsCache] : [Address] -> [5579090951913473]
14:18:11,941 DEBUG SQL:104 - 
    delete 
    from
        Student_secretCodes 
    where
        studentNumber=?
14:18:11,942 DEBUG BaseGeneralDataRegion:59 - Caching[foo.org.hibernate.cache.spi.UpdateTimestampsCache] : [Student_secretCodes] -> [5579090951954432]
14:18:11,942 DEBUG BaseGeneralDataRegion:59 - Caching[foo.org.hibernate.cache.spi.UpdateTimestampsCache] : [Enrolment] -> [5579090951954433]
14:18:11,942 DEBUG BaseGeneralDataRegion:59 - Caching[foo.org.hibernate.cache.spi.UpdateTimestampsCache] : [Address] -> [5579090951954434]
14:18:11,942 DEBUG SQL:104 - 
    delete 
    from
        Student_secretCodes 
    where
        studentNumber=?
14:18:11,942 DEBUG BaseGeneralDataRegion:59 - Caching[foo.org.hibernate.cache.spi.UpdateTimestampsCache] : [Student_secretCodes] -> [5579090951954435]
14:18:11,942 DEBUG BaseGeneralDataRegion:59 - Caching[foo.org.hibernate.cache.spi.UpdateTimestampsCache] : [CourseMeeting] -> [5579090951954436]
14:18:11,942 DEBUG SQL:104 - 
    delete 
    from
        Enrolment 
    where
        studentId=? 
        and courseCode=?
14:18:11,943 DEBUG BaseGeneralDataRegion:59 - Caching[foo.org.hibernate.cache.spi.UpdateTimestampsCache] : [Enrolment] -> [5579090951958528]
14:18:11,943 DEBUG SQL:104 - 
    delete 
    from
        Address 
    where
        id=?
14:18:11,951 DEBUG BaseGeneralDataRegion:59 - Caching[foo.org.hibernate.cache.spi.UpdateTimestampsCache] : [Address] -> [5579090951991296]
14:18:11,951 DEBUG SQL:104 - 
    delete 
    from
        Address 
    where
        id=?
14:18:11,952 DEBUG BaseGeneralDataRegion:59 - Caching[foo.org.hibernate.cache.spi.UpdateTimestampsCache] : [Address] -> [5579090951995392]
14:18:11,952 DEBUG SQL:104 - 
    delete 
    from
        Student 
    where
        studentId=?
14:18:11,952 DEBUG BaseGeneralDataRegion:59 - Caching[foo.org.hibernate.cache.spi.UpdateTimestampsCache] : [Student] -> [5579090951995393]
14:18:11,952 DEBUG SQL:104 - 
    delete 
    from
        Enrolment 
    where
        studentId=? 
        and courseCode=?
14:18:11,952 DEBUG BaseGeneralDataRegion:59 - Caching[foo.org.hibernate.cache.spi.UpdateTimestampsCache] : [Enrolment] -> [5579090951995394]
14:18:11,952 DEBUG SQL:104 - 
    delete 
    from
        Student 
    where
        studentId=?
14:18:11,961 DEBUG BaseGeneralDataRegion:59 - Caching[foo.org.hibernate.cache.spi.UpdateTimestampsCache] : [Student] -> [5579090952032256]
14:18:11,962 DEBUG SQL:104 - 
    delete 
    from
        CourseMeeting 
    where
        courseCode=? 
        and day=? 
        and period=? 
        and location=?
14:18:11,962 DEBUG BaseGeneralDataRegion:59 - Caching[foo.org.hibernate.cache.spi.UpdateTimestampsCache] : [CourseMeeting] -> [5579090952036352]
14:18:11,962 DEBUG SQL:104 - 
    delete 
    from
        CourseMeeting 
    where
        courseCode=? 
        and day=? 
        and period=? 
        and location=?
14:18:11,962 DEBUG BaseGeneralDataRegion:59 - Caching[foo.org.hibernate.cache.spi.UpdateTimestampsCache] : [CourseMeeting] -> [5579090952036353]
14:18:11,962 DEBUG SQL:104 - 
    delete 
    from
        Course 
    where
        courseCode=?
14:18:11,963 DEBUG BaseGeneralDataRegion:59 - Caching[foo.org.hibernate.cache.spi.UpdateTimestampsCache] : [Course] -> [5579090952040448]
14:18:11,963 DEBUG BaseGeneralDataRegion:59 - Caching[foo.org.hibernate.cache.spi.UpdateTimestampsCache] : [Student] -> [5579090706280449]
14:18:11,963 DEBUG BaseGeneralDataRegion:59 - Caching[foo.org.hibernate.cache.spi.UpdateTimestampsCache] : [Course] -> [5579090706280449]
14:18:11,972 DEBUG BaseGeneralDataRegion:59 - Caching[foo.org.hibernate.cache.spi.UpdateTimestampsCache] : [Enrolment] -> [5579090706280449]
14:18:11,973 DEBUG BaseGeneralDataRegion:59 - Caching[foo.org.hibernate.cache.spi.UpdateTimestampsCache] : [Student_secretCodes] -> [5579090706280449]
14:18:11,973 DEBUG BaseGeneralDataRegion:59 - Caching[foo.org.hibernate.cache.spi.UpdateTimestampsCache] : [Address] -> [5579090706280449]
14:18:11,973 DEBUG BaseGeneralDataRegion:59 - Caching[foo.org.hibernate.cache.spi.UpdateTimestampsCache] : [CourseMeeting] -> [5579090706280449]
14:18:11,973  INFO CustomRunner:139 - Test: testEntityWithJoinFetchedLazyOneToManyMultiAndNullElementList
14:18:11,974 DEBUG SQL:104 - 
    select
        coursemeet_.courseCode,
        coursemeet_.day,
        coursemeet_.period,
        coursemeet_.location 
    from
        CourseMeeting coursemeet_ 
    where
        coursemeet_.courseCode=? 
        and coursemeet_.day=? 
        and coursemeet_.period=? 
        and coursemeet_.location=?
14:18:11,975 DEBUG SQL:104 - 
    select
        coursemeet_.courseCode,
        coursemeet_.day,
        coursemeet_.period,
        coursemeet_.location 
    from
        CourseMeeting coursemeet_ 
    where
        coursemeet_.courseCode=? 
        and coursemeet_.day=? 
        and coursemeet_.period=? 
        and coursemeet_.location=?
14:18:11,976 DEBUG SQL:104 - 
    insert 
    into
        Course
        (description, courseCode) 
    values
        (?, ?)
14:18:11,976 DEBUG BaseGeneralDataRegion:59 - Caching[foo.org.hibernate.cache.spi.UpdateTimestampsCache] : [Course] -> [5579090952093696]
14:18:11,976 DEBUG SQL:104 - 
    insert 
    into
        CourseMeeting
        (courseCode, day, period, location) 
    values
        (?, ?, ?, ?)
14:18:11,976 DEBUG BaseGeneralDataRegion:59 - Caching[foo.org.hibernate.cache.spi.UpdateTimestampsCache] : [CourseMeeting] -> [5579090952093697]
14:18:11,976 DEBUG SQL:104 - 
    insert 
    into
        CourseMeeting
        (courseCode, day, period, location) 
    values
        (?, ?, ?, ?)
14:18:11,976 DEBUG BaseGeneralDataRegion:59 - Caching[foo.org.hibernate.cache.spi.UpdateTimestampsCache] : [CourseMeeting] -> [5579090952093698]
14:18:11,977 DEBUG SQL:104 - 
    insert 
    into
        Student
        (name_first, name_middle, name_last, preferredCourseCode, studentId) 
    values
        (?, ?, ?, ?, ?)
14:18:11,988 DEBUG BaseGeneralDataRegion:59 - Caching[foo.org.hibernate.cache.spi.UpdateTimestampsCache] : [Student] -> [5579090952142848]
14:18:11,988 DEBUG SQL:104 - 
    insert 
    into
        Address
        (addressType, street, city, stateProvince, postalCode, country, studentNumber, id) 
    values
        (?, ?, ?, ?, ?, ?, ?, ?)
14:18:11,988 DEBUG BaseGeneralDataRegion:59 - Caching[foo.org.hibernate.cache.spi.UpdateTimestampsCache] : [Address] -> [5579090952142849]
14:18:11,988 DEBUG SQL:104 - 
    insert 
    into
        Address
        (addressType, street, city, stateProvince, postalCode, country, studentNumber, id) 
    values
        (?, ?, ?, ?, ?, ?, ?, ?)
14:18:11,989 DEBUG BaseGeneralDataRegion:59 - Caching[foo.org.hibernate.cache.spi.UpdateTimestampsCache] : [Address] -> [5579090952146944]
14:18:11,989 DEBUG SQL:104 - 
    insert 
    into
        Student
        (name_first, name_middle, name_last, preferredCourseCode, studentId) 
    values
        (?, ?, ?, ?, ?)
14:18:11,989 DEBUG BaseGeneralDataRegion:59 - Caching[foo.org.hibernate.cache.spi.UpdateTimestampsCache] : [Student] -> [5579090952146945]
14:18:11,989 DEBUG SQL:104 - 
    insert 
    into
        Enrolment
        (semester, "year", studentId, courseCode) 
    values
        (?, ?, ?, ?)
14:18:12,000 DEBUG BaseGeneralDataRegion:59 - Caching[foo.org.hibernate.cache.spi.UpdateTimestampsCache] : [Enrolment] -> [5579090952192000]
14:18:12,000 DEBUG SQL:104 - 
    insert 
    into
        Enrolment
        (semester, "year", studentId, courseCode) 
    values
        (?, ?, ?, ?)
14:18:12,001 DEBUG BaseGeneralDataRegion:59 - Caching[foo.org.hibernate.cache.spi.UpdateTimestampsCache] : [Enrolment] -> [5579090952196096]
14:18:12,001 DEBUG BaseGeneralDataRegion:59 - Caching[foo.org.hibernate.cache.spi.UpdateTimestampsCache] : [CourseMeeting] -> [5579090952196097]
14:18:12,001 DEBUG BaseGeneralDataRegion:59 - Caching[foo.org.hibernate.cache.spi.UpdateTimestampsCache] : [Enrolment] -> [5579090952196098]
14:18:12,001 DEBUG SQL:104 - 
    update
        Address 
    set
        studentNumber=?,
        addressType=? 
    where
        id=?
14:18:12,001 DEBUG SQL:104 - 
    update
        Address 
    set
        studentNumber=?,
        addressType=? 
    where
        id=?
14:18:12,001 DEBUG BaseGeneralDataRegion:59 - Caching[foo.org.hibernate.cache.spi.UpdateTimestampsCache] : [Address] -> [5579090952196099]
14:18:12,001 DEBUG SQL:104 - 
    insert 
    into
        Student_secretCodes
        (studentNumber, i, secretCode) 
    values
        (?, ?, ?)
14:18:12,002 DEBUG BaseGeneralDataRegion:59 - Caching[foo.org.hibernate.cache.spi.UpdateTimestampsCache] : [Student_secretCodes] -> [5579090952200192]
14:18:12,002 DEBUG BaseGeneralDataRegion:59 - Caching[foo.org.hibernate.cache.spi.UpdateTimestampsCache] : [Enrolment] -> [5579090952200193]
14:18:12,002 DEBUG BaseGeneralDataRegion:59 - Caching[foo.org.hibernate.cache.spi.UpdateTimestampsCache] : [Address] -> [5579090952200194]
14:18:12,002 DEBUG SQL:104 - 
    insert 
    into
        Student_secretCodes
        (studentNumber, i, secretCode) 
    values
        (?, ?, ?)
14:18:12,023 DEBUG SQL:104 - 
    insert 
    into
        Student_secretCodes
        (studentNumber, i, secretCode) 
    values
        (?, ?, ?)
14:18:12,023 DEBUG BaseGeneralDataRegion:59 - Caching[foo.org.hibernate.cache.spi.UpdateTimestampsCache] : [Student_secretCodes] -> [5579090952286208]
14:18:12,023 DEBUG BaseGeneralDataRegion:59 - Caching[foo.org.hibernate.cache.spi.UpdateTimestampsCache] : [Student] -> [5579090706526209]
14:18:12,024 DEBUG BaseGeneralDataRegion:59 - Caching[foo.org.hibernate.cache.spi.UpdateTimestampsCache] : [Course] -> [5579090706526209]
14:18:12,024 DEBUG BaseGeneralDataRegion:59 - Caching[foo.org.hibernate.cache.spi.UpdateTimestampsCache] : [Enrolment] -> [5579090706526209]
14:18:12,024 DEBUG BaseGeneralDataRegion:59 - Caching[foo.org.hibernate.cache.spi.UpdateTimestampsCache] : [Student_secretCodes] -> [5579090706526209]
14:18:12,024 DEBUG BaseGeneralDataRegion:59 - Caching[foo.org.hibernate.cache.spi.UpdateTimestampsCache] : [Address] -> [5579090706526209]
14:18:12,024 DEBUG BaseGeneralDataRegion:59 - Caching[foo.org.hibernate.cache.spi.UpdateTimestampsCache] : [CourseMeeting] -> [5579090706526209]
14:18:12,025 DEBUG SQL:104 - 
    select
        this_.studentId as studentId4_1_,
        this_.name_first as name2_4_1_,
        this_.name_middle as name3_4_1_,
        this_.name_last as name4_4_1_,
        this_.preferredCourseCode as preferre5_4_1_,
        addresses2_.studentNumber as studentN8_4_3_,
        addresses2_.id as id0_3_,
        addresses2_.addressType as addressT2_3_,
        addresses2_.id as id0_0_,
        addresses2_.addressType as addressT2_0_0_,
        addresses2_.street as street0_0_,
        addresses2_.city as city0_0_,
        addresses2_.stateProvince as statePro5_0_0_,
        addresses2_.postalCode as postalCode0_0_,
        addresses2_.country as country0_0_,
        addresses2_.studentNumber as studentN8_0_0_ 
    from
        Student this_ 
    left outer join
        Address addresses2_ 
            on this_.studentId=addresses2_.studentNumber 
    order by
        this_.studentId asc
14:18:12,034 DEBUG SQL:104 - 
    select
        secretcode0_.studentNumber as studentN1_4_0_,
        secretcode0_.secretCode as secretCode5_0_,
        secretcode0_.i as i0_ 
    from
        Student_secretCodes secretcode0_ 
    where
        secretcode0_.studentNumber=?
14:18:12,034 DEBUG SQL:104 - 
    select
        secretcode0_.studentNumber as studentN1_4_0_,
        secretcode0_.secretCode as secretCode5_0_,
        secretcode0_.i as i0_ 
    from
        Student_secretCodes secretcode0_ 
    where
        secretcode0_.studentNumber=?
14:18:12,042 DEBUG BaseGeneralDataRegion:59 - Caching[foo.org.hibernate.cache.internal.StandardQueryCache] : [sql: select this_.studentId as studentId4_1_, this_.name_first as name2_4_1_, this_.name_middle as name3_4_1_, this_.name_last as name4_4_1_, this_.preferredCourseCode as preferre5_4_1_, addresses2_.studentNumber as studentN8_4_3_, addresses2_.id as id0_3_, addresses2_.addressType as addressT2_3_, addresses2_.id as id0_0_, addresses2_.addressType as addressT2_0_0_, addresses2_.street as street0_0_, addresses2_.city as city0_0_, addresses2_.stateProvince as statePro5_0_0_, addresses2_.postalCode as postalCode0_0_, addresses2_.country as country0_0_, addresses2_.studentNumber as studentN8_0_0_ from Student this_ left outer join Address addresses2_ on this_.studentId=addresses2_.studentNumber order by this_.studentId asc; parameters: ; transformer: org.hibernate.transform.CacheableResultTransformer@13a525] -> [[5579090706604032, 111, 111, 999]]
14:18:12,044 DEBUG SQL:104 - 
    select
        this_.studentId as studentId4_1_,
        this_.name_first as name2_4_1_,
        this_.name_middle as name3_4_1_,
        this_.name_last as name4_4_1_,
        this_.preferredCourseCode as preferre5_4_1_,
        addresses2_.studentNumber as studentN8_4_3_,
        addresses2_.id as id0_3_,
        addresses2_.addressType as addressT2_3_,
        addresses2_.id as id0_0_,
        addresses2_.addressType as addressT2_0_0_,
        addresses2_.street as street0_0_,
        addresses2_.city as city0_0_,
        addresses2_.stateProvince as statePro5_0_0_,
        addresses2_.postalCode as postalCode0_0_,
        addresses2_.country as country0_0_,
        addresses2_.studentNumber as studentN8_0_0_ 
    from
        Student this_ 
    left outer join
        Address addresses2_ 
            on this_.studentId=addresses2_.studentNumber 
    order by
        this_.studentId asc
14:18:12,053 DEBUG SQL:104 - 
    select
        secretcode0_.studentNumber as studentN1_4_0_,
        secretcode0_.secretCode as secretCode5_0_,
        secretcode0_.i as i0_ 
    from
        Student_secretCodes secretcode0_ 
    where
        secretcode0_.studentNumber=?
14:18:12,053 DEBUG SQL:104 - 
    select
        secretcode0_.studentNumber as studentN1_4_0_,
        secretcode0_.secretCode as secretCode5_0_,
        secretcode0_.i as i0_ 
    from
        Student_secretCodes secretcode0_ 
    where
        secretcode0_.studentNumber=?
14:18:12,054 DEBUG BaseGeneralDataRegion:59 - Caching[foo.org.hibernate.cache.internal.StandardQueryCache] : [sql: select this_.studentId as studentId4_1_, this_.name_first as name2_4_1_, this_.name_middle as name3_4_1_, this_.name_last as name4_4_1_, this_.preferredCourseCode as preferre5_4_1_, addresses2_.studentNumber as studentN8_4_3_, addresses2_.id as id0_3_, addresses2_.addressType as addressT2_3_, addresses2_.id as id0_0_, addresses2_.addressType as addressT2_0_0_, addresses2_.street as street0_0_, addresses2_.city as city0_0_, addresses2_.stateProvince as statePro5_0_0_, addresses2_.postalCode as postalCode0_0_, addresses2_.country as country0_0_, addresses2_.studentNumber as studentN8_0_0_ from Student this_ left outer join Address addresses2_ on this_.studentId=addresses2_.studentNumber order by this_.studentId asc; parameters: ; transformer: org.hibernate.transform.CacheableResultTransformer@13a525] -> [[5579090706653184, 111, 111, 999]]
14:18:12,054 DEBUG SQL:104 - 
    select
        student_.studentId,
        student_.name_first as name2_4_,
        student_.name_middle as name3_4_,
        student_.name_last as name4_4_,
        student_.preferredCourseCode as preferre5_4_ 
    from
        Student student_ 
    where
        student_.studentId=?
14:18:12,063 DEBUG SQL:104 - 
    select
        enrolment_.studentId,
        enrolment_.courseCode,
        enrolment_.semester as semester3_,
        enrolment_."year" as year4_3_ 
    from
        Enrolment enrolment_ 
    where
        enrolment_.studentId=? 
        and enrolment_.courseCode=?
14:18:12,064 DEBUG SQL:104 - 
    select
        course_.courseCode,
        course_.description as descript2_1_ 
    from
        Course course_ 
    where
        course_.courseCode=?
14:18:12,064 DEBUG SQL:104 - 
    select
        student_.studentId,
        student_.name_first as name2_4_,
        student_.name_middle as name3_4_,
        student_.name_last as name4_4_,
        student_.preferredCourseCode as preferre5_4_ 
    from
        Student student_ 
    where
        student_.studentId=?
14:18:12,074 DEBUG SQL:104 - 
    select
        enrolment_.studentId,
        enrolment_.courseCode,
        enrolment_.semester as semester3_,
        enrolment_."year" as year4_3_ 
    from
        Enrolment enrolment_ 
    where
        enrolment_.studentId=? 
        and enrolment_.courseCode=?
14:18:12,074 DEBUG SQL:104 - 
    select
        coursemeet_.courseCode,
        coursemeet_.day,
        coursemeet_.period,
        coursemeet_.location 
    from
        CourseMeeting coursemeet_ 
    where
        coursemeet_.courseCode=? 
        and coursemeet_.day=? 
        and coursemeet_.period=? 
        and coursemeet_.location=?
14:18:12,074 DEBUG SQL:104 - 
    select
        coursemeet_.courseCode,
        coursemeet_.day,
        coursemeet_.period,
        coursemeet_.location 
    from
        CourseMeeting coursemeet_ 
    where
        coursemeet_.courseCode=? 
        and coursemeet_.day=? 
        and coursemeet_.period=? 
        and coursemeet_.location=?
14:18:12,084 DEBUG BaseGeneralDataRegion:59 - Caching[foo.org.hibernate.cache.spi.UpdateTimestampsCache] : [Enrolment] -> [5579090952536064]
14:18:12,084 DEBUG SQL:104 - 
    update
        Address 
    set
        studentNumber=null,
        addressType=null 
    where
        studentNumber=?
14:18:12,084 DEBUG BaseGeneralDataRegion:59 - Caching[foo.org.hibernate.cache.spi.UpdateTimestampsCache] : [Address] -> [5579090952536065]
14:18:12,084 DEBUG SQL:104 - 
    delete 
    from
        Student_secretCodes 
    where
        studentNumber=?
14:18:12,084 DEBUG BaseGeneralDataRegion:59 - Caching[foo.org.hibernate.cache.spi.UpdateTimestampsCache] : [Student_secretCodes] -> [5579090952536066]
14:18:12,085 DEBUG BaseGeneralDataRegion:59 - Caching[foo.org.hibernate.cache.spi.UpdateTimestampsCache] : [Enrolment] -> [5579090952540160]
14:18:12,085 DEBUG BaseGeneralDataRegion:59 - Caching[foo.org.hibernate.cache.spi.UpdateTimestampsCache] : [Address] -> [5579090952540161]
14:18:12,085 DEBUG SQL:104 - 
    delete 
    from
        Student_secretCodes 
    where
        studentNumber=?
14:18:12,093 DEBUG BaseGeneralDataRegion:59 - Caching[foo.org.hibernate.cache.spi.UpdateTimestampsCache] : [Student_secretCodes] -> [5579090952572928]
14:18:12,093 DEBUG BaseGeneralDataRegion:59 - Caching[foo.org.hibernate.cache.spi.UpdateTimestampsCache] : [CourseMeeting] -> [5579090952572929]
14:18:12,093 DEBUG SQL:104 - 
    delete 
    from
        Enrolment 
    where
        studentId=? 
        and courseCode=?
14:18:12,094 DEBUG BaseGeneralDataRegion:59 - Caching[foo.org.hibernate.cache.spi.UpdateTimestampsCache] : [Enrolment] -> [5579090952577024]
14:18:12,094 DEBUG SQL:104 - 
    delete 
    from
        Address 
    where
        id=?
14:18:12,094 DEBUG BaseGeneralDataRegion:59 - Caching[foo.org.hibernate.cache.spi.UpdateTimestampsCache] : [Address] -> [5579090952577025]
14:18:12,094 DEBUG SQL:104 - 
    delete 
    from
        Address 
    where
        id=?
14:18:12,094 DEBUG BaseGeneralDataRegion:59 - Caching[foo.org.hibernate.cache.spi.UpdateTimestampsCache] : [Address] -> [5579090952577026]
14:18:12,094 DEBUG SQL:104 - 
    delete 
    from
        Student 
    where
        studentId=?
14:18:12,104 DEBUG BaseGeneralDataRegion:59 - Caching[foo.org.hibernate.cache.spi.UpdateTimestampsCache] : [Student] -> [5579090952617984]
14:18:12,104 DEBUG SQL:104 - 
    delete 
    from
        Enrolment 
    where
        studentId=? 
        and courseCode=?
14:18:12,105 DEBUG BaseGeneralDataRegion:59 - Caching[foo.org.hibernate.cache.spi.UpdateTimestampsCache] : [Enrolment] -> [5579090952622080]
14:18:12,105 DEBUG SQL:104 - 
    delete 
    from
        Student 
    where
        studentId=?
14:18:12,105 DEBUG BaseGeneralDataRegion:59 - Caching[foo.org.hibernate.cache.spi.UpdateTimestampsCache] : [Student] -> [5579090952622081]
14:18:12,105 DEBUG SQL:104 - 
    delete 
    from
        CourseMeeting 
    where
        courseCode=? 
        and day=? 
        and period=? 
        and location=?
14:18:12,105 DEBUG BaseGeneralDataRegion:59 - Caching[foo.org.hibernate.cache.spi.UpdateTimestampsCache] : [CourseMeeting] -> [5579090952622082]
14:18:12,105 DEBUG SQL:104 - 
    delete 
    from
        CourseMeeting 
    where
        courseCode=? 
        and day=? 
        and period=? 
        and location=?
14:18:12,105 DEBUG BaseGeneralDataRegion:59 - Caching[foo.org.hibernate.cache.spi.UpdateTimestampsCache] : [CourseMeeting] -> [5579090952622083]
14:18:12,106 DEBUG SQL:104 - 
    delete 
    from
        Course 
    where
        courseCode=?
14:18:12,106 DEBUG BaseGeneralDataRegion:59 - Caching[foo.org.hibernate.cache.spi.UpdateTimestampsCache] : [Course] -> [5579090952626176]
14:18:12,106 DEBUG BaseGeneralDataRegion:59 - Caching[foo.org.hibernate.cache.spi.UpdateTimestampsCache] : [Student] -> [5579090706866177]
14:18:12,106 DEBUG BaseGeneralDataRegion:59 - Caching[foo.org.hibernate.cache.spi.UpdateTimestampsCache] : [Course] -> [5579090706866177]
14:18:12,106 DEBUG BaseGeneralDataRegion:59 - Caching[foo.org.hibernate.cache.spi.UpdateTimestampsCache] : [Enrolment] -> [5579090706866177]
14:18:12,106 DEBUG BaseGeneralDataRegion:59 - Caching[foo.org.hibernate.cache.spi.UpdateTimestampsCache] : [Student_secretCodes] -> [5579090706866177]
14:18:12,106 DEBUG BaseGeneralDataRegion:59 - Caching[foo.org.hibernate.cache.spi.UpdateTimestampsCache] : [Address] -> [5579090706866177]
14:18:12,106 DEBUG BaseGeneralDataRegion:59 - Caching[foo.org.hibernate.cache.spi.UpdateTimestampsCache] : [CourseMeeting] -> [5579090706866177]
14:18:12,107 DEBUG SQL:104 - 
    select
        coursemeet_.courseCode,
        coursemeet_.day,
        coursemeet_.period,
        coursemeet_.location 
    from
        CourseMeeting coursemeet_ 
    where
        coursemeet_.courseCode=? 
        and coursemeet_.day=? 
        and coursemeet_.period=? 
        and coursemeet_.location=?
14:18:12,116 DEBUG SQL:104 - 
    select
        coursemeet_.courseCode,
        coursemeet_.day,
        coursemeet_.period,
        coursemeet_.location 
    from
        CourseMeeting coursemeet_ 
    where
        coursemeet_.courseCode=? 
        and coursemeet_.day=? 
        and coursemeet_.period=? 
        and coursemeet_.location=?
14:18:12,118 DEBUG SQL:104 - 
    insert 
    into
        Course
        (description, courseCode) 
    values
        (?, ?)
14:18:12,118 DEBUG BaseGeneralDataRegion:59 - Caching[foo.org.hibernate.cache.spi.UpdateTimestampsCache] : [Course] -> [5579090952675328]
14:18:12,118 DEBUG SQL:104 - 
    insert 
    into
        CourseMeeting
        (courseCode, day, period, location) 
    values
        (?, ?, ?, ?)
14:18:12,126 DEBUG BaseGeneralDataRegion:59 - Caching[foo.org.hibernate.cache.spi.UpdateTimestampsCache] : [CourseMeeting] -> [5579090952708096]
14:18:12,126 DEBUG SQL:104 - 
    insert 
    into
        CourseMeeting
        (courseCode, day, period, location) 
    values
        (?, ?, ?, ?)
14:18:12,126 DEBUG BaseGeneralDataRegion:59 - Caching[foo.org.hibernate.cache.spi.UpdateTimestampsCache] : [CourseMeeting] -> [5579090952708097]
14:18:12,127 DEBUG SQL:104 - 
    insert 
    into
        Student
        (name_first, name_middle, name_last, preferredCourseCode, studentId) 
    values
        (?, ?, ?, ?, ?)
14:18:12,127 DEBUG BaseGeneralDataRegion:59 - Caching[foo.org.hibernate.cache.spi.UpdateTimestampsCache] : [Student] -> [5579090952712192]
14:18:12,127 DEBUG SQL:104 - 
    insert 
    into
        Address
        (addressType, street, city, stateProvince, postalCode, country, studentNumber, id) 
    values
        (?, ?, ?, ?, ?, ?, ?, ?)
14:18:12,127 DEBUG BaseGeneralDataRegion:59 - Caching[foo.org.hibernate.cache.spi.UpdateTimestampsCache] : [Address] -> [5579090952712193]
14:18:12,127 DEBUG SQL:104 - 
    insert 
    into
        Address
        (addressType, street, city, stateProvince, postalCode, country, studentNumber, id) 
    values
        (?, ?, ?, ?, ?, ?, ?, ?)
14:18:12,128 DEBUG BaseGeneralDataRegion:59 - Caching[foo.org.hibernate.cache.spi.UpdateTimestampsCache] : [Address] -> [5579090952716288]
14:18:12,128 DEBUG SQL:104 - 
    insert 
    into
        Student
        (name_first, name_middle, name_last, preferredCourseCode, studentId) 
    values
        (?, ?, ?, ?, ?)
14:18:12,128 DEBUG BaseGeneralDataRegion:59 - Caching[foo.org.hibernate.cache.spi.UpdateTimestampsCache] : [Student] -> [5579090952716289]
14:18:12,128 DEBUG SQL:104 - 
    insert 
    into
        Enrolment
        (semester, "year", studentId, courseCode) 
    values
        (?, ?, ?, ?)
14:18:12,148 DEBUG BaseGeneralDataRegion:59 - Caching[foo.org.hibernate.cache.spi.UpdateTimestampsCache] : [Enrolment] -> [5579090952798208]
14:18:12,149 DEBUG SQL:104 - 
    insert 
    into
        Enrolment
        (semester, "year", studentId, courseCode) 
    values
        (?, ?, ?, ?)
14:18:12,149 DEBUG BaseGeneralDataRegion:59 - Caching[foo.org.hibernate.cache.spi.UpdateTimestampsCache] : [Enrolment] -> [5579090952802304]
14:18:12,149 DEBUG BaseGeneralDataRegion:59 - Caching[foo.org.hibernate.cache.spi.UpdateTimestampsCache] : [CourseMeeting] -> [5579090952802305]
14:18:12,149 DEBUG BaseGeneralDataRegion:59 - Caching[foo.org.hibernate.cache.spi.UpdateTimestampsCache] : [Enrolment] -> [5579090952802306]
14:18:12,149 DEBUG SQL:104 - 
    update
        Address 
    set
        studentNumber=?,
        addressType=? 
    where
        id=?
14:18:12,149 DEBUG SQL:104 - 
    update
        Address 
    set
        studentNumber=?,
        addressType=? 
    where
        id=?
14:18:12,158 DEBUG BaseGeneralDataRegion:59 - Caching[foo.org.hibernate.cache.spi.UpdateTimestampsCache] : [Address] -> [5579090952839168]
14:18:12,158 DEBUG SQL:104 - 
    insert 
    into
        Student_secretCodes
        (studentNumber, i, secretCode) 
    values
        (?, ?, ?)
14:18:12,158 DEBUG BaseGeneralDataRegion:59 - Caching[foo.org.hibernate.cache.spi.UpdateTimestampsCache] : [Student_secretCodes] -> [5579090952839169]
14:18:12,158 DEBUG BaseGeneralDataRegion:59 - Caching[foo.org.hibernate.cache.spi.UpdateTimestampsCache] : [Enrolment] -> [5579090952839170]
14:18:12,158 DEBUG BaseGeneralDataRegion:59 - Caching[foo.org.hibernate.cache.spi.UpdateTimestampsCache] : [Address] -> [5579090952839171]
14:18:12,159 DEBUG SQL:104 - 
    insert 
    into
        Student_secretCodes
        (studentNumber, i, secretCode) 
    values
        (?, ?, ?)
14:18:12,159 DEBUG SQL:104 - 
    insert 
    into
        Student_secretCodes
        (studentNumber, i, secretCode) 
    values
        (?, ?, ?)
14:18:12,159 DEBUG BaseGeneralDataRegion:59 - Caching[foo.org.hibernate.cache.spi.UpdateTimestampsCache] : [Student_secretCodes] -> [5579090952843264]
14:18:12,159 DEBUG BaseGeneralDataRegion:59 - Caching[foo.org.hibernate.cache.spi.UpdateTimestampsCache] : [Student] -> [5579090707083265]
14:18:12,159 DEBUG BaseGeneralDataRegion:59 - Caching[foo.org.hibernate.cache.spi.UpdateTimestampsCache] : [Course] -> [5579090707083265]
14:18:12,168 DEBUG BaseGeneralDataRegion:59 - Caching[foo.org.hibernate.cache.spi.UpdateTimestampsCache] : [Enrolment] -> [5579090707083265]
14:18:12,168 DEBUG BaseGeneralDataRegion:59 - Caching[foo.org.hibernate.cache.spi.UpdateTimestampsCache] : [Student_secretCodes] -> [5579090707083265]
14:18:12,169 DEBUG BaseGeneralDataRegion:59 - Caching[foo.org.hibernate.cache.spi.UpdateTimestampsCache] : [Address] -> [5579090707083265]
14:18:12,169 DEBUG BaseGeneralDataRegion:59 - Caching[foo.org.hibernate.cache.spi.UpdateTimestampsCache] : [CourseMeeting] -> [5579090707083265]
14:18:12,169 DEBUG SQL:104 - 
    select
        this_.studentId as studentId4_1_,
        this_.name_first as name2_4_1_,
        this_.name_middle as name3_4_1_,
        this_.name_last as name4_4_1_,
        this_.preferredCourseCode as preferre5_4_1_,
        a1_.studentNumber as studentN8_4_3_,
        a1_.id as id0_3_,
        a1_.addressType as addressT2_3_,
        a1_.id as id0_0_,
        a1_.addressType as addressT2_0_0_,
        a1_.street as street0_0_,
        a1_.city as city0_0_,
        a1_.stateProvince as statePro5_0_0_,
        a1_.postalCode as postalCode0_0_,
        a1_.country as country0_0_,
        a1_.studentNumber as studentN8_0_0_ 
    from
        Student this_ 
    left outer join
        Address a1_ 
            on this_.studentId=a1_.studentNumber 
    order by
        this_.studentId asc
14:18:12,180 DEBUG SQL:104 - 
    select
        secretcode0_.studentNumber as studentN1_4_0_,
        secretcode0_.secretCode as secretCode5_0_,
        secretcode0_.i as i0_ 
    from
        Student_secretCodes secretcode0_ 
    where
        secretcode0_.studentNumber=?
14:18:12,180 DEBUG SQL:104 - 
    select
        secretcode0_.studentNumber as studentN1_4_0_,
        secretcode0_.secretCode as secretCode5_0_,
        secretcode0_.i as i0_ 
    from
        Student_secretCodes secretcode0_ 
    where
        secretcode0_.studentNumber=?
14:18:12,180 DEBUG BaseGeneralDataRegion:59 - Caching[foo.org.hibernate.cache.internal.StandardQueryCache] : [sql: select this_.studentId as studentId4_1_, this_.name_first as name2_4_1_, this_.name_middle as name3_4_1_, this_.name_last as name4_4_1_, this_.preferredCourseCode as preferre5_4_1_, a1_.studentNumber as studentN8_4_3_, a1_.id as id0_3_, a1_.addressType as addressT2_3_, a1_.id as id0_0_, a1_.addressType as addressT2_0_0_, a1_.street as street0_0_, a1_.city as city0_0_, a1_.stateProvince as statePro5_0_0_, a1_.postalCode as postalCode0_0_, a1_.country as country0_0_, a1_.studentNumber as studentN8_0_0_ from Student this_ left outer join Address a1_ on this_.studentId=a1_.studentNumber order by this_.studentId asc; parameters: ; transformer: org.hibernate.transform.CacheableResultTransformer@14031e] -> [[5579090707169280, 111, 111, 999]]
14:18:12,181 DEBUG SQL:104 - 
    select
        this_.studentId as studentId4_1_,
        this_.name_first as name2_4_1_,
        this_.name_middle as name3_4_1_,
        this_.name_last as name4_4_1_,
        this_.preferredCourseCode as preferre5_4_1_,
        a1_.studentNumber as studentN8_4_3_,
        a1_.id as id0_3_,
        a1_.addressType as addressT2_3_,
        a1_.id as id0_0_,
        a1_.addressType as addressT2_0_0_,
        a1_.street as street0_0_,
        a1_.city as city0_0_,
        a1_.stateProvince as statePro5_0_0_,
        a1_.postalCode as postalCode0_0_,
        a1_.country as country0_0_,
        a1_.studentNumber as studentN8_0_0_ 
    from
        Student this_ 
    left outer join
        Address a1_ 
            on this_.studentId=a1_.studentNumber 
    order by
        this_.studentId asc
14:18:12,191 DEBUG SQL:104 - 
    select
        secretcode0_.studentNumber as studentN1_4_0_,
        secretcode0_.secretCode as secretCode5_0_,
        secretcode0_.i as i0_ 
    from
        Student_secretCodes secretcode0_ 
    where
        secretcode0_.studentNumber=?
14:18:12,191 DEBUG SQL:104 - 
    select
        secretcode0_.studentNumber as studentN1_4_0_,
        secretcode0_.secretCode as secretCode5_0_,
        secretcode0_.i as i0_ 
    from
        Student_secretCodes secretcode0_ 
    where
        secretcode0_.studentNumber=?
14:18:12,201 DEBUG BaseGeneralDataRegion:59 - Caching[foo.org.hibernate.cache.internal.StandardQueryCache] : [sql: select this_.studentId as studentId4_1_, this_.name_first as name2_4_1_, this_.name_middle as name3_4_1_, this_.name_last as name4_4_1_, this_.preferredCourseCode as preferre5_4_1_, a1_.studentNumber as studentN8_4_3_, a1_.id as id0_3_, a1_.addressType as addressT2_3_, a1_.id as id0_0_, a1_.addressType as addressT2_0_0_, a1_.street as street0_0_, a1_.city as city0_0_, a1_.stateProvince as statePro5_0_0_, a1_.postalCode as postalCode0_0_, a1_.country as country0_0_, a1_.studentNumber as studentN8_0_0_ from Student this_ left outer join Address a1_ on this_.studentId=a1_.studentNumber order by this_.studentId asc; parameters: ; transformer: org.hibernate.transform.CacheableResultTransformer@14031e] -> [[5579090707255296, 111, 111, 999]]
14:18:12,202 DEBUG SQL:104 - 
    select
        student_.studentId,
        student_.name_first as name2_4_,
        student_.name_middle as name3_4_,
        student_.name_last as name4_4_,
        student_.preferredCourseCode as preferre5_4_ 
    from
        Student student_ 
    where
        student_.studentId=?
14:18:12,202 DEBUG SQL:104 - 
    select
        enrolment_.studentId,
        enrolment_.courseCode,
        enrolment_.semester as semester3_,
        enrolment_."year" as year4_3_ 
    from
        Enrolment enrolment_ 
    where
        enrolment_.studentId=? 
        and enrolment_.courseCode=?
14:18:12,202 DEBUG SQL:104 - 
    select
        course_.courseCode,
        course_.description as descript2_1_ 
    from
        Course course_ 
    where
        course_.courseCode=?
14:18:12,211 DEBUG SQL:104 - 
    select
        student_.studentId,
        student_.name_first as name2_4_,
        student_.name_middle as name3_4_,
        student_.name_last as name4_4_,
        student_.preferredCourseCode as preferre5_4_ 
    from
        Student student_ 
    where
        student_.studentId=?
14:18:12,212 DEBUG SQL:104 - 
    select
        enrolment_.studentId,
        enrolment_.courseCode,
        enrolment_.semester as semester3_,
        enrolment_."year" as year4_3_ 
    from
        Enrolment enrolment_ 
    where
        enrolment_.studentId=? 
        and enrolment_.courseCode=?
14:18:12,212 DEBUG SQL:104 - 
    select
        coursemeet_.courseCode,
        coursemeet_.day,
        coursemeet_.period,
        coursemeet_.location 
    from
        CourseMeeting coursemeet_ 
    where
        coursemeet_.courseCode=? 
        and coursemeet_.day=? 
        and coursemeet_.period=? 
        and coursemeet_.location=?
14:18:12,222 DEBUG SQL:104 - 
    select
        coursemeet_.courseCode,
        coursemeet_.day,
        coursemeet_.period,
        coursemeet_.location 
    from
        CourseMeeting coursemeet_ 
    where
        coursemeet_.courseCode=? 
        and coursemeet_.day=? 
        and coursemeet_.period=? 
        and coursemeet_.location=?
14:18:12,222 DEBUG BaseGeneralDataRegion:59 - Caching[foo.org.hibernate.cache.spi.UpdateTimestampsCache] : [Enrolment] -> [5579090953101312]
14:18:12,223 DEBUG SQL:104 - 
    update
        Address 
    set
        studentNumber=null,
        addressType=null 
    where
        studentNumber=?
14:18:12,233 DEBUG BaseGeneralDataRegion:59 - Caching[foo.org.hibernate.cache.spi.UpdateTimestampsCache] : [Address] -> [5579090953146368]
14:18:12,233 DEBUG SQL:104 - 
    delete 
    from
        Student_secretCodes 
    where
        studentNumber=?
14:18:12,233 DEBUG BaseGeneralDataRegion:59 - Caching[foo.org.hibernate.cache.spi.UpdateTimestampsCache] : [Student_secretCodes] -> [5579090953146369]
14:18:12,233 DEBUG BaseGeneralDataRegion:59 - Caching[foo.org.hibernate.cache.spi.UpdateTimestampsCache] : [Enrolment] -> [5579090953146370]
14:18:12,233 DEBUG BaseGeneralDataRegion:59 - Caching[foo.org.hibernate.cache.spi.UpdateTimestampsCache] : [Address] -> [5579090953146371]
14:18:12,233 DEBUG SQL:104 - 
    delete 
    from
        Student_secretCodes 
    where
        studentNumber=?
14:18:12,234 DEBUG BaseGeneralDataRegion:59 - Caching[foo.org.hibernate.cache.spi.UpdateTimestampsCache] : [Student_secretCodes] -> [5579090953150464]
14:18:12,234 DEBUG BaseGeneralDataRegion:59 - Caching[foo.org.hibernate.cache.spi.UpdateTimestampsCache] : [CourseMeeting] -> [5579090953150465]
14:18:12,234 DEBUG SQL:104 - 
    delete 
    from
        Enrolment 
    where
        studentId=? 
        and courseCode=?
14:18:12,234 DEBUG BaseGeneralDataRegion:59 - Caching[foo.org.hibernate.cache.spi.UpdateTimestampsCache] : [Enrolment] -> [5579090953150466]
14:18:12,234 DEBUG SQL:104 - 
    delete 
    from
        Address 
    where
        id=?
14:18:12,234 DEBUG BaseGeneralDataRegion:59 - Caching[foo.org.hibernate.cache.spi.UpdateTimestampsCache] : [Address] -> [5579090953150467]
14:18:12,235 DEBUG SQL:104 - 
    delete 
    from
        Address 
    where
        id=?
14:18:12,235 DEBUG BaseGeneralDataRegion:59 - Caching[foo.org.hibernate.cache.spi.UpdateTimestampsCache] : [Address] -> [5579090953154560]
14:18:12,235 DEBUG SQL:104 - 
    delete 
    from
        Student 
    where
        studentId=?
14:18:12,235 DEBUG BaseGeneralDataRegion:59 - Caching[foo.org.hibernate.cache.spi.UpdateTimestampsCache] : [Student] -> [5579090953154561]
14:18:12,235 DEBUG SQL:104 - 
    delete 
    from
        Enrolment 
    where
        studentId=? 
        and courseCode=?
14:18:12,235 DEBUG BaseGeneralDataRegion:59 - Caching[foo.org.hibernate.cache.spi.UpdateTimestampsCache] : [Enrolment] -> [5579090953154562]
14:18:12,236 DEBUG SQL:104 - 
    delete 
    from
        Student 
    where
        studentId=?
14:18:12,246 DEBUG BaseGeneralDataRegion:59 - Caching[foo.org.hibernate.cache.spi.UpdateTimestampsCache] : [Student] -> [5579090953199616]
14:18:12,246 DEBUG SQL:104 - 
    delete 
    from
        CourseMeeting 
    where
        courseCode=? 
        and day=? 
        and period=? 
        and location=?
14:18:12,246 DEBUG BaseGeneralDataRegion:59 - Caching[foo.org.hibernate.cache.spi.UpdateTimestampsCache] : [CourseMeeting] -> [5579090953199617]
14:18:12,246 DEBUG SQL:104 - 
    delete 
    from
        CourseMeeting 
    where
        courseCode=? 
        and day=? 
        and period=? 
        and location=?
14:18:12,246 DEBUG BaseGeneralDataRegion:59 - Caching[foo.org.hibernate.cache.spi.UpdateTimestampsCache] : [CourseMeeting] -> [5579090953199618]
14:18:12,247 DEBUG SQL:104 - 
    delete 
    from
        Course 
    where
        courseCode=?
14:18:12,247 DEBUG BaseGeneralDataRegion:59 - Caching[foo.org.hibernate.cache.spi.UpdateTimestampsCache] : [Course] -> [5579090953203712]
14:18:12,247 DEBUG BaseGeneralDataRegion:59 - Caching[foo.org.hibernate.cache.spi.UpdateTimestampsCache] : [Student] -> [5579090707443713]
14:18:12,256 DEBUG BaseGeneralDataRegion:59 - Caching[foo.org.hibernate.cache.spi.UpdateTimestampsCache] : [Course] -> [5579090707443713]
14:18:12,256 DEBUG BaseGeneralDataRegion:59 - Caching[foo.org.hibernate.cache.spi.UpdateTimestampsCache] : [Enrolment] -> [5579090707443713]
14:18:12,256 DEBUG BaseGeneralDataRegion:59 - Caching[foo.org.hibernate.cache.spi.UpdateTimestampsCache] : [Student_secretCodes] -> [5579090707443713]
14:18:12,256 DEBUG BaseGeneralDataRegion:59 - Caching[foo.org.hibernate.cache.spi.UpdateTimestampsCache] : [Address] -> [5579090707443713]
14:18:12,256 DEBUG BaseGeneralDataRegion:59 - Caching[foo.org.hibernate.cache.spi.UpdateTimestampsCache] : [CourseMeeting] -> [5579090707443713]
14:18:12,257 DEBUG SQL:104 - 
    select
        coursemeet_.courseCode,
        coursemeet_.day,
        coursemeet_.period,
        coursemeet_.location 
    from
        CourseMeeting coursemeet_ 
    where
        coursemeet_.courseCode=? 
        and coursemeet_.day=? 
        and coursemeet_.period=? 
        and coursemeet_.location=?
14:18:12,257 DEBUG SQL:104 - 
    select
        coursemeet_.courseCode,
        coursemeet_.day,
        coursemeet_.period,
        coursemeet_.location 
    from
        CourseMeeting coursemeet_ 
    where
        coursemeet_.courseCode=? 
        and coursemeet_.day=? 
        and coursemeet_.period=? 
        and coursemeet_.location=?
14:18:12,258 DEBUG SQL:104 - 
    insert 
    into
        Course
        (description, courseCode) 
    values
        (?, ?)
14:18:12,258 DEBUG BaseGeneralDataRegion:59 - Caching[foo.org.hibernate.cache.spi.UpdateTimestampsCache] : [Course] -> [5579090953248768]
14:18:12,259 DEBUG SQL:104 - 
    insert 
    into
        CourseMeeting
        (courseCode, day, period, location) 
    values
        (?, ?, ?, ?)
14:18:12,279 DEBUG BaseGeneralDataRegion:59 - Caching[foo.org.hibernate.cache.spi.UpdateTimestampsCache] : [CourseMeeting] -> [5579090953334784]
14:18:12,279 DEBUG SQL:104 - 
    insert 
    into
        CourseMeeting
        (courseCode, day, period, location) 
    values
        (?, ?, ?, ?)
14:18:12,280 DEBUG BaseGeneralDataRegion:59 - Caching[foo.org.hibernate.cache.spi.UpdateTimestampsCache] : [CourseMeeting] -> [5579090953338880]
14:18:12,280 DEBUG SQL:104 - 
    insert 
    into
        Student
        (name_first, name_middle, name_last, preferredCourseCode, studentId) 
    values
        (?, ?, ?, ?, ?)
14:18:12,280 DEBUG BaseGeneralDataRegion:59 - Caching[foo.org.hibernate.cache.spi.UpdateTimestampsCache] : [Student] -> [5579090953338881]
14:18:12,280 DEBUG SQL:104 - 
    insert 
    into
        Address
        (addressType, street, city, stateProvince, postalCode, country, studentNumber, id) 
    values
        (?, ?, ?, ?, ?, ?, ?, ?)
14:18:12,280 DEBUG BaseGeneralDataRegion:59 - Caching[foo.org.hibernate.cache.spi.UpdateTimestampsCache] : [Address] -> [5579090953338882]
14:18:12,280 DEBUG SQL:104 - 
    insert 
    into
        Address
        (addressType, street, city, stateProvince, postalCode, country, studentNumber, id) 
    values
        (?, ?, ?, ?, ?, ?, ?, ?)
14:18:12,289 DEBUG BaseGeneralDataRegion:59 - Caching[foo.org.hibernate.cache.spi.UpdateTimestampsCache] : [Address] -> [5579090953375744]
14:18:12,290 DEBUG SQL:104 - 
    insert 
    into
        Student
        (name_first, name_middle, name_last, preferredCourseCode, studentId) 
    values
        (?, ?, ?, ?, ?)
14:18:12,290 DEBUG BaseGeneralDataRegion:59 - Caching[foo.org.hibernate.cache.spi.UpdateTimestampsCache] : [Student] -> [5579090953379840]
14:18:12,290 DEBUG SQL:104 - 
    insert 
    into
        Enrolment
        (semester, "year", studentId, courseCode) 
    values
        (?, ?, ?, ?)
14:18:12,290 DEBUG BaseGeneralDataRegion:59 - Caching[foo.org.hibernate.cache.spi.UpdateTimestampsCache] : [Enrolment] -> [5579090953379841]
14:18:12,290 DEBUG SQL:104 - 
    insert 
    into
        Enrolment
        (semester, "year", studentId, courseCode) 
    values
        (?, ?, ?, ?)
14:18:12,290 DEBUG BaseGeneralDataRegion:59 - Caching[foo.org.hibernate.cache.spi.UpdateTimestampsCache] : [Enrolment] -> [5579090953379842]
14:18:12,291 DEBUG BaseGeneralDataRegion:59 - Caching[foo.org.hibernate.cache.spi.UpdateTimestampsCache] : [CourseMeeting] -> [5579090953383936]
14:18:12,291 DEBUG BaseGeneralDataRegion:59 - Caching[foo.org.hibernate.cache.spi.UpdateTimestampsCache] : [Enrolment] -> [5579090953383937]
14:18:12,299 DEBUG SQL:104 - 
    update
        Address 
    set
        studentNumber=?,
        addressType=? 
    where
        id=?
14:18:12,299 DEBUG SQL:104 - 
    update
        Address 
    set
        studentNumber=?,
        addressType=? 
    where
        id=?
14:18:12,300 DEBUG BaseGeneralDataRegion:59 - Caching[foo.org.hibernate.cache.spi.UpdateTimestampsCache] : [Address] -> [5579090953420800]
14:18:12,300 DEBUG SQL:104 - 
    insert 
    into
        Student_secretCodes
        (studentNumber, i, secretCode) 
    values
        (?, ?, ?)
14:18:12,300 DEBUG BaseGeneralDataRegion:59 - Caching[foo.org.hibernate.cache.spi.UpdateTimestampsCache] : [Student_secretCodes] -> [5579090953420801]
14:18:12,300 DEBUG BaseGeneralDataRegion:59 - Caching[foo.org.hibernate.cache.spi.UpdateTimestampsCache] : [Enrolment] -> [5579090953420802]
14:18:12,300 DEBUG BaseGeneralDataRegion:59 - Caching[foo.org.hibernate.cache.spi.UpdateTimestampsCache] : [Address] -> [5579090953420803]
14:18:12,300 DEBUG SQL:104 - 
    insert 
    into
        Student_secretCodes
        (studentNumber, i, secretCode) 
    values
        (?, ?, ?)
14:18:12,309 DEBUG SQL:104 - 
    insert 
    into
        Student_secretCodes
        (studentNumber, i, secretCode) 
    values
        (?, ?, ?)
14:18:12,310 DEBUG BaseGeneralDataRegion:59 - Caching[foo.org.hibernate.cache.spi.UpdateTimestampsCache] : [Student_secretCodes] -> [5579090953461760]
14:18:12,310 DEBUG BaseGeneralDataRegion:59 - Caching[foo.org.hibernate.cache.spi.UpdateTimestampsCache] : [Student] -> [5579090707701761]
14:18:12,310 DEBUG BaseGeneralDataRegion:59 - Caching[foo.org.hibernate.cache.spi.UpdateTimestampsCache] : [Course] -> [5579090707701761]
14:18:12,310 DEBUG BaseGeneralDataRegion:59 - Caching[foo.org.hibernate.cache.spi.UpdateTimestampsCache] : [Enrolment] -> [5579090707701761]
14:18:12,310 DEBUG BaseGeneralDataRegion:59 - Caching[foo.org.hibernate.cache.spi.UpdateTimestampsCache] : [Student_secretCodes] -> [5579090707701761]
14:18:12,310 DEBUG BaseGeneralDataRegion:59 - Caching[foo.org.hibernate.cache.spi.UpdateTimestampsCache] : [Address] -> [5579090707701761]
14:18:12,310 DEBUG BaseGeneralDataRegion:59 - Caching[foo.org.hibernate.cache.spi.UpdateTimestampsCache] : [CourseMeeting] -> [5579090707701761]
14:18:12,311 DEBUG SQL:104 - 
    select
        this_.studentId as studentId4_1_,
        this_.name_first as name2_4_1_,
        this_.name_middle as name3_4_1_,
        this_.name_last as name4_4_1_,
        this_.preferredCourseCode as preferre5_4_1_,
        a1_.studentNumber as studentN8_4_3_,
        a1_.id as id0_3_,
        a1_.addressType as addressT2_3_,
        a1_.id as id0_0_,
        a1_.addressType as addressT2_0_0_,
        a1_.street as street0_0_,
        a1_.city as city0_0_,
        a1_.stateProvince as statePro5_0_0_,
        a1_.postalCode as postalCode0_0_,
        a1_.country as country0_0_,
        a1_.studentNumber as studentN8_0_0_ 
    from
        Student this_ 
    left outer join
        Address a1_ 
            on this_.studentId=a1_.studentNumber 
    order by
        this_.studentId asc
14:18:12,320 DEBUG SQL:104 - 
    select
        secretcode0_.studentNumber as studentN1_4_0_,
        secretcode0_.secretCode as secretCode5_0_,
        secretcode0_.i as i0_ 
    from
        Student_secretCodes secretcode0_ 
    where
        secretcode0_.studentNumber=?
14:18:12,321 DEBUG SQL:104 - 
    select
        secretcode0_.studentNumber as studentN1_4_0_,
        secretcode0_.secretCode as secretCode5_0_,
        secretcode0_.i as i0_ 
    from
        Student_secretCodes secretcode0_ 
    where
        secretcode0_.studentNumber=?
14:18:12,330 DEBUG BaseGeneralDataRegion:59 - Caching[foo.org.hibernate.cache.internal.StandardQueryCache] : [sql: select this_.studentId as studentId4_1_, this_.name_first as name2_4_1_, this_.name_middle as name3_4_1_, this_.name_last as name4_4_1_, this_.preferredCourseCode as preferre5_4_1_, a1_.studentNumber as studentN8_4_3_, a1_.id as id0_3_, a1_.addressType as addressT2_3_, a1_.id as id0_0_, a1_.addressType as addressT2_0_0_, a1_.street as street0_0_, a1_.city as city0_0_, a1_.stateProvince as statePro5_0_0_, a1_.postalCode as postalCode0_0_, a1_.country as country0_0_, a1_.studentNumber as studentN8_0_0_ from Student this_ left outer join Address a1_ on this_.studentId=a1_.studentNumber order by this_.studentId asc; parameters: ; transformer: org.hibernate.transform.CacheableResultTransformer@14031e] -> [[5579090707783680, 111, 111, 999]]
14:18:12,331 DEBUG SQL:104 - 
    select
        this_.studentId as studentId4_1_,
        this_.name_first as name2_4_1_,
        this_.name_middle as name3_4_1_,
        this_.name_last as name4_4_1_,
        this_.preferredCourseCode as preferre5_4_1_,
        a1_.studentNumber as studentN8_4_3_,
        a1_.id as id0_3_,
        a1_.addressType as addressT2_3_,
        a1_.id as id0_0_,
        a1_.addressType as addressT2_0_0_,
        a1_.street as street0_0_,
        a1_.city as city0_0_,
        a1_.stateProvince as statePro5_0_0_,
        a1_.postalCode as postalCode0_0_,
        a1_.country as country0_0_,
        a1_.studentNumber as studentN8_0_0_ 
    from
        Student this_ 
    left outer join
        Address a1_ 
            on this_.studentId=a1_.studentNumber 
    order by
        this_.studentId asc
14:18:12,332 DEBUG SQL:104 - 
    select
        secretcode0_.studentNumber as studentN1_4_0_,
        secretcode0_.secretCode as secretCode5_0_,
        secretcode0_.i as i0_ 
    from
        Student_secretCodes secretcode0_ 
    where
        secretcode0_.studentNumber=?
14:18:12,341 DEBUG SQL:104 - 
    select
        secretcode0_.studentNumber as studentN1_4_0_,
        secretcode0_.secretCode as secretCode5_0_,
        secretcode0_.i as i0_ 
    from
        Student_secretCodes secretcode0_ 
    where
        secretcode0_.studentNumber=?
14:18:12,342 DEBUG BaseGeneralDataRegion:59 - Caching[foo.org.hibernate.cache.internal.StandardQueryCache] : [sql: select this_.studentId as studentId4_1_, this_.name_first as name2_4_1_, this_.name_middle as name3_4_1_, this_.name_last as name4_4_1_, this_.preferredCourseCode as preferre5_4_1_, a1_.studentNumber as studentN8_4_3_, a1_.id as id0_3_, a1_.addressType as addressT2_3_, a1_.id as id0_0_, a1_.addressType as addressT2_0_0_, a1_.street as street0_0_, a1_.city as city0_0_, a1_.stateProvince as statePro5_0_0_, a1_.postalCode as postalCode0_0_, a1_.country as country0_0_, a1_.studentNumber as studentN8_0_0_ from Student this_ left outer join Address a1_ on this_.studentId=a1_.studentNumber order by this_.studentId asc; parameters: ; transformer: org.hibernate.transform.CacheableResultTransformer@14031e] -> [[5579090707828736, 111, 111, 999]]
14:18:12,342 DEBUG SQL:104 - 
    select
        student_.studentId,
        student_.name_first as name2_4_,
        student_.name_middle as name3_4_,
        student_.name_last as name4_4_,
        student_.preferredCourseCode as preferre5_4_ 
    from
        Student student_ 
    where
        student_.studentId=?
14:18:12,342 DEBUG SQL:104 - 
    select
        enrolment_.studentId,
        enrolment_.courseCode,
        enrolment_.semester as semester3_,
        enrolment_."year" as year4_3_ 
    from
        Enrolment enrolment_ 
    where
        enrolment_.studentId=? 
        and enrolment_.courseCode=?
14:18:12,343 DEBUG SQL:104 - 
    select
        course_.courseCode,
        course_.description as descript2_1_ 
    from
        Course course_ 
    where
        course_.courseCode=?
14:18:12,343 DEBUG SQL:104 - 
    select
        student_.studentId,
        student_.name_first as name2_4_,
        student_.name_middle as name3_4_,
        student_.name_last as name4_4_,
        student_.preferredCourseCode as preferre5_4_ 
    from
        Student student_ 
    where
        student_.studentId=?
14:18:12,343 DEBUG SQL:104 - 
    select
        enrolment_.studentId,
        enrolment_.courseCode,
        enrolment_.semester as semester3_,
        enrolment_."year" as year4_3_ 
    from
        Enrolment enrolment_ 
    where
        enrolment_.studentId=? 
        and enrolment_.courseCode=?
14:18:12,344 DEBUG SQL:104 - 
    select
        coursemeet_.courseCode,
        coursemeet_.day,
        coursemeet_.period,
        coursemeet_.location 
    from
        CourseMeeting coursemeet_ 
    where
        coursemeet_.courseCode=? 
        and coursemeet_.day=? 
        and coursemeet_.period=? 
        and coursemeet_.location=?
14:18:12,355 DEBUG SQL:104 - 
    select
        coursemeet_.courseCode,
        coursemeet_.day,
        coursemeet_.period,
        coursemeet_.location 
    from
        CourseMeeting coursemeet_ 
    where
        coursemeet_.courseCode=? 
        and coursemeet_.day=? 
        and coursemeet_.period=? 
        and coursemeet_.location=?
14:18:12,355 DEBUG BaseGeneralDataRegion:59 - Caching[foo.org.hibernate.cache.spi.UpdateTimestampsCache] : [Enrolment] -> [5579090953646080]
14:18:12,355 DEBUG SQL:104 - 
    update
        Address 
    set
        studentNumber=null,
        addressType=null 
    where
        studentNumber=?
14:18:12,366 DEBUG BaseGeneralDataRegion:59 - Caching[foo.org.hibernate.cache.spi.UpdateTimestampsCache] : [Address] -> [5579090953691136]
14:18:12,367 DEBUG SQL:104 - 
    delete 
    from
        Student_secretCodes 
    where
        studentNumber=?
14:18:12,367 DEBUG BaseGeneralDataRegion:59 - Caching[foo.org.hibernate.cache.spi.UpdateTimestampsCache] : [Student_secretCodes] -> [5579090953695232]
14:18:12,367 DEBUG BaseGeneralDataRegion:59 - Caching[foo.org.hibernate.cache.spi.UpdateTimestampsCache] : [Enrolment] -> [5579090953695233]
14:18:12,367 DEBUG BaseGeneralDataRegion:59 - Caching[foo.org.hibernate.cache.spi.UpdateTimestampsCache] : [Address] -> [5579090953695234]
14:18:12,367 DEBUG SQL:104 - 
    delete 
    from
        Student_secretCodes 
    where
        studentNumber=?
14:18:12,367 DEBUG BaseGeneralDataRegion:59 - Caching[foo.org.hibernate.cache.spi.UpdateTimestampsCache] : [Student_secretCodes] -> [5579090953695235]
14:18:12,367 DEBUG BaseGeneralDataRegion:59 - Caching[foo.org.hibernate.cache.spi.UpdateTimestampsCache] : [CourseMeeting] -> [5579090953695236]
14:18:12,367 DEBUG SQL:104 - 
    delete 
    from
        Enrolment 
    where
        studentId=? 
        and courseCode=?
14:18:12,368 DEBUG BaseGeneralDataRegion:59 - Caching[foo.org.hibernate.cache.spi.UpdateTimestampsCache] : [Enrolment] -> [5579090953699328]
14:18:12,368 DEBUG SQL:104 - 
    delete 
    from
        Address 
    where
        id=?
14:18:12,378 DEBUG BaseGeneralDataRegion:59 - Caching[foo.org.hibernate.cache.spi.UpdateTimestampsCache] : [Address] -> [5579090953740288]
14:18:12,378 DEBUG SQL:104 - 
    delete 
    from
        Address 
    where
        id=?
14:18:12,378 DEBUG BaseGeneralDataRegion:59 - Caching[foo.org.hibernate.cache.spi.UpdateTimestampsCache] : [Address] -> [5579090953740289]
14:18:12,378 DEBUG SQL:104 - 
    delete 
    from
        Student 
    where
        studentId=?
14:18:12,378 DEBUG BaseGeneralDataRegion:59 - Caching[foo.org.hibernate.cache.spi.UpdateTimestampsCache] : [Student] -> [5579090953740290]
14:18:12,379 DEBUG SQL:104 - 
    delete 
    from
        Enrolment 
    where
        studentId=? 
        and courseCode=?
14:18:12,379 DEBUG BaseGeneralDataRegion:59 - Caching[foo.org.hibernate.cache.spi.UpdateTimestampsCache] : [Enrolment] -> [5579090953744384]
14:18:12,379 DEBUG SQL:104 - 
    delete 
    from
        Student 
    where
        studentId=?
14:18:12,379 DEBUG BaseGeneralDataRegion:59 - Caching[foo.org.hibernate.cache.spi.UpdateTimestampsCache] : [Student] -> [5579090953744385]
14:18:12,379 DEBUG SQL:104 - 
    delete 
    from
        CourseMeeting 
    where
        courseCode=? 
        and day=? 
        and period=? 
        and location=?
14:18:12,379 DEBUG BaseGeneralDataRegion:59 - Caching[foo.org.hibernate.cache.spi.UpdateTimestampsCache] : [CourseMeeting] -> [5579090953744386]
14:18:12,380 DEBUG SQL:104 - 
    delete 
    from
        CourseMeeting 
    where
        courseCode=? 
        and day=? 
        and period=? 
        and location=?
14:18:12,400 DEBUG BaseGeneralDataRegion:59 - Caching[foo.org.hibernate.cache.spi.UpdateTimestampsCache] : [CourseMeeting] -> [5579090953830400]
14:18:12,401 DEBUG SQL:104 - 
    delete 
    from
        Course 
    where
        courseCode=?
14:18:12,401 DEBUG BaseGeneralDataRegion:59 - Caching[foo.org.hibernate.cache.spi.UpdateTimestampsCache] : [Course] -> [5579090953834496]
14:18:12,401 DEBUG BaseGeneralDataRegion:59 - Caching[foo.org.hibernate.cache.spi.UpdateTimestampsCache] : [Student] -> [5579090708074497]
14:18:12,401 DEBUG BaseGeneralDataRegion:59 - Caching[foo.org.hibernate.cache.spi.UpdateTimestampsCache] : [Course] -> [5579090708074497]
14:18:12,401 DEBUG BaseGeneralDataRegion:59 - Caching[foo.org.hibernate.cache.spi.UpdateTimestampsCache] : [Enrolment] -> [5579090708074497]
14:18:12,401 DEBUG BaseGeneralDataRegion:59 - Caching[foo.org.hibernate.cache.spi.UpdateTimestampsCache] : [Student_secretCodes] -> [5579090708074497]
14:18:12,401 DEBUG BaseGeneralDataRegion:59 - Caching[foo.org.hibernate.cache.spi.UpdateTimestampsCache] : [Address] -> [5579090708074497]
14:18:12,401 DEBUG BaseGeneralDataRegion:59 - Caching[foo.org.hibernate.cache.spi.UpdateTimestampsCache] : [CourseMeeting] -> [5579090708074497]
14:18:12,402 DEBUG SQL:104 - 
    select
        coursemeet_.courseCode,
        coursemeet_.day,
        coursemeet_.period,
        coursemeet_.location 
    from
        CourseMeeting coursemeet_ 
    where
        coursemeet_.courseCode=? 
        and coursemeet_.day=? 
        and coursemeet_.period=? 
        and coursemeet_.location=?
14:18:12,413 DEBUG SQL:104 - 
    select
        coursemeet_.courseCode,
        coursemeet_.day,
        coursemeet_.period,
        coursemeet_.location 
    from
        CourseMeeting coursemeet_ 
    where
        coursemeet_.courseCode=? 
        and coursemeet_.day=? 
        and coursemeet_.period=? 
        and coursemeet_.location=?
14:18:12,414 DEBUG SQL:104 - 
    insert 
    into
        Course
        (description, courseCode) 
    values
        (?, ?)
14:18:12,414 DEBUG BaseGeneralDataRegion:59 - Caching[foo.org.hibernate.cache.spi.UpdateTimestampsCache] : [Course] -> [5579090953887744]
14:18:12,414 DEBUG SQL:104 - 
    insert 
    into
        CourseMeeting
        (courseCode, day, period, location) 
    values
        (?, ?, ?, ?)
14:18:12,425 DEBUG BaseGeneralDataRegion:59 - Caching[foo.org.hibernate.cache.spi.UpdateTimestampsCache] : [CourseMeeting] -> [5579090953932800]
14:18:12,425 DEBUG SQL:104 - 
    insert 
    into
        CourseMeeting
        (courseCode, day, period, location) 
    values
        (?, ?, ?, ?)
14:18:12,425 DEBUG BaseGeneralDataRegion:59 - Caching[foo.org.hibernate.cache.spi.UpdateTimestampsCache] : [CourseMeeting] -> [5579090953932801]
14:18:12,425 DEBUG SQL:104 - 
    insert 
    into
        Student
        (name_first, name_middle, name_last, preferredCourseCode, studentId) 
    values
        (?, ?, ?, ?, ?)
14:18:12,425 DEBUG BaseGeneralDataRegion:59 - Caching[foo.org.hibernate.cache.spi.UpdateTimestampsCache] : [Student] -> [5579090953932802]
14:18:12,426 DEBUG SQL:104 - 
    insert 
    into
        Address
        (addressType, street, city, stateProvince, postalCode, country, studentNumber, id) 
    values
        (?, ?, ?, ?, ?, ?, ?, ?)
14:18:12,426 DEBUG BaseGeneralDataRegion:59 - Caching[foo.org.hibernate.cache.spi.UpdateTimestampsCache] : [Address] -> [5579090953936896]
14:18:12,426 DEBUG SQL:104 - 
    insert 
    into
        Address
        (addressType, street, city, stateProvince, postalCode, country, studentNumber, id) 
    values
        (?, ?, ?, ?, ?, ?, ?, ?)
14:18:12,436 DEBUG BaseGeneralDataRegion:59 - Caching[foo.org.hibernate.cache.spi.UpdateTimestampsCache] : [Address] -> [5579090953977856]
14:18:12,437 DEBUG SQL:104 - 
    insert 
    into
        Student
        (name_first, name_middle, name_last, preferredCourseCode, studentId) 
    values
        (?, ?, ?, ?, ?)
14:18:12,437 DEBUG BaseGeneralDataRegion:59 - Caching[foo.org.hibernate.cache.spi.UpdateTimestampsCache] : [Student] -> [5579090953981952]
14:18:12,437 DEBUG SQL:104 - 
    insert 
    into
        Enrolment
        (semester, "year", studentId, courseCode) 
    values
        (?, ?, ?, ?)
14:18:12,437 DEBUG BaseGeneralDataRegion:59 - Caching[foo.org.hibernate.cache.spi.UpdateTimestampsCache] : [Enrolment] -> [5579090953981953]
14:18:12,437 DEBUG SQL:104 - 
    insert 
    into
        Enrolment
        (semester, "year", studentId, courseCode) 
    values
        (?, ?, ?, ?)
14:18:12,437 DEBUG BaseGeneralDataRegion:59 - Caching[foo.org.hibernate.cache.spi.UpdateTimestampsCache] : [Enrolment] -> [5579090953981954]
14:18:12,437 DEBUG BaseGeneralDataRegion:59 - Caching[foo.org.hibernate.cache.spi.UpdateTimestampsCache] : [CourseMeeting] -> [5579090953981955]
14:18:12,450 DEBUG BaseGeneralDataRegion:59 - Caching[foo.org.hibernate.cache.spi.UpdateTimestampsCache] : [Enrolment] -> [5579090954035200]
14:18:12,451 DEBUG SQL:104 - 
    update
        Address 
    set
        studentNumber=?,
        addressType=? 
    where
        id=?
14:18:12,451 DEBUG SQL:104 - 
    update
        Address 
    set
        studentNumber=?,
        addressType=? 
    where
        id=?
14:18:12,451 DEBUG BaseGeneralDataRegion:59 - Caching[foo.org.hibernate.cache.spi.UpdateTimestampsCache] : [Address] -> [5579090954039296]
14:18:12,451 DEBUG SQL:104 - 
    insert 
    into
        Student_secretCodes
        (studentNumber, i, secretCode) 
    values
        (?, ?, ?)
14:18:12,452 DEBUG BaseGeneralDataRegion:59 - Caching[foo.org.hibernate.cache.spi.UpdateTimestampsCache] : [Student_secretCodes] -> [5579090954043392]
14:18:12,452 DEBUG BaseGeneralDataRegion:59 - Caching[foo.org.hibernate.cache.spi.UpdateTimestampsCache] : [Enrolment] -> [5579090954043393]
14:18:12,452 DEBUG BaseGeneralDataRegion:59 - Caching[foo.org.hibernate.cache.spi.UpdateTimestampsCache] : [Address] -> [5579090954043394]
14:18:12,452 DEBUG SQL:104 - 
    insert 
    into
        Student_secretCodes
        (studentNumber, i, secretCode) 
    values
        (?, ?, ?)
14:18:12,461 DEBUG SQL:104 - 
    insert 
    into
        Student_secretCodes
        (studentNumber, i, secretCode) 
    values
        (?, ?, ?)
14:18:12,462 DEBUG BaseGeneralDataRegion:59 - Caching[foo.org.hibernate.cache.spi.UpdateTimestampsCache] : [Student_secretCodes] -> [5579090954084352]
14:18:12,462 DEBUG BaseGeneralDataRegion:59 - Caching[foo.org.hibernate.cache.spi.UpdateTimestampsCache] : [Student] -> [5579090708324353]
14:18:12,462 DEBUG BaseGeneralDataRegion:59 - Caching[foo.org.hibernate.cache.spi.UpdateTimestampsCache] : [Course] -> [5579090708324353]
14:18:12,462 DEBUG BaseGeneralDataRegion:59 - Caching[foo.org.hibernate.cache.spi.UpdateTimestampsCache] : [Enrolment] -> [5579090708324353]
14:18:12,462 DEBUG BaseGeneralDataRegion:59 - Caching[foo.org.hibernate.cache.spi.UpdateTimestampsCache] : [Student_secretCodes] -> [5579090708324353]
14:18:12,462 DEBUG BaseGeneralDataRegion:59 - Caching[foo.org.hibernate.cache.spi.UpdateTimestampsCache] : [Address] -> [5579090708324353]
14:18:12,462 DEBUG BaseGeneralDataRegion:59 - Caching[foo.org.hibernate.cache.spi.UpdateTimestampsCache] : [CourseMeeting] -> [5579090708324353]
14:18:12,463 DEBUG SQL:104 - 
    select
        this_.studentId as studentId4_1_,
        this_.name_first as name2_4_1_,
        this_.name_middle as name3_4_1_,
        this_.name_last as name4_4_1_,
        this_.preferredCourseCode as preferre5_4_1_,
        a1_.studentNumber as studentN8_4_3_,
        a1_.id as id0_3_,
        a1_.addressType as addressT2_3_,
        a1_.id as id0_0_,
        a1_.addressType as addressT2_0_0_,
        a1_.street as street0_0_,
        a1_.city as city0_0_,
        a1_.stateProvince as statePro5_0_0_,
        a1_.postalCode as postalCode0_0_,
        a1_.country as country0_0_,
        a1_.studentNumber as studentN8_0_0_ 
    from
        Student this_ 
    left outer join
        Address a1_ 
            on this_.studentId=a1_.studentNumber 
    order by
        this_.studentId asc
14:18:12,476 DEBUG SQL:104 - 
    select
        secretcode0_.studentNumber as studentN1_4_0_,
        secretcode0_.secretCode as secretCode5_0_,
        secretcode0_.i as i0_ 
    from
        Student_secretCodes secretcode0_ 
    where
        secretcode0_.studentNumber=?
14:18:12,476 DEBUG SQL:104 - 
    select
        secretcode0_.studentNumber as studentN1_4_0_,
        secretcode0_.secretCode as secretCode5_0_,
        secretcode0_.i as i0_ 
    from
        Student_secretCodes secretcode0_ 
    where
        secretcode0_.studentNumber=?
14:18:12,512 DEBUG BaseGeneralDataRegion:59 - Caching[foo.org.hibernate.cache.internal.StandardQueryCache] : [sql: select this_.studentId as studentId4_1_, this_.name_first as name2_4_1_, this_.name_middle as name3_4_1_, this_.name_last as name4_4_1_, this_.preferredCourseCode as preferre5_4_1_, a1_.studentNumber as studentN8_4_3_, a1_.id as id0_3_, a1_.addressType as addressT2_3_, a1_.id as id0_0_, a1_.addressType as addressT2_0_0_, a1_.street as street0_0_, a1_.city as city0_0_, a1_.stateProvince as statePro5_0_0_, a1_.postalCode as postalCode0_0_, a1_.country as country0_0_, a1_.studentNumber as studentN8_0_0_ from Student this_ left outer join Address a1_ on this_.studentId=a1_.studentNumber order by this_.studentId asc; parameters: ; transformer: org.hibernate.transform.CacheableResultTransformer@14031e] -> [[5579090708529152, 111, 111, 999]]
14:18:12,513 DEBUG SQL:104 - 
    select
        this_.studentId as studentId4_1_,
        this_.name_first as name2_4_1_,
        this_.name_middle as name3_4_1_,
        this_.name_last as name4_4_1_,
        this_.preferredCourseCode as preferre5_4_1_,
        a1_.studentNumber as studentN8_4_3_,
        a1_.id as id0_3_,
        a1_.addressType as addressT2_3_,
        a1_.id as id0_0_,
        a1_.addressType as addressT2_0_0_,
        a1_.street as street0_0_,
        a1_.city as city0_0_,
        a1_.stateProvince as statePro5_0_0_,
        a1_.postalCode as postalCode0_0_,
        a1_.country as country0_0_,
        a1_.studentNumber as studentN8_0_0_ 
    from
        Student this_ 
    left outer join
        Address a1_ 
            on this_.studentId=a1_.studentNumber 
    order by
        this_.studentId asc
14:18:12,514 DEBUG SQL:104 - 
    select
        secretcode0_.studentNumber as studentN1_4_0_,
        secretcode0_.secretCode as secretCode5_0_,
        secretcode0_.i as i0_ 
    from
        Student_secretCodes secretcode0_ 
    where
        secretcode0_.studentNumber=?
14:18:12,515 DEBUG SQL:104 - 
    select
        secretcode0_.studentNumber as studentN1_4_0_,
        secretcode0_.secretCode as secretCode5_0_,
        secretcode0_.i as i0_ 
    from
        Student_secretCodes secretcode0_ 
    where
        secretcode0_.studentNumber=?
14:18:12,515 DEBUG BaseGeneralDataRegion:59 - Caching[foo.org.hibernate.cache.internal.StandardQueryCache] : [sql: select this_.studentId as studentId4_1_, this_.name_first as name2_4_1_, this_.name_middle as name3_4_1_, this_.name_last as name4_4_1_, this_.preferredCourseCode as preferre5_4_1_, a1_.studentNumber as studentN8_4_3_, a1_.id as id0_3_, a1_.addressType as addressT2_3_, a1_.id as id0_0_, a1_.addressType as addressT2_0_0_, a1_.street as street0_0_, a1_.city as city0_0_, a1_.stateProvince as statePro5_0_0_, a1_.postalCode as postalCode0_0_, a1_.country as country0_0_, a1_.studentNumber as studentN8_0_0_ from Student this_ left outer join Address a1_ on this_.studentId=a1_.studentNumber order by this_.studentId asc; parameters: ; transformer: org.hibernate.transform.CacheableResultTransformer@14031e] -> [[5579090708541440, 111, 111, 999]]
14:18:12,515 DEBUG SQL:104 - 
    select
        student_.studentId,
        student_.name_first as name2_4_,
        student_.name_middle as name3_4_,
        student_.name_last as name4_4_,
        student_.preferredCourseCode as preferre5_4_ 
    from
        Student student_ 
    where
        student_.studentId=?
14:18:12,516 DEBUG SQL:104 - 
    select
        enrolment_.studentId,
        enrolment_.courseCode,
        enrolment_.semester as semester3_,
        enrolment_."year" as year4_3_ 
    from
        Enrolment enrolment_ 
    where
        enrolment_.studentId=? 
        and enrolment_.courseCode=?
14:18:12,525 DEBUG SQL:104 - 
    select
        course_.courseCode,
        course_.description as descript2_1_ 
    from
        Course course_ 
    where
        course_.courseCode=?
14:18:12,526 DEBUG SQL:104 - 
    select
        student_.studentId,
        student_.name_first as name2_4_,
        student_.name_middle as name3_4_,
        student_.name_last as name4_4_,
        student_.preferredCourseCode as preferre5_4_ 
    from
        Student student_ 
    where
        student_.studentId=?
14:18:12,526 DEBUG SQL:104 - 
    select
        enrolment_.studentId,
        enrolment_.courseCode,
        enrolment_.semester as semester3_,
        enrolment_."year" as year4_3_ 
    from
        Enrolment enrolment_ 
    where
        enrolment_.studentId=? 
        and enrolment_.courseCode=?
14:18:12,536 DEBUG SQL:104 - 
    select
        coursemeet_.courseCode,
        coursemeet_.day,
        coursemeet_.period,
        coursemeet_.location 
    from
        CourseMeeting coursemeet_ 
    where
        coursemeet_.courseCode=? 
        and coursemeet_.day=? 
        and coursemeet_.period=? 
        and coursemeet_.location=?
14:18:12,536 DEBUG SQL:104 - 
    select
        coursemeet_.courseCode,
        coursemeet_.day,
        coursemeet_.period,
        coursemeet_.location 
    from
        CourseMeeting coursemeet_ 
    where
        coursemeet_.courseCode=? 
        and coursemeet_.day=? 
        and coursemeet_.period=? 
        and coursemeet_.location=?
14:18:12,537 DEBUG BaseGeneralDataRegion:59 - Caching[foo.org.hibernate.cache.spi.UpdateTimestampsCache] : [Enrolment] -> [5579090954391552]
14:18:12,537 DEBUG SQL:104 - 
    update
        Address 
    set
        studentNumber=null,
        addressType=null 
    where
        studentNumber=?
14:18:12,557 DEBUG BaseGeneralDataRegion:59 - Caching[foo.org.hibernate.cache.spi.UpdateTimestampsCache] : [Address] -> [5579090954473472]
14:18:12,557 DEBUG SQL:104 - 
    delete 
    from
        Student_secretCodes 
    where
        studentNumber=?
14:18:12,558 DEBUG BaseGeneralDataRegion:59 - Caching[foo.org.hibernate.cache.spi.UpdateTimestampsCache] : [Student_secretCodes] -> [5579090954477568]
14:18:12,558 DEBUG BaseGeneralDataRegion:59 - Caching[foo.org.hibernate.cache.spi.UpdateTimestampsCache] : [Enrolment] -> [5579090954477569]
14:18:12,558 DEBUG BaseGeneralDataRegion:59 - Caching[foo.org.hibernate.cache.spi.UpdateTimestampsCache] : [Address] -> [5579090954477570]
14:18:12,558 DEBUG SQL:104 - 
    delete 
    from
        Student_secretCodes 
    where
        studentNumber=?
14:18:12,558 DEBUG BaseGeneralDataRegion:59 - Caching[foo.org.hibernate.cache.spi.UpdateTimestampsCache] : [Student_secretCodes] -> [5579090954477571]
14:18:12,558 DEBUG BaseGeneralDataRegion:59 - Caching[foo.org.hibernate.cache.spi.UpdateTimestampsCache] : [CourseMeeting] -> [5579090954477572]
14:18:12,558 DEBUG SQL:104 - 
    delete 
    from
        Enrolment 
    where
        studentId=? 
        and courseCode=?
14:18:12,559 DEBUG BaseGeneralDataRegion:59 - Caching[foo.org.hibernate.cache.spi.UpdateTimestampsCache] : [Enrolment] -> [5579090954481664]
14:18:12,559 DEBUG SQL:104 - 
    delete 
    from
        Address 
    where
        id=?
14:18:12,567 DEBUG BaseGeneralDataRegion:59 - Caching[foo.org.hibernate.cache.spi.UpdateTimestampsCache] : [Address] -> [5579090954514432]
14:18:12,568 DEBUG SQL:104 - 
    delete 
    from
        Address 
    where
        id=?
14:18:12,568 DEBUG BaseGeneralDataRegion:59 - Caching[foo.org.hibernate.cache.spi.UpdateTimestampsCache] : [Address] -> [5579090954518528]
14:18:12,568 DEBUG SQL:104 - 
    delete 
    from
        Student 
    where
        studentId=?
14:18:12,568 DEBUG BaseGeneralDataRegion:59 - Caching[foo.org.hibernate.cache.spi.UpdateTimestampsCache] : [Student] -> [5579090954518529]
14:18:12,568 DEBUG SQL:104 - 
    delete 
    from
        Enrolment 
    where
        studentId=? 
        and courseCode=?
14:18:12,569 DEBUG BaseGeneralDataRegion:59 - Caching[foo.org.hibernate.cache.spi.UpdateTimestampsCache] : [Enrolment] -> [5579090954518530]
14:18:12,569 DEBUG SQL:104 - 
    delete 
    from
        Student 
    where
        studentId=?
14:18:12,578 DEBUG BaseGeneralDataRegion:59 - Caching[foo.org.hibernate.cache.spi.UpdateTimestampsCache] : [Student] -> [5579090954559488]
14:18:12,578 DEBUG SQL:104 - 
    delete 
    from
        CourseMeeting 
    where
        courseCode=? 
        and day=? 
        and period=? 
        and location=?
14:18:12,578 DEBUG BaseGeneralDataRegion:59 - Caching[foo.org.hibernate.cache.spi.UpdateTimestampsCache] : [CourseMeeting] -> [5579090954559489]
14:18:12,579 DEBUG SQL:104 - 
    delete 
    from
        CourseMeeting 
    where
        courseCode=? 
        and day=? 
        and period=? 
        and location=?
14:18:12,579 DEBUG BaseGeneralDataRegion:59 - Caching[foo.org.hibernate.cache.spi.UpdateTimestampsCache] : [CourseMeeting] -> [5579090954563584]
14:18:12,579 DEBUG SQL:104 - 
    delete 
    from
        Course 
    where
        courseCode=?
14:18:12,579 DEBUG BaseGeneralDataRegion:59 - Caching[foo.org.hibernate.cache.spi.UpdateTimestampsCache] : [Course] -> [5579090954563585]
14:18:12,579 DEBUG BaseGeneralDataRegion:59 - Caching[foo.org.hibernate.cache.spi.UpdateTimestampsCache] : [Student] -> [5579090708803586]
14:18:12,588 DEBUG BaseGeneralDataRegion:59 - Caching[foo.org.hibernate.cache.spi.UpdateTimestampsCache] : [Course] -> [5579090708803586]
14:18:12,588 DEBUG BaseGeneralDataRegion:59 - Caching[foo.org.hibernate.cache.spi.UpdateTimestampsCache] : [Enrolment] -> [5579090708803586]
14:18:12,589 DEBUG BaseGeneralDataRegion:59 - Caching[foo.org.hibernate.cache.spi.UpdateTimestampsCache] : [Student_secretCodes] -> [5579090708803586]
14:18:12,589 DEBUG BaseGeneralDataRegion:59 - Caching[foo.org.hibernate.cache.spi.UpdateTimestampsCache] : [Address] -> [5579090708803586]
14:18:12,589 DEBUG BaseGeneralDataRegion:59 - Caching[foo.org.hibernate.cache.spi.UpdateTimestampsCache] : [CourseMeeting] -> [5579090708803586]
14:18:12,589 DEBUG SQL:104 - 
    select
        coursemeet_.courseCode,
        coursemeet_.day,
        coursemeet_.period,
        coursemeet_.location 
    from
        CourseMeeting coursemeet_ 
    where
        coursemeet_.courseCode=? 
        and coursemeet_.day=? 
        and coursemeet_.period=? 
        and coursemeet_.location=?
14:18:12,590 DEBUG SQL:104 - 
    select
        coursemeet_.courseCode,
        coursemeet_.day,
        coursemeet_.period,
        coursemeet_.location 
    from
        CourseMeeting coursemeet_ 
    where
        coursemeet_.courseCode=? 
        and coursemeet_.day=? 
        and coursemeet_.period=? 
        and coursemeet_.location=?
14:18:12,600 DEBUG SQL:104 - 
    insert 
    into
        Course
        (description, courseCode) 
    values
        (?, ?)
14:18:12,601 DEBUG BaseGeneralDataRegion:59 - Caching[foo.org.hibernate.cache.spi.UpdateTimestampsCache] : [Course] -> [5579090954653696]
14:18:12,601 DEBUG SQL:104 - 
    insert 
    into
        CourseMeeting
        (courseCode, day, period, location) 
    values
        (?, ?, ?, ?)
14:18:12,601 DEBUG BaseGeneralDataRegion:59 - Caching[foo.org.hibernate.cache.spi.UpdateTimestampsCache] : [CourseMeeting] -> [5579090954653697]
14:18:12,601 DEBUG SQL:104 - 
    insert 
    into
        CourseMeeting
        (courseCode, day, period, location) 
    values
        (?, ?, ?, ?)
14:18:12,601 DEBUG BaseGeneralDataRegion:59 - Caching[foo.org.hibernate.cache.spi.UpdateTimestampsCache] : [CourseMeeting] -> [5579090954653698]
14:18:12,601 DEBUG SQL:104 - 
    insert 
    into
        Student
        (name_first, name_middle, name_last, preferredCourseCode, studentId) 
    values
        (?, ?, ?, ?, ?)
14:18:12,609 DEBUG BaseGeneralDataRegion:59 - Caching[foo.org.hibernate.cache.spi.UpdateTimestampsCache] : [Student] -> [5579090954686464]
14:18:12,610 DEBUG SQL:104 - 
    insert 
    into
        Address
        (addressType, street, city, stateProvince, postalCode, country, studentNumber, id) 
    values
        (?, ?, ?, ?, ?, ?, ?, ?)
14:18:12,610 DEBUG BaseGeneralDataRegion:59 - Caching[foo.org.hibernate.cache.spi.UpdateTimestampsCache] : [Address] -> [5579090954690560]
14:18:12,610 DEBUG SQL:104 - 
    insert 
    into
        Address
        (addressType, street, city, stateProvince, postalCode, country, studentNumber, id) 
    values
        (?, ?, ?, ?, ?, ?, ?, ?)
14:18:12,610 DEBUG BaseGeneralDataRegion:59 - Caching[foo.org.hibernate.cache.spi.UpdateTimestampsCache] : [Address] -> [5579090954690561]
14:18:12,610 DEBUG SQL:104 - 
    insert 
    into
        Student
        (name_first, name_middle, name_last, preferredCourseCode, studentId) 
    values
        (?, ?, ?, ?, ?)
14:18:12,610 DEBUG BaseGeneralDataRegion:59 - Caching[foo.org.hibernate.cache.spi.UpdateTimestampsCache] : [Student] -> [5579090954690562]
14:18:12,611 DEBUG SQL:104 - 
    insert 
    into
        Enrolment
        (semester, "year", studentId, courseCode) 
    values
        (?, ?, ?, ?)
14:18:12,619 DEBUG BaseGeneralDataRegion:59 - Caching[foo.org.hibernate.cache.spi.UpdateTimestampsCache] : [Enrolment] -> [5579090954727424]
14:18:12,620 DEBUG SQL:104 - 
    insert 
    into
        Enrolment
        (semester, "year", studentId, courseCode) 
    values
        (?, ?, ?, ?)
14:18:12,620 DEBUG BaseGeneralDataRegion:59 - Caching[foo.org.hibernate.cache.spi.UpdateTimestampsCache] : [Enrolment] -> [5579090954731520]
14:18:12,620 DEBUG BaseGeneralDataRegion:59 - Caching[foo.org.hibernate.cache.spi.UpdateTimestampsCache] : [CourseMeeting] -> [5579090954731521]
14:18:12,620 DEBUG BaseGeneralDataRegion:59 - Caching[foo.org.hibernate.cache.spi.UpdateTimestampsCache] : [Enrolment] -> [5579090954731522]
14:18:12,620 DEBUG SQL:104 - 
    update
        Address 
    set
        studentNumber=?,
        addressType=? 
    where
        id=?
14:18:12,621 DEBUG SQL:104 - 
    update
        Address 
    set
        studentNumber=?,
        addressType=? 
    where
        id=?
14:18:12,629 DEBUG BaseGeneralDataRegion:59 - Caching[foo.org.hibernate.cache.spi.UpdateTimestampsCache] : [Address] -> [5579090954768384]
14:18:12,629 DEBUG SQL:104 - 
    insert 
    into
        Student_secretCodes
        (studentNumber, i, secretCode) 
    values
        (?, ?, ?)
14:18:12,629 DEBUG BaseGeneralDataRegion:59 - Caching[foo.org.hibernate.cache.spi.UpdateTimestampsCache] : [Student_secretCodes] -> [5579090954768385]
14:18:12,629 DEBUG BaseGeneralDataRegion:59 - Caching[foo.org.hibernate.cache.spi.UpdateTimestampsCache] : [Enrolment] -> [5579090954768386]
14:18:12,629 DEBUG BaseGeneralDataRegion:59 - Caching[foo.org.hibernate.cache.spi.UpdateTimestampsCache] : [Address] -> [5579090954768387]
14:18:12,629 DEBUG SQL:104 - 
    insert 
    into
        Student_secretCodes
        (studentNumber, i, secretCode) 
    values
        (?, ?, ?)
14:18:12,630 DEBUG SQL:104 - 
    insert 
    into
        Student_secretCodes
        (studentNumber, i, secretCode) 
    values
        (?, ?, ?)
14:18:12,630 DEBUG BaseGeneralDataRegion:59 - Caching[foo.org.hibernate.cache.spi.UpdateTimestampsCache] : [Student_secretCodes] -> [5579090954772480]
14:18:12,630 DEBUG BaseGeneralDataRegion:59 - Caching[foo.org.hibernate.cache.spi.UpdateTimestampsCache] : [Student] -> [5579090709012481]
14:18:12,630 DEBUG BaseGeneralDataRegion:59 - Caching[foo.org.hibernate.cache.spi.UpdateTimestampsCache] : [Course] -> [5579090709012481]
14:18:12,630 DEBUG BaseGeneralDataRegion:59 - Caching[foo.org.hibernate.cache.spi.UpdateTimestampsCache] : [Enrolment] -> [5579090709012481]
14:18:12,639 DEBUG BaseGeneralDataRegion:59 - Caching[foo.org.hibernate.cache.spi.UpdateTimestampsCache] : [Student_secretCodes] -> [5579090709012481]
14:18:12,639 DEBUG BaseGeneralDataRegion:59 - Caching[foo.org.hibernate.cache.spi.UpdateTimestampsCache] : [Address] -> [5579090709012481]
14:18:12,639 DEBUG BaseGeneralDataRegion:59 - Caching[foo.org.hibernate.cache.spi.UpdateTimestampsCache] : [CourseMeeting] -> [5579090709012481]
14:18:12,640 DEBUG SQL:104 - 
    select
        this_.studentId as studentId4_1_,
        this_.name_first as name2_4_1_,
        this_.name_middle as name3_4_1_,
        this_.name_last as name4_4_1_,
        this_.preferredCourseCode as preferre5_4_1_,
        a1_.studentNumber as studentN8_4_3_,
        a1_.id as id0_3_,
        a1_.addressType as addressT2_3_,
        a1_.id as id0_0_,
        a1_.addressType as addressT2_0_0_,
        a1_.street as street0_0_,
        a1_.city as city0_0_,
        a1_.stateProvince as statePro5_0_0_,
        a1_.postalCode as postalCode0_0_,
        a1_.country as country0_0_,
        a1_.studentNumber as studentN8_0_0_ 
    from
        Student this_ 
    left outer join
        Address a1_ 
            on this_.studentId=a1_.studentNumber 
    order by
        this_.studentId asc
14:18:12,641 DEBUG SQL:104 - 
    select
        secretcode0_.studentNumber as studentN1_4_0_,
        secretcode0_.secretCode as secretCode5_0_,
        secretcode0_.i as i0_ 
    from
        Student_secretCodes secretcode0_ 
    where
        secretcode0_.studentNumber=?
14:18:12,642 DEBUG SQL:104 - 
    select
        secretcode0_.studentNumber as studentN1_4_0_,
        secretcode0_.secretCode as secretCode5_0_,
        secretcode0_.i as i0_ 
    from
        Student_secretCodes secretcode0_ 
    where
        secretcode0_.studentNumber=?
14:18:12,642 DEBUG BaseGeneralDataRegion:59 - Caching[foo.org.hibernate.cache.internal.StandardQueryCache] : [sql: select this_.studentId as studentId4_1_, this_.name_first as name2_4_1_, this_.name_middle as name3_4_1_, this_.name_last as name4_4_1_, this_.preferredCourseCode as preferre5_4_1_, a1_.studentNumber as studentN8_4_3_, a1_.id as id0_3_, a1_.addressType as addressT2_3_, a1_.id as id0_0_, a1_.addressType as addressT2_0_0_, a1_.street as street0_0_, a1_.city as city0_0_, a1_.stateProvince as statePro5_0_0_, a1_.postalCode as postalCode0_0_, a1_.country as country0_0_, a1_.studentNumber as studentN8_0_0_ from Student this_ left outer join Address a1_ on this_.studentId=a1_.studentNumber order by this_.studentId asc; parameters: ; transformer: org.hibernate.transform.CacheableResultTransformer@14031e] -> [[5579090709061632, 111, 111, 999]]
14:18:12,643 DEBUG SQL:104 - 
    select
        this_.studentId as studentId4_1_,
        this_.name_first as name2_4_1_,
        this_.name_middle as name3_4_1_,
        this_.name_last as name4_4_1_,
        this_.preferredCourseCode as preferre5_4_1_,
        a1_.studentNumber as studentN8_4_3_,
        a1_.id as id0_3_,
        a1_.addressType as addressT2_3_,
        a1_.id as id0_0_,
        a1_.addressType as addressT2_0_0_,
        a1_.street as street0_0_,
        a1_.city as city0_0_,
        a1_.stateProvince as statePro5_0_0_,
        a1_.postalCode as postalCode0_0_,
        a1_.country as country0_0_,
        a1_.studentNumber as studentN8_0_0_ 
    from
        Student this_ 
    left outer join
        Address a1_ 
            on this_.studentId=a1_.studentNumber 
    order by
        this_.studentId asc
14:18:12,650 DEBUG SQL:104 - 
    select
        secretcode0_.studentNumber as studentN1_4_0_,
        secretcode0_.secretCode as secretCode5_0_,
        secretcode0_.i as i0_ 
    from
        Student_secretCodes secretcode0_ 
    where
        secretcode0_.studentNumber=?
14:18:12,650 DEBUG SQL:104 - 
    select
        secretcode0_.studentNumber as studentN1_4_0_,
        secretcode0_.secretCode as secretCode5_0_,
        secretcode0_.i as i0_ 
    from
        Student_secretCodes secretcode0_ 
    where
        secretcode0_.studentNumber=?
14:18:12,660 DEBUG BaseGeneralDataRegion:59 - Caching[foo.org.hibernate.cache.internal.StandardQueryCache] : [sql: select this_.studentId as studentId4_1_, this_.name_first as name2_4_1_, this_.name_middle as name3_4_1_, this_.name_last as name4_4_1_, this_.preferredCourseCode as preferre5_4_1_, a1_.studentNumber as studentN8_4_3_, a1_.id as id0_3_, a1_.addressType as addressT2_3_, a1_.id as id0_0_, a1_.addressType as addressT2_0_0_, a1_.street as street0_0_, a1_.city as city0_0_, a1_.stateProvince as statePro5_0_0_, a1_.postalCode as postalCode0_0_, a1_.country as country0_0_, a1_.studentNumber as studentN8_0_0_ from Student this_ left outer join Address a1_ on this_.studentId=a1_.studentNumber order by this_.studentId asc; parameters: ; transformer: org.hibernate.transform.CacheableResultTransformer@14031e] -> [[5579090709135360, 111, 111, 999]]
14:18:12,661 DEBUG SQL:104 - 
    select
        student_.studentId,
        student_.name_first as name2_4_,
        student_.name_middle as name3_4_,
        student_.name_last as name4_4_,
        student_.preferredCourseCode as preferre5_4_ 
    from
        Student student_ 
    where
        student_.studentId=?
14:18:12,662 DEBUG SQL:104 - 
    select
        enrolment_.studentId,
        enrolment_.courseCode,
        enrolment_.semester as semester3_,
        enrolment_."year" as year4_3_ 
    from
        Enrolment enrolment_ 
    where
        enrolment_.studentId=? 
        and enrolment_.courseCode=?
14:18:12,662 DEBUG SQL:104 - 
    select
        course_.courseCode,
        course_.description as descript2_1_ 
    from
        Course course_ 
    where
        course_.courseCode=?
14:18:12,662 DEBUG SQL:104 - 
    select
        student_.studentId,
        student_.name_first as name2_4_,
        student_.name_middle as name3_4_,
        student_.name_last as name4_4_,
        student_.preferredCourseCode as preferre5_4_ 
    from
        Student student_ 
    where
        student_.studentId=?
14:18:12,662 DEBUG SQL:104 - 
    select
        enrolment_.studentId,
        enrolment_.courseCode,
        enrolment_.semester as semester3_,
        enrolment_."year" as year4_3_ 
    from
        Enrolment enrolment_ 
    where
        enrolment_.studentId=? 
        and enrolment_.courseCode=?
14:18:12,682 DEBUG SQL:104 - 
    select
        coursemeet_.courseCode,
        coursemeet_.day,
        coursemeet_.period,
        coursemeet_.location 
    from
        CourseMeeting coursemeet_ 
    where
        coursemeet_.courseCode=? 
        and coursemeet_.day=? 
        and coursemeet_.period=? 
        and coursemeet_.location=?
14:18:12,683 DEBUG SQL:104 - 
    select
        coursemeet_.courseCode,
        coursemeet_.day,
        coursemeet_.period,
        coursemeet_.location 
    from
        CourseMeeting coursemeet_ 
    where
        coursemeet_.courseCode=? 
        and coursemeet_.day=? 
        and coursemeet_.period=? 
        and coursemeet_.location=?
14:18:12,693 DEBUG BaseGeneralDataRegion:59 - Caching[foo.org.hibernate.cache.spi.UpdateTimestampsCache] : [Enrolment] -> [5579090955030528]
14:18:12,693 DEBUG SQL:104 - 
    update
        Address 
    set
        studentNumber=null,
        addressType=null 
    where
        studentNumber=?
14:18:12,694 DEBUG BaseGeneralDataRegion:59 - Caching[foo.org.hibernate.cache.spi.UpdateTimestampsCache] : [Address] -> [5579090955034624]
14:18:12,694 DEBUG SQL:104 - 
    delete 
    from
        Student_secretCodes 
    where
        studentNumber=?
14:18:12,694 DEBUG BaseGeneralDataRegion:59 - Caching[foo.org.hibernate.cache.spi.UpdateTimestampsCache] : [Student_secretCodes] -> [5579090955034625]
14:18:12,694 DEBUG BaseGeneralDataRegion:59 - Caching[foo.org.hibernate.cache.spi.UpdateTimestampsCache] : [Enrolment] -> [5579090955034626]
14:18:12,694 DEBUG BaseGeneralDataRegion:59 - Caching[foo.org.hibernate.cache.spi.UpdateTimestampsCache] : [Address] -> [5579090955034627]
14:18:12,694 DEBUG SQL:104 - 
    delete 
    from
        Student_secretCodes 
    where
        studentNumber=?
14:18:12,704 DEBUG BaseGeneralDataRegion:59 - Caching[foo.org.hibernate.cache.spi.UpdateTimestampsCache] : [Student_secretCodes] -> [5579090955075584]
14:18:12,704 DEBUG BaseGeneralDataRegion:59 - Caching[foo.org.hibernate.cache.spi.UpdateTimestampsCache] : [CourseMeeting] -> [5579090955075585]
14:18:12,705 DEBUG SQL:104 - 
    delete 
    from
        Enrolment 
    where
        studentId=? 
        and courseCode=?
14:18:12,705 DEBUG BaseGeneralDataRegion:59 - Caching[foo.org.hibernate.cache.spi.UpdateTimestampsCache] : [Enrolment] -> [5579090955079680]
14:18:12,705 DEBUG SQL:104 - 
    delete 
    from
        Address 
    where
        id=?
14:18:12,705 DEBUG BaseGeneralDataRegion:59 - Caching[foo.org.hibernate.cache.spi.UpdateTimestampsCache] : [Address] -> [5579090955079681]
14:18:12,705 DEBUG SQL:104 - 
    delete 
    from
        Address 
    where
        id=?
14:18:12,705 DEBUG BaseGeneralDataRegion:59 - Caching[foo.org.hibernate.cache.spi.UpdateTimestampsCache] : [Address] -> [5579090955079682]
14:18:12,706 DEBUG SQL:104 - 
    delete 
    from
        Student 
    where
        studentId=?
14:18:12,714 DEBUG BaseGeneralDataRegion:59 - Caching[foo.org.hibernate.cache.spi.UpdateTimestampsCache] : [Student] -> [5579090955116544]
14:18:12,715 DEBUG SQL:104 - 
    delete 
    from
        Enrolment 
    where
        studentId=? 
        and courseCode=?
14:18:12,715 DEBUG BaseGeneralDataRegion:59 - Caching[foo.org.hibernate.cache.spi.UpdateTimestampsCache] : [Enrolment] -> [5579090955120640]
14:18:12,715 DEBUG SQL:104 - 
    delete 
    from
        Student 
    where
        studentId=?
14:18:12,715 DEBUG BaseGeneralDataRegion:59 - Caching[foo.org.hibernate.cache.spi.UpdateTimestampsCache] : [Student] -> [5579090955120641]
14:18:12,715 DEBUG SQL:104 - 
    delete 
    from
        CourseMeeting 
    where
        courseCode=? 
        and day=? 
        and period=? 
        and location=?
14:18:12,716 DEBUG BaseGeneralDataRegion:59 - Caching[foo.org.hibernate.cache.spi.UpdateTimestampsCache] : [CourseMeeting] -> [5579090955124736]
14:18:12,716 DEBUG SQL:104 - 
    delete 
    from
        CourseMeeting 
    where
        courseCode=? 
        and day=? 
        and period=? 
        and location=?
14:18:12,726 DEBUG BaseGeneralDataRegion:59 - Caching[foo.org.hibernate.cache.spi.UpdateTimestampsCache] : [CourseMeeting] -> [5579090955165696]
14:18:12,726 DEBUG SQL:104 - 
    delete 
    from
        Course 
    where
        courseCode=?
14:18:12,726 DEBUG BaseGeneralDataRegion:59 - Caching[foo.org.hibernate.cache.spi.UpdateTimestampsCache] : [Course] -> [5579090955165697]
14:18:12,727 DEBUG BaseGeneralDataRegion:59 - Caching[foo.org.hibernate.cache.spi.UpdateTimestampsCache] : [Student] -> [5579090709409792]
14:18:12,727 DEBUG BaseGeneralDataRegion:59 - Caching[foo.org.hibernate.cache.spi.UpdateTimestampsCache] : [Course] -> [5579090709409792]
14:18:12,727 DEBUG BaseGeneralDataRegion:59 - Caching[foo.org.hibernate.cache.spi.UpdateTimestampsCache] : [Enrolment] -> [5579090709409792]
14:18:12,727 DEBUG BaseGeneralDataRegion:59 - Caching[foo.org.hibernate.cache.spi.UpdateTimestampsCache] : [Student_secretCodes] -> [5579090709409792]
14:18:12,727 DEBUG BaseGeneralDataRegion:59 - Caching[foo.org.hibernate.cache.spi.UpdateTimestampsCache] : [Address] -> [5579090709409792]
14:18:12,727 DEBUG BaseGeneralDataRegion:59 - Caching[foo.org.hibernate.cache.spi.UpdateTimestampsCache] : [CourseMeeting] -> [5579090709409792]
14:18:12,728  INFO CustomRunner:139 - Test: testEntityWithJoinedLazyManyToOneListCriteria
14:18:12,729 DEBUG SQL:104 - 
    select
        coursemeet_.courseCode,
        coursemeet_.day,
        coursemeet_.period,
        coursemeet_.location 
    from
        CourseMeeting coursemeet_ 
    where
        coursemeet_.courseCode=? 
        and coursemeet_.day=? 
        and coursemeet_.period=? 
        and coursemeet_.location=?
14:18:12,737 DEBUG SQL:104 - 
    select
        coursemeet_.courseCode,
        coursemeet_.day,
        coursemeet_.period,
        coursemeet_.location 
    from
        CourseMeeting coursemeet_ 
    where
        coursemeet_.courseCode=? 
        and coursemeet_.day=? 
        and coursemeet_.period=? 
        and coursemeet_.location=?
14:18:12,738 DEBUG SQL:104 - 
    insert 
    into
        Course
        (description, courseCode) 
    values
        (?, ?)
14:18:12,739 DEBUG BaseGeneralDataRegion:59 - Caching[foo.org.hibernate.cache.spi.UpdateTimestampsCache] : [Course] -> [5579090955218944]
14:18:12,739 DEBUG SQL:104 - 
    insert 
    into
        CourseMeeting
        (courseCode, day, period, location) 
    values
        (?, ?, ?, ?)
14:18:12,748 DEBUG BaseGeneralDataRegion:59 - Caching[foo.org.hibernate.cache.spi.UpdateTimestampsCache] : [CourseMeeting] -> [5579090955255808]
14:18:12,748 DEBUG SQL:104 - 
    insert 
    into
        CourseMeeting
        (courseCode, day, period, location) 
    values
        (?, ?, ?, ?)
14:18:12,749 DEBUG BaseGeneralDataRegion:59 - Caching[foo.org.hibernate.cache.spi.UpdateTimestampsCache] : [CourseMeeting] -> [5579090955259904]
14:18:12,749 DEBUG SQL:104 - 
    insert 
    into
        Student
        (name_first, name_middle, name_last, preferredCourseCode, studentId) 
    values
        (?, ?, ?, ?, ?)
14:18:12,749 DEBUG BaseGeneralDataRegion:59 - Caching[foo.org.hibernate.cache.spi.UpdateTimestampsCache] : [Student] -> [5579090955259905]
14:18:12,749 DEBUG SQL:104 - 
    insert 
    into
        Address
        (addressType, street, city, stateProvince, postalCode, country, studentNumber, id) 
    values
        (?, ?, ?, ?, ?, ?, ?, ?)
14:18:12,749 DEBUG BaseGeneralDataRegion:59 - Caching[foo.org.hibernate.cache.spi.UpdateTimestampsCache] : [Address] -> [5579090955259906]
14:18:12,749 DEBUG SQL:104 - 
    insert 
    into
        Address
        (addressType, street, city, stateProvince, postalCode, country, studentNumber, id) 
    values
        (?, ?, ?, ?, ?, ?, ?, ?)
14:18:12,758 DEBUG BaseGeneralDataRegion:59 - Caching[foo.org.hibernate.cache.spi.UpdateTimestampsCache] : [Address] -> [5579090955296768]
14:18:12,758 DEBUG SQL:104 - 
    insert 
    into
        Student
        (name_first, name_middle, name_last, preferredCourseCode, studentId) 
    values
        (?, ?, ?, ?, ?)
14:18:12,759 DEBUG BaseGeneralDataRegion:59 - Caching[foo.org.hibernate.cache.spi.UpdateTimestampsCache] : [Student] -> [5579090955300864]
14:18:12,759 DEBUG SQL:104 - 
    insert 
    into
        Enrolment
        (semester, "year", studentId, courseCode) 
    values
        (?, ?, ?, ?)
14:18:12,759 DEBUG BaseGeneralDataRegion:59 - Caching[foo.org.hibernate.cache.spi.UpdateTimestampsCache] : [Enrolment] -> [5579090955300865]
14:18:12,759 DEBUG SQL:104 - 
    insert 
    into
        Enrolment
        (semester, "year", studentId, courseCode) 
    values
        (?, ?, ?, ?)
14:18:12,759 DEBUG BaseGeneralDataRegion:59 - Caching[foo.org.hibernate.cache.spi.UpdateTimestampsCache] : [Enrolment] -> [5579090955300866]
14:18:12,759 DEBUG BaseGeneralDataRegion:59 - Caching[foo.org.hibernate.cache.spi.UpdateTimestampsCache] : [CourseMeeting] -> [5579090955300867]
14:18:12,759 DEBUG BaseGeneralDataRegion:59 - Caching[foo.org.hibernate.cache.spi.UpdateTimestampsCache] : [Enrolment] -> [5579090955300868]
14:18:12,760 DEBUG SQL:104 - 
    update
        Address 
    set
        studentNumber=?,
        addressType=? 
    where
        id=?
14:18:12,760 DEBUG SQL:104 - 
    update
        Address 
    set
        studentNumber=?,
        addressType=? 
    where
        id=?
14:18:12,760 DEBUG BaseGeneralDataRegion:59 - Caching[foo.org.hibernate.cache.spi.UpdateTimestampsCache] : [Address] -> [5579090955304960]
14:18:12,760 DEBUG SQL:104 - 
    insert 
    into
        Student_secretCodes
        (studentNumber, i, secretCode) 
    values
        (?, ?, ?)
14:18:12,760 DEBUG BaseGeneralDataRegion:59 - Caching[foo.org.hibernate.cache.spi.UpdateTimestampsCache] : [Student_secretCodes] -> [5579090955304961]
14:18:12,760 DEBUG BaseGeneralDataRegion:59 - Caching[foo.org.hibernate.cache.spi.UpdateTimestampsCache] : [Enrolment] -> [5579090955304962]
14:18:12,760 DEBUG BaseGeneralDataRegion:59 - Caching[foo.org.hibernate.cache.spi.UpdateTimestampsCache] : [Address] -> [5579090955304963]
14:18:12,772 DEBUG SQL:104 - 
    insert 
    into
        Student_secretCodes
        (studentNumber, i, secretCode) 
    values
        (?, ?, ?)
14:18:12,773 DEBUG SQL:104 - 
    insert 
    into
        Student_secretCodes
        (studentNumber, i, secretCode) 
    values
        (?, ?, ?)
14:18:12,773 DEBUG BaseGeneralDataRegion:59 - Caching[foo.org.hibernate.cache.spi.UpdateTimestampsCache] : [Student_secretCodes] -> [5579090955358208]
14:18:12,773 DEBUG BaseGeneralDataRegion:59 - Caching[foo.org.hibernate.cache.spi.UpdateTimestampsCache] : [Student] -> [5579090709598209]
14:18:12,773 DEBUG BaseGeneralDataRegion:59 - Caching[foo.org.hibernate.cache.spi.UpdateTimestampsCache] : [Course] -> [5579090709598209]
14:18:12,773 DEBUG BaseGeneralDataRegion:59 - Caching[foo.org.hibernate.cache.spi.UpdateTimestampsCache] : [Enrolment] -> [5579090709598209]
14:18:12,773 DEBUG BaseGeneralDataRegion:59 - Caching[foo.org.hibernate.cache.spi.UpdateTimestampsCache] : [Student_secretCodes] -> [5579090709598209]
14:18:12,774 DEBUG BaseGeneralDataRegion:59 - Caching[foo.org.hibernate.cache.spi.UpdateTimestampsCache] : [Address] -> [5579090709598209]
14:18:12,774 DEBUG BaseGeneralDataRegion:59 - Caching[foo.org.hibernate.cache.spi.UpdateTimestampsCache] : [CourseMeeting] -> [5579090709598209]
14:18:12,774 DEBUG SQL:104 - 
    select
        this_.studentId as studentId4_1_,
        this_.name_first as name2_4_1_,
        this_.name_middle as name3_4_1_,
        this_.name_last as name4_4_1_,
        this_.preferredCourseCode as preferre5_4_1_,
        course1_.courseCode as courseCode1_0_,
        course1_.description as descript2_1_0_ 
    from
        Student this_ 
    left outer join
        Course course1_ 
            on this_.preferredCourseCode=course1_.courseCode 
    order by
        this_.studentId asc
14:18:12,783 DEBUG SQL:104 - 
    select
        secretcode0_.studentNumber as studentN1_4_0_,
        secretcode0_.secretCode as secretCode5_0_,
        secretcode0_.i as i0_ 
    from
        Student_secretCodes secretcode0_ 
    where
        secretcode0_.studentNumber=?
14:18:12,784 DEBUG SQL:104 - 
    select
        secretcode0_.studentNumber as studentN1_4_0_,
        secretcode0_.secretCode as secretCode5_0_,
        secretcode0_.i as i0_ 
    from
        Student_secretCodes secretcode0_ 
    where
        secretcode0_.studentNumber=?
14:18:12,784 DEBUG SQL:104 - 
    select
        coursemeet0_.courseCode as courseCode1_1_,
        coursemeet0_.courseCode as courseCode2_1_,
        coursemeet0_.day as day2_1_,
        coursemeet0_.period as period2_1_,
        coursemeet0_.location as location2_1_,
        coursemeet0_.courseCode as courseCode2_0_,
        coursemeet0_.day as day2_0_,
        coursemeet0_.period as period2_0_,
        coursemeet0_.location as location2_0_ 
    from
        CourseMeeting coursemeet0_ 
    where
        coursemeet0_.courseCode=?
14:18:12,784 DEBUG BaseGeneralDataRegion:59 - Caching[foo.org.hibernate.cache.internal.StandardQueryCache] : [sql: select this_.studentId as studentId4_1_, this_.name_first as name2_4_1_, this_.name_middle as name3_4_1_, this_.name_last as name4_4_1_, this_.preferredCourseCode as preferre5_4_1_, course1_.courseCode as courseCode1_0_, course1_.description as descript2_1_0_ from Student this_ left outer join Course course1_ on this_.preferredCourseCode=course1_.courseCode order by this_.studentId asc; parameters: ; transformer: org.hibernate.transform.CacheableResultTransformer@13a525] -> [[5579090709643264, 111, 999]]
14:18:12,785 DEBUG SQL:104 - 
    select
        this_.studentId as studentId4_1_,
        this_.name_first as name2_4_1_,
        this_.name_middle as name3_4_1_,
        this_.name_last as name4_4_1_,
        this_.preferredCourseCode as preferre5_4_1_,
        course1_.courseCode as courseCode1_0_,
        course1_.description as descript2_1_0_ 
    from
        Student this_ 
    left outer join
        Course course1_ 
            on this_.preferredCourseCode=course1_.courseCode 
    order by
        this_.studentId asc
14:18:12,811 DEBUG SQL:104 - 
    select
        secretcode0_.studentNumber as studentN1_4_0_,
        secretcode0_.secretCode as secretCode5_0_,
        secretcode0_.i as i0_ 
    from
        Student_secretCodes secretcode0_ 
    where
        secretcode0_.studentNumber=?
14:18:12,811 DEBUG SQL:104 - 
    select
        secretcode0_.studentNumber as studentN1_4_0_,
        secretcode0_.secretCode as secretCode5_0_,
        secretcode0_.i as i0_ 
    from
        Student_secretCodes secretcode0_ 
    where
        secretcode0_.studentNumber=?
14:18:12,823 DEBUG SQL:104 - 
    select
        coursemeet0_.courseCode as courseCode1_1_,
        coursemeet0_.courseCode as courseCode2_1_,
        coursemeet0_.day as day2_1_,
        coursemeet0_.period as period2_1_,
        coursemeet0_.location as location2_1_,
        coursemeet0_.courseCode as courseCode2_0_,
        coursemeet0_.day as day2_0_,
        coursemeet0_.period as period2_0_,
        coursemeet0_.location as location2_0_ 
    from
        CourseMeeting coursemeet0_ 
    where
        coursemeet0_.courseCode=?
14:18:12,824 DEBUG BaseGeneralDataRegion:59 - Caching[foo.org.hibernate.cache.internal.StandardQueryCache] : [sql: select this_.studentId as studentId4_1_, this_.name_first as name2_4_1_, this_.name_middle as name3_4_1_, this_.name_last as name4_4_1_, this_.preferredCourseCode as preferre5_4_1_, course1_.courseCode as courseCode1_0_, course1_.description as descript2_1_0_ from Student this_ left outer join Course course1_ on this_.preferredCourseCode=course1_.courseCode order by this_.studentId asc; parameters: ; transformer: org.hibernate.transform.CacheableResultTransformer@13a525] -> [[5579090709807104, 111, 999]]
14:18:12,824 DEBUG SQL:104 - 
    select
        student_.studentId,
        student_.name_first as name2_4_,
        student_.name_middle as name3_4_,
        student_.name_last as name4_4_,
        student_.preferredCourseCode as preferre5_4_ 
    from
        Student student_ 
    where
        student_.studentId=?
14:18:12,825 DEBUG SQL:104 - 
    select
        enrolment_.studentId,
        enrolment_.courseCode,
        enrolment_.semester as semester3_,
        enrolment_."year" as year4_3_ 
    from
        Enrolment enrolment_ 
    where
        enrolment_.studentId=? 
        and enrolment_.courseCode=?
14:18:12,834 DEBUG SQL:104 - 
    select
        course_.courseCode,
        course_.description as descript2_1_ 
    from
        Course course_ 
    where
        course_.courseCode=?
14:18:12,835 DEBUG SQL:104 - 
    select
        student_.studentId,
        student_.name_first as name2_4_,
        student_.name_middle as name3_4_,
        student_.name_last as name4_4_,
        student_.preferredCourseCode as preferre5_4_ 
    from
        Student student_ 
    where
        student_.studentId=?
14:18:12,835 DEBUG SQL:104 - 
    select
        enrolment_.studentId,
        enrolment_.courseCode,
        enrolment_.semester as semester3_,
        enrolment_."year" as year4_3_ 
    from
        Enrolment enrolment_ 
    where
        enrolment_.studentId=? 
        and enrolment_.courseCode=?
14:18:12,846 DEBUG SQL:104 - 
    select
        coursemeet_.courseCode,
        coursemeet_.day,
        coursemeet_.period,
        coursemeet_.location 
    from
        CourseMeeting coursemeet_ 
    where
        coursemeet_.courseCode=? 
        and coursemeet_.day=? 
        and coursemeet_.period=? 
        and coursemeet_.location=?
14:18:12,847 DEBUG SQL:104 - 
    select
        coursemeet_.courseCode,
        coursemeet_.day,
        coursemeet_.period,
        coursemeet_.location 
    from
        CourseMeeting coursemeet_ 
    where
        coursemeet_.courseCode=? 
        and coursemeet_.day=? 
        and coursemeet_.period=? 
        and coursemeet_.location=?
14:18:12,847 DEBUG BaseGeneralDataRegion:59 - Caching[foo.org.hibernate.cache.spi.UpdateTimestampsCache] : [Enrolment] -> [5579090955661312]
14:18:12,848 DEBUG SQL:104 - 
    update
        Address 
    set
        studentNumber=null,
        addressType=null 
    where
        studentNumber=?
14:18:12,848 DEBUG BaseGeneralDataRegion:59 - Caching[foo.org.hibernate.cache.spi.UpdateTimestampsCache] : [Address] -> [5579090955665408]
14:18:12,848 DEBUG SQL:104 - 
    delete 
    from
        Student_secretCodes 
    where
        studentNumber=?
14:18:12,848 DEBUG BaseGeneralDataRegion:59 - Caching[foo.org.hibernate.cache.spi.UpdateTimestampsCache] : [Student_secretCodes] -> [5579090955665409]
14:18:12,848 DEBUG BaseGeneralDataRegion:59 - Caching[foo.org.hibernate.cache.spi.UpdateTimestampsCache] : [Enrolment] -> [5579090955665410]
14:18:12,848 DEBUG BaseGeneralDataRegion:59 - Caching[foo.org.hibernate.cache.spi.UpdateTimestampsCache] : [Address] -> [5579090955665411]
14:18:12,848 DEBUG SQL:104 - 
    delete 
    from
        Student_secretCodes 
    where
        studentNumber=?
14:18:12,848 DEBUG BaseGeneralDataRegion:59 - Caching[foo.org.hibernate.cache.spi.UpdateTimestampsCache] : [Student_secretCodes] -> [5579090955665412]
14:18:12,849 DEBUG BaseGeneralDataRegion:59 - Caching[foo.org.hibernate.cache.spi.UpdateTimestampsCache] : [CourseMeeting] -> [5579090955669504]
14:18:12,849 DEBUG SQL:104 - 
    delete 
    from
        Enrolment 
    where
        studentId=? 
        and courseCode=?
14:18:12,849 DEBUG BaseGeneralDataRegion:59 - Caching[foo.org.hibernate.cache.spi.UpdateTimestampsCache] : [Enrolment] -> [5579090955669505]
14:18:12,849 DEBUG SQL:104 - 
    delete 
    from
        Address 
    where
        id=?
14:18:12,867 DEBUG BaseGeneralDataRegion:59 - Caching[foo.org.hibernate.cache.spi.UpdateTimestampsCache] : [Address] -> [5579090955743232]
14:18:12,867 DEBUG SQL:104 - 
    delete 
    from
        Address 
    where
        id=?
14:18:12,868 DEBUG BaseGeneralDataRegion:59 - Caching[foo.org.hibernate.cache.spi.UpdateTimestampsCache] : [Address] -> [5579090955747328]
14:18:12,868 DEBUG SQL:104 - 
    delete 
    from
        Student 
    where
        studentId=?
14:18:12,868 DEBUG BaseGeneralDataRegion:59 - Caching[foo.org.hibernate.cache.spi.UpdateTimestampsCache] : [Student] -> [5579090955747329]
14:18:12,868 DEBUG SQL:104 - 
    delete 
    from
        Enrolment 
    where
        studentId=? 
        and courseCode=?
14:18:12,868 DEBUG BaseGeneralDataRegion:59 - Caching[foo.org.hibernate.cache.spi.UpdateTimestampsCache] : [Enrolment] -> [5579090955747330]
14:18:12,868 DEBUG SQL:104 - 
    delete 
    from
        Student 
    where
        studentId=?
14:18:12,877 DEBUG BaseGeneralDataRegion:59 - Caching[foo.org.hibernate.cache.spi.UpdateTimestampsCache] : [Student] -> [5579090955784192]
14:18:12,877 DEBUG SQL:104 - 
    delete 
    from
        CourseMeeting 
    where
        courseCode=? 
        and day=? 
        and period=? 
        and location=?
14:18:12,877 DEBUG BaseGeneralDataRegion:59 - Caching[foo.org.hibernate.cache.spi.UpdateTimestampsCache] : [CourseMeeting] -> [5579090955784193]
14:18:12,878 DEBUG SQL:104 - 
    delete 
    from
        CourseMeeting 
    where
        courseCode=? 
        and day=? 
        and period=? 
        and location=?
14:18:12,878 DEBUG BaseGeneralDataRegion:59 - Caching[foo.org.hibernate.cache.spi.UpdateTimestampsCache] : [CourseMeeting] -> [5579090955788288]
14:18:12,878 DEBUG SQL:104 - 
    delete 
    from
        Course 
    where
        courseCode=?
14:18:12,878 DEBUG BaseGeneralDataRegion:59 - Caching[foo.org.hibernate.cache.spi.UpdateTimestampsCache] : [Course] -> [5579090955788289]
14:18:12,878 DEBUG BaseGeneralDataRegion:59 - Caching[foo.org.hibernate.cache.spi.UpdateTimestampsCache] : [Student] -> [5579090710028290]
14:18:12,878 DEBUG BaseGeneralDataRegion:59 - Caching[foo.org.hibernate.cache.spi.UpdateTimestampsCache] : [Course] -> [5579090710028290]
14:18:12,888 DEBUG BaseGeneralDataRegion:59 - Caching[foo.org.hibernate.cache.spi.UpdateTimestampsCache] : [Enrolment] -> [5579090710028290]
14:18:12,889 DEBUG BaseGeneralDataRegion:59 - Caching[foo.org.hibernate.cache.spi.UpdateTimestampsCache] : [Student_secretCodes] -> [5579090710028290]
14:18:12,889 DEBUG BaseGeneralDataRegion:59 - Caching[foo.org.hibernate.cache.spi.UpdateTimestampsCache] : [Address] -> [5579090710028290]
14:18:12,889 DEBUG BaseGeneralDataRegion:59 - Caching[foo.org.hibernate.cache.spi.UpdateTimestampsCache] : [CourseMeeting] -> [5579090710028290]
14:18:12,889 DEBUG SQL:104 - 
    select
        coursemeet_.courseCode,
        coursemeet_.day,
        coursemeet_.period,
        coursemeet_.location 
    from
        CourseMeeting coursemeet_ 
    where
        coursemeet_.courseCode=? 
        and coursemeet_.day=? 
        and coursemeet_.period=? 
        and coursemeet_.location=?
14:18:12,890 DEBUG SQL:104 - 
    select
        coursemeet_.courseCode,
        coursemeet_.day,
        coursemeet_.period,
        coursemeet_.location 
    from
        CourseMeeting coursemeet_ 
    where
        coursemeet_.courseCode=? 
        and coursemeet_.day=? 
        and coursemeet_.period=? 
        and coursemeet_.location=?
14:18:12,891 DEBUG SQL:104 - 
    insert 
    into
        Course
        (description, courseCode) 
    values
        (?, ?)
14:18:12,891 DEBUG BaseGeneralDataRegion:59 - Caching[foo.org.hibernate.cache.spi.UpdateTimestampsCache] : [Course] -> [5579090955841536]
14:18:12,891 DEBUG SQL:104 - 
    insert 
    into
        CourseMeeting
        (courseCode, day, period, location) 
    values
        (?, ?, ?, ?)
14:18:12,891 DEBUG BaseGeneralDataRegion:59 - Caching[foo.org.hibernate.cache.spi.UpdateTimestampsCache] : [CourseMeeting] -> [5579090955841537]
14:18:12,891 DEBUG SQL:104 - 
    insert 
    into
        CourseMeeting
        (courseCode, day, period, location) 
    values
        (?, ?, ?, ?)
14:18:12,892 DEBUG BaseGeneralDataRegion:59 - Caching[foo.org.hibernate.cache.spi.UpdateTimestampsCache] : [CourseMeeting] -> [5579090955845632]
14:18:12,892 DEBUG SQL:104 - 
    insert 
    into
        Student
        (name_first, name_middle, name_last, preferredCourseCode, studentId) 
    values
        (?, ?, ?, ?, ?)
14:18:12,902 DEBUG BaseGeneralDataRegion:59 - Caching[foo.org.hibernate.cache.spi.UpdateTimestampsCache] : [Student] -> [5579090955886592]
14:18:12,902 DEBUG SQL:104 - 
    insert 
    into
        Address
        (addressType, street, city, stateProvince, postalCode, country, studentNumber, id) 
    values
        (?, ?, ?, ?, ?, ?, ?, ?)
14:18:12,902 DEBUG BaseGeneralDataRegion:59 - Caching[foo.org.hibernate.cache.spi.UpdateTimestampsCache] : [Address] -> [5579090955886593]
14:18:12,902 DEBUG SQL:104 - 
    insert 
    into
        Address
        (addressType, street, city, stateProvince, postalCode, country, studentNumber, id) 
    values
        (?, ?, ?, ?, ?, ?, ?, ?)
14:18:12,902 DEBUG BaseGeneralDataRegion:59 - Caching[foo.org.hibernate.cache.spi.UpdateTimestampsCache] : [Address] -> [5579090955886594]
14:18:12,903 DEBUG SQL:104 - 
    insert 
    into
        Student
        (name_first, name_middle, name_last, preferredCourseCode, studentId) 
    values
        (?, ?, ?, ?, ?)
14:18:12,903 DEBUG BaseGeneralDataRegion:59 - Caching[foo.org.hibernate.cache.spi.UpdateTimestampsCache] : [Student] -> [5579090955890688]
14:18:12,903 DEBUG SQL:104 - 
    insert 
    into
        Enrolment
        (semester, "year", studentId, courseCode) 
    values
        (?, ?, ?, ?)
14:18:12,912 DEBUG BaseGeneralDataRegion:59 - Caching[foo.org.hibernate.cache.spi.UpdateTimestampsCache] : [Enrolment] -> [5579090955927552]
14:18:12,913 DEBUG SQL:104 - 
    insert 
    into
        Enrolment
        (semester, "year", studentId, courseCode) 
    values
        (?, ?, ?, ?)
14:18:12,913 DEBUG BaseGeneralDataRegion:59 - Caching[foo.org.hibernate.cache.spi.UpdateTimestampsCache] : [Enrolment] -> [5579090955931648]
14:18:12,913 DEBUG BaseGeneralDataRegion:59 - Caching[foo.org.hibernate.cache.spi.UpdateTimestampsCache] : [CourseMeeting] -> [5579090955931649]
14:18:12,913 DEBUG BaseGeneralDataRegion:59 - Caching[foo.org.hibernate.cache.spi.UpdateTimestampsCache] : [Enrolment] -> [5579090955931650]
14:18:12,913 DEBUG SQL:104 - 
    update
        Address 
    set
        studentNumber=?,
        addressType=? 
    where
        id=?
14:18:12,914 DEBUG SQL:104 - 
    update
        Address 
    set
        studentNumber=?,
        addressType=? 
    where
        id=?
14:18:12,914 DEBUG BaseGeneralDataRegion:59 - Caching[foo.org.hibernate.cache.spi.UpdateTimestampsCache] : [Address] -> [5579090955935744]
14:18:12,914 DEBUG SQL:104 - 
    insert 
    into
        Student_secretCodes
        (studentNumber, i, secretCode) 
    values
        (?, ?, ?)
14:18:12,914 DEBUG BaseGeneralDataRegion:59 - Caching[foo.org.hibernate.cache.spi.UpdateTimestampsCache] : [Student_secretCodes] -> [5579090955935745]
14:18:12,914 DEBUG BaseGeneralDataRegion:59 - Caching[foo.org.hibernate.cache.spi.UpdateTimestampsCache] : [Enrolment] -> [5579090955935746]
14:18:12,914 DEBUG BaseGeneralDataRegion:59 - Caching[foo.org.hibernate.cache.spi.UpdateTimestampsCache] : [Address] -> [5579090955935747]
14:18:12,915 DEBUG SQL:104 - 
    insert 
    into
        Student_secretCodes
        (studentNumber, i, secretCode) 
    values
        (?, ?, ?)
14:18:12,936 DEBUG SQL:104 - 
    insert 
    into
        Student_secretCodes
        (studentNumber, i, secretCode) 
    values
        (?, ?, ?)
14:18:12,937 DEBUG BaseGeneralDataRegion:59 - Caching[foo.org.hibernate.cache.spi.UpdateTimestampsCache] : [Student_secretCodes] -> [5579090956029952]
14:18:12,937 DEBUG BaseGeneralDataRegion:59 - Caching[foo.org.hibernate.cache.spi.UpdateTimestampsCache] : [Student] -> [5579090710269953]
14:18:12,937 DEBUG BaseGeneralDataRegion:59 - Caching[foo.org.hibernate.cache.spi.UpdateTimestampsCache] : [Course] -> [5579090710269953]
14:18:12,937 DEBUG BaseGeneralDataRegion:59 - Caching[foo.org.hibernate.cache.spi.UpdateTimestampsCache] : [Enrolment] -> [5579090710269953]
14:18:12,937 DEBUG BaseGeneralDataRegion:59 - Caching[foo.org.hibernate.cache.spi.UpdateTimestampsCache] : [Student_secretCodes] -> [5579090710269953]
14:18:12,937 DEBUG BaseGeneralDataRegion:59 - Caching[foo.org.hibernate.cache.spi.UpdateTimestampsCache] : [Address] -> [5579090710269953]
14:18:12,937 DEBUG BaseGeneralDataRegion:59 - Caching[foo.org.hibernate.cache.spi.UpdateTimestampsCache] : [CourseMeeting] -> [5579090710269953]
14:18:12,938 DEBUG SQL:104 - 
    select
        this_.studentId as studentId4_1_,
        this_.name_first as name2_4_1_,
        this_.name_middle as name3_4_1_,
        this_.name_last as name4_4_1_,
        this_.preferredCourseCode as preferre5_4_1_,
        p1_.courseCode as courseCode1_0_,
        p1_.description as descript2_1_0_ 
    from
        Student this_ 
    left outer join
        Course p1_ 
            on this_.preferredCourseCode=p1_.courseCode 
    order by
        this_.studentId asc
14:18:12,947 DEBUG SQL:104 - 
    select
        secretcode0_.studentNumber as studentN1_4_0_,
        secretcode0_.secretCode as secretCode5_0_,
        secretcode0_.i as i0_ 
    from
        Student_secretCodes secretcode0_ 
    where
        secretcode0_.studentNumber=?
14:18:12,947 DEBUG SQL:104 - 
    select
        secretcode0_.studentNumber as studentN1_4_0_,
        secretcode0_.secretCode as secretCode5_0_,
        secretcode0_.i as i0_ 
    from
        Student_secretCodes secretcode0_ 
    where
        secretcode0_.studentNumber=?
14:18:12,948 DEBUG SQL:104 - 
    select
        coursemeet0_.courseCode as courseCode1_1_,
        coursemeet0_.courseCode as courseCode2_1_,
        coursemeet0_.day as day2_1_,
        coursemeet0_.period as period2_1_,
        coursemeet0_.location as location2_1_,
        coursemeet0_.courseCode as courseCode2_0_,
        coursemeet0_.day as day2_0_,
        coursemeet0_.period as period2_0_,
        coursemeet0_.location as location2_0_ 
    from
        CourseMeeting coursemeet0_ 
    where
        coursemeet0_.courseCode=?
14:18:12,958 DEBUG BaseGeneralDataRegion:59 - Caching[foo.org.hibernate.cache.internal.StandardQueryCache] : [sql: select this_.studentId as studentId4_1_, this_.name_first as name2_4_1_, this_.name_middle as name3_4_1_, this_.name_last as name4_4_1_, this_.preferredCourseCode as preferre5_4_1_, p1_.courseCode as courseCode1_0_, p1_.description as descript2_1_0_ from Student this_ left outer join Course p1_ on this_.preferredCourseCode=p1_.courseCode order by this_.studentId asc; parameters: ; transformer: org.hibernate.transform.CacheableResultTransformer@14031e] -> [[5579090710355968, 111, 999]]
14:18:12,959 DEBUG SQL:104 - 
    select
        this_.studentId as studentId4_1_,
        this_.name_first as name2_4_1_,
        this_.name_middle as name3_4_1_,
        this_.name_last as name4_4_1_,
        this_.preferredCourseCode as preferre5_4_1_,
        p1_.courseCode as courseCode1_0_,
        p1_.description as descript2_1_0_ 
    from
        Student this_ 
    left outer join
        Course p1_ 
            on this_.preferredCourseCode=p1_.courseCode 
    order by
        this_.studentId asc
14:18:12,959 DEBUG SQL:104 - 
    select
        secretcode0_.studentNumber as studentN1_4_0_,
        secretcode0_.secretCode as secretCode5_0_,
        secretcode0_.i as i0_ 
    from
        Student_secretCodes secretcode0_ 
    where
        secretcode0_.studentNumber=?
14:18:12,968 DEBUG SQL:104 - 
    select
        secretcode0_.studentNumber as studentN1_4_0_,
        secretcode0_.secretCode as secretCode5_0_,
        secretcode0_.i as i0_ 
    from
        Student_secretCodes secretcode0_ 
    where
        secretcode0_.studentNumber=?
14:18:12,969 DEBUG SQL:104 - 
    select
        coursemeet0_.courseCode as courseCode1_1_,
        coursemeet0_.courseCode as courseCode2_1_,
        coursemeet0_.day as day2_1_,
        coursemeet0_.period as period2_1_,
        coursemeet0_.location as location2_1_,
        coursemeet0_.courseCode as courseCode2_0_,
        coursemeet0_.day as day2_0_,
        coursemeet0_.period as period2_0_,
        coursemeet0_.location as location2_0_ 
    from
        CourseMeeting coursemeet0_ 
    where
        coursemeet0_.courseCode=?
14:18:12,970 DEBUG BaseGeneralDataRegion:59 - Caching[foo.org.hibernate.cache.internal.StandardQueryCache] : [sql: select this_.studentId as studentId4_1_, this_.name_first as name2_4_1_, this_.name_middle as name3_4_1_, this_.name_last as name4_4_1_, this_.preferredCourseCode as preferre5_4_1_, p1_.courseCode as courseCode1_0_, p1_.description as descript2_1_0_ from Student this_ left outer join Course p1_ on this_.preferredCourseCode=p1_.courseCode order by this_.studentId asc; parameters: ; transformer: org.hibernate.transform.CacheableResultTransformer@14031e] -> [[5579090710405120, 111, 999]]
14:18:12,970 DEBUG SQL:104 - 
    select
        student_.studentId,
        student_.name_first as name2_4_,
        student_.name_middle as name3_4_,
        student_.name_last as name4_4_,
        student_.preferredCourseCode as preferre5_4_ 
    from
        Student student_ 
    where
        student_.studentId=?
14:18:12,980 DEBUG SQL:104 - 
    select
        enrolment_.studentId,
        enrolment_.courseCode,
        enrolment_.semester as semester3_,
        enrolment_."year" as year4_3_ 
    from
        Enrolment enrolment_ 
    where
        enrolment_.studentId=? 
        and enrolment_.courseCode=?
14:18:12,980 DEBUG SQL:104 - 
    select
        course_.courseCode,
        course_.description as descript2_1_ 
    from
        Course course_ 
    where
        course_.courseCode=?
14:18:12,980 DEBUG SQL:104 - 
    select
        student_.studentId,
        student_.name_first as name2_4_,
        student_.name_middle as name3_4_,
        student_.name_last as name4_4_,
        student_.preferredCourseCode as preferre5_4_ 
    from
        Student student_ 
    where
        student_.studentId=?
14:18:12,991 DEBUG SQL:104 - 
    select
        enrolment_.studentId,
        enrolment_.courseCode,
        enrolment_.semester as semester3_,
        enrolment_."year" as year4_3_ 
    from
        Enrolment enrolment_ 
    where
        enrolment_.studentId=? 
        and enrolment_.courseCode=?
14:18:12,991 DEBUG SQL:104 - 
    select
        coursemeet_.courseCode,
        coursemeet_.day,
        coursemeet_.period,
        coursemeet_.location 
    from
        CourseMeeting coursemeet_ 
    where
        coursemeet_.courseCode=? 
        and coursemeet_.day=? 
        and coursemeet_.period=? 
        and coursemeet_.location=?
14:18:13,001 DEBUG SQL:104 - 
    select
        coursemeet_.courseCode,
        coursemeet_.day,
        coursemeet_.period,
        coursemeet_.location 
    from
        CourseMeeting coursemeet_ 
    where
        coursemeet_.courseCode=? 
        and coursemeet_.day=? 
        and coursemeet_.period=? 
        and coursemeet_.location=?
14:18:13,002 DEBUG BaseGeneralDataRegion:59 - Caching[foo.org.hibernate.cache.spi.UpdateTimestampsCache] : [Enrolment] -> [5579090956296192]
14:18:13,002 DEBUG SQL:104 - 
    update
        Address 
    set
        studentNumber=null,
        addressType=null 
    where
        studentNumber=?
14:18:13,002 DEBUG BaseGeneralDataRegion:59 - Caching[foo.org.hibernate.cache.spi.UpdateTimestampsCache] : [Address] -> [5579090956296193]
14:18:13,002 DEBUG SQL:104 - 
    delete 
    from
        Student_secretCodes 
    where
        studentNumber=?
14:18:13,011 DEBUG BaseGeneralDataRegion:59 - Caching[foo.org.hibernate.cache.spi.UpdateTimestampsCache] : [Student_secretCodes] -> [5579090956333056]
14:18:13,011 DEBUG BaseGeneralDataRegion:59 - Caching[foo.org.hibernate.cache.spi.UpdateTimestampsCache] : [Enrolment] -> [5579090956333057]
14:18:13,011 DEBUG BaseGeneralDataRegion:59 - Caching[foo.org.hibernate.cache.spi.UpdateTimestampsCache] : [Address] -> [5579090956333058]
14:18:13,011 DEBUG SQL:104 - 
    delete 
    from
        Student_secretCodes 
    where
        studentNumber=?
14:18:13,011 DEBUG BaseGeneralDataRegion:59 - Caching[foo.org.hibernate.cache.spi.UpdateTimestampsCache] : [Student_secretCodes] -> [5579090956333059]
14:18:13,012 DEBUG BaseGeneralDataRegion:59 - Caching[foo.org.hibernate.cache.spi.UpdateTimestampsCache] : [CourseMeeting] -> [5579090956337152]
14:18:13,012 DEBUG SQL:104 - 
    delete 
    from
        Enrolment 
    where
        studentId=? 
        and courseCode=?
14:18:13,012 DEBUG BaseGeneralDataRegion:59 - Caching[foo.org.hibernate.cache.spi.UpdateTimestampsCache] : [Enrolment] -> [5579090956337153]
14:18:13,012 DEBUG SQL:104 - 
    delete 
    from
        Address 
    where
        id=?
14:18:13,012 DEBUG BaseGeneralDataRegion:59 - Caching[foo.org.hibernate.cache.spi.UpdateTimestampsCache] : [Address] -> [5579090956337154]
14:18:13,012 DEBUG SQL:104 - 
    delete 
    from
        Address 
    where
        id=?
14:18:13,012 DEBUG BaseGeneralDataRegion:59 - Caching[foo.org.hibernate.cache.spi.UpdateTimestampsCache] : [Address] -> [5579090956337155]
14:18:13,013 DEBUG SQL:104 - 
    delete 
    from
        Student 
    where
        studentId=?
14:18:13,013 DEBUG BaseGeneralDataRegion:59 - Caching[foo.org.hibernate.cache.spi.UpdateTimestampsCache] : [Student] -> [5579090956341248]
14:18:13,013 DEBUG SQL:104 - 
    delete 
    from
        Enrolment 
    where
        studentId=? 
        and courseCode=?
14:18:13,013 DEBUG BaseGeneralDataRegion:59 - Caching[foo.org.hibernate.cache.spi.UpdateTimestampsCache] : [Enrolment] -> [5579090956341249]
14:18:13,013 DEBUG SQL:104 - 
    delete 
    from
        Student 
    where
        studentId=?
14:18:13,013 DEBUG BaseGeneralDataRegion:59 - Caching[foo.org.hibernate.cache.spi.UpdateTimestampsCache] : [Student] -> [5579090956341250]
14:18:13,013 DEBUG SQL:104 - 
    delete 
    from
        CourseMeeting 
    where
        courseCode=? 
        and day=? 
        and period=? 
        and location=?
14:18:13,025 DEBUG BaseGeneralDataRegion:59 - Caching[foo.org.hibernate.cache.spi.UpdateTimestampsCache] : [CourseMeeting] -> [5579090956390400]
14:18:13,025 DEBUG SQL:104 - 
    delete 
    from
        CourseMeeting 
    where
        courseCode=? 
        and day=? 
        and period=? 
        and location=?
14:18:13,025 DEBUG BaseGeneralDataRegion:59 - Caching[foo.org.hibernate.cache.spi.UpdateTimestampsCache] : [CourseMeeting] -> [5579090956390401]
14:18:13,025 DEBUG SQL:104 - 
    delete 
    from
        Course 
    where
        courseCode=?
14:18:13,025 DEBUG BaseGeneralDataRegion:59 - Caching[foo.org.hibernate.cache.spi.UpdateTimestampsCache] : [Course] -> [5579090956390402]
14:18:13,026 DEBUG BaseGeneralDataRegion:59 - Caching[foo.org.hibernate.cache.spi.UpdateTimestampsCache] : [Student] -> [5579090710634496]
14:18:13,026 DEBUG BaseGeneralDataRegion:59 - Caching[foo.org.hibernate.cache.spi.UpdateTimestampsCache] : [Course] -> [5579090710634496]
14:18:13,026 DEBUG BaseGeneralDataRegion:59 - Caching[foo.org.hibernate.cache.spi.UpdateTimestampsCache] : [Enrolment] -> [5579090710634496]
14:18:13,026 DEBUG BaseGeneralDataRegion:59 - Caching[foo.org.hibernate.cache.spi.UpdateTimestampsCache] : [Student_secretCodes] -> [5579090710634496]
14:18:13,026 DEBUG BaseGeneralDataRegion:59 - Caching[foo.org.hibernate.cache.spi.UpdateTimestampsCache] : [Address] -> [5579090710634496]
14:18:13,037 DEBUG BaseGeneralDataRegion:59 - Caching[foo.org.hibernate.cache.spi.UpdateTimestampsCache] : [CourseMeeting] -> [5579090710634496]
14:18:13,038 DEBUG SQL:104 - 
    select
        coursemeet_.courseCode,
        coursemeet_.day,
        coursemeet_.period,
        coursemeet_.location 
    from
        CourseMeeting coursemeet_ 
    where
        coursemeet_.courseCode=? 
        and coursemeet_.day=? 
        and coursemeet_.period=? 
        and coursemeet_.location=?
14:18:13,038 DEBUG SQL:104 - 
    select
        coursemeet_.courseCode,
        coursemeet_.day,
        coursemeet_.period,
        coursemeet_.location 
    from
        CourseMeeting coursemeet_ 
    where
        coursemeet_.courseCode=? 
        and coursemeet_.day=? 
        and coursemeet_.period=? 
        and coursemeet_.location=?
14:18:13,039 DEBUG SQL:104 - 
    insert 
    into
        Course
        (description, courseCode) 
    values
        (?, ?)
14:18:13,039 DEBUG BaseGeneralDataRegion:59 - Caching[foo.org.hibernate.cache.spi.UpdateTimestampsCache] : [Course] -> [5579090956447744]
14:18:13,039 DEBUG SQL:104 - 
    insert 
    into
        CourseMeeting
        (courseCode, day, period, location) 
    values
        (?, ?, ?, ?)
14:18:13,039 DEBUG BaseGeneralDataRegion:59 - Caching[foo.org.hibernate.cache.spi.UpdateTimestampsCache] : [CourseMeeting] -> [5579090956447745]
14:18:13,040 DEBUG SQL:104 - 
    insert 
    into
        CourseMeeting
        (courseCode, day, period, location) 
    values
        (?, ?, ?, ?)
14:18:13,059 DEBUG BaseGeneralDataRegion:59 - Caching[foo.org.hibernate.cache.spi.UpdateTimestampsCache] : [CourseMeeting] -> [5579090956529664]
14:18:13,059 DEBUG SQL:104 - 
    insert 
    into
        Student
        (name_first, name_middle, name_last, preferredCourseCode, studentId) 
    values
        (?, ?, ?, ?, ?)
14:18:13,060 DEBUG BaseGeneralDataRegion:59 - Caching[foo.org.hibernate.cache.spi.UpdateTimestampsCache] : [Student] -> [5579090956533760]
14:18:13,060 DEBUG SQL:104 - 
    insert 
    into
        Address
        (addressType, street, city, stateProvince, postalCode, country, studentNumber, id) 
    values
        (?, ?, ?, ?, ?, ?, ?, ?)
14:18:13,060 DEBUG BaseGeneralDataRegion:59 - Caching[foo.org.hibernate.cache.spi.UpdateTimestampsCache] : [Address] -> [5579090956533761]
14:18:13,060 DEBUG SQL:104 - 
    insert 
    into
        Address
        (addressType, street, city, stateProvince, postalCode, country, studentNumber, id) 
    values
        (?, ?, ?, ?, ?, ?, ?, ?)
14:18:13,060 DEBUG BaseGeneralDataRegion:59 - Caching[foo.org.hibernate.cache.spi.UpdateTimestampsCache] : [Address] -> [5579090956533762]
14:18:13,069 DEBUG SQL:104 - 
    insert 
    into
        Student
        (name_first, name_middle, name_last, preferredCourseCode, studentId) 
    values
        (?, ?, ?, ?, ?)
14:18:13,069 DEBUG BaseGeneralDataRegion:59 - Caching[foo.org.hibernate.cache.spi.UpdateTimestampsCache] : [Student] -> [5579090956570624]
14:18:13,069 DEBUG SQL:104 - 
    insert 
    into
        Enrolment
        (semester, "year", studentId, courseCode) 
    values
        (?, ?, ?, ?)
14:18:13,070 DEBUG BaseGeneralDataRegion:59 - Caching[foo.org.hibernate.cache.spi.UpdateTimestampsCache] : [Enrolment] -> [5579090956574720]
14:18:13,070 DEBUG SQL:104 - 
    insert 
    into
        Enrolment
        (semester, "year", studentId, courseCode) 
    values
        (?, ?, ?, ?)
14:18:13,070 DEBUG BaseGeneralDataRegion:59 - Caching[foo.org.hibernate.cache.spi.UpdateTimestampsCache] : [Enrolment] -> [5579090956574721]
14:18:13,070 DEBUG BaseGeneralDataRegion:59 - Caching[foo.org.hibernate.cache.spi.UpdateTimestampsCache] : [CourseMeeting] -> [5579090956574722]
14:18:13,070 DEBUG BaseGeneralDataRegion:59 - Caching[foo.org.hibernate.cache.spi.UpdateTimestampsCache] : [Enrolment] -> [5579090956574723]
14:18:13,070 DEBUG SQL:104 - 
    update
        Address 
    set
        studentNumber=?,
        addressType=? 
    where
        id=?
14:18:13,080 DEBUG SQL:104 - 
    update
        Address 
    set
        studentNumber=?,
        addressType=? 
    where
        id=?
14:18:13,080 DEBUG BaseGeneralDataRegion:59 - Caching[foo.org.hibernate.cache.spi.UpdateTimestampsCache] : [Address] -> [5579090956615680]
14:18:13,080 DEBUG SQL:104 - 
    insert 
    into
        Student_secretCodes
        (studentNumber, i, secretCode) 
    values
        (?, ?, ?)
14:18:13,080 DEBUG BaseGeneralDataRegion:59 - Caching[foo.org.hibernate.cache.spi.UpdateTimestampsCache] : [Student_secretCodes] -> [5579090956615681]
14:18:13,080 DEBUG BaseGeneralDataRegion:59 - Caching[foo.org.hibernate.cache.spi.UpdateTimestampsCache] : [Enrolment] -> [5579090956615682]
14:18:13,080 DEBUG BaseGeneralDataRegion:59 - Caching[foo.org.hibernate.cache.spi.UpdateTimestampsCache] : [Address] -> [5579090956615683]
14:18:13,080 DEBUG SQL:104 - 
    insert 
    into
        Student_secretCodes
        (studentNumber, i, secretCode) 
    values
        (?, ?, ?)
14:18:13,089 DEBUG SQL:104 - 
    insert 
    into
        Student_secretCodes
        (studentNumber, i, secretCode) 
    values
        (?, ?, ?)
14:18:13,090 DEBUG BaseGeneralDataRegion:59 - Caching[foo.org.hibernate.cache.spi.UpdateTimestampsCache] : [Student_secretCodes] -> [5579090956656640]
14:18:13,090 DEBUG BaseGeneralDataRegion:59 - Caching[foo.org.hibernate.cache.spi.UpdateTimestampsCache] : [Student] -> [5579090710896641]
14:18:13,090 DEBUG BaseGeneralDataRegion:59 - Caching[foo.org.hibernate.cache.spi.UpdateTimestampsCache] : [Course] -> [5579090710896641]
14:18:13,090 DEBUG BaseGeneralDataRegion:59 - Caching[foo.org.hibernate.cache.spi.UpdateTimestampsCache] : [Enrolment] -> [5579090710896641]
14:18:13,090 DEBUG BaseGeneralDataRegion:59 - Caching[foo.org.hibernate.cache.spi.UpdateTimestampsCache] : [Student_secretCodes] -> [5579090710896641]
14:18:13,090 DEBUG BaseGeneralDataRegion:59 - Caching[foo.org.hibernate.cache.spi.UpdateTimestampsCache] : [Address] -> [5579090710896641]
14:18:13,090 DEBUG BaseGeneralDataRegion:59 - Caching[foo.org.hibernate.cache.spi.UpdateTimestampsCache] : [CourseMeeting] -> [5579090710896641]
14:18:13,091 DEBUG SQL:104 - 
    select
        this_.studentId as studentId4_1_,
        this_.name_first as name2_4_1_,
        this_.name_middle as name3_4_1_,
        this_.name_last as name4_4_1_,
        this_.preferredCourseCode as preferre5_4_1_,
        p1_.courseCode as courseCode1_0_,
        p1_.description as descript2_1_0_ 
    from
        Student this_ 
    left outer join
        Course p1_ 
            on this_.preferredCourseCode=p1_.courseCode 
    order by
        this_.studentId asc
14:18:13,100 DEBUG SQL:104 - 
    select
        secretcode0_.studentNumber as studentN1_4_0_,
        secretcode0_.secretCode as secretCode5_0_,
        secretcode0_.i as i0_ 
    from
        Student_secretCodes secretcode0_ 
    where
        secretcode0_.studentNumber=?
14:18:13,100 DEBUG SQL:104 - 
    select
        secretcode0_.studentNumber as studentN1_4_0_,
        secretcode0_.secretCode as secretCode5_0_,
        secretcode0_.i as i0_ 
    from
        Student_secretCodes secretcode0_ 
    where
        secretcode0_.studentNumber=?
14:18:13,101 DEBUG SQL:104 - 
    select
        coursemeet0_.courseCode as courseCode1_1_,
        coursemeet0_.courseCode as courseCode2_1_,
        coursemeet0_.day as day2_1_,
        coursemeet0_.period as period2_1_,
        coursemeet0_.location as location2_1_,
        coursemeet0_.courseCode as courseCode2_0_,
        coursemeet0_.day as day2_0_,
        coursemeet0_.period as period2_0_,
        coursemeet0_.location as location2_0_ 
    from
        CourseMeeting coursemeet0_ 
    where
        coursemeet0_.courseCode=?
14:18:13,109 DEBUG BaseGeneralDataRegion:59 - Caching[foo.org.hibernate.cache.internal.StandardQueryCache] : [sql: select this_.studentId as studentId4_1_, this_.name_first as name2_4_1_, this_.name_middle as name3_4_1_, this_.name_last as name4_4_1_, this_.preferredCourseCode as preferre5_4_1_, p1_.courseCode as courseCode1_0_, p1_.description as descript2_1_0_ from Student this_ left outer join Course p1_ on this_.preferredCourseCode=p1_.courseCode order by this_.studentId asc; parameters: ; transformer: org.hibernate.transform.CacheableResultTransformer@14031e] -> [[5579090710974464, 111, 999]]
14:18:13,110 DEBUG SQL:104 - 
    select
        this_.studentId as studentId4_1_,
        this_.name_first as name2_4_1_,
        this_.name_middle as name3_4_1_,
        this_.name_last as name4_4_1_,
        this_.preferredCourseCode as preferre5_4_1_,
        p1_.courseCode as courseCode1_0_,
        p1_.description as descript2_1_0_ 
    from
        Student this_ 
    left outer join
        Course p1_ 
            on this_.preferredCourseCode=p1_.courseCode 
    order by
        this_.studentId asc
14:18:13,111 DEBUG SQL:104 - 
    select
        secretcode0_.studentNumber as studentN1_4_0_,
        secretcode0_.secretCode as secretCode5_0_,
        secretcode0_.i as i0_ 
    from
        Student_secretCodes secretcode0_ 
    where
        secretcode0_.studentNumber=?
14:18:13,120 DEBUG SQL:104 - 
    select
        secretcode0_.studentNumber as studentN1_4_0_,
        secretcode0_.secretCode as secretCode5_0_,
        secretcode0_.i as i0_ 
    from
        Student_secretCodes secretcode0_ 
    where
        secretcode0_.studentNumber=?
14:18:13,121 DEBUG SQL:104 - 
    select
        coursemeet0_.courseCode as courseCode1_1_,
        coursemeet0_.courseCode as courseCode2_1_,
        coursemeet0_.day as day2_1_,
        coursemeet0_.period as period2_1_,
        coursemeet0_.location as location2_1_,
        coursemeet0_.courseCode as courseCode2_0_,
        coursemeet0_.day as day2_0_,
        coursemeet0_.period as period2_0_,
        coursemeet0_.location as location2_0_ 
    from
        CourseMeeting coursemeet0_ 
    where
        coursemeet0_.courseCode=?
14:18:13,121 DEBUG BaseGeneralDataRegion:59 - Caching[foo.org.hibernate.cache.internal.StandardQueryCache] : [sql: select this_.studentId as studentId4_1_, this_.name_first as name2_4_1_, this_.name_middle as name3_4_1_, this_.name_last as name4_4_1_, this_.preferredCourseCode as preferre5_4_1_, p1_.courseCode as courseCode1_0_, p1_.description as descript2_1_0_ from Student this_ left outer join Course p1_ on this_.preferredCourseCode=p1_.courseCode order by this_.studentId asc; parameters: ; transformer: org.hibernate.transform.CacheableResultTransformer@14031e] -> [[5579090711023616, 111, 999]]
14:18:13,122 DEBUG SQL:104 - 
    select
        student_.studentId,
        student_.name_first as name2_4_,
        student_.name_middle as name3_4_,
        student_.name_last as name4_4_,
        student_.preferredCourseCode as preferre5_4_ 
    from
        Student student_ 
    where
        student_.studentId=?
14:18:13,132 DEBUG SQL:104 - 
    select
        enrolment_.studentId,
        enrolment_.courseCode,
        enrolment_.semester as semester3_,
        enrolment_."year" as year4_3_ 
    from
        Enrolment enrolment_ 
    where
        enrolment_.studentId=? 
        and enrolment_.courseCode=?
14:18:13,132 DEBUG SQL:104 - 
    select
        course_.courseCode,
        course_.description as descript2_1_ 
    from
        Course course_ 
    where
        course_.courseCode=?
14:18:13,132 DEBUG SQL:104 - 
    select
        student_.studentId,
        student_.name_first as name2_4_,
        student_.name_middle as name3_4_,
        student_.name_last as name4_4_,
        student_.preferredCourseCode as preferre5_4_ 
    from
        Student student_ 
    where
        student_.studentId=?
14:18:13,141 DEBUG SQL:104 - 
    select
        enrolment_.studentId,
        enrolment_.courseCode,
        enrolment_.semester as semester3_,
        enrolment_."year" as year4_3_ 
    from
        Enrolment enrolment_ 
    where
        enrolment_.studentId=? 
        and enrolment_.courseCode=?
14:18:13,141 DEBUG SQL:104 - 
    select
        coursemeet_.courseCode,
        coursemeet_.day,
        coursemeet_.period,
        coursemeet_.location 
    from
        CourseMeeting coursemeet_ 
    where
        coursemeet_.courseCode=? 
        and coursemeet_.day=? 
        and coursemeet_.period=? 
        and coursemeet_.location=?
14:18:13,142 DEBUG SQL:104 - 
    select
        coursemeet_.courseCode,
        coursemeet_.day,
        coursemeet_.period,
        coursemeet_.location 
    from
        CourseMeeting coursemeet_ 
    where
        coursemeet_.courseCode=? 
        and coursemeet_.day=? 
        and coursemeet_.period=? 
        and coursemeet_.location=?
14:18:13,142 DEBUG BaseGeneralDataRegion:59 - Caching[foo.org.hibernate.cache.spi.UpdateTimestampsCache] : [Enrolment] -> [5579090956869632]
14:18:13,142 DEBUG SQL:104 - 
    update
        Address 
    set
        studentNumber=null,
        addressType=null 
    where
        studentNumber=?
14:18:13,143 DEBUG BaseGeneralDataRegion:59 - Caching[foo.org.hibernate.cache.spi.UpdateTimestampsCache] : [Address] -> [5579090956873728]
14:18:13,143 DEBUG SQL:104 - 
    delete 
    from
        Student_secretCodes 
    where
        studentNumber=?
14:18:13,143 DEBUG BaseGeneralDataRegion:59 - Caching[foo.org.hibernate.cache.spi.UpdateTimestampsCache] : [Student_secretCodes] -> [5579090956873729]
14:18:13,143 DEBUG BaseGeneralDataRegion:59 - Caching[foo.org.hibernate.cache.spi.UpdateTimestampsCache] : [Enrolment] -> [5579090956873730]
14:18:13,155 DEBUG BaseGeneralDataRegion:59 - Caching[foo.org.hibernate.cache.spi.UpdateTimestampsCache] : [Address] -> [5579090956922880]
14:18:13,155 DEBUG SQL:104 - 
    delete 
    from
        Student_secretCodes 
    where
        studentNumber=?
14:18:13,155 DEBUG BaseGeneralDataRegion:59 - Caching[foo.org.hibernate.cache.spi.UpdateTimestampsCache] : [Student_secretCodes] -> [5579090956922881]
14:18:13,156 DEBUG BaseGeneralDataRegion:59 - Caching[foo.org.hibernate.cache.spi.UpdateTimestampsCache] : [CourseMeeting] -> [5579090956926976]
14:18:13,156 DEBUG SQL:104 - 
    delete 
    from
        Enrolment 
    where
        studentId=? 
        and courseCode=?
14:18:13,156 DEBUG BaseGeneralDataRegion:59 - Caching[foo.org.hibernate.cache.spi.UpdateTimestampsCache] : [Enrolment] -> [5579090956926977]
14:18:13,156 DEBUG SQL:104 - 
    delete 
    from
        Address 
    where
        id=?
14:18:13,156 DEBUG BaseGeneralDataRegion:59 - Caching[foo.org.hibernate.cache.spi.UpdateTimestampsCache] : [Address] -> [5579090956926978]
14:18:13,156 DEBUG SQL:104 - 
    delete 
    from
        Address 
    where
        id=?
14:18:13,165 DEBUG BaseGeneralDataRegion:59 - Caching[foo.org.hibernate.cache.spi.UpdateTimestampsCache] : [Address] -> [5579090956963840]
14:18:13,165 DEBUG SQL:104 - 
    delete 
    from
        Student 
    where
        studentId=?
14:18:13,166 DEBUG BaseGeneralDataRegion:59 - Caching[foo.org.hibernate.cache.spi.UpdateTimestampsCache] : [Student] -> [5579090956967936]
14:18:13,166 DEBUG SQL:104 - 
    delete 
    from
        Enrolment 
    where
        studentId=? 
        and courseCode=?
14:18:13,166 DEBUG BaseGeneralDataRegion:59 - Caching[foo.org.hibernate.cache.spi.UpdateTimestampsCache] : [Enrolment] -> [5579090956967937]
14:18:13,166 DEBUG SQL:104 - 
    delete 
    from
        Student 
    where
        studentId=?
14:18:13,166 DEBUG BaseGeneralDataRegion:59 - Caching[foo.org.hibernate.cache.spi.UpdateTimestampsCache] : [Student] -> [5579090956967938]
14:18:13,166 DEBUG SQL:104 - 
    delete 
    from
        CourseMeeting 
    where
        courseCode=? 
        and day=? 
        and period=? 
        and location=?
14:18:13,166 DEBUG BaseGeneralDataRegion:59 - Caching[foo.org.hibernate.cache.spi.UpdateTimestampsCache] : [CourseMeeting] -> [5579090956967939]
14:18:13,167 DEBUG SQL:104 - 
    delete 
    from
        CourseMeeting 
    where
        courseCode=? 
        and day=? 
        and period=? 
        and location=?
14:18:13,167 DEBUG BaseGeneralDataRegion:59 - Caching[foo.org.hibernate.cache.spi.UpdateTimestampsCache] : [CourseMeeting] -> [5579090956972032]
14:18:13,167 DEBUG SQL:104 - 
    delete 
    from
        Course 
    where
        courseCode=?
14:18:13,191 DEBUG BaseGeneralDataRegion:59 - Caching[foo.org.hibernate.cache.spi.UpdateTimestampsCache] : [Course] -> [5579090957070336]
14:18:13,191 DEBUG BaseGeneralDataRegion:59 - Caching[foo.org.hibernate.cache.spi.UpdateTimestampsCache] : [Student] -> [5579090711310337]
14:18:13,191 DEBUG BaseGeneralDataRegion:59 - Caching[foo.org.hibernate.cache.spi.UpdateTimestampsCache] : [Course] -> [5579090711310337]
14:18:13,192 DEBUG BaseGeneralDataRegion:59 - Caching[foo.org.hibernate.cache.spi.UpdateTimestampsCache] : [Enrolment] -> [5579090711310337]
14:18:13,192 DEBUG BaseGeneralDataRegion:59 - Caching[foo.org.hibernate.cache.spi.UpdateTimestampsCache] : [Student_secretCodes] -> [5579090711310337]
14:18:13,192 DEBUG BaseGeneralDataRegion:59 - Caching[foo.org.hibernate.cache.spi.UpdateTimestampsCache] : [Address] -> [5579090711310337]
14:18:13,192 DEBUG BaseGeneralDataRegion:59 - Caching[foo.org.hibernate.cache.spi.UpdateTimestampsCache] : [CourseMeeting] -> [5579090711310337]
14:18:13,192  INFO CustomRunner:139 - Test: testEntityWithJoinedLazyManyToOneListHql
14:18:13,193 DEBUG SQL:104 - 
    select
        coursemeet_.courseCode,
        coursemeet_.day,
        coursemeet_.period,
        coursemeet_.location 
    from
        CourseMeeting coursemeet_ 
    where
        coursemeet_.courseCode=? 
        and coursemeet_.day=? 
        and coursemeet_.period=? 
        and coursemeet_.location=?
14:18:13,194 DEBUG SQL:104 - 
    select
        coursemeet_.courseCode,
        coursemeet_.day,
        coursemeet_.period,
        coursemeet_.location 
    from
        CourseMeeting coursemeet_ 
    where
        coursemeet_.courseCode=? 
        and coursemeet_.day=? 
        and coursemeet_.period=? 
        and coursemeet_.location=?
14:18:13,203 DEBUG SQL:104 - 
    insert 
    into
        Course
        (description, courseCode) 
    values
        (?, ?)
14:18:13,204 DEBUG BaseGeneralDataRegion:59 - Caching[foo.org.hibernate.cache.spi.UpdateTimestampsCache] : [Course] -> [5579090957123584]
14:18:13,204 DEBUG SQL:104 - 
    insert 
    into
        CourseMeeting
        (courseCode, day, period, location) 
    values
        (?, ?, ?, ?)
14:18:13,204 DEBUG BaseGeneralDataRegion:59 - Caching[foo.org.hibernate.cache.spi.UpdateTimestampsCache] : [CourseMeeting] -> [5579090957123585]
14:18:13,204 DEBUG SQL:104 - 
    insert 
    into
        CourseMeeting
        (courseCode, day, period, location) 
    values
        (?, ?, ?, ?)
14:18:13,213 DEBUG BaseGeneralDataRegion:59 - Caching[foo.org.hibernate.cache.spi.UpdateTimestampsCache] : [CourseMeeting] -> [5579090957160448]
14:18:13,214 DEBUG SQL:104 - 
    insert 
    into
        Student
        (name_first, name_middle, name_last, preferredCourseCode, studentId) 
    values
        (?, ?, ?, ?, ?)
14:18:13,214 DEBUG BaseGeneralDataRegion:59 - Caching[foo.org.hibernate.cache.spi.UpdateTimestampsCache] : [Student] -> [5579090957164544]
14:18:13,214 DEBUG SQL:104 - 
    insert 
    into
        Address
        (addressType, street, city, stateProvince, postalCode, country, studentNumber, id) 
    values
        (?, ?, ?, ?, ?, ?, ?, ?)
14:18:13,214 DEBUG BaseGeneralDataRegion:59 - Caching[foo.org.hibernate.cache.spi.UpdateTimestampsCache] : [Address] -> [5579090957164545]
14:18:13,214 DEBUG SQL:104 - 
    insert 
    into
        Address
        (addressType, street, city, stateProvince, postalCode, country, studentNumber, id) 
    values
        (?, ?, ?, ?, ?, ?, ?, ?)
14:18:13,214 DEBUG BaseGeneralDataRegion:59 - Caching[foo.org.hibernate.cache.spi.UpdateTimestampsCache] : [Address] -> [5579090957164546]
14:18:13,214 DEBUG SQL:104 - 
    insert 
    into
        Student
        (name_first, name_middle, name_last, preferredCourseCode, studentId) 
    values
        (?, ?, ?, ?, ?)
14:18:13,223 DEBUG BaseGeneralDataRegion:59 - Caching[foo.org.hibernate.cache.spi.UpdateTimestampsCache] : [Student] -> [5579090957201408]
14:18:13,224 DEBUG SQL:104 - 
    insert 
    into
        Enrolment
        (semester, "year", studentId, courseCode) 
    values
        (?, ?, ?, ?)
14:18:13,224 DEBUG BaseGeneralDataRegion:59 - Caching[foo.org.hibernate.cache.spi.UpdateTimestampsCache] : [Enrolment] -> [5579090957205504]
14:18:13,224 DEBUG SQL:104 - 
    insert 
    into
        Enrolment
        (semester, "year", studentId, courseCode) 
    values
        (?, ?, ?, ?)
14:18:13,224 DEBUG BaseGeneralDataRegion:59 - Caching[foo.org.hibernate.cache.spi.UpdateTimestampsCache] : [Enrolment] -> [5579090957205505]
14:18:13,224 DEBUG BaseGeneralDataRegion:59 - Caching[foo.org.hibernate.cache.spi.UpdateTimestampsCache] : [CourseMeeting] -> [5579090957205506]
14:18:13,224 DEBUG BaseGeneralDataRegion:59 - Caching[foo.org.hibernate.cache.spi.UpdateTimestampsCache] : [Enrolment] -> [5579090957205507]
14:18:13,224 DEBUG SQL:104 - 
    update
        Address 
    set
        studentNumber=?,
        addressType=? 
    where
        id=?
14:18:13,234 DEBUG SQL:104 - 
    update
        Address 
    set
        studentNumber=?,
        addressType=? 
    where
        id=?
14:18:13,234 DEBUG BaseGeneralDataRegion:59 - Caching[foo.org.hibernate.cache.spi.UpdateTimestampsCache] : [Address] -> [5579090957246464]
14:18:13,234 DEBUG SQL:104 - 
    insert 
    into
        Student_secretCodes
        (studentNumber, i, secretCode) 
    values
        (?, ?, ?)
14:18:13,234 DEBUG BaseGeneralDataRegion:59 - Caching[foo.org.hibernate.cache.spi.UpdateTimestampsCache] : [Student_secretCodes] -> [5579090957246465]
14:18:13,234 DEBUG BaseGeneralDataRegion:59 - Caching[foo.org.hibernate.cache.spi.UpdateTimestampsCache] : [Enrolment] -> [5579090957246466]
14:18:13,235 DEBUG BaseGeneralDataRegion:59 - Caching[foo.org.hibernate.cache.spi.UpdateTimestampsCache] : [Address] -> [5579090957250560]
14:18:13,235 DEBUG SQL:104 - 
    insert 
    into
        Student_secretCodes
        (studentNumber, i, secretCode) 
    values
        (?, ?, ?)
14:18:13,235 DEBUG SQL:104 - 
    insert 
    into
        Student_secretCodes
        (studentNumber, i, secretCode) 
    values
        (?, ?, ?)
14:18:13,244 DEBUG BaseGeneralDataRegion:59 - Caching[foo.org.hibernate.cache.spi.UpdateTimestampsCache] : [Student_secretCodes] -> [5579090957287424]
14:18:13,245 DEBUG BaseGeneralDataRegion:59 - Caching[foo.org.hibernate.cache.spi.UpdateTimestampsCache] : [Student] -> [5579090711531520]
14:18:13,245 DEBUG BaseGeneralDataRegion:59 - Caching[foo.org.hibernate.cache.spi.UpdateTimestampsCache] : [Course] -> [5579090711531520]
14:18:13,245 DEBUG BaseGeneralDataRegion:59 - Caching[foo.org.hibernate.cache.spi.UpdateTimestampsCache] : [Enrolment] -> [5579090711531520]
14:18:13,245 DEBUG BaseGeneralDataRegion:59 - Caching[foo.org.hibernate.cache.spi.UpdateTimestampsCache] : [Student_secretCodes] -> [5579090711531520]
14:18:13,245 DEBUG BaseGeneralDataRegion:59 - Caching[foo.org.hibernate.cache.spi.UpdateTimestampsCache] : [Address] -> [5579090711531520]
14:18:13,245 DEBUG BaseGeneralDataRegion:59 - Caching[foo.org.hibernate.cache.spi.UpdateTimestampsCache] : [CourseMeeting] -> [5579090711531520]
14:18:13,245 DEBUG SQL:104 - 
    select
        student_.studentId,
        student_.name_first as name2_4_,
        student_.name_middle as name3_4_,
        student_.name_last as name4_4_,
        student_.preferredCourseCode as preferre5_4_ 
    from
        Student student_ 
    where
        student_.studentId=?
14:18:13,246 DEBUG SQL:104 - 
    select
        enrolment_.studentId,
        enrolment_.courseCode,
        enrolment_.semester as semester3_,
        enrolment_."year" as year4_3_ 
    from
        Enrolment enrolment_ 
    where
        enrolment_.studentId=? 
        and enrolment_.courseCode=?
14:18:13,254 DEBUG SQL:104 - 
    select
        course_.courseCode,
        course_.description as descript2_1_ 
    from
        Course course_ 
    where
        course_.courseCode=?
14:18:13,255 DEBUG SQL:104 - 
    select
        student_.studentId,
        student_.name_first as name2_4_,
        student_.name_middle as name3_4_,
        student_.name_last as name4_4_,
        student_.preferredCourseCode as preferre5_4_ 
    from
        Student student_ 
    where
        student_.studentId=?
14:18:13,255 DEBUG SQL:104 - 
    select
        enrolment_.studentId,
        enrolment_.courseCode,
        enrolment_.semester as semester3_,
        enrolment_."year" as year4_3_ 
    from
        Enrolment enrolment_ 
    where
        enrolment_.studentId=? 
        and enrolment_.courseCode=?
14:18:13,264 DEBUG SQL:104 - 
    select
        coursemeet_.courseCode,
        coursemeet_.day,
        coursemeet_.period,
        coursemeet_.location 
    from
        CourseMeeting coursemeet_ 
    where
        coursemeet_.courseCode=? 
        and coursemeet_.day=? 
        and coursemeet_.period=? 
        and coursemeet_.location=?
14:18:13,264 DEBUG SQL:104 - 
    select
        coursemeet_.courseCode,
        coursemeet_.day,
        coursemeet_.period,
        coursemeet_.location 
    from
        CourseMeeting coursemeet_ 
    where
        coursemeet_.courseCode=? 
        and coursemeet_.day=? 
        and coursemeet_.period=? 
        and coursemeet_.location=?
14:18:13,274 DEBUG BaseGeneralDataRegion:59 - Caching[foo.org.hibernate.cache.spi.UpdateTimestampsCache] : [Enrolment] -> [5579090957410304]
14:18:13,275 DEBUG SQL:104 - 
    update
        Address 
    set
        studentNumber=null,
        addressType=null 
    where
        studentNumber=?
14:18:13,275 DEBUG BaseGeneralDataRegion:59 - Caching[foo.org.hibernate.cache.spi.UpdateTimestampsCache] : [Address] -> [5579090957414400]
14:18:13,275 DEBUG SQL:104 - 
    delete 
    from
        Student_secretCodes 
    where
        studentNumber=?
14:18:13,275 DEBUG BaseGeneralDataRegion:59 - Caching[foo.org.hibernate.cache.spi.UpdateTimestampsCache] : [Student_secretCodes] -> [5579090957414401]
14:18:13,275 DEBUG BaseGeneralDataRegion:59 - Caching[foo.org.hibernate.cache.spi.UpdateTimestampsCache] : [Enrolment] -> [5579090957414402]
14:18:13,275 DEBUG BaseGeneralDataRegion:59 - Caching[foo.org.hibernate.cache.spi.UpdateTimestampsCache] : [Address] -> [5579090957414403]
14:18:13,275 DEBUG SQL:104 - 
    delete 
    from
        Student_secretCodes 
    where
        studentNumber=?
14:18:13,275 DEBUG BaseGeneralDataRegion:59 - Caching[foo.org.hibernate.cache.spi.UpdateTimestampsCache] : [Student_secretCodes] -> [5579090957414404]
14:18:13,276 DEBUG BaseGeneralDataRegion:59 - Caching[foo.org.hibernate.cache.spi.UpdateTimestampsCache] : [CourseMeeting] -> [5579090957418496]
14:18:13,276 DEBUG SQL:104 - 
    delete 
    from
        Enrolment 
    where
        studentId=? 
        and courseCode=?
14:18:13,276 DEBUG BaseGeneralDataRegion:59 - Caching[foo.org.hibernate.cache.spi.UpdateTimestampsCache] : [Enrolment] -> [5579090957418497]
14:18:13,276 DEBUG SQL:104 - 
    delete 
    from
        Address 
    where
        id=?
14:18:13,276 DEBUG BaseGeneralDataRegion:59 - Caching[foo.org.hibernate.cache.spi.UpdateTimestampsCache] : [Address] -> [5579090957418498]
14:18:13,276 DEBUG SQL:104 - 
    delete 
    from
        Address 
    where
        id=?
14:18:13,276 DEBUG BaseGeneralDataRegion:59 - Caching[foo.org.hibernate.cache.spi.UpdateTimestampsCache] : [Address] -> [5579090957418499]
14:18:13,277 DEBUG SQL:104 - 
    delete 
    from
        Student 
    where
        studentId=?
14:18:13,277 DEBUG BaseGeneralDataRegion:59 - Caching[foo.org.hibernate.cache.spi.UpdateTimestampsCache] : [Student] -> [5579090957422592]
14:18:13,277 DEBUG SQL:104 - 
    delete 
    from
        Enrolment 
    where
        studentId=? 
        and courseCode=?
14:18:13,290 DEBUG BaseGeneralDataRegion:59 - Caching[foo.org.hibernate.cache.spi.UpdateTimestampsCache] : [Enrolment] -> [5579090957475840]
14:18:13,291 DEBUG SQL:104 - 
    delete 
    from
        Student 
    where
        studentId=?
14:18:13,291 DEBUG BaseGeneralDataRegion:59 - Caching[foo.org.hibernate.cache.spi.UpdateTimestampsCache] : [Student] -> [5579090957479936]
14:18:13,291 DEBUG SQL:104 - 
    delete 
    from
        CourseMeeting 
    where
        courseCode=? 
        and day=? 
        and period=? 
        and location=?
14:18:13,291 DEBUG BaseGeneralDataRegion:59 - Caching[foo.org.hibernate.cache.spi.UpdateTimestampsCache] : [CourseMeeting] -> [5579090957479937]
14:18:13,291 DEBUG SQL:104 - 
    delete 
    from
        CourseMeeting 
    where
        courseCode=? 
        and day=? 
        and period=? 
        and location=?
14:18:13,296 DEBUG BaseGeneralDataRegion:59 - Caching[foo.org.hibernate.cache.spi.UpdateTimestampsCache] : [CourseMeeting] -> [5579090957500416]
14:18:13,296 DEBUG SQL:104 - 
    delete 
    from
        Course 
    where
        courseCode=?
14:18:13,296 DEBUG BaseGeneralDataRegion:59 - Caching[foo.org.hibernate.cache.spi.UpdateTimestampsCache] : [Course] -> [5579090957500417]
14:18:13,296 DEBUG BaseGeneralDataRegion:59 - Caching[foo.org.hibernate.cache.spi.UpdateTimestampsCache] : [Student] -> [5579090711740418]
14:18:13,296 DEBUG BaseGeneralDataRegion:59 - Caching[foo.org.hibernate.cache.spi.UpdateTimestampsCache] : [Course] -> [5579090711740418]
14:18:13,296 DEBUG BaseGeneralDataRegion:59 - Caching[foo.org.hibernate.cache.spi.UpdateTimestampsCache] : [Enrolment] -> [5579090711740418]
14:18:13,296 DEBUG BaseGeneralDataRegion:59 - Caching[foo.org.hibernate.cache.spi.UpdateTimestampsCache] : [Student_secretCodes] -> [5579090711740418]
14:18:13,297 DEBUG BaseGeneralDataRegion:59 - Caching[foo.org.hibernate.cache.spi.UpdateTimestampsCache] : [Address] -> [5579090711740418]
14:18:13,297 DEBUG BaseGeneralDataRegion:59 - Caching[foo.org.hibernate.cache.spi.UpdateTimestampsCache] : [CourseMeeting] -> [5579090711740418]
14:18:13,297 DEBUG SQL:104 - 
    select
        coursemeet_.courseCode,
        coursemeet_.day,
        coursemeet_.period,
        coursemeet_.location 
    from
        CourseMeeting coursemeet_ 
    where
        coursemeet_.courseCode=? 
        and coursemeet_.day=? 
        and coursemeet_.period=? 
        and coursemeet_.location=?
14:18:13,297 DEBUG SQL:104 - 
    select
        coursemeet_.courseCode,
        coursemeet_.day,
        coursemeet_.period,
        coursemeet_.location 
    from
        CourseMeeting coursemeet_ 
    where
        coursemeet_.courseCode=? 
        and coursemeet_.day=? 
        and coursemeet_.period=? 
        and coursemeet_.location=?
14:18:13,298 DEBUG SQL:104 - 
    insert 
    into
        Course
        (description, courseCode) 
    values
        (?, ?)
14:18:13,351 DEBUG BaseGeneralDataRegion:59 - Caching[foo.org.hibernate.cache.spi.UpdateTimestampsCache] : [Course] -> [5579090957725696]
14:18:13,352 DEBUG SQL:104 - 
    insert 
    into
        CourseMeeting
        (courseCode, day, period, location) 
    values
        (?, ?, ?, ?)
14:18:13,352 DEBUG BaseGeneralDataRegion:59 - Caching[foo.org.hibernate.cache.spi.UpdateTimestampsCache] : [CourseMeeting] -> [5579090957729792]
14:18:13,352 DEBUG SQL:104 - 
    insert 
    into
        CourseMeeting
        (courseCode, day, period, location) 
    values
        (?, ?, ?, ?)
14:18:13,352 DEBUG BaseGeneralDataRegion:59 - Caching[foo.org.hibernate.cache.spi.UpdateTimestampsCache] : [CourseMeeting] -> [5579090957729793]
14:18:13,352 DEBUG SQL:104 - 
    insert 
    into
        Student
        (name_first, name_middle, name_last, preferredCourseCode, studentId) 
    values
        (?, ?, ?, ?, ?)
14:18:13,352 DEBUG BaseGeneralDataRegion:59 - Caching[foo.org.hibernate.cache.spi.UpdateTimestampsCache] : [Student] -> [5579090957729794]
14:18:13,353 DEBUG SQL:104 - 
    insert 
    into
        Address
        (addressType, street, city, stateProvince, postalCode, country, studentNumber, id) 
    values
        (?, ?, ?, ?, ?, ?, ?, ?)
14:18:13,353 DEBUG BaseGeneralDataRegion:59 - Caching[foo.org.hibernate.cache.spi.UpdateTimestampsCache] : [Address] -> [5579090957733888]
14:18:13,353 DEBUG SQL:104 - 
    insert 
    into
        Address
        (addressType, street, city, stateProvince, postalCode, country, studentNumber, id) 
    values
        (?, ?, ?, ?, ?, ?, ?, ?)
14:18:13,353 DEBUG BaseGeneralDataRegion:59 - Caching[foo.org.hibernate.cache.spi.UpdateTimestampsCache] : [Address] -> [5579090957733889]
14:18:13,353 DEBUG SQL:104 - 
    insert 
    into
        Student
        (name_first, name_middle, name_last, preferredCourseCode, studentId) 
    values
        (?, ?, ?, ?, ?)
14:18:13,353 DEBUG BaseGeneralDataRegion:59 - Caching[foo.org.hibernate.cache.spi.UpdateTimestampsCache] : [Student] -> [5579090957733890]
14:18:13,354 DEBUG SQL:104 - 
    insert 
    into
        Enrolment
        (semester, "year", studentId, courseCode) 
    values
        (?, ?, ?, ?)
14:18:13,354 DEBUG BaseGeneralDataRegion:59 - Caching[foo.org.hibernate.cache.spi.UpdateTimestampsCache] : [Enrolment] -> [5579090957737984]
14:18:13,354 DEBUG SQL:104 - 
    insert 
    into
        Enrolment
        (semester, "year", studentId, courseCode) 
    values
        (?, ?, ?, ?)
14:18:13,354 DEBUG BaseGeneralDataRegion:59 - Caching[foo.org.hibernate.cache.spi.UpdateTimestampsCache] : [Enrolment] -> [5579090957737985]
14:18:13,354 DEBUG BaseGeneralDataRegion:59 - Caching[foo.org.hibernate.cache.spi.UpdateTimestampsCache] : [CourseMeeting] -> [5579090957737986]
14:18:13,354 DEBUG BaseGeneralDataRegion:59 - Caching[foo.org.hibernate.cache.spi.UpdateTimestampsCache] : [Enrolment] -> [5579090957737987]
14:18:13,354 DEBUG SQL:104 - 
    update
        Address 
    set
        studentNumber=?,
        addressType=? 
    where
        id=?
14:18:13,377 DEBUG SQL:104 - 
    update
        Address 
    set
        studentNumber=?,
        addressType=? 
    where
        id=?
14:18:13,378 DEBUG BaseGeneralDataRegion:59 - Caching[foo.org.hibernate.cache.spi.UpdateTimestampsCache] : [Address] -> [5579090957836288]
14:18:13,378 DEBUG SQL:104 - 
    insert 
    into
        Student_secretCodes
        (studentNumber, i, secretCode) 
    values
        (?, ?, ?)
14:18:13,378 DEBUG BaseGeneralDataRegion:59 - Caching[foo.org.hibernate.cache.spi.UpdateTimestampsCache] : [Student_secretCodes] -> [5579090957836289]
14:18:13,378 DEBUG BaseGeneralDataRegion:59 - Caching[foo.org.hibernate.cache.spi.UpdateTimestampsCache] : [Enrolment] -> [5579090957836290]
14:18:13,378 DEBUG BaseGeneralDataRegion:59 - Caching[foo.org.hibernate.cache.spi.UpdateTimestampsCache] : [Address] -> [5579090957836291]
14:18:13,379 DEBUG SQL:104 - 
    insert 
    into
        Student_secretCodes
        (studentNumber, i, secretCode) 
    values
        (?, ?, ?)
14:18:13,387 DEBUG SQL:104 - 
    insert 
    into
        Student_secretCodes
        (studentNumber, i, secretCode) 
    values
        (?, ?, ?)
14:18:13,387 DEBUG BaseGeneralDataRegion:59 - Caching[foo.org.hibernate.cache.spi.UpdateTimestampsCache] : [Student_secretCodes] -> [5579090957873152]
14:18:13,388 DEBUG BaseGeneralDataRegion:59 - Caching[foo.org.hibernate.cache.spi.UpdateTimestampsCache] : [Student] -> [5579090712117248]
14:18:13,388 DEBUG BaseGeneralDataRegion:59 - Caching[foo.org.hibernate.cache.spi.UpdateTimestampsCache] : [Course] -> [5579090712117248]
14:18:13,388 DEBUG BaseGeneralDataRegion:59 - Caching[foo.org.hibernate.cache.spi.UpdateTimestampsCache] : [Enrolment] -> [5579090712117248]
14:18:13,388 DEBUG BaseGeneralDataRegion:59 - Caching[foo.org.hibernate.cache.spi.UpdateTimestampsCache] : [Student_secretCodes] -> [5579090712117248]
14:18:13,388 DEBUG BaseGeneralDataRegion:59 - Caching[foo.org.hibernate.cache.spi.UpdateTimestampsCache] : [Address] -> [5579090712117248]
14:18:13,388 DEBUG BaseGeneralDataRegion:59 - Caching[foo.org.hibernate.cache.spi.UpdateTimestampsCache] : [CourseMeeting] -> [5579090712117248]
14:18:13,388 DEBUG SQL:104 - 
    select
        student_.studentId,
        student_.name_first as name2_4_,
        student_.name_middle as name3_4_,
        student_.name_last as name4_4_,
        student_.preferredCourseCode as preferre5_4_ 
    from
        Student student_ 
    where
        student_.studentId=?
14:18:13,389 DEBUG SQL:104 - 
    select
        enrolment_.studentId,
        enrolment_.courseCode,
        enrolment_.semester as semester3_,
        enrolment_."year" as year4_3_ 
    from
        Enrolment enrolment_ 
    where
        enrolment_.studentId=? 
        and enrolment_.courseCode=?
14:18:13,400 DEBUG SQL:104 - 
    select
        course_.courseCode,
        course_.description as descript2_1_ 
    from
        Course course_ 
    where
        course_.courseCode=?
14:18:13,400 DEBUG SQL:104 - 
    select
        student_.studentId,
        student_.name_first as name2_4_,
        student_.name_middle as name3_4_,
        student_.name_last as name4_4_,
        student_.preferredCourseCode as preferre5_4_ 
    from
        Student student_ 
    where
        student_.studentId=?
14:18:13,401 DEBUG SQL:104 - 
    select
        enrolment_.studentId,
        enrolment_.courseCode,
        enrolment_.semester as semester3_,
        enrolment_."year" as year4_3_ 
    from
        Enrolment enrolment_ 
    where
        enrolment_.studentId=? 
        and enrolment_.courseCode=?
14:18:13,401 DEBUG SQL:104 - 
    select
        coursemeet_.courseCode,
        coursemeet_.day,
        coursemeet_.period,
        coursemeet_.location 
    from
        CourseMeeting coursemeet_ 
    where
        coursemeet_.courseCode=? 
        and coursemeet_.day=? 
        and coursemeet_.period=? 
        and coursemeet_.location=?
14:18:13,401 DEBUG SQL:104 - 
    select
        coursemeet_.courseCode,
        coursemeet_.day,
        coursemeet_.period,
        coursemeet_.location 
    from
        CourseMeeting coursemeet_ 
    where
        coursemeet_.courseCode=? 
        and coursemeet_.day=? 
        and coursemeet_.period=? 
        and coursemeet_.location=?
14:18:13,413 DEBUG BaseGeneralDataRegion:59 - Caching[foo.org.hibernate.cache.spi.UpdateTimestampsCache] : [Enrolment] -> [5579090957979648]
14:18:13,413 DEBUG SQL:104 - 
    update
        Address 
    set
        studentNumber=null,
        addressType=null 
    where
        studentNumber=?
14:18:13,414 DEBUG BaseGeneralDataRegion:59 - Caching[foo.org.hibernate.cache.spi.UpdateTimestampsCache] : [Address] -> [5579090957983744]
14:18:13,414 DEBUG SQL:104 - 
    delete 
    from
        Student_secretCodes 
    where
        studentNumber=?
14:18:13,414 DEBUG BaseGeneralDataRegion:59 - Caching[foo.org.hibernate.cache.spi.UpdateTimestampsCache] : [Student_secretCodes] -> [5579090957983745]
14:18:13,414 DEBUG BaseGeneralDataRegion:59 - Caching[foo.org.hibernate.cache.spi.UpdateTimestampsCache] : [Enrolment] -> [5579090957983746]
14:18:13,414 DEBUG BaseGeneralDataRegion:59 - Caching[foo.org.hibernate.cache.spi.UpdateTimestampsCache] : [Address] -> [5579090957983747]
14:18:13,414 DEBUG SQL:104 - 
    delete 
    from
        Student_secretCodes 
    where
        studentNumber=?
14:18:13,415 DEBUG BaseGeneralDataRegion:59 - Caching[foo.org.hibernate.cache.spi.UpdateTimestampsCache] : [Student_secretCodes] -> [5579090957987840]
14:18:13,415 DEBUG BaseGeneralDataRegion:59 - Caching[foo.org.hibernate.cache.spi.UpdateTimestampsCache] : [CourseMeeting] -> [5579090957987841]
14:18:13,422 DEBUG SQL:104 - 
    delete 
    from
        Enrolment 
    where
        studentId=? 
        and courseCode=?
14:18:13,423 DEBUG BaseGeneralDataRegion:59 - Caching[foo.org.hibernate.cache.spi.UpdateTimestampsCache] : [Enrolment] -> [5579090958020608]
14:18:13,423 DEBUG SQL:104 - 
    delete 
    from
        Address 
    where
        id=?
14:18:13,423 DEBUG BaseGeneralDataRegion:59 - Caching[foo.org.hibernate.cache.spi.UpdateTimestampsCache] : [Address] -> [5579090958020609]
14:18:13,423 DEBUG SQL:104 - 
    delete 
    from
        Address 
    where
        id=?
14:18:13,424 DEBUG BaseGeneralDataRegion:59 - Caching[foo.org.hibernate.cache.spi.UpdateTimestampsCache] : [Address] -> [5579090958024704]
14:18:13,424 DEBUG SQL:104 - 
    delete 
    from
        Student 
    where
        studentId=?
14:18:13,424 DEBUG BaseGeneralDataRegion:59 - Caching[foo.org.hibernate.cache.spi.UpdateTimestampsCache] : [Student] -> [5579090958024705]
14:18:13,424 DEBUG SQL:104 - 
    delete 
    from
        Enrolment 
    where
        studentId=? 
        and courseCode=?
14:18:13,425 DEBUG BaseGeneralDataRegion:59 - Caching[foo.org.hibernate.cache.spi.UpdateTimestampsCache] : [Enrolment] -> [5579090958028800]
14:18:13,425 DEBUG SQL:104 - 
    delete 
    from
        Student 
    where
        studentId=?
14:18:13,425 DEBUG BaseGeneralDataRegion:59 - Caching[foo.org.hibernate.cache.spi.UpdateTimestampsCache] : [Student] -> [5579090958028801]
14:18:13,447 DEBUG SQL:104 - 
    delete 
    from
        CourseMeeting 
    where
        courseCode=? 
        and day=? 
        and period=? 
        and location=?
14:18:13,448 DEBUG BaseGeneralDataRegion:59 - Caching[foo.org.hibernate.cache.spi.UpdateTimestampsCache] : [CourseMeeting] -> [5579090958123008]
14:18:13,448 DEBUG SQL:104 - 
    delete 
    from
        CourseMeeting 
    where
        courseCode=? 
        and day=? 
        and period=? 
        and location=?
14:18:13,448 DEBUG BaseGeneralDataRegion:59 - Caching[foo.org.hibernate.cache.spi.UpdateTimestampsCache] : [CourseMeeting] -> [5579090958123009]
14:18:13,448 DEBUG SQL:104 - 
    delete 
    from
        Course 
    where
        courseCode=?
14:18:13,449 DEBUG BaseGeneralDataRegion:59 - Caching[foo.org.hibernate.cache.spi.UpdateTimestampsCache] : [Course] -> [5579090958127104]
14:18:13,449 DEBUG BaseGeneralDataRegion:59 - Caching[foo.org.hibernate.cache.spi.UpdateTimestampsCache] : [Student] -> [5579090712367105]
14:18:13,449 DEBUG BaseGeneralDataRegion:59 - Caching[foo.org.hibernate.cache.spi.UpdateTimestampsCache] : [Course] -> [5579090712367105]
14:18:13,449 DEBUG BaseGeneralDataRegion:59 - Caching[foo.org.hibernate.cache.spi.UpdateTimestampsCache] : [Enrolment] -> [5579090712367105]
14:18:13,449 DEBUG BaseGeneralDataRegion:59 - Caching[foo.org.hibernate.cache.spi.UpdateTimestampsCache] : [Student_secretCodes] -> [5579090712367105]
14:18:13,457 DEBUG BaseGeneralDataRegion:59 - Caching[foo.org.hibernate.cache.spi.UpdateTimestampsCache] : [Address] -> [5579090712367105]
14:18:13,457 DEBUG BaseGeneralDataRegion:59 - Caching[foo.org.hibernate.cache.spi.UpdateTimestampsCache] : [CourseMeeting] -> [5579090712367105]
14:18:13,457  INFO CustomRunner:139 - Test: testEntityWithJoinedLazyOneToManyMultiAndNullListCriteria
14:18:13,458 DEBUG SQL:104 - 
    select
        coursemeet_.courseCode,
        coursemeet_.day,
        coursemeet_.period,
        coursemeet_.location 
    from
        CourseMeeting coursemeet_ 
    where
        coursemeet_.courseCode=? 
        and coursemeet_.day=? 
        and coursemeet_.period=? 
        and coursemeet_.location=?
14:18:13,459 DEBUG SQL:104 - 
    select
        coursemeet_.courseCode,
        coursemeet_.day,
        coursemeet_.period,
        coursemeet_.location 
    from
        CourseMeeting coursemeet_ 
    where
        coursemeet_.courseCode=? 
        and coursemeet_.day=? 
        and coursemeet_.period=? 
        and coursemeet_.location=?
14:18:13,469 DEBUG SQL:104 - 
    insert 
    into
        Course
        (description, courseCode) 
    values
        (?, ?)
14:18:13,469 DEBUG BaseGeneralDataRegion:59 - Caching[foo.org.hibernate.cache.spi.UpdateTimestampsCache] : [Course] -> [5579090958209024]
14:18:13,470 DEBUG SQL:104 - 
    insert 
    into
        CourseMeeting
        (courseCode, day, period, location) 
    values
        (?, ?, ?, ?)
14:18:13,470 DEBUG BaseGeneralDataRegion:59 - Caching[foo.org.hibernate.cache.spi.UpdateTimestampsCache] : [CourseMeeting] -> [5579090958213120]
14:18:13,470 DEBUG SQL:104 - 
    insert 
    into
        CourseMeeting
        (courseCode, day, period, location) 
    values
        (?, ?, ?, ?)
14:18:13,470 DEBUG BaseGeneralDataRegion:59 - Caching[foo.org.hibernate.cache.spi.UpdateTimestampsCache] : [CourseMeeting] -> [5579090958213121]
14:18:13,470 DEBUG SQL:104 - 
    insert 
    into
        Student
        (name_first, name_middle, name_last, preferredCourseCode, studentId) 
    values
        (?, ?, ?, ?, ?)
14:18:13,479 DEBUG BaseGeneralDataRegion:59 - Caching[foo.org.hibernate.cache.spi.UpdateTimestampsCache] : [Student] -> [5579090958249984]
14:18:13,480 DEBUG SQL:104 - 
    insert 
    into
        Address
        (addressType, street, city, stateProvince, postalCode, country, studentNumber, id) 
    values
        (?, ?, ?, ?, ?, ?, ?, ?)
14:18:13,480 DEBUG BaseGeneralDataRegion:59 - Caching[foo.org.hibernate.cache.spi.UpdateTimestampsCache] : [Address] -> [5579090958254080]
14:18:13,480 DEBUG SQL:104 - 
    insert 
    into
        Address
        (addressType, street, city, stateProvince, postalCode, country, studentNumber, id) 
    values
        (?, ?, ?, ?, ?, ?, ?, ?)
14:18:13,480 DEBUG BaseGeneralDataRegion:59 - Caching[foo.org.hibernate.cache.spi.UpdateTimestampsCache] : [Address] -> [5579090958254081]
14:18:13,480 DEBUG SQL:104 - 
    insert 
    into
        Student
        (name_first, name_middle, name_last, preferredCourseCode, studentId) 
    values
        (?, ?, ?, ?, ?)
14:18:13,481 DEBUG BaseGeneralDataRegion:59 - Caching[foo.org.hibernate.cache.spi.UpdateTimestampsCache] : [Student] -> [5579090958254082]
14:18:13,481 DEBUG SQL:104 - 
    insert 
    into
        Enrolment
        (semester, "year", studentId, courseCode) 
    values
        (?, ?, ?, ?)
14:18:13,491 DEBUG BaseGeneralDataRegion:59 - Caching[foo.org.hibernate.cache.spi.UpdateTimestampsCache] : [Enrolment] -> [5579090958299136]
14:18:13,491 DEBUG SQL:104 - 
    insert 
    into
        Enrolment
        (semester, "year", studentId, courseCode) 
    values
        (?, ?, ?, ?)
14:18:13,491 DEBUG BaseGeneralDataRegion:59 - Caching[foo.org.hibernate.cache.spi.UpdateTimestampsCache] : [Enrolment] -> [5579090958299137]
14:18:13,492 DEBUG BaseGeneralDataRegion:59 - Caching[foo.org.hibernate.cache.spi.UpdateTimestampsCache] : [CourseMeeting] -> [5579090958303232]
14:18:13,492 DEBUG BaseGeneralDataRegion:59 - Caching[foo.org.hibernate.cache.spi.UpdateTimestampsCache] : [Enrolment] -> [5579090958303233]
14:18:13,492 DEBUG SQL:104 - 
    update
        Address 
    set
        studentNumber=?,
        addressType=? 
    where
        id=?
14:18:13,493 DEBUG SQL:104 - 
    update
        Address 
    set
        studentNumber=?,
        addressType=? 
    where
        id=?
14:18:13,501 DEBUG BaseGeneralDataRegion:59 - Caching[foo.org.hibernate.cache.spi.UpdateTimestampsCache] : [Address] -> [5579090958340096]
14:18:13,502 DEBUG SQL:104 - 
    insert 
    into
        Student_secretCodes
        (studentNumber, i, secretCode) 
    values
        (?, ?, ?)
14:18:13,502 DEBUG BaseGeneralDataRegion:59 - Caching[foo.org.hibernate.cache.spi.UpdateTimestampsCache] : [Student_secretCodes] -> [5579090958344192]
14:18:13,502 DEBUG BaseGeneralDataRegion:59 - Caching[foo.org.hibernate.cache.spi.UpdateTimestampsCache] : [Enrolment] -> [5579090958344193]
14:18:13,502 DEBUG BaseGeneralDataRegion:59 - Caching[foo.org.hibernate.cache.spi.UpdateTimestampsCache] : [Address] -> [5579090958344194]
14:18:13,502 DEBUG SQL:104 - 
    insert 
    into
        Student_secretCodes
        (studentNumber, i, secretCode) 
    values
        (?, ?, ?)
14:18:13,502 DEBUG SQL:104 - 
    insert 
    into
        Student_secretCodes
        (studentNumber, i, secretCode) 
    values
        (?, ?, ?)
14:18:13,502 DEBUG BaseGeneralDataRegion:59 - Caching[foo.org.hibernate.cache.spi.UpdateTimestampsCache] : [Student_secretCodes] -> [5579090958344195]
14:18:13,503 DEBUG BaseGeneralDataRegion:59 - Caching[foo.org.hibernate.cache.spi.UpdateTimestampsCache] : [Student] -> [5579090712588288]
14:18:13,503 DEBUG BaseGeneralDataRegion:59 - Caching[foo.org.hibernate.cache.spi.UpdateTimestampsCache] : [Course] -> [5579090712588288]
14:18:13,503 DEBUG BaseGeneralDataRegion:59 - Caching[foo.org.hibernate.cache.spi.UpdateTimestampsCache] : [Enrolment] -> [5579090712588288]
14:18:13,512 DEBUG BaseGeneralDataRegion:59 - Caching[foo.org.hibernate.cache.spi.UpdateTimestampsCache] : [Student_secretCodes] -> [5579090712588288]
14:18:13,512 DEBUG BaseGeneralDataRegion:59 - Caching[foo.org.hibernate.cache.spi.UpdateTimestampsCache] : [Address] -> [5579090712588288]
14:18:13,513 DEBUG BaseGeneralDataRegion:59 - Caching[foo.org.hibernate.cache.spi.UpdateTimestampsCache] : [CourseMeeting] -> [5579090712588288]
14:18:13,513 DEBUG SQL:104 - 
    select
        this_.studentId as studentId4_1_,
        this_.name_first as name2_4_1_,
        this_.name_middle as name3_4_1_,
        this_.name_last as name4_4_1_,
        this_.preferredCourseCode as preferre5_4_1_,
        address1_.studentNumber as studentN8_4_3_,
        address1_.id as id0_3_,
        address1_.addressType as addressT2_3_,
        address1_.id as id0_0_,
        address1_.addressType as addressT2_0_0_,
        address1_.street as street0_0_,
        address1_.city as city0_0_,
        address1_.stateProvince as statePro5_0_0_,
        address1_.postalCode as postalCode0_0_,
        address1_.country as country0_0_,
        address1_.studentNumber as studentN8_0_0_ 
    from
        Student this_ 
    left outer join
        Address address1_ 
            on this_.studentId=address1_.studentNumber 
    order by
        this_.studentId asc
14:18:13,514 DEBUG SQL:104 - 
    select
        secretcode0_.studentNumber as studentN1_4_0_,
        secretcode0_.secretCode as secretCode5_0_,
        secretcode0_.i as i0_ 
    from
        Student_secretCodes secretcode0_ 
    where
        secretcode0_.studentNumber=?
14:18:13,523 DEBUG SQL:104 - 
    select
        secretcode0_.studentNumber as studentN1_4_0_,
        secretcode0_.secretCode as secretCode5_0_,
        secretcode0_.i as i0_ 
    from
        Student_secretCodes secretcode0_ 
    where
        secretcode0_.studentNumber=?
14:18:13,524 DEBUG BaseGeneralDataRegion:59 - Caching[foo.org.hibernate.cache.internal.StandardQueryCache] : [sql: select this_.studentId as studentId4_1_, this_.name_first as name2_4_1_, this_.name_middle as name3_4_1_, this_.name_last as name4_4_1_, this_.preferredCourseCode as preferre5_4_1_, address1_.studentNumber as studentN8_4_3_, address1_.id as id0_3_, address1_.addressType as addressT2_3_, address1_.id as id0_0_, address1_.addressType as addressT2_0_0_, address1_.street as street0_0_, address1_.city as city0_0_, address1_.stateProvince as statePro5_0_0_, address1_.postalCode as postalCode0_0_, address1_.country as country0_0_, address1_.studentNumber as studentN8_0_0_ from Student this_ left outer join Address address1_ on this_.studentId=address1_.studentNumber order by this_.studentId asc; parameters: ; transformer: org.hibernate.transform.CacheableResultTransformer@13a525] -> [[5579090712674304, 111, 111, 999]]
14:18:13,525 DEBUG SQL:104 - 
    select
        this_.studentId as studentId4_1_,
        this_.name_first as name2_4_1_,
        this_.name_middle as name3_4_1_,
        this_.name_last as name4_4_1_,
        this_.preferredCourseCode as preferre5_4_1_,
        address1_.studentNumber as studentN8_4_3_,
        address1_.id as id0_3_,
        address1_.addressType as addressT2_3_,
        address1_.id as id0_0_,
        address1_.addressType as addressT2_0_0_,
        address1_.street as street0_0_,
        address1_.city as city0_0_,
        address1_.stateProvince as statePro5_0_0_,
        address1_.postalCode as postalCode0_0_,
        address1_.country as country0_0_,
        address1_.studentNumber as studentN8_0_0_ 
    from
        Student this_ 
    left outer join
        Address address1_ 
            on this_.studentId=address1_.studentNumber 
    order by
        this_.studentId asc
14:18:13,525 DEBUG SQL:104 - 
    select
        secretcode0_.studentNumber as studentN1_4_0_,
        secretcode0_.secretCode as secretCode5_0_,
        secretcode0_.i as i0_ 
    from
        Student_secretCodes secretcode0_ 
    where
        secretcode0_.studentNumber=?
14:18:13,526 DEBUG SQL:104 - 
    select
        secretcode0_.studentNumber as studentN1_4_0_,
        secretcode0_.secretCode as secretCode5_0_,
        secretcode0_.i as i0_ 
    from
        Student_secretCodes secretcode0_ 
    where
        secretcode0_.studentNumber=?
14:18:13,536 DEBUG BaseGeneralDataRegion:59 - Caching[foo.org.hibernate.cache.internal.StandardQueryCache] : [sql: select this_.studentId as studentId4_1_, this_.name_first as name2_4_1_, this_.name_middle as name3_4_1_, this_.name_last as name4_4_1_, this_.preferredCourseCode as preferre5_4_1_, address1_.studentNumber as studentN8_4_3_, address1_.id as id0_3_, address1_.addressType as addressT2_3_, address1_.id as id0_0_, address1_.addressType as addressT2_0_0_, address1_.street as street0_0_, address1_.city as city0_0_, address1_.stateProvince as statePro5_0_0_, address1_.postalCode as postalCode0_0_, address1_.country as country0_0_, address1_.studentNumber as studentN8_0_0_ from Student this_ left outer join Address address1_ on this_.studentId=address1_.studentNumber order by this_.studentId asc; parameters: ; transformer: org.hibernate.transform.CacheableResultTransformer@13a525] -> [[5579090712723456, 111, 111, 999]]
14:18:13,536 DEBUG SQL:104 - 
    select
        student_.studentId,
        student_.name_first as name2_4_,
        student_.name_middle as name3_4_,
        student_.name_last as name4_4_,
        student_.preferredCourseCode as preferre5_4_ 
    from
        Student student_ 
    where
        student_.studentId=?
14:18:13,537 DEBUG SQL:104 - 
    select
        enrolment_.studentId,
        enrolment_.courseCode,
        enrolment_.semester as semester3_,
        enrolment_."year" as year4_3_ 
    from
        Enrolment enrolment_ 
    where
        enrolment_.studentId=? 
        and enrolment_.courseCode=?
14:18:13,537 DEBUG SQL:104 - 
    select
        course_.courseCode,
        course_.description as descript2_1_ 
    from
        Course course_ 
    where
        course_.courseCode=?
14:18:13,546 DEBUG SQL:104 - 
    select
        student_.studentId,
        student_.name_first as name2_4_,
        student_.name_middle as name3_4_,
        student_.name_last as name4_4_,
        student_.preferredCourseCode as preferre5_4_ 
    from
        Student student_ 
    where
        student_.studentId=?
14:18:13,547 DEBUG SQL:104 - 
    select
        enrolment_.studentId,
        enrolment_.courseCode,
        enrolment_.semester as semester3_,
        enrolment_."year" as year4_3_ 
    from
        Enrolment enrolment_ 
    where
        enrolment_.studentId=? 
        and enrolment_.courseCode=?
14:18:13,547 DEBUG SQL:104 - 
    select
        coursemeet_.courseCode,
        coursemeet_.day,
        coursemeet_.period,
        coursemeet_.location 
    from
        CourseMeeting coursemeet_ 
    where
        coursemeet_.courseCode=? 
        and coursemeet_.day=? 
        and coursemeet_.period=? 
        and coursemeet_.location=?
14:18:13,547 DEBUG SQL:104 - 
    select
        coursemeet_.courseCode,
        coursemeet_.day,
        coursemeet_.period,
        coursemeet_.location 
    from
        CourseMeeting coursemeet_ 
    where
        coursemeet_.courseCode=? 
        and coursemeet_.day=? 
        and coursemeet_.period=? 
        and coursemeet_.location=?
14:18:13,568 DEBUG BaseGeneralDataRegion:59 - Caching[foo.org.hibernate.cache.spi.UpdateTimestampsCache] : [Enrolment] -> [5579090958614528]
14:18:13,569 DEBUG SQL:104 - 
    update
        Address 
    set
        studentNumber=null,
        addressType=null 
    where
        studentNumber=?
14:18:13,569 DEBUG BaseGeneralDataRegion:59 - Caching[foo.org.hibernate.cache.spi.UpdateTimestampsCache] : [Address] -> [5579090958618624]
14:18:13,569 DEBUG SQL:104 - 
    delete 
    from
        Student_secretCodes 
    where
        studentNumber=?
14:18:13,569 DEBUG BaseGeneralDataRegion:59 - Caching[foo.org.hibernate.cache.spi.UpdateTimestampsCache] : [Student_secretCodes] -> [5579090958618625]
14:18:13,569 DEBUG BaseGeneralDataRegion:59 - Caching[foo.org.hibernate.cache.spi.UpdateTimestampsCache] : [Enrolment] -> [5579090958618626]
14:18:13,569 DEBUG BaseGeneralDataRegion:59 - Caching[foo.org.hibernate.cache.spi.UpdateTimestampsCache] : [Address] -> [5579090958618627]
14:18:13,570 DEBUG SQL:104 - 
    delete 
    from
        Student_secretCodes 
    where
        studentNumber=?
14:18:13,570 DEBUG BaseGeneralDataRegion:59 - Caching[foo.org.hibernate.cache.spi.UpdateTimestampsCache] : [Student_secretCodes] -> [5579090958622720]
14:18:13,580 DEBUG BaseGeneralDataRegion:59 - Caching[foo.org.hibernate.cache.spi.UpdateTimestampsCache] : [CourseMeeting] -> [5579090958663680]
14:18:13,580 DEBUG SQL:104 - 
    delete 
    from
        Enrolment 
    where
        studentId=? 
        and courseCode=?
14:18:13,581 DEBUG BaseGeneralDataRegion:59 - Caching[foo.org.hibernate.cache.spi.UpdateTimestampsCache] : [Enrolment] -> [5579090958667776]
14:18:13,581 DEBUG SQL:104 - 
    delete 
    from
        Address 
    where
        id=?
14:18:13,581 DEBUG BaseGeneralDataRegion:59 - Caching[foo.org.hibernate.cache.spi.UpdateTimestampsCache] : [Address] -> [5579090958667777]
14:18:13,581 DEBUG SQL:104 - 
    delete 
    from
        Address 
    where
        id=?
14:18:13,581 DEBUG BaseGeneralDataRegion:59 - Caching[foo.org.hibernate.cache.spi.UpdateTimestampsCache] : [Address] -> [5579090958667778]
14:18:13,582 DEBUG SQL:104 - 
    delete 
    from
        Student 
    where
        studentId=?
14:18:13,582 DEBUG BaseGeneralDataRegion:59 - Caching[foo.org.hibernate.cache.spi.UpdateTimestampsCache] : [Student] -> [5579090958671872]
14:18:13,598 DEBUG SQL:104 - 
    delete 
    from
        Enrolment 
    where
        studentId=? 
        and courseCode=?
14:18:13,599 DEBUG BaseGeneralDataRegion:59 - Caching[foo.org.hibernate.cache.spi.UpdateTimestampsCache] : [Enrolment] -> [5579090958741504]
14:18:13,599 DEBUG SQL:104 - 
    delete 
    from
        Student 
    where
        studentId=?
14:18:13,599 DEBUG BaseGeneralDataRegion:59 - Caching[foo.org.hibernate.cache.spi.UpdateTimestampsCache] : [Student] -> [5579090958741505]
14:18:13,599 DEBUG SQL:104 - 
    delete 
    from
        CourseMeeting 
    where
        courseCode=? 
        and day=? 
        and period=? 
        and location=?
14:18:13,600 DEBUG BaseGeneralDataRegion:59 - Caching[foo.org.hibernate.cache.spi.UpdateTimestampsCache] : [CourseMeeting] -> [5579090958745600]
14:18:13,600 DEBUG SQL:104 - 
    delete 
    from
        CourseMeeting 
    where
        courseCode=? 
        and day=? 
        and period=? 
        and location=?
14:18:13,600 DEBUG BaseGeneralDataRegion:59 - Caching[foo.org.hibernate.cache.spi.UpdateTimestampsCache] : [CourseMeeting] -> [5579090958745601]
14:18:13,600 DEBUG SQL:104 - 
    delete 
    from
        Course 
    where
        courseCode=?
14:18:13,600 DEBUG BaseGeneralDataRegion:59 - Caching[foo.org.hibernate.cache.spi.UpdateTimestampsCache] : [Course] -> [5579090958745602]
14:18:13,600 DEBUG BaseGeneralDataRegion:59 - Caching[foo.org.hibernate.cache.spi.UpdateTimestampsCache] : [Student] -> [5579090712985603]
14:18:13,601 DEBUG BaseGeneralDataRegion:59 - Caching[foo.org.hibernate.cache.spi.UpdateTimestampsCache] : [Course] -> [5579090712985603]
14:18:13,601 DEBUG BaseGeneralDataRegion:59 - Caching[foo.org.hibernate.cache.spi.UpdateTimestampsCache] : [Enrolment] -> [5579090712985603]
14:18:13,601 DEBUG BaseGeneralDataRegion:59 - Caching[foo.org.hibernate.cache.spi.UpdateTimestampsCache] : [Student_secretCodes] -> [5579090712985603]
14:18:13,601 DEBUG BaseGeneralDataRegion:59 - Caching[foo.org.hibernate.cache.spi.UpdateTimestampsCache] : [Address] -> [5579090712985603]
14:18:13,601 DEBUG BaseGeneralDataRegion:59 - Caching[foo.org.hibernate.cache.spi.UpdateTimestampsCache] : [CourseMeeting] -> [5579090712985603]
14:18:13,601 DEBUG SQL:104 - 
    select
        coursemeet_.courseCode,
        coursemeet_.day,
        coursemeet_.period,
        coursemeet_.location 
    from
        CourseMeeting coursemeet_ 
    where
        coursemeet_.courseCode=? 
        and coursemeet_.day=? 
        and coursemeet_.period=? 
        and coursemeet_.location=?
14:18:13,611 DEBUG SQL:104 - 
    select
        coursemeet_.courseCode,
        coursemeet_.day,
        coursemeet_.period,
        coursemeet_.location 
    from
        CourseMeeting coursemeet_ 
    where
        coursemeet_.courseCode=? 
        and coursemeet_.day=? 
        and coursemeet_.period=? 
        and coursemeet_.location=?
14:18:13,612 DEBUG SQL:104 - 
    insert 
    into
        Course
        (description, courseCode) 
    values
        (?, ?)
14:18:13,612 DEBUG BaseGeneralDataRegion:59 - Caching[foo.org.hibernate.cache.spi.UpdateTimestampsCache] : [Course] -> [5579090958794752]
14:18:13,612 DEBUG SQL:104 - 
    insert 
    into
        CourseMeeting
        (courseCode, day, period, location) 
    values
        (?, ?, ?, ?)
14:18:13,613 DEBUG BaseGeneralDataRegion:59 - Caching[foo.org.hibernate.cache.spi.UpdateTimestampsCache] : [CourseMeeting] -> [5579090958798848]
14:18:13,623 DEBUG SQL:104 - 
    insert 
    into
        CourseMeeting
        (courseCode, day, period, location) 
    values
        (?, ?, ?, ?)
14:18:13,624 DEBUG BaseGeneralDataRegion:59 - Caching[foo.org.hibernate.cache.spi.UpdateTimestampsCache] : [CourseMeeting] -> [5579090958843904]
14:18:13,624 DEBUG SQL:104 - 
    insert 
    into
        Student
        (name_first, name_middle, name_last, preferredCourseCode, studentId) 
    values
        (?, ?, ?, ?, ?)
14:18:13,624 DEBUG BaseGeneralDataRegion:59 - Caching[foo.org.hibernate.cache.spi.UpdateTimestampsCache] : [Student] -> [5579090958843905]
14:18:13,624 DEBUG SQL:104 - 
    insert 
    into
        Address
        (addressType, street, city, stateProvince, postalCode, country, studentNumber, id) 
    values
        (?, ?, ?, ?, ?, ?, ?, ?)
14:18:13,624 DEBUG BaseGeneralDataRegion:59 - Caching[foo.org.hibernate.cache.spi.UpdateTimestampsCache] : [Address] -> [5579090958843906]
14:18:13,624 DEBUG SQL:104 - 
    insert 
    into
        Address
        (addressType, street, city, stateProvince, postalCode, country, studentNumber, id) 
    values
        (?, ?, ?, ?, ?, ?, ?, ?)
14:18:13,636 DEBUG BaseGeneralDataRegion:59 - Caching[foo.org.hibernate.cache.spi.UpdateTimestampsCache] : [Address] -> [5579090958893056]
14:18:13,636 DEBUG SQL:104 - 
    insert 
    into
        Student
        (name_first, name_middle, name_last, preferredCourseCode, studentId) 
    values
        (?, ?, ?, ?, ?)
14:18:13,649 DEBUG BaseGeneralDataRegion:59 - Caching[foo.org.hibernate.cache.spi.UpdateTimestampsCache] : [Student] -> [5579090958946304]
14:18:13,650 DEBUG SQL:104 - 
    insert 
    into
        Enrolment
        (semester, "year", studentId, courseCode) 
    values
        (?, ?, ?, ?)
14:18:13,650 DEBUG BaseGeneralDataRegion:59 - Caching[foo.org.hibernate.cache.spi.UpdateTimestampsCache] : [Enrolment] -> [5579090958950400]
14:18:13,650 DEBUG SQL:104 - 
    insert 
    into
        Enrolment
        (semester, "year", studentId, courseCode) 
    values
        (?, ?, ?, ?)
14:18:13,650 DEBUG BaseGeneralDataRegion:59 - Caching[foo.org.hibernate.cache.spi.UpdateTimestampsCache] : [Enrolment] -> [5579090958950401]
14:18:13,650 DEBUG BaseGeneralDataRegion:59 - Caching[foo.org.hibernate.cache.spi.UpdateTimestampsCache] : [CourseMeeting] -> [5579090958950402]
14:18:13,651 DEBUG BaseGeneralDataRegion:59 - Caching[foo.org.hibernate.cache.spi.UpdateTimestampsCache] : [Enrolment] -> [5579090958954496]
14:18:13,651 DEBUG SQL:104 - 
    update
        Address 
    set
        studentNumber=?,
        addressType=? 
    where
        id=?
14:18:13,651 DEBUG SQL:104 - 
    update
        Address 
    set
        studentNumber=?,
        addressType=? 
    where
        id=?
14:18:13,651 DEBUG BaseGeneralDataRegion:59 - Caching[foo.org.hibernate.cache.spi.UpdateTimestampsCache] : [Address] -> [5579090958954497]
14:18:13,651 DEBUG SQL:104 - 
    insert 
    into
        Student_secretCodes
        (studentNumber, i, secretCode) 
    values
        (?, ?, ?)
14:18:13,651 DEBUG BaseGeneralDataRegion:59 - Caching[foo.org.hibernate.cache.spi.UpdateTimestampsCache] : [Student_secretCodes] -> [5579090958954498]
14:18:13,651 DEBUG BaseGeneralDataRegion:59 - Caching[foo.org.hibernate.cache.spi.UpdateTimestampsCache] : [Enrolment] -> [5579090958954499]
14:18:13,652 DEBUG BaseGeneralDataRegion:59 - Caching[foo.org.hibernate.cache.spi.UpdateTimestampsCache] : [Address] -> [5579090958958592]
14:18:13,652 DEBUG SQL:104 - 
    insert 
    into
        Student_secretCodes
        (studentNumber, i, secretCode) 
    values
        (?, ?, ?)
14:18:13,652 DEBUG SQL:104 - 
    insert 
    into
        Student_secretCodes
        (studentNumber, i, secretCode) 
    values
        (?, ?, ?)
14:18:13,652 DEBUG BaseGeneralDataRegion:59 - Caching[foo.org.hibernate.cache.spi.UpdateTimestampsCache] : [Student_secretCodes] -> [5579090958958593]
14:18:13,652 DEBUG BaseGeneralDataRegion:59 - Caching[foo.org.hibernate.cache.spi.UpdateTimestampsCache] : [Student] -> [5579090713198594]
14:18:13,652 DEBUG BaseGeneralDataRegion:59 - Caching[foo.org.hibernate.cache.spi.UpdateTimestampsCache] : [Course] -> [5579090713198594]
14:18:13,652 DEBUG BaseGeneralDataRegion:59 - Caching[foo.org.hibernate.cache.spi.UpdateTimestampsCache] : [Enrolment] -> [5579090713198594]
14:18:13,652 DEBUG BaseGeneralDataRegion:59 - Caching[foo.org.hibernate.cache.spi.UpdateTimestampsCache] : [Student_secretCodes] -> [5579090713198594]
14:18:13,652 DEBUG BaseGeneralDataRegion:59 - Caching[foo.org.hibernate.cache.spi.UpdateTimestampsCache] : [Address] -> [5579090713198594]
14:18:13,653 DEBUG BaseGeneralDataRegion:59 - Caching[foo.org.hibernate.cache.spi.UpdateTimestampsCache] : [CourseMeeting] -> [5579090713198594]
14:18:13,653 DEBUG SQL:104 - 
    select
        this_.studentId as studentId4_1_,
        this_.name_first as name2_4_1_,
        this_.name_middle as name3_4_1_,
        this_.name_last as name4_4_1_,
        this_.preferredCourseCode as preferre5_4_1_,
        a1_.studentNumber as studentN8_4_3_,
        a1_.id as id0_3_,
        a1_.addressType as addressT2_3_,
        a1_.id as id0_0_,
        a1_.addressType as addressT2_0_0_,
        a1_.street as street0_0_,
        a1_.city as city0_0_,
        a1_.stateProvince as statePro5_0_0_,
        a1_.postalCode as postalCode0_0_,
        a1_.country as country0_0_,
        a1_.studentNumber as studentN8_0_0_ 
    from
        Student this_ 
    left outer join
        Address a1_ 
            on this_.studentId=a1_.studentNumber 
    order by
        this_.studentId asc
14:18:13,666 DEBUG SQL:104 - 
    select
        secretcode0_.studentNumber as studentN1_4_0_,
        secretcode0_.secretCode as secretCode5_0_,
        secretcode0_.i as i0_ 
    from
        Student_secretCodes secretcode0_ 
    where
        secretcode0_.studentNumber=?
14:18:13,667 DEBUG SQL:104 - 
    select
        secretcode0_.studentNumber as studentN1_4_0_,
        secretcode0_.secretCode as secretCode5_0_,
        secretcode0_.i as i0_ 
    from
        Student_secretCodes secretcode0_ 
    where
        secretcode0_.studentNumber=?
14:18:13,667 DEBUG BaseGeneralDataRegion:59 - Caching[foo.org.hibernate.cache.internal.StandardQueryCache] : [sql: select this_.studentId as studentId4_1_, this_.name_first as name2_4_1_, this_.name_middle as name3_4_1_, this_.name_last as name4_4_1_, this_.preferredCourseCode as preferre5_4_1_, a1_.studentNumber as studentN8_4_3_, a1_.id as id0_3_, a1_.addressType as addressT2_3_, a1_.id as id0_0_, a1_.addressType as addressT2_0_0_, a1_.street as street0_0_, a1_.city as city0_0_, a1_.stateProvince as statePro5_0_0_, a1_.postalCode as postalCode0_0_, a1_.country as country0_0_, a1_.studentNumber as studentN8_0_0_ from Student this_ left outer join Address a1_ on this_.studentId=a1_.studentNumber order by this_.studentId asc; parameters: ; transformer: org.hibernate.transform.CacheableResultTransformer@14031e] -> [[5579090713260032, 111, 111, 999]]
14:18:13,676 DEBUG SQL:104 - 
    select
        this_.studentId as studentId4_1_,
        this_.name_first as name2_4_1_,
        this_.name_middle as name3_4_1_,
        this_.name_last as name4_4_1_,
        this_.preferredCourseCode as preferre5_4_1_,
        a1_.studentNumber as studentN8_4_3_,
        a1_.id as id0_3_,
        a1_.addressType as addressT2_3_,
        a1_.id as id0_0_,
        a1_.addressType as addressT2_0_0_,
        a1_.street as street0_0_,
        a1_.city as city0_0_,
        a1_.stateProvince as statePro5_0_0_,
        a1_.postalCode as postalCode0_0_,
        a1_.country as country0_0_,
        a1_.studentNumber as studentN8_0_0_ 
    from
        Student this_ 
    left outer join
        Address a1_ 
            on this_.studentId=a1_.studentNumber 
    order by
        this_.studentId asc
14:18:13,677 DEBUG SQL:104 - 
    select
        secretcode0_.studentNumber as studentN1_4_0_,
        secretcode0_.secretCode as secretCode5_0_,
        secretcode0_.i as i0_ 
    from
        Student_secretCodes secretcode0_ 
    where
        secretcode0_.studentNumber=?
14:18:13,677 DEBUG SQL:104 - 
    select
        secretcode0_.studentNumber as studentN1_4_0_,
        secretcode0_.secretCode as secretCode5_0_,
        secretcode0_.i as i0_ 
    from
        Student_secretCodes secretcode0_ 
    where
        secretcode0_.studentNumber=?
14:18:13,678 DEBUG BaseGeneralDataRegion:59 - Caching[foo.org.hibernate.cache.internal.StandardQueryCache] : [sql: select this_.studentId as studentId4_1_, this_.name_first as name2_4_1_, this_.name_middle as name3_4_1_, this_.name_last as name4_4_1_, this_.preferredCourseCode as preferre5_4_1_, a1_.studentNumber as studentN8_4_3_, a1_.id as id0_3_, a1_.addressType as addressT2_3_, a1_.id as id0_0_, a1_.addressType as addressT2_0_0_, a1_.street as street0_0_, a1_.city as city0_0_, a1_.stateProvince as statePro5_0_0_, a1_.postalCode as postalCode0_0_, a1_.country as country0_0_, a1_.studentNumber as studentN8_0_0_ from Student this_ left outer join Address a1_ on this_.studentId=a1_.studentNumber order by this_.studentId asc; parameters: ; transformer: org.hibernate.transform.CacheableResultTransformer@14031e] -> [[5579090713305088, 111, 111, 999]]
14:18:13,678 DEBUG SQL:104 - 
    select
        student_.studentId,
        student_.name_first as name2_4_,
        student_.name_middle as name3_4_,
        student_.name_last as name4_4_,
        student_.preferredCourseCode as preferre5_4_ 
    from
        Student student_ 
    where
        student_.studentId=?
14:18:13,699 DEBUG SQL:104 - 
    select
        enrolment_.studentId,
        enrolment_.courseCode,
        enrolment_.semester as semester3_,
        enrolment_."year" as year4_3_ 
    from
        Enrolment enrolment_ 
    where
        enrolment_.studentId=? 
        and enrolment_.courseCode=?
14:18:13,699 DEBUG SQL:104 - 
    select
        course_.courseCode,
        course_.description as descript2_1_ 
    from
        Course course_ 
    where
        course_.courseCode=?
14:18:13,700 DEBUG SQL:104 - 
    select
        student_.studentId,
        student_.name_first as name2_4_,
        student_.name_middle as name3_4_,
        student_.name_last as name4_4_,
        student_.preferredCourseCode as preferre5_4_ 
    from
        Student student_ 
    where
        student_.studentId=?
14:18:13,710 DEBUG SQL:104 - 
    select
        enrolment_.studentId,
        enrolment_.courseCode,
        enrolment_.semester as semester3_,
        enrolment_."year" as year4_3_ 
    from
        Enrolment enrolment_ 
    where
        enrolment_.studentId=? 
        and enrolment_.courseCode=?
14:18:13,710 DEBUG SQL:104 - 
    select
        coursemeet_.courseCode,
        coursemeet_.day,
        coursemeet_.period,
        coursemeet_.location 
    from
        CourseMeeting coursemeet_ 
    where
        coursemeet_.courseCode=? 
        and coursemeet_.day=? 
        and coursemeet_.period=? 
        and coursemeet_.location=?
14:18:13,720 DEBUG SQL:104 - 
    select
        coursemeet_.courseCode,
        coursemeet_.day,
        coursemeet_.period,
        coursemeet_.location 
    from
        CourseMeeting coursemeet_ 
    where
        coursemeet_.courseCode=? 
        and coursemeet_.day=? 
        and coursemeet_.period=? 
        and coursemeet_.location=?
14:18:13,721 DEBUG BaseGeneralDataRegion:59 - Caching[foo.org.hibernate.cache.spi.UpdateTimestampsCache] : [Enrolment] -> [5579090959241216]
14:18:13,721 DEBUG SQL:104 - 
    update
        Address 
    set
        studentNumber=null,
        addressType=null 
    where
        studentNumber=?
14:18:13,721 DEBUG BaseGeneralDataRegion:59 - Caching[foo.org.hibernate.cache.spi.UpdateTimestampsCache] : [Address] -> [5579090959241217]
14:18:13,721 DEBUG SQL:104 - 
    delete 
    from
        Student_secretCodes 
    where
        studentNumber=?
14:18:13,732 DEBUG BaseGeneralDataRegion:59 - Caching[foo.org.hibernate.cache.spi.UpdateTimestampsCache] : [Student_secretCodes] -> [5579090959286272]
14:18:13,732 DEBUG BaseGeneralDataRegion:59 - Caching[foo.org.hibernate.cache.spi.UpdateTimestampsCache] : [Enrolment] -> [5579090959286273]
14:18:13,732 DEBUG BaseGeneralDataRegion:59 - Caching[foo.org.hibernate.cache.spi.UpdateTimestampsCache] : [Address] -> [5579090959286274]
14:18:13,732 DEBUG SQL:104 - 
    delete 
    from
        Student_secretCodes 
    where
        studentNumber=?
14:18:13,733 DEBUG BaseGeneralDataRegion:59 - Caching[foo.org.hibernate.cache.spi.UpdateTimestampsCache] : [Student_secretCodes] -> [5579090959290368]
14:18:13,733 DEBUG BaseGeneralDataRegion:59 - Caching[foo.org.hibernate.cache.spi.UpdateTimestampsCache] : [CourseMeeting] -> [5579090959290369]
14:18:13,733 DEBUG SQL:104 - 
    delete 
    from
        Enrolment 
    where
        studentId=? 
        and courseCode=?
14:18:13,733 DEBUG BaseGeneralDataRegion:59 - Caching[foo.org.hibernate.cache.spi.UpdateTimestampsCache] : [Enrolment] -> [5579090959290370]
14:18:13,733 DEBUG SQL:104 - 
    delete 
    from
        Address 
    where
        id=?
14:18:13,734 DEBUG BaseGeneralDataRegion:59 - Caching[foo.org.hibernate.cache.spi.UpdateTimestampsCache] : [Address] -> [5579090959294464]
14:18:13,734 DEBUG SQL:104 - 
    delete 
    from
        Address 
    where
        id=?
14:18:13,742 DEBUG BaseGeneralDataRegion:59 - Caching[foo.org.hibernate.cache.spi.UpdateTimestampsCache] : [Address] -> [5579090959327232]
14:18:13,742 DEBUG SQL:104 - 
    delete 
    from
        Student 
    where
        studentId=?
14:18:13,743 DEBUG BaseGeneralDataRegion:59 - Caching[foo.org.hibernate.cache.spi.UpdateTimestampsCache] : [Student] -> [5579090959331328]
14:18:13,743 DEBUG SQL:104 - 
    delete 
    from
        Enrolment 
    where
        studentId=? 
        and courseCode=?
14:18:13,743 DEBUG BaseGeneralDataRegion:59 - Caching[foo.org.hibernate.cache.spi.UpdateTimestampsCache] : [Enrolment] -> [5579090959331329]
14:18:13,743 DEBUG SQL:104 - 
    delete 
    from
        Student 
    where
        studentId=?
14:18:13,743 DEBUG BaseGeneralDataRegion:59 - Caching[foo.org.hibernate.cache.spi.UpdateTimestampsCache] : [Student] -> [5579090959331330]
14:18:13,744 DEBUG SQL:104 - 
    delete 
    from
        CourseMeeting 
    where
        courseCode=? 
        and day=? 
        and period=? 
        and location=?
14:18:13,754 DEBUG BaseGeneralDataRegion:59 - Caching[foo.org.hibernate.cache.spi.UpdateTimestampsCache] : [CourseMeeting] -> [5579090959376384]
14:18:13,754 DEBUG SQL:104 - 
    delete 
    from
        CourseMeeting 
    where
        courseCode=? 
        and day=? 
        and period=? 
        and location=?
14:18:13,754 DEBUG BaseGeneralDataRegion:59 - Caching[foo.org.hibernate.cache.spi.UpdateTimestampsCache] : [CourseMeeting] -> [5579090959376385]
14:18:13,755 DEBUG SQL:104 - 
    delete 
    from
        Course 
    where
        courseCode=?
14:18:13,755 DEBUG BaseGeneralDataRegion:59 - Caching[foo.org.hibernate.cache.spi.UpdateTimestampsCache] : [Course] -> [5579090959380480]
14:18:13,755 DEBUG BaseGeneralDataRegion:59 - Caching[foo.org.hibernate.cache.spi.UpdateTimestampsCache] : [Student] -> [5579090713620481]
14:18:13,755 DEBUG BaseGeneralDataRegion:59 - Caching[foo.org.hibernate.cache.spi.UpdateTimestampsCache] : [Course] -> [5579090713620481]
14:18:13,755 DEBUG BaseGeneralDataRegion:59 - Caching[foo.org.hibernate.cache.spi.UpdateTimestampsCache] : [Enrolment] -> [5579090713620481]
14:18:13,755 DEBUG BaseGeneralDataRegion:59 - Caching[foo.org.hibernate.cache.spi.UpdateTimestampsCache] : [Student_secretCodes] -> [5579090713620481]
14:18:13,755 DEBUG BaseGeneralDataRegion:59 - Caching[foo.org.hibernate.cache.spi.UpdateTimestampsCache] : [Address] -> [5579090713620481]
14:18:13,765 DEBUG BaseGeneralDataRegion:59 - Caching[foo.org.hibernate.cache.spi.UpdateTimestampsCache] : [CourseMeeting] -> [5579090713620481]
14:18:13,765 DEBUG SQL:104 - 
    select
        coursemeet_.courseCode,
        coursemeet_.day,
        coursemeet_.period,
        coursemeet_.location 
    from
        CourseMeeting coursemeet_ 
    where
        coursemeet_.courseCode=? 
        and coursemeet_.day=? 
        and coursemeet_.period=? 
        and coursemeet_.location=?
14:18:13,766 DEBUG SQL:104 - 
    select
        coursemeet_.courseCode,
        coursemeet_.day,
        coursemeet_.period,
        coursemeet_.location 
    from
        CourseMeeting coursemeet_ 
    where
        coursemeet_.courseCode=? 
        and coursemeet_.day=? 
        and coursemeet_.period=? 
        and coursemeet_.location=?
14:18:13,767 DEBUG SQL:104 - 
    insert 
    into
        Course
        (description, courseCode) 
    values
        (?, ?)
14:18:13,778 DEBUG BaseGeneralDataRegion:59 - Caching[foo.org.hibernate.cache.spi.UpdateTimestampsCache] : [Course] -> [5579090959474688]
14:18:13,778 DEBUG SQL:104 - 
    insert 
    into
        CourseMeeting
        (courseCode, day, period, location) 
    values
        (?, ?, ?, ?)
14:18:13,779 DEBUG BaseGeneralDataRegion:59 - Caching[foo.org.hibernate.cache.spi.UpdateTimestampsCache] : [CourseMeeting] -> [5579090959478784]
14:18:13,779 DEBUG SQL:104 - 
    insert 
    into
        CourseMeeting
        (courseCode, day, period, location) 
    values
        (?, ?, ?, ?)
14:18:13,779 DEBUG BaseGeneralDataRegion:59 - Caching[foo.org.hibernate.cache.spi.UpdateTimestampsCache] : [CourseMeeting] -> [5579090959478785]
14:18:13,779 DEBUG SQL:104 - 
    insert 
    into
        Student
        (name_first, name_middle, name_last, preferredCourseCode, studentId) 
    values
        (?, ?, ?, ?, ?)
14:18:13,779 DEBUG BaseGeneralDataRegion:59 - Caching[foo.org.hibernate.cache.spi.UpdateTimestampsCache] : [Student] -> [5579090959478786]
14:18:13,779 DEBUG SQL:104 - 
    insert 
    into
        Address
        (addressType, street, city, stateProvince, postalCode, country, studentNumber, id) 
    values
        (?, ?, ?, ?, ?, ?, ?, ?)
14:18:13,780 DEBUG BaseGeneralDataRegion:59 - Caching[foo.org.hibernate.cache.spi.UpdateTimestampsCache] : [Address] -> [5579090959482880]
14:18:13,780 DEBUG SQL:104 - 
    insert 
    into
        Address
        (addressType, street, city, stateProvince, postalCode, country, studentNumber, id) 
    values
        (?, ?, ?, ?, ?, ?, ?, ?)
14:18:13,780 DEBUG BaseGeneralDataRegion:59 - Caching[foo.org.hibernate.cache.spi.UpdateTimestampsCache] : [Address] -> [5579090959482881]
14:18:13,780 DEBUG SQL:104 - 
    insert 
    into
        Student
        (name_first, name_middle, name_last, preferredCourseCode, studentId) 
    values
        (?, ?, ?, ?, ?)
14:18:13,780 DEBUG BaseGeneralDataRegion:59 - Caching[foo.org.hibernate.cache.spi.UpdateTimestampsCache] : [Student] -> [5579090959482882]
14:18:13,780 DEBUG SQL:104 - 
    insert 
    into
        Enrolment
        (semester, "year", studentId, courseCode) 
    values
        (?, ?, ?, ?)
14:18:13,791 DEBUG BaseGeneralDataRegion:59 - Caching[foo.org.hibernate.cache.spi.UpdateTimestampsCache] : [Enrolment] -> [5579090959527936]
14:18:13,791 DEBUG SQL:104 - 
    insert 
    into
        Enrolment
        (semester, "year", studentId, courseCode) 
    values
        (?, ?, ?, ?)
14:18:13,791 DEBUG BaseGeneralDataRegion:59 - Caching[foo.org.hibernate.cache.spi.UpdateTimestampsCache] : [Enrolment] -> [5579090959527937]
14:18:13,791 DEBUG BaseGeneralDataRegion:59 - Caching[foo.org.hibernate.cache.spi.UpdateTimestampsCache] : [CourseMeeting] -> [5579090959527938]
14:18:13,792 DEBUG BaseGeneralDataRegion:59 - Caching[foo.org.hibernate.cache.spi.UpdateTimestampsCache] : [Enrolment] -> [5579090959527939]
14:18:13,792 DEBUG SQL:104 - 
    update
        Address 
    set
        studentNumber=?,
        addressType=? 
    where
        id=?
14:18:13,792 DEBUG SQL:104 - 
    update
        Address 
    set
        studentNumber=?,
        addressType=? 
    where
        id=?
14:18:13,792 DEBUG BaseGeneralDataRegion:59 - Caching[foo.org.hibernate.cache.spi.UpdateTimestampsCache] : [Address] -> [5579090959532032]
14:18:13,792 DEBUG SQL:104 - 
    insert 
    into
        Student_secretCodes
        (studentNumber, i, secretCode) 
    values
        (?, ?, ?)
14:18:13,800 DEBUG BaseGeneralDataRegion:59 - Caching[foo.org.hibernate.cache.spi.UpdateTimestampsCache] : [Student_secretCodes] -> [5579090959564800]
14:18:13,800 DEBUG BaseGeneralDataRegion:59 - Caching[foo.org.hibernate.cache.spi.UpdateTimestampsCache] : [Enrolment] -> [5579090959564801]
14:18:13,800 DEBUG BaseGeneralDataRegion:59 - Caching[foo.org.hibernate.cache.spi.UpdateTimestampsCache] : [Address] -> [5579090959564802]
14:18:13,800 DEBUG SQL:104 - 
    insert 
    into
        Student_secretCodes
        (studentNumber, i, secretCode) 
    values
        (?, ?, ?)
14:18:13,800 DEBUG SQL:104 - 
    insert 
    into
        Student_secretCodes
        (studentNumber, i, secretCode) 
    values
        (?, ?, ?)
14:18:13,800 DEBUG BaseGeneralDataRegion:59 - Caching[foo.org.hibernate.cache.spi.UpdateTimestampsCache] : [Student_secretCodes] -> [5579090959564803]
14:18:13,801 DEBUG BaseGeneralDataRegion:59 - Caching[foo.org.hibernate.cache.spi.UpdateTimestampsCache] : [Student] -> [5579090713808896]
14:18:13,801 DEBUG BaseGeneralDataRegion:59 - Caching[foo.org.hibernate.cache.spi.UpdateTimestampsCache] : [Course] -> [5579090713808896]
14:18:13,801 DEBUG BaseGeneralDataRegion:59 - Caching[foo.org.hibernate.cache.spi.UpdateTimestampsCache] : [Enrolment] -> [5579090713808896]
14:18:13,801 DEBUG BaseGeneralDataRegion:59 - Caching[foo.org.hibernate.cache.spi.UpdateTimestampsCache] : [Student_secretCodes] -> [5579090713808896]
14:18:13,801 DEBUG BaseGeneralDataRegion:59 - Caching[foo.org.hibernate.cache.spi.UpdateTimestampsCache] : [Address] -> [5579090713808896]
14:18:13,801 DEBUG BaseGeneralDataRegion:59 - Caching[foo.org.hibernate.cache.spi.UpdateTimestampsCache] : [CourseMeeting] -> [5579090713808896]
14:18:13,802 DEBUG SQL:104 - 
    select
        this_.studentId as studentId4_1_,
        this_.name_first as name2_4_1_,
        this_.name_middle as name3_4_1_,
        this_.name_last as name4_4_1_,
        this_.preferredCourseCode as preferre5_4_1_,
        a1_.studentNumber as studentN8_4_3_,
        a1_.id as id0_3_,
        a1_.addressType as addressT2_3_,
        a1_.id as id0_0_,
        a1_.addressType as addressT2_0_0_,
        a1_.street as street0_0_,
        a1_.city as city0_0_,
        a1_.stateProvince as statePro5_0_0_,
        a1_.postalCode as postalCode0_0_,
        a1_.country as country0_0_,
        a1_.studentNumber as studentN8_0_0_ 
    from
        Student this_ 
    left outer join
        Address a1_ 
            on this_.studentId=a1_.studentNumber 
    order by
        this_.studentId asc
14:18:13,823 DEBUG SQL:104 - 
    select
        secretcode0_.studentNumber as studentN1_4_0_,
        secretcode0_.secretCode as secretCode5_0_,
        secretcode0_.i as i0_ 
    from
        Student_secretCodes secretcode0_ 
    where
        secretcode0_.studentNumber=?
14:18:13,824 DEBUG SQL:104 - 
    select
        secretcode0_.studentNumber as studentN1_4_0_,
        secretcode0_.secretCode as secretCode5_0_,
        secretcode0_.i as i0_ 
    from
        Student_secretCodes secretcode0_ 
    where
        secretcode0_.studentNumber=?
14:18:13,824 DEBUG BaseGeneralDataRegion:59 - Caching[foo.org.hibernate.cache.internal.StandardQueryCache] : [sql: select this_.studentId as studentId4_1_, this_.name_first as name2_4_1_, this_.name_middle as name3_4_1_, this_.name_last as name4_4_1_, this_.preferredCourseCode as preferre5_4_1_, a1_.studentNumber as studentN8_4_3_, a1_.id as id0_3_, a1_.addressType as addressT2_3_, a1_.id as id0_0_, a1_.addressType as addressT2_0_0_, a1_.street as street0_0_, a1_.city as city0_0_, a1_.stateProvince as statePro5_0_0_, a1_.postalCode as postalCode0_0_, a1_.country as country0_0_, a1_.studentNumber as studentN8_0_0_ from Student this_ left outer join Address a1_ on this_.studentId=a1_.studentNumber order by this_.studentId asc; parameters: ; transformer: org.hibernate.transform.CacheableResultTransformer@14031e] -> [[5579090713903104, 111, 111, 999]]
14:18:13,825 DEBUG SQL:104 - 
    select
        this_.studentId as studentId4_1_,
        this_.name_first as name2_4_1_,
        this_.name_middle as name3_4_1_,
        this_.name_last as name4_4_1_,
        this_.preferredCourseCode as preferre5_4_1_,
        a1_.studentNumber as studentN8_4_3_,
        a1_.id as id0_3_,
        a1_.addressType as addressT2_3_,
        a1_.id as id0_0_,
        a1_.addressType as addressT2_0_0_,
        a1_.street as street0_0_,
        a1_.city as city0_0_,
        a1_.stateProvince as statePro5_0_0_,
        a1_.postalCode as postalCode0_0_,
        a1_.country as country0_0_,
        a1_.studentNumber as studentN8_0_0_ 
    from
        Student this_ 
    left outer join
        Address a1_ 
            on this_.studentId=a1_.studentNumber 
    order by
        this_.studentId asc
14:18:13,834 DEBUG SQL:104 - 
    select
        secretcode0_.studentNumber as studentN1_4_0_,
        secretcode0_.secretCode as secretCode5_0_,
        secretcode0_.i as i0_ 
    from
        Student_secretCodes secretcode0_ 
    where
        secretcode0_.studentNumber=?
14:18:13,844 DEBUG SQL:104 - 
    select
        secretcode0_.studentNumber as studentN1_4_0_,
        secretcode0_.secretCode as secretCode5_0_,
        secretcode0_.i as i0_ 
    from
        Student_secretCodes secretcode0_ 
    where
        secretcode0_.studentNumber=?
14:18:13,844 DEBUG BaseGeneralDataRegion:59 - Caching[foo.org.hibernate.cache.internal.StandardQueryCache] : [sql: select this_.studentId as studentId4_1_, this_.name_first as name2_4_1_, this_.name_middle as name3_4_1_, this_.name_last as name4_4_1_, this_.preferredCourseCode as preferre5_4_1_, a1_.studentNumber as studentN8_4_3_, a1_.id as id0_3_, a1_.addressType as addressT2_3_, a1_.id as id0_0_, a1_.addressType as addressT2_0_0_, a1_.street as street0_0_, a1_.city as city0_0_, a1_.stateProvince as statePro5_0_0_, a1_.postalCode as postalCode0_0_, a1_.country as country0_0_, a1_.studentNumber as studentN8_0_0_ from Student this_ left outer join Address a1_ on this_.studentId=a1_.studentNumber order by this_.studentId asc; parameters: ; transformer: org.hibernate.transform.CacheableResultTransformer@14031e] -> [[5579090713985024, 111, 111, 999]]
14:18:13,845 DEBUG SQL:104 - 
    select
        student_.studentId,
        student_.name_first as name2_4_,
        student_.name_middle as name3_4_,
        student_.name_last as name4_4_,
        student_.preferredCourseCode as preferre5_4_ 
    from
        Student student_ 
    where
        student_.studentId=?
14:18:13,845 DEBUG SQL:104 - 
    select
        enrolment_.studentId,
        enrolment_.courseCode,
        enrolment_.semester as semester3_,
        enrolment_."year" as year4_3_ 
    from
        Enrolment enrolment_ 
    where
        enrolment_.studentId=? 
        and enrolment_.courseCode=?
14:18:13,846 DEBUG SQL:104 - 
    select
        course_.courseCode,
        course_.description as descript2_1_ 
    from
        Course course_ 
    where
        course_.courseCode=?
14:18:13,846 DEBUG SQL:104 - 
    select
        student_.studentId,
        student_.name_first as name2_4_,
        student_.name_middle as name3_4_,
        student_.name_last as name4_4_,
        student_.preferredCourseCode as preferre5_4_ 
    from
        Student student_ 
    where
        student_.studentId=?
14:18:13,846 DEBUG SQL:104 - 
    select
        enrolment_.studentId,
        enrolment_.courseCode,
        enrolment_.semester as semester3_,
        enrolment_."year" as year4_3_ 
    from
        Enrolment enrolment_ 
    where
        enrolment_.studentId=? 
        and enrolment_.courseCode=?
14:18:13,847 DEBUG SQL:104 - 
    select
        coursemeet_.courseCode,
        coursemeet_.day,
        coursemeet_.period,
        coursemeet_.location 
    from
        CourseMeeting coursemeet_ 
    where
        coursemeet_.courseCode=? 
        and coursemeet_.day=? 
        and coursemeet_.period=? 
        and coursemeet_.location=?
14:18:13,865 DEBUG SQL:104 - 
    select
        coursemeet_.courseCode,
        coursemeet_.day,
        coursemeet_.period,
        coursemeet_.location 
    from
        CourseMeeting coursemeet_ 
    where
        coursemeet_.courseCode=? 
        and coursemeet_.day=? 
        and coursemeet_.period=? 
        and coursemeet_.location=?
14:18:13,866 DEBUG BaseGeneralDataRegion:59 - Caching[foo.org.hibernate.cache.spi.UpdateTimestampsCache] : [Enrolment] -> [5579090959835136]
14:18:13,866 DEBUG SQL:104 - 
    update
        Address 
    set
        studentNumber=null,
        addressType=null 
    where
        studentNumber=?
14:18:13,866 DEBUG BaseGeneralDataRegion:59 - Caching[foo.org.hibernate.cache.spi.UpdateTimestampsCache] : [Address] -> [5579090959835137]
14:18:13,867 DEBUG SQL:104 - 
    delete 
    from
        Student_secretCodes 
    where
        studentNumber=?
14:18:13,876 DEBUG BaseGeneralDataRegion:59 - Caching[foo.org.hibernate.cache.spi.UpdateTimestampsCache] : [Student_secretCodes] -> [5579090959876096]
14:18:13,876 DEBUG BaseGeneralDataRegion:59 - Caching[foo.org.hibernate.cache.spi.UpdateTimestampsCache] : [Enrolment] -> [5579090959876097]
14:18:13,876 DEBUG BaseGeneralDataRegion:59 - Caching[foo.org.hibernate.cache.spi.UpdateTimestampsCache] : [Address] -> [5579090959876098]
14:18:13,876 DEBUG SQL:104 - 
    delete 
    from
        Student_secretCodes 
    where
        studentNumber=?
14:18:13,876 DEBUG BaseGeneralDataRegion:59 - Caching[foo.org.hibernate.cache.spi.UpdateTimestampsCache] : [Student_secretCodes] -> [5579090959876099]
14:18:13,877 DEBUG BaseGeneralDataRegion:59 - Caching[foo.org.hibernate.cache.spi.UpdateTimestampsCache] : [CourseMeeting] -> [5579090959880192]
14:18:13,877 DEBUG SQL:104 - 
    delete 
    from
        Enrolment 
    where
        studentId=? 
        and courseCode=?
14:18:13,877 DEBUG BaseGeneralDataRegion:59 - Caching[foo.org.hibernate.cache.spi.UpdateTimestampsCache] : [Enrolment] -> [5579090959880193]
14:18:13,877 DEBUG SQL:104 - 
    delete 
    from
        Address 
    where
        id=?
14:18:13,877 DEBUG BaseGeneralDataRegion:59 - Caching[foo.org.hibernate.cache.spi.UpdateTimestampsCache] : [Address] -> [5579090959880194]
14:18:13,886 DEBUG SQL:104 - 
    delete 
    from
        Address 
    where
        id=?
14:18:13,887 DEBUG BaseGeneralDataRegion:59 - Caching[foo.org.hibernate.cache.spi.UpdateTimestampsCache] : [Address] -> [5579090959921152]
14:18:13,887 DEBUG SQL:104 - 
    delete 
    from
        Student 
    where
        studentId=?
14:18:13,887 DEBUG BaseGeneralDataRegion:59 - Caching[foo.org.hibernate.cache.spi.UpdateTimestampsCache] : [Student] -> [5579090959921153]
14:18:13,887 DEBUG SQL:104 - 
    delete 
    from
        Enrolment 
    where
        studentId=? 
        and courseCode=?
14:18:13,887 DEBUG BaseGeneralDataRegion:59 - Caching[foo.org.hibernate.cache.spi.UpdateTimestampsCache] : [Enrolment] -> [5579090959921154]
14:18:13,887 DEBUG SQL:104 - 
    delete 
    from
        Student 
    where
        studentId=?
14:18:13,888 DEBUG BaseGeneralDataRegion:59 - Caching[foo.org.hibernate.cache.spi.UpdateTimestampsCache] : [Student] -> [5579090959925248]
14:18:13,888 DEBUG SQL:104 - 
    delete 
    from
        CourseMeeting 
    where
        courseCode=? 
        and day=? 
        and period=? 
        and location=?
14:18:13,898 DEBUG BaseGeneralDataRegion:59 - Caching[foo.org.hibernate.cache.spi.UpdateTimestampsCache] : [CourseMeeting] -> [5579090959966208]
14:18:13,898 DEBUG SQL:104 - 
    delete 
    from
        CourseMeeting 
    where
        courseCode=? 
        and day=? 
        and period=? 
        and location=?
14:18:13,898 DEBUG BaseGeneralDataRegion:59 - Caching[foo.org.hibernate.cache.spi.UpdateTimestampsCache] : [CourseMeeting] -> [5579090959966209]
14:18:13,898 DEBUG SQL:104 - 
    delete 
    from
        Course 
    where
        courseCode=?
14:18:13,898 DEBUG BaseGeneralDataRegion:59 - Caching[foo.org.hibernate.cache.spi.UpdateTimestampsCache] : [Course] -> [5579090959966210]
14:18:13,899 DEBUG BaseGeneralDataRegion:59 - Caching[foo.org.hibernate.cache.spi.UpdateTimestampsCache] : [Student] -> [5579090714210304]
14:18:13,899 DEBUG BaseGeneralDataRegion:59 - Caching[foo.org.hibernate.cache.spi.UpdateTimestampsCache] : [Course] -> [5579090714210304]
14:18:13,899 DEBUG BaseGeneralDataRegion:59 - Caching[foo.org.hibernate.cache.spi.UpdateTimestampsCache] : [Enrolment] -> [5579090714210304]
14:18:13,899 DEBUG BaseGeneralDataRegion:59 - Caching[foo.org.hibernate.cache.spi.UpdateTimestampsCache] : [Student_secretCodes] -> [5579090714210304]
14:18:13,899 DEBUG BaseGeneralDataRegion:59 - Caching[foo.org.hibernate.cache.spi.UpdateTimestampsCache] : [Address] -> [5579090714210304]
14:18:13,899 DEBUG BaseGeneralDataRegion:59 - Caching[foo.org.hibernate.cache.spi.UpdateTimestampsCache] : [CourseMeeting] -> [5579090714210304]
14:18:13,900  INFO CustomRunner:139 - Test: testEntityWithJoinedLazyOneToManyMultiAndNullListHql
14:18:13,901 DEBUG SQL:104 - 
    select
        coursemeet_.courseCode,
        coursemeet_.day,
        coursemeet_.period,
        coursemeet_.location 
    from
        CourseMeeting coursemeet_ 
    where
        coursemeet_.courseCode=? 
        and coursemeet_.day=? 
        and coursemeet_.period=? 
        and coursemeet_.location=?
14:18:13,901 DEBUG SQL:104 - 
    select
        coursemeet_.courseCode,
        coursemeet_.day,
        coursemeet_.period,
        coursemeet_.location 
    from
        CourseMeeting coursemeet_ 
    where
        coursemeet_.courseCode=? 
        and coursemeet_.day=? 
        and coursemeet_.period=? 
        and coursemeet_.location=?
14:18:13,911 DEBUG SQL:104 - 
    insert 
    into
        Course
        (description, courseCode) 
    values
        (?, ?)
14:18:13,911 DEBUG BaseGeneralDataRegion:59 - Caching[foo.org.hibernate.cache.spi.UpdateTimestampsCache] : [Course] -> [5579090960019456]
14:18:13,911 DEBUG SQL:104 - 
    insert 
    into
        CourseMeeting
        (courseCode, day, period, location) 
    values
        (?, ?, ?, ?)
14:18:13,911 DEBUG BaseGeneralDataRegion:59 - Caching[foo.org.hibernate.cache.spi.UpdateTimestampsCache] : [CourseMeeting] -> [5579090960019457]
14:18:13,912 DEBUG SQL:104 - 
    insert 
    into
        CourseMeeting
        (courseCode, day, period, location) 
    values
        (?, ?, ?, ?)
14:18:13,912 DEBUG BaseGeneralDataRegion:59 - Caching[foo.org.hibernate.cache.spi.UpdateTimestampsCache] : [CourseMeeting] -> [5579090960023552]
14:18:13,912 DEBUG SQL:104 - 
    insert 
    into
        Student
        (name_first, name_middle, name_last, preferredCourseCode, studentId) 
    values
        (?, ?, ?, ?, ?)
14:18:13,919 DEBUG BaseGeneralDataRegion:59 - Caching[foo.org.hibernate.cache.spi.UpdateTimestampsCache] : [Student] -> [5579090960052224]
14:18:13,920 DEBUG SQL:104 - 
    insert 
    into
        Address
        (addressType, street, city, stateProvince, postalCode, country, studentNumber, id) 
    values
        (?, ?, ?, ?, ?, ?, ?, ?)
14:18:13,920 DEBUG BaseGeneralDataRegion:59 - Caching[foo.org.hibernate.cache.spi.UpdateTimestampsCache] : [Address] -> [5579090960056320]
14:18:13,920 DEBUG SQL:104 - 
    insert 
    into
        Address
        (addressType, street, city, stateProvince, postalCode, country, studentNumber, id) 
    values
        (?, ?, ?, ?, ?, ?, ?, ?)
14:18:13,920 DEBUG BaseGeneralDataRegion:59 - Caching[foo.org.hibernate.cache.spi.UpdateTimestampsCache] : [Address] -> [5579090960056321]
14:18:13,920 DEBUG SQL:104 - 
    insert 
    into
        Student
        (name_first, name_middle, name_last, preferredCourseCode, studentId) 
    values
        (?, ?, ?, ?, ?)
14:18:13,921 DEBUG BaseGeneralDataRegion:59 - Caching[foo.org.hibernate.cache.spi.UpdateTimestampsCache] : [Student] -> [5579090960060416]
14:18:13,921 DEBUG SQL:104 - 
    insert 
    into
        Enrolment
        (semester, "year", studentId, courseCode) 
    values
        (?, ?, ?, ?)
14:18:13,921 DEBUG BaseGeneralDataRegion:59 - Caching[foo.org.hibernate.cache.spi.UpdateTimestampsCache] : [Enrolment] -> [5579090960060417]
14:18:13,921 DEBUG SQL:104 - 
    insert 
    into
        Enrolment
        (semester, "year", studentId, courseCode) 
    values
        (?, ?, ?, ?)
14:18:13,921 DEBUG BaseGeneralDataRegion:59 - Caching[foo.org.hibernate.cache.spi.UpdateTimestampsCache] : [Enrolment] -> [5579090960060418]
14:18:13,921 DEBUG BaseGeneralDataRegion:59 - Caching[foo.org.hibernate.cache.spi.UpdateTimestampsCache] : [CourseMeeting] -> [5579090960060419]
14:18:13,921 DEBUG BaseGeneralDataRegion:59 - Caching[foo.org.hibernate.cache.spi.UpdateTimestampsCache] : [Enrolment] -> [5579090960060420]
14:18:13,943 DEBUG SQL:104 - 
    update
        Address 
    set
        studentNumber=?,
        addressType=? 
    where
        id=?
14:18:13,944 DEBUG SQL:104 - 
    update
        Address 
    set
        studentNumber=?,
        addressType=? 
    where
        id=?
14:18:13,944 DEBUG BaseGeneralDataRegion:59 - Caching[foo.org.hibernate.cache.spi.UpdateTimestampsCache] : [Address] -> [5579090960154624]
14:18:13,944 DEBUG SQL:104 - 
    insert 
    into
        Student_secretCodes
        (studentNumber, i, secretCode) 
    values
        (?, ?, ?)
14:18:13,944 DEBUG BaseGeneralDataRegion:59 - Caching[foo.org.hibernate.cache.spi.UpdateTimestampsCache] : [Student_secretCodes] -> [5579090960154625]
14:18:13,944 DEBUG BaseGeneralDataRegion:59 - Caching[foo.org.hibernate.cache.spi.UpdateTimestampsCache] : [Enrolment] -> [5579090960154626]
14:18:13,944 DEBUG BaseGeneralDataRegion:59 - Caching[foo.org.hibernate.cache.spi.UpdateTimestampsCache] : [Address] -> [5579090960154627]
14:18:13,944 DEBUG SQL:104 - 
    insert 
    into
        Student_secretCodes
        (studentNumber, i, secretCode) 
    values
        (?, ?, ?)
14:18:13,953 DEBUG SQL:104 - 
    insert 
    into
        Student_secretCodes
        (studentNumber, i, secretCode) 
    values
        (?, ?, ?)
14:18:13,954 DEBUG BaseGeneralDataRegion:59 - Caching[foo.org.hibernate.cache.spi.UpdateTimestampsCache] : [Student_secretCodes] -> [5579090960195584]
14:18:13,954 DEBUG BaseGeneralDataRegion:59 - Caching[foo.org.hibernate.cache.spi.UpdateTimestampsCache] : [Student] -> [5579090714435585]
14:18:13,954 DEBUG BaseGeneralDataRegion:59 - Caching[foo.org.hibernate.cache.spi.UpdateTimestampsCache] : [Course] -> [5579090714435585]
14:18:13,954 DEBUG BaseGeneralDataRegion:59 - Caching[foo.org.hibernate.cache.spi.UpdateTimestampsCache] : [Enrolment] -> [5579090714435585]
14:18:13,954 DEBUG BaseGeneralDataRegion:59 - Caching[foo.org.hibernate.cache.spi.UpdateTimestampsCache] : [Student_secretCodes] -> [5579090714435585]
14:18:13,954 DEBUG BaseGeneralDataRegion:59 - Caching[foo.org.hibernate.cache.spi.UpdateTimestampsCache] : [Address] -> [5579090714435585]
14:18:13,954 DEBUG BaseGeneralDataRegion:59 - Caching[foo.org.hibernate.cache.spi.UpdateTimestampsCache] : [CourseMeeting] -> [5579090714435585]
14:18:13,955 DEBUG SQL:104 - 
    select
        student_.studentId,
        student_.name_first as name2_4_,
        student_.name_middle as name3_4_,
        student_.name_last as name4_4_,
        student_.preferredCourseCode as preferre5_4_ 
    from
        Student student_ 
    where
        student_.studentId=?
14:18:13,963 DEBUG SQL:104 - 
    select
        enrolment_.studentId,
        enrolment_.courseCode,
        enrolment_.semester as semester3_,
        enrolment_."year" as year4_3_ 
    from
        Enrolment enrolment_ 
    where
        enrolment_.studentId=? 
        and enrolment_.courseCode=?
14:18:13,964 DEBUG SQL:104 - 
    select
        course_.courseCode,
        course_.description as descript2_1_ 
    from
        Course course_ 
    where
        course_.courseCode=?
14:18:13,964 DEBUG SQL:104 - 
    select
        student_.studentId,
        student_.name_first as name2_4_,
        student_.name_middle as name3_4_,
        student_.name_last as name4_4_,
        student_.preferredCourseCode as preferre5_4_ 
    from
        Student student_ 
    where
        student_.studentId=?
14:18:13,975 DEBUG SQL:104 - 
    select
        enrolment_.studentId,
        enrolment_.courseCode,
        enrolment_.semester as semester3_,
        enrolment_."year" as year4_3_ 
    from
        Enrolment enrolment_ 
    where
        enrolment_.studentId=? 
        and enrolment_.courseCode=?
14:18:13,975 DEBUG SQL:104 - 
    select
        coursemeet_.courseCode,
        coursemeet_.day,
        coursemeet_.period,
        coursemeet_.location 
    from
        CourseMeeting coursemeet_ 
    where
        coursemeet_.courseCode=? 
        and coursemeet_.day=? 
        and coursemeet_.period=? 
        and coursemeet_.location=?
14:18:13,975 DEBUG SQL:104 - 
    select
        coursemeet_.courseCode,
        coursemeet_.day,
        coursemeet_.period,
        coursemeet_.location 
    from
        CourseMeeting coursemeet_ 
    where
        coursemeet_.courseCode=? 
        and coursemeet_.day=? 
        and coursemeet_.period=? 
        and coursemeet_.location=?
14:18:13,985 DEBUG BaseGeneralDataRegion:59 - Caching[foo.org.hibernate.cache.spi.UpdateTimestampsCache] : [Enrolment] -> [5579090960322560]
14:18:13,985 DEBUG SQL:104 - 
    update
        Address 
    set
        studentNumber=null,
        addressType=null 
    where
        studentNumber=?
14:18:13,985 DEBUG BaseGeneralDataRegion:59 - Caching[foo.org.hibernate.cache.spi.UpdateTimestampsCache] : [Address] -> [5579090960322561]
14:18:13,985 DEBUG SQL:104 - 
    delete 
    from
        Student_secretCodes 
    where
        studentNumber=?
14:18:13,985 DEBUG BaseGeneralDataRegion:59 - Caching[foo.org.hibernate.cache.spi.UpdateTimestampsCache] : [Student_secretCodes] -> [5579090960322562]
14:18:13,985 DEBUG BaseGeneralDataRegion:59 - Caching[foo.org.hibernate.cache.spi.UpdateTimestampsCache] : [Enrolment] -> [5579090960322563]
14:18:13,986 DEBUG BaseGeneralDataRegion:59 - Caching[foo.org.hibernate.cache.spi.UpdateTimestampsCache] : [Address] -> [5579090960326656]
14:18:13,986 DEBUG SQL:104 - 
    delete 
    from
        Student_secretCodes 
    where
        studentNumber=?
14:18:13,994 DEBUG BaseGeneralDataRegion:59 - Caching[foo.org.hibernate.cache.spi.UpdateTimestampsCache] : [Student_secretCodes] -> [5579090960359424]
14:18:13,994 DEBUG BaseGeneralDataRegion:59 - Caching[foo.org.hibernate.cache.spi.UpdateTimestampsCache] : [CourseMeeting] -> [5579090960359425]
14:18:13,994 DEBUG SQL:104 - 
    delete 
    from
        Enrolment 
    where
        studentId=? 
        and courseCode=?
14:18:13,994 DEBUG BaseGeneralDataRegion:59 - Caching[foo.org.hibernate.cache.spi.UpdateTimestampsCache] : [Enrolment] -> [5579090960359426]
14:18:13,994 DEBUG SQL:104 - 
    delete 
    from
        Address 
    where
        id=?
14:18:13,995 DEBUG BaseGeneralDataRegion:59 - Caching[foo.org.hibernate.cache.spi.UpdateTimestampsCache] : [Address] -> [5579090960363520]
14:18:13,995 DEBUG SQL:104 - 
    delete 
    from
        Address 
    where
        id=?
14:18:13,995 DEBUG BaseGeneralDataRegion:59 - Caching[foo.org.hibernate.cache.spi.UpdateTimestampsCache] : [Address] -> [5579090960363521]
14:18:13,995 DEBUG SQL:104 - 
    delete 
    from
        Student 
    where
        studentId=?
14:18:14,033 DEBUG BaseGeneralDataRegion:59 - Caching[foo.org.hibernate.cache.spi.UpdateTimestampsCache] : [Student] -> [5579090960519168]
14:18:14,034 DEBUG SQL:104 - 
    delete 
    from
        Enrolment 
    where
        studentId=? 
        and courseCode=?
14:18:14,034 DEBUG BaseGeneralDataRegion:59 - Caching[foo.org.hibernate.cache.spi.UpdateTimestampsCache] : [Enrolment] -> [5579090960523264]
14:18:14,034 DEBUG SQL:104 - 
    delete 
    from
        Student 
    where
        studentId=?
14:18:14,034 DEBUG BaseGeneralDataRegion:59 - Caching[foo.org.hibernate.cache.spi.UpdateTimestampsCache] : [Student] -> [5579090960523265]
14:18:14,035 DEBUG SQL:104 - 
    delete 
    from
        CourseMeeting 
    where
        courseCode=? 
        and day=? 
        and period=? 
        and location=?
14:18:14,035 DEBUG BaseGeneralDataRegion:59 - Caching[foo.org.hibernate.cache.spi.UpdateTimestampsCache] : [CourseMeeting] -> [5579090960527360]
14:18:14,035 DEBUG SQL:104 - 
    delete 
    from
        CourseMeeting 
    where
        courseCode=? 
        and day=? 
        and period=? 
        and location=?
14:18:14,035 DEBUG BaseGeneralDataRegion:59 - Caching[foo.org.hibernate.cache.spi.UpdateTimestampsCache] : [CourseMeeting] -> [5579090960527361]
14:18:14,035 DEBUG SQL:104 - 
    delete 
    from
        Course 
    where
        courseCode=?
14:18:14,035 DEBUG BaseGeneralDataRegion:59 - Caching[foo.org.hibernate.cache.spi.UpdateTimestampsCache] : [Course] -> [5579090960527362]
14:18:14,035 DEBUG BaseGeneralDataRegion:59 - Caching[foo.org.hibernate.cache.spi.UpdateTimestampsCache] : [Student] -> [5579090714767363]
14:18:14,036 DEBUG BaseGeneralDataRegion:59 - Caching[foo.org.hibernate.cache.spi.UpdateTimestampsCache] : [Course] -> [5579090714767363]
14:18:14,036 DEBUG BaseGeneralDataRegion:59 - Caching[foo.org.hibernate.cache.spi.UpdateTimestampsCache] : [Enrolment] -> [5579090714767363]
14:18:14,036 DEBUG BaseGeneralDataRegion:59 - Caching[foo.org.hibernate.cache.spi.UpdateTimestampsCache] : [Student_secretCodes] -> [5579090714767363]
14:18:14,036 DEBUG BaseGeneralDataRegion:59 - Caching[foo.org.hibernate.cache.spi.UpdateTimestampsCache] : [Address] -> [5579090714767363]
14:18:14,036 DEBUG BaseGeneralDataRegion:59 - Caching[foo.org.hibernate.cache.spi.UpdateTimestampsCache] : [CourseMeeting] -> [5579090714767363]
14:18:14,036 DEBUG SQL:104 - 
    select
        coursemeet_.courseCode,
        coursemeet_.day,
        coursemeet_.period,
        coursemeet_.location 
    from
        CourseMeeting coursemeet_ 
    where
        coursemeet_.courseCode=? 
        and coursemeet_.day=? 
        and coursemeet_.period=? 
        and coursemeet_.location=?
14:18:14,037 DEBUG SQL:104 - 
    select
        coursemeet_.courseCode,
        coursemeet_.day,
        coursemeet_.period,
        coursemeet_.location 
    from
        CourseMeeting coursemeet_ 
    where
        coursemeet_.courseCode=? 
        and coursemeet_.day=? 
        and coursemeet_.period=? 
        and coursemeet_.location=?
14:18:14,038 DEBUG SQL:104 - 
    insert 
    into
        Course
        (description, courseCode) 
    values
        (?, ?)
14:18:14,038 DEBUG BaseGeneralDataRegion:59 - Caching[foo.org.hibernate.cache.spi.UpdateTimestampsCache] : [Course] -> [5579090960539648]
14:18:14,038 DEBUG SQL:104 - 
    insert 
    into
        CourseMeeting
        (courseCode, day, period, location) 
    values
        (?, ?, ?, ?)
14:18:14,038 DEBUG BaseGeneralDataRegion:59 - Caching[foo.org.hibernate.cache.spi.UpdateTimestampsCache] : [CourseMeeting] -> [5579090960539649]
14:18:14,038 DEBUG SQL:104 - 
    insert 
    into
        CourseMeeting
        (courseCode, day, period, location) 
    values
        (?, ?, ?, ?)
14:18:14,038 DEBUG BaseGeneralDataRegion:59 - Caching[foo.org.hibernate.cache.spi.UpdateTimestampsCache] : [CourseMeeting] -> [5579090960539650]
14:18:14,039 DEBUG SQL:104 - 
    insert 
    into
        Student
        (name_first, name_middle, name_last, preferredCourseCode, studentId) 
    values
        (?, ?, ?, ?, ?)
14:18:14,039 DEBUG BaseGeneralDataRegion:59 - Caching[foo.org.hibernate.cache.spi.UpdateTimestampsCache] : [Student] -> [5579090960543744]
14:18:14,039 DEBUG SQL:104 - 
    insert 
    into
        Address
        (addressType, street, city, stateProvince, postalCode, country, studentNumber, id) 
    values
        (?, ?, ?, ?, ?, ?, ?, ?)
14:18:14,039 DEBUG BaseGeneralDataRegion:59 - Caching[foo.org.hibernate.cache.spi.UpdateTimestampsCache] : [Address] -> [5579090960543745]
14:18:14,039 DEBUG SQL:104 - 
    insert 
    into
        Address
        (addressType, street, city, stateProvince, postalCode, country, studentNumber, id) 
    values
        (?, ?, ?, ?, ?, ?, ?, ?)
14:18:14,039 DEBUG BaseGeneralDataRegion:59 - Caching[foo.org.hibernate.cache.spi.UpdateTimestampsCache] : [Address] -> [5579090960543746]
14:18:14,039 DEBUG SQL:104 - 
    insert 
    into
        Student
        (name_first, name_middle, name_last, preferredCourseCode, studentId) 
    values
        (?, ?, ?, ?, ?)
14:18:14,040 DEBUG BaseGeneralDataRegion:59 - Caching[foo.org.hibernate.cache.spi.UpdateTimestampsCache] : [Student] -> [5579090960547840]
14:18:14,040 DEBUG SQL:104 - 
    insert 
    into
        Enrolment
        (semester, "year", studentId, courseCode) 
    values
        (?, ?, ?, ?)
14:18:14,040 DEBUG BaseGeneralDataRegion:59 - Caching[foo.org.hibernate.cache.spi.UpdateTimestampsCache] : [Enrolment] -> [5579090960547841]
14:18:14,040 DEBUG SQL:104 - 
    insert 
    into
        Enrolment
        (semester, "year", studentId, courseCode) 
    values
        (?, ?, ?, ?)
14:18:14,046 DEBUG BaseGeneralDataRegion:59 - Caching[foo.org.hibernate.cache.spi.UpdateTimestampsCache] : [Enrolment] -> [5579090960572416]
14:18:14,047 DEBUG BaseGeneralDataRegion:59 - Caching[foo.org.hibernate.cache.spi.UpdateTimestampsCache] : [CourseMeeting] -> [5579090960576512]
14:18:14,047 DEBUG BaseGeneralDataRegion:59 - Caching[foo.org.hibernate.cache.spi.UpdateTimestampsCache] : [Enrolment] -> [5579090960576513]
14:18:14,047 DEBUG SQL:104 - 
    update
        Address 
    set
        studentNumber=?,
        addressType=? 
    where
        id=?
14:18:14,047 DEBUG SQL:104 - 
    update
        Address 
    set
        studentNumber=?,
        addressType=? 
    where
        id=?
14:18:14,047 DEBUG BaseGeneralDataRegion:59 - Caching[foo.org.hibernate.cache.spi.UpdateTimestampsCache] : [Address] -> [5579090960576514]
14:18:14,047 DEBUG SQL:104 - 
    insert 
    into
        Student_secretCodes
        (studentNumber, i, secretCode) 
    values
        (?, ?, ?)
14:18:14,048 DEBUG BaseGeneralDataRegion:59 - Caching[foo.org.hibernate.cache.spi.UpdateTimestampsCache] : [Student_secretCodes] -> [5579090960580608]
14:18:14,048 DEBUG BaseGeneralDataRegion:59 - Caching[foo.org.hibernate.cache.spi.UpdateTimestampsCache] : [Enrolment] -> [5579090960580609]
14:18:14,048 DEBUG BaseGeneralDataRegion:59 - Caching[foo.org.hibernate.cache.spi.UpdateTimestampsCache] : [Address] -> [5579090960580610]
14:18:14,067 DEBUG SQL:104 - 
    insert 
    into
        Student_secretCodes
        (studentNumber, i, secretCode) 
    values
        (?, ?, ?)
14:18:14,068 DEBUG SQL:104 - 
    insert 
    into
        Student_secretCodes
        (studentNumber, i, secretCode) 
    values
        (?, ?, ?)
14:18:14,068 DEBUG BaseGeneralDataRegion:59 - Caching[foo.org.hibernate.cache.spi.UpdateTimestampsCache] : [Student_secretCodes] -> [5579090960662528]
14:18:14,068 DEBUG BaseGeneralDataRegion:59 - Caching[foo.org.hibernate.cache.spi.UpdateTimestampsCache] : [Student] -> [5579090714902529]
14:18:14,068 DEBUG BaseGeneralDataRegion:59 - Caching[foo.org.hibernate.cache.spi.UpdateTimestampsCache] : [Course] -> [5579090714902529]
14:18:14,068 DEBUG BaseGeneralDataRegion:59 - Caching[foo.org.hibernate.cache.spi.UpdateTimestampsCache] : [Enrolment] -> [5579090714902529]
14:18:14,068 DEBUG BaseGeneralDataRegion:59 - Caching[foo.org.hibernate.cache.spi.UpdateTimestampsCache] : [Student_secretCodes] -> [5579090714902529]
14:18:14,068 DEBUG BaseGeneralDataRegion:59 - Caching[foo.org.hibernate.cache.spi.UpdateTimestampsCache] : [Address] -> [5579090714902529]
14:18:14,069 DEBUG BaseGeneralDataRegion:59 - Caching[foo.org.hibernate.cache.spi.UpdateTimestampsCache] : [CourseMeeting] -> [5579090714902529]
14:18:14,069 DEBUG SQL:104 - 
    select
        student_.studentId,
        student_.name_first as name2_4_,
        student_.name_middle as name3_4_,
        student_.name_last as name4_4_,
        student_.preferredCourseCode as preferre5_4_ 
    from
        Student student_ 
    where
        student_.studentId=?
14:18:14,069 DEBUG SQL:104 - 
    select
        enrolment_.studentId,
        enrolment_.courseCode,
        enrolment_.semester as semester3_,
        enrolment_."year" as year4_3_ 
    from
        Enrolment enrolment_ 
    where
        enrolment_.studentId=? 
        and enrolment_.courseCode=?
14:18:14,070 DEBUG SQL:104 - 
    select
        course_.courseCode,
        course_.description as descript2_1_ 
    from
        Course course_ 
    where
        course_.courseCode=?
14:18:14,070 DEBUG SQL:104 - 
    select
        student_.studentId,
        student_.name_first as name2_4_,
        student_.name_middle as name3_4_,
        student_.name_last as name4_4_,
        student_.preferredCourseCode as preferre5_4_ 
    from
        Student student_ 
    where
        student_.studentId=?
14:18:14,070 DEBUG SQL:104 - 
    select
        enrolment_.studentId,
        enrolment_.courseCode,
        enrolment_.semester as semester3_,
        enrolment_."year" as year4_3_ 
    from
        Enrolment enrolment_ 
    where
        enrolment_.studentId=? 
        and enrolment_.courseCode=?
14:18:14,071 DEBUG SQL:104 - 
    select
        coursemeet_.courseCode,
        coursemeet_.day,
        coursemeet_.period,
        coursemeet_.location 
    from
        CourseMeeting coursemeet_ 
    where
        coursemeet_.courseCode=? 
        and coursemeet_.day=? 
        and coursemeet_.period=? 
        and coursemeet_.location=?
14:18:14,092 DEBUG SQL:104 - 
    select
        coursemeet_.courseCode,
        coursemeet_.day,
        coursemeet_.period,
        coursemeet_.location 
    from
        CourseMeeting coursemeet_ 
    where
        coursemeet_.courseCode=? 
        and coursemeet_.day=? 
        and coursemeet_.period=? 
        and coursemeet_.location=?
14:18:14,093 DEBUG BaseGeneralDataRegion:59 - Caching[foo.org.hibernate.cache.spi.UpdateTimestampsCache] : [Enrolment] -> [5579090960764928]
14:18:14,093 DEBUG SQL:104 - 
    update
        Address 
    set
        studentNumber=null,
        addressType=null 
    where
        studentNumber=?
14:18:14,103 DEBUG BaseGeneralDataRegion:59 - Caching[foo.org.hibernate.cache.spi.UpdateTimestampsCache] : [Address] -> [5579090960805888]
14:18:14,103 DEBUG SQL:104 - 
    delete 
    from
        Student_secretCodes 
    where
        studentNumber=?
14:18:14,103 DEBUG BaseGeneralDataRegion:59 - Caching[foo.org.hibernate.cache.spi.UpdateTimestampsCache] : [Student_secretCodes] -> [5579090960805889]
14:18:14,103 DEBUG BaseGeneralDataRegion:59 - Caching[foo.org.hibernate.cache.spi.UpdateTimestampsCache] : [Enrolment] -> [5579090960805890]
14:18:14,103 DEBUG BaseGeneralDataRegion:59 - Caching[foo.org.hibernate.cache.spi.UpdateTimestampsCache] : [Address] -> [5579090960805891]
14:18:14,104 DEBUG SQL:104 - 
    delete 
    from
        Student_secretCodes 
    where
        studentNumber=?
14:18:14,104 DEBUG BaseGeneralDataRegion:59 - Caching[foo.org.hibernate.cache.spi.UpdateTimestampsCache] : [Student_secretCodes] -> [5579090960809984]
14:18:14,104 DEBUG BaseGeneralDataRegion:59 - Caching[foo.org.hibernate.cache.spi.UpdateTimestampsCache] : [CourseMeeting] -> [5579090960809985]
14:18:14,104 DEBUG SQL:104 - 
    delete 
    from
        Enrolment 
    where
        studentId=? 
        and courseCode=?
14:18:14,104 DEBUG BaseGeneralDataRegion:59 - Caching[foo.org.hibernate.cache.spi.UpdateTimestampsCache] : [Enrolment] -> [5579090960809986]
14:18:14,104 DEBUG SQL:104 - 
    delete 
    from
        Address 
    where
        id=?
14:18:14,113 DEBUG BaseGeneralDataRegion:59 - Caching[foo.org.hibernate.cache.spi.UpdateTimestampsCache] : [Address] -> [5579090960846848]
14:18:14,113 DEBUG SQL:104 - 
    delete 
    from
        Address 
    where
        id=?
14:18:14,113 DEBUG BaseGeneralDataRegion:59 - Caching[foo.org.hibernate.cache.spi.UpdateTimestampsCache] : [Address] -> [5579090960846849]
14:18:14,113 DEBUG SQL:104 - 
    delete 
    from
        Student 
    where
        studentId=?
14:18:14,114 DEBUG BaseGeneralDataRegion:59 - Caching[foo.org.hibernate.cache.spi.UpdateTimestampsCache] : [Student] -> [5579090960850944]
14:18:14,114 DEBUG SQL:104 - 
    delete 
    from
        Enrolment 
    where
        studentId=? 
        and courseCode=?
14:18:14,114 DEBUG BaseGeneralDataRegion:59 - Caching[foo.org.hibernate.cache.spi.UpdateTimestampsCache] : [Enrolment] -> [5579090960850945]
14:18:14,114 DEBUG SQL:104 - 
    delete 
    from
        Student 
    where
        studentId=?
14:18:14,122 DEBUG BaseGeneralDataRegion:59 - Caching[foo.org.hibernate.cache.spi.UpdateTimestampsCache] : [Student] -> [5579090960883712]
14:18:14,122 DEBUG SQL:104 - 
    delete 
    from
        CourseMeeting 
    where
        courseCode=? 
        and day=? 
        and period=? 
        and location=?
14:18:14,123 DEBUG BaseGeneralDataRegion:59 - Caching[foo.org.hibernate.cache.spi.UpdateTimestampsCache] : [CourseMeeting] -> [5579090960887808]
14:18:14,123 DEBUG SQL:104 - 
    delete 
    from
        CourseMeeting 
    where
        courseCode=? 
        and day=? 
        and period=? 
        and location=?
14:18:14,123 DEBUG BaseGeneralDataRegion:59 - Caching[foo.org.hibernate.cache.spi.UpdateTimestampsCache] : [CourseMeeting] -> [5579090960887809]
14:18:14,123 DEBUG SQL:104 - 
    delete 
    from
        Course 
    where
        courseCode=?
14:18:14,132 DEBUG BaseGeneralDataRegion:59 - Caching[foo.org.hibernate.cache.spi.UpdateTimestampsCache] : [Course] -> [5579090960924672]
14:18:14,132 DEBUG BaseGeneralDataRegion:59 - Caching[foo.org.hibernate.cache.spi.UpdateTimestampsCache] : [Student] -> [5579090715164673]
14:18:14,132 DEBUG BaseGeneralDataRegion:59 - Caching[foo.org.hibernate.cache.spi.UpdateTimestampsCache] : [Course] -> [5579090715164673]
14:18:14,132 DEBUG BaseGeneralDataRegion:59 - Caching[foo.org.hibernate.cache.spi.UpdateTimestampsCache] : [Enrolment] -> [5579090715164673]
14:18:14,132 DEBUG BaseGeneralDataRegion:59 - Caching[foo.org.hibernate.cache.spi.UpdateTimestampsCache] : [Student_secretCodes] -> [5579090715164673]
14:18:14,132 DEBUG BaseGeneralDataRegion:59 - Caching[foo.org.hibernate.cache.spi.UpdateTimestampsCache] : [Address] -> [5579090715164673]
14:18:14,133 DEBUG BaseGeneralDataRegion:59 - Caching[foo.org.hibernate.cache.spi.UpdateTimestampsCache] : [CourseMeeting] -> [5579090715164673]
14:18:14,133  INFO CustomRunner:139 - Test: testEntityWithJoinedLazyOneToManySingleElementListCriteria
14:18:14,134 DEBUG SQL:104 - 
    select
        coursemeet_.courseCode,
        coursemeet_.day,
        coursemeet_.period,
        coursemeet_.location 
    from
        CourseMeeting coursemeet_ 
    where
        coursemeet_.courseCode=? 
        and coursemeet_.day=? 
        and coursemeet_.period=? 
        and coursemeet_.location=?
14:18:14,134 DEBUG SQL:104 - 
    select
        coursemeet_.courseCode,
        coursemeet_.day,
        coursemeet_.period,
        coursemeet_.location 
    from
        CourseMeeting coursemeet_ 
    where
        coursemeet_.courseCode=? 
        and coursemeet_.day=? 
        and coursemeet_.period=? 
        and coursemeet_.location=?
14:18:14,142 DEBUG SQL:104 - 
    insert 
    into
        Course
        (description, courseCode) 
    values
        (?, ?)
14:18:14,143 DEBUG BaseGeneralDataRegion:59 - Caching[foo.org.hibernate.cache.spi.UpdateTimestampsCache] : [Course] -> [5579090960969728]
14:18:14,143 DEBUG SQL:104 - 
    insert 
    into
        CourseMeeting
        (courseCode, day, period, location) 
    values
        (?, ?, ?, ?)
14:18:14,143 DEBUG BaseGeneralDataRegion:59 - Caching[foo.org.hibernate.cache.spi.UpdateTimestampsCache] : [CourseMeeting] -> [5579090960969729]
14:18:14,143 DEBUG SQL:104 - 
    insert 
    into
        CourseMeeting
        (courseCode, day, period, location) 
    values
        (?, ?, ?, ?)
14:18:14,190 DEBUG BaseGeneralDataRegion:59 - Caching[foo.org.hibernate.cache.spi.UpdateTimestampsCache] : [CourseMeeting] -> [5579090961162240]
14:18:14,190 DEBUG SQL:104 - 
    insert 
    into
        Student
        (name_first, name_middle, name_last, preferredCourseCode, studentId) 
    values
        (?, ?, ?, ?, ?)
14:18:14,191 DEBUG BaseGeneralDataRegion:59 - Caching[foo.org.hibernate.cache.spi.UpdateTimestampsCache] : [Student] -> [5579090961166336]
14:18:14,191 DEBUG SQL:104 - 
    insert 
    into
        Address
        (addressType, street, city, stateProvince, postalCode, country, studentNumber, id) 
    values
        (?, ?, ?, ?, ?, ?, ?, ?)
14:18:14,191 DEBUG BaseGeneralDataRegion:59 - Caching[foo.org.hibernate.cache.spi.UpdateTimestampsCache] : [Address] -> [5579090961166337]
14:18:14,191 DEBUG SQL:104 - 
    insert 
    into
        Address
        (addressType, street, city, stateProvince, postalCode, country, studentNumber, id) 
    values
        (?, ?, ?, ?, ?, ?, ?, ?)
14:18:14,191 DEBUG BaseGeneralDataRegion:59 - Caching[foo.org.hibernate.cache.spi.UpdateTimestampsCache] : [Address] -> [5579090961166338]
14:18:14,191 DEBUG SQL:104 - 
    insert 
    into
        Student
        (name_first, name_middle, name_last, preferredCourseCode, studentId) 
    values
        (?, ?, ?, ?, ?)
14:18:14,192 DEBUG BaseGeneralDataRegion:59 - Caching[foo.org.hibernate.cache.spi.UpdateTimestampsCache] : [Student] -> [5579090961170432]
14:18:14,192 DEBUG SQL:104 - 
    insert 
    into
        Enrolment
        (semester, "year", studentId, courseCode) 
    values
        (?, ?, ?, ?)
14:18:14,192 DEBUG BaseGeneralDataRegion:59 - Caching[foo.org.hibernate.cache.spi.UpdateTimestampsCache] : [Enrolment] -> [5579090961170433]
14:18:14,192 DEBUG SQL:104 - 
    insert 
    into
        Enrolment
        (semester, "year", studentId, courseCode) 
    values
        (?, ?, ?, ?)
14:18:14,192 DEBUG BaseGeneralDataRegion:59 - Caching[foo.org.hibernate.cache.spi.UpdateTimestampsCache] : [Enrolment] -> [5579090961170434]
14:18:14,193 DEBUG BaseGeneralDataRegion:59 - Caching[foo.org.hibernate.cache.spi.UpdateTimestampsCache] : [CourseMeeting] -> [5579090961174528]
14:18:14,193 DEBUG BaseGeneralDataRegion:59 - Caching[foo.org.hibernate.cache.spi.UpdateTimestampsCache] : [Enrolment] -> [5579090961174529]
14:18:14,193 DEBUG SQL:104 - 
    update
        Address 
    set
        studentNumber=?,
        addressType=? 
    where
        id=?
14:18:14,193 DEBUG SQL:104 - 
    update
        Address 
    set
        studentNumber=?,
        addressType=? 
    where
        id=?
14:18:14,203 DEBUG BaseGeneralDataRegion:59 - Caching[foo.org.hibernate.cache.spi.UpdateTimestampsCache] : [Address] -> [5579090961215488]
14:18:14,204 DEBUG SQL:104 - 
    insert 
    into
        Student_secretCodes
        (studentNumber, i, secretCode) 
    values
        (?, ?, ?)
14:18:14,204 DEBUG BaseGeneralDataRegion:59 - Caching[foo.org.hibernate.cache.spi.UpdateTimestampsCache] : [Student_secretCodes] -> [5579090961219584]
14:18:14,204 DEBUG BaseGeneralDataRegion:59 - Caching[foo.org.hibernate.cache.spi.UpdateTimestampsCache] : [Enrolment] -> [5579090961219585]
14:18:14,204 DEBUG BaseGeneralDataRegion:59 - Caching[foo.org.hibernate.cache.spi.UpdateTimestampsCache] : [Address] -> [5579090961219586]
14:18:14,204 DEBUG SQL:104 - 
    insert 
    into
        Student_secretCodes
        (studentNumber, i, secretCode) 
    values
        (?, ?, ?)
14:18:14,204 DEBUG SQL:104 - 
    insert 
    into
        Student_secretCodes
        (studentNumber, i, secretCode) 
    values
        (?, ?, ?)
14:18:14,214 DEBUG BaseGeneralDataRegion:59 - Caching[foo.org.hibernate.cache.spi.UpdateTimestampsCache] : [Student_secretCodes] -> [5579090961260544]
14:18:14,214 DEBUG BaseGeneralDataRegion:59 - Caching[foo.org.hibernate.cache.spi.UpdateTimestampsCache] : [Student] -> [5579090715500545]
14:18:14,215 DEBUG BaseGeneralDataRegion:59 - Caching[foo.org.hibernate.cache.spi.UpdateTimestampsCache] : [Course] -> [5579090715500545]
14:18:14,215 DEBUG BaseGeneralDataRegion:59 - Caching[foo.org.hibernate.cache.spi.UpdateTimestampsCache] : [Enrolment] -> [5579090715500545]
14:18:14,215 DEBUG BaseGeneralDataRegion:59 - Caching[foo.org.hibernate.cache.spi.UpdateTimestampsCache] : [Student_secretCodes] -> [5579090715500545]
14:18:14,215 DEBUG BaseGeneralDataRegion:59 - Caching[foo.org.hibernate.cache.spi.UpdateTimestampsCache] : [Address] -> [5579090715500545]
14:18:14,215 DEBUG BaseGeneralDataRegion:59 - Caching[foo.org.hibernate.cache.spi.UpdateTimestampsCache] : [CourseMeeting] -> [5579090715500545]
14:18:14,216 DEBUG SQL:104 - 
    select
        this_.studentId as studentId4_1_,
        this_.name_first as name2_4_1_,
        this_.name_middle as name3_4_1_,
        this_.name_last as name4_4_1_,
        this_.preferredCourseCode as preferre5_4_1_,
        enrolment1_.studentId as studentId4_3_,
        enrolment1_.studentId as studentId3_3_,
        enrolment1_.courseCode as courseCode3_3_,
        enrolment1_.studentId as studentId3_0_,
        enrolment1_.courseCode as courseCode3_0_,
        enrolment1_.semester as semester3_0_,
        enrolment1_."year" as year4_3_0_ 
    from
        Student this_ 
    left outer join
        Enrolment enrolment1_ 
            on this_.studentId=enrolment1_.studentId 
    order by
        this_.studentId asc
14:18:14,217 DEBUG SQL:104 - 
    select
        course0_.courseCode as courseCode1_0_,
        course0_.description as descript2_1_0_ 
    from
        Course course0_ 
    where
        course0_.courseCode=?
14:18:14,218 DEBUG SQL:104 - 
    select
        secretcode0_.studentNumber as studentN1_4_0_,
        secretcode0_.secretCode as secretCode5_0_,
        secretcode0_.i as i0_ 
    from
        Student_secretCodes secretcode0_ 
    where
        secretcode0_.studentNumber=?
14:18:14,236 DEBUG SQL:104 - 
    select
        secretcode0_.studentNumber as studentN1_4_0_,
        secretcode0_.secretCode as secretCode5_0_,
        secretcode0_.i as i0_ 
    from
        Student_secretCodes secretcode0_ 
    where
        secretcode0_.studentNumber=?
14:18:14,237 DEBUG SQL:104 - 
    select
        coursemeet0_.courseCode as courseCode1_1_,
        coursemeet0_.courseCode as courseCode2_1_,
        coursemeet0_.day as day2_1_,
        coursemeet0_.period as period2_1_,
        coursemeet0_.location as location2_1_,
        coursemeet0_.courseCode as courseCode2_0_,
        coursemeet0_.day as day2_0_,
        coursemeet0_.period as period2_0_,
        coursemeet0_.location as location2_0_ 
    from
        CourseMeeting coursemeet0_ 
    where
        coursemeet0_.courseCode=?
14:18:14,238 DEBUG BaseGeneralDataRegion:59 - Caching[foo.org.hibernate.cache.internal.StandardQueryCache] : [sql: select this_.studentId as studentId4_1_, this_.name_first as name2_4_1_, this_.name_middle as name3_4_1_, this_.name_last as name4_4_1_, this_.preferredCourseCode as preferre5_4_1_, enrolment1_.studentId as studentId4_3_, enrolment1_.studentId as studentId3_3_, enrolment1_.courseCode as courseCode3_3_, enrolment1_.studentId as studentId3_0_, enrolment1_.courseCode as courseCode3_0_, enrolment1_.semester as semester3_0_, enrolment1_."year" as year4_3_0_ from Student this_ left outer join Enrolment enrolment1_ on this_.studentId=enrolment1_.studentId order by this_.studentId asc; parameters: ; transformer: org.hibernate.transform.CacheableResultTransformer@13a525] -> [[5579090715594752, 111, 999]]
14:18:14,238 DEBUG SQL:104 - 
    select
        this_.studentId as studentId4_1_,
        this_.name_first as name2_4_1_,
        this_.name_middle as name3_4_1_,
        this_.name_last as name4_4_1_,
        this_.preferredCourseCode as preferre5_4_1_,
        enrolment1_.studentId as studentId4_3_,
        enrolment1_.studentId as studentId3_3_,
        enrolment1_.courseCode as courseCode3_3_,
        enrolment1_.studentId as studentId3_0_,
        enrolment1_.courseCode as courseCode3_0_,
        enrolment1_.semester as semester3_0_,
        enrolment1_."year" as year4_3_0_ 
    from
        Student this_ 
    left outer join
        Enrolment enrolment1_ 
            on this_.studentId=enrolment1_.studentId 
    order by
        this_.studentId asc
14:18:14,247 DEBUG SQL:104 - 
    select
        course0_.courseCode as courseCode1_0_,
        course0_.description as descript2_1_0_ 
    from
        Course course0_ 
    where
        course0_.courseCode=?
14:18:14,248 DEBUG SQL:104 - 
    select
        secretcode0_.studentNumber as studentN1_4_0_,
        secretcode0_.secretCode as secretCode5_0_,
        secretcode0_.i as i0_ 
    from
        Student_secretCodes secretcode0_ 
    where
        secretcode0_.studentNumber=?
14:18:14,258 DEBUG SQL:104 - 
    select
        secretcode0_.studentNumber as studentN1_4_0_,
        secretcode0_.secretCode as secretCode5_0_,
        secretcode0_.i as i0_ 
    from
        Student_secretCodes secretcode0_ 
    where
        secretcode0_.studentNumber=?
14:18:14,258 DEBUG SQL:104 - 
    select
        coursemeet0_.courseCode as courseCode1_1_,
        coursemeet0_.courseCode as courseCode2_1_,
        coursemeet0_.day as day2_1_,
        coursemeet0_.period as period2_1_,
        coursemeet0_.location as location2_1_,
        coursemeet0_.courseCode as courseCode2_0_,
        coursemeet0_.day as day2_0_,
        coursemeet0_.period as period2_0_,
        coursemeet0_.location as location2_0_ 
    from
        CourseMeeting coursemeet0_ 
    where
        coursemeet0_.courseCode=?
14:18:14,267 DEBUG BaseGeneralDataRegion:59 - Caching[foo.org.hibernate.cache.internal.StandardQueryCache] : [sql: select this_.studentId as studentId4_1_, this_.name_first as name2_4_1_, this_.name_middle as name3_4_1_, this_.name_last as name4_4_1_, this_.preferredCourseCode as preferre5_4_1_, enrolment1_.studentId as studentId4_3_, enrolment1_.studentId as studentId3_3_, enrolment1_.courseCode as courseCode3_3_, enrolment1_.studentId as studentId3_0_, enrolment1_.courseCode as courseCode3_0_, enrolment1_.semester as semester3_0_, enrolment1_."year" as year4_3_0_ from Student this_ left outer join Enrolment enrolment1_ on this_.studentId=enrolment1_.studentId order by this_.studentId asc; parameters: ; transformer: org.hibernate.transform.CacheableResultTransformer@13a525] -> [[5579090715717632, 111, 999]]
14:18:14,268 DEBUG SQL:104 - 
    select
        student_.studentId,
        student_.name_first as name2_4_,
        student_.name_middle as name3_4_,
        student_.name_last as name4_4_,
        student_.preferredCourseCode as preferre5_4_ 
    from
        Student student_ 
    where
        student_.studentId=?
14:18:14,268 DEBUG SQL:104 - 
    select
        enrolment_.studentId,
        enrolment_.courseCode,
        enrolment_.semester as semester3_,
        enrolment_."year" as year4_3_ 
    from
        Enrolment enrolment_ 
    where
        enrolment_.studentId=? 
        and enrolment_.courseCode=?
14:18:14,269 DEBUG SQL:104 - 
    select
        course_.courseCode,
        course_.description as descript2_1_ 
    from
        Course course_ 
    where
        course_.courseCode=?
14:18:14,278 DEBUG SQL:104 - 
    select
        student_.studentId,
        student_.name_first as name2_4_,
        student_.name_middle as name3_4_,
        student_.name_last as name4_4_,
        student_.preferredCourseCode as preferre5_4_ 
    from
        Student student_ 
    where
        student_.studentId=?
14:18:14,278 DEBUG SQL:104 - 
    select
        enrolment_.studentId,
        enrolment_.courseCode,
        enrolment_.semester as semester3_,
        enrolment_."year" as year4_3_ 
    from
        Enrolment enrolment_ 
    where
        enrolment_.studentId=? 
        and enrolment_.courseCode=?
14:18:14,278 DEBUG SQL:104 - 
    select
        coursemeet_.courseCode,
        coursemeet_.day,
        coursemeet_.period,
        coursemeet_.location 
    from
        CourseMeeting coursemeet_ 
    where
        coursemeet_.courseCode=? 
        and coursemeet_.day=? 
        and coursemeet_.period=? 
        and coursemeet_.location=?
14:18:14,288 DEBUG SQL:104 - 
    select
        coursemeet_.courseCode,
        coursemeet_.day,
        coursemeet_.period,
        coursemeet_.location 
    from
        CourseMeeting coursemeet_ 
    where
        coursemeet_.courseCode=? 
        and coursemeet_.day=? 
        and coursemeet_.period=? 
        and coursemeet_.location=?
14:18:14,289 DEBUG BaseGeneralDataRegion:59 - Caching[foo.org.hibernate.cache.spi.UpdateTimestampsCache] : [Enrolment] -> [5579090961567744]
14:18:14,289 DEBUG SQL:104 - 
    update
        Address 
    set
        studentNumber=null,
        addressType=null 
    where
        studentNumber=?
14:18:14,289 DEBUG BaseGeneralDataRegion:59 - Caching[foo.org.hibernate.cache.spi.UpdateTimestampsCache] : [Address] -> [5579090961567745]
14:18:14,290 DEBUG SQL:104 - 
    delete 
    from
        Student_secretCodes 
    where
        studentNumber=?
14:18:14,299 DEBUG BaseGeneralDataRegion:59 - Caching[foo.org.hibernate.cache.spi.UpdateTimestampsCache] : [Student_secretCodes] -> [5579090961608704]
14:18:14,299 DEBUG BaseGeneralDataRegion:59 - Caching[foo.org.hibernate.cache.spi.UpdateTimestampsCache] : [Enrolment] -> [5579090961608705]
14:18:14,299 DEBUG BaseGeneralDataRegion:59 - Caching[foo.org.hibernate.cache.spi.UpdateTimestampsCache] : [Address] -> [5579090961608706]
14:18:14,299 DEBUG SQL:104 - 
    delete 
    from
        Student_secretCodes 
    where
        studentNumber=?
14:18:14,299 DEBUG BaseGeneralDataRegion:59 - Caching[foo.org.hibernate.cache.spi.UpdateTimestampsCache] : [Student_secretCodes] -> [5579090961608707]
14:18:14,300 DEBUG BaseGeneralDataRegion:59 - Caching[foo.org.hibernate.cache.spi.UpdateTimestampsCache] : [CourseMeeting] -> [5579090961608708]
14:18:14,300 DEBUG SQL:104 - 
    delete 
    from
        Enrolment 
    where
        studentId=? 
        and courseCode=?
14:18:14,300 DEBUG BaseGeneralDataRegion:59 - Caching[foo.org.hibernate.cache.spi.UpdateTimestampsCache] : [Enrolment] -> [5579090961612800]
14:18:14,300 DEBUG SQL:104 - 
    delete 
    from
        Address 
    where
        id=?
14:18:14,300 DEBUG BaseGeneralDataRegion:59 - Caching[foo.org.hibernate.cache.spi.UpdateTimestampsCache] : [Address] -> [5579090961612801]
14:18:14,308 DEBUG SQL:104 - 
    delete 
    from
        Address 
    where
        id=?
14:18:14,308 DEBUG BaseGeneralDataRegion:59 - Caching[foo.org.hibernate.cache.spi.UpdateTimestampsCache] : [Address] -> [5579090961645568]
14:18:14,309 DEBUG SQL:104 - 
    delete 
    from
        Student 
    where
        studentId=?
14:18:14,309 DEBUG BaseGeneralDataRegion:59 - Caching[foo.org.hibernate.cache.spi.UpdateTimestampsCache] : [Student] -> [5579090961649664]
14:18:14,309 DEBUG SQL:104 - 
    delete 
    from
        Enrolment 
    where
        studentId=? 
        and courseCode=?
14:18:14,309 DEBUG BaseGeneralDataRegion:59 - Caching[foo.org.hibernate.cache.spi.UpdateTimestampsCache] : [Enrolment] -> [5579090961649665]
14:18:14,309 DEBUG SQL:104 - 
    delete 
    from
        Student 
    where
        studentId=?
14:18:14,309 DEBUG BaseGeneralDataRegion:59 - Caching[foo.org.hibernate.cache.spi.UpdateTimestampsCache] : [Student] -> [5579090961649666]
14:18:14,310 DEBUG SQL:104 - 
    delete 
    from
        CourseMeeting 
    where
        courseCode=? 
        and day=? 
        and period=? 
        and location=?
14:18:14,310 DEBUG BaseGeneralDataRegion:59 - Caching[foo.org.hibernate.cache.spi.UpdateTimestampsCache] : [CourseMeeting] -> [5579090961653760]
14:18:14,310 DEBUG SQL:104 - 
    delete 
    from
        CourseMeeting 
    where
        courseCode=? 
        and day=? 
        and period=? 
        and location=?
14:18:14,310 DEBUG BaseGeneralDataRegion:59 - Caching[foo.org.hibernate.cache.spi.UpdateTimestampsCache] : [CourseMeeting] -> [5579090961653761]
14:18:14,310 DEBUG SQL:104 - 
    delete 
    from
        Course 
    where
        courseCode=?
14:18:14,311 DEBUG BaseGeneralDataRegion:59 - Caching[foo.org.hibernate.cache.spi.UpdateTimestampsCache] : [Course] -> [5579090961657856]
14:18:14,311 DEBUG BaseGeneralDataRegion:59 - Caching[foo.org.hibernate.cache.spi.UpdateTimestampsCache] : [Student] -> [5579090715897857]
14:18:14,311 DEBUG BaseGeneralDataRegion:59 - Caching[foo.org.hibernate.cache.spi.UpdateTimestampsCache] : [Course] -> [5579090715897857]
14:18:14,311 DEBUG BaseGeneralDataRegion:59 - Caching[foo.org.hibernate.cache.spi.UpdateTimestampsCache] : [Enrolment] -> [5579090715897857]
14:18:14,311 DEBUG BaseGeneralDataRegion:59 - Caching[foo.org.hibernate.cache.spi.UpdateTimestampsCache] : [Student_secretCodes] -> [5579090715897857]
14:18:14,323 DEBUG BaseGeneralDataRegion:59 - Caching[foo.org.hibernate.cache.spi.UpdateTimestampsCache] : [Address] -> [5579090715897857]
14:18:14,323 DEBUG BaseGeneralDataRegion:59 - Caching[foo.org.hibernate.cache.spi.UpdateTimestampsCache] : [CourseMeeting] -> [5579090715897857]
14:18:14,323 DEBUG SQL:104 - 
    select
        coursemeet_.courseCode,
        coursemeet_.day,
        coursemeet_.period,
        coursemeet_.location 
    from
        CourseMeeting coursemeet_ 
    where
        coursemeet_.courseCode=? 
        and coursemeet_.day=? 
        and coursemeet_.period=? 
        and coursemeet_.location=?
14:18:14,324 DEBUG SQL:104 - 
    select
        coursemeet_.courseCode,
        coursemeet_.day,
        coursemeet_.period,
        coursemeet_.location 
    from
        CourseMeeting coursemeet_ 
    where
        coursemeet_.courseCode=? 
        and coursemeet_.day=? 
        and coursemeet_.period=? 
        and coursemeet_.location=?
14:18:14,325 DEBUG SQL:104 - 
    insert 
    into
        Course
        (description, courseCode) 
    values
        (?, ?)
14:18:14,334 DEBUG BaseGeneralDataRegion:59 - Caching[foo.org.hibernate.cache.spi.UpdateTimestampsCache] : [Course] -> [5579090961752064]
14:18:14,334 DEBUG SQL:104 - 
    insert 
    into
        CourseMeeting
        (courseCode, day, period, location) 
    values
        (?, ?, ?, ?)
14:18:14,335 DEBUG BaseGeneralDataRegion:59 - Caching[foo.org.hibernate.cache.spi.UpdateTimestampsCache] : [CourseMeeting] -> [5579090961756160]
14:18:14,335 DEBUG SQL:104 - 
    insert 
    into
        CourseMeeting
        (courseCode, day, period, location) 
    values
        (?, ?, ?, ?)
14:18:14,335 DEBUG BaseGeneralDataRegion:59 - Caching[foo.org.hibernate.cache.spi.UpdateTimestampsCache] : [CourseMeeting] -> [5579090961756161]
14:18:14,335 DEBUG SQL:104 - 
    insert 
    into
        Student
        (name_first, name_middle, name_last, preferredCourseCode, studentId) 
    values
        (?, ?, ?, ?, ?)
14:18:14,335 DEBUG BaseGeneralDataRegion:59 - Caching[foo.org.hibernate.cache.spi.UpdateTimestampsCache] : [Student] -> [5579090961756162]
14:18:14,335 DEBUG SQL:104 - 
    insert 
    into
        Address
        (addressType, street, city, stateProvince, postalCode, country, studentNumber, id) 
    values
        (?, ?, ?, ?, ?, ?, ?, ?)
14:18:14,335 DEBUG BaseGeneralDataRegion:59 - Caching[foo.org.hibernate.cache.spi.UpdateTimestampsCache] : [Address] -> [5579090961756163]
14:18:14,336 DEBUG SQL:104 - 
    insert 
    into
        Address
        (addressType, street, city, stateProvince, postalCode, country, studentNumber, id) 
    values
        (?, ?, ?, ?, ?, ?, ?, ?)
14:18:14,356 DEBUG BaseGeneralDataRegion:59 - Caching[foo.org.hibernate.cache.spi.UpdateTimestampsCache] : [Address] -> [5579090961842176]
14:18:14,357 DEBUG SQL:104 - 
    insert 
    into
        Student
        (name_first, name_middle, name_last, preferredCourseCode, studentId) 
    values
        (?, ?, ?, ?, ?)
14:18:14,357 DEBUG BaseGeneralDataRegion:59 - Caching[foo.org.hibernate.cache.spi.UpdateTimestampsCache] : [Student] -> [5579090961846272]
14:18:14,357 DEBUG SQL:104 - 
    insert 
    into
        Enrolment
        (semester, "year", studentId, courseCode) 
    values
        (?, ?, ?, ?)
14:18:14,357 DEBUG BaseGeneralDataRegion:59 - Caching[foo.org.hibernate.cache.spi.UpdateTimestampsCache] : [Enrolment] -> [5579090961846273]
14:18:14,357 DEBUG SQL:104 - 
    insert 
    into
        Enrolment
        (semester, "year", studentId, courseCode) 
    values
        (?, ?, ?, ?)
14:18:14,357 DEBUG BaseGeneralDataRegion:59 - Caching[foo.org.hibernate.cache.spi.UpdateTimestampsCache] : [Enrolment] -> [5579090961846274]
14:18:14,358 DEBUG BaseGeneralDataRegion:59 - Caching[foo.org.hibernate.cache.spi.UpdateTimestampsCache] : [CourseMeeting] -> [5579090961850368]
14:18:14,358 DEBUG BaseGeneralDataRegion:59 - Caching[foo.org.hibernate.cache.spi.UpdateTimestampsCache] : [Enrolment] -> [5579090961850369]
14:18:14,358 DEBUG SQL:104 - 
    update
        Address 
    set
        studentNumber=?,
        addressType=? 
    where
        id=?
14:18:14,367 DEBUG SQL:104 - 
    update
        Address 
    set
        studentNumber=?,
        addressType=? 
    where
        id=?
14:18:14,367 DEBUG BaseGeneralDataRegion:59 - Caching[foo.org.hibernate.cache.spi.UpdateTimestampsCache] : [Address] -> [5579090961887232]
14:18:14,367 DEBUG SQL:104 - 
    insert 
    into
        Student_secretCodes
        (studentNumber, i, secretCode) 
    values
        (?, ?, ?)
14:18:14,367 DEBUG BaseGeneralDataRegion:59 - Caching[foo.org.hibernate.cache.spi.UpdateTimestampsCache] : [Student_secretCodes] -> [5579090961887233]
14:18:14,367 DEBUG BaseGeneralDataRegion:59 - Caching[foo.org.hibernate.cache.spi.UpdateTimestampsCache] : [Enrolment] -> [5579090961887234]
14:18:14,368 DEBUG BaseGeneralDataRegion:59 - Caching[foo.org.hibernate.cache.spi.UpdateTimestampsCache] : [Address] -> [5579090961891328]
14:18:14,368 DEBUG SQL:104 - 
    insert 
    into
        Student_secretCodes
        (studentNumber, i, secretCode) 
    values
        (?, ?, ?)
14:18:14,377 DEBUG SQL:104 - 
    insert 
    into
        Student_secretCodes
        (studentNumber, i, secretCode) 
    values
        (?, ?, ?)
14:18:14,377 DEBUG BaseGeneralDataRegion:59 - Caching[foo.org.hibernate.cache.spi.UpdateTimestampsCache] : [Student_secretCodes] -> [5579090961928192]
14:18:14,377 DEBUG BaseGeneralDataRegion:59 - Caching[foo.org.hibernate.cache.spi.UpdateTimestampsCache] : [Student] -> [5579090716168193]
14:18:14,377 DEBUG BaseGeneralDataRegion:59 - Caching[foo.org.hibernate.cache.spi.UpdateTimestampsCache] : [Course] -> [5579090716168193]
14:18:14,377 DEBUG BaseGeneralDataRegion:59 - Caching[foo.org.hibernate.cache.spi.UpdateTimestampsCache] : [Enrolment] -> [5579090716168193]
14:18:14,378 DEBUG BaseGeneralDataRegion:59 - Caching[foo.org.hibernate.cache.spi.UpdateTimestampsCache] : [Student_secretCodes] -> [5579090716168193]
14:18:14,378 DEBUG BaseGeneralDataRegion:59 - Caching[foo.org.hibernate.cache.spi.UpdateTimestampsCache] : [Address] -> [5579090716168193]
14:18:14,378 DEBUG BaseGeneralDataRegion:59 - Caching[foo.org.hibernate.cache.spi.UpdateTimestampsCache] : [CourseMeeting] -> [5579090716168193]
14:18:14,378 DEBUG SQL:104 - 
    select
        this_.studentId as studentId4_1_,
        this_.name_first as name2_4_1_,
        this_.name_middle as name3_4_1_,
        this_.name_last as name4_4_1_,
        this_.preferredCourseCode as preferre5_4_1_,
        e1_.studentId as studentId4_3_,
        e1_.studentId as studentId3_3_,
        e1_.courseCode as courseCode3_3_,
        e1_.studentId as studentId3_0_,
        e1_.courseCode as courseCode3_0_,
        e1_.semester as semester3_0_,
        e1_."year" as year4_3_0_ 
    from
        Student this_ 
    left outer join
        Enrolment e1_ 
            on this_.studentId=e1_.studentId 
    order by
        this_.studentId asc
14:18:14,388 DEBUG SQL:104 - 
    select
        course0_.courseCode as courseCode1_0_,
        course0_.description as descript2_1_0_ 
    from
        Course course0_ 
    where
        course0_.courseCode=?
14:18:14,389 DEBUG SQL:104 - 
    select
        secretcode0_.studentNumber as studentN1_4_0_,
        secretcode0_.secretCode as secretCode5_0_,
        secretcode0_.i as i0_ 
    from
        Student_secretCodes secretcode0_ 
    where
        secretcode0_.studentNumber=?
14:18:14,389 DEBUG SQL:104 - 
    select
        secretcode0_.studentNumber as studentN1_4_0_,
        secretcode0_.secretCode as secretCode5_0_,
        secretcode0_.i as i0_ 
    from
        Student_secretCodes secretcode0_ 
    where
        secretcode0_.studentNumber=?
14:18:14,399 DEBUG SQL:104 - 
    select
        coursemeet0_.courseCode as courseCode1_1_,
        coursemeet0_.courseCode as courseCode2_1_,
        coursemeet0_.day as day2_1_,
        coursemeet0_.period as period2_1_,
        coursemeet0_.location as location2_1_,
        coursemeet0_.courseCode as courseCode2_0_,
        coursemeet0_.day as day2_0_,
        coursemeet0_.period as period2_0_,
        coursemeet0_.location as location2_0_ 
    from
        CourseMeeting coursemeet0_ 
    where
        coursemeet0_.courseCode=?
14:18:14,400 DEBUG BaseGeneralDataRegion:59 - Caching[foo.org.hibernate.cache.internal.StandardQueryCache] : [sql: select this_.studentId as studentId4_1_, this_.name_first as name2_4_1_, this_.name_middle as name3_4_1_, this_.name_last as name4_4_1_, this_.preferredCourseCode as preferre5_4_1_, e1_.studentId as studentId4_3_, e1_.studentId as studentId3_3_, e1_.courseCode as courseCode3_3_, e1_.studentId as studentId3_0_, e1_.courseCode as courseCode3_0_, e1_.semester as semester3_0_, e1_."year" as year4_3_0_ from Student this_ left outer join Enrolment e1_ on this_.studentId=e1_.studentId order by this_.studentId asc; parameters: ; transformer: org.hibernate.transform.CacheableResultTransformer@14031e] -> [[5579090716262400, 111, 999]]
14:18:14,401 DEBUG SQL:104 - 
    select
        this_.studentId as studentId4_1_,
        this_.name_first as name2_4_1_,
        this_.name_middle as name3_4_1_,
        this_.name_last as name4_4_1_,
        this_.preferredCourseCode as preferre5_4_1_,
        e1_.studentId as studentId4_3_,
        e1_.studentId as studentId3_3_,
        e1_.courseCode as courseCode3_3_,
        e1_.studentId as studentId3_0_,
        e1_.courseCode as courseCode3_0_,
        e1_.semester as semester3_0_,
        e1_."year" as year4_3_0_ 
    from
        Student this_ 
    left outer join
        Enrolment e1_ 
            on this_.studentId=e1_.studentId 
    order by
        this_.studentId asc
14:18:14,410 DEBUG SQL:104 - 
    select
        course0_.courseCode as courseCode1_0_,
        course0_.description as descript2_1_0_ 
    from
        Course course0_ 
    where
        course0_.courseCode=?
14:18:14,410 DEBUG SQL:104 - 
    select
        secretcode0_.studentNumber as studentN1_4_0_,
        secretcode0_.secretCode as secretCode5_0_,
        secretcode0_.i as i0_ 
    from
        Student_secretCodes secretcode0_ 
    where
        secretcode0_.studentNumber=?
14:18:14,411 DEBUG SQL:104 - 
    select
        secretcode0_.studentNumber as studentN1_4_0_,
        secretcode0_.secretCode as secretCode5_0_,
        secretcode0_.i as i0_ 
    from
        Student_secretCodes secretcode0_ 
    where
        secretcode0_.studentNumber=?
14:18:14,420 DEBUG SQL:104 - 
    select
        coursemeet0_.courseCode as courseCode1_1_,
        coursemeet0_.courseCode as courseCode2_1_,
        coursemeet0_.day as day2_1_,
        coursemeet0_.period as period2_1_,
        coursemeet0_.location as location2_1_,
        coursemeet0_.courseCode as courseCode2_0_,
        coursemeet0_.day as day2_0_,
        coursemeet0_.period as period2_0_,
        coursemeet0_.location as location2_0_ 
    from
        CourseMeeting coursemeet0_ 
    where
        coursemeet0_.courseCode=?
14:18:14,421 DEBUG BaseGeneralDataRegion:59 - Caching[foo.org.hibernate.cache.internal.StandardQueryCache] : [sql: select this_.studentId as studentId4_1_, this_.name_first as name2_4_1_, this_.name_middle as name3_4_1_, this_.name_last as name4_4_1_, this_.preferredCourseCode as preferre5_4_1_, e1_.studentId as studentId4_3_, e1_.studentId as studentId3_3_, e1_.courseCode as courseCode3_3_, e1_.studentId as studentId3_0_, e1_.courseCode as courseCode3_0_, e1_.semester as semester3_0_, e1_."year" as year4_3_0_ from Student this_ left outer join Enrolment e1_ on this_.studentId=e1_.studentId order by this_.studentId asc; parameters: ; transformer: org.hibernate.transform.CacheableResultTransformer@14031e] -> [[5579090716348416, 111, 999]]
14:18:14,422 DEBUG SQL:104 - 
    select
        student_.studentId,
        student_.name_first as name2_4_,
        student_.name_middle as name3_4_,
        student_.name_last as name4_4_,
        student_.preferredCourseCode as preferre5_4_ 
    from
        Student student_ 
    where
        student_.studentId=?
14:18:14,431 DEBUG SQL:104 - 
    select
        enrolment_.studentId,
        enrolment_.courseCode,
        enrolment_.semester as semester3_,
        enrolment_."year" as year4_3_ 
    from
        Enrolment enrolment_ 
    where
        enrolment_.studentId=? 
        and enrolment_.courseCode=?
14:18:14,432 DEBUG SQL:104 - 
    select
        course_.courseCode,
        course_.description as descript2_1_ 
    from
        Course course_ 
    where
        course_.courseCode=?
14:18:14,432 DEBUG SQL:104 - 
    select
        student_.studentId,
        student_.name_first as name2_4_,
        student_.name_middle as name3_4_,
        student_.name_last as name4_4_,
        student_.preferredCourseCode as preferre5_4_ 
    from
        Student student_ 
    where
        student_.studentId=?
14:18:14,441 DEBUG SQL:104 - 
    select
        enrolment_.studentId,
        enrolment_.courseCode,
        enrolment_.semester as semester3_,
        enrolment_."year" as year4_3_ 
    from
        Enrolment enrolment_ 
    where
        enrolment_.studentId=? 
        and enrolment_.courseCode=?
14:18:14,441 DEBUG SQL:104 - 
    select
        coursemeet_.courseCode,
        coursemeet_.day,
        coursemeet_.period,
        coursemeet_.location 
    from
        CourseMeeting coursemeet_ 
    where
        coursemeet_.courseCode=? 
        and coursemeet_.day=? 
        and coursemeet_.period=? 
        and coursemeet_.location=?
14:18:14,441 DEBUG SQL:104 - 
    select
        coursemeet_.courseCode,
        coursemeet_.day,
        coursemeet_.period,
        coursemeet_.location 
    from
        CourseMeeting coursemeet_ 
    where
        coursemeet_.courseCode=? 
        and coursemeet_.day=? 
        and coursemeet_.period=? 
        and coursemeet_.location=?
14:18:14,442 DEBUG BaseGeneralDataRegion:59 - Caching[foo.org.hibernate.cache.spi.UpdateTimestampsCache] : [Enrolment] -> [5579090962194432]
14:18:14,442 DEBUG SQL:104 - 
    update
        Address 
    set
        studentNumber=null,
        addressType=null 
    where
        studentNumber=?
14:18:14,442 DEBUG BaseGeneralDataRegion:59 - Caching[foo.org.hibernate.cache.spi.UpdateTimestampsCache] : [Address] -> [5579090962194433]
14:18:14,443 DEBUG SQL:104 - 
    delete 
    from
        Student_secretCodes 
    where
        studentNumber=?
14:18:14,443 DEBUG BaseGeneralDataRegion:59 - Caching[foo.org.hibernate.cache.spi.UpdateTimestampsCache] : [Student_secretCodes] -> [5579090962198528]
14:18:14,443 DEBUG BaseGeneralDataRegion:59 - Caching[foo.org.hibernate.cache.spi.UpdateTimestampsCache] : [Enrolment] -> [5579090962198529]
14:18:14,443 DEBUG BaseGeneralDataRegion:59 - Caching[foo.org.hibernate.cache.spi.UpdateTimestampsCache] : [Address] -> [5579090962198530]
14:18:14,443 DEBUG SQL:104 - 
    delete 
    from
        Student_secretCodes 
    where
        studentNumber=?
14:18:14,454 DEBUG BaseGeneralDataRegion:59 - Caching[foo.org.hibernate.cache.spi.UpdateTimestampsCache] : [Student_secretCodes] -> [5579090962243584]
14:18:14,454 DEBUG BaseGeneralDataRegion:59 - Caching[foo.org.hibernate.cache.spi.UpdateTimestampsCache] : [CourseMeeting] -> [5579090962243585]
14:18:14,454 DEBUG SQL:104 - 
    delete 
    from
        Enrolment 
    where
        studentId=? 
        and courseCode=?
14:18:14,454 DEBUG BaseGeneralDataRegion:59 - Caching[foo.org.hibernate.cache.spi.UpdateTimestampsCache] : [Enrolment] -> [5579090962243586]
14:18:14,455 DEBUG SQL:104 - 
    delete 
    from
        Address 
    where
        id=?
14:18:14,455 DEBUG BaseGeneralDataRegion:59 - Caching[foo.org.hibernate.cache.spi.UpdateTimestampsCache] : [Address] -> [5579090962247680]
14:18:14,455 DEBUG SQL:104 - 
    delete 
    from
        Address 
    where
        id=?
14:18:14,455 DEBUG BaseGeneralDataRegion:59 - Caching[foo.org.hibernate.cache.spi.UpdateTimestampsCache] : [Address] -> [5579090962247681]
14:18:14,455 DEBUG SQL:104 - 
    delete 
    from
        Student 
    where
        studentId=?
14:18:14,465 DEBUG BaseGeneralDataRegion:59 - Caching[foo.org.hibernate.cache.spi.UpdateTimestampsCache] : [Student] -> [5579090962288640]
14:18:14,466 DEBUG SQL:104 - 
    delete 
    from
        Enrolment 
    where
        studentId=? 
        and courseCode=?
14:18:14,466 DEBUG BaseGeneralDataRegion:59 - Caching[foo.org.hibernate.cache.spi.UpdateTimestampsCache] : [Enrolment] -> [5579090962292736]
14:18:14,466 DEBUG SQL:104 - 
    delete 
    from
        Student 
    where
        studentId=?
14:18:14,466 DEBUG BaseGeneralDataRegion:59 - Caching[foo.org.hibernate.cache.spi.UpdateTimestampsCache] : [Student] -> [5579090962292737]
14:18:14,466 DEBUG SQL:104 - 
    delete 
    from
        CourseMeeting 
    where
        courseCode=? 
        and day=? 
        and period=? 
        and location=?
14:18:14,466 DEBUG BaseGeneralDataRegion:59 - Caching[foo.org.hibernate.cache.spi.UpdateTimestampsCache] : [CourseMeeting] -> [5579090962292738]
14:18:14,467 DEBUG SQL:104 - 
    delete 
    from
        CourseMeeting 
    where
        courseCode=? 
        and day=? 
        and period=? 
        and location=?
14:18:14,467 DEBUG BaseGeneralDataRegion:59 - Caching[foo.org.hibernate.cache.spi.UpdateTimestampsCache] : [CourseMeeting] -> [5579090962296832]
14:18:14,467 DEBUG SQL:104 - 
    delete 
    from
        Course 
    where
        courseCode=?
14:18:14,489 DEBUG BaseGeneralDataRegion:59 - Caching[foo.org.hibernate.cache.spi.UpdateTimestampsCache] : [Course] -> [5579090962386944]
14:18:14,489 DEBUG BaseGeneralDataRegion:59 - Caching[foo.org.hibernate.cache.spi.UpdateTimestampsCache] : [Student] -> [5579090716626945]
14:18:14,489 DEBUG BaseGeneralDataRegion:59 - Caching[foo.org.hibernate.cache.spi.UpdateTimestampsCache] : [Course] -> [5579090716626945]
14:18:14,489 DEBUG BaseGeneralDataRegion:59 - Caching[foo.org.hibernate.cache.spi.UpdateTimestampsCache] : [Enrolment] -> [5579090716626945]
14:18:14,490 DEBUG BaseGeneralDataRegion:59 - Caching[foo.org.hibernate.cache.spi.UpdateTimestampsCache] : [Student_secretCodes] -> [5579090716626945]
14:18:14,490 DEBUG BaseGeneralDataRegion:59 - Caching[foo.org.hibernate.cache.spi.UpdateTimestampsCache] : [Address] -> [5579090716626945]
14:18:14,490 DEBUG BaseGeneralDataRegion:59 - Caching[foo.org.hibernate.cache.spi.UpdateTimestampsCache] : [CourseMeeting] -> [5579090716626945]
14:18:14,490 DEBUG SQL:104 - 
    select
        coursemeet_.courseCode,
        coursemeet_.day,
        coursemeet_.period,
        coursemeet_.location 
    from
        CourseMeeting coursemeet_ 
    where
        coursemeet_.courseCode=? 
        and coursemeet_.day=? 
        and coursemeet_.period=? 
        and coursemeet_.location=?
14:18:14,491 DEBUG SQL:104 - 
    select
        coursemeet_.courseCode,
        coursemeet_.day,
        coursemeet_.period,
        coursemeet_.location 
    from
        CourseMeeting coursemeet_ 
    where
        coursemeet_.courseCode=? 
        and coursemeet_.day=? 
        and coursemeet_.period=? 
        and coursemeet_.location=?
14:18:14,503 DEBUG SQL:104 - 
    insert 
    into
        Course
        (description, courseCode) 
    values
        (?, ?)
14:18:14,503 DEBUG BaseGeneralDataRegion:59 - Caching[foo.org.hibernate.cache.spi.UpdateTimestampsCache] : [Course] -> [5579090962444288]
14:18:14,503 DEBUG SQL:104 - 
    insert 
    into
        CourseMeeting
        (courseCode, day, period, location) 
    values
        (?, ?, ?, ?)
14:18:14,503 DEBUG BaseGeneralDataRegion:59 - Caching[foo.org.hibernate.cache.spi.UpdateTimestampsCache] : [CourseMeeting] -> [5579090962444289]
14:18:14,504 DEBUG SQL:104 - 
    insert 
    into
        CourseMeeting
        (courseCode, day, period, location) 
    values
        (?, ?, ?, ?)
14:18:14,504 DEBUG BaseGeneralDataRegion:59 - Caching[foo.org.hibernate.cache.spi.UpdateTimestampsCache] : [CourseMeeting] -> [5579090962448384]
14:18:14,504 DEBUG SQL:104 - 
    insert 
    into
        Student
        (name_first, name_middle, name_last, preferredCourseCode, studentId) 
    values
        (?, ?, ?, ?, ?)
14:18:14,512 DEBUG BaseGeneralDataRegion:59 - Caching[foo.org.hibernate.cache.spi.UpdateTimestampsCache] : [Student] -> [5579090962481152]
14:18:14,512 DEBUG SQL:104 - 
    insert 
    into
        Address
        (addressType, street, city, stateProvince, postalCode, country, studentNumber, id) 
    values
        (?, ?, ?, ?, ?, ?, ?, ?)
14:18:14,512 DEBUG BaseGeneralDataRegion:59 - Caching[foo.org.hibernate.cache.spi.UpdateTimestampsCache] : [Address] -> [5579090962481153]
14:18:14,512 DEBUG SQL:104 - 
    insert 
    into
        Address
        (addressType, street, city, stateProvince, postalCode, country, studentNumber, id) 
    values
        (?, ?, ?, ?, ?, ?, ?, ?)
14:18:14,512 DEBUG BaseGeneralDataRegion:59 - Caching[foo.org.hibernate.cache.spi.UpdateTimestampsCache] : [Address] -> [5579090962481154]
14:18:14,512 DEBUG SQL:104 - 
    insert 
    into
        Student
        (name_first, name_middle, name_last, preferredCourseCode, studentId) 
    values
        (?, ?, ?, ?, ?)
14:18:14,522 DEBUG BaseGeneralDataRegion:59 - Caching[foo.org.hibernate.cache.spi.UpdateTimestampsCache] : [Student] -> [5579090962522112]
14:18:14,523 DEBUG SQL:104 - 
    insert 
    into
        Enrolment
        (semester, "year", studentId, courseCode) 
    values
        (?, ?, ?, ?)
14:18:14,523 DEBUG BaseGeneralDataRegion:59 - Caching[foo.org.hibernate.cache.spi.UpdateTimestampsCache] : [Enrolment] -> [5579090962526208]
14:18:14,523 DEBUG SQL:104 - 
    insert 
    into
        Enrolment
        (semester, "year", studentId, courseCode) 
    values
        (?, ?, ?, ?)
14:18:14,523 DEBUG BaseGeneralDataRegion:59 - Caching[foo.org.hibernate.cache.spi.UpdateTimestampsCache] : [Enrolment] -> [5579090962526209]
14:18:14,523 DEBUG BaseGeneralDataRegion:59 - Caching[foo.org.hibernate.cache.spi.UpdateTimestampsCache] : [CourseMeeting] -> [5579090962526210]
14:18:14,523 DEBUG BaseGeneralDataRegion:59 - Caching[foo.org.hibernate.cache.spi.UpdateTimestampsCache] : [Enrolment] -> [5579090962526211]
14:18:14,523 DEBUG SQL:104 - 
    update
        Address 
    set
        studentNumber=?,
        addressType=? 
    where
        id=?
14:18:14,524 DEBUG SQL:104 - 
    update
        Address 
    set
        studentNumber=?,
        addressType=? 
    where
        id=?
14:18:14,533 DEBUG BaseGeneralDataRegion:59 - Caching[foo.org.hibernate.cache.spi.UpdateTimestampsCache] : [Address] -> [5579090962567168]
14:18:14,533 DEBUG SQL:104 - 
    insert 
    into
        Student_secretCodes
        (studentNumber, i, secretCode) 
    values
        (?, ?, ?)
14:18:14,533 DEBUG BaseGeneralDataRegion:59 - Caching[foo.org.hibernate.cache.spi.UpdateTimestampsCache] : [Student_secretCodes] -> [5579090962567169]
14:18:14,533 DEBUG BaseGeneralDataRegion:59 - Caching[foo.org.hibernate.cache.spi.UpdateTimestampsCache] : [Enrolment] -> [5579090962567170]
14:18:14,533 DEBUG BaseGeneralDataRegion:59 - Caching[foo.org.hibernate.cache.spi.UpdateTimestampsCache] : [Address] -> [5579090962567171]
14:18:14,534 DEBUG SQL:104 - 
    insert 
    into
        Student_secretCodes
        (studentNumber, i, secretCode) 
    values
        (?, ?, ?)
14:18:14,534 DEBUG SQL:104 - 
    insert 
    into
        Student_secretCodes
        (studentNumber, i, secretCode) 
    values
        (?, ?, ?)
14:18:14,543 DEBUG BaseGeneralDataRegion:59 - Caching[foo.org.hibernate.cache.spi.UpdateTimestampsCache] : [Student_secretCodes] -> [5579090962608128]
14:18:14,543 DEBUG BaseGeneralDataRegion:59 - Caching[foo.org.hibernate.cache.spi.UpdateTimestampsCache] : [Student] -> [5579090716848129]
14:18:14,544 DEBUG BaseGeneralDataRegion:59 - Caching[foo.org.hibernate.cache.spi.UpdateTimestampsCache] : [Course] -> [5579090716848129]
14:18:14,544 DEBUG BaseGeneralDataRegion:59 - Caching[foo.org.hibernate.cache.spi.UpdateTimestampsCache] : [Enrolment] -> [5579090716848129]
14:18:14,544 DEBUG BaseGeneralDataRegion:59 - Caching[foo.org.hibernate.cache.spi.UpdateTimestampsCache] : [Student_secretCodes] -> [5579090716848129]
14:18:14,544 DEBUG BaseGeneralDataRegion:59 - Caching[foo.org.hibernate.cache.spi.UpdateTimestampsCache] : [Address] -> [5579090716848129]
14:18:14,544 DEBUG BaseGeneralDataRegion:59 - Caching[foo.org.hibernate.cache.spi.UpdateTimestampsCache] : [CourseMeeting] -> [5579090716848129]
14:18:14,545 DEBUG SQL:104 - 
    select
        this_.studentId as studentId4_1_,
        this_.name_first as name2_4_1_,
        this_.name_middle as name3_4_1_,
        this_.name_last as name4_4_1_,
        this_.preferredCourseCode as preferre5_4_1_,
        e1_.studentId as studentId4_3_,
        e1_.studentId as studentId3_3_,
        e1_.courseCode as courseCode3_3_,
        e1_.studentId as studentId3_0_,
        e1_.courseCode as courseCode3_0_,
        e1_.semester as semester3_0_,
        e1_."year" as year4_3_0_ 
    from
        Student this_ 
    left outer join
        Enrolment e1_ 
            on this_.studentId=e1_.studentId 
    order by
        this_.studentId asc
14:18:14,545 DEBUG SQL:104 - 
    select
        course0_.courseCode as courseCode1_0_,
        course0_.description as descript2_1_0_ 
    from
        Course course0_ 
    where
        course0_.courseCode=?
14:18:14,554 DEBUG SQL:104 - 
    select
        secretcode0_.studentNumber as studentN1_4_0_,
        secretcode0_.secretCode as secretCode5_0_,
        secretcode0_.i as i0_ 
    from
        Student_secretCodes secretcode0_ 
    where
        secretcode0_.studentNumber=?
14:18:14,555 DEBUG SQL:104 - 
    select
        secretcode0_.studentNumber as studentN1_4_0_,
        secretcode0_.secretCode as secretCode5_0_,
        secretcode0_.i as i0_ 
    from
        Student_secretCodes secretcode0_ 
    where
        secretcode0_.studentNumber=?
14:18:14,555 DEBUG SQL:104 - 
    select
        coursemeet0_.courseCode as courseCode1_1_,
        coursemeet0_.courseCode as courseCode2_1_,
        coursemeet0_.day as day2_1_,
        coursemeet0_.period as period2_1_,
        coursemeet0_.location as location2_1_,
        coursemeet0_.courseCode as courseCode2_0_,
        coursemeet0_.day as day2_0_,
        coursemeet0_.period as period2_0_,
        coursemeet0_.location as location2_0_ 
    from
        CourseMeeting coursemeet0_ 
    where
        coursemeet0_.courseCode=?
14:18:14,565 DEBUG BaseGeneralDataRegion:59 - Caching[foo.org.hibernate.cache.internal.StandardQueryCache] : [sql: select this_.studentId as studentId4_1_, this_.name_first as name2_4_1_, this_.name_middle as name3_4_1_, this_.name_last as name4_4_1_, this_.preferredCourseCode as preferre5_4_1_, e1_.studentId as studentId4_3_, e1_.studentId as studentId3_3_, e1_.courseCode as courseCode3_3_, e1_.studentId as studentId3_0_, e1_.courseCode as courseCode3_0_, e1_.semester as semester3_0_, e1_."year" as year4_3_0_ from Student this_ left outer join Enrolment e1_ on this_.studentId=e1_.studentId order by this_.studentId asc; parameters: ; transformer: org.hibernate.transform.CacheableResultTransformer@14031e] -> [[5579090716938240, 111, 999]]
14:18:14,566 DEBUG SQL:104 - 
    select
        this_.studentId as studentId4_1_,
        this_.name_first as name2_4_1_,
        this_.name_middle as name3_4_1_,
        this_.name_last as name4_4_1_,
        this_.preferredCourseCode as preferre5_4_1_,
        e1_.studentId as studentId4_3_,
        e1_.studentId as studentId3_3_,
        e1_.courseCode as courseCode3_3_,
        e1_.studentId as studentId3_0_,
        e1_.courseCode as courseCode3_0_,
        e1_.semester as semester3_0_,
        e1_."year" as year4_3_0_ 
    from
        Student this_ 
    left outer join
        Enrolment e1_ 
            on this_.studentId=e1_.studentId 
    order by
        this_.studentId asc
14:18:14,567 DEBUG SQL:104 - 
    select
        course0_.courseCode as courseCode1_0_,
        course0_.description as descript2_1_0_ 
    from
        Course course0_ 
    where
        course0_.courseCode=?
14:18:14,568 DEBUG SQL:104 - 
    select
        secretcode0_.studentNumber as studentN1_4_0_,
        secretcode0_.secretCode as secretCode5_0_,
        secretcode0_.i as i0_ 
    from
        Student_secretCodes secretcode0_ 
    where
        secretcode0_.studentNumber=?
14:18:14,568 DEBUG SQL:104 - 
    select
        secretcode0_.studentNumber as studentN1_4_0_,
        secretcode0_.secretCode as secretCode5_0_,
        secretcode0_.i as i0_ 
    from
        Student_secretCodes secretcode0_ 
    where
        secretcode0_.studentNumber=?
14:18:14,568 DEBUG SQL:104 - 
    select
        coursemeet0_.courseCode as courseCode1_1_,
        coursemeet0_.courseCode as courseCode2_1_,
        coursemeet0_.day as day2_1_,
        coursemeet0_.period as period2_1_,
        coursemeet0_.location as location2_1_,
        coursemeet0_.courseCode as courseCode2_0_,
        coursemeet0_.day as day2_0_,
        coursemeet0_.period as period2_0_,
        coursemeet0_.location as location2_0_ 
    from
        CourseMeeting coursemeet0_ 
    where
        coursemeet0_.courseCode=?
14:18:14,569 DEBUG BaseGeneralDataRegion:59 - Caching[foo.org.hibernate.cache.internal.StandardQueryCache] : [sql: select this_.studentId as studentId4_1_, this_.name_first as name2_4_1_, this_.name_middle as name3_4_1_, this_.name_last as name4_4_1_, this_.preferredCourseCode as preferre5_4_1_, e1_.studentId as studentId4_3_, e1_.studentId as studentId3_3_, e1_.courseCode as courseCode3_3_, e1_.studentId as studentId3_0_, e1_.courseCode as courseCode3_0_, e1_.semester as semester3_0_, e1_."year" as year4_3_0_ from Student this_ left outer join Enrolment e1_ on this_.studentId=e1_.studentId order by this_.studentId asc; parameters: ; transformer: org.hibernate.transform.CacheableResultTransformer@14031e] -> [[5579090716954624, 111, 999]]
14:18:14,580 DEBUG SQL:104 - 
    select
        student_.studentId,
        student_.name_first as name2_4_,
        student_.name_middle as name3_4_,
        student_.name_last as name4_4_,
        student_.preferredCourseCode as preferre5_4_ 
    from
        Student student_ 
    where
        student_.studentId=?
14:18:14,581 DEBUG SQL:104 - 
    select
        enrolment_.studentId,
        enrolment_.courseCode,
        enrolment_.semester as semester3_,
        enrolment_."year" as year4_3_ 
    from
        Enrolment enrolment_ 
    where
        enrolment_.studentId=? 
        and enrolment_.courseCode=?
14:18:14,581 DEBUG SQL:104 - 
    select
        course_.courseCode,
        course_.description as descript2_1_ 
    from
        Course course_ 
    where
        course_.courseCode=?
14:18:14,592 DEBUG SQL:104 - 
    select
        student_.studentId,
        student_.name_first as name2_4_,
        student_.name_middle as name3_4_,
        student_.name_last as name4_4_,
        student_.preferredCourseCode as preferre5_4_ 
    from
        Student student_ 
    where
        student_.studentId=?
14:18:14,593 DEBUG SQL:104 - 
    select
        enrolment_.studentId,
        enrolment_.courseCode,
        enrolment_.semester as semester3_,
        enrolment_."year" as year4_3_ 
    from
        Enrolment enrolment_ 
    where
        enrolment_.studentId=? 
        and enrolment_.courseCode=?
14:18:14,593 DEBUG SQL:104 - 
    select
        coursemeet_.courseCode,
        coursemeet_.day,
        coursemeet_.period,
        coursemeet_.location 
    from
        CourseMeeting coursemeet_ 
    where
        coursemeet_.courseCode=? 
        and coursemeet_.day=? 
        and coursemeet_.period=? 
        and coursemeet_.location=?
14:18:14,603 DEBUG SQL:104 - 
    select
        coursemeet_.courseCode,
        coursemeet_.day,
        coursemeet_.period,
        coursemeet_.location 
    from
        CourseMeeting coursemeet_ 
    where
        coursemeet_.courseCode=? 
        and coursemeet_.day=? 
        and coursemeet_.period=? 
        and coursemeet_.location=?
14:18:14,615 DEBUG BaseGeneralDataRegion:59 - Caching[foo.org.hibernate.cache.spi.UpdateTimestampsCache] : [Enrolment] -> [5579090962898944]
14:18:14,615 DEBUG SQL:104 - 
    update
        Address 
    set
        studentNumber=null,
        addressType=null 
    where
        studentNumber=?
14:18:14,615 DEBUG BaseGeneralDataRegion:59 - Caching[foo.org.hibernate.cache.spi.UpdateTimestampsCache] : [Address] -> [5579090962903040]
14:18:14,615 DEBUG SQL:104 - 
    delete 
    from
        Student_secretCodes 
    where
        studentNumber=?
14:18:14,615 DEBUG BaseGeneralDataRegion:59 - Caching[foo.org.hibernate.cache.spi.UpdateTimestampsCache] : [Student_secretCodes] -> [5579090962903041]
14:18:14,615 DEBUG BaseGeneralDataRegion:59 - Caching[foo.org.hibernate.cache.spi.UpdateTimestampsCache] : [Enrolment] -> [5579090962903042]
14:18:14,616 DEBUG BaseGeneralDataRegion:59 - Caching[foo.org.hibernate.cache.spi.UpdateTimestampsCache] : [Address] -> [5579090962907136]
14:18:14,616 DEBUG SQL:104 - 
    delete 
    from
        Student_secretCodes 
    where
        studentNumber=?
14:18:14,616 DEBUG BaseGeneralDataRegion:59 - Caching[foo.org.hibernate.cache.spi.UpdateTimestampsCache] : [Student_secretCodes] -> [5579090962907137]
14:18:14,616 DEBUG BaseGeneralDataRegion:59 - Caching[foo.org.hibernate.cache.spi.UpdateTimestampsCache] : [CourseMeeting] -> [5579090962907138]
14:18:14,624 DEBUG SQL:104 - 
    delete 
    from
        Enrolment 
    where
        studentId=? 
        and courseCode=?
14:18:14,624 DEBUG BaseGeneralDataRegion:59 - Caching[foo.org.hibernate.cache.spi.UpdateTimestampsCache] : [Enrolment] -> [5579090962939904]
14:18:14,624 DEBUG SQL:104 - 
    delete 
    from
        Address 
    where
        id=?
14:18:14,625 DEBUG BaseGeneralDataRegion:59 - Caching[foo.org.hibernate.cache.spi.UpdateTimestampsCache] : [Address] -> [5579090962944000]
14:18:14,625 DEBUG SQL:104 - 
    delete 
    from
        Address 
    where
        id=?
14:18:14,625 DEBUG BaseGeneralDataRegion:59 - Caching[foo.org.hibernate.cache.spi.UpdateTimestampsCache] : [Address] -> [5579090962944001]
14:18:14,625 DEBUG SQL:104 - 
    delete 
    from
        Student 
    where
        studentId=?
14:18:14,625 DEBUG BaseGeneralDataRegion:59 - Caching[foo.org.hibernate.cache.spi.UpdateTimestampsCache] : [Student] -> [5579090962944002]
14:18:14,625 DEBUG SQL:104 - 
    delete 
    from
        Enrolment 
    where
        studentId=? 
        and courseCode=?
14:18:14,633 DEBUG BaseGeneralDataRegion:59 - Caching[foo.org.hibernate.cache.spi.UpdateTimestampsCache] : [Enrolment] -> [5579090962976768]
14:18:14,634 DEBUG SQL:104 - 
    delete 
    from
        Student 
    where
        studentId=?
14:18:14,634 DEBUG BaseGeneralDataRegion:59 - Caching[foo.org.hibernate.cache.spi.UpdateTimestampsCache] : [Student] -> [5579090962980864]
14:18:14,634 DEBUG SQL:104 - 
    delete 
    from
        CourseMeeting 
    where
        courseCode=? 
        and day=? 
        and period=? 
        and location=?
14:18:14,634 DEBUG BaseGeneralDataRegion:59 - Caching[foo.org.hibernate.cache.spi.UpdateTimestampsCache] : [CourseMeeting] -> [5579090962980865]
14:18:14,634 DEBUG SQL:104 - 
    delete 
    from
        CourseMeeting 
    where
        courseCode=? 
        and day=? 
        and period=? 
        and location=?
14:18:14,643 DEBUG BaseGeneralDataRegion:59 - Caching[foo.org.hibernate.cache.spi.UpdateTimestampsCache] : [CourseMeeting] -> [5579090963013632]
14:18:14,643 DEBUG SQL:104 - 
    delete 
    from
        Course 
    where
        courseCode=?
14:18:14,643 DEBUG BaseGeneralDataRegion:59 - Caching[foo.org.hibernate.cache.spi.UpdateTimestampsCache] : [Course] -> [5579090963017728]
14:18:14,643 DEBUG BaseGeneralDataRegion:59 - Caching[foo.org.hibernate.cache.spi.UpdateTimestampsCache] : [Student] -> [5579090717257729]
14:18:14,643 DEBUG BaseGeneralDataRegion:59 - Caching[foo.org.hibernate.cache.spi.UpdateTimestampsCache] : [Course] -> [5579090717257729]
14:18:14,643 DEBUG BaseGeneralDataRegion:59 - Caching[foo.org.hibernate.cache.spi.UpdateTimestampsCache] : [Enrolment] -> [5579090717257729]
14:18:14,643 DEBUG BaseGeneralDataRegion:59 - Caching[foo.org.hibernate.cache.spi.UpdateTimestampsCache] : [Student_secretCodes] -> [5579090717257729]
14:18:14,643 DEBUG BaseGeneralDataRegion:59 - Caching[foo.org.hibernate.cache.spi.UpdateTimestampsCache] : [Address] -> [5579090717257729]
14:18:14,644 DEBUG BaseGeneralDataRegion:59 - Caching[foo.org.hibernate.cache.spi.UpdateTimestampsCache] : [CourseMeeting] -> [5579090717257729]
14:18:14,644  INFO CustomRunner:139 - Test: testEntityWithJoinedLazyOneToManySingleElementListHql
14:18:14,645 DEBUG SQL:104 - 
    select
        coursemeet_.courseCode,
        coursemeet_.day,
        coursemeet_.period,
        coursemeet_.location 
    from
        CourseMeeting coursemeet_ 
    where
        coursemeet_.courseCode=? 
        and coursemeet_.day=? 
        and coursemeet_.period=? 
        and coursemeet_.location=?
14:18:14,652 DEBUG SQL:104 - 
    select
        coursemeet_.courseCode,
        coursemeet_.day,
        coursemeet_.period,
        coursemeet_.location 
    from
        CourseMeeting coursemeet_ 
    where
        coursemeet_.courseCode=? 
        and coursemeet_.day=? 
        and coursemeet_.period=? 
        and coursemeet_.location=?
14:18:14,653 DEBUG SQL:104 - 
    insert 
    into
        Course
        (description, courseCode) 
    values
        (?, ?)
14:18:14,653 DEBUG BaseGeneralDataRegion:59 - Caching[foo.org.hibernate.cache.spi.UpdateTimestampsCache] : [Course] -> [5579090963058688]
14:18:14,653 DEBUG SQL:104 - 
    insert 
    into
        CourseMeeting
        (courseCode, day, period, location) 
    values
        (?, ?, ?, ?)
14:18:14,661 DEBUG BaseGeneralDataRegion:59 - Caching[foo.org.hibernate.cache.spi.UpdateTimestampsCache] : [CourseMeeting] -> [5579090963091456]
14:18:14,661 DEBUG SQL:104 - 
    insert 
    into
        CourseMeeting
        (courseCode, day, period, location) 
    values
        (?, ?, ?, ?)
14:18:14,661 DEBUG BaseGeneralDataRegion:59 - Caching[foo.org.hibernate.cache.spi.UpdateTimestampsCache] : [CourseMeeting] -> [5579090963091457]
14:18:14,661 DEBUG SQL:104 - 
    insert 
    into
        Student
        (name_first, name_middle, name_last, preferredCourseCode, studentId) 
    values
        (?, ?, ?, ?, ?)
14:18:14,662 DEBUG BaseGeneralDataRegion:59 - Caching[foo.org.hibernate.cache.spi.UpdateTimestampsCache] : [Student] -> [5579090963095552]
14:18:14,662 DEBUG SQL:104 - 
    insert 
    into
        Address
        (addressType, street, city, stateProvince, postalCode, country, studentNumber, id) 
    values
        (?, ?, ?, ?, ?, ?, ?, ?)
14:18:14,662 DEBUG BaseGeneralDataRegion:59 - Caching[foo.org.hibernate.cache.spi.UpdateTimestampsCache] : [Address] -> [5579090963095553]
14:18:14,662 DEBUG SQL:104 - 
    insert 
    into
        Address
        (addressType, street, city, stateProvince, postalCode, country, studentNumber, id) 
    values
        (?, ?, ?, ?, ?, ?, ?, ?)
14:18:14,670 DEBUG BaseGeneralDataRegion:59 - Caching[foo.org.hibernate.cache.spi.UpdateTimestampsCache] : [Address] -> [5579090963128320]
14:18:14,670 DEBUG SQL:104 - 
    insert 
    into
        Student
        (name_first, name_middle, name_last, preferredCourseCode, studentId) 
    values
        (?, ?, ?, ?, ?)
14:18:14,670 DEBUG BaseGeneralDataRegion:59 - Caching[foo.org.hibernate.cache.spi.UpdateTimestampsCache] : [Student] -> [5579090963128321]
14:18:14,670 DEBUG SQL:104 - 
    insert 
    into
        Enrolment
        (semester, "year", studentId, courseCode) 
    values
        (?, ?, ?, ?)
14:18:14,671 DEBUG BaseGeneralDataRegion:59 - Caching[foo.org.hibernate.cache.spi.UpdateTimestampsCache] : [Enrolment] -> [5579090963132416]
14:18:14,671 DEBUG SQL:104 - 
    insert 
    into
        Enrolment
        (semester, "year", studentId, courseCode) 
    values
        (?, ?, ?, ?)
14:18:14,671 DEBUG BaseGeneralDataRegion:59 - Caching[foo.org.hibernate.cache.spi.UpdateTimestampsCache] : [Enrolment] -> [5579090963132417]
14:18:14,671 DEBUG BaseGeneralDataRegion:59 - Caching[foo.org.hibernate.cache.spi.UpdateTimestampsCache] : [CourseMeeting] -> [5579090963132418]
14:18:14,671 DEBUG BaseGeneralDataRegion:59 - Caching[foo.org.hibernate.cache.spi.UpdateTimestampsCache] : [Enrolment] -> [5579090963132419]
14:18:14,679 DEBUG SQL:104 - 
    update
        Address 
    set
        studentNumber=?,
        addressType=? 
    where
        id=?
14:18:14,679 DEBUG SQL:104 - 
    update
        Address 
    set
        studentNumber=?,
        addressType=? 
    where
        id=?
14:18:14,679 DEBUG BaseGeneralDataRegion:59 - Caching[foo.org.hibernate.cache.spi.UpdateTimestampsCache] : [Address] -> [5579090963165184]
14:18:14,680 DEBUG SQL:104 - 
    insert 
    into
        Student_secretCodes
        (studentNumber, i, secretCode) 
    values
        (?, ?, ?)
14:18:14,680 DEBUG BaseGeneralDataRegion:59 - Caching[foo.org.hibernate.cache.spi.UpdateTimestampsCache] : [Student_secretCodes] -> [5579090963169280]
14:18:14,680 DEBUG BaseGeneralDataRegion:59 - Caching[foo.org.hibernate.cache.spi.UpdateTimestampsCache] : [Enrolment] -> [5579090963169281]
14:18:14,680 DEBUG BaseGeneralDataRegion:59 - Caching[foo.org.hibernate.cache.spi.UpdateTimestampsCache] : [Address] -> [5579090963169282]
14:18:14,680 DEBUG SQL:104 - 
    insert 
    into
        Student_secretCodes
        (studentNumber, i, secretCode) 
    values
        (?, ?, ?)
14:18:14,689 DEBUG SQL:104 - 
    insert 
    into
        Student_secretCodes
        (studentNumber, i, secretCode) 
    values
        (?, ?, ?)
14:18:14,689 DEBUG BaseGeneralDataRegion:59 - Caching[foo.org.hibernate.cache.spi.UpdateTimestampsCache] : [Student_secretCodes] -> [5579090963206144]
14:18:14,689 DEBUG BaseGeneralDataRegion:59 - Caching[foo.org.hibernate.cache.spi.UpdateTimestampsCache] : [Student] -> [5579090717446145]
14:18:14,689 DEBUG BaseGeneralDataRegion:59 - Caching[foo.org.hibernate.cache.spi.UpdateTimestampsCache] : [Course] -> [5579090717446145]
14:18:14,689 DEBUG BaseGeneralDataRegion:59 - Caching[foo.org.hibernate.cache.spi.UpdateTimestampsCache] : [Enrolment] -> [5579090717446145]
14:18:14,689 DEBUG BaseGeneralDataRegion:59 - Caching[foo.org.hibernate.cache.spi.UpdateTimestampsCache] : [Student_secretCodes] -> [5579090717446145]
14:18:14,689 DEBUG BaseGeneralDataRegion:59 - Caching[foo.org.hibernate.cache.spi.UpdateTimestampsCache] : [Address] -> [5579090717446145]
14:18:14,690 DEBUG BaseGeneralDataRegion:59 - Caching[foo.org.hibernate.cache.spi.UpdateTimestampsCache] : [CourseMeeting] -> [5579090717446145]
14:18:14,690 DEBUG SQL:104 - 
    select
        student_.studentId,
        student_.name_first as name2_4_,
        student_.name_middle as name3_4_,
        student_.name_last as name4_4_,
        student_.preferredCourseCode as preferre5_4_ 
    from
        Student student_ 
    where
        student_.studentId=?
14:18:14,690 DEBUG SQL:104 - 
    select
        enrolment_.studentId,
        enrolment_.courseCode,
        enrolment_.semester as semester3_,
        enrolment_."year" as year4_3_ 
    from
        Enrolment enrolment_ 
    where
        enrolment_.studentId=? 
        and enrolment_.courseCode=?
14:18:14,691 DEBUG SQL:104 - 
    select
        course_.courseCode,
        course_.description as descript2_1_ 
    from
        Course course_ 
    where
        course_.courseCode=?
14:18:14,691 DEBUG SQL:104 - 
    select
        student_.studentId,
        student_.name_first as name2_4_,
        student_.name_middle as name3_4_,
        student_.name_last as name4_4_,
        student_.preferredCourseCode as preferre5_4_ 
    from
        Student student_ 
    where
        student_.studentId=?
14:18:14,700 DEBUG SQL:104 - 
    select
        enrolment_.studentId,
        enrolment_.courseCode,
        enrolment_.semester as semester3_,
        enrolment_."year" as year4_3_ 
    from
        Enrolment enrolment_ 
    where
        enrolment_.studentId=? 
        and enrolment_.courseCode=?
14:18:14,700 DEBUG SQL:104 - 
    select
        coursemeet_.courseCode,
        coursemeet_.day,
        coursemeet_.period,
        coursemeet_.location 
    from
        CourseMeeting coursemeet_ 
    where
        coursemeet_.courseCode=? 
        and coursemeet_.day=? 
        and coursemeet_.period=? 
        and coursemeet_.location=?
14:18:14,700 DEBUG SQL:104 - 
    select
        coursemeet_.courseCode,
        coursemeet_.day,
        coursemeet_.period,
        coursemeet_.location 
    from
        CourseMeeting coursemeet_ 
    where
        coursemeet_.courseCode=? 
        and coursemeet_.day=? 
        and coursemeet_.period=? 
        and coursemeet_.location=?
14:18:14,711 DEBUG BaseGeneralDataRegion:59 - Caching[foo.org.hibernate.cache.spi.UpdateTimestampsCache] : [Enrolment] -> [5579090963296256]
14:18:14,712 DEBUG SQL:104 - 
    update
        Address 
    set
        studentNumber=null,
        addressType=null 
    where
        studentNumber=?
14:18:14,712 DEBUG BaseGeneralDataRegion:59 - Caching[foo.org.hibernate.cache.spi.UpdateTimestampsCache] : [Address] -> [5579090963300352]
14:18:14,712 DEBUG SQL:104 - 
    delete 
    from
        Student_secretCodes 
    where
        studentNumber=?
14:18:14,712 DEBUG BaseGeneralDataRegion:59 - Caching[foo.org.hibernate.cache.spi.UpdateTimestampsCache] : [Student_secretCodes] -> [5579090963300353]
14:18:14,712 DEBUG BaseGeneralDataRegion:59 - Caching[foo.org.hibernate.cache.spi.UpdateTimestampsCache] : [Enrolment] -> [5579090963300354]
14:18:14,712 DEBUG BaseGeneralDataRegion:59 - Caching[foo.org.hibernate.cache.spi.UpdateTimestampsCache] : [Address] -> [5579090963300355]
14:18:14,712 DEBUG SQL:104 - 
    delete 
    from
        Student_secretCodes 
    where
        studentNumber=?
14:18:14,720 DEBUG BaseGeneralDataRegion:59 - Caching[foo.org.hibernate.cache.spi.UpdateTimestampsCache] : [Student_secretCodes] -> [5579090963333120]
14:18:14,720 DEBUG BaseGeneralDataRegion:59 - Caching[foo.org.hibernate.cache.spi.UpdateTimestampsCache] : [CourseMeeting] -> [5579090963333121]
14:18:14,720 DEBUG SQL:104 - 
    delete 
    from
        Enrolment 
    where
        studentId=? 
        and courseCode=?
14:18:14,720 DEBUG BaseGeneralDataRegion:59 - Caching[foo.org.hibernate.cache.spi.UpdateTimestampsCache] : [Enrolment] -> [5579090963333122]
14:18:14,720 DEBUG SQL:104 - 
    delete 
    from
        Address 
    where
        id=?
14:18:14,729 DEBUG BaseGeneralDataRegion:59 - Caching[foo.org.hibernate.cache.spi.UpdateTimestampsCache] : [Address] -> [5579090963369984]
14:18:14,729 DEBUG SQL:104 - 
    delete 
    from
        Address 
    where
        id=?
14:18:14,730 DEBUG BaseGeneralDataRegion:59 - Caching[foo.org.hibernate.cache.spi.UpdateTimestampsCache] : [Address] -> [5579090963374080]
14:18:14,730 DEBUG SQL:104 - 
    delete 
    from
        Student 
    where
        studentId=?
14:18:14,732 DEBUG BaseGeneralDataRegion:59 - Caching[foo.org.hibernate.cache.spi.UpdateTimestampsCache] : [Student] -> [5579090963382272]
14:18:14,732 DEBUG SQL:104 - 
    delete 
    from
        Enrolment 
    where
        studentId=? 
        and courseCode=?
14:18:14,732 DEBUG BaseGeneralDataRegion:59 - Caching[foo.org.hibernate.cache.spi.UpdateTimestampsCache] : [Enrolment] -> [5579090963382273]
14:18:14,733 DEBUG SQL:104 - 
    delete 
    from
        Student 
    where
        studentId=?
14:18:14,738 DEBUG BaseGeneralDataRegion:59 - Caching[foo.org.hibernate.cache.spi.UpdateTimestampsCache] : [Student] -> [5579090963406848]
14:18:14,739 DEBUG SQL:104 - 
    delete 
    from
        CourseMeeting 
    where
        courseCode=? 
        and day=? 
        and period=? 
        and location=?
14:18:14,739 DEBUG BaseGeneralDataRegion:59 - Caching[foo.org.hibernate.cache.spi.UpdateTimestampsCache] : [CourseMeeting] -> [5579090963410944]
14:18:14,739 DEBUG SQL:104 - 
    delete 
    from
        CourseMeeting 
    where
        courseCode=? 
        and day=? 
        and period=? 
        and location=?
14:18:14,739 DEBUG BaseGeneralDataRegion:59 - Caching[foo.org.hibernate.cache.spi.UpdateTimestampsCache] : [CourseMeeting] -> [5579090963410945]
14:18:14,739 DEBUG SQL:104 - 
    delete 
    from
        Course 
    where
        courseCode=?
14:18:14,739 DEBUG BaseGeneralDataRegion:59 - Caching[foo.org.hibernate.cache.spi.UpdateTimestampsCache] : [Course] -> [5579090963410946]
14:18:14,748 DEBUG BaseGeneralDataRegion:59 - Caching[foo.org.hibernate.cache.spi.UpdateTimestampsCache] : [Student] -> [5579090717687808]
14:18:14,749 DEBUG BaseGeneralDataRegion:59 - Caching[foo.org.hibernate.cache.spi.UpdateTimestampsCache] : [Course] -> [5579090717687808]
14:18:14,749 DEBUG BaseGeneralDataRegion:59 - Caching[foo.org.hibernate.cache.spi.UpdateTimestampsCache] : [Enrolment] -> [5579090717687808]
14:18:14,749 DEBUG BaseGeneralDataRegion:59 - Caching[foo.org.hibernate.cache.spi.UpdateTimestampsCache] : [Student_secretCodes] -> [5579090717687808]
14:18:14,749 DEBUG BaseGeneralDataRegion:59 - Caching[foo.org.hibernate.cache.spi.UpdateTimestampsCache] : [Address] -> [5579090717687808]
14:18:14,749 DEBUG BaseGeneralDataRegion:59 - Caching[foo.org.hibernate.cache.spi.UpdateTimestampsCache] : [CourseMeeting] -> [5579090717687808]
14:18:14,749 DEBUG SQL:104 - 
    select
        coursemeet_.courseCode,
        coursemeet_.day,
        coursemeet_.period,
        coursemeet_.location 
    from
        CourseMeeting coursemeet_ 
    where
        coursemeet_.courseCode=? 
        and coursemeet_.day=? 
        and coursemeet_.period=? 
        and coursemeet_.location=?
14:18:14,750 DEBUG SQL:104 - 
    select
        coursemeet_.courseCode,
        coursemeet_.day,
        coursemeet_.period,
        coursemeet_.location 
    from
        CourseMeeting coursemeet_ 
    where
        coursemeet_.courseCode=? 
        and coursemeet_.day=? 
        and coursemeet_.period=? 
        and coursemeet_.location=?
14:18:14,758 DEBUG SQL:104 - 
    insert 
    into
        Course
        (description, courseCode) 
    values
        (?, ?)
14:18:14,758 DEBUG BaseGeneralDataRegion:59 - Caching[foo.org.hibernate.cache.spi.UpdateTimestampsCache] : [Course] -> [5579090963488768]
14:18:14,758 DEBUG SQL:104 - 
    insert 
    into
        CourseMeeting
        (courseCode, day, period, location) 
    values
        (?, ?, ?, ?)
14:18:14,759 DEBUG BaseGeneralDataRegion:59 - Caching[foo.org.hibernate.cache.spi.UpdateTimestampsCache] : [CourseMeeting] -> [5579090963492864]
14:18:14,759 DEBUG SQL:104 - 
    insert 
    into
        CourseMeeting
        (courseCode, day, period, location) 
    values
        (?, ?, ?, ?)
14:18:14,759 DEBUG BaseGeneralDataRegion:59 - Caching[foo.org.hibernate.cache.spi.UpdateTimestampsCache] : [CourseMeeting] -> [5579090963492865]
14:18:14,759 DEBUG SQL:104 - 
    insert 
    into
        Student
        (name_first, name_middle, name_last, preferredCourseCode, studentId) 
    values
        (?, ?, ?, ?, ?)
14:18:14,766 DEBUG BaseGeneralDataRegion:59 - Caching[foo.org.hibernate.cache.spi.UpdateTimestampsCache] : [Student] -> [5579090963521536]
14:18:14,767 DEBUG SQL:104 - 
    insert 
    into
        Address
        (addressType, street, city, stateProvince, postalCode, country, studentNumber, id) 
    values
        (?, ?, ?, ?, ?, ?, ?, ?)
14:18:14,767 DEBUG BaseGeneralDataRegion:59 - Caching[foo.org.hibernate.cache.spi.UpdateTimestampsCache] : [Address] -> [5579090963525632]
14:18:14,767 DEBUG SQL:104 - 
    insert 
    into
        Address
        (addressType, street, city, stateProvince, postalCode, country, studentNumber, id) 
    values
        (?, ?, ?, ?, ?, ?, ?, ?)
14:18:14,767 DEBUG BaseGeneralDataRegion:59 - Caching[foo.org.hibernate.cache.spi.UpdateTimestampsCache] : [Address] -> [5579090963525633]
14:18:14,767 DEBUG SQL:104 - 
    insert 
    into
        Student
        (name_first, name_middle, name_last, preferredCourseCode, studentId) 
    values
        (?, ?, ?, ?, ?)
14:18:14,767 DEBUG BaseGeneralDataRegion:59 - Caching[foo.org.hibernate.cache.spi.UpdateTimestampsCache] : [Student] -> [5579090963525634]
14:18:14,768 DEBUG SQL:104 - 
    insert 
    into
        Enrolment
        (semester, "year", studentId, courseCode) 
    values
        (?, ?, ?, ?)
14:18:14,775 DEBUG BaseGeneralDataRegion:59 - Caching[foo.org.hibernate.cache.spi.UpdateTimestampsCache] : [Enrolment] -> [5579090963558400]
14:18:14,776 DEBUG SQL:104 - 
    insert 
    into
        Enrolment
        (semester, "year", studentId, courseCode) 
    values
        (?, ?, ?, ?)
14:18:14,776 DEBUG BaseGeneralDataRegion:59 - Caching[foo.org.hibernate.cache.spi.UpdateTimestampsCache] : [Enrolment] -> [5579090963562496]
14:18:14,776 DEBUG BaseGeneralDataRegion:59 - Caching[foo.org.hibernate.cache.spi.UpdateTimestampsCache] : [CourseMeeting] -> [5579090963562497]
14:18:14,776 DEBUG BaseGeneralDataRegion:59 - Caching[foo.org.hibernate.cache.spi.UpdateTimestampsCache] : [Enrolment] -> [5579090963562498]
14:18:14,776 DEBUG SQL:104 - 
    update
        Address 
    set
        studentNumber=?,
        addressType=? 
    where
        id=?
14:18:14,776 DEBUG SQL:104 - 
    update
        Address 
    set
        studentNumber=?,
        addressType=? 
    where
        id=?
14:18:14,785 DEBUG BaseGeneralDataRegion:59 - Caching[foo.org.hibernate.cache.spi.UpdateTimestampsCache] : [Address] -> [5579090963599360]
14:18:14,785 DEBUG SQL:104 - 
    insert 
    into
        Student_secretCodes
        (studentNumber, i, secretCode) 
    values
        (?, ?, ?)
14:18:14,785 DEBUG BaseGeneralDataRegion:59 - Caching[foo.org.hibernate.cache.spi.UpdateTimestampsCache] : [Student_secretCodes] -> [5579090963599361]
14:18:14,785 DEBUG BaseGeneralDataRegion:59 - Caching[foo.org.hibernate.cache.spi.UpdateTimestampsCache] : [Enrolment] -> [5579090963599362]
14:18:14,786 DEBUG BaseGeneralDataRegion:59 - Caching[foo.org.hibernate.cache.spi.UpdateTimestampsCache] : [Address] -> [5579090963603456]
14:18:14,786 DEBUG SQL:104 - 
    insert 
    into
        Student_secretCodes
        (studentNumber, i, secretCode) 
    values
        (?, ?, ?)
14:18:14,786 DEBUG SQL:104 - 
    insert 
    into
        Student_secretCodes
        (studentNumber, i, secretCode) 
    values
        (?, ?, ?)
14:18:14,786 DEBUG BaseGeneralDataRegion:59 - Caching[foo.org.hibernate.cache.spi.UpdateTimestampsCache] : [Student_secretCodes] -> [5579090963603457]
14:18:14,786 DEBUG BaseGeneralDataRegion:59 - Caching[foo.org.hibernate.cache.spi.UpdateTimestampsCache] : [Student] -> [5579090717843458]
14:18:14,786 DEBUG BaseGeneralDataRegion:59 - Caching[foo.org.hibernate.cache.spi.UpdateTimestampsCache] : [Course] -> [5579090717843458]
14:18:14,794 DEBUG BaseGeneralDataRegion:59 - Caching[foo.org.hibernate.cache.spi.UpdateTimestampsCache] : [Enrolment] -> [5579090717843458]
14:18:14,794 DEBUG BaseGeneralDataRegion:59 - Caching[foo.org.hibernate.cache.spi.UpdateTimestampsCache] : [Student_secretCodes] -> [5579090717843458]
14:18:14,794 DEBUG BaseGeneralDataRegion:59 - Caching[foo.org.hibernate.cache.spi.UpdateTimestampsCache] : [Address] -> [5579090717843458]
14:18:14,794 DEBUG BaseGeneralDataRegion:59 - Caching[foo.org.hibernate.cache.spi.UpdateTimestampsCache] : [CourseMeeting] -> [5579090717843458]
14:18:14,794 DEBUG SQL:104 - 
    select
        student_.studentId,
        student_.name_first as name2_4_,
        student_.name_middle as name3_4_,
        student_.name_last as name4_4_,
        student_.preferredCourseCode as preferre5_4_ 
    from
        Student student_ 
    where
        student_.studentId=?
14:18:14,795 DEBUG SQL:104 - 
    select
        enrolment_.studentId,
        enrolment_.courseCode,
        enrolment_.semester as semester3_,
        enrolment_."year" as year4_3_ 
    from
        Enrolment enrolment_ 
    where
        enrolment_.studentId=? 
        and enrolment_.courseCode=?
14:18:14,795 DEBUG SQL:104 - 
    select
        course_.courseCode,
        course_.description as descript2_1_ 
    from
        Course course_ 
    where
        course_.courseCode=?
14:18:14,804 DEBUG SQL:104 - 
    select
        student_.studentId,
        student_.name_first as name2_4_,
        student_.name_middle as name3_4_,
        student_.name_last as name4_4_,
        student_.preferredCourseCode as preferre5_4_ 
    from
        Student student_ 
    where
        student_.studentId=?
14:18:14,804 DEBUG SQL:104 - 
    select
        enrolment_.studentId,
        enrolment_.courseCode,
        enrolment_.semester as semester3_,
        enrolment_."year" as year4_3_ 
    from
        Enrolment enrolment_ 
    where
        enrolment_.studentId=? 
        and enrolment_.courseCode=?
14:18:14,805 DEBUG SQL:104 - 
    select
        coursemeet_.courseCode,
        coursemeet_.day,
        coursemeet_.period,
        coursemeet_.location 
    from
        CourseMeeting coursemeet_ 
    where
        coursemeet_.courseCode=? 
        and coursemeet_.day=? 
        and coursemeet_.period=? 
        and coursemeet_.location=?
14:18:14,805 DEBUG SQL:104 - 
    select
        coursemeet_.courseCode,
        coursemeet_.day,
        coursemeet_.period,
        coursemeet_.location 
    from
        CourseMeeting coursemeet_ 
    where
        coursemeet_.courseCode=? 
        and coursemeet_.day=? 
        and coursemeet_.period=? 
        and coursemeet_.location=?
14:18:14,805 DEBUG BaseGeneralDataRegion:59 - Caching[foo.org.hibernate.cache.spi.UpdateTimestampsCache] : [Enrolment] -> [5579090963681280]
14:18:14,805 DEBUG SQL:104 - 
    update
        Address 
    set
        studentNumber=null,
        addressType=null 
    where
        studentNumber=?
14:18:14,814 DEBUG BaseGeneralDataRegion:59 - Caching[foo.org.hibernate.cache.spi.UpdateTimestampsCache] : [Address] -> [5579090963718144]
14:18:14,815 DEBUG SQL:104 - 
    delete 
    from
        Student_secretCodes 
    where
        studentNumber=?
14:18:14,815 DEBUG BaseGeneralDataRegion:59 - Caching[foo.org.hibernate.cache.spi.UpdateTimestampsCache] : [Student_secretCodes] -> [5579090963722240]
14:18:14,815 DEBUG BaseGeneralDataRegion:59 - Caching[foo.org.hibernate.cache.spi.UpdateTimestampsCache] : [Enrolment] -> [5579090963722241]
14:18:14,815 DEBUG BaseGeneralDataRegion:59 - Caching[foo.org.hibernate.cache.spi.UpdateTimestampsCache] : [Address] -> [5579090963722242]
14:18:14,815 DEBUG SQL:104 - 
    delete 
    from
        Student_secretCodes 
    where
        studentNumber=?
14:18:14,815 DEBUG BaseGeneralDataRegion:59 - Caching[foo.org.hibernate.cache.spi.UpdateTimestampsCache] : [Student_secretCodes] -> [5579090963722243]
14:18:14,815 DEBUG BaseGeneralDataRegion:59 - Caching[foo.org.hibernate.cache.spi.UpdateTimestampsCache] : [CourseMeeting] -> [5579090963722244]
14:18:14,815 DEBUG SQL:104 - 
    delete 
    from
        Enrolment 
    where
        studentId=? 
        and courseCode=?
14:18:14,816 DEBUG BaseGeneralDataRegion:59 - Caching[foo.org.hibernate.cache.spi.UpdateTimestampsCache] : [Enrolment] -> [5579090963726336]
14:18:14,816 DEBUG SQL:104 - 
    delete 
    from
        Address 
    where
        id=?
14:18:14,826 DEBUG BaseGeneralDataRegion:59 - Caching[foo.org.hibernate.cache.spi.UpdateTimestampsCache] : [Address] -> [5579090963767296]
14:18:14,826 DEBUG SQL:104 - 
    delete 
    from
        Address 
    where
        id=?
14:18:14,827 DEBUG BaseGeneralDataRegion:59 - Caching[foo.org.hibernate.cache.spi.UpdateTimestampsCache] : [Address] -> [5579090963771392]
14:18:14,827 DEBUG SQL:104 - 
    delete 
    from
        Student 
    where
        studentId=?
14:18:14,827 DEBUG BaseGeneralDataRegion:59 - Caching[foo.org.hibernate.cache.spi.UpdateTimestampsCache] : [Student] -> [5579090963771393]
14:18:14,827 DEBUG SQL:104 - 
    delete 
    from
        Enrolment 
    where
        studentId=? 
        and courseCode=?
14:18:14,827 DEBUG BaseGeneralDataRegion:59 - Caching[foo.org.hibernate.cache.spi.UpdateTimestampsCache] : [Enrolment] -> [5579090963771394]
14:18:14,827 DEBUG SQL:104 - 
    delete 
    from
        Student 
    where
        studentId=?
14:18:14,835 DEBUG BaseGeneralDataRegion:59 - Caching[foo.org.hibernate.cache.spi.UpdateTimestampsCache] : [Student] -> [5579090963804160]
14:18:14,835 DEBUG SQL:104 - 
    delete 
    from
        CourseMeeting 
    where
        courseCode=? 
        and day=? 
        and period=? 
        and location=?
14:18:14,835 DEBUG BaseGeneralDataRegion:59 - Caching[foo.org.hibernate.cache.spi.UpdateTimestampsCache] : [CourseMeeting] -> [5579090963804161]
14:18:14,835 DEBUG SQL:104 - 
    delete 
    from
        CourseMeeting 
    where
        courseCode=? 
        and day=? 
        and period=? 
        and location=?
14:18:14,845 DEBUG BaseGeneralDataRegion:59 - Caching[foo.org.hibernate.cache.spi.UpdateTimestampsCache] : [CourseMeeting] -> [5579090963845120]
14:18:14,845 DEBUG SQL:104 - 
    delete 
    from
        Course 
    where
        courseCode=?
14:18:14,845 DEBUG BaseGeneralDataRegion:59 - Caching[foo.org.hibernate.cache.spi.UpdateTimestampsCache] : [Course] -> [5579090963845121]
14:18:14,845 DEBUG BaseGeneralDataRegion:59 - Caching[foo.org.hibernate.cache.spi.UpdateTimestampsCache] : [Student] -> [5579090718085122]
14:18:14,845 DEBUG BaseGeneralDataRegion:59 - Caching[foo.org.hibernate.cache.spi.UpdateTimestampsCache] : [Course] -> [5579090718085122]
14:18:14,846 DEBUG BaseGeneralDataRegion:59 - Caching[foo.org.hibernate.cache.spi.UpdateTimestampsCache] : [Enrolment] -> [5579090718085122]
14:18:14,846 DEBUG BaseGeneralDataRegion:59 - Caching[foo.org.hibernate.cache.spi.UpdateTimestampsCache] : [Student_secretCodes] -> [5579090718085122]
14:18:14,846 DEBUG BaseGeneralDataRegion:59 - Caching[foo.org.hibernate.cache.spi.UpdateTimestampsCache] : [Address] -> [5579090718085122]
14:18:14,846 DEBUG BaseGeneralDataRegion:59 - Caching[foo.org.hibernate.cache.spi.UpdateTimestampsCache] : [CourseMeeting] -> [5579090718085122]
14:18:14,846  INFO CustomRunner:139 - Test: testEntityWithLazyAssnList
14:18:14,847 DEBUG SQL:104 - 
    select
        coursemeet_.courseCode,
        coursemeet_.day,
        coursemeet_.period,
        coursemeet_.location 
    from
        CourseMeeting coursemeet_ 
    where
        coursemeet_.courseCode=? 
        and coursemeet_.day=? 
        and coursemeet_.period=? 
        and coursemeet_.location=?
14:18:14,855 DEBUG SQL:104 - 
    select
        coursemeet_.courseCode,
        coursemeet_.day,
        coursemeet_.period,
        coursemeet_.location 
    from
        CourseMeeting coursemeet_ 
    where
        coursemeet_.courseCode=? 
        and coursemeet_.day=? 
        and coursemeet_.period=? 
        and coursemeet_.location=?
14:18:14,856 DEBUG SQL:104 - 
    insert 
    into
        Course
        (description, courseCode) 
    values
        (?, ?)
14:18:14,856 DEBUG BaseGeneralDataRegion:59 - Caching[foo.org.hibernate.cache.spi.UpdateTimestampsCache] : [Course] -> [5579090963890176]
14:18:14,856 DEBUG SQL:104 - 
    insert 
    into
        CourseMeeting
        (courseCode, day, period, location) 
    values
        (?, ?, ?, ?)
14:18:14,866 DEBUG BaseGeneralDataRegion:59 - Caching[foo.org.hibernate.cache.spi.UpdateTimestampsCache] : [CourseMeeting] -> [5579090963931136]
14:18:14,867 DEBUG SQL:104 - 
    insert 
    into
        CourseMeeting
        (courseCode, day, period, location) 
    values
        (?, ?, ?, ?)
14:18:14,867 DEBUG BaseGeneralDataRegion:59 - Caching[foo.org.hibernate.cache.spi.UpdateTimestampsCache] : [CourseMeeting] -> [5579090963935232]
14:18:14,867 DEBUG SQL:104 - 
    insert 
    into
        Student
        (name_first, name_middle, name_last, preferredCourseCode, studentId) 
    values
        (?, ?, ?, ?, ?)
14:18:14,867 DEBUG BaseGeneralDataRegion:59 - Caching[foo.org.hibernate.cache.spi.UpdateTimestampsCache] : [Student] -> [5579090963935233]
14:18:14,867 DEBUG SQL:104 - 
    insert 
    into
        Address
        (addressType, street, city, stateProvince, postalCode, country, studentNumber, id) 
    values
        (?, ?, ?, ?, ?, ?, ?, ?)
14:18:14,868 DEBUG BaseGeneralDataRegion:59 - Caching[foo.org.hibernate.cache.spi.UpdateTimestampsCache] : [Address] -> [5579090963939328]
14:18:14,875 DEBUG SQL:104 - 
    insert 
    into
        Address
        (addressType, street, city, stateProvince, postalCode, country, studentNumber, id) 
    values
        (?, ?, ?, ?, ?, ?, ?, ?)
14:18:14,875 DEBUG BaseGeneralDataRegion:59 - Caching[foo.org.hibernate.cache.spi.UpdateTimestampsCache] : [Address] -> [5579090963968000]
14:18:14,876 DEBUG SQL:104 - 
    insert 
    into
        Student
        (name_first, name_middle, name_last, preferredCourseCode, studentId) 
    values
        (?, ?, ?, ?, ?)
14:18:14,876 DEBUG BaseGeneralDataRegion:59 - Caching[foo.org.hibernate.cache.spi.UpdateTimestampsCache] : [Student] -> [5579090963972096]
14:18:14,876 DEBUG SQL:104 - 
    insert 
    into
        Enrolment
        (semester, "year", studentId, courseCode) 
    values
        (?, ?, ?, ?)
14:18:14,877 DEBUG BaseGeneralDataRegion:59 - Caching[foo.org.hibernate.cache.spi.UpdateTimestampsCache] : [Enrolment] -> [5579090963976192]
14:18:14,878 DEBUG SQL:104 - 
    insert 
    into
        Enrolment
        (semester, "year", studentId, courseCode) 
    values
        (?, ?, ?, ?)
14:18:14,886 DEBUG BaseGeneralDataRegion:59 - Caching[foo.org.hibernate.cache.spi.UpdateTimestampsCache] : [Enrolment] -> [5579090964013056]
14:18:14,890 DEBUG BaseGeneralDataRegion:59 - Caching[foo.org.hibernate.cache.spi.UpdateTimestampsCache] : [CourseMeeting] -> [5579090964029440]
14:18:14,890 DEBUG BaseGeneralDataRegion:59 - Caching[foo.org.hibernate.cache.spi.UpdateTimestampsCache] : [Enrolment] -> [5579090964029441]
14:18:14,890 DEBUG SQL:104 - 
    update
        Address 
    set
        studentNumber=?,
        addressType=? 
    where
        id=?
14:18:14,891 DEBUG SQL:104 - 
    update
        Address 
    set
        studentNumber=?,
        addressType=? 
    where
        id=?
14:18:14,892 DEBUG BaseGeneralDataRegion:59 - Caching[foo.org.hibernate.cache.spi.UpdateTimestampsCache] : [Address] -> [5579090964037632]
14:18:14,892 DEBUG SQL:104 - 
    insert 
    into
        Student_secretCodes
        (studentNumber, i, secretCode) 
    values
        (?, ?, ?)
14:18:14,893 DEBUG BaseGeneralDataRegion:59 - Caching[foo.org.hibernate.cache.spi.UpdateTimestampsCache] : [Student_secretCodes] -> [5579090964041728]
14:18:14,893 DEBUG BaseGeneralDataRegion:59 - Caching[foo.org.hibernate.cache.spi.UpdateTimestampsCache] : [Enrolment] -> [5579090964041729]
14:18:14,904 DEBUG BaseGeneralDataRegion:59 - Caching[foo.org.hibernate.cache.spi.UpdateTimestampsCache] : [Address] -> [5579090964086784]
14:18:14,904 DEBUG SQL:104 - 
    insert 
    into
        Student_secretCodes
        (studentNumber, i, secretCode) 
    values
        (?, ?, ?)
14:18:14,905 DEBUG SQL:104 - 
    insert 
    into
        Student_secretCodes
        (studentNumber, i, secretCode) 
    values
        (?, ?, ?)
14:18:14,905 DEBUG BaseGeneralDataRegion:59 - Caching[foo.org.hibernate.cache.spi.UpdateTimestampsCache] : [Student_secretCodes] -> [5579090964090880]
14:18:14,906 DEBUG BaseGeneralDataRegion:59 - Caching[foo.org.hibernate.cache.spi.UpdateTimestampsCache] : [Student] -> [5579090718334976]
14:18:14,906 DEBUG BaseGeneralDataRegion:59 - Caching[foo.org.hibernate.cache.spi.UpdateTimestampsCache] : [Course] -> [5579090718334976]
14:18:14,906 DEBUG BaseGeneralDataRegion:59 - Caching[foo.org.hibernate.cache.spi.UpdateTimestampsCache] : [Enrolment] -> [5579090718334976]
14:18:14,906 DEBUG BaseGeneralDataRegion:59 - Caching[foo.org.hibernate.cache.spi.UpdateTimestampsCache] : [Student_secretCodes] -> [5579090718334976]
14:18:14,906 DEBUG BaseGeneralDataRegion:59 - Caching[foo.org.hibernate.cache.spi.UpdateTimestampsCache] : [Address] -> [5579090718334976]
14:18:14,906 DEBUG BaseGeneralDataRegion:59 - Caching[foo.org.hibernate.cache.spi.UpdateTimestampsCache] : [CourseMeeting] -> [5579090718334976]
14:18:14,907 DEBUG SQL:104 - 
    select
        this_.studentId as studentId4_0_,
        this_.name_first as name2_4_0_,
        this_.name_middle as name3_4_0_,
        this_.name_last as name4_4_0_,
        this_.preferredCourseCode as preferre5_4_0_ 
    from
        Student this_ 
    order by
        this_.studentId asc
14:18:14,915 DEBUG SQL:104 - 
    select
        secretcode0_.studentNumber as studentN1_4_0_,
        secretcode0_.secretCode as secretCode5_0_,
        secretcode0_.i as i0_ 
    from
        Student_secretCodes secretcode0_ 
    where
        secretcode0_.studentNumber=?
14:18:14,915 DEBUG SQL:104 - 
    select
        secretcode0_.studentNumber as studentN1_4_0_,
        secretcode0_.secretCode as secretCode5_0_,
        secretcode0_.i as i0_ 
    from
        Student_secretCodes secretcode0_ 
    where
        secretcode0_.studentNumber=?
14:18:14,916 DEBUG BaseGeneralDataRegion:59 - Caching[foo.org.hibernate.cache.internal.StandardQueryCache] : [sql: select this_.studentId as studentId4_0_, this_.name_first as name2_4_0_, this_.name_middle as name3_4_0_, this_.name_last as name4_4_0_, this_.preferredCourseCode as preferre5_4_0_ from Student this_ order by this_.studentId asc; parameters: ; transformer: org.hibernate.transform.CacheableResultTransformer@110f2] -> [[5579090718375936, 111, 999]]
14:18:14,916 DEBUG SQL:104 - 
    select
        this_.studentId as studentId4_0_,
        this_.name_first as name2_4_0_,
        this_.name_middle as name3_4_0_,
        this_.name_last as name4_4_0_,
        this_.preferredCourseCode as preferre5_4_0_ 
    from
        Student this_ 
    order by
        this_.studentId asc
14:18:14,931 DEBUG SQL:104 - 
    select
        secretcode0_.studentNumber as studentN1_4_0_,
        secretcode0_.secretCode as secretCode5_0_,
        secretcode0_.i as i0_ 
    from
        Student_secretCodes secretcode0_ 
    where
        secretcode0_.studentNumber=?
14:18:14,931 DEBUG SQL:104 - 
    select
        secretcode0_.studentNumber as studentN1_4_0_,
        secretcode0_.secretCode as secretCode5_0_,
        secretcode0_.i as i0_ 
    from
        Student_secretCodes secretcode0_ 
    where
        secretcode0_.studentNumber=?
14:18:14,932 DEBUG BaseGeneralDataRegion:59 - Caching[foo.org.hibernate.cache.internal.StandardQueryCache] : [sql: select this_.studentId as studentId4_0_, this_.name_first as name2_4_0_, this_.name_middle as name3_4_0_, this_.name_last as name4_4_0_, this_.preferredCourseCode as preferre5_4_0_ from Student this_ order by this_.studentId asc; parameters: ; transformer: org.hibernate.transform.CacheableResultTransformer@110f2] -> [[5579090718441472, 111, 999]]
14:18:14,932 DEBUG SQL:104 - 
    select
        student_.studentId,
        student_.name_first as name2_4_,
        student_.name_middle as name3_4_,
        student_.name_last as name4_4_,
        student_.preferredCourseCode as preferre5_4_ 
    from
        Student student_ 
    where
        student_.studentId=?
14:18:14,933 DEBUG SQL:104 - 
    select
        enrolment_.studentId,
        enrolment_.courseCode,
        enrolment_.semester as semester3_,
        enrolment_."year" as year4_3_ 
    from
        Enrolment enrolment_ 
    where
        enrolment_.studentId=? 
        and enrolment_.courseCode=?
14:18:14,933 DEBUG SQL:104 - 
    select
        course_.courseCode,
        course_.description as descript2_1_ 
    from
        Course course_ 
    where
        course_.courseCode=?
14:18:14,933 DEBUG SQL:104 - 
    select
        student_.studentId,
        student_.name_first as name2_4_,
        student_.name_middle as name3_4_,
        student_.name_last as name4_4_,
        student_.preferredCourseCode as preferre5_4_ 
    from
        Student student_ 
    where
        student_.studentId=?
14:18:14,941 DEBUG SQL:104 - 
    select
        enrolment_.studentId,
        enrolment_.courseCode,
        enrolment_.semester as semester3_,
        enrolment_."year" as year4_3_ 
    from
        Enrolment enrolment_ 
    where
        enrolment_.studentId=? 
        and enrolment_.courseCode=?
14:18:14,941 DEBUG SQL:104 - 
    select
        coursemeet_.courseCode,
        coursemeet_.day,
        coursemeet_.period,
        coursemeet_.location 
    from
        CourseMeeting coursemeet_ 
    where
        coursemeet_.courseCode=? 
        and coursemeet_.day=? 
        and coursemeet_.period=? 
        and coursemeet_.location=?
14:18:14,942 DEBUG SQL:104 - 
    select
        coursemeet_.courseCode,
        coursemeet_.day,
        coursemeet_.period,
        coursemeet_.location 
    from
        CourseMeeting coursemeet_ 
    where
        coursemeet_.courseCode=? 
        and coursemeet_.day=? 
        and coursemeet_.period=? 
        and coursemeet_.location=?
14:18:14,957 DEBUG BaseGeneralDataRegion:59 - Caching[foo.org.hibernate.cache.spi.UpdateTimestampsCache] : [Enrolment] -> [5579090964303872]
14:18:14,957 DEBUG SQL:104 - 
    update
        Address 
    set
        studentNumber=null,
        addressType=null 
    where
        studentNumber=?
14:18:14,958 DEBUG BaseGeneralDataRegion:59 - Caching[foo.org.hibernate.cache.spi.UpdateTimestampsCache] : [Address] -> [5579090964307968]
14:18:14,958 DEBUG SQL:104 - 
    delete 
    from
        Student_secretCodes 
    where
        studentNumber=?
14:18:14,959 DEBUG BaseGeneralDataRegion:59 - Caching[foo.org.hibernate.cache.spi.UpdateTimestampsCache] : [Student_secretCodes] -> [5579090964312064]
14:18:14,959 DEBUG BaseGeneralDataRegion:59 - Caching[foo.org.hibernate.cache.spi.UpdateTimestampsCache] : [Enrolment] -> [5579090964312065]
14:18:14,959 DEBUG BaseGeneralDataRegion:59 - Caching[foo.org.hibernate.cache.spi.UpdateTimestampsCache] : [Address] -> [5579090964312066]
14:18:14,966 DEBUG SQL:104 - 
    delete 
    from
        Student_secretCodes 
    where
        studentNumber=?
14:18:14,967 DEBUG BaseGeneralDataRegion:59 - Caching[foo.org.hibernate.cache.spi.UpdateTimestampsCache] : [Student_secretCodes] -> [5579090964344832]
14:18:14,967 DEBUG BaseGeneralDataRegion:59 - Caching[foo.org.hibernate.cache.spi.UpdateTimestampsCache] : [CourseMeeting] -> [5579090964344833]
14:18:14,967 DEBUG SQL:104 - 
    delete 
    from
        Enrolment 
    where
        studentId=? 
        and courseCode=?
14:18:14,976 DEBUG BaseGeneralDataRegion:59 - Caching[foo.org.hibernate.cache.spi.UpdateTimestampsCache] : [Enrolment] -> [5579090964381696]
14:18:14,977 DEBUG SQL:104 - 
    delete 
    from
        Address 
    where
        id=?
14:18:14,977 DEBUG BaseGeneralDataRegion:59 - Caching[foo.org.hibernate.cache.spi.UpdateTimestampsCache] : [Address] -> [5579090964385792]
14:18:14,977 DEBUG SQL:104 - 
    delete 
    from
        Address 
    where
        id=?
14:18:14,977 DEBUG BaseGeneralDataRegion:59 - Caching[foo.org.hibernate.cache.spi.UpdateTimestampsCache] : [Address] -> [5579090964385793]
14:18:14,977 DEBUG SQL:104 - 
    delete 
    from
        Student 
    where
        studentId=?
14:18:14,977 DEBUG BaseGeneralDataRegion:59 - Caching[foo.org.hibernate.cache.spi.UpdateTimestampsCache] : [Student] -> [5579090964385794]
14:18:14,978 DEBUG SQL:104 - 
    delete 
    from
        Enrolment 
    where
        studentId=? 
        and courseCode=?
14:18:14,978 DEBUG BaseGeneralDataRegion:59 - Caching[foo.org.hibernate.cache.spi.UpdateTimestampsCache] : [Enrolment] -> [5579090964389888]
14:18:14,978 DEBUG SQL:104 - 
    delete 
    from
        Student 
    where
        studentId=?
14:18:15,003 DEBUG BaseGeneralDataRegion:59 - Caching[foo.org.hibernate.cache.spi.UpdateTimestampsCache] : [Student] -> [5579090964492288]
14:18:15,004 DEBUG SQL:104 - 
    delete 
    from
        CourseMeeting 
    where
        courseCode=? 
        and day=? 
        and period=? 
        and location=?
14:18:15,004 DEBUG BaseGeneralDataRegion:59 - Caching[foo.org.hibernate.cache.spi.UpdateTimestampsCache] : [CourseMeeting] -> [5579090964496384]
14:18:15,004 DEBUG SQL:104 - 
    delete 
    from
        CourseMeeting 
    where
        courseCode=? 
        and day=? 
        and period=? 
        and location=?
14:18:15,004 DEBUG BaseGeneralDataRegion:59 - Caching[foo.org.hibernate.cache.spi.UpdateTimestampsCache] : [CourseMeeting] -> [5579090964496385]
14:18:15,004 DEBUG SQL:104 - 
    delete 
    from
        Course 
    where
        courseCode=?
14:18:15,013 DEBUG BaseGeneralDataRegion:59 - Caching[foo.org.hibernate.cache.spi.UpdateTimestampsCache] : [Course] -> [5579090964533248]
14:18:15,013 DEBUG BaseGeneralDataRegion:59 - Caching[foo.org.hibernate.cache.spi.UpdateTimestampsCache] : [Student] -> [5579090718773249]
14:18:15,013 DEBUG BaseGeneralDataRegion:59 - Caching[foo.org.hibernate.cache.spi.UpdateTimestampsCache] : [Course] -> [5579090718773249]
14:18:15,013 DEBUG BaseGeneralDataRegion:59 - Caching[foo.org.hibernate.cache.spi.UpdateTimestampsCache] : [Enrolment] -> [5579090718773249]
14:18:15,013 DEBUG BaseGeneralDataRegion:59 - Caching[foo.org.hibernate.cache.spi.UpdateTimestampsCache] : [Student_secretCodes] -> [5579090718773249]
14:18:15,013 DEBUG BaseGeneralDataRegion:59 - Caching[foo.org.hibernate.cache.spi.UpdateTimestampsCache] : [Address] -> [5579090718773249]
14:18:15,013 DEBUG BaseGeneralDataRegion:59 - Caching[foo.org.hibernate.cache.spi.UpdateTimestampsCache] : [CourseMeeting] -> [5579090718773249]
14:18:15,014  INFO CustomRunner:139 - Test: testEntityWithLazyAssnUnique
14:18:15,015 DEBUG SQL:104 - 
    select
        coursemeet_.courseCode,
        coursemeet_.day,
        coursemeet_.period,
        coursemeet_.location 
    from
        CourseMeeting coursemeet_ 
    where
        coursemeet_.courseCode=? 
        and coursemeet_.day=? 
        and coursemeet_.period=? 
        and coursemeet_.location=?
14:18:15,015 DEBUG SQL:104 - 
    select
        coursemeet_.courseCode,
        coursemeet_.day,
        coursemeet_.period,
        coursemeet_.location 
    from
        CourseMeeting coursemeet_ 
    where
        coursemeet_.courseCode=? 
        and coursemeet_.day=? 
        and coursemeet_.period=? 
        and coursemeet_.location=?
14:18:15,023 DEBUG SQL:104 - 
    insert 
    into
        Course
        (description, courseCode) 
    values
        (?, ?)
14:18:15,023 DEBUG BaseGeneralDataRegion:59 - Caching[foo.org.hibernate.cache.spi.UpdateTimestampsCache] : [Course] -> [5579090964574208]
14:18:15,023 DEBUG SQL:104 - 
    insert 
    into
        CourseMeeting
        (courseCode, day, period, location) 
    values
        (?, ?, ?, ?)
14:18:15,024 DEBUG BaseGeneralDataRegion:59 - Caching[foo.org.hibernate.cache.spi.UpdateTimestampsCache] : [CourseMeeting] -> [5579090964578304]
14:18:15,024 DEBUG SQL:104 - 
    insert 
    into
        CourseMeeting
        (courseCode, day, period, location) 
    values
        (?, ?, ?, ?)
14:18:15,032 DEBUG BaseGeneralDataRegion:59 - Caching[foo.org.hibernate.cache.spi.UpdateTimestampsCache] : [CourseMeeting] -> [5579090964611072]
14:18:15,032 DEBUG SQL:104 - 
    insert 
    into
        Student
        (name_first, name_middle, name_last, preferredCourseCode, studentId) 
    values
        (?, ?, ?, ?, ?)
14:18:15,032 DEBUG BaseGeneralDataRegion:59 - Caching[foo.org.hibernate.cache.spi.UpdateTimestampsCache] : [Student] -> [5579090964611073]
14:18:15,032 DEBUG SQL:104 - 
    insert 
    into
        Address
        (addressType, street, city, stateProvince, postalCode, country, studentNumber, id) 
    values
        (?, ?, ?, ?, ?, ?, ?, ?)
14:18:15,032 DEBUG BaseGeneralDataRegion:59 - Caching[foo.org.hibernate.cache.spi.UpdateTimestampsCache] : [Address] -> [5579090964611074]
14:18:15,033 DEBUG SQL:104 - 
    insert 
    into
        Address
        (addressType, street, city, stateProvince, postalCode, country, studentNumber, id) 
    values
        (?, ?, ?, ?, ?, ?, ?, ?)
14:18:15,033 DEBUG BaseGeneralDataRegion:59 - Caching[foo.org.hibernate.cache.spi.UpdateTimestampsCache] : [Address] -> [5579090964615168]
14:18:15,033 DEBUG SQL:104 - 
    insert 
    into
        Student
        (name_first, name_middle, name_last, preferredCourseCode, studentId) 
    values
        (?, ?, ?, ?, ?)
14:18:15,041 DEBUG BaseGeneralDataRegion:59 - Caching[foo.org.hibernate.cache.spi.UpdateTimestampsCache] : [Student] -> [5579090964647936]
14:18:15,041 DEBUG SQL:104 - 
    insert 
    into
        Enrolment
        (semester, "year", studentId, courseCode) 
    values
        (?, ?, ?, ?)
14:18:15,041 DEBUG BaseGeneralDataRegion:59 - Caching[foo.org.hibernate.cache.spi.UpdateTimestampsCache] : [Enrolment] -> [5579090964647937]
14:18:15,042 DEBUG SQL:104 - 
    insert 
    into
        Enrolment
        (semester, "year", studentId, courseCode) 
    values
        (?, ?, ?, ?)
14:18:15,042 DEBUG BaseGeneralDataRegion:59 - Caching[foo.org.hibernate.cache.spi.UpdateTimestampsCache] : [Enrolment] -> [5579090964652032]
14:18:15,042 DEBUG BaseGeneralDataRegion:59 - Caching[foo.org.hibernate.cache.spi.UpdateTimestampsCache] : [CourseMeeting] -> [5579090964652033]
14:18:15,042 DEBUG BaseGeneralDataRegion:59 - Caching[foo.org.hibernate.cache.spi.UpdateTimestampsCache] : [Enrolment] -> [5579090964652034]
14:18:15,042 DEBUG SQL:104 - 
    update
        Address 
    set
        studentNumber=?,
        addressType=? 
    where
        id=?
14:18:15,051 DEBUG SQL:104 - 
    update
        Address 
    set
        studentNumber=?,
        addressType=? 
    where
        id=?
14:18:15,051 DEBUG BaseGeneralDataRegion:59 - Caching[foo.org.hibernate.cache.spi.UpdateTimestampsCache] : [Address] -> [5579090964688896]
14:18:15,051 DEBUG SQL:104 - 
    insert 
    into
        Student_secretCodes
        (studentNumber, i, secretCode) 
    values
        (?, ?, ?)
14:18:15,051 DEBUG BaseGeneralDataRegion:59 - Caching[foo.org.hibernate.cache.spi.UpdateTimestampsCache] : [Student_secretCodes] -> [5579090964688897]
14:18:15,051 DEBUG BaseGeneralDataRegion:59 - Caching[foo.org.hibernate.cache.spi.UpdateTimestampsCache] : [Enrolment] -> [5579090964688898]
14:18:15,051 DEBUG BaseGeneralDataRegion:59 - Caching[foo.org.hibernate.cache.spi.UpdateTimestampsCache] : [Address] -> [5579090964688899]
14:18:15,051 DEBUG SQL:104 - 
    insert 
    into
        Student_secretCodes
        (studentNumber, i, secretCode) 
    values
        (?, ?, ?)
14:18:15,052 DEBUG SQL:104 - 
    insert 
    into
        Student_secretCodes
        (studentNumber, i, secretCode) 
    values
        (?, ?, ?)
14:18:15,052 DEBUG BaseGeneralDataRegion:59 - Caching[foo.org.hibernate.cache.spi.UpdateTimestampsCache] : [Student_secretCodes] -> [5579090964692992]
14:18:15,052 DEBUG BaseGeneralDataRegion:59 - Caching[foo.org.hibernate.cache.spi.UpdateTimestampsCache] : [Student] -> [5579090718932993]
14:18:15,052 DEBUG BaseGeneralDataRegion:59 - Caching[foo.org.hibernate.cache.spi.UpdateTimestampsCache] : [Course] -> [5579090718932993]
14:18:15,052 DEBUG BaseGeneralDataRegion:59 - Caching[foo.org.hibernate.cache.spi.UpdateTimestampsCache] : [Enrolment] -> [5579090718932993]
14:18:15,052 DEBUG BaseGeneralDataRegion:59 - Caching[foo.org.hibernate.cache.spi.UpdateTimestampsCache] : [Student_secretCodes] -> [5579090718932993]
14:18:15,052 DEBUG BaseGeneralDataRegion:59 - Caching[foo.org.hibernate.cache.spi.UpdateTimestampsCache] : [Address] -> [5579090718932993]
14:18:15,052 DEBUG BaseGeneralDataRegion:59 - Caching[foo.org.hibernate.cache.spi.UpdateTimestampsCache] : [CourseMeeting] -> [5579090718932993]
14:18:15,053 DEBUG SQL:104 - 
    select
        this_.studentId as studentId4_0_,
        this_.name_first as name2_4_0_,
        this_.name_middle as name3_4_0_,
        this_.name_last as name4_4_0_,
        this_.preferredCourseCode as preferre5_4_0_ 
    from
        Student this_ 
    where
        this_.studentId=?
14:18:15,053 DEBUG SQL:104 - 
    select
        secretcode0_.studentNumber as studentN1_4_0_,
        secretcode0_.secretCode as secretCode5_0_,
        secretcode0_.i as i0_ 
    from
        Student_secretCodes secretcode0_ 
    where
        secretcode0_.studentNumber=?
14:18:15,062 DEBUG BaseGeneralDataRegion:59 - Caching[foo.org.hibernate.cache.internal.StandardQueryCache] : [sql: select this_.studentId as studentId4_0_, this_.name_first as name2_4_0_, this_.name_middle as name3_4_0_, this_.name_last as name4_4_0_, this_.preferredCourseCode as preferre5_4_0_ from Student this_ where this_.studentId=?; parameters: 999, ; transformer: org.hibernate.transform.CacheableResultTransformer@110f2] -> [[5579090718973952, 999]]
14:18:15,062 DEBUG SQL:104 - 
    select
        this_.studentId as studentId4_0_,
        this_.name_first as name2_4_0_,
        this_.name_middle as name3_4_0_,
        this_.name_last as name4_4_0_,
        this_.preferredCourseCode as preferre5_4_0_ 
    from
        Student this_ 
    where
        this_.studentId=?
14:18:15,063 DEBUG SQL:104 - 
    select
        secretcode0_.studentNumber as studentN1_4_0_,
        secretcode0_.secretCode as secretCode5_0_,
        secretcode0_.i as i0_ 
    from
        Student_secretCodes secretcode0_ 
    where
        secretcode0_.studentNumber=?
14:18:15,063 DEBUG BaseGeneralDataRegion:59 - Caching[foo.org.hibernate.cache.internal.StandardQueryCache] : [sql: select this_.studentId as studentId4_0_, this_.name_first as name2_4_0_, this_.name_middle as name3_4_0_, this_.name_last as name4_4_0_, this_.preferredCourseCode as preferre5_4_0_ from Student this_ where this_.studentId=?; parameters: 999, ; transformer: org.hibernate.transform.CacheableResultTransformer@110f2] -> [[5579090718978048, 999]]
14:18:15,063 DEBUG SQL:104 - 
    select
        student_.studentId,
        student_.name_first as name2_4_,
        student_.name_middle as name3_4_,
        student_.name_last as name4_4_,
        student_.preferredCourseCode as preferre5_4_ 
    from
        Student student_ 
    where
        student_.studentId=?
14:18:15,073 DEBUG SQL:104 - 
    select
        enrolment_.studentId,
        enrolment_.courseCode,
        enrolment_.semester as semester3_,
        enrolment_."year" as year4_3_ 
    from
        Enrolment enrolment_ 
    where
        enrolment_.studentId=? 
        and enrolment_.courseCode=?
14:18:15,073 DEBUG SQL:104 - 
    select
        course_.courseCode,
        course_.description as descript2_1_ 
    from
        Course course_ 
    where
        course_.courseCode=?
14:18:15,074 DEBUG SQL:104 - 
    select
        student_.studentId,
        student_.name_first as name2_4_,
        student_.name_middle as name3_4_,
        student_.name_last as name4_4_,
        student_.preferredCourseCode as preferre5_4_ 
    from
        Student student_ 
    where
        student_.studentId=?
14:18:15,082 DEBUG SQL:104 - 
    select
        enrolment_.studentId,
        enrolment_.courseCode,
        enrolment_.semester as semester3_,
        enrolment_."year" as year4_3_ 
    from
        Enrolment enrolment_ 
    where
        enrolment_.studentId=? 
        and enrolment_.courseCode=?
14:18:15,091 DEBUG SQL:104 - 
    select
        coursemeet_.courseCode,
        coursemeet_.day,
        coursemeet_.period,
        coursemeet_.location 
    from
        CourseMeeting coursemeet_ 
    where
        coursemeet_.courseCode=? 
        and coursemeet_.day=? 
        and coursemeet_.period=? 
        and coursemeet_.location=?
14:18:15,092 DEBUG SQL:104 - 
    select
        coursemeet_.courseCode,
        coursemeet_.day,
        coursemeet_.period,
        coursemeet_.location 
    from
        CourseMeeting coursemeet_ 
    where
        coursemeet_.courseCode=? 
        and coursemeet_.day=? 
        and coursemeet_.period=? 
        and coursemeet_.location=?
14:18:15,092 DEBUG BaseGeneralDataRegion:59 - Caching[foo.org.hibernate.cache.spi.UpdateTimestampsCache] : [Enrolment] -> [5579090964856832]
14:18:15,092 DEBUG SQL:104 - 
    update
        Address 
    set
        studentNumber=null,
        addressType=null 
    where
        studentNumber=?
14:18:15,100 DEBUG BaseGeneralDataRegion:59 - Caching[foo.org.hibernate.cache.spi.UpdateTimestampsCache] : [Address] -> [5579090964889600]
14:18:15,100 DEBUG SQL:104 - 
    delete 
    from
        Student_secretCodes 
    where
        studentNumber=?
14:18:15,101 DEBUG BaseGeneralDataRegion:59 - Caching[foo.org.hibernate.cache.spi.UpdateTimestampsCache] : [Student_secretCodes] -> [5579090964893696]
14:18:15,101 DEBUG BaseGeneralDataRegion:59 - Caching[foo.org.hibernate.cache.spi.UpdateTimestampsCache] : [Enrolment] -> [5579090964893697]
14:18:15,101 DEBUG BaseGeneralDataRegion:59 - Caching[foo.org.hibernate.cache.spi.UpdateTimestampsCache] : [Address] -> [5579090964893698]
14:18:15,101 DEBUG SQL:104 - 
    delete 
    from
        Student_secretCodes 
    where
        studentNumber=?
14:18:15,101 DEBUG BaseGeneralDataRegion:59 - Caching[foo.org.hibernate.cache.spi.UpdateTimestampsCache] : [Student_secretCodes] -> [5579090964893699]
14:18:15,101 DEBUG BaseGeneralDataRegion:59 - Caching[foo.org.hibernate.cache.spi.UpdateTimestampsCache] : [CourseMeeting] -> [5579090964893700]
14:18:15,101 DEBUG SQL:104 - 
    delete 
    from
        Enrolment 
    where
        studentId=? 
        and courseCode=?
14:18:15,102 DEBUG BaseGeneralDataRegion:59 - Caching[foo.org.hibernate.cache.spi.UpdateTimestampsCache] : [Enrolment] -> [5579090964897792]
14:18:15,109 DEBUG SQL:104 - 
    delete 
    from
        Address 
    where
        id=?
14:18:15,110 DEBUG BaseGeneralDataRegion:59 - Caching[foo.org.hibernate.cache.spi.UpdateTimestampsCache] : [Address] -> [5579090964930560]
14:18:15,110 DEBUG SQL:104 - 
    delete 
    from
        Address 
    where
        id=?
14:18:15,110 DEBUG BaseGeneralDataRegion:59 - Caching[foo.org.hibernate.cache.spi.UpdateTimestampsCache] : [Address] -> [5579090964930561]
14:18:15,110 DEBUG SQL:104 - 
    delete 
    from
        Student 
    where
        studentId=?
14:18:15,110 DEBUG BaseGeneralDataRegion:59 - Caching[foo.org.hibernate.cache.spi.UpdateTimestampsCache] : [Student] -> [5579090964930562]
14:18:15,110 DEBUG SQL:104 - 
    delete 
    from
        Enrolment 
    where
        studentId=? 
        and courseCode=?
14:18:15,111 DEBUG BaseGeneralDataRegion:59 - Caching[foo.org.hibernate.cache.spi.UpdateTimestampsCache] : [Enrolment] -> [5579090964934656]
14:18:15,119 DEBUG SQL:104 - 
    delete 
    from
        Student 
    where
        studentId=?
14:18:15,119 DEBUG BaseGeneralDataRegion:59 - Caching[foo.org.hibernate.cache.spi.UpdateTimestampsCache] : [Student] -> [5579090964967424]
14:18:15,119 DEBUG SQL:104 - 
    delete 
    from
        CourseMeeting 
    where
        courseCode=? 
        and day=? 
        and period=? 
        and location=?
14:18:15,120 DEBUG BaseGeneralDataRegion:59 - Caching[foo.org.hibernate.cache.spi.UpdateTimestampsCache] : [CourseMeeting] -> [5579090964971520]
14:18:15,120 DEBUG SQL:104 - 
    delete 
    from
        CourseMeeting 
    where
        courseCode=? 
        and day=? 
        and period=? 
        and location=?
14:18:15,120 DEBUG BaseGeneralDataRegion:59 - Caching[foo.org.hibernate.cache.spi.UpdateTimestampsCache] : [CourseMeeting] -> [5579090964971521]
14:18:15,120 DEBUG SQL:104 - 
    delete 
    from
        Course 
    where
        courseCode=?
14:18:15,129 DEBUG BaseGeneralDataRegion:59 - Caching[foo.org.hibernate.cache.spi.UpdateTimestampsCache] : [Course] -> [5579090965008384]
14:18:15,129 DEBUG BaseGeneralDataRegion:59 - Caching[foo.org.hibernate.cache.spi.UpdateTimestampsCache] : [Student] -> [5579090719248385]
14:18:15,129 DEBUG BaseGeneralDataRegion:59 - Caching[foo.org.hibernate.cache.spi.UpdateTimestampsCache] : [Course] -> [5579090719248385]
14:18:15,129 DEBUG BaseGeneralDataRegion:59 - Caching[foo.org.hibernate.cache.spi.UpdateTimestampsCache] : [Enrolment] -> [5579090719248385]
14:18:15,129 DEBUG BaseGeneralDataRegion:59 - Caching[foo.org.hibernate.cache.spi.UpdateTimestampsCache] : [Student_secretCodes] -> [5579090719248385]
14:18:15,129 DEBUG BaseGeneralDataRegion:59 - Caching[foo.org.hibernate.cache.spi.UpdateTimestampsCache] : [Address] -> [5579090719248385]
14:18:15,130 DEBUG BaseGeneralDataRegion:59 - Caching[foo.org.hibernate.cache.spi.UpdateTimestampsCache] : [CourseMeeting] -> [5579090719248385]
14:18:15,130  INFO CustomRunner:139 - Test: testEntityWithNonLazyManyToOneList
14:18:15,131 DEBUG SQL:104 - 
    select
        coursemeet_.courseCode,
        coursemeet_.day,
        coursemeet_.period,
        coursemeet_.location 
    from
        CourseMeeting coursemeet_ 
    where
        coursemeet_.courseCode=? 
        and coursemeet_.day=? 
        and coursemeet_.period=? 
        and coursemeet_.location=?
14:18:15,132 DEBUG SQL:104 - 
    select
        coursemeet_.courseCode,
        coursemeet_.day,
        coursemeet_.period,
        coursemeet_.location 
    from
        CourseMeeting coursemeet_ 
    where
        coursemeet_.courseCode=? 
        and coursemeet_.day=? 
        and coursemeet_.period=? 
        and coursemeet_.location=?
14:18:15,138 DEBUG SQL:104 - 
    insert 
    into
        Course
        (description, courseCode) 
    values
        (?, ?)
14:18:15,138 DEBUG BaseGeneralDataRegion:59 - Caching[foo.org.hibernate.cache.spi.UpdateTimestampsCache] : [Course] -> [5579090965045248]
14:18:15,138 DEBUG SQL:104 - 
    insert 
    into
        CourseMeeting
        (courseCode, day, period, location) 
    values
        (?, ?, ?, ?)
14:18:15,138 DEBUG BaseGeneralDataRegion:59 - Caching[foo.org.hibernate.cache.spi.UpdateTimestampsCache] : [CourseMeeting] -> [5579090965045249]
14:18:15,138 DEBUG SQL:104 - 
    insert 
    into
        CourseMeeting
        (courseCode, day, period, location) 
    values
        (?, ?, ?, ?)
14:18:15,147 DEBUG BaseGeneralDataRegion:59 - Caching[foo.org.hibernate.cache.spi.UpdateTimestampsCache] : [CourseMeeting] -> [5579090965082112]
14:18:15,147 DEBUG SQL:104 - 
    insert 
    into
        Student
        (name_first, name_middle, name_last, preferredCourseCode, studentId) 
    values
        (?, ?, ?, ?, ?)
14:18:15,147 DEBUG BaseGeneralDataRegion:59 - Caching[foo.org.hibernate.cache.spi.UpdateTimestampsCache] : [Student] -> [5579090965082113]
14:18:15,147 DEBUG SQL:104 - 
    insert 
    into
        Address
        (addressType, street, city, stateProvince, postalCode, country, studentNumber, id) 
    values
        (?, ?, ?, ?, ?, ?, ?, ?)
14:18:15,147 DEBUG BaseGeneralDataRegion:59 - Caching[foo.org.hibernate.cache.spi.UpdateTimestampsCache] : [Address] -> [5579090965082114]
14:18:15,148 DEBUG SQL:104 - 
    insert 
    into
        Address
        (addressType, street, city, stateProvince, postalCode, country, studentNumber, id) 
    values
        (?, ?, ?, ?, ?, ?, ?, ?)
14:18:15,148 DEBUG BaseGeneralDataRegion:59 - Caching[foo.org.hibernate.cache.spi.UpdateTimestampsCache] : [Address] -> [5579090965086208]
14:18:15,148 DEBUG SQL:104 - 
    insert 
    into
        Student
        (name_first, name_middle, name_last, preferredCourseCode, studentId) 
    values
        (?, ?, ?, ?, ?)
14:18:15,158 DEBUG BaseGeneralDataRegion:59 - Caching[foo.org.hibernate.cache.spi.UpdateTimestampsCache] : [Student] -> [5579090965123072]
14:18:15,158 DEBUG SQL:104 - 
    insert 
    into
        Enrolment
        (semester, "year", studentId, courseCode) 
    values
        (?, ?, ?, ?)
14:18:15,158 DEBUG BaseGeneralDataRegion:59 - Caching[foo.org.hibernate.cache.spi.UpdateTimestampsCache] : [Enrolment] -> [5579090965127168]
14:18:15,158 DEBUG SQL:104 - 
    insert 
    into
        Enrolment
        (semester, "year", studentId, courseCode) 
    values
        (?, ?, ?, ?)
14:18:15,158 DEBUG BaseGeneralDataRegion:59 - Caching[foo.org.hibernate.cache.spi.UpdateTimestampsCache] : [Enrolment] -> [5579090965127169]
14:18:15,158 DEBUG BaseGeneralDataRegion:59 - Caching[foo.org.hibernate.cache.spi.UpdateTimestampsCache] : [CourseMeeting] -> [5579090965127170]
14:18:15,159 DEBUG BaseGeneralDataRegion:59 - Caching[foo.org.hibernate.cache.spi.UpdateTimestampsCache] : [Enrolment] -> [5579090965131264]
14:18:15,159 DEBUG SQL:104 - 
    update
        Address 
    set
        studentNumber=?,
        addressType=? 
    where
        id=?
14:18:15,168 DEBUG SQL:104 - 
    update
        Address 
    set
        studentNumber=?,
        addressType=? 
    where
        id=?
14:18:15,168 DEBUG BaseGeneralDataRegion:59 - Caching[foo.org.hibernate.cache.spi.UpdateTimestampsCache] : [Address] -> [5579090965168128]
14:18:15,169 DEBUG SQL:104 - 
    insert 
    into
        Student_secretCodes
        (studentNumber, i, secretCode) 
    values
        (?, ?, ?)
14:18:15,169 DEBUG BaseGeneralDataRegion:59 - Caching[foo.org.hibernate.cache.spi.UpdateTimestampsCache] : [Student_secretCodes] -> [5579090965172224]
14:18:15,169 DEBUG BaseGeneralDataRegion:59 - Caching[foo.org.hibernate.cache.spi.UpdateTimestampsCache] : [Enrolment] -> [5579090965172225]
14:18:15,169 DEBUG BaseGeneralDataRegion:59 - Caching[foo.org.hibernate.cache.spi.UpdateTimestampsCache] : [Address] -> [5579090965172226]
14:18:15,169 DEBUG SQL:104 - 
    insert 
    into
        Student_secretCodes
        (studentNumber, i, secretCode) 
    values
        (?, ?, ?)
14:18:15,169 DEBUG SQL:104 - 
    insert 
    into
        Student_secretCodes
        (studentNumber, i, secretCode) 
    values
        (?, ?, ?)
14:18:15,170 DEBUG BaseGeneralDataRegion:59 - Caching[foo.org.hibernate.cache.spi.UpdateTimestampsCache] : [Student_secretCodes] -> [5579090965176320]
14:18:15,170 DEBUG BaseGeneralDataRegion:59 - Caching[foo.org.hibernate.cache.spi.UpdateTimestampsCache] : [Student] -> [5579090719416321]
14:18:15,170 DEBUG BaseGeneralDataRegion:59 - Caching[foo.org.hibernate.cache.spi.UpdateTimestampsCache] : [Course] -> [5579090719416321]
14:18:15,170 DEBUG BaseGeneralDataRegion:59 - Caching[foo.org.hibernate.cache.spi.UpdateTimestampsCache] : [Enrolment] -> [5579090719416321]
14:18:15,170 DEBUG BaseGeneralDataRegion:59 - Caching[foo.org.hibernate.cache.spi.UpdateTimestampsCache] : [Student_secretCodes] -> [5579090719416321]
14:18:15,170 DEBUG BaseGeneralDataRegion:59 - Caching[foo.org.hibernate.cache.spi.UpdateTimestampsCache] : [Address] -> [5579090719416321]
14:18:15,170 DEBUG BaseGeneralDataRegion:59 - Caching[foo.org.hibernate.cache.spi.UpdateTimestampsCache] : [CourseMeeting] -> [5579090719416321]
14:18:15,171 DEBUG SQL:104 - 
    select
        this_.courseCode as courseCode2_0_,
        this_.day as day2_0_,
        this_.period as period2_0_,
        this_.location as location2_0_ 
    from
        CourseMeeting this_ 
    order by
        this_.day asc
14:18:15,171 DEBUG SQL:104 - 
    select
        course0_.courseCode as courseCode1_0_,
        course0_.description as descript2_1_0_ 
    from
        Course course0_ 
    where
        course0_.courseCode=?
14:18:15,172 DEBUG SQL:104 - 
    select
        coursemeet0_.courseCode as courseCode1_1_,
        coursemeet0_.courseCode as courseCode2_1_,
        coursemeet0_.day as day2_1_,
        coursemeet0_.period as period2_1_,
        coursemeet0_.location as location2_1_,
        coursemeet0_.courseCode as courseCode2_0_,
        coursemeet0_.day as day2_0_,
        coursemeet0_.period as period2_0_,
        coursemeet0_.location as location2_0_ 
    from
        CourseMeeting coursemeet0_ 
    where
        coursemeet0_.courseCode=?
14:18:15,184 DEBUG BaseGeneralDataRegion:59 - Caching[foo.org.hibernate.cache.internal.StandardQueryCache] : [sql: select this_.courseCode as courseCode2_0_, this_.day as day2_0_, this_.period as period2_0_, this_.location as location2_0_ from CourseMeeting this_ order by this_.day asc; parameters: ; transformer: org.hibernate.transform.CacheableResultTransformer@110f2] -> [[5579090719469568, [Ljava.lang.Object;@7aed120d, [Ljava.lang.Object;@623c5287]]
14:18:15,184 DEBUG SQL:104 - 
    select
        this_.courseCode as courseCode2_0_,
        this_.day as day2_0_,
        this_.period as period2_0_,
        this_.location as location2_0_ 
    from
        CourseMeeting this_ 
    order by
        this_.day asc
14:18:15,185 DEBUG SQL:104 - 
    select
        course0_.courseCode as courseCode1_0_,
        course0_.description as descript2_1_0_ 
    from
        Course course0_ 
    where
        course0_.courseCode=?
14:18:15,193 DEBUG SQL:104 - 
    select
        coursemeet0_.courseCode as courseCode1_1_,
        coursemeet0_.courseCode as courseCode2_1_,
        coursemeet0_.day as day2_1_,
        coursemeet0_.period as period2_1_,
        coursemeet0_.location as location2_1_,
        coursemeet0_.courseCode as courseCode2_0_,
        coursemeet0_.day as day2_0_,
        coursemeet0_.period as period2_0_,
        coursemeet0_.location as location2_0_ 
    from
        CourseMeeting coursemeet0_ 
    where
        coursemeet0_.courseCode=?
14:18:15,194 DEBUG BaseGeneralDataRegion:59 - Caching[foo.org.hibernate.cache.internal.StandardQueryCache] : [sql: select this_.courseCode as courseCode2_0_, this_.day as day2_0_, this_.period as period2_0_, this_.location as location2_0_ from CourseMeeting this_ order by this_.day asc; parameters: ; transformer: org.hibernate.transform.CacheableResultTransformer@110f2] -> [[5579090719514624, [Ljava.lang.Object;@792ccefa, [Ljava.lang.Object;@6cc8bd3c]]
14:18:15,195 DEBUG SQL:104 - 
    select
        student_.studentId,
        student_.name_first as name2_4_,
        student_.name_middle as name3_4_,
        student_.name_last as name4_4_,
        student_.preferredCourseCode as preferre5_4_ 
    from
        Student student_ 
    where
        student_.studentId=?
14:18:15,195 DEBUG SQL:104 - 
    select
        enrolment_.studentId,
        enrolment_.courseCode,
        enrolment_.semester as semester3_,
        enrolment_."year" as year4_3_ 
    from
        Enrolment enrolment_ 
    where
        enrolment_.studentId=? 
        and enrolment_.courseCode=?
14:18:15,195 DEBUG SQL:104 - 
    select
        course_.courseCode,
        course_.description as descript2_1_ 
    from
        Course course_ 
    where
        course_.courseCode=?
14:18:15,218 DEBUG SQL:104 - 
    select
        student_.studentId,
        student_.name_first as name2_4_,
        student_.name_middle as name3_4_,
        student_.name_last as name4_4_,
        student_.preferredCourseCode as preferre5_4_ 
    from
        Student student_ 
    where
        student_.studentId=?
14:18:15,219 DEBUG SQL:104 - 
    select
        enrolment_.studentId,
        enrolment_.courseCode,
        enrolment_.semester as semester3_,
        enrolment_."year" as year4_3_ 
    from
        Enrolment enrolment_ 
    where
        enrolment_.studentId=? 
        and enrolment_.courseCode=?
14:18:15,219 DEBUG SQL:104 - 
    select
        coursemeet_.courseCode,
        coursemeet_.day,
        coursemeet_.period,
        coursemeet_.location 
    from
        CourseMeeting coursemeet_ 
    where
        coursemeet_.courseCode=? 
        and coursemeet_.day=? 
        and coursemeet_.period=? 
        and coursemeet_.location=?
14:18:15,229 DEBUG SQL:104 - 
    select
        coursemeet_.courseCode,
        coursemeet_.day,
        coursemeet_.period,
        coursemeet_.location 
    from
        CourseMeeting coursemeet_ 
    where
        coursemeet_.courseCode=? 
        and coursemeet_.day=? 
        and coursemeet_.period=? 
        and coursemeet_.location=?
14:18:15,229 DEBUG BaseGeneralDataRegion:59 - Caching[foo.org.hibernate.cache.spi.UpdateTimestampsCache] : [Enrolment] -> [5579090965417984]
14:18:15,229 DEBUG SQL:104 - 
    update
        Address 
    set
        studentNumber=null,
        addressType=null 
    where
        studentNumber=?
14:18:15,239 DEBUG BaseGeneralDataRegion:59 - Caching[foo.org.hibernate.cache.spi.UpdateTimestampsCache] : [Address] -> [5579090965458944]
14:18:15,239 DEBUG SQL:104 - 
    delete 
    from
        Student_secretCodes 
    where
        studentNumber=?
14:18:15,239 DEBUG BaseGeneralDataRegion:59 - Caching[foo.org.hibernate.cache.spi.UpdateTimestampsCache] : [Student_secretCodes] -> [5579090965458945]
14:18:15,239 DEBUG BaseGeneralDataRegion:59 - Caching[foo.org.hibernate.cache.spi.UpdateTimestampsCache] : [Enrolment] -> [5579090965458946]
14:18:15,239 DEBUG BaseGeneralDataRegion:59 - Caching[foo.org.hibernate.cache.spi.UpdateTimestampsCache] : [Address] -> [5579090965458947]
14:18:15,240 DEBUG SQL:104 - 
    delete 
    from
        Student_secretCodes 
    where
        studentNumber=?
14:18:15,240 DEBUG BaseGeneralDataRegion:59 - Caching[foo.org.hibernate.cache.spi.UpdateTimestampsCache] : [Student_secretCodes] -> [5579090965463040]
14:18:15,240 DEBUG BaseGeneralDataRegion:59 - Caching[foo.org.hibernate.cache.spi.UpdateTimestampsCache] : [CourseMeeting] -> [5579090965463041]
14:18:15,240 DEBUG SQL:104 - 
    delete 
    from
        Enrolment 
    where
        studentId=? 
        and courseCode=?
14:18:15,240 DEBUG BaseGeneralDataRegion:59 - Caching[foo.org.hibernate.cache.spi.UpdateTimestampsCache] : [Enrolment] -> [5579090965463042]
14:18:15,240 DEBUG SQL:104 - 
    delete 
    from
        Address 
    where
        id=?
14:18:15,249 DEBUG BaseGeneralDataRegion:59 - Caching[foo.org.hibernate.cache.spi.UpdateTimestampsCache] : [Address] -> [5579090965499904]
14:18:15,250 DEBUG SQL:104 - 
    delete 
    from
        Address 
    where
        id=?
14:18:15,250 DEBUG BaseGeneralDataRegion:59 - Caching[foo.org.hibernate.cache.spi.UpdateTimestampsCache] : [Address] -> [5579090965504000]
14:18:15,250 DEBUG SQL:104 - 
    delete 
    from
        Student 
    where
        studentId=?
14:18:15,250 DEBUG BaseGeneralDataRegion:59 - Caching[foo.org.hibernate.cache.spi.UpdateTimestampsCache] : [Student] -> [5579090965504001]
14:18:15,250 DEBUG SQL:104 - 
    delete 
    from
        Enrolment 
    where
        studentId=? 
        and courseCode=?
14:18:15,250 DEBUG BaseGeneralDataRegion:59 - Caching[foo.org.hibernate.cache.spi.UpdateTimestampsCache] : [Enrolment] -> [5579090965504002]
14:18:15,250 DEBUG SQL:104 - 
    delete 
    from
        Student 
    where
        studentId=?
14:18:15,260 DEBUG BaseGeneralDataRegion:59 - Caching[foo.org.hibernate.cache.spi.UpdateTimestampsCache] : [Student] -> [5579090965544960]
14:18:15,260 DEBUG SQL:104 - 
    delete 
    from
        CourseMeeting 
    where
        courseCode=? 
        and day=? 
        and period=? 
        and location=?
14:18:15,261 DEBUG BaseGeneralDataRegion:59 - Caching[foo.org.hibernate.cache.spi.UpdateTimestampsCache] : [CourseMeeting] -> [5579090965549056]
14:18:15,261 DEBUG SQL:104 - 
    delete 
    from
        CourseMeeting 
    where
        courseCode=? 
        and day=? 
        and period=? 
        and location=?
14:18:15,261 DEBUG BaseGeneralDataRegion:59 - Caching[foo.org.hibernate.cache.spi.UpdateTimestampsCache] : [CourseMeeting] -> [5579090965549057]
14:18:15,261 DEBUG SQL:104 - 
    delete 
    from
        Course 
    where
        courseCode=?
14:18:15,261 DEBUG BaseGeneralDataRegion:59 - Caching[foo.org.hibernate.cache.spi.UpdateTimestampsCache] : [Course] -> [5579090965549058]
14:18:15,270 DEBUG BaseGeneralDataRegion:59 - Caching[foo.org.hibernate.cache.spi.UpdateTimestampsCache] : [Student] -> [5579090719825920]
14:18:15,270 DEBUG BaseGeneralDataRegion:59 - Caching[foo.org.hibernate.cache.spi.UpdateTimestampsCache] : [Course] -> [5579090719825920]
14:18:15,270 DEBUG BaseGeneralDataRegion:59 - Caching[foo.org.hibernate.cache.spi.UpdateTimestampsCache] : [Enrolment] -> [5579090719825920]
14:18:15,270 DEBUG BaseGeneralDataRegion:59 - Caching[foo.org.hibernate.cache.spi.UpdateTimestampsCache] : [Student_secretCodes] -> [5579090719825920]
14:18:15,270 DEBUG BaseGeneralDataRegion:59 - Caching[foo.org.hibernate.cache.spi.UpdateTimestampsCache] : [Address] -> [5579090719825920]
14:18:15,270 DEBUG BaseGeneralDataRegion:59 - Caching[foo.org.hibernate.cache.spi.UpdateTimestampsCache] : [CourseMeeting] -> [5579090719825920]
14:18:15,271  INFO CustomRunner:139 - Test: testEntityWithNonLazyOneToManyUnique
14:18:15,272 DEBUG SQL:104 - 
    select
        coursemeet_.courseCode,
        coursemeet_.day,
        coursemeet_.period,
        coursemeet_.location 
    from
        CourseMeeting coursemeet_ 
    where
        coursemeet_.courseCode=? 
        and coursemeet_.day=? 
        and coursemeet_.period=? 
        and coursemeet_.location=?
14:18:15,272 DEBUG SQL:104 - 
    select
        coursemeet_.courseCode,
        coursemeet_.day,
        coursemeet_.period,
        coursemeet_.location 
    from
        CourseMeeting coursemeet_ 
    where
        coursemeet_.courseCode=? 
        and coursemeet_.day=? 
        and coursemeet_.period=? 
        and coursemeet_.location=?
14:18:15,281 DEBUG SQL:104 - 
    insert 
    into
        Course
        (description, courseCode) 
    values
        (?, ?)
14:18:15,282 DEBUG BaseGeneralDataRegion:59 - Caching[foo.org.hibernate.cache.spi.UpdateTimestampsCache] : [Course] -> [5579090965635072]
14:18:15,282 DEBUG SQL:104 - 
    insert 
    into
        CourseMeeting
        (courseCode, day, period, location) 
    values
        (?, ?, ?, ?)
14:18:15,282 DEBUG BaseGeneralDataRegion:59 - Caching[foo.org.hibernate.cache.spi.UpdateTimestampsCache] : [CourseMeeting] -> [5579090965635073]
14:18:15,282 DEBUG SQL:104 - 
    insert 
    into
        CourseMeeting
        (courseCode, day, period, location) 
    values
        (?, ?, ?, ?)
14:18:15,282 DEBUG BaseGeneralDataRegion:59 - Caching[foo.org.hibernate.cache.spi.UpdateTimestampsCache] : [CourseMeeting] -> [5579090965635074]
14:18:15,283 DEBUG SQL:104 - 
    insert 
    into
        Student
        (name_first, name_middle, name_last, preferredCourseCode, studentId) 
    values
        (?, ?, ?, ?, ?)
14:18:15,290 DEBUG BaseGeneralDataRegion:59 - Caching[foo.org.hibernate.cache.spi.UpdateTimestampsCache] : [Student] -> [5579090965667840]
14:18:15,290 DEBUG SQL:104 - 
    insert 
    into
        Address
        (addressType, street, city, stateProvince, postalCode, country, studentNumber, id) 
    values
        (?, ?, ?, ?, ?, ?, ?, ?)
14:18:15,290 DEBUG BaseGeneralDataRegion:59 - Caching[foo.org.hibernate.cache.spi.UpdateTimestampsCache] : [Address] -> [5579090965667841]
14:18:15,290 DEBUG SQL:104 - 
    insert 
    into
        Address
        (addressType, street, city, stateProvince, postalCode, country, studentNumber, id) 
    values
        (?, ?, ?, ?, ?, ?, ?, ?)
14:18:15,291 DEBUG BaseGeneralDataRegion:59 - Caching[foo.org.hibernate.cache.spi.UpdateTimestampsCache] : [Address] -> [5579090965671936]
14:18:15,291 DEBUG SQL:104 - 
    insert 
    into
        Student
        (name_first, name_middle, name_last, preferredCourseCode, studentId) 
    values
        (?, ?, ?, ?, ?)
14:18:15,302 DEBUG BaseGeneralDataRegion:59 - Caching[foo.org.hibernate.cache.spi.UpdateTimestampsCache] : [Student] -> [5579090965716992]
14:18:15,302 DEBUG SQL:104 - 
    insert 
    into
        Enrolment
        (semester, "year", studentId, courseCode) 
    values
        (?, ?, ?, ?)
14:18:15,302 DEBUG BaseGeneralDataRegion:59 - Caching[foo.org.hibernate.cache.spi.UpdateTimestampsCache] : [Enrolment] -> [5579090965716993]
14:18:15,302 DEBUG SQL:104 - 
    insert 
    into
        Enrolment
        (semester, "year", studentId, courseCode) 
    values
        (?, ?, ?, ?)
14:18:15,303 DEBUG BaseGeneralDataRegion:59 - Caching[foo.org.hibernate.cache.spi.UpdateTimestampsCache] : [Enrolment] -> [5579090965721088]
14:18:15,303 DEBUG BaseGeneralDataRegion:59 - Caching[foo.org.hibernate.cache.spi.UpdateTimestampsCache] : [CourseMeeting] -> [5579090965721089]
14:18:15,303 DEBUG BaseGeneralDataRegion:59 - Caching[foo.org.hibernate.cache.spi.UpdateTimestampsCache] : [Enrolment] -> [5579090965721090]
14:18:15,303 DEBUG SQL:104 - 
    update
        Address 
    set
        studentNumber=?,
        addressType=? 
    where
        id=?
14:18:15,303 DEBUG SQL:104 - 
    update
        Address 
    set
        studentNumber=?,
        addressType=? 
    where
        id=?
14:18:15,303 DEBUG BaseGeneralDataRegion:59 - Caching[foo.org.hibernate.cache.spi.UpdateTimestampsCache] : [Address] -> [5579090965721091]
14:18:15,303 DEBUG SQL:104 - 
    insert 
    into
        Student_secretCodes
        (studentNumber, i, secretCode) 
    values
        (?, ?, ?)
14:18:15,304 DEBUG BaseGeneralDataRegion:59 - Caching[foo.org.hibernate.cache.spi.UpdateTimestampsCache] : [Student_secretCodes] -> [5579090965725184]
14:18:15,304 DEBUG BaseGeneralDataRegion:59 - Caching[foo.org.hibernate.cache.spi.UpdateTimestampsCache] : [Enrolment] -> [5579090965725185]
14:18:15,304 DEBUG BaseGeneralDataRegion:59 - Caching[foo.org.hibernate.cache.spi.UpdateTimestampsCache] : [Address] -> [5579090965725186]
14:18:15,304 DEBUG SQL:104 - 
    insert 
    into
        Student_secretCodes
        (studentNumber, i, secretCode) 
    values
        (?, ?, ?)
14:18:15,304 DEBUG SQL:104 - 
    insert 
    into
        Student_secretCodes
        (studentNumber, i, secretCode) 
    values
        (?, ?, ?)
14:18:15,316 DEBUG BaseGeneralDataRegion:59 - Caching[foo.org.hibernate.cache.spi.UpdateTimestampsCache] : [Student_secretCodes] -> [5579090965774336]
14:18:15,316 DEBUG BaseGeneralDataRegion:59 - Caching[foo.org.hibernate.cache.spi.UpdateTimestampsCache] : [Student] -> [5579090720014337]
14:18:15,316 DEBUG BaseGeneralDataRegion:59 - Caching[foo.org.hibernate.cache.spi.UpdateTimestampsCache] : [Course] -> [5579090720014337]
14:18:15,316 DEBUG BaseGeneralDataRegion:59 - Caching[foo.org.hibernate.cache.spi.UpdateTimestampsCache] : [Enrolment] -> [5579090720014337]
14:18:15,317 DEBUG BaseGeneralDataRegion:59 - Caching[foo.org.hibernate.cache.spi.UpdateTimestampsCache] : [Student_secretCodes] -> [5579090720014337]
14:18:15,317 DEBUG BaseGeneralDataRegion:59 - Caching[foo.org.hibernate.cache.spi.UpdateTimestampsCache] : [Address] -> [5579090720014337]
14:18:15,317 DEBUG BaseGeneralDataRegion:59 - Caching[foo.org.hibernate.cache.spi.UpdateTimestampsCache] : [CourseMeeting] -> [5579090720014337]
14:18:15,317 DEBUG SQL:104 - 
    select
        this_.courseCode as courseCode1_0_,
        this_.description as descript2_1_0_ 
    from
        Course this_
14:18:15,318 DEBUG SQL:104 - 
    select
        coursemeet0_.courseCode as courseCode1_1_,
        coursemeet0_.courseCode as courseCode2_1_,
        coursemeet0_.day as day2_1_,
        coursemeet0_.period as period2_1_,
        coursemeet0_.location as location2_1_,
        coursemeet0_.courseCode as courseCode2_0_,
        coursemeet0_.day as day2_0_,
        coursemeet0_.period as period2_0_,
        coursemeet0_.location as location2_0_ 
    from
        CourseMeeting coursemeet0_ 
    where
        coursemeet0_.courseCode=?
14:18:15,318 DEBUG BaseGeneralDataRegion:59 - Caching[foo.org.hibernate.cache.internal.StandardQueryCache] : [sql: select this_.courseCode as courseCode1_0_, this_.description as descript2_1_0_ from Course this_; parameters: ; transformer: org.hibernate.transform.CacheableResultTransformer@110f2] -> [[5579090720022528, HIB]]
14:18:15,319 DEBUG SQL:104 - 
    select
        this_.courseCode as courseCode1_0_,
        this_.description as descript2_1_0_ 
    from
        Course this_
14:18:15,326 DEBUG SQL:104 - 
    select
        coursemeet0_.courseCode as courseCode1_1_,
        coursemeet0_.courseCode as courseCode2_1_,
        coursemeet0_.day as day2_1_,
        coursemeet0_.period as period2_1_,
        coursemeet0_.location as location2_1_,
        coursemeet0_.courseCode as courseCode2_0_,
        coursemeet0_.day as day2_0_,
        coursemeet0_.period as period2_0_,
        coursemeet0_.location as location2_0_ 
    from
        CourseMeeting coursemeet0_ 
    where
        coursemeet0_.courseCode=?
14:18:15,326 DEBUG BaseGeneralDataRegion:59 - Caching[foo.org.hibernate.cache.internal.StandardQueryCache] : [sql: select this_.courseCode as courseCode1_0_, this_.description as descript2_1_0_ from Course this_; parameters: ; transformer: org.hibernate.transform.CacheableResultTransformer@110f2] -> [[5579090720055296, HIB]]
14:18:15,327 DEBUG SQL:104 - 
    select
        student_.studentId,
        student_.name_first as name2_4_,
        student_.name_middle as name3_4_,
        student_.name_last as name4_4_,
        student_.preferredCourseCode as preferre5_4_ 
    from
        Student student_ 
    where
        student_.studentId=?
14:18:15,327 DEBUG SQL:104 - 
    select
        enrolment_.studentId,
        enrolment_.courseCode,
        enrolment_.semester as semester3_,
        enrolment_."year" as year4_3_ 
    from
        Enrolment enrolment_ 
    where
        enrolment_.studentId=? 
        and enrolment_.courseCode=?
14:18:15,327 DEBUG SQL:104 - 
    select
        course_.courseCode,
        course_.description as descript2_1_ 
    from
        Course course_ 
    where
        course_.courseCode=?
14:18:15,348 DEBUG SQL:104 - 
    select
        student_.studentId,
        student_.name_first as name2_4_,
        student_.name_middle as name3_4_,
        student_.name_last as name4_4_,
        student_.preferredCourseCode as preferre5_4_ 
    from
        Student student_ 
    where
        student_.studentId=?
14:18:15,349 DEBUG SQL:104 - 
    select
        enrolment_.studentId,
        enrolment_.courseCode,
        enrolment_.semester as semester3_,
        enrolment_."year" as year4_3_ 
    from
        Enrolment enrolment_ 
    where
        enrolment_.studentId=? 
        and enrolment_.courseCode=?
14:18:15,349 DEBUG SQL:104 - 
    select
        coursemeet_.courseCode,
        coursemeet_.day,
        coursemeet_.period,
        coursemeet_.location 
    from
        CourseMeeting coursemeet_ 
    where
        coursemeet_.courseCode=? 
        and coursemeet_.day=? 
        and coursemeet_.period=? 
        and coursemeet_.location=?
14:18:15,357 DEBUG SQL:104 - 
    select
        coursemeet_.courseCode,
        coursemeet_.day,
        coursemeet_.period,
        coursemeet_.location 
    from
        CourseMeeting coursemeet_ 
    where
        coursemeet_.courseCode=? 
        and coursemeet_.day=? 
        and coursemeet_.period=? 
        and coursemeet_.location=?
14:18:15,358 DEBUG BaseGeneralDataRegion:59 - Caching[foo.org.hibernate.cache.spi.UpdateTimestampsCache] : [Enrolment] -> [5579090965946368]
14:18:15,358 DEBUG SQL:104 - 
    update
        Address 
    set
        studentNumber=null,
        addressType=null 
    where
        studentNumber=?
14:18:15,367 DEBUG BaseGeneralDataRegion:59 - Caching[foo.org.hibernate.cache.spi.UpdateTimestampsCache] : [Address] -> [5579090965983232]
14:18:15,367 DEBUG SQL:104 - 
    delete 
    from
        Student_secretCodes 
    where
        studentNumber=?
14:18:15,367 DEBUG BaseGeneralDataRegion:59 - Caching[foo.org.hibernate.cache.spi.UpdateTimestampsCache] : [Student_secretCodes] -> [5579090965983233]
14:18:15,367 DEBUG BaseGeneralDataRegion:59 - Caching[foo.org.hibernate.cache.spi.UpdateTimestampsCache] : [Enrolment] -> [5579090965983234]
14:18:15,368 DEBUG BaseGeneralDataRegion:59 - Caching[foo.org.hibernate.cache.spi.UpdateTimestampsCache] : [Address] -> [5579090965987328]
14:18:15,368 DEBUG SQL:104 - 
    delete 
    from
        Student_secretCodes 
    where
        studentNumber=?
14:18:15,368 DEBUG BaseGeneralDataRegion:59 - Caching[foo.org.hibernate.cache.spi.UpdateTimestampsCache] : [Student_secretCodes] -> [5579090965987329]
14:18:15,368 DEBUG BaseGeneralDataRegion:59 - Caching[foo.org.hibernate.cache.spi.UpdateTimestampsCache] : [CourseMeeting] -> [5579090965987330]
14:18:15,368 DEBUG SQL:104 - 
    delete 
    from
        Enrolment 
    where
        studentId=? 
        and courseCode=?
14:18:15,368 DEBUG BaseGeneralDataRegion:59 - Caching[foo.org.hibernate.cache.spi.UpdateTimestampsCache] : [Enrolment] -> [5579090965987331]
14:18:15,368 DEBUG SQL:104 - 
    delete 
    from
        Address 
    where
        id=?
14:18:15,377 DEBUG BaseGeneralDataRegion:59 - Caching[foo.org.hibernate.cache.spi.UpdateTimestampsCache] : [Address] -> [5579090966024192]
14:18:15,377 DEBUG SQL:104 - 
    delete 
    from
        Address 
    where
        id=?
14:18:15,378 DEBUG BaseGeneralDataRegion:59 - Caching[foo.org.hibernate.cache.spi.UpdateTimestampsCache] : [Address] -> [5579090966028288]
14:18:15,378 DEBUG SQL:104 - 
    delete 
    from
        Student 
    where
        studentId=?
14:18:15,378 DEBUG BaseGeneralDataRegion:59 - Caching[foo.org.hibernate.cache.spi.UpdateTimestampsCache] : [Student] -> [5579090966028289]
14:18:15,378 DEBUG SQL:104 - 
    delete 
    from
        Enrolment 
    where
        studentId=? 
        and courseCode=?
14:18:15,378 DEBUG BaseGeneralDataRegion:59 - Caching[foo.org.hibernate.cache.spi.UpdateTimestampsCache] : [Enrolment] -> [5579090966028290]
14:18:15,378 DEBUG SQL:104 - 
    delete 
    from
        Student 
    where
        studentId=?
14:18:15,388 DEBUG BaseGeneralDataRegion:59 - Caching[foo.org.hibernate.cache.spi.UpdateTimestampsCache] : [Student] -> [5579090966069248]
14:18:15,388 DEBUG SQL:104 - 
    delete 
    from
        CourseMeeting 
    where
        courseCode=? 
        and day=? 
        and period=? 
        and location=?
14:18:15,389 DEBUG BaseGeneralDataRegion:59 - Caching[foo.org.hibernate.cache.spi.UpdateTimestampsCache] : [CourseMeeting] -> [5579090966073344]
14:18:15,389 DEBUG SQL:104 - 
    delete 
    from
        CourseMeeting 
    where
        courseCode=? 
        and day=? 
        and period=? 
        and location=?
14:18:15,389 DEBUG BaseGeneralDataRegion:59 - Caching[foo.org.hibernate.cache.spi.UpdateTimestampsCache] : [CourseMeeting] -> [5579090966073345]
14:18:15,389 DEBUG SQL:104 - 
    delete 
    from
        Course 
    where
        courseCode=?
14:18:15,399 DEBUG BaseGeneralDataRegion:59 - Caching[foo.org.hibernate.cache.spi.UpdateTimestampsCache] : [Course] -> [5579090966110208]
14:18:15,399 DEBUG BaseGeneralDataRegion:59 - Caching[foo.org.hibernate.cache.spi.UpdateTimestampsCache] : [Student] -> [5579090720354304]
14:18:15,399 DEBUG BaseGeneralDataRegion:59 - Caching[foo.org.hibernate.cache.spi.UpdateTimestampsCache] : [Course] -> [5579090720354304]
14:18:15,400 DEBUG BaseGeneralDataRegion:59 - Caching[foo.org.hibernate.cache.spi.UpdateTimestampsCache] : [Enrolment] -> [5579090720354304]
14:18:15,400 DEBUG BaseGeneralDataRegion:59 - Caching[foo.org.hibernate.cache.spi.UpdateTimestampsCache] : [Student_secretCodes] -> [5579090720354304]
14:18:15,400 DEBUG BaseGeneralDataRegion:59 - Caching[foo.org.hibernate.cache.spi.UpdateTimestampsCache] : [Address] -> [5579090720354304]
14:18:15,400 DEBUG BaseGeneralDataRegion:59 - Caching[foo.org.hibernate.cache.spi.UpdateTimestampsCache] : [CourseMeeting] -> [5579090720354304]
14:18:15,400  INFO CustomRunner:139 - Test: testEntityWithSelectFetchedLazyOneToManySingleElementListCriteria
14:18:15,401 DEBUG SQL:104 - 
    select
        coursemeet_.courseCode,
        coursemeet_.day,
        coursemeet_.period,
        coursemeet_.location 
    from
        CourseMeeting coursemeet_ 
    where
        coursemeet_.courseCode=? 
        and coursemeet_.day=? 
        and coursemeet_.period=? 
        and coursemeet_.location=?
14:18:15,402 DEBUG SQL:104 - 
    select
        coursemeet_.courseCode,
        coursemeet_.day,
        coursemeet_.period,
        coursemeet_.location 
    from
        CourseMeeting coursemeet_ 
    where
        coursemeet_.courseCode=? 
        and coursemeet_.day=? 
        and coursemeet_.period=? 
        and coursemeet_.location=?
14:18:15,410 DEBUG SQL:104 - 
    insert 
    into
        Course
        (description, courseCode) 
    values
        (?, ?)
14:18:15,411 DEBUG BaseGeneralDataRegion:59 - Caching[foo.org.hibernate.cache.spi.UpdateTimestampsCache] : [Course] -> [5579090966163456]
14:18:15,411 DEBUG SQL:104 - 
    insert 
    into
        CourseMeeting
        (courseCode, day, period, location) 
    values
        (?, ?, ?, ?)
14:18:15,411 DEBUG BaseGeneralDataRegion:59 - Caching[foo.org.hibernate.cache.spi.UpdateTimestampsCache] : [CourseMeeting] -> [5579090966163457]
14:18:15,411 DEBUG SQL:104 - 
    insert 
    into
        CourseMeeting
        (courseCode, day, period, location) 
    values
        (?, ?, ?, ?)
14:18:15,419 DEBUG BaseGeneralDataRegion:59 - Caching[foo.org.hibernate.cache.spi.UpdateTimestampsCache] : [CourseMeeting] -> [5579090966196224]
14:18:15,420 DEBUG SQL:104 - 
    insert 
    into
        Student
        (name_first, name_middle, name_last, preferredCourseCode, studentId) 
    values
        (?, ?, ?, ?, ?)
14:18:15,420 DEBUG BaseGeneralDataRegion:59 - Caching[foo.org.hibernate.cache.spi.UpdateTimestampsCache] : [Student] -> [5579090966200320]
14:18:15,420 DEBUG SQL:104 - 
    insert 
    into
        Address
        (addressType, street, city, stateProvince, postalCode, country, studentNumber, id) 
    values
        (?, ?, ?, ?, ?, ?, ?, ?)
14:18:15,420 DEBUG BaseGeneralDataRegion:59 - Caching[foo.org.hibernate.cache.spi.UpdateTimestampsCache] : [Address] -> [5579090966200321]
14:18:15,420 DEBUG SQL:104 - 
    insert 
    into
        Address
        (addressType, street, city, stateProvince, postalCode, country, studentNumber, id) 
    values
        (?, ?, ?, ?, ?, ?, ?, ?)
14:18:15,420 DEBUG BaseGeneralDataRegion:59 - Caching[foo.org.hibernate.cache.spi.UpdateTimestampsCache] : [Address] -> [5579090966200322]
14:18:15,421 DEBUG SQL:104 - 
    insert 
    into
        Student
        (name_first, name_middle, name_last, preferredCourseCode, studentId) 
    values
        (?, ?, ?, ?, ?)
14:18:15,421 DEBUG BaseGeneralDataRegion:59 - Caching[foo.org.hibernate.cache.spi.UpdateTimestampsCache] : [Student] -> [5579090966204416]
14:18:15,421 DEBUG SQL:104 - 
    insert 
    into
        Enrolment
        (semester, "year", studentId, courseCode) 
    values
        (?, ?, ?, ?)
14:18:15,421 DEBUG BaseGeneralDataRegion:59 - Caching[foo.org.hibernate.cache.spi.UpdateTimestampsCache] : [Enrolment] -> [5579090966204417]
14:18:15,421 DEBUG SQL:104 - 
    insert 
    into
        Enrolment
        (semester, "year", studentId, courseCode) 
    values
        (?, ?, ?, ?)
14:18:15,422 DEBUG BaseGeneralDataRegion:59 - Caching[foo.org.hibernate.cache.spi.UpdateTimestampsCache] : [Enrolment] -> [5579090966208512]
14:18:15,422 DEBUG BaseGeneralDataRegion:59 - Caching[foo.org.hibernate.cache.spi.UpdateTimestampsCache] : [CourseMeeting] -> [5579090966208513]
14:18:15,422 DEBUG BaseGeneralDataRegion:59 - Caching[foo.org.hibernate.cache.spi.UpdateTimestampsCache] : [Enrolment] -> [5579090966208514]
14:18:15,422 DEBUG SQL:104 - 
    update
        Address 
    set
        studentNumber=?,
        addressType=? 
    where
        id=?
14:18:15,422 DEBUG SQL:104 - 
    update
        Address 
    set
        studentNumber=?,
        addressType=? 
    where
        id=?
14:18:15,435 DEBUG BaseGeneralDataRegion:59 - Caching[foo.org.hibernate.cache.spi.UpdateTimestampsCache] : [Address] -> [5579090966261760]
14:18:15,435 DEBUG SQL:104 - 
    insert 
    into
        Student_secretCodes
        (studentNumber, i, secretCode) 
    values
        (?, ?, ?)
14:18:15,435 DEBUG BaseGeneralDataRegion:59 - Caching[foo.org.hibernate.cache.spi.UpdateTimestampsCache] : [Student_secretCodes] -> [5579090966261761]
14:18:15,435 DEBUG BaseGeneralDataRegion:59 - Caching[foo.org.hibernate.cache.spi.UpdateTimestampsCache] : [Enrolment] -> [5579090966261762]
14:18:15,435 DEBUG BaseGeneralDataRegion:59 - Caching[foo.org.hibernate.cache.spi.UpdateTimestampsCache] : [Address] -> [5579090966261763]
14:18:15,435 DEBUG SQL:104 - 
    insert 
    into
        Student_secretCodes
        (studentNumber, i, secretCode) 
    values
        (?, ?, ?)
14:18:15,436 DEBUG SQL:104 - 
    insert 
    into
        Student_secretCodes
        (studentNumber, i, secretCode) 
    values
        (?, ?, ?)
14:18:15,445 DEBUG BaseGeneralDataRegion:59 - Caching[foo.org.hibernate.cache.spi.UpdateTimestampsCache] : [Student_secretCodes] -> [5579090966302720]
14:18:15,445 DEBUG BaseGeneralDataRegion:59 - Caching[foo.org.hibernate.cache.spi.UpdateTimestampsCache] : [Student] -> [5579090720542721]
14:18:15,445 DEBUG BaseGeneralDataRegion:59 - Caching[foo.org.hibernate.cache.spi.UpdateTimestampsCache] : [Course] -> [5579090720542721]
14:18:15,445 DEBUG BaseGeneralDataRegion:59 - Caching[foo.org.hibernate.cache.spi.UpdateTimestampsCache] : [Enrolment] -> [5579090720542721]
14:18:15,445 DEBUG BaseGeneralDataRegion:59 - Caching[foo.org.hibernate.cache.spi.UpdateTimestampsCache] : [Student_secretCodes] -> [5579090720542721]
14:18:15,445 DEBUG BaseGeneralDataRegion:59 - Caching[foo.org.hibernate.cache.spi.UpdateTimestampsCache] : [Address] -> [5579090720542721]
14:18:15,445 DEBUG BaseGeneralDataRegion:59 - Caching[foo.org.hibernate.cache.spi.UpdateTimestampsCache] : [CourseMeeting] -> [5579090720542721]
14:18:15,446 DEBUG SQL:104 - 
    select
        this_.studentId as studentId4_0_,
        this_.name_first as name2_4_0_,
        this_.name_middle as name3_4_0_,
        this_.name_last as name4_4_0_,
        this_.preferredCourseCode as preferre5_4_0_ 
    from
        Student this_ 
    order by
        this_.studentId asc
14:18:15,447 DEBUG SQL:104 - 
    select
        secretcode0_.studentNumber as studentN1_4_0_,
        secretcode0_.secretCode as secretCode5_0_,
        secretcode0_.i as i0_ 
    from
        Student_secretCodes secretcode0_ 
    where
        secretcode0_.studentNumber=?
14:18:15,447 DEBUG SQL:104 - 
    select
        secretcode0_.studentNumber as studentN1_4_0_,
        secretcode0_.secretCode as secretCode5_0_,
        secretcode0_.i as i0_ 
    from
        Student_secretCodes secretcode0_ 
    where
        secretcode0_.studentNumber=?
14:18:15,447 DEBUG BaseGeneralDataRegion:59 - Caching[foo.org.hibernate.cache.internal.StandardQueryCache] : [sql: select this_.studentId as studentId4_0_, this_.name_first as name2_4_0_, this_.name_middle as name3_4_0_, this_.name_last as name4_4_0_, this_.preferredCourseCode as preferre5_4_0_ from Student this_ order by this_.studentId asc; parameters: ; transformer: org.hibernate.transform.CacheableResultTransformer@110f2] -> [[5579090720550912, 111, 999]]
14:18:15,448 DEBUG SQL:104 - 
    select
        this_.studentId as studentId4_0_,
        this_.name_first as name2_4_0_,
        this_.name_middle as name3_4_0_,
        this_.name_last as name4_4_0_,
        this_.preferredCourseCode as preferre5_4_0_ 
    from
        Student this_ 
    order by
        this_.studentId asc
14:18:15,471 DEBUG SQL:104 - 
    select
        secretcode0_.studentNumber as studentN1_4_0_,
        secretcode0_.secretCode as secretCode5_0_,
        secretcode0_.i as i0_ 
    from
        Student_secretCodes secretcode0_ 
    where
        secretcode0_.studentNumber=?
14:18:15,471 DEBUG SQL:104 - 
    select
        secretcode0_.studentNumber as studentN1_4_0_,
        secretcode0_.secretCode as secretCode5_0_,
        secretcode0_.i as i0_ 
    from
        Student_secretCodes secretcode0_ 
    where
        secretcode0_.studentNumber=?
14:18:15,472 DEBUG BaseGeneralDataRegion:59 - Caching[foo.org.hibernate.cache.internal.StandardQueryCache] : [sql: select this_.studentId as studentId4_0_, this_.name_first as name2_4_0_, this_.name_middle as name3_4_0_, this_.name_last as name4_4_0_, this_.preferredCourseCode as preferre5_4_0_ from Student this_ order by this_.studentId asc; parameters: ; transformer: org.hibernate.transform.CacheableResultTransformer@110f2] -> [[5579090720653312, 111, 999]]
14:18:15,472 DEBUG SQL:104 - 
    select
        student_.studentId,
        student_.name_first as name2_4_,
        student_.name_middle as name3_4_,
        student_.name_last as name4_4_,
        student_.preferredCourseCode as preferre5_4_ 
    from
        Student student_ 
    where
        student_.studentId=?
14:18:15,481 DEBUG SQL:104 - 
    select
        enrolment_.studentId,
        enrolment_.courseCode,
        enrolment_.semester as semester3_,
        enrolment_."year" as year4_3_ 
    from
        Enrolment enrolment_ 
    where
        enrolment_.studentId=? 
        and enrolment_.courseCode=?
14:18:15,482 DEBUG SQL:104 - 
    select
        course_.courseCode,
        course_.description as descript2_1_ 
    from
        Course course_ 
    where
        course_.courseCode=?
14:18:15,482 DEBUG SQL:104 - 
    select
        student_.studentId,
        student_.name_first as name2_4_,
        student_.name_middle as name3_4_,
        student_.name_last as name4_4_,
        student_.preferredCourseCode as preferre5_4_ 
    from
        Student student_ 
    where
        student_.studentId=?
14:18:15,492 DEBUG SQL:104 - 
    select
        enrolment_.studentId,
        enrolment_.courseCode,
        enrolment_.semester as semester3_,
        enrolment_."year" as year4_3_ 
    from
        Enrolment enrolment_ 
    where
        enrolment_.studentId=? 
        and enrolment_.courseCode=?
14:18:15,494 DEBUG SQL:104 - 
    select
        coursemeet_.courseCode,
        coursemeet_.day,
        coursemeet_.period,
        coursemeet_.location 
    from
        CourseMeeting coursemeet_ 
    where
        coursemeet_.courseCode=? 
        and coursemeet_.day=? 
        and coursemeet_.period=? 
        and coursemeet_.location=?
14:18:15,503 DEBUG SQL:104 - 
    select
        coursemeet_.courseCode,
        coursemeet_.day,
        coursemeet_.period,
        coursemeet_.location 
    from
        CourseMeeting coursemeet_ 
    where
        coursemeet_.courseCode=? 
        and coursemeet_.day=? 
        and coursemeet_.period=? 
        and coursemeet_.location=?
14:18:15,504 DEBUG BaseGeneralDataRegion:59 - Caching[foo.org.hibernate.cache.spi.UpdateTimestampsCache] : [Enrolment] -> [5579090966544384]
14:18:15,504 DEBUG SQL:104 - 
    update
        Address 
    set
        studentNumber=null,
        addressType=null 
    where
        studentNumber=?
14:18:15,504 DEBUG BaseGeneralDataRegion:59 - Caching[foo.org.hibernate.cache.spi.UpdateTimestampsCache] : [Address] -> [5579090966544385]
14:18:15,505 DEBUG SQL:104 - 
    delete 
    from
        Student_secretCodes 
    where
        studentNumber=?
14:18:15,505 DEBUG BaseGeneralDataRegion:59 - Caching[foo.org.hibernate.cache.spi.UpdateTimestampsCache] : [Student_secretCodes] -> [5579090966548480]
14:18:15,505 DEBUG BaseGeneralDataRegion:59 - Caching[foo.org.hibernate.cache.spi.UpdateTimestampsCache] : [Enrolment] -> [5579090966548481]
14:18:15,514 DEBUG BaseGeneralDataRegion:59 - Caching[foo.org.hibernate.cache.spi.UpdateTimestampsCache] : [Address] -> [5579090966585344]
14:18:15,514 DEBUG SQL:104 - 
    delete 
    from
        Student_secretCodes 
    where
        studentNumber=?
14:18:15,514 DEBUG BaseGeneralDataRegion:59 - Caching[foo.org.hibernate.cache.spi.UpdateTimestampsCache] : [Student_secretCodes] -> [5579090966585345]
14:18:15,514 DEBUG BaseGeneralDataRegion:59 - Caching[foo.org.hibernate.cache.spi.UpdateTimestampsCache] : [CourseMeeting] -> [5579090966585346]
14:18:15,514 DEBUG SQL:104 - 
    delete 
    from
        Enrolment 
    where
        studentId=? 
        and courseCode=?
14:18:15,515 DEBUG BaseGeneralDataRegion:59 - Caching[foo.org.hibernate.cache.spi.UpdateTimestampsCache] : [Enrolment] -> [5579090966589440]
14:18:15,515 DEBUG SQL:104 - 
    delete 
    from
        Address 
    where
        id=?
14:18:15,515 DEBUG BaseGeneralDataRegion:59 - Caching[foo.org.hibernate.cache.spi.UpdateTimestampsCache] : [Address] -> [5579090966589441]
14:18:15,515 DEBUG SQL:104 - 
    delete 
    from
        Address 
    where
        id=?
14:18:15,525 DEBUG BaseGeneralDataRegion:59 - Caching[foo.org.hibernate.cache.spi.UpdateTimestampsCache] : [Address] -> [5579090966630400]
14:18:15,525 DEBUG SQL:104 - 
    delete 
    from
        Student 
    where
        studentId=?
14:18:15,525 DEBUG BaseGeneralDataRegion:59 - Caching[foo.org.hibernate.cache.spi.UpdateTimestampsCache] : [Student] -> [5579090966630401]
14:18:15,525 DEBUG SQL:104 - 
    delete 
    from
        Enrolment 
    where
        studentId=? 
        and courseCode=?
14:18:15,525 DEBUG BaseGeneralDataRegion:59 - Caching[foo.org.hibernate.cache.spi.UpdateTimestampsCache] : [Enrolment] -> [5579090966630402]
14:18:15,525 DEBUG SQL:104 - 
    delete 
    from
        Student 
    where
        studentId=?
14:18:15,526 DEBUG BaseGeneralDataRegion:59 - Caching[foo.org.hibernate.cache.spi.UpdateTimestampsCache] : [Student] -> [5579090966634496]
14:18:15,526 DEBUG SQL:104 - 
    delete 
    from
        CourseMeeting 
    where
        courseCode=? 
        and day=? 
        and period=? 
        and location=?
14:18:15,534 DEBUG BaseGeneralDataRegion:59 - Caching[foo.org.hibernate.cache.spi.UpdateTimestampsCache] : [CourseMeeting] -> [5579090966667264]
14:18:15,535 DEBUG SQL:104 - 
    delete 
    from
        CourseMeeting 
    where
        courseCode=? 
        and day=? 
        and period=? 
        and location=?
14:18:15,535 DEBUG BaseGeneralDataRegion:59 - Caching[foo.org.hibernate.cache.spi.UpdateTimestampsCache] : [CourseMeeting] -> [5579090966671360]
14:18:15,535 DEBUG SQL:104 - 
    delete 
    from
        Course 
    where
        courseCode=?
14:18:15,535 DEBUG BaseGeneralDataRegion:59 - Caching[foo.org.hibernate.cache.spi.UpdateTimestampsCache] : [Course] -> [5579090966671361]
14:18:15,535 DEBUG BaseGeneralDataRegion:59 - Caching[foo.org.hibernate.cache.spi.UpdateTimestampsCache] : [Student] -> [5579090720911362]
14:18:15,535 DEBUG BaseGeneralDataRegion:59 - Caching[foo.org.hibernate.cache.spi.UpdateTimestampsCache] : [Course] -> [5579090720911362]
14:18:15,536 DEBUG BaseGeneralDataRegion:59 - Caching[foo.org.hibernate.cache.spi.UpdateTimestampsCache] : [Enrolment] -> [5579090720911362]
14:18:15,536 DEBUG BaseGeneralDataRegion:59 - Caching[foo.org.hibernate.cache.spi.UpdateTimestampsCache] : [Student_secretCodes] -> [5579090720911362]
14:18:15,536 DEBUG BaseGeneralDataRegion:59 - Caching[foo.org.hibernate.cache.spi.UpdateTimestampsCache] : [Address] -> [5579090720911362]
14:18:15,536 DEBUG BaseGeneralDataRegion:59 - Caching[foo.org.hibernate.cache.spi.UpdateTimestampsCache] : [CourseMeeting] -> [5579090720911362]
14:18:15,536  INFO CustomRunner:139 - Test: testEntityWithUnaliasedJoinFetchedLazyOneToManySingleElementList
14:18:15,537 DEBUG SQL:104 - 
    select
        coursemeet_.courseCode,
        coursemeet_.day,
        coursemeet_.period,
        coursemeet_.location 
    from
        CourseMeeting coursemeet_ 
    where
        coursemeet_.courseCode=? 
        and coursemeet_.day=? 
        and coursemeet_.period=? 
        and coursemeet_.location=?
14:18:15,546 DEBUG SQL:104 - 
    select
        coursemeet_.courseCode,
        coursemeet_.day,
        coursemeet_.period,
        coursemeet_.location 
    from
        CourseMeeting coursemeet_ 
    where
        coursemeet_.courseCode=? 
        and coursemeet_.day=? 
        and coursemeet_.period=? 
        and coursemeet_.location=?
14:18:15,547 DEBUG SQL:104 - 
    insert 
    into
        Course
        (description, courseCode) 
    values
        (?, ?)
14:18:15,547 DEBUG BaseGeneralDataRegion:59 - Caching[foo.org.hibernate.cache.spi.UpdateTimestampsCache] : [Course] -> [5579090966720512]
14:18:15,548 DEBUG SQL:104 - 
    insert 
    into
        CourseMeeting
        (courseCode, day, period, location) 
    values
        (?, ?, ?, ?)
14:18:15,548 DEBUG BaseGeneralDataRegion:59 - Caching[foo.org.hibernate.cache.spi.UpdateTimestampsCache] : [CourseMeeting] -> [5579090966724608]
14:18:15,548 DEBUG SQL:104 - 
    insert 
    into
        CourseMeeting
        (courseCode, day, period, location) 
    values
        (?, ?, ?, ?)
14:18:15,548 DEBUG BaseGeneralDataRegion:59 - Caching[foo.org.hibernate.cache.spi.UpdateTimestampsCache] : [CourseMeeting] -> [5579090966724609]
14:18:15,548 DEBUG SQL:104 - 
    insert 
    into
        Student
        (name_first, name_middle, name_last, preferredCourseCode, studentId) 
    values
        (?, ?, ?, ?, ?)
14:18:15,548 DEBUG BaseGeneralDataRegion:59 - Caching[foo.org.hibernate.cache.spi.UpdateTimestampsCache] : [Student] -> [5579090966724610]
14:18:15,548 DEBUG SQL:104 - 
    insert 
    into
        Address
        (addressType, street, city, stateProvince, postalCode, country, studentNumber, id) 
    values
        (?, ?, ?, ?, ?, ?, ?, ?)
14:18:15,560 DEBUG BaseGeneralDataRegion:59 - Caching[foo.org.hibernate.cache.spi.UpdateTimestampsCache] : [Address] -> [5579090966773760]
14:18:15,561 DEBUG SQL:104 - 
    insert 
    into
        Address
        (addressType, street, city, stateProvince, postalCode, country, studentNumber, id) 
    values
        (?, ?, ?, ?, ?, ?, ?, ?)
14:18:15,561 DEBUG BaseGeneralDataRegion:59 - Caching[foo.org.hibernate.cache.spi.UpdateTimestampsCache] : [Address] -> [5579090966777856]
14:18:15,561 DEBUG SQL:104 - 
    insert 
    into
        Student
        (name_first, name_middle, name_last, preferredCourseCode, studentId) 
    values
        (?, ?, ?, ?, ?)
14:18:15,562 DEBUG BaseGeneralDataRegion:59 - Caching[foo.org.hibernate.cache.spi.UpdateTimestampsCache] : [Student] -> [5579090966781952]
14:18:15,562 DEBUG SQL:104 - 
    insert 
    into
        Enrolment
        (semester, "year", studentId, courseCode) 
    values
        (?, ?, ?, ?)
14:18:15,562 DEBUG BaseGeneralDataRegion:59 - Caching[foo.org.hibernate.cache.spi.UpdateTimestampsCache] : [Enrolment] -> [5579090966781953]
14:18:15,562 DEBUG SQL:104 - 
    insert 
    into
        Enrolment
        (semester, "year", studentId, courseCode) 
    values
        (?, ?, ?, ?)
14:18:15,571 DEBUG BaseGeneralDataRegion:59 - Caching[foo.org.hibernate.cache.spi.UpdateTimestampsCache] : [Enrolment] -> [5579090966818816]
14:18:15,571 DEBUG BaseGeneralDataRegion:59 - Caching[foo.org.hibernate.cache.spi.UpdateTimestampsCache] : [CourseMeeting] -> [5579090966818817]
14:18:15,571 DEBUG BaseGeneralDataRegion:59 - Caching[foo.org.hibernate.cache.spi.UpdateTimestampsCache] : [Enrolment] -> [5579090966818818]
14:18:15,571 DEBUG SQL:104 - 
    update
        Address 
    set
        studentNumber=?,
        addressType=? 
    where
        id=?
14:18:15,572 DEBUG SQL:104 - 
    update
        Address 
    set
        studentNumber=?,
        addressType=? 
    where
        id=?
14:18:15,573 DEBUG BaseGeneralDataRegion:59 - Caching[foo.org.hibernate.cache.spi.UpdateTimestampsCache] : [Address] -> [5579090966827008]
14:18:15,573 DEBUG SQL:104 - 
    insert 
    into
        Student_secretCodes
        (studentNumber, i, secretCode) 
    values
        (?, ?, ?)
14:18:15,573 DEBUG BaseGeneralDataRegion:59 - Caching[foo.org.hibernate.cache.spi.UpdateTimestampsCache] : [Student_secretCodes] -> [5579090966827009]
14:18:15,574 DEBUG BaseGeneralDataRegion:59 - Caching[foo.org.hibernate.cache.spi.UpdateTimestampsCache] : [Enrolment] -> [5579090966831104]
14:18:15,574 DEBUG BaseGeneralDataRegion:59 - Caching[foo.org.hibernate.cache.spi.UpdateTimestampsCache] : [Address] -> [5579090966831105]
14:18:15,574 DEBUG SQL:104 - 
    insert 
    into
        Student_secretCodes
        (studentNumber, i, secretCode) 
    values
        (?, ?, ?)
14:18:15,574 DEBUG SQL:104 - 
    insert 
    into
        Student_secretCodes
        (studentNumber, i, secretCode) 
    values
        (?, ?, ?)
14:18:15,594 DEBUG BaseGeneralDataRegion:59 - Caching[foo.org.hibernate.cache.spi.UpdateTimestampsCache] : [Student_secretCodes] -> [5579090966913024]
14:18:15,595 DEBUG BaseGeneralDataRegion:59 - Caching[foo.org.hibernate.cache.spi.UpdateTimestampsCache] : [Student] -> [5579090721157120]
14:18:15,595 DEBUG BaseGeneralDataRegion:59 - Caching[foo.org.hibernate.cache.spi.UpdateTimestampsCache] : [Course] -> [5579090721157120]
14:18:15,595 DEBUG BaseGeneralDataRegion:59 - Caching[foo.org.hibernate.cache.spi.UpdateTimestampsCache] : [Enrolment] -> [5579090721157120]
14:18:15,595 DEBUG BaseGeneralDataRegion:59 - Caching[foo.org.hibernate.cache.spi.UpdateTimestampsCache] : [Student_secretCodes] -> [5579090721157120]
14:18:15,595 DEBUG BaseGeneralDataRegion:59 - Caching[foo.org.hibernate.cache.spi.UpdateTimestampsCache] : [Address] -> [5579090721157120]
14:18:15,595 DEBUG BaseGeneralDataRegion:59 - Caching[foo.org.hibernate.cache.spi.UpdateTimestampsCache] : [CourseMeeting] -> [5579090721157120]
14:18:15,596 DEBUG SQL:104 - 
    select
        this_.studentId as studentId4_1_,
        this_.name_first as name2_4_1_,
        this_.name_middle as name3_4_1_,
        this_.name_last as name4_4_1_,
        this_.preferredCourseCode as preferre5_4_1_,
        enrolments2_.studentId as studentId4_3_,
        enrolments2_.studentId as studentId3_3_,
        enrolments2_.courseCode as courseCode3_3_,
        enrolments2_.studentId as studentId3_0_,
        enrolments2_.courseCode as courseCode3_0_,
        enrolments2_.semester as semester3_0_,
        enrolments2_."year" as year4_3_0_ 
    from
        Student this_ 
    left outer join
        Enrolment enrolments2_ 
            on this_.studentId=enrolments2_.studentId 
    order by
        this_.studentId asc
14:18:15,597 DEBUG SQL:104 - 
    select
        course0_.courseCode as courseCode1_0_,
        course0_.description as descript2_1_0_ 
    from
        Course course0_ 
    where
        course0_.courseCode=?
14:18:15,597 DEBUG SQL:104 - 
    select
        secretcode0_.studentNumber as studentN1_4_0_,
        secretcode0_.secretCode as secretCode5_0_,
        secretcode0_.i as i0_ 
    from
        Student_secretCodes secretcode0_ 
    where
        secretcode0_.studentNumber=?
14:18:15,598 DEBUG SQL:104 - 
    select
        secretcode0_.studentNumber as studentN1_4_0_,
        secretcode0_.secretCode as secretCode5_0_,
        secretcode0_.i as i0_ 
    from
        Student_secretCodes secretcode0_ 
    where
        secretcode0_.studentNumber=?
14:18:15,598 DEBUG SQL:104 - 
    select
        coursemeet0_.courseCode as courseCode1_1_,
        coursemeet0_.courseCode as courseCode2_1_,
        coursemeet0_.day as day2_1_,
        coursemeet0_.period as period2_1_,
        coursemeet0_.location as location2_1_,
        coursemeet0_.courseCode as courseCode2_0_,
        coursemeet0_.day as day2_0_,
        coursemeet0_.period as period2_0_,
        coursemeet0_.location as location2_0_ 
    from
        CourseMeeting coursemeet0_ 
    where
        coursemeet0_.courseCode=?
14:18:15,621 DEBUG BaseGeneralDataRegion:59 - Caching[foo.org.hibernate.cache.internal.StandardQueryCache] : [sql: select this_.studentId as studentId4_1_, this_.name_first as name2_4_1_, this_.name_middle as name3_4_1_, this_.name_last as name4_4_1_, this_.preferredCourseCode as preferre5_4_1_, enrolments2_.studentId as studentId4_3_, enrolments2_.studentId as studentId3_3_, enrolments2_.courseCode as courseCode3_3_, enrolments2_.studentId as studentId3_0_, enrolments2_.courseCode as courseCode3_0_, enrolments2_.semester as semester3_0_, enrolments2_."year" as year4_3_0_ from Student this_ left outer join Enrolment enrolments2_ on this_.studentId=enrolments2_.studentId order by this_.studentId asc; parameters: ; transformer: org.hibernate.transform.CacheableResultTransformer@13a525] -> [[5579090721259520, 111, 999]]
14:18:15,622 DEBUG SQL:104 - 
    select
        this_.studentId as studentId4_1_,
        this_.name_first as name2_4_1_,
        this_.name_middle as name3_4_1_,
        this_.name_last as name4_4_1_,
        this_.preferredCourseCode as preferre5_4_1_,
        enrolments2_.studentId as studentId4_3_,
        enrolments2_.studentId as studentId3_3_,
        enrolments2_.courseCode as courseCode3_3_,
        enrolments2_.studentId as studentId3_0_,
        enrolments2_.courseCode as courseCode3_0_,
        enrolments2_.semester as semester3_0_,
        enrolments2_."year" as year4_3_0_ 
    from
        Student this_ 
    left outer join
        Enrolment enrolments2_ 
            on this_.studentId=enrolments2_.studentId 
    order by
        this_.studentId asc
14:18:15,622 DEBUG SQL:104 - 
    select
        course0_.courseCode as courseCode1_0_,
        course0_.description as descript2_1_0_ 
    from
        Course course0_ 
    where
        course0_.courseCode=?
14:18:15,631 DEBUG SQL:104 - 
    select
        secretcode0_.studentNumber as studentN1_4_0_,
        secretcode0_.secretCode as secretCode5_0_,
        secretcode0_.i as i0_ 
    from
        Student_secretCodes secretcode0_ 
    where
        secretcode0_.studentNumber=?
14:18:15,632 DEBUG SQL:104 - 
    select
        secretcode0_.studentNumber as studentN1_4_0_,
        secretcode0_.secretCode as secretCode5_0_,
        secretcode0_.i as i0_ 
    from
        Student_secretCodes secretcode0_ 
    where
        secretcode0_.studentNumber=?
14:18:15,632 DEBUG SQL:104 - 
    select
        coursemeet0_.courseCode as courseCode1_1_,
        coursemeet0_.courseCode as courseCode2_1_,
        coursemeet0_.day as day2_1_,
        coursemeet0_.period as period2_1_,
        coursemeet0_.location as location2_1_,
        coursemeet0_.courseCode as courseCode2_0_,
        coursemeet0_.day as day2_0_,
        coursemeet0_.period as period2_0_,
        coursemeet0_.location as location2_0_ 
    from
        CourseMeeting coursemeet0_ 
    where
        coursemeet0_.courseCode=?
14:18:15,640 DEBUG BaseGeneralDataRegion:59 - Caching[foo.org.hibernate.cache.internal.StandardQueryCache] : [sql: select this_.studentId as studentId4_1_, this_.name_first as name2_4_1_, this_.name_middle as name3_4_1_, this_.name_last as name4_4_1_, this_.preferredCourseCode as preferre5_4_1_, enrolments2_.studentId as studentId4_3_, enrolments2_.studentId as studentId3_3_, enrolments2_.courseCode as courseCode3_3_, enrolments2_.studentId as studentId3_0_, enrolments2_.courseCode as courseCode3_0_, enrolments2_.semester as semester3_0_, enrolments2_."year" as year4_3_0_ from Student this_ left outer join Enrolment enrolments2_ on this_.studentId=enrolments2_.studentId order by this_.studentId asc; parameters: ; transformer: org.hibernate.transform.CacheableResultTransformer@13a525] -> [[5579090721341440, 111, 999]]
14:18:15,641 DEBUG SQL:104 - 
    select
        student_.studentId,
        student_.name_first as name2_4_,
        student_.name_middle as name3_4_,
        student_.name_last as name4_4_,
        student_.preferredCourseCode as preferre5_4_ 
    from
        Student student_ 
    where
        student_.studentId=?
14:18:15,642 DEBUG SQL:104 - 
    select
        enrolment_.studentId,
        enrolment_.courseCode,
        enrolment_.semester as semester3_,
        enrolment_."year" as year4_3_ 
    from
        Enrolment enrolment_ 
    where
        enrolment_.studentId=? 
        and enrolment_.courseCode=?
14:18:15,642 DEBUG SQL:104 - 
    select
        course_.courseCode,
        course_.description as descript2_1_ 
    from
        Course course_ 
    where
        course_.courseCode=?
14:18:15,650 DEBUG SQL:104 - 
    select
        student_.studentId,
        student_.name_first as name2_4_,
        student_.name_middle as name3_4_,
        student_.name_last as name4_4_,
        student_.preferredCourseCode as preferre5_4_ 
    from
        Student student_ 
    where
        student_.studentId=?
14:18:15,651 DEBUG SQL:104 - 
    select
        enrolment_.studentId,
        enrolment_.courseCode,
        enrolment_.semester as semester3_,
        enrolment_."year" as year4_3_ 
    from
        Enrolment enrolment_ 
    where
        enrolment_.studentId=? 
        and enrolment_.courseCode=?
14:18:15,651 DEBUG SQL:104 - 
    select
        coursemeet_.courseCode,
        coursemeet_.day,
        coursemeet_.period,
        coursemeet_.location 
    from
        CourseMeeting coursemeet_ 
    where
        coursemeet_.courseCode=? 
        and coursemeet_.day=? 
        and coursemeet_.period=? 
        and coursemeet_.location=?
14:18:15,661 DEBUG SQL:104 - 
    select
        coursemeet_.courseCode,
        coursemeet_.day,
        coursemeet_.period,
        coursemeet_.location 
    from
        CourseMeeting coursemeet_ 
    where
        coursemeet_.courseCode=? 
        and coursemeet_.day=? 
        and coursemeet_.period=? 
        and coursemeet_.location=?
14:18:15,662 DEBUG BaseGeneralDataRegion:59 - Caching[foo.org.hibernate.cache.spi.UpdateTimestampsCache] : [Enrolment] -> [5579090967191552]
14:18:15,662 DEBUG SQL:104 - 
    update
        Address 
    set
        studentNumber=null,
        addressType=null 
    where
        studentNumber=?
14:18:15,671 DEBUG BaseGeneralDataRegion:59 - Caching[foo.org.hibernate.cache.spi.UpdateTimestampsCache] : [Address] -> [5579090967228416]
14:18:15,672 DEBUG SQL:104 - 
    delete 
    from
        Student_secretCodes 
    where
        studentNumber=?
14:18:15,672 DEBUG BaseGeneralDataRegion:59 - Caching[foo.org.hibernate.cache.spi.UpdateTimestampsCache] : [Student_secretCodes] -> [5579090967232512]
14:18:15,672 DEBUG BaseGeneralDataRegion:59 - Caching[foo.org.hibernate.cache.spi.UpdateTimestampsCache] : [Enrolment] -> [5579090967232513]
14:18:15,672 DEBUG BaseGeneralDataRegion:59 - Caching[foo.org.hibernate.cache.spi.UpdateTimestampsCache] : [Address] -> [5579090967232514]
14:18:15,672 DEBUG SQL:104 - 
    delete 
    from
        Student_secretCodes 
    where
        studentNumber=?
14:18:15,672 DEBUG BaseGeneralDataRegion:59 - Caching[foo.org.hibernate.cache.spi.UpdateTimestampsCache] : [Student_secretCodes] -> [5579090967232515]
14:18:15,672 DEBUG BaseGeneralDataRegion:59 - Caching[foo.org.hibernate.cache.spi.UpdateTimestampsCache] : [CourseMeeting] -> [5579090967232516]
14:18:15,672 DEBUG SQL:104 - 
    delete 
    from
        Enrolment 
    where
        studentId=? 
        and courseCode=?
14:18:15,673 DEBUG BaseGeneralDataRegion:59 - Caching[foo.org.hibernate.cache.spi.UpdateTimestampsCache] : [Enrolment] -> [5579090967236608]
14:18:15,673 DEBUG SQL:104 - 
    delete 
    from
        Address 
    where
        id=?
14:18:15,673 DEBUG BaseGeneralDataRegion:59 - Caching[foo.org.hibernate.cache.spi.UpdateTimestampsCache] : [Address] -> [5579090967236609]
14:18:15,673 DEBUG SQL:104 - 
    delete 
    from
        Address 
    where
        id=?
14:18:15,673 DEBUG BaseGeneralDataRegion:59 - Caching[foo.org.hibernate.cache.spi.UpdateTimestampsCache] : [Address] -> [5579090967236610]
14:18:15,673 DEBUG SQL:104 - 
    delete 
    from
        Student 
    where
        studentId=?
14:18:15,673 DEBUG BaseGeneralDataRegion:59 - Caching[foo.org.hibernate.cache.spi.UpdateTimestampsCache] : [Student] -> [5579090967236611]
14:18:15,674 DEBUG SQL:104 - 
    delete 
    from
        Enrolment 
    where
        studentId=? 
        and courseCode=?
14:18:15,674 DEBUG BaseGeneralDataRegion:59 - Caching[foo.org.hibernate.cache.spi.UpdateTimestampsCache] : [Enrolment] -> [5579090967240704]
14:18:15,674 DEBUG SQL:104 - 
    delete 
    from
        Student 
    where
        studentId=?
14:18:15,684 DEBUG BaseGeneralDataRegion:59 - Caching[foo.org.hibernate.cache.spi.UpdateTimestampsCache] : [Student] -> [5579090967281664]
14:18:15,684 DEBUG SQL:104 - 
    delete 
    from
        CourseMeeting 
    where
        courseCode=? 
        and day=? 
        and period=? 
        and location=?
14:18:15,685 DEBUG BaseGeneralDataRegion:59 - Caching[foo.org.hibernate.cache.spi.UpdateTimestampsCache] : [CourseMeeting] -> [5579090967285760]
14:18:15,685 DEBUG SQL:104 - 
    delete 
    from
        CourseMeeting 
    where
        courseCode=? 
        and day=? 
        and period=? 
        and location=?
14:18:15,685 DEBUG BaseGeneralDataRegion:59 - Caching[foo.org.hibernate.cache.spi.UpdateTimestampsCache] : [CourseMeeting] -> [5579090967285761]
14:18:15,685 DEBUG SQL:104 - 
    delete 
    from
        Course 
    where
        courseCode=?
14:18:15,694 DEBUG BaseGeneralDataRegion:59 - Caching[foo.org.hibernate.cache.spi.UpdateTimestampsCache] : [Course] -> [5579090967322624]
14:18:15,695 DEBUG BaseGeneralDataRegion:59 - Caching[foo.org.hibernate.cache.spi.UpdateTimestampsCache] : [Student] -> [5579090721566720]
14:18:15,695 DEBUG BaseGeneralDataRegion:59 - Caching[foo.org.hibernate.cache.spi.UpdateTimestampsCache] : [Course] -> [5579090721566720]
14:18:15,695 DEBUG BaseGeneralDataRegion:59 - Caching[foo.org.hibernate.cache.spi.UpdateTimestampsCache] : [Enrolment] -> [5579090721566720]
14:18:15,695 DEBUG BaseGeneralDataRegion:59 - Caching[foo.org.hibernate.cache.spi.UpdateTimestampsCache] : [Student_secretCodes] -> [5579090721566720]
14:18:15,695 DEBUG BaseGeneralDataRegion:59 - Caching[foo.org.hibernate.cache.spi.UpdateTimestampsCache] : [Address] -> [5579090721566720]
14:18:15,757 DEBUG BaseGeneralDataRegion:59 - Caching[foo.org.hibernate.cache.spi.UpdateTimestampsCache] : [CourseMeeting] -> [5579090721566720]
14:18:15,758  INFO CustomRunner:139 - Test: testJoinWithFetchJoinListCriteria
14:18:15,759 DEBUG SQL:104 - 
    select
        coursemeet_.courseCode,
        coursemeet_.day,
        coursemeet_.period,
        coursemeet_.location 
    from
        CourseMeeting coursemeet_ 
    where
        coursemeet_.courseCode=? 
        and coursemeet_.day=? 
        and coursemeet_.period=? 
        and coursemeet_.location=?
14:18:15,760 DEBUG SQL:104 - 
    select
        coursemeet_.courseCode,
        coursemeet_.day,
        coursemeet_.period,
        coursemeet_.location 
    from
        CourseMeeting coursemeet_ 
    where
        coursemeet_.courseCode=? 
        and coursemeet_.day=? 
        and coursemeet_.period=? 
        and coursemeet_.location=?
14:18:15,761 DEBUG SQL:104 - 
    insert 
    into
        Course
        (description, courseCode) 
    values
        (?, ?)
14:18:15,761 DEBUG BaseGeneralDataRegion:59 - Caching[foo.org.hibernate.cache.spi.UpdateTimestampsCache] : [Course] -> [5579090967597056]
14:18:15,761 DEBUG SQL:104 - 
    insert 
    into
        CourseMeeting
        (courseCode, day, period, location) 
    values
        (?, ?, ?, ?)
14:18:15,762 DEBUG BaseGeneralDataRegion:59 - Caching[foo.org.hibernate.cache.spi.UpdateTimestampsCache] : [CourseMeeting] -> [5579090967601152]
14:18:15,762 DEBUG SQL:104 - 
    insert 
    into
        CourseMeeting
        (courseCode, day, period, location) 
    values
        (?, ?, ?, ?)
14:18:15,762 DEBUG BaseGeneralDataRegion:59 - Caching[foo.org.hibernate.cache.spi.UpdateTimestampsCache] : [CourseMeeting] -> [5579090967601153]
14:18:15,762 DEBUG SQL:104 - 
    insert 
    into
        Student
        (name_first, name_middle, name_last, preferredCourseCode, studentId) 
    values
        (?, ?, ?, ?, ?)
14:18:15,762 DEBUG BaseGeneralDataRegion:59 - Caching[foo.org.hibernate.cache.spi.UpdateTimestampsCache] : [Student] -> [5579090967601154]
14:18:15,762 DEBUG SQL:104 - 
    insert 
    into
        Address
        (addressType, street, city, stateProvince, postalCode, country, studentNumber, id) 
    values
        (?, ?, ?, ?, ?, ?, ?, ?)
14:18:15,763 DEBUG BaseGeneralDataRegion:59 - Caching[foo.org.hibernate.cache.spi.UpdateTimestampsCache] : [Address] -> [5579090967605248]
14:18:15,763 DEBUG SQL:104 - 
    insert 
    into
        Address
        (addressType, street, city, stateProvince, postalCode, country, studentNumber, id) 
    values
        (?, ?, ?, ?, ?, ?, ?, ?)
14:18:15,763 DEBUG BaseGeneralDataRegion:59 - Caching[foo.org.hibernate.cache.spi.UpdateTimestampsCache] : [Address] -> [5579090967605249]
14:18:15,763 DEBUG SQL:104 - 
    insert 
    into
        Student
        (name_first, name_middle, name_last, preferredCourseCode, studentId) 
    values
        (?, ?, ?, ?, ?)
14:18:15,763 DEBUG BaseGeneralDataRegion:59 - Caching[foo.org.hibernate.cache.spi.UpdateTimestampsCache] : [Student] -> [5579090967605250]
14:18:15,764 DEBUG SQL:104 - 
    insert 
    into
        Enrolment
        (semester, "year", studentId, courseCode) 
    values
        (?, ?, ?, ?)
14:18:15,764 DEBUG BaseGeneralDataRegion:59 - Caching[foo.org.hibernate.cache.spi.UpdateTimestampsCache] : [Enrolment] -> [5579090967609344]
14:18:15,764 DEBUG SQL:104 - 
    insert 
    into
        Enrolment
        (semester, "year", studentId, courseCode) 
    values
        (?, ?, ?, ?)
14:18:15,764 DEBUG BaseGeneralDataRegion:59 - Caching[foo.org.hibernate.cache.spi.UpdateTimestampsCache] : [Enrolment] -> [5579090967609345]
14:18:15,764 DEBUG BaseGeneralDataRegion:59 - Caching[foo.org.hibernate.cache.spi.UpdateTimestampsCache] : [CourseMeeting] -> [5579090967609346]
14:18:15,764 DEBUG BaseGeneralDataRegion:59 - Caching[foo.org.hibernate.cache.spi.UpdateTimestampsCache] : [Enrolment] -> [5579090967609347]
14:18:15,765 DEBUG SQL:104 - 
    update
        Address 
    set
        studentNumber=?,
        addressType=? 
    where
        id=?
14:18:15,765 DEBUG SQL:104 - 
    update
        Address 
    set
        studentNumber=?,
        addressType=? 
    where
        id=?
14:18:15,765 DEBUG BaseGeneralDataRegion:59 - Caching[foo.org.hibernate.cache.spi.UpdateTimestampsCache] : [Address] -> [5579090967613440]
14:18:15,765 DEBUG SQL:104 - 
    insert 
    into
        Student_secretCodes
        (studentNumber, i, secretCode) 
    values
        (?, ?, ?)
14:18:15,765 DEBUG BaseGeneralDataRegion:59 - Caching[foo.org.hibernate.cache.spi.UpdateTimestampsCache] : [Student_secretCodes] -> [5579090967613441]
14:18:15,765 DEBUG BaseGeneralDataRegion:59 - Caching[foo.org.hibernate.cache.spi.UpdateTimestampsCache] : [Enrolment] -> [5579090967613442]
14:18:15,766 DEBUG BaseGeneralDataRegion:59 - Caching[foo.org.hibernate.cache.spi.UpdateTimestampsCache] : [Address] -> [5579090967617536]
14:18:15,766 DEBUG SQL:104 - 
    insert 
    into
        Student_secretCodes
        (studentNumber, i, secretCode) 
    values
        (?, ?, ?)
14:18:15,766 DEBUG SQL:104 - 
    insert 
    into
        Student_secretCodes
        (studentNumber, i, secretCode) 
    values
        (?, ?, ?)
14:18:15,766 DEBUG BaseGeneralDataRegion:59 - Caching[foo.org.hibernate.cache.spi.UpdateTimestampsCache] : [Student_secretCodes] -> [5579090967617537]
14:18:15,766 DEBUG BaseGeneralDataRegion:59 - Caching[foo.org.hibernate.cache.spi.UpdateTimestampsCache] : [Student] -> [5579090721857538]
14:18:15,766 DEBUG BaseGeneralDataRegion:59 - Caching[foo.org.hibernate.cache.spi.UpdateTimestampsCache] : [Course] -> [5579090721857538]
14:18:15,766 DEBUG BaseGeneralDataRegion:59 - Caching[foo.org.hibernate.cache.spi.UpdateTimestampsCache] : [Enrolment] -> [5579090721857538]
14:18:15,766 DEBUG BaseGeneralDataRegion:59 - Caching[foo.org.hibernate.cache.spi.UpdateTimestampsCache] : [Student_secretCodes] -> [5579090721857538]
14:18:15,767 DEBUG BaseGeneralDataRegion:59 - Caching[foo.org.hibernate.cache.spi.UpdateTimestampsCache] : [Address] -> [5579090721857538]
14:18:15,767 DEBUG BaseGeneralDataRegion:59 - Caching[foo.org.hibernate.cache.spi.UpdateTimestampsCache] : [CourseMeeting] -> [5579090721857538]
14:18:15,767 DEBUG SQL:104 - 
    select
        this_.studentId as studentId4_2_,
        this_.name_first as name2_4_2_,
        this_.name_middle as name3_4_2_,
        this_.name_last as name4_4_2_,
        this_.preferredCourseCode as preferre5_4_2_,
        enrolments3_.studentId as studentId4_4_,
        enrolments3_.studentId as studentId3_4_,
        enrolments3_.courseCode as courseCode3_4_,
        enrolments3_.studentId as studentId3_0_,
        enrolments3_.courseCode as courseCode3_0_,
        enrolments3_.semester as semester3_0_,
        enrolments3_."year" as year4_3_0_,
        pc1_.courseCode as courseCode1_1_,
        pc1_.description as descript2_1_1_ 
    from
        Student this_ 
    left outer join
        Enrolment enrolments3_ 
            on this_.studentId=enrolments3_.studentId 
    left outer join
        Course pc1_ 
            on this_.preferredCourseCode=pc1_.courseCode 
    order by
        this_.studentId asc
14:18:15,768 DEBUG SQL:104 - 
    select
        secretcode0_.studentNumber as studentN1_4_0_,
        secretcode0_.secretCode as secretCode5_0_,
        secretcode0_.i as i0_ 
    from
        Student_secretCodes secretcode0_ 
    where
        secretcode0_.studentNumber=?
14:18:15,786 DEBUG SQL:104 - 
    select
        secretcode0_.studentNumber as studentN1_4_0_,
        secretcode0_.secretCode as secretCode5_0_,
        secretcode0_.i as i0_ 
    from
        Student_secretCodes secretcode0_ 
    where
        secretcode0_.studentNumber=?
14:18:15,787 DEBUG SQL:104 - 
    select
        coursemeet0_.courseCode as courseCode1_1_,
        coursemeet0_.courseCode as courseCode2_1_,
        coursemeet0_.day as day2_1_,
        coursemeet0_.period as period2_1_,
        coursemeet0_.location as location2_1_,
        coursemeet0_.courseCode as courseCode2_0_,
        coursemeet0_.day as day2_0_,
        coursemeet0_.period as period2_0_,
        coursemeet0_.location as location2_0_ 
    from
        CourseMeeting coursemeet0_ 
    where
        coursemeet0_.courseCode=?
14:18:15,788 DEBUG BaseGeneralDataRegion:59 - Caching[foo.org.hibernate.cache.internal.StandardQueryCache] : [sql: select this_.studentId as studentId4_2_, this_.name_first as name2_4_2_, this_.name_middle as name3_4_2_, this_.name_last as name4_4_2_, this_.preferredCourseCode as preferre5_4_2_, enrolments3_.studentId as studentId4_4_, enrolments3_.studentId as studentId3_4_, enrolments3_.courseCode as courseCode3_4_, enrolments3_.studentId as studentId3_0_, enrolments3_.courseCode as courseCode3_0_, enrolments3_.semester as semester3_0_, enrolments3_."year" as year4_3_0_, pc1_.courseCode as courseCode1_1_, pc1_.description as descript2_1_1_ from Student this_ left outer join Enrolment enrolments3_ on this_.studentId=enrolments3_.studentId left outer join Course pc1_ on this_.preferredCourseCode=pc1_.courseCode order by this_.studentId asc; parameters: ; transformer: org.hibernate.transform.CacheableResultTransformer@253f54b] -> [[5579090721947648, 111, 999]]
14:18:15,789 DEBUG SQL:104 - 
    select
        this_.studentId as studentId4_2_,
        this_.name_first as name2_4_2_,
        this_.name_middle as name3_4_2_,
        this_.name_last as name4_4_2_,
        this_.preferredCourseCode as preferre5_4_2_,
        enrolments3_.studentId as studentId4_4_,
        enrolments3_.studentId as studentId3_4_,
        enrolments3_.courseCode as courseCode3_4_,
        enrolments3_.studentId as studentId3_0_,
        enrolments3_.courseCode as courseCode3_0_,
        enrolments3_.semester as semester3_0_,
        enrolments3_."year" as year4_3_0_,
        pc1_.courseCode as courseCode1_1_,
        pc1_.description as descript2_1_1_ 
    from
        Student this_ 
    left outer join
        Enrolment enrolments3_ 
            on this_.studentId=enrolments3_.studentId 
    left outer join
        Course pc1_ 
            on this_.preferredCourseCode=pc1_.courseCode 
    order by
        this_.studentId asc
14:18:15,799 DEBUG SQL:104 - 
    select
        secretcode0_.studentNumber as studentN1_4_0_,
        secretcode0_.secretCode as secretCode5_0_,
        secretcode0_.i as i0_ 
    from
        Student_secretCodes secretcode0_ 
    where
        secretcode0_.studentNumber=?
14:18:15,799 DEBUG SQL:104 - 
    select
        secretcode0_.studentNumber as studentN1_4_0_,
        secretcode0_.secretCode as secretCode5_0_,
        secretcode0_.i as i0_ 
    from
        Student_secretCodes secretcode0_ 
    where
        secretcode0_.studentNumber=?
14:18:15,799 DEBUG SQL:104 - 
    select
        coursemeet0_.courseCode as courseCode1_1_,
        coursemeet0_.courseCode as courseCode2_1_,
        coursemeet0_.day as day2_1_,
        coursemeet0_.period as period2_1_,
        coursemeet0_.location as location2_1_,
        coursemeet0_.courseCode as courseCode2_0_,
        coursemeet0_.day as day2_0_,
        coursemeet0_.period as period2_0_,
        coursemeet0_.location as location2_0_ 
    from
        CourseMeeting coursemeet0_ 
    where
        coursemeet0_.courseCode=?
14:18:15,800 DEBUG BaseGeneralDataRegion:59 - Caching[foo.org.hibernate.cache.internal.StandardQueryCache] : [sql: select this_.studentId as studentId4_2_, this_.name_first as name2_4_2_, this_.name_middle as name3_4_2_, this_.name_last as name4_4_2_, this_.preferredCourseCode as preferre5_4_2_, enrolments3_.studentId as studentId4_4_, enrolments3_.studentId as studentId3_4_, enrolments3_.courseCode as courseCode3_4_, enrolments3_.studentId as studentId3_0_, enrolments3_.courseCode as courseCode3_0_, enrolments3_.semester as semester3_0_, enrolments3_."year" as year4_3_0_, pc1_.courseCode as courseCode1_1_, pc1_.description as descript2_1_1_ from Student this_ left outer join Enrolment enrolments3_ on this_.studentId=enrolments3_.studentId left outer join Course pc1_ on this_.preferredCourseCode=pc1_.courseCode order by this_.studentId asc; parameters: ; transformer: org.hibernate.transform.CacheableResultTransformer@253f54b] -> [[5579090721996800, 111, 999]]
14:18:15,800 DEBUG SQL:104 - 
    select
        student_.studentId,
        student_.name_first as name2_4_,
        student_.name_middle as name3_4_,
        student_.name_last as name4_4_,
        student_.preferredCourseCode as preferre5_4_ 
    from
        Student student_ 
    where
        student_.studentId=?
14:18:15,836 DEBUG SQL:104 - 
    select
        enrolment_.studentId,
        enrolment_.courseCode,
        enrolment_.semester as semester3_,
        enrolment_."year" as year4_3_ 
    from
        Enrolment enrolment_ 
    where
        enrolment_.studentId=? 
        and enrolment_.courseCode=?
14:18:15,838 DEBUG SQL:104 - 
    select
        course_.courseCode,
        course_.description as descript2_1_ 
    from
        Course course_ 
    where
        course_.courseCode=?
14:18:15,838 DEBUG SQL:104 - 
    select
        student_.studentId,
        student_.name_first as name2_4_,
        student_.name_middle as name3_4_,
        student_.name_last as name4_4_,
        student_.preferredCourseCode as preferre5_4_ 
    from
        Student student_ 
    where
        student_.studentId=?
14:18:15,847 DEBUG SQL:104 - 
    select
        enrolment_.studentId,
        enrolment_.courseCode,
        enrolment_.semester as semester3_,
        enrolment_."year" as year4_3_ 
    from
        Enrolment enrolment_ 
    where
        enrolment_.studentId=? 
        and enrolment_.courseCode=?
14:18:15,848 DEBUG SQL:104 - 
    select
        coursemeet_.courseCode,
        coursemeet_.day,
        coursemeet_.period,
        coursemeet_.location 
    from
        CourseMeeting coursemeet_ 
    where
        coursemeet_.courseCode=? 
        and coursemeet_.day=? 
        and coursemeet_.period=? 
        and coursemeet_.location=?
14:18:15,849 DEBUG SQL:104 - 
    select
        coursemeet_.courseCode,
        coursemeet_.day,
        coursemeet_.period,
        coursemeet_.location 
    from
        CourseMeeting coursemeet_ 
    where
        coursemeet_.courseCode=? 
        and coursemeet_.day=? 
        and coursemeet_.period=? 
        and coursemeet_.location=?
14:18:15,850 DEBUG BaseGeneralDataRegion:59 - Caching[foo.org.hibernate.cache.spi.UpdateTimestampsCache] : [Enrolment] -> [5579090967961600]
14:18:15,851 DEBUG SQL:104 - 
    update
        Address 
    set
        studentNumber=null,
        addressType=null 
    where
        studentNumber=?
14:18:15,871 DEBUG BaseGeneralDataRegion:59 - Caching[foo.org.hibernate.cache.spi.UpdateTimestampsCache] : [Address] -> [5579090968047616]
14:18:15,871 DEBUG SQL:104 - 
    delete 
    from
        Student_secretCodes 
    where
        studentNumber=?
14:18:15,872 DEBUG BaseGeneralDataRegion:59 - Caching[foo.org.hibernate.cache.spi.UpdateTimestampsCache] : [Student_secretCodes] -> [5579090968051712]
14:18:15,872 DEBUG BaseGeneralDataRegion:59 - Caching[foo.org.hibernate.cache.spi.UpdateTimestampsCache] : [Enrolment] -> [5579090968051713]
14:18:15,872 DEBUG BaseGeneralDataRegion:59 - Caching[foo.org.hibernate.cache.spi.UpdateTimestampsCache] : [Address] -> [5579090968051714]
14:18:15,872 DEBUG SQL:104 - 
    delete 
    from
        Student_secretCodes 
    where
        studentNumber=?
14:18:15,872 DEBUG BaseGeneralDataRegion:59 - Caching[foo.org.hibernate.cache.spi.UpdateTimestampsCache] : [Student_secretCodes] -> [5579090968051715]
14:18:15,872 DEBUG BaseGeneralDataRegion:59 - Caching[foo.org.hibernate.cache.spi.UpdateTimestampsCache] : [CourseMeeting] -> [5579090968051716]
14:18:15,872 DEBUG SQL:104 - 
    delete 
    from
        Enrolment 
    where
        studentId=? 
        and courseCode=?
14:18:15,880 DEBUG BaseGeneralDataRegion:59 - Caching[foo.org.hibernate.cache.spi.UpdateTimestampsCache] : [Enrolment] -> [5579090968084480]
14:18:15,881 DEBUG SQL:104 - 
    delete 
    from
        Address 
    where
        id=?
14:18:15,881 DEBUG BaseGeneralDataRegion:59 - Caching[foo.org.hibernate.cache.spi.UpdateTimestampsCache] : [Address] -> [5579090968088576]
14:18:15,881 DEBUG SQL:104 - 
    delete 
    from
        Address 
    where
        id=?
14:18:15,881 DEBUG BaseGeneralDataRegion:59 - Caching[foo.org.hibernate.cache.spi.UpdateTimestampsCache] : [Address] -> [5579090968088577]
14:18:15,881 DEBUG SQL:104 - 
    delete 
    from
        Student 
    where
        studentId=?
14:18:15,881 DEBUG BaseGeneralDataRegion:59 - Caching[foo.org.hibernate.cache.spi.UpdateTimestampsCache] : [Student] -> [5579090968088578]
14:18:15,881 DEBUG SQL:104 - 
    delete 
    from
        Enrolment 
    where
        studentId=? 
        and courseCode=?
14:18:15,892 DEBUG BaseGeneralDataRegion:59 - Caching[foo.org.hibernate.cache.spi.UpdateTimestampsCache] : [Enrolment] -> [5579090968133632]
14:18:15,892 DEBUG SQL:104 - 
    delete 
    from
        Student 
    where
        studentId=?
14:18:15,892 DEBUG BaseGeneralDataRegion:59 - Caching[foo.org.hibernate.cache.spi.UpdateTimestampsCache] : [Student] -> [5579090968133633]
14:18:15,892 DEBUG SQL:104 - 
    delete 
    from
        CourseMeeting 
    where
        courseCode=? 
        and day=? 
        and period=? 
        and location=?
14:18:15,892 DEBUG BaseGeneralDataRegion:59 - Caching[foo.org.hibernate.cache.spi.UpdateTimestampsCache] : [CourseMeeting] -> [5579090968133634]
14:18:15,892 DEBUG SQL:104 - 
    delete 
    from
        CourseMeeting 
    where
        courseCode=? 
        and day=? 
        and period=? 
        and location=?
14:18:15,893 DEBUG BaseGeneralDataRegion:59 - Caching[foo.org.hibernate.cache.spi.UpdateTimestampsCache] : [CourseMeeting] -> [5579090968137728]
14:18:15,893 DEBUG SQL:104 - 
    delete 
    from
        Course 
    where
        courseCode=?
14:18:15,901 DEBUG BaseGeneralDataRegion:59 - Caching[foo.org.hibernate.cache.spi.UpdateTimestampsCache] : [Course] -> [5579090968170496]
14:18:15,902 DEBUG BaseGeneralDataRegion:59 - Caching[foo.org.hibernate.cache.spi.UpdateTimestampsCache] : [Student] -> [5579090722414592]
14:18:15,902 DEBUG BaseGeneralDataRegion:59 - Caching[foo.org.hibernate.cache.spi.UpdateTimestampsCache] : [Course] -> [5579090722414592]
14:18:15,902 DEBUG BaseGeneralDataRegion:59 - Caching[foo.org.hibernate.cache.spi.UpdateTimestampsCache] : [Enrolment] -> [5579090722414592]
14:18:15,902 DEBUG BaseGeneralDataRegion:59 - Caching[foo.org.hibernate.cache.spi.UpdateTimestampsCache] : [Student_secretCodes] -> [5579090722414592]
14:18:15,902 DEBUG BaseGeneralDataRegion:59 - Caching[foo.org.hibernate.cache.spi.UpdateTimestampsCache] : [Address] -> [5579090722414592]
14:18:15,902 DEBUG BaseGeneralDataRegion:59 - Caching[foo.org.hibernate.cache.spi.UpdateTimestampsCache] : [CourseMeeting] -> [5579090722414592]
14:18:15,903  INFO CustomRunner:139 - Test: testJoinWithFetchJoinListHql
14:18:15,903 DEBUG SQL:104 - 
    select
        coursemeet_.courseCode,
        coursemeet_.day,
        coursemeet_.period,
        coursemeet_.location 
    from
        CourseMeeting coursemeet_ 
    where
        coursemeet_.courseCode=? 
        and coursemeet_.day=? 
        and coursemeet_.period=? 
        and coursemeet_.location=?
14:18:15,904 DEBUG SQL:104 - 
    select
        coursemeet_.courseCode,
        coursemeet_.day,
        coursemeet_.period,
        coursemeet_.location 
    from
        CourseMeeting coursemeet_ 
    where
        coursemeet_.courseCode=? 
        and coursemeet_.day=? 
        and coursemeet_.period=? 
        and coursemeet_.location=?
14:18:15,913 DEBUG SQL:104 - 
    insert 
    into
        Course
        (description, courseCode) 
    values
        (?, ?)
14:18:15,913 DEBUG BaseGeneralDataRegion:59 - Caching[foo.org.hibernate.cache.spi.UpdateTimestampsCache] : [Course] -> [5579090968219648]
14:18:15,913 DEBUG SQL:104 - 
    insert 
    into
        CourseMeeting
        (courseCode, day, period, location) 
    values
        (?, ?, ?, ?)
14:18:15,913 DEBUG BaseGeneralDataRegion:59 - Caching[foo.org.hibernate.cache.spi.UpdateTimestampsCache] : [CourseMeeting] -> [5579090968219649]
14:18:15,914 DEBUG SQL:104 - 
    insert 
    into
        CourseMeeting
        (courseCode, day, period, location) 
    values
        (?, ?, ?, ?)
14:18:15,922 DEBUG BaseGeneralDataRegion:59 - Caching[foo.org.hibernate.cache.spi.UpdateTimestampsCache] : [CourseMeeting] -> [5579090968256512]
14:18:15,922 DEBUG SQL:104 - 
    insert 
    into
        Student
        (name_first, name_middle, name_last, preferredCourseCode, studentId) 
    values
        (?, ?, ?, ?, ?)
14:18:15,922 DEBUG BaseGeneralDataRegion:59 - Caching[foo.org.hibernate.cache.spi.UpdateTimestampsCache] : [Student] -> [5579090968256513]
14:18:15,923 DEBUG SQL:104 - 
    insert 
    into
        Address
        (addressType, street, city, stateProvince, postalCode, country, studentNumber, id) 
    values
        (?, ?, ?, ?, ?, ?, ?, ?)
14:18:15,923 DEBUG BaseGeneralDataRegion:59 - Caching[foo.org.hibernate.cache.spi.UpdateTimestampsCache] : [Address] -> [5579090968260608]
14:18:15,923 DEBUG SQL:104 - 
    insert 
    into
        Address
        (addressType, street, city, stateProvince, postalCode, country, studentNumber, id) 
    values
        (?, ?, ?, ?, ?, ?, ?, ?)
14:18:15,923 DEBUG BaseGeneralDataRegion:59 - Caching[foo.org.hibernate.cache.spi.UpdateTimestampsCache] : [Address] -> [5579090968260609]
14:18:15,923 DEBUG SQL:104 - 
    insert 
    into
        Student
        (name_first, name_middle, name_last, preferredCourseCode, studentId) 
    values
        (?, ?, ?, ?, ?)
14:18:15,923 DEBUG BaseGeneralDataRegion:59 - Caching[foo.org.hibernate.cache.spi.UpdateTimestampsCache] : [Student] -> [5579090968260610]
14:18:15,923 DEBUG SQL:104 - 
    insert 
    into
        Enrolment
        (semester, "year", studentId, courseCode) 
    values
        (?, ?, ?, ?)
14:18:15,924 DEBUG BaseGeneralDataRegion:59 - Caching[foo.org.hibernate.cache.spi.UpdateTimestampsCache] : [Enrolment] -> [5579090968264704]
14:18:15,924 DEBUG SQL:104 - 
    insert 
    into
        Enrolment
        (semester, "year", studentId, courseCode) 
    values
        (?, ?, ?, ?)
14:18:15,924 DEBUG BaseGeneralDataRegion:59 - Caching[foo.org.hibernate.cache.spi.UpdateTimestampsCache] : [Enrolment] -> [5579090968264705]
14:18:15,924 DEBUG BaseGeneralDataRegion:59 - Caching[foo.org.hibernate.cache.spi.UpdateTimestampsCache] : [CourseMeeting] -> [5579090968264706]
14:18:15,924 DEBUG BaseGeneralDataRegion:59 - Caching[foo.org.hibernate.cache.spi.UpdateTimestampsCache] : [Enrolment] -> [5579090968264707]
14:18:15,924 DEBUG SQL:104 - 
    update
        Address 
    set
        studentNumber=?,
        addressType=? 
    where
        id=?
14:18:15,936 DEBUG SQL:104 - 
    update
        Address 
    set
        studentNumber=?,
        addressType=? 
    where
        id=?
14:18:15,937 DEBUG BaseGeneralDataRegion:59 - Caching[foo.org.hibernate.cache.spi.UpdateTimestampsCache] : [Address] -> [5579090968317952]
14:18:15,937 DEBUG SQL:104 - 
    insert 
    into
        Student_secretCodes
        (studentNumber, i, secretCode) 
    values
        (?, ?, ?)
14:18:15,937 DEBUG BaseGeneralDataRegion:59 - Caching[foo.org.hibernate.cache.spi.UpdateTimestampsCache] : [Student_secretCodes] -> [5579090968317953]
14:18:15,937 DEBUG BaseGeneralDataRegion:59 - Caching[foo.org.hibernate.cache.spi.UpdateTimestampsCache] : [Enrolment] -> [5579090968317954]
14:18:15,938 DEBUG BaseGeneralDataRegion:59 - Caching[foo.org.hibernate.cache.spi.UpdateTimestampsCache] : [Address] -> [5579090968322048]
14:18:15,938 DEBUG SQL:104 - 
    insert 
    into
        Student_secretCodes
        (studentNumber, i, secretCode) 
    values
        (?, ?, ?)
14:18:15,938 DEBUG SQL:104 - 
    insert 
    into
        Student_secretCodes
        (studentNumber, i, secretCode) 
    values
        (?, ?, ?)
14:18:15,947 DEBUG BaseGeneralDataRegion:59 - Caching[foo.org.hibernate.cache.spi.UpdateTimestampsCache] : [Student_secretCodes] -> [5579090968358912]
14:18:15,948 DEBUG BaseGeneralDataRegion:59 - Caching[foo.org.hibernate.cache.spi.UpdateTimestampsCache] : [Student] -> [5579090722603008]
14:18:15,948 DEBUG BaseGeneralDataRegion:59 - Caching[foo.org.hibernate.cache.spi.UpdateTimestampsCache] : [Course] -> [5579090722603008]
14:18:15,948 DEBUG BaseGeneralDataRegion:59 - Caching[foo.org.hibernate.cache.spi.UpdateTimestampsCache] : [Enrolment] -> [5579090722603008]
14:18:15,948 DEBUG BaseGeneralDataRegion:59 - Caching[foo.org.hibernate.cache.spi.UpdateTimestampsCache] : [Student_secretCodes] -> [5579090722603008]
14:18:15,948 DEBUG BaseGeneralDataRegion:59 - Caching[foo.org.hibernate.cache.spi.UpdateTimestampsCache] : [Address] -> [5579090722603008]
14:18:15,948 DEBUG BaseGeneralDataRegion:59 - Caching[foo.org.hibernate.cache.spi.UpdateTimestampsCache] : [CourseMeeting] -> [5579090722603008]
14:18:15,948 DEBUG SQL:104 - 
    select
        student_.studentId,
        student_.name_first as name2_4_,
        student_.name_middle as name3_4_,
        student_.name_last as name4_4_,
        student_.preferredCourseCode as preferre5_4_ 
    from
        Student student_ 
    where
        student_.studentId=?
14:18:15,949 DEBUG SQL:104 - 
    select
        enrolment_.studentId,
        enrolment_.courseCode,
        enrolment_.semester as semester3_,
        enrolment_."year" as year4_3_ 
    from
        Enrolment enrolment_ 
    where
        enrolment_.studentId=? 
        and enrolment_.courseCode=?
14:18:15,949 DEBUG SQL:104 - 
    select
        course_.courseCode,
        course_.description as descript2_1_ 
    from
        Course course_ 
    where
        course_.courseCode=?
14:18:15,949 DEBUG SQL:104 - 
    select
        student_.studentId,
        student_.name_first as name2_4_,
        student_.name_middle as name3_4_,
        student_.name_last as name4_4_,
        student_.preferredCourseCode as preferre5_4_ 
    from
        Student student_ 
    where
        student_.studentId=?
14:18:15,969 DEBUG SQL:104 - 
    select
        enrolment_.studentId,
        enrolment_.courseCode,
        enrolment_.semester as semester3_,
        enrolment_."year" as year4_3_ 
    from
        Enrolment enrolment_ 
    where
        enrolment_.studentId=? 
        and enrolment_.courseCode=?
14:18:15,970 DEBUG SQL:104 - 
    select
        coursemeet_.courseCode,
        coursemeet_.day,
        coursemeet_.period,
        coursemeet_.location 
    from
        CourseMeeting coursemeet_ 
    where
        coursemeet_.courseCode=? 
        and coursemeet_.day=? 
        and coursemeet_.period=? 
        and coursemeet_.location=?
14:18:15,979 DEBUG SQL:104 - 
    select
        coursemeet_.courseCode,
        coursemeet_.day,
        coursemeet_.period,
        coursemeet_.location 
    from
        CourseMeeting coursemeet_ 
    where
        coursemeet_.courseCode=? 
        and coursemeet_.day=? 
        and coursemeet_.period=? 
        and coursemeet_.location=?
14:18:15,979 DEBUG BaseGeneralDataRegion:59 - Caching[foo.org.hibernate.cache.spi.UpdateTimestampsCache] : [Enrolment] -> [5579090968489984]
14:18:15,980 DEBUG SQL:104 - 
    update
        Address 
    set
        studentNumber=null,
        addressType=null 
    where
        studentNumber=?
14:18:15,980 DEBUG BaseGeneralDataRegion:59 - Caching[foo.org.hibernate.cache.spi.UpdateTimestampsCache] : [Address] -> [5579090968494080]
14:18:15,980 DEBUG SQL:104 - 
    delete 
    from
        Student_secretCodes 
    where
        studentNumber=?
14:18:15,988 DEBUG BaseGeneralDataRegion:59 - Caching[foo.org.hibernate.cache.spi.UpdateTimestampsCache] : [Student_secretCodes] -> [5579090968526848]
14:18:15,988 DEBUG BaseGeneralDataRegion:59 - Caching[foo.org.hibernate.cache.spi.UpdateTimestampsCache] : [Enrolment] -> [5579090968526849]
14:18:15,988 DEBUG BaseGeneralDataRegion:59 - Caching[foo.org.hibernate.cache.spi.UpdateTimestampsCache] : [Address] -> [5579090968526850]
14:18:15,988 DEBUG SQL:104 - 
    delete 
    from
        Student_secretCodes 
    where
        studentNumber=?
14:18:15,989 DEBUG BaseGeneralDataRegion:59 - Caching[foo.org.hibernate.cache.spi.UpdateTimestampsCache] : [Student_secretCodes] -> [5579090968530944]
14:18:15,989 DEBUG BaseGeneralDataRegion:59 - Caching[foo.org.hibernate.cache.spi.UpdateTimestampsCache] : [CourseMeeting] -> [5579090968530945]
14:18:15,989 DEBUG SQL:104 - 
    delete 
    from
        Enrolment 
    where
        studentId=? 
        and courseCode=?
14:18:15,989 DEBUG BaseGeneralDataRegion:59 - Caching[foo.org.hibernate.cache.spi.UpdateTimestampsCache] : [Enrolment] -> [5579090968530946]
14:18:15,989 DEBUG SQL:104 - 
    delete 
    from
        Address 
    where
        id=?
14:18:15,989 DEBUG BaseGeneralDataRegion:59 - Caching[foo.org.hibernate.cache.spi.UpdateTimestampsCache] : [Address] -> [5579090968530947]
14:18:15,989 DEBUG SQL:104 - 
    delete 
    from
        Address 
    where
        id=?
14:18:15,999 DEBUG BaseGeneralDataRegion:59 - Caching[foo.org.hibernate.cache.spi.UpdateTimestampsCache] : [Address] -> [5579090968571904]
14:18:15,999 DEBUG SQL:104 - 
    delete 
    from
        Student 
    where
        studentId=?
14:18:15,999 DEBUG BaseGeneralDataRegion:59 - Caching[foo.org.hibernate.cache.spi.UpdateTimestampsCache] : [Student] -> [5579090968571905]
14:18:16,000 DEBUG SQL:104 - 
    delete 
    from
        Enrolment 
    where
        studentId=? 
        and courseCode=?
14:18:16,000 DEBUG BaseGeneralDataRegion:59 - Caching[foo.org.hibernate.cache.spi.UpdateTimestampsCache] : [Enrolment] -> [5579090968576000]
14:18:16,000 DEBUG SQL:104 - 
    delete 
    from
        Student 
    where
        studentId=?
14:18:16,000 DEBUG BaseGeneralDataRegion:59 - Caching[foo.org.hibernate.cache.spi.UpdateTimestampsCache] : [Student] -> [5579090968576001]
14:18:16,000 DEBUG SQL:104 - 
    delete 
    from
        CourseMeeting 
    where
        courseCode=? 
        and day=? 
        and period=? 
        and location=?
14:18:16,008 DEBUG BaseGeneralDataRegion:59 - Caching[foo.org.hibernate.cache.spi.UpdateTimestampsCache] : [CourseMeeting] -> [5579090968608768]
14:18:16,009 DEBUG SQL:104 - 
    delete 
    from
        CourseMeeting 
    where
        courseCode=? 
        and day=? 
        and period=? 
        and location=?
14:18:16,009 DEBUG BaseGeneralDataRegion:59 - Caching[foo.org.hibernate.cache.spi.UpdateTimestampsCache] : [CourseMeeting] -> [5579090968612864]
14:18:16,009 DEBUG SQL:104 - 
    delete 
    from
        Course 
    where
        courseCode=?
14:18:16,009 DEBUG BaseGeneralDataRegion:59 - Caching[foo.org.hibernate.cache.spi.UpdateTimestampsCache] : [Course] -> [5579090968612865]
14:18:16,009 DEBUG BaseGeneralDataRegion:59 - Caching[foo.org.hibernate.cache.spi.UpdateTimestampsCache] : [Student] -> [5579090722852866]
14:18:16,009 DEBUG BaseGeneralDataRegion:59 - Caching[foo.org.hibernate.cache.spi.UpdateTimestampsCache] : [Course] -> [5579090722852866]
14:18:16,010 DEBUG BaseGeneralDataRegion:59 - Caching[foo.org.hibernate.cache.spi.UpdateTimestampsCache] : [Enrolment] -> [5579090722852866]
14:18:16,010 DEBUG BaseGeneralDataRegion:59 - Caching[foo.org.hibernate.cache.spi.UpdateTimestampsCache] : [Student_secretCodes] -> [5579090722852866]
14:18:16,010 DEBUG BaseGeneralDataRegion:59 - Caching[foo.org.hibernate.cache.spi.UpdateTimestampsCache] : [Address] -> [5579090722852866]
14:18:16,010 DEBUG BaseGeneralDataRegion:59 - Caching[foo.org.hibernate.cache.spi.UpdateTimestampsCache] : [CourseMeeting] -> [5579090722852866]
14:18:16,029  INFO CustomRunner:139 - Test: testJoinWithFetchJoinWithAliasedJoinedAndOwnerProjectedListHql
14:18:16,030 DEBUG SQL:104 - 
    select
        coursemeet_.courseCode,
        coursemeet_.day,
        coursemeet_.period,
        coursemeet_.location 
    from
        CourseMeeting coursemeet_ 
    where
        coursemeet_.courseCode=? 
        and coursemeet_.day=? 
        and coursemeet_.period=? 
        and coursemeet_.location=?
14:18:16,031 DEBUG SQL:104 - 
    select
        coursemeet_.courseCode,
        coursemeet_.day,
        coursemeet_.period,
        coursemeet_.location 
    from
        CourseMeeting coursemeet_ 
    where
        coursemeet_.courseCode=? 
        and coursemeet_.day=? 
        and coursemeet_.period=? 
        and coursemeet_.location=?
14:18:16,032 DEBUG SQL:104 - 
    insert 
    into
        Course
        (description, courseCode) 
    values
        (?, ?)
14:18:16,032 DEBUG BaseGeneralDataRegion:59 - Caching[foo.org.hibernate.cache.spi.UpdateTimestampsCache] : [Course] -> [5579090968707072]
14:18:16,033 DEBUG SQL:104 - 
    insert 
    into
        CourseMeeting
        (courseCode, day, period, location) 
    values
        (?, ?, ?, ?)
14:18:16,033 DEBUG BaseGeneralDataRegion:59 - Caching[foo.org.hibernate.cache.spi.UpdateTimestampsCache] : [CourseMeeting] -> [5579090968711168]
14:18:16,033 DEBUG SQL:104 - 
    insert 
    into
        CourseMeeting
        (courseCode, day, period, location) 
    values
        (?, ?, ?, ?)
14:18:16,033 DEBUG BaseGeneralDataRegion:59 - Caching[foo.org.hibernate.cache.spi.UpdateTimestampsCache] : [CourseMeeting] -> [5579090968711169]
14:18:16,033 DEBUG SQL:104 - 
    insert 
    into
        Student
        (name_first, name_middle, name_last, preferredCourseCode, studentId) 
    values
        (?, ?, ?, ?, ?)
14:18:16,043 DEBUG BaseGeneralDataRegion:59 - Caching[foo.org.hibernate.cache.spi.UpdateTimestampsCache] : [Student] -> [5579090968752128]
14:18:16,043 DEBUG SQL:104 - 
    insert 
    into
        Address
        (addressType, street, city, stateProvince, postalCode, country, studentNumber, id) 
    values
        (?, ?, ?, ?, ?, ?, ?, ?)
14:18:16,043 DEBUG BaseGeneralDataRegion:59 - Caching[foo.org.hibernate.cache.spi.UpdateTimestampsCache] : [Address] -> [5579090968752129]
14:18:16,043 DEBUG SQL:104 - 
    insert 
    into
        Address
        (addressType, street, city, stateProvince, postalCode, country, studentNumber, id) 
    values
        (?, ?, ?, ?, ?, ?, ?, ?)
14:18:16,043 DEBUG BaseGeneralDataRegion:59 - Caching[foo.org.hibernate.cache.spi.UpdateTimestampsCache] : [Address] -> [5579090968752130]
14:18:16,044 DEBUG SQL:104 - 
    insert 
    into
        Student
        (name_first, name_middle, name_last, preferredCourseCode, studentId) 
    values
        (?, ?, ?, ?, ?)
14:18:16,044 DEBUG BaseGeneralDataRegion:59 - Caching[foo.org.hibernate.cache.spi.UpdateTimestampsCache] : [Student] -> [5579090968756224]
14:18:16,044 DEBUG SQL:104 - 
    insert 
    into
        Enrolment
        (semester, "year", studentId, courseCode) 
    values
        (?, ?, ?, ?)
14:18:16,053 DEBUG BaseGeneralDataRegion:59 - Caching[foo.org.hibernate.cache.spi.UpdateTimestampsCache] : [Enrolment] -> [5579090968793088]
14:18:16,053 DEBUG SQL:104 - 
    insert 
    into
        Enrolment
        (semester, "year", studentId, courseCode) 
    values
        (?, ?, ?, ?)
14:18:16,053 DEBUG BaseGeneralDataRegion:59 - Caching[foo.org.hibernate.cache.spi.UpdateTimestampsCache] : [Enrolment] -> [5579090968793089]
14:18:16,054 DEBUG BaseGeneralDataRegion:59 - Caching[foo.org.hibernate.cache.spi.UpdateTimestampsCache] : [CourseMeeting] -> [5579090968797184]
14:18:16,054 DEBUG BaseGeneralDataRegion:59 - Caching[foo.org.hibernate.cache.spi.UpdateTimestampsCache] : [Enrolment] -> [5579090968797185]
14:18:16,054 DEBUG SQL:104 - 
    update
        Address 
    set
        studentNumber=?,
        addressType=? 
    where
        id=?
14:18:16,054 DEBUG SQL:104 - 
    update
        Address 
    set
        studentNumber=?,
        addressType=? 
    where
        id=?
14:18:16,054 DEBUG BaseGeneralDataRegion:59 - Caching[foo.org.hibernate.cache.spi.UpdateTimestampsCache] : [Address] -> [5579090968797186]
14:18:16,054 DEBUG SQL:104 - 
    insert 
    into
        Student_secretCodes
        (studentNumber, i, secretCode) 
    values
        (?, ?, ?)
14:18:16,054 DEBUG BaseGeneralDataRegion:59 - Caching[foo.org.hibernate.cache.spi.UpdateTimestampsCache] : [Student_secretCodes] -> [5579090968797187]
14:18:16,055 DEBUG BaseGeneralDataRegion:59 - Caching[foo.org.hibernate.cache.spi.UpdateTimestampsCache] : [Enrolment] -> [5579090968801280]
14:18:16,055 DEBUG BaseGeneralDataRegion:59 - Caching[foo.org.hibernate.cache.spi.UpdateTimestampsCache] : [Address] -> [5579090968801281]
14:18:16,055 DEBUG SQL:104 - 
    insert 
    into
        Student_secretCodes
        (studentNumber, i, secretCode) 
    values
        (?, ?, ?)
14:18:16,055 DEBUG SQL:104 - 
    insert 
    into
        Student_secretCodes
        (studentNumber, i, secretCode) 
    values
        (?, ?, ?)
14:18:16,055 DEBUG BaseGeneralDataRegion:59 - Caching[foo.org.hibernate.cache.spi.UpdateTimestampsCache] : [Student_secretCodes] -> [5579090968801282]
14:18:16,055 DEBUG BaseGeneralDataRegion:59 - Caching[foo.org.hibernate.cache.spi.UpdateTimestampsCache] : [Student] -> [5579090723041283]
14:18:16,055 DEBUG BaseGeneralDataRegion:59 - Caching[foo.org.hibernate.cache.spi.UpdateTimestampsCache] : [Course] -> [5579090723041283]
14:18:16,055 DEBUG BaseGeneralDataRegion:59 - Caching[foo.org.hibernate.cache.spi.UpdateTimestampsCache] : [Enrolment] -> [5579090723041283]
14:18:16,056 DEBUG BaseGeneralDataRegion:59 - Caching[foo.org.hibernate.cache.spi.UpdateTimestampsCache] : [Student_secretCodes] -> [5579090723041283]
14:18:16,056 DEBUG BaseGeneralDataRegion:59 - Caching[foo.org.hibernate.cache.spi.UpdateTimestampsCache] : [Address] -> [5579090723041283]
14:18:16,065 DEBUG BaseGeneralDataRegion:59 - Caching[foo.org.hibernate.cache.spi.UpdateTimestampsCache] : [CourseMeeting] -> [5579090723041283]
14:18:16,065 DEBUG SQL:104 - 
    select
        student_.studentId,
        student_.name_first as name2_4_,
        student_.name_middle as name3_4_,
        student_.name_last as name4_4_,
        student_.preferredCourseCode as preferre5_4_ 
    from
        Student student_ 
    where
        student_.studentId=?
14:18:16,066 DEBUG SQL:104 - 
    select
        enrolment_.studentId,
        enrolment_.courseCode,
        enrolment_.semester as semester3_,
        enrolment_."year" as year4_3_ 
    from
        Enrolment enrolment_ 
    where
        enrolment_.studentId=? 
        and enrolment_.courseCode=?
14:18:16,066 DEBUG SQL:104 - 
    select
        course_.courseCode,
        course_.description as descript2_1_ 
    from
        Course course_ 
    where
        course_.courseCode=?
14:18:16,075 DEBUG SQL:104 - 
    select
        student_.studentId,
        student_.name_first as name2_4_,
        student_.name_middle as name3_4_,
        student_.name_last as name4_4_,
        student_.preferredCourseCode as preferre5_4_ 
    from
        Student student_ 
    where
        student_.studentId=?
14:18:16,076 DEBUG SQL:104 - 
    select
        enrolment_.studentId,
        enrolment_.courseCode,
        enrolment_.semester as semester3_,
        enrolment_."year" as year4_3_ 
    from
        Enrolment enrolment_ 
    where
        enrolment_.studentId=? 
        and enrolment_.courseCode=?
14:18:16,076 DEBUG SQL:104 - 
    select
        coursemeet_.courseCode,
        coursemeet_.day,
        coursemeet_.period,
        coursemeet_.location 
    from
        CourseMeeting coursemeet_ 
    where
        coursemeet_.courseCode=? 
        and coursemeet_.day=? 
        and coursemeet_.period=? 
        and coursemeet_.location=?
14:18:16,076 DEBUG SQL:104 - 
    select
        coursemeet_.courseCode,
        coursemeet_.day,
        coursemeet_.period,
        coursemeet_.location 
    from
        CourseMeeting coursemeet_ 
    where
        coursemeet_.courseCode=? 
        and coursemeet_.day=? 
        and coursemeet_.period=? 
        and coursemeet_.location=?
14:18:16,098 DEBUG BaseGeneralDataRegion:59 - Caching[foo.org.hibernate.cache.spi.UpdateTimestampsCache] : [Enrolment] -> [5579090968977408]
14:18:16,099 DEBUG SQL:104 - 
    update
        Address 
    set
        studentNumber=null,
        addressType=null 
    where
        studentNumber=?
14:18:16,099 DEBUG BaseGeneralDataRegion:59 - Caching[foo.org.hibernate.cache.spi.UpdateTimestampsCache] : [Address] -> [5579090968981504]
14:18:16,099 DEBUG SQL:104 - 
    delete 
    from
        Student_secretCodes 
    where
        studentNumber=?
14:18:16,099 DEBUG BaseGeneralDataRegion:59 - Caching[foo.org.hibernate.cache.spi.UpdateTimestampsCache] : [Student_secretCodes] -> [5579090968981505]
14:18:16,099 DEBUG BaseGeneralDataRegion:59 - Caching[foo.org.hibernate.cache.spi.UpdateTimestampsCache] : [Enrolment] -> [5579090968981506]
14:18:16,099 DEBUG BaseGeneralDataRegion:59 - Caching[foo.org.hibernate.cache.spi.UpdateTimestampsCache] : [Address] -> [5579090968981507]
14:18:16,099 DEBUG SQL:104 - 
    delete 
    from
        Student_secretCodes 
    where
        studentNumber=?
14:18:16,124 DEBUG BaseGeneralDataRegion:59 - Caching[foo.org.hibernate.cache.spi.UpdateTimestampsCache] : [Student_secretCodes] -> [5579090969083904]
14:18:16,124 DEBUG BaseGeneralDataRegion:59 - Caching[foo.org.hibernate.cache.spi.UpdateTimestampsCache] : [CourseMeeting] -> [5579090969083905]
14:18:16,124 DEBUG SQL:104 - 
    delete 
    from
        Enrolment 
    where
        studentId=? 
        and courseCode=?
14:18:16,125 DEBUG BaseGeneralDataRegion:59 - Caching[foo.org.hibernate.cache.spi.UpdateTimestampsCache] : [Enrolment] -> [5579090969088000]
14:18:16,125 DEBUG SQL:104 - 
    delete 
    from
        Address 
    where
        id=?
14:18:16,125 DEBUG BaseGeneralDataRegion:59 - Caching[foo.org.hibernate.cache.spi.UpdateTimestampsCache] : [Address] -> [5579090969088001]
14:18:16,125 DEBUG SQL:104 - 
    delete 
    from
        Address 
    where
        id=?
14:18:16,125 DEBUG BaseGeneralDataRegion:59 - Caching[foo.org.hibernate.cache.spi.UpdateTimestampsCache] : [Address] -> [5579090969088002]
14:18:16,125 DEBUG SQL:104 - 
    delete 
    from
        Student 
    where
        studentId=?
14:18:16,125 DEBUG BaseGeneralDataRegion:59 - Caching[foo.org.hibernate.cache.spi.UpdateTimestampsCache] : [Student] -> [5579090969088003]
14:18:16,125 DEBUG SQL:104 - 
    delete 
    from
        Enrolment 
    where
        studentId=? 
        and courseCode=?
14:18:16,126 DEBUG BaseGeneralDataRegion:59 - Caching[foo.org.hibernate.cache.spi.UpdateTimestampsCache] : [Enrolment] -> [5579090969092096]
14:18:16,126 DEBUG SQL:104 - 
    delete 
    from
        Student 
    where
        studentId=?
14:18:16,126 DEBUG BaseGeneralDataRegion:59 - Caching[foo.org.hibernate.cache.spi.UpdateTimestampsCache] : [Student] -> [5579090969092097]
14:18:16,126 DEBUG SQL:104 - 
    delete 
    from
        CourseMeeting 
    where
        courseCode=? 
        and day=? 
        and period=? 
        and location=?
14:18:16,126 DEBUG BaseGeneralDataRegion:59 - Caching[foo.org.hibernate.cache.spi.UpdateTimestampsCache] : [CourseMeeting] -> [5579090969092098]
14:18:16,126 DEBUG SQL:104 - 
    delete 
    from
        CourseMeeting 
    where
        courseCode=? 
        and day=? 
        and period=? 
        and location=?
14:18:16,126 DEBUG BaseGeneralDataRegion:59 - Caching[foo.org.hibernate.cache.spi.UpdateTimestampsCache] : [CourseMeeting] -> [5579090969092099]
14:18:16,127 DEBUG SQL:104 - 
    delete 
    from
        Course 
    where
        courseCode=?
14:18:16,127 DEBUG BaseGeneralDataRegion:59 - Caching[foo.org.hibernate.cache.spi.UpdateTimestampsCache] : [Course] -> [5579090969096192]
14:18:16,127 DEBUG BaseGeneralDataRegion:59 - Caching[foo.org.hibernate.cache.spi.UpdateTimestampsCache] : [Student] -> [5579090723336193]
14:18:16,127 DEBUG BaseGeneralDataRegion:59 - Caching[foo.org.hibernate.cache.spi.UpdateTimestampsCache] : [Course] -> [5579090723336193]
14:18:16,127 DEBUG BaseGeneralDataRegion:59 - Caching[foo.org.hibernate.cache.spi.UpdateTimestampsCache] : [Enrolment] -> [5579090723336193]
14:18:16,127 DEBUG BaseGeneralDataRegion:59 - Caching[foo.org.hibernate.cache.spi.UpdateTimestampsCache] : [Student_secretCodes] -> [5579090723336193]
14:18:16,127 DEBUG BaseGeneralDataRegion:59 - Caching[foo.org.hibernate.cache.spi.UpdateTimestampsCache] : [Address] -> [5579090723336193]
14:18:16,127 DEBUG BaseGeneralDataRegion:59 - Caching[foo.org.hibernate.cache.spi.UpdateTimestampsCache] : [CourseMeeting] -> [5579090723336193]
14:18:16,128  INFO CustomRunner:139 - Test: testJoinWithFetchJoinWithOwnerAndAliasedJoinedProjectedListHql
14:18:16,129 DEBUG SQL:104 - 
    select
        coursemeet_.courseCode,
        coursemeet_.day,
        coursemeet_.period,
        coursemeet_.location 
    from
        CourseMeeting coursemeet_ 
    where
        coursemeet_.courseCode=? 
        and coursemeet_.day=? 
        and coursemeet_.period=? 
        and coursemeet_.location=?
14:18:16,129 DEBUG SQL:104 - 
    select
        coursemeet_.courseCode,
        coursemeet_.day,
        coursemeet_.period,
        coursemeet_.location 
    from
        CourseMeeting coursemeet_ 
    where
        coursemeet_.courseCode=? 
        and coursemeet_.day=? 
        and coursemeet_.period=? 
        and coursemeet_.location=?
14:18:16,153 DEBUG SQL:104 - 
    insert 
    into
        Course
        (description, courseCode) 
    values
        (?, ?)
14:18:16,154 DEBUG BaseGeneralDataRegion:59 - Caching[foo.org.hibernate.cache.spi.UpdateTimestampsCache] : [Course] -> [5579090969206784]
14:18:16,154 DEBUG SQL:104 - 
    insert 
    into
        CourseMeeting
        (courseCode, day, period, location) 
    values
        (?, ?, ?, ?)
14:18:16,154 DEBUG BaseGeneralDataRegion:59 - Caching[foo.org.hibernate.cache.spi.UpdateTimestampsCache] : [CourseMeeting] -> [5579090969206785]
14:18:16,155 DEBUG SQL:104 - 
    insert 
    into
        CourseMeeting
        (courseCode, day, period, location) 
    values
        (?, ?, ?, ?)
14:18:16,155 DEBUG BaseGeneralDataRegion:59 - Caching[foo.org.hibernate.cache.spi.UpdateTimestampsCache] : [CourseMeeting] -> [5579090969210880]
14:18:16,155 DEBUG SQL:104 - 
    insert 
    into
        Student
        (name_first, name_middle, name_last, preferredCourseCode, studentId) 
    values
        (?, ?, ?, ?, ?)
14:18:16,162 DEBUG BaseGeneralDataRegion:59 - Caching[foo.org.hibernate.cache.spi.UpdateTimestampsCache] : [Student] -> [5579090969239552]
14:18:16,162 DEBUG SQL:104 - 
    insert 
    into
        Address
        (addressType, street, city, stateProvince, postalCode, country, studentNumber, id) 
    values
        (?, ?, ?, ?, ?, ?, ?, ?)
14:18:16,163 DEBUG BaseGeneralDataRegion:59 - Caching[foo.org.hibernate.cache.spi.UpdateTimestampsCache] : [Address] -> [5579090969243648]
14:18:16,163 DEBUG SQL:104 - 
    insert 
    into
        Address
        (addressType, street, city, stateProvince, postalCode, country, studentNumber, id) 
    values
        (?, ?, ?, ?, ?, ?, ?, ?)
14:18:16,163 DEBUG BaseGeneralDataRegion:59 - Caching[foo.org.hibernate.cache.spi.UpdateTimestampsCache] : [Address] -> [5579090969243649]
14:18:16,163 DEBUG SQL:104 - 
    insert 
    into
        Student
        (name_first, name_middle, name_last, preferredCourseCode, studentId) 
    values
        (?, ?, ?, ?, ?)
14:18:16,163 DEBUG BaseGeneralDataRegion:59 - Caching[foo.org.hibernate.cache.spi.UpdateTimestampsCache] : [Student] -> [5579090969243650]
14:18:16,163 DEBUG SQL:104 - 
    insert 
    into
        Enrolment
        (semester, "year", studentId, courseCode) 
    values
        (?, ?, ?, ?)
14:18:16,173 DEBUG BaseGeneralDataRegion:59 - Caching[foo.org.hibernate.cache.spi.UpdateTimestampsCache] : [Enrolment] -> [5579090969284608]
14:18:16,173 DEBUG SQL:104 - 
    insert 
    into
        Enrolment
        (semester, "year", studentId, courseCode) 
    values
        (?, ?, ?, ?)
14:18:16,173 DEBUG BaseGeneralDataRegion:59 - Caching[foo.org.hibernate.cache.spi.UpdateTimestampsCache] : [Enrolment] -> [5579090969284609]
14:18:16,173 DEBUG BaseGeneralDataRegion:59 - Caching[foo.org.hibernate.cache.spi.UpdateTimestampsCache] : [CourseMeeting] -> [5579090969284610]
14:18:16,173 DEBUG BaseGeneralDataRegion:59 - Caching[foo.org.hibernate.cache.spi.UpdateTimestampsCache] : [Enrolment] -> [5579090969284611]
14:18:16,173 DEBUG SQL:104 - 
    update
        Address 
    set
        studentNumber=?,
        addressType=? 
    where
        id=?
14:18:16,174 DEBUG SQL:104 - 
    update
        Address 
    set
        studentNumber=?,
        addressType=? 
    where
        id=?
14:18:16,174 DEBUG BaseGeneralDataRegion:59 - Caching[foo.org.hibernate.cache.spi.UpdateTimestampsCache] : [Address] -> [5579090969288704]
14:18:16,174 DEBUG SQL:104 - 
    insert 
    into
        Student_secretCodes
        (studentNumber, i, secretCode) 
    values
        (?, ?, ?)
14:18:16,174 DEBUG BaseGeneralDataRegion:59 - Caching[foo.org.hibernate.cache.spi.UpdateTimestampsCache] : [Student_secretCodes] -> [5579090969288705]
14:18:16,174 DEBUG BaseGeneralDataRegion:59 - Caching[foo.org.hibernate.cache.spi.UpdateTimestampsCache] : [Enrolment] -> [5579090969288706]
14:18:16,174 DEBUG BaseGeneralDataRegion:59 - Caching[foo.org.hibernate.cache.spi.UpdateTimestampsCache] : [Address] -> [5579090969288707]
14:18:16,174 DEBUG SQL:104 - 
    insert 
    into
        Student_secretCodes
        (studentNumber, i, secretCode) 
    values
        (?, ?, ?)
14:18:16,175 DEBUG SQL:104 - 
    insert 
    into
        Student_secretCodes
        (studentNumber, i, secretCode) 
    values
        (?, ?, ?)
14:18:16,175 DEBUG BaseGeneralDataRegion:59 - Caching[foo.org.hibernate.cache.spi.UpdateTimestampsCache] : [Student_secretCodes] -> [5579090969292800]
14:18:16,175 DEBUG BaseGeneralDataRegion:59 - Caching[foo.org.hibernate.cache.spi.UpdateTimestampsCache] : [Student] -> [5579090723532801]
14:18:16,186 DEBUG BaseGeneralDataRegion:59 - Caching[foo.org.hibernate.cache.spi.UpdateTimestampsCache] : [Course] -> [5579090723532801]
14:18:16,186 DEBUG BaseGeneralDataRegion:59 - Caching[foo.org.hibernate.cache.spi.UpdateTimestampsCache] : [Enrolment] -> [5579090723532801]
14:18:16,187 DEBUG BaseGeneralDataRegion:59 - Caching[foo.org.hibernate.cache.spi.UpdateTimestampsCache] : [Student_secretCodes] -> [5579090723532801]
14:18:16,187 DEBUG BaseGeneralDataRegion:59 - Caching[foo.org.hibernate.cache.spi.UpdateTimestampsCache] : [Address] -> [5579090723532801]
14:18:16,187 DEBUG BaseGeneralDataRegion:59 - Caching[foo.org.hibernate.cache.spi.UpdateTimestampsCache] : [CourseMeeting] -> [5579090723532801]
14:18:16,187 DEBUG SQL:104 - 
    select
        student_.studentId,
        student_.name_first as name2_4_,
        student_.name_middle as name3_4_,
        student_.name_last as name4_4_,
        student_.preferredCourseCode as preferre5_4_ 
    from
        Student student_ 
    where
        student_.studentId=?
14:18:16,187 DEBUG SQL:104 - 
    select
        enrolment_.studentId,
        enrolment_.courseCode,
        enrolment_.semester as semester3_,
        enrolment_."year" as year4_3_ 
    from
        Enrolment enrolment_ 
    where
        enrolment_.studentId=? 
        and enrolment_.courseCode=?
14:18:16,188 DEBUG SQL:104 - 
    select
        course_.courseCode,
        course_.description as descript2_1_ 
    from
        Course course_ 
    where
        course_.courseCode=?
14:18:16,197 DEBUG SQL:104 - 
    select
        student_.studentId,
        student_.name_first as name2_4_,
        student_.name_middle as name3_4_,
        student_.name_last as name4_4_,
        student_.preferredCourseCode as preferre5_4_ 
    from
        Student student_ 
    where
        student_.studentId=?
14:18:16,198 DEBUG SQL:104 - 
    select
        enrolment_.studentId,
        enrolment_.courseCode,
        enrolment_.semester as semester3_,
        enrolment_."year" as year4_3_ 
    from
        Enrolment enrolment_ 
    where
        enrolment_.studentId=? 
        and enrolment_.courseCode=?
14:18:16,198 DEBUG SQL:104 - 
    select
        coursemeet_.courseCode,
        coursemeet_.day,
        coursemeet_.period,
        coursemeet_.location 
    from
        CourseMeeting coursemeet_ 
    where
        coursemeet_.courseCode=? 
        and coursemeet_.day=? 
        and coursemeet_.period=? 
        and coursemeet_.location=?
14:18:16,199 DEBUG SQL:104 - 
    select
        coursemeet_.courseCode,
        coursemeet_.day,
        coursemeet_.period,
        coursemeet_.location 
    from
        CourseMeeting coursemeet_ 
    where
        coursemeet_.courseCode=? 
        and coursemeet_.day=? 
        and coursemeet_.period=? 
        and coursemeet_.location=?
14:18:16,220 DEBUG BaseGeneralDataRegion:59 - Caching[foo.org.hibernate.cache.spi.UpdateTimestampsCache] : [Enrolment] -> [5579090969477120]
14:18:16,220 DEBUG SQL:104 - 
    update
        Address 
    set
        studentNumber=null,
        addressType=null 
    where
        studentNumber=?
14:18:16,221 DEBUG BaseGeneralDataRegion:59 - Caching[foo.org.hibernate.cache.spi.UpdateTimestampsCache] : [Address] -> [5579090969481216]
14:18:16,221 DEBUG SQL:104 - 
    delete 
    from
        Student_secretCodes 
    where
        studentNumber=?
14:18:16,221 DEBUG BaseGeneralDataRegion:59 - Caching[foo.org.hibernate.cache.spi.UpdateTimestampsCache] : [Student_secretCodes] -> [5579090969481217]
14:18:16,221 DEBUG BaseGeneralDataRegion:59 - Caching[foo.org.hibernate.cache.spi.UpdateTimestampsCache] : [Enrolment] -> [5579090969481218]
14:18:16,221 DEBUG BaseGeneralDataRegion:59 - Caching[foo.org.hibernate.cache.spi.UpdateTimestampsCache] : [Address] -> [5579090969481219]
14:18:16,221 DEBUG SQL:104 - 
    delete 
    from
        Student_secretCodes 
    where
        studentNumber=?
14:18:16,230 DEBUG BaseGeneralDataRegion:59 - Caching[foo.org.hibernate.cache.spi.UpdateTimestampsCache] : [Student_secretCodes] -> [5579090969518080]
14:18:16,230 DEBUG BaseGeneralDataRegion:59 - Caching[foo.org.hibernate.cache.spi.UpdateTimestampsCache] : [CourseMeeting] -> [5579090969518081]
14:18:16,230 DEBUG SQL:104 - 
    delete 
    from
        Enrolment 
    where
        studentId=? 
        and courseCode=?
14:18:16,230 DEBUG BaseGeneralDataRegion:59 - Caching[foo.org.hibernate.cache.spi.UpdateTimestampsCache] : [Enrolment] -> [5579090969518082]
14:18:16,230 DEBUG SQL:104 - 
    delete 
    from
        Address 
    where
        id=?
14:18:16,231 DEBUG BaseGeneralDataRegion:59 - Caching[foo.org.hibernate.cache.spi.UpdateTimestampsCache] : [Address] -> [5579090969522176]
14:18:16,231 DEBUG SQL:104 - 
    delete 
    from
        Address 
    where
        id=?
14:18:16,231 DEBUG BaseGeneralDataRegion:59 - Caching[foo.org.hibernate.cache.spi.UpdateTimestampsCache] : [Address] -> [5579090969522177]
14:18:16,231 DEBUG SQL:104 - 
    delete 
    from
        Student 
    where
        studentId=?
14:18:16,240 DEBUG BaseGeneralDataRegion:59 - Caching[foo.org.hibernate.cache.spi.UpdateTimestampsCache] : [Student] -> [5579090969559040]
14:18:16,240 DEBUG SQL:104 - 
    delete 
    from
        Enrolment 
    where
        studentId=? 
        and courseCode=?
14:18:16,241 DEBUG BaseGeneralDataRegion:59 - Caching[foo.org.hibernate.cache.spi.UpdateTimestampsCache] : [Enrolment] -> [5579090969563136]
14:18:16,241 DEBUG SQL:104 - 
    delete 
    from
        Student 
    where
        studentId=?
14:18:16,241 DEBUG BaseGeneralDataRegion:59 - Caching[foo.org.hibernate.cache.spi.UpdateTimestampsCache] : [Student] -> [5579090969563137]
14:18:16,241 DEBUG SQL:104 - 
    delete 
    from
        CourseMeeting 
    where
        courseCode=? 
        and day=? 
        and period=? 
        and location=?
14:18:16,241 DEBUG BaseGeneralDataRegion:59 - Caching[foo.org.hibernate.cache.spi.UpdateTimestampsCache] : [CourseMeeting] -> [5579090969563138]
14:18:16,241 DEBUG SQL:104 - 
    delete 
    from
        CourseMeeting 
    where
        courseCode=? 
        and day=? 
        and period=? 
        and location=?
14:18:16,251 DEBUG BaseGeneralDataRegion:59 - Caching[foo.org.hibernate.cache.spi.UpdateTimestampsCache] : [CourseMeeting] -> [5579090969604096]
14:18:16,251 DEBUG SQL:104 - 
    delete 
    from
        Course 
    where
        courseCode=?
14:18:16,251 DEBUG BaseGeneralDataRegion:59 - Caching[foo.org.hibernate.cache.spi.UpdateTimestampsCache] : [Course] -> [5579090969604097]
14:18:16,252 DEBUG BaseGeneralDataRegion:59 - Caching[foo.org.hibernate.cache.spi.UpdateTimestampsCache] : [Student] -> [5579090723848192]
14:18:16,252 DEBUG BaseGeneralDataRegion:59 - Caching[foo.org.hibernate.cache.spi.UpdateTimestampsCache] : [Course] -> [5579090723848192]
14:18:16,252 DEBUG BaseGeneralDataRegion:59 - Caching[foo.org.hibernate.cache.spi.UpdateTimestampsCache] : [Enrolment] -> [5579090723848192]
14:18:16,252 DEBUG BaseGeneralDataRegion:59 - Caching[foo.org.hibernate.cache.spi.UpdateTimestampsCache] : [Student_secretCodes] -> [5579090723848192]
14:18:16,252 DEBUG BaseGeneralDataRegion:59 - Caching[foo.org.hibernate.cache.spi.UpdateTimestampsCache] : [Address] -> [5579090723848192]
14:18:16,252 DEBUG BaseGeneralDataRegion:59 - Caching[foo.org.hibernate.cache.spi.UpdateTimestampsCache] : [CourseMeeting] -> [5579090723848192]
14:18:16,252  INFO CustomRunner:139 - Test: testJoinWithFetchJoinWithOwnerAndPropProjectedList
14:18:16,253 DEBUG SQL:104 - 
    select
        coursemeet_.courseCode,
        coursemeet_.day,
        coursemeet_.period,
        coursemeet_.location 
    from
        CourseMeeting coursemeet_ 
    where
        coursemeet_.courseCode=? 
        and coursemeet_.day=? 
        and coursemeet_.period=? 
        and coursemeet_.location=?
14:18:16,263 DEBUG SQL:104 - 
    select
        coursemeet_.courseCode,
        coursemeet_.day,
        coursemeet_.period,
        coursemeet_.location 
    from
        CourseMeeting coursemeet_ 
    where
        coursemeet_.courseCode=? 
        and coursemeet_.day=? 
        and coursemeet_.period=? 
        and coursemeet_.location=?
14:18:16,264 DEBUG SQL:104 - 
    insert 
    into
        Course
        (description, courseCode) 
    values
        (?, ?)
14:18:16,264 DEBUG BaseGeneralDataRegion:59 - Caching[foo.org.hibernate.cache.spi.UpdateTimestampsCache] : [Course] -> [5579090969657344]
14:18:16,264 DEBUG SQL:104 - 
    insert 
    into
        CourseMeeting
        (courseCode, day, period, location) 
    values
        (?, ?, ?, ?)
14:18:16,271 DEBUG BaseGeneralDataRegion:59 - Caching[foo.org.hibernate.cache.spi.UpdateTimestampsCache] : [CourseMeeting] -> [5579090969686016]
14:18:16,271 DEBUG SQL:104 - 
    insert 
    into
        CourseMeeting
        (courseCode, day, period, location) 
    values
        (?, ?, ?, ?)
14:18:16,271 DEBUG BaseGeneralDataRegion:59 - Caching[foo.org.hibernate.cache.spi.UpdateTimestampsCache] : [CourseMeeting] -> [5579090969686017]
14:18:16,271 DEBUG SQL:104 - 
    insert 
    into
        Student
        (name_first, name_middle, name_last, preferredCourseCode, studentId) 
    values
        (?, ?, ?, ?, ?)
14:18:16,271 DEBUG BaseGeneralDataRegion:59 - Caching[foo.org.hibernate.cache.spi.UpdateTimestampsCache] : [Student] -> [5579090969686018]
14:18:16,272 DEBUG SQL:104 - 
    insert 
    into
        Address
        (addressType, street, city, stateProvince, postalCode, country, studentNumber, id) 
    values
        (?, ?, ?, ?, ?, ?, ?, ?)
14:18:16,280 DEBUG BaseGeneralDataRegion:59 - Caching[foo.org.hibernate.cache.spi.UpdateTimestampsCache] : [Address] -> [5579090969722880]
14:18:16,280 DEBUG SQL:104 - 
    insert 
    into
        Address
        (addressType, street, city, stateProvince, postalCode, country, studentNumber, id) 
    values
        (?, ?, ?, ?, ?, ?, ?, ?)
14:18:16,281 DEBUG BaseGeneralDataRegion:59 - Caching[foo.org.hibernate.cache.spi.UpdateTimestampsCache] : [Address] -> [5579090969726976]
14:18:16,281 DEBUG SQL:104 - 
    insert 
    into
        Student
        (name_first, name_middle, name_last, preferredCourseCode, studentId) 
    values
        (?, ?, ?, ?, ?)
14:18:16,281 DEBUG BaseGeneralDataRegion:59 - Caching[foo.org.hibernate.cache.spi.UpdateTimestampsCache] : [Student] -> [5579090969726977]
14:18:16,281 DEBUG SQL:104 - 
    insert 
    into
        Enrolment
        (semester, "year", studentId, courseCode) 
    values
        (?, ?, ?, ?)
14:18:16,281 DEBUG BaseGeneralDataRegion:59 - Caching[foo.org.hibernate.cache.spi.UpdateTimestampsCache] : [Enrolment] -> [5579090969726978]
14:18:16,281 DEBUG SQL:104 - 
    insert 
    into
        Enrolment
        (semester, "year", studentId, courseCode) 
    values
        (?, ?, ?, ?)
14:18:16,291 DEBUG BaseGeneralDataRegion:59 - Caching[foo.org.hibernate.cache.spi.UpdateTimestampsCache] : [Enrolment] -> [5579090969767936]
14:18:16,291 DEBUG BaseGeneralDataRegion:59 - Caching[foo.org.hibernate.cache.spi.UpdateTimestampsCache] : [CourseMeeting] -> [5579090969767937]
14:18:16,291 DEBUG BaseGeneralDataRegion:59 - Caching[foo.org.hibernate.cache.spi.UpdateTimestampsCache] : [Enrolment] -> [5579090969767938]
14:18:16,291 DEBUG SQL:104 - 
    update
        Address 
    set
        studentNumber=?,
        addressType=? 
    where
        id=?
14:18:16,292 DEBUG SQL:104 - 
    update
        Address 
    set
        studentNumber=?,
        addressType=? 
    where
        id=?
14:18:16,292 DEBUG BaseGeneralDataRegion:59 - Caching[foo.org.hibernate.cache.spi.UpdateTimestampsCache] : [Address] -> [5579090969772032]
14:18:16,292 DEBUG SQL:104 - 
    insert 
    into
        Student_secretCodes
        (studentNumber, i, secretCode) 
    values
        (?, ?, ?)
14:18:16,292 DEBUG BaseGeneralDataRegion:59 - Caching[foo.org.hibernate.cache.spi.UpdateTimestampsCache] : [Student_secretCodes] -> [5579090969772033]
14:18:16,292 DEBUG BaseGeneralDataRegion:59 - Caching[foo.org.hibernate.cache.spi.UpdateTimestampsCache] : [Enrolment] -> [5579090969772034]
14:18:16,292 DEBUG BaseGeneralDataRegion:59 - Caching[foo.org.hibernate.cache.spi.UpdateTimestampsCache] : [Address] -> [5579090969772035]
14:18:16,292 DEBUG SQL:104 - 
    insert 
    into
        Student_secretCodes
        (studentNumber, i, secretCode) 
    values
        (?, ?, ?)
14:18:16,293 DEBUG SQL:104 - 
    insert 
    into
        Student_secretCodes
        (studentNumber, i, secretCode) 
    values
        (?, ?, ?)
14:18:16,293 DEBUG BaseGeneralDataRegion:59 - Caching[foo.org.hibernate.cache.spi.UpdateTimestampsCache] : [Student_secretCodes] -> [5579090969776128]
14:18:16,293 DEBUG BaseGeneralDataRegion:59 - Caching[foo.org.hibernate.cache.spi.UpdateTimestampsCache] : [Student] -> [5579090724016129]
14:18:16,293 DEBUG BaseGeneralDataRegion:59 - Caching[foo.org.hibernate.cache.spi.UpdateTimestampsCache] : [Course] -> [5579090724016129]
14:18:16,293 DEBUG BaseGeneralDataRegion:59 - Caching[foo.org.hibernate.cache.spi.UpdateTimestampsCache] : [Enrolment] -> [5579090724016129]
14:18:16,293 DEBUG BaseGeneralDataRegion:59 - Caching[foo.org.hibernate.cache.spi.UpdateTimestampsCache] : [Student_secretCodes] -> [5579090724016129]
14:18:16,293 DEBUG BaseGeneralDataRegion:59 - Caching[foo.org.hibernate.cache.spi.UpdateTimestampsCache] : [Address] -> [5579090724016129]
14:18:16,293 DEBUG BaseGeneralDataRegion:59 - Caching[foo.org.hibernate.cache.spi.UpdateTimestampsCache] : [CourseMeeting] -> [5579090724016129]
14:18:16,294 DEBUG SQL:104 - 
    select
        student_.studentId,
        student_.name_first as name2_4_,
        student_.name_middle as name3_4_,
        student_.name_last as name4_4_,
        student_.preferredCourseCode as preferre5_4_ 
    from
        Student student_ 
    where
        student_.studentId=?
14:18:16,303 DEBUG SQL:104 - 
    select
        enrolment_.studentId,
        enrolment_.courseCode,
        enrolment_.semester as semester3_,
        enrolment_."year" as year4_3_ 
    from
        Enrolment enrolment_ 
    where
        enrolment_.studentId=? 
        and enrolment_.courseCode=?
14:18:16,303 DEBUG SQL:104 - 
    select
        course_.courseCode,
        course_.description as descript2_1_ 
    from
        Course course_ 
    where
        course_.courseCode=?
14:18:16,304 DEBUG SQL:104 - 
    select
        student_.studentId,
        student_.name_first as name2_4_,
        student_.name_middle as name3_4_,
        student_.name_last as name4_4_,
        student_.preferredCourseCode as preferre5_4_ 
    from
        Student student_ 
    where
        student_.studentId=?
14:18:16,313 DEBUG SQL:104 - 
    select
        enrolment_.studentId,
        enrolment_.courseCode,
        enrolment_.semester as semester3_,
        enrolment_."year" as year4_3_ 
    from
        Enrolment enrolment_ 
    where
        enrolment_.studentId=? 
        and enrolment_.courseCode=?
14:18:16,313 DEBUG SQL:104 - 
    select
        coursemeet_.courseCode,
        coursemeet_.day,
        coursemeet_.period,
        coursemeet_.location 
    from
        CourseMeeting coursemeet_ 
    where
        coursemeet_.courseCode=? 
        and coursemeet_.day=? 
        and coursemeet_.period=? 
        and coursemeet_.location=?
14:18:16,313 DEBUG SQL:104 - 
    select
        coursemeet_.courseCode,
        coursemeet_.day,
        coursemeet_.period,
        coursemeet_.location 
    from
        CourseMeeting coursemeet_ 
    where
        coursemeet_.courseCode=? 
        and coursemeet_.day=? 
        and coursemeet_.period=? 
        and coursemeet_.location=?
14:18:16,314 DEBUG BaseGeneralDataRegion:59 - Caching[foo.org.hibernate.cache.spi.UpdateTimestampsCache] : [Enrolment] -> [5579090969862144]
14:18:16,314 DEBUG SQL:104 - 
    update
        Address 
    set
        studentNumber=null,
        addressType=null 
    where
        studentNumber=?
14:18:16,334 DEBUG BaseGeneralDataRegion:59 - Caching[foo.org.hibernate.cache.spi.UpdateTimestampsCache] : [Address] -> [5579090969944064]
14:18:16,334 DEBUG SQL:104 - 
    delete 
    from
        Student_secretCodes 
    where
        studentNumber=?
14:18:16,334 DEBUG BaseGeneralDataRegion:59 - Caching[foo.org.hibernate.cache.spi.UpdateTimestampsCache] : [Student_secretCodes] -> [5579090969944065]
14:18:16,335 DEBUG BaseGeneralDataRegion:59 - Caching[foo.org.hibernate.cache.spi.UpdateTimestampsCache] : [Enrolment] -> [5579090969948160]
14:18:16,335 DEBUG BaseGeneralDataRegion:59 - Caching[foo.org.hibernate.cache.spi.UpdateTimestampsCache] : [Address] -> [5579090969948161]
14:18:16,335 DEBUG SQL:104 - 
    delete 
    from
        Student_secretCodes 
    where
        studentNumber=?
14:18:16,335 DEBUG BaseGeneralDataRegion:59 - Caching[foo.org.hibernate.cache.spi.UpdateTimestampsCache] : [Student_secretCodes] -> [5579090969948162]
14:18:16,335 DEBUG BaseGeneralDataRegion:59 - Caching[foo.org.hibernate.cache.spi.UpdateTimestampsCache] : [CourseMeeting] -> [5579090969948163]
14:18:16,335 DEBUG SQL:104 - 
    delete 
    from
        Enrolment 
    where
        studentId=? 
        and courseCode=?
14:18:16,343 DEBUG BaseGeneralDataRegion:59 - Caching[foo.org.hibernate.cache.spi.UpdateTimestampsCache] : [Enrolment] -> [5579090969980928]
14:18:16,344 DEBUG SQL:104 - 
    delete 
    from
        Address 
    where
        id=?
14:18:16,344 DEBUG BaseGeneralDataRegion:59 - Caching[foo.org.hibernate.cache.spi.UpdateTimestampsCache] : [Address] -> [5579090969985024]
14:18:16,344 DEBUG SQL:104 - 
    delete 
    from
        Address 
    where
        id=?
14:18:16,344 DEBUG BaseGeneralDataRegion:59 - Caching[foo.org.hibernate.cache.spi.UpdateTimestampsCache] : [Address] -> [5579090969985025]
14:18:16,344 DEBUG SQL:104 - 
    delete 
    from
        Student 
    where
        studentId=?
14:18:16,344 DEBUG BaseGeneralDataRegion:59 - Caching[foo.org.hibernate.cache.spi.UpdateTimestampsCache] : [Student] -> [5579090969985026]
14:18:16,344 DEBUG SQL:104 - 
    delete 
    from
        Enrolment 
    where
        studentId=? 
        and courseCode=?
14:18:16,345 DEBUG BaseGeneralDataRegion:59 - Caching[foo.org.hibernate.cache.spi.UpdateTimestampsCache] : [Enrolment] -> [5579090969989120]
14:18:16,352 DEBUG SQL:104 - 
    delete 
    from
        Student 
    where
        studentId=?
14:18:16,353 DEBUG BaseGeneralDataRegion:59 - Caching[foo.org.hibernate.cache.spi.UpdateTimestampsCache] : [Student] -> [5579090970021888]
14:18:16,353 DEBUG SQL:104 - 
    delete 
    from
        CourseMeeting 
    where
        courseCode=? 
        and day=? 
        and period=? 
        and location=?
14:18:16,353 DEBUG BaseGeneralDataRegion:59 - Caching[foo.org.hibernate.cache.spi.UpdateTimestampsCache] : [CourseMeeting] -> [5579090970021889]
14:18:16,353 DEBUG SQL:104 - 
    delete 
    from
        CourseMeeting 
    where
        courseCode=? 
        and day=? 
        and period=? 
        and location=?
14:18:16,353 DEBUG BaseGeneralDataRegion:59 - Caching[foo.org.hibernate.cache.spi.UpdateTimestampsCache] : [CourseMeeting] -> [5579090970021890]
14:18:16,353 DEBUG SQL:104 - 
    delete 
    from
        Course 
    where
        courseCode=?
14:18:16,363 DEBUG BaseGeneralDataRegion:59 - Caching[foo.org.hibernate.cache.spi.UpdateTimestampsCache] : [Course] -> [5579090970062848]
14:18:16,364 DEBUG BaseGeneralDataRegion:59 - Caching[foo.org.hibernate.cache.spi.UpdateTimestampsCache] : [Student] -> [5579090724306944]
14:18:16,364 DEBUG BaseGeneralDataRegion:59 - Caching[foo.org.hibernate.cache.spi.UpdateTimestampsCache] : [Course] -> [5579090724306944]
14:18:16,364 DEBUG BaseGeneralDataRegion:59 - Caching[foo.org.hibernate.cache.spi.UpdateTimestampsCache] : [Enrolment] -> [5579090724306944]
14:18:16,364 DEBUG BaseGeneralDataRegion:59 - Caching[foo.org.hibernate.cache.spi.UpdateTimestampsCache] : [Student_secretCodes] -> [5579090724306944]
14:18:16,364 DEBUG BaseGeneralDataRegion:59 - Caching[foo.org.hibernate.cache.spi.UpdateTimestampsCache] : [Address] -> [5579090724306944]
14:18:16,364 DEBUG BaseGeneralDataRegion:59 - Caching[foo.org.hibernate.cache.spi.UpdateTimestampsCache] : [CourseMeeting] -> [5579090724306944]
14:18:16,365  INFO CustomRunner:139 - Test: testJoinWithFetchJoinWithPropAndOwnerProjectedList
14:18:16,366 DEBUG SQL:104 - 
    select
        coursemeet_.courseCode,
        coursemeet_.day,
        coursemeet_.period,
        coursemeet_.location 
    from
        CourseMeeting coursemeet_ 
    where
        coursemeet_.courseCode=? 
        and coursemeet_.day=? 
        and coursemeet_.period=? 
        and coursemeet_.location=?
14:18:16,366 DEBUG SQL:104 - 
    select
        coursemeet_.courseCode,
        coursemeet_.day,
        coursemeet_.period,
        coursemeet_.location 
    from
        CourseMeeting coursemeet_ 
    where
        coursemeet_.courseCode=? 
        and coursemeet_.day=? 
        and coursemeet_.period=? 
        and coursemeet_.location=?
14:18:16,377 DEBUG SQL:104 - 
    insert 
    into
        Course
        (description, courseCode) 
    values
        (?, ?)
14:18:16,377 DEBUG BaseGeneralDataRegion:59 - Caching[foo.org.hibernate.cache.spi.UpdateTimestampsCache] : [Course] -> [5579090970120192]
14:18:16,377 DEBUG SQL:104 - 
    insert 
    into
        CourseMeeting
        (courseCode, day, period, location) 
    values
        (?, ?, ?, ?)
14:18:16,377 DEBUG BaseGeneralDataRegion:59 - Caching[foo.org.hibernate.cache.spi.UpdateTimestampsCache] : [CourseMeeting] -> [5579090970120193]
14:18:16,377 DEBUG SQL:104 - 
    insert 
    into
        CourseMeeting
        (courseCode, day, period, location) 
    values
        (?, ?, ?, ?)
14:18:16,386 DEBUG BaseGeneralDataRegion:59 - Caching[foo.org.hibernate.cache.spi.UpdateTimestampsCache] : [CourseMeeting] -> [5579090970157056]
14:18:16,386 DEBUG SQL:104 - 
    insert 
    into
        Student
        (name_first, name_middle, name_last, preferredCourseCode, studentId) 
    values
        (?, ?, ?, ?, ?)
14:18:16,387 DEBUG BaseGeneralDataRegion:59 - Caching[foo.org.hibernate.cache.spi.UpdateTimestampsCache] : [Student] -> [5579090970161152]
14:18:16,387 DEBUG SQL:104 - 
    insert 
    into
        Address
        (addressType, street, city, stateProvince, postalCode, country, studentNumber, id) 
    values
        (?, ?, ?, ?, ?, ?, ?, ?)
14:18:16,387 DEBUG BaseGeneralDataRegion:59 - Caching[foo.org.hibernate.cache.spi.UpdateTimestampsCache] : [Address] -> [5579090970161153]
14:18:16,387 DEBUG SQL:104 - 
    insert 
    into
        Address
        (addressType, street, city, stateProvince, postalCode, country, studentNumber, id) 
    values
        (?, ?, ?, ?, ?, ?, ?, ?)
14:18:16,387 DEBUG BaseGeneralDataRegion:59 - Caching[foo.org.hibernate.cache.spi.UpdateTimestampsCache] : [Address] -> [5579090970161154]
14:18:16,387 DEBUG SQL:104 - 
    insert 
    into
        Student
        (name_first, name_middle, name_last, preferredCourseCode, studentId) 
    values
        (?, ?, ?, ?, ?)
14:18:16,395 DEBUG BaseGeneralDataRegion:59 - Caching[foo.org.hibernate.cache.spi.UpdateTimestampsCache] : [Student] -> [5579090970193920]
14:18:16,396 DEBUG SQL:104 - 
    insert 
    into
        Enrolment
        (semester, "year", studentId, courseCode) 
    values
        (?, ?, ?, ?)
14:18:16,396 DEBUG BaseGeneralDataRegion:59 - Caching[foo.org.hibernate.cache.spi.UpdateTimestampsCache] : [Enrolment] -> [5579090970198016]
14:18:16,396 DEBUG SQL:104 - 
    insert 
    into
        Enrolment
        (semester, "year", studentId, courseCode) 
    values
        (?, ?, ?, ?)
14:18:16,396 DEBUG BaseGeneralDataRegion:59 - Caching[foo.org.hibernate.cache.spi.UpdateTimestampsCache] : [Enrolment] -> [5579090970198017]
14:18:16,396 DEBUG BaseGeneralDataRegion:59 - Caching[foo.org.hibernate.cache.spi.UpdateTimestampsCache] : [CourseMeeting] -> [5579090970198018]
14:18:16,396 DEBUG BaseGeneralDataRegion:59 - Caching[foo.org.hibernate.cache.spi.UpdateTimestampsCache] : [Enrolment] -> [5579090970198019]
14:18:16,396 DEBUG SQL:104 - 
    update
        Address 
    set
        studentNumber=?,
        addressType=? 
    where
        id=?
14:18:16,406 DEBUG SQL:104 - 
    update
        Address 
    set
        studentNumber=?,
        addressType=? 
    where
        id=?
14:18:16,407 DEBUG BaseGeneralDataRegion:59 - Caching[foo.org.hibernate.cache.spi.UpdateTimestampsCache] : [Address] -> [5579090970243072]
14:18:16,407 DEBUG SQL:104 - 
    insert 
    into
        Student_secretCodes
        (studentNumber, i, secretCode) 
    values
        (?, ?, ?)
14:18:16,407 DEBUG BaseGeneralDataRegion:59 - Caching[foo.org.hibernate.cache.spi.UpdateTimestampsCache] : [Student_secretCodes] -> [5579090970243073]
14:18:16,407 DEBUG BaseGeneralDataRegion:59 - Caching[foo.org.hibernate.cache.spi.UpdateTimestampsCache] : [Enrolment] -> [5579090970243074]
14:18:16,407 DEBUG BaseGeneralDataRegion:59 - Caching[foo.org.hibernate.cache.spi.UpdateTimestampsCache] : [Address] -> [5579090970243075]
14:18:16,407 DEBUG SQL:104 - 
    insert 
    into
        Student_secretCodes
        (studentNumber, i, secretCode) 
    values
        (?, ?, ?)
14:18:16,407 DEBUG SQL:104 - 
    insert 
    into
        Student_secretCodes
        (studentNumber, i, secretCode) 
    values
        (?, ?, ?)
14:18:16,415 DEBUG BaseGeneralDataRegion:59 - Caching[foo.org.hibernate.cache.spi.UpdateTimestampsCache] : [Student_secretCodes] -> [5579090970275840]
14:18:16,416 DEBUG BaseGeneralDataRegion:59 - Caching[foo.org.hibernate.cache.spi.UpdateTimestampsCache] : [Student] -> [5579090724519936]
14:18:16,416 DEBUG BaseGeneralDataRegion:59 - Caching[foo.org.hibernate.cache.spi.UpdateTimestampsCache] : [Course] -> [5579090724519936]
14:18:16,416 DEBUG BaseGeneralDataRegion:59 - Caching[foo.org.hibernate.cache.spi.UpdateTimestampsCache] : [Enrolment] -> [5579090724519936]
14:18:16,416 DEBUG BaseGeneralDataRegion:59 - Caching[foo.org.hibernate.cache.spi.UpdateTimestampsCache] : [Student_secretCodes] -> [5579090724519936]
14:18:16,416 DEBUG BaseGeneralDataRegion:59 - Caching[foo.org.hibernate.cache.spi.UpdateTimestampsCache] : [Address] -> [5579090724519936]
14:18:16,416 DEBUG BaseGeneralDataRegion:59 - Caching[foo.org.hibernate.cache.spi.UpdateTimestampsCache] : [CourseMeeting] -> [5579090724519936]
14:18:16,417 DEBUG SQL:104 - 
    select
        student_.studentId,
        student_.name_first as name2_4_,
        student_.name_middle as name3_4_,
        student_.name_last as name4_4_,
        student_.preferredCourseCode as preferre5_4_ 
    from
        Student student_ 
    where
        student_.studentId=?
14:18:16,417 DEBUG SQL:104 - 
    select
        enrolment_.studentId,
        enrolment_.courseCode,
        enrolment_.semester as semester3_,
        enrolment_."year" as year4_3_ 
    from
        Enrolment enrolment_ 
    where
        enrolment_.studentId=? 
        and enrolment_.courseCode=?
14:18:16,417 DEBUG SQL:104 - 
    select
        course_.courseCode,
        course_.description as descript2_1_ 
    from
        Course course_ 
    where
        course_.courseCode=?
14:18:16,418 DEBUG SQL:104 - 
    select
        student_.studentId,
        student_.name_first as name2_4_,
        student_.name_middle as name3_4_,
        student_.name_last as name4_4_,
        student_.preferredCourseCode as preferre5_4_ 
    from
        Student student_ 
    where
        student_.studentId=?
14:18:16,418 DEBUG SQL:104 - 
    select
        enrolment_.studentId,
        enrolment_.courseCode,
        enrolment_.semester as semester3_,
        enrolment_."year" as year4_3_ 
    from
        Enrolment enrolment_ 
    where
        enrolment_.studentId=? 
        and enrolment_.courseCode=?
14:18:16,429 DEBUG SQL:104 - 
    select
        coursemeet_.courseCode,
        coursemeet_.day,
        coursemeet_.period,
        coursemeet_.location 
    from
        CourseMeeting coursemeet_ 
    where
        coursemeet_.courseCode=? 
        and coursemeet_.day=? 
        and coursemeet_.period=? 
        and coursemeet_.location=?
14:18:16,429 DEBUG SQL:104 - 
    select
        coursemeet_.courseCode,
        coursemeet_.day,
        coursemeet_.period,
        coursemeet_.location 
    from
        CourseMeeting coursemeet_ 
    where
        coursemeet_.courseCode=? 
        and coursemeet_.day=? 
        and coursemeet_.period=? 
        and coursemeet_.location=?
14:18:16,430 DEBUG BaseGeneralDataRegion:59 - Caching[foo.org.hibernate.cache.spi.UpdateTimestampsCache] : [Enrolment] -> [5579090970337280]
14:18:16,440 DEBUG SQL:104 - 
    update
        Address 
    set
        studentNumber=null,
        addressType=null 
    where
        studentNumber=?
14:18:16,440 DEBUG BaseGeneralDataRegion:59 - Caching[foo.org.hibernate.cache.spi.UpdateTimestampsCache] : [Address] -> [5579090970378240]
14:18:16,440 DEBUG SQL:104 - 
    delete 
    from
        Student_secretCodes 
    where
        studentNumber=?
14:18:16,440 DEBUG BaseGeneralDataRegion:59 - Caching[foo.org.hibernate.cache.spi.UpdateTimestampsCache] : [Student_secretCodes] -> [5579090970378241]
14:18:16,440 DEBUG BaseGeneralDataRegion:59 - Caching[foo.org.hibernate.cache.spi.UpdateTimestampsCache] : [Enrolment] -> [5579090970378242]
14:18:16,441 DEBUG BaseGeneralDataRegion:59 - Caching[foo.org.hibernate.cache.spi.UpdateTimestampsCache] : [Address] -> [5579090970382336]
14:18:16,441 DEBUG SQL:104 - 
    delete 
    from
        Student_secretCodes 
    where
        studentNumber=?
14:18:16,441 DEBUG BaseGeneralDataRegion:59 - Caching[foo.org.hibernate.cache.spi.UpdateTimestampsCache] : [Student_secretCodes] -> [5579090970382337]
14:18:16,441 DEBUG BaseGeneralDataRegion:59 - Caching[foo.org.hibernate.cache.spi.UpdateTimestampsCache] : [CourseMeeting] -> [5579090970382338]
14:18:16,441 DEBUG SQL:104 - 
    delete 
    from
        Enrolment 
    where
        studentId=? 
        and courseCode=?
14:18:16,441 DEBUG BaseGeneralDataRegion:59 - Caching[foo.org.hibernate.cache.spi.UpdateTimestampsCache] : [Enrolment] -> [5579090970382339]
14:18:16,441 DEBUG SQL:104 - 
    delete 
    from
        Address 
    where
        id=?
14:18:16,442 DEBUG BaseGeneralDataRegion:59 - Caching[foo.org.hibernate.cache.spi.UpdateTimestampsCache] : [Address] -> [5579090970386432]
14:18:16,442 DEBUG SQL:104 - 
    delete 
    from
        Address 
    where
        id=?
14:18:16,461 DEBUG BaseGeneralDataRegion:59 - Caching[foo.org.hibernate.cache.spi.UpdateTimestampsCache] : [Address] -> [5579090970464256]
14:18:16,461 DEBUG SQL:104 - 
    delete 
    from
        Student 
    where
        studentId=?
14:18:16,462 DEBUG BaseGeneralDataRegion:59 - Caching[foo.org.hibernate.cache.spi.UpdateTimestampsCache] : [Student] -> [5579090970468352]
14:18:16,462 DEBUG SQL:104 - 
    delete 
    from
        Enrolment 
    where
        studentId=? 
        and courseCode=?
14:18:16,462 DEBUG BaseGeneralDataRegion:59 - Caching[foo.org.hibernate.cache.spi.UpdateTimestampsCache] : [Enrolment] -> [5579090970468353]
14:18:16,462 DEBUG SQL:104 - 
    delete 
    from
        Student 
    where
        studentId=?
14:18:16,462 DEBUG BaseGeneralDataRegion:59 - Caching[foo.org.hibernate.cache.spi.UpdateTimestampsCache] : [Student] -> [5579090970468354]
14:18:16,462 DEBUG SQL:104 - 
    delete 
    from
        CourseMeeting 
    where
        courseCode=? 
        and day=? 
        and period=? 
        and location=?
14:18:16,471 DEBUG BaseGeneralDataRegion:59 - Caching[foo.org.hibernate.cache.spi.UpdateTimestampsCache] : [CourseMeeting] -> [5579090970505216]
14:18:16,471 DEBUG SQL:104 - 
    delete 
    from
        CourseMeeting 
    where
        courseCode=? 
        and day=? 
        and period=? 
        and location=?
14:18:16,471 DEBUG BaseGeneralDataRegion:59 - Caching[foo.org.hibernate.cache.spi.UpdateTimestampsCache] : [CourseMeeting] -> [5579090970505217]
14:18:16,471 DEBUG SQL:104 - 
    delete 
    from
        Course 
    where
        courseCode=?
14:18:16,471 DEBUG BaseGeneralDataRegion:59 - Caching[foo.org.hibernate.cache.spi.UpdateTimestampsCache] : [Course] -> [5579090970505218]
14:18:16,472 DEBUG BaseGeneralDataRegion:59 - Caching[foo.org.hibernate.cache.spi.UpdateTimestampsCache] : [Student] -> [5579090724749312]
14:18:16,472 DEBUG BaseGeneralDataRegion:59 - Caching[foo.org.hibernate.cache.spi.UpdateTimestampsCache] : [Course] -> [5579090724749312]
14:18:16,472 DEBUG BaseGeneralDataRegion:59 - Caching[foo.org.hibernate.cache.spi.UpdateTimestampsCache] : [Enrolment] -> [5579090724749312]
14:18:16,472 DEBUG BaseGeneralDataRegion:59 - Caching[foo.org.hibernate.cache.spi.UpdateTimestampsCache] : [Student_secretCodes] -> [5579090724749312]
14:18:16,472 DEBUG BaseGeneralDataRegion:59 - Caching[foo.org.hibernate.cache.spi.UpdateTimestampsCache] : [Address] -> [5579090724749312]
14:18:16,472 DEBUG BaseGeneralDataRegion:59 - Caching[foo.org.hibernate.cache.spi.UpdateTimestampsCache] : [CourseMeeting] -> [5579090724749312]
14:18:16,472  INFO CustomRunner:139 - Test: testListElementsProjectionList
14:18:16,481 DEBUG SQL:104 - 
    select
        coursemeet_.courseCode,
        coursemeet_.day,
        coursemeet_.period,
        coursemeet_.location 
    from
        CourseMeeting coursemeet_ 
    where
        coursemeet_.courseCode=? 
        and coursemeet_.day=? 
        and coursemeet_.period=? 
        and coursemeet_.location=?
14:18:16,482 DEBUG SQL:104 - 
    select
        coursemeet_.courseCode,
        coursemeet_.day,
        coursemeet_.period,
        coursemeet_.location 
    from
        CourseMeeting coursemeet_ 
    where
        coursemeet_.courseCode=? 
        and coursemeet_.day=? 
        and coursemeet_.period=? 
        and coursemeet_.location=?
14:18:16,483 DEBUG SQL:104 - 
    insert 
    into
        Course
        (description, courseCode) 
    values
        (?, ?)
14:18:16,491 DEBUG BaseGeneralDataRegion:59 - Caching[foo.org.hibernate.cache.spi.UpdateTimestampsCache] : [Course] -> [5579090970587136]
14:18:16,492 DEBUG SQL:104 - 
    insert 
    into
        CourseMeeting
        (courseCode, day, period, location) 
    values
        (?, ?, ?, ?)
14:18:16,492 DEBUG BaseGeneralDataRegion:59 - Caching[foo.org.hibernate.cache.spi.UpdateTimestampsCache] : [CourseMeeting] -> [5579090970591232]
14:18:16,492 DEBUG SQL:104 - 
    insert 
    into
        CourseMeeting
        (courseCode, day, period, location) 
    values
        (?, ?, ?, ?)
14:18:16,492 DEBUG BaseGeneralDataRegion:59 - Caching[foo.org.hibernate.cache.spi.UpdateTimestampsCache] : [CourseMeeting] -> [5579090970591233]
14:18:16,492 DEBUG SQL:104 - 
    insert 
    into
        Student
        (name_first, name_middle, name_last, preferredCourseCode, studentId) 
    values
        (?, ?, ?, ?, ?)
14:18:16,493 DEBUG BaseGeneralDataRegion:59 - Caching[foo.org.hibernate.cache.spi.UpdateTimestampsCache] : [Student] -> [5579090970595328]
14:18:16,493 DEBUG SQL:104 - 
    insert 
    into
        Address
        (addressType, street, city, stateProvince, postalCode, country, studentNumber, id) 
    values
        (?, ?, ?, ?, ?, ?, ?, ?)
14:18:16,502 DEBUG BaseGeneralDataRegion:59 - Caching[foo.org.hibernate.cache.spi.UpdateTimestampsCache] : [Address] -> [5579090970632192]
14:18:16,502 DEBUG SQL:104 - 
    insert 
    into
        Address
        (addressType, street, city, stateProvince, postalCode, country, studentNumber, id) 
    values
        (?, ?, ?, ?, ?, ?, ?, ?)
14:18:16,536 DEBUG BaseGeneralDataRegion:59 - Caching[foo.org.hibernate.cache.spi.UpdateTimestampsCache] : [Address] -> [5579090970771456]
14:18:16,536 DEBUG SQL:104 - 
    insert 
    into
        Student
        (name_first, name_middle, name_last, preferredCourseCode, studentId) 
    values
        (?, ?, ?, ?, ?)
14:18:16,536 DEBUG BaseGeneralDataRegion:59 - Caching[foo.org.hibernate.cache.spi.UpdateTimestampsCache] : [Student] -> [5579090970771457]
14:18:16,537 DEBUG SQL:104 - 
    insert 
    into
        Enrolment
        (semester, "year", studentId, courseCode) 
    values
        (?, ?, ?, ?)
14:18:16,537 DEBUG BaseGeneralDataRegion:59 - Caching[foo.org.hibernate.cache.spi.UpdateTimestampsCache] : [Enrolment] -> [5579090970775552]
14:18:16,537 DEBUG SQL:104 - 
    insert 
    into
        Enrolment
        (semester, "year", studentId, courseCode) 
    values
        (?, ?, ?, ?)
14:18:16,537 DEBUG BaseGeneralDataRegion:59 - Caching[foo.org.hibernate.cache.spi.UpdateTimestampsCache] : [Enrolment] -> [5579090970775553]
14:18:16,537 DEBUG BaseGeneralDataRegion:59 - Caching[foo.org.hibernate.cache.spi.UpdateTimestampsCache] : [CourseMeeting] -> [5579090970775554]
14:18:16,537 DEBUG BaseGeneralDataRegion:59 - Caching[foo.org.hibernate.cache.spi.UpdateTimestampsCache] : [Enrolment] -> [5579090970775555]
14:18:16,537 DEBUG SQL:104 - 
    update
        Address 
    set
        studentNumber=?,
        addressType=? 
    where
        id=?
14:18:16,538 DEBUG SQL:104 - 
    update
        Address 
    set
        studentNumber=?,
        addressType=? 
    where
        id=?
14:18:16,538 DEBUG BaseGeneralDataRegion:59 - Caching[foo.org.hibernate.cache.spi.UpdateTimestampsCache] : [Address] -> [5579090970779648]
14:18:16,538 DEBUG SQL:104 - 
    insert 
    into
        Student_secretCodes
        (studentNumber, i, secretCode) 
    values
        (?, ?, ?)
14:18:16,538 DEBUG BaseGeneralDataRegion:59 - Caching[foo.org.hibernate.cache.spi.UpdateTimestampsCache] : [Student_secretCodes] -> [5579090970779649]
14:18:16,538 DEBUG BaseGeneralDataRegion:59 - Caching[foo.org.hibernate.cache.spi.UpdateTimestampsCache] : [Enrolment] -> [5579090970779650]
14:18:16,538 DEBUG BaseGeneralDataRegion:59 - Caching[foo.org.hibernate.cache.spi.UpdateTimestampsCache] : [Address] -> [5579090970779651]
14:18:16,538 DEBUG SQL:104 - 
    insert 
    into
        Student_secretCodes
        (studentNumber, i, secretCode) 
    values
        (?, ?, ?)
14:18:16,539 DEBUG SQL:104 - 
    insert 
    into
        Student_secretCodes
        (studentNumber, i, secretCode) 
    values
        (?, ?, ?)
14:18:16,539 DEBUG BaseGeneralDataRegion:59 - Caching[foo.org.hibernate.cache.spi.UpdateTimestampsCache] : [Student_secretCodes] -> [5579090970783744]
14:18:16,539 DEBUG BaseGeneralDataRegion:59 - Caching[foo.org.hibernate.cache.spi.UpdateTimestampsCache] : [Student] -> [5579090725023745]
14:18:16,539 DEBUG BaseGeneralDataRegion:59 - Caching[foo.org.hibernate.cache.spi.UpdateTimestampsCache] : [Course] -> [5579090725023745]
14:18:16,539 DEBUG BaseGeneralDataRegion:59 - Caching[foo.org.hibernate.cache.spi.UpdateTimestampsCache] : [Enrolment] -> [5579090725023745]
14:18:16,539 DEBUG BaseGeneralDataRegion:59 - Caching[foo.org.hibernate.cache.spi.UpdateTimestampsCache] : [Student_secretCodes] -> [5579090725023745]
14:18:16,539 DEBUG BaseGeneralDataRegion:59 - Caching[foo.org.hibernate.cache.spi.UpdateTimestampsCache] : [Address] -> [5579090725023745]
14:18:16,539 DEBUG BaseGeneralDataRegion:59 - Caching[foo.org.hibernate.cache.spi.UpdateTimestampsCache] : [CourseMeeting] -> [5579090725023745]
14:18:16,540 DEBUG SQL:104 - 
    select
        student_.studentId,
        student_.name_first as name2_4_,
        student_.name_middle as name3_4_,
        student_.name_last as name4_4_,
        student_.preferredCourseCode as preferre5_4_ 
    from
        Student student_ 
    where
        student_.studentId=?
14:18:16,541 DEBUG SQL:104 - 
    select
        enrolment_.studentId,
        enrolment_.courseCode,
        enrolment_.semester as semester3_,
        enrolment_."year" as year4_3_ 
    from
        Enrolment enrolment_ 
    where
        enrolment_.studentId=? 
        and enrolment_.courseCode=?
14:18:16,541 DEBUG SQL:104 - 
    select
        course_.courseCode,
        course_.description as descript2_1_ 
    from
        Course course_ 
    where
        course_.courseCode=?
14:18:16,541 DEBUG SQL:104 - 
    select
        student_.studentId,
        student_.name_first as name2_4_,
        student_.name_middle as name3_4_,
        student_.name_last as name4_4_,
        student_.preferredCourseCode as preferre5_4_ 
    from
        Student student_ 
    where
        student_.studentId=?
14:18:16,551 DEBUG SQL:104 - 
    select
        enrolment_.studentId,
        enrolment_.courseCode,
        enrolment_.semester as semester3_,
        enrolment_."year" as year4_3_ 
    from
        Enrolment enrolment_ 
    where
        enrolment_.studentId=? 
        and enrolment_.courseCode=?
14:18:16,551 DEBUG SQL:104 - 
    select
        coursemeet_.courseCode,
        coursemeet_.day,
        coursemeet_.period,
        coursemeet_.location 
    from
        CourseMeeting coursemeet_ 
    where
        coursemeet_.courseCode=? 
        and coursemeet_.day=? 
        and coursemeet_.period=? 
        and coursemeet_.location=?
14:18:16,552 DEBUG SQL:104 - 
    select
        coursemeet_.courseCode,
        coursemeet_.day,
        coursemeet_.period,
        coursemeet_.location 
    from
        CourseMeeting coursemeet_ 
    where
        coursemeet_.courseCode=? 
        and coursemeet_.day=? 
        and coursemeet_.period=? 
        and coursemeet_.location=?
14:18:16,552 DEBUG BaseGeneralDataRegion:59 - Caching[foo.org.hibernate.cache.spi.UpdateTimestampsCache] : [Enrolment] -> [5579090970836992]
14:18:16,552 DEBUG SQL:104 - 
    update
        Address 
    set
        studentNumber=null,
        addressType=null 
    where
        studentNumber=?
14:18:16,553 DEBUG BaseGeneralDataRegion:59 - Caching[foo.org.hibernate.cache.spi.UpdateTimestampsCache] : [Address] -> [5579090970841088]
14:18:16,553 DEBUG SQL:104 - 
    delete 
    from
        Student_secretCodes 
    where
        studentNumber=?
14:18:16,565 DEBUG BaseGeneralDataRegion:59 - Caching[foo.org.hibernate.cache.spi.UpdateTimestampsCache] : [Student_secretCodes] -> [5579090970890240]
14:18:16,565 DEBUG BaseGeneralDataRegion:59 - Caching[foo.org.hibernate.cache.spi.UpdateTimestampsCache] : [Enrolment] -> [5579090970890241]
14:18:16,565 DEBUG BaseGeneralDataRegion:59 - Caching[foo.org.hibernate.cache.spi.UpdateTimestampsCache] : [Address] -> [5579090970890242]
14:18:16,565 DEBUG SQL:104 - 
    delete 
    from
        Student_secretCodes 
    where
        studentNumber=?
14:18:16,565 DEBUG BaseGeneralDataRegion:59 - Caching[foo.org.hibernate.cache.spi.UpdateTimestampsCache] : [Student_secretCodes] -> [5579090970890243]
14:18:16,565 DEBUG BaseGeneralDataRegion:59 - Caching[foo.org.hibernate.cache.spi.UpdateTimestampsCache] : [CourseMeeting] -> [5579090970890244]
14:18:16,565 DEBUG SQL:104 - 
    delete 
    from
        Enrolment 
    where
        studentId=? 
        and courseCode=?
14:18:16,566 DEBUG BaseGeneralDataRegion:59 - Caching[foo.org.hibernate.cache.spi.UpdateTimestampsCache] : [Enrolment] -> [5579090970894336]
14:18:16,566 DEBUG SQL:104 - 
    delete 
    from
        Address 
    where
        id=?
14:18:16,566 DEBUG BaseGeneralDataRegion:59 - Caching[foo.org.hibernate.cache.spi.UpdateTimestampsCache] : [Address] -> [5579090970894337]
14:18:16,566 DEBUG SQL:104 - 
    delete 
    from
        Address 
    where
        id=?
14:18:16,575 DEBUG BaseGeneralDataRegion:59 - Caching[foo.org.hibernate.cache.spi.UpdateTimestampsCache] : [Address] -> [5579090970931200]
14:18:16,576 DEBUG SQL:104 - 
    delete 
    from
        Student 
    where
        studentId=?
14:18:16,576 DEBUG BaseGeneralDataRegion:59 - Caching[foo.org.hibernate.cache.spi.UpdateTimestampsCache] : [Student] -> [5579090970935296]
14:18:16,576 DEBUG SQL:104 - 
    delete 
    from
        Enrolment 
    where
        studentId=? 
        and courseCode=?
14:18:16,576 DEBUG BaseGeneralDataRegion:59 - Caching[foo.org.hibernate.cache.spi.UpdateTimestampsCache] : [Enrolment] -> [5579090970935297]
14:18:16,576 DEBUG SQL:104 - 
    delete 
    from
        Student 
    where
        studentId=?
14:18:16,576 DEBUG BaseGeneralDataRegion:59 - Caching[foo.org.hibernate.cache.spi.UpdateTimestampsCache] : [Student] -> [5579090970935298]
14:18:16,576 DEBUG SQL:104 - 
    delete 
    from
        CourseMeeting 
    where
        courseCode=? 
        and day=? 
        and period=? 
        and location=?
14:18:16,577 DEBUG BaseGeneralDataRegion:59 - Caching[foo.org.hibernate.cache.spi.UpdateTimestampsCache] : [CourseMeeting] -> [5579090970939392]
14:18:16,577 DEBUG SQL:104 - 
    delete 
    from
        CourseMeeting 
    where
        courseCode=? 
        and day=? 
        and period=? 
        and location=?
14:18:16,599 DEBUG BaseGeneralDataRegion:59 - Caching[foo.org.hibernate.cache.spi.UpdateTimestampsCache] : [CourseMeeting] -> [5579090971029504]
14:18:16,599 DEBUG SQL:104 - 
    delete 
    from
        Course 
    where
        courseCode=?
14:18:16,600 DEBUG BaseGeneralDataRegion:59 - Caching[foo.org.hibernate.cache.spi.UpdateTimestampsCache] : [Course] -> [5579090971033600]
14:18:16,600 DEBUG BaseGeneralDataRegion:59 - Caching[foo.org.hibernate.cache.spi.UpdateTimestampsCache] : [Student] -> [5579090725273601]
14:18:16,600 DEBUG BaseGeneralDataRegion:59 - Caching[foo.org.hibernate.cache.spi.UpdateTimestampsCache] : [Course] -> [5579090725273601]
14:18:16,600 DEBUG BaseGeneralDataRegion:59 - Caching[foo.org.hibernate.cache.spi.UpdateTimestampsCache] : [Enrolment] -> [5579090725273601]
14:18:16,600 DEBUG BaseGeneralDataRegion:59 - Caching[foo.org.hibernate.cache.spi.UpdateTimestampsCache] : [Student_secretCodes] -> [5579090725273601]
14:18:16,600 DEBUG BaseGeneralDataRegion:59 - Caching[foo.org.hibernate.cache.spi.UpdateTimestampsCache] : [Address] -> [5579090725273601]
14:18:16,600 DEBUG BaseGeneralDataRegion:59 - Caching[foo.org.hibernate.cache.spi.UpdateTimestampsCache] : [CourseMeeting] -> [5579090725273601]
14:18:16,601  INFO CustomRunner:139 - Test: testMapElementsList
14:18:16,602 DEBUG SQL:104 - 
    select
        coursemeet_.courseCode,
        coursemeet_.day,
        coursemeet_.period,
        coursemeet_.location 
    from
        CourseMeeting coursemeet_ 
    where
        coursemeet_.courseCode=? 
        and coursemeet_.day=? 
        and coursemeet_.period=? 
        and coursemeet_.location=?
14:18:16,611 DEBUG SQL:104 - 
    select
        coursemeet_.courseCode,
        coursemeet_.day,
        coursemeet_.period,
        coursemeet_.location 
    from
        CourseMeeting coursemeet_ 
    where
        coursemeet_.courseCode=? 
        and coursemeet_.day=? 
        and coursemeet_.period=? 
        and coursemeet_.location=?
14:18:16,612 DEBUG SQL:104 - 
    insert 
    into
        Course
        (description, courseCode) 
    values
        (?, ?)
14:18:16,612 DEBUG BaseGeneralDataRegion:59 - Caching[foo.org.hibernate.cache.spi.UpdateTimestampsCache] : [Course] -> [5579090971082752]
14:18:16,612 DEBUG SQL:104 - 
    insert 
    into
        CourseMeeting
        (courseCode, day, period, location) 
    values
        (?, ?, ?, ?)
14:18:16,612 DEBUG BaseGeneralDataRegion:59 - Caching[foo.org.hibernate.cache.spi.UpdateTimestampsCache] : [CourseMeeting] -> [5579090971082753]
14:18:16,613 DEBUG SQL:104 - 
    insert 
    into
        CourseMeeting
        (courseCode, day, period, location) 
    values
        (?, ?, ?, ?)
14:18:16,613 DEBUG BaseGeneralDataRegion:59 - Caching[foo.org.hibernate.cache.spi.UpdateTimestampsCache] : [CourseMeeting] -> [5579090971086848]
14:18:16,613 DEBUG SQL:104 - 
    insert 
    into
        Student
        (name_first, name_middle, name_last, preferredCourseCode, studentId) 
    values
        (?, ?, ?, ?, ?)
14:18:16,613 DEBUG BaseGeneralDataRegion:59 - Caching[foo.org.hibernate.cache.spi.UpdateTimestampsCache] : [Student] -> [5579090971086849]
14:18:16,613 DEBUG SQL:104 - 
    insert 
    into
        Address
        (addressType, street, city, stateProvince, postalCode, country, studentNumber, id) 
    values
        (?, ?, ?, ?, ?, ?, ?, ?)
14:18:16,613 DEBUG BaseGeneralDataRegion:59 - Caching[foo.org.hibernate.cache.spi.UpdateTimestampsCache] : [Address] -> [5579090971086850]
14:18:16,613 DEBUG SQL:104 - 
    insert 
    into
        Address
        (addressType, street, city, stateProvince, postalCode, country, studentNumber, id) 
    values
        (?, ?, ?, ?, ?, ?, ?, ?)
14:18:16,614 DEBUG BaseGeneralDataRegion:59 - Caching[foo.org.hibernate.cache.spi.UpdateTimestampsCache] : [Address] -> [5579090971090944]
14:18:16,614 DEBUG SQL:104 - 
    insert 
    into
        Student
        (name_first, name_middle, name_last, preferredCourseCode, studentId) 
    values
        (?, ?, ?, ?, ?)
14:18:16,614 DEBUG BaseGeneralDataRegion:59 - Caching[foo.org.hibernate.cache.spi.UpdateTimestampsCache] : [Student] -> [5579090971090945]
14:18:16,614 DEBUG SQL:104 - 
    insert 
    into
        Enrolment
        (semester, "year", studentId, courseCode) 
    values
        (?, ?, ?, ?)
14:18:16,630 DEBUG BaseGeneralDataRegion:59 - Caching[foo.org.hibernate.cache.spi.UpdateTimestampsCache] : [Enrolment] -> [5579090971156480]
14:18:16,630 DEBUG SQL:104 - 
    insert 
    into
        Enrolment
        (semester, "year", studentId, courseCode) 
    values
        (?, ?, ?, ?)
14:18:16,630 DEBUG BaseGeneralDataRegion:59 - Caching[foo.org.hibernate.cache.spi.UpdateTimestampsCache] : [Enrolment] -> [5579090971156481]
14:18:16,631 DEBUG BaseGeneralDataRegion:59 - Caching[foo.org.hibernate.cache.spi.UpdateTimestampsCache] : [CourseMeeting] -> [5579090971160576]
14:18:16,631 DEBUG BaseGeneralDataRegion:59 - Caching[foo.org.hibernate.cache.spi.UpdateTimestampsCache] : [Enrolment] -> [5579090971160577]
14:18:16,631 DEBUG SQL:104 - 
    update
        Address 
    set
        studentNumber=?,
        addressType=? 
    where
        id=?
14:18:16,631 DEBUG SQL:104 - 
    update
        Address 
    set
        studentNumber=?,
        addressType=? 
    where
        id=?
14:18:16,664 DEBUG BaseGeneralDataRegion:59 - Caching[foo.org.hibernate.cache.spi.UpdateTimestampsCache] : [Address] -> [5579090971295744]
14:18:16,664 DEBUG SQL:104 - 
    insert 
    into
        Student_secretCodes
        (studentNumber, i, secretCode) 
    values
        (?, ?, ?)
14:18:16,665 DEBUG BaseGeneralDataRegion:59 - Caching[foo.org.hibernate.cache.spi.UpdateTimestampsCache] : [Student_secretCodes] -> [5579090971299840]
14:18:16,665 DEBUG BaseGeneralDataRegion:59 - Caching[foo.org.hibernate.cache.spi.UpdateTimestampsCache] : [Enrolment] -> [5579090971299841]
14:18:16,665 DEBUG BaseGeneralDataRegion:59 - Caching[foo.org.hibernate.cache.spi.UpdateTimestampsCache] : [Address] -> [5579090971299842]
14:18:16,665 DEBUG SQL:104 - 
    insert 
    into
        Student_secretCodes
        (studentNumber, i, secretCode) 
    values
        (?, ?, ?)
14:18:16,665 DEBUG SQL:104 - 
    insert 
    into
        Student_secretCodes
        (studentNumber, i, secretCode) 
    values
        (?, ?, ?)
14:18:16,665 DEBUG BaseGeneralDataRegion:59 - Caching[foo.org.hibernate.cache.spi.UpdateTimestampsCache] : [Student_secretCodes] -> [5579090971299843]
14:18:16,666 DEBUG BaseGeneralDataRegion:59 - Caching[foo.org.hibernate.cache.spi.UpdateTimestampsCache] : [Student] -> [5579090725543936]
14:18:16,666 DEBUG BaseGeneralDataRegion:59 - Caching[foo.org.hibernate.cache.spi.UpdateTimestampsCache] : [Course] -> [5579090725543936]
14:18:16,676 DEBUG BaseGeneralDataRegion:59 - Caching[foo.org.hibernate.cache.spi.UpdateTimestampsCache] : [Enrolment] -> [5579090725543936]
14:18:16,676 DEBUG BaseGeneralDataRegion:59 - Caching[foo.org.hibernate.cache.spi.UpdateTimestampsCache] : [Student_secretCodes] -> [5579090725543936]
14:18:16,676 DEBUG BaseGeneralDataRegion:59 - Caching[foo.org.hibernate.cache.spi.UpdateTimestampsCache] : [Address] -> [5579090725543936]
14:18:16,676 DEBUG BaseGeneralDataRegion:59 - Caching[foo.org.hibernate.cache.spi.UpdateTimestampsCache] : [CourseMeeting] -> [5579090725543936]
14:18:16,676 DEBUG SQL:104 - 
    select
        student_.studentId,
        student_.name_first as name2_4_,
        student_.name_middle as name3_4_,
        student_.name_last as name4_4_,
        student_.preferredCourseCode as preferre5_4_ 
    from
        Student student_ 
    where
        student_.studentId=?
14:18:16,677 DEBUG SQL:104 - 
    select
        enrolment_.studentId,
        enrolment_.courseCode,
        enrolment_.semester as semester3_,
        enrolment_."year" as year4_3_ 
    from
        Enrolment enrolment_ 
    where
        enrolment_.studentId=? 
        and enrolment_.courseCode=?
14:18:16,677 DEBUG SQL:104 - 
    select
        course_.courseCode,
        course_.description as descript2_1_ 
    from
        Course course_ 
    where
        course_.courseCode=?
14:18:16,677 DEBUG SQL:104 - 
    select
        student_.studentId,
        student_.name_first as name2_4_,
        student_.name_middle as name3_4_,
        student_.name_last as name4_4_,
        student_.preferredCourseCode as preferre5_4_ 
    from
        Student student_ 
    where
        student_.studentId=?
14:18:16,678 DEBUG SQL:104 - 
    select
        enrolment_.studentId,
        enrolment_.courseCode,
        enrolment_.semester as semester3_,
        enrolment_."year" as year4_3_ 
    from
        Enrolment enrolment_ 
    where
        enrolment_.studentId=? 
        and enrolment_.courseCode=?
14:18:16,678 DEBUG SQL:104 - 
    select
        coursemeet_.courseCode,
        coursemeet_.day,
        coursemeet_.period,
        coursemeet_.location 
    from
        CourseMeeting coursemeet_ 
    where
        coursemeet_.courseCode=? 
        and coursemeet_.day=? 
        and coursemeet_.period=? 
        and coursemeet_.location=?
14:18:16,687 DEBUG SQL:104 - 
    select
        coursemeet_.courseCode,
        coursemeet_.day,
        coursemeet_.period,
        coursemeet_.location 
    from
        CourseMeeting coursemeet_ 
    where
        coursemeet_.courseCode=? 
        and coursemeet_.day=? 
        and coursemeet_.period=? 
        and coursemeet_.location=?
14:18:16,688 DEBUG BaseGeneralDataRegion:59 - Caching[foo.org.hibernate.cache.spi.UpdateTimestampsCache] : [Enrolment] -> [5579090971394048]
14:18:16,688 DEBUG SQL:104 - 
    update
        Address 
    set
        studentNumber=null,
        addressType=null 
    where
        studentNumber=?
14:18:16,696 DEBUG BaseGeneralDataRegion:59 - Caching[foo.org.hibernate.cache.spi.UpdateTimestampsCache] : [Address] -> [5579090971426816]
14:18:16,697 DEBUG SQL:104 - 
    delete 
    from
        Student_secretCodes 
    where
        studentNumber=?
14:18:16,697 DEBUG BaseGeneralDataRegion:59 - Caching[foo.org.hibernate.cache.spi.UpdateTimestampsCache] : [Student_secretCodes] -> [5579090971430912]
14:18:16,697 DEBUG BaseGeneralDataRegion:59 - Caching[foo.org.hibernate.cache.spi.UpdateTimestampsCache] : [Enrolment] -> [5579090971430913]
14:18:16,697 DEBUG BaseGeneralDataRegion:59 - Caching[foo.org.hibernate.cache.spi.UpdateTimestampsCache] : [Address] -> [5579090971430914]
14:18:16,697 DEBUG SQL:104 - 
    delete 
    from
        Student_secretCodes 
    where
        studentNumber=?
14:18:16,697 DEBUG BaseGeneralDataRegion:59 - Caching[foo.org.hibernate.cache.spi.UpdateTimestampsCache] : [Student_secretCodes] -> [5579090971430915]
14:18:16,697 DEBUG BaseGeneralDataRegion:59 - Caching[foo.org.hibernate.cache.spi.UpdateTimestampsCache] : [CourseMeeting] -> [5579090971430916]
14:18:16,697 DEBUG SQL:104 - 
    delete 
    from
        Enrolment 
    where
        studentId=? 
        and courseCode=?
14:18:16,698 DEBUG BaseGeneralDataRegion:59 - Caching[foo.org.hibernate.cache.spi.UpdateTimestampsCache] : [Enrolment] -> [5579090971435008]
14:18:16,698 DEBUG SQL:104 - 
    delete 
    from
        Address 
    where
        id=?
14:18:16,698 DEBUG BaseGeneralDataRegion:59 - Caching[foo.org.hibernate.cache.spi.UpdateTimestampsCache] : [Address] -> [5579090971435009]
14:18:16,698 DEBUG SQL:104 - 
    delete 
    from
        Address 
    where
        id=?
14:18:16,698 DEBUG BaseGeneralDataRegion:59 - Caching[foo.org.hibernate.cache.spi.UpdateTimestampsCache] : [Address] -> [5579090971435010]
14:18:16,698 DEBUG SQL:104 - 
    delete 
    from
        Student 
    where
        studentId=?
14:18:16,719 DEBUG BaseGeneralDataRegion:59 - Caching[foo.org.hibernate.cache.spi.UpdateTimestampsCache] : [Student] -> [5579090971521024]
14:18:16,719 DEBUG SQL:104 - 
    delete 
    from
        Enrolment 
    where
        studentId=? 
        and courseCode=?
14:18:16,719 DEBUG BaseGeneralDataRegion:59 - Caching[foo.org.hibernate.cache.spi.UpdateTimestampsCache] : [Enrolment] -> [5579090971521025]
14:18:16,720 DEBUG SQL:104 - 
    delete 
    from
        Student 
    where
        studentId=?
14:18:16,720 DEBUG BaseGeneralDataRegion:59 - Caching[foo.org.hibernate.cache.spi.UpdateTimestampsCache] : [Student] -> [5579090971525120]
14:18:16,720 DEBUG SQL:104 - 
    delete 
    from
        CourseMeeting 
    where
        courseCode=? 
        and day=? 
        and period=? 
        and location=?
14:18:16,720 DEBUG BaseGeneralDataRegion:59 - Caching[foo.org.hibernate.cache.spi.UpdateTimestampsCache] : [CourseMeeting] -> [5579090971525121]
14:18:16,720 DEBUG SQL:104 - 
    delete 
    from
        CourseMeeting 
    where
        courseCode=? 
        and day=? 
        and period=? 
        and location=?
14:18:16,729 DEBUG BaseGeneralDataRegion:59 - Caching[foo.org.hibernate.cache.spi.UpdateTimestampsCache] : [CourseMeeting] -> [5579090971561984]
14:18:16,729 DEBUG SQL:104 - 
    delete 
    from
        Course 
    where
        courseCode=?
14:18:16,729 DEBUG BaseGeneralDataRegion:59 - Caching[foo.org.hibernate.cache.spi.UpdateTimestampsCache] : [Course] -> [5579090971561985]
14:18:16,729 DEBUG BaseGeneralDataRegion:59 - Caching[foo.org.hibernate.cache.spi.UpdateTimestampsCache] : [Student] -> [5579090725801986]
14:18:16,729 DEBUG BaseGeneralDataRegion:59 - Caching[foo.org.hibernate.cache.spi.UpdateTimestampsCache] : [Course] -> [5579090725801986]
14:18:16,729 DEBUG BaseGeneralDataRegion:59 - Caching[foo.org.hibernate.cache.spi.UpdateTimestampsCache] : [Enrolment] -> [5579090725801986]
14:18:16,729 DEBUG BaseGeneralDataRegion:59 - Caching[foo.org.hibernate.cache.spi.UpdateTimestampsCache] : [Student_secretCodes] -> [5579090725801986]
14:18:16,730 DEBUG BaseGeneralDataRegion:59 - Caching[foo.org.hibernate.cache.spi.UpdateTimestampsCache] : [Address] -> [5579090725801986]
14:18:16,730 DEBUG BaseGeneralDataRegion:59 - Caching[foo.org.hibernate.cache.spi.UpdateTimestampsCache] : [CourseMeeting] -> [5579090725801986]
14:18:16,730  INFO CustomRunner:139 - Test: testMapEntryList
14:18:16,731 DEBUG SQL:104 - 
    select
        coursemeet_.courseCode,
        coursemeet_.day,
        coursemeet_.period,
        coursemeet_.location 
    from
        CourseMeeting coursemeet_ 
    where
        coursemeet_.courseCode=? 
        and coursemeet_.day=? 
        and coursemeet_.period=? 
        and coursemeet_.location=?
14:18:16,739 DEBUG SQL:104 - 
    select
        coursemeet_.courseCode,
        coursemeet_.day,
        coursemeet_.period,
        coursemeet_.location 
    from
        CourseMeeting coursemeet_ 
    where
        coursemeet_.courseCode=? 
        and coursemeet_.day=? 
        and coursemeet_.period=? 
        and coursemeet_.location=?
14:18:16,741 DEBUG SQL:104 - 
    insert 
    into
        Course
        (description, courseCode) 
    values
        (?, ?)
14:18:16,741 DEBUG BaseGeneralDataRegion:59 - Caching[foo.org.hibernate.cache.spi.UpdateTimestampsCache] : [Course] -> [5579090971611136]
14:18:16,741 DEBUG SQL:104 - 
    insert 
    into
        CourseMeeting
        (courseCode, day, period, location) 
    values
        (?, ?, ?, ?)
14:18:16,749 DEBUG BaseGeneralDataRegion:59 - Caching[foo.org.hibernate.cache.spi.UpdateTimestampsCache] : [CourseMeeting] -> [5579090971643904]
14:18:16,750 DEBUG SQL:104 - 
    insert 
    into
        CourseMeeting
        (courseCode, day, period, location) 
    values
        (?, ?, ?, ?)
14:18:16,750 DEBUG BaseGeneralDataRegion:59 - Caching[foo.org.hibernate.cache.spi.UpdateTimestampsCache] : [CourseMeeting] -> [5579090971648000]
14:18:16,750 DEBUG SQL:104 - 
    insert 
    into
        Student
        (name_first, name_middle, name_last, preferredCourseCode, studentId) 
    values
        (?, ?, ?, ?, ?)
14:18:16,750 DEBUG BaseGeneralDataRegion:59 - Caching[foo.org.hibernate.cache.spi.UpdateTimestampsCache] : [Student] -> [5579090971648001]
14:18:16,750 DEBUG SQL:104 - 
    insert 
    into
        Address
        (addressType, street, city, stateProvince, postalCode, country, studentNumber, id) 
    values
        (?, ?, ?, ?, ?, ?, ?, ?)
14:18:16,751 DEBUG BaseGeneralDataRegion:59 - Caching[foo.org.hibernate.cache.spi.UpdateTimestampsCache] : [Address] -> [5579090971652096]
14:18:16,751 DEBUG SQL:104 - 
    insert 
    into
        Address
        (addressType, street, city, stateProvince, postalCode, country, studentNumber, id) 
    values
        (?, ?, ?, ?, ?, ?, ?, ?)
14:18:16,760 DEBUG BaseGeneralDataRegion:59 - Caching[foo.org.hibernate.cache.spi.UpdateTimestampsCache] : [Address] -> [5579090971688960]
14:18:16,760 DEBUG SQL:104 - 
    insert 
    into
        Student
        (name_first, name_middle, name_last, preferredCourseCode, studentId) 
    values
        (?, ?, ?, ?, ?)
14:18:16,760 DEBUG BaseGeneralDataRegion:59 - Caching[foo.org.hibernate.cache.spi.UpdateTimestampsCache] : [Student] -> [5579090971688961]
14:18:16,760 DEBUG SQL:104 - 
    insert 
    into
        Enrolment
        (semester, "year", studentId, courseCode) 
    values
        (?, ?, ?, ?)
14:18:16,761 DEBUG BaseGeneralDataRegion:59 - Caching[foo.org.hibernate.cache.spi.UpdateTimestampsCache] : [Enrolment] -> [5579090971693056]
14:18:16,761 DEBUG SQL:104 - 
    insert 
    into
        Enrolment
        (semester, "year", studentId, courseCode) 
    values
        (?, ?, ?, ?)
14:18:16,771 DEBUG BaseGeneralDataRegion:59 - Caching[foo.org.hibernate.cache.spi.UpdateTimestampsCache] : [Enrolment] -> [5579090971734016]
14:18:16,771 DEBUG BaseGeneralDataRegion:59 - Caching[foo.org.hibernate.cache.spi.UpdateTimestampsCache] : [CourseMeeting] -> [5579090971734017]
14:18:16,771 DEBUG BaseGeneralDataRegion:59 - Caching[foo.org.hibernate.cache.spi.UpdateTimestampsCache] : [Enrolment] -> [5579090971734018]
14:18:16,771 DEBUG SQL:104 - 
    update
        Address 
    set
        studentNumber=?,
        addressType=? 
    where
        id=?
14:18:16,772 DEBUG SQL:104 - 
    update
        Address 
    set
        studentNumber=?,
        addressType=? 
    where
        id=?
14:18:16,772 DEBUG BaseGeneralDataRegion:59 - Caching[foo.org.hibernate.cache.spi.UpdateTimestampsCache] : [Address] -> [5579090971738112]
14:18:16,772 DEBUG SQL:104 - 
    insert 
    into
        Student_secretCodes
        (studentNumber, i, secretCode) 
    values
        (?, ?, ?)
14:18:16,772 DEBUG BaseGeneralDataRegion:59 - Caching[foo.org.hibernate.cache.spi.UpdateTimestampsCache] : [Student_secretCodes] -> [5579090971738113]
14:18:16,772 DEBUG BaseGeneralDataRegion:59 - Caching[foo.org.hibernate.cache.spi.UpdateTimestampsCache] : [Enrolment] -> [5579090971738114]
14:18:16,772 DEBUG BaseGeneralDataRegion:59 - Caching[foo.org.hibernate.cache.spi.UpdateTimestampsCache] : [Address] -> [5579090971738115]
14:18:16,781 DEBUG SQL:104 - 
    insert 
    into
        Student_secretCodes
        (studentNumber, i, secretCode) 
    values
        (?, ?, ?)
14:18:16,781 DEBUG SQL:104 - 
    insert 
    into
        Student_secretCodes
        (studentNumber, i, secretCode) 
    values
        (?, ?, ?)
14:18:16,782 DEBUG BaseGeneralDataRegion:59 - Caching[foo.org.hibernate.cache.spi.UpdateTimestampsCache] : [Student_secretCodes] -> [5579090971779072]
14:18:16,782 DEBUG BaseGeneralDataRegion:59 - Caching[foo.org.hibernate.cache.spi.UpdateTimestampsCache] : [Student] -> [5579090726019073]
14:18:16,782 DEBUG BaseGeneralDataRegion:59 - Caching[foo.org.hibernate.cache.spi.UpdateTimestampsCache] : [Course] -> [5579090726019073]
14:18:16,782 DEBUG BaseGeneralDataRegion:59 - Caching[foo.org.hibernate.cache.spi.UpdateTimestampsCache] : [Enrolment] -> [5579090726019073]
14:18:16,782 DEBUG BaseGeneralDataRegion:59 - Caching[foo.org.hibernate.cache.spi.UpdateTimestampsCache] : [Student_secretCodes] -> [5579090726019073]
14:18:16,782 DEBUG BaseGeneralDataRegion:59 - Caching[foo.org.hibernate.cache.spi.UpdateTimestampsCache] : [Address] -> [5579090726019073]
14:18:16,782 DEBUG BaseGeneralDataRegion:59 - Caching[foo.org.hibernate.cache.spi.UpdateTimestampsCache] : [CourseMeeting] -> [5579090726019073]
14:18:16,782 DEBUG SQL:104 - 
    select
        student_.studentId,
        student_.name_first as name2_4_,
        student_.name_middle as name3_4_,
        student_.name_last as name4_4_,
        student_.preferredCourseCode as preferre5_4_ 
    from
        Student student_ 
    where
        student_.studentId=?
14:18:16,791 DEBUG SQL:104 - 
    select
        enrolment_.studentId,
        enrolment_.courseCode,
        enrolment_.semester as semester3_,
        enrolment_."year" as year4_3_ 
    from
        Enrolment enrolment_ 
    where
        enrolment_.studentId=? 
        and enrolment_.courseCode=?
14:18:16,791 DEBUG SQL:104 - 
    select
        course_.courseCode,
        course_.description as descript2_1_ 
    from
        Course course_ 
    where
        course_.courseCode=?
14:18:16,792 DEBUG SQL:104 - 
    select
        student_.studentId,
        student_.name_first as name2_4_,
        student_.name_middle as name3_4_,
        student_.name_last as name4_4_,
        student_.preferredCourseCode as preferre5_4_ 
    from
        Student student_ 
    where
        student_.studentId=?
14:18:16,802 DEBUG SQL:104 - 
    select
        enrolment_.studentId,
        enrolment_.courseCode,
        enrolment_.semester as semester3_,
        enrolment_."year" as year4_3_ 
    from
        Enrolment enrolment_ 
    where
        enrolment_.studentId=? 
        and enrolment_.courseCode=?
14:18:16,803 DEBUG SQL:104 - 
    select
        coursemeet_.courseCode,
        coursemeet_.day,
        coursemeet_.period,
        coursemeet_.location 
    from
        CourseMeeting coursemeet_ 
    where
        coursemeet_.courseCode=? 
        and coursemeet_.day=? 
        and coursemeet_.period=? 
        and coursemeet_.location=?
14:18:16,803 DEBUG SQL:104 - 
    select
        coursemeet_.courseCode,
        coursemeet_.day,
        coursemeet_.period,
        coursemeet_.location 
    from
        CourseMeeting coursemeet_ 
    where
        coursemeet_.courseCode=? 
        and coursemeet_.day=? 
        and coursemeet_.period=? 
        and coursemeet_.location=?
14:18:16,804 DEBUG BaseGeneralDataRegion:59 - Caching[foo.org.hibernate.cache.spi.UpdateTimestampsCache] : [Enrolment] -> [5579090971869184]
14:18:16,804 DEBUG SQL:104 - 
    update
        Address 
    set
        studentNumber=null,
        addressType=null 
    where
        studentNumber=?
14:18:16,804 DEBUG BaseGeneralDataRegion:59 - Caching[foo.org.hibernate.cache.spi.UpdateTimestampsCache] : [Address] -> [5579090971869185]
14:18:16,804 DEBUG SQL:104 - 
    delete 
    from
        Student_secretCodes 
    where
        studentNumber=?
14:18:16,804 DEBUG BaseGeneralDataRegion:59 - Caching[foo.org.hibernate.cache.spi.UpdateTimestampsCache] : [Student_secretCodes] -> [5579090971869186]
14:18:16,804 DEBUG BaseGeneralDataRegion:59 - Caching[foo.org.hibernate.cache.spi.UpdateTimestampsCache] : [Enrolment] -> [5579090971869187]
14:18:16,805 DEBUG BaseGeneralDataRegion:59 - Caching[foo.org.hibernate.cache.spi.UpdateTimestampsCache] : [Address] -> [5579090971873280]
14:18:16,805 DEBUG SQL:104 - 
    delete 
    from
        Student_secretCodes 
    where
        studentNumber=?
14:18:16,815 DEBUG BaseGeneralDataRegion:59 - Caching[foo.org.hibernate.cache.spi.UpdateTimestampsCache] : [Student_secretCodes] -> [5579090971910144]
14:18:16,815 DEBUG BaseGeneralDataRegion:59 - Caching[foo.org.hibernate.cache.spi.UpdateTimestampsCache] : [CourseMeeting] -> [5579090971914240]
14:18:16,815 DEBUG SQL:104 - 
    delete 
    from
        Enrolment 
    where
        studentId=? 
        and courseCode=?
14:18:16,815 DEBUG BaseGeneralDataRegion:59 - Caching[foo.org.hibernate.cache.spi.UpdateTimestampsCache] : [Enrolment] -> [5579090971914241]
14:18:16,815 DEBUG SQL:104 - 
    delete 
    from
        Address 
    where
        id=?
14:18:16,815 DEBUG BaseGeneralDataRegion:59 - Caching[foo.org.hibernate.cache.spi.UpdateTimestampsCache] : [Address] -> [5579090971914242]
14:18:16,815 DEBUG SQL:104 - 
    delete 
    from
        Address 
    where
        id=?
14:18:16,816 DEBUG BaseGeneralDataRegion:59 - Caching[foo.org.hibernate.cache.spi.UpdateTimestampsCache] : [Address] -> [5579090971918336]
14:18:16,816 DEBUG SQL:104 - 
    delete 
    from
        Student 
    where
        studentId=?
14:18:16,824 DEBUG BaseGeneralDataRegion:59 - Caching[foo.org.hibernate.cache.spi.UpdateTimestampsCache] : [Student] -> [5579090971951104]
14:18:16,824 DEBUG SQL:104 - 
    delete 
    from
        Enrolment 
    where
        studentId=? 
        and courseCode=?
14:18:16,824 DEBUG BaseGeneralDataRegion:59 - Caching[foo.org.hibernate.cache.spi.UpdateTimestampsCache] : [Enrolment] -> [5579090971951105]
14:18:16,824 DEBUG SQL:104 - 
    delete 
    from
        Student 
    where
        studentId=?
14:18:16,825 DEBUG BaseGeneralDataRegion:59 - Caching[foo.org.hibernate.cache.spi.UpdateTimestampsCache] : [Student] -> [5579090971955200]
14:18:16,825 DEBUG SQL:104 - 
    delete 
    from
        CourseMeeting 
    where
        courseCode=? 
        and day=? 
        and period=? 
        and location=?
14:18:16,825 DEBUG BaseGeneralDataRegion:59 - Caching[foo.org.hibernate.cache.spi.UpdateTimestampsCache] : [CourseMeeting] -> [5579090971955201]
14:18:16,825 DEBUG SQL:104 - 
    delete 
    from
        CourseMeeting 
    where
        courseCode=? 
        and day=? 
        and period=? 
        and location=?
14:18:16,825 DEBUG BaseGeneralDataRegion:59 - Caching[foo.org.hibernate.cache.spi.UpdateTimestampsCache] : [CourseMeeting] -> [5579090971955202]
14:18:16,825 DEBUG SQL:104 - 
    delete 
    from
        Course 
    where
        courseCode=?
14:18:16,847 DEBUG BaseGeneralDataRegion:59 - Caching[foo.org.hibernate.cache.spi.UpdateTimestampsCache] : [Course] -> [5579090972045312]
14:18:16,848 DEBUG BaseGeneralDataRegion:59 - Caching[foo.org.hibernate.cache.spi.UpdateTimestampsCache] : [Student] -> [5579090726289408]
14:18:16,848 DEBUG BaseGeneralDataRegion:59 - Caching[foo.org.hibernate.cache.spi.UpdateTimestampsCache] : [Course] -> [5579090726289408]
14:18:16,848 DEBUG BaseGeneralDataRegion:59 - Caching[foo.org.hibernate.cache.spi.UpdateTimestampsCache] : [Enrolment] -> [5579090726289408]
14:18:16,848 DEBUG BaseGeneralDataRegion:59 - Caching[foo.org.hibernate.cache.spi.UpdateTimestampsCache] : [Student_secretCodes] -> [5579090726289408]
14:18:16,848 DEBUG BaseGeneralDataRegion:59 - Caching[foo.org.hibernate.cache.spi.UpdateTimestampsCache] : [Address] -> [5579090726289408]
14:18:16,848 DEBUG BaseGeneralDataRegion:59 - Caching[foo.org.hibernate.cache.spi.UpdateTimestampsCache] : [CourseMeeting] -> [5579090726289408]
14:18:16,848  INFO CustomRunner:139 - Test: testMapKeyList
14:18:16,849 DEBUG SQL:104 - 
    select
        coursemeet_.courseCode,
        coursemeet_.day,
        coursemeet_.period,
        coursemeet_.location 
    from
        CourseMeeting coursemeet_ 
    where
        coursemeet_.courseCode=? 
        and coursemeet_.day=? 
        and coursemeet_.period=? 
        and coursemeet_.location=?
14:18:16,850 DEBUG SQL:104 - 
    select
        coursemeet_.courseCode,
        coursemeet_.day,
        coursemeet_.period,
        coursemeet_.location 
    from
        CourseMeeting coursemeet_ 
    where
        coursemeet_.courseCode=? 
        and coursemeet_.day=? 
        and coursemeet_.period=? 
        and coursemeet_.location=?
14:18:16,858 DEBUG SQL:104 - 
    insert 
    into
        Course
        (description, courseCode) 
    values
        (?, ?)
14:18:16,858 DEBUG BaseGeneralDataRegion:59 - Caching[foo.org.hibernate.cache.spi.UpdateTimestampsCache] : [Course] -> [5579090972090368]
14:18:16,859 DEBUG SQL:104 - 
    insert 
    into
        CourseMeeting
        (courseCode, day, period, location) 
    values
        (?, ?, ?, ?)
14:18:16,859 DEBUG BaseGeneralDataRegion:59 - Caching[foo.org.hibernate.cache.spi.UpdateTimestampsCache] : [CourseMeeting] -> [5579090972094464]
14:18:16,859 DEBUG SQL:104 - 
    insert 
    into
        CourseMeeting
        (courseCode, day, period, location) 
    values
        (?, ?, ?, ?)
14:18:16,866 DEBUG BaseGeneralDataRegion:59 - Caching[foo.org.hibernate.cache.spi.UpdateTimestampsCache] : [CourseMeeting] -> [5579090972123136]
14:18:16,867 DEBUG SQL:104 - 
    insert 
    into
        Student
        (name_first, name_middle, name_last, preferredCourseCode, studentId) 
    values
        (?, ?, ?, ?, ?)
14:18:16,867 DEBUG BaseGeneralDataRegion:59 - Caching[foo.org.hibernate.cache.spi.UpdateTimestampsCache] : [Student] -> [5579090972127232]
14:18:16,867 DEBUG SQL:104 - 
    insert 
    into
        Address
        (addressType, street, city, stateProvince, postalCode, country, studentNumber, id) 
    values
        (?, ?, ?, ?, ?, ?, ?, ?)
14:18:16,867 DEBUG BaseGeneralDataRegion:59 - Caching[foo.org.hibernate.cache.spi.UpdateTimestampsCache] : [Address] -> [5579090972127233]
14:18:16,867 DEBUG SQL:104 - 
    insert 
    into
        Address
        (addressType, street, city, stateProvince, postalCode, country, studentNumber, id) 
    values
        (?, ?, ?, ?, ?, ?, ?, ?)
14:18:16,868 DEBUG BaseGeneralDataRegion:59 - Caching[foo.org.hibernate.cache.spi.UpdateTimestampsCache] : [Address] -> [5579090972131328]
14:18:16,868 DEBUG SQL:104 - 
    insert 
    into
        Student
        (name_first, name_middle, name_last, preferredCourseCode, studentId) 
    values
        (?, ?, ?, ?, ?)
14:18:16,876 DEBUG BaseGeneralDataRegion:59 - Caching[foo.org.hibernate.cache.spi.UpdateTimestampsCache] : [Student] -> [5579090972164096]
14:18:16,877 DEBUG SQL:104 - 
    insert 
    into
        Enrolment
        (semester, "year", studentId, courseCode) 
    values
        (?, ?, ?, ?)
14:18:16,877 DEBUG BaseGeneralDataRegion:59 - Caching[foo.org.hibernate.cache.spi.UpdateTimestampsCache] : [Enrolment] -> [5579090972168192]
14:18:16,877 DEBUG SQL:104 - 
    insert 
    into
        Enrolment
        (semester, "year", studentId, courseCode) 
    values
        (?, ?, ?, ?)
14:18:16,877 DEBUG BaseGeneralDataRegion:59 - Caching[foo.org.hibernate.cache.spi.UpdateTimestampsCache] : [Enrolment] -> [5579090972168193]
14:18:16,877 DEBUG BaseGeneralDataRegion:59 - Caching[foo.org.hibernate.cache.spi.UpdateTimestampsCache] : [CourseMeeting] -> [5579090972168194]
14:18:16,877 DEBUG BaseGeneralDataRegion:59 - Caching[foo.org.hibernate.cache.spi.UpdateTimestampsCache] : [Enrolment] -> [5579090972168195]
14:18:16,878 DEBUG SQL:104 - 
    update
        Address 
    set
        studentNumber=?,
        addressType=? 
    where
        id=?
14:18:16,878 DEBUG SQL:104 - 
    update
        Address 
    set
        studentNumber=?,
        addressType=? 
    where
        id=?
14:18:16,887 DEBUG BaseGeneralDataRegion:59 - Caching[foo.org.hibernate.cache.spi.UpdateTimestampsCache] : [Address] -> [5579090972209152]
14:18:16,887 DEBUG SQL:104 - 
    insert 
    into
        Student_secretCodes
        (studentNumber, i, secretCode) 
    values
        (?, ?, ?)
14:18:16,888 DEBUG BaseGeneralDataRegion:59 - Caching[foo.org.hibernate.cache.spi.UpdateTimestampsCache] : [Student_secretCodes] -> [5579090972213248]
14:18:16,888 DEBUG BaseGeneralDataRegion:59 - Caching[foo.org.hibernate.cache.spi.UpdateTimestampsCache] : [Enrolment] -> [5579090972213249]
14:18:16,888 DEBUG BaseGeneralDataRegion:59 - Caching[foo.org.hibernate.cache.spi.UpdateTimestampsCache] : [Address] -> [5579090972213250]
14:18:16,888 DEBUG SQL:104 - 
    insert 
    into
        Student_secretCodes
        (studentNumber, i, secretCode) 
    values
        (?, ?, ?)
14:18:16,888 DEBUG SQL:104 - 
    insert 
    into
        Student_secretCodes
        (studentNumber, i, secretCode) 
    values
        (?, ?, ?)
14:18:16,898 DEBUG BaseGeneralDataRegion:59 - Caching[foo.org.hibernate.cache.spi.UpdateTimestampsCache] : [Student_secretCodes] -> [5579090972254208]
14:18:16,898 DEBUG BaseGeneralDataRegion:59 - Caching[foo.org.hibernate.cache.spi.UpdateTimestampsCache] : [Student] -> [5579090726494209]
14:18:16,898 DEBUG BaseGeneralDataRegion:59 - Caching[foo.org.hibernate.cache.spi.UpdateTimestampsCache] : [Course] -> [5579090726494209]
14:18:16,898 DEBUG BaseGeneralDataRegion:59 - Caching[foo.org.hibernate.cache.spi.UpdateTimestampsCache] : [Enrolment] -> [5579090726494209]
14:18:16,898 DEBUG BaseGeneralDataRegion:59 - Caching[foo.org.hibernate.cache.spi.UpdateTimestampsCache] : [Student_secretCodes] -> [5579090726494209]
14:18:16,898 DEBUG BaseGeneralDataRegion:59 - Caching[foo.org.hibernate.cache.spi.UpdateTimestampsCache] : [Address] -> [5579090726494209]
14:18:16,898 DEBUG BaseGeneralDataRegion:59 - Caching[foo.org.hibernate.cache.spi.UpdateTimestampsCache] : [CourseMeeting] -> [5579090726494209]
14:18:16,899 DEBUG SQL:104 - 
    select
        a1_.addressType as y0_ 
    from
        Student this_ 
    inner join
        Address a1_ 
            on this_.studentId=a1_.studentNumber
14:18:16,899 DEBUG BaseGeneralDataRegion:59 - Caching[foo.org.hibernate.cache.internal.StandardQueryCache] : [sql: select a1_.addressType as y0_ from Student this_ inner join Address a1_ on this_.studentId=a1_.studentNumber; parameters: ; transformer: org.hibernate.transform.CacheableResultTransformer@110f2] -> [[5579090726498305, home, work]]
14:18:16,900 DEBUG SQL:104 - 
    select
        a1_.addressType as y0_ 
    from
        Student this_ 
    inner join
        Address a1_ 
            on this_.studentId=a1_.studentNumber
14:18:16,900 DEBUG BaseGeneralDataRegion:59 - Caching[foo.org.hibernate.cache.internal.StandardQueryCache] : [sql: select a1_.addressType as y0_ from Student this_ inner join Address a1_ on this_.studentId=a1_.studentNumber; parameters: ; transformer: org.hibernate.transform.CacheableResultTransformer@110f2] -> [[5579090726502402, home, work]]
14:18:16,900 DEBUG SQL:104 - 
    select
        student_.studentId,
        student_.name_first as name2_4_,
        student_.name_middle as name3_4_,
        student_.name_last as name4_4_,
        student_.preferredCourseCode as preferre5_4_ 
    from
        Student student_ 
    where
        student_.studentId=?
14:18:16,943 DEBUG SQL:104 - 
    select
        enrolment_.studentId,
        enrolment_.courseCode,
        enrolment_.semester as semester3_,
        enrolment_."year" as year4_3_ 
    from
        Enrolment enrolment_ 
    where
        enrolment_.studentId=? 
        and enrolment_.courseCode=?
14:18:16,944 DEBUG SQL:104 - 
    select
        course_.courseCode,
        course_.description as descript2_1_ 
    from
        Course course_ 
    where
        course_.courseCode=?
14:18:16,944 DEBUG SQL:104 - 
    select
        student_.studentId,
        student_.name_first as name2_4_,
        student_.name_middle as name3_4_,
        student_.name_last as name4_4_,
        student_.preferredCourseCode as preferre5_4_ 
    from
        Student student_ 
    where
        student_.studentId=?
14:18:16,944 DEBUG SQL:104 - 
    select
        enrolment_.studentId,
        enrolment_.courseCode,
        enrolment_.semester as semester3_,
        enrolment_."year" as year4_3_ 
    from
        Enrolment enrolment_ 
    where
        enrolment_.studentId=? 
        and enrolment_.courseCode=?
14:18:16,945 DEBUG SQL:104 - 
    select
        coursemeet_.courseCode,
        coursemeet_.day,
        coursemeet_.period,
        coursemeet_.location 
    from
        CourseMeeting coursemeet_ 
    where
        coursemeet_.courseCode=? 
        and coursemeet_.day=? 
        and coursemeet_.period=? 
        and coursemeet_.location=?
14:18:16,945 DEBUG SQL:104 - 
    select
        coursemeet_.courseCode,
        coursemeet_.day,
        coursemeet_.period,
        coursemeet_.location 
    from
        CourseMeeting coursemeet_ 
    where
        coursemeet_.courseCode=? 
        and coursemeet_.day=? 
        and coursemeet_.period=? 
        and coursemeet_.location=?
14:18:16,945 DEBUG BaseGeneralDataRegion:59 - Caching[foo.org.hibernate.cache.spi.UpdateTimestampsCache] : [Enrolment] -> [5579090972446720]
14:18:16,946 DEBUG SQL:104 - 
    update
        Address 
    set
        studentNumber=null,
        addressType=null 
    where
        studentNumber=?
14:18:16,946 DEBUG BaseGeneralDataRegion:59 - Caching[foo.org.hibernate.cache.spi.UpdateTimestampsCache] : [Address] -> [5579090972450816]
14:18:16,946 DEBUG SQL:104 - 
    delete 
    from
        Student_secretCodes 
    where
        studentNumber=?
14:18:16,946 DEBUG BaseGeneralDataRegion:59 - Caching[foo.org.hibernate.cache.spi.UpdateTimestampsCache] : [Student_secretCodes] -> [5579090972450817]
14:18:16,946 DEBUG BaseGeneralDataRegion:59 - Caching[foo.org.hibernate.cache.spi.UpdateTimestampsCache] : [Enrolment] -> [5579090972450818]
14:18:16,946 DEBUG BaseGeneralDataRegion:59 - Caching[foo.org.hibernate.cache.spi.UpdateTimestampsCache] : [Address] -> [5579090972450819]
14:18:16,946 DEBUG SQL:104 - 
    delete 
    from
        Student_secretCodes 
    where
        studentNumber=?
14:18:16,947 DEBUG BaseGeneralDataRegion:59 - Caching[foo.org.hibernate.cache.spi.UpdateTimestampsCache] : [Student_secretCodes] -> [5579090972454912]
14:18:16,947 DEBUG BaseGeneralDataRegion:59 - Caching[foo.org.hibernate.cache.spi.UpdateTimestampsCache] : [CourseMeeting] -> [5579090972454913]
14:18:16,947 DEBUG SQL:104 - 
    delete 
    from
        Enrolment 
    where
        studentId=? 
        and courseCode=?
14:18:16,947 DEBUG BaseGeneralDataRegion:59 - Caching[foo.org.hibernate.cache.spi.UpdateTimestampsCache] : [Enrolment] -> [5579090972454914]
14:18:16,947 DEBUG SQL:104 - 
    delete 
    from
        Address 
    where
        id=?
14:18:16,947 DEBUG BaseGeneralDataRegion:59 - Caching[foo.org.hibernate.cache.spi.UpdateTimestampsCache] : [Address] -> [5579090972454915]
14:18:16,947 DEBUG SQL:104 - 
    delete 
    from
        Address 
    where
        id=?
14:18:16,948 DEBUG BaseGeneralDataRegion:59 - Caching[foo.org.hibernate.cache.spi.UpdateTimestampsCache] : [Address] -> [5579090972459008]
14:18:16,948 DEBUG SQL:104 - 
    delete 
    from
        Student 
    where
        studentId=?
14:18:16,948 DEBUG BaseGeneralDataRegion:59 - Caching[foo.org.hibernate.cache.spi.UpdateTimestampsCache] : [Student] -> [5579090972459009]
14:18:16,948 DEBUG SQL:104 - 
    delete 
    from
        Enrolment 
    where
        studentId=? 
        and courseCode=?
14:18:16,948 DEBUG BaseGeneralDataRegion:59 - Caching[foo.org.hibernate.cache.spi.UpdateTimestampsCache] : [Enrolment] -> [5579090972459010]
14:18:16,948 DEBUG SQL:104 - 
    delete 
    from
        Student 
    where
        studentId=?
14:18:16,948 DEBUG BaseGeneralDataRegion:59 - Caching[foo.org.hibernate.cache.spi.UpdateTimestampsCache] : [Student] -> [5579090972459011]
14:18:16,948 DEBUG SQL:104 - 
    delete 
    from
        CourseMeeting 
    where
        courseCode=? 
        and day=? 
        and period=? 
        and location=?
14:18:16,954 DEBUG BaseGeneralDataRegion:59 - Caching[foo.org.hibernate.cache.spi.UpdateTimestampsCache] : [CourseMeeting] -> [5579090972483584]
14:18:16,955 DEBUG SQL:104 - 
    delete 
    from
        CourseMeeting 
    where
        courseCode=? 
        and day=? 
        and period=? 
        and location=?
14:18:16,955 DEBUG BaseGeneralDataRegion:59 - Caching[foo.org.hibernate.cache.spi.UpdateTimestampsCache] : [CourseMeeting] -> [5579090972487680]
14:18:16,955 DEBUG SQL:104 - 
    delete 
    from
        Course 
    where
        courseCode=?
14:18:16,955 DEBUG BaseGeneralDataRegion:59 - Caching[foo.org.hibernate.cache.spi.UpdateTimestampsCache] : [Course] -> [5579090972487681]
14:18:16,955 DEBUG BaseGeneralDataRegion:59 - Caching[foo.org.hibernate.cache.spi.UpdateTimestampsCache] : [Student] -> [5579090726727682]
14:18:16,955 DEBUG BaseGeneralDataRegion:59 - Caching[foo.org.hibernate.cache.spi.UpdateTimestampsCache] : [Course] -> [5579090726727682]
14:18:16,955 DEBUG BaseGeneralDataRegion:59 - Caching[foo.org.hibernate.cache.spi.UpdateTimestampsCache] : [Enrolment] -> [5579090726727682]
14:18:16,956 DEBUG BaseGeneralDataRegion:59 - Caching[foo.org.hibernate.cache.spi.UpdateTimestampsCache] : [Student_secretCodes] -> [5579090726727682]
14:18:16,956 DEBUG BaseGeneralDataRegion:59 - Caching[foo.org.hibernate.cache.spi.UpdateTimestampsCache] : [Address] -> [5579090726727682]
14:18:16,977 DEBUG BaseGeneralDataRegion:59 - Caching[foo.org.hibernate.cache.spi.UpdateTimestampsCache] : [CourseMeeting] -> [5579090726727682]
14:18:16,978  INFO CustomRunner:139 - Test: testMapValueList
14:18:16,979 DEBUG SQL:104 - 
    select
        coursemeet_.courseCode,
        coursemeet_.day,
        coursemeet_.period,
        coursemeet_.location 
    from
        CourseMeeting coursemeet_ 
    where
        coursemeet_.courseCode=? 
        and coursemeet_.day=? 
        and coursemeet_.period=? 
        and coursemeet_.location=?
14:18:16,980 DEBUG SQL:104 - 
    select
        coursemeet_.courseCode,
        coursemeet_.day,
        coursemeet_.period,
        coursemeet_.location 
    from
        CourseMeeting coursemeet_ 
    where
        coursemeet_.courseCode=? 
        and coursemeet_.day=? 
        and coursemeet_.period=? 
        and coursemeet_.location=?
14:18:16,981 DEBUG SQL:104 - 
    insert 
    into
        Course
        (description, courseCode) 
    values
        (?, ?)
14:18:16,981 DEBUG BaseGeneralDataRegion:59 - Caching[foo.org.hibernate.cache.spi.UpdateTimestampsCache] : [Course] -> [5579090972594176]
14:18:16,981 DEBUG SQL:104 - 
    insert 
    into
        CourseMeeting
        (courseCode, day, period, location) 
    values
        (?, ?, ?, ?)
14:18:16,981 DEBUG BaseGeneralDataRegion:59 - Caching[foo.org.hibernate.cache.spi.UpdateTimestampsCache] : [CourseMeeting] -> [5579090972594177]
14:18:16,981 DEBUG SQL:104 - 
    insert 
    into
        CourseMeeting
        (courseCode, day, period, location) 
    values
        (?, ?, ?, ?)
14:18:16,981 DEBUG BaseGeneralDataRegion:59 - Caching[foo.org.hibernate.cache.spi.UpdateTimestampsCache] : [CourseMeeting] -> [5579090972594178]
14:18:16,981 DEBUG SQL:104 - 
    insert 
    into
        Student
        (name_first, name_middle, name_last, preferredCourseCode, studentId) 
    values
        (?, ?, ?, ?, ?)
14:18:16,982 DEBUG BaseGeneralDataRegion:59 - Caching[foo.org.hibernate.cache.spi.UpdateTimestampsCache] : [Student] -> [5579090972598272]
14:18:16,982 DEBUG SQL:104 - 
    insert 
    into
        Address
        (addressType, street, city, stateProvince, postalCode, country, studentNumber, id) 
    values
        (?, ?, ?, ?, ?, ?, ?, ?)
14:18:16,982 DEBUG BaseGeneralDataRegion:59 - Caching[foo.org.hibernate.cache.spi.UpdateTimestampsCache] : [Address] -> [5579090972598273]
14:18:16,982 DEBUG SQL:104 - 
    insert 
    into
        Address
        (addressType, street, city, stateProvince, postalCode, country, studentNumber, id) 
    values
        (?, ?, ?, ?, ?, ?, ?, ?)
14:18:17,000 DEBUG BaseGeneralDataRegion:59 - Caching[foo.org.hibernate.cache.spi.UpdateTimestampsCache] : [Address] -> [5579090972672000]
14:18:17,000 DEBUG SQL:104 - 
    insert 
    into
        Student
        (name_first, name_middle, name_last, preferredCourseCode, studentId) 
    values
        (?, ?, ?, ?, ?)
14:18:17,000 DEBUG BaseGeneralDataRegion:59 - Caching[foo.org.hibernate.cache.spi.UpdateTimestampsCache] : [Student] -> [5579090972672001]
14:18:17,000 DEBUG SQL:104 - 
    insert 
    into
        Enrolment
        (semester, "year", studentId, courseCode) 
    values
        (?, ?, ?, ?)
14:18:17,001 DEBUG BaseGeneralDataRegion:59 - Caching[foo.org.hibernate.cache.spi.UpdateTimestampsCache] : [Enrolment] -> [5579090972676096]
14:18:17,001 DEBUG SQL:104 - 
    insert 
    into
        Enrolment
        (semester, "year", studentId, courseCode) 
    values
        (?, ?, ?, ?)
14:18:17,001 DEBUG BaseGeneralDataRegion:59 - Caching[foo.org.hibernate.cache.spi.UpdateTimestampsCache] : [Enrolment] -> [5579090972676097]
14:18:17,001 DEBUG BaseGeneralDataRegion:59 - Caching[foo.org.hibernate.cache.spi.UpdateTimestampsCache] : [CourseMeeting] -> [5579090972676098]
14:18:17,001 DEBUG BaseGeneralDataRegion:59 - Caching[foo.org.hibernate.cache.spi.UpdateTimestampsCache] : [Enrolment] -> [5579090972676099]
14:18:17,001 DEBUG SQL:104 - 
    update
        Address 
    set
        studentNumber=?,
        addressType=? 
    where
        id=?
14:18:17,010 DEBUG SQL:104 - 
    update
        Address 
    set
        studentNumber=?,
        addressType=? 
    where
        id=?
14:18:17,010 DEBUG BaseGeneralDataRegion:59 - Caching[foo.org.hibernate.cache.spi.UpdateTimestampsCache] : [Address] -> [5579090972712960]
14:18:17,010 DEBUG SQL:104 - 
    insert 
    into
        Student_secretCodes
        (studentNumber, i, secretCode) 
    values
        (?, ?, ?)
14:18:17,010 DEBUG BaseGeneralDataRegion:59 - Caching[foo.org.hibernate.cache.spi.UpdateTimestampsCache] : [Student_secretCodes] -> [5579090972712961]
14:18:17,010 DEBUG BaseGeneralDataRegion:59 - Caching[foo.org.hibernate.cache.spi.UpdateTimestampsCache] : [Enrolment] -> [5579090972712962]
14:18:17,011 DEBUG BaseGeneralDataRegion:59 - Caching[foo.org.hibernate.cache.spi.UpdateTimestampsCache] : [Address] -> [5579090972717056]
14:18:17,011 DEBUG SQL:104 - 
    insert 
    into
        Student_secretCodes
        (studentNumber, i, secretCode) 
    values
        (?, ?, ?)
14:18:17,020 DEBUG SQL:104 - 
    insert 
    into
        Student_secretCodes
        (studentNumber, i, secretCode) 
    values
        (?, ?, ?)
14:18:17,020 DEBUG BaseGeneralDataRegion:59 - Caching[foo.org.hibernate.cache.spi.UpdateTimestampsCache] : [Student_secretCodes] -> [5579090972753920]
14:18:17,020 DEBUG BaseGeneralDataRegion:59 - Caching[foo.org.hibernate.cache.spi.UpdateTimestampsCache] : [Student] -> [5579090726993921]
14:18:17,020 DEBUG BaseGeneralDataRegion:59 - Caching[foo.org.hibernate.cache.spi.UpdateTimestampsCache] : [Course] -> [5579090726993921]
14:18:17,020 DEBUG BaseGeneralDataRegion:59 - Caching[foo.org.hibernate.cache.spi.UpdateTimestampsCache] : [Enrolment] -> [5579090726993921]
14:18:17,020 DEBUG BaseGeneralDataRegion:59 - Caching[foo.org.hibernate.cache.spi.UpdateTimestampsCache] : [Student_secretCodes] -> [5579090726993921]
14:18:17,020 DEBUG BaseGeneralDataRegion:59 - Caching[foo.org.hibernate.cache.spi.UpdateTimestampsCache] : [Address] -> [5579090726993921]
14:18:17,020 DEBUG BaseGeneralDataRegion:59 - Caching[foo.org.hibernate.cache.spi.UpdateTimestampsCache] : [CourseMeeting] -> [5579090726993921]
14:18:17,021 DEBUG SQL:104 - 
    select
        student_.studentId,
        student_.name_first as name2_4_,
        student_.name_middle as name3_4_,
        student_.name_last as name4_4_,
        student_.preferredCourseCode as preferre5_4_ 
    from
        Student student_ 
    where
        student_.studentId=?
14:18:17,021 DEBUG SQL:104 - 
    select
        enrolment_.studentId,
        enrolment_.courseCode,
        enrolment_.semester as semester3_,
        enrolment_."year" as year4_3_ 
    from
        Enrolment enrolment_ 
    where
        enrolment_.studentId=? 
        and enrolment_.courseCode=?
14:18:17,030 DEBUG SQL:104 - 
    select
        course_.courseCode,
        course_.description as descript2_1_ 
    from
        Course course_ 
    where
        course_.courseCode=?
14:18:17,030 DEBUG SQL:104 - 
    select
        student_.studentId,
        student_.name_first as name2_4_,
        student_.name_middle as name3_4_,
        student_.name_last as name4_4_,
        student_.preferredCourseCode as preferre5_4_ 
    from
        Student student_ 
    where
        student_.studentId=?
14:18:17,031 DEBUG SQL:104 - 
    select
        enrolment_.studentId,
        enrolment_.courseCode,
        enrolment_.semester as semester3_,
        enrolment_."year" as year4_3_ 
    from
        Enrolment enrolment_ 
    where
        enrolment_.studentId=? 
        and enrolment_.courseCode=?
14:18:17,041 DEBUG SQL:104 - 
    select
        coursemeet_.courseCode,
        coursemeet_.day,
        coursemeet_.period,
        coursemeet_.location 
    from
        CourseMeeting coursemeet_ 
    where
        coursemeet_.courseCode=? 
        and coursemeet_.day=? 
        and coursemeet_.period=? 
        and coursemeet_.location=?
14:18:17,041 DEBUG SQL:104 - 
    select
        coursemeet_.courseCode,
        coursemeet_.day,
        coursemeet_.period,
        coursemeet_.location 
    from
        CourseMeeting coursemeet_ 
    where
        coursemeet_.courseCode=? 
        and coursemeet_.day=? 
        and coursemeet_.period=? 
        and coursemeet_.location=?
14:18:17,050 DEBUG BaseGeneralDataRegion:59 - Caching[foo.org.hibernate.cache.spi.UpdateTimestampsCache] : [Enrolment] -> [5579090972876800]
14:18:17,050 DEBUG SQL:104 - 
    update
        Address 
    set
        studentNumber=null,
        addressType=null 
    where
        studentNumber=?
14:18:17,051 DEBUG BaseGeneralDataRegion:59 - Caching[foo.org.hibernate.cache.spi.UpdateTimestampsCache] : [Address] -> [5579090972880896]
14:18:17,051 DEBUG SQL:104 - 
    delete 
    from
        Student_secretCodes 
    where
        studentNumber=?
14:18:17,051 DEBUG BaseGeneralDataRegion:59 - Caching[foo.org.hibernate.cache.spi.UpdateTimestampsCache] : [Student_secretCodes] -> [5579090972880897]
14:18:17,051 DEBUG BaseGeneralDataRegion:59 - Caching[foo.org.hibernate.cache.spi.UpdateTimestampsCache] : [Enrolment] -> [5579090972880898]
14:18:17,051 DEBUG BaseGeneralDataRegion:59 - Caching[foo.org.hibernate.cache.spi.UpdateTimestampsCache] : [Address] -> [5579090972880899]
14:18:17,051 DEBUG SQL:104 - 
    delete 
    from
        Student_secretCodes 
    where
        studentNumber=?
14:18:17,051 DEBUG BaseGeneralDataRegion:59 - Caching[foo.org.hibernate.cache.spi.UpdateTimestampsCache] : [Student_secretCodes] -> [5579090972880900]
14:18:17,061 DEBUG BaseGeneralDataRegion:59 - Caching[foo.org.hibernate.cache.spi.UpdateTimestampsCache] : [CourseMeeting] -> [5579090972921856]
14:18:17,061 DEBUG SQL:104 - 
    delete 
    from
        Enrolment 
    where
        studentId=? 
        and courseCode=?
14:18:17,062 DEBUG BaseGeneralDataRegion:59 - Caching[foo.org.hibernate.cache.spi.UpdateTimestampsCache] : [Enrolment] -> [5579090972925952]
14:18:17,062 DEBUG SQL:104 - 
    delete 
    from
        Address 
    where
        id=?
14:18:17,062 DEBUG BaseGeneralDataRegion:59 - Caching[foo.org.hibernate.cache.spi.UpdateTimestampsCache] : [Address] -> [5579090972925953]
14:18:17,062 DEBUG SQL:104 - 
    delete 
    from
        Address 
    where
        id=?
14:18:17,062 DEBUG BaseGeneralDataRegion:59 - Caching[foo.org.hibernate.cache.spi.UpdateTimestampsCache] : [Address] -> [5579090972925954]
14:18:17,062 DEBUG SQL:104 - 
    delete 
    from
        Student 
    where
        studentId=?
14:18:17,062 DEBUG BaseGeneralDataRegion:59 - Caching[foo.org.hibernate.cache.spi.UpdateTimestampsCache] : [Student] -> [5579090972925955]
14:18:17,062 DEBUG SQL:104 - 
    delete 
    from
        Enrolment 
    where
        studentId=? 
        and courseCode=?
14:18:17,063 DEBUG BaseGeneralDataRegion:59 - Caching[foo.org.hibernate.cache.spi.UpdateTimestampsCache] : [Enrolment] -> [5579090972930048]
14:18:17,063 DEBUG SQL:104 - 
    delete 
    from
        Student 
    where
        studentId=?
14:18:17,063 DEBUG BaseGeneralDataRegion:59 - Caching[foo.org.hibernate.cache.spi.UpdateTimestampsCache] : [Student] -> [5579090972930049]
14:18:17,063 DEBUG SQL:104 - 
    delete 
    from
        CourseMeeting 
    where
        courseCode=? 
        and day=? 
        and period=? 
        and location=?
14:18:17,063 DEBUG BaseGeneralDataRegion:59 - Caching[foo.org.hibernate.cache.spi.UpdateTimestampsCache] : [CourseMeeting] -> [5579090972930050]
14:18:17,063 DEBUG SQL:104 - 
    delete 
    from
        CourseMeeting 
    where
        courseCode=? 
        and day=? 
        and period=? 
        and location=?
14:18:17,073 DEBUG BaseGeneralDataRegion:59 - Caching[foo.org.hibernate.cache.spi.UpdateTimestampsCache] : [CourseMeeting] -> [5579090972971008]
14:18:17,073 DEBUG SQL:104 - 
    delete 
    from
        Course 
    where
        courseCode=?
14:18:17,073 DEBUG BaseGeneralDataRegion:59 - Caching[foo.org.hibernate.cache.spi.UpdateTimestampsCache] : [Course] -> [5579090972971009]
14:18:17,074 DEBUG BaseGeneralDataRegion:59 - Caching[foo.org.hibernate.cache.spi.UpdateTimestampsCache] : [Student] -> [5579090727215104]
14:18:17,074 DEBUG BaseGeneralDataRegion:59 - Caching[foo.org.hibernate.cache.spi.UpdateTimestampsCache] : [Course] -> [5579090727215104]
14:18:17,074 DEBUG BaseGeneralDataRegion:59 - Caching[foo.org.hibernate.cache.spi.UpdateTimestampsCache] : [Enrolment] -> [5579090727215104]
14:18:17,074 DEBUG BaseGeneralDataRegion:59 - Caching[foo.org.hibernate.cache.spi.UpdateTimestampsCache] : [Student_secretCodes] -> [5579090727215104]
14:18:17,074 DEBUG BaseGeneralDataRegion:59 - Caching[foo.org.hibernate.cache.spi.UpdateTimestampsCache] : [Address] -> [5579090727215104]
14:18:17,074 DEBUG BaseGeneralDataRegion:59 - Caching[foo.org.hibernate.cache.spi.UpdateTimestampsCache] : [CourseMeeting] -> [5579090727215104]
14:18:17,075  INFO CustomRunner:139 - Test: testMultiAggregatedPropProjectionSingleResult
14:18:17,076 DEBUG SQL:104 - 
    select
        coursemeet_.courseCode,
        coursemeet_.day,
        coursemeet_.period,
        coursemeet_.location 
    from
        CourseMeeting coursemeet_ 
    where
        coursemeet_.courseCode=? 
        and coursemeet_.day=? 
        and coursemeet_.period=? 
        and coursemeet_.location=?
14:18:17,083 DEBUG SQL:104 - 
    select
        coursemeet_.courseCode,
        coursemeet_.day,
        coursemeet_.period,
        coursemeet_.location 
    from
        CourseMeeting coursemeet_ 
    where
        coursemeet_.courseCode=? 
        and coursemeet_.day=? 
        and coursemeet_.period=? 
        and coursemeet_.location=?
14:18:17,084 DEBUG SQL:104 - 
    insert 
    into
        Course
        (description, courseCode) 
    values
        (?, ?)
14:18:17,085 DEBUG BaseGeneralDataRegion:59 - Caching[foo.org.hibernate.cache.spi.UpdateTimestampsCache] : [Course] -> [5579090973020160]
14:18:17,085 DEBUG SQL:104 - 
    insert 
    into
        CourseMeeting
        (courseCode, day, period, location) 
    values
        (?, ?, ?, ?)
14:18:17,085 DEBUG BaseGeneralDataRegion:59 - Caching[foo.org.hibernate.cache.spi.UpdateTimestampsCache] : [CourseMeeting] -> [5579090973020161]
14:18:17,085 DEBUG SQL:104 - 
    insert 
    into
        CourseMeeting
        (courseCode, day, period, location) 
    values
        (?, ?, ?, ?)
14:18:17,085 DEBUG BaseGeneralDataRegion:59 - Caching[foo.org.hibernate.cache.spi.UpdateTimestampsCache] : [CourseMeeting] -> [5579090973020162]
14:18:17,085 DEBUG SQL:104 - 
    insert 
    into
        Student
        (name_first, name_middle, name_last, preferredCourseCode, studentId) 
    values
        (?, ?, ?, ?, ?)
14:18:17,106 DEBUG BaseGeneralDataRegion:59 - Caching[foo.org.hibernate.cache.spi.UpdateTimestampsCache] : [Student] -> [5579090973106176]
14:18:17,106 DEBUG SQL:104 - 
    insert 
    into
        Address
        (addressType, street, city, stateProvince, postalCode, country, studentNumber, id) 
    values
        (?, ?, ?, ?, ?, ?, ?, ?)
14:18:17,106 DEBUG BaseGeneralDataRegion:59 - Caching[foo.org.hibernate.cache.spi.UpdateTimestampsCache] : [Address] -> [5579090973106177]
14:18:17,106 DEBUG SQL:104 - 
    insert 
    into
        Address
        (addressType, street, city, stateProvince, postalCode, country, studentNumber, id) 
    values
        (?, ?, ?, ?, ?, ?, ?, ?)
14:18:17,106 DEBUG BaseGeneralDataRegion:59 - Caching[foo.org.hibernate.cache.spi.UpdateTimestampsCache] : [Address] -> [5579090973106178]
14:18:17,107 DEBUG SQL:104 - 
    insert 
    into
        Student
        (name_first, name_middle, name_last, preferredCourseCode, studentId) 
    values
        (?, ?, ?, ?, ?)
14:18:17,107 DEBUG BaseGeneralDataRegion:59 - Caching[foo.org.hibernate.cache.spi.UpdateTimestampsCache] : [Student] -> [5579090973110272]
14:18:17,107 DEBUG SQL:104 - 
    insert 
    into
        Enrolment
        (semester, "year", studentId, courseCode) 
    values
        (?, ?, ?, ?)
14:18:17,115 DEBUG BaseGeneralDataRegion:59 - Caching[foo.org.hibernate.cache.spi.UpdateTimestampsCache] : [Enrolment] -> [5579090973143040]
14:18:17,116 DEBUG SQL:104 - 
    insert 
    into
        Enrolment
        (semester, "year", studentId, courseCode) 
    values
        (?, ?, ?, ?)
14:18:17,116 DEBUG BaseGeneralDataRegion:59 - Caching[foo.org.hibernate.cache.spi.UpdateTimestampsCache] : [Enrolment] -> [5579090973147136]
14:18:17,116 DEBUG BaseGeneralDataRegion:59 - Caching[foo.org.hibernate.cache.spi.UpdateTimestampsCache] : [CourseMeeting] -> [5579090973147137]
14:18:17,116 DEBUG BaseGeneralDataRegion:59 - Caching[foo.org.hibernate.cache.spi.UpdateTimestampsCache] : [Enrolment] -> [5579090973147138]
14:18:17,116 DEBUG SQL:104 - 
    update
        Address 
    set
        studentNumber=?,
        addressType=? 
    where
        id=?
14:18:17,117 DEBUG SQL:104 - 
    update
        Address 
    set
        studentNumber=?,
        addressType=? 
    where
        id=?
14:18:17,126 DEBUG BaseGeneralDataRegion:59 - Caching[foo.org.hibernate.cache.spi.UpdateTimestampsCache] : [Address] -> [5579090973188096]
14:18:17,126 DEBUG SQL:104 - 
    insert 
    into
        Student_secretCodes
        (studentNumber, i, secretCode) 
    values
        (?, ?, ?)
14:18:17,126 DEBUG BaseGeneralDataRegion:59 - Caching[foo.org.hibernate.cache.spi.UpdateTimestampsCache] : [Student_secretCodes] -> [5579090973188097]
14:18:17,126 DEBUG BaseGeneralDataRegion:59 - Caching[foo.org.hibernate.cache.spi.UpdateTimestampsCache] : [Enrolment] -> [5579090973188098]
14:18:17,126 DEBUG BaseGeneralDataRegion:59 - Caching[foo.org.hibernate.cache.spi.UpdateTimestampsCache] : [Address] -> [5579090973188099]
14:18:17,126 DEBUG SQL:104 - 
    insert 
    into
        Student_secretCodes
        (studentNumber, i, secretCode) 
    values
        (?, ?, ?)
14:18:17,126 DEBUG SQL:104 - 
    insert 
    into
        Student_secretCodes
        (studentNumber, i, secretCode) 
    values
        (?, ?, ?)
14:18:17,127 DEBUG BaseGeneralDataRegion:59 - Caching[foo.org.hibernate.cache.spi.UpdateTimestampsCache] : [Student_secretCodes] -> [5579090973192192]
14:18:17,127 DEBUG BaseGeneralDataRegion:59 - Caching[foo.org.hibernate.cache.spi.UpdateTimestampsCache] : [Student] -> [5579090727432193]
14:18:17,127 DEBUG BaseGeneralDataRegion:59 - Caching[foo.org.hibernate.cache.spi.UpdateTimestampsCache] : [Course] -> [5579090727432193]
14:18:17,137 DEBUG BaseGeneralDataRegion:59 - Caching[foo.org.hibernate.cache.spi.UpdateTimestampsCache] : [Enrolment] -> [5579090727432193]
14:18:17,137 DEBUG BaseGeneralDataRegion:59 - Caching[foo.org.hibernate.cache.spi.UpdateTimestampsCache] : [Student_secretCodes] -> [5579090727432193]
14:18:17,137 DEBUG BaseGeneralDataRegion:59 - Caching[foo.org.hibernate.cache.spi.UpdateTimestampsCache] : [Address] -> [5579090727432193]
14:18:17,137 DEBUG BaseGeneralDataRegion:59 - Caching[foo.org.hibernate.cache.spi.UpdateTimestampsCache] : [CourseMeeting] -> [5579090727432193]
14:18:17,137 DEBUG SQL:104 - 
    select
        min(this_.studentId) as y0_,
        max(this_.studentId) as y1_ 
    from
        Enrolment this_
14:18:17,138 DEBUG BaseGeneralDataRegion:59 - Caching[foo.org.hibernate.cache.internal.StandardQueryCache] : [sql: select min(this_.studentId) as y0_, max(this_.studentId) as y1_ from Enrolment this_; parameters: ; transformer: org.hibernate.transform.CacheableResultTransformer@1406bf] -> [[5579090727477248, [Ljava.io.Serializable;@68c317af]]
14:18:17,138 DEBUG SQL:104 - 
    select
        min(this_.studentId) as y0_,
        max(this_.studentId) as y1_ 
    from
        Enrolment this_
14:18:17,139 DEBUG BaseGeneralDataRegion:59 - Caching[foo.org.hibernate.cache.internal.StandardQueryCache] : [sql: select min(this_.studentId) as y0_, max(this_.studentId) as y1_ from Enrolment this_; parameters: ; transformer: org.hibernate.transform.CacheableResultTransformer@1406bf] -> [[5579090727481344, [Ljava.io.Serializable;@69e5ab45]]
14:18:17,140 DEBUG SQL:104 - 
    select
        student_.studentId,
        student_.name_first as name2_4_,
        student_.name_middle as name3_4_,
        student_.name_last as name4_4_,
        student_.preferredCourseCode as preferre5_4_ 
    from
        Student student_ 
    where
        student_.studentId=?
14:18:17,140 DEBUG SQL:104 - 
    select
        enrolment_.studentId,
        enrolment_.courseCode,
        enrolment_.semester as semester3_,
        enrolment_."year" as year4_3_ 
    from
        Enrolment enrolment_ 
    where
        enrolment_.studentId=? 
        and enrolment_.courseCode=?
14:18:17,150 DEBUG SQL:104 - 
    select
        course_.courseCode,
        course_.description as descript2_1_ 
    from
        Course course_ 
    where
        course_.courseCode=?
14:18:17,150 DEBUG SQL:104 - 
    select
        student_.studentId,
        student_.name_first as name2_4_,
        student_.name_middle as name3_4_,
        student_.name_last as name4_4_,
        student_.preferredCourseCode as preferre5_4_ 
    from
        Student student_ 
    where
        student_.studentId=?
14:18:17,150 DEBUG SQL:104 - 
    select
        enrolment_.studentId,
        enrolment_.courseCode,
        enrolment_.semester as semester3_,
        enrolment_."year" as year4_3_ 
    from
        Enrolment enrolment_ 
    where
        enrolment_.studentId=? 
        and enrolment_.courseCode=?
14:18:17,159 DEBUG SQL:104 - 
    select
        coursemeet_.courseCode,
        coursemeet_.day,
        coursemeet_.period,
        coursemeet_.location 
    from
        CourseMeeting coursemeet_ 
    where
        coursemeet_.courseCode=? 
        and coursemeet_.day=? 
        and coursemeet_.period=? 
        and coursemeet_.location=?
14:18:17,159 DEBUG SQL:104 - 
    select
        coursemeet_.courseCode,
        coursemeet_.day,
        coursemeet_.period,
        coursemeet_.location 
    from
        CourseMeeting coursemeet_ 
    where
        coursemeet_.courseCode=? 
        and coursemeet_.day=? 
        and coursemeet_.period=? 
        and coursemeet_.location=?
14:18:17,170 DEBUG BaseGeneralDataRegion:59 - Caching[foo.org.hibernate.cache.spi.UpdateTimestampsCache] : [Enrolment] -> [5579090973368320]
14:18:17,170 DEBUG SQL:104 - 
    update
        Address 
    set
        studentNumber=null,
        addressType=null 
    where
        studentNumber=?
14:18:17,170 DEBUG BaseGeneralDataRegion:59 - Caching[foo.org.hibernate.cache.spi.UpdateTimestampsCache] : [Address] -> [5579090973368321]
14:18:17,170 DEBUG SQL:104 - 
    delete 
    from
        Student_secretCodes 
    where
        studentNumber=?
14:18:17,170 DEBUG BaseGeneralDataRegion:59 - Caching[foo.org.hibernate.cache.spi.UpdateTimestampsCache] : [Student_secretCodes] -> [5579090973368322]
14:18:17,171 DEBUG BaseGeneralDataRegion:59 - Caching[foo.org.hibernate.cache.spi.UpdateTimestampsCache] : [Enrolment] -> [5579090973372416]
14:18:17,171 DEBUG BaseGeneralDataRegion:59 - Caching[foo.org.hibernate.cache.spi.UpdateTimestampsCache] : [Address] -> [5579090973372417]
14:18:17,171 DEBUG SQL:104 - 
    delete 
    from
        Student_secretCodes 
    where
        studentNumber=?
14:18:17,180 DEBUG BaseGeneralDataRegion:59 - Caching[foo.org.hibernate.cache.spi.UpdateTimestampsCache] : [Student_secretCodes] -> [5579090973409280]
14:18:17,180 DEBUG BaseGeneralDataRegion:59 - Caching[foo.org.hibernate.cache.spi.UpdateTimestampsCache] : [CourseMeeting] -> [5579090973409281]
14:18:17,180 DEBUG SQL:104 - 
    delete 
    from
        Enrolment 
    where
        studentId=? 
        and courseCode=?
14:18:17,180 DEBUG BaseGeneralDataRegion:59 - Caching[foo.org.hibernate.cache.spi.UpdateTimestampsCache] : [Enrolment] -> [5579090973409282]
14:18:17,180 DEBUG SQL:104 - 
    delete 
    from
        Address 
    where
        id=?
14:18:17,180 DEBUG BaseGeneralDataRegion:59 - Caching[foo.org.hibernate.cache.spi.UpdateTimestampsCache] : [Address] -> [5579090973409283]
14:18:17,181 DEBUG SQL:104 - 
    delete 
    from
        Address 
    where
        id=?
14:18:17,181 DEBUG BaseGeneralDataRegion:59 - Caching[foo.org.hibernate.cache.spi.UpdateTimestampsCache] : [Address] -> [5579090973413376]
14:18:17,181 DEBUG SQL:104 - 
    delete 
    from
        Student 
    where
        studentId=?
14:18:17,190 DEBUG BaseGeneralDataRegion:59 - Caching[foo.org.hibernate.cache.spi.UpdateTimestampsCache] : [Student] -> [5579090973450240]
14:18:17,190 DEBUG SQL:104 - 
    delete 
    from
        Enrolment 
    where
        studentId=? 
        and courseCode=?
14:18:17,190 DEBUG BaseGeneralDataRegion:59 - Caching[foo.org.hibernate.cache.spi.UpdateTimestampsCache] : [Enrolment] -> [5579090973450241]
14:18:17,190 DEBUG SQL:104 - 
    delete 
    from
        Student 
    where
        studentId=?
14:18:17,191 DEBUG BaseGeneralDataRegion:59 - Caching[foo.org.hibernate.cache.spi.UpdateTimestampsCache] : [Student] -> [5579090973454336]
14:18:17,191 DEBUG SQL:104 - 
    delete 
    from
        CourseMeeting 
    where
        courseCode=? 
        and day=? 
        and period=? 
        and location=?
14:18:17,192 DEBUG BaseGeneralDataRegion:59 - Caching[foo.org.hibernate.cache.spi.UpdateTimestampsCache] : [CourseMeeting] -> [5579090973458432]
14:18:17,192 DEBUG SQL:104 - 
    delete 
    from
        CourseMeeting 
    where
        courseCode=? 
        and day=? 
        and period=? 
        and location=?
14:18:17,193 DEBUG BaseGeneralDataRegion:59 - Caching[foo.org.hibernate.cache.spi.UpdateTimestampsCache] : [CourseMeeting] -> [5579090973462528]
14:18:17,193 DEBUG SQL:104 - 
    delete 
    from
        Course 
    where
        courseCode=?
14:18:17,193 DEBUG BaseGeneralDataRegion:59 - Caching[foo.org.hibernate.cache.spi.UpdateTimestampsCache] : [Course] -> [5579090973462529]
14:18:17,193 DEBUG BaseGeneralDataRegion:59 - Caching[foo.org.hibernate.cache.spi.UpdateTimestampsCache] : [Student] -> [5579090727702530]
14:18:17,193 DEBUG BaseGeneralDataRegion:59 - Caching[foo.org.hibernate.cache.spi.UpdateTimestampsCache] : [Course] -> [5579090727702530]
14:18:17,193 DEBUG BaseGeneralDataRegion:59 - Caching[foo.org.hibernate.cache.spi.UpdateTimestampsCache] : [Enrolment] -> [5579090727702530]
14:18:17,193 DEBUG BaseGeneralDataRegion:59 - Caching[foo.org.hibernate.cache.spi.UpdateTimestampsCache] : [Student_secretCodes] -> [5579090727702530]
14:18:17,193 DEBUG BaseGeneralDataRegion:59 - Caching[foo.org.hibernate.cache.spi.UpdateTimestampsCache] : [Address] -> [5579090727702530]
14:18:17,193 DEBUG BaseGeneralDataRegion:59 - Caching[foo.org.hibernate.cache.spi.UpdateTimestampsCache] : [CourseMeeting] -> [5579090727702530]
14:18:17,194  INFO CustomRunner:139 - Test: testMultiEntityProjectionAliasedList
14:18:17,195 DEBUG SQL:104 - 
    select
        coursemeet_.courseCode,
        coursemeet_.day,
        coursemeet_.period,
        coursemeet_.location 
    from
        CourseMeeting coursemeet_ 
    where
        coursemeet_.courseCode=? 
        and coursemeet_.day=? 
        and coursemeet_.period=? 
        and coursemeet_.location=?
14:18:17,206 DEBUG SQL:104 - 
    select
        coursemeet_.courseCode,
        coursemeet_.day,
        coursemeet_.period,
        coursemeet_.location 
    from
        CourseMeeting coursemeet_ 
    where
        coursemeet_.courseCode=? 
        and coursemeet_.day=? 
        and coursemeet_.period=? 
        and coursemeet_.location=?
14:18:17,207 DEBUG SQL:104 - 
    insert 
    into
        Course
        (description, courseCode) 
    values
        (?, ?)
14:18:17,207 DEBUG BaseGeneralDataRegion:59 - Caching[foo.org.hibernate.cache.spi.UpdateTimestampsCache] : [Course] -> [5579090973519872]
14:18:17,208 DEBUG SQL:104 - 
    insert 
    into
        CourseMeeting
        (courseCode, day, period, location) 
    values
        (?, ?, ?, ?)
14:18:17,216 DEBUG BaseGeneralDataRegion:59 - Caching[foo.org.hibernate.cache.spi.UpdateTimestampsCache] : [CourseMeeting] -> [5579090973556736]
14:18:17,216 DEBUG SQL:104 - 
    insert 
    into
        CourseMeeting
        (courseCode, day, period, location) 
    values
        (?, ?, ?, ?)
14:18:17,216 DEBUG BaseGeneralDataRegion:59 - Caching[foo.org.hibernate.cache.spi.UpdateTimestampsCache] : [CourseMeeting] -> [5579090973556737]
14:18:17,216 DEBUG SQL:104 - 
    insert 
    into
        Student
        (name_first, name_middle, name_last, preferredCourseCode, studentId) 
    values
        (?, ?, ?, ?, ?)
14:18:17,217 DEBUG BaseGeneralDataRegion:59 - Caching[foo.org.hibernate.cache.spi.UpdateTimestampsCache] : [Student] -> [5579090973560832]
14:18:17,217 DEBUG SQL:104 - 
    insert 
    into
        Address
        (addressType, street, city, stateProvince, postalCode, country, studentNumber, id) 
    values
        (?, ?, ?, ?, ?, ?, ?, ?)
14:18:17,217 DEBUG BaseGeneralDataRegion:59 - Caching[foo.org.hibernate.cache.spi.UpdateTimestampsCache] : [Address] -> [5579090973560833]
14:18:17,217 DEBUG SQL:104 - 
    insert 
    into
        Address
        (addressType, street, city, stateProvince, postalCode, country, studentNumber, id) 
    values
        (?, ?, ?, ?, ?, ?, ?, ?)
14:18:17,217 DEBUG BaseGeneralDataRegion:59 - Caching[foo.org.hibernate.cache.spi.UpdateTimestampsCache] : [Address] -> [5579090973560834]
14:18:17,217 DEBUG SQL:104 - 
    insert 
    into
        Student
        (name_first, name_middle, name_last, preferredCourseCode, studentId) 
    values
        (?, ?, ?, ?, ?)
14:18:17,238 DEBUG BaseGeneralDataRegion:59 - Caching[foo.org.hibernate.cache.spi.UpdateTimestampsCache] : [Student] -> [5579090973646848]
14:18:17,238 DEBUG SQL:104 - 
    insert 
    into
        Enrolment
        (semester, "year", studentId, courseCode) 
    values
        (?, ?, ?, ?)
14:18:17,239 DEBUG BaseGeneralDataRegion:59 - Caching[foo.org.hibernate.cache.spi.UpdateTimestampsCache] : [Enrolment] -> [5579090973650944]
14:18:17,239 DEBUG SQL:104 - 
    insert 
    into
        Enrolment
        (semester, "year", studentId, courseCode) 
    values
        (?, ?, ?, ?)
14:18:17,239 DEBUG BaseGeneralDataRegion:59 - Caching[foo.org.hibernate.cache.spi.UpdateTimestampsCache] : [Enrolment] -> [5579090973650945]
14:18:17,239 DEBUG BaseGeneralDataRegion:59 - Caching[foo.org.hibernate.cache.spi.UpdateTimestampsCache] : [CourseMeeting] -> [5579090973650946]
14:18:17,239 DEBUG BaseGeneralDataRegion:59 - Caching[foo.org.hibernate.cache.spi.UpdateTimestampsCache] : [Enrolment] -> [5579090973650947]
14:18:17,239 DEBUG SQL:104 - 
    update
        Address 
    set
        studentNumber=?,
        addressType=? 
    where
        id=?
14:18:17,240 DEBUG SQL:104 - 
    update
        Address 
    set
        studentNumber=?,
        addressType=? 
    where
        id=?
14:18:17,249 DEBUG BaseGeneralDataRegion:59 - Caching[foo.org.hibernate.cache.spi.UpdateTimestampsCache] : [Address] -> [5579090973691904]
14:18:17,249 DEBUG SQL:104 - 
    insert 
    into
        Student_secretCodes
        (studentNumber, i, secretCode) 
    values
        (?, ?, ?)
14:18:17,250 DEBUG BaseGeneralDataRegion:59 - Caching[foo.org.hibernate.cache.spi.UpdateTimestampsCache] : [Student_secretCodes] -> [5579090973696000]
14:18:17,250 DEBUG BaseGeneralDataRegion:59 - Caching[foo.org.hibernate.cache.spi.UpdateTimestampsCache] : [Enrolment] -> [5579090973696001]
14:18:17,250 DEBUG BaseGeneralDataRegion:59 - Caching[foo.org.hibernate.cache.spi.UpdateTimestampsCache] : [Address] -> [5579090973696002]
14:18:17,250 DEBUG SQL:104 - 
    insert 
    into
        Student_secretCodes
        (studentNumber, i, secretCode) 
    values
        (?, ?, ?)
14:18:17,250 DEBUG SQL:104 - 
    insert 
    into
        Student_secretCodes
        (studentNumber, i, secretCode) 
    values
        (?, ?, ?)
14:18:17,260 DEBUG BaseGeneralDataRegion:59 - Caching[foo.org.hibernate.cache.spi.UpdateTimestampsCache] : [Student_secretCodes] -> [5579090973736960]
14:18:17,260 DEBUG BaseGeneralDataRegion:59 - Caching[foo.org.hibernate.cache.spi.UpdateTimestampsCache] : [Student] -> [5579090727976961]
14:18:17,260 DEBUG BaseGeneralDataRegion:59 - Caching[foo.org.hibernate.cache.spi.UpdateTimestampsCache] : [Course] -> [5579090727976961]
14:18:17,260 DEBUG BaseGeneralDataRegion:59 - Caching[foo.org.hibernate.cache.spi.UpdateTimestampsCache] : [Enrolment] -> [5579090727976961]
14:18:17,260 DEBUG BaseGeneralDataRegion:59 - Caching[foo.org.hibernate.cache.spi.UpdateTimestampsCache] : [Student_secretCodes] -> [5579090727976961]
14:18:17,260 DEBUG BaseGeneralDataRegion:59 - Caching[foo.org.hibernate.cache.spi.UpdateTimestampsCache] : [Address] -> [5579090727976961]
14:18:17,260 DEBUG BaseGeneralDataRegion:59 - Caching[foo.org.hibernate.cache.spi.UpdateTimestampsCache] : [CourseMeeting] -> [5579090727976961]
14:18:17,261 DEBUG SQL:104 - 
    select
        this_.studentId as y0_,
        this_.semester as y1_,
        this_."year" as y2_,
        this_.courseCode as y3_ 
    from
        Enrolment this_ 
    order by
        this_.studentId asc
14:18:17,262 DEBUG SQL:104 - 
    select
        course0_.courseCode as courseCode1_0_,
        course0_.description as descript2_1_0_ 
    from
        Course course0_ 
    where
        course0_.courseCode=?
14:18:17,262 DEBUG SQL:104 - 
    select
        coursemeet0_.courseCode as courseCode1_1_,
        coursemeet0_.courseCode as courseCode2_1_,
        coursemeet0_.day as day2_1_,
        coursemeet0_.period as period2_1_,
        coursemeet0_.location as location2_1_,
        coursemeet0_.courseCode as courseCode2_0_,
        coursemeet0_.day as day2_0_,
        coursemeet0_.period as period2_0_,
        coursemeet0_.location as location2_0_ 
    from
        CourseMeeting coursemeet0_ 
    where
        coursemeet0_.courseCode=?
14:18:17,271 DEBUG BaseGeneralDataRegion:59 - Caching[foo.org.hibernate.cache.internal.StandardQueryCache] : [sql: select this_.studentId as y0_, this_.semester as y1_, this_."year" as y2_, this_.courseCode as y3_ from Enrolment this_ order by this_.studentId asc; parameters: ; transformer: org.hibernate.transform.CacheableResultTransformer@47bbf55f] -> [[5579090728022016, [Ljava.io.Serializable;@26435e70, [Ljava.io.Serializable;@10ed1eb0]]
14:18:17,271 DEBUG SQL:104 - 
    select
        this_.studentId as y0_,
        this_.semester as y1_,
        this_."year" as y2_,
        this_.courseCode as y3_ 
    from
        Enrolment this_ 
    order by
        this_.studentId asc
14:18:17,272 DEBUG SQL:104 - 
    select
        course0_.courseCode as courseCode1_0_,
        course0_.description as descript2_1_0_ 
    from
        Course course0_ 
    where
        course0_.courseCode=?
14:18:17,272 DEBUG SQL:104 - 
    select
        coursemeet0_.courseCode as courseCode1_1_,
        coursemeet0_.courseCode as courseCode2_1_,
        coursemeet0_.day as day2_1_,
        coursemeet0_.period as period2_1_,
        coursemeet0_.location as location2_1_,
        coursemeet0_.courseCode as courseCode2_0_,
        coursemeet0_.day as day2_0_,
        coursemeet0_.period as period2_0_,
        coursemeet0_.location as location2_0_ 
    from
        CourseMeeting coursemeet0_ 
    where
        coursemeet0_.courseCode=?
14:18:17,281 DEBUG BaseGeneralDataRegion:59 - Caching[foo.org.hibernate.cache.internal.StandardQueryCache] : [sql: select this_.studentId as y0_, this_.semester as y1_, this_."year" as y2_, this_.courseCode as y3_ from Enrolment this_ order by this_.studentId asc; parameters: ; transformer: org.hibernate.transform.CacheableResultTransformer@47bbf55f] -> [[5579090728062976, [Ljava.io.Serializable;@159dab05, [Ljava.io.Serializable;@2246e059]]
14:18:17,281 DEBUG SQL:104 - 
    select
        student_.studentId,
        student_.name_first as name2_4_,
        student_.name_middle as name3_4_,
        student_.name_last as name4_4_,
        student_.preferredCourseCode as preferre5_4_ 
    from
        Student student_ 
    where
        student_.studentId=?
14:18:17,282 DEBUG SQL:104 - 
    select
        enrolment_.studentId,
        enrolment_.courseCode,
        enrolment_.semester as semester3_,
        enrolment_."year" as year4_3_ 
    from
        Enrolment enrolment_ 
    where
        enrolment_.studentId=? 
        and enrolment_.courseCode=?
14:18:17,291 DEBUG SQL:104 - 
    select
        course_.courseCode,
        course_.description as descript2_1_ 
    from
        Course course_ 
    where
        course_.courseCode=?
14:18:17,291 DEBUG SQL:104 - 
    select
        student_.studentId,
        student_.name_first as name2_4_,
        student_.name_middle as name3_4_,
        student_.name_last as name4_4_,
        student_.preferredCourseCode as preferre5_4_ 
    from
        Student student_ 
    where
        student_.studentId=?
14:18:17,292 DEBUG SQL:104 - 
    select
        enrolment_.studentId,
        enrolment_.courseCode,
        enrolment_.semester as semester3_,
        enrolment_."year" as year4_3_ 
    from
        Enrolment enrolment_ 
    where
        enrolment_.studentId=? 
        and enrolment_.courseCode=?
14:18:17,301 DEBUG SQL:104 - 
    select
        coursemeet_.courseCode,
        coursemeet_.day,
        coursemeet_.period,
        coursemeet_.location 
    from
        CourseMeeting coursemeet_ 
    where
        coursemeet_.courseCode=? 
        and coursemeet_.day=? 
        and coursemeet_.period=? 
        and coursemeet_.location=?
14:18:17,301 DEBUG SQL:104 - 
    select
        coursemeet_.courseCode,
        coursemeet_.day,
        coursemeet_.period,
        coursemeet_.location 
    from
        CourseMeeting coursemeet_ 
    where
        coursemeet_.courseCode=? 
        and coursemeet_.day=? 
        and coursemeet_.period=? 
        and coursemeet_.location=?
14:18:17,312 DEBUG BaseGeneralDataRegion:59 - Caching[foo.org.hibernate.cache.spi.UpdateTimestampsCache] : [Enrolment] -> [5579090973949952]
14:18:17,312 DEBUG SQL:104 - 
    update
        Address 
    set
        studentNumber=null,
        addressType=null 
    where
        studentNumber=?
14:18:17,313 DEBUG BaseGeneralDataRegion:59 - Caching[foo.org.hibernate.cache.spi.UpdateTimestampsCache] : [Address] -> [5579090973954048]
14:18:17,313 DEBUG SQL:104 - 
    delete 
    from
        Student_secretCodes 
    where
        studentNumber=?
14:18:17,313 DEBUG BaseGeneralDataRegion:59 - Caching[foo.org.hibernate.cache.spi.UpdateTimestampsCache] : [Student_secretCodes] -> [5579090973954049]
14:18:17,313 DEBUG BaseGeneralDataRegion:59 - Caching[foo.org.hibernate.cache.spi.UpdateTimestampsCache] : [Enrolment] -> [5579090973954050]
14:18:17,313 DEBUG BaseGeneralDataRegion:59 - Caching[foo.org.hibernate.cache.spi.UpdateTimestampsCache] : [Address] -> [5579090973954051]
14:18:17,313 DEBUG SQL:104 - 
    delete 
    from
        Student_secretCodes 
    where
        studentNumber=?
14:18:17,313 DEBUG BaseGeneralDataRegion:59 - Caching[foo.org.hibernate.cache.spi.UpdateTimestampsCache] : [Student_secretCodes] -> [5579090973954052]
14:18:17,313 DEBUG BaseGeneralDataRegion:59 - Caching[foo.org.hibernate.cache.spi.UpdateTimestampsCache] : [CourseMeeting] -> [5579090973954053]
14:18:17,324 DEBUG SQL:104 - 
    delete 
    from
        Enrolment 
    where
        studentId=? 
        and courseCode=?
14:18:17,324 DEBUG BaseGeneralDataRegion:59 - Caching[foo.org.hibernate.cache.spi.UpdateTimestampsCache] : [Enrolment] -> [5579090973999104]
14:18:17,324 DEBUG SQL:104 - 
    delete 
    from
        Address 
    where
        id=?
14:18:17,324 DEBUG BaseGeneralDataRegion:59 - Caching[foo.org.hibernate.cache.spi.UpdateTimestampsCache] : [Address] -> [5579090973999105]
14:18:17,325 DEBUG SQL:104 - 
    delete 
    from
        Address 
    where
        id=?
14:18:17,325 DEBUG BaseGeneralDataRegion:59 - Caching[foo.org.hibernate.cache.spi.UpdateTimestampsCache] : [Address] -> [5579090974003200]
14:18:17,325 DEBUG SQL:104 - 
    delete 
    from
        Student 
    where
        studentId=?
14:18:17,325 DEBUG BaseGeneralDataRegion:59 - Caching[foo.org.hibernate.cache.spi.UpdateTimestampsCache] : [Student] -> [5579090974003201]
14:18:17,325 DEBUG SQL:104 - 
    delete 
    from
        Enrolment 
    where
        studentId=? 
        and courseCode=?
14:18:17,325 DEBUG BaseGeneralDataRegion:59 - Caching[foo.org.hibernate.cache.spi.UpdateTimestampsCache] : [Enrolment] -> [5579090974003202]
14:18:17,325 DEBUG SQL:104 - 
    delete 
    from
        Student 
    where
        studentId=?
14:18:17,326 DEBUG BaseGeneralDataRegion:59 - Caching[foo.org.hibernate.cache.spi.UpdateTimestampsCache] : [Student] -> [5579090974007296]
14:18:17,326 DEBUG SQL:104 - 
    delete 
    from
        CourseMeeting 
    where
        courseCode=? 
        and day=? 
        and period=? 
        and location=?
14:18:17,326 DEBUG BaseGeneralDataRegion:59 - Caching[foo.org.hibernate.cache.spi.UpdateTimestampsCache] : [CourseMeeting] -> [5579090974007297]
14:18:17,326 DEBUG SQL:104 - 
    delete 
    from
        CourseMeeting 
    where
        courseCode=? 
        and day=? 
        and period=? 
        and location=?
14:18:17,338 DEBUG BaseGeneralDataRegion:59 - Caching[foo.org.hibernate.cache.spi.UpdateTimestampsCache] : [CourseMeeting] -> [5579090974056448]
14:18:17,338 DEBUG SQL:104 - 
    delete 
    from
        Course 
    where
        courseCode=?
14:18:17,338 DEBUG BaseGeneralDataRegion:59 - Caching[foo.org.hibernate.cache.spi.UpdateTimestampsCache] : [Course] -> [5579090974056449]
14:18:17,339 DEBUG BaseGeneralDataRegion:59 - Caching[foo.org.hibernate.cache.spi.UpdateTimestampsCache] : [Student] -> [5579090728300544]
14:18:17,339 DEBUG BaseGeneralDataRegion:59 - Caching[foo.org.hibernate.cache.spi.UpdateTimestampsCache] : [Course] -> [5579090728300544]
14:18:17,339 DEBUG BaseGeneralDataRegion:59 - Caching[foo.org.hibernate.cache.spi.UpdateTimestampsCache] : [Enrolment] -> [5579090728300544]
14:18:17,339 DEBUG BaseGeneralDataRegion:59 - Caching[foo.org.hibernate.cache.spi.UpdateTimestampsCache] : [Student_secretCodes] -> [5579090728300544]
14:18:17,339 DEBUG BaseGeneralDataRegion:59 - Caching[foo.org.hibernate.cache.spi.UpdateTimestampsCache] : [Address] -> [5579090728300544]
14:18:17,339 DEBUG BaseGeneralDataRegion:59 - Caching[foo.org.hibernate.cache.spi.UpdateTimestampsCache] : [CourseMeeting] -> [5579090728300544]
14:18:17,339  INFO CustomRunner:139 - Test: testMultiEntityProjectionList
14:18:17,340 DEBUG SQL:104 - 
    select
        coursemeet_.courseCode,
        coursemeet_.day,
        coursemeet_.period,
        coursemeet_.location 
    from
        CourseMeeting coursemeet_ 
    where
        coursemeet_.courseCode=? 
        and coursemeet_.day=? 
        and coursemeet_.period=? 
        and coursemeet_.location=?
14:18:17,351 DEBUG SQL:104 - 
    select
        coursemeet_.courseCode,
        coursemeet_.day,
        coursemeet_.period,
        coursemeet_.location 
    from
        CourseMeeting coursemeet_ 
    where
        coursemeet_.courseCode=? 
        and coursemeet_.day=? 
        and coursemeet_.period=? 
        and coursemeet_.location=?
14:18:17,352 DEBUG SQL:104 - 
    insert 
    into
        Course
        (description, courseCode) 
    values
        (?, ?)
14:18:17,352 DEBUG BaseGeneralDataRegion:59 - Caching[foo.org.hibernate.cache.spi.UpdateTimestampsCache] : [Course] -> [5579090974113792]
14:18:17,353 DEBUG SQL:104 - 
    insert 
    into
        CourseMeeting
        (courseCode, day, period, location) 
    values
        (?, ?, ?, ?)
14:18:17,353 DEBUG BaseGeneralDataRegion:59 - Caching[foo.org.hibernate.cache.spi.UpdateTimestampsCache] : [CourseMeeting] -> [5579090974117888]
14:18:17,353 DEBUG SQL:104 - 
    insert 
    into
        CourseMeeting
        (courseCode, day, period, location) 
    values
        (?, ?, ?, ?)
14:18:17,353 DEBUG BaseGeneralDataRegion:59 - Caching[foo.org.hibernate.cache.spi.UpdateTimestampsCache] : [CourseMeeting] -> [5579090974117889]
14:18:17,353 DEBUG SQL:104 - 
    insert 
    into
        Student
        (name_first, name_middle, name_last, preferredCourseCode, studentId) 
    values
        (?, ?, ?, ?, ?)
14:18:17,374 DEBUG BaseGeneralDataRegion:59 - Caching[foo.org.hibernate.cache.spi.UpdateTimestampsCache] : [Student] -> [5579090974203904]
14:18:17,375 DEBUG SQL:104 - 
    insert 
    into
        Address
        (addressType, street, city, stateProvince, postalCode, country, studentNumber, id) 
    values
        (?, ?, ?, ?, ?, ?, ?, ?)
14:18:17,375 DEBUG BaseGeneralDataRegion:59 - Caching[foo.org.hibernate.cache.spi.UpdateTimestampsCache] : [Address] -> [5579090974208000]
14:18:17,376 DEBUG SQL:104 - 
    insert 
    into
        Address
        (addressType, street, city, stateProvince, postalCode, country, studentNumber, id) 
    values
        (?, ?, ?, ?, ?, ?, ?, ?)
14:18:17,376 DEBUG BaseGeneralDataRegion:59 - Caching[foo.org.hibernate.cache.spi.UpdateTimestampsCache] : [Address] -> [5579090974212096]
14:18:17,376 DEBUG SQL:104 - 
    insert 
    into
        Student
        (name_first, name_middle, name_last, preferredCourseCode, studentId) 
    values
        (?, ?, ?, ?, ?)
14:18:17,377 DEBUG BaseGeneralDataRegion:59 - Caching[foo.org.hibernate.cache.spi.UpdateTimestampsCache] : [Student] -> [5579090974216192]
14:18:17,377 DEBUG SQL:104 - 
    insert 
    into
        Enrolment
        (semester, "year", studentId, courseCode) 
    values
        (?, ?, ?, ?)
14:18:17,391 DEBUG BaseGeneralDataRegion:59 - Caching[foo.org.hibernate.cache.spi.UpdateTimestampsCache] : [Enrolment] -> [5579090974273536]
14:18:17,391 DEBUG SQL:104 - 
    insert 
    into
        Enrolment
        (semester, "year", studentId, courseCode) 
    values
        (?, ?, ?, ?)
14:18:17,392 DEBUG BaseGeneralDataRegion:59 - Caching[foo.org.hibernate.cache.spi.UpdateTimestampsCache] : [Enrolment] -> [5579090974277632]
14:18:17,392 DEBUG BaseGeneralDataRegion:59 - Caching[foo.org.hibernate.cache.spi.UpdateTimestampsCache] : [CourseMeeting] -> [5579090974277633]
14:18:17,392 DEBUG BaseGeneralDataRegion:59 - Caching[foo.org.hibernate.cache.spi.UpdateTimestampsCache] : [Enrolment] -> [5579090974277634]
14:18:17,392 DEBUG SQL:104 - 
    update
        Address 
    set
        studentNumber=?,
        addressType=? 
    where
        id=?
14:18:17,393 DEBUG SQL:104 - 
    update
        Address 
    set
        studentNumber=?,
        addressType=? 
    where
        id=?
14:18:17,405 DEBUG BaseGeneralDataRegion:59 - Caching[foo.org.hibernate.cache.spi.UpdateTimestampsCache] : [Address] -> [5579090974330880]
14:18:17,405 DEBUG SQL:104 - 
    insert 
    into
        Student_secretCodes
        (studentNumber, i, secretCode) 
    values
        (?, ?, ?)
14:18:17,405 DEBUG BaseGeneralDataRegion:59 - Caching[foo.org.hibernate.cache.spi.UpdateTimestampsCache] : [Student_secretCodes] -> [5579090974330881]
14:18:17,406 DEBUG BaseGeneralDataRegion:59 - Caching[foo.org.hibernate.cache.spi.UpdateTimestampsCache] : [Enrolment] -> [5579090974334976]
14:18:17,406 DEBUG BaseGeneralDataRegion:59 - Caching[foo.org.hibernate.cache.spi.UpdateTimestampsCache] : [Address] -> [5579090974334977]
14:18:17,406 DEBUG SQL:104 - 
    insert 
    into
        Student_secretCodes
        (studentNumber, i, secretCode) 
    values
        (?, ?, ?)
14:18:17,406 DEBUG SQL:104 - 
    insert 
    into
        Student_secretCodes
        (studentNumber, i, secretCode) 
    values
        (?, ?, ?)
14:18:17,406 DEBUG BaseGeneralDataRegion:59 - Caching[foo.org.hibernate.cache.spi.UpdateTimestampsCache] : [Student_secretCodes] -> [5579090974334978]
14:18:17,406 DEBUG BaseGeneralDataRegion:59 - Caching[foo.org.hibernate.cache.spi.UpdateTimestampsCache] : [Student] -> [5579090728574979]
14:18:17,406 DEBUG BaseGeneralDataRegion:59 - Caching[foo.org.hibernate.cache.spi.UpdateTimestampsCache] : [Course] -> [5579090728574979]
14:18:17,406 DEBUG BaseGeneralDataRegion:59 - Caching[foo.org.hibernate.cache.spi.UpdateTimestampsCache] : [Enrolment] -> [5579090728574979]
14:18:17,413 DEBUG BaseGeneralDataRegion:59 - Caching[foo.org.hibernate.cache.spi.UpdateTimestampsCache] : [Student_secretCodes] -> [5579090728574979]
14:18:17,413 DEBUG BaseGeneralDataRegion:59 - Caching[foo.org.hibernate.cache.spi.UpdateTimestampsCache] : [Address] -> [5579090728574979]
14:18:17,413 DEBUG BaseGeneralDataRegion:59 - Caching[foo.org.hibernate.cache.spi.UpdateTimestampsCache] : [CourseMeeting] -> [5579090728574979]
14:18:17,414 DEBUG SQL:104 - 
    select
        this_.studentId as y0_,
        this_.semester as y1_,
        this_."year" as y2_,
        this_.courseCode as y3_ 
    from
        Enrolment this_ 
    order by
        this_.studentId asc
14:18:17,415 DEBUG SQL:104 - 
    select
        course0_.courseCode as courseCode1_0_,
        course0_.description as descript2_1_0_ 
    from
        Course course0_ 
    where
        course0_.courseCode=?
14:18:17,415 DEBUG SQL:104 - 
    select
        coursemeet0_.courseCode as courseCode1_1_,
        coursemeet0_.courseCode as courseCode2_1_,
        coursemeet0_.day as day2_1_,
        coursemeet0_.period as period2_1_,
        coursemeet0_.location as location2_1_,
        coursemeet0_.courseCode as courseCode2_0_,
        coursemeet0_.day as day2_0_,
        coursemeet0_.period as period2_0_,
        coursemeet0_.location as location2_0_ 
    from
        CourseMeeting coursemeet0_ 
    where
        coursemeet0_.courseCode=?
14:18:17,416 DEBUG BaseGeneralDataRegion:59 - Caching[foo.org.hibernate.cache.internal.StandardQueryCache] : [sql: select this_.studentId as y0_, this_.semester as y1_, this_."year" as y2_, this_.courseCode as y3_ from Enrolment this_ order by this_.studentId asc; parameters: ; transformer: org.hibernate.transform.CacheableResultTransformer@47bbf55f] -> [[5579090728615936, [Ljava.io.Serializable;@366ff25e, [Ljava.io.Serializable;@1e099104]]
14:18:17,417 DEBUG SQL:104 - 
    select
        this_.studentId as y0_,
        this_.semester as y1_,
        this_."year" as y2_,
        this_.courseCode as y3_ 
    from
        Enrolment this_ 
    order by
        this_.studentId asc
14:18:17,417 DEBUG SQL:104 - 
    select
        course0_.courseCode as courseCode1_0_,
        course0_.description as descript2_1_0_ 
    from
        Course course0_ 
    where
        course0_.courseCode=?
14:18:17,417 DEBUG SQL:104 - 
    select
        coursemeet0_.courseCode as courseCode1_1_,
        coursemeet0_.courseCode as courseCode2_1_,
        coursemeet0_.day as day2_1_,
        coursemeet0_.period as period2_1_,
        coursemeet0_.location as location2_1_,
        coursemeet0_.courseCode as courseCode2_0_,
        coursemeet0_.day as day2_0_,
        coursemeet0_.period as period2_0_,
        coursemeet0_.location as location2_0_ 
    from
        CourseMeeting coursemeet0_ 
    where
        coursemeet0_.courseCode=?
14:18:17,418 DEBUG BaseGeneralDataRegion:59 - Caching[foo.org.hibernate.cache.internal.StandardQueryCache] : [sql: select this_.studentId as y0_, this_.semester as y1_, this_."year" as y2_, this_.courseCode as y3_ from Enrolment this_ order by this_.studentId asc; parameters: ; transformer: org.hibernate.transform.CacheableResultTransformer@47bbf55f] -> [[5579090728624128, [Ljava.io.Serializable;@45dce6ba, [Ljava.io.Serializable;@29afe12b]]
14:18:17,418 DEBUG SQL:104 - 
    select
        student_.studentId,
        student_.name_first as name2_4_,
        student_.name_middle as name3_4_,
        student_.name_last as name4_4_,
        student_.preferredCourseCode as preferre5_4_ 
    from
        Student student_ 
    where
        student_.studentId=?
14:18:17,438 DEBUG SQL:104 - 
    select
        enrolment_.studentId,
        enrolment_.courseCode,
        enrolment_.semester as semester3_,
        enrolment_."year" as year4_3_ 
    from
        Enrolment enrolment_ 
    where
        enrolment_.studentId=? 
        and enrolment_.courseCode=?
14:18:17,439 DEBUG SQL:104 - 
    select
        course_.courseCode,
        course_.description as descript2_1_ 
    from
        Course course_ 
    where
        course_.courseCode=?
14:18:17,440 DEBUG SQL:104 - 
    select
        student_.studentId,
        student_.name_first as name2_4_,
        student_.name_middle as name3_4_,
        student_.name_last as name4_4_,
        student_.preferredCourseCode as preferre5_4_ 
    from
        Student student_ 
    where
        student_.studentId=?
14:18:17,449 DEBUG SQL:104 - 
    select
        enrolment_.studentId,
        enrolment_.courseCode,
        enrolment_.semester as semester3_,
        enrolment_."year" as year4_3_ 
    from
        Enrolment enrolment_ 
    where
        enrolment_.studentId=? 
        and enrolment_.courseCode=?
14:18:17,450 DEBUG SQL:104 - 
    select
        coursemeet_.courseCode,
        coursemeet_.day,
        coursemeet_.period,
        coursemeet_.location 
    from
        CourseMeeting coursemeet_ 
    where
        coursemeet_.courseCode=? 
        and coursemeet_.day=? 
        and coursemeet_.period=? 
        and coursemeet_.location=?
14:18:17,450 DEBUG SQL:104 - 
    select
        coursemeet_.courseCode,
        coursemeet_.day,
        coursemeet_.period,
        coursemeet_.location 
    from
        CourseMeeting coursemeet_ 
    where
        coursemeet_.courseCode=? 
        and coursemeet_.day=? 
        and coursemeet_.period=? 
        and coursemeet_.location=?
14:18:17,453 DEBUG BaseGeneralDataRegion:59 - Caching[foo.org.hibernate.cache.spi.UpdateTimestampsCache] : [Enrolment] -> [5579090974527488]
14:18:17,453 DEBUG SQL:104 - 
    update
        Address 
    set
        studentNumber=null,
        addressType=null 
    where
        studentNumber=?
14:18:17,453 DEBUG BaseGeneralDataRegion:59 - Caching[foo.org.hibernate.cache.spi.UpdateTimestampsCache] : [Address] -> [5579090974527489]
14:18:17,454 DEBUG SQL:104 - 
    delete 
    from
        Student_secretCodes 
    where
        studentNumber=?
14:18:17,463 DEBUG BaseGeneralDataRegion:59 - Caching[foo.org.hibernate.cache.spi.UpdateTimestampsCache] : [Student_secretCodes] -> [5579090974568448]
14:18:17,464 DEBUG BaseGeneralDataRegion:59 - Caching[foo.org.hibernate.cache.spi.UpdateTimestampsCache] : [Enrolment] -> [5579090974572544]
14:18:17,464 DEBUG BaseGeneralDataRegion:59 - Caching[foo.org.hibernate.cache.spi.UpdateTimestampsCache] : [Address] -> [5579090974572545]
14:18:17,464 DEBUG SQL:104 - 
    delete 
    from
        Student_secretCodes 
    where
        studentNumber=?
14:18:17,464 DEBUG BaseGeneralDataRegion:59 - Caching[foo.org.hibernate.cache.spi.UpdateTimestampsCache] : [Student_secretCodes] -> [5579090974572546]
14:18:17,464 DEBUG BaseGeneralDataRegion:59 - Caching[foo.org.hibernate.cache.spi.UpdateTimestampsCache] : [CourseMeeting] -> [5579090974572547]
14:18:17,464 DEBUG SQL:104 - 
    delete 
    from
        Enrolment 
    where
        studentId=? 
        and courseCode=?
14:18:17,465 DEBUG BaseGeneralDataRegion:59 - Caching[foo.org.hibernate.cache.spi.UpdateTimestampsCache] : [Enrolment] -> [5579090974576640]
14:18:17,465 DEBUG SQL:104 - 
    delete 
    from
        Address 
    where
        id=?
14:18:17,465 DEBUG BaseGeneralDataRegion:59 - Caching[foo.org.hibernate.cache.spi.UpdateTimestampsCache] : [Address] -> [5579090974576641]
14:18:17,465 DEBUG SQL:104 - 
    delete 
    from
        Address 
    where
        id=?
14:18:17,478 DEBUG BaseGeneralDataRegion:59 - Caching[foo.org.hibernate.cache.spi.UpdateTimestampsCache] : [Address] -> [5579090974629888]
14:18:17,479 DEBUG SQL:104 - 
    delete 
    from
        Student 
    where
        studentId=?
14:18:17,479 DEBUG BaseGeneralDataRegion:59 - Caching[foo.org.hibernate.cache.spi.UpdateTimestampsCache] : [Student] -> [5579090974633984]
14:18:17,479 DEBUG SQL:104 - 
    delete 
    from
        Enrolment 
    where
        studentId=? 
        and courseCode=?
14:18:17,480 DEBUG BaseGeneralDataRegion:59 - Caching[foo.org.hibernate.cache.spi.UpdateTimestampsCache] : [Enrolment] -> [5579090974638080]
14:18:17,480 DEBUG SQL:104 - 
    delete 
    from
        Student 
    where
        studentId=?
14:18:17,480 DEBUG BaseGeneralDataRegion:59 - Caching[foo.org.hibernate.cache.spi.UpdateTimestampsCache] : [Student] -> [5579090974638081]
14:18:17,481 DEBUG SQL:104 - 
    delete 
    from
        CourseMeeting 
    where
        courseCode=? 
        and day=? 
        and period=? 
        and location=?
14:18:17,481 DEBUG BaseGeneralDataRegion:59 - Caching[foo.org.hibernate.cache.spi.UpdateTimestampsCache] : [CourseMeeting] -> [5579090974642176]
14:18:17,481 DEBUG SQL:104 - 
    delete 
    from
        CourseMeeting 
    where
        courseCode=? 
        and day=? 
        and period=? 
        and location=?
14:18:17,501 DEBUG BaseGeneralDataRegion:59 - Caching[foo.org.hibernate.cache.spi.UpdateTimestampsCache] : [CourseMeeting] -> [5579090974724096]
14:18:17,502 DEBUG SQL:104 - 
    delete 
    from
        Course 
    where
        courseCode=?
14:18:17,502 DEBUG BaseGeneralDataRegion:59 - Caching[foo.org.hibernate.cache.spi.UpdateTimestampsCache] : [Course] -> [5579090974728192]
14:18:17,502 DEBUG BaseGeneralDataRegion:59 - Caching[foo.org.hibernate.cache.spi.UpdateTimestampsCache] : [Student] -> [5579090728968193]
14:18:17,502 DEBUG BaseGeneralDataRegion:59 - Caching[foo.org.hibernate.cache.spi.UpdateTimestampsCache] : [Course] -> [5579090728968193]
14:18:17,502 DEBUG BaseGeneralDataRegion:59 - Caching[foo.org.hibernate.cache.spi.UpdateTimestampsCache] : [Enrolment] -> [5579090728968193]
14:18:17,502 DEBUG BaseGeneralDataRegion:59 - Caching[foo.org.hibernate.cache.spi.UpdateTimestampsCache] : [Student_secretCodes] -> [5579090728968193]
14:18:17,502 DEBUG BaseGeneralDataRegion:59 - Caching[foo.org.hibernate.cache.spi.UpdateTimestampsCache] : [Address] -> [5579090728968193]
14:18:17,502 DEBUG BaseGeneralDataRegion:59 - Caching[foo.org.hibernate.cache.spi.UpdateTimestampsCache] : [CourseMeeting] -> [5579090728968193]
14:18:17,503  INFO CustomRunner:139 - Test: testMultiEntityProjectionUnique
14:18:17,504 DEBUG SQL:104 - 
    select
        coursemeet_.courseCode,
        coursemeet_.day,
        coursemeet_.period,
        coursemeet_.location 
    from
        CourseMeeting coursemeet_ 
    where
        coursemeet_.courseCode=? 
        and coursemeet_.day=? 
        and coursemeet_.period=? 
        and coursemeet_.location=?
14:18:17,512 DEBUG SQL:104 - 
    select
        coursemeet_.courseCode,
        coursemeet_.day,
        coursemeet_.period,
        coursemeet_.location 
    from
        CourseMeeting coursemeet_ 
    where
        coursemeet_.courseCode=? 
        and coursemeet_.day=? 
        and coursemeet_.period=? 
        and coursemeet_.location=?
14:18:17,513 DEBUG SQL:104 - 
    insert 
    into
        Course
        (description, courseCode) 
    values
        (?, ?)
14:18:17,513 DEBUG BaseGeneralDataRegion:59 - Caching[foo.org.hibernate.cache.spi.UpdateTimestampsCache] : [Course] -> [5579090974773248]
14:18:17,514 DEBUG SQL:104 - 
    insert 
    into
        CourseMeeting
        (courseCode, day, period, location) 
    values
        (?, ?, ?, ?)
14:18:17,514 DEBUG BaseGeneralDataRegion:59 - Caching[foo.org.hibernate.cache.spi.UpdateTimestampsCache] : [CourseMeeting] -> [5579090974777344]
14:18:17,522 DEBUG SQL:104 - 
    insert 
    into
        CourseMeeting
        (courseCode, day, period, location) 
    values
        (?, ?, ?, ?)
14:18:17,523 DEBUG BaseGeneralDataRegion:59 - Caching[foo.org.hibernate.cache.spi.UpdateTimestampsCache] : [CourseMeeting] -> [5579090974814208]
14:18:17,523 DEBUG SQL:104 - 
    insert 
    into
        Student
        (name_first, name_middle, name_last, preferredCourseCode, studentId) 
    values
        (?, ?, ?, ?, ?)
14:18:17,523 DEBUG BaseGeneralDataRegion:59 - Caching[foo.org.hibernate.cache.spi.UpdateTimestampsCache] : [Student] -> [5579090974814209]
14:18:17,523 DEBUG SQL:104 - 
    insert 
    into
        Address
        (addressType, street, city, stateProvince, postalCode, country, studentNumber, id) 
    values
        (?, ?, ?, ?, ?, ?, ?, ?)
14:18:17,523 DEBUG BaseGeneralDataRegion:59 - Caching[foo.org.hibernate.cache.spi.UpdateTimestampsCache] : [Address] -> [5579090974814210]
14:18:17,523 DEBUG SQL:104 - 
    insert 
    into
        Address
        (addressType, street, city, stateProvince, postalCode, country, studentNumber, id) 
    values
        (?, ?, ?, ?, ?, ?, ?, ?)
14:18:17,533 DEBUG BaseGeneralDataRegion:59 - Caching[foo.org.hibernate.cache.spi.UpdateTimestampsCache] : [Address] -> [5579090974855168]
14:18:17,533 DEBUG SQL:104 - 
    insert 
    into
        Student
        (name_first, name_middle, name_last, preferredCourseCode, studentId) 
    values
        (?, ?, ?, ?, ?)
14:18:17,533 DEBUG BaseGeneralDataRegion:59 - Caching[foo.org.hibernate.cache.spi.UpdateTimestampsCache] : [Student] -> [5579090974855169]
14:18:17,533 DEBUG SQL:104 - 
    insert 
    into
        Enrolment
        (semester, "year", studentId, courseCode) 
    values
        (?, ?, ?, ?)
14:18:17,534 DEBUG BaseGeneralDataRegion:59 - Caching[foo.org.hibernate.cache.spi.UpdateTimestampsCache] : [Enrolment] -> [5579090974859264]
14:18:17,534 DEBUG SQL:104 - 
    insert 
    into
        Enrolment
        (semester, "year", studentId, courseCode) 
    values
        (?, ?, ?, ?)
14:18:17,534 DEBUG BaseGeneralDataRegion:59 - Caching[foo.org.hibernate.cache.spi.UpdateTimestampsCache] : [Enrolment] -> [5579090974859265]
14:18:17,534 DEBUG BaseGeneralDataRegion:59 - Caching[foo.org.hibernate.cache.spi.UpdateTimestampsCache] : [CourseMeeting] -> [5579090974859266]
14:18:17,534 DEBUG BaseGeneralDataRegion:59 - Caching[foo.org.hibernate.cache.spi.UpdateTimestampsCache] : [Enrolment] -> [5579090974859267]
14:18:17,534 DEBUG SQL:104 - 
    update
        Address 
    set
        studentNumber=?,
        addressType=? 
    where
        id=?
14:18:17,543 DEBUG SQL:104 - 
    update
        Address 
    set
        studentNumber=?,
        addressType=? 
    where
        id=?
14:18:17,544 DEBUG BaseGeneralDataRegion:59 - Caching[foo.org.hibernate.cache.spi.UpdateTimestampsCache] : [Address] -> [5579090974900224]
14:18:17,544 DEBUG SQL:104 - 
    insert 
    into
        Student_secretCodes
        (studentNumber, i, secretCode) 
    values
        (?, ?, ?)
14:18:17,544 DEBUG BaseGeneralDataRegion:59 - Caching[foo.org.hibernate.cache.spi.UpdateTimestampsCache] : [Student_secretCodes] -> [5579090974900225]
14:18:17,544 DEBUG BaseGeneralDataRegion:59 - Caching[foo.org.hibernate.cache.spi.UpdateTimestampsCache] : [Enrolment] -> [5579090974900226]
14:18:17,544 DEBUG BaseGeneralDataRegion:59 - Caching[foo.org.hibernate.cache.spi.UpdateTimestampsCache] : [Address] -> [5579090974900227]
14:18:17,544 DEBUG SQL:104 - 
    insert 
    into
        Student_secretCodes
        (studentNumber, i, secretCode) 
    values
        (?, ?, ?)
14:18:17,554 DEBUG SQL:104 - 
    insert 
    into
        Student_secretCodes
        (studentNumber, i, secretCode) 
    values
        (?, ?, ?)
14:18:17,554 DEBUG BaseGeneralDataRegion:59 - Caching[foo.org.hibernate.cache.spi.UpdateTimestampsCache] : [Student_secretCodes] -> [5579090974941184]
14:18:17,555 DEBUG BaseGeneralDataRegion:59 - Caching[foo.org.hibernate.cache.spi.UpdateTimestampsCache] : [Student] -> [5579090729185280]
14:18:17,555 DEBUG BaseGeneralDataRegion:59 - Caching[foo.org.hibernate.cache.spi.UpdateTimestampsCache] : [Course] -> [5579090729185280]
14:18:17,555 DEBUG BaseGeneralDataRegion:59 - Caching[foo.org.hibernate.cache.spi.UpdateTimestampsCache] : [Enrolment] -> [5579090729185280]
14:18:17,555 DEBUG BaseGeneralDataRegion:59 - Caching[foo.org.hibernate.cache.spi.UpdateTimestampsCache] : [Student_secretCodes] -> [5579090729185280]
14:18:17,555 DEBUG BaseGeneralDataRegion:59 - Caching[foo.org.hibernate.cache.spi.UpdateTimestampsCache] : [Address] -> [5579090729185280]
14:18:17,555 DEBUG BaseGeneralDataRegion:59 - Caching[foo.org.hibernate.cache.spi.UpdateTimestampsCache] : [CourseMeeting] -> [5579090729185280]
14:18:17,556 DEBUG SQL:104 - 
    select
        this_.studentId as y0_,
        this_.semester as y1_,
        this_."year" as y2_,
        this_.courseCode as y3_ 
    from
        Enrolment this_ 
    where
        this_.studentId=?
14:18:17,556 DEBUG SQL:104 - 
    select
        course0_.courseCode as courseCode1_0_,
        course0_.description as descript2_1_0_ 
    from
        Course course0_ 
    where
        course0_.courseCode=?
14:18:17,564 DEBUG SQL:104 - 
    select
        coursemeet0_.courseCode as courseCode1_1_,
        coursemeet0_.courseCode as courseCode2_1_,
        coursemeet0_.day as day2_1_,
        coursemeet0_.period as period2_1_,
        coursemeet0_.location as location2_1_,
        coursemeet0_.courseCode as courseCode2_0_,
        coursemeet0_.day as day2_0_,
        coursemeet0_.period as period2_0_,
        coursemeet0_.location as location2_0_ 
    from
        CourseMeeting coursemeet0_ 
    where
        coursemeet0_.courseCode=?
14:18:17,565 DEBUG BaseGeneralDataRegion:59 - Caching[foo.org.hibernate.cache.internal.StandardQueryCache] : [sql: select this_.studentId as y0_, this_.semester as y1_, this_."year" as y2_, this_.courseCode as y3_ from Enrolment this_ where this_.studentId=?; parameters: 999, ; transformer: org.hibernate.transform.CacheableResultTransformer@47bbf55f] -> [[5579090729226240, [Ljava.io.Serializable;@7d379dd7]]
14:18:17,566 DEBUG SQL:104 - 
    select
        this_.studentId as y0_,
        this_.semester as y1_,
        this_."year" as y2_,
        this_.courseCode as y3_ 
    from
        Enrolment this_ 
    where
        this_.studentId=?
14:18:17,575 DEBUG SQL:104 - 
    select
        course0_.courseCode as courseCode1_0_,
        course0_.description as descript2_1_0_ 
    from
        Course course0_ 
    where
        course0_.courseCode=?
14:18:17,576 DEBUG SQL:104 - 
    select
        coursemeet0_.courseCode as courseCode1_1_,
        coursemeet0_.courseCode as courseCode2_1_,
        coursemeet0_.day as day2_1_,
        coursemeet0_.period as period2_1_,
        coursemeet0_.location as location2_1_,
        coursemeet0_.courseCode as courseCode2_0_,
        coursemeet0_.day as day2_0_,
        coursemeet0_.period as period2_0_,
        coursemeet0_.location as location2_0_ 
    from
        CourseMeeting coursemeet0_ 
    where
        coursemeet0_.courseCode=?
14:18:17,576 DEBUG BaseGeneralDataRegion:59 - Caching[foo.org.hibernate.cache.internal.StandardQueryCache] : [sql: select this_.studentId as y0_, this_.semester as y1_, this_."year" as y2_, this_.courseCode as y3_ from Enrolment this_ where this_.studentId=?; parameters: 999, ; transformer: org.hibernate.transform.CacheableResultTransformer@47bbf55f] -> [[5579090729271296, [Ljava.io.Serializable;@2275b648]]
14:18:17,577 DEBUG SQL:104 - 
    select
        student_.studentId,
        student_.name_first as name2_4_,
        student_.name_middle as name3_4_,
        student_.name_last as name4_4_,
        student_.preferredCourseCode as preferre5_4_ 
    from
        Student student_ 
    where
        student_.studentId=?
14:18:17,577 DEBUG SQL:104 - 
    select
        enrolment_.studentId,
        enrolment_.courseCode,
        enrolment_.semester as semester3_,
        enrolment_."year" as year4_3_ 
    from
        Enrolment enrolment_ 
    where
        enrolment_.studentId=? 
        and enrolment_.courseCode=?
14:18:17,578 DEBUG SQL:104 - 
    select
        course_.courseCode,
        course_.description as descript2_1_ 
    from
        Course course_ 
    where
        course_.courseCode=?
14:18:17,578 DEBUG SQL:104 - 
    select
        student_.studentId,
        student_.name_first as name2_4_,
        student_.name_middle as name3_4_,
        student_.name_last as name4_4_,
        student_.preferredCourseCode as preferre5_4_ 
    from
        Student student_ 
    where
        student_.studentId=?
14:18:17,589 DEBUG SQL:104 - 
    select
        enrolment_.studentId,
        enrolment_.courseCode,
        enrolment_.semester as semester3_,
        enrolment_."year" as year4_3_ 
    from
        Enrolment enrolment_ 
    where
        enrolment_.studentId=? 
        and enrolment_.courseCode=?
14:18:17,589 DEBUG SQL:104 - 
    select
        coursemeet_.courseCode,
        coursemeet_.day,
        coursemeet_.period,
        coursemeet_.location 
    from
        CourseMeeting coursemeet_ 
    where
        coursemeet_.courseCode=? 
        and coursemeet_.day=? 
        and coursemeet_.period=? 
        and coursemeet_.location=?
14:18:17,590 DEBUG SQL:104 - 
    select
        coursemeet_.courseCode,
        coursemeet_.day,
        coursemeet_.period,
        coursemeet_.location 
    from
        CourseMeeting coursemeet_ 
    where
        coursemeet_.courseCode=? 
        and coursemeet_.day=? 
        and coursemeet_.period=? 
        and coursemeet_.location=?
14:18:17,599 DEBUG BaseGeneralDataRegion:59 - Caching[foo.org.hibernate.cache.spi.UpdateTimestampsCache] : [Enrolment] -> [5579090975125504]
14:18:17,599 DEBUG SQL:104 - 
    update
        Address 
    set
        studentNumber=null,
        addressType=null 
    where
        studentNumber=?
14:18:17,599 DEBUG BaseGeneralDataRegion:59 - Caching[foo.org.hibernate.cache.spi.UpdateTimestampsCache] : [Address] -> [5579090975125505]
14:18:17,599 DEBUG SQL:104 - 
    delete 
    from
        Student_secretCodes 
    where
        studentNumber=?
14:18:17,599 DEBUG BaseGeneralDataRegion:59 - Caching[foo.org.hibernate.cache.spi.UpdateTimestampsCache] : [Student_secretCodes] -> [5579090975125506]
14:18:17,599 DEBUG BaseGeneralDataRegion:59 - Caching[foo.org.hibernate.cache.spi.UpdateTimestampsCache] : [Enrolment] -> [5579090975125507]
14:18:17,600 DEBUG BaseGeneralDataRegion:59 - Caching[foo.org.hibernate.cache.spi.UpdateTimestampsCache] : [Address] -> [5579090975129600]
14:18:17,600 DEBUG SQL:104 - 
    delete 
    from
        Student_secretCodes 
    where
        studentNumber=?
14:18:17,600 DEBUG BaseGeneralDataRegion:59 - Caching[foo.org.hibernate.cache.spi.UpdateTimestampsCache] : [Student_secretCodes] -> [5579090975129601]
14:18:17,600 DEBUG BaseGeneralDataRegion:59 - Caching[foo.org.hibernate.cache.spi.UpdateTimestampsCache] : [CourseMeeting] -> [5579090975129602]
14:18:17,600 DEBUG SQL:104 - 
    delete 
    from
        Enrolment 
    where
        studentId=? 
        and courseCode=?
14:18:17,620 DEBUG BaseGeneralDataRegion:59 - Caching[foo.org.hibernate.cache.spi.UpdateTimestampsCache] : [Enrolment] -> [5579090975211520]
14:18:17,621 DEBUG SQL:104 - 
    delete 
    from
        Address 
    where
        id=?
14:18:17,621 DEBUG BaseGeneralDataRegion:59 - Caching[foo.org.hibernate.cache.spi.UpdateTimestampsCache] : [Address] -> [5579090975215616]
14:18:17,621 DEBUG SQL:104 - 
    delete 
    from
        Address 
    where
        id=?
14:18:17,621 DEBUG BaseGeneralDataRegion:59 - Caching[foo.org.hibernate.cache.spi.UpdateTimestampsCache] : [Address] -> [5579090975215617]
14:18:17,621 DEBUG SQL:104 - 
    delete 
    from
        Student 
    where
        studentId=?
14:18:17,622 DEBUG BaseGeneralDataRegion:59 - Caching[foo.org.hibernate.cache.spi.UpdateTimestampsCache] : [Student] -> [5579090975219712]
14:18:17,622 DEBUG SQL:104 - 
    delete 
    from
        Enrolment 
    where
        studentId=? 
        and courseCode=?
14:18:17,630 DEBUG BaseGeneralDataRegion:59 - Caching[foo.org.hibernate.cache.spi.UpdateTimestampsCache] : [Enrolment] -> [5579090975252480]
14:18:17,630 DEBUG SQL:104 - 
    delete 
    from
        Student 
    where
        studentId=?
14:18:17,630 DEBUG BaseGeneralDataRegion:59 - Caching[foo.org.hibernate.cache.spi.UpdateTimestampsCache] : [Student] -> [5579090975252481]
14:18:17,630 DEBUG SQL:104 - 
    delete 
    from
        CourseMeeting 
    where
        courseCode=? 
        and day=? 
        and period=? 
        and location=?
14:18:17,630 DEBUG BaseGeneralDataRegion:59 - Caching[foo.org.hibernate.cache.spi.UpdateTimestampsCache] : [CourseMeeting] -> [5579090975252482]
14:18:17,630 DEBUG SQL:104 - 
    delete 
    from
        CourseMeeting 
    where
        courseCode=? 
        and day=? 
        and period=? 
        and location=?
14:18:17,631 DEBUG BaseGeneralDataRegion:59 - Caching[foo.org.hibernate.cache.spi.UpdateTimestampsCache] : [CourseMeeting] -> [5579090975256576]
14:18:17,631 DEBUG SQL:104 - 
    delete 
    from
        Course 
    where
        courseCode=?
14:18:17,639 DEBUG BaseGeneralDataRegion:59 - Caching[foo.org.hibernate.cache.spi.UpdateTimestampsCache] : [Course] -> [5579090975289344]
14:18:17,640 DEBUG BaseGeneralDataRegion:59 - Caching[foo.org.hibernate.cache.spi.UpdateTimestampsCache] : [Student] -> [5579090729533440]
14:18:17,640 DEBUG BaseGeneralDataRegion:59 - Caching[foo.org.hibernate.cache.spi.UpdateTimestampsCache] : [Course] -> [5579090729533440]
14:18:17,640 DEBUG BaseGeneralDataRegion:59 - Caching[foo.org.hibernate.cache.spi.UpdateTimestampsCache] : [Enrolment] -> [5579090729533440]
14:18:17,640 DEBUG BaseGeneralDataRegion:59 - Caching[foo.org.hibernate.cache.spi.UpdateTimestampsCache] : [Student_secretCodes] -> [5579090729533440]
14:18:17,640 DEBUG BaseGeneralDataRegion:59 - Caching[foo.org.hibernate.cache.spi.UpdateTimestampsCache] : [Address] -> [5579090729533440]
14:18:17,640 DEBUG BaseGeneralDataRegion:59 - Caching[foo.org.hibernate.cache.spi.UpdateTimestampsCache] : [CourseMeeting] -> [5579090729533440]
14:18:17,641  INFO CustomRunner:139 - Test: testMultiProjectionListThenApplyAliasToBean
14:18:17,642 DEBUG SQL:104 - 
    select
        coursemeet_.courseCode,
        coursemeet_.day,
        coursemeet_.period,
        coursemeet_.location 
    from
        CourseMeeting coursemeet_ 
    where
        coursemeet_.courseCode=? 
        and coursemeet_.day=? 
        and coursemeet_.period=? 
        and coursemeet_.location=?
14:18:17,642 DEBUG SQL:104 - 
    select
        coursemeet_.courseCode,
        coursemeet_.day,
        coursemeet_.period,
        coursemeet_.location 
    from
        CourseMeeting coursemeet_ 
    where
        coursemeet_.courseCode=? 
        and coursemeet_.day=? 
        and coursemeet_.period=? 
        and coursemeet_.location=?
14:18:17,651 DEBUG SQL:104 - 
    insert 
    into
        Course
        (description, courseCode) 
    values
        (?, ?)
14:18:17,652 DEBUG BaseGeneralDataRegion:59 - Caching[foo.org.hibernate.cache.spi.UpdateTimestampsCache] : [Course] -> [5579090975338496]
14:18:17,652 DEBUG SQL:104 - 
    insert 
    into
        CourseMeeting
        (courseCode, day, period, location) 
    values
        (?, ?, ?, ?)
14:18:17,652 DEBUG BaseGeneralDataRegion:59 - Caching[foo.org.hibernate.cache.spi.UpdateTimestampsCache] : [CourseMeeting] -> [5579090975342592]
14:18:17,652 DEBUG SQL:104 - 
    insert 
    into
        CourseMeeting
        (courseCode, day, period, location) 
    values
        (?, ?, ?, ?)
14:18:17,662 DEBUG BaseGeneralDataRegion:59 - Caching[foo.org.hibernate.cache.spi.UpdateTimestampsCache] : [CourseMeeting] -> [5579090975383552]
14:18:17,662 DEBUG SQL:104 - 
    insert 
    into
        Student
        (name_first, name_middle, name_last, preferredCourseCode, studentId) 
    values
        (?, ?, ?, ?, ?)
14:18:17,662 DEBUG BaseGeneralDataRegion:59 - Caching[foo.org.hibernate.cache.spi.UpdateTimestampsCache] : [Student] -> [5579090975383553]
14:18:17,662 DEBUG SQL:104 - 
    insert 
    into
        Address
        (addressType, street, city, stateProvince, postalCode, country, studentNumber, id) 
    values
        (?, ?, ?, ?, ?, ?, ?, ?)
14:18:17,662 DEBUG BaseGeneralDataRegion:59 - Caching[foo.org.hibernate.cache.spi.UpdateTimestampsCache] : [Address] -> [5579090975383554]
14:18:17,662 DEBUG SQL:104 - 
    insert 
    into
        Address
        (addressType, street, city, stateProvince, postalCode, country, studentNumber, id) 
    values
        (?, ?, ?, ?, ?, ?, ?, ?)
14:18:17,663 DEBUG BaseGeneralDataRegion:59 - Caching[foo.org.hibernate.cache.spi.UpdateTimestampsCache] : [Address] -> [5579090975387648]
14:18:17,663 DEBUG SQL:104 - 
    insert 
    into
        Student
        (name_first, name_middle, name_last, preferredCourseCode, studentId) 
    values
        (?, ?, ?, ?, ?)
14:18:17,672 DEBUG BaseGeneralDataRegion:59 - Caching[foo.org.hibernate.cache.spi.UpdateTimestampsCache] : [Student] -> [5579090975424512]
14:18:17,672 DEBUG SQL:104 - 
    insert 
    into
        Enrolment
        (semester, "year", studentId, courseCode) 
    values
        (?, ?, ?, ?)
14:18:17,672 DEBUG BaseGeneralDataRegion:59 - Caching[foo.org.hibernate.cache.spi.UpdateTimestampsCache] : [Enrolment] -> [5579090975424513]
14:18:17,672 DEBUG SQL:104 - 
    insert 
    into
        Enrolment
        (semester, "year", studentId, courseCode) 
    values
        (?, ?, ?, ?)
14:18:17,672 DEBUG BaseGeneralDataRegion:59 - Caching[foo.org.hibernate.cache.spi.UpdateTimestampsCache] : [Enrolment] -> [5579090975424514]
14:18:17,672 DEBUG BaseGeneralDataRegion:59 - Caching[foo.org.hibernate.cache.spi.UpdateTimestampsCache] : [CourseMeeting] -> [5579090975424515]
14:18:17,673 DEBUG BaseGeneralDataRegion:59 - Caching[foo.org.hibernate.cache.spi.UpdateTimestampsCache] : [Enrolment] -> [5579090975428608]
14:18:17,673 DEBUG SQL:104 - 
    update
        Address 
    set
        studentNumber=?,
        addressType=? 
    where
        id=?
14:18:17,681 DEBUG SQL:104 - 
    update
        Address 
    set
        studentNumber=?,
        addressType=? 
    where
        id=?
14:18:17,682 DEBUG BaseGeneralDataRegion:59 - Caching[foo.org.hibernate.cache.spi.UpdateTimestampsCache] : [Address] -> [5579090975465472]
14:18:17,682 DEBUG SQL:104 - 
    insert 
    into
        Student_secretCodes
        (studentNumber, i, secretCode) 
    values
        (?, ?, ?)
14:18:17,682 DEBUG BaseGeneralDataRegion:59 - Caching[foo.org.hibernate.cache.spi.UpdateTimestampsCache] : [Student_secretCodes] -> [5579090975465473]
14:18:17,682 DEBUG BaseGeneralDataRegion:59 - Caching[foo.org.hibernate.cache.spi.UpdateTimestampsCache] : [Enrolment] -> [5579090975465474]
14:18:17,682 DEBUG BaseGeneralDataRegion:59 - Caching[foo.org.hibernate.cache.spi.UpdateTimestampsCache] : [Address] -> [5579090975465475]
14:18:17,682 DEBUG SQL:104 - 
    insert 
    into
        Student_secretCodes
        (studentNumber, i, secretCode) 
    values
        (?, ?, ?)
14:18:17,683 DEBUG SQL:104 - 
    insert 
    into
        Student_secretCodes
        (studentNumber, i, secretCode) 
    values
        (?, ?, ?)
14:18:17,691 DEBUG BaseGeneralDataRegion:59 - Caching[foo.org.hibernate.cache.spi.UpdateTimestampsCache] : [Student_secretCodes] -> [5579090975502336]
14:18:17,691 DEBUG BaseGeneralDataRegion:59 - Caching[foo.org.hibernate.cache.spi.UpdateTimestampsCache] : [Student] -> [5579090729742337]
14:18:17,691 DEBUG BaseGeneralDataRegion:59 - Caching[foo.org.hibernate.cache.spi.UpdateTimestampsCache] : [Course] -> [5579090729742337]
14:18:17,691 DEBUG BaseGeneralDataRegion:59 - Caching[foo.org.hibernate.cache.spi.UpdateTimestampsCache] : [Enrolment] -> [5579090729742337]
14:18:17,692 DEBUG BaseGeneralDataRegion:59 - Caching[foo.org.hibernate.cache.spi.UpdateTimestampsCache] : [Student_secretCodes] -> [5579090729742337]
14:18:17,692 DEBUG BaseGeneralDataRegion:59 - Caching[foo.org.hibernate.cache.spi.UpdateTimestampsCache] : [Address] -> [5579090729742337]
14:18:17,692 DEBUG BaseGeneralDataRegion:59 - Caching[foo.org.hibernate.cache.spi.UpdateTimestampsCache] : [CourseMeeting] -> [5579090729742337]
14:18:17,692 DEBUG SQL:104 - 
    select
        st1_.name_first as y0_,
        st1_.name_middle as y1_,
        st1_.name_last as y2_,
        co2_.description as y3_ 
    from
        Enrolment this_ 
    inner join
        Student st1_ 
            on this_.studentId=st1_.studentId 
    inner join
        Course co2_ 
            on this_.courseCode=co2_.courseCode 
    order by
        this_.studentId asc
14:18:17,693 DEBUG BaseGeneralDataRegion:59 - Caching[foo.org.hibernate.cache.internal.StandardQueryCache] : [sql: select st1_.name_first as y0_, st1_.name_middle as y1_, st1_.name_last as y2_, co2_.description as y3_ from Enrolment this_ inner join Student st1_ on this_.studentId=st1_.studentId inner join Course co2_ on this_.courseCode=co2_.courseCode order by this_.studentId asc; parameters: ; transformer: org.hibernate.transform.CacheableResultTransformer@1406bf] -> [[5579090729750528, [Ljava.io.Serializable;@3c296af9, [Ljava.io.Serializable;@432e204a]]
14:18:17,713 DEBUG SQL:104 - 
    select
        st1_.name_first as y0_,
        st1_.name_middle as y1_,
        st1_.name_last as y2_,
        co2_.description as y3_ 
    from
        Enrolment this_ 
    inner join
        Student st1_ 
            on this_.studentId=st1_.studentId 
    inner join
        Course co2_ 
            on this_.courseCode=co2_.courseCode 
    order by
        this_.studentId asc
14:18:17,713 DEBUG BaseGeneralDataRegion:59 - Caching[foo.org.hibernate.cache.internal.StandardQueryCache] : [sql: select st1_.name_first as y0_, st1_.name_middle as y1_, st1_.name_last as y2_, co2_.description as y3_ from Enrolment this_ inner join Student st1_ on this_.studentId=st1_.studentId inner join Course co2_ on this_.courseCode=co2_.courseCode order by this_.studentId asc; parameters: ; transformer: org.hibernate.transform.CacheableResultTransformer@1406bf] -> [[5579090729832448, [Ljava.io.Serializable;@59a28c1d, [Ljava.io.Serializable;@3e9cf1e4]]
14:18:17,714 DEBUG SQL:104 - 
    select
        student_.studentId,
        student_.name_first as name2_4_,
        student_.name_middle as name3_4_,
        student_.name_last as name4_4_,
        student_.preferredCourseCode as preferre5_4_ 
    from
        Student student_ 
    where
        student_.studentId=?
14:18:17,714 DEBUG SQL:104 - 
    select
        enrolment_.studentId,
        enrolment_.courseCode,
        enrolment_.semester as semester3_,
        enrolment_."year" as year4_3_ 
    from
        Enrolment enrolment_ 
    where
        enrolment_.studentId=? 
        and enrolment_.courseCode=?
14:18:17,714 DEBUG SQL:104 - 
    select
        course_.courseCode,
        course_.description as descript2_1_ 
    from
        Course course_ 
    where
        course_.courseCode=?
14:18:17,715 DEBUG SQL:104 - 
    select
        student_.studentId,
        student_.name_first as name2_4_,
        student_.name_middle as name3_4_,
        student_.name_last as name4_4_,
        student_.preferredCourseCode as preferre5_4_ 
    from
        Student student_ 
    where
        student_.studentId=?
14:18:17,715 DEBUG SQL:104 - 
    select
        enrolment_.studentId,
        enrolment_.courseCode,
        enrolment_.semester as semester3_,
        enrolment_."year" as year4_3_ 
    from
        Enrolment enrolment_ 
    where
        enrolment_.studentId=? 
        and enrolment_.courseCode=?
14:18:17,721 DEBUG SQL:104 - 
    select
        coursemeet_.courseCode,
        coursemeet_.day,
        coursemeet_.period,
        coursemeet_.location 
    from
        CourseMeeting coursemeet_ 
    where
        coursemeet_.courseCode=? 
        and coursemeet_.day=? 
        and coursemeet_.period=? 
        and coursemeet_.location=?
14:18:17,721 DEBUG SQL:104 - 
    select
        coursemeet_.courseCode,
        coursemeet_.day,
        coursemeet_.period,
        coursemeet_.location 
    from
        CourseMeeting coursemeet_ 
    where
        coursemeet_.courseCode=? 
        and coursemeet_.day=? 
        and coursemeet_.period=? 
        and coursemeet_.location=?
14:18:17,733 DEBUG BaseGeneralDataRegion:59 - Caching[foo.org.hibernate.cache.spi.UpdateTimestampsCache] : [Enrolment] -> [5579090975674368]
14:18:17,733 DEBUG SQL:104 - 
    update
        Address 
    set
        studentNumber=null,
        addressType=null 
    where
        studentNumber=?
14:18:17,733 DEBUG BaseGeneralDataRegion:59 - Caching[foo.org.hibernate.cache.spi.UpdateTimestampsCache] : [Address] -> [5579090975674369]
14:18:17,733 DEBUG SQL:104 - 
    delete 
    from
        Student_secretCodes 
    where
        studentNumber=?
14:18:17,733 DEBUG BaseGeneralDataRegion:59 - Caching[foo.org.hibernate.cache.spi.UpdateTimestampsCache] : [Student_secretCodes] -> [5579090975674370]
14:18:17,734 DEBUG BaseGeneralDataRegion:59 - Caching[foo.org.hibernate.cache.spi.UpdateTimestampsCache] : [Enrolment] -> [5579090975678464]
14:18:17,734 DEBUG BaseGeneralDataRegion:59 - Caching[foo.org.hibernate.cache.spi.UpdateTimestampsCache] : [Address] -> [5579090975678465]
14:18:17,734 DEBUG SQL:104 - 
    delete 
    from
        Student_secretCodes 
    where
        studentNumber=?
14:18:17,734 DEBUG BaseGeneralDataRegion:59 - Caching[foo.org.hibernate.cache.spi.UpdateTimestampsCache] : [Student_secretCodes] -> [5579090975678466]
14:18:17,734 DEBUG BaseGeneralDataRegion:59 - Caching[foo.org.hibernate.cache.spi.UpdateTimestampsCache] : [CourseMeeting] -> [5579090975678467]
14:18:17,734 DEBUG SQL:104 - 
    delete 
    from
        Enrolment 
    where
        studentId=? 
        and courseCode=?
14:18:17,734 DEBUG BaseGeneralDataRegion:59 - Caching[foo.org.hibernate.cache.spi.UpdateTimestampsCache] : [Enrolment] -> [5579090975678468]
14:18:17,734 DEBUG SQL:104 - 
    delete 
    from
        Address 
    where
        id=?
14:18:17,754 DEBUG BaseGeneralDataRegion:59 - Caching[foo.org.hibernate.cache.spi.UpdateTimestampsCache] : [Address] -> [5579090975760384]
14:18:17,754 DEBUG SQL:104 - 
    delete 
    from
        Address 
    where
        id=?
14:18:17,755 DEBUG BaseGeneralDataRegion:59 - Caching[foo.org.hibernate.cache.spi.UpdateTimestampsCache] : [Address] -> [5579090975764480]
14:18:17,755 DEBUG SQL:104 - 
    delete 
    from
        Student 
    where
        studentId=?
14:18:17,755 DEBUG BaseGeneralDataRegion:59 - Caching[foo.org.hibernate.cache.spi.UpdateTimestampsCache] : [Student] -> [5579090975764481]
14:18:17,755 DEBUG SQL:104 - 
    delete 
    from
        Enrolment 
    where
        studentId=? 
        and courseCode=?
14:18:17,755 DEBUG BaseGeneralDataRegion:59 - Caching[foo.org.hibernate.cache.spi.UpdateTimestampsCache] : [Enrolment] -> [5579090975764482]
14:18:17,755 DEBUG SQL:104 - 
    delete 
    from
        Student 
    where
        studentId=?
14:18:17,755 DEBUG BaseGeneralDataRegion:59 - Caching[foo.org.hibernate.cache.spi.UpdateTimestampsCache] : [Student] -> [5579090975764483]
14:18:17,764 DEBUG SQL:104 - 
    delete 
    from
        CourseMeeting 
    where
        courseCode=? 
        and day=? 
        and period=? 
        and location=?
14:18:17,764 DEBUG BaseGeneralDataRegion:59 - Caching[foo.org.hibernate.cache.spi.UpdateTimestampsCache] : [CourseMeeting] -> [5579090975801344]
14:18:17,764 DEBUG SQL:104 - 
    delete 
    from
        CourseMeeting 
    where
        courseCode=? 
        and day=? 
        and period=? 
        and location=?
14:18:17,764 DEBUG BaseGeneralDataRegion:59 - Caching[foo.org.hibernate.cache.spi.UpdateTimestampsCache] : [CourseMeeting] -> [5579090975801345]
14:18:17,764 DEBUG SQL:104 - 
    delete 
    from
        Course 
    where
        courseCode=?
14:18:17,765 DEBUG BaseGeneralDataRegion:59 - Caching[foo.org.hibernate.cache.spi.UpdateTimestampsCache] : [Course] -> [5579090975805440]
14:18:17,765 DEBUG BaseGeneralDataRegion:59 - Caching[foo.org.hibernate.cache.spi.UpdateTimestampsCache] : [Student] -> [5579090730045441]
14:18:17,765 DEBUG BaseGeneralDataRegion:59 - Caching[foo.org.hibernate.cache.spi.UpdateTimestampsCache] : [Course] -> [5579090730045441]
14:18:17,765 DEBUG BaseGeneralDataRegion:59 - Caching[foo.org.hibernate.cache.spi.UpdateTimestampsCache] : [Enrolment] -> [5579090730045441]
14:18:17,773 DEBUG BaseGeneralDataRegion:59 - Caching[foo.org.hibernate.cache.spi.UpdateTimestampsCache] : [Student_secretCodes] -> [5579090730045441]
14:18:17,773 DEBUG BaseGeneralDataRegion:59 - Caching[foo.org.hibernate.cache.spi.UpdateTimestampsCache] : [Address] -> [5579090730045441]
14:18:17,773 DEBUG BaseGeneralDataRegion:59 - Caching[foo.org.hibernate.cache.spi.UpdateTimestampsCache] : [CourseMeeting] -> [5579090730045441]
14:18:17,773  INFO CustomRunner:139 - Test: testMultiSelectAliasToEntityMapUsingAliasesWithFetchJoinList
14:18:17,774 DEBUG SQL:104 - 
    select
        coursemeet_.courseCode,
        coursemeet_.day,
        coursemeet_.period,
        coursemeet_.location 
    from
        CourseMeeting coursemeet_ 
    where
        coursemeet_.courseCode=? 
        and coursemeet_.day=? 
        and coursemeet_.period=? 
        and coursemeet_.location=?
14:18:17,775 DEBUG SQL:104 - 
    select
        coursemeet_.courseCode,
        coursemeet_.day,
        coursemeet_.period,
        coursemeet_.location 
    from
        CourseMeeting coursemeet_ 
    where
        coursemeet_.courseCode=? 
        and coursemeet_.day=? 
        and coursemeet_.period=? 
        and coursemeet_.location=?
14:18:17,783 DEBUG SQL:104 - 
    insert 
    into
        Course
        (description, courseCode) 
    values
        (?, ?)
14:18:17,784 DEBUG BaseGeneralDataRegion:59 - Caching[foo.org.hibernate.cache.spi.UpdateTimestampsCache] : [Course] -> [5579090975883264]
14:18:17,784 DEBUG SQL:104 - 
    insert 
    into
        CourseMeeting
        (courseCode, day, period, location) 
    values
        (?, ?, ?, ?)
14:18:17,784 DEBUG BaseGeneralDataRegion:59 - Caching[foo.org.hibernate.cache.spi.UpdateTimestampsCache] : [CourseMeeting] -> [5579090975883265]
14:18:17,784 DEBUG SQL:104 - 
    insert 
    into
        CourseMeeting
        (courseCode, day, period, location) 
    values
        (?, ?, ?, ?)
14:18:17,785 DEBUG BaseGeneralDataRegion:59 - Caching[foo.org.hibernate.cache.spi.UpdateTimestampsCache] : [CourseMeeting] -> [5579090975883266]
14:18:17,785 DEBUG SQL:104 - 
    insert 
    into
        Student
        (name_first, name_middle, name_last, preferredCourseCode, studentId) 
    values
        (?, ?, ?, ?, ?)
14:18:17,792 DEBUG BaseGeneralDataRegion:59 - Caching[foo.org.hibernate.cache.spi.UpdateTimestampsCache] : [Student] -> [5579090975916032]
14:18:17,792 DEBUG SQL:104 - 
    insert 
    into
        Address
        (addressType, street, city, stateProvince, postalCode, country, studentNumber, id) 
    values
        (?, ?, ?, ?, ?, ?, ?, ?)
14:18:17,792 DEBUG BaseGeneralDataRegion:59 - Caching[foo.org.hibernate.cache.spi.UpdateTimestampsCache] : [Address] -> [5579090975916033]
14:18:17,792 DEBUG SQL:104 - 
    insert 
    into
        Address
        (addressType, street, city, stateProvince, postalCode, country, studentNumber, id) 
    values
        (?, ?, ?, ?, ?, ?, ?, ?)
14:18:17,792 DEBUG BaseGeneralDataRegion:59 - Caching[foo.org.hibernate.cache.spi.UpdateTimestampsCache] : [Address] -> [5579090975916034]
14:18:17,792 DEBUG SQL:104 - 
    insert 
    into
        Student
        (name_first, name_middle, name_last, preferredCourseCode, studentId) 
    values
        (?, ?, ?, ?, ?)
14:18:17,793 DEBUG BaseGeneralDataRegion:59 - Caching[foo.org.hibernate.cache.spi.UpdateTimestampsCache] : [Student] -> [5579090975920128]
14:18:17,793 DEBUG SQL:104 - 
    insert 
    into
        Enrolment
        (semester, "year", studentId, courseCode) 
    values
        (?, ?, ?, ?)
14:18:17,801 DEBUG BaseGeneralDataRegion:59 - Caching[foo.org.hibernate.cache.spi.UpdateTimestampsCache] : [Enrolment] -> [5579090975952896]
14:18:17,801 DEBUG SQL:104 - 
    insert 
    into
        Enrolment
        (semester, "year", studentId, courseCode) 
    values
        (?, ?, ?, ?)
14:18:17,801 DEBUG BaseGeneralDataRegion:59 - Caching[foo.org.hibernate.cache.spi.UpdateTimestampsCache] : [Enrolment] -> [5579090975952897]
14:18:17,801 DEBUG BaseGeneralDataRegion:59 - Caching[foo.org.hibernate.cache.spi.UpdateTimestampsCache] : [CourseMeeting] -> [5579090975952898]
14:18:17,801 DEBUG BaseGeneralDataRegion:59 - Caching[foo.org.hibernate.cache.spi.UpdateTimestampsCache] : [Enrolment] -> [5579090975952899]
14:18:17,802 DEBUG SQL:104 - 
    update
        Address 
    set
        studentNumber=?,
        addressType=? 
    where
        id=?
14:18:17,802 DEBUG SQL:104 - 
    update
        Address 
    set
        studentNumber=?,
        addressType=? 
    where
        id=?
14:18:17,810 DEBUG BaseGeneralDataRegion:59 - Caching[foo.org.hibernate.cache.spi.UpdateTimestampsCache] : [Address] -> [5579090975989760]
14:18:17,810 DEBUG SQL:104 - 
    insert 
    into
        Student_secretCodes
        (studentNumber, i, secretCode) 
    values
        (?, ?, ?)
14:18:17,810 DEBUG BaseGeneralDataRegion:59 - Caching[foo.org.hibernate.cache.spi.UpdateTimestampsCache] : [Student_secretCodes] -> [5579090975989761]
14:18:17,811 DEBUG BaseGeneralDataRegion:59 - Caching[foo.org.hibernate.cache.spi.UpdateTimestampsCache] : [Enrolment] -> [5579090975993856]
14:18:17,811 DEBUG BaseGeneralDataRegion:59 - Caching[foo.org.hibernate.cache.spi.UpdateTimestampsCache] : [Address] -> [5579090975993857]
14:18:17,811 DEBUG SQL:104 - 
    insert 
    into
        Student_secretCodes
        (studentNumber, i, secretCode) 
    values
        (?, ?, ?)
14:18:17,811 DEBUG SQL:104 - 
    insert 
    into
        Student_secretCodes
        (studentNumber, i, secretCode) 
    values
        (?, ?, ?)
14:18:17,811 DEBUG BaseGeneralDataRegion:59 - Caching[foo.org.hibernate.cache.spi.UpdateTimestampsCache] : [Student_secretCodes] -> [5579090975993858]
14:18:17,811 DEBUG BaseGeneralDataRegion:59 - Caching[foo.org.hibernate.cache.spi.UpdateTimestampsCache] : [Student] -> [5579090730233859]
14:18:17,811 DEBUG BaseGeneralDataRegion:59 - Caching[foo.org.hibernate.cache.spi.UpdateTimestampsCache] : [Course] -> [5579090730233859]
14:18:17,819 DEBUG BaseGeneralDataRegion:59 - Caching[foo.org.hibernate.cache.spi.UpdateTimestampsCache] : [Enrolment] -> [5579090730233859]
14:18:17,820 DEBUG BaseGeneralDataRegion:59 - Caching[foo.org.hibernate.cache.spi.UpdateTimestampsCache] : [Student_secretCodes] -> [5579090730233859]
14:18:17,820 DEBUG BaseGeneralDataRegion:59 - Caching[foo.org.hibernate.cache.spi.UpdateTimestampsCache] : [Address] -> [5579090730233859]
14:18:17,820 DEBUG BaseGeneralDataRegion:59 - Caching[foo.org.hibernate.cache.spi.UpdateTimestampsCache] : [CourseMeeting] -> [5579090730233859]
14:18:17,820 DEBUG SQL:104 - 
    select
        student_.studentId,
        student_.name_first as name2_4_,
        student_.name_middle as name3_4_,
        student_.name_last as name4_4_,
        student_.preferredCourseCode as preferre5_4_ 
    from
        Student student_ 
    where
        student_.studentId=?
14:18:17,821 DEBUG SQL:104 - 
    select
        enrolment_.studentId,
        enrolment_.courseCode,
        enrolment_.semester as semester3_,
        enrolment_."year" as year4_3_ 
    from
        Enrolment enrolment_ 
    where
        enrolment_.studentId=? 
        and enrolment_.courseCode=?
14:18:17,821 DEBUG SQL:104 - 
    select
        course_.courseCode,
        course_.description as descript2_1_ 
    from
        Course course_ 
    where
        course_.courseCode=?
14:18:17,829 DEBUG SQL:104 - 
    select
        student_.studentId,
        student_.name_first as name2_4_,
        student_.name_middle as name3_4_,
        student_.name_last as name4_4_,
        student_.preferredCourseCode as preferre5_4_ 
    from
        Student student_ 
    where
        student_.studentId=?
14:18:17,830 DEBUG SQL:104 - 
    select
        enrolment_.studentId,
        enrolment_.courseCode,
        enrolment_.semester as semester3_,
        enrolment_."year" as year4_3_ 
    from
        Enrolment enrolment_ 
    where
        enrolment_.studentId=? 
        and enrolment_.courseCode=?
14:18:17,830 DEBUG SQL:104 - 
    select
        coursemeet_.courseCode,
        coursemeet_.day,
        coursemeet_.period,
        coursemeet_.location 
    from
        CourseMeeting coursemeet_ 
    where
        coursemeet_.courseCode=? 
        and coursemeet_.day=? 
        and coursemeet_.period=? 
        and coursemeet_.location=?
14:18:17,830 DEBUG SQL:104 - 
    select
        coursemeet_.courseCode,
        coursemeet_.day,
        coursemeet_.period,
        coursemeet_.location 
    from
        CourseMeeting coursemeet_ 
    where
        coursemeet_.courseCode=? 
        and coursemeet_.day=? 
        and coursemeet_.period=? 
        and coursemeet_.location=?
14:18:17,831 DEBUG BaseGeneralDataRegion:59 - Caching[foo.org.hibernate.cache.spi.UpdateTimestampsCache] : [Enrolment] -> [5579090976075776]
14:18:17,831 DEBUG SQL:104 - 
    update
        Address 
    set
        studentNumber=null,
        addressType=null 
    where
        studentNumber=?
14:18:17,840 DEBUG BaseGeneralDataRegion:59 - Caching[foo.org.hibernate.cache.spi.UpdateTimestampsCache] : [Address] -> [5579090976112640]
14:18:17,841 DEBUG SQL:104 - 
    delete 
    from
        Student_secretCodes 
    where
        studentNumber=?
14:18:17,841 DEBUG BaseGeneralDataRegion:59 - Caching[foo.org.hibernate.cache.spi.UpdateTimestampsCache] : [Student_secretCodes] -> [5579090976116736]
14:18:17,841 DEBUG BaseGeneralDataRegion:59 - Caching[foo.org.hibernate.cache.spi.UpdateTimestampsCache] : [Enrolment] -> [5579090976116737]
14:18:17,841 DEBUG BaseGeneralDataRegion:59 - Caching[foo.org.hibernate.cache.spi.UpdateTimestampsCache] : [Address] -> [5579090976116738]
14:18:17,841 DEBUG SQL:104 - 
    delete 
    from
        Student_secretCodes 
    where
        studentNumber=?
14:18:17,841 DEBUG BaseGeneralDataRegion:59 - Caching[foo.org.hibernate.cache.spi.UpdateTimestampsCache] : [Student_secretCodes] -> [5579090976116739]
14:18:17,841 DEBUG BaseGeneralDataRegion:59 - Caching[foo.org.hibernate.cache.spi.UpdateTimestampsCache] : [CourseMeeting] -> [5579090976116740]
14:18:17,841 DEBUG SQL:104 - 
    delete 
    from
        Enrolment 
    where
        studentId=? 
        and courseCode=?
14:18:17,842 DEBUG BaseGeneralDataRegion:59 - Caching[foo.org.hibernate.cache.spi.UpdateTimestampsCache] : [Enrolment] -> [5579090976120832]
14:18:17,842 DEBUG SQL:104 - 
    delete 
    from
        Address 
    where
        id=?
14:18:17,852 DEBUG BaseGeneralDataRegion:59 - Caching[foo.org.hibernate.cache.spi.UpdateTimestampsCache] : [Address] -> [5579090976161792]
14:18:17,852 DEBUG SQL:104 - 
    delete 
    from
        Address 
    where
        id=?
14:18:17,853 DEBUG BaseGeneralDataRegion:59 - Caching[foo.org.hibernate.cache.spi.UpdateTimestampsCache] : [Address] -> [5579090976165888]
14:18:17,853 DEBUG SQL:104 - 
    delete 
    from
        Student 
    where
        studentId=?
14:18:17,853 DEBUG BaseGeneralDataRegion:59 - Caching[foo.org.hibernate.cache.spi.UpdateTimestampsCache] : [Student] -> [5579090976165889]
14:18:17,853 DEBUG SQL:104 - 
    delete 
    from
        Enrolment 
    where
        studentId=? 
        and courseCode=?
14:18:17,853 DEBUG BaseGeneralDataRegion:59 - Caching[foo.org.hibernate.cache.spi.UpdateTimestampsCache] : [Enrolment] -> [5579090976165890]
14:18:17,853 DEBUG SQL:104 - 
    delete 
    from
        Student 
    where
        studentId=?
14:18:17,853 DEBUG BaseGeneralDataRegion:59 - Caching[foo.org.hibernate.cache.spi.UpdateTimestampsCache] : [Student] -> [5579090976165891]
14:18:17,854 DEBUG SQL:104 - 
    delete 
    from
        CourseMeeting 
    where
        courseCode=? 
        and day=? 
        and period=? 
        and location=?
14:18:17,854 DEBUG BaseGeneralDataRegion:59 - Caching[foo.org.hibernate.cache.spi.UpdateTimestampsCache] : [CourseMeeting] -> [5579090976169984]
14:18:17,854 DEBUG SQL:104 - 
    delete 
    from
        CourseMeeting 
    where
        courseCode=? 
        and day=? 
        and period=? 
        and location=?
14:18:17,874 DEBUG BaseGeneralDataRegion:59 - Caching[foo.org.hibernate.cache.spi.UpdateTimestampsCache] : [CourseMeeting] -> [5579090976251904]
14:18:17,874 DEBUG SQL:104 - 
    delete 
    from
        Course 
    where
        courseCode=?
14:18:17,875 DEBUG BaseGeneralDataRegion:59 - Caching[foo.org.hibernate.cache.spi.UpdateTimestampsCache] : [Course] -> [5579090976256000]
14:18:17,875 DEBUG BaseGeneralDataRegion:59 - Caching[foo.org.hibernate.cache.spi.UpdateTimestampsCache] : [Student] -> [5579090730496001]
14:18:17,875 DEBUG BaseGeneralDataRegion:59 - Caching[foo.org.hibernate.cache.spi.UpdateTimestampsCache] : [Course] -> [5579090730496001]
14:18:17,875 DEBUG BaseGeneralDataRegion:59 - Caching[foo.org.hibernate.cache.spi.UpdateTimestampsCache] : [Enrolment] -> [5579090730496001]
14:18:17,875 DEBUG BaseGeneralDataRegion:59 - Caching[foo.org.hibernate.cache.spi.UpdateTimestampsCache] : [Student_secretCodes] -> [5579090730496001]
14:18:17,875 DEBUG BaseGeneralDataRegion:59 - Caching[foo.org.hibernate.cache.spi.UpdateTimestampsCache] : [Address] -> [5579090730496001]
14:18:17,875 DEBUG BaseGeneralDataRegion:59 - Caching[foo.org.hibernate.cache.spi.UpdateTimestampsCache] : [CourseMeeting] -> [5579090730496001]
14:18:17,876  INFO CustomRunner:139 - Test: testMultiSelectNewList
14:18:17,877 DEBUG SQL:104 - 
    select
        coursemeet_.courseCode,
        coursemeet_.day,
        coursemeet_.period,
        coursemeet_.location 
    from
        CourseMeeting coursemeet_ 
    where
        coursemeet_.courseCode=? 
        and coursemeet_.day=? 
        and coursemeet_.period=? 
        and coursemeet_.location=?
14:18:17,877 DEBUG SQL:104 - 
    select
        coursemeet_.courseCode,
        coursemeet_.day,
        coursemeet_.period,
        coursemeet_.location 
    from
        CourseMeeting coursemeet_ 
    where
        coursemeet_.courseCode=? 
        and coursemeet_.day=? 
        and coursemeet_.period=? 
        and coursemeet_.location=?
14:18:17,878 DEBUG SQL:104 - 
    insert 
    into
        Course
        (description, courseCode) 
    values
        (?, ?)
14:18:17,879 DEBUG BaseGeneralDataRegion:59 - Caching[foo.org.hibernate.cache.spi.UpdateTimestampsCache] : [Course] -> [5579090976272384]
14:18:17,879 DEBUG SQL:104 - 
    insert 
    into
        CourseMeeting
        (courseCode, day, period, location) 
    values
        (?, ?, ?, ?)
14:18:17,879 DEBUG BaseGeneralDataRegion:59 - Caching[foo.org.hibernate.cache.spi.UpdateTimestampsCache] : [CourseMeeting] -> [5579090976272385]
14:18:17,879 DEBUG SQL:104 - 
    insert 
    into
        CourseMeeting
        (courseCode, day, period, location) 
    values
        (?, ?, ?, ?)
14:18:17,894 DEBUG BaseGeneralDataRegion:59 - Caching[foo.org.hibernate.cache.spi.UpdateTimestampsCache] : [CourseMeeting] -> [5579090976333824]
14:18:17,895 DEBUG SQL:104 - 
    insert 
    into
        Student
        (name_first, name_middle, name_last, preferredCourseCode, studentId) 
    values
        (?, ?, ?, ?, ?)
14:18:17,895 DEBUG BaseGeneralDataRegion:59 - Caching[foo.org.hibernate.cache.spi.UpdateTimestampsCache] : [Student] -> [5579090976337920]
14:18:17,895 DEBUG SQL:104 - 
    insert 
    into
        Address
        (addressType, street, city, stateProvince, postalCode, country, studentNumber, id) 
    values
        (?, ?, ?, ?, ?, ?, ?, ?)
14:18:17,895 DEBUG BaseGeneralDataRegion:59 - Caching[foo.org.hibernate.cache.spi.UpdateTimestampsCache] : [Address] -> [5579090976337921]
14:18:17,895 DEBUG SQL:104 - 
    insert 
    into
        Address
        (addressType, street, city, stateProvince, postalCode, country, studentNumber, id) 
    values
        (?, ?, ?, ?, ?, ?, ?, ?)
14:18:17,896 DEBUG BaseGeneralDataRegion:59 - Caching[foo.org.hibernate.cache.spi.UpdateTimestampsCache] : [Address] -> [5579090976342016]
14:18:17,896 DEBUG SQL:104 - 
    insert 
    into
        Student
        (name_first, name_middle, name_last, preferredCourseCode, studentId) 
    values
        (?, ?, ?, ?, ?)
14:18:17,905 DEBUG BaseGeneralDataRegion:59 - Caching[foo.org.hibernate.cache.spi.UpdateTimestampsCache] : [Student] -> [5579090976378880]
14:18:17,906 DEBUG SQL:104 - 
    insert 
    into
        Enrolment
        (semester, "year", studentId, courseCode) 
    values
        (?, ?, ?, ?)
14:18:17,906 DEBUG BaseGeneralDataRegion:59 - Caching[foo.org.hibernate.cache.spi.UpdateTimestampsCache] : [Enrolment] -> [5579090976382976]
14:18:17,906 DEBUG SQL:104 - 
    insert 
    into
        Enrolment
        (semester, "year", studentId, courseCode) 
    values
        (?, ?, ?, ?)
14:18:17,906 DEBUG BaseGeneralDataRegion:59 - Caching[foo.org.hibernate.cache.spi.UpdateTimestampsCache] : [Enrolment] -> [5579090976382977]
14:18:17,906 DEBUG BaseGeneralDataRegion:59 - Caching[foo.org.hibernate.cache.spi.UpdateTimestampsCache] : [CourseMeeting] -> [5579090976382978]
14:18:17,906 DEBUG BaseGeneralDataRegion:59 - Caching[foo.org.hibernate.cache.spi.UpdateTimestampsCache] : [Enrolment] -> [5579090976382979]
14:18:17,906 DEBUG SQL:104 - 
    update
        Address 
    set
        studentNumber=?,
        addressType=? 
    where
        id=?
14:18:17,915 DEBUG SQL:104 - 
    update
        Address 
    set
        studentNumber=?,
        addressType=? 
    where
        id=?
14:18:17,915 DEBUG BaseGeneralDataRegion:59 - Caching[foo.org.hibernate.cache.spi.UpdateTimestampsCache] : [Address] -> [5579090976419840]
14:18:17,916 DEBUG SQL:104 - 
    insert 
    into
        Student_secretCodes
        (studentNumber, i, secretCode) 
    values
        (?, ?, ?)
14:18:17,916 DEBUG BaseGeneralDataRegion:59 - Caching[foo.org.hibernate.cache.spi.UpdateTimestampsCache] : [Student_secretCodes] -> [5579090976423936]
14:18:17,916 DEBUG BaseGeneralDataRegion:59 - Caching[foo.org.hibernate.cache.spi.UpdateTimestampsCache] : [Enrolment] -> [5579090976423937]
14:18:17,916 DEBUG BaseGeneralDataRegion:59 - Caching[foo.org.hibernate.cache.spi.UpdateTimestampsCache] : [Address] -> [5579090976423938]
14:18:17,916 DEBUG SQL:104 - 
    insert 
    into
        Student_secretCodes
        (studentNumber, i, secretCode) 
    values
        (?, ?, ?)
14:18:17,916 DEBUG SQL:104 - 
    insert 
    into
        Student_secretCodes
        (studentNumber, i, secretCode) 
    values
        (?, ?, ?)
14:18:17,926 DEBUG BaseGeneralDataRegion:59 - Caching[foo.org.hibernate.cache.spi.UpdateTimestampsCache] : [Student_secretCodes] -> [5579090976464896]
14:18:17,926 DEBUG BaseGeneralDataRegion:59 - Caching[foo.org.hibernate.cache.spi.UpdateTimestampsCache] : [Student] -> [5579090730704897]
14:18:17,926 DEBUG BaseGeneralDataRegion:59 - Caching[foo.org.hibernate.cache.spi.UpdateTimestampsCache] : [Course] -> [5579090730704897]
14:18:17,926 DEBUG BaseGeneralDataRegion:59 - Caching[foo.org.hibernate.cache.spi.UpdateTimestampsCache] : [Enrolment] -> [5579090730704897]
14:18:17,926 DEBUG BaseGeneralDataRegion:59 - Caching[foo.org.hibernate.cache.spi.UpdateTimestampsCache] : [Student_secretCodes] -> [5579090730704897]
14:18:17,927 DEBUG BaseGeneralDataRegion:59 - Caching[foo.org.hibernate.cache.spi.UpdateTimestampsCache] : [Address] -> [5579090730704897]
14:18:17,927 DEBUG BaseGeneralDataRegion:59 - Caching[foo.org.hibernate.cache.spi.UpdateTimestampsCache] : [CourseMeeting] -> [5579090730704897]
14:18:17,927 DEBUG SQL:104 - 
    select
        this_.studentId as y0_,
        this_.name_first as y1_,
        this_.name_middle as y2_,
        this_.name_last as y3_ 
    from
        Student this_ 
    order by
        this_.studentId asc
14:18:17,928 DEBUG BaseGeneralDataRegion:59 - Caching[foo.org.hibernate.cache.internal.StandardQueryCache] : [sql: select this_.studentId as y0_, this_.name_first as y1_, this_.name_middle as y2_, this_.name_last as y3_ from Student this_ order by this_.studentId asc; parameters: ; transformer: org.hibernate.transform.CacheableResultTransformer@1406bf] -> [[5579090730713088, [Ljava.io.Serializable;@607f9c9b, [Ljava.io.Serializable;@5a02b59b]]
14:18:17,928 DEBUG SQL:104 - 
    select
        this_.studentId as y0_,
        this_.name_first as y1_,
        this_.name_middle as y2_,
        this_.name_last as y3_ 
    from
        Student this_ 
    order by
        this_.studentId asc
14:18:17,936 DEBUG BaseGeneralDataRegion:59 - Caching[foo.org.hibernate.cache.internal.StandardQueryCache] : [sql: select this_.studentId as y0_, this_.name_first as y1_, this_.name_middle as y2_, this_.name_last as y3_ from Student this_ order by this_.studentId asc; parameters: ; transformer: org.hibernate.transform.CacheableResultTransformer@1406bf] -> [[5579090730745856, [Ljava.io.Serializable;@b8475c5, [Ljava.io.Serializable;@254fde6b]]
14:18:17,936 DEBUG SQL:104 - 
    select
        student_.studentId,
        student_.name_first as name2_4_,
        student_.name_middle as name3_4_,
        student_.name_last as name4_4_,
        student_.preferredCourseCode as preferre5_4_ 
    from
        Student student_ 
    where
        student_.studentId=?
14:18:17,937 DEBUG SQL:104 - 
    select
        enrolment_.studentId,
        enrolment_.courseCode,
        enrolment_.semester as semester3_,
        enrolment_."year" as year4_3_ 
    from
        Enrolment enrolment_ 
    where
        enrolment_.studentId=? 
        and enrolment_.courseCode=?
14:18:17,937 DEBUG SQL:104 - 
    select
        course_.courseCode,
        course_.description as descript2_1_ 
    from
        Course course_ 
    where
        course_.courseCode=?
14:18:17,946 DEBUG SQL:104 - 
    select
        student_.studentId,
        student_.name_first as name2_4_,
        student_.name_middle as name3_4_,
        student_.name_last as name4_4_,
        student_.preferredCourseCode as preferre5_4_ 
    from
        Student student_ 
    where
        student_.studentId=?
14:18:17,947 DEBUG SQL:104 - 
    select
        enrolment_.studentId,
        enrolment_.courseCode,
        enrolment_.semester as semester3_,
        enrolment_."year" as year4_3_ 
    from
        Enrolment enrolment_ 
    where
        enrolment_.studentId=? 
        and enrolment_.courseCode=?
14:18:17,947 DEBUG SQL:104 - 
    select
        coursemeet_.courseCode,
        coursemeet_.day,
        coursemeet_.period,
        coursemeet_.location 
    from
        CourseMeeting coursemeet_ 
    where
        coursemeet_.courseCode=? 
        and coursemeet_.day=? 
        and coursemeet_.period=? 
        and coursemeet_.location=?
14:18:17,957 DEBUG SQL:104 - 
    select
        coursemeet_.courseCode,
        coursemeet_.day,
        coursemeet_.period,
        coursemeet_.location 
    from
        CourseMeeting coursemeet_ 
    where
        coursemeet_.courseCode=? 
        and coursemeet_.day=? 
        and coursemeet_.period=? 
        and coursemeet_.location=?
14:18:17,958 DEBUG BaseGeneralDataRegion:59 - Caching[foo.org.hibernate.cache.spi.UpdateTimestampsCache] : [Enrolment] -> [5579090976595968]
14:18:17,958 DEBUG SQL:104 - 
    update
        Address 
    set
        studentNumber=null,
        addressType=null 
    where
        studentNumber=?
14:18:17,958 DEBUG BaseGeneralDataRegion:59 - Caching[foo.org.hibernate.cache.spi.UpdateTimestampsCache] : [Address] -> [5579090976595969]
14:18:17,958 DEBUG SQL:104 - 
    delete 
    from
        Student_secretCodes 
    where
        studentNumber=?
14:18:17,958 DEBUG BaseGeneralDataRegion:59 - Caching[foo.org.hibernate.cache.spi.UpdateTimestampsCache] : [Student_secretCodes] -> [5579090976595970]
14:18:17,958 DEBUG BaseGeneralDataRegion:59 - Caching[foo.org.hibernate.cache.spi.UpdateTimestampsCache] : [Enrolment] -> [5579090976595971]
14:18:17,959 DEBUG BaseGeneralDataRegion:59 - Caching[foo.org.hibernate.cache.spi.UpdateTimestampsCache] : [Address] -> [5579090976600064]
14:18:17,959 DEBUG SQL:104 - 
    delete 
    from
        Student_secretCodes 
    where
        studentNumber=?
14:18:17,959 DEBUG BaseGeneralDataRegion:59 - Caching[foo.org.hibernate.cache.spi.UpdateTimestampsCache] : [Student_secretCodes] -> [5579090976600065]
14:18:17,959 DEBUG BaseGeneralDataRegion:59 - Caching[foo.org.hibernate.cache.spi.UpdateTimestampsCache] : [CourseMeeting] -> [5579090976600066]
14:18:17,959 DEBUG SQL:104 - 
    delete 
    from
        Enrolment 
    where
        studentId=? 
        and courseCode=?
14:18:17,959 DEBUG BaseGeneralDataRegion:59 - Caching[foo.org.hibernate.cache.spi.UpdateTimestampsCache] : [Enrolment] -> [5579090976600067]
14:18:17,959 DEBUG SQL:104 - 
    delete 
    from
        Address 
    where
        id=?
14:18:17,971 DEBUG BaseGeneralDataRegion:59 - Caching[foo.org.hibernate.cache.spi.UpdateTimestampsCache] : [Address] -> [5579090976649216]
14:18:17,971 DEBUG SQL:104 - 
    delete 
    from
        Address 
    where
        id=?
14:18:17,971 DEBUG BaseGeneralDataRegion:59 - Caching[foo.org.hibernate.cache.spi.UpdateTimestampsCache] : [Address] -> [5579090976649217]
14:18:17,971 DEBUG SQL:104 - 
    delete 
    from
        Student 
    where
        studentId=?
14:18:17,972 DEBUG BaseGeneralDataRegion:59 - Caching[foo.org.hibernate.cache.spi.UpdateTimestampsCache] : [Student] -> [5579090976653312]
14:18:17,972 DEBUG SQL:104 - 
    delete 
    from
        Enrolment 
    where
        studentId=? 
        and courseCode=?
14:18:17,972 DEBUG BaseGeneralDataRegion:59 - Caching[foo.org.hibernate.cache.spi.UpdateTimestampsCache] : [Enrolment] -> [5579090976653313]
14:18:17,972 DEBUG SQL:104 - 
    delete 
    from
        Student 
    where
        studentId=?
14:18:17,982 DEBUG BaseGeneralDataRegion:59 - Caching[foo.org.hibernate.cache.spi.UpdateTimestampsCache] : [Student] -> [5579090976694272]
14:18:17,982 DEBUG SQL:104 - 
    delete 
    from
        CourseMeeting 
    where
        courseCode=? 
        and day=? 
        and period=? 
        and location=?
14:18:17,983 DEBUG BaseGeneralDataRegion:59 - Caching[foo.org.hibernate.cache.spi.UpdateTimestampsCache] : [CourseMeeting] -> [5579090976698368]
14:18:17,983 DEBUG SQL:104 - 
    delete 
    from
        CourseMeeting 
    where
        courseCode=? 
        and day=? 
        and period=? 
        and location=?
14:18:17,983 DEBUG BaseGeneralDataRegion:59 - Caching[foo.org.hibernate.cache.spi.UpdateTimestampsCache] : [CourseMeeting] -> [5579090976698369]
14:18:17,983 DEBUG SQL:104 - 
    delete 
    from
        Course 
    where
        courseCode=?
14:18:17,983 DEBUG BaseGeneralDataRegion:59 - Caching[foo.org.hibernate.cache.spi.UpdateTimestampsCache] : [Course] -> [5579090976698370]
14:18:17,983 DEBUG BaseGeneralDataRegion:59 - Caching[foo.org.hibernate.cache.spi.UpdateTimestampsCache] : [Student] -> [5579090730938371]
14:18:17,984 DEBUG BaseGeneralDataRegion:59 - Caching[foo.org.hibernate.cache.spi.UpdateTimestampsCache] : [Course] -> [5579090730938371]
14:18:17,984 DEBUG BaseGeneralDataRegion:59 - Caching[foo.org.hibernate.cache.spi.UpdateTimestampsCache] : [Enrolment] -> [5579090730938371]
14:18:17,984 DEBUG BaseGeneralDataRegion:59 - Caching[foo.org.hibernate.cache.spi.UpdateTimestampsCache] : [Student_secretCodes] -> [5579090730938371]
14:18:17,984 DEBUG BaseGeneralDataRegion:59 - Caching[foo.org.hibernate.cache.spi.UpdateTimestampsCache] : [Address] -> [5579090730938371]
14:18:17,984 DEBUG BaseGeneralDataRegion:59 - Caching[foo.org.hibernate.cache.spi.UpdateTimestampsCache] : [CourseMeeting] -> [5579090730938371]
14:18:17,984  INFO CustomRunner:139 - Test: testMultiSelectNewListList
14:18:17,985 DEBUG SQL:104 - 
    select
        coursemeet_.courseCode,
        coursemeet_.day,
        coursemeet_.period,
        coursemeet_.location 
    from
        CourseMeeting coursemeet_ 
    where
        coursemeet_.courseCode=? 
        and coursemeet_.day=? 
        and coursemeet_.period=? 
        and coursemeet_.location=?
14:18:18,004 DEBUG SQL:104 - 
    select
        coursemeet_.courseCode,
        coursemeet_.day,
        coursemeet_.period,
        coursemeet_.location 
    from
        CourseMeeting coursemeet_ 
    where
        coursemeet_.courseCode=? 
        and coursemeet_.day=? 
        and coursemeet_.period=? 
        and coursemeet_.location=?
14:18:18,005 DEBUG SQL:104 - 
    insert 
    into
        Course
        (description, courseCode) 
    values
        (?, ?)
14:18:18,005 DEBUG BaseGeneralDataRegion:59 - Caching[foo.org.hibernate.cache.spi.UpdateTimestampsCache] : [Course] -> [5579090976788480]
14:18:18,005 DEBUG SQL:104 - 
    insert 
    into
        CourseMeeting
        (courseCode, day, period, location) 
    values
        (?, ?, ?, ?)
14:18:18,014 DEBUG BaseGeneralDataRegion:59 - Caching[foo.org.hibernate.cache.spi.UpdateTimestampsCache] : [CourseMeeting] -> [5579090976825344]
14:18:18,014 DEBUG SQL:104 - 
    insert 
    into
        CourseMeeting
        (courseCode, day, period, location) 
    values
        (?, ?, ?, ?)
14:18:18,014 DEBUG BaseGeneralDataRegion:59 - Caching[foo.org.hibernate.cache.spi.UpdateTimestampsCache] : [CourseMeeting] -> [5579090976825345]
14:18:18,015 DEBUG SQL:104 - 
    insert 
    into
        Student
        (name_first, name_middle, name_last, preferredCourseCode, studentId) 
    values
        (?, ?, ?, ?, ?)
14:18:18,015 DEBUG BaseGeneralDataRegion:59 - Caching[foo.org.hibernate.cache.spi.UpdateTimestampsCache] : [Student] -> [5579090976829440]
14:18:18,015 DEBUG SQL:104 - 
    insert 
    into
        Address
        (addressType, street, city, stateProvince, postalCode, country, studentNumber, id) 
    values
        (?, ?, ?, ?, ?, ?, ?, ?)
14:18:18,015 DEBUG BaseGeneralDataRegion:59 - Caching[foo.org.hibernate.cache.spi.UpdateTimestampsCache] : [Address] -> [5579090976829441]
14:18:18,015 DEBUG SQL:104 - 
    insert 
    into
        Address
        (addressType, street, city, stateProvince, postalCode, country, studentNumber, id) 
    values
        (?, ?, ?, ?, ?, ?, ?, ?)
14:18:18,025 DEBUG BaseGeneralDataRegion:59 - Caching[foo.org.hibernate.cache.spi.UpdateTimestampsCache] : [Address] -> [5579090976870400]
14:18:18,025 DEBUG SQL:104 - 
    insert 
    into
        Student
        (name_first, name_middle, name_last, preferredCourseCode, studentId) 
    values
        (?, ?, ?, ?, ?)
14:18:18,026 DEBUG BaseGeneralDataRegion:59 - Caching[foo.org.hibernate.cache.spi.UpdateTimestampsCache] : [Student] -> [5579090976874496]
14:18:18,026 DEBUG SQL:104 - 
    insert 
    into
        Enrolment
        (semester, "year", studentId, courseCode) 
    values
        (?, ?, ?, ?)
14:18:18,026 DEBUG BaseGeneralDataRegion:59 - Caching[foo.org.hibernate.cache.spi.UpdateTimestampsCache] : [Enrolment] -> [5579090976874497]
14:18:18,026 DEBUG SQL:104 - 
    insert 
    into
        Enrolment
        (semester, "year", studentId, courseCode) 
    values
        (?, ?, ?, ?)
14:18:18,026 DEBUG BaseGeneralDataRegion:59 - Caching[foo.org.hibernate.cache.spi.UpdateTimestampsCache] : [Enrolment] -> [5579090976874498]
14:18:18,035 DEBUG BaseGeneralDataRegion:59 - Caching[foo.org.hibernate.cache.spi.UpdateTimestampsCache] : [CourseMeeting] -> [5579090976911360]
14:18:18,035 DEBUG BaseGeneralDataRegion:59 - Caching[foo.org.hibernate.cache.spi.UpdateTimestampsCache] : [Enrolment] -> [5579090976911361]
14:18:18,035 DEBUG SQL:104 - 
    update
        Address 
    set
        studentNumber=?,
        addressType=? 
    where
        id=?
14:18:18,035 DEBUG SQL:104 - 
    update
        Address 
    set
        studentNumber=?,
        addressType=? 
    where
        id=?
14:18:18,036 DEBUG BaseGeneralDataRegion:59 - Caching[foo.org.hibernate.cache.spi.UpdateTimestampsCache] : [Address] -> [5579090976915456]
14:18:18,036 DEBUG SQL:104 - 
    insert 
    into
        Student_secretCodes
        (studentNumber, i, secretCode) 
    values
        (?, ?, ?)
14:18:18,036 DEBUG BaseGeneralDataRegion:59 - Caching[foo.org.hibernate.cache.spi.UpdateTimestampsCache] : [Student_secretCodes] -> [5579090976915457]
14:18:18,036 DEBUG BaseGeneralDataRegion:59 - Caching[foo.org.hibernate.cache.spi.UpdateTimestampsCache] : [Enrolment] -> [5579090976915458]
14:18:18,036 DEBUG BaseGeneralDataRegion:59 - Caching[foo.org.hibernate.cache.spi.UpdateTimestampsCache] : [Address] -> [5579090976915459]
14:18:18,036 DEBUG SQL:104 - 
    insert 
    into
        Student_secretCodes
        (studentNumber, i, secretCode) 
    values
        (?, ?, ?)
14:18:18,045 DEBUG SQL:104 - 
    insert 
    into
        Student_secretCodes
        (studentNumber, i, secretCode) 
    values
        (?, ?, ?)
14:18:18,045 DEBUG BaseGeneralDataRegion:59 - Caching[foo.org.hibernate.cache.spi.UpdateTimestampsCache] : [Student_secretCodes] -> [5579090976952320]
14:18:18,046 DEBUG BaseGeneralDataRegion:59 - Caching[foo.org.hibernate.cache.spi.UpdateTimestampsCache] : [Student] -> [5579090731196416]
14:18:18,046 DEBUG BaseGeneralDataRegion:59 - Caching[foo.org.hibernate.cache.spi.UpdateTimestampsCache] : [Course] -> [5579090731196416]
14:18:18,046 DEBUG BaseGeneralDataRegion:59 - Caching[foo.org.hibernate.cache.spi.UpdateTimestampsCache] : [Enrolment] -> [5579090731196416]
14:18:18,046 DEBUG BaseGeneralDataRegion:59 - Caching[foo.org.hibernate.cache.spi.UpdateTimestampsCache] : [Student_secretCodes] -> [5579090731196416]
14:18:18,046 DEBUG BaseGeneralDataRegion:59 - Caching[foo.org.hibernate.cache.spi.UpdateTimestampsCache] : [Address] -> [5579090731196416]
14:18:18,046 DEBUG BaseGeneralDataRegion:59 - Caching[foo.org.hibernate.cache.spi.UpdateTimestampsCache] : [CourseMeeting] -> [5579090731196416]
14:18:18,047 DEBUG SQL:104 - 
    select
        this_.studentId as y0_,
        this_.name_first as y1_,
        this_.name_middle as y2_,
        this_.name_last as y3_ 
    from
        Student this_ 
    order by
        this_.studentId asc
14:18:18,056 DEBUG BaseGeneralDataRegion:59 - Caching[foo.org.hibernate.cache.internal.StandardQueryCache] : [sql: select this_.studentId as y0_, this_.name_first as y1_, this_.name_middle as y2_, this_.name_last as y3_ from Student this_ order by this_.studentId asc; parameters: ; transformer: org.hibernate.transform.CacheableResultTransformer@1406bf] -> [[5579090731237376, [Ljava.io.Serializable;@6edfca44, [Ljava.io.Serializable;@26586f3a]]
14:18:18,056 DEBUG SQL:104 - 
    select
        this_.studentId as y0_,
        this_.name_first as y1_,
        this_.name_middle as y2_,
        this_.name_last as y3_ 
    from
        Student this_ 
    order by
        this_.studentId asc
14:18:18,057 DEBUG BaseGeneralDataRegion:59 - Caching[foo.org.hibernate.cache.internal.StandardQueryCache] : [sql: select this_.studentId as y0_, this_.name_first as y1_, this_.name_middle as y2_, this_.name_last as y3_ from Student this_ order by this_.studentId asc; parameters: ; transformer: org.hibernate.transform.CacheableResultTransformer@1406bf] -> [[5579090731241472, [Ljava.io.Serializable;@4a3dc90a, [Ljava.io.Serializable;@1e59d59a]]
14:18:18,057 DEBUG SQL:104 - 
    select
        student_.studentId,
        student_.name_first as name2_4_,
        student_.name_middle as name3_4_,
        student_.name_last as name4_4_,
        student_.preferredCourseCode as preferre5_4_ 
    from
        Student student_ 
    where
        student_.studentId=?
14:18:18,057 DEBUG SQL:104 - 
    select
        enrolment_.studentId,
        enrolment_.courseCode,
        enrolment_.semester as semester3_,
        enrolment_."year" as year4_3_ 
    from
        Enrolment enrolment_ 
    where
        enrolment_.studentId=? 
        and enrolment_.courseCode=?
14:18:18,066 DEBUG SQL:104 - 
    select
        course_.courseCode,
        course_.description as descript2_1_ 
    from
        Course course_ 
    where
        course_.courseCode=?
14:18:18,067 DEBUG SQL:104 - 
    select
        student_.studentId,
        student_.name_first as name2_4_,
        student_.name_middle as name3_4_,
        student_.name_last as name4_4_,
        student_.preferredCourseCode as preferre5_4_ 
    from
        Student student_ 
    where
        student_.studentId=?
14:18:18,067 DEBUG SQL:104 - 
    select
        enrolment_.studentId,
        enrolment_.courseCode,
        enrolment_.semester as semester3_,
        enrolment_."year" as year4_3_ 
    from
        Enrolment enrolment_ 
    where
        enrolment_.studentId=? 
        and enrolment_.courseCode=?
14:18:18,077 DEBUG SQL:104 - 
    select
        coursemeet_.courseCode,
        coursemeet_.day,
        coursemeet_.period,
        coursemeet_.location 
    from
        CourseMeeting coursemeet_ 
    where
        coursemeet_.courseCode=? 
        and coursemeet_.day=? 
        and coursemeet_.period=? 
        and coursemeet_.location=?
14:18:18,078 DEBUG SQL:104 - 
    select
        coursemeet_.courseCode,
        coursemeet_.day,
        coursemeet_.period,
        coursemeet_.location 
    from
        CourseMeeting coursemeet_ 
    where
        coursemeet_.courseCode=? 
        and coursemeet_.day=? 
        and coursemeet_.period=? 
        and coursemeet_.location=?
14:18:18,087 DEBUG BaseGeneralDataRegion:59 - Caching[foo.org.hibernate.cache.spi.UpdateTimestampsCache] : [Enrolment] -> [5579090977124352]
14:18:18,087 DEBUG SQL:104 - 
    update
        Address 
    set
        studentNumber=null,
        addressType=null 
    where
        studentNumber=?
14:18:18,087 DEBUG BaseGeneralDataRegion:59 - Caching[foo.org.hibernate.cache.spi.UpdateTimestampsCache] : [Address] -> [5579090977124353]
14:18:18,088 DEBUG SQL:104 - 
    delete 
    from
        Student_secretCodes 
    where
        studentNumber=?
14:18:18,088 DEBUG BaseGeneralDataRegion:59 - Caching[foo.org.hibernate.cache.spi.UpdateTimestampsCache] : [Student_secretCodes] -> [5579090977128448]
14:18:18,088 DEBUG BaseGeneralDataRegion:59 - Caching[foo.org.hibernate.cache.spi.UpdateTimestampsCache] : [Enrolment] -> [5579090977128449]
14:18:18,088 DEBUG BaseGeneralDataRegion:59 - Caching[foo.org.hibernate.cache.spi.UpdateTimestampsCache] : [Address] -> [5579090977128450]
14:18:18,088 DEBUG SQL:104 - 
    delete 
    from
        Student_secretCodes 
    where
        studentNumber=?
14:18:18,088 DEBUG BaseGeneralDataRegion:59 - Caching[foo.org.hibernate.cache.spi.UpdateTimestampsCache] : [Student_secretCodes] -> [5579090977128451]
14:18:18,088 DEBUG BaseGeneralDataRegion:59 - Caching[foo.org.hibernate.cache.spi.UpdateTimestampsCache] : [CourseMeeting] -> [5579090977128452]
14:18:18,088 DEBUG SQL:104 - 
    delete 
    from
        Enrolment 
    where
        studentId=? 
        and courseCode=?
14:18:18,089 DEBUG BaseGeneralDataRegion:59 - Caching[foo.org.hibernate.cache.spi.UpdateTimestampsCache] : [Enrolment] -> [5579090977132544]
14:18:18,089 DEBUG SQL:104 - 
    delete 
    from
        Address 
    where
        id=?
14:18:18,089 DEBUG BaseGeneralDataRegion:59 - Caching[foo.org.hibernate.cache.spi.UpdateTimestampsCache] : [Address] -> [5579090977132545]
14:18:18,089 DEBUG SQL:104 - 
    delete 
    from
        Address 
    where
        id=?
14:18:18,089 DEBUG BaseGeneralDataRegion:59 - Caching[foo.org.hibernate.cache.spi.UpdateTimestampsCache] : [Address] -> [5579090977132546]
14:18:18,089 DEBUG SQL:104 - 
    delete 
    from
        Student 
    where
        studentId=?
14:18:18,089 DEBUG BaseGeneralDataRegion:59 - Caching[foo.org.hibernate.cache.spi.UpdateTimestampsCache] : [Student] -> [5579090977132547]
14:18:18,089 DEBUG SQL:104 - 
    delete 
    from
        Enrolment 
    where
        studentId=? 
        and courseCode=?
14:18:18,101 DEBUG BaseGeneralDataRegion:59 - Caching[foo.org.hibernate.cache.spi.UpdateTimestampsCache] : [Enrolment] -> [5579090977181696]
14:18:18,101 DEBUG SQL:104 - 
    delete 
    from
        Student 
    where
        studentId=?
14:18:18,101 DEBUG BaseGeneralDataRegion:59 - Caching[foo.org.hibernate.cache.spi.UpdateTimestampsCache] : [Student] -> [5579090977181697]
14:18:18,101 DEBUG SQL:104 - 
    delete 
    from
        CourseMeeting 
    where
        courseCode=? 
        and day=? 
        and period=? 
        and location=?
14:18:18,101 DEBUG BaseGeneralDataRegion:59 - Caching[foo.org.hibernate.cache.spi.UpdateTimestampsCache] : [CourseMeeting] -> [5579090977181698]
14:18:18,102 DEBUG SQL:104 - 
    delete 
    from
        CourseMeeting 
    where
        courseCode=? 
        and day=? 
        and period=? 
        and location=?
14:18:18,111 DEBUG BaseGeneralDataRegion:59 - Caching[foo.org.hibernate.cache.spi.UpdateTimestampsCache] : [CourseMeeting] -> [5579090977222656]
14:18:18,111 DEBUG SQL:104 - 
    delete 
    from
        Course 
    where
        courseCode=?
14:18:18,112 DEBUG BaseGeneralDataRegion:59 - Caching[foo.org.hibernate.cache.spi.UpdateTimestampsCache] : [Course] -> [5579090977226752]
14:18:18,112 DEBUG BaseGeneralDataRegion:59 - Caching[foo.org.hibernate.cache.spi.UpdateTimestampsCache] : [Student] -> [5579090731466753]
14:18:18,112 DEBUG BaseGeneralDataRegion:59 - Caching[foo.org.hibernate.cache.spi.UpdateTimestampsCache] : [Course] -> [5579090731466753]
14:18:18,112 DEBUG BaseGeneralDataRegion:59 - Caching[foo.org.hibernate.cache.spi.UpdateTimestampsCache] : [Enrolment] -> [5579090731466753]
14:18:18,112 DEBUG BaseGeneralDataRegion:59 - Caching[foo.org.hibernate.cache.spi.UpdateTimestampsCache] : [Student_secretCodes] -> [5579090731466753]
14:18:18,112 DEBUG BaseGeneralDataRegion:59 - Caching[foo.org.hibernate.cache.spi.UpdateTimestampsCache] : [Address] -> [5579090731466753]
14:18:18,112 DEBUG BaseGeneralDataRegion:59 - Caching[foo.org.hibernate.cache.spi.UpdateTimestampsCache] : [CourseMeeting] -> [5579090731466753]
14:18:18,113  INFO CustomRunner:139 - Test: testMultiSelectNewMapUsingAliasesList
14:18:18,114 DEBUG SQL:104 - 
    select
        coursemeet_.courseCode,
        coursemeet_.day,
        coursemeet_.period,
        coursemeet_.location 
    from
        CourseMeeting coursemeet_ 
    where
        coursemeet_.courseCode=? 
        and coursemeet_.day=? 
        and coursemeet_.period=? 
        and coursemeet_.location=?
14:18:18,114 DEBUG SQL:104 - 
    select
        coursemeet_.courseCode,
        coursemeet_.day,
        coursemeet_.period,
        coursemeet_.location 
    from
        CourseMeeting coursemeet_ 
    where
        coursemeet_.courseCode=? 
        and coursemeet_.day=? 
        and coursemeet_.period=? 
        and coursemeet_.location=?
14:18:18,118 DEBUG SQL:104 - 
    insert 
    into
        Course
        (description, courseCode) 
    values
        (?, ?)
14:18:18,138 DEBUG BaseGeneralDataRegion:59 - Caching[foo.org.hibernate.cache.spi.UpdateTimestampsCache] : [Course] -> [5579090977333248]
14:18:18,138 DEBUG SQL:104 - 
    insert 
    into
        CourseMeeting
        (courseCode, day, period, location) 
    values
        (?, ?, ?, ?)
14:18:18,139 DEBUG BaseGeneralDataRegion:59 - Caching[foo.org.hibernate.cache.spi.UpdateTimestampsCache] : [CourseMeeting] -> [5579090977337344]
14:18:18,139 DEBUG SQL:104 - 
    insert 
    into
        CourseMeeting
        (courseCode, day, period, location) 
    values
        (?, ?, ?, ?)
14:18:18,140 DEBUG BaseGeneralDataRegion:59 - Caching[foo.org.hibernate.cache.spi.UpdateTimestampsCache] : [CourseMeeting] -> [5579090977341440]
14:18:18,140 DEBUG SQL:104 - 
    insert 
    into
        Student
        (name_first, name_middle, name_last, preferredCourseCode, studentId) 
    values
        (?, ?, ?, ?, ?)
14:18:18,141 DEBUG BaseGeneralDataRegion:59 - Caching[foo.org.hibernate.cache.spi.UpdateTimestampsCache] : [Student] -> [5579090977345536]
14:18:18,147 DEBUG SQL:104 - 
    insert 
    into
        Address
        (addressType, street, city, stateProvince, postalCode, country, studentNumber, id) 
    values
        (?, ?, ?, ?, ?, ?, ?, ?)
14:18:18,148 DEBUG BaseGeneralDataRegion:59 - Caching[foo.org.hibernate.cache.spi.UpdateTimestampsCache] : [Address] -> [5579090977374208]
14:18:18,148 DEBUG SQL:104 - 
    insert 
    into
        Address
        (addressType, street, city, stateProvince, postalCode, country, studentNumber, id) 
    values
        (?, ?, ?, ?, ?, ?, ?, ?)
14:18:18,149 DEBUG BaseGeneralDataRegion:59 - Caching[foo.org.hibernate.cache.spi.UpdateTimestampsCache] : [Address] -> [5579090977378304]
14:18:18,149 DEBUG SQL:104 - 
    insert 
    into
        Student
        (name_first, name_middle, name_last, preferredCourseCode, studentId) 
    values
        (?, ?, ?, ?, ?)
14:18:18,149 DEBUG BaseGeneralDataRegion:59 - Caching[foo.org.hibernate.cache.spi.UpdateTimestampsCache] : [Student] -> [5579090977378305]
14:18:18,150 DEBUG SQL:104 - 
    insert 
    into
        Enrolment
        (semester, "year", studentId, courseCode) 
    values
        (?, ?, ?, ?)
14:18:18,158 DEBUG BaseGeneralDataRegion:59 - Caching[foo.org.hibernate.cache.spi.UpdateTimestampsCache] : [Enrolment] -> [5579090977415168]
14:18:18,158 DEBUG SQL:104 - 
    insert 
    into
        Enrolment
        (semester, "year", studentId, courseCode) 
    values
        (?, ?, ?, ?)
14:18:18,159 DEBUG BaseGeneralDataRegion:59 - Caching[foo.org.hibernate.cache.spi.UpdateTimestampsCache] : [Enrolment] -> [5579090977419264]
14:18:18,159 DEBUG BaseGeneralDataRegion:59 - Caching[foo.org.hibernate.cache.spi.UpdateTimestampsCache] : [CourseMeeting] -> [5579090977419265]
14:18:18,159 DEBUG BaseGeneralDataRegion:59 - Caching[foo.org.hibernate.cache.spi.UpdateTimestampsCache] : [Enrolment] -> [5579090977419266]
14:18:18,159 DEBUG SQL:104 - 
    update
        Address 
    set
        studentNumber=?,
        addressType=? 
    where
        id=?
14:18:18,159 DEBUG SQL:104 - 
    update
        Address 
    set
        studentNumber=?,
        addressType=? 
    where
        id=?
14:18:18,159 DEBUG BaseGeneralDataRegion:59 - Caching[foo.org.hibernate.cache.spi.UpdateTimestampsCache] : [Address] -> [5579090977419267]
14:18:18,159 DEBUG SQL:104 - 
    insert 
    into
        Student_secretCodes
        (studentNumber, i, secretCode) 
    values
        (?, ?, ?)
14:18:18,169 DEBUG BaseGeneralDataRegion:59 - Caching[foo.org.hibernate.cache.spi.UpdateTimestampsCache] : [Student_secretCodes] -> [5579090977460224]
14:18:18,169 DEBUG BaseGeneralDataRegion:59 - Caching[foo.org.hibernate.cache.spi.UpdateTimestampsCache] : [Enrolment] -> [5579090977460225]
14:18:18,169 DEBUG BaseGeneralDataRegion:59 - Caching[foo.org.hibernate.cache.spi.UpdateTimestampsCache] : [Address] -> [5579090977460226]
14:18:18,169 DEBUG SQL:104 - 
    insert 
    into
        Student_secretCodes
        (studentNumber, i, secretCode) 
    values
        (?, ?, ?)
14:18:18,169 DEBUG SQL:104 - 
    insert 
    into
        Student_secretCodes
        (studentNumber, i, secretCode) 
    values
        (?, ?, ?)
14:18:18,170 DEBUG BaseGeneralDataRegion:59 - Caching[foo.org.hibernate.cache.spi.UpdateTimestampsCache] : [Student_secretCodes] -> [5579090977464320]
14:18:18,170 DEBUG BaseGeneralDataRegion:59 - Caching[foo.org.hibernate.cache.spi.UpdateTimestampsCache] : [Student] -> [5579090731704321]
14:18:18,170 DEBUG BaseGeneralDataRegion:59 - Caching[foo.org.hibernate.cache.spi.UpdateTimestampsCache] : [Course] -> [5579090731704321]
14:18:18,170 DEBUG BaseGeneralDataRegion:59 - Caching[foo.org.hibernate.cache.spi.UpdateTimestampsCache] : [Enrolment] -> [5579090731704321]
14:18:18,170 DEBUG BaseGeneralDataRegion:59 - Caching[foo.org.hibernate.cache.spi.UpdateTimestampsCache] : [Student_secretCodes] -> [5579090731704321]
14:18:18,170 DEBUG BaseGeneralDataRegion:59 - Caching[foo.org.hibernate.cache.spi.UpdateTimestampsCache] : [Address] -> [5579090731704321]
14:18:18,170 DEBUG BaseGeneralDataRegion:59 - Caching[foo.org.hibernate.cache.spi.UpdateTimestampsCache] : [CourseMeeting] -> [5579090731704321]
14:18:18,180 DEBUG SQL:104 - 
    select
        this_.studentId as y0_,
        this_.name_first as y1_,
        this_.name_middle as y2_,
        this_.name_last as y3_ 
    from
        Student this_ 
    order by
        this_.studentId asc
14:18:18,180 DEBUG BaseGeneralDataRegion:59 - Caching[foo.org.hibernate.cache.internal.StandardQueryCache] : [sql: select this_.studentId as y0_, this_.name_first as y1_, this_.name_middle as y2_, this_.name_last as y3_ from Student this_ order by this_.studentId asc; parameters: ; transformer: org.hibernate.transform.CacheableResultTransformer@1406bf] -> [[5579090731745280, [Ljava.io.Serializable;@606d11ff, [Ljava.io.Serializable;@18b8adce]]
14:18:18,181 DEBUG SQL:104 - 
    select
        this_.studentId as y0_,
        this_.name_first as y1_,
        this_.name_middle as y2_,
        this_.name_last as y3_ 
    from
        Student this_ 
    order by
        this_.studentId asc
14:18:18,181 DEBUG BaseGeneralDataRegion:59 - Caching[foo.org.hibernate.cache.internal.StandardQueryCache] : [sql: select this_.studentId as y0_, this_.name_first as y1_, this_.name_middle as y2_, this_.name_last as y3_ from Student this_ order by this_.studentId asc; parameters: ; transformer: org.hibernate.transform.CacheableResultTransformer@1406bf] -> [[5579090731749377, [Ljava.io.Serializable;@173f3148, [Ljava.io.Serializable;@35bc79e4]]
14:18:18,181 DEBUG SQL:104 - 
    select
        student_.studentId,
        student_.name_first as name2_4_,
        student_.name_middle as name3_4_,
        student_.name_last as name4_4_,
        student_.preferredCourseCode as preferre5_4_ 
    from
        Student student_ 
    where
        student_.studentId=?
14:18:18,191 DEBUG SQL:104 - 
    select
        enrolment_.studentId,
        enrolment_.courseCode,
        enrolment_.semester as semester3_,
        enrolment_."year" as year4_3_ 
    from
        Enrolment enrolment_ 
    where
        enrolment_.studentId=? 
        and enrolment_.courseCode=?
14:18:18,191 DEBUG SQL:104 - 
    select
        course_.courseCode,
        course_.description as descript2_1_ 
    from
        Course course_ 
    where
        course_.courseCode=?
14:18:18,192 DEBUG SQL:104 - 
    select
        student_.studentId,
        student_.name_first as name2_4_,
        student_.name_middle as name3_4_,
        student_.name_last as name4_4_,
        student_.preferredCourseCode as preferre5_4_ 
    from
        Student student_ 
    where
        student_.studentId=?
14:18:18,202 DEBUG SQL:104 - 
    select
        enrolment_.studentId,
        enrolment_.courseCode,
        enrolment_.semester as semester3_,
        enrolment_."year" as year4_3_ 
    from
        Enrolment enrolment_ 
    where
        enrolment_.studentId=? 
        and enrolment_.courseCode=?
14:18:18,202 DEBUG SQL:104 - 
    select
        coursemeet_.courseCode,
        coursemeet_.day,
        coursemeet_.period,
        coursemeet_.location 
    from
        CourseMeeting coursemeet_ 
    where
        coursemeet_.courseCode=? 
        and coursemeet_.day=? 
        and coursemeet_.period=? 
        and coursemeet_.location=?
14:18:18,202 DEBUG SQL:104 - 
    select
        coursemeet_.courseCode,
        coursemeet_.day,
        coursemeet_.period,
        coursemeet_.location 
    from
        CourseMeeting coursemeet_ 
    where
        coursemeet_.courseCode=? 
        and coursemeet_.day=? 
        and coursemeet_.period=? 
        and coursemeet_.location=?
14:18:18,212 DEBUG BaseGeneralDataRegion:59 - Caching[foo.org.hibernate.cache.spi.UpdateTimestampsCache] : [Enrolment] -> [5579090977636352]
14:18:18,213 DEBUG SQL:104 - 
    update
        Address 
    set
        studentNumber=null,
        addressType=null 
    where
        studentNumber=?
14:18:18,213 DEBUG BaseGeneralDataRegion:59 - Caching[foo.org.hibernate.cache.spi.UpdateTimestampsCache] : [Address] -> [5579090977640448]
14:18:18,213 DEBUG SQL:104 - 
    delete 
    from
        Student_secretCodes 
    where
        studentNumber=?
14:18:18,213 DEBUG BaseGeneralDataRegion:59 - Caching[foo.org.hibernate.cache.spi.UpdateTimestampsCache] : [Student_secretCodes] -> [5579090977640449]
14:18:18,213 DEBUG BaseGeneralDataRegion:59 - Caching[foo.org.hibernate.cache.spi.UpdateTimestampsCache] : [Enrolment] -> [5579090977640450]
14:18:18,213 DEBUG BaseGeneralDataRegion:59 - Caching[foo.org.hibernate.cache.spi.UpdateTimestampsCache] : [Address] -> [5579090977640451]
14:18:18,213 DEBUG SQL:104 - 
    delete 
    from
        Student_secretCodes 
    where
        studentNumber=?
14:18:18,214 DEBUG BaseGeneralDataRegion:59 - Caching[foo.org.hibernate.cache.spi.UpdateTimestampsCache] : [Student_secretCodes] -> [5579090977644544]
14:18:18,214 DEBUG BaseGeneralDataRegion:59 - Caching[foo.org.hibernate.cache.spi.UpdateTimestampsCache] : [CourseMeeting] -> [5579090977644545]
14:18:18,214 DEBUG SQL:104 - 
    delete 
    from
        Enrolment 
    where
        studentId=? 
        and courseCode=?
14:18:18,214 DEBUG BaseGeneralDataRegion:59 - Caching[foo.org.hibernate.cache.spi.UpdateTimestampsCache] : [Enrolment] -> [5579090977644546]
14:18:18,214 DEBUG SQL:104 - 
    delete 
    from
        Address 
    where
        id=?
14:18:18,214 DEBUG BaseGeneralDataRegion:59 - Caching[foo.org.hibernate.cache.spi.UpdateTimestampsCache] : [Address] -> [5579090977644547]
14:18:18,214 DEBUG SQL:104 - 
    delete 
    from
        Address 
    where
        id=?
14:18:18,215 DEBUG BaseGeneralDataRegion:59 - Caching[foo.org.hibernate.cache.spi.UpdateTimestampsCache] : [Address] -> [5579090977648640]
14:18:18,225 DEBUG SQL:104 - 
    delete 
    from
        Student 
    where
        studentId=?
14:18:18,226 DEBUG BaseGeneralDataRegion:59 - Caching[foo.org.hibernate.cache.spi.UpdateTimestampsCache] : [Student] -> [5579090977693696]
14:18:18,226 DEBUG SQL:104 - 
    delete 
    from
        Enrolment 
    where
        studentId=? 
        and courseCode=?
14:18:18,226 DEBUG BaseGeneralDataRegion:59 - Caching[foo.org.hibernate.cache.spi.UpdateTimestampsCache] : [Enrolment] -> [5579090977693697]
14:18:18,226 DEBUG SQL:104 - 
    delete 
    from
        Student 
    where
        studentId=?
14:18:18,227 DEBUG BaseGeneralDataRegion:59 - Caching[foo.org.hibernate.cache.spi.UpdateTimestampsCache] : [Student] -> [5579090977697792]
14:18:18,228 DEBUG SQL:104 - 
    delete 
    from
        CourseMeeting 
    where
        courseCode=? 
        and day=? 
        and period=? 
        and location=?
14:18:18,237 DEBUG BaseGeneralDataRegion:59 - Caching[foo.org.hibernate.cache.spi.UpdateTimestampsCache] : [CourseMeeting] -> [5579090977738752]
14:18:18,238 DEBUG SQL:104 - 
    delete 
    from
        CourseMeeting 
    where
        courseCode=? 
        and day=? 
        and period=? 
        and location=?
14:18:18,238 DEBUG BaseGeneralDataRegion:59 - Caching[foo.org.hibernate.cache.spi.UpdateTimestampsCache] : [CourseMeeting] -> [5579090977742848]
14:18:18,238 DEBUG SQL:104 - 
    delete 
    from
        Course 
    where
        courseCode=?
14:18:18,239 DEBUG BaseGeneralDataRegion:59 - Caching[foo.org.hibernate.cache.spi.UpdateTimestampsCache] : [Course] -> [5579090977746944]
14:18:18,239 DEBUG BaseGeneralDataRegion:59 - Caching[foo.org.hibernate.cache.spi.UpdateTimestampsCache] : [Student] -> [5579090731986945]
14:18:18,239 DEBUG BaseGeneralDataRegion:59 - Caching[foo.org.hibernate.cache.spi.UpdateTimestampsCache] : [Course] -> [5579090731986945]
14:18:18,239 DEBUG BaseGeneralDataRegion:59 - Caching[foo.org.hibernate.cache.spi.UpdateTimestampsCache] : [Enrolment] -> [5579090731986945]
14:18:18,240 DEBUG BaseGeneralDataRegion:59 - Caching[foo.org.hibernate.cache.spi.UpdateTimestampsCache] : [Student_secretCodes] -> [5579090731986945]
14:18:18,240 DEBUG BaseGeneralDataRegion:59 - Caching[foo.org.hibernate.cache.spi.UpdateTimestampsCache] : [Address] -> [5579090731986945]
14:18:18,240 DEBUG BaseGeneralDataRegion:59 - Caching[foo.org.hibernate.cache.spi.UpdateTimestampsCache] : [CourseMeeting] -> [5579090731986945]
14:18:18,240  INFO CustomRunner:139 - Test: testMultiSelectNewMapUsingAliasesWithFetchJoinList
14:18:18,241 DEBUG SQL:104 - 
    select
        coursemeet_.courseCode,
        coursemeet_.day,
        coursemeet_.period,
        coursemeet_.location 
    from
        CourseMeeting coursemeet_ 
    where
        coursemeet_.courseCode=? 
        and coursemeet_.day=? 
        and coursemeet_.period=? 
        and coursemeet_.location=?
14:18:18,242 DEBUG SQL:104 - 
    select
        coursemeet_.courseCode,
        coursemeet_.day,
        coursemeet_.period,
        coursemeet_.location 
    from
        CourseMeeting coursemeet_ 
    where
        coursemeet_.courseCode=? 
        and coursemeet_.day=? 
        and coursemeet_.period=? 
        and coursemeet_.location=?
14:18:18,274 DEBUG SQL:104 - 
    insert 
    into
        Course
        (description, courseCode) 
    values
        (?, ?)
14:18:18,275 DEBUG BaseGeneralDataRegion:59 - Caching[foo.org.hibernate.cache.spi.UpdateTimestampsCache] : [Course] -> [5579090977894400]
14:18:18,275 DEBUG SQL:104 - 
    insert 
    into
        CourseMeeting
        (courseCode, day, period, location) 
    values
        (?, ?, ?, ?)
14:18:18,275 DEBUG BaseGeneralDataRegion:59 - Caching[foo.org.hibernate.cache.spi.UpdateTimestampsCache] : [CourseMeeting] -> [5579090977894401]
14:18:18,275 DEBUG SQL:104 - 
    insert 
    into
        CourseMeeting
        (courseCode, day, period, location) 
    values
        (?, ?, ?, ?)
14:18:18,275 DEBUG BaseGeneralDataRegion:59 - Caching[foo.org.hibernate.cache.spi.UpdateTimestampsCache] : [CourseMeeting] -> [5579090977894402]
14:18:18,275 DEBUG SQL:104 - 
    insert 
    into
        Student
        (name_first, name_middle, name_last, preferredCourseCode, studentId) 
    values
        (?, ?, ?, ?, ?)
14:18:18,276 DEBUG BaseGeneralDataRegion:59 - Caching[foo.org.hibernate.cache.spi.UpdateTimestampsCache] : [Student] -> [5579090977898496]
14:18:18,276 DEBUG SQL:104 - 
    insert 
    into
        Address
        (addressType, street, city, stateProvince, postalCode, country, studentNumber, id) 
    values
        (?, ?, ?, ?, ?, ?, ?, ?)
14:18:18,276 DEBUG BaseGeneralDataRegion:59 - Caching[foo.org.hibernate.cache.spi.UpdateTimestampsCache] : [Address] -> [5579090977898497]
14:18:18,276 DEBUG SQL:104 - 
    insert 
    into
        Address
        (addressType, street, city, stateProvince, postalCode, country, studentNumber, id) 
    values
        (?, ?, ?, ?, ?, ?, ?, ?)
14:18:18,276 DEBUG BaseGeneralDataRegion:59 - Caching[foo.org.hibernate.cache.spi.UpdateTimestampsCache] : [Address] -> [5579090977898498]
14:18:18,276 DEBUG SQL:104 - 
    insert 
    into
        Student
        (name_first, name_middle, name_last, preferredCourseCode, studentId) 
    values
        (?, ?, ?, ?, ?)
14:18:18,276 DEBUG BaseGeneralDataRegion:59 - Caching[foo.org.hibernate.cache.spi.UpdateTimestampsCache] : [Student] -> [5579090977898499]
14:18:18,277 DEBUG SQL:104 - 
    insert 
    into
        Enrolment
        (semester, "year", studentId, courseCode) 
    values
        (?, ?, ?, ?)
14:18:18,277 DEBUG BaseGeneralDataRegion:59 - Caching[foo.org.hibernate.cache.spi.UpdateTimestampsCache] : [Enrolment] -> [5579090977902592]
14:18:18,277 DEBUG SQL:104 - 
    insert 
    into
        Enrolment
        (semester, "year", studentId, courseCode) 
    values
        (?, ?, ?, ?)
14:18:18,277 DEBUG BaseGeneralDataRegion:59 - Caching[foo.org.hibernate.cache.spi.UpdateTimestampsCache] : [Enrolment] -> [5579090977902593]
14:18:18,277 DEBUG BaseGeneralDataRegion:59 - Caching[foo.org.hibernate.cache.spi.UpdateTimestampsCache] : [CourseMeeting] -> [5579090977902594]
14:18:18,277 DEBUG BaseGeneralDataRegion:59 - Caching[foo.org.hibernate.cache.spi.UpdateTimestampsCache] : [Enrolment] -> [5579090977902595]
14:18:18,277 DEBUG SQL:104 - 
    update
        Address 
    set
        studentNumber=?,
        addressType=? 
    where
        id=?
14:18:18,277 DEBUG SQL:104 - 
    update
        Address 
    set
        studentNumber=?,
        addressType=? 
    where
        id=?
14:18:18,278 DEBUG BaseGeneralDataRegion:59 - Caching[foo.org.hibernate.cache.spi.UpdateTimestampsCache] : [Address] -> [5579090977906688]
14:18:18,278 DEBUG SQL:104 - 
    insert 
    into
        Student_secretCodes
        (studentNumber, i, secretCode) 
    values
        (?, ?, ?)
14:18:18,322 DEBUG BaseGeneralDataRegion:59 - Caching[foo.org.hibernate.cache.spi.UpdateTimestampsCache] : [Student_secretCodes] -> [5579090978086912]
14:18:18,322 DEBUG BaseGeneralDataRegion:59 - Caching[foo.org.hibernate.cache.spi.UpdateTimestampsCache] : [Enrolment] -> [5579090978086913]
14:18:18,322 DEBUG BaseGeneralDataRegion:59 - Caching[foo.org.hibernate.cache.spi.UpdateTimestampsCache] : [Address] -> [5579090978086914]
14:18:18,322 DEBUG SQL:104 - 
    insert 
    into
        Student_secretCodes
        (studentNumber, i, secretCode) 
    values
        (?, ?, ?)
14:18:18,323 DEBUG SQL:104 - 
    insert 
    into
        Student_secretCodes
        (studentNumber, i, secretCode) 
    values
        (?, ?, ?)
14:18:18,323 DEBUG BaseGeneralDataRegion:59 - Caching[foo.org.hibernate.cache.spi.UpdateTimestampsCache] : [Student_secretCodes] -> [5579090978091008]
14:18:18,323 DEBUG BaseGeneralDataRegion:59 - Caching[foo.org.hibernate.cache.spi.UpdateTimestampsCache] : [Student] -> [5579090732331009]
14:18:18,323 DEBUG BaseGeneralDataRegion:59 - Caching[foo.org.hibernate.cache.spi.UpdateTimestampsCache] : [Course] -> [5579090732331009]
14:18:18,323 DEBUG BaseGeneralDataRegion:59 - Caching[foo.org.hibernate.cache.spi.UpdateTimestampsCache] : [Enrolment] -> [5579090732331009]
14:18:18,323 DEBUG BaseGeneralDataRegion:59 - Caching[foo.org.hibernate.cache.spi.UpdateTimestampsCache] : [Student_secretCodes] -> [5579090732331009]
14:18:18,323 DEBUG BaseGeneralDataRegion:59 - Caching[foo.org.hibernate.cache.spi.UpdateTimestampsCache] : [Address] -> [5579090732331009]
14:18:18,323 DEBUG BaseGeneralDataRegion:59 - Caching[foo.org.hibernate.cache.spi.UpdateTimestampsCache] : [CourseMeeting] -> [5579090732331009]
14:18:18,324 DEBUG SQL:104 - 
    select
        this_.studentId as studentId4_2_,
        this_.name_first as name2_4_2_,
        this_.name_middle as name3_4_2_,
        this_.name_last as name4_4_2_,
        this_.preferredCourseCode as preferre5_4_2_,
        enrolments3_.studentId as studentId4_4_,
        enrolments3_.studentId as studentId3_4_,
        enrolments3_.courseCode as courseCode3_4_,
        enrolments3_.studentId as studentId3_0_,
        enrolments3_.courseCode as courseCode3_0_,
        enrolments3_.semester as semester3_0_,
        enrolments3_."year" as year4_3_0_,
        pc1_.courseCode as courseCode1_1_,
        pc1_.description as descript2_1_1_ 
    from
        Student this_ 
    left outer join
        Enrolment enrolments3_ 
            on this_.studentId=enrolments3_.studentId 
    left outer join
        Course pc1_ 
            on this_.preferredCourseCode=pc1_.courseCode 
    order by
        this_.studentId asc
14:18:18,334 DEBUG SQL:104 - 
    select
        secretcode0_.studentNumber as studentN1_4_0_,
        secretcode0_.secretCode as secretCode5_0_,
        secretcode0_.i as i0_ 
    from
        Student_secretCodes secretcode0_ 
    where
        secretcode0_.studentNumber=?
14:18:18,334 DEBUG SQL:104 - 
    select
        secretcode0_.studentNumber as studentN1_4_0_,
        secretcode0_.secretCode as secretCode5_0_,
        secretcode0_.i as i0_ 
    from
        Student_secretCodes secretcode0_ 
    where
        secretcode0_.studentNumber=?
14:18:18,335 DEBUG SQL:104 - 
    select
        coursemeet0_.courseCode as courseCode1_1_,
        coursemeet0_.courseCode as courseCode2_1_,
        coursemeet0_.day as day2_1_,
        coursemeet0_.period as period2_1_,
        coursemeet0_.location as location2_1_,
        coursemeet0_.courseCode as courseCode2_0_,
        coursemeet0_.day as day2_0_,
        coursemeet0_.period as period2_0_,
        coursemeet0_.location as location2_0_ 
    from
        CourseMeeting coursemeet0_ 
    where
        coursemeet0_.courseCode=?
14:18:18,335 DEBUG BaseGeneralDataRegion:59 - Caching[foo.org.hibernate.cache.internal.StandardQueryCache] : [sql: select this_.studentId as studentId4_2_, this_.name_first as name2_4_2_, this_.name_middle as name3_4_2_, this_.name_last as name4_4_2_, this_.preferredCourseCode as preferre5_4_2_, enrolments3_.studentId as studentId4_4_, enrolments3_.studentId as studentId3_4_, enrolments3_.courseCode as courseCode3_4_, enrolments3_.studentId as studentId3_0_, enrolments3_.courseCode as courseCode3_0_, enrolments3_.semester as semester3_0_, enrolments3_."year" as year4_3_0_, pc1_.courseCode as courseCode1_1_, pc1_.description as descript2_1_1_ from Student this_ left outer join Enrolment enrolments3_ on this_.studentId=enrolments3_.studentId left outer join Course pc1_ on this_.preferredCourseCode=pc1_.courseCode order by this_.studentId asc; parameters: ; transformer: org.hibernate.transform.CacheableResultTransformer@253f8ec] -> [[5579090732380160, [Ljava.io.Serializable;@59d06f28, [Ljava.io.Serializable;@331d929]]
14:18:18,336 DEBUG SQL:104 - 
    select
        this_.studentId as studentId4_2_,
        this_.name_first as name2_4_2_,
        this_.name_middle as name3_4_2_,
        this_.name_last as name4_4_2_,
        this_.preferredCourseCode as preferre5_4_2_,
        enrolments3_.studentId as studentId4_4_,
        enrolments3_.studentId as studentId3_4_,
        enrolments3_.courseCode as courseCode3_4_,
        enrolments3_.studentId as studentId3_0_,
        enrolments3_.courseCode as courseCode3_0_,
        enrolments3_.semester as semester3_0_,
        enrolments3_."year" as year4_3_0_,
        pc1_.courseCode as courseCode1_1_,
        pc1_.description as descript2_1_1_ 
    from
        Student this_ 
    left outer join
        Enrolment enrolments3_ 
            on this_.studentId=enrolments3_.studentId 
    left outer join
        Course pc1_ 
            on this_.preferredCourseCode=pc1_.courseCode 
    order by
        this_.studentId asc
14:18:18,348 DEBUG SQL:104 - 
    select
        secretcode0_.studentNumber as studentN1_4_0_,
        secretcode0_.secretCode as secretCode5_0_,
        secretcode0_.i as i0_ 
    from
        Student_secretCodes secretcode0_ 
    where
        secretcode0_.studentNumber=?
14:18:18,358 DEBUG SQL:104 - 
    select
        secretcode0_.studentNumber as studentN1_4_0_,
        secretcode0_.secretCode as secretCode5_0_,
        secretcode0_.i as i0_ 
    from
        Student_secretCodes secretcode0_ 
    where
        secretcode0_.studentNumber=?
14:18:18,358 DEBUG SQL:104 - 
    select
        coursemeet0_.courseCode as courseCode1_1_,
        coursemeet0_.courseCode as courseCode2_1_,
        coursemeet0_.day as day2_1_,
        coursemeet0_.period as period2_1_,
        coursemeet0_.location as location2_1_,
        coursemeet0_.courseCode as courseCode2_0_,
        coursemeet0_.day as day2_0_,
        coursemeet0_.period as period2_0_,
        coursemeet0_.location as location2_0_ 
    from
        CourseMeeting coursemeet0_ 
    where
        coursemeet0_.courseCode=?
14:18:18,359 DEBUG BaseGeneralDataRegion:59 - Caching[foo.org.hibernate.cache.internal.StandardQueryCache] : [sql: select this_.studentId as studentId4_2_, this_.name_first as name2_4_2_, this_.name_middle as name3_4_2_, this_.name_last as name4_4_2_, this_.preferredCourseCode as preferre5_4_2_, enrolments3_.studentId as studentId4_4_, enrolments3_.studentId as studentId3_4_, enrolments3_.courseCode as courseCode3_4_, enrolments3_.studentId as studentId3_0_, enrolments3_.courseCode as courseCode3_0_, enrolments3_.semester as semester3_0_, enrolments3_."year" as year4_3_0_, pc1_.courseCode as courseCode1_1_, pc1_.description as descript2_1_1_ from Student this_ left outer join Enrolment enrolments3_ on this_.studentId=enrolments3_.studentId left outer join Course pc1_ on this_.preferredCourseCode=pc1_.courseCode order by this_.studentId asc; parameters: ; transformer: org.hibernate.transform.CacheableResultTransformer@253f8ec] -> [[5579090732474368, [Ljava.io.Serializable;@5828006d, [Ljava.io.Serializable;@2a342152]]
14:18:18,359 DEBUG SQL:104 - 
    select
        student_.studentId,
        student_.name_first as name2_4_,
        student_.name_middle as name3_4_,
        student_.name_last as name4_4_,
        student_.preferredCourseCode as preferre5_4_ 
    from
        Student student_ 
    where
        student_.studentId=?
14:18:18,360 DEBUG SQL:104 - 
    select
        enrolment_.studentId,
        enrolment_.courseCode,
        enrolment_.semester as semester3_,
        enrolment_."year" as year4_3_ 
    from
        Enrolment enrolment_ 
    where
        enrolment_.studentId=? 
        and enrolment_.courseCode=?
14:18:18,379 DEBUG SQL:104 - 
    select
        course_.courseCode,
        course_.description as descript2_1_ 
    from
        Course course_ 
    where
        course_.courseCode=?
14:18:18,380 DEBUG SQL:104 - 
    select
        student_.studentId,
        student_.name_first as name2_4_,
        student_.name_middle as name3_4_,
        student_.name_last as name4_4_,
        student_.preferredCourseCode as preferre5_4_ 
    from
        Student student_ 
    where
        student_.studentId=?
14:18:18,380 DEBUG SQL:104 - 
    select
        enrolment_.studentId,
        enrolment_.courseCode,
        enrolment_.semester as semester3_,
        enrolment_."year" as year4_3_ 
    from
        Enrolment enrolment_ 
    where
        enrolment_.studentId=? 
        and enrolment_.courseCode=?
14:18:18,388 DEBUG SQL:104 - 
    select
        coursemeet_.courseCode,
        coursemeet_.day,
        coursemeet_.period,
        coursemeet_.location 
    from
        CourseMeeting coursemeet_ 
    where
        coursemeet_.courseCode=? 
        and coursemeet_.day=? 
        and coursemeet_.period=? 
        and coursemeet_.location=?
14:18:18,389 DEBUG SQL:104 - 
    select
        coursemeet_.courseCode,
        coursemeet_.day,
        coursemeet_.period,
        coursemeet_.location 
    from
        CourseMeeting coursemeet_ 
    where
        coursemeet_.courseCode=? 
        and coursemeet_.day=? 
        and coursemeet_.period=? 
        and coursemeet_.location=?
14:18:18,400 DEBUG BaseGeneralDataRegion:59 - Caching[foo.org.hibernate.cache.spi.UpdateTimestampsCache] : [Enrolment] -> [5579090978406400]
14:18:18,400 DEBUG SQL:104 - 
    update
        Address 
    set
        studentNumber=null,
        addressType=null 
    where
        studentNumber=?
14:18:18,401 DEBUG BaseGeneralDataRegion:59 - Caching[foo.org.hibernate.cache.spi.UpdateTimestampsCache] : [Address] -> [5579090978410496]
14:18:18,401 DEBUG SQL:104 - 
    delete 
    from
        Student_secretCodes 
    where
        studentNumber=?
14:18:18,401 DEBUG BaseGeneralDataRegion:59 - Caching[foo.org.hibernate.cache.spi.UpdateTimestampsCache] : [Student_secretCodes] -> [5579090978410497]
14:18:18,401 DEBUG BaseGeneralDataRegion:59 - Caching[foo.org.hibernate.cache.spi.UpdateTimestampsCache] : [Enrolment] -> [5579090978410498]
14:18:18,401 DEBUG BaseGeneralDataRegion:59 - Caching[foo.org.hibernate.cache.spi.UpdateTimestampsCache] : [Address] -> [5579090978410499]
14:18:18,401 DEBUG SQL:104 - 
    delete 
    from
        Student_secretCodes 
    where
        studentNumber=?
14:18:18,401 DEBUG BaseGeneralDataRegion:59 - Caching[foo.org.hibernate.cache.spi.UpdateTimestampsCache] : [Student_secretCodes] -> [5579090978410500]
14:18:18,402 DEBUG BaseGeneralDataRegion:59 - Caching[foo.org.hibernate.cache.spi.UpdateTimestampsCache] : [CourseMeeting] -> [5579090978410501]
14:18:18,402 DEBUG SQL:104 - 
    delete 
    from
        Enrolment 
    where
        studentId=? 
        and courseCode=?
14:18:18,409 DEBUG BaseGeneralDataRegion:59 - Caching[foo.org.hibernate.cache.spi.UpdateTimestampsCache] : [Enrolment] -> [5579090978443264]
14:18:18,410 DEBUG SQL:104 - 
    delete 
    from
        Address 
    where
        id=?
14:18:18,410 DEBUG BaseGeneralDataRegion:59 - Caching[foo.org.hibernate.cache.spi.UpdateTimestampsCache] : [Address] -> [5579090978447360]
14:18:18,410 DEBUG SQL:104 - 
    delete 
    from
        Address 
    where
        id=?
14:18:18,410 DEBUG BaseGeneralDataRegion:59 - Caching[foo.org.hibernate.cache.spi.UpdateTimestampsCache] : [Address] -> [5579090978447361]
14:18:18,410 DEBUG SQL:104 - 
    delete 
    from
        Student 
    where
        studentId=?
14:18:18,410 DEBUG BaseGeneralDataRegion:59 - Caching[foo.org.hibernate.cache.spi.UpdateTimestampsCache] : [Student] -> [5579090978447362]
14:18:18,411 DEBUG SQL:104 - 
    delete 
    from
        Enrolment 
    where
        studentId=? 
        and courseCode=?
14:18:18,420 DEBUG BaseGeneralDataRegion:59 - Caching[foo.org.hibernate.cache.spi.UpdateTimestampsCache] : [Enrolment] -> [5579090978488320]
14:18:18,420 DEBUG SQL:104 - 
    delete 
    from
        Student 
    where
        studentId=?
14:18:18,420 DEBUG BaseGeneralDataRegion:59 - Caching[foo.org.hibernate.cache.spi.UpdateTimestampsCache] : [Student] -> [5579090978488321]
14:18:18,420 DEBUG SQL:104 - 
    delete 
    from
        CourseMeeting 
    where
        courseCode=? 
        and day=? 
        and period=? 
        and location=?
14:18:18,421 DEBUG BaseGeneralDataRegion:59 - Caching[foo.org.hibernate.cache.spi.UpdateTimestampsCache] : [CourseMeeting] -> [5579090978492416]
14:18:18,421 DEBUG SQL:104 - 
    delete 
    from
        CourseMeeting 
    where
        courseCode=? 
        and day=? 
        and period=? 
        and location=?
14:18:18,430 DEBUG BaseGeneralDataRegion:59 - Caching[foo.org.hibernate.cache.spi.UpdateTimestampsCache] : [CourseMeeting] -> [5579090978529280]
14:18:18,430 DEBUG SQL:104 - 
    delete 
    from
        Course 
    where
        courseCode=?
14:18:18,431 DEBUG BaseGeneralDataRegion:59 - Caching[foo.org.hibernate.cache.spi.UpdateTimestampsCache] : [Course] -> [5579090978529281]
14:18:18,431 DEBUG BaseGeneralDataRegion:59 - Caching[foo.org.hibernate.cache.spi.UpdateTimestampsCache] : [Student] -> [5579090732773376]
14:18:18,431 DEBUG BaseGeneralDataRegion:59 - Caching[foo.org.hibernate.cache.spi.UpdateTimestampsCache] : [Course] -> [5579090732773376]
14:18:18,431 DEBUG BaseGeneralDataRegion:59 - Caching[foo.org.hibernate.cache.spi.UpdateTimestampsCache] : [Enrolment] -> [5579090732773376]
14:18:18,431 DEBUG BaseGeneralDataRegion:59 - Caching[foo.org.hibernate.cache.spi.UpdateTimestampsCache] : [Student_secretCodes] -> [5579090732773376]
14:18:18,431 DEBUG BaseGeneralDataRegion:59 - Caching[foo.org.hibernate.cache.spi.UpdateTimestampsCache] : [Address] -> [5579090732773376]
14:18:18,431 DEBUG BaseGeneralDataRegion:59 - Caching[foo.org.hibernate.cache.spi.UpdateTimestampsCache] : [CourseMeeting] -> [5579090732773376]
14:18:18,432  INFO CustomRunner:139 - Test: testMultiSelectNewWithLiteralList
14:18:18,433 DEBUG SQL:104 - 
    select
        coursemeet_.courseCode,
        coursemeet_.day,
        coursemeet_.period,
        coursemeet_.location 
    from
        CourseMeeting coursemeet_ 
    where
        coursemeet_.courseCode=? 
        and coursemeet_.day=? 
        and coursemeet_.period=? 
        and coursemeet_.location=?
14:18:18,441 DEBUG SQL:104 - 
    select
        coursemeet_.courseCode,
        coursemeet_.day,
        coursemeet_.period,
        coursemeet_.location 
    from
        CourseMeeting coursemeet_ 
    where
        coursemeet_.courseCode=? 
        and coursemeet_.day=? 
        and coursemeet_.period=? 
        and coursemeet_.location=?
14:18:18,442 DEBUG SQL:104 - 
    insert 
    into
        Course
        (description, courseCode) 
    values
        (?, ?)
14:18:18,443 DEBUG BaseGeneralDataRegion:59 - Caching[foo.org.hibernate.cache.spi.UpdateTimestampsCache] : [Course] -> [5579090978582528]
14:18:18,443 DEBUG SQL:104 - 
    insert 
    into
        CourseMeeting
        (courseCode, day, period, location) 
    values
        (?, ?, ?, ?)
14:18:18,452 DEBUG BaseGeneralDataRegion:59 - Caching[foo.org.hibernate.cache.spi.UpdateTimestampsCache] : [CourseMeeting] -> [5579090978619392]
14:18:18,453 DEBUG SQL:104 - 
    insert 
    into
        CourseMeeting
        (courseCode, day, period, location) 
    values
        (?, ?, ?, ?)
14:18:18,453 DEBUG BaseGeneralDataRegion:59 - Caching[foo.org.hibernate.cache.spi.UpdateTimestampsCache] : [CourseMeeting] -> [5579090978623488]
14:18:18,453 DEBUG SQL:104 - 
    insert 
    into
        Student
        (name_first, name_middle, name_last, preferredCourseCode, studentId) 
    values
        (?, ?, ?, ?, ?)
14:18:18,453 DEBUG BaseGeneralDataRegion:59 - Caching[foo.org.hibernate.cache.spi.UpdateTimestampsCache] : [Student] -> [5579090978623489]
14:18:18,453 DEBUG SQL:104 - 
    insert 
    into
        Address
        (addressType, street, city, stateProvince, postalCode, country, studentNumber, id) 
    values
        (?, ?, ?, ?, ?, ?, ?, ?)
14:18:18,453 DEBUG BaseGeneralDataRegion:59 - Caching[foo.org.hibernate.cache.spi.UpdateTimestampsCache] : [Address] -> [5579090978623490]
14:18:18,454 DEBUG SQL:104 - 
    insert 
    into
        Address
        (addressType, street, city, stateProvince, postalCode, country, studentNumber, id) 
    values
        (?, ?, ?, ?, ?, ?, ?, ?)
14:18:18,463 DEBUG BaseGeneralDataRegion:59 - Caching[foo.org.hibernate.cache.spi.UpdateTimestampsCache] : [Address] -> [5579090978664448]
14:18:18,463 DEBUG SQL:104 - 
    insert 
    into
        Student
        (name_first, name_middle, name_last, preferredCourseCode, studentId) 
    values
        (?, ?, ?, ?, ?)
14:18:18,464 DEBUG BaseGeneralDataRegion:59 - Caching[foo.org.hibernate.cache.spi.UpdateTimestampsCache] : [Student] -> [5579090978668544]
14:18:18,464 DEBUG SQL:104 - 
    insert 
    into
        Enrolment
        (semester, "year", studentId, courseCode) 
    values
        (?, ?, ?, ?)
14:18:18,464 DEBUG BaseGeneralDataRegion:59 - Caching[foo.org.hibernate.cache.spi.UpdateTimestampsCache] : [Enrolment] -> [5579090978668545]
14:18:18,464 DEBUG SQL:104 - 
    insert 
    into
        Enrolment
        (semester, "year", studentId, courseCode) 
    values
        (?, ?, ?, ?)
14:18:18,464 DEBUG BaseGeneralDataRegion:59 - Caching[foo.org.hibernate.cache.spi.UpdateTimestampsCache] : [Enrolment] -> [5579090978668546]
14:18:18,464 DEBUG BaseGeneralDataRegion:59 - Caching[foo.org.hibernate.cache.spi.UpdateTimestampsCache] : [CourseMeeting] -> [5579090978668547]
14:18:18,464 DEBUG BaseGeneralDataRegion:59 - Caching[foo.org.hibernate.cache.spi.UpdateTimestampsCache] : [Enrolment] -> [5579090978668548]
14:18:18,465 DEBUG SQL:104 - 
    update
        Address 
    set
        studentNumber=?,
        addressType=? 
    where
        id=?
14:18:18,465 DEBUG SQL:104 - 
    update
        Address 
    set
        studentNumber=?,
        addressType=? 
    where
        id=?
14:18:18,465 DEBUG BaseGeneralDataRegion:59 - Caching[foo.org.hibernate.cache.spi.UpdateTimestampsCache] : [Address] -> [5579090978672640]
14:18:18,465 DEBUG SQL:104 - 
    insert 
    into
        Student_secretCodes
        (studentNumber, i, secretCode) 
    values
        (?, ?, ?)
14:18:18,465 DEBUG BaseGeneralDataRegion:59 - Caching[foo.org.hibernate.cache.spi.UpdateTimestampsCache] : [Student_secretCodes] -> [5579090978672641]
14:18:18,465 DEBUG BaseGeneralDataRegion:59 - Caching[foo.org.hibernate.cache.spi.UpdateTimestampsCache] : [Enrolment] -> [5579090978672642]
14:18:18,465 DEBUG BaseGeneralDataRegion:59 - Caching[foo.org.hibernate.cache.spi.UpdateTimestampsCache] : [Address] -> [5579090978672643]
14:18:18,465 DEBUG SQL:104 - 
    insert 
    into
        Student_secretCodes
        (studentNumber, i, secretCode) 
    values
        (?, ?, ?)
14:18:18,476 DEBUG SQL:104 - 
    insert 
    into
        Student_secretCodes
        (studentNumber, i, secretCode) 
    values
        (?, ?, ?)
14:18:18,476 DEBUG BaseGeneralDataRegion:59 - Caching[foo.org.hibernate.cache.spi.UpdateTimestampsCache] : [Student_secretCodes] -> [5579090978717696]
14:18:18,476 DEBUG BaseGeneralDataRegion:59 - Caching[foo.org.hibernate.cache.spi.UpdateTimestampsCache] : [Student] -> [5579090732957697]
14:18:18,476 DEBUG BaseGeneralDataRegion:59 - Caching[foo.org.hibernate.cache.spi.UpdateTimestampsCache] : [Course] -> [5579090732957697]
14:18:18,476 DEBUG BaseGeneralDataRegion:59 - Caching[foo.org.hibernate.cache.spi.UpdateTimestampsCache] : [Enrolment] -> [5579090732957697]
14:18:18,476 DEBUG BaseGeneralDataRegion:59 - Caching[foo.org.hibernate.cache.spi.UpdateTimestampsCache] : [Student_secretCodes] -> [5579090732957697]
14:18:18,477 DEBUG BaseGeneralDataRegion:59 - Caching[foo.org.hibernate.cache.spi.UpdateTimestampsCache] : [Address] -> [5579090732957697]
14:18:18,477 DEBUG BaseGeneralDataRegion:59 - Caching[foo.org.hibernate.cache.spi.UpdateTimestampsCache] : [CourseMeeting] -> [5579090732957697]
14:18:18,477 DEBUG SQL:104 - 
    select
        555 as studentNumber,
        this_.name_first as y1_,
        this_.name_middle as y2_,
        this_.name_last as y3_ 
    from
        Student this_ 
    order by
        this_.studentId asc
14:18:18,478 DEBUG BaseGeneralDataRegion:59 - Caching[foo.org.hibernate.cache.internal.StandardQueryCache] : [sql: select 555 as studentNumber, this_.name_first as y1_, this_.name_middle as y2_, this_.name_last as y3_ from Student this_ order by this_.studentId asc; parameters: ; transformer: org.hibernate.transform.CacheableResultTransformer@1406bf] -> [[5579090732965888, [Ljava.io.Serializable;@3d51c3b2, [Ljava.io.Serializable;@4306fa91]]
14:18:18,478 DEBUG SQL:104 - 
    select
        555 as studentNumber,
        this_.name_first as y1_,
        this_.name_middle as y2_,
        this_.name_last as y3_ 
    from
        Student this_ 
    order by
        this_.studentId asc
14:18:18,486 DEBUG BaseGeneralDataRegion:59 - Caching[foo.org.hibernate.cache.internal.StandardQueryCache] : [sql: select 555 as studentNumber, this_.name_first as y1_, this_.name_middle as y2_, this_.name_last as y3_ from Student this_ order by this_.studentId asc; parameters: ; transformer: org.hibernate.transform.CacheableResultTransformer@1406bf] -> [[5579090732998656, [Ljava.io.Serializable;@2075980e, [Ljava.io.Serializable;@851cfc8]]
14:18:18,486 DEBUG SQL:104 - 
    select
        student_.studentId,
        student_.name_first as name2_4_,
        student_.name_middle as name3_4_,
        student_.name_last as name4_4_,
        student_.preferredCourseCode as preferre5_4_ 
    from
        Student student_ 
    where
        student_.studentId=?
14:18:18,487 DEBUG SQL:104 - 
    select
        enrolment_.studentId,
        enrolment_.courseCode,
        enrolment_.semester as semester3_,
        enrolment_."year" as year4_3_ 
    from
        Enrolment enrolment_ 
    where
        enrolment_.studentId=? 
        and enrolment_.courseCode=?
14:18:18,487 DEBUG SQL:104 - 
    select
        course_.courseCode,
        course_.description as descript2_1_ 
    from
        Course course_ 
    where
        course_.courseCode=?
14:18:18,487 DEBUG SQL:104 - 
    select
        student_.studentId,
        student_.name_first as name2_4_,
        student_.name_middle as name3_4_,
        student_.name_last as name4_4_,
        student_.preferredCourseCode as preferre5_4_ 
    from
        Student student_ 
    where
        student_.studentId=?
14:18:18,508 DEBUG SQL:104 - 
    select
        enrolment_.studentId,
        enrolment_.courseCode,
        enrolment_.semester as semester3_,
        enrolment_."year" as year4_3_ 
    from
        Enrolment enrolment_ 
    where
        enrolment_.studentId=? 
        and enrolment_.courseCode=?
14:18:18,509 DEBUG SQL:104 - 
    select
        coursemeet_.courseCode,
        coursemeet_.day,
        coursemeet_.period,
        coursemeet_.location 
    from
        CourseMeeting coursemeet_ 
    where
        coursemeet_.courseCode=? 
        and coursemeet_.day=? 
        and coursemeet_.period=? 
        and coursemeet_.location=?
14:18:18,509 DEBUG SQL:104 - 
    select
        coursemeet_.courseCode,
        coursemeet_.day,
        coursemeet_.period,
        coursemeet_.location 
    from
        CourseMeeting coursemeet_ 
    where
        coursemeet_.courseCode=? 
        and coursemeet_.day=? 
        and coursemeet_.period=? 
        and coursemeet_.location=?
14:18:18,520 DEBUG BaseGeneralDataRegion:59 - Caching[foo.org.hibernate.cache.spi.UpdateTimestampsCache] : [Enrolment] -> [5579090978893824]
14:18:18,520 DEBUG SQL:104 - 
    update
        Address 
    set
        studentNumber=null,
        addressType=null 
    where
        studentNumber=?
14:18:18,520 DEBUG BaseGeneralDataRegion:59 - Caching[foo.org.hibernate.cache.spi.UpdateTimestampsCache] : [Address] -> [5579090978897920]
14:18:18,520 DEBUG SQL:104 - 
    delete 
    from
        Student_secretCodes 
    where
        studentNumber=?
14:18:18,520 DEBUG BaseGeneralDataRegion:59 - Caching[foo.org.hibernate.cache.spi.UpdateTimestampsCache] : [Student_secretCodes] -> [5579090978897921]
14:18:18,520 DEBUG BaseGeneralDataRegion:59 - Caching[foo.org.hibernate.cache.spi.UpdateTimestampsCache] : [Enrolment] -> [5579090978897922]
14:18:18,529 DEBUG BaseGeneralDataRegion:59 - Caching[foo.org.hibernate.cache.spi.UpdateTimestampsCache] : [Address] -> [5579090978934784]
14:18:18,529 DEBUG SQL:104 - 
    delete 
    from
        Student_secretCodes 
    where
        studentNumber=?
14:18:18,529 DEBUG BaseGeneralDataRegion:59 - Caching[foo.org.hibernate.cache.spi.UpdateTimestampsCache] : [Student_secretCodes] -> [5579090978934785]
14:18:18,529 DEBUG BaseGeneralDataRegion:59 - Caching[foo.org.hibernate.cache.spi.UpdateTimestampsCache] : [CourseMeeting] -> [5579090978934786]
14:18:18,529 DEBUG SQL:104 - 
    delete 
    from
        Enrolment 
    where
        studentId=? 
        and courseCode=?
14:18:18,530 DEBUG BaseGeneralDataRegion:59 - Caching[foo.org.hibernate.cache.spi.UpdateTimestampsCache] : [Enrolment] -> [5579090978938880]
14:18:18,530 DEBUG SQL:104 - 
    delete 
    from
        Address 
    where
        id=?
14:18:18,530 DEBUG BaseGeneralDataRegion:59 - Caching[foo.org.hibernate.cache.spi.UpdateTimestampsCache] : [Address] -> [5579090978938881]
14:18:18,530 DEBUG SQL:104 - 
    delete 
    from
        Address 
    where
        id=?
14:18:18,539 DEBUG BaseGeneralDataRegion:59 - Caching[foo.org.hibernate.cache.spi.UpdateTimestampsCache] : [Address] -> [5579090978975744]
14:18:18,539 DEBUG SQL:104 - 
    delete 
    from
        Student 
    where
        studentId=?
14:18:18,539 DEBUG BaseGeneralDataRegion:59 - Caching[foo.org.hibernate.cache.spi.UpdateTimestampsCache] : [Student] -> [5579090978975745]
14:18:18,539 DEBUG SQL:104 - 
    delete 
    from
        Enrolment 
    where
        studentId=? 
        and courseCode=?
14:18:18,540 DEBUG BaseGeneralDataRegion:59 - Caching[foo.org.hibernate.cache.spi.UpdateTimestampsCache] : [Enrolment] -> [5579090978979840]
14:18:18,540 DEBUG SQL:104 - 
    delete 
    from
        Student 
    where
        studentId=?
14:18:18,540 DEBUG BaseGeneralDataRegion:59 - Caching[foo.org.hibernate.cache.spi.UpdateTimestampsCache] : [Student] -> [5579090978979841]
14:18:18,540 DEBUG SQL:104 - 
    delete 
    from
        CourseMeeting 
    where
        courseCode=? 
        and day=? 
        and period=? 
        and location=?
14:18:18,549 DEBUG BaseGeneralDataRegion:59 - Caching[foo.org.hibernate.cache.spi.UpdateTimestampsCache] : [CourseMeeting] -> [5579090979016704]
14:18:18,550 DEBUG SQL:104 - 
    delete 
    from
        CourseMeeting 
    where
        courseCode=? 
        and day=? 
        and period=? 
        and location=?
14:18:18,550 DEBUG BaseGeneralDataRegion:59 - Caching[foo.org.hibernate.cache.spi.UpdateTimestampsCache] : [CourseMeeting] -> [5579090979020800]
14:18:18,550 DEBUG SQL:104 - 
    delete 
    from
        Course 
    where
        courseCode=?
14:18:18,550 DEBUG BaseGeneralDataRegion:59 - Caching[foo.org.hibernate.cache.spi.UpdateTimestampsCache] : [Course] -> [5579090979020801]
14:18:18,550 DEBUG BaseGeneralDataRegion:59 - Caching[foo.org.hibernate.cache.spi.UpdateTimestampsCache] : [Student] -> [5579090733260802]
14:18:18,550 DEBUG BaseGeneralDataRegion:59 - Caching[foo.org.hibernate.cache.spi.UpdateTimestampsCache] : [Course] -> [5579090733260802]
14:18:18,550 DEBUG BaseGeneralDataRegion:59 - Caching[foo.org.hibernate.cache.spi.UpdateTimestampsCache] : [Enrolment] -> [5579090733260802]
14:18:18,550 DEBUG BaseGeneralDataRegion:59 - Caching[foo.org.hibernate.cache.spi.UpdateTimestampsCache] : [Student_secretCodes] -> [5579090733260802]
14:18:18,550 DEBUG BaseGeneralDataRegion:59 - Caching[foo.org.hibernate.cache.spi.UpdateTimestampsCache] : [Address] -> [5579090733260802]
14:18:18,551 DEBUG BaseGeneralDataRegion:59 - Caching[foo.org.hibernate.cache.spi.UpdateTimestampsCache] : [CourseMeeting] -> [5579090733260802]
14:18:18,551  INFO CustomRunner:139 - Test: testMultiSelectUsingImplicitJoinWithFetchJoinListHql
14:18:18,560 DEBUG SQL:104 - 
    select
        coursemeet_.courseCode,
        coursemeet_.day,
        coursemeet_.period,
        coursemeet_.location 
    from
        CourseMeeting coursemeet_ 
    where
        coursemeet_.courseCode=? 
        and coursemeet_.day=? 
        and coursemeet_.period=? 
        and coursemeet_.location=?
14:18:18,560 DEBUG SQL:104 - 
    select
        coursemeet_.courseCode,
        coursemeet_.day,
        coursemeet_.period,
        coursemeet_.location 
    from
        CourseMeeting coursemeet_ 
    where
        coursemeet_.courseCode=? 
        and coursemeet_.day=? 
        and coursemeet_.period=? 
        and coursemeet_.location=?
14:18:18,561 DEBUG SQL:104 - 
    insert 
    into
        Course
        (description, courseCode) 
    values
        (?, ?)
14:18:18,570 DEBUG BaseGeneralDataRegion:59 - Caching[foo.org.hibernate.cache.spi.UpdateTimestampsCache] : [Course] -> [5579090979102720]
14:18:18,570 DEBUG SQL:104 - 
    insert 
    into
        CourseMeeting
        (courseCode, day, period, location) 
    values
        (?, ?, ?, ?)
14:18:18,571 DEBUG BaseGeneralDataRegion:59 - Caching[foo.org.hibernate.cache.spi.UpdateTimestampsCache] : [CourseMeeting] -> [5579090979106816]
14:18:18,571 DEBUG SQL:104 - 
    insert 
    into
        CourseMeeting
        (courseCode, day, period, location) 
    values
        (?, ?, ?, ?)
14:18:18,571 DEBUG BaseGeneralDataRegion:59 - Caching[foo.org.hibernate.cache.spi.UpdateTimestampsCache] : [CourseMeeting] -> [5579090979106817]
14:18:18,571 DEBUG SQL:104 - 
    insert 
    into
        Student
        (name_first, name_middle, name_last, preferredCourseCode, studentId) 
    values
        (?, ?, ?, ?, ?)
14:18:18,571 DEBUG BaseGeneralDataRegion:59 - Caching[foo.org.hibernate.cache.spi.UpdateTimestampsCache] : [Student] -> [5579090979106818]
14:18:18,572 DEBUG SQL:104 - 
    insert 
    into
        Address
        (addressType, street, city, stateProvince, postalCode, country, studentNumber, id) 
    values
        (?, ?, ?, ?, ?, ?, ?, ?)
14:18:18,580 DEBUG BaseGeneralDataRegion:59 - Caching[foo.org.hibernate.cache.spi.UpdateTimestampsCache] : [Address] -> [5579090979143680]
14:18:18,580 DEBUG SQL:104 - 
    insert 
    into
        Address
        (addressType, street, city, stateProvince, postalCode, country, studentNumber, id) 
    values
        (?, ?, ?, ?, ?, ?, ?, ?)
14:18:18,580 DEBUG BaseGeneralDataRegion:59 - Caching[foo.org.hibernate.cache.spi.UpdateTimestampsCache] : [Address] -> [5579090979143681]
14:18:18,580 DEBUG SQL:104 - 
    insert 
    into
        Student
        (name_first, name_middle, name_last, preferredCourseCode, studentId) 
    values
        (?, ?, ?, ?, ?)
14:18:18,581 DEBUG BaseGeneralDataRegion:59 - Caching[foo.org.hibernate.cache.spi.UpdateTimestampsCache] : [Student] -> [5579090979147776]
14:18:18,581 DEBUG SQL:104 - 
    insert 
    into
        Enrolment
        (semester, "year", studentId, courseCode) 
    values
        (?, ?, ?, ?)
14:18:18,581 DEBUG BaseGeneralDataRegion:59 - Caching[foo.org.hibernate.cache.spi.UpdateTimestampsCache] : [Enrolment] -> [5579090979147777]
14:18:18,581 DEBUG SQL:104 - 
    insert 
    into
        Enrolment
        (semester, "year", studentId, courseCode) 
    values
        (?, ?, ?, ?)
14:18:18,590 DEBUG BaseGeneralDataRegion:59 - Caching[foo.org.hibernate.cache.spi.UpdateTimestampsCache] : [Enrolment] -> [5579090979184640]
14:18:18,591 DEBUG BaseGeneralDataRegion:59 - Caching[foo.org.hibernate.cache.spi.UpdateTimestampsCache] : [CourseMeeting] -> [5579090979188736]
14:18:18,591 DEBUG BaseGeneralDataRegion:59 - Caching[foo.org.hibernate.cache.spi.UpdateTimestampsCache] : [Enrolment] -> [5579090979188737]
14:18:18,591 DEBUG SQL:104 - 
    update
        Address 
    set
        studentNumber=?,
        addressType=? 
    where
        id=?
14:18:18,591 DEBUG SQL:104 - 
    update
        Address 
    set
        studentNumber=?,
        addressType=? 
    where
        id=?
14:18:18,591 DEBUG BaseGeneralDataRegion:59 - Caching[foo.org.hibernate.cache.spi.UpdateTimestampsCache] : [Address] -> [5579090979188738]
14:18:18,591 DEBUG SQL:104 - 
    insert 
    into
        Student_secretCodes
        (studentNumber, i, secretCode) 
    values
        (?, ?, ?)
14:18:18,591 DEBUG BaseGeneralDataRegion:59 - Caching[foo.org.hibernate.cache.spi.UpdateTimestampsCache] : [Student_secretCodes] -> [5579090979188739]
14:18:18,592 DEBUG BaseGeneralDataRegion:59 - Caching[foo.org.hibernate.cache.spi.UpdateTimestampsCache] : [Enrolment] -> [5579090979192832]
14:18:18,592 DEBUG BaseGeneralDataRegion:59 - Caching[foo.org.hibernate.cache.spi.UpdateTimestampsCache] : [Address] -> [5579090979192833]
14:18:18,592 DEBUG SQL:104 - 
    insert 
    into
        Student_secretCodes
        (studentNumber, i, secretCode) 
    values
        (?, ?, ?)
14:18:18,592 DEBUG SQL:104 - 
    insert 
    into
        Student_secretCodes
        (studentNumber, i, secretCode) 
    values
        (?, ?, ?)
14:18:18,592 DEBUG BaseGeneralDataRegion:59 - Caching[foo.org.hibernate.cache.spi.UpdateTimestampsCache] : [Student_secretCodes] -> [5579090979192834]
14:18:18,592 DEBUG BaseGeneralDataRegion:59 - Caching[foo.org.hibernate.cache.spi.UpdateTimestampsCache] : [Student] -> [5579090733432835]
14:18:18,592 DEBUG BaseGeneralDataRegion:59 - Caching[foo.org.hibernate.cache.spi.UpdateTimestampsCache] : [Course] -> [5579090733432835]
14:18:18,592 DEBUG BaseGeneralDataRegion:59 - Caching[foo.org.hibernate.cache.spi.UpdateTimestampsCache] : [Enrolment] -> [5579090733432835]
14:18:18,592 DEBUG BaseGeneralDataRegion:59 - Caching[foo.org.hibernate.cache.spi.UpdateTimestampsCache] : [Student_secretCodes] -> [5579090733432835]
14:18:18,593 DEBUG BaseGeneralDataRegion:59 - Caching[foo.org.hibernate.cache.spi.UpdateTimestampsCache] : [Address] -> [5579090733432835]
14:18:18,593 DEBUG BaseGeneralDataRegion:59 - Caching[foo.org.hibernate.cache.spi.UpdateTimestampsCache] : [CourseMeeting] -> [5579090733432835]
14:18:18,593 DEBUG SQL:104 - 
    select
        student_.studentId,
        student_.name_first as name2_4_,
        student_.name_middle as name3_4_,
        student_.name_last as name4_4_,
        student_.preferredCourseCode as preferre5_4_ 
    from
        Student student_ 
    where
        student_.studentId=?
14:18:18,602 DEBUG SQL:104 - 
    select
        enrolment_.studentId,
        enrolment_.courseCode,
        enrolment_.semester as semester3_,
        enrolment_."year" as year4_3_ 
    from
        Enrolment enrolment_ 
    where
        enrolment_.studentId=? 
        and enrolment_.courseCode=?
14:18:18,602 DEBUG SQL:104 - 
    select
        course_.courseCode,
        course_.description as descript2_1_ 
    from
        Course course_ 
    where
        course_.courseCode=?
14:18:18,603 DEBUG SQL:104 - 
    select
        student_.studentId,
        student_.name_first as name2_4_,
        student_.name_middle as name3_4_,
        student_.name_last as name4_4_,
        student_.preferredCourseCode as preferre5_4_ 
    from
        Student student_ 
    where
        student_.studentId=?
14:18:18,613 DEBUG SQL:104 - 
    select
        enrolment_.studentId,
        enrolment_.courseCode,
        enrolment_.semester as semester3_,
        enrolment_."year" as year4_3_ 
    from
        Enrolment enrolment_ 
    where
        enrolment_.studentId=? 
        and enrolment_.courseCode=?
14:18:18,613 DEBUG SQL:104 - 
    select
        coursemeet_.courseCode,
        coursemeet_.day,
        coursemeet_.period,
        coursemeet_.location 
    from
        CourseMeeting coursemeet_ 
    where
        coursemeet_.courseCode=? 
        and coursemeet_.day=? 
        and coursemeet_.period=? 
        and coursemeet_.location=?
14:18:18,613 DEBUG SQL:104 - 
    select
        coursemeet_.courseCode,
        coursemeet_.day,
        coursemeet_.period,
        coursemeet_.location 
    from
        CourseMeeting coursemeet_ 
    where
        coursemeet_.courseCode=? 
        and coursemeet_.day=? 
        and coursemeet_.period=? 
        and coursemeet_.location=?
14:18:18,636 DEBUG BaseGeneralDataRegion:59 - Caching[foo.org.hibernate.cache.spi.UpdateTimestampsCache] : [Enrolment] -> [5579090979373056]
14:18:18,636 DEBUG SQL:104 - 
    update
        Address 
    set
        studentNumber=null,
        addressType=null 
    where
        studentNumber=?
14:18:18,637 DEBUG BaseGeneralDataRegion:59 - Caching[foo.org.hibernate.cache.spi.UpdateTimestampsCache] : [Address] -> [5579090979377152]
14:18:18,637 DEBUG SQL:104 - 
    delete 
    from
        Student_secretCodes 
    where
        studentNumber=?
14:18:18,637 DEBUG BaseGeneralDataRegion:59 - Caching[foo.org.hibernate.cache.spi.UpdateTimestampsCache] : [Student_secretCodes] -> [5579090979377153]
14:18:18,637 DEBUG BaseGeneralDataRegion:59 - Caching[foo.org.hibernate.cache.spi.UpdateTimestampsCache] : [Enrolment] -> [5579090979377154]
14:18:18,637 DEBUG BaseGeneralDataRegion:59 - Caching[foo.org.hibernate.cache.spi.UpdateTimestampsCache] : [Address] -> [5579090979377155]
14:18:18,637 DEBUG SQL:104 - 
    delete 
    from
        Student_secretCodes 
    where
        studentNumber=?
14:18:18,637 DEBUG BaseGeneralDataRegion:59 - Caching[foo.org.hibernate.cache.spi.UpdateTimestampsCache] : [Student_secretCodes] -> [5579090979377156]
14:18:18,637 DEBUG BaseGeneralDataRegion:59 - Caching[foo.org.hibernate.cache.spi.UpdateTimestampsCache] : [CourseMeeting] -> [5579090979377157]
14:18:18,637 DEBUG SQL:104 - 
    delete 
    from
        Enrolment 
    where
        studentId=? 
        and courseCode=?
14:18:18,646 DEBUG BaseGeneralDataRegion:59 - Caching[foo.org.hibernate.cache.spi.UpdateTimestampsCache] : [Enrolment] -> [5579090979414016]
14:18:18,646 DEBUG SQL:104 - 
    delete 
    from
        Address 
    where
        id=?
14:18:18,646 DEBUG BaseGeneralDataRegion:59 - Caching[foo.org.hibernate.cache.spi.UpdateTimestampsCache] : [Address] -> [5579090979414017]
14:18:18,646 DEBUG SQL:104 - 
    delete 
    from
        Address 
    where
        id=?
14:18:18,646 DEBUG BaseGeneralDataRegion:59 - Caching[foo.org.hibernate.cache.spi.UpdateTimestampsCache] : [Address] -> [5579090979414018]
14:18:18,646 DEBUG SQL:104 - 
    delete 
    from
        Student 
    where
        studentId=?
14:18:18,647 DEBUG BaseGeneralDataRegion:59 - Caching[foo.org.hibernate.cache.spi.UpdateTimestampsCache] : [Student] -> [5579090979418112]
14:18:18,647 DEBUG SQL:104 - 
    delete 
    from
        Enrolment 
    where
        studentId=? 
        and courseCode=?
14:18:18,656 DEBUG BaseGeneralDataRegion:59 - Caching[foo.org.hibernate.cache.spi.UpdateTimestampsCache] : [Enrolment] -> [5579090979454976]
14:18:18,656 DEBUG SQL:104 - 
    delete 
    from
        Student 
    where
        studentId=?
14:18:18,656 DEBUG BaseGeneralDataRegion:59 - Caching[foo.org.hibernate.cache.spi.UpdateTimestampsCache] : [Student] -> [5579090979454977]
14:18:18,656 DEBUG SQL:104 - 
    delete 
    from
        CourseMeeting 
    where
        courseCode=? 
        and day=? 
        and period=? 
        and location=?
14:18:18,657 DEBUG BaseGeneralDataRegion:59 - Caching[foo.org.hibernate.cache.spi.UpdateTimestampsCache] : [CourseMeeting] -> [5579090979459072]
14:18:18,657 DEBUG SQL:104 - 
    delete 
    from
        CourseMeeting 
    where
        courseCode=? 
        and day=? 
        and period=? 
        and location=?
14:18:18,666 DEBUG BaseGeneralDataRegion:59 - Caching[foo.org.hibernate.cache.spi.UpdateTimestampsCache] : [CourseMeeting] -> [5579090979495936]
14:18:18,666 DEBUG SQL:104 - 
    delete 
    from
        Course 
    where
        courseCode=?
14:18:18,666 DEBUG BaseGeneralDataRegion:59 - Caching[foo.org.hibernate.cache.spi.UpdateTimestampsCache] : [Course] -> [5579090979495937]
14:18:18,667 DEBUG BaseGeneralDataRegion:59 - Caching[foo.org.hibernate.cache.spi.UpdateTimestampsCache] : [Student] -> [5579090733740032]
14:18:18,667 DEBUG BaseGeneralDataRegion:59 - Caching[foo.org.hibernate.cache.spi.UpdateTimestampsCache] : [Course] -> [5579090733740032]
14:18:18,667 DEBUG BaseGeneralDataRegion:59 - Caching[foo.org.hibernate.cache.spi.UpdateTimestampsCache] : [Enrolment] -> [5579090733740032]
14:18:18,667 DEBUG BaseGeneralDataRegion:59 - Caching[foo.org.hibernate.cache.spi.UpdateTimestampsCache] : [Student_secretCodes] -> [5579090733740032]
14:18:18,667 DEBUG BaseGeneralDataRegion:59 - Caching[foo.org.hibernate.cache.spi.UpdateTimestampsCache] : [Address] -> [5579090733740032]
14:18:18,667 DEBUG BaseGeneralDataRegion:59 - Caching[foo.org.hibernate.cache.spi.UpdateTimestampsCache] : [CourseMeeting] -> [5579090733740032]
14:18:18,667  INFO CustomRunner:139 - Test: testOneEntityProjectionList
14:18:18,668 DEBUG SQL:104 - 
    select
        coursemeet_.courseCode,
        coursemeet_.day,
        coursemeet_.period,
        coursemeet_.location 
    from
        CourseMeeting coursemeet_ 
    where
        coursemeet_.courseCode=? 
        and coursemeet_.day=? 
        and coursemeet_.period=? 
        and coursemeet_.location=?
14:18:18,676 DEBUG SQL:104 - 
    select
        coursemeet_.courseCode,
        coursemeet_.day,
        coursemeet_.period,
        coursemeet_.location 
    from
        CourseMeeting coursemeet_ 
    where
        coursemeet_.courseCode=? 
        and coursemeet_.day=? 
        and coursemeet_.period=? 
        and coursemeet_.location=?
14:18:18,677 DEBUG SQL:104 - 
    insert 
    into
        Course
        (description, courseCode) 
    values
        (?, ?)
14:18:18,677 DEBUG BaseGeneralDataRegion:59 - Caching[foo.org.hibernate.cache.spi.UpdateTimestampsCache] : [Course] -> [5579090979540992]
14:18:18,677 DEBUG SQL:104 - 
    insert 
    into
        CourseMeeting
        (courseCode, day, period, location) 
    values
        (?, ?, ?, ?)
14:18:18,686 DEBUG BaseGeneralDataRegion:59 - Caching[foo.org.hibernate.cache.spi.UpdateTimestampsCache] : [CourseMeeting] -> [5579090979577856]
14:18:18,686 DEBUG SQL:104 - 
    insert 
    into
        CourseMeeting
        (courseCode, day, period, location) 
    values
        (?, ?, ?, ?)
14:18:18,686 DEBUG BaseGeneralDataRegion:59 - Caching[foo.org.hibernate.cache.spi.UpdateTimestampsCache] : [CourseMeeting] -> [5579090979577857]
14:18:18,686 DEBUG SQL:104 - 
    insert 
    into
        Student
        (name_first, name_middle, name_last, preferredCourseCode, studentId) 
    values
        (?, ?, ?, ?, ?)
14:18:18,687 DEBUG BaseGeneralDataRegion:59 - Caching[foo.org.hibernate.cache.spi.UpdateTimestampsCache] : [Student] -> [5579090979581952]
14:18:18,687 DEBUG SQL:104 - 
    insert 
    into
        Address
        (addressType, street, city, stateProvince, postalCode, country, studentNumber, id) 
    values
        (?, ?, ?, ?, ?, ?, ?, ?)
14:18:18,687 DEBUG BaseGeneralDataRegion:59 - Caching[foo.org.hibernate.cache.spi.UpdateTimestampsCache] : [Address] -> [5579090979581953]
14:18:18,687 DEBUG SQL:104 - 
    insert 
    into
        Address
        (addressType, street, city, stateProvince, postalCode, country, studentNumber, id) 
    values
        (?, ?, ?, ?, ?, ?, ?, ?)
14:18:18,696 DEBUG BaseGeneralDataRegion:59 - Caching[foo.org.hibernate.cache.spi.UpdateTimestampsCache] : [Address] -> [5579090979618816]
14:18:18,696 DEBUG SQL:104 - 
    insert 
    into
        Student
        (name_first, name_middle, name_last, preferredCourseCode, studentId) 
    values
        (?, ?, ?, ?, ?)
14:18:18,697 DEBUG BaseGeneralDataRegion:59 - Caching[foo.org.hibernate.cache.spi.UpdateTimestampsCache] : [Student] -> [5579090979622912]
14:18:18,698 DEBUG SQL:104 - 
    insert 
    into
        Enrolment
        (semester, "year", studentId, courseCode) 
    values
        (?, ?, ?, ?)
14:18:18,698 DEBUG BaseGeneralDataRegion:59 - Caching[foo.org.hibernate.cache.spi.UpdateTimestampsCache] : [Enrolment] -> [5579090979627008]
14:18:18,698 DEBUG SQL:104 - 
    insert 
    into
        Enrolment
        (semester, "year", studentId, courseCode) 
    values
        (?, ?, ?, ?)
14:18:18,698 DEBUG BaseGeneralDataRegion:59 - Caching[foo.org.hibernate.cache.spi.UpdateTimestampsCache] : [Enrolment] -> [5579090979627009]
14:18:18,698 DEBUG BaseGeneralDataRegion:59 - Caching[foo.org.hibernate.cache.spi.UpdateTimestampsCache] : [CourseMeeting] -> [5579090979627010]
14:18:18,698 DEBUG BaseGeneralDataRegion:59 - Caching[foo.org.hibernate.cache.spi.UpdateTimestampsCache] : [Enrolment] -> [5579090979627011]
14:18:18,699 DEBUG SQL:104 - 
    update
        Address 
    set
        studentNumber=?,
        addressType=? 
    where
        id=?
14:18:18,699 DEBUG SQL:104 - 
    update
        Address 
    set
        studentNumber=?,
        addressType=? 
    where
        id=?
14:18:18,699 DEBUG BaseGeneralDataRegion:59 - Caching[foo.org.hibernate.cache.spi.UpdateTimestampsCache] : [Address] -> [5579090979631104]
14:18:18,699 DEBUG SQL:104 - 
    insert 
    into
        Student_secretCodes
        (studentNumber, i, secretCode) 
    values
        (?, ?, ?)
14:18:18,699 DEBUG BaseGeneralDataRegion:59 - Caching[foo.org.hibernate.cache.spi.UpdateTimestampsCache] : [Student_secretCodes] -> [5579090979631105]
14:18:18,699 DEBUG BaseGeneralDataRegion:59 - Caching[foo.org.hibernate.cache.spi.UpdateTimestampsCache] : [Enrolment] -> [5579090979631106]
14:18:18,699 DEBUG BaseGeneralDataRegion:59 - Caching[foo.org.hibernate.cache.spi.UpdateTimestampsCache] : [Address] -> [5579090979631107]
14:18:18,699 DEBUG SQL:104 - 
    insert 
    into
        Student_secretCodes
        (studentNumber, i, secretCode) 
    values
        (?, ?, ?)
14:18:18,700 DEBUG SQL:104 - 
    insert 
    into
        Student_secretCodes
        (studentNumber, i, secretCode) 
    values
        (?, ?, ?)
14:18:18,700 DEBUG BaseGeneralDataRegion:59 - Caching[foo.org.hibernate.cache.spi.UpdateTimestampsCache] : [Student_secretCodes] -> [5579090979635200]
14:18:18,700 DEBUG BaseGeneralDataRegion:59 - Caching[foo.org.hibernate.cache.spi.UpdateTimestampsCache] : [Student] -> [5579090733875201]
14:18:18,700 DEBUG BaseGeneralDataRegion:59 - Caching[foo.org.hibernate.cache.spi.UpdateTimestampsCache] : [Course] -> [5579090733875201]
14:18:18,719 DEBUG BaseGeneralDataRegion:59 - Caching[foo.org.hibernate.cache.spi.UpdateTimestampsCache] : [Enrolment] -> [5579090733875201]
14:18:18,719 DEBUG BaseGeneralDataRegion:59 - Caching[foo.org.hibernate.cache.spi.UpdateTimestampsCache] : [Student_secretCodes] -> [5579090733875201]
14:18:18,719 DEBUG BaseGeneralDataRegion:59 - Caching[foo.org.hibernate.cache.spi.UpdateTimestampsCache] : [Address] -> [5579090733875201]
14:18:18,719 DEBUG BaseGeneralDataRegion:59 - Caching[foo.org.hibernate.cache.spi.UpdateTimestampsCache] : [CourseMeeting] -> [5579090733875201]
14:18:18,720 DEBUG SQL:104 - 
    select
        this_.studentId as y0_ 
    from
        Enrolment this_ 
    order by
        this_.studentId asc
14:18:18,720 DEBUG BaseGeneralDataRegion:59 - Caching[foo.org.hibernate.cache.internal.StandardQueryCache] : [sql: select this_.studentId as y0_ from Enrolment this_ order by this_.studentId asc; parameters: ; transformer: org.hibernate.transform.CacheableResultTransformer@110f2] -> [[5579090733957120, 111, 999]]
14:18:18,720 DEBUG SQL:104 - 
    select
        this_.studentId as y0_ 
    from
        Enrolment this_ 
    order by
        this_.studentId asc
14:18:18,721 DEBUG BaseGeneralDataRegion:59 - Caching[foo.org.hibernate.cache.internal.StandardQueryCache] : [sql: select this_.studentId as y0_ from Enrolment this_ order by this_.studentId asc; parameters: ; transformer: org.hibernate.transform.CacheableResultTransformer@110f2] -> [[5579090733961216, 111, 999]]
14:18:18,721 DEBUG SQL:104 - 
    select
        student_.studentId,
        student_.name_first as name2_4_,
        student_.name_middle as name3_4_,
        student_.name_last as name4_4_,
        student_.preferredCourseCode as preferre5_4_ 
    from
        Student student_ 
    where
        student_.studentId=?
14:18:18,721 DEBUG SQL:104 - 
    select
        enrolment_.studentId,
        enrolment_.courseCode,
        enrolment_.semester as semester3_,
        enrolment_."year" as year4_3_ 
    from
        Enrolment enrolment_ 
    where
        enrolment_.studentId=? 
        and enrolment_.courseCode=?
14:18:18,722 DEBUG SQL:104 - 
    select
        course_.courseCode,
        course_.description as descript2_1_ 
    from
        Course course_ 
    where
        course_.courseCode=?
14:18:18,722 DEBUG SQL:104 - 
    select
        student_.studentId,
        student_.name_first as name2_4_,
        student_.name_middle as name3_4_,
        student_.name_last as name4_4_,
        student_.preferredCourseCode as preferre5_4_ 
    from
        Student student_ 
    where
        student_.studentId=?
14:18:18,731 DEBUG SQL:104 - 
    select
        enrolment_.studentId,
        enrolment_.courseCode,
        enrolment_.semester as semester3_,
        enrolment_."year" as year4_3_ 
    from
        Enrolment enrolment_ 
    where
        enrolment_.studentId=? 
        and enrolment_.courseCode=?
14:18:18,731 DEBUG SQL:104 - 
    select
        coursemeet_.courseCode,
        coursemeet_.day,
        coursemeet_.period,
        coursemeet_.location 
    from
        CourseMeeting coursemeet_ 
    where
        coursemeet_.courseCode=? 
        and coursemeet_.day=? 
        and coursemeet_.period=? 
        and coursemeet_.location=?
14:18:18,732 DEBUG SQL:104 - 
    select
        coursemeet_.courseCode,
        coursemeet_.day,
        coursemeet_.period,
        coursemeet_.location 
    from
        CourseMeeting coursemeet_ 
    where
        coursemeet_.courseCode=? 
        and coursemeet_.day=? 
        and coursemeet_.period=? 
        and coursemeet_.location=?
14:18:18,741 DEBUG BaseGeneralDataRegion:59 - Caching[foo.org.hibernate.cache.spi.UpdateTimestampsCache] : [Enrolment] -> [5579090979803136]
14:18:18,742 DEBUG SQL:104 - 
    update
        Address 
    set
        studentNumber=null,
        addressType=null 
    where
        studentNumber=?
14:18:18,742 DEBUG BaseGeneralDataRegion:59 - Caching[foo.org.hibernate.cache.spi.UpdateTimestampsCache] : [Address] -> [5579090979807232]
14:18:18,742 DEBUG SQL:104 - 
    delete 
    from
        Student_secretCodes 
    where
        studentNumber=?
14:18:18,742 DEBUG BaseGeneralDataRegion:59 - Caching[foo.org.hibernate.cache.spi.UpdateTimestampsCache] : [Student_secretCodes] -> [5579090979807233]
14:18:18,742 DEBUG BaseGeneralDataRegion:59 - Caching[foo.org.hibernate.cache.spi.UpdateTimestampsCache] : [Enrolment] -> [5579090979807234]
14:18:18,742 DEBUG BaseGeneralDataRegion:59 - Caching[foo.org.hibernate.cache.spi.UpdateTimestampsCache] : [Address] -> [5579090979807235]
14:18:18,742 DEBUG SQL:104 - 
    delete 
    from
        Student_secretCodes 
    where
        studentNumber=?
14:18:18,743 DEBUG BaseGeneralDataRegion:59 - Caching[foo.org.hibernate.cache.spi.UpdateTimestampsCache] : [Student_secretCodes] -> [5579090979811328]
14:18:18,743 DEBUG BaseGeneralDataRegion:59 - Caching[foo.org.hibernate.cache.spi.UpdateTimestampsCache] : [CourseMeeting] -> [5579090979811329]
14:18:18,743 DEBUG SQL:104 - 
    delete 
    from
        Enrolment 
    where
        studentId=? 
        and courseCode=?
14:18:18,743 DEBUG BaseGeneralDataRegion:59 - Caching[foo.org.hibernate.cache.spi.UpdateTimestampsCache] : [Enrolment] -> [5579090979811330]
14:18:18,743 DEBUG SQL:104 - 
    delete 
    from
        Address 
    where
        id=?
14:18:18,764 DEBUG BaseGeneralDataRegion:59 - Caching[foo.org.hibernate.cache.spi.UpdateTimestampsCache] : [Address] -> [5579090979897344]
14:18:18,764 DEBUG SQL:104 - 
    delete 
    from
        Address 
    where
        id=?
14:18:18,765 DEBUG BaseGeneralDataRegion:59 - Caching[foo.org.hibernate.cache.spi.UpdateTimestampsCache] : [Address] -> [5579090979901440]
14:18:18,765 DEBUG SQL:104 - 
    delete 
    from
        Student 
    where
        studentId=?
14:18:18,765 DEBUG BaseGeneralDataRegion:59 - Caching[foo.org.hibernate.cache.spi.UpdateTimestampsCache] : [Student] -> [5579090979901441]
14:18:18,765 DEBUG SQL:104 - 
    delete 
    from
        Enrolment 
    where
        studentId=? 
        and courseCode=?
14:18:18,765 DEBUG BaseGeneralDataRegion:59 - Caching[foo.org.hibernate.cache.spi.UpdateTimestampsCache] : [Enrolment] -> [5579090979901442]
14:18:18,765 DEBUG SQL:104 - 
    delete 
    from
        Student 
    where
        studentId=?
14:18:18,775 DEBUG BaseGeneralDataRegion:59 - Caching[foo.org.hibernate.cache.spi.UpdateTimestampsCache] : [Student] -> [5579090979942400]
14:18:18,776 DEBUG SQL:104 - 
    delete 
    from
        CourseMeeting 
    where
        courseCode=? 
        and day=? 
        and period=? 
        and location=?
14:18:18,776 DEBUG BaseGeneralDataRegion:59 - Caching[foo.org.hibernate.cache.spi.UpdateTimestampsCache] : [CourseMeeting] -> [5579090979946496]
14:18:18,776 DEBUG SQL:104 - 
    delete 
    from
        CourseMeeting 
    where
        courseCode=? 
        and day=? 
        and period=? 
        and location=?
14:18:18,776 DEBUG BaseGeneralDataRegion:59 - Caching[foo.org.hibernate.cache.spi.UpdateTimestampsCache] : [CourseMeeting] -> [5579090979946497]
14:18:18,776 DEBUG SQL:104 - 
    delete 
    from
        Course 
    where
        courseCode=?
14:18:18,785 DEBUG BaseGeneralDataRegion:59 - Caching[foo.org.hibernate.cache.spi.UpdateTimestampsCache] : [Course] -> [5579090979983360]
14:18:18,785 DEBUG BaseGeneralDataRegion:59 - Caching[foo.org.hibernate.cache.spi.UpdateTimestampsCache] : [Student] -> [5579090734223361]
14:18:18,786 DEBUG BaseGeneralDataRegion:59 - Caching[foo.org.hibernate.cache.spi.UpdateTimestampsCache] : [Course] -> [5579090734223361]
14:18:18,786 DEBUG BaseGeneralDataRegion:59 - Caching[foo.org.hibernate.cache.spi.UpdateTimestampsCache] : [Enrolment] -> [5579090734223361]
14:18:18,786 DEBUG BaseGeneralDataRegion:59 - Caching[foo.org.hibernate.cache.spi.UpdateTimestampsCache] : [Student_secretCodes] -> [5579090734223361]
14:18:18,786 DEBUG BaseGeneralDataRegion:59 - Caching[foo.org.hibernate.cache.spi.UpdateTimestampsCache] : [Address] -> [5579090734223361]
14:18:18,786 DEBUG BaseGeneralDataRegion:59 - Caching[foo.org.hibernate.cache.spi.UpdateTimestampsCache] : [CourseMeeting] -> [5579090734223361]
14:18:18,787  INFO CustomRunner:139 - Test: testOneEntityProjectionUnique
14:18:18,788 DEBUG SQL:104 - 
    select
        coursemeet_.courseCode,
        coursemeet_.day,
        coursemeet_.period,
        coursemeet_.location 
    from
        CourseMeeting coursemeet_ 
    where
        coursemeet_.courseCode=? 
        and coursemeet_.day=? 
        and coursemeet_.period=? 
        and coursemeet_.location=?
14:18:18,788 DEBUG SQL:104 - 
    select
        coursemeet_.courseCode,
        coursemeet_.day,
        coursemeet_.period,
        coursemeet_.location 
    from
        CourseMeeting coursemeet_ 
    where
        coursemeet_.courseCode=? 
        and coursemeet_.day=? 
        and coursemeet_.period=? 
        and coursemeet_.location=?
14:18:18,798 DEBUG SQL:104 - 
    insert 
    into
        Course
        (description, courseCode) 
    values
        (?, ?)
14:18:18,799 DEBUG BaseGeneralDataRegion:59 - Caching[foo.org.hibernate.cache.spi.UpdateTimestampsCache] : [Course] -> [5579090980040704]
14:18:18,799 DEBUG SQL:104 - 
    insert 
    into
        CourseMeeting
        (courseCode, day, period, location) 
    values
        (?, ?, ?, ?)
14:18:18,799 DEBUG BaseGeneralDataRegion:59 - Caching[foo.org.hibernate.cache.spi.UpdateTimestampsCache] : [CourseMeeting] -> [5579090980040705]
14:18:18,799 DEBUG SQL:104 - 
    insert 
    into
        CourseMeeting
        (courseCode, day, period, location) 
    values
        (?, ?, ?, ?)
14:18:18,799 DEBUG BaseGeneralDataRegion:59 - Caching[foo.org.hibernate.cache.spi.UpdateTimestampsCache] : [CourseMeeting] -> [5579090980040706]
14:18:18,808 DEBUG SQL:104 - 
    insert 
    into
        Student
        (name_first, name_middle, name_last, preferredCourseCode, studentId) 
    values
        (?, ?, ?, ?, ?)
14:18:18,808 DEBUG BaseGeneralDataRegion:59 - Caching[foo.org.hibernate.cache.spi.UpdateTimestampsCache] : [Student] -> [5579090980077568]
14:18:18,808 DEBUG SQL:104 - 
    insert 
    into
        Address
        (addressType, street, city, stateProvince, postalCode, country, studentNumber, id) 
    values
        (?, ?, ?, ?, ?, ?, ?, ?)
14:18:18,809 DEBUG BaseGeneralDataRegion:59 - Caching[foo.org.hibernate.cache.spi.UpdateTimestampsCache] : [Address] -> [5579090980081664]
14:18:18,809 DEBUG SQL:104 - 
    insert 
    into
        Address
        (addressType, street, city, stateProvince, postalCode, country, studentNumber, id) 
    values
        (?, ?, ?, ?, ?, ?, ?, ?)
14:18:18,809 DEBUG BaseGeneralDataRegion:59 - Caching[foo.org.hibernate.cache.spi.UpdateTimestampsCache] : [Address] -> [5579090980081665]
14:18:18,809 DEBUG SQL:104 - 
    insert 
    into
        Student
        (name_first, name_middle, name_last, preferredCourseCode, studentId) 
    values
        (?, ?, ?, ?, ?)
14:18:18,819 DEBUG BaseGeneralDataRegion:59 - Caching[foo.org.hibernate.cache.spi.UpdateTimestampsCache] : [Student] -> [5579090980122624]
14:18:18,819 DEBUG SQL:104 - 
    insert 
    into
        Enrolment
        (semester, "year", studentId, courseCode) 
    values
        (?, ?, ?, ?)
14:18:18,819 DEBUG BaseGeneralDataRegion:59 - Caching[foo.org.hibernate.cache.spi.UpdateTimestampsCache] : [Enrolment] -> [5579090980122625]
14:18:18,819 DEBUG SQL:104 - 
    insert 
    into
        Enrolment
        (semester, "year", studentId, courseCode) 
    values
        (?, ?, ?, ?)
14:18:18,819 DEBUG BaseGeneralDataRegion:59 - Caching[foo.org.hibernate.cache.spi.UpdateTimestampsCache] : [Enrolment] -> [5579090980122626]
14:18:18,820 DEBUG BaseGeneralDataRegion:59 - Caching[foo.org.hibernate.cache.spi.UpdateTimestampsCache] : [CourseMeeting] -> [5579090980122627]
14:18:18,820 DEBUG BaseGeneralDataRegion:59 - Caching[foo.org.hibernate.cache.spi.UpdateTimestampsCache] : [Enrolment] -> [5579090980126720]
14:18:18,820 DEBUG SQL:104 - 
    update
        Address 
    set
        studentNumber=?,
        addressType=? 
    where
        id=?
14:18:18,820 DEBUG SQL:104 - 
    update
        Address 
    set
        studentNumber=?,
        addressType=? 
    where
        id=?
14:18:18,832 DEBUG BaseGeneralDataRegion:59 - Caching[foo.org.hibernate.cache.spi.UpdateTimestampsCache] : [Address] -> [5579090980175872]
14:18:18,832 DEBUG SQL:104 - 
    insert 
    into
        Student_secretCodes
        (studentNumber, i, secretCode) 
    values
        (?, ?, ?)
14:18:18,832 DEBUG BaseGeneralDataRegion:59 - Caching[foo.org.hibernate.cache.spi.UpdateTimestampsCache] : [Student_secretCodes] -> [5579090980175873]
14:18:18,832 DEBUG BaseGeneralDataRegion:59 - Caching[foo.org.hibernate.cache.spi.UpdateTimestampsCache] : [Enrolment] -> [5579090980175874]
14:18:18,833 DEBUG BaseGeneralDataRegion:59 - Caching[foo.org.hibernate.cache.spi.UpdateTimestampsCache] : [Address] -> [5579090980175875]
14:18:18,833 DEBUG SQL:104 - 
    insert 
    into
        Student_secretCodes
        (studentNumber, i, secretCode) 
    values
        (?, ?, ?)
14:18:18,833 DEBUG SQL:104 - 
    insert 
    into
        Student_secretCodes
        (studentNumber, i, secretCode) 
    values
        (?, ?, ?)
14:18:18,841 DEBUG BaseGeneralDataRegion:59 - Caching[foo.org.hibernate.cache.spi.UpdateTimestampsCache] : [Student_secretCodes] -> [5579090980212736]
14:18:18,842 DEBUG BaseGeneralDataRegion:59 - Caching[foo.org.hibernate.cache.spi.UpdateTimestampsCache] : [Student] -> [5579090734456832]
14:18:18,842 DEBUG BaseGeneralDataRegion:59 - Caching[foo.org.hibernate.cache.spi.UpdateTimestampsCache] : [Course] -> [5579090734456832]
14:18:18,842 DEBUG BaseGeneralDataRegion:59 - Caching[foo.org.hibernate.cache.spi.UpdateTimestampsCache] : [Enrolment] -> [5579090734456832]
14:18:18,842 DEBUG BaseGeneralDataRegion:59 - Caching[foo.org.hibernate.cache.spi.UpdateTimestampsCache] : [Student_secretCodes] -> [5579090734456832]
14:18:18,842 DEBUG BaseGeneralDataRegion:59 - Caching[foo.org.hibernate.cache.spi.UpdateTimestampsCache] : [Address] -> [5579090734456832]
14:18:18,842 DEBUG BaseGeneralDataRegion:59 - Caching[foo.org.hibernate.cache.spi.UpdateTimestampsCache] : [CourseMeeting] -> [5579090734456832]
14:18:18,843 DEBUG SQL:104 - 
    select
        this_.studentId as y0_ 
    from
        Enrolment this_ 
    where
        this_.studentId=?
14:18:18,843 DEBUG BaseGeneralDataRegion:59 - Caching[foo.org.hibernate.cache.internal.StandardQueryCache] : [sql: select this_.studentId as y0_ from Enrolment this_ where this_.studentId=?; parameters: 111, ; transformer: org.hibernate.transform.CacheableResultTransformer@110f2] -> [[5579090734460928, 111]]
14:18:18,843 DEBUG SQL:104 - 
    select
        this_.studentId as y0_ 
    from
        Enrolment this_ 
    where
        this_.studentId=?
14:18:18,844 DEBUG BaseGeneralDataRegion:59 - Caching[foo.org.hibernate.cache.internal.StandardQueryCache] : [sql: select this_.studentId as y0_ from Enrolment this_ where this_.studentId=?; parameters: 111, ; transformer: org.hibernate.transform.CacheableResultTransformer@110f2] -> [[5579090734465024, 111]]
14:18:18,844 DEBUG SQL:104 - 
    select
        student_.studentId,
        student_.name_first as name2_4_,
        student_.name_middle as name3_4_,
        student_.name_last as name4_4_,
        student_.preferredCourseCode as preferre5_4_ 
    from
        Student student_ 
    where
        student_.studentId=?
14:18:18,851 DEBUG SQL:104 - 
    select
        enrolment_.studentId,
        enrolment_.courseCode,
        enrolment_.semester as semester3_,
        enrolment_."year" as year4_3_ 
    from
        Enrolment enrolment_ 
    where
        enrolment_.studentId=? 
        and enrolment_.courseCode=?
14:18:18,851 DEBUG SQL:104 - 
    select
        course_.courseCode,
        course_.description as descript2_1_ 
    from
        Course course_ 
    where
        course_.courseCode=?
14:18:18,852 DEBUG SQL:104 - 
    select
        student_.studentId,
        student_.name_first as name2_4_,
        student_.name_middle as name3_4_,
        student_.name_last as name4_4_,
        student_.preferredCourseCode as preferre5_4_ 
    from
        Student student_ 
    where
        student_.studentId=?
14:18:18,852 DEBUG SQL:104 - 
    select
        enrolment_.studentId,
        enrolment_.courseCode,
        enrolment_.semester as semester3_,
        enrolment_."year" as year4_3_ 
    from
        Enrolment enrolment_ 
    where
        enrolment_.studentId=? 
        and enrolment_.courseCode=?
14:18:18,852 DEBUG SQL:104 - 
    select
        coursemeet_.courseCode,
        coursemeet_.day,
        coursemeet_.period,
        coursemeet_.location 
    from
        CourseMeeting coursemeet_ 
    where
        coursemeet_.courseCode=? 
        and coursemeet_.day=? 
        and coursemeet_.period=? 
        and coursemeet_.location=?
14:18:18,853 DEBUG SQL:104 - 
    select
        coursemeet_.courseCode,
        coursemeet_.day,
        coursemeet_.period,
        coursemeet_.location 
    from
        CourseMeeting coursemeet_ 
    where
        coursemeet_.courseCode=? 
        and coursemeet_.day=? 
        and coursemeet_.period=? 
        and coursemeet_.location=?
14:18:18,865 DEBUG BaseGeneralDataRegion:59 - Caching[foo.org.hibernate.cache.spi.UpdateTimestampsCache] : [Enrolment] -> [5579090980311040]
14:18:18,866 DEBUG SQL:104 - 
    update
        Address 
    set
        studentNumber=null,
        addressType=null 
    where
        studentNumber=?
14:18:18,866 DEBUG BaseGeneralDataRegion:59 - Caching[foo.org.hibernate.cache.spi.UpdateTimestampsCache] : [Address] -> [5579090980315136]
14:18:18,866 DEBUG SQL:104 - 
    delete 
    from
        Student_secretCodes 
    where
        studentNumber=?
14:18:18,866 DEBUG BaseGeneralDataRegion:59 - Caching[foo.org.hibernate.cache.spi.UpdateTimestampsCache] : [Student_secretCodes] -> [5579090980315137]
14:18:18,866 DEBUG BaseGeneralDataRegion:59 - Caching[foo.org.hibernate.cache.spi.UpdateTimestampsCache] : [Enrolment] -> [5579090980315138]
14:18:18,874 DEBUG BaseGeneralDataRegion:59 - Caching[foo.org.hibernate.cache.spi.UpdateTimestampsCache] : [Address] -> [5579090980347904]
14:18:18,875 DEBUG SQL:104 - 
    delete 
    from
        Student_secretCodes 
    where
        studentNumber=?
14:18:18,875 DEBUG BaseGeneralDataRegion:59 - Caching[foo.org.hibernate.cache.spi.UpdateTimestampsCache] : [Student_secretCodes] -> [5579090980352000]
14:18:18,875 DEBUG BaseGeneralDataRegion:59 - Caching[foo.org.hibernate.cache.spi.UpdateTimestampsCache] : [CourseMeeting] -> [5579090980352001]
14:18:18,875 DEBUG SQL:104 - 
    delete 
    from
        Enrolment 
    where
        studentId=? 
        and courseCode=?
14:18:18,875 DEBUG BaseGeneralDataRegion:59 - Caching[foo.org.hibernate.cache.spi.UpdateTimestampsCache] : [Enrolment] -> [5579090980352002]
14:18:18,875 DEBUG SQL:104 - 
    delete 
    from
        Address 
    where
        id=?
14:18:18,876 DEBUG BaseGeneralDataRegion:59 - Caching[foo.org.hibernate.cache.spi.UpdateTimestampsCache] : [Address] -> [5579090980356096]
14:18:18,876 DEBUG SQL:104 - 
    delete 
    from
        Address 
    where
        id=?
14:18:18,876 DEBUG BaseGeneralDataRegion:59 - Caching[foo.org.hibernate.cache.spi.UpdateTimestampsCache] : [Address] -> [5579090980356097]
14:18:18,876 DEBUG SQL:104 - 
    delete 
    from
        Student 
    where
        studentId=?
14:18:18,876 DEBUG BaseGeneralDataRegion:59 - Caching[foo.org.hibernate.cache.spi.UpdateTimestampsCache] : [Student] -> [5579090980356098]
14:18:18,876 DEBUG SQL:104 - 
    delete 
    from
        Enrolment 
    where
        studentId=? 
        and courseCode=?
14:18:18,898 DEBUG BaseGeneralDataRegion:59 - Caching[foo.org.hibernate.cache.spi.UpdateTimestampsCache] : [Enrolment] -> [5579090980446208]
14:18:18,899 DEBUG SQL:104 - 
    delete 
    from
        Student 
    where
        studentId=?
14:18:18,899 DEBUG BaseGeneralDataRegion:59 - Caching[foo.org.hibernate.cache.spi.UpdateTimestampsCache] : [Student] -> [5579090980450304]
14:18:18,899 DEBUG SQL:104 - 
    delete 
    from
        CourseMeeting 
    where
        courseCode=? 
        and day=? 
        and period=? 
        and location=?
14:18:18,899 DEBUG BaseGeneralDataRegion:59 - Caching[foo.org.hibernate.cache.spi.UpdateTimestampsCache] : [CourseMeeting] -> [5579090980450305]
14:18:18,899 DEBUG SQL:104 - 
    delete 
    from
        CourseMeeting 
    where
        courseCode=? 
        and day=? 
        and period=? 
        and location=?
14:18:18,899 DEBUG BaseGeneralDataRegion:59 - Caching[foo.org.hibernate.cache.spi.UpdateTimestampsCache] : [CourseMeeting] -> [5579090980450306]
14:18:18,899 DEBUG SQL:104 - 
    delete 
    from
        Course 
    where
        courseCode=?
14:18:18,910 DEBUG BaseGeneralDataRegion:59 - Caching[foo.org.hibernate.cache.spi.UpdateTimestampsCache] : [Course] -> [5579090980495360]
14:18:18,910 DEBUG BaseGeneralDataRegion:59 - Caching[foo.org.hibernate.cache.spi.UpdateTimestampsCache] : [Student] -> [5579090734735361]
14:18:18,910 DEBUG BaseGeneralDataRegion:59 - Caching[foo.org.hibernate.cache.spi.UpdateTimestampsCache] : [Course] -> [5579090734735361]
14:18:18,910 DEBUG BaseGeneralDataRegion:59 - Caching[foo.org.hibernate.cache.spi.UpdateTimestampsCache] : [Enrolment] -> [5579090734735361]
14:18:18,910 DEBUG BaseGeneralDataRegion:59 - Caching[foo.org.hibernate.cache.spi.UpdateTimestampsCache] : [Student_secretCodes] -> [5579090734735361]
14:18:18,910 DEBUG BaseGeneralDataRegion:59 - Caching[foo.org.hibernate.cache.spi.UpdateTimestampsCache] : [Address] -> [5579090734735361]
14:18:18,911 DEBUG BaseGeneralDataRegion:59 - Caching[foo.org.hibernate.cache.spi.UpdateTimestampsCache] : [CourseMeeting] -> [5579090734735361]
14:18:18,911  INFO CustomRunner:139 - Test: testOneNonEntityProjectionList
14:18:18,912 DEBUG SQL:104 - 
    select
        coursemeet_.courseCode,
        coursemeet_.day,
        coursemeet_.period,
        coursemeet_.location 
    from
        CourseMeeting coursemeet_ 
    where
        coursemeet_.courseCode=? 
        and coursemeet_.day=? 
        and coursemeet_.period=? 
        and coursemeet_.location=?
14:18:18,912 DEBUG SQL:104 - 
    select
        coursemeet_.courseCode,
        coursemeet_.day,
        coursemeet_.period,
        coursemeet_.location 
    from
        CourseMeeting coursemeet_ 
    where
        coursemeet_.courseCode=? 
        and coursemeet_.day=? 
        and coursemeet_.period=? 
        and coursemeet_.location=?
14:18:18,926 DEBUG SQL:104 - 
    insert 
    into
        Course
        (description, courseCode) 
    values
        (?, ?)
14:18:18,926 DEBUG BaseGeneralDataRegion:59 - Caching[foo.org.hibernate.cache.spi.UpdateTimestampsCache] : [Course] -> [5579090980560896]
14:18:18,927 DEBUG SQL:104 - 
    insert 
    into
        CourseMeeting
        (courseCode, day, period, location) 
    values
        (?, ?, ?, ?)
14:18:18,927 DEBUG BaseGeneralDataRegion:59 - Caching[foo.org.hibernate.cache.spi.UpdateTimestampsCache] : [CourseMeeting] -> [5579090980564992]
14:18:18,927 DEBUG SQL:104 - 
    insert 
    into
        CourseMeeting
        (courseCode, day, period, location) 
    values
        (?, ?, ?, ?)
14:18:18,932 DEBUG BaseGeneralDataRegion:59 - Caching[foo.org.hibernate.cache.spi.UpdateTimestampsCache] : [CourseMeeting] -> [5579090980585472]
14:18:18,933 DEBUG SQL:104 - 
    insert 
    into
        Student
        (name_first, name_middle, name_last, preferredCourseCode, studentId) 
    values
        (?, ?, ?, ?, ?)
14:18:18,933 DEBUG BaseGeneralDataRegion:59 - Caching[foo.org.hibernate.cache.spi.UpdateTimestampsCache] : [Student] -> [5579090980589568]
14:18:18,933 DEBUG SQL:104 - 
    insert 
    into
        Address
        (addressType, street, city, stateProvince, postalCode, country, studentNumber, id) 
    values
        (?, ?, ?, ?, ?, ?, ?, ?)
14:18:18,933 DEBUG BaseGeneralDataRegion:59 - Caching[foo.org.hibernate.cache.spi.UpdateTimestampsCache] : [Address] -> [5579090980589569]
14:18:18,933 DEBUG SQL:104 - 
    insert 
    into
        Address
        (addressType, street, city, stateProvince, postalCode, country, studentNumber, id) 
    values
        (?, ?, ?, ?, ?, ?, ?, ?)
14:18:18,934 DEBUG BaseGeneralDataRegion:59 - Caching[foo.org.hibernate.cache.spi.UpdateTimestampsCache] : [Address] -> [5579090980593664]
14:18:18,934 DEBUG SQL:104 - 
    insert 
    into
        Student
        (name_first, name_middle, name_last, preferredCourseCode, studentId) 
    values
        (?, ?, ?, ?, ?)
14:18:18,942 DEBUG BaseGeneralDataRegion:59 - Caching[foo.org.hibernate.cache.spi.UpdateTimestampsCache] : [Student] -> [5579090980626432]
14:18:18,945 DEBUG SQL:104 - 
    insert 
    into
        Enrolment
        (semester, "year", studentId, courseCode) 
    values
        (?, ?, ?, ?)
14:18:18,946 DEBUG BaseGeneralDataRegion:59 - Caching[foo.org.hibernate.cache.spi.UpdateTimestampsCache] : [Enrolment] -> [5579090980642816]
14:18:18,946 DEBUG SQL:104 - 
    insert 
    into
        Enrolment
        (semester, "year", studentId, courseCode) 
    values
        (?, ?, ?, ?)
14:18:18,946 DEBUG BaseGeneralDataRegion:59 - Caching[foo.org.hibernate.cache.spi.UpdateTimestampsCache] : [Enrolment] -> [5579090980642817]
14:18:18,946 DEBUG BaseGeneralDataRegion:59 - Caching[foo.org.hibernate.cache.spi.UpdateTimestampsCache] : [CourseMeeting] -> [5579090980642818]
14:18:18,946 DEBUG BaseGeneralDataRegion:59 - Caching[foo.org.hibernate.cache.spi.UpdateTimestampsCache] : [Enrolment] -> [5579090980642819]
14:18:18,946 DEBUG SQL:104 - 
    update
        Address 
    set
        studentNumber=?,
        addressType=? 
    where
        id=?
14:18:18,953 DEBUG SQL:104 - 
    update
        Address 
    set
        studentNumber=?,
        addressType=? 
    where
        id=?
14:18:18,954 DEBUG BaseGeneralDataRegion:59 - Caching[foo.org.hibernate.cache.spi.UpdateTimestampsCache] : [Address] -> [5579090980675584]
14:18:18,954 DEBUG SQL:104 - 
    insert 
    into
        Student_secretCodes
        (studentNumber, i, secretCode) 
    values
        (?, ?, ?)
14:18:18,954 DEBUG BaseGeneralDataRegion:59 - Caching[foo.org.hibernate.cache.spi.UpdateTimestampsCache] : [Student_secretCodes] -> [5579090980675585]
14:18:18,954 DEBUG BaseGeneralDataRegion:59 - Caching[foo.org.hibernate.cache.spi.UpdateTimestampsCache] : [Enrolment] -> [5579090980675586]
14:18:18,954 DEBUG BaseGeneralDataRegion:59 - Caching[foo.org.hibernate.cache.spi.UpdateTimestampsCache] : [Address] -> [5579090980675587]
14:18:18,954 DEBUG SQL:104 - 
    insert 
    into
        Student_secretCodes
        (studentNumber, i, secretCode) 
    values
        (?, ?, ?)
14:18:18,954 DEBUG SQL:104 - 
    insert 
    into
        Student_secretCodes
        (studentNumber, i, secretCode) 
    values
        (?, ?, ?)
14:18:18,963 DEBUG BaseGeneralDataRegion:59 - Caching[foo.org.hibernate.cache.spi.UpdateTimestampsCache] : [Student_secretCodes] -> [5579090980712448]
14:18:18,964 DEBUG BaseGeneralDataRegion:59 - Caching[foo.org.hibernate.cache.spi.UpdateTimestampsCache] : [Student] -> [5579090734956544]
14:18:18,964 DEBUG BaseGeneralDataRegion:59 - Caching[foo.org.hibernate.cache.spi.UpdateTimestampsCache] : [Course] -> [5579090734956544]
14:18:18,964 DEBUG BaseGeneralDataRegion:59 - Caching[foo.org.hibernate.cache.spi.UpdateTimestampsCache] : [Enrolment] -> [5579090734956544]
14:18:18,964 DEBUG BaseGeneralDataRegion:59 - Caching[foo.org.hibernate.cache.spi.UpdateTimestampsCache] : [Student_secretCodes] -> [5579090734956544]
14:18:18,964 DEBUG BaseGeneralDataRegion:59 - Caching[foo.org.hibernate.cache.spi.UpdateTimestampsCache] : [Address] -> [5579090734956544]
14:18:18,964 DEBUG BaseGeneralDataRegion:59 - Caching[foo.org.hibernate.cache.spi.UpdateTimestampsCache] : [CourseMeeting] -> [5579090734956544]
14:18:18,964 DEBUG SQL:104 - 
    select
        this_.semester as y0_ 
    from
        Enrolment this_ 
    order by
        this_.studentId asc
14:18:18,965 DEBUG BaseGeneralDataRegion:59 - Caching[foo.org.hibernate.cache.internal.StandardQueryCache] : [sql: select this_.semester as y0_ from Enrolment this_ order by this_.studentId asc; parameters: ; transformer: org.hibernate.transform.CacheableResultTransformer@110f2] -> [[5579090734960640, 3, 1]]
14:18:18,965 DEBUG SQL:104 - 
    select
        this_.semester as y0_ 
    from
        Enrolment this_ 
    order by
        this_.studentId asc
14:18:18,965 DEBUG BaseGeneralDataRegion:59 - Caching[foo.org.hibernate.cache.internal.StandardQueryCache] : [sql: select this_.semester as y0_ from Enrolment this_ order by this_.studentId asc; parameters: ; transformer: org.hibernate.transform.CacheableResultTransformer@110f2] -> [[5579090734960643, 3, 1]]
14:18:18,966 DEBUG SQL:104 - 
    select
        student_.studentId,
        student_.name_first as name2_4_,
        student_.name_middle as name3_4_,
        student_.name_last as name4_4_,
        student_.preferredCourseCode as preferre5_4_ 
    from
        Student student_ 
    where
        student_.studentId=?
14:18:18,974 DEBUG SQL:104 - 
    select
        enrolment_.studentId,
        enrolment_.courseCode,
        enrolment_.semester as semester3_,
        enrolment_."year" as year4_3_ 
    from
        Enrolment enrolment_ 
    where
        enrolment_.studentId=? 
        and enrolment_.courseCode=?
14:18:18,974 DEBUG SQL:104 - 
    select
        course_.courseCode,
        course_.description as descript2_1_ 
    from
        Course course_ 
    where
        course_.courseCode=?
14:18:18,975 DEBUG SQL:104 - 
    select
        student_.studentId,
        student_.name_first as name2_4_,
        student_.name_middle as name3_4_,
        student_.name_last as name4_4_,
        student_.preferredCourseCode as preferre5_4_ 
    from
        Student student_ 
    where
        student_.studentId=?
14:18:18,986 DEBUG SQL:104 - 
    select
        enrolment_.studentId,
        enrolment_.courseCode,
        enrolment_.semester as semester3_,
        enrolment_."year" as year4_3_ 
    from
        Enrolment enrolment_ 
    where
        enrolment_.studentId=? 
        and enrolment_.courseCode=?
14:18:18,986 DEBUG SQL:104 - 
    select
        coursemeet_.courseCode,
        coursemeet_.day,
        coursemeet_.period,
        coursemeet_.location 
    from
        CourseMeeting coursemeet_ 
    where
        coursemeet_.courseCode=? 
        and coursemeet_.day=? 
        and coursemeet_.period=? 
        and coursemeet_.location=?
14:18:18,986 DEBUG SQL:104 - 
    select
        coursemeet_.courseCode,
        coursemeet_.day,
        coursemeet_.period,
        coursemeet_.location 
    from
        CourseMeeting coursemeet_ 
    where
        coursemeet_.courseCode=? 
        and coursemeet_.day=? 
        and coursemeet_.period=? 
        and coursemeet_.location=?
14:18:18,987 DEBUG BaseGeneralDataRegion:59 - Caching[foo.org.hibernate.cache.spi.UpdateTimestampsCache] : [Enrolment] -> [5579090980810752]
14:18:18,987 DEBUG SQL:104 - 
    update
        Address 
    set
        studentNumber=null,
        addressType=null 
    where
        studentNumber=?
14:18:18,987 DEBUG BaseGeneralDataRegion:59 - Caching[foo.org.hibernate.cache.spi.UpdateTimestampsCache] : [Address] -> [5579090980810753]
14:18:18,987 DEBUG SQL:104 - 
    delete 
    from
        Student_secretCodes 
    where
        studentNumber=?
14:18:18,998 DEBUG BaseGeneralDataRegion:59 - Caching[foo.org.hibernate.cache.spi.UpdateTimestampsCache] : [Student_secretCodes] -> [5579090980855808]
14:18:18,998 DEBUG BaseGeneralDataRegion:59 - Caching[foo.org.hibernate.cache.spi.UpdateTimestampsCache] : [Enrolment] -> [5579090980855809]
14:18:18,998 DEBUG BaseGeneralDataRegion:59 - Caching[foo.org.hibernate.cache.spi.UpdateTimestampsCache] : [Address] -> [5579090980855810]
14:18:18,998 DEBUG SQL:104 - 
    delete 
    from
        Student_secretCodes 
    where
        studentNumber=?
14:18:18,998 DEBUG BaseGeneralDataRegion:59 - Caching[foo.org.hibernate.cache.spi.UpdateTimestampsCache] : [Student_secretCodes] -> [5579090980855811]
14:18:18,998 DEBUG BaseGeneralDataRegion:59 - Caching[foo.org.hibernate.cache.spi.UpdateTimestampsCache] : [CourseMeeting] -> [5579090980855812]
14:18:18,998 DEBUG SQL:104 - 
    delete 
    from
        Enrolment 
    where
        studentId=? 
        and courseCode=?
14:18:18,999 DEBUG BaseGeneralDataRegion:59 - Caching[foo.org.hibernate.cache.spi.UpdateTimestampsCache] : [Enrolment] -> [5579090980859904]
14:18:18,999 DEBUG SQL:104 - 
    delete 
    from
        Address 
    where
        id=?
14:18:18,999 DEBUG BaseGeneralDataRegion:59 - Caching[foo.org.hibernate.cache.spi.UpdateTimestampsCache] : [Address] -> [5579090980859905]
14:18:18,999 DEBUG SQL:104 - 
    delete 
    from
        Address 
    where
        id=?
14:18:19,009 DEBUG BaseGeneralDataRegion:59 - Caching[foo.org.hibernate.cache.spi.UpdateTimestampsCache] : [Address] -> [5579090980900864]
14:18:19,009 DEBUG SQL:104 - 
    delete 
    from
        Student 
    where
        studentId=?
14:18:19,009 DEBUG BaseGeneralDataRegion:59 - Caching[foo.org.hibernate.cache.spi.UpdateTimestampsCache] : [Student] -> [5579090980900865]
14:18:19,009 DEBUG SQL:104 - 
    delete 
    from
        Enrolment 
    where
        studentId=? 
        and courseCode=?
14:18:19,010 DEBUG BaseGeneralDataRegion:59 - Caching[foo.org.hibernate.cache.spi.UpdateTimestampsCache] : [Enrolment] -> [5579090980904960]
14:18:19,010 DEBUG SQL:104 - 
    delete 
    from
        Student 
    where
        studentId=?
14:18:19,010 DEBUG BaseGeneralDataRegion:59 - Caching[foo.org.hibernate.cache.spi.UpdateTimestampsCache] : [Student] -> [5579090980904961]
14:18:19,010 DEBUG SQL:104 - 
    delete 
    from
        CourseMeeting 
    where
        courseCode=? 
        and day=? 
        and period=? 
        and location=?
14:18:19,010 DEBUG BaseGeneralDataRegion:59 - Caching[foo.org.hibernate.cache.spi.UpdateTimestampsCache] : [CourseMeeting] -> [5579090980904962]
14:18:19,010 DEBUG SQL:104 - 
    delete 
    from
        CourseMeeting 
    where
        courseCode=? 
        and day=? 
        and period=? 
        and location=?
14:18:19,030 DEBUG BaseGeneralDataRegion:59 - Caching[foo.org.hibernate.cache.spi.UpdateTimestampsCache] : [CourseMeeting] -> [5579090980986880]
14:18:19,031 DEBUG SQL:104 - 
    delete 
    from
        Course 
    where
        courseCode=?
14:18:19,031 DEBUG BaseGeneralDataRegion:59 - Caching[foo.org.hibernate.cache.spi.UpdateTimestampsCache] : [Course] -> [5579090980990976]
14:18:19,031 DEBUG BaseGeneralDataRegion:59 - Caching[foo.org.hibernate.cache.spi.UpdateTimestampsCache] : [Student] -> [5579090735230977]
14:18:19,031 DEBUG BaseGeneralDataRegion:59 - Caching[foo.org.hibernate.cache.spi.UpdateTimestampsCache] : [Course] -> [5579090735230977]
14:18:19,031 DEBUG BaseGeneralDataRegion:59 - Caching[foo.org.hibernate.cache.spi.UpdateTimestampsCache] : [Enrolment] -> [5579090735230977]
14:18:19,031 DEBUG BaseGeneralDataRegion:59 - Caching[foo.org.hibernate.cache.spi.UpdateTimestampsCache] : [Student_secretCodes] -> [5579090735230977]
14:18:19,031 DEBUG BaseGeneralDataRegion:59 - Caching[foo.org.hibernate.cache.spi.UpdateTimestampsCache] : [Address] -> [5579090735230977]
14:18:19,031 DEBUG BaseGeneralDataRegion:59 - Caching[foo.org.hibernate.cache.spi.UpdateTimestampsCache] : [CourseMeeting] -> [5579090735230977]
14:18:19,032  INFO CustomRunner:139 - Test: testOneNonEntityProjectionUnique
14:18:19,033 DEBUG SQL:104 - 
    select
        coursemeet_.courseCode,
        coursemeet_.day,
        coursemeet_.period,
        coursemeet_.location 
    from
        CourseMeeting coursemeet_ 
    where
        coursemeet_.courseCode=? 
        and coursemeet_.day=? 
        and coursemeet_.period=? 
        and coursemeet_.location=?
14:18:19,041 DEBUG SQL:104 - 
    select
        coursemeet_.courseCode,
        coursemeet_.day,
        coursemeet_.period,
        coursemeet_.location 
    from
        CourseMeeting coursemeet_ 
    where
        coursemeet_.courseCode=? 
        and coursemeet_.day=? 
        and coursemeet_.period=? 
        and coursemeet_.location=?
14:18:19,042 DEBUG SQL:104 - 
    insert 
    into
        Course
        (description, courseCode) 
    values
        (?, ?)
14:18:19,043 DEBUG BaseGeneralDataRegion:59 - Caching[foo.org.hibernate.cache.spi.UpdateTimestampsCache] : [Course] -> [5579090981040128]
14:18:19,043 DEBUG SQL:104 - 
    insert 
    into
        CourseMeeting
        (courseCode, day, period, location) 
    values
        (?, ?, ?, ?)
14:18:19,043 DEBUG BaseGeneralDataRegion:59 - Caching[foo.org.hibernate.cache.spi.UpdateTimestampsCache] : [CourseMeeting] -> [5579090981040129]
14:18:19,051 DEBUG SQL:104 - 
    insert 
    into
        CourseMeeting
        (courseCode, day, period, location) 
    values
        (?, ?, ?, ?)
14:18:19,051 DEBUG BaseGeneralDataRegion:59 - Caching[foo.org.hibernate.cache.spi.UpdateTimestampsCache] : [CourseMeeting] -> [5579090981072896]
14:18:19,051 DEBUG SQL:104 - 
    insert 
    into
        Student
        (name_first, name_middle, name_last, preferredCourseCode, studentId) 
    values
        (?, ?, ?, ?, ?)
14:18:19,051 DEBUG BaseGeneralDataRegion:59 - Caching[foo.org.hibernate.cache.spi.UpdateTimestampsCache] : [Student] -> [5579090981072897]
14:18:19,051 DEBUG SQL:104 - 
    insert 
    into
        Address
        (addressType, street, city, stateProvince, postalCode, country, studentNumber, id) 
    values
        (?, ?, ?, ?, ?, ?, ?, ?)
14:18:19,052 DEBUG BaseGeneralDataRegion:59 - Caching[foo.org.hibernate.cache.spi.UpdateTimestampsCache] : [Address] -> [5579090981076992]
14:18:19,052 DEBUG SQL:104 - 
    insert 
    into
        Address
        (addressType, street, city, stateProvince, postalCode, country, studentNumber, id) 
    values
        (?, ?, ?, ?, ?, ?, ?, ?)
14:18:19,060 DEBUG BaseGeneralDataRegion:59 - Caching[foo.org.hibernate.cache.spi.UpdateTimestampsCache] : [Address] -> [5579090981109760]
14:18:19,061 DEBUG SQL:104 - 
    insert 
    into
        Student
        (name_first, name_middle, name_last, preferredCourseCode, studentId) 
    values
        (?, ?, ?, ?, ?)
14:18:19,061 DEBUG BaseGeneralDataRegion:59 - Caching[foo.org.hibernate.cache.spi.UpdateTimestampsCache] : [Student] -> [5579090981113856]
14:18:19,061 DEBUG SQL:104 - 
    insert 
    into
        Enrolment
        (semester, "year", studentId, courseCode) 
    values
        (?, ?, ?, ?)
14:18:19,061 DEBUG BaseGeneralDataRegion:59 - Caching[foo.org.hibernate.cache.spi.UpdateTimestampsCache] : [Enrolment] -> [5579090981113857]
14:18:19,061 DEBUG SQL:104 - 
    insert 
    into
        Enrolment
        (semester, "year", studentId, courseCode) 
    values
        (?, ?, ?, ?)
14:18:19,062 DEBUG BaseGeneralDataRegion:59 - Caching[foo.org.hibernate.cache.spi.UpdateTimestampsCache] : [Enrolment] -> [5579090981117952]
14:18:19,062 DEBUG BaseGeneralDataRegion:59 - Caching[foo.org.hibernate.cache.spi.UpdateTimestampsCache] : [CourseMeeting] -> [5579090981117953]
14:18:19,062 DEBUG BaseGeneralDataRegion:59 - Caching[foo.org.hibernate.cache.spi.UpdateTimestampsCache] : [Enrolment] -> [5579090981117954]
14:18:19,062 DEBUG SQL:104 - 
    update
        Address 
    set
        studentNumber=?,
        addressType=? 
    where
        id=?
14:18:19,071 DEBUG SQL:104 - 
    update
        Address 
    set
        studentNumber=?,
        addressType=? 
    where
        id=?
14:18:19,072 DEBUG BaseGeneralDataRegion:59 - Caching[foo.org.hibernate.cache.spi.UpdateTimestampsCache] : [Address] -> [5579090981158912]
14:18:19,072 DEBUG SQL:104 - 
    insert 
    into
        Student_secretCodes
        (studentNumber, i, secretCode) 
    values
        (?, ?, ?)
14:18:19,072 DEBUG BaseGeneralDataRegion:59 - Caching[foo.org.hibernate.cache.spi.UpdateTimestampsCache] : [Student_secretCodes] -> [5579090981158913]
14:18:19,072 DEBUG BaseGeneralDataRegion:59 - Caching[foo.org.hibernate.cache.spi.UpdateTimestampsCache] : [Enrolment] -> [5579090981158914]
14:18:19,072 DEBUG BaseGeneralDataRegion:59 - Caching[foo.org.hibernate.cache.spi.UpdateTimestampsCache] : [Address] -> [5579090981158915]
14:18:19,072 DEBUG SQL:104 - 
    insert 
    into
        Student_secretCodes
        (studentNumber, i, secretCode) 
    values
        (?, ?, ?)
14:18:19,081 DEBUG SQL:104 - 
    insert 
    into
        Student_secretCodes
        (studentNumber, i, secretCode) 
    values
        (?, ?, ?)
14:18:19,082 DEBUG BaseGeneralDataRegion:59 - Caching[foo.org.hibernate.cache.spi.UpdateTimestampsCache] : [Student_secretCodes] -> [5579090981199872]
14:18:19,082 DEBUG BaseGeneralDataRegion:59 - Caching[foo.org.hibernate.cache.spi.UpdateTimestampsCache] : [Student] -> [5579090735439873]
14:18:19,082 DEBUG BaseGeneralDataRegion:59 - Caching[foo.org.hibernate.cache.spi.UpdateTimestampsCache] : [Course] -> [5579090735439873]
14:18:19,082 DEBUG BaseGeneralDataRegion:59 - Caching[foo.org.hibernate.cache.spi.UpdateTimestampsCache] : [Enrolment] -> [5579090735439873]
14:18:19,082 DEBUG BaseGeneralDataRegion:59 - Caching[foo.org.hibernate.cache.spi.UpdateTimestampsCache] : [Student_secretCodes] -> [5579090735439873]
14:18:19,082 DEBUG BaseGeneralDataRegion:59 - Caching[foo.org.hibernate.cache.spi.UpdateTimestampsCache] : [Address] -> [5579090735439873]
14:18:19,082 DEBUG BaseGeneralDataRegion:59 - Caching[foo.org.hibernate.cache.spi.UpdateTimestampsCache] : [CourseMeeting] -> [5579090735439873]
14:18:19,083 DEBUG SQL:104 - 
    select
        this_.semester as y0_ 
    from
        Enrolment this_ 
    where
        this_.studentId=?
14:18:19,083 DEBUG BaseGeneralDataRegion:59 - Caching[foo.org.hibernate.cache.internal.StandardQueryCache] : [sql: select this_.semester as y0_ from Enrolment this_ where this_.studentId=?; parameters: 999, ; transformer: org.hibernate.transform.CacheableResultTransformer@110f2] -> [[5579090735443968, 1]]
14:18:19,083 DEBUG SQL:104 - 
    select
        this_.semester as y0_ 
    from
        Enrolment this_ 
    where
        this_.studentId=?
14:18:19,091 DEBUG BaseGeneralDataRegion:59 - Caching[foo.org.hibernate.cache.internal.StandardQueryCache] : [sql: select this_.semester as y0_ from Enrolment this_ where this_.studentId=?; parameters: 999, ; transformer: org.hibernate.transform.CacheableResultTransformer@110f2] -> [[5579090735476736, 1]]
14:18:19,092 DEBUG SQL:104 - 
    select
        student_.studentId,
        student_.name_first as name2_4_,
        student_.name_middle as name3_4_,
        student_.name_last as name4_4_,
        student_.preferredCourseCode as preferre5_4_ 
    from
        Student student_ 
    where
        student_.studentId=?
14:18:19,092 DEBUG SQL:104 - 
    select
        enrolment_.studentId,
        enrolment_.courseCode,
        enrolment_.semester as semester3_,
        enrolment_."year" as year4_3_ 
    from
        Enrolment enrolment_ 
    where
        enrolment_.studentId=? 
        and enrolment_.courseCode=?
14:18:19,092 DEBUG SQL:104 - 
    select
        course_.courseCode,
        course_.description as descript2_1_ 
    from
        Course course_ 
    where
        course_.courseCode=?
14:18:19,125 DEBUG SQL:104 - 
    select
        student_.studentId,
        student_.name_first as name2_4_,
        student_.name_middle as name3_4_,
        student_.name_last as name4_4_,
        student_.preferredCourseCode as preferre5_4_ 
    from
        Student student_ 
    where
        student_.studentId=?
14:18:19,126 DEBUG SQL:104 - 
    select
        enrolment_.studentId,
        enrolment_.courseCode,
        enrolment_.semester as semester3_,
        enrolment_."year" as year4_3_ 
    from
        Enrolment enrolment_ 
    where
        enrolment_.studentId=? 
        and enrolment_.courseCode=?
14:18:19,126 DEBUG SQL:104 - 
    select
        coursemeet_.courseCode,
        coursemeet_.day,
        coursemeet_.period,
        coursemeet_.location 
    from
        CourseMeeting coursemeet_ 
    where
        coursemeet_.courseCode=? 
        and coursemeet_.day=? 
        and coursemeet_.period=? 
        and coursemeet_.location=?
14:18:19,126 DEBUG SQL:104 - 
    select
        coursemeet_.courseCode,
        coursemeet_.day,
        coursemeet_.period,
        coursemeet_.location 
    from
        CourseMeeting coursemeet_ 
    where
        coursemeet_.courseCode=? 
        and coursemeet_.day=? 
        and coursemeet_.period=? 
        and coursemeet_.location=?
14:18:19,127 DEBUG BaseGeneralDataRegion:59 - Caching[foo.org.hibernate.cache.spi.UpdateTimestampsCache] : [Enrolment] -> [5579090981384192]
14:18:19,127 DEBUG SQL:104 - 
    update
        Address 
    set
        studentNumber=null,
        addressType=null 
    where
        studentNumber=?
14:18:19,135 DEBUG BaseGeneralDataRegion:59 - Caching[foo.org.hibernate.cache.spi.UpdateTimestampsCache] : [Address] -> [5579090981416960]
14:18:19,136 DEBUG SQL:104 - 
    delete 
    from
        Student_secretCodes 
    where
        studentNumber=?
14:18:19,136 DEBUG BaseGeneralDataRegion:59 - Caching[foo.org.hibernate.cache.spi.UpdateTimestampsCache] : [Student_secretCodes] -> [5579090981421056]
14:18:19,136 DEBUG BaseGeneralDataRegion:59 - Caching[foo.org.hibernate.cache.spi.UpdateTimestampsCache] : [Enrolment] -> [5579090981421057]
14:18:19,136 DEBUG BaseGeneralDataRegion:59 - Caching[foo.org.hibernate.cache.spi.UpdateTimestampsCache] : [Address] -> [5579090981421058]
14:18:19,136 DEBUG SQL:104 - 
    delete 
    from
        Student_secretCodes 
    where
        studentNumber=?
14:18:19,136 DEBUG BaseGeneralDataRegion:59 - Caching[foo.org.hibernate.cache.spi.UpdateTimestampsCache] : [Student_secretCodes] -> [5579090981421059]
14:18:19,136 DEBUG BaseGeneralDataRegion:59 - Caching[foo.org.hibernate.cache.spi.UpdateTimestampsCache] : [CourseMeeting] -> [5579090981421060]
14:18:19,137 DEBUG SQL:104 - 
    delete 
    from
        Enrolment 
    where
        studentId=? 
        and courseCode=?
14:18:19,137 DEBUG BaseGeneralDataRegion:59 - Caching[foo.org.hibernate.cache.spi.UpdateTimestampsCache] : [Enrolment] -> [5579090981425152]
14:18:19,137 DEBUG SQL:104 - 
    delete 
    from
        Address 
    where
        id=?
14:18:19,146 DEBUG BaseGeneralDataRegion:59 - Caching[foo.org.hibernate.cache.spi.UpdateTimestampsCache] : [Address] -> [5579090981462016]
14:18:19,146 DEBUG SQL:104 - 
    delete 
    from
        Address 
    where
        id=?
14:18:19,147 DEBUG BaseGeneralDataRegion:59 - Caching[foo.org.hibernate.cache.spi.UpdateTimestampsCache] : [Address] -> [5579090981466112]
14:18:19,147 DEBUG SQL:104 - 
    delete 
    from
        Student 
    where
        studentId=?
14:18:19,147 DEBUG BaseGeneralDataRegion:59 - Caching[foo.org.hibernate.cache.spi.UpdateTimestampsCache] : [Student] -> [5579090981466113]
14:18:19,147 DEBUG SQL:104 - 
    delete 
    from
        Enrolment 
    where
        studentId=? 
        and courseCode=?
14:18:19,147 DEBUG BaseGeneralDataRegion:59 - Caching[foo.org.hibernate.cache.spi.UpdateTimestampsCache] : [Enrolment] -> [5579090981466114]
14:18:19,147 DEBUG SQL:104 - 
    delete 
    from
        Student 
    where
        studentId=?
14:18:19,147 DEBUG BaseGeneralDataRegion:59 - Caching[foo.org.hibernate.cache.spi.UpdateTimestampsCache] : [Student] -> [5579090981466115]
14:18:19,147 DEBUG SQL:104 - 
    delete 
    from
        CourseMeeting 
    where
        courseCode=? 
        and day=? 
        and period=? 
        and location=?
14:18:19,148 DEBUG BaseGeneralDataRegion:59 - Caching[foo.org.hibernate.cache.spi.UpdateTimestampsCache] : [CourseMeeting] -> [5579090981470208]
14:18:19,148 DEBUG SQL:104 - 
    delete 
    from
        CourseMeeting 
    where
        courseCode=? 
        and day=? 
        and period=? 
        and location=?
14:18:19,170 DEBUG BaseGeneralDataRegion:59 - Caching[foo.org.hibernate.cache.spi.UpdateTimestampsCache] : [CourseMeeting] -> [5579090981560320]
14:18:19,171 DEBUG SQL:104 - 
    delete 
    from
        Course 
    where
        courseCode=?
14:18:19,171 DEBUG BaseGeneralDataRegion:59 - Caching[foo.org.hibernate.cache.spi.UpdateTimestampsCache] : [Course] -> [5579090981564416]
14:18:19,171 DEBUG BaseGeneralDataRegion:59 - Caching[foo.org.hibernate.cache.spi.UpdateTimestampsCache] : [Student] -> [5579090735804417]
14:18:19,171 DEBUG BaseGeneralDataRegion:59 - Caching[foo.org.hibernate.cache.spi.UpdateTimestampsCache] : [Course] -> [5579090735804417]
14:18:19,171 DEBUG BaseGeneralDataRegion:59 - Caching[foo.org.hibernate.cache.spi.UpdateTimestampsCache] : [Enrolment] -> [5579090735804417]
14:18:19,171 DEBUG BaseGeneralDataRegion:59 - Caching[foo.org.hibernate.cache.spi.UpdateTimestampsCache] : [Student_secretCodes] -> [5579090735804417]
14:18:19,171 DEBUG BaseGeneralDataRegion:59 - Caching[foo.org.hibernate.cache.spi.UpdateTimestampsCache] : [Address] -> [5579090735804417]
14:18:19,171 DEBUG BaseGeneralDataRegion:59 - Caching[foo.org.hibernate.cache.spi.UpdateTimestampsCache] : [CourseMeeting] -> [5579090735804417]
14:18:19,172  INFO CustomRunner:139 - Test: testOneSelectNewAliasesList
14:18:19,173 DEBUG SQL:104 - 
    select
        coursemeet_.courseCode,
        coursemeet_.day,
        coursemeet_.period,
        coursemeet_.location 
    from
        CourseMeeting coursemeet_ 
    where
        coursemeet_.courseCode=? 
        and coursemeet_.day=? 
        and coursemeet_.period=? 
        and coursemeet_.location=?
14:18:19,173 DEBUG SQL:104 - 
    select
        coursemeet_.courseCode,
        coursemeet_.day,
        coursemeet_.period,
        coursemeet_.location 
    from
        CourseMeeting coursemeet_ 
    where
        coursemeet_.courseCode=? 
        and coursemeet_.day=? 
        and coursemeet_.period=? 
        and coursemeet_.location=?
14:18:19,174 DEBUG SQL:104 - 
    insert 
    into
        Course
        (description, courseCode) 
    values
        (?, ?)
14:18:19,174 DEBUG BaseGeneralDataRegion:59 - Caching[foo.org.hibernate.cache.spi.UpdateTimestampsCache] : [Course] -> [5579090981576704]
14:18:19,174 DEBUG SQL:104 - 
    insert 
    into
        CourseMeeting
        (courseCode, day, period, location) 
    values
        (?, ?, ?, ?)
14:18:19,175 DEBUG BaseGeneralDataRegion:59 - Caching[foo.org.hibernate.cache.spi.UpdateTimestampsCache] : [CourseMeeting] -> [5579090981580800]
14:18:19,175 DEBUG SQL:104 - 
    insert 
    into
        CourseMeeting
        (courseCode, day, period, location) 
    values
        (?, ?, ?, ?)
14:18:19,175 DEBUG BaseGeneralDataRegion:59 - Caching[foo.org.hibernate.cache.spi.UpdateTimestampsCache] : [CourseMeeting] -> [5579090981580801]
14:18:19,175 DEBUG SQL:104 - 
    insert 
    into
        Student
        (name_first, name_middle, name_last, preferredCourseCode, studentId) 
    values
        (?, ?, ?, ?, ?)
14:18:19,194 DEBUG BaseGeneralDataRegion:59 - Caching[foo.org.hibernate.cache.spi.UpdateTimestampsCache] : [Student] -> [5579090981658624]
14:18:19,194 DEBUG SQL:104 - 
    insert 
    into
        Address
        (addressType, street, city, stateProvince, postalCode, country, studentNumber, id) 
    values
        (?, ?, ?, ?, ?, ?, ?, ?)
14:18:19,195 DEBUG BaseGeneralDataRegion:59 - Caching[foo.org.hibernate.cache.spi.UpdateTimestampsCache] : [Address] -> [5579090981662720]
14:18:19,195 DEBUG SQL:104 - 
    insert 
    into
        Address
        (addressType, street, city, stateProvince, postalCode, country, studentNumber, id) 
    values
        (?, ?, ?, ?, ?, ?, ?, ?)
14:18:19,195 DEBUG BaseGeneralDataRegion:59 - Caching[foo.org.hibernate.cache.spi.UpdateTimestampsCache] : [Address] -> [5579090981662721]
14:18:19,195 DEBUG SQL:104 - 
    insert 
    into
        Student
        (name_first, name_middle, name_last, preferredCourseCode, studentId) 
    values
        (?, ?, ?, ?, ?)
14:18:19,204 DEBUG BaseGeneralDataRegion:59 - Caching[foo.org.hibernate.cache.spi.UpdateTimestampsCache] : [Student] -> [5579090981699584]
14:18:19,205 DEBUG SQL:104 - 
    insert 
    into
        Enrolment
        (semester, "year", studentId, courseCode) 
    values
        (?, ?, ?, ?)
14:18:19,205 DEBUG BaseGeneralDataRegion:59 - Caching[foo.org.hibernate.cache.spi.UpdateTimestampsCache] : [Enrolment] -> [5579090981703680]
14:18:19,205 DEBUG SQL:104 - 
    insert 
    into
        Enrolment
        (semester, "year", studentId, courseCode) 
    values
        (?, ?, ?, ?)
14:18:19,205 DEBUG BaseGeneralDataRegion:59 - Caching[foo.org.hibernate.cache.spi.UpdateTimestampsCache] : [Enrolment] -> [5579090981703681]
14:18:19,206 DEBUG BaseGeneralDataRegion:59 - Caching[foo.org.hibernate.cache.spi.UpdateTimestampsCache] : [CourseMeeting] -> [5579090981707776]
14:18:19,206 DEBUG BaseGeneralDataRegion:59 - Caching[foo.org.hibernate.cache.spi.UpdateTimestampsCache] : [Enrolment] -> [5579090981707777]
14:18:19,206 DEBUG SQL:104 - 
    update
        Address 
    set
        studentNumber=?,
        addressType=? 
    where
        id=?
14:18:19,206 DEBUG SQL:104 - 
    update
        Address 
    set
        studentNumber=?,
        addressType=? 
    where
        id=?
14:18:19,214 DEBUG BaseGeneralDataRegion:59 - Caching[foo.org.hibernate.cache.spi.UpdateTimestampsCache] : [Address] -> [5579090981740544]
14:18:19,214 DEBUG SQL:104 - 
    insert 
    into
        Student_secretCodes
        (studentNumber, i, secretCode) 
    values
        (?, ?, ?)
14:18:19,214 DEBUG BaseGeneralDataRegion:59 - Caching[foo.org.hibernate.cache.spi.UpdateTimestampsCache] : [Student_secretCodes] -> [5579090981740545]
14:18:19,215 DEBUG BaseGeneralDataRegion:59 - Caching[foo.org.hibernate.cache.spi.UpdateTimestampsCache] : [Enrolment] -> [5579090981744640]
14:18:19,215 DEBUG BaseGeneralDataRegion:59 - Caching[foo.org.hibernate.cache.spi.UpdateTimestampsCache] : [Address] -> [5579090981744641]
14:18:19,215 DEBUG SQL:104 - 
    insert 
    into
        Student_secretCodes
        (studentNumber, i, secretCode) 
    values
        (?, ?, ?)
14:18:19,215 DEBUG SQL:104 - 
    insert 
    into
        Student_secretCodes
        (studentNumber, i, secretCode) 
    values
        (?, ?, ?)
14:18:19,224 DEBUG BaseGeneralDataRegion:59 - Caching[foo.org.hibernate.cache.spi.UpdateTimestampsCache] : [Student_secretCodes] -> [5579090981781504]
14:18:19,225 DEBUG BaseGeneralDataRegion:59 - Caching[foo.org.hibernate.cache.spi.UpdateTimestampsCache] : [Student] -> [5579090736025600]
14:18:19,225 DEBUG BaseGeneralDataRegion:59 - Caching[foo.org.hibernate.cache.spi.UpdateTimestampsCache] : [Course] -> [5579090736025600]
14:18:19,225 DEBUG BaseGeneralDataRegion:59 - Caching[foo.org.hibernate.cache.spi.UpdateTimestampsCache] : [Enrolment] -> [5579090736025600]
14:18:19,225 DEBUG BaseGeneralDataRegion:59 - Caching[foo.org.hibernate.cache.spi.UpdateTimestampsCache] : [Student_secretCodes] -> [5579090736025600]
14:18:19,225 DEBUG BaseGeneralDataRegion:59 - Caching[foo.org.hibernate.cache.spi.UpdateTimestampsCache] : [Address] -> [5579090736025600]
14:18:19,225 DEBUG BaseGeneralDataRegion:59 - Caching[foo.org.hibernate.cache.spi.UpdateTimestampsCache] : [CourseMeeting] -> [5579090736025600]
14:18:19,226 DEBUG SQL:104 - 
    select
        this_.name_first as y0_,
        this_.name_middle as y1_,
        this_.name_last as y2_ 
    from
        Student this_ 
    order by
        this_.studentId asc
14:18:19,226 DEBUG BaseGeneralDataRegion:59 - Caching[foo.org.hibernate.cache.internal.StandardQueryCache] : [sql: select this_.name_first as y0_, this_.name_middle as y1_, this_.name_last as y2_ from Student this_ order by this_.studentId asc; parameters: ; transformer: org.hibernate.transform.CacheableResultTransformer@110f2] -> [[5579090736029697, [Ljava.lang.Object;@b0b69ad, [Ljava.lang.Object;@1a46e285]]
14:18:19,227 DEBUG SQL:104 - 
    select
        this_.name_first as y0_,
        this_.name_middle as y1_,
        this_.name_last as y2_ 
    from
        Student this_ 
    order by
        this_.studentId asc
14:18:19,227 DEBUG BaseGeneralDataRegion:59 - Caching[foo.org.hibernate.cache.internal.StandardQueryCache] : [sql: select this_.name_first as y0_, this_.name_middle as y1_, this_.name_last as y2_ from Student this_ order by this_.studentId asc; parameters: ; transformer: org.hibernate.transform.CacheableResultTransformer@110f2] -> [[5579090736033793, [Ljava.lang.Object;@7855af31, [Ljava.lang.Object;@4160f7af]]
14:18:19,227 DEBUG SQL:104 - 
    select
        student_.studentId,
        student_.name_first as name2_4_,
        student_.name_middle as name3_4_,
        student_.name_last as name4_4_,
        student_.preferredCourseCode as preferre5_4_ 
    from
        Student student_ 
    where
        student_.studentId=?
14:18:19,235 DEBUG SQL:104 - 
    select
        enrolment_.studentId,
        enrolment_.courseCode,
        enrolment_.semester as semester3_,
        enrolment_."year" as year4_3_ 
    from
        Enrolment enrolment_ 
    where
        enrolment_.studentId=? 
        and enrolment_.courseCode=?
14:18:19,235 DEBUG SQL:104 - 
    select
        course_.courseCode,
        course_.description as descript2_1_ 
    from
        Course course_ 
    where
        course_.courseCode=?
14:18:19,235 DEBUG SQL:104 - 
    select
        student_.studentId,
        student_.name_first as name2_4_,
        student_.name_middle as name3_4_,
        student_.name_last as name4_4_,
        student_.preferredCourseCode as preferre5_4_ 
    from
        Student student_ 
    where
        student_.studentId=?
14:18:19,245 DEBUG SQL:104 - 
    select
        enrolment_.studentId,
        enrolment_.courseCode,
        enrolment_.semester as semester3_,
        enrolment_."year" as year4_3_ 
    from
        Enrolment enrolment_ 
    where
        enrolment_.studentId=? 
        and enrolment_.courseCode=?
14:18:19,245 DEBUG SQL:104 - 
    select
        coursemeet_.courseCode,
        coursemeet_.day,
        coursemeet_.period,
        coursemeet_.location 
    from
        CourseMeeting coursemeet_ 
    where
        coursemeet_.courseCode=? 
        and coursemeet_.day=? 
        and coursemeet_.period=? 
        and coursemeet_.location=?
14:18:19,254 DEBUG SQL:104 - 
    select
        coursemeet_.courseCode,
        coursemeet_.day,
        coursemeet_.period,
        coursemeet_.location 
    from
        CourseMeeting coursemeet_ 
    where
        coursemeet_.courseCode=? 
        and coursemeet_.day=? 
        and coursemeet_.period=? 
        and coursemeet_.location=?
14:18:19,255 DEBUG BaseGeneralDataRegion:59 - Caching[foo.org.hibernate.cache.spi.UpdateTimestampsCache] : [Enrolment] -> [5579090981908480]
14:18:19,255 DEBUG SQL:104 - 
    update
        Address 
    set
        studentNumber=null,
        addressType=null 
    where
        studentNumber=?
14:18:19,255 DEBUG BaseGeneralDataRegion:59 - Caching[foo.org.hibernate.cache.spi.UpdateTimestampsCache] : [Address] -> [5579090981908481]
14:18:19,255 DEBUG SQL:104 - 
    delete 
    from
        Student_secretCodes 
    where
        studentNumber=?
14:18:19,255 DEBUG BaseGeneralDataRegion:59 - Caching[foo.org.hibernate.cache.spi.UpdateTimestampsCache] : [Student_secretCodes] -> [5579090981908482]
14:18:19,255 DEBUG BaseGeneralDataRegion:59 - Caching[foo.org.hibernate.cache.spi.UpdateTimestampsCache] : [Enrolment] -> [5579090981908483]
14:18:19,255 DEBUG BaseGeneralDataRegion:59 - Caching[foo.org.hibernate.cache.spi.UpdateTimestampsCache] : [Address] -> [5579090981908484]
14:18:19,256 DEBUG SQL:104 - 
    delete 
    from
        Student_secretCodes 
    where
        studentNumber=?
14:18:19,256 DEBUG BaseGeneralDataRegion:59 - Caching[foo.org.hibernate.cache.spi.UpdateTimestampsCache] : [Student_secretCodes] -> [5579090981912576]
14:18:19,256 DEBUG BaseGeneralDataRegion:59 - Caching[foo.org.hibernate.cache.spi.UpdateTimestampsCache] : [CourseMeeting] -> [5579090981912577]
14:18:19,256 DEBUG SQL:104 - 
    delete 
    from
        Enrolment 
    where
        studentId=? 
        and courseCode=?
14:18:19,256 DEBUG BaseGeneralDataRegion:59 - Caching[foo.org.hibernate.cache.spi.UpdateTimestampsCache] : [Enrolment] -> [5579090981912578]
14:18:19,256 DEBUG SQL:104 - 
    delete 
    from
        Address 
    where
        id=?
14:18:19,256 DEBUG BaseGeneralDataRegion:59 - Caching[foo.org.hibernate.cache.spi.UpdateTimestampsCache] : [Address] -> [5579090981912579]
14:18:19,256 DEBUG SQL:104 - 
    delete 
    from
        Address 
    where
        id=?
14:18:19,268 DEBUG BaseGeneralDataRegion:59 - Caching[foo.org.hibernate.cache.spi.UpdateTimestampsCache] : [Address] -> [5579090981961728]
14:18:19,268 DEBUG SQL:104 - 
    delete 
    from
        Student 
    where
        studentId=?
14:18:19,268 DEBUG BaseGeneralDataRegion:59 - Caching[foo.org.hibernate.cache.spi.UpdateTimestampsCache] : [Student] -> [5579090981961729]
14:18:19,269 DEBUG SQL:104 - 
    delete 
    from
        Enrolment 
    where
        studentId=? 
        and courseCode=?
14:18:19,269 DEBUG BaseGeneralDataRegion:59 - Caching[foo.org.hibernate.cache.spi.UpdateTimestampsCache] : [Enrolment] -> [5579090981965824]
14:18:19,269 DEBUG SQL:104 - 
    delete 
    from
        Student 
    where
        studentId=?
14:18:19,269 DEBUG BaseGeneralDataRegion:59 - Caching[foo.org.hibernate.cache.spi.UpdateTimestampsCache] : [Student] -> [5579090981965825]
14:18:19,269 DEBUG SQL:104 - 
    delete 
    from
        CourseMeeting 
    where
        courseCode=? 
        and day=? 
        and period=? 
        and location=?
14:18:19,279 DEBUG BaseGeneralDataRegion:59 - Caching[foo.org.hibernate.cache.spi.UpdateTimestampsCache] : [CourseMeeting] -> [5579090982006784]
14:18:19,279 DEBUG SQL:104 - 
    delete 
    from
        CourseMeeting 
    where
        courseCode=? 
        and day=? 
        and period=? 
        and location=?
14:18:19,279 DEBUG BaseGeneralDataRegion:59 - Caching[foo.org.hibernate.cache.spi.UpdateTimestampsCache] : [CourseMeeting] -> [5579090982006785]
14:18:19,279 DEBUG SQL:104 - 
    delete 
    from
        Course 
    where
        courseCode=?
14:18:19,280 DEBUG BaseGeneralDataRegion:59 - Caching[foo.org.hibernate.cache.spi.UpdateTimestampsCache] : [Course] -> [5579090982010880]
14:18:19,280 DEBUG BaseGeneralDataRegion:59 - Caching[foo.org.hibernate.cache.spi.UpdateTimestampsCache] : [Student] -> [5579090736250881]
14:18:19,280 DEBUG BaseGeneralDataRegion:59 - Caching[foo.org.hibernate.cache.spi.UpdateTimestampsCache] : [Course] -> [5579090736250881]
14:18:19,280 DEBUG BaseGeneralDataRegion:59 - Caching[foo.org.hibernate.cache.spi.UpdateTimestampsCache] : [Enrolment] -> [5579090736250881]
14:18:19,280 DEBUG BaseGeneralDataRegion:59 - Caching[foo.org.hibernate.cache.spi.UpdateTimestampsCache] : [Student_secretCodes] -> [5579090736250881]
14:18:19,280 DEBUG BaseGeneralDataRegion:59 - Caching[foo.org.hibernate.cache.spi.UpdateTimestampsCache] : [Address] -> [5579090736250881]
14:18:19,280 DEBUG BaseGeneralDataRegion:59 - Caching[foo.org.hibernate.cache.spi.UpdateTimestampsCache] : [CourseMeeting] -> [5579090736250881]
14:18:19,281  INFO CustomRunner:139 - Test: testOneSelectNewNoAliasesList
14:18:19,281 DEBUG SQL:104 - 
    select
        coursemeet_.courseCode,
        coursemeet_.day,
        coursemeet_.period,
        coursemeet_.location 
    from
        CourseMeeting coursemeet_ 
    where
        coursemeet_.courseCode=? 
        and coursemeet_.day=? 
        and coursemeet_.period=? 
        and coursemeet_.location=?
14:18:19,300 DEBUG SQL:104 - 
    select
        coursemeet_.courseCode,
        coursemeet_.day,
        coursemeet_.period,
        coursemeet_.location 
    from
        CourseMeeting coursemeet_ 
    where
        coursemeet_.courseCode=? 
        and coursemeet_.day=? 
        and coursemeet_.period=? 
        and coursemeet_.location=?
14:18:19,302 DEBUG SQL:104 - 
    insert 
    into
        Course
        (description, courseCode) 
    values
        (?, ?)
14:18:19,302 DEBUG BaseGeneralDataRegion:59 - Caching[foo.org.hibernate.cache.spi.UpdateTimestampsCache] : [Course] -> [5579090982100992]
14:18:19,302 DEBUG SQL:104 - 
    insert 
    into
        CourseMeeting
        (courseCode, day, period, location) 
    values
        (?, ?, ?, ?)
14:18:19,302 DEBUG BaseGeneralDataRegion:59 - Caching[foo.org.hibernate.cache.spi.UpdateTimestampsCache] : [CourseMeeting] -> [5579090982100993]
14:18:19,310 DEBUG SQL:104 - 
    insert 
    into
        CourseMeeting
        (courseCode, day, period, location) 
    values
        (?, ?, ?, ?)
14:18:19,310 DEBUG BaseGeneralDataRegion:59 - Caching[foo.org.hibernate.cache.spi.UpdateTimestampsCache] : [CourseMeeting] -> [5579090982133760]
14:18:19,311 DEBUG SQL:104 - 
    insert 
    into
        Student
        (name_first, name_middle, name_last, preferredCourseCode, studentId) 
    values
        (?, ?, ?, ?, ?)
14:18:19,311 DEBUG BaseGeneralDataRegion:59 - Caching[foo.org.hibernate.cache.spi.UpdateTimestampsCache] : [Student] -> [5579090982137856]
14:18:19,311 DEBUG SQL:104 - 
    insert 
    into
        Address
        (addressType, street, city, stateProvince, postalCode, country, studentNumber, id) 
    values
        (?, ?, ?, ?, ?, ?, ?, ?)
14:18:19,311 DEBUG BaseGeneralDataRegion:59 - Caching[foo.org.hibernate.cache.spi.UpdateTimestampsCache] : [Address] -> [5579090982137857]
14:18:19,311 DEBUG SQL:104 - 
    insert 
    into
        Address
        (addressType, street, city, stateProvince, postalCode, country, studentNumber, id) 
    values
        (?, ?, ?, ?, ?, ?, ?, ?)
14:18:19,322 DEBUG BaseGeneralDataRegion:59 - Caching[foo.org.hibernate.cache.spi.UpdateTimestampsCache] : [Address] -> [5579090982182912]
14:18:19,322 DEBUG SQL:104 - 
    insert 
    into
        Student
        (name_first, name_middle, name_last, preferredCourseCode, studentId) 
    values
        (?, ?, ?, ?, ?)
14:18:19,322 DEBUG BaseGeneralDataRegion:59 - Caching[foo.org.hibernate.cache.spi.UpdateTimestampsCache] : [Student] -> [5579090982182913]
14:18:19,322 DEBUG SQL:104 - 
    insert 
    into
        Enrolment
        (semester, "year", studentId, courseCode) 
    values
        (?, ?, ?, ?)
14:18:19,323 DEBUG BaseGeneralDataRegion:59 - Caching[foo.org.hibernate.cache.spi.UpdateTimestampsCache] : [Enrolment] -> [5579090982187008]
14:18:19,323 DEBUG SQL:104 - 
    insert 
    into
        Enrolment
        (semester, "year", studentId, courseCode) 
    values
        (?, ?, ?, ?)
14:18:19,323 DEBUG BaseGeneralDataRegion:59 - Caching[foo.org.hibernate.cache.spi.UpdateTimestampsCache] : [Enrolment] -> [5579090982187009]
14:18:19,323 DEBUG BaseGeneralDataRegion:59 - Caching[foo.org.hibernate.cache.spi.UpdateTimestampsCache] : [CourseMeeting] -> [5579090982187010]
14:18:19,323 DEBUG BaseGeneralDataRegion:59 - Caching[foo.org.hibernate.cache.spi.UpdateTimestampsCache] : [Enrolment] -> [5579090982187011]
14:18:19,323 DEBUG SQL:104 - 
    update
        Address 
    set
        studentNumber=?,
        addressType=? 
    where
        id=?
14:18:19,333 DEBUG SQL:104 - 
    update
        Address 
    set
        studentNumber=?,
        addressType=? 
    where
        id=?
14:18:19,333 DEBUG BaseGeneralDataRegion:59 - Caching[foo.org.hibernate.cache.spi.UpdateTimestampsCache] : [Address] -> [5579090982227968]
14:18:19,333 DEBUG SQL:104 - 
    insert 
    into
        Student_secretCodes
        (studentNumber, i, secretCode) 
    values
        (?, ?, ?)
14:18:19,334 DEBUG BaseGeneralDataRegion:59 - Caching[foo.org.hibernate.cache.spi.UpdateTimestampsCache] : [Student_secretCodes] -> [5579090982232064]
14:18:19,334 DEBUG BaseGeneralDataRegion:59 - Caching[foo.org.hibernate.cache.spi.UpdateTimestampsCache] : [Enrolment] -> [5579090982232065]
14:18:19,334 DEBUG BaseGeneralDataRegion:59 - Caching[foo.org.hibernate.cache.spi.UpdateTimestampsCache] : [Address] -> [5579090982232066]
14:18:19,334 DEBUG SQL:104 - 
    insert 
    into
        Student_secretCodes
        (studentNumber, i, secretCode) 
    values
        (?, ?, ?)
14:18:19,343 DEBUG SQL:104 - 
    insert 
    into
        Student_secretCodes
        (studentNumber, i, secretCode) 
    values
        (?, ?, ?)
14:18:19,343 DEBUG BaseGeneralDataRegion:59 - Caching[foo.org.hibernate.cache.spi.UpdateTimestampsCache] : [Student_secretCodes] -> [5579090982268928]
14:18:19,343 DEBUG BaseGeneralDataRegion:59 - Caching[foo.org.hibernate.cache.spi.UpdateTimestampsCache] : [Student] -> [5579090736508929]
14:18:19,343 DEBUG BaseGeneralDataRegion:59 - Caching[foo.org.hibernate.cache.spi.UpdateTimestampsCache] : [Course] -> [5579090736508929]
14:18:19,343 DEBUG BaseGeneralDataRegion:59 - Caching[foo.org.hibernate.cache.spi.UpdateTimestampsCache] : [Enrolment] -> [5579090736508929]
14:18:19,343 DEBUG BaseGeneralDataRegion:59 - Caching[foo.org.hibernate.cache.spi.UpdateTimestampsCache] : [Student_secretCodes] -> [5579090736508929]
14:18:19,344 DEBUG BaseGeneralDataRegion:59 - Caching[foo.org.hibernate.cache.spi.UpdateTimestampsCache] : [Address] -> [5579090736508929]
14:18:19,344 DEBUG BaseGeneralDataRegion:59 - Caching[foo.org.hibernate.cache.spi.UpdateTimestampsCache] : [CourseMeeting] -> [5579090736508929]
14:18:19,344 DEBUG SQL:104 - 
    select
        this_.name_first as y0_,
        this_.name_middle as y1_,
        this_.name_last as y2_ 
    from
        Student this_ 
    order by
        this_.studentId asc
14:18:19,345 DEBUG BaseGeneralDataRegion:59 - Caching[foo.org.hibernate.cache.internal.StandardQueryCache] : [sql: select this_.name_first as y0_, this_.name_middle as y1_, this_.name_last as y2_ from Student this_ order by this_.studentId asc; parameters: ; transformer: org.hibernate.transform.CacheableResultTransformer@110f2] -> [[5579090736517120, [Ljava.lang.Object;@4680a080, [Ljava.lang.Object;@26a957a9]]
14:18:19,345 DEBUG SQL:104 - 
    select
        this_.name_first as y0_,
        this_.name_middle as y1_,
        this_.name_last as y2_ 
    from
        Student this_ 
    order by
        this_.studentId asc
14:18:19,354 DEBUG BaseGeneralDataRegion:59 - Caching[foo.org.hibernate.cache.internal.StandardQueryCache] : [sql: select this_.name_first as y0_, this_.name_middle as y1_, this_.name_last as y2_ from Student this_ order by this_.studentId asc; parameters: ; transformer: org.hibernate.transform.CacheableResultTransformer@110f2] -> [[5579090736553984, [Ljava.lang.Object;@23d2f3ad, [Ljava.lang.Object;@6e7bf53a]]
14:18:19,354 DEBUG SQL:104 - 
    select
        student_.studentId,
        student_.name_first as name2_4_,
        student_.name_middle as name3_4_,
        student_.name_last as name4_4_,
        student_.preferredCourseCode as preferre5_4_ 
    from
        Student student_ 
    where
        student_.studentId=?
14:18:19,355 DEBUG SQL:104 - 
    select
        enrolment_.studentId,
        enrolment_.courseCode,
        enrolment_.semester as semester3_,
        enrolment_."year" as year4_3_ 
    from
        Enrolment enrolment_ 
    where
        enrolment_.studentId=? 
        and enrolment_.courseCode=?
14:18:19,355 DEBUG SQL:104 - 
    select
        course_.courseCode,
        course_.description as descript2_1_ 
    from
        Course course_ 
    where
        course_.courseCode=?
14:18:19,364 DEBUG SQL:104 - 
    select
        student_.studentId,
        student_.name_first as name2_4_,
        student_.name_middle as name3_4_,
        student_.name_last as name4_4_,
        student_.preferredCourseCode as preferre5_4_ 
    from
        Student student_ 
    where
        student_.studentId=?
14:18:19,364 DEBUG SQL:104 - 
    select
        enrolment_.studentId,
        enrolment_.courseCode,
        enrolment_.semester as semester3_,
        enrolment_."year" as year4_3_ 
    from
        Enrolment enrolment_ 
    where
        enrolment_.studentId=? 
        and enrolment_.courseCode=?
14:18:19,365 DEBUG SQL:104 - 
    select
        coursemeet_.courseCode,
        coursemeet_.day,
        coursemeet_.period,
        coursemeet_.location 
    from
        CourseMeeting coursemeet_ 
    where
        coursemeet_.courseCode=? 
        and coursemeet_.day=? 
        and coursemeet_.period=? 
        and coursemeet_.location=?
14:18:19,374 DEBUG SQL:104 - 
    select
        coursemeet_.courseCode,
        coursemeet_.day,
        coursemeet_.period,
        coursemeet_.location 
    from
        CourseMeeting coursemeet_ 
    where
        coursemeet_.courseCode=? 
        and coursemeet_.day=? 
        and coursemeet_.period=? 
        and coursemeet_.location=?
14:18:19,375 DEBUG BaseGeneralDataRegion:59 - Caching[foo.org.hibernate.cache.spi.UpdateTimestampsCache] : [Enrolment] -> [5579090982400000]
14:18:19,375 DEBUG SQL:104 - 
    update
        Address 
    set
        studentNumber=null,
        addressType=null 
    where
        studentNumber=?
14:18:19,393 DEBUG BaseGeneralDataRegion:59 - Caching[foo.org.hibernate.cache.spi.UpdateTimestampsCache] : [Address] -> [5579090982473728]
14:18:19,393 DEBUG SQL:104 - 
    delete 
    from
        Student_secretCodes 
    where
        studentNumber=?
14:18:19,394 DEBUG BaseGeneralDataRegion:59 - Caching[foo.org.hibernate.cache.spi.UpdateTimestampsCache] : [Student_secretCodes] -> [5579090982477824]
14:18:19,394 DEBUG BaseGeneralDataRegion:59 - Caching[foo.org.hibernate.cache.spi.UpdateTimestampsCache] : [Enrolment] -> [5579090982477825]
14:18:19,394 DEBUG BaseGeneralDataRegion:59 - Caching[foo.org.hibernate.cache.spi.UpdateTimestampsCache] : [Address] -> [5579090982477826]
14:18:19,394 DEBUG SQL:104 - 
    delete 
    from
        Student_secretCodes 
    where
        studentNumber=?
14:18:19,394 DEBUG BaseGeneralDataRegion:59 - Caching[foo.org.hibernate.cache.spi.UpdateTimestampsCache] : [Student_secretCodes] -> [5579090982477827]
14:18:19,394 DEBUG BaseGeneralDataRegion:59 - Caching[foo.org.hibernate.cache.spi.UpdateTimestampsCache] : [CourseMeeting] -> [5579090982477828]
14:18:19,394 DEBUG SQL:104 - 
    delete 
    from
        Enrolment 
    where
        studentId=? 
        and courseCode=?
14:18:19,395 DEBUG BaseGeneralDataRegion:59 - Caching[foo.org.hibernate.cache.spi.UpdateTimestampsCache] : [Enrolment] -> [5579090982481920]
14:18:19,395 DEBUG SQL:104 - 
    delete 
    from
        Address 
    where
        id=?
14:18:19,395 DEBUG BaseGeneralDataRegion:59 - Caching[foo.org.hibernate.cache.spi.UpdateTimestampsCache] : [Address] -> [5579090982481921]
14:18:19,395 DEBUG SQL:104 - 
    delete 
    from
        Address 
    where
        id=?
14:18:19,395 DEBUG BaseGeneralDataRegion:59 - Caching[foo.org.hibernate.cache.spi.UpdateTimestampsCache] : [Address] -> [5579090982481922]
14:18:19,395 DEBUG SQL:104 - 
    delete 
    from
        Student 
    where
        studentId=?
14:18:19,395 DEBUG BaseGeneralDataRegion:59 - Caching[foo.org.hibernate.cache.spi.UpdateTimestampsCache] : [Student] -> [5579090982481923]
14:18:19,396 DEBUG SQL:104 - 
    delete 
    from
        Enrolment 
    where
        studentId=? 
        and courseCode=?
14:18:19,396 DEBUG BaseGeneralDataRegion:59 - Caching[foo.org.hibernate.cache.spi.UpdateTimestampsCache] : [Enrolment] -> [5579090982486016]
14:18:19,396 DEBUG SQL:104 - 
    delete 
    from
        Student 
    where
        studentId=?
14:18:19,400 DEBUG BaseGeneralDataRegion:59 - Caching[foo.org.hibernate.cache.spi.UpdateTimestampsCache] : [Student] -> [5579090982502400]
14:18:19,401 DEBUG SQL:104 - 
    delete 
    from
        CourseMeeting 
    where
        courseCode=? 
        and day=? 
        and period=? 
        and location=?
14:18:19,401 DEBUG BaseGeneralDataRegion:59 - Caching[foo.org.hibernate.cache.spi.UpdateTimestampsCache] : [CourseMeeting] -> [5579090982506496]
14:18:19,401 DEBUG SQL:104 - 
    delete 
    from
        CourseMeeting 
    where
        courseCode=? 
        and day=? 
        and period=? 
        and location=?
14:18:19,401 DEBUG BaseGeneralDataRegion:59 - Caching[foo.org.hibernate.cache.spi.UpdateTimestampsCache] : [CourseMeeting] -> [5579090982506497]
14:18:19,401 DEBUG SQL:104 - 
    delete 
    from
        Course 
    where
        courseCode=?
14:18:19,411 DEBUG BaseGeneralDataRegion:59 - Caching[foo.org.hibernate.cache.spi.UpdateTimestampsCache] : [Course] -> [5579090982547456]
14:18:19,411 DEBUG BaseGeneralDataRegion:59 - Caching[foo.org.hibernate.cache.spi.UpdateTimestampsCache] : [Student] -> [5579090736787457]
14:18:19,411 DEBUG BaseGeneralDataRegion:59 - Caching[foo.org.hibernate.cache.spi.UpdateTimestampsCache] : [Course] -> [5579090736787457]
14:18:19,411 DEBUG BaseGeneralDataRegion:59 - Caching[foo.org.hibernate.cache.spi.UpdateTimestampsCache] : [Enrolment] -> [5579090736787457]
14:18:19,411 DEBUG BaseGeneralDataRegion:59 - Caching[foo.org.hibernate.cache.spi.UpdateTimestampsCache] : [Student_secretCodes] -> [5579090736787457]
14:18:19,411 DEBUG BaseGeneralDataRegion:59 - Caching[foo.org.hibernate.cache.spi.UpdateTimestampsCache] : [Address] -> [5579090736787457]
14:18:19,411 DEBUG BaseGeneralDataRegion:59 - Caching[foo.org.hibernate.cache.spi.UpdateTimestampsCache] : [CourseMeeting] -> [5579090736787457]
14:18:19,412  INFO CustomRunner:139 - Test: testSelectNewEntityConstructorList
14:18:19,413 DEBUG SQL:104 - 
    select
        coursemeet_.courseCode,
        coursemeet_.day,
        coursemeet_.period,
        coursemeet_.location 
    from
        CourseMeeting coursemeet_ 
    where
        coursemeet_.courseCode=? 
        and coursemeet_.day=? 
        and coursemeet_.period=? 
        and coursemeet_.location=?
14:18:19,413 DEBUG SQL:104 - 
    select
        coursemeet_.courseCode,
        coursemeet_.day,
        coursemeet_.period,
        coursemeet_.location 
    from
        CourseMeeting coursemeet_ 
    where
        coursemeet_.courseCode=? 
        and coursemeet_.day=? 
        and coursemeet_.period=? 
        and coursemeet_.location=?
14:18:19,414 DEBUG SQL:104 - 
    insert 
    into
        Course
        (description, courseCode) 
    values
        (?, ?)
14:18:19,414 DEBUG BaseGeneralDataRegion:59 - Caching[foo.org.hibernate.cache.spi.UpdateTimestampsCache] : [Course] -> [5579090982559744]
14:18:19,433 DEBUG SQL:104 - 
    insert 
    into
        CourseMeeting
        (courseCode, day, period, location) 
    values
        (?, ?, ?, ?)
14:18:19,433 DEBUG BaseGeneralDataRegion:59 - Caching[foo.org.hibernate.cache.spi.UpdateTimestampsCache] : [CourseMeeting] -> [5579090982637568]
14:18:19,433 DEBUG SQL:104 - 
    insert 
    into
        CourseMeeting
        (courseCode, day, period, location) 
    values
        (?, ?, ?, ?)
14:18:19,433 DEBUG BaseGeneralDataRegion:59 - Caching[foo.org.hibernate.cache.spi.UpdateTimestampsCache] : [CourseMeeting] -> [5579090982637569]
14:18:19,433 DEBUG SQL:104 - 
    insert 
    into
        Student
        (name_first, name_middle, name_last, preferredCourseCode, studentId) 
    values
        (?, ?, ?, ?, ?)
14:18:19,434 DEBUG BaseGeneralDataRegion:59 - Caching[foo.org.hibernate.cache.spi.UpdateTimestampsCache] : [Student] -> [5579090982641664]
14:18:19,434 DEBUG SQL:104 - 
    insert 
    into
        Address
        (addressType, street, city, stateProvince, postalCode, country, studentNumber, id) 
    values
        (?, ?, ?, ?, ?, ?, ?, ?)
14:18:19,443 DEBUG BaseGeneralDataRegion:59 - Caching[foo.org.hibernate.cache.spi.UpdateTimestampsCache] : [Address] -> [5579090982678528]
14:18:19,443 DEBUG SQL:104 - 
    insert 
    into
        Address
        (addressType, street, city, stateProvince, postalCode, country, studentNumber, id) 
    values
        (?, ?, ?, ?, ?, ?, ?, ?)
14:18:19,443 DEBUG BaseGeneralDataRegion:59 - Caching[foo.org.hibernate.cache.spi.UpdateTimestampsCache] : [Address] -> [5579090982678529]
14:18:19,443 DEBUG SQL:104 - 
    insert 
    into
        Student
        (name_first, name_middle, name_last, preferredCourseCode, studentId) 
    values
        (?, ?, ?, ?, ?)
14:18:19,443 DEBUG BaseGeneralDataRegion:59 - Caching[foo.org.hibernate.cache.spi.UpdateTimestampsCache] : [Student] -> [5579090982678530]
14:18:19,443 DEBUG SQL:104 - 
    insert 
    into
        Enrolment
        (semester, "year", studentId, courseCode) 
    values
        (?, ?, ?, ?)
14:18:19,444 DEBUG BaseGeneralDataRegion:59 - Caching[foo.org.hibernate.cache.spi.UpdateTimestampsCache] : [Enrolment] -> [5579090982682624]
14:18:19,444 DEBUG SQL:104 - 
    insert 
    into
        Enrolment
        (semester, "year", studentId, courseCode) 
    values
        (?, ?, ?, ?)
14:18:19,452 DEBUG BaseGeneralDataRegion:59 - Caching[foo.org.hibernate.cache.spi.UpdateTimestampsCache] : [Enrolment] -> [5579090982715392]
14:18:19,452 DEBUG BaseGeneralDataRegion:59 - Caching[foo.org.hibernate.cache.spi.UpdateTimestampsCache] : [CourseMeeting] -> [5579090982715393]
14:18:19,452 DEBUG BaseGeneralDataRegion:59 - Caching[foo.org.hibernate.cache.spi.UpdateTimestampsCache] : [Enrolment] -> [5579090982715394]
14:18:19,453 DEBUG SQL:104 - 
    update
        Address 
    set
        studentNumber=?,
        addressType=? 
    where
        id=?
14:18:19,453 DEBUG SQL:104 - 
    update
        Address 
    set
        studentNumber=?,
        addressType=? 
    where
        id=?
14:18:19,453 DEBUG BaseGeneralDataRegion:59 - Caching[foo.org.hibernate.cache.spi.UpdateTimestampsCache] : [Address] -> [5579090982719488]
14:18:19,453 DEBUG SQL:104 - 
    insert 
    into
        Student_secretCodes
        (studentNumber, i, secretCode) 
    values
        (?, ?, ?)
14:18:19,463 DEBUG BaseGeneralDataRegion:59 - Caching[foo.org.hibernate.cache.spi.UpdateTimestampsCache] : [Student_secretCodes] -> [5579090982760448]
14:18:19,463 DEBUG BaseGeneralDataRegion:59 - Caching[foo.org.hibernate.cache.spi.UpdateTimestampsCache] : [Enrolment] -> [5579090982760449]
14:18:19,463 DEBUG BaseGeneralDataRegion:59 - Caching[foo.org.hibernate.cache.spi.UpdateTimestampsCache] : [Address] -> [5579090982760450]
14:18:19,463 DEBUG SQL:104 - 
    insert 
    into
        Student_secretCodes
        (studentNumber, i, secretCode) 
    values
        (?, ?, ?)
14:18:19,463 DEBUG SQL:104 - 
    insert 
    into
        Student_secretCodes
        (studentNumber, i, secretCode) 
    values
        (?, ?, ?)
14:18:19,464 DEBUG BaseGeneralDataRegion:59 - Caching[foo.org.hibernate.cache.spi.UpdateTimestampsCache] : [Student_secretCodes] -> [5579090982764544]
14:18:19,464 DEBUG BaseGeneralDataRegion:59 - Caching[foo.org.hibernate.cache.spi.UpdateTimestampsCache] : [Student] -> [5579090737004545]
14:18:19,464 DEBUG BaseGeneralDataRegion:59 - Caching[foo.org.hibernate.cache.spi.UpdateTimestampsCache] : [Course] -> [5579090737004545]
14:18:19,464 DEBUG BaseGeneralDataRegion:59 - Caching[foo.org.hibernate.cache.spi.UpdateTimestampsCache] : [Enrolment] -> [5579090737004545]
14:18:19,464 DEBUG BaseGeneralDataRegion:59 - Caching[foo.org.hibernate.cache.spi.UpdateTimestampsCache] : [Student_secretCodes] -> [5579090737004545]
14:18:19,464 DEBUG BaseGeneralDataRegion:59 - Caching[foo.org.hibernate.cache.spi.UpdateTimestampsCache] : [Address] -> [5579090737004545]
14:18:19,464 DEBUG BaseGeneralDataRegion:59 - Caching[foo.org.hibernate.cache.spi.UpdateTimestampsCache] : [CourseMeeting] -> [5579090737004545]
14:18:19,465 DEBUG SQL:104 - 
    select
        this_.studentId as y0_,
        this_.name_first as y1_,
        this_.name_middle as y2_,
        this_.name_last as y3_ 
    from
        Student this_ 
    order by
        this_.studentId asc
14:18:19,474 DEBUG BaseGeneralDataRegion:59 - Caching[foo.org.hibernate.cache.internal.StandardQueryCache] : [sql: select this_.studentId as y0_, this_.name_first as y1_, this_.name_middle as y2_, this_.name_last as y3_ from Student this_ order by this_.studentId asc; parameters: ; transformer: org.hibernate.transform.CacheableResultTransformer@1406bf] -> [[5579090737045504, [Ljava.io.Serializable;@76704c6a, [Ljava.io.Serializable;@46a8ffe5]]
14:18:19,474 DEBUG SQL:104 - 
    select
        this_.studentId as y0_,
        this_.name_first as y1_,
        this_.name_middle as y2_,
        this_.name_last as y3_ 
    from
        Student this_ 
    order by
        this_.studentId asc
14:18:19,474 DEBUG BaseGeneralDataRegion:59 - Caching[foo.org.hibernate.cache.internal.StandardQueryCache] : [sql: select this_.studentId as y0_, this_.name_first as y1_, this_.name_middle as y2_, this_.name_last as y3_ from Student this_ order by this_.studentId asc; parameters: ; transformer: org.hibernate.transform.CacheableResultTransformer@1406bf] -> [[5579090737045507, [Ljava.io.Serializable;@730a3d36, [Ljava.io.Serializable;@2538df3b]]
14:18:19,475 DEBUG SQL:104 - 
    select
        student_.studentId,
        student_.name_first as name2_4_,
        student_.name_middle as name3_4_,
        student_.name_last as name4_4_,
        student_.preferredCourseCode as preferre5_4_ 
    from
        Student student_ 
    where
        student_.studentId=?
14:18:19,475 DEBUG SQL:104 - 
    select
        enrolment_.studentId,
        enrolment_.courseCode,
        enrolment_.semester as semester3_,
        enrolment_."year" as year4_3_ 
    from
        Enrolment enrolment_ 
    where
        enrolment_.studentId=? 
        and enrolment_.courseCode=?
14:18:19,484 DEBUG SQL:104 - 
    select
        course_.courseCode,
        course_.description as descript2_1_ 
    from
        Course course_ 
    where
        course_.courseCode=?
14:18:19,484 DEBUG SQL:104 - 
    select
        student_.studentId,
        student_.name_first as name2_4_,
        student_.name_middle as name3_4_,
        student_.name_last as name4_4_,
        student_.preferredCourseCode as preferre5_4_ 
    from
        Student student_ 
    where
        student_.studentId=?
14:18:19,485 DEBUG SQL:104 - 
    select
        enrolment_.studentId,
        enrolment_.courseCode,
        enrolment_.semester as semester3_,
        enrolment_."year" as year4_3_ 
    from
        Enrolment enrolment_ 
    where
        enrolment_.studentId=? 
        and enrolment_.courseCode=?
14:18:19,494 DEBUG SQL:104 - 
    select
        coursemeet_.courseCode,
        coursemeet_.day,
        coursemeet_.period,
        coursemeet_.location 
    from
        CourseMeeting coursemeet_ 
    where
        coursemeet_.courseCode=? 
        and coursemeet_.day=? 
        and coursemeet_.period=? 
        and coursemeet_.location=?
14:18:19,494 DEBUG SQL:104 - 
    select
        coursemeet_.courseCode,
        coursemeet_.day,
        coursemeet_.period,
        coursemeet_.location 
    from
        CourseMeeting coursemeet_ 
    where
        coursemeet_.courseCode=? 
        and coursemeet_.day=? 
        and coursemeet_.period=? 
        and coursemeet_.location=?
14:18:19,504 DEBUG BaseGeneralDataRegion:59 - Caching[foo.org.hibernate.cache.spi.UpdateTimestampsCache] : [Enrolment] -> [5579090982928384]
14:18:19,504 DEBUG SQL:104 - 
    update
        Address 
    set
        studentNumber=null,
        addressType=null 
    where
        studentNumber=?
14:18:19,504 DEBUG BaseGeneralDataRegion:59 - Caching[foo.org.hibernate.cache.spi.UpdateTimestampsCache] : [Address] -> [5579090982928385]
14:18:19,504 DEBUG SQL:104 - 
    delete 
    from
        Student_secretCodes 
    where
        studentNumber=?
14:18:19,505 DEBUG BaseGeneralDataRegion:59 - Caching[foo.org.hibernate.cache.spi.UpdateTimestampsCache] : [Student_secretCodes] -> [5579090982932480]
14:18:19,505 DEBUG BaseGeneralDataRegion:59 - Caching[foo.org.hibernate.cache.spi.UpdateTimestampsCache] : [Enrolment] -> [5579090982932481]
14:18:19,505 DEBUG BaseGeneralDataRegion:59 - Caching[foo.org.hibernate.cache.spi.UpdateTimestampsCache] : [Address] -> [5579090982932482]
14:18:19,505 DEBUG SQL:104 - 
    delete 
    from
        Student_secretCodes 
    where
        studentNumber=?
14:18:19,516 DEBUG BaseGeneralDataRegion:59 - Caching[foo.org.hibernate.cache.spi.UpdateTimestampsCache] : [Student_secretCodes] -> [5579090982977536]
14:18:19,516 DEBUG BaseGeneralDataRegion:59 - Caching[foo.org.hibernate.cache.spi.UpdateTimestampsCache] : [CourseMeeting] -> [5579090982977537]
14:18:19,516 DEBUG SQL:104 - 
    delete 
    from
        Enrolment 
    where
        studentId=? 
        and courseCode=?
14:18:19,517 DEBUG BaseGeneralDataRegion:59 - Caching[foo.org.hibernate.cache.spi.UpdateTimestampsCache] : [Enrolment] -> [5579090982981632]
14:18:19,517 DEBUG SQL:104 - 
    delete 
    from
        Address 
    where
        id=?
14:18:19,517 DEBUG BaseGeneralDataRegion:59 - Caching[foo.org.hibernate.cache.spi.UpdateTimestampsCache] : [Address] -> [5579090982981633]
14:18:19,517 DEBUG SQL:104 - 
    delete 
    from
        Address 
    where
        id=?
14:18:19,517 DEBUG BaseGeneralDataRegion:59 - Caching[foo.org.hibernate.cache.spi.UpdateTimestampsCache] : [Address] -> [5579090982981634]
14:18:19,517 DEBUG SQL:104 - 
    delete 
    from
        Student 
    where
        studentId=?
14:18:19,517 DEBUG BaseGeneralDataRegion:59 - Caching[foo.org.hibernate.cache.spi.UpdateTimestampsCache] : [Student] -> [5579090982981635]
14:18:19,518 DEBUG SQL:104 - 
    delete 
    from
        Enrolment 
    where
        studentId=? 
        and courseCode=?
14:18:19,518 DEBUG BaseGeneralDataRegion:59 - Caching[foo.org.hibernate.cache.spi.UpdateTimestampsCache] : [Enrolment] -> [5579090982985728]
14:18:19,518 DEBUG SQL:104 - 
    delete 
    from
        Student 
    where
        studentId=?
14:18:19,518 DEBUG BaseGeneralDataRegion:59 - Caching[foo.org.hibernate.cache.spi.UpdateTimestampsCache] : [Student] -> [5579090982985729]
14:18:19,518 DEBUG SQL:104 - 
    delete 
    from
        CourseMeeting 
    where
        courseCode=? 
        and day=? 
        and period=? 
        and location=?
14:18:19,518 DEBUG BaseGeneralDataRegion:59 - Caching[foo.org.hibernate.cache.spi.UpdateTimestampsCache] : [CourseMeeting] -> [5579090982985730]
14:18:19,518 DEBUG SQL:104 - 
    delete 
    from
        CourseMeeting 
    where
        courseCode=? 
        and day=? 
        and period=? 
        and location=?
14:18:19,529 DEBUG BaseGeneralDataRegion:59 - Caching[foo.org.hibernate.cache.spi.UpdateTimestampsCache] : [CourseMeeting] -> [5579090983030784]
14:18:19,529 DEBUG SQL:104 - 
    delete 
    from
        Course 
    where
        courseCode=?
14:18:19,529 DEBUG BaseGeneralDataRegion:59 - Caching[foo.org.hibernate.cache.spi.UpdateTimestampsCache] : [Course] -> [5579090983030785]
14:18:19,529 DEBUG BaseGeneralDataRegion:59 - Caching[foo.org.hibernate.cache.spi.UpdateTimestampsCache] : [Student] -> [5579090737270786]
14:18:19,529 DEBUG BaseGeneralDataRegion:59 - Caching[foo.org.hibernate.cache.spi.UpdateTimestampsCache] : [Course] -> [5579090737270786]
14:18:19,529 DEBUG BaseGeneralDataRegion:59 - Caching[foo.org.hibernate.cache.spi.UpdateTimestampsCache] : [Enrolment] -> [5579090737270786]
14:18:19,530 DEBUG BaseGeneralDataRegion:59 - Caching[foo.org.hibernate.cache.spi.UpdateTimestampsCache] : [Student_secretCodes] -> [5579090737270786]
14:18:19,530 DEBUG BaseGeneralDataRegion:59 - Caching[foo.org.hibernate.cache.spi.UpdateTimestampsCache] : [Address] -> [5579090737270786]
14:18:19,530 DEBUG BaseGeneralDataRegion:59 - Caching[foo.org.hibernate.cache.spi.UpdateTimestampsCache] : [CourseMeeting] -> [5579090737270786]
14:18:19,530  INFO CustomRunner:139 - Test: testSelectNewMapUsingAliasesList
14:18:19,531 DEBUG SQL:104 - 
    select
        coursemeet_.courseCode,
        coursemeet_.day,
        coursemeet_.period,
        coursemeet_.location 
    from
        CourseMeeting coursemeet_ 
    where
        coursemeet_.courseCode=? 
        and coursemeet_.day=? 
        and coursemeet_.period=? 
        and coursemeet_.location=?
14:18:19,539 DEBUG SQL:104 - 
    select
        coursemeet_.courseCode,
        coursemeet_.day,
        coursemeet_.period,
        coursemeet_.location 
    from
        CourseMeeting coursemeet_ 
    where
        coursemeet_.courseCode=? 
        and coursemeet_.day=? 
        and coursemeet_.period=? 
        and coursemeet_.location=?
14:18:19,540 DEBUG SQL:104 - 
    insert 
    into
        Course
        (description, courseCode) 
    values
        (?, ?)
14:18:19,541 DEBUG BaseGeneralDataRegion:59 - Caching[foo.org.hibernate.cache.spi.UpdateTimestampsCache] : [Course] -> [5579090983079936]
14:18:19,541 DEBUG SQL:104 - 
    insert 
    into
        CourseMeeting
        (courseCode, day, period, location) 
    values
        (?, ?, ?, ?)
14:18:19,541 DEBUG BaseGeneralDataRegion:59 - Caching[foo.org.hibernate.cache.spi.UpdateTimestampsCache] : [CourseMeeting] -> [5579090983079937]
14:18:19,541 DEBUG SQL:104 - 
    insert 
    into
        CourseMeeting
        (courseCode, day, period, location) 
    values
        (?, ?, ?, ?)
14:18:19,541 DEBUG BaseGeneralDataRegion:59 - Caching[foo.org.hibernate.cache.spi.UpdateTimestampsCache] : [CourseMeeting] -> [5579090983079938]
14:18:19,542 DEBUG SQL:104 - 
    insert 
    into
        Student
        (name_first, name_middle, name_last, preferredCourseCode, studentId) 
    values
        (?, ?, ?, ?, ?)
14:18:19,561 DEBUG BaseGeneralDataRegion:59 - Caching[foo.org.hibernate.cache.spi.UpdateTimestampsCache] : [Student] -> [5579090983161856]
14:18:19,562 DEBUG SQL:104 - 
    insert 
    into
        Address
        (addressType, street, city, stateProvince, postalCode, country, studentNumber, id) 
    values
        (?, ?, ?, ?, ?, ?, ?, ?)
14:18:19,562 DEBUG BaseGeneralDataRegion:59 - Caching[foo.org.hibernate.cache.spi.UpdateTimestampsCache] : [Address] -> [5579090983165952]
14:18:19,562 DEBUG SQL:104 - 
    insert 
    into
        Address
        (addressType, street, city, stateProvince, postalCode, country, studentNumber, id) 
    values
        (?, ?, ?, ?, ?, ?, ?, ?)
14:18:19,562 DEBUG BaseGeneralDataRegion:59 - Caching[foo.org.hibernate.cache.spi.UpdateTimestampsCache] : [Address] -> [5579090983165953]
14:18:19,562 DEBUG SQL:104 - 
    insert 
    into
        Student
        (name_first, name_middle, name_last, preferredCourseCode, studentId) 
    values
        (?, ?, ?, ?, ?)
14:18:19,562 DEBUG BaseGeneralDataRegion:59 - Caching[foo.org.hibernate.cache.spi.UpdateTimestampsCache] : [Student] -> [5579090983165954]
14:18:19,562 DEBUG SQL:104 - 
    insert 
    into
        Enrolment
        (semester, "year", studentId, courseCode) 
    values
        (?, ?, ?, ?)
14:18:19,570 DEBUG BaseGeneralDataRegion:59 - Caching[foo.org.hibernate.cache.spi.UpdateTimestampsCache] : [Enrolment] -> [5579090983198720]
14:18:19,571 DEBUG SQL:104 - 
    insert 
    into
        Enrolment
        (semester, "year", studentId, courseCode) 
    values
        (?, ?, ?, ?)
14:18:19,571 DEBUG BaseGeneralDataRegion:59 - Caching[foo.org.hibernate.cache.spi.UpdateTimestampsCache] : [Enrolment] -> [5579090983202816]
14:18:19,571 DEBUG BaseGeneralDataRegion:59 - Caching[foo.org.hibernate.cache.spi.UpdateTimestampsCache] : [CourseMeeting] -> [5579090983202817]
14:18:19,571 DEBUG BaseGeneralDataRegion:59 - Caching[foo.org.hibernate.cache.spi.UpdateTimestampsCache] : [Enrolment] -> [5579090983202818]
14:18:19,571 DEBUG SQL:104 - 
    update
        Address 
    set
        studentNumber=?,
        addressType=? 
    where
        id=?
14:18:19,571 DEBUG SQL:104 - 
    update
        Address 
    set
        studentNumber=?,
        addressType=? 
    where
        id=?
14:18:19,580 DEBUG BaseGeneralDataRegion:59 - Caching[foo.org.hibernate.cache.spi.UpdateTimestampsCache] : [Address] -> [5579090983239680]
14:18:19,581 DEBUG SQL:104 - 
    insert 
    into
        Student_secretCodes
        (studentNumber, i, secretCode) 
    values
        (?, ?, ?)
14:18:19,581 DEBUG BaseGeneralDataRegion:59 - Caching[foo.org.hibernate.cache.spi.UpdateTimestampsCache] : [Student_secretCodes] -> [5579090983243776]
14:18:19,581 DEBUG BaseGeneralDataRegion:59 - Caching[foo.org.hibernate.cache.spi.UpdateTimestampsCache] : [Enrolment] -> [5579090983243777]
14:18:19,581 DEBUG BaseGeneralDataRegion:59 - Caching[foo.org.hibernate.cache.spi.UpdateTimestampsCache] : [Address] -> [5579090983243778]
14:18:19,581 DEBUG SQL:104 - 
    insert 
    into
        Student_secretCodes
        (studentNumber, i, secretCode) 
    values
        (?, ?, ?)
14:18:19,581 DEBUG SQL:104 - 
    insert 
    into
        Student_secretCodes
        (studentNumber, i, secretCode) 
    values
        (?, ?, ?)
14:18:19,582 DEBUG BaseGeneralDataRegion:59 - Caching[foo.org.hibernate.cache.spi.UpdateTimestampsCache] : [Student_secretCodes] -> [5579090983247872]
14:18:19,582 DEBUG BaseGeneralDataRegion:59 - Caching[foo.org.hibernate.cache.spi.UpdateTimestampsCache] : [Student] -> [5579090737487873]
14:18:19,582 DEBUG BaseGeneralDataRegion:59 - Caching[foo.org.hibernate.cache.spi.UpdateTimestampsCache] : [Course] -> [5579090737487873]
14:18:19,591 DEBUG BaseGeneralDataRegion:59 - Caching[foo.org.hibernate.cache.spi.UpdateTimestampsCache] : [Enrolment] -> [5579090737487873]
14:18:19,591 DEBUG BaseGeneralDataRegion:59 - Caching[foo.org.hibernate.cache.spi.UpdateTimestampsCache] : [Student_secretCodes] -> [5579090737487873]
14:18:19,591 DEBUG BaseGeneralDataRegion:59 - Caching[foo.org.hibernate.cache.spi.UpdateTimestampsCache] : [Address] -> [5579090737487873]
14:18:19,591 DEBUG BaseGeneralDataRegion:59 - Caching[foo.org.hibernate.cache.spi.UpdateTimestampsCache] : [CourseMeeting] -> [5579090737487873]
14:18:19,592 DEBUG SQL:104 - 
    select
        this_.studentId as y0_,
        this_.name_first as y1_,
        this_.name_middle as y2_,
        this_.name_last as y3_ 
    from
        Student this_ 
    order by
        this_.studentId asc
14:18:19,593 DEBUG BaseGeneralDataRegion:59 - Caching[foo.org.hibernate.cache.internal.StandardQueryCache] : [sql: select this_.studentId as y0_, this_.name_first as y1_, this_.name_middle as y2_, this_.name_last as y3_ from Student this_ order by this_.studentId asc; parameters: ; transformer: org.hibernate.transform.CacheableResultTransformer@1406bf] -> [[5579090737532928, [Ljava.io.Serializable;@23c246b7, [Ljava.io.Serializable;@27b0aab8]]
14:18:19,593 DEBUG SQL:104 - 
    select
        this_.studentId as y0_,
        this_.name_first as y1_,
        this_.name_middle as y2_,
        this_.name_last as y3_ 
    from
        Student this_ 
    order by
        this_.studentId asc
14:18:19,593 DEBUG BaseGeneralDataRegion:59 - Caching[foo.org.hibernate.cache.internal.StandardQueryCache] : [sql: select this_.studentId as y0_, this_.name_first as y1_, this_.name_middle as y2_, this_.name_last as y3_ from Student this_ order by this_.studentId asc; parameters: ; transformer: org.hibernate.transform.CacheableResultTransformer@1406bf] -> [[5579090737532931, [Ljava.io.Serializable;@4148d322, [Ljava.io.Serializable;@141d7eaa]]
14:18:19,593 DEBUG SQL:104 - 
    select
        student_.studentId,
        student_.name_first as name2_4_,
        student_.name_middle as name3_4_,
        student_.name_last as name4_4_,
        student_.preferredCourseCode as preferre5_4_ 
    from
        Student student_ 
    where
        student_.studentId=?
14:18:19,601 DEBUG SQL:104 - 
    select
        enrolment_.studentId,
        enrolment_.courseCode,
        enrolment_.semester as semester3_,
        enrolment_."year" as year4_3_ 
    from
        Enrolment enrolment_ 
    where
        enrolment_.studentId=? 
        and enrolment_.courseCode=?
14:18:19,602 DEBUG SQL:104 - 
    select
        course_.courseCode,
        course_.description as descript2_1_ 
    from
        Course course_ 
    where
        course_.courseCode=?
14:18:19,603 DEBUG SQL:104 - 
    select
        student_.studentId,
        student_.name_first as name2_4_,
        student_.name_middle as name3_4_,
        student_.name_last as name4_4_,
        student_.preferredCourseCode as preferre5_4_ 
    from
        Student student_ 
    where
        student_.studentId=?
14:18:19,612 DEBUG SQL:104 - 
    select
        enrolment_.studentId,
        enrolment_.courseCode,
        enrolment_.semester as semester3_,
        enrolment_."year" as year4_3_ 
    from
        Enrolment enrolment_ 
    where
        enrolment_.studentId=? 
        and enrolment_.courseCode=?
14:18:19,612 DEBUG SQL:104 - 
    select
        coursemeet_.courseCode,
        coursemeet_.day,
        coursemeet_.period,
        coursemeet_.location 
    from
        CourseMeeting coursemeet_ 
    where
        coursemeet_.courseCode=? 
        and coursemeet_.day=? 
        and coursemeet_.period=? 
        and coursemeet_.location=?
14:18:19,622 DEBUG SQL:104 - 
    select
        coursemeet_.courseCode,
        coursemeet_.day,
        coursemeet_.period,
        coursemeet_.location 
    from
        CourseMeeting coursemeet_ 
    where
        coursemeet_.courseCode=? 
        and coursemeet_.day=? 
        and coursemeet_.period=? 
        and coursemeet_.location=?
14:18:19,622 DEBUG BaseGeneralDataRegion:59 - Caching[foo.org.hibernate.cache.spi.UpdateTimestampsCache] : [Enrolment] -> [5579090983411712]
14:18:19,623 DEBUG SQL:104 - 
    update
        Address 
    set
        studentNumber=null,
        addressType=null 
    where
        studentNumber=?
14:18:19,623 DEBUG BaseGeneralDataRegion:59 - Caching[foo.org.hibernate.cache.spi.UpdateTimestampsCache] : [Address] -> [5579090983415808]
14:18:19,623 DEBUG SQL:104 - 
    delete 
    from
        Student_secretCodes 
    where
        studentNumber=?
14:18:19,632 DEBUG BaseGeneralDataRegion:59 - Caching[foo.org.hibernate.cache.spi.UpdateTimestampsCache] : [Student_secretCodes] -> [5579090983452672]
14:18:19,632 DEBUG BaseGeneralDataRegion:59 - Caching[foo.org.hibernate.cache.spi.UpdateTimestampsCache] : [Enrolment] -> [5579090983452673]
14:18:19,632 DEBUG BaseGeneralDataRegion:59 - Caching[foo.org.hibernate.cache.spi.UpdateTimestampsCache] : [Address] -> [5579090983452674]
14:18:19,632 DEBUG SQL:104 - 
    delete 
    from
        Student_secretCodes 
    where
        studentNumber=?
14:18:19,632 DEBUG BaseGeneralDataRegion:59 - Caching[foo.org.hibernate.cache.spi.UpdateTimestampsCache] : [Student_secretCodes] -> [5579090983452675]
14:18:19,632 DEBUG BaseGeneralDataRegion:59 - Caching[foo.org.hibernate.cache.spi.UpdateTimestampsCache] : [CourseMeeting] -> [5579090983452676]
14:18:19,632 DEBUG SQL:104 - 
    delete 
    from
        Enrolment 
    where
        studentId=? 
        and courseCode=?
14:18:19,633 DEBUG BaseGeneralDataRegion:59 - Caching[foo.org.hibernate.cache.spi.UpdateTimestampsCache] : [Enrolment] -> [5579090983456768]
14:18:19,633 DEBUG SQL:104 - 
    delete 
    from
        Address 
    where
        id=?
14:18:19,633 DEBUG BaseGeneralDataRegion:59 - Caching[foo.org.hibernate.cache.spi.UpdateTimestampsCache] : [Address] -> [5579090983456769]
14:18:19,633 DEBUG SQL:104 - 
    delete 
    from
        Address 
    where
        id=?
14:18:19,642 DEBUG BaseGeneralDataRegion:59 - Caching[foo.org.hibernate.cache.spi.UpdateTimestampsCache] : [Address] -> [5579090983493632]
14:18:19,643 DEBUG SQL:104 - 
    delete 
    from
        Student 
    where
        studentId=?
14:18:19,643 DEBUG BaseGeneralDataRegion:59 - Caching[foo.org.hibernate.cache.spi.UpdateTimestampsCache] : [Student] -> [5579090983497728]
14:18:19,643 DEBUG SQL:104 - 
    delete 
    from
        Enrolment 
    where
        studentId=? 
        and courseCode=?
14:18:19,643 DEBUG BaseGeneralDataRegion:59 - Caching[foo.org.hibernate.cache.spi.UpdateTimestampsCache] : [Enrolment] -> [5579090983497729]
14:18:19,643 DEBUG SQL:104 - 
    delete 
    from
        Student 
    where
        studentId=?
14:18:19,644 DEBUG BaseGeneralDataRegion:59 - Caching[foo.org.hibernate.cache.spi.UpdateTimestampsCache] : [Student] -> [5579090983501824]
14:18:19,644 DEBUG SQL:104 - 
    delete 
    from
        CourseMeeting 
    where
        courseCode=? 
        and day=? 
        and period=? 
        and location=?
14:18:19,644 DEBUG BaseGeneralDataRegion:59 - Caching[foo.org.hibernate.cache.spi.UpdateTimestampsCache] : [CourseMeeting] -> [5579090983501825]
14:18:19,644 DEBUG SQL:104 - 
    delete 
    from
        CourseMeeting 
    where
        courseCode=? 
        and day=? 
        and period=? 
        and location=?
14:18:19,644 DEBUG BaseGeneralDataRegion:59 - Caching[foo.org.hibernate.cache.spi.UpdateTimestampsCache] : [CourseMeeting] -> [5579090983501826]
14:18:19,644 DEBUG SQL:104 - 
    delete 
    from
        Course 
    where
        courseCode=?
14:18:19,644 DEBUG BaseGeneralDataRegion:59 - Caching[foo.org.hibernate.cache.spi.UpdateTimestampsCache] : [Course] -> [5579090983501827]
14:18:19,645 DEBUG BaseGeneralDataRegion:59 - Caching[foo.org.hibernate.cache.spi.UpdateTimestampsCache] : [Student] -> [5579090737745920]
14:18:19,645 DEBUG BaseGeneralDataRegion:59 - Caching[foo.org.hibernate.cache.spi.UpdateTimestampsCache] : [Course] -> [5579090737745920]
14:18:19,645 DEBUG BaseGeneralDataRegion:59 - Caching[foo.org.hibernate.cache.spi.UpdateTimestampsCache] : [Enrolment] -> [5579090737745920]
14:18:19,645 DEBUG BaseGeneralDataRegion:59 - Caching[foo.org.hibernate.cache.spi.UpdateTimestampsCache] : [Student_secretCodes] -> [5579090737745920]
14:18:19,645 DEBUG BaseGeneralDataRegion:59 - Caching[foo.org.hibernate.cache.spi.UpdateTimestampsCache] : [Address] -> [5579090737745920]
14:18:19,645 DEBUG BaseGeneralDataRegion:59 - Caching[foo.org.hibernate.cache.spi.UpdateTimestampsCache] : [CourseMeeting] -> [5579090737745920]
14:18:19,656  INFO CustomRunner:139 - Test: testSingleAggregatedPropProjectionSingleResult
14:18:19,657 DEBUG SQL:104 - 
    select
        coursemeet_.courseCode,
        coursemeet_.day,
        coursemeet_.period,
        coursemeet_.location 
    from
        CourseMeeting coursemeet_ 
    where
        coursemeet_.courseCode=? 
        and coursemeet_.day=? 
        and coursemeet_.period=? 
        and coursemeet_.location=?
14:18:19,657 DEBUG SQL:104 - 
    select
        coursemeet_.courseCode,
        coursemeet_.day,
        coursemeet_.period,
        coursemeet_.location 
    from
        CourseMeeting coursemeet_ 
    where
        coursemeet_.courseCode=? 
        and coursemeet_.day=? 
        and coursemeet_.period=? 
        and coursemeet_.location=?
14:18:19,658 DEBUG SQL:104 - 
    insert 
    into
        Course
        (description, courseCode) 
    values
        (?, ?)
14:18:19,665 DEBUG BaseGeneralDataRegion:59 - Caching[foo.org.hibernate.cache.spi.UpdateTimestampsCache] : [Course] -> [5579090983587840]
14:18:19,665 DEBUG SQL:104 - 
    insert 
    into
        CourseMeeting
        (courseCode, day, period, location) 
    values
        (?, ?, ?, ?)
14:18:19,666 DEBUG BaseGeneralDataRegion:59 - Caching[foo.org.hibernate.cache.spi.UpdateTimestampsCache] : [CourseMeeting] -> [5579090983591936]
14:18:19,666 DEBUG SQL:104 - 
    insert 
    into
        CourseMeeting
        (courseCode, day, period, location) 
    values
        (?, ?, ?, ?)
14:18:19,666 DEBUG BaseGeneralDataRegion:59 - Caching[foo.org.hibernate.cache.spi.UpdateTimestampsCache] : [CourseMeeting] -> [5579090983591937]
14:18:19,666 DEBUG SQL:104 - 
    insert 
    into
        Student
        (name_first, name_middle, name_last, preferredCourseCode, studentId) 
    values
        (?, ?, ?, ?, ?)
14:18:19,666 DEBUG BaseGeneralDataRegion:59 - Caching[foo.org.hibernate.cache.spi.UpdateTimestampsCache] : [Student] -> [5579090983591938]
14:18:19,666 DEBUG SQL:104 - 
    insert 
    into
        Address
        (addressType, street, city, stateProvince, postalCode, country, studentNumber, id) 
    values
        (?, ?, ?, ?, ?, ?, ?, ?)
14:18:19,667 DEBUG BaseGeneralDataRegion:59 - Caching[foo.org.hibernate.cache.spi.UpdateTimestampsCache] : [Address] -> [5579090983596032]
14:18:19,667 DEBUG SQL:104 - 
    insert 
    into
        Address
        (addressType, street, city, stateProvince, postalCode, country, studentNumber, id) 
    values
        (?, ?, ?, ?, ?, ?, ?, ?)
14:18:19,690 DEBUG BaseGeneralDataRegion:59 - Caching[foo.org.hibernate.cache.spi.UpdateTimestampsCache] : [Address] -> [5579090983690240]
14:18:19,690 DEBUG SQL:104 - 
    insert 
    into
        Student
        (name_first, name_middle, name_last, preferredCourseCode, studentId) 
    values
        (?, ?, ?, ?, ?)
14:18:19,691 DEBUG BaseGeneralDataRegion:59 - Caching[foo.org.hibernate.cache.spi.UpdateTimestampsCache] : [Student] -> [5579090983694336]
14:18:19,691 DEBUG SQL:104 - 
    insert 
    into
        Enrolment
        (semester, "year", studentId, courseCode) 
    values
        (?, ?, ?, ?)
14:18:19,691 DEBUG BaseGeneralDataRegion:59 - Caching[foo.org.hibernate.cache.spi.UpdateTimestampsCache] : [Enrolment] -> [5579090983694337]
14:18:19,692 DEBUG SQL:104 - 
    insert 
    into
        Enrolment
        (semester, "year", studentId, courseCode) 
    values
        (?, ?, ?, ?)
14:18:19,692 DEBUG BaseGeneralDataRegion:59 - Caching[foo.org.hibernate.cache.spi.UpdateTimestampsCache] : [Enrolment] -> [5579090983698432]
14:18:19,692 DEBUG BaseGeneralDataRegion:59 - Caching[foo.org.hibernate.cache.spi.UpdateTimestampsCache] : [CourseMeeting] -> [5579090983698433]
14:18:19,692 DEBUG BaseGeneralDataRegion:59 - Caching[foo.org.hibernate.cache.spi.UpdateTimestampsCache] : [Enrolment] -> [5579090983698434]
14:18:19,693 DEBUG SQL:104 - 
    update
        Address 
    set
        studentNumber=?,
        addressType=? 
    where
        id=?
14:18:19,693 DEBUG SQL:104 - 
    update
        Address 
    set
        studentNumber=?,
        addressType=? 
    where
        id=?
14:18:19,693 DEBUG BaseGeneralDataRegion:59 - Caching[foo.org.hibernate.cache.spi.UpdateTimestampsCache] : [Address] -> [5579090983702528]
14:18:19,693 DEBUG SQL:104 - 
    insert 
    into
        Student_secretCodes
        (studentNumber, i, secretCode) 
    values
        (?, ?, ?)
14:18:19,693 DEBUG BaseGeneralDataRegion:59 - Caching[foo.org.hibernate.cache.spi.UpdateTimestampsCache] : [Student_secretCodes] -> [5579090983702529]
14:18:19,693 DEBUG BaseGeneralDataRegion:59 - Caching[foo.org.hibernate.cache.spi.UpdateTimestampsCache] : [Enrolment] -> [5579090983702530]
14:18:19,694 DEBUG BaseGeneralDataRegion:59 - Caching[foo.org.hibernate.cache.spi.UpdateTimestampsCache] : [Address] -> [5579090983706624]
14:18:19,694 DEBUG SQL:104 - 
    insert 
    into
        Student_secretCodes
        (studentNumber, i, secretCode) 
    values
        (?, ?, ?)
14:18:19,694 DEBUG SQL:104 - 
    insert 
    into
        Student_secretCodes
        (studentNumber, i, secretCode) 
    values
        (?, ?, ?)
14:18:19,694 DEBUG BaseGeneralDataRegion:59 - Caching[foo.org.hibernate.cache.spi.UpdateTimestampsCache] : [Student_secretCodes] -> [5579090983706625]
14:18:19,694 DEBUG BaseGeneralDataRegion:59 - Caching[foo.org.hibernate.cache.spi.UpdateTimestampsCache] : [Student] -> [5579090737946626]
14:18:19,694 DEBUG BaseGeneralDataRegion:59 - Caching[foo.org.hibernate.cache.spi.UpdateTimestampsCache] : [Course] -> [5579090737946626]
14:18:19,694 DEBUG BaseGeneralDataRegion:59 - Caching[foo.org.hibernate.cache.spi.UpdateTimestampsCache] : [Enrolment] -> [5579090737946626]
14:18:19,694 DEBUG BaseGeneralDataRegion:59 - Caching[foo.org.hibernate.cache.spi.UpdateTimestampsCache] : [Student_secretCodes] -> [5579090737946626]
14:18:19,695 DEBUG BaseGeneralDataRegion:59 - Caching[foo.org.hibernate.cache.spi.UpdateTimestampsCache] : [Address] -> [5579090737946626]
14:18:19,710 DEBUG BaseGeneralDataRegion:59 - Caching[foo.org.hibernate.cache.spi.UpdateTimestampsCache] : [CourseMeeting] -> [5579090737946626]
14:18:19,710 DEBUG SQL:104 - 
    select
        min(this_.studentId) as y0_ 
    from
        Enrolment this_
14:18:19,711 DEBUG BaseGeneralDataRegion:59 - Caching[foo.org.hibernate.cache.internal.StandardQueryCache] : [sql: select min(this_.studentId) as y0_ from Enrolment this_; parameters: ; transformer: org.hibernate.transform.CacheableResultTransformer@110f2] -> [[5579090738016256, 111]]
14:18:19,711 DEBUG SQL:104 - 
    select
        min(this_.studentId) as y0_ 
    from
        Enrolment this_
14:18:19,711 DEBUG BaseGeneralDataRegion:59 - Caching[foo.org.hibernate.cache.internal.StandardQueryCache] : [sql: select min(this_.studentId) as y0_ from Enrolment this_; parameters: ; transformer: org.hibernate.transform.CacheableResultTransformer@110f2] -> [[5579090738016259, 111]]
14:18:19,712 DEBUG SQL:104 - 
    select
        student_.studentId,
        student_.name_first as name2_4_,
        student_.name_middle as name3_4_,
        student_.name_last as name4_4_,
        student_.preferredCourseCode as preferre5_4_ 
    from
        Student student_ 
    where
        student_.studentId=?
14:18:19,712 DEBUG SQL:104 - 
    select
        enrolment_.studentId,
        enrolment_.courseCode,
        enrolment_.semester as semester3_,
        enrolment_."year" as year4_3_ 
    from
        Enrolment enrolment_ 
    where
        enrolment_.studentId=? 
        and enrolment_.courseCode=?
14:18:19,749 DEBUG SQL:104 - 
    select
        course_.courseCode,
        course_.description as descript2_1_ 
    from
        Course course_ 
    where
        course_.courseCode=?
14:18:19,750 DEBUG SQL:104 - 
    select
        student_.studentId,
        student_.name_first as name2_4_,
        student_.name_middle as name3_4_,
        student_.name_last as name4_4_,
        student_.preferredCourseCode as preferre5_4_ 
    from
        Student student_ 
    where
        student_.studentId=?
14:18:19,751 DEBUG SQL:104 - 
    select
        enrolment_.studentId,
        enrolment_.courseCode,
        enrolment_.semester as semester3_,
        enrolment_."year" as year4_3_ 
    from
        Enrolment enrolment_ 
    where
        enrolment_.studentId=? 
        and enrolment_.courseCode=?
14:18:19,751 DEBUG SQL:104 - 
    select
        coursemeet_.courseCode,
        coursemeet_.day,
        coursemeet_.period,
        coursemeet_.location 
    from
        CourseMeeting coursemeet_ 
    where
        coursemeet_.courseCode=? 
        and coursemeet_.day=? 
        and coursemeet_.period=? 
        and coursemeet_.location=?
14:18:19,752 DEBUG SQL:104 - 
    select
        coursemeet_.courseCode,
        coursemeet_.day,
        coursemeet_.period,
        coursemeet_.location 
    from
        CourseMeeting coursemeet_ 
    where
        coursemeet_.courseCode=? 
        and coursemeet_.day=? 
        and coursemeet_.period=? 
        and coursemeet_.location=?
14:18:19,752 DEBUG BaseGeneralDataRegion:59 - Caching[foo.org.hibernate.cache.spi.UpdateTimestampsCache] : [Enrolment] -> [5579090983944192]
14:18:19,752 DEBUG SQL:104 - 
    update
        Address 
    set
        studentNumber=null,
        addressType=null 
    where
        studentNumber=?
14:18:19,753 DEBUG BaseGeneralDataRegion:59 - Caching[foo.org.hibernate.cache.spi.UpdateTimestampsCache] : [Address] -> [5579090983948288]
14:18:19,753 DEBUG SQL:104 - 
    delete 
    from
        Student_secretCodes 
    where
        studentNumber=?
14:18:19,753 DEBUG BaseGeneralDataRegion:59 - Caching[foo.org.hibernate.cache.spi.UpdateTimestampsCache] : [Student_secretCodes] -> [5579090983948289]
14:18:19,753 DEBUG BaseGeneralDataRegion:59 - Caching[foo.org.hibernate.cache.spi.UpdateTimestampsCache] : [Enrolment] -> [5579090983948290]
14:18:19,753 DEBUG BaseGeneralDataRegion:59 - Caching[foo.org.hibernate.cache.spi.UpdateTimestampsCache] : [Address] -> [5579090983948291]
14:18:19,753 DEBUG SQL:104 - 
    delete 
    from
        Student_secretCodes 
    where
        studentNumber=?
14:18:19,753 DEBUG BaseGeneralDataRegion:59 - Caching[foo.org.hibernate.cache.spi.UpdateTimestampsCache] : [Student_secretCodes] -> [5579090983948292]
14:18:19,754 DEBUG BaseGeneralDataRegion:59 - Caching[foo.org.hibernate.cache.spi.UpdateTimestampsCache] : [CourseMeeting] -> [5579090983952384]
14:18:19,754 DEBUG SQL:104 - 
    delete 
    from
        Enrolment 
    where
        studentId=? 
        and courseCode=?
14:18:19,754 DEBUG BaseGeneralDataRegion:59 - Caching[foo.org.hibernate.cache.spi.UpdateTimestampsCache] : [Enrolment] -> [5579090983952385]
14:18:19,754 DEBUG SQL:104 - 
    delete 
    from
        Address 
    where
        id=?
14:18:19,754 DEBUG BaseGeneralDataRegion:59 - Caching[foo.org.hibernate.cache.spi.UpdateTimestampsCache] : [Address] -> [5579090983952386]
14:18:19,754 DEBUG SQL:104 - 
    delete 
    from
        Address 
    where
        id=?
14:18:19,754 DEBUG BaseGeneralDataRegion:59 - Caching[foo.org.hibernate.cache.spi.UpdateTimestampsCache] : [Address] -> [5579090983952387]
14:18:19,754 DEBUG SQL:104 - 
    delete 
    from
        Student 
    where
        studentId=?
14:18:19,755 DEBUG BaseGeneralDataRegion:59 - Caching[foo.org.hibernate.cache.spi.UpdateTimestampsCache] : [Student] -> [5579090983956480]
14:18:19,755 DEBUG SQL:104 - 
    delete 
    from
        Enrolment 
    where
        studentId=? 
        and courseCode=?
14:18:19,755 DEBUG BaseGeneralDataRegion:59 - Caching[foo.org.hibernate.cache.spi.UpdateTimestampsCache] : [Enrolment] -> [5579090983956481]
14:18:19,755 DEBUG SQL:104 - 
    delete 
    from
        Student 
    where
        studentId=?
14:18:19,755 DEBUG BaseGeneralDataRegion:59 - Caching[foo.org.hibernate.cache.spi.UpdateTimestampsCache] : [Student] -> [5579090983956482]
14:18:19,755 DEBUG SQL:104 - 
    delete 
    from
        CourseMeeting 
    where
        courseCode=? 
        and day=? 
        and period=? 
        and location=?
14:18:19,764 DEBUG BaseGeneralDataRegion:59 - Caching[foo.org.hibernate.cache.spi.UpdateTimestampsCache] : [CourseMeeting] -> [5579090983993344]
14:18:19,765 DEBUG SQL:104 - 
    delete 
    from
        CourseMeeting 
    where
        courseCode=? 
        and day=? 
        and period=? 
        and location=?
14:18:19,765 DEBUG BaseGeneralDataRegion:59 - Caching[foo.org.hibernate.cache.spi.UpdateTimestampsCache] : [CourseMeeting] -> [5579090983997440]
14:18:19,765 DEBUG SQL:104 - 
    delete 
    from
        Course 
    where
        courseCode=?
14:18:19,765 DEBUG BaseGeneralDataRegion:59 - Caching[foo.org.hibernate.cache.spi.UpdateTimestampsCache] : [Course] -> [5579090983997441]
14:18:19,765 DEBUG BaseGeneralDataRegion:59 - Caching[foo.org.hibernate.cache.spi.UpdateTimestampsCache] : [Student] -> [5579090738237442]
14:18:19,766 DEBUG BaseGeneralDataRegion:59 - Caching[foo.org.hibernate.cache.spi.UpdateTimestampsCache] : [Course] -> [5579090738237442]
14:18:19,766 DEBUG BaseGeneralDataRegion:59 - Caching[foo.org.hibernate.cache.spi.UpdateTimestampsCache] : [Enrolment] -> [5579090738237442]
14:18:19,766 DEBUG BaseGeneralDataRegion:59 - Caching[foo.org.hibernate.cache.spi.UpdateTimestampsCache] : [Student_secretCodes] -> [5579090738237442]
14:18:19,766 DEBUG BaseGeneralDataRegion:59 - Caching[foo.org.hibernate.cache.spi.UpdateTimestampsCache] : [Address] -> [5579090738237442]
14:18:19,766 DEBUG BaseGeneralDataRegion:59 - Caching[foo.org.hibernate.cache.spi.UpdateTimestampsCache] : [CourseMeeting] -> [5579090738237442]
14:18:19,766  INFO SchemaExport:343 - HHH000227: Running hbm2ddl schema export
14:18:19,767 DEBUG SchemaExport:353 - Import file not found: /import.sql
14:18:19,767 DEBUG SQL:104 - 
    alter table Address 
        drop constraint FK1ED033D47B5C59E1
14:18:19,777 DEBUG SQL:104 - 
    alter table CourseMeeting 
        drop constraint FKC97EED80AEBBC201
14:18:19,777 DEBUG SQL:104 - 
    alter table Enrolment 
        drop constraint FKEB4882C4EC5C133
14:18:19,778 DEBUG SQL:104 - 
    alter table Enrolment 
        drop constraint FKEB4882C4AEBBC201
14:18:19,778 DEBUG SQL:104 - 
    alter table Student 
        drop constraint FKF3371A1B5679E142
14:18:19,778 DEBUG SQL:104 - 
    alter table Student_secretCodes 
        drop constraint FKAF3CA7327B5C59E1
14:18:19,778 DEBUG SQL:104 - 
    drop table Address if exists
14:18:19,778 DEBUG SQL:104 - 
    drop table Course if exists
14:18:19,779 DEBUG SQL:104 - 
    drop table CourseMeeting if exists
14:18:19,779 DEBUG SQL:104 - 
    drop table Enrolment if exists
14:18:19,779 DEBUG SQL:104 - 
    drop table Student if exists
14:18:19,779 DEBUG SQL:104 - 
    drop table Student_secretCodes if exists
14:18:19,779  INFO SchemaExport:405 - HHH000230: Schema export complete
14:18:19,787  INFO DriverManagerConnectionProviderImpl:162 - HHH000030: Cleaning up connection pool [jdbc:h2:mem:db1;DB_CLOSE_DELAY=-1;MVCC=TRUE]
]]></system-out>
  <system-err><![CDATA[]]></system-err>
</testsuite>
