<?xml version="1.0" encoding="UTF-8"?>
<testsuite errors="0" failures="0" hostname="dhcp-10.15.208.168.stl.redhat.com" name="org.hibernate.test.multitenancy.schema.CurrentTenantResolverMultiTenancyTest" tests="2" time="0.503" timestamp="2013-02-28T20:17:30">
  <properties />
  <testcase classname="org.hibernate.test.multitenancy.schema.CurrentTenantResolverMultiTenancyTest" name="testBasicExpectedBehavior" time="0.402" />
  <testcase classname="org.hibernate.test.multitenancy.schema.CurrentTenantResolverMultiTenancyTest" name="testSameIdentifiers" time="0.049" />
  <system-out><![CDATA[14:17:30,655  INFO CustomRunner:132 - BeforeClass: org.hibernate.test.multitenancy.schema.CurrentTenantResolverMultiTenancyTest
14:17:30,656  INFO CustomRunner:139 - Test: testBasicExpectedBehavior
14:17:30,656  INFO DriverManagerConnectionProviderImpl:99 - HHH000402: Using Hibernate built-in connection pool (not for production use!)
14:17:30,657  INFO DriverManagerConnectionProviderImpl:135 - HHH000115: Hibernate connection pool size: 20
14:17:30,657  INFO DriverManagerConnectionProviderImpl:138 - HHH000006: Autocommit mode: false
14:17:30,657  INFO DriverManagerConnectionProviderImpl:153 - HHH000401: using driver [org.h2.Driver] at URL [jdbc:h2:mem:acme;DB_CLOSE_DELAY=-1;MVCC=TRUE]
14:17:30,657  INFO DriverManagerConnectionProviderImpl:158 - HHH000046: Connection properties: {user=sa, password=****}
14:17:30,657  INFO DriverManagerConnectionProviderImpl:99 - HHH000402: Using Hibernate built-in connection pool (not for production use!)
14:17:30,657  INFO DriverManagerConnectionProviderImpl:135 - HHH000115: Hibernate connection pool size: 20
14:17:30,657  INFO DriverManagerConnectionProviderImpl:138 - HHH000006: Autocommit mode: false
14:17:30,657  INFO DriverManagerConnectionProviderImpl:153 - HHH000401: using driver [org.h2.Driver] at URL [jdbc:h2:mem:jboss;DB_CLOSE_DELAY=-1;MVCC=TRUE]
14:17:30,657  INFO DriverManagerConnectionProviderImpl:158 - HHH000046: Connection properties: {user=sa, password=****}
14:17:30,660  INFO Dialect:103 - HHH000400: Using dialect: org.hibernate.dialect.H2Dialect
14:17:30,660  INFO Dialect:103 - HHH000400: Using dialect: org.hibernate.dialect.H2Dialect
14:17:30,661  INFO SchemaExport:343 - HHH000227: Running hbm2ddl schema export
14:17:30,934 DEBUG SQL:104 - 
    drop table Customer if exists
14:17:30,934 DEBUG SQL:104 - 
    create table Customer (
        id bigint not null,
        name varchar(255),
        primary key (id)
    )
14:17:30,935 ERROR SchemaExport:385 - HHH000231: Schema export unsuccessful
org.hibernate.tool.hbm2ddl.ImportScriptException: Error during statement execution (file: ''): org
	at org.hibernate.tool.hbm2ddl.SchemaExport.importScript(SchemaExport.java:451)
	at org.hibernate.tool.hbm2ddl.SchemaExport.execute(SchemaExport.java:378)
	at org.hibernate.tool.hbm2ddl.SchemaExport.execute(SchemaExport.java:322)
	at org.hibernate.test.multitenancy.schema.SchemaBasedMultiTenancyTest.buildConfiguration(SchemaBasedMultiTenancyTest.java:89)
	at org.hibernate.test.multitenancy.schema.CurrentTenantResolverMultiTenancyTest.buildConfiguration(CurrentTenantResolverMultiTenancyTest.java:50)
	at org.hibernate.test.multitenancy.schema.SchemaBasedMultiTenancyTest.setUp(SchemaBasedMultiTenancyTest.java:67)
	at sun.reflect.NativeMethodAccessorImpl.invoke0(Native Method)
	at sun.reflect.NativeMethodAccessorImpl.invoke(NativeMethodAccessorImpl.java:57)
	at sun.reflect.DelegatingMethodAccessorImpl.invoke(DelegatingMethodAccessorImpl.java:43)
	at java.lang.reflect.Method.invoke(Method.java:601)
	at org.junit.runners.model.FrameworkMethod$1.runReflectiveCall(FrameworkMethod.java:45)
	at org.junit.internal.runners.model.ReflectiveCallable.run(ReflectiveCallable.java:15)
	at org.junit.runners.model.FrameworkMethod.invokeExplosively(FrameworkMethod.java:42)
	at org.junit.internal.runners.statements.RunBefores.evaluate(RunBefores.java:27)
	at org.junit.internal.runners.statements.RunAfters.evaluate(RunAfters.java:30)
	at org.junit.internal.runners.statements.FailOnTimeout$StatementThread.run(FailOnTimeout.java:62)
Caused by: org.h2.jdbc.JdbcSQLException: Syntax error in SQL statement "ORG[*] "; SQL statement:
org [42000-145]
	at org.h2.message.DbException.getJdbcSQLException(DbException.java:327)
	at org.h2.message.DbException.get(DbException.java:167)
	at org.h2.message.DbException.get(DbException.java:144)
	at org.h2.message.DbException.getSyntaxError(DbException.java:179)
	at org.h2.command.Parser.getSyntaxError(Parser.java:470)
	at org.h2.command.Parser.parsePrepared(Parser.java:429)
	at org.h2.command.Parser.parse(Parser.java:274)
	at org.h2.command.Parser.parse(Parser.java:250)
	at org.h2.command.Parser.prepare(Parser.java:200)
	at org.h2.command.Parser.prepareCommand(Parser.java:213)
	at org.h2.engine.Session.prepareLocal(Session.java:423)
	at org.h2.engine.Session.prepareCommand(Session.java:373)
	at org.h2.jdbc.JdbcConnection.prepareCommand(JdbcConnection.java:1056)
	at org.h2.jdbc.JdbcStatement.executeUpdateInternal(JdbcStatement.java:122)
	at org.h2.jdbc.JdbcStatement.executeUpdate(JdbcStatement.java:111)
	at org.hibernate.tool.hbm2ddl.DatabaseExporter.export(DatabaseExporter.java:64)
	at org.hibernate.tool.hbm2ddl.SchemaExport.importScript(SchemaExport.java:446)
	... 15 more
14:17:30,937  INFO SchemaExport:405 - HHH000230: Schema export complete
14:17:30,963  INFO Dialect:103 - HHH000400: Using dialect: org.hibernate.dialect.H2Dialect
14:17:30,964  INFO Dialect:103 - HHH000400: Using dialect: org.hibernate.dialect.H2Dialect
14:17:30,964  INFO SchemaExport:343 - HHH000227: Running hbm2ddl schema export
14:17:30,983 DEBUG SQL:104 - 
    drop table Customer if exists
14:17:30,984 DEBUG SQL:104 - 
    create table Customer (
        id bigint not null,
        name varchar(255),
        primary key (id)
    )
14:17:30,984 ERROR SchemaExport:385 - HHH000231: Schema export unsuccessful
org.hibernate.tool.hbm2ddl.ImportScriptException: Error during statement execution (file: ''): org
	at org.hibernate.tool.hbm2ddl.SchemaExport.importScript(SchemaExport.java:451)
	at org.hibernate.tool.hbm2ddl.SchemaExport.execute(SchemaExport.java:378)
	at org.hibernate.tool.hbm2ddl.SchemaExport.execute(SchemaExport.java:322)
	at org.hibernate.test.multitenancy.schema.SchemaBasedMultiTenancyTest.buildConfiguration(SchemaBasedMultiTenancyTest.java:117)
	at org.hibernate.test.multitenancy.schema.CurrentTenantResolverMultiTenancyTest.buildConfiguration(CurrentTenantResolverMultiTenancyTest.java:50)
	at org.hibernate.test.multitenancy.schema.SchemaBasedMultiTenancyTest.setUp(SchemaBasedMultiTenancyTest.java:67)
	at sun.reflect.NativeMethodAccessorImpl.invoke0(Native Method)
	at sun.reflect.NativeMethodAccessorImpl.invoke(NativeMethodAccessorImpl.java:57)
	at sun.reflect.DelegatingMethodAccessorImpl.invoke(DelegatingMethodAccessorImpl.java:43)
	at java.lang.reflect.Method.invoke(Method.java:601)
	at org.junit.runners.model.FrameworkMethod$1.runReflectiveCall(FrameworkMethod.java:45)
	at org.junit.internal.runners.model.ReflectiveCallable.run(ReflectiveCallable.java:15)
	at org.junit.runners.model.FrameworkMethod.invokeExplosively(FrameworkMethod.java:42)
	at org.junit.internal.runners.statements.RunBefores.evaluate(RunBefores.java:27)
	at org.junit.internal.runners.statements.RunAfters.evaluate(RunAfters.java:30)
	at org.junit.internal.runners.statements.FailOnTimeout$StatementThread.run(FailOnTimeout.java:62)
Caused by: org.h2.jdbc.JdbcSQLException: Syntax error in SQL statement "ORG[*] "; SQL statement:
org [42000-145]
	at org.h2.message.DbException.getJdbcSQLException(DbException.java:327)
	at org.h2.message.DbException.get(DbException.java:167)
	at org.h2.message.DbException.get(DbException.java:144)
	at org.h2.message.DbException.getSyntaxError(DbException.java:179)
	at org.h2.command.Parser.getSyntaxError(Parser.java:470)
	at org.h2.command.Parser.parsePrepared(Parser.java:429)
	at org.h2.command.Parser.parse(Parser.java:274)
	at org.h2.command.Parser.parse(Parser.java:250)
	at org.h2.command.Parser.prepare(Parser.java:200)
	at org.h2.command.Parser.prepareCommand(Parser.java:213)
	at org.h2.engine.Session.prepareLocal(Session.java:423)
	at org.h2.engine.Session.prepareCommand(Session.java:373)
	at org.h2.jdbc.JdbcConnection.prepareCommand(JdbcConnection.java:1056)
	at org.h2.jdbc.JdbcStatement.executeUpdateInternal(JdbcStatement.java:122)
	at org.h2.jdbc.JdbcStatement.executeUpdate(JdbcStatement.java:111)
	at org.hibernate.tool.hbm2ddl.DatabaseExporter.export(DatabaseExporter.java:64)
	at org.hibernate.tool.hbm2ddl.SchemaExport.importScript(SchemaExport.java:446)
	... 15 more
14:17:30,985  INFO SchemaExport:405 - HHH000230: Schema export complete
14:17:30,988  INFO Dialect:103 - HHH000400: Using dialect: org.hibernate.dialect.H2Dialect
14:17:30,989  INFO LobCreatorBuilder:94 - HHH000423: Disabling contextual LOB creation as JDBC driver reported JDBC version [3] less than 4
14:17:30,989  INFO TransactionFactoryInitiator:66 - HHH000399: Using default transaction strategy (direct JDBC transactions)
14:17:30,989  INFO ASTQueryTranslatorFactory:48 - HHH000397: Using ASTQueryTranslatorFactory
14:17:30,990  WARN CachingRegionFactory:58 - CachingRegionFactory should be only used for testing.
14:17:30,996  WARN SessionFactoryImpl:1554 - HHH000008: JTASessionContext being used with JDBCTransactionFactory; auto-flush will not operate correctly with getCurrentSession()
14:17:31,052 DEBUG SQL:104 - 
    insert 
    into
        Customer
        (name, id) 
    values
        (?, ?)
14:17:31,054 DEBUG BaseGeneralDataRegion:46 - Cache[hibernate.test.org.hibernate.test.multitenancy.schema.Customer] lookup : key[org.hibernate.test.multitenancy.schema.Customer#1]
14:17:31,054 DEBUG BaseGeneralDataRegion:59 - Caching[hibernate.test.org.hibernate.test.multitenancy.schema.Customer] : [org.hibernate.test.multitenancy.schema.Customer#1] -> [org.hibernate.testing.cache.AbstractReadWriteAccessStrategy$Item@5ca60567]
14:17:31,055 DEBUG AbstractReadWriteAccessStrategy:34 - getting key[org.hibernate.test.multitenancy.schema.Customer#1] from region[hibernate.test.org.hibernate.test.multitenancy.schema.Customer]
14:17:31,055 DEBUG BaseGeneralDataRegion:46 - Cache[hibernate.test.org.hibernate.test.multitenancy.schema.Customer] lookup : key[org.hibernate.test.multitenancy.schema.Customer#1]
14:17:31,055 DEBUG AbstractReadWriteAccessStrategy:46 - miss key[org.hibernate.test.multitenancy.schema.Customer#1] in region[hibernate.test.org.hibernate.test.multitenancy.schema.Customer]
14:17:31,055 DEBUG SQL:104 - 
    select
        customer0_.id as id0_0_,
        customer0_.name as name0_0_ 
    from
        Customer customer0_ 
    where
        customer0_.id=?
14:17:31,056 DEBUG AbstractReadWriteAccessStrategy:34 - getting key[org.hibernate.test.multitenancy.schema.Customer#1] from region[hibernate.test.org.hibernate.test.multitenancy.schema.Customer]
14:17:31,056 DEBUG BaseGeneralDataRegion:46 - Cache[hibernate.test.org.hibernate.test.multitenancy.schema.Customer] lookup : key[org.hibernate.test.multitenancy.schema.Customer#1]
14:17:31,056 DEBUG BaseGeneralDataRegion:52 - Cache[hibernate.test.org.hibernate.test.multitenancy.schema.Customer] hit: org.hibernate.test.multitenancy.schema.Customer#1
14:17:31,056 DEBUG AbstractReadWriteAccessStrategy:41 - hit key[org.hibernate.test.multitenancy.schema.Customer#1] in region[hibernate.test.org.hibernate.test.multitenancy.schema.Customer]
14:17:31,057 DEBUG AbstractReadWriteAccessStrategy:93 - locking key[org.hibernate.test.multitenancy.schema.Customer#1] in region[hibernate.test.org.hibernate.test.multitenancy.schema.Customer]
14:17:31,057 DEBUG BaseGeneralDataRegion:46 - Cache[hibernate.test.org.hibernate.test.multitenancy.schema.Customer] lookup : key[org.hibernate.test.multitenancy.schema.Customer#1]
14:17:31,057 DEBUG BaseGeneralDataRegion:52 - Cache[hibernate.test.org.hibernate.test.multitenancy.schema.Customer] hit: org.hibernate.test.multitenancy.schema.Customer#1
14:17:31,057 DEBUG BaseGeneralDataRegion:59 - Caching[hibernate.test.org.hibernate.test.multitenancy.schema.Customer] : [org.hibernate.test.multitenancy.schema.Customer#1] -> [Lock Source-UUID:a6c5fba2-1d3b-415d-8f71-c77183325d88 Lock-ID:0]
14:17:31,057 DEBUG SQL:104 - 
    delete 
    from
        Customer 
    where
        id=?
14:17:31,057 DEBUG AbstractReadWriteAccessStrategy:116 - unlocking key[org.hibernate.test.multitenancy.schema.Customer#1] in region[hibernate.test.org.hibernate.test.multitenancy.schema.Customer]
14:17:31,058 DEBUG BaseGeneralDataRegion:46 - Cache[hibernate.test.org.hibernate.test.multitenancy.schema.Customer] lookup : key[org.hibernate.test.multitenancy.schema.Customer#1]
14:17:31,058 DEBUG BaseGeneralDataRegion:52 - Cache[hibernate.test.org.hibernate.test.multitenancy.schema.Customer] hit: org.hibernate.test.multitenancy.schema.Customer#1
14:17:31,058 DEBUG BaseGeneralDataRegion:59 - Caching[hibernate.test.org.hibernate.test.multitenancy.schema.Customer] : [org.hibernate.test.multitenancy.schema.Customer#1] -> [Lock Source-UUID:a6c5fba2-1d3b-415d-8f71-c77183325d88 Lock-ID:0]
14:17:31,058  INFO DriverManagerConnectionProviderImpl:162 - HHH000030: Cleaning up connection pool [jdbc:h2:mem:jboss;DB_CLOSE_DELAY=-1;MVCC=TRUE]
14:17:31,058  INFO DriverManagerConnectionProviderImpl:162 - HHH000030: Cleaning up connection pool [jdbc:h2:mem:acme;DB_CLOSE_DELAY=-1;MVCC=TRUE]
14:17:31,059  INFO CustomRunner:139 - Test: testSameIdentifiers
14:17:31,060  INFO DriverManagerConnectionProviderImpl:99 - HHH000402: Using Hibernate built-in connection pool (not for production use!)
14:17:31,061  INFO DriverManagerConnectionProviderImpl:135 - HHH000115: Hibernate connection pool size: 20
14:17:31,061  INFO DriverManagerConnectionProviderImpl:138 - HHH000006: Autocommit mode: false
14:17:31,061  INFO DriverManagerConnectionProviderImpl:153 - HHH000401: using driver [org.h2.Driver] at URL [jdbc:h2:mem:acme;DB_CLOSE_DELAY=-1;MVCC=TRUE]
14:17:31,061  INFO DriverManagerConnectionProviderImpl:158 - HHH000046: Connection properties: {user=sa, password=****}
14:17:31,061  INFO DriverManagerConnectionProviderImpl:99 - HHH000402: Using Hibernate built-in connection pool (not for production use!)
14:17:31,061  INFO DriverManagerConnectionProviderImpl:135 - HHH000115: Hibernate connection pool size: 20
14:17:31,061  INFO DriverManagerConnectionProviderImpl:138 - HHH000006: Autocommit mode: false
14:17:31,061  INFO DriverManagerConnectionProviderImpl:153 - HHH000401: using driver [org.h2.Driver] at URL [jdbc:h2:mem:jboss;DB_CLOSE_DELAY=-1;MVCC=TRUE]
14:17:31,061  INFO DriverManagerConnectionProviderImpl:158 - HHH000046: Connection properties: {user=sa, password=****}
14:17:31,063  INFO Dialect:103 - HHH000400: Using dialect: org.hibernate.dialect.H2Dialect
14:17:31,064  INFO Dialect:103 - HHH000400: Using dialect: org.hibernate.dialect.H2Dialect
14:17:31,064  INFO SchemaExport:343 - HHH000227: Running hbm2ddl schema export
14:17:31,065 DEBUG SQL:104 - 
    drop table Customer if exists
14:17:31,065 DEBUG SQL:104 - 
    create table Customer (
        id bigint not null,
        name varchar(255),
        primary key (id)
    )
14:17:31,065 ERROR SchemaExport:385 - HHH000231: Schema export unsuccessful
org.hibernate.tool.hbm2ddl.ImportScriptException: Error during statement execution (file: ''): org
	at org.hibernate.tool.hbm2ddl.SchemaExport.importScript(SchemaExport.java:451)
	at org.hibernate.tool.hbm2ddl.SchemaExport.execute(SchemaExport.java:378)
	at org.hibernate.tool.hbm2ddl.SchemaExport.execute(SchemaExport.java:322)
	at org.hibernate.test.multitenancy.schema.SchemaBasedMultiTenancyTest.buildConfiguration(SchemaBasedMultiTenancyTest.java:89)
	at org.hibernate.test.multitenancy.schema.CurrentTenantResolverMultiTenancyTest.buildConfiguration(CurrentTenantResolverMultiTenancyTest.java:50)
	at org.hibernate.test.multitenancy.schema.SchemaBasedMultiTenancyTest.setUp(SchemaBasedMultiTenancyTest.java:67)
	at sun.reflect.NativeMethodAccessorImpl.invoke0(Native Method)
	at sun.reflect.NativeMethodAccessorImpl.invoke(NativeMethodAccessorImpl.java:57)
	at sun.reflect.DelegatingMethodAccessorImpl.invoke(DelegatingMethodAccessorImpl.java:43)
	at java.lang.reflect.Method.invoke(Method.java:601)
	at org.junit.runners.model.FrameworkMethod$1.runReflectiveCall(FrameworkMethod.java:45)
	at org.junit.internal.runners.model.ReflectiveCallable.run(ReflectiveCallable.java:15)
	at org.junit.runners.model.FrameworkMethod.invokeExplosively(FrameworkMethod.java:42)
	at org.junit.internal.runners.statements.RunBefores.evaluate(RunBefores.java:27)
	at org.junit.internal.runners.statements.RunAfters.evaluate(RunAfters.java:30)
	at org.junit.internal.runners.statements.FailOnTimeout$StatementThread.run(FailOnTimeout.java:62)
Caused by: org.h2.jdbc.JdbcSQLException: Syntax error in SQL statement "ORG[*] "; SQL statement:
org [42000-145]
	at org.h2.message.DbException.getJdbcSQLException(DbException.java:327)
	at org.h2.message.DbException.get(DbException.java:167)
	at org.h2.message.DbException.get(DbException.java:144)
	at org.h2.message.DbException.getSyntaxError(DbException.java:179)
	at org.h2.command.Parser.getSyntaxError(Parser.java:470)
	at org.h2.command.Parser.parsePrepared(Parser.java:429)
	at org.h2.command.Parser.parse(Parser.java:274)
	at org.h2.command.Parser.parse(Parser.java:250)
	at org.h2.command.Parser.prepare(Parser.java:200)
	at org.h2.command.Parser.prepareCommand(Parser.java:213)
	at org.h2.engine.Session.prepareLocal(Session.java:423)
	at org.h2.engine.Session.prepareCommand(Session.java:373)
	at org.h2.jdbc.JdbcConnection.prepareCommand(JdbcConnection.java:1056)
	at org.h2.jdbc.JdbcStatement.executeUpdateInternal(JdbcStatement.java:122)
	at org.h2.jdbc.JdbcStatement.executeUpdate(JdbcStatement.java:111)
	at org.hibernate.tool.hbm2ddl.DatabaseExporter.export(DatabaseExporter.java:64)
	at org.hibernate.tool.hbm2ddl.SchemaExport.importScript(SchemaExport.java:446)
	... 15 more
14:17:31,066  INFO SchemaExport:405 - HHH000230: Schema export complete
14:17:31,066  INFO Dialect:103 - HHH000400: Using dialect: org.hibernate.dialect.H2Dialect
14:17:31,066  INFO Dialect:103 - HHH000400: Using dialect: org.hibernate.dialect.H2Dialect
14:17:31,066  INFO SchemaExport:343 - HHH000227: Running hbm2ddl schema export
14:17:31,068 DEBUG SQL:104 - 
    drop table Customer if exists
14:17:31,069 DEBUG SQL:104 - 
    create table Customer (
        id bigint not null,
        name varchar(255),
        primary key (id)
    )
14:17:31,069 ERROR SchemaExport:385 - HHH000231: Schema export unsuccessful
org.hibernate.tool.hbm2ddl.ImportScriptException: Error during statement execution (file: ''): org
	at org.hibernate.tool.hbm2ddl.SchemaExport.importScript(SchemaExport.java:451)
	at org.hibernate.tool.hbm2ddl.SchemaExport.execute(SchemaExport.java:378)
	at org.hibernate.tool.hbm2ddl.SchemaExport.execute(SchemaExport.java:322)
	at org.hibernate.test.multitenancy.schema.SchemaBasedMultiTenancyTest.buildConfiguration(SchemaBasedMultiTenancyTest.java:117)
	at org.hibernate.test.multitenancy.schema.CurrentTenantResolverMultiTenancyTest.buildConfiguration(CurrentTenantResolverMultiTenancyTest.java:50)
	at org.hibernate.test.multitenancy.schema.SchemaBasedMultiTenancyTest.setUp(SchemaBasedMultiTenancyTest.java:67)
	at sun.reflect.NativeMethodAccessorImpl.invoke0(Native Method)
	at sun.reflect.NativeMethodAccessorImpl.invoke(NativeMethodAccessorImpl.java:57)
	at sun.reflect.DelegatingMethodAccessorImpl.invoke(DelegatingMethodAccessorImpl.java:43)
	at java.lang.reflect.Method.invoke(Method.java:601)
	at org.junit.runners.model.FrameworkMethod$1.runReflectiveCall(FrameworkMethod.java:45)
	at org.junit.internal.runners.model.ReflectiveCallable.run(ReflectiveCallable.java:15)
	at org.junit.runners.model.FrameworkMethod.invokeExplosively(FrameworkMethod.java:42)
	at org.junit.internal.runners.statements.RunBefores.evaluate(RunBefores.java:27)
	at org.junit.internal.runners.statements.RunAfters.evaluate(RunAfters.java:30)
	at org.junit.internal.runners.statements.FailOnTimeout$StatementThread.run(FailOnTimeout.java:62)
Caused by: org.h2.jdbc.JdbcSQLException: Syntax error in SQL statement "ORG[*] "; SQL statement:
org [42000-145]
	at org.h2.message.DbException.getJdbcSQLException(DbException.java:327)
	at org.h2.message.DbException.get(DbException.java:167)
	at org.h2.message.DbException.get(DbException.java:144)
	at org.h2.message.DbException.getSyntaxError(DbException.java:179)
	at org.h2.command.Parser.getSyntaxError(Parser.java:470)
	at org.h2.command.Parser.parsePrepared(Parser.java:429)
	at org.h2.command.Parser.parse(Parser.java:274)
	at org.h2.command.Parser.parse(Parser.java:250)
	at org.h2.command.Parser.prepare(Parser.java:200)
	at org.h2.command.Parser.prepareCommand(Parser.java:213)
	at org.h2.engine.Session.prepareLocal(Session.java:423)
	at org.h2.engine.Session.prepareCommand(Session.java:373)
	at org.h2.jdbc.JdbcConnection.prepareCommand(JdbcConnection.java:1056)
	at org.h2.jdbc.JdbcStatement.executeUpdateInternal(JdbcStatement.java:122)
	at org.h2.jdbc.JdbcStatement.executeUpdate(JdbcStatement.java:111)
	at org.hibernate.tool.hbm2ddl.DatabaseExporter.export(DatabaseExporter.java:64)
	at org.hibernate.tool.hbm2ddl.SchemaExport.importScript(SchemaExport.java:446)
	... 15 more
14:17:31,069  INFO SchemaExport:405 - HHH000230: Schema export complete
14:17:31,071  INFO Dialect:103 - HHH000400: Using dialect: org.hibernate.dialect.H2Dialect
14:17:31,072  INFO LobCreatorBuilder:94 - HHH000423: Disabling contextual LOB creation as JDBC driver reported JDBC version [3] less than 4
14:17:31,072  INFO TransactionFactoryInitiator:66 - HHH000399: Using default transaction strategy (direct JDBC transactions)
14:17:31,072  INFO ASTQueryTranslatorFactory:48 - HHH000397: Using ASTQueryTranslatorFactory
14:17:31,073  WARN CachingRegionFactory:58 - CachingRegionFactory should be only used for testing.
14:17:31,096  WARN SessionFactoryImpl:1554 - HHH000008: JTASessionContext being used with JDBCTransactionFactory; auto-flush will not operate correctly with getCurrentSession()
14:17:31,098 DEBUG SQL:104 - 
    insert 
    into
        Customer
        (name, id) 
    values
        (?, ?)
14:17:31,098 DEBUG BaseGeneralDataRegion:46 - Cache[hibernate.test.org.hibernate.test.multitenancy.schema.Customer] lookup : key[org.hibernate.test.multitenancy.schema.Customer#1]
14:17:31,099 DEBUG BaseGeneralDataRegion:59 - Caching[hibernate.test.org.hibernate.test.multitenancy.schema.Customer] : [org.hibernate.test.multitenancy.schema.Customer#1] -> [org.hibernate.testing.cache.AbstractReadWriteAccessStrategy$Item@36522194]
14:17:31,099 DEBUG SQL:104 - 
    insert 
    into
        Customer
        (name, id) 
    values
        (?, ?)
14:17:31,099 DEBUG BaseGeneralDataRegion:46 - Cache[hibernate.test.org.hibernate.test.multitenancy.schema.Customer] lookup : key[org.hibernate.test.multitenancy.schema.Customer#1]
14:17:31,099 DEBUG BaseGeneralDataRegion:59 - Caching[hibernate.test.org.hibernate.test.multitenancy.schema.Customer] : [org.hibernate.test.multitenancy.schema.Customer#1] -> [org.hibernate.testing.cache.AbstractReadWriteAccessStrategy$Item@38f54e57]
14:17:31,100 DEBUG AbstractReadWriteAccessStrategy:34 - getting key[org.hibernate.test.multitenancy.schema.Customer#1] from region[hibernate.test.org.hibernate.test.multitenancy.schema.Customer]
14:17:31,100 DEBUG BaseGeneralDataRegion:46 - Cache[hibernate.test.org.hibernate.test.multitenancy.schema.Customer] lookup : key[org.hibernate.test.multitenancy.schema.Customer#1]
14:17:31,100 DEBUG BaseGeneralDataRegion:52 - Cache[hibernate.test.org.hibernate.test.multitenancy.schema.Customer] hit: org.hibernate.test.multitenancy.schema.Customer#1
14:17:31,100 DEBUG AbstractReadWriteAccessStrategy:41 - hit key[org.hibernate.test.multitenancy.schema.Customer#1] in region[hibernate.test.org.hibernate.test.multitenancy.schema.Customer]
14:17:31,100 DEBUG AbstractReadWriteAccessStrategy:34 - getting key[org.hibernate.test.multitenancy.schema.Customer#1] from region[hibernate.test.org.hibernate.test.multitenancy.schema.Customer]
14:17:31,101 DEBUG BaseGeneralDataRegion:46 - Cache[hibernate.test.org.hibernate.test.multitenancy.schema.Customer] lookup : key[org.hibernate.test.multitenancy.schema.Customer#1]
14:17:31,101 DEBUG BaseGeneralDataRegion:52 - Cache[hibernate.test.org.hibernate.test.multitenancy.schema.Customer] hit: org.hibernate.test.multitenancy.schema.Customer#1
14:17:31,101 DEBUG AbstractReadWriteAccessStrategy:41 - hit key[org.hibernate.test.multitenancy.schema.Customer#1] in region[hibernate.test.org.hibernate.test.multitenancy.schema.Customer]
14:17:31,101 DEBUG BaseGeneralDataRegion:79 - evict cache[hibernate.test.org.hibernate.test.multitenancy.schema.Customer]
14:17:31,101 DEBUG AbstractReadWriteAccessStrategy:34 - getting key[org.hibernate.test.multitenancy.schema.Customer#1] from region[hibernate.test.org.hibernate.test.multitenancy.schema.Customer]
14:17:31,101 DEBUG BaseGeneralDataRegion:46 - Cache[hibernate.test.org.hibernate.test.multitenancy.schema.Customer] lookup : key[org.hibernate.test.multitenancy.schema.Customer#1]
14:17:31,101 DEBUG AbstractReadWriteAccessStrategy:46 - miss key[org.hibernate.test.multitenancy.schema.Customer#1] in region[hibernate.test.org.hibernate.test.multitenancy.schema.Customer]
14:17:31,101 DEBUG SQL:104 - 
    select
        customer0_.id as id0_0_,
        customer0_.name as name0_0_ 
    from
        Customer customer0_ 
    where
        customer0_.id=?
14:17:31,102 DEBUG AbstractReadWriteAccessStrategy:68 - putting key[org.hibernate.test.multitenancy.schema.Customer#1] -> value[CacheEntry(org.hibernate.test.multitenancy.schema.Customer)[steve]] into region[hibernate.test.org.hibernate.test.multitenancy.schema.Customer]
14:17:31,102 DEBUG BaseGeneralDataRegion:46 - Cache[hibernate.test.org.hibernate.test.multitenancy.schema.Customer] lookup : key[org.hibernate.test.multitenancy.schema.Customer#1]
14:17:31,102 DEBUG AbstractReadWriteAccessStrategy:73 - putting key[org.hibernate.test.multitenancy.schema.Customer#1] -> value[CacheEntry(org.hibernate.test.multitenancy.schema.Customer)[steve]] into region[hibernate.test.org.hibernate.test.multitenancy.schema.Customer] success
14:17:31,102 DEBUG BaseGeneralDataRegion:59 - Caching[hibernate.test.org.hibernate.test.multitenancy.schema.Customer] : [org.hibernate.test.multitenancy.schema.Customer#1] -> [org.hibernate.testing.cache.AbstractReadWriteAccessStrategy$Item@224785f1]
14:17:31,103 DEBUG AbstractReadWriteAccessStrategy:34 - getting key[org.hibernate.test.multitenancy.schema.Customer#1] from region[hibernate.test.org.hibernate.test.multitenancy.schema.Customer]
14:17:31,103 DEBUG BaseGeneralDataRegion:46 - Cache[hibernate.test.org.hibernate.test.multitenancy.schema.Customer] lookup : key[org.hibernate.test.multitenancy.schema.Customer#1]
14:17:31,103 DEBUG AbstractReadWriteAccessStrategy:46 - miss key[org.hibernate.test.multitenancy.schema.Customer#1] in region[hibernate.test.org.hibernate.test.multitenancy.schema.Customer]
14:17:31,104 DEBUG SQL:104 - 
    select
        customer0_.id as id0_0_,
        customer0_.name as name0_0_ 
    from
        Customer customer0_ 
    where
        customer0_.id=?
14:17:31,104 DEBUG AbstractReadWriteAccessStrategy:68 - putting key[org.hibernate.test.multitenancy.schema.Customer#1] -> value[CacheEntry(org.hibernate.test.multitenancy.schema.Customer)[john]] into region[hibernate.test.org.hibernate.test.multitenancy.schema.Customer]
14:17:31,104 DEBUG BaseGeneralDataRegion:46 - Cache[hibernate.test.org.hibernate.test.multitenancy.schema.Customer] lookup : key[org.hibernate.test.multitenancy.schema.Customer#1]
14:17:31,104 DEBUG AbstractReadWriteAccessStrategy:73 - putting key[org.hibernate.test.multitenancy.schema.Customer#1] -> value[CacheEntry(org.hibernate.test.multitenancy.schema.Customer)[john]] into region[hibernate.test.org.hibernate.test.multitenancy.schema.Customer] success
14:17:31,104 DEBUG BaseGeneralDataRegion:59 - Caching[hibernate.test.org.hibernate.test.multitenancy.schema.Customer] : [org.hibernate.test.multitenancy.schema.Customer#1] -> [org.hibernate.testing.cache.AbstractReadWriteAccessStrategy$Item@4c27834]
14:17:31,105 DEBUG AbstractReadWriteAccessStrategy:34 - getting key[org.hibernate.test.multitenancy.schema.Customer#1] from region[hibernate.test.org.hibernate.test.multitenancy.schema.Customer]
14:17:31,105 DEBUG BaseGeneralDataRegion:46 - Cache[hibernate.test.org.hibernate.test.multitenancy.schema.Customer] lookup : key[org.hibernate.test.multitenancy.schema.Customer#1]
14:17:31,105 DEBUG BaseGeneralDataRegion:52 - Cache[hibernate.test.org.hibernate.test.multitenancy.schema.Customer] hit: org.hibernate.test.multitenancy.schema.Customer#1
14:17:31,105 DEBUG AbstractReadWriteAccessStrategy:41 - hit key[org.hibernate.test.multitenancy.schema.Customer#1] in region[hibernate.test.org.hibernate.test.multitenancy.schema.Customer]
14:17:31,105 DEBUG AbstractReadWriteAccessStrategy:93 - locking key[org.hibernate.test.multitenancy.schema.Customer#1] in region[hibernate.test.org.hibernate.test.multitenancy.schema.Customer]
14:17:31,106 DEBUG BaseGeneralDataRegion:46 - Cache[hibernate.test.org.hibernate.test.multitenancy.schema.Customer] lookup : key[org.hibernate.test.multitenancy.schema.Customer#1]
14:17:31,106 DEBUG BaseGeneralDataRegion:52 - Cache[hibernate.test.org.hibernate.test.multitenancy.schema.Customer] hit: org.hibernate.test.multitenancy.schema.Customer#1
14:17:31,106 DEBUG BaseGeneralDataRegion:59 - Caching[hibernate.test.org.hibernate.test.multitenancy.schema.Customer] : [org.hibernate.test.multitenancy.schema.Customer#1] -> [Lock Source-UUID:f3871356-2d5b-4a35-8767-c8ae21323e4e Lock-ID:0]
14:17:31,106 DEBUG SQL:104 - 
    delete 
    from
        Customer 
    where
        id=?
14:17:31,106 DEBUG AbstractReadWriteAccessStrategy:116 - unlocking key[org.hibernate.test.multitenancy.schema.Customer#1] in region[hibernate.test.org.hibernate.test.multitenancy.schema.Customer]
14:17:31,106 DEBUG BaseGeneralDataRegion:46 - Cache[hibernate.test.org.hibernate.test.multitenancy.schema.Customer] lookup : key[org.hibernate.test.multitenancy.schema.Customer#1]
14:17:31,106 DEBUG BaseGeneralDataRegion:52 - Cache[hibernate.test.org.hibernate.test.multitenancy.schema.Customer] hit: org.hibernate.test.multitenancy.schema.Customer#1
14:17:31,106 DEBUG BaseGeneralDataRegion:59 - Caching[hibernate.test.org.hibernate.test.multitenancy.schema.Customer] : [org.hibernate.test.multitenancy.schema.Customer#1] -> [Lock Source-UUID:f3871356-2d5b-4a35-8767-c8ae21323e4e Lock-ID:0]
14:17:31,107 DEBUG AbstractReadWriteAccessStrategy:34 - getting key[org.hibernate.test.multitenancy.schema.Customer#1] from region[hibernate.test.org.hibernate.test.multitenancy.schema.Customer]
14:17:31,107 DEBUG BaseGeneralDataRegion:46 - Cache[hibernate.test.org.hibernate.test.multitenancy.schema.Customer] lookup : key[org.hibernate.test.multitenancy.schema.Customer#1]
14:17:31,107 DEBUG BaseGeneralDataRegion:52 - Cache[hibernate.test.org.hibernate.test.multitenancy.schema.Customer] hit: org.hibernate.test.multitenancy.schema.Customer#1
14:17:31,107 DEBUG AbstractReadWriteAccessStrategy:41 - hit key[org.hibernate.test.multitenancy.schema.Customer#1] in region[hibernate.test.org.hibernate.test.multitenancy.schema.Customer]
14:17:31,107 DEBUG AbstractReadWriteAccessStrategy:93 - locking key[org.hibernate.test.multitenancy.schema.Customer#1] in region[hibernate.test.org.hibernate.test.multitenancy.schema.Customer]
14:17:31,108 DEBUG BaseGeneralDataRegion:46 - Cache[hibernate.test.org.hibernate.test.multitenancy.schema.Customer] lookup : key[org.hibernate.test.multitenancy.schema.Customer#1]
14:17:31,108 DEBUG BaseGeneralDataRegion:52 - Cache[hibernate.test.org.hibernate.test.multitenancy.schema.Customer] hit: org.hibernate.test.multitenancy.schema.Customer#1
14:17:31,108 DEBUG BaseGeneralDataRegion:59 - Caching[hibernate.test.org.hibernate.test.multitenancy.schema.Customer] : [org.hibernate.test.multitenancy.schema.Customer#1] -> [Lock Source-UUID:f3871356-2d5b-4a35-8767-c8ae21323e4e Lock-ID:1]
14:17:31,108 DEBUG SQL:104 - 
    delete 
    from
        Customer 
    where
        id=?
14:17:31,108 DEBUG AbstractReadWriteAccessStrategy:116 - unlocking key[org.hibernate.test.multitenancy.schema.Customer#1] in region[hibernate.test.org.hibernate.test.multitenancy.schema.Customer]
14:17:31,108 DEBUG BaseGeneralDataRegion:46 - Cache[hibernate.test.org.hibernate.test.multitenancy.schema.Customer] lookup : key[org.hibernate.test.multitenancy.schema.Customer#1]
14:17:31,108 DEBUG BaseGeneralDataRegion:52 - Cache[hibernate.test.org.hibernate.test.multitenancy.schema.Customer] hit: org.hibernate.test.multitenancy.schema.Customer#1
14:17:31,109 DEBUG BaseGeneralDataRegion:59 - Caching[hibernate.test.org.hibernate.test.multitenancy.schema.Customer] : [org.hibernate.test.multitenancy.schema.Customer#1] -> [Lock Source-UUID:f3871356-2d5b-4a35-8767-c8ae21323e4e Lock-ID:1]
14:17:31,109  INFO DriverManagerConnectionProviderImpl:162 - HHH000030: Cleaning up connection pool [jdbc:h2:mem:jboss;DB_CLOSE_DELAY=-1;MVCC=TRUE]
14:17:31,109  INFO DriverManagerConnectionProviderImpl:162 - HHH000030: Cleaning up connection pool [jdbc:h2:mem:acme;DB_CLOSE_DELAY=-1;MVCC=TRUE]
]]></system-out>
  <system-err><![CDATA[]]></system-err>
</testsuite>
