<?xml version="1.0" encoding="UTF-8"?>
<testsuite errors="0" failures="0" hostname="dhcp-10.15.208.168.stl.redhat.com" name="org.hibernate.test.legacy.ParentChildTest" tests="23" time="10.614" timestamp="2013-02-28T20:16:36">
  <properties />
  <testcase classname="org.hibernate.test.legacy.ParentChildTest" name="testArrayCriteria" time="0.545" />
  <testcase classname="org.hibernate.test.legacy.ParentChildTest" name="testArrayHQL" time="0.499" />
  <testcase classname="org.hibernate.test.legacy.ParentChildTest" name="testBag" time="0.236" />
  <testcase classname="org.hibernate.test.legacy.ParentChildTest" name="testCascadeCompositeElements" time="0.125" />
  <testcase classname="org.hibernate.test.legacy.ParentChildTest" name="testCircularCascade" time="0.169" />
  <testcase classname="org.hibernate.test.legacy.ParentChildTest" name="testClassWhere" time="0.68" />
  <testcase classname="org.hibernate.test.legacy.ParentChildTest" name="testClassWhereManyToMany" time="0.667" />
  <testcase classname="org.hibernate.test.legacy.ParentChildTest" name="testCollectionQuery" time="0.126" />
  <testcase classname="org.hibernate.test.legacy.ParentChildTest" name="testComplexCriteria" time="2.844" />
  <testcase classname="org.hibernate.test.legacy.ParentChildTest" name="testContainer" time="0.487" />
  <testcase classname="org.hibernate.test.legacy.ParentChildTest" name="testDeleteEmpty" time="0.091" />
  <testcase classname="org.hibernate.test.legacy.ParentChildTest" name="testLazyManyToOneCriteria" time="0.535" />
  <testcase classname="org.hibernate.test.legacy.ParentChildTest" name="testLazyManyToOneGet" time="0.518" />
  <testcase classname="org.hibernate.test.legacy.ParentChildTest" name="testLazyManyToOneHQL" time="0.45" />
  <testcase classname="org.hibernate.test.legacy.ParentChildTest" name="testLoadAfterNonExists" time="0.011" />
  <testcase classname="org.hibernate.test.legacy.ParentChildTest" name="testLocking" time="0.094" />
  <testcase classname="org.hibernate.test.legacy.ParentChildTest" name="testManyToMany" time="0.138" />
  <testcase classname="org.hibernate.test.legacy.ParentChildTest" name="testObjectType" time="0.249" />
  <testcase classname="org.hibernate.test.legacy.ParentChildTest" name="testParentChild" time="0.095" />
  <testcase classname="org.hibernate.test.legacy.ParentChildTest" name="testParentNullChild" time="0.022" />
  <testcase classname="org.hibernate.test.legacy.ParentChildTest" name="testProxyReuse" time="0.942" />
  <testcase classname="org.hibernate.test.legacy.ParentChildTest" name="testQueryOneToOne" time="0.031" />
  <testcase classname="org.hibernate.test.legacy.ParentChildTest" name="testReplicate" time="0.077" />
  <system-out><![CDATA[14:16:36,285  INFO CustomRunner:132 - BeforeClass: org.hibernate.test.legacy.ParentChildTest
14:16:36,285  INFO Dialect:103 - HHH000400: Using dialect: org.hibernate.dialect.H2Dialect
14:16:36,287  INFO Configuration:706 - HHH000221: Reading mappings from resource: org/hibernate/test/legacy/ParentChild.hbm.xml
14:16:36,292  INFO Configuration:706 - HHH000221: Reading mappings from resource: org/hibernate/test/legacy/FooBar.hbm.xml
14:16:36,301  INFO Configuration:706 - HHH000221: Reading mappings from resource: org/hibernate/test/legacy/Baz.hbm.xml
14:16:36,310  INFO Configuration:706 - HHH000221: Reading mappings from resource: org/hibernate/test/legacy/Qux.hbm.xml
14:16:36,316  INFO Configuration:706 - HHH000221: Reading mappings from resource: org/hibernate/test/legacy/Glarch.hbm.xml
14:16:36,322  INFO Configuration:706 - HHH000221: Reading mappings from resource: org/hibernate/test/legacy/Fum.hbm.xml
14:16:36,329  INFO Configuration:706 - HHH000221: Reading mappings from resource: org/hibernate/test/legacy/Fumm.hbm.xml
14:16:36,334  INFO Configuration:706 - HHH000221: Reading mappings from resource: org/hibernate/test/legacy/Fo.hbm.xml
14:16:36,339  INFO Configuration:706 - HHH000221: Reading mappings from resource: org/hibernate/test/legacy/One.hbm.xml
14:16:36,344  INFO Configuration:706 - HHH000221: Reading mappings from resource: org/hibernate/test/legacy/Many.hbm.xml
14:16:36,349  INFO Configuration:706 - HHH000221: Reading mappings from resource: org/hibernate/test/legacy/Immutable.hbm.xml
14:16:36,354  INFO Configuration:706 - HHH000221: Reading mappings from resource: org/hibernate/test/legacy/Fee.hbm.xml
14:16:36,360  INFO Configuration:706 - HHH000221: Reading mappings from resource: org/hibernate/test/legacy/Vetoer.hbm.xml
14:16:36,365  INFO Configuration:706 - HHH000221: Reading mappings from resource: org/hibernate/test/legacy/Holder.hbm.xml
14:16:36,378  INFO Configuration:706 - HHH000221: Reading mappings from resource: org/hibernate/test/legacy/Simple.hbm.xml
14:16:36,383  INFO Configuration:706 - HHH000221: Reading mappings from resource: org/hibernate/test/legacy/Container.hbm.xml
14:16:36,389  INFO Configuration:706 - HHH000221: Reading mappings from resource: org/hibernate/test/legacy/Circular.hbm.xml
14:16:36,394  INFO Configuration:706 - HHH000221: Reading mappings from resource: org/hibernate/test/legacy/Stuff.hbm.xml
14:16:36,418  INFO DriverManagerConnectionProviderImpl:99 - HHH000402: Using Hibernate built-in connection pool (not for production use!)
14:16:36,418  INFO DriverManagerConnectionProviderImpl:135 - HHH000115: Hibernate connection pool size: 5
14:16:36,419  INFO DriverManagerConnectionProviderImpl:138 - HHH000006: Autocommit mode: false
14:16:36,419  INFO DriverManagerConnectionProviderImpl:153 - HHH000401: using driver [org.h2.Driver] at URL [jdbc:h2:mem:db1;DB_CLOSE_DELAY=-1;MVCC=TRUE]
14:16:36,419  INFO DriverManagerConnectionProviderImpl:158 - HHH000046: Connection properties: {user=sa}
14:16:36,420  INFO Dialect:103 - HHH000400: Using dialect: org.hibernate.dialect.H2Dialect
14:16:36,421  INFO LobCreatorBuilder:94 - HHH000423: Disabling contextual LOB creation as JDBC driver reported JDBC version [3] less than 4
14:16:36,421  INFO TransactionFactoryInitiator:66 - HHH000399: Using default transaction strategy (direct JDBC transactions)
14:16:36,421  WARN CachingRegionFactory:58 - CachingRegionFactory should be only used for testing.
14:16:36,563  INFO SchemaExport:343 - HHH000227: Running hbm2ddl schema export
14:16:36,564 DEBUG SchemaExport:353 - Import file not found: /import.sql
14:16:36,564 DEBUG SQL:104 - 
    alter table CCBAG 
        drop constraint FK3CF9B8894011F0B
14:16:36,564 ERROR SchemaExport:425 - HHH000389: Unsuccessful: alter table CCBAG drop constraint FK3CF9B8894011F0B
14:16:36,564 ERROR SchemaExport:426 - Table "CCBAG" not found; SQL statement:

    alter table CCBAG 
        drop constraint FK3CF9B8894011F0B [42102-145]
14:16:36,565 DEBUG SQL:104 - 
    alter table CCBAG 
        drop constraint FK3CF9B8894077C4B
14:16:36,565 ERROR SchemaExport:425 - HHH000389: Unsuccessful: alter table CCBAG drop constraint FK3CF9B8894077C4B
14:16:36,565 ERROR SchemaExport:426 - Table "CCBAG" not found; SQL statement:

    alter table CCBAG 
        drop constraint FK3CF9B8894077C4B [42102-145]
14:16:36,565 DEBUG SQL:104 - 
    alter table Child 
        drop constraint parentfk
14:16:36,566 ERROR SchemaExport:425 - HHH000389: Unsuccessful: alter table Child drop constraint parentfk
14:16:36,566 ERROR SchemaExport:426 - Table "CHILD" not found; SQL statement:

    alter table Child 
        drop constraint parentfk [42102-145]
14:16:36,566 DEBUG SQL:104 - 
    alter table Circular 
        drop constraint FKAA8F6ABFF08A955E
14:16:36,566 ERROR SchemaExport:425 - HHH000389: Unsuccessful: alter table Circular drop constraint FKAA8F6ABFF08A955E
14:16:36,566 ERROR SchemaExport:426 - Table "CIRCULAR" not found; SQL statement:

    alter table Circular 
        drop constraint FKAA8F6ABFF08A955E [42102-145]
14:16:36,567 DEBUG SQL:104 - 
    alter table FOO_ARRAY 
        drop constraint FK92165960DED2B87D
14:16:36,567 ERROR SchemaExport:425 - HHH000389: Unsuccessful: alter table FOO_ARRAY drop constraint FK92165960DED2B87D
14:16:36,567 ERROR SchemaExport:426 - Table "FOO_ARRAY" not found; SQL statement:

    alter table FOO_ARRAY 
        drop constraint FK92165960DED2B87D [42102-145]
14:16:36,567 DEBUG SQL:104 - 
    alter table FOO_ARRAY 
        drop constraint FK92165960DED2B1B0
14:16:36,567 ERROR SchemaExport:425 - HHH000389: Unsuccessful: alter table FOO_ARRAY drop constraint FK92165960DED2B1B0
14:16:36,568 ERROR SchemaExport:426 - Table "FOO_ARRAY" not found; SQL statement:

    alter table FOO_ARRAY 
        drop constraint FK92165960DED2B1B0 [42102-145]
14:16:36,568 DEBUG SQL:104 - 
    alter table Fum 
        drop constraint FK1155E3BB9E3A0
14:16:36,569 ERROR SchemaExport:425 - HHH000389: Unsuccessful: alter table Fum drop constraint FK1155E3BB9E3A0
14:16:36,570 ERROR SchemaExport:426 - Table "FUM" not found; SQL statement:

    alter table Fum 
        drop constraint FK1155E3BB9E3A0 [42102-145]
14:16:36,570 DEBUG SQL:104 - 
    alter table Fum 
        drop constraint FK1155EA64DB02B
14:16:36,570 ERROR SchemaExport:425 - HHH000389: Unsuccessful: alter table Fum drop constraint FK1155EA64DB02B
14:16:36,570 ERROR SchemaExport:426 - Table "FUM" not found; SQL statement:

    alter table Fum 
        drop constraint FK1155EA64DB02B [42102-145]
14:16:36,570 DEBUG SQL:104 - 
    alter table Fum 
        drop constraint FK1155EB222E1DE
14:16:36,570 ERROR SchemaExport:425 - HHH000389: Unsuccessful: alter table Fum drop constraint FK1155EB222E1DE
14:16:36,571 ERROR SchemaExport:426 - Table "FUM" not found; SQL statement:

    alter table Fum 
        drop constraint FK1155EB222E1DE [42102-145]
14:16:36,571 DEBUG SQL:104 - 
    alter table Fum 
        drop constraint FK1155ECFEFBDAD
14:16:36,571 ERROR SchemaExport:425 - HHH000389: Unsuccessful: alter table Fum drop constraint FK1155ECFEFBDAD
14:16:36,571 ERROR SchemaExport:426 - Table "FUM" not found; SQL statement:

    alter table Fum 
        drop constraint FK1155ECFEFBDAD [42102-145]
14:16:36,571 DEBUG SQL:104 - 
    alter table Fumm 
        drop constraint FK2196CF3E81E0B1
14:16:36,571 ERROR SchemaExport:425 - HHH000389: Unsuccessful: alter table Fumm drop constraint FK2196CF3E81E0B1
14:16:36,571 ERROR SchemaExport:426 - Table "FUMM" not found; SQL statement:

    alter table Fumm 
        drop constraint FK2196CF3E81E0B1 [42102-145]
14:16:36,572 DEBUG SQL:104 - 
    alter table Holder 
        drop constraint FK812BB9CC3939BDD7
14:16:36,572 ERROR SchemaExport:425 - HHH000389: Unsuccessful: alter table Holder drop constraint FK812BB9CC3939BDD7
14:16:36,572 ERROR SchemaExport:426 - Table "HOLDER" not found; SQL statement:

    alter table Holder 
        drop constraint FK812BB9CC3939BDD7 [42102-145]
14:16:36,572 DEBUG SQL:104 - 
    alter table LCCBAG 
        drop constraint FK857FEABC94011F0B
14:16:36,572 ERROR SchemaExport:425 - HHH000389: Unsuccessful: alter table LCCBAG drop constraint FK857FEABC94011F0B
14:16:36,572 ERROR SchemaExport:426 - Table "LCCBAG" not found; SQL statement:

    alter table LCCBAG 
        drop constraint FK857FEABC94011F0B [42102-145]
14:16:36,573 DEBUG SQL:104 - 
    alter table LCCBAG 
        drop constraint FK857FEABC94077C4B
14:16:36,573 ERROR SchemaExport:425 - HHH000389: Unsuccessful: alter table LCCBAG drop constraint FK857FEABC94077C4B
14:16:36,573 ERROR SchemaExport:426 - Table "LCCBAG" not found; SQL statement:

    alter table LCCBAG 
        drop constraint FK857FEABC94077C4B [42102-145]
14:16:36,573 DEBUG SQL:104 - 
    alter table Part 
        drop constraint FK25D813DED29727
14:16:36,573 ERROR SchemaExport:425 - HHH000389: Unsuccessful: alter table Part drop constraint FK25D813DED29727
14:16:36,574 ERROR SchemaExport:426 - Table "PART" not found; SQL statement:

    alter table Part 
        drop constraint FK25D813DED29727 [42102-145]
14:16:36,576 DEBUG SQL:104 - 
    alter table Simple 
        drop constraint FK939D1DD2939BE031
14:16:36,576 ERROR SchemaExport:425 - HHH000389: Unsuccessful: alter table Simple drop constraint FK939D1DD2939BE031
14:16:36,576 ERROR SchemaExport:426 - Table "SIMPLE" not found; SQL statement:

    alter table Simple 
        drop constraint FK939D1DD2939BE031 [42102-145]
14:16:36,576 DEBUG SQL:104 - 
    alter table Simple 
        drop constraint FK939D1DD289A21C6A
14:16:36,577 ERROR SchemaExport:425 - HHH000389: Unsuccessful: alter table Simple drop constraint FK939D1DD289A21C6A
14:16:36,577 ERROR SchemaExport:426 - Table "SIMPLE" not found; SQL statement:

    alter table Simple 
        drop constraint FK939D1DD289A21C6A [42102-145]
14:16:36,577 DEBUG SQL:104 - 
    alter table Sortable 
        drop constraint FK66EDF018DED29727
14:16:36,577 ERROR SchemaExport:425 - HHH000389: Unsuccessful: alter table Sortable drop constraint FK66EDF018DED29727
14:16:36,577 ERROR SchemaExport:426 - Table "SORTABLE" not found; SQL statement:

    alter table Sortable 
        drop constraint FK66EDF018DED29727 [42102-145]
14:16:36,577 DEBUG SQL:104 - 
    alter table Stuff 
        drop constraint FK4C81DD4DED2B87D
14:16:36,578 ERROR SchemaExport:425 - HHH000389: Unsuccessful: alter table Stuff drop constraint FK4C81DD4DED2B87D
14:16:36,578 ERROR SchemaExport:426 - Table "STUFF" not found; SQL statement:

    alter table Stuff 
        drop constraint FK4C81DD4DED2B87D [42102-145]
14:16:36,578 DEBUG SQL:104 - 
    alter table Stuff 
        drop constraint FK4C81DD41B15BDF0
14:16:36,578 ERROR SchemaExport:425 - HHH000389: Unsuccessful: alter table Stuff drop constraint FK4C81DD41B15BDF0
14:16:36,579 ERROR SchemaExport:426 - Table "STUFF" not found; SQL statement:

    alter table Stuff 
        drop constraint FK4C81DD41B15BDF0 [42102-145]
14:16:36,579 DEBUG SQL:104 - 
    alter table "bxaxg" 
        drop constraint FK59D06FACB5DD78C
14:16:36,579 ERROR SchemaExport:425 - HHH000389: Unsuccessful: alter table "bxaxg" drop constraint FK59D06FACB5DD78C
14:16:36,579 ERROR SchemaExport:426 - Table "bxaxg" not found; SQL statement:

    alter table "bxaxg" 
        drop constraint FK59D06FACB5DD78C [42102-145]
14:16:36,579 DEBUG SQL:104 - 
    alter table "fees" 
        drop constraint FK2FE5AD929E1AEB
14:16:36,580 ERROR SchemaExport:425 - HHH000389: Unsuccessful: alter table "fees" drop constraint FK2FE5AD929E1AEB
14:16:36,580 ERROR SchemaExport:426 - Table "fees" not found; SQL statement:

    alter table "fees" 
        drop constraint FK2FE5AD929E1AEB [42102-145]
14:16:36,580 DEBUG SQL:104 - 
    alter table "fooComponents" 
        drop constraint FK498B2C7CDED2B5FD
14:16:36,580 ERROR SchemaExport:425 - HHH000389: Unsuccessful: alter table "fooComponents" drop constraint FK498B2C7CDED2B5FD
14:16:36,580 ERROR SchemaExport:426 - Table "fooComponents" not found; SQL statement:

    alter table "fooComponents" 
        drop constraint FK498B2C7CDED2B5FD [42102-145]
14:16:36,581 DEBUG SQL:104 - 
    alter table "fooComponents" 
        drop constraint FK498B2C7CE90DED05
14:16:36,581 ERROR SchemaExport:425 - HHH000389: Unsuccessful: alter table "fooComponents" drop constraint FK498B2C7CE90DED05
14:16:36,581 ERROR SchemaExport:426 - Table "fooComponents" not found; SQL statement:

    alter table "fooComponents" 
        drop constraint FK498B2C7CE90DED05 [42102-145]
14:16:36,582 DEBUG SQL:104 - 
    alter table "foos" 
        drop constraint FK300C6DDED2B87D
14:16:36,582 ERROR SchemaExport:425 - HHH000389: Unsuccessful: alter table "foos" drop constraint FK300C6DDED2B87D
14:16:36,582 ERROR SchemaExport:426 - Table "foos" not found; SQL statement:

    alter table "foos" 
        drop constraint FK300C6DDED2B87D [42102-145]
14:16:36,582 DEBUG SQL:104 - 
    alter table "foos" 
        drop constraint FK300C6D78F5A0B1
14:16:36,582 ERROR SchemaExport:425 - HHH000389: Unsuccessful: alter table "foos" drop constraint FK300C6D78F5A0B1
14:16:36,582 ERROR SchemaExport:426 - Table "foos" not found; SQL statement:

    alter table "foos" 
        drop constraint FK300C6D78F5A0B1 [42102-145]
14:16:36,583 DEBUG SQL:104 - 
    alter table "foos" 
        drop constraint FK300C6DA4A2707E
14:16:36,583 ERROR SchemaExport:425 - HHH000389: Unsuccessful: alter table "foos" drop constraint FK300C6DA4A2707E
14:16:36,583 ERROR SchemaExport:426 - Table "foos" not found; SQL statement:

    alter table "foos" 
        drop constraint FK300C6DA4A2707E [42102-145]
14:16:36,583 DEBUG SQL:104 - 
    alter table "foos" 
        drop constraint FK300C6DDED29727
14:16:36,583 ERROR SchemaExport:425 - HHH000389: Unsuccessful: alter table "foos" drop constraint FK300C6DDED29727
14:16:36,583 ERROR SchemaExport:426 - Table "foos" not found; SQL statement:

    alter table "foos" 
        drop constraint FK300C6DDED29727 [42102-145]
14:16:36,584 DEBUG SQL:104 - 
    alter table "foos" 
        drop constraint FK300C6D800DF629
14:16:36,584 ERROR SchemaExport:425 - HHH000389: Unsuccessful: alter table "foos" drop constraint FK300C6D800DF629
14:16:36,584 ERROR SchemaExport:426 - Table "foos" not found; SQL statement:

    alter table "foos" 
        drop constraint FK300C6D800DF629 [42102-145]
14:16:36,584 DEBUG SQL:104 - 
    alter table "foos" 
        drop constraint FK300C6D8B9BD6CB
14:16:36,584 ERROR SchemaExport:425 - HHH000389: Unsuccessful: alter table "foos" drop constraint FK300C6D8B9BD6CB
14:16:36,584 ERROR SchemaExport:426 - Table "foos" not found; SQL statement:

    alter table "foos" 
        drop constraint FK300C6D8B9BD6CB [42102-145]
14:16:36,585 DEBUG SQL:104 - 
    alter table "foos" 
        drop constraint FK300C6DF05E6685
14:16:36,585 ERROR SchemaExport:425 - HHH000389: Unsuccessful: alter table "foos" drop constraint FK300C6DF05E6685
14:16:36,585 ERROR SchemaExport:426 - Table "foos" not found; SQL statement:

    alter table "foos" 
        drop constraint FK300C6DF05E6685 [42102-145]
14:16:36,585 DEBUG SQL:104 - 
    alter table "foos" 
        drop constraint FK300C6D423011B5
14:16:36,586 ERROR SchemaExport:425 - HHH000389: Unsuccessful: alter table "foos" drop constraint FK300C6D423011B5
14:16:36,586 ERROR SchemaExport:426 - Table "foos" not found; SQL statement:

    alter table "foos" 
        drop constraint FK300C6D423011B5 [42102-145]
14:16:36,586 DEBUG SQL:104 - 
    alter table "foos" 
        drop constraint FK300C6D601671B4
14:16:36,586 ERROR SchemaExport:425 - HHH000389: Unsuccessful: alter table "foos" drop constraint FK300C6D601671B4
14:16:36,586 ERROR SchemaExport:426 - Table "foos" not found; SQL statement:

    alter table "foos" 
        drop constraint FK300C6D601671B4 [42102-145]
14:16:36,586 DEBUG SQL:104 - 
    alter table "foos" 
        drop constraint FK300C6DBBEAE520
14:16:36,587 ERROR SchemaExport:425 - HHH000389: Unsuccessful: alter table "foos" drop constraint FK300C6DBBEAE520
14:16:36,587 ERROR SchemaExport:426 - Table "foos" not found; SQL statement:

    alter table "foos" 
        drop constraint FK300C6DBBEAE520 [42102-145]
14:16:36,587 DEBUG SQL:104 - 
    alter table "foos" 
        drop constraint FK300C6DBBEAE521
14:16:36,587 ERROR SchemaExport:425 - HHH000389: Unsuccessful: alter table "foos" drop constraint FK300C6DBBEAE521
14:16:36,587 ERROR SchemaExport:426 - Table "foos" not found; SQL statement:

    alter table "foos" 
        drop constraint FK300C6DBBEAE521 [42102-145]
14:16:36,588 DEBUG SQL:104 - 
    alter table "glarchez" 
        drop constraint FKC8B52CB07F31E5F6
14:16:36,588 ERROR SchemaExport:425 - HHH000389: Unsuccessful: alter table "glarchez" drop constraint FKC8B52CB07F31E5F6
14:16:36,588 ERROR SchemaExport:426 - Table "glarchez" not found; SQL statement:

    alter table "glarchez" 
        drop constraint FKC8B52CB07F31E5F6 [42102-145]
14:16:36,588 DEBUG SQL:104 - 
    alter table "glarchez" 
        drop constraint FKC8B52CB095284B1
14:16:36,588 ERROR SchemaExport:425 - HHH000389: Unsuccessful: alter table "glarchez" drop constraint FKC8B52CB095284B1
14:16:36,589 ERROR SchemaExport:426 - Table "glarchez" not found; SQL statement:

    alter table "glarchez" 
        drop constraint FKC8B52CB095284B1 [42102-145]
14:16:36,589 DEBUG SQL:104 - 
    alter table "glarchez" 
        drop constraint FKC8B52CB010E640D1
14:16:36,589 ERROR SchemaExport:425 - HHH000389: Unsuccessful: alter table "glarchez" drop constraint FKC8B52CB010E640D1
14:16:36,589 ERROR SchemaExport:426 - Table "glarchez" not found; SQL statement:

    alter table "glarchez" 
        drop constraint FKC8B52CB010E640D1 [42102-145]
14:16:36,589 DEBUG SQL:104 - 
    alter table "glarchez" 
        drop constraint FKC8B52CB071902CA1
14:16:36,590 ERROR SchemaExport:425 - HHH000389: Unsuccessful: alter table "glarchez" drop constraint FKC8B52CB071902CA1
14:16:36,590 ERROR SchemaExport:426 - Table "glarchez" not found; SQL statement:

    alter table "glarchez" 
        drop constraint FKC8B52CB071902CA1 [42102-145]
14:16:36,590 DEBUG SQL:104 - 
    alter table "glarchez" 
        drop constraint FKC8B52CB07327568E
14:16:36,590 ERROR SchemaExport:425 - HHH000389: Unsuccessful: alter table "glarchez" drop constraint FKC8B52CB07327568E
14:16:36,590 ERROR SchemaExport:426 - Table "glarchez" not found; SQL statement:

    alter table "glarchez" 
        drop constraint FKC8B52CB07327568E [42102-145]
14:16:36,591 DEBUG SQL:104 - 
    alter table "glarchez" 
        drop constraint FKC8B52CB0240A7DA3
14:16:36,591 ERROR SchemaExport:425 - HHH000389: Unsuccessful: alter table "glarchez" drop constraint FKC8B52CB0240A7DA3
14:16:36,591 ERROR SchemaExport:426 - Table "glarchez" not found; SQL statement:

    alter table "glarchez" 
        drop constraint FKC8B52CB0240A7DA3 [42102-145]
14:16:36,591 DEBUG SQL:104 - 
    alter table "glarchez" 
        drop constraint FKC8B52CB0EF499B2C
14:16:36,591 ERROR SchemaExport:425 - HHH000389: Unsuccessful: alter table "glarchez" drop constraint FKC8B52CB0EF499B2C
14:16:36,592 ERROR SchemaExport:426 - Table "glarchez" not found; SQL statement:

    alter table "glarchez" 
        drop constraint FKC8B52CB0EF499B2C [42102-145]
14:16:36,592 DEBUG SQL:104 - 
    alter table "importantDates" 
        drop constraint FKF777B383DED1281F
14:16:36,592 ERROR SchemaExport:425 - HHH000389: Unsuccessful: alter table "importantDates" drop constraint FKF777B383DED1281F
14:16:36,592 ERROR SchemaExport:426 - Table "importantDates" not found; SQL statement:

    alter table "importantDates" 
        drop constraint FKF777B383DED1281F [42102-145]
14:16:36,592 DEBUG SQL:104 - 
    alter table "strings" 
        drop constraint FK8FD6A282E90DED05
14:16:36,593 ERROR SchemaExport:425 - HHH000389: Unsuccessful: alter table "strings" drop constraint FK8FD6A282E90DED05
14:16:36,593 ERROR SchemaExport:426 - Table "strings" not found; SQL statement:

    alter table "strings" 
        drop constraint FK8FD6A282E90DED05 [42102-145]
14:16:36,593 DEBUG SQL:104 - 
    alter table "the fees" 
        drop constraint FK3DDCB3FCDED2B5FD
14:16:36,593 ERROR SchemaExport:425 - HHH000389: Unsuccessful: alter table "the fees" drop constraint FK3DDCB3FCDED2B5FD
14:16:36,594 ERROR SchemaExport:426 - Table "the fees" not found; SQL statement:

    alter table "the fees" 
        drop constraint FK3DDCB3FCDED2B5FD [42102-145]
14:16:36,594 DEBUG SQL:104 - 
    alter table "the fees" 
        drop constraint FK3DDCB3FCDE3EAC1A
14:16:36,594 ERROR SchemaExport:425 - HHH000389: Unsuccessful: alter table "the fees" drop constraint FK3DDCB3FCDE3EAC1A
14:16:36,595 ERROR SchemaExport:426 - Table "the fees" not found; SQL statement:

    alter table "the fees" 
        drop constraint FK3DDCB3FCDE3EAC1A [42102-145]
14:16:36,595 DEBUG SQL:104 - 
    alter table "the fees" 
        drop constraint FK3DDCB3FCDED30C99
14:16:36,595 ERROR SchemaExport:425 - HHH000389: Unsuccessful: alter table "the fees" drop constraint FK3DDCB3FCDED30C99
14:16:36,595 ERROR SchemaExport:426 - Table "the fees" not found; SQL statement:

    alter table "the fees" 
        drop constraint FK3DDCB3FCDED30C99 [42102-145]
14:16:36,595 DEBUG SQL:104 - 
    alter table "the fees" 
        drop constraint FK3DDCB3FCE4640982
14:16:36,596 ERROR SchemaExport:425 - HHH000389: Unsuccessful: alter table "the fees" drop constraint FK3DDCB3FCE4640982
14:16:36,596 ERROR SchemaExport:426 - Table "the fees" not found; SQL statement:

    alter table "the fees" 
        drop constraint FK3DDCB3FCE4640982 [42102-145]
14:16:36,596 DEBUG SQL:104 - 
    alter table abcd 
        drop constraint FK2D9442578192D3
14:16:36,596 ERROR SchemaExport:425 - HHH000389: Unsuccessful: alter table abcd drop constraint FK2D9442578192D3
14:16:36,596 ERROR SchemaExport:426 - Table "ABCD" not found; SQL statement:

    alter table abcd 
        drop constraint FK2D9442578192D3 [42102-145]
14:16:36,597 DEBUG SQL:104 - 
    alter table abcd 
        drop constraint FK2D9442DED2FBBD
14:16:36,597 ERROR SchemaExport:425 - HHH000389: Unsuccessful: alter table abcd drop constraint FK2D9442DED2FBBD
14:16:36,597 ERROR SchemaExport:426 - Table "ABCD" not found; SQL statement:

    alter table abcd 
        drop constraint FK2D9442DED2FBBD [42102-145]
14:16:36,597 DEBUG SQL:104 - 
    alter table abcd 
        drop constraint FK2D9442FB8A4BED
14:16:36,597 ERROR SchemaExport:425 - HHH000389: Unsuccessful: alter table abcd drop constraint FK2D9442FB8A4BED
14:16:36,598 ERROR SchemaExport:426 - Table "ABCD" not found; SQL statement:

    alter table abcd 
        drop constraint FK2D9442FB8A4BED [42102-145]
14:16:36,598 DEBUG SQL:104 - 
    alter table abcd 
        drop constraint FK2D944294077C4B
14:16:36,598 ERROR SchemaExport:425 - HHH000389: Unsuccessful: alter table abcd drop constraint FK2D944294077C4B
14:16:36,598 ERROR SchemaExport:426 - Table "ABCD" not found; SQL statement:

    alter table abcd 
        drop constraint FK2D944294077C4B [42102-145]
14:16:36,598 DEBUG SQL:104 - 
    alter table anyToAny 
        drop constraint FKEA8D06E5DED29727
14:16:36,599 ERROR SchemaExport:425 - HHH000389: Unsuccessful: alter table anyToAny drop constraint FKEA8D06E5DED29727
14:16:36,599 ERROR SchemaExport:426 - Table "ANYTOANY" not found; SQL statement:

    alter table anyToAny 
        drop constraint FKEA8D06E5DED29727 [42102-145]
14:16:36,599 DEBUG SQL:104 - 
    alter table bar_join_table 
        drop constraint FKF39114258B9833CB
14:16:36,599 ERROR SchemaExport:425 - HHH000389: Unsuccessful: alter table bar_join_table drop constraint FKF39114258B9833CB
14:16:36,599 ERROR SchemaExport:426 - Table "BAR_JOIN_TABLE" not found; SQL statement:

    alter table bar_join_table 
        drop constraint FKF39114258B9833CB [42102-145]
14:16:36,600 DEBUG SQL:104 - 
    alter table baz 
        drop constraint FK17C1BDED2B87D
14:16:36,600 ERROR SchemaExport:425 - HHH000389: Unsuccessful: alter table baz drop constraint FK17C1BDED2B87D
14:16:36,600 ERROR SchemaExport:426 - Table "BAZ" not found; SQL statement:

    alter table baz 
        drop constraint FK17C1BDED2B87D [42102-145]
14:16:36,600 DEBUG SQL:104 - 
    alter table baz 
        drop constraint FK17C1B7B14B1CC
14:16:36,601 ERROR SchemaExport:425 - HHH000389: Unsuccessful: alter table baz drop constraint FK17C1B7B14B1CC
14:16:36,601 ERROR SchemaExport:426 - Table "BAZ" not found; SQL statement:

    alter table baz 
        drop constraint FK17C1B7B14B1CC [42102-145]
14:16:36,601 DEBUG SQL:104 - 
    alter table baz 
        drop constraint FK17C1B8B9B1B19
14:16:36,601 ERROR SchemaExport:425 - HHH000389: Unsuccessful: alter table baz drop constraint FK17C1B8B9B1B19
14:16:36,601 ERROR SchemaExport:426 - Table "BAZ" not found; SQL statement:

    alter table baz 
        drop constraint FK17C1B8B9B1B19 [42102-145]
14:16:36,601 DEBUG SQL:104 - 
    alter table baz_byte_bag 
        drop constraint FK5DC16BF5DED29727
14:16:36,602 ERROR SchemaExport:425 - HHH000389: Unsuccessful: alter table baz_byte_bag drop constraint FK5DC16BF5DED29727
14:16:36,602 ERROR SchemaExport:426 - Table "BAZ_BYTE_BAG" not found; SQL statement:

    alter table baz_byte_bag 
        drop constraint FK5DC16BF5DED29727 [42102-145]
14:16:36,602 DEBUG SQL:104 - 
    alter table baz_floats_bag 
        drop constraint FK8687FC04601671B4
14:16:36,602 ERROR SchemaExport:425 - HHH000389: Unsuccessful: alter table baz_floats_bag drop constraint FK8687FC04601671B4
14:16:36,602 ERROR SchemaExport:426 - Table "BAZ_FLOATS_BAG" not found; SQL statement:

    alter table baz_floats_bag 
        drop constraint FK8687FC04601671B4 [42102-145]
14:16:36,602 DEBUG SQL:104 - 
    alter table baz_foo 
        drop constraint FKEC8CB2A2DED2B87D
14:16:36,603 ERROR SchemaExport:425 - HHH000389: Unsuccessful: alter table baz_foo drop constraint FKEC8CB2A2DED2B87D
14:16:36,603 ERROR SchemaExport:426 - Table "BAZ_FOO" not found; SQL statement:

    alter table baz_foo 
        drop constraint FKEC8CB2A2DED2B87D [42102-145]
14:16:36,603 DEBUG SQL:104 - 
    alter table baz_foo 
        drop constraint FKEC8CB2A2DED29727
14:16:36,603 ERROR SchemaExport:425 - HHH000389: Unsuccessful: alter table baz_foo drop constraint FKEC8CB2A2DED29727
14:16:36,603 ERROR SchemaExport:426 - Table "BAZ_FOO" not found; SQL statement:

    alter table baz_foo 
        drop constraint FKEC8CB2A2DED29727 [42102-145]
14:16:36,603 DEBUG SQL:104 - 
    alter table baz_id_foo 
        drop constraint FK8DA58046DED2B87D
14:16:36,604 ERROR SchemaExport:425 - HHH000389: Unsuccessful: alter table baz_id_foo drop constraint FK8DA58046DED2B87D
14:16:36,604 ERROR SchemaExport:426 - Table "BAZ_ID_FOO" not found; SQL statement:

    alter table baz_id_foo 
        drop constraint FK8DA58046DED2B87D [42102-145]
14:16:36,604 DEBUG SQL:104 - 
    alter table baz_id_foo 
        drop constraint FK8DA58046DED29727
14:16:36,604 ERROR SchemaExport:425 - HHH000389: Unsuccessful: alter table baz_id_foo drop constraint FK8DA58046DED29727
14:16:36,604 ERROR SchemaExport:426 - Table "BAZ_ID_FOO" not found; SQL statement:

    alter table baz_id_foo 
        drop constraint FK8DA58046DED29727 [42102-145]
14:16:36,604 DEBUG SQL:104 - 
    alter table bazcomponents 
        drop constraint FK12C9D9718B9BD6CB
14:16:36,605 ERROR SchemaExport:425 - HHH000389: Unsuccessful: alter table bazcomponents drop constraint FK12C9D9718B9BD6CB
14:16:36,605 ERROR SchemaExport:426 - Table "BAZCOMPONENTS" not found; SQL statement:

    alter table bazcomponents 
        drop constraint FK12C9D9718B9BD6CB [42102-145]
14:16:36,605 DEBUG SQL:104 - 
    alter table cached_map 
        drop constraint FK1F8B4BFDED29727
14:16:36,605 ERROR SchemaExport:425 - HHH000389: Unsuccessful: alter table cached_map drop constraint FK1F8B4BFDED29727
14:16:36,605 ERROR SchemaExport:426 - Table "CACHED_MAP" not found; SQL statement:

    alter table cached_map 
        drop constraint FK1F8B4BFDED29727 [42102-145]
14:16:36,605 DEBUG SQL:104 - 
    alter table cached_map 
        drop constraint FK1F8B4BFCD1093EB
14:16:36,606 ERROR SchemaExport:425 - HHH000389: Unsuccessful: alter table cached_map drop constraint FK1F8B4BFCD1093EB
14:16:36,606 ERROR SchemaExport:426 - Table "CACHED_MAP" not found; SQL statement:

    alter table cached_map 
        drop constraint FK1F8B4BFCD1093EB [42102-145]
14:16:36,606 DEBUG SQL:104 - 
    alter table cached_set 
        drop constraint FK1F8CBC5DED29727
14:16:36,607 ERROR SchemaExport:425 - HHH000389: Unsuccessful: alter table cached_set drop constraint FK1F8CBC5DED29727
14:16:36,607 ERROR SchemaExport:426 - Table "CACHED_SET" not found; SQL statement:

    alter table cached_set 
        drop constraint FK1F8CBC5DED29727 [42102-145]
14:16:36,607 DEBUG SQL:104 - 
    alter table components 
        drop constraint FKE5548316578192D3
14:16:36,608 ERROR SchemaExport:425 - HHH000389: Unsuccessful: alter table components drop constraint FKE5548316578192D3
14:16:36,608 ERROR SchemaExport:426 - Table "COMPONENTS" not found; SQL statement:

    alter table components 
        drop constraint FKE5548316578192D3 [42102-145]
14:16:36,608 DEBUG SQL:104 - 
    alter table components 
        drop constraint FKE5548316DED2FBBD
14:16:36,608 ERROR SchemaExport:425 - HHH000389: Unsuccessful: alter table components drop constraint FKE5548316DED2FBBD
14:16:36,608 ERROR SchemaExport:426 - Table "COMPONENTS" not found; SQL statement:

    alter table components 
        drop constraint FKE5548316DED2FBBD [42102-145]
14:16:36,608 DEBUG SQL:104 - 
    alter table components 
        drop constraint FKE5548316FB8A4BED
14:16:36,609 ERROR SchemaExport:425 - HHH000389: Unsuccessful: alter table components drop constraint FKE5548316FB8A4BED
14:16:36,609 ERROR SchemaExport:426 - Table "COMPONENTS" not found; SQL statement:

    alter table components 
        drop constraint FKE5548316FB8A4BED [42102-145]
14:16:36,609 DEBUG SQL:104 - 
    alter table components 
        drop constraint FKE554831694077C4B
14:16:36,609 ERROR SchemaExport:425 - HHH000389: Unsuccessful: alter table components drop constraint FKE554831694077C4B
14:16:36,609 ERROR SchemaExport:426 - Table "COMPONENTS" not found; SQL statement:

    alter table components 
        drop constraint FKE554831694077C4B [42102-145]
14:16:36,610 DEBUG SQL:104 - 
    alter table composites 
        drop constraint FKE59CDECC578192D3
14:16:36,610 ERROR SchemaExport:425 - HHH000389: Unsuccessful: alter table composites drop constraint FKE59CDECC578192D3
14:16:36,610 ERROR SchemaExport:426 - Table "COMPOSITES" not found; SQL statement:

    alter table composites 
        drop constraint FKE59CDECC578192D3 [42102-145]
14:16:36,610 DEBUG SQL:104 - 
    alter table composites 
        drop constraint FKE59CDECCDED2FBBD
14:16:36,610 ERROR SchemaExport:425 - HHH000389: Unsuccessful: alter table composites drop constraint FKE59CDECCDED2FBBD
14:16:36,611 ERROR SchemaExport:426 - Table "COMPOSITES" not found; SQL statement:

    alter table composites 
        drop constraint FKE59CDECCDED2FBBD [42102-145]
14:16:36,611 DEBUG SQL:104 - 
    alter table composites 
        drop constraint FKE59CDECCFB8A4BED
14:16:36,611 ERROR SchemaExport:425 - HHH000389: Unsuccessful: alter table composites drop constraint FKE59CDECCFB8A4BED
14:16:36,611 ERROR SchemaExport:426 - Table "COMPOSITES" not found; SQL statement:

    alter table composites 
        drop constraint FKE59CDECCFB8A4BED [42102-145]
14:16:36,611 DEBUG SQL:104 - 
    alter table composites 
        drop constraint FKE59CDECC94077C4B
14:16:36,612 ERROR SchemaExport:425 - HHH000389: Unsuccessful: alter table composites drop constraint FKE59CDECC94077C4B
14:16:36,612 ERROR SchemaExport:426 - Table "COMPOSITES" not found; SQL statement:

    alter table composites 
        drop constraint FKE59CDECC94077C4B [42102-145]
14:16:36,612 DEBUG SQL:104 - 
    alter table customs 
        drop constraint FK433AE322DED2B1B0
14:16:36,612 ERROR SchemaExport:425 - HHH000389: Unsuccessful: alter table customs drop constraint FK433AE322DED2B1B0
14:16:36,612 ERROR SchemaExport:426 - Table "CUSTOMS" not found; SQL statement:

    alter table customs 
        drop constraint FK433AE322DED2B1B0 [42102-145]
14:16:36,613 DEBUG SQL:104 - 
    alter table fooComponentToFoo 
        drop constraint FKFD673FB4932F92EB
14:16:36,613 ERROR SchemaExport:425 - HHH000389: Unsuccessful: alter table fooComponentToFoo drop constraint FKFD673FB4932F92EB
14:16:36,613 ERROR SchemaExport:426 - Table "FOOCOMPONENTTOFOO" not found; SQL statement:

    alter table fooComponentToFoo 
        drop constraint FKFD673FB4932F92EB [42102-145]
14:16:36,613 DEBUG SQL:104 - 
    alter table fooComponentToFoo 
        drop constraint FKFD673FB48B9BD6CB
14:16:36,613 ERROR SchemaExport:425 - HHH000389: Unsuccessful: alter table fooComponentToFoo drop constraint FKFD673FB48B9BD6CB
14:16:36,613 ERROR SchemaExport:426 - Table "FOOCOMPONENTTOFOO" not found; SQL statement:

    alter table fooComponentToFoo 
        drop constraint FKFD673FB48B9BD6CB [42102-145]
14:16:36,614 DEBUG SQL:104 - 
    alter table fooToGlarch 
        drop constraint FKDA19FFCC6E46349
14:16:36,614 ERROR SchemaExport:425 - HHH000389: Unsuccessful: alter table fooToGlarch drop constraint FKDA19FFCC6E46349
14:16:36,614 ERROR SchemaExport:426 - Table "FOOTOGLARCH" not found; SQL statement:

    alter table fooToGlarch 
        drop constraint FKDA19FFCC6E46349 [42102-145]
14:16:36,614 DEBUG SQL:104 - 
    alter table fooToGlarch 
        drop constraint FKDA19FFC8B9BD6CB
14:16:36,615 ERROR SchemaExport:425 - HHH000389: Unsuccessful: alter table fooToGlarch drop constraint FKDA19FFC8B9BD6CB
14:16:36,615 ERROR SchemaExport:426 - Table "FOOTOGLARCH" not found; SQL statement:

    alter table fooToGlarch 
        drop constraint FKDA19FFC8B9BD6CB [42102-145]
14:16:36,615 DEBUG SQL:104 - 
    alter table fooToGlarch 
        drop constraint FKDA19FFC932F92EB
14:16:36,615 ERROR SchemaExport:425 - HHH000389: Unsuccessful: alter table fooToGlarch drop constraint FKDA19FFC932F92EB
14:16:36,615 ERROR SchemaExport:426 - Table "FOOTOGLARCH" not found; SQL statement:

    alter table fooToGlarch 
        drop constraint FKDA19FFC932F92EB [42102-145]
14:16:36,615 DEBUG SQL:104 - 
    alter table foo_dates 
        drop constraint FKB585C9CC932F92EB
14:16:36,616 ERROR SchemaExport:425 - HHH000389: Unsuccessful: alter table foo_dates drop constraint FKB585C9CC932F92EB
14:16:36,616 ERROR SchemaExport:426 - Table "FOO_DATES" not found; SQL statement:

    alter table foo_dates 
        drop constraint FKB585C9CC932F92EB [42102-145]
14:16:36,616 DEBUG SQL:104 - 
    alter table foo_dep_table 
        drop constraint FK489E6365E4A2AC18
14:16:36,616 ERROR SchemaExport:425 - HHH000389: Unsuccessful: alter table foo_dep_table drop constraint FK489E6365E4A2AC18
14:16:36,616 ERROR SchemaExport:426 - Table "FOO_DEP_TABLE" not found; SQL statement:

    alter table foo_dep_table 
        drop constraint FK489E6365E4A2AC18 [42102-145]
14:16:36,617 DEBUG SQL:104 - 
    alter table foo_dep_table 
        drop constraint FK489E63659CB3B576
14:16:36,617 ERROR SchemaExport:425 - HHH000389: Unsuccessful: alter table foo_dep_table drop constraint FK489E63659CB3B576
14:16:36,617 ERROR SchemaExport:426 - Table "FOO_DEP_TABLE" not found; SQL statement:

    alter table foo_dep_table 
        drop constraint FK489E63659CB3B576 [42102-145]
14:16:36,617 DEBUG SQL:104 - 
    alter table foo_times 
        drop constraint FKB66ACA8D932F92EB
14:16:36,618 ERROR SchemaExport:425 - HHH000389: Unsuccessful: alter table foo_times drop constraint FKB66ACA8D932F92EB
14:16:36,618 ERROR SchemaExport:426 - Table "FOO_TIMES" not found; SQL statement:

    alter table foo_times 
        drop constraint FKB66ACA8D932F92EB [42102-145]
14:16:36,618 DEBUG SQL:104 - 
    alter table foobytes 
        drop constraint FK16933F65DED138D2
14:16:36,618 ERROR SchemaExport:425 - HHH000389: Unsuccessful: alter table foobytes drop constraint FK16933F65DED138D2
14:16:36,619 ERROR SchemaExport:426 - Table "FOOBYTES" not found; SQL statement:

    alter table foobytes 
        drop constraint FK16933F65DED138D2 [42102-145]
14:16:36,619 DEBUG SQL:104 - 
    alter table fums 
        drop constraint FK3022B5AAB22AAB
14:16:36,619 ERROR SchemaExport:425 - HHH000389: Unsuccessful: alter table fums drop constraint FK3022B5AAB22AAB
14:16:36,619 ERROR SchemaExport:426 - Table "FUMS" not found; SQL statement:

    alter table fums 
        drop constraint FK3022B5AAB22AAB [42102-145]
14:16:36,620 DEBUG SQL:104 - 
    alter table fums 
        drop constraint FK3022B5A64DB02B
14:16:36,620 ERROR SchemaExport:425 - HHH000389: Unsuccessful: alter table fums drop constraint FK3022B5A64DB02B
14:16:36,620 ERROR SchemaExport:426 - Table "FUMS" not found; SQL statement:

    alter table fums 
        drop constraint FK3022B5A64DB02B [42102-145]
14:16:36,620 DEBUG SQL:104 - 
    alter table int_array 
        drop constraint FK12CE7E09DED12827
14:16:36,620 ERROR SchemaExport:425 - HHH000389: Unsuccessful: alter table int_array drop constraint FK12CE7E09DED12827
14:16:36,620 ERROR SchemaExport:426 - Table "INT_ARRAY" not found; SQL statement:

    alter table int_array 
        drop constraint FK12CE7E09DED12827 [42102-145]
14:16:36,621 DEBUG SQL:104 - 
    alter table jointable 
        drop constraint FKE3AC08E4E4A2AC18
14:16:36,621 ERROR SchemaExport:425 - HHH000389: Unsuccessful: alter table jointable drop constraint FKE3AC08E4E4A2AC18
14:16:36,621 ERROR SchemaExport:426 - Table "JOINTABLE" not found; SQL statement:

    alter table jointable 
        drop constraint FKE3AC08E4E4A2AC18 [42102-145]
14:16:36,621 DEBUG SQL:104 - 
    alter table many 
        drop constraint FK33065F9016265D
14:16:36,622 ERROR SchemaExport:425 - HHH000389: Unsuccessful: alter table many drop constraint FK33065F9016265D
14:16:36,622 ERROR SchemaExport:426 - Table "MANY" not found; SQL statement:

    alter table many 
        drop constraint FK33065F9016265D [42102-145]
14:16:36,622 DEBUG SQL:104 - 
    alter table manyToAny 
        drop constraint FKBB04A52DED29727
14:16:36,622 ERROR SchemaExport:425 - HHH000389: Unsuccessful: alter table manyToAny drop constraint FKBB04A52DED29727
14:16:36,622 ERROR SchemaExport:426 - Table "MANYTOANY" not found; SQL statement:

    alter table manyToAny 
        drop constraint FKBB04A52DED29727 [42102-145]
14:16:36,622 DEBUG SQL:104 - 
    alter table manyToMany 
        drop constraint FK6A5E42B98D4AE9CE
14:16:36,623 ERROR SchemaExport:425 - HHH000389: Unsuccessful: alter table manyToMany drop constraint FK6A5E42B98D4AE9CE
14:16:36,623 ERROR SchemaExport:426 - Table "MANYTOMANY" not found; SQL statement:

    alter table manyToMany 
        drop constraint FK6A5E42B98D4AE9CE [42102-145]
14:16:36,623 DEBUG SQL:104 - 
    alter table manyToMany 
        drop constraint FK6A5E42B989A21C6B
14:16:36,623 ERROR SchemaExport:425 - HHH000389: Unsuccessful: alter table manyToMany drop constraint FK6A5E42B989A21C6B
14:16:36,623 ERROR SchemaExport:426 - Table "MANYTOMANY" not found; SQL statement:

    alter table manyToMany 
        drop constraint FK6A5E42B989A21C6B [42102-145]
14:16:36,624 DEBUG SQL:104 - 
    alter table moreParts 
        drop constraint FK6B3ABC8BFB8D0715
14:16:36,624 ERROR SchemaExport:425 - HHH000389: Unsuccessful: alter table moreParts drop constraint FK6B3ABC8BFB8D0715
14:16:36,624 ERROR SchemaExport:426 - Table "MOREPARTS" not found; SQL statement:

    alter table moreParts 
        drop constraint FK6B3ABC8BFB8D0715 [42102-145]
14:16:36,624 DEBUG SQL:104 - 
    alter table moreParts 
        drop constraint FK6B3ABC8BDED29727
14:16:36,624 ERROR SchemaExport:425 - HHH000389: Unsuccessful: alter table moreParts drop constraint FK6B3ABC8BDED29727
14:16:36,625 ERROR SchemaExport:426 - Table "MOREPARTS" not found; SQL statement:

    alter table moreParts 
        drop constraint FK6B3ABC8BDED29727 [42102-145]
14:16:36,625 DEBUG SQL:104 - 
    alter table one 
        drop constraint FK1AE66329ECAC7
14:16:36,625 ERROR SchemaExport:425 - HHH000389: Unsuccessful: alter table one drop constraint FK1AE66329ECAC7
14:16:36,625 ERROR SchemaExport:426 - Table "ONE" not found; SQL statement:

    alter table one 
        drop constraint FK1AE66329ECAC7 [42102-145]
14:16:36,625 DEBUG SQL:104 - 
    alter table quux 
        drop constraint FK3523C7DED2B87D
14:16:36,625 ERROR SchemaExport:425 - HHH000389: Unsuccessful: alter table quux drop constraint FK3523C7DED2B87D
14:16:36,625 ERROR SchemaExport:426 - Table "QUUX" not found; SQL statement:

    alter table quux 
        drop constraint FK3523C7DED2B87D [42102-145]
14:16:36,626 DEBUG SQL:104 - 
    alter table quux 
        drop constraint FK3523C7AB390E59
14:16:36,626 ERROR SchemaExport:425 - HHH000389: Unsuccessful: alter table quux drop constraint FK3523C7AB390E59
14:16:36,626 ERROR SchemaExport:426 - Table "QUUX" not found; SQL statement:

    alter table quux 
        drop constraint FK3523C7AB390E59 [42102-145]
14:16:36,626 DEBUG SQL:104 - 
    alter table quux 
        drop constraint FK3523C7CFEFBDAD
14:16:36,626 ERROR SchemaExport:425 - HHH000389: Unsuccessful: alter table quux drop constraint FK3523C7CFEFBDAD
14:16:36,626 ERROR SchemaExport:426 - Table "QUUX" not found; SQL statement:

    alter table quux 
        drop constraint FK3523C7CFEFBDAD [42102-145]
14:16:36,626 DEBUG SQL:104 - 
    alter table stringArray 
        drop constraint FKA45284C8DED2B1B0
14:16:36,627 ERROR SchemaExport:425 - HHH000389: Unsuccessful: alter table stringArray drop constraint FKA45284C8DED2B1B0
14:16:36,627 ERROR SchemaExport:426 - Table "STRINGARRAY" not found; SQL statement:

    alter table stringArray 
        drop constraint FKA45284C8DED2B1B0 [42102-145]
14:16:36,627 DEBUG SQL:104 - 
    alter table stringDateMap 
        drop constraint FK5B92297DDED2B1B0
14:16:36,627 ERROR SchemaExport:425 - HHH000389: Unsuccessful: alter table stringDateMap drop constraint FK5B92297DDED2B1B0
14:16:36,627 ERROR SchemaExport:426 - Table "STRINGDATEMAP" not found; SQL statement:

    alter table stringDateMap 
        drop constraint FK5B92297DDED2B1B0 [42102-145]
14:16:36,627 DEBUG SQL:104 - 
    alter table stringSet 
        drop constraint FKF4B79E91DED2B1B0
14:16:36,628 ERROR SchemaExport:425 - HHH000389: Unsuccessful: alter table stringSet drop constraint FKF4B79E91DED2B1B0
14:16:36,628 ERROR SchemaExport:426 - Table "STRINGSET" not found; SQL statement:

    alter table stringSet 
        drop constraint FKF4B79E91DED2B1B0 [42102-145]
14:16:36,628 DEBUG SQL:104 - 
    alter table string_list 
        drop constraint FKA5F66C0CDED12827
14:16:36,628 ERROR SchemaExport:425 - HHH000389: Unsuccessful: alter table string_list drop constraint FKA5F66C0CDED12827
14:16:36,628 ERROR SchemaExport:426 - Table "STRING_LIST" not found; SQL statement:

    alter table string_list 
        drop constraint FKA5F66C0CDED12827 [42102-145]
14:16:36,628 DEBUG SQL:104 - 
    alter table stringmap 
        drop constraint FKF4B7FFABCFEFBDAD
14:16:36,628 ERROR SchemaExport:425 - HHH000389: Unsuccessful: alter table stringmap drop constraint FKF4B7FFABCFEFBDAD
14:16:36,629 ERROR SchemaExport:426 - Table "STRINGMAP" not found; SQL statement:

    alter table stringmap 
        drop constraint FKF4B7FFABCFEFBDAD [42102-145]
14:16:36,629 DEBUG SQL:104 - 
    alter table ternaryMap 
        drop constraint FKD97F3881DED2B87D
14:16:36,629 ERROR SchemaExport:425 - HHH000389: Unsuccessful: alter table ternaryMap drop constraint FKD97F3881DED2B87D
14:16:36,629 ERROR SchemaExport:426 - Table "TERNARYMAP" not found; SQL statement:

    alter table ternaryMap 
        drop constraint FKD97F3881DED2B87D [42102-145]
14:16:36,629 DEBUG SQL:104 - 
    alter table ternaryMap 
        drop constraint FKD97F38812ED6F4E5
14:16:36,629 ERROR SchemaExport:425 - HHH000389: Unsuccessful: alter table ternaryMap drop constraint FKD97F38812ED6F4E5
14:16:36,630 ERROR SchemaExport:426 - Table "TERNARYMAP" not found; SQL statement:

    alter table ternaryMap 
        drop constraint FKD97F38812ED6F4E5 [42102-145]
14:16:36,630 DEBUG SQL:104 - 
    alter table ternaryMap 
        drop constraint FKD97F388194077C4B
14:16:36,630 ERROR SchemaExport:425 - HHH000389: Unsuccessful: alter table ternaryMap drop constraint FKD97F388194077C4B
14:16:36,630 ERROR SchemaExport:426 - Table "TERNARYMAP" not found; SQL statement:

    alter table ternaryMap 
        drop constraint FKD97F388194077C4B [42102-145]
14:16:36,630 DEBUG SQL:104 - 
    alter table ternarySet 
        drop constraint FKD97F4F87DED2B87D
14:16:36,630 ERROR SchemaExport:425 - HHH000389: Unsuccessful: alter table ternarySet drop constraint FKD97F4F87DED2B87D
14:16:36,630 ERROR SchemaExport:426 - Table "TERNARYSET" not found; SQL statement:

    alter table ternarySet 
        drop constraint FKD97F4F87DED2B87D [42102-145]
14:16:36,631 DEBUG SQL:104 - 
    alter table ternarySet 
        drop constraint FKD97F4F872ED6F4E5
14:16:36,631 ERROR SchemaExport:425 - HHH000389: Unsuccessful: alter table ternarySet drop constraint FKD97F4F872ED6F4E5
14:16:36,631 ERROR SchemaExport:426 - Table "TERNARYSET" not found; SQL statement:

    alter table ternarySet 
        drop constraint FKD97F4F872ED6F4E5 [42102-145]
14:16:36,631 DEBUG SQL:104 - 
    alter table ternarySet 
        drop constraint FKD97F4F8794077C4B
14:16:36,632 ERROR SchemaExport:425 - HHH000389: Unsuccessful: alter table ternarySet drop constraint FKD97F4F8794077C4B
14:16:36,632 ERROR SchemaExport:426 - Table "TERNARYSET" not found; SQL statement:

    alter table ternarySet 
        drop constraint FKD97F4F8794077C4B [42102-145]
14:16:36,632 DEBUG SQL:104 - 
    alter table timeArray 
        drop constraint FK87E78C8B9BD6CB
14:16:36,633 ERROR SchemaExport:425 - HHH000389: Unsuccessful: alter table timeArray drop constraint FK87E78C8B9BD6CB
14:16:36,633 ERROR SchemaExport:426 - Table "TIMEARRAY" not found; SQL statement:

    alter table timeArray 
        drop constraint FK87E78C8B9BD6CB [42102-145]
14:16:36,633 DEBUG SQL:104 - 
    alter table topcomponents 
        drop constraint FK72C85E2BDED2B1B0
14:16:36,633 ERROR SchemaExport:425 - HHH000389: Unsuccessful: alter table topcomponents drop constraint FK72C85E2BDED2B1B0
14:16:36,633 ERROR SchemaExport:426 - Table "TOPCOMPONENTS" not found; SQL statement:

    alter table topcomponents 
        drop constraint FK72C85E2BDED2B1B0 [42102-145]
14:16:36,633 DEBUG SQL:104 - 
    drop table CCBAG if exists
14:16:36,633 DEBUG SQL:104 - 
    drop table Child if exists
14:16:36,634 DEBUG SQL:104 - 
    drop table Circular if exists
14:16:36,634 DEBUG SQL:104 - 
    drop table Contained if exists
14:16:36,634 DEBUG SQL:104 - 
    drop table Container if exists
14:16:36,634 DEBUG SQL:104 - 
    drop table FOO_ARRAY if exists
14:16:36,634 DEBUG SQL:104 - 
    drop table Fum if exists
14:16:36,634 DEBUG SQL:104 - 
    drop table Fumm if exists
14:16:36,635 DEBUG SQL:104 - 
    drop table Holder if exists
14:16:36,635 DEBUG SQL:104 - 
    drop table LCCBAG if exists
14:16:36,635 DEBUG SQL:104 - 
    drop table MoreStuff if exists
14:16:36,635 DEBUG SQL:104 - 
    drop table Parent if exists
14:16:36,635 DEBUG SQL:104 - 
    drop table Part if exists
14:16:36,635 DEBUG SQL:104 - 
    drop table Simple if exists
14:16:36,635 DEBUG SQL:104 - 
    drop table Sortable if exists
14:16:36,636 DEBUG SQL:104 - 
    drop table Stuff if exists
14:16:36,636 DEBUG SQL:104 - 
    drop table Vetoer if exists
14:16:36,636 DEBUG SQL:104 - 
    drop table "bxaxg" if exists
14:16:36,636 DEBUG SQL:104 - 
    drop table "fees" if exists
14:16:36,636 DEBUG SQL:104 - 
    drop table "fooComponents" if exists
14:16:36,636 DEBUG SQL:104 - 
    drop table "foos" if exists
14:16:36,637 DEBUG SQL:104 - 
    drop table "glarchez" if exists
14:16:36,637 DEBUG SQL:104 - 
    drop table "importantDates" if exists
14:16:36,637 DEBUG SQL:104 - 
    drop table "strings" if exists
14:16:36,637 DEBUG SQL:104 - 
    drop table "the fees" if exists
14:16:36,637 DEBUG SQL:104 - 
    drop table abcd if exists
14:16:36,637 DEBUG SQL:104 - 
    drop table anyToAny if exists
14:16:36,637 DEBUG SQL:104 - 
    drop table bar_join_table if exists
14:16:36,638 DEBUG SQL:104 - 
    drop table baz if exists
14:16:36,638 DEBUG SQL:104 - 
    drop table baz_byte_bag if exists
14:16:36,638 DEBUG SQL:104 - 
    drop table baz_floats_bag if exists
14:16:36,638 DEBUG SQL:104 - 
    drop table baz_foo if exists
14:16:36,638 DEBUG SQL:104 - 
    drop table baz_id_foo if exists
14:16:36,638 DEBUG SQL:104 - 
    drop table bazcomponents if exists
14:16:36,639 DEBUG SQL:104 - 
    drop table cached_map if exists
14:16:36,639 DEBUG SQL:104 - 
    drop table cached_set if exists
14:16:36,639 DEBUG SQL:104 - 
    drop table components if exists
14:16:36,639 DEBUG SQL:104 - 
    drop table composites if exists
14:16:36,639 DEBUG SQL:104 - 
    drop table customs if exists
14:16:36,639 DEBUG SQL:104 - 
    drop table foes if exists
14:16:36,640 DEBUG SQL:104 - 
    drop table fooComponentToFoo if exists
14:16:36,640 DEBUG SQL:104 - 
    drop table fooToGlarch if exists
14:16:36,640 DEBUG SQL:104 - 
    drop table foo_dates if exists
14:16:36,640 DEBUG SQL:104 - 
    drop table foo_dep_table if exists
14:16:36,640 DEBUG SQL:104 - 
    drop table foo_times if exists
14:16:36,640 DEBUG SQL:104 - 
    drop table foobytes if exists
14:16:36,640 DEBUG SQL:104 - 
    drop table fums if exists
14:16:36,641 DEBUG SQL:104 - 
    drop table immut if exists
14:16:36,645 DEBUG SQL:104 - 
    drop table int_array if exists
14:16:36,645 DEBUG SQL:104 - 
    drop table jointable if exists
14:16:36,645 DEBUG SQL:104 - 
    drop table many if exists
14:16:36,645 DEBUG SQL:104 - 
    drop table manyToAny if exists
14:16:36,645 DEBUG SQL:104 - 
    drop table manyToMany if exists
14:16:36,646 DEBUG SQL:104 - 
    drop table moreParts if exists
14:16:36,646 DEBUG SQL:104 - 
    drop table one if exists
14:16:36,646 DEBUG SQL:104 - 
    drop table quux if exists
14:16:36,646 DEBUG SQL:104 - 
    drop table stringArray if exists
14:16:36,646 DEBUG SQL:104 - 
    drop table stringDateMap if exists
14:16:36,646 DEBUG SQL:104 - 
    drop table stringSet if exists
14:16:36,647 DEBUG SQL:104 - 
    drop table string_list if exists
14:16:36,647 DEBUG SQL:104 - 
    drop table stringmap if exists
14:16:36,647 DEBUG SQL:104 - 
    drop table ternaryMap if exists
14:16:36,647 DEBUG SQL:104 - 
    drop table ternarySet if exists
14:16:36,647 DEBUG SQL:104 - 
    drop table timeArray if exists
14:16:36,647 DEBUG SQL:104 - 
    drop table topcomponents if exists
14:16:36,647 DEBUG SQL:104 - 
    drop table hibernate_unique_key if exists
14:16:36,648 DEBUG SQL:104 - 
    create table CCBAG (
        container_id bigint not null,
        contained_id bigint not null
    )
14:16:36,648 DEBUG SQL:104 - 
    create table Child (
        id bigint not null,
        x integer,
        count_ integer,
        primary key (id)
    )
14:16:36,667 DEBUG SQL:104 - 
    create table Circular (
        id_ varchar(64) not null,
        clazz varchar(255),
        other varchar(64),
        classname varchar(255),
        any_id binary(255),
        primary key (id_)
    )
14:16:36,668 DEBUG SQL:104 - 
    create table Contained (
        container_id bigint generated by default as identity,
        primary key (container_id)
    )
14:16:36,668 DEBUG SQL:104 - 
    create table Container (
        container_id bigint generated by default as identity,
        primary key (container_id)
    )
14:16:36,668 DEBUG SQL:104 - 
    create table FOO_ARRAY (
        id_ varchar(32) not null,
        foo varchar(36) not null,
        i integer not null,
        primary key (id_, i),
        check (i>=0)
    )
14:16:36,678 DEBUG SQL:104 - 
    create table Fum (
        string_ varchar(10) not null,
        short_ smallint not null,
        date_ date not null,
        vid smallint not null,
        fum varchar(255) not null,
        TString varchar(255),
        fo_string varchar(10),
        fo_short smallint,
        fo_date date,
        count_ integer,
        qux_id bigint,
        posn integer,
        fr_string_ varchar(10),
        fr_short_ smallint,
        fr_date_ date,
        fum_str_ varchar(10),
        fum_sho_ smallint,
        fum_dat_ date,
        fummapindex varchar(255),
        primary key (string_, short_, date_)
    )
14:16:36,680 DEBUG SQL:104 - 
    create table Fumm (
        string_ varchar(10) not null,
        short_ smallint not null,
        date_ date not null,
        locale varchar(255),
        primary key (string_, short_, date_)
    )
14:16:36,689 DEBUG SQL:104 - 
    create table Holder (
        id_ varchar(32) not null,
        name varchar(36) not null,
        otherHolder varchar(255),
        primary key (id_)
    )
14:16:36,689 DEBUG SQL:104 - 
    create table LCCBAG (
        container_id bigint not null,
        contained_id bigint not null
    )
14:16:36,690 DEBUG SQL:104 - 
    create table MoreStuff (
        intId integer not null,
        stringId varchar(32) not null,
        name varchar(255),
        primary key (intId, stringId)
    )
14:16:36,690 DEBUG SQL:104 - 
    create table Parent (
        id bigint generated by default as identity,
        x integer,
        count_ integer,
        any_id varchar(255),
        any_class binary(255),
        primary key (id)
    )
14:16:36,699 DEBUG SQL:104 - 
    create table Part (
        id bigint generated by default as identity,
        clazz varchar(255) not null,
        description varchar(255),
        baz varchar(32),
        primary key (id)
    )
14:16:36,699 DEBUG SQL:104 - 
    create table Simple (
        id_ bigint not null,
        name varchar(255),
        address varchar(255),
        count_ integer not null,
        date_ timestamp,
        pay float,
        other bigint,
        container_id1 bigint,
        list_index integer,
        primary key (id_)
    )
14:16:36,699 DEBUG SQL:104 - 
    create table Sortable (
        id integer generated by default as identity,
        name varchar(255),
        baz varchar(32),
        primary key (id)
    )
14:16:36,700 DEBUG SQL:104 - 
    create table Stuff (
        id bigint not null,
        foo varchar(36) not null,
        moreInt integer not null,
        moreString varchar(32) not null,
        property varchar(255),
        primary key (id, foo, moreInt, moreString)
    )
14:16:36,709 DEBUG SQL:104 - 
    create table Vetoer (
        id_ varchar(32) not null,
        name varchar(255),
        strings binary(255),
        primary key (id_)
    )
14:16:36,709 DEBUG SQL:104 - 
    create table "bxaxg" (
        "baz_id_" varchar(32) not null,
        "name_" varchar(255)
    )
14:16:36,710 DEBUG SQL:104 - 
    create table "fees" (
        fee_id varchar(64) not null,
        str_ varchar(255) not null,
        primary key (fee_id, str_)
    )
14:16:36,710 DEBUG SQL:104 - 
    create table "fooComponents" (
        glarch_key varchar(32) not null,
        name_ varchar(255),
        count_ integer,
        x_ varchar(255),
        y_ integer,
        fee varchar(64),
        tha_indecks integer not null,
        primary key (glarch_key, tha_indecks)
    )
14:16:36,720 DEBUG SQL:104 - 
    create table "foos" (
        "foo_idcolumnname123" varchar(36) not null,
        "foo_subclass_1234" char(255) not null,
        version integer not null,
        foo varchar(36),
        long_ bigint not null,
        "integer__" integer not null,
        float_ float not null check (float_ > 0.0),
        x integer,
        double_ double,
        date_ date,
        timestamp_ timestamp,
        boolean_ boolean,
        bool_ boolean,
        null_ integer,
        short_ smallint,
        char_ char(255),
        zero_ float,
        int_ integer,
        string_ varchar(48),
        byte_ tinyint,
        yesno char(255),
        blobb_ binary(255),
        nullBlob binary(255),
        bin_ binary(255),
        "localeayzabc123" varchar(255),
        first_name varchar(66),
        surname varchar(66),
        count_ integer not null,
        name_ varchar(32) not null,
        g__ varchar(32),
        cmpnt_null_ varchar(255),
        subname varchar(255),
        fee_sub varchar(64),
        null_cmpnt_ varchar(255),
        the_time time,
        baz varchar(32),
        bar_string varchar(24),
        bar_count integer,
        name varchar(64),
        clazz char(100),
        gen_id bigint,
        abstract_id varchar(36),
        baz_id varchar(32),
        idtopbar varchar(32),
        idofbaz varchar(32),
        baz_compon_id varchar(32),
        holder1 varchar(32),
        j1 integer,
        holder2 varchar(32),
        primary key ("foo_idcolumnname123")
    )
14:16:36,741 DEBUG SQL:104 - 
    create table "glarchez" (
        tha_key varchar(32) not null,
        version integer not null,
        namecvbnmasdf varchar(255),
        next_ varchar(32),
        order_ smallint,
        foo varchar(255),
        bar integer,
        x integer,
        immutable varchar(255) not null,
        "any_id_of_object" varchar(255),
        "any_class_of_object" binary(255),
        count_ integer,
        glarch_ varchar(255),
        gtf_baz_id varchar(32),
        gtf_foo_id varchar(36),
        idtopglarch varchar(32),
        mapkey char(1),
        baz_map_id varchar(32),
        baz_map_index varchar(255),
        array_key varchar(32),
        array_indecks integer,
        set_key varchar(32),
        primary key (tha_key)
    )
14:16:36,742 DEBUG SQL:104 - 
    create table "importantDates" (
        id varchar(36) not null,
        date_ date,
        i integer not null,
        primary key (id, i)
    )
14:16:36,742 DEBUG SQL:104 - 
    create table "strings" (
        glarch_key varchar(32) not null,
        "tha_stryng" varchar(255),
        "indx_" integer not null,
        primary key (glarch_key, "indx_")
    )
14:16:36,742 DEBUG SQL:104 - 
    create table "the fees" (
        id_ varchar(64) not null,
        fi varchar(255),
        fee varchar(64),
        anotherFee varchar(64),
        qux bigint,
        count_ integer,
        name varchar(255),
        null_prop varchar(255),
        bazid varchar(32),
        bazind integer,
        primary key (id_),
        check (bazind is null or (bazind>=0 and bazind<10))
    )
14:16:36,743 DEBUG SQL:104 - 
    create table abcd (
        container_id bigint not null,
        name varchar(255),
        simple bigint,
        one bigint not null,
        many bigint not null
    )
14:16:36,762 DEBUG SQL:104 - 
    create table anyToAny (
        baz varchar(32) not null,
        el_clazz_ varchar(255),
        el_id_ bigint,
        ind_clazz_ varchar(255) not null,
        ind_id_ bigint not null,
        primary key (baz, ind_clazz_, ind_id_)
    )
14:16:36,763 DEBUG SQL:104 - 
    create table bar_join_table (
        bar_id varchar(36) not null,
        name_name varchar(255),
        primary key (bar_id)
    )
14:16:36,763 DEBUG SQL:104 - 
    create table baz (
        baz_id_column_ varchar(32) not null,
        count_count integer,
        name_b varchar(255),
        foo varchar(36),
        superBaz varchar(32),
        "str" varchar(255),
        "baz-id" varchar(32),
        primary key (baz_id_column_),
        check (count_count > -666)
    )
14:16:36,773 DEBUG SQL:104 - 
    create table baz_byte_bag (
        baz varchar(32) not null,
        bytez binary(255) not null,
        pkid bigint not null,
        primary key (pkid)
    )
14:16:36,774 DEBUG SQL:104 - 
    create table baz_floats_bag (
        baz_compon_id varchar(32) not null,
        float_value float
    )
14:16:36,774 DEBUG SQL:104 - 
    create table baz_foo (
        baz varchar(32) not null,
        foo varchar(36) not null
    )
14:16:36,774 DEBUG SQL:104 - 
    create table baz_id_foo (
        baz varchar(32) not null,
        foo varchar(36) not null,
        pkid bigint not null,
        primary key (pkid)
    )
14:16:36,774 DEBUG SQL:104 - 
    create table bazcomponents (
        baz_id varchar(32) not null,
        name varchar(56),
        count_ integer,
        x_ varchar(255),
        y_ integer,
        i integer not null,
        primary key (baz_id, i)
    )
14:16:36,774 DEBUG SQL:104 - 
    create table cached_map (
        baz varchar(32) not null,
        foo varchar(255),
        bar varchar(255),
        another_baz varchar(32) not null,
        primary key (baz, another_baz)
    )
14:16:36,775 DEBUG SQL:104 - 
    create table cached_set (
        baz varchar(32) not null,
        foo varchar(255) not null,
        bar varchar(255) not null,
        primary key (baz, foo, bar)
    )
14:16:36,798 DEBUG SQL:104 - 
    create table components (
        container_id bigint not null,
        name varchar(255),
        count_ integer,
        simple bigint,
        one bigint,
        many bigint,
        list_index integer not null,
        primary key (container_id, list_index)
    )
14:16:36,799 DEBUG SQL:104 - 
    create table composites (
        container_id bigint not null,
        name varchar(255),
        simple bigint,
        one bigint,
        many bigint
    )
14:16:36,799 DEBUG SQL:104 - 
    create table customs (
        id_ varchar(32) not null,
        first_ varchar(255),
        second_ varchar(255),
        indx integer not null,
        primary key (id_, indx)
    )
14:16:36,810 DEBUG SQL:104 - 
    create table foes (
        string_ varchar(20) not null,
        short_ smallint not null,
        date_ date not null,
        version bigint not null,
        serial_ binary(255),
        buf binary(255),
        x integer,
        primary key (string_, short_, date_)
    )
14:16:36,814 DEBUG SQL:104 - 
    create table fooComponentToFoo (
        baz_id varchar(32) not null,
        foo_id varchar(36) not null,
        name varchar(32) not null,
        count_ integer not null,
        primary key (baz_id, name, count_)
    )
14:16:36,815 DEBUG SQL:104 - 
    create table fooToGlarch (
        baz_id varchar(32) not null,
        glarch_id varchar(32) not null,
        foo_id varchar(36) not null,
        primary key (baz_id, foo_id)
    )
14:16:36,815 DEBUG SQL:104 - 
    create table foo_dates (
        foo_id varchar(36) not null,
        date_ date,
        i integer not null,
        primary key (foo_id, i)
    )
14:16:36,823 DEBUG SQL:104 - 
    create table foo_dep_table (
        fooid varchar(36) not null,
        dependent varchar(64) not null,
        primary key (fooid)
    )
14:16:36,823 DEBUG SQL:104 - 
    create table foo_times (
        foo_id varchar(36) not null,
        date_ time,
        i integer not null,
        primary key (foo_id, i)
    )
14:16:36,823 DEBUG SQL:104 - 
    create table foobytes (
        id varchar(36) not null,
        byte_ tinyint,
        i integer not null,
        primary key (id, i)
    )
14:16:36,824 DEBUG SQL:104 - 
    create table fums (
        qux_id bigint not null,
        fum_string varchar(10) not null,
        fum_short smallint not null,
        fum_date date not null,
        primary key (qux_id, fum_string, fum_short, fum_date)
    )
14:16:36,832 DEBUG SQL:104 - 
    create table immut (
        id_ varchar(64) not null,
        foo varchar(255),
        bar varchar(255),
        primary key (id_)
    )
14:16:36,832 DEBUG SQL:104 - 
    create table int_array (
        id varchar(32) not null,
        j integer,
        i integer not null,
        primary key (id, i)
    )
14:16:36,833 DEBUG SQL:104 - 
    create table jointable (
        fooid varchar(36) not null,
        joinedProp varchar(255),
        primary key (fooid)
    )
14:16:36,833 DEBUG SQL:104 - 
    create table many (
        many_key bigint generated by default as identity,
        x integer,
        one_key bigint,
        primary key (many_key)
    )
14:16:36,842 DEBUG SQL:104 - 
    create table manyToAny (
        baz varchar(32) not null,
        el_clazz_ varchar(255),
        el_id_ varchar(255),
        ind integer not null,
        primary key (baz, ind)
    )
14:16:36,843 DEBUG SQL:104 - 
    create table manyToMany (
        container_id2 bigint not null,
        elt bigint not null,
        list_index integer not null,
        primary key (container_id2, list_index)
    )
14:16:36,843 DEBUG SQL:104 - 
    create table moreParts (
        baz varchar(32) not null,
        part bigint not null
    )
14:16:36,843 DEBUG SQL:104 - 
    create table one (
        one_key bigint generated by default as identity,
        x integer,
        one_value varchar(255),
        holder varchar(32),
        i integer,
        primary key (one_key)
    )
14:16:36,854 DEBUG SQL:104 - 
    create table quux (
        qux_key bigint not null,
        foo varchar(36),
        deleted boolean,
        loaded boolean,
        stored boolean,
        created boolean,
        childKey bigint,
        stuff varchar(255),
        HOLDER_NAME varchar(255),
        fum_str_ varchar(10),
        fum_sho_ smallint,
        fum_dat_ date,
        i integer,
        primary key (qux_key)
    )
14:16:36,854 DEBUG SQL:104 - 
    create table stringArray (
        id_ varchar(32) not null,
        name varchar(255),
        i integer not null,
        primary key (id_, i)
    )
14:16:36,854 DEBUG SQL:104 - 
    create table stringDateMap (
        id_ varchar(32) not null,
        map_value date,
        map_key varchar(32) not null,
        primary key (id_, map_key)
    )
14:16:36,864 DEBUG SQL:104 - 
    create table stringSet (
        id_ varchar(32) not null,
        element varchar(32) not null,
        primary key (id_, element)
    )
14:16:36,864 DEBUG SQL:104 - 
    create table string_list (
        id varchar(32) not null,
        element varchar(255),
        "i" integer not null,
        primary key (id, "i")
    )
14:16:36,865 DEBUG SQL:104 - 
    create table stringmap (
        fum_str_ varchar(10) not null,
        fum_sho_ smallint not null,
        fum_dat_ date not null,
        mapelement varchar(255),
        mapindex varchar(255) not null,
        primary key (fum_str_, fum_sho_, fum_dat_, mapindex)
    )
14:16:36,865 DEBUG SQL:104 - 
    create table ternaryMap (
        container_id bigint not null,
        name varchar(255),
        foo varchar(36),
        glarch varchar(32),
        idx varchar(32) not null,
        primary key (container_id, idx)
    )
14:16:36,866 DEBUG SQL:104 - 
    create table ternarySet (
        container_id bigint not null,
        name varchar(255) not null,
        foo varchar(36) not null,
        glarch varchar(32) not null,
        primary key (container_id, name, foo, glarch)
    )
14:16:36,866 DEBUG SQL:104 - 
    create table timeArray (
        baz_id varchar(32) not null,
        the_time time,
        j integer not null,
        primary key (baz_id, j)
    )
14:16:36,866 DEBUG SQL:104 - 
    create table topcomponents (
        id_ varchar(32) not null,
        name varchar(255),
        count_ integer,
        i integer not null,
        primary key (id_, i)
    )
14:16:36,866 DEBUG SQL:104 - 
    alter table CCBAG 
        add constraint FK3CF9B8894011F0B 
        foreign key (contained_id) 
        references Contained
14:16:36,878 DEBUG SQL:104 - 
    alter table CCBAG 
        add constraint FK3CF9B8894077C4B 
        foreign key (container_id) 
        references Container
14:16:36,879 DEBUG SQL:104 - 
    alter table Child 
        add constraint parentfk 
        foreign key (id) 
        references Parent
14:16:36,879 DEBUG SQL:104 - 
    alter table Circular 
        add constraint FKAA8F6ABFF08A955E 
        foreign key (other) 
        references Circular
14:16:36,880 DEBUG SQL:104 - 
    alter table FOO_ARRAY 
        add constraint FK92165960DED2B87D 
        foreign key (foo) 
        references "foos"
14:16:36,880 DEBUG SQL:104 - 
    alter table FOO_ARRAY 
        add constraint FK92165960DED2B1B0 
        foreign key (id_) 
        references baz
14:16:36,880 DEBUG SQL:104 - 
    alter table Fum 
        add constraint FK1155E3BB9E3A0 
        foreign key (fo_string, fo_short, fo_date) 
        references Fum
14:16:36,889 DEBUG SQL:104 - 
    alter table Fum 
        add constraint FK1155EA64DB02B 
        foreign key (qux_id) 
        references quux
14:16:36,889 DEBUG SQL:104 - 
    alter table Fum 
        add constraint FK1155EB222E1DE 
        foreign key (fr_string_, fr_short_, fr_date_) 
        references Fum
14:16:36,890 DEBUG SQL:104 - 
    alter table Fum 
        add constraint FK1155ECFEFBDAD 
        foreign key (fum_str_, fum_sho_, fum_dat_) 
        references Fum
14:16:36,890 DEBUG SQL:104 - 
    alter table Fumm 
        add constraint FK2196CF3E81E0B1 
        foreign key (string_, short_, date_) 
        references Fum
14:16:36,891 DEBUG SQL:104 - 
    alter table Holder 
        add constraint uc_Holder_1 unique (name)
14:16:36,891 DEBUG SQL:104 - 
    alter table Holder 
        add constraint FK812BB9CC3939BDD7 
        foreign key (otherHolder) 
        references Holder (name)
14:16:36,892 DEBUG SQL:104 - 
    alter table LCCBAG 
        add constraint FK857FEABC94011F0B 
        foreign key (contained_id) 
        references Contained
14:16:36,892 DEBUG SQL:104 - 
    alter table LCCBAG 
        add constraint FK857FEABC94077C4B 
        foreign key (container_id) 
        references Container
14:16:36,892 DEBUG SQL:104 - 
    alter table Part 
        add constraint FK25D813DED29727 
        foreign key (baz) 
        references baz
14:16:36,911 DEBUG SQL:104 - 
    alter table Simple 
        add constraint uc_Simple_1 unique (count_)
14:16:36,911 DEBUG SQL:104 - 
    alter table Simple 
        add constraint FK939D1DD2939BE031 
        foreign key (other) 
        references Simple
14:16:36,912 DEBUG SQL:104 - 
    alter table Simple 
        add constraint FK939D1DD289A21C6A 
        foreign key (container_id1) 
        references Container
14:16:36,912 DEBUG SQL:104 - 
    alter table Sortable 
        add constraint FK66EDF018DED29727 
        foreign key (baz) 
        references baz
14:16:36,913 DEBUG SQL:104 - 
    alter table Stuff 
        add constraint FK4C81DD4DED2B87D 
        foreign key (foo) 
        references "foos"
14:16:36,913 DEBUG SQL:104 - 
    alter table Stuff 
        add constraint FK4C81DD41B15BDF0 
        foreign key (moreInt, moreString) 
        references MoreStuff
14:16:36,913 DEBUG SQL:104 - 
    alter table "bxaxg" 
        add constraint FK59D06FACB5DD78C 
        foreign key ("baz_id_") 
        references baz
14:16:36,922 DEBUG SQL:104 - 
    alter table "fees" 
        add constraint FK2FE5AD929E1AEB 
        foreign key (fee_id) 
        references "the fees"
14:16:36,922 DEBUG SQL:104 - 
    alter table "fooComponents" 
        add constraint FK498B2C7CDED2B5FD 
        foreign key (fee) 
        references "the fees"
14:16:36,922 DEBUG SQL:104 - 
    alter table "fooComponents" 
        add constraint FK498B2C7CE90DED05 
        foreign key (glarch_key) 
        references "glarchez"
14:16:36,923 DEBUG SQL:104 - 
    alter table "foos" 
        add constraint abc unique (long_, "integer__", float_)
14:16:36,923 DEBUG SQL:104 - 
    create index fbmtoidx on "foos" (foo, long_)
14:16:36,923 DEBUG SQL:104 - 
    create index fbstridx on "foos" (string_)
14:16:36,923 DEBUG SQL:104 - 
    alter table "foos" 
        add constraint FK300C6DDED2B87D 
        foreign key (foo) 
        references "foos"
14:16:36,932 DEBUG SQL:104 - 
    alter table "foos" 
        add constraint FK300C6D78F5A0B1 
        foreign key (g__) 
        references "glarchez"
14:16:36,933 DEBUG SQL:104 - 
    alter table "foos" 
        add constraint FK300C6DA4A2707E 
        foreign key (fee_sub) 
        references "the fees"
14:16:36,933 DEBUG SQL:104 - 
    alter table "foos" 
        add constraint FK300C6DDED29727 
        foreign key (baz) 
        references baz
14:16:36,934 DEBUG SQL:104 - 
    alter table "foos" 
        add constraint FK300C6D800DF629 
        foreign key (abstract_id) 
        references "foos"
14:16:36,934 DEBUG SQL:104 - 
    alter table "foos" 
        add constraint FK300C6D8B9BD6CB 
        foreign key (baz_id) 
        references baz
14:16:36,935 DEBUG SQL:104 - 
    alter table "foos" 
        add constraint FK300C6DF05E6685 
        foreign key (idtopbar) 
        references baz
14:16:36,943 DEBUG SQL:104 - 
    alter table "foos" 
        add constraint FK300C6D423011B5 
        foreign key (idofbaz) 
        references baz
14:16:36,944 DEBUG SQL:104 - 
    alter table "foos" 
        add constraint FK300C6D601671B4 
        foreign key (baz_compon_id) 
        references baz
14:16:36,944 DEBUG SQL:104 - 
    alter table "foos" 
        add constraint FK300C6DBBEAE520 
        foreign key (holder1) 
        references Holder
14:16:36,945 DEBUG SQL:104 - 
    alter table "foos" 
        add constraint FK300C6DBBEAE521 
        foreign key (holder2) 
        references Holder
14:16:36,945 DEBUG SQL:104 - 
    alter table "glarchez" 
        add constraint FKC8B52CB07F31E5F6 
        foreign key (next_) 
        references "glarchez"
14:16:36,946 DEBUG SQL:104 - 
    alter table "glarchez" 
        add constraint FKC8B52CB095284B1 
        foreign key (gtf_baz_id) 
        references baz
14:16:36,954 DEBUG SQL:104 - 
    alter table "glarchez" 
        add constraint FKC8B52CB010E640D1 
        foreign key (gtf_foo_id) 
        references "foos"
14:16:36,954 DEBUG SQL:104 - 
    alter table "glarchez" 
        add constraint FKC8B52CB071902CA1 
        foreign key (idtopglarch) 
        references baz
14:16:36,955 DEBUG SQL:104 - 
    alter table "glarchez" 
        add constraint FKC8B52CB07327568E 
        foreign key (baz_map_id) 
        references baz
14:16:36,955 DEBUG SQL:104 - 
    alter table "glarchez" 
        add constraint FKC8B52CB0240A7DA3 
        foreign key (array_key) 
        references "glarchez"
14:16:36,956 DEBUG SQL:104 - 
    alter table "glarchez" 
        add constraint FKC8B52CB0EF499B2C 
        foreign key (set_key) 
        references "glarchez"
14:16:36,956 DEBUG SQL:104 - 
    alter table "importantDates" 
        add constraint FKF777B383DED1281F 
        foreign key (id) 
        references "foos"
14:16:36,956 DEBUG SQL:104 - 
    alter table "strings" 
        add constraint FK8FD6A282E90DED05 
        foreign key (glarch_key) 
        references "glarchez"
14:16:36,964 DEBUG SQL:104 - 
    alter table "the fees" 
        add constraint FK3DDCB3FCDED2B5FD 
        foreign key (fee) 
        references "the fees"
14:16:36,965 DEBUG SQL:104 - 
    alter table "the fees" 
        add constraint FK3DDCB3FCDE3EAC1A 
        foreign key (anotherFee) 
        references "the fees"
14:16:36,965 DEBUG SQL:104 - 
    alter table "the fees" 
        add constraint FK3DDCB3FCDED30C99 
        foreign key (qux) 
        references quux
14:16:36,966 DEBUG SQL:104 - 
    alter table "the fees" 
        add constraint FK3DDCB3FCE4640982 
        foreign key (bazid) 
        references baz
14:16:36,966 DEBUG SQL:104 - 
    alter table abcd 
        add constraint FK2D9442578192D3 
        foreign key (simple) 
        references Simple
14:16:36,966 DEBUG SQL:104 - 
    alter table abcd 
        add constraint FK2D9442DED2FBBD 
        foreign key (one) 
        references one
14:16:36,976 DEBUG SQL:104 - 
    alter table abcd 
        add constraint FK2D9442FB8A4BED 
        foreign key (many) 
        references many
14:16:36,976 DEBUG SQL:104 - 
    alter table abcd 
        add constraint FK2D944294077C4B 
        foreign key (container_id) 
        references Container
14:16:36,977 DEBUG SQL:104 - 
    alter table anyToAny 
        add constraint FKEA8D06E5DED29727 
        foreign key (baz) 
        references baz
14:16:36,977 DEBUG SQL:104 - 
    alter table bar_join_table 
        add constraint FKF39114258B9833CB 
        foreign key (bar_id) 
        references "foos"
14:16:36,977 DEBUG SQL:104 - 
    alter table baz 
        add constraint FK17C1BDED2B87D 
        foreign key (foo) 
        references "foos"
14:16:36,978 DEBUG SQL:104 - 
    alter table baz 
        add constraint FK17C1B7B14B1CC 
        foreign key (superBaz) 
        references baz 
        on delete cascade
14:16:36,987 DEBUG SQL:104 - 
    alter table baz 
        add constraint FK17C1B8B9B1B19 
        foreign key ("baz-id") 
        references baz
14:16:36,988 DEBUG SQL:104 - 
    alter table baz_byte_bag 
        add constraint FK5DC16BF5DED29727 
        foreign key (baz) 
        references baz
14:16:36,988 DEBUG SQL:104 - 
    alter table baz_floats_bag 
        add constraint FK8687FC04601671B4 
        foreign key (baz_compon_id) 
        references baz
14:16:36,989 DEBUG SQL:104 - 
    alter table baz_foo 
        add constraint FKEC8CB2A2DED2B87D 
        foreign key (foo) 
        references "foos"
14:16:36,989 DEBUG SQL:104 - 
    alter table baz_foo 
        add constraint FKEC8CB2A2DED29727 
        foreign key (baz) 
        references baz
14:16:36,989 DEBUG SQL:104 - 
    alter table baz_id_foo 
        add constraint FK8DA58046DED2B87D 
        foreign key (foo) 
        references "foos"
14:16:36,990 DEBUG SQL:104 - 
    alter table baz_id_foo 
        add constraint FK8DA58046DED29727 
        foreign key (baz) 
        references baz
14:16:36,990 DEBUG SQL:104 - 
    alter table bazcomponents 
        add constraint FK12C9D9718B9BD6CB 
        foreign key (baz_id) 
        references baz
14:16:36,991 DEBUG SQL:104 - 
    alter table cached_map 
        add constraint FK1F8B4BFDED29727 
        foreign key (baz) 
        references baz
14:16:36,991 DEBUG SQL:104 - 
    alter table cached_map 
        add constraint FK1F8B4BFCD1093EB 
        foreign key (another_baz) 
        references baz
14:16:36,991 DEBUG SQL:104 - 
    alter table cached_set 
        add constraint FK1F8CBC5DED29727 
        foreign key (baz) 
        references baz
14:16:36,992 DEBUG SQL:104 - 
    alter table components 
        add constraint FKE5548316578192D3 
        foreign key (simple) 
        references Simple
14:16:37,000 DEBUG SQL:104 - 
    alter table components 
        add constraint FKE5548316DED2FBBD 
        foreign key (one) 
        references one
14:16:37,001 DEBUG SQL:104 - 
    alter table components 
        add constraint FKE5548316FB8A4BED 
        foreign key (many) 
        references many
14:16:37,002 DEBUG SQL:104 - 
    alter table components 
        add constraint FKE554831694077C4B 
        foreign key (container_id) 
        references Container
14:16:37,002 DEBUG SQL:104 - 
    alter table composites 
        add constraint FKE59CDECC578192D3 
        foreign key (simple) 
        references Simple
14:16:37,002 DEBUG SQL:104 - 
    alter table composites 
        add constraint FKE59CDECCDED2FBBD 
        foreign key (one) 
        references one
14:16:37,003 DEBUG SQL:104 - 
    alter table composites 
        add constraint FKE59CDECCFB8A4BED 
        foreign key (many) 
        references many
14:16:37,011 DEBUG SQL:104 - 
    alter table composites 
        add constraint FKE59CDECC94077C4B 
        foreign key (container_id) 
        references Container
14:16:37,012 DEBUG SQL:104 - 
    alter table customs 
        add constraint FK433AE322DED2B1B0 
        foreign key (id_) 
        references baz
14:16:37,012 DEBUG SQL:104 - 
    alter table fooComponentToFoo 
        add constraint FKFD673FB4932F92EB 
        foreign key (foo_id) 
        references "foos"
14:16:37,013 DEBUG SQL:104 - 
    alter table fooComponentToFoo 
        add constraint FKFD673FB48B9BD6CB 
        foreign key (baz_id) 
        references baz
14:16:37,013 DEBUG SQL:104 - 
    alter table fooToGlarch 
        add constraint FKDA19FFCC6E46349 
        foreign key (glarch_id) 
        references "glarchez"
14:16:37,013 DEBUG SQL:104 - 
    alter table fooToGlarch 
        add constraint FKDA19FFC8B9BD6CB 
        foreign key (baz_id) 
        references baz
14:16:37,014 DEBUG SQL:104 - 
    alter table fooToGlarch 
        add constraint FKDA19FFC932F92EB 
        foreign key (foo_id) 
        references "foos"
14:16:37,014 DEBUG SQL:104 - 
    alter table foo_dates 
        add constraint FKB585C9CC932F92EB 
        foreign key (foo_id) 
        references "foos"
14:16:37,015 DEBUG SQL:104 - 
    alter table foo_dep_table 
        add constraint FK489E6365E4A2AC18 
        foreign key (fooid) 
        references "foos"
14:16:37,035 DEBUG SQL:104 - 
    alter table foo_dep_table 
        add constraint FK489E63659CB3B576 
        foreign key (dependent) 
        references "the fees"
14:16:37,035 DEBUG SQL:104 - 
    alter table foo_times 
        add constraint FKB66ACA8D932F92EB 
        foreign key (foo_id) 
        references "foos"
14:16:37,036 DEBUG SQL:104 - 
    alter table foobytes 
        add constraint FK16933F65DED138D2 
        foreign key (id) 
        references "foos"
14:16:37,036 DEBUG SQL:104 - 
    alter table fums 
        add constraint FK3022B5AAB22AAB 
        foreign key (fum_string, fum_short, fum_date) 
        references Fum
14:16:37,037 DEBUG SQL:104 - 
    alter table fums 
        add constraint FK3022B5A64DB02B 
        foreign key (qux_id) 
        references quux
14:16:37,037 DEBUG SQL:104 - 
    alter table int_array 
        add constraint FK12CE7E09DED12827 
        foreign key (id) 
        references baz
14:16:37,046 DEBUG SQL:104 - 
    alter table jointable 
        add constraint FKE3AC08E4E4A2AC18 
        foreign key (fooid) 
        references "foos" 
        on delete cascade
14:16:37,046 DEBUG SQL:104 - 
    alter table many 
        add constraint FK33065F9016265D 
        foreign key (one_key) 
        references one
14:16:37,047 DEBUG SQL:104 - 
    alter table manyToAny 
        add constraint FKBB04A52DED29727 
        foreign key (baz) 
        references baz
14:16:37,047 DEBUG SQL:104 - 
    alter table manyToMany 
        add constraint FK6A5E42B98D4AE9CE 
        foreign key (elt) 
        references Simple
14:16:37,047 DEBUG SQL:104 - 
    alter table manyToMany 
        add constraint FK6A5E42B989A21C6B 
        foreign key (container_id2) 
        references Container
14:16:37,048 DEBUG SQL:104 - 
    alter table moreParts 
        add constraint FK6B3ABC8BFB8D0715 
        foreign key (part) 
        references Part
14:16:37,061 DEBUG SQL:104 - 
    alter table moreParts 
        add constraint FK6B3ABC8BDED29727 
        foreign key (baz) 
        references baz
14:16:37,061 DEBUG SQL:104 - 
    alter table one 
        add constraint FK1AE66329ECAC7 
        foreign key (holder) 
        references Holder
14:16:37,062 DEBUG SQL:104 - 
    alter table quux 
        add constraint FK3523C7DED2B87D 
        foreign key (foo) 
        references "foos"
14:16:37,062 DEBUG SQL:104 - 
    alter table quux 
        add constraint FK3523C7AB390E59 
        foreign key (HOLDER_NAME) 
        references Holder (name)
14:16:37,063 DEBUG SQL:104 - 
    alter table quux 
        add constraint FK3523C7CFEFBDAD 
        foreign key (fum_str_, fum_sho_, fum_dat_) 
        references Fum
14:16:37,063 DEBUG SQL:104 - 
    alter table stringArray 
        add constraint FKA45284C8DED2B1B0 
        foreign key (id_) 
        references baz
14:16:37,063 DEBUG SQL:104 - 
    alter table stringDateMap 
        add constraint FK5B92297DDED2B1B0 
        foreign key (id_) 
        references baz
14:16:37,064 DEBUG SQL:104 - 
    alter table stringSet 
        add constraint FKF4B79E91DED2B1B0 
        foreign key (id_) 
        references baz
14:16:37,064 DEBUG SQL:104 - 
    alter table string_list 
        add constraint FKA5F66C0CDED12827 
        foreign key (id) 
        references baz
14:16:37,065 DEBUG SQL:104 - 
    alter table stringmap 
        add constraint FKF4B7FFABCFEFBDAD 
        foreign key (fum_str_, fum_sho_, fum_dat_) 
        references Fum
14:16:37,065 DEBUG SQL:104 - 
    alter table ternaryMap 
        add constraint FKD97F3881DED2B87D 
        foreign key (foo) 
        references "foos"
14:16:37,065 DEBUG SQL:104 - 
    alter table ternaryMap 
        add constraint FKD97F38812ED6F4E5 
        foreign key (glarch) 
        references "glarchez"
14:16:37,066 DEBUG SQL:104 - 
    alter table ternaryMap 
        add constraint FKD97F388194077C4B 
        foreign key (container_id) 
        references Container
14:16:37,066 DEBUG SQL:104 - 
    alter table ternarySet 
        add constraint FKD97F4F87DED2B87D 
        foreign key (foo) 
        references "foos"
14:16:37,085 DEBUG SQL:104 - 
    alter table ternarySet 
        add constraint FKD97F4F872ED6F4E5 
        foreign key (glarch) 
        references "glarchez"
14:16:37,085 DEBUG SQL:104 - 
    alter table ternarySet 
        add constraint FKD97F4F8794077C4B 
        foreign key (container_id) 
        references Container
14:16:37,086 DEBUG SQL:104 - 
    alter table timeArray 
        add constraint FK87E78C8B9BD6CB 
        foreign key (baz_id) 
        references baz
14:16:37,086 DEBUG SQL:104 - 
    alter table topcomponents 
        add constraint FK72C85E2BDED2B1B0 
        foreign key (id_) 
        references baz
14:16:37,086 DEBUG SQL:104 - 
    create table hibernate_unique_key (
         next_hi integer 
    )
14:16:37,086 DEBUG SQL:104 - 
    insert into hibernate_unique_key values ( 0 )
14:16:37,087  INFO SchemaExport:405 - HHH000230: Schema export complete
14:16:37,088  WARN SessionFactoryImpl:1554 - HHH000008: JTASessionContext being used with JDBCTransactionFactory; auto-flush will not operate correctly with getCurrentSession()
14:16:37,089  INFO CustomRunner:139 - Test: testArrayCriteria
14:16:37,091 DEBUG SQL:104 - 
    insert 
    into
        baz
        (count_count, name_b, foo, superBaz, "str", baz_id_column_) 
    values
        (?, ?, ?, ?, ?, ?)
14:16:37,102 DEBUG SQL:104 - 
    insert 
    into
        "glarchez"
        (version, namecvbnmasdf, next_, order_, foo, bar, x, immutable, "any_id_of_object", "any_class_of_object", count_, glarch_, tha_key) 
    values
        (?, ?, ?, ?, ?, ?, ?, ?, ?, ?, ?, ?, ?)
14:16:37,103 DEBUG SQL:104 - 
    insert 
    into
        "the fees"
        (fi, fee, anotherFee, qux, count_, name, null_prop, id_) 
    values
        (?, ?, ?, ?, ?, ?, ?, ?)
14:16:37,103 DEBUG SQL:104 - 
    insert 
    into
        "the fees"
        (fi, fee, anotherFee, qux, count_, name, null_prop, id_) 
    values
        (?, ?, ?, ?, ?, ?, ?, ?)
14:16:37,104 DEBUG SQL:104 - 
    insert 
    into
        "foos"
        (version, long_, "integer__", float_, x, double_, date_, timestamp_, boolean_, bool_, short_, char_, zero_, int_, string_, byte_, yesno, blobb_, bin_, "localeayzabc123", first_name, surname, count_, name_, g__, cmpnt_null_, subname, fee_sub, "foo_subclass_1234", "foo_idcolumnname123") 
    values
        (?, ?, ?, ?, ?, ?, ?, ?, ?, ?, ?, ?, ?, ?, ?, ?, ?, ?, ?, ?, ?, ?, ?, ?, ?, ?, ?, ?, 'F', ?)
14:16:37,116 DEBUG SQL:104 - 
    insert 
    into
        jointable
        (fooid) 
    values
        (?)
14:16:37,116 DEBUG SQL:104 - 
    insert 
    into
        foo_dep_table
        (dependent, fooid) 
    values
        (?, ?)
14:16:37,117 DEBUG SQL:104 - 
    insert 
    into
        foobytes
        (id, i, byte_) 
    values
        (?, ?, ?)
14:16:37,117 DEBUG SQL:104 - 
    insert 
    into
        foobytes
        (id, i, byte_) 
    values
        (?, ?, ?)
14:16:37,117 DEBUG SQL:104 - 
    insert 
    into
        foobytes
        (id, i, byte_) 
    values
        (?, ?, ?)
14:16:37,117 DEBUG SQL:104 - 
    insert 
    into
        foobytes
        (id, i, byte_) 
    values
        (?, ?, ?)
14:16:37,117 DEBUG SQL:104 - 
    insert 
    into
        foobytes
        (id, i, byte_) 
    values
        (?, ?, ?)
14:16:37,117 DEBUG SQL:104 - 
    insert 
    into
        foobytes
        (id, i, byte_) 
    values
        (?, ?, ?)
14:16:37,118 DEBUG SQL:104 - 
    insert 
    into
        foobytes
        (id, i, byte_) 
    values
        (?, ?, ?)
14:16:37,131 DEBUG SQL:104 - 
    insert 
    into
        foobytes
        (id, i, byte_) 
    values
        (?, ?, ?)
14:16:37,131 DEBUG SQL:104 - 
    insert 
    into
        foo_times
        (foo_id, i, date_) 
    values
        (?, ?, ?)
14:16:37,132 DEBUG SQL:104 - 
    insert 
    into
        foo_dates
        (foo_id, i, date_) 
    values
        (?, ?, ?)
14:16:37,133 DEBUG SQL:104 - 
    insert 
    into
        foo_dates
        (foo_id, i, date_) 
    values
        (?, ?, ?)
14:16:37,146 DEBUG SQL:104 - 
    insert 
    into
        foo_dates
        (foo_id, i, date_) 
    values
        (?, ?, ?)
14:16:37,147 DEBUG SQL:104 - 
    insert 
    into
        FOO_ARRAY
        (id_, i, foo) 
    values
        (?, ?, ?)
14:16:37,150 DEBUG SQL:104 - 
    select
        this_.baz_id_column_ as baz1_28_9_,
        this_.count_count as count2_28_9_,
        this_.name_b as name3_28_9_,
        this_.foo as foo28_9_,
        this_.superBaz as superBaz28_9_,
        this_."str" as str6_28_9_,
        foo3_."foo_idcolumnname123" as foo1_20_0_,
        foo3_.version as version20_0_,
        foo3_.foo as foo20_0_,
        foo3_.long_ as long5_20_0_,
        foo3_."integer__" as integer6_20_0_,
        foo3_.float_ as float7_20_0_,
        foo3_.x as x20_0_,
        foo3_.double_ as double9_20_0_,
        foo3_.date_ as date10_20_0_,
        foo3_.timestamp_ as timestamp11_20_0_,
        foo3_.boolean_ as boolean12_20_0_,
        foo3_.bool_ as bool13_20_0_,
        foo3_.null_ as null14_20_0_,
        foo3_.short_ as short15_20_0_,
        foo3_.char_ as char16_20_0_,
        foo3_.zero_ as zero17_20_0_,
        foo3_.int_ as int18_20_0_,
        foo3_.string_ as string19_20_0_,
        foo3_.byte_ as byte20_20_0_,
        foo3_.yesno as yesno20_0_,
        foo3_.blobb_ as blobb22_20_0_,
        foo3_.nullBlob as nullBlob20_0_,
        foo3_.bin_ as bin24_20_0_,
        foo3_."localeayzabc123" as localea25_20_0_,
        foo3_.first_name as first26_20_0_,
        foo3_.surname as surname20_0_,
        foo3_.count_ as count28_20_0_,
        foo3_.name_ as name29_20_0_,
        foo3_.g__ as g30_20_0_,
        foo3_.cmpnt_null_ as cmpnt31_20_0_,
        foo3_.subname as subname20_0_,
        foo3_.fee_sub as fee33_20_0_,
        foo3_.null_cmpnt_ as null34_20_0_,
        foo3_1_.joinedProp as joinedProp49_0_,
        foo3_2_.dependent as dependent43_0_,
        foo3_.the_time as the35_20_0_,
        foo3_.baz as baz20_0_,
        foo3_.bar_string as bar37_20_0_,
        foo3_.bar_count as bar38_20_0_,
        foo3_.name as name20_0_,
        foo3_.clazz as clazz20_0_,
        foo3_.gen_id as gen41_20_0_,
        foo3_3_.name_name as name2_27_0_,
        foo3_.int_/2 as formula92_0_,
        foo3_."foo_subclass_1234" as foo2_20_0_,
        glarch4_.tha_key as tha1_21_1_,
        glarch4_.version as version21_1_,
        glarch4_.namecvbnmasdf as namecvbn3_21_1_,
        glarch4_.next_ as next4_21_1_,
        glarch4_.order_ as order5_21_1_,
        glarch4_.foo as foo21_1_,
        glarch4_.bar as bar21_1_,
        glarch4_.x as x21_1_,
        glarch4_.immutable as immutable21_1_,
        glarch4_."any_id_of_object" as any10_21_1_,
        glarch4_."any_class_of_object" as any11_21_1_,
        glarch4_.count_ as count12_21_1_,
        glarch4_.glarch_ as glarch13_21_1_,
        fee5_.id_ as id1_24_2_,
        fee5_.fi as fi24_2_,
        fee5_.fee as fee24_2_,
        fee5_.anotherFee as anotherFee24_2_,
        fee5_.qux as qux24_2_,
        fee5_.count_ as count6_24_2_,
        fee5_.name as name24_2_,
        fee5_.null_prop as null8_24_2_,
        fee6_.id_ as id1_24_3_,
        fee6_.fi as fi24_3_,
        fee6_.fee as fee24_3_,
        fee6_.anotherFee as anotherFee24_3_,
        fee6_.qux as qux24_3_,
        fee6_.count_ as count6_24_3_,
        fee6_.name as name24_3_,
        fee6_.null_prop as null8_24_3_,
        fee7_.id_ as id1_24_4_,
        fee7_.fi as fi24_4_,
        fee7_.fee as fee24_4_,
        fee7_.anotherFee as anotherFee24_4_,
        fee7_.qux as qux24_4_,
        fee7_.count_ as count6_24_4_,
        fee7_.name as name24_4_,
        fee7_.null_prop as null8_24_4_,
        baz8_.baz_id_column_ as baz1_28_5_,
        baz8_.count_count as count2_28_5_,
        baz8_.name_b as name3_28_5_,
        baz8_.foo as foo28_5_,
        baz8_.superBaz as superBaz28_5_,
        baz8_."str" as str6_28_5_,
        topglarche9_.idtopglarch as idtopgl16_28_11_,
        topglarche9_.tha_key as tha1_21_11_,
        topglarche9_.mapkey as mapkey11_,
        topglarche9_.tha_key as tha1_21_6_,
        topglarche9_.version as version21_6_,
        topglarche9_.namecvbnmasdf as namecvbn3_21_6_,
        topglarche9_.next_ as next4_21_6_,
        topglarche9_.order_ as order5_21_6_,
        topglarche9_.foo as foo21_6_,
        topglarche9_.bar as bar21_6_,
        topglarche9_.x as x21_6_,
        topglarche9_.immutable as immutable21_6_,
        topglarche9_."any_id_of_object" as any10_21_6_,
        topglarche9_."any_class_of_object" as any11_21_6_,
        topglarche9_.count_ as count12_21_6_,
        topglarche9_.glarch_ as glarch13_21_6_,
        baz10_.baz_id_column_ as baz1_28_7_,
        baz10_.count_count as count2_28_7_,
        baz10_.name_b as name3_28_7_,
        baz10_.foo as foo28_7_,
        baz10_.superBaz as superBaz28_7_,
        baz10_."str" as str6_28_7_,
        fooarray11_.id_ as id1_28_,
        foo1_."foo_idcolumnname123" as foo5_,
        fooarray11_.i as i,
        foo1_."foo_idcolumnname123" as foo1_20_8_,
        foo1_.version as version20_8_,
        foo1_.foo as foo20_8_,
        foo1_.long_ as long5_20_8_,
        foo1_."integer__" as integer6_20_8_,
        foo1_.float_ as float7_20_8_,
        foo1_.x as x20_8_,
        foo1_.double_ as double9_20_8_,
        foo1_.date_ as date10_20_8_,
        foo1_.timestamp_ as timestamp11_20_8_,
        foo1_.boolean_ as boolean12_20_8_,
        foo1_.bool_ as bool13_20_8_,
        foo1_.null_ as null14_20_8_,
        foo1_.short_ as short15_20_8_,
        foo1_.char_ as char16_20_8_,
        foo1_.zero_ as zero17_20_8_,
        foo1_.int_ as int18_20_8_,
        foo1_.string_ as string19_20_8_,
        foo1_.byte_ as byte20_20_8_,
        foo1_.yesno as yesno20_8_,
        foo1_.blobb_ as blobb22_20_8_,
        foo1_.nullBlob as nullBlob20_8_,
        foo1_.bin_ as bin24_20_8_,
        foo1_."localeayzabc123" as localea25_20_8_,
        foo1_.first_name as first26_20_8_,
        foo1_.surname as surname20_8_,
        foo1_.count_ as count28_20_8_,
        foo1_.name_ as name29_20_8_,
        foo1_.g__ as g30_20_8_,
        foo1_.cmpnt_null_ as cmpnt31_20_8_,
        foo1_.subname as subname20_8_,
        foo1_.fee_sub as fee33_20_8_,
        foo1_.null_cmpnt_ as null34_20_8_,
        foo1_1_.joinedProp as joinedProp49_8_,
        foo1_2_.dependent as dependent43_8_,
        foo1_.the_time as the35_20_8_,
        foo1_.baz as baz20_8_,
        foo1_.bar_string as bar37_20_8_,
        foo1_.bar_count as bar38_20_8_,
        foo1_.name as name20_8_,
        foo1_.clazz as clazz20_8_,
        foo1_.gen_id as gen41_20_8_,
        foo1_3_.name_name as name2_27_8_,
        foo1_.int_/2 as formula92_8_,
        foo1_."foo_subclass_1234" as foo2_20_8_ 
    from
        baz this_ 
    left outer join
        "foos" foo3_ 
            on this_.foo=foo3_."foo_idcolumnname123" 
    left outer join
        jointable foo3_1_ 
            on foo3_."foo_idcolumnname123"=foo3_1_.fooid 
    left outer join
        foo_dep_table foo3_2_ 
            on foo3_."foo_idcolumnname123"=foo3_2_.fooid 
    left outer join
        bar_join_table foo3_3_ 
            on foo3_."foo_idcolumnname123"=foo3_3_.bar_id 
    left outer join
        "glarchez" glarch4_ 
            on foo3_.g__=glarch4_.tha_key 
    left outer join
        "the fees" fee5_ 
            on foo3_2_.dependent=fee5_.id_ 
    left outer join
        "the fees" fee6_ 
            on fee5_.fee=fee6_.id_ 
    left outer join
        "the fees" fee7_ 
            on fee6_.anotherFee=fee7_.id_ 
    left outer join
        baz baz8_ 
            on foo3_.baz=baz8_.baz_id_column_ 
    left outer join
        "glarchez" topglarche9_ 
            on baz8_.baz_id_column_=topglarche9_.idtopglarch 
    left outer join
        baz baz10_ 
            on baz8_.superBaz=baz10_.baz_id_column_ 
    inner join
        FOO_ARRAY fooarray11_ 
            on this_.baz_id_column_=fooarray11_.id_ 
            and (
                fooarray11_.i<8
            )  
    inner join
        "foos" foo1_ 
            on fooarray11_.foo=foo1_."foo_idcolumnname123" 
    left outer join
        jointable foo1_1_ 
            on foo1_."foo_idcolumnname123"=foo1_1_.fooid 
    left outer join
        foo_dep_table foo1_2_ 
            on foo1_."foo_idcolumnname123"=foo1_2_.fooid 
    left outer join
        bar_join_table foo1_3_ 
            on foo1_."foo_idcolumnname123"=foo1_3_.bar_id
14:16:37,234 DEBUG SQL:104 - 
    select
        bytes0_.id as id20_0_,
        bytes0_.byte_ as byte2_45_0_,
        bytes0_.i as i0_ 
    from
        foobytes bytes0_ 
    where
        bytes0_.id=?
14:16:37,235 DEBUG SQL:104 - 
    select
        importantd0_.foo_id as foo1_20_0_,
        importantd0_.date_ as date2_44_0_,
        importantd0_.i as i0_ 
    from
        foo_times importantd0_ 
    where
        importantd0_.foo_id=?
14:16:37,236 DEBUG SQL:104 - 
    select
        fee0_.id_ as id1_24_2_,
        fee0_.fi as fi24_2_,
        fee0_.fee as fee24_2_,
        fee0_.anotherFee as anotherFee24_2_,
        fee0_.qux as qux24_2_,
        fee0_.count_ as count6_24_2_,
        fee0_.name as name24_2_,
        fee0_.null_prop as null8_24_2_,
        fee1_.id_ as id1_24_0_,
        fee1_.fi as fi24_0_,
        fee1_.fee as fee24_0_,
        fee1_.anotherFee as anotherFee24_0_,
        fee1_.qux as qux24_0_,
        fee1_.count_ as count6_24_0_,
        fee1_.name as name24_0_,
        fee1_.null_prop as null8_24_0_,
        fee2_.id_ as id1_24_1_,
        fee2_.fi as fi24_1_,
        fee2_.fee as fee24_1_,
        fee2_.anotherFee as anotherFee24_1_,
        fee2_.qux as qux24_1_,
        fee2_.count_ as count6_24_1_,
        fee2_.name as name24_1_,
        fee2_.null_prop as null8_24_1_ 
    from
        "the fees" fee0_ 
    left outer join
        "the fees" fee1_ 
            on fee0_.fee=fee1_.id_ 
    left outer join
        "the fees" fee2_ 
            on fee1_.anotherFee=fee2_.id_ 
    where
        fee0_.id_=?
14:16:37,248 DEBUG SQL:104 - 
    select
        importantd0_.foo_id as foo1_20_0_,
        importantd0_.date_ as date2_42_0_,
        importantd0_.i as i0_ 
    from
        foo_dates importantd0_ 
    where
        importantd0_.foo_id=?
14:16:37,248 DEBUG SQL:104 - 
    select
        fee0_.id_ as id1_24_2_,
        fee0_.fi as fi24_2_,
        fee0_.fee as fee24_2_,
        fee0_.anotherFee as anotherFee24_2_,
        fee0_.qux as qux24_2_,
        fee0_.count_ as count6_24_2_,
        fee0_.name as name24_2_,
        fee0_.null_prop as null8_24_2_,
        fee1_.id_ as id1_24_0_,
        fee1_.fi as fi24_0_,
        fee1_.fee as fee24_0_,
        fee1_.anotherFee as anotherFee24_0_,
        fee1_.qux as qux24_0_,
        fee1_.count_ as count6_24_0_,
        fee1_.name as name24_0_,
        fee1_.null_prop as null8_24_0_,
        fee2_.id_ as id1_24_1_,
        fee2_.fi as fi24_1_,
        fee2_.fee as fee24_1_,
        fee2_.anotherFee as anotherFee24_1_,
        fee2_.qux as qux24_1_,
        fee2_.count_ as count6_24_1_,
        fee2_.name as name24_1_,
        fee2_.null_prop as null8_24_1_ 
    from
        "the fees" fee0_ 
    left outer join
        "the fees" fee1_ 
            on fee0_.fee=fee1_.id_ 
    left outer join
        "the fees" fee2_ 
            on fee1_.anotherFee=fee2_.id_ 
    where
        fee0_.id_=?
14:16:37,259 DEBUG SQL:104 - 
    select
        intarray0_.id as id28_0_,
        intarray0_.j as j48_0_,
        intarray0_.i as i0_ 
    from
        int_array intarray0_ 
    where
        intarray0_.id=?
14:16:37,260 DEBUG SQL:104 - 
    select
        components0_.baz_id as baz1_28_0_,
        components0_.name as name33_0_,
        components0_.count_ as count3_33_0_,
        components0_.x_ as x4_33_0_,
        components0_.y_ as y5_33_0_,
        components0_.i as i0_ 
    from
        bazcomponents components0_ 
    where
        components0_.baz_id=?
14:16:37,260 DEBUG SQL:104 - 
    select
        timearray0_.baz_id as baz1_28_0_,
        timearray0_.the_time as the2_63_0_,
        timearray0_.j as j0_ 
    from
        timeArray timearray0_ 
    where
        timearray0_.baz_id=?
14:16:37,281 DEBUG SQL:104 - 
    select
        fooarray0_.id_ as id1_28_0_,
        fooarray0_.foo as foo5_0_,
        fooarray0_.i as i0_ 
    from
        FOO_ARRAY fooarray0_ 
    where
        (
            fooarray0_.i<8
        )  
        and fooarray0_.id_=?
14:16:37,282 DEBUG SQL:104 - 
    select
        stringarra0_.id_ as id1_28_0_,
        stringarra0_.name as name56_0_,
        stringarra0_.i as i0_ 
    from
        stringArray stringarra0_ 
    where
        stringarra0_.id_=?
14:16:37,282 DEBUG SQL:104 - 
    select
        floats0_.baz_compon_id as baz1_28_0_,
        floats0_.float_value as float2_30_0_ 
    from
        baz_floats_bag floats0_ 
    where
        floats0_.baz_compon_id=?
14:16:37,290 DEBUG SQL:104 - 
    select
        foos0_.baz_compon_id as baz46_28_8_,
        foos0_."foo_idcolumnname123" as foo1_20_8_,
        foos0_."foo_idcolumnname123" as foo1_20_7_,
        foos0_.version as version20_7_,
        foos0_.foo as foo20_7_,
        foos0_.long_ as long5_20_7_,
        foos0_."integer__" as integer6_20_7_,
        foos0_.float_ as float7_20_7_,
        foos0_.x as x20_7_,
        foos0_.double_ as double9_20_7_,
        foos0_.date_ as date10_20_7_,
        foos0_.timestamp_ as timestamp11_20_7_,
        foos0_.boolean_ as boolean12_20_7_,
        foos0_.bool_ as bool13_20_7_,
        foos0_.null_ as null14_20_7_,
        foos0_.short_ as short15_20_7_,
        foos0_.char_ as char16_20_7_,
        foos0_.zero_ as zero17_20_7_,
        foos0_.int_ as int18_20_7_,
        foos0_.string_ as string19_20_7_,
        foos0_.byte_ as byte20_20_7_,
        foos0_.yesno as yesno20_7_,
        foos0_.blobb_ as blobb22_20_7_,
        foos0_.nullBlob as nullBlob20_7_,
        foos0_.bin_ as bin24_20_7_,
        foos0_."localeayzabc123" as localea25_20_7_,
        foos0_.first_name as first26_20_7_,
        foos0_.surname as surname20_7_,
        foos0_.count_ as count28_20_7_,
        foos0_.name_ as name29_20_7_,
        foos0_.g__ as g30_20_7_,
        foos0_.cmpnt_null_ as cmpnt31_20_7_,
        foos0_.subname as subname20_7_,
        foos0_.fee_sub as fee33_20_7_,
        foos0_.null_cmpnt_ as null34_20_7_,
        foos0_1_.joinedProp as joinedProp49_7_,
        foos0_2_.dependent as dependent43_7_,
        foos0_.the_time as the35_20_7_,
        foos0_.baz as baz20_7_,
        foos0_.bar_string as bar37_20_7_,
        foos0_.bar_count as bar38_20_7_,
        foos0_.name as name20_7_,
        foos0_.clazz as clazz20_7_,
        foos0_.gen_id as gen41_20_7_,
        foos0_3_.name_name as name2_27_7_,
        foos0_.int_/2 as formula92_7_,
        foos0_."foo_subclass_1234" as foo2_20_7_,
        glarch1_.tha_key as tha1_21_0_,
        glarch1_.version as version21_0_,
        glarch1_.namecvbnmasdf as namecvbn3_21_0_,
        glarch1_.next_ as next4_21_0_,
        glarch1_.order_ as order5_21_0_,
        glarch1_.foo as foo21_0_,
        glarch1_.bar as bar21_0_,
        glarch1_.x as x21_0_,
        glarch1_.immutable as immutable21_0_,
        glarch1_."any_id_of_object" as any10_21_0_,
        glarch1_."any_class_of_object" as any11_21_0_,
        glarch1_.count_ as count12_21_0_,
        glarch1_.glarch_ as glarch13_21_0_,
        fee2_.id_ as id1_24_1_,
        fee2_.fi as fi24_1_,
        fee2_.fee as fee24_1_,
        fee2_.anotherFee as anotherFee24_1_,
        fee2_.qux as qux24_1_,
        fee2_.count_ as count6_24_1_,
        fee2_.name as name24_1_,
        fee2_.null_prop as null8_24_1_,
        fee3_.id_ as id1_24_2_,
        fee3_.fi as fi24_2_,
        fee3_.fee as fee24_2_,
        fee3_.anotherFee as anotherFee24_2_,
        fee3_.qux as qux24_2_,
        fee3_.count_ as count6_24_2_,
        fee3_.name as name24_2_,
        fee3_.null_prop as null8_24_2_,
        fee4_.id_ as id1_24_3_,
        fee4_.fi as fi24_3_,
        fee4_.fee as fee24_3_,
        fee4_.anotherFee as anotherFee24_3_,
        fee4_.qux as qux24_3_,
        fee4_.count_ as count6_24_3_,
        fee4_.name as name24_3_,
        fee4_.null_prop as null8_24_3_,
        baz5_.baz_id_column_ as baz1_28_4_,
        baz5_.count_count as count2_28_4_,
        baz5_.name_b as name3_28_4_,
        baz5_.foo as foo28_4_,
        baz5_.superBaz as superBaz28_4_,
        baz5_."str" as str6_28_4_,
        foo6_."foo_idcolumnname123" as foo1_20_5_,
        foo6_.version as version20_5_,
        foo6_.foo as foo20_5_,
        foo6_.long_ as long5_20_5_,
        foo6_."integer__" as integer6_20_5_,
        foo6_.float_ as float7_20_5_,
        foo6_.x as x20_5_,
        foo6_.double_ as double9_20_5_,
        foo6_.date_ as date10_20_5_,
        foo6_.timestamp_ as timestamp11_20_5_,
        foo6_.boolean_ as boolean12_20_5_,
        foo6_.bool_ as bool13_20_5_,
        foo6_.null_ as null14_20_5_,
        foo6_.short_ as short15_20_5_,
        foo6_.char_ as char16_20_5_,
        foo6_.zero_ as zero17_20_5_,
        foo6_.int_ as int18_20_5_,
        foo6_.string_ as string19_20_5_,
        foo6_.byte_ as byte20_20_5_,
        foo6_.yesno as yesno20_5_,
        foo6_.blobb_ as blobb22_20_5_,
        foo6_.nullBlob as nullBlob20_5_,
        foo6_.bin_ as bin24_20_5_,
        foo6_."localeayzabc123" as localea25_20_5_,
        foo6_.first_name as first26_20_5_,
        foo6_.surname as surname20_5_,
        foo6_.count_ as count28_20_5_,
        foo6_.name_ as name29_20_5_,
        foo6_.g__ as g30_20_5_,
        foo6_.cmpnt_null_ as cmpnt31_20_5_,
        foo6_.subname as subname20_5_,
        foo6_.fee_sub as fee33_20_5_,
        foo6_.null_cmpnt_ as null34_20_5_,
        foo6_1_.joinedProp as joinedProp49_5_,
        foo6_2_.dependent as dependent43_5_,
        foo6_.the_time as the35_20_5_,
        foo6_.baz as baz20_5_,
        foo6_.bar_string as bar37_20_5_,
        foo6_.bar_count as bar38_20_5_,
        foo6_.name as name20_5_,
        foo6_.clazz as clazz20_5_,
        foo6_.gen_id as gen41_20_5_,
        foo6_3_.name_name as name2_27_5_,
        foo6_.int_/2 as formula92_5_,
        foo6_."foo_subclass_1234" as foo2_20_5_,
        baz7_.baz_id_column_ as baz1_28_6_,
        baz7_.count_count as count2_28_6_,
        baz7_.name_b as name3_28_6_,
        baz7_.foo as foo28_6_,
        baz7_.superBaz as superBaz28_6_,
        baz7_."str" as str6_28_6_ 
    from
        "foos" foos0_ 
    inner join
        jointable foos0_1_ 
            on foos0_."foo_idcolumnname123"=foos0_1_.fooid 
    inner join
        foo_dep_table foos0_2_ 
            on foos0_."foo_idcolumnname123"=foos0_2_.fooid 
    left outer join
        bar_join_table foos0_3_ 
            on foos0_."foo_idcolumnname123"=foos0_3_.bar_id 
    left outer join
        "glarchez" glarch1_ 
            on foos0_.g__=glarch1_.tha_key 
    inner join
        "the fees" fee2_ 
            on foos0_2_.dependent=fee2_.id_ 
    left outer join
        "the fees" fee3_ 
            on fee2_.fee=fee3_.id_ 
    left outer join
        "the fees" fee4_ 
            on fee3_.anotherFee=fee4_.id_ 
    left outer join
        baz baz5_ 
            on foos0_.baz=baz5_.baz_id_column_ 
    left outer join
        "foos" foo6_ 
            on baz5_.foo=foo6_."foo_idcolumnname123" 
    left outer join
        jointable foo6_1_ 
            on foo6_."foo_idcolumnname123"=foo6_1_.fooid 
    left outer join
        foo_dep_table foo6_2_ 
            on foo6_."foo_idcolumnname123"=foo6_2_.fooid 
    left outer join
        bar_join_table foo6_3_ 
            on foo6_."foo_idcolumnname123"=foo6_3_.bar_id 
    left outer join
        baz baz7_ 
            on baz5_.superBaz=baz7_.baz_id_column_ 
    where
        foos0_."foo_subclass_1234" in (
            'F', 'B', 'T'
        ) 
        and foos0_.baz_compon_id=?
14:16:37,352 DEBUG SQL:104 - 
    select
        subs0_.superBaz as superBaz28_7_,
        subs0_.baz_id_column_ as baz1_28_7_,
        subs0_.baz_id_column_ as baz1_28_6_,
        subs0_.count_count as count2_28_6_,
        subs0_.name_b as name3_28_6_,
        subs0_.foo as foo28_6_,
        subs0_.superBaz as superBaz28_6_,
        subs0_."str" as str6_28_6_,
        foo1_."foo_idcolumnname123" as foo1_20_0_,
        foo1_.version as version20_0_,
        foo1_.foo as foo20_0_,
        foo1_.long_ as long5_20_0_,
        foo1_."integer__" as integer6_20_0_,
        foo1_.float_ as float7_20_0_,
        foo1_.x as x20_0_,
        foo1_.double_ as double9_20_0_,
        foo1_.date_ as date10_20_0_,
        foo1_.timestamp_ as timestamp11_20_0_,
        foo1_.boolean_ as boolean12_20_0_,
        foo1_.bool_ as bool13_20_0_,
        foo1_.null_ as null14_20_0_,
        foo1_.short_ as short15_20_0_,
        foo1_.char_ as char16_20_0_,
        foo1_.zero_ as zero17_20_0_,
        foo1_.int_ as int18_20_0_,
        foo1_.string_ as string19_20_0_,
        foo1_.byte_ as byte20_20_0_,
        foo1_.yesno as yesno20_0_,
        foo1_.blobb_ as blobb22_20_0_,
        foo1_.nullBlob as nullBlob20_0_,
        foo1_.bin_ as bin24_20_0_,
        foo1_."localeayzabc123" as localea25_20_0_,
        foo1_.first_name as first26_20_0_,
        foo1_.surname as surname20_0_,
        foo1_.count_ as count28_20_0_,
        foo1_.name_ as name29_20_0_,
        foo1_.g__ as g30_20_0_,
        foo1_.cmpnt_null_ as cmpnt31_20_0_,
        foo1_.subname as subname20_0_,
        foo1_.fee_sub as fee33_20_0_,
        foo1_.null_cmpnt_ as null34_20_0_,
        foo1_1_.joinedProp as joinedProp49_0_,
        foo1_2_.dependent as dependent43_0_,
        foo1_.the_time as the35_20_0_,
        foo1_.baz as baz20_0_,
        foo1_.bar_string as bar37_20_0_,
        foo1_.bar_count as bar38_20_0_,
        foo1_.name as name20_0_,
        foo1_.clazz as clazz20_0_,
        foo1_.gen_id as gen41_20_0_,
        foo1_3_.name_name as name2_27_0_,
        foo1_.int_/2 as formula92_0_,
        foo1_."foo_subclass_1234" as foo2_20_0_,
        glarch2_.tha_key as tha1_21_1_,
        glarch2_.version as version21_1_,
        glarch2_.namecvbnmasdf as namecvbn3_21_1_,
        glarch2_.next_ as next4_21_1_,
        glarch2_.order_ as order5_21_1_,
        glarch2_.foo as foo21_1_,
        glarch2_.bar as bar21_1_,
        glarch2_.x as x21_1_,
        glarch2_.immutable as immutable21_1_,
        glarch2_."any_id_of_object" as any10_21_1_,
        glarch2_."any_class_of_object" as any11_21_1_,
        glarch2_.count_ as count12_21_1_,
        glarch2_.glarch_ as glarch13_21_1_,
        fee3_.id_ as id1_24_2_,
        fee3_.fi as fi24_2_,
        fee3_.fee as fee24_2_,
        fee3_.anotherFee as anotherFee24_2_,
        fee3_.qux as qux24_2_,
        fee3_.count_ as count6_24_2_,
        fee3_.name as name24_2_,
        fee3_.null_prop as null8_24_2_,
        fee4_.id_ as id1_24_3_,
        fee4_.fi as fi24_3_,
        fee4_.fee as fee24_3_,
        fee4_.anotherFee as anotherFee24_3_,
        fee4_.qux as qux24_3_,
        fee4_.count_ as count6_24_3_,
        fee4_.name as name24_3_,
        fee4_.null_prop as null8_24_3_,
        fee5_.id_ as id1_24_4_,
        fee5_.fi as fi24_4_,
        fee5_.fee as fee24_4_,
        fee5_.anotherFee as anotherFee24_4_,
        fee5_.qux as qux24_4_,
        fee5_.count_ as count6_24_4_,
        fee5_.name as name24_4_,
        fee5_.null_prop as null8_24_4_,
        baz6_.baz_id_column_ as baz1_28_5_,
        baz6_.count_count as count2_28_5_,
        baz6_.name_b as name3_28_5_,
        baz6_.foo as foo28_5_,
        baz6_.superBaz as superBaz28_5_,
        baz6_."str" as str6_28_5_ 
    from
        baz subs0_ 
    left outer join
        "foos" foo1_ 
            on subs0_.foo=foo1_."foo_idcolumnname123" 
    left outer join
        jointable foo1_1_ 
            on foo1_."foo_idcolumnname123"=foo1_1_.fooid 
    left outer join
        foo_dep_table foo1_2_ 
            on foo1_."foo_idcolumnname123"=foo1_2_.fooid 
    left outer join
        bar_join_table foo1_3_ 
            on foo1_."foo_idcolumnname123"=foo1_3_.bar_id 
    left outer join
        "glarchez" glarch2_ 
            on foo1_.g__=glarch2_.tha_key 
    left outer join
        "the fees" fee3_ 
            on foo1_2_.dependent=fee3_.id_ 
    left outer join
        "the fees" fee4_ 
            on fee3_.fee=fee4_.id_ 
    left outer join
        "the fees" fee5_ 
            on fee4_.anotherFee=fee5_.id_ 
    left outer join
        baz baz6_ 
            on foo1_.baz=baz6_.baz_id_column_ 
    where
        subs0_.superBaz=?
14:16:37,386 DEBUG SQL:104 - 
    select
        sortablez0_.baz as baz28_1_,
        sortablez0_.id as id14_1_,
        sortablez0_.id as id14_0_,
        sortablez0_.name as name14_0_ 
    from
        Sortable sortablez0_ 
    where
        sortablez0_.baz=?
14:16:37,386 DEBUG SQL:104 - 
    select
        stringglar0_.baz_map_id as baz18_28_1_,
        stringglar0_.tha_key as tha1_21_1_,
        stringglar0_.baz_map_index as baz19_1_,
        stringglar0_.tha_key as tha1_21_0_,
        stringglar0_.version as version21_0_,
        stringglar0_.namecvbnmasdf as namecvbn3_21_0_,
        stringglar0_.next_ as next4_21_0_,
        stringglar0_.order_ as order5_21_0_,
        stringglar0_.foo as foo21_0_,
        stringglar0_.bar as bar21_0_,
        stringglar0_.x as x21_0_,
        stringglar0_.immutable as immutable21_0_,
        stringglar0_."any_id_of_object" as any10_21_0_,
        stringglar0_."any_class_of_object" as any11_21_0_,
        stringglar0_.count_ as count12_21_0_,
        stringglar0_.glarch_ as glarch13_21_0_ 
    from
        "glarchez" stringglar0_ 
    where
        (
            stringglar0_.baz_map_index > 'a' 
            and stringglar0_.tha_key is not null
        )  
        and stringglar0_.baz_map_id=?
14:16:37,407 DEBUG SQL:104 - 
    select
        cachedmap0_.baz as baz28_0_,
        cachedmap0_.foo as foo34_0_,
        cachedmap0_.bar as bar34_0_,
        cachedmap0_.another_baz as another4_0_ 
    from
        cached_map cachedmap0_ 
    where
        cachedmap0_.baz=?
14:16:37,408 DEBUG SQL:104 - 
    select
        cached0_.baz as baz28_0_,
        cached0_.foo as foo35_0_,
        cached0_.bar as bar35_0_ 
    from
        cached_set cached0_ 
    where
        cached0_.baz=?
14:16:37,408 DEBUG SQL:104 - 
    select
        topglarche0_.idtopglarch as idtopgl16_28_1_,
        topglarche0_.tha_key as tha1_21_1_,
        topglarche0_.mapkey as mapkey1_,
        topglarche0_.tha_key as tha1_21_0_,
        topglarche0_.version as version21_0_,
        topglarche0_.namecvbnmasdf as namecvbn3_21_0_,
        topglarche0_.next_ as next4_21_0_,
        topglarche0_.order_ as order5_21_0_,
        topglarche0_.foo as foo21_0_,
        topglarche0_.bar as bar21_0_,
        topglarche0_.x as x21_0_,
        topglarche0_.immutable as immutable21_0_,
        topglarche0_."any_id_of_object" as any10_21_0_,
        topglarche0_."any_class_of_object" as any11_21_0_,
        topglarche0_.count_ as count12_21_0_,
        topglarche0_.glarch_ as glarch13_21_0_ 
    from
        "glarchez" topglarche0_ 
    where
        topglarche0_.idtopglarch=?
14:16:37,418 DEBUG SQL:104 - 
    select
        cascadingb0_.idofbaz as idofbaz28_8_,
        cascadingb0_."foo_idcolumnname123" as foo1_20_8_,
        cascadingb0_."foo_idcolumnname123" as foo1_20_7_,
        cascadingb0_.version as version20_7_,
        cascadingb0_.foo as foo20_7_,
        cascadingb0_.long_ as long5_20_7_,
        cascadingb0_."integer__" as integer6_20_7_,
        cascadingb0_.float_ as float7_20_7_,
        cascadingb0_.x as x20_7_,
        cascadingb0_.double_ as double9_20_7_,
        cascadingb0_.date_ as date10_20_7_,
        cascadingb0_.timestamp_ as timestamp11_20_7_,
        cascadingb0_.boolean_ as boolean12_20_7_,
        cascadingb0_.bool_ as bool13_20_7_,
        cascadingb0_.null_ as null14_20_7_,
        cascadingb0_.short_ as short15_20_7_,
        cascadingb0_.char_ as char16_20_7_,
        cascadingb0_.zero_ as zero17_20_7_,
        cascadingb0_.int_ as int18_20_7_,
        cascadingb0_.string_ as string19_20_7_,
        cascadingb0_.byte_ as byte20_20_7_,
        cascadingb0_.yesno as yesno20_7_,
        cascadingb0_.blobb_ as blobb22_20_7_,
        cascadingb0_.nullBlob as nullBlob20_7_,
        cascadingb0_.bin_ as bin24_20_7_,
        cascadingb0_."localeayzabc123" as localea25_20_7_,
        cascadingb0_.first_name as first26_20_7_,
        cascadingb0_.surname as surname20_7_,
        cascadingb0_.count_ as count28_20_7_,
        cascadingb0_.name_ as name29_20_7_,
        cascadingb0_.g__ as g30_20_7_,
        cascadingb0_.cmpnt_null_ as cmpnt31_20_7_,
        cascadingb0_.subname as subname20_7_,
        cascadingb0_.fee_sub as fee33_20_7_,
        cascadingb0_.null_cmpnt_ as null34_20_7_,
        cascadingb0_1_.joinedProp as joinedProp49_7_,
        cascadingb0_2_.dependent as dependent43_7_,
        cascadingb0_.the_time as the35_20_7_,
        cascadingb0_.baz as baz20_7_,
        cascadingb0_.bar_string as bar37_20_7_,
        cascadingb0_.bar_count as bar38_20_7_,
        cascadingb0_.name as name20_7_,
        cascadingb0_.clazz as clazz20_7_,
        cascadingb0_.gen_id as gen41_20_7_,
        cascadingb0_3_.name_name as name2_27_7_,
        cascadingb0_.int_/2 as formula92_7_,
        glarch1_.tha_key as tha1_21_0_,
        glarch1_.version as version21_0_,
        glarch1_.namecvbnmasdf as namecvbn3_21_0_,
        glarch1_.next_ as next4_21_0_,
        glarch1_.order_ as order5_21_0_,
        glarch1_.foo as foo21_0_,
        glarch1_.bar as bar21_0_,
        glarch1_.x as x21_0_,
        glarch1_.immutable as immutable21_0_,
        glarch1_."any_id_of_object" as any10_21_0_,
        glarch1_."any_class_of_object" as any11_21_0_,
        glarch1_.count_ as count12_21_0_,
        glarch1_.glarch_ as glarch13_21_0_,
        fee2_.id_ as id1_24_1_,
        fee2_.fi as fi24_1_,
        fee2_.fee as fee24_1_,
        fee2_.anotherFee as anotherFee24_1_,
        fee2_.qux as qux24_1_,
        fee2_.count_ as count6_24_1_,
        fee2_.name as name24_1_,
        fee2_.null_prop as null8_24_1_,
        fee3_.id_ as id1_24_2_,
        fee3_.fi as fi24_2_,
        fee3_.fee as fee24_2_,
        fee3_.anotherFee as anotherFee24_2_,
        fee3_.qux as qux24_2_,
        fee3_.count_ as count6_24_2_,
        fee3_.name as name24_2_,
        fee3_.null_prop as null8_24_2_,
        fee4_.id_ as id1_24_3_,
        fee4_.fi as fi24_3_,
        fee4_.fee as fee24_3_,
        fee4_.anotherFee as anotherFee24_3_,
        fee4_.qux as qux24_3_,
        fee4_.count_ as count6_24_3_,
        fee4_.name as name24_3_,
        fee4_.null_prop as null8_24_3_,
        baz5_.baz_id_column_ as baz1_28_4_,
        baz5_.count_count as count2_28_4_,
        baz5_.name_b as name3_28_4_,
        baz5_.foo as foo28_4_,
        baz5_.superBaz as superBaz28_4_,
        baz5_."str" as str6_28_4_,
        foo6_."foo_idcolumnname123" as foo1_20_5_,
        foo6_.version as version20_5_,
        foo6_.foo as foo20_5_,
        foo6_.long_ as long5_20_5_,
        foo6_."integer__" as integer6_20_5_,
        foo6_.float_ as float7_20_5_,
        foo6_.x as x20_5_,
        foo6_.double_ as double9_20_5_,
        foo6_.date_ as date10_20_5_,
        foo6_.timestamp_ as timestamp11_20_5_,
        foo6_.boolean_ as boolean12_20_5_,
        foo6_.bool_ as bool13_20_5_,
        foo6_.null_ as null14_20_5_,
        foo6_.short_ as short15_20_5_,
        foo6_.char_ as char16_20_5_,
        foo6_.zero_ as zero17_20_5_,
        foo6_.int_ as int18_20_5_,
        foo6_.string_ as string19_20_5_,
        foo6_.byte_ as byte20_20_5_,
        foo6_.yesno as yesno20_5_,
        foo6_.blobb_ as blobb22_20_5_,
        foo6_.nullBlob as nullBlob20_5_,
        foo6_.bin_ as bin24_20_5_,
        foo6_."localeayzabc123" as localea25_20_5_,
        foo6_.first_name as first26_20_5_,
        foo6_.surname as surname20_5_,
        foo6_.count_ as count28_20_5_,
        foo6_.name_ as name29_20_5_,
        foo6_.g__ as g30_20_5_,
        foo6_.cmpnt_null_ as cmpnt31_20_5_,
        foo6_.subname as subname20_5_,
        foo6_.fee_sub as fee33_20_5_,
        foo6_.null_cmpnt_ as null34_20_5_,
        foo6_1_.joinedProp as joinedProp49_5_,
        foo6_2_.dependent as dependent43_5_,
        foo6_.the_time as the35_20_5_,
        foo6_.baz as baz20_5_,
        foo6_.bar_string as bar37_20_5_,
        foo6_.bar_count as bar38_20_5_,
        foo6_.name as name20_5_,
        foo6_.clazz as clazz20_5_,
        foo6_.gen_id as gen41_20_5_,
        foo6_3_.name_name as name2_27_5_,
        foo6_.int_/2 as formula92_5_,
        foo6_."foo_subclass_1234" as foo2_20_5_,
        baz7_.baz_id_column_ as baz1_28_6_,
        baz7_.count_count as count2_28_6_,
        baz7_.name_b as name3_28_6_,
        baz7_.foo as foo28_6_,
        baz7_.superBaz as superBaz28_6_,
        baz7_."str" as str6_28_6_ 
    from
        "foos" cascadingb0_ 
    inner join
        jointable cascadingb0_1_ 
            on cascadingb0_."foo_idcolumnname123"=cascadingb0_1_.fooid 
    inner join
        foo_dep_table cascadingb0_2_ 
            on cascadingb0_."foo_idcolumnname123"=cascadingb0_2_.fooid 
    inner join
        bar_join_table cascadingb0_3_ 
            on cascadingb0_."foo_idcolumnname123"=cascadingb0_3_.bar_id 
    left outer join
        "glarchez" glarch1_ 
            on cascadingb0_.g__=glarch1_.tha_key 
    inner join
        "the fees" fee2_ 
            on cascadingb0_2_.dependent=fee2_.id_ 
    left outer join
        "the fees" fee3_ 
            on fee2_.fee=fee3_.id_ 
    left outer join
        "the fees" fee4_ 
            on fee3_.anotherFee=fee4_.id_ 
    left outer join
        baz baz5_ 
            on cascadingb0_.baz=baz5_.baz_id_column_ 
    left outer join
        "foos" foo6_ 
            on baz5_.foo=foo6_."foo_idcolumnname123" 
    left outer join
        jointable foo6_1_ 
            on foo6_."foo_idcolumnname123"=foo6_1_.fooid 
    left outer join
        foo_dep_table foo6_2_ 
            on foo6_."foo_idcolumnname123"=foo6_2_.fooid 
    left outer join
        bar_join_table foo6_3_ 
            on foo6_."foo_idcolumnname123"=foo6_3_.bar_id 
    left outer join
        baz baz7_ 
            on baz5_.superBaz=baz7_.baz_id_column_ 
    where
        cascadingb0_."foo_subclass_1234"='B' 
        and cascadingb0_.idofbaz=?
14:16:37,481 DEBUG SQL:104 - 
    select
        topfoos0_.idtopbar as idtopbar28_8_,
        topfoos0_."foo_idcolumnname123" as foo1_20_8_,
        topfoos0_."foo_idcolumnname123" as foo1_20_7_,
        topfoos0_.version as version20_7_,
        topfoos0_.foo as foo20_7_,
        topfoos0_.long_ as long5_20_7_,
        topfoos0_."integer__" as integer6_20_7_,
        topfoos0_.float_ as float7_20_7_,
        topfoos0_.x as x20_7_,
        topfoos0_.double_ as double9_20_7_,
        topfoos0_.date_ as date10_20_7_,
        topfoos0_.timestamp_ as timestamp11_20_7_,
        topfoos0_.boolean_ as boolean12_20_7_,
        topfoos0_.bool_ as bool13_20_7_,
        topfoos0_.null_ as null14_20_7_,
        topfoos0_.short_ as short15_20_7_,
        topfoos0_.char_ as char16_20_7_,
        topfoos0_.zero_ as zero17_20_7_,
        topfoos0_.int_ as int18_20_7_,
        topfoos0_.string_ as string19_20_7_,
        topfoos0_.byte_ as byte20_20_7_,
        topfoos0_.yesno as yesno20_7_,
        topfoos0_.blobb_ as blobb22_20_7_,
        topfoos0_.nullBlob as nullBlob20_7_,
        topfoos0_.bin_ as bin24_20_7_,
        topfoos0_."localeayzabc123" as localea25_20_7_,
        topfoos0_.first_name as first26_20_7_,
        topfoos0_.surname as surname20_7_,
        topfoos0_.count_ as count28_20_7_,
        topfoos0_.name_ as name29_20_7_,
        topfoos0_.g__ as g30_20_7_,
        topfoos0_.cmpnt_null_ as cmpnt31_20_7_,
        topfoos0_.subname as subname20_7_,
        topfoos0_.fee_sub as fee33_20_7_,
        topfoos0_.null_cmpnt_ as null34_20_7_,
        topfoos0_1_.joinedProp as joinedProp49_7_,
        topfoos0_2_.dependent as dependent43_7_,
        topfoos0_.the_time as the35_20_7_,
        topfoos0_.baz as baz20_7_,
        topfoos0_.bar_string as bar37_20_7_,
        topfoos0_.bar_count as bar38_20_7_,
        topfoos0_.name as name20_7_,
        topfoos0_.clazz as clazz20_7_,
        topfoos0_.gen_id as gen41_20_7_,
        topfoos0_3_.name_name as name2_27_7_,
        topfoos0_.int_/2 as formula92_7_,
        glarch1_.tha_key as tha1_21_0_,
        glarch1_.version as version21_0_,
        glarch1_.namecvbnmasdf as namecvbn3_21_0_,
        glarch1_.next_ as next4_21_0_,
        glarch1_.order_ as order5_21_0_,
        glarch1_.foo as foo21_0_,
        glarch1_.bar as bar21_0_,
        glarch1_.x as x21_0_,
        glarch1_.immutable as immutable21_0_,
        glarch1_."any_id_of_object" as any10_21_0_,
        glarch1_."any_class_of_object" as any11_21_0_,
        glarch1_.count_ as count12_21_0_,
        glarch1_.glarch_ as glarch13_21_0_,
        fee2_.id_ as id1_24_1_,
        fee2_.fi as fi24_1_,
        fee2_.fee as fee24_1_,
        fee2_.anotherFee as anotherFee24_1_,
        fee2_.qux as qux24_1_,
        fee2_.count_ as count6_24_1_,
        fee2_.name as name24_1_,
        fee2_.null_prop as null8_24_1_,
        fee3_.id_ as id1_24_2_,
        fee3_.fi as fi24_2_,
        fee3_.fee as fee24_2_,
        fee3_.anotherFee as anotherFee24_2_,
        fee3_.qux as qux24_2_,
        fee3_.count_ as count6_24_2_,
        fee3_.name as name24_2_,
        fee3_.null_prop as null8_24_2_,
        fee4_.id_ as id1_24_3_,
        fee4_.fi as fi24_3_,
        fee4_.fee as fee24_3_,
        fee4_.anotherFee as anotherFee24_3_,
        fee4_.qux as qux24_3_,
        fee4_.count_ as count6_24_3_,
        fee4_.name as name24_3_,
        fee4_.null_prop as null8_24_3_,
        baz5_.baz_id_column_ as baz1_28_4_,
        baz5_.count_count as count2_28_4_,
        baz5_.name_b as name3_28_4_,
        baz5_.foo as foo28_4_,
        baz5_.superBaz as superBaz28_4_,
        baz5_."str" as str6_28_4_,
        foo6_."foo_idcolumnname123" as foo1_20_5_,
        foo6_.version as version20_5_,
        foo6_.foo as foo20_5_,
        foo6_.long_ as long5_20_5_,
        foo6_."integer__" as integer6_20_5_,
        foo6_.float_ as float7_20_5_,
        foo6_.x as x20_5_,
        foo6_.double_ as double9_20_5_,
        foo6_.date_ as date10_20_5_,
        foo6_.timestamp_ as timestamp11_20_5_,
        foo6_.boolean_ as boolean12_20_5_,
        foo6_.bool_ as bool13_20_5_,
        foo6_.null_ as null14_20_5_,
        foo6_.short_ as short15_20_5_,
        foo6_.char_ as char16_20_5_,
        foo6_.zero_ as zero17_20_5_,
        foo6_.int_ as int18_20_5_,
        foo6_.string_ as string19_20_5_,
        foo6_.byte_ as byte20_20_5_,
        foo6_.yesno as yesno20_5_,
        foo6_.blobb_ as blobb22_20_5_,
        foo6_.nullBlob as nullBlob20_5_,
        foo6_.bin_ as bin24_20_5_,
        foo6_."localeayzabc123" as localea25_20_5_,
        foo6_.first_name as first26_20_5_,
        foo6_.surname as surname20_5_,
        foo6_.count_ as count28_20_5_,
        foo6_.name_ as name29_20_5_,
        foo6_.g__ as g30_20_5_,
        foo6_.cmpnt_null_ as cmpnt31_20_5_,
        foo6_.subname as subname20_5_,
        foo6_.fee_sub as fee33_20_5_,
        foo6_.null_cmpnt_ as null34_20_5_,
        foo6_1_.joinedProp as joinedProp49_5_,
        foo6_2_.dependent as dependent43_5_,
        foo6_.the_time as the35_20_5_,
        foo6_.baz as baz20_5_,
        foo6_.bar_string as bar37_20_5_,
        foo6_.bar_count as bar38_20_5_,
        foo6_.name as name20_5_,
        foo6_.clazz as clazz20_5_,
        foo6_.gen_id as gen41_20_5_,
        foo6_3_.name_name as name2_27_5_,
        foo6_.int_/2 as formula92_5_,
        foo6_."foo_subclass_1234" as foo2_20_5_,
        baz7_.baz_id_column_ as baz1_28_6_,
        baz7_.count_count as count2_28_6_,
        baz7_.name_b as name3_28_6_,
        baz7_.foo as foo28_6_,
        baz7_.superBaz as superBaz28_6_,
        baz7_."str" as str6_28_6_ 
    from
        "foos" topfoos0_ 
    inner join
        jointable topfoos0_1_ 
            on topfoos0_."foo_idcolumnname123"=topfoos0_1_.fooid 
    inner join
        foo_dep_table topfoos0_2_ 
            on topfoos0_."foo_idcolumnname123"=topfoos0_2_.fooid 
    inner join
        bar_join_table topfoos0_3_ 
            on topfoos0_."foo_idcolumnname123"=topfoos0_3_.bar_id 
    left outer join
        "glarchez" glarch1_ 
            on topfoos0_.g__=glarch1_.tha_key 
    inner join
        "the fees" fee2_ 
            on topfoos0_2_.dependent=fee2_.id_ 
    left outer join
        "the fees" fee3_ 
            on fee2_.fee=fee3_.id_ 
    left outer join
        "the fees" fee4_ 
            on fee3_.anotherFee=fee4_.id_ 
    left outer join
        baz baz5_ 
            on topfoos0_.baz=baz5_.baz_id_column_ 
    left outer join
        "foos" foo6_ 
            on baz5_.foo=foo6_."foo_idcolumnname123" 
    left outer join
        jointable foo6_1_ 
            on foo6_."foo_idcolumnname123"=foo6_1_.fooid 
    left outer join
        foo_dep_table foo6_2_ 
            on foo6_."foo_idcolumnname123"=foo6_2_.fooid 
    left outer join
        bar_join_table foo6_3_ 
            on foo6_."foo_idcolumnname123"=foo6_3_.bar_id 
    left outer join
        baz baz7_ 
            on baz5_.superBaz=baz7_.baz_id_column_ 
    where
        topfoos0_."foo_subclass_1234"='B' 
        and topfoos0_.idtopbar=?
14:16:37,536 DEBUG SQL:104 - 
    select
        topcompone0_.id_ as id1_28_0_,
        topcompone0_.name as name64_0_,
        topcompone0_.count_ as count3_64_0_,
        topcompone0_.i as i0_ 
    from
        topcomponents topcompone0_ 
    where
        topcompone0_.id_=?
14:16:37,536 DEBUG SQL:104 - 
    select
        customs0_.id_ as id1_28_0_,
        customs0_.first_ as first2_38_0_,
        customs0_.second_ as second3_38_0_,
        customs0_.indx as indx0_ 
    from
        customs customs0_ 
    where
        customs0_.id_=?
14:16:37,536 DEBUG SQL:104 - 
    select
        glarchtofo0_.gtf_baz_id as gtf14_28_1_,
        glarchtofo0_.tha_key as tha1_21_1_,
        glarchtofo0_.gtf_foo_id as gtf15_1_,
        glarchtofo0_.tha_key as tha1_21_0_,
        glarchtofo0_.version as version21_0_,
        glarchtofo0_.namecvbnmasdf as namecvbn3_21_0_,
        glarchtofo0_.next_ as next4_21_0_,
        glarchtofo0_.order_ as order5_21_0_,
        glarchtofo0_.foo as foo21_0_,
        glarchtofo0_.bar as bar21_0_,
        glarchtofo0_.x as x21_0_,
        glarchtofo0_.immutable as immutable21_0_,
        glarchtofo0_."any_id_of_object" as any10_21_0_,
        glarchtofo0_."any_class_of_object" as any11_21_0_,
        glarchtofo0_.count_ as count12_21_0_,
        glarchtofo0_.glarch_ as glarch13_21_0_ 
    from
        "glarchez" glarchtofo0_ 
    where
        glarchtofo0_.gtf_baz_id=?
14:16:37,556 DEBUG SQL:104 - 
    select
        foocompone0_.baz_id as baz1_28_8_,
        foocompone0_.foo_id as foo2_40_8_,
        foocompone0_.name as name8_,
        foocompone0_.count_ as count4_8_,
        foo1_."foo_idcolumnname123" as foo1_20_0_,
        foo1_.version as version20_0_,
        foo1_.foo as foo20_0_,
        foo1_.long_ as long5_20_0_,
        foo1_."integer__" as integer6_20_0_,
        foo1_.float_ as float7_20_0_,
        foo1_.x as x20_0_,
        foo1_.double_ as double9_20_0_,
        foo1_.date_ as date10_20_0_,
        foo1_.timestamp_ as timestamp11_20_0_,
        foo1_.boolean_ as boolean12_20_0_,
        foo1_.bool_ as bool13_20_0_,
        foo1_.null_ as null14_20_0_,
        foo1_.short_ as short15_20_0_,
        foo1_.char_ as char16_20_0_,
        foo1_.zero_ as zero17_20_0_,
        foo1_.int_ as int18_20_0_,
        foo1_.string_ as string19_20_0_,
        foo1_.byte_ as byte20_20_0_,
        foo1_.yesno as yesno20_0_,
        foo1_.blobb_ as blobb22_20_0_,
        foo1_.nullBlob as nullBlob20_0_,
        foo1_.bin_ as bin24_20_0_,
        foo1_."localeayzabc123" as localea25_20_0_,
        foo1_.first_name as first26_20_0_,
        foo1_.surname as surname20_0_,
        foo1_.count_ as count28_20_0_,
        foo1_.name_ as name29_20_0_,
        foo1_.g__ as g30_20_0_,
        foo1_.cmpnt_null_ as cmpnt31_20_0_,
        foo1_.subname as subname20_0_,
        foo1_.fee_sub as fee33_20_0_,
        foo1_.null_cmpnt_ as null34_20_0_,
        foo1_1_.joinedProp as joinedProp49_0_,
        foo1_2_.dependent as dependent43_0_,
        foo1_.the_time as the35_20_0_,
        foo1_.baz as baz20_0_,
        foo1_.bar_string as bar37_20_0_,
        foo1_.bar_count as bar38_20_0_,
        foo1_.name as name20_0_,
        foo1_.clazz as clazz20_0_,
        foo1_.gen_id as gen41_20_0_,
        foo1_3_.name_name as name2_27_0_,
        foo1_.int_/2 as formula92_0_,
        foo1_."foo_subclass_1234" as foo2_20_0_,
        glarch2_.tha_key as tha1_21_1_,
        glarch2_.version as version21_1_,
        glarch2_.namecvbnmasdf as namecvbn3_21_1_,
        glarch2_.next_ as next4_21_1_,
        glarch2_.order_ as order5_21_1_,
        glarch2_.foo as foo21_1_,
        glarch2_.bar as bar21_1_,
        glarch2_.x as x21_1_,
        glarch2_.immutable as immutable21_1_,
        glarch2_."any_id_of_object" as any10_21_1_,
        glarch2_."any_class_of_object" as any11_21_1_,
        glarch2_.count_ as count12_21_1_,
        glarch2_.glarch_ as glarch13_21_1_,
        fee3_.id_ as id1_24_2_,
        fee3_.fi as fi24_2_,
        fee3_.fee as fee24_2_,
        fee3_.anotherFee as anotherFee24_2_,
        fee3_.qux as qux24_2_,
        fee3_.count_ as count6_24_2_,
        fee3_.name as name24_2_,
        fee3_.null_prop as null8_24_2_,
        fee4_.id_ as id1_24_3_,
        fee4_.fi as fi24_3_,
        fee4_.fee as fee24_3_,
        fee4_.anotherFee as anotherFee24_3_,
        fee4_.qux as qux24_3_,
        fee4_.count_ as count6_24_3_,
        fee4_.name as name24_3_,
        fee4_.null_prop as null8_24_3_,
        fee5_.id_ as id1_24_4_,
        fee5_.fi as fi24_4_,
        fee5_.fee as fee24_4_,
        fee5_.anotherFee as anotherFee24_4_,
        fee5_.qux as qux24_4_,
        fee5_.count_ as count6_24_4_,
        fee5_.name as name24_4_,
        fee5_.null_prop as null8_24_4_,
        baz6_.baz_id_column_ as baz1_28_5_,
        baz6_.count_count as count2_28_5_,
        baz6_.name_b as name3_28_5_,
        baz6_.foo as foo28_5_,
        baz6_.superBaz as superBaz28_5_,
        baz6_."str" as str6_28_5_,
        foo7_."foo_idcolumnname123" as foo1_20_6_,
        foo7_.version as version20_6_,
        foo7_.foo as foo20_6_,
        foo7_.long_ as long5_20_6_,
        foo7_."integer__" as integer6_20_6_,
        foo7_.float_ as float7_20_6_,
        foo7_.x as x20_6_,
        foo7_.double_ as double9_20_6_,
        foo7_.date_ as date10_20_6_,
        foo7_.timestamp_ as timestamp11_20_6_,
        foo7_.boolean_ as boolean12_20_6_,
        foo7_.bool_ as bool13_20_6_,
        foo7_.null_ as null14_20_6_,
        foo7_.short_ as short15_20_6_,
        foo7_.char_ as char16_20_6_,
        foo7_.zero_ as zero17_20_6_,
        foo7_.int_ as int18_20_6_,
        foo7_.string_ as string19_20_6_,
        foo7_.byte_ as byte20_20_6_,
        foo7_.yesno as yesno20_6_,
        foo7_.blobb_ as blobb22_20_6_,
        foo7_.nullBlob as nullBlob20_6_,
        foo7_.bin_ as bin24_20_6_,
        foo7_."localeayzabc123" as localea25_20_6_,
        foo7_.first_name as first26_20_6_,
        foo7_.surname as surname20_6_,
        foo7_.count_ as count28_20_6_,
        foo7_.name_ as name29_20_6_,
        foo7_.g__ as g30_20_6_,
        foo7_.cmpnt_null_ as cmpnt31_20_6_,
        foo7_.subname as subname20_6_,
        foo7_.fee_sub as fee33_20_6_,
        foo7_.null_cmpnt_ as null34_20_6_,
        foo7_1_.joinedProp as joinedProp49_6_,
        foo7_2_.dependent as dependent43_6_,
        foo7_.the_time as the35_20_6_,
        foo7_.baz as baz20_6_,
        foo7_.bar_string as bar37_20_6_,
        foo7_.bar_count as bar38_20_6_,
        foo7_.name as name20_6_,
        foo7_.clazz as clazz20_6_,
        foo7_.gen_id as gen41_20_6_,
        foo7_3_.name_name as name2_27_6_,
        foo7_.int_/2 as formula92_6_,
        foo7_."foo_subclass_1234" as foo2_20_6_,
        baz8_.baz_id_column_ as baz1_28_7_,
        baz8_.count_count as count2_28_7_,
        baz8_.name_b as name3_28_7_,
        baz8_.foo as foo28_7_,
        baz8_.superBaz as superBaz28_7_,
        baz8_."str" as str6_28_7_ 
    from
        fooComponentToFoo foocompone0_ 
    inner join
        "foos" foo1_ 
            on foocompone0_.foo_id=foo1_."foo_idcolumnname123" 
    left outer join
        jointable foo1_1_ 
            on foo1_."foo_idcolumnname123"=foo1_1_.fooid 
    left outer join
        foo_dep_table foo1_2_ 
            on foo1_."foo_idcolumnname123"=foo1_2_.fooid 
    left outer join
        bar_join_table foo1_3_ 
            on foo1_."foo_idcolumnname123"=foo1_3_.bar_id 
    left outer join
        "glarchez" glarch2_ 
            on foo1_.g__=glarch2_.tha_key 
    inner join
        "the fees" fee3_ 
            on foo1_2_.dependent=fee3_.id_ 
    left outer join
        "the fees" fee4_ 
            on fee3_.fee=fee4_.id_ 
    left outer join
        "the fees" fee5_ 
            on fee4_.anotherFee=fee5_.id_ 
    left outer join
        baz baz6_ 
            on foo1_.baz=baz6_.baz_id_column_ 
    left outer join
        "foos" foo7_ 
            on baz6_.foo=foo7_."foo_idcolumnname123" 
    left outer join
        jointable foo7_1_ 
            on foo7_."foo_idcolumnname123"=foo7_1_.fooid 
    left outer join
        foo_dep_table foo7_2_ 
            on foo7_."foo_idcolumnname123"=foo7_2_.fooid 
    left outer join
        bar_join_table foo7_3_ 
            on foo7_."foo_idcolumnname123"=foo7_3_.bar_id 
    left outer join
        baz baz8_ 
            on baz6_.superBaz=baz8_.baz_id_column_ 
    where
        foocompone0_.baz_id=?
14:16:37,622 DEBUG SQL:104 - 
    select
        footoglarc0_.baz_id as baz1_28_1_,
        footoglarc0_.glarch_id as glarch2_41_1_,
        footoglarc0_.foo_id as foo3_1_,
        glarch1_.tha_key as tha1_21_0_,
        glarch1_.version as version21_0_,
        glarch1_.namecvbnmasdf as namecvbn3_21_0_,
        glarch1_.next_ as next4_21_0_,
        glarch1_.order_ as order5_21_0_,
        glarch1_.foo as foo21_0_,
        glarch1_.bar as bar21_0_,
        glarch1_.x as x21_0_,
        glarch1_.immutable as immutable21_0_,
        glarch1_."any_id_of_object" as any10_21_0_,
        glarch1_."any_class_of_object" as any11_21_0_,
        glarch1_.count_ as count12_21_0_,
        glarch1_.glarch_ as glarch13_21_0_ 
    from
        fooToGlarch footoglarc0_ 
    inner join
        "glarchez" glarch1_ 
            on footoglarc0_.glarch_id=glarch1_.tha_key 
    where
        footoglarc0_.baz_id=?
14:16:37,623 DEBUG SQL:104 - 
    select
        bag0_."baz_id_" as baz1_28_0_,
        bag0_."name_" as name2_17_0_ 
    from
        "bxaxg" bag0_ 
    where
        bag0_."baz_id_"=? 
    order by
        bag0_."name_"
14:16:37,624 DEBUG SQL:104 - 
    select
        stringlist0_.id as id28_0_,
        stringlist0_.element as element59_0_,
        stringlist0_."i" as i3_0_ 
    from
        string_list stringlist0_ 
    where
        stringlist0_.id=?
14:16:37,633 DEBUG SQL:104 - 
    select
        fees0_.fee_id as fee1_24_0_,
        fees0_.str_ as str2_18_0_ 
    from
        "fees" fees0_ 
    where
        fees0_.fee_id=?
14:16:37,633 DEBUG SQL:104 - 
    select
        fees0_.fee_id as fee1_24_0_,
        fees0_.str_ as str2_18_0_ 
    from
        "fees" fees0_ 
    where
        fees0_.fee_id=?
14:16:37,634  INFO CustomRunner:139 - Test: testArrayHQL
14:16:37,636 DEBUG SQL:104 - 
    insert 
    into
        baz
        (count_count, name_b, foo, superBaz, "str", baz_id_column_) 
    values
        (?, ?, ?, ?, ?, ?)
14:16:37,644 DEBUG SQL:104 - 
    insert 
    into
        "glarchez"
        (version, namecvbnmasdf, next_, order_, foo, bar, x, immutable, "any_id_of_object", "any_class_of_object", count_, glarch_, tha_key) 
    values
        (?, ?, ?, ?, ?, ?, ?, ?, ?, ?, ?, ?, ?)
14:16:37,644 DEBUG SQL:104 - 
    insert 
    into
        "the fees"
        (fi, fee, anotherFee, qux, count_, name, null_prop, id_) 
    values
        (?, ?, ?, ?, ?, ?, ?, ?)
14:16:37,644 DEBUG SQL:104 - 
    insert 
    into
        "the fees"
        (fi, fee, anotherFee, qux, count_, name, null_prop, id_) 
    values
        (?, ?, ?, ?, ?, ?, ?, ?)
14:16:37,645 DEBUG SQL:104 - 
    insert 
    into
        "foos"
        (version, long_, "integer__", float_, x, double_, date_, timestamp_, boolean_, bool_, short_, char_, zero_, int_, string_, byte_, yesno, blobb_, bin_, "localeayzabc123", first_name, surname, count_, name_, g__, cmpnt_null_, subname, fee_sub, "foo_subclass_1234", "foo_idcolumnname123") 
    values
        (?, ?, ?, ?, ?, ?, ?, ?, ?, ?, ?, ?, ?, ?, ?, ?, ?, ?, ?, ?, ?, ?, ?, ?, ?, ?, ?, ?, 'F', ?)
14:16:37,645 DEBUG SQL:104 - 
    insert 
    into
        jointable
        (fooid) 
    values
        (?)
14:16:37,645 DEBUG SQL:104 - 
    insert 
    into
        foo_dep_table
        (dependent, fooid) 
    values
        (?, ?)
14:16:37,668 DEBUG SQL:104 - 
    insert 
    into
        foobytes
        (id, i, byte_) 
    values
        (?, ?, ?)
14:16:37,669 DEBUG SQL:104 - 
    insert 
    into
        foobytes
        (id, i, byte_) 
    values
        (?, ?, ?)
14:16:37,669 DEBUG SQL:104 - 
    insert 
    into
        foobytes
        (id, i, byte_) 
    values
        (?, ?, ?)
14:16:37,670 DEBUG SQL:104 - 
    insert 
    into
        foobytes
        (id, i, byte_) 
    values
        (?, ?, ?)
14:16:37,670 DEBUG SQL:104 - 
    insert 
    into
        foobytes
        (id, i, byte_) 
    values
        (?, ?, ?)
14:16:37,679 DEBUG SQL:104 - 
    insert 
    into
        foobytes
        (id, i, byte_) 
    values
        (?, ?, ?)
14:16:37,679 DEBUG SQL:104 - 
    insert 
    into
        foobytes
        (id, i, byte_) 
    values
        (?, ?, ?)
14:16:37,680 DEBUG SQL:104 - 
    insert 
    into
        foobytes
        (id, i, byte_) 
    values
        (?, ?, ?)
14:16:37,680 DEBUG SQL:104 - 
    insert 
    into
        foo_times
        (foo_id, i, date_) 
    values
        (?, ?, ?)
14:16:37,689 DEBUG SQL:104 - 
    insert 
    into
        foo_dates
        (foo_id, i, date_) 
    values
        (?, ?, ?)
14:16:37,689 DEBUG SQL:104 - 
    insert 
    into
        foo_dates
        (foo_id, i, date_) 
    values
        (?, ?, ?)
14:16:37,719 DEBUG SQL:104 - 
    insert 
    into
        foo_dates
        (foo_id, i, date_) 
    values
        (?, ?, ?)
14:16:37,719 DEBUG SQL:104 - 
    insert 
    into
        FOO_ARRAY
        (id_, i, foo) 
    values
        (?, ?, ?)
14:16:37,721 DEBUG SQL:104 - 
    select
        baz0_.baz_id_column_ as baz1_28_0_,
        foo2_."foo_idcolumnname123" as foo1_20_1_,
        baz0_.count_count as count2_28_0_,
        baz0_.name_b as name3_28_0_,
        baz0_.foo as foo28_0_,
        baz0_.superBaz as superBaz28_0_,
        baz0_."str" as str6_28_0_,
        foo2_.version as version20_1_,
        foo2_.foo as foo20_1_,
        foo2_.long_ as long5_20_1_,
        foo2_."integer__" as integer6_20_1_,
        foo2_.float_ as float7_20_1_,
        foo2_.x as x20_1_,
        foo2_.double_ as double9_20_1_,
        foo2_.date_ as date10_20_1_,
        foo2_.timestamp_ as timestamp11_20_1_,
        foo2_.boolean_ as boolean12_20_1_,
        foo2_.bool_ as bool13_20_1_,
        foo2_.null_ as null14_20_1_,
        foo2_.short_ as short15_20_1_,
        foo2_.char_ as char16_20_1_,
        foo2_.zero_ as zero17_20_1_,
        foo2_.int_ as int18_20_1_,
        foo2_.string_ as string19_20_1_,
        foo2_.byte_ as byte20_20_1_,
        foo2_.yesno as yesno20_1_,
        foo2_.blobb_ as blobb22_20_1_,
        foo2_.nullBlob as nullBlob20_1_,
        foo2_.bin_ as bin24_20_1_,
        foo2_."localeayzabc123" as localea25_20_1_,
        foo2_.first_name as first26_20_1_,
        foo2_.surname as surname20_1_,
        foo2_.count_ as count28_20_1_,
        foo2_.name_ as name29_20_1_,
        foo2_.g__ as g30_20_1_,
        foo2_.cmpnt_null_ as cmpnt31_20_1_,
        foo2_.subname as subname20_1_,
        foo2_.fee_sub as fee33_20_1_,
        foo2_.null_cmpnt_ as null34_20_1_,
        foo2_1_.joinedProp as joinedProp49_1_,
        foo2_2_.dependent as dependent43_1_,
        foo2_.the_time as the35_20_1_,
        foo2_.baz as baz20_1_,
        foo2_.bar_string as bar37_20_1_,
        foo2_.bar_count as bar38_20_1_,
        foo2_.name as name20_1_,
        foo2_.clazz as clazz20_1_,
        foo2_.gen_id as gen41_20_1_,
        foo2_3_.name_name as name2_27_1_,
        foo2_.int_/2 as formula92_1_,
        foo2_."foo_subclass_1234" as foo2_20_1_,
        fooarray1_.id_ as id1_28___,
        fooarray1_.foo as foo5___,
        fooarray1_.i as i__ 
    from
        baz baz0_ 
    left outer join
        FOO_ARRAY fooarray1_ 
            on baz0_.baz_id_column_=fooarray1_.id_ 
            and (
                fooarray1_.i<8
            )  
    left outer join
        "foos" foo2_ 
            on fooarray1_.foo=foo2_."foo_idcolumnname123" 
    left outer join
        jointable foo2_1_ 
            on foo2_."foo_idcolumnname123"=foo2_1_.fooid 
    left outer join
        foo_dep_table foo2_2_ 
            on foo2_."foo_idcolumnname123"=foo2_2_.fooid 
    left outer join
        bar_join_table foo2_3_ 
            on foo2_."foo_idcolumnname123"=foo2_3_.bar_id
14:16:37,726 DEBUG SQL:104 - 
    select
        intarray0_.id as id28_0_,
        intarray0_.j as j48_0_,
        intarray0_.i as i0_ 
    from
        int_array intarray0_ 
    where
        intarray0_.id=?
14:16:37,727 DEBUG SQL:104 - 
    select
        components0_.baz_id as baz1_28_0_,
        components0_.name as name33_0_,
        components0_.count_ as count3_33_0_,
        components0_.x_ as x4_33_0_,
        components0_.y_ as y5_33_0_,
        components0_.i as i0_ 
    from
        bazcomponents components0_ 
    where
        components0_.baz_id=?
14:16:37,727 DEBUG SQL:104 - 
    select
        timearray0_.baz_id as baz1_28_0_,
        timearray0_.the_time as the2_63_0_,
        timearray0_.j as j0_ 
    from
        timeArray timearray0_ 
    where
        timearray0_.baz_id=?
14:16:37,746 DEBUG SQL:104 - 
    select
        stringarra0_.id_ as id1_28_0_,
        stringarra0_.name as name56_0_,
        stringarra0_.i as i0_ 
    from
        stringArray stringarra0_ 
    where
        stringarra0_.id_=?
14:16:37,747 DEBUG SQL:104 - 
    select
        bytes0_.id as id20_0_,
        bytes0_.byte_ as byte2_45_0_,
        bytes0_.i as i0_ 
    from
        foobytes bytes0_ 
    where
        bytes0_.id=?
14:16:37,748 DEBUG SQL:104 - 
    select
        importantd0_.foo_id as foo1_20_0_,
        importantd0_.date_ as date2_44_0_,
        importantd0_.i as i0_ 
    from
        foo_times importantd0_ 
    where
        importantd0_.foo_id=?
14:16:37,748 DEBUG SQL:104 - 
    select
        fee0_.id_ as id1_24_2_,
        fee0_.fi as fi24_2_,
        fee0_.fee as fee24_2_,
        fee0_.anotherFee as anotherFee24_2_,
        fee0_.qux as qux24_2_,
        fee0_.count_ as count6_24_2_,
        fee0_.name as name24_2_,
        fee0_.null_prop as null8_24_2_,
        fee1_.id_ as id1_24_0_,
        fee1_.fi as fi24_0_,
        fee1_.fee as fee24_0_,
        fee1_.anotherFee as anotherFee24_0_,
        fee1_.qux as qux24_0_,
        fee1_.count_ as count6_24_0_,
        fee1_.name as name24_0_,
        fee1_.null_prop as null8_24_0_,
        fee2_.id_ as id1_24_1_,
        fee2_.fi as fi24_1_,
        fee2_.fee as fee24_1_,
        fee2_.anotherFee as anotherFee24_1_,
        fee2_.qux as qux24_1_,
        fee2_.count_ as count6_24_1_,
        fee2_.name as name24_1_,
        fee2_.null_prop as null8_24_1_ 
    from
        "the fees" fee0_ 
    left outer join
        "the fees" fee1_ 
            on fee0_.fee=fee1_.id_ 
    left outer join
        "the fees" fee2_ 
            on fee1_.anotherFee=fee2_.id_ 
    where
        fee0_.id_=?
14:16:37,762 DEBUG SQL:104 - 
    select
        importantd0_.foo_id as foo1_20_0_,
        importantd0_.date_ as date2_42_0_,
        importantd0_.i as i0_ 
    from
        foo_dates importantd0_ 
    where
        importantd0_.foo_id=?
14:16:37,763 DEBUG SQL:104 - 
    select
        fee0_.id_ as id1_24_2_,
        fee0_.fi as fi24_2_,
        fee0_.fee as fee24_2_,
        fee0_.anotherFee as anotherFee24_2_,
        fee0_.qux as qux24_2_,
        fee0_.count_ as count6_24_2_,
        fee0_.name as name24_2_,
        fee0_.null_prop as null8_24_2_,
        fee1_.id_ as id1_24_0_,
        fee1_.fi as fi24_0_,
        fee1_.fee as fee24_0_,
        fee1_.anotherFee as anotherFee24_0_,
        fee1_.qux as qux24_0_,
        fee1_.count_ as count6_24_0_,
        fee1_.name as name24_0_,
        fee1_.null_prop as null8_24_0_,
        fee2_.id_ as id1_24_1_,
        fee2_.fi as fi24_1_,
        fee2_.fee as fee24_1_,
        fee2_.anotherFee as anotherFee24_1_,
        fee2_.qux as qux24_1_,
        fee2_.count_ as count6_24_1_,
        fee2_.name as name24_1_,
        fee2_.null_prop as null8_24_1_ 
    from
        "the fees" fee0_ 
    left outer join
        "the fees" fee1_ 
            on fee0_.fee=fee1_.id_ 
    left outer join
        "the fees" fee2_ 
            on fee1_.anotherFee=fee2_.id_ 
    where
        fee0_.id_=?
14:16:37,773 DEBUG SQL:104 - 
    select
        fees0_.fee_id as fee1_24_0_,
        fees0_.str_ as str2_18_0_ 
    from
        "fees" fees0_ 
    where
        fees0_.fee_id=?
14:16:37,774 DEBUG SQL:104 - 
    select
        fees0_.fee_id as fee1_24_0_,
        fees0_.str_ as str2_18_0_ 
    from
        "fees" fees0_ 
    where
        fees0_.fee_id=?
14:16:37,774 DEBUG SQL:104 - 
    select
        floats0_.baz_compon_id as baz1_28_0_,
        floats0_.float_value as float2_30_0_ 
    from
        baz_floats_bag floats0_ 
    where
        floats0_.baz_compon_id=?
14:16:37,775 DEBUG SQL:104 - 
    select
        foos0_.baz_compon_id as baz46_28_8_,
        foos0_."foo_idcolumnname123" as foo1_20_8_,
        foos0_."foo_idcolumnname123" as foo1_20_7_,
        foos0_.version as version20_7_,
        foos0_.foo as foo20_7_,
        foos0_.long_ as long5_20_7_,
        foos0_."integer__" as integer6_20_7_,
        foos0_.float_ as float7_20_7_,
        foos0_.x as x20_7_,
        foos0_.double_ as double9_20_7_,
        foos0_.date_ as date10_20_7_,
        foos0_.timestamp_ as timestamp11_20_7_,
        foos0_.boolean_ as boolean12_20_7_,
        foos0_.bool_ as bool13_20_7_,
        foos0_.null_ as null14_20_7_,
        foos0_.short_ as short15_20_7_,
        foos0_.char_ as char16_20_7_,
        foos0_.zero_ as zero17_20_7_,
        foos0_.int_ as int18_20_7_,
        foos0_.string_ as string19_20_7_,
        foos0_.byte_ as byte20_20_7_,
        foos0_.yesno as yesno20_7_,
        foos0_.blobb_ as blobb22_20_7_,
        foos0_.nullBlob as nullBlob20_7_,
        foos0_.bin_ as bin24_20_7_,
        foos0_."localeayzabc123" as localea25_20_7_,
        foos0_.first_name as first26_20_7_,
        foos0_.surname as surname20_7_,
        foos0_.count_ as count28_20_7_,
        foos0_.name_ as name29_20_7_,
        foos0_.g__ as g30_20_7_,
        foos0_.cmpnt_null_ as cmpnt31_20_7_,
        foos0_.subname as subname20_7_,
        foos0_.fee_sub as fee33_20_7_,
        foos0_.null_cmpnt_ as null34_20_7_,
        foos0_1_.joinedProp as joinedProp49_7_,
        foos0_2_.dependent as dependent43_7_,
        foos0_.the_time as the35_20_7_,
        foos0_.baz as baz20_7_,
        foos0_.bar_string as bar37_20_7_,
        foos0_.bar_count as bar38_20_7_,
        foos0_.name as name20_7_,
        foos0_.clazz as clazz20_7_,
        foos0_.gen_id as gen41_20_7_,
        foos0_3_.name_name as name2_27_7_,
        foos0_.int_/2 as formula92_7_,
        foos0_."foo_subclass_1234" as foo2_20_7_,
        glarch1_.tha_key as tha1_21_0_,
        glarch1_.version as version21_0_,
        glarch1_.namecvbnmasdf as namecvbn3_21_0_,
        glarch1_.next_ as next4_21_0_,
        glarch1_.order_ as order5_21_0_,
        glarch1_.foo as foo21_0_,
        glarch1_.bar as bar21_0_,
        glarch1_.x as x21_0_,
        glarch1_.immutable as immutable21_0_,
        glarch1_."any_id_of_object" as any10_21_0_,
        glarch1_."any_class_of_object" as any11_21_0_,
        glarch1_.count_ as count12_21_0_,
        glarch1_.glarch_ as glarch13_21_0_,
        fee2_.id_ as id1_24_1_,
        fee2_.fi as fi24_1_,
        fee2_.fee as fee24_1_,
        fee2_.anotherFee as anotherFee24_1_,
        fee2_.qux as qux24_1_,
        fee2_.count_ as count6_24_1_,
        fee2_.name as name24_1_,
        fee2_.null_prop as null8_24_1_,
        fee3_.id_ as id1_24_2_,
        fee3_.fi as fi24_2_,
        fee3_.fee as fee24_2_,
        fee3_.anotherFee as anotherFee24_2_,
        fee3_.qux as qux24_2_,
        fee3_.count_ as count6_24_2_,
        fee3_.name as name24_2_,
        fee3_.null_prop as null8_24_2_,
        fee4_.id_ as id1_24_3_,
        fee4_.fi as fi24_3_,
        fee4_.fee as fee24_3_,
        fee4_.anotherFee as anotherFee24_3_,
        fee4_.qux as qux24_3_,
        fee4_.count_ as count6_24_3_,
        fee4_.name as name24_3_,
        fee4_.null_prop as null8_24_3_,
        baz5_.baz_id_column_ as baz1_28_4_,
        baz5_.count_count as count2_28_4_,
        baz5_.name_b as name3_28_4_,
        baz5_.foo as foo28_4_,
        baz5_.superBaz as superBaz28_4_,
        baz5_."str" as str6_28_4_,
        foo6_."foo_idcolumnname123" as foo1_20_5_,
        foo6_.version as version20_5_,
        foo6_.foo as foo20_5_,
        foo6_.long_ as long5_20_5_,
        foo6_."integer__" as integer6_20_5_,
        foo6_.float_ as float7_20_5_,
        foo6_.x as x20_5_,
        foo6_.double_ as double9_20_5_,
        foo6_.date_ as date10_20_5_,
        foo6_.timestamp_ as timestamp11_20_5_,
        foo6_.boolean_ as boolean12_20_5_,
        foo6_.bool_ as bool13_20_5_,
        foo6_.null_ as null14_20_5_,
        foo6_.short_ as short15_20_5_,
        foo6_.char_ as char16_20_5_,
        foo6_.zero_ as zero17_20_5_,
        foo6_.int_ as int18_20_5_,
        foo6_.string_ as string19_20_5_,
        foo6_.byte_ as byte20_20_5_,
        foo6_.yesno as yesno20_5_,
        foo6_.blobb_ as blobb22_20_5_,
        foo6_.nullBlob as nullBlob20_5_,
        foo6_.bin_ as bin24_20_5_,
        foo6_."localeayzabc123" as localea25_20_5_,
        foo6_.first_name as first26_20_5_,
        foo6_.surname as surname20_5_,
        foo6_.count_ as count28_20_5_,
        foo6_.name_ as name29_20_5_,
        foo6_.g__ as g30_20_5_,
        foo6_.cmpnt_null_ as cmpnt31_20_5_,
        foo6_.subname as subname20_5_,
        foo6_.fee_sub as fee33_20_5_,
        foo6_.null_cmpnt_ as null34_20_5_,
        foo6_1_.joinedProp as joinedProp49_5_,
        foo6_2_.dependent as dependent43_5_,
        foo6_.the_time as the35_20_5_,
        foo6_.baz as baz20_5_,
        foo6_.bar_string as bar37_20_5_,
        foo6_.bar_count as bar38_20_5_,
        foo6_.name as name20_5_,
        foo6_.clazz as clazz20_5_,
        foo6_.gen_id as gen41_20_5_,
        foo6_3_.name_name as name2_27_5_,
        foo6_.int_/2 as formula92_5_,
        foo6_."foo_subclass_1234" as foo2_20_5_,
        baz7_.baz_id_column_ as baz1_28_6_,
        baz7_.count_count as count2_28_6_,
        baz7_.name_b as name3_28_6_,
        baz7_.foo as foo28_6_,
        baz7_.superBaz as superBaz28_6_,
        baz7_."str" as str6_28_6_ 
    from
        "foos" foos0_ 
    inner join
        jointable foos0_1_ 
            on foos0_."foo_idcolumnname123"=foos0_1_.fooid 
    inner join
        foo_dep_table foos0_2_ 
            on foos0_."foo_idcolumnname123"=foos0_2_.fooid 
    left outer join
        bar_join_table foos0_3_ 
            on foos0_."foo_idcolumnname123"=foos0_3_.bar_id 
    left outer join
        "glarchez" glarch1_ 
            on foos0_.g__=glarch1_.tha_key 
    inner join
        "the fees" fee2_ 
            on foos0_2_.dependent=fee2_.id_ 
    left outer join
        "the fees" fee3_ 
            on fee2_.fee=fee3_.id_ 
    left outer join
        "the fees" fee4_ 
            on fee3_.anotherFee=fee4_.id_ 
    left outer join
        baz baz5_ 
            on foos0_.baz=baz5_.baz_id_column_ 
    left outer join
        "foos" foo6_ 
            on baz5_.foo=foo6_."foo_idcolumnname123" 
    left outer join
        jointable foo6_1_ 
            on foo6_."foo_idcolumnname123"=foo6_1_.fooid 
    left outer join
        foo_dep_table foo6_2_ 
            on foo6_."foo_idcolumnname123"=foo6_2_.fooid 
    left outer join
        bar_join_table foo6_3_ 
            on foo6_."foo_idcolumnname123"=foo6_3_.bar_id 
    left outer join
        baz baz7_ 
            on baz5_.superBaz=baz7_.baz_id_column_ 
    where
        foos0_."foo_subclass_1234" in (
            'F', 'B', 'T'
        ) 
        and foos0_.baz_compon_id=?
14:16:37,858 DEBUG SQL:104 - 
    select
        subs0_.superBaz as superBaz28_7_,
        subs0_.baz_id_column_ as baz1_28_7_,
        subs0_.baz_id_column_ as baz1_28_6_,
        subs0_.count_count as count2_28_6_,
        subs0_.name_b as name3_28_6_,
        subs0_.foo as foo28_6_,
        subs0_.superBaz as superBaz28_6_,
        subs0_."str" as str6_28_6_,
        foo1_."foo_idcolumnname123" as foo1_20_0_,
        foo1_.version as version20_0_,
        foo1_.foo as foo20_0_,
        foo1_.long_ as long5_20_0_,
        foo1_."integer__" as integer6_20_0_,
        foo1_.float_ as float7_20_0_,
        foo1_.x as x20_0_,
        foo1_.double_ as double9_20_0_,
        foo1_.date_ as date10_20_0_,
        foo1_.timestamp_ as timestamp11_20_0_,
        foo1_.boolean_ as boolean12_20_0_,
        foo1_.bool_ as bool13_20_0_,
        foo1_.null_ as null14_20_0_,
        foo1_.short_ as short15_20_0_,
        foo1_.char_ as char16_20_0_,
        foo1_.zero_ as zero17_20_0_,
        foo1_.int_ as int18_20_0_,
        foo1_.string_ as string19_20_0_,
        foo1_.byte_ as byte20_20_0_,
        foo1_.yesno as yesno20_0_,
        foo1_.blobb_ as blobb22_20_0_,
        foo1_.nullBlob as nullBlob20_0_,
        foo1_.bin_ as bin24_20_0_,
        foo1_."localeayzabc123" as localea25_20_0_,
        foo1_.first_name as first26_20_0_,
        foo1_.surname as surname20_0_,
        foo1_.count_ as count28_20_0_,
        foo1_.name_ as name29_20_0_,
        foo1_.g__ as g30_20_0_,
        foo1_.cmpnt_null_ as cmpnt31_20_0_,
        foo1_.subname as subname20_0_,
        foo1_.fee_sub as fee33_20_0_,
        foo1_.null_cmpnt_ as null34_20_0_,
        foo1_1_.joinedProp as joinedProp49_0_,
        foo1_2_.dependent as dependent43_0_,
        foo1_.the_time as the35_20_0_,
        foo1_.baz as baz20_0_,
        foo1_.bar_string as bar37_20_0_,
        foo1_.bar_count as bar38_20_0_,
        foo1_.name as name20_0_,
        foo1_.clazz as clazz20_0_,
        foo1_.gen_id as gen41_20_0_,
        foo1_3_.name_name as name2_27_0_,
        foo1_.int_/2 as formula92_0_,
        foo1_."foo_subclass_1234" as foo2_20_0_,
        glarch2_.tha_key as tha1_21_1_,
        glarch2_.version as version21_1_,
        glarch2_.namecvbnmasdf as namecvbn3_21_1_,
        glarch2_.next_ as next4_21_1_,
        glarch2_.order_ as order5_21_1_,
        glarch2_.foo as foo21_1_,
        glarch2_.bar as bar21_1_,
        glarch2_.x as x21_1_,
        glarch2_.immutable as immutable21_1_,
        glarch2_."any_id_of_object" as any10_21_1_,
        glarch2_."any_class_of_object" as any11_21_1_,
        glarch2_.count_ as count12_21_1_,
        glarch2_.glarch_ as glarch13_21_1_,
        fee3_.id_ as id1_24_2_,
        fee3_.fi as fi24_2_,
        fee3_.fee as fee24_2_,
        fee3_.anotherFee as anotherFee24_2_,
        fee3_.qux as qux24_2_,
        fee3_.count_ as count6_24_2_,
        fee3_.name as name24_2_,
        fee3_.null_prop as null8_24_2_,
        fee4_.id_ as id1_24_3_,
        fee4_.fi as fi24_3_,
        fee4_.fee as fee24_3_,
        fee4_.anotherFee as anotherFee24_3_,
        fee4_.qux as qux24_3_,
        fee4_.count_ as count6_24_3_,
        fee4_.name as name24_3_,
        fee4_.null_prop as null8_24_3_,
        fee5_.id_ as id1_24_4_,
        fee5_.fi as fi24_4_,
        fee5_.fee as fee24_4_,
        fee5_.anotherFee as anotherFee24_4_,
        fee5_.qux as qux24_4_,
        fee5_.count_ as count6_24_4_,
        fee5_.name as name24_4_,
        fee5_.null_prop as null8_24_4_,
        baz6_.baz_id_column_ as baz1_28_5_,
        baz6_.count_count as count2_28_5_,
        baz6_.name_b as name3_28_5_,
        baz6_.foo as foo28_5_,
        baz6_.superBaz as superBaz28_5_,
        baz6_."str" as str6_28_5_ 
    from
        baz subs0_ 
    left outer join
        "foos" foo1_ 
            on subs0_.foo=foo1_."foo_idcolumnname123" 
    left outer join
        jointable foo1_1_ 
            on foo1_."foo_idcolumnname123"=foo1_1_.fooid 
    left outer join
        foo_dep_table foo1_2_ 
            on foo1_."foo_idcolumnname123"=foo1_2_.fooid 
    left outer join
        bar_join_table foo1_3_ 
            on foo1_."foo_idcolumnname123"=foo1_3_.bar_id 
    left outer join
        "glarchez" glarch2_ 
            on foo1_.g__=glarch2_.tha_key 
    left outer join
        "the fees" fee3_ 
            on foo1_2_.dependent=fee3_.id_ 
    left outer join
        "the fees" fee4_ 
            on fee3_.fee=fee4_.id_ 
    left outer join
        "the fees" fee5_ 
            on fee4_.anotherFee=fee5_.id_ 
    left outer join
        baz baz6_ 
            on foo1_.baz=baz6_.baz_id_column_ 
    where
        subs0_.superBaz=?
14:16:37,897 DEBUG SQL:104 - 
    select
        sortablez0_.baz as baz28_1_,
        sortablez0_.id as id14_1_,
        sortablez0_.id as id14_0_,
        sortablez0_.name as name14_0_ 
    from
        Sortable sortablez0_ 
    where
        sortablez0_.baz=?
14:16:37,897 DEBUG SQL:104 - 
    select
        stringglar0_.baz_map_id as baz18_28_1_,
        stringglar0_.tha_key as tha1_21_1_,
        stringglar0_.baz_map_index as baz19_1_,
        stringglar0_.tha_key as tha1_21_0_,
        stringglar0_.version as version21_0_,
        stringglar0_.namecvbnmasdf as namecvbn3_21_0_,
        stringglar0_.next_ as next4_21_0_,
        stringglar0_.order_ as order5_21_0_,
        stringglar0_.foo as foo21_0_,
        stringglar0_.bar as bar21_0_,
        stringglar0_.x as x21_0_,
        stringglar0_.immutable as immutable21_0_,
        stringglar0_."any_id_of_object" as any10_21_0_,
        stringglar0_."any_class_of_object" as any11_21_0_,
        stringglar0_.count_ as count12_21_0_,
        stringglar0_.glarch_ as glarch13_21_0_ 
    from
        "glarchez" stringglar0_ 
    where
        (
            stringglar0_.baz_map_index > 'a' 
            and stringglar0_.tha_key is not null
        )  
        and stringglar0_.baz_map_id=?
14:16:37,916 DEBUG SQL:104 - 
    select
        cachedmap0_.baz as baz28_0_,
        cachedmap0_.foo as foo34_0_,
        cachedmap0_.bar as bar34_0_,
        cachedmap0_.another_baz as another4_0_ 
    from
        cached_map cachedmap0_ 
    where
        cachedmap0_.baz=?
14:16:37,917 DEBUG SQL:104 - 
    select
        cached0_.baz as baz28_0_,
        cached0_.foo as foo35_0_,
        cached0_.bar as bar35_0_ 
    from
        cached_set cached0_ 
    where
        cached0_.baz=?
14:16:37,917 DEBUG SQL:104 - 
    select
        topglarche0_.idtopglarch as idtopgl16_28_1_,
        topglarche0_.tha_key as tha1_21_1_,
        topglarche0_.mapkey as mapkey1_,
        topglarche0_.tha_key as tha1_21_0_,
        topglarche0_.version as version21_0_,
        topglarche0_.namecvbnmasdf as namecvbn3_21_0_,
        topglarche0_.next_ as next4_21_0_,
        topglarche0_.order_ as order5_21_0_,
        topglarche0_.foo as foo21_0_,
        topglarche0_.bar as bar21_0_,
        topglarche0_.x as x21_0_,
        topglarche0_.immutable as immutable21_0_,
        topglarche0_."any_id_of_object" as any10_21_0_,
        topglarche0_."any_class_of_object" as any11_21_0_,
        topglarche0_.count_ as count12_21_0_,
        topglarche0_.glarch_ as glarch13_21_0_ 
    from
        "glarchez" topglarche0_ 
    where
        topglarche0_.idtopglarch=?
14:16:37,926 DEBUG SQL:104 - 
    select
        cascadingb0_.idofbaz as idofbaz28_8_,
        cascadingb0_."foo_idcolumnname123" as foo1_20_8_,
        cascadingb0_."foo_idcolumnname123" as foo1_20_7_,
        cascadingb0_.version as version20_7_,
        cascadingb0_.foo as foo20_7_,
        cascadingb0_.long_ as long5_20_7_,
        cascadingb0_."integer__" as integer6_20_7_,
        cascadingb0_.float_ as float7_20_7_,
        cascadingb0_.x as x20_7_,
        cascadingb0_.double_ as double9_20_7_,
        cascadingb0_.date_ as date10_20_7_,
        cascadingb0_.timestamp_ as timestamp11_20_7_,
        cascadingb0_.boolean_ as boolean12_20_7_,
        cascadingb0_.bool_ as bool13_20_7_,
        cascadingb0_.null_ as null14_20_7_,
        cascadingb0_.short_ as short15_20_7_,
        cascadingb0_.char_ as char16_20_7_,
        cascadingb0_.zero_ as zero17_20_7_,
        cascadingb0_.int_ as int18_20_7_,
        cascadingb0_.string_ as string19_20_7_,
        cascadingb0_.byte_ as byte20_20_7_,
        cascadingb0_.yesno as yesno20_7_,
        cascadingb0_.blobb_ as blobb22_20_7_,
        cascadingb0_.nullBlob as nullBlob20_7_,
        cascadingb0_.bin_ as bin24_20_7_,
        cascadingb0_."localeayzabc123" as localea25_20_7_,
        cascadingb0_.first_name as first26_20_7_,
        cascadingb0_.surname as surname20_7_,
        cascadingb0_.count_ as count28_20_7_,
        cascadingb0_.name_ as name29_20_7_,
        cascadingb0_.g__ as g30_20_7_,
        cascadingb0_.cmpnt_null_ as cmpnt31_20_7_,
        cascadingb0_.subname as subname20_7_,
        cascadingb0_.fee_sub as fee33_20_7_,
        cascadingb0_.null_cmpnt_ as null34_20_7_,
        cascadingb0_1_.joinedProp as joinedProp49_7_,
        cascadingb0_2_.dependent as dependent43_7_,
        cascadingb0_.the_time as the35_20_7_,
        cascadingb0_.baz as baz20_7_,
        cascadingb0_.bar_string as bar37_20_7_,
        cascadingb0_.bar_count as bar38_20_7_,
        cascadingb0_.name as name20_7_,
        cascadingb0_.clazz as clazz20_7_,
        cascadingb0_.gen_id as gen41_20_7_,
        cascadingb0_3_.name_name as name2_27_7_,
        cascadingb0_.int_/2 as formula92_7_,
        glarch1_.tha_key as tha1_21_0_,
        glarch1_.version as version21_0_,
        glarch1_.namecvbnmasdf as namecvbn3_21_0_,
        glarch1_.next_ as next4_21_0_,
        glarch1_.order_ as order5_21_0_,
        glarch1_.foo as foo21_0_,
        glarch1_.bar as bar21_0_,
        glarch1_.x as x21_0_,
        glarch1_.immutable as immutable21_0_,
        glarch1_."any_id_of_object" as any10_21_0_,
        glarch1_."any_class_of_object" as any11_21_0_,
        glarch1_.count_ as count12_21_0_,
        glarch1_.glarch_ as glarch13_21_0_,
        fee2_.id_ as id1_24_1_,
        fee2_.fi as fi24_1_,
        fee2_.fee as fee24_1_,
        fee2_.anotherFee as anotherFee24_1_,
        fee2_.qux as qux24_1_,
        fee2_.count_ as count6_24_1_,
        fee2_.name as name24_1_,
        fee2_.null_prop as null8_24_1_,
        fee3_.id_ as id1_24_2_,
        fee3_.fi as fi24_2_,
        fee3_.fee as fee24_2_,
        fee3_.anotherFee as anotherFee24_2_,
        fee3_.qux as qux24_2_,
        fee3_.count_ as count6_24_2_,
        fee3_.name as name24_2_,
        fee3_.null_prop as null8_24_2_,
        fee4_.id_ as id1_24_3_,
        fee4_.fi as fi24_3_,
        fee4_.fee as fee24_3_,
        fee4_.anotherFee as anotherFee24_3_,
        fee4_.qux as qux24_3_,
        fee4_.count_ as count6_24_3_,
        fee4_.name as name24_3_,
        fee4_.null_prop as null8_24_3_,
        baz5_.baz_id_column_ as baz1_28_4_,
        baz5_.count_count as count2_28_4_,
        baz5_.name_b as name3_28_4_,
        baz5_.foo as foo28_4_,
        baz5_.superBaz as superBaz28_4_,
        baz5_."str" as str6_28_4_,
        foo6_."foo_idcolumnname123" as foo1_20_5_,
        foo6_.version as version20_5_,
        foo6_.foo as foo20_5_,
        foo6_.long_ as long5_20_5_,
        foo6_."integer__" as integer6_20_5_,
        foo6_.float_ as float7_20_5_,
        foo6_.x as x20_5_,
        foo6_.double_ as double9_20_5_,
        foo6_.date_ as date10_20_5_,
        foo6_.timestamp_ as timestamp11_20_5_,
        foo6_.boolean_ as boolean12_20_5_,
        foo6_.bool_ as bool13_20_5_,
        foo6_.null_ as null14_20_5_,
        foo6_.short_ as short15_20_5_,
        foo6_.char_ as char16_20_5_,
        foo6_.zero_ as zero17_20_5_,
        foo6_.int_ as int18_20_5_,
        foo6_.string_ as string19_20_5_,
        foo6_.byte_ as byte20_20_5_,
        foo6_.yesno as yesno20_5_,
        foo6_.blobb_ as blobb22_20_5_,
        foo6_.nullBlob as nullBlob20_5_,
        foo6_.bin_ as bin24_20_5_,
        foo6_."localeayzabc123" as localea25_20_5_,
        foo6_.first_name as first26_20_5_,
        foo6_.surname as surname20_5_,
        foo6_.count_ as count28_20_5_,
        foo6_.name_ as name29_20_5_,
        foo6_.g__ as g30_20_5_,
        foo6_.cmpnt_null_ as cmpnt31_20_5_,
        foo6_.subname as subname20_5_,
        foo6_.fee_sub as fee33_20_5_,
        foo6_.null_cmpnt_ as null34_20_5_,
        foo6_1_.joinedProp as joinedProp49_5_,
        foo6_2_.dependent as dependent43_5_,
        foo6_.the_time as the35_20_5_,
        foo6_.baz as baz20_5_,
        foo6_.bar_string as bar37_20_5_,
        foo6_.bar_count as bar38_20_5_,
        foo6_.name as name20_5_,
        foo6_.clazz as clazz20_5_,
        foo6_.gen_id as gen41_20_5_,
        foo6_3_.name_name as name2_27_5_,
        foo6_.int_/2 as formula92_5_,
        foo6_."foo_subclass_1234" as foo2_20_5_,
        baz7_.baz_id_column_ as baz1_28_6_,
        baz7_.count_count as count2_28_6_,
        baz7_.name_b as name3_28_6_,
        baz7_.foo as foo28_6_,
        baz7_.superBaz as superBaz28_6_,
        baz7_."str" as str6_28_6_ 
    from
        "foos" cascadingb0_ 
    inner join
        jointable cascadingb0_1_ 
            on cascadingb0_."foo_idcolumnname123"=cascadingb0_1_.fooid 
    inner join
        foo_dep_table cascadingb0_2_ 
            on cascadingb0_."foo_idcolumnname123"=cascadingb0_2_.fooid 
    inner join
        bar_join_table cascadingb0_3_ 
            on cascadingb0_."foo_idcolumnname123"=cascadingb0_3_.bar_id 
    left outer join
        "glarchez" glarch1_ 
            on cascadingb0_.g__=glarch1_.tha_key 
    inner join
        "the fees" fee2_ 
            on cascadingb0_2_.dependent=fee2_.id_ 
    left outer join
        "the fees" fee3_ 
            on fee2_.fee=fee3_.id_ 
    left outer join
        "the fees" fee4_ 
            on fee3_.anotherFee=fee4_.id_ 
    left outer join
        baz baz5_ 
            on cascadingb0_.baz=baz5_.baz_id_column_ 
    left outer join
        "foos" foo6_ 
            on baz5_.foo=foo6_."foo_idcolumnname123" 
    left outer join
        jointable foo6_1_ 
            on foo6_."foo_idcolumnname123"=foo6_1_.fooid 
    left outer join
        foo_dep_table foo6_2_ 
            on foo6_."foo_idcolumnname123"=foo6_2_.fooid 
    left outer join
        bar_join_table foo6_3_ 
            on foo6_."foo_idcolumnname123"=foo6_3_.bar_id 
    left outer join
        baz baz7_ 
            on baz5_.superBaz=baz7_.baz_id_column_ 
    where
        cascadingb0_."foo_subclass_1234"='B' 
        and cascadingb0_.idofbaz=?
14:16:37,988 DEBUG SQL:104 - 
    select
        topfoos0_.idtopbar as idtopbar28_8_,
        topfoos0_."foo_idcolumnname123" as foo1_20_8_,
        topfoos0_."foo_idcolumnname123" as foo1_20_7_,
        topfoos0_.version as version20_7_,
        topfoos0_.foo as foo20_7_,
        topfoos0_.long_ as long5_20_7_,
        topfoos0_."integer__" as integer6_20_7_,
        topfoos0_.float_ as float7_20_7_,
        topfoos0_.x as x20_7_,
        topfoos0_.double_ as double9_20_7_,
        topfoos0_.date_ as date10_20_7_,
        topfoos0_.timestamp_ as timestamp11_20_7_,
        topfoos0_.boolean_ as boolean12_20_7_,
        topfoos0_.bool_ as bool13_20_7_,
        topfoos0_.null_ as null14_20_7_,
        topfoos0_.short_ as short15_20_7_,
        topfoos0_.char_ as char16_20_7_,
        topfoos0_.zero_ as zero17_20_7_,
        topfoos0_.int_ as int18_20_7_,
        topfoos0_.string_ as string19_20_7_,
        topfoos0_.byte_ as byte20_20_7_,
        topfoos0_.yesno as yesno20_7_,
        topfoos0_.blobb_ as blobb22_20_7_,
        topfoos0_.nullBlob as nullBlob20_7_,
        topfoos0_.bin_ as bin24_20_7_,
        topfoos0_."localeayzabc123" as localea25_20_7_,
        topfoos0_.first_name as first26_20_7_,
        topfoos0_.surname as surname20_7_,
        topfoos0_.count_ as count28_20_7_,
        topfoos0_.name_ as name29_20_7_,
        topfoos0_.g__ as g30_20_7_,
        topfoos0_.cmpnt_null_ as cmpnt31_20_7_,
        topfoos0_.subname as subname20_7_,
        topfoos0_.fee_sub as fee33_20_7_,
        topfoos0_.null_cmpnt_ as null34_20_7_,
        topfoos0_1_.joinedProp as joinedProp49_7_,
        topfoos0_2_.dependent as dependent43_7_,
        topfoos0_.the_time as the35_20_7_,
        topfoos0_.baz as baz20_7_,
        topfoos0_.bar_string as bar37_20_7_,
        topfoos0_.bar_count as bar38_20_7_,
        topfoos0_.name as name20_7_,
        topfoos0_.clazz as clazz20_7_,
        topfoos0_.gen_id as gen41_20_7_,
        topfoos0_3_.name_name as name2_27_7_,
        topfoos0_.int_/2 as formula92_7_,
        glarch1_.tha_key as tha1_21_0_,
        glarch1_.version as version21_0_,
        glarch1_.namecvbnmasdf as namecvbn3_21_0_,
        glarch1_.next_ as next4_21_0_,
        glarch1_.order_ as order5_21_0_,
        glarch1_.foo as foo21_0_,
        glarch1_.bar as bar21_0_,
        glarch1_.x as x21_0_,
        glarch1_.immutable as immutable21_0_,
        glarch1_."any_id_of_object" as any10_21_0_,
        glarch1_."any_class_of_object" as any11_21_0_,
        glarch1_.count_ as count12_21_0_,
        glarch1_.glarch_ as glarch13_21_0_,
        fee2_.id_ as id1_24_1_,
        fee2_.fi as fi24_1_,
        fee2_.fee as fee24_1_,
        fee2_.anotherFee as anotherFee24_1_,
        fee2_.qux as qux24_1_,
        fee2_.count_ as count6_24_1_,
        fee2_.name as name24_1_,
        fee2_.null_prop as null8_24_1_,
        fee3_.id_ as id1_24_2_,
        fee3_.fi as fi24_2_,
        fee3_.fee as fee24_2_,
        fee3_.anotherFee as anotherFee24_2_,
        fee3_.qux as qux24_2_,
        fee3_.count_ as count6_24_2_,
        fee3_.name as name24_2_,
        fee3_.null_prop as null8_24_2_,
        fee4_.id_ as id1_24_3_,
        fee4_.fi as fi24_3_,
        fee4_.fee as fee24_3_,
        fee4_.anotherFee as anotherFee24_3_,
        fee4_.qux as qux24_3_,
        fee4_.count_ as count6_24_3_,
        fee4_.name as name24_3_,
        fee4_.null_prop as null8_24_3_,
        baz5_.baz_id_column_ as baz1_28_4_,
        baz5_.count_count as count2_28_4_,
        baz5_.name_b as name3_28_4_,
        baz5_.foo as foo28_4_,
        baz5_.superBaz as superBaz28_4_,
        baz5_."str" as str6_28_4_,
        foo6_."foo_idcolumnname123" as foo1_20_5_,
        foo6_.version as version20_5_,
        foo6_.foo as foo20_5_,
        foo6_.long_ as long5_20_5_,
        foo6_."integer__" as integer6_20_5_,
        foo6_.float_ as float7_20_5_,
        foo6_.x as x20_5_,
        foo6_.double_ as double9_20_5_,
        foo6_.date_ as date10_20_5_,
        foo6_.timestamp_ as timestamp11_20_5_,
        foo6_.boolean_ as boolean12_20_5_,
        foo6_.bool_ as bool13_20_5_,
        foo6_.null_ as null14_20_5_,
        foo6_.short_ as short15_20_5_,
        foo6_.char_ as char16_20_5_,
        foo6_.zero_ as zero17_20_5_,
        foo6_.int_ as int18_20_5_,
        foo6_.string_ as string19_20_5_,
        foo6_.byte_ as byte20_20_5_,
        foo6_.yesno as yesno20_5_,
        foo6_.blobb_ as blobb22_20_5_,
        foo6_.nullBlob as nullBlob20_5_,
        foo6_.bin_ as bin24_20_5_,
        foo6_."localeayzabc123" as localea25_20_5_,
        foo6_.first_name as first26_20_5_,
        foo6_.surname as surname20_5_,
        foo6_.count_ as count28_20_5_,
        foo6_.name_ as name29_20_5_,
        foo6_.g__ as g30_20_5_,
        foo6_.cmpnt_null_ as cmpnt31_20_5_,
        foo6_.subname as subname20_5_,
        foo6_.fee_sub as fee33_20_5_,
        foo6_.null_cmpnt_ as null34_20_5_,
        foo6_1_.joinedProp as joinedProp49_5_,
        foo6_2_.dependent as dependent43_5_,
        foo6_.the_time as the35_20_5_,
        foo6_.baz as baz20_5_,
        foo6_.bar_string as bar37_20_5_,
        foo6_.bar_count as bar38_20_5_,
        foo6_.name as name20_5_,
        foo6_.clazz as clazz20_5_,
        foo6_.gen_id as gen41_20_5_,
        foo6_3_.name_name as name2_27_5_,
        foo6_.int_/2 as formula92_5_,
        foo6_."foo_subclass_1234" as foo2_20_5_,
        baz7_.baz_id_column_ as baz1_28_6_,
        baz7_.count_count as count2_28_6_,
        baz7_.name_b as name3_28_6_,
        baz7_.foo as foo28_6_,
        baz7_.superBaz as superBaz28_6_,
        baz7_."str" as str6_28_6_ 
    from
        "foos" topfoos0_ 
    inner join
        jointable topfoos0_1_ 
            on topfoos0_."foo_idcolumnname123"=topfoos0_1_.fooid 
    inner join
        foo_dep_table topfoos0_2_ 
            on topfoos0_."foo_idcolumnname123"=topfoos0_2_.fooid 
    inner join
        bar_join_table topfoos0_3_ 
            on topfoos0_."foo_idcolumnname123"=topfoos0_3_.bar_id 
    left outer join
        "glarchez" glarch1_ 
            on topfoos0_.g__=glarch1_.tha_key 
    inner join
        "the fees" fee2_ 
            on topfoos0_2_.dependent=fee2_.id_ 
    left outer join
        "the fees" fee3_ 
            on fee2_.fee=fee3_.id_ 
    left outer join
        "the fees" fee4_ 
            on fee3_.anotherFee=fee4_.id_ 
    left outer join
        baz baz5_ 
            on topfoos0_.baz=baz5_.baz_id_column_ 
    left outer join
        "foos" foo6_ 
            on baz5_.foo=foo6_."foo_idcolumnname123" 
    left outer join
        jointable foo6_1_ 
            on foo6_."foo_idcolumnname123"=foo6_1_.fooid 
    left outer join
        foo_dep_table foo6_2_ 
            on foo6_."foo_idcolumnname123"=foo6_2_.fooid 
    left outer join
        bar_join_table foo6_3_ 
            on foo6_."foo_idcolumnname123"=foo6_3_.bar_id 
    left outer join
        baz baz7_ 
            on baz5_.superBaz=baz7_.baz_id_column_ 
    where
        topfoos0_."foo_subclass_1234"='B' 
        and topfoos0_.idtopbar=?
14:16:38,051 DEBUG SQL:104 - 
    select
        topcompone0_.id_ as id1_28_0_,
        topcompone0_.name as name64_0_,
        topcompone0_.count_ as count3_64_0_,
        topcompone0_.i as i0_ 
    from
        topcomponents topcompone0_ 
    where
        topcompone0_.id_=?
14:16:38,052 DEBUG SQL:104 - 
    select
        customs0_.id_ as id1_28_0_,
        customs0_.first_ as first2_38_0_,
        customs0_.second_ as second3_38_0_,
        customs0_.indx as indx0_ 
    from
        customs customs0_ 
    where
        customs0_.id_=?
14:16:38,060 DEBUG SQL:104 - 
    select
        glarchtofo0_.gtf_baz_id as gtf14_28_1_,
        glarchtofo0_.tha_key as tha1_21_1_,
        glarchtofo0_.gtf_foo_id as gtf15_1_,
        glarchtofo0_.tha_key as tha1_21_0_,
        glarchtofo0_.version as version21_0_,
        glarchtofo0_.namecvbnmasdf as namecvbn3_21_0_,
        glarchtofo0_.next_ as next4_21_0_,
        glarchtofo0_.order_ as order5_21_0_,
        glarchtofo0_.foo as foo21_0_,
        glarchtofo0_.bar as bar21_0_,
        glarchtofo0_.x as x21_0_,
        glarchtofo0_.immutable as immutable21_0_,
        glarchtofo0_."any_id_of_object" as any10_21_0_,
        glarchtofo0_."any_class_of_object" as any11_21_0_,
        glarchtofo0_.count_ as count12_21_0_,
        glarchtofo0_.glarch_ as glarch13_21_0_ 
    from
        "glarchez" glarchtofo0_ 
    where
        glarchtofo0_.gtf_baz_id=?
14:16:38,061 DEBUG SQL:104 - 
    select
        foocompone0_.baz_id as baz1_28_8_,
        foocompone0_.foo_id as foo2_40_8_,
        foocompone0_.name as name8_,
        foocompone0_.count_ as count4_8_,
        foo1_."foo_idcolumnname123" as foo1_20_0_,
        foo1_.version as version20_0_,
        foo1_.foo as foo20_0_,
        foo1_.long_ as long5_20_0_,
        foo1_."integer__" as integer6_20_0_,
        foo1_.float_ as float7_20_0_,
        foo1_.x as x20_0_,
        foo1_.double_ as double9_20_0_,
        foo1_.date_ as date10_20_0_,
        foo1_.timestamp_ as timestamp11_20_0_,
        foo1_.boolean_ as boolean12_20_0_,
        foo1_.bool_ as bool13_20_0_,
        foo1_.null_ as null14_20_0_,
        foo1_.short_ as short15_20_0_,
        foo1_.char_ as char16_20_0_,
        foo1_.zero_ as zero17_20_0_,
        foo1_.int_ as int18_20_0_,
        foo1_.string_ as string19_20_0_,
        foo1_.byte_ as byte20_20_0_,
        foo1_.yesno as yesno20_0_,
        foo1_.blobb_ as blobb22_20_0_,
        foo1_.nullBlob as nullBlob20_0_,
        foo1_.bin_ as bin24_20_0_,
        foo1_."localeayzabc123" as localea25_20_0_,
        foo1_.first_name as first26_20_0_,
        foo1_.surname as surname20_0_,
        foo1_.count_ as count28_20_0_,
        foo1_.name_ as name29_20_0_,
        foo1_.g__ as g30_20_0_,
        foo1_.cmpnt_null_ as cmpnt31_20_0_,
        foo1_.subname as subname20_0_,
        foo1_.fee_sub as fee33_20_0_,
        foo1_.null_cmpnt_ as null34_20_0_,
        foo1_1_.joinedProp as joinedProp49_0_,
        foo1_2_.dependent as dependent43_0_,
        foo1_.the_time as the35_20_0_,
        foo1_.baz as baz20_0_,
        foo1_.bar_string as bar37_20_0_,
        foo1_.bar_count as bar38_20_0_,
        foo1_.name as name20_0_,
        foo1_.clazz as clazz20_0_,
        foo1_.gen_id as gen41_20_0_,
        foo1_3_.name_name as name2_27_0_,
        foo1_.int_/2 as formula92_0_,
        foo1_."foo_subclass_1234" as foo2_20_0_,
        glarch2_.tha_key as tha1_21_1_,
        glarch2_.version as version21_1_,
        glarch2_.namecvbnmasdf as namecvbn3_21_1_,
        glarch2_.next_ as next4_21_1_,
        glarch2_.order_ as order5_21_1_,
        glarch2_.foo as foo21_1_,
        glarch2_.bar as bar21_1_,
        glarch2_.x as x21_1_,
        glarch2_.immutable as immutable21_1_,
        glarch2_."any_id_of_object" as any10_21_1_,
        glarch2_."any_class_of_object" as any11_21_1_,
        glarch2_.count_ as count12_21_1_,
        glarch2_.glarch_ as glarch13_21_1_,
        fee3_.id_ as id1_24_2_,
        fee3_.fi as fi24_2_,
        fee3_.fee as fee24_2_,
        fee3_.anotherFee as anotherFee24_2_,
        fee3_.qux as qux24_2_,
        fee3_.count_ as count6_24_2_,
        fee3_.name as name24_2_,
        fee3_.null_prop as null8_24_2_,
        fee4_.id_ as id1_24_3_,
        fee4_.fi as fi24_3_,
        fee4_.fee as fee24_3_,
        fee4_.anotherFee as anotherFee24_3_,
        fee4_.qux as qux24_3_,
        fee4_.count_ as count6_24_3_,
        fee4_.name as name24_3_,
        fee4_.null_prop as null8_24_3_,
        fee5_.id_ as id1_24_4_,
        fee5_.fi as fi24_4_,
        fee5_.fee as fee24_4_,
        fee5_.anotherFee as anotherFee24_4_,
        fee5_.qux as qux24_4_,
        fee5_.count_ as count6_24_4_,
        fee5_.name as name24_4_,
        fee5_.null_prop as null8_24_4_,
        baz6_.baz_id_column_ as baz1_28_5_,
        baz6_.count_count as count2_28_5_,
        baz6_.name_b as name3_28_5_,
        baz6_.foo as foo28_5_,
        baz6_.superBaz as superBaz28_5_,
        baz6_."str" as str6_28_5_,
        foo7_."foo_idcolumnname123" as foo1_20_6_,
        foo7_.version as version20_6_,
        foo7_.foo as foo20_6_,
        foo7_.long_ as long5_20_6_,
        foo7_."integer__" as integer6_20_6_,
        foo7_.float_ as float7_20_6_,
        foo7_.x as x20_6_,
        foo7_.double_ as double9_20_6_,
        foo7_.date_ as date10_20_6_,
        foo7_.timestamp_ as timestamp11_20_6_,
        foo7_.boolean_ as boolean12_20_6_,
        foo7_.bool_ as bool13_20_6_,
        foo7_.null_ as null14_20_6_,
        foo7_.short_ as short15_20_6_,
        foo7_.char_ as char16_20_6_,
        foo7_.zero_ as zero17_20_6_,
        foo7_.int_ as int18_20_6_,
        foo7_.string_ as string19_20_6_,
        foo7_.byte_ as byte20_20_6_,
        foo7_.yesno as yesno20_6_,
        foo7_.blobb_ as blobb22_20_6_,
        foo7_.nullBlob as nullBlob20_6_,
        foo7_.bin_ as bin24_20_6_,
        foo7_."localeayzabc123" as localea25_20_6_,
        foo7_.first_name as first26_20_6_,
        foo7_.surname as surname20_6_,
        foo7_.count_ as count28_20_6_,
        foo7_.name_ as name29_20_6_,
        foo7_.g__ as g30_20_6_,
        foo7_.cmpnt_null_ as cmpnt31_20_6_,
        foo7_.subname as subname20_6_,
        foo7_.fee_sub as fee33_20_6_,
        foo7_.null_cmpnt_ as null34_20_6_,
        foo7_1_.joinedProp as joinedProp49_6_,
        foo7_2_.dependent as dependent43_6_,
        foo7_.the_time as the35_20_6_,
        foo7_.baz as baz20_6_,
        foo7_.bar_string as bar37_20_6_,
        foo7_.bar_count as bar38_20_6_,
        foo7_.name as name20_6_,
        foo7_.clazz as clazz20_6_,
        foo7_.gen_id as gen41_20_6_,
        foo7_3_.name_name as name2_27_6_,
        foo7_.int_/2 as formula92_6_,
        foo7_."foo_subclass_1234" as foo2_20_6_,
        baz8_.baz_id_column_ as baz1_28_7_,
        baz8_.count_count as count2_28_7_,
        baz8_.name_b as name3_28_7_,
        baz8_.foo as foo28_7_,
        baz8_.superBaz as superBaz28_7_,
        baz8_."str" as str6_28_7_ 
    from
        fooComponentToFoo foocompone0_ 
    inner join
        "foos" foo1_ 
            on foocompone0_.foo_id=foo1_."foo_idcolumnname123" 
    left outer join
        jointable foo1_1_ 
            on foo1_."foo_idcolumnname123"=foo1_1_.fooid 
    left outer join
        foo_dep_table foo1_2_ 
            on foo1_."foo_idcolumnname123"=foo1_2_.fooid 
    left outer join
        bar_join_table foo1_3_ 
            on foo1_."foo_idcolumnname123"=foo1_3_.bar_id 
    left outer join
        "glarchez" glarch2_ 
            on foo1_.g__=glarch2_.tha_key 
    inner join
        "the fees" fee3_ 
            on foo1_2_.dependent=fee3_.id_ 
    left outer join
        "the fees" fee4_ 
            on fee3_.fee=fee4_.id_ 
    left outer join
        "the fees" fee5_ 
            on fee4_.anotherFee=fee5_.id_ 
    left outer join
        baz baz6_ 
            on foo1_.baz=baz6_.baz_id_column_ 
    left outer join
        "foos" foo7_ 
            on baz6_.foo=foo7_."foo_idcolumnname123" 
    left outer join
        jointable foo7_1_ 
            on foo7_."foo_idcolumnname123"=foo7_1_.fooid 
    left outer join
        foo_dep_table foo7_2_ 
            on foo7_."foo_idcolumnname123"=foo7_2_.fooid 
    left outer join
        bar_join_table foo7_3_ 
            on foo7_."foo_idcolumnname123"=foo7_3_.bar_id 
    left outer join
        baz baz8_ 
            on baz6_.superBaz=baz8_.baz_id_column_ 
    where
        foocompone0_.baz_id=?
14:16:38,121 DEBUG SQL:104 - 
    select
        footoglarc0_.baz_id as baz1_28_1_,
        footoglarc0_.glarch_id as glarch2_41_1_,
        footoglarc0_.foo_id as foo3_1_,
        glarch1_.tha_key as tha1_21_0_,
        glarch1_.version as version21_0_,
        glarch1_.namecvbnmasdf as namecvbn3_21_0_,
        glarch1_.next_ as next4_21_0_,
        glarch1_.order_ as order5_21_0_,
        glarch1_.foo as foo21_0_,
        glarch1_.bar as bar21_0_,
        glarch1_.x as x21_0_,
        glarch1_.immutable as immutable21_0_,
        glarch1_."any_id_of_object" as any10_21_0_,
        glarch1_."any_class_of_object" as any11_21_0_,
        glarch1_.count_ as count12_21_0_,
        glarch1_.glarch_ as glarch13_21_0_ 
    from
        fooToGlarch footoglarc0_ 
    inner join
        "glarchez" glarch1_ 
            on footoglarc0_.glarch_id=glarch1_.tha_key 
    where
        footoglarc0_.baz_id=?
14:16:38,121 DEBUG SQL:104 - 
    select
        bag0_."baz_id_" as baz1_28_0_,
        bag0_."name_" as name2_17_0_ 
    from
        "bxaxg" bag0_ 
    where
        bag0_."baz_id_"=? 
    order by
        bag0_."name_"
14:16:38,132 DEBUG SQL:104 - 
    select
        stringlist0_.id as id28_0_,
        stringlist0_.element as element59_0_,
        stringlist0_."i" as i3_0_ 
    from
        string_list stringlist0_ 
    where
        stringlist0_.id=?
14:16:38,133  INFO CustomRunner:139 - Test: testBag
14:16:38,134 DEBUG SQL:104 - 
    insert 
    into
        Container
        (container_id) 
    values
        (null)
14:16:38,135 DEBUG SQL:104 - 
    insert 
    into
        Contained
        (container_id) 
    values
        (null)
14:16:38,142 DEBUG SQL:104 - 
    insert 
    into
        Contained
        (container_id) 
    values
        (null)
14:16:38,143 DEBUG SQL:104 - 
    insert 
    into
        CCBAG
        (contained_id, container_id) 
    values
        (?, ?)
14:16:38,143 DEBUG SQL:104 - 
    insert 
    into
        LCCBAG
        (contained_id, container_id) 
    values
        (?, ?)
14:16:38,143 DEBUG SQL:104 - 
    insert 
    into
        CCBAG
        (contained_id, container_id) 
    values
        (?, ?)
14:16:38,143 DEBUG SQL:104 - 
    insert 
    into
        CCBAG
        (contained_id, container_id) 
    values
        (?, ?)
14:16:38,144 DEBUG SQL:104 - 
    select
        container0_.container_id as container1_4_ 
    from
        Container container0_
14:16:38,144 DEBUG SQL:104 - 
    select
        ternaryset0_.container_id as container1_4_0_,
        ternaryset0_.name as name62_0_,
        ternaryset0_.foo as foo62_0_,
        ternaryset0_.glarch as glarch62_0_ 
    from
        ternarySet ternaryset0_ 
    where
        ternaryset0_.container_id=?
14:16:38,200 DEBUG SQL:104 - 
    select
        ternarymap0_.container_id as container1_4_0_,
        ternarymap0_.name as name61_0_,
        ternarymap0_.foo as foo61_0_,
        ternarymap0_.glarch as glarch61_0_,
        ternarymap0_.idx as idx0_ 
    from
        ternaryMap ternarymap0_ 
    where
        ternarymap0_.container_id=?
14:16:38,200 DEBUG SQL:104 - 
    select
        bag0_.container_id as container1_4_1_,
        bag0_.contained_id as contained2_0_1_,
        contained1_.container_id as container1_3_0_ 
    from
        CCBAG bag0_ 
    inner join
        Contained contained1_ 
            on bag0_.contained_id=contained1_.container_id 
    where
        bag0_.container_id=?
14:16:38,201 DEBUG SQL:104 - 
    select
        bag0_.contained_id as contained2_3_0_,
        bag0_.container_id as container1_0_0_ 
    from
        CCBAG bag0_ 
    where
        bag0_.contained_id=?
14:16:38,201 DEBUG SQL:104 - 
    select
        bag0_.contained_id as contained2_3_0_,
        bag0_.container_id as container1_0_0_ 
    from
        CCBAG bag0_ 
    where
        bag0_.contained_id=?
14:16:38,201 DEBUG SQL:104 - 
    select
        cascades0_.container_id as container1_4_5_,
        cascades0_.name as name25_5_,
        cascades0_.simple as simple25_5_,
        cascades0_.one as one25_5_,
        cascades0_.many as many25_5_,
        simple1_.id_ as id1_13_0_,
        simple1_.name as name13_0_,
        simple1_.address as address13_0_,
        simple1_.count_ as count4_13_0_,
        simple1_.date_ as date5_13_0_,
        simple1_.pay as pay13_0_,
        simple1_.other as other13_0_,
        simple2_.id_ as id1_13_1_,
        simple2_.name as name13_1_,
        simple2_.address as address13_1_,
        simple2_.count_ as count4_13_1_,
        simple2_.date_ as date5_13_1_,
        simple2_.pay as pay13_1_,
        simple2_.other as other13_1_,
        one3_.one_key as one1_54_2_,
        one3_.x as x54_2_,
        one3_.one_value as one3_54_2_,
        many4_.many_key as many1_50_3_,
        many4_.x as x50_3_,
        many4_.one_key as one3_50_3_,
        one5_.one_key as one1_54_4_,
        one5_.x as x54_4_,
        one5_.one_value as one3_54_4_ 
    from
        abcd cascades0_ 
    left outer join
        Simple simple1_ 
            on cascades0_.simple=simple1_.id_ 
    left outer join
        Simple simple2_ 
            on simple1_.other=simple2_.id_ 
    inner join
        one one3_ 
            on cascades0_.one=one3_.one_key 
    inner join
        many many4_ 
            on cascades0_.many=many4_.many_key 
    left outer join
        one one5_ 
            on many4_.one_key=one5_.one_key 
    where
        cascades0_.container_id=?
14:16:38,202 DEBUG SQL:104 - 
    select
        lazybag0_.container_id as container1_4_1_,
        lazybag0_.contained_id as contained2_9_1_,
        contained1_.container_id as container1_3_0_ 
    from
        LCCBAG lazybag0_ 
    inner join
        Contained contained1_ 
            on lazybag0_.contained_id=contained1_.container_id 
    where
        lazybag0_.container_id=?
14:16:38,206 DEBUG SQL:104 - 
    select
        container0_.container_id as container1_4_ 
    from
        Container container0_
14:16:38,206 DEBUG SQL:104 - 
    select
        ternaryset0_.container_id as container1_4_0_,
        ternaryset0_.name as name62_0_,
        ternaryset0_.foo as foo62_0_,
        ternaryset0_.glarch as glarch62_0_ 
    from
        ternarySet ternaryset0_ 
    where
        ternaryset0_.container_id=?
14:16:38,207 DEBUG SQL:104 - 
    select
        ternarymap0_.container_id as container1_4_0_,
        ternarymap0_.name as name61_0_,
        ternarymap0_.foo as foo61_0_,
        ternarymap0_.glarch as glarch61_0_,
        ternarymap0_.idx as idx0_ 
    from
        ternaryMap ternarymap0_ 
    where
        ternarymap0_.container_id=?
14:16:38,224 DEBUG SQL:104 - 
    select
        bag0_.container_id as container1_4_1_,
        bag0_.contained_id as contained2_0_1_,
        contained1_.container_id as container1_3_0_ 
    from
        CCBAG bag0_ 
    inner join
        Contained contained1_ 
            on bag0_.contained_id=contained1_.container_id 
    where
        bag0_.container_id=?
14:16:38,225 DEBUG SQL:104 - 
    select
        bag0_.contained_id as contained2_3_0_,
        bag0_.container_id as container1_0_0_ 
    from
        CCBAG bag0_ 
    where
        bag0_.contained_id=?
14:16:38,226 DEBUG SQL:104 - 
    select
        bag0_.contained_id as contained2_3_0_,
        bag0_.container_id as container1_0_0_ 
    from
        CCBAG bag0_ 
    where
        bag0_.contained_id=?
14:16:38,226 DEBUG SQL:104 - 
    select
        cascades0_.container_id as container1_4_5_,
        cascades0_.name as name25_5_,
        cascades0_.simple as simple25_5_,
        cascades0_.one as one25_5_,
        cascades0_.many as many25_5_,
        simple1_.id_ as id1_13_0_,
        simple1_.name as name13_0_,
        simple1_.address as address13_0_,
        simple1_.count_ as count4_13_0_,
        simple1_.date_ as date5_13_0_,
        simple1_.pay as pay13_0_,
        simple1_.other as other13_0_,
        simple2_.id_ as id1_13_1_,
        simple2_.name as name13_1_,
        simple2_.address as address13_1_,
        simple2_.count_ as count4_13_1_,
        simple2_.date_ as date5_13_1_,
        simple2_.pay as pay13_1_,
        simple2_.other as other13_1_,
        one3_.one_key as one1_54_2_,
        one3_.x as x54_2_,
        one3_.one_value as one3_54_2_,
        many4_.many_key as many1_50_3_,
        many4_.x as x50_3_,
        many4_.one_key as one3_50_3_,
        one5_.one_key as one1_54_4_,
        one5_.x as x54_4_,
        one5_.one_value as one3_54_4_ 
    from
        abcd cascades0_ 
    left outer join
        Simple simple1_ 
            on cascades0_.simple=simple1_.id_ 
    left outer join
        Simple simple2_ 
            on simple1_.other=simple2_.id_ 
    inner join
        one one3_ 
            on cascades0_.one=one3_.one_key 
    inner join
        many many4_ 
            on cascades0_.many=many4_.many_key 
    left outer join
        one one5_ 
            on many4_.one_key=one5_.one_key 
    where
        cascades0_.container_id=?
14:16:38,244 DEBUG SQL:104 - 
    insert 
    into
        Contained
        (container_id) 
    values
        (null)
14:16:38,245 DEBUG SQL:104 - 
    insert 
    into
        LCCBAG
        (contained_id, container_id) 
    values
        (?, ?)
14:16:38,246 DEBUG SQL:104 - 
    select
        container0_.container_id as container1_4_ 
    from
        Container container0_
14:16:38,246 DEBUG SQL:104 - 
    select
        ternaryset0_.container_id as container1_4_0_,
        ternaryset0_.name as name62_0_,
        ternaryset0_.foo as foo62_0_,
        ternaryset0_.glarch as glarch62_0_ 
    from
        ternarySet ternaryset0_ 
    where
        ternaryset0_.container_id=?
14:16:38,246 DEBUG SQL:104 - 
    select
        ternarymap0_.container_id as container1_4_0_,
        ternarymap0_.name as name61_0_,
        ternarymap0_.foo as foo61_0_,
        ternarymap0_.glarch as glarch61_0_,
        ternarymap0_.idx as idx0_ 
    from
        ternaryMap ternarymap0_ 
    where
        ternarymap0_.container_id=?
14:16:38,246 DEBUG SQL:104 - 
    select
        bag0_.container_id as container1_4_1_,
        bag0_.contained_id as contained2_0_1_,
        contained1_.container_id as container1_3_0_ 
    from
        CCBAG bag0_ 
    inner join
        Contained contained1_ 
            on bag0_.contained_id=contained1_.container_id 
    where
        bag0_.container_id=?
14:16:38,257 DEBUG SQL:104 - 
    select
        bag0_.contained_id as contained2_3_0_,
        bag0_.container_id as container1_0_0_ 
    from
        CCBAG bag0_ 
    where
        bag0_.contained_id=?
14:16:38,258 DEBUG SQL:104 - 
    select
        bag0_.contained_id as contained2_3_0_,
        bag0_.container_id as container1_0_0_ 
    from
        CCBAG bag0_ 
    where
        bag0_.contained_id=?
14:16:38,258 DEBUG SQL:104 - 
    select
        cascades0_.container_id as container1_4_5_,
        cascades0_.name as name25_5_,
        cascades0_.simple as simple25_5_,
        cascades0_.one as one25_5_,
        cascades0_.many as many25_5_,
        simple1_.id_ as id1_13_0_,
        simple1_.name as name13_0_,
        simple1_.address as address13_0_,
        simple1_.count_ as count4_13_0_,
        simple1_.date_ as date5_13_0_,
        simple1_.pay as pay13_0_,
        simple1_.other as other13_0_,
        simple2_.id_ as id1_13_1_,
        simple2_.name as name13_1_,
        simple2_.address as address13_1_,
        simple2_.count_ as count4_13_1_,
        simple2_.date_ as date5_13_1_,
        simple2_.pay as pay13_1_,
        simple2_.other as other13_1_,
        one3_.one_key as one1_54_2_,
        one3_.x as x54_2_,
        one3_.one_value as one3_54_2_,
        many4_.many_key as many1_50_3_,
        many4_.x as x50_3_,
        many4_.one_key as one3_50_3_,
        one5_.one_key as one1_54_4_,
        one5_.x as x54_4_,
        one5_.one_value as one3_54_4_ 
    from
        abcd cascades0_ 
    left outer join
        Simple simple1_ 
            on cascades0_.simple=simple1_.id_ 
    left outer join
        Simple simple2_ 
            on simple1_.other=simple2_.id_ 
    inner join
        one one3_ 
            on cascades0_.one=one3_.one_key 
    inner join
        many many4_ 
            on cascades0_.many=many4_.many_key 
    left outer join
        one one5_ 
            on many4_.one_key=one5_.one_key 
    where
        cascades0_.container_id=?
14:16:38,268 DEBUG SQL:104 - 
    select
        lazybag0_.container_id as container1_4_1_,
        lazybag0_.contained_id as contained2_9_1_,
        contained1_.container_id as container1_3_0_ 
    from
        LCCBAG lazybag0_ 
    inner join
        Contained contained1_ 
            on lazybag0_.contained_id=contained1_.container_id 
    where
        lazybag0_.container_id=?
14:16:38,299 DEBUG SQL:104 - 
    select
        bag0_.contained_id as contained2_3_0_,
        bag0_.container_id as container1_0_0_ 
    from
        CCBAG bag0_ 
    where
        bag0_.contained_id=?
14:16:38,300 DEBUG SQL:104 - 
    insert 
    into
        Contained
        (container_id) 
    values
        (null)
14:16:38,301 DEBUG SQL:104 - 
    insert 
    into
        LCCBAG
        (contained_id, container_id) 
    values
        (?, ?)
14:16:38,301 DEBUG SQL:104 - 
    select
        container0_.container_id as container1_4_ 
    from
        Container container0_
14:16:38,302 DEBUG SQL:104 - 
    select
        ternaryset0_.container_id as container1_4_0_,
        ternaryset0_.name as name62_0_,
        ternaryset0_.foo as foo62_0_,
        ternaryset0_.glarch as glarch62_0_ 
    from
        ternarySet ternaryset0_ 
    where
        ternaryset0_.container_id=?
14:16:38,302 DEBUG SQL:104 - 
    select
        ternarymap0_.container_id as container1_4_0_,
        ternarymap0_.name as name61_0_,
        ternarymap0_.foo as foo61_0_,
        ternarymap0_.glarch as glarch61_0_,
        ternarymap0_.idx as idx0_ 
    from
        ternaryMap ternarymap0_ 
    where
        ternarymap0_.container_id=?
14:16:38,302 DEBUG SQL:104 - 
    select
        bag0_.container_id as container1_4_1_,
        bag0_.contained_id as contained2_0_1_,
        contained1_.container_id as container1_3_0_ 
    from
        CCBAG bag0_ 
    inner join
        Contained contained1_ 
            on bag0_.contained_id=contained1_.container_id 
    where
        bag0_.container_id=?
14:16:38,313 DEBUG SQL:104 - 
    select
        bag0_.contained_id as contained2_3_0_,
        bag0_.container_id as container1_0_0_ 
    from
        CCBAG bag0_ 
    where
        bag0_.contained_id=?
14:16:38,314 DEBUG SQL:104 - 
    select
        bag0_.contained_id as contained2_3_0_,
        bag0_.container_id as container1_0_0_ 
    from
        CCBAG bag0_ 
    where
        bag0_.contained_id=?
14:16:38,314 DEBUG SQL:104 - 
    select
        cascades0_.container_id as container1_4_5_,
        cascades0_.name as name25_5_,
        cascades0_.simple as simple25_5_,
        cascades0_.one as one25_5_,
        cascades0_.many as many25_5_,
        simple1_.id_ as id1_13_0_,
        simple1_.name as name13_0_,
        simple1_.address as address13_0_,
        simple1_.count_ as count4_13_0_,
        simple1_.date_ as date5_13_0_,
        simple1_.pay as pay13_0_,
        simple1_.other as other13_0_,
        simple2_.id_ as id1_13_1_,
        simple2_.name as name13_1_,
        simple2_.address as address13_1_,
        simple2_.count_ as count4_13_1_,
        simple2_.date_ as date5_13_1_,
        simple2_.pay as pay13_1_,
        simple2_.other as other13_1_,
        one3_.one_key as one1_54_2_,
        one3_.x as x54_2_,
        one3_.one_value as one3_54_2_,
        many4_.many_key as many1_50_3_,
        many4_.x as x50_3_,
        many4_.one_key as one3_50_3_,
        one5_.one_key as one1_54_4_,
        one5_.x as x54_4_,
        one5_.one_value as one3_54_4_ 
    from
        abcd cascades0_ 
    left outer join
        Simple simple1_ 
            on cascades0_.simple=simple1_.id_ 
    left outer join
        Simple simple2_ 
            on simple1_.other=simple2_.id_ 
    inner join
        one one3_ 
            on cascades0_.one=one3_.one_key 
    inner join
        many many4_ 
            on cascades0_.many=many4_.many_key 
    left outer join
        one one5_ 
            on many4_.one_key=one5_.one_key 
    where
        cascades0_.container_id=?
14:16:38,335 DEBUG SQL:104 - 
    select
        lazybag0_.container_id as container1_4_1_,
        lazybag0_.contained_id as contained2_9_1_,
        contained1_.container_id as container1_3_0_ 
    from
        LCCBAG lazybag0_ 
    inner join
        Contained contained1_ 
            on lazybag0_.contained_id=contained1_.container_id 
    where
        lazybag0_.container_id=?
14:16:38,335 DEBUG SQL:104 - 
    select
        bag0_.contained_id as contained2_3_0_,
        bag0_.container_id as container1_0_0_ 
    from
        CCBAG bag0_ 
    where
        bag0_.contained_id=?
14:16:38,345 DEBUG SQL:104 - 
    select
        bag0_.contained_id as contained2_3_0_,
        bag0_.container_id as container1_0_0_ 
    from
        CCBAG bag0_ 
    where
        bag0_.contained_id=?
14:16:38,346 DEBUG SQL:104 - 
    update
        Simple 
    set
        container_id1=null,
        list_index=null 
    where
        container_id1=?
14:16:38,346 DEBUG SQL:104 - 
    delete 
    from
        manyToMany 
    where
        container_id2=?
14:16:38,346 DEBUG SQL:104 - 
    delete 
    from
        components 
    where
        container_id=?
14:16:38,355 DEBUG SQL:104 - 
    delete 
    from
        composites 
    where
        container_id=?
14:16:38,355 DEBUG SQL:104 - 
    delete 
    from
        CCBAG 
    where
        contained_id=?
14:16:38,356 DEBUG SQL:104 - 
    delete 
    from
        LCCBAG 
    where
        contained_id=?
14:16:38,356 DEBUG SQL:104 - 
    delete 
    from
        CCBAG 
    where
        contained_id=?
14:16:38,356 DEBUG SQL:104 - 
    delete 
    from
        LCCBAG 
    where
        contained_id=?
14:16:38,367 DEBUG SQL:104 - 
    delete 
    from
        LCCBAG 
    where
        contained_id=?
14:16:38,367 DEBUG SQL:104 - 
    delete 
    from
        LCCBAG 
    where
        contained_id=?
14:16:38,367 DEBUG SQL:104 - 
    delete 
    from
        Container 
    where
        container_id=?
14:16:38,368 DEBUG SQL:104 - 
    delete 
    from
        Contained 
    where
        container_id=?
14:16:38,368 DEBUG SQL:104 - 
    delete 
    from
        Contained 
    where
        container_id=?
14:16:38,368 DEBUG SQL:104 - 
    delete 
    from
        Contained 
    where
        container_id=?
14:16:38,368 DEBUG SQL:104 - 
    delete 
    from
        Contained 
    where
        container_id=?
14:16:38,369  INFO CustomRunner:139 - Test: testCascadeCompositeElements
14:16:38,370 DEBUG SQL:104 - 
    insert 
    into
        Container
        (container_id) 
    values
        (null)
14:16:38,371 DEBUG SQL:104 - 
    insert 
    into
        one
        (one_key, x, one_value) 
    values
        (null, ?, ?)
14:16:38,381 DEBUG SQL:104 - 
    insert 
    into
        many
        (many_key, x, one_key) 
    values
        (null, ?, ?)
14:16:38,382 DEBUG SQL:104 - 
    insert 
    into
        abcd
        (container_id, name, simple, one, many) 
    values
        (?, ?, ?, ?, ?)
14:16:38,383 DEBUG SQL:104 - 
    select
        container0_.container_id as col_0_0_ 
    from
        Container container0_
14:16:38,383 DEBUG SQL:104 - 
    select
        container0_.container_id as container1_4_0_ 
    from
        Container container0_ 
    where
        container0_.container_id=?
14:16:38,384 DEBUG SQL:104 - 
    select
        ternaryset0_.container_id as container1_4_0_,
        ternaryset0_.name as name62_0_,
        ternaryset0_.foo as foo62_0_,
        ternaryset0_.glarch as glarch62_0_ 
    from
        ternarySet ternaryset0_ 
    where
        ternaryset0_.container_id=?
14:16:38,393 DEBUG SQL:104 - 
    select
        ternarymap0_.container_id as container1_4_0_,
        ternarymap0_.name as name61_0_,
        ternarymap0_.foo as foo61_0_,
        ternarymap0_.glarch as glarch61_0_,
        ternarymap0_.idx as idx0_ 
    from
        ternaryMap ternarymap0_ 
    where
        ternarymap0_.container_id=?
14:16:38,394 DEBUG SQL:104 - 
    select
        bag0_.container_id as container1_4_1_,
        bag0_.contained_id as contained2_0_1_,
        contained1_.container_id as container1_3_0_ 
    from
        CCBAG bag0_ 
    inner join
        Contained contained1_ 
            on bag0_.contained_id=contained1_.container_id 
    where
        bag0_.container_id=?
14:16:38,395 DEBUG SQL:104 - 
    select
        cascades0_.container_id as container1_4_5_,
        cascades0_.name as name25_5_,
        cascades0_.simple as simple25_5_,
        cascades0_.one as one25_5_,
        cascades0_.many as many25_5_,
        simple1_.id_ as id1_13_0_,
        simple1_.name as name13_0_,
        simple1_.address as address13_0_,
        simple1_.count_ as count4_13_0_,
        simple1_.date_ as date5_13_0_,
        simple1_.pay as pay13_0_,
        simple1_.other as other13_0_,
        simple2_.id_ as id1_13_1_,
        simple2_.name as name13_1_,
        simple2_.address as address13_1_,
        simple2_.count_ as count4_13_1_,
        simple2_.date_ as date5_13_1_,
        simple2_.pay as pay13_1_,
        simple2_.other as other13_1_,
        one3_.one_key as one1_54_2_,
        one3_.x as x54_2_,
        one3_.one_value as one3_54_2_,
        many4_.many_key as many1_50_3_,
        many4_.x as x50_3_,
        many4_.one_key as one3_50_3_,
        one5_.one_key as one1_54_4_,
        one5_.x as x54_4_,
        one5_.one_value as one3_54_4_ 
    from
        abcd cascades0_ 
    left outer join
        Simple simple1_ 
            on cascades0_.simple=simple1_.id_ 
    left outer join
        Simple simple2_ 
            on simple1_.other=simple2_.id_ 
    inner join
        one one3_ 
            on cascades0_.one=one3_.one_key 
    inner join
        many many4_ 
            on cascades0_.many=many4_.many_key 
    left outer join
        one one5_ 
            on many4_.one_key=one5_.one_key 
    where
        cascades0_.container_id=?
14:16:38,427 DEBUG SQL:104 - 
    update
        Simple 
    set
        container_id1=null,
        list_index=null 
    where
        container_id1=?
14:16:38,427 DEBUG SQL:104 - 
    delete 
    from
        manyToMany 
    where
        container_id2=?
14:16:38,427 DEBUG SQL:104 - 
    delete 
    from
        components 
    where
        container_id=?
14:16:38,428 DEBUG SQL:104 - 
    delete 
    from
        composites 
    where
        container_id=?
14:16:38,437 DEBUG SQL:104 - 
    delete 
    from
        abcd 
    where
        container_id=?
14:16:38,437 DEBUG SQL:104 - 
    delete 
    from
        one 
    where
        one_key=?
14:16:38,437 DEBUG SQL:104 - 
    delete 
    from
        many 
    where
        many_key=?
14:16:38,438 DEBUG SQL:104 - 
    delete 
    from
        Container 
    where
        container_id=?
14:16:38,438 DEBUG SQL:104 - 
    insert 
    into
        Container
        (container_id) 
    values
        (null)
14:16:38,448 DEBUG SQL:104 - 
    insert 
    into
        one
        (one_key, x, one_value) 
    values
        (null, ?, ?)
14:16:38,449 DEBUG SQL:104 - 
    insert 
    into
        many
        (many_key, x, one_key) 
    values
        (null, ?, ?)
14:16:38,449 DEBUG SQL:104 - 
    insert 
    into
        abcd
        (container_id, name, simple, one, many) 
    values
        (?, ?, ?, ?, ?)
14:16:38,449 DEBUG SQL:104 - 
    select
        container0_.container_id as col_0_0_ 
    from
        Container container0_
14:16:38,450 DEBUG SQL:104 - 
    select
        container0_.container_id as container1_4_0_ 
    from
        Container container0_ 
    where
        container0_.container_id=?
14:16:38,459 DEBUG SQL:104 - 
    select
        ternaryset0_.container_id as container1_4_0_,
        ternaryset0_.name as name62_0_,
        ternaryset0_.foo as foo62_0_,
        ternaryset0_.glarch as glarch62_0_ 
    from
        ternarySet ternaryset0_ 
    where
        ternaryset0_.container_id=?
14:16:38,459 DEBUG SQL:104 - 
    select
        ternarymap0_.container_id as container1_4_0_,
        ternarymap0_.name as name61_0_,
        ternarymap0_.foo as foo61_0_,
        ternarymap0_.glarch as glarch61_0_,
        ternarymap0_.idx as idx0_ 
    from
        ternaryMap ternarymap0_ 
    where
        ternarymap0_.container_id=?
14:16:38,460 DEBUG SQL:104 - 
    select
        bag0_.container_id as container1_4_1_,
        bag0_.contained_id as contained2_0_1_,
        contained1_.container_id as container1_3_0_ 
    from
        CCBAG bag0_ 
    inner join
        Contained contained1_ 
            on bag0_.contained_id=contained1_.container_id 
    where
        bag0_.container_id=?
14:16:38,470 DEBUG SQL:104 - 
    select
        cascades0_.container_id as container1_4_5_,
        cascades0_.name as name25_5_,
        cascades0_.simple as simple25_5_,
        cascades0_.one as one25_5_,
        cascades0_.many as many25_5_,
        simple1_.id_ as id1_13_0_,
        simple1_.name as name13_0_,
        simple1_.address as address13_0_,
        simple1_.count_ as count4_13_0_,
        simple1_.date_ as date5_13_0_,
        simple1_.pay as pay13_0_,
        simple1_.other as other13_0_,
        simple2_.id_ as id1_13_1_,
        simple2_.name as name13_1_,
        simple2_.address as address13_1_,
        simple2_.count_ as count4_13_1_,
        simple2_.date_ as date5_13_1_,
        simple2_.pay as pay13_1_,
        simple2_.other as other13_1_,
        one3_.one_key as one1_54_2_,
        one3_.x as x54_2_,
        one3_.one_value as one3_54_2_,
        many4_.many_key as many1_50_3_,
        many4_.x as x50_3_,
        many4_.one_key as one3_50_3_,
        one5_.one_key as one1_54_4_,
        one5_.x as x54_4_,
        one5_.one_value as one3_54_4_ 
    from
        abcd cascades0_ 
    left outer join
        Simple simple1_ 
            on cascades0_.simple=simple1_.id_ 
    left outer join
        Simple simple2_ 
            on simple1_.other=simple2_.id_ 
    inner join
        one one3_ 
            on cascades0_.one=one3_.one_key 
    inner join
        many many4_ 
            on cascades0_.many=many4_.many_key 
    left outer join
        one one5_ 
            on many4_.one_key=one5_.one_key 
    where
        cascades0_.container_id=?
14:16:38,484 DEBUG SQL:104 - 
    update
        Simple 
    set
        container_id1=null,
        list_index=null 
    where
        container_id1=?
14:16:38,492 DEBUG SQL:104 - 
    delete 
    from
        manyToMany 
    where
        container_id2=?
14:16:38,493 DEBUG SQL:104 - 
    delete 
    from
        components 
    where
        container_id=?
14:16:38,493 DEBUG SQL:104 - 
    delete 
    from
        composites 
    where
        container_id=?
14:16:38,493 DEBUG SQL:104 - 
    delete 
    from
        abcd 
    where
        container_id=?
14:16:38,493 DEBUG SQL:104 - 
    delete 
    from
        one 
    where
        one_key=?
14:16:38,493 DEBUG SQL:104 - 
    delete 
    from
        many 
    where
        many_key=?
14:16:38,494 DEBUG SQL:104 - 
    delete 
    from
        Container 
    where
        container_id=?
14:16:38,494  INFO CustomRunner:139 - Test: testCircularCascade
14:16:38,496 DEBUG SQL:104 - 
    insert 
    into
        Circular
        (clazz, other, classname, any_id, id_) 
    values
        (?, ?, ?, ?, ?)
14:16:38,496 DEBUG SQL:104 - 
    insert 
    into
        Circular
        (clazz, other, classname, any_id, id_) 
    values
        (?, ?, ?, ?, ?)
14:16:38,508 DEBUG SQL:104 - 
    insert 
    into
        Circular
        (clazz, other, classname, any_id, id_) 
    values
        (?, ?, ?, ?, ?)
14:16:38,509 DEBUG SQL:104 - 
    update
        Circular 
    set
        other=? 
    where
        id_=?
14:16:38,511 DEBUG SQL:104 - 
    select
        circular0_.id_ as id1_2_1_,
        circular0_.clazz as clazz2_1_,
        circular0_.other as other2_1_,
        circular0_.classname as classname2_1_,
        circular0_.any_id as any5_2_1_,
        circular1_.id_ as id1_2_0_,
        circular1_.clazz as clazz2_0_,
        circular1_.other as other2_0_,
        circular1_.classname as classname2_0_,
        circular1_.any_id as any5_2_0_ 
    from
        Circular circular0_ 
    left outer join
        Circular circular1_ 
            on circular0_.other=circular1_.id_ 
    where
        circular0_.id_=?
14:16:38,519 DEBUG SQL:104 - 
    select
        circular0_.id_ as id1_2_1_,
        circular0_.clazz as clazz2_1_,
        circular0_.other as other2_1_,
        circular0_.classname as classname2_1_,
        circular0_.any_id as any5_2_1_,
        circular1_.id_ as id1_2_0_,
        circular1_.clazz as clazz2_0_,
        circular1_.other as other2_0_,
        circular1_.classname as classname2_0_,
        circular1_.any_id as any5_2_0_ 
    from
        Circular circular0_ 
    left outer join
        Circular circular1_ 
            on circular0_.other=circular1_.id_ 
    where
        circular0_.id_=?
14:16:38,521 DEBUG SQL:104 - 
    update
        Circular 
    set
        clazz=? 
    where
        id_=?
14:16:38,522 DEBUG SQL:104 - 
    update
        Circular 
    set
        clazz=?,
        other=?,
        classname=?,
        any_id=? 
    where
        id_=?
14:16:38,523 DEBUG SQL:104 - 
    update
        Circular 
    set
        clazz=?,
        other=?,
        classname=?,
        any_id=? 
    where
        id_=?
14:16:38,542 DEBUG SQL:104 - 
    update
        Circular 
    set
        clazz=?,
        other=?,
        classname=?,
        any_id=? 
    where
        id_=?
14:16:38,543 DEBUG SQL:104 - 
    update
        Circular 
    set
        clazz=?,
        other=?,
        classname=?,
        any_id=? 
    where
        id_=?
14:16:38,543 DEBUG SQL:104 - 
    update
        Circular 
    set
        clazz=?,
        other=?,
        classname=?,
        any_id=? 
    where
        id_=?
14:16:38,553 DEBUG SQL:104 - 
    update
        Circular 
    set
        clazz=?,
        other=?,
        classname=?,
        any_id=? 
    where
        id_=?
14:16:38,554 DEBUG SQL:104 - 
    select
        circular0_.id_ as id1_2_1_,
        circular0_.clazz as clazz2_1_,
        circular0_.other as other2_1_,
        circular0_.classname as classname2_1_,
        circular0_.any_id as any5_2_1_,
        circular1_.id_ as id1_2_0_,
        circular1_.clazz as clazz2_0_,
        circular1_.other as other2_0_,
        circular1_.classname as classname2_0_,
        circular1_.any_id as any5_2_0_ 
    from
        Circular circular0_ 
    left outer join
        Circular circular1_ 
            on circular0_.other=circular1_.id_ 
    where
        circular0_.id_=?
14:16:38,564 DEBUG SQL:104 - 
    select
        circular0_.id_ as id1_2_1_,
        circular0_.clazz as clazz2_1_,
        circular0_.other as other2_1_,
        circular0_.classname as classname2_1_,
        circular0_.any_id as any5_2_1_,
        circular1_.id_ as id1_2_0_,
        circular1_.clazz as clazz2_0_,
        circular1_.other as other2_0_,
        circular1_.classname as classname2_0_,
        circular1_.any_id as any5_2_0_ 
    from
        Circular circular0_ 
    left outer join
        Circular circular1_ 
            on circular0_.other=circular1_.id_ 
    where
        circular0_.id_=?
14:16:38,568 DEBUG SQL:104 - 
    select
        fum0_.string_ as string1_6_,
        fum0_.short_ as short2_6_,
        fum0_.date_ as date3_6_,
        fum0_.vid as vid6_,
        fum0_.fum as fum6_,
        fum0_.TString as TString6_,
        fum0_.fo_string as fo7_6_,
        fum0_.fo_short as fo8_6_,
        fum0_.fo_date as fo9_6_,
        fum0_.count_ as count10_6_ 
    from
        Fum fum0_
14:16:38,574 DEBUG SQL:104 - 
    select
        fo0_.string_ as string1_39_,
        fo0_.short_ as short2_39_,
        fo0_.date_ as date3_39_,
        fo0_.version as version39_,
        fo0_.serial_ as serial5_39_,
        fo0_.buf as buf39_,
        fo0_.x as x39_ 
    from
        foes fo0_
14:16:38,575 DEBUG SQL:104 - 
    select
        container0_.container_id as container1_4_ 
    from
        Container container0_
14:16:38,575 DEBUG SQL:104 - 
    select
        qux0_.qux_key as qux1_55_,
        qux0_.foo as foo55_,
        qux0_.deleted as deleted55_,
        qux0_.loaded as loaded55_,
        qux0_.stored as stored55_,
        qux0_.created as created55_,
        qux0_.childKey as childKey55_,
        qux0_.stuff as stuff55_,
        qux0_.HOLDER_NAME as HOLDER9_55_ 
    from
        quux qux0_
14:16:38,584 DEBUG SQL:104 - 
    select
        many0_.many_key as many1_50_,
        many0_.x as x50_,
        many0_.one_key as one3_50_ 
    from
        many many0_
14:16:38,584 DEBUG SQL:104 - 
    select
        immutable0_.id_ as id1_47_,
        immutable0_.foo as foo47_,
        immutable0_.bar as bar47_ 
    from
        immut immutable0_
14:16:38,584 DEBUG SQL:104 - 
    select
        child0_.id as id1_,
        child0_.x as x1_,
        child0_.count_ as count3_1_ 
    from
        Child child0_
14:16:38,584 DEBUG SQL:104 - 
    select
        parent0_.id as id11_,
        parent0_.x as x11_,
        parent0_.count_ as count3_11_,
        parent0_.any_id as any4_11_,
        parent0_.any_class as any5_11_ 
    from
        Parent parent0_
14:16:38,594 DEBUG SQL:104 - 
    select
        simple0_.id_ as id1_13_,
        simple0_.name as name13_,
        simple0_.address as address13_,
        simple0_.count_ as count4_13_,
        simple0_.date_ as date5_13_,
        simple0_.pay as pay13_,
        simple0_.other as other13_ 
    from
        Simple simple0_
14:16:38,594 DEBUG SQL:104 - 
    select
        contained0_.container_id as container1_3_ 
    from
        Contained contained0_
14:16:38,595 DEBUG SQL:104 - 
    select
        holder0_.id_ as id1_8_,
        holder0_.name as name8_,
        holder0_.otherHolder as otherHol3_8_ 
    from
        Holder holder0_
14:16:38,595 DEBUG SQL:104 - 
    select
        sortable0_.id as id14_,
        sortable0_.name as name14_ 
    from
        Sortable sortable0_
14:16:38,605 DEBUG SQL:104 - 
    select
        stuff0_.id as id15_,
        stuff0_.foo as foo15_,
        stuff0_.moreInt as moreInt15_,
        stuff0_.moreString as moreString15_,
        stuff0_.property as property15_ 
    from
        Stuff stuff0_
14:16:38,605 DEBUG SQL:104 - 
    select
        vetoer0_.id_ as id1_16_,
        vetoer0_.name as name16_,
        vetoer0_.strings as strings16_ 
    from
        Vetoer vetoer0_
14:16:38,605 DEBUG SQL:104 - 
    select
        morestuff0_.intId as intId10_,
        morestuff0_.stringId as stringId10_,
        morestuff0_.name as name10_ 
    from
        MoreStuff morestuff0_
14:16:38,606 DEBUG SQL:104 - 
    select
        fumm0_.string_ as string1_7_,
        fumm0_.short_ as short2_7_,
        fumm0_.date_ as date3_7_,
        fumm0_.locale as locale7_ 
    from
        Fumm fumm0_
14:16:38,616 DEBUG SQL:104 - 
    select
        foo0_."foo_idcolumnname123" as foo1_20_,
        foo0_.version as version20_,
        foo0_.foo as foo20_,
        foo0_.long_ as long5_20_,
        foo0_."integer__" as integer6_20_,
        foo0_.float_ as float7_20_,
        foo0_.x as x20_,
        foo0_.double_ as double9_20_,
        foo0_.date_ as date10_20_,
        foo0_.timestamp_ as timestamp11_20_,
        foo0_.boolean_ as boolean12_20_,
        foo0_.bool_ as bool13_20_,
        foo0_.null_ as null14_20_,
        foo0_.short_ as short15_20_,
        foo0_.char_ as char16_20_,
        foo0_.zero_ as zero17_20_,
        foo0_.int_ as int18_20_,
        foo0_.string_ as string19_20_,
        foo0_.byte_ as byte20_20_,
        foo0_.yesno as yesno20_,
        foo0_.blobb_ as blobb22_20_,
        foo0_.nullBlob as nullBlob20_,
        foo0_.bin_ as bin24_20_,
        foo0_."localeayzabc123" as localea25_20_,
        foo0_.first_name as first26_20_,
        foo0_.surname as surname20_,
        foo0_.count_ as count28_20_,
        foo0_.name_ as name29_20_,
        foo0_.g__ as g30_20_,
        foo0_.cmpnt_null_ as cmpnt31_20_,
        foo0_.subname as subname20_,
        foo0_.fee_sub as fee33_20_,
        foo0_.null_cmpnt_ as null34_20_,
        foo0_1_.joinedProp as joinedProp49_,
        foo0_2_.dependent as dependent43_,
        foo0_.the_time as the35_20_,
        foo0_.baz as baz20_,
        foo0_.bar_string as bar37_20_,
        foo0_.bar_count as bar38_20_,
        foo0_.name as name20_,
        foo0_.clazz as clazz20_,
        foo0_.gen_id as gen41_20_,
        foo0_3_.name_name as name2_27_,
        foo0_.int_/2 as formula92_,
        foo0_."foo_subclass_1234" as foo2_20_ 
    from
        "foos" foo0_ 
    inner join
        jointable foo0_1_ 
            on foo0_."foo_idcolumnname123"=foo0_1_.fooid 
    inner join
        foo_dep_table foo0_2_ 
            on foo0_."foo_idcolumnname123"=foo0_2_.fooid 
    left outer join
        bar_join_table foo0_3_ 
            on foo0_."foo_idcolumnname123"=foo0_3_.bar_id 
    where
        foo0_."foo_subclass_1234" in (
            'F', 'B', 'T'
        )
14:16:38,619 DEBUG SQL:104 - 
    select
        circular0_.id_ as id1_2_,
        circular0_.clazz as clazz2_,
        circular0_.other as other2_,
        circular0_.classname as classname2_,
        circular0_.any_id as any5_2_ 
    from
        Circular circular0_
14:16:38,630 DEBUG SQL:104 - 
    select
        one0_.one_key as one1_54_,
        one0_.x as x54_,
        one0_.one_value as one3_54_ 
    from
        one one0_
14:16:38,630 DEBUG SQL:104 - 
    select
        fee0_.id_ as id1_24_,
        fee0_.fi as fi24_,
        fee0_.fee as fee24_,
        fee0_.anotherFee as anotherFee24_,
        fee0_.qux as qux24_,
        fee0_.count_ as count6_24_,
        fee0_.name as name24_,
        fee0_.null_prop as null8_24_ 
    from
        "the fees" fee0_
14:16:38,631 DEBUG SQL:104 - 
    select
        baz0_.baz_id_column_ as baz1_28_,
        baz0_.count_count as count2_28_,
        baz0_.name_b as name3_28_,
        baz0_.foo as foo28_,
        baz0_.superBaz as superBaz28_,
        baz0_."str" as str6_28_ 
    from
        baz baz0_
14:16:38,643 DEBUG SQL:104 - 
    select
        part0_.id as id12_,
        part0_.description as descript3_12_,
        part0_.clazz as clazz12_ 
    from
        Part part0_ 
    where
        (
            part0_.description like 'x%'
        )
14:16:38,643 DEBUG SQL:104 - 
    select
        glarch0_.tha_key as tha1_21_,
        glarch0_.version as version21_,
        glarch0_.namecvbnmasdf as namecvbn3_21_,
        glarch0_.next_ as next4_21_,
        glarch0_.order_ as order5_21_,
        glarch0_.foo as foo21_,
        glarch0_.bar as bar21_,
        glarch0_.x as x21_,
        glarch0_.immutable as immutable21_,
        glarch0_."any_id_of_object" as any10_21_,
        glarch0_."any_class_of_object" as any11_21_,
        glarch0_.count_ as count12_21_,
        glarch0_.glarch_ as glarch13_21_ 
    from
        "glarchez" glarch0_
14:16:38,643 DEBUG SQL:104 - 
    update
        Circular 
    set
        other=? 
    where
        id_=?
14:16:38,654 DEBUG SQL:104 - 
    update
        Circular 
    set
        other=?,
        classname=?,
        any_id=? 
    where
        id_=?
14:16:38,654 DEBUG SQL:104 - 
    delete 
    from
        Circular 
    where
        id_=?
14:16:38,663 DEBUG SQL:104 - 
    delete 
    from
        Circular 
    where
        id_=?
14:16:38,664 DEBUG SQL:104 - 
    delete 
    from
        Circular 
    where
        id_=?
14:16:38,664  INFO CustomRunner:139 - Test: testClassWhere
14:16:38,665 DEBUG SQL:104 - 
    insert 
    into
        baz
        (count_count, name_b, foo, superBaz, "str", baz_id_column_) 
    values
        (?, ?, ?, ?, ?, ?)
14:16:38,666 DEBUG SQL:104 - 
    insert 
    into
        Part
        (id, description, clazz) 
    values
        (null, ?, 'org.hibernate.test.legacy.Part')
14:16:38,673 DEBUG SQL:104 - 
    insert 
    into
        Part
        (id, description, clazz) 
    values
        (null, ?, 'org.hibernate.test.legacy.Part')
14:16:38,675 DEBUG SQL:104 - 
    update
        Part 
    set
        baz=? 
    where
        id=?
14:16:38,676 DEBUG SQL:104 - 
    update
        Part 
    set
        baz=? 
    where
        id=?
14:16:38,676 DEBUG SQL:104 - 
    select
        this_.id as id12_0_,
        this_.description as descript3_12_0_,
        this_.clazz as clazz12_0_ 
    from
        Part this_ 
    where
        (
            this_.description like 'x%'
        )
14:16:38,686 DEBUG SQL:104 - 
    select
        this_.id as id12_0_,
        this_.description as descript3_12_0_,
        this_.clazz as clazz12_0_ 
    from
        Part this_ 
    where
        (
            this_.description like 'x%'
        ) 
        and this_.id=?
14:16:38,687 DEBUG SQL:104 - 
    select
        part0_.id as id12_,
        part0_.description as descript3_12_,
        part0_.clazz as clazz12_ 
    from
        Part part0_ 
    where
        (
            part0_.description like 'x%'
        )
14:16:38,688 DEBUG SQL:104 - 
    select
        baz0_.baz_id_column_ as baz1_28_0_,
        parts1_.id as id12_1_,
        baz0_.count_count as count2_28_0_,
        baz0_.name_b as name3_28_0_,
        baz0_.foo as foo28_0_,
        baz0_.superBaz as superBaz28_0_,
        baz0_."str" as str6_28_0_,
        parts1_.description as descript3_12_1_,
        parts1_.clazz as clazz12_1_ 
    from
        baz baz0_ 
    inner join
        Part parts1_ 
            on baz0_.baz_id_column_=parts1_.baz
14:16:38,697 DEBUG SQL:104 - 
    select
        intarray0_.id as id28_0_,
        intarray0_.j as j48_0_,
        intarray0_.i as i0_ 
    from
        int_array intarray0_ 
    where
        intarray0_.id=?
14:16:38,698 DEBUG SQL:104 - 
    select
        components0_.baz_id as baz1_28_0_,
        components0_.name as name33_0_,
        components0_.count_ as count3_33_0_,
        components0_.x_ as x4_33_0_,
        components0_.y_ as y5_33_0_,
        components0_.i as i0_ 
    from
        bazcomponents components0_ 
    where
        components0_.baz_id=?
14:16:38,707 DEBUG SQL:104 - 
    select
        timearray0_.baz_id as baz1_28_0_,
        timearray0_.the_time as the2_63_0_,
        timearray0_.j as j0_ 
    from
        timeArray timearray0_ 
    where
        timearray0_.baz_id=?
14:16:38,708 DEBUG SQL:104 - 
    select
        fooarray0_.id_ as id1_28_0_,
        fooarray0_.foo as foo5_0_,
        fooarray0_.i as i0_ 
    from
        FOO_ARRAY fooarray0_ 
    where
        (
            fooarray0_.i<8
        )  
        and fooarray0_.id_=?
14:16:38,708 DEBUG SQL:104 - 
    select
        stringarra0_.id_ as id1_28_0_,
        stringarra0_.name as name56_0_,
        stringarra0_.i as i0_ 
    from
        stringArray stringarra0_ 
    where
        stringarra0_.id_=?
14:16:38,717 DEBUG SQL:104 - 
    select
        floats0_.baz_compon_id as baz1_28_0_,
        floats0_.float_value as float2_30_0_ 
    from
        baz_floats_bag floats0_ 
    where
        floats0_.baz_compon_id=?
14:16:38,718 DEBUG SQL:104 - 
    select
        foos0_.baz_compon_id as baz46_28_8_,
        foos0_."foo_idcolumnname123" as foo1_20_8_,
        foos0_."foo_idcolumnname123" as foo1_20_7_,
        foos0_.version as version20_7_,
        foos0_.foo as foo20_7_,
        foos0_.long_ as long5_20_7_,
        foos0_."integer__" as integer6_20_7_,
        foos0_.float_ as float7_20_7_,
        foos0_.x as x20_7_,
        foos0_.double_ as double9_20_7_,
        foos0_.date_ as date10_20_7_,
        foos0_.timestamp_ as timestamp11_20_7_,
        foos0_.boolean_ as boolean12_20_7_,
        foos0_.bool_ as bool13_20_7_,
        foos0_.null_ as null14_20_7_,
        foos0_.short_ as short15_20_7_,
        foos0_.char_ as char16_20_7_,
        foos0_.zero_ as zero17_20_7_,
        foos0_.int_ as int18_20_7_,
        foos0_.string_ as string19_20_7_,
        foos0_.byte_ as byte20_20_7_,
        foos0_.yesno as yesno20_7_,
        foos0_.blobb_ as blobb22_20_7_,
        foos0_.nullBlob as nullBlob20_7_,
        foos0_.bin_ as bin24_20_7_,
        foos0_."localeayzabc123" as localea25_20_7_,
        foos0_.first_name as first26_20_7_,
        foos0_.surname as surname20_7_,
        foos0_.count_ as count28_20_7_,
        foos0_.name_ as name29_20_7_,
        foos0_.g__ as g30_20_7_,
        foos0_.cmpnt_null_ as cmpnt31_20_7_,
        foos0_.subname as subname20_7_,
        foos0_.fee_sub as fee33_20_7_,
        foos0_.null_cmpnt_ as null34_20_7_,
        foos0_1_.joinedProp as joinedProp49_7_,
        foos0_2_.dependent as dependent43_7_,
        foos0_.the_time as the35_20_7_,
        foos0_.baz as baz20_7_,
        foos0_.bar_string as bar37_20_7_,
        foos0_.bar_count as bar38_20_7_,
        foos0_.name as name20_7_,
        foos0_.clazz as clazz20_7_,
        foos0_.gen_id as gen41_20_7_,
        foos0_3_.name_name as name2_27_7_,
        foos0_.int_/2 as formula92_7_,
        foos0_."foo_subclass_1234" as foo2_20_7_,
        glarch1_.tha_key as tha1_21_0_,
        glarch1_.version as version21_0_,
        glarch1_.namecvbnmasdf as namecvbn3_21_0_,
        glarch1_.next_ as next4_21_0_,
        glarch1_.order_ as order5_21_0_,
        glarch1_.foo as foo21_0_,
        glarch1_.bar as bar21_0_,
        glarch1_.x as x21_0_,
        glarch1_.immutable as immutable21_0_,
        glarch1_."any_id_of_object" as any10_21_0_,
        glarch1_."any_class_of_object" as any11_21_0_,
        glarch1_.count_ as count12_21_0_,
        glarch1_.glarch_ as glarch13_21_0_,
        fee2_.id_ as id1_24_1_,
        fee2_.fi as fi24_1_,
        fee2_.fee as fee24_1_,
        fee2_.anotherFee as anotherFee24_1_,
        fee2_.qux as qux24_1_,
        fee2_.count_ as count6_24_1_,
        fee2_.name as name24_1_,
        fee2_.null_prop as null8_24_1_,
        fee3_.id_ as id1_24_2_,
        fee3_.fi as fi24_2_,
        fee3_.fee as fee24_2_,
        fee3_.anotherFee as anotherFee24_2_,
        fee3_.qux as qux24_2_,
        fee3_.count_ as count6_24_2_,
        fee3_.name as name24_2_,
        fee3_.null_prop as null8_24_2_,
        fee4_.id_ as id1_24_3_,
        fee4_.fi as fi24_3_,
        fee4_.fee as fee24_3_,
        fee4_.anotherFee as anotherFee24_3_,
        fee4_.qux as qux24_3_,
        fee4_.count_ as count6_24_3_,
        fee4_.name as name24_3_,
        fee4_.null_prop as null8_24_3_,
        baz5_.baz_id_column_ as baz1_28_4_,
        baz5_.count_count as count2_28_4_,
        baz5_.name_b as name3_28_4_,
        baz5_.foo as foo28_4_,
        baz5_.superBaz as superBaz28_4_,
        baz5_."str" as str6_28_4_,
        foo6_."foo_idcolumnname123" as foo1_20_5_,
        foo6_.version as version20_5_,
        foo6_.foo as foo20_5_,
        foo6_.long_ as long5_20_5_,
        foo6_."integer__" as integer6_20_5_,
        foo6_.float_ as float7_20_5_,
        foo6_.x as x20_5_,
        foo6_.double_ as double9_20_5_,
        foo6_.date_ as date10_20_5_,
        foo6_.timestamp_ as timestamp11_20_5_,
        foo6_.boolean_ as boolean12_20_5_,
        foo6_.bool_ as bool13_20_5_,
        foo6_.null_ as null14_20_5_,
        foo6_.short_ as short15_20_5_,
        foo6_.char_ as char16_20_5_,
        foo6_.zero_ as zero17_20_5_,
        foo6_.int_ as int18_20_5_,
        foo6_.string_ as string19_20_5_,
        foo6_.byte_ as byte20_20_5_,
        foo6_.yesno as yesno20_5_,
        foo6_.blobb_ as blobb22_20_5_,
        foo6_.nullBlob as nullBlob20_5_,
        foo6_.bin_ as bin24_20_5_,
        foo6_."localeayzabc123" as localea25_20_5_,
        foo6_.first_name as first26_20_5_,
        foo6_.surname as surname20_5_,
        foo6_.count_ as count28_20_5_,
        foo6_.name_ as name29_20_5_,
        foo6_.g__ as g30_20_5_,
        foo6_.cmpnt_null_ as cmpnt31_20_5_,
        foo6_.subname as subname20_5_,
        foo6_.fee_sub as fee33_20_5_,
        foo6_.null_cmpnt_ as null34_20_5_,
        foo6_1_.joinedProp as joinedProp49_5_,
        foo6_2_.dependent as dependent43_5_,
        foo6_.the_time as the35_20_5_,
        foo6_.baz as baz20_5_,
        foo6_.bar_string as bar37_20_5_,
        foo6_.bar_count as bar38_20_5_,
        foo6_.name as name20_5_,
        foo6_.clazz as clazz20_5_,
        foo6_.gen_id as gen41_20_5_,
        foo6_3_.name_name as name2_27_5_,
        foo6_.int_/2 as formula92_5_,
        foo6_."foo_subclass_1234" as foo2_20_5_,
        baz7_.baz_id_column_ as baz1_28_6_,
        baz7_.count_count as count2_28_6_,
        baz7_.name_b as name3_28_6_,
        baz7_.foo as foo28_6_,
        baz7_.superBaz as superBaz28_6_,
        baz7_."str" as str6_28_6_ 
    from
        "foos" foos0_ 
    inner join
        jointable foos0_1_ 
            on foos0_."foo_idcolumnname123"=foos0_1_.fooid 
    inner join
        foo_dep_table foos0_2_ 
            on foos0_."foo_idcolumnname123"=foos0_2_.fooid 
    left outer join
        bar_join_table foos0_3_ 
            on foos0_."foo_idcolumnname123"=foos0_3_.bar_id 
    left outer join
        "glarchez" glarch1_ 
            on foos0_.g__=glarch1_.tha_key 
    inner join
        "the fees" fee2_ 
            on foos0_2_.dependent=fee2_.id_ 
    left outer join
        "the fees" fee3_ 
            on fee2_.fee=fee3_.id_ 
    left outer join
        "the fees" fee4_ 
            on fee3_.anotherFee=fee4_.id_ 
    left outer join
        baz baz5_ 
            on foos0_.baz=baz5_.baz_id_column_ 
    left outer join
        "foos" foo6_ 
            on baz5_.foo=foo6_."foo_idcolumnname123" 
    left outer join
        jointable foo6_1_ 
            on foo6_."foo_idcolumnname123"=foo6_1_.fooid 
    left outer join
        foo_dep_table foo6_2_ 
            on foo6_."foo_idcolumnname123"=foo6_2_.fooid 
    left outer join
        bar_join_table foo6_3_ 
            on foo6_."foo_idcolumnname123"=foo6_3_.bar_id 
    left outer join
        baz baz7_ 
            on baz5_.superBaz=baz7_.baz_id_column_ 
    where
        foos0_."foo_subclass_1234" in (
            'F', 'B', 'T'
        ) 
        and foos0_.baz_compon_id=?
14:16:38,786 DEBUG SQL:104 - 
    select
        subs0_.superBaz as superBaz28_7_,
        subs0_.baz_id_column_ as baz1_28_7_,
        subs0_.baz_id_column_ as baz1_28_6_,
        subs0_.count_count as count2_28_6_,
        subs0_.name_b as name3_28_6_,
        subs0_.foo as foo28_6_,
        subs0_.superBaz as superBaz28_6_,
        subs0_."str" as str6_28_6_,
        foo1_."foo_idcolumnname123" as foo1_20_0_,
        foo1_.version as version20_0_,
        foo1_.foo as foo20_0_,
        foo1_.long_ as long5_20_0_,
        foo1_."integer__" as integer6_20_0_,
        foo1_.float_ as float7_20_0_,
        foo1_.x as x20_0_,
        foo1_.double_ as double9_20_0_,
        foo1_.date_ as date10_20_0_,
        foo1_.timestamp_ as timestamp11_20_0_,
        foo1_.boolean_ as boolean12_20_0_,
        foo1_.bool_ as bool13_20_0_,
        foo1_.null_ as null14_20_0_,
        foo1_.short_ as short15_20_0_,
        foo1_.char_ as char16_20_0_,
        foo1_.zero_ as zero17_20_0_,
        foo1_.int_ as int18_20_0_,
        foo1_.string_ as string19_20_0_,
        foo1_.byte_ as byte20_20_0_,
        foo1_.yesno as yesno20_0_,
        foo1_.blobb_ as blobb22_20_0_,
        foo1_.nullBlob as nullBlob20_0_,
        foo1_.bin_ as bin24_20_0_,
        foo1_."localeayzabc123" as localea25_20_0_,
        foo1_.first_name as first26_20_0_,
        foo1_.surname as surname20_0_,
        foo1_.count_ as count28_20_0_,
        foo1_.name_ as name29_20_0_,
        foo1_.g__ as g30_20_0_,
        foo1_.cmpnt_null_ as cmpnt31_20_0_,
        foo1_.subname as subname20_0_,
        foo1_.fee_sub as fee33_20_0_,
        foo1_.null_cmpnt_ as null34_20_0_,
        foo1_1_.joinedProp as joinedProp49_0_,
        foo1_2_.dependent as dependent43_0_,
        foo1_.the_time as the35_20_0_,
        foo1_.baz as baz20_0_,
        foo1_.bar_string as bar37_20_0_,
        foo1_.bar_count as bar38_20_0_,
        foo1_.name as name20_0_,
        foo1_.clazz as clazz20_0_,
        foo1_.gen_id as gen41_20_0_,
        foo1_3_.name_name as name2_27_0_,
        foo1_.int_/2 as formula92_0_,
        foo1_."foo_subclass_1234" as foo2_20_0_,
        glarch2_.tha_key as tha1_21_1_,
        glarch2_.version as version21_1_,
        glarch2_.namecvbnmasdf as namecvbn3_21_1_,
        glarch2_.next_ as next4_21_1_,
        glarch2_.order_ as order5_21_1_,
        glarch2_.foo as foo21_1_,
        glarch2_.bar as bar21_1_,
        glarch2_.x as x21_1_,
        glarch2_.immutable as immutable21_1_,
        glarch2_."any_id_of_object" as any10_21_1_,
        glarch2_."any_class_of_object" as any11_21_1_,
        glarch2_.count_ as count12_21_1_,
        glarch2_.glarch_ as glarch13_21_1_,
        fee3_.id_ as id1_24_2_,
        fee3_.fi as fi24_2_,
        fee3_.fee as fee24_2_,
        fee3_.anotherFee as anotherFee24_2_,
        fee3_.qux as qux24_2_,
        fee3_.count_ as count6_24_2_,
        fee3_.name as name24_2_,
        fee3_.null_prop as null8_24_2_,
        fee4_.id_ as id1_24_3_,
        fee4_.fi as fi24_3_,
        fee4_.fee as fee24_3_,
        fee4_.anotherFee as anotherFee24_3_,
        fee4_.qux as qux24_3_,
        fee4_.count_ as count6_24_3_,
        fee4_.name as name24_3_,
        fee4_.null_prop as null8_24_3_,
        fee5_.id_ as id1_24_4_,
        fee5_.fi as fi24_4_,
        fee5_.fee as fee24_4_,
        fee5_.anotherFee as anotherFee24_4_,
        fee5_.qux as qux24_4_,
        fee5_.count_ as count6_24_4_,
        fee5_.name as name24_4_,
        fee5_.null_prop as null8_24_4_,
        baz6_.baz_id_column_ as baz1_28_5_,
        baz6_.count_count as count2_28_5_,
        baz6_.name_b as name3_28_5_,
        baz6_.foo as foo28_5_,
        baz6_.superBaz as superBaz28_5_,
        baz6_."str" as str6_28_5_ 
    from
        baz subs0_ 
    left outer join
        "foos" foo1_ 
            on subs0_.foo=foo1_."foo_idcolumnname123" 
    left outer join
        jointable foo1_1_ 
            on foo1_."foo_idcolumnname123"=foo1_1_.fooid 
    left outer join
        foo_dep_table foo1_2_ 
            on foo1_."foo_idcolumnname123"=foo1_2_.fooid 
    left outer join
        bar_join_table foo1_3_ 
            on foo1_."foo_idcolumnname123"=foo1_3_.bar_id 
    left outer join
        "glarchez" glarch2_ 
            on foo1_.g__=glarch2_.tha_key 
    left outer join
        "the fees" fee3_ 
            on foo1_2_.dependent=fee3_.id_ 
    left outer join
        "the fees" fee4_ 
            on fee3_.fee=fee4_.id_ 
    left outer join
        "the fees" fee5_ 
            on fee4_.anotherFee=fee5_.id_ 
    left outer join
        baz baz6_ 
            on foo1_.baz=baz6_.baz_id_column_ 
    where
        subs0_.superBaz=?
14:16:38,828 DEBUG SQL:104 - 
    select
        sortablez0_.baz as baz28_1_,
        sortablez0_.id as id14_1_,
        sortablez0_.id as id14_0_,
        sortablez0_.name as name14_0_ 
    from
        Sortable sortablez0_ 
    where
        sortablez0_.baz=?
14:16:38,829 DEBUG SQL:104 - 
    select
        stringglar0_.baz_map_id as baz18_28_1_,
        stringglar0_.tha_key as tha1_21_1_,
        stringglar0_.baz_map_index as baz19_1_,
        stringglar0_.tha_key as tha1_21_0_,
        stringglar0_.version as version21_0_,
        stringglar0_.namecvbnmasdf as namecvbn3_21_0_,
        stringglar0_.next_ as next4_21_0_,
        stringglar0_.order_ as order5_21_0_,
        stringglar0_.foo as foo21_0_,
        stringglar0_.bar as bar21_0_,
        stringglar0_.x as x21_0_,
        stringglar0_.immutable as immutable21_0_,
        stringglar0_."any_id_of_object" as any10_21_0_,
        stringglar0_."any_class_of_object" as any11_21_0_,
        stringglar0_.count_ as count12_21_0_,
        stringglar0_.glarch_ as glarch13_21_0_ 
    from
        "glarchez" stringglar0_ 
    where
        (
            stringglar0_.baz_map_index > 'a' 
            and stringglar0_.tha_key is not null
        )  
        and stringglar0_.baz_map_id=?
14:16:38,838 DEBUG SQL:104 - 
    select
        cachedmap0_.baz as baz28_0_,
        cachedmap0_.foo as foo34_0_,
        cachedmap0_.bar as bar34_0_,
        cachedmap0_.another_baz as another4_0_ 
    from
        cached_map cachedmap0_ 
    where
        cachedmap0_.baz=?
14:16:38,839 DEBUG SQL:104 - 
    select
        cached0_.baz as baz28_0_,
        cached0_.foo as foo35_0_,
        cached0_.bar as bar35_0_ 
    from
        cached_set cached0_ 
    where
        cached0_.baz=?
14:16:38,849 DEBUG SQL:104 - 
    select
        topglarche0_.idtopglarch as idtopgl16_28_1_,
        topglarche0_.tha_key as tha1_21_1_,
        topglarche0_.mapkey as mapkey1_,
        topglarche0_.tha_key as tha1_21_0_,
        topglarche0_.version as version21_0_,
        topglarche0_.namecvbnmasdf as namecvbn3_21_0_,
        topglarche0_.next_ as next4_21_0_,
        topglarche0_.order_ as order5_21_0_,
        topglarche0_.foo as foo21_0_,
        topglarche0_.bar as bar21_0_,
        topglarche0_.x as x21_0_,
        topglarche0_.immutable as immutable21_0_,
        topglarche0_."any_id_of_object" as any10_21_0_,
        topglarche0_."any_class_of_object" as any11_21_0_,
        topglarche0_.count_ as count12_21_0_,
        topglarche0_.glarch_ as glarch13_21_0_ 
    from
        "glarchez" topglarche0_ 
    where
        topglarche0_.idtopglarch=?
14:16:38,850 DEBUG SQL:104 - 
    select
        cascadingb0_.idofbaz as idofbaz28_8_,
        cascadingb0_."foo_idcolumnname123" as foo1_20_8_,
        cascadingb0_."foo_idcolumnname123" as foo1_20_7_,
        cascadingb0_.version as version20_7_,
        cascadingb0_.foo as foo20_7_,
        cascadingb0_.long_ as long5_20_7_,
        cascadingb0_."integer__" as integer6_20_7_,
        cascadingb0_.float_ as float7_20_7_,
        cascadingb0_.x as x20_7_,
        cascadingb0_.double_ as double9_20_7_,
        cascadingb0_.date_ as date10_20_7_,
        cascadingb0_.timestamp_ as timestamp11_20_7_,
        cascadingb0_.boolean_ as boolean12_20_7_,
        cascadingb0_.bool_ as bool13_20_7_,
        cascadingb0_.null_ as null14_20_7_,
        cascadingb0_.short_ as short15_20_7_,
        cascadingb0_.char_ as char16_20_7_,
        cascadingb0_.zero_ as zero17_20_7_,
        cascadingb0_.int_ as int18_20_7_,
        cascadingb0_.string_ as string19_20_7_,
        cascadingb0_.byte_ as byte20_20_7_,
        cascadingb0_.yesno as yesno20_7_,
        cascadingb0_.blobb_ as blobb22_20_7_,
        cascadingb0_.nullBlob as nullBlob20_7_,
        cascadingb0_.bin_ as bin24_20_7_,
        cascadingb0_."localeayzabc123" as localea25_20_7_,
        cascadingb0_.first_name as first26_20_7_,
        cascadingb0_.surname as surname20_7_,
        cascadingb0_.count_ as count28_20_7_,
        cascadingb0_.name_ as name29_20_7_,
        cascadingb0_.g__ as g30_20_7_,
        cascadingb0_.cmpnt_null_ as cmpnt31_20_7_,
        cascadingb0_.subname as subname20_7_,
        cascadingb0_.fee_sub as fee33_20_7_,
        cascadingb0_.null_cmpnt_ as null34_20_7_,
        cascadingb0_1_.joinedProp as joinedProp49_7_,
        cascadingb0_2_.dependent as dependent43_7_,
        cascadingb0_.the_time as the35_20_7_,
        cascadingb0_.baz as baz20_7_,
        cascadingb0_.bar_string as bar37_20_7_,
        cascadingb0_.bar_count as bar38_20_7_,
        cascadingb0_.name as name20_7_,
        cascadingb0_.clazz as clazz20_7_,
        cascadingb0_.gen_id as gen41_20_7_,
        cascadingb0_3_.name_name as name2_27_7_,
        cascadingb0_.int_/2 as formula92_7_,
        glarch1_.tha_key as tha1_21_0_,
        glarch1_.version as version21_0_,
        glarch1_.namecvbnmasdf as namecvbn3_21_0_,
        glarch1_.next_ as next4_21_0_,
        glarch1_.order_ as order5_21_0_,
        glarch1_.foo as foo21_0_,
        glarch1_.bar as bar21_0_,
        glarch1_.x as x21_0_,
        glarch1_.immutable as immutable21_0_,
        glarch1_."any_id_of_object" as any10_21_0_,
        glarch1_."any_class_of_object" as any11_21_0_,
        glarch1_.count_ as count12_21_0_,
        glarch1_.glarch_ as glarch13_21_0_,
        fee2_.id_ as id1_24_1_,
        fee2_.fi as fi24_1_,
        fee2_.fee as fee24_1_,
        fee2_.anotherFee as anotherFee24_1_,
        fee2_.qux as qux24_1_,
        fee2_.count_ as count6_24_1_,
        fee2_.name as name24_1_,
        fee2_.null_prop as null8_24_1_,
        fee3_.id_ as id1_24_2_,
        fee3_.fi as fi24_2_,
        fee3_.fee as fee24_2_,
        fee3_.anotherFee as anotherFee24_2_,
        fee3_.qux as qux24_2_,
        fee3_.count_ as count6_24_2_,
        fee3_.name as name24_2_,
        fee3_.null_prop as null8_24_2_,
        fee4_.id_ as id1_24_3_,
        fee4_.fi as fi24_3_,
        fee4_.fee as fee24_3_,
        fee4_.anotherFee as anotherFee24_3_,
        fee4_.qux as qux24_3_,
        fee4_.count_ as count6_24_3_,
        fee4_.name as name24_3_,
        fee4_.null_prop as null8_24_3_,
        baz5_.baz_id_column_ as baz1_28_4_,
        baz5_.count_count as count2_28_4_,
        baz5_.name_b as name3_28_4_,
        baz5_.foo as foo28_4_,
        baz5_.superBaz as superBaz28_4_,
        baz5_."str" as str6_28_4_,
        foo6_."foo_idcolumnname123" as foo1_20_5_,
        foo6_.version as version20_5_,
        foo6_.foo as foo20_5_,
        foo6_.long_ as long5_20_5_,
        foo6_."integer__" as integer6_20_5_,
        foo6_.float_ as float7_20_5_,
        foo6_.x as x20_5_,
        foo6_.double_ as double9_20_5_,
        foo6_.date_ as date10_20_5_,
        foo6_.timestamp_ as timestamp11_20_5_,
        foo6_.boolean_ as boolean12_20_5_,
        foo6_.bool_ as bool13_20_5_,
        foo6_.null_ as null14_20_5_,
        foo6_.short_ as short15_20_5_,
        foo6_.char_ as char16_20_5_,
        foo6_.zero_ as zero17_20_5_,
        foo6_.int_ as int18_20_5_,
        foo6_.string_ as string19_20_5_,
        foo6_.byte_ as byte20_20_5_,
        foo6_.yesno as yesno20_5_,
        foo6_.blobb_ as blobb22_20_5_,
        foo6_.nullBlob as nullBlob20_5_,
        foo6_.bin_ as bin24_20_5_,
        foo6_."localeayzabc123" as localea25_20_5_,
        foo6_.first_name as first26_20_5_,
        foo6_.surname as surname20_5_,
        foo6_.count_ as count28_20_5_,
        foo6_.name_ as name29_20_5_,
        foo6_.g__ as g30_20_5_,
        foo6_.cmpnt_null_ as cmpnt31_20_5_,
        foo6_.subname as subname20_5_,
        foo6_.fee_sub as fee33_20_5_,
        foo6_.null_cmpnt_ as null34_20_5_,
        foo6_1_.joinedProp as joinedProp49_5_,
        foo6_2_.dependent as dependent43_5_,
        foo6_.the_time as the35_20_5_,
        foo6_.baz as baz20_5_,
        foo6_.bar_string as bar37_20_5_,
        foo6_.bar_count as bar38_20_5_,
        foo6_.name as name20_5_,
        foo6_.clazz as clazz20_5_,
        foo6_.gen_id as gen41_20_5_,
        foo6_3_.name_name as name2_27_5_,
        foo6_.int_/2 as formula92_5_,
        foo6_."foo_subclass_1234" as foo2_20_5_,
        baz7_.baz_id_column_ as baz1_28_6_,
        baz7_.count_count as count2_28_6_,
        baz7_.name_b as name3_28_6_,
        baz7_.foo as foo28_6_,
        baz7_.superBaz as superBaz28_6_,
        baz7_."str" as str6_28_6_ 
    from
        "foos" cascadingb0_ 
    inner join
        jointable cascadingb0_1_ 
            on cascadingb0_."foo_idcolumnname123"=cascadingb0_1_.fooid 
    inner join
        foo_dep_table cascadingb0_2_ 
            on cascadingb0_."foo_idcolumnname123"=cascadingb0_2_.fooid 
    inner join
        bar_join_table cascadingb0_3_ 
            on cascadingb0_."foo_idcolumnname123"=cascadingb0_3_.bar_id 
    left outer join
        "glarchez" glarch1_ 
            on cascadingb0_.g__=glarch1_.tha_key 
    inner join
        "the fees" fee2_ 
            on cascadingb0_2_.dependent=fee2_.id_ 
    left outer join
        "the fees" fee3_ 
            on fee2_.fee=fee3_.id_ 
    left outer join
        "the fees" fee4_ 
            on fee3_.anotherFee=fee4_.id_ 
    left outer join
        baz baz5_ 
            on cascadingb0_.baz=baz5_.baz_id_column_ 
    left outer join
        "foos" foo6_ 
            on baz5_.foo=foo6_."foo_idcolumnname123" 
    left outer join
        jointable foo6_1_ 
            on foo6_."foo_idcolumnname123"=foo6_1_.fooid 
    left outer join
        foo_dep_table foo6_2_ 
            on foo6_."foo_idcolumnname123"=foo6_2_.fooid 
    left outer join
        bar_join_table foo6_3_ 
            on foo6_."foo_idcolumnname123"=foo6_3_.bar_id 
    left outer join
        baz baz7_ 
            on baz5_.superBaz=baz7_.baz_id_column_ 
    where
        cascadingb0_."foo_subclass_1234"='B' 
        and cascadingb0_.idofbaz=?
14:16:38,918 DEBUG SQL:104 - 
    select
        topfoos0_.idtopbar as idtopbar28_8_,
        topfoos0_."foo_idcolumnname123" as foo1_20_8_,
        topfoos0_."foo_idcolumnname123" as foo1_20_7_,
        topfoos0_.version as version20_7_,
        topfoos0_.foo as foo20_7_,
        topfoos0_.long_ as long5_20_7_,
        topfoos0_."integer__" as integer6_20_7_,
        topfoos0_.float_ as float7_20_7_,
        topfoos0_.x as x20_7_,
        topfoos0_.double_ as double9_20_7_,
        topfoos0_.date_ as date10_20_7_,
        topfoos0_.timestamp_ as timestamp11_20_7_,
        topfoos0_.boolean_ as boolean12_20_7_,
        topfoos0_.bool_ as bool13_20_7_,
        topfoos0_.null_ as null14_20_7_,
        topfoos0_.short_ as short15_20_7_,
        topfoos0_.char_ as char16_20_7_,
        topfoos0_.zero_ as zero17_20_7_,
        topfoos0_.int_ as int18_20_7_,
        topfoos0_.string_ as string19_20_7_,
        topfoos0_.byte_ as byte20_20_7_,
        topfoos0_.yesno as yesno20_7_,
        topfoos0_.blobb_ as blobb22_20_7_,
        topfoos0_.nullBlob as nullBlob20_7_,
        topfoos0_.bin_ as bin24_20_7_,
        topfoos0_."localeayzabc123" as localea25_20_7_,
        topfoos0_.first_name as first26_20_7_,
        topfoos0_.surname as surname20_7_,
        topfoos0_.count_ as count28_20_7_,
        topfoos0_.name_ as name29_20_7_,
        topfoos0_.g__ as g30_20_7_,
        topfoos0_.cmpnt_null_ as cmpnt31_20_7_,
        topfoos0_.subname as subname20_7_,
        topfoos0_.fee_sub as fee33_20_7_,
        topfoos0_.null_cmpnt_ as null34_20_7_,
        topfoos0_1_.joinedProp as joinedProp49_7_,
        topfoos0_2_.dependent as dependent43_7_,
        topfoos0_.the_time as the35_20_7_,
        topfoos0_.baz as baz20_7_,
        topfoos0_.bar_string as bar37_20_7_,
        topfoos0_.bar_count as bar38_20_7_,
        topfoos0_.name as name20_7_,
        topfoos0_.clazz as clazz20_7_,
        topfoos0_.gen_id as gen41_20_7_,
        topfoos0_3_.name_name as name2_27_7_,
        topfoos0_.int_/2 as formula92_7_,
        glarch1_.tha_key as tha1_21_0_,
        glarch1_.version as version21_0_,
        glarch1_.namecvbnmasdf as namecvbn3_21_0_,
        glarch1_.next_ as next4_21_0_,
        glarch1_.order_ as order5_21_0_,
        glarch1_.foo as foo21_0_,
        glarch1_.bar as bar21_0_,
        glarch1_.x as x21_0_,
        glarch1_.immutable as immutable21_0_,
        glarch1_."any_id_of_object" as any10_21_0_,
        glarch1_."any_class_of_object" as any11_21_0_,
        glarch1_.count_ as count12_21_0_,
        glarch1_.glarch_ as glarch13_21_0_,
        fee2_.id_ as id1_24_1_,
        fee2_.fi as fi24_1_,
        fee2_.fee as fee24_1_,
        fee2_.anotherFee as anotherFee24_1_,
        fee2_.qux as qux24_1_,
        fee2_.count_ as count6_24_1_,
        fee2_.name as name24_1_,
        fee2_.null_prop as null8_24_1_,
        fee3_.id_ as id1_24_2_,
        fee3_.fi as fi24_2_,
        fee3_.fee as fee24_2_,
        fee3_.anotherFee as anotherFee24_2_,
        fee3_.qux as qux24_2_,
        fee3_.count_ as count6_24_2_,
        fee3_.name as name24_2_,
        fee3_.null_prop as null8_24_2_,
        fee4_.id_ as id1_24_3_,
        fee4_.fi as fi24_3_,
        fee4_.fee as fee24_3_,
        fee4_.anotherFee as anotherFee24_3_,
        fee4_.qux as qux24_3_,
        fee4_.count_ as count6_24_3_,
        fee4_.name as name24_3_,
        fee4_.null_prop as null8_24_3_,
        baz5_.baz_id_column_ as baz1_28_4_,
        baz5_.count_count as count2_28_4_,
        baz5_.name_b as name3_28_4_,
        baz5_.foo as foo28_4_,
        baz5_.superBaz as superBaz28_4_,
        baz5_."str" as str6_28_4_,
        foo6_."foo_idcolumnname123" as foo1_20_5_,
        foo6_.version as version20_5_,
        foo6_.foo as foo20_5_,
        foo6_.long_ as long5_20_5_,
        foo6_."integer__" as integer6_20_5_,
        foo6_.float_ as float7_20_5_,
        foo6_.x as x20_5_,
        foo6_.double_ as double9_20_5_,
        foo6_.date_ as date10_20_5_,
        foo6_.timestamp_ as timestamp11_20_5_,
        foo6_.boolean_ as boolean12_20_5_,
        foo6_.bool_ as bool13_20_5_,
        foo6_.null_ as null14_20_5_,
        foo6_.short_ as short15_20_5_,
        foo6_.char_ as char16_20_5_,
        foo6_.zero_ as zero17_20_5_,
        foo6_.int_ as int18_20_5_,
        foo6_.string_ as string19_20_5_,
        foo6_.byte_ as byte20_20_5_,
        foo6_.yesno as yesno20_5_,
        foo6_.blobb_ as blobb22_20_5_,
        foo6_.nullBlob as nullBlob20_5_,
        foo6_.bin_ as bin24_20_5_,
        foo6_."localeayzabc123" as localea25_20_5_,
        foo6_.first_name as first26_20_5_,
        foo6_.surname as surname20_5_,
        foo6_.count_ as count28_20_5_,
        foo6_.name_ as name29_20_5_,
        foo6_.g__ as g30_20_5_,
        foo6_.cmpnt_null_ as cmpnt31_20_5_,
        foo6_.subname as subname20_5_,
        foo6_.fee_sub as fee33_20_5_,
        foo6_.null_cmpnt_ as null34_20_5_,
        foo6_1_.joinedProp as joinedProp49_5_,
        foo6_2_.dependent as dependent43_5_,
        foo6_.the_time as the35_20_5_,
        foo6_.baz as baz20_5_,
        foo6_.bar_string as bar37_20_5_,
        foo6_.bar_count as bar38_20_5_,
        foo6_.name as name20_5_,
        foo6_.clazz as clazz20_5_,
        foo6_.gen_id as gen41_20_5_,
        foo6_3_.name_name as name2_27_5_,
        foo6_.int_/2 as formula92_5_,
        foo6_."foo_subclass_1234" as foo2_20_5_,
        baz7_.baz_id_column_ as baz1_28_6_,
        baz7_.count_count as count2_28_6_,
        baz7_.name_b as name3_28_6_,
        baz7_.foo as foo28_6_,
        baz7_.superBaz as superBaz28_6_,
        baz7_."str" as str6_28_6_ 
    from
        "foos" topfoos0_ 
    inner join
        jointable topfoos0_1_ 
            on topfoos0_."foo_idcolumnname123"=topfoos0_1_.fooid 
    inner join
        foo_dep_table topfoos0_2_ 
            on topfoos0_."foo_idcolumnname123"=topfoos0_2_.fooid 
    inner join
        bar_join_table topfoos0_3_ 
            on topfoos0_."foo_idcolumnname123"=topfoos0_3_.bar_id 
    left outer join
        "glarchez" glarch1_ 
            on topfoos0_.g__=glarch1_.tha_key 
    inner join
        "the fees" fee2_ 
            on topfoos0_2_.dependent=fee2_.id_ 
    left outer join
        "the fees" fee3_ 
            on fee2_.fee=fee3_.id_ 
    left outer join
        "the fees" fee4_ 
            on fee3_.anotherFee=fee4_.id_ 
    left outer join
        baz baz5_ 
            on topfoos0_.baz=baz5_.baz_id_column_ 
    left outer join
        "foos" foo6_ 
            on baz5_.foo=foo6_."foo_idcolumnname123" 
    left outer join
        jointable foo6_1_ 
            on foo6_."foo_idcolumnname123"=foo6_1_.fooid 
    left outer join
        foo_dep_table foo6_2_ 
            on foo6_."foo_idcolumnname123"=foo6_2_.fooid 
    left outer join
        bar_join_table foo6_3_ 
            on foo6_."foo_idcolumnname123"=foo6_3_.bar_id 
    left outer join
        baz baz7_ 
            on baz5_.superBaz=baz7_.baz_id_column_ 
    where
        topfoos0_."foo_subclass_1234"='B' 
        and topfoos0_.idtopbar=?
14:16:38,978 DEBUG SQL:104 - 
    select
        topcompone0_.id_ as id1_28_0_,
        topcompone0_.name as name64_0_,
        topcompone0_.count_ as count3_64_0_,
        topcompone0_.i as i0_ 
    from
        topcomponents topcompone0_ 
    where
        topcompone0_.id_=?
14:16:38,979 DEBUG SQL:104 - 
    select
        customs0_.id_ as id1_28_0_,
        customs0_.first_ as first2_38_0_,
        customs0_.second_ as second3_38_0_,
        customs0_.indx as indx0_ 
    from
        customs customs0_ 
    where
        customs0_.id_=?
14:16:38,987 DEBUG SQL:104 - 
    select
        glarchtofo0_.gtf_baz_id as gtf14_28_1_,
        glarchtofo0_.tha_key as tha1_21_1_,
        glarchtofo0_.gtf_foo_id as gtf15_1_,
        glarchtofo0_.tha_key as tha1_21_0_,
        glarchtofo0_.version as version21_0_,
        glarchtofo0_.namecvbnmasdf as namecvbn3_21_0_,
        glarchtofo0_.next_ as next4_21_0_,
        glarchtofo0_.order_ as order5_21_0_,
        glarchtofo0_.foo as foo21_0_,
        glarchtofo0_.bar as bar21_0_,
        glarchtofo0_.x as x21_0_,
        glarchtofo0_.immutable as immutable21_0_,
        glarchtofo0_."any_id_of_object" as any10_21_0_,
        glarchtofo0_."any_class_of_object" as any11_21_0_,
        glarchtofo0_.count_ as count12_21_0_,
        glarchtofo0_.glarch_ as glarch13_21_0_ 
    from
        "glarchez" glarchtofo0_ 
    where
        glarchtofo0_.gtf_baz_id=?
14:16:38,999 DEBUG SQL:104 - 
    select
        foocompone0_.baz_id as baz1_28_8_,
        foocompone0_.foo_id as foo2_40_8_,
        foocompone0_.name as name8_,
        foocompone0_.count_ as count4_8_,
        foo1_."foo_idcolumnname123" as foo1_20_0_,
        foo1_.version as version20_0_,
        foo1_.foo as foo20_0_,
        foo1_.long_ as long5_20_0_,
        foo1_."integer__" as integer6_20_0_,
        foo1_.float_ as float7_20_0_,
        foo1_.x as x20_0_,
        foo1_.double_ as double9_20_0_,
        foo1_.date_ as date10_20_0_,
        foo1_.timestamp_ as timestamp11_20_0_,
        foo1_.boolean_ as boolean12_20_0_,
        foo1_.bool_ as bool13_20_0_,
        foo1_.null_ as null14_20_0_,
        foo1_.short_ as short15_20_0_,
        foo1_.char_ as char16_20_0_,
        foo1_.zero_ as zero17_20_0_,
        foo1_.int_ as int18_20_0_,
        foo1_.string_ as string19_20_0_,
        foo1_.byte_ as byte20_20_0_,
        foo1_.yesno as yesno20_0_,
        foo1_.blobb_ as blobb22_20_0_,
        foo1_.nullBlob as nullBlob20_0_,
        foo1_.bin_ as bin24_20_0_,
        foo1_."localeayzabc123" as localea25_20_0_,
        foo1_.first_name as first26_20_0_,
        foo1_.surname as surname20_0_,
        foo1_.count_ as count28_20_0_,
        foo1_.name_ as name29_20_0_,
        foo1_.g__ as g30_20_0_,
        foo1_.cmpnt_null_ as cmpnt31_20_0_,
        foo1_.subname as subname20_0_,
        foo1_.fee_sub as fee33_20_0_,
        foo1_.null_cmpnt_ as null34_20_0_,
        foo1_1_.joinedProp as joinedProp49_0_,
        foo1_2_.dependent as dependent43_0_,
        foo1_.the_time as the35_20_0_,
        foo1_.baz as baz20_0_,
        foo1_.bar_string as bar37_20_0_,
        foo1_.bar_count as bar38_20_0_,
        foo1_.name as name20_0_,
        foo1_.clazz as clazz20_0_,
        foo1_.gen_id as gen41_20_0_,
        foo1_3_.name_name as name2_27_0_,
        foo1_.int_/2 as formula92_0_,
        foo1_."foo_subclass_1234" as foo2_20_0_,
        glarch2_.tha_key as tha1_21_1_,
        glarch2_.version as version21_1_,
        glarch2_.namecvbnmasdf as namecvbn3_21_1_,
        glarch2_.next_ as next4_21_1_,
        glarch2_.order_ as order5_21_1_,
        glarch2_.foo as foo21_1_,
        glarch2_.bar as bar21_1_,
        glarch2_.x as x21_1_,
        glarch2_.immutable as immutable21_1_,
        glarch2_."any_id_of_object" as any10_21_1_,
        glarch2_."any_class_of_object" as any11_21_1_,
        glarch2_.count_ as count12_21_1_,
        glarch2_.glarch_ as glarch13_21_1_,
        fee3_.id_ as id1_24_2_,
        fee3_.fi as fi24_2_,
        fee3_.fee as fee24_2_,
        fee3_.anotherFee as anotherFee24_2_,
        fee3_.qux as qux24_2_,
        fee3_.count_ as count6_24_2_,
        fee3_.name as name24_2_,
        fee3_.null_prop as null8_24_2_,
        fee4_.id_ as id1_24_3_,
        fee4_.fi as fi24_3_,
        fee4_.fee as fee24_3_,
        fee4_.anotherFee as anotherFee24_3_,
        fee4_.qux as qux24_3_,
        fee4_.count_ as count6_24_3_,
        fee4_.name as name24_3_,
        fee4_.null_prop as null8_24_3_,
        fee5_.id_ as id1_24_4_,
        fee5_.fi as fi24_4_,
        fee5_.fee as fee24_4_,
        fee5_.anotherFee as anotherFee24_4_,
        fee5_.qux as qux24_4_,
        fee5_.count_ as count6_24_4_,
        fee5_.name as name24_4_,
        fee5_.null_prop as null8_24_4_,
        baz6_.baz_id_column_ as baz1_28_5_,
        baz6_.count_count as count2_28_5_,
        baz6_.name_b as name3_28_5_,
        baz6_.foo as foo28_5_,
        baz6_.superBaz as superBaz28_5_,
        baz6_."str" as str6_28_5_,
        foo7_."foo_idcolumnname123" as foo1_20_6_,
        foo7_.version as version20_6_,
        foo7_.foo as foo20_6_,
        foo7_.long_ as long5_20_6_,
        foo7_."integer__" as integer6_20_6_,
        foo7_.float_ as float7_20_6_,
        foo7_.x as x20_6_,
        foo7_.double_ as double9_20_6_,
        foo7_.date_ as date10_20_6_,
        foo7_.timestamp_ as timestamp11_20_6_,
        foo7_.boolean_ as boolean12_20_6_,
        foo7_.bool_ as bool13_20_6_,
        foo7_.null_ as null14_20_6_,
        foo7_.short_ as short15_20_6_,
        foo7_.char_ as char16_20_6_,
        foo7_.zero_ as zero17_20_6_,
        foo7_.int_ as int18_20_6_,
        foo7_.string_ as string19_20_6_,
        foo7_.byte_ as byte20_20_6_,
        foo7_.yesno as yesno20_6_,
        foo7_.blobb_ as blobb22_20_6_,
        foo7_.nullBlob as nullBlob20_6_,
        foo7_.bin_ as bin24_20_6_,
        foo7_."localeayzabc123" as localea25_20_6_,
        foo7_.first_name as first26_20_6_,
        foo7_.surname as surname20_6_,
        foo7_.count_ as count28_20_6_,
        foo7_.name_ as name29_20_6_,
        foo7_.g__ as g30_20_6_,
        foo7_.cmpnt_null_ as cmpnt31_20_6_,
        foo7_.subname as subname20_6_,
        foo7_.fee_sub as fee33_20_6_,
        foo7_.null_cmpnt_ as null34_20_6_,
        foo7_1_.joinedProp as joinedProp49_6_,
        foo7_2_.dependent as dependent43_6_,
        foo7_.the_time as the35_20_6_,
        foo7_.baz as baz20_6_,
        foo7_.bar_string as bar37_20_6_,
        foo7_.bar_count as bar38_20_6_,
        foo7_.name as name20_6_,
        foo7_.clazz as clazz20_6_,
        foo7_.gen_id as gen41_20_6_,
        foo7_3_.name_name as name2_27_6_,
        foo7_.int_/2 as formula92_6_,
        foo7_."foo_subclass_1234" as foo2_20_6_,
        baz8_.baz_id_column_ as baz1_28_7_,
        baz8_.count_count as count2_28_7_,
        baz8_.name_b as name3_28_7_,
        baz8_.foo as foo28_7_,
        baz8_.superBaz as superBaz28_7_,
        baz8_."str" as str6_28_7_ 
    from
        fooComponentToFoo foocompone0_ 
    inner join
        "foos" foo1_ 
            on foocompone0_.foo_id=foo1_."foo_idcolumnname123" 
    left outer join
        jointable foo1_1_ 
            on foo1_."foo_idcolumnname123"=foo1_1_.fooid 
    left outer join
        foo_dep_table foo1_2_ 
            on foo1_."foo_idcolumnname123"=foo1_2_.fooid 
    left outer join
        bar_join_table foo1_3_ 
            on foo1_."foo_idcolumnname123"=foo1_3_.bar_id 
    left outer join
        "glarchez" glarch2_ 
            on foo1_.g__=glarch2_.tha_key 
    inner join
        "the fees" fee3_ 
            on foo1_2_.dependent=fee3_.id_ 
    left outer join
        "the fees" fee4_ 
            on fee3_.fee=fee4_.id_ 
    left outer join
        "the fees" fee5_ 
            on fee4_.anotherFee=fee5_.id_ 
    left outer join
        baz baz6_ 
            on foo1_.baz=baz6_.baz_id_column_ 
    left outer join
        "foos" foo7_ 
            on baz6_.foo=foo7_."foo_idcolumnname123" 
    left outer join
        jointable foo7_1_ 
            on foo7_."foo_idcolumnname123"=foo7_1_.fooid 
    left outer join
        foo_dep_table foo7_2_ 
            on foo7_."foo_idcolumnname123"=foo7_2_.fooid 
    left outer join
        bar_join_table foo7_3_ 
            on foo7_."foo_idcolumnname123"=foo7_3_.bar_id 
    left outer join
        baz baz8_ 
            on baz6_.superBaz=baz8_.baz_id_column_ 
    where
        foocompone0_.baz_id=?
14:16:39,053 DEBUG SQL:104 - 
    select
        footoglarc0_.baz_id as baz1_28_1_,
        footoglarc0_.glarch_id as glarch2_41_1_,
        footoglarc0_.foo_id as foo3_1_,
        glarch1_.tha_key as tha1_21_0_,
        glarch1_.version as version21_0_,
        glarch1_.namecvbnmasdf as namecvbn3_21_0_,
        glarch1_.next_ as next4_21_0_,
        glarch1_.order_ as order5_21_0_,
        glarch1_.foo as foo21_0_,
        glarch1_.bar as bar21_0_,
        glarch1_.x as x21_0_,
        glarch1_.immutable as immutable21_0_,
        glarch1_."any_id_of_object" as any10_21_0_,
        glarch1_."any_class_of_object" as any11_21_0_,
        glarch1_.count_ as count12_21_0_,
        glarch1_.glarch_ as glarch13_21_0_ 
    from
        fooToGlarch footoglarc0_ 
    inner join
        "glarchez" glarch1_ 
            on footoglarc0_.glarch_id=glarch1_.tha_key 
    where
        footoglarc0_.baz_id=?
14:16:39,062 DEBUG SQL:104 - 
    select
        bag0_."baz_id_" as baz1_28_0_,
        bag0_."name_" as name2_17_0_ 
    from
        "bxaxg" bag0_ 
    where
        bag0_."baz_id_"=? 
    order by
        bag0_."name_"
14:16:39,072 DEBUG SQL:104 - 
    select
        stringlist0_.id as id28_0_,
        stringlist0_.element as element59_0_,
        stringlist0_."i" as i3_0_ 
    from
        string_list stringlist0_ 
    where
        stringlist0_.id=?
14:16:39,074 DEBUG SQL:104 - 
    select
        this_.baz_id_column_ as baz1_28_8_,
        this_.count_count as count2_28_8_,
        this_.name_b as name3_28_8_,
        this_.foo as foo28_8_,
        this_.superBaz as superBaz28_8_,
        this_."str" as str6_28_8_,
        foo2_."foo_idcolumnname123" as foo1_20_0_,
        foo2_.version as version20_0_,
        foo2_.foo as foo20_0_,
        foo2_.long_ as long5_20_0_,
        foo2_."integer__" as integer6_20_0_,
        foo2_.float_ as float7_20_0_,
        foo2_.x as x20_0_,
        foo2_.double_ as double9_20_0_,
        foo2_.date_ as date10_20_0_,
        foo2_.timestamp_ as timestamp11_20_0_,
        foo2_.boolean_ as boolean12_20_0_,
        foo2_.bool_ as bool13_20_0_,
        foo2_.null_ as null14_20_0_,
        foo2_.short_ as short15_20_0_,
        foo2_.char_ as char16_20_0_,
        foo2_.zero_ as zero17_20_0_,
        foo2_.int_ as int18_20_0_,
        foo2_.string_ as string19_20_0_,
        foo2_.byte_ as byte20_20_0_,
        foo2_.yesno as yesno20_0_,
        foo2_.blobb_ as blobb22_20_0_,
        foo2_.nullBlob as nullBlob20_0_,
        foo2_.bin_ as bin24_20_0_,
        foo2_."localeayzabc123" as localea25_20_0_,
        foo2_.first_name as first26_20_0_,
        foo2_.surname as surname20_0_,
        foo2_.count_ as count28_20_0_,
        foo2_.name_ as name29_20_0_,
        foo2_.g__ as g30_20_0_,
        foo2_.cmpnt_null_ as cmpnt31_20_0_,
        foo2_.subname as subname20_0_,
        foo2_.fee_sub as fee33_20_0_,
        foo2_.null_cmpnt_ as null34_20_0_,
        foo2_1_.joinedProp as joinedProp49_0_,
        foo2_2_.dependent as dependent43_0_,
        foo2_.the_time as the35_20_0_,
        foo2_.baz as baz20_0_,
        foo2_.bar_string as bar37_20_0_,
        foo2_.bar_count as bar38_20_0_,
        foo2_.name as name20_0_,
        foo2_.clazz as clazz20_0_,
        foo2_.gen_id as gen41_20_0_,
        foo2_3_.name_name as name2_27_0_,
        foo2_.int_/2 as formula92_0_,
        foo2_."foo_subclass_1234" as foo2_20_0_,
        glarch3_.tha_key as tha1_21_1_,
        glarch3_.version as version21_1_,
        glarch3_.namecvbnmasdf as namecvbn3_21_1_,
        glarch3_.next_ as next4_21_1_,
        glarch3_.order_ as order5_21_1_,
        glarch3_.foo as foo21_1_,
        glarch3_.bar as bar21_1_,
        glarch3_.x as x21_1_,
        glarch3_.immutable as immutable21_1_,
        glarch3_."any_id_of_object" as any10_21_1_,
        glarch3_."any_class_of_object" as any11_21_1_,
        glarch3_.count_ as count12_21_1_,
        glarch3_.glarch_ as glarch13_21_1_,
        fee4_.id_ as id1_24_2_,
        fee4_.fi as fi24_2_,
        fee4_.fee as fee24_2_,
        fee4_.anotherFee as anotherFee24_2_,
        fee4_.qux as qux24_2_,
        fee4_.count_ as count6_24_2_,
        fee4_.name as name24_2_,
        fee4_.null_prop as null8_24_2_,
        fee5_.id_ as id1_24_3_,
        fee5_.fi as fi24_3_,
        fee5_.fee as fee24_3_,
        fee5_.anotherFee as anotherFee24_3_,
        fee5_.qux as qux24_3_,
        fee5_.count_ as count6_24_3_,
        fee5_.name as name24_3_,
        fee5_.null_prop as null8_24_3_,
        fee6_.id_ as id1_24_4_,
        fee6_.fi as fi24_4_,
        fee6_.fee as fee24_4_,
        fee6_.anotherFee as anotherFee24_4_,
        fee6_.qux as qux24_4_,
        fee6_.count_ as count6_24_4_,
        fee6_.name as name24_4_,
        fee6_.null_prop as null8_24_4_,
        baz7_.baz_id_column_ as baz1_28_5_,
        baz7_.count_count as count2_28_5_,
        baz7_.name_b as name3_28_5_,
        baz7_.foo as foo28_5_,
        baz7_.superBaz as superBaz28_5_,
        baz7_."str" as str6_28_5_,
        topglarche8_.idtopglarch as idtopgl16_28_10_,
        topglarche8_.tha_key as tha1_21_10_,
        topglarche8_.mapkey as mapkey10_,
        topglarche8_.tha_key as tha1_21_6_,
        topglarche8_.version as version21_6_,
        topglarche8_.namecvbnmasdf as namecvbn3_21_6_,
        topglarche8_.next_ as next4_21_6_,
        topglarche8_.order_ as order5_21_6_,
        topglarche8_.foo as foo21_6_,
        topglarche8_.bar as bar21_6_,
        topglarche8_.x as x21_6_,
        topglarche8_.immutable as immutable21_6_,
        topglarche8_."any_id_of_object" as any10_21_6_,
        topglarche8_."any_class_of_object" as any11_21_6_,
        topglarche8_.count_ as count12_21_6_,
        topglarche8_.glarch_ as glarch13_21_6_,
        baz9_.baz_id_column_ as baz1_28_7_,
        baz9_.count_count as count2_28_7_,
        baz9_.name_b as name3_28_7_,
        baz9_.foo as foo28_7_,
        baz9_.superBaz as superBaz28_7_,
        baz9_."str" as str6_28_7_ 
    from
        baz this_ 
    left outer join
        "foos" foo2_ 
            on this_.foo=foo2_."foo_idcolumnname123" 
    left outer join
        jointable foo2_1_ 
            on foo2_."foo_idcolumnname123"=foo2_1_.fooid 
    left outer join
        foo_dep_table foo2_2_ 
            on foo2_."foo_idcolumnname123"=foo2_2_.fooid 
    left outer join
        bar_join_table foo2_3_ 
            on foo2_."foo_idcolumnname123"=foo2_3_.bar_id 
    left outer join
        "glarchez" glarch3_ 
            on foo2_.g__=glarch3_.tha_key 
    left outer join
        "the fees" fee4_ 
            on foo2_2_.dependent=fee4_.id_ 
    left outer join
        "the fees" fee5_ 
            on fee4_.fee=fee5_.id_ 
    left outer join
        "the fees" fee6_ 
            on fee5_.anotherFee=fee6_.id_ 
    left outer join
        baz baz7_ 
            on foo2_.baz=baz7_.baz_id_column_ 
    left outer join
        "glarchez" topglarche8_ 
            on baz7_.baz_id_column_=topglarche8_.idtopglarch 
    left outer join
        baz baz9_ 
            on baz7_.superBaz=baz9_.baz_id_column_
14:16:39,124 DEBUG SQL:104 - 
    select
        this.id as id12_,
        this.description as descript3_12_,
        this.clazz as clazz12_ 
    from
        Part this 
    where
        this.baz = ?
14:16:39,125 DEBUG SQL:104 - 
    select
        foobag0_.baz as baz28_8_,
        foobag0_.foo as foo31_8_,
        foo1_."foo_idcolumnname123" as foo1_20_0_,
        foo1_.version as version20_0_,
        foo1_.foo as foo20_0_,
        foo1_.long_ as long5_20_0_,
        foo1_."integer__" as integer6_20_0_,
        foo1_.float_ as float7_20_0_,
        foo1_.x as x20_0_,
        foo1_.double_ as double9_20_0_,
        foo1_.date_ as date10_20_0_,
        foo1_.timestamp_ as timestamp11_20_0_,
        foo1_.boolean_ as boolean12_20_0_,
        foo1_.bool_ as bool13_20_0_,
        foo1_.null_ as null14_20_0_,
        foo1_.short_ as short15_20_0_,
        foo1_.char_ as char16_20_0_,
        foo1_.zero_ as zero17_20_0_,
        foo1_.int_ as int18_20_0_,
        foo1_.string_ as string19_20_0_,
        foo1_.byte_ as byte20_20_0_,
        foo1_.yesno as yesno20_0_,
        foo1_.blobb_ as blobb22_20_0_,
        foo1_.nullBlob as nullBlob20_0_,
        foo1_.bin_ as bin24_20_0_,
        foo1_."localeayzabc123" as localea25_20_0_,
        foo1_.first_name as first26_20_0_,
        foo1_.surname as surname20_0_,
        foo1_.count_ as count28_20_0_,
        foo1_.name_ as name29_20_0_,
        foo1_.g__ as g30_20_0_,
        foo1_.cmpnt_null_ as cmpnt31_20_0_,
        foo1_.subname as subname20_0_,
        foo1_.fee_sub as fee33_20_0_,
        foo1_.null_cmpnt_ as null34_20_0_,
        foo1_1_.joinedProp as joinedProp49_0_,
        foo1_2_.dependent as dependent43_0_,
        foo1_.the_time as the35_20_0_,
        foo1_.baz as baz20_0_,
        foo1_.bar_string as bar37_20_0_,
        foo1_.bar_count as bar38_20_0_,
        foo1_.name as name20_0_,
        foo1_.clazz as clazz20_0_,
        foo1_.gen_id as gen41_20_0_,
        foo1_3_.name_name as name2_27_0_,
        foo1_.int_/2 as formula92_0_,
        foo1_."foo_subclass_1234" as foo2_20_0_,
        glarch2_.tha_key as tha1_21_1_,
        glarch2_.version as version21_1_,
        glarch2_.namecvbnmasdf as namecvbn3_21_1_,
        glarch2_.next_ as next4_21_1_,
        glarch2_.order_ as order5_21_1_,
        glarch2_.foo as foo21_1_,
        glarch2_.bar as bar21_1_,
        glarch2_.x as x21_1_,
        glarch2_.immutable as immutable21_1_,
        glarch2_."any_id_of_object" as any10_21_1_,
        glarch2_."any_class_of_object" as any11_21_1_,
        glarch2_.count_ as count12_21_1_,
        glarch2_.glarch_ as glarch13_21_1_,
        fee3_.id_ as id1_24_2_,
        fee3_.fi as fi24_2_,
        fee3_.fee as fee24_2_,
        fee3_.anotherFee as anotherFee24_2_,
        fee3_.qux as qux24_2_,
        fee3_.count_ as count6_24_2_,
        fee3_.name as name24_2_,
        fee3_.null_prop as null8_24_2_,
        fee4_.id_ as id1_24_3_,
        fee4_.fi as fi24_3_,
        fee4_.fee as fee24_3_,
        fee4_.anotherFee as anotherFee24_3_,
        fee4_.qux as qux24_3_,
        fee4_.count_ as count6_24_3_,
        fee4_.name as name24_3_,
        fee4_.null_prop as null8_24_3_,
        fee5_.id_ as id1_24_4_,
        fee5_.fi as fi24_4_,
        fee5_.fee as fee24_4_,
        fee5_.anotherFee as anotherFee24_4_,
        fee5_.qux as qux24_4_,
        fee5_.count_ as count6_24_4_,
        fee5_.name as name24_4_,
        fee5_.null_prop as null8_24_4_,
        baz6_.baz_id_column_ as baz1_28_5_,
        baz6_.count_count as count2_28_5_,
        baz6_.name_b as name3_28_5_,
        baz6_.foo as foo28_5_,
        baz6_.superBaz as superBaz28_5_,
        baz6_."str" as str6_28_5_,
        foo7_."foo_idcolumnname123" as foo1_20_6_,
        foo7_.version as version20_6_,
        foo7_.foo as foo20_6_,
        foo7_.long_ as long5_20_6_,
        foo7_."integer__" as integer6_20_6_,
        foo7_.float_ as float7_20_6_,
        foo7_.x as x20_6_,
        foo7_.double_ as double9_20_6_,
        foo7_.date_ as date10_20_6_,
        foo7_.timestamp_ as timestamp11_20_6_,
        foo7_.boolean_ as boolean12_20_6_,
        foo7_.bool_ as bool13_20_6_,
        foo7_.null_ as null14_20_6_,
        foo7_.short_ as short15_20_6_,
        foo7_.char_ as char16_20_6_,
        foo7_.zero_ as zero17_20_6_,
        foo7_.int_ as int18_20_6_,
        foo7_.string_ as string19_20_6_,
        foo7_.byte_ as byte20_20_6_,
        foo7_.yesno as yesno20_6_,
        foo7_.blobb_ as blobb22_20_6_,
        foo7_.nullBlob as nullBlob20_6_,
        foo7_.bin_ as bin24_20_6_,
        foo7_."localeayzabc123" as localea25_20_6_,
        foo7_.first_name as first26_20_6_,
        foo7_.surname as surname20_6_,
        foo7_.count_ as count28_20_6_,
        foo7_.name_ as name29_20_6_,
        foo7_.g__ as g30_20_6_,
        foo7_.cmpnt_null_ as cmpnt31_20_6_,
        foo7_.subname as subname20_6_,
        foo7_.fee_sub as fee33_20_6_,
        foo7_.null_cmpnt_ as null34_20_6_,
        foo7_1_.joinedProp as joinedProp49_6_,
        foo7_2_.dependent as dependent43_6_,
        foo7_.the_time as the35_20_6_,
        foo7_.baz as baz20_6_,
        foo7_.bar_string as bar37_20_6_,
        foo7_.bar_count as bar38_20_6_,
        foo7_.name as name20_6_,
        foo7_.clazz as clazz20_6_,
        foo7_.gen_id as gen41_20_6_,
        foo7_3_.name_name as name2_27_6_,
        foo7_.int_/2 as formula92_6_,
        foo7_."foo_subclass_1234" as foo2_20_6_,
        baz8_.baz_id_column_ as baz1_28_7_,
        baz8_.count_count as count2_28_7_,
        baz8_.name_b as name3_28_7_,
        baz8_.foo as foo28_7_,
        baz8_.superBaz as superBaz28_7_,
        baz8_."str" as str6_28_7_ 
    from
        baz_foo foobag0_ 
    inner join
        "foos" foo1_ 
            on foobag0_.foo=foo1_."foo_idcolumnname123" 
    left outer join
        jointable foo1_1_ 
            on foo1_."foo_idcolumnname123"=foo1_1_.fooid 
    left outer join
        foo_dep_table foo1_2_ 
            on foo1_."foo_idcolumnname123"=foo1_2_.fooid 
    left outer join
        bar_join_table foo1_3_ 
            on foo1_."foo_idcolumnname123"=foo1_3_.bar_id 
    left outer join
        "glarchez" glarch2_ 
            on foo1_.g__=glarch2_.tha_key 
    inner join
        "the fees" fee3_ 
            on foo1_2_.dependent=fee3_.id_ 
    left outer join
        "the fees" fee4_ 
            on fee3_.fee=fee4_.id_ 
    left outer join
        "the fees" fee5_ 
            on fee4_.anotherFee=fee5_.id_ 
    left outer join
        baz baz6_ 
            on foo1_.baz=baz6_.baz_id_column_ 
    left outer join
        "foos" foo7_ 
            on baz6_.foo=foo7_."foo_idcolumnname123" 
    left outer join
        jointable foo7_1_ 
            on foo7_."foo_idcolumnname123"=foo7_1_.fooid 
    left outer join
        foo_dep_table foo7_2_ 
            on foo7_."foo_idcolumnname123"=foo7_2_.fooid 
    left outer join
        bar_join_table foo7_3_ 
            on foo7_."foo_idcolumnname123"=foo7_3_.bar_id 
    left outer join
        baz baz8_ 
            on baz6_.superBaz=baz8_.baz_id_column_ 
    where
        foobag0_.baz=?
14:16:39,195 DEBUG SQL:104 - 
    select
        idfoobag0_.baz as baz28_8_,
        idfoobag0_.foo as foo32_8_,
        idfoobag0_.pkid as pkid8_,
        foo1_."foo_idcolumnname123" as foo1_20_0_,
        foo1_.version as version20_0_,
        foo1_.foo as foo20_0_,
        foo1_.long_ as long5_20_0_,
        foo1_."integer__" as integer6_20_0_,
        foo1_.float_ as float7_20_0_,
        foo1_.x as x20_0_,
        foo1_.double_ as double9_20_0_,
        foo1_.date_ as date10_20_0_,
        foo1_.timestamp_ as timestamp11_20_0_,
        foo1_.boolean_ as boolean12_20_0_,
        foo1_.bool_ as bool13_20_0_,
        foo1_.null_ as null14_20_0_,
        foo1_.short_ as short15_20_0_,
        foo1_.char_ as char16_20_0_,
        foo1_.zero_ as zero17_20_0_,
        foo1_.int_ as int18_20_0_,
        foo1_.string_ as string19_20_0_,
        foo1_.byte_ as byte20_20_0_,
        foo1_.yesno as yesno20_0_,
        foo1_.blobb_ as blobb22_20_0_,
        foo1_.nullBlob as nullBlob20_0_,
        foo1_.bin_ as bin24_20_0_,
        foo1_."localeayzabc123" as localea25_20_0_,
        foo1_.first_name as first26_20_0_,
        foo1_.surname as surname20_0_,
        foo1_.count_ as count28_20_0_,
        foo1_.name_ as name29_20_0_,
        foo1_.g__ as g30_20_0_,
        foo1_.cmpnt_null_ as cmpnt31_20_0_,
        foo1_.subname as subname20_0_,
        foo1_.fee_sub as fee33_20_0_,
        foo1_.null_cmpnt_ as null34_20_0_,
        foo1_1_.joinedProp as joinedProp49_0_,
        foo1_2_.dependent as dependent43_0_,
        foo1_.the_time as the35_20_0_,
        foo1_.baz as baz20_0_,
        foo1_.bar_string as bar37_20_0_,
        foo1_.bar_count as bar38_20_0_,
        foo1_.name as name20_0_,
        foo1_.clazz as clazz20_0_,
        foo1_.gen_id as gen41_20_0_,
        foo1_3_.name_name as name2_27_0_,
        foo1_.int_/2 as formula92_0_,
        foo1_."foo_subclass_1234" as foo2_20_0_,
        glarch2_.tha_key as tha1_21_1_,
        glarch2_.version as version21_1_,
        glarch2_.namecvbnmasdf as namecvbn3_21_1_,
        glarch2_.next_ as next4_21_1_,
        glarch2_.order_ as order5_21_1_,
        glarch2_.foo as foo21_1_,
        glarch2_.bar as bar21_1_,
        glarch2_.x as x21_1_,
        glarch2_.immutable as immutable21_1_,
        glarch2_."any_id_of_object" as any10_21_1_,
        glarch2_."any_class_of_object" as any11_21_1_,
        glarch2_.count_ as count12_21_1_,
        glarch2_.glarch_ as glarch13_21_1_,
        fee3_.id_ as id1_24_2_,
        fee3_.fi as fi24_2_,
        fee3_.fee as fee24_2_,
        fee3_.anotherFee as anotherFee24_2_,
        fee3_.qux as qux24_2_,
        fee3_.count_ as count6_24_2_,
        fee3_.name as name24_2_,
        fee3_.null_prop as null8_24_2_,
        fee4_.id_ as id1_24_3_,
        fee4_.fi as fi24_3_,
        fee4_.fee as fee24_3_,
        fee4_.anotherFee as anotherFee24_3_,
        fee4_.qux as qux24_3_,
        fee4_.count_ as count6_24_3_,
        fee4_.name as name24_3_,
        fee4_.null_prop as null8_24_3_,
        fee5_.id_ as id1_24_4_,
        fee5_.fi as fi24_4_,
        fee5_.fee as fee24_4_,
        fee5_.anotherFee as anotherFee24_4_,
        fee5_.qux as qux24_4_,
        fee5_.count_ as count6_24_4_,
        fee5_.name as name24_4_,
        fee5_.null_prop as null8_24_4_,
        baz6_.baz_id_column_ as baz1_28_5_,
        baz6_.count_count as count2_28_5_,
        baz6_.name_b as name3_28_5_,
        baz6_.foo as foo28_5_,
        baz6_.superBaz as superBaz28_5_,
        baz6_."str" as str6_28_5_,
        foo7_."foo_idcolumnname123" as foo1_20_6_,
        foo7_.version as version20_6_,
        foo7_.foo as foo20_6_,
        foo7_.long_ as long5_20_6_,
        foo7_."integer__" as integer6_20_6_,
        foo7_.float_ as float7_20_6_,
        foo7_.x as x20_6_,
        foo7_.double_ as double9_20_6_,
        foo7_.date_ as date10_20_6_,
        foo7_.timestamp_ as timestamp11_20_6_,
        foo7_.boolean_ as boolean12_20_6_,
        foo7_.bool_ as bool13_20_6_,
        foo7_.null_ as null14_20_6_,
        foo7_.short_ as short15_20_6_,
        foo7_.char_ as char16_20_6_,
        foo7_.zero_ as zero17_20_6_,
        foo7_.int_ as int18_20_6_,
        foo7_.string_ as string19_20_6_,
        foo7_.byte_ as byte20_20_6_,
        foo7_.yesno as yesno20_6_,
        foo7_.blobb_ as blobb22_20_6_,
        foo7_.nullBlob as nullBlob20_6_,
        foo7_.bin_ as bin24_20_6_,
        foo7_."localeayzabc123" as localea25_20_6_,
        foo7_.first_name as first26_20_6_,
        foo7_.surname as surname20_6_,
        foo7_.count_ as count28_20_6_,
        foo7_.name_ as name29_20_6_,
        foo7_.g__ as g30_20_6_,
        foo7_.cmpnt_null_ as cmpnt31_20_6_,
        foo7_.subname as subname20_6_,
        foo7_.fee_sub as fee33_20_6_,
        foo7_.null_cmpnt_ as null34_20_6_,
        foo7_1_.joinedProp as joinedProp49_6_,
        foo7_2_.dependent as dependent43_6_,
        foo7_.the_time as the35_20_6_,
        foo7_.baz as baz20_6_,
        foo7_.bar_string as bar37_20_6_,
        foo7_.bar_count as bar38_20_6_,
        foo7_.name as name20_6_,
        foo7_.clazz as clazz20_6_,
        foo7_.gen_id as gen41_20_6_,
        foo7_3_.name_name as name2_27_6_,
        foo7_.int_/2 as formula92_6_,
        foo7_."foo_subclass_1234" as foo2_20_6_,
        baz8_.baz_id_column_ as baz1_28_7_,
        baz8_.count_count as count2_28_7_,
        baz8_.name_b as name3_28_7_,
        baz8_.foo as foo28_7_,
        baz8_.superBaz as superBaz28_7_,
        baz8_."str" as str6_28_7_ 
    from
        baz_id_foo idfoobag0_ 
    inner join
        "foos" foo1_ 
            on idfoobag0_.foo=foo1_."foo_idcolumnname123" 
    left outer join
        jointable foo1_1_ 
            on foo1_."foo_idcolumnname123"=foo1_1_.fooid 
    left outer join
        foo_dep_table foo1_2_ 
            on foo1_."foo_idcolumnname123"=foo1_2_.fooid 
    left outer join
        bar_join_table foo1_3_ 
            on foo1_."foo_idcolumnname123"=foo1_3_.bar_id 
    left outer join
        "glarchez" glarch2_ 
            on foo1_.g__=glarch2_.tha_key 
    inner join
        "the fees" fee3_ 
            on foo1_2_.dependent=fee3_.id_ 
    left outer join
        "the fees" fee4_ 
            on fee3_.fee=fee4_.id_ 
    left outer join
        "the fees" fee5_ 
            on fee4_.anotherFee=fee5_.id_ 
    left outer join
        baz baz6_ 
            on foo1_.baz=baz6_.baz_id_column_ 
    left outer join
        "foos" foo7_ 
            on baz6_.foo=foo7_."foo_idcolumnname123" 
    left outer join
        jointable foo7_1_ 
            on foo7_."foo_idcolumnname123"=foo7_1_.fooid 
    left outer join
        foo_dep_table foo7_2_ 
            on foo7_."foo_idcolumnname123"=foo7_2_.fooid 
    left outer join
        bar_join_table foo7_3_ 
            on foo7_."foo_idcolumnname123"=foo7_3_.bar_id 
    left outer join
        baz baz8_ 
            on baz6_.superBaz=baz8_.baz_id_column_ 
    where
        idfoobag0_.baz=?
14:16:39,256 DEBUG SQL:104 - 
    select
        fees0_.bazid as bazid28_3_,
        fees0_.id_ as id1_24_3_,
        fees0_.bazind as bazind3_,
        fees0_.id_ as id1_24_2_,
        fees0_.fi as fi24_2_,
        fees0_.fee as fee24_2_,
        fees0_.anotherFee as anotherFee24_2_,
        fees0_.qux as qux24_2_,
        fees0_.count_ as count6_24_2_,
        fees0_.name as name24_2_,
        fees0_.null_prop as null8_24_2_,
        fee1_.id_ as id1_24_0_,
        fee1_.fi as fi24_0_,
        fee1_.fee as fee24_0_,
        fee1_.anotherFee as anotherFee24_0_,
        fee1_.qux as qux24_0_,
        fee1_.count_ as count6_24_0_,
        fee1_.name as name24_0_,
        fee1_.null_prop as null8_24_0_,
        fee2_.id_ as id1_24_1_,
        fee2_.fi as fi24_1_,
        fee2_.fee as fee24_1_,
        fee2_.anotherFee as anotherFee24_1_,
        fee2_.qux as qux24_1_,
        fee2_.count_ as count6_24_1_,
        fee2_.name as name24_1_,
        fee2_.null_prop as null8_24_1_ 
    from
        "the fees" fees0_ 
    left outer join
        "the fees" fee1_ 
            on fees0_.fee=fee1_.id_ 
    left outer join
        "the fees" fee2_ 
            on fee1_.anotherFee=fee2_.id_ 
    where
        fees0_.bazid=?
14:16:39,269 DEBUG SQL:104 - 
    select
        bazez0_."baz-id" as baz7_28_8_,
        bazez0_.baz_id_column_ as baz1_28_8_,
        bazez0_.baz_id_column_ as baz1_28_7_,
        bazez0_.count_count as count2_28_7_,
        bazez0_.name_b as name3_28_7_,
        bazez0_.foo as foo28_7_,
        bazez0_.superBaz as superBaz28_7_,
        bazez0_."str" as str6_28_7_,
        foo1_."foo_idcolumnname123" as foo1_20_0_,
        foo1_.version as version20_0_,
        foo1_.foo as foo20_0_,
        foo1_.long_ as long5_20_0_,
        foo1_."integer__" as integer6_20_0_,
        foo1_.float_ as float7_20_0_,
        foo1_.x as x20_0_,
        foo1_.double_ as double9_20_0_,
        foo1_.date_ as date10_20_0_,
        foo1_.timestamp_ as timestamp11_20_0_,
        foo1_.boolean_ as boolean12_20_0_,
        foo1_.bool_ as bool13_20_0_,
        foo1_.null_ as null14_20_0_,
        foo1_.short_ as short15_20_0_,
        foo1_.char_ as char16_20_0_,
        foo1_.zero_ as zero17_20_0_,
        foo1_.int_ as int18_20_0_,
        foo1_.string_ as string19_20_0_,
        foo1_.byte_ as byte20_20_0_,
        foo1_.yesno as yesno20_0_,
        foo1_.blobb_ as blobb22_20_0_,
        foo1_.nullBlob as nullBlob20_0_,
        foo1_.bin_ as bin24_20_0_,
        foo1_."localeayzabc123" as localea25_20_0_,
        foo1_.first_name as first26_20_0_,
        foo1_.surname as surname20_0_,
        foo1_.count_ as count28_20_0_,
        foo1_.name_ as name29_20_0_,
        foo1_.g__ as g30_20_0_,
        foo1_.cmpnt_null_ as cmpnt31_20_0_,
        foo1_.subname as subname20_0_,
        foo1_.fee_sub as fee33_20_0_,
        foo1_.null_cmpnt_ as null34_20_0_,
        foo1_1_.joinedProp as joinedProp49_0_,
        foo1_2_.dependent as dependent43_0_,
        foo1_.the_time as the35_20_0_,
        foo1_.baz as baz20_0_,
        foo1_.bar_string as bar37_20_0_,
        foo1_.bar_count as bar38_20_0_,
        foo1_.name as name20_0_,
        foo1_.clazz as clazz20_0_,
        foo1_.gen_id as gen41_20_0_,
        foo1_3_.name_name as name2_27_0_,
        foo1_.int_/2 as formula92_0_,
        foo1_."foo_subclass_1234" as foo2_20_0_,
        glarch2_.tha_key as tha1_21_1_,
        glarch2_.version as version21_1_,
        glarch2_.namecvbnmasdf as namecvbn3_21_1_,
        glarch2_.next_ as next4_21_1_,
        glarch2_.order_ as order5_21_1_,
        glarch2_.foo as foo21_1_,
        glarch2_.bar as bar21_1_,
        glarch2_.x as x21_1_,
        glarch2_.immutable as immutable21_1_,
        glarch2_."any_id_of_object" as any10_21_1_,
        glarch2_."any_class_of_object" as any11_21_1_,
        glarch2_.count_ as count12_21_1_,
        glarch2_.glarch_ as glarch13_21_1_,
        fee3_.id_ as id1_24_2_,
        fee3_.fi as fi24_2_,
        fee3_.fee as fee24_2_,
        fee3_.anotherFee as anotherFee24_2_,
        fee3_.qux as qux24_2_,
        fee3_.count_ as count6_24_2_,
        fee3_.name as name24_2_,
        fee3_.null_prop as null8_24_2_,
        fee4_.id_ as id1_24_3_,
        fee4_.fi as fi24_3_,
        fee4_.fee as fee24_3_,
        fee4_.anotherFee as anotherFee24_3_,
        fee4_.qux as qux24_3_,
        fee4_.count_ as count6_24_3_,
        fee4_.name as name24_3_,
        fee4_.null_prop as null8_24_3_,
        fee5_.id_ as id1_24_4_,
        fee5_.fi as fi24_4_,
        fee5_.fee as fee24_4_,
        fee5_.anotherFee as anotherFee24_4_,
        fee5_.qux as qux24_4_,
        fee5_.count_ as count6_24_4_,
        fee5_.name as name24_4_,
        fee5_.null_prop as null8_24_4_,
        baz6_.baz_id_column_ as baz1_28_5_,
        baz6_.count_count as count2_28_5_,
        baz6_.name_b as name3_28_5_,
        baz6_.foo as foo28_5_,
        baz6_.superBaz as superBaz28_5_,
        baz6_."str" as str6_28_5_,
        baz7_.baz_id_column_ as baz1_28_6_,
        baz7_.count_count as count2_28_6_,
        baz7_.name_b as name3_28_6_,
        baz7_.foo as foo28_6_,
        baz7_.superBaz as superBaz28_6_,
        baz7_."str" as str6_28_6_ 
    from
        baz bazez0_ 
    left outer join
        "foos" foo1_ 
            on bazez0_.foo=foo1_."foo_idcolumnname123" 
    left outer join
        jointable foo1_1_ 
            on foo1_."foo_idcolumnname123"=foo1_1_.fooid 
    left outer join
        foo_dep_table foo1_2_ 
            on foo1_."foo_idcolumnname123"=foo1_2_.fooid 
    left outer join
        bar_join_table foo1_3_ 
            on foo1_."foo_idcolumnname123"=foo1_3_.bar_id 
    left outer join
        "glarchez" glarch2_ 
            on foo1_.g__=glarch2_.tha_key 
    left outer join
        "the fees" fee3_ 
            on foo1_2_.dependent=fee3_.id_ 
    left outer join
        "the fees" fee4_ 
            on fee3_.fee=fee4_.id_ 
    left outer join
        "the fees" fee5_ 
            on fee4_.anotherFee=fee5_.id_ 
    left outer join
        baz baz6_ 
            on foo1_.baz=baz6_.baz_id_column_ 
    left outer join
        baz baz7_ 
            on baz6_.superBaz=baz7_.baz_id_column_ 
    where
        bazez0_."baz-id"=? 
    order by
        bazez0_.name_b desc
14:16:39,324 DEBUG SQL:104 - 
    update
        "foos" 
    set
        baz_id=null 
    where
        baz_id=?
14:16:39,324 DEBUG SQL:104 - 
    delete 
    from
        stringSet 
    where
        id_=?
14:16:39,324 DEBUG SQL:104 - 
    delete 
    from
        stringDateMap 
    where
        id_=?
14:16:39,325 DEBUG SQL:104 - 
    delete 
    from
        baz_byte_bag 
    where
        baz=?
14:16:39,334 DEBUG SQL:104 - 
    delete 
    from
        anyToAny 
    where
        baz=?
14:16:39,335 DEBUG SQL:104 - 
    delete 
    from
        manyToAny 
    where
        baz=?
14:16:39,335 DEBUG SQL:104 - 
    update
        Part 
    set
        baz=null 
    where
        baz=?
14:16:39,335 DEBUG SQL:104 - 
    delete 
    from
        moreParts 
    where
        baz=?
14:16:39,335 DEBUG SQL:104 - 
    delete 
    from
        Part 
    where
        id=?
14:16:39,344 DEBUG SQL:104 - 
    delete 
    from
        Part 
    where
        id=?
14:16:39,345 DEBUG SQL:104 - 
    delete 
    from
        baz 
    where
        baz_id_column_=?
14:16:39,345  INFO CustomRunner:139 - Test: testClassWhereManyToMany
14:16:39,346 DEBUG SQL:104 - 
    insert 
    into
        baz
        (count_count, name_b, foo, superBaz, "str", baz_id_column_) 
    values
        (?, ?, ?, ?, ?, ?)
14:16:39,347 DEBUG SQL:104 - 
    insert 
    into
        Part
        (id, description, clazz) 
    values
        (null, ?, 'org.hibernate.test.legacy.Part')
14:16:39,354 DEBUG SQL:104 - 
    insert 
    into
        Part
        (id, description, clazz) 
    values
        (null, ?, 'org.hibernate.test.legacy.Part')
14:16:39,355 DEBUG SQL:104 - 
    insert 
    into
        moreParts
        (baz, part) 
    values
        (?, ?)
14:16:39,355 DEBUG SQL:104 - 
    insert 
    into
        moreParts
        (baz, part) 
    values
        (?, ?)
14:16:39,356 DEBUG SQL:104 - 
    select
        this_.id as id12_0_,
        this_.description as descript3_12_0_,
        this_.clazz as clazz12_0_ 
    from
        Part this_ 
    where
        (
            this_.description like 'x%'
        )
14:16:39,365 DEBUG SQL:104 - 
    select
        this_.id as id12_0_,
        this_.description as descript3_12_0_,
        this_.clazz as clazz12_0_ 
    from
        Part this_ 
    where
        (
            this_.description like 'x%'
        ) 
        and this_.id=?
14:16:39,365 DEBUG SQL:104 - 
    select
        part0_.id as id12_,
        part0_.description as descript3_12_,
        part0_.clazz as clazz12_ 
    from
        Part part0_ 
    where
        (
            part0_.description like 'x%'
        )
14:16:39,366 DEBUG SQL:104 - 
    select
        baz0_.baz_id_column_ as baz1_28_0_,
        part2_.id as id12_1_,
        baz0_.count_count as count2_28_0_,
        baz0_.name_b as name3_28_0_,
        baz0_.foo as foo28_0_,
        baz0_.superBaz as superBaz28_0_,
        baz0_."str" as str6_28_0_,
        part2_.description as descript3_12_1_,
        part2_.clazz as clazz12_1_ 
    from
        baz baz0_ 
    inner join
        moreParts moreparts1_ 
            on baz0_.baz_id_column_=moreparts1_.baz 
    inner join
        Part part2_ 
            on moreparts1_.part=part2_.id
14:16:39,375 DEBUG SQL:104 - 
    select
        intarray0_.id as id28_0_,
        intarray0_.j as j48_0_,
        intarray0_.i as i0_ 
    from
        int_array intarray0_ 
    where
        intarray0_.id=?
14:16:39,376 DEBUG SQL:104 - 
    select
        components0_.baz_id as baz1_28_0_,
        components0_.name as name33_0_,
        components0_.count_ as count3_33_0_,
        components0_.x_ as x4_33_0_,
        components0_.y_ as y5_33_0_,
        components0_.i as i0_ 
    from
        bazcomponents components0_ 
    where
        components0_.baz_id=?
14:16:39,385 DEBUG SQL:104 - 
    select
        timearray0_.baz_id as baz1_28_0_,
        timearray0_.the_time as the2_63_0_,
        timearray0_.j as j0_ 
    from
        timeArray timearray0_ 
    where
        timearray0_.baz_id=?
14:16:39,386 DEBUG SQL:104 - 
    select
        fooarray0_.id_ as id1_28_0_,
        fooarray0_.foo as foo5_0_,
        fooarray0_.i as i0_ 
    from
        FOO_ARRAY fooarray0_ 
    where
        (
            fooarray0_.i<8
        )  
        and fooarray0_.id_=?
14:16:39,386 DEBUG SQL:104 - 
    select
        stringarra0_.id_ as id1_28_0_,
        stringarra0_.name as name56_0_,
        stringarra0_.i as i0_ 
    from
        stringArray stringarra0_ 
    where
        stringarra0_.id_=?
14:16:39,387 DEBUG SQL:104 - 
    select
        floats0_.baz_compon_id as baz1_28_0_,
        floats0_.float_value as float2_30_0_ 
    from
        baz_floats_bag floats0_ 
    where
        floats0_.baz_compon_id=?
14:16:39,387 DEBUG SQL:104 - 
    select
        foos0_.baz_compon_id as baz46_28_8_,
        foos0_."foo_idcolumnname123" as foo1_20_8_,
        foos0_."foo_idcolumnname123" as foo1_20_7_,
        foos0_.version as version20_7_,
        foos0_.foo as foo20_7_,
        foos0_.long_ as long5_20_7_,
        foos0_."integer__" as integer6_20_7_,
        foos0_.float_ as float7_20_7_,
        foos0_.x as x20_7_,
        foos0_.double_ as double9_20_7_,
        foos0_.date_ as date10_20_7_,
        foos0_.timestamp_ as timestamp11_20_7_,
        foos0_.boolean_ as boolean12_20_7_,
        foos0_.bool_ as bool13_20_7_,
        foos0_.null_ as null14_20_7_,
        foos0_.short_ as short15_20_7_,
        foos0_.char_ as char16_20_7_,
        foos0_.zero_ as zero17_20_7_,
        foos0_.int_ as int18_20_7_,
        foos0_.string_ as string19_20_7_,
        foos0_.byte_ as byte20_20_7_,
        foos0_.yesno as yesno20_7_,
        foos0_.blobb_ as blobb22_20_7_,
        foos0_.nullBlob as nullBlob20_7_,
        foos0_.bin_ as bin24_20_7_,
        foos0_."localeayzabc123" as localea25_20_7_,
        foos0_.first_name as first26_20_7_,
        foos0_.surname as surname20_7_,
        foos0_.count_ as count28_20_7_,
        foos0_.name_ as name29_20_7_,
        foos0_.g__ as g30_20_7_,
        foos0_.cmpnt_null_ as cmpnt31_20_7_,
        foos0_.subname as subname20_7_,
        foos0_.fee_sub as fee33_20_7_,
        foos0_.null_cmpnt_ as null34_20_7_,
        foos0_1_.joinedProp as joinedProp49_7_,
        foos0_2_.dependent as dependent43_7_,
        foos0_.the_time as the35_20_7_,
        foos0_.baz as baz20_7_,
        foos0_.bar_string as bar37_20_7_,
        foos0_.bar_count as bar38_20_7_,
        foos0_.name as name20_7_,
        foos0_.clazz as clazz20_7_,
        foos0_.gen_id as gen41_20_7_,
        foos0_3_.name_name as name2_27_7_,
        foos0_.int_/2 as formula92_7_,
        foos0_."foo_subclass_1234" as foo2_20_7_,
        glarch1_.tha_key as tha1_21_0_,
        glarch1_.version as version21_0_,
        glarch1_.namecvbnmasdf as namecvbn3_21_0_,
        glarch1_.next_ as next4_21_0_,
        glarch1_.order_ as order5_21_0_,
        glarch1_.foo as foo21_0_,
        glarch1_.bar as bar21_0_,
        glarch1_.x as x21_0_,
        glarch1_.immutable as immutable21_0_,
        glarch1_."any_id_of_object" as any10_21_0_,
        glarch1_."any_class_of_object" as any11_21_0_,
        glarch1_.count_ as count12_21_0_,
        glarch1_.glarch_ as glarch13_21_0_,
        fee2_.id_ as id1_24_1_,
        fee2_.fi as fi24_1_,
        fee2_.fee as fee24_1_,
        fee2_.anotherFee as anotherFee24_1_,
        fee2_.qux as qux24_1_,
        fee2_.count_ as count6_24_1_,
        fee2_.name as name24_1_,
        fee2_.null_prop as null8_24_1_,
        fee3_.id_ as id1_24_2_,
        fee3_.fi as fi24_2_,
        fee3_.fee as fee24_2_,
        fee3_.anotherFee as anotherFee24_2_,
        fee3_.qux as qux24_2_,
        fee3_.count_ as count6_24_2_,
        fee3_.name as name24_2_,
        fee3_.null_prop as null8_24_2_,
        fee4_.id_ as id1_24_3_,
        fee4_.fi as fi24_3_,
        fee4_.fee as fee24_3_,
        fee4_.anotherFee as anotherFee24_3_,
        fee4_.qux as qux24_3_,
        fee4_.count_ as count6_24_3_,
        fee4_.name as name24_3_,
        fee4_.null_prop as null8_24_3_,
        baz5_.baz_id_column_ as baz1_28_4_,
        baz5_.count_count as count2_28_4_,
        baz5_.name_b as name3_28_4_,
        baz5_.foo as foo28_4_,
        baz5_.superBaz as superBaz28_4_,
        baz5_."str" as str6_28_4_,
        foo6_."foo_idcolumnname123" as foo1_20_5_,
        foo6_.version as version20_5_,
        foo6_.foo as foo20_5_,
        foo6_.long_ as long5_20_5_,
        foo6_."integer__" as integer6_20_5_,
        foo6_.float_ as float7_20_5_,
        foo6_.x as x20_5_,
        foo6_.double_ as double9_20_5_,
        foo6_.date_ as date10_20_5_,
        foo6_.timestamp_ as timestamp11_20_5_,
        foo6_.boolean_ as boolean12_20_5_,
        foo6_.bool_ as bool13_20_5_,
        foo6_.null_ as null14_20_5_,
        foo6_.short_ as short15_20_5_,
        foo6_.char_ as char16_20_5_,
        foo6_.zero_ as zero17_20_5_,
        foo6_.int_ as int18_20_5_,
        foo6_.string_ as string19_20_5_,
        foo6_.byte_ as byte20_20_5_,
        foo6_.yesno as yesno20_5_,
        foo6_.blobb_ as blobb22_20_5_,
        foo6_.nullBlob as nullBlob20_5_,
        foo6_.bin_ as bin24_20_5_,
        foo6_."localeayzabc123" as localea25_20_5_,
        foo6_.first_name as first26_20_5_,
        foo6_.surname as surname20_5_,
        foo6_.count_ as count28_20_5_,
        foo6_.name_ as name29_20_5_,
        foo6_.g__ as g30_20_5_,
        foo6_.cmpnt_null_ as cmpnt31_20_5_,
        foo6_.subname as subname20_5_,
        foo6_.fee_sub as fee33_20_5_,
        foo6_.null_cmpnt_ as null34_20_5_,
        foo6_1_.joinedProp as joinedProp49_5_,
        foo6_2_.dependent as dependent43_5_,
        foo6_.the_time as the35_20_5_,
        foo6_.baz as baz20_5_,
        foo6_.bar_string as bar37_20_5_,
        foo6_.bar_count as bar38_20_5_,
        foo6_.name as name20_5_,
        foo6_.clazz as clazz20_5_,
        foo6_.gen_id as gen41_20_5_,
        foo6_3_.name_name as name2_27_5_,
        foo6_.int_/2 as formula92_5_,
        foo6_."foo_subclass_1234" as foo2_20_5_,
        baz7_.baz_id_column_ as baz1_28_6_,
        baz7_.count_count as count2_28_6_,
        baz7_.name_b as name3_28_6_,
        baz7_.foo as foo28_6_,
        baz7_.superBaz as superBaz28_6_,
        baz7_."str" as str6_28_6_ 
    from
        "foos" foos0_ 
    inner join
        jointable foos0_1_ 
            on foos0_."foo_idcolumnname123"=foos0_1_.fooid 
    inner join
        foo_dep_table foos0_2_ 
            on foos0_."foo_idcolumnname123"=foos0_2_.fooid 
    left outer join
        bar_join_table foos0_3_ 
            on foos0_."foo_idcolumnname123"=foos0_3_.bar_id 
    left outer join
        "glarchez" glarch1_ 
            on foos0_.g__=glarch1_.tha_key 
    inner join
        "the fees" fee2_ 
            on foos0_2_.dependent=fee2_.id_ 
    left outer join
        "the fees" fee3_ 
            on fee2_.fee=fee3_.id_ 
    left outer join
        "the fees" fee4_ 
            on fee3_.anotherFee=fee4_.id_ 
    left outer join
        baz baz5_ 
            on foos0_.baz=baz5_.baz_id_column_ 
    left outer join
        "foos" foo6_ 
            on baz5_.foo=foo6_."foo_idcolumnname123" 
    left outer join
        jointable foo6_1_ 
            on foo6_."foo_idcolumnname123"=foo6_1_.fooid 
    left outer join
        foo_dep_table foo6_2_ 
            on foo6_."foo_idcolumnname123"=foo6_2_.fooid 
    left outer join
        bar_join_table foo6_3_ 
            on foo6_."foo_idcolumnname123"=foo6_3_.bar_id 
    left outer join
        baz baz7_ 
            on baz5_.superBaz=baz7_.baz_id_column_ 
    where
        foos0_."foo_subclass_1234" in (
            'F', 'B', 'T'
        ) 
        and foos0_.baz_compon_id=?
14:16:39,454 DEBUG SQL:104 - 
    select
        subs0_.superBaz as superBaz28_7_,
        subs0_.baz_id_column_ as baz1_28_7_,
        subs0_.baz_id_column_ as baz1_28_6_,
        subs0_.count_count as count2_28_6_,
        subs0_.name_b as name3_28_6_,
        subs0_.foo as foo28_6_,
        subs0_.superBaz as superBaz28_6_,
        subs0_."str" as str6_28_6_,
        foo1_."foo_idcolumnname123" as foo1_20_0_,
        foo1_.version as version20_0_,
        foo1_.foo as foo20_0_,
        foo1_.long_ as long5_20_0_,
        foo1_."integer__" as integer6_20_0_,
        foo1_.float_ as float7_20_0_,
        foo1_.x as x20_0_,
        foo1_.double_ as double9_20_0_,
        foo1_.date_ as date10_20_0_,
        foo1_.timestamp_ as timestamp11_20_0_,
        foo1_.boolean_ as boolean12_20_0_,
        foo1_.bool_ as bool13_20_0_,
        foo1_.null_ as null14_20_0_,
        foo1_.short_ as short15_20_0_,
        foo1_.char_ as char16_20_0_,
        foo1_.zero_ as zero17_20_0_,
        foo1_.int_ as int18_20_0_,
        foo1_.string_ as string19_20_0_,
        foo1_.byte_ as byte20_20_0_,
        foo1_.yesno as yesno20_0_,
        foo1_.blobb_ as blobb22_20_0_,
        foo1_.nullBlob as nullBlob20_0_,
        foo1_.bin_ as bin24_20_0_,
        foo1_."localeayzabc123" as localea25_20_0_,
        foo1_.first_name as first26_20_0_,
        foo1_.surname as surname20_0_,
        foo1_.count_ as count28_20_0_,
        foo1_.name_ as name29_20_0_,
        foo1_.g__ as g30_20_0_,
        foo1_.cmpnt_null_ as cmpnt31_20_0_,
        foo1_.subname as subname20_0_,
        foo1_.fee_sub as fee33_20_0_,
        foo1_.null_cmpnt_ as null34_20_0_,
        foo1_1_.joinedProp as joinedProp49_0_,
        foo1_2_.dependent as dependent43_0_,
        foo1_.the_time as the35_20_0_,
        foo1_.baz as baz20_0_,
        foo1_.bar_string as bar37_20_0_,
        foo1_.bar_count as bar38_20_0_,
        foo1_.name as name20_0_,
        foo1_.clazz as clazz20_0_,
        foo1_.gen_id as gen41_20_0_,
        foo1_3_.name_name as name2_27_0_,
        foo1_.int_/2 as formula92_0_,
        foo1_."foo_subclass_1234" as foo2_20_0_,
        glarch2_.tha_key as tha1_21_1_,
        glarch2_.version as version21_1_,
        glarch2_.namecvbnmasdf as namecvbn3_21_1_,
        glarch2_.next_ as next4_21_1_,
        glarch2_.order_ as order5_21_1_,
        glarch2_.foo as foo21_1_,
        glarch2_.bar as bar21_1_,
        glarch2_.x as x21_1_,
        glarch2_.immutable as immutable21_1_,
        glarch2_."any_id_of_object" as any10_21_1_,
        glarch2_."any_class_of_object" as any11_21_1_,
        glarch2_.count_ as count12_21_1_,
        glarch2_.glarch_ as glarch13_21_1_,
        fee3_.id_ as id1_24_2_,
        fee3_.fi as fi24_2_,
        fee3_.fee as fee24_2_,
        fee3_.anotherFee as anotherFee24_2_,
        fee3_.qux as qux24_2_,
        fee3_.count_ as count6_24_2_,
        fee3_.name as name24_2_,
        fee3_.null_prop as null8_24_2_,
        fee4_.id_ as id1_24_3_,
        fee4_.fi as fi24_3_,
        fee4_.fee as fee24_3_,
        fee4_.anotherFee as anotherFee24_3_,
        fee4_.qux as qux24_3_,
        fee4_.count_ as count6_24_3_,
        fee4_.name as name24_3_,
        fee4_.null_prop as null8_24_3_,
        fee5_.id_ as id1_24_4_,
        fee5_.fi as fi24_4_,
        fee5_.fee as fee24_4_,
        fee5_.anotherFee as anotherFee24_4_,
        fee5_.qux as qux24_4_,
        fee5_.count_ as count6_24_4_,
        fee5_.name as name24_4_,
        fee5_.null_prop as null8_24_4_,
        baz6_.baz_id_column_ as baz1_28_5_,
        baz6_.count_count as count2_28_5_,
        baz6_.name_b as name3_28_5_,
        baz6_.foo as foo28_5_,
        baz6_.superBaz as superBaz28_5_,
        baz6_."str" as str6_28_5_ 
    from
        baz subs0_ 
    left outer join
        "foos" foo1_ 
            on subs0_.foo=foo1_."foo_idcolumnname123" 
    left outer join
        jointable foo1_1_ 
            on foo1_."foo_idcolumnname123"=foo1_1_.fooid 
    left outer join
        foo_dep_table foo1_2_ 
            on foo1_."foo_idcolumnname123"=foo1_2_.fooid 
    left outer join
        bar_join_table foo1_3_ 
            on foo1_."foo_idcolumnname123"=foo1_3_.bar_id 
    left outer join
        "glarchez" glarch2_ 
            on foo1_.g__=glarch2_.tha_key 
    left outer join
        "the fees" fee3_ 
            on foo1_2_.dependent=fee3_.id_ 
    left outer join
        "the fees" fee4_ 
            on fee3_.fee=fee4_.id_ 
    left outer join
        "the fees" fee5_ 
            on fee4_.anotherFee=fee5_.id_ 
    left outer join
        baz baz6_ 
            on foo1_.baz=baz6_.baz_id_column_ 
    where
        subs0_.superBaz=?
14:16:39,497 DEBUG SQL:104 - 
    select
        sortablez0_.baz as baz28_1_,
        sortablez0_.id as id14_1_,
        sortablez0_.id as id14_0_,
        sortablez0_.name as name14_0_ 
    from
        Sortable sortablez0_ 
    where
        sortablez0_.baz=?
14:16:39,497 DEBUG SQL:104 - 
    select
        stringglar0_.baz_map_id as baz18_28_1_,
        stringglar0_.tha_key as tha1_21_1_,
        stringglar0_.baz_map_index as baz19_1_,
        stringglar0_.tha_key as tha1_21_0_,
        stringglar0_.version as version21_0_,
        stringglar0_.namecvbnmasdf as namecvbn3_21_0_,
        stringglar0_.next_ as next4_21_0_,
        stringglar0_.order_ as order5_21_0_,
        stringglar0_.foo as foo21_0_,
        stringglar0_.bar as bar21_0_,
        stringglar0_.x as x21_0_,
        stringglar0_.immutable as immutable21_0_,
        stringglar0_."any_id_of_object" as any10_21_0_,
        stringglar0_."any_class_of_object" as any11_21_0_,
        stringglar0_.count_ as count12_21_0_,
        stringglar0_.glarch_ as glarch13_21_0_ 
    from
        "glarchez" stringglar0_ 
    where
        (
            stringglar0_.baz_map_index > 'a' 
            and stringglar0_.tha_key is not null
        )  
        and stringglar0_.baz_map_id=?
14:16:39,497 DEBUG SQL:104 - 
    select
        cachedmap0_.baz as baz28_0_,
        cachedmap0_.foo as foo34_0_,
        cachedmap0_.bar as bar34_0_,
        cachedmap0_.another_baz as another4_0_ 
    from
        cached_map cachedmap0_ 
    where
        cachedmap0_.baz=?
14:16:39,498 DEBUG SQL:104 - 
    select
        cached0_.baz as baz28_0_,
        cached0_.foo as foo35_0_,
        cached0_.bar as bar35_0_ 
    from
        cached_set cached0_ 
    where
        cached0_.baz=?
14:16:39,506 DEBUG SQL:104 - 
    select
        topglarche0_.idtopglarch as idtopgl16_28_1_,
        topglarche0_.tha_key as tha1_21_1_,
        topglarche0_.mapkey as mapkey1_,
        topglarche0_.tha_key as tha1_21_0_,
        topglarche0_.version as version21_0_,
        topglarche0_.namecvbnmasdf as namecvbn3_21_0_,
        topglarche0_.next_ as next4_21_0_,
        topglarche0_.order_ as order5_21_0_,
        topglarche0_.foo as foo21_0_,
        topglarche0_.bar as bar21_0_,
        topglarche0_.x as x21_0_,
        topglarche0_.immutable as immutable21_0_,
        topglarche0_."any_id_of_object" as any10_21_0_,
        topglarche0_."any_class_of_object" as any11_21_0_,
        topglarche0_.count_ as count12_21_0_,
        topglarche0_.glarch_ as glarch13_21_0_ 
    from
        "glarchez" topglarche0_ 
    where
        topglarche0_.idtopglarch=?
14:16:39,507 DEBUG SQL:104 - 
    select
        cascadingb0_.idofbaz as idofbaz28_8_,
        cascadingb0_."foo_idcolumnname123" as foo1_20_8_,
        cascadingb0_."foo_idcolumnname123" as foo1_20_7_,
        cascadingb0_.version as version20_7_,
        cascadingb0_.foo as foo20_7_,
        cascadingb0_.long_ as long5_20_7_,
        cascadingb0_."integer__" as integer6_20_7_,
        cascadingb0_.float_ as float7_20_7_,
        cascadingb0_.x as x20_7_,
        cascadingb0_.double_ as double9_20_7_,
        cascadingb0_.date_ as date10_20_7_,
        cascadingb0_.timestamp_ as timestamp11_20_7_,
        cascadingb0_.boolean_ as boolean12_20_7_,
        cascadingb0_.bool_ as bool13_20_7_,
        cascadingb0_.null_ as null14_20_7_,
        cascadingb0_.short_ as short15_20_7_,
        cascadingb0_.char_ as char16_20_7_,
        cascadingb0_.zero_ as zero17_20_7_,
        cascadingb0_.int_ as int18_20_7_,
        cascadingb0_.string_ as string19_20_7_,
        cascadingb0_.byte_ as byte20_20_7_,
        cascadingb0_.yesno as yesno20_7_,
        cascadingb0_.blobb_ as blobb22_20_7_,
        cascadingb0_.nullBlob as nullBlob20_7_,
        cascadingb0_.bin_ as bin24_20_7_,
        cascadingb0_."localeayzabc123" as localea25_20_7_,
        cascadingb0_.first_name as first26_20_7_,
        cascadingb0_.surname as surname20_7_,
        cascadingb0_.count_ as count28_20_7_,
        cascadingb0_.name_ as name29_20_7_,
        cascadingb0_.g__ as g30_20_7_,
        cascadingb0_.cmpnt_null_ as cmpnt31_20_7_,
        cascadingb0_.subname as subname20_7_,
        cascadingb0_.fee_sub as fee33_20_7_,
        cascadingb0_.null_cmpnt_ as null34_20_7_,
        cascadingb0_1_.joinedProp as joinedProp49_7_,
        cascadingb0_2_.dependent as dependent43_7_,
        cascadingb0_.the_time as the35_20_7_,
        cascadingb0_.baz as baz20_7_,
        cascadingb0_.bar_string as bar37_20_7_,
        cascadingb0_.bar_count as bar38_20_7_,
        cascadingb0_.name as name20_7_,
        cascadingb0_.clazz as clazz20_7_,
        cascadingb0_.gen_id as gen41_20_7_,
        cascadingb0_3_.name_name as name2_27_7_,
        cascadingb0_.int_/2 as formula92_7_,
        glarch1_.tha_key as tha1_21_0_,
        glarch1_.version as version21_0_,
        glarch1_.namecvbnmasdf as namecvbn3_21_0_,
        glarch1_.next_ as next4_21_0_,
        glarch1_.order_ as order5_21_0_,
        glarch1_.foo as foo21_0_,
        glarch1_.bar as bar21_0_,
        glarch1_.x as x21_0_,
        glarch1_.immutable as immutable21_0_,
        glarch1_."any_id_of_object" as any10_21_0_,
        glarch1_."any_class_of_object" as any11_21_0_,
        glarch1_.count_ as count12_21_0_,
        glarch1_.glarch_ as glarch13_21_0_,
        fee2_.id_ as id1_24_1_,
        fee2_.fi as fi24_1_,
        fee2_.fee as fee24_1_,
        fee2_.anotherFee as anotherFee24_1_,
        fee2_.qux as qux24_1_,
        fee2_.count_ as count6_24_1_,
        fee2_.name as name24_1_,
        fee2_.null_prop as null8_24_1_,
        fee3_.id_ as id1_24_2_,
        fee3_.fi as fi24_2_,
        fee3_.fee as fee24_2_,
        fee3_.anotherFee as anotherFee24_2_,
        fee3_.qux as qux24_2_,
        fee3_.count_ as count6_24_2_,
        fee3_.name as name24_2_,
        fee3_.null_prop as null8_24_2_,
        fee4_.id_ as id1_24_3_,
        fee4_.fi as fi24_3_,
        fee4_.fee as fee24_3_,
        fee4_.anotherFee as anotherFee24_3_,
        fee4_.qux as qux24_3_,
        fee4_.count_ as count6_24_3_,
        fee4_.name as name24_3_,
        fee4_.null_prop as null8_24_3_,
        baz5_.baz_id_column_ as baz1_28_4_,
        baz5_.count_count as count2_28_4_,
        baz5_.name_b as name3_28_4_,
        baz5_.foo as foo28_4_,
        baz5_.superBaz as superBaz28_4_,
        baz5_."str" as str6_28_4_,
        foo6_."foo_idcolumnname123" as foo1_20_5_,
        foo6_.version as version20_5_,
        foo6_.foo as foo20_5_,
        foo6_.long_ as long5_20_5_,
        foo6_."integer__" as integer6_20_5_,
        foo6_.float_ as float7_20_5_,
        foo6_.x as x20_5_,
        foo6_.double_ as double9_20_5_,
        foo6_.date_ as date10_20_5_,
        foo6_.timestamp_ as timestamp11_20_5_,
        foo6_.boolean_ as boolean12_20_5_,
        foo6_.bool_ as bool13_20_5_,
        foo6_.null_ as null14_20_5_,
        foo6_.short_ as short15_20_5_,
        foo6_.char_ as char16_20_5_,
        foo6_.zero_ as zero17_20_5_,
        foo6_.int_ as int18_20_5_,
        foo6_.string_ as string19_20_5_,
        foo6_.byte_ as byte20_20_5_,
        foo6_.yesno as yesno20_5_,
        foo6_.blobb_ as blobb22_20_5_,
        foo6_.nullBlob as nullBlob20_5_,
        foo6_.bin_ as bin24_20_5_,
        foo6_."localeayzabc123" as localea25_20_5_,
        foo6_.first_name as first26_20_5_,
        foo6_.surname as surname20_5_,
        foo6_.count_ as count28_20_5_,
        foo6_.name_ as name29_20_5_,
        foo6_.g__ as g30_20_5_,
        foo6_.cmpnt_null_ as cmpnt31_20_5_,
        foo6_.subname as subname20_5_,
        foo6_.fee_sub as fee33_20_5_,
        foo6_.null_cmpnt_ as null34_20_5_,
        foo6_1_.joinedProp as joinedProp49_5_,
        foo6_2_.dependent as dependent43_5_,
        foo6_.the_time as the35_20_5_,
        foo6_.baz as baz20_5_,
        foo6_.bar_string as bar37_20_5_,
        foo6_.bar_count as bar38_20_5_,
        foo6_.name as name20_5_,
        foo6_.clazz as clazz20_5_,
        foo6_.gen_id as gen41_20_5_,
        foo6_3_.name_name as name2_27_5_,
        foo6_.int_/2 as formula92_5_,
        foo6_."foo_subclass_1234" as foo2_20_5_,
        baz7_.baz_id_column_ as baz1_28_6_,
        baz7_.count_count as count2_28_6_,
        baz7_.name_b as name3_28_6_,
        baz7_.foo as foo28_6_,
        baz7_.superBaz as superBaz28_6_,
        baz7_."str" as str6_28_6_ 
    from
        "foos" cascadingb0_ 
    inner join
        jointable cascadingb0_1_ 
            on cascadingb0_."foo_idcolumnname123"=cascadingb0_1_.fooid 
    inner join
        foo_dep_table cascadingb0_2_ 
            on cascadingb0_."foo_idcolumnname123"=cascadingb0_2_.fooid 
    inner join
        bar_join_table cascadingb0_3_ 
            on cascadingb0_."foo_idcolumnname123"=cascadingb0_3_.bar_id 
    left outer join
        "glarchez" glarch1_ 
            on cascadingb0_.g__=glarch1_.tha_key 
    inner join
        "the fees" fee2_ 
            on cascadingb0_2_.dependent=fee2_.id_ 
    left outer join
        "the fees" fee3_ 
            on fee2_.fee=fee3_.id_ 
    left outer join
        "the fees" fee4_ 
            on fee3_.anotherFee=fee4_.id_ 
    left outer join
        baz baz5_ 
            on cascadingb0_.baz=baz5_.baz_id_column_ 
    left outer join
        "foos" foo6_ 
            on baz5_.foo=foo6_."foo_idcolumnname123" 
    left outer join
        jointable foo6_1_ 
            on foo6_."foo_idcolumnname123"=foo6_1_.fooid 
    left outer join
        foo_dep_table foo6_2_ 
            on foo6_."foo_idcolumnname123"=foo6_2_.fooid 
    left outer join
        bar_join_table foo6_3_ 
            on foo6_."foo_idcolumnname123"=foo6_3_.bar_id 
    left outer join
        baz baz7_ 
            on baz5_.superBaz=baz7_.baz_id_column_ 
    where
        cascadingb0_."foo_subclass_1234"='B' 
        and cascadingb0_.idofbaz=?
14:16:39,586 DEBUG SQL:104 - 
    select
        topfoos0_.idtopbar as idtopbar28_8_,
        topfoos0_."foo_idcolumnname123" as foo1_20_8_,
        topfoos0_."foo_idcolumnname123" as foo1_20_7_,
        topfoos0_.version as version20_7_,
        topfoos0_.foo as foo20_7_,
        topfoos0_.long_ as long5_20_7_,
        topfoos0_."integer__" as integer6_20_7_,
        topfoos0_.float_ as float7_20_7_,
        topfoos0_.x as x20_7_,
        topfoos0_.double_ as double9_20_7_,
        topfoos0_.date_ as date10_20_7_,
        topfoos0_.timestamp_ as timestamp11_20_7_,
        topfoos0_.boolean_ as boolean12_20_7_,
        topfoos0_.bool_ as bool13_20_7_,
        topfoos0_.null_ as null14_20_7_,
        topfoos0_.short_ as short15_20_7_,
        topfoos0_.char_ as char16_20_7_,
        topfoos0_.zero_ as zero17_20_7_,
        topfoos0_.int_ as int18_20_7_,
        topfoos0_.string_ as string19_20_7_,
        topfoos0_.byte_ as byte20_20_7_,
        topfoos0_.yesno as yesno20_7_,
        topfoos0_.blobb_ as blobb22_20_7_,
        topfoos0_.nullBlob as nullBlob20_7_,
        topfoos0_.bin_ as bin24_20_7_,
        topfoos0_."localeayzabc123" as localea25_20_7_,
        topfoos0_.first_name as first26_20_7_,
        topfoos0_.surname as surname20_7_,
        topfoos0_.count_ as count28_20_7_,
        topfoos0_.name_ as name29_20_7_,
        topfoos0_.g__ as g30_20_7_,
        topfoos0_.cmpnt_null_ as cmpnt31_20_7_,
        topfoos0_.subname as subname20_7_,
        topfoos0_.fee_sub as fee33_20_7_,
        topfoos0_.null_cmpnt_ as null34_20_7_,
        topfoos0_1_.joinedProp as joinedProp49_7_,
        topfoos0_2_.dependent as dependent43_7_,
        topfoos0_.the_time as the35_20_7_,
        topfoos0_.baz as baz20_7_,
        topfoos0_.bar_string as bar37_20_7_,
        topfoos0_.bar_count as bar38_20_7_,
        topfoos0_.name as name20_7_,
        topfoos0_.clazz as clazz20_7_,
        topfoos0_.gen_id as gen41_20_7_,
        topfoos0_3_.name_name as name2_27_7_,
        topfoos0_.int_/2 as formula92_7_,
        glarch1_.tha_key as tha1_21_0_,
        glarch1_.version as version21_0_,
        glarch1_.namecvbnmasdf as namecvbn3_21_0_,
        glarch1_.next_ as next4_21_0_,
        glarch1_.order_ as order5_21_0_,
        glarch1_.foo as foo21_0_,
        glarch1_.bar as bar21_0_,
        glarch1_.x as x21_0_,
        glarch1_.immutable as immutable21_0_,
        glarch1_."any_id_of_object" as any10_21_0_,
        glarch1_."any_class_of_object" as any11_21_0_,
        glarch1_.count_ as count12_21_0_,
        glarch1_.glarch_ as glarch13_21_0_,
        fee2_.id_ as id1_24_1_,
        fee2_.fi as fi24_1_,
        fee2_.fee as fee24_1_,
        fee2_.anotherFee as anotherFee24_1_,
        fee2_.qux as qux24_1_,
        fee2_.count_ as count6_24_1_,
        fee2_.name as name24_1_,
        fee2_.null_prop as null8_24_1_,
        fee3_.id_ as id1_24_2_,
        fee3_.fi as fi24_2_,
        fee3_.fee as fee24_2_,
        fee3_.anotherFee as anotherFee24_2_,
        fee3_.qux as qux24_2_,
        fee3_.count_ as count6_24_2_,
        fee3_.name as name24_2_,
        fee3_.null_prop as null8_24_2_,
        fee4_.id_ as id1_24_3_,
        fee4_.fi as fi24_3_,
        fee4_.fee as fee24_3_,
        fee4_.anotherFee as anotherFee24_3_,
        fee4_.qux as qux24_3_,
        fee4_.count_ as count6_24_3_,
        fee4_.name as name24_3_,
        fee4_.null_prop as null8_24_3_,
        baz5_.baz_id_column_ as baz1_28_4_,
        baz5_.count_count as count2_28_4_,
        baz5_.name_b as name3_28_4_,
        baz5_.foo as foo28_4_,
        baz5_.superBaz as superBaz28_4_,
        baz5_."str" as str6_28_4_,
        foo6_."foo_idcolumnname123" as foo1_20_5_,
        foo6_.version as version20_5_,
        foo6_.foo as foo20_5_,
        foo6_.long_ as long5_20_5_,
        foo6_."integer__" as integer6_20_5_,
        foo6_.float_ as float7_20_5_,
        foo6_.x as x20_5_,
        foo6_.double_ as double9_20_5_,
        foo6_.date_ as date10_20_5_,
        foo6_.timestamp_ as timestamp11_20_5_,
        foo6_.boolean_ as boolean12_20_5_,
        foo6_.bool_ as bool13_20_5_,
        foo6_.null_ as null14_20_5_,
        foo6_.short_ as short15_20_5_,
        foo6_.char_ as char16_20_5_,
        foo6_.zero_ as zero17_20_5_,
        foo6_.int_ as int18_20_5_,
        foo6_.string_ as string19_20_5_,
        foo6_.byte_ as byte20_20_5_,
        foo6_.yesno as yesno20_5_,
        foo6_.blobb_ as blobb22_20_5_,
        foo6_.nullBlob as nullBlob20_5_,
        foo6_.bin_ as bin24_20_5_,
        foo6_."localeayzabc123" as localea25_20_5_,
        foo6_.first_name as first26_20_5_,
        foo6_.surname as surname20_5_,
        foo6_.count_ as count28_20_5_,
        foo6_.name_ as name29_20_5_,
        foo6_.g__ as g30_20_5_,
        foo6_.cmpnt_null_ as cmpnt31_20_5_,
        foo6_.subname as subname20_5_,
        foo6_.fee_sub as fee33_20_5_,
        foo6_.null_cmpnt_ as null34_20_5_,
        foo6_1_.joinedProp as joinedProp49_5_,
        foo6_2_.dependent as dependent43_5_,
        foo6_.the_time as the35_20_5_,
        foo6_.baz as baz20_5_,
        foo6_.bar_string as bar37_20_5_,
        foo6_.bar_count as bar38_20_5_,
        foo6_.name as name20_5_,
        foo6_.clazz as clazz20_5_,
        foo6_.gen_id as gen41_20_5_,
        foo6_3_.name_name as name2_27_5_,
        foo6_.int_/2 as formula92_5_,
        foo6_."foo_subclass_1234" as foo2_20_5_,
        baz7_.baz_id_column_ as baz1_28_6_,
        baz7_.count_count as count2_28_6_,
        baz7_.name_b as name3_28_6_,
        baz7_.foo as foo28_6_,
        baz7_.superBaz as superBaz28_6_,
        baz7_."str" as str6_28_6_ 
    from
        "foos" topfoos0_ 
    inner join
        jointable topfoos0_1_ 
            on topfoos0_."foo_idcolumnname123"=topfoos0_1_.fooid 
    inner join
        foo_dep_table topfoos0_2_ 
            on topfoos0_."foo_idcolumnname123"=topfoos0_2_.fooid 
    inner join
        bar_join_table topfoos0_3_ 
            on topfoos0_."foo_idcolumnname123"=topfoos0_3_.bar_id 
    left outer join
        "glarchez" glarch1_ 
            on topfoos0_.g__=glarch1_.tha_key 
    inner join
        "the fees" fee2_ 
            on topfoos0_2_.dependent=fee2_.id_ 
    left outer join
        "the fees" fee3_ 
            on fee2_.fee=fee3_.id_ 
    left outer join
        "the fees" fee4_ 
            on fee3_.anotherFee=fee4_.id_ 
    left outer join
        baz baz5_ 
            on topfoos0_.baz=baz5_.baz_id_column_ 
    left outer join
        "foos" foo6_ 
            on baz5_.foo=foo6_."foo_idcolumnname123" 
    left outer join
        jointable foo6_1_ 
            on foo6_."foo_idcolumnname123"=foo6_1_.fooid 
    left outer join
        foo_dep_table foo6_2_ 
            on foo6_."foo_idcolumnname123"=foo6_2_.fooid 
    left outer join
        bar_join_table foo6_3_ 
            on foo6_."foo_idcolumnname123"=foo6_3_.bar_id 
    left outer join
        baz baz7_ 
            on baz5_.superBaz=baz7_.baz_id_column_ 
    where
        topfoos0_."foo_subclass_1234"='B' 
        and topfoos0_.idtopbar=?
14:16:39,642 DEBUG SQL:104 - 
    select
        topcompone0_.id_ as id1_28_0_,
        topcompone0_.name as name64_0_,
        topcompone0_.count_ as count3_64_0_,
        topcompone0_.i as i0_ 
    from
        topcomponents topcompone0_ 
    where
        topcompone0_.id_=?
14:16:39,642 DEBUG SQL:104 - 
    select
        customs0_.id_ as id1_28_0_,
        customs0_.first_ as first2_38_0_,
        customs0_.second_ as second3_38_0_,
        customs0_.indx as indx0_ 
    from
        customs customs0_ 
    where
        customs0_.id_=?
14:16:39,652 DEBUG SQL:104 - 
    select
        glarchtofo0_.gtf_baz_id as gtf14_28_1_,
        glarchtofo0_.tha_key as tha1_21_1_,
        glarchtofo0_.gtf_foo_id as gtf15_1_,
        glarchtofo0_.tha_key as tha1_21_0_,
        glarchtofo0_.version as version21_0_,
        glarchtofo0_.namecvbnmasdf as namecvbn3_21_0_,
        glarchtofo0_.next_ as next4_21_0_,
        glarchtofo0_.order_ as order5_21_0_,
        glarchtofo0_.foo as foo21_0_,
        glarchtofo0_.bar as bar21_0_,
        glarchtofo0_.x as x21_0_,
        glarchtofo0_.immutable as immutable21_0_,
        glarchtofo0_."any_id_of_object" as any10_21_0_,
        glarchtofo0_."any_class_of_object" as any11_21_0_,
        glarchtofo0_.count_ as count12_21_0_,
        glarchtofo0_.glarch_ as glarch13_21_0_ 
    from
        "glarchez" glarchtofo0_ 
    where
        glarchtofo0_.gtf_baz_id=?
14:16:39,653 DEBUG SQL:104 - 
    select
        foocompone0_.baz_id as baz1_28_8_,
        foocompone0_.foo_id as foo2_40_8_,
        foocompone0_.name as name8_,
        foocompone0_.count_ as count4_8_,
        foo1_."foo_idcolumnname123" as foo1_20_0_,
        foo1_.version as version20_0_,
        foo1_.foo as foo20_0_,
        foo1_.long_ as long5_20_0_,
        foo1_."integer__" as integer6_20_0_,
        foo1_.float_ as float7_20_0_,
        foo1_.x as x20_0_,
        foo1_.double_ as double9_20_0_,
        foo1_.date_ as date10_20_0_,
        foo1_.timestamp_ as timestamp11_20_0_,
        foo1_.boolean_ as boolean12_20_0_,
        foo1_.bool_ as bool13_20_0_,
        foo1_.null_ as null14_20_0_,
        foo1_.short_ as short15_20_0_,
        foo1_.char_ as char16_20_0_,
        foo1_.zero_ as zero17_20_0_,
        foo1_.int_ as int18_20_0_,
        foo1_.string_ as string19_20_0_,
        foo1_.byte_ as byte20_20_0_,
        foo1_.yesno as yesno20_0_,
        foo1_.blobb_ as blobb22_20_0_,
        foo1_.nullBlob as nullBlob20_0_,
        foo1_.bin_ as bin24_20_0_,
        foo1_."localeayzabc123" as localea25_20_0_,
        foo1_.first_name as first26_20_0_,
        foo1_.surname as surname20_0_,
        foo1_.count_ as count28_20_0_,
        foo1_.name_ as name29_20_0_,
        foo1_.g__ as g30_20_0_,
        foo1_.cmpnt_null_ as cmpnt31_20_0_,
        foo1_.subname as subname20_0_,
        foo1_.fee_sub as fee33_20_0_,
        foo1_.null_cmpnt_ as null34_20_0_,
        foo1_1_.joinedProp as joinedProp49_0_,
        foo1_2_.dependent as dependent43_0_,
        foo1_.the_time as the35_20_0_,
        foo1_.baz as baz20_0_,
        foo1_.bar_string as bar37_20_0_,
        foo1_.bar_count as bar38_20_0_,
        foo1_.name as name20_0_,
        foo1_.clazz as clazz20_0_,
        foo1_.gen_id as gen41_20_0_,
        foo1_3_.name_name as name2_27_0_,
        foo1_.int_/2 as formula92_0_,
        foo1_."foo_subclass_1234" as foo2_20_0_,
        glarch2_.tha_key as tha1_21_1_,
        glarch2_.version as version21_1_,
        glarch2_.namecvbnmasdf as namecvbn3_21_1_,
        glarch2_.next_ as next4_21_1_,
        glarch2_.order_ as order5_21_1_,
        glarch2_.foo as foo21_1_,
        glarch2_.bar as bar21_1_,
        glarch2_.x as x21_1_,
        glarch2_.immutable as immutable21_1_,
        glarch2_."any_id_of_object" as any10_21_1_,
        glarch2_."any_class_of_object" as any11_21_1_,
        glarch2_.count_ as count12_21_1_,
        glarch2_.glarch_ as glarch13_21_1_,
        fee3_.id_ as id1_24_2_,
        fee3_.fi as fi24_2_,
        fee3_.fee as fee24_2_,
        fee3_.anotherFee as anotherFee24_2_,
        fee3_.qux as qux24_2_,
        fee3_.count_ as count6_24_2_,
        fee3_.name as name24_2_,
        fee3_.null_prop as null8_24_2_,
        fee4_.id_ as id1_24_3_,
        fee4_.fi as fi24_3_,
        fee4_.fee as fee24_3_,
        fee4_.anotherFee as anotherFee24_3_,
        fee4_.qux as qux24_3_,
        fee4_.count_ as count6_24_3_,
        fee4_.name as name24_3_,
        fee4_.null_prop as null8_24_3_,
        fee5_.id_ as id1_24_4_,
        fee5_.fi as fi24_4_,
        fee5_.fee as fee24_4_,
        fee5_.anotherFee as anotherFee24_4_,
        fee5_.qux as qux24_4_,
        fee5_.count_ as count6_24_4_,
        fee5_.name as name24_4_,
        fee5_.null_prop as null8_24_4_,
        baz6_.baz_id_column_ as baz1_28_5_,
        baz6_.count_count as count2_28_5_,
        baz6_.name_b as name3_28_5_,
        baz6_.foo as foo28_5_,
        baz6_.superBaz as superBaz28_5_,
        baz6_."str" as str6_28_5_,
        foo7_."foo_idcolumnname123" as foo1_20_6_,
        foo7_.version as version20_6_,
        foo7_.foo as foo20_6_,
        foo7_.long_ as long5_20_6_,
        foo7_."integer__" as integer6_20_6_,
        foo7_.float_ as float7_20_6_,
        foo7_.x as x20_6_,
        foo7_.double_ as double9_20_6_,
        foo7_.date_ as date10_20_6_,
        foo7_.timestamp_ as timestamp11_20_6_,
        foo7_.boolean_ as boolean12_20_6_,
        foo7_.bool_ as bool13_20_6_,
        foo7_.null_ as null14_20_6_,
        foo7_.short_ as short15_20_6_,
        foo7_.char_ as char16_20_6_,
        foo7_.zero_ as zero17_20_6_,
        foo7_.int_ as int18_20_6_,
        foo7_.string_ as string19_20_6_,
        foo7_.byte_ as byte20_20_6_,
        foo7_.yesno as yesno20_6_,
        foo7_.blobb_ as blobb22_20_6_,
        foo7_.nullBlob as nullBlob20_6_,
        foo7_.bin_ as bin24_20_6_,
        foo7_."localeayzabc123" as localea25_20_6_,
        foo7_.first_name as first26_20_6_,
        foo7_.surname as surname20_6_,
        foo7_.count_ as count28_20_6_,
        foo7_.name_ as name29_20_6_,
        foo7_.g__ as g30_20_6_,
        foo7_.cmpnt_null_ as cmpnt31_20_6_,
        foo7_.subname as subname20_6_,
        foo7_.fee_sub as fee33_20_6_,
        foo7_.null_cmpnt_ as null34_20_6_,
        foo7_1_.joinedProp as joinedProp49_6_,
        foo7_2_.dependent as dependent43_6_,
        foo7_.the_time as the35_20_6_,
        foo7_.baz as baz20_6_,
        foo7_.bar_string as bar37_20_6_,
        foo7_.bar_count as bar38_20_6_,
        foo7_.name as name20_6_,
        foo7_.clazz as clazz20_6_,
        foo7_.gen_id as gen41_20_6_,
        foo7_3_.name_name as name2_27_6_,
        foo7_.int_/2 as formula92_6_,
        foo7_."foo_subclass_1234" as foo2_20_6_,
        baz8_.baz_id_column_ as baz1_28_7_,
        baz8_.count_count as count2_28_7_,
        baz8_.name_b as name3_28_7_,
        baz8_.foo as foo28_7_,
        baz8_.superBaz as superBaz28_7_,
        baz8_."str" as str6_28_7_ 
    from
        fooComponentToFoo foocompone0_ 
    inner join
        "foos" foo1_ 
            on foocompone0_.foo_id=foo1_."foo_idcolumnname123" 
    left outer join
        jointable foo1_1_ 
            on foo1_."foo_idcolumnname123"=foo1_1_.fooid 
    left outer join
        foo_dep_table foo1_2_ 
            on foo1_."foo_idcolumnname123"=foo1_2_.fooid 
    left outer join
        bar_join_table foo1_3_ 
            on foo1_."foo_idcolumnname123"=foo1_3_.bar_id 
    left outer join
        "glarchez" glarch2_ 
            on foo1_.g__=glarch2_.tha_key 
    inner join
        "the fees" fee3_ 
            on foo1_2_.dependent=fee3_.id_ 
    left outer join
        "the fees" fee4_ 
            on fee3_.fee=fee4_.id_ 
    left outer join
        "the fees" fee5_ 
            on fee4_.anotherFee=fee5_.id_ 
    left outer join
        baz baz6_ 
            on foo1_.baz=baz6_.baz_id_column_ 
    left outer join
        "foos" foo7_ 
            on baz6_.foo=foo7_."foo_idcolumnname123" 
    left outer join
        jointable foo7_1_ 
            on foo7_."foo_idcolumnname123"=foo7_1_.fooid 
    left outer join
        foo_dep_table foo7_2_ 
            on foo7_."foo_idcolumnname123"=foo7_2_.fooid 
    left outer join
        bar_join_table foo7_3_ 
            on foo7_."foo_idcolumnname123"=foo7_3_.bar_id 
    left outer join
        baz baz8_ 
            on baz6_.superBaz=baz8_.baz_id_column_ 
    where
        foocompone0_.baz_id=?
14:16:39,728 DEBUG SQL:104 - 
    select
        footoglarc0_.baz_id as baz1_28_1_,
        footoglarc0_.glarch_id as glarch2_41_1_,
        footoglarc0_.foo_id as foo3_1_,
        glarch1_.tha_key as tha1_21_0_,
        glarch1_.version as version21_0_,
        glarch1_.namecvbnmasdf as namecvbn3_21_0_,
        glarch1_.next_ as next4_21_0_,
        glarch1_.order_ as order5_21_0_,
        glarch1_.foo as foo21_0_,
        glarch1_.bar as bar21_0_,
        glarch1_.x as x21_0_,
        glarch1_.immutable as immutable21_0_,
        glarch1_."any_id_of_object" as any10_21_0_,
        glarch1_."any_class_of_object" as any11_21_0_,
        glarch1_.count_ as count12_21_0_,
        glarch1_.glarch_ as glarch13_21_0_ 
    from
        fooToGlarch footoglarc0_ 
    inner join
        "glarchez" glarch1_ 
            on footoglarc0_.glarch_id=glarch1_.tha_key 
    where
        footoglarc0_.baz_id=?
14:16:39,738 DEBUG SQL:104 - 
    select
        bag0_."baz_id_" as baz1_28_0_,
        bag0_."name_" as name2_17_0_ 
    from
        "bxaxg" bag0_ 
    where
        bag0_."baz_id_"=? 
    order by
        bag0_."name_"
14:16:39,748 DEBUG SQL:104 - 
    select
        stringlist0_.id as id28_0_,
        stringlist0_.element as element59_0_,
        stringlist0_."i" as i3_0_ 
    from
        string_list stringlist0_ 
    where
        stringlist0_.id=?
14:16:39,750 DEBUG SQL:104 - 
    select
        this_.baz_id_column_ as baz1_28_8_,
        this_.count_count as count2_28_8_,
        this_.name_b as name3_28_8_,
        this_.foo as foo28_8_,
        this_.superBaz as superBaz28_8_,
        this_."str" as str6_28_8_,
        foo2_."foo_idcolumnname123" as foo1_20_0_,
        foo2_.version as version20_0_,
        foo2_.foo as foo20_0_,
        foo2_.long_ as long5_20_0_,
        foo2_."integer__" as integer6_20_0_,
        foo2_.float_ as float7_20_0_,
        foo2_.x as x20_0_,
        foo2_.double_ as double9_20_0_,
        foo2_.date_ as date10_20_0_,
        foo2_.timestamp_ as timestamp11_20_0_,
        foo2_.boolean_ as boolean12_20_0_,
        foo2_.bool_ as bool13_20_0_,
        foo2_.null_ as null14_20_0_,
        foo2_.short_ as short15_20_0_,
        foo2_.char_ as char16_20_0_,
        foo2_.zero_ as zero17_20_0_,
        foo2_.int_ as int18_20_0_,
        foo2_.string_ as string19_20_0_,
        foo2_.byte_ as byte20_20_0_,
        foo2_.yesno as yesno20_0_,
        foo2_.blobb_ as blobb22_20_0_,
        foo2_.nullBlob as nullBlob20_0_,
        foo2_.bin_ as bin24_20_0_,
        foo2_."localeayzabc123" as localea25_20_0_,
        foo2_.first_name as first26_20_0_,
        foo2_.surname as surname20_0_,
        foo2_.count_ as count28_20_0_,
        foo2_.name_ as name29_20_0_,
        foo2_.g__ as g30_20_0_,
        foo2_.cmpnt_null_ as cmpnt31_20_0_,
        foo2_.subname as subname20_0_,
        foo2_.fee_sub as fee33_20_0_,
        foo2_.null_cmpnt_ as null34_20_0_,
        foo2_1_.joinedProp as joinedProp49_0_,
        foo2_2_.dependent as dependent43_0_,
        foo2_.the_time as the35_20_0_,
        foo2_.baz as baz20_0_,
        foo2_.bar_string as bar37_20_0_,
        foo2_.bar_count as bar38_20_0_,
        foo2_.name as name20_0_,
        foo2_.clazz as clazz20_0_,
        foo2_.gen_id as gen41_20_0_,
        foo2_3_.name_name as name2_27_0_,
        foo2_.int_/2 as formula92_0_,
        foo2_."foo_subclass_1234" as foo2_20_0_,
        glarch3_.tha_key as tha1_21_1_,
        glarch3_.version as version21_1_,
        glarch3_.namecvbnmasdf as namecvbn3_21_1_,
        glarch3_.next_ as next4_21_1_,
        glarch3_.order_ as order5_21_1_,
        glarch3_.foo as foo21_1_,
        glarch3_.bar as bar21_1_,
        glarch3_.x as x21_1_,
        glarch3_.immutable as immutable21_1_,
        glarch3_."any_id_of_object" as any10_21_1_,
        glarch3_."any_class_of_object" as any11_21_1_,
        glarch3_.count_ as count12_21_1_,
        glarch3_.glarch_ as glarch13_21_1_,
        fee4_.id_ as id1_24_2_,
        fee4_.fi as fi24_2_,
        fee4_.fee as fee24_2_,
        fee4_.anotherFee as anotherFee24_2_,
        fee4_.qux as qux24_2_,
        fee4_.count_ as count6_24_2_,
        fee4_.name as name24_2_,
        fee4_.null_prop as null8_24_2_,
        fee5_.id_ as id1_24_3_,
        fee5_.fi as fi24_3_,
        fee5_.fee as fee24_3_,
        fee5_.anotherFee as anotherFee24_3_,
        fee5_.qux as qux24_3_,
        fee5_.count_ as count6_24_3_,
        fee5_.name as name24_3_,
        fee5_.null_prop as null8_24_3_,
        fee6_.id_ as id1_24_4_,
        fee6_.fi as fi24_4_,
        fee6_.fee as fee24_4_,
        fee6_.anotherFee as anotherFee24_4_,
        fee6_.qux as qux24_4_,
        fee6_.count_ as count6_24_4_,
        fee6_.name as name24_4_,
        fee6_.null_prop as null8_24_4_,
        baz7_.baz_id_column_ as baz1_28_5_,
        baz7_.count_count as count2_28_5_,
        baz7_.name_b as name3_28_5_,
        baz7_.foo as foo28_5_,
        baz7_.superBaz as superBaz28_5_,
        baz7_."str" as str6_28_5_,
        topglarche8_.idtopglarch as idtopgl16_28_10_,
        topglarche8_.tha_key as tha1_21_10_,
        topglarche8_.mapkey as mapkey10_,
        topglarche8_.tha_key as tha1_21_6_,
        topglarche8_.version as version21_6_,
        topglarche8_.namecvbnmasdf as namecvbn3_21_6_,
        topglarche8_.next_ as next4_21_6_,
        topglarche8_.order_ as order5_21_6_,
        topglarche8_.foo as foo21_6_,
        topglarche8_.bar as bar21_6_,
        topglarche8_.x as x21_6_,
        topglarche8_.immutable as immutable21_6_,
        topglarche8_."any_id_of_object" as any10_21_6_,
        topglarche8_."any_class_of_object" as any11_21_6_,
        topglarche8_.count_ as count12_21_6_,
        topglarche8_.glarch_ as glarch13_21_6_,
        baz9_.baz_id_column_ as baz1_28_7_,
        baz9_.count_count as count2_28_7_,
        baz9_.name_b as name3_28_7_,
        baz9_.foo as foo28_7_,
        baz9_.superBaz as superBaz28_7_,
        baz9_."str" as str6_28_7_ 
    from
        baz this_ 
    left outer join
        "foos" foo2_ 
            on this_.foo=foo2_."foo_idcolumnname123" 
    left outer join
        jointable foo2_1_ 
            on foo2_."foo_idcolumnname123"=foo2_1_.fooid 
    left outer join
        foo_dep_table foo2_2_ 
            on foo2_."foo_idcolumnname123"=foo2_2_.fooid 
    left outer join
        bar_join_table foo2_3_ 
            on foo2_."foo_idcolumnname123"=foo2_3_.bar_id 
    left outer join
        "glarchez" glarch3_ 
            on foo2_.g__=glarch3_.tha_key 
    left outer join
        "the fees" fee4_ 
            on foo2_2_.dependent=fee4_.id_ 
    left outer join
        "the fees" fee5_ 
            on fee4_.fee=fee5_.id_ 
    left outer join
        "the fees" fee6_ 
            on fee5_.anotherFee=fee6_.id_ 
    left outer join
        baz baz7_ 
            on foo2_.baz=baz7_.baz_id_column_ 
    left outer join
        "glarchez" topglarche8_ 
            on baz7_.baz_id_column_=topglarche8_.idtopglarch 
    left outer join
        baz baz9_ 
            on baz7_.superBaz=baz9_.baz_id_column_
14:16:39,784 DEBUG SQL:104 - 
    select
        this.id as id12_,
        this.description as descript3_12_,
        this.clazz as clazz12_ 
    from
        moreParts moreparts0_ 
    inner join
        Part this 
            on moreparts0_.part=this.id 
    where
        moreparts0_.baz = ?
14:16:39,804 DEBUG SQL:104 - 
    select
        foobag0_.baz as baz28_8_,
        foobag0_.foo as foo31_8_,
        foo1_."foo_idcolumnname123" as foo1_20_0_,
        foo1_.version as version20_0_,
        foo1_.foo as foo20_0_,
        foo1_.long_ as long5_20_0_,
        foo1_."integer__" as integer6_20_0_,
        foo1_.float_ as float7_20_0_,
        foo1_.x as x20_0_,
        foo1_.double_ as double9_20_0_,
        foo1_.date_ as date10_20_0_,
        foo1_.timestamp_ as timestamp11_20_0_,
        foo1_.boolean_ as boolean12_20_0_,
        foo1_.bool_ as bool13_20_0_,
        foo1_.null_ as null14_20_0_,
        foo1_.short_ as short15_20_0_,
        foo1_.char_ as char16_20_0_,
        foo1_.zero_ as zero17_20_0_,
        foo1_.int_ as int18_20_0_,
        foo1_.string_ as string19_20_0_,
        foo1_.byte_ as byte20_20_0_,
        foo1_.yesno as yesno20_0_,
        foo1_.blobb_ as blobb22_20_0_,
        foo1_.nullBlob as nullBlob20_0_,
        foo1_.bin_ as bin24_20_0_,
        foo1_."localeayzabc123" as localea25_20_0_,
        foo1_.first_name as first26_20_0_,
        foo1_.surname as surname20_0_,
        foo1_.count_ as count28_20_0_,
        foo1_.name_ as name29_20_0_,
        foo1_.g__ as g30_20_0_,
        foo1_.cmpnt_null_ as cmpnt31_20_0_,
        foo1_.subname as subname20_0_,
        foo1_.fee_sub as fee33_20_0_,
        foo1_.null_cmpnt_ as null34_20_0_,
        foo1_1_.joinedProp as joinedProp49_0_,
        foo1_2_.dependent as dependent43_0_,
        foo1_.the_time as the35_20_0_,
        foo1_.baz as baz20_0_,
        foo1_.bar_string as bar37_20_0_,
        foo1_.bar_count as bar38_20_0_,
        foo1_.name as name20_0_,
        foo1_.clazz as clazz20_0_,
        foo1_.gen_id as gen41_20_0_,
        foo1_3_.name_name as name2_27_0_,
        foo1_.int_/2 as formula92_0_,
        foo1_."foo_subclass_1234" as foo2_20_0_,
        glarch2_.tha_key as tha1_21_1_,
        glarch2_.version as version21_1_,
        glarch2_.namecvbnmasdf as namecvbn3_21_1_,
        glarch2_.next_ as next4_21_1_,
        glarch2_.order_ as order5_21_1_,
        glarch2_.foo as foo21_1_,
        glarch2_.bar as bar21_1_,
        glarch2_.x as x21_1_,
        glarch2_.immutable as immutable21_1_,
        glarch2_."any_id_of_object" as any10_21_1_,
        glarch2_."any_class_of_object" as any11_21_1_,
        glarch2_.count_ as count12_21_1_,
        glarch2_.glarch_ as glarch13_21_1_,
        fee3_.id_ as id1_24_2_,
        fee3_.fi as fi24_2_,
        fee3_.fee as fee24_2_,
        fee3_.anotherFee as anotherFee24_2_,
        fee3_.qux as qux24_2_,
        fee3_.count_ as count6_24_2_,
        fee3_.name as name24_2_,
        fee3_.null_prop as null8_24_2_,
        fee4_.id_ as id1_24_3_,
        fee4_.fi as fi24_3_,
        fee4_.fee as fee24_3_,
        fee4_.anotherFee as anotherFee24_3_,
        fee4_.qux as qux24_3_,
        fee4_.count_ as count6_24_3_,
        fee4_.name as name24_3_,
        fee4_.null_prop as null8_24_3_,
        fee5_.id_ as id1_24_4_,
        fee5_.fi as fi24_4_,
        fee5_.fee as fee24_4_,
        fee5_.anotherFee as anotherFee24_4_,
        fee5_.qux as qux24_4_,
        fee5_.count_ as count6_24_4_,
        fee5_.name as name24_4_,
        fee5_.null_prop as null8_24_4_,
        baz6_.baz_id_column_ as baz1_28_5_,
        baz6_.count_count as count2_28_5_,
        baz6_.name_b as name3_28_5_,
        baz6_.foo as foo28_5_,
        baz6_.superBaz as superBaz28_5_,
        baz6_."str" as str6_28_5_,
        foo7_."foo_idcolumnname123" as foo1_20_6_,
        foo7_.version as version20_6_,
        foo7_.foo as foo20_6_,
        foo7_.long_ as long5_20_6_,
        foo7_."integer__" as integer6_20_6_,
        foo7_.float_ as float7_20_6_,
        foo7_.x as x20_6_,
        foo7_.double_ as double9_20_6_,
        foo7_.date_ as date10_20_6_,
        foo7_.timestamp_ as timestamp11_20_6_,
        foo7_.boolean_ as boolean12_20_6_,
        foo7_.bool_ as bool13_20_6_,
        foo7_.null_ as null14_20_6_,
        foo7_.short_ as short15_20_6_,
        foo7_.char_ as char16_20_6_,
        foo7_.zero_ as zero17_20_6_,
        foo7_.int_ as int18_20_6_,
        foo7_.string_ as string19_20_6_,
        foo7_.byte_ as byte20_20_6_,
        foo7_.yesno as yesno20_6_,
        foo7_.blobb_ as blobb22_20_6_,
        foo7_.nullBlob as nullBlob20_6_,
        foo7_.bin_ as bin24_20_6_,
        foo7_."localeayzabc123" as localea25_20_6_,
        foo7_.first_name as first26_20_6_,
        foo7_.surname as surname20_6_,
        foo7_.count_ as count28_20_6_,
        foo7_.name_ as name29_20_6_,
        foo7_.g__ as g30_20_6_,
        foo7_.cmpnt_null_ as cmpnt31_20_6_,
        foo7_.subname as subname20_6_,
        foo7_.fee_sub as fee33_20_6_,
        foo7_.null_cmpnt_ as null34_20_6_,
        foo7_1_.joinedProp as joinedProp49_6_,
        foo7_2_.dependent as dependent43_6_,
        foo7_.the_time as the35_20_6_,
        foo7_.baz as baz20_6_,
        foo7_.bar_string as bar37_20_6_,
        foo7_.bar_count as bar38_20_6_,
        foo7_.name as name20_6_,
        foo7_.clazz as clazz20_6_,
        foo7_.gen_id as gen41_20_6_,
        foo7_3_.name_name as name2_27_6_,
        foo7_.int_/2 as formula92_6_,
        foo7_."foo_subclass_1234" as foo2_20_6_,
        baz8_.baz_id_column_ as baz1_28_7_,
        baz8_.count_count as count2_28_7_,
        baz8_.name_b as name3_28_7_,
        baz8_.foo as foo28_7_,
        baz8_.superBaz as superBaz28_7_,
        baz8_."str" as str6_28_7_ 
    from
        baz_foo foobag0_ 
    inner join
        "foos" foo1_ 
            on foobag0_.foo=foo1_."foo_idcolumnname123" 
    left outer join
        jointable foo1_1_ 
            on foo1_."foo_idcolumnname123"=foo1_1_.fooid 
    left outer join
        foo_dep_table foo1_2_ 
            on foo1_."foo_idcolumnname123"=foo1_2_.fooid 
    left outer join
        bar_join_table foo1_3_ 
            on foo1_."foo_idcolumnname123"=foo1_3_.bar_id 
    left outer join
        "glarchez" glarch2_ 
            on foo1_.g__=glarch2_.tha_key 
    inner join
        "the fees" fee3_ 
            on foo1_2_.dependent=fee3_.id_ 
    left outer join
        "the fees" fee4_ 
            on fee3_.fee=fee4_.id_ 
    left outer join
        "the fees" fee5_ 
            on fee4_.anotherFee=fee5_.id_ 
    left outer join
        baz baz6_ 
            on foo1_.baz=baz6_.baz_id_column_ 
    left outer join
        "foos" foo7_ 
            on baz6_.foo=foo7_."foo_idcolumnname123" 
    left outer join
        jointable foo7_1_ 
            on foo7_."foo_idcolumnname123"=foo7_1_.fooid 
    left outer join
        foo_dep_table foo7_2_ 
            on foo7_."foo_idcolumnname123"=foo7_2_.fooid 
    left outer join
        bar_join_table foo7_3_ 
            on foo7_."foo_idcolumnname123"=foo7_3_.bar_id 
    left outer join
        baz baz8_ 
            on baz6_.superBaz=baz8_.baz_id_column_ 
    where
        foobag0_.baz=?
14:16:39,867 DEBUG SQL:104 - 
    select
        idfoobag0_.baz as baz28_8_,
        idfoobag0_.foo as foo32_8_,
        idfoobag0_.pkid as pkid8_,
        foo1_."foo_idcolumnname123" as foo1_20_0_,
        foo1_.version as version20_0_,
        foo1_.foo as foo20_0_,
        foo1_.long_ as long5_20_0_,
        foo1_."integer__" as integer6_20_0_,
        foo1_.float_ as float7_20_0_,
        foo1_.x as x20_0_,
        foo1_.double_ as double9_20_0_,
        foo1_.date_ as date10_20_0_,
        foo1_.timestamp_ as timestamp11_20_0_,
        foo1_.boolean_ as boolean12_20_0_,
        foo1_.bool_ as bool13_20_0_,
        foo1_.null_ as null14_20_0_,
        foo1_.short_ as short15_20_0_,
        foo1_.char_ as char16_20_0_,
        foo1_.zero_ as zero17_20_0_,
        foo1_.int_ as int18_20_0_,
        foo1_.string_ as string19_20_0_,
        foo1_.byte_ as byte20_20_0_,
        foo1_.yesno as yesno20_0_,
        foo1_.blobb_ as blobb22_20_0_,
        foo1_.nullBlob as nullBlob20_0_,
        foo1_.bin_ as bin24_20_0_,
        foo1_."localeayzabc123" as localea25_20_0_,
        foo1_.first_name as first26_20_0_,
        foo1_.surname as surname20_0_,
        foo1_.count_ as count28_20_0_,
        foo1_.name_ as name29_20_0_,
        foo1_.g__ as g30_20_0_,
        foo1_.cmpnt_null_ as cmpnt31_20_0_,
        foo1_.subname as subname20_0_,
        foo1_.fee_sub as fee33_20_0_,
        foo1_.null_cmpnt_ as null34_20_0_,
        foo1_1_.joinedProp as joinedProp49_0_,
        foo1_2_.dependent as dependent43_0_,
        foo1_.the_time as the35_20_0_,
        foo1_.baz as baz20_0_,
        foo1_.bar_string as bar37_20_0_,
        foo1_.bar_count as bar38_20_0_,
        foo1_.name as name20_0_,
        foo1_.clazz as clazz20_0_,
        foo1_.gen_id as gen41_20_0_,
        foo1_3_.name_name as name2_27_0_,
        foo1_.int_/2 as formula92_0_,
        foo1_."foo_subclass_1234" as foo2_20_0_,
        glarch2_.tha_key as tha1_21_1_,
        glarch2_.version as version21_1_,
        glarch2_.namecvbnmasdf as namecvbn3_21_1_,
        glarch2_.next_ as next4_21_1_,
        glarch2_.order_ as order5_21_1_,
        glarch2_.foo as foo21_1_,
        glarch2_.bar as bar21_1_,
        glarch2_.x as x21_1_,
        glarch2_.immutable as immutable21_1_,
        glarch2_."any_id_of_object" as any10_21_1_,
        glarch2_."any_class_of_object" as any11_21_1_,
        glarch2_.count_ as count12_21_1_,
        glarch2_.glarch_ as glarch13_21_1_,
        fee3_.id_ as id1_24_2_,
        fee3_.fi as fi24_2_,
        fee3_.fee as fee24_2_,
        fee3_.anotherFee as anotherFee24_2_,
        fee3_.qux as qux24_2_,
        fee3_.count_ as count6_24_2_,
        fee3_.name as name24_2_,
        fee3_.null_prop as null8_24_2_,
        fee4_.id_ as id1_24_3_,
        fee4_.fi as fi24_3_,
        fee4_.fee as fee24_3_,
        fee4_.anotherFee as anotherFee24_3_,
        fee4_.qux as qux24_3_,
        fee4_.count_ as count6_24_3_,
        fee4_.name as name24_3_,
        fee4_.null_prop as null8_24_3_,
        fee5_.id_ as id1_24_4_,
        fee5_.fi as fi24_4_,
        fee5_.fee as fee24_4_,
        fee5_.anotherFee as anotherFee24_4_,
        fee5_.qux as qux24_4_,
        fee5_.count_ as count6_24_4_,
        fee5_.name as name24_4_,
        fee5_.null_prop as null8_24_4_,
        baz6_.baz_id_column_ as baz1_28_5_,
        baz6_.count_count as count2_28_5_,
        baz6_.name_b as name3_28_5_,
        baz6_.foo as foo28_5_,
        baz6_.superBaz as superBaz28_5_,
        baz6_."str" as str6_28_5_,
        foo7_."foo_idcolumnname123" as foo1_20_6_,
        foo7_.version as version20_6_,
        foo7_.foo as foo20_6_,
        foo7_.long_ as long5_20_6_,
        foo7_."integer__" as integer6_20_6_,
        foo7_.float_ as float7_20_6_,
        foo7_.x as x20_6_,
        foo7_.double_ as double9_20_6_,
        foo7_.date_ as date10_20_6_,
        foo7_.timestamp_ as timestamp11_20_6_,
        foo7_.boolean_ as boolean12_20_6_,
        foo7_.bool_ as bool13_20_6_,
        foo7_.null_ as null14_20_6_,
        foo7_.short_ as short15_20_6_,
        foo7_.char_ as char16_20_6_,
        foo7_.zero_ as zero17_20_6_,
        foo7_.int_ as int18_20_6_,
        foo7_.string_ as string19_20_6_,
        foo7_.byte_ as byte20_20_6_,
        foo7_.yesno as yesno20_6_,
        foo7_.blobb_ as blobb22_20_6_,
        foo7_.nullBlob as nullBlob20_6_,
        foo7_.bin_ as bin24_20_6_,
        foo7_."localeayzabc123" as localea25_20_6_,
        foo7_.first_name as first26_20_6_,
        foo7_.surname as surname20_6_,
        foo7_.count_ as count28_20_6_,
        foo7_.name_ as name29_20_6_,
        foo7_.g__ as g30_20_6_,
        foo7_.cmpnt_null_ as cmpnt31_20_6_,
        foo7_.subname as subname20_6_,
        foo7_.fee_sub as fee33_20_6_,
        foo7_.null_cmpnt_ as null34_20_6_,
        foo7_1_.joinedProp as joinedProp49_6_,
        foo7_2_.dependent as dependent43_6_,
        foo7_.the_time as the35_20_6_,
        foo7_.baz as baz20_6_,
        foo7_.bar_string as bar37_20_6_,
        foo7_.bar_count as bar38_20_6_,
        foo7_.name as name20_6_,
        foo7_.clazz as clazz20_6_,
        foo7_.gen_id as gen41_20_6_,
        foo7_3_.name_name as name2_27_6_,
        foo7_.int_/2 as formula92_6_,
        foo7_."foo_subclass_1234" as foo2_20_6_,
        baz8_.baz_id_column_ as baz1_28_7_,
        baz8_.count_count as count2_28_7_,
        baz8_.name_b as name3_28_7_,
        baz8_.foo as foo28_7_,
        baz8_.superBaz as superBaz28_7_,
        baz8_."str" as str6_28_7_ 
    from
        baz_id_foo idfoobag0_ 
    inner join
        "foos" foo1_ 
            on idfoobag0_.foo=foo1_."foo_idcolumnname123" 
    left outer join
        jointable foo1_1_ 
            on foo1_."foo_idcolumnname123"=foo1_1_.fooid 
    left outer join
        foo_dep_table foo1_2_ 
            on foo1_."foo_idcolumnname123"=foo1_2_.fooid 
    left outer join
        bar_join_table foo1_3_ 
            on foo1_."foo_idcolumnname123"=foo1_3_.bar_id 
    left outer join
        "glarchez" glarch2_ 
            on foo1_.g__=glarch2_.tha_key 
    inner join
        "the fees" fee3_ 
            on foo1_2_.dependent=fee3_.id_ 
    left outer join
        "the fees" fee4_ 
            on fee3_.fee=fee4_.id_ 
    left outer join
        "the fees" fee5_ 
            on fee4_.anotherFee=fee5_.id_ 
    left outer join
        baz baz6_ 
            on foo1_.baz=baz6_.baz_id_column_ 
    left outer join
        "foos" foo7_ 
            on baz6_.foo=foo7_."foo_idcolumnname123" 
    left outer join
        jointable foo7_1_ 
            on foo7_."foo_idcolumnname123"=foo7_1_.fooid 
    left outer join
        foo_dep_table foo7_2_ 
            on foo7_."foo_idcolumnname123"=foo7_2_.fooid 
    left outer join
        bar_join_table foo7_3_ 
            on foo7_."foo_idcolumnname123"=foo7_3_.bar_id 
    left outer join
        baz baz8_ 
            on baz6_.superBaz=baz8_.baz_id_column_ 
    where
        idfoobag0_.baz=?
14:16:39,935 DEBUG SQL:104 - 
    select
        fees0_.bazid as bazid28_3_,
        fees0_.id_ as id1_24_3_,
        fees0_.bazind as bazind3_,
        fees0_.id_ as id1_24_2_,
        fees0_.fi as fi24_2_,
        fees0_.fee as fee24_2_,
        fees0_.anotherFee as anotherFee24_2_,
        fees0_.qux as qux24_2_,
        fees0_.count_ as count6_24_2_,
        fees0_.name as name24_2_,
        fees0_.null_prop as null8_24_2_,
        fee1_.id_ as id1_24_0_,
        fee1_.fi as fi24_0_,
        fee1_.fee as fee24_0_,
        fee1_.anotherFee as anotherFee24_0_,
        fee1_.qux as qux24_0_,
        fee1_.count_ as count6_24_0_,
        fee1_.name as name24_0_,
        fee1_.null_prop as null8_24_0_,
        fee2_.id_ as id1_24_1_,
        fee2_.fi as fi24_1_,
        fee2_.fee as fee24_1_,
        fee2_.anotherFee as anotherFee24_1_,
        fee2_.qux as qux24_1_,
        fee2_.count_ as count6_24_1_,
        fee2_.name as name24_1_,
        fee2_.null_prop as null8_24_1_ 
    from
        "the fees" fees0_ 
    left outer join
        "the fees" fee1_ 
            on fees0_.fee=fee1_.id_ 
    left outer join
        "the fees" fee2_ 
            on fee1_.anotherFee=fee2_.id_ 
    where
        fees0_.bazid=?
14:16:39,946 DEBUG SQL:104 - 
    select
        bazez0_."baz-id" as baz7_28_8_,
        bazez0_.baz_id_column_ as baz1_28_8_,
        bazez0_.baz_id_column_ as baz1_28_7_,
        bazez0_.count_count as count2_28_7_,
        bazez0_.name_b as name3_28_7_,
        bazez0_.foo as foo28_7_,
        bazez0_.superBaz as superBaz28_7_,
        bazez0_."str" as str6_28_7_,
        foo1_."foo_idcolumnname123" as foo1_20_0_,
        foo1_.version as version20_0_,
        foo1_.foo as foo20_0_,
        foo1_.long_ as long5_20_0_,
        foo1_."integer__" as integer6_20_0_,
        foo1_.float_ as float7_20_0_,
        foo1_.x as x20_0_,
        foo1_.double_ as double9_20_0_,
        foo1_.date_ as date10_20_0_,
        foo1_.timestamp_ as timestamp11_20_0_,
        foo1_.boolean_ as boolean12_20_0_,
        foo1_.bool_ as bool13_20_0_,
        foo1_.null_ as null14_20_0_,
        foo1_.short_ as short15_20_0_,
        foo1_.char_ as char16_20_0_,
        foo1_.zero_ as zero17_20_0_,
        foo1_.int_ as int18_20_0_,
        foo1_.string_ as string19_20_0_,
        foo1_.byte_ as byte20_20_0_,
        foo1_.yesno as yesno20_0_,
        foo1_.blobb_ as blobb22_20_0_,
        foo1_.nullBlob as nullBlob20_0_,
        foo1_.bin_ as bin24_20_0_,
        foo1_."localeayzabc123" as localea25_20_0_,
        foo1_.first_name as first26_20_0_,
        foo1_.surname as surname20_0_,
        foo1_.count_ as count28_20_0_,
        foo1_.name_ as name29_20_0_,
        foo1_.g__ as g30_20_0_,
        foo1_.cmpnt_null_ as cmpnt31_20_0_,
        foo1_.subname as subname20_0_,
        foo1_.fee_sub as fee33_20_0_,
        foo1_.null_cmpnt_ as null34_20_0_,
        foo1_1_.joinedProp as joinedProp49_0_,
        foo1_2_.dependent as dependent43_0_,
        foo1_.the_time as the35_20_0_,
        foo1_.baz as baz20_0_,
        foo1_.bar_string as bar37_20_0_,
        foo1_.bar_count as bar38_20_0_,
        foo1_.name as name20_0_,
        foo1_.clazz as clazz20_0_,
        foo1_.gen_id as gen41_20_0_,
        foo1_3_.name_name as name2_27_0_,
        foo1_.int_/2 as formula92_0_,
        foo1_."foo_subclass_1234" as foo2_20_0_,
        glarch2_.tha_key as tha1_21_1_,
        glarch2_.version as version21_1_,
        glarch2_.namecvbnmasdf as namecvbn3_21_1_,
        glarch2_.next_ as next4_21_1_,
        glarch2_.order_ as order5_21_1_,
        glarch2_.foo as foo21_1_,
        glarch2_.bar as bar21_1_,
        glarch2_.x as x21_1_,
        glarch2_.immutable as immutable21_1_,
        glarch2_."any_id_of_object" as any10_21_1_,
        glarch2_."any_class_of_object" as any11_21_1_,
        glarch2_.count_ as count12_21_1_,
        glarch2_.glarch_ as glarch13_21_1_,
        fee3_.id_ as id1_24_2_,
        fee3_.fi as fi24_2_,
        fee3_.fee as fee24_2_,
        fee3_.anotherFee as anotherFee24_2_,
        fee3_.qux as qux24_2_,
        fee3_.count_ as count6_24_2_,
        fee3_.name as name24_2_,
        fee3_.null_prop as null8_24_2_,
        fee4_.id_ as id1_24_3_,
        fee4_.fi as fi24_3_,
        fee4_.fee as fee24_3_,
        fee4_.anotherFee as anotherFee24_3_,
        fee4_.qux as qux24_3_,
        fee4_.count_ as count6_24_3_,
        fee4_.name as name24_3_,
        fee4_.null_prop as null8_24_3_,
        fee5_.id_ as id1_24_4_,
        fee5_.fi as fi24_4_,
        fee5_.fee as fee24_4_,
        fee5_.anotherFee as anotherFee24_4_,
        fee5_.qux as qux24_4_,
        fee5_.count_ as count6_24_4_,
        fee5_.name as name24_4_,
        fee5_.null_prop as null8_24_4_,
        baz6_.baz_id_column_ as baz1_28_5_,
        baz6_.count_count as count2_28_5_,
        baz6_.name_b as name3_28_5_,
        baz6_.foo as foo28_5_,
        baz6_.superBaz as superBaz28_5_,
        baz6_."str" as str6_28_5_,
        baz7_.baz_id_column_ as baz1_28_6_,
        baz7_.count_count as count2_28_6_,
        baz7_.name_b as name3_28_6_,
        baz7_.foo as foo28_6_,
        baz7_.superBaz as superBaz28_6_,
        baz7_."str" as str6_28_6_ 
    from
        baz bazez0_ 
    left outer join
        "foos" foo1_ 
            on bazez0_.foo=foo1_."foo_idcolumnname123" 
    left outer join
        jointable foo1_1_ 
            on foo1_."foo_idcolumnname123"=foo1_1_.fooid 
    left outer join
        foo_dep_table foo1_2_ 
            on foo1_."foo_idcolumnname123"=foo1_2_.fooid 
    left outer join
        bar_join_table foo1_3_ 
            on foo1_."foo_idcolumnname123"=foo1_3_.bar_id 
    left outer join
        "glarchez" glarch2_ 
            on foo1_.g__=glarch2_.tha_key 
    left outer join
        "the fees" fee3_ 
            on foo1_2_.dependent=fee3_.id_ 
    left outer join
        "the fees" fee4_ 
            on fee3_.fee=fee4_.id_ 
    left outer join
        "the fees" fee5_ 
            on fee4_.anotherFee=fee5_.id_ 
    left outer join
        baz baz6_ 
            on foo1_.baz=baz6_.baz_id_column_ 
    left outer join
        baz baz7_ 
            on baz6_.superBaz=baz7_.baz_id_column_ 
    where
        bazez0_."baz-id"=? 
    order by
        bazez0_.name_b desc
14:16:39,992 DEBUG SQL:104 - 
    update
        "foos" 
    set
        baz_id=null 
    where
        baz_id=?
14:16:40,001 DEBUG SQL:104 - 
    delete 
    from
        stringSet 
    where
        id_=?
14:16:40,001 DEBUG SQL:104 - 
    delete 
    from
        stringDateMap 
    where
        id_=?
14:16:40,001 DEBUG SQL:104 - 
    delete 
    from
        baz_byte_bag 
    where
        baz=?
14:16:40,001 DEBUG SQL:104 - 
    delete 
    from
        anyToAny 
    where
        baz=?
14:16:40,011 DEBUG SQL:104 - 
    delete 
    from
        manyToAny 
    where
        baz=?
14:16:40,012 DEBUG SQL:104 - 
    update
        Part 
    set
        baz=null 
    where
        baz=?
14:16:40,012 DEBUG SQL:104 - 
    delete 
    from
        moreParts 
    where
        baz=?
14:16:40,012 DEBUG SQL:104 - 
    delete 
    from
        Part 
    where
        id=?
14:16:40,012 DEBUG SQL:104 - 
    delete 
    from
        Part 
    where
        id=?
14:16:40,013 DEBUG SQL:104 - 
    delete 
    from
        baz 
    where
        baz_id_column_=?
14:16:40,013  INFO CustomRunner:139 - Test: testCollectionQuery
14:16:40,015 DEBUG SQL:104 - 
    insert 
    into
        Simple
        (name, address, count_, date_, pay, other, id_) 
    values
        (?, ?, ?, ?, ?, ?, ?)
14:16:40,015 DEBUG SQL:104 - 
    insert 
    into
        Simple
        (name, address, count_, date_, pay, other, id_) 
    values
        (?, ?, ?, ?, ?, ?, ?)
14:16:40,015 DEBUG SQL:104 - 
    insert 
    into
        Simple
        (name, address, count_, date_, pay, other, id_) 
    values
        (?, ?, ?, ?, ?, ?, ?)
14:16:40,023 DEBUG SQL:104 - 
    insert 
    into
        Container
        (container_id) 
    values
        (null)
14:16:40,024 DEBUG SQL:104 - 
    insert 
    into
        Contained
        (container_id) 
    values
        (null)
14:16:40,025 DEBUG SQL:104 - 
    insert 
    into
        Container
        (container_id) 
    values
        (null)
14:16:40,027 DEBUG SQL:104 - 
    insert 
    into
        Simple
        (name, address, count_, date_, pay, other, id_) 
    values
        (?, ?, ?, ?, ?, ?, ?)
14:16:40,027 DEBUG SQL:104 - 
    update
        Simple 
    set
        container_id1=?,
        list_index=? 
    where
        id_=?
14:16:40,034 DEBUG SQL:104 - 
    update
        Simple 
    set
        container_id1=?,
        list_index=? 
    where
        id_=?
14:16:40,034 DEBUG SQL:104 - 
    update
        Simple 
    set
        container_id1=?,
        list_index=? 
    where
        id_=?
14:16:40,035 DEBUG SQL:104 - 
    insert 
    into
        manyToMany
        (container_id2, list_index, elt) 
    values
        (?, ?, ?)
14:16:40,035 DEBUG SQL:104 - 
    insert 
    into
        manyToMany
        (container_id2, list_index, elt) 
    values
        (?, ?, ?)
14:16:40,035 DEBUG SQL:104 - 
    select
        container0_.container_id as container1_4_ 
    from
        Container container0_,
        Simple simple1_,
        Simple onetomany2_ 
    where
        (
            onetomany2_.id_=simple1_.id_  
            and container0_.container_id=onetomany2_.container_id1 
            and onetomany2_.list_index = 2
        )
14:16:40,059 DEBUG SQL:104 - 
    select
        container0_.container_id as container1_4_ 
    from
        Container container0_,
        Simple simple1_,
        manyToMany manytomany2_ 
    where
        (
            manytomany2_.elt=simple1_.id_  
            and container0_.container_id=manytomany2_.container_id2 
            and manytomany2_.list_index = 2
        )
14:16:40,062 DEBUG SQL:104 - 
    select
        container0_.container_id as container1_4_ 
    from
        Container container0_,
        Simple simple1_,
        Simple onetomany2_ 
    where
        (
            simple1_.id_=onetomany2_.id_  
            and container0_.container_id=onetomany2_.container_id1 
            and onetomany2_.list_index = 2
        )
14:16:40,068 DEBUG SQL:104 - 
    select
        container0_.container_id as container1_4_ 
    from
        Container container0_,
        Simple simple1_,
        manyToMany manytomany2_ 
    where
        (
            simple1_.id_=manytomany2_.elt  
            and container0_.container_id=manytomany2_.container_id2 
            and manytomany2_.list_index = 2
        )
14:16:40,070 DEBUG SQL:104 - 
    select
        container0_.container_id as container1_4_ 
    from
        Container container0_,
        Simple onetomany1_ 
    where
        (
            onetomany1_.name='s'  
            and container0_.container_id=onetomany1_.container_id1 
            and onetomany1_.list_index = 0
        )
14:16:40,072 DEBUG SQL:104 - 
    select
        container0_.container_id as container1_4_ 
    from
        Container container0_,
        manyToMany manytomany1_,
        Simple simple2_ 
    where
        (
            simple2_.name='s'  
            and manytomany1_.elt=simple2_.id_ 
            and container0_.container_id=manytomany1_.container_id2 
            and manytomany1_.list_index = 0
        )
14:16:40,079 DEBUG SQL:104 - 
    select
        container0_.container_id as container1_4_ 
    from
        Container container0_,
        Simple onetomany1_ 
    where
        (
            's'=onetomany1_.name  
            and container0_.container_id=onetomany1_.container_id1 
            and onetomany1_.list_index = 2-2
        )
14:16:40,081 DEBUG SQL:104 - 
    select
        container0_.container_id as container1_4_ 
    from
        Container container0_,
        manyToMany manytomany1_,
        Simple simple2_ 
    where
        (
            's'=simple2_.name  
            and manytomany1_.elt=simple2_.id_ 
            and container0_.container_id=manytomany1_.container_id2 
            and manytomany1_.list_index = (
                3+1
            )/4-1
        )
14:16:40,089 DEBUG SQL:104 - 
    select
        container0_.container_id as container1_4_ 
    from
        Container container0_,
        Simple onetomany1_,
        manyToMany manytomany2_,
        Simple simple3_ 
    where
        (
            onetomany1_.name='s'  
            and manytomany2_.elt=simple3_.id_ 
            and container0_.container_id=manytomany2_.container_id2 
            and manytomany2_.list_index = 0 
            and container0_.container_id=onetomany1_.container_id1 
            and onetomany1_.list_index = simple3_.count_
        )
14:16:40,091 DEBUG SQL:104 - 
    select
        container0_.container_id as container1_4_ 
    from
        Container container0_,
        manyToMany manytomany1_,
        Simple onetomany2_,
        Simple simple3_ 
    where
        (
            simple3_.name='s'  
            and container0_.container_id=onetomany2_.container_id1 
            and onetomany2_.list_index = 0 
            and manytomany1_.elt=simple3_.id_ 
            and container0_.container_id=manytomany1_.container_id2 
            and manytomany1_.list_index = onetomany2_.count_
        )
14:16:40,099 DEBUG SQL:104 - 
    select
        container0_.container_id as container1_4_ 
    from
        Container container0_,
        manyToMany manytomany1_,
        Simple simple3_ 
    where
        (
            simple3_.count_=2  
            and manytomany1_.elt=simple3_.id_ 
            and container0_.container_id=manytomany1_.container_id2 
            and manytomany1_.list_index = (
                select
                    max(manytomany2_.list_index) 
                from
                    manyToMany manytomany2_ 
                where
                    container0_.container_id=manytomany2_.container_id2
            )
        )
14:16:40,110 DEBUG SQL:104 - 
    select
        this.container_id as container1_3_ 
    from
        CCBAG bag0_ 
    inner join
        Contained this 
            on bag0_.contained_id=this.container_id 
    where
        bag0_.container_id = ? 
        and (
            (
                0 in(
                    select
                        bag1_.container_id 
                    from
                        CCBAG bag1_ 
                    where
                        this.container_id=bag1_.contained_id
                )
            )
        )
14:16:40,111 DEBUG SQL:104 - 
    select
        this.container_id as container1_3_ 
    from
        CCBAG bag0_ 
    inner join
        Contained this 
            on bag0_.contained_id=this.container_id 
    where
        bag0_.container_id = ? 
        and (
            (
                0 in(
                    select
                        lazybag1_.container_id 
                    from
                        LCCBAG lazybag1_ 
                    where
                        this.container_id=lazybag1_.contained_id
                )
            )
        )
14:16:40,120 DEBUG SQL:104 - 
    select
        count(components1_.name) as col_0_0_ 
    from
        Container container0_ 
    inner join
        components components1_ 
            on container0_.container_id=components1_.container_id
14:16:40,120 DEBUG SQL:104 - 
    update
        Simple 
    set
        container_id1=null,
        list_index=null 
    where
        container_id1=?
14:16:40,129 DEBUG SQL:104 - 
    delete 
    from
        manyToMany 
    where
        container_id2=?
14:16:40,130 DEBUG SQL:104 - 
    delete 
    from
        Contained 
    where
        container_id=?
14:16:40,130 DEBUG SQL:104 - 
    delete 
    from
        Container 
    where
        container_id=?
14:16:40,130 DEBUG SQL:104 - 
    delete 
    from
        Simple 
    where
        id_=?
14:16:40,130 DEBUG SQL:104 - 
    delete 
    from
        Simple 
    where
        id_=?
14:16:40,139 DEBUG SQL:104 - 
    delete 
    from
        Simple 
    where
        id_=?
14:16:40,140 DEBUG SQL:104 - 
    delete 
    from
        Container 
    where
        container_id=?
14:16:40,140 DEBUG SQL:104 - 
    delete 
    from
        Simple 
    where
        id_=?
14:16:40,140  INFO CustomRunner:139 - Test: testComplexCriteria
14:16:40,146 DEBUG SQL:104 - 
    insert 
    into
        baz
        (count_count, name_b, foo, superBaz, "str", baz_id_column_) 
    values
        (?, ?, ?, ?, ?, ?)
14:16:40,146 DEBUG SQL:104 - 
    insert 
    into
        "glarchez"
        (version, namecvbnmasdf, next_, order_, foo, bar, x, immutable, "any_id_of_object", "any_class_of_object", count_, glarch_, tha_key) 
    values
        (?, ?, ?, ?, ?, ?, ?, ?, ?, ?, ?, ?, ?)
14:16:40,147 DEBUG SQL:104 - 
    insert 
    into
        "glarchez"
        (version, namecvbnmasdf, next_, order_, foo, bar, x, immutable, "any_id_of_object", "any_class_of_object", count_, glarch_, tha_key) 
    values
        (?, ?, ?, ?, ?, ?, ?, ?, ?, ?, ?, ?, ?)
14:16:40,147 DEBUG SQL:104 - 
    insert 
    into
        "glarchez"
        (version, namecvbnmasdf, next_, order_, foo, bar, x, immutable, "any_id_of_object", "any_class_of_object", count_, glarch_, tha_key) 
    values
        (?, ?, ?, ?, ?, ?, ?, ?, ?, ?, ?, ?, ?)
14:16:40,147 DEBUG SQL:104 - 
    insert 
    into
        "the fees"
        (fi, fee, anotherFee, qux, count_, name, null_prop, id_) 
    values
        (?, ?, ?, ?, ?, ?, ?, ?)
14:16:40,147 DEBUG SQL:104 - 
    insert 
    into
        "the fees"
        (fi, fee, anotherFee, qux, count_, name, null_prop, id_) 
    values
        (?, ?, ?, ?, ?, ?, ?, ?)
14:16:40,152 DEBUG SQL:104 - 
    insert 
    into
        "foos"
        (version, long_, "integer__", float_, x, double_, date_, timestamp_, boolean_, bool_, short_, char_, zero_, int_, string_, byte_, yesno, blobb_, bin_, "localeayzabc123", first_name, surname, count_, name_, g__, cmpnt_null_, subname, fee_sub, "foo_subclass_1234", "foo_idcolumnname123") 
    values
        (?, ?, ?, ?, ?, ?, ?, ?, ?, ?, ?, ?, ?, ?, ?, ?, ?, ?, ?, ?, ?, ?, ?, ?, ?, ?, ?, ?, 'F', ?)
14:16:40,153 DEBUG SQL:104 - 
    insert 
    into
        jointable
        (fooid) 
    values
        (?)
14:16:40,153 DEBUG SQL:104 - 
    insert 
    into
        foo_dep_table
        (dependent, fooid) 
    values
        (?, ?)
14:16:40,153 DEBUG SQL:104 - 
    insert 
    into
        "glarchez"
        (version, namecvbnmasdf, next_, order_, foo, bar, x, immutable, "any_id_of_object", "any_class_of_object", count_, glarch_, tha_key) 
    values
        (?, ?, ?, ?, ?, ?, ?, ?, ?, ?, ?, ?, ?)
14:16:40,163 DEBUG SQL:104 - 
    insert 
    into
        "the fees"
        (fi, fee, anotherFee, qux, count_, name, null_prop, id_) 
    values
        (?, ?, ?, ?, ?, ?, ?, ?)
14:16:40,163 DEBUG SQL:104 - 
    insert 
    into
        "the fees"
        (fi, fee, anotherFee, qux, count_, name, null_prop, id_) 
    values
        (?, ?, ?, ?, ?, ?, ?, ?)
14:16:40,163 DEBUG SQL:104 - 
    insert 
    into
        "foos"
        (version, long_, "integer__", float_, x, double_, date_, timestamp_, boolean_, bool_, short_, char_, zero_, int_, string_, byte_, yesno, blobb_, bin_, "localeayzabc123", first_name, surname, count_, name_, g__, cmpnt_null_, subname, fee_sub, "foo_subclass_1234", "foo_idcolumnname123") 
    values
        (?, ?, ?, ?, ?, ?, ?, ?, ?, ?, ?, ?, ?, ?, ?, ?, ?, ?, ?, ?, ?, ?, ?, ?, ?, ?, ?, ?, 'F', ?)
14:16:40,164 DEBUG SQL:104 - 
    insert 
    into
        jointable
        (fooid) 
    values
        (?)
14:16:40,164 DEBUG SQL:104 - 
    insert 
    into
        foo_dep_table
        (dependent, fooid) 
    values
        (?, ?)
14:16:40,164 DEBUG SQL:104 - 
    update
        baz 
    set
        count_count=?,
        name_b=?,
        foo=?,
        superBaz=?,
        "str"=? 
    where
        baz_id_column_=?
14:16:40,186 DEBUG SQL:104 - 
    update
        "glarchez" 
    set
        version=? 
    where
        tha_key=? 
        and version=?
14:16:40,187 DEBUG SQL:104 - 
    insert 
    into
        foobytes
        (id, i, byte_) 
    values
        (?, ?, ?)
14:16:40,187 DEBUG SQL:104 - 
    insert 
    into
        foobytes
        (id, i, byte_) 
    values
        (?, ?, ?)
14:16:40,187 DEBUG SQL:104 - 
    insert 
    into
        foobytes
        (id, i, byte_) 
    values
        (?, ?, ?)
14:16:40,196 DEBUG SQL:104 - 
    insert 
    into
        foobytes
        (id, i, byte_) 
    values
        (?, ?, ?)
14:16:40,196 DEBUG SQL:104 - 
    insert 
    into
        foobytes
        (id, i, byte_) 
    values
        (?, ?, ?)
14:16:40,196 DEBUG SQL:104 - 
    insert 
    into
        foobytes
        (id, i, byte_) 
    values
        (?, ?, ?)
14:16:40,196 DEBUG SQL:104 - 
    insert 
    into
        foobytes
        (id, i, byte_) 
    values
        (?, ?, ?)
14:16:40,205 DEBUG SQL:104 - 
    insert 
    into
        foobytes
        (id, i, byte_) 
    values
        (?, ?, ?)
14:16:40,205 DEBUG SQL:104 - 
    insert 
    into
        foo_times
        (foo_id, i, date_) 
    values
        (?, ?, ?)
14:16:40,205 DEBUG SQL:104 - 
    insert 
    into
        foo_dates
        (foo_id, i, date_) 
    values
        (?, ?, ?)
14:16:40,206 DEBUG SQL:104 - 
    insert 
    into
        foo_dates
        (foo_id, i, date_) 
    values
        (?, ?, ?)
14:16:40,206 DEBUG SQL:104 - 
    insert 
    into
        foo_dates
        (foo_id, i, date_) 
    values
        (?, ?, ?)
14:16:40,215 DEBUG SQL:104 - 
    insert 
    into
        foobytes
        (id, i, byte_) 
    values
        (?, ?, ?)
14:16:40,216 DEBUG SQL:104 - 
    insert 
    into
        foobytes
        (id, i, byte_) 
    values
        (?, ?, ?)
14:16:40,216 DEBUG SQL:104 - 
    insert 
    into
        foobytes
        (id, i, byte_) 
    values
        (?, ?, ?)
14:16:40,216 DEBUG SQL:104 - 
    insert 
    into
        foobytes
        (id, i, byte_) 
    values
        (?, ?, ?)
14:16:40,225 DEBUG SQL:104 - 
    insert 
    into
        foobytes
        (id, i, byte_) 
    values
        (?, ?, ?)
14:16:40,226 DEBUG SQL:104 - 
    insert 
    into
        foobytes
        (id, i, byte_) 
    values
        (?, ?, ?)
14:16:40,226 DEBUG SQL:104 - 
    insert 
    into
        foobytes
        (id, i, byte_) 
    values
        (?, ?, ?)
14:16:40,226 DEBUG SQL:104 - 
    insert 
    into
        foobytes
        (id, i, byte_) 
    values
        (?, ?, ?)
14:16:40,237 DEBUG SQL:104 - 
    insert 
    into
        foo_times
        (foo_id, i, date_) 
    values
        (?, ?, ?)
14:16:40,237 DEBUG SQL:104 - 
    insert 
    into
        foo_dates
        (foo_id, i, date_) 
    values
        (?, ?, ?)
14:16:40,237 DEBUG SQL:104 - 
    insert 
    into
        foo_dates
        (foo_id, i, date_) 
    values
        (?, ?, ?)
14:16:40,238 DEBUG SQL:104 - 
    insert 
    into
        foo_dates
        (foo_id, i, date_) 
    values
        (?, ?, ?)
14:16:40,238 DEBUG SQL:104 - 
    insert 
    into
        string_list
        (id, "i", element) 
    values
        (?, ?, ?)
14:16:40,247 DEBUG SQL:104 - 
    insert 
    into
        string_list
        (id, "i", element) 
    values
        (?, ?, ?)
14:16:40,247 DEBUG SQL:104 - 
    insert 
    into
        string_list
        (id, "i", element) 
    values
        (?, ?, ?)
14:16:40,247 DEBUG SQL:104 - 
    insert 
    into
        int_array
        (id, i, j) 
    values
        (?, ?, ?)
14:16:40,248 DEBUG SQL:104 - 
    insert 
    into
        int_array
        (id, i, j) 
    values
        (?, ?, ?)
14:16:40,257 DEBUG SQL:104 - 
    insert 
    into
        int_array
        (id, i, j) 
    values
        (?, ?, ?)
14:16:40,257 DEBUG SQL:104 - 
    insert 
    into
        int_array
        (id, i, j) 
    values
        (?, ?, ?)
14:16:40,257 DEBUG SQL:104 - 
    update
        "foos" 
    set
        baz_id=? 
    where
        "foo_idcolumnname123"=?
14:16:40,258 DEBUG SQL:104 - 
    update
        "foos" 
    set
        baz_id=? 
    where
        "foo_idcolumnname123"=?
14:16:40,270 DEBUG SQL:104 - 
    insert 
    into
        bazcomponents
        (baz_id, i, name, count_, x_, y_) 
    values
        (?, ?, ?, ?, ?, ?)
14:16:40,270 DEBUG SQL:104 - 
    insert 
    into
        bazcomponents
        (baz_id, i, name, count_, x_, y_) 
    values
        (?, ?, ?, ?, ?, ?)
14:16:40,271 DEBUG SQL:104 - 
    insert 
    into
        timeArray
        (baz_id, j, the_time) 
    values
        (?, ?, ?)
14:16:40,271 DEBUG SQL:104 - 
    insert 
    into
        timeArray
        (baz_id, j, the_time) 
    values
        (?, ?, ?)
14:16:40,271 DEBUG SQL:104 - 
    insert 
    into
        timeArray
        (baz_id, j, the_time) 
    values
        (?, ?, ?)
14:16:40,271 DEBUG SQL:104 - 
    insert 
    into
        "bxaxg"
        ("baz_id_", "name_") 
    values
        (?, ?)
14:16:40,271 DEBUG SQL:104 - 
    insert 
    into
        "bxaxg"
        ("baz_id_", "name_") 
    values
        (?, ?)
14:16:40,272 DEBUG SQL:104 - 
    insert 
    into
        "bxaxg"
        ("baz_id_", "name_") 
    values
        (?, ?)
14:16:40,272 DEBUG SQL:104 - 
    insert 
    into
        "bxaxg"
        ("baz_id_", "name_") 
    values
        (?, ?)
14:16:40,284 DEBUG SQL:104 - 
    insert 
    into
        stringSet
        (id_, element) 
    values
        (?, ?)
14:16:40,284 DEBUG SQL:104 - 
    insert 
    into
        stringSet
        (id_, element) 
    values
        (?, ?)
14:16:40,284 DEBUG SQL:104 - 
    insert 
    into
        stringSet
        (id_, element) 
    values
        (?, ?)
14:16:40,284 DEBUG SQL:104 - 
    insert 
    into
        stringDateMap
        (id_, map_key, map_value) 
    values
        (?, ?, ?)
14:16:40,296 DEBUG SQL:104 - 
    insert 
    into
        stringDateMap
        (id_, map_key, map_value) 
    values
        (?, ?, ?)
14:16:40,297 DEBUG SQL:104 - 
    insert 
    into
        FOO_ARRAY
        (id_, i, foo) 
    values
        (?, ?, ?)
14:16:40,297 DEBUG SQL:104 - 
    insert 
    into
        stringArray
        (id_, i, name) 
    values
        (?, ?, ?)
14:16:40,297 DEBUG SQL:104 - 
    insert 
    into
        stringArray
        (id_, i, name) 
    values
        (?, ?, ?)
14:16:40,297 DEBUG SQL:104 - 
    insert 
    into
        stringArray
        (id_, i, name) 
    values
        (?, ?, ?)
14:16:40,297 DEBUG SQL:104 - 
    insert 
    into
        customs
        (id_, indx, first_, second_) 
    values
        (?, ?, ?, ?)
14:16:40,298 DEBUG SQL:104 - 
    insert 
    into
        customs
        (id_, indx, first_, second_) 
    values
        (?, ?, ?, ?)
14:16:40,318 DEBUG SQL:104 - 
    insert 
    into
        customs
        (id_, indx, first_, second_) 
    values
        (?, ?, ?, ?)
14:16:40,318 DEBUG SQL:104 - 
    insert 
    into
        topcomponents
        (id_, i, name, count_) 
    values
        (?, ?, ?, ?)
14:16:40,318 DEBUG SQL:104 - 
    insert 
    into
        topcomponents
        (id_, i, name, count_) 
    values
        (?, ?, ?, ?)
14:16:40,318 DEBUG SQL:104 - 
    update
        "glarchez" 
    set
        idtopglarch=?,
        mapkey=? 
    where
        tha_key=?
14:16:40,328 DEBUG SQL:104 - 
    update
        "glarchez" 
    set
        idtopglarch=?,
        mapkey=? 
    where
        tha_key=?
14:16:40,328 DEBUG SQL:104 - 
    insert 
    into
        cached_set
        (baz, foo, bar) 
    values
        (?, ?, ?)
14:16:40,328 DEBUG SQL:104 - 
    insert 
    into
        cached_set
        (baz, foo, bar) 
    values
        (?, ?, ?)
14:16:40,329 DEBUG SQL:104 - 
    insert 
    into
        cached_map
        (baz, another_baz, foo, bar) 
    values
        (?, ?, ?, ?)
14:16:40,339 DEBUG SQL:104 - 
    update
        "glarchez" 
    set
        array_key=?,
        array_indecks=? 
    where
        tha_key=?
14:16:40,341 DEBUG SQL:104 - 
    select
        this_.baz_id_column_ as baz1_28_12_,
        this_.count_count as count2_28_12_,
        this_.name_b as name3_28_12_,
        this_.foo as foo28_12_,
        this_.superBaz as superBaz28_12_,
        this_."str" as str6_28_12_,
        foo6_."foo_idcolumnname123" as foo1_20_0_,
        foo6_.version as version20_0_,
        foo6_.foo as foo20_0_,
        foo6_.long_ as long5_20_0_,
        foo6_."integer__" as integer6_20_0_,
        foo6_.float_ as float7_20_0_,
        foo6_.x as x20_0_,
        foo6_.double_ as double9_20_0_,
        foo6_.date_ as date10_20_0_,
        foo6_.timestamp_ as timestamp11_20_0_,
        foo6_.boolean_ as boolean12_20_0_,
        foo6_.bool_ as bool13_20_0_,
        foo6_.null_ as null14_20_0_,
        foo6_.short_ as short15_20_0_,
        foo6_.char_ as char16_20_0_,
        foo6_.zero_ as zero17_20_0_,
        foo6_.int_ as int18_20_0_,
        foo6_.string_ as string19_20_0_,
        foo6_.byte_ as byte20_20_0_,
        foo6_.yesno as yesno20_0_,
        foo6_.blobb_ as blobb22_20_0_,
        foo6_.nullBlob as nullBlob20_0_,
        foo6_.bin_ as bin24_20_0_,
        foo6_."localeayzabc123" as localea25_20_0_,
        foo6_.first_name as first26_20_0_,
        foo6_.surname as surname20_0_,
        foo6_.count_ as count28_20_0_,
        foo6_.name_ as name29_20_0_,
        foo6_.g__ as g30_20_0_,
        foo6_.cmpnt_null_ as cmpnt31_20_0_,
        foo6_.subname as subname20_0_,
        foo6_.fee_sub as fee33_20_0_,
        foo6_.null_cmpnt_ as null34_20_0_,
        foo6_1_.joinedProp as joinedProp49_0_,
        foo6_2_.dependent as dependent43_0_,
        foo6_.the_time as the35_20_0_,
        foo6_.baz as baz20_0_,
        foo6_.bar_string as bar37_20_0_,
        foo6_.bar_count as bar38_20_0_,
        foo6_.name as name20_0_,
        foo6_.clazz as clazz20_0_,
        foo6_.gen_id as gen41_20_0_,
        foo6_3_.name_name as name2_27_0_,
        foo6_.int_/2 as formula92_0_,
        foo6_."foo_subclass_1234" as foo2_20_0_,
        glarch7_.tha_key as tha1_21_1_,
        glarch7_.version as version21_1_,
        glarch7_.namecvbnmasdf as namecvbn3_21_1_,
        glarch7_.next_ as next4_21_1_,
        glarch7_.order_ as order5_21_1_,
        glarch7_.foo as foo21_1_,
        glarch7_.bar as bar21_1_,
        glarch7_.x as x21_1_,
        glarch7_.immutable as immutable21_1_,
        glarch7_."any_id_of_object" as any10_21_1_,
        glarch7_."any_class_of_object" as any11_21_1_,
        glarch7_.count_ as count12_21_1_,
        glarch7_.glarch_ as glarch13_21_1_,
        fee8_.id_ as id1_24_2_,
        fee8_.fi as fi24_2_,
        fee8_.fee as fee24_2_,
        fee8_.anotherFee as anotherFee24_2_,
        fee8_.qux as qux24_2_,
        fee8_.count_ as count6_24_2_,
        fee8_.name as name24_2_,
        fee8_.null_prop as null8_24_2_,
        fee9_.id_ as id1_24_3_,
        fee9_.fi as fi24_3_,
        fee9_.fee as fee24_3_,
        fee9_.anotherFee as anotherFee24_3_,
        fee9_.qux as qux24_3_,
        fee9_.count_ as count6_24_3_,
        fee9_.name as name24_3_,
        fee9_.null_prop as null8_24_3_,
        fee10_.id_ as id1_24_4_,
        fee10_.fi as fi24_4_,
        fee10_.fee as fee24_4_,
        fee10_.anotherFee as anotherFee24_4_,
        fee10_.qux as qux24_4_,
        fee10_.count_ as count6_24_4_,
        fee10_.name as name24_4_,
        fee10_.null_prop as null8_24_4_,
        baz11_.baz_id_column_ as baz1_28_5_,
        baz11_.count_count as count2_28_5_,
        baz11_.name_b as name3_28_5_,
        baz11_.foo as foo28_5_,
        baz11_.superBaz as superBaz28_5_,
        baz11_."str" as str6_28_5_,
        topglarche12_.idtopglarch as idtopgl16_28_14_,
        topglarche12_.tha_key as tha1_21_14_,
        topglarche12_.mapkey as mapkey14_,
        topglarche12_.tha_key as tha1_21_6_,
        topglarche12_.version as version21_6_,
        topglarche12_.namecvbnmasdf as namecvbn3_21_6_,
        topglarche12_.next_ as next4_21_6_,
        topglarche12_.order_ as order5_21_6_,
        topglarche12_.foo as foo21_6_,
        topglarche12_.bar as bar21_6_,
        topglarche12_.x as x21_6_,
        topglarche12_.immutable as immutable21_6_,
        topglarche12_."any_id_of_object" as any10_21_6_,
        topglarche12_."any_class_of_object" as any11_21_6_,
        topglarche12_.count_ as count12_21_6_,
        topglarche12_.glarch_ as glarch13_21_6_,
        baz13_.baz_id_column_ as baz1_28_7_,
        baz13_.count_count as count2_28_7_,
        baz13_.name_b as name3_28_7_,
        baz13_.foo as foo28_7_,
        baz13_.superBaz as superBaz28_7_,
        baz13_."str" as str6_28_7_,
        foo3_."foo_idcolumnname123" as foo1_20_8_,
        foo3_.version as version20_8_,
        foo3_.foo as foo20_8_,
        foo3_.long_ as long5_20_8_,
        foo3_."integer__" as integer6_20_8_,
        foo3_.float_ as float7_20_8_,
        foo3_.x as x20_8_,
        foo3_.double_ as double9_20_8_,
        foo3_.date_ as date10_20_8_,
        foo3_.timestamp_ as timestamp11_20_8_,
        foo3_.boolean_ as boolean12_20_8_,
        foo3_.bool_ as bool13_20_8_,
        foo3_.null_ as null14_20_8_,
        foo3_.short_ as short15_20_8_,
        foo3_.char_ as char16_20_8_,
        foo3_.zero_ as zero17_20_8_,
        foo3_.int_ as int18_20_8_,
        foo3_.string_ as string19_20_8_,
        foo3_.byte_ as byte20_20_8_,
        foo3_.yesno as yesno20_8_,
        foo3_.blobb_ as blobb22_20_8_,
        foo3_.nullBlob as nullBlob20_8_,
        foo3_.bin_ as bin24_20_8_,
        foo3_."localeayzabc123" as localea25_20_8_,
        foo3_.first_name as first26_20_8_,
        foo3_.surname as surname20_8_,
        foo3_.count_ as count28_20_8_,
        foo3_.name_ as name29_20_8_,
        foo3_.g__ as g30_20_8_,
        foo3_.cmpnt_null_ as cmpnt31_20_8_,
        foo3_.subname as subname20_8_,
        foo3_.fee_sub as fee33_20_8_,
        foo3_.null_cmpnt_ as null34_20_8_,
        foo3_1_.joinedProp as joinedProp49_8_,
        foo3_2_.dependent as dependent43_8_,
        foo3_.the_time as the35_20_8_,
        foo3_.baz as baz20_8_,
        foo3_.bar_string as bar37_20_8_,
        foo3_.bar_count as bar38_20_8_,
        foo3_.name as name20_8_,
        foo3_.clazz as clazz20_8_,
        foo3_.gen_id as gen41_20_8_,
        foo3_3_.name_name as name2_27_8_,
        foo3_.int_/2 as formula92_8_,
        foo3_."foo_subclass_1234" as foo2_20_8_,
        fooarray15_.id_ as id1_28_,
        foo4_."foo_idcolumnname123" as foo5_,
        fooarray15_.i as i,
        foo4_."foo_idcolumnname123" as foo1_20_9_,
        foo4_.version as version20_9_,
        foo4_.foo as foo20_9_,
        foo4_.long_ as long5_20_9_,
        foo4_."integer__" as integer6_20_9_,
        foo4_.float_ as float7_20_9_,
        foo4_.x as x20_9_,
        foo4_.double_ as double9_20_9_,
        foo4_.date_ as date10_20_9_,
        foo4_.timestamp_ as timestamp11_20_9_,
        foo4_.boolean_ as boolean12_20_9_,
        foo4_.bool_ as bool13_20_9_,
        foo4_.null_ as null14_20_9_,
        foo4_.short_ as short15_20_9_,
        foo4_.char_ as char16_20_9_,
        foo4_.zero_ as zero17_20_9_,
        foo4_.int_ as int18_20_9_,
        foo4_.string_ as string19_20_9_,
        foo4_.byte_ as byte20_20_9_,
        foo4_.yesno as yesno20_9_,
        foo4_.blobb_ as blobb22_20_9_,
        foo4_.nullBlob as nullBlob20_9_,
        foo4_.bin_ as bin24_20_9_,
        foo4_."localeayzabc123" as localea25_20_9_,
        foo4_.first_name as first26_20_9_,
        foo4_.surname as surname20_9_,
        foo4_.count_ as count28_20_9_,
        foo4_.name_ as name29_20_9_,
        foo4_.g__ as g30_20_9_,
        foo4_.cmpnt_null_ as cmpnt31_20_9_,
        foo4_.subname as subname20_9_,
        foo4_.fee_sub as fee33_20_9_,
        foo4_.null_cmpnt_ as null34_20_9_,
        foo4_1_.joinedProp as joinedProp49_9_,
        foo4_2_.dependent as dependent43_9_,
        foo4_.the_time as the35_20_9_,
        foo4_.baz as baz20_9_,
        foo4_.bar_string as bar37_20_9_,
        foo4_.bar_count as bar38_20_9_,
        foo4_.name as name20_9_,
        foo4_.clazz as clazz20_9_,
        foo4_.gen_id as gen41_20_9_,
        foo4_3_.name_name as name2_27_9_,
        foo4_.int_/2 as formula92_9_,
        foo4_."foo_subclass_1234" as foo2_20_9_,
        glarch1_.tha_key as tha1_21_10_,
        glarch1_.version as version21_10_,
        glarch1_.namecvbnmasdf as namecvbn3_21_10_,
        glarch1_.next_ as next4_21_10_,
        glarch1_.order_ as order5_21_10_,
        glarch1_.foo as foo21_10_,
        glarch1_.bar as bar21_10_,
        glarch1_.x as x21_10_,
        glarch1_.immutable as immutable21_10_,
        glarch1_."any_id_of_object" as any10_21_10_,
        glarch1_."any_class_of_object" as any11_21_10_,
        glarch1_.count_ as count12_21_10_,
        glarch1_.glarch_ as glarch13_21_10_,
        glarch2_.tha_key as tha1_21_11_,
        glarch2_.version as version21_11_,
        glarch2_.namecvbnmasdf as namecvbn3_21_11_,
        glarch2_.next_ as next4_21_11_,
        glarch2_.order_ as order5_21_11_,
        glarch2_.foo as foo21_11_,
        glarch2_.bar as bar21_11_,
        glarch2_.x as x21_11_,
        glarch2_.immutable as immutable21_11_,
        glarch2_."any_id_of_object" as any10_21_11_,
        glarch2_."any_class_of_object" as any11_21_11_,
        glarch2_.count_ as count12_21_11_,
        glarch2_.glarch_ as glarch13_21_11_ 
    from
        baz this_ 
    left outer join
        "foos" foo6_ 
            on this_.foo=foo6_."foo_idcolumnname123" 
    left outer join
        jointable foo6_1_ 
            on foo6_."foo_idcolumnname123"=foo6_1_.fooid 
    left outer join
        foo_dep_table foo6_2_ 
            on foo6_."foo_idcolumnname123"=foo6_2_.fooid 
    left outer join
        bar_join_table foo6_3_ 
            on foo6_."foo_idcolumnname123"=foo6_3_.bar_id 
    left outer join
        "glarchez" glarch7_ 
            on foo6_.g__=glarch7_.tha_key 
    left outer join
        "the fees" fee8_ 
            on foo6_2_.dependent=fee8_.id_ 
    left outer join
        "the fees" fee9_ 
            on fee8_.fee=fee9_.id_ 
    left outer join
        "the fees" fee10_ 
            on fee9_.anotherFee=fee10_.id_ 
    left outer join
        baz baz11_ 
            on foo6_.baz=baz11_.baz_id_column_ 
    left outer join
        "glarchez" topglarche12_ 
            on baz11_.baz_id_column_=topglarche12_.idtopglarch 
    left outer join
        baz baz13_ 
            on baz11_.superBaz=baz13_.baz_id_column_ 
    inner join
        "foos" foo3_ 
            on this_.baz_id_column_=foo3_.baz_id 
            and foo3_."foo_subclass_1234" in (
                'F',
            'B',
            'T') 
        left outer join
            jointable foo3_1_ 
                on foo3_."foo_idcolumnname123"=foo3_1_.fooid 
        left outer join
            foo_dep_table foo3_2_ 
                on foo3_."foo_idcolumnname123"=foo3_2_.fooid 
        left outer join
            bar_join_table foo3_3_ 
                on foo3_."foo_idcolumnname123"=foo3_3_.bar_id 
        inner join
            FOO_ARRAY fooarray15_ 
                on this_.baz_id_column_=fooarray15_.id_ 
                and (
                    fooarray15_.i<8
                )  
        inner join
            "foos" foo4_ 
                on fooarray15_.foo=foo4_."foo_idcolumnname123" 
        left outer join
            jointable foo4_1_ 
                on foo4_."foo_idcolumnname123"=foo4_1_.fooid 
        left outer join
            foo_dep_table foo4_2_ 
                on foo4_."foo_idcolumnname123"=foo4_2_.fooid 
        left outer join
            bar_join_table foo4_3_ 
                on foo4_."foo_idcolumnname123"=foo4_3_.bar_id 
        inner join
            "glarchez" glarch1_ 
                on this_.baz_id_column_=glarch1_.idtopglarch 
        inner join
            "glarchez" glarch2_ 
                on glarch1_.tha_key=glarch2_.array_key 
        where
            glarch1_.namecvbnmasdf is not null 
            and glarch2_.namecvbnmasdf=glarch2_.namecvbnmasdf 
            and glarch2_.namecvbnmasdf=? 
            and glarch2_.x>? 
            and foo3_.null_ is null 
            and foo3_.string_=? 
            and foo3_."integer__"<? 
            and foo4_.string_=? for update
                
14:16:40,458 DEBUG SQL:104 - 
    select
        this_.tha_key as tha1_21_0_,
        this_.version as version21_0_,
        this_.namecvbnmasdf as namecvbn3_21_0_,
        this_.next_ as next4_21_0_,
        this_.order_ as order5_21_0_,
        this_.foo as foo21_0_,
        this_.bar as bar21_0_,
        this_.x as x21_0_,
        this_.immutable as immutable21_0_,
        this_."any_id_of_object" as any10_21_0_,
        this_."any_class_of_object" as any11_21_0_,
        this_.count_ as count12_21_0_,
        this_.glarch_ as glarch13_21_0_ 
    from
        "glarchez" this_ for update
            
14:16:40,459 DEBUG SQL:104 - 
    select
        this_.tha_key as tha1_21_0_,
        this_.version as version21_0_,
        this_.namecvbnmasdf as namecvbn3_21_0_,
        this_.next_ as next4_21_0_,
        this_.order_ as order5_21_0_,
        this_.foo as foo21_0_,
        this_.bar as bar21_0_,
        this_.x as x21_0_,
        this_.immutable as immutable21_0_,
        this_."any_id_of_object" as any10_21_0_,
        this_."any_class_of_object" as any11_21_0_,
        this_.count_ as count12_21_0_,
        this_.glarch_ as glarch13_21_0_ 
    from
        "glarchez" this_ for update
            
14:16:40,512 DEBUG SQL:104 - 
    update
        "glarchez" 
    set
        version=?,
        namecvbnmasdf=? 
    where
        tha_key=? 
        and version=?
14:16:40,514 DEBUG SQL:104 - 
    select
        this_.baz_id_column_ as baz1_28_8_,
        this_.count_count as count2_28_8_,
        this_.name_b as name3_28_8_,
        this_.foo as foo28_8_,
        this_.superBaz as superBaz28_8_,
        this_."str" as str6_28_8_,
        foo2_."foo_idcolumnname123" as foo1_20_0_,
        foo2_.version as version20_0_,
        foo2_.foo as foo20_0_,
        foo2_.long_ as long5_20_0_,
        foo2_."integer__" as integer6_20_0_,
        foo2_.float_ as float7_20_0_,
        foo2_.x as x20_0_,
        foo2_.double_ as double9_20_0_,
        foo2_.date_ as date10_20_0_,
        foo2_.timestamp_ as timestamp11_20_0_,
        foo2_.boolean_ as boolean12_20_0_,
        foo2_.bool_ as bool13_20_0_,
        foo2_.null_ as null14_20_0_,
        foo2_.short_ as short15_20_0_,
        foo2_.char_ as char16_20_0_,
        foo2_.zero_ as zero17_20_0_,
        foo2_.int_ as int18_20_0_,
        foo2_.string_ as string19_20_0_,
        foo2_.byte_ as byte20_20_0_,
        foo2_.yesno as yesno20_0_,
        foo2_.blobb_ as blobb22_20_0_,
        foo2_.nullBlob as nullBlob20_0_,
        foo2_.bin_ as bin24_20_0_,
        foo2_."localeayzabc123" as localea25_20_0_,
        foo2_.first_name as first26_20_0_,
        foo2_.surname as surname20_0_,
        foo2_.count_ as count28_20_0_,
        foo2_.name_ as name29_20_0_,
        foo2_.g__ as g30_20_0_,
        foo2_.cmpnt_null_ as cmpnt31_20_0_,
        foo2_.subname as subname20_0_,
        foo2_.fee_sub as fee33_20_0_,
        foo2_.null_cmpnt_ as null34_20_0_,
        foo2_1_.joinedProp as joinedProp49_0_,
        foo2_2_.dependent as dependent43_0_,
        foo2_.the_time as the35_20_0_,
        foo2_.baz as baz20_0_,
        foo2_.bar_string as bar37_20_0_,
        foo2_.bar_count as bar38_20_0_,
        foo2_.name as name20_0_,
        foo2_.clazz as clazz20_0_,
        foo2_.gen_id as gen41_20_0_,
        foo2_3_.name_name as name2_27_0_,
        foo2_.int_/2 as formula92_0_,
        foo2_."foo_subclass_1234" as foo2_20_0_,
        glarch3_.tha_key as tha1_21_1_,
        glarch3_.version as version21_1_,
        glarch3_.namecvbnmasdf as namecvbn3_21_1_,
        glarch3_.next_ as next4_21_1_,
        glarch3_.order_ as order5_21_1_,
        glarch3_.foo as foo21_1_,
        glarch3_.bar as bar21_1_,
        glarch3_.x as x21_1_,
        glarch3_.immutable as immutable21_1_,
        glarch3_."any_id_of_object" as any10_21_1_,
        glarch3_."any_class_of_object" as any11_21_1_,
        glarch3_.count_ as count12_21_1_,
        glarch3_.glarch_ as glarch13_21_1_,
        fee4_.id_ as id1_24_2_,
        fee4_.fi as fi24_2_,
        fee4_.fee as fee24_2_,
        fee4_.anotherFee as anotherFee24_2_,
        fee4_.qux as qux24_2_,
        fee4_.count_ as count6_24_2_,
        fee4_.name as name24_2_,
        fee4_.null_prop as null8_24_2_,
        fee5_.id_ as id1_24_3_,
        fee5_.fi as fi24_3_,
        fee5_.fee as fee24_3_,
        fee5_.anotherFee as anotherFee24_3_,
        fee5_.qux as qux24_3_,
        fee5_.count_ as count6_24_3_,
        fee5_.name as name24_3_,
        fee5_.null_prop as null8_24_3_,
        fee6_.id_ as id1_24_4_,
        fee6_.fi as fi24_4_,
        fee6_.fee as fee24_4_,
        fee6_.anotherFee as anotherFee24_4_,
        fee6_.qux as qux24_4_,
        fee6_.count_ as count6_24_4_,
        fee6_.name as name24_4_,
        fee6_.null_prop as null8_24_4_,
        baz7_.baz_id_column_ as baz1_28_5_,
        baz7_.count_count as count2_28_5_,
        baz7_.name_b as name3_28_5_,
        baz7_.foo as foo28_5_,
        baz7_.superBaz as superBaz28_5_,
        baz7_."str" as str6_28_5_,
        topglarche8_.idtopglarch as idtopgl16_28_10_,
        topglarche8_.tha_key as tha1_21_10_,
        topglarche8_.mapkey as mapkey10_,
        topglarche8_.tha_key as tha1_21_6_,
        topglarche8_.version as version21_6_,
        topglarche8_.namecvbnmasdf as namecvbn3_21_6_,
        topglarche8_.next_ as next4_21_6_,
        topglarche8_.order_ as order5_21_6_,
        topglarche8_.foo as foo21_6_,
        topglarche8_.bar as bar21_6_,
        topglarche8_.x as x21_6_,
        topglarche8_.immutable as immutable21_6_,
        topglarche8_."any_id_of_object" as any10_21_6_,
        topglarche8_."any_class_of_object" as any11_21_6_,
        topglarche8_.count_ as count12_21_6_,
        topglarche8_.glarch_ as glarch13_21_6_,
        baz9_.baz_id_column_ as baz1_28_7_,
        baz9_.count_count as count2_28_7_,
        baz9_.name_b as name3_28_7_,
        baz9_.foo as foo28_7_,
        baz9_.superBaz as superBaz28_7_,
        baz9_."str" as str6_28_7_ 
    from
        baz this_ 
    left outer join
        "foos" foo2_ 
            on this_.foo=foo2_."foo_idcolumnname123" 
    left outer join
        jointable foo2_1_ 
            on foo2_."foo_idcolumnname123"=foo2_1_.fooid 
    left outer join
        foo_dep_table foo2_2_ 
            on foo2_."foo_idcolumnname123"=foo2_2_.fooid 
    left outer join
        bar_join_table foo2_3_ 
            on foo2_."foo_idcolumnname123"=foo2_3_.bar_id 
    left outer join
        "glarchez" glarch3_ 
            on foo2_.g__=glarch3_.tha_key 
    left outer join
        "the fees" fee4_ 
            on foo2_2_.dependent=fee4_.id_ 
    left outer join
        "the fees" fee5_ 
            on fee4_.fee=fee5_.id_ 
    left outer join
        "the fees" fee6_ 
            on fee5_.anotherFee=fee6_.id_ 
    left outer join
        baz baz7_ 
            on foo2_.baz=baz7_.baz_id_column_ 
    left outer join
        "glarchez" topglarche8_ 
            on baz7_.baz_id_column_=topglarche8_.idtopglarch 
    left outer join
        baz baz9_ 
            on baz7_.superBaz=baz9_.baz_id_column_ 
    where
        not exists (
            select
                1 
            from
                "foos" 
            where
                this_.baz_id_column_=baz_id
        )
14:16:40,529 DEBUG SQL:104 - 
    select
        this_.baz_id_column_ as baz1_28_8_,
        this_.count_count as count2_28_8_,
        this_.name_b as name3_28_8_,
        this_.foo as foo28_8_,
        this_.superBaz as superBaz28_8_,
        this_."str" as str6_28_8_,
        foo2_."foo_idcolumnname123" as foo1_20_0_,
        foo2_.version as version20_0_,
        foo2_.foo as foo20_0_,
        foo2_.long_ as long5_20_0_,
        foo2_."integer__" as integer6_20_0_,
        foo2_.float_ as float7_20_0_,
        foo2_.x as x20_0_,
        foo2_.double_ as double9_20_0_,
        foo2_.date_ as date10_20_0_,
        foo2_.timestamp_ as timestamp11_20_0_,
        foo2_.boolean_ as boolean12_20_0_,
        foo2_.bool_ as bool13_20_0_,
        foo2_.null_ as null14_20_0_,
        foo2_.short_ as short15_20_0_,
        foo2_.char_ as char16_20_0_,
        foo2_.zero_ as zero17_20_0_,
        foo2_.int_ as int18_20_0_,
        foo2_.string_ as string19_20_0_,
        foo2_.byte_ as byte20_20_0_,
        foo2_.yesno as yesno20_0_,
        foo2_.blobb_ as blobb22_20_0_,
        foo2_.nullBlob as nullBlob20_0_,
        foo2_.bin_ as bin24_20_0_,
        foo2_."localeayzabc123" as localea25_20_0_,
        foo2_.first_name as first26_20_0_,
        foo2_.surname as surname20_0_,
        foo2_.count_ as count28_20_0_,
        foo2_.name_ as name29_20_0_,
        foo2_.g__ as g30_20_0_,
        foo2_.cmpnt_null_ as cmpnt31_20_0_,
        foo2_.subname as subname20_0_,
        foo2_.fee_sub as fee33_20_0_,
        foo2_.null_cmpnt_ as null34_20_0_,
        foo2_1_.joinedProp as joinedProp49_0_,
        foo2_2_.dependent as dependent43_0_,
        foo2_.the_time as the35_20_0_,
        foo2_.baz as baz20_0_,
        foo2_.bar_string as bar37_20_0_,
        foo2_.bar_count as bar38_20_0_,
        foo2_.name as name20_0_,
        foo2_.clazz as clazz20_0_,
        foo2_.gen_id as gen41_20_0_,
        foo2_3_.name_name as name2_27_0_,
        foo2_.int_/2 as formula92_0_,
        foo2_."foo_subclass_1234" as foo2_20_0_,
        glarch3_.tha_key as tha1_21_1_,
        glarch3_.version as version21_1_,
        glarch3_.namecvbnmasdf as namecvbn3_21_1_,
        glarch3_.next_ as next4_21_1_,
        glarch3_.order_ as order5_21_1_,
        glarch3_.foo as foo21_1_,
        glarch3_.bar as bar21_1_,
        glarch3_.x as x21_1_,
        glarch3_.immutable as immutable21_1_,
        glarch3_."any_id_of_object" as any10_21_1_,
        glarch3_."any_class_of_object" as any11_21_1_,
        glarch3_.count_ as count12_21_1_,
        glarch3_.glarch_ as glarch13_21_1_,
        fee4_.id_ as id1_24_2_,
        fee4_.fi as fi24_2_,
        fee4_.fee as fee24_2_,
        fee4_.anotherFee as anotherFee24_2_,
        fee4_.qux as qux24_2_,
        fee4_.count_ as count6_24_2_,
        fee4_.name as name24_2_,
        fee4_.null_prop as null8_24_2_,
        fee5_.id_ as id1_24_3_,
        fee5_.fi as fi24_3_,
        fee5_.fee as fee24_3_,
        fee5_.anotherFee as anotherFee24_3_,
        fee5_.qux as qux24_3_,
        fee5_.count_ as count6_24_3_,
        fee5_.name as name24_3_,
        fee5_.null_prop as null8_24_3_,
        fee6_.id_ as id1_24_4_,
        fee6_.fi as fi24_4_,
        fee6_.fee as fee24_4_,
        fee6_.anotherFee as anotherFee24_4_,
        fee6_.qux as qux24_4_,
        fee6_.count_ as count6_24_4_,
        fee6_.name as name24_4_,
        fee6_.null_prop as null8_24_4_,
        baz7_.baz_id_column_ as baz1_28_5_,
        baz7_.count_count as count2_28_5_,
        baz7_.name_b as name3_28_5_,
        baz7_.foo as foo28_5_,
        baz7_.superBaz as superBaz28_5_,
        baz7_."str" as str6_28_5_,
        topglarche8_.idtopglarch as idtopgl16_28_10_,
        topglarche8_.tha_key as tha1_21_10_,
        topglarche8_.mapkey as mapkey10_,
        topglarche8_.tha_key as tha1_21_6_,
        topglarche8_.version as version21_6_,
        topglarche8_.namecvbnmasdf as namecvbn3_21_6_,
        topglarche8_.next_ as next4_21_6_,
        topglarche8_.order_ as order5_21_6_,
        topglarche8_.foo as foo21_6_,
        topglarche8_.bar as bar21_6_,
        topglarche8_.x as x21_6_,
        topglarche8_.immutable as immutable21_6_,
        topglarche8_."any_id_of_object" as any10_21_6_,
        topglarche8_."any_class_of_object" as any11_21_6_,
        topglarche8_.count_ as count12_21_6_,
        topglarche8_.glarch_ as glarch13_21_6_,
        baz9_.baz_id_column_ as baz1_28_7_,
        baz9_.count_count as count2_28_7_,
        baz9_.name_b as name3_28_7_,
        baz9_.foo as foo28_7_,
        baz9_.superBaz as superBaz28_7_,
        baz9_."str" as str6_28_7_ 
    from
        baz this_ 
    left outer join
        "foos" foo2_ 
            on this_.foo=foo2_."foo_idcolumnname123" 
    left outer join
        jointable foo2_1_ 
            on foo2_."foo_idcolumnname123"=foo2_1_.fooid 
    left outer join
        foo_dep_table foo2_2_ 
            on foo2_."foo_idcolumnname123"=foo2_2_.fooid 
    left outer join
        bar_join_table foo2_3_ 
            on foo2_."foo_idcolumnname123"=foo2_3_.bar_id 
    left outer join
        "glarchez" glarch3_ 
            on foo2_.g__=glarch3_.tha_key 
    left outer join
        "the fees" fee4_ 
            on foo2_2_.dependent=fee4_.id_ 
    left outer join
        "the fees" fee5_ 
            on fee4_.fee=fee5_.id_ 
    left outer join
        "the fees" fee6_ 
            on fee5_.anotherFee=fee6_.id_ 
    left outer join
        baz baz7_ 
            on foo2_.baz=baz7_.baz_id_column_ 
    left outer join
        "glarchez" topglarche8_ 
            on baz7_.baz_id_column_=topglarche8_.idtopglarch 
    left outer join
        baz baz9_ 
            on baz7_.superBaz=baz9_.baz_id_column_ 
    where
        exists (
            select
                1 
            from
                "foos" 
            where
                this_.baz_id_column_=baz_id
        )
14:16:40,595 DEBUG SQL:104 - 
    select
        intarray0_.id as id28_0_,
        intarray0_.j as j48_0_,
        intarray0_.i as i0_ 
    from
        int_array intarray0_ 
    where
        intarray0_.id=?
14:16:40,595 DEBUG SQL:104 - 
    select
        components0_.baz_id as baz1_28_0_,
        components0_.name as name33_0_,
        components0_.count_ as count3_33_0_,
        components0_.x_ as x4_33_0_,
        components0_.y_ as y5_33_0_,
        components0_.i as i0_ 
    from
        bazcomponents components0_ 
    where
        components0_.baz_id=?
14:16:40,605 DEBUG SQL:104 - 
    select
        timearray0_.baz_id as baz1_28_0_,
        timearray0_.the_time as the2_63_0_,
        timearray0_.j as j0_ 
    from
        timeArray timearray0_ 
    where
        timearray0_.baz_id=?
14:16:40,605 DEBUG SQL:104 - 
    select
        fooarray0_.id_ as id1_28_0_,
        fooarray0_.foo as foo5_0_,
        fooarray0_.i as i0_ 
    from
        FOO_ARRAY fooarray0_ 
    where
        (
            fooarray0_.i<8
        )  
        and fooarray0_.id_=?
14:16:40,605 DEBUG SQL:104 - 
    select
        stringarra0_.id_ as id1_28_0_,
        stringarra0_.name as name56_0_,
        stringarra0_.i as i0_ 
    from
        stringArray stringarra0_ 
    where
        stringarra0_.id_=?
14:16:40,616 DEBUG SQL:104 - 
    select
        floats0_.baz_compon_id as baz1_28_0_,
        floats0_.float_value as float2_30_0_ 
    from
        baz_floats_bag floats0_ 
    where
        floats0_.baz_compon_id=?
14:16:40,616 DEBUG SQL:104 - 
    select
        foos0_.baz_compon_id as baz46_28_8_,
        foos0_."foo_idcolumnname123" as foo1_20_8_,
        foos0_."foo_idcolumnname123" as foo1_20_7_,
        foos0_.version as version20_7_,
        foos0_.foo as foo20_7_,
        foos0_.long_ as long5_20_7_,
        foos0_."integer__" as integer6_20_7_,
        foos0_.float_ as float7_20_7_,
        foos0_.x as x20_7_,
        foos0_.double_ as double9_20_7_,
        foos0_.date_ as date10_20_7_,
        foos0_.timestamp_ as timestamp11_20_7_,
        foos0_.boolean_ as boolean12_20_7_,
        foos0_.bool_ as bool13_20_7_,
        foos0_.null_ as null14_20_7_,
        foos0_.short_ as short15_20_7_,
        foos0_.char_ as char16_20_7_,
        foos0_.zero_ as zero17_20_7_,
        foos0_.int_ as int18_20_7_,
        foos0_.string_ as string19_20_7_,
        foos0_.byte_ as byte20_20_7_,
        foos0_.yesno as yesno20_7_,
        foos0_.blobb_ as blobb22_20_7_,
        foos0_.nullBlob as nullBlob20_7_,
        foos0_.bin_ as bin24_20_7_,
        foos0_."localeayzabc123" as localea25_20_7_,
        foos0_.first_name as first26_20_7_,
        foos0_.surname as surname20_7_,
        foos0_.count_ as count28_20_7_,
        foos0_.name_ as name29_20_7_,
        foos0_.g__ as g30_20_7_,
        foos0_.cmpnt_null_ as cmpnt31_20_7_,
        foos0_.subname as subname20_7_,
        foos0_.fee_sub as fee33_20_7_,
        foos0_.null_cmpnt_ as null34_20_7_,
        foos0_1_.joinedProp as joinedProp49_7_,
        foos0_2_.dependent as dependent43_7_,
        foos0_.the_time as the35_20_7_,
        foos0_.baz as baz20_7_,
        foos0_.bar_string as bar37_20_7_,
        foos0_.bar_count as bar38_20_7_,
        foos0_.name as name20_7_,
        foos0_.clazz as clazz20_7_,
        foos0_.gen_id as gen41_20_7_,
        foos0_3_.name_name as name2_27_7_,
        foos0_.int_/2 as formula92_7_,
        foos0_."foo_subclass_1234" as foo2_20_7_,
        glarch1_.tha_key as tha1_21_0_,
        glarch1_.version as version21_0_,
        glarch1_.namecvbnmasdf as namecvbn3_21_0_,
        glarch1_.next_ as next4_21_0_,
        glarch1_.order_ as order5_21_0_,
        glarch1_.foo as foo21_0_,
        glarch1_.bar as bar21_0_,
        glarch1_.x as x21_0_,
        glarch1_.immutable as immutable21_0_,
        glarch1_."any_id_of_object" as any10_21_0_,
        glarch1_."any_class_of_object" as any11_21_0_,
        glarch1_.count_ as count12_21_0_,
        glarch1_.glarch_ as glarch13_21_0_,
        fee2_.id_ as id1_24_1_,
        fee2_.fi as fi24_1_,
        fee2_.fee as fee24_1_,
        fee2_.anotherFee as anotherFee24_1_,
        fee2_.qux as qux24_1_,
        fee2_.count_ as count6_24_1_,
        fee2_.name as name24_1_,
        fee2_.null_prop as null8_24_1_,
        fee3_.id_ as id1_24_2_,
        fee3_.fi as fi24_2_,
        fee3_.fee as fee24_2_,
        fee3_.anotherFee as anotherFee24_2_,
        fee3_.qux as qux24_2_,
        fee3_.count_ as count6_24_2_,
        fee3_.name as name24_2_,
        fee3_.null_prop as null8_24_2_,
        fee4_.id_ as id1_24_3_,
        fee4_.fi as fi24_3_,
        fee4_.fee as fee24_3_,
        fee4_.anotherFee as anotherFee24_3_,
        fee4_.qux as qux24_3_,
        fee4_.count_ as count6_24_3_,
        fee4_.name as name24_3_,
        fee4_.null_prop as null8_24_3_,
        baz5_.baz_id_column_ as baz1_28_4_,
        baz5_.count_count as count2_28_4_,
        baz5_.name_b as name3_28_4_,
        baz5_.foo as foo28_4_,
        baz5_.superBaz as superBaz28_4_,
        baz5_."str" as str6_28_4_,
        foo6_."foo_idcolumnname123" as foo1_20_5_,
        foo6_.version as version20_5_,
        foo6_.foo as foo20_5_,
        foo6_.long_ as long5_20_5_,
        foo6_."integer__" as integer6_20_5_,
        foo6_.float_ as float7_20_5_,
        foo6_.x as x20_5_,
        foo6_.double_ as double9_20_5_,
        foo6_.date_ as date10_20_5_,
        foo6_.timestamp_ as timestamp11_20_5_,
        foo6_.boolean_ as boolean12_20_5_,
        foo6_.bool_ as bool13_20_5_,
        foo6_.null_ as null14_20_5_,
        foo6_.short_ as short15_20_5_,
        foo6_.char_ as char16_20_5_,
        foo6_.zero_ as zero17_20_5_,
        foo6_.int_ as int18_20_5_,
        foo6_.string_ as string19_20_5_,
        foo6_.byte_ as byte20_20_5_,
        foo6_.yesno as yesno20_5_,
        foo6_.blobb_ as blobb22_20_5_,
        foo6_.nullBlob as nullBlob20_5_,
        foo6_.bin_ as bin24_20_5_,
        foo6_."localeayzabc123" as localea25_20_5_,
        foo6_.first_name as first26_20_5_,
        foo6_.surname as surname20_5_,
        foo6_.count_ as count28_20_5_,
        foo6_.name_ as name29_20_5_,
        foo6_.g__ as g30_20_5_,
        foo6_.cmpnt_null_ as cmpnt31_20_5_,
        foo6_.subname as subname20_5_,
        foo6_.fee_sub as fee33_20_5_,
        foo6_.null_cmpnt_ as null34_20_5_,
        foo6_1_.joinedProp as joinedProp49_5_,
        foo6_2_.dependent as dependent43_5_,
        foo6_.the_time as the35_20_5_,
        foo6_.baz as baz20_5_,
        foo6_.bar_string as bar37_20_5_,
        foo6_.bar_count as bar38_20_5_,
        foo6_.name as name20_5_,
        foo6_.clazz as clazz20_5_,
        foo6_.gen_id as gen41_20_5_,
        foo6_3_.name_name as name2_27_5_,
        foo6_.int_/2 as formula92_5_,
        foo6_."foo_subclass_1234" as foo2_20_5_,
        baz7_.baz_id_column_ as baz1_28_6_,
        baz7_.count_count as count2_28_6_,
        baz7_.name_b as name3_28_6_,
        baz7_.foo as foo28_6_,
        baz7_.superBaz as superBaz28_6_,
        baz7_."str" as str6_28_6_ 
    from
        "foos" foos0_ 
    inner join
        jointable foos0_1_ 
            on foos0_."foo_idcolumnname123"=foos0_1_.fooid 
    inner join
        foo_dep_table foos0_2_ 
            on foos0_."foo_idcolumnname123"=foos0_2_.fooid 
    left outer join
        bar_join_table foos0_3_ 
            on foos0_."foo_idcolumnname123"=foos0_3_.bar_id 
    left outer join
        "glarchez" glarch1_ 
            on foos0_.g__=glarch1_.tha_key 
    inner join
        "the fees" fee2_ 
            on foos0_2_.dependent=fee2_.id_ 
    left outer join
        "the fees" fee3_ 
            on fee2_.fee=fee3_.id_ 
    left outer join
        "the fees" fee4_ 
            on fee3_.anotherFee=fee4_.id_ 
    left outer join
        baz baz5_ 
            on foos0_.baz=baz5_.baz_id_column_ 
    left outer join
        "foos" foo6_ 
            on baz5_.foo=foo6_."foo_idcolumnname123" 
    left outer join
        jointable foo6_1_ 
            on foo6_."foo_idcolumnname123"=foo6_1_.fooid 
    left outer join
        foo_dep_table foo6_2_ 
            on foo6_."foo_idcolumnname123"=foo6_2_.fooid 
    left outer join
        bar_join_table foo6_3_ 
            on foo6_."foo_idcolumnname123"=foo6_3_.bar_id 
    left outer join
        baz baz7_ 
            on baz5_.superBaz=baz7_.baz_id_column_ 
    where
        foos0_."foo_subclass_1234" in (
            'F', 'B', 'T'
        ) 
        and foos0_.baz_compon_id=?
14:16:40,671 DEBUG SQL:104 - 
    select
        subs0_.superBaz as superBaz28_7_,
        subs0_.baz_id_column_ as baz1_28_7_,
        subs0_.baz_id_column_ as baz1_28_6_,
        subs0_.count_count as count2_28_6_,
        subs0_.name_b as name3_28_6_,
        subs0_.foo as foo28_6_,
        subs0_.superBaz as superBaz28_6_,
        subs0_."str" as str6_28_6_,
        foo1_."foo_idcolumnname123" as foo1_20_0_,
        foo1_.version as version20_0_,
        foo1_.foo as foo20_0_,
        foo1_.long_ as long5_20_0_,
        foo1_."integer__" as integer6_20_0_,
        foo1_.float_ as float7_20_0_,
        foo1_.x as x20_0_,
        foo1_.double_ as double9_20_0_,
        foo1_.date_ as date10_20_0_,
        foo1_.timestamp_ as timestamp11_20_0_,
        foo1_.boolean_ as boolean12_20_0_,
        foo1_.bool_ as bool13_20_0_,
        foo1_.null_ as null14_20_0_,
        foo1_.short_ as short15_20_0_,
        foo1_.char_ as char16_20_0_,
        foo1_.zero_ as zero17_20_0_,
        foo1_.int_ as int18_20_0_,
        foo1_.string_ as string19_20_0_,
        foo1_.byte_ as byte20_20_0_,
        foo1_.yesno as yesno20_0_,
        foo1_.blobb_ as blobb22_20_0_,
        foo1_.nullBlob as nullBlob20_0_,
        foo1_.bin_ as bin24_20_0_,
        foo1_."localeayzabc123" as localea25_20_0_,
        foo1_.first_name as first26_20_0_,
        foo1_.surname as surname20_0_,
        foo1_.count_ as count28_20_0_,
        foo1_.name_ as name29_20_0_,
        foo1_.g__ as g30_20_0_,
        foo1_.cmpnt_null_ as cmpnt31_20_0_,
        foo1_.subname as subname20_0_,
        foo1_.fee_sub as fee33_20_0_,
        foo1_.null_cmpnt_ as null34_20_0_,
        foo1_1_.joinedProp as joinedProp49_0_,
        foo1_2_.dependent as dependent43_0_,
        foo1_.the_time as the35_20_0_,
        foo1_.baz as baz20_0_,
        foo1_.bar_string as bar37_20_0_,
        foo1_.bar_count as bar38_20_0_,
        foo1_.name as name20_0_,
        foo1_.clazz as clazz20_0_,
        foo1_.gen_id as gen41_20_0_,
        foo1_3_.name_name as name2_27_0_,
        foo1_.int_/2 as formula92_0_,
        foo1_."foo_subclass_1234" as foo2_20_0_,
        glarch2_.tha_key as tha1_21_1_,
        glarch2_.version as version21_1_,
        glarch2_.namecvbnmasdf as namecvbn3_21_1_,
        glarch2_.next_ as next4_21_1_,
        glarch2_.order_ as order5_21_1_,
        glarch2_.foo as foo21_1_,
        glarch2_.bar as bar21_1_,
        glarch2_.x as x21_1_,
        glarch2_.immutable as immutable21_1_,
        glarch2_."any_id_of_object" as any10_21_1_,
        glarch2_."any_class_of_object" as any11_21_1_,
        glarch2_.count_ as count12_21_1_,
        glarch2_.glarch_ as glarch13_21_1_,
        fee3_.id_ as id1_24_2_,
        fee3_.fi as fi24_2_,
        fee3_.fee as fee24_2_,
        fee3_.anotherFee as anotherFee24_2_,
        fee3_.qux as qux24_2_,
        fee3_.count_ as count6_24_2_,
        fee3_.name as name24_2_,
        fee3_.null_prop as null8_24_2_,
        fee4_.id_ as id1_24_3_,
        fee4_.fi as fi24_3_,
        fee4_.fee as fee24_3_,
        fee4_.anotherFee as anotherFee24_3_,
        fee4_.qux as qux24_3_,
        fee4_.count_ as count6_24_3_,
        fee4_.name as name24_3_,
        fee4_.null_prop as null8_24_3_,
        fee5_.id_ as id1_24_4_,
        fee5_.fi as fi24_4_,
        fee5_.fee as fee24_4_,
        fee5_.anotherFee as anotherFee24_4_,
        fee5_.qux as qux24_4_,
        fee5_.count_ as count6_24_4_,
        fee5_.name as name24_4_,
        fee5_.null_prop as null8_24_4_,
        baz6_.baz_id_column_ as baz1_28_5_,
        baz6_.count_count as count2_28_5_,
        baz6_.name_b as name3_28_5_,
        baz6_.foo as foo28_5_,
        baz6_.superBaz as superBaz28_5_,
        baz6_."str" as str6_28_5_ 
    from
        baz subs0_ 
    left outer join
        "foos" foo1_ 
            on subs0_.foo=foo1_."foo_idcolumnname123" 
    left outer join
        jointable foo1_1_ 
            on foo1_."foo_idcolumnname123"=foo1_1_.fooid 
    left outer join
        foo_dep_table foo1_2_ 
            on foo1_."foo_idcolumnname123"=foo1_2_.fooid 
    left outer join
        bar_join_table foo1_3_ 
            on foo1_."foo_idcolumnname123"=foo1_3_.bar_id 
    left outer join
        "glarchez" glarch2_ 
            on foo1_.g__=glarch2_.tha_key 
    left outer join
        "the fees" fee3_ 
            on foo1_2_.dependent=fee3_.id_ 
    left outer join
        "the fees" fee4_ 
            on fee3_.fee=fee4_.id_ 
    left outer join
        "the fees" fee5_ 
            on fee4_.anotherFee=fee5_.id_ 
    left outer join
        baz baz6_ 
            on foo1_.baz=baz6_.baz_id_column_ 
    where
        subs0_.superBaz=?
14:16:40,721 DEBUG SQL:104 - 
    select
        sortablez0_.baz as baz28_1_,
        sortablez0_.id as id14_1_,
        sortablez0_.id as id14_0_,
        sortablez0_.name as name14_0_ 
    from
        Sortable sortablez0_ 
    where
        sortablez0_.baz=?
14:16:40,721 DEBUG SQL:104 - 
    select
        stringglar0_.baz_map_id as baz18_28_1_,
        stringglar0_.tha_key as tha1_21_1_,
        stringglar0_.baz_map_index as baz19_1_,
        stringglar0_.tha_key as tha1_21_0_,
        stringglar0_.version as version21_0_,
        stringglar0_.namecvbnmasdf as namecvbn3_21_0_,
        stringglar0_.next_ as next4_21_0_,
        stringglar0_.order_ as order5_21_0_,
        stringglar0_.foo as foo21_0_,
        stringglar0_.bar as bar21_0_,
        stringglar0_.x as x21_0_,
        stringglar0_.immutable as immutable21_0_,
        stringglar0_."any_id_of_object" as any10_21_0_,
        stringglar0_."any_class_of_object" as any11_21_0_,
        stringglar0_.count_ as count12_21_0_,
        stringglar0_.glarch_ as glarch13_21_0_ 
    from
        "glarchez" stringglar0_ 
    where
        (
            stringglar0_.baz_map_index > 'a' 
            and stringglar0_.tha_key is not null
        )  
        and stringglar0_.baz_map_id=?
14:16:40,731 DEBUG SQL:104 - 
    select
        cachedmap0_.baz as baz28_0_,
        cachedmap0_.foo as foo34_0_,
        cachedmap0_.bar as bar34_0_,
        cachedmap0_.another_baz as another4_0_ 
    from
        cached_map cachedmap0_ 
    where
        cachedmap0_.baz=?
14:16:40,742 DEBUG SQL:104 - 
    select
        cached0_.baz as baz28_0_,
        cached0_.foo as foo35_0_,
        cached0_.bar as bar35_0_ 
    from
        cached_set cached0_ 
    where
        cached0_.baz=?
14:16:40,742 DEBUG SQL:104 - 
    select
        topglarche0_.idtopglarch as idtopgl16_28_1_,
        topglarche0_.tha_key as tha1_21_1_,
        topglarche0_.mapkey as mapkey1_,
        topglarche0_.tha_key as tha1_21_0_,
        topglarche0_.version as version21_0_,
        topglarche0_.namecvbnmasdf as namecvbn3_21_0_,
        topglarche0_.next_ as next4_21_0_,
        topglarche0_.order_ as order5_21_0_,
        topglarche0_.foo as foo21_0_,
        topglarche0_.bar as bar21_0_,
        topglarche0_.x as x21_0_,
        topglarche0_.immutable as immutable21_0_,
        topglarche0_."any_id_of_object" as any10_21_0_,
        topglarche0_."any_class_of_object" as any11_21_0_,
        topglarche0_.count_ as count12_21_0_,
        topglarche0_.glarch_ as glarch13_21_0_ 
    from
        "glarchez" topglarche0_ 
    where
        topglarche0_.idtopglarch=?
14:16:40,759 DEBUG SQL:104 - 
    select
        proxyarray0_.array_key as array20_21_1_,
        proxyarray0_.tha_key as tha1_21_1_,
        proxyarray0_.array_indecks as array21_1_,
        proxyarray0_.tha_key as tha1_21_0_,
        proxyarray0_.version as version21_0_,
        proxyarray0_.namecvbnmasdf as namecvbn3_21_0_,
        proxyarray0_.next_ as next4_21_0_,
        proxyarray0_.order_ as order5_21_0_,
        proxyarray0_.foo as foo21_0_,
        proxyarray0_.bar as bar21_0_,
        proxyarray0_.x as x21_0_,
        proxyarray0_.immutable as immutable21_0_,
        proxyarray0_."any_id_of_object" as any10_21_0_,
        proxyarray0_."any_class_of_object" as any11_21_0_,
        proxyarray0_.count_ as count12_21_0_,
        proxyarray0_.glarch_ as glarch13_21_0_ 
    from
        "glarchez" proxyarray0_ 
    where
        proxyarray0_.array_key=?
14:16:40,760 DEBUG SQL:104 - 
    select
        proxyarray0_.array_key as array20_21_1_,
        proxyarray0_.tha_key as tha1_21_1_,
        proxyarray0_.array_indecks as array21_1_,
        proxyarray0_.tha_key as tha1_21_0_,
        proxyarray0_.version as version21_0_,
        proxyarray0_.namecvbnmasdf as namecvbn3_21_0_,
        proxyarray0_.next_ as next4_21_0_,
        proxyarray0_.order_ as order5_21_0_,
        proxyarray0_.foo as foo21_0_,
        proxyarray0_.bar as bar21_0_,
        proxyarray0_.x as x21_0_,
        proxyarray0_.immutable as immutable21_0_,
        proxyarray0_."any_id_of_object" as any10_21_0_,
        proxyarray0_."any_class_of_object" as any11_21_0_,
        proxyarray0_.count_ as count12_21_0_,
        proxyarray0_.glarch_ as glarch13_21_0_ 
    from
        "glarchez" proxyarray0_ 
    where
        proxyarray0_.array_key=?
14:16:40,768 DEBUG SQL:104 - 
    select
        proxyset0_.set_key as set22_21_1_,
        proxyset0_.tha_key as tha1_21_1_,
        proxyset0_.tha_key as tha1_21_0_,
        proxyset0_.version as version21_0_,
        proxyset0_.namecvbnmasdf as namecvbn3_21_0_,
        proxyset0_.next_ as next4_21_0_,
        proxyset0_.order_ as order5_21_0_,
        proxyset0_.foo as foo21_0_,
        proxyset0_.bar as bar21_0_,
        proxyset0_.x as x21_0_,
        proxyset0_.immutable as immutable21_0_,
        proxyset0_."any_id_of_object" as any10_21_0_,
        proxyset0_."any_class_of_object" as any11_21_0_,
        proxyset0_.count_ as count12_21_0_,
        proxyset0_.glarch_ as glarch13_21_0_ 
    from
        "glarchez" proxyset0_ 
    where
        proxyset0_.set_key=?
14:16:40,778 DEBUG SQL:104 - 
    select
        strings0_.glarch_key as glarch1_21_0_,
        strings0_."tha_stryng" as tha2_23_0_,
        strings0_."indx_" as indx3_0_ 
    from
        "strings" strings0_ 
    where
        strings0_.glarch_key=?
14:16:40,780 DEBUG SQL:104 - 
    select
        proxyset0_.set_key as set22_21_1_,
        proxyset0_.tha_key as tha1_21_1_,
        proxyset0_.tha_key as tha1_21_0_,
        proxyset0_.version as version21_0_,
        proxyset0_.namecvbnmasdf as namecvbn3_21_0_,
        proxyset0_.next_ as next4_21_0_,
        proxyset0_.order_ as order5_21_0_,
        proxyset0_.foo as foo21_0_,
        proxyset0_.bar as bar21_0_,
        proxyset0_.x as x21_0_,
        proxyset0_.immutable as immutable21_0_,
        proxyset0_."any_id_of_object" as any10_21_0_,
        proxyset0_."any_class_of_object" as any11_21_0_,
        proxyset0_.count_ as count12_21_0_,
        proxyset0_.glarch_ as glarch13_21_0_ 
    from
        "glarchez" proxyset0_ 
    where
        proxyset0_.set_key=?
14:16:40,780 DEBUG SQL:104 - 
    select
        strings0_.glarch_key as glarch1_21_0_,
        strings0_."tha_stryng" as tha2_23_0_,
        strings0_."indx_" as indx3_0_ 
    from
        "strings" strings0_ 
    where
        strings0_.glarch_key=?
14:16:40,781 DEBUG SQL:104 - 
    select
        cascadingb0_.idofbaz as idofbaz28_8_,
        cascadingb0_."foo_idcolumnname123" as foo1_20_8_,
        cascadingb0_."foo_idcolumnname123" as foo1_20_7_,
        cascadingb0_.version as version20_7_,
        cascadingb0_.foo as foo20_7_,
        cascadingb0_.long_ as long5_20_7_,
        cascadingb0_."integer__" as integer6_20_7_,
        cascadingb0_.float_ as float7_20_7_,
        cascadingb0_.x as x20_7_,
        cascadingb0_.double_ as double9_20_7_,
        cascadingb0_.date_ as date10_20_7_,
        cascadingb0_.timestamp_ as timestamp11_20_7_,
        cascadingb0_.boolean_ as boolean12_20_7_,
        cascadingb0_.bool_ as bool13_20_7_,
        cascadingb0_.null_ as null14_20_7_,
        cascadingb0_.short_ as short15_20_7_,
        cascadingb0_.char_ as char16_20_7_,
        cascadingb0_.zero_ as zero17_20_7_,
        cascadingb0_.int_ as int18_20_7_,
        cascadingb0_.string_ as string19_20_7_,
        cascadingb0_.byte_ as byte20_20_7_,
        cascadingb0_.yesno as yesno20_7_,
        cascadingb0_.blobb_ as blobb22_20_7_,
        cascadingb0_.nullBlob as nullBlob20_7_,
        cascadingb0_.bin_ as bin24_20_7_,
        cascadingb0_."localeayzabc123" as localea25_20_7_,
        cascadingb0_.first_name as first26_20_7_,
        cascadingb0_.surname as surname20_7_,
        cascadingb0_.count_ as count28_20_7_,
        cascadingb0_.name_ as name29_20_7_,
        cascadingb0_.g__ as g30_20_7_,
        cascadingb0_.cmpnt_null_ as cmpnt31_20_7_,
        cascadingb0_.subname as subname20_7_,
        cascadingb0_.fee_sub as fee33_20_7_,
        cascadingb0_.null_cmpnt_ as null34_20_7_,
        cascadingb0_1_.joinedProp as joinedProp49_7_,
        cascadingb0_2_.dependent as dependent43_7_,
        cascadingb0_.the_time as the35_20_7_,
        cascadingb0_.baz as baz20_7_,
        cascadingb0_.bar_string as bar37_20_7_,
        cascadingb0_.bar_count as bar38_20_7_,
        cascadingb0_.name as name20_7_,
        cascadingb0_.clazz as clazz20_7_,
        cascadingb0_.gen_id as gen41_20_7_,
        cascadingb0_3_.name_name as name2_27_7_,
        cascadingb0_.int_/2 as formula92_7_,
        glarch1_.tha_key as tha1_21_0_,
        glarch1_.version as version21_0_,
        glarch1_.namecvbnmasdf as namecvbn3_21_0_,
        glarch1_.next_ as next4_21_0_,
        glarch1_.order_ as order5_21_0_,
        glarch1_.foo as foo21_0_,
        glarch1_.bar as bar21_0_,
        glarch1_.x as x21_0_,
        glarch1_.immutable as immutable21_0_,
        glarch1_."any_id_of_object" as any10_21_0_,
        glarch1_."any_class_of_object" as any11_21_0_,
        glarch1_.count_ as count12_21_0_,
        glarch1_.glarch_ as glarch13_21_0_,
        fee2_.id_ as id1_24_1_,
        fee2_.fi as fi24_1_,
        fee2_.fee as fee24_1_,
        fee2_.anotherFee as anotherFee24_1_,
        fee2_.qux as qux24_1_,
        fee2_.count_ as count6_24_1_,
        fee2_.name as name24_1_,
        fee2_.null_prop as null8_24_1_,
        fee3_.id_ as id1_24_2_,
        fee3_.fi as fi24_2_,
        fee3_.fee as fee24_2_,
        fee3_.anotherFee as anotherFee24_2_,
        fee3_.qux as qux24_2_,
        fee3_.count_ as count6_24_2_,
        fee3_.name as name24_2_,
        fee3_.null_prop as null8_24_2_,
        fee4_.id_ as id1_24_3_,
        fee4_.fi as fi24_3_,
        fee4_.fee as fee24_3_,
        fee4_.anotherFee as anotherFee24_3_,
        fee4_.qux as qux24_3_,
        fee4_.count_ as count6_24_3_,
        fee4_.name as name24_3_,
        fee4_.null_prop as null8_24_3_,
        baz5_.baz_id_column_ as baz1_28_4_,
        baz5_.count_count as count2_28_4_,
        baz5_.name_b as name3_28_4_,
        baz5_.foo as foo28_4_,
        baz5_.superBaz as superBaz28_4_,
        baz5_."str" as str6_28_4_,
        foo6_."foo_idcolumnname123" as foo1_20_5_,
        foo6_.version as version20_5_,
        foo6_.foo as foo20_5_,
        foo6_.long_ as long5_20_5_,
        foo6_."integer__" as integer6_20_5_,
        foo6_.float_ as float7_20_5_,
        foo6_.x as x20_5_,
        foo6_.double_ as double9_20_5_,
        foo6_.date_ as date10_20_5_,
        foo6_.timestamp_ as timestamp11_20_5_,
        foo6_.boolean_ as boolean12_20_5_,
        foo6_.bool_ as bool13_20_5_,
        foo6_.null_ as null14_20_5_,
        foo6_.short_ as short15_20_5_,
        foo6_.char_ as char16_20_5_,
        foo6_.zero_ as zero17_20_5_,
        foo6_.int_ as int18_20_5_,
        foo6_.string_ as string19_20_5_,
        foo6_.byte_ as byte20_20_5_,
        foo6_.yesno as yesno20_5_,
        foo6_.blobb_ as blobb22_20_5_,
        foo6_.nullBlob as nullBlob20_5_,
        foo6_.bin_ as bin24_20_5_,
        foo6_."localeayzabc123" as localea25_20_5_,
        foo6_.first_name as first26_20_5_,
        foo6_.surname as surname20_5_,
        foo6_.count_ as count28_20_5_,
        foo6_.name_ as name29_20_5_,
        foo6_.g__ as g30_20_5_,
        foo6_.cmpnt_null_ as cmpnt31_20_5_,
        foo6_.subname as subname20_5_,
        foo6_.fee_sub as fee33_20_5_,
        foo6_.null_cmpnt_ as null34_20_5_,
        foo6_1_.joinedProp as joinedProp49_5_,
        foo6_2_.dependent as dependent43_5_,
        foo6_.the_time as the35_20_5_,
        foo6_.baz as baz20_5_,
        foo6_.bar_string as bar37_20_5_,
        foo6_.bar_count as bar38_20_5_,
        foo6_.name as name20_5_,
        foo6_.clazz as clazz20_5_,
        foo6_.gen_id as gen41_20_5_,
        foo6_3_.name_name as name2_27_5_,
        foo6_.int_/2 as formula92_5_,
        foo6_."foo_subclass_1234" as foo2_20_5_,
        baz7_.baz_id_column_ as baz1_28_6_,
        baz7_.count_count as count2_28_6_,
        baz7_.name_b as name3_28_6_,
        baz7_.foo as foo28_6_,
        baz7_.superBaz as superBaz28_6_,
        baz7_."str" as str6_28_6_ 
    from
        "foos" cascadingb0_ 
    inner join
        jointable cascadingb0_1_ 
            on cascadingb0_."foo_idcolumnname123"=cascadingb0_1_.fooid 
    inner join
        foo_dep_table cascadingb0_2_ 
            on cascadingb0_."foo_idcolumnname123"=cascadingb0_2_.fooid 
    inner join
        bar_join_table cascadingb0_3_ 
            on cascadingb0_."foo_idcolumnname123"=cascadingb0_3_.bar_id 
    left outer join
        "glarchez" glarch1_ 
            on cascadingb0_.g__=glarch1_.tha_key 
    inner join
        "the fees" fee2_ 
            on cascadingb0_2_.dependent=fee2_.id_ 
    left outer join
        "the fees" fee3_ 
            on fee2_.fee=fee3_.id_ 
    left outer join
        "the fees" fee4_ 
            on fee3_.anotherFee=fee4_.id_ 
    left outer join
        baz baz5_ 
            on cascadingb0_.baz=baz5_.baz_id_column_ 
    left outer join
        "foos" foo6_ 
            on baz5_.foo=foo6_."foo_idcolumnname123" 
    left outer join
        jointable foo6_1_ 
            on foo6_."foo_idcolumnname123"=foo6_1_.fooid 
    left outer join
        foo_dep_table foo6_2_ 
            on foo6_."foo_idcolumnname123"=foo6_2_.fooid 
    left outer join
        bar_join_table foo6_3_ 
            on foo6_."foo_idcolumnname123"=foo6_3_.bar_id 
    left outer join
        baz baz7_ 
            on baz5_.superBaz=baz7_.baz_id_column_ 
    where
        cascadingb0_."foo_subclass_1234"='B' 
        and cascadingb0_.idofbaz=?
14:16:40,861 DEBUG SQL:104 - 
    select
        topfoos0_.idtopbar as idtopbar28_8_,
        topfoos0_."foo_idcolumnname123" as foo1_20_8_,
        topfoos0_."foo_idcolumnname123" as foo1_20_7_,
        topfoos0_.version as version20_7_,
        topfoos0_.foo as foo20_7_,
        topfoos0_.long_ as long5_20_7_,
        topfoos0_."integer__" as integer6_20_7_,
        topfoos0_.float_ as float7_20_7_,
        topfoos0_.x as x20_7_,
        topfoos0_.double_ as double9_20_7_,
        topfoos0_.date_ as date10_20_7_,
        topfoos0_.timestamp_ as timestamp11_20_7_,
        topfoos0_.boolean_ as boolean12_20_7_,
        topfoos0_.bool_ as bool13_20_7_,
        topfoos0_.null_ as null14_20_7_,
        topfoos0_.short_ as short15_20_7_,
        topfoos0_.char_ as char16_20_7_,
        topfoos0_.zero_ as zero17_20_7_,
        topfoos0_.int_ as int18_20_7_,
        topfoos0_.string_ as string19_20_7_,
        topfoos0_.byte_ as byte20_20_7_,
        topfoos0_.yesno as yesno20_7_,
        topfoos0_.blobb_ as blobb22_20_7_,
        topfoos0_.nullBlob as nullBlob20_7_,
        topfoos0_.bin_ as bin24_20_7_,
        topfoos0_."localeayzabc123" as localea25_20_7_,
        topfoos0_.first_name as first26_20_7_,
        topfoos0_.surname as surname20_7_,
        topfoos0_.count_ as count28_20_7_,
        topfoos0_.name_ as name29_20_7_,
        topfoos0_.g__ as g30_20_7_,
        topfoos0_.cmpnt_null_ as cmpnt31_20_7_,
        topfoos0_.subname as subname20_7_,
        topfoos0_.fee_sub as fee33_20_7_,
        topfoos0_.null_cmpnt_ as null34_20_7_,
        topfoos0_1_.joinedProp as joinedProp49_7_,
        topfoos0_2_.dependent as dependent43_7_,
        topfoos0_.the_time as the35_20_7_,
        topfoos0_.baz as baz20_7_,
        topfoos0_.bar_string as bar37_20_7_,
        topfoos0_.bar_count as bar38_20_7_,
        topfoos0_.name as name20_7_,
        topfoos0_.clazz as clazz20_7_,
        topfoos0_.gen_id as gen41_20_7_,
        topfoos0_3_.name_name as name2_27_7_,
        topfoos0_.int_/2 as formula92_7_,
        glarch1_.tha_key as tha1_21_0_,
        glarch1_.version as version21_0_,
        glarch1_.namecvbnmasdf as namecvbn3_21_0_,
        glarch1_.next_ as next4_21_0_,
        glarch1_.order_ as order5_21_0_,
        glarch1_.foo as foo21_0_,
        glarch1_.bar as bar21_0_,
        glarch1_.x as x21_0_,
        glarch1_.immutable as immutable21_0_,
        glarch1_."any_id_of_object" as any10_21_0_,
        glarch1_."any_class_of_object" as any11_21_0_,
        glarch1_.count_ as count12_21_0_,
        glarch1_.glarch_ as glarch13_21_0_,
        fee2_.id_ as id1_24_1_,
        fee2_.fi as fi24_1_,
        fee2_.fee as fee24_1_,
        fee2_.anotherFee as anotherFee24_1_,
        fee2_.qux as qux24_1_,
        fee2_.count_ as count6_24_1_,
        fee2_.name as name24_1_,
        fee2_.null_prop as null8_24_1_,
        fee3_.id_ as id1_24_2_,
        fee3_.fi as fi24_2_,
        fee3_.fee as fee24_2_,
        fee3_.anotherFee as anotherFee24_2_,
        fee3_.qux as qux24_2_,
        fee3_.count_ as count6_24_2_,
        fee3_.name as name24_2_,
        fee3_.null_prop as null8_24_2_,
        fee4_.id_ as id1_24_3_,
        fee4_.fi as fi24_3_,
        fee4_.fee as fee24_3_,
        fee4_.anotherFee as anotherFee24_3_,
        fee4_.qux as qux24_3_,
        fee4_.count_ as count6_24_3_,
        fee4_.name as name24_3_,
        fee4_.null_prop as null8_24_3_,
        baz5_.baz_id_column_ as baz1_28_4_,
        baz5_.count_count as count2_28_4_,
        baz5_.name_b as name3_28_4_,
        baz5_.foo as foo28_4_,
        baz5_.superBaz as superBaz28_4_,
        baz5_."str" as str6_28_4_,
        foo6_."foo_idcolumnname123" as foo1_20_5_,
        foo6_.version as version20_5_,
        foo6_.foo as foo20_5_,
        foo6_.long_ as long5_20_5_,
        foo6_."integer__" as integer6_20_5_,
        foo6_.float_ as float7_20_5_,
        foo6_.x as x20_5_,
        foo6_.double_ as double9_20_5_,
        foo6_.date_ as date10_20_5_,
        foo6_.timestamp_ as timestamp11_20_5_,
        foo6_.boolean_ as boolean12_20_5_,
        foo6_.bool_ as bool13_20_5_,
        foo6_.null_ as null14_20_5_,
        foo6_.short_ as short15_20_5_,
        foo6_.char_ as char16_20_5_,
        foo6_.zero_ as zero17_20_5_,
        foo6_.int_ as int18_20_5_,
        foo6_.string_ as string19_20_5_,
        foo6_.byte_ as byte20_20_5_,
        foo6_.yesno as yesno20_5_,
        foo6_.blobb_ as blobb22_20_5_,
        foo6_.nullBlob as nullBlob20_5_,
        foo6_.bin_ as bin24_20_5_,
        foo6_."localeayzabc123" as localea25_20_5_,
        foo6_.first_name as first26_20_5_,
        foo6_.surname as surname20_5_,
        foo6_.count_ as count28_20_5_,
        foo6_.name_ as name29_20_5_,
        foo6_.g__ as g30_20_5_,
        foo6_.cmpnt_null_ as cmpnt31_20_5_,
        foo6_.subname as subname20_5_,
        foo6_.fee_sub as fee33_20_5_,
        foo6_.null_cmpnt_ as null34_20_5_,
        foo6_1_.joinedProp as joinedProp49_5_,
        foo6_2_.dependent as dependent43_5_,
        foo6_.the_time as the35_20_5_,
        foo6_.baz as baz20_5_,
        foo6_.bar_string as bar37_20_5_,
        foo6_.bar_count as bar38_20_5_,
        foo6_.name as name20_5_,
        foo6_.clazz as clazz20_5_,
        foo6_.gen_id as gen41_20_5_,
        foo6_3_.name_name as name2_27_5_,
        foo6_.int_/2 as formula92_5_,
        foo6_."foo_subclass_1234" as foo2_20_5_,
        baz7_.baz_id_column_ as baz1_28_6_,
        baz7_.count_count as count2_28_6_,
        baz7_.name_b as name3_28_6_,
        baz7_.foo as foo28_6_,
        baz7_.superBaz as superBaz28_6_,
        baz7_."str" as str6_28_6_ 
    from
        "foos" topfoos0_ 
    inner join
        jointable topfoos0_1_ 
            on topfoos0_."foo_idcolumnname123"=topfoos0_1_.fooid 
    inner join
        foo_dep_table topfoos0_2_ 
            on topfoos0_."foo_idcolumnname123"=topfoos0_2_.fooid 
    inner join
        bar_join_table topfoos0_3_ 
            on topfoos0_."foo_idcolumnname123"=topfoos0_3_.bar_id 
    left outer join
        "glarchez" glarch1_ 
            on topfoos0_.g__=glarch1_.tha_key 
    inner join
        "the fees" fee2_ 
            on topfoos0_2_.dependent=fee2_.id_ 
    left outer join
        "the fees" fee3_ 
            on fee2_.fee=fee3_.id_ 
    left outer join
        "the fees" fee4_ 
            on fee3_.anotherFee=fee4_.id_ 
    left outer join
        baz baz5_ 
            on topfoos0_.baz=baz5_.baz_id_column_ 
    left outer join
        "foos" foo6_ 
            on baz5_.foo=foo6_."foo_idcolumnname123" 
    left outer join
        jointable foo6_1_ 
            on foo6_."foo_idcolumnname123"=foo6_1_.fooid 
    left outer join
        foo_dep_table foo6_2_ 
            on foo6_."foo_idcolumnname123"=foo6_2_.fooid 
    left outer join
        bar_join_table foo6_3_ 
            on foo6_."foo_idcolumnname123"=foo6_3_.bar_id 
    left outer join
        baz baz7_ 
            on baz5_.superBaz=baz7_.baz_id_column_ 
    where
        topfoos0_."foo_subclass_1234"='B' 
        and topfoos0_.idtopbar=?
14:16:40,913 DEBUG SQL:104 - 
    select
        topcompone0_.id_ as id1_28_0_,
        topcompone0_.name as name64_0_,
        topcompone0_.count_ as count3_64_0_,
        topcompone0_.i as i0_ 
    from
        topcomponents topcompone0_ 
    where
        topcompone0_.id_=?
14:16:40,914 DEBUG SQL:104 - 
    select
        customs0_.id_ as id1_28_0_,
        customs0_.first_ as first2_38_0_,
        customs0_.second_ as second3_38_0_,
        customs0_.indx as indx0_ 
    from
        customs customs0_ 
    where
        customs0_.id_=?
14:16:40,924 DEBUG SQL:104 - 
    select
        glarchtofo0_.gtf_baz_id as gtf14_28_1_,
        glarchtofo0_.tha_key as tha1_21_1_,
        glarchtofo0_.gtf_foo_id as gtf15_1_,
        glarchtofo0_.tha_key as tha1_21_0_,
        glarchtofo0_.version as version21_0_,
        glarchtofo0_.namecvbnmasdf as namecvbn3_21_0_,
        glarchtofo0_.next_ as next4_21_0_,
        glarchtofo0_.order_ as order5_21_0_,
        glarchtofo0_.foo as foo21_0_,
        glarchtofo0_.bar as bar21_0_,
        glarchtofo0_.x as x21_0_,
        glarchtofo0_.immutable as immutable21_0_,
        glarchtofo0_."any_id_of_object" as any10_21_0_,
        glarchtofo0_."any_class_of_object" as any11_21_0_,
        glarchtofo0_.count_ as count12_21_0_,
        glarchtofo0_.glarch_ as glarch13_21_0_ 
    from
        "glarchez" glarchtofo0_ 
    where
        glarchtofo0_.gtf_baz_id=?
14:16:40,924 DEBUG SQL:104 - 
    select
        foocompone0_.baz_id as baz1_28_8_,
        foocompone0_.foo_id as foo2_40_8_,
        foocompone0_.name as name8_,
        foocompone0_.count_ as count4_8_,
        foo1_."foo_idcolumnname123" as foo1_20_0_,
        foo1_.version as version20_0_,
        foo1_.foo as foo20_0_,
        foo1_.long_ as long5_20_0_,
        foo1_."integer__" as integer6_20_0_,
        foo1_.float_ as float7_20_0_,
        foo1_.x as x20_0_,
        foo1_.double_ as double9_20_0_,
        foo1_.date_ as date10_20_0_,
        foo1_.timestamp_ as timestamp11_20_0_,
        foo1_.boolean_ as boolean12_20_0_,
        foo1_.bool_ as bool13_20_0_,
        foo1_.null_ as null14_20_0_,
        foo1_.short_ as short15_20_0_,
        foo1_.char_ as char16_20_0_,
        foo1_.zero_ as zero17_20_0_,
        foo1_.int_ as int18_20_0_,
        foo1_.string_ as string19_20_0_,
        foo1_.byte_ as byte20_20_0_,
        foo1_.yesno as yesno20_0_,
        foo1_.blobb_ as blobb22_20_0_,
        foo1_.nullBlob as nullBlob20_0_,
        foo1_.bin_ as bin24_20_0_,
        foo1_."localeayzabc123" as localea25_20_0_,
        foo1_.first_name as first26_20_0_,
        foo1_.surname as surname20_0_,
        foo1_.count_ as count28_20_0_,
        foo1_.name_ as name29_20_0_,
        foo1_.g__ as g30_20_0_,
        foo1_.cmpnt_null_ as cmpnt31_20_0_,
        foo1_.subname as subname20_0_,
        foo1_.fee_sub as fee33_20_0_,
        foo1_.null_cmpnt_ as null34_20_0_,
        foo1_1_.joinedProp as joinedProp49_0_,
        foo1_2_.dependent as dependent43_0_,
        foo1_.the_time as the35_20_0_,
        foo1_.baz as baz20_0_,
        foo1_.bar_string as bar37_20_0_,
        foo1_.bar_count as bar38_20_0_,
        foo1_.name as name20_0_,
        foo1_.clazz as clazz20_0_,
        foo1_.gen_id as gen41_20_0_,
        foo1_3_.name_name as name2_27_0_,
        foo1_.int_/2 as formula92_0_,
        foo1_."foo_subclass_1234" as foo2_20_0_,
        glarch2_.tha_key as tha1_21_1_,
        glarch2_.version as version21_1_,
        glarch2_.namecvbnmasdf as namecvbn3_21_1_,
        glarch2_.next_ as next4_21_1_,
        glarch2_.order_ as order5_21_1_,
        glarch2_.foo as foo21_1_,
        glarch2_.bar as bar21_1_,
        glarch2_.x as x21_1_,
        glarch2_.immutable as immutable21_1_,
        glarch2_."any_id_of_object" as any10_21_1_,
        glarch2_."any_class_of_object" as any11_21_1_,
        glarch2_.count_ as count12_21_1_,
        glarch2_.glarch_ as glarch13_21_1_,
        fee3_.id_ as id1_24_2_,
        fee3_.fi as fi24_2_,
        fee3_.fee as fee24_2_,
        fee3_.anotherFee as anotherFee24_2_,
        fee3_.qux as qux24_2_,
        fee3_.count_ as count6_24_2_,
        fee3_.name as name24_2_,
        fee3_.null_prop as null8_24_2_,
        fee4_.id_ as id1_24_3_,
        fee4_.fi as fi24_3_,
        fee4_.fee as fee24_3_,
        fee4_.anotherFee as anotherFee24_3_,
        fee4_.qux as qux24_3_,
        fee4_.count_ as count6_24_3_,
        fee4_.name as name24_3_,
        fee4_.null_prop as null8_24_3_,
        fee5_.id_ as id1_24_4_,
        fee5_.fi as fi24_4_,
        fee5_.fee as fee24_4_,
        fee5_.anotherFee as anotherFee24_4_,
        fee5_.qux as qux24_4_,
        fee5_.count_ as count6_24_4_,
        fee5_.name as name24_4_,
        fee5_.null_prop as null8_24_4_,
        baz6_.baz_id_column_ as baz1_28_5_,
        baz6_.count_count as count2_28_5_,
        baz6_.name_b as name3_28_5_,
        baz6_.foo as foo28_5_,
        baz6_.superBaz as superBaz28_5_,
        baz6_."str" as str6_28_5_,
        foo7_."foo_idcolumnname123" as foo1_20_6_,
        foo7_.version as version20_6_,
        foo7_.foo as foo20_6_,
        foo7_.long_ as long5_20_6_,
        foo7_."integer__" as integer6_20_6_,
        foo7_.float_ as float7_20_6_,
        foo7_.x as x20_6_,
        foo7_.double_ as double9_20_6_,
        foo7_.date_ as date10_20_6_,
        foo7_.timestamp_ as timestamp11_20_6_,
        foo7_.boolean_ as boolean12_20_6_,
        foo7_.bool_ as bool13_20_6_,
        foo7_.null_ as null14_20_6_,
        foo7_.short_ as short15_20_6_,
        foo7_.char_ as char16_20_6_,
        foo7_.zero_ as zero17_20_6_,
        foo7_.int_ as int18_20_6_,
        foo7_.string_ as string19_20_6_,
        foo7_.byte_ as byte20_20_6_,
        foo7_.yesno as yesno20_6_,
        foo7_.blobb_ as blobb22_20_6_,
        foo7_.nullBlob as nullBlob20_6_,
        foo7_.bin_ as bin24_20_6_,
        foo7_."localeayzabc123" as localea25_20_6_,
        foo7_.first_name as first26_20_6_,
        foo7_.surname as surname20_6_,
        foo7_.count_ as count28_20_6_,
        foo7_.name_ as name29_20_6_,
        foo7_.g__ as g30_20_6_,
        foo7_.cmpnt_null_ as cmpnt31_20_6_,
        foo7_.subname as subname20_6_,
        foo7_.fee_sub as fee33_20_6_,
        foo7_.null_cmpnt_ as null34_20_6_,
        foo7_1_.joinedProp as joinedProp49_6_,
        foo7_2_.dependent as dependent43_6_,
        foo7_.the_time as the35_20_6_,
        foo7_.baz as baz20_6_,
        foo7_.bar_string as bar37_20_6_,
        foo7_.bar_count as bar38_20_6_,
        foo7_.name as name20_6_,
        foo7_.clazz as clazz20_6_,
        foo7_.gen_id as gen41_20_6_,
        foo7_3_.name_name as name2_27_6_,
        foo7_.int_/2 as formula92_6_,
        foo7_."foo_subclass_1234" as foo2_20_6_,
        baz8_.baz_id_column_ as baz1_28_7_,
        baz8_.count_count as count2_28_7_,
        baz8_.name_b as name3_28_7_,
        baz8_.foo as foo28_7_,
        baz8_.superBaz as superBaz28_7_,
        baz8_."str" as str6_28_7_ 
    from
        fooComponentToFoo foocompone0_ 
    inner join
        "foos" foo1_ 
            on foocompone0_.foo_id=foo1_."foo_idcolumnname123" 
    left outer join
        jointable foo1_1_ 
            on foo1_."foo_idcolumnname123"=foo1_1_.fooid 
    left outer join
        foo_dep_table foo1_2_ 
            on foo1_."foo_idcolumnname123"=foo1_2_.fooid 
    left outer join
        bar_join_table foo1_3_ 
            on foo1_."foo_idcolumnname123"=foo1_3_.bar_id 
    left outer join
        "glarchez" glarch2_ 
            on foo1_.g__=glarch2_.tha_key 
    inner join
        "the fees" fee3_ 
            on foo1_2_.dependent=fee3_.id_ 
    left outer join
        "the fees" fee4_ 
            on fee3_.fee=fee4_.id_ 
    left outer join
        "the fees" fee5_ 
            on fee4_.anotherFee=fee5_.id_ 
    left outer join
        baz baz6_ 
            on foo1_.baz=baz6_.baz_id_column_ 
    left outer join
        "foos" foo7_ 
            on baz6_.foo=foo7_."foo_idcolumnname123" 
    left outer join
        jointable foo7_1_ 
            on foo7_."foo_idcolumnname123"=foo7_1_.fooid 
    left outer join
        foo_dep_table foo7_2_ 
            on foo7_."foo_idcolumnname123"=foo7_2_.fooid 
    left outer join
        bar_join_table foo7_3_ 
            on foo7_."foo_idcolumnname123"=foo7_3_.bar_id 
    left outer join
        baz baz8_ 
            on baz6_.superBaz=baz8_.baz_id_column_ 
    where
        foocompone0_.baz_id=?
14:16:40,999 DEBUG SQL:104 - 
    select
        footoglarc0_.baz_id as baz1_28_1_,
        footoglarc0_.glarch_id as glarch2_41_1_,
        footoglarc0_.foo_id as foo3_1_,
        glarch1_.tha_key as tha1_21_0_,
        glarch1_.version as version21_0_,
        glarch1_.namecvbnmasdf as namecvbn3_21_0_,
        glarch1_.next_ as next4_21_0_,
        glarch1_.order_ as order5_21_0_,
        glarch1_.foo as foo21_0_,
        glarch1_.bar as bar21_0_,
        glarch1_.x as x21_0_,
        glarch1_.immutable as immutable21_0_,
        glarch1_."any_id_of_object" as any10_21_0_,
        glarch1_."any_class_of_object" as any11_21_0_,
        glarch1_.count_ as count12_21_0_,
        glarch1_.glarch_ as glarch13_21_0_ 
    from
        fooToGlarch footoglarc0_ 
    inner join
        "glarchez" glarch1_ 
            on footoglarc0_.glarch_id=glarch1_.tha_key 
    where
        footoglarc0_.baz_id=?
14:16:41,009 DEBUG SQL:104 - 
    select
        bag0_."baz_id_" as baz1_28_0_,
        bag0_."name_" as name2_17_0_ 
    from
        "bxaxg" bag0_ 
    where
        bag0_."baz_id_"=? 
    order by
        bag0_."name_"
14:16:41,010 DEBUG SQL:104 - 
    select
        stringlist0_.id as id28_0_,
        stringlist0_.element as element59_0_,
        stringlist0_."i" as i3_0_ 
    from
        string_list stringlist0_ 
    where
        stringlist0_.id=?
14:16:41,074 DEBUG SQL:104 - 
    select
        this_.baz_id_column_ as baz1_28_8_,
        this_.count_count as count2_28_8_,
        this_.name_b as name3_28_8_,
        this_.foo as foo28_8_,
        this_.superBaz as superBaz28_8_,
        this_."str" as str6_28_8_,
        foo2_."foo_idcolumnname123" as foo1_20_0_,
        foo2_.version as version20_0_,
        foo2_.foo as foo20_0_,
        foo2_.long_ as long5_20_0_,
        foo2_."integer__" as integer6_20_0_,
        foo2_.float_ as float7_20_0_,
        foo2_.x as x20_0_,
        foo2_.double_ as double9_20_0_,
        foo2_.date_ as date10_20_0_,
        foo2_.timestamp_ as timestamp11_20_0_,
        foo2_.boolean_ as boolean12_20_0_,
        foo2_.bool_ as bool13_20_0_,
        foo2_.null_ as null14_20_0_,
        foo2_.short_ as short15_20_0_,
        foo2_.char_ as char16_20_0_,
        foo2_.zero_ as zero17_20_0_,
        foo2_.int_ as int18_20_0_,
        foo2_.string_ as string19_20_0_,
        foo2_.byte_ as byte20_20_0_,
        foo2_.yesno as yesno20_0_,
        foo2_.blobb_ as blobb22_20_0_,
        foo2_.nullBlob as nullBlob20_0_,
        foo2_.bin_ as bin24_20_0_,
        foo2_."localeayzabc123" as localea25_20_0_,
        foo2_.first_name as first26_20_0_,
        foo2_.surname as surname20_0_,
        foo2_.count_ as count28_20_0_,
        foo2_.name_ as name29_20_0_,
        foo2_.g__ as g30_20_0_,
        foo2_.cmpnt_null_ as cmpnt31_20_0_,
        foo2_.subname as subname20_0_,
        foo2_.fee_sub as fee33_20_0_,
        foo2_.null_cmpnt_ as null34_20_0_,
        foo2_1_.joinedProp as joinedProp49_0_,
        foo2_2_.dependent as dependent43_0_,
        foo2_.the_time as the35_20_0_,
        foo2_.baz as baz20_0_,
        foo2_.bar_string as bar37_20_0_,
        foo2_.bar_count as bar38_20_0_,
        foo2_.name as name20_0_,
        foo2_.clazz as clazz20_0_,
        foo2_.gen_id as gen41_20_0_,
        foo2_3_.name_name as name2_27_0_,
        foo2_.int_/2 as formula92_0_,
        foo2_."foo_subclass_1234" as foo2_20_0_,
        glarch3_.tha_key as tha1_21_1_,
        glarch3_.version as version21_1_,
        glarch3_.namecvbnmasdf as namecvbn3_21_1_,
        glarch3_.next_ as next4_21_1_,
        glarch3_.order_ as order5_21_1_,
        glarch3_.foo as foo21_1_,
        glarch3_.bar as bar21_1_,
        glarch3_.x as x21_1_,
        glarch3_.immutable as immutable21_1_,
        glarch3_."any_id_of_object" as any10_21_1_,
        glarch3_."any_class_of_object" as any11_21_1_,
        glarch3_.count_ as count12_21_1_,
        glarch3_.glarch_ as glarch13_21_1_,
        fee4_.id_ as id1_24_2_,
        fee4_.fi as fi24_2_,
        fee4_.fee as fee24_2_,
        fee4_.anotherFee as anotherFee24_2_,
        fee4_.qux as qux24_2_,
        fee4_.count_ as count6_24_2_,
        fee4_.name as name24_2_,
        fee4_.null_prop as null8_24_2_,
        fee5_.id_ as id1_24_3_,
        fee5_.fi as fi24_3_,
        fee5_.fee as fee24_3_,
        fee5_.anotherFee as anotherFee24_3_,
        fee5_.qux as qux24_3_,
        fee5_.count_ as count6_24_3_,
        fee5_.name as name24_3_,
        fee5_.null_prop as null8_24_3_,
        fee6_.id_ as id1_24_4_,
        fee6_.fi as fi24_4_,
        fee6_.fee as fee24_4_,
        fee6_.anotherFee as anotherFee24_4_,
        fee6_.qux as qux24_4_,
        fee6_.count_ as count6_24_4_,
        fee6_.name as name24_4_,
        fee6_.null_prop as null8_24_4_,
        baz7_.baz_id_column_ as baz1_28_5_,
        baz7_.count_count as count2_28_5_,
        baz7_.name_b as name3_28_5_,
        baz7_.foo as foo28_5_,
        baz7_.superBaz as superBaz28_5_,
        baz7_."str" as str6_28_5_,
        topglarche8_.idtopglarch as idtopgl16_28_10_,
        topglarche8_.tha_key as tha1_21_10_,
        topglarche8_.mapkey as mapkey10_,
        topglarche8_.tha_key as tha1_21_6_,
        topglarche8_.version as version21_6_,
        topglarche8_.namecvbnmasdf as namecvbn3_21_6_,
        topglarche8_.next_ as next4_21_6_,
        topglarche8_.order_ as order5_21_6_,
        topglarche8_.foo as foo21_6_,
        topglarche8_.bar as bar21_6_,
        topglarche8_.x as x21_6_,
        topglarche8_.immutable as immutable21_6_,
        topglarche8_."any_id_of_object" as any10_21_6_,
        topglarche8_."any_class_of_object" as any11_21_6_,
        topglarche8_.count_ as count12_21_6_,
        topglarche8_.glarch_ as glarch13_21_6_,
        baz9_.baz_id_column_ as baz1_28_7_,
        baz9_.count_count as count2_28_7_,
        baz9_.name_b as name3_28_7_,
        baz9_.foo as foo28_7_,
        baz9_.superBaz as superBaz28_7_,
        baz9_."str" as str6_28_7_ 
    from
        baz this_ 
    left outer join
        "foos" foo2_ 
            on this_.foo=foo2_."foo_idcolumnname123" 
    left outer join
        jointable foo2_1_ 
            on foo2_."foo_idcolumnname123"=foo2_1_.fooid 
    left outer join
        foo_dep_table foo2_2_ 
            on foo2_."foo_idcolumnname123"=foo2_2_.fooid 
    left outer join
        bar_join_table foo2_3_ 
            on foo2_."foo_idcolumnname123"=foo2_3_.bar_id 
    left outer join
        "glarchez" glarch3_ 
            on foo2_.g__=glarch3_.tha_key 
    left outer join
        "the fees" fee4_ 
            on foo2_2_.dependent=fee4_.id_ 
    left outer join
        "the fees" fee5_ 
            on fee4_.fee=fee5_.id_ 
    left outer join
        "the fees" fee6_ 
            on fee5_.anotherFee=fee6_.id_ 
    left outer join
        baz baz7_ 
            on foo2_.baz=baz7_.baz_id_column_ 
    left outer join
        "glarchez" topglarche8_ 
            on baz7_.baz_id_column_=topglarche8_.idtopglarch 
    left outer join
        baz baz9_ 
            on baz7_.superBaz=baz9_.baz_id_column_ 
    where
        ? = (
            select
                count(*) 
            from
                "foos" 
            where
                this_.baz_id_column_=baz_id
        )
14:16:41,077 DEBUG SQL:104 - 
    select
        this_.baz_id_column_ as baz1_28_10_,
        this_.count_count as count2_28_10_,
        this_.name_b as name3_28_10_,
        this_.foo as foo28_10_,
        this_.superBaz as superBaz28_10_,
        this_."str" as str6_28_10_,
        foo4_."foo_idcolumnname123" as foo1_20_0_,
        foo4_.version as version20_0_,
        foo4_.foo as foo20_0_,
        foo4_.long_ as long5_20_0_,
        foo4_."integer__" as integer6_20_0_,
        foo4_.float_ as float7_20_0_,
        foo4_.x as x20_0_,
        foo4_.double_ as double9_20_0_,
        foo4_.date_ as date10_20_0_,
        foo4_.timestamp_ as timestamp11_20_0_,
        foo4_.boolean_ as boolean12_20_0_,
        foo4_.bool_ as bool13_20_0_,
        foo4_.null_ as null14_20_0_,
        foo4_.short_ as short15_20_0_,
        foo4_.char_ as char16_20_0_,
        foo4_.zero_ as zero17_20_0_,
        foo4_.int_ as int18_20_0_,
        foo4_.string_ as string19_20_0_,
        foo4_.byte_ as byte20_20_0_,
        foo4_.yesno as yesno20_0_,
        foo4_.blobb_ as blobb22_20_0_,
        foo4_.nullBlob as nullBlob20_0_,
        foo4_.bin_ as bin24_20_0_,
        foo4_."localeayzabc123" as localea25_20_0_,
        foo4_.first_name as first26_20_0_,
        foo4_.surname as surname20_0_,
        foo4_.count_ as count28_20_0_,
        foo4_.name_ as name29_20_0_,
        foo4_.g__ as g30_20_0_,
        foo4_.cmpnt_null_ as cmpnt31_20_0_,
        foo4_.subname as subname20_0_,
        foo4_.fee_sub as fee33_20_0_,
        foo4_.null_cmpnt_ as null34_20_0_,
        foo4_1_.joinedProp as joinedProp49_0_,
        foo4_2_.dependent as dependent43_0_,
        foo4_.the_time as the35_20_0_,
        foo4_.baz as baz20_0_,
        foo4_.bar_string as bar37_20_0_,
        foo4_.bar_count as bar38_20_0_,
        foo4_.name as name20_0_,
        foo4_.clazz as clazz20_0_,
        foo4_.gen_id as gen41_20_0_,
        foo4_3_.name_name as name2_27_0_,
        foo4_.int_/2 as formula92_0_,
        foo4_."foo_subclass_1234" as foo2_20_0_,
        glarch5_.tha_key as tha1_21_1_,
        glarch5_.version as version21_1_,
        glarch5_.namecvbnmasdf as namecvbn3_21_1_,
        glarch5_.next_ as next4_21_1_,
        glarch5_.order_ as order5_21_1_,
        glarch5_.foo as foo21_1_,
        glarch5_.bar as bar21_1_,
        glarch5_.x as x21_1_,
        glarch5_.immutable as immutable21_1_,
        glarch5_."any_id_of_object" as any10_21_1_,
        glarch5_."any_class_of_object" as any11_21_1_,
        glarch5_.count_ as count12_21_1_,
        glarch5_.glarch_ as glarch13_21_1_,
        fee6_.id_ as id1_24_2_,
        fee6_.fi as fi24_2_,
        fee6_.fee as fee24_2_,
        fee6_.anotherFee as anotherFee24_2_,
        fee6_.qux as qux24_2_,
        fee6_.count_ as count6_24_2_,
        fee6_.name as name24_2_,
        fee6_.null_prop as null8_24_2_,
        fee7_.id_ as id1_24_3_,
        fee7_.fi as fi24_3_,
        fee7_.fee as fee24_3_,
        fee7_.anotherFee as anotherFee24_3_,
        fee7_.qux as qux24_3_,
        fee7_.count_ as count6_24_3_,
        fee7_.name as name24_3_,
        fee7_.null_prop as null8_24_3_,
        fee8_.id_ as id1_24_4_,
        fee8_.fi as fi24_4_,
        fee8_.fee as fee24_4_,
        fee8_.anotherFee as anotherFee24_4_,
        fee8_.qux as qux24_4_,
        fee8_.count_ as count6_24_4_,
        fee8_.name as name24_4_,
        fee8_.null_prop as null8_24_4_,
        baz9_.baz_id_column_ as baz1_28_5_,
        baz9_.count_count as count2_28_5_,
        baz9_.name_b as name3_28_5_,
        baz9_.foo as foo28_5_,
        baz9_.superBaz as superBaz28_5_,
        baz9_."str" as str6_28_5_,
        topglarche10_.idtopglarch as idtopgl16_28_12_,
        topglarche10_.tha_key as tha1_21_12_,
        topglarche10_.mapkey as mapkey12_,
        topglarche10_.tha_key as tha1_21_6_,
        topglarche10_.version as version21_6_,
        topglarche10_.namecvbnmasdf as namecvbn3_21_6_,
        topglarche10_.next_ as next4_21_6_,
        topglarche10_.order_ as order5_21_6_,
        topglarche10_.foo as foo21_6_,
        topglarche10_.bar as bar21_6_,
        topglarche10_.x as x21_6_,
        topglarche10_.immutable as immutable21_6_,
        topglarche10_."any_id_of_object" as any10_21_6_,
        topglarche10_."any_class_of_object" as any11_21_6_,
        topglarche10_.count_ as count12_21_6_,
        topglarche10_.glarch_ as glarch13_21_6_,
        baz11_.baz_id_column_ as baz1_28_7_,
        baz11_.count_count as count2_28_7_,
        baz11_.name_b as name3_28_7_,
        baz11_.foo as foo28_7_,
        baz11_.superBaz as superBaz28_7_,
        baz11_."str" as str6_28_7_,
        foo2_."foo_idcolumnname123" as foo1_20_8_,
        foo2_.version as version20_8_,
        foo2_.foo as foo20_8_,
        foo2_.long_ as long5_20_8_,
        foo2_."integer__" as integer6_20_8_,
        foo2_.float_ as float7_20_8_,
        foo2_.x as x20_8_,
        foo2_.double_ as double9_20_8_,
        foo2_.date_ as date10_20_8_,
        foo2_.timestamp_ as timestamp11_20_8_,
        foo2_.boolean_ as boolean12_20_8_,
        foo2_.bool_ as bool13_20_8_,
        foo2_.null_ as null14_20_8_,
        foo2_.short_ as short15_20_8_,
        foo2_.char_ as char16_20_8_,
        foo2_.zero_ as zero17_20_8_,
        foo2_.int_ as int18_20_8_,
        foo2_.string_ as string19_20_8_,
        foo2_.byte_ as byte20_20_8_,
        foo2_.yesno as yesno20_8_,
        foo2_.blobb_ as blobb22_20_8_,
        foo2_.nullBlob as nullBlob20_8_,
        foo2_.bin_ as bin24_20_8_,
        foo2_."localeayzabc123" as localea25_20_8_,
        foo2_.first_name as first26_20_8_,
        foo2_.surname as surname20_8_,
        foo2_.count_ as count28_20_8_,
        foo2_.name_ as name29_20_8_,
        foo2_.g__ as g30_20_8_,
        foo2_.cmpnt_null_ as cmpnt31_20_8_,
        foo2_.subname as subname20_8_,
        foo2_.fee_sub as fee33_20_8_,
        foo2_.null_cmpnt_ as null34_20_8_,
        foo2_1_.joinedProp as joinedProp49_8_,
        foo2_2_.dependent as dependent43_8_,
        foo2_.the_time as the35_20_8_,
        foo2_.baz as baz20_8_,
        foo2_.bar_string as bar37_20_8_,
        foo2_.bar_count as bar38_20_8_,
        foo2_.name as name20_8_,
        foo2_.clazz as clazz20_8_,
        foo2_.gen_id as gen41_20_8_,
        foo2_3_.name_name as name2_27_8_,
        foo2_.int_/2 as formula92_8_,
        foo2_."foo_subclass_1234" as foo2_20_8_,
        glarch1_.tha_key as tha1_21_9_,
        glarch1_.version as version21_9_,
        glarch1_.namecvbnmasdf as namecvbn3_21_9_,
        glarch1_.next_ as next4_21_9_,
        glarch1_.order_ as order5_21_9_,
        glarch1_.foo as foo21_9_,
        glarch1_.bar as bar21_9_,
        glarch1_.x as x21_9_,
        glarch1_.immutable as immutable21_9_,
        glarch1_."any_id_of_object" as any10_21_9_,
        glarch1_."any_class_of_object" as any11_21_9_,
        glarch1_.count_ as count12_21_9_,
        glarch1_.glarch_ as glarch13_21_9_ 
    from
        baz this_ 
    left outer join
        "foos" foo4_ 
            on this_.foo=foo4_."foo_idcolumnname123" 
    left outer join
        jointable foo4_1_ 
            on foo4_."foo_idcolumnname123"=foo4_1_.fooid 
    left outer join
        foo_dep_table foo4_2_ 
            on foo4_."foo_idcolumnname123"=foo4_2_.fooid 
    left outer join
        bar_join_table foo4_3_ 
            on foo4_."foo_idcolumnname123"=foo4_3_.bar_id 
    left outer join
        "glarchez" glarch5_ 
            on foo4_.g__=glarch5_.tha_key 
    left outer join
        "the fees" fee6_ 
            on foo4_2_.dependent=fee6_.id_ 
    left outer join
        "the fees" fee7_ 
            on fee6_.fee=fee7_.id_ 
    left outer join
        "the fees" fee8_ 
            on fee7_.anotherFee=fee8_.id_ 
    left outer join
        baz baz9_ 
            on foo4_.baz=baz9_.baz_id_column_ 
    left outer join
        "glarchez" topglarche10_ 
            on baz9_.baz_id_column_=topglarche10_.idtopglarch 
    left outer join
        baz baz11_ 
            on baz9_.superBaz=baz11_.baz_id_column_ 
    inner join
        "foos" foo2_ 
            on this_.baz_id_column_=foo2_.baz_id 
            and foo2_."foo_subclass_1234" in (
                'F',
            'B',
            'T') 
        left outer join
            jointable foo2_1_ 
                on foo2_."foo_idcolumnname123"=foo2_1_.fooid 
        left outer join
            foo_dep_table foo2_2_ 
                on foo2_."foo_idcolumnname123"=foo2_2_.fooid 
        left outer join
            bar_join_table foo2_3_ 
                on foo2_."foo_idcolumnname123"=foo2_3_.bar_id 
        inner join
            "glarchez" glarch1_ 
                on this_.baz_id_column_=glarch1_.idtopglarch 
        where
            glarch1_.x>? 
            and foo2_.null_ is null for update
                
14:16:41,138 DEBUG SQL:104 - 
    select
        bytes0_.id as id20_0_,
        bytes0_.byte_ as byte2_45_0_,
        bytes0_.i as i0_ 
    from
        foobytes bytes0_ 
    where
        bytes0_.id=?
14:16:41,139 DEBUG SQL:104 - 
    select
        importantd0_.foo_id as foo1_20_0_,
        importantd0_.date_ as date2_44_0_,
        importantd0_.i as i0_ 
    from
        foo_times importantd0_ 
    where
        importantd0_.foo_id=?
14:16:41,139 DEBUG SQL:104 - 
    select
        fee0_.id_ as id1_24_2_,
        fee0_.fi as fi24_2_,
        fee0_.fee as fee24_2_,
        fee0_.anotherFee as anotherFee24_2_,
        fee0_.qux as qux24_2_,
        fee0_.count_ as count6_24_2_,
        fee0_.name as name24_2_,
        fee0_.null_prop as null8_24_2_,
        fee1_.id_ as id1_24_0_,
        fee1_.fi as fi24_0_,
        fee1_.fee as fee24_0_,
        fee1_.anotherFee as anotherFee24_0_,
        fee1_.qux as qux24_0_,
        fee1_.count_ as count6_24_0_,
        fee1_.name as name24_0_,
        fee1_.null_prop as null8_24_0_,
        fee2_.id_ as id1_24_1_,
        fee2_.fi as fi24_1_,
        fee2_.fee as fee24_1_,
        fee2_.anotherFee as anotherFee24_1_,
        fee2_.qux as qux24_1_,
        fee2_.count_ as count6_24_1_,
        fee2_.name as name24_1_,
        fee2_.null_prop as null8_24_1_ 
    from
        "the fees" fee0_ 
    left outer join
        "the fees" fee1_ 
            on fee0_.fee=fee1_.id_ 
    left outer join
        "the fees" fee2_ 
            on fee1_.anotherFee=fee2_.id_ 
    where
        fee0_.id_=?
14:16:41,158 DEBUG SQL:104 - 
    select
        importantd0_.foo_id as foo1_20_0_,
        importantd0_.date_ as date2_42_0_,
        importantd0_.i as i0_ 
    from
        foo_dates importantd0_ 
    where
        importantd0_.foo_id=?
14:16:41,164 DEBUG SQL:104 - 
    select
        fee0_.id_ as id1_24_2_,
        fee0_.fi as fi24_2_,
        fee0_.fee as fee24_2_,
        fee0_.anotherFee as anotherFee24_2_,
        fee0_.qux as qux24_2_,
        fee0_.count_ as count6_24_2_,
        fee0_.name as name24_2_,
        fee0_.null_prop as null8_24_2_,
        fee1_.id_ as id1_24_0_,
        fee1_.fi as fi24_0_,
        fee1_.fee as fee24_0_,
        fee1_.anotherFee as anotherFee24_0_,
        fee1_.qux as qux24_0_,
        fee1_.count_ as count6_24_0_,
        fee1_.name as name24_0_,
        fee1_.null_prop as null8_24_0_,
        fee2_.id_ as id1_24_1_,
        fee2_.fi as fi24_1_,
        fee2_.fee as fee24_1_,
        fee2_.anotherFee as anotherFee24_1_,
        fee2_.qux as qux24_1_,
        fee2_.count_ as count6_24_1_,
        fee2_.name as name24_1_,
        fee2_.null_prop as null8_24_1_ 
    from
        "the fees" fee0_ 
    left outer join
        "the fees" fee1_ 
            on fee0_.fee=fee1_.id_ 
    left outer join
        "the fees" fee2_ 
            on fee1_.anotherFee=fee2_.id_ 
    where
        fee0_.id_=?
14:16:41,183 DEBUG SQL:104 - 
    select
        proxyarray0_.array_key as array20_21_1_,
        proxyarray0_.tha_key as tha1_21_1_,
        proxyarray0_.array_indecks as array21_1_,
        proxyarray0_.tha_key as tha1_21_0_,
        proxyarray0_.version as version21_0_,
        proxyarray0_.namecvbnmasdf as namecvbn3_21_0_,
        proxyarray0_.next_ as next4_21_0_,
        proxyarray0_.order_ as order5_21_0_,
        proxyarray0_.foo as foo21_0_,
        proxyarray0_.bar as bar21_0_,
        proxyarray0_.x as x21_0_,
        proxyarray0_.immutable as immutable21_0_,
        proxyarray0_."any_id_of_object" as any10_21_0_,
        proxyarray0_."any_class_of_object" as any11_21_0_,
        proxyarray0_.count_ as count12_21_0_,
        proxyarray0_.glarch_ as glarch13_21_0_ 
    from
        "glarchez" proxyarray0_ 
    where
        proxyarray0_.array_key=?
14:16:41,183 DEBUG SQL:104 - 
    select
        intarray0_.id as id28_0_,
        intarray0_.j as j48_0_,
        intarray0_.i as i0_ 
    from
        int_array intarray0_ 
    where
        intarray0_.id=?
14:16:41,192 DEBUG SQL:104 - 
    select
        components0_.baz_id as baz1_28_0_,
        components0_.name as name33_0_,
        components0_.count_ as count3_33_0_,
        components0_.x_ as x4_33_0_,
        components0_.y_ as y5_33_0_,
        components0_.i as i0_ 
    from
        bazcomponents components0_ 
    where
        components0_.baz_id=?
14:16:41,193 DEBUG SQL:104 - 
    select
        timearray0_.baz_id as baz1_28_0_,
        timearray0_.the_time as the2_63_0_,
        timearray0_.j as j0_ 
    from
        timeArray timearray0_ 
    where
        timearray0_.baz_id=?
14:16:41,193 DEBUG SQL:104 - 
    select
        fooarray0_.id_ as id1_28_0_,
        fooarray0_.foo as foo5_0_,
        fooarray0_.i as i0_ 
    from
        FOO_ARRAY fooarray0_ 
    where
        (
            fooarray0_.i<8
        )  
        and fooarray0_.id_=?
14:16:41,203 DEBUG SQL:104 - 
    select
        stringarra0_.id_ as id1_28_0_,
        stringarra0_.name as name56_0_,
        stringarra0_.i as i0_ 
    from
        stringArray stringarra0_ 
    where
        stringarra0_.id_=?
14:16:41,203 DEBUG SQL:104 - 
    select
        proxyarray0_.array_key as array20_21_1_,
        proxyarray0_.tha_key as tha1_21_1_,
        proxyarray0_.array_indecks as array21_1_,
        proxyarray0_.tha_key as tha1_21_0_,
        proxyarray0_.version as version21_0_,
        proxyarray0_.namecvbnmasdf as namecvbn3_21_0_,
        proxyarray0_.next_ as next4_21_0_,
        proxyarray0_.order_ as order5_21_0_,
        proxyarray0_.foo as foo21_0_,
        proxyarray0_.bar as bar21_0_,
        proxyarray0_.x as x21_0_,
        proxyarray0_.immutable as immutable21_0_,
        proxyarray0_."any_id_of_object" as any10_21_0_,
        proxyarray0_."any_class_of_object" as any11_21_0_,
        proxyarray0_.count_ as count12_21_0_,
        proxyarray0_.glarch_ as glarch13_21_0_ 
    from
        "glarchez" proxyarray0_ 
    where
        proxyarray0_.array_key=?
14:16:41,213 DEBUG SQL:104 - 
    select
        bytes0_.id as id20_0_,
        bytes0_.byte_ as byte2_45_0_,
        bytes0_.i as i0_ 
    from
        foobytes bytes0_ 
    where
        bytes0_.id=?
14:16:41,214 DEBUG SQL:104 - 
    select
        importantd0_.foo_id as foo1_20_0_,
        importantd0_.date_ as date2_44_0_,
        importantd0_.i as i0_ 
    from
        foo_times importantd0_ 
    where
        importantd0_.foo_id=?
14:16:41,214 DEBUG SQL:104 - 
    select
        fee0_.id_ as id1_24_2_,
        fee0_.fi as fi24_2_,
        fee0_.fee as fee24_2_,
        fee0_.anotherFee as anotherFee24_2_,
        fee0_.qux as qux24_2_,
        fee0_.count_ as count6_24_2_,
        fee0_.name as name24_2_,
        fee0_.null_prop as null8_24_2_,
        fee1_.id_ as id1_24_0_,
        fee1_.fi as fi24_0_,
        fee1_.fee as fee24_0_,
        fee1_.anotherFee as anotherFee24_0_,
        fee1_.qux as qux24_0_,
        fee1_.count_ as count6_24_0_,
        fee1_.name as name24_0_,
        fee1_.null_prop as null8_24_0_,
        fee2_.id_ as id1_24_1_,
        fee2_.fi as fi24_1_,
        fee2_.fee as fee24_1_,
        fee2_.anotherFee as anotherFee24_1_,
        fee2_.qux as qux24_1_,
        fee2_.count_ as count6_24_1_,
        fee2_.name as name24_1_,
        fee2_.null_prop as null8_24_1_ 
    from
        "the fees" fee0_ 
    left outer join
        "the fees" fee1_ 
            on fee0_.fee=fee1_.id_ 
    left outer join
        "the fees" fee2_ 
            on fee1_.anotherFee=fee2_.id_ 
    where
        fee0_.id_=?
14:16:41,233 DEBUG SQL:104 - 
    select
        importantd0_.foo_id as foo1_20_0_,
        importantd0_.date_ as date2_42_0_,
        importantd0_.i as i0_ 
    from
        foo_dates importantd0_ 
    where
        importantd0_.foo_id=?
14:16:41,234 DEBUG SQL:104 - 
    select
        fee0_.id_ as id1_24_2_,
        fee0_.fi as fi24_2_,
        fee0_.fee as fee24_2_,
        fee0_.anotherFee as anotherFee24_2_,
        fee0_.qux as qux24_2_,
        fee0_.count_ as count6_24_2_,
        fee0_.name as name24_2_,
        fee0_.null_prop as null8_24_2_,
        fee1_.id_ as id1_24_0_,
        fee1_.fi as fi24_0_,
        fee1_.fee as fee24_0_,
        fee1_.anotherFee as anotherFee24_0_,
        fee1_.qux as qux24_0_,
        fee1_.count_ as count6_24_0_,
        fee1_.name as name24_0_,
        fee1_.null_prop as null8_24_0_,
        fee2_.id_ as id1_24_1_,
        fee2_.fi as fi24_1_,
        fee2_.fee as fee24_1_,
        fee2_.anotherFee as anotherFee24_1_,
        fee2_.qux as qux24_1_,
        fee2_.count_ as count6_24_1_,
        fee2_.name as name24_1_,
        fee2_.null_prop as null8_24_1_ 
    from
        "the fees" fee0_ 
    left outer join
        "the fees" fee1_ 
            on fee0_.fee=fee1_.id_ 
    left outer join
        "the fees" fee2_ 
            on fee1_.anotherFee=fee2_.id_ 
    where
        fee0_.id_=?
14:16:41,244 DEBUG SQL:104 - 
    select
        fees0_.fee_id as fee1_24_0_,
        fees0_.str_ as str2_18_0_ 
    from
        "fees" fees0_ 
    where
        fees0_.fee_id=?
14:16:41,244 DEBUG SQL:104 - 
    select
        fees0_.fee_id as fee1_24_0_,
        fees0_.str_ as str2_18_0_ 
    from
        "fees" fees0_ 
    where
        fees0_.fee_id=?
14:16:41,254 DEBUG SQL:104 - 
    select
        proxyset0_.set_key as set22_21_1_,
        proxyset0_.tha_key as tha1_21_1_,
        proxyset0_.tha_key as tha1_21_0_,
        proxyset0_.version as version21_0_,
        proxyset0_.namecvbnmasdf as namecvbn3_21_0_,
        proxyset0_.next_ as next4_21_0_,
        proxyset0_.order_ as order5_21_0_,
        proxyset0_.foo as foo21_0_,
        proxyset0_.bar as bar21_0_,
        proxyset0_.x as x21_0_,
        proxyset0_.immutable as immutable21_0_,
        proxyset0_."any_id_of_object" as any10_21_0_,
        proxyset0_."any_class_of_object" as any11_21_0_,
        proxyset0_.count_ as count12_21_0_,
        proxyset0_.glarch_ as glarch13_21_0_ 
    from
        "glarchez" proxyset0_ 
    where
        proxyset0_.set_key=?
14:16:41,255 DEBUG SQL:104 - 
    select
        strings0_.glarch_key as glarch1_21_0_,
        strings0_."tha_stryng" as tha2_23_0_,
        strings0_."indx_" as indx3_0_ 
    from
        "strings" strings0_ 
    where
        strings0_.glarch_key=?
14:16:41,265 DEBUG SQL:104 - 
    select
        floats0_.baz_compon_id as baz1_28_0_,
        floats0_.float_value as float2_30_0_ 
    from
        baz_floats_bag floats0_ 
    where
        floats0_.baz_compon_id=?
14:16:41,265 DEBUG SQL:104 - 
    select
        foos0_.baz_compon_id as baz46_28_8_,
        foos0_."foo_idcolumnname123" as foo1_20_8_,
        foos0_."foo_idcolumnname123" as foo1_20_7_,
        foos0_.version as version20_7_,
        foos0_.foo as foo20_7_,
        foos0_.long_ as long5_20_7_,
        foos0_."integer__" as integer6_20_7_,
        foos0_.float_ as float7_20_7_,
        foos0_.x as x20_7_,
        foos0_.double_ as double9_20_7_,
        foos0_.date_ as date10_20_7_,
        foos0_.timestamp_ as timestamp11_20_7_,
        foos0_.boolean_ as boolean12_20_7_,
        foos0_.bool_ as bool13_20_7_,
        foos0_.null_ as null14_20_7_,
        foos0_.short_ as short15_20_7_,
        foos0_.char_ as char16_20_7_,
        foos0_.zero_ as zero17_20_7_,
        foos0_.int_ as int18_20_7_,
        foos0_.string_ as string19_20_7_,
        foos0_.byte_ as byte20_20_7_,
        foos0_.yesno as yesno20_7_,
        foos0_.blobb_ as blobb22_20_7_,
        foos0_.nullBlob as nullBlob20_7_,
        foos0_.bin_ as bin24_20_7_,
        foos0_."localeayzabc123" as localea25_20_7_,
        foos0_.first_name as first26_20_7_,
        foos0_.surname as surname20_7_,
        foos0_.count_ as count28_20_7_,
        foos0_.name_ as name29_20_7_,
        foos0_.g__ as g30_20_7_,
        foos0_.cmpnt_null_ as cmpnt31_20_7_,
        foos0_.subname as subname20_7_,
        foos0_.fee_sub as fee33_20_7_,
        foos0_.null_cmpnt_ as null34_20_7_,
        foos0_1_.joinedProp as joinedProp49_7_,
        foos0_2_.dependent as dependent43_7_,
        foos0_.the_time as the35_20_7_,
        foos0_.baz as baz20_7_,
        foos0_.bar_string as bar37_20_7_,
        foos0_.bar_count as bar38_20_7_,
        foos0_.name as name20_7_,
        foos0_.clazz as clazz20_7_,
        foos0_.gen_id as gen41_20_7_,
        foos0_3_.name_name as name2_27_7_,
        foos0_.int_/2 as formula92_7_,
        foos0_."foo_subclass_1234" as foo2_20_7_,
        glarch1_.tha_key as tha1_21_0_,
        glarch1_.version as version21_0_,
        glarch1_.namecvbnmasdf as namecvbn3_21_0_,
        glarch1_.next_ as next4_21_0_,
        glarch1_.order_ as order5_21_0_,
        glarch1_.foo as foo21_0_,
        glarch1_.bar as bar21_0_,
        glarch1_.x as x21_0_,
        glarch1_.immutable as immutable21_0_,
        glarch1_."any_id_of_object" as any10_21_0_,
        glarch1_."any_class_of_object" as any11_21_0_,
        glarch1_.count_ as count12_21_0_,
        glarch1_.glarch_ as glarch13_21_0_,
        fee2_.id_ as id1_24_1_,
        fee2_.fi as fi24_1_,
        fee2_.fee as fee24_1_,
        fee2_.anotherFee as anotherFee24_1_,
        fee2_.qux as qux24_1_,
        fee2_.count_ as count6_24_1_,
        fee2_.name as name24_1_,
        fee2_.null_prop as null8_24_1_,
        fee3_.id_ as id1_24_2_,
        fee3_.fi as fi24_2_,
        fee3_.fee as fee24_2_,
        fee3_.anotherFee as anotherFee24_2_,
        fee3_.qux as qux24_2_,
        fee3_.count_ as count6_24_2_,
        fee3_.name as name24_2_,
        fee3_.null_prop as null8_24_2_,
        fee4_.id_ as id1_24_3_,
        fee4_.fi as fi24_3_,
        fee4_.fee as fee24_3_,
        fee4_.anotherFee as anotherFee24_3_,
        fee4_.qux as qux24_3_,
        fee4_.count_ as count6_24_3_,
        fee4_.name as name24_3_,
        fee4_.null_prop as null8_24_3_,
        baz5_.baz_id_column_ as baz1_28_4_,
        baz5_.count_count as count2_28_4_,
        baz5_.name_b as name3_28_4_,
        baz5_.foo as foo28_4_,
        baz5_.superBaz as superBaz28_4_,
        baz5_."str" as str6_28_4_,
        foo6_."foo_idcolumnname123" as foo1_20_5_,
        foo6_.version as version20_5_,
        foo6_.foo as foo20_5_,
        foo6_.long_ as long5_20_5_,
        foo6_."integer__" as integer6_20_5_,
        foo6_.float_ as float7_20_5_,
        foo6_.x as x20_5_,
        foo6_.double_ as double9_20_5_,
        foo6_.date_ as date10_20_5_,
        foo6_.timestamp_ as timestamp11_20_5_,
        foo6_.boolean_ as boolean12_20_5_,
        foo6_.bool_ as bool13_20_5_,
        foo6_.null_ as null14_20_5_,
        foo6_.short_ as short15_20_5_,
        foo6_.char_ as char16_20_5_,
        foo6_.zero_ as zero17_20_5_,
        foo6_.int_ as int18_20_5_,
        foo6_.string_ as string19_20_5_,
        foo6_.byte_ as byte20_20_5_,
        foo6_.yesno as yesno20_5_,
        foo6_.blobb_ as blobb22_20_5_,
        foo6_.nullBlob as nullBlob20_5_,
        foo6_.bin_ as bin24_20_5_,
        foo6_."localeayzabc123" as localea25_20_5_,
        foo6_.first_name as first26_20_5_,
        foo6_.surname as surname20_5_,
        foo6_.count_ as count28_20_5_,
        foo6_.name_ as name29_20_5_,
        foo6_.g__ as g30_20_5_,
        foo6_.cmpnt_null_ as cmpnt31_20_5_,
        foo6_.subname as subname20_5_,
        foo6_.fee_sub as fee33_20_5_,
        foo6_.null_cmpnt_ as null34_20_5_,
        foo6_1_.joinedProp as joinedProp49_5_,
        foo6_2_.dependent as dependent43_5_,
        foo6_.the_time as the35_20_5_,
        foo6_.baz as baz20_5_,
        foo6_.bar_string as bar37_20_5_,
        foo6_.bar_count as bar38_20_5_,
        foo6_.name as name20_5_,
        foo6_.clazz as clazz20_5_,
        foo6_.gen_id as gen41_20_5_,
        foo6_3_.name_name as name2_27_5_,
        foo6_.int_/2 as formula92_5_,
        foo6_."foo_subclass_1234" as foo2_20_5_,
        baz7_.baz_id_column_ as baz1_28_6_,
        baz7_.count_count as count2_28_6_,
        baz7_.name_b as name3_28_6_,
        baz7_.foo as foo28_6_,
        baz7_.superBaz as superBaz28_6_,
        baz7_."str" as str6_28_6_ 
    from
        "foos" foos0_ 
    inner join
        jointable foos0_1_ 
            on foos0_."foo_idcolumnname123"=foos0_1_.fooid 
    inner join
        foo_dep_table foos0_2_ 
            on foos0_."foo_idcolumnname123"=foos0_2_.fooid 
    left outer join
        bar_join_table foos0_3_ 
            on foos0_."foo_idcolumnname123"=foos0_3_.bar_id 
    left outer join
        "glarchez" glarch1_ 
            on foos0_.g__=glarch1_.tha_key 
    inner join
        "the fees" fee2_ 
            on foos0_2_.dependent=fee2_.id_ 
    left outer join
        "the fees" fee3_ 
            on fee2_.fee=fee3_.id_ 
    left outer join
        "the fees" fee4_ 
            on fee3_.anotherFee=fee4_.id_ 
    left outer join
        baz baz5_ 
            on foos0_.baz=baz5_.baz_id_column_ 
    left outer join
        "foos" foo6_ 
            on baz5_.foo=foo6_."foo_idcolumnname123" 
    left outer join
        jointable foo6_1_ 
            on foo6_."foo_idcolumnname123"=foo6_1_.fooid 
    left outer join
        foo_dep_table foo6_2_ 
            on foo6_."foo_idcolumnname123"=foo6_2_.fooid 
    left outer join
        bar_join_table foo6_3_ 
            on foo6_."foo_idcolumnname123"=foo6_3_.bar_id 
    left outer join
        baz baz7_ 
            on baz5_.superBaz=baz7_.baz_id_column_ 
    where
        foos0_."foo_subclass_1234" in (
            'F', 'B', 'T'
        ) 
        and foos0_.baz_compon_id=?
14:16:41,331 DEBUG SQL:104 - 
    select
        subs0_.superBaz as superBaz28_7_,
        subs0_.baz_id_column_ as baz1_28_7_,
        subs0_.baz_id_column_ as baz1_28_6_,
        subs0_.count_count as count2_28_6_,
        subs0_.name_b as name3_28_6_,
        subs0_.foo as foo28_6_,
        subs0_.superBaz as superBaz28_6_,
        subs0_."str" as str6_28_6_,
        foo1_."foo_idcolumnname123" as foo1_20_0_,
        foo1_.version as version20_0_,
        foo1_.foo as foo20_0_,
        foo1_.long_ as long5_20_0_,
        foo1_."integer__" as integer6_20_0_,
        foo1_.float_ as float7_20_0_,
        foo1_.x as x20_0_,
        foo1_.double_ as double9_20_0_,
        foo1_.date_ as date10_20_0_,
        foo1_.timestamp_ as timestamp11_20_0_,
        foo1_.boolean_ as boolean12_20_0_,
        foo1_.bool_ as bool13_20_0_,
        foo1_.null_ as null14_20_0_,
        foo1_.short_ as short15_20_0_,
        foo1_.char_ as char16_20_0_,
        foo1_.zero_ as zero17_20_0_,
        foo1_.int_ as int18_20_0_,
        foo1_.string_ as string19_20_0_,
        foo1_.byte_ as byte20_20_0_,
        foo1_.yesno as yesno20_0_,
        foo1_.blobb_ as blobb22_20_0_,
        foo1_.nullBlob as nullBlob20_0_,
        foo1_.bin_ as bin24_20_0_,
        foo1_."localeayzabc123" as localea25_20_0_,
        foo1_.first_name as first26_20_0_,
        foo1_.surname as surname20_0_,
        foo1_.count_ as count28_20_0_,
        foo1_.name_ as name29_20_0_,
        foo1_.g__ as g30_20_0_,
        foo1_.cmpnt_null_ as cmpnt31_20_0_,
        foo1_.subname as subname20_0_,
        foo1_.fee_sub as fee33_20_0_,
        foo1_.null_cmpnt_ as null34_20_0_,
        foo1_1_.joinedProp as joinedProp49_0_,
        foo1_2_.dependent as dependent43_0_,
        foo1_.the_time as the35_20_0_,
        foo1_.baz as baz20_0_,
        foo1_.bar_string as bar37_20_0_,
        foo1_.bar_count as bar38_20_0_,
        foo1_.name as name20_0_,
        foo1_.clazz as clazz20_0_,
        foo1_.gen_id as gen41_20_0_,
        foo1_3_.name_name as name2_27_0_,
        foo1_.int_/2 as formula92_0_,
        foo1_."foo_subclass_1234" as foo2_20_0_,
        glarch2_.tha_key as tha1_21_1_,
        glarch2_.version as version21_1_,
        glarch2_.namecvbnmasdf as namecvbn3_21_1_,
        glarch2_.next_ as next4_21_1_,
        glarch2_.order_ as order5_21_1_,
        glarch2_.foo as foo21_1_,
        glarch2_.bar as bar21_1_,
        glarch2_.x as x21_1_,
        glarch2_.immutable as immutable21_1_,
        glarch2_."any_id_of_object" as any10_21_1_,
        glarch2_."any_class_of_object" as any11_21_1_,
        glarch2_.count_ as count12_21_1_,
        glarch2_.glarch_ as glarch13_21_1_,
        fee3_.id_ as id1_24_2_,
        fee3_.fi as fi24_2_,
        fee3_.fee as fee24_2_,
        fee3_.anotherFee as anotherFee24_2_,
        fee3_.qux as qux24_2_,
        fee3_.count_ as count6_24_2_,
        fee3_.name as name24_2_,
        fee3_.null_prop as null8_24_2_,
        fee4_.id_ as id1_24_3_,
        fee4_.fi as fi24_3_,
        fee4_.fee as fee24_3_,
        fee4_.anotherFee as anotherFee24_3_,
        fee4_.qux as qux24_3_,
        fee4_.count_ as count6_24_3_,
        fee4_.name as name24_3_,
        fee4_.null_prop as null8_24_3_,
        fee5_.id_ as id1_24_4_,
        fee5_.fi as fi24_4_,
        fee5_.fee as fee24_4_,
        fee5_.anotherFee as anotherFee24_4_,
        fee5_.qux as qux24_4_,
        fee5_.count_ as count6_24_4_,
        fee5_.name as name24_4_,
        fee5_.null_prop as null8_24_4_,
        baz6_.baz_id_column_ as baz1_28_5_,
        baz6_.count_count as count2_28_5_,
        baz6_.name_b as name3_28_5_,
        baz6_.foo as foo28_5_,
        baz6_.superBaz as superBaz28_5_,
        baz6_."str" as str6_28_5_ 
    from
        baz subs0_ 
    left outer join
        "foos" foo1_ 
            on subs0_.foo=foo1_."foo_idcolumnname123" 
    left outer join
        jointable foo1_1_ 
            on foo1_."foo_idcolumnname123"=foo1_1_.fooid 
    left outer join
        foo_dep_table foo1_2_ 
            on foo1_."foo_idcolumnname123"=foo1_2_.fooid 
    left outer join
        bar_join_table foo1_3_ 
            on foo1_."foo_idcolumnname123"=foo1_3_.bar_id 
    left outer join
        "glarchez" glarch2_ 
            on foo1_.g__=glarch2_.tha_key 
    left outer join
        "the fees" fee3_ 
            on foo1_2_.dependent=fee3_.id_ 
    left outer join
        "the fees" fee4_ 
            on fee3_.fee=fee4_.id_ 
    left outer join
        "the fees" fee5_ 
            on fee4_.anotherFee=fee5_.id_ 
    left outer join
        baz baz6_ 
            on foo1_.baz=baz6_.baz_id_column_ 
    where
        subs0_.superBaz=?
14:16:41,372 DEBUG SQL:104 - 
    select
        sortablez0_.baz as baz28_1_,
        sortablez0_.id as id14_1_,
        sortablez0_.id as id14_0_,
        sortablez0_.name as name14_0_ 
    from
        Sortable sortablez0_ 
    where
        sortablez0_.baz=?
14:16:41,373 DEBUG SQL:104 - 
    select
        stringglar0_.baz_map_id as baz18_28_1_,
        stringglar0_.tha_key as tha1_21_1_,
        stringglar0_.baz_map_index as baz19_1_,
        stringglar0_.tha_key as tha1_21_0_,
        stringglar0_.version as version21_0_,
        stringglar0_.namecvbnmasdf as namecvbn3_21_0_,
        stringglar0_.next_ as next4_21_0_,
        stringglar0_.order_ as order5_21_0_,
        stringglar0_.foo as foo21_0_,
        stringglar0_.bar as bar21_0_,
        stringglar0_.x as x21_0_,
        stringglar0_.immutable as immutable21_0_,
        stringglar0_."any_id_of_object" as any10_21_0_,
        stringglar0_."any_class_of_object" as any11_21_0_,
        stringglar0_.count_ as count12_21_0_,
        stringglar0_.glarch_ as glarch13_21_0_ 
    from
        "glarchez" stringglar0_ 
    where
        (
            stringglar0_.baz_map_index > 'a' 
            and stringglar0_.tha_key is not null
        )  
        and stringglar0_.baz_map_id=?
14:16:41,383 DEBUG SQL:104 - 
    select
        cachedmap0_.baz as baz28_0_,
        cachedmap0_.foo as foo34_0_,
        cachedmap0_.bar as bar34_0_,
        cachedmap0_.another_baz as another4_0_ 
    from
        cached_map cachedmap0_ 
    where
        cachedmap0_.baz=?
14:16:41,383 DEBUG SQL:104 - 
    select
        cached0_.baz as baz28_0_,
        cached0_.foo as foo35_0_,
        cached0_.bar as bar35_0_ 
    from
        cached_set cached0_ 
    where
        cached0_.baz=?
14:16:41,393 DEBUG SQL:104 - 
    select
        topglarche0_.idtopglarch as idtopgl16_28_1_,
        topglarche0_.tha_key as tha1_21_1_,
        topglarche0_.mapkey as mapkey1_,
        topglarche0_.tha_key as tha1_21_0_,
        topglarche0_.version as version21_0_,
        topglarche0_.namecvbnmasdf as namecvbn3_21_0_,
        topglarche0_.next_ as next4_21_0_,
        topglarche0_.order_ as order5_21_0_,
        topglarche0_.foo as foo21_0_,
        topglarche0_.bar as bar21_0_,
        topglarche0_.x as x21_0_,
        topglarche0_.immutable as immutable21_0_,
        topglarche0_."any_id_of_object" as any10_21_0_,
        topglarche0_."any_class_of_object" as any11_21_0_,
        topglarche0_.count_ as count12_21_0_,
        topglarche0_.glarch_ as glarch13_21_0_ 
    from
        "glarchez" topglarche0_ 
    where
        topglarche0_.idtopglarch=?
14:16:41,394 DEBUG SQL:104 - 
    select
        cascadingb0_.idofbaz as idofbaz28_8_,
        cascadingb0_."foo_idcolumnname123" as foo1_20_8_,
        cascadingb0_."foo_idcolumnname123" as foo1_20_7_,
        cascadingb0_.version as version20_7_,
        cascadingb0_.foo as foo20_7_,
        cascadingb0_.long_ as long5_20_7_,
        cascadingb0_."integer__" as integer6_20_7_,
        cascadingb0_.float_ as float7_20_7_,
        cascadingb0_.x as x20_7_,
        cascadingb0_.double_ as double9_20_7_,
        cascadingb0_.date_ as date10_20_7_,
        cascadingb0_.timestamp_ as timestamp11_20_7_,
        cascadingb0_.boolean_ as boolean12_20_7_,
        cascadingb0_.bool_ as bool13_20_7_,
        cascadingb0_.null_ as null14_20_7_,
        cascadingb0_.short_ as short15_20_7_,
        cascadingb0_.char_ as char16_20_7_,
        cascadingb0_.zero_ as zero17_20_7_,
        cascadingb0_.int_ as int18_20_7_,
        cascadingb0_.string_ as string19_20_7_,
        cascadingb0_.byte_ as byte20_20_7_,
        cascadingb0_.yesno as yesno20_7_,
        cascadingb0_.blobb_ as blobb22_20_7_,
        cascadingb0_.nullBlob as nullBlob20_7_,
        cascadingb0_.bin_ as bin24_20_7_,
        cascadingb0_."localeayzabc123" as localea25_20_7_,
        cascadingb0_.first_name as first26_20_7_,
        cascadingb0_.surname as surname20_7_,
        cascadingb0_.count_ as count28_20_7_,
        cascadingb0_.name_ as name29_20_7_,
        cascadingb0_.g__ as g30_20_7_,
        cascadingb0_.cmpnt_null_ as cmpnt31_20_7_,
        cascadingb0_.subname as subname20_7_,
        cascadingb0_.fee_sub as fee33_20_7_,
        cascadingb0_.null_cmpnt_ as null34_20_7_,
        cascadingb0_1_.joinedProp as joinedProp49_7_,
        cascadingb0_2_.dependent as dependent43_7_,
        cascadingb0_.the_time as the35_20_7_,
        cascadingb0_.baz as baz20_7_,
        cascadingb0_.bar_string as bar37_20_7_,
        cascadingb0_.bar_count as bar38_20_7_,
        cascadingb0_.name as name20_7_,
        cascadingb0_.clazz as clazz20_7_,
        cascadingb0_.gen_id as gen41_20_7_,
        cascadingb0_3_.name_name as name2_27_7_,
        cascadingb0_.int_/2 as formula92_7_,
        glarch1_.tha_key as tha1_21_0_,
        glarch1_.version as version21_0_,
        glarch1_.namecvbnmasdf as namecvbn3_21_0_,
        glarch1_.next_ as next4_21_0_,
        glarch1_.order_ as order5_21_0_,
        glarch1_.foo as foo21_0_,
        glarch1_.bar as bar21_0_,
        glarch1_.x as x21_0_,
        glarch1_.immutable as immutable21_0_,
        glarch1_."any_id_of_object" as any10_21_0_,
        glarch1_."any_class_of_object" as any11_21_0_,
        glarch1_.count_ as count12_21_0_,
        glarch1_.glarch_ as glarch13_21_0_,
        fee2_.id_ as id1_24_1_,
        fee2_.fi as fi24_1_,
        fee2_.fee as fee24_1_,
        fee2_.anotherFee as anotherFee24_1_,
        fee2_.qux as qux24_1_,
        fee2_.count_ as count6_24_1_,
        fee2_.name as name24_1_,
        fee2_.null_prop as null8_24_1_,
        fee3_.id_ as id1_24_2_,
        fee3_.fi as fi24_2_,
        fee3_.fee as fee24_2_,
        fee3_.anotherFee as anotherFee24_2_,
        fee3_.qux as qux24_2_,
        fee3_.count_ as count6_24_2_,
        fee3_.name as name24_2_,
        fee3_.null_prop as null8_24_2_,
        fee4_.id_ as id1_24_3_,
        fee4_.fi as fi24_3_,
        fee4_.fee as fee24_3_,
        fee4_.anotherFee as anotherFee24_3_,
        fee4_.qux as qux24_3_,
        fee4_.count_ as count6_24_3_,
        fee4_.name as name24_3_,
        fee4_.null_prop as null8_24_3_,
        baz5_.baz_id_column_ as baz1_28_4_,
        baz5_.count_count as count2_28_4_,
        baz5_.name_b as name3_28_4_,
        baz5_.foo as foo28_4_,
        baz5_.superBaz as superBaz28_4_,
        baz5_."str" as str6_28_4_,
        foo6_."foo_idcolumnname123" as foo1_20_5_,
        foo6_.version as version20_5_,
        foo6_.foo as foo20_5_,
        foo6_.long_ as long5_20_5_,
        foo6_."integer__" as integer6_20_5_,
        foo6_.float_ as float7_20_5_,
        foo6_.x as x20_5_,
        foo6_.double_ as double9_20_5_,
        foo6_.date_ as date10_20_5_,
        foo6_.timestamp_ as timestamp11_20_5_,
        foo6_.boolean_ as boolean12_20_5_,
        foo6_.bool_ as bool13_20_5_,
        foo6_.null_ as null14_20_5_,
        foo6_.short_ as short15_20_5_,
        foo6_.char_ as char16_20_5_,
        foo6_.zero_ as zero17_20_5_,
        foo6_.int_ as int18_20_5_,
        foo6_.string_ as string19_20_5_,
        foo6_.byte_ as byte20_20_5_,
        foo6_.yesno as yesno20_5_,
        foo6_.blobb_ as blobb22_20_5_,
        foo6_.nullBlob as nullBlob20_5_,
        foo6_.bin_ as bin24_20_5_,
        foo6_."localeayzabc123" as localea25_20_5_,
        foo6_.first_name as first26_20_5_,
        foo6_.surname as surname20_5_,
        foo6_.count_ as count28_20_5_,
        foo6_.name_ as name29_20_5_,
        foo6_.g__ as g30_20_5_,
        foo6_.cmpnt_null_ as cmpnt31_20_5_,
        foo6_.subname as subname20_5_,
        foo6_.fee_sub as fee33_20_5_,
        foo6_.null_cmpnt_ as null34_20_5_,
        foo6_1_.joinedProp as joinedProp49_5_,
        foo6_2_.dependent as dependent43_5_,
        foo6_.the_time as the35_20_5_,
        foo6_.baz as baz20_5_,
        foo6_.bar_string as bar37_20_5_,
        foo6_.bar_count as bar38_20_5_,
        foo6_.name as name20_5_,
        foo6_.clazz as clazz20_5_,
        foo6_.gen_id as gen41_20_5_,
        foo6_3_.name_name as name2_27_5_,
        foo6_.int_/2 as formula92_5_,
        foo6_."foo_subclass_1234" as foo2_20_5_,
        baz7_.baz_id_column_ as baz1_28_6_,
        baz7_.count_count as count2_28_6_,
        baz7_.name_b as name3_28_6_,
        baz7_.foo as foo28_6_,
        baz7_.superBaz as superBaz28_6_,
        baz7_."str" as str6_28_6_ 
    from
        "foos" cascadingb0_ 
    inner join
        jointable cascadingb0_1_ 
            on cascadingb0_."foo_idcolumnname123"=cascadingb0_1_.fooid 
    inner join
        foo_dep_table cascadingb0_2_ 
            on cascadingb0_."foo_idcolumnname123"=cascadingb0_2_.fooid 
    inner join
        bar_join_table cascadingb0_3_ 
            on cascadingb0_."foo_idcolumnname123"=cascadingb0_3_.bar_id 
    left outer join
        "glarchez" glarch1_ 
            on cascadingb0_.g__=glarch1_.tha_key 
    inner join
        "the fees" fee2_ 
            on cascadingb0_2_.dependent=fee2_.id_ 
    left outer join
        "the fees" fee3_ 
            on fee2_.fee=fee3_.id_ 
    left outer join
        "the fees" fee4_ 
            on fee3_.anotherFee=fee4_.id_ 
    left outer join
        baz baz5_ 
            on cascadingb0_.baz=baz5_.baz_id_column_ 
    left outer join
        "foos" foo6_ 
            on baz5_.foo=foo6_."foo_idcolumnname123" 
    left outer join
        jointable foo6_1_ 
            on foo6_."foo_idcolumnname123"=foo6_1_.fooid 
    left outer join
        foo_dep_table foo6_2_ 
            on foo6_."foo_idcolumnname123"=foo6_2_.fooid 
    left outer join
        bar_join_table foo6_3_ 
            on foo6_."foo_idcolumnname123"=foo6_3_.bar_id 
    left outer join
        baz baz7_ 
            on baz5_.superBaz=baz7_.baz_id_column_ 
    where
        cascadingb0_."foo_subclass_1234"='B' 
        and cascadingb0_.idofbaz=?
14:16:41,465 DEBUG SQL:104 - 
    select
        topfoos0_.idtopbar as idtopbar28_8_,
        topfoos0_."foo_idcolumnname123" as foo1_20_8_,
        topfoos0_."foo_idcolumnname123" as foo1_20_7_,
        topfoos0_.version as version20_7_,
        topfoos0_.foo as foo20_7_,
        topfoos0_.long_ as long5_20_7_,
        topfoos0_."integer__" as integer6_20_7_,
        topfoos0_.float_ as float7_20_7_,
        topfoos0_.x as x20_7_,
        topfoos0_.double_ as double9_20_7_,
        topfoos0_.date_ as date10_20_7_,
        topfoos0_.timestamp_ as timestamp11_20_7_,
        topfoos0_.boolean_ as boolean12_20_7_,
        topfoos0_.bool_ as bool13_20_7_,
        topfoos0_.null_ as null14_20_7_,
        topfoos0_.short_ as short15_20_7_,
        topfoos0_.char_ as char16_20_7_,
        topfoos0_.zero_ as zero17_20_7_,
        topfoos0_.int_ as int18_20_7_,
        topfoos0_.string_ as string19_20_7_,
        topfoos0_.byte_ as byte20_20_7_,
        topfoos0_.yesno as yesno20_7_,
        topfoos0_.blobb_ as blobb22_20_7_,
        topfoos0_.nullBlob as nullBlob20_7_,
        topfoos0_.bin_ as bin24_20_7_,
        topfoos0_."localeayzabc123" as localea25_20_7_,
        topfoos0_.first_name as first26_20_7_,
        topfoos0_.surname as surname20_7_,
        topfoos0_.count_ as count28_20_7_,
        topfoos0_.name_ as name29_20_7_,
        topfoos0_.g__ as g30_20_7_,
        topfoos0_.cmpnt_null_ as cmpnt31_20_7_,
        topfoos0_.subname as subname20_7_,
        topfoos0_.fee_sub as fee33_20_7_,
        topfoos0_.null_cmpnt_ as null34_20_7_,
        topfoos0_1_.joinedProp as joinedProp49_7_,
        topfoos0_2_.dependent as dependent43_7_,
        topfoos0_.the_time as the35_20_7_,
        topfoos0_.baz as baz20_7_,
        topfoos0_.bar_string as bar37_20_7_,
        topfoos0_.bar_count as bar38_20_7_,
        topfoos0_.name as name20_7_,
        topfoos0_.clazz as clazz20_7_,
        topfoos0_.gen_id as gen41_20_7_,
        topfoos0_3_.name_name as name2_27_7_,
        topfoos0_.int_/2 as formula92_7_,
        glarch1_.tha_key as tha1_21_0_,
        glarch1_.version as version21_0_,
        glarch1_.namecvbnmasdf as namecvbn3_21_0_,
        glarch1_.next_ as next4_21_0_,
        glarch1_.order_ as order5_21_0_,
        glarch1_.foo as foo21_0_,
        glarch1_.bar as bar21_0_,
        glarch1_.x as x21_0_,
        glarch1_.immutable as immutable21_0_,
        glarch1_."any_id_of_object" as any10_21_0_,
        glarch1_."any_class_of_object" as any11_21_0_,
        glarch1_.count_ as count12_21_0_,
        glarch1_.glarch_ as glarch13_21_0_,
        fee2_.id_ as id1_24_1_,
        fee2_.fi as fi24_1_,
        fee2_.fee as fee24_1_,
        fee2_.anotherFee as anotherFee24_1_,
        fee2_.qux as qux24_1_,
        fee2_.count_ as count6_24_1_,
        fee2_.name as name24_1_,
        fee2_.null_prop as null8_24_1_,
        fee3_.id_ as id1_24_2_,
        fee3_.fi as fi24_2_,
        fee3_.fee as fee24_2_,
        fee3_.anotherFee as anotherFee24_2_,
        fee3_.qux as qux24_2_,
        fee3_.count_ as count6_24_2_,
        fee3_.name as name24_2_,
        fee3_.null_prop as null8_24_2_,
        fee4_.id_ as id1_24_3_,
        fee4_.fi as fi24_3_,
        fee4_.fee as fee24_3_,
        fee4_.anotherFee as anotherFee24_3_,
        fee4_.qux as qux24_3_,
        fee4_.count_ as count6_24_3_,
        fee4_.name as name24_3_,
        fee4_.null_prop as null8_24_3_,
        baz5_.baz_id_column_ as baz1_28_4_,
        baz5_.count_count as count2_28_4_,
        baz5_.name_b as name3_28_4_,
        baz5_.foo as foo28_4_,
        baz5_.superBaz as superBaz28_4_,
        baz5_."str" as str6_28_4_,
        foo6_."foo_idcolumnname123" as foo1_20_5_,
        foo6_.version as version20_5_,
        foo6_.foo as foo20_5_,
        foo6_.long_ as long5_20_5_,
        foo6_."integer__" as integer6_20_5_,
        foo6_.float_ as float7_20_5_,
        foo6_.x as x20_5_,
        foo6_.double_ as double9_20_5_,
        foo6_.date_ as date10_20_5_,
        foo6_.timestamp_ as timestamp11_20_5_,
        foo6_.boolean_ as boolean12_20_5_,
        foo6_.bool_ as bool13_20_5_,
        foo6_.null_ as null14_20_5_,
        foo6_.short_ as short15_20_5_,
        foo6_.char_ as char16_20_5_,
        foo6_.zero_ as zero17_20_5_,
        foo6_.int_ as int18_20_5_,
        foo6_.string_ as string19_20_5_,
        foo6_.byte_ as byte20_20_5_,
        foo6_.yesno as yesno20_5_,
        foo6_.blobb_ as blobb22_20_5_,
        foo6_.nullBlob as nullBlob20_5_,
        foo6_.bin_ as bin24_20_5_,
        foo6_."localeayzabc123" as localea25_20_5_,
        foo6_.first_name as first26_20_5_,
        foo6_.surname as surname20_5_,
        foo6_.count_ as count28_20_5_,
        foo6_.name_ as name29_20_5_,
        foo6_.g__ as g30_20_5_,
        foo6_.cmpnt_null_ as cmpnt31_20_5_,
        foo6_.subname as subname20_5_,
        foo6_.fee_sub as fee33_20_5_,
        foo6_.null_cmpnt_ as null34_20_5_,
        foo6_1_.joinedProp as joinedProp49_5_,
        foo6_2_.dependent as dependent43_5_,
        foo6_.the_time as the35_20_5_,
        foo6_.baz as baz20_5_,
        foo6_.bar_string as bar37_20_5_,
        foo6_.bar_count as bar38_20_5_,
        foo6_.name as name20_5_,
        foo6_.clazz as clazz20_5_,
        foo6_.gen_id as gen41_20_5_,
        foo6_3_.name_name as name2_27_5_,
        foo6_.int_/2 as formula92_5_,
        foo6_."foo_subclass_1234" as foo2_20_5_,
        baz7_.baz_id_column_ as baz1_28_6_,
        baz7_.count_count as count2_28_6_,
        baz7_.name_b as name3_28_6_,
        baz7_.foo as foo28_6_,
        baz7_.superBaz as superBaz28_6_,
        baz7_."str" as str6_28_6_ 
    from
        "foos" topfoos0_ 
    inner join
        jointable topfoos0_1_ 
            on topfoos0_."foo_idcolumnname123"=topfoos0_1_.fooid 
    inner join
        foo_dep_table topfoos0_2_ 
            on topfoos0_."foo_idcolumnname123"=topfoos0_2_.fooid 
    inner join
        bar_join_table topfoos0_3_ 
            on topfoos0_."foo_idcolumnname123"=topfoos0_3_.bar_id 
    left outer join
        "glarchez" glarch1_ 
            on topfoos0_.g__=glarch1_.tha_key 
    inner join
        "the fees" fee2_ 
            on topfoos0_2_.dependent=fee2_.id_ 
    left outer join
        "the fees" fee3_ 
            on fee2_.fee=fee3_.id_ 
    left outer join
        "the fees" fee4_ 
            on fee3_.anotherFee=fee4_.id_ 
    left outer join
        baz baz5_ 
            on topfoos0_.baz=baz5_.baz_id_column_ 
    left outer join
        "foos" foo6_ 
            on baz5_.foo=foo6_."foo_idcolumnname123" 
    left outer join
        jointable foo6_1_ 
            on foo6_."foo_idcolumnname123"=foo6_1_.fooid 
    left outer join
        foo_dep_table foo6_2_ 
            on foo6_."foo_idcolumnname123"=foo6_2_.fooid 
    left outer join
        bar_join_table foo6_3_ 
            on foo6_."foo_idcolumnname123"=foo6_3_.bar_id 
    left outer join
        baz baz7_ 
            on baz5_.superBaz=baz7_.baz_id_column_ 
    where
        topfoos0_."foo_subclass_1234"='B' 
        and topfoos0_.idtopbar=?
14:16:41,520 DEBUG SQL:104 - 
    select
        topcompone0_.id_ as id1_28_0_,
        topcompone0_.name as name64_0_,
        topcompone0_.count_ as count3_64_0_,
        topcompone0_.i as i0_ 
    from
        topcomponents topcompone0_ 
    where
        topcompone0_.id_=?
14:16:41,531 DEBUG SQL:104 - 
    select
        customs0_.id_ as id1_28_0_,
        customs0_.first_ as first2_38_0_,
        customs0_.second_ as second3_38_0_,
        customs0_.indx as indx0_ 
    from
        customs customs0_ 
    where
        customs0_.id_=?
14:16:41,532 DEBUG SQL:104 - 
    select
        glarchtofo0_.gtf_baz_id as gtf14_28_1_,
        glarchtofo0_.tha_key as tha1_21_1_,
        glarchtofo0_.gtf_foo_id as gtf15_1_,
        glarchtofo0_.tha_key as tha1_21_0_,
        glarchtofo0_.version as version21_0_,
        glarchtofo0_.namecvbnmasdf as namecvbn3_21_0_,
        glarchtofo0_.next_ as next4_21_0_,
        glarchtofo0_.order_ as order5_21_0_,
        glarchtofo0_.foo as foo21_0_,
        glarchtofo0_.bar as bar21_0_,
        glarchtofo0_.x as x21_0_,
        glarchtofo0_.immutable as immutable21_0_,
        glarchtofo0_."any_id_of_object" as any10_21_0_,
        glarchtofo0_."any_class_of_object" as any11_21_0_,
        glarchtofo0_.count_ as count12_21_0_,
        glarchtofo0_.glarch_ as glarch13_21_0_ 
    from
        "glarchez" glarchtofo0_ 
    where
        glarchtofo0_.gtf_baz_id=?
14:16:41,543 DEBUG SQL:104 - 
    select
        foocompone0_.baz_id as baz1_28_8_,
        foocompone0_.foo_id as foo2_40_8_,
        foocompone0_.name as name8_,
        foocompone0_.count_ as count4_8_,
        foo1_."foo_idcolumnname123" as foo1_20_0_,
        foo1_.version as version20_0_,
        foo1_.foo as foo20_0_,
        foo1_.long_ as long5_20_0_,
        foo1_."integer__" as integer6_20_0_,
        foo1_.float_ as float7_20_0_,
        foo1_.x as x20_0_,
        foo1_.double_ as double9_20_0_,
        foo1_.date_ as date10_20_0_,
        foo1_.timestamp_ as timestamp11_20_0_,
        foo1_.boolean_ as boolean12_20_0_,
        foo1_.bool_ as bool13_20_0_,
        foo1_.null_ as null14_20_0_,
        foo1_.short_ as short15_20_0_,
        foo1_.char_ as char16_20_0_,
        foo1_.zero_ as zero17_20_0_,
        foo1_.int_ as int18_20_0_,
        foo1_.string_ as string19_20_0_,
        foo1_.byte_ as byte20_20_0_,
        foo1_.yesno as yesno20_0_,
        foo1_.blobb_ as blobb22_20_0_,
        foo1_.nullBlob as nullBlob20_0_,
        foo1_.bin_ as bin24_20_0_,
        foo1_."localeayzabc123" as localea25_20_0_,
        foo1_.first_name as first26_20_0_,
        foo1_.surname as surname20_0_,
        foo1_.count_ as count28_20_0_,
        foo1_.name_ as name29_20_0_,
        foo1_.g__ as g30_20_0_,
        foo1_.cmpnt_null_ as cmpnt31_20_0_,
        foo1_.subname as subname20_0_,
        foo1_.fee_sub as fee33_20_0_,
        foo1_.null_cmpnt_ as null34_20_0_,
        foo1_1_.joinedProp as joinedProp49_0_,
        foo1_2_.dependent as dependent43_0_,
        foo1_.the_time as the35_20_0_,
        foo1_.baz as baz20_0_,
        foo1_.bar_string as bar37_20_0_,
        foo1_.bar_count as bar38_20_0_,
        foo1_.name as name20_0_,
        foo1_.clazz as clazz20_0_,
        foo1_.gen_id as gen41_20_0_,
        foo1_3_.name_name as name2_27_0_,
        foo1_.int_/2 as formula92_0_,
        foo1_."foo_subclass_1234" as foo2_20_0_,
        glarch2_.tha_key as tha1_21_1_,
        glarch2_.version as version21_1_,
        glarch2_.namecvbnmasdf as namecvbn3_21_1_,
        glarch2_.next_ as next4_21_1_,
        glarch2_.order_ as order5_21_1_,
        glarch2_.foo as foo21_1_,
        glarch2_.bar as bar21_1_,
        glarch2_.x as x21_1_,
        glarch2_.immutable as immutable21_1_,
        glarch2_."any_id_of_object" as any10_21_1_,
        glarch2_."any_class_of_object" as any11_21_1_,
        glarch2_.count_ as count12_21_1_,
        glarch2_.glarch_ as glarch13_21_1_,
        fee3_.id_ as id1_24_2_,
        fee3_.fi as fi24_2_,
        fee3_.fee as fee24_2_,
        fee3_.anotherFee as anotherFee24_2_,
        fee3_.qux as qux24_2_,
        fee3_.count_ as count6_24_2_,
        fee3_.name as name24_2_,
        fee3_.null_prop as null8_24_2_,
        fee4_.id_ as id1_24_3_,
        fee4_.fi as fi24_3_,
        fee4_.fee as fee24_3_,
        fee4_.anotherFee as anotherFee24_3_,
        fee4_.qux as qux24_3_,
        fee4_.count_ as count6_24_3_,
        fee4_.name as name24_3_,
        fee4_.null_prop as null8_24_3_,
        fee5_.id_ as id1_24_4_,
        fee5_.fi as fi24_4_,
        fee5_.fee as fee24_4_,
        fee5_.anotherFee as anotherFee24_4_,
        fee5_.qux as qux24_4_,
        fee5_.count_ as count6_24_4_,
        fee5_.name as name24_4_,
        fee5_.null_prop as null8_24_4_,
        baz6_.baz_id_column_ as baz1_28_5_,
        baz6_.count_count as count2_28_5_,
        baz6_.name_b as name3_28_5_,
        baz6_.foo as foo28_5_,
        baz6_.superBaz as superBaz28_5_,
        baz6_."str" as str6_28_5_,
        foo7_."foo_idcolumnname123" as foo1_20_6_,
        foo7_.version as version20_6_,
        foo7_.foo as foo20_6_,
        foo7_.long_ as long5_20_6_,
        foo7_."integer__" as integer6_20_6_,
        foo7_.float_ as float7_20_6_,
        foo7_.x as x20_6_,
        foo7_.double_ as double9_20_6_,
        foo7_.date_ as date10_20_6_,
        foo7_.timestamp_ as timestamp11_20_6_,
        foo7_.boolean_ as boolean12_20_6_,
        foo7_.bool_ as bool13_20_6_,
        foo7_.null_ as null14_20_6_,
        foo7_.short_ as short15_20_6_,
        foo7_.char_ as char16_20_6_,
        foo7_.zero_ as zero17_20_6_,
        foo7_.int_ as int18_20_6_,
        foo7_.string_ as string19_20_6_,
        foo7_.byte_ as byte20_20_6_,
        foo7_.yesno as yesno20_6_,
        foo7_.blobb_ as blobb22_20_6_,
        foo7_.nullBlob as nullBlob20_6_,
        foo7_.bin_ as bin24_20_6_,
        foo7_."localeayzabc123" as localea25_20_6_,
        foo7_.first_name as first26_20_6_,
        foo7_.surname as surname20_6_,
        foo7_.count_ as count28_20_6_,
        foo7_.name_ as name29_20_6_,
        foo7_.g__ as g30_20_6_,
        foo7_.cmpnt_null_ as cmpnt31_20_6_,
        foo7_.subname as subname20_6_,
        foo7_.fee_sub as fee33_20_6_,
        foo7_.null_cmpnt_ as null34_20_6_,
        foo7_1_.joinedProp as joinedProp49_6_,
        foo7_2_.dependent as dependent43_6_,
        foo7_.the_time as the35_20_6_,
        foo7_.baz as baz20_6_,
        foo7_.bar_string as bar37_20_6_,
        foo7_.bar_count as bar38_20_6_,
        foo7_.name as name20_6_,
        foo7_.clazz as clazz20_6_,
        foo7_.gen_id as gen41_20_6_,
        foo7_3_.name_name as name2_27_6_,
        foo7_.int_/2 as formula92_6_,
        foo7_."foo_subclass_1234" as foo2_20_6_,
        baz8_.baz_id_column_ as baz1_28_7_,
        baz8_.count_count as count2_28_7_,
        baz8_.name_b as name3_28_7_,
        baz8_.foo as foo28_7_,
        baz8_.superBaz as superBaz28_7_,
        baz8_."str" as str6_28_7_ 
    from
        fooComponentToFoo foocompone0_ 
    inner join
        "foos" foo1_ 
            on foocompone0_.foo_id=foo1_."foo_idcolumnname123" 
    left outer join
        jointable foo1_1_ 
            on foo1_."foo_idcolumnname123"=foo1_1_.fooid 
    left outer join
        foo_dep_table foo1_2_ 
            on foo1_."foo_idcolumnname123"=foo1_2_.fooid 
    left outer join
        bar_join_table foo1_3_ 
            on foo1_."foo_idcolumnname123"=foo1_3_.bar_id 
    left outer join
        "glarchez" glarch2_ 
            on foo1_.g__=glarch2_.tha_key 
    inner join
        "the fees" fee3_ 
            on foo1_2_.dependent=fee3_.id_ 
    left outer join
        "the fees" fee4_ 
            on fee3_.fee=fee4_.id_ 
    left outer join
        "the fees" fee5_ 
            on fee4_.anotherFee=fee5_.id_ 
    left outer join
        baz baz6_ 
            on foo1_.baz=baz6_.baz_id_column_ 
    left outer join
        "foos" foo7_ 
            on baz6_.foo=foo7_."foo_idcolumnname123" 
    left outer join
        jointable foo7_1_ 
            on foo7_."foo_idcolumnname123"=foo7_1_.fooid 
    left outer join
        foo_dep_table foo7_2_ 
            on foo7_."foo_idcolumnname123"=foo7_2_.fooid 
    left outer join
        bar_join_table foo7_3_ 
            on foo7_."foo_idcolumnname123"=foo7_3_.bar_id 
    left outer join
        baz baz8_ 
            on baz6_.superBaz=baz8_.baz_id_column_ 
    where
        foocompone0_.baz_id=?
14:16:41,621 DEBUG SQL:104 - 
    select
        footoglarc0_.baz_id as baz1_28_1_,
        footoglarc0_.glarch_id as glarch2_41_1_,
        footoglarc0_.foo_id as foo3_1_,
        glarch1_.tha_key as tha1_21_0_,
        glarch1_.version as version21_0_,
        glarch1_.namecvbnmasdf as namecvbn3_21_0_,
        glarch1_.next_ as next4_21_0_,
        glarch1_.order_ as order5_21_0_,
        glarch1_.foo as foo21_0_,
        glarch1_.bar as bar21_0_,
        glarch1_.x as x21_0_,
        glarch1_.immutable as immutable21_0_,
        glarch1_."any_id_of_object" as any10_21_0_,
        glarch1_."any_class_of_object" as any11_21_0_,
        glarch1_.count_ as count12_21_0_,
        glarch1_.glarch_ as glarch13_21_0_ 
    from
        fooToGlarch footoglarc0_ 
    inner join
        "glarchez" glarch1_ 
            on footoglarc0_.glarch_id=glarch1_.tha_key 
    where
        footoglarc0_.baz_id=?
14:16:41,632 DEBUG SQL:104 - 
    select
        bag0_."baz_id_" as baz1_28_0_,
        bag0_."name_" as name2_17_0_ 
    from
        "bxaxg" bag0_ 
    where
        bag0_."baz_id_"=? 
    order by
        bag0_."name_"
14:16:41,632 DEBUG SQL:104 - 
    select
        stringlist0_.id as id28_0_,
        stringlist0_.element as element59_0_,
        stringlist0_."i" as i3_0_ 
    from
        string_list stringlist0_ 
    where
        stringlist0_.id=?
14:16:41,632 DEBUG SQL:104 - 
    select
        proxyset0_.set_key as set22_21_1_,
        proxyset0_.tha_key as tha1_21_1_,
        proxyset0_.tha_key as tha1_21_0_,
        proxyset0_.version as version21_0_,
        proxyset0_.namecvbnmasdf as namecvbn3_21_0_,
        proxyset0_.next_ as next4_21_0_,
        proxyset0_.order_ as order5_21_0_,
        proxyset0_.foo as foo21_0_,
        proxyset0_.bar as bar21_0_,
        proxyset0_.x as x21_0_,
        proxyset0_.immutable as immutable21_0_,
        proxyset0_."any_id_of_object" as any10_21_0_,
        proxyset0_."any_class_of_object" as any11_21_0_,
        proxyset0_.count_ as count12_21_0_,
        proxyset0_.glarch_ as glarch13_21_0_ 
    from
        "glarchez" proxyset0_ 
    where
        proxyset0_.set_key=?
14:16:41,642 DEBUG SQL:104 - 
    select
        strings0_.glarch_key as glarch1_21_0_,
        strings0_."tha_stryng" as tha2_23_0_,
        strings0_."indx_" as indx3_0_ 
    from
        "strings" strings0_ 
    where
        strings0_.glarch_key=?
14:16:41,642 DEBUG SQL:104 - 
    select
        fees0_.fee_id as fee1_24_0_,
        fees0_.str_ as str2_18_0_ 
    from
        "fees" fees0_ 
    where
        fees0_.fee_id=?
14:16:41,643 DEBUG SQL:104 - 
    select
        fees0_.fee_id as fee1_24_0_,
        fees0_.str_ as str2_18_0_ 
    from
        "fees" fees0_ 
    where
        fees0_.fee_id=?
14:16:41,645 DEBUG SQL:104 - 
    select
        this_.baz_id_column_ as baz1_28_10_,
        this_.count_count as count2_28_10_,
        this_.name_b as name3_28_10_,
        this_.foo as foo28_10_,
        this_.superBaz as superBaz28_10_,
        this_."str" as str6_28_10_,
        foo4_."foo_idcolumnname123" as foo1_20_0_,
        foo4_.version as version20_0_,
        foo4_.foo as foo20_0_,
        foo4_.long_ as long5_20_0_,
        foo4_."integer__" as integer6_20_0_,
        foo4_.float_ as float7_20_0_,
        foo4_.x as x20_0_,
        foo4_.double_ as double9_20_0_,
        foo4_.date_ as date10_20_0_,
        foo4_.timestamp_ as timestamp11_20_0_,
        foo4_.boolean_ as boolean12_20_0_,
        foo4_.bool_ as bool13_20_0_,
        foo4_.null_ as null14_20_0_,
        foo4_.short_ as short15_20_0_,
        foo4_.char_ as char16_20_0_,
        foo4_.zero_ as zero17_20_0_,
        foo4_.int_ as int18_20_0_,
        foo4_.string_ as string19_20_0_,
        foo4_.byte_ as byte20_20_0_,
        foo4_.yesno as yesno20_0_,
        foo4_.blobb_ as blobb22_20_0_,
        foo4_.nullBlob as nullBlob20_0_,
        foo4_.bin_ as bin24_20_0_,
        foo4_."localeayzabc123" as localea25_20_0_,
        foo4_.first_name as first26_20_0_,
        foo4_.surname as surname20_0_,
        foo4_.count_ as count28_20_0_,
        foo4_.name_ as name29_20_0_,
        foo4_.g__ as g30_20_0_,
        foo4_.cmpnt_null_ as cmpnt31_20_0_,
        foo4_.subname as subname20_0_,
        foo4_.fee_sub as fee33_20_0_,
        foo4_.null_cmpnt_ as null34_20_0_,
        foo4_1_.joinedProp as joinedProp49_0_,
        foo4_2_.dependent as dependent43_0_,
        foo4_.the_time as the35_20_0_,
        foo4_.baz as baz20_0_,
        foo4_.bar_string as bar37_20_0_,
        foo4_.bar_count as bar38_20_0_,
        foo4_.name as name20_0_,
        foo4_.clazz as clazz20_0_,
        foo4_.gen_id as gen41_20_0_,
        foo4_3_.name_name as name2_27_0_,
        foo4_.int_/2 as formula92_0_,
        foo4_."foo_subclass_1234" as foo2_20_0_,
        glarch5_.tha_key as tha1_21_1_,
        glarch5_.version as version21_1_,
        glarch5_.namecvbnmasdf as namecvbn3_21_1_,
        glarch5_.next_ as next4_21_1_,
        glarch5_.order_ as order5_21_1_,
        glarch5_.foo as foo21_1_,
        glarch5_.bar as bar21_1_,
        glarch5_.x as x21_1_,
        glarch5_.immutable as immutable21_1_,
        glarch5_."any_id_of_object" as any10_21_1_,
        glarch5_."any_class_of_object" as any11_21_1_,
        glarch5_.count_ as count12_21_1_,
        glarch5_.glarch_ as glarch13_21_1_,
        fee6_.id_ as id1_24_2_,
        fee6_.fi as fi24_2_,
        fee6_.fee as fee24_2_,
        fee6_.anotherFee as anotherFee24_2_,
        fee6_.qux as qux24_2_,
        fee6_.count_ as count6_24_2_,
        fee6_.name as name24_2_,
        fee6_.null_prop as null8_24_2_,
        fee7_.id_ as id1_24_3_,
        fee7_.fi as fi24_3_,
        fee7_.fee as fee24_3_,
        fee7_.anotherFee as anotherFee24_3_,
        fee7_.qux as qux24_3_,
        fee7_.count_ as count6_24_3_,
        fee7_.name as name24_3_,
        fee7_.null_prop as null8_24_3_,
        fee8_.id_ as id1_24_4_,
        fee8_.fi as fi24_4_,
        fee8_.fee as fee24_4_,
        fee8_.anotherFee as anotherFee24_4_,
        fee8_.qux as qux24_4_,
        fee8_.count_ as count6_24_4_,
        fee8_.name as name24_4_,
        fee8_.null_prop as null8_24_4_,
        baz9_.baz_id_column_ as baz1_28_5_,
        baz9_.count_count as count2_28_5_,
        baz9_.name_b as name3_28_5_,
        baz9_.foo as foo28_5_,
        baz9_.superBaz as superBaz28_5_,
        baz9_."str" as str6_28_5_,
        topglarche10_.idtopglarch as idtopgl16_28_12_,
        topglarche10_.tha_key as tha1_21_12_,
        topglarche10_.mapkey as mapkey12_,
        topglarche10_.tha_key as tha1_21_6_,
        topglarche10_.version as version21_6_,
        topglarche10_.namecvbnmasdf as namecvbn3_21_6_,
        topglarche10_.next_ as next4_21_6_,
        topglarche10_.order_ as order5_21_6_,
        topglarche10_.foo as foo21_6_,
        topglarche10_.bar as bar21_6_,
        topglarche10_.x as x21_6_,
        topglarche10_.immutable as immutable21_6_,
        topglarche10_."any_id_of_object" as any10_21_6_,
        topglarche10_."any_class_of_object" as any11_21_6_,
        topglarche10_.count_ as count12_21_6_,
        topglarche10_.glarch_ as glarch13_21_6_,
        baz11_.baz_id_column_ as baz1_28_7_,
        baz11_.count_count as count2_28_7_,
        baz11_.name_b as name3_28_7_,
        baz11_.foo as foo28_7_,
        baz11_.superBaz as superBaz28_7_,
        baz11_."str" as str6_28_7_,
        foo2_."foo_idcolumnname123" as foo1_20_8_,
        foo2_.version as version20_8_,
        foo2_.foo as foo20_8_,
        foo2_.long_ as long5_20_8_,
        foo2_."integer__" as integer6_20_8_,
        foo2_.float_ as float7_20_8_,
        foo2_.x as x20_8_,
        foo2_.double_ as double9_20_8_,
        foo2_.date_ as date10_20_8_,
        foo2_.timestamp_ as timestamp11_20_8_,
        foo2_.boolean_ as boolean12_20_8_,
        foo2_.bool_ as bool13_20_8_,
        foo2_.null_ as null14_20_8_,
        foo2_.short_ as short15_20_8_,
        foo2_.char_ as char16_20_8_,
        foo2_.zero_ as zero17_20_8_,
        foo2_.int_ as int18_20_8_,
        foo2_.string_ as string19_20_8_,
        foo2_.byte_ as byte20_20_8_,
        foo2_.yesno as yesno20_8_,
        foo2_.blobb_ as blobb22_20_8_,
        foo2_.nullBlob as nullBlob20_8_,
        foo2_.bin_ as bin24_20_8_,
        foo2_."localeayzabc123" as localea25_20_8_,
        foo2_.first_name as first26_20_8_,
        foo2_.surname as surname20_8_,
        foo2_.count_ as count28_20_8_,
        foo2_.name_ as name29_20_8_,
        foo2_.g__ as g30_20_8_,
        foo2_.cmpnt_null_ as cmpnt31_20_8_,
        foo2_.subname as subname20_8_,
        foo2_.fee_sub as fee33_20_8_,
        foo2_.null_cmpnt_ as null34_20_8_,
        foo2_1_.joinedProp as joinedProp49_8_,
        foo2_2_.dependent as dependent43_8_,
        foo2_.the_time as the35_20_8_,
        foo2_.baz as baz20_8_,
        foo2_.bar_string as bar37_20_8_,
        foo2_.bar_count as bar38_20_8_,
        foo2_.name as name20_8_,
        foo2_.clazz as clazz20_8_,
        foo2_.gen_id as gen41_20_8_,
        foo2_3_.name_name as name2_27_8_,
        foo2_.int_/2 as formula92_8_,
        foo2_."foo_subclass_1234" as foo2_20_8_,
        glarch1_.tha_key as tha1_21_9_,
        glarch1_.version as version21_9_,
        glarch1_.namecvbnmasdf as namecvbn3_21_9_,
        glarch1_.next_ as next4_21_9_,
        glarch1_.order_ as order5_21_9_,
        glarch1_.foo as foo21_9_,
        glarch1_.bar as bar21_9_,
        glarch1_.x as x21_9_,
        glarch1_.immutable as immutable21_9_,
        glarch1_."any_id_of_object" as any10_21_9_,
        glarch1_."any_class_of_object" as any11_21_9_,
        glarch1_.count_ as count12_21_9_,
        glarch1_.glarch_ as glarch13_21_9_ 
    from
        baz this_ 
    left outer join
        "foos" foo4_ 
            on this_.foo=foo4_."foo_idcolumnname123" 
    left outer join
        jointable foo4_1_ 
            on foo4_."foo_idcolumnname123"=foo4_1_.fooid 
    left outer join
        foo_dep_table foo4_2_ 
            on foo4_."foo_idcolumnname123"=foo4_2_.fooid 
    left outer join
        bar_join_table foo4_3_ 
            on foo4_."foo_idcolumnname123"=foo4_3_.bar_id 
    left outer join
        "glarchez" glarch5_ 
            on foo4_.g__=glarch5_.tha_key 
    left outer join
        "the fees" fee6_ 
            on foo4_2_.dependent=fee6_.id_ 
    left outer join
        "the fees" fee7_ 
            on fee6_.fee=fee7_.id_ 
    left outer join
        "the fees" fee8_ 
            on fee7_.anotherFee=fee8_.id_ 
    left outer join
        baz baz9_ 
            on foo4_.baz=baz9_.baz_id_column_ 
    left outer join
        "glarchez" topglarche10_ 
            on baz9_.baz_id_column_=topglarche10_.idtopglarch 
    left outer join
        baz baz11_ 
            on baz9_.superBaz=baz11_.baz_id_column_ 
    inner join
        "foos" foo2_ 
            on this_.baz_id_column_=foo2_.baz_id 
            and foo2_."foo_subclass_1234" in (
                'F',
            'B',
            'T') 
        left outer join
            jointable foo2_1_ 
                on foo2_."foo_idcolumnname123"=foo2_1_.fooid 
        left outer join
            foo_dep_table foo2_2_ 
                on foo2_."foo_idcolumnname123"=foo2_2_.fooid 
        left outer join
            bar_join_table foo2_3_ 
                on foo2_."foo_idcolumnname123"=foo2_3_.bar_id 
        inner join
            "glarchez" glarch1_ 
                on this_.baz_id_column_=glarch1_.idtopglarch 
        where
            glarch1_.x>? 
            and foo2_.null_ is null for update
                
14:16:41,728 DEBUG SQL:104 - 
    select
        this_.baz_id_column_ as baz1_28_11_,
        this_.count_count as count2_28_11_,
        this_.name_b as name3_28_11_,
        this_.foo as foo28_11_,
        this_.superBaz as superBaz28_11_,
        this_."str" as str6_28_11_,
        foo5_."foo_idcolumnname123" as foo1_20_0_,
        foo5_.version as version20_0_,
        foo5_.foo as foo20_0_,
        foo5_.long_ as long5_20_0_,
        foo5_."integer__" as integer6_20_0_,
        foo5_.float_ as float7_20_0_,
        foo5_.x as x20_0_,
        foo5_.double_ as double9_20_0_,
        foo5_.date_ as date10_20_0_,
        foo5_.timestamp_ as timestamp11_20_0_,
        foo5_.boolean_ as boolean12_20_0_,
        foo5_.bool_ as bool13_20_0_,
        foo5_.null_ as null14_20_0_,
        foo5_.short_ as short15_20_0_,
        foo5_.char_ as char16_20_0_,
        foo5_.zero_ as zero17_20_0_,
        foo5_.int_ as int18_20_0_,
        foo5_.string_ as string19_20_0_,
        foo5_.byte_ as byte20_20_0_,
        foo5_.yesno as yesno20_0_,
        foo5_.blobb_ as blobb22_20_0_,
        foo5_.nullBlob as nullBlob20_0_,
        foo5_.bin_ as bin24_20_0_,
        foo5_."localeayzabc123" as localea25_20_0_,
        foo5_.first_name as first26_20_0_,
        foo5_.surname as surname20_0_,
        foo5_.count_ as count28_20_0_,
        foo5_.name_ as name29_20_0_,
        foo5_.g__ as g30_20_0_,
        foo5_.cmpnt_null_ as cmpnt31_20_0_,
        foo5_.subname as subname20_0_,
        foo5_.fee_sub as fee33_20_0_,
        foo5_.null_cmpnt_ as null34_20_0_,
        foo5_1_.joinedProp as joinedProp49_0_,
        foo5_2_.dependent as dependent43_0_,
        foo5_.the_time as the35_20_0_,
        foo5_.baz as baz20_0_,
        foo5_.bar_string as bar37_20_0_,
        foo5_.bar_count as bar38_20_0_,
        foo5_.name as name20_0_,
        foo5_.clazz as clazz20_0_,
        foo5_.gen_id as gen41_20_0_,
        foo5_3_.name_name as name2_27_0_,
        foo5_.int_/2 as formula92_0_,
        foo5_."foo_subclass_1234" as foo2_20_0_,
        glarch6_.tha_key as tha1_21_1_,
        glarch6_.version as version21_1_,
        glarch6_.namecvbnmasdf as namecvbn3_21_1_,
        glarch6_.next_ as next4_21_1_,
        glarch6_.order_ as order5_21_1_,
        glarch6_.foo as foo21_1_,
        glarch6_.bar as bar21_1_,
        glarch6_.x as x21_1_,
        glarch6_.immutable as immutable21_1_,
        glarch6_."any_id_of_object" as any10_21_1_,
        glarch6_."any_class_of_object" as any11_21_1_,
        glarch6_.count_ as count12_21_1_,
        glarch6_.glarch_ as glarch13_21_1_,
        fee7_.id_ as id1_24_2_,
        fee7_.fi as fi24_2_,
        fee7_.fee as fee24_2_,
        fee7_.anotherFee as anotherFee24_2_,
        fee7_.qux as qux24_2_,
        fee7_.count_ as count6_24_2_,
        fee7_.name as name24_2_,
        fee7_.null_prop as null8_24_2_,
        fee8_.id_ as id1_24_3_,
        fee8_.fi as fi24_3_,
        fee8_.fee as fee24_3_,
        fee8_.anotherFee as anotherFee24_3_,
        fee8_.qux as qux24_3_,
        fee8_.count_ as count6_24_3_,
        fee8_.name as name24_3_,
        fee8_.null_prop as null8_24_3_,
        fee9_.id_ as id1_24_4_,
        fee9_.fi as fi24_4_,
        fee9_.fee as fee24_4_,
        fee9_.anotherFee as anotherFee24_4_,
        fee9_.qux as qux24_4_,
        fee9_.count_ as count6_24_4_,
        fee9_.name as name24_4_,
        fee9_.null_prop as null8_24_4_,
        baz10_.baz_id_column_ as baz1_28_5_,
        baz10_.count_count as count2_28_5_,
        baz10_.name_b as name3_28_5_,
        baz10_.foo as foo28_5_,
        baz10_.superBaz as superBaz28_5_,
        baz10_."str" as str6_28_5_,
        topglarche11_.idtopglarch as idtopgl16_28_13_,
        topglarche11_.tha_key as tha1_21_13_,
        topglarche11_.mapkey as mapkey13_,
        topglarche11_.tha_key as tha1_21_6_,
        topglarche11_.version as version21_6_,
        topglarche11_.namecvbnmasdf as namecvbn3_21_6_,
        topglarche11_.next_ as next4_21_6_,
        topglarche11_.order_ as order5_21_6_,
        topglarche11_.foo as foo21_6_,
        topglarche11_.bar as bar21_6_,
        topglarche11_.x as x21_6_,
        topglarche11_.immutable as immutable21_6_,
        topglarche11_."any_id_of_object" as any10_21_6_,
        topglarche11_."any_class_of_object" as any11_21_6_,
        topglarche11_.count_ as count12_21_6_,
        topglarche11_.glarch_ as glarch13_21_6_,
        baz12_.baz_id_column_ as baz1_28_7_,
        baz12_.count_count as count2_28_7_,
        baz12_.name_b as name3_28_7_,
        baz12_.foo as foo28_7_,
        baz12_.superBaz as superBaz28_7_,
        baz12_."str" as str6_28_7_,
        foo1_."foo_idcolumnname123" as foo1_20_8_,
        foo1_.version as version20_8_,
        foo1_.foo as foo20_8_,
        foo1_.long_ as long5_20_8_,
        foo1_."integer__" as integer6_20_8_,
        foo1_.float_ as float7_20_8_,
        foo1_.x as x20_8_,
        foo1_.double_ as double9_20_8_,
        foo1_.date_ as date10_20_8_,
        foo1_.timestamp_ as timestamp11_20_8_,
        foo1_.boolean_ as boolean12_20_8_,
        foo1_.bool_ as bool13_20_8_,
        foo1_.null_ as null14_20_8_,
        foo1_.short_ as short15_20_8_,
        foo1_.char_ as char16_20_8_,
        foo1_.zero_ as zero17_20_8_,
        foo1_.int_ as int18_20_8_,
        foo1_.string_ as string19_20_8_,
        foo1_.byte_ as byte20_20_8_,
        foo1_.yesno as yesno20_8_,
        foo1_.blobb_ as blobb22_20_8_,
        foo1_.nullBlob as nullBlob20_8_,
        foo1_.bin_ as bin24_20_8_,
        foo1_."localeayzabc123" as localea25_20_8_,
        foo1_.first_name as first26_20_8_,
        foo1_.surname as surname20_8_,
        foo1_.count_ as count28_20_8_,
        foo1_.name_ as name29_20_8_,
        foo1_.g__ as g30_20_8_,
        foo1_.cmpnt_null_ as cmpnt31_20_8_,
        foo1_.subname as subname20_8_,
        foo1_.fee_sub as fee33_20_8_,
        foo1_.null_cmpnt_ as null34_20_8_,
        foo1_1_.joinedProp as joinedProp49_8_,
        foo1_2_.dependent as dependent43_8_,
        foo1_.the_time as the35_20_8_,
        foo1_.baz as baz20_8_,
        foo1_.bar_string as bar37_20_8_,
        foo1_.bar_count as bar38_20_8_,
        foo1_.name as name20_8_,
        foo1_.clazz as clazz20_8_,
        foo1_.gen_id as gen41_20_8_,
        foo1_3_.name_name as name2_27_8_,
        foo1_.int_/2 as formula92_8_,
        foo1_."foo_subclass_1234" as foo2_20_8_,
        foo2_."foo_idcolumnname123" as foo1_20_9_,
        foo2_.version as version20_9_,
        foo2_.foo as foo20_9_,
        foo2_.long_ as long5_20_9_,
        foo2_."integer__" as integer6_20_9_,
        foo2_.float_ as float7_20_9_,
        foo2_.x as x20_9_,
        foo2_.double_ as double9_20_9_,
        foo2_.date_ as date10_20_9_,
        foo2_.timestamp_ as timestamp11_20_9_,
        foo2_.boolean_ as boolean12_20_9_,
        foo2_.bool_ as bool13_20_9_,
        foo2_.null_ as null14_20_9_,
        foo2_.short_ as short15_20_9_,
        foo2_.char_ as char16_20_9_,
        foo2_.zero_ as zero17_20_9_,
        foo2_.int_ as int18_20_9_,
        foo2_.string_ as string19_20_9_,
        foo2_.byte_ as byte20_20_9_,
        foo2_.yesno as yesno20_9_,
        foo2_.blobb_ as blobb22_20_9_,
        foo2_.nullBlob as nullBlob20_9_,
        foo2_.bin_ as bin24_20_9_,
        foo2_."localeayzabc123" as localea25_20_9_,
        foo2_.first_name as first26_20_9_,
        foo2_.surname as surname20_9_,
        foo2_.count_ as count28_20_9_,
        foo2_.name_ as name29_20_9_,
        foo2_.g__ as g30_20_9_,
        foo2_.cmpnt_null_ as cmpnt31_20_9_,
        foo2_.subname as subname20_9_,
        foo2_.fee_sub as fee33_20_9_,
        foo2_.null_cmpnt_ as null34_20_9_,
        foo2_1_.joinedProp as joinedProp49_9_,
        foo2_2_.dependent as dependent43_9_,
        foo2_.the_time as the35_20_9_,
        foo2_.baz as baz20_9_,
        foo2_.bar_string as bar37_20_9_,
        foo2_.bar_count as bar38_20_9_,
        foo2_.name as name20_9_,
        foo2_.clazz as clazz20_9_,
        foo2_.gen_id as gen41_20_9_,
        foo2_3_.name_name as name2_27_9_,
        foo2_.int_/2 as formula92_9_,
        foo2_."foo_subclass_1234" as foo2_20_9_,
        glarch3_.tha_key as tha1_21_10_,
        glarch3_.version as version21_10_,
        glarch3_.namecvbnmasdf as namecvbn3_21_10_,
        glarch3_.next_ as next4_21_10_,
        glarch3_.order_ as order5_21_10_,
        glarch3_.foo as foo21_10_,
        glarch3_.bar as bar21_10_,
        glarch3_.x as x21_10_,
        glarch3_.immutable as immutable21_10_,
        glarch3_."any_id_of_object" as any10_21_10_,
        glarch3_."any_class_of_object" as any11_21_10_,
        glarch3_.count_ as count12_21_10_,
        glarch3_.glarch_ as glarch13_21_10_ 
    from
        baz this_ 
    left outer join
        "foos" foo5_ 
            on this_.foo=foo5_."foo_idcolumnname123" 
    left outer join
        jointable foo5_1_ 
            on foo5_."foo_idcolumnname123"=foo5_1_.fooid 
    left outer join
        foo_dep_table foo5_2_ 
            on foo5_."foo_idcolumnname123"=foo5_2_.fooid 
    left outer join
        bar_join_table foo5_3_ 
            on foo5_."foo_idcolumnname123"=foo5_3_.bar_id 
    left outer join
        "glarchez" glarch6_ 
            on foo5_.g__=glarch6_.tha_key 
    left outer join
        "the fees" fee7_ 
            on foo5_2_.dependent=fee7_.id_ 
    left outer join
        "the fees" fee8_ 
            on fee7_.fee=fee8_.id_ 
    left outer join
        "the fees" fee9_ 
            on fee8_.anotherFee=fee9_.id_ 
    left outer join
        baz baz10_ 
            on foo5_.baz=baz10_.baz_id_column_ 
    left outer join
        "glarchez" topglarche11_ 
            on baz10_.baz_id_column_=topglarche11_.idtopglarch 
    left outer join
        baz baz12_ 
            on baz10_.superBaz=baz12_.baz_id_column_ 
    inner join
        "foos" foo1_ 
            on this_.baz_id_column_=foo1_.baz_id 
            and foo1_."foo_subclass_1234" in (
                'F',
            'B',
            'T') 
        left outer join
            jointable foo1_1_ 
                on foo1_."foo_idcolumnname123"=foo1_1_.fooid 
        left outer join
            foo_dep_table foo1_2_ 
                on foo1_."foo_idcolumnname123"=foo1_2_.fooid 
        left outer join
            bar_join_table foo1_3_ 
                on foo1_."foo_idcolumnname123"=foo1_3_.bar_id 
        inner join
            "foos" foo2_ 
                on foo1_.foo=foo2_."foo_idcolumnname123" 
        left outer join
            jointable foo2_1_ 
                on foo2_."foo_idcolumnname123"=foo2_1_.fooid 
        left outer join
            foo_dep_table foo2_2_ 
                on foo2_."foo_idcolumnname123"=foo2_2_.fooid 
        left outer join
            bar_join_table foo2_3_ 
                on foo2_."foo_idcolumnname123"=foo2_3_.bar_id 
        inner join
            "glarchez" glarch3_ 
                on foo2_.g__=glarch3_.tha_key 
        where
            glarch3_.namecvbnmasdf=?
14:16:41,830 DEBUG SQL:104 - 
    select
        this_.baz_id_column_ as baz1_28_11_,
        this_.count_count as count2_28_11_,
        this_.name_b as name3_28_11_,
        this_.foo as foo28_11_,
        this_.superBaz as superBaz28_11_,
        this_."str" as str6_28_11_,
        foo5_."foo_idcolumnname123" as foo1_20_0_,
        foo5_.version as version20_0_,
        foo5_.foo as foo20_0_,
        foo5_.long_ as long5_20_0_,
        foo5_."integer__" as integer6_20_0_,
        foo5_.float_ as float7_20_0_,
        foo5_.x as x20_0_,
        foo5_.double_ as double9_20_0_,
        foo5_.date_ as date10_20_0_,
        foo5_.timestamp_ as timestamp11_20_0_,
        foo5_.boolean_ as boolean12_20_0_,
        foo5_.bool_ as bool13_20_0_,
        foo5_.null_ as null14_20_0_,
        foo5_.short_ as short15_20_0_,
        foo5_.char_ as char16_20_0_,
        foo5_.zero_ as zero17_20_0_,
        foo5_.int_ as int18_20_0_,
        foo5_.string_ as string19_20_0_,
        foo5_.byte_ as byte20_20_0_,
        foo5_.yesno as yesno20_0_,
        foo5_.blobb_ as blobb22_20_0_,
        foo5_.nullBlob as nullBlob20_0_,
        foo5_.bin_ as bin24_20_0_,
        foo5_."localeayzabc123" as localea25_20_0_,
        foo5_.first_name as first26_20_0_,
        foo5_.surname as surname20_0_,
        foo5_.count_ as count28_20_0_,
        foo5_.name_ as name29_20_0_,
        foo5_.g__ as g30_20_0_,
        foo5_.cmpnt_null_ as cmpnt31_20_0_,
        foo5_.subname as subname20_0_,
        foo5_.fee_sub as fee33_20_0_,
        foo5_.null_cmpnt_ as null34_20_0_,
        foo5_1_.joinedProp as joinedProp49_0_,
        foo5_2_.dependent as dependent43_0_,
        foo5_.the_time as the35_20_0_,
        foo5_.baz as baz20_0_,
        foo5_.bar_string as bar37_20_0_,
        foo5_.bar_count as bar38_20_0_,
        foo5_.name as name20_0_,
        foo5_.clazz as clazz20_0_,
        foo5_.gen_id as gen41_20_0_,
        foo5_3_.name_name as name2_27_0_,
        foo5_.int_/2 as formula92_0_,
        foo5_."foo_subclass_1234" as foo2_20_0_,
        glarch6_.tha_key as tha1_21_1_,
        glarch6_.version as version21_1_,
        glarch6_.namecvbnmasdf as namecvbn3_21_1_,
        glarch6_.next_ as next4_21_1_,
        glarch6_.order_ as order5_21_1_,
        glarch6_.foo as foo21_1_,
        glarch6_.bar as bar21_1_,
        glarch6_.x as x21_1_,
        glarch6_.immutable as immutable21_1_,
        glarch6_."any_id_of_object" as any10_21_1_,
        glarch6_."any_class_of_object" as any11_21_1_,
        glarch6_.count_ as count12_21_1_,
        glarch6_.glarch_ as glarch13_21_1_,
        fee7_.id_ as id1_24_2_,
        fee7_.fi as fi24_2_,
        fee7_.fee as fee24_2_,
        fee7_.anotherFee as anotherFee24_2_,
        fee7_.qux as qux24_2_,
        fee7_.count_ as count6_24_2_,
        fee7_.name as name24_2_,
        fee7_.null_prop as null8_24_2_,
        fee8_.id_ as id1_24_3_,
        fee8_.fi as fi24_3_,
        fee8_.fee as fee24_3_,
        fee8_.anotherFee as anotherFee24_3_,
        fee8_.qux as qux24_3_,
        fee8_.count_ as count6_24_3_,
        fee8_.name as name24_3_,
        fee8_.null_prop as null8_24_3_,
        fee9_.id_ as id1_24_4_,
        fee9_.fi as fi24_4_,
        fee9_.fee as fee24_4_,
        fee9_.anotherFee as anotherFee24_4_,
        fee9_.qux as qux24_4_,
        fee9_.count_ as count6_24_4_,
        fee9_.name as name24_4_,
        fee9_.null_prop as null8_24_4_,
        baz10_.baz_id_column_ as baz1_28_5_,
        baz10_.count_count as count2_28_5_,
        baz10_.name_b as name3_28_5_,
        baz10_.foo as foo28_5_,
        baz10_.superBaz as superBaz28_5_,
        baz10_."str" as str6_28_5_,
        topglarche11_.idtopglarch as idtopgl16_28_13_,
        topglarche11_.tha_key as tha1_21_13_,
        topglarche11_.mapkey as mapkey13_,
        topglarche11_.tha_key as tha1_21_6_,
        topglarche11_.version as version21_6_,
        topglarche11_.namecvbnmasdf as namecvbn3_21_6_,
        topglarche11_.next_ as next4_21_6_,
        topglarche11_.order_ as order5_21_6_,
        topglarche11_.foo as foo21_6_,
        topglarche11_.bar as bar21_6_,
        topglarche11_.x as x21_6_,
        topglarche11_.immutable as immutable21_6_,
        topglarche11_."any_id_of_object" as any10_21_6_,
        topglarche11_."any_class_of_object" as any11_21_6_,
        topglarche11_.count_ as count12_21_6_,
        topglarche11_.glarch_ as glarch13_21_6_,
        baz12_.baz_id_column_ as baz1_28_7_,
        baz12_.count_count as count2_28_7_,
        baz12_.name_b as name3_28_7_,
        baz12_.foo as foo28_7_,
        baz12_.superBaz as superBaz28_7_,
        baz12_."str" as str6_28_7_,
        foo1_."foo_idcolumnname123" as foo1_20_8_,
        foo1_.version as version20_8_,
        foo1_.foo as foo20_8_,
        foo1_.long_ as long5_20_8_,
        foo1_."integer__" as integer6_20_8_,
        foo1_.float_ as float7_20_8_,
        foo1_.x as x20_8_,
        foo1_.double_ as double9_20_8_,
        foo1_.date_ as date10_20_8_,
        foo1_.timestamp_ as timestamp11_20_8_,
        foo1_.boolean_ as boolean12_20_8_,
        foo1_.bool_ as bool13_20_8_,
        foo1_.null_ as null14_20_8_,
        foo1_.short_ as short15_20_8_,
        foo1_.char_ as char16_20_8_,
        foo1_.zero_ as zero17_20_8_,
        foo1_.int_ as int18_20_8_,
        foo1_.string_ as string19_20_8_,
        foo1_.byte_ as byte20_20_8_,
        foo1_.yesno as yesno20_8_,
        foo1_.blobb_ as blobb22_20_8_,
        foo1_.nullBlob as nullBlob20_8_,
        foo1_.bin_ as bin24_20_8_,
        foo1_."localeayzabc123" as localea25_20_8_,
        foo1_.first_name as first26_20_8_,
        foo1_.surname as surname20_8_,
        foo1_.count_ as count28_20_8_,
        foo1_.name_ as name29_20_8_,
        foo1_.g__ as g30_20_8_,
        foo1_.cmpnt_null_ as cmpnt31_20_8_,
        foo1_.subname as subname20_8_,
        foo1_.fee_sub as fee33_20_8_,
        foo1_.null_cmpnt_ as null34_20_8_,
        foo1_1_.joinedProp as joinedProp49_8_,
        foo1_2_.dependent as dependent43_8_,
        foo1_.the_time as the35_20_8_,
        foo1_.baz as baz20_8_,
        foo1_.bar_string as bar37_20_8_,
        foo1_.bar_count as bar38_20_8_,
        foo1_.name as name20_8_,
        foo1_.clazz as clazz20_8_,
        foo1_.gen_id as gen41_20_8_,
        foo1_3_.name_name as name2_27_8_,
        foo1_.int_/2 as formula92_8_,
        foo1_."foo_subclass_1234" as foo2_20_8_,
        foo2x2_."foo_idcolumnname123" as foo1_20_9_,
        foo2x2_.version as version20_9_,
        foo2x2_.foo as foo20_9_,
        foo2x2_.long_ as long5_20_9_,
        foo2x2_."integer__" as integer6_20_9_,
        foo2x2_.float_ as float7_20_9_,
        foo2x2_.x as x20_9_,
        foo2x2_.double_ as double9_20_9_,
        foo2x2_.date_ as date10_20_9_,
        foo2x2_.timestamp_ as timestamp11_20_9_,
        foo2x2_.boolean_ as boolean12_20_9_,
        foo2x2_.bool_ as bool13_20_9_,
        foo2x2_.null_ as null14_20_9_,
        foo2x2_.short_ as short15_20_9_,
        foo2x2_.char_ as char16_20_9_,
        foo2x2_.zero_ as zero17_20_9_,
        foo2x2_.int_ as int18_20_9_,
        foo2x2_.string_ as string19_20_9_,
        foo2x2_.byte_ as byte20_20_9_,
        foo2x2_.yesno as yesno20_9_,
        foo2x2_.blobb_ as blobb22_20_9_,
        foo2x2_.nullBlob as nullBlob20_9_,
        foo2x2_.bin_ as bin24_20_9_,
        foo2x2_."localeayzabc123" as localea25_20_9_,
        foo2x2_.first_name as first26_20_9_,
        foo2x2_.surname as surname20_9_,
        foo2x2_.count_ as count28_20_9_,
        foo2x2_.name_ as name29_20_9_,
        foo2x2_.g__ as g30_20_9_,
        foo2x2_.cmpnt_null_ as cmpnt31_20_9_,
        foo2x2_.subname as subname20_9_,
        foo2x2_.fee_sub as fee33_20_9_,
        foo2x2_.null_cmpnt_ as null34_20_9_,
        foo2x2_1_.joinedProp as joinedProp49_9_,
        foo2x2_2_.dependent as dependent43_9_,
        foo2x2_.the_time as the35_20_9_,
        foo2x2_.baz as baz20_9_,
        foo2x2_.bar_string as bar37_20_9_,
        foo2x2_.bar_count as bar38_20_9_,
        foo2x2_.name as name20_9_,
        foo2x2_.clazz as clazz20_9_,
        foo2x2_.gen_id as gen41_20_9_,
        foo2x2_3_.name_name as name2_27_9_,
        foo2x2_.int_/2 as formula92_9_,
        foo2x2_."foo_subclass_1234" as foo2_20_9_,
        glarch3_.tha_key as tha1_21_10_,
        glarch3_.version as version21_10_,
        glarch3_.namecvbnmasdf as namecvbn3_21_10_,
        glarch3_.next_ as next4_21_10_,
        glarch3_.order_ as order5_21_10_,
        glarch3_.foo as foo21_10_,
        glarch3_.bar as bar21_10_,
        glarch3_.x as x21_10_,
        glarch3_.immutable as immutable21_10_,
        glarch3_."any_id_of_object" as any10_21_10_,
        glarch3_."any_class_of_object" as any11_21_10_,
        glarch3_.count_ as count12_21_10_,
        glarch3_.glarch_ as glarch13_21_10_ 
    from
        baz this_ 
    left outer join
        "foos" foo5_ 
            on this_.foo=foo5_."foo_idcolumnname123" 
    left outer join
        jointable foo5_1_ 
            on foo5_."foo_idcolumnname123"=foo5_1_.fooid 
    left outer join
        foo_dep_table foo5_2_ 
            on foo5_."foo_idcolumnname123"=foo5_2_.fooid 
    left outer join
        bar_join_table foo5_3_ 
            on foo5_."foo_idcolumnname123"=foo5_3_.bar_id 
    left outer join
        "glarchez" glarch6_ 
            on foo5_.g__=glarch6_.tha_key 
    left outer join
        "the fees" fee7_ 
            on foo5_2_.dependent=fee7_.id_ 
    left outer join
        "the fees" fee8_ 
            on fee7_.fee=fee8_.id_ 
    left outer join
        "the fees" fee9_ 
            on fee8_.anotherFee=fee9_.id_ 
    left outer join
        baz baz10_ 
            on foo5_.baz=baz10_.baz_id_column_ 
    left outer join
        "glarchez" topglarche11_ 
            on baz10_.baz_id_column_=topglarche11_.idtopglarch 
    left outer join
        baz baz12_ 
            on baz10_.superBaz=baz12_.baz_id_column_ 
    inner join
        "foos" foo1_ 
            on this_.baz_id_column_=foo1_.baz_id 
            and foo1_."foo_subclass_1234" in (
                'F',
            'B',
            'T') 
        left outer join
            jointable foo1_1_ 
                on foo1_."foo_idcolumnname123"=foo1_1_.fooid 
        left outer join
            foo_dep_table foo1_2_ 
                on foo1_."foo_idcolumnname123"=foo1_2_.fooid 
        left outer join
            bar_join_table foo1_3_ 
                on foo1_."foo_idcolumnname123"=foo1_3_.bar_id 
        inner join
            "foos" foo2x2_ 
                on foo1_.foo=foo2x2_."foo_idcolumnname123" 
        left outer join
            jointable foo2x2_1_ 
                on foo2x2_."foo_idcolumnname123"=foo2x2_1_.fooid 
        left outer join
            foo_dep_table foo2x2_2_ 
                on foo2x2_."foo_idcolumnname123"=foo2x2_2_.fooid 
        left outer join
            bar_join_table foo2x2_3_ 
                on foo2x2_."foo_idcolumnname123"=foo2x2_3_.bar_id 
        inner join
            "glarchez" glarch3_ 
                on foo2x2_.g__=glarch3_.tha_key 
        where
            foo2x2_.g__ is null 
            and glarch3_.namecvbnmasdf=? for update
                
14:16:41,924 DEBUG SQL:104 - 
    select
        this_.baz_id_column_ as baz1_28_10_,
        this_.count_count as count2_28_10_,
        this_.name_b as name3_28_10_,
        this_.foo as foo28_10_,
        this_.superBaz as superBaz28_10_,
        this_."str" as str6_28_10_,
        foo4_."foo_idcolumnname123" as foo1_20_0_,
        foo4_.version as version20_0_,
        foo4_.foo as foo20_0_,
        foo4_.long_ as long5_20_0_,
        foo4_."integer__" as integer6_20_0_,
        foo4_.float_ as float7_20_0_,
        foo4_.x as x20_0_,
        foo4_.double_ as double9_20_0_,
        foo4_.date_ as date10_20_0_,
        foo4_.timestamp_ as timestamp11_20_0_,
        foo4_.boolean_ as boolean12_20_0_,
        foo4_.bool_ as bool13_20_0_,
        foo4_.null_ as null14_20_0_,
        foo4_.short_ as short15_20_0_,
        foo4_.char_ as char16_20_0_,
        foo4_.zero_ as zero17_20_0_,
        foo4_.int_ as int18_20_0_,
        foo4_.string_ as string19_20_0_,
        foo4_.byte_ as byte20_20_0_,
        foo4_.yesno as yesno20_0_,
        foo4_.blobb_ as blobb22_20_0_,
        foo4_.nullBlob as nullBlob20_0_,
        foo4_.bin_ as bin24_20_0_,
        foo4_."localeayzabc123" as localea25_20_0_,
        foo4_.first_name as first26_20_0_,
        foo4_.surname as surname20_0_,
        foo4_.count_ as count28_20_0_,
        foo4_.name_ as name29_20_0_,
        foo4_.g__ as g30_20_0_,
        foo4_.cmpnt_null_ as cmpnt31_20_0_,
        foo4_.subname as subname20_0_,
        foo4_.fee_sub as fee33_20_0_,
        foo4_.null_cmpnt_ as null34_20_0_,
        foo4_1_.joinedProp as joinedProp49_0_,
        foo4_2_.dependent as dependent43_0_,
        foo4_.the_time as the35_20_0_,
        foo4_.baz as baz20_0_,
        foo4_.bar_string as bar37_20_0_,
        foo4_.bar_count as bar38_20_0_,
        foo4_.name as name20_0_,
        foo4_.clazz as clazz20_0_,
        foo4_.gen_id as gen41_20_0_,
        foo4_3_.name_name as name2_27_0_,
        foo4_.int_/2 as formula92_0_,
        foo4_."foo_subclass_1234" as foo2_20_0_,
        glarch5_.tha_key as tha1_21_1_,
        glarch5_.version as version21_1_,
        glarch5_.namecvbnmasdf as namecvbn3_21_1_,
        glarch5_.next_ as next4_21_1_,
        glarch5_.order_ as order5_21_1_,
        glarch5_.foo as foo21_1_,
        glarch5_.bar as bar21_1_,
        glarch5_.x as x21_1_,
        glarch5_.immutable as immutable21_1_,
        glarch5_."any_id_of_object" as any10_21_1_,
        glarch5_."any_class_of_object" as any11_21_1_,
        glarch5_.count_ as count12_21_1_,
        glarch5_.glarch_ as glarch13_21_1_,
        fee6_.id_ as id1_24_2_,
        fee6_.fi as fi24_2_,
        fee6_.fee as fee24_2_,
        fee6_.anotherFee as anotherFee24_2_,
        fee6_.qux as qux24_2_,
        fee6_.count_ as count6_24_2_,
        fee6_.name as name24_2_,
        fee6_.null_prop as null8_24_2_,
        fee7_.id_ as id1_24_3_,
        fee7_.fi as fi24_3_,
        fee7_.fee as fee24_3_,
        fee7_.anotherFee as anotherFee24_3_,
        fee7_.qux as qux24_3_,
        fee7_.count_ as count6_24_3_,
        fee7_.name as name24_3_,
        fee7_.null_prop as null8_24_3_,
        fee8_.id_ as id1_24_4_,
        fee8_.fi as fi24_4_,
        fee8_.fee as fee24_4_,
        fee8_.anotherFee as anotherFee24_4_,
        fee8_.qux as qux24_4_,
        fee8_.count_ as count6_24_4_,
        fee8_.name as name24_4_,
        fee8_.null_prop as null8_24_4_,
        baz9_.baz_id_column_ as baz1_28_5_,
        baz9_.count_count as count2_28_5_,
        baz9_.name_b as name3_28_5_,
        baz9_.foo as foo28_5_,
        baz9_.superBaz as superBaz28_5_,
        baz9_."str" as str6_28_5_,
        topglarche10_.idtopglarch as idtopgl16_28_12_,
        topglarche10_.tha_key as tha1_21_12_,
        topglarche10_.mapkey as mapkey12_,
        topglarche10_.tha_key as tha1_21_6_,
        topglarche10_.version as version21_6_,
        topglarche10_.namecvbnmasdf as namecvbn3_21_6_,
        topglarche10_.next_ as next4_21_6_,
        topglarche10_.order_ as order5_21_6_,
        topglarche10_.foo as foo21_6_,
        topglarche10_.bar as bar21_6_,
        topglarche10_.x as x21_6_,
        topglarche10_.immutable as immutable21_6_,
        topglarche10_."any_id_of_object" as any10_21_6_,
        topglarche10_."any_class_of_object" as any11_21_6_,
        topglarche10_.count_ as count12_21_6_,
        topglarche10_.glarch_ as glarch13_21_6_,
        baz11_.baz_id_column_ as baz1_28_7_,
        baz11_.count_count as count2_28_7_,
        baz11_.name_b as name3_28_7_,
        baz11_.foo as foo28_7_,
        baz11_.superBaz as superBaz28_7_,
        baz11_."str" as str6_28_7_,
        foo2_."foo_idcolumnname123" as foo1_20_8_,
        foo2_.version as version20_8_,
        foo2_.foo as foo20_8_,
        foo2_.long_ as long5_20_8_,
        foo2_."integer__" as integer6_20_8_,
        foo2_.float_ as float7_20_8_,
        foo2_.x as x20_8_,
        foo2_.double_ as double9_20_8_,
        foo2_.date_ as date10_20_8_,
        foo2_.timestamp_ as timestamp11_20_8_,
        foo2_.boolean_ as boolean12_20_8_,
        foo2_.bool_ as bool13_20_8_,
        foo2_.null_ as null14_20_8_,
        foo2_.short_ as short15_20_8_,
        foo2_.char_ as char16_20_8_,
        foo2_.zero_ as zero17_20_8_,
        foo2_.int_ as int18_20_8_,
        foo2_.string_ as string19_20_8_,
        foo2_.byte_ as byte20_20_8_,
        foo2_.yesno as yesno20_8_,
        foo2_.blobb_ as blobb22_20_8_,
        foo2_.nullBlob as nullBlob20_8_,
        foo2_.bin_ as bin24_20_8_,
        foo2_."localeayzabc123" as localea25_20_8_,
        foo2_.first_name as first26_20_8_,
        foo2_.surname as surname20_8_,
        foo2_.count_ as count28_20_8_,
        foo2_.name_ as name29_20_8_,
        foo2_.g__ as g30_20_8_,
        foo2_.cmpnt_null_ as cmpnt31_20_8_,
        foo2_.subname as subname20_8_,
        foo2_.fee_sub as fee33_20_8_,
        foo2_.null_cmpnt_ as null34_20_8_,
        foo2_1_.joinedProp as joinedProp49_8_,
        foo2_2_.dependent as dependent43_8_,
        foo2_.the_time as the35_20_8_,
        foo2_.baz as baz20_8_,
        foo2_.bar_string as bar37_20_8_,
        foo2_.bar_count as bar38_20_8_,
        foo2_.name as name20_8_,
        foo2_.clazz as clazz20_8_,
        foo2_.gen_id as gen41_20_8_,
        foo2_3_.name_name as name2_27_8_,
        foo2_.int_/2 as formula92_8_,
        foo2_."foo_subclass_1234" as foo2_20_8_,
        glarch1_.tha_key as tha1_21_9_,
        glarch1_.version as version21_9_,
        glarch1_.namecvbnmasdf as namecvbn3_21_9_,
        glarch1_.next_ as next4_21_9_,
        glarch1_.order_ as order5_21_9_,
        glarch1_.foo as foo21_9_,
        glarch1_.bar as bar21_9_,
        glarch1_.x as x21_9_,
        glarch1_.immutable as immutable21_9_,
        glarch1_."any_id_of_object" as any10_21_9_,
        glarch1_."any_class_of_object" as any11_21_9_,
        glarch1_.count_ as count12_21_9_,
        glarch1_.glarch_ as glarch13_21_9_ 
    from
        baz this_ 
    left outer join
        "foos" foo4_ 
            on this_.foo=foo4_."foo_idcolumnname123" 
    left outer join
        jointable foo4_1_ 
            on foo4_."foo_idcolumnname123"=foo4_1_.fooid 
    left outer join
        foo_dep_table foo4_2_ 
            on foo4_."foo_idcolumnname123"=foo4_2_.fooid 
    left outer join
        bar_join_table foo4_3_ 
            on foo4_."foo_idcolumnname123"=foo4_3_.bar_id 
    left outer join
        "glarchez" glarch5_ 
            on foo4_.g__=glarch5_.tha_key 
    left outer join
        "the fees" fee6_ 
            on foo4_2_.dependent=fee6_.id_ 
    left outer join
        "the fees" fee7_ 
            on fee6_.fee=fee7_.id_ 
    left outer join
        "the fees" fee8_ 
            on fee7_.anotherFee=fee8_.id_ 
    left outer join
        baz baz9_ 
            on foo4_.baz=baz9_.baz_id_column_ 
    left outer join
        "glarchez" topglarche10_ 
            on baz9_.baz_id_column_=topglarche10_.idtopglarch 
    left outer join
        baz baz11_ 
            on baz9_.superBaz=baz11_.baz_id_column_ 
    inner join
        "foos" foo2_ 
            on this_.baz_id_column_=foo2_.baz_id 
            and foo2_."foo_subclass_1234" in (
                'F',
            'B',
            'T') 
        left outer join
            jointable foo2_1_ 
                on foo2_."foo_idcolumnname123"=foo2_1_.fooid 
        left outer join
            foo_dep_table foo2_2_ 
                on foo2_."foo_idcolumnname123"=foo2_2_.fooid 
        left outer join
            bar_join_table foo2_3_ 
                on foo2_."foo_idcolumnname123"=foo2_3_.bar_id 
        inner join
            "glarchez" glarch1_ 
                on this_.baz_id_column_=glarch1_.idtopglarch 
        where
            glarch1_.namecvbnmasdf is not null 
            and foo2_.null_ is null
14:16:42,020 DEBUG SQL:104 - 
    select
        bytes0_.id as id20_0_,
        bytes0_.byte_ as byte2_45_0_,
        bytes0_.i as i0_ 
    from
        foobytes bytes0_ 
    where
        bytes0_.id=?
14:16:42,021 DEBUG SQL:104 - 
    select
        importantd0_.foo_id as foo1_20_0_,
        importantd0_.date_ as date2_44_0_,
        importantd0_.i as i0_ 
    from
        foo_times importantd0_ 
    where
        importantd0_.foo_id=?
14:16:42,021 DEBUG SQL:104 - 
    select
        fee0_.id_ as id1_24_2_,
        fee0_.fi as fi24_2_,
        fee0_.fee as fee24_2_,
        fee0_.anotherFee as anotherFee24_2_,
        fee0_.qux as qux24_2_,
        fee0_.count_ as count6_24_2_,
        fee0_.name as name24_2_,
        fee0_.null_prop as null8_24_2_,
        fee1_.id_ as id1_24_0_,
        fee1_.fi as fi24_0_,
        fee1_.fee as fee24_0_,
        fee1_.anotherFee as anotherFee24_0_,
        fee1_.qux as qux24_0_,
        fee1_.count_ as count6_24_0_,
        fee1_.name as name24_0_,
        fee1_.null_prop as null8_24_0_,
        fee2_.id_ as id1_24_1_,
        fee2_.fi as fi24_1_,
        fee2_.fee as fee24_1_,
        fee2_.anotherFee as anotherFee24_1_,
        fee2_.qux as qux24_1_,
        fee2_.count_ as count6_24_1_,
        fee2_.name as name24_1_,
        fee2_.null_prop as null8_24_1_ 
    from
        "the fees" fee0_ 
    left outer join
        "the fees" fee1_ 
            on fee0_.fee=fee1_.id_ 
    left outer join
        "the fees" fee2_ 
            on fee1_.anotherFee=fee2_.id_ 
    where
        fee0_.id_=?
14:16:42,032 DEBUG SQL:104 - 
    select
        importantd0_.foo_id as foo1_20_0_,
        importantd0_.date_ as date2_42_0_,
        importantd0_.i as i0_ 
    from
        foo_dates importantd0_ 
    where
        importantd0_.foo_id=?
14:16:42,043 DEBUG SQL:104 - 
    select
        fee0_.id_ as id1_24_2_,
        fee0_.fi as fi24_2_,
        fee0_.fee as fee24_2_,
        fee0_.anotherFee as anotherFee24_2_,
        fee0_.qux as qux24_2_,
        fee0_.count_ as count6_24_2_,
        fee0_.name as name24_2_,
        fee0_.null_prop as null8_24_2_,
        fee1_.id_ as id1_24_0_,
        fee1_.fi as fi24_0_,
        fee1_.fee as fee24_0_,
        fee1_.anotherFee as anotherFee24_0_,
        fee1_.qux as qux24_0_,
        fee1_.count_ as count6_24_0_,
        fee1_.name as name24_0_,
        fee1_.null_prop as null8_24_0_,
        fee2_.id_ as id1_24_1_,
        fee2_.fi as fi24_1_,
        fee2_.fee as fee24_1_,
        fee2_.anotherFee as anotherFee24_1_,
        fee2_.qux as qux24_1_,
        fee2_.count_ as count6_24_1_,
        fee2_.name as name24_1_,
        fee2_.null_prop as null8_24_1_ 
    from
        "the fees" fee0_ 
    left outer join
        "the fees" fee1_ 
            on fee0_.fee=fee1_.id_ 
    left outer join
        "the fees" fee2_ 
            on fee1_.anotherFee=fee2_.id_ 
    where
        fee0_.id_=?
14:16:42,043 DEBUG SQL:104 - 
    select
        proxyarray0_.array_key as array20_21_1_,
        proxyarray0_.tha_key as tha1_21_1_,
        proxyarray0_.array_indecks as array21_1_,
        proxyarray0_.tha_key as tha1_21_0_,
        proxyarray0_.version as version21_0_,
        proxyarray0_.namecvbnmasdf as namecvbn3_21_0_,
        proxyarray0_.next_ as next4_21_0_,
        proxyarray0_.order_ as order5_21_0_,
        proxyarray0_.foo as foo21_0_,
        proxyarray0_.bar as bar21_0_,
        proxyarray0_.x as x21_0_,
        proxyarray0_.immutable as immutable21_0_,
        proxyarray0_."any_id_of_object" as any10_21_0_,
        proxyarray0_."any_class_of_object" as any11_21_0_,
        proxyarray0_.count_ as count12_21_0_,
        proxyarray0_.glarch_ as glarch13_21_0_ 
    from
        "glarchez" proxyarray0_ 
    where
        proxyarray0_.array_key=?
14:16:42,064 DEBUG SQL:104 - 
    select
        proxyarray0_.array_key as array20_21_1_,
        proxyarray0_.tha_key as tha1_21_1_,
        proxyarray0_.array_indecks as array21_1_,
        proxyarray0_.tha_key as tha1_21_0_,
        proxyarray0_.version as version21_0_,
        proxyarray0_.namecvbnmasdf as namecvbn3_21_0_,
        proxyarray0_.next_ as next4_21_0_,
        proxyarray0_.order_ as order5_21_0_,
        proxyarray0_.foo as foo21_0_,
        proxyarray0_.bar as bar21_0_,
        proxyarray0_.x as x21_0_,
        proxyarray0_.immutable as immutable21_0_,
        proxyarray0_."any_id_of_object" as any10_21_0_,
        proxyarray0_."any_class_of_object" as any11_21_0_,
        proxyarray0_.count_ as count12_21_0_,
        proxyarray0_.glarch_ as glarch13_21_0_ 
    from
        "glarchez" proxyarray0_ 
    where
        proxyarray0_.array_key=?
14:16:42,074 DEBUG SQL:104 - 
    select
        intarray0_.id as id28_0_,
        intarray0_.j as j48_0_,
        intarray0_.i as i0_ 
    from
        int_array intarray0_ 
    where
        intarray0_.id=?
14:16:42,074 DEBUG SQL:104 - 
    select
        components0_.baz_id as baz1_28_0_,
        components0_.name as name33_0_,
        components0_.count_ as count3_33_0_,
        components0_.x_ as x4_33_0_,
        components0_.y_ as y5_33_0_,
        components0_.i as i0_ 
    from
        bazcomponents components0_ 
    where
        components0_.baz_id=?
14:16:42,084 DEBUG SQL:104 - 
    select
        timearray0_.baz_id as baz1_28_0_,
        timearray0_.the_time as the2_63_0_,
        timearray0_.j as j0_ 
    from
        timeArray timearray0_ 
    where
        timearray0_.baz_id=?
14:16:42,084 DEBUG SQL:104 - 
    select
        fooarray0_.id_ as id1_28_0_,
        fooarray0_.foo as foo5_0_,
        fooarray0_.i as i0_ 
    from
        FOO_ARRAY fooarray0_ 
    where
        (
            fooarray0_.i<8
        )  
        and fooarray0_.id_=?
14:16:42,084 DEBUG SQL:104 - 
    select
        stringarra0_.id_ as id1_28_0_,
        stringarra0_.name as name56_0_,
        stringarra0_.i as i0_ 
    from
        stringArray stringarra0_ 
    where
        stringarra0_.id_=?
14:16:42,102 DEBUG SQL:104 - 
    select
        bytes0_.id as id20_0_,
        bytes0_.byte_ as byte2_45_0_,
        bytes0_.i as i0_ 
    from
        foobytes bytes0_ 
    where
        bytes0_.id=?
14:16:42,102 DEBUG SQL:104 - 
    select
        importantd0_.foo_id as foo1_20_0_,
        importantd0_.date_ as date2_44_0_,
        importantd0_.i as i0_ 
    from
        foo_times importantd0_ 
    where
        importantd0_.foo_id=?
14:16:42,103 DEBUG SQL:104 - 
    select
        fee0_.id_ as id1_24_2_,
        fee0_.fi as fi24_2_,
        fee0_.fee as fee24_2_,
        fee0_.anotherFee as anotherFee24_2_,
        fee0_.qux as qux24_2_,
        fee0_.count_ as count6_24_2_,
        fee0_.name as name24_2_,
        fee0_.null_prop as null8_24_2_,
        fee1_.id_ as id1_24_0_,
        fee1_.fi as fi24_0_,
        fee1_.fee as fee24_0_,
        fee1_.anotherFee as anotherFee24_0_,
        fee1_.qux as qux24_0_,
        fee1_.count_ as count6_24_0_,
        fee1_.name as name24_0_,
        fee1_.null_prop as null8_24_0_,
        fee2_.id_ as id1_24_1_,
        fee2_.fi as fi24_1_,
        fee2_.fee as fee24_1_,
        fee2_.anotherFee as anotherFee24_1_,
        fee2_.qux as qux24_1_,
        fee2_.count_ as count6_24_1_,
        fee2_.name as name24_1_,
        fee2_.null_prop as null8_24_1_ 
    from
        "the fees" fee0_ 
    left outer join
        "the fees" fee1_ 
            on fee0_.fee=fee1_.id_ 
    left outer join
        "the fees" fee2_ 
            on fee1_.anotherFee=fee2_.id_ 
    where
        fee0_.id_=?
14:16:42,104 DEBUG SQL:104 - 
    select
        importantd0_.foo_id as foo1_20_0_,
        importantd0_.date_ as date2_42_0_,
        importantd0_.i as i0_ 
    from
        foo_dates importantd0_ 
    where
        importantd0_.foo_id=?
14:16:42,114 DEBUG SQL:104 - 
    select
        fee0_.id_ as id1_24_2_,
        fee0_.fi as fi24_2_,
        fee0_.fee as fee24_2_,
        fee0_.anotherFee as anotherFee24_2_,
        fee0_.qux as qux24_2_,
        fee0_.count_ as count6_24_2_,
        fee0_.name as name24_2_,
        fee0_.null_prop as null8_24_2_,
        fee1_.id_ as id1_24_0_,
        fee1_.fi as fi24_0_,
        fee1_.fee as fee24_0_,
        fee1_.anotherFee as anotherFee24_0_,
        fee1_.qux as qux24_0_,
        fee1_.count_ as count6_24_0_,
        fee1_.name as name24_0_,
        fee1_.null_prop as null8_24_0_,
        fee2_.id_ as id1_24_1_,
        fee2_.fi as fi24_1_,
        fee2_.fee as fee24_1_,
        fee2_.anotherFee as anotherFee24_1_,
        fee2_.qux as qux24_1_,
        fee2_.count_ as count6_24_1_,
        fee2_.name as name24_1_,
        fee2_.null_prop as null8_24_1_ 
    from
        "the fees" fee0_ 
    left outer join
        "the fees" fee1_ 
            on fee0_.fee=fee1_.id_ 
    left outer join
        "the fees" fee2_ 
            on fee1_.anotherFee=fee2_.id_ 
    where
        fee0_.id_=?
14:16:42,125 DEBUG SQL:104 - 
    select
        fees0_.fee_id as fee1_24_0_,
        fees0_.str_ as str2_18_0_ 
    from
        "fees" fees0_ 
    where
        fees0_.fee_id=?
14:16:42,125 DEBUG SQL:104 - 
    select
        fees0_.fee_id as fee1_24_0_,
        fees0_.str_ as str2_18_0_ 
    from
        "fees" fees0_ 
    where
        fees0_.fee_id=?
14:16:42,125 DEBUG SQL:104 - 
    select
        floats0_.baz_compon_id as baz1_28_0_,
        floats0_.float_value as float2_30_0_ 
    from
        baz_floats_bag floats0_ 
    where
        floats0_.baz_compon_id=?
14:16:42,135 DEBUG SQL:104 - 
    select
        foos0_.baz_compon_id as baz46_28_8_,
        foos0_."foo_idcolumnname123" as foo1_20_8_,
        foos0_."foo_idcolumnname123" as foo1_20_7_,
        foos0_.version as version20_7_,
        foos0_.foo as foo20_7_,
        foos0_.long_ as long5_20_7_,
        foos0_."integer__" as integer6_20_7_,
        foos0_.float_ as float7_20_7_,
        foos0_.x as x20_7_,
        foos0_.double_ as double9_20_7_,
        foos0_.date_ as date10_20_7_,
        foos0_.timestamp_ as timestamp11_20_7_,
        foos0_.boolean_ as boolean12_20_7_,
        foos0_.bool_ as bool13_20_7_,
        foos0_.null_ as null14_20_7_,
        foos0_.short_ as short15_20_7_,
        foos0_.char_ as char16_20_7_,
        foos0_.zero_ as zero17_20_7_,
        foos0_.int_ as int18_20_7_,
        foos0_.string_ as string19_20_7_,
        foos0_.byte_ as byte20_20_7_,
        foos0_.yesno as yesno20_7_,
        foos0_.blobb_ as blobb22_20_7_,
        foos0_.nullBlob as nullBlob20_7_,
        foos0_.bin_ as bin24_20_7_,
        foos0_."localeayzabc123" as localea25_20_7_,
        foos0_.first_name as first26_20_7_,
        foos0_.surname as surname20_7_,
        foos0_.count_ as count28_20_7_,
        foos0_.name_ as name29_20_7_,
        foos0_.g__ as g30_20_7_,
        foos0_.cmpnt_null_ as cmpnt31_20_7_,
        foos0_.subname as subname20_7_,
        foos0_.fee_sub as fee33_20_7_,
        foos0_.null_cmpnt_ as null34_20_7_,
        foos0_1_.joinedProp as joinedProp49_7_,
        foos0_2_.dependent as dependent43_7_,
        foos0_.the_time as the35_20_7_,
        foos0_.baz as baz20_7_,
        foos0_.bar_string as bar37_20_7_,
        foos0_.bar_count as bar38_20_7_,
        foos0_.name as name20_7_,
        foos0_.clazz as clazz20_7_,
        foos0_.gen_id as gen41_20_7_,
        foos0_3_.name_name as name2_27_7_,
        foos0_.int_/2 as formula92_7_,
        foos0_."foo_subclass_1234" as foo2_20_7_,
        glarch1_.tha_key as tha1_21_0_,
        glarch1_.version as version21_0_,
        glarch1_.namecvbnmasdf as namecvbn3_21_0_,
        glarch1_.next_ as next4_21_0_,
        glarch1_.order_ as order5_21_0_,
        glarch1_.foo as foo21_0_,
        glarch1_.bar as bar21_0_,
        glarch1_.x as x21_0_,
        glarch1_.immutable as immutable21_0_,
        glarch1_."any_id_of_object" as any10_21_0_,
        glarch1_."any_class_of_object" as any11_21_0_,
        glarch1_.count_ as count12_21_0_,
        glarch1_.glarch_ as glarch13_21_0_,
        fee2_.id_ as id1_24_1_,
        fee2_.fi as fi24_1_,
        fee2_.fee as fee24_1_,
        fee2_.anotherFee as anotherFee24_1_,
        fee2_.qux as qux24_1_,
        fee2_.count_ as count6_24_1_,
        fee2_.name as name24_1_,
        fee2_.null_prop as null8_24_1_,
        fee3_.id_ as id1_24_2_,
        fee3_.fi as fi24_2_,
        fee3_.fee as fee24_2_,
        fee3_.anotherFee as anotherFee24_2_,
        fee3_.qux as qux24_2_,
        fee3_.count_ as count6_24_2_,
        fee3_.name as name24_2_,
        fee3_.null_prop as null8_24_2_,
        fee4_.id_ as id1_24_3_,
        fee4_.fi as fi24_3_,
        fee4_.fee as fee24_3_,
        fee4_.anotherFee as anotherFee24_3_,
        fee4_.qux as qux24_3_,
        fee4_.count_ as count6_24_3_,
        fee4_.name as name24_3_,
        fee4_.null_prop as null8_24_3_,
        baz5_.baz_id_column_ as baz1_28_4_,
        baz5_.count_count as count2_28_4_,
        baz5_.name_b as name3_28_4_,
        baz5_.foo as foo28_4_,
        baz5_.superBaz as superBaz28_4_,
        baz5_."str" as str6_28_4_,
        foo6_."foo_idcolumnname123" as foo1_20_5_,
        foo6_.version as version20_5_,
        foo6_.foo as foo20_5_,
        foo6_.long_ as long5_20_5_,
        foo6_."integer__" as integer6_20_5_,
        foo6_.float_ as float7_20_5_,
        foo6_.x as x20_5_,
        foo6_.double_ as double9_20_5_,
        foo6_.date_ as date10_20_5_,
        foo6_.timestamp_ as timestamp11_20_5_,
        foo6_.boolean_ as boolean12_20_5_,
        foo6_.bool_ as bool13_20_5_,
        foo6_.null_ as null14_20_5_,
        foo6_.short_ as short15_20_5_,
        foo6_.char_ as char16_20_5_,
        foo6_.zero_ as zero17_20_5_,
        foo6_.int_ as int18_20_5_,
        foo6_.string_ as string19_20_5_,
        foo6_.byte_ as byte20_20_5_,
        foo6_.yesno as yesno20_5_,
        foo6_.blobb_ as blobb22_20_5_,
        foo6_.nullBlob as nullBlob20_5_,
        foo6_.bin_ as bin24_20_5_,
        foo6_."localeayzabc123" as localea25_20_5_,
        foo6_.first_name as first26_20_5_,
        foo6_.surname as surname20_5_,
        foo6_.count_ as count28_20_5_,
        foo6_.name_ as name29_20_5_,
        foo6_.g__ as g30_20_5_,
        foo6_.cmpnt_null_ as cmpnt31_20_5_,
        foo6_.subname as subname20_5_,
        foo6_.fee_sub as fee33_20_5_,
        foo6_.null_cmpnt_ as null34_20_5_,
        foo6_1_.joinedProp as joinedProp49_5_,
        foo6_2_.dependent as dependent43_5_,
        foo6_.the_time as the35_20_5_,
        foo6_.baz as baz20_5_,
        foo6_.bar_string as bar37_20_5_,
        foo6_.bar_count as bar38_20_5_,
        foo6_.name as name20_5_,
        foo6_.clazz as clazz20_5_,
        foo6_.gen_id as gen41_20_5_,
        foo6_3_.name_name as name2_27_5_,
        foo6_.int_/2 as formula92_5_,
        foo6_."foo_subclass_1234" as foo2_20_5_,
        baz7_.baz_id_column_ as baz1_28_6_,
        baz7_.count_count as count2_28_6_,
        baz7_.name_b as name3_28_6_,
        baz7_.foo as foo28_6_,
        baz7_.superBaz as superBaz28_6_,
        baz7_."str" as str6_28_6_ 
    from
        "foos" foos0_ 
    inner join
        jointable foos0_1_ 
            on foos0_."foo_idcolumnname123"=foos0_1_.fooid 
    inner join
        foo_dep_table foos0_2_ 
            on foos0_."foo_idcolumnname123"=foos0_2_.fooid 
    left outer join
        bar_join_table foos0_3_ 
            on foos0_."foo_idcolumnname123"=foos0_3_.bar_id 
    left outer join
        "glarchez" glarch1_ 
            on foos0_.g__=glarch1_.tha_key 
    inner join
        "the fees" fee2_ 
            on foos0_2_.dependent=fee2_.id_ 
    left outer join
        "the fees" fee3_ 
            on fee2_.fee=fee3_.id_ 
    left outer join
        "the fees" fee4_ 
            on fee3_.anotherFee=fee4_.id_ 
    left outer join
        baz baz5_ 
            on foos0_.baz=baz5_.baz_id_column_ 
    left outer join
        "foos" foo6_ 
            on baz5_.foo=foo6_."foo_idcolumnname123" 
    left outer join
        jointable foo6_1_ 
            on foo6_."foo_idcolumnname123"=foo6_1_.fooid 
    left outer join
        foo_dep_table foo6_2_ 
            on foo6_."foo_idcolumnname123"=foo6_2_.fooid 
    left outer join
        bar_join_table foo6_3_ 
            on foo6_."foo_idcolumnname123"=foo6_3_.bar_id 
    left outer join
        baz baz7_ 
            on baz5_.superBaz=baz7_.baz_id_column_ 
    where
        foos0_."foo_subclass_1234" in (
            'F', 'B', 'T'
        ) 
        and foos0_.baz_compon_id=?
14:16:42,201 DEBUG SQL:104 - 
    select
        subs0_.superBaz as superBaz28_7_,
        subs0_.baz_id_column_ as baz1_28_7_,
        subs0_.baz_id_column_ as baz1_28_6_,
        subs0_.count_count as count2_28_6_,
        subs0_.name_b as name3_28_6_,
        subs0_.foo as foo28_6_,
        subs0_.superBaz as superBaz28_6_,
        subs0_."str" as str6_28_6_,
        foo1_."foo_idcolumnname123" as foo1_20_0_,
        foo1_.version as version20_0_,
        foo1_.foo as foo20_0_,
        foo1_.long_ as long5_20_0_,
        foo1_."integer__" as integer6_20_0_,
        foo1_.float_ as float7_20_0_,
        foo1_.x as x20_0_,
        foo1_.double_ as double9_20_0_,
        foo1_.date_ as date10_20_0_,
        foo1_.timestamp_ as timestamp11_20_0_,
        foo1_.boolean_ as boolean12_20_0_,
        foo1_.bool_ as bool13_20_0_,
        foo1_.null_ as null14_20_0_,
        foo1_.short_ as short15_20_0_,
        foo1_.char_ as char16_20_0_,
        foo1_.zero_ as zero17_20_0_,
        foo1_.int_ as int18_20_0_,
        foo1_.string_ as string19_20_0_,
        foo1_.byte_ as byte20_20_0_,
        foo1_.yesno as yesno20_0_,
        foo1_.blobb_ as blobb22_20_0_,
        foo1_.nullBlob as nullBlob20_0_,
        foo1_.bin_ as bin24_20_0_,
        foo1_."localeayzabc123" as localea25_20_0_,
        foo1_.first_name as first26_20_0_,
        foo1_.surname as surname20_0_,
        foo1_.count_ as count28_20_0_,
        foo1_.name_ as name29_20_0_,
        foo1_.g__ as g30_20_0_,
        foo1_.cmpnt_null_ as cmpnt31_20_0_,
        foo1_.subname as subname20_0_,
        foo1_.fee_sub as fee33_20_0_,
        foo1_.null_cmpnt_ as null34_20_0_,
        foo1_1_.joinedProp as joinedProp49_0_,
        foo1_2_.dependent as dependent43_0_,
        foo1_.the_time as the35_20_0_,
        foo1_.baz as baz20_0_,
        foo1_.bar_string as bar37_20_0_,
        foo1_.bar_count as bar38_20_0_,
        foo1_.name as name20_0_,
        foo1_.clazz as clazz20_0_,
        foo1_.gen_id as gen41_20_0_,
        foo1_3_.name_name as name2_27_0_,
        foo1_.int_/2 as formula92_0_,
        foo1_."foo_subclass_1234" as foo2_20_0_,
        glarch2_.tha_key as tha1_21_1_,
        glarch2_.version as version21_1_,
        glarch2_.namecvbnmasdf as namecvbn3_21_1_,
        glarch2_.next_ as next4_21_1_,
        glarch2_.order_ as order5_21_1_,
        glarch2_.foo as foo21_1_,
        glarch2_.bar as bar21_1_,
        glarch2_.x as x21_1_,
        glarch2_.immutable as immutable21_1_,
        glarch2_."any_id_of_object" as any10_21_1_,
        glarch2_."any_class_of_object" as any11_21_1_,
        glarch2_.count_ as count12_21_1_,
        glarch2_.glarch_ as glarch13_21_1_,
        fee3_.id_ as id1_24_2_,
        fee3_.fi as fi24_2_,
        fee3_.fee as fee24_2_,
        fee3_.anotherFee as anotherFee24_2_,
        fee3_.qux as qux24_2_,
        fee3_.count_ as count6_24_2_,
        fee3_.name as name24_2_,
        fee3_.null_prop as null8_24_2_,
        fee4_.id_ as id1_24_3_,
        fee4_.fi as fi24_3_,
        fee4_.fee as fee24_3_,
        fee4_.anotherFee as anotherFee24_3_,
        fee4_.qux as qux24_3_,
        fee4_.count_ as count6_24_3_,
        fee4_.name as name24_3_,
        fee4_.null_prop as null8_24_3_,
        fee5_.id_ as id1_24_4_,
        fee5_.fi as fi24_4_,
        fee5_.fee as fee24_4_,
        fee5_.anotherFee as anotherFee24_4_,
        fee5_.qux as qux24_4_,
        fee5_.count_ as count6_24_4_,
        fee5_.name as name24_4_,
        fee5_.null_prop as null8_24_4_,
        baz6_.baz_id_column_ as baz1_28_5_,
        baz6_.count_count as count2_28_5_,
        baz6_.name_b as name3_28_5_,
        baz6_.foo as foo28_5_,
        baz6_.superBaz as superBaz28_5_,
        baz6_."str" as str6_28_5_ 
    from
        baz subs0_ 
    left outer join
        "foos" foo1_ 
            on subs0_.foo=foo1_."foo_idcolumnname123" 
    left outer join
        jointable foo1_1_ 
            on foo1_."foo_idcolumnname123"=foo1_1_.fooid 
    left outer join
        foo_dep_table foo1_2_ 
            on foo1_."foo_idcolumnname123"=foo1_2_.fooid 
    left outer join
        bar_join_table foo1_3_ 
            on foo1_."foo_idcolumnname123"=foo1_3_.bar_id 
    left outer join
        "glarchez" glarch2_ 
            on foo1_.g__=glarch2_.tha_key 
    left outer join
        "the fees" fee3_ 
            on foo1_2_.dependent=fee3_.id_ 
    left outer join
        "the fees" fee4_ 
            on fee3_.fee=fee4_.id_ 
    left outer join
        "the fees" fee5_ 
            on fee4_.anotherFee=fee5_.id_ 
    left outer join
        baz baz6_ 
            on foo1_.baz=baz6_.baz_id_column_ 
    where
        subs0_.superBaz=?
14:16:42,242 DEBUG SQL:104 - 
    select
        sortablez0_.baz as baz28_1_,
        sortablez0_.id as id14_1_,
        sortablez0_.id as id14_0_,
        sortablez0_.name as name14_0_ 
    from
        Sortable sortablez0_ 
    where
        sortablez0_.baz=?
14:16:42,242 DEBUG SQL:104 - 
    select
        stringglar0_.baz_map_id as baz18_28_1_,
        stringglar0_.tha_key as tha1_21_1_,
        stringglar0_.baz_map_index as baz19_1_,
        stringglar0_.tha_key as tha1_21_0_,
        stringglar0_.version as version21_0_,
        stringglar0_.namecvbnmasdf as namecvbn3_21_0_,
        stringglar0_.next_ as next4_21_0_,
        stringglar0_.order_ as order5_21_0_,
        stringglar0_.foo as foo21_0_,
        stringglar0_.bar as bar21_0_,
        stringglar0_.x as x21_0_,
        stringglar0_.immutable as immutable21_0_,
        stringglar0_."any_id_of_object" as any10_21_0_,
        stringglar0_."any_class_of_object" as any11_21_0_,
        stringglar0_.count_ as count12_21_0_,
        stringglar0_.glarch_ as glarch13_21_0_ 
    from
        "glarchez" stringglar0_ 
    where
        (
            stringglar0_.baz_map_index > 'a' 
            and stringglar0_.tha_key is not null
        )  
        and stringglar0_.baz_map_id=?
14:16:42,252 DEBUG SQL:104 - 
    select
        cachedmap0_.baz as baz28_0_,
        cachedmap0_.foo as foo34_0_,
        cachedmap0_.bar as bar34_0_,
        cachedmap0_.another_baz as another4_0_ 
    from
        cached_map cachedmap0_ 
    where
        cachedmap0_.baz=?
14:16:42,252 DEBUG SQL:104 - 
    select
        cached0_.baz as baz28_0_,
        cached0_.foo as foo35_0_,
        cached0_.bar as bar35_0_ 
    from
        cached_set cached0_ 
    where
        cached0_.baz=?
14:16:42,262 DEBUG SQL:104 - 
    select
        topglarche0_.idtopglarch as idtopgl16_28_1_,
        topglarche0_.tha_key as tha1_21_1_,
        topglarche0_.mapkey as mapkey1_,
        topglarche0_.tha_key as tha1_21_0_,
        topglarche0_.version as version21_0_,
        topglarche0_.namecvbnmasdf as namecvbn3_21_0_,
        topglarche0_.next_ as next4_21_0_,
        topglarche0_.order_ as order5_21_0_,
        topglarche0_.foo as foo21_0_,
        topglarche0_.bar as bar21_0_,
        topglarche0_.x as x21_0_,
        topglarche0_.immutable as immutable21_0_,
        topglarche0_."any_id_of_object" as any10_21_0_,
        topglarche0_."any_class_of_object" as any11_21_0_,
        topglarche0_.count_ as count12_21_0_,
        topglarche0_.glarch_ as glarch13_21_0_ 
    from
        "glarchez" topglarche0_ 
    where
        topglarche0_.idtopglarch=?
14:16:42,263 DEBUG SQL:104 - 
    select
        cascadingb0_.idofbaz as idofbaz28_8_,
        cascadingb0_."foo_idcolumnname123" as foo1_20_8_,
        cascadingb0_."foo_idcolumnname123" as foo1_20_7_,
        cascadingb0_.version as version20_7_,
        cascadingb0_.foo as foo20_7_,
        cascadingb0_.long_ as long5_20_7_,
        cascadingb0_."integer__" as integer6_20_7_,
        cascadingb0_.float_ as float7_20_7_,
        cascadingb0_.x as x20_7_,
        cascadingb0_.double_ as double9_20_7_,
        cascadingb0_.date_ as date10_20_7_,
        cascadingb0_.timestamp_ as timestamp11_20_7_,
        cascadingb0_.boolean_ as boolean12_20_7_,
        cascadingb0_.bool_ as bool13_20_7_,
        cascadingb0_.null_ as null14_20_7_,
        cascadingb0_.short_ as short15_20_7_,
        cascadingb0_.char_ as char16_20_7_,
        cascadingb0_.zero_ as zero17_20_7_,
        cascadingb0_.int_ as int18_20_7_,
        cascadingb0_.string_ as string19_20_7_,
        cascadingb0_.byte_ as byte20_20_7_,
        cascadingb0_.yesno as yesno20_7_,
        cascadingb0_.blobb_ as blobb22_20_7_,
        cascadingb0_.nullBlob as nullBlob20_7_,
        cascadingb0_.bin_ as bin24_20_7_,
        cascadingb0_."localeayzabc123" as localea25_20_7_,
        cascadingb0_.first_name as first26_20_7_,
        cascadingb0_.surname as surname20_7_,
        cascadingb0_.count_ as count28_20_7_,
        cascadingb0_.name_ as name29_20_7_,
        cascadingb0_.g__ as g30_20_7_,
        cascadingb0_.cmpnt_null_ as cmpnt31_20_7_,
        cascadingb0_.subname as subname20_7_,
        cascadingb0_.fee_sub as fee33_20_7_,
        cascadingb0_.null_cmpnt_ as null34_20_7_,
        cascadingb0_1_.joinedProp as joinedProp49_7_,
        cascadingb0_2_.dependent as dependent43_7_,
        cascadingb0_.the_time as the35_20_7_,
        cascadingb0_.baz as baz20_7_,
        cascadingb0_.bar_string as bar37_20_7_,
        cascadingb0_.bar_count as bar38_20_7_,
        cascadingb0_.name as name20_7_,
        cascadingb0_.clazz as clazz20_7_,
        cascadingb0_.gen_id as gen41_20_7_,
        cascadingb0_3_.name_name as name2_27_7_,
        cascadingb0_.int_/2 as formula92_7_,
        glarch1_.tha_key as tha1_21_0_,
        glarch1_.version as version21_0_,
        glarch1_.namecvbnmasdf as namecvbn3_21_0_,
        glarch1_.next_ as next4_21_0_,
        glarch1_.order_ as order5_21_0_,
        glarch1_.foo as foo21_0_,
        glarch1_.bar as bar21_0_,
        glarch1_.x as x21_0_,
        glarch1_.immutable as immutable21_0_,
        glarch1_."any_id_of_object" as any10_21_0_,
        glarch1_."any_class_of_object" as any11_21_0_,
        glarch1_.count_ as count12_21_0_,
        glarch1_.glarch_ as glarch13_21_0_,
        fee2_.id_ as id1_24_1_,
        fee2_.fi as fi24_1_,
        fee2_.fee as fee24_1_,
        fee2_.anotherFee as anotherFee24_1_,
        fee2_.qux as qux24_1_,
        fee2_.count_ as count6_24_1_,
        fee2_.name as name24_1_,
        fee2_.null_prop as null8_24_1_,
        fee3_.id_ as id1_24_2_,
        fee3_.fi as fi24_2_,
        fee3_.fee as fee24_2_,
        fee3_.anotherFee as anotherFee24_2_,
        fee3_.qux as qux24_2_,
        fee3_.count_ as count6_24_2_,
        fee3_.name as name24_2_,
        fee3_.null_prop as null8_24_2_,
        fee4_.id_ as id1_24_3_,
        fee4_.fi as fi24_3_,
        fee4_.fee as fee24_3_,
        fee4_.anotherFee as anotherFee24_3_,
        fee4_.qux as qux24_3_,
        fee4_.count_ as count6_24_3_,
        fee4_.name as name24_3_,
        fee4_.null_prop as null8_24_3_,
        baz5_.baz_id_column_ as baz1_28_4_,
        baz5_.count_count as count2_28_4_,
        baz5_.name_b as name3_28_4_,
        baz5_.foo as foo28_4_,
        baz5_.superBaz as superBaz28_4_,
        baz5_."str" as str6_28_4_,
        foo6_."foo_idcolumnname123" as foo1_20_5_,
        foo6_.version as version20_5_,
        foo6_.foo as foo20_5_,
        foo6_.long_ as long5_20_5_,
        foo6_."integer__" as integer6_20_5_,
        foo6_.float_ as float7_20_5_,
        foo6_.x as x20_5_,
        foo6_.double_ as double9_20_5_,
        foo6_.date_ as date10_20_5_,
        foo6_.timestamp_ as timestamp11_20_5_,
        foo6_.boolean_ as boolean12_20_5_,
        foo6_.bool_ as bool13_20_5_,
        foo6_.null_ as null14_20_5_,
        foo6_.short_ as short15_20_5_,
        foo6_.char_ as char16_20_5_,
        foo6_.zero_ as zero17_20_5_,
        foo6_.int_ as int18_20_5_,
        foo6_.string_ as string19_20_5_,
        foo6_.byte_ as byte20_20_5_,
        foo6_.yesno as yesno20_5_,
        foo6_.blobb_ as blobb22_20_5_,
        foo6_.nullBlob as nullBlob20_5_,
        foo6_.bin_ as bin24_20_5_,
        foo6_."localeayzabc123" as localea25_20_5_,
        foo6_.first_name as first26_20_5_,
        foo6_.surname as surname20_5_,
        foo6_.count_ as count28_20_5_,
        foo6_.name_ as name29_20_5_,
        foo6_.g__ as g30_20_5_,
        foo6_.cmpnt_null_ as cmpnt31_20_5_,
        foo6_.subname as subname20_5_,
        foo6_.fee_sub as fee33_20_5_,
        foo6_.null_cmpnt_ as null34_20_5_,
        foo6_1_.joinedProp as joinedProp49_5_,
        foo6_2_.dependent as dependent43_5_,
        foo6_.the_time as the35_20_5_,
        foo6_.baz as baz20_5_,
        foo6_.bar_string as bar37_20_5_,
        foo6_.bar_count as bar38_20_5_,
        foo6_.name as name20_5_,
        foo6_.clazz as clazz20_5_,
        foo6_.gen_id as gen41_20_5_,
        foo6_3_.name_name as name2_27_5_,
        foo6_.int_/2 as formula92_5_,
        foo6_."foo_subclass_1234" as foo2_20_5_,
        baz7_.baz_id_column_ as baz1_28_6_,
        baz7_.count_count as count2_28_6_,
        baz7_.name_b as name3_28_6_,
        baz7_.foo as foo28_6_,
        baz7_.superBaz as superBaz28_6_,
        baz7_."str" as str6_28_6_ 
    from
        "foos" cascadingb0_ 
    inner join
        jointable cascadingb0_1_ 
            on cascadingb0_."foo_idcolumnname123"=cascadingb0_1_.fooid 
    inner join
        foo_dep_table cascadingb0_2_ 
            on cascadingb0_."foo_idcolumnname123"=cascadingb0_2_.fooid 
    inner join
        bar_join_table cascadingb0_3_ 
            on cascadingb0_."foo_idcolumnname123"=cascadingb0_3_.bar_id 
    left outer join
        "glarchez" glarch1_ 
            on cascadingb0_.g__=glarch1_.tha_key 
    inner join
        "the fees" fee2_ 
            on cascadingb0_2_.dependent=fee2_.id_ 
    left outer join
        "the fees" fee3_ 
            on fee2_.fee=fee3_.id_ 
    left outer join
        "the fees" fee4_ 
            on fee3_.anotherFee=fee4_.id_ 
    left outer join
        baz baz5_ 
            on cascadingb0_.baz=baz5_.baz_id_column_ 
    left outer join
        "foos" foo6_ 
            on baz5_.foo=foo6_."foo_idcolumnname123" 
    left outer join
        jointable foo6_1_ 
            on foo6_."foo_idcolumnname123"=foo6_1_.fooid 
    left outer join
        foo_dep_table foo6_2_ 
            on foo6_."foo_idcolumnname123"=foo6_2_.fooid 
    left outer join
        bar_join_table foo6_3_ 
            on foo6_."foo_idcolumnname123"=foo6_3_.bar_id 
    left outer join
        baz baz7_ 
            on baz5_.superBaz=baz7_.baz_id_column_ 
    where
        cascadingb0_."foo_subclass_1234"='B' 
        and cascadingb0_.idofbaz=?
14:16:42,330 DEBUG SQL:104 - 
    select
        topfoos0_.idtopbar as idtopbar28_8_,
        topfoos0_."foo_idcolumnname123" as foo1_20_8_,
        topfoos0_."foo_idcolumnname123" as foo1_20_7_,
        topfoos0_.version as version20_7_,
        topfoos0_.foo as foo20_7_,
        topfoos0_.long_ as long5_20_7_,
        topfoos0_."integer__" as integer6_20_7_,
        topfoos0_.float_ as float7_20_7_,
        topfoos0_.x as x20_7_,
        topfoos0_.double_ as double9_20_7_,
        topfoos0_.date_ as date10_20_7_,
        topfoos0_.timestamp_ as timestamp11_20_7_,
        topfoos0_.boolean_ as boolean12_20_7_,
        topfoos0_.bool_ as bool13_20_7_,
        topfoos0_.null_ as null14_20_7_,
        topfoos0_.short_ as short15_20_7_,
        topfoos0_.char_ as char16_20_7_,
        topfoos0_.zero_ as zero17_20_7_,
        topfoos0_.int_ as int18_20_7_,
        topfoos0_.string_ as string19_20_7_,
        topfoos0_.byte_ as byte20_20_7_,
        topfoos0_.yesno as yesno20_7_,
        topfoos0_.blobb_ as blobb22_20_7_,
        topfoos0_.nullBlob as nullBlob20_7_,
        topfoos0_.bin_ as bin24_20_7_,
        topfoos0_."localeayzabc123" as localea25_20_7_,
        topfoos0_.first_name as first26_20_7_,
        topfoos0_.surname as surname20_7_,
        topfoos0_.count_ as count28_20_7_,
        topfoos0_.name_ as name29_20_7_,
        topfoos0_.g__ as g30_20_7_,
        topfoos0_.cmpnt_null_ as cmpnt31_20_7_,
        topfoos0_.subname as subname20_7_,
        topfoos0_.fee_sub as fee33_20_7_,
        topfoos0_.null_cmpnt_ as null34_20_7_,
        topfoos0_1_.joinedProp as joinedProp49_7_,
        topfoos0_2_.dependent as dependent43_7_,
        topfoos0_.the_time as the35_20_7_,
        topfoos0_.baz as baz20_7_,
        topfoos0_.bar_string as bar37_20_7_,
        topfoos0_.bar_count as bar38_20_7_,
        topfoos0_.name as name20_7_,
        topfoos0_.clazz as clazz20_7_,
        topfoos0_.gen_id as gen41_20_7_,
        topfoos0_3_.name_name as name2_27_7_,
        topfoos0_.int_/2 as formula92_7_,
        glarch1_.tha_key as tha1_21_0_,
        glarch1_.version as version21_0_,
        glarch1_.namecvbnmasdf as namecvbn3_21_0_,
        glarch1_.next_ as next4_21_0_,
        glarch1_.order_ as order5_21_0_,
        glarch1_.foo as foo21_0_,
        glarch1_.bar as bar21_0_,
        glarch1_.x as x21_0_,
        glarch1_.immutable as immutable21_0_,
        glarch1_."any_id_of_object" as any10_21_0_,
        glarch1_."any_class_of_object" as any11_21_0_,
        glarch1_.count_ as count12_21_0_,
        glarch1_.glarch_ as glarch13_21_0_,
        fee2_.id_ as id1_24_1_,
        fee2_.fi as fi24_1_,
        fee2_.fee as fee24_1_,
        fee2_.anotherFee as anotherFee24_1_,
        fee2_.qux as qux24_1_,
        fee2_.count_ as count6_24_1_,
        fee2_.name as name24_1_,
        fee2_.null_prop as null8_24_1_,
        fee3_.id_ as id1_24_2_,
        fee3_.fi as fi24_2_,
        fee3_.fee as fee24_2_,
        fee3_.anotherFee as anotherFee24_2_,
        fee3_.qux as qux24_2_,
        fee3_.count_ as count6_24_2_,
        fee3_.name as name24_2_,
        fee3_.null_prop as null8_24_2_,
        fee4_.id_ as id1_24_3_,
        fee4_.fi as fi24_3_,
        fee4_.fee as fee24_3_,
        fee4_.anotherFee as anotherFee24_3_,
        fee4_.qux as qux24_3_,
        fee4_.count_ as count6_24_3_,
        fee4_.name as name24_3_,
        fee4_.null_prop as null8_24_3_,
        baz5_.baz_id_column_ as baz1_28_4_,
        baz5_.count_count as count2_28_4_,
        baz5_.name_b as name3_28_4_,
        baz5_.foo as foo28_4_,
        baz5_.superBaz as superBaz28_4_,
        baz5_."str" as str6_28_4_,
        foo6_."foo_idcolumnname123" as foo1_20_5_,
        foo6_.version as version20_5_,
        foo6_.foo as foo20_5_,
        foo6_.long_ as long5_20_5_,
        foo6_."integer__" as integer6_20_5_,
        foo6_.float_ as float7_20_5_,
        foo6_.x as x20_5_,
        foo6_.double_ as double9_20_5_,
        foo6_.date_ as date10_20_5_,
        foo6_.timestamp_ as timestamp11_20_5_,
        foo6_.boolean_ as boolean12_20_5_,
        foo6_.bool_ as bool13_20_5_,
        foo6_.null_ as null14_20_5_,
        foo6_.short_ as short15_20_5_,
        foo6_.char_ as char16_20_5_,
        foo6_.zero_ as zero17_20_5_,
        foo6_.int_ as int18_20_5_,
        foo6_.string_ as string19_20_5_,
        foo6_.byte_ as byte20_20_5_,
        foo6_.yesno as yesno20_5_,
        foo6_.blobb_ as blobb22_20_5_,
        foo6_.nullBlob as nullBlob20_5_,
        foo6_.bin_ as bin24_20_5_,
        foo6_."localeayzabc123" as localea25_20_5_,
        foo6_.first_name as first26_20_5_,
        foo6_.surname as surname20_5_,
        foo6_.count_ as count28_20_5_,
        foo6_.name_ as name29_20_5_,
        foo6_.g__ as g30_20_5_,
        foo6_.cmpnt_null_ as cmpnt31_20_5_,
        foo6_.subname as subname20_5_,
        foo6_.fee_sub as fee33_20_5_,
        foo6_.null_cmpnt_ as null34_20_5_,
        foo6_1_.joinedProp as joinedProp49_5_,
        foo6_2_.dependent as dependent43_5_,
        foo6_.the_time as the35_20_5_,
        foo6_.baz as baz20_5_,
        foo6_.bar_string as bar37_20_5_,
        foo6_.bar_count as bar38_20_5_,
        foo6_.name as name20_5_,
        foo6_.clazz as clazz20_5_,
        foo6_.gen_id as gen41_20_5_,
        foo6_3_.name_name as name2_27_5_,
        foo6_.int_/2 as formula92_5_,
        foo6_."foo_subclass_1234" as foo2_20_5_,
        baz7_.baz_id_column_ as baz1_28_6_,
        baz7_.count_count as count2_28_6_,
        baz7_.name_b as name3_28_6_,
        baz7_.foo as foo28_6_,
        baz7_.superBaz as superBaz28_6_,
        baz7_."str" as str6_28_6_ 
    from
        "foos" topfoos0_ 
    inner join
        jointable topfoos0_1_ 
            on topfoos0_."foo_idcolumnname123"=topfoos0_1_.fooid 
    inner join
        foo_dep_table topfoos0_2_ 
            on topfoos0_."foo_idcolumnname123"=topfoos0_2_.fooid 
    inner join
        bar_join_table topfoos0_3_ 
            on topfoos0_."foo_idcolumnname123"=topfoos0_3_.bar_id 
    left outer join
        "glarchez" glarch1_ 
            on topfoos0_.g__=glarch1_.tha_key 
    inner join
        "the fees" fee2_ 
            on topfoos0_2_.dependent=fee2_.id_ 
    left outer join
        "the fees" fee3_ 
            on fee2_.fee=fee3_.id_ 
    left outer join
        "the fees" fee4_ 
            on fee3_.anotherFee=fee4_.id_ 
    left outer join
        baz baz5_ 
            on topfoos0_.baz=baz5_.baz_id_column_ 
    left outer join
        "foos" foo6_ 
            on baz5_.foo=foo6_."foo_idcolumnname123" 
    left outer join
        jointable foo6_1_ 
            on foo6_."foo_idcolumnname123"=foo6_1_.fooid 
    left outer join
        foo_dep_table foo6_2_ 
            on foo6_."foo_idcolumnname123"=foo6_2_.fooid 
    left outer join
        bar_join_table foo6_3_ 
            on foo6_."foo_idcolumnname123"=foo6_3_.bar_id 
    left outer join
        baz baz7_ 
            on baz5_.superBaz=baz7_.baz_id_column_ 
    where
        topfoos0_."foo_subclass_1234"='B' 
        and topfoos0_.idtopbar=?
14:16:42,398 DEBUG SQL:104 - 
    select
        topcompone0_.id_ as id1_28_0_,
        topcompone0_.name as name64_0_,
        topcompone0_.count_ as count3_64_0_,
        topcompone0_.i as i0_ 
    from
        topcomponents topcompone0_ 
    where
        topcompone0_.id_=?
14:16:42,399 DEBUG SQL:104 - 
    select
        customs0_.id_ as id1_28_0_,
        customs0_.first_ as first2_38_0_,
        customs0_.second_ as second3_38_0_,
        customs0_.indx as indx0_ 
    from
        customs customs0_ 
    where
        customs0_.id_=?
14:16:42,399 DEBUG SQL:104 - 
    select
        glarchtofo0_.gtf_baz_id as gtf14_28_1_,
        glarchtofo0_.tha_key as tha1_21_1_,
        glarchtofo0_.gtf_foo_id as gtf15_1_,
        glarchtofo0_.tha_key as tha1_21_0_,
        glarchtofo0_.version as version21_0_,
        glarchtofo0_.namecvbnmasdf as namecvbn3_21_0_,
        glarchtofo0_.next_ as next4_21_0_,
        glarchtofo0_.order_ as order5_21_0_,
        glarchtofo0_.foo as foo21_0_,
        glarchtofo0_.bar as bar21_0_,
        glarchtofo0_.x as x21_0_,
        glarchtofo0_.immutable as immutable21_0_,
        glarchtofo0_."any_id_of_object" as any10_21_0_,
        glarchtofo0_."any_class_of_object" as any11_21_0_,
        glarchtofo0_.count_ as count12_21_0_,
        glarchtofo0_.glarch_ as glarch13_21_0_ 
    from
        "glarchez" glarchtofo0_ 
    where
        glarchtofo0_.gtf_baz_id=?
14:16:42,400 DEBUG SQL:104 - 
    select
        foocompone0_.baz_id as baz1_28_8_,
        foocompone0_.foo_id as foo2_40_8_,
        foocompone0_.name as name8_,
        foocompone0_.count_ as count4_8_,
        foo1_."foo_idcolumnname123" as foo1_20_0_,
        foo1_.version as version20_0_,
        foo1_.foo as foo20_0_,
        foo1_.long_ as long5_20_0_,
        foo1_."integer__" as integer6_20_0_,
        foo1_.float_ as float7_20_0_,
        foo1_.x as x20_0_,
        foo1_.double_ as double9_20_0_,
        foo1_.date_ as date10_20_0_,
        foo1_.timestamp_ as timestamp11_20_0_,
        foo1_.boolean_ as boolean12_20_0_,
        foo1_.bool_ as bool13_20_0_,
        foo1_.null_ as null14_20_0_,
        foo1_.short_ as short15_20_0_,
        foo1_.char_ as char16_20_0_,
        foo1_.zero_ as zero17_20_0_,
        foo1_.int_ as int18_20_0_,
        foo1_.string_ as string19_20_0_,
        foo1_.byte_ as byte20_20_0_,
        foo1_.yesno as yesno20_0_,
        foo1_.blobb_ as blobb22_20_0_,
        foo1_.nullBlob as nullBlob20_0_,
        foo1_.bin_ as bin24_20_0_,
        foo1_."localeayzabc123" as localea25_20_0_,
        foo1_.first_name as first26_20_0_,
        foo1_.surname as surname20_0_,
        foo1_.count_ as count28_20_0_,
        foo1_.name_ as name29_20_0_,
        foo1_.g__ as g30_20_0_,
        foo1_.cmpnt_null_ as cmpnt31_20_0_,
        foo1_.subname as subname20_0_,
        foo1_.fee_sub as fee33_20_0_,
        foo1_.null_cmpnt_ as null34_20_0_,
        foo1_1_.joinedProp as joinedProp49_0_,
        foo1_2_.dependent as dependent43_0_,
        foo1_.the_time as the35_20_0_,
        foo1_.baz as baz20_0_,
        foo1_.bar_string as bar37_20_0_,
        foo1_.bar_count as bar38_20_0_,
        foo1_.name as name20_0_,
        foo1_.clazz as clazz20_0_,
        foo1_.gen_id as gen41_20_0_,
        foo1_3_.name_name as name2_27_0_,
        foo1_.int_/2 as formula92_0_,
        foo1_."foo_subclass_1234" as foo2_20_0_,
        glarch2_.tha_key as tha1_21_1_,
        glarch2_.version as version21_1_,
        glarch2_.namecvbnmasdf as namecvbn3_21_1_,
        glarch2_.next_ as next4_21_1_,
        glarch2_.order_ as order5_21_1_,
        glarch2_.foo as foo21_1_,
        glarch2_.bar as bar21_1_,
        glarch2_.x as x21_1_,
        glarch2_.immutable as immutable21_1_,
        glarch2_."any_id_of_object" as any10_21_1_,
        glarch2_."any_class_of_object" as any11_21_1_,
        glarch2_.count_ as count12_21_1_,
        glarch2_.glarch_ as glarch13_21_1_,
        fee3_.id_ as id1_24_2_,
        fee3_.fi as fi24_2_,
        fee3_.fee as fee24_2_,
        fee3_.anotherFee as anotherFee24_2_,
        fee3_.qux as qux24_2_,
        fee3_.count_ as count6_24_2_,
        fee3_.name as name24_2_,
        fee3_.null_prop as null8_24_2_,
        fee4_.id_ as id1_24_3_,
        fee4_.fi as fi24_3_,
        fee4_.fee as fee24_3_,
        fee4_.anotherFee as anotherFee24_3_,
        fee4_.qux as qux24_3_,
        fee4_.count_ as count6_24_3_,
        fee4_.name as name24_3_,
        fee4_.null_prop as null8_24_3_,
        fee5_.id_ as id1_24_4_,
        fee5_.fi as fi24_4_,
        fee5_.fee as fee24_4_,
        fee5_.anotherFee as anotherFee24_4_,
        fee5_.qux as qux24_4_,
        fee5_.count_ as count6_24_4_,
        fee5_.name as name24_4_,
        fee5_.null_prop as null8_24_4_,
        baz6_.baz_id_column_ as baz1_28_5_,
        baz6_.count_count as count2_28_5_,
        baz6_.name_b as name3_28_5_,
        baz6_.foo as foo28_5_,
        baz6_.superBaz as superBaz28_5_,
        baz6_."str" as str6_28_5_,
        foo7_."foo_idcolumnname123" as foo1_20_6_,
        foo7_.version as version20_6_,
        foo7_.foo as foo20_6_,
        foo7_.long_ as long5_20_6_,
        foo7_."integer__" as integer6_20_6_,
        foo7_.float_ as float7_20_6_,
        foo7_.x as x20_6_,
        foo7_.double_ as double9_20_6_,
        foo7_.date_ as date10_20_6_,
        foo7_.timestamp_ as timestamp11_20_6_,
        foo7_.boolean_ as boolean12_20_6_,
        foo7_.bool_ as bool13_20_6_,
        foo7_.null_ as null14_20_6_,
        foo7_.short_ as short15_20_6_,
        foo7_.char_ as char16_20_6_,
        foo7_.zero_ as zero17_20_6_,
        foo7_.int_ as int18_20_6_,
        foo7_.string_ as string19_20_6_,
        foo7_.byte_ as byte20_20_6_,
        foo7_.yesno as yesno20_6_,
        foo7_.blobb_ as blobb22_20_6_,
        foo7_.nullBlob as nullBlob20_6_,
        foo7_.bin_ as bin24_20_6_,
        foo7_."localeayzabc123" as localea25_20_6_,
        foo7_.first_name as first26_20_6_,
        foo7_.surname as surname20_6_,
        foo7_.count_ as count28_20_6_,
        foo7_.name_ as name29_20_6_,
        foo7_.g__ as g30_20_6_,
        foo7_.cmpnt_null_ as cmpnt31_20_6_,
        foo7_.subname as subname20_6_,
        foo7_.fee_sub as fee33_20_6_,
        foo7_.null_cmpnt_ as null34_20_6_,
        foo7_1_.joinedProp as joinedProp49_6_,
        foo7_2_.dependent as dependent43_6_,
        foo7_.the_time as the35_20_6_,
        foo7_.baz as baz20_6_,
        foo7_.bar_string as bar37_20_6_,
        foo7_.bar_count as bar38_20_6_,
        foo7_.name as name20_6_,
        foo7_.clazz as clazz20_6_,
        foo7_.gen_id as gen41_20_6_,
        foo7_3_.name_name as name2_27_6_,
        foo7_.int_/2 as formula92_6_,
        foo7_."foo_subclass_1234" as foo2_20_6_,
        baz8_.baz_id_column_ as baz1_28_7_,
        baz8_.count_count as count2_28_7_,
        baz8_.name_b as name3_28_7_,
        baz8_.foo as foo28_7_,
        baz8_.superBaz as superBaz28_7_,
        baz8_."str" as str6_28_7_ 
    from
        fooComponentToFoo foocompone0_ 
    inner join
        "foos" foo1_ 
            on foocompone0_.foo_id=foo1_."foo_idcolumnname123" 
    left outer join
        jointable foo1_1_ 
            on foo1_."foo_idcolumnname123"=foo1_1_.fooid 
    left outer join
        foo_dep_table foo1_2_ 
            on foo1_."foo_idcolumnname123"=foo1_2_.fooid 
    left outer join
        bar_join_table foo1_3_ 
            on foo1_."foo_idcolumnname123"=foo1_3_.bar_id 
    left outer join
        "glarchez" glarch2_ 
            on foo1_.g__=glarch2_.tha_key 
    inner join
        "the fees" fee3_ 
            on foo1_2_.dependent=fee3_.id_ 
    left outer join
        "the fees" fee4_ 
            on fee3_.fee=fee4_.id_ 
    left outer join
        "the fees" fee5_ 
            on fee4_.anotherFee=fee5_.id_ 
    left outer join
        baz baz6_ 
            on foo1_.baz=baz6_.baz_id_column_ 
    left outer join
        "foos" foo7_ 
            on baz6_.foo=foo7_."foo_idcolumnname123" 
    left outer join
        jointable foo7_1_ 
            on foo7_."foo_idcolumnname123"=foo7_1_.fooid 
    left outer join
        foo_dep_table foo7_2_ 
            on foo7_."foo_idcolumnname123"=foo7_2_.fooid 
    left outer join
        bar_join_table foo7_3_ 
            on foo7_."foo_idcolumnname123"=foo7_3_.bar_id 
    left outer join
        baz baz8_ 
            on baz6_.superBaz=baz8_.baz_id_column_ 
    where
        foocompone0_.baz_id=?
14:16:42,475 DEBUG SQL:104 - 
    select
        footoglarc0_.baz_id as baz1_28_1_,
        footoglarc0_.glarch_id as glarch2_41_1_,
        footoglarc0_.foo_id as foo3_1_,
        glarch1_.tha_key as tha1_21_0_,
        glarch1_.version as version21_0_,
        glarch1_.namecvbnmasdf as namecvbn3_21_0_,
        glarch1_.next_ as next4_21_0_,
        glarch1_.order_ as order5_21_0_,
        glarch1_.foo as foo21_0_,
        glarch1_.bar as bar21_0_,
        glarch1_.x as x21_0_,
        glarch1_.immutable as immutable21_0_,
        glarch1_."any_id_of_object" as any10_21_0_,
        glarch1_."any_class_of_object" as any11_21_0_,
        glarch1_.count_ as count12_21_0_,
        glarch1_.glarch_ as glarch13_21_0_ 
    from
        fooToGlarch footoglarc0_ 
    inner join
        "glarchez" glarch1_ 
            on footoglarc0_.glarch_id=glarch1_.tha_key 
    where
        footoglarc0_.baz_id=?
14:16:42,484 DEBUG SQL:104 - 
    select
        bag0_."baz_id_" as baz1_28_0_,
        bag0_."name_" as name2_17_0_ 
    from
        "bxaxg" bag0_ 
    where
        bag0_."baz_id_"=? 
    order by
        bag0_."name_"
14:16:42,485 DEBUG SQL:104 - 
    select
        stringlist0_.id as id28_0_,
        stringlist0_.element as element59_0_,
        stringlist0_."i" as i3_0_ 
    from
        string_list stringlist0_ 
    where
        stringlist0_.id=?
14:16:42,485 DEBUG SQL:104 - 
    select
        proxyset0_.set_key as set22_21_1_,
        proxyset0_.tha_key as tha1_21_1_,
        proxyset0_.tha_key as tha1_21_0_,
        proxyset0_.version as version21_0_,
        proxyset0_.namecvbnmasdf as namecvbn3_21_0_,
        proxyset0_.next_ as next4_21_0_,
        proxyset0_.order_ as order5_21_0_,
        proxyset0_.foo as foo21_0_,
        proxyset0_.bar as bar21_0_,
        proxyset0_.x as x21_0_,
        proxyset0_.immutable as immutable21_0_,
        proxyset0_."any_id_of_object" as any10_21_0_,
        proxyset0_."any_class_of_object" as any11_21_0_,
        proxyset0_.count_ as count12_21_0_,
        proxyset0_.glarch_ as glarch13_21_0_ 
    from
        "glarchez" proxyset0_ 
    where
        proxyset0_.set_key=?
14:16:42,495 DEBUG SQL:104 - 
    select
        proxyset0_.set_key as set22_21_1_,
        proxyset0_.tha_key as tha1_21_1_,
        proxyset0_.tha_key as tha1_21_0_,
        proxyset0_.version as version21_0_,
        proxyset0_.namecvbnmasdf as namecvbn3_21_0_,
        proxyset0_.next_ as next4_21_0_,
        proxyset0_.order_ as order5_21_0_,
        proxyset0_.foo as foo21_0_,
        proxyset0_.bar as bar21_0_,
        proxyset0_.x as x21_0_,
        proxyset0_.immutable as immutable21_0_,
        proxyset0_."any_id_of_object" as any10_21_0_,
        proxyset0_."any_class_of_object" as any11_21_0_,
        proxyset0_.count_ as count12_21_0_,
        proxyset0_.glarch_ as glarch13_21_0_ 
    from
        "glarchez" proxyset0_ 
    where
        proxyset0_.set_key=?
14:16:42,505 DEBUG SQL:104 - 
    select
        strings0_.glarch_key as glarch1_21_0_,
        strings0_."tha_stryng" as tha2_23_0_,
        strings0_."indx_" as indx3_0_ 
    from
        "strings" strings0_ 
    where
        strings0_.glarch_key=?
14:16:42,506 DEBUG SQL:104 - 
    select
        strings0_.glarch_key as glarch1_21_0_,
        strings0_."tha_stryng" as tha2_23_0_,
        strings0_."indx_" as indx3_0_ 
    from
        "strings" strings0_ 
    where
        strings0_.glarch_key=?
14:16:42,506 DEBUG SQL:104 - 
    select
        fees0_.fee_id as fee1_24_0_,
        fees0_.str_ as str2_18_0_ 
    from
        "fees" fees0_ 
    where
        fees0_.fee_id=?
14:16:42,515 DEBUG SQL:104 - 
    select
        fees0_.fee_id as fee1_24_0_,
        fees0_.str_ as str2_18_0_ 
    from
        "fees" fees0_ 
    where
        fees0_.fee_id=?
14:16:42,517 DEBUG SQL:104 - 
    select
        this_.baz_id_column_ as baz1_28_10_,
        this_.count_count as count2_28_10_,
        this_.name_b as name3_28_10_,
        this_.foo as foo28_10_,
        this_.superBaz as superBaz28_10_,
        this_."str" as str6_28_10_,
        foo4_."foo_idcolumnname123" as foo1_20_0_,
        foo4_.version as version20_0_,
        foo4_.foo as foo20_0_,
        foo4_.long_ as long5_20_0_,
        foo4_."integer__" as integer6_20_0_,
        foo4_.float_ as float7_20_0_,
        foo4_.x as x20_0_,
        foo4_.double_ as double9_20_0_,
        foo4_.date_ as date10_20_0_,
        foo4_.timestamp_ as timestamp11_20_0_,
        foo4_.boolean_ as boolean12_20_0_,
        foo4_.bool_ as bool13_20_0_,
        foo4_.null_ as null14_20_0_,
        foo4_.short_ as short15_20_0_,
        foo4_.char_ as char16_20_0_,
        foo4_.zero_ as zero17_20_0_,
        foo4_.int_ as int18_20_0_,
        foo4_.string_ as string19_20_0_,
        foo4_.byte_ as byte20_20_0_,
        foo4_.yesno as yesno20_0_,
        foo4_.blobb_ as blobb22_20_0_,
        foo4_.nullBlob as nullBlob20_0_,
        foo4_.bin_ as bin24_20_0_,
        foo4_."localeayzabc123" as localea25_20_0_,
        foo4_.first_name as first26_20_0_,
        foo4_.surname as surname20_0_,
        foo4_.count_ as count28_20_0_,
        foo4_.name_ as name29_20_0_,
        foo4_.g__ as g30_20_0_,
        foo4_.cmpnt_null_ as cmpnt31_20_0_,
        foo4_.subname as subname20_0_,
        foo4_.fee_sub as fee33_20_0_,
        foo4_.null_cmpnt_ as null34_20_0_,
        foo4_1_.joinedProp as joinedProp49_0_,
        foo4_2_.dependent as dependent43_0_,
        foo4_.the_time as the35_20_0_,
        foo4_.baz as baz20_0_,
        foo4_.bar_string as bar37_20_0_,
        foo4_.bar_count as bar38_20_0_,
        foo4_.name as name20_0_,
        foo4_.clazz as clazz20_0_,
        foo4_.gen_id as gen41_20_0_,
        foo4_3_.name_name as name2_27_0_,
        foo4_.int_/2 as formula92_0_,
        foo4_."foo_subclass_1234" as foo2_20_0_,
        glarch5_.tha_key as tha1_21_1_,
        glarch5_.version as version21_1_,
        glarch5_.namecvbnmasdf as namecvbn3_21_1_,
        glarch5_.next_ as next4_21_1_,
        glarch5_.order_ as order5_21_1_,
        glarch5_.foo as foo21_1_,
        glarch5_.bar as bar21_1_,
        glarch5_.x as x21_1_,
        glarch5_.immutable as immutable21_1_,
        glarch5_."any_id_of_object" as any10_21_1_,
        glarch5_."any_class_of_object" as any11_21_1_,
        glarch5_.count_ as count12_21_1_,
        glarch5_.glarch_ as glarch13_21_1_,
        fee6_.id_ as id1_24_2_,
        fee6_.fi as fi24_2_,
        fee6_.fee as fee24_2_,
        fee6_.anotherFee as anotherFee24_2_,
        fee6_.qux as qux24_2_,
        fee6_.count_ as count6_24_2_,
        fee6_.name as name24_2_,
        fee6_.null_prop as null8_24_2_,
        fee7_.id_ as id1_24_3_,
        fee7_.fi as fi24_3_,
        fee7_.fee as fee24_3_,
        fee7_.anotherFee as anotherFee24_3_,
        fee7_.qux as qux24_3_,
        fee7_.count_ as count6_24_3_,
        fee7_.name as name24_3_,
        fee7_.null_prop as null8_24_3_,
        fee8_.id_ as id1_24_4_,
        fee8_.fi as fi24_4_,
        fee8_.fee as fee24_4_,
        fee8_.anotherFee as anotherFee24_4_,
        fee8_.qux as qux24_4_,
        fee8_.count_ as count6_24_4_,
        fee8_.name as name24_4_,
        fee8_.null_prop as null8_24_4_,
        baz9_.baz_id_column_ as baz1_28_5_,
        baz9_.count_count as count2_28_5_,
        baz9_.name_b as name3_28_5_,
        baz9_.foo as foo28_5_,
        baz9_.superBaz as superBaz28_5_,
        baz9_."str" as str6_28_5_,
        topglarche10_.idtopglarch as idtopgl16_28_12_,
        topglarche10_.tha_key as tha1_21_12_,
        topglarche10_.mapkey as mapkey12_,
        topglarche10_.tha_key as tha1_21_6_,
        topglarche10_.version as version21_6_,
        topglarche10_.namecvbnmasdf as namecvbn3_21_6_,
        topglarche10_.next_ as next4_21_6_,
        topglarche10_.order_ as order5_21_6_,
        topglarche10_.foo as foo21_6_,
        topglarche10_.bar as bar21_6_,
        topglarche10_.x as x21_6_,
        topglarche10_.immutable as immutable21_6_,
        topglarche10_."any_id_of_object" as any10_21_6_,
        topglarche10_."any_class_of_object" as any11_21_6_,
        topglarche10_.count_ as count12_21_6_,
        topglarche10_.glarch_ as glarch13_21_6_,
        baz11_.baz_id_column_ as baz1_28_7_,
        baz11_.count_count as count2_28_7_,
        baz11_.name_b as name3_28_7_,
        baz11_.foo as foo28_7_,
        baz11_.superBaz as superBaz28_7_,
        baz11_."str" as str6_28_7_,
        foo2_."foo_idcolumnname123" as foo1_20_8_,
        foo2_.version as version20_8_,
        foo2_.foo as foo20_8_,
        foo2_.long_ as long5_20_8_,
        foo2_."integer__" as integer6_20_8_,
        foo2_.float_ as float7_20_8_,
        foo2_.x as x20_8_,
        foo2_.double_ as double9_20_8_,
        foo2_.date_ as date10_20_8_,
        foo2_.timestamp_ as timestamp11_20_8_,
        foo2_.boolean_ as boolean12_20_8_,
        foo2_.bool_ as bool13_20_8_,
        foo2_.null_ as null14_20_8_,
        foo2_.short_ as short15_20_8_,
        foo2_.char_ as char16_20_8_,
        foo2_.zero_ as zero17_20_8_,
        foo2_.int_ as int18_20_8_,
        foo2_.string_ as string19_20_8_,
        foo2_.byte_ as byte20_20_8_,
        foo2_.yesno as yesno20_8_,
        foo2_.blobb_ as blobb22_20_8_,
        foo2_.nullBlob as nullBlob20_8_,
        foo2_.bin_ as bin24_20_8_,
        foo2_."localeayzabc123" as localea25_20_8_,
        foo2_.first_name as first26_20_8_,
        foo2_.surname as surname20_8_,
        foo2_.count_ as count28_20_8_,
        foo2_.name_ as name29_20_8_,
        foo2_.g__ as g30_20_8_,
        foo2_.cmpnt_null_ as cmpnt31_20_8_,
        foo2_.subname as subname20_8_,
        foo2_.fee_sub as fee33_20_8_,
        foo2_.null_cmpnt_ as null34_20_8_,
        foo2_1_.joinedProp as joinedProp49_8_,
        foo2_2_.dependent as dependent43_8_,
        foo2_.the_time as the35_20_8_,
        foo2_.baz as baz20_8_,
        foo2_.bar_string as bar37_20_8_,
        foo2_.bar_count as bar38_20_8_,
        foo2_.name as name20_8_,
        foo2_.clazz as clazz20_8_,
        foo2_.gen_id as gen41_20_8_,
        foo2_3_.name_name as name2_27_8_,
        foo2_.int_/2 as formula92_8_,
        foo2_."foo_subclass_1234" as foo2_20_8_,
        glarch1_.tha_key as tha1_21_9_,
        glarch1_.version as version21_9_,
        glarch1_.namecvbnmasdf as namecvbn3_21_9_,
        glarch1_.next_ as next4_21_9_,
        glarch1_.order_ as order5_21_9_,
        glarch1_.foo as foo21_9_,
        glarch1_.bar as bar21_9_,
        glarch1_.x as x21_9_,
        glarch1_.immutable as immutable21_9_,
        glarch1_."any_id_of_object" as any10_21_9_,
        glarch1_."any_class_of_object" as any11_21_9_,
        glarch1_.count_ as count12_21_9_,
        glarch1_.glarch_ as glarch13_21_9_ 
    from
        baz this_ 
    left outer join
        "foos" foo4_ 
            on this_.foo=foo4_."foo_idcolumnname123" 
    left outer join
        jointable foo4_1_ 
            on foo4_."foo_idcolumnname123"=foo4_1_.fooid 
    left outer join
        foo_dep_table foo4_2_ 
            on foo4_."foo_idcolumnname123"=foo4_2_.fooid 
    left outer join
        bar_join_table foo4_3_ 
            on foo4_."foo_idcolumnname123"=foo4_3_.bar_id 
    left outer join
        "glarchez" glarch5_ 
            on foo4_.g__=glarch5_.tha_key 
    left outer join
        "the fees" fee6_ 
            on foo4_2_.dependent=fee6_.id_ 
    left outer join
        "the fees" fee7_ 
            on fee6_.fee=fee7_.id_ 
    left outer join
        "the fees" fee8_ 
            on fee7_.anotherFee=fee8_.id_ 
    left outer join
        baz baz9_ 
            on foo4_.baz=baz9_.baz_id_column_ 
    left outer join
        "glarchez" topglarche10_ 
            on baz9_.baz_id_column_=topglarche10_.idtopglarch 
    left outer join
        baz baz11_ 
            on baz9_.superBaz=baz11_.baz_id_column_ 
    inner join
        "foos" foo2_ 
            on this_.baz_id_column_=foo2_.baz_id 
            and foo2_."foo_subclass_1234" in (
                'F',
            'B',
            'T') 
        left outer join
            jointable foo2_1_ 
                on foo2_."foo_idcolumnname123"=foo2_1_.fooid 
        left outer join
            foo_dep_table foo2_2_ 
                on foo2_."foo_idcolumnname123"=foo2_2_.fooid 
        left outer join
            bar_join_table foo2_3_ 
                on foo2_."foo_idcolumnname123"=foo2_3_.bar_id 
        inner join
            "glarchez" glarch1_ 
                on this_.baz_id_column_=glarch1_.idtopglarch 
        where
            glarch1_.namecvbnmasdf is not null 
            and foo2_.null_ is null
14:16:42,591 DEBUG SQL:104 - 
    select
        this_.id as id1_1_,
        this_.x as x1_1_,
        this_.count_ as count3_1_1_,
        parent2_.id as id11_0_,
        parent2_.x as x11_0_,
        parent2_.count_ as count3_11_0_,
        parent2_.any_id as any4_11_0_,
        parent2_.any_class as any5_11_0_ 
    from
        Child this_ 
    inner join
        Parent parent2_ 
            on this_.id=parent2_.id
14:16:42,599 DEBUG SQL:104 - 
    select
        glarch0_.tha_key as tha1_21_,
        glarch0_.version as version21_,
        glarch0_.namecvbnmasdf as namecvbn3_21_,
        glarch0_.next_ as next4_21_,
        glarch0_.order_ as order5_21_,
        glarch0_.foo as foo21_,
        glarch0_.bar as bar21_,
        glarch0_.x as x21_,
        glarch0_.immutable as immutable21_,
        glarch0_."any_id_of_object" as any10_21_,
        glarch0_."any_class_of_object" as any11_21_,
        glarch0_.count_ as count12_21_,
        glarch0_.glarch_ as glarch13_21_ 
    from
        "glarchez" glarch0_
14:16:42,600 DEBUG SQL:104 - 
    select
        proxyarray0_.array_key as array20_21_1_,
        proxyarray0_.tha_key as tha1_21_1_,
        proxyarray0_.array_indecks as array21_1_,
        proxyarray0_.tha_key as tha1_21_0_,
        proxyarray0_.version as version21_0_,
        proxyarray0_.namecvbnmasdf as namecvbn3_21_0_,
        proxyarray0_.next_ as next4_21_0_,
        proxyarray0_.order_ as order5_21_0_,
        proxyarray0_.foo as foo21_0_,
        proxyarray0_.bar as bar21_0_,
        proxyarray0_.x as x21_0_,
        proxyarray0_.immutable as immutable21_0_,
        proxyarray0_."any_id_of_object" as any10_21_0_,
        proxyarray0_."any_class_of_object" as any11_21_0_,
        proxyarray0_.count_ as count12_21_0_,
        proxyarray0_.glarch_ as glarch13_21_0_ 
    from
        "glarchez" proxyarray0_ 
    where
        proxyarray0_.array_key=?
14:16:42,608 DEBUG SQL:104 - 
    select
        proxyarray0_.array_key as array20_21_1_,
        proxyarray0_.tha_key as tha1_21_1_,
        proxyarray0_.array_indecks as array21_1_,
        proxyarray0_.tha_key as tha1_21_0_,
        proxyarray0_.version as version21_0_,
        proxyarray0_.namecvbnmasdf as namecvbn3_21_0_,
        proxyarray0_.next_ as next4_21_0_,
        proxyarray0_.order_ as order5_21_0_,
        proxyarray0_.foo as foo21_0_,
        proxyarray0_.bar as bar21_0_,
        proxyarray0_.x as x21_0_,
        proxyarray0_.immutable as immutable21_0_,
        proxyarray0_."any_id_of_object" as any10_21_0_,
        proxyarray0_."any_class_of_object" as any11_21_0_,
        proxyarray0_.count_ as count12_21_0_,
        proxyarray0_.glarch_ as glarch13_21_0_ 
    from
        "glarchez" proxyarray0_ 
    where
        proxyarray0_.array_key=?
14:16:42,618 DEBUG SQL:104 - 
    select
        proxyset0_.set_key as set22_21_1_,
        proxyset0_.tha_key as tha1_21_1_,
        proxyset0_.tha_key as tha1_21_0_,
        proxyset0_.version as version21_0_,
        proxyset0_.namecvbnmasdf as namecvbn3_21_0_,
        proxyset0_.next_ as next4_21_0_,
        proxyset0_.order_ as order5_21_0_,
        proxyset0_.foo as foo21_0_,
        proxyset0_.bar as bar21_0_,
        proxyset0_.x as x21_0_,
        proxyset0_.immutable as immutable21_0_,
        proxyset0_."any_id_of_object" as any10_21_0_,
        proxyset0_."any_class_of_object" as any11_21_0_,
        proxyset0_.count_ as count12_21_0_,
        proxyset0_.glarch_ as glarch13_21_0_ 
    from
        "glarchez" proxyset0_ 
    where
        proxyset0_.set_key=?
14:16:42,627 DEBUG SQL:104 - 
    select
        strings0_.glarch_key as glarch1_21_0_,
        strings0_."tha_stryng" as tha2_23_0_,
        strings0_."indx_" as indx3_0_ 
    from
        "strings" strings0_ 
    where
        strings0_.glarch_key=?
14:16:42,628 DEBUG SQL:104 - 
    select
        proxyset0_.set_key as set22_21_1_,
        proxyset0_.tha_key as tha1_21_1_,
        proxyset0_.tha_key as tha1_21_0_,
        proxyset0_.version as version21_0_,
        proxyset0_.namecvbnmasdf as namecvbn3_21_0_,
        proxyset0_.next_ as next4_21_0_,
        proxyset0_.order_ as order5_21_0_,
        proxyset0_.foo as foo21_0_,
        proxyset0_.bar as bar21_0_,
        proxyset0_.x as x21_0_,
        proxyset0_.immutable as immutable21_0_,
        proxyset0_."any_id_of_object" as any10_21_0_,
        proxyset0_."any_class_of_object" as any11_21_0_,
        proxyset0_.count_ as count12_21_0_,
        proxyset0_.glarch_ as glarch13_21_0_ 
    from
        "glarchez" proxyset0_ 
    where
        proxyset0_.set_key=?
14:16:42,638 DEBUG SQL:104 - 
    select
        strings0_.glarch_key as glarch1_21_0_,
        strings0_."tha_stryng" as tha2_23_0_,
        strings0_."indx_" as indx3_0_ 
    from
        "strings" strings0_ 
    where
        strings0_.glarch_key=?
14:16:42,638 DEBUG SQL:104 - 
    select
        foocompone0_.glarch_key as glarch1_21_3_,
        foocompone0_.name_ as name2_19_3_,
        foocompone0_.count_ as count3_19_3_,
        foocompone0_.x_ as x4_19_3_,
        foocompone0_.y_ as y5_19_3_,
        foocompone0_.fee as fee19_3_,
        foocompone0_.tha_indecks as tha7_3_,
        fee1_.id_ as id1_24_0_,
        fee1_.fi as fi24_0_,
        fee1_.fee as fee24_0_,
        fee1_.anotherFee as anotherFee24_0_,
        fee1_.qux as qux24_0_,
        fee1_.count_ as count6_24_0_,
        fee1_.name as name24_0_,
        fee1_.null_prop as null8_24_0_,
        fee2_.id_ as id1_24_1_,
        fee2_.fi as fi24_1_,
        fee2_.fee as fee24_1_,
        fee2_.anotherFee as anotherFee24_1_,
        fee2_.qux as qux24_1_,
        fee2_.count_ as count6_24_1_,
        fee2_.name as name24_1_,
        fee2_.null_prop as null8_24_1_,
        fee3_.id_ as id1_24_2_,
        fee3_.fi as fi24_2_,
        fee3_.fee as fee24_2_,
        fee3_.anotherFee as anotherFee24_2_,
        fee3_.qux as qux24_2_,
        fee3_.count_ as count6_24_2_,
        fee3_.name as name24_2_,
        fee3_.null_prop as null8_24_2_ 
    from
        "fooComponents" foocompone0_ 
    left outer join
        "the fees" fee1_ 
            on foocompone0_.fee=fee1_.id_ 
    left outer join
        "the fees" fee2_ 
            on fee1_.fee=fee2_.id_ 
    left outer join
        "the fees" fee3_ 
            on fee2_.anotherFee=fee3_.id_ 
    where
        foocompone0_.glarch_key=?
14:16:42,648 DEBUG SQL:104 - 
    select
        foocompone0_.glarch_key as glarch1_21_3_,
        foocompone0_.name_ as name2_19_3_,
        foocompone0_.count_ as count3_19_3_,
        foocompone0_.x_ as x4_19_3_,
        foocompone0_.y_ as y5_19_3_,
        foocompone0_.fee as fee19_3_,
        foocompone0_.tha_indecks as tha7_3_,
        fee1_.id_ as id1_24_0_,
        fee1_.fi as fi24_0_,
        fee1_.fee as fee24_0_,
        fee1_.anotherFee as anotherFee24_0_,
        fee1_.qux as qux24_0_,
        fee1_.count_ as count6_24_0_,
        fee1_.name as name24_0_,
        fee1_.null_prop as null8_24_0_,
        fee2_.id_ as id1_24_1_,
        fee2_.fi as fi24_1_,
        fee2_.fee as fee24_1_,
        fee2_.anotherFee as anotherFee24_1_,
        fee2_.qux as qux24_1_,
        fee2_.count_ as count6_24_1_,
        fee2_.name as name24_1_,
        fee2_.null_prop as null8_24_1_,
        fee3_.id_ as id1_24_2_,
        fee3_.fi as fi24_2_,
        fee3_.fee as fee24_2_,
        fee3_.anotherFee as anotherFee24_2_,
        fee3_.qux as qux24_2_,
        fee3_.count_ as count6_24_2_,
        fee3_.name as name24_2_,
        fee3_.null_prop as null8_24_2_ 
    from
        "fooComponents" foocompone0_ 
    left outer join
        "the fees" fee1_ 
            on foocompone0_.fee=fee1_.id_ 
    left outer join
        "the fees" fee2_ 
            on fee1_.fee=fee2_.id_ 
    left outer join
        "the fees" fee3_ 
            on fee2_.anotherFee=fee3_.id_ 
    where
        foocompone0_.glarch_key=?
14:16:42,662 DEBUG SQL:104 - 
    select
        foocompone0_.glarch_key as glarch1_21_3_,
        foocompone0_.name_ as name2_19_3_,
        foocompone0_.count_ as count3_19_3_,
        foocompone0_.x_ as x4_19_3_,
        foocompone0_.y_ as y5_19_3_,
        foocompone0_.fee as fee19_3_,
        foocompone0_.tha_indecks as tha7_3_,
        fee1_.id_ as id1_24_0_,
        fee1_.fi as fi24_0_,
        fee1_.fee as fee24_0_,
        fee1_.anotherFee as anotherFee24_0_,
        fee1_.qux as qux24_0_,
        fee1_.count_ as count6_24_0_,
        fee1_.name as name24_0_,
        fee1_.null_prop as null8_24_0_,
        fee2_.id_ as id1_24_1_,
        fee2_.fi as fi24_1_,
        fee2_.fee as fee24_1_,
        fee2_.anotherFee as anotherFee24_1_,
        fee2_.qux as qux24_1_,
        fee2_.count_ as count6_24_1_,
        fee2_.name as name24_1_,
        fee2_.null_prop as null8_24_1_,
        fee3_.id_ as id1_24_2_,
        fee3_.fi as fi24_2_,
        fee3_.fee as fee24_2_,
        fee3_.anotherFee as anotherFee24_2_,
        fee3_.qux as qux24_2_,
        fee3_.count_ as count6_24_2_,
        fee3_.name as name24_2_,
        fee3_.null_prop as null8_24_2_ 
    from
        "fooComponents" foocompone0_ 
    left outer join
        "the fees" fee1_ 
            on foocompone0_.fee=fee1_.id_ 
    left outer join
        "the fees" fee2_ 
            on fee1_.fee=fee2_.id_ 
    left outer join
        "the fees" fee3_ 
            on fee2_.anotherFee=fee3_.id_ 
    where
        foocompone0_.glarch_key=?
14:16:42,673 DEBUG SQL:104 - 
    select
        foocompone0_.glarch_key as glarch1_21_3_,
        foocompone0_.name_ as name2_19_3_,
        foocompone0_.count_ as count3_19_3_,
        foocompone0_.x_ as x4_19_3_,
        foocompone0_.y_ as y5_19_3_,
        foocompone0_.fee as fee19_3_,
        foocompone0_.tha_indecks as tha7_3_,
        fee1_.id_ as id1_24_0_,
        fee1_.fi as fi24_0_,
        fee1_.fee as fee24_0_,
        fee1_.anotherFee as anotherFee24_0_,
        fee1_.qux as qux24_0_,
        fee1_.count_ as count6_24_0_,
        fee1_.name as name24_0_,
        fee1_.null_prop as null8_24_0_,
        fee2_.id_ as id1_24_1_,
        fee2_.fi as fi24_1_,
        fee2_.fee as fee24_1_,
        fee2_.anotherFee as anotherFee24_1_,
        fee2_.qux as qux24_1_,
        fee2_.count_ as count6_24_1_,
        fee2_.name as name24_1_,
        fee2_.null_prop as null8_24_1_,
        fee3_.id_ as id1_24_2_,
        fee3_.fi as fi24_2_,
        fee3_.fee as fee24_2_,
        fee3_.anotherFee as anotherFee24_2_,
        fee3_.qux as qux24_2_,
        fee3_.count_ as count6_24_2_,
        fee3_.name as name24_2_,
        fee3_.null_prop as null8_24_2_ 
    from
        "fooComponents" foocompone0_ 
    left outer join
        "the fees" fee1_ 
            on foocompone0_.fee=fee1_.id_ 
    left outer join
        "the fees" fee2_ 
            on fee1_.fee=fee2_.id_ 
    left outer join
        "the fees" fee3_ 
            on fee2_.anotherFee=fee3_.id_ 
    where
        foocompone0_.glarch_key=?
14:16:42,696 DEBUG SQL:104 - 
    select
        foobag0_.baz as baz28_8_,
        foobag0_.foo as foo31_8_,
        foo1_."foo_idcolumnname123" as foo1_20_0_,
        foo1_.version as version20_0_,
        foo1_.foo as foo20_0_,
        foo1_.long_ as long5_20_0_,
        foo1_."integer__" as integer6_20_0_,
        foo1_.float_ as float7_20_0_,
        foo1_.x as x20_0_,
        foo1_.double_ as double9_20_0_,
        foo1_.date_ as date10_20_0_,
        foo1_.timestamp_ as timestamp11_20_0_,
        foo1_.boolean_ as boolean12_20_0_,
        foo1_.bool_ as bool13_20_0_,
        foo1_.null_ as null14_20_0_,
        foo1_.short_ as short15_20_0_,
        foo1_.char_ as char16_20_0_,
        foo1_.zero_ as zero17_20_0_,
        foo1_.int_ as int18_20_0_,
        foo1_.string_ as string19_20_0_,
        foo1_.byte_ as byte20_20_0_,
        foo1_.yesno as yesno20_0_,
        foo1_.blobb_ as blobb22_20_0_,
        foo1_.nullBlob as nullBlob20_0_,
        foo1_.bin_ as bin24_20_0_,
        foo1_."localeayzabc123" as localea25_20_0_,
        foo1_.first_name as first26_20_0_,
        foo1_.surname as surname20_0_,
        foo1_.count_ as count28_20_0_,
        foo1_.name_ as name29_20_0_,
        foo1_.g__ as g30_20_0_,
        foo1_.cmpnt_null_ as cmpnt31_20_0_,
        foo1_.subname as subname20_0_,
        foo1_.fee_sub as fee33_20_0_,
        foo1_.null_cmpnt_ as null34_20_0_,
        foo1_1_.joinedProp as joinedProp49_0_,
        foo1_2_.dependent as dependent43_0_,
        foo1_.the_time as the35_20_0_,
        foo1_.baz as baz20_0_,
        foo1_.bar_string as bar37_20_0_,
        foo1_.bar_count as bar38_20_0_,
        foo1_.name as name20_0_,
        foo1_.clazz as clazz20_0_,
        foo1_.gen_id as gen41_20_0_,
        foo1_3_.name_name as name2_27_0_,
        foo1_.int_/2 as formula92_0_,
        foo1_."foo_subclass_1234" as foo2_20_0_,
        glarch2_.tha_key as tha1_21_1_,
        glarch2_.version as version21_1_,
        glarch2_.namecvbnmasdf as namecvbn3_21_1_,
        glarch2_.next_ as next4_21_1_,
        glarch2_.order_ as order5_21_1_,
        glarch2_.foo as foo21_1_,
        glarch2_.bar as bar21_1_,
        glarch2_.x as x21_1_,
        glarch2_.immutable as immutable21_1_,
        glarch2_."any_id_of_object" as any10_21_1_,
        glarch2_."any_class_of_object" as any11_21_1_,
        glarch2_.count_ as count12_21_1_,
        glarch2_.glarch_ as glarch13_21_1_,
        fee3_.id_ as id1_24_2_,
        fee3_.fi as fi24_2_,
        fee3_.fee as fee24_2_,
        fee3_.anotherFee as anotherFee24_2_,
        fee3_.qux as qux24_2_,
        fee3_.count_ as count6_24_2_,
        fee3_.name as name24_2_,
        fee3_.null_prop as null8_24_2_,
        fee4_.id_ as id1_24_3_,
        fee4_.fi as fi24_3_,
        fee4_.fee as fee24_3_,
        fee4_.anotherFee as anotherFee24_3_,
        fee4_.qux as qux24_3_,
        fee4_.count_ as count6_24_3_,
        fee4_.name as name24_3_,
        fee4_.null_prop as null8_24_3_,
        fee5_.id_ as id1_24_4_,
        fee5_.fi as fi24_4_,
        fee5_.fee as fee24_4_,
        fee5_.anotherFee as anotherFee24_4_,
        fee5_.qux as qux24_4_,
        fee5_.count_ as count6_24_4_,
        fee5_.name as name24_4_,
        fee5_.null_prop as null8_24_4_,
        baz6_.baz_id_column_ as baz1_28_5_,
        baz6_.count_count as count2_28_5_,
        baz6_.name_b as name3_28_5_,
        baz6_.foo as foo28_5_,
        baz6_.superBaz as superBaz28_5_,
        baz6_."str" as str6_28_5_,
        foo7_."foo_idcolumnname123" as foo1_20_6_,
        foo7_.version as version20_6_,
        foo7_.foo as foo20_6_,
        foo7_.long_ as long5_20_6_,
        foo7_."integer__" as integer6_20_6_,
        foo7_.float_ as float7_20_6_,
        foo7_.x as x20_6_,
        foo7_.double_ as double9_20_6_,
        foo7_.date_ as date10_20_6_,
        foo7_.timestamp_ as timestamp11_20_6_,
        foo7_.boolean_ as boolean12_20_6_,
        foo7_.bool_ as bool13_20_6_,
        foo7_.null_ as null14_20_6_,
        foo7_.short_ as short15_20_6_,
        foo7_.char_ as char16_20_6_,
        foo7_.zero_ as zero17_20_6_,
        foo7_.int_ as int18_20_6_,
        foo7_.string_ as string19_20_6_,
        foo7_.byte_ as byte20_20_6_,
        foo7_.yesno as yesno20_6_,
        foo7_.blobb_ as blobb22_20_6_,
        foo7_.nullBlob as nullBlob20_6_,
        foo7_.bin_ as bin24_20_6_,
        foo7_."localeayzabc123" as localea25_20_6_,
        foo7_.first_name as first26_20_6_,
        foo7_.surname as surname20_6_,
        foo7_.count_ as count28_20_6_,
        foo7_.name_ as name29_20_6_,
        foo7_.g__ as g30_20_6_,
        foo7_.cmpnt_null_ as cmpnt31_20_6_,
        foo7_.subname as subname20_6_,
        foo7_.fee_sub as fee33_20_6_,
        foo7_.null_cmpnt_ as null34_20_6_,
        foo7_1_.joinedProp as joinedProp49_6_,
        foo7_2_.dependent as dependent43_6_,
        foo7_.the_time as the35_20_6_,
        foo7_.baz as baz20_6_,
        foo7_.bar_string as bar37_20_6_,
        foo7_.bar_count as bar38_20_6_,
        foo7_.name as name20_6_,
        foo7_.clazz as clazz20_6_,
        foo7_.gen_id as gen41_20_6_,
        foo7_3_.name_name as name2_27_6_,
        foo7_.int_/2 as formula92_6_,
        foo7_."foo_subclass_1234" as foo2_20_6_,
        baz8_.baz_id_column_ as baz1_28_7_,
        baz8_.count_count as count2_28_7_,
        baz8_.name_b as name3_28_7_,
        baz8_.foo as foo28_7_,
        baz8_.superBaz as superBaz28_7_,
        baz8_."str" as str6_28_7_ 
    from
        baz_foo foobag0_ 
    inner join
        "foos" foo1_ 
            on foobag0_.foo=foo1_."foo_idcolumnname123" 
    left outer join
        jointable foo1_1_ 
            on foo1_."foo_idcolumnname123"=foo1_1_.fooid 
    left outer join
        foo_dep_table foo1_2_ 
            on foo1_."foo_idcolumnname123"=foo1_2_.fooid 
    left outer join
        bar_join_table foo1_3_ 
            on foo1_."foo_idcolumnname123"=foo1_3_.bar_id 
    left outer join
        "glarchez" glarch2_ 
            on foo1_.g__=glarch2_.tha_key 
    inner join
        "the fees" fee3_ 
            on foo1_2_.dependent=fee3_.id_ 
    left outer join
        "the fees" fee4_ 
            on fee3_.fee=fee4_.id_ 
    left outer join
        "the fees" fee5_ 
            on fee4_.anotherFee=fee5_.id_ 
    left outer join
        baz baz6_ 
            on foo1_.baz=baz6_.baz_id_column_ 
    left outer join
        "foos" foo7_ 
            on baz6_.foo=foo7_."foo_idcolumnname123" 
    left outer join
        jointable foo7_1_ 
            on foo7_."foo_idcolumnname123"=foo7_1_.fooid 
    left outer join
        foo_dep_table foo7_2_ 
            on foo7_."foo_idcolumnname123"=foo7_2_.fooid 
    left outer join
        bar_join_table foo7_3_ 
            on foo7_."foo_idcolumnname123"=foo7_3_.bar_id 
    left outer join
        baz baz8_ 
            on baz6_.superBaz=baz8_.baz_id_column_ 
    where
        foobag0_.baz=?
14:16:42,773 DEBUG SQL:104 - 
    select
        idfoobag0_.baz as baz28_8_,
        idfoobag0_.foo as foo32_8_,
        idfoobag0_.pkid as pkid8_,
        foo1_."foo_idcolumnname123" as foo1_20_0_,
        foo1_.version as version20_0_,
        foo1_.foo as foo20_0_,
        foo1_.long_ as long5_20_0_,
        foo1_."integer__" as integer6_20_0_,
        foo1_.float_ as float7_20_0_,
        foo1_.x as x20_0_,
        foo1_.double_ as double9_20_0_,
        foo1_.date_ as date10_20_0_,
        foo1_.timestamp_ as timestamp11_20_0_,
        foo1_.boolean_ as boolean12_20_0_,
        foo1_.bool_ as bool13_20_0_,
        foo1_.null_ as null14_20_0_,
        foo1_.short_ as short15_20_0_,
        foo1_.char_ as char16_20_0_,
        foo1_.zero_ as zero17_20_0_,
        foo1_.int_ as int18_20_0_,
        foo1_.string_ as string19_20_0_,
        foo1_.byte_ as byte20_20_0_,
        foo1_.yesno as yesno20_0_,
        foo1_.blobb_ as blobb22_20_0_,
        foo1_.nullBlob as nullBlob20_0_,
        foo1_.bin_ as bin24_20_0_,
        foo1_."localeayzabc123" as localea25_20_0_,
        foo1_.first_name as first26_20_0_,
        foo1_.surname as surname20_0_,
        foo1_.count_ as count28_20_0_,
        foo1_.name_ as name29_20_0_,
        foo1_.g__ as g30_20_0_,
        foo1_.cmpnt_null_ as cmpnt31_20_0_,
        foo1_.subname as subname20_0_,
        foo1_.fee_sub as fee33_20_0_,
        foo1_.null_cmpnt_ as null34_20_0_,
        foo1_1_.joinedProp as joinedProp49_0_,
        foo1_2_.dependent as dependent43_0_,
        foo1_.the_time as the35_20_0_,
        foo1_.baz as baz20_0_,
        foo1_.bar_string as bar37_20_0_,
        foo1_.bar_count as bar38_20_0_,
        foo1_.name as name20_0_,
        foo1_.clazz as clazz20_0_,
        foo1_.gen_id as gen41_20_0_,
        foo1_3_.name_name as name2_27_0_,
        foo1_.int_/2 as formula92_0_,
        foo1_."foo_subclass_1234" as foo2_20_0_,
        glarch2_.tha_key as tha1_21_1_,
        glarch2_.version as version21_1_,
        glarch2_.namecvbnmasdf as namecvbn3_21_1_,
        glarch2_.next_ as next4_21_1_,
        glarch2_.order_ as order5_21_1_,
        glarch2_.foo as foo21_1_,
        glarch2_.bar as bar21_1_,
        glarch2_.x as x21_1_,
        glarch2_.immutable as immutable21_1_,
        glarch2_."any_id_of_object" as any10_21_1_,
        glarch2_."any_class_of_object" as any11_21_1_,
        glarch2_.count_ as count12_21_1_,
        glarch2_.glarch_ as glarch13_21_1_,
        fee3_.id_ as id1_24_2_,
        fee3_.fi as fi24_2_,
        fee3_.fee as fee24_2_,
        fee3_.anotherFee as anotherFee24_2_,
        fee3_.qux as qux24_2_,
        fee3_.count_ as count6_24_2_,
        fee3_.name as name24_2_,
        fee3_.null_prop as null8_24_2_,
        fee4_.id_ as id1_24_3_,
        fee4_.fi as fi24_3_,
        fee4_.fee as fee24_3_,
        fee4_.anotherFee as anotherFee24_3_,
        fee4_.qux as qux24_3_,
        fee4_.count_ as count6_24_3_,
        fee4_.name as name24_3_,
        fee4_.null_prop as null8_24_3_,
        fee5_.id_ as id1_24_4_,
        fee5_.fi as fi24_4_,
        fee5_.fee as fee24_4_,
        fee5_.anotherFee as anotherFee24_4_,
        fee5_.qux as qux24_4_,
        fee5_.count_ as count6_24_4_,
        fee5_.name as name24_4_,
        fee5_.null_prop as null8_24_4_,
        baz6_.baz_id_column_ as baz1_28_5_,
        baz6_.count_count as count2_28_5_,
        baz6_.name_b as name3_28_5_,
        baz6_.foo as foo28_5_,
        baz6_.superBaz as superBaz28_5_,
        baz6_."str" as str6_28_5_,
        foo7_."foo_idcolumnname123" as foo1_20_6_,
        foo7_.version as version20_6_,
        foo7_.foo as foo20_6_,
        foo7_.long_ as long5_20_6_,
        foo7_."integer__" as integer6_20_6_,
        foo7_.float_ as float7_20_6_,
        foo7_.x as x20_6_,
        foo7_.double_ as double9_20_6_,
        foo7_.date_ as date10_20_6_,
        foo7_.timestamp_ as timestamp11_20_6_,
        foo7_.boolean_ as boolean12_20_6_,
        foo7_.bool_ as bool13_20_6_,
        foo7_.null_ as null14_20_6_,
        foo7_.short_ as short15_20_6_,
        foo7_.char_ as char16_20_6_,
        foo7_.zero_ as zero17_20_6_,
        foo7_.int_ as int18_20_6_,
        foo7_.string_ as string19_20_6_,
        foo7_.byte_ as byte20_20_6_,
        foo7_.yesno as yesno20_6_,
        foo7_.blobb_ as blobb22_20_6_,
        foo7_.nullBlob as nullBlob20_6_,
        foo7_.bin_ as bin24_20_6_,
        foo7_."localeayzabc123" as localea25_20_6_,
        foo7_.first_name as first26_20_6_,
        foo7_.surname as surname20_6_,
        foo7_.count_ as count28_20_6_,
        foo7_.name_ as name29_20_6_,
        foo7_.g__ as g30_20_6_,
        foo7_.cmpnt_null_ as cmpnt31_20_6_,
        foo7_.subname as subname20_6_,
        foo7_.fee_sub as fee33_20_6_,
        foo7_.null_cmpnt_ as null34_20_6_,
        foo7_1_.joinedProp as joinedProp49_6_,
        foo7_2_.dependent as dependent43_6_,
        foo7_.the_time as the35_20_6_,
        foo7_.baz as baz20_6_,
        foo7_.bar_string as bar37_20_6_,
        foo7_.bar_count as bar38_20_6_,
        foo7_.name as name20_6_,
        foo7_.clazz as clazz20_6_,
        foo7_.gen_id as gen41_20_6_,
        foo7_3_.name_name as name2_27_6_,
        foo7_.int_/2 as formula92_6_,
        foo7_."foo_subclass_1234" as foo2_20_6_,
        baz8_.baz_id_column_ as baz1_28_7_,
        baz8_.count_count as count2_28_7_,
        baz8_.name_b as name3_28_7_,
        baz8_.foo as foo28_7_,
        baz8_.superBaz as superBaz28_7_,
        baz8_."str" as str6_28_7_ 
    from
        baz_id_foo idfoobag0_ 
    inner join
        "foos" foo1_ 
            on idfoobag0_.foo=foo1_."foo_idcolumnname123" 
    left outer join
        jointable foo1_1_ 
            on foo1_."foo_idcolumnname123"=foo1_1_.fooid 
    left outer join
        foo_dep_table foo1_2_ 
            on foo1_."foo_idcolumnname123"=foo1_2_.fooid 
    left outer join
        bar_join_table foo1_3_ 
            on foo1_."foo_idcolumnname123"=foo1_3_.bar_id 
    left outer join
        "glarchez" glarch2_ 
            on foo1_.g__=glarch2_.tha_key 
    inner join
        "the fees" fee3_ 
            on foo1_2_.dependent=fee3_.id_ 
    left outer join
        "the fees" fee4_ 
            on fee3_.fee=fee4_.id_ 
    left outer join
        "the fees" fee5_ 
            on fee4_.anotherFee=fee5_.id_ 
    left outer join
        baz baz6_ 
            on foo1_.baz=baz6_.baz_id_column_ 
    left outer join
        "foos" foo7_ 
            on baz6_.foo=foo7_."foo_idcolumnname123" 
    left outer join
        jointable foo7_1_ 
            on foo7_."foo_idcolumnname123"=foo7_1_.fooid 
    left outer join
        foo_dep_table foo7_2_ 
            on foo7_."foo_idcolumnname123"=foo7_2_.fooid 
    left outer join
        bar_join_table foo7_3_ 
            on foo7_."foo_idcolumnname123"=foo7_3_.bar_id 
    left outer join
        baz baz8_ 
            on baz6_.superBaz=baz8_.baz_id_column_ 
    where
        idfoobag0_.baz=?
14:16:42,829 DEBUG SQL:104 - 
    select
        fees0_.bazid as bazid28_3_,
        fees0_.id_ as id1_24_3_,
        fees0_.bazind as bazind3_,
        fees0_.id_ as id1_24_2_,
        fees0_.fi as fi24_2_,
        fees0_.fee as fee24_2_,
        fees0_.anotherFee as anotherFee24_2_,
        fees0_.qux as qux24_2_,
        fees0_.count_ as count6_24_2_,
        fees0_.name as name24_2_,
        fees0_.null_prop as null8_24_2_,
        fee1_.id_ as id1_24_0_,
        fee1_.fi as fi24_0_,
        fee1_.fee as fee24_0_,
        fee1_.anotherFee as anotherFee24_0_,
        fee1_.qux as qux24_0_,
        fee1_.count_ as count6_24_0_,
        fee1_.name as name24_0_,
        fee1_.null_prop as null8_24_0_,
        fee2_.id_ as id1_24_1_,
        fee2_.fi as fi24_1_,
        fee2_.fee as fee24_1_,
        fee2_.anotherFee as anotherFee24_1_,
        fee2_.qux as qux24_1_,
        fee2_.count_ as count6_24_1_,
        fee2_.name as name24_1_,
        fee2_.null_prop as null8_24_1_ 
    from
        "the fees" fees0_ 
    left outer join
        "the fees" fee1_ 
            on fees0_.fee=fee1_.id_ 
    left outer join
        "the fees" fee2_ 
            on fee1_.anotherFee=fee2_.id_ 
    where
        fees0_.bazid=?
14:16:42,840 DEBUG SQL:104 - 
    select
        bazez0_."baz-id" as baz7_28_8_,
        bazez0_.baz_id_column_ as baz1_28_8_,
        bazez0_.baz_id_column_ as baz1_28_7_,
        bazez0_.count_count as count2_28_7_,
        bazez0_.name_b as name3_28_7_,
        bazez0_.foo as foo28_7_,
        bazez0_.superBaz as superBaz28_7_,
        bazez0_."str" as str6_28_7_,
        foo1_."foo_idcolumnname123" as foo1_20_0_,
        foo1_.version as version20_0_,
        foo1_.foo as foo20_0_,
        foo1_.long_ as long5_20_0_,
        foo1_."integer__" as integer6_20_0_,
        foo1_.float_ as float7_20_0_,
        foo1_.x as x20_0_,
        foo1_.double_ as double9_20_0_,
        foo1_.date_ as date10_20_0_,
        foo1_.timestamp_ as timestamp11_20_0_,
        foo1_.boolean_ as boolean12_20_0_,
        foo1_.bool_ as bool13_20_0_,
        foo1_.null_ as null14_20_0_,
        foo1_.short_ as short15_20_0_,
        foo1_.char_ as char16_20_0_,
        foo1_.zero_ as zero17_20_0_,
        foo1_.int_ as int18_20_0_,
        foo1_.string_ as string19_20_0_,
        foo1_.byte_ as byte20_20_0_,
        foo1_.yesno as yesno20_0_,
        foo1_.blobb_ as blobb22_20_0_,
        foo1_.nullBlob as nullBlob20_0_,
        foo1_.bin_ as bin24_20_0_,
        foo1_."localeayzabc123" as localea25_20_0_,
        foo1_.first_name as first26_20_0_,
        foo1_.surname as surname20_0_,
        foo1_.count_ as count28_20_0_,
        foo1_.name_ as name29_20_0_,
        foo1_.g__ as g30_20_0_,
        foo1_.cmpnt_null_ as cmpnt31_20_0_,
        foo1_.subname as subname20_0_,
        foo1_.fee_sub as fee33_20_0_,
        foo1_.null_cmpnt_ as null34_20_0_,
        foo1_1_.joinedProp as joinedProp49_0_,
        foo1_2_.dependent as dependent43_0_,
        foo1_.the_time as the35_20_0_,
        foo1_.baz as baz20_0_,
        foo1_.bar_string as bar37_20_0_,
        foo1_.bar_count as bar38_20_0_,
        foo1_.name as name20_0_,
        foo1_.clazz as clazz20_0_,
        foo1_.gen_id as gen41_20_0_,
        foo1_3_.name_name as name2_27_0_,
        foo1_.int_/2 as formula92_0_,
        foo1_."foo_subclass_1234" as foo2_20_0_,
        glarch2_.tha_key as tha1_21_1_,
        glarch2_.version as version21_1_,
        glarch2_.namecvbnmasdf as namecvbn3_21_1_,
        glarch2_.next_ as next4_21_1_,
        glarch2_.order_ as order5_21_1_,
        glarch2_.foo as foo21_1_,
        glarch2_.bar as bar21_1_,
        glarch2_.x as x21_1_,
        glarch2_.immutable as immutable21_1_,
        glarch2_."any_id_of_object" as any10_21_1_,
        glarch2_."any_class_of_object" as any11_21_1_,
        glarch2_.count_ as count12_21_1_,
        glarch2_.glarch_ as glarch13_21_1_,
        fee3_.id_ as id1_24_2_,
        fee3_.fi as fi24_2_,
        fee3_.fee as fee24_2_,
        fee3_.anotherFee as anotherFee24_2_,
        fee3_.qux as qux24_2_,
        fee3_.count_ as count6_24_2_,
        fee3_.name as name24_2_,
        fee3_.null_prop as null8_24_2_,
        fee4_.id_ as id1_24_3_,
        fee4_.fi as fi24_3_,
        fee4_.fee as fee24_3_,
        fee4_.anotherFee as anotherFee24_3_,
        fee4_.qux as qux24_3_,
        fee4_.count_ as count6_24_3_,
        fee4_.name as name24_3_,
        fee4_.null_prop as null8_24_3_,
        fee5_.id_ as id1_24_4_,
        fee5_.fi as fi24_4_,
        fee5_.fee as fee24_4_,
        fee5_.anotherFee as anotherFee24_4_,
        fee5_.qux as qux24_4_,
        fee5_.count_ as count6_24_4_,
        fee5_.name as name24_4_,
        fee5_.null_prop as null8_24_4_,
        baz6_.baz_id_column_ as baz1_28_5_,
        baz6_.count_count as count2_28_5_,
        baz6_.name_b as name3_28_5_,
        baz6_.foo as foo28_5_,
        baz6_.superBaz as superBaz28_5_,
        baz6_."str" as str6_28_5_,
        baz7_.baz_id_column_ as baz1_28_6_,
        baz7_.count_count as count2_28_6_,
        baz7_.name_b as name3_28_6_,
        baz7_.foo as foo28_6_,
        baz7_.superBaz as superBaz28_6_,
        baz7_."str" as str6_28_6_ 
    from
        baz bazez0_ 
    left outer join
        "foos" foo1_ 
            on bazez0_.foo=foo1_."foo_idcolumnname123" 
    left outer join
        jointable foo1_1_ 
            on foo1_."foo_idcolumnname123"=foo1_1_.fooid 
    left outer join
        foo_dep_table foo1_2_ 
            on foo1_."foo_idcolumnname123"=foo1_2_.fooid 
    left outer join
        bar_join_table foo1_3_ 
            on foo1_."foo_idcolumnname123"=foo1_3_.bar_id 
    left outer join
        "glarchez" glarch2_ 
            on foo1_.g__=glarch2_.tha_key 
    left outer join
        "the fees" fee3_ 
            on foo1_2_.dependent=fee3_.id_ 
    left outer join
        "the fees" fee4_ 
            on fee3_.fee=fee4_.id_ 
    left outer join
        "the fees" fee5_ 
            on fee4_.anotherFee=fee5_.id_ 
    left outer join
        baz baz6_ 
            on foo1_.baz=baz6_.baz_id_column_ 
    left outer join
        baz baz7_ 
            on baz6_.superBaz=baz7_.baz_id_column_ 
    where
        bazez0_."baz-id"=? 
    order by
        bazez0_.name_b desc
14:16:42,890 DEBUG SQL:104 - 
    update
        "foos" 
    set
        version=?,
        count_=?,
        name_=?,
        g__=?,
        cmpnt_null_=?,
        subname=?,
        fee_sub=? 
    where
        "foo_idcolumnname123"=? 
        and version=?
14:16:42,900 DEBUG SQL:104 - 
    update
        "foos" 
    set
        version=?,
        count_=?,
        name_=?,
        g__=?,
        cmpnt_null_=?,
        subname=?,
        fee_sub=? 
    where
        "foo_idcolumnname123"=? 
        and version=?
14:16:42,900 DEBUG SQL:104 - 
    delete 
    from
        foobytes 
    where
        id=?
14:16:42,900 DEBUG SQL:104 - 
    delete 
    from
        foo_times 
    where
        foo_id=?
14:16:42,901 DEBUG SQL:104 - 
    delete 
    from
        foo_dates 
    where
        foo_id=?
14:16:42,901 DEBUG SQL:104 - 
    update
        "glarchez" 
    set
        array_key=null,
        array_indecks=null 
    where
        array_key=?
14:16:42,901 DEBUG SQL:104 - 
    delete 
    from
        string_list 
    where
        id=?
14:16:42,901 DEBUG SQL:104 - 
    delete 
    from
        int_array 
    where
        id=?
14:16:42,901 DEBUG SQL:104 - 
    update
        "foos" 
    set
        baz_id=null 
    where
        baz_id=?
14:16:42,902 DEBUG SQL:104 - 
    delete 
    from
        bazcomponents 
    where
        baz_id=?
14:16:42,912 DEBUG SQL:104 - 
    delete 
    from
        timeArray 
    where
        baz_id=?
14:16:42,912 DEBUG SQL:104 - 
    delete 
    from
        "bxaxg" 
    where
        "baz_id_"=?
14:16:42,912 DEBUG SQL:104 - 
    delete 
    from
        stringSet 
    where
        id_=?
14:16:42,913 DEBUG SQL:104 - 
    delete 
    from
        stringDateMap 
    where
        id_=?
14:16:42,913 DEBUG SQL:104 - 
    delete 
    from
        FOO_ARRAY 
    where
        id_=? 
        and (
            i<8
        ) 
14:16:42,924 DEBUG SQL:104 - 
    delete 
    from
        baz_byte_bag 
    where
        baz=?
14:16:42,924 DEBUG SQL:104 - 
    delete 
    from
        stringArray 
    where
        id_=?
14:16:42,925 DEBUG SQL:104 - 
    delete 
    from
        customs 
    where
        id_=?
14:16:42,925 DEBUG SQL:104 - 
    delete 
    from
        topcomponents 
    where
        id_=?
14:16:42,934 DEBUG SQL:104 - 
    update
        "glarchez" 
    set
        idtopglarch=null,
        mapkey=null 
    where
        idtopglarch=?
14:16:42,934 DEBUG SQL:104 - 
    delete 
    from
        cached_set 
    where
        baz=?
14:16:42,945 DEBUG SQL:104 - 
    delete 
    from
        cached_map 
    where
        baz=?
14:16:42,945 DEBUG SQL:104 - 
    delete 
    from
        anyToAny 
    where
        baz=?
14:16:42,945 DEBUG SQL:104 - 
    delete 
    from
        manyToAny 
    where
        baz=?
14:16:42,945 DEBUG SQL:104 - 
    update
        Part 
    set
        baz=null 
    where
        baz=?
14:16:42,946 DEBUG SQL:104 - 
    delete 
    from
        moreParts 
    where
        baz=?
14:16:42,954 DEBUG SQL:104 - 
    delete 
    from
        foobytes 
    where
        id=?
14:16:42,954 DEBUG SQL:104 - 
    delete 
    from
        foo_times 
    where
        foo_id=?
14:16:42,954 DEBUG SQL:104 - 
    delete 
    from
        foo_dates 
    where
        foo_id=?
14:16:42,954 DEBUG SQL:104 - 
    delete 
    from
        "glarchez" 
    where
        tha_key=? 
        and version=?
14:16:42,955 DEBUG SQL:104 - 
    delete 
    from
        "glarchez" 
    where
        tha_key=? 
        and version=?
14:16:42,964 DEBUG SQL:104 - 
    delete 
    from
        "glarchez" 
    where
        tha_key=? 
        and version=?
14:16:42,965 DEBUG SQL:104 - 
    delete 
    from
        "glarchez" 
    where
        tha_key=? 
        and version=?
14:16:42,965 DEBUG SQL:104 - 
    delete 
    from
        foo_dep_table 
    where
        fooid=?
14:16:42,965 DEBUG SQL:104 - 
    delete 
    from
        "foos" 
    where
        "foo_idcolumnname123"=? 
        and version=?
14:16:42,975 DEBUG SQL:104 - 
    delete 
    from
        "the fees" 
    where
        id_=?
14:16:42,975 DEBUG SQL:104 - 
    delete 
    from
        "the fees" 
    where
        id_=?
14:16:42,975 DEBUG SQL:104 - 
    delete 
    from
        foo_dep_table 
    where
        fooid=?
14:16:42,976 DEBUG SQL:104 - 
    delete 
    from
        "foos" 
    where
        "foo_idcolumnname123"=? 
        and version=?
14:16:42,976 DEBUG SQL:104 - 
    delete 
    from
        "the fees" 
    where
        id_=?
14:16:42,984 DEBUG SQL:104 - 
    delete 
    from
        "the fees" 
    where
        id_=?
14:16:42,985 DEBUG SQL:104 - 
    delete 
    from
        baz 
    where
        baz_id_column_=?
14:16:42,986  INFO CustomRunner:139 - Test: testContainer
14:16:42,987 DEBUG SQL:104 - 
    insert 
    into
        Simple
        (name, address, count_, date_, pay, other, id_) 
    values
        (?, ?, ?, ?, ?, ?, ?)
14:16:42,987 DEBUG SQL:104 - 
    insert 
    into
        Simple
        (name, address, count_, date_, pay, other, id_) 
    values
        (?, ?, ?, ?, ?, ?, ?)
14:16:42,995 DEBUG SQL:104 - 
    insert 
    into
        one
        (one_key, x, one_value) 
    values
        (null, ?, ?)
14:16:42,996 DEBUG SQL:104 - 
    insert 
    into
        many
        (many_key, x, one_key) 
    values
        (null, ?, ?)
14:16:42,999 DEBUG SQL:104 - 
    insert 
    into
        Container
        (container_id) 
    values
        (null)
14:16:42,999 DEBUG SQL:104 - 
    update
        Simple 
    set
        container_id1=?,
        list_index=? 
    where
        id_=?
14:16:43,000 DEBUG SQL:104 - 
    update
        Simple 
    set
        container_id1=?,
        list_index=? 
    where
        id_=?
14:16:43,006 DEBUG SQL:104 - 
    insert 
    into
        manyToMany
        (container_id2, list_index, elt) 
    values
        (?, ?, ?)
14:16:43,007 DEBUG SQL:104 - 
    insert 
    into
        manyToMany
        (container_id2, list_index, elt) 
    values
        (?, ?, ?)
14:16:43,008 DEBUG SQL:104 - 
    insert 
    into
        components
        (container_id, list_index, name, count_, simple, one, many) 
    values
        (?, ?, ?, ?, ?, ?, ?)
14:16:43,008 DEBUG SQL:104 - 
    insert 
    into
        components
        (container_id, list_index, name, count_, simple, one, many) 
    values
        (?, ?, ?, ?, ?, ?, ?)
14:16:43,017 DEBUG SQL:104 - 
    insert 
    into
        composites
        (container_id, name, simple, one, many) 
    values
        (?, ?, ?, ?, ?)
14:16:43,020 DEBUG SQL:104 - 
    select
        count(*) as col_0_0_ 
    from
        Container container0_ 
    inner join
        components components1_ 
            on container0_.container_id=components1_.container_id 
    inner join
        Simple simple2_ 
            on components1_.simple=simple2_.id_ 
    where
        (
            components1_.name='foo' 
        )
14:16:43,022 DEBUG SQL:104 - 
    select
        container0_.container_id as container1_4_0_,
        simple2_.id_ as id1_13_1_,
        simple2_.name as name13_1_,
        simple2_.address as address13_1_,
        simple2_.count_ as count4_13_1_,
        simple2_.date_ as date5_13_1_,
        simple2_.pay as pay13_1_,
        simple2_.other as other13_1_ 
    from
        Container container0_ 
    inner join
        components components1_ 
            on container0_.container_id=components1_.container_id 
    inner join
        Simple simple2_ 
            on components1_.simple=simple2_.id_ 
    where
        (
            components1_.name='foo' 
        )
14:16:43,029 DEBUG SQL:104 - 
    select
        ternaryset0_.container_id as container1_4_0_,
        ternaryset0_.name as name62_0_,
        ternaryset0_.foo as foo62_0_,
        ternaryset0_.glarch as glarch62_0_ 
    from
        ternarySet ternaryset0_ 
    where
        ternaryset0_.container_id=?
14:16:43,030 DEBUG SQL:104 - 
    select
        ternarymap0_.container_id as container1_4_0_,
        ternarymap0_.name as name61_0_,
        ternarymap0_.foo as foo61_0_,
        ternarymap0_.glarch as glarch61_0_,
        ternarymap0_.idx as idx0_ 
    from
        ternaryMap ternarymap0_ 
    where
        ternarymap0_.container_id=?
14:16:43,030 DEBUG SQL:104 - 
    select
        bag0_.container_id as container1_4_1_,
        bag0_.contained_id as contained2_0_1_,
        contained1_.container_id as container1_3_0_ 
    from
        CCBAG bag0_ 
    inner join
        Contained contained1_ 
            on bag0_.contained_id=contained1_.container_id 
    where
        bag0_.container_id=?
14:16:43,030 DEBUG SQL:104 - 
    select
        cascades0_.container_id as container1_4_5_,
        cascades0_.name as name25_5_,
        cascades0_.simple as simple25_5_,
        cascades0_.one as one25_5_,
        cascades0_.many as many25_5_,
        simple1_.id_ as id1_13_0_,
        simple1_.name as name13_0_,
        simple1_.address as address13_0_,
        simple1_.count_ as count4_13_0_,
        simple1_.date_ as date5_13_0_,
        simple1_.pay as pay13_0_,
        simple1_.other as other13_0_,
        simple2_.id_ as id1_13_1_,
        simple2_.name as name13_1_,
        simple2_.address as address13_1_,
        simple2_.count_ as count4_13_1_,
        simple2_.date_ as date5_13_1_,
        simple2_.pay as pay13_1_,
        simple2_.other as other13_1_,
        one3_.one_key as one1_54_2_,
        one3_.x as x54_2_,
        one3_.one_value as one3_54_2_,
        many4_.many_key as many1_50_3_,
        many4_.x as x50_3_,
        many4_.one_key as one3_50_3_,
        one5_.one_key as one1_54_4_,
        one5_.x as x54_4_,
        one5_.one_value as one3_54_4_ 
    from
        abcd cascades0_ 
    left outer join
        Simple simple1_ 
            on cascades0_.simple=simple1_.id_ 
    left outer join
        Simple simple2_ 
            on simple1_.other=simple2_.id_ 
    inner join
        one one3_ 
            on cascades0_.one=one3_.one_key 
    inner join
        many many4_ 
            on cascades0_.many=many4_.many_key 
    left outer join
        one one5_ 
            on many4_.one_key=one5_.one_key 
    where
        cascades0_.container_id=?
14:16:43,056 DEBUG SQL:104 - 
    select
        container0_.container_id as container1_4_0_ 
    from
        Container container0_ 
    where
        container0_.container_id=?
14:16:43,057 DEBUG SQL:104 - 
    select
        ternaryset0_.container_id as container1_4_0_,
        ternaryset0_.name as name62_0_,
        ternaryset0_.foo as foo62_0_,
        ternaryset0_.glarch as glarch62_0_ 
    from
        ternarySet ternaryset0_ 
    where
        ternaryset0_.container_id=?
14:16:43,057 DEBUG SQL:104 - 
    select
        ternarymap0_.container_id as container1_4_0_,
        ternarymap0_.name as name61_0_,
        ternarymap0_.foo as foo61_0_,
        ternarymap0_.glarch as glarch61_0_,
        ternarymap0_.idx as idx0_ 
    from
        ternaryMap ternarymap0_ 
    where
        ternarymap0_.container_id=?
14:16:43,066 DEBUG SQL:104 - 
    select
        bag0_.container_id as container1_4_1_,
        bag0_.contained_id as contained2_0_1_,
        contained1_.container_id as container1_3_0_ 
    from
        CCBAG bag0_ 
    inner join
        Contained contained1_ 
            on bag0_.contained_id=contained1_.container_id 
    where
        bag0_.container_id=?
14:16:43,077 DEBUG SQL:104 - 
    select
        cascades0_.container_id as container1_4_5_,
        cascades0_.name as name25_5_,
        cascades0_.simple as simple25_5_,
        cascades0_.one as one25_5_,
        cascades0_.many as many25_5_,
        simple1_.id_ as id1_13_0_,
        simple1_.name as name13_0_,
        simple1_.address as address13_0_,
        simple1_.count_ as count4_13_0_,
        simple1_.date_ as date5_13_0_,
        simple1_.pay as pay13_0_,
        simple1_.other as other13_0_,
        simple2_.id_ as id1_13_1_,
        simple2_.name as name13_1_,
        simple2_.address as address13_1_,
        simple2_.count_ as count4_13_1_,
        simple2_.date_ as date5_13_1_,
        simple2_.pay as pay13_1_,
        simple2_.other as other13_1_,
        one3_.one_key as one1_54_2_,
        one3_.x as x54_2_,
        one3_.one_value as one3_54_2_,
        many4_.many_key as many1_50_3_,
        many4_.x as x50_3_,
        many4_.one_key as one3_50_3_,
        one5_.one_key as one1_54_4_,
        one5_.x as x54_4_,
        one5_.one_value as one3_54_4_ 
    from
        abcd cascades0_ 
    left outer join
        Simple simple1_ 
            on cascades0_.simple=simple1_.id_ 
    left outer join
        Simple simple2_ 
            on simple1_.other=simple2_.id_ 
    inner join
        one one3_ 
            on cascades0_.one=one3_.one_key 
    inner join
        many many4_ 
            on cascades0_.many=many4_.many_key 
    left outer join
        one one5_ 
            on many4_.one_key=one5_.one_key 
    where
        cascades0_.container_id=?
14:16:43,091 DEBUG SQL:104 - 
    select
        onetomany0_.container_id1 as container8_4_2_,
        onetomany0_.id_ as id1_13_2_,
        onetomany0_.list_index as list9_2_,
        onetomany0_.id_ as id1_13_1_,
        onetomany0_.name as name13_1_,
        onetomany0_.address as address13_1_,
        onetomany0_.count_ as count4_13_1_,
        onetomany0_.date_ as date5_13_1_,
        onetomany0_.pay as pay13_1_,
        onetomany0_.other as other13_1_,
        simple1_.id_ as id1_13_0_,
        simple1_.name as name13_0_,
        simple1_.address as address13_0_,
        simple1_.count_ as count4_13_0_,
        simple1_.date_ as date5_13_0_,
        simple1_.pay as pay13_0_,
        simple1_.other as other13_0_ 
    from
        Simple onetomany0_ 
    left outer join
        Simple simple1_ 
            on onetomany0_.other=simple1_.id_ 
    where
        onetomany0_.container_id1=?
14:16:43,115 DEBUG SQL:104 - 
    select
        manytomany0_.container_id2 as container1_4_2_,
        manytomany0_.elt as elt52_2_,
        manytomany0_.list_index as list3_2_,
        simple1_.id_ as id1_13_0_,
        simple1_.name as name13_0_,
        simple1_.address as address13_0_,
        simple1_.count_ as count4_13_0_,
        simple1_.date_ as date5_13_0_,
        simple1_.pay as pay13_0_,
        simple1_.other as other13_0_,
        simple2_.id_ as id1_13_1_,
        simple2_.name as name13_1_,
        simple2_.address as address13_1_,
        simple2_.count_ as count4_13_1_,
        simple2_.date_ as date5_13_1_,
        simple2_.pay as pay13_1_,
        simple2_.other as other13_1_ 
    from
        manyToMany manytomany0_ 
    inner join
        Simple simple1_ 
            on manytomany0_.elt=simple1_.id_ 
    left outer join
        Simple simple2_ 
            on simple1_.other=simple2_.id_ 
    where
        manytomany0_.container_id2=?
14:16:43,116 DEBUG SQL:104 - 
    select
        components0_.container_id as container1_4_5_,
        components0_.name as name36_5_,
        components0_.count_ as count3_36_5_,
        components0_.simple as simple36_5_,
        components0_.one as one36_5_,
        components0_.many as many36_5_,
        components0_.list_index as list7_5_,
        simple1_.id_ as id1_13_0_,
        simple1_.name as name13_0_,
        simple1_.address as address13_0_,
        simple1_.count_ as count4_13_0_,
        simple1_.date_ as date5_13_0_,
        simple1_.pay as pay13_0_,
        simple1_.other as other13_0_,
        simple2_.id_ as id1_13_1_,
        simple2_.name as name13_1_,
        simple2_.address as address13_1_,
        simple2_.count_ as count4_13_1_,
        simple2_.date_ as date5_13_1_,
        simple2_.pay as pay13_1_,
        simple2_.other as other13_1_,
        one3_.one_key as one1_54_2_,
        one3_.x as x54_2_,
        one3_.one_value as one3_54_2_,
        many4_.many_key as many1_50_3_,
        many4_.x as x50_3_,
        many4_.one_key as one3_50_3_,
        one5_.one_key as one1_54_4_,
        one5_.x as x54_4_,
        one5_.one_value as one3_54_4_ 
    from
        components components0_ 
    left outer join
        Simple simple1_ 
            on components0_.simple=simple1_.id_ 
    left outer join
        Simple simple2_ 
            on simple1_.other=simple2_.id_ 
    left outer join
        one one3_ 
            on components0_.one=one3_.one_key 
    left outer join
        many many4_ 
            on components0_.many=many4_.many_key 
    left outer join
        one one5_ 
            on many4_.one_key=one5_.one_key 
    where
        components0_.container_id=?
14:16:43,140 DEBUG SQL:104 - 
    select
        composites0_.container_id as container1_4_5_,
        composites0_.name as name37_5_,
        composites0_.simple as simple37_5_,
        composites0_.one as one37_5_,
        composites0_.many as many37_5_,
        simple1_.id_ as id1_13_0_,
        simple1_.name as name13_0_,
        simple1_.address as address13_0_,
        simple1_.count_ as count4_13_0_,
        simple1_.date_ as date5_13_0_,
        simple1_.pay as pay13_0_,
        simple1_.other as other13_0_,
        simple2_.id_ as id1_13_1_,
        simple2_.name as name13_1_,
        simple2_.address as address13_1_,
        simple2_.count_ as count4_13_1_,
        simple2_.date_ as date5_13_1_,
        simple2_.pay as pay13_1_,
        simple2_.other as other13_1_,
        one3_.one_key as one1_54_2_,
        one3_.x as x54_2_,
        one3_.one_value as one3_54_2_,
        many4_.many_key as many1_50_3_,
        many4_.x as x50_3_,
        many4_.one_key as one3_50_3_,
        one5_.one_key as one1_54_4_,
        one5_.x as x54_4_,
        one5_.one_value as one3_54_4_ 
    from
        composites composites0_ 
    left outer join
        Simple simple1_ 
            on composites0_.simple=simple1_.id_ 
    left outer join
        Simple simple2_ 
            on simple1_.other=simple2_.id_ 
    left outer join
        one one3_ 
            on composites0_.one=one3_.one_key 
    left outer join
        many many4_ 
            on composites0_.many=many4_.many_key 
    left outer join
        one one5_ 
            on many4_.one_key=one5_.one_key 
    where
        composites0_.container_id=?
14:16:43,149 DEBUG SQL:104 - 
    update
        Simple 
    set
        container_id1=null,
        list_index=null 
    where
        container_id1=? 
        and id_=?
14:16:43,158 DEBUG SQL:104 - 
    update
        Simple 
    set
        container_id1=null,
        list_index=null 
    where
        container_id1=? 
        and id_=?
14:16:43,158 DEBUG SQL:104 - 
    update
        Simple 
    set
        container_id1=?,
        list_index=? 
    where
        id_=?
14:16:43,158 DEBUG SQL:104 - 
    update
        Simple 
    set
        container_id1=?,
        list_index=? 
    where
        id_=?
14:16:43,158 DEBUG SQL:104 - 
    update
        manyToMany 
    set
        elt=? 
    where
        container_id2=? 
        and list_index=?
14:16:43,159 DEBUG SQL:104 - 
    delete 
    from
        components 
    where
        container_id=? 
        and list_index=?
14:16:43,159 DEBUG SQL:104 - 
    update
        components 
    set
        name=?,
        count_=?,
        simple=?,
        one=?,
        many=? 
    where
        container_id=? 
        and list_index=?
14:16:43,159 DEBUG SQL:104 - 
    insert 
    into
        composites
        (container_id, name, simple, one, many) 
    values
        (?, ?, ?, ?, ?)
14:16:43,171 DEBUG SQL:104 - 
    select
        container0_.container_id as container1_4_0_ 
    from
        Container container0_ 
    where
        container0_.container_id=?
14:16:43,173 DEBUG SQL:104 - 
    select
        ternaryset0_.container_id as container1_4_0_,
        ternaryset0_.name as name62_0_,
        ternaryset0_.foo as foo62_0_,
        ternaryset0_.glarch as glarch62_0_ 
    from
        ternarySet ternaryset0_ 
    where
        ternaryset0_.container_id=?
14:16:43,174 DEBUG SQL:104 - 
    select
        ternarymap0_.container_id as container1_4_0_,
        ternarymap0_.name as name61_0_,
        ternarymap0_.foo as foo61_0_,
        ternarymap0_.glarch as glarch61_0_,
        ternarymap0_.idx as idx0_ 
    from
        ternaryMap ternarymap0_ 
    where
        ternarymap0_.container_id=?
14:16:43,184 DEBUG SQL:104 - 
    select
        bag0_.container_id as container1_4_1_,
        bag0_.contained_id as contained2_0_1_,
        contained1_.container_id as container1_3_0_ 
    from
        CCBAG bag0_ 
    inner join
        Contained contained1_ 
            on bag0_.contained_id=contained1_.container_id 
    where
        bag0_.container_id=?
14:16:43,185 DEBUG SQL:104 - 
    select
        cascades0_.container_id as container1_4_5_,
        cascades0_.name as name25_5_,
        cascades0_.simple as simple25_5_,
        cascades0_.one as one25_5_,
        cascades0_.many as many25_5_,
        simple1_.id_ as id1_13_0_,
        simple1_.name as name13_0_,
        simple1_.address as address13_0_,
        simple1_.count_ as count4_13_0_,
        simple1_.date_ as date5_13_0_,
        simple1_.pay as pay13_0_,
        simple1_.other as other13_0_,
        simple2_.id_ as id1_13_1_,
        simple2_.name as name13_1_,
        simple2_.address as address13_1_,
        simple2_.count_ as count4_13_1_,
        simple2_.date_ as date5_13_1_,
        simple2_.pay as pay13_1_,
        simple2_.other as other13_1_,
        one3_.one_key as one1_54_2_,
        one3_.x as x54_2_,
        one3_.one_value as one3_54_2_,
        many4_.many_key as many1_50_3_,
        many4_.x as x50_3_,
        many4_.one_key as one3_50_3_,
        one5_.one_key as one1_54_4_,
        one5_.x as x54_4_,
        one5_.one_value as one3_54_4_ 
    from
        abcd cascades0_ 
    left outer join
        Simple simple1_ 
            on cascades0_.simple=simple1_.id_ 
    left outer join
        Simple simple2_ 
            on simple1_.other=simple2_.id_ 
    inner join
        one one3_ 
            on cascades0_.one=one3_.one_key 
    inner join
        many many4_ 
            on cascades0_.many=many4_.many_key 
    left outer join
        one one5_ 
            on many4_.one_key=one5_.one_key 
    where
        cascades0_.container_id=?
14:16:43,208 DEBUG SQL:104 - 
    select
        onetomany0_.container_id1 as container8_4_2_,
        onetomany0_.id_ as id1_13_2_,
        onetomany0_.list_index as list9_2_,
        onetomany0_.id_ as id1_13_1_,
        onetomany0_.name as name13_1_,
        onetomany0_.address as address13_1_,
        onetomany0_.count_ as count4_13_1_,
        onetomany0_.date_ as date5_13_1_,
        onetomany0_.pay as pay13_1_,
        onetomany0_.other as other13_1_,
        simple1_.id_ as id1_13_0_,
        simple1_.name as name13_0_,
        simple1_.address as address13_0_,
        simple1_.count_ as count4_13_0_,
        simple1_.date_ as date5_13_0_,
        simple1_.pay as pay13_0_,
        simple1_.other as other13_0_ 
    from
        Simple onetomany0_ 
    left outer join
        Simple simple1_ 
            on onetomany0_.other=simple1_.id_ 
    where
        onetomany0_.container_id1=?
14:16:43,223 DEBUG SQL:104 - 
    select
        manytomany0_.container_id2 as container1_4_2_,
        manytomany0_.elt as elt52_2_,
        manytomany0_.list_index as list3_2_,
        simple1_.id_ as id1_13_0_,
        simple1_.name as name13_0_,
        simple1_.address as address13_0_,
        simple1_.count_ as count4_13_0_,
        simple1_.date_ as date5_13_0_,
        simple1_.pay as pay13_0_,
        simple1_.other as other13_0_,
        simple2_.id_ as id1_13_1_,
        simple2_.name as name13_1_,
        simple2_.address as address13_1_,
        simple2_.count_ as count4_13_1_,
        simple2_.date_ as date5_13_1_,
        simple2_.pay as pay13_1_,
        simple2_.other as other13_1_ 
    from
        manyToMany manytomany0_ 
    inner join
        Simple simple1_ 
            on manytomany0_.elt=simple1_.id_ 
    left outer join
        Simple simple2_ 
            on simple1_.other=simple2_.id_ 
    where
        manytomany0_.container_id2=?
14:16:43,231 DEBUG SQL:104 - 
    select
        components0_.container_id as container1_4_5_,
        components0_.name as name36_5_,
        components0_.count_ as count3_36_5_,
        components0_.simple as simple36_5_,
        components0_.one as one36_5_,
        components0_.many as many36_5_,
        components0_.list_index as list7_5_,
        simple1_.id_ as id1_13_0_,
        simple1_.name as name13_0_,
        simple1_.address as address13_0_,
        simple1_.count_ as count4_13_0_,
        simple1_.date_ as date5_13_0_,
        simple1_.pay as pay13_0_,
        simple1_.other as other13_0_,
        simple2_.id_ as id1_13_1_,
        simple2_.name as name13_1_,
        simple2_.address as address13_1_,
        simple2_.count_ as count4_13_1_,
        simple2_.date_ as date5_13_1_,
        simple2_.pay as pay13_1_,
        simple2_.other as other13_1_,
        one3_.one_key as one1_54_2_,
        one3_.x as x54_2_,
        one3_.one_value as one3_54_2_,
        many4_.many_key as many1_50_3_,
        many4_.x as x50_3_,
        many4_.one_key as one3_50_3_,
        one5_.one_key as one1_54_4_,
        one5_.x as x54_4_,
        one5_.one_value as one3_54_4_ 
    from
        components components0_ 
    left outer join
        Simple simple1_ 
            on components0_.simple=simple1_.id_ 
    left outer join
        Simple simple2_ 
            on simple1_.other=simple2_.id_ 
    left outer join
        one one3_ 
            on components0_.one=one3_.one_key 
    left outer join
        many many4_ 
            on components0_.many=many4_.many_key 
    left outer join
        one one5_ 
            on many4_.one_key=one5_.one_key 
    where
        components0_.container_id=?
14:16:43,251 DEBUG SQL:104 - 
    select
        composites0_.container_id as container1_4_5_,
        composites0_.name as name37_5_,
        composites0_.simple as simple37_5_,
        composites0_.one as one37_5_,
        composites0_.many as many37_5_,
        simple1_.id_ as id1_13_0_,
        simple1_.name as name13_0_,
        simple1_.address as address13_0_,
        simple1_.count_ as count4_13_0_,
        simple1_.date_ as date5_13_0_,
        simple1_.pay as pay13_0_,
        simple1_.other as other13_0_,
        simple2_.id_ as id1_13_1_,
        simple2_.name as name13_1_,
        simple2_.address as address13_1_,
        simple2_.count_ as count4_13_1_,
        simple2_.date_ as date5_13_1_,
        simple2_.pay as pay13_1_,
        simple2_.other as other13_1_,
        one3_.one_key as one1_54_2_,
        one3_.x as x54_2_,
        one3_.one_value as one3_54_2_,
        many4_.many_key as many1_50_3_,
        many4_.x as x50_3_,
        many4_.one_key as one3_50_3_,
        one5_.one_key as one1_54_4_,
        one5_.x as x54_4_,
        one5_.one_value as one3_54_4_ 
    from
        composites composites0_ 
    left outer join
        Simple simple1_ 
            on composites0_.simple=simple1_.id_ 
    left outer join
        Simple simple2_ 
            on simple1_.other=simple2_.id_ 
    left outer join
        one one3_ 
            on composites0_.one=one3_.one_key 
    left outer join
        many many4_ 
            on composites0_.many=many4_.many_key 
    left outer join
        one one5_ 
            on many4_.one_key=one5_.one_key 
    where
        composites0_.container_id=?
14:16:43,263 DEBUG SQL:104 - 
    update
        components 
    set
        name=?,
        count_=?,
        simple=?,
        one=?,
        many=? 
    where
        container_id=? 
        and list_index=?
14:16:43,272 DEBUG SQL:104 - 
    delete 
    from
        composites 
    where
        container_id=? 
        and name=? 
        and simple=? 
        and one=? 
        and many=?
14:16:43,273 DEBUG SQL:104 - 
    insert 
    into
        composites
        (container_id, name, simple, one, many) 
    values
        (?, ?, ?, ?, ?)
14:16:43,273 DEBUG SQL:104 - 
    select
        container0_.container_id as container1_4_0_ 
    from
        Container container0_ 
    where
        container0_.container_id=?
14:16:43,274 DEBUG SQL:104 - 
    select
        ternaryset0_.container_id as container1_4_0_,
        ternaryset0_.name as name62_0_,
        ternaryset0_.foo as foo62_0_,
        ternaryset0_.glarch as glarch62_0_ 
    from
        ternarySet ternaryset0_ 
    where
        ternaryset0_.container_id=?
14:16:43,283 DEBUG SQL:104 - 
    select
        ternarymap0_.container_id as container1_4_0_,
        ternarymap0_.name as name61_0_,
        ternarymap0_.foo as foo61_0_,
        ternarymap0_.glarch as glarch61_0_,
        ternarymap0_.idx as idx0_ 
    from
        ternaryMap ternarymap0_ 
    where
        ternarymap0_.container_id=?
14:16:43,284 DEBUG SQL:104 - 
    select
        bag0_.container_id as container1_4_1_,
        bag0_.contained_id as contained2_0_1_,
        contained1_.container_id as container1_3_0_ 
    from
        CCBAG bag0_ 
    inner join
        Contained contained1_ 
            on bag0_.contained_id=contained1_.container_id 
    where
        bag0_.container_id=?
14:16:43,284 DEBUG SQL:104 - 
    select
        cascades0_.container_id as container1_4_5_,
        cascades0_.name as name25_5_,
        cascades0_.simple as simple25_5_,
        cascades0_.one as one25_5_,
        cascades0_.many as many25_5_,
        simple1_.id_ as id1_13_0_,
        simple1_.name as name13_0_,
        simple1_.address as address13_0_,
        simple1_.count_ as count4_13_0_,
        simple1_.date_ as date5_13_0_,
        simple1_.pay as pay13_0_,
        simple1_.other as other13_0_,
        simple2_.id_ as id1_13_1_,
        simple2_.name as name13_1_,
        simple2_.address as address13_1_,
        simple2_.count_ as count4_13_1_,
        simple2_.date_ as date5_13_1_,
        simple2_.pay as pay13_1_,
        simple2_.other as other13_1_,
        one3_.one_key as one1_54_2_,
        one3_.x as x54_2_,
        one3_.one_value as one3_54_2_,
        many4_.many_key as many1_50_3_,
        many4_.x as x50_3_,
        many4_.one_key as one3_50_3_,
        one5_.one_key as one1_54_4_,
        one5_.x as x54_4_,
        one5_.one_value as one3_54_4_ 
    from
        abcd cascades0_ 
    left outer join
        Simple simple1_ 
            on cascades0_.simple=simple1_.id_ 
    left outer join
        Simple simple2_ 
            on simple1_.other=simple2_.id_ 
    inner join
        one one3_ 
            on cascades0_.one=one3_.one_key 
    inner join
        many many4_ 
            on cascades0_.many=many4_.many_key 
    left outer join
        one one5_ 
            on many4_.one_key=one5_.one_key 
    where
        cascades0_.container_id=?
14:16:43,295 DEBUG SQL:104 - 
    select
        onetomany0_.container_id1 as container8_4_2_,
        onetomany0_.id_ as id1_13_2_,
        onetomany0_.list_index as list9_2_,
        onetomany0_.id_ as id1_13_1_,
        onetomany0_.name as name13_1_,
        onetomany0_.address as address13_1_,
        onetomany0_.count_ as count4_13_1_,
        onetomany0_.date_ as date5_13_1_,
        onetomany0_.pay as pay13_1_,
        onetomany0_.other as other13_1_,
        simple1_.id_ as id1_13_0_,
        simple1_.name as name13_0_,
        simple1_.address as address13_0_,
        simple1_.count_ as count4_13_0_,
        simple1_.date_ as date5_13_0_,
        simple1_.pay as pay13_0_,
        simple1_.other as other13_0_ 
    from
        Simple onetomany0_ 
    left outer join
        Simple simple1_ 
            on onetomany0_.other=simple1_.id_ 
    where
        onetomany0_.container_id1=?
14:16:43,306 DEBUG SQL:104 - 
    select
        manytomany0_.container_id2 as container1_4_2_,
        manytomany0_.elt as elt52_2_,
        manytomany0_.list_index as list3_2_,
        simple1_.id_ as id1_13_0_,
        simple1_.name as name13_0_,
        simple1_.address as address13_0_,
        simple1_.count_ as count4_13_0_,
        simple1_.date_ as date5_13_0_,
        simple1_.pay as pay13_0_,
        simple1_.other as other13_0_,
        simple2_.id_ as id1_13_1_,
        simple2_.name as name13_1_,
        simple2_.address as address13_1_,
        simple2_.count_ as count4_13_1_,
        simple2_.date_ as date5_13_1_,
        simple2_.pay as pay13_1_,
        simple2_.other as other13_1_ 
    from
        manyToMany manytomany0_ 
    inner join
        Simple simple1_ 
            on manytomany0_.elt=simple1_.id_ 
    left outer join
        Simple simple2_ 
            on simple1_.other=simple2_.id_ 
    where
        manytomany0_.container_id2=?
14:16:43,307 DEBUG SQL:104 - 
    select
        components0_.container_id as container1_4_5_,
        components0_.name as name36_5_,
        components0_.count_ as count3_36_5_,
        components0_.simple as simple36_5_,
        components0_.one as one36_5_,
        components0_.many as many36_5_,
        components0_.list_index as list7_5_,
        simple1_.id_ as id1_13_0_,
        simple1_.name as name13_0_,
        simple1_.address as address13_0_,
        simple1_.count_ as count4_13_0_,
        simple1_.date_ as date5_13_0_,
        simple1_.pay as pay13_0_,
        simple1_.other as other13_0_,
        simple2_.id_ as id1_13_1_,
        simple2_.name as name13_1_,
        simple2_.address as address13_1_,
        simple2_.count_ as count4_13_1_,
        simple2_.date_ as date5_13_1_,
        simple2_.pay as pay13_1_,
        simple2_.other as other13_1_,
        one3_.one_key as one1_54_2_,
        one3_.x as x54_2_,
        one3_.one_value as one3_54_2_,
        many4_.many_key as many1_50_3_,
        many4_.x as x50_3_,
        many4_.one_key as one3_50_3_,
        one5_.one_key as one1_54_4_,
        one5_.x as x54_4_,
        one5_.one_value as one3_54_4_ 
    from
        components components0_ 
    left outer join
        Simple simple1_ 
            on components0_.simple=simple1_.id_ 
    left outer join
        Simple simple2_ 
            on simple1_.other=simple2_.id_ 
    left outer join
        one one3_ 
            on components0_.one=one3_.one_key 
    left outer join
        many many4_ 
            on components0_.many=many4_.many_key 
    left outer join
        one one5_ 
            on many4_.one_key=one5_.one_key 
    where
        components0_.container_id=?
14:16:43,339 DEBUG SQL:104 - 
    select
        composites0_.container_id as container1_4_5_,
        composites0_.name as name37_5_,
        composites0_.simple as simple37_5_,
        composites0_.one as one37_5_,
        composites0_.many as many37_5_,
        simple1_.id_ as id1_13_0_,
        simple1_.name as name13_0_,
        simple1_.address as address13_0_,
        simple1_.count_ as count4_13_0_,
        simple1_.date_ as date5_13_0_,
        simple1_.pay as pay13_0_,
        simple1_.other as other13_0_,
        simple2_.id_ as id1_13_1_,
        simple2_.name as name13_1_,
        simple2_.address as address13_1_,
        simple2_.count_ as count4_13_1_,
        simple2_.date_ as date5_13_1_,
        simple2_.pay as pay13_1_,
        simple2_.other as other13_1_,
        one3_.one_key as one1_54_2_,
        one3_.x as x54_2_,
        one3_.one_value as one3_54_2_,
        many4_.many_key as many1_50_3_,
        many4_.x as x50_3_,
        many4_.one_key as one3_50_3_,
        one5_.one_key as one1_54_4_,
        one5_.x as x54_4_,
        one5_.one_value as one3_54_4_ 
    from
        composites composites0_ 
    left outer join
        Simple simple1_ 
            on composites0_.simple=simple1_.id_ 
    left outer join
        Simple simple2_ 
            on simple1_.other=simple2_.id_ 
    left outer join
        one one3_ 
            on composites0_.one=one3_.one_key 
    left outer join
        many many4_ 
            on composites0_.many=many4_.many_key 
    left outer join
        one one5_ 
            on many4_.one_key=one5_.one_key 
    where
        composites0_.container_id=?
14:16:43,361 DEBUG SQL:104 - 
    update
        Simple 
    set
        container_id1=null,
        list_index=null 
    where
        container_id1=?
14:16:43,362 DEBUG SQL:104 - 
    delete 
    from
        manyToMany 
    where
        container_id2=?
14:16:43,362 DEBUG SQL:104 - 
    delete 
    from
        components 
    where
        container_id=?
14:16:43,362 DEBUG SQL:104 - 
    delete 
    from
        composites 
    where
        container_id=?
14:16:43,370 DEBUG SQL:104 - 
    select
        simple0_.id_ as id1_13_,
        simple0_.name as name13_,
        simple0_.address as address13_,
        simple0_.count_ as count4_13_,
        simple0_.date_ as date5_13_,
        simple0_.pay as pay13_,
        simple0_.other as other13_ 
    from
        Simple simple0_
14:16:43,371 DEBUG SQL:104 - 
    select
        many0_.many_key as many1_50_,
        many0_.x as x50_,
        many0_.one_key as one3_50_ 
    from
        many many0_
14:16:43,372 DEBUG SQL:104 - 
    select
        one0_.one_key as one1_54_,
        one0_.x as x54_,
        one0_.one_value as one3_54_ 
    from
        one one0_
14:16:43,382 DEBUG SQL:104 - 
    delete 
    from
        Simple 
    where
        id_=?
14:16:43,383 DEBUG SQL:104 - 
    delete 
    from
        Simple 
    where
        id_=?
14:16:43,383 DEBUG SQL:104 - 
    delete 
    from
        many 
    where
        many_key=?
14:16:43,383 DEBUG SQL:104 - 
    delete 
    from
        one 
    where
        one_key=?
14:16:43,384 DEBUG SQL:104 - 
    select
        container0_.container_id as container1_4_0_ 
    from
        Container container0_ 
    where
        container0_.container_id=?
14:16:43,392 DEBUG SQL:104 - 
    select
        ternaryset0_.container_id as container1_4_0_,
        ternaryset0_.name as name62_0_,
        ternaryset0_.foo as foo62_0_,
        ternaryset0_.glarch as glarch62_0_ 
    from
        ternarySet ternaryset0_ 
    where
        ternaryset0_.container_id=?
14:16:43,393 DEBUG SQL:104 - 
    select
        ternarymap0_.container_id as container1_4_0_,
        ternarymap0_.name as name61_0_,
        ternarymap0_.foo as foo61_0_,
        ternarymap0_.glarch as glarch61_0_,
        ternarymap0_.idx as idx0_ 
    from
        ternaryMap ternarymap0_ 
    where
        ternarymap0_.container_id=?
14:16:43,393 DEBUG SQL:104 - 
    select
        bag0_.container_id as container1_4_1_,
        bag0_.contained_id as contained2_0_1_,
        contained1_.container_id as container1_3_0_ 
    from
        CCBAG bag0_ 
    inner join
        Contained contained1_ 
            on bag0_.contained_id=contained1_.container_id 
    where
        bag0_.container_id=?
14:16:43,403 DEBUG SQL:104 - 
    select
        cascades0_.container_id as container1_4_5_,
        cascades0_.name as name25_5_,
        cascades0_.simple as simple25_5_,
        cascades0_.one as one25_5_,
        cascades0_.many as many25_5_,
        simple1_.id_ as id1_13_0_,
        simple1_.name as name13_0_,
        simple1_.address as address13_0_,
        simple1_.count_ as count4_13_0_,
        simple1_.date_ as date5_13_0_,
        simple1_.pay as pay13_0_,
        simple1_.other as other13_0_,
        simple2_.id_ as id1_13_1_,
        simple2_.name as name13_1_,
        simple2_.address as address13_1_,
        simple2_.count_ as count4_13_1_,
        simple2_.date_ as date5_13_1_,
        simple2_.pay as pay13_1_,
        simple2_.other as other13_1_,
        one3_.one_key as one1_54_2_,
        one3_.x as x54_2_,
        one3_.one_value as one3_54_2_,
        many4_.many_key as many1_50_3_,
        many4_.x as x50_3_,
        many4_.one_key as one3_50_3_,
        one5_.one_key as one1_54_4_,
        one5_.x as x54_4_,
        one5_.one_value as one3_54_4_ 
    from
        abcd cascades0_ 
    left outer join
        Simple simple1_ 
            on cascades0_.simple=simple1_.id_ 
    left outer join
        Simple simple2_ 
            on simple1_.other=simple2_.id_ 
    inner join
        one one3_ 
            on cascades0_.one=one3_.one_key 
    inner join
        many many4_ 
            on cascades0_.many=many4_.many_key 
    left outer join
        one one5_ 
            on many4_.one_key=one5_.one_key 
    where
        cascades0_.container_id=?
14:16:43,415 DEBUG SQL:104 - 
    select
        components0_.container_id as container1_4_5_,
        components0_.name as name36_5_,
        components0_.count_ as count3_36_5_,
        components0_.simple as simple36_5_,
        components0_.one as one36_5_,
        components0_.many as many36_5_,
        components0_.list_index as list7_5_,
        simple1_.id_ as id1_13_0_,
        simple1_.name as name13_0_,
        simple1_.address as address13_0_,
        simple1_.count_ as count4_13_0_,
        simple1_.date_ as date5_13_0_,
        simple1_.pay as pay13_0_,
        simple1_.other as other13_0_,
        simple2_.id_ as id1_13_1_,
        simple2_.name as name13_1_,
        simple2_.address as address13_1_,
        simple2_.count_ as count4_13_1_,
        simple2_.date_ as date5_13_1_,
        simple2_.pay as pay13_1_,
        simple2_.other as other13_1_,
        one3_.one_key as one1_54_2_,
        one3_.x as x54_2_,
        one3_.one_value as one3_54_2_,
        many4_.many_key as many1_50_3_,
        many4_.x as x50_3_,
        many4_.one_key as one3_50_3_,
        one5_.one_key as one1_54_4_,
        one5_.x as x54_4_,
        one5_.one_value as one3_54_4_ 
    from
        components components0_ 
    left outer join
        Simple simple1_ 
            on components0_.simple=simple1_.id_ 
    left outer join
        Simple simple2_ 
            on simple1_.other=simple2_.id_ 
    left outer join
        one one3_ 
            on components0_.one=one3_.one_key 
    left outer join
        many many4_ 
            on components0_.many=many4_.many_key 
    left outer join
        one one5_ 
            on many4_.one_key=one5_.one_key 
    where
        components0_.container_id=?
14:16:43,429 DEBUG SQL:104 - 
    select
        composites0_.container_id as container1_4_5_,
        composites0_.name as name37_5_,
        composites0_.simple as simple37_5_,
        composites0_.one as one37_5_,
        composites0_.many as many37_5_,
        simple1_.id_ as id1_13_0_,
        simple1_.name as name13_0_,
        simple1_.address as address13_0_,
        simple1_.count_ as count4_13_0_,
        simple1_.date_ as date5_13_0_,
        simple1_.pay as pay13_0_,
        simple1_.other as other13_0_,
        simple2_.id_ as id1_13_1_,
        simple2_.name as name13_1_,
        simple2_.address as address13_1_,
        simple2_.count_ as count4_13_1_,
        simple2_.date_ as date5_13_1_,
        simple2_.pay as pay13_1_,
        simple2_.other as other13_1_,
        one3_.one_key as one1_54_2_,
        one3_.x as x54_2_,
        one3_.one_value as one3_54_2_,
        many4_.many_key as many1_50_3_,
        many4_.x as x50_3_,
        many4_.one_key as one3_50_3_,
        one5_.one_key as one1_54_4_,
        one5_.x as x54_4_,
        one5_.one_value as one3_54_4_ 
    from
        composites composites0_ 
    left outer join
        Simple simple1_ 
            on composites0_.simple=simple1_.id_ 
    left outer join
        Simple simple2_ 
            on simple1_.other=simple2_.id_ 
    left outer join
        one one3_ 
            on composites0_.one=one3_.one_key 
    left outer join
        many many4_ 
            on composites0_.many=many4_.many_key 
    left outer join
        one one5_ 
            on many4_.one_key=one5_.one_key 
    where
        composites0_.container_id=?
14:16:43,439 DEBUG SQL:104 - 
    select
        onetomany0_.container_id1 as container8_4_2_,
        onetomany0_.id_ as id1_13_2_,
        onetomany0_.list_index as list9_2_,
        onetomany0_.id_ as id1_13_1_,
        onetomany0_.name as name13_1_,
        onetomany0_.address as address13_1_,
        onetomany0_.count_ as count4_13_1_,
        onetomany0_.date_ as date5_13_1_,
        onetomany0_.pay as pay13_1_,
        onetomany0_.other as other13_1_,
        simple1_.id_ as id1_13_0_,
        simple1_.name as name13_0_,
        simple1_.address as address13_0_,
        simple1_.count_ as count4_13_0_,
        simple1_.date_ as date5_13_0_,
        simple1_.pay as pay13_0_,
        simple1_.other as other13_0_ 
    from
        Simple onetomany0_ 
    left outer join
        Simple simple1_ 
            on onetomany0_.other=simple1_.id_ 
    where
        onetomany0_.container_id1=?
14:16:43,462 DEBUG SQL:104 - 
    select
        manytomany0_.container_id2 as container1_4_2_,
        manytomany0_.elt as elt52_2_,
        manytomany0_.list_index as list3_2_,
        simple1_.id_ as id1_13_0_,
        simple1_.name as name13_0_,
        simple1_.address as address13_0_,
        simple1_.count_ as count4_13_0_,
        simple1_.date_ as date5_13_0_,
        simple1_.pay as pay13_0_,
        simple1_.other as other13_0_,
        simple2_.id_ as id1_13_1_,
        simple2_.name as name13_1_,
        simple2_.address as address13_1_,
        simple2_.count_ as count4_13_1_,
        simple2_.date_ as date5_13_1_,
        simple2_.pay as pay13_1_,
        simple2_.other as other13_1_ 
    from
        manyToMany manytomany0_ 
    inner join
        Simple simple1_ 
            on manytomany0_.elt=simple1_.id_ 
    left outer join
        Simple simple2_ 
            on simple1_.other=simple2_.id_ 
    where
        manytomany0_.container_id2=?
14:16:43,473 DEBUG SQL:104 - 
    delete 
    from
        Container 
    where
        container_id=?
14:16:43,473  INFO CustomRunner:139 - Test: testDeleteEmpty
14:16:43,475 DEBUG SQL:104 - 
    select
        simple0_.id_ as id1_13_,
        simple0_.name as name13_,
        simple0_.address as address13_,
        simple0_.count_ as count4_13_,
        simple0_.date_ as date5_13_,
        simple0_.pay as pay13_,
        simple0_.other as other13_ 
    from
        Simple simple0_
14:16:43,482 DEBUG SQL:104 - 
    select
        fum0_.string_ as string1_6_,
        fum0_.short_ as short2_6_,
        fum0_.date_ as date3_6_,
        fum0_.vid as vid6_,
        fum0_.fum as fum6_,
        fum0_.TString as TString6_,
        fum0_.fo_string as fo7_6_,
        fum0_.fo_short as fo8_6_,
        fum0_.fo_date as fo9_6_,
        fum0_.count_ as count10_6_ 
    from
        Fum fum0_
14:16:43,483 DEBUG SQL:104 - 
    select
        fo0_.string_ as string1_39_,
        fo0_.short_ as short2_39_,
        fo0_.date_ as date3_39_,
        fo0_.version as version39_,
        fo0_.serial_ as serial5_39_,
        fo0_.buf as buf39_,
        fo0_.x as x39_ 
    from
        foes fo0_
14:16:43,484 DEBUG SQL:104 - 
    select
        container0_.container_id as container1_4_ 
    from
        Container container0_
14:16:43,494 DEBUG SQL:104 - 
    select
        qux0_.qux_key as qux1_55_,
        qux0_.foo as foo55_,
        qux0_.deleted as deleted55_,
        qux0_.loaded as loaded55_,
        qux0_.stored as stored55_,
        qux0_.created as created55_,
        qux0_.childKey as childKey55_,
        qux0_.stuff as stuff55_,
        qux0_.HOLDER_NAME as HOLDER9_55_ 
    from
        quux qux0_
14:16:43,495 DEBUG SQL:104 - 
    select
        many0_.many_key as many1_50_,
        many0_.x as x50_,
        many0_.one_key as one3_50_ 
    from
        many many0_
14:16:43,496 DEBUG SQL:104 - 
    select
        immutable0_.id_ as id1_47_,
        immutable0_.foo as foo47_,
        immutable0_.bar as bar47_ 
    from
        immut immutable0_
14:16:43,496 DEBUG SQL:104 - 
    select
        child0_.id as id1_,
        child0_.x as x1_,
        child0_.count_ as count3_1_ 
    from
        Child child0_
14:16:43,506 DEBUG SQL:104 - 
    select
        parent0_.id as id11_,
        parent0_.x as x11_,
        parent0_.count_ as count3_11_,
        parent0_.any_id as any4_11_,
        parent0_.any_class as any5_11_ 
    from
        Parent parent0_
14:16:43,506 DEBUG SQL:104 - 
    select
        simple0_.id_ as id1_13_,
        simple0_.name as name13_,
        simple0_.address as address13_,
        simple0_.count_ as count4_13_,
        simple0_.date_ as date5_13_,
        simple0_.pay as pay13_,
        simple0_.other as other13_ 
    from
        Simple simple0_
14:16:43,506 DEBUG SQL:104 - 
    select
        contained0_.container_id as container1_3_ 
    from
        Contained contained0_
14:16:43,516 DEBUG SQL:104 - 
    select
        holder0_.id_ as id1_8_,
        holder0_.name as name8_,
        holder0_.otherHolder as otherHol3_8_ 
    from
        Holder holder0_
14:16:43,516 DEBUG SQL:104 - 
    select
        sortable0_.id as id14_,
        sortable0_.name as name14_ 
    from
        Sortable sortable0_
14:16:43,516 DEBUG SQL:104 - 
    select
        stuff0_.id as id15_,
        stuff0_.foo as foo15_,
        stuff0_.moreInt as moreInt15_,
        stuff0_.moreString as moreString15_,
        stuff0_.property as property15_ 
    from
        Stuff stuff0_
14:16:43,517 DEBUG SQL:104 - 
    select
        vetoer0_.id_ as id1_16_,
        vetoer0_.name as name16_,
        vetoer0_.strings as strings16_ 
    from
        Vetoer vetoer0_
14:16:43,517 DEBUG SQL:104 - 
    select
        morestuff0_.intId as intId10_,
        morestuff0_.stringId as stringId10_,
        morestuff0_.name as name10_ 
    from
        MoreStuff morestuff0_
14:16:43,517 DEBUG SQL:104 - 
    select
        fumm0_.string_ as string1_7_,
        fumm0_.short_ as short2_7_,
        fumm0_.date_ as date3_7_,
        fumm0_.locale as locale7_ 
    from
        Fumm fumm0_
14:16:43,518 DEBUG SQL:104 - 
    select
        foo0_."foo_idcolumnname123" as foo1_20_,
        foo0_.version as version20_,
        foo0_.foo as foo20_,
        foo0_.long_ as long5_20_,
        foo0_."integer__" as integer6_20_,
        foo0_.float_ as float7_20_,
        foo0_.x as x20_,
        foo0_.double_ as double9_20_,
        foo0_.date_ as date10_20_,
        foo0_.timestamp_ as timestamp11_20_,
        foo0_.boolean_ as boolean12_20_,
        foo0_.bool_ as bool13_20_,
        foo0_.null_ as null14_20_,
        foo0_.short_ as short15_20_,
        foo0_.char_ as char16_20_,
        foo0_.zero_ as zero17_20_,
        foo0_.int_ as int18_20_,
        foo0_.string_ as string19_20_,
        foo0_.byte_ as byte20_20_,
        foo0_.yesno as yesno20_,
        foo0_.blobb_ as blobb22_20_,
        foo0_.nullBlob as nullBlob20_,
        foo0_.bin_ as bin24_20_,
        foo0_."localeayzabc123" as localea25_20_,
        foo0_.first_name as first26_20_,
        foo0_.surname as surname20_,
        foo0_.count_ as count28_20_,
        foo0_.name_ as name29_20_,
        foo0_.g__ as g30_20_,
        foo0_.cmpnt_null_ as cmpnt31_20_,
        foo0_.subname as subname20_,
        foo0_.fee_sub as fee33_20_,
        foo0_.null_cmpnt_ as null34_20_,
        foo0_1_.joinedProp as joinedProp49_,
        foo0_2_.dependent as dependent43_,
        foo0_.the_time as the35_20_,
        foo0_.baz as baz20_,
        foo0_.bar_string as bar37_20_,
        foo0_.bar_count as bar38_20_,
        foo0_.name as name20_,
        foo0_.clazz as clazz20_,
        foo0_.gen_id as gen41_20_,
        foo0_3_.name_name as name2_27_,
        foo0_.int_/2 as formula92_,
        foo0_."foo_subclass_1234" as foo2_20_ 
    from
        "foos" foo0_ 
    inner join
        jointable foo0_1_ 
            on foo0_."foo_idcolumnname123"=foo0_1_.fooid 
    inner join
        foo_dep_table foo0_2_ 
            on foo0_."foo_idcolumnname123"=foo0_2_.fooid 
    left outer join
        bar_join_table foo0_3_ 
            on foo0_."foo_idcolumnname123"=foo0_3_.bar_id 
    where
        foo0_."foo_subclass_1234" in (
            'F', 'B', 'T'
        )
14:16:43,542 DEBUG SQL:104 - 
    select
        circular0_.id_ as id1_2_,
        circular0_.clazz as clazz2_,
        circular0_.other as other2_,
        circular0_.classname as classname2_,
        circular0_.any_id as any5_2_ 
    from
        Circular circular0_
14:16:43,542 DEBUG SQL:104 - 
    select
        one0_.one_key as one1_54_,
        one0_.x as x54_,
        one0_.one_value as one3_54_ 
    from
        one one0_
14:16:43,542 DEBUG SQL:104 - 
    select
        fee0_.id_ as id1_24_,
        fee0_.fi as fi24_,
        fee0_.fee as fee24_,
        fee0_.anotherFee as anotherFee24_,
        fee0_.qux as qux24_,
        fee0_.count_ as count6_24_,
        fee0_.name as name24_,
        fee0_.null_prop as null8_24_ 
    from
        "the fees" fee0_
14:16:43,543 DEBUG SQL:104 - 
    select
        baz0_.baz_id_column_ as baz1_28_,
        baz0_.count_count as count2_28_,
        baz0_.name_b as name3_28_,
        baz0_.foo as foo28_,
        baz0_.superBaz as superBaz28_,
        baz0_."str" as str6_28_ 
    from
        baz baz0_
14:16:43,555 DEBUG SQL:104 - 
    select
        part0_.id as id12_,
        part0_.description as descript3_12_,
        part0_.clazz as clazz12_ 
    from
        Part part0_ 
    where
        (
            part0_.description like 'x%'
        )
14:16:43,555 DEBUG SQL:104 - 
    select
        glarch0_.tha_key as tha1_21_,
        glarch0_.version as version21_,
        glarch0_.namecvbnmasdf as namecvbn3_21_,
        glarch0_.next_ as next4_21_,
        glarch0_.order_ as order5_21_,
        glarch0_.foo as foo21_,
        glarch0_.bar as bar21_,
        glarch0_.x as x21_,
        glarch0_.immutable as immutable21_,
        glarch0_."any_id_of_object" as any10_21_,
        glarch0_."any_class_of_object" as any11_21_,
        glarch0_.count_ as count12_21_,
        glarch0_.glarch_ as glarch13_21_ 
    from
        "glarchez" glarch0_
14:16:43,565  INFO CustomRunner:139 - Test: testLazyManyToOneCriteria
14:16:43,567 DEBUG SQL:104 - 
    insert 
    into
        baz
        (count_count, name_b, foo, superBaz, "str", baz_id_column_) 
    values
        (?, ?, ?, ?, ?, ?)
14:16:43,568 DEBUG SQL:104 - 
    insert 
    into
        "glarchez"
        (version, namecvbnmasdf, next_, order_, foo, bar, x, immutable, "any_id_of_object", "any_class_of_object", count_, glarch_, tha_key) 
    values
        (?, ?, ?, ?, ?, ?, ?, ?, ?, ?, ?, ?, ?)
14:16:43,568 DEBUG SQL:104 - 
    insert 
    into
        "the fees"
        (fi, fee, anotherFee, qux, count_, name, null_prop, id_) 
    values
        (?, ?, ?, ?, ?, ?, ?, ?)
14:16:43,568 DEBUG SQL:104 - 
    insert 
    into
        "the fees"
        (fi, fee, anotherFee, qux, count_, name, null_prop, id_) 
    values
        (?, ?, ?, ?, ?, ?, ?, ?)
14:16:43,568 DEBUG SQL:104 - 
    insert 
    into
        "foos"
        (version, long_, "integer__", float_, x, double_, date_, timestamp_, boolean_, bool_, short_, char_, zero_, int_, string_, byte_, yesno, blobb_, bin_, "localeayzabc123", first_name, surname, count_, name_, g__, cmpnt_null_, subname, fee_sub, "foo_subclass_1234", "foo_idcolumnname123") 
    values
        (?, ?, ?, ?, ?, ?, ?, ?, ?, ?, ?, ?, ?, ?, ?, ?, ?, ?, ?, ?, ?, ?, ?, ?, ?, ?, ?, ?, 'F', ?)
14:16:43,589 DEBUG SQL:104 - 
    insert 
    into
        jointable
        (fooid) 
    values
        (?)
14:16:43,590 DEBUG SQL:104 - 
    insert 
    into
        foo_dep_table
        (dependent, fooid) 
    values
        (?, ?)
14:16:43,590 DEBUG SQL:104 - 
    update
        baz 
    set
        count_count=?,
        name_b=?,
        foo=?,
        superBaz=?,
        "str"=? 
    where
        baz_id_column_=?
14:16:43,591 DEBUG SQL:104 - 
    insert 
    into
        foobytes
        (id, i, byte_) 
    values
        (?, ?, ?)
14:16:43,600 DEBUG SQL:104 - 
    insert 
    into
        foobytes
        (id, i, byte_) 
    values
        (?, ?, ?)
14:16:43,601 DEBUG SQL:104 - 
    insert 
    into
        foobytes
        (id, i, byte_) 
    values
        (?, ?, ?)
14:16:43,601 DEBUG SQL:104 - 
    insert 
    into
        foobytes
        (id, i, byte_) 
    values
        (?, ?, ?)
14:16:43,601 DEBUG SQL:104 - 
    insert 
    into
        foobytes
        (id, i, byte_) 
    values
        (?, ?, ?)
14:16:43,611 DEBUG SQL:104 - 
    insert 
    into
        foobytes
        (id, i, byte_) 
    values
        (?, ?, ?)
14:16:43,611 DEBUG SQL:104 - 
    insert 
    into
        foobytes
        (id, i, byte_) 
    values
        (?, ?, ?)
14:16:43,612 DEBUG SQL:104 - 
    insert 
    into
        foobytes
        (id, i, byte_) 
    values
        (?, ?, ?)
14:16:43,612 DEBUG SQL:104 - 
    insert 
    into
        foo_times
        (foo_id, i, date_) 
    values
        (?, ?, ?)
14:16:43,613 DEBUG SQL:104 - 
    insert 
    into
        foo_dates
        (foo_id, i, date_) 
    values
        (?, ?, ?)
14:16:43,622 DEBUG SQL:104 - 
    insert 
    into
        foo_dates
        (foo_id, i, date_) 
    values
        (?, ?, ?)
14:16:43,622 DEBUG SQL:104 - 
    insert 
    into
        foo_dates
        (foo_id, i, date_) 
    values
        (?, ?, ?)
14:16:43,624 DEBUG SQL:104 - 
    select
        this_.baz_id_column_ as baz1_28_8_,
        this_.count_count as count2_28_8_,
        this_.name_b as name3_28_8_,
        this_.foo as foo28_8_,
        this_.superBaz as superBaz28_8_,
        this_."str" as str6_28_8_,
        foo2_."foo_idcolumnname123" as foo1_20_0_,
        foo2_.version as version20_0_,
        foo2_.foo as foo20_0_,
        foo2_.long_ as long5_20_0_,
        foo2_."integer__" as integer6_20_0_,
        foo2_.float_ as float7_20_0_,
        foo2_.x as x20_0_,
        foo2_.double_ as double9_20_0_,
        foo2_.date_ as date10_20_0_,
        foo2_.timestamp_ as timestamp11_20_0_,
        foo2_.boolean_ as boolean12_20_0_,
        foo2_.bool_ as bool13_20_0_,
        foo2_.null_ as null14_20_0_,
        foo2_.short_ as short15_20_0_,
        foo2_.char_ as char16_20_0_,
        foo2_.zero_ as zero17_20_0_,
        foo2_.int_ as int18_20_0_,
        foo2_.string_ as string19_20_0_,
        foo2_.byte_ as byte20_20_0_,
        foo2_.yesno as yesno20_0_,
        foo2_.blobb_ as blobb22_20_0_,
        foo2_.nullBlob as nullBlob20_0_,
        foo2_.bin_ as bin24_20_0_,
        foo2_."localeayzabc123" as localea25_20_0_,
        foo2_.first_name as first26_20_0_,
        foo2_.surname as surname20_0_,
        foo2_.count_ as count28_20_0_,
        foo2_.name_ as name29_20_0_,
        foo2_.g__ as g30_20_0_,
        foo2_.cmpnt_null_ as cmpnt31_20_0_,
        foo2_.subname as subname20_0_,
        foo2_.fee_sub as fee33_20_0_,
        foo2_.null_cmpnt_ as null34_20_0_,
        foo2_1_.joinedProp as joinedProp49_0_,
        foo2_2_.dependent as dependent43_0_,
        foo2_.the_time as the35_20_0_,
        foo2_.baz as baz20_0_,
        foo2_.bar_string as bar37_20_0_,
        foo2_.bar_count as bar38_20_0_,
        foo2_.name as name20_0_,
        foo2_.clazz as clazz20_0_,
        foo2_.gen_id as gen41_20_0_,
        foo2_3_.name_name as name2_27_0_,
        foo2_.int_/2 as formula92_0_,
        foo2_."foo_subclass_1234" as foo2_20_0_,
        glarch3_.tha_key as tha1_21_1_,
        glarch3_.version as version21_1_,
        glarch3_.namecvbnmasdf as namecvbn3_21_1_,
        glarch3_.next_ as next4_21_1_,
        glarch3_.order_ as order5_21_1_,
        glarch3_.foo as foo21_1_,
        glarch3_.bar as bar21_1_,
        glarch3_.x as x21_1_,
        glarch3_.immutable as immutable21_1_,
        glarch3_."any_id_of_object" as any10_21_1_,
        glarch3_."any_class_of_object" as any11_21_1_,
        glarch3_.count_ as count12_21_1_,
        glarch3_.glarch_ as glarch13_21_1_,
        fee4_.id_ as id1_24_2_,
        fee4_.fi as fi24_2_,
        fee4_.fee as fee24_2_,
        fee4_.anotherFee as anotherFee24_2_,
        fee4_.qux as qux24_2_,
        fee4_.count_ as count6_24_2_,
        fee4_.name as name24_2_,
        fee4_.null_prop as null8_24_2_,
        fee5_.id_ as id1_24_3_,
        fee5_.fi as fi24_3_,
        fee5_.fee as fee24_3_,
        fee5_.anotherFee as anotherFee24_3_,
        fee5_.qux as qux24_3_,
        fee5_.count_ as count6_24_3_,
        fee5_.name as name24_3_,
        fee5_.null_prop as null8_24_3_,
        fee6_.id_ as id1_24_4_,
        fee6_.fi as fi24_4_,
        fee6_.fee as fee24_4_,
        fee6_.anotherFee as anotherFee24_4_,
        fee6_.qux as qux24_4_,
        fee6_.count_ as count6_24_4_,
        fee6_.name as name24_4_,
        fee6_.null_prop as null8_24_4_,
        baz7_.baz_id_column_ as baz1_28_5_,
        baz7_.count_count as count2_28_5_,
        baz7_.name_b as name3_28_5_,
        baz7_.foo as foo28_5_,
        baz7_.superBaz as superBaz28_5_,
        baz7_."str" as str6_28_5_,
        topglarche8_.idtopglarch as idtopgl16_28_10_,
        topglarche8_.tha_key as tha1_21_10_,
        topglarche8_.mapkey as mapkey10_,
        topglarche8_.tha_key as tha1_21_6_,
        topglarche8_.version as version21_6_,
        topglarche8_.namecvbnmasdf as namecvbn3_21_6_,
        topglarche8_.next_ as next4_21_6_,
        topglarche8_.order_ as order5_21_6_,
        topglarche8_.foo as foo21_6_,
        topglarche8_.bar as bar21_6_,
        topglarche8_.x as x21_6_,
        topglarche8_.immutable as immutable21_6_,
        topglarche8_."any_id_of_object" as any10_21_6_,
        topglarche8_."any_class_of_object" as any11_21_6_,
        topglarche8_.count_ as count12_21_6_,
        topglarche8_.glarch_ as glarch13_21_6_,
        baz9_.baz_id_column_ as baz1_28_7_,
        baz9_.count_count as count2_28_7_,
        baz9_.name_b as name3_28_7_,
        baz9_.foo as foo28_7_,
        baz9_.superBaz as superBaz28_7_,
        baz9_."str" as str6_28_7_ 
    from
        baz this_ 
    left outer join
        "foos" foo2_ 
            on this_.foo=foo2_."foo_idcolumnname123" 
    left outer join
        jointable foo2_1_ 
            on foo2_."foo_idcolumnname123"=foo2_1_.fooid 
    left outer join
        foo_dep_table foo2_2_ 
            on foo2_."foo_idcolumnname123"=foo2_2_.fooid 
    left outer join
        bar_join_table foo2_3_ 
            on foo2_."foo_idcolumnname123"=foo2_3_.bar_id 
    left outer join
        "glarchez" glarch3_ 
            on foo2_.g__=glarch3_.tha_key 
    left outer join
        "the fees" fee4_ 
            on foo2_2_.dependent=fee4_.id_ 
    left outer join
        "the fees" fee5_ 
            on fee4_.fee=fee5_.id_ 
    left outer join
        "the fees" fee6_ 
            on fee5_.anotherFee=fee6_.id_ 
    left outer join
        baz baz7_ 
            on foo2_.baz=baz7_.baz_id_column_ 
    left outer join
        "glarchez" topglarche8_ 
            on baz7_.baz_id_column_=topglarche8_.idtopglarch 
    left outer join
        baz baz9_ 
            on baz7_.superBaz=baz9_.baz_id_column_
14:16:43,668 DEBUG SQL:104 - 
    select
        bytes0_.id as id20_0_,
        bytes0_.byte_ as byte2_45_0_,
        bytes0_.i as i0_ 
    from
        foobytes bytes0_ 
    where
        bytes0_.id=?
14:16:43,669 DEBUG SQL:104 - 
    select
        importantd0_.foo_id as foo1_20_0_,
        importantd0_.date_ as date2_44_0_,
        importantd0_.i as i0_ 
    from
        foo_times importantd0_ 
    where
        importantd0_.foo_id=?
14:16:43,679 DEBUG SQL:104 - 
    select
        fee0_.id_ as id1_24_2_,
        fee0_.fi as fi24_2_,
        fee0_.fee as fee24_2_,
        fee0_.anotherFee as anotherFee24_2_,
        fee0_.qux as qux24_2_,
        fee0_.count_ as count6_24_2_,
        fee0_.name as name24_2_,
        fee0_.null_prop as null8_24_2_,
        fee1_.id_ as id1_24_0_,
        fee1_.fi as fi24_0_,
        fee1_.fee as fee24_0_,
        fee1_.anotherFee as anotherFee24_0_,
        fee1_.qux as qux24_0_,
        fee1_.count_ as count6_24_0_,
        fee1_.name as name24_0_,
        fee1_.null_prop as null8_24_0_,
        fee2_.id_ as id1_24_1_,
        fee2_.fi as fi24_1_,
        fee2_.fee as fee24_1_,
        fee2_.anotherFee as anotherFee24_1_,
        fee2_.qux as qux24_1_,
        fee2_.count_ as count6_24_1_,
        fee2_.name as name24_1_,
        fee2_.null_prop as null8_24_1_ 
    from
        "the fees" fee0_ 
    left outer join
        "the fees" fee1_ 
            on fee0_.fee=fee1_.id_ 
    left outer join
        "the fees" fee2_ 
            on fee1_.anotherFee=fee2_.id_ 
    where
        fee0_.id_=?
14:16:43,688 DEBUG SQL:104 - 
    select
        importantd0_.foo_id as foo1_20_0_,
        importantd0_.date_ as date2_42_0_,
        importantd0_.i as i0_ 
    from
        foo_dates importantd0_ 
    where
        importantd0_.foo_id=?
14:16:43,689 DEBUG SQL:104 - 
    select
        proxyarray0_.array_key as array20_21_1_,
        proxyarray0_.tha_key as tha1_21_1_,
        proxyarray0_.array_indecks as array21_1_,
        proxyarray0_.tha_key as tha1_21_0_,
        proxyarray0_.version as version21_0_,
        proxyarray0_.namecvbnmasdf as namecvbn3_21_0_,
        proxyarray0_.next_ as next4_21_0_,
        proxyarray0_.order_ as order5_21_0_,
        proxyarray0_.foo as foo21_0_,
        proxyarray0_.bar as bar21_0_,
        proxyarray0_.x as x21_0_,
        proxyarray0_.immutable as immutable21_0_,
        proxyarray0_."any_id_of_object" as any10_21_0_,
        proxyarray0_."any_class_of_object" as any11_21_0_,
        proxyarray0_.count_ as count12_21_0_,
        proxyarray0_.glarch_ as glarch13_21_0_ 
    from
        "glarchez" proxyarray0_ 
    where
        proxyarray0_.array_key=?
14:16:43,690 DEBUG SQL:104 - 
    select
        intarray0_.id as id28_0_,
        intarray0_.j as j48_0_,
        intarray0_.i as i0_ 
    from
        int_array intarray0_ 
    where
        intarray0_.id=?
14:16:43,712 DEBUG SQL:104 - 
    select
        components0_.baz_id as baz1_28_0_,
        components0_.name as name33_0_,
        components0_.count_ as count3_33_0_,
        components0_.x_ as x4_33_0_,
        components0_.y_ as y5_33_0_,
        components0_.i as i0_ 
    from
        bazcomponents components0_ 
    where
        components0_.baz_id=?
14:16:43,713 DEBUG SQL:104 - 
    select
        timearray0_.baz_id as baz1_28_0_,
        timearray0_.the_time as the2_63_0_,
        timearray0_.j as j0_ 
    from
        timeArray timearray0_ 
    where
        timearray0_.baz_id=?
14:16:43,713 DEBUG SQL:104 - 
    select
        fooarray0_.id_ as id1_28_0_,
        fooarray0_.foo as foo5_0_,
        fooarray0_.i as i0_ 
    from
        FOO_ARRAY fooarray0_ 
    where
        (
            fooarray0_.i<8
        )  
        and fooarray0_.id_=?
14:16:43,722 DEBUG SQL:104 - 
    select
        stringarra0_.id_ as id1_28_0_,
        stringarra0_.name as name56_0_,
        stringarra0_.i as i0_ 
    from
        stringArray stringarra0_ 
    where
        stringarra0_.id_=?
14:16:43,723 DEBUG SQL:104 - 
    select
        floats0_.baz_compon_id as baz1_28_0_,
        floats0_.float_value as float2_30_0_ 
    from
        baz_floats_bag floats0_ 
    where
        floats0_.baz_compon_id=?
14:16:43,723 DEBUG SQL:104 - 
    select
        foos0_.baz_compon_id as baz46_28_8_,
        foos0_."foo_idcolumnname123" as foo1_20_8_,
        foos0_."foo_idcolumnname123" as foo1_20_7_,
        foos0_.version as version20_7_,
        foos0_.foo as foo20_7_,
        foos0_.long_ as long5_20_7_,
        foos0_."integer__" as integer6_20_7_,
        foos0_.float_ as float7_20_7_,
        foos0_.x as x20_7_,
        foos0_.double_ as double9_20_7_,
        foos0_.date_ as date10_20_7_,
        foos0_.timestamp_ as timestamp11_20_7_,
        foos0_.boolean_ as boolean12_20_7_,
        foos0_.bool_ as bool13_20_7_,
        foos0_.null_ as null14_20_7_,
        foos0_.short_ as short15_20_7_,
        foos0_.char_ as char16_20_7_,
        foos0_.zero_ as zero17_20_7_,
        foos0_.int_ as int18_20_7_,
        foos0_.string_ as string19_20_7_,
        foos0_.byte_ as byte20_20_7_,
        foos0_.yesno as yesno20_7_,
        foos0_.blobb_ as blobb22_20_7_,
        foos0_.nullBlob as nullBlob20_7_,
        foos0_.bin_ as bin24_20_7_,
        foos0_."localeayzabc123" as localea25_20_7_,
        foos0_.first_name as first26_20_7_,
        foos0_.surname as surname20_7_,
        foos0_.count_ as count28_20_7_,
        foos0_.name_ as name29_20_7_,
        foos0_.g__ as g30_20_7_,
        foos0_.cmpnt_null_ as cmpnt31_20_7_,
        foos0_.subname as subname20_7_,
        foos0_.fee_sub as fee33_20_7_,
        foos0_.null_cmpnt_ as null34_20_7_,
        foos0_1_.joinedProp as joinedProp49_7_,
        foos0_2_.dependent as dependent43_7_,
        foos0_.the_time as the35_20_7_,
        foos0_.baz as baz20_7_,
        foos0_.bar_string as bar37_20_7_,
        foos0_.bar_count as bar38_20_7_,
        foos0_.name as name20_7_,
        foos0_.clazz as clazz20_7_,
        foos0_.gen_id as gen41_20_7_,
        foos0_3_.name_name as name2_27_7_,
        foos0_.int_/2 as formula92_7_,
        foos0_."foo_subclass_1234" as foo2_20_7_,
        glarch1_.tha_key as tha1_21_0_,
        glarch1_.version as version21_0_,
        glarch1_.namecvbnmasdf as namecvbn3_21_0_,
        glarch1_.next_ as next4_21_0_,
        glarch1_.order_ as order5_21_0_,
        glarch1_.foo as foo21_0_,
        glarch1_.bar as bar21_0_,
        glarch1_.x as x21_0_,
        glarch1_.immutable as immutable21_0_,
        glarch1_."any_id_of_object" as any10_21_0_,
        glarch1_."any_class_of_object" as any11_21_0_,
        glarch1_.count_ as count12_21_0_,
        glarch1_.glarch_ as glarch13_21_0_,
        fee2_.id_ as id1_24_1_,
        fee2_.fi as fi24_1_,
        fee2_.fee as fee24_1_,
        fee2_.anotherFee as anotherFee24_1_,
        fee2_.qux as qux24_1_,
        fee2_.count_ as count6_24_1_,
        fee2_.name as name24_1_,
        fee2_.null_prop as null8_24_1_,
        fee3_.id_ as id1_24_2_,
        fee3_.fi as fi24_2_,
        fee3_.fee as fee24_2_,
        fee3_.anotherFee as anotherFee24_2_,
        fee3_.qux as qux24_2_,
        fee3_.count_ as count6_24_2_,
        fee3_.name as name24_2_,
        fee3_.null_prop as null8_24_2_,
        fee4_.id_ as id1_24_3_,
        fee4_.fi as fi24_3_,
        fee4_.fee as fee24_3_,
        fee4_.anotherFee as anotherFee24_3_,
        fee4_.qux as qux24_3_,
        fee4_.count_ as count6_24_3_,
        fee4_.name as name24_3_,
        fee4_.null_prop as null8_24_3_,
        baz5_.baz_id_column_ as baz1_28_4_,
        baz5_.count_count as count2_28_4_,
        baz5_.name_b as name3_28_4_,
        baz5_.foo as foo28_4_,
        baz5_.superBaz as superBaz28_4_,
        baz5_."str" as str6_28_4_,
        foo6_."foo_idcolumnname123" as foo1_20_5_,
        foo6_.version as version20_5_,
        foo6_.foo as foo20_5_,
        foo6_.long_ as long5_20_5_,
        foo6_."integer__" as integer6_20_5_,
        foo6_.float_ as float7_20_5_,
        foo6_.x as x20_5_,
        foo6_.double_ as double9_20_5_,
        foo6_.date_ as date10_20_5_,
        foo6_.timestamp_ as timestamp11_20_5_,
        foo6_.boolean_ as boolean12_20_5_,
        foo6_.bool_ as bool13_20_5_,
        foo6_.null_ as null14_20_5_,
        foo6_.short_ as short15_20_5_,
        foo6_.char_ as char16_20_5_,
        foo6_.zero_ as zero17_20_5_,
        foo6_.int_ as int18_20_5_,
        foo6_.string_ as string19_20_5_,
        foo6_.byte_ as byte20_20_5_,
        foo6_.yesno as yesno20_5_,
        foo6_.blobb_ as blobb22_20_5_,
        foo6_.nullBlob as nullBlob20_5_,
        foo6_.bin_ as bin24_20_5_,
        foo6_."localeayzabc123" as localea25_20_5_,
        foo6_.first_name as first26_20_5_,
        foo6_.surname as surname20_5_,
        foo6_.count_ as count28_20_5_,
        foo6_.name_ as name29_20_5_,
        foo6_.g__ as g30_20_5_,
        foo6_.cmpnt_null_ as cmpnt31_20_5_,
        foo6_.subname as subname20_5_,
        foo6_.fee_sub as fee33_20_5_,
        foo6_.null_cmpnt_ as null34_20_5_,
        foo6_1_.joinedProp as joinedProp49_5_,
        foo6_2_.dependent as dependent43_5_,
        foo6_.the_time as the35_20_5_,
        foo6_.baz as baz20_5_,
        foo6_.bar_string as bar37_20_5_,
        foo6_.bar_count as bar38_20_5_,
        foo6_.name as name20_5_,
        foo6_.clazz as clazz20_5_,
        foo6_.gen_id as gen41_20_5_,
        foo6_3_.name_name as name2_27_5_,
        foo6_.int_/2 as formula92_5_,
        foo6_."foo_subclass_1234" as foo2_20_5_,
        baz7_.baz_id_column_ as baz1_28_6_,
        baz7_.count_count as count2_28_6_,
        baz7_.name_b as name3_28_6_,
        baz7_.foo as foo28_6_,
        baz7_.superBaz as superBaz28_6_,
        baz7_."str" as str6_28_6_ 
    from
        "foos" foos0_ 
    inner join
        jointable foos0_1_ 
            on foos0_."foo_idcolumnname123"=foos0_1_.fooid 
    inner join
        foo_dep_table foos0_2_ 
            on foos0_."foo_idcolumnname123"=foos0_2_.fooid 
    left outer join
        bar_join_table foos0_3_ 
            on foos0_."foo_idcolumnname123"=foos0_3_.bar_id 
    left outer join
        "glarchez" glarch1_ 
            on foos0_.g__=glarch1_.tha_key 
    inner join
        "the fees" fee2_ 
            on foos0_2_.dependent=fee2_.id_ 
    left outer join
        "the fees" fee3_ 
            on fee2_.fee=fee3_.id_ 
    left outer join
        "the fees" fee4_ 
            on fee3_.anotherFee=fee4_.id_ 
    left outer join
        baz baz5_ 
            on foos0_.baz=baz5_.baz_id_column_ 
    left outer join
        "foos" foo6_ 
            on baz5_.foo=foo6_."foo_idcolumnname123" 
    left outer join
        jointable foo6_1_ 
            on foo6_."foo_idcolumnname123"=foo6_1_.fooid 
    left outer join
        foo_dep_table foo6_2_ 
            on foo6_."foo_idcolumnname123"=foo6_2_.fooid 
    left outer join
        bar_join_table foo6_3_ 
            on foo6_."foo_idcolumnname123"=foo6_3_.bar_id 
    left outer join
        baz baz7_ 
            on baz5_.superBaz=baz7_.baz_id_column_ 
    where
        foos0_."foo_subclass_1234" in (
            'F', 'B', 'T'
        ) 
        and foos0_.baz_compon_id=?
14:16:43,794 DEBUG SQL:104 - 
    select
        subs0_.superBaz as superBaz28_7_,
        subs0_.baz_id_column_ as baz1_28_7_,
        subs0_.baz_id_column_ as baz1_28_6_,
        subs0_.count_count as count2_28_6_,
        subs0_.name_b as name3_28_6_,
        subs0_.foo as foo28_6_,
        subs0_.superBaz as superBaz28_6_,
        subs0_."str" as str6_28_6_,
        foo1_."foo_idcolumnname123" as foo1_20_0_,
        foo1_.version as version20_0_,
        foo1_.foo as foo20_0_,
        foo1_.long_ as long5_20_0_,
        foo1_."integer__" as integer6_20_0_,
        foo1_.float_ as float7_20_0_,
        foo1_.x as x20_0_,
        foo1_.double_ as double9_20_0_,
        foo1_.date_ as date10_20_0_,
        foo1_.timestamp_ as timestamp11_20_0_,
        foo1_.boolean_ as boolean12_20_0_,
        foo1_.bool_ as bool13_20_0_,
        foo1_.null_ as null14_20_0_,
        foo1_.short_ as short15_20_0_,
        foo1_.char_ as char16_20_0_,
        foo1_.zero_ as zero17_20_0_,
        foo1_.int_ as int18_20_0_,
        foo1_.string_ as string19_20_0_,
        foo1_.byte_ as byte20_20_0_,
        foo1_.yesno as yesno20_0_,
        foo1_.blobb_ as blobb22_20_0_,
        foo1_.nullBlob as nullBlob20_0_,
        foo1_.bin_ as bin24_20_0_,
        foo1_."localeayzabc123" as localea25_20_0_,
        foo1_.first_name as first26_20_0_,
        foo1_.surname as surname20_0_,
        foo1_.count_ as count28_20_0_,
        foo1_.name_ as name29_20_0_,
        foo1_.g__ as g30_20_0_,
        foo1_.cmpnt_null_ as cmpnt31_20_0_,
        foo1_.subname as subname20_0_,
        foo1_.fee_sub as fee33_20_0_,
        foo1_.null_cmpnt_ as null34_20_0_,
        foo1_1_.joinedProp as joinedProp49_0_,
        foo1_2_.dependent as dependent43_0_,
        foo1_.the_time as the35_20_0_,
        foo1_.baz as baz20_0_,
        foo1_.bar_string as bar37_20_0_,
        foo1_.bar_count as bar38_20_0_,
        foo1_.name as name20_0_,
        foo1_.clazz as clazz20_0_,
        foo1_.gen_id as gen41_20_0_,
        foo1_3_.name_name as name2_27_0_,
        foo1_.int_/2 as formula92_0_,
        foo1_."foo_subclass_1234" as foo2_20_0_,
        glarch2_.tha_key as tha1_21_1_,
        glarch2_.version as version21_1_,
        glarch2_.namecvbnmasdf as namecvbn3_21_1_,
        glarch2_.next_ as next4_21_1_,
        glarch2_.order_ as order5_21_1_,
        glarch2_.foo as foo21_1_,
        glarch2_.bar as bar21_1_,
        glarch2_.x as x21_1_,
        glarch2_.immutable as immutable21_1_,
        glarch2_."any_id_of_object" as any10_21_1_,
        glarch2_."any_class_of_object" as any11_21_1_,
        glarch2_.count_ as count12_21_1_,
        glarch2_.glarch_ as glarch13_21_1_,
        fee3_.id_ as id1_24_2_,
        fee3_.fi as fi24_2_,
        fee3_.fee as fee24_2_,
        fee3_.anotherFee as anotherFee24_2_,
        fee3_.qux as qux24_2_,
        fee3_.count_ as count6_24_2_,
        fee3_.name as name24_2_,
        fee3_.null_prop as null8_24_2_,
        fee4_.id_ as id1_24_3_,
        fee4_.fi as fi24_3_,
        fee4_.fee as fee24_3_,
        fee4_.anotherFee as anotherFee24_3_,
        fee4_.qux as qux24_3_,
        fee4_.count_ as count6_24_3_,
        fee4_.name as name24_3_,
        fee4_.null_prop as null8_24_3_,
        fee5_.id_ as id1_24_4_,
        fee5_.fi as fi24_4_,
        fee5_.fee as fee24_4_,
        fee5_.anotherFee as anotherFee24_4_,
        fee5_.qux as qux24_4_,
        fee5_.count_ as count6_24_4_,
        fee5_.name as name24_4_,
        fee5_.null_prop as null8_24_4_,
        baz6_.baz_id_column_ as baz1_28_5_,
        baz6_.count_count as count2_28_5_,
        baz6_.name_b as name3_28_5_,
        baz6_.foo as foo28_5_,
        baz6_.superBaz as superBaz28_5_,
        baz6_."str" as str6_28_5_ 
    from
        baz subs0_ 
    left outer join
        "foos" foo1_ 
            on subs0_.foo=foo1_."foo_idcolumnname123" 
    left outer join
        jointable foo1_1_ 
            on foo1_."foo_idcolumnname123"=foo1_1_.fooid 
    left outer join
        foo_dep_table foo1_2_ 
            on foo1_."foo_idcolumnname123"=foo1_2_.fooid 
    left outer join
        bar_join_table foo1_3_ 
            on foo1_."foo_idcolumnname123"=foo1_3_.bar_id 
    left outer join
        "glarchez" glarch2_ 
            on foo1_.g__=glarch2_.tha_key 
    left outer join
        "the fees" fee3_ 
            on foo1_2_.dependent=fee3_.id_ 
    left outer join
        "the fees" fee4_ 
            on fee3_.fee=fee4_.id_ 
    left outer join
        "the fees" fee5_ 
            on fee4_.anotherFee=fee5_.id_ 
    left outer join
        baz baz6_ 
            on foo1_.baz=baz6_.baz_id_column_ 
    where
        subs0_.superBaz=?
14:16:43,818 DEBUG SQL:104 - 
    select
        sortablez0_.baz as baz28_1_,
        sortablez0_.id as id14_1_,
        sortablez0_.id as id14_0_,
        sortablez0_.name as name14_0_ 
    from
        Sortable sortablez0_ 
    where
        sortablez0_.baz=?
14:16:43,839 DEBUG SQL:104 - 
    select
        stringglar0_.baz_map_id as baz18_28_1_,
        stringglar0_.tha_key as tha1_21_1_,
        stringglar0_.baz_map_index as baz19_1_,
        stringglar0_.tha_key as tha1_21_0_,
        stringglar0_.version as version21_0_,
        stringglar0_.namecvbnmasdf as namecvbn3_21_0_,
        stringglar0_.next_ as next4_21_0_,
        stringglar0_.order_ as order5_21_0_,
        stringglar0_.foo as foo21_0_,
        stringglar0_.bar as bar21_0_,
        stringglar0_.x as x21_0_,
        stringglar0_.immutable as immutable21_0_,
        stringglar0_."any_id_of_object" as any10_21_0_,
        stringglar0_."any_class_of_object" as any11_21_0_,
        stringglar0_.count_ as count12_21_0_,
        stringglar0_.glarch_ as glarch13_21_0_ 
    from
        "glarchez" stringglar0_ 
    where
        (
            stringglar0_.baz_map_index > 'a' 
            and stringglar0_.tha_key is not null
        )  
        and stringglar0_.baz_map_id=?
14:16:43,850 DEBUG SQL:104 - 
    select
        cachedmap0_.baz as baz28_0_,
        cachedmap0_.foo as foo34_0_,
        cachedmap0_.bar as bar34_0_,
        cachedmap0_.another_baz as another4_0_ 
    from
        cached_map cachedmap0_ 
    where
        cachedmap0_.baz=?
14:16:43,850 DEBUG SQL:104 - 
    select
        cached0_.baz as baz28_0_,
        cached0_.foo as foo35_0_,
        cached0_.bar as bar35_0_ 
    from
        cached_set cached0_ 
    where
        cached0_.baz=?
14:16:43,851 DEBUG SQL:104 - 
    select
        topglarche0_.idtopglarch as idtopgl16_28_1_,
        topglarche0_.tha_key as tha1_21_1_,
        topglarche0_.mapkey as mapkey1_,
        topglarche0_.tha_key as tha1_21_0_,
        topglarche0_.version as version21_0_,
        topglarche0_.namecvbnmasdf as namecvbn3_21_0_,
        topglarche0_.next_ as next4_21_0_,
        topglarche0_.order_ as order5_21_0_,
        topglarche0_.foo as foo21_0_,
        topglarche0_.bar as bar21_0_,
        topglarche0_.x as x21_0_,
        topglarche0_.immutable as immutable21_0_,
        topglarche0_."any_id_of_object" as any10_21_0_,
        topglarche0_."any_class_of_object" as any11_21_0_,
        topglarche0_.count_ as count12_21_0_,
        topglarche0_.glarch_ as glarch13_21_0_ 
    from
        "glarchez" topglarche0_ 
    where
        topglarche0_.idtopglarch=?
14:16:43,860 DEBUG SQL:104 - 
    select
        cascadingb0_.idofbaz as idofbaz28_8_,
        cascadingb0_."foo_idcolumnname123" as foo1_20_8_,
        cascadingb0_."foo_idcolumnname123" as foo1_20_7_,
        cascadingb0_.version as version20_7_,
        cascadingb0_.foo as foo20_7_,
        cascadingb0_.long_ as long5_20_7_,
        cascadingb0_."integer__" as integer6_20_7_,
        cascadingb0_.float_ as float7_20_7_,
        cascadingb0_.x as x20_7_,
        cascadingb0_.double_ as double9_20_7_,
        cascadingb0_.date_ as date10_20_7_,
        cascadingb0_.timestamp_ as timestamp11_20_7_,
        cascadingb0_.boolean_ as boolean12_20_7_,
        cascadingb0_.bool_ as bool13_20_7_,
        cascadingb0_.null_ as null14_20_7_,
        cascadingb0_.short_ as short15_20_7_,
        cascadingb0_.char_ as char16_20_7_,
        cascadingb0_.zero_ as zero17_20_7_,
        cascadingb0_.int_ as int18_20_7_,
        cascadingb0_.string_ as string19_20_7_,
        cascadingb0_.byte_ as byte20_20_7_,
        cascadingb0_.yesno as yesno20_7_,
        cascadingb0_.blobb_ as blobb22_20_7_,
        cascadingb0_.nullBlob as nullBlob20_7_,
        cascadingb0_.bin_ as bin24_20_7_,
        cascadingb0_."localeayzabc123" as localea25_20_7_,
        cascadingb0_.first_name as first26_20_7_,
        cascadingb0_.surname as surname20_7_,
        cascadingb0_.count_ as count28_20_7_,
        cascadingb0_.name_ as name29_20_7_,
        cascadingb0_.g__ as g30_20_7_,
        cascadingb0_.cmpnt_null_ as cmpnt31_20_7_,
        cascadingb0_.subname as subname20_7_,
        cascadingb0_.fee_sub as fee33_20_7_,
        cascadingb0_.null_cmpnt_ as null34_20_7_,
        cascadingb0_1_.joinedProp as joinedProp49_7_,
        cascadingb0_2_.dependent as dependent43_7_,
        cascadingb0_.the_time as the35_20_7_,
        cascadingb0_.baz as baz20_7_,
        cascadingb0_.bar_string as bar37_20_7_,
        cascadingb0_.bar_count as bar38_20_7_,
        cascadingb0_.name as name20_7_,
        cascadingb0_.clazz as clazz20_7_,
        cascadingb0_.gen_id as gen41_20_7_,
        cascadingb0_3_.name_name as name2_27_7_,
        cascadingb0_.int_/2 as formula92_7_,
        glarch1_.tha_key as tha1_21_0_,
        glarch1_.version as version21_0_,
        glarch1_.namecvbnmasdf as namecvbn3_21_0_,
        glarch1_.next_ as next4_21_0_,
        glarch1_.order_ as order5_21_0_,
        glarch1_.foo as foo21_0_,
        glarch1_.bar as bar21_0_,
        glarch1_.x as x21_0_,
        glarch1_.immutable as immutable21_0_,
        glarch1_."any_id_of_object" as any10_21_0_,
        glarch1_."any_class_of_object" as any11_21_0_,
        glarch1_.count_ as count12_21_0_,
        glarch1_.glarch_ as glarch13_21_0_,
        fee2_.id_ as id1_24_1_,
        fee2_.fi as fi24_1_,
        fee2_.fee as fee24_1_,
        fee2_.anotherFee as anotherFee24_1_,
        fee2_.qux as qux24_1_,
        fee2_.count_ as count6_24_1_,
        fee2_.name as name24_1_,
        fee2_.null_prop as null8_24_1_,
        fee3_.id_ as id1_24_2_,
        fee3_.fi as fi24_2_,
        fee3_.fee as fee24_2_,
        fee3_.anotherFee as anotherFee24_2_,
        fee3_.qux as qux24_2_,
        fee3_.count_ as count6_24_2_,
        fee3_.name as name24_2_,
        fee3_.null_prop as null8_24_2_,
        fee4_.id_ as id1_24_3_,
        fee4_.fi as fi24_3_,
        fee4_.fee as fee24_3_,
        fee4_.anotherFee as anotherFee24_3_,
        fee4_.qux as qux24_3_,
        fee4_.count_ as count6_24_3_,
        fee4_.name as name24_3_,
        fee4_.null_prop as null8_24_3_,
        baz5_.baz_id_column_ as baz1_28_4_,
        baz5_.count_count as count2_28_4_,
        baz5_.name_b as name3_28_4_,
        baz5_.foo as foo28_4_,
        baz5_.superBaz as superBaz28_4_,
        baz5_."str" as str6_28_4_,
        foo6_."foo_idcolumnname123" as foo1_20_5_,
        foo6_.version as version20_5_,
        foo6_.foo as foo20_5_,
        foo6_.long_ as long5_20_5_,
        foo6_."integer__" as integer6_20_5_,
        foo6_.float_ as float7_20_5_,
        foo6_.x as x20_5_,
        foo6_.double_ as double9_20_5_,
        foo6_.date_ as date10_20_5_,
        foo6_.timestamp_ as timestamp11_20_5_,
        foo6_.boolean_ as boolean12_20_5_,
        foo6_.bool_ as bool13_20_5_,
        foo6_.null_ as null14_20_5_,
        foo6_.short_ as short15_20_5_,
        foo6_.char_ as char16_20_5_,
        foo6_.zero_ as zero17_20_5_,
        foo6_.int_ as int18_20_5_,
        foo6_.string_ as string19_20_5_,
        foo6_.byte_ as byte20_20_5_,
        foo6_.yesno as yesno20_5_,
        foo6_.blobb_ as blobb22_20_5_,
        foo6_.nullBlob as nullBlob20_5_,
        foo6_.bin_ as bin24_20_5_,
        foo6_."localeayzabc123" as localea25_20_5_,
        foo6_.first_name as first26_20_5_,
        foo6_.surname as surname20_5_,
        foo6_.count_ as count28_20_5_,
        foo6_.name_ as name29_20_5_,
        foo6_.g__ as g30_20_5_,
        foo6_.cmpnt_null_ as cmpnt31_20_5_,
        foo6_.subname as subname20_5_,
        foo6_.fee_sub as fee33_20_5_,
        foo6_.null_cmpnt_ as null34_20_5_,
        foo6_1_.joinedProp as joinedProp49_5_,
        foo6_2_.dependent as dependent43_5_,
        foo6_.the_time as the35_20_5_,
        foo6_.baz as baz20_5_,
        foo6_.bar_string as bar37_20_5_,
        foo6_.bar_count as bar38_20_5_,
        foo6_.name as name20_5_,
        foo6_.clazz as clazz20_5_,
        foo6_.gen_id as gen41_20_5_,
        foo6_3_.name_name as name2_27_5_,
        foo6_.int_/2 as formula92_5_,
        foo6_."foo_subclass_1234" as foo2_20_5_,
        baz7_.baz_id_column_ as baz1_28_6_,
        baz7_.count_count as count2_28_6_,
        baz7_.name_b as name3_28_6_,
        baz7_.foo as foo28_6_,
        baz7_.superBaz as superBaz28_6_,
        baz7_."str" as str6_28_6_ 
    from
        "foos" cascadingb0_ 
    inner join
        jointable cascadingb0_1_ 
            on cascadingb0_."foo_idcolumnname123"=cascadingb0_1_.fooid 
    inner join
        foo_dep_table cascadingb0_2_ 
            on cascadingb0_."foo_idcolumnname123"=cascadingb0_2_.fooid 
    inner join
        bar_join_table cascadingb0_3_ 
            on cascadingb0_."foo_idcolumnname123"=cascadingb0_3_.bar_id 
    left outer join
        "glarchez" glarch1_ 
            on cascadingb0_.g__=glarch1_.tha_key 
    inner join
        "the fees" fee2_ 
            on cascadingb0_2_.dependent=fee2_.id_ 
    left outer join
        "the fees" fee3_ 
            on fee2_.fee=fee3_.id_ 
    left outer join
        "the fees" fee4_ 
            on fee3_.anotherFee=fee4_.id_ 
    left outer join
        baz baz5_ 
            on cascadingb0_.baz=baz5_.baz_id_column_ 
    left outer join
        "foos" foo6_ 
            on baz5_.foo=foo6_."foo_idcolumnname123" 
    left outer join
        jointable foo6_1_ 
            on foo6_."foo_idcolumnname123"=foo6_1_.fooid 
    left outer join
        foo_dep_table foo6_2_ 
            on foo6_."foo_idcolumnname123"=foo6_2_.fooid 
    left outer join
        bar_join_table foo6_3_ 
            on foo6_."foo_idcolumnname123"=foo6_3_.bar_id 
    left outer join
        baz baz7_ 
            on baz5_.superBaz=baz7_.baz_id_column_ 
    where
        cascadingb0_."foo_subclass_1234"='B' 
        and cascadingb0_.idofbaz=?
14:16:43,923 DEBUG SQL:104 - 
    select
        topfoos0_.idtopbar as idtopbar28_8_,
        topfoos0_."foo_idcolumnname123" as foo1_20_8_,
        topfoos0_."foo_idcolumnname123" as foo1_20_7_,
        topfoos0_.version as version20_7_,
        topfoos0_.foo as foo20_7_,
        topfoos0_.long_ as long5_20_7_,
        topfoos0_."integer__" as integer6_20_7_,
        topfoos0_.float_ as float7_20_7_,
        topfoos0_.x as x20_7_,
        topfoos0_.double_ as double9_20_7_,
        topfoos0_.date_ as date10_20_7_,
        topfoos0_.timestamp_ as timestamp11_20_7_,
        topfoos0_.boolean_ as boolean12_20_7_,
        topfoos0_.bool_ as bool13_20_7_,
        topfoos0_.null_ as null14_20_7_,
        topfoos0_.short_ as short15_20_7_,
        topfoos0_.char_ as char16_20_7_,
        topfoos0_.zero_ as zero17_20_7_,
        topfoos0_.int_ as int18_20_7_,
        topfoos0_.string_ as string19_20_7_,
        topfoos0_.byte_ as byte20_20_7_,
        topfoos0_.yesno as yesno20_7_,
        topfoos0_.blobb_ as blobb22_20_7_,
        topfoos0_.nullBlob as nullBlob20_7_,
        topfoos0_.bin_ as bin24_20_7_,
        topfoos0_."localeayzabc123" as localea25_20_7_,
        topfoos0_.first_name as first26_20_7_,
        topfoos0_.surname as surname20_7_,
        topfoos0_.count_ as count28_20_7_,
        topfoos0_.name_ as name29_20_7_,
        topfoos0_.g__ as g30_20_7_,
        topfoos0_.cmpnt_null_ as cmpnt31_20_7_,
        topfoos0_.subname as subname20_7_,
        topfoos0_.fee_sub as fee33_20_7_,
        topfoos0_.null_cmpnt_ as null34_20_7_,
        topfoos0_1_.joinedProp as joinedProp49_7_,
        topfoos0_2_.dependent as dependent43_7_,
        topfoos0_.the_time as the35_20_7_,
        topfoos0_.baz as baz20_7_,
        topfoos0_.bar_string as bar37_20_7_,
        topfoos0_.bar_count as bar38_20_7_,
        topfoos0_.name as name20_7_,
        topfoos0_.clazz as clazz20_7_,
        topfoos0_.gen_id as gen41_20_7_,
        topfoos0_3_.name_name as name2_27_7_,
        topfoos0_.int_/2 as formula92_7_,
        glarch1_.tha_key as tha1_21_0_,
        glarch1_.version as version21_0_,
        glarch1_.namecvbnmasdf as namecvbn3_21_0_,
        glarch1_.next_ as next4_21_0_,
        glarch1_.order_ as order5_21_0_,
        glarch1_.foo as foo21_0_,
        glarch1_.bar as bar21_0_,
        glarch1_.x as x21_0_,
        glarch1_.immutable as immutable21_0_,
        glarch1_."any_id_of_object" as any10_21_0_,
        glarch1_."any_class_of_object" as any11_21_0_,
        glarch1_.count_ as count12_21_0_,
        glarch1_.glarch_ as glarch13_21_0_,
        fee2_.id_ as id1_24_1_,
        fee2_.fi as fi24_1_,
        fee2_.fee as fee24_1_,
        fee2_.anotherFee as anotherFee24_1_,
        fee2_.qux as qux24_1_,
        fee2_.count_ as count6_24_1_,
        fee2_.name as name24_1_,
        fee2_.null_prop as null8_24_1_,
        fee3_.id_ as id1_24_2_,
        fee3_.fi as fi24_2_,
        fee3_.fee as fee24_2_,
        fee3_.anotherFee as anotherFee24_2_,
        fee3_.qux as qux24_2_,
        fee3_.count_ as count6_24_2_,
        fee3_.name as name24_2_,
        fee3_.null_prop as null8_24_2_,
        fee4_.id_ as id1_24_3_,
        fee4_.fi as fi24_3_,
        fee4_.fee as fee24_3_,
        fee4_.anotherFee as anotherFee24_3_,
        fee4_.qux as qux24_3_,
        fee4_.count_ as count6_24_3_,
        fee4_.name as name24_3_,
        fee4_.null_prop as null8_24_3_,
        baz5_.baz_id_column_ as baz1_28_4_,
        baz5_.count_count as count2_28_4_,
        baz5_.name_b as name3_28_4_,
        baz5_.foo as foo28_4_,
        baz5_.superBaz as superBaz28_4_,
        baz5_."str" as str6_28_4_,
        foo6_."foo_idcolumnname123" as foo1_20_5_,
        foo6_.version as version20_5_,
        foo6_.foo as foo20_5_,
        foo6_.long_ as long5_20_5_,
        foo6_."integer__" as integer6_20_5_,
        foo6_.float_ as float7_20_5_,
        foo6_.x as x20_5_,
        foo6_.double_ as double9_20_5_,
        foo6_.date_ as date10_20_5_,
        foo6_.timestamp_ as timestamp11_20_5_,
        foo6_.boolean_ as boolean12_20_5_,
        foo6_.bool_ as bool13_20_5_,
        foo6_.null_ as null14_20_5_,
        foo6_.short_ as short15_20_5_,
        foo6_.char_ as char16_20_5_,
        foo6_.zero_ as zero17_20_5_,
        foo6_.int_ as int18_20_5_,
        foo6_.string_ as string19_20_5_,
        foo6_.byte_ as byte20_20_5_,
        foo6_.yesno as yesno20_5_,
        foo6_.blobb_ as blobb22_20_5_,
        foo6_.nullBlob as nullBlob20_5_,
        foo6_.bin_ as bin24_20_5_,
        foo6_."localeayzabc123" as localea25_20_5_,
        foo6_.first_name as first26_20_5_,
        foo6_.surname as surname20_5_,
        foo6_.count_ as count28_20_5_,
        foo6_.name_ as name29_20_5_,
        foo6_.g__ as g30_20_5_,
        foo6_.cmpnt_null_ as cmpnt31_20_5_,
        foo6_.subname as subname20_5_,
        foo6_.fee_sub as fee33_20_5_,
        foo6_.null_cmpnt_ as null34_20_5_,
        foo6_1_.joinedProp as joinedProp49_5_,
        foo6_2_.dependent as dependent43_5_,
        foo6_.the_time as the35_20_5_,
        foo6_.baz as baz20_5_,
        foo6_.bar_string as bar37_20_5_,
        foo6_.bar_count as bar38_20_5_,
        foo6_.name as name20_5_,
        foo6_.clazz as clazz20_5_,
        foo6_.gen_id as gen41_20_5_,
        foo6_3_.name_name as name2_27_5_,
        foo6_.int_/2 as formula92_5_,
        foo6_."foo_subclass_1234" as foo2_20_5_,
        baz7_.baz_id_column_ as baz1_28_6_,
        baz7_.count_count as count2_28_6_,
        baz7_.name_b as name3_28_6_,
        baz7_.foo as foo28_6_,
        baz7_.superBaz as superBaz28_6_,
        baz7_."str" as str6_28_6_ 
    from
        "foos" topfoos0_ 
    inner join
        jointable topfoos0_1_ 
            on topfoos0_."foo_idcolumnname123"=topfoos0_1_.fooid 
    inner join
        foo_dep_table topfoos0_2_ 
            on topfoos0_."foo_idcolumnname123"=topfoos0_2_.fooid 
    inner join
        bar_join_table topfoos0_3_ 
            on topfoos0_."foo_idcolumnname123"=topfoos0_3_.bar_id 
    left outer join
        "glarchez" glarch1_ 
            on topfoos0_.g__=glarch1_.tha_key 
    inner join
        "the fees" fee2_ 
            on topfoos0_2_.dependent=fee2_.id_ 
    left outer join
        "the fees" fee3_ 
            on fee2_.fee=fee3_.id_ 
    left outer join
        "the fees" fee4_ 
            on fee3_.anotherFee=fee4_.id_ 
    left outer join
        baz baz5_ 
            on topfoos0_.baz=baz5_.baz_id_column_ 
    left outer join
        "foos" foo6_ 
            on baz5_.foo=foo6_."foo_idcolumnname123" 
    left outer join
        jointable foo6_1_ 
            on foo6_."foo_idcolumnname123"=foo6_1_.fooid 
    left outer join
        foo_dep_table foo6_2_ 
            on foo6_."foo_idcolumnname123"=foo6_2_.fooid 
    left outer join
        bar_join_table foo6_3_ 
            on foo6_."foo_idcolumnname123"=foo6_3_.bar_id 
    left outer join
        baz baz7_ 
            on baz5_.superBaz=baz7_.baz_id_column_ 
    where
        topfoos0_."foo_subclass_1234"='B' 
        and topfoos0_.idtopbar=?
14:16:43,968 DEBUG SQL:104 - 
    select
        topcompone0_.id_ as id1_28_0_,
        topcompone0_.name as name64_0_,
        topcompone0_.count_ as count3_64_0_,
        topcompone0_.i as i0_ 
    from
        topcomponents topcompone0_ 
    where
        topcompone0_.id_=?
14:16:43,990 DEBUG SQL:104 - 
    select
        customs0_.id_ as id1_28_0_,
        customs0_.first_ as first2_38_0_,
        customs0_.second_ as second3_38_0_,
        customs0_.indx as indx0_ 
    from
        customs customs0_ 
    where
        customs0_.id_=?
14:16:43,991 DEBUG SQL:104 - 
    select
        glarchtofo0_.gtf_baz_id as gtf14_28_1_,
        glarchtofo0_.tha_key as tha1_21_1_,
        glarchtofo0_.gtf_foo_id as gtf15_1_,
        glarchtofo0_.tha_key as tha1_21_0_,
        glarchtofo0_.version as version21_0_,
        glarchtofo0_.namecvbnmasdf as namecvbn3_21_0_,
        glarchtofo0_.next_ as next4_21_0_,
        glarchtofo0_.order_ as order5_21_0_,
        glarchtofo0_.foo as foo21_0_,
        glarchtofo0_.bar as bar21_0_,
        glarchtofo0_.x as x21_0_,
        glarchtofo0_.immutable as immutable21_0_,
        glarchtofo0_."any_id_of_object" as any10_21_0_,
        glarchtofo0_."any_class_of_object" as any11_21_0_,
        glarchtofo0_.count_ as count12_21_0_,
        glarchtofo0_.glarch_ as glarch13_21_0_ 
    from
        "glarchez" glarchtofo0_ 
    where
        glarchtofo0_.gtf_baz_id=?
14:16:44,001 DEBUG SQL:104 - 
    select
        foocompone0_.baz_id as baz1_28_8_,
        foocompone0_.foo_id as foo2_40_8_,
        foocompone0_.name as name8_,
        foocompone0_.count_ as count4_8_,
        foo1_."foo_idcolumnname123" as foo1_20_0_,
        foo1_.version as version20_0_,
        foo1_.foo as foo20_0_,
        foo1_.long_ as long5_20_0_,
        foo1_."integer__" as integer6_20_0_,
        foo1_.float_ as float7_20_0_,
        foo1_.x as x20_0_,
        foo1_.double_ as double9_20_0_,
        foo1_.date_ as date10_20_0_,
        foo1_.timestamp_ as timestamp11_20_0_,
        foo1_.boolean_ as boolean12_20_0_,
        foo1_.bool_ as bool13_20_0_,
        foo1_.null_ as null14_20_0_,
        foo1_.short_ as short15_20_0_,
        foo1_.char_ as char16_20_0_,
        foo1_.zero_ as zero17_20_0_,
        foo1_.int_ as int18_20_0_,
        foo1_.string_ as string19_20_0_,
        foo1_.byte_ as byte20_20_0_,
        foo1_.yesno as yesno20_0_,
        foo1_.blobb_ as blobb22_20_0_,
        foo1_.nullBlob as nullBlob20_0_,
        foo1_.bin_ as bin24_20_0_,
        foo1_."localeayzabc123" as localea25_20_0_,
        foo1_.first_name as first26_20_0_,
        foo1_.surname as surname20_0_,
        foo1_.count_ as count28_20_0_,
        foo1_.name_ as name29_20_0_,
        foo1_.g__ as g30_20_0_,
        foo1_.cmpnt_null_ as cmpnt31_20_0_,
        foo1_.subname as subname20_0_,
        foo1_.fee_sub as fee33_20_0_,
        foo1_.null_cmpnt_ as null34_20_0_,
        foo1_1_.joinedProp as joinedProp49_0_,
        foo1_2_.dependent as dependent43_0_,
        foo1_.the_time as the35_20_0_,
        foo1_.baz as baz20_0_,
        foo1_.bar_string as bar37_20_0_,
        foo1_.bar_count as bar38_20_0_,
        foo1_.name as name20_0_,
        foo1_.clazz as clazz20_0_,
        foo1_.gen_id as gen41_20_0_,
        foo1_3_.name_name as name2_27_0_,
        foo1_.int_/2 as formula92_0_,
        foo1_."foo_subclass_1234" as foo2_20_0_,
        glarch2_.tha_key as tha1_21_1_,
        glarch2_.version as version21_1_,
        glarch2_.namecvbnmasdf as namecvbn3_21_1_,
        glarch2_.next_ as next4_21_1_,
        glarch2_.order_ as order5_21_1_,
        glarch2_.foo as foo21_1_,
        glarch2_.bar as bar21_1_,
        glarch2_.x as x21_1_,
        glarch2_.immutable as immutable21_1_,
        glarch2_."any_id_of_object" as any10_21_1_,
        glarch2_."any_class_of_object" as any11_21_1_,
        glarch2_.count_ as count12_21_1_,
        glarch2_.glarch_ as glarch13_21_1_,
        fee3_.id_ as id1_24_2_,
        fee3_.fi as fi24_2_,
        fee3_.fee as fee24_2_,
        fee3_.anotherFee as anotherFee24_2_,
        fee3_.qux as qux24_2_,
        fee3_.count_ as count6_24_2_,
        fee3_.name as name24_2_,
        fee3_.null_prop as null8_24_2_,
        fee4_.id_ as id1_24_3_,
        fee4_.fi as fi24_3_,
        fee4_.fee as fee24_3_,
        fee4_.anotherFee as anotherFee24_3_,
        fee4_.qux as qux24_3_,
        fee4_.count_ as count6_24_3_,
        fee4_.name as name24_3_,
        fee4_.null_prop as null8_24_3_,
        fee5_.id_ as id1_24_4_,
        fee5_.fi as fi24_4_,
        fee5_.fee as fee24_4_,
        fee5_.anotherFee as anotherFee24_4_,
        fee5_.qux as qux24_4_,
        fee5_.count_ as count6_24_4_,
        fee5_.name as name24_4_,
        fee5_.null_prop as null8_24_4_,
        baz6_.baz_id_column_ as baz1_28_5_,
        baz6_.count_count as count2_28_5_,
        baz6_.name_b as name3_28_5_,
        baz6_.foo as foo28_5_,
        baz6_.superBaz as superBaz28_5_,
        baz6_."str" as str6_28_5_,
        foo7_."foo_idcolumnname123" as foo1_20_6_,
        foo7_.version as version20_6_,
        foo7_.foo as foo20_6_,
        foo7_.long_ as long5_20_6_,
        foo7_."integer__" as integer6_20_6_,
        foo7_.float_ as float7_20_6_,
        foo7_.x as x20_6_,
        foo7_.double_ as double9_20_6_,
        foo7_.date_ as date10_20_6_,
        foo7_.timestamp_ as timestamp11_20_6_,
        foo7_.boolean_ as boolean12_20_6_,
        foo7_.bool_ as bool13_20_6_,
        foo7_.null_ as null14_20_6_,
        foo7_.short_ as short15_20_6_,
        foo7_.char_ as char16_20_6_,
        foo7_.zero_ as zero17_20_6_,
        foo7_.int_ as int18_20_6_,
        foo7_.string_ as string19_20_6_,
        foo7_.byte_ as byte20_20_6_,
        foo7_.yesno as yesno20_6_,
        foo7_.blobb_ as blobb22_20_6_,
        foo7_.nullBlob as nullBlob20_6_,
        foo7_.bin_ as bin24_20_6_,
        foo7_."localeayzabc123" as localea25_20_6_,
        foo7_.first_name as first26_20_6_,
        foo7_.surname as surname20_6_,
        foo7_.count_ as count28_20_6_,
        foo7_.name_ as name29_20_6_,
        foo7_.g__ as g30_20_6_,
        foo7_.cmpnt_null_ as cmpnt31_20_6_,
        foo7_.subname as subname20_6_,
        foo7_.fee_sub as fee33_20_6_,
        foo7_.null_cmpnt_ as null34_20_6_,
        foo7_1_.joinedProp as joinedProp49_6_,
        foo7_2_.dependent as dependent43_6_,
        foo7_.the_time as the35_20_6_,
        foo7_.baz as baz20_6_,
        foo7_.bar_string as bar37_20_6_,
        foo7_.bar_count as bar38_20_6_,
        foo7_.name as name20_6_,
        foo7_.clazz as clazz20_6_,
        foo7_.gen_id as gen41_20_6_,
        foo7_3_.name_name as name2_27_6_,
        foo7_.int_/2 as formula92_6_,
        foo7_."foo_subclass_1234" as foo2_20_6_,
        baz8_.baz_id_column_ as baz1_28_7_,
        baz8_.count_count as count2_28_7_,
        baz8_.name_b as name3_28_7_,
        baz8_.foo as foo28_7_,
        baz8_.superBaz as superBaz28_7_,
        baz8_."str" as str6_28_7_ 
    from
        fooComponentToFoo foocompone0_ 
    inner join
        "foos" foo1_ 
            on foocompone0_.foo_id=foo1_."foo_idcolumnname123" 
    left outer join
        jointable foo1_1_ 
            on foo1_."foo_idcolumnname123"=foo1_1_.fooid 
    left outer join
        foo_dep_table foo1_2_ 
            on foo1_."foo_idcolumnname123"=foo1_2_.fooid 
    left outer join
        bar_join_table foo1_3_ 
            on foo1_."foo_idcolumnname123"=foo1_3_.bar_id 
    left outer join
        "glarchez" glarch2_ 
            on foo1_.g__=glarch2_.tha_key 
    inner join
        "the fees" fee3_ 
            on foo1_2_.dependent=fee3_.id_ 
    left outer join
        "the fees" fee4_ 
            on fee3_.fee=fee4_.id_ 
    left outer join
        "the fees" fee5_ 
            on fee4_.anotherFee=fee5_.id_ 
    left outer join
        baz baz6_ 
            on foo1_.baz=baz6_.baz_id_column_ 
    left outer join
        "foos" foo7_ 
            on baz6_.foo=foo7_."foo_idcolumnname123" 
    left outer join
        jointable foo7_1_ 
            on foo7_."foo_idcolumnname123"=foo7_1_.fooid 
    left outer join
        foo_dep_table foo7_2_ 
            on foo7_."foo_idcolumnname123"=foo7_2_.fooid 
    left outer join
        bar_join_table foo7_3_ 
            on foo7_."foo_idcolumnname123"=foo7_3_.bar_id 
    left outer join
        baz baz8_ 
            on baz6_.superBaz=baz8_.baz_id_column_ 
    where
        foocompone0_.baz_id=?
14:16:44,057 DEBUG SQL:104 - 
    select
        footoglarc0_.baz_id as baz1_28_1_,
        footoglarc0_.glarch_id as glarch2_41_1_,
        footoglarc0_.foo_id as foo3_1_,
        glarch1_.tha_key as tha1_21_0_,
        glarch1_.version as version21_0_,
        glarch1_.namecvbnmasdf as namecvbn3_21_0_,
        glarch1_.next_ as next4_21_0_,
        glarch1_.order_ as order5_21_0_,
        glarch1_.foo as foo21_0_,
        glarch1_.bar as bar21_0_,
        glarch1_.x as x21_0_,
        glarch1_.immutable as immutable21_0_,
        glarch1_."any_id_of_object" as any10_21_0_,
        glarch1_."any_class_of_object" as any11_21_0_,
        glarch1_.count_ as count12_21_0_,
        glarch1_.glarch_ as glarch13_21_0_ 
    from
        fooToGlarch footoglarc0_ 
    inner join
        "glarchez" glarch1_ 
            on footoglarc0_.glarch_id=glarch1_.tha_key 
    where
        footoglarc0_.baz_id=?
14:16:44,067 DEBUG SQL:104 - 
    select
        bag0_."baz_id_" as baz1_28_0_,
        bag0_."name_" as name2_17_0_ 
    from
        "bxaxg" bag0_ 
    where
        bag0_."baz_id_"=? 
    order by
        bag0_."name_"
14:16:44,068 DEBUG SQL:104 - 
    select
        stringlist0_.id as id28_0_,
        stringlist0_.element as element59_0_,
        stringlist0_."i" as i3_0_ 
    from
        string_list stringlist0_ 
    where
        stringlist0_.id=?
14:16:44,068 DEBUG SQL:104 - 
    select
        fees0_.fee_id as fee1_24_0_,
        fees0_.str_ as str2_18_0_ 
    from
        "fees" fees0_ 
    where
        fees0_.fee_id=?
14:16:44,069 DEBUG SQL:104 - 
    select
        proxyset0_.set_key as set22_21_1_,
        proxyset0_.tha_key as tha1_21_1_,
        proxyset0_.tha_key as tha1_21_0_,
        proxyset0_.version as version21_0_,
        proxyset0_.namecvbnmasdf as namecvbn3_21_0_,
        proxyset0_.next_ as next4_21_0_,
        proxyset0_.order_ as order5_21_0_,
        proxyset0_.foo as foo21_0_,
        proxyset0_.bar as bar21_0_,
        proxyset0_.x as x21_0_,
        proxyset0_.immutable as immutable21_0_,
        proxyset0_."any_id_of_object" as any10_21_0_,
        proxyset0_."any_class_of_object" as any11_21_0_,
        proxyset0_.count_ as count12_21_0_,
        proxyset0_.glarch_ as glarch13_21_0_ 
    from
        "glarchez" proxyset0_ 
    where
        proxyset0_.set_key=?
14:16:44,090 DEBUG SQL:104 - 
    select
        strings0_.glarch_key as glarch1_21_0_,
        strings0_."tha_stryng" as tha2_23_0_,
        strings0_."indx_" as indx3_0_ 
    from
        "strings" strings0_ 
    where
        strings0_.glarch_key=?
14:16:44,091 DEBUG SQL:104 - 
    select
        fees0_.fee_id as fee1_24_0_,
        fees0_.str_ as str2_18_0_ 
    from
        "fees" fees0_ 
    where
        fees0_.fee_id=?
14:16:44,101  INFO CustomRunner:139 - Test: testLazyManyToOneGet
14:16:44,103 DEBUG SQL:104 - 
    insert 
    into
        baz
        (count_count, name_b, foo, superBaz, "str", baz_id_column_) 
    values
        (?, ?, ?, ?, ?, ?)
14:16:44,103 DEBUG SQL:104 - 
    insert 
    into
        "glarchez"
        (version, namecvbnmasdf, next_, order_, foo, bar, x, immutable, "any_id_of_object", "any_class_of_object", count_, glarch_, tha_key) 
    values
        (?, ?, ?, ?, ?, ?, ?, ?, ?, ?, ?, ?, ?)
14:16:44,103 DEBUG SQL:104 - 
    insert 
    into
        "the fees"
        (fi, fee, anotherFee, qux, count_, name, null_prop, id_) 
    values
        (?, ?, ?, ?, ?, ?, ?, ?)
14:16:44,104 DEBUG SQL:104 - 
    insert 
    into
        "the fees"
        (fi, fee, anotherFee, qux, count_, name, null_prop, id_) 
    values
        (?, ?, ?, ?, ?, ?, ?, ?)
14:16:44,111 DEBUG SQL:104 - 
    insert 
    into
        "foos"
        (version, long_, "integer__", float_, x, double_, date_, timestamp_, boolean_, bool_, short_, char_, zero_, int_, string_, byte_, yesno, blobb_, bin_, "localeayzabc123", first_name, surname, count_, name_, g__, cmpnt_null_, subname, fee_sub, "foo_subclass_1234", "foo_idcolumnname123") 
    values
        (?, ?, ?, ?, ?, ?, ?, ?, ?, ?, ?, ?, ?, ?, ?, ?, ?, ?, ?, ?, ?, ?, ?, ?, ?, ?, ?, ?, 'F', ?)
14:16:44,112 DEBUG SQL:104 - 
    insert 
    into
        jointable
        (fooid) 
    values
        (?)
14:16:44,112 DEBUG SQL:104 - 
    insert 
    into
        foo_dep_table
        (dependent, fooid) 
    values
        (?, ?)
14:16:44,112 DEBUG SQL:104 - 
    update
        baz 
    set
        count_count=?,
        name_b=?,
        foo=?,
        superBaz=?,
        "str"=? 
    where
        baz_id_column_=?
14:16:44,123 DEBUG SQL:104 - 
    insert 
    into
        foobytes
        (id, i, byte_) 
    values
        (?, ?, ?)
14:16:44,123 DEBUG SQL:104 - 
    insert 
    into
        foobytes
        (id, i, byte_) 
    values
        (?, ?, ?)
14:16:44,123 DEBUG SQL:104 - 
    insert 
    into
        foobytes
        (id, i, byte_) 
    values
        (?, ?, ?)
14:16:44,123 DEBUG SQL:104 - 
    insert 
    into
        foobytes
        (id, i, byte_) 
    values
        (?, ?, ?)
14:16:44,133 DEBUG SQL:104 - 
    insert 
    into
        foobytes
        (id, i, byte_) 
    values
        (?, ?, ?)
14:16:44,133 DEBUG SQL:104 - 
    insert 
    into
        foobytes
        (id, i, byte_) 
    values
        (?, ?, ?)
14:16:44,133 DEBUG SQL:104 - 
    insert 
    into
        foobytes
        (id, i, byte_) 
    values
        (?, ?, ?)
14:16:44,133 DEBUG SQL:104 - 
    insert 
    into
        foobytes
        (id, i, byte_) 
    values
        (?, ?, ?)
14:16:44,143 DEBUG SQL:104 - 
    insert 
    into
        foo_times
        (foo_id, i, date_) 
    values
        (?, ?, ?)
14:16:44,144 DEBUG SQL:104 - 
    insert 
    into
        foo_dates
        (foo_id, i, date_) 
    values
        (?, ?, ?)
14:16:44,144 DEBUG SQL:104 - 
    insert 
    into
        foo_dates
        (foo_id, i, date_) 
    values
        (?, ?, ?)
14:16:44,144 DEBUG SQL:104 - 
    insert 
    into
        foo_dates
        (foo_id, i, date_) 
    values
        (?, ?, ?)
14:16:44,154 DEBUG SQL:104 - 
    select
        baz0_.baz_id_column_ as baz1_28_8_,
        baz0_.count_count as count2_28_8_,
        baz0_.name_b as name3_28_8_,
        baz0_.foo as foo28_8_,
        baz0_.superBaz as superBaz28_8_,
        baz0_."str" as str6_28_8_,
        foo1_."foo_idcolumnname123" as foo1_20_0_,
        foo1_.version as version20_0_,
        foo1_.foo as foo20_0_,
        foo1_.long_ as long5_20_0_,
        foo1_."integer__" as integer6_20_0_,
        foo1_.float_ as float7_20_0_,
        foo1_.x as x20_0_,
        foo1_.double_ as double9_20_0_,
        foo1_.date_ as date10_20_0_,
        foo1_.timestamp_ as timestamp11_20_0_,
        foo1_.boolean_ as boolean12_20_0_,
        foo1_.bool_ as bool13_20_0_,
        foo1_.null_ as null14_20_0_,
        foo1_.short_ as short15_20_0_,
        foo1_.char_ as char16_20_0_,
        foo1_.zero_ as zero17_20_0_,
        foo1_.int_ as int18_20_0_,
        foo1_.string_ as string19_20_0_,
        foo1_.byte_ as byte20_20_0_,
        foo1_.yesno as yesno20_0_,
        foo1_.blobb_ as blobb22_20_0_,
        foo1_.nullBlob as nullBlob20_0_,
        foo1_.bin_ as bin24_20_0_,
        foo1_."localeayzabc123" as localea25_20_0_,
        foo1_.first_name as first26_20_0_,
        foo1_.surname as surname20_0_,
        foo1_.count_ as count28_20_0_,
        foo1_.name_ as name29_20_0_,
        foo1_.g__ as g30_20_0_,
        foo1_.cmpnt_null_ as cmpnt31_20_0_,
        foo1_.subname as subname20_0_,
        foo1_.fee_sub as fee33_20_0_,
        foo1_.null_cmpnt_ as null34_20_0_,
        foo1_1_.joinedProp as joinedProp49_0_,
        foo1_2_.dependent as dependent43_0_,
        foo1_.the_time as the35_20_0_,
        foo1_.baz as baz20_0_,
        foo1_.bar_string as bar37_20_0_,
        foo1_.bar_count as bar38_20_0_,
        foo1_.name as name20_0_,
        foo1_.clazz as clazz20_0_,
        foo1_.gen_id as gen41_20_0_,
        foo1_3_.name_name as name2_27_0_,
        foo1_.int_/2 as formula92_0_,
        foo1_."foo_subclass_1234" as foo2_20_0_,
        glarch2_.tha_key as tha1_21_1_,
        glarch2_.version as version21_1_,
        glarch2_.namecvbnmasdf as namecvbn3_21_1_,
        glarch2_.next_ as next4_21_1_,
        glarch2_.order_ as order5_21_1_,
        glarch2_.foo as foo21_1_,
        glarch2_.bar as bar21_1_,
        glarch2_.x as x21_1_,
        glarch2_.immutable as immutable21_1_,
        glarch2_."any_id_of_object" as any10_21_1_,
        glarch2_."any_class_of_object" as any11_21_1_,
        glarch2_.count_ as count12_21_1_,
        glarch2_.glarch_ as glarch13_21_1_,
        fee3_.id_ as id1_24_2_,
        fee3_.fi as fi24_2_,
        fee3_.fee as fee24_2_,
        fee3_.anotherFee as anotherFee24_2_,
        fee3_.qux as qux24_2_,
        fee3_.count_ as count6_24_2_,
        fee3_.name as name24_2_,
        fee3_.null_prop as null8_24_2_,
        fee4_.id_ as id1_24_3_,
        fee4_.fi as fi24_3_,
        fee4_.fee as fee24_3_,
        fee4_.anotherFee as anotherFee24_3_,
        fee4_.qux as qux24_3_,
        fee4_.count_ as count6_24_3_,
        fee4_.name as name24_3_,
        fee4_.null_prop as null8_24_3_,
        fee5_.id_ as id1_24_4_,
        fee5_.fi as fi24_4_,
        fee5_.fee as fee24_4_,
        fee5_.anotherFee as anotherFee24_4_,
        fee5_.qux as qux24_4_,
        fee5_.count_ as count6_24_4_,
        fee5_.name as name24_4_,
        fee5_.null_prop as null8_24_4_,
        baz6_.baz_id_column_ as baz1_28_5_,
        baz6_.count_count as count2_28_5_,
        baz6_.name_b as name3_28_5_,
        baz6_.foo as foo28_5_,
        baz6_.superBaz as superBaz28_5_,
        baz6_."str" as str6_28_5_,
        topglarche7_.idtopglarch as idtopgl16_28_10_,
        topglarche7_.tha_key as tha1_21_10_,
        topglarche7_.mapkey as mapkey10_,
        topglarche7_.tha_key as tha1_21_6_,
        topglarche7_.version as version21_6_,
        topglarche7_.namecvbnmasdf as namecvbn3_21_6_,
        topglarche7_.next_ as next4_21_6_,
        topglarche7_.order_ as order5_21_6_,
        topglarche7_.foo as foo21_6_,
        topglarche7_.bar as bar21_6_,
        topglarche7_.x as x21_6_,
        topglarche7_.immutable as immutable21_6_,
        topglarche7_."any_id_of_object" as any10_21_6_,
        topglarche7_."any_class_of_object" as any11_21_6_,
        topglarche7_.count_ as count12_21_6_,
        topglarche7_.glarch_ as glarch13_21_6_,
        baz8_.baz_id_column_ as baz1_28_7_,
        baz8_.count_count as count2_28_7_,
        baz8_.name_b as name3_28_7_,
        baz8_.foo as foo28_7_,
        baz8_.superBaz as superBaz28_7_,
        baz8_."str" as str6_28_7_ 
    from
        baz baz0_ 
    left outer join
        "foos" foo1_ 
            on baz0_.foo=foo1_."foo_idcolumnname123" 
    left outer join
        jointable foo1_1_ 
            on foo1_."foo_idcolumnname123"=foo1_1_.fooid 
    left outer join
        foo_dep_table foo1_2_ 
            on foo1_."foo_idcolumnname123"=foo1_2_.fooid 
    left outer join
        bar_join_table foo1_3_ 
            on foo1_."foo_idcolumnname123"=foo1_3_.bar_id 
    left outer join
        "glarchez" glarch2_ 
            on foo1_.g__=glarch2_.tha_key 
    left outer join
        "the fees" fee3_ 
            on foo1_2_.dependent=fee3_.id_ 
    left outer join
        "the fees" fee4_ 
            on fee3_.fee=fee4_.id_ 
    left outer join
        "the fees" fee5_ 
            on fee4_.anotherFee=fee5_.id_ 
    left outer join
        baz baz6_ 
            on foo1_.baz=baz6_.baz_id_column_ 
    left outer join
        "glarchez" topglarche7_ 
            on baz6_.baz_id_column_=topglarche7_.idtopglarch 
    left outer join
        baz baz8_ 
            on baz6_.superBaz=baz8_.baz_id_column_ 
    where
        baz0_.baz_id_column_=?
14:16:44,198 DEBUG SQL:104 - 
    select
        bytes0_.id as id20_0_,
        bytes0_.byte_ as byte2_45_0_,
        bytes0_.i as i0_ 
    from
        foobytes bytes0_ 
    where
        bytes0_.id=?
14:16:44,199 DEBUG SQL:104 - 
    select
        importantd0_.foo_id as foo1_20_0_,
        importantd0_.date_ as date2_44_0_,
        importantd0_.i as i0_ 
    from
        foo_times importantd0_ 
    where
        importantd0_.foo_id=?
14:16:44,200 DEBUG SQL:104 - 
    select
        fee0_.id_ as id1_24_2_,
        fee0_.fi as fi24_2_,
        fee0_.fee as fee24_2_,
        fee0_.anotherFee as anotherFee24_2_,
        fee0_.qux as qux24_2_,
        fee0_.count_ as count6_24_2_,
        fee0_.name as name24_2_,
        fee0_.null_prop as null8_24_2_,
        fee1_.id_ as id1_24_0_,
        fee1_.fi as fi24_0_,
        fee1_.fee as fee24_0_,
        fee1_.anotherFee as anotherFee24_0_,
        fee1_.qux as qux24_0_,
        fee1_.count_ as count6_24_0_,
        fee1_.name as name24_0_,
        fee1_.null_prop as null8_24_0_,
        fee2_.id_ as id1_24_1_,
        fee2_.fi as fi24_1_,
        fee2_.fee as fee24_1_,
        fee2_.anotherFee as anotherFee24_1_,
        fee2_.qux as qux24_1_,
        fee2_.count_ as count6_24_1_,
        fee2_.name as name24_1_,
        fee2_.null_prop as null8_24_1_ 
    from
        "the fees" fee0_ 
    left outer join
        "the fees" fee1_ 
            on fee0_.fee=fee1_.id_ 
    left outer join
        "the fees" fee2_ 
            on fee1_.anotherFee=fee2_.id_ 
    where
        fee0_.id_=?
14:16:44,220 DEBUG SQL:104 - 
    select
        importantd0_.foo_id as foo1_20_0_,
        importantd0_.date_ as date2_42_0_,
        importantd0_.i as i0_ 
    from
        foo_dates importantd0_ 
    where
        importantd0_.foo_id=?
14:16:44,221 DEBUG SQL:104 - 
    select
        proxyarray0_.array_key as array20_21_1_,
        proxyarray0_.tha_key as tha1_21_1_,
        proxyarray0_.array_indecks as array21_1_,
        proxyarray0_.tha_key as tha1_21_0_,
        proxyarray0_.version as version21_0_,
        proxyarray0_.namecvbnmasdf as namecvbn3_21_0_,
        proxyarray0_.next_ as next4_21_0_,
        proxyarray0_.order_ as order5_21_0_,
        proxyarray0_.foo as foo21_0_,
        proxyarray0_.bar as bar21_0_,
        proxyarray0_.x as x21_0_,
        proxyarray0_.immutable as immutable21_0_,
        proxyarray0_."any_id_of_object" as any10_21_0_,
        proxyarray0_."any_class_of_object" as any11_21_0_,
        proxyarray0_.count_ as count12_21_0_,
        proxyarray0_.glarch_ as glarch13_21_0_ 
    from
        "glarchez" proxyarray0_ 
    where
        proxyarray0_.array_key=?
14:16:44,230 DEBUG SQL:104 - 
    select
        intarray0_.id as id28_0_,
        intarray0_.j as j48_0_,
        intarray0_.i as i0_ 
    from
        int_array intarray0_ 
    where
        intarray0_.id=?
14:16:44,230 DEBUG SQL:104 - 
    select
        components0_.baz_id as baz1_28_0_,
        components0_.name as name33_0_,
        components0_.count_ as count3_33_0_,
        components0_.x_ as x4_33_0_,
        components0_.y_ as y5_33_0_,
        components0_.i as i0_ 
    from
        bazcomponents components0_ 
    where
        components0_.baz_id=?
14:16:44,241 DEBUG SQL:104 - 
    select
        timearray0_.baz_id as baz1_28_0_,
        timearray0_.the_time as the2_63_0_,
        timearray0_.j as j0_ 
    from
        timeArray timearray0_ 
    where
        timearray0_.baz_id=?
14:16:44,241 DEBUG SQL:104 - 
    select
        fooarray0_.id_ as id1_28_0_,
        fooarray0_.foo as foo5_0_,
        fooarray0_.i as i0_ 
    from
        FOO_ARRAY fooarray0_ 
    where
        (
            fooarray0_.i<8
        )  
        and fooarray0_.id_=?
14:16:44,241 DEBUG SQL:104 - 
    select
        stringarra0_.id_ as id1_28_0_,
        stringarra0_.name as name56_0_,
        stringarra0_.i as i0_ 
    from
        stringArray stringarra0_ 
    where
        stringarra0_.id_=?
14:16:44,251 DEBUG SQL:104 - 
    select
        floats0_.baz_compon_id as baz1_28_0_,
        floats0_.float_value as float2_30_0_ 
    from
        baz_floats_bag floats0_ 
    where
        floats0_.baz_compon_id=?
14:16:44,252 DEBUG SQL:104 - 
    select
        foos0_.baz_compon_id as baz46_28_8_,
        foos0_."foo_idcolumnname123" as foo1_20_8_,
        foos0_."foo_idcolumnname123" as foo1_20_7_,
        foos0_.version as version20_7_,
        foos0_.foo as foo20_7_,
        foos0_.long_ as long5_20_7_,
        foos0_."integer__" as integer6_20_7_,
        foos0_.float_ as float7_20_7_,
        foos0_.x as x20_7_,
        foos0_.double_ as double9_20_7_,
        foos0_.date_ as date10_20_7_,
        foos0_.timestamp_ as timestamp11_20_7_,
        foos0_.boolean_ as boolean12_20_7_,
        foos0_.bool_ as bool13_20_7_,
        foos0_.null_ as null14_20_7_,
        foos0_.short_ as short15_20_7_,
        foos0_.char_ as char16_20_7_,
        foos0_.zero_ as zero17_20_7_,
        foos0_.int_ as int18_20_7_,
        foos0_.string_ as string19_20_7_,
        foos0_.byte_ as byte20_20_7_,
        foos0_.yesno as yesno20_7_,
        foos0_.blobb_ as blobb22_20_7_,
        foos0_.nullBlob as nullBlob20_7_,
        foos0_.bin_ as bin24_20_7_,
        foos0_."localeayzabc123" as localea25_20_7_,
        foos0_.first_name as first26_20_7_,
        foos0_.surname as surname20_7_,
        foos0_.count_ as count28_20_7_,
        foos0_.name_ as name29_20_7_,
        foos0_.g__ as g30_20_7_,
        foos0_.cmpnt_null_ as cmpnt31_20_7_,
        foos0_.subname as subname20_7_,
        foos0_.fee_sub as fee33_20_7_,
        foos0_.null_cmpnt_ as null34_20_7_,
        foos0_1_.joinedProp as joinedProp49_7_,
        foos0_2_.dependent as dependent43_7_,
        foos0_.the_time as the35_20_7_,
        foos0_.baz as baz20_7_,
        foos0_.bar_string as bar37_20_7_,
        foos0_.bar_count as bar38_20_7_,
        foos0_.name as name20_7_,
        foos0_.clazz as clazz20_7_,
        foos0_.gen_id as gen41_20_7_,
        foos0_3_.name_name as name2_27_7_,
        foos0_.int_/2 as formula92_7_,
        foos0_."foo_subclass_1234" as foo2_20_7_,
        glarch1_.tha_key as tha1_21_0_,
        glarch1_.version as version21_0_,
        glarch1_.namecvbnmasdf as namecvbn3_21_0_,
        glarch1_.next_ as next4_21_0_,
        glarch1_.order_ as order5_21_0_,
        glarch1_.foo as foo21_0_,
        glarch1_.bar as bar21_0_,
        glarch1_.x as x21_0_,
        glarch1_.immutable as immutable21_0_,
        glarch1_."any_id_of_object" as any10_21_0_,
        glarch1_."any_class_of_object" as any11_21_0_,
        glarch1_.count_ as count12_21_0_,
        glarch1_.glarch_ as glarch13_21_0_,
        fee2_.id_ as id1_24_1_,
        fee2_.fi as fi24_1_,
        fee2_.fee as fee24_1_,
        fee2_.anotherFee as anotherFee24_1_,
        fee2_.qux as qux24_1_,
        fee2_.count_ as count6_24_1_,
        fee2_.name as name24_1_,
        fee2_.null_prop as null8_24_1_,
        fee3_.id_ as id1_24_2_,
        fee3_.fi as fi24_2_,
        fee3_.fee as fee24_2_,
        fee3_.anotherFee as anotherFee24_2_,
        fee3_.qux as qux24_2_,
        fee3_.count_ as count6_24_2_,
        fee3_.name as name24_2_,
        fee3_.null_prop as null8_24_2_,
        fee4_.id_ as id1_24_3_,
        fee4_.fi as fi24_3_,
        fee4_.fee as fee24_3_,
        fee4_.anotherFee as anotherFee24_3_,
        fee4_.qux as qux24_3_,
        fee4_.count_ as count6_24_3_,
        fee4_.name as name24_3_,
        fee4_.null_prop as null8_24_3_,
        baz5_.baz_id_column_ as baz1_28_4_,
        baz5_.count_count as count2_28_4_,
        baz5_.name_b as name3_28_4_,
        baz5_.foo as foo28_4_,
        baz5_.superBaz as superBaz28_4_,
        baz5_."str" as str6_28_4_,
        foo6_."foo_idcolumnname123" as foo1_20_5_,
        foo6_.version as version20_5_,
        foo6_.foo as foo20_5_,
        foo6_.long_ as long5_20_5_,
        foo6_."integer__" as integer6_20_5_,
        foo6_.float_ as float7_20_5_,
        foo6_.x as x20_5_,
        foo6_.double_ as double9_20_5_,
        foo6_.date_ as date10_20_5_,
        foo6_.timestamp_ as timestamp11_20_5_,
        foo6_.boolean_ as boolean12_20_5_,
        foo6_.bool_ as bool13_20_5_,
        foo6_.null_ as null14_20_5_,
        foo6_.short_ as short15_20_5_,
        foo6_.char_ as char16_20_5_,
        foo6_.zero_ as zero17_20_5_,
        foo6_.int_ as int18_20_5_,
        foo6_.string_ as string19_20_5_,
        foo6_.byte_ as byte20_20_5_,
        foo6_.yesno as yesno20_5_,
        foo6_.blobb_ as blobb22_20_5_,
        foo6_.nullBlob as nullBlob20_5_,
        foo6_.bin_ as bin24_20_5_,
        foo6_."localeayzabc123" as localea25_20_5_,
        foo6_.first_name as first26_20_5_,
        foo6_.surname as surname20_5_,
        foo6_.count_ as count28_20_5_,
        foo6_.name_ as name29_20_5_,
        foo6_.g__ as g30_20_5_,
        foo6_.cmpnt_null_ as cmpnt31_20_5_,
        foo6_.subname as subname20_5_,
        foo6_.fee_sub as fee33_20_5_,
        foo6_.null_cmpnt_ as null34_20_5_,
        foo6_1_.joinedProp as joinedProp49_5_,
        foo6_2_.dependent as dependent43_5_,
        foo6_.the_time as the35_20_5_,
        foo6_.baz as baz20_5_,
        foo6_.bar_string as bar37_20_5_,
        foo6_.bar_count as bar38_20_5_,
        foo6_.name as name20_5_,
        foo6_.clazz as clazz20_5_,
        foo6_.gen_id as gen41_20_5_,
        foo6_3_.name_name as name2_27_5_,
        foo6_.int_/2 as formula92_5_,
        foo6_."foo_subclass_1234" as foo2_20_5_,
        baz7_.baz_id_column_ as baz1_28_6_,
        baz7_.count_count as count2_28_6_,
        baz7_.name_b as name3_28_6_,
        baz7_.foo as foo28_6_,
        baz7_.superBaz as superBaz28_6_,
        baz7_."str" as str6_28_6_ 
    from
        "foos" foos0_ 
    inner join
        jointable foos0_1_ 
            on foos0_."foo_idcolumnname123"=foos0_1_.fooid 
    inner join
        foo_dep_table foos0_2_ 
            on foos0_."foo_idcolumnname123"=foos0_2_.fooid 
    left outer join
        bar_join_table foos0_3_ 
            on foos0_."foo_idcolumnname123"=foos0_3_.bar_id 
    left outer join
        "glarchez" glarch1_ 
            on foos0_.g__=glarch1_.tha_key 
    inner join
        "the fees" fee2_ 
            on foos0_2_.dependent=fee2_.id_ 
    left outer join
        "the fees" fee3_ 
            on fee2_.fee=fee3_.id_ 
    left outer join
        "the fees" fee4_ 
            on fee3_.anotherFee=fee4_.id_ 
    left outer join
        baz baz5_ 
            on foos0_.baz=baz5_.baz_id_column_ 
    left outer join
        "foos" foo6_ 
            on baz5_.foo=foo6_."foo_idcolumnname123" 
    left outer join
        jointable foo6_1_ 
            on foo6_."foo_idcolumnname123"=foo6_1_.fooid 
    left outer join
        foo_dep_table foo6_2_ 
            on foo6_."foo_idcolumnname123"=foo6_2_.fooid 
    left outer join
        bar_join_table foo6_3_ 
            on foo6_."foo_idcolumnname123"=foo6_3_.bar_id 
    left outer join
        baz baz7_ 
            on baz5_.superBaz=baz7_.baz_id_column_ 
    where
        foos0_."foo_subclass_1234" in (
            'F', 'B', 'T'
        ) 
        and foos0_.baz_compon_id=?
14:16:44,306 DEBUG SQL:104 - 
    select
        subs0_.superBaz as superBaz28_7_,
        subs0_.baz_id_column_ as baz1_28_7_,
        subs0_.baz_id_column_ as baz1_28_6_,
        subs0_.count_count as count2_28_6_,
        subs0_.name_b as name3_28_6_,
        subs0_.foo as foo28_6_,
        subs0_.superBaz as superBaz28_6_,
        subs0_."str" as str6_28_6_,
        foo1_."foo_idcolumnname123" as foo1_20_0_,
        foo1_.version as version20_0_,
        foo1_.foo as foo20_0_,
        foo1_.long_ as long5_20_0_,
        foo1_."integer__" as integer6_20_0_,
        foo1_.float_ as float7_20_0_,
        foo1_.x as x20_0_,
        foo1_.double_ as double9_20_0_,
        foo1_.date_ as date10_20_0_,
        foo1_.timestamp_ as timestamp11_20_0_,
        foo1_.boolean_ as boolean12_20_0_,
        foo1_.bool_ as bool13_20_0_,
        foo1_.null_ as null14_20_0_,
        foo1_.short_ as short15_20_0_,
        foo1_.char_ as char16_20_0_,
        foo1_.zero_ as zero17_20_0_,
        foo1_.int_ as int18_20_0_,
        foo1_.string_ as string19_20_0_,
        foo1_.byte_ as byte20_20_0_,
        foo1_.yesno as yesno20_0_,
        foo1_.blobb_ as blobb22_20_0_,
        foo1_.nullBlob as nullBlob20_0_,
        foo1_.bin_ as bin24_20_0_,
        foo1_."localeayzabc123" as localea25_20_0_,
        foo1_.first_name as first26_20_0_,
        foo1_.surname as surname20_0_,
        foo1_.count_ as count28_20_0_,
        foo1_.name_ as name29_20_0_,
        foo1_.g__ as g30_20_0_,
        foo1_.cmpnt_null_ as cmpnt31_20_0_,
        foo1_.subname as subname20_0_,
        foo1_.fee_sub as fee33_20_0_,
        foo1_.null_cmpnt_ as null34_20_0_,
        foo1_1_.joinedProp as joinedProp49_0_,
        foo1_2_.dependent as dependent43_0_,
        foo1_.the_time as the35_20_0_,
        foo1_.baz as baz20_0_,
        foo1_.bar_string as bar37_20_0_,
        foo1_.bar_count as bar38_20_0_,
        foo1_.name as name20_0_,
        foo1_.clazz as clazz20_0_,
        foo1_.gen_id as gen41_20_0_,
        foo1_3_.name_name as name2_27_0_,
        foo1_.int_/2 as formula92_0_,
        foo1_."foo_subclass_1234" as foo2_20_0_,
        glarch2_.tha_key as tha1_21_1_,
        glarch2_.version as version21_1_,
        glarch2_.namecvbnmasdf as namecvbn3_21_1_,
        glarch2_.next_ as next4_21_1_,
        glarch2_.order_ as order5_21_1_,
        glarch2_.foo as foo21_1_,
        glarch2_.bar as bar21_1_,
        glarch2_.x as x21_1_,
        glarch2_.immutable as immutable21_1_,
        glarch2_."any_id_of_object" as any10_21_1_,
        glarch2_."any_class_of_object" as any11_21_1_,
        glarch2_.count_ as count12_21_1_,
        glarch2_.glarch_ as glarch13_21_1_,
        fee3_.id_ as id1_24_2_,
        fee3_.fi as fi24_2_,
        fee3_.fee as fee24_2_,
        fee3_.anotherFee as anotherFee24_2_,
        fee3_.qux as qux24_2_,
        fee3_.count_ as count6_24_2_,
        fee3_.name as name24_2_,
        fee3_.null_prop as null8_24_2_,
        fee4_.id_ as id1_24_3_,
        fee4_.fi as fi24_3_,
        fee4_.fee as fee24_3_,
        fee4_.anotherFee as anotherFee24_3_,
        fee4_.qux as qux24_3_,
        fee4_.count_ as count6_24_3_,
        fee4_.name as name24_3_,
        fee4_.null_prop as null8_24_3_,
        fee5_.id_ as id1_24_4_,
        fee5_.fi as fi24_4_,
        fee5_.fee as fee24_4_,
        fee5_.anotherFee as anotherFee24_4_,
        fee5_.qux as qux24_4_,
        fee5_.count_ as count6_24_4_,
        fee5_.name as name24_4_,
        fee5_.null_prop as null8_24_4_,
        baz6_.baz_id_column_ as baz1_28_5_,
        baz6_.count_count as count2_28_5_,
        baz6_.name_b as name3_28_5_,
        baz6_.foo as foo28_5_,
        baz6_.superBaz as superBaz28_5_,
        baz6_."str" as str6_28_5_ 
    from
        baz subs0_ 
    left outer join
        "foos" foo1_ 
            on subs0_.foo=foo1_."foo_idcolumnname123" 
    left outer join
        jointable foo1_1_ 
            on foo1_."foo_idcolumnname123"=foo1_1_.fooid 
    left outer join
        foo_dep_table foo1_2_ 
            on foo1_."foo_idcolumnname123"=foo1_2_.fooid 
    left outer join
        bar_join_table foo1_3_ 
            on foo1_."foo_idcolumnname123"=foo1_3_.bar_id 
    left outer join
        "glarchez" glarch2_ 
            on foo1_.g__=glarch2_.tha_key 
    left outer join
        "the fees" fee3_ 
            on foo1_2_.dependent=fee3_.id_ 
    left outer join
        "the fees" fee4_ 
            on fee3_.fee=fee4_.id_ 
    left outer join
        "the fees" fee5_ 
            on fee4_.anotherFee=fee5_.id_ 
    left outer join
        baz baz6_ 
            on foo1_.baz=baz6_.baz_id_column_ 
    where
        subs0_.superBaz=?
14:16:44,362 DEBUG SQL:104 - 
    select
        sortablez0_.baz as baz28_1_,
        sortablez0_.id as id14_1_,
        sortablez0_.id as id14_0_,
        sortablez0_.name as name14_0_ 
    from
        Sortable sortablez0_ 
    where
        sortablez0_.baz=?
14:16:44,362 DEBUG SQL:104 - 
    select
        stringglar0_.baz_map_id as baz18_28_1_,
        stringglar0_.tha_key as tha1_21_1_,
        stringglar0_.baz_map_index as baz19_1_,
        stringglar0_.tha_key as tha1_21_0_,
        stringglar0_.version as version21_0_,
        stringglar0_.namecvbnmasdf as namecvbn3_21_0_,
        stringglar0_.next_ as next4_21_0_,
        stringglar0_.order_ as order5_21_0_,
        stringglar0_.foo as foo21_0_,
        stringglar0_.bar as bar21_0_,
        stringglar0_.x as x21_0_,
        stringglar0_.immutable as immutable21_0_,
        stringglar0_."any_id_of_object" as any10_21_0_,
        stringglar0_."any_class_of_object" as any11_21_0_,
        stringglar0_.count_ as count12_21_0_,
        stringglar0_.glarch_ as glarch13_21_0_ 
    from
        "glarchez" stringglar0_ 
    where
        (
            stringglar0_.baz_map_index > 'a' 
            and stringglar0_.tha_key is not null
        )  
        and stringglar0_.baz_map_id=?
14:16:44,371 DEBUG SQL:104 - 
    select
        cachedmap0_.baz as baz28_0_,
        cachedmap0_.foo as foo34_0_,
        cachedmap0_.bar as bar34_0_,
        cachedmap0_.another_baz as another4_0_ 
    from
        cached_map cachedmap0_ 
    where
        cachedmap0_.baz=?
14:16:44,382 DEBUG SQL:104 - 
    select
        cached0_.baz as baz28_0_,
        cached0_.foo as foo35_0_,
        cached0_.bar as bar35_0_ 
    from
        cached_set cached0_ 
    where
        cached0_.baz=?
14:16:44,382 DEBUG SQL:104 - 
    select
        topglarche0_.idtopglarch as idtopgl16_28_1_,
        topglarche0_.tha_key as tha1_21_1_,
        topglarche0_.mapkey as mapkey1_,
        topglarche0_.tha_key as tha1_21_0_,
        topglarche0_.version as version21_0_,
        topglarche0_.namecvbnmasdf as namecvbn3_21_0_,
        topglarche0_.next_ as next4_21_0_,
        topglarche0_.order_ as order5_21_0_,
        topglarche0_.foo as foo21_0_,
        topglarche0_.bar as bar21_0_,
        topglarche0_.x as x21_0_,
        topglarche0_.immutable as immutable21_0_,
        topglarche0_."any_id_of_object" as any10_21_0_,
        topglarche0_."any_class_of_object" as any11_21_0_,
        topglarche0_.count_ as count12_21_0_,
        topglarche0_.glarch_ as glarch13_21_0_ 
    from
        "glarchez" topglarche0_ 
    where
        topglarche0_.idtopglarch=?
14:16:44,393 DEBUG SQL:104 - 
    select
        cascadingb0_.idofbaz as idofbaz28_8_,
        cascadingb0_."foo_idcolumnname123" as foo1_20_8_,
        cascadingb0_."foo_idcolumnname123" as foo1_20_7_,
        cascadingb0_.version as version20_7_,
        cascadingb0_.foo as foo20_7_,
        cascadingb0_.long_ as long5_20_7_,
        cascadingb0_."integer__" as integer6_20_7_,
        cascadingb0_.float_ as float7_20_7_,
        cascadingb0_.x as x20_7_,
        cascadingb0_.double_ as double9_20_7_,
        cascadingb0_.date_ as date10_20_7_,
        cascadingb0_.timestamp_ as timestamp11_20_7_,
        cascadingb0_.boolean_ as boolean12_20_7_,
        cascadingb0_.bool_ as bool13_20_7_,
        cascadingb0_.null_ as null14_20_7_,
        cascadingb0_.short_ as short15_20_7_,
        cascadingb0_.char_ as char16_20_7_,
        cascadingb0_.zero_ as zero17_20_7_,
        cascadingb0_.int_ as int18_20_7_,
        cascadingb0_.string_ as string19_20_7_,
        cascadingb0_.byte_ as byte20_20_7_,
        cascadingb0_.yesno as yesno20_7_,
        cascadingb0_.blobb_ as blobb22_20_7_,
        cascadingb0_.nullBlob as nullBlob20_7_,
        cascadingb0_.bin_ as bin24_20_7_,
        cascadingb0_."localeayzabc123" as localea25_20_7_,
        cascadingb0_.first_name as first26_20_7_,
        cascadingb0_.surname as surname20_7_,
        cascadingb0_.count_ as count28_20_7_,
        cascadingb0_.name_ as name29_20_7_,
        cascadingb0_.g__ as g30_20_7_,
        cascadingb0_.cmpnt_null_ as cmpnt31_20_7_,
        cascadingb0_.subname as subname20_7_,
        cascadingb0_.fee_sub as fee33_20_7_,
        cascadingb0_.null_cmpnt_ as null34_20_7_,
        cascadingb0_1_.joinedProp as joinedProp49_7_,
        cascadingb0_2_.dependent as dependent43_7_,
        cascadingb0_.the_time as the35_20_7_,
        cascadingb0_.baz as baz20_7_,
        cascadingb0_.bar_string as bar37_20_7_,
        cascadingb0_.bar_count as bar38_20_7_,
        cascadingb0_.name as name20_7_,
        cascadingb0_.clazz as clazz20_7_,
        cascadingb0_.gen_id as gen41_20_7_,
        cascadingb0_3_.name_name as name2_27_7_,
        cascadingb0_.int_/2 as formula92_7_,
        glarch1_.tha_key as tha1_21_0_,
        glarch1_.version as version21_0_,
        glarch1_.namecvbnmasdf as namecvbn3_21_0_,
        glarch1_.next_ as next4_21_0_,
        glarch1_.order_ as order5_21_0_,
        glarch1_.foo as foo21_0_,
        glarch1_.bar as bar21_0_,
        glarch1_.x as x21_0_,
        glarch1_.immutable as immutable21_0_,
        glarch1_."any_id_of_object" as any10_21_0_,
        glarch1_."any_class_of_object" as any11_21_0_,
        glarch1_.count_ as count12_21_0_,
        glarch1_.glarch_ as glarch13_21_0_,
        fee2_.id_ as id1_24_1_,
        fee2_.fi as fi24_1_,
        fee2_.fee as fee24_1_,
        fee2_.anotherFee as anotherFee24_1_,
        fee2_.qux as qux24_1_,
        fee2_.count_ as count6_24_1_,
        fee2_.name as name24_1_,
        fee2_.null_prop as null8_24_1_,
        fee3_.id_ as id1_24_2_,
        fee3_.fi as fi24_2_,
        fee3_.fee as fee24_2_,
        fee3_.anotherFee as anotherFee24_2_,
        fee3_.qux as qux24_2_,
        fee3_.count_ as count6_24_2_,
        fee3_.name as name24_2_,
        fee3_.null_prop as null8_24_2_,
        fee4_.id_ as id1_24_3_,
        fee4_.fi as fi24_3_,
        fee4_.fee as fee24_3_,
        fee4_.anotherFee as anotherFee24_3_,
        fee4_.qux as qux24_3_,
        fee4_.count_ as count6_24_3_,
        fee4_.name as name24_3_,
        fee4_.null_prop as null8_24_3_,
        baz5_.baz_id_column_ as baz1_28_4_,
        baz5_.count_count as count2_28_4_,
        baz5_.name_b as name3_28_4_,
        baz5_.foo as foo28_4_,
        baz5_.superBaz as superBaz28_4_,
        baz5_."str" as str6_28_4_,
        foo6_."foo_idcolumnname123" as foo1_20_5_,
        foo6_.version as version20_5_,
        foo6_.foo as foo20_5_,
        foo6_.long_ as long5_20_5_,
        foo6_."integer__" as integer6_20_5_,
        foo6_.float_ as float7_20_5_,
        foo6_.x as x20_5_,
        foo6_.double_ as double9_20_5_,
        foo6_.date_ as date10_20_5_,
        foo6_.timestamp_ as timestamp11_20_5_,
        foo6_.boolean_ as boolean12_20_5_,
        foo6_.bool_ as bool13_20_5_,
        foo6_.null_ as null14_20_5_,
        foo6_.short_ as short15_20_5_,
        foo6_.char_ as char16_20_5_,
        foo6_.zero_ as zero17_20_5_,
        foo6_.int_ as int18_20_5_,
        foo6_.string_ as string19_20_5_,
        foo6_.byte_ as byte20_20_5_,
        foo6_.yesno as yesno20_5_,
        foo6_.blobb_ as blobb22_20_5_,
        foo6_.nullBlob as nullBlob20_5_,
        foo6_.bin_ as bin24_20_5_,
        foo6_."localeayzabc123" as localea25_20_5_,
        foo6_.first_name as first26_20_5_,
        foo6_.surname as surname20_5_,
        foo6_.count_ as count28_20_5_,
        foo6_.name_ as name29_20_5_,
        foo6_.g__ as g30_20_5_,
        foo6_.cmpnt_null_ as cmpnt31_20_5_,
        foo6_.subname as subname20_5_,
        foo6_.fee_sub as fee33_20_5_,
        foo6_.null_cmpnt_ as null34_20_5_,
        foo6_1_.joinedProp as joinedProp49_5_,
        foo6_2_.dependent as dependent43_5_,
        foo6_.the_time as the35_20_5_,
        foo6_.baz as baz20_5_,
        foo6_.bar_string as bar37_20_5_,
        foo6_.bar_count as bar38_20_5_,
        foo6_.name as name20_5_,
        foo6_.clazz as clazz20_5_,
        foo6_.gen_id as gen41_20_5_,
        foo6_3_.name_name as name2_27_5_,
        foo6_.int_/2 as formula92_5_,
        foo6_."foo_subclass_1234" as foo2_20_5_,
        baz7_.baz_id_column_ as baz1_28_6_,
        baz7_.count_count as count2_28_6_,
        baz7_.name_b as name3_28_6_,
        baz7_.foo as foo28_6_,
        baz7_.superBaz as superBaz28_6_,
        baz7_."str" as str6_28_6_ 
    from
        "foos" cascadingb0_ 
    inner join
        jointable cascadingb0_1_ 
            on cascadingb0_."foo_idcolumnname123"=cascadingb0_1_.fooid 
    inner join
        foo_dep_table cascadingb0_2_ 
            on cascadingb0_."foo_idcolumnname123"=cascadingb0_2_.fooid 
    inner join
        bar_join_table cascadingb0_3_ 
            on cascadingb0_."foo_idcolumnname123"=cascadingb0_3_.bar_id 
    left outer join
        "glarchez" glarch1_ 
            on cascadingb0_.g__=glarch1_.tha_key 
    inner join
        "the fees" fee2_ 
            on cascadingb0_2_.dependent=fee2_.id_ 
    left outer join
        "the fees" fee3_ 
            on fee2_.fee=fee3_.id_ 
    left outer join
        "the fees" fee4_ 
            on fee3_.anotherFee=fee4_.id_ 
    left outer join
        baz baz5_ 
            on cascadingb0_.baz=baz5_.baz_id_column_ 
    left outer join
        "foos" foo6_ 
            on baz5_.foo=foo6_."foo_idcolumnname123" 
    left outer join
        jointable foo6_1_ 
            on foo6_."foo_idcolumnname123"=foo6_1_.fooid 
    left outer join
        foo_dep_table foo6_2_ 
            on foo6_."foo_idcolumnname123"=foo6_2_.fooid 
    left outer join
        bar_join_table foo6_3_ 
            on foo6_."foo_idcolumnname123"=foo6_3_.bar_id 
    left outer join
        baz baz7_ 
            on baz5_.superBaz=baz7_.baz_id_column_ 
    where
        cascadingb0_."foo_subclass_1234"='B' 
        and cascadingb0_.idofbaz=?
14:16:44,440 DEBUG SQL:104 - 
    select
        topfoos0_.idtopbar as idtopbar28_8_,
        topfoos0_."foo_idcolumnname123" as foo1_20_8_,
        topfoos0_."foo_idcolumnname123" as foo1_20_7_,
        topfoos0_.version as version20_7_,
        topfoos0_.foo as foo20_7_,
        topfoos0_.long_ as long5_20_7_,
        topfoos0_."integer__" as integer6_20_7_,
        topfoos0_.float_ as float7_20_7_,
        topfoos0_.x as x20_7_,
        topfoos0_.double_ as double9_20_7_,
        topfoos0_.date_ as date10_20_7_,
        topfoos0_.timestamp_ as timestamp11_20_7_,
        topfoos0_.boolean_ as boolean12_20_7_,
        topfoos0_.bool_ as bool13_20_7_,
        topfoos0_.null_ as null14_20_7_,
        topfoos0_.short_ as short15_20_7_,
        topfoos0_.char_ as char16_20_7_,
        topfoos0_.zero_ as zero17_20_7_,
        topfoos0_.int_ as int18_20_7_,
        topfoos0_.string_ as string19_20_7_,
        topfoos0_.byte_ as byte20_20_7_,
        topfoos0_.yesno as yesno20_7_,
        topfoos0_.blobb_ as blobb22_20_7_,
        topfoos0_.nullBlob as nullBlob20_7_,
        topfoos0_.bin_ as bin24_20_7_,
        topfoos0_."localeayzabc123" as localea25_20_7_,
        topfoos0_.first_name as first26_20_7_,
        topfoos0_.surname as surname20_7_,
        topfoos0_.count_ as count28_20_7_,
        topfoos0_.name_ as name29_20_7_,
        topfoos0_.g__ as g30_20_7_,
        topfoos0_.cmpnt_null_ as cmpnt31_20_7_,
        topfoos0_.subname as subname20_7_,
        topfoos0_.fee_sub as fee33_20_7_,
        topfoos0_.null_cmpnt_ as null34_20_7_,
        topfoos0_1_.joinedProp as joinedProp49_7_,
        topfoos0_2_.dependent as dependent43_7_,
        topfoos0_.the_time as the35_20_7_,
        topfoos0_.baz as baz20_7_,
        topfoos0_.bar_string as bar37_20_7_,
        topfoos0_.bar_count as bar38_20_7_,
        topfoos0_.name as name20_7_,
        topfoos0_.clazz as clazz20_7_,
        topfoos0_.gen_id as gen41_20_7_,
        topfoos0_3_.name_name as name2_27_7_,
        topfoos0_.int_/2 as formula92_7_,
        glarch1_.tha_key as tha1_21_0_,
        glarch1_.version as version21_0_,
        glarch1_.namecvbnmasdf as namecvbn3_21_0_,
        glarch1_.next_ as next4_21_0_,
        glarch1_.order_ as order5_21_0_,
        glarch1_.foo as foo21_0_,
        glarch1_.bar as bar21_0_,
        glarch1_.x as x21_0_,
        glarch1_.immutable as immutable21_0_,
        glarch1_."any_id_of_object" as any10_21_0_,
        glarch1_."any_class_of_object" as any11_21_0_,
        glarch1_.count_ as count12_21_0_,
        glarch1_.glarch_ as glarch13_21_0_,
        fee2_.id_ as id1_24_1_,
        fee2_.fi as fi24_1_,
        fee2_.fee as fee24_1_,
        fee2_.anotherFee as anotherFee24_1_,
        fee2_.qux as qux24_1_,
        fee2_.count_ as count6_24_1_,
        fee2_.name as name24_1_,
        fee2_.null_prop as null8_24_1_,
        fee3_.id_ as id1_24_2_,
        fee3_.fi as fi24_2_,
        fee3_.fee as fee24_2_,
        fee3_.anotherFee as anotherFee24_2_,
        fee3_.qux as qux24_2_,
        fee3_.count_ as count6_24_2_,
        fee3_.name as name24_2_,
        fee3_.null_prop as null8_24_2_,
        fee4_.id_ as id1_24_3_,
        fee4_.fi as fi24_3_,
        fee4_.fee as fee24_3_,
        fee4_.anotherFee as anotherFee24_3_,
        fee4_.qux as qux24_3_,
        fee4_.count_ as count6_24_3_,
        fee4_.name as name24_3_,
        fee4_.null_prop as null8_24_3_,
        baz5_.baz_id_column_ as baz1_28_4_,
        baz5_.count_count as count2_28_4_,
        baz5_.name_b as name3_28_4_,
        baz5_.foo as foo28_4_,
        baz5_.superBaz as superBaz28_4_,
        baz5_."str" as str6_28_4_,
        foo6_."foo_idcolumnname123" as foo1_20_5_,
        foo6_.version as version20_5_,
        foo6_.foo as foo20_5_,
        foo6_.long_ as long5_20_5_,
        foo6_."integer__" as integer6_20_5_,
        foo6_.float_ as float7_20_5_,
        foo6_.x as x20_5_,
        foo6_.double_ as double9_20_5_,
        foo6_.date_ as date10_20_5_,
        foo6_.timestamp_ as timestamp11_20_5_,
        foo6_.boolean_ as boolean12_20_5_,
        foo6_.bool_ as bool13_20_5_,
        foo6_.null_ as null14_20_5_,
        foo6_.short_ as short15_20_5_,
        foo6_.char_ as char16_20_5_,
        foo6_.zero_ as zero17_20_5_,
        foo6_.int_ as int18_20_5_,
        foo6_.string_ as string19_20_5_,
        foo6_.byte_ as byte20_20_5_,
        foo6_.yesno as yesno20_5_,
        foo6_.blobb_ as blobb22_20_5_,
        foo6_.nullBlob as nullBlob20_5_,
        foo6_.bin_ as bin24_20_5_,
        foo6_."localeayzabc123" as localea25_20_5_,
        foo6_.first_name as first26_20_5_,
        foo6_.surname as surname20_5_,
        foo6_.count_ as count28_20_5_,
        foo6_.name_ as name29_20_5_,
        foo6_.g__ as g30_20_5_,
        foo6_.cmpnt_null_ as cmpnt31_20_5_,
        foo6_.subname as subname20_5_,
        foo6_.fee_sub as fee33_20_5_,
        foo6_.null_cmpnt_ as null34_20_5_,
        foo6_1_.joinedProp as joinedProp49_5_,
        foo6_2_.dependent as dependent43_5_,
        foo6_.the_time as the35_20_5_,
        foo6_.baz as baz20_5_,
        foo6_.bar_string as bar37_20_5_,
        foo6_.bar_count as bar38_20_5_,
        foo6_.name as name20_5_,
        foo6_.clazz as clazz20_5_,
        foo6_.gen_id as gen41_20_5_,
        foo6_3_.name_name as name2_27_5_,
        foo6_.int_/2 as formula92_5_,
        foo6_."foo_subclass_1234" as foo2_20_5_,
        baz7_.baz_id_column_ as baz1_28_6_,
        baz7_.count_count as count2_28_6_,
        baz7_.name_b as name3_28_6_,
        baz7_.foo as foo28_6_,
        baz7_.superBaz as superBaz28_6_,
        baz7_."str" as str6_28_6_ 
    from
        "foos" topfoos0_ 
    inner join
        jointable topfoos0_1_ 
            on topfoos0_."foo_idcolumnname123"=topfoos0_1_.fooid 
    inner join
        foo_dep_table topfoos0_2_ 
            on topfoos0_."foo_idcolumnname123"=topfoos0_2_.fooid 
    inner join
        bar_join_table topfoos0_3_ 
            on topfoos0_."foo_idcolumnname123"=topfoos0_3_.bar_id 
    left outer join
        "glarchez" glarch1_ 
            on topfoos0_.g__=glarch1_.tha_key 
    inner join
        "the fees" fee2_ 
            on topfoos0_2_.dependent=fee2_.id_ 
    left outer join
        "the fees" fee3_ 
            on fee2_.fee=fee3_.id_ 
    left outer join
        "the fees" fee4_ 
            on fee3_.anotherFee=fee4_.id_ 
    left outer join
        baz baz5_ 
            on topfoos0_.baz=baz5_.baz_id_column_ 
    left outer join
        "foos" foo6_ 
            on baz5_.foo=foo6_."foo_idcolumnname123" 
    left outer join
        jointable foo6_1_ 
            on foo6_."foo_idcolumnname123"=foo6_1_.fooid 
    left outer join
        foo_dep_table foo6_2_ 
            on foo6_."foo_idcolumnname123"=foo6_2_.fooid 
    left outer join
        bar_join_table foo6_3_ 
            on foo6_."foo_idcolumnname123"=foo6_3_.bar_id 
    left outer join
        baz baz7_ 
            on baz5_.superBaz=baz7_.baz_id_column_ 
    where
        topfoos0_."foo_subclass_1234"='B' 
        and topfoos0_.idtopbar=?
14:16:44,514 DEBUG SQL:104 - 
    select
        topcompone0_.id_ as id1_28_0_,
        topcompone0_.name as name64_0_,
        topcompone0_.count_ as count3_64_0_,
        topcompone0_.i as i0_ 
    from
        topcomponents topcompone0_ 
    where
        topcompone0_.id_=?
14:16:44,514 DEBUG SQL:104 - 
    select
        customs0_.id_ as id1_28_0_,
        customs0_.first_ as first2_38_0_,
        customs0_.second_ as second3_38_0_,
        customs0_.indx as indx0_ 
    from
        customs customs0_ 
    where
        customs0_.id_=?
14:16:44,523 DEBUG SQL:104 - 
    select
        glarchtofo0_.gtf_baz_id as gtf14_28_1_,
        glarchtofo0_.tha_key as tha1_21_1_,
        glarchtofo0_.gtf_foo_id as gtf15_1_,
        glarchtofo0_.tha_key as tha1_21_0_,
        glarchtofo0_.version as version21_0_,
        glarchtofo0_.namecvbnmasdf as namecvbn3_21_0_,
        glarchtofo0_.next_ as next4_21_0_,
        glarchtofo0_.order_ as order5_21_0_,
        glarchtofo0_.foo as foo21_0_,
        glarchtofo0_.bar as bar21_0_,
        glarchtofo0_.x as x21_0_,
        glarchtofo0_.immutable as immutable21_0_,
        glarchtofo0_."any_id_of_object" as any10_21_0_,
        glarchtofo0_."any_class_of_object" as any11_21_0_,
        glarchtofo0_.count_ as count12_21_0_,
        glarchtofo0_.glarch_ as glarch13_21_0_ 
    from
        "glarchez" glarchtofo0_ 
    where
        glarchtofo0_.gtf_baz_id=?
14:16:44,524 DEBUG SQL:104 - 
    select
        foocompone0_.baz_id as baz1_28_8_,
        foocompone0_.foo_id as foo2_40_8_,
        foocompone0_.name as name8_,
        foocompone0_.count_ as count4_8_,
        foo1_."foo_idcolumnname123" as foo1_20_0_,
        foo1_.version as version20_0_,
        foo1_.foo as foo20_0_,
        foo1_.long_ as long5_20_0_,
        foo1_."integer__" as integer6_20_0_,
        foo1_.float_ as float7_20_0_,
        foo1_.x as x20_0_,
        foo1_.double_ as double9_20_0_,
        foo1_.date_ as date10_20_0_,
        foo1_.timestamp_ as timestamp11_20_0_,
        foo1_.boolean_ as boolean12_20_0_,
        foo1_.bool_ as bool13_20_0_,
        foo1_.null_ as null14_20_0_,
        foo1_.short_ as short15_20_0_,
        foo1_.char_ as char16_20_0_,
        foo1_.zero_ as zero17_20_0_,
        foo1_.int_ as int18_20_0_,
        foo1_.string_ as string19_20_0_,
        foo1_.byte_ as byte20_20_0_,
        foo1_.yesno as yesno20_0_,
        foo1_.blobb_ as blobb22_20_0_,
        foo1_.nullBlob as nullBlob20_0_,
        foo1_.bin_ as bin24_20_0_,
        foo1_."localeayzabc123" as localea25_20_0_,
        foo1_.first_name as first26_20_0_,
        foo1_.surname as surname20_0_,
        foo1_.count_ as count28_20_0_,
        foo1_.name_ as name29_20_0_,
        foo1_.g__ as g30_20_0_,
        foo1_.cmpnt_null_ as cmpnt31_20_0_,
        foo1_.subname as subname20_0_,
        foo1_.fee_sub as fee33_20_0_,
        foo1_.null_cmpnt_ as null34_20_0_,
        foo1_1_.joinedProp as joinedProp49_0_,
        foo1_2_.dependent as dependent43_0_,
        foo1_.the_time as the35_20_0_,
        foo1_.baz as baz20_0_,
        foo1_.bar_string as bar37_20_0_,
        foo1_.bar_count as bar38_20_0_,
        foo1_.name as name20_0_,
        foo1_.clazz as clazz20_0_,
        foo1_.gen_id as gen41_20_0_,
        foo1_3_.name_name as name2_27_0_,
        foo1_.int_/2 as formula92_0_,
        foo1_."foo_subclass_1234" as foo2_20_0_,
        glarch2_.tha_key as tha1_21_1_,
        glarch2_.version as version21_1_,
        glarch2_.namecvbnmasdf as namecvbn3_21_1_,
        glarch2_.next_ as next4_21_1_,
        glarch2_.order_ as order5_21_1_,
        glarch2_.foo as foo21_1_,
        glarch2_.bar as bar21_1_,
        glarch2_.x as x21_1_,
        glarch2_.immutable as immutable21_1_,
        glarch2_."any_id_of_object" as any10_21_1_,
        glarch2_."any_class_of_object" as any11_21_1_,
        glarch2_.count_ as count12_21_1_,
        glarch2_.glarch_ as glarch13_21_1_,
        fee3_.id_ as id1_24_2_,
        fee3_.fi as fi24_2_,
        fee3_.fee as fee24_2_,
        fee3_.anotherFee as anotherFee24_2_,
        fee3_.qux as qux24_2_,
        fee3_.count_ as count6_24_2_,
        fee3_.name as name24_2_,
        fee3_.null_prop as null8_24_2_,
        fee4_.id_ as id1_24_3_,
        fee4_.fi as fi24_3_,
        fee4_.fee as fee24_3_,
        fee4_.anotherFee as anotherFee24_3_,
        fee4_.qux as qux24_3_,
        fee4_.count_ as count6_24_3_,
        fee4_.name as name24_3_,
        fee4_.null_prop as null8_24_3_,
        fee5_.id_ as id1_24_4_,
        fee5_.fi as fi24_4_,
        fee5_.fee as fee24_4_,
        fee5_.anotherFee as anotherFee24_4_,
        fee5_.qux as qux24_4_,
        fee5_.count_ as count6_24_4_,
        fee5_.name as name24_4_,
        fee5_.null_prop as null8_24_4_,
        baz6_.baz_id_column_ as baz1_28_5_,
        baz6_.count_count as count2_28_5_,
        baz6_.name_b as name3_28_5_,
        baz6_.foo as foo28_5_,
        baz6_.superBaz as superBaz28_5_,
        baz6_."str" as str6_28_5_,
        foo7_."foo_idcolumnname123" as foo1_20_6_,
        foo7_.version as version20_6_,
        foo7_.foo as foo20_6_,
        foo7_.long_ as long5_20_6_,
        foo7_."integer__" as integer6_20_6_,
        foo7_.float_ as float7_20_6_,
        foo7_.x as x20_6_,
        foo7_.double_ as double9_20_6_,
        foo7_.date_ as date10_20_6_,
        foo7_.timestamp_ as timestamp11_20_6_,
        foo7_.boolean_ as boolean12_20_6_,
        foo7_.bool_ as bool13_20_6_,
        foo7_.null_ as null14_20_6_,
        foo7_.short_ as short15_20_6_,
        foo7_.char_ as char16_20_6_,
        foo7_.zero_ as zero17_20_6_,
        foo7_.int_ as int18_20_6_,
        foo7_.string_ as string19_20_6_,
        foo7_.byte_ as byte20_20_6_,
        foo7_.yesno as yesno20_6_,
        foo7_.blobb_ as blobb22_20_6_,
        foo7_.nullBlob as nullBlob20_6_,
        foo7_.bin_ as bin24_20_6_,
        foo7_."localeayzabc123" as localea25_20_6_,
        foo7_.first_name as first26_20_6_,
        foo7_.surname as surname20_6_,
        foo7_.count_ as count28_20_6_,
        foo7_.name_ as name29_20_6_,
        foo7_.g__ as g30_20_6_,
        foo7_.cmpnt_null_ as cmpnt31_20_6_,
        foo7_.subname as subname20_6_,
        foo7_.fee_sub as fee33_20_6_,
        foo7_.null_cmpnt_ as null34_20_6_,
        foo7_1_.joinedProp as joinedProp49_6_,
        foo7_2_.dependent as dependent43_6_,
        foo7_.the_time as the35_20_6_,
        foo7_.baz as baz20_6_,
        foo7_.bar_string as bar37_20_6_,
        foo7_.bar_count as bar38_20_6_,
        foo7_.name as name20_6_,
        foo7_.clazz as clazz20_6_,
        foo7_.gen_id as gen41_20_6_,
        foo7_3_.name_name as name2_27_6_,
        foo7_.int_/2 as formula92_6_,
        foo7_."foo_subclass_1234" as foo2_20_6_,
        baz8_.baz_id_column_ as baz1_28_7_,
        baz8_.count_count as count2_28_7_,
        baz8_.name_b as name3_28_7_,
        baz8_.foo as foo28_7_,
        baz8_.superBaz as superBaz28_7_,
        baz8_."str" as str6_28_7_ 
    from
        fooComponentToFoo foocompone0_ 
    inner join
        "foos" foo1_ 
            on foocompone0_.foo_id=foo1_."foo_idcolumnname123" 
    left outer join
        jointable foo1_1_ 
            on foo1_."foo_idcolumnname123"=foo1_1_.fooid 
    left outer join
        foo_dep_table foo1_2_ 
            on foo1_."foo_idcolumnname123"=foo1_2_.fooid 
    left outer join
        bar_join_table foo1_3_ 
            on foo1_."foo_idcolumnname123"=foo1_3_.bar_id 
    left outer join
        "glarchez" glarch2_ 
            on foo1_.g__=glarch2_.tha_key 
    inner join
        "the fees" fee3_ 
            on foo1_2_.dependent=fee3_.id_ 
    left outer join
        "the fees" fee4_ 
            on fee3_.fee=fee4_.id_ 
    left outer join
        "the fees" fee5_ 
            on fee4_.anotherFee=fee5_.id_ 
    left outer join
        baz baz6_ 
            on foo1_.baz=baz6_.baz_id_column_ 
    left outer join
        "foos" foo7_ 
            on baz6_.foo=foo7_."foo_idcolumnname123" 
    left outer join
        jointable foo7_1_ 
            on foo7_."foo_idcolumnname123"=foo7_1_.fooid 
    left outer join
        foo_dep_table foo7_2_ 
            on foo7_."foo_idcolumnname123"=foo7_2_.fooid 
    left outer join
        bar_join_table foo7_3_ 
            on foo7_."foo_idcolumnname123"=foo7_3_.bar_id 
    left outer join
        baz baz8_ 
            on baz6_.superBaz=baz8_.baz_id_column_ 
    where
        foocompone0_.baz_id=?
14:16:44,588 DEBUG SQL:104 - 
    select
        footoglarc0_.baz_id as baz1_28_1_,
        footoglarc0_.glarch_id as glarch2_41_1_,
        footoglarc0_.foo_id as foo3_1_,
        glarch1_.tha_key as tha1_21_0_,
        glarch1_.version as version21_0_,
        glarch1_.namecvbnmasdf as namecvbn3_21_0_,
        glarch1_.next_ as next4_21_0_,
        glarch1_.order_ as order5_21_0_,
        glarch1_.foo as foo21_0_,
        glarch1_.bar as bar21_0_,
        glarch1_.x as x21_0_,
        glarch1_.immutable as immutable21_0_,
        glarch1_."any_id_of_object" as any10_21_0_,
        glarch1_."any_class_of_object" as any11_21_0_,
        glarch1_.count_ as count12_21_0_,
        glarch1_.glarch_ as glarch13_21_0_ 
    from
        fooToGlarch footoglarc0_ 
    inner join
        "glarchez" glarch1_ 
            on footoglarc0_.glarch_id=glarch1_.tha_key 
    where
        footoglarc0_.baz_id=?
14:16:44,598 DEBUG SQL:104 - 
    select
        bag0_."baz_id_" as baz1_28_0_,
        bag0_."name_" as name2_17_0_ 
    from
        "bxaxg" bag0_ 
    where
        bag0_."baz_id_"=? 
    order by
        bag0_."name_"
14:16:44,599 DEBUG SQL:104 - 
    select
        stringlist0_.id as id28_0_,
        stringlist0_.element as element59_0_,
        stringlist0_."i" as i3_0_ 
    from
        string_list stringlist0_ 
    where
        stringlist0_.id=?
14:16:44,608 DEBUG SQL:104 - 
    select
        fees0_.fee_id as fee1_24_0_,
        fees0_.str_ as str2_18_0_ 
    from
        "fees" fees0_ 
    where
        fees0_.fee_id=?
14:16:44,609 DEBUG SQL:104 - 
    select
        proxyset0_.set_key as set22_21_1_,
        proxyset0_.tha_key as tha1_21_1_,
        proxyset0_.tha_key as tha1_21_0_,
        proxyset0_.version as version21_0_,
        proxyset0_.namecvbnmasdf as namecvbn3_21_0_,
        proxyset0_.next_ as next4_21_0_,
        proxyset0_.order_ as order5_21_0_,
        proxyset0_.foo as foo21_0_,
        proxyset0_.bar as bar21_0_,
        proxyset0_.x as x21_0_,
        proxyset0_.immutable as immutable21_0_,
        proxyset0_."any_id_of_object" as any10_21_0_,
        proxyset0_."any_class_of_object" as any11_21_0_,
        proxyset0_.count_ as count12_21_0_,
        proxyset0_.glarch_ as glarch13_21_0_ 
    from
        "glarchez" proxyset0_ 
    where
        proxyset0_.set_key=?
14:16:44,618 DEBUG SQL:104 - 
    select
        strings0_.glarch_key as glarch1_21_0_,
        strings0_."tha_stryng" as tha2_23_0_,
        strings0_."indx_" as indx3_0_ 
    from
        "strings" strings0_ 
    where
        strings0_.glarch_key=?
14:16:44,618 DEBUG SQL:104 - 
    select
        fees0_.fee_id as fee1_24_0_,
        fees0_.str_ as str2_18_0_ 
    from
        "fees" fees0_ 
    where
        fees0_.fee_id=?
14:16:44,619  INFO CustomRunner:139 - Test: testLazyManyToOneHQL
14:16:44,621 DEBUG SQL:104 - 
    insert 
    into
        baz
        (count_count, name_b, foo, superBaz, "str", baz_id_column_) 
    values
        (?, ?, ?, ?, ?, ?)
14:16:44,629 DEBUG SQL:104 - 
    insert 
    into
        "glarchez"
        (version, namecvbnmasdf, next_, order_, foo, bar, x, immutable, "any_id_of_object", "any_class_of_object", count_, glarch_, tha_key) 
    values
        (?, ?, ?, ?, ?, ?, ?, ?, ?, ?, ?, ?, ?)
14:16:44,629 DEBUG SQL:104 - 
    insert 
    into
        "the fees"
        (fi, fee, anotherFee, qux, count_, name, null_prop, id_) 
    values
        (?, ?, ?, ?, ?, ?, ?, ?)
14:16:44,630 DEBUG SQL:104 - 
    insert 
    into
        "the fees"
        (fi, fee, anotherFee, qux, count_, name, null_prop, id_) 
    values
        (?, ?, ?, ?, ?, ?, ?, ?)
14:16:44,630 DEBUG SQL:104 - 
    insert 
    into
        "foos"
        (version, long_, "integer__", float_, x, double_, date_, timestamp_, boolean_, bool_, short_, char_, zero_, int_, string_, byte_, yesno, blobb_, bin_, "localeayzabc123", first_name, surname, count_, name_, g__, cmpnt_null_, subname, fee_sub, "foo_subclass_1234", "foo_idcolumnname123") 
    values
        (?, ?, ?, ?, ?, ?, ?, ?, ?, ?, ?, ?, ?, ?, ?, ?, ?, ?, ?, ?, ?, ?, ?, ?, ?, ?, ?, ?, 'F', ?)
14:16:44,630 DEBUG SQL:104 - 
    insert 
    into
        jointable
        (fooid) 
    values
        (?)
14:16:44,640 DEBUG SQL:104 - 
    insert 
    into
        foo_dep_table
        (dependent, fooid) 
    values
        (?, ?)
14:16:44,640 DEBUG SQL:104 - 
    update
        baz 
    set
        count_count=?,
        name_b=?,
        foo=?,
        superBaz=?,
        "str"=? 
    where
        baz_id_column_=?
14:16:44,641 DEBUG SQL:104 - 
    insert 
    into
        foobytes
        (id, i, byte_) 
    values
        (?, ?, ?)
14:16:44,650 DEBUG SQL:104 - 
    insert 
    into
        foobytes
        (id, i, byte_) 
    values
        (?, ?, ?)
14:16:44,650 DEBUG SQL:104 - 
    insert 
    into
        foobytes
        (id, i, byte_) 
    values
        (?, ?, ?)
14:16:44,650 DEBUG SQL:104 - 
    insert 
    into
        foobytes
        (id, i, byte_) 
    values
        (?, ?, ?)
14:16:44,650 DEBUG SQL:104 - 
    insert 
    into
        foobytes
        (id, i, byte_) 
    values
        (?, ?, ?)
14:16:44,651 DEBUG SQL:104 - 
    insert 
    into
        foobytes
        (id, i, byte_) 
    values
        (?, ?, ?)
14:16:44,660 DEBUG SQL:104 - 
    insert 
    into
        foobytes
        (id, i, byte_) 
    values
        (?, ?, ?)
14:16:44,661 DEBUG SQL:104 - 
    insert 
    into
        foobytes
        (id, i, byte_) 
    values
        (?, ?, ?)
14:16:44,661 DEBUG SQL:104 - 
    insert 
    into
        foo_times
        (foo_id, i, date_) 
    values
        (?, ?, ?)
14:16:44,661 DEBUG SQL:104 - 
    insert 
    into
        foo_dates
        (foo_id, i, date_) 
    values
        (?, ?, ?)
14:16:44,671 DEBUG SQL:104 - 
    insert 
    into
        foo_dates
        (foo_id, i, date_) 
    values
        (?, ?, ?)
14:16:44,671 DEBUG SQL:104 - 
    insert 
    into
        foo_dates
        (foo_id, i, date_) 
    values
        (?, ?, ?)
14:16:44,672 DEBUG SQL:104 - 
    select
        baz0_.baz_id_column_ as baz1_28_,
        baz0_.count_count as count2_28_,
        baz0_.name_b as name3_28_,
        baz0_.foo as foo28_,
        baz0_.superBaz as superBaz28_,
        baz0_."str" as str6_28_ 
    from
        baz baz0_
14:16:44,672 DEBUG SQL:104 - 
    select
        intarray0_.id as id28_0_,
        intarray0_.j as j48_0_,
        intarray0_.i as i0_ 
    from
        int_array intarray0_ 
    where
        intarray0_.id=?
14:16:44,681 DEBUG SQL:104 - 
    select
        components0_.baz_id as baz1_28_0_,
        components0_.name as name33_0_,
        components0_.count_ as count3_33_0_,
        components0_.x_ as x4_33_0_,
        components0_.y_ as y5_33_0_,
        components0_.i as i0_ 
    from
        bazcomponents components0_ 
    where
        components0_.baz_id=?
14:16:44,682 DEBUG SQL:104 - 
    select
        timearray0_.baz_id as baz1_28_0_,
        timearray0_.the_time as the2_63_0_,
        timearray0_.j as j0_ 
    from
        timeArray timearray0_ 
    where
        timearray0_.baz_id=?
14:16:44,682 DEBUG SQL:104 - 
    select
        fooarray0_.id_ as id1_28_0_,
        fooarray0_.foo as foo5_0_,
        fooarray0_.i as i0_ 
    from
        FOO_ARRAY fooarray0_ 
    where
        (
            fooarray0_.i<8
        )  
        and fooarray0_.id_=?
14:16:44,682 DEBUG SQL:104 - 
    select
        stringarra0_.id_ as id1_28_0_,
        stringarra0_.name as name56_0_,
        stringarra0_.i as i0_ 
    from
        stringArray stringarra0_ 
    where
        stringarra0_.id_=?
14:16:44,683 DEBUG SQL:104 - 
    select
        floats0_.baz_compon_id as baz1_28_0_,
        floats0_.float_value as float2_30_0_ 
    from
        baz_floats_bag floats0_ 
    where
        floats0_.baz_compon_id=?
14:16:44,683 DEBUG SQL:104 - 
    select
        foos0_.baz_compon_id as baz46_28_8_,
        foos0_."foo_idcolumnname123" as foo1_20_8_,
        foos0_."foo_idcolumnname123" as foo1_20_7_,
        foos0_.version as version20_7_,
        foos0_.foo as foo20_7_,
        foos0_.long_ as long5_20_7_,
        foos0_."integer__" as integer6_20_7_,
        foos0_.float_ as float7_20_7_,
        foos0_.x as x20_7_,
        foos0_.double_ as double9_20_7_,
        foos0_.date_ as date10_20_7_,
        foos0_.timestamp_ as timestamp11_20_7_,
        foos0_.boolean_ as boolean12_20_7_,
        foos0_.bool_ as bool13_20_7_,
        foos0_.null_ as null14_20_7_,
        foos0_.short_ as short15_20_7_,
        foos0_.char_ as char16_20_7_,
        foos0_.zero_ as zero17_20_7_,
        foos0_.int_ as int18_20_7_,
        foos0_.string_ as string19_20_7_,
        foos0_.byte_ as byte20_20_7_,
        foos0_.yesno as yesno20_7_,
        foos0_.blobb_ as blobb22_20_7_,
        foos0_.nullBlob as nullBlob20_7_,
        foos0_.bin_ as bin24_20_7_,
        foos0_."localeayzabc123" as localea25_20_7_,
        foos0_.first_name as first26_20_7_,
        foos0_.surname as surname20_7_,
        foos0_.count_ as count28_20_7_,
        foos0_.name_ as name29_20_7_,
        foos0_.g__ as g30_20_7_,
        foos0_.cmpnt_null_ as cmpnt31_20_7_,
        foos0_.subname as subname20_7_,
        foos0_.fee_sub as fee33_20_7_,
        foos0_.null_cmpnt_ as null34_20_7_,
        foos0_1_.joinedProp as joinedProp49_7_,
        foos0_2_.dependent as dependent43_7_,
        foos0_.the_time as the35_20_7_,
        foos0_.baz as baz20_7_,
        foos0_.bar_string as bar37_20_7_,
        foos0_.bar_count as bar38_20_7_,
        foos0_.name as name20_7_,
        foos0_.clazz as clazz20_7_,
        foos0_.gen_id as gen41_20_7_,
        foos0_3_.name_name as name2_27_7_,
        foos0_.int_/2 as formula92_7_,
        foos0_."foo_subclass_1234" as foo2_20_7_,
        glarch1_.tha_key as tha1_21_0_,
        glarch1_.version as version21_0_,
        glarch1_.namecvbnmasdf as namecvbn3_21_0_,
        glarch1_.next_ as next4_21_0_,
        glarch1_.order_ as order5_21_0_,
        glarch1_.foo as foo21_0_,
        glarch1_.bar as bar21_0_,
        glarch1_.x as x21_0_,
        glarch1_.immutable as immutable21_0_,
        glarch1_."any_id_of_object" as any10_21_0_,
        glarch1_."any_class_of_object" as any11_21_0_,
        glarch1_.count_ as count12_21_0_,
        glarch1_.glarch_ as glarch13_21_0_,
        fee2_.id_ as id1_24_1_,
        fee2_.fi as fi24_1_,
        fee2_.fee as fee24_1_,
        fee2_.anotherFee as anotherFee24_1_,
        fee2_.qux as qux24_1_,
        fee2_.count_ as count6_24_1_,
        fee2_.name as name24_1_,
        fee2_.null_prop as null8_24_1_,
        fee3_.id_ as id1_24_2_,
        fee3_.fi as fi24_2_,
        fee3_.fee as fee24_2_,
        fee3_.anotherFee as anotherFee24_2_,
        fee3_.qux as qux24_2_,
        fee3_.count_ as count6_24_2_,
        fee3_.name as name24_2_,
        fee3_.null_prop as null8_24_2_,
        fee4_.id_ as id1_24_3_,
        fee4_.fi as fi24_3_,
        fee4_.fee as fee24_3_,
        fee4_.anotherFee as anotherFee24_3_,
        fee4_.qux as qux24_3_,
        fee4_.count_ as count6_24_3_,
        fee4_.name as name24_3_,
        fee4_.null_prop as null8_24_3_,
        baz5_.baz_id_column_ as baz1_28_4_,
        baz5_.count_count as count2_28_4_,
        baz5_.name_b as name3_28_4_,
        baz5_.foo as foo28_4_,
        baz5_.superBaz as superBaz28_4_,
        baz5_."str" as str6_28_4_,
        foo6_."foo_idcolumnname123" as foo1_20_5_,
        foo6_.version as version20_5_,
        foo6_.foo as foo20_5_,
        foo6_.long_ as long5_20_5_,
        foo6_."integer__" as integer6_20_5_,
        foo6_.float_ as float7_20_5_,
        foo6_.x as x20_5_,
        foo6_.double_ as double9_20_5_,
        foo6_.date_ as date10_20_5_,
        foo6_.timestamp_ as timestamp11_20_5_,
        foo6_.boolean_ as boolean12_20_5_,
        foo6_.bool_ as bool13_20_5_,
        foo6_.null_ as null14_20_5_,
        foo6_.short_ as short15_20_5_,
        foo6_.char_ as char16_20_5_,
        foo6_.zero_ as zero17_20_5_,
        foo6_.int_ as int18_20_5_,
        foo6_.string_ as string19_20_5_,
        foo6_.byte_ as byte20_20_5_,
        foo6_.yesno as yesno20_5_,
        foo6_.blobb_ as blobb22_20_5_,
        foo6_.nullBlob as nullBlob20_5_,
        foo6_.bin_ as bin24_20_5_,
        foo6_."localeayzabc123" as localea25_20_5_,
        foo6_.first_name as first26_20_5_,
        foo6_.surname as surname20_5_,
        foo6_.count_ as count28_20_5_,
        foo6_.name_ as name29_20_5_,
        foo6_.g__ as g30_20_5_,
        foo6_.cmpnt_null_ as cmpnt31_20_5_,
        foo6_.subname as subname20_5_,
        foo6_.fee_sub as fee33_20_5_,
        foo6_.null_cmpnt_ as null34_20_5_,
        foo6_1_.joinedProp as joinedProp49_5_,
        foo6_2_.dependent as dependent43_5_,
        foo6_.the_time as the35_20_5_,
        foo6_.baz as baz20_5_,
        foo6_.bar_string as bar37_20_5_,
        foo6_.bar_count as bar38_20_5_,
        foo6_.name as name20_5_,
        foo6_.clazz as clazz20_5_,
        foo6_.gen_id as gen41_20_5_,
        foo6_3_.name_name as name2_27_5_,
        foo6_.int_/2 as formula92_5_,
        foo6_."foo_subclass_1234" as foo2_20_5_,
        baz7_.baz_id_column_ as baz1_28_6_,
        baz7_.count_count as count2_28_6_,
        baz7_.name_b as name3_28_6_,
        baz7_.foo as foo28_6_,
        baz7_.superBaz as superBaz28_6_,
        baz7_."str" as str6_28_6_ 
    from
        "foos" foos0_ 
    inner join
        jointable foos0_1_ 
            on foos0_."foo_idcolumnname123"=foos0_1_.fooid 
    inner join
        foo_dep_table foos0_2_ 
            on foos0_."foo_idcolumnname123"=foos0_2_.fooid 
    left outer join
        bar_join_table foos0_3_ 
            on foos0_."foo_idcolumnname123"=foos0_3_.bar_id 
    left outer join
        "glarchez" glarch1_ 
            on foos0_.g__=glarch1_.tha_key 
    inner join
        "the fees" fee2_ 
            on foos0_2_.dependent=fee2_.id_ 
    left outer join
        "the fees" fee3_ 
            on fee2_.fee=fee3_.id_ 
    left outer join
        "the fees" fee4_ 
            on fee3_.anotherFee=fee4_.id_ 
    left outer join
        baz baz5_ 
            on foos0_.baz=baz5_.baz_id_column_ 
    left outer join
        "foos" foo6_ 
            on baz5_.foo=foo6_."foo_idcolumnname123" 
    left outer join
        jointable foo6_1_ 
            on foo6_."foo_idcolumnname123"=foo6_1_.fooid 
    left outer join
        foo_dep_table foo6_2_ 
            on foo6_."foo_idcolumnname123"=foo6_2_.fooid 
    left outer join
        bar_join_table foo6_3_ 
            on foo6_."foo_idcolumnname123"=foo6_3_.bar_id 
    left outer join
        baz baz7_ 
            on baz5_.superBaz=baz7_.baz_id_column_ 
    where
        foos0_."foo_subclass_1234" in (
            'F', 'B', 'T'
        ) 
        and foos0_.baz_compon_id=?
14:16:44,763 DEBUG SQL:104 - 
    select
        subs0_.superBaz as superBaz28_7_,
        subs0_.baz_id_column_ as baz1_28_7_,
        subs0_.baz_id_column_ as baz1_28_6_,
        subs0_.count_count as count2_28_6_,
        subs0_.name_b as name3_28_6_,
        subs0_.foo as foo28_6_,
        subs0_.superBaz as superBaz28_6_,
        subs0_."str" as str6_28_6_,
        foo1_."foo_idcolumnname123" as foo1_20_0_,
        foo1_.version as version20_0_,
        foo1_.foo as foo20_0_,
        foo1_.long_ as long5_20_0_,
        foo1_."integer__" as integer6_20_0_,
        foo1_.float_ as float7_20_0_,
        foo1_.x as x20_0_,
        foo1_.double_ as double9_20_0_,
        foo1_.date_ as date10_20_0_,
        foo1_.timestamp_ as timestamp11_20_0_,
        foo1_.boolean_ as boolean12_20_0_,
        foo1_.bool_ as bool13_20_0_,
        foo1_.null_ as null14_20_0_,
        foo1_.short_ as short15_20_0_,
        foo1_.char_ as char16_20_0_,
        foo1_.zero_ as zero17_20_0_,
        foo1_.int_ as int18_20_0_,
        foo1_.string_ as string19_20_0_,
        foo1_.byte_ as byte20_20_0_,
        foo1_.yesno as yesno20_0_,
        foo1_.blobb_ as blobb22_20_0_,
        foo1_.nullBlob as nullBlob20_0_,
        foo1_.bin_ as bin24_20_0_,
        foo1_."localeayzabc123" as localea25_20_0_,
        foo1_.first_name as first26_20_0_,
        foo1_.surname as surname20_0_,
        foo1_.count_ as count28_20_0_,
        foo1_.name_ as name29_20_0_,
        foo1_.g__ as g30_20_0_,
        foo1_.cmpnt_null_ as cmpnt31_20_0_,
        foo1_.subname as subname20_0_,
        foo1_.fee_sub as fee33_20_0_,
        foo1_.null_cmpnt_ as null34_20_0_,
        foo1_1_.joinedProp as joinedProp49_0_,
        foo1_2_.dependent as dependent43_0_,
        foo1_.the_time as the35_20_0_,
        foo1_.baz as baz20_0_,
        foo1_.bar_string as bar37_20_0_,
        foo1_.bar_count as bar38_20_0_,
        foo1_.name as name20_0_,
        foo1_.clazz as clazz20_0_,
        foo1_.gen_id as gen41_20_0_,
        foo1_3_.name_name as name2_27_0_,
        foo1_.int_/2 as formula92_0_,
        foo1_."foo_subclass_1234" as foo2_20_0_,
        glarch2_.tha_key as tha1_21_1_,
        glarch2_.version as version21_1_,
        glarch2_.namecvbnmasdf as namecvbn3_21_1_,
        glarch2_.next_ as next4_21_1_,
        glarch2_.order_ as order5_21_1_,
        glarch2_.foo as foo21_1_,
        glarch2_.bar as bar21_1_,
        glarch2_.x as x21_1_,
        glarch2_.immutable as immutable21_1_,
        glarch2_."any_id_of_object" as any10_21_1_,
        glarch2_."any_class_of_object" as any11_21_1_,
        glarch2_.count_ as count12_21_1_,
        glarch2_.glarch_ as glarch13_21_1_,
        fee3_.id_ as id1_24_2_,
        fee3_.fi as fi24_2_,
        fee3_.fee as fee24_2_,
        fee3_.anotherFee as anotherFee24_2_,
        fee3_.qux as qux24_2_,
        fee3_.count_ as count6_24_2_,
        fee3_.name as name24_2_,
        fee3_.null_prop as null8_24_2_,
        fee4_.id_ as id1_24_3_,
        fee4_.fi as fi24_3_,
        fee4_.fee as fee24_3_,
        fee4_.anotherFee as anotherFee24_3_,
        fee4_.qux as qux24_3_,
        fee4_.count_ as count6_24_3_,
        fee4_.name as name24_3_,
        fee4_.null_prop as null8_24_3_,
        fee5_.id_ as id1_24_4_,
        fee5_.fi as fi24_4_,
        fee5_.fee as fee24_4_,
        fee5_.anotherFee as anotherFee24_4_,
        fee5_.qux as qux24_4_,
        fee5_.count_ as count6_24_4_,
        fee5_.name as name24_4_,
        fee5_.null_prop as null8_24_4_,
        baz6_.baz_id_column_ as baz1_28_5_,
        baz6_.count_count as count2_28_5_,
        baz6_.name_b as name3_28_5_,
        baz6_.foo as foo28_5_,
        baz6_.superBaz as superBaz28_5_,
        baz6_."str" as str6_28_5_ 
    from
        baz subs0_ 
    left outer join
        "foos" foo1_ 
            on subs0_.foo=foo1_."foo_idcolumnname123" 
    left outer join
        jointable foo1_1_ 
            on foo1_."foo_idcolumnname123"=foo1_1_.fooid 
    left outer join
        foo_dep_table foo1_2_ 
            on foo1_."foo_idcolumnname123"=foo1_2_.fooid 
    left outer join
        bar_join_table foo1_3_ 
            on foo1_."foo_idcolumnname123"=foo1_3_.bar_id 
    left outer join
        "glarchez" glarch2_ 
            on foo1_.g__=glarch2_.tha_key 
    left outer join
        "the fees" fee3_ 
            on foo1_2_.dependent=fee3_.id_ 
    left outer join
        "the fees" fee4_ 
            on fee3_.fee=fee4_.id_ 
    left outer join
        "the fees" fee5_ 
            on fee4_.anotherFee=fee5_.id_ 
    left outer join
        baz baz6_ 
            on foo1_.baz=baz6_.baz_id_column_ 
    where
        subs0_.superBaz=?
14:16:44,803 DEBUG SQL:104 - 
    select
        sortablez0_.baz as baz28_1_,
        sortablez0_.id as id14_1_,
        sortablez0_.id as id14_0_,
        sortablez0_.name as name14_0_ 
    from
        Sortable sortablez0_ 
    where
        sortablez0_.baz=?
14:16:44,814 DEBUG SQL:104 - 
    select
        stringglar0_.baz_map_id as baz18_28_1_,
        stringglar0_.tha_key as tha1_21_1_,
        stringglar0_.baz_map_index as baz19_1_,
        stringglar0_.tha_key as tha1_21_0_,
        stringglar0_.version as version21_0_,
        stringglar0_.namecvbnmasdf as namecvbn3_21_0_,
        stringglar0_.next_ as next4_21_0_,
        stringglar0_.order_ as order5_21_0_,
        stringglar0_.foo as foo21_0_,
        stringglar0_.bar as bar21_0_,
        stringglar0_.x as x21_0_,
        stringglar0_.immutable as immutable21_0_,
        stringglar0_."any_id_of_object" as any10_21_0_,
        stringglar0_."any_class_of_object" as any11_21_0_,
        stringglar0_.count_ as count12_21_0_,
        stringglar0_.glarch_ as glarch13_21_0_ 
    from
        "glarchez" stringglar0_ 
    where
        (
            stringglar0_.baz_map_index > 'a' 
            and stringglar0_.tha_key is not null
        )  
        and stringglar0_.baz_map_id=?
14:16:44,827 DEBUG SQL:104 - 
    select
        cachedmap0_.baz as baz28_0_,
        cachedmap0_.foo as foo34_0_,
        cachedmap0_.bar as bar34_0_,
        cachedmap0_.another_baz as another4_0_ 
    from
        cached_map cachedmap0_ 
    where
        cachedmap0_.baz=?
14:16:44,827 DEBUG SQL:104 - 
    select
        cached0_.baz as baz28_0_,
        cached0_.foo as foo35_0_,
        cached0_.bar as bar35_0_ 
    from
        cached_set cached0_ 
    where
        cached0_.baz=?
14:16:44,828 DEBUG SQL:104 - 
    select
        topglarche0_.idtopglarch as idtopgl16_28_1_,
        topglarche0_.tha_key as tha1_21_1_,
        topglarche0_.mapkey as mapkey1_,
        topglarche0_.tha_key as tha1_21_0_,
        topglarche0_.version as version21_0_,
        topglarche0_.namecvbnmasdf as namecvbn3_21_0_,
        topglarche0_.next_ as next4_21_0_,
        topglarche0_.order_ as order5_21_0_,
        topglarche0_.foo as foo21_0_,
        topglarche0_.bar as bar21_0_,
        topglarche0_.x as x21_0_,
        topglarche0_.immutable as immutable21_0_,
        topglarche0_."any_id_of_object" as any10_21_0_,
        topglarche0_."any_class_of_object" as any11_21_0_,
        topglarche0_.count_ as count12_21_0_,
        topglarche0_.glarch_ as glarch13_21_0_ 
    from
        "glarchez" topglarche0_ 
    where
        topglarche0_.idtopglarch=?
14:16:44,849 DEBUG SQL:104 - 
    select
        cascadingb0_.idofbaz as idofbaz28_8_,
        cascadingb0_."foo_idcolumnname123" as foo1_20_8_,
        cascadingb0_."foo_idcolumnname123" as foo1_20_7_,
        cascadingb0_.version as version20_7_,
        cascadingb0_.foo as foo20_7_,
        cascadingb0_.long_ as long5_20_7_,
        cascadingb0_."integer__" as integer6_20_7_,
        cascadingb0_.float_ as float7_20_7_,
        cascadingb0_.x as x20_7_,
        cascadingb0_.double_ as double9_20_7_,
        cascadingb0_.date_ as date10_20_7_,
        cascadingb0_.timestamp_ as timestamp11_20_7_,
        cascadingb0_.boolean_ as boolean12_20_7_,
        cascadingb0_.bool_ as bool13_20_7_,
        cascadingb0_.null_ as null14_20_7_,
        cascadingb0_.short_ as short15_20_7_,
        cascadingb0_.char_ as char16_20_7_,
        cascadingb0_.zero_ as zero17_20_7_,
        cascadingb0_.int_ as int18_20_7_,
        cascadingb0_.string_ as string19_20_7_,
        cascadingb0_.byte_ as byte20_20_7_,
        cascadingb0_.yesno as yesno20_7_,
        cascadingb0_.blobb_ as blobb22_20_7_,
        cascadingb0_.nullBlob as nullBlob20_7_,
        cascadingb0_.bin_ as bin24_20_7_,
        cascadingb0_."localeayzabc123" as localea25_20_7_,
        cascadingb0_.first_name as first26_20_7_,
        cascadingb0_.surname as surname20_7_,
        cascadingb0_.count_ as count28_20_7_,
        cascadingb0_.name_ as name29_20_7_,
        cascadingb0_.g__ as g30_20_7_,
        cascadingb0_.cmpnt_null_ as cmpnt31_20_7_,
        cascadingb0_.subname as subname20_7_,
        cascadingb0_.fee_sub as fee33_20_7_,
        cascadingb0_.null_cmpnt_ as null34_20_7_,
        cascadingb0_1_.joinedProp as joinedProp49_7_,
        cascadingb0_2_.dependent as dependent43_7_,
        cascadingb0_.the_time as the35_20_7_,
        cascadingb0_.baz as baz20_7_,
        cascadingb0_.bar_string as bar37_20_7_,
        cascadingb0_.bar_count as bar38_20_7_,
        cascadingb0_.name as name20_7_,
        cascadingb0_.clazz as clazz20_7_,
        cascadingb0_.gen_id as gen41_20_7_,
        cascadingb0_3_.name_name as name2_27_7_,
        cascadingb0_.int_/2 as formula92_7_,
        glarch1_.tha_key as tha1_21_0_,
        glarch1_.version as version21_0_,
        glarch1_.namecvbnmasdf as namecvbn3_21_0_,
        glarch1_.next_ as next4_21_0_,
        glarch1_.order_ as order5_21_0_,
        glarch1_.foo as foo21_0_,
        glarch1_.bar as bar21_0_,
        glarch1_.x as x21_0_,
        glarch1_.immutable as immutable21_0_,
        glarch1_."any_id_of_object" as any10_21_0_,
        glarch1_."any_class_of_object" as any11_21_0_,
        glarch1_.count_ as count12_21_0_,
        glarch1_.glarch_ as glarch13_21_0_,
        fee2_.id_ as id1_24_1_,
        fee2_.fi as fi24_1_,
        fee2_.fee as fee24_1_,
        fee2_.anotherFee as anotherFee24_1_,
        fee2_.qux as qux24_1_,
        fee2_.count_ as count6_24_1_,
        fee2_.name as name24_1_,
        fee2_.null_prop as null8_24_1_,
        fee3_.id_ as id1_24_2_,
        fee3_.fi as fi24_2_,
        fee3_.fee as fee24_2_,
        fee3_.anotherFee as anotherFee24_2_,
        fee3_.qux as qux24_2_,
        fee3_.count_ as count6_24_2_,
        fee3_.name as name24_2_,
        fee3_.null_prop as null8_24_2_,
        fee4_.id_ as id1_24_3_,
        fee4_.fi as fi24_3_,
        fee4_.fee as fee24_3_,
        fee4_.anotherFee as anotherFee24_3_,
        fee4_.qux as qux24_3_,
        fee4_.count_ as count6_24_3_,
        fee4_.name as name24_3_,
        fee4_.null_prop as null8_24_3_,
        baz5_.baz_id_column_ as baz1_28_4_,
        baz5_.count_count as count2_28_4_,
        baz5_.name_b as name3_28_4_,
        baz5_.foo as foo28_4_,
        baz5_.superBaz as superBaz28_4_,
        baz5_."str" as str6_28_4_,
        foo6_."foo_idcolumnname123" as foo1_20_5_,
        foo6_.version as version20_5_,
        foo6_.foo as foo20_5_,
        foo6_.long_ as long5_20_5_,
        foo6_."integer__" as integer6_20_5_,
        foo6_.float_ as float7_20_5_,
        foo6_.x as x20_5_,
        foo6_.double_ as double9_20_5_,
        foo6_.date_ as date10_20_5_,
        foo6_.timestamp_ as timestamp11_20_5_,
        foo6_.boolean_ as boolean12_20_5_,
        foo6_.bool_ as bool13_20_5_,
        foo6_.null_ as null14_20_5_,
        foo6_.short_ as short15_20_5_,
        foo6_.char_ as char16_20_5_,
        foo6_.zero_ as zero17_20_5_,
        foo6_.int_ as int18_20_5_,
        foo6_.string_ as string19_20_5_,
        foo6_.byte_ as byte20_20_5_,
        foo6_.yesno as yesno20_5_,
        foo6_.blobb_ as blobb22_20_5_,
        foo6_.nullBlob as nullBlob20_5_,
        foo6_.bin_ as bin24_20_5_,
        foo6_."localeayzabc123" as localea25_20_5_,
        foo6_.first_name as first26_20_5_,
        foo6_.surname as surname20_5_,
        foo6_.count_ as count28_20_5_,
        foo6_.name_ as name29_20_5_,
        foo6_.g__ as g30_20_5_,
        foo6_.cmpnt_null_ as cmpnt31_20_5_,
        foo6_.subname as subname20_5_,
        foo6_.fee_sub as fee33_20_5_,
        foo6_.null_cmpnt_ as null34_20_5_,
        foo6_1_.joinedProp as joinedProp49_5_,
        foo6_2_.dependent as dependent43_5_,
        foo6_.the_time as the35_20_5_,
        foo6_.baz as baz20_5_,
        foo6_.bar_string as bar37_20_5_,
        foo6_.bar_count as bar38_20_5_,
        foo6_.name as name20_5_,
        foo6_.clazz as clazz20_5_,
        foo6_.gen_id as gen41_20_5_,
        foo6_3_.name_name as name2_27_5_,
        foo6_.int_/2 as formula92_5_,
        foo6_."foo_subclass_1234" as foo2_20_5_,
        baz7_.baz_id_column_ as baz1_28_6_,
        baz7_.count_count as count2_28_6_,
        baz7_.name_b as name3_28_6_,
        baz7_.foo as foo28_6_,
        baz7_.superBaz as superBaz28_6_,
        baz7_."str" as str6_28_6_ 
    from
        "foos" cascadingb0_ 
    inner join
        jointable cascadingb0_1_ 
            on cascadingb0_."foo_idcolumnname123"=cascadingb0_1_.fooid 
    inner join
        foo_dep_table cascadingb0_2_ 
            on cascadingb0_."foo_idcolumnname123"=cascadingb0_2_.fooid 
    inner join
        bar_join_table cascadingb0_3_ 
            on cascadingb0_."foo_idcolumnname123"=cascadingb0_3_.bar_id 
    left outer join
        "glarchez" glarch1_ 
            on cascadingb0_.g__=glarch1_.tha_key 
    inner join
        "the fees" fee2_ 
            on cascadingb0_2_.dependent=fee2_.id_ 
    left outer join
        "the fees" fee3_ 
            on fee2_.fee=fee3_.id_ 
    left outer join
        "the fees" fee4_ 
            on fee3_.anotherFee=fee4_.id_ 
    left outer join
        baz baz5_ 
            on cascadingb0_.baz=baz5_.baz_id_column_ 
    left outer join
        "foos" foo6_ 
            on baz5_.foo=foo6_."foo_idcolumnname123" 
    left outer join
        jointable foo6_1_ 
            on foo6_."foo_idcolumnname123"=foo6_1_.fooid 
    left outer join
        foo_dep_table foo6_2_ 
            on foo6_."foo_idcolumnname123"=foo6_2_.fooid 
    left outer join
        bar_join_table foo6_3_ 
            on foo6_."foo_idcolumnname123"=foo6_3_.bar_id 
    left outer join
        baz baz7_ 
            on baz5_.superBaz=baz7_.baz_id_column_ 
    where
        cascadingb0_."foo_subclass_1234"='B' 
        and cascadingb0_.idofbaz=?
14:16:44,913 DEBUG SQL:104 - 
    select
        topfoos0_.idtopbar as idtopbar28_8_,
        topfoos0_."foo_idcolumnname123" as foo1_20_8_,
        topfoos0_."foo_idcolumnname123" as foo1_20_7_,
        topfoos0_.version as version20_7_,
        topfoos0_.foo as foo20_7_,
        topfoos0_.long_ as long5_20_7_,
        topfoos0_."integer__" as integer6_20_7_,
        topfoos0_.float_ as float7_20_7_,
        topfoos0_.x as x20_7_,
        topfoos0_.double_ as double9_20_7_,
        topfoos0_.date_ as date10_20_7_,
        topfoos0_.timestamp_ as timestamp11_20_7_,
        topfoos0_.boolean_ as boolean12_20_7_,
        topfoos0_.bool_ as bool13_20_7_,
        topfoos0_.null_ as null14_20_7_,
        topfoos0_.short_ as short15_20_7_,
        topfoos0_.char_ as char16_20_7_,
        topfoos0_.zero_ as zero17_20_7_,
        topfoos0_.int_ as int18_20_7_,
        topfoos0_.string_ as string19_20_7_,
        topfoos0_.byte_ as byte20_20_7_,
        topfoos0_.yesno as yesno20_7_,
        topfoos0_.blobb_ as blobb22_20_7_,
        topfoos0_.nullBlob as nullBlob20_7_,
        topfoos0_.bin_ as bin24_20_7_,
        topfoos0_."localeayzabc123" as localea25_20_7_,
        topfoos0_.first_name as first26_20_7_,
        topfoos0_.surname as surname20_7_,
        topfoos0_.count_ as count28_20_7_,
        topfoos0_.name_ as name29_20_7_,
        topfoos0_.g__ as g30_20_7_,
        topfoos0_.cmpnt_null_ as cmpnt31_20_7_,
        topfoos0_.subname as subname20_7_,
        topfoos0_.fee_sub as fee33_20_7_,
        topfoos0_.null_cmpnt_ as null34_20_7_,
        topfoos0_1_.joinedProp as joinedProp49_7_,
        topfoos0_2_.dependent as dependent43_7_,
        topfoos0_.the_time as the35_20_7_,
        topfoos0_.baz as baz20_7_,
        topfoos0_.bar_string as bar37_20_7_,
        topfoos0_.bar_count as bar38_20_7_,
        topfoos0_.name as name20_7_,
        topfoos0_.clazz as clazz20_7_,
        topfoos0_.gen_id as gen41_20_7_,
        topfoos0_3_.name_name as name2_27_7_,
        topfoos0_.int_/2 as formula92_7_,
        glarch1_.tha_key as tha1_21_0_,
        glarch1_.version as version21_0_,
        glarch1_.namecvbnmasdf as namecvbn3_21_0_,
        glarch1_.next_ as next4_21_0_,
        glarch1_.order_ as order5_21_0_,
        glarch1_.foo as foo21_0_,
        glarch1_.bar as bar21_0_,
        glarch1_.x as x21_0_,
        glarch1_.immutable as immutable21_0_,
        glarch1_."any_id_of_object" as any10_21_0_,
        glarch1_."any_class_of_object" as any11_21_0_,
        glarch1_.count_ as count12_21_0_,
        glarch1_.glarch_ as glarch13_21_0_,
        fee2_.id_ as id1_24_1_,
        fee2_.fi as fi24_1_,
        fee2_.fee as fee24_1_,
        fee2_.anotherFee as anotherFee24_1_,
        fee2_.qux as qux24_1_,
        fee2_.count_ as count6_24_1_,
        fee2_.name as name24_1_,
        fee2_.null_prop as null8_24_1_,
        fee3_.id_ as id1_24_2_,
        fee3_.fi as fi24_2_,
        fee3_.fee as fee24_2_,
        fee3_.anotherFee as anotherFee24_2_,
        fee3_.qux as qux24_2_,
        fee3_.count_ as count6_24_2_,
        fee3_.name as name24_2_,
        fee3_.null_prop as null8_24_2_,
        fee4_.id_ as id1_24_3_,
        fee4_.fi as fi24_3_,
        fee4_.fee as fee24_3_,
        fee4_.anotherFee as anotherFee24_3_,
        fee4_.qux as qux24_3_,
        fee4_.count_ as count6_24_3_,
        fee4_.name as name24_3_,
        fee4_.null_prop as null8_24_3_,
        baz5_.baz_id_column_ as baz1_28_4_,
        baz5_.count_count as count2_28_4_,
        baz5_.name_b as name3_28_4_,
        baz5_.foo as foo28_4_,
        baz5_.superBaz as superBaz28_4_,
        baz5_."str" as str6_28_4_,
        foo6_."foo_idcolumnname123" as foo1_20_5_,
        foo6_.version as version20_5_,
        foo6_.foo as foo20_5_,
        foo6_.long_ as long5_20_5_,
        foo6_."integer__" as integer6_20_5_,
        foo6_.float_ as float7_20_5_,
        foo6_.x as x20_5_,
        foo6_.double_ as double9_20_5_,
        foo6_.date_ as date10_20_5_,
        foo6_.timestamp_ as timestamp11_20_5_,
        foo6_.boolean_ as boolean12_20_5_,
        foo6_.bool_ as bool13_20_5_,
        foo6_.null_ as null14_20_5_,
        foo6_.short_ as short15_20_5_,
        foo6_.char_ as char16_20_5_,
        foo6_.zero_ as zero17_20_5_,
        foo6_.int_ as int18_20_5_,
        foo6_.string_ as string19_20_5_,
        foo6_.byte_ as byte20_20_5_,
        foo6_.yesno as yesno20_5_,
        foo6_.blobb_ as blobb22_20_5_,
        foo6_.nullBlob as nullBlob20_5_,
        foo6_.bin_ as bin24_20_5_,
        foo6_."localeayzabc123" as localea25_20_5_,
        foo6_.first_name as first26_20_5_,
        foo6_.surname as surname20_5_,
        foo6_.count_ as count28_20_5_,
        foo6_.name_ as name29_20_5_,
        foo6_.g__ as g30_20_5_,
        foo6_.cmpnt_null_ as cmpnt31_20_5_,
        foo6_.subname as subname20_5_,
        foo6_.fee_sub as fee33_20_5_,
        foo6_.null_cmpnt_ as null34_20_5_,
        foo6_1_.joinedProp as joinedProp49_5_,
        foo6_2_.dependent as dependent43_5_,
        foo6_.the_time as the35_20_5_,
        foo6_.baz as baz20_5_,
        foo6_.bar_string as bar37_20_5_,
        foo6_.bar_count as bar38_20_5_,
        foo6_.name as name20_5_,
        foo6_.clazz as clazz20_5_,
        foo6_.gen_id as gen41_20_5_,
        foo6_3_.name_name as name2_27_5_,
        foo6_.int_/2 as formula92_5_,
        foo6_."foo_subclass_1234" as foo2_20_5_,
        baz7_.baz_id_column_ as baz1_28_6_,
        baz7_.count_count as count2_28_6_,
        baz7_.name_b as name3_28_6_,
        baz7_.foo as foo28_6_,
        baz7_.superBaz as superBaz28_6_,
        baz7_."str" as str6_28_6_ 
    from
        "foos" topfoos0_ 
    inner join
        jointable topfoos0_1_ 
            on topfoos0_."foo_idcolumnname123"=topfoos0_1_.fooid 
    inner join
        foo_dep_table topfoos0_2_ 
            on topfoos0_."foo_idcolumnname123"=topfoos0_2_.fooid 
    inner join
        bar_join_table topfoos0_3_ 
            on topfoos0_."foo_idcolumnname123"=topfoos0_3_.bar_id 
    left outer join
        "glarchez" glarch1_ 
            on topfoos0_.g__=glarch1_.tha_key 
    inner join
        "the fees" fee2_ 
            on topfoos0_2_.dependent=fee2_.id_ 
    left outer join
        "the fees" fee3_ 
            on fee2_.fee=fee3_.id_ 
    left outer join
        "the fees" fee4_ 
            on fee3_.anotherFee=fee4_.id_ 
    left outer join
        baz baz5_ 
            on topfoos0_.baz=baz5_.baz_id_column_ 
    left outer join
        "foos" foo6_ 
            on baz5_.foo=foo6_."foo_idcolumnname123" 
    left outer join
        jointable foo6_1_ 
            on foo6_."foo_idcolumnname123"=foo6_1_.fooid 
    left outer join
        foo_dep_table foo6_2_ 
            on foo6_."foo_idcolumnname123"=foo6_2_.fooid 
    left outer join
        bar_join_table foo6_3_ 
            on foo6_."foo_idcolumnname123"=foo6_3_.bar_id 
    left outer join
        baz baz7_ 
            on baz5_.superBaz=baz7_.baz_id_column_ 
    where
        topfoos0_."foo_subclass_1234"='B' 
        and topfoos0_.idtopbar=?
14:16:44,973 DEBUG SQL:104 - 
    select
        topcompone0_.id_ as id1_28_0_,
        topcompone0_.name as name64_0_,
        topcompone0_.count_ as count3_64_0_,
        topcompone0_.i as i0_ 
    from
        topcomponents topcompone0_ 
    where
        topcompone0_.id_=?
14:16:44,983 DEBUG SQL:104 - 
    select
        customs0_.id_ as id1_28_0_,
        customs0_.first_ as first2_38_0_,
        customs0_.second_ as second3_38_0_,
        customs0_.indx as indx0_ 
    from
        customs customs0_ 
    where
        customs0_.id_=?
14:16:44,984 DEBUG SQL:104 - 
    select
        glarchtofo0_.gtf_baz_id as gtf14_28_1_,
        glarchtofo0_.tha_key as tha1_21_1_,
        glarchtofo0_.gtf_foo_id as gtf15_1_,
        glarchtofo0_.tha_key as tha1_21_0_,
        glarchtofo0_.version as version21_0_,
        glarchtofo0_.namecvbnmasdf as namecvbn3_21_0_,
        glarchtofo0_.next_ as next4_21_0_,
        glarchtofo0_.order_ as order5_21_0_,
        glarchtofo0_.foo as foo21_0_,
        glarchtofo0_.bar as bar21_0_,
        glarchtofo0_.x as x21_0_,
        glarchtofo0_.immutable as immutable21_0_,
        glarchtofo0_."any_id_of_object" as any10_21_0_,
        glarchtofo0_."any_class_of_object" as any11_21_0_,
        glarchtofo0_.count_ as count12_21_0_,
        glarchtofo0_.glarch_ as glarch13_21_0_ 
    from
        "glarchez" glarchtofo0_ 
    where
        glarchtofo0_.gtf_baz_id=?
14:16:44,994 DEBUG SQL:104 - 
    select
        foocompone0_.baz_id as baz1_28_8_,
        foocompone0_.foo_id as foo2_40_8_,
        foocompone0_.name as name8_,
        foocompone0_.count_ as count4_8_,
        foo1_."foo_idcolumnname123" as foo1_20_0_,
        foo1_.version as version20_0_,
        foo1_.foo as foo20_0_,
        foo1_.long_ as long5_20_0_,
        foo1_."integer__" as integer6_20_0_,
        foo1_.float_ as float7_20_0_,
        foo1_.x as x20_0_,
        foo1_.double_ as double9_20_0_,
        foo1_.date_ as date10_20_0_,
        foo1_.timestamp_ as timestamp11_20_0_,
        foo1_.boolean_ as boolean12_20_0_,
        foo1_.bool_ as bool13_20_0_,
        foo1_.null_ as null14_20_0_,
        foo1_.short_ as short15_20_0_,
        foo1_.char_ as char16_20_0_,
        foo1_.zero_ as zero17_20_0_,
        foo1_.int_ as int18_20_0_,
        foo1_.string_ as string19_20_0_,
        foo1_.byte_ as byte20_20_0_,
        foo1_.yesno as yesno20_0_,
        foo1_.blobb_ as blobb22_20_0_,
        foo1_.nullBlob as nullBlob20_0_,
        foo1_.bin_ as bin24_20_0_,
        foo1_."localeayzabc123" as localea25_20_0_,
        foo1_.first_name as first26_20_0_,
        foo1_.surname as surname20_0_,
        foo1_.count_ as count28_20_0_,
        foo1_.name_ as name29_20_0_,
        foo1_.g__ as g30_20_0_,
        foo1_.cmpnt_null_ as cmpnt31_20_0_,
        foo1_.subname as subname20_0_,
        foo1_.fee_sub as fee33_20_0_,
        foo1_.null_cmpnt_ as null34_20_0_,
        foo1_1_.joinedProp as joinedProp49_0_,
        foo1_2_.dependent as dependent43_0_,
        foo1_.the_time as the35_20_0_,
        foo1_.baz as baz20_0_,
        foo1_.bar_string as bar37_20_0_,
        foo1_.bar_count as bar38_20_0_,
        foo1_.name as name20_0_,
        foo1_.clazz as clazz20_0_,
        foo1_.gen_id as gen41_20_0_,
        foo1_3_.name_name as name2_27_0_,
        foo1_.int_/2 as formula92_0_,
        foo1_."foo_subclass_1234" as foo2_20_0_,
        glarch2_.tha_key as tha1_21_1_,
        glarch2_.version as version21_1_,
        glarch2_.namecvbnmasdf as namecvbn3_21_1_,
        glarch2_.next_ as next4_21_1_,
        glarch2_.order_ as order5_21_1_,
        glarch2_.foo as foo21_1_,
        glarch2_.bar as bar21_1_,
        glarch2_.x as x21_1_,
        glarch2_.immutable as immutable21_1_,
        glarch2_."any_id_of_object" as any10_21_1_,
        glarch2_."any_class_of_object" as any11_21_1_,
        glarch2_.count_ as count12_21_1_,
        glarch2_.glarch_ as glarch13_21_1_,
        fee3_.id_ as id1_24_2_,
        fee3_.fi as fi24_2_,
        fee3_.fee as fee24_2_,
        fee3_.anotherFee as anotherFee24_2_,
        fee3_.qux as qux24_2_,
        fee3_.count_ as count6_24_2_,
        fee3_.name as name24_2_,
        fee3_.null_prop as null8_24_2_,
        fee4_.id_ as id1_24_3_,
        fee4_.fi as fi24_3_,
        fee4_.fee as fee24_3_,
        fee4_.anotherFee as anotherFee24_3_,
        fee4_.qux as qux24_3_,
        fee4_.count_ as count6_24_3_,
        fee4_.name as name24_3_,
        fee4_.null_prop as null8_24_3_,
        fee5_.id_ as id1_24_4_,
        fee5_.fi as fi24_4_,
        fee5_.fee as fee24_4_,
        fee5_.anotherFee as anotherFee24_4_,
        fee5_.qux as qux24_4_,
        fee5_.count_ as count6_24_4_,
        fee5_.name as name24_4_,
        fee5_.null_prop as null8_24_4_,
        baz6_.baz_id_column_ as baz1_28_5_,
        baz6_.count_count as count2_28_5_,
        baz6_.name_b as name3_28_5_,
        baz6_.foo as foo28_5_,
        baz6_.superBaz as superBaz28_5_,
        baz6_."str" as str6_28_5_,
        foo7_."foo_idcolumnname123" as foo1_20_6_,
        foo7_.version as version20_6_,
        foo7_.foo as foo20_6_,
        foo7_.long_ as long5_20_6_,
        foo7_."integer__" as integer6_20_6_,
        foo7_.float_ as float7_20_6_,
        foo7_.x as x20_6_,
        foo7_.double_ as double9_20_6_,
        foo7_.date_ as date10_20_6_,
        foo7_.timestamp_ as timestamp11_20_6_,
        foo7_.boolean_ as boolean12_20_6_,
        foo7_.bool_ as bool13_20_6_,
        foo7_.null_ as null14_20_6_,
        foo7_.short_ as short15_20_6_,
        foo7_.char_ as char16_20_6_,
        foo7_.zero_ as zero17_20_6_,
        foo7_.int_ as int18_20_6_,
        foo7_.string_ as string19_20_6_,
        foo7_.byte_ as byte20_20_6_,
        foo7_.yesno as yesno20_6_,
        foo7_.blobb_ as blobb22_20_6_,
        foo7_.nullBlob as nullBlob20_6_,
        foo7_.bin_ as bin24_20_6_,
        foo7_."localeayzabc123" as localea25_20_6_,
        foo7_.first_name as first26_20_6_,
        foo7_.surname as surname20_6_,
        foo7_.count_ as count28_20_6_,
        foo7_.name_ as name29_20_6_,
        foo7_.g__ as g30_20_6_,
        foo7_.cmpnt_null_ as cmpnt31_20_6_,
        foo7_.subname as subname20_6_,
        foo7_.fee_sub as fee33_20_6_,
        foo7_.null_cmpnt_ as null34_20_6_,
        foo7_1_.joinedProp as joinedProp49_6_,
        foo7_2_.dependent as dependent43_6_,
        foo7_.the_time as the35_20_6_,
        foo7_.baz as baz20_6_,
        foo7_.bar_string as bar37_20_6_,
        foo7_.bar_count as bar38_20_6_,
        foo7_.name as name20_6_,
        foo7_.clazz as clazz20_6_,
        foo7_.gen_id as gen41_20_6_,
        foo7_3_.name_name as name2_27_6_,
        foo7_.int_/2 as formula92_6_,
        foo7_."foo_subclass_1234" as foo2_20_6_,
        baz8_.baz_id_column_ as baz1_28_7_,
        baz8_.count_count as count2_28_7_,
        baz8_.name_b as name3_28_7_,
        baz8_.foo as foo28_7_,
        baz8_.superBaz as superBaz28_7_,
        baz8_."str" as str6_28_7_ 
    from
        fooComponentToFoo foocompone0_ 
    inner join
        "foos" foo1_ 
            on foocompone0_.foo_id=foo1_."foo_idcolumnname123" 
    left outer join
        jointable foo1_1_ 
            on foo1_."foo_idcolumnname123"=foo1_1_.fooid 
    left outer join
        foo_dep_table foo1_2_ 
            on foo1_."foo_idcolumnname123"=foo1_2_.fooid 
    left outer join
        bar_join_table foo1_3_ 
            on foo1_."foo_idcolumnname123"=foo1_3_.bar_id 
    left outer join
        "glarchez" glarch2_ 
            on foo1_.g__=glarch2_.tha_key 
    inner join
        "the fees" fee3_ 
            on foo1_2_.dependent=fee3_.id_ 
    left outer join
        "the fees" fee4_ 
            on fee3_.fee=fee4_.id_ 
    left outer join
        "the fees" fee5_ 
            on fee4_.anotherFee=fee5_.id_ 
    left outer join
        baz baz6_ 
            on foo1_.baz=baz6_.baz_id_column_ 
    left outer join
        "foos" foo7_ 
            on baz6_.foo=foo7_."foo_idcolumnname123" 
    left outer join
        jointable foo7_1_ 
            on foo7_."foo_idcolumnname123"=foo7_1_.fooid 
    left outer join
        foo_dep_table foo7_2_ 
            on foo7_."foo_idcolumnname123"=foo7_2_.fooid 
    left outer join
        bar_join_table foo7_3_ 
            on foo7_."foo_idcolumnname123"=foo7_3_.bar_id 
    left outer join
        baz baz8_ 
            on baz6_.superBaz=baz8_.baz_id_column_ 
    where
        foocompone0_.baz_id=?
14:16:45,058 DEBUG SQL:104 - 
    select
        footoglarc0_.baz_id as baz1_28_1_,
        footoglarc0_.glarch_id as glarch2_41_1_,
        footoglarc0_.foo_id as foo3_1_,
        glarch1_.tha_key as tha1_21_0_,
        glarch1_.version as version21_0_,
        glarch1_.namecvbnmasdf as namecvbn3_21_0_,
        glarch1_.next_ as next4_21_0_,
        glarch1_.order_ as order5_21_0_,
        glarch1_.foo as foo21_0_,
        glarch1_.bar as bar21_0_,
        glarch1_.x as x21_0_,
        glarch1_.immutable as immutable21_0_,
        glarch1_."any_id_of_object" as any10_21_0_,
        glarch1_."any_class_of_object" as any11_21_0_,
        glarch1_.count_ as count12_21_0_,
        glarch1_.glarch_ as glarch13_21_0_ 
    from
        fooToGlarch footoglarc0_ 
    inner join
        "glarchez" glarch1_ 
            on footoglarc0_.glarch_id=glarch1_.tha_key 
    where
        footoglarc0_.baz_id=?
14:16:45,059 DEBUG SQL:104 - 
    select
        bag0_."baz_id_" as baz1_28_0_,
        bag0_."name_" as name2_17_0_ 
    from
        "bxaxg" bag0_ 
    where
        bag0_."baz_id_"=? 
    order by
        bag0_."name_"
14:16:45,059 DEBUG SQL:104 - 
    select
        stringlist0_.id as id28_0_,
        stringlist0_.element as element59_0_,
        stringlist0_."i" as i3_0_ 
    from
        string_list stringlist0_ 
    where
        stringlist0_.id=?
14:16:45,070  INFO CustomRunner:139 - Test: testLoadAfterNonExists
14:16:45,072 DEBUG SQL:104 - 
    select
        simple0_.id_ as id1_13_1_,
        simple0_.name as name13_1_,
        simple0_.address as address13_1_,
        simple0_.count_ as count4_13_1_,
        simple0_.date_ as date5_13_1_,
        simple0_.pay as pay13_1_,
        simple0_.other as other13_1_,
        simple1_.id_ as id1_13_0_,
        simple1_.name as name13_0_,
        simple1_.address as address13_0_,
        simple1_.count_ as count4_13_0_,
        simple1_.date_ as date5_13_0_,
        simple1_.pay as pay13_0_,
        simple1_.other as other13_0_ 
    from
        Simple simple0_ 
    left outer join
        Simple simple1_ 
            on simple0_.other=simple1_.id_ 
    where
        simple0_.id_=?
14:16:45,072  INFO DefaultLoadEventListener:158 - HHH000327: Error performing load command : org.hibernate.ObjectNotFoundException: No row with the given identifier exists: [org.hibernate.test.legacy.Simple#-1]
14:16:45,073 DEBUG SQL:104 - 
    insert 
    into
        Simple
        (name, address, count_, date_, pay, other, id_) 
    values
        (?, ?, ?, ?, ?, ?, ?)
14:16:45,081 DEBUG SQL:104 - 
    select
        simple0_.id_ as id1_13_1_,
        simple0_.name as name13_1_,
        simple0_.address as address13_1_,
        simple0_.count_ as count4_13_1_,
        simple0_.date_ as date5_13_1_,
        simple0_.pay as pay13_1_,
        simple0_.other as other13_1_,
        simple1_.id_ as id1_13_0_,
        simple1_.name as name13_0_,
        simple1_.address as address13_0_,
        simple1_.count_ as count4_13_0_,
        simple1_.date_ as date5_13_0_,
        simple1_.pay as pay13_0_,
        simple1_.other as other13_0_ 
    from
        Simple simple0_ 
    left outer join
        Simple simple1_ 
            on simple0_.other=simple1_.id_ 
    where
        simple0_.id_=?
14:16:45,082 DEBUG SQL:104 - 
    delete 
    from
        Simple 
    where
        id_=?
14:16:45,082  INFO CustomRunner:139 - Test: testLocking
14:16:45,083 DEBUG SQL:104 - 
    insert 
    into
        Simple
        (name, address, count_, date_, pay, other, id_) 
    values
        (?, ?, ?, ?, ?, ?, ?)
14:16:45,084 DEBUG SQL:104 - 
    insert 
    into
        Simple
        (name, address, count_, date_, pay, other, id_) 
    values
        (?, ?, ?, ?, ?, ?, ?)
14:16:45,104 DEBUG SQL:104 - 
    insert 
    into
        Simple
        (name, address, count_, date_, pay, other, id_) 
    values
        (?, ?, ?, ?, ?, ?, ?)
14:16:45,104 DEBUG SQL:104 - 
    insert 
    into
        Simple
        (name, address, count_, date_, pay, other, id_) 
    values
        (?, ?, ?, ?, ?, ?, ?)
14:16:45,105 DEBUG SQL:104 - 
    insert 
    into
        Simple
        (name, address, count_, date_, pay, other, id_) 
    values
        (?, ?, ?, ?, ?, ?, ?)
14:16:45,105 DEBUG SQL:104 - 
    select
        simple0_.id_ as id1_13_1_,
        simple0_.name as name13_1_,
        simple0_.address as address13_1_,
        simple0_.count_ as count4_13_1_,
        simple0_.date_ as date5_13_1_,
        simple0_.pay as pay13_1_,
        simple0_.other as other13_1_,
        simple1_.id_ as id1_13_0_,
        simple1_.name as name13_0_,
        simple1_.address as address13_0_,
        simple1_.count_ as count4_13_0_,
        simple1_.date_ as date5_13_0_,
        simple1_.pay as pay13_0_,
        simple1_.other as other13_0_ 
    from
        Simple simple0_ 
    left outer join
        Simple simple1_ 
            on simple0_.other=simple1_.id_ 
    where
        simple0_.id_=?
14:16:45,116 DEBUG SQL:104 - 
    select
        simple0_.id_ as id1_13_1_,
        simple0_.name as name13_1_,
        simple0_.address as address13_1_,
        simple0_.count_ as count4_13_1_,
        simple0_.date_ as date5_13_1_,
        simple0_.pay as pay13_1_,
        simple0_.other as other13_1_,
        simple1_.id_ as id1_13_0_,
        simple1_.name as name13_0_,
        simple1_.address as address13_0_,
        simple1_.count_ as count4_13_0_,
        simple1_.date_ as date5_13_0_,
        simple1_.pay as pay13_0_,
        simple1_.other as other13_0_ 
    from
        Simple simple0_ 
    left outer join
        Simple simple1_ 
            on simple0_.other=simple1_.id_ 
    where
        simple0_.id_=?
14:16:45,126 DEBUG SQL:104 - 
    select
        simple0_.id_ as id1_13_0_,
        simple0_.name as name13_0_,
        simple0_.address as address13_0_,
        simple0_.count_ as count4_13_0_,
        simple0_.date_ as date5_13_0_,
        simple0_.pay as pay13_0_,
        simple0_.other as other13_0_ 
    from
        Simple simple0_ 
    where
        simple0_.id_=? for update
            
14:16:45,128 DEBUG SQL:104 - 
    select
        simple0_.id_ as id1_13_0_,
        simple0_.name as name13_0_,
        simple0_.address as address13_0_,
        simple0_.count_ as count4_13_0_,
        simple0_.date_ as date5_13_0_,
        simple0_.pay as pay13_0_,
        simple0_.other as other13_0_ 
    from
        Simple simple0_ 
    where
        simple0_.id_=? for update
            
14:16:45,139 DEBUG SQL:104 - 
    select
        simple0_.id_ as id1_13_0_,
        simple0_.name as name13_0_,
        simple0_.address as address13_0_,
        simple0_.count_ as count4_13_0_,
        simple0_.date_ as date5_13_0_,
        simple0_.pay as pay13_0_,
        simple0_.other as other13_0_ 
    from
        Simple simple0_ 
    where
        simple0_.id_=? for update
            
14:16:45,140 DEBUG SQL:104 - 
    select
        id_ 
    from
        Simple 
    where
        id_ =? for update
            
14:16:45,154 DEBUG SQL:104 - 
    select
        id_ 
    from
        Simple 
    where
        id_ =? for update
            
14:16:45,154  WARN DefaultLockEventListener:74 - HHH000447: Explicit use of UPGRADE_SKIPLOCKED in lock() calls is not recommended; use normal UPGRADE locking instead
14:16:45,155 DEBUG SQL:104 - 
    select
        id_ 
    from
        Simple 
    where
        id_ =?
14:16:45,155 DEBUG SQL:104 - 
    select
        id_ 
    from
        Simple 
    where
        id_ =? for update
            
14:16:45,155 DEBUG SQL:104 - 
    select
        id_ 
    from
        Simple 
    where
        id_ =? for update
            
14:16:45,164 DEBUG SQL:104 - 
    update
        Simple 
    set
        name=?,
        address=?,
        count_=?,
        date_=?,
        pay=?,
        other=? 
    where
        id_=?
14:16:45,165 DEBUG SQL:104 - 
    delete 
    from
        Simple 
    where
        id_=?
14:16:45,166 DEBUG SQL:104 - 
    delete 
    from
        Simple 
    where
        id_=?
14:16:45,166 DEBUG SQL:104 - 
    delete 
    from
        Simple 
    where
        id_=?
14:16:45,176 DEBUG SQL:104 - 
    delete 
    from
        Simple 
    where
        id_=?
14:16:45,176 DEBUG SQL:104 - 
    delete 
    from
        Simple 
    where
        id_=?
14:16:45,177  INFO CustomRunner:139 - Test: testManyToMany
14:16:45,178 DEBUG SQL:104 - 
    insert 
    into
        Container
        (container_id) 
    values
        (null)
14:16:45,179 DEBUG SQL:104 - 
    insert 
    into
        Contained
        (container_id) 
    values
        (null)
14:16:45,180 DEBUG SQL:104 - 
    insert 
    into
        Simple
        (name, address, count_, date_, pay, other, id_) 
    values
        (?, ?, ?, ?, ?, ?, ?)
14:16:45,180 DEBUG SQL:104 - 
    insert 
    into
        Simple
        (name, address, count_, date_, pay, other, id_) 
    values
        (?, ?, ?, ?, ?, ?, ?)
14:16:45,181 DEBUG SQL:104 - 
    insert 
    into
        manyToMany
        (container_id2, list_index, elt) 
    values
        (?, ?, ?)
14:16:45,181 DEBUG SQL:104 - 
    insert 
    into
        manyToMany
        (container_id2, list_index, elt) 
    values
        (?, ?, ?)
14:16:45,192 DEBUG SQL:104 - 
    insert 
    into
        CCBAG
        (contained_id, container_id) 
    values
        (?, ?)
14:16:45,193 DEBUG SQL:104 - 
    select
        container0_.container_id as container1_4_0_ 
    from
        Container container0_ 
    where
        container0_.container_id=?
14:16:45,193 DEBUG SQL:104 - 
    select
        ternaryset0_.container_id as container1_4_0_,
        ternaryset0_.name as name62_0_,
        ternaryset0_.foo as foo62_0_,
        ternaryset0_.glarch as glarch62_0_ 
    from
        ternarySet ternaryset0_ 
    where
        ternaryset0_.container_id=?
14:16:45,194 DEBUG SQL:104 - 
    select
        ternarymap0_.container_id as container1_4_0_,
        ternarymap0_.name as name61_0_,
        ternarymap0_.foo as foo61_0_,
        ternarymap0_.glarch as glarch61_0_,
        ternarymap0_.idx as idx0_ 
    from
        ternaryMap ternarymap0_ 
    where
        ternarymap0_.container_id=?
14:16:45,203 DEBUG SQL:104 - 
    select
        bag0_.container_id as container1_4_1_,
        bag0_.contained_id as contained2_0_1_,
        contained1_.container_id as container1_3_0_ 
    from
        CCBAG bag0_ 
    inner join
        Contained contained1_ 
            on bag0_.contained_id=contained1_.container_id 
    where
        bag0_.container_id=?
14:16:45,204 DEBUG SQL:104 - 
    select
        bag0_.contained_id as contained2_3_0_,
        bag0_.container_id as container1_0_0_ 
    from
        CCBAG bag0_ 
    where
        bag0_.contained_id=?
14:16:45,205 DEBUG SQL:104 - 
    select
        cascades0_.container_id as container1_4_5_,
        cascades0_.name as name25_5_,
        cascades0_.simple as simple25_5_,
        cascades0_.one as one25_5_,
        cascades0_.many as many25_5_,
        simple1_.id_ as id1_13_0_,
        simple1_.name as name13_0_,
        simple1_.address as address13_0_,
        simple1_.count_ as count4_13_0_,
        simple1_.date_ as date5_13_0_,
        simple1_.pay as pay13_0_,
        simple1_.other as other13_0_,
        simple2_.id_ as id1_13_1_,
        simple2_.name as name13_1_,
        simple2_.address as address13_1_,
        simple2_.count_ as count4_13_1_,
        simple2_.date_ as date5_13_1_,
        simple2_.pay as pay13_1_,
        simple2_.other as other13_1_,
        one3_.one_key as one1_54_2_,
        one3_.x as x54_2_,
        one3_.one_value as one3_54_2_,
        many4_.many_key as many1_50_3_,
        many4_.x as x50_3_,
        many4_.one_key as one3_50_3_,
        one5_.one_key as one1_54_4_,
        one5_.x as x54_4_,
        one5_.one_value as one3_54_4_ 
    from
        abcd cascades0_ 
    left outer join
        Simple simple1_ 
            on cascades0_.simple=simple1_.id_ 
    left outer join
        Simple simple2_ 
            on simple1_.other=simple2_.id_ 
    inner join
        one one3_ 
            on cascades0_.one=one3_.one_key 
    inner join
        many many4_ 
            on cascades0_.many=many4_.many_key 
    left outer join
        one one5_ 
            on many4_.one_key=one5_.one_key 
    where
        cascades0_.container_id=?
14:16:45,235 DEBUG SQL:104 - 
    select
        manytomany0_.container_id2 as container1_4_2_,
        manytomany0_.elt as elt52_2_,
        manytomany0_.list_index as list3_2_,
        simple1_.id_ as id1_13_0_,
        simple1_.name as name13_0_,
        simple1_.address as address13_0_,
        simple1_.count_ as count4_13_0_,
        simple1_.date_ as date5_13_0_,
        simple1_.pay as pay13_0_,
        simple1_.other as other13_0_,
        simple2_.id_ as id1_13_1_,
        simple2_.name as name13_1_,
        simple2_.address as address13_1_,
        simple2_.count_ as count4_13_1_,
        simple2_.date_ as date5_13_1_,
        simple2_.pay as pay13_1_,
        simple2_.other as other13_1_ 
    from
        manyToMany manytomany0_ 
    inner join
        Simple simple1_ 
            on manytomany0_.elt=simple1_.id_ 
    left outer join
        Simple simple2_ 
            on simple1_.other=simple2_.id_ 
    where
        manytomany0_.container_id2=?
14:16:45,237 DEBUG SQL:104 - 
    delete 
    from
        manyToMany 
    where
        container_id2=? 
        and list_index=?
14:16:45,246 DEBUG SQL:104 - 
    update
        manyToMany 
    set
        elt=? 
    where
        container_id2=? 
        and list_index=?
14:16:45,247 DEBUG SQL:104 - 
    delete 
    from
        CCBAG 
    where
        contained_id=?
14:16:45,247 DEBUG SQL:104 - 
    select
        container0_.container_id as container1_4_0_ 
    from
        Container container0_ 
    where
        container0_.container_id=?
14:16:45,248 DEBUG SQL:104 - 
    select
        ternaryset0_.container_id as container1_4_0_,
        ternaryset0_.name as name62_0_,
        ternaryset0_.foo as foo62_0_,
        ternaryset0_.glarch as glarch62_0_ 
    from
        ternarySet ternaryset0_ 
    where
        ternaryset0_.container_id=?
14:16:45,257 DEBUG SQL:104 - 
    select
        ternarymap0_.container_id as container1_4_0_,
        ternarymap0_.name as name61_0_,
        ternarymap0_.foo as foo61_0_,
        ternarymap0_.glarch as glarch61_0_,
        ternarymap0_.idx as idx0_ 
    from
        ternaryMap ternarymap0_ 
    where
        ternarymap0_.container_id=?
14:16:45,258 DEBUG SQL:104 - 
    select
        bag0_.container_id as container1_4_1_,
        bag0_.contained_id as contained2_0_1_,
        contained1_.container_id as container1_3_0_ 
    from
        CCBAG bag0_ 
    inner join
        Contained contained1_ 
            on bag0_.contained_id=contained1_.container_id 
    where
        bag0_.container_id=?
14:16:45,267 DEBUG SQL:104 - 
    select
        cascades0_.container_id as container1_4_5_,
        cascades0_.name as name25_5_,
        cascades0_.simple as simple25_5_,
        cascades0_.one as one25_5_,
        cascades0_.many as many25_5_,
        simple1_.id_ as id1_13_0_,
        simple1_.name as name13_0_,
        simple1_.address as address13_0_,
        simple1_.count_ as count4_13_0_,
        simple1_.date_ as date5_13_0_,
        simple1_.pay as pay13_0_,
        simple1_.other as other13_0_,
        simple2_.id_ as id1_13_1_,
        simple2_.name as name13_1_,
        simple2_.address as address13_1_,
        simple2_.count_ as count4_13_1_,
        simple2_.date_ as date5_13_1_,
        simple2_.pay as pay13_1_,
        simple2_.other as other13_1_,
        one3_.one_key as one1_54_2_,
        one3_.x as x54_2_,
        one3_.one_value as one3_54_2_,
        many4_.many_key as many1_50_3_,
        many4_.x as x50_3_,
        many4_.one_key as one3_50_3_,
        one5_.one_key as one1_54_4_,
        one5_.x as x54_4_,
        one5_.one_value as one3_54_4_ 
    from
        abcd cascades0_ 
    left outer join
        Simple simple1_ 
            on cascades0_.simple=simple1_.id_ 
    left outer join
        Simple simple2_ 
            on simple1_.other=simple2_.id_ 
    inner join
        one one3_ 
            on cascades0_.one=one3_.one_key 
    inner join
        many many4_ 
            on cascades0_.many=many4_.many_key 
    left outer join
        one one5_ 
            on many4_.one_key=one5_.one_key 
    where
        cascades0_.container_id=?
14:16:45,279 DEBUG SQL:104 - 
    select
        manytomany0_.container_id2 as container1_4_2_,
        manytomany0_.elt as elt52_2_,
        manytomany0_.list_index as list3_2_,
        simple1_.id_ as id1_13_0_,
        simple1_.name as name13_0_,
        simple1_.address as address13_0_,
        simple1_.count_ as count4_13_0_,
        simple1_.date_ as date5_13_0_,
        simple1_.pay as pay13_0_,
        simple1_.other as other13_0_,
        simple2_.id_ as id1_13_1_,
        simple2_.name as name13_1_,
        simple2_.address as address13_1_,
        simple2_.count_ as count4_13_1_,
        simple2_.date_ as date5_13_1_,
        simple2_.pay as pay13_1_,
        simple2_.other as other13_1_ 
    from
        manyToMany manytomany0_ 
    inner join
        Simple simple1_ 
            on manytomany0_.elt=simple1_.id_ 
    left outer join
        Simple simple2_ 
            on simple1_.other=simple2_.id_ 
    where
        manytomany0_.container_id2=?
14:16:45,290 DEBUG SQL:104 - 
    select
        contained0_.container_id as container1_3_0_ 
    from
        Contained contained0_ 
    where
        contained0_.container_id=?
14:16:45,290 DEBUG SQL:104 - 
    select
        bag0_.contained_id as contained2_3_0_,
        bag0_.container_id as container1_0_0_ 
    from
        CCBAG bag0_ 
    where
        bag0_.contained_id=?
14:16:45,300 DEBUG SQL:104 - 
    select
        container0_.container_id as container1_4_ 
    from
        Container container0_
14:16:45,301 DEBUG SQL:104 - 
    select
        contained0_.container_id as container1_3_ 
    from
        Contained contained0_
14:16:45,301 DEBUG SQL:104 - 
    update
        Simple 
    set
        container_id1=null,
        list_index=null 
    where
        container_id1=?
14:16:45,302 DEBUG SQL:104 - 
    delete 
    from
        manyToMany 
    where
        container_id2=?
14:16:45,302 DEBUG SQL:104 - 
    delete 
    from
        components 
    where
        container_id=?
14:16:45,302 DEBUG SQL:104 - 
    delete 
    from
        composites 
    where
        container_id=?
14:16:45,302 DEBUG SQL:104 - 
    delete 
    from
        LCCBAG 
    where
        contained_id=?
14:16:45,302 DEBUG SQL:104 - 
    delete 
    from
        Container 
    where
        container_id=?
14:16:45,303 DEBUG SQL:104 - 
    delete 
    from
        Contained 
    where
        container_id=?
14:16:45,303 DEBUG SQL:104 - 
    select
        simple0_.id_ as id1_13_,
        simple0_.name as name13_,
        simple0_.address as address13_,
        simple0_.count_ as count4_13_,
        simple0_.date_ as date5_13_,
        simple0_.pay as pay13_,
        simple0_.other as other13_ 
    from
        Simple simple0_
14:16:45,315 DEBUG SQL:104 - 
    delete 
    from
        Simple 
    where
        id_=?
14:16:45,315 DEBUG SQL:104 - 
    delete 
    from
        Simple 
    where
        id_=?
14:16:45,316  INFO CustomRunner:139 - Test: testObjectType
14:16:45,317 DEBUG SQL:104 - 
    insert 
    into
        Parent
        (id, x, count_, any_id, any_class) 
    values
        (null, ?, ?, ?, ?)
14:16:45,326 DEBUG SQL:104 - 
    insert 
    into
        "glarchez"
        (version, namecvbnmasdf, next_, order_, foo, bar, x, immutable, "any_id_of_object", "any_class_of_object", count_, glarch_, tha_key) 
    values
        (?, ?, ?, ?, ?, ?, ?, ?, ?, ?, ?, ?, ?)
14:16:45,326 DEBUG SQL:104 - 
    insert 
    into
        "the fees"
        (fi, fee, anotherFee, qux, count_, name, null_prop, id_) 
    values
        (?, ?, ?, ?, ?, ?, ?, ?)
14:16:45,327 DEBUG SQL:104 - 
    insert 
    into
        "the fees"
        (fi, fee, anotherFee, qux, count_, name, null_prop, id_) 
    values
        (?, ?, ?, ?, ?, ?, ?, ?)
14:16:45,327 DEBUG SQL:104 - 
    insert 
    into
        "foos"
        (version, long_, "integer__", float_, x, double_, date_, timestamp_, boolean_, bool_, short_, char_, zero_, int_, string_, byte_, yesno, blobb_, bin_, "localeayzabc123", first_name, surname, count_, name_, g__, cmpnt_null_, subname, fee_sub, "foo_subclass_1234", "foo_idcolumnname123") 
    values
        (?, ?, ?, ?, ?, ?, ?, ?, ?, ?, ?, ?, ?, ?, ?, ?, ?, ?, ?, ?, ?, ?, ?, ?, ?, ?, ?, ?, 'F', ?)
14:16:45,327 DEBUG SQL:104 - 
    insert 
    into
        jointable
        (fooid) 
    values
        (?)
14:16:45,327 DEBUG SQL:104 - 
    insert 
    into
        foo_dep_table
        (dependent, fooid) 
    values
        (?, ?)
14:16:45,328 DEBUG SQL:104 - 
    update
        Parent 
    set
        x=?,
        count_=?,
        any_id=?,
        any_class=? 
    where
        id=?
14:16:45,348 DEBUG SQL:104 - 
    insert 
    into
        foobytes
        (id, i, byte_) 
    values
        (?, ?, ?)
14:16:45,349 DEBUG SQL:104 - 
    insert 
    into
        foobytes
        (id, i, byte_) 
    values
        (?, ?, ?)
14:16:45,349 DEBUG SQL:104 - 
    insert 
    into
        foobytes
        (id, i, byte_) 
    values
        (?, ?, ?)
14:16:45,349 DEBUG SQL:104 - 
    insert 
    into
        foobytes
        (id, i, byte_) 
    values
        (?, ?, ?)
14:16:45,358 DEBUG SQL:104 - 
    insert 
    into
        foobytes
        (id, i, byte_) 
    values
        (?, ?, ?)
14:16:45,359 DEBUG SQL:104 - 
    insert 
    into
        foobytes
        (id, i, byte_) 
    values
        (?, ?, ?)
14:16:45,360 DEBUG SQL:104 - 
    insert 
    into
        foobytes
        (id, i, byte_) 
    values
        (?, ?, ?)
14:16:45,360 DEBUG SQL:104 - 
    insert 
    into
        foobytes
        (id, i, byte_) 
    values
        (?, ?, ?)
14:16:45,370 DEBUG SQL:104 - 
    insert 
    into
        foo_times
        (foo_id, i, date_) 
    values
        (?, ?, ?)
14:16:45,370 DEBUG SQL:104 - 
    insert 
    into
        foo_dates
        (foo_id, i, date_) 
    values
        (?, ?, ?)
14:16:45,370 DEBUG SQL:104 - 
    insert 
    into
        foo_dates
        (foo_id, i, date_) 
    values
        (?, ?, ?)
14:16:45,371 DEBUG SQL:104 - 
    insert 
    into
        foo_dates
        (foo_id, i, date_) 
    values
        (?, ?, ?)
14:16:45,380 DEBUG SQL:104 - 
    select
        parent0_.id as id11_1_,
        parent0_.x as x11_1_,
        parent0_.count_ as count3_11_1_,
        parent0_.any_id as any4_11_1_,
        parent0_.any_class as any5_11_1_,
        child1_.id as id1_0_,
        child1_.x as x1_0_,
        child1_.count_ as count3_1_0_ 
    from
        Parent parent0_ 
    left outer join
        Child child1_ 
            on parent0_.id=child1_.id 
    where
        parent0_.id=?
14:16:45,381 DEBUG SQL:104 - 
    select
        foo0_."foo_idcolumnname123" as foo1_20_8_,
        foo0_.version as version20_8_,
        foo0_.foo as foo20_8_,
        foo0_.long_ as long5_20_8_,
        foo0_."integer__" as integer6_20_8_,
        foo0_.float_ as float7_20_8_,
        foo0_.x as x20_8_,
        foo0_.double_ as double9_20_8_,
        foo0_.date_ as date10_20_8_,
        foo0_.timestamp_ as timestamp11_20_8_,
        foo0_.boolean_ as boolean12_20_8_,
        foo0_.bool_ as bool13_20_8_,
        foo0_.null_ as null14_20_8_,
        foo0_.short_ as short15_20_8_,
        foo0_.char_ as char16_20_8_,
        foo0_.zero_ as zero17_20_8_,
        foo0_.int_ as int18_20_8_,
        foo0_.string_ as string19_20_8_,
        foo0_.byte_ as byte20_20_8_,
        foo0_.yesno as yesno20_8_,
        foo0_.blobb_ as blobb22_20_8_,
        foo0_.nullBlob as nullBlob20_8_,
        foo0_.bin_ as bin24_20_8_,
        foo0_."localeayzabc123" as localea25_20_8_,
        foo0_.first_name as first26_20_8_,
        foo0_.surname as surname20_8_,
        foo0_.count_ as count28_20_8_,
        foo0_.name_ as name29_20_8_,
        foo0_.g__ as g30_20_8_,
        foo0_.cmpnt_null_ as cmpnt31_20_8_,
        foo0_.subname as subname20_8_,
        foo0_.fee_sub as fee33_20_8_,
        foo0_.null_cmpnt_ as null34_20_8_,
        foo0_1_.joinedProp as joinedProp49_8_,
        foo0_2_.dependent as dependent43_8_,
        foo0_.the_time as the35_20_8_,
        foo0_.baz as baz20_8_,
        foo0_.bar_string as bar37_20_8_,
        foo0_.bar_count as bar38_20_8_,
        foo0_.name as name20_8_,
        foo0_.clazz as clazz20_8_,
        foo0_.gen_id as gen41_20_8_,
        foo0_3_.name_name as name2_27_8_,
        foo0_.int_/2 as formula92_8_,
        foo0_."foo_subclass_1234" as foo2_20_8_,
        glarch1_.tha_key as tha1_21_0_,
        glarch1_.version as version21_0_,
        glarch1_.namecvbnmasdf as namecvbn3_21_0_,
        glarch1_.next_ as next4_21_0_,
        glarch1_.order_ as order5_21_0_,
        glarch1_.foo as foo21_0_,
        glarch1_.bar as bar21_0_,
        glarch1_.x as x21_0_,
        glarch1_.immutable as immutable21_0_,
        glarch1_."any_id_of_object" as any10_21_0_,
        glarch1_."any_class_of_object" as any11_21_0_,
        glarch1_.count_ as count12_21_0_,
        glarch1_.glarch_ as glarch13_21_0_,
        fee2_.id_ as id1_24_1_,
        fee2_.fi as fi24_1_,
        fee2_.fee as fee24_1_,
        fee2_.anotherFee as anotherFee24_1_,
        fee2_.qux as qux24_1_,
        fee2_.count_ as count6_24_1_,
        fee2_.name as name24_1_,
        fee2_.null_prop as null8_24_1_,
        fee3_.id_ as id1_24_2_,
        fee3_.fi as fi24_2_,
        fee3_.fee as fee24_2_,
        fee3_.anotherFee as anotherFee24_2_,
        fee3_.qux as qux24_2_,
        fee3_.count_ as count6_24_2_,
        fee3_.name as name24_2_,
        fee3_.null_prop as null8_24_2_,
        fee4_.id_ as id1_24_3_,
        fee4_.fi as fi24_3_,
        fee4_.fee as fee24_3_,
        fee4_.anotherFee as anotherFee24_3_,
        fee4_.qux as qux24_3_,
        fee4_.count_ as count6_24_3_,
        fee4_.name as name24_3_,
        fee4_.null_prop as null8_24_3_,
        baz5_.baz_id_column_ as baz1_28_4_,
        baz5_.count_count as count2_28_4_,
        baz5_.name_b as name3_28_4_,
        baz5_.foo as foo28_4_,
        baz5_.superBaz as superBaz28_4_,
        baz5_."str" as str6_28_4_,
        foo6_."foo_idcolumnname123" as foo1_20_5_,
        foo6_.version as version20_5_,
        foo6_.foo as foo20_5_,
        foo6_.long_ as long5_20_5_,
        foo6_."integer__" as integer6_20_5_,
        foo6_.float_ as float7_20_5_,
        foo6_.x as x20_5_,
        foo6_.double_ as double9_20_5_,
        foo6_.date_ as date10_20_5_,
        foo6_.timestamp_ as timestamp11_20_5_,
        foo6_.boolean_ as boolean12_20_5_,
        foo6_.bool_ as bool13_20_5_,
        foo6_.null_ as null14_20_5_,
        foo6_.short_ as short15_20_5_,
        foo6_.char_ as char16_20_5_,
        foo6_.zero_ as zero17_20_5_,
        foo6_.int_ as int18_20_5_,
        foo6_.string_ as string19_20_5_,
        foo6_.byte_ as byte20_20_5_,
        foo6_.yesno as yesno20_5_,
        foo6_.blobb_ as blobb22_20_5_,
        foo6_.nullBlob as nullBlob20_5_,
        foo6_.bin_ as bin24_20_5_,
        foo6_."localeayzabc123" as localea25_20_5_,
        foo6_.first_name as first26_20_5_,
        foo6_.surname as surname20_5_,
        foo6_.count_ as count28_20_5_,
        foo6_.name_ as name29_20_5_,
        foo6_.g__ as g30_20_5_,
        foo6_.cmpnt_null_ as cmpnt31_20_5_,
        foo6_.subname as subname20_5_,
        foo6_.fee_sub as fee33_20_5_,
        foo6_.null_cmpnt_ as null34_20_5_,
        foo6_1_.joinedProp as joinedProp49_5_,
        foo6_2_.dependent as dependent43_5_,
        foo6_.the_time as the35_20_5_,
        foo6_.baz as baz20_5_,
        foo6_.bar_string as bar37_20_5_,
        foo6_.bar_count as bar38_20_5_,
        foo6_.name as name20_5_,
        foo6_.clazz as clazz20_5_,
        foo6_.gen_id as gen41_20_5_,
        foo6_3_.name_name as name2_27_5_,
        foo6_.int_/2 as formula92_5_,
        foo6_."foo_subclass_1234" as foo2_20_5_,
        topglarche7_.idtopglarch as idtopgl16_28_10_,
        topglarche7_.tha_key as tha1_21_10_,
        topglarche7_.mapkey as mapkey10_,
        topglarche7_.tha_key as tha1_21_6_,
        topglarche7_.version as version21_6_,
        topglarche7_.namecvbnmasdf as namecvbn3_21_6_,
        topglarche7_.next_ as next4_21_6_,
        topglarche7_.order_ as order5_21_6_,
        topglarche7_.foo as foo21_6_,
        topglarche7_.bar as bar21_6_,
        topglarche7_.x as x21_6_,
        topglarche7_.immutable as immutable21_6_,
        topglarche7_."any_id_of_object" as any10_21_6_,
        topglarche7_."any_class_of_object" as any11_21_6_,
        topglarche7_.count_ as count12_21_6_,
        topglarche7_.glarch_ as glarch13_21_6_,
        baz8_.baz_id_column_ as baz1_28_7_,
        baz8_.count_count as count2_28_7_,
        baz8_.name_b as name3_28_7_,
        baz8_.foo as foo28_7_,
        baz8_.superBaz as superBaz28_7_,
        baz8_."str" as str6_28_7_ 
    from
        "foos" foo0_ 
    inner join
        jointable foo0_1_ 
            on foo0_."foo_idcolumnname123"=foo0_1_.fooid 
    inner join
        foo_dep_table foo0_2_ 
            on foo0_."foo_idcolumnname123"=foo0_2_.fooid 
    left outer join
        bar_join_table foo0_3_ 
            on foo0_."foo_idcolumnname123"=foo0_3_.bar_id 
    left outer join
        "glarchez" glarch1_ 
            on foo0_.g__=glarch1_.tha_key 
    inner join
        "the fees" fee2_ 
            on foo0_2_.dependent=fee2_.id_ 
    left outer join
        "the fees" fee3_ 
            on fee2_.fee=fee3_.id_ 
    left outer join
        "the fees" fee4_ 
            on fee3_.anotherFee=fee4_.id_ 
    left outer join
        baz baz5_ 
            on foo0_.baz=baz5_.baz_id_column_ 
    left outer join
        "foos" foo6_ 
            on baz5_.foo=foo6_."foo_idcolumnname123" 
    left outer join
        jointable foo6_1_ 
            on foo6_."foo_idcolumnname123"=foo6_1_.fooid 
    left outer join
        foo_dep_table foo6_2_ 
            on foo6_."foo_idcolumnname123"=foo6_2_.fooid 
    left outer join
        bar_join_table foo6_3_ 
            on foo6_."foo_idcolumnname123"=foo6_3_.bar_id 
    left outer join
        "glarchez" topglarche7_ 
            on baz5_.baz_id_column_=topglarche7_.idtopglarch 
    left outer join
        baz baz8_ 
            on baz5_.superBaz=baz8_.baz_id_column_ 
    where
        foo0_."foo_idcolumnname123"=? 
        and foo0_."foo_subclass_1234" in (
            'F', 'B', 'T'
        )
14:16:45,446 DEBUG SQL:104 - 
    select
        proxyarray0_.array_key as array20_21_1_,
        proxyarray0_.tha_key as tha1_21_1_,
        proxyarray0_.array_indecks as array21_1_,
        proxyarray0_.tha_key as tha1_21_0_,
        proxyarray0_.version as version21_0_,
        proxyarray0_.namecvbnmasdf as namecvbn3_21_0_,
        proxyarray0_.next_ as next4_21_0_,
        proxyarray0_.order_ as order5_21_0_,
        proxyarray0_.foo as foo21_0_,
        proxyarray0_.bar as bar21_0_,
        proxyarray0_.x as x21_0_,
        proxyarray0_.immutable as immutable21_0_,
        proxyarray0_."any_id_of_object" as any10_21_0_,
        proxyarray0_."any_class_of_object" as any11_21_0_,
        proxyarray0_.count_ as count12_21_0_,
        proxyarray0_.glarch_ as glarch13_21_0_ 
    from
        "glarchez" proxyarray0_ 
    where
        proxyarray0_.array_key=?
14:16:45,457 DEBUG SQL:104 - 
    select
        bytes0_.id as id20_0_,
        bytes0_.byte_ as byte2_45_0_,
        bytes0_.i as i0_ 
    from
        foobytes bytes0_ 
    where
        bytes0_.id=?
14:16:45,457 DEBUG SQL:104 - 
    select
        importantd0_.foo_id as foo1_20_0_,
        importantd0_.date_ as date2_44_0_,
        importantd0_.i as i0_ 
    from
        foo_times importantd0_ 
    where
        importantd0_.foo_id=?
14:16:45,458 DEBUG SQL:104 - 
    select
        fee0_.id_ as id1_24_2_,
        fee0_.fi as fi24_2_,
        fee0_.fee as fee24_2_,
        fee0_.anotherFee as anotherFee24_2_,
        fee0_.qux as qux24_2_,
        fee0_.count_ as count6_24_2_,
        fee0_.name as name24_2_,
        fee0_.null_prop as null8_24_2_,
        fee1_.id_ as id1_24_0_,
        fee1_.fi as fi24_0_,
        fee1_.fee as fee24_0_,
        fee1_.anotherFee as anotherFee24_0_,
        fee1_.qux as qux24_0_,
        fee1_.count_ as count6_24_0_,
        fee1_.name as name24_0_,
        fee1_.null_prop as null8_24_0_,
        fee2_.id_ as id1_24_1_,
        fee2_.fi as fi24_1_,
        fee2_.fee as fee24_1_,
        fee2_.anotherFee as anotherFee24_1_,
        fee2_.qux as qux24_1_,
        fee2_.count_ as count6_24_1_,
        fee2_.name as name24_1_,
        fee2_.null_prop as null8_24_1_ 
    from
        "the fees" fee0_ 
    left outer join
        "the fees" fee1_ 
            on fee0_.fee=fee1_.id_ 
    left outer join
        "the fees" fee2_ 
            on fee1_.anotherFee=fee2_.id_ 
    where
        fee0_.id_=?
14:16:45,483 DEBUG SQL:104 - 
    select
        importantd0_.foo_id as foo1_20_0_,
        importantd0_.date_ as date2_42_0_,
        importantd0_.i as i0_ 
    from
        foo_dates importantd0_ 
    where
        importantd0_.foo_id=?
14:16:45,484 DEBUG SQL:104 - 
    select
        fees0_.fee_id as fee1_24_0_,
        fees0_.str_ as str2_18_0_ 
    from
        "fees" fees0_ 
    where
        fees0_.fee_id=?
14:16:45,484 DEBUG SQL:104 - 
    select
        fees0_.fee_id as fee1_24_0_,
        fees0_.str_ as str2_18_0_ 
    from
        "fees" fees0_ 
    where
        fees0_.fee_id=?
14:16:45,510 DEBUG SQL:104 - 
    select
        proxyset0_.set_key as set22_21_1_,
        proxyset0_.tha_key as tha1_21_1_,
        proxyset0_.tha_key as tha1_21_0_,
        proxyset0_.version as version21_0_,
        proxyset0_.namecvbnmasdf as namecvbn3_21_0_,
        proxyset0_.next_ as next4_21_0_,
        proxyset0_.order_ as order5_21_0_,
        proxyset0_.foo as foo21_0_,
        proxyset0_.bar as bar21_0_,
        proxyset0_.x as x21_0_,
        proxyset0_.immutable as immutable21_0_,
        proxyset0_."any_id_of_object" as any10_21_0_,
        proxyset0_."any_class_of_object" as any11_21_0_,
        proxyset0_.count_ as count12_21_0_,
        proxyset0_.glarch_ as glarch13_21_0_ 
    from
        "glarchez" proxyset0_ 
    where
        proxyset0_.set_key=?
14:16:45,512 DEBUG SQL:104 - 
    select
        strings0_.glarch_key as glarch1_21_0_,
        strings0_."tha_stryng" as tha2_23_0_,
        strings0_."indx_" as indx3_0_ 
    from
        "strings" strings0_ 
    where
        strings0_.glarch_key=?
14:16:45,512 DEBUG SQL:104 - 
    select
        foocompone0_.glarch_key as glarch1_21_3_,
        foocompone0_.name_ as name2_19_3_,
        foocompone0_.count_ as count3_19_3_,
        foocompone0_.x_ as x4_19_3_,
        foocompone0_.y_ as y5_19_3_,
        foocompone0_.fee as fee19_3_,
        foocompone0_.tha_indecks as tha7_3_,
        fee1_.id_ as id1_24_0_,
        fee1_.fi as fi24_0_,
        fee1_.fee as fee24_0_,
        fee1_.anotherFee as anotherFee24_0_,
        fee1_.qux as qux24_0_,
        fee1_.count_ as count6_24_0_,
        fee1_.name as name24_0_,
        fee1_.null_prop as null8_24_0_,
        fee2_.id_ as id1_24_1_,
        fee2_.fi as fi24_1_,
        fee2_.fee as fee24_1_,
        fee2_.anotherFee as anotherFee24_1_,
        fee2_.qux as qux24_1_,
        fee2_.count_ as count6_24_1_,
        fee2_.name as name24_1_,
        fee2_.null_prop as null8_24_1_,
        fee3_.id_ as id1_24_2_,
        fee3_.fi as fi24_2_,
        fee3_.fee as fee24_2_,
        fee3_.anotherFee as anotherFee24_2_,
        fee3_.qux as qux24_2_,
        fee3_.count_ as count6_24_2_,
        fee3_.name as name24_2_,
        fee3_.null_prop as null8_24_2_ 
    from
        "fooComponents" foocompone0_ 
    left outer join
        "the fees" fee1_ 
            on foocompone0_.fee=fee1_.id_ 
    left outer join
        "the fees" fee2_ 
            on fee1_.fee=fee2_.id_ 
    left outer join
        "the fees" fee3_ 
            on fee2_.anotherFee=fee3_.id_ 
    where
        foocompone0_.glarch_key=?
14:16:45,541 DEBUG SQL:104 - 
    update
        Parent 
    set
        x=?,
        count_=?,
        any_id=?,
        any_class=? 
    where
        id=?
14:16:45,542 DEBUG SQL:104 - 
    delete 
    from
        foobytes 
    where
        id=?
14:16:45,542 DEBUG SQL:104 - 
    delete 
    from
        foo_times 
    where
        foo_id=?
14:16:45,542 DEBUG SQL:104 - 
    delete 
    from
        foo_dates 
    where
        foo_id=?
14:16:45,563 DEBUG SQL:104 - 
    delete 
    from
        foo_dep_table 
    where
        fooid=?
14:16:45,563 DEBUG SQL:104 - 
    delete 
    from
        "foos" 
    where
        "foo_idcolumnname123"=? 
        and version=?
14:16:45,564 DEBUG SQL:104 - 
    delete 
    from
        "glarchez" 
    where
        tha_key=? 
        and version=?
14:16:45,564 DEBUG SQL:104 - 
    delete 
    from
        "the fees" 
    where
        id_=?
14:16:45,564 DEBUG SQL:104 - 
    delete 
    from
        "the fees" 
    where
        id_=?
14:16:45,564 DEBUG SQL:104 - 
    delete 
    from
        Parent 
    where
        id=?
14:16:45,565  INFO CustomRunner:139 - Test: testParentChild
14:16:45,566 DEBUG SQL:104 - 
    insert 
    into
        Parent
        (id, x, count_, any_id, any_class) 
    values
        (null, ?, ?, ?, ?)
14:16:45,568 DEBUG SQL:104 - 
    insert 
    into
        Child
        (x, count_, id) 
    values
        (?, ?, ?)
14:16:45,568 DEBUG SQL:104 - 
    select
        child0_.id as id1_0_,
        child0_.x as x1_0_,
        child0_.count_ as count3_1_0_ 
    from
        Child child0_ 
    where
        child0_.id=?
14:16:45,577 DEBUG SQL:104 - 
    select
        parent0_.id as id11_1_,
        parent0_.x as x11_1_,
        parent0_.count_ as count3_11_1_,
        parent0_.any_id as any4_11_1_,
        parent0_.any_class as any5_11_1_,
        child1_.id as id1_0_,
        child1_.x as x1_0_,
        child1_.count_ as count3_1_0_ 
    from
        Parent parent0_ 
    left outer join
        Child child1_ 
            on parent0_.id=child1_.id 
    where
        parent0_.id=?
14:16:45,585 DEBUG SQL:104 - 
    update
        Child 
    set
        x=?,
        count_=? 
    where
        id=?
14:16:45,597 DEBUG SQL:104 - 
    update
        Parent 
    set
        x=?,
        count_=?,
        any_id=?,
        any_class=? 
    where
        id=?
14:16:45,598 DEBUG SQL:104 - 
    select
        child0_.id as id1_0_,
        child0_.x as x1_0_,
        child0_.count_ as count3_1_0_ 
    from
        Child child0_ 
    where
        child0_.id=?
14:16:45,598 DEBUG SQL:104 - 
    select
        parent0_.id as id11_1_,
        parent0_.x as x11_1_,
        parent0_.count_ as count3_11_1_,
        parent0_.any_id as any4_11_1_,
        parent0_.any_class as any5_11_1_,
        child1_.id as id1_0_,
        child1_.x as x1_0_,
        child1_.count_ as count3_1_0_ 
    from
        Parent parent0_ 
    left outer join
        Child child1_ 
            on parent0_.id=child1_.id 
    where
        parent0_.id=?
14:16:45,600 DEBUG SQL:104 - 
    select
        child0_.id as id1_,
        child0_.x as x1_,
        child0_.count_ as count3_1_ 
    from
        Child child0_,
        Parent parent1_ 
    where
        (
            parent1_.count_=66  
            and child0_.id=parent1_.id
        )
14:16:45,627 DEBUG SQL:104 - 
    select
        parent0_.id as id11_0_,
        child1_.id as id1_1_,
        parent0_.x as x11_0_,
        parent0_.count_ as count3_11_0_,
        parent0_.any_id as any4_11_0_,
        parent0_.any_class as any5_11_0_,
        child1_.x as x1_1_,
        child1_.count_ as count3_1_1_ 
    from
        Parent parent0_ 
    inner join
        Child child1_ 
            on parent0_.id=child1_.id 
    where
        (
            parent0_.count_=66 
        )
14:16:45,628 DEBUG SQL:104 - 
    select
        child0_.id as id1_0_,
        parent1_.id as id11_1_,
        child0_.x as x1_0_,
        child0_.count_ as count3_1_0_,
        parent1_.x as x11_1_,
        parent1_.count_ as count3_11_1_,
        parent1_.any_id as any4_11_1_,
        parent1_.any_class as any5_11_1_ 
    from
        Child child0_,
        Parent parent1_ 
    where
        child0_.id=parent1_.id 
    order by
        parent1_.count_
14:16:45,638 DEBUG SQL:104 - 
    select
        child0_.id as id1_0_,
        parent1_.id as id11_1_,
        child0_.x as x1_0_,
        child0_.count_ as count3_1_0_,
        parent1_.x as x11_1_,
        parent1_.count_ as count3_11_1_,
        parent1_.any_id as any4_11_1_,
        parent1_.any_class as any5_11_1_ 
    from
        Child child0_,
        Parent parent1_ 
    where
        (
            parent1_.count_=66  
            and child0_.id=parent1_.id
        ) 
    order by
        parent1_.count_
14:16:45,652 DEBUG SQL:104 - 
    select
        child0_.id as col_0_0_,
        parent1_.id as col_1_0_,
        parent1_.count_ as col_2_0_ 
    from
        Child child0_,
        Parent parent1_ 
    where
        child0_.id=parent1_.id 
    order by
        parent1_.count_
14:16:45,653 DEBUG SQL:104 - 
    select
        parent0_.id as id11_,
        parent0_.x as x11_,
        parent0_.count_ as count3_11_,
        parent0_.any_id as any4_11_,
        parent0_.any_class as any5_11_ 
    from
        Parent parent0_ 
    where
        (
            parent0_.count_=? 
        )
14:16:45,653 DEBUG SQL:104 - 
    delete 
    from
        Child 
    where
        id=?
14:16:45,661 DEBUG SQL:104 - 
    delete 
    from
        Parent 
    where
        id=?
14:16:45,661  INFO CustomRunner:139 - Test: testParentNullChild
14:16:45,662 DEBUG SQL:104 - 
    insert 
    into
        Parent
        (id, x, count_, any_id, any_class) 
    values
        (null, ?, ?, ?, ?)
14:16:45,663 DEBUG SQL:104 - 
    select
        parent0_.id as id11_1_,
        parent0_.x as x11_1_,
        parent0_.count_ as count3_11_1_,
        parent0_.any_id as any4_11_1_,
        parent0_.any_class as any5_11_1_,
        child1_.id as id1_0_,
        child1_.x as x1_0_,
        child1_.count_ as count3_1_0_ 
    from
        Parent parent0_ 
    left outer join
        Child child1_ 
            on parent0_.id=child1_.id 
    where
        parent0_.id=?
14:16:45,671 DEBUG SQL:104 - 
    update
        Parent 
    set
        x=?,
        count_=?,
        any_id=?,
        any_class=? 
    where
        id=?
14:16:45,672 DEBUG SQL:104 - 
    select
        parent0_.id as id11_1_,
        parent0_.x as x11_1_,
        parent0_.count_ as count3_11_1_,
        parent0_.any_id as any4_11_1_,
        parent0_.any_class as any5_11_1_,
        child1_.id as id1_0_,
        child1_.x as x1_0_,
        child1_.count_ as count3_1_0_ 
    from
        Parent parent0_ 
    left outer join
        Child child1_ 
            on parent0_.id=child1_.id 
    where
        parent0_.id=?
14:16:45,683 DEBUG SQL:104 - 
    delete 
    from
        Parent 
    where
        id=?
14:16:45,684  INFO CustomRunner:139 - Test: testProxyReuse
14:16:45,686 DEBUG SQL:104 - 
    insert 
    into
        "glarchez"
        (version, namecvbnmasdf, next_, order_, foo, bar, x, immutable, "any_id_of_object", "any_class_of_object", count_, glarch_, tha_key) 
    values
        (?, ?, ?, ?, ?, ?, ?, ?, ?, ?, ?, ?, ?)
14:16:45,686 DEBUG SQL:104 - 
    insert 
    into
        "the fees"
        (fi, fee, anotherFee, qux, count_, name, null_prop, id_) 
    values
        (?, ?, ?, ?, ?, ?, ?, ?)
14:16:45,687 DEBUG SQL:104 - 
    insert 
    into
        "the fees"
        (fi, fee, anotherFee, qux, count_, name, null_prop, id_) 
    values
        (?, ?, ?, ?, ?, ?, ?, ?)
14:16:45,687 DEBUG SQL:104 - 
    insert 
    into
        "foos"
        (version, long_, "integer__", float_, x, double_, date_, timestamp_, boolean_, bool_, short_, char_, zero_, int_, string_, byte_, yesno, blobb_, bin_, "localeayzabc123", first_name, surname, count_, name_, g__, cmpnt_null_, subname, fee_sub, "foo_subclass_1234", "foo_idcolumnname123") 
    values
        (?, ?, ?, ?, ?, ?, ?, ?, ?, ?, ?, ?, ?, ?, ?, ?, ?, ?, ?, ?, ?, ?, ?, ?, ?, ?, ?, ?, 'F', ?)
14:16:45,687 DEBUG SQL:104 - 
    insert 
    into
        jointable
        (fooid) 
    values
        (?)
14:16:45,687 DEBUG SQL:104 - 
    insert 
    into
        foo_dep_table
        (dependent, fooid) 
    values
        (?, ?)
14:16:45,688 DEBUG SQL:104 - 
    insert 
    into
        "glarchez"
        (version, namecvbnmasdf, next_, order_, foo, bar, x, immutable, "any_id_of_object", "any_class_of_object", count_, glarch_, tha_key) 
    values
        (?, ?, ?, ?, ?, ?, ?, ?, ?, ?, ?, ?, ?)
14:16:45,688 DEBUG SQL:104 - 
    insert 
    into
        "the fees"
        (fi, fee, anotherFee, qux, count_, name, null_prop, id_) 
    values
        (?, ?, ?, ?, ?, ?, ?, ?)
14:16:45,696 DEBUG SQL:104 - 
    insert 
    into
        "the fees"
        (fi, fee, anotherFee, qux, count_, name, null_prop, id_) 
    values
        (?, ?, ?, ?, ?, ?, ?, ?)
14:16:45,697 DEBUG SQL:104 - 
    insert 
    into
        "foos"
        (version, long_, "integer__", float_, x, double_, date_, timestamp_, boolean_, bool_, short_, char_, zero_, int_, string_, byte_, yesno, blobb_, bin_, "localeayzabc123", first_name, surname, count_, name_, g__, cmpnt_null_, subname, fee_sub, "foo_subclass_1234", "foo_idcolumnname123") 
    values
        (?, ?, ?, ?, ?, ?, ?, ?, ?, ?, ?, ?, ?, ?, ?, ?, ?, ?, ?, ?, ?, ?, ?, ?, ?, ?, ?, ?, 'F', ?)
14:16:45,697 DEBUG SQL:104 - 
    insert 
    into
        jointable
        (fooid) 
    values
        (?)
14:16:45,697 DEBUG SQL:104 - 
    insert 
    into
        foo_dep_table
        (dependent, fooid) 
    values
        (?, ?)
14:16:45,706 DEBUG SQL:104 - 
    update
        "foos" 
    set
        version=?,
        int_=? 
    where
        "foo_idcolumnname123"=? 
        and version=?
14:16:45,707 DEBUG SQL:104 - 
    update
        "foos" 
    set
        version=?,
        int_=? 
    where
        "foo_idcolumnname123"=? 
        and version=?
14:16:45,707 DEBUG SQL:104 - 
    insert 
    into
        foobytes
        (id, i, byte_) 
    values
        (?, ?, ?)
14:16:45,708 DEBUG SQL:104 - 
    insert 
    into
        foobytes
        (id, i, byte_) 
    values
        (?, ?, ?)
14:16:45,708 DEBUG SQL:104 - 
    insert 
    into
        foobytes
        (id, i, byte_) 
    values
        (?, ?, ?)
14:16:45,708 DEBUG SQL:104 - 
    insert 
    into
        foobytes
        (id, i, byte_) 
    values
        (?, ?, ?)
14:16:45,729 DEBUG SQL:104 - 
    insert 
    into
        foobytes
        (id, i, byte_) 
    values
        (?, ?, ?)
14:16:45,729 DEBUG SQL:104 - 
    insert 
    into
        foobytes
        (id, i, byte_) 
    values
        (?, ?, ?)
14:16:45,730 DEBUG SQL:104 - 
    insert 
    into
        foobytes
        (id, i, byte_) 
    values
        (?, ?, ?)
14:16:45,730 DEBUG SQL:104 - 
    insert 
    into
        foobytes
        (id, i, byte_) 
    values
        (?, ?, ?)
14:16:45,739 DEBUG SQL:104 - 
    insert 
    into
        foo_times
        (foo_id, i, date_) 
    values
        (?, ?, ?)
14:16:45,740 DEBUG SQL:104 - 
    insert 
    into
        foo_dates
        (foo_id, i, date_) 
    values
        (?, ?, ?)
14:16:45,740 DEBUG SQL:104 - 
    insert 
    into
        foo_dates
        (foo_id, i, date_) 
    values
        (?, ?, ?)
14:16:45,740 DEBUG SQL:104 - 
    insert 
    into
        foo_dates
        (foo_id, i, date_) 
    values
        (?, ?, ?)
14:16:45,750 DEBUG SQL:104 - 
    insert 
    into
        foobytes
        (id, i, byte_) 
    values
        (?, ?, ?)
14:16:45,751 DEBUG SQL:104 - 
    insert 
    into
        foobytes
        (id, i, byte_) 
    values
        (?, ?, ?)
14:16:45,751 DEBUG SQL:104 - 
    insert 
    into
        foobytes
        (id, i, byte_) 
    values
        (?, ?, ?)
14:16:45,751 DEBUG SQL:104 - 
    insert 
    into
        foobytes
        (id, i, byte_) 
    values
        (?, ?, ?)
14:16:45,751 DEBUG SQL:104 - 
    insert 
    into
        foobytes
        (id, i, byte_) 
    values
        (?, ?, ?)
14:16:45,760 DEBUG SQL:104 - 
    insert 
    into
        foobytes
        (id, i, byte_) 
    values
        (?, ?, ?)
14:16:45,760 DEBUG SQL:104 - 
    insert 
    into
        foobytes
        (id, i, byte_) 
    values
        (?, ?, ?)
14:16:45,760 DEBUG SQL:104 - 
    insert 
    into
        foobytes
        (id, i, byte_) 
    values
        (?, ?, ?)
14:16:45,761 DEBUG SQL:104 - 
    insert 
    into
        foo_times
        (foo_id, i, date_) 
    values
        (?, ?, ?)
14:16:45,771 DEBUG SQL:104 - 
    insert 
    into
        foo_dates
        (foo_id, i, date_) 
    values
        (?, ?, ?)
14:16:45,771 DEBUG SQL:104 - 
    insert 
    into
        foo_dates
        (foo_id, i, date_) 
    values
        (?, ?, ?)
14:16:45,771 DEBUG SQL:104 - 
    insert 
    into
        foo_dates
        (foo_id, i, date_) 
    values
        (?, ?, ?)
14:16:45,773 DEBUG SQL:104 - 
    select
        foo0_."foo_idcolumnname123" as foo1_20_8_,
        foo0_.version as version20_8_,
        foo0_.foo as foo20_8_,
        foo0_.long_ as long5_20_8_,
        foo0_."integer__" as integer6_20_8_,
        foo0_.float_ as float7_20_8_,
        foo0_.x as x20_8_,
        foo0_.double_ as double9_20_8_,
        foo0_.date_ as date10_20_8_,
        foo0_.timestamp_ as timestamp11_20_8_,
        foo0_.boolean_ as boolean12_20_8_,
        foo0_.bool_ as bool13_20_8_,
        foo0_.null_ as null14_20_8_,
        foo0_.short_ as short15_20_8_,
        foo0_.char_ as char16_20_8_,
        foo0_.zero_ as zero17_20_8_,
        foo0_.int_ as int18_20_8_,
        foo0_.string_ as string19_20_8_,
        foo0_.byte_ as byte20_20_8_,
        foo0_.yesno as yesno20_8_,
        foo0_.blobb_ as blobb22_20_8_,
        foo0_.nullBlob as nullBlob20_8_,
        foo0_.bin_ as bin24_20_8_,
        foo0_."localeayzabc123" as localea25_20_8_,
        foo0_.first_name as first26_20_8_,
        foo0_.surname as surname20_8_,
        foo0_.count_ as count28_20_8_,
        foo0_.name_ as name29_20_8_,
        foo0_.g__ as g30_20_8_,
        foo0_.cmpnt_null_ as cmpnt31_20_8_,
        foo0_.subname as subname20_8_,
        foo0_.fee_sub as fee33_20_8_,
        foo0_.null_cmpnt_ as null34_20_8_,
        foo0_1_.joinedProp as joinedProp49_8_,
        foo0_2_.dependent as dependent43_8_,
        foo0_.the_time as the35_20_8_,
        foo0_.baz as baz20_8_,
        foo0_.bar_string as bar37_20_8_,
        foo0_.bar_count as bar38_20_8_,
        foo0_.name as name20_8_,
        foo0_.clazz as clazz20_8_,
        foo0_.gen_id as gen41_20_8_,
        foo0_3_.name_name as name2_27_8_,
        foo0_.int_/2 as formula92_8_,
        foo0_."foo_subclass_1234" as foo2_20_8_,
        glarch1_.tha_key as tha1_21_0_,
        glarch1_.version as version21_0_,
        glarch1_.namecvbnmasdf as namecvbn3_21_0_,
        glarch1_.next_ as next4_21_0_,
        glarch1_.order_ as order5_21_0_,
        glarch1_.foo as foo21_0_,
        glarch1_.bar as bar21_0_,
        glarch1_.x as x21_0_,
        glarch1_.immutable as immutable21_0_,
        glarch1_."any_id_of_object" as any10_21_0_,
        glarch1_."any_class_of_object" as any11_21_0_,
        glarch1_.count_ as count12_21_0_,
        glarch1_.glarch_ as glarch13_21_0_,
        fee2_.id_ as id1_24_1_,
        fee2_.fi as fi24_1_,
        fee2_.fee as fee24_1_,
        fee2_.anotherFee as anotherFee24_1_,
        fee2_.qux as qux24_1_,
        fee2_.count_ as count6_24_1_,
        fee2_.name as name24_1_,
        fee2_.null_prop as null8_24_1_,
        fee3_.id_ as id1_24_2_,
        fee3_.fi as fi24_2_,
        fee3_.fee as fee24_2_,
        fee3_.anotherFee as anotherFee24_2_,
        fee3_.qux as qux24_2_,
        fee3_.count_ as count6_24_2_,
        fee3_.name as name24_2_,
        fee3_.null_prop as null8_24_2_,
        fee4_.id_ as id1_24_3_,
        fee4_.fi as fi24_3_,
        fee4_.fee as fee24_3_,
        fee4_.anotherFee as anotherFee24_3_,
        fee4_.qux as qux24_3_,
        fee4_.count_ as count6_24_3_,
        fee4_.name as name24_3_,
        fee4_.null_prop as null8_24_3_,
        baz5_.baz_id_column_ as baz1_28_4_,
        baz5_.count_count as count2_28_4_,
        baz5_.name_b as name3_28_4_,
        baz5_.foo as foo28_4_,
        baz5_.superBaz as superBaz28_4_,
        baz5_."str" as str6_28_4_,
        foo6_."foo_idcolumnname123" as foo1_20_5_,
        foo6_.version as version20_5_,
        foo6_.foo as foo20_5_,
        foo6_.long_ as long5_20_5_,
        foo6_."integer__" as integer6_20_5_,
        foo6_.float_ as float7_20_5_,
        foo6_.x as x20_5_,
        foo6_.double_ as double9_20_5_,
        foo6_.date_ as date10_20_5_,
        foo6_.timestamp_ as timestamp11_20_5_,
        foo6_.boolean_ as boolean12_20_5_,
        foo6_.bool_ as bool13_20_5_,
        foo6_.null_ as null14_20_5_,
        foo6_.short_ as short15_20_5_,
        foo6_.char_ as char16_20_5_,
        foo6_.zero_ as zero17_20_5_,
        foo6_.int_ as int18_20_5_,
        foo6_.string_ as string19_20_5_,
        foo6_.byte_ as byte20_20_5_,
        foo6_.yesno as yesno20_5_,
        foo6_.blobb_ as blobb22_20_5_,
        foo6_.nullBlob as nullBlob20_5_,
        foo6_.bin_ as bin24_20_5_,
        foo6_."localeayzabc123" as localea25_20_5_,
        foo6_.first_name as first26_20_5_,
        foo6_.surname as surname20_5_,
        foo6_.count_ as count28_20_5_,
        foo6_.name_ as name29_20_5_,
        foo6_.g__ as g30_20_5_,
        foo6_.cmpnt_null_ as cmpnt31_20_5_,
        foo6_.subname as subname20_5_,
        foo6_.fee_sub as fee33_20_5_,
        foo6_.null_cmpnt_ as null34_20_5_,
        foo6_1_.joinedProp as joinedProp49_5_,
        foo6_2_.dependent as dependent43_5_,
        foo6_.the_time as the35_20_5_,
        foo6_.baz as baz20_5_,
        foo6_.bar_string as bar37_20_5_,
        foo6_.bar_count as bar38_20_5_,
        foo6_.name as name20_5_,
        foo6_.clazz as clazz20_5_,
        foo6_.gen_id as gen41_20_5_,
        foo6_3_.name_name as name2_27_5_,
        foo6_.int_/2 as formula92_5_,
        foo6_."foo_subclass_1234" as foo2_20_5_,
        topglarche7_.idtopglarch as idtopgl16_28_10_,
        topglarche7_.tha_key as tha1_21_10_,
        topglarche7_.mapkey as mapkey10_,
        topglarche7_.tha_key as tha1_21_6_,
        topglarche7_.version as version21_6_,
        topglarche7_.namecvbnmasdf as namecvbn3_21_6_,
        topglarche7_.next_ as next4_21_6_,
        topglarche7_.order_ as order5_21_6_,
        topglarche7_.foo as foo21_6_,
        topglarche7_.bar as bar21_6_,
        topglarche7_.x as x21_6_,
        topglarche7_.immutable as immutable21_6_,
        topglarche7_."any_id_of_object" as any10_21_6_,
        topglarche7_."any_class_of_object" as any11_21_6_,
        topglarche7_.count_ as count12_21_6_,
        topglarche7_.glarch_ as glarch13_21_6_,
        baz8_.baz_id_column_ as baz1_28_7_,
        baz8_.count_count as count2_28_7_,
        baz8_.name_b as name3_28_7_,
        baz8_.foo as foo28_7_,
        baz8_.superBaz as superBaz28_7_,
        baz8_."str" as str6_28_7_ 
    from
        "foos" foo0_ 
    inner join
        jointable foo0_1_ 
            on foo0_."foo_idcolumnname123"=foo0_1_.fooid 
    inner join
        foo_dep_table foo0_2_ 
            on foo0_."foo_idcolumnname123"=foo0_2_.fooid 
    left outer join
        bar_join_table foo0_3_ 
            on foo0_."foo_idcolumnname123"=foo0_3_.bar_id 
    left outer join
        "glarchez" glarch1_ 
            on foo0_.g__=glarch1_.tha_key 
    inner join
        "the fees" fee2_ 
            on foo0_2_.dependent=fee2_.id_ 
    left outer join
        "the fees" fee3_ 
            on fee2_.fee=fee3_.id_ 
    left outer join
        "the fees" fee4_ 
            on fee3_.anotherFee=fee4_.id_ 
    left outer join
        baz baz5_ 
            on foo0_.baz=baz5_.baz_id_column_ 
    left outer join
        "foos" foo6_ 
            on baz5_.foo=foo6_."foo_idcolumnname123" 
    left outer join
        jointable foo6_1_ 
            on foo6_."foo_idcolumnname123"=foo6_1_.fooid 
    left outer join
        foo_dep_table foo6_2_ 
            on foo6_."foo_idcolumnname123"=foo6_2_.fooid 
    left outer join
        bar_join_table foo6_3_ 
            on foo6_."foo_idcolumnname123"=foo6_3_.bar_id 
    left outer join
        "glarchez" topglarche7_ 
            on baz5_.baz_id_column_=topglarche7_.idtopglarch 
    left outer join
        baz baz8_ 
            on baz5_.superBaz=baz8_.baz_id_column_ 
    where
        foo0_."foo_idcolumnname123" in (
            ?, ?
        ) 
        and foo0_."foo_subclass_1234" in (
            'F', 'B', 'T'
        )
14:16:45,838 DEBUG SQL:104 - 
    select
        proxyarray0_.array_key as array20_21_1_,
        proxyarray0_.tha_key as tha1_21_1_,
        proxyarray0_.array_indecks as array21_1_,
        proxyarray0_.tha_key as tha1_21_0_,
        proxyarray0_.version as version21_0_,
        proxyarray0_.namecvbnmasdf as namecvbn3_21_0_,
        proxyarray0_.next_ as next4_21_0_,
        proxyarray0_.order_ as order5_21_0_,
        proxyarray0_.foo as foo21_0_,
        proxyarray0_.bar as bar21_0_,
        proxyarray0_.x as x21_0_,
        proxyarray0_.immutable as immutable21_0_,
        proxyarray0_."any_id_of_object" as any10_21_0_,
        proxyarray0_."any_class_of_object" as any11_21_0_,
        proxyarray0_.count_ as count12_21_0_,
        proxyarray0_.glarch_ as glarch13_21_0_ 
    from
        "glarchez" proxyarray0_ 
    where
        proxyarray0_.array_key=?
14:16:45,839 DEBUG SQL:104 - 
    select
        bytes0_.id as id20_0_,
        bytes0_.byte_ as byte2_45_0_,
        bytes0_.i as i0_ 
    from
        foobytes bytes0_ 
    where
        bytes0_.id=?
14:16:45,859 DEBUG SQL:104 - 
    select
        importantd0_.foo_id as foo1_20_0_,
        importantd0_.date_ as date2_44_0_,
        importantd0_.i as i0_ 
    from
        foo_times importantd0_ 
    where
        importantd0_.foo_id=?
14:16:45,860 DEBUG SQL:104 - 
    select
        fee0_.id_ as id1_24_2_,
        fee0_.fi as fi24_2_,
        fee0_.fee as fee24_2_,
        fee0_.anotherFee as anotherFee24_2_,
        fee0_.qux as qux24_2_,
        fee0_.count_ as count6_24_2_,
        fee0_.name as name24_2_,
        fee0_.null_prop as null8_24_2_,
        fee1_.id_ as id1_24_0_,
        fee1_.fi as fi24_0_,
        fee1_.fee as fee24_0_,
        fee1_.anotherFee as anotherFee24_0_,
        fee1_.qux as qux24_0_,
        fee1_.count_ as count6_24_0_,
        fee1_.name as name24_0_,
        fee1_.null_prop as null8_24_0_,
        fee2_.id_ as id1_24_1_,
        fee2_.fi as fi24_1_,
        fee2_.fee as fee24_1_,
        fee2_.anotherFee as anotherFee24_1_,
        fee2_.qux as qux24_1_,
        fee2_.count_ as count6_24_1_,
        fee2_.name as name24_1_,
        fee2_.null_prop as null8_24_1_ 
    from
        "the fees" fee0_ 
    left outer join
        "the fees" fee1_ 
            on fee0_.fee=fee1_.id_ 
    left outer join
        "the fees" fee2_ 
            on fee1_.anotherFee=fee2_.id_ 
    where
        fee0_.id_=?
14:16:45,870 DEBUG SQL:104 - 
    select
        importantd0_.foo_id as foo1_20_0_,
        importantd0_.date_ as date2_42_0_,
        importantd0_.i as i0_ 
    from
        foo_dates importantd0_ 
    where
        importantd0_.foo_id=?
14:16:45,871 DEBUG SQL:104 - 
    select
        proxyarray0_.array_key as array20_21_1_,
        proxyarray0_.tha_key as tha1_21_1_,
        proxyarray0_.array_indecks as array21_1_,
        proxyarray0_.tha_key as tha1_21_0_,
        proxyarray0_.version as version21_0_,
        proxyarray0_.namecvbnmasdf as namecvbn3_21_0_,
        proxyarray0_.next_ as next4_21_0_,
        proxyarray0_.order_ as order5_21_0_,
        proxyarray0_.foo as foo21_0_,
        proxyarray0_.bar as bar21_0_,
        proxyarray0_.x as x21_0_,
        proxyarray0_.immutable as immutable21_0_,
        proxyarray0_."any_id_of_object" as any10_21_0_,
        proxyarray0_."any_class_of_object" as any11_21_0_,
        proxyarray0_.count_ as count12_21_0_,
        proxyarray0_.glarch_ as glarch13_21_0_ 
    from
        "glarchez" proxyarray0_ 
    where
        proxyarray0_.array_key=?
14:16:45,880 DEBUG SQL:104 - 
    select
        bytes0_.id as id20_0_,
        bytes0_.byte_ as byte2_45_0_,
        bytes0_.i as i0_ 
    from
        foobytes bytes0_ 
    where
        bytes0_.id=?
14:16:45,880 DEBUG SQL:104 - 
    select
        importantd0_.foo_id as foo1_20_0_,
        importantd0_.date_ as date2_44_0_,
        importantd0_.i as i0_ 
    from
        foo_times importantd0_ 
    where
        importantd0_.foo_id=?
14:16:45,890 DEBUG SQL:104 - 
    select
        fee0_.id_ as id1_24_2_,
        fee0_.fi as fi24_2_,
        fee0_.fee as fee24_2_,
        fee0_.anotherFee as anotherFee24_2_,
        fee0_.qux as qux24_2_,
        fee0_.count_ as count6_24_2_,
        fee0_.name as name24_2_,
        fee0_.null_prop as null8_24_2_,
        fee1_.id_ as id1_24_0_,
        fee1_.fi as fi24_0_,
        fee1_.fee as fee24_0_,
        fee1_.anotherFee as anotherFee24_0_,
        fee1_.qux as qux24_0_,
        fee1_.count_ as count6_24_0_,
        fee1_.name as name24_0_,
        fee1_.null_prop as null8_24_0_,
        fee2_.id_ as id1_24_1_,
        fee2_.fi as fi24_1_,
        fee2_.fee as fee24_1_,
        fee2_.anotherFee as anotherFee24_1_,
        fee2_.qux as qux24_1_,
        fee2_.count_ as count6_24_1_,
        fee2_.name as name24_1_,
        fee2_.null_prop as null8_24_1_ 
    from
        "the fees" fee0_ 
    left outer join
        "the fees" fee1_ 
            on fee0_.fee=fee1_.id_ 
    left outer join
        "the fees" fee2_ 
            on fee1_.anotherFee=fee2_.id_ 
    where
        fee0_.id_=?
14:16:45,901 DEBUG SQL:104 - 
    select
        importantd0_.foo_id as foo1_20_0_,
        importantd0_.date_ as date2_42_0_,
        importantd0_.i as i0_ 
    from
        foo_dates importantd0_ 
    where
        importantd0_.foo_id=?
14:16:45,902 DEBUG SQL:104 - 
    select
        fees0_.fee_id as fee1_24_0_,
        fees0_.str_ as str2_18_0_ 
    from
        "fees" fees0_ 
    where
        fees0_.fee_id=?
14:16:45,912 DEBUG SQL:104 - 
    select
        fees0_.fee_id as fee1_24_0_,
        fees0_.str_ as str2_18_0_ 
    from
        "fees" fees0_ 
    where
        fees0_.fee_id=?
14:16:45,913 DEBUG SQL:104 - 
    select
        proxyset0_.set_key as set22_21_1_,
        proxyset0_.tha_key as tha1_21_1_,
        proxyset0_.tha_key as tha1_21_0_,
        proxyset0_.version as version21_0_,
        proxyset0_.namecvbnmasdf as namecvbn3_21_0_,
        proxyset0_.next_ as next4_21_0_,
        proxyset0_.order_ as order5_21_0_,
        proxyset0_.foo as foo21_0_,
        proxyset0_.bar as bar21_0_,
        proxyset0_.x as x21_0_,
        proxyset0_.immutable as immutable21_0_,
        proxyset0_."any_id_of_object" as any10_21_0_,
        proxyset0_."any_class_of_object" as any11_21_0_,
        proxyset0_.count_ as count12_21_0_,
        proxyset0_.glarch_ as glarch13_21_0_ 
    from
        "glarchez" proxyset0_ 
    where
        proxyset0_.set_key=?
14:16:45,913 DEBUG SQL:104 - 
    select
        strings0_.glarch_key as glarch1_21_0_,
        strings0_."tha_stryng" as tha2_23_0_,
        strings0_."indx_" as indx3_0_ 
    from
        "strings" strings0_ 
    where
        strings0_.glarch_key=?
14:16:45,923 DEBUG SQL:104 - 
    select
        fees0_.fee_id as fee1_24_0_,
        fees0_.str_ as str2_18_0_ 
    from
        "fees" fees0_ 
    where
        fees0_.fee_id=?
14:16:45,924 DEBUG SQL:104 - 
    select
        fees0_.fee_id as fee1_24_0_,
        fees0_.str_ as str2_18_0_ 
    from
        "fees" fees0_ 
    where
        fees0_.fee_id=?
14:16:45,924 DEBUG SQL:104 - 
    select
        proxyset0_.set_key as set22_21_1_,
        proxyset0_.tha_key as tha1_21_1_,
        proxyset0_.tha_key as tha1_21_0_,
        proxyset0_.version as version21_0_,
        proxyset0_.namecvbnmasdf as namecvbn3_21_0_,
        proxyset0_.next_ as next4_21_0_,
        proxyset0_.order_ as order5_21_0_,
        proxyset0_.foo as foo21_0_,
        proxyset0_.bar as bar21_0_,
        proxyset0_.x as x21_0_,
        proxyset0_.immutable as immutable21_0_,
        proxyset0_."any_id_of_object" as any10_21_0_,
        proxyset0_."any_class_of_object" as any11_21_0_,
        proxyset0_.count_ as count12_21_0_,
        proxyset0_.glarch_ as glarch13_21_0_ 
    from
        "glarchez" proxyset0_ 
    where
        proxyset0_.set_key=?
14:16:45,935 DEBUG SQL:104 - 
    select
        strings0_.glarch_key as glarch1_21_0_,
        strings0_."tha_stryng" as tha2_23_0_,
        strings0_."indx_" as indx3_0_ 
    from
        "strings" strings0_ 
    where
        strings0_.glarch_key=?
14:16:45,936  INFO FailureExpectedHandler:73 - Ignoring expected failure [{}] : {}
14:16:45,937  INFO Dialect:103 - HHH000400: Using dialect: org.hibernate.dialect.H2Dialect
14:16:45,938  INFO Configuration:706 - HHH000221: Reading mappings from resource: org/hibernate/test/legacy/ParentChild.hbm.xml
14:16:45,942  INFO Configuration:706 - HHH000221: Reading mappings from resource: org/hibernate/test/legacy/FooBar.hbm.xml
14:16:45,948  INFO Configuration:706 - HHH000221: Reading mappings from resource: org/hibernate/test/legacy/Baz.hbm.xml
14:16:45,955  INFO Configuration:706 - HHH000221: Reading mappings from resource: org/hibernate/test/legacy/Qux.hbm.xml
14:16:45,959  INFO Configuration:706 - HHH000221: Reading mappings from resource: org/hibernate/test/legacy/Glarch.hbm.xml
14:16:45,963  INFO Configuration:706 - HHH000221: Reading mappings from resource: org/hibernate/test/legacy/Fum.hbm.xml
14:16:45,967  INFO Configuration:706 - HHH000221: Reading mappings from resource: org/hibernate/test/legacy/Fumm.hbm.xml
14:16:45,970  INFO Configuration:706 - HHH000221: Reading mappings from resource: org/hibernate/test/legacy/Fo.hbm.xml
14:16:45,973  INFO Configuration:706 - HHH000221: Reading mappings from resource: org/hibernate/test/legacy/One.hbm.xml
14:16:45,977  INFO Configuration:706 - HHH000221: Reading mappings from resource: org/hibernate/test/legacy/Many.hbm.xml
14:16:45,980  INFO Configuration:706 - HHH000221: Reading mappings from resource: org/hibernate/test/legacy/Immutable.hbm.xml
14:16:46,019  INFO Configuration:706 - HHH000221: Reading mappings from resource: org/hibernate/test/legacy/Fee.hbm.xml
14:16:46,023  INFO Configuration:706 - HHH000221: Reading mappings from resource: org/hibernate/test/legacy/Vetoer.hbm.xml
14:16:46,028  INFO Configuration:706 - HHH000221: Reading mappings from resource: org/hibernate/test/legacy/Holder.hbm.xml
14:16:46,035  INFO Configuration:706 - HHH000221: Reading mappings from resource: org/hibernate/test/legacy/Simple.hbm.xml
14:16:46,039  INFO Configuration:706 - HHH000221: Reading mappings from resource: org/hibernate/test/legacy/Container.hbm.xml
14:16:46,046  INFO Configuration:706 - HHH000221: Reading mappings from resource: org/hibernate/test/legacy/Circular.hbm.xml
14:16:46,051  INFO Configuration:706 - HHH000221: Reading mappings from resource: org/hibernate/test/legacy/Stuff.hbm.xml
14:16:46,076  INFO DriverManagerConnectionProviderImpl:99 - HHH000402: Using Hibernate built-in connection pool (not for production use!)
14:16:46,077  INFO DriverManagerConnectionProviderImpl:135 - HHH000115: Hibernate connection pool size: 5
14:16:46,077  INFO DriverManagerConnectionProviderImpl:138 - HHH000006: Autocommit mode: false
14:16:46,077  INFO DriverManagerConnectionProviderImpl:153 - HHH000401: using driver [org.h2.Driver] at URL [jdbc:h2:mem:db1;DB_CLOSE_DELAY=-1;MVCC=TRUE]
14:16:46,078  INFO DriverManagerConnectionProviderImpl:158 - HHH000046: Connection properties: {user=sa}
14:16:46,079  INFO Dialect:103 - HHH000400: Using dialect: org.hibernate.dialect.H2Dialect
14:16:46,079  INFO LobCreatorBuilder:94 - HHH000423: Disabling contextual LOB creation as JDBC driver reported JDBC version [3] less than 4
14:16:46,080  INFO TransactionFactoryInitiator:66 - HHH000399: Using default transaction strategy (direct JDBC transactions)
14:16:46,080  WARN CachingRegionFactory:58 - CachingRegionFactory should be only used for testing.
14:16:46,223  INFO SchemaExport:343 - HHH000227: Running hbm2ddl schema export
14:16:46,224 DEBUG SchemaExport:353 - Import file not found: /import.sql
14:16:46,224 DEBUG SQL:104 - 
    alter table CCBAG 
        drop constraint FK3CF9B8894011F0B
14:16:46,224 DEBUG SQL:104 - 
    alter table CCBAG 
        drop constraint FK3CF9B8894077C4B
14:16:46,224 DEBUG SQL:104 - 
    alter table Child 
        drop constraint parentfk
14:16:46,225 DEBUG SQL:104 - 
    alter table Circular 
        drop constraint FKAA8F6ABFF08A955E
14:16:46,225 DEBUG SQL:104 - 
    alter table FOO_ARRAY 
        drop constraint FK92165960DED2B87D
14:16:46,225 DEBUG SQL:104 - 
    alter table FOO_ARRAY 
        drop constraint FK92165960DED2B1B0
14:16:46,225 DEBUG SQL:104 - 
    alter table Fum 
        drop constraint FK1155E3BB9E3A0
14:16:46,226 DEBUG SQL:104 - 
    alter table Fum 
        drop constraint FK1155EA64DB02B
14:16:46,226 DEBUG SQL:104 - 
    alter table Fum 
        drop constraint FK1155EB222E1DE
14:16:46,226 DEBUG SQL:104 - 
    alter table Fum 
        drop constraint FK1155ECFEFBDAD
14:16:46,226 DEBUG SQL:104 - 
    alter table Fumm 
        drop constraint FK2196CF3E81E0B1
14:16:46,226 DEBUG SQL:104 - 
    alter table Holder 
        drop constraint FK812BB9CC3939BDD7
14:16:46,227 DEBUG SQL:104 - 
    alter table LCCBAG 
        drop constraint FK857FEABC94011F0B
14:16:46,227 DEBUG SQL:104 - 
    alter table LCCBAG 
        drop constraint FK857FEABC94077C4B
14:16:46,227 DEBUG SQL:104 - 
    alter table Part 
        drop constraint FK25D813DED29727
14:16:46,227 DEBUG SQL:104 - 
    alter table Simple 
        drop constraint FK939D1DD2939BE031
14:16:46,228 DEBUG SQL:104 - 
    alter table Simple 
        drop constraint FK939D1DD289A21C6A
14:16:46,228 DEBUG SQL:104 - 
    alter table Sortable 
        drop constraint FK66EDF018DED29727
14:16:46,228 DEBUG SQL:104 - 
    alter table Stuff 
        drop constraint FK4C81DD4DED2B87D
14:16:46,228 DEBUG SQL:104 - 
    alter table Stuff 
        drop constraint FK4C81DD41B15BDF0
14:16:46,228 DEBUG SQL:104 - 
    alter table "bxaxg" 
        drop constraint FK59D06FACB5DD78C
14:16:46,229 DEBUG SQL:104 - 
    alter table "fees" 
        drop constraint FK2FE5AD929E1AEB
14:16:46,229 DEBUG SQL:104 - 
    alter table "fooComponents" 
        drop constraint FK498B2C7CDED2B5FD
14:16:46,229 DEBUG SQL:104 - 
    alter table "fooComponents" 
        drop constraint FK498B2C7CE90DED05
14:16:46,229 DEBUG SQL:104 - 
    alter table "foos" 
        drop constraint FK300C6DDED2B87D
14:16:46,229 DEBUG SQL:104 - 
    alter table "foos" 
        drop constraint FK300C6D78F5A0B1
14:16:46,230 DEBUG SQL:104 - 
    alter table "foos" 
        drop constraint FK300C6DA4A2707E
14:16:46,230 DEBUG SQL:104 - 
    alter table "foos" 
        drop constraint FK300C6DDED29727
14:16:46,230 DEBUG SQL:104 - 
    alter table "foos" 
        drop constraint FK300C6D800DF629
14:16:46,230 DEBUG SQL:104 - 
    alter table "foos" 
        drop constraint FK300C6D8B9BD6CB
14:16:46,231 DEBUG SQL:104 - 
    alter table "foos" 
        drop constraint FK300C6DF05E6685
14:16:46,231 DEBUG SQL:104 - 
    alter table "foos" 
        drop constraint FK300C6D423011B5
14:16:46,231 DEBUG SQL:104 - 
    alter table "foos" 
        drop constraint FK300C6D601671B4
14:16:46,231 DEBUG SQL:104 - 
    alter table "foos" 
        drop constraint FK300C6DBBEAE520
14:16:46,232 DEBUG SQL:104 - 
    alter table "foos" 
        drop constraint FK300C6DBBEAE521
14:16:46,232 DEBUG SQL:104 - 
    alter table "glarchez" 
        drop constraint FKC8B52CB07F31E5F6
14:16:46,232 DEBUG SQL:104 - 
    alter table "glarchez" 
        drop constraint FKC8B52CB095284B1
14:16:46,232 DEBUG SQL:104 - 
    alter table "glarchez" 
        drop constraint FKC8B52CB010E640D1
14:16:46,233 DEBUG SQL:104 - 
    alter table "glarchez" 
        drop constraint FKC8B52CB071902CA1
14:16:46,233 DEBUG SQL:104 - 
    alter table "glarchez" 
        drop constraint FKC8B52CB07327568E
14:16:46,233 DEBUG SQL:104 - 
    alter table "glarchez" 
        drop constraint FKC8B52CB0240A7DA3
14:16:46,233 DEBUG SQL:104 - 
    alter table "glarchez" 
        drop constraint FKC8B52CB0EF499B2C
14:16:46,234 DEBUG SQL:104 - 
    alter table "importantDates" 
        drop constraint FKF777B383DED1281F
14:16:46,234 DEBUG SQL:104 - 
    alter table "strings" 
        drop constraint FK8FD6A282E90DED05
14:16:46,234 DEBUG SQL:104 - 
    alter table "the fees" 
        drop constraint FK3DDCB3FCDED2B5FD
14:16:46,234 DEBUG SQL:104 - 
    alter table "the fees" 
        drop constraint FK3DDCB3FCDE3EAC1A
14:16:46,234 DEBUG SQL:104 - 
    alter table "the fees" 
        drop constraint FK3DDCB3FCDED30C99
14:16:46,235 DEBUG SQL:104 - 
    alter table "the fees" 
        drop constraint FK3DDCB3FCE4640982
14:16:46,235 DEBUG SQL:104 - 
    alter table abcd 
        drop constraint FK2D9442578192D3
14:16:46,235 DEBUG SQL:104 - 
    alter table abcd 
        drop constraint FK2D9442DED2FBBD
14:16:46,235 DEBUG SQL:104 - 
    alter table abcd 
        drop constraint FK2D9442FB8A4BED
14:16:46,236 DEBUG SQL:104 - 
    alter table abcd 
        drop constraint FK2D944294077C4B
14:16:46,236 DEBUG SQL:104 - 
    alter table anyToAny 
        drop constraint FKEA8D06E5DED29727
14:16:46,236 DEBUG SQL:104 - 
    alter table bar_join_table 
        drop constraint FKF39114258B9833CB
14:16:46,236 DEBUG SQL:104 - 
    alter table baz 
        drop constraint FK17C1BDED2B87D
14:16:46,237 DEBUG SQL:104 - 
    alter table baz 
        drop constraint FK17C1B7B14B1CC
14:16:46,237 DEBUG SQL:104 - 
    alter table baz 
        drop constraint FK17C1B8B9B1B19
14:16:46,237 DEBUG SQL:104 - 
    alter table baz_byte_bag 
        drop constraint FK5DC16BF5DED29727
14:16:46,237 DEBUG SQL:104 - 
    alter table baz_floats_bag 
        drop constraint FK8687FC04601671B4
14:16:46,238 DEBUG SQL:104 - 
    alter table baz_foo 
        drop constraint FKEC8CB2A2DED2B87D
14:16:46,238 DEBUG SQL:104 - 
    alter table baz_foo 
        drop constraint FKEC8CB2A2DED29727
14:16:46,238 DEBUG SQL:104 - 
    alter table baz_id_foo 
        drop constraint FK8DA58046DED2B87D
14:16:46,238 DEBUG SQL:104 - 
    alter table baz_id_foo 
        drop constraint FK8DA58046DED29727
14:16:46,239 DEBUG SQL:104 - 
    alter table bazcomponents 
        drop constraint FK12C9D9718B9BD6CB
14:16:46,239 DEBUG SQL:104 - 
    alter table cached_map 
        drop constraint FK1F8B4BFDED29727
14:16:46,239 DEBUG SQL:104 - 
    alter table cached_map 
        drop constraint FK1F8B4BFCD1093EB
14:16:46,239 DEBUG SQL:104 - 
    alter table cached_set 
        drop constraint FK1F8CBC5DED29727
14:16:46,239 DEBUG SQL:104 - 
    alter table components 
        drop constraint FKE5548316578192D3
14:16:46,240 DEBUG SQL:104 - 
    alter table components 
        drop constraint FKE5548316DED2FBBD
14:16:46,240 DEBUG SQL:104 - 
    alter table components 
        drop constraint FKE5548316FB8A4BED
14:16:46,240 DEBUG SQL:104 - 
    alter table components 
        drop constraint FKE554831694077C4B
14:16:46,240 DEBUG SQL:104 - 
    alter table composites 
        drop constraint FKE59CDECC578192D3
14:16:46,241 DEBUG SQL:104 - 
    alter table composites 
        drop constraint FKE59CDECCDED2FBBD
14:16:46,241 DEBUG SQL:104 - 
    alter table composites 
        drop constraint FKE59CDECCFB8A4BED
14:16:46,241 DEBUG SQL:104 - 
    alter table composites 
        drop constraint FKE59CDECC94077C4B
14:16:46,241 DEBUG SQL:104 - 
    alter table customs 
        drop constraint FK433AE322DED2B1B0
14:16:46,242 DEBUG SQL:104 - 
    alter table fooComponentToFoo 
        drop constraint FKFD673FB4932F92EB
14:16:46,242 DEBUG SQL:104 - 
    alter table fooComponentToFoo 
        drop constraint FKFD673FB48B9BD6CB
14:16:46,242 DEBUG SQL:104 - 
    alter table fooToGlarch 
        drop constraint FKDA19FFCC6E46349
14:16:46,242 DEBUG SQL:104 - 
    alter table fooToGlarch 
        drop constraint FKDA19FFC8B9BD6CB
14:16:46,243 DEBUG SQL:104 - 
    alter table fooToGlarch 
        drop constraint FKDA19FFC932F92EB
14:16:46,243 DEBUG SQL:104 - 
    alter table foo_dates 
        drop constraint FKB585C9CC932F92EB
14:16:46,243 DEBUG SQL:104 - 
    alter table foo_dep_table 
        drop constraint FK489E6365E4A2AC18
14:16:46,244 DEBUG SQL:104 - 
    alter table foo_dep_table 
        drop constraint FK489E63659CB3B576
14:16:46,244 DEBUG SQL:104 - 
    alter table foo_times 
        drop constraint FKB66ACA8D932F92EB
14:16:46,244 DEBUG SQL:104 - 
    alter table foobytes 
        drop constraint FK16933F65DED138D2
14:16:46,244 DEBUG SQL:104 - 
    alter table fums 
        drop constraint FK3022B5AAB22AAB
14:16:46,245 DEBUG SQL:104 - 
    alter table fums 
        drop constraint FK3022B5A64DB02B
14:16:46,245 DEBUG SQL:104 - 
    alter table int_array 
        drop constraint FK12CE7E09DED12827
14:16:46,245 DEBUG SQL:104 - 
    alter table jointable 
        drop constraint FKE3AC08E4E4A2AC18
14:16:46,245 DEBUG SQL:104 - 
    alter table many 
        drop constraint FK33065F9016265D
14:16:46,245 DEBUG SQL:104 - 
    alter table manyToAny 
        drop constraint FKBB04A52DED29727
14:16:46,246 DEBUG SQL:104 - 
    alter table manyToMany 
        drop constraint FK6A5E42B98D4AE9CE
14:16:46,246 DEBUG SQL:104 - 
    alter table manyToMany 
        drop constraint FK6A5E42B989A21C6B
14:16:46,246 DEBUG SQL:104 - 
    alter table moreParts 
        drop constraint FK6B3ABC8BFB8D0715
14:16:46,246 DEBUG SQL:104 - 
    alter table moreParts 
        drop constraint FK6B3ABC8BDED29727
14:16:46,247 DEBUG SQL:104 - 
    alter table one 
        drop constraint FK1AE66329ECAC7
14:16:46,247 DEBUG SQL:104 - 
    alter table quux 
        drop constraint FK3523C7DED2B87D
14:16:46,247 DEBUG SQL:104 - 
    alter table quux 
        drop constraint FK3523C7AB390E59
14:16:46,247 DEBUG SQL:104 - 
    alter table quux 
        drop constraint FK3523C7CFEFBDAD
14:16:46,248 DEBUG SQL:104 - 
    alter table stringArray 
        drop constraint FKA45284C8DED2B1B0
14:16:46,248 DEBUG SQL:104 - 
    alter table stringDateMap 
        drop constraint FK5B92297DDED2B1B0
14:16:46,248 DEBUG SQL:104 - 
    alter table stringSet 
        drop constraint FKF4B79E91DED2B1B0
14:16:46,248 DEBUG SQL:104 - 
    alter table string_list 
        drop constraint FKA5F66C0CDED12827
14:16:46,249 DEBUG SQL:104 - 
    alter table stringmap 
        drop constraint FKF4B7FFABCFEFBDAD
14:16:46,249 DEBUG SQL:104 - 
    alter table ternaryMap 
        drop constraint FKD97F3881DED2B87D
14:16:46,249 DEBUG SQL:104 - 
    alter table ternaryMap 
        drop constraint FKD97F38812ED6F4E5
14:16:46,249 DEBUG SQL:104 - 
    alter table ternaryMap 
        drop constraint FKD97F388194077C4B
14:16:46,249 DEBUG SQL:104 - 
    alter table ternarySet 
        drop constraint FKD97F4F87DED2B87D
14:16:46,250 DEBUG SQL:104 - 
    alter table ternarySet 
        drop constraint FKD97F4F872ED6F4E5
14:16:46,250 DEBUG SQL:104 - 
    alter table ternarySet 
        drop constraint FKD97F4F8794077C4B
14:16:46,250 DEBUG SQL:104 - 
    alter table timeArray 
        drop constraint FK87E78C8B9BD6CB
14:16:46,250 DEBUG SQL:104 - 
    alter table topcomponents 
        drop constraint FK72C85E2BDED2B1B0
14:16:46,251 DEBUG SQL:104 - 
    drop table CCBAG if exists
14:16:46,251 DEBUG SQL:104 - 
    drop table Child if exists
14:16:46,251 DEBUG SQL:104 - 
    drop table Circular if exists
14:16:46,251 DEBUG SQL:104 - 
    drop table Contained if exists
14:16:46,252 DEBUG SQL:104 - 
    drop table Container if exists
14:16:46,252 DEBUG SQL:104 - 
    drop table FOO_ARRAY if exists
14:16:46,252 DEBUG SQL:104 - 
    drop table Fum if exists
14:16:46,253 DEBUG SQL:104 - 
    drop table Fumm if exists
14:16:46,253 DEBUG SQL:104 - 
    drop table Holder if exists
14:16:46,253 DEBUG SQL:104 - 
    drop table LCCBAG if exists
14:16:46,253 DEBUG SQL:104 - 
    drop table MoreStuff if exists
14:16:46,253 DEBUG SQL:104 - 
    drop table Parent if exists
14:16:46,254 DEBUG SQL:104 - 
    drop table Part if exists
14:16:46,254 DEBUG SQL:104 - 
    drop table Simple if exists
14:16:46,255 DEBUG SQL:104 - 
    drop table Sortable if exists
14:16:46,256 DEBUG SQL:104 - 
    drop table Stuff if exists
14:16:46,256 DEBUG SQL:104 - 
    drop table Vetoer if exists
14:16:46,256 DEBUG SQL:104 - 
    drop table "bxaxg" if exists
14:16:46,256 DEBUG SQL:104 - 
    drop table "fees" if exists
14:16:46,257 DEBUG SQL:104 - 
    drop table "fooComponents" if exists
14:16:46,257 DEBUG SQL:104 - 
    drop table "foos" if exists
14:16:46,257 DEBUG SQL:104 - 
    drop table "glarchez" if exists
14:16:46,257 DEBUG SQL:104 - 
    drop table "importantDates" if exists
14:16:46,257 DEBUG SQL:104 - 
    drop table "strings" if exists
14:16:46,258 DEBUG SQL:104 - 
    drop table "the fees" if exists
14:16:46,258 DEBUG SQL:104 - 
    drop table abcd if exists
14:16:46,258 DEBUG SQL:104 - 
    drop table anyToAny if exists
14:16:46,258 DEBUG SQL:104 - 
    drop table bar_join_table if exists
14:16:46,259 DEBUG SQL:104 - 
    drop table baz if exists
14:16:46,259 DEBUG SQL:104 - 
    drop table baz_byte_bag if exists
14:16:46,259 DEBUG SQL:104 - 
    drop table baz_floats_bag if exists
14:16:46,259 DEBUG SQL:104 - 
    drop table baz_foo if exists
14:16:46,259 DEBUG SQL:104 - 
    drop table baz_id_foo if exists
14:16:46,260 DEBUG SQL:104 - 
    drop table bazcomponents if exists
14:16:46,260 DEBUG SQL:104 - 
    drop table cached_map if exists
14:16:46,260 DEBUG SQL:104 - 
    drop table cached_set if exists
14:16:46,260 DEBUG SQL:104 - 
    drop table components if exists
14:16:46,261 DEBUG SQL:104 - 
    drop table composites if exists
14:16:46,261 DEBUG SQL:104 - 
    drop table customs if exists
14:16:46,261 DEBUG SQL:104 - 
    drop table foes if exists
14:16:46,261 DEBUG SQL:104 - 
    drop table fooComponentToFoo if exists
14:16:46,261 DEBUG SQL:104 - 
    drop table fooToGlarch if exists
14:16:46,262 DEBUG SQL:104 - 
    drop table foo_dates if exists
14:16:46,262 DEBUG SQL:104 - 
    drop table foo_dep_table if exists
14:16:46,262 DEBUG SQL:104 - 
    drop table foo_times if exists
14:16:46,262 DEBUG SQL:104 - 
    drop table foobytes if exists
14:16:46,263 DEBUG SQL:104 - 
    drop table fums if exists
14:16:46,263 DEBUG SQL:104 - 
    drop table immut if exists
14:16:46,263 DEBUG SQL:104 - 
    drop table int_array if exists
14:16:46,263 DEBUG SQL:104 - 
    drop table jointable if exists
14:16:46,263 DEBUG SQL:104 - 
    drop table many if exists
14:16:46,264 DEBUG SQL:104 - 
    drop table manyToAny if exists
14:16:46,264 DEBUG SQL:104 - 
    drop table manyToMany if exists
14:16:46,264 DEBUG SQL:104 - 
    drop table moreParts if exists
14:16:46,264 DEBUG SQL:104 - 
    drop table one if exists
14:16:46,265 DEBUG SQL:104 - 
    drop table quux if exists
14:16:46,265 DEBUG SQL:104 - 
    drop table stringArray if exists
14:16:46,265 DEBUG SQL:104 - 
    drop table stringDateMap if exists
14:16:46,265 DEBUG SQL:104 - 
    drop table stringSet if exists
14:16:46,265 DEBUG SQL:104 - 
    drop table string_list if exists
14:16:46,266 DEBUG SQL:104 - 
    drop table stringmap if exists
14:16:46,266 DEBUG SQL:104 - 
    drop table ternaryMap if exists
14:16:46,267 DEBUG SQL:104 - 
    drop table ternarySet if exists
14:16:46,267 DEBUG SQL:104 - 
    drop table timeArray if exists
14:16:46,268 DEBUG SQL:104 - 
    drop table topcomponents if exists
14:16:46,268 DEBUG SQL:104 - 
    drop table hibernate_unique_key if exists
14:16:46,268 DEBUG SQL:104 - 
    create table CCBAG (
        container_id bigint not null,
        contained_id bigint not null
    )
14:16:46,268 DEBUG SQL:104 - 
    create table Child (
        id bigint not null,
        x integer,
        count_ integer,
        primary key (id)
    )
14:16:46,269 DEBUG SQL:104 - 
    create table Circular (
        id_ varchar(64) not null,
        clazz varchar(255),
        other varchar(64),
        classname varchar(255),
        any_id binary(255),
        primary key (id_)
    )
14:16:46,269 DEBUG SQL:104 - 
    create table Contained (
        container_id bigint generated by default as identity,
        primary key (container_id)
    )
14:16:46,269 DEBUG SQL:104 - 
    create table Container (
        container_id bigint generated by default as identity,
        primary key (container_id)
    )
14:16:46,270 DEBUG SQL:104 - 
    create table FOO_ARRAY (
        id_ varchar(32) not null,
        foo varchar(36) not null,
        i integer not null,
        primary key (id_, i),
        check (i>=0)
    )
14:16:46,270 DEBUG SQL:104 - 
    create table Fum (
        string_ varchar(10) not null,
        short_ smallint not null,
        date_ date not null,
        vid smallint not null,
        fum varchar(255) not null,
        TString varchar(255),
        fo_string varchar(10),
        fo_short smallint,
        fo_date date,
        count_ integer,
        qux_id bigint,
        posn integer,
        fr_string_ varchar(10),
        fr_short_ smallint,
        fr_date_ date,
        fum_str_ varchar(10),
        fum_sho_ smallint,
        fum_dat_ date,
        fummapindex varchar(255),
        primary key (string_, short_, date_)
    )
14:16:46,270 DEBUG SQL:104 - 
    create table Fumm (
        string_ varchar(10) not null,
        short_ smallint not null,
        date_ date not null,
        locale varchar(255),
        primary key (string_, short_, date_)
    )
14:16:46,271 DEBUG SQL:104 - 
    create table Holder (
        id_ varchar(32) not null,
        name varchar(36) not null,
        otherHolder varchar(255),
        primary key (id_)
    )
14:16:46,271 DEBUG SQL:104 - 
    create table LCCBAG (
        container_id bigint not null,
        contained_id bigint not null
    )
14:16:46,271 DEBUG SQL:104 - 
    create table MoreStuff (
        intId integer not null,
        stringId varchar(32) not null,
        name varchar(255),
        primary key (intId, stringId)
    )
14:16:46,272 DEBUG SQL:104 - 
    create table Parent (
        id bigint generated by default as identity,
        x integer,
        count_ integer,
        any_id varchar(255),
        any_class binary(255),
        primary key (id)
    )
14:16:46,272 DEBUG SQL:104 - 
    create table Part (
        id bigint generated by default as identity,
        clazz varchar(255) not null,
        description varchar(255),
        baz varchar(32),
        primary key (id)
    )
14:16:46,272 DEBUG SQL:104 - 
    create table Simple (
        id_ bigint not null,
        name varchar(255),
        address varchar(255),
        count_ integer not null,
        date_ timestamp,
        pay float,
        other bigint,
        container_id1 bigint,
        list_index integer,
        primary key (id_)
    )
14:16:46,273 DEBUG SQL:104 - 
    create table Sortable (
        id integer generated by default as identity,
        name varchar(255),
        baz varchar(32),
        primary key (id)
    )
14:16:46,273 DEBUG SQL:104 - 
    create table Stuff (
        id bigint not null,
        foo varchar(36) not null,
        moreInt integer not null,
        moreString varchar(32) not null,
        property varchar(255),
        primary key (id, foo, moreInt, moreString)
    )
14:16:46,273 DEBUG SQL:104 - 
    create table Vetoer (
        id_ varchar(32) not null,
        name varchar(255),
        strings binary(255),
        primary key (id_)
    )
14:16:46,278 DEBUG SQL:104 - 
    create table "bxaxg" (
        "baz_id_" varchar(32) not null,
        "name_" varchar(255)
    )
14:16:46,278 DEBUG SQL:104 - 
    create table "fees" (
        fee_id varchar(64) not null,
        str_ varchar(255) not null,
        primary key (fee_id, str_)
    )
14:16:46,279 DEBUG SQL:104 - 
    create table "fooComponents" (
        glarch_key varchar(32) not null,
        name_ varchar(255),
        count_ integer,
        x_ varchar(255),
        y_ integer,
        fee varchar(64),
        tha_indecks integer not null,
        primary key (glarch_key, tha_indecks)
    )
14:16:46,279 DEBUG SQL:104 - 
    create table "foos" (
        "foo_idcolumnname123" varchar(36) not null,
        "foo_subclass_1234" char(255) not null,
        version integer not null,
        foo varchar(36),
        long_ bigint not null,
        "integer__" integer not null,
        float_ float not null check (float_ > 0.0),
        x integer,
        double_ double,
        date_ date,
        timestamp_ timestamp,
        boolean_ boolean,
        bool_ boolean,
        null_ integer,
        short_ smallint,
        char_ char(255),
        zero_ float,
        int_ integer,
        string_ varchar(48),
        byte_ tinyint,
        yesno char(255),
        blobb_ binary(255),
        nullBlob binary(255),
        bin_ binary(255),
        "localeayzabc123" varchar(255),
        first_name varchar(66),
        surname varchar(66),
        count_ integer not null,
        name_ varchar(32) not null,
        g__ varchar(32),
        cmpnt_null_ varchar(255),
        subname varchar(255),
        fee_sub varchar(64),
        null_cmpnt_ varchar(255),
        the_time time,
        baz varchar(32),
        bar_string varchar(24),
        bar_count integer,
        name varchar(64),
        clazz char(100),
        gen_id bigint,
        abstract_id varchar(36),
        baz_id varchar(32),
        idtopbar varchar(32),
        idofbaz varchar(32),
        baz_compon_id varchar(32),
        holder1 varchar(32),
        j1 integer,
        holder2 varchar(32),
        primary key ("foo_idcolumnname123")
    )
14:16:46,301 DEBUG SQL:104 - 
    create table "glarchez" (
        tha_key varchar(32) not null,
        version integer not null,
        namecvbnmasdf varchar(255),
        next_ varchar(32),
        order_ smallint,
        foo varchar(255),
        bar integer,
        x integer,
        immutable varchar(255) not null,
        "any_id_of_object" varchar(255),
        "any_class_of_object" binary(255),
        count_ integer,
        glarch_ varchar(255),
        gtf_baz_id varchar(32),
        gtf_foo_id varchar(36),
        idtopglarch varchar(32),
        mapkey char(1),
        baz_map_id varchar(32),
        baz_map_index varchar(255),
        array_key varchar(32),
        array_indecks integer,
        set_key varchar(32),
        primary key (tha_key)
    )
14:16:46,314 DEBUG SQL:104 - 
    create table "importantDates" (
        id varchar(36) not null,
        date_ date,
        i integer not null,
        primary key (id, i)
    )
14:16:46,316 DEBUG SQL:104 - 
    create table "strings" (
        glarch_key varchar(32) not null,
        "tha_stryng" varchar(255),
        "indx_" integer not null,
        primary key (glarch_key, "indx_")
    )
14:16:46,317 DEBUG SQL:104 - 
    create table "the fees" (
        id_ varchar(64) not null,
        fi varchar(255),
        fee varchar(64),
        anotherFee varchar(64),
        qux bigint,
        count_ integer,
        name varchar(255),
        null_prop varchar(255),
        bazid varchar(32),
        bazind integer,
        primary key (id_),
        check (bazind is null or (bazind>=0 and bazind<10))
    )
14:16:46,322 DEBUG SQL:104 - 
    create table abcd (
        container_id bigint not null,
        name varchar(255),
        simple bigint,
        one bigint not null,
        many bigint not null
    )
14:16:46,323 DEBUG SQL:104 - 
    create table anyToAny (
        baz varchar(32) not null,
        el_clazz_ varchar(255),
        el_id_ bigint,
        ind_clazz_ varchar(255) not null,
        ind_id_ bigint not null,
        primary key (baz, ind_clazz_, ind_id_)
    )
14:16:46,323 DEBUG SQL:104 - 
    create table bar_join_table (
        bar_id varchar(36) not null,
        name_name varchar(255),
        primary key (bar_id)
    )
14:16:46,324 DEBUG SQL:104 - 
    create table baz (
        baz_id_column_ varchar(32) not null,
        count_count integer,
        name_b varchar(255),
        foo varchar(36),
        superBaz varchar(32),
        "str" varchar(255),
        "baz-id" varchar(32),
        primary key (baz_id_column_),
        check (count_count > -666)
    )
14:16:46,324 DEBUG SQL:104 - 
    create table baz_byte_bag (
        baz varchar(32) not null,
        bytez binary(255) not null,
        pkid bigint not null,
        primary key (pkid)
    )
14:16:46,324 DEBUG SQL:104 - 
    create table baz_floats_bag (
        baz_compon_id varchar(32) not null,
        float_value float
    )
14:16:46,336 DEBUG SQL:104 - 
    create table baz_foo (
        baz varchar(32) not null,
        foo varchar(36) not null
    )
14:16:46,337 DEBUG SQL:104 - 
    create table baz_id_foo (
        baz varchar(32) not null,
        foo varchar(36) not null,
        pkid bigint not null,
        primary key (pkid)
    )
14:16:46,337 DEBUG SQL:104 - 
    create table bazcomponents (
        baz_id varchar(32) not null,
        name varchar(56),
        count_ integer,
        x_ varchar(255),
        y_ integer,
        i integer not null,
        primary key (baz_id, i)
    )
14:16:46,338 DEBUG SQL:104 - 
    create table cached_map (
        baz varchar(32) not null,
        foo varchar(255),
        bar varchar(255),
        another_baz varchar(32) not null,
        primary key (baz, another_baz)
    )
14:16:46,349 DEBUG SQL:104 - 
    create table cached_set (
        baz varchar(32) not null,
        foo varchar(255) not null,
        bar varchar(255) not null,
        primary key (baz, foo, bar)
    )
14:16:46,350 DEBUG SQL:104 - 
    create table components (
        container_id bigint not null,
        name varchar(255),
        count_ integer,
        simple bigint,
        one bigint,
        many bigint,
        list_index integer not null,
        primary key (container_id, list_index)
    )
14:16:46,350 DEBUG SQL:104 - 
    create table composites (
        container_id bigint not null,
        name varchar(255),
        simple bigint,
        one bigint,
        many bigint
    )
14:16:46,350 DEBUG SQL:104 - 
    create table customs (
        id_ varchar(32) not null,
        first_ varchar(255),
        second_ varchar(255),
        indx integer not null,
        primary key (id_, indx)
    )
14:16:46,350 DEBUG SQL:104 - 
    create table foes (
        string_ varchar(20) not null,
        short_ smallint not null,
        date_ date not null,
        version bigint not null,
        serial_ binary(255),
        buf binary(255),
        x integer,
        primary key (string_, short_, date_)
    )
14:16:46,371 DEBUG SQL:104 - 
    create table fooComponentToFoo (
        baz_id varchar(32) not null,
        foo_id varchar(36) not null,
        name varchar(32) not null,
        count_ integer not null,
        primary key (baz_id, name, count_)
    )
14:16:46,372 DEBUG SQL:104 - 
    create table fooToGlarch (
        baz_id varchar(32) not null,
        glarch_id varchar(32) not null,
        foo_id varchar(36) not null,
        primary key (baz_id, foo_id)
    )
14:16:46,372 DEBUG SQL:104 - 
    create table foo_dates (
        foo_id varchar(36) not null,
        date_ date,
        i integer not null,
        primary key (foo_id, i)
    )
14:16:46,372 DEBUG SQL:104 - 
    create table foo_dep_table (
        fooid varchar(36) not null,
        dependent varchar(64) not null,
        primary key (fooid)
    )
14:16:46,373 DEBUG SQL:104 - 
    create table foo_times (
        foo_id varchar(36) not null,
        date_ time,
        i integer not null,
        primary key (foo_id, i)
    )
14:16:46,382 DEBUG SQL:104 - 
    create table foobytes (
        id varchar(36) not null,
        byte_ tinyint,
        i integer not null,
        primary key (id, i)
    )
14:16:46,383 DEBUG SQL:104 - 
    create table fums (
        qux_id bigint not null,
        fum_string varchar(10) not null,
        fum_short smallint not null,
        fum_date date not null,
        primary key (qux_id, fum_string, fum_short, fum_date)
    )
14:16:46,383 DEBUG SQL:104 - 
    create table immut (
        id_ varchar(64) not null,
        foo varchar(255),
        bar varchar(255),
        primary key (id_)
    )
14:16:46,383 DEBUG SQL:104 - 
    create table int_array (
        id varchar(32) not null,
        j integer,
        i integer not null,
        primary key (id, i)
    )
14:16:46,392 DEBUG SQL:104 - 
    create table jointable (
        fooid varchar(36) not null,
        joinedProp varchar(255),
        primary key (fooid)
    )
14:16:46,392 DEBUG SQL:104 - 
    create table many (
        many_key bigint generated by default as identity,
        x integer,
        one_key bigint,
        primary key (many_key)
    )
14:16:46,393 DEBUG SQL:104 - 
    create table manyToAny (
        baz varchar(32) not null,
        el_clazz_ varchar(255),
        el_id_ varchar(255),
        ind integer not null,
        primary key (baz, ind)
    )
14:16:46,393 DEBUG SQL:104 - 
    create table manyToMany (
        container_id2 bigint not null,
        elt bigint not null,
        list_index integer not null,
        primary key (container_id2, list_index)
    )
14:16:46,401 DEBUG SQL:104 - 
    create table moreParts (
        baz varchar(32) not null,
        part bigint not null
    )
14:16:46,401 DEBUG SQL:104 - 
    create table one (
        one_key bigint generated by default as identity,
        x integer,
        one_value varchar(255),
        holder varchar(32),
        i integer,
        primary key (one_key)
    )
14:16:46,402 DEBUG SQL:104 - 
    create table quux (
        qux_key bigint not null,
        foo varchar(36),
        deleted boolean,
        loaded boolean,
        stored boolean,
        created boolean,
        childKey bigint,
        stuff varchar(255),
        HOLDER_NAME varchar(255),
        fum_str_ varchar(10),
        fum_sho_ smallint,
        fum_dat_ date,
        i integer,
        primary key (qux_key)
    )
14:16:46,410 DEBUG SQL:104 - 
    create table stringArray (
        id_ varchar(32) not null,
        name varchar(255),
        i integer not null,
        primary key (id_, i)
    )
14:16:46,411 DEBUG SQL:104 - 
    create table stringDateMap (
        id_ varchar(32) not null,
        map_value date,
        map_key varchar(32) not null,
        primary key (id_, map_key)
    )
14:16:46,411 DEBUG SQL:104 - 
    create table stringSet (
        id_ varchar(32) not null,
        element varchar(32) not null,
        primary key (id_, element)
    )
14:16:46,411 DEBUG SQL:104 - 
    create table string_list (
        id varchar(32) not null,
        element varchar(255),
        "i" integer not null,
        primary key (id, "i")
    )
14:16:46,421 DEBUG SQL:104 - 
    create table stringmap (
        fum_str_ varchar(10) not null,
        fum_sho_ smallint not null,
        fum_dat_ date not null,
        mapelement varchar(255),
        mapindex varchar(255) not null,
        primary key (fum_str_, fum_sho_, fum_dat_, mapindex)
    )
14:16:46,422 DEBUG SQL:104 - 
    create table ternaryMap (
        container_id bigint not null,
        name varchar(255),
        foo varchar(36),
        glarch varchar(32),
        idx varchar(32) not null,
        primary key (container_id, idx)
    )
14:16:46,422 DEBUG SQL:104 - 
    create table ternarySet (
        container_id bigint not null,
        name varchar(255) not null,
        foo varchar(36) not null,
        glarch varchar(32) not null,
        primary key (container_id, name, foo, glarch)
    )
14:16:46,422 DEBUG SQL:104 - 
    create table timeArray (
        baz_id varchar(32) not null,
        the_time time,
        j integer not null,
        primary key (baz_id, j)
    )
14:16:46,429 DEBUG SQL:104 - 
    create table topcomponents (
        id_ varchar(32) not null,
        name varchar(255),
        count_ integer,
        i integer not null,
        primary key (id_, i)
    )
14:16:46,429 DEBUG SQL:104 - 
    alter table CCBAG 
        add constraint FK3CF9B8894011F0B 
        foreign key (contained_id) 
        references Contained
14:16:46,430 DEBUG SQL:104 - 
    alter table CCBAG 
        add constraint FK3CF9B8894077C4B 
        foreign key (container_id) 
        references Container
14:16:46,430 DEBUG SQL:104 - 
    alter table Child 
        add constraint parentfk 
        foreign key (id) 
        references Parent
14:16:46,431 DEBUG SQL:104 - 
    alter table Circular 
        add constraint FKAA8F6ABFF08A955E 
        foreign key (other) 
        references Circular
14:16:46,438 DEBUG SQL:104 - 
    alter table FOO_ARRAY 
        add constraint FK92165960DED2B87D 
        foreign key (foo) 
        references "foos"
14:16:46,439 DEBUG SQL:104 - 
    alter table FOO_ARRAY 
        add constraint FK92165960DED2B1B0 
        foreign key (id_) 
        references baz
14:16:46,439 DEBUG SQL:104 - 
    alter table Fum 
        add constraint FK1155E3BB9E3A0 
        foreign key (fo_string, fo_short, fo_date) 
        references Fum
14:16:46,440 DEBUG SQL:104 - 
    alter table Fum 
        add constraint FK1155EA64DB02B 
        foreign key (qux_id) 
        references quux
14:16:46,440 DEBUG SQL:104 - 
    alter table Fum 
        add constraint FK1155EB222E1DE 
        foreign key (fr_string_, fr_short_, fr_date_) 
        references Fum
14:16:46,441 DEBUG SQL:104 - 
    alter table Fum 
        add constraint FK1155ECFEFBDAD 
        foreign key (fum_str_, fum_sho_, fum_dat_) 
        references Fum
14:16:46,449 DEBUG SQL:104 - 
    alter table Fumm 
        add constraint FK2196CF3E81E0B1 
        foreign key (string_, short_, date_) 
        references Fum
14:16:46,450 DEBUG SQL:104 - 
    alter table Holder 
        add constraint uc_Holder_1 unique (name)
14:16:46,450 DEBUG SQL:104 - 
    alter table Holder 
        add constraint FK812BB9CC3939BDD7 
        foreign key (otherHolder) 
        references Holder (name)
14:16:46,451 DEBUG SQL:104 - 
    alter table LCCBAG 
        add constraint FK857FEABC94011F0B 
        foreign key (contained_id) 
        references Contained
14:16:46,451 DEBUG SQL:104 - 
    alter table LCCBAG 
        add constraint FK857FEABC94077C4B 
        foreign key (container_id) 
        references Container
14:16:46,452 DEBUG SQL:104 - 
    alter table Part 
        add constraint FK25D813DED29727 
        foreign key (baz) 
        references baz
14:16:46,452 DEBUG SQL:104 - 
    alter table Simple 
        add constraint uc_Simple_1 unique (count_)
14:16:46,452 DEBUG SQL:104 - 
    alter table Simple 
        add constraint FK939D1DD2939BE031 
        foreign key (other) 
        references Simple
14:16:46,453 DEBUG SQL:104 - 
    alter table Simple 
        add constraint FK939D1DD289A21C6A 
        foreign key (container_id1) 
        references Container
14:16:46,453 DEBUG SQL:104 - 
    alter table Sortable 
        add constraint FK66EDF018DED29727 
        foreign key (baz) 
        references baz
14:16:46,454 DEBUG SQL:104 - 
    alter table Stuff 
        add constraint FK4C81DD4DED2B87D 
        foreign key (foo) 
        references "foos"
14:16:46,454 DEBUG SQL:104 - 
    alter table Stuff 
        add constraint FK4C81DD41B15BDF0 
        foreign key (moreInt, moreString) 
        references MoreStuff
14:16:46,455 DEBUG SQL:104 - 
    alter table "bxaxg" 
        add constraint FK59D06FACB5DD78C 
        foreign key ("baz_id_") 
        references baz
14:16:46,458 DEBUG SQL:104 - 
    alter table "fees" 
        add constraint FK2FE5AD929E1AEB 
        foreign key (fee_id) 
        references "the fees"
14:16:46,459 DEBUG SQL:104 - 
    alter table "fooComponents" 
        add constraint FK498B2C7CDED2B5FD 
        foreign key (fee) 
        references "the fees"
14:16:46,459 DEBUG SQL:104 - 
    alter table "fooComponents" 
        add constraint FK498B2C7CE90DED05 
        foreign key (glarch_key) 
        references "glarchez"
14:16:46,460 DEBUG SQL:104 - 
    alter table "foos" 
        add constraint abc unique (long_, "integer__", float_)
14:16:46,460 DEBUG SQL:104 - 
    create index fbmtoidx on "foos" (foo, long_)
14:16:46,460 DEBUG SQL:104 - 
    create index fbstridx on "foos" (string_)
14:16:46,460 DEBUG SQL:104 - 
    alter table "foos" 
        add constraint FK300C6DDED2B87D 
        foreign key (foo) 
        references "foos"
14:16:46,460 DEBUG SQL:104 - 
    alter table "foos" 
        add constraint FK300C6D78F5A0B1 
        foreign key (g__) 
        references "glarchez"
14:16:46,470 DEBUG SQL:104 - 
    alter table "foos" 
        add constraint FK300C6DA4A2707E 
        foreign key (fee_sub) 
        references "the fees"
14:16:46,470 DEBUG SQL:104 - 
    alter table "foos" 
        add constraint FK300C6DDED29727 
        foreign key (baz) 
        references baz
14:16:46,471 DEBUG SQL:104 - 
    alter table "foos" 
        add constraint FK300C6D800DF629 
        foreign key (abstract_id) 
        references "foos"
14:16:46,471 DEBUG SQL:104 - 
    alter table "foos" 
        add constraint FK300C6D8B9BD6CB 
        foreign key (baz_id) 
        references baz
14:16:46,472 DEBUG SQL:104 - 
    alter table "foos" 
        add constraint FK300C6DF05E6685 
        foreign key (idtopbar) 
        references baz
14:16:46,472 DEBUG SQL:104 - 
    alter table "foos" 
        add constraint FK300C6D423011B5 
        foreign key (idofbaz) 
        references baz
14:16:46,473 DEBUG SQL:104 - 
    alter table "foos" 
        add constraint FK300C6D601671B4 
        foreign key (baz_compon_id) 
        references baz
14:16:46,473 DEBUG SQL:104 - 
    alter table "foos" 
        add constraint FK300C6DBBEAE520 
        foreign key (holder1) 
        references Holder
14:16:46,473 DEBUG SQL:104 - 
    alter table "foos" 
        add constraint FK300C6DBBEAE521 
        foreign key (holder2) 
        references Holder
14:16:46,494 DEBUG SQL:104 - 
    alter table "glarchez" 
        add constraint FKC8B52CB07F31E5F6 
        foreign key (next_) 
        references "glarchez"
14:16:46,495 DEBUG SQL:104 - 
    alter table "glarchez" 
        add constraint FKC8B52CB095284B1 
        foreign key (gtf_baz_id) 
        references baz
14:16:46,495 DEBUG SQL:104 - 
    alter table "glarchez" 
        add constraint FKC8B52CB010E640D1 
        foreign key (gtf_foo_id) 
        references "foos"
14:16:46,496 DEBUG SQL:104 - 
    alter table "glarchez" 
        add constraint FKC8B52CB071902CA1 
        foreign key (idtopglarch) 
        references baz
14:16:46,496 DEBUG SQL:104 - 
    alter table "glarchez" 
        add constraint FKC8B52CB07327568E 
        foreign key (baz_map_id) 
        references baz
14:16:46,497 DEBUG SQL:104 - 
    alter table "glarchez" 
        add constraint FKC8B52CB0240A7DA3 
        foreign key (array_key) 
        references "glarchez"
14:16:46,503 DEBUG SQL:104 - 
    alter table "glarchez" 
        add constraint FKC8B52CB0EF499B2C 
        foreign key (set_key) 
        references "glarchez"
14:16:46,504 DEBUG SQL:104 - 
    alter table "importantDates" 
        add constraint FKF777B383DED1281F 
        foreign key (id) 
        references "foos"
14:16:46,504 DEBUG SQL:104 - 
    alter table "strings" 
        add constraint FK8FD6A282E90DED05 
        foreign key (glarch_key) 
        references "glarchez"
14:16:46,505 DEBUG SQL:104 - 
    alter table "the fees" 
        add constraint FK3DDCB3FCDED2B5FD 
        foreign key (fee) 
        references "the fees"
14:16:46,505 DEBUG SQL:104 - 
    alter table "the fees" 
        add constraint FK3DDCB3FCDE3EAC1A 
        foreign key (anotherFee) 
        references "the fees"
14:16:46,506 DEBUG SQL:104 - 
    alter table "the fees" 
        add constraint FK3DDCB3FCDED30C99 
        foreign key (qux) 
        references quux
14:16:46,512 DEBUG SQL:104 - 
    alter table "the fees" 
        add constraint FK3DDCB3FCE4640982 
        foreign key (bazid) 
        references baz
14:16:46,513 DEBUG SQL:104 - 
    alter table abcd 
        add constraint FK2D9442578192D3 
        foreign key (simple) 
        references Simple
14:16:46,514 DEBUG SQL:104 - 
    alter table abcd 
        add constraint FK2D9442DED2FBBD 
        foreign key (one) 
        references one
14:16:46,514 DEBUG SQL:104 - 
    alter table abcd 
        add constraint FK2D9442FB8A4BED 
        foreign key (many) 
        references many
14:16:46,515 DEBUG SQL:104 - 
    alter table abcd 
        add constraint FK2D944294077C4B 
        foreign key (container_id) 
        references Container
14:16:46,515 DEBUG SQL:104 - 
    alter table anyToAny 
        add constraint FKEA8D06E5DED29727 
        foreign key (baz) 
        references baz
14:16:46,522 DEBUG SQL:104 - 
    alter table bar_join_table 
        add constraint FKF39114258B9833CB 
        foreign key (bar_id) 
        references "foos"
14:16:46,523 DEBUG SQL:104 - 
    alter table baz 
        add constraint FK17C1BDED2B87D 
        foreign key (foo) 
        references "foos"
14:16:46,523 DEBUG SQL:104 - 
    alter table baz 
        add constraint FK17C1B7B14B1CC 
        foreign key (superBaz) 
        references baz 
        on delete cascade
14:16:46,524 DEBUG SQL:104 - 
    alter table baz 
        add constraint FK17C1B8B9B1B19 
        foreign key ("baz-id") 
        references baz
14:16:46,524 DEBUG SQL:104 - 
    alter table baz_byte_bag 
        add constraint FK5DC16BF5DED29727 
        foreign key (baz) 
        references baz
14:16:46,525 DEBUG SQL:104 - 
    alter table baz_floats_bag 
        add constraint FK8687FC04601671B4 
        foreign key (baz_compon_id) 
        references baz
14:16:46,531 DEBUG SQL:104 - 
    alter table baz_foo 
        add constraint FKEC8CB2A2DED2B87D 
        foreign key (foo) 
        references "foos"
14:16:46,532 DEBUG SQL:104 - 
    alter table baz_foo 
        add constraint FKEC8CB2A2DED29727 
        foreign key (baz) 
        references baz
14:16:46,532 DEBUG SQL:104 - 
    alter table baz_id_foo 
        add constraint FK8DA58046DED2B87D 
        foreign key (foo) 
        references "foos"
14:16:46,532 DEBUG SQL:104 - 
    alter table baz_id_foo 
        add constraint FK8DA58046DED29727 
        foreign key (baz) 
        references baz
14:16:46,533 DEBUG SQL:104 - 
    alter table bazcomponents 
        add constraint FK12C9D9718B9BD6CB 
        foreign key (baz_id) 
        references baz
14:16:46,533 DEBUG SQL:104 - 
    alter table cached_map 
        add constraint FK1F8B4BFDED29727 
        foreign key (baz) 
        references baz
14:16:46,541 DEBUG SQL:104 - 
    alter table cached_map 
        add constraint FK1F8B4BFCD1093EB 
        foreign key (another_baz) 
        references baz
14:16:46,541 DEBUG SQL:104 - 
    alter table cached_set 
        add constraint FK1F8CBC5DED29727 
        foreign key (baz) 
        references baz
14:16:46,541 DEBUG SQL:104 - 
    alter table components 
        add constraint FKE5548316578192D3 
        foreign key (simple) 
        references Simple
14:16:46,542 DEBUG SQL:104 - 
    alter table components 
        add constraint FKE5548316DED2FBBD 
        foreign key (one) 
        references one
14:16:46,542 DEBUG SQL:104 - 
    alter table components 
        add constraint FKE5548316FB8A4BED 
        foreign key (many) 
        references many
14:16:46,543 DEBUG SQL:104 - 
    alter table components 
        add constraint FKE554831694077C4B 
        foreign key (container_id) 
        references Container
14:16:46,555 DEBUG SQL:104 - 
    alter table composites 
        add constraint FKE59CDECC578192D3 
        foreign key (simple) 
        references Simple
14:16:46,556 DEBUG SQL:104 - 
    alter table composites 
        add constraint FKE59CDECCDED2FBBD 
        foreign key (one) 
        references one
14:16:46,557 DEBUG SQL:104 - 
    alter table composites 
        add constraint FKE59CDECCFB8A4BED 
        foreign key (many) 
        references many
14:16:46,557 DEBUG SQL:104 - 
    alter table composites 
        add constraint FKE59CDECC94077C4B 
        foreign key (container_id) 
        references Container
14:16:46,558 DEBUG SQL:104 - 
    alter table customs 
        add constraint FK433AE322DED2B1B0 
        foreign key (id_) 
        references baz
14:16:46,558 DEBUG SQL:104 - 
    alter table fooComponentToFoo 
        add constraint FKFD673FB4932F92EB 
        foreign key (foo_id) 
        references "foos"
14:16:46,565 DEBUG SQL:104 - 
    alter table fooComponentToFoo 
        add constraint FKFD673FB48B9BD6CB 
        foreign key (baz_id) 
        references baz
14:16:46,565 DEBUG SQL:104 - 
    alter table fooToGlarch 
        add constraint FKDA19FFCC6E46349 
        foreign key (glarch_id) 
        references "glarchez"
14:16:46,566 DEBUG SQL:104 - 
    alter table fooToGlarch 
        add constraint FKDA19FFC8B9BD6CB 
        foreign key (baz_id) 
        references baz
14:16:46,566 DEBUG SQL:104 - 
    alter table fooToGlarch 
        add constraint FKDA19FFC932F92EB 
        foreign key (foo_id) 
        references "foos"
14:16:46,567 DEBUG SQL:104 - 
    alter table foo_dates 
        add constraint FKB585C9CC932F92EB 
        foreign key (foo_id) 
        references "foos"
14:16:46,567 DEBUG SQL:104 - 
    alter table foo_dep_table 
        add constraint FK489E6365E4A2AC18 
        foreign key (fooid) 
        references "foos"
14:16:46,576 DEBUG SQL:104 - 
    alter table foo_dep_table 
        add constraint FK489E63659CB3B576 
        foreign key (dependent) 
        references "the fees"
14:16:46,576 DEBUG SQL:104 - 
    alter table foo_times 
        add constraint FKB66ACA8D932F92EB 
        foreign key (foo_id) 
        references "foos"
14:16:46,577 DEBUG SQL:104 - 
    alter table foobytes 
        add constraint FK16933F65DED138D2 
        foreign key (id) 
        references "foos"
14:16:46,577 DEBUG SQL:104 - 
    alter table fums 
        add constraint FK3022B5AAB22AAB 
        foreign key (fum_string, fum_short, fum_date) 
        references Fum
14:16:46,578 DEBUG SQL:104 - 
    alter table fums 
        add constraint FK3022B5A64DB02B 
        foreign key (qux_id) 
        references quux
14:16:46,589 DEBUG SQL:104 - 
    alter table int_array 
        add constraint FK12CE7E09DED12827 
        foreign key (id) 
        references baz
14:16:46,589 DEBUG SQL:104 - 
    alter table jointable 
        add constraint FKE3AC08E4E4A2AC18 
        foreign key (fooid) 
        references "foos" 
        on delete cascade
14:16:46,590 DEBUG SQL:104 - 
    alter table many 
        add constraint FK33065F9016265D 
        foreign key (one_key) 
        references one
14:16:46,590 DEBUG SQL:104 - 
    alter table manyToAny 
        add constraint FKBB04A52DED29727 
        foreign key (baz) 
        references baz
14:16:46,591 DEBUG SQL:104 - 
    alter table manyToMany 
        add constraint FK6A5E42B98D4AE9CE 
        foreign key (elt) 
        references Simple
14:16:46,591 DEBUG SQL:104 - 
    alter table manyToMany 
        add constraint FK6A5E42B989A21C6B 
        foreign key (container_id2) 
        references Container
14:16:46,591 DEBUG SQL:104 - 
    alter table moreParts 
        add constraint FK6B3ABC8BFB8D0715 
        foreign key (part) 
        references Part
14:16:46,592 DEBUG SQL:104 - 
    alter table moreParts 
        add constraint FK6B3ABC8BDED29727 
        foreign key (baz) 
        references baz
14:16:46,592 DEBUG SQL:104 - 
    alter table one 
        add constraint FK1AE66329ECAC7 
        foreign key (holder) 
        references Holder
14:16:46,593 DEBUG SQL:104 - 
    alter table quux 
        add constraint FK3523C7DED2B87D 
        foreign key (foo) 
        references "foos"
14:16:46,593 DEBUG SQL:104 - 
    alter table quux 
        add constraint FK3523C7AB390E59 
        foreign key (HOLDER_NAME) 
        references Holder (name)
14:16:46,593 DEBUG SQL:104 - 
    alter table quux 
        add constraint FK3523C7CFEFBDAD 
        foreign key (fum_str_, fum_sho_, fum_dat_) 
        references Fum
14:16:46,594 DEBUG SQL:104 - 
    alter table stringArray 
        add constraint FKA45284C8DED2B1B0 
        foreign key (id_) 
        references baz
14:16:46,594 DEBUG SQL:104 - 
    alter table stringDateMap 
        add constraint FK5B92297DDED2B1B0 
        foreign key (id_) 
        references baz
14:16:46,595 DEBUG SQL:104 - 
    alter table stringSet 
        add constraint FKF4B79E91DED2B1B0 
        foreign key (id_) 
        references baz
14:16:46,595 DEBUG SQL:104 - 
    alter table string_list 
        add constraint FKA5F66C0CDED12827 
        foreign key (id) 
        references baz
14:16:46,601 DEBUG SQL:104 - 
    alter table stringmap 
        add constraint FKF4B7FFABCFEFBDAD 
        foreign key (fum_str_, fum_sho_, fum_dat_) 
        references Fum
14:16:46,602 DEBUG SQL:104 - 
    alter table ternaryMap 
        add constraint FKD97F3881DED2B87D 
        foreign key (foo) 
        references "foos"
14:16:46,603 DEBUG SQL:104 - 
    alter table ternaryMap 
        add constraint FKD97F38812ED6F4E5 
        foreign key (glarch) 
        references "glarchez"
14:16:46,603 DEBUG SQL:104 - 
    alter table ternaryMap 
        add constraint FKD97F388194077C4B 
        foreign key (container_id) 
        references Container
14:16:46,603 DEBUG SQL:104 - 
    alter table ternarySet 
        add constraint FKD97F4F87DED2B87D 
        foreign key (foo) 
        references "foos"
14:16:46,604 DEBUG SQL:104 - 
    alter table ternarySet 
        add constraint FKD97F4F872ED6F4E5 
        foreign key (glarch) 
        references "glarchez"
14:16:46,613 DEBUG SQL:104 - 
    alter table ternarySet 
        add constraint FKD97F4F8794077C4B 
        foreign key (container_id) 
        references Container
14:16:46,613 DEBUG SQL:104 - 
    alter table timeArray 
        add constraint FK87E78C8B9BD6CB 
        foreign key (baz_id) 
        references baz
14:16:46,614 DEBUG SQL:104 - 
    alter table topcomponents 
        add constraint FK72C85E2BDED2B1B0 
        foreign key (id_) 
        references baz
14:16:46,623 DEBUG SQL:104 - 
    create table hibernate_unique_key (
         next_hi integer 
    )
14:16:46,623 DEBUG SQL:104 - 
    insert into hibernate_unique_key values ( 0 )
14:16:46,624  INFO SchemaExport:405 - HHH000230: Schema export complete
14:16:46,626  WARN SessionFactoryImpl:1554 - HHH000008: JTASessionContext being used with JDBCTransactionFactory; auto-flush will not operate correctly with getCurrentSession()
14:16:46,626  INFO CustomRunner:139 - Test: testQueryOneToOne
14:16:46,628 DEBUG SQL:104 - 
    insert 
    into
        Parent
        (id, x, count_, any_id, any_class) 
    values
        (null, ?, ?, ?, ?)
14:16:46,631 DEBUG SQL:104 - 
    select
        parent0_.id as id11_0_,
        child1_.id as id1_1_,
        parent0_.x as x11_0_,
        parent0_.count_ as count3_11_0_,
        parent0_.any_id as any4_11_0_,
        parent0_.any_class as any5_11_0_,
        child1_.x as x1_1_,
        child1_.count_ as count3_1_1_ 
    from
        Parent parent0_ 
    left outer join
        Child child1_ 
            on parent0_.id=child1_.id
14:16:46,635 DEBUG SQL:104 - 
    select
        parent0_.id as id11_0_,
        child1_.id as id1_1_,
        parent0_.x as x11_0_,
        parent0_.count_ as count3_11_0_,
        parent0_.any_id as any4_11_0_,
        parent0_.any_class as any5_11_0_,
        child1_.x as x1_1_,
        child1_.count_ as count3_1_1_ 
    from
        Parent parent0_ 
    left outer join
        Child child1_ 
            on parent0_.id=child1_.id
14:16:46,636 DEBUG SQL:104 - 
    select
        parent0_.id as id11_0_,
        child1_.id as id1_1_,
        parent0_.x as x11_0_,
        parent0_.count_ as count3_11_0_,
        parent0_.any_id as any4_11_0_,
        parent0_.any_class as any5_11_0_,
        child1_.x as x1_1_,
        child1_.count_ as count3_1_1_ 
    from
        Parent parent0_ 
    inner join
        Child child1_ 
            on parent0_.id=child1_.id 
    where
        (
            child1_.x>0 
        )
14:16:46,646 DEBUG SQL:104 - 
    select
        child0_.id as id1_0_,
        parent1_.id as id11_1_,
        child0_.x as x1_0_,
        child0_.count_ as count3_1_0_,
        parent1_.x as x11_1_,
        parent1_.count_ as count3_11_1_,
        parent1_.any_id as any4_11_1_,
        parent1_.any_class as any5_11_1_ 
    from
        Child child0_ 
    inner join
        Parent parent1_ 
            on child0_.id=parent1_.id 
    where
        (
            parent1_.x>0 
        )
14:16:46,647 DEBUG SQL:104 - 
    select
        parent0_.id as id11_1_,
        parent0_.x as x11_1_,
        parent0_.count_ as count3_11_1_,
        parent0_.any_id as any4_11_1_,
        parent0_.any_class as any5_11_1_,
        child1_.id as id1_0_,
        child1_.x as x1_0_,
        child1_.count_ as count3_1_0_ 
    from
        Parent parent0_ 
    left outer join
        Child child1_ 
            on parent0_.id=child1_.id 
    where
        parent0_.id=?
14:16:46,657 DEBUG SQL:104 - 
    delete 
    from
        Parent 
    where
        id=?
14:16:46,658  INFO CustomRunner:139 - Test: testReplicate
14:16:46,659 DEBUG SQL:104 - 
    insert 
    into
        Contained
        (container_id) 
    values
        (null)
14:16:46,667 DEBUG SQL:104 - 
    insert 
    into
        Container
        (container_id) 
    values
        (null)
14:16:46,668 DEBUG SQL:104 - 
    insert 
    into
        CCBAG
        (contained_id, container_id) 
    values
        (?, ?)
14:16:46,669 DEBUG SQL:104 - 
    select
        container_id 
    from
        Container 
    where
        container_id =?
14:16:46,730 DEBUG SQL:104 - 
    update
        Simple 
    set
        container_id1=null,
        list_index=null 
    where
        container_id1=?
14:16:46,730 DEBUG SQL:104 - 
    delete 
    from
        manyToMany 
    where
        container_id2=?
14:16:46,731 DEBUG SQL:104 - 
    delete 
    from
        components 
    where
        container_id=?
14:16:46,731 DEBUG SQL:104 - 
    delete 
    from
        composites 
    where
        container_id=?
14:16:46,731 DEBUG SQL:104 - 
    delete 
    from
        abcd 
    where
        container_id=?
14:16:46,731 DEBUG SQL:104 - 
    delete 
    from
        ternaryMap 
    where
        container_id=?
14:16:46,731 DEBUG SQL:104 - 
    delete 
    from
        ternarySet 
    where
        container_id=?
14:16:46,732 DEBUG SQL:104 - 
    select
        container_id 
    from
        Container 
    where
        container_id =?
14:16:46,732 DEBUG SQL:104 - 
    update
        Simple 
    set
        container_id1=null,
        list_index=null 
    where
        container_id1=?
14:16:46,732 DEBUG SQL:104 - 
    delete 
    from
        manyToMany 
    where
        container_id2=?
14:16:46,733 DEBUG SQL:104 - 
    delete 
    from
        components 
    where
        container_id=?
14:16:46,733 DEBUG SQL:104 - 
    delete 
    from
        composites 
    where
        container_id=?
14:16:46,733 DEBUG SQL:104 - 
    delete 
    from
        abcd 
    where
        container_id=?
14:16:46,733 DEBUG SQL:104 - 
    delete 
    from
        ternaryMap 
    where
        container_id=?
14:16:46,733 DEBUG SQL:104 - 
    delete 
    from
        ternarySet 
    where
        container_id=?
14:16:46,733 DEBUG SQL:104 - 
    delete 
    from
        CCBAG 
    where
        contained_id=?
14:16:46,733 DEBUG SQL:104 - 
    delete 
    from
        Container 
    where
        container_id=?
14:16:46,734 DEBUG SQL:104 - 
    delete 
    from
        Contained 
    where
        container_id=?
14:16:46,735  INFO SchemaExport:343 - HHH000227: Running hbm2ddl schema export
14:16:46,735 DEBUG SchemaExport:353 - Import file not found: /import.sql
14:16:46,736 DEBUG SQL:104 - 
    alter table CCBAG 
        drop constraint FK3CF9B8894011F0B
14:16:46,736 DEBUG SQL:104 - 
    alter table CCBAG 
        drop constraint FK3CF9B8894077C4B
14:16:46,736 DEBUG SQL:104 - 
    alter table Child 
        drop constraint parentfk
14:16:46,736 DEBUG SQL:104 - 
    alter table Circular 
        drop constraint FKAA8F6ABFF08A955E
14:16:46,736 DEBUG SQL:104 - 
    alter table FOO_ARRAY 
        drop constraint FK92165960DED2B87D
14:16:46,736 DEBUG SQL:104 - 
    alter table FOO_ARRAY 
        drop constraint FK92165960DED2B1B0
14:16:46,737 DEBUG SQL:104 - 
    alter table Fum 
        drop constraint FK1155E3BB9E3A0
14:16:46,737 DEBUG SQL:104 - 
    alter table Fum 
        drop constraint FK1155EA64DB02B
14:16:46,737 DEBUG SQL:104 - 
    alter table Fum 
        drop constraint FK1155EB222E1DE
14:16:46,737 DEBUG SQL:104 - 
    alter table Fum 
        drop constraint FK1155ECFEFBDAD
14:16:46,737 DEBUG SQL:104 - 
    alter table Fumm 
        drop constraint FK2196CF3E81E0B1
14:16:46,738 DEBUG SQL:104 - 
    alter table Holder 
        drop constraint FK812BB9CC3939BDD7
14:16:46,738 DEBUG SQL:104 - 
    alter table LCCBAG 
        drop constraint FK857FEABC94011F0B
14:16:46,738 DEBUG SQL:104 - 
    alter table LCCBAG 
        drop constraint FK857FEABC94077C4B
14:16:46,738 DEBUG SQL:104 - 
    alter table Part 
        drop constraint FK25D813DED29727
14:16:46,738 DEBUG SQL:104 - 
    alter table Simple 
        drop constraint FK939D1DD2939BE031
14:16:46,739 DEBUG SQL:104 - 
    alter table Simple 
        drop constraint FK939D1DD289A21C6A
14:16:46,739 DEBUG SQL:104 - 
    alter table Sortable 
        drop constraint FK66EDF018DED29727
14:16:46,739 DEBUG SQL:104 - 
    alter table Stuff 
        drop constraint FK4C81DD4DED2B87D
14:16:46,739 DEBUG SQL:104 - 
    alter table Stuff 
        drop constraint FK4C81DD41B15BDF0
14:16:46,739 DEBUG SQL:104 - 
    alter table "bxaxg" 
        drop constraint FK59D06FACB5DD78C
14:16:46,739 DEBUG SQL:104 - 
    alter table "fees" 
        drop constraint FK2FE5AD929E1AEB
14:16:46,740 DEBUG SQL:104 - 
    alter table "fooComponents" 
        drop constraint FK498B2C7CDED2B5FD
14:16:46,740 DEBUG SQL:104 - 
    alter table "fooComponents" 
        drop constraint FK498B2C7CE90DED05
14:16:46,740 DEBUG SQL:104 - 
    alter table "foos" 
        drop constraint FK300C6DDED2B87D
14:16:46,740 DEBUG SQL:104 - 
    alter table "foos" 
        drop constraint FK300C6D78F5A0B1
14:16:46,740 DEBUG SQL:104 - 
    alter table "foos" 
        drop constraint FK300C6DA4A2707E
14:16:46,741 DEBUG SQL:104 - 
    alter table "foos" 
        drop constraint FK300C6DDED29727
14:16:46,741 DEBUG SQL:104 - 
    alter table "foos" 
        drop constraint FK300C6D800DF629
14:16:46,741 DEBUG SQL:104 - 
    alter table "foos" 
        drop constraint FK300C6D8B9BD6CB
14:16:46,741 DEBUG SQL:104 - 
    alter table "foos" 
        drop constraint FK300C6DF05E6685
14:16:46,741 DEBUG SQL:104 - 
    alter table "foos" 
        drop constraint FK300C6D423011B5
14:16:46,741 DEBUG SQL:104 - 
    alter table "foos" 
        drop constraint FK300C6D601671B4
14:16:46,742 DEBUG SQL:104 - 
    alter table "foos" 
        drop constraint FK300C6DBBEAE520
14:16:46,759 DEBUG SQL:104 - 
    alter table "foos" 
        drop constraint FK300C6DBBEAE521
14:16:46,760 DEBUG SQL:104 - 
    alter table "glarchez" 
        drop constraint FKC8B52CB07F31E5F6
14:16:46,760 DEBUG SQL:104 - 
    alter table "glarchez" 
        drop constraint FKC8B52CB095284B1
14:16:46,760 DEBUG SQL:104 - 
    alter table "glarchez" 
        drop constraint FKC8B52CB010E640D1
14:16:46,761 DEBUG SQL:104 - 
    alter table "glarchez" 
        drop constraint FKC8B52CB071902CA1
14:16:46,761 DEBUG SQL:104 - 
    alter table "glarchez" 
        drop constraint FKC8B52CB07327568E
14:16:46,761 DEBUG SQL:104 - 
    alter table "glarchez" 
        drop constraint FKC8B52CB0240A7DA3
14:16:46,761 DEBUG SQL:104 - 
    alter table "glarchez" 
        drop constraint FKC8B52CB0EF499B2C
14:16:46,761 DEBUG SQL:104 - 
    alter table "importantDates" 
        drop constraint FKF777B383DED1281F
14:16:46,762 DEBUG SQL:104 - 
    alter table "strings" 
        drop constraint FK8FD6A282E90DED05
14:16:46,770 DEBUG SQL:104 - 
    alter table "the fees" 
        drop constraint FK3DDCB3FCDED2B5FD
14:16:46,770 DEBUG SQL:104 - 
    alter table "the fees" 
        drop constraint FK3DDCB3FCDE3EAC1A
14:16:46,770 DEBUG SQL:104 - 
    alter table "the fees" 
        drop constraint FK3DDCB3FCDED30C99
14:16:46,771 DEBUG SQL:104 - 
    alter table "the fees" 
        drop constraint FK3DDCB3FCE4640982
14:16:46,771 DEBUG SQL:104 - 
    alter table abcd 
        drop constraint FK2D9442578192D3
14:16:46,771 DEBUG SQL:104 - 
    alter table abcd 
        drop constraint FK2D9442DED2FBBD
14:16:46,771 DEBUG SQL:104 - 
    alter table abcd 
        drop constraint FK2D9442FB8A4BED
14:16:46,771 DEBUG SQL:104 - 
    alter table abcd 
        drop constraint FK2D944294077C4B
14:16:46,772 DEBUG SQL:104 - 
    alter table anyToAny 
        drop constraint FKEA8D06E5DED29727
14:16:46,772 DEBUG SQL:104 - 
    alter table bar_join_table 
        drop constraint FKF39114258B9833CB
14:16:46,780 DEBUG SQL:104 - 
    alter table baz 
        drop constraint FK17C1BDED2B87D
14:16:46,781 DEBUG SQL:104 - 
    alter table baz 
        drop constraint FK17C1B7B14B1CC
14:16:46,781 DEBUG SQL:104 - 
    alter table baz 
        drop constraint FK17C1B8B9B1B19
14:16:46,781 DEBUG SQL:104 - 
    alter table baz_byte_bag 
        drop constraint FK5DC16BF5DED29727
14:16:46,781 DEBUG SQL:104 - 
    alter table baz_floats_bag 
        drop constraint FK8687FC04601671B4
14:16:46,781 DEBUG SQL:104 - 
    alter table baz_foo 
        drop constraint FKEC8CB2A2DED2B87D
14:16:46,782 DEBUG SQL:104 - 
    alter table baz_foo 
        drop constraint FKEC8CB2A2DED29727
14:16:46,782 DEBUG SQL:104 - 
    alter table baz_id_foo 
        drop constraint FK8DA58046DED2B87D
14:16:46,782 DEBUG SQL:104 - 
    alter table baz_id_foo 
        drop constraint FK8DA58046DED29727
14:16:46,782 DEBUG SQL:104 - 
    alter table bazcomponents 
        drop constraint FK12C9D9718B9BD6CB
14:16:46,782 DEBUG SQL:104 - 
    alter table cached_map 
        drop constraint FK1F8B4BFDED29727
14:16:46,790 DEBUG SQL:104 - 
    alter table cached_map 
        drop constraint FK1F8B4BFCD1093EB
14:16:46,791 DEBUG SQL:104 - 
    alter table cached_set 
        drop constraint FK1F8CBC5DED29727
14:16:46,791 DEBUG SQL:104 - 
    alter table components 
        drop constraint FKE5548316578192D3
14:16:46,791 DEBUG SQL:104 - 
    alter table components 
        drop constraint FKE5548316DED2FBBD
14:16:46,791 DEBUG SQL:104 - 
    alter table components 
        drop constraint FKE5548316FB8A4BED
14:16:46,791 DEBUG SQL:104 - 
    alter table components 
        drop constraint FKE554831694077C4B
14:16:46,792 DEBUG SQL:104 - 
    alter table composites 
        drop constraint FKE59CDECC578192D3
14:16:46,792 DEBUG SQL:104 - 
    alter table composites 
        drop constraint FKE59CDECCDED2FBBD
14:16:46,792 DEBUG SQL:104 - 
    alter table composites 
        drop constraint FKE59CDECCFB8A4BED
14:16:46,792 DEBUG SQL:104 - 
    alter table composites 
        drop constraint FKE59CDECC94077C4B
14:16:46,800 DEBUG SQL:104 - 
    alter table customs 
        drop constraint FK433AE322DED2B1B0
14:16:46,801 DEBUG SQL:104 - 
    alter table fooComponentToFoo 
        drop constraint FKFD673FB4932F92EB
14:16:46,801 DEBUG SQL:104 - 
    alter table fooComponentToFoo 
        drop constraint FKFD673FB48B9BD6CB
14:16:46,801 DEBUG SQL:104 - 
    alter table fooToGlarch 
        drop constraint FKDA19FFCC6E46349
14:16:46,801 DEBUG SQL:104 - 
    alter table fooToGlarch 
        drop constraint FKDA19FFC8B9BD6CB
14:16:46,801 DEBUG SQL:104 - 
    alter table fooToGlarch 
        drop constraint FKDA19FFC932F92EB
14:16:46,802 DEBUG SQL:104 - 
    alter table foo_dates 
        drop constraint FKB585C9CC932F92EB
14:16:46,802 DEBUG SQL:104 - 
    alter table foo_dep_table 
        drop constraint FK489E6365E4A2AC18
14:16:46,802 DEBUG SQL:104 - 
    alter table foo_dep_table 
        drop constraint FK489E63659CB3B576
14:16:46,802 DEBUG SQL:104 - 
    alter table foo_times 
        drop constraint FKB66ACA8D932F92EB
14:16:46,811 DEBUG SQL:104 - 
    alter table foobytes 
        drop constraint FK16933F65DED138D2
14:16:46,811 DEBUG SQL:104 - 
    alter table fums 
        drop constraint FK3022B5AAB22AAB
14:16:46,812 DEBUG SQL:104 - 
    alter table fums 
        drop constraint FK3022B5A64DB02B
14:16:46,812 DEBUG SQL:104 - 
    alter table int_array 
        drop constraint FK12CE7E09DED12827
14:16:46,812 DEBUG SQL:104 - 
    alter table jointable 
        drop constraint FKE3AC08E4E4A2AC18
14:16:46,812 DEBUG SQL:104 - 
    alter table many 
        drop constraint FK33065F9016265D
14:16:46,812 DEBUG SQL:104 - 
    alter table manyToAny 
        drop constraint FKBB04A52DED29727
14:16:46,812 DEBUG SQL:104 - 
    alter table manyToMany 
        drop constraint FK6A5E42B98D4AE9CE
14:16:46,813 DEBUG SQL:104 - 
    alter table manyToMany 
        drop constraint FK6A5E42B989A21C6B
14:16:46,813 DEBUG SQL:104 - 
    alter table moreParts 
        drop constraint FK6B3ABC8BFB8D0715
14:16:46,822 DEBUG SQL:104 - 
    alter table moreParts 
        drop constraint FK6B3ABC8BDED29727
14:16:46,823 DEBUG SQL:104 - 
    alter table one 
        drop constraint FK1AE66329ECAC7
14:16:46,823 DEBUG SQL:104 - 
    alter table quux 
        drop constraint FK3523C7DED2B87D
14:16:46,823 DEBUG SQL:104 - 
    alter table quux 
        drop constraint FK3523C7AB390E59
14:16:46,823 DEBUG SQL:104 - 
    alter table quux 
        drop constraint FK3523C7CFEFBDAD
14:16:46,824 DEBUG SQL:104 - 
    alter table stringArray 
        drop constraint FKA45284C8DED2B1B0
14:16:46,824 DEBUG SQL:104 - 
    alter table stringDateMap 
        drop constraint FK5B92297DDED2B1B0
14:16:46,824 DEBUG SQL:104 - 
    alter table stringSet 
        drop constraint FKF4B79E91DED2B1B0
14:16:46,824 DEBUG SQL:104 - 
    alter table string_list 
        drop constraint FKA5F66C0CDED12827
14:16:46,824 DEBUG SQL:104 - 
    alter table stringmap 
        drop constraint FKF4B7FFABCFEFBDAD
14:16:46,824 DEBUG SQL:104 - 
    alter table ternaryMap 
        drop constraint FKD97F3881DED2B87D
14:16:46,825 DEBUG SQL:104 - 
    alter table ternaryMap 
        drop constraint FKD97F38812ED6F4E5
14:16:46,825 DEBUG SQL:104 - 
    alter table ternaryMap 
        drop constraint FKD97F388194077C4B
14:16:46,825 DEBUG SQL:104 - 
    alter table ternarySet 
        drop constraint FKD97F4F87DED2B87D
14:16:46,825 DEBUG SQL:104 - 
    alter table ternarySet 
        drop constraint FKD97F4F872ED6F4E5
14:16:46,825 DEBUG SQL:104 - 
    alter table ternarySet 
        drop constraint FKD97F4F8794077C4B
14:16:46,825 DEBUG SQL:104 - 
    alter table timeArray 
        drop constraint FK87E78C8B9BD6CB
14:16:46,825 DEBUG SQL:104 - 
    alter table topcomponents 
        drop constraint FK72C85E2BDED2B1B0
14:16:46,826 DEBUG SQL:104 - 
    drop table CCBAG if exists
14:16:46,826 DEBUG SQL:104 - 
    drop table Child if exists
14:16:46,826 DEBUG SQL:104 - 
    drop table Circular if exists
14:16:46,835 DEBUG SQL:104 - 
    drop table Contained if exists
14:16:46,836 DEBUG SQL:104 - 
    drop table Container if exists
14:16:46,836 DEBUG SQL:104 - 
    drop table FOO_ARRAY if exists
14:16:46,836 DEBUG SQL:104 - 
    drop table Fum if exists
14:16:46,837 DEBUG SQL:104 - 
    drop table Fumm if exists
14:16:46,837 DEBUG SQL:104 - 
    drop table Holder if exists
14:16:46,837 DEBUG SQL:104 - 
    drop table LCCBAG if exists
14:16:46,837 DEBUG SQL:104 - 
    drop table MoreStuff if exists
14:16:46,837 DEBUG SQL:104 - 
    drop table Parent if exists
14:16:46,838 DEBUG SQL:104 - 
    drop table Part if exists
14:16:46,838 DEBUG SQL:104 - 
    drop table Simple if exists
14:16:46,838 DEBUG SQL:104 - 
    drop table Sortable if exists
14:16:46,838 DEBUG SQL:104 - 
    drop table Stuff if exists
14:16:46,838 DEBUG SQL:104 - 
    drop table Vetoer if exists
14:16:46,839 DEBUG SQL:104 - 
    drop table "bxaxg" if exists
14:16:46,848 DEBUG SQL:104 - 
    drop table "fees" if exists
14:16:46,848 DEBUG SQL:104 - 
    drop table "fooComponents" if exists
14:16:46,849 DEBUG SQL:104 - 
    drop table "foos" if exists
14:16:46,849 DEBUG SQL:104 - 
    drop table "glarchez" if exists
14:16:46,849 DEBUG SQL:104 - 
    drop table "importantDates" if exists
14:16:46,849 DEBUG SQL:104 - 
    drop table "strings" if exists
14:16:46,850 DEBUG SQL:104 - 
    drop table "the fees" if exists
14:16:46,850 DEBUG SQL:104 - 
    drop table abcd if exists
14:16:46,850 DEBUG SQL:104 - 
    drop table anyToAny if exists
14:16:46,850 DEBUG SQL:104 - 
    drop table bar_join_table if exists
14:16:46,850 DEBUG SQL:104 - 
    drop table baz if exists
14:16:46,851 DEBUG SQL:104 - 
    drop table baz_byte_bag if exists
14:16:46,851 DEBUG SQL:104 - 
    drop table baz_floats_bag if exists
14:16:46,851 DEBUG SQL:104 - 
    drop table baz_foo if exists
14:16:46,851 DEBUG SQL:104 - 
    drop table baz_id_foo if exists
14:16:46,851 DEBUG SQL:104 - 
    drop table bazcomponents if exists
14:16:46,852 DEBUG SQL:104 - 
    drop table cached_map if exists
14:16:46,852 DEBUG SQL:104 - 
    drop table cached_set if exists
14:16:46,852 DEBUG SQL:104 - 
    drop table components if exists
14:16:46,852 DEBUG SQL:104 - 
    drop table composites if exists
14:16:46,852 DEBUG SQL:104 - 
    drop table customs if exists
14:16:46,853 DEBUG SQL:104 - 
    drop table foes if exists
14:16:46,871 DEBUG SQL:104 - 
    drop table fooComponentToFoo if exists
14:16:46,871 DEBUG SQL:104 - 
    drop table fooToGlarch if exists
14:16:46,871 DEBUG SQL:104 - 
    drop table foo_dates if exists
14:16:46,872 DEBUG SQL:104 - 
    drop table foo_dep_table if exists
14:16:46,872 DEBUG SQL:104 - 
    drop table foo_times if exists
14:16:46,872 DEBUG SQL:104 - 
    drop table foobytes if exists
14:16:46,872 DEBUG SQL:104 - 
    drop table fums if exists
14:16:46,873 DEBUG SQL:104 - 
    drop table immut if exists
14:16:46,873 DEBUG SQL:104 - 
    drop table int_array if exists
14:16:46,873 DEBUG SQL:104 - 
    drop table jointable if exists
14:16:46,873 DEBUG SQL:104 - 
    drop table many if exists
14:16:46,873 DEBUG SQL:104 - 
    drop table manyToAny if exists
14:16:46,874 DEBUG SQL:104 - 
    drop table manyToMany if exists
14:16:46,874 DEBUG SQL:104 - 
    drop table moreParts if exists
14:16:46,874 DEBUG SQL:104 - 
    drop table one if exists
14:16:46,881 DEBUG SQL:104 - 
    drop table quux if exists
14:16:46,882 DEBUG SQL:104 - 
    drop table stringArray if exists
14:16:46,882 DEBUG SQL:104 - 
    drop table stringDateMap if exists
14:16:46,882 DEBUG SQL:104 - 
    drop table stringSet if exists
14:16:46,882 DEBUG SQL:104 - 
    drop table string_list if exists
14:16:46,882 DEBUG SQL:104 - 
    drop table stringmap if exists
14:16:46,883 DEBUG SQL:104 - 
    drop table ternaryMap if exists
14:16:46,883 DEBUG SQL:104 - 
    drop table ternarySet if exists
14:16:46,883 DEBUG SQL:104 - 
    drop table timeArray if exists
14:16:46,883 DEBUG SQL:104 - 
    drop table topcomponents if exists
14:16:46,883 DEBUG SQL:104 - 
    drop table hibernate_unique_key if exists
14:16:46,884  INFO SchemaExport:405 - HHH000230: Schema export complete
14:16:46,884  INFO DriverManagerConnectionProviderImpl:162 - HHH000030: Cleaning up connection pool [jdbc:h2:mem:db1;DB_CLOSE_DELAY=-1;MVCC=TRUE]
]]></system-out>
  <system-err><![CDATA[]]></system-err>
</testsuite>
