<?xml version="1.0" encoding="UTF-8"?>
<testsuite errors="0" failures="0" hostname="dhcp-10.15.208.168.stl.redhat.com" name="org.hibernate.test.annotations.id.sequences.HibernateSequenceTest" tests="2" time="0.07" timestamp="2013-02-28T20:10:29">
  <properties />
  <testcase classname="org.hibernate.test.annotations.id.sequences.HibernateSequenceTest" name="testHibernateSequenceNextVal" time="0.003" />
  <testcase classname="org.hibernate.test.annotations.id.sequences.HibernateSequenceTest" name="testHibernateSequenceSchema" time="0.0" />
  <system-out><![CDATA[14:10:29,136  INFO CustomRunner:132 - BeforeClass: org.hibernate.test.annotations.id.sequences.HibernateSequenceTest
14:10:29,136  INFO Configuration:725 - HHH000221: Reading mappings from resource: org/hibernate/test/annotations/id/sequences/orm.xml
14:10:29,177  INFO DriverManagerConnectionProviderImpl:99 - HHH000402: Using Hibernate built-in connection pool (not for production use!)
14:10:29,177  INFO DriverManagerConnectionProviderImpl:135 - HHH000115: Hibernate connection pool size: 5
14:10:29,177  INFO DriverManagerConnectionProviderImpl:138 - HHH000006: Autocommit mode: false
14:10:29,177  INFO DriverManagerConnectionProviderImpl:153 - HHH000401: using driver [org.h2.Driver] at URL [jdbc:h2:mem:db1;DB_CLOSE_DELAY=-1;MVCC=TRUE;INIT=CREATE SCHEMA IF NOT EXISTS OTHER_SCHEMA]
14:10:29,177  INFO DriverManagerConnectionProviderImpl:158 - HHH000046: Connection properties: {user=sa}
14:10:29,179  INFO Dialect:103 - HHH000400: Using dialect: org.hibernate.dialect.H2Dialect
14:10:29,179  INFO LobCreatorBuilder:94 - HHH000423: Disabling contextual LOB creation as JDBC driver reported JDBC version [3] less than 4
14:10:29,180  INFO TransactionFactoryInitiator:66 - HHH000399: Using default transaction strategy (direct JDBC transactions)
14:10:29,180  INFO ASTQueryTranslatorFactory:48 - HHH000397: Using ASTQueryTranslatorFactory
14:10:29,180  WARN CachingRegionFactory:58 - CachingRegionFactory should be only used for testing.
14:10:29,186  INFO SchemaExport:343 - HHH000227: Running hbm2ddl schema export
14:10:29,186 DEBUG SchemaExport:353 - Import file not found: /import.sql
14:10:29,186 DEBUG SQL:104 - 
    drop table OTHER_SCHEMA.HibernateSequenceEntity if exists
14:10:29,187 DEBUG SQL:104 - 
    drop sequence OTHER_SCHEMA.hibernate_sequence
14:10:29,187 ERROR SchemaExport:425 - HHH000389: Unsuccessful: drop sequence OTHER_SCHEMA.hibernate_sequence
14:10:29,187 ERROR SchemaExport:426 - Sequence "HIBERNATE_SEQUENCE" not found; SQL statement:

    drop sequence OTHER_SCHEMA.hibernate_sequence [90036-145]
14:10:29,187 DEBUG SQL:104 - 
    create table OTHER_SCHEMA.HibernateSequenceEntity (
        id bigint not null,
        text varchar(255),
        primary key (id)
    )
14:10:29,187 DEBUG SQL:104 - 
    create sequence OTHER_SCHEMA.hibernate_sequence start with 1 increment by 1
14:10:29,188  INFO SchemaExport:405 - HHH000230: Schema export complete
14:10:29,188  WARN SessionFactoryImpl:1554 - HHH000008: JTASessionContext being used with JDBCTransactionFactory; auto-flush will not operate correctly with getCurrentSession()
14:10:29,188  INFO CustomRunner:139 - Test: testHibernateSequenceNextVal
14:10:29,190 DEBUG SQL:104 - 
    call next value for OTHER_SCHEMA.hibernate_sequence
14:10:29,191 DEBUG SQL:104 - 
    insert 
    into
        OTHER_SCHEMA.HibernateSequenceEntity
        (text, id) 
    values
        (?, ?)
14:10:29,192  INFO CustomRunner:139 - Test: testHibernateSequenceSchema
14:10:29,192  INFO SchemaExport:343 - HHH000227: Running hbm2ddl schema export
14:10:29,193 DEBUG SchemaExport:353 - Import file not found: /import.sql
14:10:29,203 DEBUG SQL:104 - 
    drop table OTHER_SCHEMA.HibernateSequenceEntity if exists
14:10:29,204 DEBUG SQL:104 - 
    drop sequence OTHER_SCHEMA.hibernate_sequence
14:10:29,204  INFO SchemaExport:405 - HHH000230: Schema export complete
14:10:29,204  INFO DriverManagerConnectionProviderImpl:162 - HHH000030: Cleaning up connection pool [jdbc:h2:mem:db1;DB_CLOSE_DELAY=-1;MVCC=TRUE;INIT=CREATE SCHEMA IF NOT EXISTS OTHER_SCHEMA]
]]></system-out>
  <system-err><![CDATA[]]></system-err>
</testsuite>
