<?xml version="1.0" encoding="UTF-8"?>
<testsuite errors="0" failures="0" hostname="dhcp-10.15.208.168.stl.redhat.com" name="org.hibernate.test.immutable.entitywithmutablecollection.noninverse.EntityWithNonInverseOneToManyJoinTest" tests="20" time="1.344" timestamp="2013-02-28T20:14:20">
  <properties />
  <testcase classname="org.hibernate.test.immutable.entitywithmutablecollection.noninverse.EntityWithNonInverseOneToManyJoinTest" name="testAddExistingOneToManyElementToPersistentEntity" time="0.065" />
  <testcase classname="org.hibernate.test.immutable.entitywithmutablecollection.noninverse.EntityWithNonInverseOneToManyJoinTest" name="testAddNewOneToManyElementToPersistentEntity" time="0.061" />
  <testcase classname="org.hibernate.test.immutable.entitywithmutablecollection.noninverse.EntityWithNonInverseOneToManyJoinTest" name="testCreateWithEmptyOneToManyCollectionMergeWithExistingElement" time="0.077" />
  <testcase classname="org.hibernate.test.immutable.entitywithmutablecollection.noninverse.EntityWithNonInverseOneToManyJoinTest" name="testCreateWithEmptyOneToManyCollectionUpdateWithExistingElement" time="0.045" />
  <testcase classname="org.hibernate.test.immutable.entitywithmutablecollection.noninverse.EntityWithNonInverseOneToManyJoinTest" name="testCreateWithNonEmptyOneToManyCollectionMergeWithNewElement" time="0.08" />
  <testcase classname="org.hibernate.test.immutable.entitywithmutablecollection.noninverse.EntityWithNonInverseOneToManyJoinTest" name="testCreateWithNonEmptyOneToManyCollectionOfExisting" time="0.044" />
  <testcase classname="org.hibernate.test.immutable.entitywithmutablecollection.noninverse.EntityWithNonInverseOneToManyJoinTest" name="testCreateWithNonEmptyOneToManyCollectionOfNew" time="0.037" />
  <testcase classname="org.hibernate.test.immutable.entitywithmutablecollection.noninverse.EntityWithNonInverseOneToManyJoinTest" name="testCreateWithNonEmptyOneToManyCollectionUpdateWithNewElement" time="0.053" />
  <testcase classname="org.hibernate.test.immutable.entitywithmutablecollection.noninverse.EntityWithNonInverseOneToManyJoinTest" name="testDeleteOneToManyElement" time="0.047" />
  <testcase classname="org.hibernate.test.immutable.entitywithmutablecollection.noninverse.EntityWithNonInverseOneToManyJoinTest" name="testDeleteOneToManyOrphan" time="0.07" />
  <testcase classname="org.hibernate.test.immutable.entitywithmutablecollection.noninverse.EntityWithNonInverseOneToManyJoinTest" name="testMoveOneToManyElementToExistingEntityCollection" time="0.081" />
  <testcase classname="org.hibernate.test.immutable.entitywithmutablecollection.noninverse.EntityWithNonInverseOneToManyJoinTest" name="testMoveOneToManyElementToNewEntityCollection" time="0.099" />
  <testcase classname="org.hibernate.test.immutable.entitywithmutablecollection.noninverse.EntityWithNonInverseOneToManyJoinTest" name="testOneToManyCollectionOptimisticLockingWithMerge" time="0.093" />
  <testcase classname="org.hibernate.test.immutable.entitywithmutablecollection.noninverse.EntityWithNonInverseOneToManyJoinTest" name="testOneToManyCollectionOptimisticLockingWithUpdate" time="0.089" />
  <testcase classname="org.hibernate.test.immutable.entitywithmutablecollection.noninverse.EntityWithNonInverseOneToManyJoinTest" name="testRemoveOneToManyElementByDelete" time="0.033" />
  <testcase classname="org.hibernate.test.immutable.entitywithmutablecollection.noninverse.EntityWithNonInverseOneToManyJoinTest" name="testRemoveOneToManyElementUsingMerge" time="0.067" />
  <testcase classname="org.hibernate.test.immutable.entitywithmutablecollection.noninverse.EntityWithNonInverseOneToManyJoinTest" name="testRemoveOneToManyElementUsingUpdate" time="0.046" />
  <testcase classname="org.hibernate.test.immutable.entitywithmutablecollection.noninverse.EntityWithNonInverseOneToManyJoinTest" name="testRemoveOneToManyOrphanUsingMerge" time="0.055" />
  <testcase classname="org.hibernate.test.immutable.entitywithmutablecollection.noninverse.EntityWithNonInverseOneToManyJoinTest" name="testRemoveOneToManyOrphanUsingUpdate" time="0.049" />
  <testcase classname="org.hibernate.test.immutable.entitywithmutablecollection.noninverse.EntityWithNonInverseOneToManyJoinTest" name="testUpdateProperty" time="0.064" />
  <system-out><![CDATA[14:14:20,028  INFO CustomRunner:132 - BeforeClass: org.hibernate.test.immutable.entitywithmutablecollection.noninverse.EntityWithNonInverseOneToManyJoinTest
14:14:20,030  INFO Configuration:706 - HHH000221: Reading mappings from resource: org/hibernate/test/immutable/entitywithmutablecollection/noninverse/ContractVariationOneToManyJoin.hbm.xml
14:14:20,038  INFO DriverManagerConnectionProviderImpl:99 - HHH000402: Using Hibernate built-in connection pool (not for production use!)
14:14:20,038  INFO DriverManagerConnectionProviderImpl:135 - HHH000115: Hibernate connection pool size: 5
14:14:20,038  INFO DriverManagerConnectionProviderImpl:138 - HHH000006: Autocommit mode: false
14:14:20,039  INFO DriverManagerConnectionProviderImpl:153 - HHH000401: using driver [org.h2.Driver] at URL [jdbc:h2:mem:db1;DB_CLOSE_DELAY=-1;MVCC=TRUE]
14:14:20,039  INFO DriverManagerConnectionProviderImpl:158 - HHH000046: Connection properties: {user=sa}
14:14:20,040  INFO Dialect:103 - HHH000400: Using dialect: org.hibernate.dialect.H2Dialect
14:14:20,040  INFO LobCreatorBuilder:94 - HHH000423: Disabling contextual LOB creation as JDBC driver reported JDBC version [3] less than 4
14:14:20,041  INFO TransactionFactoryInitiator:66 - HHH000399: Using default transaction strategy (direct JDBC transactions)
14:14:20,041  INFO ASTQueryTranslatorFactory:48 - HHH000397: Using ASTQueryTranslatorFactory
14:14:20,041  WARN CachingRegionFactory:58 - CachingRegionFactory should be only used for testing.
14:14:20,052  INFO SchemaExport:343 - HHH000227: Running hbm2ddl schema export
14:14:20,052 DEBUG SchemaExport:353 - Import file not found: /import.sql
14:14:20,053 DEBUG SQL:104 - 
    alter table Contract 
        drop constraint FKE20F7532190ADCD1
14:14:20,053 ERROR SchemaExport:425 - HHH000389: Unsuccessful: alter table Contract drop constraint FKE20F7532190ADCD1
14:14:20,053 ERROR SchemaExport:426 - Table "CONTRACT" not found; SQL statement:

    alter table Contract 
        drop constraint FKE20F7532190ADCD1 [42102-145]
14:14:20,053 DEBUG SQL:104 - 
    alter table ContractVariation 
        drop constraint FKB86C05013294E539
14:14:20,053 ERROR SchemaExport:425 - HHH000389: Unsuccessful: alter table ContractVariation drop constraint FKB86C05013294E539
14:14:20,053 ERROR SchemaExport:426 - Table "CONTRACTVARIATION" not found; SQL statement:

    alter table ContractVariation 
        drop constraint FKB86C05013294E539 [42102-145]
14:14:20,053 DEBUG SQL:104 - 
    alter table Info 
        drop constraint FK22D8CEA0A0D346
14:14:20,054 ERROR SchemaExport:425 - HHH000389: Unsuccessful: alter table Info drop constraint FK22D8CEA0A0D346
14:14:20,054 ERROR SchemaExport:426 - Table "INFO" not found; SQL statement:

    alter table Info 
        drop constraint FK22D8CEA0A0D346 [42102-145]
14:14:20,054 DEBUG SQL:104 - 
    alter table Info 
        drop constraint FK22D8CE1F1952D7
14:14:20,054 ERROR SchemaExport:425 - HHH000389: Unsuccessful: alter table Info drop constraint FK22D8CE1F1952D7
14:14:20,054 ERROR SchemaExport:426 - Table "INFO" not found; SQL statement:

    alter table Info 
        drop constraint FK22D8CE1F1952D7 [42102-145]
14:14:20,054 DEBUG SQL:104 - 
    alter table Info 
        drop constraint FK22D8CE3294E539
14:14:20,055 ERROR SchemaExport:425 - HHH000389: Unsuccessful: alter table Info drop constraint FK22D8CE3294E539
14:14:20,055 ERROR SchemaExport:426 - Table "INFO" not found; SQL statement:

    alter table Info 
        drop constraint FK22D8CE3294E539 [42102-145]
14:14:20,055 DEBUG SQL:104 - 
    alter table Info 
        drop constraint FK22D8CEF8244EED
14:14:20,055 ERROR SchemaExport:425 - HHH000389: Unsuccessful: alter table Info drop constraint FK22D8CEF8244EED
14:14:20,055 ERROR SchemaExport:426 - Table "INFO" not found; SQL statement:

    alter table Info 
        drop constraint FK22D8CEF8244EED [42102-145]
14:14:20,055 DEBUG SQL:104 - 
    alter table contract_party 
        drop constraint FK4D08F9791F1952D7
14:14:20,055 ERROR SchemaExport:425 - HHH000389: Unsuccessful: alter table contract_party drop constraint FK4D08F9791F1952D7
14:14:20,056 ERROR SchemaExport:426 - Table "CONTRACT_PARTY" not found; SQL statement:

    alter table contract_party 
        drop constraint FK4D08F9791F1952D7 [42102-145]
14:14:20,056 DEBUG SQL:104 - 
    alter table contract_party 
        drop constraint FK4D08F9793294E539
14:14:20,056 ERROR SchemaExport:425 - HHH000389: Unsuccessful: alter table contract_party drop constraint FK4D08F9793294E539
14:14:20,056 ERROR SchemaExport:426 - Table "CONTRACT_PARTY" not found; SQL statement:

    alter table contract_party 
        drop constraint FK4D08F9793294E539 [42102-145]
14:14:20,056 DEBUG SQL:104 - 
    alter table plan_contract 
        drop constraint FKDE1535683294E539
14:14:20,056 ERROR SchemaExport:425 - HHH000389: Unsuccessful: alter table plan_contract drop constraint FKDE1535683294E539
14:14:20,056 ERROR SchemaExport:426 - Table "PLAN_CONTRACT" not found; SQL statement:

    alter table plan_contract 
        drop constraint FKDE1535683294E539 [42102-145]
14:14:20,056 DEBUG SQL:104 - 
    alter table plan_contract 
        drop constraint FKDE153568A0A0D346
14:14:20,057 ERROR SchemaExport:425 - HHH000389: Unsuccessful: alter table plan_contract drop constraint FKDE153568A0A0D346
14:14:20,057 ERROR SchemaExport:426 - Table "PLAN_CONTRACT" not found; SQL statement:

    alter table plan_contract 
        drop constraint FKDE153568A0A0D346 [42102-145]
14:14:20,057 DEBUG SQL:104 - 
    drop table Contract if exists
14:14:20,057 DEBUG SQL:104 - 
    drop table ContractVariation if exists
14:14:20,057 DEBUG SQL:104 - 
    drop table Info if exists
14:14:20,057 DEBUG SQL:104 - 
    drop table Party if exists
14:14:20,057 DEBUG SQL:104 - 
    drop table contract_party if exists
14:14:20,058 DEBUG SQL:104 - 
    drop table plan_contract if exists
14:14:20,058 DEBUG SQL:104 - 
    drop table tbl_plan if exists
14:14:20,058 DEBUG SQL:104 - 
    create table Contract (
        id bigint not null,
        customerName varchar(255) not null,
        "type" varchar(255) not null,
        parent bigint,
        primary key (id)
    )
14:14:20,058 DEBUG SQL:104 - 
    create table ContractVariation (
        id integer not null,
        text longvarchar,
        contract bigint,
        primary key (id)
    )
14:14:20,067 DEBUG SQL:104 - 
    create table Info (
        id bigint not null,
        text varchar(255),
        col_plan bigint,
        party bigint,
        contract bigint,
        contractvariation integer,
        primary key (id)
    )
14:14:20,067 DEBUG SQL:104 - 
    create table Party (
        id bigint not null,
        name varchar(255) not null,
        primary key (id)
    )
14:14:20,068 DEBUG SQL:104 - 
    create table contract_party (
        party bigint not null,
        contract bigint not null,
        primary key (contract, party)
    )
14:14:20,068 DEBUG SQL:104 - 
    create table plan_contract (
        col_plan bigint not null,
        contract bigint not null,
        primary key (col_plan, contract)
    )
14:14:20,077 DEBUG SQL:104 - 
    create table tbl_plan (
        id bigint not null,
        description varchar(255) not null,
        primary key (id)
    )
14:14:20,078 DEBUG SQL:104 - 
    alter table Contract 
        add constraint FKE20F7532190ADCD1 
        foreign key (parent) 
        references Contract
14:14:20,078 DEBUG SQL:104 - 
    alter table ContractVariation 
        add constraint FKB86C05013294E539 
        foreign key (contract) 
        references Contract
14:14:20,079 DEBUG SQL:104 - 
    alter table Info 
        add constraint FK22D8CEA0A0D346 
        foreign key (col_plan) 
        references tbl_plan
14:14:20,079 DEBUG SQL:104 - 
    alter table Info 
        add constraint FK22D8CE1F1952D7 
        foreign key (party) 
        references Party
14:14:20,079 DEBUG SQL:104 - 
    alter table Info 
        add constraint FK22D8CE3294E539 
        foreign key (contract) 
        references Contract
14:14:20,080 DEBUG SQL:104 - 
    alter table Info 
        add constraint FK22D8CEF8244EED 
        foreign key (contractvariation) 
        references ContractVariation
14:14:20,080 DEBUG SQL:104 - 
    alter table contract_party 
        add constraint FK4D08F9791F1952D7 
        foreign key (party) 
        references Party
14:14:20,081 DEBUG SQL:104 - 
    alter table contract_party 
        add constraint FK4D08F9793294E539 
        foreign key (contract) 
        references Contract
14:14:20,081 DEBUG SQL:104 - 
    alter table plan_contract 
        add constraint FKDE1535683294E539 
        foreign key (contract) 
        references Contract
14:14:20,081 DEBUG SQL:104 - 
    alter table plan_contract 
        add constraint FKDE153568A0A0D346 
        foreign key (col_plan) 
        references tbl_plan
14:14:20,082  INFO SchemaExport:405 - HHH000230: Schema export complete
14:14:20,082  WARN SessionFactoryImpl:1554 - HHH000008: JTASessionContext being used with JDBCTransactionFactory; auto-flush will not operate correctly with getCurrentSession()
14:14:20,083  INFO CustomRunner:139 - Test: testAddExistingOneToManyElementToPersistentEntity
14:14:20,091 DEBUG SQL:104 - 
    select
        max(id) 
    from
        Contract
14:14:20,091 DEBUG SQL:104 - 
    select
        max(id) 
    from
        Party
14:14:20,092 DEBUG SQL:104 - 
    insert 
    into
        Contract
        (customerName, "type", id) 
    values
        (?, ?, ?)
14:14:20,092 DEBUG SQL:104 - 
    insert 
    into
        Party
        (name, id) 
    values
        (?, ?)
14:14:20,093 DEBUG SQL:104 - 
    select
        contract0_.id as id0_2_,
        contract0_.customerName as customer2_0_2_,
        contract0_."type" as type3_0_2_,
        contract0_.parent as parent0_2_,
        variations1_.contract as contract0_4_,
        variations1_.id as id1_4_,
        variations1_.id as id1_0_,
        variations1_.text as text1_0_,
        variations1_.contract as contract1_0_,
        subcontrac2_.parent as parent0_5_,
        subcontrac2_.id as id0_5_,
        subcontrac2_.id as id0_1_,
        subcontrac2_.customerName as customer2_0_1_,
        subcontrac2_."type" as type3_0_1_,
        subcontrac2_.parent as parent0_1_ 
    from
        Contract contract0_ 
    left outer join
        ContractVariation variations1_ 
            on contract0_.id=variations1_.contract 
    left outer join
        Contract subcontrac2_ 
            on contract0_.id=subcontrac2_.parent 
    where
        contract0_.id=? 
    order by
        variations1_.id asc
14:14:20,101 DEBUG SQL:104 - 
    select
        parties0_.contract as contract0_1_,
        parties0_.party as party4_1_,
        party1_.id as id3_0_,
        party1_.name as name3_0_,
        party1_1_.contract as contract4_0_ 
    from
        contract_party parties0_ 
    inner join
        Party party1_ 
            on parties0_.party=party1_.id 
    left outer join
        contract_party party1_1_ 
            on party1_.id=party1_1_.party 
    where
        parties0_.contract=?
14:14:20,101 DEBUG SQL:104 - 
    select
        party0_.id as id3_0_,
        party0_.name as name3_0_,
        party0_1_.contract as contract4_0_ 
    from
        Party party0_ 
    left outer join
        contract_party party0_1_ 
            on party0_.id=party0_1_.party 
    where
        party0_.id=?
14:14:20,124 DEBUG SQL:104 - 
    insert 
    into
        contract_party
        (contract, party) 
    values
        (?, ?)
14:14:20,125 DEBUG SQL:104 - 
    select
        this_.id as id0_2_,
        this_.customerName as customer2_0_2_,
        this_."type" as type3_0_2_,
        this_.parent as parent0_2_,
        variations2_.contract as contract0_4_,
        variations2_.id as id1_4_,
        variations2_.id as id1_0_,
        variations2_.text as text1_0_,
        variations2_.contract as contract1_0_,
        subcontrac3_.parent as parent0_5_,
        subcontrac3_.id as id0_5_,
        subcontrac3_.id as id0_1_,
        subcontrac3_.customerName as customer2_0_1_,
        subcontrac3_."type" as type3_0_1_,
        subcontrac3_.parent as parent0_1_ 
    from
        Contract this_ 
    left outer join
        ContractVariation variations2_ 
            on this_.id=variations2_.contract 
    left outer join
        Contract subcontrac3_ 
            on this_.id=subcontrac3_.parent 
    order by
        variations2_.id asc
14:14:20,134 DEBUG SQL:104 - 
    select
        parties0_.contract as contract0_1_,
        parties0_.party as party4_1_,
        party1_.id as id3_0_,
        party1_.name as name3_0_,
        party1_1_.contract as contract4_0_ 
    from
        contract_party parties0_ 
    inner join
        Party party1_ 
            on parties0_.party=party1_.id 
    left outer join
        contract_party party1_1_ 
            on party1_.id=party1_1_.party 
    where
        parties0_.contract=?
14:14:20,135 DEBUG SQL:104 - 
    select
        infos0_.party as party3_1_,
        infos0_.id as id2_1_,
        infos0_.id as id2_0_,
        infos0_.text as text2_0_ 
    from
        Info infos0_ 
    where
        infos0_.party=?
14:14:20,144 DEBUG SQL:104 - 
    select
        infos0_.contract as contract0_1_,
        infos0_.id as id2_1_,
        infos0_.id as id2_0_,
        infos0_.text as text2_0_ 
    from
        Info infos0_ 
    where
        infos0_.contract=?
14:14:20,144 DEBUG SQL:104 - 
    delete 
    from
        contract_party 
    where
        contract=?
14:14:20,145 DEBUG SQL:104 - 
    delete 
    from
        Party 
    where
        id=?
14:14:20,145 DEBUG SQL:104 - 
    delete 
    from
        Contract 
    where
        id=?
14:14:20,154 DEBUG SQL:104 - 
    select
        count(*) as y0_ 
    from
        Contract this_
14:14:20,154 DEBUG SQL:104 - 
    select
        count(*) as y0_ 
    from
        Party this_ 
    left outer join
        contract_party this_1_ 
            on this_.id=this_1_.party
14:14:20,155  INFO CustomRunner:139 - Test: testAddNewOneToManyElementToPersistentEntity
14:14:20,156 DEBUG SQL:104 - 
    insert 
    into
        Contract
        (customerName, "type", id) 
    values
        (?, ?, ?)
14:14:20,157 DEBUG SQL:104 - 
    select
        contract0_.id as id0_2_,
        contract0_.customerName as customer2_0_2_,
        contract0_."type" as type3_0_2_,
        contract0_.parent as parent0_2_,
        variations1_.contract as contract0_4_,
        variations1_.id as id1_4_,
        variations1_.id as id1_0_,
        variations1_.text as text1_0_,
        variations1_.contract as contract1_0_,
        subcontrac2_.parent as parent0_5_,
        subcontrac2_.id as id0_5_,
        subcontrac2_.id as id0_1_,
        subcontrac2_.customerName as customer2_0_1_,
        subcontrac2_."type" as type3_0_1_,
        subcontrac2_.parent as parent0_1_ 
    from
        Contract contract0_ 
    left outer join
        ContractVariation variations1_ 
            on contract0_.id=variations1_.contract 
    left outer join
        Contract subcontrac2_ 
            on contract0_.id=subcontrac2_.parent 
    where
        contract0_.id=? 
    order by
        variations1_.id asc
14:14:20,165 DEBUG SQL:104 - 
    select
        parties0_.contract as contract0_1_,
        parties0_.party as party4_1_,
        party1_.id as id3_0_,
        party1_.name as name3_0_,
        party1_1_.contract as contract4_0_ 
    from
        contract_party parties0_ 
    inner join
        Party party1_ 
            on parties0_.party=party1_.id 
    left outer join
        contract_party party1_1_ 
            on party1_.id=party1_1_.party 
    where
        parties0_.contract=?
14:14:20,166 DEBUG SQL:104 - 
    insert 
    into
        Party
        (name, id) 
    values
        (?, ?)
14:14:20,166 DEBUG SQL:104 - 
    insert 
    into
        contract_party
        (contract, party) 
    values
        (?, ?)
14:14:20,167 DEBUG SQL:104 - 
    select
        this_.id as id0_2_,
        this_.customerName as customer2_0_2_,
        this_."type" as type3_0_2_,
        this_.parent as parent0_2_,
        variations2_.contract as contract0_4_,
        variations2_.id as id1_4_,
        variations2_.id as id1_0_,
        variations2_.text as text1_0_,
        variations2_.contract as contract1_0_,
        subcontrac3_.parent as parent0_5_,
        subcontrac3_.id as id0_5_,
        subcontrac3_.id as id0_1_,
        subcontrac3_.customerName as customer2_0_1_,
        subcontrac3_."type" as type3_0_1_,
        subcontrac3_.parent as parent0_1_ 
    from
        Contract this_ 
    left outer join
        ContractVariation variations2_ 
            on this_.id=variations2_.contract 
    left outer join
        Contract subcontrac3_ 
            on this_.id=subcontrac3_.parent 
    order by
        variations2_.id asc
14:14:20,188 DEBUG SQL:104 - 
    select
        parties0_.contract as contract0_1_,
        parties0_.party as party4_1_,
        party1_.id as id3_0_,
        party1_.name as name3_0_,
        party1_1_.contract as contract4_0_ 
    from
        contract_party parties0_ 
    inner join
        Party party1_ 
            on parties0_.party=party1_.id 
    left outer join
        contract_party party1_1_ 
            on party1_.id=party1_1_.party 
    where
        parties0_.contract=?
14:14:20,189 DEBUG SQL:104 - 
    select
        infos0_.party as party3_1_,
        infos0_.id as id2_1_,
        infos0_.id as id2_0_,
        infos0_.text as text2_0_ 
    from
        Info infos0_ 
    where
        infos0_.party=?
14:14:20,213 DEBUG SQL:104 - 
    select
        infos0_.contract as contract0_1_,
        infos0_.id as id2_1_,
        infos0_.id as id2_0_,
        infos0_.text as text2_0_ 
    from
        Info infos0_ 
    where
        infos0_.contract=?
14:14:20,214 DEBUG SQL:104 - 
    delete 
    from
        contract_party 
    where
        contract=?
14:14:20,215 DEBUG SQL:104 - 
    delete 
    from
        Party 
    where
        id=?
14:14:20,215 DEBUG SQL:104 - 
    delete 
    from
        Contract 
    where
        id=?
14:14:20,215 DEBUG SQL:104 - 
    select
        count(*) as y0_ 
    from
        Contract this_
14:14:20,215 DEBUG SQL:104 - 
    select
        count(*) as y0_ 
    from
        Party this_ 
    left outer join
        contract_party this_1_ 
            on this_.id=this_1_.party
14:14:20,216  INFO CustomRunner:139 - Test: testCreateWithEmptyOneToManyCollectionMergeWithExistingElement
14:14:20,217 DEBUG SQL:104 - 
    insert 
    into
        Contract
        (customerName, "type", id) 
    values
        (?, ?, ?)
14:14:20,218 DEBUG SQL:104 - 
    insert 
    into
        Party
        (name, id) 
    values
        (?, ?)
14:14:20,218 DEBUG SQL:104 - 
    select
        contract0_.id as id0_1_,
        contract0_.customerName as customer2_0_1_,
        contract0_."type" as type3_0_1_,
        contract0_.parent as parent0_1_,
        variations1_.contract as contract0_3_,
        variations1_.id as id1_3_,
        variations1_.id as id1_0_,
        variations1_.text as text1_0_,
        variations1_.contract as contract1_0_ 
    from
        Contract contract0_ 
    left outer join
        ContractVariation variations1_ 
            on contract0_.id=variations1_.contract 
    where
        contract0_.id=? 
    order by
        variations1_.id asc
14:14:20,219 DEBUG SQL:104 - 
    select
        party0_.id as id3_1_,
        party0_.name as name3_1_,
        party0_1_.contract as contract4_1_,
        infos1_.party as party3_3_,
        infos1_.id as id2_3_,
        infos1_.id as id2_0_,
        infos1_.text as text2_0_ 
    from
        Party party0_ 
    left outer join
        contract_party party0_1_ 
            on party0_.id=party0_1_.party 
    left outer join
        Info infos1_ 
            on party0_.id=infos1_.party 
    where
        party0_.id=?
14:14:20,229 DEBUG SQL:104 - 
    select
        subcontrac0_.parent as parent0_1_,
        subcontrac0_.id as id0_1_,
        subcontrac0_.id as id0_0_,
        subcontrac0_.customerName as customer2_0_0_,
        subcontrac0_."type" as type3_0_0_,
        subcontrac0_.parent as parent0_0_ 
    from
        Contract subcontrac0_ 
    where
        subcontrac0_.parent=?
14:14:20,229 DEBUG SQL:104 - 
    select
        parties0_.contract as contract0_1_,
        parties0_.party as party4_1_,
        party1_.id as id3_0_,
        party1_.name as name3_0_,
        party1_1_.contract as contract4_0_ 
    from
        contract_party parties0_ 
    inner join
        Party party1_ 
            on parties0_.party=party1_.id 
    left outer join
        contract_party party1_1_ 
            on party1_.id=party1_1_.party 
    where
        parties0_.contract=?
14:14:20,240 DEBUG SQL:104 - 
    select
        infos0_.contract as contract0_1_,
        infos0_.id as id2_1_,
        infos0_.id as id2_0_,
        infos0_.text as text2_0_ 
    from
        Info infos0_ 
    where
        infos0_.contract=?
14:14:20,240 DEBUG SQL:104 - 
    insert 
    into
        contract_party
        (contract, party) 
    values
        (?, ?)
14:14:20,241 DEBUG SQL:104 - 
    select
        this_.id as id0_2_,
        this_.customerName as customer2_0_2_,
        this_."type" as type3_0_2_,
        this_.parent as parent0_2_,
        variations2_.contract as contract0_4_,
        variations2_.id as id1_4_,
        variations2_.id as id1_0_,
        variations2_.text as text1_0_,
        variations2_.contract as contract1_0_,
        subcontrac3_.parent as parent0_5_,
        subcontrac3_.id as id0_5_,
        subcontrac3_.id as id0_1_,
        subcontrac3_.customerName as customer2_0_1_,
        subcontrac3_."type" as type3_0_1_,
        subcontrac3_.parent as parent0_1_ 
    from
        Contract this_ 
    left outer join
        ContractVariation variations2_ 
            on this_.id=variations2_.contract 
    left outer join
        Contract subcontrac3_ 
            on this_.id=subcontrac3_.parent 
    order by
        variations2_.id asc
14:14:20,267 DEBUG SQL:104 - 
    select
        parties0_.contract as contract0_1_,
        parties0_.party as party4_1_,
        party1_.id as id3_0_,
        party1_.name as name3_0_,
        party1_1_.contract as contract4_0_ 
    from
        contract_party parties0_ 
    inner join
        Party party1_ 
            on parties0_.party=party1_.id 
    left outer join
        contract_party party1_1_ 
            on party1_.id=party1_1_.party 
    where
        parties0_.contract=?
14:14:20,268 DEBUG SQL:104 - 
    select
        infos0_.party as party3_1_,
        infos0_.id as id2_1_,
        infos0_.id as id2_0_,
        infos0_.text as text2_0_ 
    from
        Info infos0_ 
    where
        infos0_.party=?
14:14:20,280 DEBUG SQL:104 - 
    select
        infos0_.contract as contract0_1_,
        infos0_.id as id2_1_,
        infos0_.id as id2_0_,
        infos0_.text as text2_0_ 
    from
        Info infos0_ 
    where
        infos0_.contract=?
14:14:20,282 DEBUG SQL:104 - 
    delete 
    from
        contract_party 
    where
        contract=?
14:14:20,283 DEBUG SQL:104 - 
    delete 
    from
        Party 
    where
        id=?
14:14:20,283 DEBUG SQL:104 - 
    delete 
    from
        Contract 
    where
        id=?
14:14:20,292 DEBUG SQL:104 - 
    select
        count(*) as y0_ 
    from
        Contract this_
14:14:20,292 DEBUG SQL:104 - 
    select
        count(*) as y0_ 
    from
        Party this_ 
    left outer join
        contract_party this_1_ 
            on this_.id=this_1_.party
14:14:20,293  INFO CustomRunner:139 - Test: testCreateWithEmptyOneToManyCollectionUpdateWithExistingElement
14:14:20,295 DEBUG SQL:104 - 
    insert 
    into
        Contract
        (customerName, "type", id) 
    values
        (?, ?, ?)
14:14:20,296 DEBUG SQL:104 - 
    insert 
    into
        Party
        (name, id) 
    values
        (?, ?)
14:14:20,303 DEBUG SQL:104 - 
    insert 
    into
        contract_party
        (contract, party) 
    values
        (?, ?)
14:14:20,304 DEBUG SQL:104 - 
    select
        this_.id as id0_2_,
        this_.customerName as customer2_0_2_,
        this_."type" as type3_0_2_,
        this_.parent as parent0_2_,
        variations2_.contract as contract0_4_,
        variations2_.id as id1_4_,
        variations2_.id as id1_0_,
        variations2_.text as text1_0_,
        variations2_.contract as contract1_0_,
        subcontrac3_.parent as parent0_5_,
        subcontrac3_.id as id0_5_,
        subcontrac3_.id as id0_1_,
        subcontrac3_.customerName as customer2_0_1_,
        subcontrac3_."type" as type3_0_1_,
        subcontrac3_.parent as parent0_1_ 
    from
        Contract this_ 
    left outer join
        ContractVariation variations2_ 
            on this_.id=variations2_.contract 
    left outer join
        Contract subcontrac3_ 
            on this_.id=subcontrac3_.parent 
    order by
        variations2_.id asc
14:14:20,314 DEBUG SQL:104 - 
    select
        parties0_.contract as contract0_1_,
        parties0_.party as party4_1_,
        party1_.id as id3_0_,
        party1_.name as name3_0_,
        party1_1_.contract as contract4_0_ 
    from
        contract_party parties0_ 
    inner join
        Party party1_ 
            on parties0_.party=party1_.id 
    left outer join
        contract_party party1_1_ 
            on party1_.id=party1_1_.party 
    where
        parties0_.contract=?
14:14:20,316 DEBUG SQL:104 - 
    select
        infos0_.party as party3_1_,
        infos0_.id as id2_1_,
        infos0_.id as id2_0_,
        infos0_.text as text2_0_ 
    from
        Info infos0_ 
    where
        infos0_.party=?
14:14:20,326 DEBUG SQL:104 - 
    select
        infos0_.contract as contract0_1_,
        infos0_.id as id2_1_,
        infos0_.id as id2_0_,
        infos0_.text as text2_0_ 
    from
        Info infos0_ 
    where
        infos0_.contract=?
14:14:20,327 DEBUG SQL:104 - 
    delete 
    from
        contract_party 
    where
        contract=?
14:14:20,328 DEBUG SQL:104 - 
    delete 
    from
        Party 
    where
        id=?
14:14:20,328 DEBUG SQL:104 - 
    delete 
    from
        Contract 
    where
        id=?
14:14:20,337 DEBUG SQL:104 - 
    select
        count(*) as y0_ 
    from
        Contract this_
14:14:20,337 DEBUG SQL:104 - 
    select
        count(*) as y0_ 
    from
        Party this_ 
    left outer join
        contract_party this_1_ 
            on this_.id=this_1_.party
14:14:20,338  INFO CustomRunner:139 - Test: testCreateWithNonEmptyOneToManyCollectionMergeWithNewElement
14:14:20,340 DEBUG SQL:104 - 
    insert 
    into
        Contract
        (customerName, "type", id) 
    values
        (?, ?, ?)
14:14:20,341 DEBUG SQL:104 - 
    insert 
    into
        Party
        (name, id) 
    values
        (?, ?)
14:14:20,341 DEBUG SQL:104 - 
    insert 
    into
        contract_party
        (contract, party) 
    values
        (?, ?)
14:14:20,341 DEBUG SQL:104 - 
    select
        contract0_.id as id0_1_,
        contract0_.customerName as customer2_0_1_,
        contract0_."type" as type3_0_1_,
        contract0_.parent as parent0_1_,
        variations1_.contract as contract0_3_,
        variations1_.id as id1_3_,
        variations1_.id as id1_0_,
        variations1_.text as text1_0_,
        variations1_.contract as contract1_0_ 
    from
        Contract contract0_ 
    left outer join
        ContractVariation variations1_ 
            on contract0_.id=variations1_.contract 
    where
        contract0_.id=? 
    order by
        variations1_.id asc
14:14:20,352 DEBUG SQL:104 - 
    select
        party0_.id as id3_1_,
        party0_.name as name3_1_,
        party0_1_.contract as contract4_1_,
        infos1_.party as party3_3_,
        infos1_.id as id2_3_,
        infos1_.id as id2_0_,
        infos1_.text as text2_0_ 
    from
        Party party0_ 
    left outer join
        contract_party party0_1_ 
            on party0_.id=party0_1_.party 
    left outer join
        Info infos1_ 
            on party0_.id=infos1_.party 
    where
        party0_.id=?
14:14:20,353 DEBUG SQL:104 - 
    select
        subcontrac0_.parent as parent0_1_,
        subcontrac0_.id as id0_1_,
        subcontrac0_.id as id0_0_,
        subcontrac0_.customerName as customer2_0_0_,
        subcontrac0_."type" as type3_0_0_,
        subcontrac0_.parent as parent0_0_ 
    from
        Contract subcontrac0_ 
    where
        subcontrac0_.parent=?
14:14:20,362 DEBUG SQL:104 - 
    select
        parties0_.contract as contract0_1_,
        parties0_.party as party4_1_,
        party1_.id as id3_0_,
        party1_.name as name3_0_,
        party1_1_.contract as contract4_0_ 
    from
        contract_party parties0_ 
    inner join
        Party party1_ 
            on parties0_.party=party1_.id 
    left outer join
        contract_party party1_1_ 
            on party1_.id=party1_1_.party 
    where
        parties0_.contract=?
14:14:20,363 DEBUG SQL:104 - 
    select
        infos0_.contract as contract0_1_,
        infos0_.id as id2_1_,
        infos0_.id as id2_0_,
        infos0_.text as text2_0_ 
    from
        Info infos0_ 
    where
        infos0_.contract=?
14:14:20,364 DEBUG SQL:104 - 
    insert 
    into
        Party
        (name, id) 
    values
        (?, ?)
14:14:20,364 DEBUG SQL:104 - 
    insert 
    into
        contract_party
        (contract, party) 
    values
        (?, ?)
14:14:20,366 DEBUG SQL:104 - 
    select
        this_.id as id0_2_,
        this_.customerName as customer2_0_2_,
        this_."type" as type3_0_2_,
        this_.parent as parent0_2_,
        variations2_.contract as contract0_4_,
        variations2_.id as id1_4_,
        variations2_.id as id1_0_,
        variations2_.text as text1_0_,
        variations2_.contract as contract1_0_,
        subcontrac3_.parent as parent0_5_,
        subcontrac3_.id as id0_5_,
        subcontrac3_.id as id0_1_,
        subcontrac3_.customerName as customer2_0_1_,
        subcontrac3_."type" as type3_0_1_,
        subcontrac3_.parent as parent0_1_ 
    from
        Contract this_ 
    left outer join
        ContractVariation variations2_ 
            on this_.id=variations2_.contract 
    left outer join
        Contract subcontrac3_ 
            on this_.id=subcontrac3_.parent 
    order by
        variations2_.id asc
14:14:20,386 DEBUG SQL:104 - 
    select
        parties0_.contract as contract0_1_,
        parties0_.party as party4_1_,
        party1_.id as id3_0_,
        party1_.name as name3_0_,
        party1_1_.contract as contract4_0_ 
    from
        contract_party parties0_ 
    inner join
        Party party1_ 
            on parties0_.party=party1_.id 
    left outer join
        contract_party party1_1_ 
            on party1_.id=party1_1_.party 
    where
        parties0_.contract=?
14:14:20,396 DEBUG SQL:104 - 
    select
        infos0_.party as party3_1_,
        infos0_.id as id2_1_,
        infos0_.id as id2_0_,
        infos0_.text as text2_0_ 
    from
        Info infos0_ 
    where
        infos0_.party=?
14:14:20,397 DEBUG SQL:104 - 
    select
        infos0_.party as party3_1_,
        infos0_.id as id2_1_,
        infos0_.id as id2_0_,
        infos0_.text as text2_0_ 
    from
        Info infos0_ 
    where
        infos0_.party=?
14:14:20,406 DEBUG SQL:104 - 
    select
        infos0_.contract as contract0_1_,
        infos0_.id as id2_1_,
        infos0_.id as id2_0_,
        infos0_.text as text2_0_ 
    from
        Info infos0_ 
    where
        infos0_.contract=?
14:14:20,407 DEBUG SQL:104 - 
    delete 
    from
        contract_party 
    where
        contract=?
14:14:20,407 DEBUG SQL:104 - 
    delete 
    from
        Party 
    where
        id=?
14:14:20,407 DEBUG SQL:104 - 
    delete 
    from
        Party 
    where
        id=?
14:14:20,417 DEBUG SQL:104 - 
    delete 
    from
        Contract 
    where
        id=?
14:14:20,417 DEBUG SQL:104 - 
    select
        count(*) as y0_ 
    from
        Contract this_
14:14:20,417 DEBUG SQL:104 - 
    select
        count(*) as y0_ 
    from
        Party this_ 
    left outer join
        contract_party this_1_ 
            on this_.id=this_1_.party
14:14:20,418  INFO CustomRunner:139 - Test: testCreateWithNonEmptyOneToManyCollectionOfExisting
14:14:20,419 DEBUG SQL:104 - 
    insert 
    into
        Party
        (name, id) 
    values
        (?, ?)
14:14:20,420 DEBUG SQL:104 - 
    insert 
    into
        Contract
        (customerName, "type", id) 
    values
        (?, ?, ?)
14:14:20,429 DEBUG SQL:104 - 
    insert 
    into
        contract_party
        (contract, party) 
    values
        (?, ?)
14:14:20,430 DEBUG SQL:104 - 
    select
        this_.id as id0_2_,
        this_.customerName as customer2_0_2_,
        this_."type" as type3_0_2_,
        this_.parent as parent0_2_,
        variations2_.contract as contract0_4_,
        variations2_.id as id1_4_,
        variations2_.id as id1_0_,
        variations2_.text as text1_0_,
        variations2_.contract as contract1_0_,
        subcontrac3_.parent as parent0_5_,
        subcontrac3_.id as id0_5_,
        subcontrac3_.id as id0_1_,
        subcontrac3_.customerName as customer2_0_1_,
        subcontrac3_."type" as type3_0_1_,
        subcontrac3_.parent as parent0_1_ 
    from
        Contract this_ 
    left outer join
        ContractVariation variations2_ 
            on this_.id=variations2_.contract 
    left outer join
        Contract subcontrac3_ 
            on this_.id=subcontrac3_.parent 
    order by
        variations2_.id asc
14:14:20,440 DEBUG SQL:104 - 
    select
        parties0_.contract as contract0_1_,
        parties0_.party as party4_1_,
        party1_.id as id3_0_,
        party1_.name as name3_0_,
        party1_1_.contract as contract4_0_ 
    from
        contract_party parties0_ 
    inner join
        Party party1_ 
            on parties0_.party=party1_.id 
    left outer join
        contract_party party1_1_ 
            on party1_.id=party1_1_.party 
    where
        parties0_.contract=?
14:14:20,441 DEBUG SQL:104 - 
    select
        infos0_.party as party3_1_,
        infos0_.id as id2_1_,
        infos0_.id as id2_0_,
        infos0_.text as text2_0_ 
    from
        Info infos0_ 
    where
        infos0_.party=?
14:14:20,451 DEBUG SQL:104 - 
    select
        infos0_.contract as contract0_1_,
        infos0_.id as id2_1_,
        infos0_.id as id2_0_,
        infos0_.text as text2_0_ 
    from
        Info infos0_ 
    where
        infos0_.contract=?
14:14:20,451 DEBUG SQL:104 - 
    delete 
    from
        contract_party 
    where
        contract=?
14:14:20,452 DEBUG SQL:104 - 
    delete 
    from
        Party 
    where
        id=?
14:14:20,452 DEBUG SQL:104 - 
    delete 
    from
        Contract 
    where
        id=?
14:14:20,461 DEBUG SQL:104 - 
    select
        count(*) as y0_ 
    from
        Contract this_
14:14:20,462 DEBUG SQL:104 - 
    select
        count(*) as y0_ 
    from
        Party this_ 
    left outer join
        contract_party this_1_ 
            on this_.id=this_1_.party
14:14:20,462  INFO CustomRunner:139 - Test: testCreateWithNonEmptyOneToManyCollectionOfNew
14:14:20,463 DEBUG SQL:104 - 
    insert 
    into
        Contract
        (customerName, "type", id) 
    values
        (?, ?, ?)
14:14:20,464 DEBUG SQL:104 - 
    insert 
    into
        Party
        (name, id) 
    values
        (?, ?)
14:14:20,473 DEBUG SQL:104 - 
    insert 
    into
        contract_party
        (contract, party) 
    values
        (?, ?)
14:14:20,473 DEBUG SQL:104 - 
    select
        this_.id as id0_2_,
        this_.customerName as customer2_0_2_,
        this_."type" as type3_0_2_,
        this_.parent as parent0_2_,
        variations2_.contract as contract0_4_,
        variations2_.id as id1_4_,
        variations2_.id as id1_0_,
        variations2_.text as text1_0_,
        variations2_.contract as contract1_0_,
        subcontrac3_.parent as parent0_5_,
        subcontrac3_.id as id0_5_,
        subcontrac3_.id as id0_1_,
        subcontrac3_.customerName as customer2_0_1_,
        subcontrac3_."type" as type3_0_1_,
        subcontrac3_.parent as parent0_1_ 
    from
        Contract this_ 
    left outer join
        ContractVariation variations2_ 
            on this_.id=variations2_.contract 
    left outer join
        Contract subcontrac3_ 
            on this_.id=subcontrac3_.parent 
    order by
        variations2_.id asc
14:14:20,474 DEBUG SQL:104 - 
    select
        parties0_.contract as contract0_1_,
        parties0_.party as party4_1_,
        party1_.id as id3_0_,
        party1_.name as name3_0_,
        party1_1_.contract as contract4_0_ 
    from
        contract_party parties0_ 
    inner join
        Party party1_ 
            on parties0_.party=party1_.id 
    left outer join
        contract_party party1_1_ 
            on party1_.id=party1_1_.party 
    where
        parties0_.contract=?
14:14:20,475 DEBUG SQL:104 - 
    select
        infos0_.party as party3_1_,
        infos0_.id as id2_1_,
        infos0_.id as id2_0_,
        infos0_.text as text2_0_ 
    from
        Info infos0_ 
    where
        infos0_.party=?
14:14:20,486 DEBUG SQL:104 - 
    select
        infos0_.contract as contract0_1_,
        infos0_.id as id2_1_,
        infos0_.id as id2_0_,
        infos0_.text as text2_0_ 
    from
        Info infos0_ 
    where
        infos0_.contract=?
14:14:20,487 DEBUG SQL:104 - 
    delete 
    from
        contract_party 
    where
        contract=?
14:14:20,487 DEBUG SQL:104 - 
    delete 
    from
        Party 
    where
        id=?
14:14:20,487 DEBUG SQL:104 - 
    delete 
    from
        Contract 
    where
        id=?
14:14:20,498 DEBUG SQL:104 - 
    select
        count(*) as y0_ 
    from
        Contract this_
14:14:20,499 DEBUG SQL:104 - 
    select
        count(*) as y0_ 
    from
        Party this_ 
    left outer join
        contract_party this_1_ 
            on this_.id=this_1_.party
14:14:20,500  INFO CustomRunner:139 - Test: testCreateWithNonEmptyOneToManyCollectionUpdateWithNewElement
14:14:20,501 DEBUG SQL:104 - 
    insert 
    into
        Contract
        (customerName, "type", id) 
    values
        (?, ?, ?)
14:14:20,501 DEBUG SQL:104 - 
    insert 
    into
        Party
        (name, id) 
    values
        (?, ?)
14:14:20,502 DEBUG SQL:104 - 
    insert 
    into
        contract_party
        (contract, party) 
    values
        (?, ?)
14:14:20,502 DEBUG SQL:104 - 
    insert 
    into
        Party
        (name, id) 
    values
        (?, ?)
14:14:20,521 DEBUG SQL:104 - 
    insert 
    into
        contract_party
        (contract, party) 
    values
        (?, ?)
14:14:20,522 DEBUG SQL:104 - 
    select
        this_.id as id0_2_,
        this_.customerName as customer2_0_2_,
        this_."type" as type3_0_2_,
        this_.parent as parent0_2_,
        variations2_.contract as contract0_4_,
        variations2_.id as id1_4_,
        variations2_.id as id1_0_,
        variations2_.text as text1_0_,
        variations2_.contract as contract1_0_,
        subcontrac3_.parent as parent0_5_,
        subcontrac3_.id as id0_5_,
        subcontrac3_.id as id0_1_,
        subcontrac3_.customerName as customer2_0_1_,
        subcontrac3_."type" as type3_0_1_,
        subcontrac3_.parent as parent0_1_ 
    from
        Contract this_ 
    left outer join
        ContractVariation variations2_ 
            on this_.id=variations2_.contract 
    left outer join
        Contract subcontrac3_ 
            on this_.id=subcontrac3_.parent 
    order by
        variations2_.id asc
14:14:20,534 DEBUG SQL:104 - 
    select
        parties0_.contract as contract0_1_,
        parties0_.party as party4_1_,
        party1_.id as id3_0_,
        party1_.name as name3_0_,
        party1_1_.contract as contract4_0_ 
    from
        contract_party parties0_ 
    inner join
        Party party1_ 
            on parties0_.party=party1_.id 
    left outer join
        contract_party party1_1_ 
            on party1_.id=party1_1_.party 
    where
        parties0_.contract=?
14:14:20,535 DEBUG SQL:104 - 
    select
        infos0_.party as party3_1_,
        infos0_.id as id2_1_,
        infos0_.id as id2_0_,
        infos0_.text as text2_0_ 
    from
        Info infos0_ 
    where
        infos0_.party=?
14:14:20,541 DEBUG SQL:104 - 
    select
        infos0_.party as party3_1_,
        infos0_.id as id2_1_,
        infos0_.id as id2_0_,
        infos0_.text as text2_0_ 
    from
        Info infos0_ 
    where
        infos0_.party=?
14:14:20,542 DEBUG SQL:104 - 
    select
        infos0_.contract as contract0_1_,
        infos0_.id as id2_1_,
        infos0_.id as id2_0_,
        infos0_.text as text2_0_ 
    from
        Info infos0_ 
    where
        infos0_.contract=?
14:14:20,542 DEBUG SQL:104 - 
    delete 
    from
        contract_party 
    where
        contract=?
14:14:20,542 DEBUG SQL:104 - 
    delete 
    from
        Party 
    where
        id=?
14:14:20,552 DEBUG SQL:104 - 
    delete 
    from
        Party 
    where
        id=?
14:14:20,552 DEBUG SQL:104 - 
    delete 
    from
        Contract 
    where
        id=?
14:14:20,552 DEBUG SQL:104 - 
    select
        count(*) as y0_ 
    from
        Contract this_
14:14:20,553 DEBUG SQL:104 - 
    select
        count(*) as y0_ 
    from
        Party this_ 
    left outer join
        contract_party this_1_ 
            on this_.id=this_1_.party
14:14:20,553  INFO CustomRunner:139 - Test: testDeleteOneToManyElement
14:14:20,563 DEBUG SQL:104 - 
    insert 
    into
        Contract
        (customerName, "type", id) 
    values
        (?, ?, ?)
14:14:20,564 DEBUG SQL:104 - 
    insert 
    into
        Party
        (name, id) 
    values
        (?, ?)
14:14:20,564 DEBUG SQL:104 - 
    insert 
    into
        contract_party
        (contract, party) 
    values
        (?, ?)
14:14:20,564 DEBUG SQL:104 - 
    delete 
    from
        contract_party 
    where
        contract=?
14:14:20,565 DEBUG SQL:104 - 
    delete 
    from
        Party 
    where
        id=?
14:14:20,575 DEBUG SQL:104 - 
    select
        this_.id as id0_2_,
        this_.customerName as customer2_0_2_,
        this_."type" as type3_0_2_,
        this_.parent as parent0_2_,
        variations2_.contract as contract0_4_,
        variations2_.id as id1_4_,
        variations2_.id as id1_0_,
        variations2_.text as text1_0_,
        variations2_.contract as contract1_0_,
        subcontrac3_.parent as parent0_5_,
        subcontrac3_.id as id0_5_,
        subcontrac3_.id as id0_1_,
        subcontrac3_.customerName as customer2_0_1_,
        subcontrac3_."type" as type3_0_1_,
        subcontrac3_.parent as parent0_1_ 
    from
        Contract this_ 
    left outer join
        ContractVariation variations2_ 
            on this_.id=variations2_.contract 
    left outer join
        Contract subcontrac3_ 
            on this_.id=subcontrac3_.parent 
    order by
        variations2_.id asc
14:14:20,576 DEBUG SQL:104 - 
    select
        parties0_.contract as contract0_1_,
        parties0_.party as party4_1_,
        party1_.id as id3_0_,
        party1_.name as name3_0_,
        party1_1_.contract as contract4_0_ 
    from
        contract_party parties0_ 
    inner join
        Party party1_ 
            on parties0_.party=party1_.id 
    left outer join
        contract_party party1_1_ 
            on party1_.id=party1_1_.party 
    where
        parties0_.contract=?
14:14:20,586 DEBUG SQL:104 - 
    select
        this_.id as id3_0_,
        this_.name as name3_0_,
        this_1_.contract as contract4_0_ 
    from
        Party this_ 
    left outer join
        contract_party this_1_ 
            on this_.id=this_1_.party
14:14:20,587 DEBUG SQL:104 - 
    select
        infos0_.contract as contract0_1_,
        infos0_.id as id2_1_,
        infos0_.id as id2_0_,
        infos0_.text as text2_0_ 
    from
        Info infos0_ 
    where
        infos0_.contract=?
14:14:20,599 DEBUG SQL:104 - 
    delete 
    from
        Contract 
    where
        id=?
14:14:20,600 DEBUG SQL:104 - 
    select
        count(*) as y0_ 
    from
        Contract this_
14:14:20,600 DEBUG SQL:104 - 
    select
        count(*) as y0_ 
    from
        Party this_ 
    left outer join
        contract_party this_1_ 
            on this_.id=this_1_.party
14:14:20,601  INFO CustomRunner:139 - Test: testDeleteOneToManyOrphan
14:14:20,602 DEBUG SQL:104 - 
    select
        max(id) 
    from
        ContractVariation
14:14:20,603 DEBUG SQL:104 - 
    insert 
    into
        Contract
        (customerName, "type", id) 
    values
        (?, ?, ?)
14:14:20,603 DEBUG SQL:104 - 
    insert 
    into
        ContractVariation
        (text, id) 
    values
        (?, ?)
14:14:20,603 DEBUG SQL:104 - 
    update
        ContractVariation 
    set
        contract=? 
    where
        id=?
14:14:20,604 DEBUG SQL:104 - 
    update
        ContractVariation 
    set
        contract=null 
    where
        contract=?
14:14:20,611 DEBUG SQL:104 - 
    delete 
    from
        ContractVariation 
    where
        id=?
14:14:20,612 DEBUG SQL:104 - 
    select
        this_.id as id0_2_,
        this_.customerName as customer2_0_2_,
        this_."type" as type3_0_2_,
        this_.parent as parent0_2_,
        variations2_.contract as contract0_4_,
        variations2_.id as id1_4_,
        variations2_.id as id1_0_,
        variations2_.text as text1_0_,
        variations2_.contract as contract1_0_,
        subcontrac3_.parent as parent0_5_,
        subcontrac3_.id as id0_5_,
        subcontrac3_.id as id0_1_,
        subcontrac3_.customerName as customer2_0_1_,
        subcontrac3_."type" as type3_0_1_,
        subcontrac3_.parent as parent0_1_ 
    from
        Contract this_ 
    left outer join
        ContractVariation variations2_ 
            on this_.id=variations2_.contract 
    left outer join
        Contract subcontrac3_ 
            on this_.id=subcontrac3_.parent 
    order by
        variations2_.id asc
14:14:20,624 DEBUG SQL:104 - 
    select
        this_.id as id1_0_,
        this_.text as text1_0_,
        this_.contract as contract1_0_ 
    from
        ContractVariation this_
14:14:20,625 DEBUG SQL:104 - 
    select
        parties0_.contract as contract0_1_,
        parties0_.party as party4_1_,
        party1_.id as id3_0_,
        party1_.name as name3_0_,
        party1_1_.contract as contract4_0_ 
    from
        contract_party parties0_ 
    inner join
        Party party1_ 
            on parties0_.party=party1_.id 
    left outer join
        contract_party party1_1_ 
            on party1_.id=party1_1_.party 
    where
        parties0_.contract=?
14:14:20,625 DEBUG SQL:104 - 
    select
        infos0_.contract as contract0_1_,
        infos0_.id as id2_1_,
        infos0_.id as id2_0_,
        infos0_.text as text2_0_ 
    from
        Info infos0_ 
    where
        infos0_.contract=?
14:14:20,626 DEBUG SQL:104 - 
    delete 
    from
        Contract 
    where
        id=?
14:14:20,626 DEBUG SQL:104 - 
    select
        count(*) as y0_ 
    from
        Contract this_
14:14:20,671 DEBUG SQL:104 - 
    select
        count(*) as y0_ 
    from
        ContractVariation this_
14:14:20,671  INFO CustomRunner:139 - Test: testMoveOneToManyElementToExistingEntityCollection
14:14:20,673 DEBUG SQL:104 - 
    insert 
    into
        Contract
        (customerName, "type", id) 
    values
        (?, ?, ?)
14:14:20,673 DEBUG SQL:104 - 
    insert 
    into
        Party
        (name, id) 
    values
        (?, ?)
14:14:20,673 DEBUG SQL:104 - 
    insert 
    into
        Contract
        (customerName, "type", id) 
    values
        (?, ?, ?)
14:14:20,674 DEBUG SQL:104 - 
    insert 
    into
        contract_party
        (contract, party) 
    values
        (?, ?)
14:14:20,674 DEBUG SQL:104 - 
    select
        this_.id as id0_2_,
        this_.customerName as customer2_0_2_,
        this_."type" as type3_0_2_,
        this_.parent as parent0_2_,
        variations2_.contract as contract0_4_,
        variations2_.id as id1_4_,
        variations2_.id as id1_0_,
        variations2_.text as text1_0_,
        variations2_.contract as contract1_0_,
        subcontrac3_.parent as parent0_5_,
        subcontrac3_.id as id0_5_,
        subcontrac3_.id as id0_1_,
        subcontrac3_.customerName as customer2_0_1_,
        subcontrac3_."type" as type3_0_1_,
        subcontrac3_.parent as parent0_1_ 
    from
        Contract this_ 
    left outer join
        ContractVariation variations2_ 
            on this_.id=variations2_.contract 
    left outer join
        Contract subcontrac3_ 
            on this_.id=subcontrac3_.parent 
    where
        this_.id = ? 
    order by
        variations2_.id asc
14:14:20,675 DEBUG SQL:104 - 
    select
        parties0_.contract as contract0_1_,
        parties0_.party as party4_1_,
        party1_.id as id3_0_,
        party1_.name as name3_0_,
        party1_1_.contract as contract4_0_ 
    from
        contract_party parties0_ 
    inner join
        Party party1_ 
            on parties0_.party=party1_.id 
    left outer join
        contract_party party1_1_ 
            on party1_.id=party1_1_.party 
    where
        parties0_.contract=?
14:14:20,676 DEBUG SQL:104 - 
    select
        this_.id as id0_2_,
        this_.customerName as customer2_0_2_,
        this_."type" as type3_0_2_,
        this_.parent as parent0_2_,
        variations2_.contract as contract0_4_,
        variations2_.id as id1_4_,
        variations2_.id as id1_0_,
        variations2_.text as text1_0_,
        variations2_.contract as contract1_0_,
        subcontrac3_.parent as parent0_5_,
        subcontrac3_.id as id0_5_,
        subcontrac3_.id as id0_1_,
        subcontrac3_.customerName as customer2_0_1_,
        subcontrac3_."type" as type3_0_1_,
        subcontrac3_.parent as parent0_1_ 
    from
        Contract this_ 
    left outer join
        ContractVariation variations2_ 
            on this_.id=variations2_.contract 
    left outer join
        Contract subcontrac3_ 
            on this_.id=subcontrac3_.parent 
    where
        this_.id = ? 
    order by
        variations2_.id asc
14:14:20,691 DEBUG SQL:104 - 
    select
        parties0_.contract as contract0_1_,
        parties0_.party as party4_1_,
        party1_.id as id3_0_,
        party1_.name as name3_0_,
        party1_1_.contract as contract4_0_ 
    from
        contract_party parties0_ 
    inner join
        Party party1_ 
            on parties0_.party=party1_.id 
    left outer join
        contract_party party1_1_ 
            on party1_.id=party1_1_.party 
    where
        parties0_.contract=?
14:14:20,693 DEBUG SQL:104 - 
    delete 
    from
        contract_party 
    where
        contract=?
14:14:20,702 DEBUG SQL:104 - 
    insert 
    into
        contract_party
        (contract, party) 
    values
        (?, ?)
14:14:20,703 DEBUG SQL:104 - 
    select
        this_.id as id0_2_,
        this_.customerName as customer2_0_2_,
        this_."type" as type3_0_2_,
        this_.parent as parent0_2_,
        variations2_.contract as contract0_4_,
        variations2_.id as id1_4_,
        variations2_.id as id1_0_,
        variations2_.text as text1_0_,
        variations2_.contract as contract1_0_,
        subcontrac3_.parent as parent0_5_,
        subcontrac3_.id as id0_5_,
        subcontrac3_.id as id0_1_,
        subcontrac3_.customerName as customer2_0_1_,
        subcontrac3_."type" as type3_0_1_,
        subcontrac3_.parent as parent0_1_ 
    from
        Contract this_ 
    left outer join
        ContractVariation variations2_ 
            on this_.id=variations2_.contract 
    left outer join
        Contract subcontrac3_ 
            on this_.id=subcontrac3_.parent 
    where
        this_.id = ? 
    order by
        variations2_.id asc
14:14:20,716 DEBUG SQL:104 - 
    select
        this_.id as id0_2_,
        this_.customerName as customer2_0_2_,
        this_."type" as type3_0_2_,
        this_.parent as parent0_2_,
        variations2_.contract as contract0_4_,
        variations2_.id as id1_4_,
        variations2_.id as id1_0_,
        variations2_.text as text1_0_,
        variations2_.contract as contract1_0_,
        subcontrac3_.parent as parent0_5_,
        subcontrac3_.id as id0_5_,
        subcontrac3_.id as id0_1_,
        subcontrac3_.customerName as customer2_0_1_,
        subcontrac3_."type" as type3_0_1_,
        subcontrac3_.parent as parent0_1_ 
    from
        Contract this_ 
    left outer join
        ContractVariation variations2_ 
            on this_.id=variations2_.contract 
    left outer join
        Contract subcontrac3_ 
            on this_.id=subcontrac3_.parent 
    where
        this_.id = ? 
    order by
        variations2_.id asc
14:14:20,727 DEBUG SQL:104 - 
    select
        parties0_.contract as contract0_1_,
        parties0_.party as party4_1_,
        party1_.id as id3_0_,
        party1_.name as name3_0_,
        party1_1_.contract as contract4_0_ 
    from
        contract_party parties0_ 
    inner join
        Party party1_ 
            on parties0_.party=party1_.id 
    left outer join
        contract_party party1_1_ 
            on party1_.id=party1_1_.party 
    where
        parties0_.contract=?
14:14:20,728 DEBUG SQL:104 - 
    select
        parties0_.contract as contract0_1_,
        parties0_.party as party4_1_,
        party1_.id as id3_0_,
        party1_.name as name3_0_,
        party1_1_.contract as contract4_0_ 
    from
        contract_party parties0_ 
    inner join
        Party party1_ 
            on parties0_.party=party1_.id 
    left outer join
        contract_party party1_1_ 
            on party1_.id=party1_1_.party 
    where
        parties0_.contract=?
14:14:20,729 DEBUG SQL:104 - 
    select
        infos0_.contract as contract0_1_,
        infos0_.id as id2_1_,
        infos0_.id as id2_0_,
        infos0_.text as text2_0_ 
    from
        Info infos0_ 
    where
        infos0_.contract=?
14:14:20,730 DEBUG SQL:104 - 
    select
        infos0_.party as party3_1_,
        infos0_.id as id2_1_,
        infos0_.id as id2_0_,
        infos0_.text as text2_0_ 
    from
        Info infos0_ 
    where
        infos0_.party=?
14:14:20,731 DEBUG SQL:104 - 
    select
        infos0_.contract as contract0_1_,
        infos0_.id as id2_1_,
        infos0_.id as id2_0_,
        infos0_.text as text2_0_ 
    from
        Info infos0_ 
    where
        infos0_.contract=?
14:14:20,741 DEBUG SQL:104 - 
    delete 
    from
        contract_party 
    where
        contract=?
14:14:20,742 DEBUG SQL:104 - 
    delete 
    from
        Contract 
    where
        id=?
14:14:20,743 DEBUG SQL:104 - 
    delete 
    from
        Party 
    where
        id=?
14:14:20,743 DEBUG SQL:104 - 
    delete 
    from
        Contract 
    where
        id=?
14:14:20,752 DEBUG SQL:104 - 
    select
        count(*) as y0_ 
    from
        Contract this_
14:14:20,752 DEBUG SQL:104 - 
    select
        count(*) as y0_ 
    from
        Party this_ 
    left outer join
        contract_party this_1_ 
            on this_.id=this_1_.party
14:14:20,753  INFO CustomRunner:139 - Test: testMoveOneToManyElementToNewEntityCollection
14:14:20,754 DEBUG SQL:104 - 
    insert 
    into
        Contract
        (customerName, "type", id) 
    values
        (?, ?, ?)
14:14:20,755 DEBUG SQL:104 - 
    insert 
    into
        Party
        (name, id) 
    values
        (?, ?)
14:14:20,755 DEBUG SQL:104 - 
    insert 
    into
        contract_party
        (contract, party) 
    values
        (?, ?)
14:14:20,756 DEBUG SQL:104 - 
    select
        this_.id as id0_2_,
        this_.customerName as customer2_0_2_,
        this_."type" as type3_0_2_,
        this_.parent as parent0_2_,
        variations2_.contract as contract0_4_,
        variations2_.id as id1_4_,
        variations2_.id as id1_0_,
        variations2_.text as text1_0_,
        variations2_.contract as contract1_0_,
        subcontrac3_.parent as parent0_5_,
        subcontrac3_.id as id0_5_,
        subcontrac3_.id as id0_1_,
        subcontrac3_.customerName as customer2_0_1_,
        subcontrac3_."type" as type3_0_1_,
        subcontrac3_.parent as parent0_1_ 
    from
        Contract this_ 
    left outer join
        ContractVariation variations2_ 
            on this_.id=variations2_.contract 
    left outer join
        Contract subcontrac3_ 
            on this_.id=subcontrac3_.parent 
    order by
        variations2_.id asc
14:14:20,778 DEBUG SQL:104 - 
    select
        parties0_.contract as contract0_1_,
        parties0_.party as party4_1_,
        party1_.id as id3_0_,
        party1_.name as name3_0_,
        party1_1_.contract as contract4_0_ 
    from
        contract_party parties0_ 
    inner join
        Party party1_ 
            on parties0_.party=party1_.id 
    left outer join
        contract_party party1_1_ 
            on party1_.id=party1_1_.party 
    where
        parties0_.contract=?
14:14:20,790 DEBUG SQL:104 - 
    insert 
    into
        Contract
        (customerName, "type", id) 
    values
        (?, ?, ?)
14:14:20,791 DEBUG SQL:104 - 
    delete 
    from
        contract_party 
    where
        contract=?
14:14:20,791 DEBUG SQL:104 - 
    insert 
    into
        contract_party
        (contract, party) 
    values
        (?, ?)
14:14:20,792 DEBUG SQL:104 - 
    select
        this_.id as id0_2_,
        this_.customerName as customer2_0_2_,
        this_."type" as type3_0_2_,
        this_.parent as parent0_2_,
        variations2_.contract as contract0_4_,
        variations2_.id as id1_4_,
        variations2_.id as id1_0_,
        variations2_.text as text1_0_,
        variations2_.contract as contract1_0_,
        subcontrac3_.parent as parent0_5_,
        subcontrac3_.id as id0_5_,
        subcontrac3_.id as id0_1_,
        subcontrac3_.customerName as customer2_0_1_,
        subcontrac3_."type" as type3_0_1_,
        subcontrac3_.parent as parent0_1_ 
    from
        Contract this_ 
    left outer join
        ContractVariation variations2_ 
            on this_.id=variations2_.contract 
    left outer join
        Contract subcontrac3_ 
            on this_.id=subcontrac3_.parent 
    where
        this_.id = ? 
    order by
        variations2_.id asc
14:14:20,802 DEBUG SQL:104 - 
    select
        this_.id as id0_2_,
        this_.customerName as customer2_0_2_,
        this_."type" as type3_0_2_,
        this_.parent as parent0_2_,
        variations2_.contract as contract0_4_,
        variations2_.id as id1_4_,
        variations2_.id as id1_0_,
        variations2_.text as text1_0_,
        variations2_.contract as contract1_0_,
        subcontrac3_.parent as parent0_5_,
        subcontrac3_.id as id0_5_,
        subcontrac3_.id as id0_1_,
        subcontrac3_.customerName as customer2_0_1_,
        subcontrac3_."type" as type3_0_1_,
        subcontrac3_.parent as parent0_1_ 
    from
        Contract this_ 
    left outer join
        ContractVariation variations2_ 
            on this_.id=variations2_.contract 
    left outer join
        Contract subcontrac3_ 
            on this_.id=subcontrac3_.parent 
    where
        this_.id = ? 
    order by
        variations2_.id asc
14:14:20,813 DEBUG SQL:104 - 
    select
        parties0_.contract as contract0_1_,
        parties0_.party as party4_1_,
        party1_.id as id3_0_,
        party1_.name as name3_0_,
        party1_1_.contract as contract4_0_ 
    from
        contract_party parties0_ 
    inner join
        Party party1_ 
            on parties0_.party=party1_.id 
    left outer join
        contract_party party1_1_ 
            on party1_.id=party1_1_.party 
    where
        parties0_.contract=?
14:14:20,822 DEBUG SQL:104 - 
    select
        parties0_.contract as contract0_1_,
        parties0_.party as party4_1_,
        party1_.id as id3_0_,
        party1_.name as name3_0_,
        party1_1_.contract as contract4_0_ 
    from
        contract_party parties0_ 
    inner join
        Party party1_ 
            on parties0_.party=party1_.id 
    left outer join
        contract_party party1_1_ 
            on party1_.id=party1_1_.party 
    where
        parties0_.contract=?
14:14:20,823 DEBUG SQL:104 - 
    select
        infos0_.contract as contract0_1_,
        infos0_.id as id2_1_,
        infos0_.id as id2_0_,
        infos0_.text as text2_0_ 
    from
        Info infos0_ 
    where
        infos0_.contract=?
14:14:20,832 DEBUG SQL:104 - 
    select
        infos0_.party as party3_1_,
        infos0_.id as id2_1_,
        infos0_.id as id2_0_,
        infos0_.text as text2_0_ 
    from
        Info infos0_ 
    where
        infos0_.party=?
14:14:20,832 DEBUG SQL:104 - 
    select
        infos0_.contract as contract0_1_,
        infos0_.id as id2_1_,
        infos0_.id as id2_0_,
        infos0_.text as text2_0_ 
    from
        Info infos0_ 
    where
        infos0_.contract=?
14:14:20,833 DEBUG SQL:104 - 
    delete 
    from
        contract_party 
    where
        contract=?
14:14:20,841 DEBUG SQL:104 - 
    delete 
    from
        Contract 
    where
        id=?
14:14:20,842 DEBUG SQL:104 - 
    delete 
    from
        Party 
    where
        id=?
14:14:20,842 DEBUG SQL:104 - 
    delete 
    from
        Contract 
    where
        id=?
14:14:20,842 DEBUG SQL:104 - 
    select
        count(*) as y0_ 
    from
        Contract this_
14:14:20,843 DEBUG SQL:104 - 
    select
        count(*) as y0_ 
    from
        Party this_ 
    left outer join
        contract_party this_1_ 
            on this_.id=this_1_.party
14:14:20,853  INFO CustomRunner:139 - Test: testOneToManyCollectionOptimisticLockingWithMerge
14:14:20,854 DEBUG SQL:104 - 
    insert 
    into
        Contract
        (customerName, "type", id) 
    values
        (?, ?, ?)
14:14:20,854 DEBUG SQL:104 - 
    insert 
    into
        Party
        (name, id) 
    values
        (?, ?)
14:14:20,855 DEBUG SQL:104 - 
    insert 
    into
        contract_party
        (contract, party) 
    values
        (?, ?)
14:14:20,855 DEBUG SQL:104 - 
    select
        contract0_.id as id0_2_,
        contract0_.customerName as customer2_0_2_,
        contract0_."type" as type3_0_2_,
        contract0_.parent as parent0_2_,
        variations1_.contract as contract0_4_,
        variations1_.id as id1_4_,
        variations1_.id as id1_0_,
        variations1_.text as text1_0_,
        variations1_.contract as contract1_0_,
        subcontrac2_.parent as parent0_5_,
        subcontrac2_.id as id0_5_,
        subcontrac2_.id as id0_1_,
        subcontrac2_.customerName as customer2_0_1_,
        subcontrac2_."type" as type3_0_1_,
        subcontrac2_.parent as parent0_1_ 
    from
        Contract contract0_ 
    left outer join
        ContractVariation variations1_ 
            on contract0_.id=variations1_.contract 
    left outer join
        Contract subcontrac2_ 
            on contract0_.id=subcontrac2_.parent 
    where
        contract0_.id=? 
    order by
        variations1_.id asc
14:14:20,857 DEBUG SQL:104 - 
    select
        parties0_.contract as contract0_1_,
        parties0_.party as party4_1_,
        party1_.id as id3_0_,
        party1_.name as name3_0_,
        party1_1_.contract as contract4_0_ 
    from
        contract_party parties0_ 
    inner join
        Party party1_ 
            on parties0_.party=party1_.id 
    left outer join
        contract_party party1_1_ 
            on party1_.id=party1_1_.party 
    where
        parties0_.contract=?
14:14:20,866 DEBUG SQL:104 - 
    insert 
    into
        Party
        (name, id) 
    values
        (?, ?)
14:14:20,867 DEBUG SQL:104 - 
    insert 
    into
        contract_party
        (contract, party) 
    values
        (?, ?)
14:14:20,867 DEBUG SQL:104 - 
    select
        contract0_.id as id0_1_,
        contract0_.customerName as customer2_0_1_,
        contract0_."type" as type3_0_1_,
        contract0_.parent as parent0_1_,
        variations1_.contract as contract0_3_,
        variations1_.id as id1_3_,
        variations1_.id as id1_0_,
        variations1_.text as text1_0_,
        variations1_.contract as contract1_0_ 
    from
        Contract contract0_ 
    left outer join
        ContractVariation variations1_ 
            on contract0_.id=variations1_.contract 
    where
        contract0_.id=? 
    order by
        variations1_.id asc
14:14:20,876 DEBUG SQL:104 - 
    select
        subcontrac0_.parent as parent0_1_,
        subcontrac0_.id as id0_1_,
        subcontrac0_.id as id0_0_,
        subcontrac0_.customerName as customer2_0_0_,
        subcontrac0_."type" as type3_0_0_,
        subcontrac0_.parent as parent0_0_ 
    from
        Contract subcontrac0_ 
    where
        subcontrac0_.parent=?
14:14:20,877 DEBUG SQL:104 - 
    select
        parties0_.contract as contract0_1_,
        parties0_.party as party4_1_,
        party1_.id as id3_0_,
        party1_.name as name3_0_,
        party1_1_.contract as contract4_0_ 
    from
        contract_party parties0_ 
    inner join
        Party party1_ 
            on parties0_.party=party1_.id 
    left outer join
        contract_party party1_1_ 
            on party1_.id=party1_1_.party 
    where
        parties0_.contract=?
14:14:20,902 DEBUG SQL:104 - 
    select
        infos0_.contract as contract0_1_,
        infos0_.id as id2_1_,
        infos0_.id as id2_0_,
        infos0_.text as text2_0_ 
    from
        Info infos0_ 
    where
        infos0_.contract=?
14:14:20,903 DEBUG SQL:104 - 
    select
        this_.id as id0_2_,
        this_.customerName as customer2_0_2_,
        this_."type" as type3_0_2_,
        this_.parent as parent0_2_,
        variations2_.contract as contract0_4_,
        variations2_.id as id1_4_,
        variations2_.id as id1_0_,
        variations2_.text as text1_0_,
        variations2_.contract as contract1_0_,
        subcontrac3_.parent as parent0_5_,
        subcontrac3_.id as id0_5_,
        subcontrac3_.id as id0_1_,
        subcontrac3_.customerName as customer2_0_1_,
        subcontrac3_."type" as type3_0_1_,
        subcontrac3_.parent as parent0_1_ 
    from
        Contract this_ 
    left outer join
        ContractVariation variations2_ 
            on this_.id=variations2_.contract 
    left outer join
        Contract subcontrac3_ 
            on this_.id=subcontrac3_.parent 
    order by
        variations2_.id asc
14:14:20,914 DEBUG SQL:104 - 
    select
        parties0_.contract as contract0_1_,
        parties0_.party as party4_1_,
        party1_.id as id3_0_,
        party1_.name as name3_0_,
        party1_1_.contract as contract4_0_ 
    from
        contract_party parties0_ 
    inner join
        Party party1_ 
            on parties0_.party=party1_.id 
    left outer join
        contract_party party1_1_ 
            on party1_.id=party1_1_.party 
    where
        parties0_.contract=?
14:14:20,914 DEBUG SQL:104 - 
    select
        infos0_.party as party3_1_,
        infos0_.id as id2_1_,
        infos0_.id as id2_0_,
        infos0_.text as text2_0_ 
    from
        Info infos0_ 
    where
        infos0_.party=?
14:14:20,925 DEBUG SQL:104 - 
    select
        infos0_.party as party3_1_,
        infos0_.id as id2_1_,
        infos0_.id as id2_0_,
        infos0_.text as text2_0_ 
    from
        Info infos0_ 
    where
        infos0_.party=?
14:14:20,925 DEBUG SQL:104 - 
    select
        infos0_.contract as contract0_1_,
        infos0_.id as id2_1_,
        infos0_.id as id2_0_,
        infos0_.text as text2_0_ 
    from
        Info infos0_ 
    where
        infos0_.contract=?
14:14:20,926 DEBUG SQL:104 - 
    delete 
    from
        contract_party 
    where
        contract=?
14:14:20,926 DEBUG SQL:104 - 
    delete 
    from
        Party 
    where
        id=?
14:14:20,935 DEBUG SQL:104 - 
    delete 
    from
        Party 
    where
        id=?
14:14:20,936 DEBUG SQL:104 - 
    delete 
    from
        Contract 
    where
        id=?
14:14:20,937 DEBUG SQL:104 - 
    select
        count(*) as y0_ 
    from
        Contract this_
14:14:20,937 DEBUG SQL:104 - 
    select
        count(*) as y0_ 
    from
        Party this_ 
    left outer join
        contract_party this_1_ 
            on this_.id=this_1_.party
14:14:20,947  INFO CustomRunner:139 - Test: testOneToManyCollectionOptimisticLockingWithUpdate
14:14:20,948 DEBUG SQL:104 - 
    insert 
    into
        Contract
        (customerName, "type", id) 
    values
        (?, ?, ?)
14:14:20,948 DEBUG SQL:104 - 
    insert 
    into
        Party
        (name, id) 
    values
        (?, ?)
14:14:20,949 DEBUG SQL:104 - 
    insert 
    into
        contract_party
        (contract, party) 
    values
        (?, ?)
14:14:20,950 DEBUG SQL:104 - 
    select
        contract0_.id as id0_2_,
        contract0_.customerName as customer2_0_2_,
        contract0_."type" as type3_0_2_,
        contract0_.parent as parent0_2_,
        variations1_.contract as contract0_4_,
        variations1_.id as id1_4_,
        variations1_.id as id1_0_,
        variations1_.text as text1_0_,
        variations1_.contract as contract1_0_,
        subcontrac2_.parent as parent0_5_,
        subcontrac2_.id as id0_5_,
        subcontrac2_.id as id0_1_,
        subcontrac2_.customerName as customer2_0_1_,
        subcontrac2_."type" as type3_0_1_,
        subcontrac2_.parent as parent0_1_ 
    from
        Contract contract0_ 
    left outer join
        ContractVariation variations1_ 
            on contract0_.id=variations1_.contract 
    left outer join
        Contract subcontrac2_ 
            on contract0_.id=subcontrac2_.parent 
    where
        contract0_.id=? 
    order by
        variations1_.id asc
14:14:20,961 DEBUG SQL:104 - 
    select
        parties0_.contract as contract0_1_,
        parties0_.party as party4_1_,
        party1_.id as id3_0_,
        party1_.name as name3_0_,
        party1_1_.contract as contract4_0_ 
    from
        contract_party parties0_ 
    inner join
        Party party1_ 
            on parties0_.party=party1_.id 
    left outer join
        contract_party party1_1_ 
            on party1_.id=party1_1_.party 
    where
        parties0_.contract=?
14:14:20,972 DEBUG SQL:104 - 
    insert 
    into
        Party
        (name, id) 
    values
        (?, ?)
14:14:20,980 DEBUG SQL:104 - 
    insert 
    into
        contract_party
        (contract, party) 
    values
        (?, ?)
14:14:20,980 DEBUG SQL:104 - 
    delete 
    from
        contract_party 
    where
        contract=?
14:14:20,981 DEBUG SQL:104 - 
    select
        this_.id as id0_2_,
        this_.customerName as customer2_0_2_,
        this_."type" as type3_0_2_,
        this_.parent as parent0_2_,
        variations2_.contract as contract0_4_,
        variations2_.id as id1_4_,
        variations2_.id as id1_0_,
        variations2_.text as text1_0_,
        variations2_.contract as contract1_0_,
        subcontrac3_.parent as parent0_5_,
        subcontrac3_.id as id0_5_,
        subcontrac3_.id as id0_1_,
        subcontrac3_.customerName as customer2_0_1_,
        subcontrac3_."type" as type3_0_1_,
        subcontrac3_.parent as parent0_1_ 
    from
        Contract this_ 
    left outer join
        ContractVariation variations2_ 
            on this_.id=variations2_.contract 
    left outer join
        Contract subcontrac3_ 
            on this_.id=subcontrac3_.parent 
    order by
        variations2_.id asc
14:14:20,987 DEBUG QueryTranslatorImpl:265 - parse() - HQL: delete from org.hibernate.test.immutable.entitywithmutablecollection.Party
14:14:20,987 DEBUG QueryTranslatorImpl:283 - --- HQL AST ---
 \-[DELETE] Node: 'delete'
    \-[FROM] Node: 'FROM'
       \-[RANGE] Node: 'RANGE'
          \-[DOT] Node: '.'
             +-[DOT] Node: '.'
             |  +-[DOT] Node: '.'
             |  |  +-[DOT] Node: '.'
             |  |  |  +-[DOT] Node: '.'
             |  |  |  |  +-[IDENT] Node: 'org'
             |  |  |  |  \-[IDENT] Node: 'hibernate'
             |  |  |  \-[IDENT] Node: 'test'
             |  |  \-[IDENT] Node: 'immutable'
             |  \-[IDENT] Node: 'entitywithmutablecollection'
             \-[IDENT] Node: 'Party'

14:14:20,987 DEBUG ErrorCounter:82 - throwQueryException() : no errors
14:14:20,988 DEBUG FromElement:157 - FromClause{level=1} : org.hibernate.test.immutable.entitywithmutablecollection.Party (<no alias>) -> party0_
14:14:20,988 DEBUG QueryTranslatorImpl:252 - --- SQL AST ---
 \-[DELETE] DeleteStatement: 'delete'  querySpaces (Party,contract_party)
    \-[FROM] FromClause: 'FROM' FromClause{level=1, fromElementCounter=1, fromElements=1, fromElementByClassAlias=[], fromElementByTableAlias=[party0_], fromElementsByPath=[], collectionJoinFromElementsByPath=[], impliedElements=[]}
       \-[FROM_FRAGMENT] FromElement: 'Party' FromElement{explicit,not a collection join,not a fetch join,fetch non-lazy properties,classAlias=null,role=null,tableName=Party,tableAlias=party0_,origin=null,columns={,className=org.hibernate.test.immutable.entitywithmutablecollection.Party}}

14:14:20,988 DEBUG ErrorCounter:82 - throwQueryException() : no errors
14:14:20,988 DEBUG DeleteStatement:73 - getWhereClause() : Creating a new WHERE clause...
14:14:20,989 DEBUG SQL:104 - 
    insert 
    into
        HT_Party
        select
            party0_.id as id 
        from
            Party party0_ 
        left outer join
            contract_party party0_1_ 
                on party0_.id=party0_1_.party
14:14:21,000 DEBUG SQL:104 - 
    delete 
    from
        contract_party 
    where
        (
            party
        ) IN (
            select
                id 
            from
                HT_Party
        )
14:14:21,001 DEBUG SQL:104 - 
    delete 
    from
        Party 
    where
        (
            id
        ) IN (
            select
                id 
            from
                HT_Party
        )
14:14:21,001 DEBUG SQL:104 - 
    delete 
    from
        HT_Party
14:14:21,010 DEBUG SQL:104 - 
    select
        parties0_.contract as contract0_1_,
        parties0_.party as party4_1_,
        party1_.id as id3_0_,
        party1_.name as name3_0_,
        party1_1_.contract as contract4_0_ 
    from
        contract_party parties0_ 
    inner join
        Party party1_ 
            on parties0_.party=party1_.id 
    left outer join
        contract_party party1_1_ 
            on party1_.id=party1_1_.party 
    where
        parties0_.contract=?
14:14:21,011 DEBUG SQL:104 - 
    select
        infos0_.contract as contract0_1_,
        infos0_.id as id2_1_,
        infos0_.id as id2_0_,
        infos0_.text as text2_0_ 
    from
        Info infos0_ 
    where
        infos0_.contract=?
14:14:21,012 DEBUG SQL:104 - 
    delete 
    from
        Contract 
    where
        id=?
14:14:21,012 DEBUG SQL:104 - 
    select
        count(*) as y0_ 
    from
        Contract this_
14:14:21,013 DEBUG SQL:104 - 
    select
        count(*) as y0_ 
    from
        Party this_ 
    left outer join
        contract_party this_1_ 
            on this_.id=this_1_.party
14:14:21,036  INFO CustomRunner:139 - Test: testRemoveOneToManyElementByDelete
14:14:21,037 DEBUG SQL:104 - 
    insert 
    into
        Contract
        (customerName, "type", id) 
    values
        (?, ?, ?)
14:14:21,038 DEBUG SQL:104 - 
    insert 
    into
        Party
        (name, id) 
    values
        (?, ?)
14:14:21,038 DEBUG SQL:104 - 
    insert 
    into
        contract_party
        (contract, party) 
    values
        (?, ?)
14:14:21,038 DEBUG SQL:104 - 
    delete 
    from
        contract_party 
    where
        contract=?
14:14:21,047 DEBUG SQL:104 - 
    delete 
    from
        Party 
    where
        id=?
14:14:21,048 DEBUG SQL:104 - 
    select
        this_.id as id0_2_,
        this_.customerName as customer2_0_2_,
        this_."type" as type3_0_2_,
        this_.parent as parent0_2_,
        variations2_.contract as contract0_4_,
        variations2_.id as id1_4_,
        variations2_.id as id1_0_,
        variations2_.text as text1_0_,
        variations2_.contract as contract1_0_,
        subcontrac3_.parent as parent0_5_,
        subcontrac3_.id as id0_5_,
        subcontrac3_.id as id0_1_,
        subcontrac3_.customerName as customer2_0_1_,
        subcontrac3_."type" as type3_0_1_,
        subcontrac3_.parent as parent0_1_ 
    from
        Contract this_ 
    left outer join
        ContractVariation variations2_ 
            on this_.id=variations2_.contract 
    left outer join
        Contract subcontrac3_ 
            on this_.id=subcontrac3_.parent 
    order by
        variations2_.id asc
14:14:21,058 DEBUG SQL:104 - 
    select
        parties0_.contract as contract0_1_,
        parties0_.party as party4_1_,
        party1_.id as id3_0_,
        party1_.name as name3_0_,
        party1_1_.contract as contract4_0_ 
    from
        contract_party parties0_ 
    inner join
        Party party1_ 
            on parties0_.party=party1_.id 
    left outer join
        contract_party party1_1_ 
            on party1_.id=party1_1_.party 
    where
        parties0_.contract=?
14:14:21,059 DEBUG SQL:104 - 
    select
        infos0_.contract as contract0_1_,
        infos0_.id as id2_1_,
        infos0_.id as id2_0_,
        infos0_.text as text2_0_ 
    from
        Info infos0_ 
    where
        infos0_.contract=?
14:14:21,068 DEBUG SQL:104 - 
    delete 
    from
        Contract 
    where
        id=?
14:14:21,068 DEBUG SQL:104 - 
    select
        count(*) as y0_ 
    from
        Contract this_
14:14:21,069 DEBUG SQL:104 - 
    select
        count(*) as y0_ 
    from
        Party this_ 
    left outer join
        contract_party this_1_ 
            on this_.id=this_1_.party
14:14:21,069  INFO CustomRunner:139 - Test: testRemoveOneToManyElementUsingMerge
14:14:21,071 DEBUG SQL:104 - 
    insert 
    into
        Contract
        (customerName, "type", id) 
    values
        (?, ?, ?)
14:14:21,079 DEBUG SQL:104 - 
    insert 
    into
        Party
        (name, id) 
    values
        (?, ?)
14:14:21,079 DEBUG SQL:104 - 
    insert 
    into
        contract_party
        (contract, party) 
    values
        (?, ?)
14:14:21,081 DEBUG SQL:104 - 
    select
        contract0_.id as id0_1_,
        contract0_.customerName as customer2_0_1_,
        contract0_."type" as type3_0_1_,
        contract0_.parent as parent0_1_,
        variations1_.contract as contract0_3_,
        variations1_.id as id1_3_,
        variations1_.id as id1_0_,
        variations1_.text as text1_0_,
        variations1_.contract as contract1_0_ 
    from
        Contract contract0_ 
    left outer join
        ContractVariation variations1_ 
            on contract0_.id=variations1_.contract 
    where
        contract0_.id=? 
    order by
        variations1_.id asc
14:14:21,090 DEBUG SQL:104 - 
    select
        subcontrac0_.parent as parent0_1_,
        subcontrac0_.id as id0_1_,
        subcontrac0_.id as id0_0_,
        subcontrac0_.customerName as customer2_0_0_,
        subcontrac0_."type" as type3_0_0_,
        subcontrac0_.parent as parent0_0_ 
    from
        Contract subcontrac0_ 
    where
        subcontrac0_.parent=?
14:14:21,091 DEBUG SQL:104 - 
    select
        parties0_.contract as contract0_1_,
        parties0_.party as party4_1_,
        party1_.id as id3_0_,
        party1_.name as name3_0_,
        party1_1_.contract as contract4_0_ 
    from
        contract_party parties0_ 
    inner join
        Party party1_ 
            on parties0_.party=party1_.id 
    left outer join
        contract_party party1_1_ 
            on party1_.id=party1_1_.party 
    where
        parties0_.contract=?
14:14:21,101 DEBUG SQL:104 - 
    select
        infos0_.contract as contract0_1_,
        infos0_.id as id2_1_,
        infos0_.id as id2_0_,
        infos0_.text as text2_0_ 
    from
        Info infos0_ 
    where
        infos0_.contract=?
14:14:21,101 DEBUG SQL:104 - 
    select
        infos0_.party as party3_1_,
        infos0_.id as id2_1_,
        infos0_.id as id2_0_,
        infos0_.text as text2_0_ 
    from
        Info infos0_ 
    where
        infos0_.party=?
14:14:21,102 DEBUG SQL:104 - 
    delete 
    from
        contract_party 
    where
        contract=?
14:14:21,103 DEBUG SQL:104 - 
    select
        this_.id as id0_2_,
        this_.customerName as customer2_0_2_,
        this_."type" as type3_0_2_,
        this_.parent as parent0_2_,
        variations2_.contract as contract0_4_,
        variations2_.id as id1_4_,
        variations2_.id as id1_0_,
        variations2_.text as text1_0_,
        variations2_.contract as contract1_0_,
        subcontrac3_.parent as parent0_5_,
        subcontrac3_.id as id0_5_,
        subcontrac3_.id as id0_1_,
        subcontrac3_.customerName as customer2_0_1_,
        subcontrac3_."type" as type3_0_1_,
        subcontrac3_.parent as parent0_1_ 
    from
        Contract this_ 
    left outer join
        ContractVariation variations2_ 
            on this_.id=variations2_.contract 
    left outer join
        Contract subcontrac3_ 
            on this_.id=subcontrac3_.parent 
    order by
        variations2_.id asc
14:14:21,113 DEBUG SQL:104 - 
    select
        parties0_.contract as contract0_1_,
        parties0_.party as party4_1_,
        party1_.id as id3_0_,
        party1_.name as name3_0_,
        party1_1_.contract as contract4_0_ 
    from
        contract_party parties0_ 
    inner join
        Party party1_ 
            on parties0_.party=party1_.id 
    left outer join
        contract_party party1_1_ 
            on party1_.id=party1_1_.party 
    where
        parties0_.contract=?
14:14:21,114 DEBUG SQL:104 - 
    select
        this_.id as id3_0_,
        this_.name as name3_0_,
        this_1_.contract as contract4_0_ 
    from
        Party this_ 
    left outer join
        contract_party this_1_ 
            on this_.id=this_1_.party
14:14:21,114 DEBUG SQL:104 - 
    select
        infos0_.party as party3_1_,
        infos0_.id as id2_1_,
        infos0_.id as id2_0_,
        infos0_.text as text2_0_ 
    from
        Info infos0_ 
    where
        infos0_.party=?
14:14:21,128 DEBUG SQL:104 - 
    select
        infos0_.contract as contract0_1_,
        infos0_.id as id2_1_,
        infos0_.id as id2_0_,
        infos0_.text as text2_0_ 
    from
        Info infos0_ 
    where
        infos0_.contract=?
14:14:21,129 DEBUG SQL:104 - 
    delete 
    from
        Party 
    where
        id=?
14:14:21,129 DEBUG SQL:104 - 
    delete 
    from
        Contract 
    where
        id=?
14:14:21,129 DEBUG SQL:104 - 
    select
        count(*) as y0_ 
    from
        Contract this_
14:14:21,130 DEBUG SQL:104 - 
    select
        count(*) as y0_ 
    from
        Party this_ 
    left outer join
        contract_party this_1_ 
            on this_.id=this_1_.party
14:14:21,138  INFO CustomRunner:139 - Test: testRemoveOneToManyElementUsingUpdate
14:14:21,139 DEBUG SQL:104 - 
    insert 
    into
        Contract
        (customerName, "type", id) 
    values
        (?, ?, ?)
14:14:21,139 DEBUG SQL:104 - 
    insert 
    into
        Party
        (name, id) 
    values
        (?, ?)
14:14:21,140 DEBUG SQL:104 - 
    insert 
    into
        contract_party
        (contract, party) 
    values
        (?, ?)
14:14:21,140 DEBUG SQL:104 - 
    delete 
    from
        contract_party 
    where
        contract=?
14:14:21,141 DEBUG SQL:104 - 
    select
        this_.id as id0_2_,
        this_.customerName as customer2_0_2_,
        this_."type" as type3_0_2_,
        this_.parent as parent0_2_,
        variations2_.contract as contract0_4_,
        variations2_.id as id1_4_,
        variations2_.id as id1_0_,
        variations2_.text as text1_0_,
        variations2_.contract as contract1_0_,
        subcontrac3_.parent as parent0_5_,
        subcontrac3_.id as id0_5_,
        subcontrac3_.id as id0_1_,
        subcontrac3_.customerName as customer2_0_1_,
        subcontrac3_."type" as type3_0_1_,
        subcontrac3_.parent as parent0_1_ 
    from
        Contract this_ 
    left outer join
        ContractVariation variations2_ 
            on this_.id=variations2_.contract 
    left outer join
        Contract subcontrac3_ 
            on this_.id=subcontrac3_.parent 
    order by
        variations2_.id asc
14:14:21,161 DEBUG SQL:104 - 
    select
        parties0_.contract as contract0_1_,
        parties0_.party as party4_1_,
        party1_.id as id3_0_,
        party1_.name as name3_0_,
        party1_1_.contract as contract4_0_ 
    from
        contract_party parties0_ 
    inner join
        Party party1_ 
            on parties0_.party=party1_.id 
    left outer join
        contract_party party1_1_ 
            on party1_.id=party1_1_.party 
    where
        parties0_.contract=?
14:14:21,171 DEBUG SQL:104 - 
    select
        this_.id as id3_0_,
        this_.name as name3_0_,
        this_1_.contract as contract4_0_ 
    from
        Party this_ 
    left outer join
        contract_party this_1_ 
            on this_.id=this_1_.party
14:14:21,172 DEBUG SQL:104 - 
    select
        infos0_.party as party3_1_,
        infos0_.id as id2_1_,
        infos0_.id as id2_0_,
        infos0_.text as text2_0_ 
    from
        Info infos0_ 
    where
        infos0_.party=?
14:14:21,172 DEBUG SQL:104 - 
    select
        infos0_.contract as contract0_1_,
        infos0_.id as id2_1_,
        infos0_.id as id2_0_,
        infos0_.text as text2_0_ 
    from
        Info infos0_ 
    where
        infos0_.contract=?
14:14:21,182 DEBUG SQL:104 - 
    delete 
    from
        Party 
    where
        id=?
14:14:21,183 DEBUG SQL:104 - 
    delete 
    from
        Contract 
    where
        id=?
14:14:21,183 DEBUG SQL:104 - 
    select
        count(*) as y0_ 
    from
        Contract this_
14:14:21,183 DEBUG SQL:104 - 
    select
        count(*) as y0_ 
    from
        Party this_ 
    left outer join
        contract_party this_1_ 
            on this_.id=this_1_.party
14:14:21,184  INFO CustomRunner:139 - Test: testRemoveOneToManyOrphanUsingMerge
14:14:21,185 DEBUG SQL:104 - 
    insert 
    into
        Contract
        (customerName, "type", id) 
    values
        (?, ?, ?)
14:14:21,186 DEBUG SQL:104 - 
    insert 
    into
        ContractVariation
        (text, id) 
    values
        (?, ?)
14:14:21,186 DEBUG SQL:104 - 
    update
        ContractVariation 
    set
        contract=? 
    where
        id=?
14:14:21,186 DEBUG SQL:104 - 
    select
        contract0_.id as id0_1_,
        contract0_.customerName as customer2_0_1_,
        contract0_."type" as type3_0_1_,
        contract0_.parent as parent0_1_,
        variations1_.contract as contract0_3_,
        variations1_.id as id1_3_,
        variations1_.id as id1_0_,
        variations1_.text as text1_0_,
        variations1_.contract as contract1_0_ 
    from
        Contract contract0_ 
    left outer join
        ContractVariation variations1_ 
            on contract0_.id=variations1_.contract 
    where
        contract0_.id=? 
    order by
        variations1_.id asc
14:14:21,187 DEBUG SQL:104 - 
    select
        subcontrac0_.parent as parent0_1_,
        subcontrac0_.id as id0_1_,
        subcontrac0_.id as id0_0_,
        subcontrac0_.customerName as customer2_0_0_,
        subcontrac0_."type" as type3_0_0_,
        subcontrac0_.parent as parent0_0_ 
    from
        Contract subcontrac0_ 
    where
        subcontrac0_.parent=?
14:14:21,203 DEBUG SQL:104 - 
    select
        parties0_.contract as contract0_1_,
        parties0_.party as party4_1_,
        party1_.id as id3_0_,
        party1_.name as name3_0_,
        party1_1_.contract as contract4_0_ 
    from
        contract_party parties0_ 
    inner join
        Party party1_ 
            on parties0_.party=party1_.id 
    left outer join
        contract_party party1_1_ 
            on party1_.id=party1_1_.party 
    where
        parties0_.contract=?
14:14:21,203 DEBUG SQL:104 - 
    select
        infos0_.contract as contract0_1_,
        infos0_.id as id2_1_,
        infos0_.id as id2_0_,
        infos0_.text as text2_0_ 
    from
        Info infos0_ 
    where
        infos0_.contract=?
14:14:21,214 DEBUG SQL:104 - 
    select
        infos0_.contractvariation as contract6_1_1_,
        infos0_.id as id2_1_,
        infos0_.id as id2_0_,
        infos0_.text as text2_0_ 
    from
        Info infos0_ 
    where
        infos0_.contractvariation=?
14:14:21,215 DEBUG SQL:104 - 
    update
        ContractVariation 
    set
        contract=null 
    where
        contract=?
14:14:21,215 DEBUG SQL:104 - 
    delete 
    from
        ContractVariation 
    where
        id=?
14:14:21,227 DEBUG SQL:104 - 
    select
        this_.id as id0_2_,
        this_.customerName as customer2_0_2_,
        this_."type" as type3_0_2_,
        this_.parent as parent0_2_,
        variations2_.contract as contract0_4_,
        variations2_.id as id1_4_,
        variations2_.id as id1_0_,
        variations2_.text as text1_0_,
        variations2_.contract as contract1_0_,
        subcontrac3_.parent as parent0_5_,
        subcontrac3_.id as id0_5_,
        subcontrac3_.id as id0_1_,
        subcontrac3_.customerName as customer2_0_1_,
        subcontrac3_."type" as type3_0_1_,
        subcontrac3_.parent as parent0_1_ 
    from
        Contract this_ 
    left outer join
        ContractVariation variations2_ 
            on this_.id=variations2_.contract 
    left outer join
        Contract subcontrac3_ 
            on this_.id=subcontrac3_.parent 
    order by
        variations2_.id asc
14:14:21,228 DEBUG SQL:104 - 
    select
        this_.id as id1_0_,
        this_.text as text1_0_,
        this_.contract as contract1_0_ 
    from
        ContractVariation this_
14:14:21,236 DEBUG SQL:104 - 
    select
        parties0_.contract as contract0_1_,
        parties0_.party as party4_1_,
        party1_.id as id3_0_,
        party1_.name as name3_0_,
        party1_1_.contract as contract4_0_ 
    from
        contract_party parties0_ 
    inner join
        Party party1_ 
            on parties0_.party=party1_.id 
    left outer join
        contract_party party1_1_ 
            on party1_.id=party1_1_.party 
    where
        parties0_.contract=?
14:14:21,237 DEBUG SQL:104 - 
    select
        infos0_.contract as contract0_1_,
        infos0_.id as id2_1_,
        infos0_.id as id2_0_,
        infos0_.text as text2_0_ 
    from
        Info infos0_ 
    where
        infos0_.contract=?
14:14:21,237 DEBUG SQL:104 - 
    delete 
    from
        Contract 
    where
        id=?
14:14:21,238 DEBUG SQL:104 - 
    select
        count(*) as y0_ 
    from
        Contract this_
14:14:21,238 DEBUG SQL:104 - 
    select
        count(*) as y0_ 
    from
        ContractVariation this_
14:14:21,239  INFO CustomRunner:139 - Test: testRemoveOneToManyOrphanUsingUpdate
14:14:21,240 DEBUG SQL:104 - 
    insert 
    into
        Contract
        (customerName, "type", id) 
    values
        (?, ?, ?)
14:14:21,240 DEBUG SQL:104 - 
    insert 
    into
        ContractVariation
        (text, id) 
    values
        (?, ?)
14:14:21,252 DEBUG SQL:104 - 
    update
        ContractVariation 
    set
        contract=? 
    where
        id=?
14:14:21,252 DEBUG SQL:104 - 
    update
        ContractVariation 
    set
        contract=null 
    where
        contract=?
14:14:21,253 DEBUG SQL:104 - 
    delete 
    from
        ContractVariation 
    where
        id=?
14:14:21,253 DEBUG SQL:104 - 
    select
        this_.id as id0_2_,
        this_.customerName as customer2_0_2_,
        this_."type" as type3_0_2_,
        this_.parent as parent0_2_,
        variations2_.contract as contract0_4_,
        variations2_.id as id1_4_,
        variations2_.id as id1_0_,
        variations2_.text as text1_0_,
        variations2_.contract as contract1_0_,
        subcontrac3_.parent as parent0_5_,
        subcontrac3_.id as id0_5_,
        subcontrac3_.id as id0_1_,
        subcontrac3_.customerName as customer2_0_1_,
        subcontrac3_."type" as type3_0_1_,
        subcontrac3_.parent as parent0_1_ 
    from
        Contract this_ 
    left outer join
        ContractVariation variations2_ 
            on this_.id=variations2_.contract 
    left outer join
        Contract subcontrac3_ 
            on this_.id=subcontrac3_.parent 
    order by
        variations2_.id asc
14:14:21,263 DEBUG SQL:104 - 
    select
        this_.id as id1_0_,
        this_.text as text1_0_,
        this_.contract as contract1_0_ 
    from
        ContractVariation this_
14:14:21,264 DEBUG SQL:104 - 
    select
        parties0_.contract as contract0_1_,
        parties0_.party as party4_1_,
        party1_.id as id3_0_,
        party1_.name as name3_0_,
        party1_1_.contract as contract4_0_ 
    from
        contract_party parties0_ 
    inner join
        Party party1_ 
            on parties0_.party=party1_.id 
    left outer join
        contract_party party1_1_ 
            on party1_.id=party1_1_.party 
    where
        parties0_.contract=?
14:14:21,264 DEBUG SQL:104 - 
    select
        infos0_.contract as contract0_1_,
        infos0_.id as id2_1_,
        infos0_.id as id2_0_,
        infos0_.text as text2_0_ 
    from
        Info infos0_ 
    where
        infos0_.contract=?
14:14:21,286 DEBUG SQL:104 - 
    delete 
    from
        Contract 
    where
        id=?
14:14:21,287 DEBUG SQL:104 - 
    select
        count(*) as y0_ 
    from
        Contract this_
14:14:21,287 DEBUG SQL:104 - 
    select
        count(*) as y0_ 
    from
        ContractVariation this_
14:14:21,288  INFO CustomRunner:139 - Test: testUpdateProperty
14:14:21,289 DEBUG SQL:104 - 
    insert 
    into
        Contract
        (customerName, "type", id) 
    values
        (?, ?, ?)
14:14:21,297 DEBUG SQL:104 - 
    insert 
    into
        Party
        (name, id) 
    values
        (?, ?)
14:14:21,297 DEBUG SQL:104 - 
    insert 
    into
        contract_party
        (contract, party) 
    values
        (?, ?)
14:14:21,298 DEBUG SQL:104 - 
    select
        this_.id as id0_2_,
        this_.customerName as customer2_0_2_,
        this_."type" as type3_0_2_,
        this_.parent as parent0_2_,
        variations2_.contract as contract0_4_,
        variations2_.id as id1_4_,
        variations2_.id as id1_0_,
        variations2_.text as text1_0_,
        variations2_.contract as contract1_0_,
        subcontrac3_.parent as parent0_5_,
        subcontrac3_.id as id0_5_,
        subcontrac3_.id as id0_1_,
        subcontrac3_.customerName as customer2_0_1_,
        subcontrac3_."type" as type3_0_1_,
        subcontrac3_.parent as parent0_1_ 
    from
        Contract this_ 
    left outer join
        ContractVariation variations2_ 
            on this_.id=variations2_.contract 
    left outer join
        Contract subcontrac3_ 
            on this_.id=subcontrac3_.parent 
    order by
        variations2_.id asc
14:14:21,308 DEBUG SQL:104 - 
    select
        parties0_.contract as contract0_1_,
        parties0_.party as party4_1_,
        party1_.id as id3_0_,
        party1_.name as name3_0_,
        party1_1_.contract as contract4_0_ 
    from
        contract_party parties0_ 
    inner join
        Party party1_ 
            on parties0_.party=party1_.id 
    left outer join
        contract_party party1_1_ 
            on party1_.id=party1_1_.party 
    where
        parties0_.contract=?
14:14:21,319 DEBUG SQL:104 - 
    select
        this_.id as id0_2_,
        this_.customerName as customer2_0_2_,
        this_."type" as type3_0_2_,
        this_.parent as parent0_2_,
        variations2_.contract as contract0_4_,
        variations2_.id as id1_4_,
        variations2_.id as id1_0_,
        variations2_.text as text1_0_,
        variations2_.contract as contract1_0_,
        subcontrac3_.parent as parent0_5_,
        subcontrac3_.id as id0_5_,
        subcontrac3_.id as id0_1_,
        subcontrac3_.customerName as customer2_0_1_,
        subcontrac3_."type" as type3_0_1_,
        subcontrac3_.parent as parent0_1_ 
    from
        Contract this_ 
    left outer join
        ContractVariation variations2_ 
            on this_.id=variations2_.contract 
    left outer join
        Contract subcontrac3_ 
            on this_.id=subcontrac3_.parent 
    order by
        variations2_.id asc
14:14:21,321 DEBUG SQL:104 - 
    select
        parties0_.contract as contract0_1_,
        parties0_.party as party4_1_,
        party1_.id as id3_0_,
        party1_.name as name3_0_,
        party1_1_.contract as contract4_0_ 
    from
        contract_party parties0_ 
    inner join
        Party party1_ 
            on parties0_.party=party1_.id 
    left outer join
        contract_party party1_1_ 
            on party1_.id=party1_1_.party 
    where
        parties0_.contract=?
14:14:21,331 DEBUG SQL:104 - 
    select
        infos0_.party as party3_1_,
        infos0_.id as id2_1_,
        infos0_.id as id2_0_,
        infos0_.text as text2_0_ 
    from
        Info infos0_ 
    where
        infos0_.party=?
14:14:21,332 DEBUG SQL:104 - 
    select
        infos0_.contract as contract0_1_,
        infos0_.id as id2_1_,
        infos0_.id as id2_0_,
        infos0_.text as text2_0_ 
    from
        Info infos0_ 
    where
        infos0_.contract=?
14:14:21,341 DEBUG SQL:104 - 
    delete 
    from
        contract_party 
    where
        contract=?
14:14:21,342 DEBUG SQL:104 - 
    delete 
    from
        Party 
    where
        id=?
14:14:21,342 DEBUG SQL:104 - 
    delete 
    from
        Contract 
    where
        id=?
14:14:21,343 DEBUG SQL:104 - 
    select
        count(*) as y0_ 
    from
        Contract this_
14:14:21,343 DEBUG SQL:104 - 
    select
        count(*) as y0_ 
    from
        Party this_ 
    left outer join
        contract_party this_1_ 
            on this_.id=this_1_.party
14:14:21,354  INFO SchemaExport:343 - HHH000227: Running hbm2ddl schema export
14:14:21,355 DEBUG SchemaExport:353 - Import file not found: /import.sql
14:14:21,355 DEBUG SQL:104 - 
    alter table Contract 
        drop constraint FKE20F7532190ADCD1
14:14:21,355 DEBUG SQL:104 - 
    alter table ContractVariation 
        drop constraint FKB86C05013294E539
14:14:21,355 DEBUG SQL:104 - 
    alter table Info 
        drop constraint FK22D8CEA0A0D346
14:14:21,355 DEBUG SQL:104 - 
    alter table Info 
        drop constraint FK22D8CE1F1952D7
14:14:21,356 DEBUG SQL:104 - 
    alter table Info 
        drop constraint FK22D8CE3294E539
14:14:21,356 DEBUG SQL:104 - 
    alter table Info 
        drop constraint FK22D8CEF8244EED
14:14:21,356 DEBUG SQL:104 - 
    alter table contract_party 
        drop constraint FK4D08F9791F1952D7
14:14:21,356 DEBUG SQL:104 - 
    alter table contract_party 
        drop constraint FK4D08F9793294E539
14:14:21,363 DEBUG SQL:104 - 
    alter table plan_contract 
        drop constraint FKDE1535683294E539
14:14:21,363 DEBUG SQL:104 - 
    alter table plan_contract 
        drop constraint FKDE153568A0A0D346
14:14:21,364 DEBUG SQL:104 - 
    drop table Contract if exists
14:14:21,364 DEBUG SQL:104 - 
    drop table ContractVariation if exists
14:14:21,364 DEBUG SQL:104 - 
    drop table Info if exists
14:14:21,365 DEBUG SQL:104 - 
    drop table Party if exists
14:14:21,365 DEBUG SQL:104 - 
    drop table contract_party if exists
14:14:21,366 DEBUG SQL:104 - 
    drop table plan_contract if exists
14:14:21,366 DEBUG SQL:104 - 
    drop table tbl_plan if exists
14:14:21,366  INFO SchemaExport:405 - HHH000230: Schema export complete
14:14:21,366  INFO DriverManagerConnectionProviderImpl:162 - HHH000030: Cleaning up connection pool [jdbc:h2:mem:db1;DB_CLOSE_DELAY=-1;MVCC=TRUE]
]]></system-out>
  <system-err><![CDATA[]]></system-err>
</testsuite>
