<?xml version="1.0" encoding="UTF-8"?>
<testsuite errors="0" failures="0" hostname="dhcp-10.15.208.168.stl.redhat.com" name="org.hibernate.test.annotations.lob.hhh4635.LobTest" tests="1" time="0.001" timestamp="2013-02-28T20:10:34">
  <properties />
  <ignored-testcase classname="org.hibernate.test.annotations.lob.hhh4635.LobTest" name="hibernateTest" time="0.0" />
  <system-out><![CDATA[14:10:34,106  INFO CustomRunner:132 - BeforeClass: org.hibernate.test.annotations.lob.hhh4635.LobTest
]]></system-out>
  <system-err><![CDATA[]]></system-err>
</testsuite>
