<?xml version="1.0" encoding="UTF-8"?>
<testsuite errors="0" failures="0" hostname="dhcp-10.15.208.168.stl.redhat.com" name="org.hibernate.test.annotations.various.IndexTest" tests="2" time="0.081" timestamp="2013-02-28T20:10:44">
  <properties />
  <testcase classname="org.hibernate.test.annotations.various.IndexTest" name="testIndexAndJoined" time="0.012" />
  <testcase classname="org.hibernate.test.annotations.various.IndexTest" name="testIndexManyToOne" time="0.002" />
  <system-out><![CDATA[14:10:44,996  INFO CustomRunner:132 - BeforeClass: org.hibernate.test.annotations.various.IndexTest
14:10:45,002  INFO DriverManagerConnectionProviderImpl:99 - HHH000402: Using Hibernate built-in connection pool (not for production use!)
14:10:45,002  INFO DriverManagerConnectionProviderImpl:135 - HHH000115: Hibernate connection pool size: 5
14:10:45,002  INFO DriverManagerConnectionProviderImpl:138 - HHH000006: Autocommit mode: false
14:10:45,002  INFO DriverManagerConnectionProviderImpl:153 - HHH000401: using driver [org.h2.Driver] at URL [jdbc:h2:mem:db1;DB_CLOSE_DELAY=-1;MVCC=TRUE]
14:10:45,002  INFO DriverManagerConnectionProviderImpl:158 - HHH000046: Connection properties: {user=sa}
14:10:45,003  INFO Dialect:103 - HHH000400: Using dialect: org.hibernate.dialect.H2Dialect
14:10:45,004  INFO LobCreatorBuilder:94 - HHH000423: Disabling contextual LOB creation as JDBC driver reported JDBC version [3] less than 4
14:10:45,004  INFO TransactionFactoryInitiator:66 - HHH000399: Using default transaction strategy (direct JDBC transactions)
14:10:45,004  INFO ASTQueryTranslatorFactory:48 - HHH000397: Using ASTQueryTranslatorFactory
14:10:45,005  WARN CachingRegionFactory:58 - CachingRegionFactory should be only used for testing.
14:10:45,020  INFO SchemaExport:343 - HHH000227: Running hbm2ddl schema export
14:10:45,021 DEBUG SchemaExport:353 - Import file not found: /import.sql
14:10:45,021 DEBUG SQL:104 - 
    alter table Truck 
        drop constraint FK4D54C3F324EE470
14:10:45,021 ERROR SchemaExport:425 - HHH000389: Unsuccessful: alter table Truck drop constraint FK4D54C3F324EE470
14:10:45,022 ERROR SchemaExport:426 - Table "TRUCK" not found; SQL statement:

    alter table Truck 
        drop constraint FK4D54C3F324EE470 [42102-145]
14:10:45,022 DEBUG SQL:104 - 
    alter table Truck 
        drop constraint FK4D54C3FB72EE9F9
14:10:45,022 ERROR SchemaExport:425 - HHH000389: Unsuccessful: alter table Truck drop constraint FK4D54C3FB72EE9F9
14:10:45,022 ERROR SchemaExport:426 - Table "TRUCK" not found; SQL statement:

    alter table Truck 
        drop constraint FK4D54C3FB72EE9F9 [42102-145]
14:10:45,022 DEBUG SQL:104 - 
    alter table Vehicule 
        drop constraint FK7BE8DD7B989378E1
14:10:45,022 ERROR SchemaExport:425 - HHH000389: Unsuccessful: alter table Vehicule drop constraint FK7BE8DD7B989378E1
14:10:45,022 ERROR SchemaExport:426 - Table "VEHICULE" not found; SQL statement:

    alter table Vehicule 
        drop constraint FK7BE8DD7B989378E1 [42102-145]
14:10:45,022 DEBUG SQL:104 - 
    alter table Vehicule 
        drop constraint FK7BE8DD7B1B4B79AE
14:10:45,023 ERROR SchemaExport:425 - HHH000389: Unsuccessful: alter table Vehicule drop constraint FK7BE8DD7B1B4B79AE
14:10:45,023 ERROR SchemaExport:426 - Table "VEHICULE" not found; SQL statement:

    alter table Vehicule 
        drop constraint FK7BE8DD7B1B4B79AE [42102-145]
14:10:45,023 DEBUG SQL:104 - 
    drop table Conductor if exists
14:10:45,023 DEBUG SQL:104 - 
    drop table ProfessionalAgreement if exists
14:10:45,023 DEBUG SQL:104 - 
    drop table Truck if exists
14:10:45,023 DEBUG SQL:104 - 
    drop table Vehicule if exists
14:10:45,023 DEBUG SQL:104 - 
    drop sequence hibernate_sequence
14:10:45,023 ERROR SchemaExport:425 - HHH000389: Unsuccessful: drop sequence hibernate_sequence
14:10:45,024 ERROR SchemaExport:426 - Sequence "HIBERNATE_SEQUENCE" not found; SQL statement:

    drop sequence hibernate_sequence [90036-145]
14:10:45,024 DEBUG SQL:104 - 
    create table Conductor (
        id integer not null,
        cond_name varchar(255),
        version bigint,
        primary key (id)
    )
14:10:45,024 DEBUG SQL:104 - 
    create table ProfessionalAgreement (
        id integer not null,
        expirationDate timestamp,
        primary key (id)
    )
14:10:45,024 DEBUG SQL:104 - 
    create table Truck (
        weight integer not null,
        id varchar(255) not null,
        agreement_id integer,
        primary key (id)
    )
14:10:45,024 DEBUG SQL:104 - 
    create table Vehicule (
        id varchar(255) not null,
        registration varchar(255),
        year integer,
        Conductor_fk integer not null,
        previousConductor_id integer,
        primary key (id)
    )
14:10:45,025 DEBUG SQL:104 - 
    create index cond_name on Conductor (cond_name)
14:10:45,025 DEBUG SQL:104 - 
    create index agreement_idx on Truck (agreement_id)
14:10:45,025 DEBUG SQL:104 - 
    create index weigth_idx on Truck (weight)
14:10:45,025 DEBUG SQL:104 - 
    alter table Truck 
        add constraint FK4D54C3F324EE470 
        foreign key (agreement_id) 
        references ProfessionalAgreement
14:10:45,026 DEBUG SQL:104 - 
    alter table Truck 
        add constraint FK4D54C3FB72EE9F9 
        foreign key (id) 
        references Vehicule
14:10:45,038 DEBUG SQL:104 - 
    create index thirdone on Vehicule (Conductor_fk)
14:10:45,038 DEBUG SQL:104 - 
    create index forthone on Vehicule (previousConductor_id)
14:10:45,038 DEBUG SQL:104 - 
    create index year_idx on Vehicule (year)
14:10:45,038 DEBUG SQL:104 - 
    create index improbableindex on Vehicule (registration, Conductor_fk)
14:10:45,039 DEBUG SQL:104 - 
    create index secondone on Vehicule (Conductor_fk)
14:10:45,039 DEBUG SQL:104 - 
    alter table Vehicule 
        add constraint FK7BE8DD7B989378E1 
        foreign key (Conductor_fk) 
        references Conductor
14:10:45,039 DEBUG SQL:104 - 
    alter table Vehicule 
        add constraint FK7BE8DD7B1B4B79AE 
        foreign key (previousConductor_id) 
        references Conductor
14:10:45,040 DEBUG SQL:104 - 
    create sequence hibernate_sequence start with 1 increment by 1
14:10:45,040  INFO SchemaExport:405 - HHH000230: Schema export complete
14:10:45,041  WARN SessionFactoryImpl:1554 - HHH000008: JTASessionContext being used with JDBCTransactionFactory; auto-flush will not operate correctly with getCurrentSession()
14:10:45,041  INFO CustomRunner:139 - Test: testIndexAndJoined
14:10:45,042 DEBUG SQL:104 - 
    call next value for hibernate_sequence
14:10:45,043 DEBUG SQL:104 - 
    call next value for hibernate_sequence
14:10:45,050 DEBUG SQL:104 - 
    insert 
    into
        Conductor
        (cond_name, version, id) 
    values
        (?, ?, ?)
14:10:45,050 DEBUG SQL:104 - 
    insert 
    into
        ProfessionalAgreement
        (expirationDate, id) 
    values
        (?, ?)
14:10:45,052 DEBUG SQL:104 - 
    insert 
    into
        Vehicule
        (Conductor_fk, previousConductor_id, registration, year, id) 
    values
        (?, ?, ?, ?, ?)
14:10:45,052 DEBUG SQL:104 - 
    insert 
    into
        Truck
        (agreement_id, weight, id) 
    values
        (?, ?, ?)
14:10:45,060  INFO CustomRunner:139 - Test: testIndexManyToOne
14:10:45,061 DEBUG SQL:104 - 
    call next value for hibernate_sequence
14:10:45,062 DEBUG SQL:104 - 
    insert 
    into
        Conductor
        (cond_name, version, id) 
    values
        (?, ?, ?)
14:10:45,063 DEBUG SQL:104 - 
    insert 
    into
        Vehicule
        (Conductor_fk, previousConductor_id, registration, year, id) 
    values
        (?, ?, ?, ?, ?)
14:10:45,064  INFO SchemaExport:343 - HHH000227: Running hbm2ddl schema export
14:10:45,064 DEBUG SchemaExport:353 - Import file not found: /import.sql
14:10:45,064 DEBUG SQL:104 - 
    alter table Truck 
        drop constraint FK4D54C3F324EE470
14:10:45,065 DEBUG SQL:104 - 
    alter table Truck 
        drop constraint FK4D54C3FB72EE9F9
14:10:45,074 DEBUG SQL:104 - 
    alter table Vehicule 
        drop constraint FK7BE8DD7B989378E1
14:10:45,074 DEBUG SQL:104 - 
    alter table Vehicule 
        drop constraint FK7BE8DD7B1B4B79AE
14:10:45,075 DEBUG SQL:104 - 
    drop table Conductor if exists
14:10:45,075 DEBUG SQL:104 - 
    drop table ProfessionalAgreement if exists
14:10:45,075 DEBUG SQL:104 - 
    drop table Truck if exists
14:10:45,076 DEBUG SQL:104 - 
    drop table Vehicule if exists
14:10:45,076 DEBUG SQL:104 - 
    drop sequence hibernate_sequence
14:10:45,076  INFO SchemaExport:405 - HHH000230: Schema export complete
14:10:45,076  INFO DriverManagerConnectionProviderImpl:162 - HHH000030: Cleaning up connection pool [jdbc:h2:mem:db1;DB_CLOSE_DELAY=-1;MVCC=TRUE]
]]></system-out>
  <system-err><![CDATA[]]></system-err>
</testsuite>
