<?xml version="1.0" encoding="UTF-8"?>
<testsuite errors="0" failures="0" hostname="dhcp-10.15.208.168.stl.redhat.com" name="org.hibernate.test.manytomanyassociationclass.surrogateid.assigned.ManyToManyAssociationClassAssignedIdTest" tests="6" time="0.343" timestamp="2013-02-28T20:17:27">
  <properties />
  <testcase classname="org.hibernate.test.manytomanyassociationclass.surrogateid.assigned.ManyToManyAssociationClassAssignedIdTest" name="testDeleteDetached" time="0.076" />
  <testcase classname="org.hibernate.test.manytomanyassociationclass.surrogateid.assigned.ManyToManyAssociationClassAssignedIdTest" name="testRemoveAndAddEqualCollection" time="0.008" />
  <testcase classname="org.hibernate.test.manytomanyassociationclass.surrogateid.assigned.ManyToManyAssociationClassAssignedIdTest" name="testRemoveAndAddEqualElement" time="0.007" />
  <testcase classname="org.hibernate.test.manytomanyassociationclass.surrogateid.assigned.ManyToManyAssociationClassAssignedIdTest" name="testRemoveAndAddEqualElementNonKeyModified" time="0.006" />
  <testcase classname="org.hibernate.test.manytomanyassociationclass.surrogateid.assigned.ManyToManyAssociationClassAssignedIdTest" name="testRemoveAndAddSameElement" time="0.077" />
  <testcase classname="org.hibernate.test.manytomanyassociationclass.surrogateid.assigned.ManyToManyAssociationClassAssignedIdTest" name="testRemoveAndAddSameElementNonKeyModified" time="0.005" />
  <system-out><![CDATA[14:17:27,756  INFO CustomRunner:132 - BeforeClass: org.hibernate.test.manytomanyassociationclass.surrogateid.assigned.ManyToManyAssociationClassAssignedIdTest
14:17:27,757  INFO Configuration:706 - HHH000221: Reading mappings from resource: org/hibernate/test/manytomanyassociationclass/surrogateid/assigned/Mappings.hbm.xml
14:17:27,858  INFO DriverManagerConnectionProviderImpl:99 - HHH000402: Using Hibernate built-in connection pool (not for production use!)
14:17:27,859  INFO DriverManagerConnectionProviderImpl:135 - HHH000115: Hibernate connection pool size: 5
14:17:27,859  INFO DriverManagerConnectionProviderImpl:138 - HHH000006: Autocommit mode: false
14:17:27,859  INFO DriverManagerConnectionProviderImpl:153 - HHH000401: using driver [org.h2.Driver] at URL [jdbc:h2:mem:db1;DB_CLOSE_DELAY=-1;MVCC=TRUE]
14:17:27,859  INFO DriverManagerConnectionProviderImpl:158 - HHH000046: Connection properties: {user=sa}
14:17:27,860  INFO Dialect:103 - HHH000400: Using dialect: org.hibernate.dialect.H2Dialect
14:17:27,861  INFO LobCreatorBuilder:94 - HHH000423: Disabling contextual LOB creation as JDBC driver reported JDBC version [3] less than 4
14:17:27,861  INFO TransactionFactoryInitiator:66 - HHH000399: Using default transaction strategy (direct JDBC transactions)
14:17:27,861  INFO ASTQueryTranslatorFactory:48 - HHH000397: Using ASTQueryTranslatorFactory
14:17:27,862  WARN CachingRegionFactory:58 - CachingRegionFactory should be only used for testing.
14:17:27,868  INFO SchemaExport:343 - HHH000227: Running hbm2ddl schema export
14:17:27,869 DEBUG SchemaExport:353 - Import file not found: /import.sql
14:17:27,869 DEBUG SQL:104 - 
    alter table HB_MEMBERSHIP 
        drop constraint FK1E8C403B888B222
14:17:27,869 ERROR SchemaExport:425 - HHH000389: Unsuccessful: alter table HB_MEMBERSHIP drop constraint FK1E8C403B888B222
14:17:27,869 ERROR SchemaExport:426 - Table "HB_MEMBERSHIP" not found; SQL statement:

    alter table HB_MEMBERSHIP 
        drop constraint FK1E8C403B888B222 [42102-145]
14:17:27,870 DEBUG SQL:104 - 
    alter table HB_MEMBERSHIP 
        drop constraint FK1E8C403B35D39E12
14:17:27,870 ERROR SchemaExport:425 - HHH000389: Unsuccessful: alter table HB_MEMBERSHIP drop constraint FK1E8C403B35D39E12
14:17:27,870 ERROR SchemaExport:426 - Table "HB_MEMBERSHIP" not found; SQL statement:

    alter table HB_MEMBERSHIP 
        drop constraint FK1E8C403B35D39E12 [42102-145]
14:17:27,870 DEBUG SQL:104 - 
    drop table HB_GROUP if exists
14:17:27,870 DEBUG SQL:104 - 
    drop table HB_MEMBERSHIP if exists
14:17:27,870 DEBUG SQL:104 - 
    drop table HB_USER if exists
14:17:27,870 DEBUG SQL:104 - 
    create table HB_GROUP (
        ID bigint generated by default as identity,
        NAME varchar(40) not null,
        primary key (ID)
    )
14:17:27,871 DEBUG SQL:104 - 
    create table HB_MEMBERSHIP (
        ID bigint not null,
        NAME varchar(40) not null,
        USER_ID bigint not null,
        GROUP_ID bigint not null,
        primary key (ID)
    )
14:17:27,871 DEBUG SQL:104 - 
    create table HB_USER (
        ID bigint generated by default as identity,
        NAME varchar(40) not null,
        primary key (ID)
    )
14:17:27,871 DEBUG SQL:104 - 
    alter table HB_MEMBERSHIP 
        add constraint UK_MEMBERSHIP unique (USER_ID, GROUP_ID)
14:17:27,872 DEBUG SQL:104 - 
    alter table HB_MEMBERSHIP 
        add constraint FK1E8C403B888B222 
        foreign key (USER_ID) 
        references HB_USER
14:17:27,872 DEBUG SQL:104 - 
    alter table HB_MEMBERSHIP 
        add constraint FK1E8C403B35D39E12 
        foreign key (GROUP_ID) 
        references HB_GROUP
14:17:27,872  INFO SchemaExport:405 - HHH000230: Schema export complete
14:17:27,873  WARN SessionFactoryImpl:1554 - HHH000008: JTASessionContext being used with JDBCTransactionFactory; auto-flush will not operate correctly with getCurrentSession()
14:17:27,873  INFO CustomRunner:139 - Test: testDeleteDetached
14:17:27,876 DEBUG SQL:104 - 
    insert 
    into
        HB_USER
        (ID, NAME) 
    values
        (null, ?)
14:17:27,938 DEBUG SQL:104 - 
    insert 
    into
        HB_GROUP
        (ID, NAME) 
    values
        (null, ?)
14:17:27,939 DEBUG SQL:104 - 
    select
        membership_.ID,
        membership_.NAME as NAME1_,
        membership_.USER_ID as USER3_1_,
        membership_.GROUP_ID as GROUP4_1_ 
    from
        HB_MEMBERSHIP membership_ 
    where
        membership_.ID=?
14:17:27,940 DEBUG SQL:104 - 
    insert 
    into
        HB_MEMBERSHIP
        (NAME, USER_ID, GROUP_ID, ID) 
    values
        (?, ?, ?, ?)
14:17:27,941 DEBUG SQL:104 - 
    select
        membership_.ID,
        membership_.NAME as NAME1_,
        membership_.USER_ID as USER3_1_,
        membership_.GROUP_ID as GROUP4_1_ 
    from
        HB_MEMBERSHIP membership_ 
    where
        membership_.ID=?
14:17:27,942 DEBUG SQL:104 - 
    delete 
    from
        HB_MEMBERSHIP 
    where
        ID=?
14:17:27,942 DEBUG SQL:104 - 
    delete 
    from
        HB_USER 
    where
        ID=?
14:17:27,942 DEBUG SQL:104 - 
    delete 
    from
        HB_GROUP 
    where
        ID=?
14:17:27,943 DEBUG SQL:104 - 
    select
        user0_.ID as ID2_0_,
        user0_.NAME as NAME2_0_ 
    from
        HB_USER user0_ 
    where
        user0_.ID=?
14:17:27,943 DEBUG SQL:104 - 
    select
        group0_.ID as ID0_0_,
        group0_.NAME as NAME0_0_ 
    from
        HB_GROUP group0_ 
    where
        group0_.ID=?
14:17:27,943 DEBUG SQL:104 - 
    select
        membership0_.ID as ID1_0_,
        membership0_.NAME as NAME1_0_,
        membership0_.USER_ID as USER3_1_0_,
        membership0_.GROUP_ID as GROUP4_1_0_ 
    from
        HB_MEMBERSHIP membership0_ 
    where
        membership0_.ID=?
14:17:27,944 DEBUG QueryTranslatorImpl:265 - parse() - HQL: delete from org.hibernate.test.manytomanyassociationclass.Membership
14:17:27,944 DEBUG QueryTranslatorImpl:283 - --- HQL AST ---
 \-[DELETE] Node: 'delete'
    \-[FROM] Node: 'FROM'
       \-[RANGE] Node: 'RANGE'
          \-[DOT] Node: '.'
             +-[DOT] Node: '.'
             |  +-[DOT] Node: '.'
             |  |  +-[DOT] Node: '.'
             |  |  |  +-[IDENT] Node: 'org'
             |  |  |  \-[IDENT] Node: 'hibernate'
             |  |  \-[IDENT] Node: 'test'
             |  \-[IDENT] Node: 'manytomanyassociationclass'
             \-[IDENT] Node: 'Membership'

14:17:27,945 DEBUG ErrorCounter:82 - throwQueryException() : no errors
14:17:27,945 DEBUG FromElement:157 - FromClause{level=1} : org.hibernate.test.manytomanyassociationclass.Membership (<no alias>) -> membership0_
14:17:27,945 DEBUG QueryTranslatorImpl:252 - --- SQL AST ---
 \-[DELETE] DeleteStatement: 'delete'  querySpaces (HB_MEMBERSHIP)
    \-[FROM] FromClause: 'FROM' FromClause{level=1, fromElementCounter=1, fromElements=1, fromElementByClassAlias=[], fromElementByTableAlias=[membership0_], fromElementsByPath=[], collectionJoinFromElementsByPath=[], impliedElements=[]}
       \-[FROM_FRAGMENT] FromElement: 'HB_MEMBERSHIP' FromElement{explicit,not a collection join,not a fetch join,fetch non-lazy properties,classAlias=null,role=null,tableName=HB_MEMBERSHIP,tableAlias=membership0_,origin=null,columns={,className=org.hibernate.test.manytomanyassociationclass.Membership}}

14:17:27,945 DEBUG ErrorCounter:82 - throwQueryException() : no errors
14:17:27,945 DEBUG ErrorCounter:82 - throwQueryException() : no errors
14:17:27,946 DEBUG QueryTranslatorImpl:265 - parse() - HQL: delete from org.hibernate.test.manytomanyassociationclass.User
14:17:27,946 DEBUG QueryTranslatorImpl:283 - --- HQL AST ---
 \-[DELETE] Node: 'delete'
    \-[FROM] Node: 'FROM'
       \-[RANGE] Node: 'RANGE'
          \-[DOT] Node: '.'
             +-[DOT] Node: '.'
             |  +-[DOT] Node: '.'
             |  |  +-[DOT] Node: '.'
             |  |  |  +-[IDENT] Node: 'org'
             |  |  |  \-[IDENT] Node: 'hibernate'
             |  |  \-[IDENT] Node: 'test'
             |  \-[IDENT] Node: 'manytomanyassociationclass'
             \-[IDENT] Node: 'User'

14:17:27,946 DEBUG ErrorCounter:82 - throwQueryException() : no errors
14:17:27,946 DEBUG FromElement:157 - FromClause{level=1} : org.hibernate.test.manytomanyassociationclass.User (<no alias>) -> user0_
14:17:27,946 DEBUG QueryTranslatorImpl:252 - --- SQL AST ---
 \-[DELETE] DeleteStatement: 'delete'  querySpaces (HB_USER)
    \-[FROM] FromClause: 'FROM' FromClause{level=1, fromElementCounter=1, fromElements=1, fromElementByClassAlias=[], fromElementByTableAlias=[user0_], fromElementsByPath=[], collectionJoinFromElementsByPath=[], impliedElements=[]}
       \-[FROM_FRAGMENT] FromElement: 'HB_USER' FromElement{explicit,not a collection join,not a fetch join,fetch non-lazy properties,classAlias=null,role=null,tableName=HB_USER,tableAlias=user0_,origin=null,columns={,className=org.hibernate.test.manytomanyassociationclass.User}}

14:17:27,947 DEBUG ErrorCounter:82 - throwQueryException() : no errors
14:17:27,947 DEBUG ErrorCounter:82 - throwQueryException() : no errors
14:17:27,947 DEBUG QueryTranslatorImpl:265 - parse() - HQL: delete from org.hibernate.test.manytomanyassociationclass.Group
14:17:27,947 DEBUG HqlParser:347 - weakKeywords() : new LT(1) token - ["Group",<108> previously: <24>,line=1,col=59,possibleID=true]
14:17:27,948 DEBUG QueryTranslatorImpl:283 - --- HQL AST ---
 \-[DELETE] Node: 'delete'
    \-[FROM] Node: 'FROM'
       \-[RANGE] Node: 'RANGE'
          \-[DOT] Node: '.'
             +-[DOT] Node: '.'
             |  +-[DOT] Node: '.'
             |  |  +-[DOT] Node: '.'
             |  |  |  +-[IDENT] Node: 'org'
             |  |  |  \-[IDENT] Node: 'hibernate'
             |  |  \-[IDENT] Node: 'test'
             |  \-[IDENT] Node: 'manytomanyassociationclass'
             \-[IDENT] Node: 'Group'

14:17:27,948 DEBUG ErrorCounter:82 - throwQueryException() : no errors
14:17:27,948 DEBUG FromElement:157 - FromClause{level=1} : org.hibernate.test.manytomanyassociationclass.Group (<no alias>) -> group0_
14:17:27,948 DEBUG QueryTranslatorImpl:252 - --- SQL AST ---
 \-[DELETE] DeleteStatement: 'delete'  querySpaces (HB_GROUP)
    \-[FROM] FromClause: 'FROM' FromClause{level=1, fromElementCounter=1, fromElements=1, fromElementByClassAlias=[], fromElementByTableAlias=[group0_], fromElementsByPath=[], collectionJoinFromElementsByPath=[], impliedElements=[]}
       \-[FROM_FRAGMENT] FromElement: 'HB_GROUP' FromElement{explicit,not a collection join,not a fetch join,fetch non-lazy properties,classAlias=null,role=null,tableName=HB_GROUP,tableAlias=group0_,origin=null,columns={,className=org.hibernate.test.manytomanyassociationclass.Group}}

14:17:27,948 DEBUG ErrorCounter:82 - throwQueryException() : no errors
14:17:27,948 DEBUG ErrorCounter:82 - throwQueryException() : no errors
14:17:27,949  INFO CustomRunner:139 - Test: testRemoveAndAddEqualCollection
14:17:27,950 DEBUG SQL:104 - 
    insert 
    into
        HB_USER
        (ID, NAME) 
    values
        (null, ?)
14:17:27,951 DEBUG SQL:104 - 
    insert 
    into
        HB_GROUP
        (ID, NAME) 
    values
        (null, ?)
14:17:27,952 DEBUG SQL:104 - 
    select
        membership_.ID,
        membership_.NAME as NAME1_,
        membership_.USER_ID as USER3_1_,
        membership_.GROUP_ID as GROUP4_1_ 
    from
        HB_MEMBERSHIP membership_ 
    where
        membership_.ID=?
14:17:27,953 DEBUG SQL:104 - 
    insert 
    into
        HB_MEMBERSHIP
        (NAME, USER_ID, GROUP_ID, ID) 
    values
        (?, ?, ?, ?)
14:17:27,953 DEBUG SQL:104 - 
    select
        user0_.ID as ID2_1_,
        user0_.NAME as NAME2_1_,
        membership1_.USER_ID as USER3_2_3_,
        membership1_.ID as ID1_3_,
        membership1_.ID as ID1_0_,
        membership1_.NAME as NAME1_0_,
        membership1_.USER_ID as USER3_1_0_,
        membership1_.GROUP_ID as GROUP4_1_0_ 
    from
        HB_USER user0_ 
    left outer join
        HB_MEMBERSHIP membership1_ 
            on user0_.ID=membership1_.USER_ID 
    where
        user0_.ID=?
14:17:27,955 DEBUG SQL:104 - 
    select
        user0_.ID as ID2_0_,
        user0_.NAME as NAME2_0_ 
    from
        HB_USER user0_ 
    where
        user0_.ID=?
14:17:27,955 DEBUG SQL:104 - 
    select
        group0_.ID as ID0_0_,
        group0_.NAME as NAME0_0_ 
    from
        HB_GROUP group0_ 
    where
        group0_.ID=?
14:17:27,955 DEBUG SQL:104 - 
    select
        membership0_.ID as ID1_0_,
        membership0_.NAME as NAME1_0_,
        membership0_.USER_ID as USER3_1_0_,
        membership0_.GROUP_ID as GROUP4_1_0_ 
    from
        HB_MEMBERSHIP membership0_ 
    where
        membership0_.ID=?
14:17:27,956 DEBUG SQL:104 - 
    select
        membership0_.USER_ID as USER3_2_1_,
        membership0_.ID as ID1_1_,
        membership0_.ID as ID1_0_,
        membership0_.NAME as NAME1_0_,
        membership0_.USER_ID as USER3_1_0_,
        membership0_.GROUP_ID as GROUP4_1_0_ 
    from
        HB_MEMBERSHIP membership0_ 
    where
        membership0_.USER_ID=?
14:17:27,956 DEBUG SQL:104 - 
    select
        membership0_.GROUP_ID as GROUP4_0_1_,
        membership0_.ID as ID1_1_,
        membership0_.ID as ID1_0_,
        membership0_.NAME as NAME1_0_,
        membership0_.USER_ID as USER3_1_0_,
        membership0_.GROUP_ID as GROUP4_1_0_ 
    from
        HB_MEMBERSHIP membership0_ 
    where
        membership0_.GROUP_ID=?
14:17:27,957  INFO CustomRunner:139 - Test: testRemoveAndAddEqualElement
14:17:27,958 DEBUG SQL:104 - 
    insert 
    into
        HB_USER
        (ID, NAME) 
    values
        (null, ?)
14:17:27,958 DEBUG SQL:104 - 
    insert 
    into
        HB_GROUP
        (ID, NAME) 
    values
        (null, ?)
14:17:27,959 DEBUG SQL:104 - 
    select
        membership_.ID,
        membership_.NAME as NAME1_,
        membership_.USER_ID as USER3_1_,
        membership_.GROUP_ID as GROUP4_1_ 
    from
        HB_MEMBERSHIP membership_ 
    where
        membership_.ID=?
14:17:27,959 DEBUG SQL:104 - 
    update
        HB_MEMBERSHIP 
    set
        NAME=?,
        USER_ID=?,
        GROUP_ID=? 
    where
        ID=?
14:17:27,960 DEBUG SQL:104 - 
    select
        user0_.ID as ID2_1_,
        user0_.NAME as NAME2_1_,
        membership1_.USER_ID as USER3_2_3_,
        membership1_.ID as ID1_3_,
        membership1_.ID as ID1_0_,
        membership1_.NAME as NAME1_0_,
        membership1_.USER_ID as USER3_1_0_,
        membership1_.GROUP_ID as GROUP4_1_0_ 
    from
        HB_USER user0_ 
    left outer join
        HB_MEMBERSHIP membership1_ 
            on user0_.ID=membership1_.USER_ID 
    where
        user0_.ID=?
14:17:27,961 DEBUG SQL:104 - 
    select
        user0_.ID as ID2_0_,
        user0_.NAME as NAME2_0_ 
    from
        HB_USER user0_ 
    where
        user0_.ID=?
14:17:27,961 DEBUG SQL:104 - 
    select
        group0_.ID as ID0_0_,
        group0_.NAME as NAME0_0_ 
    from
        HB_GROUP group0_ 
    where
        group0_.ID=?
14:17:27,962 DEBUG SQL:104 - 
    select
        membership0_.ID as ID1_0_,
        membership0_.NAME as NAME1_0_,
        membership0_.USER_ID as USER3_1_0_,
        membership0_.GROUP_ID as GROUP4_1_0_ 
    from
        HB_MEMBERSHIP membership0_ 
    where
        membership0_.ID=?
14:17:27,963 DEBUG SQL:104 - 
    select
        membership0_.USER_ID as USER3_2_1_,
        membership0_.ID as ID1_1_,
        membership0_.ID as ID1_0_,
        membership0_.NAME as NAME1_0_,
        membership0_.USER_ID as USER3_1_0_,
        membership0_.GROUP_ID as GROUP4_1_0_ 
    from
        HB_MEMBERSHIP membership0_ 
    where
        membership0_.USER_ID=?
14:17:27,963 DEBUG SQL:104 - 
    select
        membership0_.GROUP_ID as GROUP4_0_1_,
        membership0_.ID as ID1_1_,
        membership0_.ID as ID1_0_,
        membership0_.NAME as NAME1_0_,
        membership0_.USER_ID as USER3_1_0_,
        membership0_.GROUP_ID as GROUP4_1_0_ 
    from
        HB_MEMBERSHIP membership0_ 
    where
        membership0_.GROUP_ID=?
14:17:27,964  INFO CustomRunner:139 - Test: testRemoveAndAddEqualElementNonKeyModified
14:17:27,965 DEBUG SQL:104 - 
    insert 
    into
        HB_USER
        (ID, NAME) 
    values
        (null, ?)
14:17:27,965 DEBUG SQL:104 - 
    insert 
    into
        HB_GROUP
        (ID, NAME) 
    values
        (null, ?)
14:17:27,966 DEBUG SQL:104 - 
    select
        membership_.ID,
        membership_.NAME as NAME1_,
        membership_.USER_ID as USER3_1_,
        membership_.GROUP_ID as GROUP4_1_ 
    from
        HB_MEMBERSHIP membership_ 
    where
        membership_.ID=?
14:17:27,966 DEBUG SQL:104 - 
    update
        HB_MEMBERSHIP 
    set
        NAME=?,
        USER_ID=?,
        GROUP_ID=? 
    where
        ID=?
14:17:27,967 DEBUG SQL:104 - 
    select
        user0_.ID as ID2_1_,
        user0_.NAME as NAME2_1_,
        membership1_.USER_ID as USER3_2_3_,
        membership1_.ID as ID1_3_,
        membership1_.ID as ID1_0_,
        membership1_.NAME as NAME1_0_,
        membership1_.USER_ID as USER3_1_0_,
        membership1_.GROUP_ID as GROUP4_1_0_ 
    from
        HB_USER user0_ 
    left outer join
        HB_MEMBERSHIP membership1_ 
            on user0_.ID=membership1_.USER_ID 
    where
        user0_.ID=?
14:17:27,967 DEBUG SQL:104 - 
    update
        HB_MEMBERSHIP 
    set
        NAME=?,
        USER_ID=?,
        GROUP_ID=? 
    where
        ID=?
14:17:27,968 DEBUG SQL:104 - 
    select
        user0_.ID as ID2_0_,
        user0_.NAME as NAME2_0_ 
    from
        HB_USER user0_ 
    where
        user0_.ID=?
14:17:27,968 DEBUG SQL:104 - 
    select
        group0_.ID as ID0_0_,
        group0_.NAME as NAME0_0_ 
    from
        HB_GROUP group0_ 
    where
        group0_.ID=?
14:17:27,968 DEBUG SQL:104 - 
    select
        membership0_.ID as ID1_0_,
        membership0_.NAME as NAME1_0_,
        membership0_.USER_ID as USER3_1_0_,
        membership0_.GROUP_ID as GROUP4_1_0_ 
    from
        HB_MEMBERSHIP membership0_ 
    where
        membership0_.ID=?
14:17:27,968 DEBUG SQL:104 - 
    select
        membership0_.USER_ID as USER3_2_1_,
        membership0_.ID as ID1_1_,
        membership0_.ID as ID1_0_,
        membership0_.NAME as NAME1_0_,
        membership0_.USER_ID as USER3_1_0_,
        membership0_.GROUP_ID as GROUP4_1_0_ 
    from
        HB_MEMBERSHIP membership0_ 
    where
        membership0_.USER_ID=?
14:17:27,969 DEBUG SQL:104 - 
    select
        membership0_.GROUP_ID as GROUP4_0_1_,
        membership0_.ID as ID1_1_,
        membership0_.ID as ID1_0_,
        membership0_.NAME as NAME1_0_,
        membership0_.USER_ID as USER3_1_0_,
        membership0_.GROUP_ID as GROUP4_1_0_ 
    from
        HB_MEMBERSHIP membership0_ 
    where
        membership0_.GROUP_ID=?
14:17:27,970  INFO CustomRunner:139 - Test: testRemoveAndAddSameElement
14:17:27,971 DEBUG SQL:104 - 
    insert 
    into
        HB_USER
        (ID, NAME) 
    values
        (null, ?)
14:17:27,972 DEBUG SQL:104 - 
    insert 
    into
        HB_GROUP
        (ID, NAME) 
    values
        (null, ?)
14:17:27,973 DEBUG SQL:104 - 
    select
        membership_.ID,
        membership_.NAME as NAME1_,
        membership_.USER_ID as USER3_1_,
        membership_.GROUP_ID as GROUP4_1_ 
    from
        HB_MEMBERSHIP membership_ 
    where
        membership_.ID=?
14:17:28,029 DEBUG SQL:104 - 
    update
        HB_MEMBERSHIP 
    set
        NAME=?,
        USER_ID=?,
        GROUP_ID=? 
    where
        ID=?
14:17:28,031 DEBUG SQL:104 - 
    select
        user0_.ID as ID2_1_,
        user0_.NAME as NAME2_1_,
        membership1_.USER_ID as USER3_2_3_,
        membership1_.ID as ID1_3_,
        membership1_.ID as ID1_0_,
        membership1_.NAME as NAME1_0_,
        membership1_.USER_ID as USER3_1_0_,
        membership1_.GROUP_ID as GROUP4_1_0_ 
    from
        HB_USER user0_ 
    left outer join
        HB_MEMBERSHIP membership1_ 
            on user0_.ID=membership1_.USER_ID 
    where
        user0_.ID=?
14:17:28,032 DEBUG SQL:104 - 
    select
        user0_.ID as ID2_0_,
        user0_.NAME as NAME2_0_ 
    from
        HB_USER user0_ 
    where
        user0_.ID=?
14:17:28,032 DEBUG SQL:104 - 
    select
        group0_.ID as ID0_0_,
        group0_.NAME as NAME0_0_ 
    from
        HB_GROUP group0_ 
    where
        group0_.ID=?
14:17:28,033 DEBUG SQL:104 - 
    select
        membership0_.ID as ID1_0_,
        membership0_.NAME as NAME1_0_,
        membership0_.USER_ID as USER3_1_0_,
        membership0_.GROUP_ID as GROUP4_1_0_ 
    from
        HB_MEMBERSHIP membership0_ 
    where
        membership0_.ID=?
14:17:28,033 DEBUG SQL:104 - 
    select
        membership0_.USER_ID as USER3_2_1_,
        membership0_.ID as ID1_1_,
        membership0_.ID as ID1_0_,
        membership0_.NAME as NAME1_0_,
        membership0_.USER_ID as USER3_1_0_,
        membership0_.GROUP_ID as GROUP4_1_0_ 
    from
        HB_MEMBERSHIP membership0_ 
    where
        membership0_.USER_ID=?
14:17:28,046 DEBUG SQL:104 - 
    select
        membership0_.GROUP_ID as GROUP4_0_1_,
        membership0_.ID as ID1_1_,
        membership0_.ID as ID1_0_,
        membership0_.NAME as NAME1_0_,
        membership0_.USER_ID as USER3_1_0_,
        membership0_.GROUP_ID as GROUP4_1_0_ 
    from
        HB_MEMBERSHIP membership0_ 
    where
        membership0_.GROUP_ID=?
14:17:28,048  INFO CustomRunner:139 - Test: testRemoveAndAddSameElementNonKeyModified
14:17:28,049 DEBUG SQL:104 - 
    insert 
    into
        HB_USER
        (ID, NAME) 
    values
        (null, ?)
14:17:28,049 DEBUG SQL:104 - 
    insert 
    into
        HB_GROUP
        (ID, NAME) 
    values
        (null, ?)
14:17:28,050 DEBUG SQL:104 - 
    select
        membership_.ID,
        membership_.NAME as NAME1_,
        membership_.USER_ID as USER3_1_,
        membership_.GROUP_ID as GROUP4_1_ 
    from
        HB_MEMBERSHIP membership_ 
    where
        membership_.ID=?
14:17:28,050 DEBUG SQL:104 - 
    update
        HB_MEMBERSHIP 
    set
        NAME=?,
        USER_ID=?,
        GROUP_ID=? 
    where
        ID=?
14:17:28,051 DEBUG SQL:104 - 
    select
        user0_.ID as ID2_1_,
        user0_.NAME as NAME2_1_,
        membership1_.USER_ID as USER3_2_3_,
        membership1_.ID as ID1_3_,
        membership1_.ID as ID1_0_,
        membership1_.NAME as NAME1_0_,
        membership1_.USER_ID as USER3_1_0_,
        membership1_.GROUP_ID as GROUP4_1_0_ 
    from
        HB_USER user0_ 
    left outer join
        HB_MEMBERSHIP membership1_ 
            on user0_.ID=membership1_.USER_ID 
    where
        user0_.ID=?
14:17:28,051 DEBUG SQL:104 - 
    update
        HB_MEMBERSHIP 
    set
        NAME=?,
        USER_ID=?,
        GROUP_ID=? 
    where
        ID=?
14:17:28,052 DEBUG SQL:104 - 
    select
        user0_.ID as ID2_0_,
        user0_.NAME as NAME2_0_ 
    from
        HB_USER user0_ 
    where
        user0_.ID=?
14:17:28,052 DEBUG SQL:104 - 
    select
        group0_.ID as ID0_0_,
        group0_.NAME as NAME0_0_ 
    from
        HB_GROUP group0_ 
    where
        group0_.ID=?
14:17:28,052 DEBUG SQL:104 - 
    select
        membership0_.ID as ID1_0_,
        membership0_.NAME as NAME1_0_,
        membership0_.USER_ID as USER3_1_0_,
        membership0_.GROUP_ID as GROUP4_1_0_ 
    from
        HB_MEMBERSHIP membership0_ 
    where
        membership0_.ID=?
14:17:28,052 DEBUG SQL:104 - 
    select
        membership0_.USER_ID as USER3_2_1_,
        membership0_.ID as ID1_1_,
        membership0_.ID as ID1_0_,
        membership0_.NAME as NAME1_0_,
        membership0_.USER_ID as USER3_1_0_,
        membership0_.GROUP_ID as GROUP4_1_0_ 
    from
        HB_MEMBERSHIP membership0_ 
    where
        membership0_.USER_ID=?
14:17:28,053 DEBUG SQL:104 - 
    select
        membership0_.GROUP_ID as GROUP4_0_1_,
        membership0_.ID as ID1_1_,
        membership0_.ID as ID1_0_,
        membership0_.NAME as NAME1_0_,
        membership0_.USER_ID as USER3_1_0_,
        membership0_.GROUP_ID as GROUP4_1_0_ 
    from
        HB_MEMBERSHIP membership0_ 
    where
        membership0_.GROUP_ID=?
14:17:28,054  INFO SchemaExport:343 - HHH000227: Running hbm2ddl schema export
14:17:28,054 DEBUG SchemaExport:353 - Import file not found: /import.sql
14:17:28,055 DEBUG SQL:104 - 
    alter table HB_MEMBERSHIP 
        drop constraint FK1E8C403B888B222
14:17:28,055 DEBUG SQL:104 - 
    alter table HB_MEMBERSHIP 
        drop constraint FK1E8C403B35D39E12
14:17:28,055 DEBUG SQL:104 - 
    drop table HB_GROUP if exists
14:17:28,055 DEBUG SQL:104 - 
    drop table HB_MEMBERSHIP if exists
14:17:28,055 DEBUG SQL:104 - 
    drop table HB_USER if exists
14:17:28,056  INFO SchemaExport:405 - HHH000230: Schema export complete
14:17:28,056  INFO DriverManagerConnectionProviderImpl:162 - HHH000030: Cleaning up connection pool [jdbc:h2:mem:db1;DB_CLOSE_DELAY=-1;MVCC=TRUE]
]]></system-out>
  <system-err><![CDATA[]]></system-err>
</testsuite>
