<?xml version="1.0" encoding="UTF-8"?>
<testsuite errors="0" failures="0" hostname="dhcp-10.15.208.168.stl.redhat.com" name="org.hibernate.test.annotations.beanvalidation.BeanValidationGroupsTest" tests="1" time="0.074" timestamp="2013-02-28T20:10:09">
  <properties />
  <testcase classname="org.hibernate.test.annotations.beanvalidation.BeanValidationGroupsTest" name="testListeners" time="0.014" />
  <system-out><![CDATA[14:10:09,876  INFO CustomRunner:132 - BeforeClass: org.hibernate.test.annotations.beanvalidation.BeanValidationGroupsTest
14:10:09,880  INFO DriverManagerConnectionProviderImpl:99 - HHH000402: Using Hibernate built-in connection pool (not for production use!)
14:10:09,881  INFO DriverManagerConnectionProviderImpl:135 - HHH000115: Hibernate connection pool size: 5
14:10:09,881  INFO DriverManagerConnectionProviderImpl:138 - HHH000006: Autocommit mode: false
14:10:09,881  INFO DriverManagerConnectionProviderImpl:153 - HHH000401: using driver [org.h2.Driver] at URL [jdbc:h2:mem:db1;DB_CLOSE_DELAY=-1;MVCC=TRUE]
14:10:09,881  INFO DriverManagerConnectionProviderImpl:158 - HHH000046: Connection properties: {user=sa}
14:10:09,883  INFO Dialect:103 - HHH000400: Using dialect: org.hibernate.dialect.H2Dialect
14:10:09,883  INFO LobCreatorBuilder:94 - HHH000423: Disabling contextual LOB creation as JDBC driver reported JDBC version [3] less than 4
14:10:09,884  INFO TransactionFactoryInitiator:66 - HHH000399: Using default transaction strategy (direct JDBC transactions)
14:10:09,884  INFO ASTQueryTranslatorFactory:48 - HHH000397: Using ASTQueryTranslatorFactory
14:10:09,885  WARN CachingRegionFactory:58 - CachingRegionFactory should be only used for testing.
14:10:09,892  INFO SchemaExport:343 - HHH000227: Running hbm2ddl schema export
14:10:09,893 DEBUG SchemaExport:353 - Import file not found: /import.sql
14:10:09,893 DEBUG SQL:104 - 
    drop table CupHolder if exists
14:10:09,894 DEBUG SQL:104 - 
    drop sequence hibernate_sequence
14:10:09,927 ERROR SchemaExport:425 - HHH000389: Unsuccessful: drop sequence hibernate_sequence
14:10:09,927 ERROR SchemaExport:426 - Sequence "HIBERNATE_SEQUENCE" not found; SQL statement:

    drop sequence hibernate_sequence [90036-145]
14:10:09,927 DEBUG SQL:104 - 
    create table CupHolder (
        id integer not null,
        radius decimal(19,2),
        primary key (id)
    )
14:10:09,928 DEBUG SQL:104 - 
    create sequence hibernate_sequence start with 1 increment by 1
14:10:09,928  INFO SchemaExport:405 - HHH000230: Schema export complete
14:10:09,930  WARN SessionFactoryImpl:1554 - HHH000008: JTASessionContext being used with JDBCTransactionFactory; auto-flush will not operate correctly with getCurrentSession()
14:10:09,930  INFO CustomRunner:139 - Test: testListeners
14:10:09,939 DEBUG SQL:104 - 
    call next value for hibernate_sequence
14:10:09,941 DEBUG SQL:104 - 
    insert 
    into
        CupHolder
        (radius, id) 
    values
        (?, ?)
14:10:09,942 DEBUG SQL:104 - 
    update
        CupHolder 
    set
        radius=? 
    where
        id=?
14:10:09,945  INFO SchemaExport:343 - HHH000227: Running hbm2ddl schema export
14:10:09,946 DEBUG SchemaExport:353 - Import file not found: /import.sql
14:10:09,947 DEBUG SQL:104 - 
    drop table CupHolder if exists
14:10:09,947 DEBUG SQL:104 - 
    drop sequence hibernate_sequence
14:10:09,947  INFO SchemaExport:405 - HHH000230: Schema export complete
14:10:09,948  INFO DriverManagerConnectionProviderImpl:162 - HHH000030: Cleaning up connection pool [jdbc:h2:mem:db1;DB_CLOSE_DELAY=-1;MVCC=TRUE]
]]></system-out>
  <system-err><![CDATA[]]></system-err>
</testsuite>
