<?xml version="1.0" encoding="UTF-8"?>
<testsuite errors="0" failures="0" hostname="dhcp-10.15.208.168.stl.redhat.com" name="org.hibernate.test.annotations.various.OptimisticLockAnnotationTest" tests="1" time="0.023" timestamp="2013-02-28T20:10:45">
  <properties />
  <testcase classname="org.hibernate.test.annotations.various.OptimisticLockAnnotationTest" name="testOptimisticLockExcludeOnNameProperty" time="0.008" />
  <system-out><![CDATA[14:10:45,079  INFO CustomRunner:132 - BeforeClass: org.hibernate.test.annotations.various.OptimisticLockAnnotationTest
14:10:45,082  INFO DriverManagerConnectionProviderImpl:99 - HHH000402: Using Hibernate built-in connection pool (not for production use!)
14:10:45,082  INFO DriverManagerConnectionProviderImpl:135 - HHH000115: Hibernate connection pool size: 5
14:10:45,082  INFO DriverManagerConnectionProviderImpl:138 - HHH000006: Autocommit mode: false
14:10:45,082  INFO DriverManagerConnectionProviderImpl:153 - HHH000401: using driver [org.h2.Driver] at URL [jdbc:h2:mem:db1;DB_CLOSE_DELAY=-1;MVCC=TRUE]
14:10:45,082  INFO DriverManagerConnectionProviderImpl:158 - HHH000046: Connection properties: {user=sa}
14:10:45,083  INFO Dialect:103 - HHH000400: Using dialect: org.hibernate.dialect.H2Dialect
14:10:45,083  INFO LobCreatorBuilder:94 - HHH000423: Disabling contextual LOB creation as JDBC driver reported JDBC version [3] less than 4
14:10:45,084  INFO TransactionFactoryInitiator:66 - HHH000399: Using default transaction strategy (direct JDBC transactions)
14:10:45,084  INFO ASTQueryTranslatorFactory:48 - HHH000397: Using ASTQueryTranslatorFactory
14:10:45,084  WARN CachingRegionFactory:58 - CachingRegionFactory should be only used for testing.
14:10:45,089  INFO SchemaExport:343 - HHH000227: Running hbm2ddl schema export
14:10:45,090 DEBUG SchemaExport:353 - Import file not found: /import.sql
14:10:45,090 DEBUG SQL:104 - 
    drop table Conductor if exists
14:10:45,090 DEBUG SQL:104 - 
    drop sequence hibernate_sequence
14:10:45,090 ERROR SchemaExport:425 - HHH000389: Unsuccessful: drop sequence hibernate_sequence
14:10:45,090 ERROR SchemaExport:426 - Sequence "HIBERNATE_SEQUENCE" not found; SQL statement:

    drop sequence hibernate_sequence [90036-145]
14:10:45,090 DEBUG SQL:104 - 
    create table Conductor (
        id integer not null,
        cond_name varchar(255),
        version bigint,
        primary key (id)
    )
14:10:45,091 DEBUG SQL:104 - 
    create index cond_name on Conductor (cond_name)
14:10:45,091 DEBUG SQL:104 - 
    create sequence hibernate_sequence start with 1 increment by 1
14:10:45,091  INFO SchemaExport:405 - HHH000230: Schema export complete
14:10:45,092  WARN SessionFactoryImpl:1554 - HHH000008: JTASessionContext being used with JDBCTransactionFactory; auto-flush will not operate correctly with getCurrentSession()
14:10:45,092  INFO CustomRunner:139 - Test: testOptimisticLockExcludeOnNameProperty
14:10:45,093 DEBUG SQL:104 - 
    call next value for hibernate_sequence
14:10:45,095 DEBUG SQL:104 - 
    insert 
    into
        Conductor
        (cond_name, version, id) 
    values
        (?, ?, ?)
14:10:45,096 DEBUG SQL:104 - 
    select
        conductor0_.id as id0_0_,
        conductor0_.cond_name as cond2_0_0_,
        conductor0_.version as version0_0_ 
    from
        Conductor conductor0_ 
    where
        conductor0_.id=?
14:10:45,096 DEBUG SQL:104 - 
    update
        Conductor 
    set
        cond_name=?,
        version=? 
    where
        id=? 
        and version=?
14:10:45,097 DEBUG SQL:104 - 
    select
        conductor0_.id as id0_0_,
        conductor0_.cond_name as cond2_0_0_,
        conductor0_.version as version0_0_ 
    from
        Conductor conductor0_ 
    where
        conductor0_.id=?
14:10:45,100  INFO SchemaExport:343 - HHH000227: Running hbm2ddl schema export
14:10:45,100 DEBUG SchemaExport:353 - Import file not found: /import.sql
14:10:45,101 DEBUG SQL:104 - 
    drop table Conductor if exists
14:10:45,101 DEBUG SQL:104 - 
    drop sequence hibernate_sequence
14:10:45,101  INFO SchemaExport:405 - HHH000230: Schema export complete
14:10:45,101  INFO DriverManagerConnectionProviderImpl:162 - HHH000030: Cleaning up connection pool [jdbc:h2:mem:db1;DB_CLOSE_DELAY=-1;MVCC=TRUE]
]]></system-out>
  <system-err><![CDATA[]]></system-err>
</testsuite>
