<?xml version="1.0" encoding="UTF-8"?>
<testsuite errors="0" failures="0" hostname="dhcp-10.15.208.168.stl.redhat.com" name="org.hibernate.test.manytomanyassociationclass.surrogateid.generated.ManyToManyAssociationClassGeneratedIdTest" tests="6" time="0.217" timestamp="2013-02-28T20:17:28">
  <properties />
  <testcase classname="org.hibernate.test.manytomanyassociationclass.surrogateid.generated.ManyToManyAssociationClassGeneratedIdTest" name="testDeleteDetached" time="0.012" />
  <testcase classname="org.hibernate.test.manytomanyassociationclass.surrogateid.generated.ManyToManyAssociationClassGeneratedIdTest" name="testRemoveAndAddEqualCollection" time="0.005" />
  <testcase classname="org.hibernate.test.manytomanyassociationclass.surrogateid.generated.ManyToManyAssociationClassGeneratedIdTest" name="testRemoveAndAddEqualElement" time="0.012" />
  <testcase classname="org.hibernate.test.manytomanyassociationclass.surrogateid.generated.ManyToManyAssociationClassGeneratedIdTest" name="testRemoveAndAddEqualElementNonKeyModified" time="0.016" />
  <testcase classname="org.hibernate.test.manytomanyassociationclass.surrogateid.generated.ManyToManyAssociationClassGeneratedIdTest" name="testRemoveAndAddSameElement" time="0.043" />
  <testcase classname="org.hibernate.test.manytomanyassociationclass.surrogateid.generated.ManyToManyAssociationClassGeneratedIdTest" name="testRemoveAndAddSameElementNonKeyModified" time="0.042" />
  <system-out><![CDATA[14:17:28,110  INFO CustomRunner:132 - BeforeClass: org.hibernate.test.manytomanyassociationclass.surrogateid.generated.ManyToManyAssociationClassGeneratedIdTest
14:17:28,134  INFO Configuration:706 - HHH000221: Reading mappings from resource: org/hibernate/test/manytomanyassociationclass/surrogateid/generated/Mappings.hbm.xml
14:17:28,141  INFO DriverManagerConnectionProviderImpl:99 - HHH000402: Using Hibernate built-in connection pool (not for production use!)
14:17:28,141  INFO DriverManagerConnectionProviderImpl:135 - HHH000115: Hibernate connection pool size: 5
14:17:28,141  INFO DriverManagerConnectionProviderImpl:138 - HHH000006: Autocommit mode: false
14:17:28,141  INFO DriverManagerConnectionProviderImpl:153 - HHH000401: using driver [org.h2.Driver] at URL [jdbc:h2:mem:db1;DB_CLOSE_DELAY=-1;MVCC=TRUE]
14:17:28,141  INFO DriverManagerConnectionProviderImpl:158 - HHH000046: Connection properties: {user=sa}
14:17:28,142  INFO Dialect:103 - HHH000400: Using dialect: org.hibernate.dialect.H2Dialect
14:17:28,143  INFO LobCreatorBuilder:94 - HHH000423: Disabling contextual LOB creation as JDBC driver reported JDBC version [3] less than 4
14:17:28,143  INFO TransactionFactoryInitiator:66 - HHH000399: Using default transaction strategy (direct JDBC transactions)
14:17:28,143  INFO ASTQueryTranslatorFactory:48 - HHH000397: Using ASTQueryTranslatorFactory
14:17:28,144  WARN CachingRegionFactory:58 - CachingRegionFactory should be only used for testing.
14:17:28,152  INFO SchemaExport:343 - HHH000227: Running hbm2ddl schema export
14:17:28,153 DEBUG SchemaExport:353 - Import file not found: /import.sql
14:17:28,153 DEBUG SQL:104 - 
    alter table HB_MEMBERSHIP 
        drop constraint FK1E8C403B888B222
14:17:28,153 ERROR SchemaExport:425 - HHH000389: Unsuccessful: alter table HB_MEMBERSHIP drop constraint FK1E8C403B888B222
14:17:28,153 ERROR SchemaExport:426 - Table "HB_MEMBERSHIP" not found; SQL statement:

    alter table HB_MEMBERSHIP 
        drop constraint FK1E8C403B888B222 [42102-145]
14:17:28,153 DEBUG SQL:104 - 
    alter table HB_MEMBERSHIP 
        drop constraint FK1E8C403B35D39E12
14:17:28,154 ERROR SchemaExport:425 - HHH000389: Unsuccessful: alter table HB_MEMBERSHIP drop constraint FK1E8C403B35D39E12
14:17:28,154 ERROR SchemaExport:426 - Table "HB_MEMBERSHIP" not found; SQL statement:

    alter table HB_MEMBERSHIP 
        drop constraint FK1E8C403B35D39E12 [42102-145]
14:17:28,154 DEBUG SQL:104 - 
    drop table HB_GROUP if exists
14:17:28,154 DEBUG SQL:104 - 
    drop table HB_MEMBERSHIP if exists
14:17:28,154 DEBUG SQL:104 - 
    drop table HB_USER if exists
14:17:28,154 DEBUG SQL:104 - 
    create table HB_GROUP (
        ID bigint generated by default as identity,
        NAME varchar(40) not null,
        primary key (ID)
    )
14:17:28,155 DEBUG SQL:104 - 
    create table HB_MEMBERSHIP (
        ID bigint generated by default as identity,
        NAME varchar(40) not null,
        USER_ID bigint not null,
        GROUP_ID bigint not null,
        primary key (ID)
    )
14:17:28,155 DEBUG SQL:104 - 
    create table HB_USER (
        ID bigint generated by default as identity,
        NAME varchar(40) not null,
        primary key (ID)
    )
14:17:28,155 DEBUG SQL:104 - 
    alter table HB_MEMBERSHIP 
        add constraint UK_MEMBERSHIP unique (USER_ID, GROUP_ID)
14:17:28,156 DEBUG SQL:104 - 
    alter table HB_MEMBERSHIP 
        add constraint FK1E8C403B888B222 
        foreign key (USER_ID) 
        references HB_USER
14:17:28,156 DEBUG SQL:104 - 
    alter table HB_MEMBERSHIP 
        add constraint FK1E8C403B35D39E12 
        foreign key (GROUP_ID) 
        references HB_GROUP
14:17:28,157  INFO SchemaExport:405 - HHH000230: Schema export complete
14:17:28,157  WARN SessionFactoryImpl:1554 - HHH000008: JTASessionContext being used with JDBCTransactionFactory; auto-flush will not operate correctly with getCurrentSession()
14:17:28,157  INFO CustomRunner:139 - Test: testDeleteDetached
14:17:28,160 DEBUG SQL:104 - 
    insert 
    into
        HB_USER
        (ID, NAME) 
    values
        (null, ?)
14:17:28,161 DEBUG SQL:104 - 
    insert 
    into
        HB_GROUP
        (ID, NAME) 
    values
        (null, ?)
14:17:28,161 DEBUG SQL:104 - 
    insert 
    into
        HB_MEMBERSHIP
        (ID, NAME, USER_ID, GROUP_ID) 
    values
        (null, ?, ?, ?)
14:17:28,162 DEBUG SQL:104 - 
    delete 
    from
        HB_MEMBERSHIP 
    where
        ID=?
14:17:28,162 DEBUG SQL:104 - 
    delete 
    from
        HB_USER 
    where
        ID=?
14:17:28,162 DEBUG SQL:104 - 
    delete 
    from
        HB_GROUP 
    where
        ID=?
14:17:28,163 DEBUG SQL:104 - 
    select
        user0_.ID as ID2_0_,
        user0_.NAME as NAME2_0_ 
    from
        HB_USER user0_ 
    where
        user0_.ID=?
14:17:28,163 DEBUG SQL:104 - 
    select
        group0_.ID as ID0_0_,
        group0_.NAME as NAME0_0_ 
    from
        HB_GROUP group0_ 
    where
        group0_.ID=?
14:17:28,163 DEBUG SQL:104 - 
    select
        membership0_.ID as ID1_0_,
        membership0_.NAME as NAME1_0_,
        membership0_.USER_ID as USER3_1_0_,
        membership0_.GROUP_ID as GROUP4_1_0_ 
    from
        HB_MEMBERSHIP membership0_ 
    where
        membership0_.ID=?
14:17:28,164 DEBUG QueryTranslatorImpl:265 - parse() - HQL: delete from org.hibernate.test.manytomanyassociationclass.Membership
14:17:28,164 DEBUG QueryTranslatorImpl:283 - --- HQL AST ---
 \-[DELETE] Node: 'delete'
    \-[FROM] Node: 'FROM'
       \-[RANGE] Node: 'RANGE'
          \-[DOT] Node: '.'
             +-[DOT] Node: '.'
             |  +-[DOT] Node: '.'
             |  |  +-[DOT] Node: '.'
             |  |  |  +-[IDENT] Node: 'org'
             |  |  |  \-[IDENT] Node: 'hibernate'
             |  |  \-[IDENT] Node: 'test'
             |  \-[IDENT] Node: 'manytomanyassociationclass'
             \-[IDENT] Node: 'Membership'

14:17:28,165 DEBUG ErrorCounter:82 - throwQueryException() : no errors
14:17:28,165 DEBUG FromElement:157 - FromClause{level=1} : org.hibernate.test.manytomanyassociationclass.Membership (<no alias>) -> membership0_
14:17:28,165 DEBUG QueryTranslatorImpl:252 - --- SQL AST ---
 \-[DELETE] DeleteStatement: 'delete'  querySpaces (HB_MEMBERSHIP)
    \-[FROM] FromClause: 'FROM' FromClause{level=1, fromElementCounter=1, fromElements=1, fromElementByClassAlias=[], fromElementByTableAlias=[membership0_], fromElementsByPath=[], collectionJoinFromElementsByPath=[], impliedElements=[]}
       \-[FROM_FRAGMENT] FromElement: 'HB_MEMBERSHIP' FromElement{explicit,not a collection join,not a fetch join,fetch non-lazy properties,classAlias=null,role=null,tableName=HB_MEMBERSHIP,tableAlias=membership0_,origin=null,columns={,className=org.hibernate.test.manytomanyassociationclass.Membership}}

14:17:28,165 DEBUG ErrorCounter:82 - throwQueryException() : no errors
14:17:28,165 DEBUG ErrorCounter:82 - throwQueryException() : no errors
14:17:28,166 DEBUG QueryTranslatorImpl:265 - parse() - HQL: delete from org.hibernate.test.manytomanyassociationclass.User
14:17:28,166 DEBUG QueryTranslatorImpl:283 - --- HQL AST ---
 \-[DELETE] Node: 'delete'
    \-[FROM] Node: 'FROM'
       \-[RANGE] Node: 'RANGE'
          \-[DOT] Node: '.'
             +-[DOT] Node: '.'
             |  +-[DOT] Node: '.'
             |  |  +-[DOT] Node: '.'
             |  |  |  +-[IDENT] Node: 'org'
             |  |  |  \-[IDENT] Node: 'hibernate'
             |  |  \-[IDENT] Node: 'test'
             |  \-[IDENT] Node: 'manytomanyassociationclass'
             \-[IDENT] Node: 'User'

14:17:28,166 DEBUG ErrorCounter:82 - throwQueryException() : no errors
14:17:28,167 DEBUG FromElement:157 - FromClause{level=1} : org.hibernate.test.manytomanyassociationclass.User (<no alias>) -> user0_
14:17:28,167 DEBUG QueryTranslatorImpl:252 - --- SQL AST ---
 \-[DELETE] DeleteStatement: 'delete'  querySpaces (HB_USER)
    \-[FROM] FromClause: 'FROM' FromClause{level=1, fromElementCounter=1, fromElements=1, fromElementByClassAlias=[], fromElementByTableAlias=[user0_], fromElementsByPath=[], collectionJoinFromElementsByPath=[], impliedElements=[]}
       \-[FROM_FRAGMENT] FromElement: 'HB_USER' FromElement{explicit,not a collection join,not a fetch join,fetch non-lazy properties,classAlias=null,role=null,tableName=HB_USER,tableAlias=user0_,origin=null,columns={,className=org.hibernate.test.manytomanyassociationclass.User}}

14:17:28,167 DEBUG ErrorCounter:82 - throwQueryException() : no errors
14:17:28,167 DEBUG ErrorCounter:82 - throwQueryException() : no errors
14:17:28,167 DEBUG QueryTranslatorImpl:265 - parse() - HQL: delete from org.hibernate.test.manytomanyassociationclass.Group
14:17:28,167 DEBUG HqlParser:347 - weakKeywords() : new LT(1) token - ["Group",<108> previously: <24>,line=1,col=59,possibleID=true]
14:17:28,168 DEBUG QueryTranslatorImpl:283 - --- HQL AST ---
 \-[DELETE] Node: 'delete'
    \-[FROM] Node: 'FROM'
       \-[RANGE] Node: 'RANGE'
          \-[DOT] Node: '.'
             +-[DOT] Node: '.'
             |  +-[DOT] Node: '.'
             |  |  +-[DOT] Node: '.'
             |  |  |  +-[IDENT] Node: 'org'
             |  |  |  \-[IDENT] Node: 'hibernate'
             |  |  \-[IDENT] Node: 'test'
             |  \-[IDENT] Node: 'manytomanyassociationclass'
             \-[IDENT] Node: 'Group'

14:17:28,168 DEBUG ErrorCounter:82 - throwQueryException() : no errors
14:17:28,168 DEBUG FromElement:157 - FromClause{level=1} : org.hibernate.test.manytomanyassociationclass.Group (<no alias>) -> group0_
14:17:28,168 DEBUG QueryTranslatorImpl:252 - --- SQL AST ---
 \-[DELETE] DeleteStatement: 'delete'  querySpaces (HB_GROUP)
    \-[FROM] FromClause: 'FROM' FromClause{level=1, fromElementCounter=1, fromElements=1, fromElementByClassAlias=[], fromElementByTableAlias=[group0_], fromElementsByPath=[], collectionJoinFromElementsByPath=[], impliedElements=[]}
       \-[FROM_FRAGMENT] FromElement: 'HB_GROUP' FromElement{explicit,not a collection join,not a fetch join,fetch non-lazy properties,classAlias=null,role=null,tableName=HB_GROUP,tableAlias=group0_,origin=null,columns={,className=org.hibernate.test.manytomanyassociationclass.Group}}

14:17:28,168 DEBUG ErrorCounter:82 - throwQueryException() : no errors
14:17:28,168 DEBUG ErrorCounter:82 - throwQueryException() : no errors
14:17:28,169  INFO CustomRunner:139 - Test: testRemoveAndAddEqualCollection
14:17:28,170 DEBUG SQL:104 - 
    insert 
    into
        HB_USER
        (ID, NAME) 
    values
        (null, ?)
14:17:28,171 DEBUG SQL:104 - 
    insert 
    into
        HB_GROUP
        (ID, NAME) 
    values
        (null, ?)
14:17:28,171 DEBUG SQL:104 - 
    insert 
    into
        HB_MEMBERSHIP
        (ID, NAME, USER_ID, GROUP_ID) 
    values
        (null, ?, ?, ?)
14:17:28,172 DEBUG SQL:104 - 
    select
        user0_.ID as ID2_1_,
        user0_.NAME as NAME2_1_,
        membership1_.USER_ID as USER3_2_3_,
        membership1_.ID as ID1_3_,
        membership1_.ID as ID1_0_,
        membership1_.NAME as NAME1_0_,
        membership1_.USER_ID as USER3_1_0_,
        membership1_.GROUP_ID as GROUP4_1_0_ 
    from
        HB_USER user0_ 
    left outer join
        HB_MEMBERSHIP membership1_ 
            on user0_.ID=membership1_.USER_ID 
    where
        user0_.ID=?
14:17:28,173 DEBUG SQL:104 - 
    insert 
    into
        HB_MEMBERSHIP
        (ID, NAME, USER_ID, GROUP_ID) 
    values
        (null, ?, ?, ?)
14:17:28,174  WARN SqlExceptionHelper:143 - SQL Error: 23001, SQLState: 23001
14:17:28,174 ERROR SqlExceptionHelper:144 - Unique index or primary key violation: "UK_MEMBERSHIP_INDEX_1 ON PUBLIC.HB_MEMBERSHIP(USER_ID, GROUP_ID)"; SQL statement:
insert into HB_MEMBERSHIP (ID, NAME, USER_ID, GROUP_ID) values (null, ?, ?, ?) [23001-145]
14:17:28,175  INFO CustomRunner:139 - Test: testRemoveAndAddEqualElement
14:17:28,176 DEBUG SQL:104 - 
    insert 
    into
        HB_USER
        (ID, NAME) 
    values
        (null, ?)
14:17:28,176 DEBUG SQL:104 - 
    insert 
    into
        HB_GROUP
        (ID, NAME) 
    values
        (null, ?)
14:17:28,176 DEBUG SQL:104 - 
    insert 
    into
        HB_MEMBERSHIP
        (ID, NAME, USER_ID, GROUP_ID) 
    values
        (null, ?, ?, ?)
14:17:28,177 DEBUG SQL:104 - 
    select
        user0_.ID as ID2_1_,
        user0_.NAME as NAME2_1_,
        membership1_.USER_ID as USER3_2_3_,
        membership1_.ID as ID1_3_,
        membership1_.ID as ID1_0_,
        membership1_.NAME as NAME1_0_,
        membership1_.USER_ID as USER3_1_0_,
        membership1_.GROUP_ID as GROUP4_1_0_ 
    from
        HB_USER user0_ 
    left outer join
        HB_MEMBERSHIP membership1_ 
            on user0_.ID=membership1_.USER_ID 
    where
        user0_.ID=?
14:17:28,186 DEBUG SQL:104 - 
    insert 
    into
        HB_MEMBERSHIP
        (ID, NAME, USER_ID, GROUP_ID) 
    values
        (null, ?, ?, ?)
14:17:28,186  WARN SqlExceptionHelper:143 - SQL Error: 23001, SQLState: 23001
14:17:28,186 ERROR SqlExceptionHelper:144 - Unique index or primary key violation: "UK_MEMBERSHIP_INDEX_1 ON PUBLIC.HB_MEMBERSHIP(USER_ID, GROUP_ID)"; SQL statement:
insert into HB_MEMBERSHIP (ID, NAME, USER_ID, GROUP_ID) values (null, ?, ?, ?) [23001-145]
14:17:28,187  INFO CustomRunner:139 - Test: testRemoveAndAddEqualElementNonKeyModified
14:17:28,188 DEBUG SQL:104 - 
    insert 
    into
        HB_USER
        (ID, NAME) 
    values
        (null, ?)
14:17:28,189 DEBUG SQL:104 - 
    insert 
    into
        HB_GROUP
        (ID, NAME) 
    values
        (null, ?)
14:17:28,198 DEBUG SQL:104 - 
    insert 
    into
        HB_MEMBERSHIP
        (ID, NAME, USER_ID, GROUP_ID) 
    values
        (null, ?, ?, ?)
14:17:28,200 DEBUG SQL:104 - 
    select
        user0_.ID as ID2_1_,
        user0_.NAME as NAME2_1_,
        membership1_.USER_ID as USER3_2_3_,
        membership1_.ID as ID1_3_,
        membership1_.ID as ID1_0_,
        membership1_.NAME as NAME1_0_,
        membership1_.USER_ID as USER3_1_0_,
        membership1_.GROUP_ID as GROUP4_1_0_ 
    from
        HB_USER user0_ 
    left outer join
        HB_MEMBERSHIP membership1_ 
            on user0_.ID=membership1_.USER_ID 
    where
        user0_.ID=?
14:17:28,202 DEBUG SQL:104 - 
    insert 
    into
        HB_MEMBERSHIP
        (ID, NAME, USER_ID, GROUP_ID) 
    values
        (null, ?, ?, ?)
14:17:28,202  WARN SqlExceptionHelper:143 - SQL Error: 23001, SQLState: 23001
14:17:28,202 ERROR SqlExceptionHelper:144 - Unique index or primary key violation: "UK_MEMBERSHIP_INDEX_1 ON PUBLIC.HB_MEMBERSHIP(USER_ID, GROUP_ID)"; SQL statement:
insert into HB_MEMBERSHIP (ID, NAME, USER_ID, GROUP_ID) values (null, ?, ?, ?) [23001-145]
14:17:28,203  INFO CustomRunner:139 - Test: testRemoveAndAddSameElement
14:17:28,204 DEBUG SQL:104 - 
    insert 
    into
        HB_USER
        (ID, NAME) 
    values
        (null, ?)
14:17:28,220 DEBUG SQL:104 - 
    insert 
    into
        HB_GROUP
        (ID, NAME) 
    values
        (null, ?)
14:17:28,221 DEBUG SQL:104 - 
    insert 
    into
        HB_MEMBERSHIP
        (ID, NAME, USER_ID, GROUP_ID) 
    values
        (null, ?, ?, ?)
14:17:28,221 DEBUG SQL:104 - 
    select
        user0_.ID as ID2_1_,
        user0_.NAME as NAME2_1_,
        membership1_.USER_ID as USER3_2_3_,
        membership1_.ID as ID1_3_,
        membership1_.ID as ID1_0_,
        membership1_.NAME as NAME1_0_,
        membership1_.USER_ID as USER3_1_0_,
        membership1_.GROUP_ID as GROUP4_1_0_ 
    from
        HB_USER user0_ 
    left outer join
        HB_MEMBERSHIP membership1_ 
            on user0_.ID=membership1_.USER_ID 
    where
        user0_.ID=?
14:17:28,233 DEBUG SQL:104 - 
    select
        user0_.ID as ID2_0_,
        user0_.NAME as NAME2_0_ 
    from
        HB_USER user0_ 
    where
        user0_.ID=?
14:17:28,233 DEBUG SQL:104 - 
    select
        group0_.ID as ID0_0_,
        group0_.NAME as NAME0_0_ 
    from
        HB_GROUP group0_ 
    where
        group0_.ID=?
14:17:28,233 DEBUG SQL:104 - 
    select
        membership0_.ID as ID1_0_,
        membership0_.NAME as NAME1_0_,
        membership0_.USER_ID as USER3_1_0_,
        membership0_.GROUP_ID as GROUP4_1_0_ 
    from
        HB_MEMBERSHIP membership0_ 
    where
        membership0_.ID=?
14:17:28,234 DEBUG SQL:104 - 
    select
        membership0_.USER_ID as USER3_2_1_,
        membership0_.ID as ID1_1_,
        membership0_.ID as ID1_0_,
        membership0_.NAME as NAME1_0_,
        membership0_.USER_ID as USER3_1_0_,
        membership0_.GROUP_ID as GROUP4_1_0_ 
    from
        HB_MEMBERSHIP membership0_ 
    where
        membership0_.USER_ID=?
14:17:28,245 DEBUG SQL:104 - 
    select
        membership0_.GROUP_ID as GROUP4_0_1_,
        membership0_.ID as ID1_1_,
        membership0_.ID as ID1_0_,
        membership0_.NAME as NAME1_0_,
        membership0_.USER_ID as USER3_1_0_,
        membership0_.GROUP_ID as GROUP4_1_0_ 
    from
        HB_MEMBERSHIP membership0_ 
    where
        membership0_.GROUP_ID=?
14:17:28,246  INFO CustomRunner:139 - Test: testRemoveAndAddSameElementNonKeyModified
14:17:28,254 DEBUG SQL:104 - 
    insert 
    into
        HB_USER
        (ID, NAME) 
    values
        (null, ?)
14:17:28,255 DEBUG SQL:104 - 
    insert 
    into
        HB_GROUP
        (ID, NAME) 
    values
        (null, ?)
14:17:28,255 DEBUG SQL:104 - 
    insert 
    into
        HB_MEMBERSHIP
        (ID, NAME, USER_ID, GROUP_ID) 
    values
        (null, ?, ?, ?)
14:17:28,256 DEBUG SQL:104 - 
    select
        user0_.ID as ID2_1_,
        user0_.NAME as NAME2_1_,
        membership1_.USER_ID as USER3_2_3_,
        membership1_.ID as ID1_3_,
        membership1_.ID as ID1_0_,
        membership1_.NAME as NAME1_0_,
        membership1_.USER_ID as USER3_1_0_,
        membership1_.GROUP_ID as GROUP4_1_0_ 
    from
        HB_USER user0_ 
    left outer join
        HB_MEMBERSHIP membership1_ 
            on user0_.ID=membership1_.USER_ID 
    where
        user0_.ID=?
14:17:28,266 DEBUG SQL:104 - 
    update
        HB_MEMBERSHIP 
    set
        NAME=?,
        USER_ID=?,
        GROUP_ID=? 
    where
        ID=?
14:17:28,267 DEBUG SQL:104 - 
    select
        user0_.ID as ID2_0_,
        user0_.NAME as NAME2_0_ 
    from
        HB_USER user0_ 
    where
        user0_.ID=?
14:17:28,267 DEBUG SQL:104 - 
    select
        group0_.ID as ID0_0_,
        group0_.NAME as NAME0_0_ 
    from
        HB_GROUP group0_ 
    where
        group0_.ID=?
14:17:28,268 DEBUG SQL:104 - 
    select
        membership0_.ID as ID1_0_,
        membership0_.NAME as NAME1_0_,
        membership0_.USER_ID as USER3_1_0_,
        membership0_.GROUP_ID as GROUP4_1_0_ 
    from
        HB_MEMBERSHIP membership0_ 
    where
        membership0_.ID=?
14:17:28,276 DEBUG SQL:104 - 
    select
        membership0_.USER_ID as USER3_2_1_,
        membership0_.ID as ID1_1_,
        membership0_.ID as ID1_0_,
        membership0_.NAME as NAME1_0_,
        membership0_.USER_ID as USER3_1_0_,
        membership0_.GROUP_ID as GROUP4_1_0_ 
    from
        HB_MEMBERSHIP membership0_ 
    where
        membership0_.USER_ID=?
14:17:28,277 DEBUG SQL:104 - 
    select
        membership0_.GROUP_ID as GROUP4_0_1_,
        membership0_.ID as ID1_1_,
        membership0_.ID as ID1_0_,
        membership0_.NAME as NAME1_0_,
        membership0_.USER_ID as USER3_1_0_,
        membership0_.GROUP_ID as GROUP4_1_0_ 
    from
        HB_MEMBERSHIP membership0_ 
    where
        membership0_.GROUP_ID=?
14:17:28,288  INFO SchemaExport:343 - HHH000227: Running hbm2ddl schema export
14:17:28,289 DEBUG SchemaExport:353 - Import file not found: /import.sql
14:17:28,289 DEBUG SQL:104 - 
    alter table HB_MEMBERSHIP 
        drop constraint FK1E8C403B888B222
14:17:28,289 DEBUG SQL:104 - 
    alter table HB_MEMBERSHIP 
        drop constraint FK1E8C403B35D39E12
14:17:28,290 DEBUG SQL:104 - 
    drop table HB_GROUP if exists
14:17:28,290 DEBUG SQL:104 - 
    drop table HB_MEMBERSHIP if exists
14:17:28,290 DEBUG SQL:104 - 
    drop table HB_USER if exists
14:17:28,290  INFO SchemaExport:405 - HHH000230: Schema export complete
14:17:28,290  INFO DriverManagerConnectionProviderImpl:162 - HHH000030: Cleaning up connection pool [jdbc:h2:mem:db1;DB_CLOSE_DELAY=-1;MVCC=TRUE]
]]></system-out>
  <system-err><![CDATA[]]></system-err>
</testsuite>
