<?xml version="1.0" encoding="UTF-8"?>
<testsuite errors="0" failures="0" hostname="dhcp-10.15.208.168.stl.redhat.com" name="org.hibernate.test.idgen.biginteger.increment.BigIntegerIncrementGeneratorTest" tests="1" time="0.064" timestamp="2013-02-28T20:14:01">
  <properties />
  <testcase classname="org.hibernate.test.idgen.biginteger.increment.BigIntegerIncrementGeneratorTest" name="testBasics" time="0.003" />
  <system-out><![CDATA[14:14:01,293  INFO CustomRunner:132 - BeforeClass: org.hibernate.test.idgen.biginteger.increment.BigIntegerIncrementGeneratorTest
14:14:01,301  INFO Configuration:706 - HHH000221: Reading mappings from resource: org/hibernate/test/idgen/biginteger/increment/Mapping.hbm.xml
14:14:01,307  INFO DriverManagerConnectionProviderImpl:99 - HHH000402: Using Hibernate built-in connection pool (not for production use!)
14:14:01,307  INFO DriverManagerConnectionProviderImpl:135 - HHH000115: Hibernate connection pool size: 5
14:14:01,307  INFO DriverManagerConnectionProviderImpl:138 - HHH000006: Autocommit mode: false
14:14:01,308  INFO DriverManagerConnectionProviderImpl:153 - HHH000401: using driver [org.h2.Driver] at URL [jdbc:h2:mem:db1;DB_CLOSE_DELAY=-1;MVCC=TRUE]
14:14:01,308  INFO DriverManagerConnectionProviderImpl:158 - HHH000046: Connection properties: {user=sa}
14:14:01,309  INFO Dialect:103 - HHH000400: Using dialect: org.hibernate.dialect.H2Dialect
14:14:01,310  INFO LobCreatorBuilder:94 - HHH000423: Disabling contextual LOB creation as JDBC driver reported JDBC version [3] less than 4
14:14:01,311  INFO TransactionFactoryInitiator:66 - HHH000399: Using default transaction strategy (direct JDBC transactions)
14:14:01,311  INFO ASTQueryTranslatorFactory:48 - HHH000397: Using ASTQueryTranslatorFactory
14:14:01,312  WARN CachingRegionFactory:58 - CachingRegionFactory should be only used for testing.
14:14:01,317  INFO SchemaExport:343 - HHH000227: Running hbm2ddl schema export
14:14:01,318 DEBUG SchemaExport:353 - Import file not found: /import.sql
14:14:01,318 DEBUG SQL:104 - 
    drop table Entity if exists
14:14:01,319 DEBUG SQL:104 - 
    create table Entity (
        ID decimal(19,2) not null,
        name varchar(255),
        primary key (ID)
    )
14:14:01,319  INFO SchemaExport:405 - HHH000230: Schema export complete
14:14:01,319  WARN SessionFactoryImpl:1554 - HHH000008: JTASessionContext being used with JDBCTransactionFactory; auto-flush will not operate correctly with getCurrentSession()
14:14:01,320  INFO CustomRunner:139 - Test: testBasics
14:14:01,320 DEBUG SQL:104 - 
    select
        max(ID) 
    from
        Entity
14:14:01,321 DEBUG SQL:104 - 
    insert 
    into
        Entity
        (name, ID) 
    values
        (?, ?)
14:14:01,322 DEBUG SQL:104 - 
    insert 
    into
        Entity
        (name, ID) 
    values
        (?, ?)
14:14:01,322 DEBUG SQL:104 - 
    delete 
    from
        Entity 
    where
        ID=?
14:14:01,322 DEBUG SQL:104 - 
    delete 
    from
        Entity 
    where
        ID=?
14:14:01,323  INFO SchemaExport:343 - HHH000227: Running hbm2ddl schema export
14:14:01,324 DEBUG SchemaExport:353 - Import file not found: /import.sql
14:14:01,324 DEBUG SQL:104 - 
    drop table Entity if exists
14:14:01,324  INFO SchemaExport:405 - HHH000230: Schema export complete
14:14:01,324  INFO DriverManagerConnectionProviderImpl:162 - HHH000030: Cleaning up connection pool [jdbc:h2:mem:db1;DB_CLOSE_DELAY=-1;MVCC=TRUE]
]]></system-out>
  <system-err><![CDATA[]]></system-err>
</testsuite>
