<?xml version="1.0" encoding="UTF-8"?>
<testsuite errors="0" failures="0" hostname="dhcp-10.15.208.168.stl.redhat.com" name="org.hibernate.metamodel.source.annotations.xml.mocker.BasicMockerTest" tests="2" time="0.006" timestamp="2013-02-28T20:10:01">
  <properties />
  <testcase classname="org.hibernate.metamodel.source.annotations.xml.mocker.BasicMockerTest" name="testEntity" time="0.002" />
  <testcase classname="org.hibernate.metamodel.source.annotations.xml.mocker.BasicMockerTest" name="testEntityWithEntityMappingsConfiguration" time="0.002" />
  <system-out><![CDATA[]]></system-out>
  <system-err><![CDATA[]]></system-err>
</testsuite>
