<?xml version="1.0" encoding="UTF-8"?>
<testsuite errors="0" failures="0" hostname="dhcp-10.15.208.168.stl.redhat.com" name="org.hibernate.test.queryplan.NativeSQLQueryReturnEqualsAndHashCodeTest" tests="5" time="0.104" timestamp="2013-02-28T20:19:02">
  <properties />
  <testcase classname="org.hibernate.test.queryplan.NativeSQLQueryReturnEqualsAndHashCodeTest" name="testNativeSQLQueryCollectionReturn" time="0.079" />
  <testcase classname="org.hibernate.test.queryplan.NativeSQLQueryReturnEqualsAndHashCodeTest" name="testNativeSQLQueryJoinReturn" time="0.001" />
  <testcase classname="org.hibernate.test.queryplan.NativeSQLQueryReturnEqualsAndHashCodeTest" name="testNativeSQLQueryReturnTypes" time="0.001" />
  <testcase classname="org.hibernate.test.queryplan.NativeSQLQueryReturnEqualsAndHashCodeTest" name="testNativeSQLQueryRootReturn" time="0.0" />
  <testcase classname="org.hibernate.test.queryplan.NativeSQLQueryReturnEqualsAndHashCodeTest" name="testNativeSQLQueryScalarReturn" time="0.0" />
  <system-out><![CDATA[14:19:02,302  INFO CustomRunner:132 - BeforeClass: org.hibernate.test.queryplan.NativeSQLQueryReturnEqualsAndHashCodeTest
14:19:02,304  INFO DriverManagerConnectionProviderImpl:99 - HHH000402: Using Hibernate built-in connection pool (not for production use!)
14:19:02,305  INFO DriverManagerConnectionProviderImpl:135 - HHH000115: Hibernate connection pool size: 5
14:19:02,305  INFO DriverManagerConnectionProviderImpl:138 - HHH000006: Autocommit mode: false
14:19:02,305  INFO DriverManagerConnectionProviderImpl:153 - HHH000401: using driver [org.h2.Driver] at URL [jdbc:h2:mem:db1;DB_CLOSE_DELAY=-1;MVCC=TRUE]
14:19:02,306  INFO DriverManagerConnectionProviderImpl:158 - HHH000046: Connection properties: {user=sa}
14:19:02,307  INFO Dialect:103 - HHH000400: Using dialect: org.hibernate.dialect.H2Dialect
14:19:02,307  INFO LobCreatorBuilder:94 - HHH000423: Disabling contextual LOB creation as JDBC driver reported JDBC version [3] less than 4
14:19:02,307  INFO TransactionFactoryInitiator:66 - HHH000399: Using default transaction strategy (direct JDBC transactions)
14:19:02,308  INFO ASTQueryTranslatorFactory:48 - HHH000397: Using ASTQueryTranslatorFactory
14:19:02,308  WARN CachingRegionFactory:58 - CachingRegionFactory should be only used for testing.
14:19:02,311  INFO SchemaExport:343 - HHH000227: Running hbm2ddl schema export
14:19:02,312 DEBUG SchemaExport:353 - Import file not found: /import.sql
14:19:02,312  INFO SchemaExport:405 - HHH000230: Schema export complete
14:19:02,313  WARN SessionFactoryImpl:1554 - HHH000008: JTASessionContext being used with JDBCTransactionFactory; auto-flush will not operate correctly with getCurrentSession()
14:19:02,313  INFO CustomRunner:139 - Test: testNativeSQLQueryCollectionReturn
14:19:02,392  INFO CustomRunner:139 - Test: testNativeSQLQueryJoinReturn
14:19:02,394  INFO CustomRunner:139 - Test: testNativeSQLQueryReturnTypes
14:19:02,395  INFO CustomRunner:139 - Test: testNativeSQLQueryRootReturn
14:19:02,396  INFO CustomRunner:139 - Test: testNativeSQLQueryScalarReturn
14:19:02,398  INFO SchemaExport:343 - HHH000227: Running hbm2ddl schema export
14:19:02,398 DEBUG SchemaExport:353 - Import file not found: /import.sql
14:19:02,398  INFO SchemaExport:405 - HHH000230: Schema export complete
14:19:02,399  INFO DriverManagerConnectionProviderImpl:162 - HHH000030: Cleaning up connection pool [jdbc:h2:mem:db1;DB_CLOSE_DELAY=-1;MVCC=TRUE]
]]></system-out>
  <system-err><![CDATA[]]></system-err>
</testsuite>
