<?xml version="1.0" encoding="UTF-8"?>
<testsuite errors="0" failures="0" hostname="dhcp-10.15.208.168.stl.redhat.com" name="org.hibernate.test.cfg.cache.CacheConfigurationTest" tests="1" time="0.091" timestamp="2013-02-28T20:11:53">
  <properties />
  <testcase classname="org.hibernate.test.cfg.cache.CacheConfigurationTest" name="testCacheConfiguration" time="0.087" />
  <system-out><![CDATA[14:11:53,892  INFO CustomRunner:132 - BeforeClass: org.hibernate.test.cfg.cache.CacheConfigurationTest
14:11:53,892  INFO CustomRunner:139 - Test: testCacheConfiguration
14:11:53,894  INFO Configuration:1972 - HHH000043: Configuring from resource: org/hibernate/test/cfg/cache/hibernate.cfg.xml
14:11:53,895  INFO Configuration:1991 - HHH000040: Configuration resource: org/hibernate/test/cfg/cache/hibernate.cfg.xml
14:11:53,940  INFO Configuration:725 - HHH000221: Reading mappings from resource: org/hibernate/test/cfg/cache/SubClass.hbm.xml
14:11:53,946  INFO Configuration:725 - HHH000221: Reading mappings from resource: org/hibernate/test/cfg/cache/BaseClass.hbm.xml
14:11:53,951  INFO Configuration:725 - HHH000221: Reading mappings from resource: org/hibernate/test/cfg/cache/Item.hbm.xml
14:11:53,956  INFO Configuration:2113 - HHH000041: Configured SessionFactory: null
14:11:53,960  INFO DriverManagerConnectionProviderImpl:99 - HHH000402: Using Hibernate built-in connection pool (not for production use!)
14:11:53,961  INFO DriverManagerConnectionProviderImpl:135 - HHH000115: Hibernate connection pool size: 5
14:11:53,961  INFO DriverManagerConnectionProviderImpl:138 - HHH000006: Autocommit mode: false
14:11:53,961  INFO DriverManagerConnectionProviderImpl:153 - HHH000401: using driver [org.h2.Driver] at URL [jdbc:h2:mem:db1;DB_CLOSE_DELAY=-1;MVCC=TRUE]
14:11:53,961  INFO DriverManagerConnectionProviderImpl:158 - HHH000046: Connection properties: {user=sa}
14:11:53,962  INFO Dialect:103 - HHH000400: Using dialect: org.hibernate.dialect.H2Dialect
14:11:53,963  INFO LobCreatorBuilder:94 - HHH000423: Disabling contextual LOB creation as JDBC driver reported JDBC version [3] less than 4
14:11:53,964  INFO TransactionFactoryInitiator:66 - HHH000399: Using default transaction strategy (direct JDBC transactions)
14:11:53,964  INFO ASTQueryTranslatorFactory:48 - HHH000397: Using ASTQueryTranslatorFactory
14:11:53,964  WARN CachingRegionFactory:58 - CachingRegionFactory should be only used for testing.
14:11:53,979  WARN SessionFactoryImpl:1554 - HHH000008: JTASessionContext being used with JDBCTransactionFactory; auto-flush will not operate correctly with getCurrentSession()
]]></system-out>
  <system-err><![CDATA[]]></system-err>
</testsuite>
