<?xml version="1.0" encoding="UTF-8"?>
<testsuite errors="0" failures="0" hostname="dhcp-10.15.208.168.stl.redhat.com" name="org.hibernate.test.annotations.derivedidentities.e6.a.DerivedIdentityEmbeddedIdParentSameIdTypeIdClassDepTest" tests="1" time="0.055" timestamp="2013-02-28T20:10:21">
  <properties />
  <testcase classname="org.hibernate.test.annotations.derivedidentities.e6.a.DerivedIdentityEmbeddedIdParentSameIdTypeIdClassDepTest" name="testOneToOneExplicitJoinColumn" time="0.02" />
  <system-out><![CDATA[14:10:21,387  INFO CustomRunner:132 - BeforeClass: org.hibernate.test.annotations.derivedidentities.e6.a.DerivedIdentityEmbeddedIdParentSameIdTypeIdClassDepTest
14:10:21,391  WARN RootClass:288 - HHH000038: Composite-id class does not override equals(): org.hibernate.test.annotations.derivedidentities.e6.a.PersonId
14:10:21,391  WARN RootClass:289 - HHH000039: Composite-id class does not override hashCode(): org.hibernate.test.annotations.derivedidentities.e6.a.PersonId
14:10:21,392  WARN RootClass:288 - HHH000038: Composite-id class does not override equals(): org.hibernate.test.annotations.derivedidentities.e6.a.MedicalHistory
14:10:21,392  WARN RootClass:289 - HHH000039: Composite-id class does not override hashCode(): org.hibernate.test.annotations.derivedidentities.e6.a.MedicalHistory
14:10:21,392  INFO DriverManagerConnectionProviderImpl:99 - HHH000402: Using Hibernate built-in connection pool (not for production use!)
14:10:21,392  INFO DriverManagerConnectionProviderImpl:135 - HHH000115: Hibernate connection pool size: 5
14:10:21,392  INFO DriverManagerConnectionProviderImpl:138 - HHH000006: Autocommit mode: false
14:10:21,393  INFO DriverManagerConnectionProviderImpl:153 - HHH000401: using driver [org.h2.Driver] at URL [jdbc:h2:mem:db1;DB_CLOSE_DELAY=-1;MVCC=TRUE]
14:10:21,393  INFO DriverManagerConnectionProviderImpl:158 - HHH000046: Connection properties: {user=sa}
14:10:21,394  INFO Dialect:103 - HHH000400: Using dialect: org.hibernate.dialect.H2Dialect
14:10:21,394  INFO LobCreatorBuilder:94 - HHH000423: Disabling contextual LOB creation as JDBC driver reported JDBC version [3] less than 4
14:10:21,395  INFO TransactionFactoryInitiator:66 - HHH000399: Using default transaction strategy (direct JDBC transactions)
14:10:21,395  INFO ASTQueryTranslatorFactory:48 - HHH000397: Using ASTQueryTranslatorFactory
14:10:21,395  WARN CachingRegionFactory:58 - CachingRegionFactory should be only used for testing.
14:10:21,408  INFO SchemaExport:343 - HHH000227: Running hbm2ddl schema export
14:10:21,409 DEBUG SchemaExport:353 - Import file not found: /import.sql
14:10:21,409 DEBUG SQL:104 - 
    alter table MedicalHistory 
        drop constraint FK306558E382348123
14:10:21,414 ERROR SchemaExport:425 - HHH000389: Unsuccessful: alter table MedicalHistory drop constraint FK306558E382348123
14:10:21,414 ERROR SchemaExport:426 - Table "MEDICALHISTORY" not found; SQL statement:

    alter table MedicalHistory 
        drop constraint FK306558E382348123 [42102-145]
14:10:21,415 DEBUG SQL:104 - 
    drop table MedicalHistory if exists
14:10:21,415 DEBUG SQL:104 - 
    drop table Person if exists
14:10:21,415 DEBUG SQL:104 - 
    create table MedicalHistory (
        FK1 varchar(255) not null,
        FK2 varchar(255) not null,
        primary key (FK1, FK2)
    )
14:10:21,415 DEBUG SQL:104 - 
    create table Person (
        firstName varchar(255) not null,
        lastName varchar(255) not null,
        primary key (firstName, lastName)
    )
14:10:21,416 DEBUG SQL:104 - 
    alter table MedicalHistory 
        add constraint FK306558E382348123 
        foreign key (FK1, FK2) 
        references Person
14:10:21,417  INFO SchemaExport:405 - HHH000230: Schema export complete
14:10:21,417  WARN SessionFactoryImpl:1554 - HHH000008: JTASessionContext being used with JDBCTransactionFactory; auto-flush will not operate correctly with getCurrentSession()
14:10:21,417  INFO CustomRunner:139 - Test: testOneToOneExplicitJoinColumn
14:10:21,426 DEBUG SQL:104 - 
    insert 
    into
        Person
        (firstName, lastName) 
    values
        (?, ?)
14:10:21,427 DEBUG SQL:104 - 
    insert 
    into
        MedicalHistory
        (FK1, FK2) 
    values
        (?, ?)
14:10:21,427 DEBUG SQL:104 - 
    select
        person0_.firstName as firstName1_0_,
        person0_.lastName as lastName1_0_ 
    from
        Person person0_ 
    where
        person0_.firstName=? 
        and person0_.lastName=?
14:10:21,428 DEBUG SQL:104 - 
    select
        medicalhis0_.FK1 as FK1_0_0_,
        medicalhis0_.FK2 as FK2_0_0_ 
    from
        MedicalHistory medicalhis0_ 
    where
        medicalhis0_.FK1=? 
        and medicalhis0_.FK2=?
14:10:21,437 DEBUG SQL:104 - 
    delete 
    from
        MedicalHistory 
    where
        FK1=? 
        and FK2=?
14:10:21,437 DEBUG SQL:104 - 
    delete 
    from
        Person 
    where
        firstName=? 
        and lastName=?
14:10:21,438  INFO SchemaExport:343 - HHH000227: Running hbm2ddl schema export
14:10:21,439 DEBUG SchemaExport:353 - Import file not found: /import.sql
14:10:21,439 DEBUG SQL:104 - 
    alter table MedicalHistory 
        drop constraint FK306558E382348123
14:10:21,439 DEBUG SQL:104 - 
    drop table MedicalHistory if exists
14:10:21,440 DEBUG SQL:104 - 
    drop table Person if exists
14:10:21,440  INFO SchemaExport:405 - HHH000230: Schema export complete
14:10:21,440  INFO DriverManagerConnectionProviderImpl:162 - HHH000030: Cleaning up connection pool [jdbc:h2:mem:db1;DB_CLOSE_DELAY=-1;MVCC=TRUE]
]]></system-out>
  <system-err><![CDATA[]]></system-err>
</testsuite>
