<?xml version="1.0" encoding="UTF-8"?>
<testsuite errors="0" failures="0" hostname="dhcp-10.15.208.168.stl.redhat.com" name="org.hibernate.test.annotations.collectionelement.OrderByTest" tests="2" time="0.145" timestamp="2013-02-28T20:10:17">
  <properties />
  <testcase classname="org.hibernate.test.annotations.collectionelement.OrderByTest" name="testOrderByName" time="0.012" />
  <testcase classname="org.hibernate.test.annotations.collectionelement.OrderByTest" name="testOrderByWithDottedNotation" time="0.048" />
  <system-out><![CDATA[14:10:17,103  INFO CustomRunner:132 - BeforeClass: org.hibernate.test.annotations.collectionelement.OrderByTest
14:10:17,112  INFO DriverManagerConnectionProviderImpl:99 - HHH000402: Using Hibernate built-in connection pool (not for production use!)
14:10:17,112  INFO DriverManagerConnectionProviderImpl:135 - HHH000115: Hibernate connection pool size: 5
14:10:17,113  INFO DriverManagerConnectionProviderImpl:138 - HHH000006: Autocommit mode: false
14:10:17,113  INFO DriverManagerConnectionProviderImpl:153 - HHH000401: using driver [org.h2.Driver] at URL [jdbc:h2:mem:db1;DB_CLOSE_DELAY=-1;MVCC=TRUE]
14:10:17,113  INFO DriverManagerConnectionProviderImpl:158 - HHH000046: Connection properties: {user=sa}
14:10:17,114  INFO Dialect:103 - HHH000400: Using dialect: org.hibernate.dialect.H2Dialect
14:10:17,114  INFO LobCreatorBuilder:94 - HHH000423: Disabling contextual LOB creation as JDBC driver reported JDBC version [3] less than 4
14:10:17,115  INFO TransactionFactoryInitiator:66 - HHH000399: Using default transaction strategy (direct JDBC transactions)
14:10:17,115  INFO ASTQueryTranslatorFactory:48 - HHH000397: Using ASTQueryTranslatorFactory
14:10:17,115  WARN CachingRegionFactory:58 - CachingRegionFactory should be only used for testing.
14:10:17,152  INFO SchemaExport:343 - HHH000227: Running hbm2ddl schema export
14:10:17,152 DEBUG SchemaExport:353 - Import file not found: /import.sql
14:10:17,153 DEBUG SQL:104 - 
    alter table BugSystem_bugs 
        drop constraint FK5D6AC19B4C606CCA
14:10:17,153 ERROR SchemaExport:425 - HHH000389: Unsuccessful: alter table BugSystem_bugs drop constraint FK5D6AC19B4C606CCA
14:10:17,153 ERROR SchemaExport:426 - Table "BUGSYSTEM_BUGS" not found; SQL statement:

    alter table BugSystem_bugs 
        drop constraint FK5D6AC19B4C606CCA [42102-145]
14:10:17,153 DEBUG SQL:104 - 
    alter table Products_Widgets 
        drop constraint FK3FF69ED4992E092A
14:10:17,153 ERROR SchemaExport:425 - HHH000389: Unsuccessful: alter table Products_Widgets drop constraint FK3FF69ED4992E092A
14:10:17,154 ERROR SchemaExport:426 - Table "PRODUCTS_WIDGETS" not found; SQL statement:

    alter table Products_Widgets 
        drop constraint FK3FF69ED4992E092A [42102-145]
14:10:17,154 DEBUG SQL:104 - 
    alter table Products_Widgets 
        drop constraint FK3FF69ED4813EB76A
14:10:17,154 ERROR SchemaExport:425 - HHH000389: Unsuccessful: alter table Products_Widgets drop constraint FK3FF69ED4813EB76A
14:10:17,154 ERROR SchemaExport:426 - Table "PRODUCTS_WIDGETS" not found; SQL statement:

    alter table Products_Widgets 
        drop constraint FK3FF69ED4813EB76A [42102-145]
14:10:17,154 DEBUG SQL:104 - 
    drop table BugSystem if exists
14:10:17,154 DEBUG SQL:104 - 
    drop table BugSystem_bugs if exists
14:10:17,154 DEBUG SQL:104 - 
    drop table Products if exists
14:10:17,154 DEBUG SQL:104 - 
    drop table Products_Widgets if exists
14:10:17,155 DEBUG SQL:104 - 
    drop table Widgets if exists
14:10:17,155 DEBUG SQL:104 - 
    drop sequence hibernate_sequence
14:10:17,155 ERROR SchemaExport:425 - HHH000389: Unsuccessful: drop sequence hibernate_sequence
14:10:17,155 ERROR SchemaExport:426 - Sequence "HIBERNATE_SEQUENCE" not found; SQL statement:

    drop sequence hibernate_sequence [90036-145]
14:10:17,155 DEBUG SQL:104 - 
    create table BugSystem (
        id integer not null,
        primary key (id)
    )
14:10:17,156 DEBUG SQL:104 - 
    create table BugSystem_bugs (
        BugSystem_id integer not null,
        description varchar(255),
        firstName varchar(255),
        lastName varchar(255),
        summary varchar(255)
    )
14:10:17,156 DEBUG SQL:104 - 
    create table Products (
        id integer not null,
        primary key (id)
    )
14:10:17,156 DEBUG SQL:104 - 
    create table Products_Widgets (
        Products_id integer not null,
        widgets_id integer not null,
        primary key (Products_id, widgets_id)
    )
14:10:17,157 DEBUG SQL:104 - 
    create table Widgets (
        id integer not null,
        name varchar(255),
        primary key (id)
    )
14:10:17,157 DEBUG SQL:104 - 
    alter table BugSystem_bugs 
        add constraint FK5D6AC19B4C606CCA 
        foreign key (BugSystem_id) 
        references BugSystem
14:10:17,158 DEBUG SQL:104 - 
    alter table Products_Widgets 
        add constraint UK_3FF69ED4EDBE50AB unique (widgets_id)
14:10:17,158 DEBUG SQL:104 - 
    alter table Products_Widgets 
        add constraint FK3FF69ED4992E092A 
        foreign key (widgets_id) 
        references Widgets
14:10:17,159 DEBUG SQL:104 - 
    alter table Products_Widgets 
        add constraint FK3FF69ED4813EB76A 
        foreign key (Products_id) 
        references Products
14:10:17,173 DEBUG SQL:104 - 
    create sequence hibernate_sequence start with 1 increment by 1
14:10:17,173  INFO SchemaExport:405 - HHH000230: Schema export complete
14:10:17,174  WARN SessionFactoryImpl:1554 - HHH000008: JTASessionContext being used with JDBCTransactionFactory; auto-flush will not operate correctly with getCurrentSession()
14:10:17,175  INFO CustomRunner:139 - Test: testOrderByName
14:10:17,175 DEBUG SQL:104 - 
    call next value for hibernate_sequence
14:10:17,176 DEBUG SQL:104 - 
    call next value for hibernate_sequence
14:10:17,176 DEBUG SQL:104 - 
    call next value for hibernate_sequence
14:10:17,177 DEBUG SQL:104 - 
    call next value for hibernate_sequence
14:10:17,178 DEBUG SQL:104 - 
    insert 
    into
        Widgets
        (name, id) 
    values
        (?, ?)
14:10:17,179 DEBUG SQL:104 - 
    insert 
    into
        Widgets
        (name, id) 
    values
        (?, ?)
14:10:17,179 DEBUG SQL:104 - 
    insert 
    into
        Widgets
        (name, id) 
    values
        (?, ?)
14:10:17,182 DEBUG SQL:104 - 
    insert 
    into
        Products
        (id) 
    values
        (?)
14:10:17,183 DEBUG SQL:104 - 
    insert 
    into
        Products_Widgets
        (Products_id, widgets_id) 
    values
        (?, ?)
14:10:17,183 DEBUG SQL:104 - 
    insert 
    into
        Products_Widgets
        (Products_id, widgets_id) 
    values
        (?, ?)
14:10:17,184 DEBUG SQL:104 - 
    insert 
    into
        Products_Widgets
        (Products_id, widgets_id) 
    values
        (?, ?)
14:10:17,185 DEBUG SQL:104 - 
    select
        products0_.id as id2_0_ 
    from
        Products products0_ 
    where
        products0_.id=?
14:10:17,185 DEBUG SQL:104 - 
    select
        widgets0_.Products_id as Products1_2_1_,
        widgets0_.widgets_id as widgets2_3_1_,
        widgets1_.id as id4_0_,
        widgets1_.name as name4_0_ 
    from
        Products_Widgets widgets0_ 
    inner join
        Widgets widgets1_ 
            on widgets0_.widgets_id=widgets1_.id 
    where
        widgets0_.Products_id=? 
    order by
        widgets1_.name asc
14:10:17,187  INFO CustomRunner:139 - Test: testOrderByWithDottedNotation
14:10:17,188 DEBUG SQL:104 - 
    call next value for hibernate_sequence
14:10:17,197 DEBUG SQL:104 - 
    insert 
    into
        BugSystem
        (id) 
    values
        (?)
14:10:17,198 DEBUG SQL:104 - 
    insert 
    into
        BugSystem_bugs
        (BugSystem_id, description, firstName, lastName, summary) 
    values
        (?, ?, ?, ?, ?)
14:10:17,199 DEBUG SQL:104 - 
    insert 
    into
        BugSystem_bugs
        (BugSystem_id, description, firstName, lastName, summary) 
    values
        (?, ?, ?, ?, ?)
14:10:17,199 DEBUG SQL:104 - 
    insert 
    into
        BugSystem_bugs
        (BugSystem_id, description, firstName, lastName, summary) 
    values
        (?, ?, ?, ?, ?)
14:10:17,199 DEBUG SQL:104 - 
    select
        bugsystem0_.id as id0_0_ 
    from
        BugSystem bugsystem0_ 
    where
        bugsystem0_.id=?
14:10:17,212 DEBUG SQL:104 - 
    select
        bugs0_.BugSystem_id as BugSystem1_0_0_,
        bugs0_.description as descript2_1_0_,
        bugs0_.firstName as firstName1_0_,
        bugs0_.lastName as lastName1_0_,
        bugs0_.summary as summary1_0_ 
    from
        BugSystem_bugs bugs0_ 
    where
        bugs0_.BugSystem_id=? 
    order by
        bugs0_.lastName asc,
        bugs0_.firstName asc,
        bugs0_.summary
14:10:17,213 DEBUG SQL:104 - 
    delete 
    from
        BugSystem_bugs 
    where
        BugSystem_id=? 
        and description=? 
        and firstName=? 
        and lastName=? 
        and summary=?
14:10:17,214 DEBUG SQL:104 - 
    delete 
    from
        BugSystem_bugs 
    where
        BugSystem_id=? 
        and description=? 
        and firstName=? 
        and lastName=? 
        and summary=?
14:10:17,214 DEBUG SQL:104 - 
    delete 
    from
        BugSystem_bugs 
    where
        BugSystem_id=? 
        and description=? 
        and firstName=? 
        and lastName=? 
        and summary=?
14:10:17,233 DEBUG SQL:104 - 
    insert 
    into
        BugSystem_bugs
        (BugSystem_id, description, firstName, lastName, summary) 
    values
        (?, ?, ?, ?, ?)
14:10:17,234 DEBUG SQL:104 - 
    insert 
    into
        BugSystem_bugs
        (BugSystem_id, description, firstName, lastName, summary) 
    values
        (?, ?, ?, ?, ?)
14:10:17,234 DEBUG SQL:104 - 
    insert 
    into
        BugSystem_bugs
        (BugSystem_id, description, firstName, lastName, summary) 
    values
        (?, ?, ?, ?, ?)
14:10:17,235  INFO SchemaExport:343 - HHH000227: Running hbm2ddl schema export
14:10:17,238 DEBUG SchemaExport:353 - Import file not found: /import.sql
14:10:17,238 DEBUG SQL:104 - 
    alter table BugSystem_bugs 
        drop constraint FK5D6AC19B4C606CCA
14:10:17,244 DEBUG SQL:104 - 
    alter table Products_Widgets 
        drop constraint FK3FF69ED4992E092A
14:10:17,245 DEBUG SQL:104 - 
    alter table Products_Widgets 
        drop constraint FK3FF69ED4813EB76A
14:10:17,245 DEBUG SQL:104 - 
    drop table BugSystem if exists
14:10:17,245 DEBUG SQL:104 - 
    drop table BugSystem_bugs if exists
14:10:17,245 DEBUG SQL:104 - 
    drop table Products if exists
14:10:17,246 DEBUG SQL:104 - 
    drop table Products_Widgets if exists
14:10:17,246 DEBUG SQL:104 - 
    drop table Widgets if exists
14:10:17,246 DEBUG SQL:104 - 
    drop sequence hibernate_sequence
14:10:17,247  INFO SchemaExport:405 - HHH000230: Schema export complete
14:10:17,247  INFO DriverManagerConnectionProviderImpl:162 - HHH000030: Cleaning up connection pool [jdbc:h2:mem:db1;DB_CLOSE_DELAY=-1;MVCC=TRUE]
]]></system-out>
  <system-err><![CDATA[]]></system-err>
</testsuite>
