<?xml version="1.0" encoding="UTF-8"?>
<testsuite errors="0" failures="0" hostname="dhcp-10.15.208.168.stl.redhat.com" name="org.hibernate.test.id.UseIdentifierRollbackTest" tests="1" time="0.023" timestamp="2013-02-28T20:14:00">
  <properties />
  <testcase classname="org.hibernate.test.id.UseIdentifierRollbackTest" name="testSimpleRollback" time="0.003" />
  <system-out><![CDATA[14:14:00,712  INFO CustomRunner:132 - BeforeClass: org.hibernate.test.id.UseIdentifierRollbackTest
14:14:00,714  INFO Configuration:706 - HHH000221: Reading mappings from resource: org/hibernate/test/id/Product.hbm.xml
14:14:00,719  INFO DriverManagerConnectionProviderImpl:99 - HHH000402: Using Hibernate built-in connection pool (not for production use!)
14:14:00,720  INFO DriverManagerConnectionProviderImpl:135 - HHH000115: Hibernate connection pool size: 5
14:14:00,720  INFO DriverManagerConnectionProviderImpl:138 - HHH000006: Autocommit mode: false
14:14:00,720  INFO DriverManagerConnectionProviderImpl:153 - HHH000401: using driver [org.h2.Driver] at URL [jdbc:h2:mem:db1;DB_CLOSE_DELAY=-1;MVCC=TRUE]
14:14:00,720  INFO DriverManagerConnectionProviderImpl:158 - HHH000046: Connection properties: {user=sa}
14:14:00,721  INFO Dialect:103 - HHH000400: Using dialect: org.hibernate.dialect.H2Dialect
14:14:00,722  INFO LobCreatorBuilder:94 - HHH000423: Disabling contextual LOB creation as JDBC driver reported JDBC version [3] less than 4
14:14:00,722  INFO TransactionFactoryInitiator:66 - HHH000399: Using default transaction strategy (direct JDBC transactions)
14:14:00,722  INFO ASTQueryTranslatorFactory:48 - HHH000397: Using ASTQueryTranslatorFactory
14:14:00,723  WARN CachingRegionFactory:58 - CachingRegionFactory should be only used for testing.
14:14:00,727  INFO SchemaExport:343 - HHH000227: Running hbm2ddl schema export
14:14:00,728 DEBUG SchemaExport:353 - Import file not found: /import.sql
14:14:00,728 DEBUG SQL:104 - 
    drop table t_product if exists
14:14:00,728 DEBUG SQL:104 - 
    create table t_product (
        name varchar(255) not null,
        primary key (name)
    )
14:14:00,728  INFO SchemaExport:405 - HHH000230: Schema export complete
14:14:00,729  WARN SessionFactoryImpl:1554 - HHH000008: JTASessionContext being used with JDBCTransactionFactory; auto-flush will not operate correctly with getCurrentSession()
14:14:00,729  INFO CustomRunner:139 - Test: testSimpleRollback
14:14:00,731 DEBUG SQL:104 - 
    insert 
    into
        t_product
        (name) 
    values
        (?)
14:14:00,732  INFO SchemaExport:343 - HHH000227: Running hbm2ddl schema export
14:14:00,732 DEBUG SchemaExport:353 - Import file not found: /import.sql
14:14:00,732 DEBUG SQL:104 - 
    drop table t_product if exists
14:14:00,733  INFO SchemaExport:405 - HHH000230: Schema export complete
14:14:00,733  INFO DriverManagerConnectionProviderImpl:162 - HHH000030: Cleaning up connection pool [jdbc:h2:mem:db1;DB_CLOSE_DELAY=-1;MVCC=TRUE]
]]></system-out>
  <system-err><![CDATA[]]></system-err>
</testsuite>
