<?xml version="1.0" encoding="UTF-8"?>
<testsuite errors="0" failures="0" hostname="dhcp-10.15.208.168.stl.redhat.com" name="org.hibernate.test.collection.bag.PersistentBagTest" tests="1" time="0.087" timestamp="2013-02-28T20:11:55">
  <properties />
  <testcase classname="org.hibernate.test.collection.bag.PersistentBagTest" name="testWriteMethodDirtying" time="0.035" />
  <system-out><![CDATA[14:11:55,579  INFO CustomRunner:132 - BeforeClass: org.hibernate.test.collection.bag.PersistentBagTest
14:11:55,581  INFO Configuration:706 - HHH000221: Reading mappings from resource: org/hibernate/test/collection/bag/Mappings.hbm.xml
14:11:55,589  INFO DriverManagerConnectionProviderImpl:99 - HHH000402: Using Hibernate built-in connection pool (not for production use!)
14:11:55,589  INFO DriverManagerConnectionProviderImpl:135 - HHH000115: Hibernate connection pool size: 5
14:11:55,589  INFO DriverManagerConnectionProviderImpl:138 - HHH000006: Autocommit mode: false
14:11:55,590  INFO DriverManagerConnectionProviderImpl:153 - HHH000401: using driver [org.h2.Driver] at URL [jdbc:h2:mem:db1;DB_CLOSE_DELAY=-1;MVCC=TRUE]
14:11:55,590  INFO DriverManagerConnectionProviderImpl:158 - HHH000046: Connection properties: {user=sa}
14:11:55,591  INFO Dialect:103 - HHH000400: Using dialect: org.hibernate.dialect.H2Dialect
14:11:55,592  INFO LobCreatorBuilder:94 - HHH000423: Disabling contextual LOB creation as JDBC driver reported JDBC version [3] less than 4
14:11:55,592  INFO TransactionFactoryInitiator:66 - HHH000399: Using default transaction strategy (direct JDBC transactions)
14:11:55,592  INFO ASTQueryTranslatorFactory:48 - HHH000397: Using ASTQueryTranslatorFactory
14:11:55,593  WARN CachingRegionFactory:58 - CachingRegionFactory should be only used for testing.
14:11:55,603  INFO SchemaExport:343 - HHH000227: Running hbm2ddl schema export
14:11:55,604 DEBUG SchemaExport:353 - Import file not found: /import.sql
14:11:55,604 DEBUG SQL:104 - 
    alter table BagOwner 
        drop constraint FK879E2FAB384B35D5
14:11:55,604 ERROR SchemaExport:425 - HHH000389: Unsuccessful: alter table BagOwner drop constraint FK879E2FAB384B35D5
14:11:55,604 ERROR SchemaExport:426 - Table "BAGOWNER" not found; SQL statement:

    alter table BagOwner 
        drop constraint FK879E2FAB384B35D5 [42102-145]
14:11:55,604 DEBUG SQL:104 - 
    drop table BagOwner if exists
14:11:55,604 DEBUG SQL:104 - 
    create table BagOwner (
        NAME varchar(255) not null,
        parent varchar(255),
        primary key (NAME)
    )
14:11:55,605 DEBUG SQL:104 - 
    alter table BagOwner 
        add constraint FK879E2FAB384B35D5 
        foreign key (parent) 
        references BagOwner
14:11:55,606  INFO SchemaExport:405 - HHH000230: Schema export complete
14:11:55,606  WARN SessionFactoryImpl:1554 - HHH000008: JTASessionContext being used with JDBCTransactionFactory; auto-flush will not operate correctly with getCurrentSession()
14:11:55,606  INFO CustomRunner:139 - Test: testWriteMethodDirtying
14:11:55,610 DEBUG SQL:104 - 
    select
        bagowner_.NAME,
        bagowner_.parent as parent0_ 
    from
        BagOwner bagowner_ 
    where
        bagowner_.NAME=?
14:11:55,612 DEBUG SQL:104 - 
    insert 
    into
        BagOwner
        (parent, NAME) 
    values
        (?, ?)
14:11:55,639 DEBUG SQL:104 - 
    insert 
    into
        BagOwner
        (parent, NAME) 
    values
        (?, ?)
14:11:55,640 DEBUG SQL:104 - 
    delete 
    from
        BagOwner 
    where
        NAME=?
14:11:55,641 DEBUG SQL:104 - 
    delete 
    from
        BagOwner 
    where
        NAME=?
14:11:55,642  INFO SchemaExport:343 - HHH000227: Running hbm2ddl schema export
14:11:55,643 DEBUG SchemaExport:353 - Import file not found: /import.sql
14:11:55,643 DEBUG SQL:104 - 
    alter table BagOwner 
        drop constraint FK879E2FAB384B35D5
14:11:55,643 DEBUG SQL:104 - 
    drop table BagOwner if exists
14:11:55,654  INFO SchemaExport:405 - HHH000230: Schema export complete
14:11:55,655  INFO DriverManagerConnectionProviderImpl:162 - HHH000030: Cleaning up connection pool [jdbc:h2:mem:db1;DB_CLOSE_DELAY=-1;MVCC=TRUE]
]]></system-out>
  <system-err><![CDATA[]]></system-err>
</testsuite>
