<?xml version="1.0" encoding="UTF-8"?>
<testsuite errors="0" failures="0" hostname="dhcp-10.15.208.168.stl.redhat.com" name="org.hibernate.test.jpa.txn.TransactionJoiningTest" tests="3" time="0.055" timestamp="2013-02-28T20:14:52">
  <properties />
  <testcase classname="org.hibernate.test.jpa.txn.TransactionJoiningTest" name="control" time="0.001" />
  <testcase classname="org.hibernate.test.jpa.txn.TransactionJoiningTest" name="testExplicitJoining" time="0.001" />
  <testcase classname="org.hibernate.test.jpa.txn.TransactionJoiningTest" name="testImplicitJoining" time="0.001" />
  <system-out><![CDATA[14:14:52,132  INFO CustomRunner:132 - BeforeClass: org.hibernate.test.jpa.txn.TransactionJoiningTest
14:14:52,134  INFO Configuration:706 - HHH000221: Reading mappings from resource: org/hibernate/test/jpa/Part.hbm.xml
14:14:52,139  INFO Configuration:706 - HHH000221: Reading mappings from resource: org/hibernate/test/jpa/Item.hbm.xml
14:14:52,143  INFO Configuration:706 - HHH000221: Reading mappings from resource: org/hibernate/test/jpa/MyEntity.hbm.xml
14:14:52,148  INFO ConnectionProviderInitiator:188 - HHH000130: Instantiating explicit connection provider: org.hibernate.testing.jta.JtaAwareConnectionProviderImpl
14:14:52,148  INFO DriverManagerConnectionProviderImpl:99 - HHH000402: Using Hibernate built-in connection pool (not for production use!)
14:14:52,148  INFO DriverManagerConnectionProviderImpl:135 - HHH000115: Hibernate connection pool size: 20
14:14:52,148  INFO DriverManagerConnectionProviderImpl:138 - HHH000006: Autocommit mode: false
14:14:52,153  INFO DriverManagerConnectionProviderImpl:153 - HHH000401: using driver [org.h2.Driver] at URL [jdbc:h2:mem:db1;DB_CLOSE_DELAY=-1;MVCC=TRUE]
14:14:52,153  INFO DriverManagerConnectionProviderImpl:158 - HHH000046: Connection properties: {user=sa, autocommit=false}
14:14:52,155  INFO Dialect:103 - HHH000400: Using dialect: org.hibernate.dialect.H2Dialect
14:14:52,155  INFO LobCreatorBuilder:94 - HHH000423: Disabling contextual LOB creation as JDBC driver reported JDBC version [3] less than 4
14:14:52,155  INFO ASTQueryTranslatorFactory:48 - HHH000397: Using ASTQueryTranslatorFactory
14:14:52,164  INFO SchemaExport:343 - HHH000227: Running hbm2ddl schema export
14:14:52,165 DEBUG SchemaExport:353 - Import file not found: /import.sql
14:14:52,165 DEBUG SQL:104 - 
    alter table EJB3_PART 
        drop constraint FKFD4B66FC2A89F363
14:14:52,166 ERROR SchemaExport:425 - HHH000389: Unsuccessful: alter table EJB3_PART drop constraint FKFD4B66FC2A89F363
14:14:52,166 ERROR SchemaExport:426 - Table "EJB3_PART" not found; SQL statement:

    alter table EJB3_PART 
        drop constraint FKFD4B66FC2A89F363 [42102-145]
14:14:52,166 DEBUG SQL:104 - 
    alter table JPA_MYENTITY 
        drop constraint FKE9D28493C4B8BDC8
14:14:52,166 ERROR SchemaExport:425 - HHH000389: Unsuccessful: alter table JPA_MYENTITY drop constraint FKE9D28493C4B8BDC8
14:14:52,166 ERROR SchemaExport:426 - Table "JPA_MYENTITY" not found; SQL statement:

    alter table JPA_MYENTITY 
        drop constraint FKE9D28493C4B8BDC8 [42102-145]
14:14:52,166 DEBUG SQL:104 - 
    drop table EJB3_ITEM if exists
14:14:52,167 DEBUG SQL:104 - 
    drop table EJB3_PART if exists
14:14:52,167 DEBUG SQL:104 - 
    drop table JPA_MYENTITY if exists
14:14:52,167 DEBUG SQL:104 - 
    create table EJB3_ITEM (
        ITEM_ID bigint not null,
        VERS bigint not null,
        NAME varchar(255) not null,
        primary key (ITEM_ID)
    )
14:14:52,167 DEBUG SQL:104 - 
    create table EJB3_PART (
        PART_ID bigint not null,
        ITEM_ID bigint not null,
        NAME varchar(255) not null,
        STOCK_NUM varchar(255) not null,
        UNIT_PRICE decimal(19,2) not null,
        primary key (PART_ID)
    )
14:14:52,168 DEBUG SQL:104 - 
    create table JPA_MYENTITY (
        ID bigint not null,
        "TYPE" varchar(255) not null,
        name varchar(255),
        other bigint,
        someSubProperty varchar(255),
        primary key (ID)
    )
14:14:52,168 DEBUG SQL:104 - 
    alter table EJB3_PART 
        add constraint FKFD4B66FC2A89F363 
        foreign key (ITEM_ID) 
        references EJB3_ITEM
14:14:52,168 DEBUG SQL:104 - 
    alter table JPA_MYENTITY 
        add constraint FKE9D28493C4B8BDC8 
        foreign key (other) 
        references JPA_MYENTITY
14:14:52,174  INFO SchemaExport:405 - HHH000230: Schema export complete
14:14:52,175  INFO CustomRunner:139 - Test: control
14:14:52,176  INFO CustomRunner:139 - Test: testExplicitJoining
14:14:52,177  INFO CustomRunner:139 - Test: testImplicitJoining
14:14:52,178  WARN BaseUnitTestCase:52 - Cleaning up unfinished transaction
14:14:52,178  INFO SchemaExport:343 - HHH000227: Running hbm2ddl schema export
14:14:52,179 DEBUG SchemaExport:353 - Import file not found: /import.sql
14:14:52,179 DEBUG SQL:104 - 
    alter table EJB3_PART 
        drop constraint FKFD4B66FC2A89F363
14:14:52,179 DEBUG SQL:104 - 
    alter table JPA_MYENTITY 
        drop constraint FKE9D28493C4B8BDC8
14:14:52,179 DEBUG SQL:104 - 
    drop table EJB3_ITEM if exists
14:14:52,180 DEBUG SQL:104 - 
    drop table EJB3_PART if exists
14:14:52,180 DEBUG SQL:104 - 
    drop table JPA_MYENTITY if exists
14:14:52,180  INFO SchemaExport:405 - HHH000230: Schema export complete
14:14:52,180  INFO DriverManagerConnectionProviderImpl:162 - HHH000030: Cleaning up connection pool [jdbc:h2:mem:db1;DB_CLOSE_DELAY=-1;MVCC=TRUE]
]]></system-out>
  <system-err><![CDATA[]]></system-err>
</testsuite>
