<?xml version="1.0" encoding="UTF-8"?>
<testsuite errors="0" failures="0" hostname="dhcp-10.15.208.168.stl.redhat.com" name="org.hibernate.test.collection.custom.parameterized.ParameterizedUserCollectionTypeAnnotationsVariantTest" tests="1" time="0.074" timestamp="2013-02-28T20:11:55">
  <properties />
  <testcase classname="org.hibernate.test.collection.custom.parameterized.ParameterizedUserCollectionTypeAnnotationsVariantTest" name="testBasicOperation" time="0.035" />
  <system-out><![CDATA[14:11:55,926  INFO CustomRunner:132 - BeforeClass: org.hibernate.test.collection.custom.parameterized.ParameterizedUserCollectionTypeAnnotationsVariantTest
14:11:55,933  INFO DriverManagerConnectionProviderImpl:99 - HHH000402: Using Hibernate built-in connection pool (not for production use!)
14:11:55,934  INFO DriverManagerConnectionProviderImpl:135 - HHH000115: Hibernate connection pool size: 5
14:11:55,934  INFO DriverManagerConnectionProviderImpl:138 - HHH000006: Autocommit mode: false
14:11:55,934  INFO DriverManagerConnectionProviderImpl:153 - HHH000401: using driver [org.h2.Driver] at URL [jdbc:h2:mem:db1;DB_CLOSE_DELAY=-1;MVCC=TRUE]
14:11:55,934  INFO DriverManagerConnectionProviderImpl:158 - HHH000046: Connection properties: {user=sa}
14:11:55,936  INFO Dialect:103 - HHH000400: Using dialect: org.hibernate.dialect.H2Dialect
14:11:55,936  INFO LobCreatorBuilder:94 - HHH000423: Disabling contextual LOB creation as JDBC driver reported JDBC version [3] less than 4
14:11:55,937  INFO TransactionFactoryInitiator:66 - HHH000399: Using default transaction strategy (direct JDBC transactions)
14:11:55,937  INFO ASTQueryTranslatorFactory:48 - HHH000397: Using ASTQueryTranslatorFactory
14:11:55,937  WARN CachingRegionFactory:58 - CachingRegionFactory should be only used for testing.
14:11:55,951  INFO SchemaExport:343 - HHH000227: Running hbm2ddl schema export
14:11:55,952 DEBUG SchemaExport:353 - Import file not found: /import.sql
14:11:55,952 DEBUG SQL:104 - 
    alter table Entity_values 
        drop constraint FKFA2C50DE272D7502
14:11:55,952 ERROR SchemaExport:425 - HHH000389: Unsuccessful: alter table Entity_values drop constraint FKFA2C50DE272D7502
14:11:55,952 ERROR SchemaExport:426 - Table "ENTITY_VALUES" not found; SQL statement:

    alter table Entity_values 
        drop constraint FKFA2C50DE272D7502 [42102-145]
14:11:55,953 DEBUG SQL:104 - 
    drop table Entity if exists
14:11:55,953 DEBUG SQL:104 - 
    drop table Entity_values if exists
14:11:55,953 DEBUG SQL:104 - 
    create table Entity (
        name varchar(255) not null,
        primary key (name)
    )
14:11:55,953 DEBUG SQL:104 - 
    create table Entity_values (
        Entity_name varchar(255) not null,
        VAL varchar(255),
        POS integer not null,
        primary key (Entity_name, POS)
    )
14:11:55,954 DEBUG SQL:104 - 
    alter table Entity_values 
        add constraint FKFA2C50DE272D7502 
        foreign key (Entity_name) 
        references Entity
14:11:55,954  INFO SchemaExport:405 - HHH000230: Schema export complete
14:11:55,955  WARN SessionFactoryImpl:1554 - HHH000008: JTASessionContext being used with JDBCTransactionFactory; auto-flush will not operate correctly with getCurrentSession()
14:11:55,955  INFO CustomRunner:139 - Test: testBasicOperation
14:11:55,959 DEBUG SQL:104 - 
    insert 
    into
        Entity
        (name) 
    values
        (?)
14:11:55,960 DEBUG SQL:104 - 
    insert 
    into
        Entity_values
        (Entity_name, POS, VAL) 
    values
        (?, ?, ?)
14:11:55,964 DEBUG SQL:104 - 
    select
        entity0_.name as name0_0_,
        values1_.Entity_name as Entity1_0_2_,
        values1_.VAL as VAL1_2_,
        values1_.POS as POS2_ 
    from
        Entity entity0_ 
    left outer join
        Entity_values values1_ 
            on entity0_.name=values1_.Entity_name 
    where
        entity0_.name=?
14:11:55,967 DEBUG SQL:104 - 
    delete 
    from
        Entity_values 
    where
        Entity_name=?
14:11:55,986 DEBUG SQL:104 - 
    delete 
    from
        Entity 
    where
        name=?
14:11:55,990  INFO SchemaExport:343 - HHH000227: Running hbm2ddl schema export
14:11:55,991 DEBUG SchemaExport:353 - Import file not found: /import.sql
14:11:55,991 DEBUG SQL:104 - 
    alter table Entity_values 
        drop constraint FKFA2C50DE272D7502
14:11:55,991 DEBUG SQL:104 - 
    drop table Entity if exists
14:11:55,992 DEBUG SQL:104 - 
    drop table Entity_values if exists
14:11:55,992  INFO SchemaExport:405 - HHH000230: Schema export complete
14:11:55,992  INFO DriverManagerConnectionProviderImpl:162 - HHH000030: Cleaning up connection pool [jdbc:h2:mem:db1;DB_CLOSE_DELAY=-1;MVCC=TRUE]
]]></system-out>
  <system-err><![CDATA[]]></system-err>
</testsuite>
