<?xml version="1.0" encoding="UTF-8"?>
<testsuite errors="0" failures="0" hostname="dhcp-10.15.208.168.stl.redhat.com" name="org.hibernate.test.annotations.embeddables.EmbeddableIntegratorTest" tests="2" time="0.068" timestamp="2013-02-28T20:10:21">
  <properties />
  <testcase classname="org.hibernate.test.annotations.embeddables.EmbeddableIntegratorTest" name="testWithIntegrator" time="0.047" />
  <testcase classname="org.hibernate.test.annotations.embeddables.EmbeddableIntegratorTest" name="testWithoutIntegrator" time="0.02" />
  <system-out><![CDATA[14:10:21,597  INFO CustomRunner:132 - BeforeClass: org.hibernate.test.annotations.embeddables.EmbeddableIntegratorTest
14:10:21,597  INFO CustomRunner:139 - Test: testWithIntegrator
14:10:21,602  INFO DriverManagerConnectionProviderImpl:99 - HHH000402: Using Hibernate built-in connection pool (not for production use!)
14:10:21,603  INFO DriverManagerConnectionProviderImpl:135 - HHH000115: Hibernate connection pool size: 5
14:10:21,603  INFO DriverManagerConnectionProviderImpl:138 - HHH000006: Autocommit mode: false
14:10:21,603  INFO DriverManagerConnectionProviderImpl:153 - HHH000401: using driver [org.h2.Driver] at URL [jdbc:h2:mem:db1;DB_CLOSE_DELAY=-1;MVCC=TRUE]
14:10:21,603  INFO DriverManagerConnectionProviderImpl:158 - HHH000046: Connection properties: {user=sa}
14:10:21,604  INFO Dialect:103 - HHH000400: Using dialect: org.hibernate.dialect.H2Dialect
14:10:21,604  INFO LobCreatorBuilder:94 - HHH000423: Disabling contextual LOB creation as JDBC driver reported JDBC version [3] less than 4
14:10:21,605  INFO TransactionFactoryInitiator:66 - HHH000399: Using default transaction strategy (direct JDBC transactions)
14:10:21,605  INFO ASTQueryTranslatorFactory:48 - HHH000397: Using ASTQueryTranslatorFactory
14:10:21,605  WARN CachingRegionFactory:58 - CachingRegionFactory should be only used for testing.
14:10:21,635  INFO SchemaExport:343 - HHH000227: Running hbm2ddl schema export
14:10:21,635 DEBUG SchemaExport:353 - Import file not found: /import.sql
14:10:21,636 DEBUG SQL:104 - 
    alter table Investor_investments 
        drop constraint FKD34D9AF932705EFA
14:10:21,636 ERROR SchemaExport:425 - HHH000389: Unsuccessful: alter table Investor_investments drop constraint FKD34D9AF932705EFA
14:10:21,636 ERROR SchemaExport:426 - Table "INVESTOR_INVESTMENTS" not found; SQL statement:

    alter table Investor_investments 
        drop constraint FKD34D9AF932705EFA [42102-145]
14:10:21,636 DEBUG SQL:104 - 
    drop table Investor if exists
14:10:21,636 DEBUG SQL:104 - 
    drop table Investor_investments if exists
14:10:21,636 DEBUG SQL:104 - 
    create table Investor (
        id bigint not null,
        primary key (id)
    )
14:10:21,636 DEBUG SQL:104 - 
    create table Investor_investments (
        Investor_id bigint not null,
        amount bigint,
        date date,
        description varchar(500)
    )
14:10:21,637 DEBUG SQL:104 - 
    alter table Investor_investments 
        add constraint FKD34D9AF932705EFA 
        foreign key (Investor_id) 
        references Investor
14:10:21,637  INFO SchemaExport:405 - HHH000230: Schema export complete
14:10:21,638  WARN SessionFactoryImpl:1554 - HHH000008: JTASessionContext being used with JDBCTransactionFactory; auto-flush will not operate correctly with getCurrentSession()
14:10:21,639 DEBUG SQL:104 - 
    insert 
    into
        Investor
        (id) 
    values
        (?)
14:10:21,639 DEBUG SQL:104 - 
    insert 
    into
        Investor_investments
        (Investor_id, amount, date, description) 
    values
        (?, ?, ?, ?)
14:10:21,640 DEBUG SQL:104 - 
    select
        investor0_.id as id0_0_,
        investment1_.Investor_id as Investor1_0_2_,
        investment1_.amount as amount1_2_,
        investment1_.date as date1_2_,
        investment1_.description as descript4_1_2_ 
    from
        Investor investor0_ 
    left outer join
        Investor_investments investment1_ 
            on investor0_.id=investment1_.Investor_id 
    where
        investor0_.id=?
14:10:21,644  INFO CustomRunner:139 - Test: testWithoutIntegrator
14:10:21,647  INFO DriverManagerConnectionProviderImpl:99 - HHH000402: Using Hibernate built-in connection pool (not for production use!)
14:10:21,647  INFO DriverManagerConnectionProviderImpl:135 - HHH000115: Hibernate connection pool size: 5
14:10:21,648  INFO DriverManagerConnectionProviderImpl:138 - HHH000006: Autocommit mode: false
14:10:21,648  INFO DriverManagerConnectionProviderImpl:153 - HHH000401: using driver [org.h2.Driver] at URL [jdbc:h2:mem:db1;DB_CLOSE_DELAY=-1;MVCC=TRUE]
14:10:21,648  INFO DriverManagerConnectionProviderImpl:158 - HHH000046: Connection properties: {user=sa}
14:10:21,649  INFO Dialect:103 - HHH000400: Using dialect: org.hibernate.dialect.H2Dialect
14:10:21,649  INFO LobCreatorBuilder:94 - HHH000423: Disabling contextual LOB creation as JDBC driver reported JDBC version [3] less than 4
14:10:21,649  INFO TransactionFactoryInitiator:66 - HHH000399: Using default transaction strategy (direct JDBC transactions)
14:10:21,649  INFO ASTQueryTranslatorFactory:48 - HHH000397: Using ASTQueryTranslatorFactory
14:10:21,650  WARN CachingRegionFactory:58 - CachingRegionFactory should be only used for testing.
14:10:21,655  WARN SessionFactoryImpl:1554 - HHH000008: JTASessionContext being used with JDBCTransactionFactory; auto-flush will not operate correctly with getCurrentSession()
14:10:21,661 DEBUG SQL:104 - 
    insert 
    into
        Investor
        (id) 
    values
        (?)
14:10:21,661 DEBUG SQL:104 - 
    insert 
    into
        Investor_investments
        (Investor_id, amount, date, description) 
    values
        (?, ?, ?, ?)
14:10:21,663  WARN SqlExceptionHelper:143 - SQL Error: 90021, SQLState: 90021
14:10:21,664 ERROR SqlExceptionHelper:144 - Data conversion error converting "X'aced0005737200366f72672e68696265726e6174652e746573742e616e6e6f746174696f6e732e656d6265646461626c65732e446f6c6c617256616c7565fa39deebc0f10fc70200014c0006616d6f756e747400164c6a6176612f6d6174682f426967446563696d616c3b7870737200146a6176612e6d6174682e426967446563696d616c54c71557f981284f0300024900057363616c654c0006696e7456616c7400164c6a6176612f6d6174682f426967496e74656765723b787200106a6176612e6c616e672e4e756d62657286ac951d0b94e08b020000787000000000737200146a6176612e6d6174682e426967496e74656765728cfc9f1fa93bfb1d030006490008626974436f756e744900096269744c656e67746849001366697273744e6f6e7a65726f427974654e756d49000c6c6f776573745365744269744900067369676e756d5b00096d61676e69747564657400025b427871007e0005fffffffffffffffffffffffefffffffe00000001757200025b42acf317f8060854e0020000787000000001647878' (AMOUNT BIGINT)"; SQL statement:
insert into Investor_investments (Investor_id, amount, date, description) values (?, ?, ?, ?) -- (?1, ?2, ?3, ?4) [90021-145]
]]></system-out>
  <system-err><![CDATA[]]></system-err>
</testsuite>
