<?xml version="1.0" encoding="UTF-8"?>
<testsuite errors="0" failures="0" hostname="dhcp-10.15.208.168.stl.redhat.com" name="org.hibernate.test.querycache.QueryCacheTest" tests="7" time="1.325" timestamp="2013-02-28T20:19:00">
  <properties />
  <ignored-testcase classname="org.hibernate.test.querycache.QueryCacheTest" name="testCaseInsensitiveComparison" time="0.0" />
  <testcase classname="org.hibernate.test.querycache.QueryCacheTest" name="testGetByCompositeId" time="0.009" />
  <testcase classname="org.hibernate.test.querycache.QueryCacheTest" name="testHitCacheInSameSession" time="0.033" />
  <testcase classname="org.hibernate.test.querycache.QueryCacheTest" name="testInvalidationFromBulkHQL" time="0.008" />
  <testcase classname="org.hibernate.test.querycache.QueryCacheTest" name="testProjectionCache" time="0.417" />
  <testcase classname="org.hibernate.test.querycache.QueryCacheTest" name="testQueryCacheFetch" time="0.213" />
  <testcase classname="org.hibernate.test.querycache.QueryCacheTest" name="testQueryCacheInvalidation" time="0.42" />
  <system-out><![CDATA[14:19:00,522  INFO CustomRunner:132 - BeforeClass: org.hibernate.test.querycache.QueryCacheTest
14:19:00,525  INFO Configuration:706 - HHH000221: Reading mappings from resource: org/hibernate/test/querycache/Item.hbm.xml
14:19:00,567  WARN RootClass:288 - HHH000038: Composite-id class does not override equals(): org.hibernate.test.querycache.StringCompositeKey
14:19:00,567  WARN RootClass:289 - HHH000039: Composite-id class does not override hashCode(): org.hibernate.test.querycache.StringCompositeKey
14:19:00,568  INFO DriverManagerConnectionProviderImpl:99 - HHH000402: Using Hibernate built-in connection pool (not for production use!)
14:19:00,568  INFO DriverManagerConnectionProviderImpl:135 - HHH000115: Hibernate connection pool size: 5
14:19:00,568  INFO DriverManagerConnectionProviderImpl:138 - HHH000006: Autocommit mode: false
14:19:00,569  INFO DriverManagerConnectionProviderImpl:153 - HHH000401: using driver [org.h2.Driver] at URL [jdbc:h2:mem:db1;DB_CLOSE_DELAY=-1;MVCC=TRUE]
14:19:00,569  INFO DriverManagerConnectionProviderImpl:158 - HHH000046: Connection properties: {user=sa}
14:19:00,570  INFO Dialect:103 - HHH000400: Using dialect: org.hibernate.dialect.H2Dialect
14:19:00,570  INFO LobCreatorBuilder:94 - HHH000423: Disabling contextual LOB creation as JDBC driver reported JDBC version [3] less than 4
14:19:00,571  INFO TransactionFactoryInitiator:66 - HHH000399: Using default transaction strategy (direct JDBC transactions)
14:19:00,571  INFO ASTQueryTranslatorFactory:48 - HHH000397: Using ASTQueryTranslatorFactory
14:19:00,571  WARN CachingRegionFactory:58 - CachingRegionFactory should be only used for testing.
14:19:00,572  INFO UpdateTimestampsCache:61 - HHH000250: Starting update timestamps cache at region: foo.org.hibernate.cache.spi.UpdateTimestampsCache
14:19:00,572  INFO StandardQueryCache:86 - HHH000248: Starting query cache at region: foo.org.hibernate.cache.internal.StandardQueryCache
14:19:00,635  INFO SchemaExport:343 - HHH000227: Running hbm2ddl schema export
14:19:00,636 DEBUG SchemaExport:353 - Import file not found: /import.sql
14:19:00,636 DEBUG SQL:104 - 
    drop table EntityWithCompositeKey if exists
14:19:00,636 DEBUG SQL:104 - 
    drop table EntityWithStringCompositeKey if exists
14:19:00,637 DEBUG SQL:104 - 
    drop table Items if exists
14:19:00,637 DEBUG SQL:104 - 
    create table EntityWithCompositeKey (
        a integer not null,
        b integer not null,
        primary key (a, b)
    )
14:19:00,637 DEBUG SQL:104 - 
    create table EntityWithStringCompositeKey (
        analog varchar(255) not null,
        device varchar(255) not null,
        deviceType varchar(255) not null,
        substation varchar(255) not null,
        primary key (analog, device, deviceType, substation)
    )
14:19:00,637 DEBUG SQL:104 - 
    create table Items (
        id bigint generated by default as identity,
        name varchar(255) not null,
        description varchar(255) not null,
        primary key (id)
    )
14:19:00,638  INFO SchemaExport:405 - HHH000230: Schema export complete
14:19:00,638  WARN SessionFactoryImpl:1554 - HHH000008: JTASessionContext being used with JDBCTransactionFactory; auto-flush will not operate correctly with getCurrentSession()
14:19:00,638  INFO CustomRunner:139 - Test: testGetByCompositeId
14:19:00,640 DEBUG BaseGeneralDataRegion:46 - Cache[foo.org.hibernate.test.querycache.EntityWithCompositeKey] lookup : key[org.hibernate.test.querycache.EntityWithCompositeKey#org.hibernate.test.querycache.CompositeKey@3e2]
14:19:00,640 DEBUG QueryTranslatorImpl:265 - parse() - HQL: FROM org.hibernate.test.querycache.EntityWithCompositeKey e WHERE e.pk = :pk
14:19:00,641 DEBUG QueryTranslatorImpl:283 - --- HQL AST ---
 \-[QUERY] Node: 'query'
    +-[SELECT_FROM] Node: 'SELECT_FROM'
    |  \-[FROM] Node: 'FROM'
    |     \-[RANGE] Node: 'RANGE'
    |        +-[DOT] Node: '.'
    |        |  +-[DOT] Node: '.'
    |        |  |  +-[DOT] Node: '.'
    |        |  |  |  +-[DOT] Node: '.'
    |        |  |  |  |  +-[IDENT] Node: 'org'
    |        |  |  |  |  \-[IDENT] Node: 'hibernate'
    |        |  |  |  \-[IDENT] Node: 'test'
    |        |  |  \-[IDENT] Node: 'querycache'
    |        |  \-[IDENT] Node: 'EntityWithCompositeKey'
    |        \-[ALIAS] Node: 'e'
    \-[WHERE] Node: 'WHERE'
       \-[EQ] Node: '='
          +-[DOT] Node: '.'
          |  +-[IDENT] Node: 'e'
          |  \-[IDENT] Node: 'pk'
          \-[COLON] Node: ':'
             \-[IDENT] Node: 'pk'

14:19:00,641 DEBUG ErrorCounter:82 - throwQueryException() : no errors
14:19:00,642 DEBUG FromElement:157 - FromClause{level=1} : org.hibernate.test.querycache.EntityWithCompositeKey (e) -> entitywith0_
14:19:00,642 DEBUG FromReferenceNode:74 - Resolved : e -> (entitywith0_.a, entitywith0_.b)
14:19:00,642 DEBUG DotNode:599 - getDataType() : pk -> org.hibernate.type.ComponentType@17e964f9
14:19:00,642 DEBUG DotNode:588 - Terminal propertyPath = [pk]
14:19:00,642 DEBUG FromReferenceNode:74 - Resolved : e.pk -> (entitywith0_.a, entitywith0_.b)
14:19:00,642 DEBUG HqlSqlWalker:629 - processQuery() :  ( SELECT ( FromClause{level=1} EntityWithCompositeKey entitywith0_ ) ( WHERE ( AND ( = entitywith0_.a ? ) ( = entitywith0_.b ? ) ) ) )
14:19:00,643 DEBUG HqlSqlWalker:869 - Derived SELECT clause created.
14:19:00,643 DEBUG JoinProcessor:175 - Using FROM fragment [EntityWithCompositeKey entitywith0_]
14:19:00,643 DEBUG QueryTranslatorImpl:252 - --- SQL AST ---
 \-[SELECT] QueryNode: 'SELECT'  querySpaces (EntityWithCompositeKey)
    +-[SELECT_CLAUSE] SelectClause: '{derived select clause}'
    |  \-[SELECT_EXPR] SelectExpressionImpl: 'entitywith0_.a as a0_, entitywith0_.b as b0_' {FromElement{explicit,not a collection join,not a fetch join,fetch non-lazy properties,classAlias=e,role=null,tableName=EntityWithCompositeKey,tableAlias=entitywith0_,origin=null,columns={,className=org.hibernate.test.querycache.EntityWithCompositeKey}}}
    +-[FROM] FromClause: 'FROM' FromClause{level=1, fromElementCounter=1, fromElements=1, fromElementByClassAlias=[e], fromElementByTableAlias=[entitywith0_], fromElementsByPath=[], collectionJoinFromElementsByPath=[], impliedElements=[]}
    |  \-[FROM_FRAGMENT] FromElement: 'EntityWithCompositeKey entitywith0_' FromElement{explicit,not a collection join,not a fetch join,fetch non-lazy properties,classAlias=e,role=null,tableName=EntityWithCompositeKey,tableAlias=entitywith0_,origin=null,columns={,className=org.hibernate.test.querycache.EntityWithCompositeKey}}
    \-[WHERE] SqlNode: 'WHERE'
       \-[AND] BinaryLogicOperatorNode: 'AND'
          +-[EQ] BinaryLogicOperatorNode: '='
          |  +-[SQL_TOKEN] SqlFragment: 'entitywith0_.a'
          |  \-[SQL_TOKEN] SqlFragment: '?'
          \-[EQ] BinaryLogicOperatorNode: '='
             +-[SQL_TOKEN] SqlFragment: 'entitywith0_.b'
             \-[SQL_TOKEN] SqlFragment: '?'

14:19:00,643 DEBUG ErrorCounter:82 - throwQueryException() : no errors
14:19:00,643 DEBUG QueryTranslatorImpl:235 - HQL: FROM org.hibernate.test.querycache.EntityWithCompositeKey e WHERE e.pk = :pk
14:19:00,643 DEBUG QueryTranslatorImpl:236 - SQL: select entitywith0_.a as a0_, entitywith0_.b as b0_ from EntityWithCompositeKey entitywith0_ where entitywith0_.a=? and entitywith0_.b=?
14:19:00,643 DEBUG ErrorCounter:82 - throwQueryException() : no errors
14:19:00,644 DEBUG SQL:104 - 
    insert 
    into
        EntityWithCompositeKey
        (a, b) 
    values
        (?, ?)
14:19:00,644 DEBUG BaseGeneralDataRegion:59 - Caching[foo.org.hibernate.cache.spi.UpdateTimestampsCache] : [EntityWithCompositeKey] -> [5579091151437824]
14:19:00,645 DEBUG BaseGeneralDataRegion:46 - Cache[foo.org.hibernate.cache.internal.StandardQueryCache] lookup : key[sql: select entitywith0_.a as a0_, entitywith0_.b as b0_ from EntityWithCompositeKey entitywith0_ where entitywith0_.a=? and entitywith0_.b=?; parameters: ; named parameters: {pk=[Ljava.lang.Object;@f146241}; transformer: org.hibernate.transform.CacheableResultTransformer@110f2]
14:19:00,645 DEBUG SQL:104 - 
    select
        entitywith0_.a as a0_,
        entitywith0_.b as b0_ 
    from
        EntityWithCompositeKey entitywith0_ 
    where
        entitywith0_.a=? 
        and entitywith0_.b=?
14:19:00,645 DEBUG BaseGeneralDataRegion:59 - Caching[foo.org.hibernate.cache.internal.StandardQueryCache] : [sql: select entitywith0_.a as a0_, entitywith0_.b as b0_ from EntityWithCompositeKey entitywith0_ where entitywith0_.a=? and entitywith0_.b=?; parameters: ; named parameters: {pk=[Ljava.lang.Object;@f146241}; transformer: org.hibernate.transform.CacheableResultTransformer@110f2] -> [[5579090905681920, [Ljava.lang.Object;@2226e24b]]
14:19:00,645 DEBUG BaseGeneralDataRegion:59 - Caching[foo.org.hibernate.cache.spi.UpdateTimestampsCache] : [EntityWithCompositeKey] -> [5579090905681921]
14:19:00,646 DEBUG BaseGeneralDataRegion:46 - Cache[foo.org.hibernate.test.querycache.EntityWithStringCompositeKey] lookup : key[org.hibernate.test.querycache.EntityWithStringCompositeKey#org.hibernate.test.querycache.StringCompositeKey@55100ba0]
14:19:00,646 DEBUG SQL:104 - 
    insert 
    into
        EntityWithStringCompositeKey
        (analog, device, deviceType, substation) 
    values
        (?, ?, ?, ?)
14:19:00,647 DEBUG BaseGeneralDataRegion:59 - Caching[foo.org.hibernate.cache.spi.UpdateTimestampsCache] : [EntityWithStringCompositeKey] -> [5579091151450112]
14:19:00,647 DEBUG BaseGeneralDataRegion:46 - Cache[foo.org.hibernate.cache.internal.StandardQueryCache] lookup : key[sql: select this_.analog as analog1_0_, this_.device as device1_0_, this_.deviceType as deviceType1_0_, this_.substation as substation1_0_ from EntityWithStringCompositeKey this_ where (this_.analog=? and this_.device=? and this_.deviceType=? and this_.substation=?); parameters: [Ljava.lang.Object;@2b2c0874, ; transformer: org.hibernate.transform.CacheableResultTransformer@110f2]
14:19:00,647 DEBUG SQL:104 - 
    select
        this_.analog as analog1_0_,
        this_.device as device1_0_,
        this_.deviceType as deviceType1_0_,
        this_.substation as substation1_0_ 
    from
        EntityWithStringCompositeKey this_ 
    where
        (
            this_.analog=? 
            and this_.device=? 
            and this_.deviceType=? 
            and this_.substation=?
        )
14:19:00,647 DEBUG BaseGeneralDataRegion:59 - Caching[foo.org.hibernate.cache.internal.StandardQueryCache] : [sql: select this_.analog as analog1_0_, this_.device as device1_0_, this_.deviceType as deviceType1_0_, this_.substation as substation1_0_ from EntityWithStringCompositeKey this_ where (this_.analog=? and this_.device=? and this_.deviceType=? and this_.substation=?); parameters: [Ljava.lang.Object;@2b2c0874, ; transformer: org.hibernate.transform.CacheableResultTransformer@110f2] -> [[5579090905690113, [Ljava.lang.Object;@598c13eb]]
14:19:00,647 DEBUG BaseGeneralDataRegion:59 - Caching[foo.org.hibernate.cache.spi.UpdateTimestampsCache] : [EntityWithStringCompositeKey] -> [5579090905690114]
14:19:00,648  INFO CustomRunner:139 - Test: testHitCacheInSameSession
14:19:00,672 DEBUG BaseGeneralDataRegion:79 - evict cache[foo.org.hibernate.cache.internal.StandardQueryCache]
14:19:00,673 DEBUG SQL:104 - 
    insert 
    into
        Items
        (id, name, description) 
    values
        (null, ?, ?)
14:19:00,673 DEBUG BaseGeneralDataRegion:59 - Caching[foo.org.hibernate.cache.spi.UpdateTimestampsCache] : [Items] -> [5579091151556608]
14:19:00,673 DEBUG SQL:104 - 
    insert 
    into
        Items
        (id, name, description) 
    values
        (null, ?, ?)
14:19:00,674 DEBUG BaseGeneralDataRegion:59 - Caching[foo.org.hibernate.cache.spi.UpdateTimestampsCache] : [Items] -> [5579091151560704]
14:19:00,674 DEBUG SQL:104 - 
    insert 
    into
        Items
        (id, name, description) 
    values
        (null, ?, ?)
14:19:00,674 DEBUG BaseGeneralDataRegion:59 - Caching[foo.org.hibernate.cache.spi.UpdateTimestampsCache] : [Items] -> [5579091151560705]
14:19:00,674 DEBUG BaseGeneralDataRegion:59 - Caching[foo.org.hibernate.cache.spi.UpdateTimestampsCache] : [Items] -> [5579090905800706]
14:19:00,674 DEBUG QueryTranslatorImpl:265 - parse() - HQL: from org.hibernate.test.querycache.Item
14:19:00,675 DEBUG QueryTranslatorImpl:283 - --- HQL AST ---
 \-[QUERY] Node: 'query'
    \-[SELECT_FROM] Node: 'SELECT_FROM'
       \-[FROM] Node: 'from'
          \-[RANGE] Node: 'RANGE'
             \-[DOT] Node: '.'
                +-[DOT] Node: '.'
                |  +-[DOT] Node: '.'
                |  |  +-[DOT] Node: '.'
                |  |  |  +-[IDENT] Node: 'org'
                |  |  |  \-[IDENT] Node: 'hibernate'
                |  |  \-[IDENT] Node: 'test'
                |  \-[IDENT] Node: 'querycache'
                \-[IDENT] Node: 'Item'

14:19:00,675 DEBUG ErrorCounter:82 - throwQueryException() : no errors
14:19:00,675 DEBUG FromElement:157 - FromClause{level=1} : org.hibernate.test.querycache.Item (<no alias>) -> item0_
14:19:00,676 DEBUG HqlSqlWalker:629 - processQuery() :  ( SELECT ( FromClause{level=1} Items item0_ ) )
14:19:00,676 DEBUG HqlSqlWalker:869 - Derived SELECT clause created.
14:19:00,676 DEBUG JoinProcessor:175 - Using FROM fragment [Items item0_]
14:19:00,676 DEBUG QueryTranslatorImpl:252 - --- SQL AST ---
 \-[SELECT] QueryNode: 'SELECT'  querySpaces (Items)
    +-[SELECT_CLAUSE] SelectClause: '{derived select clause}'
    |  +-[SELECT_EXPR] SelectExpressionImpl: 'item0_.id as id2_' {FromElement{explicit,not a collection join,not a fetch join,fetch non-lazy properties,classAlias=null,role=null,tableName=Items,tableAlias=item0_,origin=null,columns={,className=org.hibernate.test.querycache.Item}}}
    |  \-[SQL_TOKEN] SqlFragment: 'item0_.name as name2_, item0_.description as descript3_2_'
    \-[FROM] FromClause: 'from' FromClause{level=1, fromElementCounter=1, fromElements=1, fromElementByClassAlias=[], fromElementByTableAlias=[item0_], fromElementsByPath=[], collectionJoinFromElementsByPath=[], impliedElements=[]}
       \-[FROM_FRAGMENT] FromElement: 'Items item0_' FromElement{explicit,not a collection join,not a fetch join,fetch non-lazy properties,classAlias=null,role=null,tableName=Items,tableAlias=item0_,origin=null,columns={,className=org.hibernate.test.querycache.Item}}

14:19:00,676 DEBUG ErrorCounter:82 - throwQueryException() : no errors
14:19:00,676 DEBUG QueryTranslatorImpl:235 - HQL: from org.hibernate.test.querycache.Item
14:19:00,676 DEBUG QueryTranslatorImpl:236 - SQL: select item0_.id as id2_, item0_.name as name2_, item0_.description as descript3_2_ from Items item0_
14:19:00,676 DEBUG ErrorCounter:82 - throwQueryException() : no errors
14:19:00,677 DEBUG BaseGeneralDataRegion:46 - Cache[foo.org.hibernate.cache.internal.StandardQueryCache] lookup : key[sql: select item0_.id as id2_, item0_.name as name2_, item0_.description as descript3_2_ from Items item0_; parameters: ; named parameters: {}; transformer: org.hibernate.transform.CacheableResultTransformer@110f2]
14:19:00,677 DEBUG SQL:104 - 
    select
        item0_.id as id2_,
        item0_.name as name2_,
        item0_.description as descript3_2_ 
    from
        Items item0_
14:19:00,677 DEBUG BaseGeneralDataRegion:59 - Caching[foo.org.hibernate.cache.internal.StandardQueryCache] : [sql: select item0_.id as id2_, item0_.name as name2_, item0_.description as descript3_2_ from Items item0_; parameters: ; named parameters: {}; transformer: org.hibernate.transform.CacheableResultTransformer@110f2] -> [[5579090905812992, 1, 2, 3]]
14:19:00,678 DEBUG BaseGeneralDataRegion:46 - Cache[foo.org.hibernate.cache.internal.StandardQueryCache] lookup : key[sql: select item0_.id as id2_, item0_.name as name2_, item0_.description as descript3_2_ from Items item0_; parameters: ; named parameters: {}; transformer: org.hibernate.transform.CacheableResultTransformer@110f2]
14:19:00,678 DEBUG BaseGeneralDataRegion:52 - Cache[foo.org.hibernate.cache.internal.StandardQueryCache] hit: sql: select item0_.id as id2_, item0_.name as name2_, item0_.description as descript3_2_ from Items item0_; parameters: ; named parameters: {}; transformer: org.hibernate.transform.CacheableResultTransformer@110f2
14:19:00,678 DEBUG BaseGeneralDataRegion:46 - Cache[foo.org.hibernate.cache.spi.UpdateTimestampsCache] lookup : key[Items]
14:19:00,678 DEBUG BaseGeneralDataRegion:52 - Cache[foo.org.hibernate.cache.spi.UpdateTimestampsCache] hit: Items
14:19:00,679 DEBUG SQL:104 - 
    delete 
    from
        Items 
    where
        id=?
14:19:00,679 DEBUG BaseGeneralDataRegion:69 - Evicting[foo.org.hibernate.test.querycache.Item]: org.hibernate.test.querycache.Item#1
14:19:00,680 DEBUG BaseGeneralDataRegion:59 - Caching[foo.org.hibernate.cache.spi.UpdateTimestampsCache] : [Items] -> [5579091151585280]
14:19:00,680 DEBUG SQL:104 - 
    delete 
    from
        Items 
    where
        id=?
14:19:00,680 DEBUG BaseGeneralDataRegion:69 - Evicting[foo.org.hibernate.test.querycache.Item]: org.hibernate.test.querycache.Item#2
14:19:00,680 DEBUG BaseGeneralDataRegion:59 - Caching[foo.org.hibernate.cache.spi.UpdateTimestampsCache] : [Items] -> [5579091151585281]
14:19:00,680 DEBUG SQL:104 - 
    delete 
    from
        Items 
    where
        id=?
14:19:00,680 DEBUG BaseGeneralDataRegion:69 - Evicting[foo.org.hibernate.test.querycache.Item]: org.hibernate.test.querycache.Item#3
14:19:00,680 DEBUG BaseGeneralDataRegion:59 - Caching[foo.org.hibernate.cache.spi.UpdateTimestampsCache] : [Items] -> [5579091151585282]
14:19:00,680 DEBUG BaseGeneralDataRegion:69 - Evicting[foo.org.hibernate.test.querycache.Item]: org.hibernate.test.querycache.Item#1
14:19:00,680 DEBUG BaseGeneralDataRegion:69 - Evicting[foo.org.hibernate.test.querycache.Item]: org.hibernate.test.querycache.Item#2
14:19:00,681 DEBUG BaseGeneralDataRegion:69 - Evicting[foo.org.hibernate.test.querycache.Item]: org.hibernate.test.querycache.Item#3
14:19:00,681 DEBUG BaseGeneralDataRegion:59 - Caching[foo.org.hibernate.cache.spi.UpdateTimestampsCache] : [Items] -> [5579090905829376]
14:19:00,681  INFO CustomRunner:139 - Test: testInvalidationFromBulkHQL
14:19:00,682 DEBUG SQL:104 - 
    insert 
    into
        Items
        (id, name, description) 
    values
        (null, ?, ?)
14:19:00,683 DEBUG BaseGeneralDataRegion:59 - Caching[foo.org.hibernate.cache.spi.UpdateTimestampsCache] : [Items] -> [5579091151597568]
14:19:00,683 DEBUG SQL:104 - 
    insert 
    into
        Items
        (id, name, description) 
    values
        (null, ?, ?)
14:19:00,683 DEBUG BaseGeneralDataRegion:59 - Caching[foo.org.hibernate.cache.spi.UpdateTimestampsCache] : [Items] -> [5579091151597569]
14:19:00,683 DEBUG SQL:104 - 
    insert 
    into
        Items
        (id, name, description) 
    values
        (null, ?, ?)
14:19:00,683 DEBUG BaseGeneralDataRegion:59 - Caching[foo.org.hibernate.cache.spi.UpdateTimestampsCache] : [Items] -> [5579091151597570]
14:19:00,684 DEBUG BaseGeneralDataRegion:59 - Caching[foo.org.hibernate.cache.spi.UpdateTimestampsCache] : [Items] -> [5579090905841664]
14:19:00,684 DEBUG QueryTranslatorImpl:265 - parse() - HQL: select count(*) from org.hibernate.test.querycache.Item
14:19:00,684 DEBUG QueryTranslatorImpl:283 - --- HQL AST ---
 \-[QUERY] Node: 'query'
    \-[SELECT_FROM] Node: 'SELECT_FROM'
       +-[FROM] Node: 'from'
       |  \-[RANGE] Node: 'RANGE'
       |     \-[DOT] Node: '.'
       |        +-[DOT] Node: '.'
       |        |  +-[DOT] Node: '.'
       |        |  |  +-[DOT] Node: '.'
       |        |  |  |  +-[IDENT] Node: 'org'
       |        |  |  |  \-[IDENT] Node: 'hibernate'
       |        |  |  \-[IDENT] Node: 'test'
       |        |  \-[IDENT] Node: 'querycache'
       |        \-[IDENT] Node: 'Item'
       \-[SELECT] Node: 'select'
          \-[COUNT] Node: 'count'
             \-[ROW_STAR] Node: '*'

14:19:00,685 DEBUG ErrorCounter:82 - throwQueryException() : no errors
14:19:00,685 DEBUG FromElement:157 - FromClause{level=1} : org.hibernate.test.querycache.Item (<no alias>) -> item0_
14:19:00,685 DEBUG HqlSqlWalker:629 - processQuery() :  ( SELECT ( {select clause} ( count * ) ) ( FromClause{level=1} Items item0_ ) )
14:19:00,685 DEBUG JoinProcessor:175 - Using FROM fragment [Items item0_]
14:19:00,685 DEBUG QueryTranslatorImpl:252 - --- SQL AST ---
 \-[SELECT] QueryNode: 'SELECT'  querySpaces (Items)
    +-[SELECT_CLAUSE] SelectClause: '{select clause}'
    |  +-[COUNT] CountNode: 'count'
    |  |  \-[ROW_STAR] SqlNode: '*'
    |  \-[SELECT_COLUMNS] SqlNode: ' as col_0_0_'
    \-[FROM] FromClause: 'from' FromClause{level=1, fromElementCounter=1, fromElements=1, fromElementByClassAlias=[], fromElementByTableAlias=[item0_], fromElementsByPath=[], collectionJoinFromElementsByPath=[], impliedElements=[]}
       \-[FROM_FRAGMENT] FromElement: 'Items item0_' FromElement{explicit,not a collection join,not a fetch join,fetch non-lazy properties,classAlias=null,role=null,tableName=Items,tableAlias=item0_,origin=null,columns={,className=org.hibernate.test.querycache.Item}}

14:19:00,685 DEBUG ErrorCounter:82 - throwQueryException() : no errors
14:19:00,686 DEBUG QueryTranslatorImpl:235 - HQL: select count(*) from org.hibernate.test.querycache.Item
14:19:00,686 DEBUG QueryTranslatorImpl:236 - SQL: select count(*) as col_0_0_ from Items item0_
14:19:00,686 DEBUG ErrorCounter:82 - throwQueryException() : no errors
14:19:00,686 DEBUG BaseGeneralDataRegion:46 - Cache[foo.org.hibernate.cache.internal.StandardQueryCache] lookup : key[sql: select count(*) as col_0_0_ from Items item0_; parameters: ; named parameters: {}; transformer: org.hibernate.transform.CacheableResultTransformer@110f2]
14:19:00,686 DEBUG SQL:104 - 
    select
        count(*) as col_0_0_ 
    from
        Items item0_
14:19:00,686 DEBUG BaseGeneralDataRegion:59 - Caching[foo.org.hibernate.cache.internal.StandardQueryCache] : [sql: select count(*) as col_0_0_ from Items item0_; parameters: ; named parameters: {}; transformer: org.hibernate.transform.CacheableResultTransformer@110f2] -> [[5579090905849856, 3]]
14:19:00,687 DEBUG QueryTranslatorImpl:265 - parse() - HQL: delete from org.hibernate.test.querycache.Item
14:19:00,687 DEBUG QueryTranslatorImpl:283 - --- HQL AST ---
 \-[DELETE] Node: 'delete'
    \-[FROM] Node: 'FROM'
       \-[RANGE] Node: 'RANGE'
          \-[DOT] Node: '.'
             +-[DOT] Node: '.'
             |  +-[DOT] Node: '.'
             |  |  +-[DOT] Node: '.'
             |  |  |  +-[IDENT] Node: 'org'
             |  |  |  \-[IDENT] Node: 'hibernate'
             |  |  \-[IDENT] Node: 'test'
             |  \-[IDENT] Node: 'querycache'
             \-[IDENT] Node: 'Item'

14:19:00,688 DEBUG ErrorCounter:82 - throwQueryException() : no errors
14:19:00,688 DEBUG FromElement:157 - FromClause{level=1} : org.hibernate.test.querycache.Item (<no alias>) -> item0_
14:19:00,688 DEBUG QueryTranslatorImpl:252 - --- SQL AST ---
 \-[DELETE] DeleteStatement: 'delete'  querySpaces (Items)
    \-[FROM] FromClause: 'FROM' FromClause{level=1, fromElementCounter=1, fromElements=1, fromElementByClassAlias=[], fromElementByTableAlias=[item0_], fromElementsByPath=[], collectionJoinFromElementsByPath=[], impliedElements=[]}
       \-[FROM_FRAGMENT] FromElement: 'Items' FromElement{explicit,not a collection join,not a fetch join,fetch non-lazy properties,classAlias=null,role=null,tableName=Items,tableAlias=item0_,origin=null,columns={,className=org.hibernate.test.querycache.Item}}

14:19:00,688 DEBUG ErrorCounter:82 - throwQueryException() : no errors
14:19:00,688 DEBUG ErrorCounter:82 - throwQueryException() : no errors
14:19:00,688 DEBUG BaseGeneralDataRegion:79 - evict cache[foo.org.hibernate.test.querycache.Item]
14:19:00,688 DEBUG BaseGeneralDataRegion:59 - Caching[foo.org.hibernate.cache.spi.UpdateTimestampsCache] : [Items] -> [5579091151618048]
14:19:00,689 DEBUG SQL:104 - 
    delete 
    from
        Items
14:19:00,689 DEBUG BaseGeneralDataRegion:79 - evict cache[foo.org.hibernate.test.querycache.Item]
14:19:00,689 DEBUG BaseGeneralDataRegion:59 - Caching[foo.org.hibernate.cache.spi.UpdateTimestampsCache] : [Items] -> [5579090905862144]
14:19:00,689 DEBUG BaseGeneralDataRegion:46 - Cache[foo.org.hibernate.cache.internal.StandardQueryCache] lookup : key[sql: select count(*) as col_0_0_ from Items item0_; parameters: ; named parameters: {}; transformer: org.hibernate.transform.CacheableResultTransformer@110f2]
14:19:00,689 DEBUG BaseGeneralDataRegion:52 - Cache[foo.org.hibernate.cache.internal.StandardQueryCache] hit: sql: select count(*) as col_0_0_ from Items item0_; parameters: ; named parameters: {}; transformer: org.hibernate.transform.CacheableResultTransformer@110f2
14:19:00,689 DEBUG BaseGeneralDataRegion:46 - Cache[foo.org.hibernate.cache.spi.UpdateTimestampsCache] lookup : key[Items]
14:19:00,689 DEBUG BaseGeneralDataRegion:52 - Cache[foo.org.hibernate.cache.spi.UpdateTimestampsCache] hit: Items
14:19:00,689 DEBUG SQL:104 - 
    select
        count(*) as col_0_0_ 
    from
        Items item0_
14:19:00,690 DEBUG BaseGeneralDataRegion:59 - Caching[foo.org.hibernate.cache.internal.StandardQueryCache] : [sql: select count(*) as col_0_0_ from Items item0_; parameters: ; named parameters: {}; transformer: org.hibernate.transform.CacheableResultTransformer@110f2] -> [[5579090905866240, 0]]
14:19:00,690  INFO CustomRunner:139 - Test: testProjectionCache
14:19:00,691 DEBUG BaseGeneralDataRegion:79 - evict cache[foo.org.hibernate.cache.internal.StandardQueryCache]
14:19:00,691 DEBUG QueryTranslatorImpl:265 - parse() - HQL: select i.description as desc from org.hibernate.test.querycache.Item i where i.name='widget'
14:19:00,691 DEBUG ErrorCounter:63 - Keyword  'desc' is being interpreted as an identifier due to: expecting IDENT, found 'desc'
14:19:00,692 DEBUG QueryTranslatorImpl:283 - --- HQL AST ---
 \-[QUERY] Node: 'query'
    +-[SELECT_FROM] Node: 'SELECT_FROM'
    |  +-[FROM] Node: 'from'
    |  |  \-[RANGE] Node: 'RANGE'
    |  |     +-[DOT] Node: '.'
    |  |     |  +-[DOT] Node: '.'
    |  |     |  |  +-[DOT] Node: '.'
    |  |     |  |  |  +-[DOT] Node: '.'
    |  |     |  |  |  |  +-[IDENT] Node: 'org'
    |  |     |  |  |  |  \-[IDENT] Node: 'hibernate'
    |  |     |  |  |  \-[IDENT] Node: 'test'
    |  |     |  |  \-[IDENT] Node: 'querycache'
    |  |     |  \-[IDENT] Node: 'Item'
    |  |     \-[ALIAS] Node: 'i'
    |  \-[SELECT] Node: 'select'
    |     \-[AS] Node: 'as'
    |        +-[DOT] Node: '.'
    |        |  +-[IDENT] Node: 'i'
    |        |  \-[IDENT] Node: 'description'
    |        \-[WEIRD_IDENT] Node: 'desc'
    \-[WHERE] Node: 'where'
       \-[EQ] Node: '='
          +-[DOT] Node: '.'
          |  +-[IDENT] Node: 'i'
          |  \-[IDENT] Node: 'name'
          \-[QUOTED_STRING] Node: ''widget''

14:19:00,693 DEBUG ErrorCounter:82 - throwQueryException() : no errors
14:19:00,693 DEBUG FromElement:157 - FromClause{level=1} : org.hibernate.test.querycache.Item (i) -> item0_
14:19:00,693 DEBUG FromReferenceNode:74 - Resolved : i -> item0_.id
14:19:00,693 DEBUG DotNode:599 - getDataType() : description -> org.hibernate.type.StringType@2dc8de40
14:19:00,693 DEBUG FromReferenceNode:74 - Resolved : i.description -> item0_.description
14:19:00,693 DEBUG FromReferenceNode:74 - Resolved : i -> item0_.id
14:19:00,693 DEBUG DotNode:599 - getDataType() : name -> org.hibernate.type.StringType@2dc8de40
14:19:00,694 DEBUG FromReferenceNode:74 - Resolved : i.name -> item0_.name
14:19:00,694 DEBUG HqlSqlWalker:629 - processQuery() :  ( SELECT ( {select clause} ( item0_.description item0_.id description ) ) ( FromClause{level=1} Items item0_ ) ( where ( = ( item0_.name item0_.id name ) 'widget' ) ) )
14:19:00,694 DEBUG JoinProcessor:175 - Using FROM fragment [Items item0_]
14:19:00,694 DEBUG QueryTranslatorImpl:252 - --- SQL AST ---
 \-[SELECT] QueryNode: 'SELECT'  querySpaces (Items)
    +-[SELECT_CLAUSE] SelectClause: '{select clause}'
    |  +-[DOT] DotNode: 'item0_.description' {propertyName=description,dereferenceType=ALL,propertyPath=description,path=i.description,tableAlias=item0_,className=org.hibernate.test.querycache.Item,classAlias=i}
    |  |  +-[ALIAS_REF] IdentNode: 'item0_.id' {alias=i, className=org.hibernate.test.querycache.Item, tableAlias=item0_}
    |  |  \-[IDENT] IdentNode: 'description' {originalText=description}
    |  \-[SELECT_COLUMNS] SqlNode: ' as col_0_0_'
    +-[FROM] FromClause: 'from' FromClause{level=1, fromElementCounter=1, fromElements=1, fromElementByClassAlias=[i], fromElementByTableAlias=[item0_], fromElementsByPath=[], collectionJoinFromElementsByPath=[], impliedElements=[]}
    |  \-[FROM_FRAGMENT] FromElement: 'Items item0_' FromElement{explicit,not a collection join,not a fetch join,fetch non-lazy properties,classAlias=i,role=null,tableName=Items,tableAlias=item0_,origin=null,columns={,className=org.hibernate.test.querycache.Item}}
    \-[WHERE] SqlNode: 'where'
       \-[EQ] BinaryLogicOperatorNode: '='
          +-[DOT] DotNode: 'item0_.name' {propertyName=name,dereferenceType=ALL,propertyPath=name,path=i.name,tableAlias=item0_,className=org.hibernate.test.querycache.Item,classAlias=i}
          |  +-[ALIAS_REF] IdentNode: 'item0_.id' {alias=i, className=org.hibernate.test.querycache.Item, tableAlias=item0_}
          |  \-[IDENT] IdentNode: 'name' {originalText=name}
          \-[QUOTED_STRING] LiteralNode: ''widget''

14:19:00,694 DEBUG ErrorCounter:82 - throwQueryException() : no errors
14:19:00,694 DEBUG QueryTranslatorImpl:235 - HQL: select i.description as desc from org.hibernate.test.querycache.Item i where i.name='widget'
14:19:00,694 DEBUG QueryTranslatorImpl:236 - SQL: select item0_.description as col_0_0_ from Items item0_ where item0_.name='widget'
14:19:00,695 DEBUG ErrorCounter:82 - throwQueryException() : no errors
14:19:00,695 DEBUG BaseGeneralDataRegion:46 - Cache[foo.org.hibernate.cache.internal.StandardQueryCache] lookup : key[sql: select item0_.description as col_0_0_ from Items item0_ where item0_.name='widget'; parameters: ; named parameters: {}; transformer: org.hibernate.transform.CacheableResultTransformer@110f2]
14:19:00,695 DEBUG SQL:104 - 
    select
        item0_.description as col_0_0_ 
    from
        Items item0_ 
    where
        item0_.name='widget'
14:19:00,695 DEBUG BaseGeneralDataRegion:59 - Caching[foo.org.hibernate.cache.internal.StandardQueryCache] : [sql: select item0_.description as col_0_0_ from Items item0_ where item0_.name='widget'; parameters: ; named parameters: {}; transformer: org.hibernate.transform.CacheableResultTransformer@110f2] -> [[5579090905886720]]
14:19:00,696 DEBUG SQL:104 - 
    insert 
    into
        Items
        (id, name, description) 
    values
        (null, ?, ?)
14:19:00,696 DEBUG BaseGeneralDataRegion:59 - Caching[foo.org.hibernate.cache.spi.UpdateTimestampsCache] : [Items] -> [5579091151650816]
14:19:00,696 DEBUG BaseGeneralDataRegion:59 - Caching[foo.org.hibernate.cache.spi.UpdateTimestampsCache] : [Items] -> [5579090905890817]
14:19:00,898 DEBUG BaseGeneralDataRegion:46 - Cache[foo.org.hibernate.cache.internal.StandardQueryCache] lookup : key[sql: select item0_.description as col_0_0_ from Items item0_ where item0_.name='widget'; parameters: ; named parameters: {}; transformer: org.hibernate.transform.CacheableResultTransformer@110f2]
14:19:00,898 DEBUG BaseGeneralDataRegion:52 - Cache[foo.org.hibernate.cache.internal.StandardQueryCache] hit: sql: select item0_.description as col_0_0_ from Items item0_ where item0_.name='widget'; parameters: ; named parameters: {}; transformer: org.hibernate.transform.CacheableResultTransformer@110f2
14:19:00,898 DEBUG BaseGeneralDataRegion:46 - Cache[foo.org.hibernate.cache.spi.UpdateTimestampsCache] lookup : key[Items]
14:19:00,898 DEBUG BaseGeneralDataRegion:52 - Cache[foo.org.hibernate.cache.spi.UpdateTimestampsCache] hit: Items
14:19:00,898 DEBUG SQL:104 - 
    select
        item0_.description as col_0_0_ 
    from
        Items item0_ 
    where
        item0_.name='widget'
14:19:00,899 DEBUG BaseGeneralDataRegion:59 - Caching[foo.org.hibernate.cache.internal.StandardQueryCache] : [sql: select item0_.description as col_0_0_ from Items item0_ where item0_.name='widget'; parameters: ; named parameters: {}; transformer: org.hibernate.transform.CacheableResultTransformer@110f2] -> [[5579090906722304, A really top-quality, full-featured widget.]]
14:19:00,899 DEBUG BaseGeneralDataRegion:46 - Cache[foo.org.hibernate.cache.internal.StandardQueryCache] lookup : key[sql: select item0_.description as col_0_0_ from Items item0_ where item0_.name='widget'; parameters: ; named parameters: {}; transformer: org.hibernate.transform.CacheableResultTransformer@110f2]
14:19:00,899 DEBUG BaseGeneralDataRegion:52 - Cache[foo.org.hibernate.cache.internal.StandardQueryCache] hit: sql: select item0_.description as col_0_0_ from Items item0_ where item0_.name='widget'; parameters: ; named parameters: {}; transformer: org.hibernate.transform.CacheableResultTransformer@110f2
14:19:00,899 DEBUG BaseGeneralDataRegion:46 - Cache[foo.org.hibernate.cache.spi.UpdateTimestampsCache] lookup : key[Items]
14:19:00,899 DEBUG BaseGeneralDataRegion:52 - Cache[foo.org.hibernate.cache.spi.UpdateTimestampsCache] hit: Items
14:19:00,899 DEBUG BaseGeneralDataRegion:46 - Cache[foo.org.hibernate.cache.internal.StandardQueryCache] lookup : key[sql: select item0_.description as col_0_0_ from Items item0_ where item0_.name='widget'; parameters: ; named parameters: {}; transformer: org.hibernate.transform.CacheableResultTransformer@110f2]
14:19:00,899 DEBUG BaseGeneralDataRegion:52 - Cache[foo.org.hibernate.cache.internal.StandardQueryCache] hit: sql: select item0_.description as col_0_0_ from Items item0_ where item0_.name='widget'; parameters: ; named parameters: {}; transformer: org.hibernate.transform.CacheableResultTransformer@110f2
14:19:00,899 DEBUG BaseGeneralDataRegion:46 - Cache[foo.org.hibernate.cache.spi.UpdateTimestampsCache] lookup : key[Items]
14:19:00,900 DEBUG BaseGeneralDataRegion:52 - Cache[foo.org.hibernate.cache.spi.UpdateTimestampsCache] hit: Items
14:19:00,900 DEBUG BaseGeneralDataRegion:46 - Cache[foo.org.hibernate.cache.internal.StandardQueryCache] lookup : key[sql: select item0_.description as col_0_0_ from Items item0_ where item0_.name='widget'; parameters: ; named parameters: {}; transformer: org.hibernate.transform.CacheableResultTransformer@110f2]
14:19:00,900 DEBUG BaseGeneralDataRegion:52 - Cache[foo.org.hibernate.cache.internal.StandardQueryCache] hit: sql: select item0_.description as col_0_0_ from Items item0_ where item0_.name='widget'; parameters: ; named parameters: {}; transformer: org.hibernate.transform.CacheableResultTransformer@110f2
14:19:00,900 DEBUG BaseGeneralDataRegion:46 - Cache[foo.org.hibernate.cache.spi.UpdateTimestampsCache] lookup : key[Items]
14:19:00,900 DEBUG BaseGeneralDataRegion:52 - Cache[foo.org.hibernate.cache.spi.UpdateTimestampsCache] hit: Items
14:19:00,900 DEBUG BaseGeneralDataRegion:46 - Cache[foo.org.hibernate.cache.internal.StandardQueryCache] lookup : key[sql: select item0_.description as col_0_0_ from Items item0_ where item0_.name='widget'; parameters: ; named parameters: {}; transformer: org.hibernate.transform.CacheableResultTransformer@110f2]
14:19:00,900 DEBUG BaseGeneralDataRegion:52 - Cache[foo.org.hibernate.cache.internal.StandardQueryCache] hit: sql: select item0_.description as col_0_0_ from Items item0_ where item0_.name='widget'; parameters: ; named parameters: {}; transformer: org.hibernate.transform.CacheableResultTransformer@110f2
14:19:00,900 DEBUG BaseGeneralDataRegion:46 - Cache[foo.org.hibernate.cache.spi.UpdateTimestampsCache] lookup : key[Items]
14:19:00,901 DEBUG BaseGeneralDataRegion:52 - Cache[foo.org.hibernate.cache.spi.UpdateTimestampsCache] hit: Items
14:19:00,901 DEBUG BaseGeneralDataRegion:46 - Cache[foo.org.hibernate.test.querycache.Item] lookup : key[org.hibernate.test.querycache.Item#7]
14:19:00,901 DEBUG SQL:104 - 
    select
        item0_.id as id2_0_,
        item0_.name as name2_0_,
        item0_.description as descript3_2_0_ 
    from
        Items item0_ 
    where
        item0_.id=?
14:19:00,901 DEBUG BaseRegionAccessStrategy:66 - Caching: org.hibernate.test.querycache.Item#7
14:19:00,901 DEBUG BaseGeneralDataRegion:59 - Caching[foo.org.hibernate.test.querycache.Item] : [org.hibernate.test.querycache.Item#7] -> [CacheEntry(org.hibernate.test.querycache.Item)[widget,A really top-quality, full-featured widget.]]
14:19:00,902 DEBUG SQL:104 - 
    update
        Items 
    set
        name=?,
        description=? 
    where
        id=?
14:19:00,902 DEBUG BaseGeneralDataRegion:69 - Evicting[foo.org.hibernate.test.querycache.Item]: org.hibernate.test.querycache.Item#7
14:19:00,902 DEBUG BaseGeneralDataRegion:59 - Caching[foo.org.hibernate.cache.spi.UpdateTimestampsCache] : [Items] -> [5579091152494592]
14:19:00,902 DEBUG BaseGeneralDataRegion:69 - Evicting[foo.org.hibernate.test.querycache.Item]: org.hibernate.test.querycache.Item#7
14:19:00,902 DEBUG BaseGeneralDataRegion:59 - Caching[foo.org.hibernate.cache.spi.UpdateTimestampsCache] : [Items] -> [5579090906734593]
14:19:01,104 DEBUG BaseGeneralDataRegion:46 - Cache[foo.org.hibernate.cache.internal.StandardQueryCache] lookup : key[sql: select item0_.description as col_0_0_ from Items item0_ where item0_.name='widget'; parameters: ; named parameters: {}; transformer: org.hibernate.transform.CacheableResultTransformer@110f2]
14:19:01,104 DEBUG BaseGeneralDataRegion:52 - Cache[foo.org.hibernate.cache.internal.StandardQueryCache] hit: sql: select item0_.description as col_0_0_ from Items item0_ where item0_.name='widget'; parameters: ; named parameters: {}; transformer: org.hibernate.transform.CacheableResultTransformer@110f2
14:19:01,104 DEBUG BaseGeneralDataRegion:46 - Cache[foo.org.hibernate.cache.spi.UpdateTimestampsCache] lookup : key[Items]
14:19:01,105 DEBUG BaseGeneralDataRegion:52 - Cache[foo.org.hibernate.cache.spi.UpdateTimestampsCache] hit: Items
14:19:01,105 DEBUG SQL:104 - 
    select
        item0_.description as col_0_0_ 
    from
        Items item0_ 
    where
        item0_.name='widget'
14:19:01,105 DEBUG BaseGeneralDataRegion:59 - Caching[foo.org.hibernate.cache.internal.StandardQueryCache] : [sql: select item0_.description as col_0_0_ from Items item0_ where item0_.name='widget'; parameters: ; named parameters: {}; transformer: org.hibernate.transform.CacheableResultTransformer@110f2] -> [[5579090907566080, A middle-quality widget.]]
14:19:01,105 DEBUG BaseGeneralDataRegion:46 - Cache[foo.org.hibernate.test.querycache.Item] lookup : key[org.hibernate.test.querycache.Item#7]
14:19:01,106 DEBUG SQL:104 - 
    select
        item0_.id as id2_0_,
        item0_.name as name2_0_,
        item0_.description as descript3_2_0_ 
    from
        Items item0_ 
    where
        item0_.id=?
14:19:01,106 DEBUG BaseRegionAccessStrategy:66 - Caching: org.hibernate.test.querycache.Item#7
14:19:01,106 DEBUG BaseGeneralDataRegion:59 - Caching[foo.org.hibernate.test.querycache.Item] : [org.hibernate.test.querycache.Item#7] -> [CacheEntry(org.hibernate.test.querycache.Item)[widget,A middle-quality widget.]]
14:19:01,106 DEBUG SQL:104 - 
    delete 
    from
        Items 
    where
        id=?
14:19:01,107 DEBUG BaseGeneralDataRegion:69 - Evicting[foo.org.hibernate.test.querycache.Item]: org.hibernate.test.querycache.Item#7
14:19:01,107 DEBUG BaseGeneralDataRegion:59 - Caching[foo.org.hibernate.cache.spi.UpdateTimestampsCache] : [Items] -> [5579091153334272]
14:19:01,107 DEBUG BaseGeneralDataRegion:69 - Evicting[foo.org.hibernate.test.querycache.Item]: org.hibernate.test.querycache.Item#7
14:19:01,107 DEBUG BaseGeneralDataRegion:59 - Caching[foo.org.hibernate.cache.spi.UpdateTimestampsCache] : [Items] -> [5579090907574273]
14:19:01,108  INFO CustomRunner:139 - Test: testQueryCacheFetch
14:19:01,109 DEBUG BaseGeneralDataRegion:79 - evict cache[foo.org.hibernate.cache.internal.StandardQueryCache]
14:19:01,109 DEBUG SQL:104 - 
    insert 
    into
        Items
        (id, name, description) 
    values
        (null, ?, ?)
14:19:01,110 DEBUG BaseGeneralDataRegion:59 - Caching[foo.org.hibernate.cache.spi.UpdateTimestampsCache] : [Items] -> [5579091153346560]
14:19:01,110 DEBUG SQL:104 - 
    insert 
    into
        Items
        (id, name, description) 
    values
        (null, ?, ?)
14:19:01,110 DEBUG BaseGeneralDataRegion:59 - Caching[foo.org.hibernate.cache.spi.UpdateTimestampsCache] : [Items] -> [5579091153346561]
14:19:01,110 DEBUG BaseGeneralDataRegion:59 - Caching[foo.org.hibernate.cache.spi.UpdateTimestampsCache] : [Items] -> [5579090907586562]
14:19:01,312 DEBUG QueryTranslatorImpl:265 - parse() - HQL: from org.hibernate.test.querycache.Item i where i.name like '%widget'
14:19:01,313 DEBUG QueryTranslatorImpl:283 - --- HQL AST ---
 \-[QUERY] Node: 'query'
    +-[SELECT_FROM] Node: 'SELECT_FROM'
    |  \-[FROM] Node: 'from'
    |     \-[RANGE] Node: 'RANGE'
    |        +-[DOT] Node: '.'
    |        |  +-[DOT] Node: '.'
    |        |  |  +-[DOT] Node: '.'
    |        |  |  |  +-[DOT] Node: '.'
    |        |  |  |  |  +-[IDENT] Node: 'org'
    |        |  |  |  |  \-[IDENT] Node: 'hibernate'
    |        |  |  |  \-[IDENT] Node: 'test'
    |        |  |  \-[IDENT] Node: 'querycache'
    |        |  \-[IDENT] Node: 'Item'
    |        \-[ALIAS] Node: 'i'
    \-[WHERE] Node: 'where'
       \-[LIKE] Node: 'like'
          +-[DOT] Node: '.'
          |  +-[IDENT] Node: 'i'
          |  \-[IDENT] Node: 'name'
          \-[QUOTED_STRING] Node: ''%widget''

14:19:01,313 DEBUG ErrorCounter:82 - throwQueryException() : no errors
14:19:01,314 DEBUG FromElement:157 - FromClause{level=1} : org.hibernate.test.querycache.Item (i) -> item0_
14:19:01,314 DEBUG FromReferenceNode:74 - Resolved : i -> item0_.id
14:19:01,314 DEBUG DotNode:599 - getDataType() : name -> org.hibernate.type.StringType@2dc8de40
14:19:01,314 DEBUG FromReferenceNode:74 - Resolved : i.name -> item0_.name
14:19:01,314 DEBUG HqlSqlWalker:629 - processQuery() :  ( SELECT ( FromClause{level=1} Items item0_ ) ( where ( like ( item0_.name item0_.id name ) '%widget' ) ) )
14:19:01,315 DEBUG HqlSqlWalker:869 - Derived SELECT clause created.
14:19:01,315 DEBUG JoinProcessor:175 - Using FROM fragment [Items item0_]
14:19:01,315 DEBUG QueryTranslatorImpl:252 - --- SQL AST ---
 \-[SELECT] QueryNode: 'SELECT'  querySpaces (Items)
    +-[SELECT_CLAUSE] SelectClause: '{derived select clause}'
    |  +-[SELECT_EXPR] SelectExpressionImpl: 'item0_.id as id2_' {FromElement{explicit,not a collection join,not a fetch join,fetch non-lazy properties,classAlias=i,role=null,tableName=Items,tableAlias=item0_,origin=null,columns={,className=org.hibernate.test.querycache.Item}}}
    |  \-[SQL_TOKEN] SqlFragment: 'item0_.name as name2_, item0_.description as descript3_2_'
    +-[FROM] FromClause: 'from' FromClause{level=1, fromElementCounter=1, fromElements=1, fromElementByClassAlias=[i], fromElementByTableAlias=[item0_], fromElementsByPath=[], collectionJoinFromElementsByPath=[], impliedElements=[]}
    |  \-[FROM_FRAGMENT] FromElement: 'Items item0_' FromElement{explicit,not a collection join,not a fetch join,fetch non-lazy properties,classAlias=i,role=null,tableName=Items,tableAlias=item0_,origin=null,columns={,className=org.hibernate.test.querycache.Item}}
    \-[WHERE] SqlNode: 'where'
       \-[LIKE] BinaryLogicOperatorNode: 'like'
          +-[DOT] DotNode: 'item0_.name' {propertyName=name,dereferenceType=ALL,propertyPath=name,path=i.name,tableAlias=item0_,className=org.hibernate.test.querycache.Item,classAlias=i}
          |  +-[ALIAS_REF] IdentNode: 'item0_.id' {alias=i, className=org.hibernate.test.querycache.Item, tableAlias=item0_}
          |  \-[IDENT] IdentNode: 'name' {originalText=name}
          \-[QUOTED_STRING] LiteralNode: ''%widget''

14:19:01,315 DEBUG ErrorCounter:82 - throwQueryException() : no errors
14:19:01,315 DEBUG QueryTranslatorImpl:235 - HQL: from org.hibernate.test.querycache.Item i where i.name like '%widget'
14:19:01,315 DEBUG QueryTranslatorImpl:236 - SQL: select item0_.id as id2_, item0_.name as name2_, item0_.description as descript3_2_ from Items item0_ where item0_.name like '%widget'
14:19:01,315 DEBUG ErrorCounter:82 - throwQueryException() : no errors
14:19:01,316 DEBUG BaseGeneralDataRegion:46 - Cache[foo.org.hibernate.cache.internal.StandardQueryCache] lookup : key[sql: select item0_.id as id2_, item0_.name as name2_, item0_.description as descript3_2_ from Items item0_ where item0_.name like '%widget'; parameters: ; named parameters: {}; transformer: org.hibernate.transform.CacheableResultTransformer@110f2]
14:19:01,316 DEBUG SQL:104 - 
    select
        item0_.id as id2_,
        item0_.name as name2_,
        item0_.description as descript3_2_ 
    from
        Items item0_ 
    where
        item0_.name like '%widget'
14:19:01,316 DEBUG BaseRegionAccessStrategy:66 - Caching: org.hibernate.test.querycache.Item#9
14:19:01,316 DEBUG BaseGeneralDataRegion:59 - Caching[foo.org.hibernate.test.querycache.Item] : [org.hibernate.test.querycache.Item#9] -> [CacheEntry(org.hibernate.test.querycache.Item)[other widget,Another decent widget.]]
14:19:01,316 DEBUG BaseRegionAccessStrategy:66 - Caching: org.hibernate.test.querycache.Item#8
14:19:01,316 DEBUG BaseGeneralDataRegion:59 - Caching[foo.org.hibernate.test.querycache.Item] : [org.hibernate.test.querycache.Item#8] -> [CacheEntry(org.hibernate.test.querycache.Item)[widget,A really top-quality, full-featured widget.]]
14:19:01,317 DEBUG BaseGeneralDataRegion:59 - Caching[foo.org.hibernate.cache.internal.StandardQueryCache] : [sql: select item0_.id as id2_, item0_.name as name2_, item0_.description as descript3_2_ from Items item0_ where item0_.name like '%widget'; parameters: ; named parameters: {}; transformer: org.hibernate.transform.CacheableResultTransformer@110f2] -> [[5579090908434432, 9, 8]]
14:19:01,317 DEBUG BaseGeneralDataRegion:79 - evict cache[foo.org.hibernate.test.querycache.Item]
14:19:01,317 DEBUG BaseGeneralDataRegion:46 - Cache[foo.org.hibernate.cache.internal.StandardQueryCache] lookup : key[sql: select item0_.id as id2_, item0_.name as name2_, item0_.description as descript3_2_ from Items item0_ where item0_.name like '%widget'; parameters: ; named parameters: {}; transformer: org.hibernate.transform.CacheableResultTransformer@110f2]
14:19:01,317 DEBUG BaseGeneralDataRegion:52 - Cache[foo.org.hibernate.cache.internal.StandardQueryCache] hit: sql: select item0_.id as id2_, item0_.name as name2_, item0_.description as descript3_2_ from Items item0_ where item0_.name like '%widget'; parameters: ; named parameters: {}; transformer: org.hibernate.transform.CacheableResultTransformer@110f2
14:19:01,317 DEBUG BaseGeneralDataRegion:46 - Cache[foo.org.hibernate.cache.spi.UpdateTimestampsCache] lookup : key[Items]
14:19:01,317 DEBUG BaseGeneralDataRegion:52 - Cache[foo.org.hibernate.cache.spi.UpdateTimestampsCache] hit: Items
14:19:01,317 DEBUG BaseGeneralDataRegion:46 - Cache[foo.org.hibernate.test.querycache.Item] lookup : key[org.hibernate.test.querycache.Item#9]
14:19:01,318 DEBUG BaseGeneralDataRegion:46 - Cache[foo.org.hibernate.test.querycache.Item] lookup : key[org.hibernate.test.querycache.Item#8]
14:19:01,318 DEBUG SQL:104 - 
    select
        item0_.id as id2_0_,
        item0_.name as name2_0_,
        item0_.description as descript3_2_0_ 
    from
        Items item0_ 
    where
        item0_.id in (
            ?, ?
        )
14:19:01,318 DEBUG BaseRegionAccessStrategy:66 - Caching: org.hibernate.test.querycache.Item#8
14:19:01,318 DEBUG BaseGeneralDataRegion:59 - Caching[foo.org.hibernate.test.querycache.Item] : [org.hibernate.test.querycache.Item#8] -> [CacheEntry(org.hibernate.test.querycache.Item)[widget,A really top-quality, full-featured widget.]]
14:19:01,318 DEBUG BaseRegionAccessStrategy:66 - Caching: org.hibernate.test.querycache.Item#9
14:19:01,318 DEBUG BaseGeneralDataRegion:59 - Caching[foo.org.hibernate.test.querycache.Item] : [org.hibernate.test.querycache.Item#9] -> [CacheEntry(org.hibernate.test.querycache.Item)[other widget,Another decent widget.]]
14:19:01,319 DEBUG QueryTranslatorImpl:265 - parse() - HQL: delete org.hibernate.test.querycache.Item
14:19:01,320 DEBUG QueryTranslatorImpl:283 - --- HQL AST ---
 \-[DELETE] Node: 'delete'
    \-[FROM] Node: 'FROM'
       \-[RANGE] Node: 'RANGE'
          \-[DOT] Node: '.'
             +-[DOT] Node: '.'
             |  +-[DOT] Node: '.'
             |  |  +-[DOT] Node: '.'
             |  |  |  +-[IDENT] Node: 'org'
             |  |  |  \-[IDENT] Node: 'hibernate'
             |  |  \-[IDENT] Node: 'test'
             |  \-[IDENT] Node: 'querycache'
             \-[IDENT] Node: 'Item'

14:19:01,320 DEBUG ErrorCounter:82 - throwQueryException() : no errors
14:19:01,320 DEBUG FromElement:157 - FromClause{level=1} : org.hibernate.test.querycache.Item (<no alias>) -> item0_
14:19:01,320 DEBUG QueryTranslatorImpl:252 - --- SQL AST ---
 \-[DELETE] DeleteStatement: 'delete'  querySpaces (Items)
    \-[FROM] FromClause: 'FROM' FromClause{level=1, fromElementCounter=1, fromElements=1, fromElementByClassAlias=[], fromElementByTableAlias=[item0_], fromElementsByPath=[], collectionJoinFromElementsByPath=[], impliedElements=[]}
       \-[FROM_FRAGMENT] FromElement: 'Items' FromElement{explicit,not a collection join,not a fetch join,fetch non-lazy properties,classAlias=null,role=null,tableName=Items,tableAlias=item0_,origin=null,columns={,className=org.hibernate.test.querycache.Item}}

14:19:01,320 DEBUG ErrorCounter:82 - throwQueryException() : no errors
14:19:01,320 DEBUG ErrorCounter:82 - throwQueryException() : no errors
14:19:01,320 DEBUG BaseGeneralDataRegion:79 - evict cache[foo.org.hibernate.test.querycache.Item]
14:19:01,320 DEBUG BaseGeneralDataRegion:59 - Caching[foo.org.hibernate.cache.spi.UpdateTimestampsCache] : [Items] -> [5579091154206720]
14:19:01,321 DEBUG SQL:104 - 
    delete 
    from
        Items
14:19:01,321 DEBUG BaseGeneralDataRegion:79 - evict cache[foo.org.hibernate.test.querycache.Item]
14:19:01,321 DEBUG BaseGeneralDataRegion:59 - Caching[foo.org.hibernate.cache.spi.UpdateTimestampsCache] : [Items] -> [5579090908450816]
14:19:01,321  INFO CustomRunner:139 - Test: testQueryCacheInvalidation
14:19:01,324 DEBUG BaseGeneralDataRegion:79 - evict cache[foo.org.hibernate.cache.internal.StandardQueryCache]
14:19:01,324 DEBUG QueryTranslatorImpl:265 - parse() - HQL: from org.hibernate.test.querycache.Item i where i.name='widget'
14:19:01,325 DEBUG QueryTranslatorImpl:283 - --- HQL AST ---
 \-[QUERY] Node: 'query'
    +-[SELECT_FROM] Node: 'SELECT_FROM'
    |  \-[FROM] Node: 'from'
    |     \-[RANGE] Node: 'RANGE'
    |        +-[DOT] Node: '.'
    |        |  +-[DOT] Node: '.'
    |        |  |  +-[DOT] Node: '.'
    |        |  |  |  +-[DOT] Node: '.'
    |        |  |  |  |  +-[IDENT] Node: 'org'
    |        |  |  |  |  \-[IDENT] Node: 'hibernate'
    |        |  |  |  \-[IDENT] Node: 'test'
    |        |  |  \-[IDENT] Node: 'querycache'
    |        |  \-[IDENT] Node: 'Item'
    |        \-[ALIAS] Node: 'i'
    \-[WHERE] Node: 'where'
       \-[EQ] Node: '='
          +-[DOT] Node: '.'
          |  +-[IDENT] Node: 'i'
          |  \-[IDENT] Node: 'name'
          \-[QUOTED_STRING] Node: ''widget''

14:19:01,325 DEBUG ErrorCounter:82 - throwQueryException() : no errors
14:19:01,326 DEBUG FromElement:157 - FromClause{level=1} : org.hibernate.test.querycache.Item (i) -> item0_
14:19:01,327 DEBUG FromReferenceNode:74 - Resolved : i -> item0_.id
14:19:01,327 DEBUG DotNode:599 - getDataType() : name -> org.hibernate.type.StringType@2dc8de40
14:19:01,327 DEBUG FromReferenceNode:74 - Resolved : i.name -> item0_.name
14:19:01,327 DEBUG HqlSqlWalker:629 - processQuery() :  ( SELECT ( FromClause{level=1} Items item0_ ) ( where ( = ( item0_.name item0_.id name ) 'widget' ) ) )
14:19:01,327 DEBUG HqlSqlWalker:869 - Derived SELECT clause created.
14:19:01,327 DEBUG JoinProcessor:175 - Using FROM fragment [Items item0_]
14:19:01,328 DEBUG QueryTranslatorImpl:252 - --- SQL AST ---
 \-[SELECT] QueryNode: 'SELECT'  querySpaces (Items)
    +-[SELECT_CLAUSE] SelectClause: '{derived select clause}'
    |  +-[SELECT_EXPR] SelectExpressionImpl: 'item0_.id as id2_' {FromElement{explicit,not a collection join,not a fetch join,fetch non-lazy properties,classAlias=i,role=null,tableName=Items,tableAlias=item0_,origin=null,columns={,className=org.hibernate.test.querycache.Item}}}
    |  \-[SQL_TOKEN] SqlFragment: 'item0_.name as name2_, item0_.description as descript3_2_'
    +-[FROM] FromClause: 'from' FromClause{level=1, fromElementCounter=1, fromElements=1, fromElementByClassAlias=[i], fromElementByTableAlias=[item0_], fromElementsByPath=[], collectionJoinFromElementsByPath=[], impliedElements=[]}
    |  \-[FROM_FRAGMENT] FromElement: 'Items item0_' FromElement{explicit,not a collection join,not a fetch join,fetch non-lazy properties,classAlias=i,role=null,tableName=Items,tableAlias=item0_,origin=null,columns={,className=org.hibernate.test.querycache.Item}}
    \-[WHERE] SqlNode: 'where'
       \-[EQ] BinaryLogicOperatorNode: '='
          +-[DOT] DotNode: 'item0_.name' {propertyName=name,dereferenceType=ALL,propertyPath=name,path=i.name,tableAlias=item0_,className=org.hibernate.test.querycache.Item,classAlias=i}
          |  +-[ALIAS_REF] IdentNode: 'item0_.id' {alias=i, className=org.hibernate.test.querycache.Item, tableAlias=item0_}
          |  \-[IDENT] IdentNode: 'name' {originalText=name}
          \-[QUOTED_STRING] LiteralNode: ''widget''

14:19:01,328 DEBUG ErrorCounter:82 - throwQueryException() : no errors
14:19:01,328 DEBUG QueryTranslatorImpl:235 - HQL: from org.hibernate.test.querycache.Item i where i.name='widget'
14:19:01,328 DEBUG QueryTranslatorImpl:236 - SQL: select item0_.id as id2_, item0_.name as name2_, item0_.description as descript3_2_ from Items item0_ where item0_.name='widget'
14:19:01,328 DEBUG ErrorCounter:82 - throwQueryException() : no errors
14:19:01,328 DEBUG BaseGeneralDataRegion:46 - Cache[foo.org.hibernate.cache.internal.StandardQueryCache] lookup : key[sql: select item0_.id as id2_, item0_.name as name2_, item0_.description as descript3_2_ from Items item0_ where item0_.name='widget'; parameters: ; named parameters: {}; transformer: org.hibernate.transform.CacheableResultTransformer@110f2]
14:19:01,328 DEBUG SQL:104 - 
    select
        item0_.id as id2_,
        item0_.name as name2_,
        item0_.description as descript3_2_ 
    from
        Items item0_ 
    where
        item0_.name='widget'
14:19:01,329 DEBUG BaseGeneralDataRegion:59 - Caching[foo.org.hibernate.cache.internal.StandardQueryCache] : [sql: select item0_.id as id2_, item0_.name as name2_, item0_.description as descript3_2_ from Items item0_ where item0_.name='widget'; parameters: ; named parameters: {}; transformer: org.hibernate.transform.CacheableResultTransformer@110f2] -> [[5579090908483584]]
14:19:01,329 DEBUG SQL:104 - 
    insert 
    into
        Items
        (id, name, description) 
    values
        (null, ?, ?)
14:19:01,331 DEBUG BaseGeneralDataRegion:59 - Caching[foo.org.hibernate.cache.spi.UpdateTimestampsCache] : [Items] -> [5579091154251776]
14:19:01,332 DEBUG BaseGeneralDataRegion:59 - Caching[foo.org.hibernate.cache.spi.UpdateTimestampsCache] : [Items] -> [5579090908495872]
14:19:01,532 DEBUG BaseGeneralDataRegion:46 - Cache[foo.org.hibernate.cache.internal.StandardQueryCache] lookup : key[sql: select item0_.id as id2_, item0_.name as name2_, item0_.description as descript3_2_ from Items item0_ where item0_.name='widget'; parameters: ; named parameters: {}; transformer: org.hibernate.transform.CacheableResultTransformer@110f2]
14:19:01,533 DEBUG BaseGeneralDataRegion:52 - Cache[foo.org.hibernate.cache.internal.StandardQueryCache] hit: sql: select item0_.id as id2_, item0_.name as name2_, item0_.description as descript3_2_ from Items item0_ where item0_.name='widget'; parameters: ; named parameters: {}; transformer: org.hibernate.transform.CacheableResultTransformer@110f2
14:19:01,533 DEBUG BaseGeneralDataRegion:46 - Cache[foo.org.hibernate.cache.spi.UpdateTimestampsCache] lookup : key[Items]
14:19:01,533 DEBUG BaseGeneralDataRegion:52 - Cache[foo.org.hibernate.cache.spi.UpdateTimestampsCache] hit: Items
14:19:01,533 DEBUG SQL:104 - 
    select
        item0_.id as id2_,
        item0_.name as name2_,
        item0_.description as descript3_2_ 
    from
        Items item0_ 
    where
        item0_.name='widget'
14:19:01,533 DEBUG BaseRegionAccessStrategy:66 - Caching: org.hibernate.test.querycache.Item#10
14:19:01,534 DEBUG BaseGeneralDataRegion:59 - Caching[foo.org.hibernate.test.querycache.Item] : [org.hibernate.test.querycache.Item#10] -> [CacheEntry(org.hibernate.test.querycache.Item)[widget,A really top-quality, full-featured widget.]]
14:19:01,534 DEBUG BaseGeneralDataRegion:59 - Caching[foo.org.hibernate.cache.internal.StandardQueryCache] : [sql: select item0_.id as id2_, item0_.name as name2_, item0_.description as descript3_2_ from Items item0_ where item0_.name='widget'; parameters: ; named parameters: {}; transformer: org.hibernate.transform.CacheableResultTransformer@110f2] -> [[5579090909323264, 10]]
14:19:01,534 DEBUG BaseGeneralDataRegion:46 - Cache[foo.org.hibernate.cache.internal.StandardQueryCache] lookup : key[sql: select item0_.id as id2_, item0_.name as name2_, item0_.description as descript3_2_ from Items item0_ where item0_.name='widget'; parameters: ; named parameters: {}; transformer: org.hibernate.transform.CacheableResultTransformer@110f2]
14:19:01,534 DEBUG BaseGeneralDataRegion:52 - Cache[foo.org.hibernate.cache.internal.StandardQueryCache] hit: sql: select item0_.id as id2_, item0_.name as name2_, item0_.description as descript3_2_ from Items item0_ where item0_.name='widget'; parameters: ; named parameters: {}; transformer: org.hibernate.transform.CacheableResultTransformer@110f2
14:19:01,534 DEBUG BaseGeneralDataRegion:46 - Cache[foo.org.hibernate.cache.spi.UpdateTimestampsCache] lookup : key[Items]
14:19:01,534 DEBUG BaseGeneralDataRegion:52 - Cache[foo.org.hibernate.cache.spi.UpdateTimestampsCache] hit: Items
14:19:01,535 DEBUG BaseGeneralDataRegion:46 - Cache[foo.org.hibernate.test.querycache.Item] lookup : key[org.hibernate.test.querycache.Item#10]
14:19:01,535 DEBUG BaseGeneralDataRegion:52 - Cache[foo.org.hibernate.test.querycache.Item] hit: org.hibernate.test.querycache.Item#10
14:19:01,535 DEBUG BaseGeneralDataRegion:46 - Cache[foo.org.hibernate.cache.internal.StandardQueryCache] lookup : key[sql: select item0_.id as id2_, item0_.name as name2_, item0_.description as descript3_2_ from Items item0_ where item0_.name='widget'; parameters: ; named parameters: {}; transformer: org.hibernate.transform.CacheableResultTransformer@110f2]
14:19:01,535 DEBUG BaseGeneralDataRegion:52 - Cache[foo.org.hibernate.cache.internal.StandardQueryCache] hit: sql: select item0_.id as id2_, item0_.name as name2_, item0_.description as descript3_2_ from Items item0_ where item0_.name='widget'; parameters: ; named parameters: {}; transformer: org.hibernate.transform.CacheableResultTransformer@110f2
14:19:01,535 DEBUG BaseGeneralDataRegion:46 - Cache[foo.org.hibernate.cache.spi.UpdateTimestampsCache] lookup : key[Items]
14:19:01,535 DEBUG BaseGeneralDataRegion:52 - Cache[foo.org.hibernate.cache.spi.UpdateTimestampsCache] hit: Items
14:19:01,535 DEBUG BaseGeneralDataRegion:46 - Cache[foo.org.hibernate.test.querycache.Item] lookup : key[org.hibernate.test.querycache.Item#10]
14:19:01,535 DEBUG BaseGeneralDataRegion:52 - Cache[foo.org.hibernate.test.querycache.Item] hit: org.hibernate.test.querycache.Item#10
14:19:01,536 DEBUG SQL:104 - 
    update
        Items 
    set
        name=?,
        description=? 
    where
        id=?
14:19:01,536 DEBUG BaseGeneralDataRegion:69 - Evicting[foo.org.hibernate.test.querycache.Item]: org.hibernate.test.querycache.Item#10
14:19:01,536 DEBUG BaseGeneralDataRegion:59 - Caching[foo.org.hibernate.cache.spi.UpdateTimestampsCache] : [Items] -> [5579091155091456]
14:19:01,536 DEBUG BaseGeneralDataRegion:69 - Evicting[foo.org.hibernate.test.querycache.Item]: org.hibernate.test.querycache.Item#10
14:19:01,536 DEBUG BaseGeneralDataRegion:59 - Caching[foo.org.hibernate.cache.spi.UpdateTimestampsCache] : [Items] -> [5579090909331457]
14:19:01,738 DEBUG BaseGeneralDataRegion:46 - Cache[foo.org.hibernate.cache.internal.StandardQueryCache] lookup : key[sql: select item0_.id as id2_, item0_.name as name2_, item0_.description as descript3_2_ from Items item0_ where item0_.name='widget'; parameters: ; named parameters: {}; transformer: org.hibernate.transform.CacheableResultTransformer@110f2]
14:19:01,738 DEBUG BaseGeneralDataRegion:52 - Cache[foo.org.hibernate.cache.internal.StandardQueryCache] hit: sql: select item0_.id as id2_, item0_.name as name2_, item0_.description as descript3_2_ from Items item0_ where item0_.name='widget'; parameters: ; named parameters: {}; transformer: org.hibernate.transform.CacheableResultTransformer@110f2
14:19:01,738 DEBUG BaseGeneralDataRegion:46 - Cache[foo.org.hibernate.cache.spi.UpdateTimestampsCache] lookup : key[Items]
14:19:01,738 DEBUG BaseGeneralDataRegion:52 - Cache[foo.org.hibernate.cache.spi.UpdateTimestampsCache] hit: Items
14:19:01,739 DEBUG SQL:104 - 
    select
        item0_.id as id2_,
        item0_.name as name2_,
        item0_.description as descript3_2_ 
    from
        Items item0_ 
    where
        item0_.name='widget'
14:19:01,739 DEBUG BaseGeneralDataRegion:59 - Caching[foo.org.hibernate.cache.internal.StandardQueryCache] : [sql: select item0_.id as id2_, item0_.name as name2_, item0_.description as descript3_2_ from Items item0_ where item0_.name='widget'; parameters: ; named parameters: {}; transformer: org.hibernate.transform.CacheableResultTransformer@110f2] -> [[5579090910162944]]
14:19:01,739 DEBUG BaseGeneralDataRegion:46 - Cache[foo.org.hibernate.test.querycache.Item] lookup : key[org.hibernate.test.querycache.Item#10]
14:19:01,739 DEBUG SQL:104 - 
    select
        item0_.id as id2_0_,
        item0_.name as name2_0_,
        item0_.description as descript3_2_0_ 
    from
        Items item0_ 
    where
        item0_.id=?
14:19:01,740 DEBUG BaseRegionAccessStrategy:66 - Caching: org.hibernate.test.querycache.Item#10
14:19:01,741 DEBUG BaseGeneralDataRegion:59 - Caching[foo.org.hibernate.test.querycache.Item] : [org.hibernate.test.querycache.Item#10] -> [CacheEntry(org.hibernate.test.querycache.Item)[Widget,A really top-quality, full-featured widget.]]
14:19:01,741 DEBUG SQL:104 - 
    delete 
    from
        Items 
    where
        id=?
14:19:01,741 DEBUG BaseGeneralDataRegion:69 - Evicting[foo.org.hibernate.test.querycache.Item]: org.hibernate.test.querycache.Item#10
14:19:01,741 DEBUG BaseGeneralDataRegion:59 - Caching[foo.org.hibernate.cache.spi.UpdateTimestampsCache] : [Items] -> [5579091155931136]
14:19:01,741 DEBUG BaseGeneralDataRegion:69 - Evicting[foo.org.hibernate.test.querycache.Item]: org.hibernate.test.querycache.Item#10
14:19:01,741 DEBUG BaseGeneralDataRegion:59 - Caching[foo.org.hibernate.cache.spi.UpdateTimestampsCache] : [Items] -> [5579090910171137]
14:19:01,742  INFO SchemaExport:343 - HHH000227: Running hbm2ddl schema export
14:19:01,742 DEBUG SchemaExport:353 - Import file not found: /import.sql
14:19:01,743 DEBUG SQL:104 - 
    drop table EntityWithCompositeKey if exists
14:19:01,743 DEBUG SQL:104 - 
    drop table EntityWithStringCompositeKey if exists
14:19:01,743 DEBUG SQL:104 - 
    drop table Items if exists
14:19:01,744  INFO SchemaExport:405 - HHH000230: Schema export complete
14:19:01,744  INFO DriverManagerConnectionProviderImpl:162 - HHH000030: Cleaning up connection pool [jdbc:h2:mem:db1;DB_CLOSE_DELAY=-1;MVCC=TRUE]
]]></system-out>
  <system-err><![CDATA[]]></system-err>
</testsuite>
