<?xml version="1.0" encoding="UTF-8"?>
<testsuite errors="0" failures="0" hostname="dhcp-10.15.208.168.stl.redhat.com" name="org.hibernate.test.cascade.RefreshTest" tests="1" time="0.139" timestamp="2013-02-28T20:11:41">
  <properties />
  <testcase classname="org.hibernate.test.cascade.RefreshTest" name="testRefreshCascade" time="0.008" />
  <system-out><![CDATA[14:11:41,042  INFO CustomRunner:132 - BeforeClass: org.hibernate.test.cascade.RefreshTest
14:11:41,046  INFO Configuration:706 - HHH000221: Reading mappings from resource: org/hibernate/test/cascade/Job.hbm.xml
14:11:41,079  INFO Configuration:706 - HHH000221: Reading mappings from resource: org/hibernate/test/cascade/JobBatch.hbm.xml
14:11:41,114  INFO DriverManagerConnectionProviderImpl:99 - HHH000402: Using Hibernate built-in connection pool (not for production use!)
14:11:41,114  INFO DriverManagerConnectionProviderImpl:135 - HHH000115: Hibernate connection pool size: 5
14:11:41,114  INFO DriverManagerConnectionProviderImpl:138 - HHH000006: Autocommit mode: false
14:11:41,115  INFO DriverManagerConnectionProviderImpl:153 - HHH000401: using driver [org.h2.Driver] at URL [jdbc:h2:mem:db1;DB_CLOSE_DELAY=-1;MVCC=TRUE]
14:11:41,115  INFO DriverManagerConnectionProviderImpl:158 - HHH000046: Connection properties: {user=sa}
14:11:41,116  INFO Dialect:103 - HHH000400: Using dialect: org.hibernate.dialect.H2Dialect
14:11:41,117  INFO LobCreatorBuilder:94 - HHH000423: Disabling contextual LOB creation as JDBC driver reported JDBC version [3] less than 4
14:11:41,118  INFO TransactionFactoryInitiator:66 - HHH000399: Using default transaction strategy (direct JDBC transactions)
14:11:41,118  INFO ASTQueryTranslatorFactory:48 - HHH000397: Using ASTQueryTranslatorFactory
14:11:41,118  WARN CachingRegionFactory:58 - CachingRegionFactory should be only used for testing.
14:11:41,132  INFO SchemaExport:343 - HHH000227: Running hbm2ddl schema export
14:11:41,133 DEBUG SchemaExport:353 - Import file not found: /import.sql
14:11:41,133 DEBUG SQL:104 - 
    alter table T_JOB 
        drop constraint FK4CC0532EA32320D
14:11:41,134 ERROR SchemaExport:425 - HHH000389: Unsuccessful: alter table T_JOB drop constraint FK4CC0532EA32320D
14:11:41,134 ERROR SchemaExport:426 - Table "T_JOB" not found; SQL statement:

    alter table T_JOB 
        drop constraint FK4CC0532EA32320D [42102-145]
14:11:41,134 DEBUG SQL:104 - 
    drop table T_JOB if exists
14:11:41,134 DEBUG SQL:104 - 
    drop table T_JOB_BATCH if exists
14:11:41,134 DEBUG SQL:104 - 
    create table T_JOB (
        JOB_ID bigint generated by default as identity,
        BATCH_ID bigint,
        JOB_STATUS integer not null,
        PI varchar(255) not null,
        primary key (JOB_ID)
    )
14:11:41,135 DEBUG SQL:104 - 
    create table T_JOB_BATCH (
        BATCH_ID bigint generated by default as identity,
        BATCH_DATE timestamp not null,
        primary key (BATCH_ID)
    )
14:11:41,135 DEBUG SQL:104 - 
    alter table T_JOB 
        add constraint FK4CC0532EA32320D 
        foreign key (BATCH_ID) 
        references T_JOB_BATCH
14:11:41,136  INFO SchemaExport:405 - HHH000230: Schema export complete
14:11:41,136  WARN SessionFactoryImpl:1554 - HHH000008: JTASessionContext being used with JDBCTransactionFactory; auto-flush will not operate correctly with getCurrentSession()
14:11:41,137  INFO CustomRunner:139 - Test: testRefreshCascade
14:11:41,139 DEBUG SQL:104 - 
    insert 
    into
        T_JOB_BATCH
        (BATCH_ID, BATCH_DATE) 
    values
        (null, ?)
14:11:41,140 DEBUG SQL:104 - 
    insert 
    into
        T_JOB
        (JOB_ID, BATCH_ID, JOB_STATUS, PI) 
    values
        (null, ?, ?, ?)
14:11:41,141 DEBUG SQL:104 - 
    insert 
    into
        T_JOB
        (JOB_ID, BATCH_ID, JOB_STATUS, PI) 
    values
        (null, ?, ?, ?)
14:11:41,142 DEBUG SQL:104 - 
    UPDATE
        T_JOB 
    SET
        JOB_STATUS = 1
14:11:41,142 DEBUG SQL:104 - 
    select
        job0_.JOB_ID as JOB1_0_0_,
        job0_.BATCH_ID as BATCH2_0_0_,
        job0_.JOB_STATUS as JOB3_0_0_,
        job0_.PI as PI0_0_ 
    from
        T_JOB job0_ 
    where
        job0_.JOB_ID=?
14:11:41,143 DEBUG SQL:104 - 
    select
        job0_.JOB_ID as JOB1_0_0_,
        job0_.BATCH_ID as BATCH2_0_0_,
        job0_.JOB_STATUS as JOB3_0_0_,
        job0_.PI as PI0_0_ 
    from
        T_JOB job0_ 
    where
        job0_.JOB_ID=?
14:11:41,144 DEBUG SQL:104 - 
    select
        jobbatch0_.BATCH_ID as BATCH1_1_1_,
        jobbatch0_.BATCH_DATE as BATCH2_1_1_,
        jobs1_.BATCH_ID as BATCH2_1_3_,
        jobs1_.JOB_ID as JOB1_0_3_,
        jobs1_.JOB_ID as JOB1_0_0_,
        jobs1_.BATCH_ID as BATCH2_0_0_,
        jobs1_.JOB_STATUS as JOB3_0_0_,
        jobs1_.PI as PI0_0_ 
    from
        T_JOB_BATCH jobbatch0_ 
    left outer join
        T_JOB jobs1_ 
            on jobbatch0_.BATCH_ID=jobs1_.BATCH_ID 
    where
        jobbatch0_.BATCH_ID=?
14:11:41,145  INFO SchemaExport:343 - HHH000227: Running hbm2ddl schema export
14:11:41,147 DEBUG SchemaExport:353 - Import file not found: /import.sql
14:11:41,147 DEBUG SQL:104 - 
    alter table T_JOB 
        drop constraint FK4CC0532EA32320D
14:11:41,147 DEBUG SQL:104 - 
    drop table T_JOB if exists
14:11:41,147 DEBUG SQL:104 - 
    drop table T_JOB_BATCH if exists
14:11:41,148  INFO SchemaExport:405 - HHH000230: Schema export complete
14:11:41,148  INFO DriverManagerConnectionProviderImpl:162 - HHH000030: Cleaning up connection pool [jdbc:h2:mem:db1;DB_CLOSE_DELAY=-1;MVCC=TRUE]
]]></system-out>
  <system-err><![CDATA[]]></system-err>
</testsuite>
