<?xml version="1.0" encoding="UTF-8"?>
<testsuite errors="0" failures="0" hostname="dhcp-10.15.208.168.stl.redhat.com" name="org.hibernate.test.annotations.onetomany.OrderByTest" tests="6" time="0.312" timestamp="2013-02-28T20:10:39">
  <properties />
  <testcase classname="org.hibernate.test.annotations.onetomany.OrderByTest" name="testAnnotationNullsFirstLast" time="0.055" />
  <testcase classname="org.hibernate.test.annotations.onetomany.OrderByTest" name="testCriteriaNullsFirstLast" time="0.02" />
  <testcase classname="org.hibernate.test.annotations.onetomany.OrderByTest" name="testHqlNullsFirstLast" time="0.024" />
  <testcase classname="org.hibernate.test.annotations.onetomany.OrderByTest" name="testNullsFirstLastSpawnMultipleColumns" time="0.05" />
  <testcase classname="org.hibernate.test.annotations.onetomany.OrderByTest" name="testOrderByOnIdClassProperties" time="0.017" />
  <testcase classname="org.hibernate.test.annotations.onetomany.OrderByTest" name="testOrderByReferencingFormulaColumn" time="0.051" />
  <system-out><![CDATA[14:10:39,840  INFO CustomRunner:132 - BeforeClass: org.hibernate.test.annotations.onetomany.OrderByTest
14:10:39,858  WARN RootClass:288 - HHH000038: Composite-id class does not override equals(): org.hibernate.test.annotations.onetomany.OrderID
14:10:39,858  WARN RootClass:289 - HHH000039: Composite-id class does not override hashCode(): org.hibernate.test.annotations.onetomany.OrderID
14:10:39,858  WARN RootClass:288 - HHH000038: Composite-id class does not override equals(): org.hibernate.test.annotations.onetomany.OrderItemID
14:10:39,858  WARN RootClass:289 - HHH000039: Composite-id class does not override hashCode(): org.hibernate.test.annotations.onetomany.OrderItemID
14:10:39,859  INFO DriverManagerConnectionProviderImpl:99 - HHH000402: Using Hibernate built-in connection pool (not for production use!)
14:10:39,859  INFO DriverManagerConnectionProviderImpl:135 - HHH000115: Hibernate connection pool size: 5
14:10:39,859  INFO DriverManagerConnectionProviderImpl:138 - HHH000006: Autocommit mode: false
14:10:39,859  INFO DriverManagerConnectionProviderImpl:153 - HHH000401: using driver [org.h2.Driver] at URL [jdbc:h2:mem:db1;DB_CLOSE_DELAY=-1;MVCC=TRUE]
14:10:39,859  INFO DriverManagerConnectionProviderImpl:158 - HHH000046: Connection properties: {user=sa}
14:10:39,860  INFO Dialect:103 - HHH000400: Using dialect: org.hibernate.dialect.H2Dialect
14:10:39,861  INFO LobCreatorBuilder:94 - HHH000423: Disabling contextual LOB creation as JDBC driver reported JDBC version [3] less than 4
14:10:39,861  INFO TransactionFactoryInitiator:66 - HHH000399: Using default transaction strategy (direct JDBC transactions)
14:10:39,861  INFO ASTQueryTranslatorFactory:48 - HHH000397: Using ASTQueryTranslatorFactory
14:10:39,862  WARN CachingRegionFactory:58 - CachingRegionFactory should be only used for testing.
14:10:39,893  INFO SchemaExport:343 - HHH000227: Running hbm2ddl schema export
14:10:39,893 DEBUG SchemaExport:353 - Import file not found: /import.sql
14:10:39,894 DEBUG SQL:104 - 
    alter table Item 
        drop constraint FK22EF334B0FB14C
14:10:39,894 ERROR SchemaExport:425 - HHH000389: Unsuccessful: alter table Item drop constraint FK22EF334B0FB14C
14:10:39,894 ERROR SchemaExport:426 - Table "ITEM" not found; SQL statement:

    alter table Item 
        drop constraint FK22EF334B0FB14C [42102-145]
14:10:39,894 DEBUG SQL:104 - 
    alter table Monkey 
        drop constraint FK89B4F7F3740042EC
14:10:39,894 ERROR SchemaExport:425 - HHH000389: Unsuccessful: alter table Monkey drop constraint FK89B4F7F3740042EC
14:10:39,894 ERROR SchemaExport:426 - Table "MONKEY" not found; SQL statement:

    alter table Monkey 
        drop constraint FK89B4F7F3740042EC [42102-145]
14:10:39,894 DEBUG SQL:104 - 
    alter table OrderItem_tbl 
        drop constraint FKE26295E08C394157
14:10:39,895 ERROR SchemaExport:425 - HHH000389: Unsuccessful: alter table OrderItem_tbl drop constraint FKE26295E08C394157
14:10:39,895 ERROR SchemaExport:426 - Table "ORDERITEM_TBL" not found; SQL statement:

    alter table OrderItem_tbl 
        drop constraint FKE26295E08C394157 [42102-145]
14:10:39,895 DEBUG SQL:104 - 
    alter table Tiger 
        drop constraint FK4D1009F740042EC
14:10:39,895 ERROR SchemaExport:425 - HHH000389: Unsuccessful: alter table Tiger drop constraint FK4D1009F740042EC
14:10:39,895 ERROR SchemaExport:426 - Table "TIGER" not found; SQL statement:

    alter table Tiger 
        drop constraint FK4D1009F740042EC [42102-145]
14:10:39,895 DEBUG SQL:104 - 
    alter table Visitor 
        drop constraint FK7F0ACC4E740042EC
14:10:39,895 ERROR SchemaExport:425 - HHH000389: Unsuccessful: alter table Visitor drop constraint FK7F0ACC4E740042EC
14:10:39,895 ERROR SchemaExport:426 - Table "VISITOR" not found; SQL statement:

    alter table Visitor 
        drop constraint FK7F0ACC4E740042EC [42102-145]
14:10:39,896 DEBUG SQL:104 - 
    drop table Box if exists
14:10:39,896 DEBUG SQL:104 - 
    drop table Item if exists
14:10:39,896 DEBUG SQL:104 - 
    drop table Monkey if exists
14:10:39,896 DEBUG SQL:104 - 
    drop table OrderItem_tbl if exists
14:10:39,896 DEBUG SQL:104 - 
    drop table Order_tbl if exists
14:10:39,896 DEBUG SQL:104 - 
    drop table Tiger if exists
14:10:39,896 DEBUG SQL:104 - 
    drop table Visitor if exists
14:10:39,896 DEBUG SQL:104 - 
    drop table Zoo if exists
14:10:39,897 DEBUG SQL:104 - 
    drop sequence hibernate_sequence
14:10:39,897 ERROR SchemaExport:425 - HHH000389: Unsuccessful: drop sequence hibernate_sequence
14:10:39,897 ERROR SchemaExport:426 - Sequence "HIBERNATE_SEQUENCE" not found; SQL statement:

    drop sequence hibernate_sequence [90036-145]
14:10:39,897 DEBUG SQL:104 - 
    create table Box (
        id integer not null,
        primary key (id)
    )
14:10:39,897 DEBUG SQL:104 - 
    create table Item (
        id integer not null,
        code varchar(255),
        box_id integer,
        primary key (id)
    )
14:10:39,898 DEBUG SQL:104 - 
    create table Monkey (
        id integer not null,
        name varchar(255),
        zoo_id bigint,
        primary key (id)
    )
14:10:39,898 DEBUG SQL:104 - 
    create table OrderItem_tbl (
        Academic_Yr integer not null,
        Day_No integer not null,
        School_Id varchar(255) not null,
        Day_Name varchar(255),
        primary key (Academic_Yr, Day_No, School_Id)
    )
14:10:39,898 DEBUG SQL:104 - 
    create table Order_tbl (
        Academic_Yr integer not null,
        School_Id varchar(255) not null,
        schoolIdSort integer,
        primary key (Academic_Yr, School_Id)
    )
14:10:39,898 DEBUG SQL:104 - 
    create table Tiger (
        id integer not null,
        name varchar(255),
        zoo_id bigint,
        primary key (id)
    )
14:10:39,899 DEBUG SQL:104 - 
    create table Visitor (
        id bigint not null,
        firstName varchar(255),
        lastName varchar(255),
        zoo_id bigint,
        primary key (id)
    )
14:10:39,899 DEBUG SQL:104 - 
    create table Zoo (
        id bigint not null,
        name varchar(255),
        primary key (id)
    )
14:10:39,899 DEBUG SQL:104 - 
    alter table Item 
        add constraint FK22EF334B0FB14C 
        foreign key (box_id) 
        references Box
14:10:39,900 DEBUG SQL:104 - 
    alter table Monkey 
        add constraint FK89B4F7F3740042EC 
        foreign key (zoo_id) 
        references Zoo
14:10:39,900 DEBUG SQL:104 - 
    alter table OrderItem_tbl 
        add constraint FKE26295E08C394157 
        foreign key (Academic_Yr, School_Id) 
        references Order_tbl
14:10:39,901 DEBUG SQL:104 - 
    alter table Tiger 
        add constraint FK4D1009F740042EC 
        foreign key (zoo_id) 
        references Zoo
14:10:39,902 DEBUG SQL:104 - 
    alter table Visitor 
        add constraint FK7F0ACC4E740042EC 
        foreign key (zoo_id) 
        references Zoo
14:10:39,902 DEBUG SQL:104 - 
    create sequence hibernate_sequence start with 1 increment by 1
14:10:39,902  INFO SchemaExport:405 - HHH000230: Schema export complete
14:10:39,903  WARN SessionFactoryImpl:1554 - HHH000008: JTASessionContext being used with JDBCTransactionFactory; auto-flush will not operate correctly with getCurrentSession()
14:10:39,908  INFO CustomRunner:139 - Test: testAnnotationNullsFirstLast
14:10:39,909 DEBUG SQL:104 - 
    call next value for hibernate_sequence
14:10:39,910 DEBUG SQL:104 - 
    call next value for hibernate_sequence
14:10:39,910 DEBUG SQL:104 - 
    call next value for hibernate_sequence
14:10:39,911 DEBUG SQL:104 - 
    call next value for hibernate_sequence
14:10:39,911 DEBUG SQL:104 - 
    call next value for hibernate_sequence
14:10:39,912 DEBUG SQL:104 - 
    insert 
    into
        Zoo
        (name, id) 
    values
        (?, ?)
14:10:39,912 DEBUG SQL:104 - 
    insert 
    into
        Tiger
        (name, id) 
    values
        (?, ?)
14:10:39,913 DEBUG SQL:104 - 
    insert 
    into
        Tiger
        (name, id) 
    values
        (?, ?)
14:10:39,913 DEBUG SQL:104 - 
    insert 
    into
        Monkey
        (name, id) 
    values
        (?, ?)
14:10:39,914 DEBUG SQL:104 - 
    insert 
    into
        Monkey
        (name, id) 
    values
        (?, ?)
14:10:39,931 DEBUG SQL:104 - 
    update
        Monkey 
    set
        zoo_id=? 
    where
        id=?
14:10:39,931 DEBUG SQL:104 - 
    update
        Monkey 
    set
        zoo_id=? 
    where
        id=?
14:10:39,931 DEBUG SQL:104 - 
    update
        Tiger 
    set
        zoo_id=? 
    where
        id=?
14:10:39,932 DEBUG SQL:104 - 
    update
        Tiger 
    set
        zoo_id=? 
    where
        id=?
14:10:39,933 DEBUG SQL:104 - 
    select
        zoo0_.id as id7_0_,
        zoo0_.name as name7_0_ 
    from
        Zoo zoo0_ 
    where
        zoo0_.id=?
14:10:39,941 DEBUG SQL:104 - 
    select
        tigers0_.zoo_id as zoo3_7_1_,
        tigers0_.id as id5_1_,
        tigers0_.id as id5_0_,
        tigers0_.name as name5_0_ 
    from
        Tiger tigers0_ 
    where
        tigers0_.zoo_id=? 
    order by
        tigers0_.name asc nulls last
14:10:39,942 DEBUG SQL:104 - 
    select
        monkeys0_.zoo_id as zoo3_7_1_,
        monkeys0_.id as id2_1_,
        monkeys0_.id as id2_0_,
        monkeys0_.name as name2_0_ 
    from
        Monkey monkeys0_ 
    where
        monkeys0_.zoo_id=? 
    order by
        monkeys0_.name asc nulls last
14:10:39,953 DEBUG SQL:104 - 
    update
        Monkey 
    set
        zoo_id=null 
    where
        zoo_id=?
14:10:39,954 DEBUG SQL:104 - 
    update
        Tiger 
    set
        zoo_id=null 
    where
        zoo_id=?
14:10:39,954 DEBUG SQL:104 - 
    update
        Visitor 
    set
        zoo_id=null 
    where
        zoo_id=?
14:10:39,954 DEBUG SQL:104 - 
    delete 
    from
        Tiger 
    where
        id=?
14:10:39,955 DEBUG SQL:104 - 
    delete 
    from
        Tiger 
    where
        id=?
14:10:39,963 DEBUG SQL:104 - 
    delete 
    from
        Monkey 
    where
        id=?
14:10:39,963 DEBUG SQL:104 - 
    delete 
    from
        Monkey 
    where
        id=?
14:10:39,963 DEBUG SQL:104 - 
    delete 
    from
        Zoo 
    where
        id=?
14:10:39,964  INFO CustomRunner:139 - Test: testCriteriaNullsFirstLast
14:10:39,965 DEBUG SQL:104 - 
    call next value for hibernate_sequence
14:10:39,965 DEBUG SQL:104 - 
    call next value for hibernate_sequence
14:10:39,966 DEBUG SQL:104 - 
    insert 
    into
        Zoo
        (name, id) 
    values
        (?, ?)
14:10:39,974 DEBUG SQL:104 - 
    insert 
    into
        Zoo
        (name, id) 
    values
        (?, ?)
14:10:39,975 DEBUG SQL:104 - 
    select
        this_.id as id7_0_,
        this_.name as name7_0_ 
    from
        Zoo this_ 
    order by
        this_.name asc nulls last
14:10:39,976 DEBUG SQL:104 - 
    delete 
    from
        Zoo 
    where
        id=?
14:10:39,977 DEBUG SQL:104 - 
    delete 
    from
        Zoo 
    where
        id=?
14:10:39,984  INFO CustomRunner:139 - Test: testHqlNullsFirstLast
14:10:39,985 DEBUG SQL:104 - 
    call next value for hibernate_sequence
14:10:39,986 DEBUG SQL:104 - 
    call next value for hibernate_sequence
14:10:39,986 DEBUG SQL:104 - 
    insert 
    into
        Zoo
        (name, id) 
    values
        (?, ?)
14:10:39,987 DEBUG SQL:104 - 
    insert 
    into
        Zoo
        (name, id) 
    values
        (?, ?)
14:10:39,987 DEBUG QueryTranslatorImpl:265 - parse() - HQL: from org.hibernate.test.annotations.onetomany.Zoo z order by z.name nulls lAsT
14:10:39,989 DEBUG QueryTranslatorImpl:283 - --- HQL AST ---
 \-[QUERY] Node: 'query'
    +-[SELECT_FROM] Node: 'SELECT_FROM'
    |  \-[FROM] Node: 'from'
    |     \-[RANGE] Node: 'RANGE'
    |        +-[DOT] Node: '.'
    |        |  +-[DOT] Node: '.'
    |        |  |  +-[DOT] Node: '.'
    |        |  |  |  +-[DOT] Node: '.'
    |        |  |  |  |  +-[DOT] Node: '.'
    |        |  |  |  |  |  +-[IDENT] Node: 'org'
    |        |  |  |  |  |  \-[IDENT] Node: 'hibernate'
    |        |  |  |  |  \-[IDENT] Node: 'test'
    |        |  |  |  \-[IDENT] Node: 'annotations'
    |        |  |  \-[IDENT] Node: 'onetomany'
    |        |  \-[IDENT] Node: 'Zoo'
    |        \-[ALIAS] Node: 'z'
    \-[ORDER] Node: 'order'
       +-[DOT] Node: '.'
       |  +-[IDENT] Node: 'z'
       |  \-[IDENT] Node: 'name'
       +-[NULLS] Node: 'nulls'
       \-[LAST] Node: 'lAsT'

14:10:39,996 DEBUG ErrorCounter:82 - throwQueryException() : no errors
14:10:39,996 DEBUG FromElement:157 - FromClause{level=1} : org.hibernate.test.annotations.onetomany.Zoo (z) -> zoo0_
14:10:39,996 DEBUG FromReferenceNode:74 - Resolved : z -> zoo0_.id
14:10:39,996 DEBUG DotNode:599 - getDataType() : name -> org.hibernate.type.StringType@2dc8de40
14:10:39,996 DEBUG FromReferenceNode:74 - Resolved : z.name -> zoo0_.name
14:10:39,996 DEBUG HqlSqlWalker:629 - processQuery() :  ( SELECT ( FromClause{level=1} Zoo zoo0_ ) ( order ( zoo0_.name zoo0_.id name ) nulls lAsT ) )
14:10:39,997 DEBUG HqlSqlWalker:869 - Derived SELECT clause created.
14:10:39,997 DEBUG JoinProcessor:175 - Using FROM fragment [Zoo zoo0_]
14:10:39,997 DEBUG QueryTranslatorImpl:252 - --- SQL AST ---
 \-[SELECT] QueryNode: 'SELECT'  querySpaces (Zoo)
    +-[SELECT_CLAUSE] SelectClause: '{derived select clause}'
    |  +-[SELECT_EXPR] SelectExpressionImpl: 'zoo0_.id as id7_' {FromElement{explicit,not a collection join,not a fetch join,fetch non-lazy properties,classAlias=z,role=null,tableName=Zoo,tableAlias=zoo0_,origin=null,columns={,className=org.hibernate.test.annotations.onetomany.Zoo}}}
    |  \-[SQL_TOKEN] SqlFragment: 'zoo0_.name as name7_'
    +-[FROM] FromClause: 'from' FromClause{level=1, fromElementCounter=1, fromElements=1, fromElementByClassAlias=[z], fromElementByTableAlias=[zoo0_], fromElementsByPath=[], collectionJoinFromElementsByPath=[], impliedElements=[]}
    |  \-[FROM_FRAGMENT] FromElement: 'Zoo zoo0_' FromElement{explicit,not a collection join,not a fetch join,fetch non-lazy properties,classAlias=z,role=null,tableName=Zoo,tableAlias=zoo0_,origin=null,columns={,className=org.hibernate.test.annotations.onetomany.Zoo}}
    \-[ORDER] OrderByClause: 'order'
       +-[DOT] DotNode: 'zoo0_.name' {propertyName=name,dereferenceType=ALL,propertyPath=name,path=z.name,tableAlias=zoo0_,className=org.hibernate.test.annotations.onetomany.Zoo,classAlias=z}
       |  +-[ALIAS_REF] IdentNode: 'zoo0_.id' {alias=z, className=org.hibernate.test.annotations.onetomany.Zoo, tableAlias=zoo0_}
       |  \-[IDENT] IdentNode: 'name' {originalText=name}
       +-[NULLS] SqlNode: 'nulls'
       \-[LAST] SqlNode: 'lAsT'

14:10:39,997 DEBUG ErrorCounter:82 - throwQueryException() : no errors
14:10:39,997 DEBUG QueryTranslatorImpl:235 - HQL: from org.hibernate.test.annotations.onetomany.Zoo z order by z.name nulls lAsT
14:10:39,997 DEBUG QueryTranslatorImpl:236 - SQL: select zoo0_.id as id7_, zoo0_.name as name7_ from Zoo zoo0_ order by zoo0_.name nulls last
14:10:39,997 DEBUG ErrorCounter:82 - throwQueryException() : no errors
14:10:39,998 DEBUG SQL:104 - 
    select
        zoo0_.id as id7_,
        zoo0_.name as name7_ 
    from
        Zoo zoo0_ 
    order by
        zoo0_.name nulls last
14:10:39,999 DEBUG SQL:104 - 
    delete 
    from
        Zoo 
    where
        id=?
14:10:40,008 DEBUG SQL:104 - 
    delete 
    from
        Zoo 
    where
        id=?
14:10:40,009  INFO CustomRunner:139 - Test: testNullsFirstLastSpawnMultipleColumns
14:10:40,010 DEBUG SQL:104 - 
    call next value for hibernate_sequence
14:10:40,010 DEBUG SQL:104 - 
    call next value for hibernate_sequence
14:10:40,011 DEBUG SQL:104 - 
    call next value for hibernate_sequence
14:10:40,011 DEBUG SQL:104 - 
    call next value for hibernate_sequence
14:10:40,011 DEBUG SQL:104 - 
    insert 
    into
        Zoo
        (name, id) 
    values
        (?, ?)
14:10:40,012 DEBUG SQL:104 - 
    insert 
    into
        Visitor
        (firstName, lastName, id) 
    values
        (?, ?, ?)
14:10:40,018 DEBUG SQL:104 - 
    insert 
    into
        Visitor
        (firstName, lastName, id) 
    values
        (?, ?, ?)
14:10:40,019 DEBUG SQL:104 - 
    insert 
    into
        Visitor
        (firstName, lastName, id) 
    values
        (?, ?, ?)
14:10:40,020 DEBUG SQL:104 - 
    update
        Visitor 
    set
        zoo_id=? 
    where
        id=?
14:10:40,020 DEBUG SQL:104 - 
    update
        Visitor 
    set
        zoo_id=? 
    where
        id=?
14:10:40,020 DEBUG SQL:104 - 
    update
        Visitor 
    set
        zoo_id=? 
    where
        id=?
14:10:40,021 DEBUG SQL:104 - 
    select
        zoo0_.id as id7_0_,
        zoo0_.name as name7_0_ 
    from
        Zoo zoo0_ 
    where
        zoo0_.id=?
14:10:40,043 DEBUG SQL:104 - 
    select
        visitors0_.zoo_id as zoo4_7_1_,
        visitors0_.id as id6_1_,
        visitors0_.id as id6_0_,
        visitors0_.firstName as firstName6_0_,
        visitors0_.lastName as lastName6_0_ 
    from
        Visitor visitors0_ 
    where
        visitors0_.zoo_id=? 
    order by
        visitors0_.lastName desc nulls last,
        visitors0_.firstName asc nulls last
14:10:40,045 DEBUG SQL:104 - 
    update
        Monkey 
    set
        zoo_id=null 
    where
        zoo_id=?
14:10:40,045 DEBUG SQL:104 - 
    update
        Tiger 
    set
        zoo_id=null 
    where
        zoo_id=?
14:10:40,048 DEBUG SQL:104 - 
    update
        Visitor 
    set
        zoo_id=null 
    where
        zoo_id=?
14:10:40,056 DEBUG SQL:104 - 
    delete 
    from
        Visitor 
    where
        id=?
14:10:40,057 DEBUG SQL:104 - 
    delete 
    from
        Visitor 
    where
        id=?
14:10:40,057 DEBUG SQL:104 - 
    delete 
    from
        Visitor 
    where
        id=?
14:10:40,058 DEBUG SQL:104 - 
    delete 
    from
        Zoo 
    where
        id=?
14:10:40,059  INFO CustomRunner:139 - Test: testOrderByOnIdClassProperties
14:10:40,072 DEBUG SQL:104 - 
    insert 
    into
        Order_tbl
        (schoolIdSort, Academic_Yr, School_Id) 
    values
        (?, ?, ?)
14:10:40,074 DEBUG SQL:104 - 
    insert 
    into
        OrderItem_tbl
        (Day_Name, Academic_Yr, Day_No, School_Id) 
    values
        (?, ?, ?, ?)
14:10:40,074 DEBUG SQL:104 - 
    insert 
    into
        OrderItem_tbl
        (Day_Name, Academic_Yr, Day_No, School_Id) 
    values
        (?, ?, ?, ?)
14:10:40,074 DEBUG SQL:104 - 
    select
        order0_.Academic_Yr as Academic1_4_0_,
        order0_.School_Id as School2_4_0_,
        order0_.schoolIdSort as schoolId3_4_0_ 
    from
        Order_tbl order0_ 
    where
        order0_.Academic_Yr=? 
        and order0_.School_Id=?
14:10:40,086 DEBUG SQL:104 - 
    select
        itemlist0_.Academic_Yr as Academic1_4_1_,
        itemlist0_.School_Id as School3_4_1_,
        itemlist0_.Academic_Yr as Academic1_3_1_,
        itemlist0_.Day_No as Day2_3_1_,
        itemlist0_.School_Id as School3_3_1_,
        itemlist0_.Academic_Yr as Academic1_3_0_,
        itemlist0_.Day_No as Day2_3_0_,
        itemlist0_.School_Id as School3_3_0_,
        itemlist0_.Day_Name as Day4_3_0_ 
    from
        OrderItem_tbl itemlist0_ 
    where
        itemlist0_.Academic_Yr=? 
        and itemlist0_.School_Id=? 
    order by
        itemlist0_.Day_No desc
14:10:40,088  INFO CustomRunner:139 - Test: testOrderByReferencingFormulaColumn
14:10:40,089 DEBUG SQL:104 - 
    insert 
    into
        Box
        (id) 
    values
        (?)
14:10:40,097 DEBUG SQL:104 - 
    insert 
    into
        Item
        (box_id, code, id) 
    values
        (?, ?, ?)
14:10:40,098 DEBUG SQL:104 - 
    insert 
    into
        Item
        (box_id, code, id) 
    values
        (?, ?, ?)
14:10:40,098 DEBUG SQL:104 - 
    insert 
    into
        Item
        (box_id, code, id) 
    values
        (?, ?, ?)
14:10:40,099 DEBUG SQL:104 - 
    select
        item0_.id as id1_0_,
        item0_.box_id as box3_1_0_,
        item0_.code as code1_0_,
        ( SELECT
            LENGTH( item0_.code ) 
        FROM
            DUAL ) as formula34_0_ 
    from
        Item item0_ 
    where
        item0_.id=?
14:10:40,100 DEBUG SQL:104 - 
    select
        item0_.id as id1_0_,
        item0_.box_id as box3_1_0_,
        item0_.code as code1_0_,
        ( SELECT
            LENGTH( item0_.code ) 
        FROM
            DUAL ) as formula34_0_ 
    from
        Item item0_ 
    where
        item0_.id=?
14:10:40,102 DEBUG SQL:104 - 
    select
        item0_.id as id1_0_,
        item0_.box_id as box3_1_0_,
        item0_.code as code1_0_,
        ( SELECT
            LENGTH( item0_.code ) 
        FROM
            DUAL ) as formula34_0_ 
    from
        Item item0_ 
    where
        item0_.id=?
14:10:40,103 DEBUG SQL:104 - 
    select
        box0_.id as id0_0_ 
    from
        Box box0_ 
    where
        box0_.id=?
14:10:40,104 DEBUG SQL:104 - 
    select
        items0_.box_id as box3_0_1_,
        items0_.id as id1_1_,
        items0_.id as id1_0_,
        items0_.box_id as box3_1_0_,
        items0_.code as code1_0_,
        ( SELECT
            LENGTH( items0_.code ) 
        FROM
            DUAL ) as formula34_0_ 
    from
        Item items0_ 
    where
        items0_.box_id=? 
    order by
        ( SELECT
            LENGTH( items0_.code ) 
        FROM
            DUAL ) desc,
        items0_.code
14:10:40,124 DEBUG SQL:104 - 
    select
        item_.id,
        item_.box_id as box3_1_,
        item_.code as code1_ 
    from
        Item item_ 
    where
        item_.id=?
14:10:40,125 DEBUG SQL:104 - 
    select
        box_.id 
    from
        Box box_ 
    where
        box_.id=?
14:10:40,126 DEBUG SQL:104 - 
    select
        item_.id,
        item_.box_id as box3_1_,
        item_.code as code1_ 
    from
        Item item_ 
    where
        item_.id=?
14:10:40,126 DEBUG SQL:104 - 
    select
        item_.id,
        item_.box_id as box3_1_,
        item_.code as code1_ 
    from
        Item item_ 
    where
        item_.id=?
14:10:40,127 DEBUG SQL:104 - 
    delete 
    from
        Item 
    where
        id=?
14:10:40,127 DEBUG SQL:104 - 
    delete 
    from
        Item 
    where
        id=?
14:10:40,127 DEBUG SQL:104 - 
    delete 
    from
        Item 
    where
        id=?
14:10:40,138 DEBUG SQL:104 - 
    delete 
    from
        Box 
    where
        id=?
14:10:40,139  INFO SchemaExport:343 - HHH000227: Running hbm2ddl schema export
14:10:40,140 DEBUG SchemaExport:353 - Import file not found: /import.sql
14:10:40,140 DEBUG SQL:104 - 
    alter table Item 
        drop constraint FK22EF334B0FB14C
14:10:40,140 DEBUG SQL:104 - 
    alter table Monkey 
        drop constraint FK89B4F7F3740042EC
14:10:40,140 DEBUG SQL:104 - 
    alter table OrderItem_tbl 
        drop constraint FKE26295E08C394157
14:10:40,140 DEBUG SQL:104 - 
    alter table Tiger 
        drop constraint FK4D1009F740042EC
14:10:40,141 DEBUG SQL:104 - 
    alter table Visitor 
        drop constraint FK7F0ACC4E740042EC
14:10:40,141 DEBUG SQL:104 - 
    drop table Box if exists
14:10:40,148 DEBUG SQL:104 - 
    drop table Item if exists
14:10:40,149 DEBUG SQL:104 - 
    drop table Monkey if exists
14:10:40,149 DEBUG SQL:104 - 
    drop table OrderItem_tbl if exists
14:10:40,149 DEBUG SQL:104 - 
    drop table Order_tbl if exists
14:10:40,149 DEBUG SQL:104 - 
    drop table Tiger if exists
14:10:40,149 DEBUG SQL:104 - 
    drop table Visitor if exists
14:10:40,150 DEBUG SQL:104 - 
    drop table Zoo if exists
14:10:40,150 DEBUG SQL:104 - 
    drop sequence hibernate_sequence
14:10:40,150  INFO SchemaExport:405 - HHH000230: Schema export complete
14:10:40,150  INFO DriverManagerConnectionProviderImpl:162 - HHH000030: Cleaning up connection pool [jdbc:h2:mem:db1;DB_CLOSE_DELAY=-1;MVCC=TRUE]
]]></system-out>
  <system-err><![CDATA[]]></system-err>
</testsuite>
