<?xml version="1.0" encoding="UTF-8"?>
<testsuite errors="0" failures="0" hostname="dhcp-10.15.208.168.stl.redhat.com" name="org.hibernate.test.annotations.inheritance.mixed.SubclassTest" tests="1" time="0.137" timestamp="2013-02-28T20:10:32">
  <properties />
  <testcase classname="org.hibernate.test.annotations.inheritance.mixed.SubclassTest" name="testDefault" time="0.039" />
  <system-out><![CDATA[14:10:32,714  INFO CustomRunner:132 - BeforeClass: org.hibernate.test.annotations.inheritance.mixed.SubclassTest
14:10:32,717  WARN AnnotationBinder:601 - HHH000139: Illegal use of @Table in a subclass of a SINGLE_TABLE hierarchy: org.hibernate.test.annotations.inheritance.mixed.Document
14:10:32,719  INFO DriverManagerConnectionProviderImpl:99 - HHH000402: Using Hibernate built-in connection pool (not for production use!)
14:10:32,719  INFO DriverManagerConnectionProviderImpl:135 - HHH000115: Hibernate connection pool size: 5
14:10:32,719  INFO DriverManagerConnectionProviderImpl:138 - HHH000006: Autocommit mode: false
14:10:32,719  INFO DriverManagerConnectionProviderImpl:153 - HHH000401: using driver [org.h2.Driver] at URL [jdbc:h2:mem:db1;DB_CLOSE_DELAY=-1;MVCC=TRUE]
14:10:32,719  INFO DriverManagerConnectionProviderImpl:158 - HHH000046: Connection properties: {user=sa}
14:10:32,720  INFO Dialect:103 - HHH000400: Using dialect: org.hibernate.dialect.H2Dialect
14:10:32,721  INFO LobCreatorBuilder:94 - HHH000423: Disabling contextual LOB creation as JDBC driver reported JDBC version [3] less than 4
14:10:32,721  INFO TransactionFactoryInitiator:66 - HHH000399: Using default transaction strategy (direct JDBC transactions)
14:10:32,721  INFO ASTQueryTranslatorFactory:48 - HHH000397: Using ASTQueryTranslatorFactory
14:10:32,722  WARN CachingRegionFactory:58 - CachingRegionFactory should be only used for testing.
14:10:32,738  INFO SchemaExport:343 - HHH000227: Running hbm2ddl schema export
14:10:32,739 DEBUG SchemaExport:353 - Import file not found: /import.sql
14:10:32,739 DEBUG SQL:104 - 
    alter table DocumentMixed 
        drop constraint FK8D1E7380F37F18BD
14:10:32,739 ERROR SchemaExport:425 - HHH000389: Unsuccessful: alter table DocumentMixed drop constraint FK8D1E7380F37F18BD
14:10:32,739 ERROR SchemaExport:426 - Table "DOCUMENTMIXED" not found; SQL statement:

    alter table DocumentMixed 
        drop constraint FK8D1E7380F37F18BD [42102-145]
14:10:32,739 DEBUG SQL:104 - 
    alter table FileFolderMixed 
        drop constraint FK475578F1E37A4845
14:10:32,740 ERROR SchemaExport:425 - HHH000389: Unsuccessful: alter table FileFolderMixed drop constraint FK475578F1E37A4845
14:10:32,740 ERROR SchemaExport:426 - Table "FILEFOLDERMIXED" not found; SQL statement:

    alter table FileFolderMixed 
        drop constraint FK475578F1E37A4845 [42102-145]
14:10:32,743 DEBUG SQL:104 - 
    alter table FileFolderMixed 
        drop constraint FK475578F1BCFA609E
14:10:32,743 ERROR SchemaExport:425 - HHH000389: Unsuccessful: alter table FileFolderMixed drop constraint FK475578F1BCFA609E
14:10:32,744 ERROR SchemaExport:426 - Table "FILEFOLDERMIXED" not found; SQL statement:

    alter table FileFolderMixed 
        drop constraint FK475578F1BCFA609E [42102-145]
14:10:32,744 DEBUG SQL:104 - 
    alter table SymbolicLinkMixed 
        drop constraint FKC7ECE36F4083FA8C
14:10:32,744 ERROR SchemaExport:425 - HHH000389: Unsuccessful: alter table SymbolicLinkMixed drop constraint FKC7ECE36F4083FA8C
14:10:32,744 ERROR SchemaExport:426 - Table "SYMBOLICLINKMIXED" not found; SQL statement:

    alter table SymbolicLinkMixed 
        drop constraint FKC7ECE36F4083FA8C [42102-145]
14:10:32,754 DEBUG SQL:104 - 
    alter table SymbolicLinkMixed 
        drop constraint FKC7ECE36F121CDBEE
14:10:32,755 ERROR SchemaExport:425 - HHH000389: Unsuccessful: alter table SymbolicLinkMixed drop constraint FKC7ECE36F121CDBEE
14:10:32,755 ERROR SchemaExport:426 - Table "SYMBOLICLINKMIXED" not found; SQL statement:

    alter table SymbolicLinkMixed 
        drop constraint FKC7ECE36F121CDBEE [42102-145]
14:10:32,755 DEBUG SQL:104 - 
    drop table DocumentMixed if exists
14:10:32,756 DEBUG SQL:104 - 
    drop table FileFolderMixed if exists
14:10:32,756 DEBUG SQL:104 - 
    drop table FileMixed if exists
14:10:32,756 DEBUG SQL:104 - 
    drop table SymbolicLinkMixed if exists
14:10:32,756 DEBUG SQL:104 - 
    create table DocumentMixed (
        doc_size integer not null,
        name varchar(255) not null,
        primary key (name)
    )
14:10:32,756 DEBUG SQL:104 - 
    create table FileFolderMixed (
        parent_name varchar(255),
        name varchar(255) not null,
        primary key (name)
    )
14:10:32,757 DEBUG SQL:104 - 
    create table FileMixed (
        DTYPE varchar(1) not null,
        name varchar(255) not null,
        primary key (name)
    )
14:10:32,769 DEBUG SQL:104 - 
    create table SymbolicLinkMixed (
        target_name varchar(255) not null,
        name varchar(255) not null,
        primary key (name)
    )
14:10:32,773 DEBUG SQL:104 - 
    alter table DocumentMixed 
        add constraint FK8D1E7380F37F18BD 
        foreign key (name) 
        references FileMixed
14:10:32,774 DEBUG SQL:104 - 
    alter table FileFolderMixed 
        add constraint FK475578F1E37A4845 
        foreign key (parent_name) 
        references FileMixed
14:10:32,775 DEBUG SQL:104 - 
    alter table FileFolderMixed 
        add constraint FK475578F1BCFA609E 
        foreign key (name) 
        references FileMixed
14:10:32,775 DEBUG SQL:104 - 
    alter table SymbolicLinkMixed 
        add constraint FKC7ECE36F4083FA8C 
        foreign key (target_name) 
        references FileMixed
14:10:32,787 DEBUG SQL:104 - 
    alter table SymbolicLinkMixed 
        add constraint FKC7ECE36F121CDBEE 
        foreign key (name) 
        references FileMixed
14:10:32,788  INFO SchemaExport:405 - HHH000230: Schema export complete
14:10:32,788  WARN SessionFactoryImpl:1554 - HHH000008: JTASessionContext being used with JDBCTransactionFactory; auto-flush will not operate correctly with getCurrentSession()
14:10:32,789  INFO CustomRunner:139 - Test: testDefault
14:10:32,802 DEBUG SQL:104 - 
    insert 
    into
        FileMixed
        (DTYPE, name) 
    values
        ('D', ?)
14:10:32,803 DEBUG SQL:104 - 
    insert 
    into
        DocumentMixed
        (doc_size, name) 
    values
        (?, ?)
14:10:32,804 DEBUG SQL:104 - 
    insert 
    into
        FileMixed
        (DTYPE, name) 
    values
        ('F', ?)
14:10:32,805 DEBUG SQL:104 - 
    select
        this_.name as name2_2_,
        this_1_.parent_name as parent1_1_2_,
        this_2_.doc_size as doc1_0_2_,
        this_3_.target_name as target1_3_2_,
        this_.DTYPE as DTYPE2_2_,
        folder2_.name as name2_0_,
        folder2_1_.parent_name as parent1_1_0_,
        file3_.name as name2_1_,
        file3_1_.parent_name as parent1_1_1_,
        file3_2_.doc_size as doc1_0_1_,
        file3_3_.target_name as target1_3_1_,
        file3_.DTYPE as DTYPE2_1_ 
    from
        FileMixed this_ 
    left outer join
        FileFolderMixed this_1_ 
            on this_.name=this_1_.name 
    left outer join
        DocumentMixed this_2_ 
            on this_.name=this_2_.name 
    left outer join
        SymbolicLinkMixed this_3_ 
            on this_.name=this_3_.name 
    left outer join
        FileMixed folder2_ 
            on this_1_.parent_name=folder2_.name 
    left outer join
        FileFolderMixed folder2_1_ 
            on folder2_.name=folder2_1_.name 
    left outer join
        FileMixed file3_ 
            on this_3_.target_name=file3_.name 
    left outer join
        FileFolderMixed file3_1_ 
            on file3_.name=file3_1_.name 
    left outer join
        DocumentMixed file3_2_ 
            on file3_.name=file3_2_.name 
    left outer join
        SymbolicLinkMixed file3_3_ 
            on file3_.name=file3_3_.name
14:10:32,806 DEBUG SQL:104 - 
    delete 
    from
        DocumentMixed 
    where
        name=?
14:10:32,807 DEBUG SQL:104 - 
    delete 
    from
        FileFolderMixed 
    where
        name=?
14:10:32,807 DEBUG SQL:104 - 
    delete 
    from
        FileMixed 
    where
        name=?
14:10:32,827 DEBUG SQL:104 - 
    delete 
    from
        FileFolderMixed 
    where
        name=?
14:10:32,828 DEBUG SQL:104 - 
    delete 
    from
        FileMixed 
    where
        name=?
14:10:32,829  INFO SchemaExport:343 - HHH000227: Running hbm2ddl schema export
14:10:32,829 DEBUG SchemaExport:353 - Import file not found: /import.sql
14:10:32,829 DEBUG SQL:104 - 
    alter table DocumentMixed 
        drop constraint FK8D1E7380F37F18BD
14:10:32,829 DEBUG SQL:104 - 
    alter table FileFolderMixed 
        drop constraint FK475578F1E37A4845
14:10:32,830 DEBUG SQL:104 - 
    alter table FileFolderMixed 
        drop constraint FK475578F1BCFA609E
14:10:32,830 DEBUG SQL:104 - 
    alter table SymbolicLinkMixed 
        drop constraint FKC7ECE36F4083FA8C
14:10:32,830 DEBUG SQL:104 - 
    alter table SymbolicLinkMixed 
        drop constraint FKC7ECE36F121CDBEE
14:10:32,844 DEBUG SQL:104 - 
    drop table DocumentMixed if exists
14:10:32,845 DEBUG SQL:104 - 
    drop table FileFolderMixed if exists
14:10:32,848 DEBUG SQL:104 - 
    drop table FileMixed if exists
14:10:32,849 DEBUG SQL:104 - 
    drop table SymbolicLinkMixed if exists
14:10:32,849  INFO SchemaExport:405 - HHH000230: Schema export complete
14:10:32,849  INFO DriverManagerConnectionProviderImpl:162 - HHH000030: Cleaning up connection pool [jdbc:h2:mem:db1;DB_CLOSE_DELAY=-1;MVCC=TRUE]
]]></system-out>
  <system-err><![CDATA[]]></system-err>
</testsuite>
