<?xml version="1.0" encoding="UTF-8"?>
<testsuite errors="0" failures="0" hostname="dhcp-10.15.208.168.stl.redhat.com" name="org.hibernate.test.event.collection.detached.DetachedMultipleCollectionChangeTest" tests="1" time="0.131" timestamp="2013-02-28T20:12:24">
  <properties />
  <testcase classname="org.hibernate.test.event.collection.detached.DetachedMultipleCollectionChangeTest" name="testMergeMultipleCollectionChangeEvents" time="0.086" />
  <system-out><![CDATA[14:12:24,960  INFO CustomRunner:132 - BeforeClass: org.hibernate.test.event.collection.detached.DetachedMultipleCollectionChangeTest
14:12:24,962  INFO Configuration:706 - HHH000221: Reading mappings from resource: org/hibernate/test/event/collection/detached/MultipleCollectionBagMapping.hbm.xml
14:12:24,970  INFO DriverManagerConnectionProviderImpl:99 - HHH000402: Using Hibernate built-in connection pool (not for production use!)
14:12:24,971  INFO DriverManagerConnectionProviderImpl:135 - HHH000115: Hibernate connection pool size: 5
14:12:24,971  INFO DriverManagerConnectionProviderImpl:138 - HHH000006: Autocommit mode: false
14:12:24,971  INFO DriverManagerConnectionProviderImpl:153 - HHH000401: using driver [org.h2.Driver] at URL [jdbc:h2:mem:db1;DB_CLOSE_DELAY=-1;MVCC=TRUE]
14:12:24,971  INFO DriverManagerConnectionProviderImpl:158 - HHH000046: Connection properties: {user=sa}
14:12:24,972  INFO Dialect:103 - HHH000400: Using dialect: org.hibernate.dialect.H2Dialect
14:12:24,973  INFO LobCreatorBuilder:94 - HHH000423: Disabling contextual LOB creation as JDBC driver reported JDBC version [3] less than 4
14:12:24,973  INFO TransactionFactoryInitiator:66 - HHH000399: Using default transaction strategy (direct JDBC transactions)
14:12:24,973  INFO ASTQueryTranslatorFactory:48 - HHH000397: Using ASTQueryTranslatorFactory
14:12:24,974  WARN CachingRegionFactory:58 - CachingRegionFactory should be only used for testing.
14:12:24,992  INFO SchemaExport:343 - HHH000227: Running hbm2ddl schema export
14:12:24,993 DEBUG SchemaExport:353 - Import file not found: /import.sql
14:12:24,993 DEBUG SQL:104 - 
    alter table CHILD1 
        drop constraint FK766DA2B5A87F6E77
14:12:24,993 ERROR SchemaExport:425 - HHH000389: Unsuccessful: alter table CHILD1 drop constraint FK766DA2B5A87F6E77
14:12:24,994 ERROR SchemaExport:426 - Table "CHILD1" not found; SQL statement:

    alter table CHILD1 
        drop constraint FK766DA2B5A87F6E77 [42102-145]
14:12:24,994 DEBUG SQL:104 - 
    alter table CHILD2 
        drop constraint FK766DA2B6A87F6E77
14:12:24,994 ERROR SchemaExport:425 - HHH000389: Unsuccessful: alter table CHILD2 drop constraint FK766DA2B6A87F6E77
14:12:24,994 ERROR SchemaExport:426 - Table "CHILD2" not found; SQL statement:

    alter table CHILD2 
        drop constraint FK766DA2B6A87F6E77 [42102-145]
14:12:24,994 DEBUG SQL:104 - 
    drop table CHILD1 if exists
14:12:24,994 DEBUG SQL:104 - 
    drop table CHILD2 if exists
14:12:24,994 DEBUG SQL:104 - 
    drop table PARENT if exists
14:12:24,995 DEBUG SQL:104 - 
    create table CHILD1 (
        ID bigint generated by default as identity,
        TEXT varchar(255),
        parent_id bigint,
        primary key (ID)
    )
14:12:24,995 DEBUG SQL:104 - 
    create table CHILD2 (
        ID bigint generated by default as identity,
        TEXT varchar(255),
        parent_id bigint,
        primary key (ID)
    )
14:12:24,996 DEBUG SQL:104 - 
    create table PARENT (
        ID bigint generated by default as identity,
        TEXT varchar(255),
        primary key (ID)
    )
14:12:24,996 DEBUG SQL:104 - 
    alter table CHILD1 
        add constraint FK766DA2B5A87F6E77 
        foreign key (parent_id) 
        references PARENT
14:12:24,997 DEBUG SQL:104 - 
    alter table CHILD2 
        add constraint FK766DA2B6A87F6E77 
        foreign key (parent_id) 
        references PARENT
14:12:24,997  INFO SchemaExport:405 - HHH000230: Schema export complete
14:12:24,998  WARN SessionFactoryImpl:1554 - HHH000008: JTASessionContext being used with JDBCTransactionFactory; auto-flush will not operate correctly with getCurrentSession()
14:12:24,998  INFO CustomRunner:139 - Test: testMergeMultipleCollectionChangeEvents
14:12:25,004 DEBUG SQL:104 - 
    insert 
    into
        PARENT
        (ID, TEXT) 
    values
        (null, ?)
14:12:25,005 DEBUG SQL:104 - 
    select
        multipleco0_.ID as ID2_1_,
        multipleco0_.TEXT as TEXT2_1_,
        refentitie1_.parent_id as parent3_2_3_,
        refentitie1_.ID as ID0_3_,
        refentitie1_.ID as ID0_0_,
        refentitie1_.TEXT as TEXT0_0_,
        refentitie1_.parent_id as parent3_0_0_ 
    from
        PARENT multipleco0_ 
    left outer join
        CHILD1 refentitie1_ 
            on multipleco0_.ID=refentitie1_.parent_id 
    where
        multipleco0_.ID=?
14:12:25,007 DEBUG SQL:104 - 
    insert 
    into
        CHILD1
        (ID, TEXT, parent_id) 
    values
        (null, ?, ?)
14:12:25,008 DEBUG SQL:104 - 
    insert 
    into
        CHILD1
        (ID, TEXT, parent_id) 
    values
        (null, ?, ?)
14:12:25,008 DEBUG SQL:104 - 
    select
        refentitie0_.parent_id as parent3_2_1_,
        refentitie0_.ID as ID1_1_,
        refentitie0_.ID as ID1_0_,
        refentitie0_.TEXT as TEXT1_0_,
        refentitie0_.parent_id as parent3_1_0_ 
    from
        CHILD2 refentitie0_ 
    where
        refentitie0_.parent_id=?
14:12:25,009 DEBUG SQL:104 - 
    select
        multipleco0_.ID as ID2_1_,
        multipleco0_.TEXT as TEXT2_1_,
        refentitie1_.parent_id as parent3_2_3_,
        refentitie1_.ID as ID0_3_,
        refentitie1_.ID as ID0_0_,
        refentitie1_.TEXT as TEXT0_0_,
        refentitie1_.parent_id as parent3_0_0_ 
    from
        PARENT multipleco0_ 
    left outer join
        CHILD1 refentitie1_ 
            on multipleco0_.ID=refentitie1_.parent_id 
    where
        multipleco0_.ID=?
14:12:25,012 DEBUG SQL:104 - 
    insert 
    into
        CHILD2
        (ID, TEXT, parent_id) 
    values
        (null, ?, ?)
14:12:25,012 DEBUG SQL:104 - 
    insert 
    into
        CHILD2
        (ID, TEXT, parent_id) 
    values
        (null, ?, ?)
14:12:25,013 DEBUG SQL:104 - 
    select
        refentitie0_.parent_id as parent3_2_1_,
        refentitie0_.ID as ID1_1_,
        refentitie0_.ID as ID1_0_,
        refentitie0_.TEXT as TEXT1_0_,
        refentitie0_.parent_id as parent3_1_0_ 
    from
        CHILD2 refentitie0_ 
    where
        refentitie0_.parent_id=?
14:12:25,019 DEBUG SQL:104 - 
    select
        multipleco0_.ID as ID2_1_,
        multipleco0_.TEXT as TEXT2_1_,
        refentitie1_.parent_id as parent3_2_3_,
        refentitie1_.ID as ID0_3_,
        refentitie1_.ID as ID0_0_,
        refentitie1_.TEXT as TEXT0_0_,
        refentitie1_.parent_id as parent3_0_0_ 
    from
        PARENT multipleco0_ 
    left outer join
        CHILD1 refentitie1_ 
            on multipleco0_.ID=refentitie1_.parent_id 
    where
        multipleco0_.ID=?
14:12:25,022 DEBUG SQL:104 - 
    insert 
    into
        CHILD1
        (ID, TEXT, parent_id) 
    values
        (null, ?, ?)
14:12:25,023 DEBUG SQL:104 - 
    select
        multipleco0_.ID as ID1_0_,
        multipleco0_.TEXT as TEXT1_0_,
        multipleco0_.parent_id as parent3_1_0_ 
    from
        CHILD2 multipleco0_ 
    where
        multipleco0_.ID=?
14:12:25,028 DEBUG SQL:104 - 
    select
        multipleco0_.ID as ID1_0_,
        multipleco0_.TEXT as TEXT1_0_,
        multipleco0_.parent_id as parent3_1_0_ 
    from
        CHILD2 multipleco0_ 
    where
        multipleco0_.ID=?
14:12:25,030 DEBUG SQL:104 - 
    select
        refentitie0_.parent_id as parent3_2_1_,
        refentitie0_.ID as ID1_1_,
        refentitie0_.ID as ID1_0_,
        refentitie0_.TEXT as TEXT1_0_,
        refentitie0_.parent_id as parent3_1_0_ 
    from
        CHILD2 refentitie0_ 
    where
        refentitie0_.parent_id=?
14:12:25,032 DEBUG SQL:104 - 
    delete 
    from
        CHILD1 
    where
        ID=?
14:12:25,038 DEBUG SQL:104 - 
    select
        multipleco0_.ID as ID2_1_,
        multipleco0_.TEXT as TEXT2_1_,
        refentitie1_.parent_id as parent3_2_3_,
        refentitie1_.ID as ID0_3_,
        refentitie1_.ID as ID0_0_,
        refentitie1_.TEXT as TEXT0_0_,
        refentitie1_.parent_id as parent3_0_0_ 
    from
        PARENT multipleco0_ 
    left outer join
        CHILD1 refentitie1_ 
            on multipleco0_.ID=refentitie1_.parent_id 
    where
        multipleco0_.ID=?
14:12:25,043 DEBUG SQL:104 - 
    select
        multipleco0_.ID as ID1_0_,
        multipleco0_.TEXT as TEXT1_0_,
        multipleco0_.parent_id as parent3_1_0_ 
    from
        CHILD2 multipleco0_ 
    where
        multipleco0_.ID=?
14:12:25,045 DEBUG SQL:104 - 
    insert 
    into
        CHILD2
        (ID, TEXT, parent_id) 
    values
        (null, ?, ?)
14:12:25,046 DEBUG SQL:104 - 
    select
        refentitie0_.parent_id as parent3_2_1_,
        refentitie0_.ID as ID1_1_,
        refentitie0_.ID as ID1_0_,
        refentitie0_.TEXT as TEXT1_0_,
        refentitie0_.parent_id as parent3_1_0_ 
    from
        CHILD2 refentitie0_ 
    where
        refentitie0_.parent_id=?
14:12:25,046 DEBUG SQL:104 - 
    delete 
    from
        CHILD2 
    where
        ID=?
14:12:25,047 DEBUG QueryTranslatorImpl:265 - parse() - HQL: delete org.hibernate.test.event.collection.detached.MultipleCollectionRefEntity1
14:12:25,048 DEBUG QueryTranslatorImpl:283 - --- HQL AST ---
 \-[DELETE] Node: 'delete'
    \-[FROM] Node: 'FROM'
       \-[RANGE] Node: 'RANGE'
          \-[DOT] Node: '.'
             +-[DOT] Node: '.'
             |  +-[DOT] Node: '.'
             |  |  +-[DOT] Node: '.'
             |  |  |  +-[DOT] Node: '.'
             |  |  |  |  +-[DOT] Node: '.'
             |  |  |  |  |  +-[IDENT] Node: 'org'
             |  |  |  |  |  \-[IDENT] Node: 'hibernate'
             |  |  |  |  \-[IDENT] Node: 'test'
             |  |  |  \-[IDENT] Node: 'event'
             |  |  \-[IDENT] Node: 'collection'
             |  \-[IDENT] Node: 'detached'
             \-[IDENT] Node: 'MultipleCollectionRefEntity1'

14:12:25,051 DEBUG ErrorCounter:82 - throwQueryException() : no errors
14:12:25,051 DEBUG FromElement:157 - FromClause{level=1} : org.hibernate.test.event.collection.detached.MultipleCollectionRefEntity1 (<no alias>) -> multipleco0_
14:12:25,051 DEBUG QueryTranslatorImpl:252 - --- SQL AST ---
 \-[DELETE] DeleteStatement: 'delete'  querySpaces (CHILD1)
    \-[FROM] FromClause: 'FROM' FromClause{level=1, fromElementCounter=1, fromElements=1, fromElementByClassAlias=[], fromElementByTableAlias=[multipleco0_], fromElementsByPath=[], collectionJoinFromElementsByPath=[], impliedElements=[]}
       \-[FROM_FRAGMENT] FromElement: 'CHILD1' FromElement{explicit,not a collection join,not a fetch join,fetch non-lazy properties,classAlias=null,role=null,tableName=CHILD1,tableAlias=multipleco0_,origin=null,columns={,className=org.hibernate.test.event.collection.detached.MultipleCollectionRefEntity1}}

14:12:25,052 DEBUG ErrorCounter:82 - throwQueryException() : no errors
14:12:25,052 DEBUG ErrorCounter:82 - throwQueryException() : no errors
14:12:25,052 DEBUG SQL:104 - 
    delete 
    from
        CHILD1
14:12:25,053 DEBUG QueryTranslatorImpl:265 - parse() - HQL: delete org.hibernate.test.event.collection.detached.MultipleCollectionRefEntity2
14:12:25,054 DEBUG QueryTranslatorImpl:283 - --- HQL AST ---
 \-[DELETE] Node: 'delete'
    \-[FROM] Node: 'FROM'
       \-[RANGE] Node: 'RANGE'
          \-[DOT] Node: '.'
             +-[DOT] Node: '.'
             |  +-[DOT] Node: '.'
             |  |  +-[DOT] Node: '.'
             |  |  |  +-[DOT] Node: '.'
             |  |  |  |  +-[DOT] Node: '.'
             |  |  |  |  |  +-[IDENT] Node: 'org'
             |  |  |  |  |  \-[IDENT] Node: 'hibernate'
             |  |  |  |  \-[IDENT] Node: 'test'
             |  |  |  \-[IDENT] Node: 'event'
             |  |  \-[IDENT] Node: 'collection'
             |  \-[IDENT] Node: 'detached'
             \-[IDENT] Node: 'MultipleCollectionRefEntity2'

14:12:25,060 DEBUG ErrorCounter:82 - throwQueryException() : no errors
14:12:25,061 DEBUG FromElement:157 - FromClause{level=1} : org.hibernate.test.event.collection.detached.MultipleCollectionRefEntity2 (<no alias>) -> multipleco0_
14:12:25,061 DEBUG QueryTranslatorImpl:252 - --- SQL AST ---
 \-[DELETE] DeleteStatement: 'delete'  querySpaces (CHILD2)
    \-[FROM] FromClause: 'FROM' FromClause{level=1, fromElementCounter=1, fromElements=1, fromElementByClassAlias=[], fromElementByTableAlias=[multipleco0_], fromElementsByPath=[], collectionJoinFromElementsByPath=[], impliedElements=[]}
       \-[FROM_FRAGMENT] FromElement: 'CHILD2' FromElement{explicit,not a collection join,not a fetch join,fetch non-lazy properties,classAlias=null,role=null,tableName=CHILD2,tableAlias=multipleco0_,origin=null,columns={,className=org.hibernate.test.event.collection.detached.MultipleCollectionRefEntity2}}

14:12:25,062 DEBUG ErrorCounter:82 - throwQueryException() : no errors
14:12:25,062 DEBUG ErrorCounter:82 - throwQueryException() : no errors
14:12:25,062 DEBUG SQL:104 - 
    delete 
    from
        CHILD2
14:12:25,063 DEBUG QueryTranslatorImpl:265 - parse() - HQL: delete org.hibernate.test.event.collection.detached.MultipleCollectionEntity
14:12:25,064 DEBUG QueryTranslatorImpl:283 - --- HQL AST ---
 \-[DELETE] Node: 'delete'
    \-[FROM] Node: 'FROM'
       \-[RANGE] Node: 'RANGE'
          \-[DOT] Node: '.'
             +-[DOT] Node: '.'
             |  +-[DOT] Node: '.'
             |  |  +-[DOT] Node: '.'
             |  |  |  +-[DOT] Node: '.'
             |  |  |  |  +-[DOT] Node: '.'
             |  |  |  |  |  +-[IDENT] Node: 'org'
             |  |  |  |  |  \-[IDENT] Node: 'hibernate'
             |  |  |  |  \-[IDENT] Node: 'test'
             |  |  |  \-[IDENT] Node: 'event'
             |  |  \-[IDENT] Node: 'collection'
             |  \-[IDENT] Node: 'detached'
             \-[IDENT] Node: 'MultipleCollectionEntity'

14:12:25,065 DEBUG ErrorCounter:82 - throwQueryException() : no errors
14:12:25,065 DEBUG FromElement:157 - FromClause{level=1} : org.hibernate.test.event.collection.detached.MultipleCollectionEntity (<no alias>) -> multipleco0_
14:12:25,081 DEBUG QueryTranslatorImpl:252 - --- SQL AST ---
 \-[DELETE] DeleteStatement: 'delete'  querySpaces (PARENT)
    \-[FROM] FromClause: 'FROM' FromClause{level=1, fromElementCounter=1, fromElements=1, fromElementByClassAlias=[], fromElementByTableAlias=[multipleco0_], fromElementsByPath=[], collectionJoinFromElementsByPath=[], impliedElements=[]}
       \-[FROM_FRAGMENT] FromElement: 'PARENT' FromElement{explicit,not a collection join,not a fetch join,fetch non-lazy properties,classAlias=null,role=null,tableName=PARENT,tableAlias=multipleco0_,origin=null,columns={,className=org.hibernate.test.event.collection.detached.MultipleCollectionEntity}}

14:12:25,082 DEBUG ErrorCounter:82 - throwQueryException() : no errors
14:12:25,082 DEBUG ErrorCounter:82 - throwQueryException() : no errors
14:12:25,082 DEBUG SQL:104 - 
    delete 
    from
        PARENT
14:12:25,084  INFO SchemaExport:343 - HHH000227: Running hbm2ddl schema export
14:12:25,085 DEBUG SchemaExport:353 - Import file not found: /import.sql
14:12:25,085 DEBUG SQL:104 - 
    alter table CHILD1 
        drop constraint FK766DA2B5A87F6E77
14:12:25,086 DEBUG SQL:104 - 
    alter table CHILD2 
        drop constraint FK766DA2B6A87F6E77
14:12:25,086 DEBUG SQL:104 - 
    drop table CHILD1 if exists
14:12:25,086 DEBUG SQL:104 - 
    drop table CHILD2 if exists
14:12:25,086 DEBUG SQL:104 - 
    drop table PARENT if exists
14:12:25,087  INFO SchemaExport:405 - HHH000230: Schema export complete
14:12:25,087  INFO DriverManagerConnectionProviderImpl:162 - HHH000030: Cleaning up connection pool [jdbc:h2:mem:db1;DB_CLOSE_DELAY=-1;MVCC=TRUE]
]]></system-out>
  <system-err><![CDATA[]]></system-err>
</testsuite>
