<?xml version="1.0" encoding="UTF-8"?>
<testsuite errors="0" failures="0" hostname="dhcp-10.15.208.168.stl.redhat.com" name="org.hibernate.test.mixed.MixedTest" tests="1" time="0.063" timestamp="2013-02-28T20:17:30">
  <properties />
  <testcase classname="org.hibernate.test.mixed.MixedTest" name="testMixedInheritance" time="0.012" />
  <system-out><![CDATA[14:17:30,468  INFO CustomRunner:132 - BeforeClass: org.hibernate.test.mixed.MixedTest
14:17:30,470  INFO Configuration:706 - HHH000221: Reading mappings from resource: org/hibernate/test/mixed/Item.hbm.xml
14:17:30,479  INFO DriverManagerConnectionProviderImpl:99 - HHH000402: Using Hibernate built-in connection pool (not for production use!)
14:17:30,479  INFO DriverManagerConnectionProviderImpl:135 - HHH000115: Hibernate connection pool size: 5
14:17:30,479  INFO DriverManagerConnectionProviderImpl:138 - HHH000006: Autocommit mode: false
14:17:30,479  INFO DriverManagerConnectionProviderImpl:153 - HHH000401: using driver [org.h2.Driver] at URL [jdbc:h2:mem:db1;DB_CLOSE_DELAY=-1;MVCC=TRUE]
14:17:30,479  INFO DriverManagerConnectionProviderImpl:158 - HHH000046: Connection properties: {user=sa}
14:17:30,480  INFO Dialect:103 - HHH000400: Using dialect: org.hibernate.dialect.H2Dialect
14:17:30,481  INFO LobCreatorBuilder:94 - HHH000423: Disabling contextual LOB creation as JDBC driver reported JDBC version [3] less than 4
14:17:30,483  INFO TransactionFactoryInitiator:66 - HHH000399: Using default transaction strategy (direct JDBC transactions)
14:17:30,483  INFO ASTQueryTranslatorFactory:48 - HHH000397: Using ASTQueryTranslatorFactory
14:17:30,483  WARN CachingRegionFactory:58 - CachingRegionFactory should be only used for testing.
14:17:30,494  INFO SchemaExport:343 - HHH000227: Running hbm2ddl schema export
14:17:30,495 DEBUG SchemaExport:353 - Import file not found: /import.sql
14:17:30,495 DEBUG SQL:104 - 
    alter table Files 
        drop constraint FK40BCA57FC2AB7CA
14:17:30,496 ERROR SchemaExport:425 - HHH000389: Unsuccessful: alter table Files drop constraint FK40BCA57FC2AB7CA
14:17:30,496 ERROR SchemaExport:426 - Table "FILES" not found; SQL statement:

    alter table Files 
        drop constraint FK40BCA57FC2AB7CA [42102-145]
14:17:30,496 DEBUG SQL:104 - 
    alter table SecureDocument 
        drop constraint FKD9BDF5D21A4C8AD1
14:17:30,497 ERROR SchemaExport:425 - HHH000389: Unsuccessful: alter table SecureDocument drop constraint FKD9BDF5D21A4C8AD1
14:17:30,497 ERROR SchemaExport:426 - Table "SECUREDOCUMENT" not found; SQL statement:

    alter table SecureDocument 
        drop constraint FKD9BDF5D21A4C8AD1 [42102-145]
14:17:30,497 DEBUG SQL:104 - 
    drop table Files if exists
14:17:30,498 DEBUG SQL:104 - 
    drop table SecureDocument if exists
14:17:30,498 DEBUG SQL:104 - 
    create table Files (
        id bigint generated by default as identity,
        itemType char(255) not null,
        name varchar(255) not null,
        parentFolderId bigint,
        content blob,
        modified timestamp,
        created timestamp,
        primary key (id)
    )
14:17:30,498 DEBUG SQL:104 - 
    create table SecureDocument (
        documentId bigint not null,
        permissionBits tinyint not null,
        owner varchar(255) not null,
        primary key (documentId)
    )
14:17:30,499 DEBUG SQL:104 - 
    alter table Files 
        add constraint FK40BCA57FC2AB7CA 
        foreign key (parentFolderId) 
        references Files
14:17:30,499 DEBUG SQL:104 - 
    alter table SecureDocument 
        add constraint FKD9BDF5D21A4C8AD1 
        foreign key (documentId) 
        references Files
14:17:30,499  INFO SchemaExport:405 - HHH000230: Schema export complete
14:17:30,500  WARN SessionFactoryImpl:1554 - HHH000008: JTASessionContext being used with JDBCTransactionFactory; auto-flush will not operate correctly with getCurrentSession()
14:17:30,500  INFO CustomRunner:139 - Test: testMixedInheritance
14:17:30,502 DEBUG SQL:104 - 
    insert 
    into
        Files
        (id, name, parentFolderId, itemType) 
    values
        (null, ?, ?, 'F')
14:17:30,503 DEBUG SQL:104 - 
    insert 
    into
        Files
        (id, name, parentFolderId, content, modified, created, itemType) 
    values
        (null, ?, ?, ?, ?, ?, 'D')
14:17:30,503 DEBUG SQL:104 - 
    insert 
    into
        Files
        (id, name, parentFolderId, content, modified, created, itemType) 
    values
        (null, ?, ?, ?, ?, ?, 'S')
14:17:30,504 DEBUG SQL:104 - 
    insert 
    into
        SecureDocument
        (permissionBits, owner, documentId) 
    values
        (?, ?, ?)
14:17:30,504 DEBUG SQL:104 - 
    select
        item0_.id as id0_0_,
        item0_.name as name0_0_,
        item0_.parentFolderId as parentFo4_0_0_,
        item0_.content as content0_0_,
        item0_.modified as modified0_0_,
        item0_.created as created0_0_,
        item0_1_.permissionBits as permissi2_1_0_,
        item0_1_.owner as owner1_0_,
        item0_.itemType as itemType0_0_ 
    from
        Files item0_ 
    left outer join
        SecureDocument item0_1_ 
            on item0_.id=item0_1_.documentId 
    where
        item0_.id=?
14:17:30,505 DEBUG SQL:104 - 
    select
        folder0_.id as id0_0_,
        folder0_.name as name0_0_,
        folder0_.parentFolderId as parentFo4_0_0_ 
    from
        Files folder0_ 
    where
        folder0_.id=? 
        and folder0_.itemType='F'
14:17:30,506 DEBUG SQL:104 - 
    select
        item0_.id as id0_0_,
        item0_.name as name0_0_,
        item0_.parentFolderId as parentFo4_0_0_,
        item0_.content as content0_0_,
        item0_.modified as modified0_0_,
        item0_.created as created0_0_,
        item0_1_.permissionBits as permissi2_1_0_,
        item0_1_.owner as owner1_0_,
        item0_.itemType as itemType0_0_ 
    from
        Files item0_ 
    left outer join
        SecureDocument item0_1_ 
            on item0_.id=item0_1_.documentId 
    where
        item0_.id=?
14:17:30,506  WARN StatefulPersistenceContext:716 - HHH000179: Narrowing proxy to class org.hibernate.test.mixed.SecureDocument - this operation breaks ==
14:17:30,507 DEBUG SQL:104 - 
    update
        Files 
    set
        name=?,
        modified=? 
    where
        id=?
14:17:30,507 DEBUG SQL:104 - 
    update
        Files 
    set
        modified=? 
    where
        id=?
14:17:30,507 DEBUG SQL:104 - 
    update
        SecureDocument 
    set
        owner=? 
    where
        documentId=?
14:17:30,508 DEBUG SQL:104 - 
    select
        document0_.id as id0_0_,
        document0_.name as name0_0_,
        document0_.parentFolderId as parentFo4_0_0_,
        document0_.content as content0_0_,
        document0_.modified as modified0_0_,
        document0_.created as created0_0_,
        document0_1_.permissionBits as permissi2_1_0_,
        document0_1_.owner as owner1_0_,
        document0_.itemType as itemType0_0_ 
    from
        Files document0_ 
    left outer join
        SecureDocument document0_1_ 
            on document0_.id=document0_1_.documentId 
    where
        document0_.id=? 
        and document0_.itemType in (
            'D', 'S'
        )
14:17:30,508 DEBUG SQL:104 - 
    select
        folder0_.id as id0_0_,
        folder0_.name as name0_0_,
        folder0_.parentFolderId as parentFo4_0_0_ 
    from
        Files folder0_ 
    where
        folder0_.id=? 
        and folder0_.itemType='F'
14:17:30,509 DEBUG SQL:104 - 
    select
        securedocu0_.id as id0_0_,
        securedocu0_.name as name0_0_,
        securedocu0_.parentFolderId as parentFo4_0_0_,
        securedocu0_.content as content0_0_,
        securedocu0_.modified as modified0_0_,
        securedocu0_.created as created0_0_,
        securedocu0_1_.permissionBits as permissi2_1_0_,
        securedocu0_1_.owner as owner1_0_ 
    from
        Files securedocu0_ 
    inner join
        SecureDocument securedocu0_1_ 
            on securedocu0_.id=securedocu0_1_.documentId 
    where
        securedocu0_.id=? 
        and securedocu0_.itemType='S'
14:17:30,510 DEBUG SQL:104 - 
    update
        Files 
    set
        parentFolderId=?,
        modified=? 
    where
        id=?
14:17:30,510 DEBUG SQL:104 - 
    update
        Files 
    set
        parentFolderId=?,
        modified=? 
    where
        id=?
14:17:30,510 DEBUG SQL:104 - 
    delete 
    from
        Files 
    where
        id=?
14:17:30,510 DEBUG SQL:104 - 
    delete 
    from
        Files 
    where
        id=?
14:17:30,511 DEBUG SQL:104 - 
    delete 
    from
        SecureDocument 
    where
        documentId=?
14:17:30,511 DEBUG SQL:104 - 
    delete 
    from
        Files 
    where
        id=?
14:17:30,512  INFO SchemaExport:343 - HHH000227: Running hbm2ddl schema export
14:17:30,512 DEBUG SchemaExport:353 - Import file not found: /import.sql
14:17:30,513 DEBUG SQL:104 - 
    alter table Files 
        drop constraint FK40BCA57FC2AB7CA
14:17:30,513 DEBUG SQL:104 - 
    alter table SecureDocument 
        drop constraint FKD9BDF5D21A4C8AD1
14:17:30,513 DEBUG SQL:104 - 
    drop table Files if exists
14:17:30,513 DEBUG SQL:104 - 
    drop table SecureDocument if exists
14:17:30,513  INFO SchemaExport:405 - HHH000230: Schema export complete
14:17:30,514  INFO DriverManagerConnectionProviderImpl:162 - HHH000030: Cleaning up connection pool [jdbc:h2:mem:db1;DB_CLOSE_DELAY=-1;MVCC=TRUE]
]]></system-out>
  <system-err><![CDATA[]]></system-err>
</testsuite>
