<?xml version="1.0" encoding="UTF-8"?>
<testsuite errors="0" failures="0" hostname="dhcp-10.15.208.168.stl.redhat.com" name="org.hibernate.test.naturalid.mutable.cached.CachedMutableNaturalIdNonStrictReadWriteTest" tests="4" time="0.165" timestamp="2013-02-28T20:17:31">
  <properties />
  <testcase classname="org.hibernate.test.naturalid.mutable.cached.CachedMutableNaturalIdNonStrictReadWriteTest" name="testNaturalIdChangeAfterResolveEntityFrom2LCache" time="0.006" />
  <testcase classname="org.hibernate.test.naturalid.mutable.cached.CachedMutableNaturalIdNonStrictReadWriteTest" name="testNaturalIdChangedWhileAttached" time="0.094" />
  <testcase classname="org.hibernate.test.naturalid.mutable.cached.CachedMutableNaturalIdNonStrictReadWriteTest" name="testNaturalIdChangedWhileDetached" time="0.006" />
  <testcase classname="org.hibernate.test.naturalid.mutable.cached.CachedMutableNaturalIdNonStrictReadWriteTest" name="testNaturalIdRecachingWhenNeeded" time="0.008" />
  <system-out><![CDATA[14:17:31,849  INFO CustomRunner:132 - BeforeClass: org.hibernate.test.naturalid.mutable.cached.CachedMutableNaturalIdNonStrictReadWriteTest
14:17:31,855  INFO DriverManagerConnectionProviderImpl:99 - HHH000402: Using Hibernate built-in connection pool (not for production use!)
14:17:31,856  INFO DriverManagerConnectionProviderImpl:135 - HHH000115: Hibernate connection pool size: 5
14:17:31,856  INFO DriverManagerConnectionProviderImpl:138 - HHH000006: Autocommit mode: false
14:17:31,856  INFO DriverManagerConnectionProviderImpl:153 - HHH000401: using driver [org.h2.Driver] at URL [jdbc:h2:mem:db1;DB_CLOSE_DELAY=-1;MVCC=TRUE]
14:17:31,856  INFO DriverManagerConnectionProviderImpl:158 - HHH000046: Connection properties: {user=sa}
14:17:31,857  INFO Dialect:103 - HHH000400: Using dialect: org.hibernate.dialect.H2Dialect
14:17:31,858  INFO LobCreatorBuilder:94 - HHH000423: Disabling contextual LOB creation as JDBC driver reported JDBC version [3] less than 4
14:17:31,858  INFO TransactionFactoryInitiator:66 - HHH000399: Using default transaction strategy (direct JDBC transactions)
14:17:31,859  INFO ASTQueryTranslatorFactory:48 - HHH000397: Using ASTQueryTranslatorFactory
14:17:31,859  WARN CachingRegionFactory:58 - CachingRegionFactory should be only used for testing.
14:17:31,889  INFO SchemaExport:343 - HHH000227: Running hbm2ddl schema export
14:17:31,890 DEBUG SchemaExport:353 - Import file not found: /import.sql
14:17:31,890 DEBUG SQL:104 - 
    drop table AllCached if exists
14:17:31,890 DEBUG SQL:104 - 
    drop table Another if exists
14:17:31,890 DEBUG SQL:104 - 
    create table AllCached (
        id integer not null,
        name varchar(255),
        primary key (id)
    )
14:17:31,890 DEBUG SQL:104 - 
    create table Another (
        id integer not null,
        name varchar(255),
        surname varchar(255),
        primary key (id)
    )
14:17:31,891 DEBUG SQL:104 - 
    alter table AllCached 
        add constraint _UniqueKey unique (name)
14:17:31,891 DEBUG SQL:104 - 
    alter table Another 
        add constraint _UniqueKey unique (name)
14:17:31,891 ERROR SchemaExport:425 - HHH000389: Unsuccessful: alter table Another add constraint _UniqueKey unique (name)
14:17:31,891 ERROR SchemaExport:426 - Constraint "_UNIQUEKEY" already exists; SQL statement:

    alter table Another 
        add constraint _UniqueKey unique (name) [90045-145]
14:17:31,892  INFO SchemaExport:405 - HHH000230: Schema export complete
14:17:31,892  WARN SessionFactoryImpl:1554 - HHH000008: JTASessionContext being used with JDBCTransactionFactory; auto-flush will not operate correctly with getCurrentSession()
14:17:31,892  INFO CustomRunner:139 - Test: testNaturalIdChangeAfterResolveEntityFrom2LCache
14:17:31,893 DEBUG SQL:104 - 
    select
        max(id) 
    from
        AllCached
14:17:31,894 DEBUG SQL:104 - 
    insert 
    into
        AllCached
        (name, id) 
    values
        (?, ?)
14:17:31,895 DEBUG BaseGeneralDataRegion:46 - Cache[hibernate.test.org.hibernate.test.naturalid.mutable.cached.AllCached] lookup : key[org.hibernate.test.naturalid.mutable.cached.AllCached#1]
14:17:31,895 DEBUG BaseGeneralDataRegion:59 - Caching[hibernate.test.org.hibernate.test.naturalid.mutable.cached.AllCached] : [org.hibernate.test.naturalid.mutable.cached.AllCached#1] -> [org.hibernate.testing.cache.AbstractReadWriteAccessStrategy$Item@175a763e]
14:17:31,895 DEBUG AbstractReadWriteAccessStrategy:34 - getting key[org.hibernate.test.naturalid.mutable.cached.AllCached#1] from region[hibernate.test.org.hibernate.test.naturalid.mutable.cached.AllCached]
14:17:31,895 DEBUG BaseGeneralDataRegion:46 - Cache[hibernate.test.org.hibernate.test.naturalid.mutable.cached.AllCached] lookup : key[org.hibernate.test.naturalid.mutable.cached.AllCached#1]
14:17:31,895 DEBUG BaseGeneralDataRegion:52 - Cache[hibernate.test.org.hibernate.test.naturalid.mutable.cached.AllCached] hit: org.hibernate.test.naturalid.mutable.cached.AllCached#1
14:17:31,895 DEBUG AbstractReadWriteAccessStrategy:41 - hit key[org.hibernate.test.naturalid.mutable.cached.AllCached#1] in region[hibernate.test.org.hibernate.test.naturalid.mutable.cached.AllCached]
14:17:31,895 DEBUG BaseGeneralDataRegion:46 - Cache[hibernate.test.org.hibernate.test.naturalid.mutable.cached.AllCached##NaturalId] lookup : key[org.hibernate.test.naturalid.mutable.cached.AllCached##NaturalId[it]]
14:17:31,896 DEBUG BaseRegionAccessStrategy:66 - Caching: org.hibernate.test.naturalid.mutable.cached.AllCached##NaturalId[it]
14:17:31,896 DEBUG BaseGeneralDataRegion:59 - Caching[hibernate.test.org.hibernate.test.naturalid.mutable.cached.AllCached##NaturalId] : [org.hibernate.test.naturalid.mutable.cached.AllCached##NaturalId[it]] -> [1]
14:17:31,896 DEBUG BaseGeneralDataRegion:69 - Evicting[hibernate.test.org.hibernate.test.naturalid.mutable.cached.AllCached##NaturalId]: org.hibernate.test.naturalid.mutable.cached.AllCached##NaturalId[it]
14:17:31,896 DEBUG BaseGeneralDataRegion:69 - Evicting[hibernate.test.org.hibernate.test.naturalid.mutable.cached.AllCached##NaturalId]: org.hibernate.test.naturalid.mutable.cached.AllCached##NaturalId[it]
14:17:31,896 DEBUG BaseGeneralDataRegion:69 - Evicting[hibernate.test.org.hibernate.test.naturalid.mutable.cached.AllCached##NaturalId]: org.hibernate.test.naturalid.mutable.cached.AllCached##NaturalId[it2]
14:17:31,896 DEBUG AbstractReadWriteAccessStrategy:93 - locking key[org.hibernate.test.naturalid.mutable.cached.AllCached#1] in region[hibernate.test.org.hibernate.test.naturalid.mutable.cached.AllCached]
14:17:31,896 DEBUG BaseGeneralDataRegion:46 - Cache[hibernate.test.org.hibernate.test.naturalid.mutable.cached.AllCached] lookup : key[org.hibernate.test.naturalid.mutable.cached.AllCached#1]
14:17:31,897 DEBUG BaseGeneralDataRegion:52 - Cache[hibernate.test.org.hibernate.test.naturalid.mutable.cached.AllCached] hit: org.hibernate.test.naturalid.mutable.cached.AllCached#1
14:17:31,897 DEBUG BaseGeneralDataRegion:59 - Caching[hibernate.test.org.hibernate.test.naturalid.mutable.cached.AllCached] : [org.hibernate.test.naturalid.mutable.cached.AllCached#1] -> [Lock Source-UUID:54b7e5a0-4697-4d94-ba2a-e3c7d1ba2c6a Lock-ID:0]
14:17:31,897 DEBUG SQL:104 - 
    delete 
    from
        AllCached 
    where
        id=?
14:17:31,897 DEBUG BaseGeneralDataRegion:69 - Evicting[hibernate.test.org.hibernate.test.naturalid.mutable.cached.AllCached##NaturalId]: org.hibernate.test.naturalid.mutable.cached.AllCached##NaturalId[it2]
14:17:31,897 DEBUG AbstractReadWriteAccessStrategy:116 - unlocking key[org.hibernate.test.naturalid.mutable.cached.AllCached#1] in region[hibernate.test.org.hibernate.test.naturalid.mutable.cached.AllCached]
14:17:31,897 DEBUG BaseGeneralDataRegion:46 - Cache[hibernate.test.org.hibernate.test.naturalid.mutable.cached.AllCached] lookup : key[org.hibernate.test.naturalid.mutable.cached.AllCached#1]
14:17:31,897 DEBUG BaseGeneralDataRegion:52 - Cache[hibernate.test.org.hibernate.test.naturalid.mutable.cached.AllCached] hit: org.hibernate.test.naturalid.mutable.cached.AllCached#1
14:17:31,898 DEBUG BaseGeneralDataRegion:59 - Caching[hibernate.test.org.hibernate.test.naturalid.mutable.cached.AllCached] : [org.hibernate.test.naturalid.mutable.cached.AllCached#1] -> [Lock Source-UUID:54b7e5a0-4697-4d94-ba2a-e3c7d1ba2c6a Lock-ID:0]
14:17:31,898  INFO CustomRunner:139 - Test: testNaturalIdChangedWhileAttached
14:17:31,899 DEBUG SQL:104 - 
    select
        max(id) 
    from
        Another
14:17:31,919 DEBUG SQL:104 - 
    insert 
    into
        Another
        (name, surname, id) 
    values
        (?, ?, ?)
14:17:31,920 DEBUG BaseGeneralDataRegion:46 - Cache[hibernate.test.org.hibernate.test.naturalid.mutable.cached.Another##NaturalId] lookup : key[org.hibernate.test.naturalid.mutable.cached.Another##NaturalId[it]]
14:17:31,921 DEBUG SQL:104 - 
    select
        another_.id as id1_ 
    from
        Another another_ 
    where
        another_.name=?
14:17:31,921 DEBUG BaseGeneralDataRegion:46 - Cache[hibernate.test.org.hibernate.test.naturalid.mutable.cached.Another##NaturalId] lookup : key[org.hibernate.test.naturalid.mutable.cached.Another##NaturalId[it]]
14:17:31,921 DEBUG BaseRegionAccessStrategy:66 - Caching: org.hibernate.test.naturalid.mutable.cached.Another##NaturalId[it]
14:17:31,921 DEBUG BaseGeneralDataRegion:59 - Caching[hibernate.test.org.hibernate.test.naturalid.mutable.cached.Another##NaturalId] : [org.hibernate.test.naturalid.mutable.cached.Another##NaturalId[it]] -> [1]
14:17:31,921 DEBUG SQL:104 - 
    select
        another0_.id as id1_0_,
        another0_.name as name1_0_,
        another0_.surname as surname1_0_ 
    from
        Another another0_ 
    where
        another0_.id=?
14:17:31,922 DEBUG SQL:104 - 
    update
        Another 
    set
        name=?,
        surname=? 
    where
        id=?
14:17:31,931 DEBUG BaseGeneralDataRegion:69 - Evicting[hibernate.test.org.hibernate.test.naturalid.mutable.cached.Another##NaturalId]: org.hibernate.test.naturalid.mutable.cached.Another##NaturalId[it]
14:17:31,931 DEBUG BaseGeneralDataRegion:69 - Evicting[hibernate.test.org.hibernate.test.naturalid.mutable.cached.Another##NaturalId]: org.hibernate.test.naturalid.mutable.cached.Another##NaturalId[it2]
14:17:31,989 DEBUG BaseGeneralDataRegion:69 - Evicting[hibernate.test.org.hibernate.test.naturalid.mutable.cached.Another##NaturalId]: org.hibernate.test.naturalid.mutable.cached.Another##NaturalId[it]
14:17:31,989 DEBUG BaseGeneralDataRegion:46 - Cache[hibernate.test.org.hibernate.test.naturalid.mutable.cached.Another##NaturalId] lookup : key[org.hibernate.test.naturalid.mutable.cached.Another##NaturalId[it]]
14:17:31,990 DEBUG SQL:104 - 
    select
        another_.id as id1_ 
    from
        Another another_ 
    where
        another_.name=?
14:17:31,990 DEBUG BaseGeneralDataRegion:46 - Cache[hibernate.test.org.hibernate.test.naturalid.mutable.cached.Another##NaturalId] lookup : key[org.hibernate.test.naturalid.mutable.cached.Another##NaturalId[it2]]
14:17:31,990 DEBUG SQL:104 - 
    select
        another_.id as id1_ 
    from
        Another another_ 
    where
        another_.name=?
14:17:31,990 DEBUG BaseGeneralDataRegion:46 - Cache[hibernate.test.org.hibernate.test.naturalid.mutable.cached.Another##NaturalId] lookup : key[org.hibernate.test.naturalid.mutable.cached.Another##NaturalId[it2]]
14:17:31,990 DEBUG BaseRegionAccessStrategy:66 - Caching: org.hibernate.test.naturalid.mutable.cached.Another##NaturalId[it2]
14:17:31,991 DEBUG BaseGeneralDataRegion:59 - Caching[hibernate.test.org.hibernate.test.naturalid.mutable.cached.Another##NaturalId] : [org.hibernate.test.naturalid.mutable.cached.Another##NaturalId[it2]] -> [1]
14:17:31,991 DEBUG SQL:104 - 
    select
        another0_.id as id1_0_,
        another0_.name as name1_0_,
        another0_.surname as surname1_0_ 
    from
        Another another0_ 
    where
        another0_.id=?
14:17:31,991 DEBUG BaseGeneralDataRegion:69 - Evicting[hibernate.test.org.hibernate.test.naturalid.mutable.cached.Another##NaturalId]: org.hibernate.test.naturalid.mutable.cached.Another##NaturalId[it2]
14:17:31,991 DEBUG SQL:104 - 
    delete 
    from
        Another 
    where
        id=?
14:17:31,992 DEBUG BaseGeneralDataRegion:69 - Evicting[hibernate.test.org.hibernate.test.naturalid.mutable.cached.Another##NaturalId]: org.hibernate.test.naturalid.mutable.cached.Another##NaturalId[it2]
14:17:31,993  INFO CustomRunner:139 - Test: testNaturalIdChangedWhileDetached
14:17:31,995 DEBUG SQL:104 - 
    insert 
    into
        Another
        (name, surname, id) 
    values
        (?, ?, ?)
14:17:31,995 DEBUG BaseGeneralDataRegion:46 - Cache[hibernate.test.org.hibernate.test.naturalid.mutable.cached.Another##NaturalId] lookup : key[org.hibernate.test.naturalid.mutable.cached.Another##NaturalId[it]]
14:17:31,995 DEBUG SQL:104 - 
    select
        another_.id as id1_ 
    from
        Another another_ 
    where
        another_.name=?
14:17:31,996 DEBUG BaseGeneralDataRegion:46 - Cache[hibernate.test.org.hibernate.test.naturalid.mutable.cached.Another##NaturalId] lookup : key[org.hibernate.test.naturalid.mutable.cached.Another##NaturalId[it]]
14:17:31,996 DEBUG BaseRegionAccessStrategy:66 - Caching: org.hibernate.test.naturalid.mutable.cached.Another##NaturalId[it]
14:17:31,996 DEBUG BaseGeneralDataRegion:59 - Caching[hibernate.test.org.hibernate.test.naturalid.mutable.cached.Another##NaturalId] : [org.hibernate.test.naturalid.mutable.cached.Another##NaturalId[it]] -> [2]
14:17:31,996 DEBUG SQL:104 - 
    select
        another0_.id as id1_0_,
        another0_.name as name1_0_,
        another0_.surname as surname1_0_ 
    from
        Another another0_ 
    where
        another0_.id=?
14:17:31,997 DEBUG SQL:104 - 
    select
        another_.id,
        another_.name as name1_,
        another_.surname as surname1_ 
    from
        Another another_ 
    where
        another_.id=?
14:17:31,998 DEBUG BaseGeneralDataRegion:69 - Evicting[hibernate.test.org.hibernate.test.naturalid.mutable.cached.Another##NaturalId]: org.hibernate.test.naturalid.mutable.cached.Another##NaturalId[it]
14:17:31,998 DEBUG SQL:104 - 
    update
        Another 
    set
        name=?,
        surname=? 
    where
        id=?
14:17:31,999 DEBUG BaseGeneralDataRegion:46 - Cache[hibernate.test.org.hibernate.test.naturalid.mutable.cached.Another##NaturalId] lookup : key[org.hibernate.test.naturalid.mutable.cached.Another##NaturalId[it]]
14:17:31,999 DEBUG SQL:104 - 
    select
        another_.id as id1_ 
    from
        Another another_ 
    where
        another_.name=?
14:17:31,999 DEBUG BaseGeneralDataRegion:46 - Cache[hibernate.test.org.hibernate.test.naturalid.mutable.cached.Another##NaturalId] lookup : key[org.hibernate.test.naturalid.mutable.cached.Another##NaturalId[it2]]
14:17:31,999 DEBUG SQL:104 - 
    select
        another_.id as id1_ 
    from
        Another another_ 
    where
        another_.name=?
14:17:31,999 DEBUG BaseGeneralDataRegion:46 - Cache[hibernate.test.org.hibernate.test.naturalid.mutable.cached.Another##NaturalId] lookup : key[org.hibernate.test.naturalid.mutable.cached.Another##NaturalId[it2]]
14:17:31,999 DEBUG BaseRegionAccessStrategy:66 - Caching: org.hibernate.test.naturalid.mutable.cached.Another##NaturalId[it2]
14:17:31,999 DEBUG BaseGeneralDataRegion:59 - Caching[hibernate.test.org.hibernate.test.naturalid.mutable.cached.Another##NaturalId] : [org.hibernate.test.naturalid.mutable.cached.Another##NaturalId[it2]] -> [2]
14:17:31,999 DEBUG SQL:104 - 
    select
        another0_.id as id1_0_,
        another0_.name as name1_0_,
        another0_.surname as surname1_0_ 
    from
        Another another0_ 
    where
        another0_.id=?
14:17:32,000 DEBUG BaseGeneralDataRegion:69 - Evicting[hibernate.test.org.hibernate.test.naturalid.mutable.cached.Another##NaturalId]: org.hibernate.test.naturalid.mutable.cached.Another##NaturalId[it2]
14:17:32,000 DEBUG SQL:104 - 
    delete 
    from
        Another 
    where
        id=?
14:17:32,000 DEBUG BaseGeneralDataRegion:69 - Evicting[hibernate.test.org.hibernate.test.naturalid.mutable.cached.Another##NaturalId]: org.hibernate.test.naturalid.mutable.cached.Another##NaturalId[it2]
14:17:32,001  INFO CustomRunner:139 - Test: testNaturalIdRecachingWhenNeeded
14:17:32,002 DEBUG SQL:104 - 
    insert 
    into
        Another
        (name, surname, id) 
    values
        (?, ?, ?)
14:17:32,002 DEBUG SQL:104 - 
    select
        another0_.id as id1_0_,
        another0_.name as name1_0_,
        another0_.surname as surname1_0_ 
    from
        Another another0_ 
    where
        another0_.id=?
14:17:32,002 DEBUG BaseGeneralDataRegion:46 - Cache[hibernate.test.org.hibernate.test.naturalid.mutable.cached.Another##NaturalId] lookup : key[org.hibernate.test.naturalid.mutable.cached.Another##NaturalId[it]]
14:17:32,003 DEBUG BaseRegionAccessStrategy:66 - Caching: org.hibernate.test.naturalid.mutable.cached.Another##NaturalId[it]
14:17:32,003 DEBUG BaseGeneralDataRegion:59 - Caching[hibernate.test.org.hibernate.test.naturalid.mutable.cached.Another##NaturalId] : [org.hibernate.test.naturalid.mutable.cached.Another##NaturalId[it]] -> [3]
14:17:32,003 DEBUG SQL:104 - 
    update
        Another 
    set
        name=?,
        surname=? 
    where
        id=?
14:17:32,004 DEBUG SQL:104 - 
    update
        Another 
    set
        name=?,
        surname=? 
    where
        id=?
14:17:32,004 DEBUG SQL:104 - 
    update
        Another 
    set
        name=?,
        surname=? 
    where
        id=?
14:17:32,004 DEBUG SQL:104 - 
    update
        Another 
    set
        name=?,
        surname=? 
    where
        id=?
14:17:32,005 DEBUG SQL:104 - 
    update
        Another 
    set
        name=?,
        surname=? 
    where
        id=?
14:17:32,005 DEBUG SQL:104 - 
    update
        Another 
    set
        name=?,
        surname=? 
    where
        id=?
14:17:32,006 DEBUG SQL:104 - 
    update
        Another 
    set
        name=?,
        surname=? 
    where
        id=?
14:17:32,006 DEBUG SQL:104 - 
    update
        Another 
    set
        name=?,
        surname=? 
    where
        id=?
14:17:32,006 DEBUG SQL:104 - 
    update
        Another 
    set
        name=?,
        surname=? 
    where
        id=?
14:17:32,006 DEBUG SQL:104 - 
    update
        Another 
    set
        name=?,
        surname=? 
    where
        id=?
14:17:32,007 DEBUG BaseGeneralDataRegion:69 - Evicting[hibernate.test.org.hibernate.test.naturalid.mutable.cached.Another##NaturalId]: org.hibernate.test.naturalid.mutable.cached.Another##NaturalId[it]
14:17:32,007 DEBUG BaseGeneralDataRegion:69 - Evicting[hibernate.test.org.hibernate.test.naturalid.mutable.cached.Another##NaturalId]: org.hibernate.test.naturalid.mutable.cached.Another##NaturalId[name9]
14:17:32,007 DEBUG BaseGeneralDataRegion:69 - Evicting[hibernate.test.org.hibernate.test.naturalid.mutable.cached.Another##NaturalId]: org.hibernate.test.naturalid.mutable.cached.Another##NaturalId[it]
14:17:32,007 DEBUG BaseGeneralDataRegion:46 - Cache[hibernate.test.org.hibernate.test.naturalid.mutable.cached.Another##NaturalId] lookup : key[org.hibernate.test.naturalid.mutable.cached.Another##NaturalId[it]]
14:17:32,007 DEBUG SQL:104 - 
    select
        another_.id as id1_ 
    from
        Another another_ 
    where
        another_.name=?
14:17:32,008 DEBUG SQL:104 - 
    select
        another0_.id as id1_0_,
        another0_.name as name1_0_,
        another0_.surname as surname1_0_ 
    from
        Another another0_ 
    where
        another0_.id=?
14:17:32,008 DEBUG BaseGeneralDataRegion:46 - Cache[hibernate.test.org.hibernate.test.naturalid.mutable.cached.Another##NaturalId] lookup : key[org.hibernate.test.naturalid.mutable.cached.Another##NaturalId[name9]]
14:17:32,008 DEBUG BaseRegionAccessStrategy:66 - Caching: org.hibernate.test.naturalid.mutable.cached.Another##NaturalId[name9]
14:17:32,008 DEBUG BaseGeneralDataRegion:59 - Caching[hibernate.test.org.hibernate.test.naturalid.mutable.cached.Another##NaturalId] : [org.hibernate.test.naturalid.mutable.cached.Another##NaturalId[name9]] -> [3]
14:17:32,008 DEBUG BaseGeneralDataRegion:69 - Evicting[hibernate.test.org.hibernate.test.naturalid.mutable.cached.Another##NaturalId]: org.hibernate.test.naturalid.mutable.cached.Another##NaturalId[name9]
14:17:32,009 DEBUG SQL:104 - 
    delete 
    from
        Another 
    where
        id=?
14:17:32,009 DEBUG BaseGeneralDataRegion:69 - Evicting[hibernate.test.org.hibernate.test.naturalid.mutable.cached.Another##NaturalId]: org.hibernate.test.naturalid.mutable.cached.Another##NaturalId[name9]
14:17:32,009  INFO SchemaExport:343 - HHH000227: Running hbm2ddl schema export
14:17:32,010 DEBUG SchemaExport:353 - Import file not found: /import.sql
14:17:32,010 DEBUG SQL:104 - 
    drop table AllCached if exists
14:17:32,011 DEBUG SQL:104 - 
    drop table Another if exists
14:17:32,011  INFO SchemaExport:405 - HHH000230: Schema export complete
14:17:32,011  INFO DriverManagerConnectionProviderImpl:162 - HHH000030: Cleaning up connection pool [jdbc:h2:mem:db1;DB_CLOSE_DELAY=-1;MVCC=TRUE]
]]></system-out>
  <system-err><![CDATA[]]></system-err>
</testsuite>
