<?xml version="1.0" encoding="UTF-8"?>
<testsuite errors="0" failures="0" hostname="dhcp-10.15.208.168.stl.redhat.com" name="org.hibernate.test.annotations.cascade.circle.identity.CascadeCircleIdentityIdTest" tests="1" time="0.459" timestamp="2013-02-28T20:10:11">
  <properties />
  <testcase classname="org.hibernate.test.annotations.cascade.circle.identity.CascadeCircleIdentityIdTest" name="testCascade" time="0.037" />
  <system-out><![CDATA[14:10:11,059  INFO CustomRunner:132 - BeforeClass: org.hibernate.test.annotations.cascade.circle.identity.CascadeCircleIdentityIdTest
14:10:11,138  INFO DriverManagerConnectionProviderImpl:99 - HHH000402: Using Hibernate built-in connection pool (not for production use!)
14:10:11,138  INFO DriverManagerConnectionProviderImpl:135 - HHH000115: Hibernate connection pool size: 5
14:10:11,138  INFO DriverManagerConnectionProviderImpl:138 - HHH000006: Autocommit mode: false
14:10:11,139  INFO DriverManagerConnectionProviderImpl:153 - HHH000401: using driver [org.h2.Driver] at URL [jdbc:h2:mem:db1;DB_CLOSE_DELAY=-1;MVCC=TRUE]
14:10:11,139  INFO DriverManagerConnectionProviderImpl:158 - HHH000046: Connection properties: {user=sa}
14:10:11,140  INFO Dialect:103 - HHH000400: Using dialect: org.hibernate.dialect.H2Dialect
14:10:11,141  INFO LobCreatorBuilder:94 - HHH000423: Disabling contextual LOB creation as JDBC driver reported JDBC version [3] less than 4
14:10:11,141  INFO TransactionFactoryInitiator:66 - HHH000399: Using default transaction strategy (direct JDBC transactions)
14:10:11,142  INFO ASTQueryTranslatorFactory:48 - HHH000397: Using ASTQueryTranslatorFactory
14:10:11,142  WARN CachingRegionFactory:58 - CachingRegionFactory should be only used for testing.
14:10:11,332  INFO SchemaExport:343 - HHH000227: Running hbm2ddl schema export
14:10:11,333 DEBUG SchemaExport:353 - Import file not found: /import.sql
14:10:11,333 DEBUG SQL:104 - 
    alter table B 
        drop constraint FK4260AC292E
14:10:11,334 ERROR SchemaExport:425 - HHH000389: Unsuccessful: alter table B drop constraint FK4260AC292E
14:10:11,334 ERROR SchemaExport:426 - Table "B" not found; SQL statement:

    alter table B 
        drop constraint FK4260AC292E [42102-145]
14:10:11,334 DEBUG SQL:104 - 
    alter table B 
        drop constraint FK4260AE6F0E
14:10:11,334 ERROR SchemaExport:425 - HHH000389: Unsuccessful: alter table B drop constraint FK4260AE6F0E
14:10:11,334 ERROR SchemaExport:426 - Table "B" not found; SQL statement:

    alter table B 
        drop constraint FK4260AE6F0E [42102-145]
14:10:11,334 DEBUG SQL:104 - 
    alter table C 
        drop constraint FK4360AC292E
14:10:11,335 ERROR SchemaExport:425 - HHH000389: Unsuccessful: alter table C drop constraint FK4360AC292E
14:10:11,335 ERROR SchemaExport:426 - Table "C" not found; SQL statement:

    alter table C 
        drop constraint FK4360AC292E [42102-145]
14:10:11,335 DEBUG SQL:104 - 
    alter table C 
        drop constraint FK4360AC9D8E
14:10:11,335 ERROR SchemaExport:425 - HHH000389: Unsuccessful: alter table C drop constraint FK4360AC9D8E
14:10:11,335 ERROR SchemaExport:426 - Table "C" not found; SQL statement:

    alter table C 
        drop constraint FK4360AC9D8E [42102-145]
14:10:11,335 DEBUG SQL:104 - 
    alter table C 
        drop constraint FK4360AEE36E
14:10:11,336 ERROR SchemaExport:425 - HHH000389: Unsuccessful: alter table C drop constraint FK4360AEE36E
14:10:11,336 ERROR SchemaExport:426 - Table "C" not found; SQL statement:

    alter table C 
        drop constraint FK4360AEE36E [42102-145]
14:10:11,336 DEBUG SQL:104 - 
    alter table D_A 
        drop constraint FK10B06C494DB10
14:10:11,336 ERROR SchemaExport:425 - HHH000389: Unsuccessful: alter table D_A drop constraint FK10B06C494DB10
14:10:11,336 ERROR SchemaExport:426 - Table "D_A" not found; SQL statement:

    alter table D_A 
        drop constraint FK10B06C494DB10 [42102-145]
14:10:11,336 DEBUG SQL:104 - 
    alter table D_A 
        drop constraint FK10B066A2E37F0
14:10:11,336 ERROR SchemaExport:425 - HHH000389: Unsuccessful: alter table D_A drop constraint FK10B066A2E37F0
14:10:11,337 ERROR SchemaExport:426 - Table "D_A" not found; SQL statement:

    alter table D_A 
        drop constraint FK10B066A2E37F0 [42102-145]
14:10:11,337 DEBUG SQL:104 - 
    alter table D_E 
        drop constraint FK10B0A4C0C0190
14:10:11,337 ERROR SchemaExport:425 - HHH000389: Unsuccessful: alter table D_E drop constraint FK10B0A4C0C0190
14:10:11,337 ERROR SchemaExport:426 - Table "D_E" not found; SQL statement:

    alter table D_E 
        drop constraint FK10B0A4C0C0190 [42102-145]
14:10:11,337 DEBUG SQL:104 - 
    alter table D_E 
        drop constraint FK10B0A60AD864E
14:10:11,337 ERROR SchemaExport:425 - HHH000389: Unsuccessful: alter table D_E drop constraint FK10B0A60AD864E
14:10:11,338 ERROR SchemaExport:426 - Table "D_E" not found; SQL statement:

    alter table D_E 
        drop constraint FK10B0A60AD864E [42102-145]
14:10:11,338 DEBUG SQL:104 - 
    alter table E 
        drop constraint FK4560AE6F0E
14:10:11,338 ERROR SchemaExport:425 - HHH000389: Unsuccessful: alter table E drop constraint FK4560AE6F0E
14:10:11,338 ERROR SchemaExport:426 - Table "E" not found; SQL statement:

    alter table E 
        drop constraint FK4560AE6F0E [42102-145]
14:10:11,338 DEBUG SQL:104 - 
    alter table F 
        drop constraint FK4660AF57CE
14:10:11,338 ERROR SchemaExport:425 - HHH000389: Unsuccessful: alter table F drop constraint FK4660AF57CE
14:10:11,339 ERROR SchemaExport:426 - Table "F" not found; SQL statement:

    alter table F 
        drop constraint FK4660AF57CE [42102-145]
14:10:11,339 DEBUG SQL:104 - 
    alter table H 
        drop constraint FK4860AEE36E
14:10:11,339 ERROR SchemaExport:425 - HHH000389: Unsuccessful: alter table H drop constraint FK4860AEE36E
14:10:11,339 ERROR SchemaExport:426 - Table "H" not found; SQL statement:

    alter table H 
        drop constraint FK4860AEE36E [42102-145]
14:10:11,339 DEBUG SQL:104 - 
    drop table A if exists
14:10:11,340 DEBUG SQL:104 - 
    drop table B if exists
14:10:11,340 DEBUG SQL:104 - 
    drop table C if exists
14:10:11,340 DEBUG SQL:104 - 
    drop table D if exists
14:10:11,341 DEBUG SQL:104 - 
    drop table D_A if exists
14:10:11,341 DEBUG SQL:104 - 
    drop table D_E if exists
14:10:11,341 DEBUG SQL:104 - 
    drop table E if exists
14:10:11,341 DEBUG SQL:104 - 
    drop table F if exists
14:10:11,342 DEBUG SQL:104 - 
    drop table G if exists
14:10:11,342 DEBUG SQL:104 - 
    drop table H if exists
14:10:11,342 DEBUG SQL:104 - 
    drop sequence TIGER_SEQ
14:10:11,342 ERROR SchemaExport:425 - HHH000389: Unsuccessful: drop sequence TIGER_SEQ
14:10:11,343 ERROR SchemaExport:426 - Sequence "TIGER_SEQ" not found; SQL statement:

    drop sequence TIGER_SEQ [90036-145]
14:10:11,343 DEBUG SQL:104 - 
    create table A (
        id bigint not null,
        created timestamp,
        uuid char(36),
        primary key (id)
    )
14:10:11,343 DEBUG SQL:104 - 
    create table B (
        id bigint not null,
        created timestamp,
        uuid char(36),
        a_id bigint not null,
        f_id bigint not null,
        primary key (id)
    )
14:10:11,344 DEBUG SQL:104 - 
    create table C (
        id bigint not null,
        created timestamp,
        uuid char(36),
        a_id bigint not null,
        b_id bigint not null,
        g_id bigint,
        primary key (id)
    )
14:10:11,346 DEBUG SQL:104 - 
    create table D (
        id bigint not null,
        created timestamp,
        uuid char(36),
        primary key (id)
    )
14:10:11,347 DEBUG SQL:104 - 
    create table D_A (
        dCollection_id bigint not null,
        aCollection_id bigint not null,
        primary key (dCollection_id, aCollection_id)
    )
14:10:11,347 DEBUG SQL:104 - 
    create table D_E (
        D_id bigint not null,
        eCollection_id bigint not null,
        primary key (D_id, eCollection_id)
    )
14:10:11,349 DEBUG SQL:104 - 
    create table E (
        id bigint not null,
        created timestamp,
        uuid char(36),
        f_id bigint not null,
        primary key (id)
    )
14:10:11,350 DEBUG SQL:104 - 
    create table F (
        id bigint not null,
        created timestamp,
        uuid char(36),
        h_id bigint,
        primary key (id)
    )
14:10:11,351 DEBUG SQL:104 - 
    create table G (
        id bigint not null,
        created timestamp,
        uuid char(36),
        primary key (id)
    )
14:10:11,351 DEBUG SQL:104 - 
    create table H (
        id bigint not null,
        created timestamp,
        uuid char(36),
        g_id bigint,
        primary key (id)
    )
14:10:11,352 DEBUG SQL:104 - 
    alter table A 
        add constraint uc_A_1 unique (uuid)
14:10:11,352 DEBUG SQL:104 - 
    alter table B 
        add constraint uc_B_1 unique (uuid)
14:10:11,353 DEBUG SQL:104 - 
    alter table B 
        add constraint FK4260AC292E 
        foreign key (a_id) 
        references A
14:10:11,354 DEBUG SQL:104 - 
    alter table B 
        add constraint FK4260AE6F0E 
        foreign key (f_id) 
        references F
14:10:11,355 DEBUG SQL:104 - 
    alter table C 
        add constraint uc_C_1 unique (uuid)
14:10:11,355 DEBUG SQL:104 - 
    alter table C 
        add constraint FK4360AC292E 
        foreign key (a_id) 
        references A
14:10:11,356 DEBUG SQL:104 - 
    alter table C 
        add constraint FK4360AC9D8E 
        foreign key (b_id) 
        references B
14:10:11,361 DEBUG SQL:104 - 
    alter table C 
        add constraint FK4360AEE36E 
        foreign key (g_id) 
        references G
14:10:11,377 DEBUG SQL:104 - 
    alter table D 
        add constraint uc_D_1 unique (uuid)
14:10:11,377 DEBUG SQL:104 - 
    alter table D_A 
        add constraint FK10B06C494DB10 
        foreign key (aCollection_id) 
        references A
14:10:11,391 DEBUG SQL:104 - 
    alter table D_A 
        add constraint FK10B066A2E37F0 
        foreign key (dCollection_id) 
        references D
14:10:11,392 DEBUG SQL:104 - 
    alter table D_E 
        add constraint UK_10B0AEB8D6217 unique (eCollection_id)
14:10:11,407 DEBUG SQL:104 - 
    alter table D_E 
        add constraint FK10B0A4C0C0190 
        foreign key (eCollection_id) 
        references E
14:10:11,409 DEBUG SQL:104 - 
    alter table D_E 
        add constraint FK10B0A60AD864E 
        foreign key (D_id) 
        references D
14:10:11,412 DEBUG SQL:104 - 
    alter table E 
        add constraint uc_E_1 unique (uuid)
14:10:11,413 DEBUG SQL:104 - 
    alter table E 
        add constraint FK4560AE6F0E 
        foreign key (f_id) 
        references F
14:10:11,414 DEBUG SQL:104 - 
    alter table F 
        add constraint uc_F_1 unique (uuid)
14:10:11,415 DEBUG SQL:104 - 
    alter table F 
        add constraint FK4660AF57CE 
        foreign key (h_id) 
        references H
14:10:11,424 DEBUG SQL:104 - 
    alter table G 
        add constraint uc_G_1 unique (uuid)
14:10:11,428 DEBUG SQL:104 - 
    alter table H 
        add constraint uc_H_1 unique (uuid)
14:10:11,428 DEBUG SQL:104 - 
    alter table H 
        add constraint FK4860AEE36E 
        foreign key (g_id) 
        references G
14:10:11,430 DEBUG SQL:104 - 
    create sequence TIGER_SEQ start with 1 increment by 50
14:10:11,430  INFO SchemaExport:405 - HHH000230: Schema export complete
14:10:11,432  WARN SessionFactoryImpl:1554 - HHH000008: JTASessionContext being used with JDBCTransactionFactory; auto-flush will not operate correctly with getCurrentSession()
14:10:11,444  INFO CustomRunner:139 - Test: testCascade
14:10:11,445 DEBUG SQL:104 - 
    call next value for TIGER_SEQ
14:10:11,446 DEBUG SQL:104 - 
    call next value for TIGER_SEQ
14:10:11,447 DEBUG SQL:104 - 
    call next value for TIGER_SEQ
14:10:11,447 DEBUG SQL:104 - 
    call next value for TIGER_SEQ
14:10:11,448 DEBUG SQL:104 - 
    call next value for TIGER_SEQ
14:10:11,448 DEBUG SQL:104 - 
    call next value for TIGER_SEQ
14:10:11,449 DEBUG SQL:104 - 
    call next value for TIGER_SEQ
14:10:11,450 DEBUG SQL:104 - 
    call next value for TIGER_SEQ
14:10:11,450 DEBUG SQL:104 - 
    call next value for TIGER_SEQ
14:10:11,453 DEBUG SQL:104 - 
    insert 
    into
        A
        (created, uuid, id) 
    values
        (?, ?, ?)
14:10:11,455 DEBUG SQL:104 - 
    insert 
    into
        G
        (created, uuid, id) 
    values
        (?, ?, ?)
14:10:11,456 DEBUG SQL:104 - 
    insert 
    into
        H
        (created, uuid, g_id, id) 
    values
        (?, ?, ?, ?)
14:10:11,458 DEBUG SQL:104 - 
    insert 
    into
        F
        (created, uuid, h_id, id) 
    values
        (?, ?, ?, ?)
14:10:11,459 DEBUG SQL:104 - 
    insert 
    into
        B
        (created, uuid, a_id, f_id, id) 
    values
        (?, ?, ?, ?, ?)
14:10:11,461 DEBUG SQL:104 - 
    insert 
    into
        C
        (created, uuid, a_id, b_id, g_id, id) 
    values
        (?, ?, ?, ?, ?, ?)
14:10:11,463 DEBUG SQL:104 - 
    insert 
    into
        D
        (created, uuid, id) 
    values
        (?, ?, ?)
14:10:11,464 DEBUG SQL:104 - 
    insert 
    into
        E
        (created, uuid, f_id, id) 
    values
        (?, ?, ?, ?)
14:10:11,465 DEBUG SQL:104 - 
    insert 
    into
        D_A
        (dCollection_id, aCollection_id) 
    values
        (?, ?)
14:10:11,465 DEBUG SQL:104 - 
    insert 
    into
        D_E
        (D_id, eCollection_id) 
    values
        (?, ?)
14:10:11,482  INFO SchemaExport:343 - HHH000227: Running hbm2ddl schema export
14:10:11,483 DEBUG SchemaExport:353 - Import file not found: /import.sql
14:10:11,483 DEBUG SQL:104 - 
    alter table B 
        drop constraint FK4260AC292E
14:10:11,484 DEBUG SQL:104 - 
    alter table B 
        drop constraint FK4260AE6F0E
14:10:11,485 DEBUG SQL:104 - 
    alter table C 
        drop constraint FK4360AC292E
14:10:11,485 DEBUG SQL:104 - 
    alter table C 
        drop constraint FK4360AC9D8E
14:10:11,486 DEBUG SQL:104 - 
    alter table C 
        drop constraint FK4360AEE36E
14:10:11,486 DEBUG SQL:104 - 
    alter table D_A 
        drop constraint FK10B06C494DB10
14:10:11,487 DEBUG SQL:104 - 
    alter table D_A 
        drop constraint FK10B066A2E37F0
14:10:11,487 DEBUG SQL:104 - 
    alter table D_E 
        drop constraint FK10B0A4C0C0190
14:10:11,488 DEBUG SQL:104 - 
    alter table D_E 
        drop constraint FK10B0A60AD864E
14:10:11,488 DEBUG SQL:104 - 
    alter table E 
        drop constraint FK4560AE6F0E
14:10:11,489 DEBUG SQL:104 - 
    alter table F 
        drop constraint FK4660AF57CE
14:10:11,489 DEBUG SQL:104 - 
    alter table H 
        drop constraint FK4860AEE36E
14:10:11,490 DEBUG SQL:104 - 
    drop table A if exists
14:10:11,491 DEBUG SQL:104 - 
    drop table B if exists
14:10:11,492 DEBUG SQL:104 - 
    drop table C if exists
14:10:11,494 DEBUG SQL:104 - 
    drop table D if exists
14:10:11,495 DEBUG SQL:104 - 
    drop table D_A if exists
14:10:11,496 DEBUG SQL:104 - 
    drop table D_E if exists
14:10:11,505 DEBUG SQL:104 - 
    drop table E if exists
14:10:11,507 DEBUG SQL:104 - 
    drop table F if exists
14:10:11,510 DEBUG SQL:104 - 
    drop table G if exists
14:10:11,511 DEBUG SQL:104 - 
    drop table H if exists
14:10:11,517 DEBUG SQL:104 - 
    drop sequence TIGER_SEQ
14:10:11,517  INFO SchemaExport:405 - HHH000230: Schema export complete
14:10:11,517  INFO DriverManagerConnectionProviderImpl:162 - HHH000030: Cleaning up connection pool [jdbc:h2:mem:db1;DB_CLOSE_DELAY=-1;MVCC=TRUE]
]]></system-out>
  <system-err><![CDATA[]]></system-err>
</testsuite>
