<?xml version="1.0" encoding="UTF-8"?>
<testsuite errors="0" failures="0" hostname="dhcp-10.15.208.168.stl.redhat.com" name="org.hibernate.test.annotations.derivedidentities.e4.b.DerivedIdentitySimpleParentSimpleDepMapsIdTest" tests="3" time="0.098" timestamp="2013-02-28T20:10:21">
  <properties />
  <testcase classname="org.hibernate.test.annotations.derivedidentities.e4.b.DerivedIdentitySimpleParentSimpleDepMapsIdTest" name="testExplicitlyAssignedDependentIdAttributeValue" time="0.021" />
  <testcase classname="org.hibernate.test.annotations.derivedidentities.e4.b.DerivedIdentitySimpleParentSimpleDepMapsIdTest" name="testManyToOneExplicitJoinColumn" time="0.006" />
  <testcase classname="org.hibernate.test.annotations.derivedidentities.e4.b.DerivedIdentitySimpleParentSimpleDepMapsIdTest" name="testOneToOneExplicitJoinColumn" time="0.014" />
  <system-out><![CDATA[14:10:21,124  INFO CustomRunner:132 - BeforeClass: org.hibernate.test.annotations.derivedidentities.e4.b.DerivedIdentitySimpleParentSimpleDepMapsIdTest
14:10:21,128  INFO DriverManagerConnectionProviderImpl:99 - HHH000402: Using Hibernate built-in connection pool (not for production use!)
14:10:21,129  INFO DriverManagerConnectionProviderImpl:135 - HHH000115: Hibernate connection pool size: 5
14:10:21,129  INFO DriverManagerConnectionProviderImpl:138 - HHH000006: Autocommit mode: false
14:10:21,129  INFO DriverManagerConnectionProviderImpl:153 - HHH000401: using driver [org.h2.Driver] at URL [jdbc:h2:mem:db1;DB_CLOSE_DELAY=-1;MVCC=TRUE]
14:10:21,129  INFO DriverManagerConnectionProviderImpl:158 - HHH000046: Connection properties: {user=sa}
14:10:21,131  INFO Dialect:103 - HHH000400: Using dialect: org.hibernate.dialect.H2Dialect
14:10:21,131  INFO LobCreatorBuilder:94 - HHH000423: Disabling contextual LOB creation as JDBC driver reported JDBC version [3] less than 4
14:10:21,131  INFO TransactionFactoryInitiator:66 - HHH000399: Using default transaction strategy (direct JDBC transactions)
14:10:21,132  INFO ASTQueryTranslatorFactory:48 - HHH000397: Using ASTQueryTranslatorFactory
14:10:21,132  WARN CachingRegionFactory:58 - CachingRegionFactory should be only used for testing.
14:10:21,145  INFO SchemaExport:343 - HHH000227: Running hbm2ddl schema export
14:10:21,146 DEBUG SchemaExport:353 - Import file not found: /import.sql
14:10:21,146 DEBUG SQL:104 - 
    alter table FinancialHistory 
        drop constraint FKA61E67EB17FC070
14:10:21,146 ERROR SchemaExport:425 - HHH000389: Unsuccessful: alter table FinancialHistory drop constraint FKA61E67EB17FC070
14:10:21,146 ERROR SchemaExport:426 - Table "FINANCIALHISTORY" not found; SQL statement:

    alter table FinancialHistory 
        drop constraint FKA61E67EB17FC070 [42102-145]
14:10:21,146 DEBUG SQL:104 - 
    alter table MedicalHistory 
        drop constraint FK306558E317FC070
14:10:21,147 ERROR SchemaExport:425 - HHH000389: Unsuccessful: alter table MedicalHistory drop constraint FK306558E317FC070
14:10:21,147 ERROR SchemaExport:426 - Table "MEDICALHISTORY" not found; SQL statement:

    alter table MedicalHistory 
        drop constraint FK306558E317FC070 [42102-145]
14:10:21,147 DEBUG SQL:104 - 
    drop table FinancialHistory if exists
14:10:21,147 DEBUG SQL:104 - 
    drop table MedicalHistory if exists
14:10:21,147 DEBUG SQL:104 - 
    drop table Person if exists
14:10:21,147 DEBUG SQL:104 - 
    create table FinancialHistory (
        FK varchar(255) not null,
        lastupdate date,
        primary key (FK)
    )
14:10:21,148 DEBUG SQL:104 - 
    create table MedicalHistory (
        FK varchar(255) not null,
        lastupdate date,
        primary key (FK)
    )
14:10:21,148 DEBUG SQL:104 - 
    create table Person (
        ssn varchar(255) not null,
        primary key (ssn)
    )
14:10:21,152 DEBUG SQL:104 - 
    alter table FinancialHistory 
        add constraint FKA61E67EB17FC070 
        foreign key (FK) 
        references Person
14:10:21,152 DEBUG SQL:104 - 
    alter table MedicalHistory 
        add constraint FK306558E317FC070 
        foreign key (FK) 
        references Person
14:10:21,153  INFO SchemaExport:405 - HHH000230: Schema export complete
14:10:21,154  WARN SessionFactoryImpl:1554 - HHH000008: JTASessionContext being used with JDBCTransactionFactory; auto-flush will not operate correctly with getCurrentSession()
14:10:21,154  INFO CustomRunner:139 - Test: testExplicitlyAssignedDependentIdAttributeValue
14:10:21,156 DEBUG SQL:104 - 
    insert 
    into
        Person
        (ssn) 
    values
        (?)
14:10:21,157 DEBUG SQL:104 - 
    insert 
    into
        MedicalHistory
        (lastupdate, FK) 
    values
        (?, ?)
14:10:21,163 DEBUG SQL:104 - 
    select
        medicalhis0_.FK as FK1_0_,
        medicalhis0_.lastupdate as lastupdate1_0_ 
    from
        MedicalHistory medicalhis0_ 
    where
        medicalhis0_.FK=?
14:10:21,164 DEBUG SQL:104 - 
    select
        medicalhis0_.FK as FK1_0_,
        medicalhis0_.lastupdate as lastupdate1_0_ 
    from
        MedicalHistory medicalhis0_ 
    where
        medicalhis0_.FK=?
14:10:21,164 DEBUG SQL:104 - 
    select
        person0_.ssn as ssn2_0_ 
    from
        Person person0_ 
    where
        person0_.ssn=?
14:10:21,165 DEBUG SQL:104 - 
    select
        person_.ssn 
    from
        Person person_ 
    where
        person_.ssn=?
14:10:21,175 DEBUG SQL:104 - 
    delete 
    from
        MedicalHistory 
    where
        FK=?
14:10:21,176 DEBUG SQL:104 - 
    delete 
    from
        Person 
    where
        ssn=?
14:10:21,176  INFO CustomRunner:139 - Test: testManyToOneExplicitJoinColumn
14:10:21,178 DEBUG SQL:104 - 
    insert 
    into
        Person
        (ssn) 
    values
        (?)
14:10:21,178 DEBUG SQL:104 - 
    insert 
    into
        FinancialHistory
        (lastupdate, FK) 
    values
        (?, ?)
14:10:21,179 DEBUG SQL:104 - 
    select
        financialh0_.FK as FK0_0_,
        financialh0_.lastupdate as lastupdate0_0_ 
    from
        FinancialHistory financialh0_ 
    where
        financialh0_.FK=?
14:10:21,179 DEBUG SQL:104 - 
    select
        person0_.ssn as ssn2_0_ 
    from
        Person person0_ 
    where
        person0_.ssn=?
14:10:21,181 DEBUG SQL:104 - 
    update
        FinancialHistory 
    set
        lastupdate=? 
    where
        FK=?
14:10:21,181 DEBUG SQL:104 - 
    select
        financialh0_.FK as FK0_0_,
        financialh0_.lastupdate as lastupdate0_0_ 
    from
        FinancialHistory financialh0_ 
    where
        financialh0_.FK=?
14:10:21,181 DEBUG SQL:104 - 
    select
        person0_.ssn as ssn2_0_ 
    from
        Person person0_ 
    where
        person0_.ssn=?
14:10:21,188  INFO CustomRunner:139 - Test: testOneToOneExplicitJoinColumn
14:10:21,190 DEBUG SQL:104 - 
    insert 
    into
        Person
        (ssn) 
    values
        (?)
14:10:21,190 DEBUG SQL:104 - 
    insert 
    into
        MedicalHistory
        (lastupdate, FK) 
    values
        (?, ?)
14:10:21,191 DEBUG SQL:104 - 
    select
        medicalhis0_.FK as FK1_0_,
        medicalhis0_.lastupdate as lastupdate1_0_ 
    from
        MedicalHistory medicalhis0_ 
    where
        medicalhis0_.FK=?
14:10:21,191 DEBUG SQL:104 - 
    select
        person0_.ssn as ssn2_0_ 
    from
        Person person0_ 
    where
        person0_.ssn=?
14:10:21,202 DEBUG SQL:104 - 
    update
        MedicalHistory 
    set
        lastupdate=? 
    where
        FK=?
14:10:21,202 DEBUG SQL:104 - 
    select
        medicalhis0_.FK as FK1_0_,
        medicalhis0_.lastupdate as lastupdate1_0_ 
    from
        MedicalHistory medicalhis0_ 
    where
        medicalhis0_.FK=?
14:10:21,203 DEBUG SQL:104 - 
    select
        person0_.ssn as ssn2_0_ 
    from
        Person person0_ 
    where
        person0_.ssn=?
14:10:21,204  INFO SchemaExport:343 - HHH000227: Running hbm2ddl schema export
14:10:21,204 DEBUG SchemaExport:353 - Import file not found: /import.sql
14:10:21,204 DEBUG SQL:104 - 
    alter table FinancialHistory 
        drop constraint FKA61E67EB17FC070
14:10:21,205 DEBUG SQL:104 - 
    alter table MedicalHistory 
        drop constraint FK306558E317FC070
14:10:21,212 DEBUG SQL:104 - 
    drop table FinancialHistory if exists
14:10:21,212 DEBUG SQL:104 - 
    drop table MedicalHistory if exists
14:10:21,219 DEBUG SQL:104 - 
    drop table Person if exists
14:10:21,220  INFO SchemaExport:405 - HHH000230: Schema export complete
14:10:21,220  INFO DriverManagerConnectionProviderImpl:162 - HHH000030: Cleaning up connection pool [jdbc:h2:mem:db1;DB_CLOSE_DELAY=-1;MVCC=TRUE]
]]></system-out>
  <system-err><![CDATA[]]></system-err>
</testsuite>
