<?xml version="1.0" encoding="UTF-8"?>
<testsuite errors="0" failures="0" hostname="dhcp-10.15.208.168.stl.redhat.com" name="org.hibernate.test.join.OptionalJoinTest" tests="9" time="0.211" timestamp="2013-02-28T20:14:49">
  <properties />
  <testcase classname="org.hibernate.test.join.OptionalJoinTest" name="testMergeNonNullOptionalJoinToDiffNonNullDetached" time="0.03" />
  <testcase classname="org.hibernate.test.join.OptionalJoinTest" name="testMergeNonNullOptionalJoinToNullDetached" time="0.013" />
  <testcase classname="org.hibernate.test.join.OptionalJoinTest" name="testMergeNullOptionalJoinToNonNullDetached" time="0.035" />
  <testcase classname="org.hibernate.test.join.OptionalJoinTest" name="testUpdateNonNullOptionalJoinToDiffNonNull" time="0.003" />
  <testcase classname="org.hibernate.test.join.OptionalJoinTest" name="testUpdateNonNullOptionalJoinToDiffNonNullDetached" time="0.029" />
  <testcase classname="org.hibernate.test.join.OptionalJoinTest" name="testUpdateNonNullOptionalJoinToNull" time="0.02" />
  <testcase classname="org.hibernate.test.join.OptionalJoinTest" name="testUpdateNonNullOptionalJoinToNullDetached" time="0.012" />
  <testcase classname="org.hibernate.test.join.OptionalJoinTest" name="testUpdateNullOptionalJoinToNonNull" time="0.012" />
  <testcase classname="org.hibernate.test.join.OptionalJoinTest" name="testUpdateNullOptionalJoinToNonNullDetached" time="0.023" />
  <system-out><![CDATA[14:14:49,018  INFO CustomRunner:132 - BeforeClass: org.hibernate.test.join.OptionalJoinTest
14:14:49,020  INFO Configuration:706 - HHH000221: Reading mappings from resource: org/hibernate/test/join/Thing.hbm.xml
14:14:49,027  INFO DriverManagerConnectionProviderImpl:99 - HHH000402: Using Hibernate built-in connection pool (not for production use!)
14:14:49,027  INFO DriverManagerConnectionProviderImpl:135 - HHH000115: Hibernate connection pool size: 5
14:14:49,028  INFO DriverManagerConnectionProviderImpl:138 - HHH000006: Autocommit mode: false
14:14:49,028  INFO DriverManagerConnectionProviderImpl:153 - HHH000401: using driver [org.h2.Driver] at URL [jdbc:h2:mem:db1;DB_CLOSE_DELAY=-1;MVCC=TRUE]
14:14:49,028  INFO DriverManagerConnectionProviderImpl:158 - HHH000046: Connection properties: {user=sa}
14:14:49,029  INFO Dialect:103 - HHH000400: Using dialect: org.hibernate.dialect.H2Dialect
14:14:49,029  INFO LobCreatorBuilder:94 - HHH000423: Disabling contextual LOB creation as JDBC driver reported JDBC version [3] less than 4
14:14:49,030  INFO TransactionFactoryInitiator:66 - HHH000399: Using default transaction strategy (direct JDBC transactions)
14:14:49,030  INFO ASTQueryTranslatorFactory:48 - HHH000397: Using ASTQueryTranslatorFactory
14:14:49,030  WARN CachingRegionFactory:58 - CachingRegionFactory should be only used for testing.
14:14:49,035  INFO SchemaExport:343 - HHH000227: Running hbm2ddl schema export
14:14:49,036 DEBUG SchemaExport:353 - Import file not found: /import.sql
14:14:49,036 DEBUG SQL:104 - 
    alter table thing_name 
        drop constraint FKF88E933C2CFA3BCC
14:14:49,037 ERROR SchemaExport:425 - HHH000389: Unsuccessful: alter table thing_name drop constraint FKF88E933C2CFA3BCC
14:14:49,037 ERROR SchemaExport:426 - Table "THING_NAME" not found; SQL statement:

    alter table thing_name 
        drop constraint FKF88E933C2CFA3BCC [42102-145]
14:14:49,037 DEBUG SQL:104 - 
    drop table thing if exists
14:14:49,037 DEBUG SQL:104 - 
    drop table thing_name if exists
14:14:49,037 DEBUG SQL:104 - 
    create table thing (
        thing_id bigint generated by default as identity,
        primary key (thing_id)
    )
14:14:49,038 DEBUG SQL:104 - 
    create table thing_name (
        thing_id bigint not null,
        name varchar(255),
        primary key (thing_id)
    )
14:14:49,038 DEBUG SQL:104 - 
    alter table thing_name 
        add constraint FKF88E933C2CFA3BCC 
        foreign key (thing_id) 
        references thing
14:14:49,040  INFO SchemaExport:405 - HHH000230: Schema export complete
14:14:49,040  WARN SessionFactoryImpl:1554 - HHH000008: JTASessionContext being used with JDBCTransactionFactory; auto-flush will not operate correctly with getCurrentSession()
14:14:49,040  INFO CustomRunner:139 - Test: testMergeNonNullOptionalJoinToDiffNonNullDetached
14:14:49,041 DEBUG SQL:104 - 
    insert 
    into
        thing
        (thing_id) 
    values
        (null)
14:14:49,042 DEBUG SQL:104 - 
    insert 
    into
        thing_name
        (name, thing_id) 
    values
        (?, ?)
14:14:49,043 DEBUG QueryTranslatorImpl:265 - parse() - HQL: from org.hibernate.test.join.Thing
14:14:49,043 DEBUG ErrorCounter:63 - Keyword  'join' is being interpreted as an identifier due to: expecting IDENT, found 'join'
14:14:49,043 DEBUG QueryTranslatorImpl:283 - --- HQL AST ---
 \-[QUERY] Node: 'query'
    \-[SELECT_FROM] Node: 'SELECT_FROM'
       \-[FROM] Node: 'from'
          \-[RANGE] Node: 'RANGE'
             \-[DOT] Node: '.'
                +-[DOT] Node: '.'
                |  +-[DOT] Node: '.'
                |  |  +-[DOT] Node: '.'
                |  |  |  +-[IDENT] Node: 'org'
                |  |  |  \-[IDENT] Node: 'hibernate'
                |  |  \-[IDENT] Node: 'test'
                |  \-[WEIRD_IDENT] Node: 'join'
                \-[IDENT] Node: 'Thing'

14:14:49,049 DEBUG ErrorCounter:82 - throwQueryException() : no errors
14:14:49,049 DEBUG FromElement:157 - FromClause{level=1} : org.hibernate.test.join.Thing (<no alias>) -> thing0_
14:14:49,050 DEBUG HqlSqlWalker:629 - processQuery() :  ( SELECT ( FromClause{level=1} thing thing0_ ) )
14:14:49,050 DEBUG HqlSqlWalker:869 - Derived SELECT clause created.
14:14:49,050 DEBUG JoinProcessor:175 - Using FROM fragment [thing thing0_ left outer join thing_name thing0_1_ on thing0_.thing_id=thing0_1_.thing_id]
14:14:49,050 DEBUG QueryTranslatorImpl:252 - --- SQL AST ---
 \-[SELECT] QueryNode: 'SELECT'  querySpaces (thing_name,thing)
    +-[SELECT_CLAUSE] SelectClause: '{derived select clause}'
    |  +-[SELECT_EXPR] SelectExpressionImpl: 'thing0_.thing_id as thing1_0_' {FromElement{explicit,not a collection join,not a fetch join,fetch non-lazy properties,classAlias=null,role=null,tableName=thing,tableAlias=thing0_,origin=null,columns={,className=org.hibernate.test.join.Thing}}}
    |  \-[SQL_TOKEN] SqlFragment: 'thing0_1_.name as name1_'
    \-[FROM] FromClause: 'from' FromClause{level=1, fromElementCounter=1, fromElements=1, fromElementByClassAlias=[], fromElementByTableAlias=[thing0_], fromElementsByPath=[], collectionJoinFromElementsByPath=[], impliedElements=[]}
       \-[FROM_FRAGMENT] FromElement: 'thing thing0_ left outer join thing_name thing0_1_ on thing0_.thing_id=thing0_1_.thing_id' FromElement{explicit,not a collection join,not a fetch join,fetch non-lazy properties,classAlias=null,role=null,tableName=thing,tableAlias=thing0_,origin=null,columns={,className=org.hibernate.test.join.Thing}}

14:14:49,050 DEBUG ErrorCounter:82 - throwQueryException() : no errors
14:14:49,050 DEBUG QueryTranslatorImpl:235 - HQL: from org.hibernate.test.join.Thing
14:14:49,050 DEBUG QueryTranslatorImpl:236 - SQL: select thing0_.thing_id as thing1_0_, thing0_1_.name as name1_ from thing thing0_ left outer join thing_name thing0_1_ on thing0_.thing_id=thing0_1_.thing_id
14:14:49,050 DEBUG ErrorCounter:82 - throwQueryException() : no errors
14:14:49,051 DEBUG SQL:104 - 
    select
        thing0_.thing_id as thing1_0_,
        thing0_1_.name as name1_ 
    from
        thing thing0_ 
    left outer join
        thing_name thing0_1_ 
            on thing0_.thing_id=thing0_1_.thing_id
14:14:49,061 DEBUG SQL:104 - 
    select
        thing0_.thing_id as thing1_0_0_,
        thing0_1_.name as name1_0_ 
    from
        thing thing0_ 
    left outer join
        thing_name thing0_1_ 
            on thing0_.thing_id=thing0_1_.thing_id 
    where
        thing0_.thing_id=?
14:14:49,061 DEBUG SQL:104 - 
    update
        thing_name 
    set
        name=? 
    where
        thing_id=?
14:14:49,062 DEBUG SQL:104 - 
    select
        thing0_.thing_id as thing1_0_,
        thing0_1_.name as name1_ 
    from
        thing thing0_ 
    left outer join
        thing_name thing0_1_ 
            on thing0_.thing_id=thing0_1_.thing_id
14:14:49,070 DEBUG SQL:104 - 
    delete 
    from
        thing_name 
    where
        thing_id=?
14:14:49,071 DEBUG SQL:104 - 
    delete 
    from
        thing 
    where
        thing_id=?
14:14:49,071  INFO CustomRunner:139 - Test: testMergeNonNullOptionalJoinToNullDetached
14:14:49,072 DEBUG SQL:104 - 
    insert 
    into
        thing
        (thing_id) 
    values
        (null)
14:14:49,072 DEBUG SQL:104 - 
    insert 
    into
        thing_name
        (name, thing_id) 
    values
        (?, ?)
14:14:49,073 DEBUG SQL:104 - 
    select
        thing0_.thing_id as thing1_0_,
        thing0_1_.name as name1_ 
    from
        thing thing0_ 
    left outer join
        thing_name thing0_1_ 
            on thing0_.thing_id=thing0_1_.thing_id
14:14:49,073 DEBUG SQL:104 - 
    select
        thing0_.thing_id as thing1_0_0_,
        thing0_1_.name as name1_0_ 
    from
        thing thing0_ 
    left outer join
        thing_name thing0_1_ 
            on thing0_.thing_id=thing0_1_.thing_id 
    where
        thing0_.thing_id=?
14:14:49,074 DEBUG SQL:104 - 
    delete 
    from
        thing_name 
    where
        thing_id=?
14:14:49,083 DEBUG SQL:104 - 
    select
        thing0_.thing_id as thing1_0_,
        thing0_1_.name as name1_ 
    from
        thing thing0_ 
    left outer join
        thing_name thing0_1_ 
            on thing0_.thing_id=thing0_1_.thing_id
14:14:49,084 DEBUG SQL:104 - 
    delete 
    from
        thing_name 
    where
        thing_id=?
14:14:49,084 DEBUG SQL:104 - 
    delete 
    from
        thing 
    where
        thing_id=?
14:14:49,085  INFO CustomRunner:139 - Test: testMergeNullOptionalJoinToNonNullDetached
14:14:49,086 DEBUG SQL:104 - 
    insert 
    into
        thing
        (thing_id) 
    values
        (null)
14:14:49,117 DEBUG SQL:104 - 
    select
        thing0_.thing_id as thing1_0_,
        thing0_1_.name as name1_ 
    from
        thing thing0_ 
    left outer join
        thing_name thing0_1_ 
            on thing0_.thing_id=thing0_1_.thing_id
14:14:49,118 DEBUG SQL:104 - 
    select
        thing0_.thing_id as thing1_0_0_,
        thing0_1_.name as name1_0_ 
    from
        thing thing0_ 
    left outer join
        thing_name thing0_1_ 
            on thing0_.thing_id=thing0_1_.thing_id 
    where
        thing0_.thing_id=?
14:14:49,119 DEBUG SQL:104 - 
    insert 
    into
        thing_name
        (name, thing_id) 
    values
        (?, ?)
14:14:49,119 DEBUG SQL:104 - 
    select
        thing0_.thing_id as thing1_0_,
        thing0_1_.name as name1_ 
    from
        thing thing0_ 
    left outer join
        thing_name thing0_1_ 
            on thing0_.thing_id=thing0_1_.thing_id
14:14:49,119 DEBUG SQL:104 - 
    delete 
    from
        thing_name 
    where
        thing_id=?
14:14:49,120 DEBUG SQL:104 - 
    delete 
    from
        thing 
    where
        thing_id=?
14:14:49,120  INFO CustomRunner:139 - Test: testUpdateNonNullOptionalJoinToDiffNonNull
14:14:49,122 DEBUG SQL:104 - 
    insert 
    into
        thing
        (thing_id) 
    values
        (null)
14:14:49,122 DEBUG SQL:104 - 
    insert 
    into
        thing_name
        (name, thing_id) 
    values
        (?, ?)
14:14:49,123 DEBUG SQL:104 - 
    select
        thing0_.thing_id as thing1_0_,
        thing0_1_.name as name1_ 
    from
        thing thing0_ 
    left outer join
        thing_name thing0_1_ 
            on thing0_.thing_id=thing0_1_.thing_id
14:14:49,123 DEBUG SQL:104 - 
    update
        thing_name 
    set
        name=? 
    where
        thing_id=?
14:14:49,123 DEBUG SQL:104 - 
    select
        thing0_.thing_id as thing1_0_,
        thing0_1_.name as name1_ 
    from
        thing thing0_ 
    left outer join
        thing_name thing0_1_ 
            on thing0_.thing_id=thing0_1_.thing_id
14:14:49,123 DEBUG SQL:104 - 
    delete 
    from
        thing_name 
    where
        thing_id=?
14:14:49,124 DEBUG SQL:104 - 
    delete 
    from
        thing 
    where
        thing_id=?
14:14:49,125  INFO CustomRunner:139 - Test: testUpdateNonNullOptionalJoinToDiffNonNullDetached
14:14:49,125 DEBUG SQL:104 - 
    insert 
    into
        thing
        (thing_id) 
    values
        (null)
14:14:49,126 DEBUG SQL:104 - 
    insert 
    into
        thing_name
        (name, thing_id) 
    values
        (?, ?)
14:14:49,143 DEBUG SQL:104 - 
    select
        thing0_.thing_id as thing1_0_,
        thing0_1_.name as name1_ 
    from
        thing thing0_ 
    left outer join
        thing_name thing0_1_ 
            on thing0_.thing_id=thing0_1_.thing_id
14:14:49,143 DEBUG SQL:104 - 
    update
        thing_name 
    set
        name=? 
    where
        thing_id=?
14:14:49,144 DEBUG SQL:104 - 
    select
        thing0_.thing_id as thing1_0_,
        thing0_1_.name as name1_ 
    from
        thing thing0_ 
    left outer join
        thing_name thing0_1_ 
            on thing0_.thing_id=thing0_1_.thing_id
14:14:49,153 DEBUG SQL:104 - 
    delete 
    from
        thing_name 
    where
        thing_id=?
14:14:49,153 DEBUG SQL:104 - 
    delete 
    from
        thing 
    where
        thing_id=?
14:14:49,155  INFO CustomRunner:139 - Test: testUpdateNonNullOptionalJoinToNull
14:14:49,156 DEBUG SQL:104 - 
    insert 
    into
        thing
        (thing_id) 
    values
        (null)
14:14:49,156 DEBUG SQL:104 - 
    insert 
    into
        thing_name
        (name, thing_id) 
    values
        (?, ?)
14:14:49,163 DEBUG SQL:104 - 
    select
        thing0_.thing_id as thing1_0_,
        thing0_1_.name as name1_ 
    from
        thing thing0_ 
    left outer join
        thing_name thing0_1_ 
            on thing0_.thing_id=thing0_1_.thing_id
14:14:49,164 DEBUG SQL:104 - 
    delete 
    from
        thing_name 
    where
        thing_id=?
14:14:49,164 DEBUG SQL:104 - 
    select
        thing0_.thing_id as thing1_0_,
        thing0_1_.name as name1_ 
    from
        thing thing0_ 
    left outer join
        thing_name thing0_1_ 
            on thing0_.thing_id=thing0_1_.thing_id
14:14:49,164 DEBUG SQL:104 - 
    delete 
    from
        thing_name 
    where
        thing_id=?
14:14:49,165 DEBUG SQL:104 - 
    delete 
    from
        thing 
    where
        thing_id=?
14:14:49,175  INFO CustomRunner:139 - Test: testUpdateNonNullOptionalJoinToNullDetached
14:14:49,176 DEBUG SQL:104 - 
    insert 
    into
        thing
        (thing_id) 
    values
        (null)
14:14:49,176 DEBUG SQL:104 - 
    insert 
    into
        thing_name
        (name, thing_id) 
    values
        (?, ?)
14:14:49,177 DEBUG SQL:104 - 
    select
        thing0_.thing_id as thing1_0_,
        thing0_1_.name as name1_ 
    from
        thing thing0_ 
    left outer join
        thing_name thing0_1_ 
            on thing0_.thing_id=thing0_1_.thing_id
14:14:49,185 DEBUG SQL:104 - 
    delete 
    from
        thing_name 
    where
        thing_id=?
14:14:49,186 DEBUG SQL:104 - 
    select
        thing0_.thing_id as thing1_0_,
        thing0_1_.name as name1_ 
    from
        thing thing0_ 
    left outer join
        thing_name thing0_1_ 
            on thing0_.thing_id=thing0_1_.thing_id
14:14:49,187 DEBUG SQL:104 - 
    delete 
    from
        thing_name 
    where
        thing_id=?
14:14:49,187 DEBUG SQL:104 - 
    delete 
    from
        thing 
    where
        thing_id=?
14:14:49,187  INFO CustomRunner:139 - Test: testUpdateNullOptionalJoinToNonNull
14:14:49,197 DEBUG SQL:104 - 
    insert 
    into
        thing
        (thing_id) 
    values
        (null)
14:14:49,198 DEBUG SQL:104 - 
    select
        thing0_.thing_id as thing1_0_,
        thing0_1_.name as name1_ 
    from
        thing thing0_ 
    left outer join
        thing_name thing0_1_ 
            on thing0_.thing_id=thing0_1_.thing_id
14:14:49,198 DEBUG SQL:104 - 
    insert 
    into
        thing_name
        (name, thing_id) 
    values
        (?, ?)
14:14:49,199 DEBUG SQL:104 - 
    select
        thing0_.thing_id as thing1_0_,
        thing0_1_.name as name1_ 
    from
        thing thing0_ 
    left outer join
        thing_name thing0_1_ 
            on thing0_.thing_id=thing0_1_.thing_id
14:14:49,199 DEBUG SQL:104 - 
    delete 
    from
        thing_name 
    where
        thing_id=?
14:14:49,199 DEBUG SQL:104 - 
    delete 
    from
        thing 
    where
        thing_id=?
14:14:49,200  INFO CustomRunner:139 - Test: testUpdateNullOptionalJoinToNonNullDetached
14:14:49,201 DEBUG SQL:104 - 
    insert 
    into
        thing
        (thing_id) 
    values
        (null)
14:14:49,202 DEBUG SQL:104 - 
    select
        thing0_.thing_id as thing1_0_,
        thing0_1_.name as name1_ 
    from
        thing thing0_ 
    left outer join
        thing_name thing0_1_ 
            on thing0_.thing_id=thing0_1_.thing_id
14:14:49,212 DEBUG SQL:104 - 
    update
        thing_name 
    set
        name=? 
    where
        thing_id=?
14:14:49,213 DEBUG SQL:104 - 
    insert 
    into
        thing_name
        (name, thing_id) 
    values
        (?, ?)
14:14:49,214 DEBUG SQL:104 - 
    select
        thing0_.thing_id as thing1_0_,
        thing0_1_.name as name1_ 
    from
        thing thing0_ 
    left outer join
        thing_name thing0_1_ 
            on thing0_.thing_id=thing0_1_.thing_id
14:14:49,215 DEBUG SQL:104 - 
    delete 
    from
        thing_name 
    where
        thing_id=?
14:14:49,222 DEBUG SQL:104 - 
    delete 
    from
        thing 
    where
        thing_id=?
14:14:49,223  INFO SchemaExport:343 - HHH000227: Running hbm2ddl schema export
14:14:49,224 DEBUG SchemaExport:353 - Import file not found: /import.sql
14:14:49,224 DEBUG SQL:104 - 
    alter table thing_name 
        drop constraint FKF88E933C2CFA3BCC
14:14:49,224 DEBUG SQL:104 - 
    drop table thing if exists
14:14:49,225 DEBUG SQL:104 - 
    drop table thing_name if exists
14:14:49,225  INFO SchemaExport:405 - HHH000230: Schema export complete
14:14:49,225  INFO DriverManagerConnectionProviderImpl:162 - HHH000030: Cleaning up connection pool [jdbc:h2:mem:db1;DB_CLOSE_DELAY=-1;MVCC=TRUE]
]]></system-out>
  <system-err><![CDATA[]]></system-err>
</testsuite>
