<?xml version="1.0" encoding="UTF-8"?>
<testsuite errors="0" failures="0" hostname="dhcp-10.15.208.168.stl.redhat.com" name="org.hibernate.test.enums.InvalidEnumeratedJavaTypeTest" tests="1" time="0.004" timestamp="2013-02-28T20:12:16">
  <properties />
  <testcase classname="org.hibernate.test.enums.InvalidEnumeratedJavaTypeTest" name="testInvalidMapping" time="0.002" />
  <system-out><![CDATA[14:12:16,702  INFO CustomRunner:132 - BeforeClass: org.hibernate.test.enums.InvalidEnumeratedJavaTypeTest
14:12:16,702  INFO CustomRunner:139 - Test: testInvalidMapping
org.hibernate.AnnotationException: Attribute [org.hibernate.test.enums.InvalidEnumeratedJavaTypeTest$TheEntity.yesNo] was annotated as enumerated, but its java type is not an enum [java.lang.Boolean]
]]></system-out>
  <system-err><![CDATA[]]></system-err>
</testsuite>
