<?xml version="1.0" encoding="UTF-8"?>
<testsuite errors="0" failures="0" hostname="dhcp-10.15.208.168.stl.redhat.com" name="org.hibernate.test.cascade.CascadeTestWithAssignedParentIdTest" tests="1" time="0.103" timestamp="2013-02-28T20:11:40">
  <properties />
  <testcase classname="org.hibernate.test.cascade.CascadeTestWithAssignedParentIdTest" name="testSaveChildWithParent" time="0.016" />
  <system-out><![CDATA[14:11:40,067  INFO CustomRunner:132 - BeforeClass: org.hibernate.test.cascade.CascadeTestWithAssignedParentIdTest
14:11:40,071  INFO Configuration:706 - HHH000221: Reading mappings from resource: org/hibernate/test/cascade/ChildForParentWithAssignedId.hbm.xml
14:11:40,081  INFO Configuration:706 - HHH000221: Reading mappings from resource: org/hibernate/test/cascade/ParentWithAssignedId.hbm.xml
14:11:40,092  INFO DriverManagerConnectionProviderImpl:99 - HHH000402: Using Hibernate built-in connection pool (not for production use!)
14:11:40,092  INFO DriverManagerConnectionProviderImpl:135 - HHH000115: Hibernate connection pool size: 5
14:11:40,092  INFO DriverManagerConnectionProviderImpl:138 - HHH000006: Autocommit mode: false
14:11:40,093  INFO DriverManagerConnectionProviderImpl:153 - HHH000401: using driver [org.h2.Driver] at URL [jdbc:h2:mem:db1;DB_CLOSE_DELAY=-1;MVCC=TRUE]
14:11:40,093  INFO DriverManagerConnectionProviderImpl:158 - HHH000046: Connection properties: {user=sa}
14:11:40,095  INFO Dialect:103 - HHH000400: Using dialect: org.hibernate.dialect.H2Dialect
14:11:40,095  INFO LobCreatorBuilder:94 - HHH000423: Disabling contextual LOB creation as JDBC driver reported JDBC version [3] less than 4
14:11:40,096  INFO TransactionFactoryInitiator:66 - HHH000399: Using default transaction strategy (direct JDBC transactions)
14:11:40,096  INFO ASTQueryTranslatorFactory:48 - HHH000397: Using ASTQueryTranslatorFactory
14:11:40,097  WARN CachingRegionFactory:58 - CachingRegionFactory should be only used for testing.
14:11:40,107  INFO SchemaExport:343 - HHH000227: Running hbm2ddl schema export
14:11:40,108 DEBUG SchemaExport:353 - Import file not found: /import.sql
14:11:40,125 DEBUG SQL:104 - 
    alter table Child 
        drop constraint FK3E104FC2A6B65A4
14:11:40,126 ERROR SchemaExport:425 - HHH000389: Unsuccessful: alter table Child drop constraint FK3E104FC2A6B65A4
14:11:40,126 ERROR SchemaExport:426 - Table "CHILD" not found; SQL statement:

    alter table Child 
        drop constraint FK3E104FC2A6B65A4 [42102-145]
14:11:40,127 DEBUG SQL:104 - 
    drop table Child if exists
14:11:40,127 DEBUG SQL:104 - 
    drop table Parent if exists
14:11:40,127 DEBUG SQL:104 - 
    create table Child (
        id bigint generated by default as identity,
        parent bigint not null,
        primary key (id)
    )
14:11:40,127 DEBUG SQL:104 - 
    create table Parent (
        id bigint not null,
        primary key (id)
    )
14:11:40,128 DEBUG SQL:104 - 
    alter table Child 
        add constraint FK3E104FC2A6B65A4 
        foreign key (parent) 
        references Parent
14:11:40,129  INFO SchemaExport:405 - HHH000230: Schema export complete
14:11:40,129  WARN SessionFactoryImpl:1554 - HHH000008: JTASessionContext being used with JDBCTransactionFactory; auto-flush will not operate correctly with getCurrentSession()
14:11:40,129  INFO CustomRunner:139 - Test: testSaveChildWithParent
14:11:40,138 DEBUG SQL:104 - 
    select
        parent_.id 
    from
        Parent parent_ 
    where
        parent_.id=?
14:11:40,140 DEBUG SQL:104 - 
    insert 
    into
        Parent
        (id) 
    values
        (?)
14:11:40,149 DEBUG SQL:104 - 
    insert 
    into
        Child
        (id, parent) 
    values
        (null, ?)
14:11:40,150 DEBUG SQL:104 - 
    select
        parent0_.id as id1_0_ 
    from
        Parent parent0_ 
    where
        parent0_.id=?
14:11:40,151 DEBUG SQL:104 - 
    select
        children0_.parent as parent1_1_,
        children0_.id as id0_1_,
        children0_.id as id0_0_,
        children0_.parent as parent0_0_ 
    from
        Child children0_ 
    where
        children0_.parent=?
14:11:40,153  INFO SchemaExport:343 - HHH000227: Running hbm2ddl schema export
14:11:40,154 DEBUG SchemaExport:353 - Import file not found: /import.sql
14:11:40,154 DEBUG SQL:104 - 
    alter table Child 
        drop constraint FK3E104FC2A6B65A4
14:11:40,166 DEBUG SQL:104 - 
    drop table Child if exists
14:11:40,167 DEBUG SQL:104 - 
    drop table Parent if exists
14:11:40,167  INFO SchemaExport:405 - HHH000230: Schema export complete
14:11:40,167  INFO DriverManagerConnectionProviderImpl:162 - HHH000030: Cleaning up connection pool [jdbc:h2:mem:db1;DB_CLOSE_DELAY=-1;MVCC=TRUE]
]]></system-out>
  <system-err><![CDATA[]]></system-err>
</testsuite>
