<?xml version="1.0" encoding="UTF-8"?>
<testsuite errors="0" failures="0" hostname="dhcp-10.15.208.168.stl.redhat.com" name="org.hibernate.test.generatedkeys.seqidentity.SequenceIdentityTest" tests="1" time="0.001" timestamp="2013-02-28T20:12:33">
  <properties />
  <ignored-testcase classname="org.hibernate.test.generatedkeys.seqidentity.SequenceIdentityTest" name="testSequenceIdentityGenerator" time="0.0" />
  <system-out><![CDATA[14:12:33,550  INFO CustomRunner:132 - BeforeClass: org.hibernate.test.generatedkeys.seqidentity.SequenceIdentityTest
]]></system-out>
  <system-err><![CDATA[]]></system-err>
</testsuite>
