<?xml version="1.0" encoding="UTF-8"?>
<testsuite errors="0" failures="0" hostname="dhcp-10.15.208.168.stl.redhat.com" name="org.hibernate.test.stats.SessionStatsTest" tests="1" time="0.095" timestamp="2013-02-28T20:19:21">
  <properties />
  <testcase classname="org.hibernate.test.stats.SessionStatsTest" name="testSessionStatistics" time="0.005" />
  <system-out><![CDATA[14:19:21,152  INFO CustomRunner:132 - BeforeClass: org.hibernate.test.stats.SessionStatsTest
14:19:21,154  INFO Configuration:706 - HHH000221: Reading mappings from resource: org/hibernate/test/stats/Continent2.hbm.xml
14:19:21,164  INFO DriverManagerConnectionProviderImpl:99 - HHH000402: Using Hibernate built-in connection pool (not for production use!)
14:19:21,164  INFO DriverManagerConnectionProviderImpl:135 - HHH000115: Hibernate connection pool size: 5
14:19:21,164  INFO DriverManagerConnectionProviderImpl:138 - HHH000006: Autocommit mode: false
14:19:21,164  INFO DriverManagerConnectionProviderImpl:153 - HHH000401: using driver [org.h2.Driver] at URL [jdbc:h2:mem:db1;DB_CLOSE_DELAY=-1;MVCC=TRUE]
14:19:21,165  INFO DriverManagerConnectionProviderImpl:158 - HHH000046: Connection properties: {user=sa}
14:19:21,166  INFO Dialect:103 - HHH000400: Using dialect: org.hibernate.dialect.H2Dialect
14:19:21,167  INFO LobCreatorBuilder:94 - HHH000423: Disabling contextual LOB creation as JDBC driver reported JDBC version [3] less than 4
14:19:21,167  INFO TransactionFactoryInitiator:66 - HHH000399: Using default transaction strategy (direct JDBC transactions)
14:19:21,168  INFO ASTQueryTranslatorFactory:48 - HHH000397: Using ASTQueryTranslatorFactory
14:19:21,168  WARN CachingRegionFactory:58 - CachingRegionFactory should be only used for testing.
14:19:21,176  INFO SchemaExport:343 - HHH000227: Running hbm2ddl schema export
14:19:21,176 DEBUG SchemaExport:353 - Import file not found: /import.sql
14:19:21,177 DEBUG SQL:104 - 
    alter table tbl_country 
        drop constraint FK4E4420152700D073
14:19:21,177 ERROR SchemaExport:425 - HHH000389: Unsuccessful: alter table tbl_country drop constraint FK4E4420152700D073
14:19:21,177 ERROR SchemaExport:426 - Table "TBL_COUNTRY" not found; SQL statement:

    alter table tbl_country 
        drop constraint FK4E4420152700D073 [42102-145]
14:19:21,177 DEBUG SQL:104 - 
    drop table tbl_continent if exists
14:19:21,178 DEBUG SQL:104 - 
    drop table tbl_country if exists
14:19:21,178 DEBUG SQL:104 - 
    create table tbl_continent (
        id integer generated by default as identity,
        name varchar(255),
        primary key (id)
    )
14:19:21,178 DEBUG SQL:104 - 
    create table tbl_country (
        id integer generated by default as identity,
        name varchar(255),
        country_id integer,
        primary key (id)
    )
14:19:21,179 DEBUG SQL:104 - 
    alter table tbl_country 
        add constraint FK4E4420152700D073 
        foreign key (country_id) 
        references tbl_continent
14:19:21,179  INFO SchemaExport:405 - HHH000230: Schema export complete
14:19:21,180  WARN SessionFactoryImpl:1554 - HHH000008: JTASessionContext being used with JDBCTransactionFactory; auto-flush will not operate correctly with getCurrentSession()
14:19:21,180  INFO CustomRunner:139 - Test: testSessionStatistics
14:19:21,181 DEBUG SQL:104 - 
    insert 
    into
        tbl_country
        (id, name) 
    values
        (null, ?)
14:19:21,182 DEBUG SQL:104 - 
    insert 
    into
        tbl_continent
        (id, name) 
    values
        (null, ?)
14:19:21,183 DEBUG SQL:104 - 
    update
        tbl_country 
    set
        country_id=? 
    where
        id=?
14:19:21,183 DEBUG SQL:104 - 
    select
        continent0_.id as id0_0_,
        continent0_.name as name0_0_ 
    from
        tbl_continent continent0_ 
    where
        continent0_.id=?
14:19:21,184 DEBUG SQL:104 - 
    select
        countries0_.country_id as country3_0_1_,
        countries0_.id as id1_1_,
        countries0_.id as id1_0_,
        countries0_.name as name1_0_ 
    from
        tbl_country countries0_ 
    where
        countries0_.country_id=?
14:19:21,185  INFO SchemaExport:343 - HHH000227: Running hbm2ddl schema export
14:19:21,185 DEBUG SchemaExport:353 - Import file not found: /import.sql
14:19:21,186 DEBUG SQL:104 - 
    alter table tbl_country 
        drop constraint FK4E4420152700D073
14:19:21,186 DEBUG SQL:104 - 
    drop table tbl_continent if exists
14:19:21,186 DEBUG SQL:104 - 
    drop table tbl_country if exists
14:19:21,186  INFO SchemaExport:405 - HHH000230: Schema export complete
14:19:21,187  INFO DriverManagerConnectionProviderImpl:162 - HHH000030: Cleaning up connection pool [jdbc:h2:mem:db1;DB_CLOSE_DELAY=-1;MVCC=TRUE]
]]></system-out>
  <system-err><![CDATA[]]></system-err>
</testsuite>
