<?xml version="1.0" encoding="UTF-8"?>
<testsuite errors="0" failures="0" hostname="dhcp-10.15.208.168.stl.redhat.com" name="org.hibernate.test.annotations.quote.resultsetmappings.ExplicitSqlResultSetMappingTest" tests="2" time="0.057" timestamp="2013-02-28T20:10:43">
  <properties />
  <testcase classname="org.hibernate.test.annotations.quote.resultsetmappings.ExplicitSqlResultSetMappingTest" name="testCompleteScalarAutoDiscovery" time="0.021" />
  <testcase classname="org.hibernate.test.annotations.quote.resultsetmappings.ExplicitSqlResultSetMappingTest" name="testPartialScalarAutoDiscovery" time="0.004" />
  <system-out><![CDATA[14:10:43,443  INFO CustomRunner:132 - BeforeClass: org.hibernate.test.annotations.quote.resultsetmappings.ExplicitSqlResultSetMappingTest
14:10:43,446  INFO DriverManagerConnectionProviderImpl:99 - HHH000402: Using Hibernate built-in connection pool (not for production use!)
14:10:43,447  INFO DriverManagerConnectionProviderImpl:135 - HHH000115: Hibernate connection pool size: 5
14:10:43,447  INFO DriverManagerConnectionProviderImpl:138 - HHH000006: Autocommit mode: false
14:10:43,447  INFO DriverManagerConnectionProviderImpl:153 - HHH000401: using driver [org.h2.Driver] at URL [jdbc:h2:mem:db1;DB_CLOSE_DELAY=-1;MVCC=TRUE]
14:10:43,447  INFO DriverManagerConnectionProviderImpl:158 - HHH000046: Connection properties: {user=sa}
14:10:43,448  INFO Dialect:103 - HHH000400: Using dialect: org.hibernate.dialect.H2Dialect
14:10:43,449  INFO LobCreatorBuilder:94 - HHH000423: Disabling contextual LOB creation as JDBC driver reported JDBC version [3] less than 4
14:10:43,449  INFO TransactionFactoryInitiator:66 - HHH000399: Using default transaction strategy (direct JDBC transactions)
14:10:43,449  INFO ASTQueryTranslatorFactory:48 - HHH000397: Using ASTQueryTranslatorFactory
14:10:43,450  WARN CachingRegionFactory:58 - CachingRegionFactory should be only used for testing.
14:10:43,455  INFO SchemaExport:343 - HHH000227: Running hbm2ddl schema export
14:10:43,457 DEBUG SchemaExport:353 - Import file not found: /import.sql
14:10:43,457 DEBUG SQL:104 - 
    drop table "MY_ENTITY_TABLE" if exists
14:10:43,458 DEBUG SQL:104 - 
    drop sequence "hibernate_sequence"
14:10:43,458 ERROR SchemaExport:425 - HHH000389: Unsuccessful: drop sequence "hibernate_sequence"
14:10:43,458 ERROR SchemaExport:426 - Sequence "hibernate_sequence" not found; SQL statement:

    drop sequence "hibernate_sequence" [90036-145]
14:10:43,463 DEBUG SQL:104 - 
    create table "MY_ENTITY_TABLE" (
        "id" bigint not null,
        "NAME" varchar(255),
        primary key ("id")
    )
14:10:43,464 DEBUG SQL:104 - 
    create sequence "hibernate_sequence" start with 1 increment by 1
14:10:43,464  INFO SchemaExport:405 - HHH000230: Schema export complete
14:10:43,465  WARN SessionFactoryImpl:1554 - HHH000008: JTASessionContext being used with JDBCTransactionFactory; auto-flush will not operate correctly with getCurrentSession()
14:10:43,465  INFO CustomRunner:139 - Test: testCompleteScalarAutoDiscovery
14:10:43,466 DEBUG SQL:104 - 
    call next value for "hibernate_sequence"
14:10:43,467 DEBUG SQL:104 - 
    insert 
    into
        "MY_ENTITY_TABLE"
        ("NAME", "id") 
    values
        (?, ?)
14:10:43,468 DEBUG SQL:104 - 
    select
        t."NAME" as "QuotEd_nAMe" 
    from
        "MY_ENTITY_TABLE" t
14:10:43,468 DEBUG QueryTranslatorImpl:265 - parse() - HQL: delete from org.hibernate.test.annotations.quote.resultsetmappings.MyEntity
14:10:43,469 DEBUG QueryTranslatorImpl:283 - --- HQL AST ---
 \-[DELETE] Node: 'delete'
    \-[FROM] Node: 'FROM'
       \-[RANGE] Node: 'RANGE'
          \-[DOT] Node: '.'
             +-[DOT] Node: '.'
             |  +-[DOT] Node: '.'
             |  |  +-[DOT] Node: '.'
             |  |  |  +-[DOT] Node: '.'
             |  |  |  |  +-[DOT] Node: '.'
             |  |  |  |  |  +-[IDENT] Node: 'org'
             |  |  |  |  |  \-[IDENT] Node: 'hibernate'
             |  |  |  |  \-[IDENT] Node: 'test'
             |  |  |  \-[IDENT] Node: 'annotations'
             |  |  \-[IDENT] Node: 'quote'
             |  \-[IDENT] Node: 'resultsetmappings'
             \-[IDENT] Node: 'MyEntity'

14:10:43,476 DEBUG ErrorCounter:82 - throwQueryException() : no errors
14:10:43,477 DEBUG FromElement:157 - FromClause{level=1} : org.hibernate.test.annotations.quote.resultsetmappings.MyEntity (<no alias>) -> myentity0_
14:10:43,477 DEBUG QueryTranslatorImpl:252 - --- SQL AST ---
 \-[DELETE] DeleteStatement: 'delete'  querySpaces ("MY_ENTITY_TABLE")
    \-[FROM] FromClause: 'FROM' FromClause{level=1, fromElementCounter=1, fromElements=1, fromElementByClassAlias=[], fromElementByTableAlias=[myentity0_], fromElementsByPath=[], collectionJoinFromElementsByPath=[], impliedElements=[]}
       \-[FROM_FRAGMENT] FromElement: '"MY_ENTITY_TABLE"' FromElement{explicit,not a collection join,not a fetch join,fetch non-lazy properties,classAlias=null,role=null,tableName="MY_ENTITY_TABLE",tableAlias=myentity0_,origin=null,columns={,className=org.hibernate.test.annotations.quote.resultsetmappings.MyEntity}}

14:10:43,477 DEBUG ErrorCounter:82 - throwQueryException() : no errors
14:10:43,477 DEBUG ErrorCounter:82 - throwQueryException() : no errors
14:10:43,477 DEBUG SQL:104 - 
    delete 
    from
        "MY_ENTITY_TABLE"
14:10:43,486  INFO CustomRunner:139 - Test: testPartialScalarAutoDiscovery
14:10:43,487 DEBUG SQL:104 - 
    call next value for "hibernate_sequence"
14:10:43,488 DEBUG SQL:104 - 
    insert 
    into
        "MY_ENTITY_TABLE"
        ("NAME", "id") 
    values
        (?, ?)
14:10:43,488 DEBUG SQL:104 - 
    select
        t."NAME" as "QuotEd_nAMe" 
    from
        "MY_ENTITY_TABLE" t
14:10:43,489 DEBUG SQL:104 - 
    delete 
    from
        "MY_ENTITY_TABLE"
14:10:43,490  INFO SchemaExport:343 - HHH000227: Running hbm2ddl schema export
14:10:43,490 DEBUG SchemaExport:353 - Import file not found: /import.sql
14:10:43,491 DEBUG SQL:104 - 
    drop table "MY_ENTITY_TABLE" if exists
14:10:43,491 DEBUG SQL:104 - 
    drop sequence "hibernate_sequence"
14:10:43,491  INFO SchemaExport:405 - HHH000230: Schema export complete
14:10:43,498  INFO DriverManagerConnectionProviderImpl:162 - HHH000030: Cleaning up connection pool [jdbc:h2:mem:db1;DB_CLOSE_DELAY=-1;MVCC=TRUE]
]]></system-out>
  <system-err><![CDATA[]]></system-err>
</testsuite>
