<?xml version="1.0" encoding="UTF-8"?>
<testsuite errors="0" failures="0" hostname="dhcp-10.15.208.168.stl.redhat.com" name="org.hibernate.test.typedonetoone.TypedOneToOneTest" tests="2" time="0.182" timestamp="2013-02-28T20:19:26">
  <properties />
  <testcase classname="org.hibernate.test.typedonetoone.TypedOneToOneTest" name="testCreateQuery" time="0.016" />
  <testcase classname="org.hibernate.test.typedonetoone.TypedOneToOneTest" name="testCreateQueryNull" time="0.017" />
  <system-out><![CDATA[14:19:26,151  INFO CustomRunner:132 - BeforeClass: org.hibernate.test.typedonetoone.TypedOneToOneTest
14:19:26,153  INFO Configuration:706 - HHH000221: Reading mappings from resource: org/hibernate/test/typedonetoone/Customer.hbm.xml
14:19:26,214  INFO DriverManagerConnectionProviderImpl:99 - HHH000402: Using Hibernate built-in connection pool (not for production use!)
14:19:26,214  INFO DriverManagerConnectionProviderImpl:135 - HHH000115: Hibernate connection pool size: 5
14:19:26,214  INFO DriverManagerConnectionProviderImpl:138 - HHH000006: Autocommit mode: false
14:19:26,215  INFO DriverManagerConnectionProviderImpl:153 - HHH000401: using driver [org.h2.Driver] at URL [jdbc:h2:mem:db1;DB_CLOSE_DELAY=-1;MVCC=TRUE]
14:19:26,215  INFO DriverManagerConnectionProviderImpl:158 - HHH000046: Connection properties: {user=sa}
14:19:26,219  INFO Dialect:103 - HHH000400: Using dialect: org.hibernate.dialect.H2Dialect
14:19:26,220  INFO LobCreatorBuilder:94 - HHH000423: Disabling contextual LOB creation as JDBC driver reported JDBC version [3] less than 4
14:19:26,220  INFO TransactionFactoryInitiator:66 - HHH000399: Using default transaction strategy (direct JDBC transactions)
14:19:26,221  INFO ASTQueryTranslatorFactory:48 - HHH000397: Using ASTQueryTranslatorFactory
14:19:26,221  WARN CachingRegionFactory:58 - CachingRegionFactory should be only used for testing.
14:19:26,242  INFO SchemaExport:343 - HHH000227: Running hbm2ddl schema export
14:19:26,243 DEBUG SchemaExport:353 - Import file not found: /import.sql
14:19:26,244 DEBUG SQL:104 - 
    alter table Address 
        drop constraint FK1ED033D4A728E86C
14:19:26,245 ERROR SchemaExport:425 - HHH000389: Unsuccessful: alter table Address drop constraint FK1ED033D4A728E86C
14:19:26,245 ERROR SchemaExport:426 - Table "ADDRESS" not found; SQL statement:

    alter table Address 
        drop constraint FK1ED033D4A728E86C [42102-145]
14:19:26,246 DEBUG SQL:104 - 
    drop table Address if exists
14:19:26,246 DEBUG SQL:104 - 
    drop table Customer if exists
14:19:26,246 DEBUG SQL:104 - 
    create table Address (
        customerId varchar(255) not null,
        add_type varchar(255) not null,
        street varchar(255) not null,
        city varchar(255) not null,
        state varchar(255) not null,
        zip varchar(255) not null,
        primary key (customerId, add_type),
        check (add_type in ('BILLING', 'SHIPPING'))
    )
14:19:26,247 DEBUG SQL:104 - 
    create table Customer (
        customerId varchar(255) not null,
        name varchar(255) not null,
        primary key (customerId)
    )
14:19:26,253 DEBUG SQL:104 - 
    alter table Address 
        add constraint FK1ED033D4A728E86C 
        foreign key (customerId) 
        references Customer
14:19:26,254  INFO SchemaExport:405 - HHH000230: Schema export complete
14:19:26,255  WARN SessionFactoryImpl:1554 - HHH000008: JTASessionContext being used with JDBCTransactionFactory; auto-flush will not operate correctly with getCurrentSession()
14:19:26,262  INFO CustomRunner:139 - Test: testCreateQuery
14:19:26,264 DEBUG SQL:104 - 
    insert 
    into
        Customer
        (name, customerId) 
    values
        (?, ?)
14:19:26,265 DEBUG SQL:104 - 
    insert 
    into
        Address
        (street, city, state, zip, customerId, add_type) 
    values
        (?, ?, ?, ?, ?, ?)
14:19:26,265 DEBUG SQL:104 - 
    insert 
    into
        Address
        (street, city, state, zip, customerId, add_type) 
    values
        (?, ?, ?, ?, ?, ?)
14:19:26,266 DEBUG QueryTranslatorImpl:265 - parse() - HQL: from org.hibernate.test.typedonetoone.Customer cust left join fetch cust.billingAddress where cust.customerId='abc123'
14:19:26,267 DEBUG QueryTranslatorImpl:283 - --- HQL AST ---
 \-[QUERY] Node: 'query'
    +-[SELECT_FROM] Node: 'SELECT_FROM'
    |  \-[FROM] Node: 'from'
    |     +-[RANGE] Node: 'RANGE'
    |     |  +-[DOT] Node: '.'
    |     |  |  +-[DOT] Node: '.'
    |     |  |  |  +-[DOT] Node: '.'
    |     |  |  |  |  +-[DOT] Node: '.'
    |     |  |  |  |  |  +-[IDENT] Node: 'org'
    |     |  |  |  |  |  \-[IDENT] Node: 'hibernate'
    |     |  |  |  |  \-[IDENT] Node: 'test'
    |     |  |  |  \-[IDENT] Node: 'typedonetoone'
    |     |  |  \-[IDENT] Node: 'Customer'
    |     |  \-[ALIAS] Node: 'cust'
    |     \-[JOIN] Node: 'join'
    |        +-[LEFT] Node: 'left'
    |        +-[FETCH] Node: 'fetch'
    |        \-[DOT] Node: '.'
    |           +-[IDENT] Node: 'cust'
    |           \-[IDENT] Node: 'billingAddress'
    \-[WHERE] Node: 'where'
       \-[EQ] Node: '='
          +-[DOT] Node: '.'
          |  +-[IDENT] Node: 'cust'
          |  \-[IDENT] Node: 'customerId'
          \-[QUOTED_STRING] Node: ''abc123''

14:19:26,267 DEBUG ErrorCounter:82 - throwQueryException() : no errors
14:19:26,267 DEBUG FromElement:157 - FromClause{level=1} : org.hibernate.test.typedonetoone.Customer (cust) -> customer0_
14:19:26,267 DEBUG FromReferenceNode:74 - Resolved : cust -> customer0_.customerId
14:19:26,268 DEBUG DotNode:599 - getDataType() : billingAddress -> org.hibernate.type.OneToOneType(BillingAddress)
14:19:26,268 DEBUG DotNode:389 - dereferenceEntityJoin() : generating join for billingAddress in org.hibernate.test.typedonetoone.Customer (<no alias>) parent = [ {null} ]
14:19:26,268 DEBUG FromElement:157 - FromClause{level=1} : BillingAddress (<no alias>) -> billingadd1_
14:19:26,268 DEBUG FromClause:282 - addJoinByPathMap() : cust.billingAddress -> FromElement{explicit,not a collection join,not a fetch join,fetch non-lazy properties,classAlias=null,role=null,tableName=Address,tableAlias=billingadd1_,origin=Customer customer0_,columns={customer0_.customerId ,className=BillingAddress}}
14:19:26,268 DEBUG FromReferenceNode:74 - Resolved : cust.billingAddress -> customer0_.customerId
14:19:26,268 DEBUG HqlSqlWalker:403 - createFromJoinElement() : -- join tree --
 \-[JOIN_FRAGMENT] FromElement: 'Address billingadd1_' FromElement{explicit,not a collection join,fetch join,fetch non-lazy properties,classAlias=null,role=null,tableName=Address,tableAlias=billingadd1_,origin=Customer customer0_,columns={customer0_.customerId ,className=BillingAddress}}

14:19:26,268 DEBUG FromReferenceNode:74 - Resolved : cust -> customer0_.customerId
14:19:26,268 DEBUG DotNode:599 - getDataType() : customerId -> org.hibernate.type.StringType@2dc8de40
14:19:26,269 DEBUG FromReferenceNode:74 - Resolved : cust.customerId -> customer0_.customerId
14:19:26,269 DEBUG HqlSqlWalker:629 - processQuery() :  ( SELECT ( FromClause{level=1} ( Customer customer0_ Address billingadd1_ ) ) ( where ( = ( customer0_.customerId customer0_.customerId customerId ) 'abc123' ) ) )
14:19:26,269 DEBUG HqlSqlWalker:869 - Derived SELECT clause created.
14:19:26,269 DEBUG JoinProcessor:175 - Using FROM fragment [Customer customer0_]
14:19:26,269 DEBUG JoinProcessor:175 - Using FROM fragment [left outer join Address billingadd1_ on customer0_.customerId=billingadd1_.customerId and ( billingadd1_.add_type='BILLING')]
14:19:26,269 DEBUG QueryTranslatorImpl:252 - --- SQL AST ---
 \-[SELECT] QueryNode: 'SELECT'  querySpaces (Customer,Address)
    +-[SELECT_CLAUSE] SelectClause: '{derived select clause}'
    |  +-[SELECT_EXPR] SelectExpressionImpl: 'customer0_.customerId as customerId1_0_' {FromElement{explicit,not a collection join,not a fetch join,fetch non-lazy properties,classAlias=cust,role=null,tableName=Customer,tableAlias=customer0_,origin=null,columns={,className=org.hibernate.test.typedonetoone.Customer}}}
    |  +-[SELECT_EXPR] SelectExpressionImpl: 'billingadd1_.customerId as customerId0_1_, billingadd1_.add_type as add2_0_1_' {FromElement{explicit,not a collection join,fetch join,fetch non-lazy properties,classAlias=null,role=null,tableName=Address,tableAlias=billingadd1_,origin=Customer customer0_,columns={customer0_.customerId ,className=BillingAddress}}}
    |  +-[SQL_TOKEN] SqlFragment: 'customer0_.name as name1_0_'
    |  \-[SQL_TOKEN] SqlFragment: 'billingadd1_.street as street0_1_, billingadd1_.city as city0_1_, billingadd1_.state as state0_1_, billingadd1_.zip as zip0_1_'
    +-[FROM] FromClause: 'from' FromClause{level=1, fromElementCounter=2, fromElements=2, fromElementByClassAlias=[cust], fromElementByTableAlias=[customer0_, billingadd1_], fromElementsByPath=[cust.billingAddress], collectionJoinFromElementsByPath=[], impliedElements=[]}
    |  \-[FROM_FRAGMENT] FromElement: 'Customer customer0_' FromElement{explicit,not a collection join,not a fetch join,fetch non-lazy properties,classAlias=cust,role=null,tableName=Customer,tableAlias=customer0_,origin=null,columns={,className=org.hibernate.test.typedonetoone.Customer}}
    |     \-[JOIN_FRAGMENT] FromElement: 'left outer join Address billingadd1_ on customer0_.customerId=billingadd1_.customerId and ( billingadd1_.add_type='BILLING')' FromElement{explicit,not a collection join,fetch join,fetch non-lazy properties,classAlias=null,role=null,tableName=Address,tableAlias=billingadd1_,origin=Customer customer0_,columns={customer0_.customerId ,className=BillingAddress}}
    \-[WHERE] SqlNode: 'where'
       \-[EQ] BinaryLogicOperatorNode: '='
          +-[DOT] DotNode: 'customer0_.customerId' {propertyName=customerId,dereferenceType=ALL,propertyPath=customerId,path=cust.customerId,tableAlias=customer0_,className=org.hibernate.test.typedonetoone.Customer,classAlias=cust}
          |  +-[ALIAS_REF] IdentNode: 'customer0_.customerId' {alias=cust, className=org.hibernate.test.typedonetoone.Customer, tableAlias=customer0_}
          |  \-[IDENT] IdentNode: 'customerId' {originalText=customerId}
          \-[QUOTED_STRING] LiteralNode: ''abc123''

14:19:26,269 DEBUG ErrorCounter:82 - throwQueryException() : no errors
14:19:26,270 DEBUG QueryTranslatorImpl:235 - HQL: from org.hibernate.test.typedonetoone.Customer cust left join fetch cust.billingAddress where cust.customerId='abc123'
14:19:26,270 DEBUG QueryTranslatorImpl:236 - SQL: select customer0_.customerId as customerId1_0_, billingadd1_.customerId as customerId0_1_, billingadd1_.add_type as add2_0_1_, customer0_.name as name1_0_, billingadd1_.street as street0_1_, billingadd1_.city as city0_1_, billingadd1_.state as state0_1_, billingadd1_.zip as zip0_1_ from Customer customer0_ left outer join Address billingadd1_ on customer0_.customerId=billingadd1_.customerId and ( billingadd1_.add_type='BILLING') where customer0_.customerId='abc123'
14:19:26,270 DEBUG ErrorCounter:82 - throwQueryException() : no errors
14:19:26,270 DEBUG SQL:104 - 
    select
        customer0_.customerId as customerId1_0_,
        billingadd1_.customerId as customerId0_1_,
        billingadd1_.add_type as add2_0_1_,
        customer0_.name as name1_0_,
        billingadd1_.street as street0_1_,
        billingadd1_.city as city0_1_,
        billingadd1_.state as state0_1_,
        billingadd1_.zip as zip0_1_ 
    from
        Customer customer0_ 
    left outer join
        Address billingadd1_ 
            on customer0_.customerId=billingadd1_.customerId 
            and (
                billingadd1_.add_type='BILLING'
            ) 
    where
        customer0_.customerId='abc123'
14:19:26,271 DEBUG SQL:104 - 
    select
        shippingad0_.customerId as customerId0_0_,
        shippingad0_.add_type as add2_0_0_,
        shippingad0_.street as street0_0_,
        shippingad0_.city as city0_0_,
        shippingad0_.state as state0_0_,
        shippingad0_.zip as zip0_0_ 
    from
        Address shippingad0_ 
    where
        shippingad0_.customerId=? 
        and (
            shippingad0_.add_type='SHIPPING'
        ) 
14:19:26,272 DEBUG SQL:104 - 
    delete 
    from
        Address 
    where
        customerId=? 
        and add_type=?
14:19:26,272 DEBUG SQL:104 - 
    delete 
    from
        Address 
    where
        customerId=? 
        and add_type=?
14:19:26,272 DEBUG SQL:104 - 
    delete 
    from
        Customer 
    where
        customerId=?
14:19:26,283  INFO CustomRunner:139 - Test: testCreateQueryNull
14:19:26,294 DEBUG SQL:104 - 
    insert 
    into
        Customer
        (name, customerId) 
    values
        (?, ?)
14:19:26,295 DEBUG QueryTranslatorImpl:265 - parse() - HQL: from org.hibernate.test.typedonetoone.Customer cust left join fetch cust.billingAddress where cust.customerId='xyz123'
14:19:26,296 DEBUG QueryTranslatorImpl:283 - --- HQL AST ---
 \-[QUERY] Node: 'query'
    +-[SELECT_FROM] Node: 'SELECT_FROM'
    |  \-[FROM] Node: 'from'
    |     +-[RANGE] Node: 'RANGE'
    |     |  +-[DOT] Node: '.'
    |     |  |  +-[DOT] Node: '.'
    |     |  |  |  +-[DOT] Node: '.'
    |     |  |  |  |  +-[DOT] Node: '.'
    |     |  |  |  |  |  +-[IDENT] Node: 'org'
    |     |  |  |  |  |  \-[IDENT] Node: 'hibernate'
    |     |  |  |  |  \-[IDENT] Node: 'test'
    |     |  |  |  \-[IDENT] Node: 'typedonetoone'
    |     |  |  \-[IDENT] Node: 'Customer'
    |     |  \-[ALIAS] Node: 'cust'
    |     \-[JOIN] Node: 'join'
    |        +-[LEFT] Node: 'left'
    |        +-[FETCH] Node: 'fetch'
    |        \-[DOT] Node: '.'
    |           +-[IDENT] Node: 'cust'
    |           \-[IDENT] Node: 'billingAddress'
    \-[WHERE] Node: 'where'
       \-[EQ] Node: '='
          +-[DOT] Node: '.'
          |  +-[IDENT] Node: 'cust'
          |  \-[IDENT] Node: 'customerId'
          \-[QUOTED_STRING] Node: ''xyz123''

14:19:26,297 DEBUG ErrorCounter:82 - throwQueryException() : no errors
14:19:26,297 DEBUG FromElement:157 - FromClause{level=1} : org.hibernate.test.typedonetoone.Customer (cust) -> customer0_
14:19:26,297 DEBUG FromReferenceNode:74 - Resolved : cust -> customer0_.customerId
14:19:26,297 DEBUG DotNode:599 - getDataType() : billingAddress -> org.hibernate.type.OneToOneType(BillingAddress)
14:19:26,297 DEBUG DotNode:389 - dereferenceEntityJoin() : generating join for billingAddress in org.hibernate.test.typedonetoone.Customer (<no alias>) parent = [ {null} ]
14:19:26,297 DEBUG FromElement:157 - FromClause{level=1} : BillingAddress (<no alias>) -> billingadd1_
14:19:26,297 DEBUG FromClause:282 - addJoinByPathMap() : cust.billingAddress -> FromElement{explicit,not a collection join,not a fetch join,fetch non-lazy properties,classAlias=null,role=null,tableName=Address,tableAlias=billingadd1_,origin=Customer customer0_,columns={customer0_.customerId ,className=BillingAddress}}
14:19:26,298 DEBUG FromReferenceNode:74 - Resolved : cust.billingAddress -> customer0_.customerId
14:19:26,298 DEBUG HqlSqlWalker:403 - createFromJoinElement() : -- join tree --
 \-[JOIN_FRAGMENT] FromElement: 'Address billingadd1_' FromElement{explicit,not a collection join,fetch join,fetch non-lazy properties,classAlias=null,role=null,tableName=Address,tableAlias=billingadd1_,origin=Customer customer0_,columns={customer0_.customerId ,className=BillingAddress}}

14:19:26,298 DEBUG FromReferenceNode:74 - Resolved : cust -> customer0_.customerId
14:19:26,298 DEBUG DotNode:599 - getDataType() : customerId -> org.hibernate.type.StringType@2dc8de40
14:19:26,298 DEBUG FromReferenceNode:74 - Resolved : cust.customerId -> customer0_.customerId
14:19:26,298 DEBUG HqlSqlWalker:629 - processQuery() :  ( SELECT ( FromClause{level=1} ( Customer customer0_ Address billingadd1_ ) ) ( where ( = ( customer0_.customerId customer0_.customerId customerId ) 'xyz123' ) ) )
14:19:26,298 DEBUG HqlSqlWalker:869 - Derived SELECT clause created.
14:19:26,299 DEBUG JoinProcessor:175 - Using FROM fragment [Customer customer0_]
14:19:26,299 DEBUG JoinProcessor:175 - Using FROM fragment [left outer join Address billingadd1_ on customer0_.customerId=billingadd1_.customerId and ( billingadd1_.add_type='BILLING')]
14:19:26,299 DEBUG QueryTranslatorImpl:252 - --- SQL AST ---
 \-[SELECT] QueryNode: 'SELECT'  querySpaces (Customer,Address)
    +-[SELECT_CLAUSE] SelectClause: '{derived select clause}'
    |  +-[SELECT_EXPR] SelectExpressionImpl: 'customer0_.customerId as customerId1_0_' {FromElement{explicit,not a collection join,not a fetch join,fetch non-lazy properties,classAlias=cust,role=null,tableName=Customer,tableAlias=customer0_,origin=null,columns={,className=org.hibernate.test.typedonetoone.Customer}}}
    |  +-[SELECT_EXPR] SelectExpressionImpl: 'billingadd1_.customerId as customerId0_1_, billingadd1_.add_type as add2_0_1_' {FromElement{explicit,not a collection join,fetch join,fetch non-lazy properties,classAlias=null,role=null,tableName=Address,tableAlias=billingadd1_,origin=Customer customer0_,columns={customer0_.customerId ,className=BillingAddress}}}
    |  +-[SQL_TOKEN] SqlFragment: 'customer0_.name as name1_0_'
    |  \-[SQL_TOKEN] SqlFragment: 'billingadd1_.street as street0_1_, billingadd1_.city as city0_1_, billingadd1_.state as state0_1_, billingadd1_.zip as zip0_1_'
    +-[FROM] FromClause: 'from' FromClause{level=1, fromElementCounter=2, fromElements=2, fromElementByClassAlias=[cust], fromElementByTableAlias=[customer0_, billingadd1_], fromElementsByPath=[cust.billingAddress], collectionJoinFromElementsByPath=[], impliedElements=[]}
    |  \-[FROM_FRAGMENT] FromElement: 'Customer customer0_' FromElement{explicit,not a collection join,not a fetch join,fetch non-lazy properties,classAlias=cust,role=null,tableName=Customer,tableAlias=customer0_,origin=null,columns={,className=org.hibernate.test.typedonetoone.Customer}}
    |     \-[JOIN_FRAGMENT] FromElement: 'left outer join Address billingadd1_ on customer0_.customerId=billingadd1_.customerId and ( billingadd1_.add_type='BILLING')' FromElement{explicit,not a collection join,fetch join,fetch non-lazy properties,classAlias=null,role=null,tableName=Address,tableAlias=billingadd1_,origin=Customer customer0_,columns={customer0_.customerId ,className=BillingAddress}}
    \-[WHERE] SqlNode: 'where'
       \-[EQ] BinaryLogicOperatorNode: '='
          +-[DOT] DotNode: 'customer0_.customerId' {propertyName=customerId,dereferenceType=ALL,propertyPath=customerId,path=cust.customerId,tableAlias=customer0_,className=org.hibernate.test.typedonetoone.Customer,classAlias=cust}
          |  +-[ALIAS_REF] IdentNode: 'customer0_.customerId' {alias=cust, className=org.hibernate.test.typedonetoone.Customer, tableAlias=customer0_}
          |  \-[IDENT] IdentNode: 'customerId' {originalText=customerId}
          \-[QUOTED_STRING] LiteralNode: ''xyz123''

14:19:26,299 DEBUG ErrorCounter:82 - throwQueryException() : no errors
14:19:26,299 DEBUG QueryTranslatorImpl:235 - HQL: from org.hibernate.test.typedonetoone.Customer cust left join fetch cust.billingAddress where cust.customerId='xyz123'
14:19:26,299 DEBUG QueryTranslatorImpl:236 - SQL: select customer0_.customerId as customerId1_0_, billingadd1_.customerId as customerId0_1_, billingadd1_.add_type as add2_0_1_, customer0_.name as name1_0_, billingadd1_.street as street0_1_, billingadd1_.city as city0_1_, billingadd1_.state as state0_1_, billingadd1_.zip as zip0_1_ from Customer customer0_ left outer join Address billingadd1_ on customer0_.customerId=billingadd1_.customerId and ( billingadd1_.add_type='BILLING') where customer0_.customerId='xyz123'
14:19:26,299 DEBUG ErrorCounter:82 - throwQueryException() : no errors
14:19:26,300 DEBUG SQL:104 - 
    select
        customer0_.customerId as customerId1_0_,
        billingadd1_.customerId as customerId0_1_,
        billingadd1_.add_type as add2_0_1_,
        customer0_.name as name1_0_,
        billingadd1_.street as street0_1_,
        billingadd1_.city as city0_1_,
        billingadd1_.state as state0_1_,
        billingadd1_.zip as zip0_1_ 
    from
        Customer customer0_ 
    left outer join
        Address billingadd1_ 
            on customer0_.customerId=billingadd1_.customerId 
            and (
                billingadd1_.add_type='BILLING'
            ) 
    where
        customer0_.customerId='xyz123'
14:19:26,300 DEBUG SQL:104 - 
    select
        shippingad0_.customerId as customerId0_0_,
        shippingad0_.add_type as add2_0_0_,
        shippingad0_.street as street0_0_,
        shippingad0_.city as city0_0_,
        shippingad0_.state as state0_0_,
        shippingad0_.zip as zip0_0_ 
    from
        Address shippingad0_ 
    where
        shippingad0_.customerId=? 
        and (
            shippingad0_.add_type='SHIPPING'
        ) 
14:19:26,301 DEBUG SQL:104 - 
    delete 
    from
        Customer 
    where
        customerId=?
14:19:26,302  INFO SchemaExport:343 - HHH000227: Running hbm2ddl schema export
14:19:26,302 DEBUG SchemaExport:353 - Import file not found: /import.sql
14:19:26,302 DEBUG SQL:104 - 
    alter table Address 
        drop constraint FK1ED033D4A728E86C
14:19:26,303 DEBUG SQL:104 - 
    drop table Address if exists
14:19:26,303 DEBUG SQL:104 - 
    drop table Customer if exists
14:19:26,303  INFO SchemaExport:405 - HHH000230: Schema export complete
14:19:26,303  INFO DriverManagerConnectionProviderImpl:162 - HHH000030: Cleaning up connection pool [jdbc:h2:mem:db1;DB_CLOSE_DELAY=-1;MVCC=TRUE]
]]></system-out>
  <system-err><![CDATA[]]></system-err>
</testsuite>
