<?xml version="1.0" encoding="UTF-8"?>
<testsuite errors="0" failures="0" hostname="dhcp-10.15.208.168.stl.redhat.com" name="org.hibernate.test.lob.MaterializedBlobTest" tests="2" time="0.255" timestamp="2013-02-28T20:17:05">
  <properties />
  <testcase classname="org.hibernate.test.lob.MaterializedBlobTest" name="testBoundedLongByteArrayAccess" time="0.027" />
  <testcase classname="org.hibernate.test.lob.MaterializedBlobTest" name="testSaving" time="0.032" />
  <system-out><![CDATA[14:17:05,444  INFO CustomRunner:132 - BeforeClass: org.hibernate.test.lob.MaterializedBlobTest
14:17:05,481  INFO Configuration:706 - HHH000221: Reading mappings from resource: org/hibernate/test/lob/MaterializedBlobMappings.hbm.xml
14:17:05,571  INFO DriverManagerConnectionProviderImpl:99 - HHH000402: Using Hibernate built-in connection pool (not for production use!)
14:17:05,572  INFO DriverManagerConnectionProviderImpl:135 - HHH000115: Hibernate connection pool size: 5
14:17:05,572  INFO DriverManagerConnectionProviderImpl:138 - HHH000006: Autocommit mode: false
14:17:05,572  INFO DriverManagerConnectionProviderImpl:153 - HHH000401: using driver [org.h2.Driver] at URL [jdbc:h2:mem:db1;DB_CLOSE_DELAY=-1;MVCC=TRUE]
14:17:05,572  INFO DriverManagerConnectionProviderImpl:158 - HHH000046: Connection properties: {user=sa}
14:17:05,574  INFO Dialect:103 - HHH000400: Using dialect: org.hibernate.dialect.H2Dialect
14:17:05,575  INFO LobCreatorBuilder:94 - HHH000423: Disabling contextual LOB creation as JDBC driver reported JDBC version [3] less than 4
14:17:05,576  INFO TransactionFactoryInitiator:66 - HHH000399: Using default transaction strategy (direct JDBC transactions)
14:17:05,576  INFO ASTQueryTranslatorFactory:48 - HHH000397: Using ASTQueryTranslatorFactory
14:17:05,576  WARN CachingRegionFactory:58 - CachingRegionFactory should be only used for testing.
14:17:05,587  INFO SchemaExport:343 - HHH000227: Running hbm2ddl schema export
14:17:05,588 DEBUG SchemaExport:353 - Import file not found: /import.sql
14:17:05,588 DEBUG SQL:104 - 
    drop table LOB_ENTITY_MAT_BLOB if exists
14:17:05,588 DEBUG SQL:104 - 
    create table LOB_ENTITY_MAT_BLOB (
        ID bigint not null,
        LONG_BYTE_ARRAY blob,
        primary key (ID)
    )
14:17:05,589  INFO SchemaExport:405 - HHH000230: Schema export complete
14:17:05,590  WARN SessionFactoryImpl:1554 - HHH000008: JTASessionContext being used with JDBCTransactionFactory; auto-flush will not operate correctly with getCurrentSession()
14:17:05,590  INFO CustomRunner:139 - Test: testBoundedLongByteArrayAccess
14:17:05,606 DEBUG SQL:104 - 
    select
        max(ID) 
    from
        LOB_ENTITY_MAT_BLOB
14:17:05,607 DEBUG SQL:104 - 
    insert 
    into
        LOB_ENTITY_MAT_BLOB
        (LONG_BYTE_ARRAY, ID) 
    values
        (?, ?)
14:17:05,612 DEBUG SQL:104 - 
    select
        longbytear0_.ID as ID0_0_,
        longbytear0_.LONG_BYTE_ARRAY as LONG2_0_0_ 
    from
        LOB_ENTITY_MAT_BLOB longbytear0_ 
    where
        longbytear0_.ID=?
14:17:05,614 DEBUG SQL:104 - 
    update
        LOB_ENTITY_MAT_BLOB 
    set
        LONG_BYTE_ARRAY=? 
    where
        ID=?
14:17:05,614 DEBUG SQL:104 - 
    select
        longbytear0_.ID as ID0_0_,
        longbytear0_.LONG_BYTE_ARRAY as LONG2_0_0_ 
    from
        LOB_ENTITY_MAT_BLOB longbytear0_ 
    where
        longbytear0_.ID=?
14:17:05,615 DEBUG SQL:104 - 
    update
        LOB_ENTITY_MAT_BLOB 
    set
        LONG_BYTE_ARRAY=? 
    where
        ID=?
14:17:05,615 DEBUG SQL:104 - 
    select
        longbytear0_.ID as ID0_0_,
        longbytear0_.LONG_BYTE_ARRAY as LONG2_0_0_ 
    from
        LOB_ENTITY_MAT_BLOB longbytear0_ 
    where
        longbytear0_.ID=?
14:17:05,615 DEBUG SQL:104 - 
    update
        LOB_ENTITY_MAT_BLOB 
    set
        LONG_BYTE_ARRAY=? 
    where
        ID=?
14:17:05,616 DEBUG SQL:104 - 
    select
        longbytear0_.ID as ID0_0_,
        longbytear0_.LONG_BYTE_ARRAY as LONG2_0_0_ 
    from
        LOB_ENTITY_MAT_BLOB longbytear0_ 
    where
        longbytear0_.ID=?
14:17:05,616 DEBUG SQL:104 - 
    update
        LOB_ENTITY_MAT_BLOB 
    set
        LONG_BYTE_ARRAY=? 
    where
        ID=?
14:17:05,616 DEBUG SQL:104 - 
    select
        longbytear0_.ID as ID0_0_,
        longbytear0_.LONG_BYTE_ARRAY as LONG2_0_0_ 
    from
        LOB_ENTITY_MAT_BLOB longbytear0_ 
    where
        longbytear0_.ID=?
14:17:05,617 DEBUG SQL:104 - 
    delete 
    from
        LOB_ENTITY_MAT_BLOB 
    where
        ID=?
14:17:05,617  INFO CustomRunner:139 - Test: testSaving
14:17:05,637 DEBUG SQL:104 - 
    insert 
    into
        LOB_ENTITY_MAT_BLOB
        (LONG_BYTE_ARRAY, ID) 
    values
        (?, ?)
14:17:05,638 DEBUG SQL:104 - 
    select
        longbytear0_.ID as ID0_0_,
        longbytear0_.LONG_BYTE_ARRAY as LONG2_0_0_ 
    from
        LOB_ENTITY_MAT_BLOB longbytear0_ 
    where
        longbytear0_.ID=?
14:17:05,649 DEBUG SQL:104 - 
    delete 
    from
        LOB_ENTITY_MAT_BLOB 
    where
        ID=?
14:17:05,650  INFO SchemaExport:343 - HHH000227: Running hbm2ddl schema export
14:17:05,651 DEBUG SchemaExport:353 - Import file not found: /import.sql
14:17:05,651 DEBUG SQL:104 - 
    drop table LOB_ENTITY_MAT_BLOB if exists
14:17:05,651  INFO SchemaExport:405 - HHH000230: Schema export complete
14:17:05,651  INFO DriverManagerConnectionProviderImpl:162 - HHH000030: Cleaning up connection pool [jdbc:h2:mem:db1;DB_CLOSE_DELAY=-1;MVCC=TRUE]
]]></system-out>
  <system-err><![CDATA[]]></system-err>
</testsuite>
