<?xml version="1.0" encoding="UTF-8"?>
<testsuite errors="0" failures="0" hostname="dhcp-10.15.208.168.stl.redhat.com" name="org.hibernate.test.lob.ImageTest" tests="2" time="0.054" timestamp="2013-02-28T20:16:48">
  <properties />
  <testcase classname="org.hibernate.test.lob.ImageTest" name="testBoundedLongByteArrayAccess" time="0.025" />
  <testcase classname="org.hibernate.test.lob.ImageTest" name="testSaving" time="0.007" />
  <system-out><![CDATA[14:16:48,591  INFO CustomRunner:132 - BeforeClass: org.hibernate.test.lob.ImageTest
14:16:48,592  INFO Configuration:706 - HHH000221: Reading mappings from resource: org/hibernate/test/lob/ImageMappings.hbm.xml
14:16:48,597  INFO DriverManagerConnectionProviderImpl:99 - HHH000402: Using Hibernate built-in connection pool (not for production use!)
14:16:48,597  INFO DriverManagerConnectionProviderImpl:135 - HHH000115: Hibernate connection pool size: 5
14:16:48,598  INFO DriverManagerConnectionProviderImpl:138 - HHH000006: Autocommit mode: false
14:16:48,598  INFO DriverManagerConnectionProviderImpl:153 - HHH000401: using driver [org.h2.Driver] at URL [jdbc:h2:mem:db1;DB_CLOSE_DELAY=-1;MVCC=TRUE]
14:16:48,598  INFO DriverManagerConnectionProviderImpl:158 - HHH000046: Connection properties: {user=sa}
14:16:48,599  INFO Dialect:103 - HHH000400: Using dialect: org.hibernate.dialect.H2Dialect
14:16:48,599  INFO LobCreatorBuilder:94 - HHH000423: Disabling contextual LOB creation as JDBC driver reported JDBC version [3] less than 4
14:16:48,600  INFO TransactionFactoryInitiator:66 - HHH000399: Using default transaction strategy (direct JDBC transactions)
14:16:48,600  INFO ASTQueryTranslatorFactory:48 - HHH000397: Using ASTQueryTranslatorFactory
14:16:48,600  WARN CachingRegionFactory:58 - CachingRegionFactory should be only used for testing.
14:16:48,605  INFO SchemaExport:343 - HHH000227: Running hbm2ddl schema export
14:16:48,606 DEBUG SchemaExport:353 - Import file not found: /import.sql
14:16:48,606 DEBUG SQL:104 - 
    drop table LOB_ENTITY_IMAGE if exists
14:16:48,606 DEBUG SQL:104 - 
    create table LOB_ENTITY_IMAGE (
        ID bigint not null,
        LONG_BYTE_ARRAY longvarbinary,
        primary key (ID)
    )
14:16:48,607  INFO SchemaExport:405 - HHH000230: Schema export complete
14:16:48,607  WARN SessionFactoryImpl:1554 - HHH000008: JTASessionContext being used with JDBCTransactionFactory; auto-flush will not operate correctly with getCurrentSession()
14:16:48,607  INFO CustomRunner:139 - Test: testBoundedLongByteArrayAccess
14:16:48,610 DEBUG SQL:104 - 
    select
        max(ID) 
    from
        LOB_ENTITY_IMAGE
14:16:48,611 DEBUG SQL:104 - 
    insert 
    into
        LOB_ENTITY_IMAGE
        (LONG_BYTE_ARRAY, ID) 
    values
        (?, ?)
14:16:48,611 DEBUG SQL:104 - 
    select
        longbytear0_.ID as ID0_0_,
        longbytear0_.LONG_BYTE_ARRAY as LONG2_0_0_ 
    from
        LOB_ENTITY_IMAGE longbytear0_ 
    where
        longbytear0_.ID=?
14:16:48,612 DEBUG SQL:104 - 
    update
        LOB_ENTITY_IMAGE 
    set
        LONG_BYTE_ARRAY=? 
    where
        ID=?
14:16:48,612 DEBUG SQL:104 - 
    select
        longbytear0_.ID as ID0_0_,
        longbytear0_.LONG_BYTE_ARRAY as LONG2_0_0_ 
    from
        LOB_ENTITY_IMAGE longbytear0_ 
    where
        longbytear0_.ID=?
14:16:48,612 DEBUG SQL:104 - 
    update
        LOB_ENTITY_IMAGE 
    set
        LONG_BYTE_ARRAY=? 
    where
        ID=?
14:16:48,613 DEBUG SQL:104 - 
    select
        longbytear0_.ID as ID0_0_,
        longbytear0_.LONG_BYTE_ARRAY as LONG2_0_0_ 
    from
        LOB_ENTITY_IMAGE longbytear0_ 
    where
        longbytear0_.ID=?
14:16:48,613 DEBUG SQL:104 - 
    update
        LOB_ENTITY_IMAGE 
    set
        LONG_BYTE_ARRAY=? 
    where
        ID=?
14:16:48,613 DEBUG SQL:104 - 
    select
        longbytear0_.ID as ID0_0_,
        longbytear0_.LONG_BYTE_ARRAY as LONG2_0_0_ 
    from
        LOB_ENTITY_IMAGE longbytear0_ 
    where
        longbytear0_.ID=?
14:16:48,613 DEBUG SQL:104 - 
    update
        LOB_ENTITY_IMAGE 
    set
        LONG_BYTE_ARRAY=? 
    where
        ID=?
14:16:48,629 DEBUG SQL:104 - 
    select
        longbytear0_.ID as ID0_0_,
        longbytear0_.LONG_BYTE_ARRAY as LONG2_0_0_ 
    from
        LOB_ENTITY_IMAGE longbytear0_ 
    where
        longbytear0_.ID=?
14:16:48,629 DEBUG SQL:104 - 
    delete 
    from
        LOB_ENTITY_IMAGE 
    where
        ID=?
14:16:48,632  INFO CustomRunner:139 - Test: testSaving
14:16:48,633 DEBUG SQL:104 - 
    insert 
    into
        LOB_ENTITY_IMAGE
        (LONG_BYTE_ARRAY, ID) 
    values
        (?, ?)
14:16:48,634 DEBUG SQL:104 - 
    select
        longbytear0_.ID as ID0_0_,
        longbytear0_.LONG_BYTE_ARRAY as LONG2_0_0_ 
    from
        LOB_ENTITY_IMAGE longbytear0_ 
    where
        longbytear0_.ID=?
14:16:48,640 DEBUG SQL:104 - 
    delete 
    from
        LOB_ENTITY_IMAGE 
    where
        ID=?
14:16:48,640  INFO SchemaExport:343 - HHH000227: Running hbm2ddl schema export
14:16:48,641 DEBUG SchemaExport:353 - Import file not found: /import.sql
14:16:48,641 DEBUG SQL:104 - 
    drop table LOB_ENTITY_IMAGE if exists
14:16:48,642  INFO SchemaExport:405 - HHH000230: Schema export complete
14:16:48,642  INFO DriverManagerConnectionProviderImpl:162 - HHH000030: Cleaning up connection pool [jdbc:h2:mem:db1;DB_CLOSE_DELAY=-1;MVCC=TRUE]
]]></system-out>
  <system-err><![CDATA[]]></system-err>
</testsuite>
