<?xml version="1.0" encoding="UTF-8"?>
<testsuite errors="0" failures="0" hostname="dhcp-10.15.208.168.stl.redhat.com" name="org.hibernate.test.immutable.entitywithmutablecollection.noninverse.VersionedEntityWithNonInverseOneToManyTest" tests="20" time="1.508" timestamp="2013-02-28T20:14:27">
  <properties />
  <testcase classname="org.hibernate.test.immutable.entitywithmutablecollection.noninverse.VersionedEntityWithNonInverseOneToManyTest" name="testAddExistingOneToManyElementToPersistentEntity" time="0.1" />
  <testcase classname="org.hibernate.test.immutable.entitywithmutablecollection.noninverse.VersionedEntityWithNonInverseOneToManyTest" name="testAddNewOneToManyElementToPersistentEntity" time="0.068" />
  <testcase classname="org.hibernate.test.immutable.entitywithmutablecollection.noninverse.VersionedEntityWithNonInverseOneToManyTest" name="testCreateWithEmptyOneToManyCollectionMergeWithExistingElement" time="0.069" />
  <testcase classname="org.hibernate.test.immutable.entitywithmutablecollection.noninverse.VersionedEntityWithNonInverseOneToManyTest" name="testCreateWithEmptyOneToManyCollectionUpdateWithExistingElement" time="0.045" />
  <testcase classname="org.hibernate.test.immutable.entitywithmutablecollection.noninverse.VersionedEntityWithNonInverseOneToManyTest" name="testCreateWithNonEmptyOneToManyCollectionMergeWithNewElement" time="0.08" />
  <testcase classname="org.hibernate.test.immutable.entitywithmutablecollection.noninverse.VersionedEntityWithNonInverseOneToManyTest" name="testCreateWithNonEmptyOneToManyCollectionOfExisting" time="0.057" />
  <testcase classname="org.hibernate.test.immutable.entitywithmutablecollection.noninverse.VersionedEntityWithNonInverseOneToManyTest" name="testCreateWithNonEmptyOneToManyCollectionOfNew" time="0.043" />
  <testcase classname="org.hibernate.test.immutable.entitywithmutablecollection.noninverse.VersionedEntityWithNonInverseOneToManyTest" name="testCreateWithNonEmptyOneToManyCollectionUpdateWithNewElement" time="0.046" />
  <testcase classname="org.hibernate.test.immutable.entitywithmutablecollection.noninverse.VersionedEntityWithNonInverseOneToManyTest" name="testDeleteOneToManyElement" time="0.064" />
  <testcase classname="org.hibernate.test.immutable.entitywithmutablecollection.noninverse.VersionedEntityWithNonInverseOneToManyTest" name="testDeleteOneToManyOrphan" time="0.039" />
  <testcase classname="org.hibernate.test.immutable.entitywithmutablecollection.noninverse.VersionedEntityWithNonInverseOneToManyTest" name="testMoveOneToManyElementToExistingEntityCollection" time="0.122" />
  <testcase classname="org.hibernate.test.immutable.entitywithmutablecollection.noninverse.VersionedEntityWithNonInverseOneToManyTest" name="testMoveOneToManyElementToNewEntityCollection" time="0.103" />
  <testcase classname="org.hibernate.test.immutable.entitywithmutablecollection.noninverse.VersionedEntityWithNonInverseOneToManyTest" name="testOneToManyCollectionOptimisticLockingWithMerge" time="0.084" />
  <testcase classname="org.hibernate.test.immutable.entitywithmutablecollection.noninverse.VersionedEntityWithNonInverseOneToManyTest" name="testOneToManyCollectionOptimisticLockingWithUpdate" time="0.075" />
  <testcase classname="org.hibernate.test.immutable.entitywithmutablecollection.noninverse.VersionedEntityWithNonInverseOneToManyTest" name="testRemoveOneToManyElementByDelete" time="0.04" />
  <testcase classname="org.hibernate.test.immutable.entitywithmutablecollection.noninverse.VersionedEntityWithNonInverseOneToManyTest" name="testRemoveOneToManyElementUsingMerge" time="0.109" />
  <testcase classname="org.hibernate.test.immutable.entitywithmutablecollection.noninverse.VersionedEntityWithNonInverseOneToManyTest" name="testRemoveOneToManyElementUsingUpdate" time="0.033" />
  <testcase classname="org.hibernate.test.immutable.entitywithmutablecollection.noninverse.VersionedEntityWithNonInverseOneToManyTest" name="testRemoveOneToManyOrphanUsingMerge" time="0.07" />
  <testcase classname="org.hibernate.test.immutable.entitywithmutablecollection.noninverse.VersionedEntityWithNonInverseOneToManyTest" name="testRemoveOneToManyOrphanUsingUpdate" time="0.056" />
  <testcase classname="org.hibernate.test.immutable.entitywithmutablecollection.noninverse.VersionedEntityWithNonInverseOneToManyTest" name="testUpdateProperty" time="0.054" />
  <system-out><![CDATA[14:14:27,767  INFO CustomRunner:132 - BeforeClass: org.hibernate.test.immutable.entitywithmutablecollection.noninverse.VersionedEntityWithNonInverseOneToManyTest
14:14:27,769  INFO Configuration:706 - HHH000221: Reading mappings from resource: org/hibernate/test/immutable/entitywithmutablecollection/noninverse/ContractVariationVersioned.hbm.xml
14:14:27,776  INFO DriverManagerConnectionProviderImpl:99 - HHH000402: Using Hibernate built-in connection pool (not for production use!)
14:14:27,777  INFO DriverManagerConnectionProviderImpl:135 - HHH000115: Hibernate connection pool size: 5
14:14:27,777  INFO DriverManagerConnectionProviderImpl:138 - HHH000006: Autocommit mode: false
14:14:27,777  INFO DriverManagerConnectionProviderImpl:153 - HHH000401: using driver [org.h2.Driver] at URL [jdbc:h2:mem:db1;DB_CLOSE_DELAY=-1;MVCC=TRUE]
14:14:27,777  INFO DriverManagerConnectionProviderImpl:158 - HHH000046: Connection properties: {user=sa}
14:14:27,778  INFO Dialect:103 - HHH000400: Using dialect: org.hibernate.dialect.H2Dialect
14:14:27,778  INFO LobCreatorBuilder:94 - HHH000423: Disabling contextual LOB creation as JDBC driver reported JDBC version [3] less than 4
14:14:27,779  INFO TransactionFactoryInitiator:66 - HHH000399: Using default transaction strategy (direct JDBC transactions)
14:14:27,779  INFO ASTQueryTranslatorFactory:48 - HHH000397: Using ASTQueryTranslatorFactory
14:14:27,780  WARN CachingRegionFactory:58 - CachingRegionFactory should be only used for testing.
14:14:27,789  INFO SchemaExport:343 - HHH000227: Running hbm2ddl schema export
14:14:27,790 DEBUG SchemaExport:353 - Import file not found: /import.sql
14:14:27,790 DEBUG SQL:104 - 
    alter table Contract 
        drop constraint FKE20F7532190ADCD1
14:14:27,790 ERROR SchemaExport:425 - HHH000389: Unsuccessful: alter table Contract drop constraint FKE20F7532190ADCD1
14:14:27,790 ERROR SchemaExport:426 - Table "CONTRACT" not found; SQL statement:

    alter table Contract 
        drop constraint FKE20F7532190ADCD1 [42102-145]
14:14:27,790 DEBUG SQL:104 - 
    alter table ContractVariation 
        drop constraint FKB86C05013294E539
14:14:27,790 ERROR SchemaExport:425 - HHH000389: Unsuccessful: alter table ContractVariation drop constraint FKB86C05013294E539
14:14:27,791 ERROR SchemaExport:426 - Table "CONTRACTVARIATION" not found; SQL statement:

    alter table ContractVariation 
        drop constraint FKB86C05013294E539 [42102-145]
14:14:27,800 DEBUG SQL:104 - 
    alter table Info 
        drop constraint FK22D8CEA0A0D346
14:14:27,800 ERROR SchemaExport:425 - HHH000389: Unsuccessful: alter table Info drop constraint FK22D8CEA0A0D346
14:14:27,801 ERROR SchemaExport:426 - Table "INFO" not found; SQL statement:

    alter table Info 
        drop constraint FK22D8CEA0A0D346 [42102-145]
14:14:27,801 DEBUG SQL:104 - 
    alter table Info 
        drop constraint FK22D8CE1F1952D7
14:14:27,801 ERROR SchemaExport:425 - HHH000389: Unsuccessful: alter table Info drop constraint FK22D8CE1F1952D7
14:14:27,801 ERROR SchemaExport:426 - Table "INFO" not found; SQL statement:

    alter table Info 
        drop constraint FK22D8CE1F1952D7 [42102-145]
14:14:27,801 DEBUG SQL:104 - 
    alter table Info 
        drop constraint FK22D8CE3294E539
14:14:27,801 ERROR SchemaExport:425 - HHH000389: Unsuccessful: alter table Info drop constraint FK22D8CE3294E539
14:14:27,801 ERROR SchemaExport:426 - Table "INFO" not found; SQL statement:

    alter table Info 
        drop constraint FK22D8CE3294E539 [42102-145]
14:14:27,801 DEBUG SQL:104 - 
    alter table Info 
        drop constraint FK22D8CEF8244EED
14:14:27,802 ERROR SchemaExport:425 - HHH000389: Unsuccessful: alter table Info drop constraint FK22D8CEF8244EED
14:14:27,803 ERROR SchemaExport:426 - Table "INFO" not found; SQL statement:

    alter table Info 
        drop constraint FK22D8CEF8244EED [42102-145]
14:14:27,859 DEBUG SQL:104 - 
    alter table Party 
        drop constraint FK4952AC63294E539
14:14:27,860 ERROR SchemaExport:425 - HHH000389: Unsuccessful: alter table Party drop constraint FK4952AC63294E539
14:14:27,860 ERROR SchemaExport:426 - Table "PARTY" not found; SQL statement:

    alter table Party 
        drop constraint FK4952AC63294E539 [42102-145]
14:14:27,860 DEBUG SQL:104 - 
    alter table plan_contract 
        drop constraint FKDE1535683294E539
14:14:27,860 ERROR SchemaExport:425 - HHH000389: Unsuccessful: alter table plan_contract drop constraint FKDE1535683294E539
14:14:27,860 ERROR SchemaExport:426 - Table "PLAN_CONTRACT" not found; SQL statement:

    alter table plan_contract 
        drop constraint FKDE1535683294E539 [42102-145]
14:14:27,860 DEBUG SQL:104 - 
    alter table plan_contract 
        drop constraint FKDE153568A0A0D346
14:14:27,860 ERROR SchemaExport:425 - HHH000389: Unsuccessful: alter table plan_contract drop constraint FKDE153568A0A0D346
14:14:27,861 ERROR SchemaExport:426 - Table "PLAN_CONTRACT" not found; SQL statement:

    alter table plan_contract 
        drop constraint FKDE153568A0A0D346 [42102-145]
14:14:27,861 DEBUG SQL:104 - 
    drop table Contract if exists
14:14:27,861 DEBUG SQL:104 - 
    drop table ContractVariation if exists
14:14:27,861 DEBUG SQL:104 - 
    drop table Info if exists
14:14:27,861 DEBUG SQL:104 - 
    drop table Party if exists
14:14:27,861 DEBUG SQL:104 - 
    drop table plan_contract if exists
14:14:27,861 DEBUG SQL:104 - 
    drop table tbl_plan if exists
14:14:27,862 DEBUG SQL:104 - 
    create table Contract (
        id bigint not null,
        VERS bigint not null,
        customerName varchar(255) not null,
        "type" varchar(255) not null,
        parent bigint,
        primary key (id)
    )
14:14:27,862 DEBUG SQL:104 - 
    create table ContractVariation (
        id integer not null,
        text longvarchar,
        contract bigint,
        primary key (id)
    )
14:14:27,862 DEBUG SQL:104 - 
    create table Info (
        id bigint not null,
        VERS bigint not null,
        text varchar(255),
        col_plan bigint,
        party bigint,
        contract bigint,
        contractvariation integer,
        primary key (id)
    )
14:14:27,876 DEBUG SQL:104 - 
    create table Party (
        id bigint not null,
        VERS bigint not null,
        contract bigint,
        name varchar(255) not null,
        primary key (id)
    )
14:14:27,876 DEBUG SQL:104 - 
    create table plan_contract (
        col_plan bigint not null,
        contract bigint not null,
        primary key (col_plan, contract)
    )
14:14:27,876 DEBUG SQL:104 - 
    create table tbl_plan (
        id bigint not null,
        VERS bigint not null,
        description varchar(255) not null,
        primary key (id)
    )
14:14:27,877 DEBUG SQL:104 - 
    alter table Contract 
        add constraint FKE20F7532190ADCD1 
        foreign key (parent) 
        references Contract
14:14:27,887 DEBUG SQL:104 - 
    alter table ContractVariation 
        add constraint FKB86C05013294E539 
        foreign key (contract) 
        references Contract
14:14:27,888 DEBUG SQL:104 - 
    alter table Info 
        add constraint FK22D8CEA0A0D346 
        foreign key (col_plan) 
        references tbl_plan
14:14:27,889 DEBUG SQL:104 - 
    alter table Info 
        add constraint FK22D8CE1F1952D7 
        foreign key (party) 
        references Party
14:14:27,889 DEBUG SQL:104 - 
    alter table Info 
        add constraint FK22D8CE3294E539 
        foreign key (contract) 
        references Contract
14:14:27,889 DEBUG SQL:104 - 
    alter table Info 
        add constraint FK22D8CEF8244EED 
        foreign key (contractvariation) 
        references ContractVariation
14:14:27,890 DEBUG SQL:104 - 
    alter table Party 
        add constraint FK4952AC63294E539 
        foreign key (contract) 
        references Contract
14:14:27,890 DEBUG SQL:104 - 
    alter table plan_contract 
        add constraint FKDE1535683294E539 
        foreign key (contract) 
        references Contract
14:14:27,891 DEBUG SQL:104 - 
    alter table plan_contract 
        add constraint FKDE153568A0A0D346 
        foreign key (col_plan) 
        references tbl_plan
14:14:27,891  INFO SchemaExport:405 - HHH000230: Schema export complete
14:14:27,891  WARN SessionFactoryImpl:1554 - HHH000008: JTASessionContext being used with JDBCTransactionFactory; auto-flush will not operate correctly with getCurrentSession()
14:14:27,892  INFO CustomRunner:139 - Test: testAddExistingOneToManyElementToPersistentEntity
14:14:27,893 DEBUG SQL:104 - 
    select
        max(id) 
    from
        Contract
14:14:27,918 DEBUG SQL:104 - 
    select
        max(id) 
    from
        Party
14:14:27,919 DEBUG SQL:104 - 
    insert 
    into
        Contract
        (VERS, customerName, "type", id) 
    values
        (?, ?, ?, ?)
14:14:27,920 DEBUG SQL:104 - 
    insert 
    into
        Party
        (VERS, name, id) 
    values
        (?, ?, ?)
14:14:27,920 DEBUG SQL:104 - 
    select
        contract0_.id as id0_3_,
        contract0_.VERS as VERS0_3_,
        contract0_.customerName as customer3_0_3_,
        contract0_."type" as type4_0_3_,
        contract0_.parent as parent0_3_,
        variations1_.contract as contract0_5_,
        variations1_.id as id1_5_,
        variations1_.id as id1_0_,
        variations1_.text as text1_0_,
        variations1_.contract as contract1_0_,
        subcontrac2_.parent as parent0_6_,
        subcontrac2_.id as id0_6_,
        subcontrac2_.id as id0_1_,
        subcontrac2_.VERS as VERS0_1_,
        subcontrac2_.customerName as customer3_0_1_,
        subcontrac2_."type" as type4_0_1_,
        subcontrac2_.parent as parent0_1_,
        parties3_.contract as contract0_7_,
        parties3_.id as id3_7_,
        parties3_.id as id3_2_,
        parties3_.VERS as VERS3_2_,
        parties3_.contract as contract3_2_,
        parties3_.name as name3_2_ 
    from
        Contract contract0_ 
    left outer join
        ContractVariation variations1_ 
            on contract0_.id=variations1_.contract 
    left outer join
        Contract subcontrac2_ 
            on contract0_.id=subcontrac2_.parent 
    left outer join
        Party parties3_ 
            on subcontrac2_.id=parties3_.contract 
    where
        contract0_.id=? 
    order by
        variations1_.id asc
14:14:27,942 DEBUG SQL:104 - 
    select
        parties0_.contract as contract0_1_,
        parties0_.id as id3_1_,
        parties0_.id as id3_0_,
        parties0_.VERS as VERS3_0_,
        parties0_.contract as contract3_0_,
        parties0_.name as name3_0_ 
    from
        Party parties0_ 
    where
        parties0_.contract=?
14:14:27,943 DEBUG SQL:104 - 
    select
        party0_.id as id3_0_,
        party0_.VERS as VERS3_0_,
        party0_.contract as contract3_0_,
        party0_.name as name3_0_ 
    from
        Party party0_ 
    where
        party0_.id=?
14:14:27,943 DEBUG SQL:104 - 
    update
        Contract 
    set
        VERS=? 
    where
        id=? 
        and VERS=?
14:14:27,955 DEBUG SQL:104 - 
    update
        Party 
    set
        contract=? 
    where
        id=?
14:14:27,956 DEBUG SQL:104 - 
    select
        this_.id as id0_3_,
        this_.VERS as VERS0_3_,
        this_.customerName as customer3_0_3_,
        this_."type" as type4_0_3_,
        this_.parent as parent0_3_,
        variations2_.contract as contract0_5_,
        variations2_.id as id1_5_,
        variations2_.id as id1_0_,
        variations2_.text as text1_0_,
        variations2_.contract as contract1_0_,
        subcontrac3_.parent as parent0_6_,
        subcontrac3_.id as id0_6_,
        subcontrac3_.id as id0_1_,
        subcontrac3_.VERS as VERS0_1_,
        subcontrac3_.customerName as customer3_0_1_,
        subcontrac3_."type" as type4_0_1_,
        subcontrac3_.parent as parent0_1_,
        parties4_.contract as contract0_7_,
        parties4_.id as id3_7_,
        parties4_.id as id3_2_,
        parties4_.VERS as VERS3_2_,
        parties4_.contract as contract3_2_,
        parties4_.name as name3_2_ 
    from
        Contract this_ 
    left outer join
        ContractVariation variations2_ 
            on this_.id=variations2_.contract 
    left outer join
        Contract subcontrac3_ 
            on this_.id=subcontrac3_.parent 
    left outer join
        Party parties4_ 
            on subcontrac3_.id=parties4_.contract 
    order by
        variations2_.id asc
14:14:27,968 DEBUG SQL:104 - 
    select
        parties0_.contract as contract0_1_,
        parties0_.id as id3_1_,
        parties0_.id as id3_0_,
        parties0_.VERS as VERS3_0_,
        parties0_.contract as contract3_0_,
        parties0_.name as name3_0_ 
    from
        Party parties0_ 
    where
        parties0_.contract=?
14:14:27,969 DEBUG SQL:104 - 
    select
        infos0_.party as party3_1_,
        infos0_.id as id2_1_,
        infos0_.id as id2_0_,
        infos0_.VERS as VERS2_0_,
        infos0_.text as text2_0_ 
    from
        Info infos0_ 
    where
        infos0_.party=?
14:14:27,979 DEBUG SQL:104 - 
    select
        infos0_.contract as contract0_1_,
        infos0_.id as id2_1_,
        infos0_.id as id2_0_,
        infos0_.VERS as VERS2_0_,
        infos0_.text as text2_0_ 
    from
        Info infos0_ 
    where
        infos0_.contract=?
14:14:27,980 DEBUG SQL:104 - 
    update
        Party 
    set
        contract=null 
    where
        contract=?
14:14:27,981 DEBUG SQL:104 - 
    delete 
    from
        Party 
    where
        id=? 
        and VERS=?
14:14:27,990 DEBUG SQL:104 - 
    delete 
    from
        Contract 
    where
        id=? 
        and VERS=?
14:14:27,991 DEBUG SQL:104 - 
    select
        count(*) as y0_ 
    from
        Contract this_
14:14:27,991 DEBUG SQL:104 - 
    select
        count(*) as y0_ 
    from
        Party this_
14:14:27,992  INFO CustomRunner:139 - Test: testAddNewOneToManyElementToPersistentEntity
14:14:27,993 DEBUG SQL:104 - 
    insert 
    into
        Contract
        (VERS, customerName, "type", id) 
    values
        (?, ?, ?, ?)
14:14:27,994 DEBUG SQL:104 - 
    select
        contract0_.id as id0_3_,
        contract0_.VERS as VERS0_3_,
        contract0_.customerName as customer3_0_3_,
        contract0_."type" as type4_0_3_,
        contract0_.parent as parent0_3_,
        variations1_.contract as contract0_5_,
        variations1_.id as id1_5_,
        variations1_.id as id1_0_,
        variations1_.text as text1_0_,
        variations1_.contract as contract1_0_,
        subcontrac2_.parent as parent0_6_,
        subcontrac2_.id as id0_6_,
        subcontrac2_.id as id0_1_,
        subcontrac2_.VERS as VERS0_1_,
        subcontrac2_.customerName as customer3_0_1_,
        subcontrac2_."type" as type4_0_1_,
        subcontrac2_.parent as parent0_1_,
        parties3_.contract as contract0_7_,
        parties3_.id as id3_7_,
        parties3_.id as id3_2_,
        parties3_.VERS as VERS3_2_,
        parties3_.contract as contract3_2_,
        parties3_.name as name3_2_ 
    from
        Contract contract0_ 
    left outer join
        ContractVariation variations1_ 
            on contract0_.id=variations1_.contract 
    left outer join
        Contract subcontrac2_ 
            on contract0_.id=subcontrac2_.parent 
    left outer join
        Party parties3_ 
            on subcontrac2_.id=parties3_.contract 
    where
        contract0_.id=? 
    order by
        variations1_.id asc
14:14:28,005 DEBUG SQL:104 - 
    select
        parties0_.contract as contract0_1_,
        parties0_.id as id3_1_,
        parties0_.id as id3_0_,
        parties0_.VERS as VERS3_0_,
        parties0_.contract as contract3_0_,
        parties0_.name as name3_0_ 
    from
        Party parties0_ 
    where
        parties0_.contract=?
14:14:28,005 DEBUG SQL:104 - 
    insert 
    into
        Party
        (VERS, name, id) 
    values
        (?, ?, ?)
14:14:28,006 DEBUG SQL:104 - 
    update
        Contract 
    set
        VERS=? 
    where
        id=? 
        and VERS=?
14:14:28,016 DEBUG SQL:104 - 
    update
        Party 
    set
        contract=? 
    where
        id=?
14:14:28,017 DEBUG SQL:104 - 
    select
        this_.id as id0_3_,
        this_.VERS as VERS0_3_,
        this_.customerName as customer3_0_3_,
        this_."type" as type4_0_3_,
        this_.parent as parent0_3_,
        variations2_.contract as contract0_5_,
        variations2_.id as id1_5_,
        variations2_.id as id1_0_,
        variations2_.text as text1_0_,
        variations2_.contract as contract1_0_,
        subcontrac3_.parent as parent0_6_,
        subcontrac3_.id as id0_6_,
        subcontrac3_.id as id0_1_,
        subcontrac3_.VERS as VERS0_1_,
        subcontrac3_.customerName as customer3_0_1_,
        subcontrac3_."type" as type4_0_1_,
        subcontrac3_.parent as parent0_1_,
        parties4_.contract as contract0_7_,
        parties4_.id as id3_7_,
        parties4_.id as id3_2_,
        parties4_.VERS as VERS3_2_,
        parties4_.contract as contract3_2_,
        parties4_.name as name3_2_ 
    from
        Contract this_ 
    left outer join
        ContractVariation variations2_ 
            on this_.id=variations2_.contract 
    left outer join
        Contract subcontrac3_ 
            on this_.id=subcontrac3_.parent 
    left outer join
        Party parties4_ 
            on subcontrac3_.id=parties4_.contract 
    order by
        variations2_.id asc
14:14:28,038 DEBUG SQL:104 - 
    select
        parties0_.contract as contract0_1_,
        parties0_.id as id3_1_,
        parties0_.id as id3_0_,
        parties0_.VERS as VERS3_0_,
        parties0_.contract as contract3_0_,
        parties0_.name as name3_0_ 
    from
        Party parties0_ 
    where
        parties0_.contract=?
14:14:28,039 DEBUG SQL:104 - 
    select
        infos0_.party as party3_1_,
        infos0_.id as id2_1_,
        infos0_.id as id2_0_,
        infos0_.VERS as VERS2_0_,
        infos0_.text as text2_0_ 
    from
        Info infos0_ 
    where
        infos0_.party=?
14:14:28,039 DEBUG SQL:104 - 
    select
        infos0_.contract as contract0_1_,
        infos0_.id as id2_1_,
        infos0_.id as id2_0_,
        infos0_.VERS as VERS2_0_,
        infos0_.text as text2_0_ 
    from
        Info infos0_ 
    where
        infos0_.contract=?
14:14:28,049 DEBUG SQL:104 - 
    update
        Party 
    set
        contract=null 
    where
        contract=?
14:14:28,050 DEBUG SQL:104 - 
    delete 
    from
        Party 
    where
        id=? 
        and VERS=?
14:14:28,050 DEBUG SQL:104 - 
    delete 
    from
        Contract 
    where
        id=? 
        and VERS=?
14:14:28,058 DEBUG SQL:104 - 
    select
        count(*) as y0_ 
    from
        Contract this_
14:14:28,059 DEBUG SQL:104 - 
    select
        count(*) as y0_ 
    from
        Party this_
14:14:28,060  INFO CustomRunner:139 - Test: testCreateWithEmptyOneToManyCollectionMergeWithExistingElement
14:14:28,061 DEBUG SQL:104 - 
    insert 
    into
        Contract
        (VERS, customerName, "type", id) 
    values
        (?, ?, ?, ?)
14:14:28,061 DEBUG SQL:104 - 
    insert 
    into
        Party
        (VERS, name, id) 
    values
        (?, ?, ?)
14:14:28,062 DEBUG SQL:104 - 
    select
        contract0_.id as id0_1_,
        contract0_.VERS as VERS0_1_,
        contract0_.customerName as customer3_0_1_,
        contract0_."type" as type4_0_1_,
        contract0_.parent as parent0_1_,
        variations1_.contract as contract0_3_,
        variations1_.id as id1_3_,
        variations1_.id as id1_0_,
        variations1_.text as text1_0_,
        variations1_.contract as contract1_0_ 
    from
        Contract contract0_ 
    left outer join
        ContractVariation variations1_ 
            on contract0_.id=variations1_.contract 
    where
        contract0_.id=? 
    order by
        variations1_.id asc
14:14:28,070 DEBUG SQL:104 - 
    select
        party0_.id as id3_1_,
        party0_.VERS as VERS3_1_,
        party0_.contract as contract3_1_,
        party0_.name as name3_1_,
        infos1_.party as party3_3_,
        infos1_.id as id2_3_,
        infos1_.id as id2_0_,
        infos1_.VERS as VERS2_0_,
        infos1_.text as text2_0_ 
    from
        Party party0_ 
    left outer join
        Info infos1_ 
            on party0_.id=infos1_.party 
    where
        party0_.id=?
14:14:28,080 DEBUG SQL:104 - 
    select
        subcontrac0_.parent as parent0_1_,
        subcontrac0_.id as id0_1_,
        subcontrac0_.id as id0_0_,
        subcontrac0_.VERS as VERS0_0_,
        subcontrac0_.customerName as customer3_0_0_,
        subcontrac0_."type" as type4_0_0_,
        subcontrac0_.parent as parent0_0_ 
    from
        Contract subcontrac0_ 
    where
        subcontrac0_.parent=?
14:14:28,081 DEBUG SQL:104 - 
    select
        parties0_.contract as contract0_1_,
        parties0_.id as id3_1_,
        parties0_.id as id3_0_,
        parties0_.VERS as VERS3_0_,
        parties0_.contract as contract3_0_,
        parties0_.name as name3_0_ 
    from
        Party parties0_ 
    where
        parties0_.contract=?
14:14:28,092 DEBUG SQL:104 - 
    select
        infos0_.contract as contract0_1_,
        infos0_.id as id2_1_,
        infos0_.id as id2_0_,
        infos0_.VERS as VERS2_0_,
        infos0_.text as text2_0_ 
    from
        Info infos0_ 
    where
        infos0_.contract=?
14:14:28,092 DEBUG SQL:104 - 
    update
        Contract 
    set
        VERS=? 
    where
        id=? 
        and VERS=?
14:14:28,093 DEBUG SQL:104 - 
    update
        Party 
    set
        contract=? 
    where
        id=?
14:14:28,095 DEBUG SQL:104 - 
    select
        this_.id as id0_3_,
        this_.VERS as VERS0_3_,
        this_.customerName as customer3_0_3_,
        this_."type" as type4_0_3_,
        this_.parent as parent0_3_,
        variations2_.contract as contract0_5_,
        variations2_.id as id1_5_,
        variations2_.id as id1_0_,
        variations2_.text as text1_0_,
        variations2_.contract as contract1_0_,
        subcontrac3_.parent as parent0_6_,
        subcontrac3_.id as id0_6_,
        subcontrac3_.id as id0_1_,
        subcontrac3_.VERS as VERS0_1_,
        subcontrac3_.customerName as customer3_0_1_,
        subcontrac3_."type" as type4_0_1_,
        subcontrac3_.parent as parent0_1_,
        parties4_.contract as contract0_7_,
        parties4_.id as id3_7_,
        parties4_.id as id3_2_,
        parties4_.VERS as VERS3_2_,
        parties4_.contract as contract3_2_,
        parties4_.name as name3_2_ 
    from
        Contract this_ 
    left outer join
        ContractVariation variations2_ 
            on this_.id=variations2_.contract 
    left outer join
        Contract subcontrac3_ 
            on this_.id=subcontrac3_.parent 
    left outer join
        Party parties4_ 
            on subcontrac3_.id=parties4_.contract 
    order by
        variations2_.id asc
14:14:28,116 DEBUG SQL:104 - 
    select
        parties0_.contract as contract0_1_,
        parties0_.id as id3_1_,
        parties0_.id as id3_0_,
        parties0_.VERS as VERS3_0_,
        parties0_.contract as contract3_0_,
        parties0_.name as name3_0_ 
    from
        Party parties0_ 
    where
        parties0_.contract=?
14:14:28,117 DEBUG SQL:104 - 
    select
        infos0_.party as party3_1_,
        infos0_.id as id2_1_,
        infos0_.id as id2_0_,
        infos0_.VERS as VERS2_0_,
        infos0_.text as text2_0_ 
    from
        Info infos0_ 
    where
        infos0_.party=?
14:14:28,117 DEBUG SQL:104 - 
    select
        infos0_.contract as contract0_1_,
        infos0_.id as id2_1_,
        infos0_.id as id2_0_,
        infos0_.VERS as VERS2_0_,
        infos0_.text as text2_0_ 
    from
        Info infos0_ 
    where
        infos0_.contract=?
14:14:28,127 DEBUG SQL:104 - 
    update
        Party 
    set
        contract=null 
    where
        contract=?
14:14:28,128 DEBUG SQL:104 - 
    delete 
    from
        Party 
    where
        id=? 
        and VERS=?
14:14:28,128 DEBUG SQL:104 - 
    delete 
    from
        Contract 
    where
        id=? 
        and VERS=?
14:14:28,128 DEBUG SQL:104 - 
    select
        count(*) as y0_ 
    from
        Contract this_
14:14:28,129 DEBUG SQL:104 - 
    select
        count(*) as y0_ 
    from
        Party this_
14:14:28,130  INFO CustomRunner:139 - Test: testCreateWithEmptyOneToManyCollectionUpdateWithExistingElement
14:14:28,131 DEBUG SQL:104 - 
    insert 
    into
        Contract
        (VERS, customerName, "type", id) 
    values
        (?, ?, ?, ?)
14:14:28,132 DEBUG SQL:104 - 
    insert 
    into
        Party
        (VERS, name, id) 
    values
        (?, ?, ?)
14:14:28,132 DEBUG SQL:104 - 
    update
        Contract 
    set
        VERS=? 
    where
        id=? 
        and VERS=?
14:14:28,139 DEBUG SQL:104 - 
    update
        Party 
    set
        contract=? 
    where
        id=?
14:14:28,140 DEBUG SQL:104 - 
    select
        this_.id as id0_3_,
        this_.VERS as VERS0_3_,
        this_.customerName as customer3_0_3_,
        this_."type" as type4_0_3_,
        this_.parent as parent0_3_,
        variations2_.contract as contract0_5_,
        variations2_.id as id1_5_,
        variations2_.id as id1_0_,
        variations2_.text as text1_0_,
        variations2_.contract as contract1_0_,
        subcontrac3_.parent as parent0_6_,
        subcontrac3_.id as id0_6_,
        subcontrac3_.id as id0_1_,
        subcontrac3_.VERS as VERS0_1_,
        subcontrac3_.customerName as customer3_0_1_,
        subcontrac3_."type" as type4_0_1_,
        subcontrac3_.parent as parent0_1_,
        parties4_.contract as contract0_7_,
        parties4_.id as id3_7_,
        parties4_.id as id3_2_,
        parties4_.VERS as VERS3_2_,
        parties4_.contract as contract3_2_,
        parties4_.name as name3_2_ 
    from
        Contract this_ 
    left outer join
        ContractVariation variations2_ 
            on this_.id=variations2_.contract 
    left outer join
        Contract subcontrac3_ 
            on this_.id=subcontrac3_.parent 
    left outer join
        Party parties4_ 
            on subcontrac3_.id=parties4_.contract 
    order by
        variations2_.id asc
14:14:28,151 DEBUG SQL:104 - 
    select
        parties0_.contract as contract0_1_,
        parties0_.id as id3_1_,
        parties0_.id as id3_0_,
        parties0_.VERS as VERS3_0_,
        parties0_.contract as contract3_0_,
        parties0_.name as name3_0_ 
    from
        Party parties0_ 
    where
        parties0_.contract=?
14:14:28,151 DEBUG SQL:104 - 
    select
        infos0_.party as party3_1_,
        infos0_.id as id2_1_,
        infos0_.id as id2_0_,
        infos0_.VERS as VERS2_0_,
        infos0_.text as text2_0_ 
    from
        Info infos0_ 
    where
        infos0_.party=?
14:14:28,152 DEBUG SQL:104 - 
    select
        infos0_.contract as contract0_1_,
        infos0_.id as id2_1_,
        infos0_.id as id2_0_,
        infos0_.VERS as VERS2_0_,
        infos0_.text as text2_0_ 
    from
        Info infos0_ 
    where
        infos0_.contract=?
14:14:28,173 DEBUG SQL:104 - 
    update
        Party 
    set
        contract=null 
    where
        contract=?
14:14:28,173 DEBUG SQL:104 - 
    delete 
    from
        Party 
    where
        id=? 
        and VERS=?
14:14:28,173 DEBUG SQL:104 - 
    delete 
    from
        Contract 
    where
        id=? 
        and VERS=?
14:14:28,174 DEBUG SQL:104 - 
    select
        count(*) as y0_ 
    from
        Contract this_
14:14:28,174 DEBUG SQL:104 - 
    select
        count(*) as y0_ 
    from
        Party this_
14:14:28,175  INFO CustomRunner:139 - Test: testCreateWithNonEmptyOneToManyCollectionMergeWithNewElement
14:14:28,176 DEBUG SQL:104 - 
    insert 
    into
        Contract
        (VERS, customerName, "type", id) 
    values
        (?, ?, ?, ?)
14:14:28,177 DEBUG SQL:104 - 
    insert 
    into
        Party
        (VERS, name, id) 
    values
        (?, ?, ?)
14:14:28,177 DEBUG SQL:104 - 
    update
        Party 
    set
        contract=? 
    where
        id=?
14:14:28,177 DEBUG SQL:104 - 
    select
        contract0_.id as id0_1_,
        contract0_.VERS as VERS0_1_,
        contract0_.customerName as customer3_0_1_,
        contract0_."type" as type4_0_1_,
        contract0_.parent as parent0_1_,
        variations1_.contract as contract0_3_,
        variations1_.id as id1_3_,
        variations1_.id as id1_0_,
        variations1_.text as text1_0_,
        variations1_.contract as contract1_0_ 
    from
        Contract contract0_ 
    left outer join
        ContractVariation variations1_ 
            on contract0_.id=variations1_.contract 
    where
        contract0_.id=? 
    order by
        variations1_.id asc
14:14:28,198 DEBUG SQL:104 - 
    select
        party0_.id as id3_1_,
        party0_.VERS as VERS3_1_,
        party0_.contract as contract3_1_,
        party0_.name as name3_1_,
        infos1_.party as party3_3_,
        infos1_.id as id2_3_,
        infos1_.id as id2_0_,
        infos1_.VERS as VERS2_0_,
        infos1_.text as text2_0_ 
    from
        Party party0_ 
    left outer join
        Info infos1_ 
            on party0_.id=infos1_.party 
    where
        party0_.id=?
14:14:28,199 DEBUG SQL:104 - 
    select
        subcontrac0_.parent as parent0_1_,
        subcontrac0_.id as id0_1_,
        subcontrac0_.id as id0_0_,
        subcontrac0_.VERS as VERS0_0_,
        subcontrac0_.customerName as customer3_0_0_,
        subcontrac0_."type" as type4_0_0_,
        subcontrac0_.parent as parent0_0_ 
    from
        Contract subcontrac0_ 
    where
        subcontrac0_.parent=?
14:14:28,212 DEBUG SQL:104 - 
    select
        parties0_.contract as contract0_1_,
        parties0_.id as id3_1_,
        parties0_.id as id3_0_,
        parties0_.VERS as VERS3_0_,
        parties0_.contract as contract3_0_,
        parties0_.name as name3_0_ 
    from
        Party parties0_ 
    where
        parties0_.contract=?
14:14:28,213 DEBUG SQL:104 - 
    select
        infos0_.contract as contract0_1_,
        infos0_.id as id2_1_,
        infos0_.id as id2_0_,
        infos0_.VERS as VERS2_0_,
        infos0_.text as text2_0_ 
    from
        Info infos0_ 
    where
        infos0_.contract=?
14:14:28,220 DEBUG SQL:104 - 
    insert 
    into
        Party
        (VERS, name, id) 
    values
        (?, ?, ?)
14:14:28,221 DEBUG SQL:104 - 
    update
        Contract 
    set
        VERS=? 
    where
        id=? 
        and VERS=?
14:14:28,221 DEBUG SQL:104 - 
    update
        Party 
    set
        contract=? 
    where
        id=?
14:14:28,222 DEBUG SQL:104 - 
    select
        this_.id as id0_3_,
        this_.VERS as VERS0_3_,
        this_.customerName as customer3_0_3_,
        this_."type" as type4_0_3_,
        this_.parent as parent0_3_,
        variations2_.contract as contract0_5_,
        variations2_.id as id1_5_,
        variations2_.id as id1_0_,
        variations2_.text as text1_0_,
        variations2_.contract as contract1_0_,
        subcontrac3_.parent as parent0_6_,
        subcontrac3_.id as id0_6_,
        subcontrac3_.id as id0_1_,
        subcontrac3_.VERS as VERS0_1_,
        subcontrac3_.customerName as customer3_0_1_,
        subcontrac3_."type" as type4_0_1_,
        subcontrac3_.parent as parent0_1_,
        parties4_.contract as contract0_7_,
        parties4_.id as id3_7_,
        parties4_.id as id3_2_,
        parties4_.VERS as VERS3_2_,
        parties4_.contract as contract3_2_,
        parties4_.name as name3_2_ 
    from
        Contract this_ 
    left outer join
        ContractVariation variations2_ 
            on this_.id=variations2_.contract 
    left outer join
        Contract subcontrac3_ 
            on this_.id=subcontrac3_.parent 
    left outer join
        Party parties4_ 
            on subcontrac3_.id=parties4_.contract 
    order by
        variations2_.id asc
14:14:28,241 DEBUG SQL:104 - 
    select
        parties0_.contract as contract0_1_,
        parties0_.id as id3_1_,
        parties0_.id as id3_0_,
        parties0_.VERS as VERS3_0_,
        parties0_.contract as contract3_0_,
        parties0_.name as name3_0_ 
    from
        Party parties0_ 
    where
        parties0_.contract=?
14:14:28,242 DEBUG SQL:104 - 
    select
        infos0_.party as party3_1_,
        infos0_.id as id2_1_,
        infos0_.id as id2_0_,
        infos0_.VERS as VERS2_0_,
        infos0_.text as text2_0_ 
    from
        Info infos0_ 
    where
        infos0_.party=?
14:14:28,242 DEBUG SQL:104 - 
    select
        infos0_.party as party3_1_,
        infos0_.id as id2_1_,
        infos0_.id as id2_0_,
        infos0_.VERS as VERS2_0_,
        infos0_.text as text2_0_ 
    from
        Info infos0_ 
    where
        infos0_.party=?
14:14:28,253 DEBUG SQL:104 - 
    select
        infos0_.contract as contract0_1_,
        infos0_.id as id2_1_,
        infos0_.id as id2_0_,
        infos0_.VERS as VERS2_0_,
        infos0_.text as text2_0_ 
    from
        Info infos0_ 
    where
        infos0_.contract=?
14:14:28,254 DEBUG SQL:104 - 
    update
        Party 
    set
        contract=null 
    where
        contract=?
14:14:28,254 DEBUG SQL:104 - 
    delete 
    from
        Party 
    where
        id=? 
        and VERS=?
14:14:28,254 DEBUG SQL:104 - 
    delete 
    from
        Party 
    where
        id=? 
        and VERS=?
14:14:28,254 DEBUG SQL:104 - 
    delete 
    from
        Contract 
    where
        id=? 
        and VERS=?
14:14:28,255 DEBUG SQL:104 - 
    select
        count(*) as y0_ 
    from
        Contract this_
14:14:28,255 DEBUG SQL:104 - 
    select
        count(*) as y0_ 
    from
        Party this_
14:14:28,256  INFO CustomRunner:139 - Test: testCreateWithNonEmptyOneToManyCollectionOfExisting
14:14:28,256 DEBUG SQL:104 - 
    insert 
    into
        Party
        (VERS, name, id) 
    values
        (?, ?, ?)
14:14:28,266 DEBUG SQL:104 - 
    insert 
    into
        Contract
        (VERS, customerName, "type", id) 
    values
        (?, ?, ?, ?)
14:14:28,266 DEBUG SQL:104 - 
    update
        Party 
    set
        contract=? 
    where
        id=?
14:14:28,267 DEBUG SQL:104 - 
    select
        this_.id as id0_3_,
        this_.VERS as VERS0_3_,
        this_.customerName as customer3_0_3_,
        this_."type" as type4_0_3_,
        this_.parent as parent0_3_,
        variations2_.contract as contract0_5_,
        variations2_.id as id1_5_,
        variations2_.id as id1_0_,
        variations2_.text as text1_0_,
        variations2_.contract as contract1_0_,
        subcontrac3_.parent as parent0_6_,
        subcontrac3_.id as id0_6_,
        subcontrac3_.id as id0_1_,
        subcontrac3_.VERS as VERS0_1_,
        subcontrac3_.customerName as customer3_0_1_,
        subcontrac3_."type" as type4_0_1_,
        subcontrac3_.parent as parent0_1_,
        parties4_.contract as contract0_7_,
        parties4_.id as id3_7_,
        parties4_.id as id3_2_,
        parties4_.VERS as VERS3_2_,
        parties4_.contract as contract3_2_,
        parties4_.name as name3_2_ 
    from
        Contract this_ 
    left outer join
        ContractVariation variations2_ 
            on this_.id=variations2_.contract 
    left outer join
        Contract subcontrac3_ 
            on this_.id=subcontrac3_.parent 
    left outer join
        Party parties4_ 
            on subcontrac3_.id=parties4_.contract 
    order by
        variations2_.id asc
14:14:28,276 DEBUG SQL:104 - 
    select
        parties0_.contract as contract0_1_,
        parties0_.id as id3_1_,
        parties0_.id as id3_0_,
        parties0_.VERS as VERS3_0_,
        parties0_.contract as contract3_0_,
        parties0_.name as name3_0_ 
    from
        Party parties0_ 
    where
        parties0_.contract=?
14:14:28,277 DEBUG SQL:104 - 
    select
        infos0_.party as party3_1_,
        infos0_.id as id2_1_,
        infos0_.id as id2_0_,
        infos0_.VERS as VERS2_0_,
        infos0_.text as text2_0_ 
    from
        Info infos0_ 
    where
        infos0_.party=?
14:14:28,302 DEBUG SQL:104 - 
    select
        infos0_.contract as contract0_1_,
        infos0_.id as id2_1_,
        infos0_.id as id2_0_,
        infos0_.VERS as VERS2_0_,
        infos0_.text as text2_0_ 
    from
        Info infos0_ 
    where
        infos0_.contract=?
14:14:28,303 DEBUG SQL:104 - 
    update
        Party 
    set
        contract=null 
    where
        contract=?
14:14:28,303 DEBUG SQL:104 - 
    delete 
    from
        Party 
    where
        id=? 
        and VERS=?
14:14:28,312 DEBUG SQL:104 - 
    delete 
    from
        Contract 
    where
        id=? 
        and VERS=?
14:14:28,312 DEBUG SQL:104 - 
    select
        count(*) as y0_ 
    from
        Contract this_
14:14:28,313 DEBUG SQL:104 - 
    select
        count(*) as y0_ 
    from
        Party this_
14:14:28,313  INFO CustomRunner:139 - Test: testCreateWithNonEmptyOneToManyCollectionOfNew
14:14:28,314 DEBUG SQL:104 - 
    insert 
    into
        Contract
        (VERS, customerName, "type", id) 
    values
        (?, ?, ?, ?)
14:14:28,315 DEBUG SQL:104 - 
    insert 
    into
        Party
        (VERS, name, id) 
    values
        (?, ?, ?)
14:14:28,323 DEBUG SQL:104 - 
    update
        Party 
    set
        contract=? 
    where
        id=?
14:14:28,324 DEBUG SQL:104 - 
    select
        this_.id as id0_3_,
        this_.VERS as VERS0_3_,
        this_.customerName as customer3_0_3_,
        this_."type" as type4_0_3_,
        this_.parent as parent0_3_,
        variations2_.contract as contract0_5_,
        variations2_.id as id1_5_,
        variations2_.id as id1_0_,
        variations2_.text as text1_0_,
        variations2_.contract as contract1_0_,
        subcontrac3_.parent as parent0_6_,
        subcontrac3_.id as id0_6_,
        subcontrac3_.id as id0_1_,
        subcontrac3_.VERS as VERS0_1_,
        subcontrac3_.customerName as customer3_0_1_,
        subcontrac3_."type" as type4_0_1_,
        subcontrac3_.parent as parent0_1_,
        parties4_.contract as contract0_7_,
        parties4_.id as id3_7_,
        parties4_.id as id3_2_,
        parties4_.VERS as VERS3_2_,
        parties4_.contract as contract3_2_,
        parties4_.name as name3_2_ 
    from
        Contract this_ 
    left outer join
        ContractVariation variations2_ 
            on this_.id=variations2_.contract 
    left outer join
        Contract subcontrac3_ 
            on this_.id=subcontrac3_.parent 
    left outer join
        Party parties4_ 
            on subcontrac3_.id=parties4_.contract 
    order by
        variations2_.id asc
14:14:28,334 DEBUG SQL:104 - 
    select
        parties0_.contract as contract0_1_,
        parties0_.id as id3_1_,
        parties0_.id as id3_0_,
        parties0_.VERS as VERS3_0_,
        parties0_.contract as contract3_0_,
        parties0_.name as name3_0_ 
    from
        Party parties0_ 
    where
        parties0_.contract=?
14:14:28,344 DEBUG SQL:104 - 
    select
        infos0_.party as party3_1_,
        infos0_.id as id2_1_,
        infos0_.id as id2_0_,
        infos0_.VERS as VERS2_0_,
        infos0_.text as text2_0_ 
    from
        Info infos0_ 
    where
        infos0_.party=?
14:14:28,345 DEBUG SQL:104 - 
    select
        infos0_.contract as contract0_1_,
        infos0_.id as id2_1_,
        infos0_.id as id2_0_,
        infos0_.VERS as VERS2_0_,
        infos0_.text as text2_0_ 
    from
        Info infos0_ 
    where
        infos0_.contract=?
14:14:28,345 DEBUG SQL:104 - 
    update
        Party 
    set
        contract=null 
    where
        contract=?
14:14:28,345 DEBUG SQL:104 - 
    delete 
    from
        Party 
    where
        id=? 
        and VERS=?
14:14:28,355 DEBUG SQL:104 - 
    delete 
    from
        Contract 
    where
        id=? 
        and VERS=?
14:14:28,356 DEBUG SQL:104 - 
    select
        count(*) as y0_ 
    from
        Contract this_
14:14:28,356 DEBUG SQL:104 - 
    select
        count(*) as y0_ 
    from
        Party this_
14:14:28,357  INFO CustomRunner:139 - Test: testCreateWithNonEmptyOneToManyCollectionUpdateWithNewElement
14:14:28,358 DEBUG SQL:104 - 
    insert 
    into
        Contract
        (VERS, customerName, "type", id) 
    values
        (?, ?, ?, ?)
14:14:28,365 DEBUG SQL:104 - 
    insert 
    into
        Party
        (VERS, name, id) 
    values
        (?, ?, ?)
14:14:28,365 DEBUG SQL:104 - 
    update
        Party 
    set
        contract=? 
    where
        id=?
14:14:28,366 DEBUG SQL:104 - 
    insert 
    into
        Party
        (VERS, name, id) 
    values
        (?, ?, ?)
14:14:28,366 DEBUG SQL:104 - 
    update
        Contract 
    set
        VERS=? 
    where
        id=? 
        and VERS=?
14:14:28,377 DEBUG SQL:104 - 
    update
        Party 
    set
        contract=? 
    where
        id=?
14:14:28,377 DEBUG SQL:104 - 
    select
        this_.id as id0_3_,
        this_.VERS as VERS0_3_,
        this_.customerName as customer3_0_3_,
        this_."type" as type4_0_3_,
        this_.parent as parent0_3_,
        variations2_.contract as contract0_5_,
        variations2_.id as id1_5_,
        variations2_.id as id1_0_,
        variations2_.text as text1_0_,
        variations2_.contract as contract1_0_,
        subcontrac3_.parent as parent0_6_,
        subcontrac3_.id as id0_6_,
        subcontrac3_.id as id0_1_,
        subcontrac3_.VERS as VERS0_1_,
        subcontrac3_.customerName as customer3_0_1_,
        subcontrac3_."type" as type4_0_1_,
        subcontrac3_.parent as parent0_1_,
        parties4_.contract as contract0_7_,
        parties4_.id as id3_7_,
        parties4_.id as id3_2_,
        parties4_.VERS as VERS3_2_,
        parties4_.contract as contract3_2_,
        parties4_.name as name3_2_ 
    from
        Contract this_ 
    left outer join
        ContractVariation variations2_ 
            on this_.id=variations2_.contract 
    left outer join
        Contract subcontrac3_ 
            on this_.id=subcontrac3_.parent 
    left outer join
        Party parties4_ 
            on subcontrac3_.id=parties4_.contract 
    order by
        variations2_.id asc
14:14:28,378 DEBUG SQL:104 - 
    select
        parties0_.contract as contract0_1_,
        parties0_.id as id3_1_,
        parties0_.id as id3_0_,
        parties0_.VERS as VERS3_0_,
        parties0_.contract as contract3_0_,
        parties0_.name as name3_0_ 
    from
        Party parties0_ 
    where
        parties0_.contract=?
14:14:28,379 DEBUG SQL:104 - 
    select
        infos0_.party as party3_1_,
        infos0_.id as id2_1_,
        infos0_.id as id2_0_,
        infos0_.VERS as VERS2_0_,
        infos0_.text as text2_0_ 
    from
        Info infos0_ 
    where
        infos0_.party=?
14:14:28,389 DEBUG SQL:104 - 
    select
        infos0_.party as party3_1_,
        infos0_.id as id2_1_,
        infos0_.id as id2_0_,
        infos0_.VERS as VERS2_0_,
        infos0_.text as text2_0_ 
    from
        Info infos0_ 
    where
        infos0_.party=?
14:14:28,390 DEBUG SQL:104 - 
    select
        infos0_.contract as contract0_1_,
        infos0_.id as id2_1_,
        infos0_.id as id2_0_,
        infos0_.VERS as VERS2_0_,
        infos0_.text as text2_0_ 
    from
        Info infos0_ 
    where
        infos0_.contract=?
14:14:28,401 DEBUG SQL:104 - 
    update
        Party 
    set
        contract=null 
    where
        contract=?
14:14:28,401 DEBUG SQL:104 - 
    delete 
    from
        Party 
    where
        id=? 
        and VERS=?
14:14:28,402 DEBUG SQL:104 - 
    delete 
    from
        Party 
    where
        id=? 
        and VERS=?
14:14:28,402 DEBUG SQL:104 - 
    delete 
    from
        Contract 
    where
        id=? 
        and VERS=?
14:14:28,402 DEBUG SQL:104 - 
    select
        count(*) as y0_ 
    from
        Contract this_
14:14:28,402 DEBUG SQL:104 - 
    select
        count(*) as y0_ 
    from
        Party this_
14:14:28,403  INFO CustomRunner:139 - Test: testDeleteOneToManyElement
14:14:28,404 DEBUG SQL:104 - 
    insert 
    into
        Contract
        (VERS, customerName, "type", id) 
    values
        (?, ?, ?, ?)
14:14:28,422 DEBUG SQL:104 - 
    insert 
    into
        Party
        (VERS, name, id) 
    values
        (?, ?, ?)
14:14:28,423 DEBUG SQL:104 - 
    update
        Party 
    set
        contract=? 
    where
        id=?
14:14:28,424 DEBUG SQL:104 - 
    update
        Contract 
    set
        VERS=? 
    where
        id=? 
        and VERS=?
14:14:28,425 DEBUG SQL:104 - 
    update
        Party 
    set
        contract=null 
    where
        contract=?
14:14:28,433 DEBUG SQL:104 - 
    delete 
    from
        Party 
    where
        id=? 
        and VERS=?
14:14:28,435 DEBUG SQL:104 - 
    select
        this_.id as id0_3_,
        this_.VERS as VERS0_3_,
        this_.customerName as customer3_0_3_,
        this_."type" as type4_0_3_,
        this_.parent as parent0_3_,
        variations2_.contract as contract0_5_,
        variations2_.id as id1_5_,
        variations2_.id as id1_0_,
        variations2_.text as text1_0_,
        variations2_.contract as contract1_0_,
        subcontrac3_.parent as parent0_6_,
        subcontrac3_.id as id0_6_,
        subcontrac3_.id as id0_1_,
        subcontrac3_.VERS as VERS0_1_,
        subcontrac3_.customerName as customer3_0_1_,
        subcontrac3_."type" as type4_0_1_,
        subcontrac3_.parent as parent0_1_,
        parties4_.contract as contract0_7_,
        parties4_.id as id3_7_,
        parties4_.id as id3_2_,
        parties4_.VERS as VERS3_2_,
        parties4_.contract as contract3_2_,
        parties4_.name as name3_2_ 
    from
        Contract this_ 
    left outer join
        ContractVariation variations2_ 
            on this_.id=variations2_.contract 
    left outer join
        Contract subcontrac3_ 
            on this_.id=subcontrac3_.parent 
    left outer join
        Party parties4_ 
            on subcontrac3_.id=parties4_.contract 
    order by
        variations2_.id asc
14:14:28,445 DEBUG SQL:104 - 
    select
        parties0_.contract as contract0_1_,
        parties0_.id as id3_1_,
        parties0_.id as id3_0_,
        parties0_.VERS as VERS3_0_,
        parties0_.contract as contract3_0_,
        parties0_.name as name3_0_ 
    from
        Party parties0_ 
    where
        parties0_.contract=?
14:14:28,446 DEBUG SQL:104 - 
    select
        this_.id as id3_0_,
        this_.VERS as VERS3_0_,
        this_.contract as contract3_0_,
        this_.name as name3_0_ 
    from
        Party this_
14:14:28,456 DEBUG SQL:104 - 
    select
        infos0_.contract as contract0_1_,
        infos0_.id as id2_1_,
        infos0_.id as id2_0_,
        infos0_.VERS as VERS2_0_,
        infos0_.text as text2_0_ 
    from
        Info infos0_ 
    where
        infos0_.contract=?
14:14:28,456 DEBUG SQL:104 - 
    delete 
    from
        Contract 
    where
        id=? 
        and VERS=?
14:14:28,457 DEBUG SQL:104 - 
    select
        count(*) as y0_ 
    from
        Contract this_
14:14:28,457 DEBUG SQL:104 - 
    select
        count(*) as y0_ 
    from
        Party this_
14:14:28,467  INFO CustomRunner:139 - Test: testDeleteOneToManyOrphan
14:14:28,468 DEBUG SQL:104 - 
    select
        max(id) 
    from
        ContractVariation
14:14:28,469 DEBUG SQL:104 - 
    insert 
    into
        Contract
        (VERS, customerName, "type", id) 
    values
        (?, ?, ?, ?)
14:14:28,469 DEBUG SQL:104 - 
    insert 
    into
        ContractVariation
        (text, id) 
    values
        (?, ?)
14:14:28,469 DEBUG SQL:104 - 
    update
        ContractVariation 
    set
        contract=? 
    where
        id=?
14:14:28,478 DEBUG SQL:104 - 
    update
        Contract 
    set
        VERS=? 
    where
        id=? 
        and VERS=?
14:14:28,479 DEBUG SQL:104 - 
    update
        ContractVariation 
    set
        contract=null 
    where
        contract=?
14:14:28,479 DEBUG SQL:104 - 
    delete 
    from
        ContractVariation 
    where
        id=?
14:14:28,480 DEBUG SQL:104 - 
    select
        this_.id as id0_3_,
        this_.VERS as VERS0_3_,
        this_.customerName as customer3_0_3_,
        this_."type" as type4_0_3_,
        this_.parent as parent0_3_,
        variations2_.contract as contract0_5_,
        variations2_.id as id1_5_,
        variations2_.id as id1_0_,
        variations2_.text as text1_0_,
        variations2_.contract as contract1_0_,
        subcontrac3_.parent as parent0_6_,
        subcontrac3_.id as id0_6_,
        subcontrac3_.id as id0_1_,
        subcontrac3_.VERS as VERS0_1_,
        subcontrac3_.customerName as customer3_0_1_,
        subcontrac3_."type" as type4_0_1_,
        subcontrac3_.parent as parent0_1_,
        parties4_.contract as contract0_7_,
        parties4_.id as id3_7_,
        parties4_.id as id3_2_,
        parties4_.VERS as VERS3_2_,
        parties4_.contract as contract3_2_,
        parties4_.name as name3_2_ 
    from
        Contract this_ 
    left outer join
        ContractVariation variations2_ 
            on this_.id=variations2_.contract 
    left outer join
        Contract subcontrac3_ 
            on this_.id=subcontrac3_.parent 
    left outer join
        Party parties4_ 
            on subcontrac3_.id=parties4_.contract 
    order by
        variations2_.id asc
14:14:28,501 DEBUG SQL:104 - 
    select
        this_.id as id1_0_,
        this_.text as text1_0_,
        this_.contract as contract1_0_ 
    from
        ContractVariation this_
14:14:28,502 DEBUG SQL:104 - 
    select
        parties0_.contract as contract0_1_,
        parties0_.id as id3_1_,
        parties0_.id as id3_0_,
        parties0_.VERS as VERS3_0_,
        parties0_.contract as contract3_0_,
        parties0_.name as name3_0_ 
    from
        Party parties0_ 
    where
        parties0_.contract=?
14:14:28,503 DEBUG SQL:104 - 
    select
        infos0_.contract as contract0_1_,
        infos0_.id as id2_1_,
        infos0_.id as id2_0_,
        infos0_.VERS as VERS2_0_,
        infos0_.text as text2_0_ 
    from
        Info infos0_ 
    where
        infos0_.contract=?
14:14:28,504 DEBUG SQL:104 - 
    delete 
    from
        Contract 
    where
        id=? 
        and VERS=?
14:14:28,505 DEBUG SQL:104 - 
    select
        count(*) as y0_ 
    from
        Contract this_
14:14:28,506 DEBUG SQL:104 - 
    select
        count(*) as y0_ 
    from
        ContractVariation this_
14:14:28,506  INFO CustomRunner:139 - Test: testMoveOneToManyElementToExistingEntityCollection
14:14:28,508 DEBUG SQL:104 - 
    insert 
    into
        Contract
        (VERS, customerName, "type", id) 
    values
        (?, ?, ?, ?)
14:14:28,508 DEBUG SQL:104 - 
    insert 
    into
        Party
        (VERS, name, id) 
    values
        (?, ?, ?)
14:14:28,513 DEBUG SQL:104 - 
    insert 
    into
        Contract
        (VERS, customerName, "type", id) 
    values
        (?, ?, ?, ?)
14:14:28,514 DEBUG SQL:104 - 
    update
        Party 
    set
        contract=? 
    where
        id=?
14:14:28,515 DEBUG SQL:104 - 
    select
        this_.id as id0_3_,
        this_.VERS as VERS0_3_,
        this_.customerName as customer3_0_3_,
        this_."type" as type4_0_3_,
        this_.parent as parent0_3_,
        variations2_.contract as contract0_5_,
        variations2_.id as id1_5_,
        variations2_.id as id1_0_,
        variations2_.text as text1_0_,
        variations2_.contract as contract1_0_,
        subcontrac3_.parent as parent0_6_,
        subcontrac3_.id as id0_6_,
        subcontrac3_.id as id0_1_,
        subcontrac3_.VERS as VERS0_1_,
        subcontrac3_.customerName as customer3_0_1_,
        subcontrac3_."type" as type4_0_1_,
        subcontrac3_.parent as parent0_1_,
        parties4_.contract as contract0_7_,
        parties4_.id as id3_7_,
        parties4_.id as id3_2_,
        parties4_.VERS as VERS3_2_,
        parties4_.contract as contract3_2_,
        parties4_.name as name3_2_ 
    from
        Contract this_ 
    left outer join
        ContractVariation variations2_ 
            on this_.id=variations2_.contract 
    left outer join
        Contract subcontrac3_ 
            on this_.id=subcontrac3_.parent 
    left outer join
        Party parties4_ 
            on subcontrac3_.id=parties4_.contract 
    where
        this_.id = ? 
    order by
        variations2_.id asc
14:14:28,526 DEBUG SQL:104 - 
    select
        parties0_.contract as contract0_1_,
        parties0_.id as id3_1_,
        parties0_.id as id3_0_,
        parties0_.VERS as VERS3_0_,
        parties0_.contract as contract3_0_,
        parties0_.name as name3_0_ 
    from
        Party parties0_ 
    where
        parties0_.contract=?
14:14:28,527 DEBUG SQL:104 - 
    update
        Contract 
    set
        VERS=? 
    where
        id=? 
        and VERS=?
14:14:28,549 DEBUG SQL:104 - 
    update
        Party 
    set
        contract=null 
    where
        contract=?
14:14:28,549 DEBUG SQL:104 - 
    select
        this_.id as id0_3_,
        this_.VERS as VERS0_3_,
        this_.customerName as customer3_0_3_,
        this_."type" as type4_0_3_,
        this_.parent as parent0_3_,
        variations2_.contract as contract0_5_,
        variations2_.id as id1_5_,
        variations2_.id as id1_0_,
        variations2_.text as text1_0_,
        variations2_.contract as contract1_0_,
        subcontrac3_.parent as parent0_6_,
        subcontrac3_.id as id0_6_,
        subcontrac3_.id as id0_1_,
        subcontrac3_.VERS as VERS0_1_,
        subcontrac3_.customerName as customer3_0_1_,
        subcontrac3_."type" as type4_0_1_,
        subcontrac3_.parent as parent0_1_,
        parties4_.contract as contract0_7_,
        parties4_.id as id3_7_,
        parties4_.id as id3_2_,
        parties4_.VERS as VERS3_2_,
        parties4_.contract as contract3_2_,
        parties4_.name as name3_2_ 
    from
        Contract this_ 
    left outer join
        ContractVariation variations2_ 
            on this_.id=variations2_.contract 
    left outer join
        Contract subcontrac3_ 
            on this_.id=subcontrac3_.parent 
    left outer join
        Party parties4_ 
            on subcontrac3_.id=parties4_.contract 
    where
        this_.id = ? 
    order by
        variations2_.id asc
14:14:28,561 DEBUG SQL:104 - 
    select
        parties0_.contract as contract0_1_,
        parties0_.id as id3_1_,
        parties0_.id as id3_0_,
        parties0_.VERS as VERS3_0_,
        parties0_.contract as contract3_0_,
        parties0_.name as name3_0_ 
    from
        Party parties0_ 
    where
        parties0_.contract=?
14:14:28,562 DEBUG SQL:104 - 
    update
        Contract 
    set
        VERS=? 
    where
        id=? 
        and VERS=?
14:14:28,571 DEBUG SQL:104 - 
    update
        Party 
    set
        contract=? 
    where
        id=?
14:14:28,572 DEBUG SQL:104 - 
    select
        this_.id as id0_3_,
        this_.VERS as VERS0_3_,
        this_.customerName as customer3_0_3_,
        this_."type" as type4_0_3_,
        this_.parent as parent0_3_,
        variations2_.contract as contract0_5_,
        variations2_.id as id1_5_,
        variations2_.id as id1_0_,
        variations2_.text as text1_0_,
        variations2_.contract as contract1_0_,
        subcontrac3_.parent as parent0_6_,
        subcontrac3_.id as id0_6_,
        subcontrac3_.id as id0_1_,
        subcontrac3_.VERS as VERS0_1_,
        subcontrac3_.customerName as customer3_0_1_,
        subcontrac3_."type" as type4_0_1_,
        subcontrac3_.parent as parent0_1_,
        parties4_.contract as contract0_7_,
        parties4_.id as id3_7_,
        parties4_.id as id3_2_,
        parties4_.VERS as VERS3_2_,
        parties4_.contract as contract3_2_,
        parties4_.name as name3_2_ 
    from
        Contract this_ 
    left outer join
        ContractVariation variations2_ 
            on this_.id=variations2_.contract 
    left outer join
        Contract subcontrac3_ 
            on this_.id=subcontrac3_.parent 
    left outer join
        Party parties4_ 
            on subcontrac3_.id=parties4_.contract 
    where
        this_.id = ? 
    order by
        variations2_.id asc
14:14:28,584 DEBUG SQL:104 - 
    select
        this_.id as id0_3_,
        this_.VERS as VERS0_3_,
        this_.customerName as customer3_0_3_,
        this_."type" as type4_0_3_,
        this_.parent as parent0_3_,
        variations2_.contract as contract0_5_,
        variations2_.id as id1_5_,
        variations2_.id as id1_0_,
        variations2_.text as text1_0_,
        variations2_.contract as contract1_0_,
        subcontrac3_.parent as parent0_6_,
        subcontrac3_.id as id0_6_,
        subcontrac3_.id as id0_1_,
        subcontrac3_.VERS as VERS0_1_,
        subcontrac3_.customerName as customer3_0_1_,
        subcontrac3_."type" as type4_0_1_,
        subcontrac3_.parent as parent0_1_,
        parties4_.contract as contract0_7_,
        parties4_.id as id3_7_,
        parties4_.id as id3_2_,
        parties4_.VERS as VERS3_2_,
        parties4_.contract as contract3_2_,
        parties4_.name as name3_2_ 
    from
        Contract this_ 
    left outer join
        ContractVariation variations2_ 
            on this_.id=variations2_.contract 
    left outer join
        Contract subcontrac3_ 
            on this_.id=subcontrac3_.parent 
    left outer join
        Party parties4_ 
            on subcontrac3_.id=parties4_.contract 
    where
        this_.id = ? 
    order by
        variations2_.id asc
14:14:28,603 DEBUG SQL:104 - 
    select
        parties0_.contract as contract0_1_,
        parties0_.id as id3_1_,
        parties0_.id as id3_0_,
        parties0_.VERS as VERS3_0_,
        parties0_.contract as contract3_0_,
        parties0_.name as name3_0_ 
    from
        Party parties0_ 
    where
        parties0_.contract=?
14:14:28,604 DEBUG SQL:104 - 
    select
        parties0_.contract as contract0_1_,
        parties0_.id as id3_1_,
        parties0_.id as id3_0_,
        parties0_.VERS as VERS3_0_,
        parties0_.contract as contract3_0_,
        parties0_.name as name3_0_ 
    from
        Party parties0_ 
    where
        parties0_.contract=?
14:14:28,604 DEBUG SQL:104 - 
    select
        infos0_.contract as contract0_1_,
        infos0_.id as id2_1_,
        infos0_.id as id2_0_,
        infos0_.VERS as VERS2_0_,
        infos0_.text as text2_0_ 
    from
        Info infos0_ 
    where
        infos0_.contract=?
14:14:28,616 DEBUG SQL:104 - 
    select
        infos0_.party as party3_1_,
        infos0_.id as id2_1_,
        infos0_.id as id2_0_,
        infos0_.VERS as VERS2_0_,
        infos0_.text as text2_0_ 
    from
        Info infos0_ 
    where
        infos0_.party=?
14:14:28,619 DEBUG SQL:104 - 
    select
        infos0_.contract as contract0_1_,
        infos0_.id as id2_1_,
        infos0_.id as id2_0_,
        infos0_.VERS as VERS2_0_,
        infos0_.text as text2_0_ 
    from
        Info infos0_ 
    where
        infos0_.contract=?
14:14:28,627 DEBUG SQL:104 - 
    update
        Party 
    set
        contract=null 
    where
        contract=?
14:14:28,628 DEBUG SQL:104 - 
    delete 
    from
        Contract 
    where
        id=? 
        and VERS=?
14:14:28,628 DEBUG SQL:104 - 
    delete 
    from
        Party 
    where
        id=? 
        and VERS=?
14:14:28,628 DEBUG SQL:104 - 
    delete 
    from
        Contract 
    where
        id=? 
        and VERS=?
14:14:28,628 DEBUG SQL:104 - 
    select
        count(*) as y0_ 
    from
        Contract this_
14:14:28,629 DEBUG SQL:104 - 
    select
        count(*) as y0_ 
    from
        Party this_
14:14:28,629  INFO CustomRunner:139 - Test: testMoveOneToManyElementToNewEntityCollection
14:14:28,631 DEBUG SQL:104 - 
    insert 
    into
        Contract
        (VERS, customerName, "type", id) 
    values
        (?, ?, ?, ?)
14:14:28,631 DEBUG SQL:104 - 
    insert 
    into
        Party
        (VERS, name, id) 
    values
        (?, ?, ?)
14:14:28,631 DEBUG SQL:104 - 
    update
        Party 
    set
        contract=? 
    where
        id=?
14:14:28,632 DEBUG SQL:104 - 
    select
        this_.id as id0_3_,
        this_.VERS as VERS0_3_,
        this_.customerName as customer3_0_3_,
        this_."type" as type4_0_3_,
        this_.parent as parent0_3_,
        variations2_.contract as contract0_5_,
        variations2_.id as id1_5_,
        variations2_.id as id1_0_,
        variations2_.text as text1_0_,
        variations2_.contract as contract1_0_,
        subcontrac3_.parent as parent0_6_,
        subcontrac3_.id as id0_6_,
        subcontrac3_.id as id0_1_,
        subcontrac3_.VERS as VERS0_1_,
        subcontrac3_.customerName as customer3_0_1_,
        subcontrac3_."type" as type4_0_1_,
        subcontrac3_.parent as parent0_1_,
        parties4_.contract as contract0_7_,
        parties4_.id as id3_7_,
        parties4_.id as id3_2_,
        parties4_.VERS as VERS3_2_,
        parties4_.contract as contract3_2_,
        parties4_.name as name3_2_ 
    from
        Contract this_ 
    left outer join
        ContractVariation variations2_ 
            on this_.id=variations2_.contract 
    left outer join
        Contract subcontrac3_ 
            on this_.id=subcontrac3_.parent 
    left outer join
        Party parties4_ 
            on subcontrac3_.id=parties4_.contract 
    order by
        variations2_.id asc
14:14:28,643 DEBUG SQL:104 - 
    select
        parties0_.contract as contract0_1_,
        parties0_.id as id3_1_,
        parties0_.id as id3_0_,
        parties0_.VERS as VERS3_0_,
        parties0_.contract as contract3_0_,
        parties0_.name as name3_0_ 
    from
        Party parties0_ 
    where
        parties0_.contract=?
14:14:28,657 DEBUG SQL:104 - 
    insert 
    into
        Contract
        (VERS, customerName, "type", id) 
    values
        (?, ?, ?, ?)
14:14:28,657 DEBUG SQL:104 - 
    update
        Contract 
    set
        VERS=? 
    where
        id=? 
        and VERS=?
14:14:28,657 DEBUG SQL:104 - 
    update
        Party 
    set
        contract=null 
    where
        contract=?
14:14:28,658 DEBUG SQL:104 - 
    update
        Party 
    set
        contract=? 
    where
        id=?
14:14:28,666 DEBUG SQL:104 - 
    select
        this_.id as id0_3_,
        this_.VERS as VERS0_3_,
        this_.customerName as customer3_0_3_,
        this_."type" as type4_0_3_,
        this_.parent as parent0_3_,
        variations2_.contract as contract0_5_,
        variations2_.id as id1_5_,
        variations2_.id as id1_0_,
        variations2_.text as text1_0_,
        variations2_.contract as contract1_0_,
        subcontrac3_.parent as parent0_6_,
        subcontrac3_.id as id0_6_,
        subcontrac3_.id as id0_1_,
        subcontrac3_.VERS as VERS0_1_,
        subcontrac3_.customerName as customer3_0_1_,
        subcontrac3_."type" as type4_0_1_,
        subcontrac3_.parent as parent0_1_,
        parties4_.contract as contract0_7_,
        parties4_.id as id3_7_,
        parties4_.id as id3_2_,
        parties4_.VERS as VERS3_2_,
        parties4_.contract as contract3_2_,
        parties4_.name as name3_2_ 
    from
        Contract this_ 
    left outer join
        ContractVariation variations2_ 
            on this_.id=variations2_.contract 
    left outer join
        Contract subcontrac3_ 
            on this_.id=subcontrac3_.parent 
    left outer join
        Party parties4_ 
            on subcontrac3_.id=parties4_.contract 
    where
        this_.id = ? 
    order by
        variations2_.id asc
14:14:28,691 DEBUG SQL:104 - 
    select
        this_.id as id0_3_,
        this_.VERS as VERS0_3_,
        this_.customerName as customer3_0_3_,
        this_."type" as type4_0_3_,
        this_.parent as parent0_3_,
        variations2_.contract as contract0_5_,
        variations2_.id as id1_5_,
        variations2_.id as id1_0_,
        variations2_.text as text1_0_,
        variations2_.contract as contract1_0_,
        subcontrac3_.parent as parent0_6_,
        subcontrac3_.id as id0_6_,
        subcontrac3_.id as id0_1_,
        subcontrac3_.VERS as VERS0_1_,
        subcontrac3_.customerName as customer3_0_1_,
        subcontrac3_."type" as type4_0_1_,
        subcontrac3_.parent as parent0_1_,
        parties4_.contract as contract0_7_,
        parties4_.id as id3_7_,
        parties4_.id as id3_2_,
        parties4_.VERS as VERS3_2_,
        parties4_.contract as contract3_2_,
        parties4_.name as name3_2_ 
    from
        Contract this_ 
    left outer join
        ContractVariation variations2_ 
            on this_.id=variations2_.contract 
    left outer join
        Contract subcontrac3_ 
            on this_.id=subcontrac3_.parent 
    left outer join
        Party parties4_ 
            on subcontrac3_.id=parties4_.contract 
    where
        this_.id = ? 
    order by
        variations2_.id asc
14:14:28,702 DEBUG SQL:104 - 
    select
        parties0_.contract as contract0_1_,
        parties0_.id as id3_1_,
        parties0_.id as id3_0_,
        parties0_.VERS as VERS3_0_,
        parties0_.contract as contract3_0_,
        parties0_.name as name3_0_ 
    from
        Party parties0_ 
    where
        parties0_.contract=?
14:14:28,702 DEBUG SQL:104 - 
    select
        parties0_.contract as contract0_1_,
        parties0_.id as id3_1_,
        parties0_.id as id3_0_,
        parties0_.VERS as VERS3_0_,
        parties0_.contract as contract3_0_,
        parties0_.name as name3_0_ 
    from
        Party parties0_ 
    where
        parties0_.contract=?
14:14:28,713 DEBUG SQL:104 - 
    select
        infos0_.contract as contract0_1_,
        infos0_.id as id2_1_,
        infos0_.id as id2_0_,
        infos0_.VERS as VERS2_0_,
        infos0_.text as text2_0_ 
    from
        Info infos0_ 
    where
        infos0_.contract=?
14:14:28,713 DEBUG SQL:104 - 
    select
        infos0_.party as party3_1_,
        infos0_.id as id2_1_,
        infos0_.id as id2_0_,
        infos0_.VERS as VERS2_0_,
        infos0_.text as text2_0_ 
    from
        Info infos0_ 
    where
        infos0_.party=?
14:14:28,713 DEBUG SQL:104 - 
    select
        infos0_.contract as contract0_1_,
        infos0_.id as id2_1_,
        infos0_.id as id2_0_,
        infos0_.VERS as VERS2_0_,
        infos0_.text as text2_0_ 
    from
        Info infos0_ 
    where
        infos0_.contract=?
14:14:28,725 DEBUG SQL:104 - 
    update
        Party 
    set
        contract=null 
    where
        contract=?
14:14:28,725 DEBUG SQL:104 - 
    delete 
    from
        Contract 
    where
        id=? 
        and VERS=?
14:14:28,726 DEBUG SQL:104 - 
    delete 
    from
        Party 
    where
        id=? 
        and VERS=?
14:14:28,726 DEBUG SQL:104 - 
    delete 
    from
        Contract 
    where
        id=? 
        and VERS=?
14:14:28,732 DEBUG SQL:104 - 
    select
        count(*) as y0_ 
    from
        Contract this_
14:14:28,733 DEBUG SQL:104 - 
    select
        count(*) as y0_ 
    from
        Party this_
14:14:28,733  INFO CustomRunner:139 - Test: testOneToManyCollectionOptimisticLockingWithMerge
14:14:28,734 DEBUG SQL:104 - 
    insert 
    into
        Contract
        (VERS, customerName, "type", id) 
    values
        (?, ?, ?, ?)
14:14:28,735 DEBUG SQL:104 - 
    insert 
    into
        Party
        (VERS, name, id) 
    values
        (?, ?, ?)
14:14:28,742 DEBUG SQL:104 - 
    update
        Party 
    set
        contract=? 
    where
        id=?
14:14:28,743 DEBUG SQL:104 - 
    select
        contract0_.id as id0_3_,
        contract0_.VERS as VERS0_3_,
        contract0_.customerName as customer3_0_3_,
        contract0_."type" as type4_0_3_,
        contract0_.parent as parent0_3_,
        variations1_.contract as contract0_5_,
        variations1_.id as id1_5_,
        variations1_.id as id1_0_,
        variations1_.text as text1_0_,
        variations1_.contract as contract1_0_,
        subcontrac2_.parent as parent0_6_,
        subcontrac2_.id as id0_6_,
        subcontrac2_.id as id0_1_,
        subcontrac2_.VERS as VERS0_1_,
        subcontrac2_.customerName as customer3_0_1_,
        subcontrac2_."type" as type4_0_1_,
        subcontrac2_.parent as parent0_1_,
        parties3_.contract as contract0_7_,
        parties3_.id as id3_7_,
        parties3_.id as id3_2_,
        parties3_.VERS as VERS3_2_,
        parties3_.contract as contract3_2_,
        parties3_.name as name3_2_ 
    from
        Contract contract0_ 
    left outer join
        ContractVariation variations1_ 
            on contract0_.id=variations1_.contract 
    left outer join
        Contract subcontrac2_ 
            on contract0_.id=subcontrac2_.parent 
    left outer join
        Party parties3_ 
            on subcontrac2_.id=parties3_.contract 
    where
        contract0_.id=? 
    order by
        variations1_.id asc
14:14:28,755 DEBUG SQL:104 - 
    select
        parties0_.contract as contract0_1_,
        parties0_.id as id3_1_,
        parties0_.id as id3_0_,
        parties0_.VERS as VERS3_0_,
        parties0_.contract as contract3_0_,
        parties0_.name as name3_0_ 
    from
        Party parties0_ 
    where
        parties0_.contract=?
14:14:28,756 DEBUG SQL:104 - 
    insert 
    into
        Party
        (VERS, name, id) 
    values
        (?, ?, ?)
14:14:28,756 DEBUG SQL:104 - 
    update
        Contract 
    set
        VERS=? 
    where
        id=? 
        and VERS=?
14:14:28,756 DEBUG SQL:104 - 
    update
        Party 
    set
        contract=? 
    where
        id=?
14:14:28,757 DEBUG SQL:104 - 
    select
        contract0_.id as id0_1_,
        contract0_.VERS as VERS0_1_,
        contract0_.customerName as customer3_0_1_,
        contract0_."type" as type4_0_1_,
        contract0_.parent as parent0_1_,
        variations1_.contract as contract0_3_,
        variations1_.id as id1_3_,
        variations1_.id as id1_0_,
        variations1_.text as text1_0_,
        variations1_.contract as contract1_0_ 
    from
        Contract contract0_ 
    left outer join
        ContractVariation variations1_ 
            on contract0_.id=variations1_.contract 
    where
        contract0_.id=? 
    order by
        variations1_.id asc
14:14:28,770 DEBUG SQL:104 - 
    select
        this_.id as id0_3_,
        this_.VERS as VERS0_3_,
        this_.customerName as customer3_0_3_,
        this_."type" as type4_0_3_,
        this_.parent as parent0_3_,
        variations2_.contract as contract0_5_,
        variations2_.id as id1_5_,
        variations2_.id as id1_0_,
        variations2_.text as text1_0_,
        variations2_.contract as contract1_0_,
        subcontrac3_.parent as parent0_6_,
        subcontrac3_.id as id0_6_,
        subcontrac3_.id as id0_1_,
        subcontrac3_.VERS as VERS0_1_,
        subcontrac3_.customerName as customer3_0_1_,
        subcontrac3_."type" as type4_0_1_,
        subcontrac3_.parent as parent0_1_,
        parties4_.contract as contract0_7_,
        parties4_.id as id3_7_,
        parties4_.id as id3_2_,
        parties4_.VERS as VERS3_2_,
        parties4_.contract as contract3_2_,
        parties4_.name as name3_2_ 
    from
        Contract this_ 
    left outer join
        ContractVariation variations2_ 
            on this_.id=variations2_.contract 
    left outer join
        Contract subcontrac3_ 
            on this_.id=subcontrac3_.parent 
    left outer join
        Party parties4_ 
            on subcontrac3_.id=parties4_.contract 
    order by
        variations2_.id asc
14:14:28,782 DEBUG SQL:104 - 
    select
        parties0_.contract as contract0_1_,
        parties0_.id as id3_1_,
        parties0_.id as id3_0_,
        parties0_.VERS as VERS3_0_,
        parties0_.contract as contract3_0_,
        parties0_.name as name3_0_ 
    from
        Party parties0_ 
    where
        parties0_.contract=?
14:14:28,793 DEBUG SQL:104 - 
    select
        infos0_.party as party3_1_,
        infos0_.id as id2_1_,
        infos0_.id as id2_0_,
        infos0_.VERS as VERS2_0_,
        infos0_.text as text2_0_ 
    from
        Info infos0_ 
    where
        infos0_.party=?
14:14:28,793 DEBUG SQL:104 - 
    select
        infos0_.party as party3_1_,
        infos0_.id as id2_1_,
        infos0_.id as id2_0_,
        infos0_.VERS as VERS2_0_,
        infos0_.text as text2_0_ 
    from
        Info infos0_ 
    where
        infos0_.party=?
14:14:28,804 DEBUG SQL:104 - 
    select
        infos0_.contract as contract0_1_,
        infos0_.id as id2_1_,
        infos0_.id as id2_0_,
        infos0_.VERS as VERS2_0_,
        infos0_.text as text2_0_ 
    from
        Info infos0_ 
    where
        infos0_.contract=?
14:14:28,804 DEBUG SQL:104 - 
    update
        Party 
    set
        contract=null 
    where
        contract=?
14:14:28,805 DEBUG SQL:104 - 
    delete 
    from
        Party 
    where
        id=? 
        and VERS=?
14:14:28,815 DEBUG SQL:104 - 
    delete 
    from
        Party 
    where
        id=? 
        and VERS=?
14:14:28,816 DEBUG SQL:104 - 
    delete 
    from
        Contract 
    where
        id=? 
        and VERS=?
14:14:28,816 DEBUG SQL:104 - 
    select
        count(*) as y0_ 
    from
        Contract this_
14:14:28,817 DEBUG SQL:104 - 
    select
        count(*) as y0_ 
    from
        Party this_
14:14:28,817  INFO CustomRunner:139 - Test: testOneToManyCollectionOptimisticLockingWithUpdate
14:14:28,819 DEBUG SQL:104 - 
    insert 
    into
        Contract
        (VERS, customerName, "type", id) 
    values
        (?, ?, ?, ?)
14:14:28,826 DEBUG SQL:104 - 
    insert 
    into
        Party
        (VERS, name, id) 
    values
        (?, ?, ?)
14:14:28,826 DEBUG SQL:104 - 
    update
        Party 
    set
        contract=? 
    where
        id=?
14:14:28,826 DEBUG SQL:104 - 
    select
        contract0_.id as id0_3_,
        contract0_.VERS as VERS0_3_,
        contract0_.customerName as customer3_0_3_,
        contract0_."type" as type4_0_3_,
        contract0_.parent as parent0_3_,
        variations1_.contract as contract0_5_,
        variations1_.id as id1_5_,
        variations1_.id as id1_0_,
        variations1_.text as text1_0_,
        variations1_.contract as contract1_0_,
        subcontrac2_.parent as parent0_6_,
        subcontrac2_.id as id0_6_,
        subcontrac2_.id as id0_1_,
        subcontrac2_.VERS as VERS0_1_,
        subcontrac2_.customerName as customer3_0_1_,
        subcontrac2_."type" as type4_0_1_,
        subcontrac2_.parent as parent0_1_,
        parties3_.contract as contract0_7_,
        parties3_.id as id3_7_,
        parties3_.id as id3_2_,
        parties3_.VERS as VERS3_2_,
        parties3_.contract as contract3_2_,
        parties3_.name as name3_2_ 
    from
        Contract contract0_ 
    left outer join
        ContractVariation variations1_ 
            on contract0_.id=variations1_.contract 
    left outer join
        Contract subcontrac2_ 
            on contract0_.id=subcontrac2_.parent 
    left outer join
        Party parties3_ 
            on subcontrac2_.id=parties3_.contract 
    where
        contract0_.id=? 
    order by
        variations1_.id asc
14:14:28,836 DEBUG SQL:104 - 
    select
        parties0_.contract as contract0_1_,
        parties0_.id as id3_1_,
        parties0_.id as id3_0_,
        parties0_.VERS as VERS3_0_,
        parties0_.contract as contract3_0_,
        parties0_.name as name3_0_ 
    from
        Party parties0_ 
    where
        parties0_.contract=?
14:14:28,847 DEBUG SQL:104 - 
    insert 
    into
        Party
        (VERS, name, id) 
    values
        (?, ?, ?)
14:14:28,847 DEBUG SQL:104 - 
    update
        Contract 
    set
        VERS=? 
    where
        id=? 
        and VERS=?
14:14:28,847 DEBUG SQL:104 - 
    update
        Party 
    set
        contract=? 
    where
        id=?
14:14:28,856 DEBUG SQL:104 - 
    update
        Contract 
    set
        VERS=? 
    where
        id=? 
        and VERS=?
14:14:28,856  INFO AbstractBatchImpl:195 - HHH000010: On release of batch it still contained JDBC statements
14:14:28,857 DEBUG SQL:104 - 
    select
        this_.id as id0_3_,
        this_.VERS as VERS0_3_,
        this_.customerName as customer3_0_3_,
        this_."type" as type4_0_3_,
        this_.parent as parent0_3_,
        variations2_.contract as contract0_5_,
        variations2_.id as id1_5_,
        variations2_.id as id1_0_,
        variations2_.text as text1_0_,
        variations2_.contract as contract1_0_,
        subcontrac3_.parent as parent0_6_,
        subcontrac3_.id as id0_6_,
        subcontrac3_.id as id0_1_,
        subcontrac3_.VERS as VERS0_1_,
        subcontrac3_.customerName as customer3_0_1_,
        subcontrac3_."type" as type4_0_1_,
        subcontrac3_.parent as parent0_1_,
        parties4_.contract as contract0_7_,
        parties4_.id as id3_7_,
        parties4_.id as id3_2_,
        parties4_.VERS as VERS3_2_,
        parties4_.contract as contract3_2_,
        parties4_.name as name3_2_ 
    from
        Contract this_ 
    left outer join
        ContractVariation variations2_ 
            on this_.id=variations2_.contract 
    left outer join
        Contract subcontrac3_ 
            on this_.id=subcontrac3_.parent 
    left outer join
        Party parties4_ 
            on subcontrac3_.id=parties4_.contract 
    order by
        variations2_.id asc
14:14:28,868 DEBUG QueryTranslatorImpl:265 - parse() - HQL: delete from org.hibernate.test.immutable.entitywithmutablecollection.Party
14:14:28,869 DEBUG QueryTranslatorImpl:283 - --- HQL AST ---
 \-[DELETE] Node: 'delete'
    \-[FROM] Node: 'FROM'
       \-[RANGE] Node: 'RANGE'
          \-[DOT] Node: '.'
             +-[DOT] Node: '.'
             |  +-[DOT] Node: '.'
             |  |  +-[DOT] Node: '.'
             |  |  |  +-[DOT] Node: '.'
             |  |  |  |  +-[IDENT] Node: 'org'
             |  |  |  |  \-[IDENT] Node: 'hibernate'
             |  |  |  \-[IDENT] Node: 'test'
             |  |  \-[IDENT] Node: 'immutable'
             |  \-[IDENT] Node: 'entitywithmutablecollection'
             \-[IDENT] Node: 'Party'

14:14:28,878 DEBUG ErrorCounter:82 - throwQueryException() : no errors
14:14:28,878 DEBUG FromElement:157 - FromClause{level=1} : org.hibernate.test.immutable.entitywithmutablecollection.Party (<no alias>) -> party0_
14:14:28,878 DEBUG QueryTranslatorImpl:252 - --- SQL AST ---
 \-[DELETE] DeleteStatement: 'delete'  querySpaces (Party)
    \-[FROM] FromClause: 'FROM' FromClause{level=1, fromElementCounter=1, fromElements=1, fromElementByClassAlias=[], fromElementByTableAlias=[party0_], fromElementsByPath=[], collectionJoinFromElementsByPath=[], impliedElements=[]}
       \-[FROM_FRAGMENT] FromElement: 'Party' FromElement{explicit,not a collection join,not a fetch join,fetch non-lazy properties,classAlias=null,role=null,tableName=Party,tableAlias=party0_,origin=null,columns={,className=org.hibernate.test.immutable.entitywithmutablecollection.Party}}

14:14:28,879 DEBUG ErrorCounter:82 - throwQueryException() : no errors
14:14:28,879 DEBUG ErrorCounter:82 - throwQueryException() : no errors
14:14:28,879 DEBUG SQL:104 - 
    delete 
    from
        Party
14:14:28,879 DEBUG SQL:104 - 
    select
        parties0_.contract as contract0_1_,
        parties0_.id as id3_1_,
        parties0_.id as id3_0_,
        parties0_.VERS as VERS3_0_,
        parties0_.contract as contract3_0_,
        parties0_.name as name3_0_ 
    from
        Party parties0_ 
    where
        parties0_.contract=?
14:14:28,891 DEBUG SQL:104 - 
    select
        infos0_.contract as contract0_1_,
        infos0_.id as id2_1_,
        infos0_.id as id2_0_,
        infos0_.VERS as VERS2_0_,
        infos0_.text as text2_0_ 
    from
        Info infos0_ 
    where
        infos0_.contract=?
14:14:28,892 DEBUG SQL:104 - 
    delete 
    from
        Contract 
    where
        id=? 
        and VERS=?
14:14:28,892 DEBUG SQL:104 - 
    select
        count(*) as y0_ 
    from
        Contract this_
14:14:28,892 DEBUG SQL:104 - 
    select
        count(*) as y0_ 
    from
        Party this_
14:14:28,893  INFO CustomRunner:139 - Test: testRemoveOneToManyElementByDelete
14:14:28,894 DEBUG SQL:104 - 
    insert 
    into
        Contract
        (VERS, customerName, "type", id) 
    values
        (?, ?, ?, ?)
14:14:28,894 DEBUG SQL:104 - 
    insert 
    into
        Party
        (VERS, name, id) 
    values
        (?, ?, ?)
14:14:28,895 DEBUG SQL:104 - 
    update
        Party 
    set
        contract=? 
    where
        id=?
14:14:28,895 DEBUG SQL:104 - 
    update
        Contract 
    set
        VERS=? 
    where
        id=? 
        and VERS=?
14:14:28,899 DEBUG SQL:104 - 
    update
        Party 
    set
        contract=null 
    where
        contract=?
14:14:28,899 DEBUG SQL:104 - 
    delete 
    from
        Party 
    where
        id=? 
        and VERS=?
14:14:28,900 DEBUG SQL:104 - 
    select
        this_.id as id0_3_,
        this_.VERS as VERS0_3_,
        this_.customerName as customer3_0_3_,
        this_."type" as type4_0_3_,
        this_.parent as parent0_3_,
        variations2_.contract as contract0_5_,
        variations2_.id as id1_5_,
        variations2_.id as id1_0_,
        variations2_.text as text1_0_,
        variations2_.contract as contract1_0_,
        subcontrac3_.parent as parent0_6_,
        subcontrac3_.id as id0_6_,
        subcontrac3_.id as id0_1_,
        subcontrac3_.VERS as VERS0_1_,
        subcontrac3_.customerName as customer3_0_1_,
        subcontrac3_."type" as type4_0_1_,
        subcontrac3_.parent as parent0_1_,
        parties4_.contract as contract0_7_,
        parties4_.id as id3_7_,
        parties4_.id as id3_2_,
        parties4_.VERS as VERS3_2_,
        parties4_.contract as contract3_2_,
        parties4_.name as name3_2_ 
    from
        Contract this_ 
    left outer join
        ContractVariation variations2_ 
            on this_.id=variations2_.contract 
    left outer join
        Contract subcontrac3_ 
            on this_.id=subcontrac3_.parent 
    left outer join
        Party parties4_ 
            on subcontrac3_.id=parties4_.contract 
    order by
        variations2_.id asc
14:14:28,913 DEBUG SQL:104 - 
    select
        parties0_.contract as contract0_1_,
        parties0_.id as id3_1_,
        parties0_.id as id3_0_,
        parties0_.VERS as VERS3_0_,
        parties0_.contract as contract3_0_,
        parties0_.name as name3_0_ 
    from
        Party parties0_ 
    where
        parties0_.contract=?
14:14:28,923 DEBUG SQL:104 - 
    select
        infos0_.contract as contract0_1_,
        infos0_.id as id2_1_,
        infos0_.id as id2_0_,
        infos0_.VERS as VERS2_0_,
        infos0_.text as text2_0_ 
    from
        Info infos0_ 
    where
        infos0_.contract=?
14:14:28,923 DEBUG SQL:104 - 
    delete 
    from
        Contract 
    where
        id=? 
        and VERS=?
14:14:28,933 DEBUG SQL:104 - 
    select
        count(*) as y0_ 
    from
        Contract this_
14:14:28,933 DEBUG SQL:104 - 
    select
        count(*) as y0_ 
    from
        Party this_
14:14:28,934  INFO CustomRunner:139 - Test: testRemoveOneToManyElementUsingMerge
14:14:28,935 DEBUG SQL:104 - 
    insert 
    into
        Contract
        (VERS, customerName, "type", id) 
    values
        (?, ?, ?, ?)
14:14:28,935 DEBUG SQL:104 - 
    insert 
    into
        Party
        (VERS, name, id) 
    values
        (?, ?, ?)
14:14:28,944 DEBUG SQL:104 - 
    update
        Party 
    set
        contract=? 
    where
        id=?
14:14:28,945 DEBUG SQL:104 - 
    select
        contract0_.id as id0_1_,
        contract0_.VERS as VERS0_1_,
        contract0_.customerName as customer3_0_1_,
        contract0_."type" as type4_0_1_,
        contract0_.parent as parent0_1_,
        variations1_.contract as contract0_3_,
        variations1_.id as id1_3_,
        variations1_.id as id1_0_,
        variations1_.text as text1_0_,
        variations1_.contract as contract1_0_ 
    from
        Contract contract0_ 
    left outer join
        ContractVariation variations1_ 
            on contract0_.id=variations1_.contract 
    where
        contract0_.id=? 
    order by
        variations1_.id asc
14:14:28,956 DEBUG SQL:104 - 
    select
        subcontrac0_.parent as parent0_1_,
        subcontrac0_.id as id0_1_,
        subcontrac0_.id as id0_0_,
        subcontrac0_.VERS as VERS0_0_,
        subcontrac0_.customerName as customer3_0_0_,
        subcontrac0_."type" as type4_0_0_,
        subcontrac0_.parent as parent0_0_ 
    from
        Contract subcontrac0_ 
    where
        subcontrac0_.parent=?
14:14:28,957 DEBUG SQL:104 - 
    select
        parties0_.contract as contract0_1_,
        parties0_.id as id3_1_,
        parties0_.id as id3_0_,
        parties0_.VERS as VERS3_0_,
        parties0_.contract as contract3_0_,
        parties0_.name as name3_0_ 
    from
        Party parties0_ 
    where
        parties0_.contract=?
14:14:28,958 DEBUG SQL:104 - 
    select
        infos0_.contract as contract0_1_,
        infos0_.id as id2_1_,
        infos0_.id as id2_0_,
        infos0_.VERS as VERS2_0_,
        infos0_.text as text2_0_ 
    from
        Info infos0_ 
    where
        infos0_.contract=?
14:14:28,967 DEBUG SQL:104 - 
    select
        infos0_.party as party3_1_,
        infos0_.id as id2_1_,
        infos0_.id as id2_0_,
        infos0_.VERS as VERS2_0_,
        infos0_.text as text2_0_ 
    from
        Info infos0_ 
    where
        infos0_.party=?
14:14:28,967 DEBUG SQL:104 - 
    update
        Contract 
    set
        VERS=? 
    where
        id=? 
        and VERS=?
14:14:28,968 DEBUG SQL:104 - 
    update
        Party 
    set
        contract=null 
    where
        contract=?
14:14:28,978 DEBUG SQL:104 - 
    select
        this_.id as id0_3_,
        this_.VERS as VERS0_3_,
        this_.customerName as customer3_0_3_,
        this_."type" as type4_0_3_,
        this_.parent as parent0_3_,
        variations2_.contract as contract0_5_,
        variations2_.id as id1_5_,
        variations2_.id as id1_0_,
        variations2_.text as text1_0_,
        variations2_.contract as contract1_0_,
        subcontrac3_.parent as parent0_6_,
        subcontrac3_.id as id0_6_,
        subcontrac3_.id as id0_1_,
        subcontrac3_.VERS as VERS0_1_,
        subcontrac3_.customerName as customer3_0_1_,
        subcontrac3_."type" as type4_0_1_,
        subcontrac3_.parent as parent0_1_,
        parties4_.contract as contract0_7_,
        parties4_.id as id3_7_,
        parties4_.id as id3_2_,
        parties4_.VERS as VERS3_2_,
        parties4_.contract as contract3_2_,
        parties4_.name as name3_2_ 
    from
        Contract this_ 
    left outer join
        ContractVariation variations2_ 
            on this_.id=variations2_.contract 
    left outer join
        Contract subcontrac3_ 
            on this_.id=subcontrac3_.parent 
    left outer join
        Party parties4_ 
            on subcontrac3_.id=parties4_.contract 
    order by
        variations2_.id asc
14:14:28,989 DEBUG SQL:104 - 
    select
        parties0_.contract as contract0_1_,
        parties0_.id as id3_1_,
        parties0_.id as id3_0_,
        parties0_.VERS as VERS3_0_,
        parties0_.contract as contract3_0_,
        parties0_.name as name3_0_ 
    from
        Party parties0_ 
    where
        parties0_.contract=?
14:14:28,990 DEBUG SQL:104 - 
    select
        this_.id as id3_0_,
        this_.VERS as VERS3_0_,
        this_.contract as contract3_0_,
        this_.name as name3_0_ 
    from
        Party this_
14:14:28,990 DEBUG SQL:104 - 
    select
        infos0_.party as party3_1_,
        infos0_.id as id2_1_,
        infos0_.id as id2_0_,
        infos0_.VERS as VERS2_0_,
        infos0_.text as text2_0_ 
    from
        Info infos0_ 
    where
        infos0_.party=?
14:14:28,999 DEBUG SQL:104 - 
    select
        infos0_.contract as contract0_1_,
        infos0_.id as id2_1_,
        infos0_.id as id2_0_,
        infos0_.VERS as VERS2_0_,
        infos0_.text as text2_0_ 
    from
        Info infos0_ 
    where
        infos0_.contract=?
14:14:29,001 DEBUG SQL:104 - 
    delete 
    from
        Party 
    where
        id=? 
        and VERS=?
14:14:29,001 DEBUG SQL:104 - 
    delete 
    from
        Contract 
    where
        id=? 
        and VERS=?
14:14:29,042 DEBUG SQL:104 - 
    select
        count(*) as y0_ 
    from
        Contract this_
14:14:29,043 DEBUG SQL:104 - 
    select
        count(*) as y0_ 
    from
        Party this_
14:14:29,044  INFO CustomRunner:139 - Test: testRemoveOneToManyElementUsingUpdate
14:14:29,045 DEBUG SQL:104 - 
    insert 
    into
        Contract
        (VERS, customerName, "type", id) 
    values
        (?, ?, ?, ?)
14:14:29,045 DEBUG SQL:104 - 
    insert 
    into
        Party
        (VERS, name, id) 
    values
        (?, ?, ?)
14:14:29,046 DEBUG SQL:104 - 
    update
        Party 
    set
        contract=? 
    where
        id=?
14:14:29,046 DEBUG SQL:104 - 
    update
        Contract 
    set
        VERS=? 
    where
        id=? 
        and VERS=?
14:14:29,046 DEBUG SQL:104 - 
    update
        Party 
    set
        contract=null 
    where
        contract=?
14:14:29,047 DEBUG SQL:104 - 
    select
        this_.id as id0_3_,
        this_.VERS as VERS0_3_,
        this_.customerName as customer3_0_3_,
        this_."type" as type4_0_3_,
        this_.parent as parent0_3_,
        variations2_.contract as contract0_5_,
        variations2_.id as id1_5_,
        variations2_.id as id1_0_,
        variations2_.text as text1_0_,
        variations2_.contract as contract1_0_,
        subcontrac3_.parent as parent0_6_,
        subcontrac3_.id as id0_6_,
        subcontrac3_.id as id0_1_,
        subcontrac3_.VERS as VERS0_1_,
        subcontrac3_.customerName as customer3_0_1_,
        subcontrac3_."type" as type4_0_1_,
        subcontrac3_.parent as parent0_1_,
        parties4_.contract as contract0_7_,
        parties4_.id as id3_7_,
        parties4_.id as id3_2_,
        parties4_.VERS as VERS3_2_,
        parties4_.contract as contract3_2_,
        parties4_.name as name3_2_ 
    from
        Contract this_ 
    left outer join
        ContractVariation variations2_ 
            on this_.id=variations2_.contract 
    left outer join
        Contract subcontrac3_ 
            on this_.id=subcontrac3_.parent 
    left outer join
        Party parties4_ 
            on subcontrac3_.id=parties4_.contract 
    order by
        variations2_.id asc
14:14:29,056 DEBUG SQL:104 - 
    select
        parties0_.contract as contract0_1_,
        parties0_.id as id3_1_,
        parties0_.id as id3_0_,
        parties0_.VERS as VERS3_0_,
        parties0_.contract as contract3_0_,
        parties0_.name as name3_0_ 
    from
        Party parties0_ 
    where
        parties0_.contract=?
14:14:29,057 DEBUG SQL:104 - 
    select
        this_.id as id3_0_,
        this_.VERS as VERS3_0_,
        this_.contract as contract3_0_,
        this_.name as name3_0_ 
    from
        Party this_
14:14:29,057 DEBUG SQL:104 - 
    select
        infos0_.party as party3_1_,
        infos0_.id as id2_1_,
        infos0_.id as id2_0_,
        infos0_.VERS as VERS2_0_,
        infos0_.text as text2_0_ 
    from
        Info infos0_ 
    where
        infos0_.party=?
14:14:29,065 DEBUG SQL:104 - 
    select
        infos0_.contract as contract0_1_,
        infos0_.id as id2_1_,
        infos0_.id as id2_0_,
        infos0_.VERS as VERS2_0_,
        infos0_.text as text2_0_ 
    from
        Info infos0_ 
    where
        infos0_.contract=?
14:14:29,065 DEBUG SQL:104 - 
    delete 
    from
        Party 
    where
        id=? 
        and VERS=?
14:14:29,076 DEBUG SQL:104 - 
    delete 
    from
        Contract 
    where
        id=? 
        and VERS=?
14:14:29,077 DEBUG SQL:104 - 
    select
        count(*) as y0_ 
    from
        Contract this_
14:14:29,077 DEBUG SQL:104 - 
    select
        count(*) as y0_ 
    from
        Party this_
14:14:29,078  INFO CustomRunner:139 - Test: testRemoveOneToManyOrphanUsingMerge
14:14:29,079 DEBUG SQL:104 - 
    insert 
    into
        Contract
        (VERS, customerName, "type", id) 
    values
        (?, ?, ?, ?)
14:14:29,087 DEBUG SQL:104 - 
    insert 
    into
        ContractVariation
        (text, id) 
    values
        (?, ?)
14:14:29,087 DEBUG SQL:104 - 
    update
        ContractVariation 
    set
        contract=? 
    where
        id=?
14:14:29,088 DEBUG SQL:104 - 
    select
        contract0_.id as id0_1_,
        contract0_.VERS as VERS0_1_,
        contract0_.customerName as customer3_0_1_,
        contract0_."type" as type4_0_1_,
        contract0_.parent as parent0_1_,
        variations1_.contract as contract0_3_,
        variations1_.id as id1_3_,
        variations1_.id as id1_0_,
        variations1_.text as text1_0_,
        variations1_.contract as contract1_0_ 
    from
        Contract contract0_ 
    left outer join
        ContractVariation variations1_ 
            on contract0_.id=variations1_.contract 
    where
        contract0_.id=? 
    order by
        variations1_.id asc
14:14:29,098 DEBUG SQL:104 - 
    select
        subcontrac0_.parent as parent0_1_,
        subcontrac0_.id as id0_1_,
        subcontrac0_.id as id0_0_,
        subcontrac0_.VERS as VERS0_0_,
        subcontrac0_.customerName as customer3_0_0_,
        subcontrac0_."type" as type4_0_0_,
        subcontrac0_.parent as parent0_0_ 
    from
        Contract subcontrac0_ 
    where
        subcontrac0_.parent=?
14:14:29,099 DEBUG SQL:104 - 
    select
        parties0_.contract as contract0_1_,
        parties0_.id as id3_1_,
        parties0_.id as id3_0_,
        parties0_.VERS as VERS3_0_,
        parties0_.contract as contract3_0_,
        parties0_.name as name3_0_ 
    from
        Party parties0_ 
    where
        parties0_.contract=?
14:14:29,108 DEBUG SQL:104 - 
    select
        infos0_.contract as contract0_1_,
        infos0_.id as id2_1_,
        infos0_.id as id2_0_,
        infos0_.VERS as VERS2_0_,
        infos0_.text as text2_0_ 
    from
        Info infos0_ 
    where
        infos0_.contract=?
14:14:29,109 DEBUG SQL:104 - 
    select
        infos0_.contractvariation as contract7_1_1_,
        infos0_.id as id2_1_,
        infos0_.id as id2_0_,
        infos0_.VERS as VERS2_0_,
        infos0_.text as text2_0_ 
    from
        Info infos0_ 
    where
        infos0_.contractvariation=?
14:14:29,110 DEBUG SQL:104 - 
    update
        Contract 
    set
        VERS=? 
    where
        id=? 
        and VERS=?
14:14:29,118 DEBUG SQL:104 - 
    update
        ContractVariation 
    set
        contract=null 
    where
        contract=?
14:14:29,119 DEBUG SQL:104 - 
    delete 
    from
        ContractVariation 
    where
        id=?
14:14:29,120 DEBUG SQL:104 - 
    select
        this_.id as id0_3_,
        this_.VERS as VERS0_3_,
        this_.customerName as customer3_0_3_,
        this_."type" as type4_0_3_,
        this_.parent as parent0_3_,
        variations2_.contract as contract0_5_,
        variations2_.id as id1_5_,
        variations2_.id as id1_0_,
        variations2_.text as text1_0_,
        variations2_.contract as contract1_0_,
        subcontrac3_.parent as parent0_6_,
        subcontrac3_.id as id0_6_,
        subcontrac3_.id as id0_1_,
        subcontrac3_.VERS as VERS0_1_,
        subcontrac3_.customerName as customer3_0_1_,
        subcontrac3_."type" as type4_0_1_,
        subcontrac3_.parent as parent0_1_,
        parties4_.contract as contract0_7_,
        parties4_.id as id3_7_,
        parties4_.id as id3_2_,
        parties4_.VERS as VERS3_2_,
        parties4_.contract as contract3_2_,
        parties4_.name as name3_2_ 
    from
        Contract this_ 
    left outer join
        ContractVariation variations2_ 
            on this_.id=variations2_.contract 
    left outer join
        Contract subcontrac3_ 
            on this_.id=subcontrac3_.parent 
    left outer join
        Party parties4_ 
            on subcontrac3_.id=parties4_.contract 
    order by
        variations2_.id asc
14:14:29,134 DEBUG SQL:104 - 
    select
        this_.id as id1_0_,
        this_.text as text1_0_,
        this_.contract as contract1_0_ 
    from
        ContractVariation this_
14:14:29,135 DEBUG SQL:104 - 
    select
        parties0_.contract as contract0_1_,
        parties0_.id as id3_1_,
        parties0_.id as id3_0_,
        parties0_.VERS as VERS3_0_,
        parties0_.contract as contract3_0_,
        parties0_.name as name3_0_ 
    from
        Party parties0_ 
    where
        parties0_.contract=?
14:14:29,135 DEBUG SQL:104 - 
    select
        infos0_.contract as contract0_1_,
        infos0_.id as id2_1_,
        infos0_.id as id2_0_,
        infos0_.VERS as VERS2_0_,
        infos0_.text as text2_0_ 
    from
        Info infos0_ 
    where
        infos0_.contract=?
14:14:29,136 DEBUG SQL:104 - 
    delete 
    from
        Contract 
    where
        id=? 
        and VERS=?
14:14:29,136 DEBUG SQL:104 - 
    select
        count(*) as y0_ 
    from
        Contract this_
14:14:29,148 DEBUG SQL:104 - 
    select
        count(*) as y0_ 
    from
        ContractVariation this_
14:14:29,148  INFO CustomRunner:139 - Test: testRemoveOneToManyOrphanUsingUpdate
14:14:29,150 DEBUG SQL:104 - 
    insert 
    into
        Contract
        (VERS, customerName, "type", id) 
    values
        (?, ?, ?, ?)
14:14:29,150 DEBUG SQL:104 - 
    insert 
    into
        ContractVariation
        (text, id) 
    values
        (?, ?)
14:14:29,150 DEBUG SQL:104 - 
    update
        ContractVariation 
    set
        contract=? 
    where
        id=?
14:14:29,161 DEBUG SQL:104 - 
    update
        Contract 
    set
        VERS=? 
    where
        id=? 
        and VERS=?
14:14:29,161 DEBUG SQL:104 - 
    update
        ContractVariation 
    set
        contract=null 
    where
        contract=?
14:14:29,161 DEBUG SQL:104 - 
    delete 
    from
        ContractVariation 
    where
        id=?
14:14:29,162 DEBUG SQL:104 - 
    select
        this_.id as id0_3_,
        this_.VERS as VERS0_3_,
        this_.customerName as customer3_0_3_,
        this_."type" as type4_0_3_,
        this_.parent as parent0_3_,
        variations2_.contract as contract0_5_,
        variations2_.id as id1_5_,
        variations2_.id as id1_0_,
        variations2_.text as text1_0_,
        variations2_.contract as contract1_0_,
        subcontrac3_.parent as parent0_6_,
        subcontrac3_.id as id0_6_,
        subcontrac3_.id as id0_1_,
        subcontrac3_.VERS as VERS0_1_,
        subcontrac3_.customerName as customer3_0_1_,
        subcontrac3_."type" as type4_0_1_,
        subcontrac3_.parent as parent0_1_,
        parties4_.contract as contract0_7_,
        parties4_.id as id3_7_,
        parties4_.id as id3_2_,
        parties4_.VERS as VERS3_2_,
        parties4_.contract as contract3_2_,
        parties4_.name as name3_2_ 
    from
        Contract this_ 
    left outer join
        ContractVariation variations2_ 
            on this_.id=variations2_.contract 
    left outer join
        Contract subcontrac3_ 
            on this_.id=subcontrac3_.parent 
    left outer join
        Party parties4_ 
            on subcontrac3_.id=parties4_.contract 
    order by
        variations2_.id asc
14:14:29,181 DEBUG SQL:104 - 
    select
        this_.id as id1_0_,
        this_.text as text1_0_,
        this_.contract as contract1_0_ 
    from
        ContractVariation this_
14:14:29,182 DEBUG SQL:104 - 
    select
        parties0_.contract as contract0_1_,
        parties0_.id as id3_1_,
        parties0_.id as id3_0_,
        parties0_.VERS as VERS3_0_,
        parties0_.contract as contract3_0_,
        parties0_.name as name3_0_ 
    from
        Party parties0_ 
    where
        parties0_.contract=?
14:14:29,191 DEBUG SQL:104 - 
    select
        infos0_.contract as contract0_1_,
        infos0_.id as id2_1_,
        infos0_.id as id2_0_,
        infos0_.VERS as VERS2_0_,
        infos0_.text as text2_0_ 
    from
        Info infos0_ 
    where
        infos0_.contract=?
14:14:29,192 DEBUG SQL:104 - 
    delete 
    from
        Contract 
    where
        id=? 
        and VERS=?
14:14:29,193 DEBUG SQL:104 - 
    select
        count(*) as y0_ 
    from
        Contract this_
14:14:29,193 DEBUG SQL:104 - 
    select
        count(*) as y0_ 
    from
        ContractVariation this_
14:14:29,205  INFO CustomRunner:139 - Test: testUpdateProperty
14:14:29,206 DEBUG SQL:104 - 
    insert 
    into
        Contract
        (VERS, customerName, "type", id) 
    values
        (?, ?, ?, ?)
14:14:29,207 DEBUG SQL:104 - 
    insert 
    into
        Party
        (VERS, name, id) 
    values
        (?, ?, ?)
14:14:29,207 DEBUG SQL:104 - 
    update
        Party 
    set
        contract=? 
    where
        id=?
14:14:29,208 DEBUG SQL:104 - 
    select
        this_.id as id0_3_,
        this_.VERS as VERS0_3_,
        this_.customerName as customer3_0_3_,
        this_."type" as type4_0_3_,
        this_.parent as parent0_3_,
        variations2_.contract as contract0_5_,
        variations2_.id as id1_5_,
        variations2_.id as id1_0_,
        variations2_.text as text1_0_,
        variations2_.contract as contract1_0_,
        subcontrac3_.parent as parent0_6_,
        subcontrac3_.id as id0_6_,
        subcontrac3_.id as id0_1_,
        subcontrac3_.VERS as VERS0_1_,
        subcontrac3_.customerName as customer3_0_1_,
        subcontrac3_."type" as type4_0_1_,
        subcontrac3_.parent as parent0_1_,
        parties4_.contract as contract0_7_,
        parties4_.id as id3_7_,
        parties4_.id as id3_2_,
        parties4_.VERS as VERS3_2_,
        parties4_.contract as contract3_2_,
        parties4_.name as name3_2_ 
    from
        Contract this_ 
    left outer join
        ContractVariation variations2_ 
            on this_.id=variations2_.contract 
    left outer join
        Contract subcontrac3_ 
            on this_.id=subcontrac3_.parent 
    left outer join
        Party parties4_ 
            on subcontrac3_.id=parties4_.contract 
    order by
        variations2_.id asc
14:14:29,225 DEBUG SQL:104 - 
    select
        parties0_.contract as contract0_1_,
        parties0_.id as id3_1_,
        parties0_.id as id3_0_,
        parties0_.VERS as VERS3_0_,
        parties0_.contract as contract3_0_,
        parties0_.name as name3_0_ 
    from
        Party parties0_ 
    where
        parties0_.contract=?
14:14:29,226 DEBUG SQL:104 - 
    select
        this_.id as id0_3_,
        this_.VERS as VERS0_3_,
        this_.customerName as customer3_0_3_,
        this_."type" as type4_0_3_,
        this_.parent as parent0_3_,
        variations2_.contract as contract0_5_,
        variations2_.id as id1_5_,
        variations2_.id as id1_0_,
        variations2_.text as text1_0_,
        variations2_.contract as contract1_0_,
        subcontrac3_.parent as parent0_6_,
        subcontrac3_.id as id0_6_,
        subcontrac3_.id as id0_1_,
        subcontrac3_.VERS as VERS0_1_,
        subcontrac3_.customerName as customer3_0_1_,
        subcontrac3_."type" as type4_0_1_,
        subcontrac3_.parent as parent0_1_,
        parties4_.contract as contract0_7_,
        parties4_.id as id3_7_,
        parties4_.id as id3_2_,
        parties4_.VERS as VERS3_2_,
        parties4_.contract as contract3_2_,
        parties4_.name as name3_2_ 
    from
        Contract this_ 
    left outer join
        ContractVariation variations2_ 
            on this_.id=variations2_.contract 
    left outer join
        Contract subcontrac3_ 
            on this_.id=subcontrac3_.parent 
    left outer join
        Party parties4_ 
            on subcontrac3_.id=parties4_.contract 
    order by
        variations2_.id asc
14:14:29,241 DEBUG SQL:104 - 
    select
        parties0_.contract as contract0_1_,
        parties0_.id as id3_1_,
        parties0_.id as id3_0_,
        parties0_.VERS as VERS3_0_,
        parties0_.contract as contract3_0_,
        parties0_.name as name3_0_ 
    from
        Party parties0_ 
    where
        parties0_.contract=?
14:14:29,247 DEBUG SQL:104 - 
    select
        infos0_.party as party3_1_,
        infos0_.id as id2_1_,
        infos0_.id as id2_0_,
        infos0_.VERS as VERS2_0_,
        infos0_.text as text2_0_ 
    from
        Info infos0_ 
    where
        infos0_.party=?
14:14:29,247 DEBUG SQL:104 - 
    select
        infos0_.contract as contract0_1_,
        infos0_.id as id2_1_,
        infos0_.id as id2_0_,
        infos0_.VERS as VERS2_0_,
        infos0_.text as text2_0_ 
    from
        Info infos0_ 
    where
        infos0_.contract=?
14:14:29,248 DEBUG SQL:104 - 
    update
        Party 
    set
        contract=null 
    where
        contract=?
14:14:29,257 DEBUG SQL:104 - 
    delete 
    from
        Party 
    where
        id=? 
        and VERS=?
14:14:29,258 DEBUG SQL:104 - 
    delete 
    from
        Contract 
    where
        id=? 
        and VERS=?
14:14:29,258 DEBUG SQL:104 - 
    select
        count(*) as y0_ 
    from
        Contract this_
14:14:29,258 DEBUG SQL:104 - 
    select
        count(*) as y0_ 
    from
        Party this_
14:14:29,259  INFO SchemaExport:343 - HHH000227: Running hbm2ddl schema export
14:14:29,260 DEBUG SchemaExport:353 - Import file not found: /import.sql
14:14:29,260 DEBUG SQL:104 - 
    alter table Contract 
        drop constraint FKE20F7532190ADCD1
14:14:29,269 DEBUG SQL:104 - 
    alter table ContractVariation 
        drop constraint FKB86C05013294E539
14:14:29,269 DEBUG SQL:104 - 
    alter table Info 
        drop constraint FK22D8CEA0A0D346
14:14:29,270 DEBUG SQL:104 - 
    alter table Info 
        drop constraint FK22D8CE1F1952D7
14:14:29,270 DEBUG SQL:104 - 
    alter table Info 
        drop constraint FK22D8CE3294E539
14:14:29,270 DEBUG SQL:104 - 
    alter table Info 
        drop constraint FK22D8CEF8244EED
14:14:29,270 DEBUG SQL:104 - 
    alter table Party 
        drop constraint FK4952AC63294E539
14:14:29,270 DEBUG SQL:104 - 
    alter table plan_contract 
        drop constraint FKDE1535683294E539
14:14:29,270 DEBUG SQL:104 - 
    alter table plan_contract 
        drop constraint FKDE153568A0A0D346
14:14:29,270 DEBUG SQL:104 - 
    drop table Contract if exists
14:14:29,271 DEBUG SQL:104 - 
    drop table ContractVariation if exists
14:14:29,271 DEBUG SQL:104 - 
    drop table Info if exists
14:14:29,271 DEBUG SQL:104 - 
    drop table Party if exists
14:14:29,271 DEBUG SQL:104 - 
    drop table plan_contract if exists
14:14:29,271 DEBUG SQL:104 - 
    drop table tbl_plan if exists
14:14:29,272  INFO SchemaExport:405 - HHH000230: Schema export complete
14:14:29,272  INFO DriverManagerConnectionProviderImpl:162 - HHH000030: Cleaning up connection pool [jdbc:h2:mem:db1;DB_CLOSE_DELAY=-1;MVCC=TRUE]
]]></system-out>
  <system-err><![CDATA[]]></system-err>
</testsuite>
