<?xml version="1.0" encoding="UTF-8"?>
<testsuite errors="0" failures="0" hostname="dhcp-10.15.208.168.stl.redhat.com" name="org.hibernate.test.util.SerializationHelperTest" tests="1" time="0.004" timestamp="2013-02-28T20:19:29">
  <properties />
  <testcase classname="org.hibernate.test.util.SerializationHelperTest" name="testSerializeDeserialize" time="0.002" />
  <system-out><![CDATA[14:19:29,896  INFO CustomRunner:132 - BeforeClass: org.hibernate.test.util.SerializationHelperTest
14:19:29,896  INFO CustomRunner:139 - Test: testSerializeDeserialize
]]></system-out>
  <system-err><![CDATA[]]></system-err>
</testsuite>
