<?xml version="1.0" encoding="UTF-8"?>
<testsuite errors="0" failures="0" hostname="dhcp-10.15.208.168.stl.redhat.com" name="org.hibernate.test.idgen.biginteger.sequence.BigIntegerSequenceGeneratorTest" tests="1" time="0.031" timestamp="2013-02-28T20:14:01">
  <properties />
  <testcase classname="org.hibernate.test.idgen.biginteger.sequence.BigIntegerSequenceGeneratorTest" name="testBasics" time="0.004" />
  <system-out><![CDATA[14:14:01,328  INFO CustomRunner:132 - BeforeClass: org.hibernate.test.idgen.biginteger.sequence.BigIntegerSequenceGeneratorTest
14:14:01,331  INFO Configuration:706 - HHH000221: Reading mappings from resource: org/hibernate/test/idgen/biginteger/sequence/Mapping.hbm.xml
14:14:01,337  INFO DriverManagerConnectionProviderImpl:99 - HHH000402: Using Hibernate built-in connection pool (not for production use!)
14:14:01,337  INFO DriverManagerConnectionProviderImpl:135 - HHH000115: Hibernate connection pool size: 5
14:14:01,338  INFO DriverManagerConnectionProviderImpl:138 - HHH000006: Autocommit mode: false
14:14:01,338  INFO DriverManagerConnectionProviderImpl:153 - HHH000401: using driver [org.h2.Driver] at URL [jdbc:h2:mem:db1;DB_CLOSE_DELAY=-1;MVCC=TRUE]
14:14:01,338  INFO DriverManagerConnectionProviderImpl:158 - HHH000046: Connection properties: {user=sa}
14:14:01,339  INFO Dialect:103 - HHH000400: Using dialect: org.hibernate.dialect.H2Dialect
14:14:01,340  INFO LobCreatorBuilder:94 - HHH000423: Disabling contextual LOB creation as JDBC driver reported JDBC version [3] less than 4
14:14:01,340  INFO TransactionFactoryInitiator:66 - HHH000399: Using default transaction strategy (direct JDBC transactions)
14:14:01,340  INFO ASTQueryTranslatorFactory:48 - HHH000397: Using ASTQueryTranslatorFactory
14:14:01,341  WARN CachingRegionFactory:58 - CachingRegionFactory should be only used for testing.
14:14:01,347  INFO SchemaExport:343 - HHH000227: Running hbm2ddl schema export
14:14:01,349 DEBUG SchemaExport:353 - Import file not found: /import.sql
14:14:01,350 DEBUG SQL:104 - 
    drop table Entity if exists
14:14:01,350 DEBUG SQL:104 - 
    drop sequence hibernate_sequence
14:14:01,350 ERROR SchemaExport:425 - HHH000389: Unsuccessful: drop sequence hibernate_sequence
14:14:01,351 ERROR SchemaExport:426 - Sequence "HIBERNATE_SEQUENCE" not found; SQL statement:

    drop sequence hibernate_sequence [90036-145]
14:14:01,351 DEBUG SQL:104 - 
    create table Entity (
        ID decimal(19,2) not null,
        name varchar(255),
        primary key (ID)
    )
14:14:01,351 DEBUG SQL:104 - 
    create sequence hibernate_sequence
14:14:01,351  INFO SchemaExport:405 - HHH000230: Schema export complete
14:14:01,352  WARN SessionFactoryImpl:1554 - HHH000008: JTASessionContext being used with JDBCTransactionFactory; auto-flush will not operate correctly with getCurrentSession()
14:14:01,352  INFO CustomRunner:139 - Test: testBasics
14:14:01,353 DEBUG SQL:104 - 
    call next value for hibernate_sequence
14:14:01,354 DEBUG SQL:104 - 
    call next value for hibernate_sequence
14:14:01,354 DEBUG SQL:104 - 
    insert 
    into
        Entity
        (name, ID) 
    values
        (?, ?)
14:14:01,354 DEBUG SQL:104 - 
    insert 
    into
        Entity
        (name, ID) 
    values
        (?, ?)
14:14:01,355 DEBUG SQL:104 - 
    delete 
    from
        Entity 
    where
        ID=?
14:14:01,355 DEBUG SQL:104 - 
    delete 
    from
        Entity 
    where
        ID=?
14:14:01,356  INFO SchemaExport:343 - HHH000227: Running hbm2ddl schema export
14:14:01,356 DEBUG SchemaExport:353 - Import file not found: /import.sql
14:14:01,357 DEBUG SQL:104 - 
    drop table Entity if exists
14:14:01,357 DEBUG SQL:104 - 
    drop sequence hibernate_sequence
14:14:01,357  INFO SchemaExport:405 - HHH000230: Schema export complete
14:14:01,357  INFO DriverManagerConnectionProviderImpl:162 - HHH000030: Cleaning up connection pool [jdbc:h2:mem:db1;DB_CLOSE_DELAY=-1;MVCC=TRUE]
]]></system-out>
  <system-err><![CDATA[]]></system-err>
</testsuite>
