<?xml version="1.0" encoding="UTF-8"?>
<testsuite errors="0" failures="0" hostname="dhcp-10.15.208.168.stl.redhat.com" name="org.hibernate.metamodel.source.annotations.entity.LobBindingTests" tests="9" time="0.217" timestamp="2013-02-28T20:09:59">
  <properties />
  <testcase classname="org.hibernate.metamodel.source.annotations.entity.LobBindingTests" name="testBlobWithLobAnnotation" time="0.026" />
  <testcase classname="org.hibernate.metamodel.source.annotations.entity.LobBindingTests" name="testByteArrayWithLobAnnotation" time="0.023" />
  <testcase classname="org.hibernate.metamodel.source.annotations.entity.LobBindingTests" name="testCharacterArrayWithLobAnnotation" time="0.021" />
  <testcase classname="org.hibernate.metamodel.source.annotations.entity.LobBindingTests" name="testClobWithLobAnnotation" time="0.02" />
  <testcase classname="org.hibernate.metamodel.source.annotations.entity.LobBindingTests" name="testNoLobAttribute" time="0.02" />
  <testcase classname="org.hibernate.metamodel.source.annotations.entity.LobBindingTests" name="testPrimitiveByteArrayWithLobAnnotation" time="0.024" />
  <testcase classname="org.hibernate.metamodel.source.annotations.entity.LobBindingTests" name="testPrimitiveCharacterArrayWithLobAnnotation" time="0.021" />
  <testcase classname="org.hibernate.metamodel.source.annotations.entity.LobBindingTests" name="testSerializableWithLobAnnotation" time="0.031" />
  <testcase classname="org.hibernate.metamodel.source.annotations.entity.LobBindingTests" name="testStringWithLobAnnotation" time="0.018" />
  <system-out><![CDATA[14:09:59,186  INFO CustomRunner:132 - BeforeClass: org.hibernate.metamodel.source.annotations.entity.LobBindingTests
14:09:59,186  INFO CustomRunner:139 - Test: testBlobWithLobAnnotation
14:09:59,190  INFO DriverManagerConnectionProviderImpl:99 - HHH000402: Using Hibernate built-in connection pool (not for production use!)
14:09:59,190  INFO DriverManagerConnectionProviderImpl:135 - HHH000115: Hibernate connection pool size: 5
14:09:59,190  INFO DriverManagerConnectionProviderImpl:138 - HHH000006: Autocommit mode: false
14:09:59,190  INFO DriverManagerConnectionProviderImpl:153 - HHH000401: using driver [org.h2.Driver] at URL [jdbc:h2:mem:db1;DB_CLOSE_DELAY=-1;MVCC=TRUE]
14:09:59,191  INFO DriverManagerConnectionProviderImpl:158 - HHH000046: Connection properties: {user=sa}
14:09:59,193  INFO Dialect:103 - HHH000400: Using dialect: org.hibernate.dialect.H2Dialect
14:09:59,194  INFO LobCreatorBuilder:94 - HHH000423: Disabling contextual LOB creation as JDBC driver reported JDBC version [3] less than 4
14:09:59,199  WARN CachingRegionFactory:53 - CachingRegionFactory should be only used for testing.
14:09:59,212  INFO CustomRunner:139 - Test: testByteArrayWithLobAnnotation
14:09:59,216  INFO DriverManagerConnectionProviderImpl:99 - HHH000402: Using Hibernate built-in connection pool (not for production use!)
14:09:59,216  INFO DriverManagerConnectionProviderImpl:135 - HHH000115: Hibernate connection pool size: 5
14:09:59,216  INFO DriverManagerConnectionProviderImpl:138 - HHH000006: Autocommit mode: false
14:09:59,217  INFO DriverManagerConnectionProviderImpl:153 - HHH000401: using driver [org.h2.Driver] at URL [jdbc:h2:mem:db1;DB_CLOSE_DELAY=-1;MVCC=TRUE]
14:09:59,217  INFO DriverManagerConnectionProviderImpl:158 - HHH000046: Connection properties: {user=sa}
14:09:59,220  INFO Dialect:103 - HHH000400: Using dialect: org.hibernate.dialect.H2Dialect
14:09:59,220  INFO LobCreatorBuilder:94 - HHH000423: Disabling contextual LOB creation as JDBC driver reported JDBC version [3] less than 4
14:09:59,226  WARN CachingRegionFactory:53 - CachingRegionFactory should be only used for testing.
14:09:59,236  INFO CustomRunner:139 - Test: testCharacterArrayWithLobAnnotation
14:09:59,242  INFO DriverManagerConnectionProviderImpl:99 - HHH000402: Using Hibernate built-in connection pool (not for production use!)
14:09:59,242  INFO DriverManagerConnectionProviderImpl:135 - HHH000115: Hibernate connection pool size: 5
14:09:59,243  INFO DriverManagerConnectionProviderImpl:138 - HHH000006: Autocommit mode: false
14:09:59,243  INFO DriverManagerConnectionProviderImpl:153 - HHH000401: using driver [org.h2.Driver] at URL [jdbc:h2:mem:db1;DB_CLOSE_DELAY=-1;MVCC=TRUE]
14:09:59,243  INFO DriverManagerConnectionProviderImpl:158 - HHH000046: Connection properties: {user=sa}
14:09:59,246  INFO Dialect:103 - HHH000400: Using dialect: org.hibernate.dialect.H2Dialect
14:09:59,246  INFO LobCreatorBuilder:94 - HHH000423: Disabling contextual LOB creation as JDBC driver reported JDBC version [3] less than 4
14:09:59,249  WARN CachingRegionFactory:53 - CachingRegionFactory should be only used for testing.
14:09:59,258  INFO CustomRunner:139 - Test: testClobWithLobAnnotation
14:09:59,262  INFO DriverManagerConnectionProviderImpl:99 - HHH000402: Using Hibernate built-in connection pool (not for production use!)
14:09:59,262  INFO DriverManagerConnectionProviderImpl:135 - HHH000115: Hibernate connection pool size: 5
14:09:59,262  INFO DriverManagerConnectionProviderImpl:138 - HHH000006: Autocommit mode: false
14:09:59,262  INFO DriverManagerConnectionProviderImpl:153 - HHH000401: using driver [org.h2.Driver] at URL [jdbc:h2:mem:db1;DB_CLOSE_DELAY=-1;MVCC=TRUE]
14:09:59,262  INFO DriverManagerConnectionProviderImpl:158 - HHH000046: Connection properties: {user=sa}
14:09:59,265  INFO Dialect:103 - HHH000400: Using dialect: org.hibernate.dialect.H2Dialect
14:09:59,266  INFO LobCreatorBuilder:94 - HHH000423: Disabling contextual LOB creation as JDBC driver reported JDBC version [3] less than 4
14:09:59,268  WARN CachingRegionFactory:53 - CachingRegionFactory should be only used for testing.
14:09:59,279  INFO CustomRunner:139 - Test: testNoLobAttribute
14:09:59,283  INFO DriverManagerConnectionProviderImpl:99 - HHH000402: Using Hibernate built-in connection pool (not for production use!)
14:09:59,283  INFO DriverManagerConnectionProviderImpl:135 - HHH000115: Hibernate connection pool size: 5
14:09:59,284  INFO DriverManagerConnectionProviderImpl:138 - HHH000006: Autocommit mode: false
14:09:59,284  INFO DriverManagerConnectionProviderImpl:153 - HHH000401: using driver [org.h2.Driver] at URL [jdbc:h2:mem:db1;DB_CLOSE_DELAY=-1;MVCC=TRUE]
14:09:59,284  INFO DriverManagerConnectionProviderImpl:158 - HHH000046: Connection properties: {user=sa}
14:09:59,287  INFO Dialect:103 - HHH000400: Using dialect: org.hibernate.dialect.H2Dialect
14:09:59,287  INFO LobCreatorBuilder:94 - HHH000423: Disabling contextual LOB creation as JDBC driver reported JDBC version [3] less than 4
14:09:59,290  WARN CachingRegionFactory:53 - CachingRegionFactory should be only used for testing.
14:09:59,299  INFO CustomRunner:139 - Test: testPrimitiveByteArrayWithLobAnnotation
14:09:59,304  INFO DriverManagerConnectionProviderImpl:99 - HHH000402: Using Hibernate built-in connection pool (not for production use!)
14:09:59,304  INFO DriverManagerConnectionProviderImpl:135 - HHH000115: Hibernate connection pool size: 5
14:09:59,304  INFO DriverManagerConnectionProviderImpl:138 - HHH000006: Autocommit mode: false
14:09:59,304  INFO DriverManagerConnectionProviderImpl:153 - HHH000401: using driver [org.h2.Driver] at URL [jdbc:h2:mem:db1;DB_CLOSE_DELAY=-1;MVCC=TRUE]
14:09:59,304  INFO DriverManagerConnectionProviderImpl:158 - HHH000046: Connection properties: {user=sa}
14:09:59,307  INFO Dialect:103 - HHH000400: Using dialect: org.hibernate.dialect.H2Dialect
14:09:59,308  INFO LobCreatorBuilder:94 - HHH000423: Disabling contextual LOB creation as JDBC driver reported JDBC version [3] less than 4
14:09:59,310  WARN CachingRegionFactory:53 - CachingRegionFactory should be only used for testing.
14:09:59,325  INFO CustomRunner:139 - Test: testPrimitiveCharacterArrayWithLobAnnotation
14:09:59,331  INFO DriverManagerConnectionProviderImpl:99 - HHH000402: Using Hibernate built-in connection pool (not for production use!)
14:09:59,332  INFO DriverManagerConnectionProviderImpl:135 - HHH000115: Hibernate connection pool size: 5
14:09:59,332  INFO DriverManagerConnectionProviderImpl:138 - HHH000006: Autocommit mode: false
14:09:59,332  INFO DriverManagerConnectionProviderImpl:153 - HHH000401: using driver [org.h2.Driver] at URL [jdbc:h2:mem:db1;DB_CLOSE_DELAY=-1;MVCC=TRUE]
14:09:59,332  INFO DriverManagerConnectionProviderImpl:158 - HHH000046: Connection properties: {user=sa}
14:09:59,335  INFO Dialect:103 - HHH000400: Using dialect: org.hibernate.dialect.H2Dialect
14:09:59,336  INFO LobCreatorBuilder:94 - HHH000423: Disabling contextual LOB creation as JDBC driver reported JDBC version [3] less than 4
14:09:59,338  WARN CachingRegionFactory:53 - CachingRegionFactory should be only used for testing.
14:09:59,348  INFO CustomRunner:139 - Test: testSerializableWithLobAnnotation
14:09:59,352  INFO DriverManagerConnectionProviderImpl:99 - HHH000402: Using Hibernate built-in connection pool (not for production use!)
14:09:59,352  INFO DriverManagerConnectionProviderImpl:135 - HHH000115: Hibernate connection pool size: 5
14:09:59,352  INFO DriverManagerConnectionProviderImpl:138 - HHH000006: Autocommit mode: false
14:09:59,352  INFO DriverManagerConnectionProviderImpl:153 - HHH000401: using driver [org.h2.Driver] at URL [jdbc:h2:mem:db1;DB_CLOSE_DELAY=-1;MVCC=TRUE]
14:09:59,352  INFO DriverManagerConnectionProviderImpl:158 - HHH000046: Connection properties: {user=sa}
14:09:59,355  INFO Dialect:103 - HHH000400: Using dialect: org.hibernate.dialect.H2Dialect
14:09:59,356  INFO LobCreatorBuilder:94 - HHH000423: Disabling contextual LOB creation as JDBC driver reported JDBC version [3] less than 4
14:09:59,359  WARN CachingRegionFactory:53 - CachingRegionFactory should be only used for testing.
14:09:59,379  INFO CustomRunner:139 - Test: testStringWithLobAnnotation
14:09:59,383  INFO DriverManagerConnectionProviderImpl:99 - HHH000402: Using Hibernate built-in connection pool (not for production use!)
14:09:59,383  INFO DriverManagerConnectionProviderImpl:135 - HHH000115: Hibernate connection pool size: 5
14:09:59,383  INFO DriverManagerConnectionProviderImpl:138 - HHH000006: Autocommit mode: false
14:09:59,384  INFO DriverManagerConnectionProviderImpl:153 - HHH000401: using driver [org.h2.Driver] at URL [jdbc:h2:mem:db1;DB_CLOSE_DELAY=-1;MVCC=TRUE]
14:09:59,384  INFO DriverManagerConnectionProviderImpl:158 - HHH000046: Connection properties: {user=sa}
14:09:59,386  INFO Dialect:103 - HHH000400: Using dialect: org.hibernate.dialect.H2Dialect
14:09:59,387  INFO LobCreatorBuilder:94 - HHH000423: Disabling contextual LOB creation as JDBC driver reported JDBC version [3] less than 4
14:09:59,389  WARN CachingRegionFactory:53 - CachingRegionFactory should be only used for testing.
]]></system-out>
  <system-err><![CDATA[]]></system-err>
</testsuite>
