<?xml version="1.0" encoding="UTF-8"?>
<testsuite errors="0" failures="0" hostname="dhcp-10.15.208.168.stl.redhat.com" name="org.hibernate.test.cache.InsertedDataTest" tests="8" time="0.118" timestamp="2013-02-28T20:11:39">
  <properties />
  <testcase classname="org.hibernate.test.cache.InsertedDataTest" name="testInsert" time="0.01" />
  <testcase classname="org.hibernate.test.cache.InsertedDataTest" name="testInsertThenUpdate" time="0.005" />
  <testcase classname="org.hibernate.test.cache.InsertedDataTest" name="testInsertThenUpdateThenRollback" time="0.005" />
  <testcase classname="org.hibernate.test.cache.InsertedDataTest" name="testInsertWithClear" time="0.003" />
  <testcase classname="org.hibernate.test.cache.InsertedDataTest" name="testInsertWithClearThenRollback" time="0.007" />
  <testcase classname="org.hibernate.test.cache.InsertedDataTest" name="testInsertWithRefresh" time="0.004" />
  <testcase classname="org.hibernate.test.cache.InsertedDataTest" name="testInsertWithRefreshThenRollback" time="0.004" />
  <testcase classname="org.hibernate.test.cache.InsertedDataTest" name="testInsertWithRollback" time="0.001" />
  <system-out><![CDATA[14:11:39,693  INFO CustomRunner:132 - BeforeClass: org.hibernate.test.cache.InsertedDataTest
14:11:39,710  INFO DriverManagerConnectionProviderImpl:99 - HHH000402: Using Hibernate built-in connection pool (not for production use!)
14:11:39,710  INFO DriverManagerConnectionProviderImpl:135 - HHH000115: Hibernate connection pool size: 5
14:11:39,710  INFO DriverManagerConnectionProviderImpl:138 - HHH000006: Autocommit mode: false
14:11:39,711  INFO DriverManagerConnectionProviderImpl:153 - HHH000401: using driver [org.h2.Driver] at URL [jdbc:h2:mem:db1;DB_CLOSE_DELAY=-1;MVCC=TRUE]
14:11:39,711  INFO DriverManagerConnectionProviderImpl:158 - HHH000046: Connection properties: {user=sa}
14:11:39,713  INFO Dialect:103 - HHH000400: Using dialect: org.hibernate.dialect.H2Dialect
14:11:39,713  INFO LobCreatorBuilder:94 - HHH000423: Disabling contextual LOB creation as JDBC driver reported JDBC version [3] less than 4
14:11:39,714  INFO TransactionFactoryInitiator:66 - HHH000399: Using default transaction strategy (direct JDBC transactions)
14:11:39,714  INFO ASTQueryTranslatorFactory:48 - HHH000397: Using ASTQueryTranslatorFactory
14:11:39,715  WARN CachingRegionFactory:58 - CachingRegionFactory should be only used for testing.
14:11:39,724  INFO SchemaExport:343 - HHH000227: Running hbm2ddl schema export
14:11:39,725 DEBUG SchemaExport:353 - Import file not found: /import.sql
14:11:39,725 DEBUG SQL:104 - 
    drop table CacheableItem if exists
14:11:39,725 DEBUG SQL:104 - 
    create table CacheableItem (
        id bigint not null,
        name varchar(255),
        primary key (id)
    )
14:11:39,726  INFO SchemaExport:405 - HHH000230: Schema export complete
14:11:39,726  WARN SessionFactoryImpl:1554 - HHH000008: JTASessionContext being used with JDBCTransactionFactory; auto-flush will not operate correctly with getCurrentSession()
14:11:39,726  INFO CustomRunner:139 - Test: testInsert
14:11:39,728 DEBUG BaseGeneralDataRegion:79 - evict cache[item]
14:11:39,728 DEBUG SQL:104 - 
    select
        max(id) 
    from
        CacheableItem
14:11:39,730 DEBUG SQL:104 - 
    insert 
    into
        CacheableItem
        (name, id) 
    values
        (?, ?)
14:11:39,731 DEBUG BaseGeneralDataRegion:46 - Cache[item] lookup : key[org.hibernate.test.cache.CacheableItem#1]
14:11:39,731 DEBUG BaseGeneralDataRegion:59 - Caching[item] : [org.hibernate.test.cache.CacheableItem#1] -> [org.hibernate.testing.cache.AbstractReadWriteAccessStrategy$Item@1df1ddb7]
14:11:39,732 DEBUG QueryTranslatorImpl:265 - parse() - HQL: delete org.hibernate.test.cache.CacheableItem
14:11:39,734 DEBUG QueryTranslatorImpl:283 - --- HQL AST ---
 \-[DELETE] Node: 'delete'
    \-[FROM] Node: 'FROM'
       \-[RANGE] Node: 'RANGE'
          \-[DOT] Node: '.'
             +-[DOT] Node: '.'
             |  +-[DOT] Node: '.'
             |  |  +-[DOT] Node: '.'
             |  |  |  +-[IDENT] Node: 'org'
             |  |  |  \-[IDENT] Node: 'hibernate'
             |  |  \-[IDENT] Node: 'test'
             |  \-[IDENT] Node: 'cache'
             \-[IDENT] Node: 'CacheableItem'

14:11:39,734 DEBUG ErrorCounter:82 - throwQueryException() : no errors
14:11:39,735 DEBUG FromElement:157 - FromClause{level=1} : org.hibernate.test.cache.CacheableItem (<no alias>) -> cacheablei0_
14:11:39,735 DEBUG QueryTranslatorImpl:252 - --- SQL AST ---
 \-[DELETE] DeleteStatement: 'delete'  querySpaces (CacheableItem)
    \-[FROM] FromClause: 'FROM' FromClause{level=1, fromElementCounter=1, fromElements=1, fromElementByClassAlias=[], fromElementByTableAlias=[cacheablei0_], fromElementsByPath=[], collectionJoinFromElementsByPath=[], impliedElements=[]}
       \-[FROM_FRAGMENT] FromElement: 'CacheableItem' FromElement{explicit,not a collection join,not a fetch join,fetch non-lazy properties,classAlias=null,role=null,tableName=CacheableItem,tableAlias=cacheablei0_,origin=null,columns={,className=org.hibernate.test.cache.CacheableItem}}

14:11:39,735 DEBUG ErrorCounter:82 - throwQueryException() : no errors
14:11:39,736 DEBUG ErrorCounter:82 - throwQueryException() : no errors
14:11:39,736 DEBUG BaseGeneralDataRegion:79 - evict cache[item]
14:11:39,736 DEBUG SQL:104 - 
    delete 
    from
        CacheableItem
14:11:39,737 DEBUG BaseGeneralDataRegion:79 - evict cache[item]
14:11:39,737  INFO CustomRunner:139 - Test: testInsertThenUpdate
14:11:39,739 DEBUG BaseGeneralDataRegion:79 - evict cache[item]
14:11:39,740 DEBUG SQL:104 - 
    insert 
    into
        CacheableItem
        (name, id) 
    values
        (?, ?)
14:11:39,740 DEBUG AbstractReadWriteAccessStrategy:93 - locking key[org.hibernate.test.cache.CacheableItem#2] in region[item]
14:11:39,741 DEBUG BaseGeneralDataRegion:46 - Cache[item] lookup : key[org.hibernate.test.cache.CacheableItem#2]
14:11:39,741 DEBUG BaseGeneralDataRegion:59 - Caching[item] : [org.hibernate.test.cache.CacheableItem#2] -> [Lock Source-UUID:2f189f98-2c30-4b14-84ce-0e9853f0a506 Lock-ID:0]
14:11:39,741 DEBUG SQL:104 - 
    update
        CacheableItem 
    set
        name=? 
    where
        id=?
14:11:39,741 DEBUG BaseGeneralDataRegion:46 - Cache[item] lookup : key[org.hibernate.test.cache.CacheableItem#2]
14:11:39,741 DEBUG BaseGeneralDataRegion:52 - Cache[item] hit: org.hibernate.test.cache.CacheableItem#2
14:11:39,741 DEBUG BaseGeneralDataRegion:46 - Cache[item] lookup : key[org.hibernate.test.cache.CacheableItem#2]
14:11:39,741 DEBUG BaseGeneralDataRegion:52 - Cache[item] hit: org.hibernate.test.cache.CacheableItem#2
14:11:39,742 DEBUG BaseGeneralDataRegion:59 - Caching[item] : [org.hibernate.test.cache.CacheableItem#2] -> [org.hibernate.testing.cache.AbstractReadWriteAccessStrategy$Item@3762ccd]
14:11:39,742 DEBUG BaseGeneralDataRegion:79 - evict cache[item]
14:11:39,742 DEBUG SQL:104 - 
    delete 
    from
        CacheableItem
14:11:39,742 DEBUG BaseGeneralDataRegion:79 - evict cache[item]
14:11:39,743  INFO CustomRunner:139 - Test: testInsertThenUpdateThenRollback
14:11:39,744 DEBUG BaseGeneralDataRegion:79 - evict cache[item]
14:11:39,747 DEBUG SQL:104 - 
    insert 
    into
        CacheableItem
        (name, id) 
    values
        (?, ?)
14:11:39,748 DEBUG BaseGeneralDataRegion:79 - evict cache[item]
14:11:39,748 DEBUG SQL:104 - 
    delete 
    from
        CacheableItem
14:11:39,748 DEBUG BaseGeneralDataRegion:79 - evict cache[item]
14:11:39,749  INFO CustomRunner:139 - Test: testInsertWithClear
14:11:39,749 DEBUG BaseGeneralDataRegion:79 - evict cache[item]
14:11:39,750 DEBUG SQL:104 - 
    insert 
    into
        CacheableItem
        (name, id) 
    values
        (?, ?)
14:11:39,750 DEBUG BaseGeneralDataRegion:46 - Cache[item] lookup : key[org.hibernate.test.cache.CacheableItem#4]
14:11:39,751 DEBUG BaseGeneralDataRegion:59 - Caching[item] : [org.hibernate.test.cache.CacheableItem#4] -> [org.hibernate.testing.cache.AbstractReadWriteAccessStrategy$Item@41418f08]
14:11:39,751 DEBUG BaseGeneralDataRegion:79 - evict cache[item]
14:11:39,751 DEBUG SQL:104 - 
    delete 
    from
        CacheableItem
14:11:39,751 DEBUG BaseGeneralDataRegion:79 - evict cache[item]
14:11:39,752  INFO CustomRunner:139 - Test: testInsertWithClearThenRollback
14:11:39,753 DEBUG BaseGeneralDataRegion:79 - evict cache[item]
14:11:39,753 DEBUG SQL:104 - 
    insert 
    into
        CacheableItem
        (name, id) 
    values
        (?, ?)
14:11:39,754 DEBUG AbstractReadWriteAccessStrategy:34 - getting key[org.hibernate.test.cache.CacheableItem#5] from region[item]
14:11:39,754 DEBUG BaseGeneralDataRegion:46 - Cache[item] lookup : key[org.hibernate.test.cache.CacheableItem#5]
14:11:39,754 DEBUG AbstractReadWriteAccessStrategy:46 - miss key[org.hibernate.test.cache.CacheableItem#5] in region[item]
14:11:39,754 DEBUG SQL:104 - 
    select
        cacheablei0_.id as id0_0_,
        cacheablei0_.name as name0_0_ 
    from
        CacheableItem cacheablei0_ 
    where
        cacheablei0_.id=?
14:11:39,755 DEBUG AbstractReadWriteAccessStrategy:34 - getting key[org.hibernate.test.cache.CacheableItem#5] from region[item]
14:11:39,755 DEBUG BaseGeneralDataRegion:46 - Cache[item] lookup : key[org.hibernate.test.cache.CacheableItem#5]
14:11:39,755 DEBUG AbstractReadWriteAccessStrategy:46 - miss key[org.hibernate.test.cache.CacheableItem#5] in region[item]
14:11:39,755 DEBUG SQL:104 - 
    select
        cacheablei0_.id as id0_0_,
        cacheablei0_.name as name0_0_ 
    from
        CacheableItem cacheablei0_ 
    where
        cacheablei0_.id=?
14:11:39,759  INFO CustomRunner:139 - Test: testInsertWithRefresh
14:11:39,760 DEBUG BaseGeneralDataRegion:79 - evict cache[item]
14:11:39,761 DEBUG SQL:104 - 
    insert 
    into
        CacheableItem
        (name, id) 
    values
        (?, ?)
14:11:39,761 DEBUG BaseGeneralDataRegion:69 - Evicting[item]: org.hibernate.test.cache.CacheableItem#6
14:11:39,761 DEBUG SQL:104 - 
    select
        cacheablei0_.id as id0_0_,
        cacheablei0_.name as name0_0_ 
    from
        CacheableItem cacheablei0_ 
    where
        cacheablei0_.id=?
14:11:39,762 DEBUG BaseGeneralDataRegion:46 - Cache[item] lookup : key[org.hibernate.test.cache.CacheableItem#6]
14:11:39,762 DEBUG BaseGeneralDataRegion:59 - Caching[item] : [org.hibernate.test.cache.CacheableItem#6] -> [org.hibernate.testing.cache.AbstractReadWriteAccessStrategy$Item@65d29a2c]
14:11:39,762 DEBUG BaseGeneralDataRegion:79 - evict cache[item]
14:11:39,762 DEBUG SQL:104 - 
    delete 
    from
        CacheableItem
14:11:39,763 DEBUG BaseGeneralDataRegion:79 - evict cache[item]
14:11:39,763  INFO CustomRunner:139 - Test: testInsertWithRefreshThenRollback
14:11:39,764 DEBUG BaseGeneralDataRegion:79 - evict cache[item]
14:11:39,765 DEBUG SQL:104 - 
    insert 
    into
        CacheableItem
        (name, id) 
    values
        (?, ?)
14:11:39,766 DEBUG BaseGeneralDataRegion:69 - Evicting[item]: org.hibernate.test.cache.CacheableItem#7
14:11:39,766 DEBUG SQL:104 - 
    select
        cacheablei0_.id as id0_0_,
        cacheablei0_.name as name0_0_ 
    from
        CacheableItem cacheablei0_ 
    where
        cacheablei0_.id=?
14:11:39,767 DEBUG AbstractReadWriteAccessStrategy:34 - getting key[org.hibernate.test.cache.CacheableItem#7] from region[item]
14:11:39,767 DEBUG BaseGeneralDataRegion:46 - Cache[item] lookup : key[org.hibernate.test.cache.CacheableItem#7]
14:11:39,767 DEBUG AbstractReadWriteAccessStrategy:46 - miss key[org.hibernate.test.cache.CacheableItem#7] in region[item]
14:11:39,767 DEBUG SQL:104 - 
    select
        cacheablei0_.id as id0_0_,
        cacheablei0_.name as name0_0_ 
    from
        CacheableItem cacheablei0_ 
    where
        cacheablei0_.id=?
14:11:39,768  INFO CustomRunner:139 - Test: testInsertWithRollback
14:11:39,769 DEBUG BaseGeneralDataRegion:79 - evict cache[item]
14:11:39,770 DEBUG SQL:104 - 
    insert 
    into
        CacheableItem
        (name, id) 
    values
        (?, ?)
14:11:39,771  INFO SchemaExport:343 - HHH000227: Running hbm2ddl schema export
14:11:39,771 DEBUG SchemaExport:353 - Import file not found: /import.sql
14:11:39,772 DEBUG SQL:104 - 
    drop table CacheableItem if exists
14:11:39,772  INFO SchemaExport:405 - HHH000230: Schema export complete
14:11:39,800  INFO DriverManagerConnectionProviderImpl:162 - HHH000030: Cleaning up connection pool [jdbc:h2:mem:db1;DB_CLOSE_DELAY=-1;MVCC=TRUE]
]]></system-out>
  <system-err><![CDATA[]]></system-err>
</testsuite>
