<?xml version="1.0" encoding="UTF-8"?>
<testsuite errors="0" failures="0" hostname="dhcp-10.15.208.168.stl.redhat.com" name="org.hibernate.metamodel.source.annotations.util.EntityHierarchyTest" tests="10" time="0.111" timestamp="2013-02-28T20:10:00">
  <properties />
  <testcase classname="org.hibernate.metamodel.source.annotations.util.EntityHierarchyTest" name="testDefaultInheritanceStrategy" time="0.007" />
  <testcase classname="org.hibernate.metamodel.source.annotations.util.EntityHierarchyTest" name="testEntityAndEmbeddableAnnotations" time="0.007" />
  <testcase classname="org.hibernate.metamodel.source.annotations.util.EntityHierarchyTest" name="testEntityAndMappedSuperClassAnnotations" time="0.006" />
  <testcase classname="org.hibernate.metamodel.source.annotations.util.EntityHierarchyTest" name="testExplicitInheritanceStrategy" time="0.009" />
  <testcase classname="org.hibernate.metamodel.source.annotations.util.EntityHierarchyTest" name="testMappedSuperClass" time="0.013" />
  <testcase classname="org.hibernate.metamodel.source.annotations.util.EntityHierarchyTest" name="testMultipleConflictingInheritanceDefinitions" time="0.008" />
  <testcase classname="org.hibernate.metamodel.source.annotations.util.EntityHierarchyTest" name="testMultipleHierarchies" time="0.02" />
  <testcase classname="org.hibernate.metamodel.source.annotations.util.EntityHierarchyTest" name="testNoIdAnnotation" time="0.012" />
  <testcase classname="org.hibernate.metamodel.source.annotations.util.EntityHierarchyTest" name="testSimpleInheritance" time="0.008" />
  <testcase classname="org.hibernate.metamodel.source.annotations.util.EntityHierarchyTest" name="testSingleEntity" time="0.009" />
  <system-out><![CDATA[14:10:00,280  INFO CustomRunner:132 - BeforeClass: org.hibernate.metamodel.source.annotations.util.EntityHierarchyTest
14:10:00,280  INFO CustomRunner:139 - Test: testDefaultInheritanceStrategy
14:10:00,283  INFO DriverManagerConnectionProviderImpl:99 - HHH000402: Using Hibernate built-in connection pool (not for production use!)
14:10:00,284  INFO DriverManagerConnectionProviderImpl:135 - HHH000115: Hibernate connection pool size: 5
14:10:00,284  INFO DriverManagerConnectionProviderImpl:138 - HHH000006: Autocommit mode: false
14:10:00,284  INFO DriverManagerConnectionProviderImpl:153 - HHH000401: using driver [org.h2.Driver] at URL [jdbc:h2:mem:db1;DB_CLOSE_DELAY=-1;MVCC=TRUE]
14:10:00,284  INFO DriverManagerConnectionProviderImpl:158 - HHH000046: Connection properties: {user=sa}
14:10:00,286  INFO Dialect:103 - HHH000400: Using dialect: org.hibernate.dialect.H2Dialect
14:10:00,286  INFO LobCreatorBuilder:94 - HHH000423: Disabling contextual LOB creation as JDBC driver reported JDBC version [3] less than 4
14:10:00,288  WARN CachingRegionFactory:53 - CachingRegionFactory should be only used for testing.
14:10:00,289  INFO CustomRunner:139 - Test: testEntityAndEmbeddableAnnotations
14:10:00,293  INFO DriverManagerConnectionProviderImpl:99 - HHH000402: Using Hibernate built-in connection pool (not for production use!)
14:10:00,293  INFO DriverManagerConnectionProviderImpl:135 - HHH000115: Hibernate connection pool size: 5
14:10:00,294  INFO DriverManagerConnectionProviderImpl:138 - HHH000006: Autocommit mode: false
14:10:00,294  INFO DriverManagerConnectionProviderImpl:153 - HHH000401: using driver [org.h2.Driver] at URL [jdbc:h2:mem:db1;DB_CLOSE_DELAY=-1;MVCC=TRUE]
14:10:00,294  INFO DriverManagerConnectionProviderImpl:158 - HHH000046: Connection properties: {user=sa}
14:10:00,296  INFO Dialect:103 - HHH000400: Using dialect: org.hibernate.dialect.H2Dialect
14:10:00,296  INFO LobCreatorBuilder:94 - HHH000423: Disabling contextual LOB creation as JDBC driver reported JDBC version [3] less than 4
14:10:00,297  INFO CustomRunner:139 - Test: testEntityAndMappedSuperClassAnnotations
14:10:00,301  INFO DriverManagerConnectionProviderImpl:99 - HHH000402: Using Hibernate built-in connection pool (not for production use!)
14:10:00,301  INFO DriverManagerConnectionProviderImpl:135 - HHH000115: Hibernate connection pool size: 5
14:10:00,301  INFO DriverManagerConnectionProviderImpl:138 - HHH000006: Autocommit mode: false
14:10:00,301  INFO DriverManagerConnectionProviderImpl:153 - HHH000401: using driver [org.h2.Driver] at URL [jdbc:h2:mem:db1;DB_CLOSE_DELAY=-1;MVCC=TRUE]
14:10:00,301  INFO DriverManagerConnectionProviderImpl:158 - HHH000046: Connection properties: {user=sa}
14:10:00,303  INFO Dialect:103 - HHH000400: Using dialect: org.hibernate.dialect.H2Dialect
14:10:00,303  INFO LobCreatorBuilder:94 - HHH000423: Disabling contextual LOB creation as JDBC driver reported JDBC version [3] less than 4
14:10:00,305  INFO CustomRunner:139 - Test: testExplicitInheritanceStrategy
14:10:00,308  INFO DriverManagerConnectionProviderImpl:99 - HHH000402: Using Hibernate built-in connection pool (not for production use!)
14:10:00,308  INFO DriverManagerConnectionProviderImpl:135 - HHH000115: Hibernate connection pool size: 5
14:10:00,308  INFO DriverManagerConnectionProviderImpl:138 - HHH000006: Autocommit mode: false
14:10:00,308  INFO DriverManagerConnectionProviderImpl:153 - HHH000401: using driver [org.h2.Driver] at URL [jdbc:h2:mem:db1;DB_CLOSE_DELAY=-1;MVCC=TRUE]
14:10:00,308  INFO DriverManagerConnectionProviderImpl:158 - HHH000046: Connection properties: {user=sa}
14:10:00,310  INFO Dialect:103 - HHH000400: Using dialect: org.hibernate.dialect.H2Dialect
14:10:00,310  INFO LobCreatorBuilder:94 - HHH000423: Disabling contextual LOB creation as JDBC driver reported JDBC version [3] less than 4
14:10:00,313  WARN CachingRegionFactory:53 - CachingRegionFactory should be only used for testing.
14:10:00,314  INFO CustomRunner:139 - Test: testMappedSuperClass
14:10:00,317  INFO DriverManagerConnectionProviderImpl:99 - HHH000402: Using Hibernate built-in connection pool (not for production use!)
14:10:00,317  INFO DriverManagerConnectionProviderImpl:135 - HHH000115: Hibernate connection pool size: 5
14:10:00,317  INFO DriverManagerConnectionProviderImpl:138 - HHH000006: Autocommit mode: false
14:10:00,318  INFO DriverManagerConnectionProviderImpl:153 - HHH000401: using driver [org.h2.Driver] at URL [jdbc:h2:mem:db1;DB_CLOSE_DELAY=-1;MVCC=TRUE]
14:10:00,318  INFO DriverManagerConnectionProviderImpl:158 - HHH000046: Connection properties: {user=sa}
14:10:00,319  INFO Dialect:103 - HHH000400: Using dialect: org.hibernate.dialect.H2Dialect
14:10:00,320  INFO LobCreatorBuilder:94 - HHH000423: Disabling contextual LOB creation as JDBC driver reported JDBC version [3] less than 4
14:10:00,322  WARN CachingRegionFactory:53 - CachingRegionFactory should be only used for testing.
14:10:00,328  INFO CustomRunner:139 - Test: testMultipleConflictingInheritanceDefinitions
14:10:00,331  INFO DriverManagerConnectionProviderImpl:99 - HHH000402: Using Hibernate built-in connection pool (not for production use!)
14:10:00,331  INFO DriverManagerConnectionProviderImpl:135 - HHH000115: Hibernate connection pool size: 5
14:10:00,331  INFO DriverManagerConnectionProviderImpl:138 - HHH000006: Autocommit mode: false
14:10:00,332  INFO DriverManagerConnectionProviderImpl:153 - HHH000401: using driver [org.h2.Driver] at URL [jdbc:h2:mem:db1;DB_CLOSE_DELAY=-1;MVCC=TRUE]
14:10:00,332  INFO DriverManagerConnectionProviderImpl:158 - HHH000046: Connection properties: {user=sa}
14:10:00,333  INFO Dialect:103 - HHH000400: Using dialect: org.hibernate.dialect.H2Dialect
14:10:00,334  INFO LobCreatorBuilder:94 - HHH000423: Disabling contextual LOB creation as JDBC driver reported JDBC version [3] less than 4
14:10:00,336  INFO CustomRunner:139 - Test: testMultipleHierarchies
14:10:00,351  INFO DriverManagerConnectionProviderImpl:99 - HHH000402: Using Hibernate built-in connection pool (not for production use!)
14:10:00,351  INFO DriverManagerConnectionProviderImpl:135 - HHH000115: Hibernate connection pool size: 5
14:10:00,351  INFO DriverManagerConnectionProviderImpl:138 - HHH000006: Autocommit mode: false
14:10:00,351  INFO DriverManagerConnectionProviderImpl:153 - HHH000401: using driver [org.h2.Driver] at URL [jdbc:h2:mem:db1;DB_CLOSE_DELAY=-1;MVCC=TRUE]
14:10:00,352  INFO DriverManagerConnectionProviderImpl:158 - HHH000046: Connection properties: {user=sa}
14:10:00,353  INFO Dialect:103 - HHH000400: Using dialect: org.hibernate.dialect.H2Dialect
14:10:00,353  INFO LobCreatorBuilder:94 - HHH000423: Disabling contextual LOB creation as JDBC driver reported JDBC version [3] less than 4
14:10:00,356  WARN CachingRegionFactory:53 - CachingRegionFactory should be only used for testing.
14:10:00,357  INFO CustomRunner:139 - Test: testNoIdAnnotation
14:10:00,364  INFO DriverManagerConnectionProviderImpl:99 - HHH000402: Using Hibernate built-in connection pool (not for production use!)
14:10:00,365  INFO DriverManagerConnectionProviderImpl:135 - HHH000115: Hibernate connection pool size: 5
14:10:00,365  INFO DriverManagerConnectionProviderImpl:138 - HHH000006: Autocommit mode: false
14:10:00,365  INFO DriverManagerConnectionProviderImpl:153 - HHH000401: using driver [org.h2.Driver] at URL [jdbc:h2:mem:db1;DB_CLOSE_DELAY=-1;MVCC=TRUE]
14:10:00,365  INFO DriverManagerConnectionProviderImpl:158 - HHH000046: Connection properties: {user=sa}
14:10:00,367  INFO Dialect:103 - HHH000400: Using dialect: org.hibernate.dialect.H2Dialect
14:10:00,367  INFO LobCreatorBuilder:94 - HHH000423: Disabling contextual LOB creation as JDBC driver reported JDBC version [3] less than 4
14:10:00,370  INFO CustomRunner:139 - Test: testSimpleInheritance
14:10:00,373  INFO DriverManagerConnectionProviderImpl:99 - HHH000402: Using Hibernate built-in connection pool (not for production use!)
14:10:00,373  INFO DriverManagerConnectionProviderImpl:135 - HHH000115: Hibernate connection pool size: 5
14:10:00,373  INFO DriverManagerConnectionProviderImpl:138 - HHH000006: Autocommit mode: false
14:10:00,373  INFO DriverManagerConnectionProviderImpl:153 - HHH000401: using driver [org.h2.Driver] at URL [jdbc:h2:mem:db1;DB_CLOSE_DELAY=-1;MVCC=TRUE]
14:10:00,373  INFO DriverManagerConnectionProviderImpl:158 - HHH000046: Connection properties: {user=sa}
14:10:00,375  INFO Dialect:103 - HHH000400: Using dialect: org.hibernate.dialect.H2Dialect
14:10:00,375  INFO LobCreatorBuilder:94 - HHH000423: Disabling contextual LOB creation as JDBC driver reported JDBC version [3] less than 4
14:10:00,377  WARN CachingRegionFactory:53 - CachingRegionFactory should be only used for testing.
14:10:00,378  INFO CustomRunner:139 - Test: testSingleEntity
14:10:00,383  INFO DriverManagerConnectionProviderImpl:99 - HHH000402: Using Hibernate built-in connection pool (not for production use!)
14:10:00,384  INFO DriverManagerConnectionProviderImpl:135 - HHH000115: Hibernate connection pool size: 5
14:10:00,384  INFO DriverManagerConnectionProviderImpl:138 - HHH000006: Autocommit mode: false
14:10:00,384  INFO DriverManagerConnectionProviderImpl:153 - HHH000401: using driver [org.h2.Driver] at URL [jdbc:h2:mem:db1;DB_CLOSE_DELAY=-1;MVCC=TRUE]
14:10:00,384  INFO DriverManagerConnectionProviderImpl:158 - HHH000046: Connection properties: {user=sa}
14:10:00,386  INFO Dialect:103 - HHH000400: Using dialect: org.hibernate.dialect.H2Dialect
14:10:00,386  INFO LobCreatorBuilder:94 - HHH000423: Disabling contextual LOB creation as JDBC driver reported JDBC version [3] less than 4
14:10:00,387  WARN CachingRegionFactory:53 - CachingRegionFactory should be only used for testing.
]]></system-out>
  <system-err><![CDATA[]]></system-err>
</testsuite>
