<?xml version="1.0" encoding="UTF-8"?>
<testsuite errors="0" failures="0" hostname="dhcp-10.15.208.168.stl.redhat.com" name="org.hibernate.property.DirectPropertyAccessorTest" tests="1" time="0.082" timestamp="2013-02-28T20:10:03">
  <properties />
  <testcase classname="org.hibernate.property.DirectPropertyAccessorTest" name="testDirectIdPropertyAccess" time="0.017" />
  <system-out><![CDATA[14:10:03,604  INFO CustomRunner:132 - BeforeClass: org.hibernate.property.DirectPropertyAccessorTest
14:10:03,612  INFO DriverManagerConnectionProviderImpl:99 - HHH000402: Using Hibernate built-in connection pool (not for production use!)
14:10:03,612  INFO DriverManagerConnectionProviderImpl:135 - HHH000115: Hibernate connection pool size: 5
14:10:03,613  INFO DriverManagerConnectionProviderImpl:138 - HHH000006: Autocommit mode: false
14:10:03,614  INFO DriverManagerConnectionProviderImpl:153 - HHH000401: using driver [org.h2.Driver] at URL [jdbc:h2:mem:db1;DB_CLOSE_DELAY=-1;MVCC=TRUE]
14:10:03,615  INFO DriverManagerConnectionProviderImpl:158 - HHH000046: Connection properties: {user=sa}
14:10:03,618  INFO Dialect:103 - HHH000400: Using dialect: org.hibernate.dialect.H2Dialect
14:10:03,623  INFO LobCreatorBuilder:94 - HHH000423: Disabling contextual LOB creation as JDBC driver reported JDBC version [3] less than 4
14:10:03,624  INFO TransactionFactoryInitiator:66 - HHH000399: Using default transaction strategy (direct JDBC transactions)
14:10:03,624  INFO ASTQueryTranslatorFactory:48 - HHH000397: Using ASTQueryTranslatorFactory
14:10:03,626  WARN CachingRegionFactory:58 - CachingRegionFactory should be only used for testing.
14:10:03,640  INFO SchemaExport:343 - HHH000227: Running hbm2ddl schema export
14:10:03,641 DEBUG SchemaExport:353 - Import file not found: /import.sql
14:10:03,643 DEBUG SQL:104 - 
    alter table C_ORDER_Item 
        drop constraint FK901B032089810401
14:10:03,644 ERROR SchemaExport:425 - HHH000389: Unsuccessful: alter table C_ORDER_Item drop constraint FK901B032089810401
14:10:03,644 ERROR SchemaExport:426 - Table "C_ORDER_ITEM" not found; SQL statement:

    alter table C_ORDER_Item 
        drop constraint FK901B032089810401 [42102-145]
14:10:03,647 DEBUG SQL:104 - 
    alter table C_ORDER_Item 
        drop constraint FK901B0320751CB685
14:10:03,649 ERROR SchemaExport:425 - HHH000389: Unsuccessful: alter table C_ORDER_Item drop constraint FK901B0320751CB685
14:10:03,649 ERROR SchemaExport:426 - Table "C_ORDER_ITEM" not found; SQL statement:

    alter table C_ORDER_Item 
        drop constraint FK901B0320751CB685 [42102-145]
14:10:03,649 DEBUG SQL:104 - 
    drop table C_ORDER if exists
14:10:03,650 DEBUG SQL:104 - 
    drop table C_ORDER_Item if exists
14:10:03,650 DEBUG SQL:104 - 
    drop table Item if exists
14:10:03,651 DEBUG SQL:104 - 
    create table C_ORDER (
        orderNumber integer not null,
        primary key (orderNumber)
    )
14:10:03,654 DEBUG SQL:104 - 
    create table C_ORDER_Item (
        C_ORDER_orderNumber integer not null,
        items_itemNumber integer not null,
        primary key (C_ORDER_orderNumber, items_itemNumber)
    )
14:10:03,655 DEBUG SQL:104 - 
    create table Item (
        itemNumber integer not null,
        primary key (itemNumber)
    )
14:10:03,656 DEBUG SQL:104 - 
    alter table C_ORDER_Item 
        add constraint UK_901B0320418E91FB unique (items_itemNumber)
14:10:03,656 DEBUG SQL:104 - 
    alter table C_ORDER_Item 
        add constraint FK901B032089810401 
        foreign key (items_itemNumber) 
        references Item
14:10:03,658 DEBUG SQL:104 - 
    alter table C_ORDER_Item 
        add constraint FK901B0320751CB685 
        foreign key (C_ORDER_orderNumber) 
        references C_ORDER
14:10:03,660  INFO SchemaExport:405 - HHH000230: Schema export complete
14:10:03,661  WARN SessionFactoryImpl:1554 - HHH000008: JTASessionContext being used with JDBCTransactionFactory; auto-flush will not operate correctly with getCurrentSession()
14:10:03,661  INFO CustomRunner:139 - Test: testDirectIdPropertyAccess
14:10:03,669 DEBUG SQL:104 - 
    insert 
    into
        Item
        (itemNumber) 
    values
        (?)
14:10:03,674 DEBUG SQL:104 - 
    insert 
    into
        C_ORDER
        (orderNumber) 
    values
        (?)
14:10:03,675 DEBUG SQL:104 - 
    insert 
    into
        C_ORDER_Item
        (C_ORDER_orderNumber, items_itemNumber) 
    values
        (?, ?)
14:10:03,676 DEBUG SQL:104 - 
    select
        order0_.orderNumber as orderNum1_0_0_ 
    from
        C_ORDER order0_ 
    where
        order0_.orderNumber=?
14:10:03,679  INFO SchemaExport:343 - HHH000227: Running hbm2ddl schema export
14:10:03,679 DEBUG SchemaExport:353 - Import file not found: /import.sql
14:10:03,680 DEBUG SQL:104 - 
    alter table C_ORDER_Item 
        drop constraint FK901B032089810401
14:10:03,680 DEBUG SQL:104 - 
    alter table C_ORDER_Item 
        drop constraint FK901B0320751CB685
14:10:03,681 DEBUG SQL:104 - 
    drop table C_ORDER if exists
14:10:03,682 DEBUG SQL:104 - 
    drop table C_ORDER_Item if exists
14:10:03,683 DEBUG SQL:104 - 
    drop table Item if exists
14:10:03,684  INFO SchemaExport:405 - HHH000230: Schema export complete
14:10:03,684  INFO DriverManagerConnectionProviderImpl:162 - HHH000030: Cleaning up connection pool [jdbc:h2:mem:db1;DB_CLOSE_DELAY=-1;MVCC=TRUE]
]]></system-out>
  <system-err><![CDATA[]]></system-err>
</testsuite>
