<?xml version="1.0" encoding="UTF-8"?>
<testsuite errors="0" failures="0" hostname="dhcp-10.15.208.168.stl.redhat.com" name="org.hibernate.test.jdbc.GeneralWorkTest" tests="3" time="0.092" timestamp="2013-02-28T20:14:48">
  <properties />
  <testcase classname="org.hibernate.test.jdbc.GeneralWorkTest" name="testGeneralReturningUsage" time="0.046" />
  <testcase classname="org.hibernate.test.jdbc.GeneralWorkTest" name="testGeneralUsage" time="0.003" />
  <testcase classname="org.hibernate.test.jdbc.GeneralWorkTest" name="testSQLExceptionThrowing" time="0.003" />
  <system-out><![CDATA[14:14:48,353  INFO CustomRunner:132 - BeforeClass: org.hibernate.test.jdbc.GeneralWorkTest
14:14:48,356  INFO Configuration:706 - HHH000221: Reading mappings from resource: org/hibernate/test/jdbc/Mappings.hbm.xml
14:14:48,370  INFO DriverManagerConnectionProviderImpl:99 - HHH000402: Using Hibernate built-in connection pool (not for production use!)
14:14:48,370  INFO DriverManagerConnectionProviderImpl:135 - HHH000115: Hibernate connection pool size: 5
14:14:48,370  INFO DriverManagerConnectionProviderImpl:138 - HHH000006: Autocommit mode: false
14:14:48,370  INFO DriverManagerConnectionProviderImpl:153 - HHH000401: using driver [org.h2.Driver] at URL [jdbc:h2:mem:db1;DB_CLOSE_DELAY=-1;MVCC=TRUE]
14:14:48,371  INFO DriverManagerConnectionProviderImpl:158 - HHH000046: Connection properties: {user=sa}
14:14:48,371  INFO Dialect:103 - HHH000400: Using dialect: org.hibernate.dialect.H2Dialect
14:14:48,372  INFO LobCreatorBuilder:94 - HHH000423: Disabling contextual LOB creation as JDBC driver reported JDBC version [3] less than 4
14:14:48,372  INFO TransactionFactoryInitiator:66 - HHH000399: Using default transaction strategy (direct JDBC transactions)
14:14:48,373  INFO ASTQueryTranslatorFactory:48 - HHH000397: Using ASTQueryTranslatorFactory
14:14:48,373  WARN CachingRegionFactory:58 - CachingRegionFactory should be only used for testing.
14:14:48,380  INFO SchemaExport:343 - HHH000227: Running hbm2ddl schema export
14:14:48,381 DEBUG SchemaExport:353 - Import file not found: /import.sql
14:14:48,381 DEBUG SQL:104 - 
    alter table T_JDBC_BOAT 
        drop constraint FK10ED85D9424461FA
14:14:48,381 ERROR SchemaExport:425 - HHH000389: Unsuccessful: alter table T_JDBC_BOAT drop constraint FK10ED85D9424461FA
14:14:48,381 ERROR SchemaExport:426 - Table "T_JDBC_BOAT" not found; SQL statement:

    alter table T_JDBC_BOAT 
        drop constraint FK10ED85D9424461FA [42102-145]
14:14:48,381 DEBUG SQL:104 - 
    alter table T_JDBC_BOAT 
        drop constraint FK10ED85D99440A3E5
14:14:48,382 ERROR SchemaExport:425 - HHH000389: Unsuccessful: alter table T_JDBC_BOAT drop constraint FK10ED85D99440A3E5
14:14:48,382 ERROR SchemaExport:426 - Table "T_JDBC_BOAT" not found; SQL statement:

    alter table T_JDBC_BOAT 
        drop constraint FK10ED85D99440A3E5 [42102-145]
14:14:48,382 DEBUG SQL:104 - 
    drop table T_JDBC_BOAT if exists
14:14:48,382 DEBUG SQL:104 - 
    drop table T_JDBC_PERSON if exists
14:14:48,382 DEBUG SQL:104 - 
    create table T_JDBC_BOAT (
        ID bigint not null,
        tag varchar(255),
        driver bigint,
        boarder bigint,
        primary key (ID)
    )
14:14:48,383 DEBUG SQL:104 - 
    create table T_JDBC_PERSON (
        ID bigint not null,
        firstName varchar(255),
        lastName varchar(255),
        primary key (ID)
    )
14:14:48,383 DEBUG SQL:104 - 
    alter table T_JDBC_BOAT 
        add constraint FK10ED85D9424461FA 
        foreign key (driver) 
        references T_JDBC_PERSON
14:14:48,384 DEBUG SQL:104 - 
    alter table T_JDBC_BOAT 
        add constraint FK10ED85D99440A3E5 
        foreign key (boarder) 
        references T_JDBC_PERSON
14:14:48,385  INFO SchemaExport:405 - HHH000230: Schema export complete
14:14:48,386  WARN SessionFactoryImpl:1554 - HHH000008: JTASessionContext being used with JDBCTransactionFactory; auto-flush will not operate correctly with getCurrentSession()
14:14:48,386  INFO CustomRunner:139 - Test: testGeneralReturningUsage
14:14:48,387 DEBUG SQL:104 - 
    select
        max(ID) 
    from
        T_JDBC_PERSON
14:14:48,388 DEBUG SQL:104 - 
    insert 
    into
        T_JDBC_PERSON
        (firstName, lastName, ID) 
    values
        (?, ?, ?)
14:14:48,431 DEBUG SQL:104 - 
    select
        count(*) 
    from
        T_JDBC_PERSON
14:14:48,432 DEBUG SQL:104 - 
    delete 
    from
        T_JDBC_PERSON 
    where
        ID=?
14:14:48,433  INFO CustomRunner:139 - Test: testGeneralUsage
14:14:48,435 DEBUG SQL:104 - 
    select
        * 
    from
        T_JDBC_PERSON
14:14:48,436 DEBUG SQL:104 - 
    select
        * 
    from
        T_JDBC_BOAT
14:14:48,436  WARN JdbcCoordinatorImpl:384 - HHH000387: ResultSet's statement was not registered
14:14:48,436  WARN SqlExceptionHelper:143 - SQL Error: 90007, SQLState: 90007
14:14:48,436 ERROR SqlExceptionHelper:144 - The object is already closed [90007-145]
14:14:48,437  INFO CustomRunner:139 - Test: testSQLExceptionThrowing
14:14:48,439 DEBUG SQL:104 - 
    select
        * 
    from
        non_existent
14:14:48,440  WARN SqlExceptionHelper:143 - SQL Error: 42102, SQLState: 42S02
14:14:48,440 ERROR SqlExceptionHelper:144 - Table "NON_EXISTENT" not found; SQL statement:
select * from non_existent [42102-145]
14:14:48,440  INFO SchemaExport:343 - HHH000227: Running hbm2ddl schema export
14:14:48,441 DEBUG SchemaExport:353 - Import file not found: /import.sql
14:14:48,441 DEBUG SQL:104 - 
    alter table T_JDBC_BOAT 
        drop constraint FK10ED85D9424461FA
14:14:48,442 DEBUG SQL:104 - 
    alter table T_JDBC_BOAT 
        drop constraint FK10ED85D99440A3E5
14:14:48,442 DEBUG SQL:104 - 
    drop table T_JDBC_BOAT if exists
14:14:48,442 DEBUG SQL:104 - 
    drop table T_JDBC_PERSON if exists
14:14:48,443  INFO SchemaExport:405 - HHH000230: Schema export complete
14:14:48,443  INFO DriverManagerConnectionProviderImpl:162 - HHH000030: Cleaning up connection pool [jdbc:h2:mem:db1;DB_CLOSE_DELAY=-1;MVCC=TRUE]
]]></system-out>
  <system-err><![CDATA[]]></system-err>
</testsuite>
