<?xml version="1.0" encoding="UTF-8"?>
<testsuite errors="0" failures="0" hostname="dhcp-10.15.208.168.stl.redhat.com" name="org.hibernate.test.annotations.bytecode.ProxyBreakingTest" tests="1" time="0.064" timestamp="2013-02-28T20:10:10">
  <properties />
  <testcase classname="org.hibernate.test.annotations.bytecode.ProxyBreakingTest" name="testProxiedBridgeMethod" time="0.004" />
  <system-out><![CDATA[14:10:10,626  INFO CustomRunner:132 - BeforeClass: org.hibernate.test.annotations.bytecode.ProxyBreakingTest
14:10:10,642  INFO DriverManagerConnectionProviderImpl:99 - HHH000402: Using Hibernate built-in connection pool (not for production use!)
14:10:10,643  INFO DriverManagerConnectionProviderImpl:135 - HHH000115: Hibernate connection pool size: 5
14:10:10,643  INFO DriverManagerConnectionProviderImpl:138 - HHH000006: Autocommit mode: false
14:10:10,643  INFO DriverManagerConnectionProviderImpl:153 - HHH000401: using driver [org.h2.Driver] at URL [jdbc:h2:mem:db1;DB_CLOSE_DELAY=-1;MVCC=TRUE]
14:10:10,643  INFO DriverManagerConnectionProviderImpl:158 - HHH000046: Connection properties: {user=sa}
14:10:10,645  INFO Dialect:103 - HHH000400: Using dialect: org.hibernate.dialect.H2Dialect
14:10:10,645  INFO LobCreatorBuilder:94 - HHH000423: Disabling contextual LOB creation as JDBC driver reported JDBC version [3] less than 4
14:10:10,647  INFO TransactionFactoryInitiator:66 - HHH000399: Using default transaction strategy (direct JDBC transactions)
14:10:10,647  INFO ASTQueryTranslatorFactory:48 - HHH000397: Using ASTQueryTranslatorFactory
14:10:10,647  WARN CachingRegionFactory:58 - CachingRegionFactory should be only used for testing.
14:10:10,655  INFO SchemaExport:343 - HHH000227: Running hbm2ddl schema export
14:10:10,656 DEBUG SchemaExport:353 - Import file not found: /import.sql
14:10:10,656 DEBUG SQL:104 - 
    drop table Hammer if exists
14:10:10,656 DEBUG SQL:104 - 
    create table Hammer (
        id bigint not null,
        primary key (id)
    )
14:10:10,657  INFO SchemaExport:405 - HHH000230: Schema export complete
14:10:10,658  WARN SessionFactoryImpl:1554 - HHH000008: JTASessionContext being used with JDBCTransactionFactory; auto-flush will not operate correctly with getCurrentSession()
14:10:10,658  INFO CustomRunner:139 - Test: testProxiedBridgeMethod
14:10:10,659 DEBUG SQL:104 - 
    select
        max(id) 
    from
        Hammer
14:10:10,661 DEBUG SQL:104 - 
    insert 
    into
        Hammer
        (id) 
    values
        (?)
14:10:10,664  INFO SchemaExport:343 - HHH000227: Running hbm2ddl schema export
14:10:10,665 DEBUG SchemaExport:353 - Import file not found: /import.sql
14:10:10,665 DEBUG SQL:104 - 
    drop table Hammer if exists
14:10:10,666  INFO SchemaExport:405 - HHH000230: Schema export complete
14:10:10,666  INFO DriverManagerConnectionProviderImpl:162 - HHH000030: Cleaning up connection pool [jdbc:h2:mem:db1;DB_CLOSE_DELAY=-1;MVCC=TRUE]
]]></system-out>
  <system-err><![CDATA[]]></system-err>
</testsuite>
