<?xml version="1.0" encoding="UTF-8"?>
<testsuite errors="0" failures="0" hostname="dhcp-10.15.208.168.stl.redhat.com" name="org.hibernate.test.annotations.interfaces.InterfacesTest" tests="1" time="0.072" timestamp="2013-02-28T20:10:32">
  <properties />
  <testcase classname="org.hibernate.test.annotations.interfaces.InterfacesTest" name="testInterface" time="0.0" />
  <system-out><![CDATA[14:10:32,950  INFO CustomRunner:132 - BeforeClass: org.hibernate.test.annotations.interfaces.InterfacesTest
14:10:32,954  INFO DriverManagerConnectionProviderImpl:99 - HHH000402: Using Hibernate built-in connection pool (not for production use!)
14:10:32,954  INFO DriverManagerConnectionProviderImpl:135 - HHH000115: Hibernate connection pool size: 5
14:10:32,955  INFO DriverManagerConnectionProviderImpl:138 - HHH000006: Autocommit mode: false
14:10:32,955  INFO DriverManagerConnectionProviderImpl:153 - HHH000401: using driver [org.h2.Driver] at URL [jdbc:h2:mem:db1;DB_CLOSE_DELAY=-1;MVCC=TRUE]
14:10:32,955  INFO DriverManagerConnectionProviderImpl:158 - HHH000046: Connection properties: {user=sa}
14:10:32,956  INFO Dialect:103 - HHH000400: Using dialect: org.hibernate.dialect.H2Dialect
14:10:32,956  INFO LobCreatorBuilder:94 - HHH000423: Disabling contextual LOB creation as JDBC driver reported JDBC version [3] less than 4
14:10:32,957  INFO TransactionFactoryInitiator:66 - HHH000399: Using default transaction strategy (direct JDBC transactions)
14:10:32,957  INFO ASTQueryTranslatorFactory:48 - HHH000397: Using ASTQueryTranslatorFactory
14:10:32,957  WARN CachingRegionFactory:58 - CachingRegionFactory should be only used for testing.
14:10:32,966  INFO SchemaExport:343 - HHH000227: Running hbm2ddl schema export
14:10:32,967 DEBUG SchemaExport:353 - Import file not found: /import.sql
14:10:32,967 DEBUG SQL:104 - 
    alter table UserImpl_ContactImpl 
        drop constraint FKB8D90AC82AF63F3
14:10:32,978 ERROR SchemaExport:425 - HHH000389: Unsuccessful: alter table UserImpl_ContactImpl drop constraint FKB8D90AC82AF63F3
14:10:32,978 ERROR SchemaExport:426 - Table "USERIMPL_CONTACTIMPL" not found; SQL statement:

    alter table UserImpl_ContactImpl 
        drop constraint FKB8D90AC82AF63F3 [42102-145]
14:10:32,978 DEBUG SQL:104 - 
    alter table UserImpl_ContactImpl 
        drop constraint FKB8D90AC10B0D86E
14:10:32,978 ERROR SchemaExport:425 - HHH000389: Unsuccessful: alter table UserImpl_ContactImpl drop constraint FKB8D90AC10B0D86E
14:10:32,978 ERROR SchemaExport:426 - Table "USERIMPL_CONTACTIMPL" not found; SQL statement:

    alter table UserImpl_ContactImpl 
        drop constraint FKB8D90AC10B0D86E [42102-145]
14:10:32,979 DEBUG SQL:104 - 
    drop table ContactImpl if exists
14:10:32,991 DEBUG SQL:104 - 
    drop table UserImpl if exists
14:10:32,991 DEBUG SQL:104 - 
    drop table UserImpl_ContactImpl if exists
14:10:32,991 DEBUG SQL:104 - 
    drop sequence hibernate_sequence
14:10:32,991 ERROR SchemaExport:425 - HHH000389: Unsuccessful: drop sequence hibernate_sequence
14:10:32,992 ERROR SchemaExport:426 - Sequence "HIBERNATE_SEQUENCE" not found; SQL statement:

    drop sequence hibernate_sequence [90036-145]
14:10:32,992 DEBUG SQL:104 - 
    create table ContactImpl (
        id integer not null,
        name varchar(255),
        primary key (id)
    )
14:10:32,992 DEBUG SQL:104 - 
    create table UserImpl (
        id integer not null,
        primary key (id)
    )
14:10:32,993 DEBUG SQL:104 - 
    create table UserImpl_ContactImpl (
        UserImpl_id integer not null,
        contacts_id integer not null
    )
14:10:32,993 DEBUG SQL:104 - 
    alter table UserImpl_ContactImpl 
        add constraint UK_B8D90AC27DCC87 unique (contacts_id)
14:10:32,993 DEBUG SQL:104 - 
    alter table UserImpl_ContactImpl 
        add constraint FKB8D90AC82AF63F3 
        foreign key (contacts_id) 
        references ContactImpl
14:10:33,004 DEBUG SQL:104 - 
    alter table UserImpl_ContactImpl 
        add constraint FKB8D90AC10B0D86E 
        foreign key (UserImpl_id) 
        references UserImpl
14:10:33,005 DEBUG SQL:104 - 
    create sequence hibernate_sequence start with 1 increment by 1
14:10:33,006  INFO SchemaExport:405 - HHH000230: Schema export complete
14:10:33,006  WARN SessionFactoryImpl:1554 - HHH000008: JTASessionContext being used with JDBCTransactionFactory; auto-flush will not operate correctly with getCurrentSession()
14:10:33,006  INFO CustomRunner:139 - Test: testInterface
14:10:33,007  INFO SchemaExport:343 - HHH000227: Running hbm2ddl schema export
14:10:33,008 DEBUG SchemaExport:353 - Import file not found: /import.sql
14:10:33,008 DEBUG SQL:104 - 
    alter table UserImpl_ContactImpl 
        drop constraint FKB8D90AC82AF63F3
14:10:33,008 DEBUG SQL:104 - 
    alter table UserImpl_ContactImpl 
        drop constraint FKB8D90AC10B0D86E
14:10:33,008 DEBUG SQL:104 - 
    drop table ContactImpl if exists
14:10:33,009 DEBUG SQL:104 - 
    drop table UserImpl if exists
14:10:33,009 DEBUG SQL:104 - 
    drop table UserImpl_ContactImpl if exists
14:10:33,020 DEBUG SQL:104 - 
    drop sequence hibernate_sequence
14:10:33,021  INFO SchemaExport:405 - HHH000230: Schema export complete
14:10:33,021  INFO DriverManagerConnectionProviderImpl:162 - HHH000030: Cleaning up connection pool [jdbc:h2:mem:db1;DB_CLOSE_DELAY=-1;MVCC=TRUE]
]]></system-out>
  <system-err><![CDATA[]]></system-err>
</testsuite>
