<?xml version="1.0" encoding="UTF-8"?>
<testsuite errors="0" failures="0" hostname="dhcp-10.15.208.168.stl.redhat.com" name="org.hibernate.test.tm.CMTTest" tests="7" time="1.124" timestamp="2013-02-28T20:19:23">
  <properties />
  <testcase classname="org.hibernate.test.tm.CMTTest" name="testCMT" time="0.01" />
  <testcase classname="org.hibernate.test.tm.CMTTest" name="testConcurrent" time="0.012" />
  <ignored-testcase classname="org.hibernate.test.tm.CMTTest" name="testConcurrentCachedDirtyQueries" time="0.0" />
  <testcase classname="org.hibernate.test.tm.CMTTest" name="testConcurrentCachedQueries" time="1.015" />
  <testcase classname="org.hibernate.test.tm.CMTTest" name="testCurrentSession" time="0.001" />
  <testcase classname="org.hibernate.test.tm.CMTTest" name="testCurrentSessionWithIterate" time="0.01" />
  <testcase classname="org.hibernate.test.tm.CMTTest" name="testCurrentSessionWithScroll" time="0.013" />
  <system-out><![CDATA[14:19:23,581  INFO CustomRunner:132 - BeforeClass: org.hibernate.test.tm.CMTTest
14:19:23,583  INFO Configuration:706 - HHH000221: Reading mappings from resource: org/hibernate/test/tm/Item.hbm.xml
14:19:23,629  INFO ConnectionProviderInitiator:188 - HHH000130: Instantiating explicit connection provider: org.hibernate.testing.jta.JtaAwareConnectionProviderImpl
14:19:23,630  INFO DriverManagerConnectionProviderImpl:99 - HHH000402: Using Hibernate built-in connection pool (not for production use!)
14:19:23,630  INFO DriverManagerConnectionProviderImpl:135 - HHH000115: Hibernate connection pool size: 20
14:19:23,630  INFO DriverManagerConnectionProviderImpl:138 - HHH000006: Autocommit mode: false
14:19:23,630  INFO DriverManagerConnectionProviderImpl:153 - HHH000401: using driver [org.h2.Driver] at URL [jdbc:h2:mem:db1;DB_CLOSE_DELAY=-1;MVCC=TRUE]
14:19:23,630  INFO DriverManagerConnectionProviderImpl:158 - HHH000046: Connection properties: {user=sa, autocommit=false, release_mode=AFTER_STATEMENT}
14:19:23,632  INFO Dialect:103 - HHH000400: Using dialect: org.hibernate.dialect.H2Dialect
14:19:23,632  INFO LobCreatorBuilder:94 - HHH000423: Disabling contextual LOB creation as JDBC driver reported JDBC version [3] less than 4
14:19:23,632  INFO ASTQueryTranslatorFactory:48 - HHH000397: Using ASTQueryTranslatorFactory
14:19:23,632  WARN CachingRegionFactory:58 - CachingRegionFactory should be only used for testing.
14:19:23,633  INFO UpdateTimestampsCache:61 - HHH000250: Starting update timestamps cache at region: org.hibernate.cache.spi.UpdateTimestampsCache
14:19:23,633  INFO StandardQueryCache:86 - HHH000248: Starting query cache at region: org.hibernate.cache.internal.StandardQueryCache
14:19:23,636  INFO SchemaExport:343 - HHH000227: Running hbm2ddl schema export
14:19:23,636 DEBUG SchemaExport:353 - Import file not found: /import.sql
14:19:23,637 DEBUG SQL:104 - 
    drop table Item if exists
14:19:23,637 DEBUG SQL:104 - 
    create table Item (
        name varchar(255) not null,
        description varchar(255),
        primary key (name)
    )
14:19:23,637  INFO SchemaExport:405 - HHH000230: Schema export complete
14:19:23,638  INFO CustomRunner:139 - Test: testCMT
14:19:23,639 DEBUG BaseGeneralDataRegion:46 - Cache[Item] lookup : key[Item#The Item]
14:19:23,639 DEBUG SQL:104 - 
    insert 
    into
        Item
        (description, name) 
    values
        (?, ?)
14:19:23,640 DEBUG BaseRegionAccessStrategy:66 - Caching: Item#The Item
14:19:23,640 DEBUG BaseGeneralDataRegion:59 - Caching[Item] : [Item#The Item] -> [CacheEntry(Item)[The only item we have]]
14:19:23,640 DEBUG BaseGeneralDataRegion:59 - Caching[org.hibernate.cache.spi.UpdateTimestampsCache] : [Item] -> [5579091245629440]
14:19:23,640 DEBUG BaseGeneralDataRegion:59 - Caching[org.hibernate.cache.spi.UpdateTimestampsCache] : [Item] -> [5579090999869441]
14:19:23,641 DEBUG QueryTranslatorImpl:265 - parse() - HQL: from Item
14:19:23,641 DEBUG QueryTranslatorImpl:283 - --- HQL AST ---
 \-[QUERY] Node: 'query'
    \-[SELECT_FROM] Node: 'SELECT_FROM'
       \-[FROM] Node: 'from'
          \-[RANGE] Node: 'RANGE'
             \-[IDENT] Node: 'Item'

14:19:23,641 DEBUG ErrorCounter:82 - throwQueryException() : no errors
14:19:23,642 DEBUG FromElement:157 - FromClause{level=1} : Item (<no alias>) -> item0_
14:19:23,642 DEBUG HqlSqlWalker:629 - processQuery() :  ( SELECT ( FromClause{level=1} Item item0_ ) )
14:19:23,642 DEBUG HqlSqlWalker:869 - Derived SELECT clause created.
14:19:23,642 DEBUG JoinProcessor:175 - Using FROM fragment [Item item0_]
14:19:23,642 DEBUG QueryTranslatorImpl:252 - --- SQL AST ---
 \-[SELECT] QueryNode: 'SELECT'  querySpaces (Item)
    +-[SELECT_CLAUSE] SelectClause: '{derived select clause}'
    |  +-[SELECT_EXPR] SelectExpressionImpl: 'item0_.name as name0_' {FromElement{explicit,not a collection join,not a fetch join,fetch non-lazy properties,classAlias=null,role=null,tableName=Item,tableAlias=item0_,origin=null,columns={,className=Item}}}
    |  \-[SQL_TOKEN] SqlFragment: 'item0_.description as descript2_0_'
    \-[FROM] FromClause: 'from' FromClause{level=1, fromElementCounter=1, fromElements=1, fromElementByClassAlias=[], fromElementByTableAlias=[item0_], fromElementsByPath=[], collectionJoinFromElementsByPath=[], impliedElements=[]}
       \-[FROM_FRAGMENT] FromElement: 'Item item0_' FromElement{explicit,not a collection join,not a fetch join,fetch non-lazy properties,classAlias=null,role=null,tableName=Item,tableAlias=item0_,origin=null,columns={,className=Item}}

14:19:23,642 DEBUG ErrorCounter:82 - throwQueryException() : no errors
14:19:23,642 DEBUG QueryTranslatorImpl:235 - HQL: from Item
14:19:23,642 DEBUG QueryTranslatorImpl:236 - SQL: select item0_.name as name0_, item0_.description as descript2_0_ from Item item0_
14:19:23,643 DEBUG ErrorCounter:82 - throwQueryException() : no errors
14:19:23,643 DEBUG SQL:104 - 
    select
        item0_.name as name0_,
        item0_.description as descript2_0_ 
    from
        Item item0_
14:19:23,644 DEBUG BaseRegionAccessStrategy:66 - Caching: Item#The Item
14:19:23,644 DEBUG BaseGeneralDataRegion:59 - Caching[Item] : [Item#The Item] -> [CacheEntry(Item)[The only item we have]]
14:19:23,644 DEBUG SQL:104 - 
    delete 
    from
        Item 
    where
        name=?
14:19:23,644 DEBUG BaseGeneralDataRegion:69 - Evicting[Item]: Item#The Item
14:19:23,645 DEBUG BaseGeneralDataRegion:59 - Caching[org.hibernate.cache.spi.UpdateTimestampsCache] : [Item] -> [5579091245649920]
14:19:23,645 DEBUG BaseGeneralDataRegion:59 - Caching[org.hibernate.cache.spi.UpdateTimestampsCache] : [Item] -> [5579090999889921]
14:19:23,646 DEBUG QueryTranslatorImpl:265 - parse() - HQL: delete from Item
14:19:23,646 DEBUG QueryTranslatorImpl:283 - --- HQL AST ---
 \-[DELETE] Node: 'delete'
    \-[FROM] Node: 'FROM'
       \-[RANGE] Node: 'RANGE'
          \-[IDENT] Node: 'Item'

14:19:23,646 DEBUG ErrorCounter:82 - throwQueryException() : no errors
14:19:23,646 DEBUG FromElement:157 - FromClause{level=1} : Item (<no alias>) -> item0_
14:19:23,646 DEBUG QueryTranslatorImpl:252 - --- SQL AST ---
 \-[DELETE] DeleteStatement: 'delete'  querySpaces (Item)
    \-[FROM] FromClause: 'FROM' FromClause{level=1, fromElementCounter=1, fromElements=1, fromElementByClassAlias=[], fromElementByTableAlias=[item0_], fromElementsByPath=[], collectionJoinFromElementsByPath=[], impliedElements=[]}
       \-[FROM_FRAGMENT] FromElement: 'Item' FromElement{explicit,not a collection join,not a fetch join,fetch non-lazy properties,classAlias=null,role=null,tableName=Item,tableAlias=item0_,origin=null,columns={,className=Item}}

14:19:23,646 DEBUG ErrorCounter:82 - throwQueryException() : no errors
14:19:23,647 DEBUG ErrorCounter:82 - throwQueryException() : no errors
14:19:23,647 DEBUG BaseGeneralDataRegion:79 - evict cache[Item]
14:19:23,647 DEBUG BaseGeneralDataRegion:59 - Caching[org.hibernate.cache.spi.UpdateTimestampsCache] : [Item] -> [5579091245658112]
14:19:23,647 DEBUG SQL:104 - 
    delete 
    from
        Item
14:19:23,647 DEBUG BaseGeneralDataRegion:79 - evict cache[Item]
14:19:23,648 DEBUG BaseGeneralDataRegion:59 - Caching[org.hibernate.cache.spi.UpdateTimestampsCache] : [Item] -> [5579090999902208]
14:19:23,648  INFO CustomRunner:139 - Test: testConcurrent
14:19:23,649 DEBUG BaseGeneralDataRegion:46 - Cache[Item] lookup : key[Item#Foo]
14:19:23,649 DEBUG BaseGeneralDataRegion:46 - Cache[Item] lookup : key[Item#Bar]
14:19:23,650 DEBUG SQL:104 - 
    insert 
    into
        Item
        (description, name) 
    values
        (?, ?)
14:19:23,650 DEBUG BaseRegionAccessStrategy:66 - Caching: Item#Foo
14:19:23,650 DEBUG BaseGeneralDataRegion:59 - Caching[Item] : [Item#Foo] -> [CacheEntry(Item)[a big foo]]
14:19:23,650 DEBUG BaseGeneralDataRegion:59 - Caching[org.hibernate.cache.spi.UpdateTimestampsCache] : [Item] -> [5579091245670400]
14:19:23,651 DEBUG SQL:104 - 
    insert 
    into
        Item
        (description, name) 
    values
        (?, ?)
14:19:23,651 DEBUG BaseRegionAccessStrategy:66 - Caching: Item#Bar
14:19:23,651 DEBUG BaseGeneralDataRegion:59 - Caching[Item] : [Item#Bar] -> [CacheEntry(Item)[a small bar]]
14:19:23,651 DEBUG BaseGeneralDataRegion:59 - Caching[org.hibernate.cache.spi.UpdateTimestampsCache] : [Item] -> [5579091245674496]
14:19:23,651 DEBUG BaseGeneralDataRegion:59 - Caching[org.hibernate.cache.spi.UpdateTimestampsCache] : [Item] -> [5579090999914497]
14:19:23,651 DEBUG BaseGeneralDataRegion:79 - evict cache[Item]
14:19:23,652 DEBUG BaseGeneralDataRegion:46 - Cache[Item] lookup : key[Item#Foo]
14:19:23,652 DEBUG SQL:104 - 
    select
        item0_.name as name0_0_,
        item0_.description as descript2_0_0_ 
    from
        Item item0_ 
    where
        item0_.name=?
14:19:23,652 DEBUG BaseRegionAccessStrategy:66 - Caching: Item#Foo
14:19:23,652 DEBUG BaseGeneralDataRegion:59 - Caching[Item] : [Item#Foo] -> [CacheEntry(Item)[a big foo]]
14:19:23,653 DEBUG BaseGeneralDataRegion:46 - Cache[Item] lookup : key[Item#Foo]
14:19:23,653 DEBUG BaseGeneralDataRegion:52 - Cache[Item] hit: Item#Foo
14:19:23,653 DEBUG BaseGeneralDataRegion:79 - evict cache[Item]
14:19:23,654 DEBUG SQL:104 - 
    select
        this_.name as name0_0_,
        this_.description as descript2_0_0_ 
    from
        Item this_
14:19:23,654 DEBUG BaseRegionAccessStrategy:66 - Caching: Item#Foo
14:19:23,654 DEBUG BaseGeneralDataRegion:59 - Caching[Item] : [Item#Foo] -> [CacheEntry(Item)[a big foo]]
14:19:23,655 DEBUG BaseRegionAccessStrategy:66 - Caching: Item#Bar
14:19:23,655 DEBUG BaseGeneralDataRegion:59 - Caching[Item] : [Item#Bar] -> [CacheEntry(Item)[a small bar]]
14:19:23,655 DEBUG SQL:104 - 
    select
        this_.name as name0_0_,
        this_.description as descript2_0_0_ 
    from
        Item this_
14:19:23,656 DEBUG BaseRegionAccessStrategy:66 - Caching: Item#Foo
14:19:23,656 DEBUG BaseGeneralDataRegion:59 - Caching[Item] : [Item#Foo] -> [CacheEntry(Item)[a big foo]]
14:19:23,656 DEBUG BaseRegionAccessStrategy:66 - Caching: Item#Bar
14:19:23,656 DEBUG BaseGeneralDataRegion:59 - Caching[Item] : [Item#Bar] -> [CacheEntry(Item)[a small bar]]
14:19:23,657 DEBUG SQL:104 - 
    select
        this_.name as name0_0_,
        this_.description as descript2_0_0_ 
    from
        Item this_
14:19:23,657 DEBUG BaseRegionAccessStrategy:66 - Caching: Item#Foo
14:19:23,657 DEBUG BaseGeneralDataRegion:59 - Caching[Item] : [Item#Foo] -> [CacheEntry(Item)[a big foo]]
14:19:23,658 DEBUG BaseRegionAccessStrategy:66 - Caching: Item#Bar
14:19:23,658 DEBUG BaseGeneralDataRegion:59 - Caching[Item] : [Item#Bar] -> [CacheEntry(Item)[a small bar]]
14:19:23,658 DEBUG BaseGeneralDataRegion:79 - evict cache[Item]
14:19:23,658 DEBUG BaseGeneralDataRegion:59 - Caching[org.hibernate.cache.spi.UpdateTimestampsCache] : [Item] -> [5579091245703170]
14:19:23,658 DEBUG SQL:104 - 
    delete 
    from
        Item
14:19:23,659 DEBUG BaseGeneralDataRegion:79 - evict cache[Item]
14:19:23,659 DEBUG BaseGeneralDataRegion:59 - Caching[org.hibernate.cache.spi.UpdateTimestampsCache] : [Item] -> [5579090999947264]
14:19:23,660  INFO CustomRunner:139 - Test: testConcurrentCachedQueries
14:19:23,661 DEBUG BaseGeneralDataRegion:79 - evict cache[org.hibernate.cache.internal.StandardQueryCache]
14:19:23,661 DEBUG BaseGeneralDataRegion:79 - evict cache[Item]
14:19:23,661 DEBUG BaseGeneralDataRegion:46 - Cache[Item] lookup : key[Item#Foo]
14:19:23,662 DEBUG BaseGeneralDataRegion:46 - Cache[Item] lookup : key[Item#Bar]
14:19:23,662 DEBUG SQL:104 - 
    insert 
    into
        Item
        (description, name) 
    values
        (?, ?)
14:19:23,662 DEBUG BaseRegionAccessStrategy:66 - Caching: Item#Foo
14:19:23,663 DEBUG BaseGeneralDataRegion:59 - Caching[Item] : [Item#Foo] -> [CacheEntry(Item)[a big foo]]
14:19:23,663 DEBUG BaseGeneralDataRegion:59 - Caching[org.hibernate.cache.spi.UpdateTimestampsCache] : [Item] -> [5579091245723648]
14:19:23,663 DEBUG SQL:104 - 
    insert 
    into
        Item
        (description, name) 
    values
        (?, ?)
14:19:23,663 DEBUG BaseRegionAccessStrategy:66 - Caching: Item#Bar
14:19:23,663 DEBUG BaseGeneralDataRegion:59 - Caching[Item] : [Item#Bar] -> [CacheEntry(Item)[a small bar]]
14:19:23,663 DEBUG BaseGeneralDataRegion:59 - Caching[org.hibernate.cache.spi.UpdateTimestampsCache] : [Item] -> [5579091245723649]
14:19:23,663 DEBUG BaseGeneralDataRegion:59 - Caching[org.hibernate.cache.spi.UpdateTimestampsCache] : [Item] -> [5579090999963650]
14:19:24,665 DEBUG BaseGeneralDataRegion:79 - evict cache[Item]
14:19:24,666 DEBUG BaseGeneralDataRegion:46 - Cache[org.hibernate.cache.internal.StandardQueryCache] lookup : key[sql: select this_.name as name0_0_, this_.description as descript2_0_0_ from Item this_ order by this_.description asc; parameters: ; transformer: org.hibernate.transform.CacheableResultTransformer@110f2]
14:19:24,666 DEBUG SQL:104 - 
    select
        this_.name as name0_0_,
        this_.description as descript2_0_0_ 
    from
        Item this_ 
    order by
        this_.description asc
14:19:24,667 DEBUG BaseRegionAccessStrategy:66 - Caching: Item#Foo
14:19:24,667 DEBUG BaseGeneralDataRegion:59 - Caching[Item] : [Item#Foo] -> [CacheEntry(Item)[a big foo]]
14:19:24,667 DEBUG BaseRegionAccessStrategy:66 - Caching: Item#Bar
14:19:24,667 DEBUG BaseGeneralDataRegion:59 - Caching[Item] : [Item#Bar] -> [CacheEntry(Item)[a small bar]]
14:19:24,668 DEBUG BaseGeneralDataRegion:59 - Caching[org.hibernate.cache.internal.StandardQueryCache] : [sql: select this_.name as name0_0_, this_.description as descript2_0_0_ from Item this_ order by this_.description asc; parameters: ; transformer: org.hibernate.transform.CacheableResultTransformer@110f2] -> [[5579091004080128, Foo, Bar]]
14:19:24,669 DEBUG BaseGeneralDataRegion:46 - Cache[org.hibernate.cache.internal.StandardQueryCache] lookup : key[sql: select this_.name as name0_0_, this_.description as descript2_0_0_ from Item this_ order by this_.description asc; parameters: ; transformer: org.hibernate.transform.CacheableResultTransformer@110f2]
14:19:24,669 DEBUG BaseGeneralDataRegion:52 - Cache[org.hibernate.cache.internal.StandardQueryCache] hit: sql: select this_.name as name0_0_, this_.description as descript2_0_0_ from Item this_ order by this_.description asc; parameters: ; transformer: org.hibernate.transform.CacheableResultTransformer@110f2
14:19:24,669 DEBUG BaseGeneralDataRegion:46 - Cache[org.hibernate.cache.spi.UpdateTimestampsCache] lookup : key[Item]
14:19:24,669 DEBUG BaseGeneralDataRegion:52 - Cache[org.hibernate.cache.spi.UpdateTimestampsCache] hit: Item
14:19:24,669 DEBUG BaseGeneralDataRegion:46 - Cache[Item] lookup : key[Item#Foo]
14:19:24,669 DEBUG BaseGeneralDataRegion:52 - Cache[Item] hit: Item#Foo
14:19:24,669 DEBUG BaseGeneralDataRegion:46 - Cache[Item] lookup : key[Item#Bar]
14:19:24,670 DEBUG BaseGeneralDataRegion:52 - Cache[Item] hit: Item#Bar
14:19:24,671 DEBUG BaseGeneralDataRegion:46 - Cache[org.hibernate.cache.internal.StandardQueryCache] lookup : key[sql: select this_.name as name0_0_, this_.description as descript2_0_0_ from Item this_ order by this_.description asc; parameters: ; transformer: org.hibernate.transform.CacheableResultTransformer@110f2]
14:19:24,671 DEBUG BaseGeneralDataRegion:52 - Cache[org.hibernate.cache.internal.StandardQueryCache] hit: sql: select this_.name as name0_0_, this_.description as descript2_0_0_ from Item this_ order by this_.description asc; parameters: ; transformer: org.hibernate.transform.CacheableResultTransformer@110f2
14:19:24,671 DEBUG BaseGeneralDataRegion:46 - Cache[org.hibernate.cache.spi.UpdateTimestampsCache] lookup : key[Item]
14:19:24,671 DEBUG BaseGeneralDataRegion:52 - Cache[org.hibernate.cache.spi.UpdateTimestampsCache] hit: Item
14:19:24,671 DEBUG BaseGeneralDataRegion:46 - Cache[Item] lookup : key[Item#Foo]
14:19:24,671 DEBUG BaseGeneralDataRegion:52 - Cache[Item] hit: Item#Foo
14:19:24,671 DEBUG BaseGeneralDataRegion:46 - Cache[Item] lookup : key[Item#Bar]
14:19:24,672 DEBUG BaseGeneralDataRegion:52 - Cache[Item] hit: Item#Bar
14:19:24,672 DEBUG BaseGeneralDataRegion:46 - Cache[org.hibernate.cache.internal.StandardQueryCache] lookup : key[sql: select this_.name as name0_0_, this_.description as descript2_0_0_ from Item this_ order by this_.description asc; parameters: ; transformer: org.hibernate.transform.CacheableResultTransformer@110f2]
14:19:24,672 DEBUG BaseGeneralDataRegion:52 - Cache[org.hibernate.cache.internal.StandardQueryCache] hit: sql: select this_.name as name0_0_, this_.description as descript2_0_0_ from Item this_ order by this_.description asc; parameters: ; transformer: org.hibernate.transform.CacheableResultTransformer@110f2
14:19:24,672 DEBUG BaseGeneralDataRegion:46 - Cache[org.hibernate.cache.spi.UpdateTimestampsCache] lookup : key[Item]
14:19:24,673 DEBUG BaseGeneralDataRegion:52 - Cache[org.hibernate.cache.spi.UpdateTimestampsCache] hit: Item
14:19:24,673 DEBUG BaseGeneralDataRegion:46 - Cache[Item] lookup : key[Item#Foo]
14:19:24,673 DEBUG BaseGeneralDataRegion:52 - Cache[Item] hit: Item#Foo
14:19:24,673 DEBUG BaseGeneralDataRegion:46 - Cache[Item] lookup : key[Item#Bar]
14:19:24,673 DEBUG BaseGeneralDataRegion:52 - Cache[Item] hit: Item#Bar
14:19:24,674 DEBUG BaseGeneralDataRegion:79 - evict cache[Item]
14:19:24,674 DEBUG BaseGeneralDataRegion:59 - Caching[org.hibernate.cache.spi.UpdateTimestampsCache] : [Item] -> [5579091249864704]
14:19:24,674 DEBUG SQL:104 - 
    delete 
    from
        Item
14:19:24,675 DEBUG BaseGeneralDataRegion:79 - evict cache[Item]
14:19:24,675 DEBUG BaseGeneralDataRegion:59 - Caching[org.hibernate.cache.spi.UpdateTimestampsCache] : [Item] -> [5579091004108800]
14:19:24,676  INFO CustomRunner:139 - Test: testCurrentSession
14:19:24,677  INFO CustomRunner:139 - Test: testCurrentSessionWithIterate
14:19:24,677 DEBUG BaseGeneralDataRegion:46 - Cache[Item] lookup : key[Item#Item - 1]
14:19:24,678 DEBUG BaseGeneralDataRegion:46 - Cache[Item] lookup : key[Item#Item - 2]
14:19:24,678 DEBUG SQL:104 - 
    insert 
    into
        Item
        (description, name) 
    values
        (?, ?)
14:19:24,679 DEBUG BaseRegionAccessStrategy:66 - Caching: Item#Item - 1
14:19:24,680 DEBUG BaseGeneralDataRegion:59 - Caching[Item] : [Item#Item - 1] -> [CacheEntry(Item)[The first item]]
14:19:24,680 DEBUG BaseGeneralDataRegion:59 - Caching[org.hibernate.cache.spi.UpdateTimestampsCache] : [Item] -> [5579091249889280]
14:19:24,680 DEBUG SQL:104 - 
    insert 
    into
        Item
        (description, name) 
    values
        (?, ?)
14:19:24,680 DEBUG BaseRegionAccessStrategy:66 - Caching: Item#Item - 2
14:19:24,680 DEBUG BaseGeneralDataRegion:59 - Caching[Item] : [Item#Item - 2] -> [CacheEntry(Item)[The second item]]
14:19:24,680 DEBUG BaseGeneralDataRegion:59 - Caching[org.hibernate.cache.spi.UpdateTimestampsCache] : [Item] -> [5579091249889281]
14:19:24,680 DEBUG BaseGeneralDataRegion:59 - Caching[org.hibernate.cache.spi.UpdateTimestampsCache] : [Item] -> [5579091004129282]
14:19:24,681 DEBUG QueryTranslatorImpl:265 - parse() - HQL: from Item
14:19:24,681 DEBUG QueryTranslatorImpl:283 - --- HQL AST ---
 \-[QUERY] Node: 'query'
    \-[SELECT_FROM] Node: 'SELECT_FROM'
       \-[FROM] Node: 'from'
          \-[RANGE] Node: 'RANGE'
             \-[IDENT] Node: 'Item'

14:19:24,682 DEBUG ErrorCounter:82 - throwQueryException() : no errors
14:19:24,682 DEBUG FromElement:157 - FromClause{level=1} : Item (<no alias>) -> item0_
14:19:24,682 DEBUG HqlSqlWalker:629 - processQuery() :  ( SELECT ( FromClause{level=1} Item item0_ ) )
14:19:24,682 DEBUG HqlSqlWalker:869 - Derived SELECT clause created.
14:19:24,682 DEBUG JoinProcessor:175 - Using FROM fragment [Item item0_]
14:19:24,682 DEBUG QueryTranslatorImpl:252 - --- SQL AST ---
 \-[SELECT] QueryNode: 'SELECT'  querySpaces (Item)
    +-[SELECT_CLAUSE] SelectClause: '{derived select clause}'
    |  \-[SELECT_EXPR] SelectExpressionImpl: 'item0_.name as col_0_0_' {FromElement{explicit,not a collection join,not a fetch join,fetch non-lazy properties,classAlias=null,role=null,tableName=Item,tableAlias=item0_,origin=null,columns={,className=Item}}}
    \-[FROM] FromClause: 'from' FromClause{level=1, fromElementCounter=1, fromElements=1, fromElementByClassAlias=[], fromElementByTableAlias=[item0_], fromElementsByPath=[], collectionJoinFromElementsByPath=[], impliedElements=[]}
       \-[FROM_FRAGMENT] FromElement: 'Item item0_' FromElement{explicit,not a collection join,not a fetch join,fetch non-lazy properties,classAlias=null,role=null,tableName=Item,tableAlias=item0_,origin=null,columns={,className=Item}}

14:19:24,682 DEBUG ErrorCounter:82 - throwQueryException() : no errors
14:19:24,683 DEBUG QueryTranslatorImpl:235 - HQL: from Item
14:19:24,683 DEBUG QueryTranslatorImpl:236 - SQL: select item0_.name as col_0_0_ from Item item0_
14:19:24,683 DEBUG ErrorCounter:82 - throwQueryException() : no errors
14:19:24,683 DEBUG SQL:104 - 
    select
        item0_.name as col_0_0_ 
    from
        Item item0_
14:19:24,683  INFO JdbcCoordinatorImpl:269 - HHH000106: Forcing container resource cleanup on transaction completion
14:19:24,684 DEBUG SQL:104 - 
    select
        item0_.name as col_0_0_ 
    from
        Item item0_
14:19:24,685 DEBUG BaseGeneralDataRegion:79 - evict cache[Item]
14:19:24,685 DEBUG BaseGeneralDataRegion:59 - Caching[org.hibernate.cache.spi.UpdateTimestampsCache] : [Item] -> [5579091249909761]
14:19:24,685 DEBUG SQL:104 - 
    delete 
    from
        Item
14:19:24,685 DEBUG BaseGeneralDataRegion:79 - evict cache[Item]
14:19:24,685 DEBUG BaseGeneralDataRegion:59 - Caching[org.hibernate.cache.spi.UpdateTimestampsCache] : [Item] -> [5579091004149762]
14:19:24,687  INFO CustomRunner:139 - Test: testCurrentSessionWithScroll
14:19:24,691 DEBUG BaseGeneralDataRegion:46 - Cache[Item] lookup : key[Item#Item - 1]
14:19:24,691 DEBUG BaseGeneralDataRegion:46 - Cache[Item] lookup : key[Item#Item - 2]
14:19:24,691 DEBUG SQL:104 - 
    insert 
    into
        Item
        (description, name) 
    values
        (?, ?)
14:19:24,692 DEBUG BaseRegionAccessStrategy:66 - Caching: Item#Item - 1
14:19:24,692 DEBUG BaseGeneralDataRegion:59 - Caching[Item] : [Item#Item - 1] -> [CacheEntry(Item)[The first item]]
14:19:24,692 DEBUG BaseGeneralDataRegion:59 - Caching[org.hibernate.cache.spi.UpdateTimestampsCache] : [Item] -> [5579091249938432]
14:19:24,692 DEBUG SQL:104 - 
    insert 
    into
        Item
        (description, name) 
    values
        (?, ?)
14:19:24,693 DEBUG BaseRegionAccessStrategy:66 - Caching: Item#Item - 2
14:19:24,693 DEBUG BaseGeneralDataRegion:59 - Caching[Item] : [Item#Item - 2] -> [CacheEntry(Item)[The second item]]
14:19:24,693 DEBUG BaseGeneralDataRegion:59 - Caching[org.hibernate.cache.spi.UpdateTimestampsCache] : [Item] -> [5579091249942528]
14:19:24,693 DEBUG BaseGeneralDataRegion:59 - Caching[org.hibernate.cache.spi.UpdateTimestampsCache] : [Item] -> [5579091004182529]
14:19:24,694 DEBUG SQL:104 - 
    select
        item0_.name as name0_,
        item0_.description as descript2_0_ 
    from
        Item item0_
14:19:24,695 DEBUG BaseRegionAccessStrategy:66 - Caching: Item#Item - 2
14:19:24,695 DEBUG BaseGeneralDataRegion:59 - Caching[Item] : [Item#Item - 2] -> [CacheEntry(Item)[The second item]]
14:19:24,695  INFO JdbcCoordinatorImpl:269 - HHH000106: Forcing container resource cleanup on transaction completion
14:19:24,695 DEBUG SQL:104 - 
    select
        item0_.name as name0_,
        item0_.description as descript2_0_ 
    from
        Item item0_
14:19:24,696 DEBUG BaseRegionAccessStrategy:66 - Caching: Item#Item - 2
14:19:24,696 DEBUG BaseGeneralDataRegion:59 - Caching[Item] : [Item#Item - 2] -> [CacheEntry(Item)[The second item]]
14:19:24,696 DEBUG SQL:104 - 
    select
        item0_.name as name0_,
        item0_.description as descript2_0_ 
    from
        Item item0_
14:19:24,697 DEBUG BaseRegionAccessStrategy:66 - Caching: Item#Item - 2
14:19:24,697 DEBUG BaseGeneralDataRegion:59 - Caching[Item] : [Item#Item - 2] -> [CacheEntry(Item)[The second item]]
14:19:24,697 DEBUG BaseRegionAccessStrategy:66 - Caching: Item#Item - 1
14:19:24,697 DEBUG BaseGeneralDataRegion:59 - Caching[Item] : [Item#Item - 1] -> [CacheEntry(Item)[The first item]]
14:19:24,697  INFO JdbcCoordinatorImpl:269 - HHH000106: Forcing container resource cleanup on transaction completion
14:19:24,697 DEBUG SQL:104 - 
    select
        item0_.name as name0_,
        item0_.description as descript2_0_ 
    from
        Item item0_
14:19:24,698 DEBUG BaseRegionAccessStrategy:66 - Caching: Item#Item - 2
14:19:24,698 DEBUG BaseGeneralDataRegion:59 - Caching[Item] : [Item#Item - 2] -> [CacheEntry(Item)[The second item]]
14:19:24,698 DEBUG BaseRegionAccessStrategy:66 - Caching: Item#Item - 1
14:19:24,698 DEBUG BaseGeneralDataRegion:59 - Caching[Item] : [Item#Item - 1] -> [CacheEntry(Item)[The first item]]
14:19:24,699 DEBUG BaseGeneralDataRegion:79 - evict cache[Item]
14:19:24,699 DEBUG BaseGeneralDataRegion:59 - Caching[org.hibernate.cache.spi.UpdateTimestampsCache] : [Item] -> [5579091249967104]
14:19:24,699 DEBUG SQL:104 - 
    delete 
    from
        Item
14:19:24,699 DEBUG BaseGeneralDataRegion:79 - evict cache[Item]
14:19:24,699 DEBUG BaseGeneralDataRegion:59 - Caching[org.hibernate.cache.spi.UpdateTimestampsCache] : [Item] -> [5579091004207105]
14:19:24,700  INFO SchemaExport:343 - HHH000227: Running hbm2ddl schema export
14:19:24,700 DEBUG SchemaExport:353 - Import file not found: /import.sql
14:19:24,701 DEBUG SQL:104 - 
    drop table Item if exists
14:19:24,701  INFO SchemaExport:405 - HHH000230: Schema export complete
14:19:24,701  INFO DriverManagerConnectionProviderImpl:162 - HHH000030: Cleaning up connection pool [jdbc:h2:mem:db1;DB_CLOSE_DELAY=-1;MVCC=TRUE]
]]></system-out>
  <system-err><![CDATA[]]></system-err>
</testsuite>
