<?xml version="1.0" encoding="UTF-8"?>
<testsuite errors="0" failures="0" hostname="dhcp-10.15.208.168.stl.redhat.com" name="org.hibernate.test.ops.GetLoadTest" tests="2" time="0.098" timestamp="2013-02-28T20:17:40">
  <properties />
  <testcase classname="org.hibernate.test.ops.GetLoadTest" name="testGetAfterDelete" time="0.009" />
  <testcase classname="org.hibernate.test.ops.GetLoadTest" name="testGetLoad" time="0.025" />
  <system-out><![CDATA[14:17:40,228  INFO CustomRunner:132 - BeforeClass: org.hibernate.test.ops.GetLoadTest
14:17:40,230  INFO Configuration:706 - HHH000221: Reading mappings from resource: org/hibernate/test/ops/Node.hbm.xml
14:17:40,236  INFO Configuration:706 - HHH000221: Reading mappings from resource: org/hibernate/test/ops/Employer.hbm.xml
14:17:40,242  INFO DriverManagerConnectionProviderImpl:99 - HHH000402: Using Hibernate built-in connection pool (not for production use!)
14:17:40,243  INFO DriverManagerConnectionProviderImpl:135 - HHH000115: Hibernate connection pool size: 5
14:17:40,243  INFO DriverManagerConnectionProviderImpl:138 - HHH000006: Autocommit mode: false
14:17:40,243  INFO DriverManagerConnectionProviderImpl:153 - HHH000401: using driver [org.h2.Driver] at URL [jdbc:h2:mem:db1;DB_CLOSE_DELAY=-1;MVCC=TRUE]
14:17:40,243  INFO DriverManagerConnectionProviderImpl:158 - HHH000046: Connection properties: {user=sa}
14:17:40,244  INFO Dialect:103 - HHH000400: Using dialect: org.hibernate.dialect.H2Dialect
14:17:40,245  INFO LobCreatorBuilder:94 - HHH000423: Disabling contextual LOB creation as JDBC driver reported JDBC version [3] less than 4
14:17:40,245  INFO TransactionFactoryInitiator:66 - HHH000399: Using default transaction strategy (direct JDBC transactions)
14:17:40,246  INFO ASTQueryTranslatorFactory:48 - HHH000397: Using ASTQueryTranslatorFactory
14:17:40,246  WARN CachingRegionFactory:58 - CachingRegionFactory should be only used for testing.
14:17:40,254  INFO SchemaExport:343 - HHH000227: Running hbm2ddl schema export
14:17:40,254 DEBUG SchemaExport:353 - Import file not found: /import.sql
14:17:40,255 DEBUG SQL:104 - 
    alter table EMPLOYER_EMPLOYEE 
        drop constraint FKDC9B93B2E831BD12
14:17:40,255 ERROR SchemaExport:425 - HHH000389: Unsuccessful: alter table EMPLOYER_EMPLOYEE drop constraint FKDC9B93B2E831BD12
14:17:40,255 ERROR SchemaExport:426 - Table "EMPLOYER_EMPLOYEE" not found; SQL statement:

    alter table EMPLOYER_EMPLOYEE 
        drop constraint FKDC9B93B2E831BD12 [42102-145]
14:17:40,255 DEBUG SQL:104 - 
    alter table EMPLOYER_EMPLOYEE 
        drop constraint FKDC9B93B2E837A5F2
14:17:40,256 ERROR SchemaExport:425 - HHH000389: Unsuccessful: alter table EMPLOYER_EMPLOYEE drop constraint FKDC9B93B2E837A5F2
14:17:40,256 ERROR SchemaExport:426 - Table "EMPLOYER_EMPLOYEE" not found; SQL statement:

    alter table EMPLOYER_EMPLOYEE 
        drop constraint FKDC9B93B2E837A5F2 [42102-145]
14:17:40,256 DEBUG SQL:104 - 
    alter table Node 
        drop constraint FK252222973190BE
14:17:40,256 ERROR SchemaExport:425 - HHH000389: Unsuccessful: alter table Node drop constraint FK252222973190BE
14:17:40,257 ERROR SchemaExport:426 - Table "NODE" not found; SQL statement:

    alter table Node 
        drop constraint FK252222973190BE [42102-145]
14:17:40,257 DEBUG SQL:104 - 
    alter table Node 
        drop constraint FK25222223B8C2EF
14:17:40,257 ERROR SchemaExport:425 - HHH000389: Unsuccessful: alter table Node drop constraint FK25222223B8C2EF
14:17:40,257 ERROR SchemaExport:426 - Table "NODE" not found; SQL statement:

    alter table Node 
        drop constraint FK25222223B8C2EF [42102-145]
14:17:40,257 DEBUG SQL:104 - 
    alter table NumberedNode 
        drop constraint FK667A9BEA3502F886
14:17:40,257 ERROR SchemaExport:425 - HHH000389: Unsuccessful: alter table NumberedNode drop constraint FK667A9BEA3502F886
14:17:40,258 ERROR SchemaExport:426 - Table "NUMBEREDNODE" not found; SQL statement:

    alter table NumberedNode 
        drop constraint FK667A9BEA3502F886 [42102-145]
14:17:40,258 DEBUG SQL:104 - 
    drop table EMPLOYER_EMPLOYEE if exists
14:17:40,258 DEBUG SQL:104 - 
    drop table Employee if exists
14:17:40,258 DEBUG SQL:104 - 
    drop table Employer if exists
14:17:40,258 DEBUG SQL:104 - 
    drop table Node if exists
14:17:40,258 DEBUG SQL:104 - 
    drop table NumberedNode if exists
14:17:40,258 DEBUG SQL:104 - 
    create table EMPLOYER_EMPLOYEE (
        EMPER_ID integer not null,
        EMPEE_ID integer not null
    )
14:17:40,259 DEBUG SQL:104 - 
    create table Employee (
        id integer generated by default as identity,
        primary key (id)
    )
14:17:40,259 DEBUG SQL:104 - 
    create table Employer (
        id integer generated by default as identity,
        vers integer not null,
        primary key (id)
    )
14:17:40,260 DEBUG SQL:104 - 
    create table Node (
        name varchar(255) not null,
        description varchar(255),
        parent varchar(255),
        created date not null,
        CASC_PARENT varchar(255),
        primary key (name)
    )
14:17:40,260 DEBUG SQL:104 - 
    create table NumberedNode (
        id bigint generated by default as identity,
        name varchar(255) not null,
        description varchar(255),
        created date not null,
        parent bigint,
        primary key (id)
    )
14:17:40,266 DEBUG SQL:104 - 
    alter table EMPLOYER_EMPLOYEE 
        add constraint FKDC9B93B2E831BD12 
        foreign key (EMPEE_ID) 
        references Employee
14:17:40,267 DEBUG SQL:104 - 
    alter table EMPLOYER_EMPLOYEE 
        add constraint FKDC9B93B2E837A5F2 
        foreign key (EMPER_ID) 
        references Employer
14:17:40,268 DEBUG SQL:104 - 
    alter table Node 
        add constraint FK252222973190BE 
        foreign key (parent) 
        references Node
14:17:40,268 DEBUG SQL:104 - 
    alter table Node 
        add constraint FK25222223B8C2EF 
        foreign key (CASC_PARENT) 
        references Node
14:17:40,269 DEBUG SQL:104 - 
    create index iname on NumberedNode (name)
14:17:40,269 DEBUG SQL:104 - 
    alter table NumberedNode 
        add constraint FK667A9BEA3502F886 
        foreign key (parent) 
        references NumberedNode
14:17:40,277  INFO SchemaExport:405 - HHH000230: Schema export complete
14:17:40,278  WARN SessionFactoryImpl:1554 - HHH000008: JTASessionContext being used with JDBCTransactionFactory; auto-flush will not operate correctly with getCurrentSession()
14:17:40,278  INFO CustomRunner:139 - Test: testGetAfterDelete
14:17:40,279 DEBUG SQL:104 - 
    insert 
    into
        Employer
        (id, vers) 
    values
        (null, ?)
14:17:40,280 DEBUG SQL:104 - 
    select
        employee0_.id as id1_0_ 
    from
        Employee employee0_ 
    where
        employee0_.id=?
14:17:40,281 DEBUG SQL:104 - 
    delete 
    from
        EMPLOYER_EMPLOYEE 
    where
        EMPER_ID=?
14:17:40,281 DEBUG SQL:104 - 
    delete 
    from
        Employer 
    where
        id=? 
        and vers=?
14:17:40,287  INFO CustomRunner:139 - Test: testGetLoad
14:17:40,288 DEBUG SQL:104 - 
    insert 
    into
        Employer
        (id, vers) 
    values
        (null, ?)
14:17:40,290 DEBUG SQL:104 - 
    insert 
    into
        Node
        (description, parent, created, name) 
    values
        (?, ?, ?, ?)
14:17:40,290 DEBUG SQL:104 - 
    insert 
    into
        Node
        (description, parent, created, name) 
    values
        (?, ?, ?, ?)
14:17:40,291 DEBUG SQL:104 - 
    select
        employer0_.id as id2_0_,
        employer0_.vers as vers2_0_ 
    from
        Employer employer0_ 
    where
        employer0_.id=?
14:17:40,299 DEBUG SQL:104 - 
    select
        node0_.name as name3_0_,
        node0_.description as descript2_3_0_,
        node0_.parent as parent3_0_,
        node0_.created as created3_0_ 
    from
        Node node0_ 
    where
        node0_.name=?
14:17:40,299 DEBUG SQL:104 - 
    select
        node0_.name as name3_0_,
        node0_.description as descript2_3_0_,
        node0_.parent as parent3_0_,
        node0_.created as created3_0_ 
    from
        Node node0_ 
    where
        node0_.name=?
14:17:40,300 DEBUG SQL:104 - 
    select
        employer0_.id as id2_0_,
        employer0_.vers as vers2_0_ 
    from
        Employer employer0_ 
    where
        employer0_.id=?
14:17:40,310 DEBUG SQL:104 - 
    select
        node0_.name as name3_0_,
        node0_.description as descript2_3_0_,
        node0_.parent as parent3_0_,
        node0_.created as created3_0_ 
    from
        Node node0_ 
    where
        node0_.name=?
14:17:40,313  INFO SchemaExport:343 - HHH000227: Running hbm2ddl schema export
14:17:40,314 DEBUG SchemaExport:353 - Import file not found: /import.sql
14:17:40,314 DEBUG SQL:104 - 
    alter table EMPLOYER_EMPLOYEE 
        drop constraint FKDC9B93B2E831BD12
14:17:40,314 DEBUG SQL:104 - 
    alter table EMPLOYER_EMPLOYEE 
        drop constraint FKDC9B93B2E837A5F2
14:17:40,314 DEBUG SQL:104 - 
    alter table Node 
        drop constraint FK252222973190BE
14:17:40,314 DEBUG SQL:104 - 
    alter table Node 
        drop constraint FK25222223B8C2EF
14:17:40,315 DEBUG SQL:104 - 
    alter table NumberedNode 
        drop constraint FK667A9BEA3502F886
14:17:40,315 DEBUG SQL:104 - 
    drop table EMPLOYER_EMPLOYEE if exists
14:17:40,321 DEBUG SQL:104 - 
    drop table Employee if exists
14:17:40,322 DEBUG SQL:104 - 
    drop table Employer if exists
14:17:40,322 DEBUG SQL:104 - 
    drop table Node if exists
14:17:40,322 DEBUG SQL:104 - 
    drop table NumberedNode if exists
14:17:40,322  INFO SchemaExport:405 - HHH000230: Schema export complete
14:17:40,323  INFO DriverManagerConnectionProviderImpl:162 - HHH000030: Cleaning up connection pool [jdbc:h2:mem:db1;DB_CLOSE_DELAY=-1;MVCC=TRUE]
]]></system-out>
  <system-err><![CDATA[]]></system-err>
</testsuite>
