<?xml version="1.0" encoding="UTF-8"?>
<testsuite errors="0" failures="0" hostname="dhcp-10.15.208.168.stl.redhat.com" name="org.hibernate.metamodel.source.annotations.entity.MappedSuperclassTest" tests="3" time="0.029" timestamp="2013-02-28T20:09:59">
  <properties />
  <testcase classname="org.hibernate.metamodel.source.annotations.entity.MappedSuperclassTest" name="testLastAttributeOverrideWins" time="0.01" />
  <testcase classname="org.hibernate.metamodel.source.annotations.entity.MappedSuperclassTest" name="testNonEntityBaseClass" time="0.008" />
  <testcase classname="org.hibernate.metamodel.source.annotations.entity.MappedSuperclassTest" name="testSimpleAttributeOverrideInMappedSuperclass" time="0.008" />
  <system-out><![CDATA[14:09:59,402  INFO CustomRunner:132 - BeforeClass: org.hibernate.metamodel.source.annotations.entity.MappedSuperclassTest
14:09:59,403  INFO CustomRunner:139 - Test: testLastAttributeOverrideWins
14:09:59,407  INFO DriverManagerConnectionProviderImpl:99 - HHH000402: Using Hibernate built-in connection pool (not for production use!)
14:09:59,408  INFO DriverManagerConnectionProviderImpl:135 - HHH000115: Hibernate connection pool size: 5
14:09:59,408  INFO DriverManagerConnectionProviderImpl:138 - HHH000006: Autocommit mode: false
14:09:59,408  INFO DriverManagerConnectionProviderImpl:153 - HHH000401: using driver [org.h2.Driver] at URL [jdbc:h2:mem:db1;DB_CLOSE_DELAY=-1;MVCC=TRUE]
14:09:59,408  INFO DriverManagerConnectionProviderImpl:158 - HHH000046: Connection properties: {user=sa}
14:09:59,411  INFO Dialect:103 - HHH000400: Using dialect: org.hibernate.dialect.H2Dialect
14:09:59,411  INFO LobCreatorBuilder:94 - HHH000423: Disabling contextual LOB creation as JDBC driver reported JDBC version [3] less than 4
14:09:59,413  INFO FailureExpectedHandler:73 - Ignoring expected failure [{}] : {}
14:09:59,414  INFO CustomRunner:139 - Test: testNonEntityBaseClass
14:09:59,417  INFO DriverManagerConnectionProviderImpl:99 - HHH000402: Using Hibernate built-in connection pool (not for production use!)
14:09:59,418  INFO DriverManagerConnectionProviderImpl:135 - HHH000115: Hibernate connection pool size: 5
14:09:59,418  INFO DriverManagerConnectionProviderImpl:138 - HHH000006: Autocommit mode: false
14:09:59,418  INFO DriverManagerConnectionProviderImpl:153 - HHH000401: using driver [org.h2.Driver] at URL [jdbc:h2:mem:db1;DB_CLOSE_DELAY=-1;MVCC=TRUE]
14:09:59,418  INFO DriverManagerConnectionProviderImpl:158 - HHH000046: Connection properties: {user=sa}
14:09:59,421  INFO Dialect:103 - HHH000400: Using dialect: org.hibernate.dialect.H2Dialect
14:09:59,421  INFO LobCreatorBuilder:94 - HHH000423: Disabling contextual LOB creation as JDBC driver reported JDBC version [3] less than 4
14:09:59,422  INFO FailureExpectedHandler:73 - Ignoring expected failure [{}] : {}
14:09:59,422  INFO CustomRunner:139 - Test: testSimpleAttributeOverrideInMappedSuperclass
14:09:59,426  INFO DriverManagerConnectionProviderImpl:99 - HHH000402: Using Hibernate built-in connection pool (not for production use!)
14:09:59,426  INFO DriverManagerConnectionProviderImpl:135 - HHH000115: Hibernate connection pool size: 5
14:09:59,426  INFO DriverManagerConnectionProviderImpl:138 - HHH000006: Autocommit mode: false
14:09:59,426  INFO DriverManagerConnectionProviderImpl:153 - HHH000401: using driver [org.h2.Driver] at URL [jdbc:h2:mem:db1;DB_CLOSE_DELAY=-1;MVCC=TRUE]
14:09:59,426  INFO DriverManagerConnectionProviderImpl:158 - HHH000046: Connection properties: {user=sa}
14:09:59,429  INFO Dialect:103 - HHH000400: Using dialect: org.hibernate.dialect.H2Dialect
14:09:59,429  INFO LobCreatorBuilder:94 - HHH000423: Disabling contextual LOB creation as JDBC driver reported JDBC version [3] less than 4
14:09:59,430  INFO FailureExpectedHandler:73 - Ignoring expected failure [{}] : {}
]]></system-out>
  <system-err><![CDATA[]]></system-err>
</testsuite>
