<?xml version="1.0" encoding="UTF-8"?>
<testsuite errors="0" failures="0" hostname="dhcp-10.15.208.168.stl.redhat.com" name="org.hibernate.test.criterion.CriterionTest" tests="2" time="0.052" timestamp="2013-02-28T20:12:11">
  <properties />
  <testcase classname="org.hibernate.test.criterion.CriterionTest" name="testIlikeMimicing" time="0.021" />
  <testcase classname="org.hibernate.test.criterion.CriterionTest" name="testIlikeRendering" time="0.014" />
  <system-out><![CDATA[14:12:11,769  INFO CustomRunner:132 - BeforeClass: org.hibernate.test.criterion.CriterionTest
14:12:11,771  INFO DriverManagerConnectionProviderImpl:99 - HHH000402: Using Hibernate built-in connection pool (not for production use!)
14:12:11,772  INFO DriverManagerConnectionProviderImpl:135 - HHH000115: Hibernate connection pool size: 5
14:12:11,772  INFO DriverManagerConnectionProviderImpl:138 - HHH000006: Autocommit mode: false
14:12:11,772  INFO DriverManagerConnectionProviderImpl:153 - HHH000401: using driver [org.h2.Driver] at URL [jdbc:h2:mem:db1;DB_CLOSE_DELAY=-1;MVCC=TRUE]
14:12:11,772  INFO DriverManagerConnectionProviderImpl:158 - HHH000046: Connection properties: {user=sa}
14:12:11,773  INFO Dialect:103 - HHH000400: Using dialect: org.hibernate.dialect.H2Dialect
14:12:11,774  INFO LobCreatorBuilder:94 - HHH000423: Disabling contextual LOB creation as JDBC driver reported JDBC version [3] less than 4
14:12:11,775  INFO TransactionFactoryInitiator:66 - HHH000399: Using default transaction strategy (direct JDBC transactions)
14:12:11,775  INFO ASTQueryTranslatorFactory:48 - HHH000397: Using ASTQueryTranslatorFactory
14:12:11,775  WARN CachingRegionFactory:58 - CachingRegionFactory should be only used for testing.
14:12:11,779  INFO SchemaExport:343 - HHH000227: Running hbm2ddl schema export
14:12:11,780 DEBUG SchemaExport:353 - Import file not found: /import.sql
14:12:11,780  INFO SchemaExport:405 - HHH000230: Schema export complete
14:12:11,781  WARN SessionFactoryImpl:1554 - HHH000008: JTASessionContext being used with JDBCTransactionFactory; auto-flush will not operate correctly with getCurrentSession()
14:12:11,781  INFO CustomRunner:139 - Test: testIlikeMimicing
14:12:11,786  INFO DriverManagerConnectionProviderImpl:99 - HHH000402: Using Hibernate built-in connection pool (not for production use!)
14:12:11,786  INFO DriverManagerConnectionProviderImpl:135 - HHH000115: Hibernate connection pool size: 5
14:12:11,786  INFO DriverManagerConnectionProviderImpl:138 - HHH000006: Autocommit mode: false
14:12:11,786  INFO DriverManagerConnectionProviderImpl:153 - HHH000401: using driver [org.h2.Driver] at URL [jdbc:h2:mem:db1;DB_CLOSE_DELAY=-1;MVCC=TRUE]
14:12:11,786  INFO DriverManagerConnectionProviderImpl:158 - HHH000046: Connection properties: {user=sa}
14:12:11,788  INFO Dialect:103 - HHH000400: Using dialect: org.hibernate.test.criterion.CriterionTest$NonIlikeSupportingDialect
14:12:11,788  INFO LobCreatorBuilder:94 - HHH000423: Disabling contextual LOB creation as JDBC driver reported JDBC version [3] less than 4
14:12:11,789  INFO TransactionFactoryInitiator:66 - HHH000399: Using default transaction strategy (direct JDBC transactions)
14:12:11,790  INFO ASTQueryTranslatorFactory:48 - HHH000397: Using ASTQueryTranslatorFactory
14:12:11,790  WARN CachingRegionFactory:58 - CachingRegionFactory should be only used for testing.
14:12:11,794 DEBUG SQL:104 - 
    create table HT_IrrelevantEntity (id integer not null, hib_sess_id CHAR(36))
14:12:11,795  INFO SchemaExport:343 - HHH000227: Running hbm2ddl schema export
14:12:11,796 DEBUG SchemaExport:353 - Import file not found: /import.sql
14:12:11,796 DEBUG SQL:104 - 
    drop table IrrelevantEntity
14:12:11,796 ERROR SchemaExport:425 - HHH000389: Unsuccessful: drop table IrrelevantEntity
14:12:11,796 ERROR SchemaExport:426 - Table "IRRELEVANTENTITY" not found; SQL statement:

    drop table IrrelevantEntity [42102-145]
14:12:11,796 DEBUG SQL:104 - 
    create table IrrelevantEntity (
        id integer not null,
        name varchar(255),
        primary key (id)
    )
14:12:11,797  INFO SchemaExport:405 - HHH000230: Schema export complete
14:12:11,797  WARN SessionFactoryImpl:1554 - HHH000008: JTASessionContext being used with JDBCTransactionFactory; auto-flush will not operate correctly with getCurrentSession()
14:12:11,802  INFO CustomRunner:139 - Test: testIlikeRendering
14:12:11,806  INFO DriverManagerConnectionProviderImpl:99 - HHH000402: Using Hibernate built-in connection pool (not for production use!)
14:12:11,806  INFO DriverManagerConnectionProviderImpl:135 - HHH000115: Hibernate connection pool size: 5
14:12:11,807  INFO DriverManagerConnectionProviderImpl:138 - HHH000006: Autocommit mode: false
14:12:11,807  INFO DriverManagerConnectionProviderImpl:153 - HHH000401: using driver [org.h2.Driver] at URL [jdbc:h2:mem:db1;DB_CLOSE_DELAY=-1;MVCC=TRUE]
14:12:11,807  INFO DriverManagerConnectionProviderImpl:158 - HHH000046: Connection properties: {user=sa}
14:12:11,808  INFO Dialect:103 - HHH000400: Using dialect: org.hibernate.test.criterion.CriterionTest$IlikeSupportingDialect
14:12:11,808  INFO LobCreatorBuilder:94 - HHH000423: Disabling contextual LOB creation as JDBC driver reported JDBC version [3] less than 4
14:12:11,809  INFO TransactionFactoryInitiator:66 - HHH000399: Using default transaction strategy (direct JDBC transactions)
14:12:11,809  INFO ASTQueryTranslatorFactory:48 - HHH000397: Using ASTQueryTranslatorFactory
14:12:11,809  WARN CachingRegionFactory:58 - CachingRegionFactory should be only used for testing.
14:12:11,814 DEBUG SQL:104 - 
    create table HT_IrrelevantEntity (id integer not null, hib_sess_id CHAR(36))
14:12:11,814  INFO SchemaExport:343 - HHH000227: Running hbm2ddl schema export
14:12:11,815 DEBUG SchemaExport:353 - Import file not found: /import.sql
14:12:11,815 DEBUG SQL:104 - 
    drop table IrrelevantEntity
14:12:11,815 DEBUG SQL:104 - 
    create table IrrelevantEntity (
        id integer not null,
        name varchar(255),
        primary key (id)
    )
14:12:11,816  INFO SchemaExport:405 - HHH000230: Schema export complete
14:12:11,816  WARN SessionFactoryImpl:1554 - HHH000008: JTASessionContext being used with JDBCTransactionFactory; auto-flush will not operate correctly with getCurrentSession()
14:12:11,817  INFO SchemaExport:343 - HHH000227: Running hbm2ddl schema export
14:12:11,817 DEBUG SchemaExport:353 - Import file not found: /import.sql
14:12:11,817  INFO SchemaExport:405 - HHH000230: Schema export complete
14:12:11,817  INFO DriverManagerConnectionProviderImpl:162 - HHH000030: Cleaning up connection pool [jdbc:h2:mem:db1;DB_CLOSE_DELAY=-1;MVCC=TRUE]
]]></system-out>
  <system-err><![CDATA[]]></system-err>
</testsuite>
