<?xml version="1.0" encoding="UTF-8"?>
<testsuite errors="0" failures="0" hostname="dhcp-10.15.208.168.stl.redhat.com" name="org.hibernate.test.orphan.one2one.fk.reversed.unidirectional.DeleteOneToOneOrphansTest" tests="2" time="0.145" timestamp="2013-02-28T20:17:44">
  <properties />
  <testcase classname="org.hibernate.test.orphan.one2one.fk.reversed.unidirectional.DeleteOneToOneOrphansTest" name="testOrphanedWhileDetached" time="0.087" />
  <testcase classname="org.hibernate.test.orphan.one2one.fk.reversed.unidirectional.DeleteOneToOneOrphansTest" name="testOrphanedWhileManaged" time="0.028" />
  <system-out><![CDATA[14:17:44,452  INFO CustomRunner:132 - BeforeClass: org.hibernate.test.orphan.one2one.fk.reversed.unidirectional.DeleteOneToOneOrphansTest
14:17:44,454  INFO Configuration:706 - HHH000221: Reading mappings from resource: org/hibernate/test/orphan/one2one/fk/reversed/unidirectional/Mapping.hbm.xml
14:17:44,461  INFO DriverManagerConnectionProviderImpl:99 - HHH000402: Using Hibernate built-in connection pool (not for production use!)
14:17:44,461  INFO DriverManagerConnectionProviderImpl:135 - HHH000115: Hibernate connection pool size: 5
14:17:44,462  INFO DriverManagerConnectionProviderImpl:138 - HHH000006: Autocommit mode: false
14:17:44,462  INFO DriverManagerConnectionProviderImpl:153 - HHH000401: using driver [org.h2.Driver] at URL [jdbc:h2:mem:db1;DB_CLOSE_DELAY=-1;MVCC=TRUE]
14:17:44,462  INFO DriverManagerConnectionProviderImpl:158 - HHH000046: Connection properties: {user=sa}
14:17:44,463  INFO Dialect:103 - HHH000400: Using dialect: org.hibernate.dialect.H2Dialect
14:17:44,464  INFO LobCreatorBuilder:94 - HHH000423: Disabling contextual LOB creation as JDBC driver reported JDBC version [3] less than 4
14:17:44,465  INFO TransactionFactoryInitiator:66 - HHH000399: Using default transaction strategy (direct JDBC transactions)
14:17:44,465  INFO ASTQueryTranslatorFactory:48 - HHH000397: Using ASTQueryTranslatorFactory
14:17:44,465  WARN CachingRegionFactory:58 - CachingRegionFactory should be only used for testing.
14:17:44,472  INFO SchemaExport:343 - HHH000227: Running hbm2ddl schema export
14:17:44,473 DEBUG SchemaExport:353 - Import file not found: /import.sql
14:17:44,473 DEBUG SQL:104 - 
    alter table Employee 
        drop constraint FK4AFD4ACECF427F75
14:17:44,474 ERROR SchemaExport:425 - HHH000389: Unsuccessful: alter table Employee drop constraint FK4AFD4ACECF427F75
14:17:44,474 ERROR SchemaExport:426 - Table "EMPLOYEE" not found; SQL statement:

    alter table Employee 
        drop constraint FK4AFD4ACECF427F75 [42102-145]
14:17:44,474 DEBUG SQL:104 - 
    drop table Employee if exists
14:17:44,474 DEBUG SQL:104 - 
    drop table EmployeeInfo if exists
14:17:44,474 DEBUG SQL:104 - 
    create table Employee (
        id bigint not null,
        info_id bigint,
        primary key (id)
    )
14:17:44,475 DEBUG SQL:104 - 
    create table EmployeeInfo (
        id bigint not null,
        primary key (id)
    )
14:17:44,476 DEBUG SQL:104 - 
    alter table Employee 
        add constraint uc_Employee_1 unique (info_id)
14:17:44,476 DEBUG SQL:104 - 
    alter table Employee 
        add constraint FK4AFD4ACECF427F75 
        foreign key (info_id) 
        references EmployeeInfo
14:17:44,476  INFO SchemaExport:405 - HHH000230: Schema export complete
14:17:44,477  WARN SessionFactoryImpl:1554 - HHH000008: JTASessionContext being used with JDBCTransactionFactory; auto-flush will not operate correctly with getCurrentSession()
14:17:44,477  INFO CustomRunner:139 - Test: testOrphanedWhileDetached
14:17:44,478 DEBUG SQL:104 - 
    select
        max(id) 
    from
        Employee
14:17:44,479 DEBUG SQL:104 - 
    select
        max(id) 
    from
        EmployeeInfo
14:17:44,548 DEBUG SQL:104 - 
    insert 
    into
        EmployeeInfo
        (id) 
    values
        (?)
14:17:44,548 DEBUG SQL:104 - 
    insert 
    into
        Employee
        (info_id, id) 
    values
        (?, ?)
14:17:44,549 DEBUG QueryTranslatorImpl:265 - parse() - HQL: from org.hibernate.test.orphan.one2one.fk.reversed.unidirectional.EmployeeInfo
14:17:44,550 DEBUG QueryTranslatorImpl:283 - --- HQL AST ---
 \-[QUERY] Node: 'query'
    \-[SELECT_FROM] Node: 'SELECT_FROM'
       \-[FROM] Node: 'from'
          \-[RANGE] Node: 'RANGE'
             \-[DOT] Node: '.'
                +-[DOT] Node: '.'
                |  +-[DOT] Node: '.'
                |  |  +-[DOT] Node: '.'
                |  |  |  +-[DOT] Node: '.'
                |  |  |  |  +-[DOT] Node: '.'
                |  |  |  |  |  +-[DOT] Node: '.'
                |  |  |  |  |  |  +-[DOT] Node: '.'
                |  |  |  |  |  |  |  +-[IDENT] Node: 'org'
                |  |  |  |  |  |  |  \-[IDENT] Node: 'hibernate'
                |  |  |  |  |  |  \-[IDENT] Node: 'test'
                |  |  |  |  |  \-[IDENT] Node: 'orphan'
                |  |  |  |  \-[IDENT] Node: 'one2one'
                |  |  |  \-[IDENT] Node: 'fk'
                |  |  \-[IDENT] Node: 'reversed'
                |  \-[IDENT] Node: 'unidirectional'
                \-[IDENT] Node: 'EmployeeInfo'

14:17:44,550 DEBUG ErrorCounter:82 - throwQueryException() : no errors
14:17:44,550 DEBUG FromElement:157 - FromClause{level=1} : org.hibernate.test.orphan.one2one.fk.reversed.unidirectional.EmployeeInfo (<no alias>) -> employeein0_
14:17:44,550 DEBUG HqlSqlWalker:629 - processQuery() :  ( SELECT ( FromClause{level=1} EmployeeInfo employeein0_ ) )
14:17:44,550 DEBUG HqlSqlWalker:869 - Derived SELECT clause created.
14:17:44,550 DEBUG JoinProcessor:175 - Using FROM fragment [EmployeeInfo employeein0_]
14:17:44,550 DEBUG QueryTranslatorImpl:252 - --- SQL AST ---
 \-[SELECT] QueryNode: 'SELECT'  querySpaces (EmployeeInfo)
    +-[SELECT_CLAUSE] SelectClause: '{derived select clause}'
    |  \-[SELECT_EXPR] SelectExpressionImpl: 'employeein0_.id as id1_' {FromElement{explicit,not a collection join,not a fetch join,fetch non-lazy properties,classAlias=null,role=null,tableName=EmployeeInfo,tableAlias=employeein0_,origin=null,columns={,className=org.hibernate.test.orphan.one2one.fk.reversed.unidirectional.EmployeeInfo}}}
    \-[FROM] FromClause: 'from' FromClause{level=1, fromElementCounter=1, fromElements=1, fromElementByClassAlias=[], fromElementByTableAlias=[employeein0_], fromElementsByPath=[], collectionJoinFromElementsByPath=[], impliedElements=[]}
       \-[FROM_FRAGMENT] FromElement: 'EmployeeInfo employeein0_' FromElement{explicit,not a collection join,not a fetch join,fetch non-lazy properties,classAlias=null,role=null,tableName=EmployeeInfo,tableAlias=employeein0_,origin=null,columns={,className=org.hibernate.test.orphan.one2one.fk.reversed.unidirectional.EmployeeInfo}}

14:17:44,551 DEBUG ErrorCounter:82 - throwQueryException() : no errors
14:17:44,551 DEBUG QueryTranslatorImpl:235 - HQL: from org.hibernate.test.orphan.one2one.fk.reversed.unidirectional.EmployeeInfo
14:17:44,551 DEBUG QueryTranslatorImpl:236 - SQL: select employeein0_.id as id1_ from EmployeeInfo employeein0_
14:17:44,551 DEBUG ErrorCounter:82 - throwQueryException() : no errors
14:17:44,551 DEBUG SQL:104 - 
    select
        employeein0_.id as id1_ 
    from
        EmployeeInfo employeein0_
14:17:44,552 DEBUG QueryTranslatorImpl:265 - parse() - HQL: from org.hibernate.test.orphan.one2one.fk.reversed.unidirectional.Employee
14:17:44,552 DEBUG QueryTranslatorImpl:283 - --- HQL AST ---
 \-[QUERY] Node: 'query'
    \-[SELECT_FROM] Node: 'SELECT_FROM'
       \-[FROM] Node: 'from'
          \-[RANGE] Node: 'RANGE'
             \-[DOT] Node: '.'
                +-[DOT] Node: '.'
                |  +-[DOT] Node: '.'
                |  |  +-[DOT] Node: '.'
                |  |  |  +-[DOT] Node: '.'
                |  |  |  |  +-[DOT] Node: '.'
                |  |  |  |  |  +-[DOT] Node: '.'
                |  |  |  |  |  |  +-[DOT] Node: '.'
                |  |  |  |  |  |  |  +-[IDENT] Node: 'org'
                |  |  |  |  |  |  |  \-[IDENT] Node: 'hibernate'
                |  |  |  |  |  |  \-[IDENT] Node: 'test'
                |  |  |  |  |  \-[IDENT] Node: 'orphan'
                |  |  |  |  \-[IDENT] Node: 'one2one'
                |  |  |  \-[IDENT] Node: 'fk'
                |  |  \-[IDENT] Node: 'reversed'
                |  \-[IDENT] Node: 'unidirectional'
                \-[IDENT] Node: 'Employee'

14:17:44,552 DEBUG ErrorCounter:82 - throwQueryException() : no errors
14:17:44,552 DEBUG FromElement:157 - FromClause{level=1} : org.hibernate.test.orphan.one2one.fk.reversed.unidirectional.Employee (<no alias>) -> employee0_
14:17:44,553 DEBUG HqlSqlWalker:629 - processQuery() :  ( SELECT ( FromClause{level=1} Employee employee0_ ) )
14:17:44,553 DEBUG HqlSqlWalker:869 - Derived SELECT clause created.
14:17:44,553 DEBUG JoinProcessor:175 - Using FROM fragment [Employee employee0_]
14:17:44,553 DEBUG QueryTranslatorImpl:252 - --- SQL AST ---
 \-[SELECT] QueryNode: 'SELECT'  querySpaces (Employee)
    +-[SELECT_CLAUSE] SelectClause: '{derived select clause}'
    |  +-[SELECT_EXPR] SelectExpressionImpl: 'employee0_.id as id0_' {FromElement{explicit,not a collection join,not a fetch join,fetch non-lazy properties,classAlias=null,role=null,tableName=Employee,tableAlias=employee0_,origin=null,columns={,className=org.hibernate.test.orphan.one2one.fk.reversed.unidirectional.Employee}}}
    |  \-[SQL_TOKEN] SqlFragment: 'employee0_.info_id as info2_0_'
    \-[FROM] FromClause: 'from' FromClause{level=1, fromElementCounter=1, fromElements=1, fromElementByClassAlias=[], fromElementByTableAlias=[employee0_], fromElementsByPath=[], collectionJoinFromElementsByPath=[], impliedElements=[]}
       \-[FROM_FRAGMENT] FromElement: 'Employee employee0_' FromElement{explicit,not a collection join,not a fetch join,fetch non-lazy properties,classAlias=null,role=null,tableName=Employee,tableAlias=employee0_,origin=null,columns={,className=org.hibernate.test.orphan.one2one.fk.reversed.unidirectional.Employee}}

14:17:44,553 DEBUG ErrorCounter:82 - throwQueryException() : no errors
14:17:44,553 DEBUG QueryTranslatorImpl:235 - HQL: from org.hibernate.test.orphan.one2one.fk.reversed.unidirectional.Employee
14:17:44,553 DEBUG QueryTranslatorImpl:236 - SQL: select employee0_.id as id0_, employee0_.info_id as info2_0_ from Employee employee0_
14:17:44,553 DEBUG ErrorCounter:82 - throwQueryException() : no errors
14:17:44,554 DEBUG SQL:104 - 
    select
        employee0_.id as id0_,
        employee0_.info_id as info2_0_ 
    from
        Employee employee0_
14:17:44,554 DEBUG SQL:104 - 
    update
        Employee 
    set
        info_id=? 
    where
        id=?
14:17:44,555 DEBUG SQL:104 - 
    select
        employee0_.id as id0_0_,
        employee0_.info_id as info2_0_0_ 
    from
        Employee employee0_ 
    where
        employee0_.id=?
14:17:44,555 DEBUG SQL:104 - 
    select
        employee0_.id as id0_,
        employee0_.info_id as info2_0_ 
    from
        Employee employee0_
14:17:44,556 DEBUG QueryTranslatorImpl:265 - parse() - HQL: delete org.hibernate.test.orphan.one2one.fk.reversed.unidirectional.EmployeeInfo
14:17:44,556 DEBUG QueryTranslatorImpl:283 - --- HQL AST ---
 \-[DELETE] Node: 'delete'
    \-[FROM] Node: 'FROM'
       \-[RANGE] Node: 'RANGE'
          \-[DOT] Node: '.'
             +-[DOT] Node: '.'
             |  +-[DOT] Node: '.'
             |  |  +-[DOT] Node: '.'
             |  |  |  +-[DOT] Node: '.'
             |  |  |  |  +-[DOT] Node: '.'
             |  |  |  |  |  +-[DOT] Node: '.'
             |  |  |  |  |  |  +-[DOT] Node: '.'
             |  |  |  |  |  |  |  +-[IDENT] Node: 'org'
             |  |  |  |  |  |  |  \-[IDENT] Node: 'hibernate'
             |  |  |  |  |  |  \-[IDENT] Node: 'test'
             |  |  |  |  |  \-[IDENT] Node: 'orphan'
             |  |  |  |  \-[IDENT] Node: 'one2one'
             |  |  |  \-[IDENT] Node: 'fk'
             |  |  \-[IDENT] Node: 'reversed'
             |  \-[IDENT] Node: 'unidirectional'
             \-[IDENT] Node: 'EmployeeInfo'

14:17:44,556 DEBUG ErrorCounter:82 - throwQueryException() : no errors
14:17:44,557 DEBUG FromElement:157 - FromClause{level=1} : org.hibernate.test.orphan.one2one.fk.reversed.unidirectional.EmployeeInfo (<no alias>) -> employeein0_
14:17:44,557 DEBUG QueryTranslatorImpl:252 - --- SQL AST ---
 \-[DELETE] DeleteStatement: 'delete'  querySpaces (EmployeeInfo)
    \-[FROM] FromClause: 'FROM' FromClause{level=1, fromElementCounter=1, fromElements=1, fromElementByClassAlias=[], fromElementByTableAlias=[employeein0_], fromElementsByPath=[], collectionJoinFromElementsByPath=[], impliedElements=[]}
       \-[FROM_FRAGMENT] FromElement: 'EmployeeInfo' FromElement{explicit,not a collection join,not a fetch join,fetch non-lazy properties,classAlias=null,role=null,tableName=EmployeeInfo,tableAlias=employeein0_,origin=null,columns={,className=org.hibernate.test.orphan.one2one.fk.reversed.unidirectional.EmployeeInfo}}

14:17:44,557 DEBUG ErrorCounter:82 - throwQueryException() : no errors
14:17:44,557 DEBUG ErrorCounter:82 - throwQueryException() : no errors
14:17:44,557 DEBUG SQL:104 - 
    delete 
    from
        EmployeeInfo
14:17:44,561 DEBUG QueryTranslatorImpl:265 - parse() - HQL: delete org.hibernate.test.orphan.one2one.fk.reversed.unidirectional.Employee
14:17:44,562 DEBUG QueryTranslatorImpl:283 - --- HQL AST ---
 \-[DELETE] Node: 'delete'
    \-[FROM] Node: 'FROM'
       \-[RANGE] Node: 'RANGE'
          \-[DOT] Node: '.'
             +-[DOT] Node: '.'
             |  +-[DOT] Node: '.'
             |  |  +-[DOT] Node: '.'
             |  |  |  +-[DOT] Node: '.'
             |  |  |  |  +-[DOT] Node: '.'
             |  |  |  |  |  +-[DOT] Node: '.'
             |  |  |  |  |  |  +-[DOT] Node: '.'
             |  |  |  |  |  |  |  +-[IDENT] Node: 'org'
             |  |  |  |  |  |  |  \-[IDENT] Node: 'hibernate'
             |  |  |  |  |  |  \-[IDENT] Node: 'test'
             |  |  |  |  |  \-[IDENT] Node: 'orphan'
             |  |  |  |  \-[IDENT] Node: 'one2one'
             |  |  |  \-[IDENT] Node: 'fk'
             |  |  \-[IDENT] Node: 'reversed'
             |  \-[IDENT] Node: 'unidirectional'
             \-[IDENT] Node: 'Employee'

14:17:44,562 DEBUG ErrorCounter:82 - throwQueryException() : no errors
14:17:44,562 DEBUG FromElement:157 - FromClause{level=1} : org.hibernate.test.orphan.one2one.fk.reversed.unidirectional.Employee (<no alias>) -> employee0_
14:17:44,563 DEBUG QueryTranslatorImpl:252 - --- SQL AST ---
 \-[DELETE] DeleteStatement: 'delete'  querySpaces (Employee)
    \-[FROM] FromClause: 'FROM' FromClause{level=1, fromElementCounter=1, fromElements=1, fromElementByClassAlias=[], fromElementByTableAlias=[employee0_], fromElementsByPath=[], collectionJoinFromElementsByPath=[], impliedElements=[]}
       \-[FROM_FRAGMENT] FromElement: 'Employee' FromElement{explicit,not a collection join,not a fetch join,fetch non-lazy properties,classAlias=null,role=null,tableName=Employee,tableAlias=employee0_,origin=null,columns={,className=org.hibernate.test.orphan.one2one.fk.reversed.unidirectional.Employee}}

14:17:44,563 DEBUG ErrorCounter:82 - throwQueryException() : no errors
14:17:44,563 DEBUG ErrorCounter:82 - throwQueryException() : no errors
14:17:44,563 DEBUG SQL:104 - 
    delete 
    from
        Employee
14:17:44,564  INFO CustomRunner:139 - Test: testOrphanedWhileManaged
14:17:44,565 DEBUG SQL:104 - 
    insert 
    into
        EmployeeInfo
        (id) 
    values
        (?)
14:17:44,566 DEBUG SQL:104 - 
    insert 
    into
        Employee
        (info_id, id) 
    values
        (?, ?)
14:17:44,566 DEBUG SQL:104 - 
    select
        employeein0_.id as id1_ 
    from
        EmployeeInfo employeein0_
14:17:44,567 DEBUG SQL:104 - 
    select
        employee0_.id as id0_,
        employee0_.info_id as info2_0_ 
    from
        Employee employee0_
14:17:44,567 DEBUG SQL:104 - 
    update
        Employee 
    set
        info_id=? 
    where
        id=?
14:17:44,568 DEBUG SQL:104 - 
    delete 
    from
        EmployeeInfo 
    where
        id=?
14:17:44,568 DEBUG SQL:104 - 
    select
        employee0_.id as id0_0_,
        employee0_.info_id as info2_0_0_ 
    from
        Employee employee0_ 
    where
        employee0_.id=?
14:17:44,569 DEBUG SQL:104 - 
    select
        employeein0_.id as id1_ 
    from
        EmployeeInfo employeein0_
14:17:44,569 DEBUG SQL:104 - 
    select
        employee0_.id as id0_,
        employee0_.info_id as info2_0_ 
    from
        Employee employee0_
14:17:44,570 DEBUG SQL:104 - 
    delete 
    from
        EmployeeInfo
14:17:44,570 DEBUG SQL:104 - 
    delete 
    from
        Employee
14:17:44,592  INFO SchemaExport:343 - HHH000227: Running hbm2ddl schema export
14:17:44,593 DEBUG SchemaExport:353 - Import file not found: /import.sql
14:17:44,593 DEBUG SQL:104 - 
    alter table Employee 
        drop constraint FK4AFD4ACECF427F75
14:17:44,593 DEBUG SQL:104 - 
    drop table Employee if exists
14:17:44,594 DEBUG SQL:104 - 
    drop table EmployeeInfo if exists
14:17:44,594  INFO SchemaExport:405 - HHH000230: Schema export complete
14:17:44,594  INFO DriverManagerConnectionProviderImpl:162 - HHH000030: Cleaning up connection pool [jdbc:h2:mem:db1;DB_CLOSE_DELAY=-1;MVCC=TRUE]
]]></system-out>
  <system-err><![CDATA[]]></system-err>
</testsuite>
