<?xml version="1.0" encoding="UTF-8"?>
<testsuite errors="0" failures="0" hostname="dhcp-10.15.208.168.stl.redhat.com" name="org.hibernate.test.ecid.EmbeddedCompositeIdTest" tests="3" time="0.17" timestamp="2013-02-28T20:12:16">
  <properties />
  <testcase classname="org.hibernate.test.ecid.EmbeddedCompositeIdTest" name="testMerge" time="0.032" />
  <testcase classname="org.hibernate.test.ecid.EmbeddedCompositeIdTest" name="testMerging" time="0.015" />
  <testcase classname="org.hibernate.test.ecid.EmbeddedCompositeIdTest" name="testPolymorphism" time="0.088" />
  <system-out><![CDATA[14:12:16,339  INFO CustomRunner:132 - BeforeClass: org.hibernate.test.ecid.EmbeddedCompositeIdTest
14:12:16,343  INFO Configuration:706 - HHH000221: Reading mappings from resource: org/hibernate/test/ecid/Course.hbm.xml
14:12:16,349  WARN RootClass:288 - HHH000038: Composite-id class does not override equals(): org.hibernate.test.ecid.Course
14:12:16,349  WARN RootClass:289 - HHH000039: Composite-id class does not override hashCode(): org.hibernate.test.ecid.Course
14:12:16,350  INFO DriverManagerConnectionProviderImpl:99 - HHH000402: Using Hibernate built-in connection pool (not for production use!)
14:12:16,350  INFO DriverManagerConnectionProviderImpl:135 - HHH000115: Hibernate connection pool size: 5
14:12:16,350  INFO DriverManagerConnectionProviderImpl:138 - HHH000006: Autocommit mode: false
14:12:16,350  INFO DriverManagerConnectionProviderImpl:153 - HHH000401: using driver [org.h2.Driver] at URL [jdbc:h2:mem:db1;DB_CLOSE_DELAY=-1;MVCC=TRUE]
14:12:16,351  INFO DriverManagerConnectionProviderImpl:158 - HHH000046: Connection properties: {user=sa}
14:12:16,352  INFO Dialect:103 - HHH000400: Using dialect: org.hibernate.dialect.H2Dialect
14:12:16,352  INFO LobCreatorBuilder:94 - HHH000423: Disabling contextual LOB creation as JDBC driver reported JDBC version [3] less than 4
14:12:16,353  INFO TransactionFactoryInitiator:66 - HHH000399: Using default transaction strategy (direct JDBC transactions)
14:12:16,353  INFO ASTQueryTranslatorFactory:48 - HHH000397: Using ASTQueryTranslatorFactory
14:12:16,353  WARN CachingRegionFactory:58 - CachingRegionFactory should be only used for testing.
14:12:16,363  INFO SchemaExport:343 - HHH000227: Running hbm2ddl schema export
14:12:16,363 DEBUG SchemaExport:353 - Import file not found: /import.sql
14:12:16,364 DEBUG SQL:104 - 
    drop table SchoolCourses if exists
14:12:16,364 DEBUG SQL:104 - 
    create table SchoolCourses (
        courseCode varchar(255) not null,
        org varchar(255) not null,
        schoolLevel varchar(20) not null,
        description varchar(255) not null,
        semester integer,
        primary key (courseCode, org)
    )
14:12:16,364  INFO SchemaExport:405 - HHH000230: Schema export complete
14:12:16,365  WARN SessionFactoryImpl:1554 - HHH000008: JTASessionContext being used with JDBCTransactionFactory; auto-flush will not operate correctly with getCurrentSession()
14:12:16,365  INFO CustomRunner:139 - Test: testMerge
14:12:16,367 DEBUG SQL:104 - 
    insert 
    into
        SchoolCourses
        (description, semester, schoolLevel, courseCode, org) 
    values
        (?, ?, 'tertiary', ?, ?)
14:12:16,368 DEBUG SQL:104 - 
    insert 
    into
        SchoolCourses
        (description, schoolLevel, courseCode, org) 
    values
        (?, 'secondary/primary', ?, ?)
14:12:16,368 DEBUG SQL:104 - 
    select
        course0_.courseCode as courseCode0_0_,
        course0_.org as org0_0_,
        course0_.description as descript4_0_0_,
        course0_.semester as semester0_0_,
        course0_.schoolLevel as schoolLe3_0_0_ 
    from
        SchoolCourses course0_ 
    where
        course0_.courseCode=? 
        and course0_.org=?
14:12:16,373 DEBUG SQL:104 - 
    select
        university0_.courseCode as courseCode0_0_,
        university0_.org as org0_0_,
        university0_.description as descript4_0_0_,
        university0_.semester as semester0_0_ 
    from
        SchoolCourses university0_ 
    where
        university0_.courseCode=? 
        and university0_.org=? 
        and university0_.schoolLevel='tertiary'
14:12:16,373 DEBUG SQL:104 - 
    update
        SchoolCourses 
    set
        description=? 
    where
        courseCode=? 
        and org=?
14:12:16,374 DEBUG SQL:104 - 
    update
        SchoolCourses 
    set
        description=?,
        semester=? 
    where
        courseCode=? 
        and org=?
14:12:16,374 DEBUG SQL:104 - 
    select
        course_.courseCode,
        course_.org,
        course_.description as descript4_0_ 
    from
        SchoolCourses course_ 
    where
        course_.courseCode=? 
        and course_.org=?
14:12:16,397 DEBUG SQL:104 - 
    select
        university_.courseCode,
        university_.org,
        university_.description as descript4_0_,
        university_.semester as semester0_ 
    from
        SchoolCourses university_ 
    where
        university_.courseCode=? 
        and university_.org=?
14:12:16,397 DEBUG SQL:104 - 
    delete 
    from
        SchoolCourses 
    where
        courseCode=? 
        and org=?
14:12:16,397 DEBUG SQL:104 - 
    delete 
    from
        SchoolCourses 
    where
        courseCode=? 
        and org=?
14:12:16,399  INFO CustomRunner:139 - Test: testMerging
14:12:16,405 DEBUG SQL:104 - 
    insert 
    into
        SchoolCourses
        (description, schoolLevel, courseCode, org) 
    values
        (?, 'secondary/primary', ?, ?)
14:12:16,406 DEBUG SQL:104 - 
    select
        course0_.courseCode as courseCode0_0_,
        course0_.org as org0_0_,
        course0_.description as descript4_0_0_,
        course0_.semester as semester0_0_,
        course0_.schoolLevel as schoolLe3_0_0_ 
    from
        SchoolCourses course0_ 
    where
        course0_.courseCode=? 
        and course0_.org=?
14:12:16,415 DEBUG SQL:104 - 
    update
        SchoolCourses 
    set
        description=? 
    where
        courseCode=? 
        and org=?
14:12:16,416 DEBUG SQL:104 - 
    select
        course0_.courseCode as courseCode0_0_,
        course0_.org as org0_0_,
        course0_.description as descript4_0_0_,
        course0_.semester as semester0_0_,
        course0_.schoolLevel as schoolLe3_0_0_ 
    from
        SchoolCourses course0_ 
    where
        course0_.courseCode=? 
        and course0_.org=?
14:12:16,416 DEBUG SQL:104 - 
    delete 
    from
        SchoolCourses 
    where
        courseCode=? 
        and org=?
14:12:16,417  INFO CustomRunner:139 - Test: testPolymorphism
14:12:16,418 DEBUG SQL:104 - 
    insert 
    into
        SchoolCourses
        (description, semester, schoolLevel, courseCode, org) 
    values
        (?, ?, 'tertiary', ?, ?)
14:12:16,432 DEBUG SQL:104 - 
    insert 
    into
        SchoolCourses
        (description, schoolLevel, courseCode, org) 
    values
        (?, 'secondary/primary', ?, ?)
14:12:16,433 DEBUG SQL:104 - 
    select
        course0_.courseCode as courseCode0_0_,
        course0_.org as org0_0_,
        course0_.description as descript4_0_0_,
        course0_.semester as semester0_0_,
        course0_.schoolLevel as schoolLe3_0_0_ 
    from
        SchoolCourses course0_ 
    where
        course0_.courseCode=? 
        and course0_.org=?
14:12:16,433 DEBUG SQL:104 - 
    select
        course0_.courseCode as courseCode0_0_,
        course0_.org as org0_0_,
        course0_.description as descript4_0_0_,
        course0_.semester as semester0_0_,
        course0_.schoolLevel as schoolLe3_0_0_ 
    from
        SchoolCourses course0_ 
    where
        course0_.courseCode=? 
        and course0_.org=?
14:12:16,434 DEBUG SQL:104 - 
    select
        course0_.courseCode as courseCode0_0_,
        course0_.org as org0_0_,
        course0_.description as descript4_0_0_,
        course0_.semester as semester0_0_,
        course0_.schoolLevel as schoolLe3_0_0_ 
    from
        SchoolCourses course0_ 
    where
        course0_.courseCode=? 
        and course0_.org=?
14:12:16,457 DEBUG SQL:104 - 
    select
        course0_.courseCode as courseCode0_0_,
        course0_.org as org0_0_,
        course0_.description as descript4_0_0_,
        course0_.semester as semester0_0_,
        course0_.schoolLevel as schoolLe3_0_0_ 
    from
        SchoolCourses course0_ 
    where
        course0_.courseCode=? 
        and course0_.org=?
14:12:16,458 DEBUG QueryTranslatorImpl:265 - parse() - HQL: from org.hibernate.test.ecid.Course order by courseCode
14:12:16,459 DEBUG QueryTranslatorImpl:283 - --- HQL AST ---
 \-[QUERY] Node: 'query'
    +-[SELECT_FROM] Node: 'SELECT_FROM'
    |  \-[FROM] Node: 'from'
    |     \-[RANGE] Node: 'RANGE'
    |        \-[DOT] Node: '.'
    |           +-[DOT] Node: '.'
    |           |  +-[DOT] Node: '.'
    |           |  |  +-[DOT] Node: '.'
    |           |  |  |  +-[IDENT] Node: 'org'
    |           |  |  |  \-[IDENT] Node: 'hibernate'
    |           |  |  \-[IDENT] Node: 'test'
    |           |  \-[IDENT] Node: 'ecid'
    |           \-[IDENT] Node: 'Course'
    \-[ORDER] Node: 'order'
       \-[IDENT] Node: 'courseCode'

14:12:16,467 DEBUG ErrorCounter:82 - throwQueryException() : no errors
14:12:16,468 DEBUG FromElement:157 - FromClause{level=1} : org.hibernate.test.ecid.Course (<no alias>) -> course0_
14:12:16,468 DEBUG FromReferenceNode:74 - Resolved : {synthetic-alias} -> {synthetic-alias}
14:12:16,468 DEBUG DotNode:599 - getDataType() : courseCode -> org.hibernate.type.StringType@2dc8de40
14:12:16,468 DEBUG FromReferenceNode:74 - Resolved : {synthetic-alias}.courseCode -> course0_.courseCode
14:12:16,468 DEBUG HqlSqlWalker:629 - processQuery() :  ( SELECT ( FromClause{level=1} SchoolCourses course0_ ) ( order ( course0_.courseCode {synthetic-alias} courseCode ) ) )
14:12:16,468 DEBUG HqlSqlWalker:869 - Derived SELECT clause created.
14:12:16,469 DEBUG JoinProcessor:175 - Using FROM fragment [SchoolCourses course0_]
14:12:16,469 DEBUG QueryTranslatorImpl:252 - --- SQL AST ---
 \-[SELECT] QueryNode: 'SELECT'  querySpaces (SchoolCourses)
    +-[SELECT_CLAUSE] SelectClause: '{derived select clause}'
    |  +-[SELECT_EXPR] SelectExpressionImpl: 'course0_.courseCode as courseCode0_, course0_.org as org0_' {FromElement{explicit,not a collection join,not a fetch join,fetch non-lazy properties,classAlias=null,role=null,tableName=SchoolCourses,tableAlias=course0_,origin=null,columns={,className=org.hibernate.test.ecid.Course}}}
    |  \-[SQL_TOKEN] SqlFragment: 'course0_.description as descript4_0_, course0_.semester as semester0_, course0_.schoolLevel as schoolLe3_0_'
    +-[FROM] FromClause: 'from' FromClause{level=1, fromElementCounter=1, fromElements=1, fromElementByClassAlias=[], fromElementByTableAlias=[course0_], fromElementsByPath=[], collectionJoinFromElementsByPath=[], impliedElements=[]}
    |  \-[FROM_FRAGMENT] FromElement: 'SchoolCourses course0_' FromElement{explicit,not a collection join,not a fetch join,fetch non-lazy properties,classAlias=null,role=null,tableName=SchoolCourses,tableAlias=course0_,origin=null,columns={,className=org.hibernate.test.ecid.Course}}
    \-[ORDER] OrderByClause: 'order'
       \-[DOT] DotNode: 'course0_.courseCode' {propertyName=courseCode,dereferenceType=ALL,propertyPath=courseCode,path={synthetic-alias}.courseCode,tableAlias=course0_,className=org.hibernate.test.ecid.Course,classAlias=null}
          +-[IDENT] IdentNode: '{synthetic-alias}' {originalText={synthetic-alias}}
          \-[IDENT] IdentNode: 'courseCode' {originalText=courseCode}

14:12:16,469 DEBUG ErrorCounter:82 - throwQueryException() : no errors
14:12:16,469 DEBUG QueryTranslatorImpl:235 - HQL: from org.hibernate.test.ecid.Course order by courseCode
14:12:16,469 DEBUG QueryTranslatorImpl:236 - SQL: select course0_.courseCode as courseCode0_, course0_.org as org0_, course0_.description as descript4_0_, course0_.semester as semester0_, course0_.schoolLevel as schoolLe3_0_ from SchoolCourses course0_ order by course0_.courseCode
14:12:16,469 DEBUG ErrorCounter:82 - throwQueryException() : no errors
14:12:16,470 DEBUG SQL:104 - 
    select
        course0_.courseCode as courseCode0_,
        course0_.org as org0_,
        course0_.description as descript4_0_,
        course0_.semester as semester0_,
        course0_.schoolLevel as schoolLe3_0_ 
    from
        SchoolCourses course0_ 
    order by
        course0_.courseCode
14:12:16,478 DEBUG SQL:104 - 
    select
        course_.courseCode,
        course_.org,
        course_.description as descript4_0_ 
    from
        SchoolCourses course_ 
    where
        course_.courseCode=? 
        and course_.org=?
14:12:16,479 DEBUG SQL:104 - 
    select
        university_.courseCode,
        university_.org,
        university_.description as descript4_0_,
        university_.semester as semester0_ 
    from
        SchoolCourses university_ 
    where
        university_.courseCode=? 
        and university_.org=?
14:12:16,479 DEBUG SQL:104 - 
    update
        SchoolCourses 
    set
        description=? 
    where
        courseCode=? 
        and org=?
14:12:16,491 DEBUG SQL:104 - 
    update
        SchoolCourses 
    set
        description=?,
        semester=? 
    where
        courseCode=? 
        and org=?
14:12:16,492 DEBUG SQL:104 - 
    select
        course_.courseCode,
        course_.org,
        course_.description as descript4_0_ 
    from
        SchoolCourses course_ 
    where
        course_.courseCode=? 
        and course_.org=?
14:12:16,492 DEBUG SQL:104 - 
    select
        university_.courseCode,
        university_.org,
        university_.description as descript4_0_,
        university_.semester as semester0_ 
    from
        SchoolCourses university_ 
    where
        university_.courseCode=? 
        and university_.org=?
14:12:16,504 DEBUG SQL:104 - 
    delete 
    from
        SchoolCourses 
    where
        courseCode=? 
        and org=?
14:12:16,504 DEBUG SQL:104 - 
    delete 
    from
        SchoolCourses 
    where
        courseCode=? 
        and org=?
14:12:16,505  INFO SchemaExport:343 - HHH000227: Running hbm2ddl schema export
14:12:16,506 DEBUG SchemaExport:353 - Import file not found: /import.sql
14:12:16,506 DEBUG SQL:104 - 
    drop table SchoolCourses if exists
14:12:16,506  INFO SchemaExport:405 - HHH000230: Schema export complete
14:12:16,506  INFO DriverManagerConnectionProviderImpl:162 - HHH000030: Cleaning up connection pool [jdbc:h2:mem:db1;DB_CLOSE_DELAY=-1;MVCC=TRUE]
]]></system-out>
  <system-err><![CDATA[]]></system-err>
</testsuite>
