<?xml version="1.0" encoding="UTF-8"?>
<testsuite errors="0" failures="0" hostname="dhcp-10.15.208.168.stl.redhat.com" name="org.hibernate.test.abstractembeddedcomponents.cid.AbstractCompositeIdTest" tests="1" time="0.267" timestamp="2013-02-28T20:10:04">
  <properties />
  <testcase classname="org.hibernate.test.abstractembeddedcomponents.cid.AbstractCompositeIdTest" name="testEmbeddedCompositeIdentifierOnAbstractClass" time="0.132" />
  <system-out><![CDATA[14:10:04,200  INFO CustomRunner:132 - BeforeClass: org.hibernate.test.abstractembeddedcomponents.cid.AbstractCompositeIdTest
14:10:04,204  INFO Configuration:706 - HHH000221: Reading mappings from resource: org/hibernate/test/abstractembeddedcomponents/cid/Mappings.hbm.xml
14:10:04,266  WARN RootClass:288 - HHH000038: Composite-id class does not override equals(): org.hibernate.test.abstractembeddedcomponents.cid.MyInterface
14:10:04,266  WARN RootClass:289 - HHH000039: Composite-id class does not override hashCode(): org.hibernate.test.abstractembeddedcomponents.cid.MyInterface
14:10:04,268  INFO DriverManagerConnectionProviderImpl:99 - HHH000402: Using Hibernate built-in connection pool (not for production use!)
14:10:04,269  INFO DriverManagerConnectionProviderImpl:135 - HHH000115: Hibernate connection pool size: 5
14:10:04,270  INFO DriverManagerConnectionProviderImpl:138 - HHH000006: Autocommit mode: false
14:10:04,270  INFO DriverManagerConnectionProviderImpl:153 - HHH000401: using driver [org.h2.Driver] at URL [jdbc:h2:mem:db1;DB_CLOSE_DELAY=-1;MVCC=TRUE]
14:10:04,272  INFO DriverManagerConnectionProviderImpl:158 - HHH000046: Connection properties: {user=sa}
14:10:04,277  INFO Dialect:103 - HHH000400: Using dialect: org.hibernate.dialect.H2Dialect
14:10:04,279  INFO LobCreatorBuilder:94 - HHH000423: Disabling contextual LOB creation as JDBC driver reported JDBC version [3] less than 4
14:10:04,281  INFO TransactionFactoryInitiator:66 - HHH000399: Using default transaction strategy (direct JDBC transactions)
14:10:04,281  INFO ASTQueryTranslatorFactory:48 - HHH000397: Using ASTQueryTranslatorFactory
14:10:04,282  WARN CachingRegionFactory:58 - CachingRegionFactory should be only used for testing.
14:10:04,319  INFO SchemaExport:343 - HHH000227: Running hbm2ddl schema export
14:10:04,321 DEBUG SchemaExport:353 - Import file not found: /import.sql
14:10:04,321 DEBUG SQL:104 - 
    drop table MY_INTF if exists
14:10:04,322 DEBUG SQL:104 - 
    create table MY_INTF (
        key1 varchar(255) not null,
        key2 varchar(255) not null,
        "TYPE" varchar(10) not null,
        name varchar(255),
        primary key (key1, key2)
    )
14:10:04,323  INFO SchemaExport:405 - HHH000230: Schema export complete
14:10:04,323  WARN SessionFactoryImpl:1554 - HHH000008: JTASessionContext being used with JDBCTransactionFactory; auto-flush will not operate correctly with getCurrentSession()
14:10:04,324  INFO CustomRunner:139 - Test: testEmbeddedCompositeIdentifierOnAbstractClass
14:10:04,327 DEBUG SQL:104 - 
    insert 
    into
        MY_INTF
        (name, "TYPE", key1, key2) 
    values
        (?, '1', ?, ?)
14:10:04,361 DEBUG QueryTranslatorImpl:265 - parse() - HQL: from org.hibernate.test.abstractembeddedcomponents.cid.MyInterface
14:10:04,365 DEBUG QueryTranslatorImpl:283 - --- HQL AST ---
 \-[QUERY] Node: 'query'
    \-[SELECT_FROM] Node: 'SELECT_FROM'
       \-[FROM] Node: 'from'
          \-[RANGE] Node: 'RANGE'
             \-[DOT] Node: '.'
                +-[DOT] Node: '.'
                |  +-[DOT] Node: '.'
                |  |  +-[DOT] Node: '.'
                |  |  |  +-[DOT] Node: '.'
                |  |  |  |  +-[IDENT] Node: 'org'
                |  |  |  |  \-[IDENT] Node: 'hibernate'
                |  |  |  \-[IDENT] Node: 'test'
                |  |  \-[IDENT] Node: 'abstractembeddedcomponents'
                |  \-[IDENT] Node: 'cid'
                \-[IDENT] Node: 'MyInterface'

14:10:04,366 DEBUG ErrorCounter:82 - throwQueryException() : no errors
14:10:04,415 DEBUG FromElement:157 - FromClause{level=1} : org.hibernate.test.abstractembeddedcomponents.cid.MyInterface (<no alias>) -> myinterfac0_
14:10:04,416 DEBUG HqlSqlWalker:629 - processQuery() :  ( SELECT ( FromClause{level=1} MY_INTF myinterfac0_ ) )
14:10:04,421 DEBUG HqlSqlWalker:869 - Derived SELECT clause created.
14:10:04,427 DEBUG JoinProcessor:175 - Using FROM fragment [MY_INTF myinterfac0_]
14:10:04,429 DEBUG QueryTranslatorImpl:252 - --- SQL AST ---
 \-[SELECT] QueryNode: 'SELECT'  querySpaces (MY_INTF)
    +-[SELECT_CLAUSE] SelectClause: '{derived select clause}'
    |  +-[SELECT_EXPR] SelectExpressionImpl: 'myinterfac0_.key1 as key1_0_, myinterfac0_.key2 as key2_0_' {FromElement{explicit,not a collection join,not a fetch join,fetch non-lazy properties,classAlias=null,role=null,tableName=MY_INTF,tableAlias=myinterfac0_,origin=null,columns={,className=org.hibernate.test.abstractembeddedcomponents.cid.MyInterface}}}
    |  \-[SQL_TOKEN] SqlFragment: 'myinterfac0_.name as name0_, myinterfac0_."TYPE" as TYPE3_0_'
    \-[FROM] FromClause: 'from' FromClause{level=1, fromElementCounter=1, fromElements=1, fromElementByClassAlias=[], fromElementByTableAlias=[myinterfac0_], fromElementsByPath=[], collectionJoinFromElementsByPath=[], impliedElements=[]}
       \-[FROM_FRAGMENT] FromElement: 'MY_INTF myinterfac0_' FromElement{explicit,not a collection join,not a fetch join,fetch non-lazy properties,classAlias=null,role=null,tableName=MY_INTF,tableAlias=myinterfac0_,origin=null,columns={,className=org.hibernate.test.abstractembeddedcomponents.cid.MyInterface}}

14:10:04,429 DEBUG ErrorCounter:82 - throwQueryException() : no errors
14:10:04,438 DEBUG QueryTranslatorImpl:235 - HQL: from org.hibernate.test.abstractembeddedcomponents.cid.MyInterface
14:10:04,438 DEBUG QueryTranslatorImpl:236 - SQL: select myinterfac0_.key1 as key1_0_, myinterfac0_.key2 as key2_0_, myinterfac0_.name as name0_, myinterfac0_."TYPE" as TYPE3_0_ from MY_INTF myinterfac0_
14:10:04,440 DEBUG ErrorCounter:82 - throwQueryException() : no errors
14:10:04,445 DEBUG SQL:104 - 
    select
        myinterfac0_.key1 as key1_0_,
        myinterfac0_.key2 as key2_0_,
        myinterfac0_.name as name0_,
        myinterfac0_."TYPE" as TYPE3_0_ 
    from
        MY_INTF myinterfac0_
14:10:04,450 DEBUG SQL:104 - 
    delete 
    from
        MY_INTF 
    where
        key1=? 
        and key2=?
14:10:04,457  INFO SchemaExport:343 - HHH000227: Running hbm2ddl schema export
14:10:04,463 DEBUG SchemaExport:353 - Import file not found: /import.sql
14:10:04,463 DEBUG SQL:104 - 
    drop table MY_INTF if exists
14:10:04,464  INFO SchemaExport:405 - HHH000230: Schema export complete
14:10:04,465  INFO DriverManagerConnectionProviderImpl:162 - HHH000030: Cleaning up connection pool [jdbc:h2:mem:db1;DB_CLOSE_DELAY=-1;MVCC=TRUE]
]]></system-out>
  <system-err><![CDATA[]]></system-err>
</testsuite>
