<?xml version="1.0" encoding="UTF-8"?>
<testsuite errors="0" failures="0" hostname="dhcp-10.15.208.168.stl.redhat.com" name="org.hibernate.test.collection.map.PersistentMapTest" tests="3" time="0.169" timestamp="2013-02-28T20:11:56">
  <properties />
  <testcase classname="org.hibernate.test.collection.map.PersistentMapTest" name="testPutAgainstUninitializedMap" time="0.027" />
  <testcase classname="org.hibernate.test.collection.map.PersistentMapTest" name="testRemoveAgainstUninitializedMap" time="0.057" />
  <testcase classname="org.hibernate.test.collection.map.PersistentMapTest" name="testWriteMethodDirtying" time="0.015" />
  <system-out><![CDATA[14:11:56,346  INFO CustomRunner:132 - BeforeClass: org.hibernate.test.collection.map.PersistentMapTest
14:11:56,352  INFO Configuration:706 - HHH000221: Reading mappings from resource: org/hibernate/test/collection/map/Mappings.hbm.xml
14:11:56,363  INFO DriverManagerConnectionProviderImpl:99 - HHH000402: Using Hibernate built-in connection pool (not for production use!)
14:11:56,363  INFO DriverManagerConnectionProviderImpl:135 - HHH000115: Hibernate connection pool size: 5
14:11:56,363  INFO DriverManagerConnectionProviderImpl:138 - HHH000006: Autocommit mode: false
14:11:56,364  INFO DriverManagerConnectionProviderImpl:153 - HHH000401: using driver [org.h2.Driver] at URL [jdbc:h2:mem:db1;DB_CLOSE_DELAY=-1;MVCC=TRUE]
14:11:56,364  INFO DriverManagerConnectionProviderImpl:158 - HHH000046: Connection properties: {user=sa}
14:11:56,367  INFO Dialect:103 - HHH000400: Using dialect: org.hibernate.dialect.H2Dialect
14:11:56,367  INFO LobCreatorBuilder:94 - HHH000423: Disabling contextual LOB creation as JDBC driver reported JDBC version [3] less than 4
14:11:56,368  INFO TransactionFactoryInitiator:66 - HHH000399: Using default transaction strategy (direct JDBC transactions)
14:11:56,368  INFO ASTQueryTranslatorFactory:48 - HHH000397: Using ASTQueryTranslatorFactory
14:11:56,368  WARN CachingRegionFactory:58 - CachingRegionFactory should be only used for testing.
14:11:56,395  INFO SchemaExport:343 - HHH000227: Running hbm2ddl schema export
14:11:56,405 DEBUG SchemaExport:353 - Import file not found: /import.sql
14:11:56,405 DEBUG SQL:104 - 
    alter table Child 
        drop constraint FK3E104FCB030CB20
14:11:56,405 ERROR SchemaExport:425 - HHH000389: Unsuccessful: alter table Child drop constraint FK3E104FCB030CB20
14:11:56,405 ERROR SchemaExport:426 - Table "CHILD" not found; SQL statement:

    alter table Child 
        drop constraint FK3E104FCB030CB20 [42102-145]
14:11:56,406 DEBUG SQL:104 - 
    drop table Child if exists
14:11:56,406 DEBUG SQL:104 - 
    drop table Parent if exists
14:11:56,406 DEBUG SQL:104 - 
    create table Child (
        NAME varchar(255) not null,
        parent varchar(255),
        primary key (NAME)
    )
14:11:56,406 DEBUG SQL:104 - 
    create table Parent (
        NAME varchar(255) not null,
        primary key (NAME)
    )
14:11:56,407 DEBUG SQL:104 - 
    alter table Child 
        add constraint FK3E104FCB030CB20 
        foreign key (parent) 
        references Parent
14:11:56,407  INFO SchemaExport:405 - HHH000230: Schema export complete
14:11:56,408  WARN SessionFactoryImpl:1554 - HHH000008: JTASessionContext being used with JDBCTransactionFactory; auto-flush will not operate correctly with getCurrentSession()
14:11:56,408  INFO CustomRunner:139 - Test: testPutAgainstUninitializedMap
14:11:56,415 DEBUG SQL:104 - 
    insert 
    into
        Parent
        (NAME) 
    values
        (?)
14:11:56,416 DEBUG SQL:104 - 
    select
        parent0_.NAME as NAME1_0_ 
    from
        Parent parent0_ 
    where
        parent0_.NAME=?
14:11:56,416 DEBUG SQL:104 - 
    select
        children0_.PARENT as PARENT1_1_,
        children0_.NAME as NAME0_1_,
        children0_.NAME as formula44_1_,
        children0_.NAME as NAME0_0_,
        children0_.parent as parent0_0_ 
    from
        Child children0_ 
    where
        children0_.PARENT=?
14:11:56,419 DEBUG SQL:104 - 
    select
        child_.NAME,
        child_.parent as parent0_ 
    from
        Child child_ 
    where
        child_.NAME=?
14:11:56,419 DEBUG SQL:104 - 
    select
        child_.NAME,
        child_.parent as parent0_ 
    from
        Child child_ 
    where
        child_.NAME=?
14:11:56,420 DEBUG SQL:104 - 
    insert 
    into
        Child
        (parent, NAME) 
    values
        (?, ?)
14:11:56,421 DEBUG SQL:104 - 
    insert 
    into
        Child
        (parent, NAME) 
    values
        (?, ?)
14:11:56,421 DEBUG SQL:104 - 
    select
        parent_.NAME 
    from
        Parent parent_ 
    where
        parent_.NAME=?
14:11:56,421 DEBUG SQL:104 - 
    select
        child_.NAME,
        child_.parent as parent0_ 
    from
        Child child_ 
    where
        child_.NAME=?
14:11:56,422 DEBUG SQL:104 - 
    select
        child_.NAME,
        child_.parent as parent0_ 
    from
        Child child_ 
    where
        child_.NAME=?
14:11:56,422 DEBUG SQL:104 - 
    delete 
    from
        Child 
    where
        NAME=?
14:11:56,423 DEBUG SQL:104 - 
    delete 
    from
        Child 
    where
        NAME=?
14:11:56,435 DEBUG SQL:104 - 
    delete 
    from
        Parent 
    where
        NAME=?
14:11:56,436  INFO CustomRunner:139 - Test: testRemoveAgainstUninitializedMap
14:11:56,437 DEBUG SQL:104 - 
    select
        child_.NAME,
        child_.parent as parent0_ 
    from
        Child child_ 
    where
        child_.NAME=?
14:11:56,438 DEBUG SQL:104 - 
    insert 
    into
        Parent
        (NAME) 
    values
        (?)
14:11:56,439 DEBUG SQL:104 - 
    insert 
    into
        Child
        (parent, NAME) 
    values
        (?, ?)
14:11:56,468 DEBUG SQL:104 - 
    select
        parent0_.NAME as NAME1_0_ 
    from
        Parent parent0_ 
    where
        parent0_.NAME=?
14:11:56,469 DEBUG SQL:104 - 
    select
        children0_.PARENT as PARENT1_1_,
        children0_.NAME as NAME0_1_,
        children0_.NAME as formula44_1_,
        children0_.NAME as NAME0_0_,
        children0_.parent as parent0_0_ 
    from
        Child children0_ 
    where
        children0_.PARENT=?
14:11:56,485 DEBUG SQL:104 - 
    update
        Child 
    set
        parent=? 
    where
        NAME=?
14:11:56,486 DEBUG SQL:104 - 
    select
        parent0_.NAME as NAME1_0_ 
    from
        Parent parent0_ 
    where
        parent0_.NAME=?
14:11:56,487 DEBUG SQL:104 - 
    select
        children0_.PARENT as PARENT1_1_,
        children0_.NAME as NAME0_1_,
        children0_.NAME as formula44_1_,
        children0_.NAME as NAME0_0_,
        children0_.parent as parent0_0_ 
    from
        Child children0_ 
    where
        children0_.PARENT=?
14:11:56,492 DEBUG SQL:104 - 
    select
        child_.NAME,
        child_.parent as parent0_ 
    from
        Child child_ 
    where
        child_.NAME=?
14:11:56,492 DEBUG SQL:104 - 
    delete 
    from
        Child 
    where
        NAME=?
14:11:56,493 DEBUG SQL:104 - 
    delete 
    from
        Parent 
    where
        NAME=?
14:11:56,494  INFO CustomRunner:139 - Test: testWriteMethodDirtying
14:11:56,495 DEBUG SQL:104 - 
    select
        child_.NAME,
        child_.parent as parent0_ 
    from
        Child child_ 
    where
        child_.NAME=?
14:11:56,503 DEBUG SQL:104 - 
    insert 
    into
        Parent
        (NAME) 
    values
        (?)
14:11:56,504 DEBUG SQL:104 - 
    insert 
    into
        Child
        (parent, NAME) 
    values
        (?, ?)
14:11:56,505 DEBUG SQL:104 - 
    delete 
    from
        Child 
    where
        NAME=?
14:11:56,506 DEBUG SQL:104 - 
    delete 
    from
        Parent 
    where
        NAME=?
14:11:56,509  INFO SchemaExport:343 - HHH000227: Running hbm2ddl schema export
14:11:56,510 DEBUG SchemaExport:353 - Import file not found: /import.sql
14:11:56,510 DEBUG SQL:104 - 
    alter table Child 
        drop constraint FK3E104FCB030CB20
14:11:56,510 DEBUG SQL:104 - 
    drop table Child if exists
14:11:56,510 DEBUG SQL:104 - 
    drop table Parent if exists
14:11:56,511  INFO SchemaExport:405 - HHH000230: Schema export complete
14:11:56,511  INFO DriverManagerConnectionProviderImpl:162 - HHH000030: Cleaning up connection pool [jdbc:h2:mem:db1;DB_CLOSE_DELAY=-1;MVCC=TRUE]
]]></system-out>
  <system-err><![CDATA[]]></system-err>
</testsuite>
