<?xml version="1.0" encoding="UTF-8"?>
<testsuite errors="0" failures="0" hostname="dhcp-10.15.208.168.stl.redhat.com" name="org.hibernate.metamodel.source.annotations.xml.mocker.EntityListenerTest" tests="1" time="0.287" timestamp="2013-02-28T20:10:01">
  <properties />
  <testcase classname="org.hibernate.metamodel.source.annotations.xml.mocker.EntityListenerTest" name="basicEntityListenerMockTest" time="0.286" />
  <system-out><![CDATA[]]></system-out>
  <system-err><![CDATA[]]></system-err>
</testsuite>
