<?xml version="1.0" encoding="UTF-8"?>
<testsuite errors="0" failures="0" hostname="dhcp-10.15.208.168.stl.redhat.com" name="org.hibernate.test.querycache.HqlQueryCacheIgnoreResultTransformerTest" tests="59" time="12.428" timestamp="2013-02-28T20:18:19">
  <properties />
  <testcase classname="org.hibernate.test.querycache.HqlQueryCacheIgnoreResultTransformerTest" name="testAliasToBeanDtoLiteralArgList" time="0.081" />
  <testcase classname="org.hibernate.test.querycache.HqlQueryCacheIgnoreResultTransformerTest" name="testAliasToBeanDtoMultiArgList" time="0.174" />
  <testcase classname="org.hibernate.test.querycache.HqlQueryCacheIgnoreResultTransformerTest" name="testAliasToBeanDtoOneArgList" time="0.163" />
  <testcase classname="org.hibernate.test.querycache.HqlQueryCacheIgnoreResultTransformerTest" name="testAliasToBeanDtoWithNullAliasList" time="0.153" />
  <testcase classname="org.hibernate.test.querycache.HqlQueryCacheIgnoreResultTransformerTest" name="testAliasToEntityMapMultiAggregatedPropProjectionSingleResult" time="0.147" />
  <testcase classname="org.hibernate.test.querycache.HqlQueryCacheIgnoreResultTransformerTest" name="testAliasToEntityMapMultiProjectionList" time="0.202" />
  <testcase classname="org.hibernate.test.querycache.HqlQueryCacheIgnoreResultTransformerTest" name="testAliasToEntityMapMultiProjectionWithNullAliasList" time="0.201" />
  <testcase classname="org.hibernate.test.querycache.HqlQueryCacheIgnoreResultTransformerTest" name="testAliasToEntityMapNoProjectionList" time="0.161" />
  <testcase classname="org.hibernate.test.querycache.HqlQueryCacheIgnoreResultTransformerTest" name="testAliasToEntityMapNoProjectionMultiAndNullList" time="0.164" />
  <testcase classname="org.hibernate.test.querycache.HqlQueryCacheIgnoreResultTransformerTest" name="testAliasToEntityMapNoProjectionNullAndNonNullAliasList" time="0.168" />
  <testcase classname="org.hibernate.test.querycache.HqlQueryCacheIgnoreResultTransformerTest" name="testAliasToEntityMapOneProjectionList" time="0.193" />
  <testcase classname="org.hibernate.test.querycache.HqlQueryCacheIgnoreResultTransformerTest" name="testEntityWithAliasedJoinFetchedLazyOneToManySingleElementListHql" time="0.189" />
  <testcase classname="org.hibernate.test.querycache.HqlQueryCacheIgnoreResultTransformerTest" name="testEntityWithJoinFetchedLazyManyToOneList" time="0.729" />
  <testcase classname="org.hibernate.test.querycache.HqlQueryCacheIgnoreResultTransformerTest" name="testEntityWithJoinFetchedLazyManyToOneUsingProjectionList" time="0.181" />
  <testcase classname="org.hibernate.test.querycache.HqlQueryCacheIgnoreResultTransformerTest" name="testEntityWithJoinFetchedLazyOneToManyMultiAndNullElementList" time="0.726" />
  <testcase classname="org.hibernate.test.querycache.HqlQueryCacheIgnoreResultTransformerTest" name="testEntityWithJoinedLazyManyToOneListCriteria" time="0.5" />
  <testcase classname="org.hibernate.test.querycache.HqlQueryCacheIgnoreResultTransformerTest" name="testEntityWithJoinedLazyManyToOneListHql" time="0.319" />
  <testcase classname="org.hibernate.test.querycache.HqlQueryCacheIgnoreResultTransformerTest" name="testEntityWithJoinedLazyOneToManyMultiAndNullListCriteria" time="0.373" />
  <testcase classname="org.hibernate.test.querycache.HqlQueryCacheIgnoreResultTransformerTest" name="testEntityWithJoinedLazyOneToManyMultiAndNullListHql" time="0.313" />
  <testcase classname="org.hibernate.test.querycache.HqlQueryCacheIgnoreResultTransformerTest" name="testEntityWithJoinedLazyOneToManySingleElementListCriteria" time="0.414" />
  <testcase classname="org.hibernate.test.querycache.HqlQueryCacheIgnoreResultTransformerTest" name="testEntityWithJoinedLazyOneToManySingleElementListHql" time="0.365" />
  <testcase classname="org.hibernate.test.querycache.HqlQueryCacheIgnoreResultTransformerTest" name="testEntityWithLazyAssnList" time="0.155" />
  <testcase classname="org.hibernate.test.querycache.HqlQueryCacheIgnoreResultTransformerTest" name="testEntityWithLazyAssnUnique" time="0.146" />
  <testcase classname="org.hibernate.test.querycache.HqlQueryCacheIgnoreResultTransformerTest" name="testEntityWithNonLazyManyToOneList" time="0.241" />
  <testcase classname="org.hibernate.test.querycache.HqlQueryCacheIgnoreResultTransformerTest" name="testEntityWithNonLazyOneToManyUnique" time="0.14" />
  <testcase classname="org.hibernate.test.querycache.HqlQueryCacheIgnoreResultTransformerTest" name="testEntityWithSelectFetchedLazyOneToManySingleElementListCriteria" time="0.146" />
  <testcase classname="org.hibernate.test.querycache.HqlQueryCacheIgnoreResultTransformerTest" name="testEntityWithUnaliasedJoinFetchedLazyOneToManySingleElementList" time="0.199" />
  <testcase classname="org.hibernate.test.querycache.HqlQueryCacheIgnoreResultTransformerTest" name="testJoinWithFetchJoinListCriteria" time="0.207" />
  <testcase classname="org.hibernate.test.querycache.HqlQueryCacheIgnoreResultTransformerTest" name="testJoinWithFetchJoinListHql" time="0.123" />
  <testcase classname="org.hibernate.test.querycache.HqlQueryCacheIgnoreResultTransformerTest" name="testJoinWithFetchJoinWithAliasedJoinedAndOwnerProjectedListHql" time="0.187" />
  <testcase classname="org.hibernate.test.querycache.HqlQueryCacheIgnoreResultTransformerTest" name="testJoinWithFetchJoinWithOwnerAndAliasedJoinedProjectedListHql" time="0.182" />
  <testcase classname="org.hibernate.test.querycache.HqlQueryCacheIgnoreResultTransformerTest" name="testJoinWithFetchJoinWithOwnerAndPropProjectedList" time="0.208" />
  <testcase classname="org.hibernate.test.querycache.HqlQueryCacheIgnoreResultTransformerTest" name="testJoinWithFetchJoinWithPropAndOwnerProjectedList" time="0.267" />
  <testcase classname="org.hibernate.test.querycache.HqlQueryCacheIgnoreResultTransformerTest" name="testListElementsProjectionList" time="0.095" />
  <testcase classname="org.hibernate.test.querycache.HqlQueryCacheIgnoreResultTransformerTest" name="testMapElementsList" time="0.182" />
  <testcase classname="org.hibernate.test.querycache.HqlQueryCacheIgnoreResultTransformerTest" name="testMapEntryList" time="0.188" />
  <testcase classname="org.hibernate.test.querycache.HqlQueryCacheIgnoreResultTransformerTest" name="testMapKeyList" time="0.159" />
  <testcase classname="org.hibernate.test.querycache.HqlQueryCacheIgnoreResultTransformerTest" name="testMapValueList" time="0.147" />
  <testcase classname="org.hibernate.test.querycache.HqlQueryCacheIgnoreResultTransformerTest" name="testMultiAggregatedPropProjectionSingleResult" time="0.15" />
  <testcase classname="org.hibernate.test.querycache.HqlQueryCacheIgnoreResultTransformerTest" name="testMultiEntityProjectionAliasedList" time="0.185" />
  <testcase classname="org.hibernate.test.querycache.HqlQueryCacheIgnoreResultTransformerTest" name="testMultiEntityProjectionList" time="0.185" />
  <testcase classname="org.hibernate.test.querycache.HqlQueryCacheIgnoreResultTransformerTest" name="testMultiEntityProjectionUnique" time="0.222" />
  <testcase classname="org.hibernate.test.querycache.HqlQueryCacheIgnoreResultTransformerTest" name="testMultiProjectionListThenApplyAliasToBean" time="0.145" />
  <testcase classname="org.hibernate.test.querycache.HqlQueryCacheIgnoreResultTransformerTest" name="testMultiSelectAliasToEntityMapUsingAliasesWithFetchJoinList" time="0.196" />
  <testcase classname="org.hibernate.test.querycache.HqlQueryCacheIgnoreResultTransformerTest" name="testMultiSelectNewList" time="0.155" />
  <testcase classname="org.hibernate.test.querycache.HqlQueryCacheIgnoreResultTransformerTest" name="testMultiSelectNewListList" time="0.149" />
  <testcase classname="org.hibernate.test.querycache.HqlQueryCacheIgnoreResultTransformerTest" name="testMultiSelectNewMapUsingAliasesList" time="0.192" />
  <testcase classname="org.hibernate.test.querycache.HqlQueryCacheIgnoreResultTransformerTest" name="testMultiSelectNewMapUsingAliasesWithFetchJoinList" time="0.104" />
  <testcase classname="org.hibernate.test.querycache.HqlQueryCacheIgnoreResultTransformerTest" name="testMultiSelectNewWithLiteralList" time="0.16" />
  <testcase classname="org.hibernate.test.querycache.HqlQueryCacheIgnoreResultTransformerTest" name="testMultiSelectUsingImplicitJoinWithFetchJoinListHql" time="0.163" />
  <testcase classname="org.hibernate.test.querycache.HqlQueryCacheIgnoreResultTransformerTest" name="testOneEntityProjectionList" time="0.166" />
  <testcase classname="org.hibernate.test.querycache.HqlQueryCacheIgnoreResultTransformerTest" name="testOneEntityProjectionUnique" time="0.159" />
  <testcase classname="org.hibernate.test.querycache.HqlQueryCacheIgnoreResultTransformerTest" name="testOneNonEntityProjectionList" time="0.157" />
  <testcase classname="org.hibernate.test.querycache.HqlQueryCacheIgnoreResultTransformerTest" name="testOneNonEntityProjectionUnique" time="0.141" />
  <testcase classname="org.hibernate.test.querycache.HqlQueryCacheIgnoreResultTransformerTest" name="testOneSelectNewAliasesList" time="0.168" />
  <testcase classname="org.hibernate.test.querycache.HqlQueryCacheIgnoreResultTransformerTest" name="testOneSelectNewNoAliasesList" time="0.129" />
  <testcase classname="org.hibernate.test.querycache.HqlQueryCacheIgnoreResultTransformerTest" name="testSelectNewEntityConstructorList" time="0.158" />
  <testcase classname="org.hibernate.test.querycache.HqlQueryCacheIgnoreResultTransformerTest" name="testSelectNewMapUsingAliasesList" time="0.162" />
  <testcase classname="org.hibernate.test.querycache.HqlQueryCacheIgnoreResultTransformerTest" name="testSingleAggregatedPropProjectionSingleResult" time="0.141" />
  <system-out><![CDATA[14:18:19,915  INFO CustomRunner:132 - BeforeClass: org.hibernate.test.querycache.HqlQueryCacheIgnoreResultTransformerTest
14:18:19,917  INFO Configuration:706 - HHH000221: Reading mappings from resource: org/hibernate/test/querycache/Enrolment.hbm.xml
14:18:19,926  INFO DriverManagerConnectionProviderImpl:99 - HHH000402: Using Hibernate built-in connection pool (not for production use!)
14:18:19,927  INFO DriverManagerConnectionProviderImpl:135 - HHH000115: Hibernate connection pool size: 5
14:18:19,927  INFO DriverManagerConnectionProviderImpl:138 - HHH000006: Autocommit mode: false
14:18:19,927  INFO DriverManagerConnectionProviderImpl:153 - HHH000401: using driver [org.h2.Driver] at URL [jdbc:h2:mem:db1;DB_CLOSE_DELAY=-1;MVCC=TRUE]
14:18:19,928  INFO DriverManagerConnectionProviderImpl:158 - HHH000046: Connection properties: {user=sa}
14:18:19,929  INFO Dialect:103 - HHH000400: Using dialect: org.hibernate.dialect.H2Dialect
14:18:19,929  INFO LobCreatorBuilder:94 - HHH000423: Disabling contextual LOB creation as JDBC driver reported JDBC version [3] less than 4
14:18:19,930  INFO TransactionFactoryInitiator:66 - HHH000399: Using default transaction strategy (direct JDBC transactions)
14:18:19,930  INFO ASTQueryTranslatorFactory:48 - HHH000397: Using ASTQueryTranslatorFactory
14:18:19,930  WARN CachingRegionFactory:58 - CachingRegionFactory should be only used for testing.
14:18:19,931  INFO UpdateTimestampsCache:61 - HHH000250: Starting update timestamps cache at region: foo.org.hibernate.cache.spi.UpdateTimestampsCache
14:18:19,931  INFO StandardQueryCache:86 - HHH000248: Starting query cache at region: foo.org.hibernate.cache.internal.StandardQueryCache
14:18:19,940  INFO SchemaExport:343 - HHH000227: Running hbm2ddl schema export
14:18:19,941 DEBUG SchemaExport:353 - Import file not found: /import.sql
14:18:19,941 DEBUG SQL:104 - 
    alter table Address 
        drop constraint FK1ED033D47B5C59E1
14:18:19,941 ERROR SchemaExport:425 - HHH000389: Unsuccessful: alter table Address drop constraint FK1ED033D47B5C59E1
14:18:19,941 ERROR SchemaExport:426 - Table "ADDRESS" not found; SQL statement:

    alter table Address 
        drop constraint FK1ED033D47B5C59E1 [42102-145]
14:18:19,942 DEBUG SQL:104 - 
    alter table CourseMeeting 
        drop constraint FKC97EED80AEBBC201
14:18:19,942 ERROR SchemaExport:425 - HHH000389: Unsuccessful: alter table CourseMeeting drop constraint FKC97EED80AEBBC201
14:18:19,942 ERROR SchemaExport:426 - Table "COURSEMEETING" not found; SQL statement:

    alter table CourseMeeting 
        drop constraint FKC97EED80AEBBC201 [42102-145]
14:18:19,942 DEBUG SQL:104 - 
    alter table Enrolment 
        drop constraint FKEB4882C4EC5C133
14:18:19,943 ERROR SchemaExport:425 - HHH000389: Unsuccessful: alter table Enrolment drop constraint FKEB4882C4EC5C133
14:18:19,944 ERROR SchemaExport:426 - Table "ENROLMENT" not found; SQL statement:

    alter table Enrolment 
        drop constraint FKEB4882C4EC5C133 [42102-145]
14:18:19,944 DEBUG SQL:104 - 
    alter table Enrolment 
        drop constraint FKEB4882C4AEBBC201
14:18:19,944 ERROR SchemaExport:425 - HHH000389: Unsuccessful: alter table Enrolment drop constraint FKEB4882C4AEBBC201
14:18:19,944 ERROR SchemaExport:426 - Table "ENROLMENT" not found; SQL statement:

    alter table Enrolment 
        drop constraint FKEB4882C4AEBBC201 [42102-145]
14:18:19,944 DEBUG SQL:104 - 
    alter table Student 
        drop constraint FKF3371A1B5679E142
14:18:19,944 ERROR SchemaExport:425 - HHH000389: Unsuccessful: alter table Student drop constraint FKF3371A1B5679E142
14:18:19,945 ERROR SchemaExport:426 - Table "STUDENT" not found; SQL statement:

    alter table Student 
        drop constraint FKF3371A1B5679E142 [42102-145]
14:18:19,945 DEBUG SQL:104 - 
    alter table Student_secretCodes 
        drop constraint FKAF3CA7327B5C59E1
14:18:19,945 ERROR SchemaExport:425 - HHH000389: Unsuccessful: alter table Student_secretCodes drop constraint FKAF3CA7327B5C59E1
14:18:19,945 ERROR SchemaExport:426 - Table "STUDENT_SECRETCODES" not found; SQL statement:

    alter table Student_secretCodes 
        drop constraint FKAF3CA7327B5C59E1 [42102-145]
14:18:19,945 DEBUG SQL:104 - 
    drop table Address if exists
14:18:19,946 DEBUG SQL:104 - 
    drop table Course if exists
14:18:19,946 DEBUG SQL:104 - 
    drop table CourseMeeting if exists
14:18:19,946 DEBUG SQL:104 - 
    drop table Enrolment if exists
14:18:19,946 DEBUG SQL:104 - 
    drop table Student if exists
14:18:19,946 DEBUG SQL:104 - 
    drop table Student_secretCodes if exists
14:18:19,946 DEBUG SQL:104 - 
    create table Address (
        id bigint not null,
        addressType varchar(255),
        street varchar(255),
        city varchar(255),
        stateProvince varchar(255),
        postalCode varchar(255),
        country varchar(255),
        studentNumber bigint,
        primary key (id)
    )
14:18:19,947 DEBUG SQL:104 - 
    create table Course (
        courseCode varchar(255) not null,
        description varchar(255),
        primary key (courseCode)
    )
14:18:19,947 DEBUG SQL:104 - 
    create table CourseMeeting (
        courseCode varchar(255) not null,
        day varchar(255) not null,
        period integer not null,
        location varchar(255) not null,
        primary key (courseCode, day, period, location)
    )
14:18:19,948 DEBUG SQL:104 - 
    create table Enrolment (
        studentId bigint not null,
        courseCode varchar(255) not null,
        semester smallint not null,
        "year" smallint not null,
        primary key (studentId, courseCode)
    )
14:18:19,948 DEBUG SQL:104 - 
    create table Student (
        studentId bigint not null,
        name_first varchar(255) not null,
        name_middle varchar(255),
        name_last varchar(255) not null,
        preferredCourseCode varchar(255),
        primary key (studentId)
    )
14:18:19,949 DEBUG SQL:104 - 
    create table Student_secretCodes (
        studentNumber bigint not null,
        secretCode integer,
        i integer not null,
        primary key (studentNumber, i)
    )
14:18:19,949 DEBUG SQL:104 - 
    alter table Address 
        add constraint FK1ED033D47B5C59E1 
        foreign key (studentNumber) 
        references Student
14:18:19,950 DEBUG SQL:104 - 
    alter table CourseMeeting 
        add constraint FKC97EED80AEBBC201 
        foreign key (courseCode) 
        references Course
14:18:19,950 DEBUG SQL:104 - 
    alter table Enrolment 
        add constraint FKEB4882C4EC5C133 
        foreign key (studentId) 
        references Student
14:18:19,951 DEBUG SQL:104 - 
    alter table Enrolment 
        add constraint FKEB4882C4AEBBC201 
        foreign key (courseCode) 
        references Course
14:18:19,951 DEBUG SQL:104 - 
    alter table Student 
        add constraint FKF3371A1B5679E142 
        foreign key (preferredCourseCode) 
        references Course
14:18:19,952 DEBUG SQL:104 - 
    alter table Student_secretCodes 
        add constraint FKAF3CA7327B5C59E1 
        foreign key (studentNumber) 
        references Student
14:18:19,952  INFO SchemaExport:405 - HHH000230: Schema export complete
14:18:19,953  WARN SessionFactoryImpl:1554 - HHH000008: JTASessionContext being used with JDBCTransactionFactory; auto-flush will not operate correctly with getCurrentSession()
14:18:19,953  INFO CustomRunner:139 - Test: testAliasToBeanDtoLiteralArgList
14:18:19,954 DEBUG SQL:104 - 
    select
        coursemeet_.courseCode,
        coursemeet_.day,
        coursemeet_.period,
        coursemeet_.location 
    from
        CourseMeeting coursemeet_ 
    where
        coursemeet_.courseCode=? 
        and coursemeet_.day=? 
        and coursemeet_.period=? 
        and coursemeet_.location=?
14:18:19,955 DEBUG SQL:104 - 
    select
        coursemeet_.courseCode,
        coursemeet_.day,
        coursemeet_.period,
        coursemeet_.location 
    from
        CourseMeeting coursemeet_ 
    where
        coursemeet_.courseCode=? 
        and coursemeet_.day=? 
        and coursemeet_.period=? 
        and coursemeet_.location=?
14:18:19,955 DEBUG SQL:104 - 
    select
        max(id) 
    from
        Address
14:18:19,956 DEBUG SQL:104 - 
    insert 
    into
        Course
        (description, courseCode) 
    values
        (?, ?)
14:18:19,956 DEBUG BaseGeneralDataRegion:59 - Caching[foo.org.hibernate.cache.spi.UpdateTimestampsCache] : [Course] -> [5579090984779776]
14:18:19,956 DEBUG SQL:104 - 
    insert 
    into
        CourseMeeting
        (courseCode, day, period, location) 
    values
        (?, ?, ?, ?)
14:18:19,957 DEBUG BaseGeneralDataRegion:59 - Caching[foo.org.hibernate.cache.spi.UpdateTimestampsCache] : [CourseMeeting] -> [5579090984783872]
14:18:19,957 DEBUG SQL:104 - 
    insert 
    into
        CourseMeeting
        (courseCode, day, period, location) 
    values
        (?, ?, ?, ?)
14:18:19,957 DEBUG BaseGeneralDataRegion:59 - Caching[foo.org.hibernate.cache.spi.UpdateTimestampsCache] : [CourseMeeting] -> [5579090984783873]
14:18:19,957 DEBUG SQL:104 - 
    insert 
    into
        Student
        (name_first, name_middle, name_last, preferredCourseCode, studentId) 
    values
        (?, ?, ?, ?, ?)
14:18:19,957 DEBUG BaseGeneralDataRegion:59 - Caching[foo.org.hibernate.cache.spi.UpdateTimestampsCache] : [Student] -> [5579090984783874]
14:18:19,957 DEBUG SQL:104 - 
    insert 
    into
        Address
        (addressType, street, city, stateProvince, postalCode, country, studentNumber, id) 
    values
        (?, ?, ?, ?, ?, ?, ?, ?)
14:18:19,958 DEBUG BaseGeneralDataRegion:59 - Caching[foo.org.hibernate.cache.spi.UpdateTimestampsCache] : [Address] -> [5579090984787968]
14:18:19,958 DEBUG SQL:104 - 
    insert 
    into
        Address
        (addressType, street, city, stateProvince, postalCode, country, studentNumber, id) 
    values
        (?, ?, ?, ?, ?, ?, ?, ?)
14:18:19,958 DEBUG BaseGeneralDataRegion:59 - Caching[foo.org.hibernate.cache.spi.UpdateTimestampsCache] : [Address] -> [5579090984787969]
14:18:19,958 DEBUG SQL:104 - 
    insert 
    into
        Student
        (name_first, name_middle, name_last, preferredCourseCode, studentId) 
    values
        (?, ?, ?, ?, ?)
14:18:19,958 DEBUG BaseGeneralDataRegion:59 - Caching[foo.org.hibernate.cache.spi.UpdateTimestampsCache] : [Student] -> [5579090984787970]
14:18:19,958 DEBUG SQL:104 - 
    insert 
    into
        Enrolment
        (semester, "year", studentId, courseCode) 
    values
        (?, ?, ?, ?)
14:18:19,959 DEBUG BaseGeneralDataRegion:59 - Caching[foo.org.hibernate.cache.spi.UpdateTimestampsCache] : [Enrolment] -> [5579090984792064]
14:18:19,959 DEBUG SQL:104 - 
    insert 
    into
        Enrolment
        (semester, "year", studentId, courseCode) 
    values
        (?, ?, ?, ?)
14:18:19,959 DEBUG BaseGeneralDataRegion:59 - Caching[foo.org.hibernate.cache.spi.UpdateTimestampsCache] : [Enrolment] -> [5579090984792065]
14:18:19,959 DEBUG BaseGeneralDataRegion:59 - Caching[foo.org.hibernate.cache.spi.UpdateTimestampsCache] : [CourseMeeting] -> [5579090984792066]
14:18:19,959 DEBUG BaseGeneralDataRegion:59 - Caching[foo.org.hibernate.cache.spi.UpdateTimestampsCache] : [Enrolment] -> [5579090984792067]
14:18:19,959 DEBUG SQL:104 - 
    update
        Address 
    set
        studentNumber=?,
        addressType=? 
    where
        id=?
14:18:19,959 DEBUG SQL:104 - 
    update
        Address 
    set
        studentNumber=?,
        addressType=? 
    where
        id=?
14:18:19,960 DEBUG BaseGeneralDataRegion:59 - Caching[foo.org.hibernate.cache.spi.UpdateTimestampsCache] : [Address] -> [5579090984796160]
14:18:19,960 DEBUG SQL:104 - 
    insert 
    into
        Student_secretCodes
        (studentNumber, i, secretCode) 
    values
        (?, ?, ?)
14:18:19,960 DEBUG BaseGeneralDataRegion:59 - Caching[foo.org.hibernate.cache.spi.UpdateTimestampsCache] : [Student_secretCodes] -> [5579090984796161]
14:18:19,960 DEBUG BaseGeneralDataRegion:59 - Caching[foo.org.hibernate.cache.spi.UpdateTimestampsCache] : [Enrolment] -> [5579090984796162]
14:18:19,960 DEBUG BaseGeneralDataRegion:59 - Caching[foo.org.hibernate.cache.spi.UpdateTimestampsCache] : [Address] -> [5579090984796163]
14:18:19,960 DEBUG SQL:104 - 
    insert 
    into
        Student_secretCodes
        (studentNumber, i, secretCode) 
    values
        (?, ?, ?)
14:18:19,960 DEBUG SQL:104 - 
    insert 
    into
        Student_secretCodes
        (studentNumber, i, secretCode) 
    values
        (?, ?, ?)
14:18:19,960 DEBUG BaseGeneralDataRegion:59 - Caching[foo.org.hibernate.cache.spi.UpdateTimestampsCache] : [Student_secretCodes] -> [5579090984796164]
14:18:19,961 DEBUG BaseGeneralDataRegion:59 - Caching[foo.org.hibernate.cache.spi.UpdateTimestampsCache] : [Student] -> [5579090739040256]
14:18:19,961 DEBUG BaseGeneralDataRegion:59 - Caching[foo.org.hibernate.cache.spi.UpdateTimestampsCache] : [Course] -> [5579090739040256]
14:18:19,961 DEBUG BaseGeneralDataRegion:59 - Caching[foo.org.hibernate.cache.spi.UpdateTimestampsCache] : [Enrolment] -> [5579090739040256]
14:18:19,961 DEBUG BaseGeneralDataRegion:59 - Caching[foo.org.hibernate.cache.spi.UpdateTimestampsCache] : [Student_secretCodes] -> [5579090739040256]
14:18:19,961 DEBUG BaseGeneralDataRegion:59 - Caching[foo.org.hibernate.cache.spi.UpdateTimestampsCache] : [Address] -> [5579090739040256]
14:18:19,961 DEBUG BaseGeneralDataRegion:59 - Caching[foo.org.hibernate.cache.spi.UpdateTimestampsCache] : [CourseMeeting] -> [5579090739040256]
14:18:19,962 DEBUG QueryTranslatorImpl:265 - parse() - HQL: select st.name as studentName, 'lame description' as courseDescription from org.hibernate.test.querycache.Enrolment e join e.student st join e.course co order by e.studentNumber
14:18:19,963 DEBUG QueryTranslatorImpl:283 - --- HQL AST ---
 \-[QUERY] Node: 'query'
    +-[SELECT_FROM] Node: 'SELECT_FROM'
    |  +-[FROM] Node: 'from'
    |  |  +-[RANGE] Node: 'RANGE'
    |  |  |  +-[DOT] Node: '.'
    |  |  |  |  +-[DOT] Node: '.'
    |  |  |  |  |  +-[DOT] Node: '.'
    |  |  |  |  |  |  +-[DOT] Node: '.'
    |  |  |  |  |  |  |  +-[IDENT] Node: 'org'
    |  |  |  |  |  |  |  \-[IDENT] Node: 'hibernate'
    |  |  |  |  |  |  \-[IDENT] Node: 'test'
    |  |  |  |  |  \-[IDENT] Node: 'querycache'
    |  |  |  |  \-[IDENT] Node: 'Enrolment'
    |  |  |  \-[ALIAS] Node: 'e'
    |  |  +-[JOIN] Node: 'join'
    |  |  |  +-[DOT] Node: '.'
    |  |  |  |  +-[IDENT] Node: 'e'
    |  |  |  |  \-[IDENT] Node: 'student'
    |  |  |  \-[ALIAS] Node: 'st'
    |  |  \-[JOIN] Node: 'join'
    |  |     +-[DOT] Node: '.'
    |  |     |  +-[IDENT] Node: 'e'
    |  |     |  \-[IDENT] Node: 'course'
    |  |     \-[ALIAS] Node: 'co'
    |  \-[SELECT] Node: 'select'
    |     +-[AS] Node: 'as'
    |     |  +-[DOT] Node: '.'
    |     |  |  +-[IDENT] Node: 'st'
    |     |  |  \-[IDENT] Node: 'name'
    |     |  \-[IDENT] Node: 'studentName'
    |     \-[AS] Node: 'as'
    |        +-[QUOTED_STRING] Node: ''lame description''
    |        \-[IDENT] Node: 'courseDescription'
    \-[ORDER] Node: 'order'
       \-[DOT] Node: '.'
          +-[IDENT] Node: 'e'
          \-[IDENT] Node: 'studentNumber'

14:18:19,963 DEBUG ErrorCounter:82 - throwQueryException() : no errors
14:18:19,964 DEBUG FromElement:157 - FromClause{level=1} : org.hibernate.test.querycache.Enrolment (e) -> enrolment0_
14:18:19,964 DEBUG FromReferenceNode:74 - Resolved : e -> (enrolment0_.studentId, enrolment0_.courseCode)
14:18:19,964 DEBUG DotNode:599 - getDataType() : student -> org.hibernate.type.ManyToOneType(org.hibernate.test.querycache.Student)
14:18:19,964 DEBUG DotNode:389 - dereferenceEntityJoin() : generating join for student in org.hibernate.test.querycache.Enrolment (st) parent = [ {null} ]
14:18:19,964 DEBUG FromElement:157 - FromClause{level=1} : org.hibernate.test.querycache.Student (st) -> student1_
14:18:19,965 DEBUG FromClause:282 - addJoinByPathMap() : e.student -> FromElement{explicit,not a collection join,not a fetch join,fetch non-lazy properties,classAlias=st,role=null,tableName=Student,tableAlias=student1_,origin=Enrolment enrolment0_,columns={enrolment0_.studentId ,className=org.hibernate.test.querycache.Student}}
14:18:19,965 DEBUG FromReferenceNode:74 - Resolved : e.student -> enrolment0_.studentId
14:18:19,965 DEBUG HqlSqlWalker:403 - createFromJoinElement() : -- join tree --
 \-[JOIN_FRAGMENT] FromElement: 'Student student1_' FromElement{explicit,not a collection join,not a fetch join,fetch non-lazy properties,classAlias=st,role=null,tableName=Student,tableAlias=student1_,origin=Enrolment enrolment0_,columns={enrolment0_.studentId ,className=org.hibernate.test.querycache.Student}}

14:18:19,965 DEBUG FromReferenceNode:74 - Resolved : e -> (enrolment0_.studentId, enrolment0_.courseCode)
14:18:19,965 DEBUG DotNode:599 - getDataType() : course -> org.hibernate.type.ManyToOneType(org.hibernate.test.querycache.Course)
14:18:19,965 DEBUG DotNode:389 - dereferenceEntityJoin() : generating join for course in org.hibernate.test.querycache.Enrolment (co) parent = [ {null} ]
14:18:19,965 DEBUG FromElement:157 - FromClause{level=1} : org.hibernate.test.querycache.Course (co) -> course2_
14:18:19,966 DEBUG FromClause:282 - addJoinByPathMap() : e.course -> FromElement{explicit,not a collection join,not a fetch join,fetch non-lazy properties,classAlias=co,role=null,tableName=Course,tableAlias=course2_,origin=Enrolment enrolment0_,columns={enrolment0_.courseCode ,className=org.hibernate.test.querycache.Course}}
14:18:19,966 DEBUG FromReferenceNode:74 - Resolved : e.course -> enrolment0_.courseCode
14:18:19,966 DEBUG HqlSqlWalker:403 - createFromJoinElement() : -- join tree --
 \-[JOIN_FRAGMENT] FromElement: 'Course course2_' FromElement{explicit,not a collection join,not a fetch join,fetch non-lazy properties,classAlias=co,role=null,tableName=Course,tableAlias=course2_,origin=Enrolment enrolment0_,columns={enrolment0_.courseCode ,className=org.hibernate.test.querycache.Course}}

14:18:19,966 DEBUG FromReferenceNode:74 - Resolved : st -> student1_.studentId
14:18:19,966 DEBUG DotNode:599 - getDataType() : name -> org.hibernate.type.ComponentType@68b68a66
14:18:19,966 DEBUG DotNode:588 - Terminal propertyPath = [name]
14:18:19,966 DEBUG FromReferenceNode:74 - Resolved : st.name -> student1_.name_first, student1_.name_middle, student1_.name_last
14:18:19,966 DEBUG FromReferenceNode:74 - Resolved : e -> enrolment0_.studentId, enrolment0_.courseCode
14:18:19,967 DEBUG DotNode:599 - getDataType() : studentNumber -> org.hibernate.type.LongType@4bf3f9d
14:18:19,967 DEBUG FromReferenceNode:74 - Resolved : e.studentNumber -> enrolment0_.studentId
14:18:19,967 DEBUG HqlSqlWalker:629 - processQuery() :  ( SELECT ( {select clause} ( student1_.name_first, student1_.name_middle, student1_.name_last student1_.studentId name ) 'lame description' ) ( FromClause{level=1} ( Enrolment enrolment0_ Student student1_ Course course2_ ) ) ( order ( enrolment0_.studentId enrolment0_.studentId, enrolment0_.courseCode studentNumber ) ) )
14:18:19,967 DEBUG JoinProcessor:175 - Using FROM fragment [Enrolment enrolment0_]
14:18:19,967 DEBUG JoinProcessor:175 - Using FROM fragment [inner join Student student1_ on enrolment0_.studentId=student1_.studentId]
14:18:19,967 DEBUG JoinProcessor:175 - Using FROM fragment [inner join Course course2_ on enrolment0_.courseCode=course2_.courseCode]
14:18:19,968 DEBUG QueryTranslatorImpl:252 - --- SQL AST ---
 \-[SELECT] QueryNode: 'SELECT'  querySpaces (Student,Course,Enrolment)
    +-[SELECT_CLAUSE] SelectClause: '{select clause}'
    |  +-[DOT] DotNode: 'student1_.name_first' {propertyName=name,dereferenceType=2,propertyPath=name,path=st.name,tableAlias=student1_,className=org.hibernate.test.querycache.Student,classAlias=st}
    |  |  +-[ALIAS_REF] IdentNode: 'student1_.studentId' {alias=st, className=org.hibernate.test.querycache.Student, tableAlias=student1_}
    |  |  \-[IDENT] IdentNode: 'name' {originalText=name}
    |  +-[SELECT_COLUMNS] SqlNode: ' as col_0_0_'
    |  +-[SQL_TOKEN] SqlFragment: 'student1_.name_middle'
    |  +-[SELECT_COLUMNS] SqlNode: ' as col_0_1_'
    |  +-[SQL_TOKEN] SqlFragment: 'student1_.name_last'
    |  +-[SELECT_COLUMNS] SqlNode: ' as col_0_2_'
    |  +-[QUOTED_STRING] LiteralNode: ''lame description''
    |  \-[SELECT_COLUMNS] SqlNode: ' as col_1_0_'
    +-[FROM] FromClause: 'from' FromClause{level=1, fromElementCounter=3, fromElements=3, fromElementByClassAlias=[co, e, st], fromElementByTableAlias=[student1_, enrolment0_, course2_], fromElementsByPath=[e.course, e.student], collectionJoinFromElementsByPath=[], impliedElements=[]}
    |  \-[FROM_FRAGMENT] FromElement: 'Enrolment enrolment0_' FromElement{explicit,not a collection join,not a fetch join,fetch non-lazy properties,classAlias=e,role=null,tableName=Enrolment,tableAlias=enrolment0_,origin=null,columns={,className=org.hibernate.test.querycache.Enrolment}}
    |     +-[JOIN_FRAGMENT] FromElement: 'inner join Student student1_ on enrolment0_.studentId=student1_.studentId' FromElement{explicit,not a collection join,not a fetch join,fetch non-lazy properties,classAlias=st,role=null,tableName=Student,tableAlias=student1_,origin=Enrolment enrolment0_,columns={enrolment0_.studentId ,className=org.hibernate.test.querycache.Student}}
    |     \-[JOIN_FRAGMENT] FromElement: 'inner join Course course2_ on enrolment0_.courseCode=course2_.courseCode' FromElement{explicit,not a collection join,not a fetch join,fetch non-lazy properties,classAlias=co,role=null,tableName=Course,tableAlias=course2_,origin=Enrolment enrolment0_,columns={enrolment0_.courseCode ,className=org.hibernate.test.querycache.Course}}
    \-[ORDER] OrderByClause: 'order'
       \-[DOT] DotNode: 'enrolment0_.studentId' {propertyName=studentNumber,dereferenceType=ALL,propertyPath=studentNumber,path=e.studentNumber,tableAlias=enrolment0_,className=org.hibernate.test.querycache.Enrolment,classAlias=e}
          +-[ALIAS_REF] IdentNode: 'enrolment0_.studentId, enrolment0_.courseCode' {alias=e, className=org.hibernate.test.querycache.Enrolment, tableAlias=enrolment0_}
          \-[IDENT] IdentNode: 'studentNumber' {originalText=studentNumber}

14:18:19,973 DEBUG ErrorCounter:82 - throwQueryException() : no errors
14:18:19,974 DEBUG QueryTranslatorImpl:235 - HQL: select st.name as studentName, 'lame description' as courseDescription from org.hibernate.test.querycache.Enrolment e join e.student st join e.course co order by e.studentNumber
14:18:19,974 DEBUG QueryTranslatorImpl:236 - SQL: select student1_.name_first as col_0_0_, student1_.name_middle as col_0_1_, student1_.name_last as col_0_2_, 'lame description' as col_1_0_ from Enrolment enrolment0_ inner join Student student1_ on enrolment0_.studentId=student1_.studentId inner join Course course2_ on enrolment0_.courseCode=course2_.courseCode order by enrolment0_.studentId
14:18:19,974 DEBUG ErrorCounter:82 - throwQueryException() : no errors
14:18:19,974 DEBUG SQL:104 - 
    select
        student1_.name_first as col_0_0_,
        student1_.name_middle as col_0_1_,
        student1_.name_last as col_0_2_,
        'lame description' as col_1_0_ 
    from
        Enrolment enrolment0_ 
    inner join
        Student student1_ 
            on enrolment0_.studentId=student1_.studentId 
    inner join
        Course course2_ 
            on enrolment0_.courseCode=course2_.courseCode 
    order by
        enrolment0_.studentId
14:18:19,975 DEBUG SQL:104 - 
    select
        student1_.name_first as col_0_0_,
        student1_.name_middle as col_0_1_,
        student1_.name_last as col_0_2_,
        'lame description' as col_1_0_ 
    from
        Enrolment enrolment0_ 
    inner join
        Student student1_ 
            on enrolment0_.studentId=student1_.studentId 
    inner join
        Course course2_ 
            on enrolment0_.courseCode=course2_.courseCode 
    order by
        enrolment0_.studentId
14:18:19,976 DEBUG SQL:104 - 
    select
        student_.studentId,
        student_.name_first as name2_4_,
        student_.name_middle as name3_4_,
        student_.name_last as name4_4_,
        student_.preferredCourseCode as preferre5_4_ 
    from
        Student student_ 
    where
        student_.studentId=?
14:18:19,981 DEBUG SQL:104 - 
    select
        enrolment_.studentId,
        enrolment_.courseCode,
        enrolment_.semester as semester3_,
        enrolment_."year" as year4_3_ 
    from
        Enrolment enrolment_ 
    where
        enrolment_.studentId=? 
        and enrolment_.courseCode=?
14:18:19,982 DEBUG SQL:104 - 
    select
        course_.courseCode,
        course_.description as descript2_1_ 
    from
        Course course_ 
    where
        course_.courseCode=?
14:18:19,982 DEBUG SQL:104 - 
    select
        student_.studentId,
        student_.name_first as name2_4_,
        student_.name_middle as name3_4_,
        student_.name_last as name4_4_,
        student_.preferredCourseCode as preferre5_4_ 
    from
        Student student_ 
    where
        student_.studentId=?
14:18:19,992 DEBUG SQL:104 - 
    select
        enrolment_.studentId,
        enrolment_.courseCode,
        enrolment_.semester as semester3_,
        enrolment_."year" as year4_3_ 
    from
        Enrolment enrolment_ 
    where
        enrolment_.studentId=? 
        and enrolment_.courseCode=?
14:18:19,992 DEBUG SQL:104 - 
    select
        coursemeet_.courseCode,
        coursemeet_.day,
        coursemeet_.period,
        coursemeet_.location 
    from
        CourseMeeting coursemeet_ 
    where
        coursemeet_.courseCode=? 
        and coursemeet_.day=? 
        and coursemeet_.period=? 
        and coursemeet_.location=?
14:18:20,002 DEBUG SQL:104 - 
    select
        coursemeet_.courseCode,
        coursemeet_.day,
        coursemeet_.period,
        coursemeet_.location 
    from
        CourseMeeting coursemeet_ 
    where
        coursemeet_.courseCode=? 
        and coursemeet_.day=? 
        and coursemeet_.period=? 
        and coursemeet_.location=?
14:18:20,002 DEBUG BaseGeneralDataRegion:59 - Caching[foo.org.hibernate.cache.spi.UpdateTimestampsCache] : [Enrolment] -> [5579090984968192]
14:18:20,003 DEBUG SQL:104 - 
    update
        Address 
    set
        studentNumber=null,
        addressType=null 
    where
        studentNumber=?
14:18:20,003 DEBUG BaseGeneralDataRegion:59 - Caching[foo.org.hibernate.cache.spi.UpdateTimestampsCache] : [Address] -> [5579090984972288]
14:18:20,003 DEBUG SQL:104 - 
    delete 
    from
        Student_secretCodes 
    where
        studentNumber=?
14:18:20,012 DEBUG BaseGeneralDataRegion:59 - Caching[foo.org.hibernate.cache.spi.UpdateTimestampsCache] : [Student_secretCodes] -> [5579090985009152]
14:18:20,013 DEBUG BaseGeneralDataRegion:59 - Caching[foo.org.hibernate.cache.spi.UpdateTimestampsCache] : [Enrolment] -> [5579090985013248]
14:18:20,013 DEBUG BaseGeneralDataRegion:59 - Caching[foo.org.hibernate.cache.spi.UpdateTimestampsCache] : [Address] -> [5579090985013249]
14:18:20,013 DEBUG SQL:104 - 
    delete 
    from
        Student_secretCodes 
    where
        studentNumber=?
14:18:20,013 DEBUG BaseGeneralDataRegion:59 - Caching[foo.org.hibernate.cache.spi.UpdateTimestampsCache] : [Student_secretCodes] -> [5579090985013250]
14:18:20,013 DEBUG BaseGeneralDataRegion:59 - Caching[foo.org.hibernate.cache.spi.UpdateTimestampsCache] : [CourseMeeting] -> [5579090985013251]
14:18:20,013 DEBUG SQL:104 - 
    delete 
    from
        Enrolment 
    where
        studentId=? 
        and courseCode=?
14:18:20,013 DEBUG BaseGeneralDataRegion:59 - Caching[foo.org.hibernate.cache.spi.UpdateTimestampsCache] : [Enrolment] -> [5579090985013252]
14:18:20,014 DEBUG SQL:104 - 
    delete 
    from
        Address 
    where
        id=?
14:18:20,014 DEBUG BaseGeneralDataRegion:59 - Caching[foo.org.hibernate.cache.spi.UpdateTimestampsCache] : [Address] -> [5579090985017344]
14:18:20,014 DEBUG SQL:104 - 
    delete 
    from
        Address 
    where
        id=?
14:18:20,022 DEBUG BaseGeneralDataRegion:59 - Caching[foo.org.hibernate.cache.spi.UpdateTimestampsCache] : [Address] -> [5579090985050112]
14:18:20,022 DEBUG SQL:104 - 
    delete 
    from
        Student 
    where
        studentId=?
14:18:20,023 DEBUG BaseGeneralDataRegion:59 - Caching[foo.org.hibernate.cache.spi.UpdateTimestampsCache] : [Student] -> [5579090985054208]
14:18:20,023 DEBUG SQL:104 - 
    delete 
    from
        Enrolment 
    where
        studentId=? 
        and courseCode=?
14:18:20,023 DEBUG BaseGeneralDataRegion:59 - Caching[foo.org.hibernate.cache.spi.UpdateTimestampsCache] : [Enrolment] -> [5579090985054209]
14:18:20,023 DEBUG SQL:104 - 
    delete 
    from
        Student 
    where
        studentId=?
14:18:20,023 DEBUG BaseGeneralDataRegion:59 - Caching[foo.org.hibernate.cache.spi.UpdateTimestampsCache] : [Student] -> [5579090985054210]
14:18:20,023 DEBUG SQL:104 - 
    delete 
    from
        CourseMeeting 
    where
        courseCode=? 
        and day=? 
        and period=? 
        and location=?
14:18:20,033 DEBUG BaseGeneralDataRegion:59 - Caching[foo.org.hibernate.cache.spi.UpdateTimestampsCache] : [CourseMeeting] -> [5579090985095168]
14:18:20,033 DEBUG SQL:104 - 
    delete 
    from
        CourseMeeting 
    where
        courseCode=? 
        and day=? 
        and period=? 
        and location=?
14:18:20,033 DEBUG BaseGeneralDataRegion:59 - Caching[foo.org.hibernate.cache.spi.UpdateTimestampsCache] : [CourseMeeting] -> [5579090985095169]
14:18:20,033 DEBUG SQL:104 - 
    delete 
    from
        Course 
    where
        courseCode=?
14:18:20,034 DEBUG BaseGeneralDataRegion:59 - Caching[foo.org.hibernate.cache.spi.UpdateTimestampsCache] : [Course] -> [5579090985095170]
14:18:20,034 DEBUG BaseGeneralDataRegion:59 - Caching[foo.org.hibernate.cache.spi.UpdateTimestampsCache] : [Student] -> [5579090739339264]
14:18:20,034 DEBUG BaseGeneralDataRegion:59 - Caching[foo.org.hibernate.cache.spi.UpdateTimestampsCache] : [Course] -> [5579090739339264]
14:18:20,034 DEBUG BaseGeneralDataRegion:59 - Caching[foo.org.hibernate.cache.spi.UpdateTimestampsCache] : [Enrolment] -> [5579090739339264]
14:18:20,034 DEBUG BaseGeneralDataRegion:59 - Caching[foo.org.hibernate.cache.spi.UpdateTimestampsCache] : [Student_secretCodes] -> [5579090739339264]
14:18:20,034 DEBUG BaseGeneralDataRegion:59 - Caching[foo.org.hibernate.cache.spi.UpdateTimestampsCache] : [Address] -> [5579090739339264]
14:18:20,034 DEBUG BaseGeneralDataRegion:59 - Caching[foo.org.hibernate.cache.spi.UpdateTimestampsCache] : [CourseMeeting] -> [5579090739339264]
14:18:20,035  INFO CustomRunner:139 - Test: testAliasToBeanDtoMultiArgList
14:18:20,036 DEBUG SQL:104 - 
    select
        coursemeet_.courseCode,
        coursemeet_.day,
        coursemeet_.period,
        coursemeet_.location 
    from
        CourseMeeting coursemeet_ 
    where
        coursemeet_.courseCode=? 
        and coursemeet_.day=? 
        and coursemeet_.period=? 
        and coursemeet_.location=?
14:18:20,036 DEBUG SQL:104 - 
    select
        coursemeet_.courseCode,
        coursemeet_.day,
        coursemeet_.period,
        coursemeet_.location 
    from
        CourseMeeting coursemeet_ 
    where
        coursemeet_.courseCode=? 
        and coursemeet_.day=? 
        and coursemeet_.period=? 
        and coursemeet_.location=?
14:18:20,037 DEBUG SQL:104 - 
    insert 
    into
        Course
        (description, courseCode) 
    values
        (?, ?)
14:18:20,048 DEBUG BaseGeneralDataRegion:59 - Caching[foo.org.hibernate.cache.spi.UpdateTimestampsCache] : [Course] -> [5579090985156608]
14:18:20,049 DEBUG SQL:104 - 
    insert 
    into
        CourseMeeting
        (courseCode, day, period, location) 
    values
        (?, ?, ?, ?)
14:18:20,049 DEBUG BaseGeneralDataRegion:59 - Caching[foo.org.hibernate.cache.spi.UpdateTimestampsCache] : [CourseMeeting] -> [5579090985160704]
14:18:20,049 DEBUG SQL:104 - 
    insert 
    into
        CourseMeeting
        (courseCode, day, period, location) 
    values
        (?, ?, ?, ?)
14:18:20,049 DEBUG BaseGeneralDataRegion:59 - Caching[foo.org.hibernate.cache.spi.UpdateTimestampsCache] : [CourseMeeting] -> [5579090985160705]
14:18:20,049 DEBUG SQL:104 - 
    insert 
    into
        Student
        (name_first, name_middle, name_last, preferredCourseCode, studentId) 
    values
        (?, ?, ?, ?, ?)
14:18:20,050 DEBUG BaseGeneralDataRegion:59 - Caching[foo.org.hibernate.cache.spi.UpdateTimestampsCache] : [Student] -> [5579090985164800]
14:18:20,050 DEBUG SQL:104 - 
    insert 
    into
        Address
        (addressType, street, city, stateProvince, postalCode, country, studentNumber, id) 
    values
        (?, ?, ?, ?, ?, ?, ?, ?)
14:18:20,059 DEBUG BaseGeneralDataRegion:59 - Caching[foo.org.hibernate.cache.spi.UpdateTimestampsCache] : [Address] -> [5579090985201664]
14:18:20,060 DEBUG SQL:104 - 
    insert 
    into
        Address
        (addressType, street, city, stateProvince, postalCode, country, studentNumber, id) 
    values
        (?, ?, ?, ?, ?, ?, ?, ?)
14:18:20,060 DEBUG BaseGeneralDataRegion:59 - Caching[foo.org.hibernate.cache.spi.UpdateTimestampsCache] : [Address] -> [5579090985205760]
14:18:20,060 DEBUG SQL:104 - 
    insert 
    into
        Student
        (name_first, name_middle, name_last, preferredCourseCode, studentId) 
    values
        (?, ?, ?, ?, ?)
14:18:20,060 DEBUG BaseGeneralDataRegion:59 - Caching[foo.org.hibernate.cache.spi.UpdateTimestampsCache] : [Student] -> [5579090985205761]
14:18:20,060 DEBUG SQL:104 - 
    insert 
    into
        Enrolment
        (semester, "year", studentId, courseCode) 
    values
        (?, ?, ?, ?)
14:18:20,061 DEBUG BaseGeneralDataRegion:59 - Caching[foo.org.hibernate.cache.spi.UpdateTimestampsCache] : [Enrolment] -> [5579090985209856]
14:18:20,061 DEBUG SQL:104 - 
    insert 
    into
        Enrolment
        (semester, "year", studentId, courseCode) 
    values
        (?, ?, ?, ?)
14:18:20,061 DEBUG BaseGeneralDataRegion:59 - Caching[foo.org.hibernate.cache.spi.UpdateTimestampsCache] : [Enrolment] -> [5579090985209857]
14:18:20,061 DEBUG BaseGeneralDataRegion:59 - Caching[foo.org.hibernate.cache.spi.UpdateTimestampsCache] : [CourseMeeting] -> [5579090985209858]
14:18:20,061 DEBUG BaseGeneralDataRegion:59 - Caching[foo.org.hibernate.cache.spi.UpdateTimestampsCache] : [Enrolment] -> [5579090985209859]
14:18:20,061 DEBUG SQL:104 - 
    update
        Address 
    set
        studentNumber=?,
        addressType=? 
    where
        id=?
14:18:20,082 DEBUG SQL:104 - 
    update
        Address 
    set
        studentNumber=?,
        addressType=? 
    where
        id=?
14:18:20,083 DEBUG BaseGeneralDataRegion:59 - Caching[foo.org.hibernate.cache.spi.UpdateTimestampsCache] : [Address] -> [5579090985299968]
14:18:20,083 DEBUG SQL:104 - 
    insert 
    into
        Student_secretCodes
        (studentNumber, i, secretCode) 
    values
        (?, ?, ?)
14:18:20,083 DEBUG BaseGeneralDataRegion:59 - Caching[foo.org.hibernate.cache.spi.UpdateTimestampsCache] : [Student_secretCodes] -> [5579090985299969]
14:18:20,083 DEBUG BaseGeneralDataRegion:59 - Caching[foo.org.hibernate.cache.spi.UpdateTimestampsCache] : [Enrolment] -> [5579090985299970]
14:18:20,083 DEBUG BaseGeneralDataRegion:59 - Caching[foo.org.hibernate.cache.spi.UpdateTimestampsCache] : [Address] -> [5579090985299971]
14:18:20,083 DEBUG SQL:104 - 
    insert 
    into
        Student_secretCodes
        (studentNumber, i, secretCode) 
    values
        (?, ?, ?)
14:18:20,092 DEBUG SQL:104 - 
    insert 
    into
        Student_secretCodes
        (studentNumber, i, secretCode) 
    values
        (?, ?, ?)
14:18:20,093 DEBUG BaseGeneralDataRegion:59 - Caching[foo.org.hibernate.cache.spi.UpdateTimestampsCache] : [Student_secretCodes] -> [5579090985340928]
14:18:20,093 DEBUG BaseGeneralDataRegion:59 - Caching[foo.org.hibernate.cache.spi.UpdateTimestampsCache] : [Student] -> [5579090739580929]
14:18:20,093 DEBUG BaseGeneralDataRegion:59 - Caching[foo.org.hibernate.cache.spi.UpdateTimestampsCache] : [Course] -> [5579090739580929]
14:18:20,093 DEBUG BaseGeneralDataRegion:59 - Caching[foo.org.hibernate.cache.spi.UpdateTimestampsCache] : [Enrolment] -> [5579090739580929]
14:18:20,093 DEBUG BaseGeneralDataRegion:59 - Caching[foo.org.hibernate.cache.spi.UpdateTimestampsCache] : [Student_secretCodes] -> [5579090739580929]
14:18:20,093 DEBUG BaseGeneralDataRegion:59 - Caching[foo.org.hibernate.cache.spi.UpdateTimestampsCache] : [Address] -> [5579090739580929]
14:18:20,093 DEBUG BaseGeneralDataRegion:59 - Caching[foo.org.hibernate.cache.spi.UpdateTimestampsCache] : [CourseMeeting] -> [5579090739580929]
14:18:20,094 DEBUG QueryTranslatorImpl:265 - parse() - HQL: select st.name as studentName, co.description as courseDescription from org.hibernate.test.querycache.Enrolment e join e.student st join e.course co order by e.studentNumber
14:18:20,096 DEBUG QueryTranslatorImpl:283 - --- HQL AST ---
 \-[QUERY] Node: 'query'
    +-[SELECT_FROM] Node: 'SELECT_FROM'
    |  +-[FROM] Node: 'from'
    |  |  +-[RANGE] Node: 'RANGE'
    |  |  |  +-[DOT] Node: '.'
    |  |  |  |  +-[DOT] Node: '.'
    |  |  |  |  |  +-[DOT] Node: '.'
    |  |  |  |  |  |  +-[DOT] Node: '.'
    |  |  |  |  |  |  |  +-[IDENT] Node: 'org'
    |  |  |  |  |  |  |  \-[IDENT] Node: 'hibernate'
    |  |  |  |  |  |  \-[IDENT] Node: 'test'
    |  |  |  |  |  \-[IDENT] Node: 'querycache'
    |  |  |  |  \-[IDENT] Node: 'Enrolment'
    |  |  |  \-[ALIAS] Node: 'e'
    |  |  +-[JOIN] Node: 'join'
    |  |  |  +-[DOT] Node: '.'
    |  |  |  |  +-[IDENT] Node: 'e'
    |  |  |  |  \-[IDENT] Node: 'student'
    |  |  |  \-[ALIAS] Node: 'st'
    |  |  \-[JOIN] Node: 'join'
    |  |     +-[DOT] Node: '.'
    |  |     |  +-[IDENT] Node: 'e'
    |  |     |  \-[IDENT] Node: 'course'
    |  |     \-[ALIAS] Node: 'co'
    |  \-[SELECT] Node: 'select'
    |     +-[AS] Node: 'as'
    |     |  +-[DOT] Node: '.'
    |     |  |  +-[IDENT] Node: 'st'
    |     |  |  \-[IDENT] Node: 'name'
    |     |  \-[IDENT] Node: 'studentName'
    |     \-[AS] Node: 'as'
    |        +-[DOT] Node: '.'
    |        |  +-[IDENT] Node: 'co'
    |        |  \-[IDENT] Node: 'description'
    |        \-[IDENT] Node: 'courseDescription'
    \-[ORDER] Node: 'order'
       \-[DOT] Node: '.'
          +-[IDENT] Node: 'e'
          \-[IDENT] Node: 'studentNumber'

14:18:20,102 DEBUG ErrorCounter:82 - throwQueryException() : no errors
14:18:20,102 DEBUG FromElement:157 - FromClause{level=1} : org.hibernate.test.querycache.Enrolment (e) -> enrolment0_
14:18:20,102 DEBUG FromReferenceNode:74 - Resolved : e -> (enrolment0_.studentId, enrolment0_.courseCode)
14:18:20,111 DEBUG DotNode:599 - getDataType() : student -> org.hibernate.type.ManyToOneType(org.hibernate.test.querycache.Student)
14:18:20,112 DEBUG DotNode:389 - dereferenceEntityJoin() : generating join for student in org.hibernate.test.querycache.Enrolment (st) parent = [ {null} ]
14:18:20,112 DEBUG FromElement:157 - FromClause{level=1} : org.hibernate.test.querycache.Student (st) -> student1_
14:18:20,112 DEBUG FromClause:282 - addJoinByPathMap() : e.student -> FromElement{explicit,not a collection join,not a fetch join,fetch non-lazy properties,classAlias=st,role=null,tableName=Student,tableAlias=student1_,origin=Enrolment enrolment0_,columns={enrolment0_.studentId ,className=org.hibernate.test.querycache.Student}}
14:18:20,112 DEBUG FromReferenceNode:74 - Resolved : e.student -> enrolment0_.studentId
14:18:20,112 DEBUG HqlSqlWalker:403 - createFromJoinElement() : -- join tree --
 \-[JOIN_FRAGMENT] FromElement: 'Student student1_' FromElement{explicit,not a collection join,not a fetch join,fetch non-lazy properties,classAlias=st,role=null,tableName=Student,tableAlias=student1_,origin=Enrolment enrolment0_,columns={enrolment0_.studentId ,className=org.hibernate.test.querycache.Student}}

14:18:20,113 DEBUG FromReferenceNode:74 - Resolved : e -> (enrolment0_.studentId, enrolment0_.courseCode)
14:18:20,113 DEBUG DotNode:599 - getDataType() : course -> org.hibernate.type.ManyToOneType(org.hibernate.test.querycache.Course)
14:18:20,113 DEBUG DotNode:389 - dereferenceEntityJoin() : generating join for course in org.hibernate.test.querycache.Enrolment (co) parent = [ {null} ]
14:18:20,113 DEBUG FromElement:157 - FromClause{level=1} : org.hibernate.test.querycache.Course (co) -> course2_
14:18:20,113 DEBUG FromClause:282 - addJoinByPathMap() : e.course -> FromElement{explicit,not a collection join,not a fetch join,fetch non-lazy properties,classAlias=co,role=null,tableName=Course,tableAlias=course2_,origin=Enrolment enrolment0_,columns={enrolment0_.courseCode ,className=org.hibernate.test.querycache.Course}}
14:18:20,113 DEBUG FromReferenceNode:74 - Resolved : e.course -> enrolment0_.courseCode
14:18:20,113 DEBUG HqlSqlWalker:403 - createFromJoinElement() : -- join tree --
 \-[JOIN_FRAGMENT] FromElement: 'Course course2_' FromElement{explicit,not a collection join,not a fetch join,fetch non-lazy properties,classAlias=co,role=null,tableName=Course,tableAlias=course2_,origin=Enrolment enrolment0_,columns={enrolment0_.courseCode ,className=org.hibernate.test.querycache.Course}}

14:18:20,114 DEBUG FromReferenceNode:74 - Resolved : st -> student1_.studentId
14:18:20,114 DEBUG DotNode:599 - getDataType() : name -> org.hibernate.type.ComponentType@68b68a66
14:18:20,114 DEBUG DotNode:588 - Terminal propertyPath = [name]
14:18:20,114 DEBUG FromReferenceNode:74 - Resolved : st.name -> student1_.name_first, student1_.name_middle, student1_.name_last
14:18:20,114 DEBUG FromReferenceNode:74 - Resolved : co -> course2_.courseCode
14:18:20,114 DEBUG DotNode:599 - getDataType() : description -> org.hibernate.type.StringType@2dc8de40
14:18:20,114 DEBUG FromReferenceNode:74 - Resolved : co.description -> course2_.description
14:18:20,114 DEBUG FromReferenceNode:74 - Resolved : e -> enrolment0_.studentId, enrolment0_.courseCode
14:18:20,115 DEBUG DotNode:599 - getDataType() : studentNumber -> org.hibernate.type.LongType@4bf3f9d
14:18:20,115 DEBUG FromReferenceNode:74 - Resolved : e.studentNumber -> enrolment0_.studentId
14:18:20,115 DEBUG HqlSqlWalker:629 - processQuery() :  ( SELECT ( {select clause} ( student1_.name_first, student1_.name_middle, student1_.name_last student1_.studentId name ) ( course2_.description course2_.courseCode description ) ) ( FromClause{level=1} ( Enrolment enrolment0_ Student student1_ Course course2_ ) ) ( order ( enrolment0_.studentId enrolment0_.studentId, enrolment0_.courseCode studentNumber ) ) )
14:18:20,115 DEBUG JoinProcessor:175 - Using FROM fragment [Enrolment enrolment0_]
14:18:20,121 DEBUG JoinProcessor:175 - Using FROM fragment [inner join Student student1_ on enrolment0_.studentId=student1_.studentId]
14:18:20,122 DEBUG JoinProcessor:175 - Using FROM fragment [inner join Course course2_ on enrolment0_.courseCode=course2_.courseCode]
14:18:20,122 DEBUG QueryTranslatorImpl:252 - --- SQL AST ---
 \-[SELECT] QueryNode: 'SELECT'  querySpaces (Student,Course,Enrolment)
    +-[SELECT_CLAUSE] SelectClause: '{select clause}'
    |  +-[DOT] DotNode: 'student1_.name_first' {propertyName=name,dereferenceType=2,propertyPath=name,path=st.name,tableAlias=student1_,className=org.hibernate.test.querycache.Student,classAlias=st}
    |  |  +-[ALIAS_REF] IdentNode: 'student1_.studentId' {alias=st, className=org.hibernate.test.querycache.Student, tableAlias=student1_}
    |  |  \-[IDENT] IdentNode: 'name' {originalText=name}
    |  +-[SELECT_COLUMNS] SqlNode: ' as col_0_0_'
    |  +-[SQL_TOKEN] SqlFragment: 'student1_.name_middle'
    |  +-[SELECT_COLUMNS] SqlNode: ' as col_0_1_'
    |  +-[SQL_TOKEN] SqlFragment: 'student1_.name_last'
    |  +-[SELECT_COLUMNS] SqlNode: ' as col_0_2_'
    |  +-[DOT] DotNode: 'course2_.description' {propertyName=description,dereferenceType=ALL,propertyPath=description,path=co.description,tableAlias=course2_,className=org.hibernate.test.querycache.Course,classAlias=co}
    |  |  +-[ALIAS_REF] IdentNode: 'course2_.courseCode' {alias=co, className=org.hibernate.test.querycache.Course, tableAlias=course2_}
    |  |  \-[IDENT] IdentNode: 'description' {originalText=description}
    |  \-[SELECT_COLUMNS] SqlNode: ' as col_1_0_'
    +-[FROM] FromClause: 'from' FromClause{level=1, fromElementCounter=3, fromElements=3, fromElementByClassAlias=[co, e, st], fromElementByTableAlias=[student1_, enrolment0_, course2_], fromElementsByPath=[e.course, e.student], collectionJoinFromElementsByPath=[], impliedElements=[]}
    |  \-[FROM_FRAGMENT] FromElement: 'Enrolment enrolment0_' FromElement{explicit,not a collection join,not a fetch join,fetch non-lazy properties,classAlias=e,role=null,tableName=Enrolment,tableAlias=enrolment0_,origin=null,columns={,className=org.hibernate.test.querycache.Enrolment}}
    |     +-[JOIN_FRAGMENT] FromElement: 'inner join Student student1_ on enrolment0_.studentId=student1_.studentId' FromElement{explicit,not a collection join,not a fetch join,fetch non-lazy properties,classAlias=st,role=null,tableName=Student,tableAlias=student1_,origin=Enrolment enrolment0_,columns={enrolment0_.studentId ,className=org.hibernate.test.querycache.Student}}
    |     \-[JOIN_FRAGMENT] FromElement: 'inner join Course course2_ on enrolment0_.courseCode=course2_.courseCode' FromElement{explicit,not a collection join,not a fetch join,fetch non-lazy properties,classAlias=co,role=null,tableName=Course,tableAlias=course2_,origin=Enrolment enrolment0_,columns={enrolment0_.courseCode ,className=org.hibernate.test.querycache.Course}}
    \-[ORDER] OrderByClause: 'order'
       \-[DOT] DotNode: 'enrolment0_.studentId' {propertyName=studentNumber,dereferenceType=ALL,propertyPath=studentNumber,path=e.studentNumber,tableAlias=enrolment0_,className=org.hibernate.test.querycache.Enrolment,classAlias=e}
          +-[ALIAS_REF] IdentNode: 'enrolment0_.studentId, enrolment0_.courseCode' {alias=e, className=org.hibernate.test.querycache.Enrolment, tableAlias=enrolment0_}
          \-[IDENT] IdentNode: 'studentNumber' {originalText=studentNumber}

14:18:20,122 DEBUG ErrorCounter:82 - throwQueryException() : no errors
14:18:20,122 DEBUG QueryTranslatorImpl:235 - HQL: select st.name as studentName, co.description as courseDescription from org.hibernate.test.querycache.Enrolment e join e.student st join e.course co order by e.studentNumber
14:18:20,122 DEBUG QueryTranslatorImpl:236 - SQL: select student1_.name_first as col_0_0_, student1_.name_middle as col_0_1_, student1_.name_last as col_0_2_, course2_.description as col_1_0_ from Enrolment enrolment0_ inner join Student student1_ on enrolment0_.studentId=student1_.studentId inner join Course course2_ on enrolment0_.courseCode=course2_.courseCode order by enrolment0_.studentId
14:18:20,122 DEBUG ErrorCounter:82 - throwQueryException() : no errors
14:18:20,133 DEBUG SQL:104 - 
    select
        student1_.name_first as col_0_0_,
        student1_.name_middle as col_0_1_,
        student1_.name_last as col_0_2_,
        course2_.description as col_1_0_ 
    from
        Enrolment enrolment0_ 
    inner join
        Student student1_ 
            on enrolment0_.studentId=student1_.studentId 
    inner join
        Course course2_ 
            on enrolment0_.courseCode=course2_.courseCode 
    order by
        enrolment0_.studentId
14:18:20,133 DEBUG SQL:104 - 
    select
        student1_.name_first as col_0_0_,
        student1_.name_middle as col_0_1_,
        student1_.name_last as col_0_2_,
        course2_.description as col_1_0_ 
    from
        Enrolment enrolment0_ 
    inner join
        Student student1_ 
            on enrolment0_.studentId=student1_.studentId 
    inner join
        Course course2_ 
            on enrolment0_.courseCode=course2_.courseCode 
    order by
        enrolment0_.studentId
14:18:20,144 DEBUG SQL:104 - 
    select
        student_.studentId,
        student_.name_first as name2_4_,
        student_.name_middle as name3_4_,
        student_.name_last as name4_4_,
        student_.preferredCourseCode as preferre5_4_ 
    from
        Student student_ 
    where
        student_.studentId=?
14:18:20,145 DEBUG SQL:104 - 
    select
        enrolment_.studentId,
        enrolment_.courseCode,
        enrolment_.semester as semester3_,
        enrolment_."year" as year4_3_ 
    from
        Enrolment enrolment_ 
    where
        enrolment_.studentId=? 
        and enrolment_.courseCode=?
14:18:20,145 DEBUG SQL:104 - 
    select
        course_.courseCode,
        course_.description as descript2_1_ 
    from
        Course course_ 
    where
        course_.courseCode=?
14:18:20,156 DEBUG SQL:104 - 
    select
        student_.studentId,
        student_.name_first as name2_4_,
        student_.name_middle as name3_4_,
        student_.name_last as name4_4_,
        student_.preferredCourseCode as preferre5_4_ 
    from
        Student student_ 
    where
        student_.studentId=?
14:18:20,157 DEBUG SQL:104 - 
    select
        enrolment_.studentId,
        enrolment_.courseCode,
        enrolment_.semester as semester3_,
        enrolment_."year" as year4_3_ 
    from
        Enrolment enrolment_ 
    where
        enrolment_.studentId=? 
        and enrolment_.courseCode=?
14:18:20,157 DEBUG SQL:104 - 
    select
        coursemeet_.courseCode,
        coursemeet_.day,
        coursemeet_.period,
        coursemeet_.location 
    from
        CourseMeeting coursemeet_ 
    where
        coursemeet_.courseCode=? 
        and coursemeet_.day=? 
        and coursemeet_.period=? 
        and coursemeet_.location=?
14:18:20,157 DEBUG SQL:104 - 
    select
        coursemeet_.courseCode,
        coursemeet_.day,
        coursemeet_.period,
        coursemeet_.location 
    from
        CourseMeeting coursemeet_ 
    where
        coursemeet_.courseCode=? 
        and coursemeet_.day=? 
        and coursemeet_.period=? 
        and coursemeet_.location=?
14:18:20,158 DEBUG BaseGeneralDataRegion:59 - Caching[foo.org.hibernate.cache.spi.UpdateTimestampsCache] : [Enrolment] -> [5579090985607168]
14:18:20,158 DEBUG SQL:104 - 
    update
        Address 
    set
        studentNumber=null,
        addressType=null 
    where
        studentNumber=?
14:18:20,158 DEBUG BaseGeneralDataRegion:59 - Caching[foo.org.hibernate.cache.spi.UpdateTimestampsCache] : [Address] -> [5579090985607169]
14:18:20,158 DEBUG SQL:104 - 
    delete 
    from
        Student_secretCodes 
    where
        studentNumber=?
14:18:20,171 DEBUG BaseGeneralDataRegion:59 - Caching[foo.org.hibernate.cache.spi.UpdateTimestampsCache] : [Student_secretCodes] -> [5579090985660416]
14:18:20,171 DEBUG BaseGeneralDataRegion:59 - Caching[foo.org.hibernate.cache.spi.UpdateTimestampsCache] : [Enrolment] -> [5579090985660417]
14:18:20,172 DEBUG BaseGeneralDataRegion:59 - Caching[foo.org.hibernate.cache.spi.UpdateTimestampsCache] : [Address] -> [5579090985664512]
14:18:20,172 DEBUG SQL:104 - 
    delete 
    from
        Student_secretCodes 
    where
        studentNumber=?
14:18:20,172 DEBUG BaseGeneralDataRegion:59 - Caching[foo.org.hibernate.cache.spi.UpdateTimestampsCache] : [Student_secretCodes] -> [5579090985664513]
14:18:20,172 DEBUG BaseGeneralDataRegion:59 - Caching[foo.org.hibernate.cache.spi.UpdateTimestampsCache] : [CourseMeeting] -> [5579090985664514]
14:18:20,172 DEBUG SQL:104 - 
    delete 
    from
        Enrolment 
    where
        studentId=? 
        and courseCode=?
14:18:20,172 DEBUG BaseGeneralDataRegion:59 - Caching[foo.org.hibernate.cache.spi.UpdateTimestampsCache] : [Enrolment] -> [5579090985664515]
14:18:20,172 DEBUG SQL:104 - 
    delete 
    from
        Address 
    where
        id=?
14:18:20,183 DEBUG BaseGeneralDataRegion:59 - Caching[foo.org.hibernate.cache.spi.UpdateTimestampsCache] : [Address] -> [5579090985709568]
14:18:20,183 DEBUG SQL:104 - 
    delete 
    from
        Address 
    where
        id=?
14:18:20,183 DEBUG BaseGeneralDataRegion:59 - Caching[foo.org.hibernate.cache.spi.UpdateTimestampsCache] : [Address] -> [5579090985709569]
14:18:20,184 DEBUG SQL:104 - 
    delete 
    from
        Student 
    where
        studentId=?
14:18:20,184 DEBUG BaseGeneralDataRegion:59 - Caching[foo.org.hibernate.cache.spi.UpdateTimestampsCache] : [Student] -> [5579090985713664]
14:18:20,184 DEBUG SQL:104 - 
    delete 
    from
        Enrolment 
    where
        studentId=? 
        and courseCode=?
14:18:20,184 DEBUG BaseGeneralDataRegion:59 - Caching[foo.org.hibernate.cache.spi.UpdateTimestampsCache] : [Enrolment] -> [5579090985713665]
14:18:20,184 DEBUG SQL:104 - 
    delete 
    from
        Student 
    where
        studentId=?
14:18:20,184 DEBUG BaseGeneralDataRegion:59 - Caching[foo.org.hibernate.cache.spi.UpdateTimestampsCache] : [Student] -> [5579090985713666]
14:18:20,184 DEBUG SQL:104 - 
    delete 
    from
        CourseMeeting 
    where
        courseCode=? 
        and day=? 
        and period=? 
        and location=?
14:18:20,185 DEBUG BaseGeneralDataRegion:59 - Caching[foo.org.hibernate.cache.spi.UpdateTimestampsCache] : [CourseMeeting] -> [5579090985717760]
14:18:20,185 DEBUG SQL:104 - 
    delete 
    from
        CourseMeeting 
    where
        courseCode=? 
        and day=? 
        and period=? 
        and location=?
14:18:20,207 DEBUG BaseGeneralDataRegion:59 - Caching[foo.org.hibernate.cache.spi.UpdateTimestampsCache] : [CourseMeeting] -> [5579090985807872]
14:18:20,208 DEBUG SQL:104 - 
    delete 
    from
        Course 
    where
        courseCode=?
14:18:20,208 DEBUG BaseGeneralDataRegion:59 - Caching[foo.org.hibernate.cache.spi.UpdateTimestampsCache] : [Course] -> [5579090985811968]
14:18:20,208 DEBUG BaseGeneralDataRegion:59 - Caching[foo.org.hibernate.cache.spi.UpdateTimestampsCache] : [Student] -> [5579090740051969]
14:18:20,208 DEBUG BaseGeneralDataRegion:59 - Caching[foo.org.hibernate.cache.spi.UpdateTimestampsCache] : [Course] -> [5579090740051969]
14:18:20,208 DEBUG BaseGeneralDataRegion:59 - Caching[foo.org.hibernate.cache.spi.UpdateTimestampsCache] : [Enrolment] -> [5579090740051969]
14:18:20,208 DEBUG BaseGeneralDataRegion:59 - Caching[foo.org.hibernate.cache.spi.UpdateTimestampsCache] : [Student_secretCodes] -> [5579090740051969]
14:18:20,208 DEBUG BaseGeneralDataRegion:59 - Caching[foo.org.hibernate.cache.spi.UpdateTimestampsCache] : [Address] -> [5579090740051969]
14:18:20,208 DEBUG BaseGeneralDataRegion:59 - Caching[foo.org.hibernate.cache.spi.UpdateTimestampsCache] : [CourseMeeting] -> [5579090740051969]
14:18:20,209  INFO CustomRunner:139 - Test: testAliasToBeanDtoOneArgList
14:18:20,210 DEBUG SQL:104 - 
    select
        coursemeet_.courseCode,
        coursemeet_.day,
        coursemeet_.period,
        coursemeet_.location 
    from
        CourseMeeting coursemeet_ 
    where
        coursemeet_.courseCode=? 
        and coursemeet_.day=? 
        and coursemeet_.period=? 
        and coursemeet_.location=?
14:18:20,222 DEBUG SQL:104 - 
    select
        coursemeet_.courseCode,
        coursemeet_.day,
        coursemeet_.period,
        coursemeet_.location 
    from
        CourseMeeting coursemeet_ 
    where
        coursemeet_.courseCode=? 
        and coursemeet_.day=? 
        and coursemeet_.period=? 
        and coursemeet_.location=?
14:18:20,223 DEBUG SQL:104 - 
    insert 
    into
        Course
        (description, courseCode) 
    values
        (?, ?)
14:18:20,223 DEBUG BaseGeneralDataRegion:59 - Caching[foo.org.hibernate.cache.spi.UpdateTimestampsCache] : [Course] -> [5579090985873408]
14:18:20,223 DEBUG SQL:104 - 
    insert 
    into
        CourseMeeting
        (courseCode, day, period, location) 
    values
        (?, ?, ?, ?)
14:18:20,234 DEBUG BaseGeneralDataRegion:59 - Caching[foo.org.hibernate.cache.spi.UpdateTimestampsCache] : [CourseMeeting] -> [5579090985918464]
14:18:20,234 DEBUG SQL:104 - 
    insert 
    into
        CourseMeeting
        (courseCode, day, period, location) 
    values
        (?, ?, ?, ?)
14:18:20,234 DEBUG BaseGeneralDataRegion:59 - Caching[foo.org.hibernate.cache.spi.UpdateTimestampsCache] : [CourseMeeting] -> [5579090985918465]
14:18:20,234 DEBUG SQL:104 - 
    insert 
    into
        Student
        (name_first, name_middle, name_last, preferredCourseCode, studentId) 
    values
        (?, ?, ?, ?, ?)
14:18:20,234 DEBUG BaseGeneralDataRegion:59 - Caching[foo.org.hibernate.cache.spi.UpdateTimestampsCache] : [Student] -> [5579090985918466]
14:18:20,235 DEBUG SQL:104 - 
    insert 
    into
        Address
        (addressType, street, city, stateProvince, postalCode, country, studentNumber, id) 
    values
        (?, ?, ?, ?, ?, ?, ?, ?)
14:18:20,235 DEBUG BaseGeneralDataRegion:59 - Caching[foo.org.hibernate.cache.spi.UpdateTimestampsCache] : [Address] -> [5579090985922560]
14:18:20,235 DEBUG SQL:104 - 
    insert 
    into
        Address
        (addressType, street, city, stateProvince, postalCode, country, studentNumber, id) 
    values
        (?, ?, ?, ?, ?, ?, ?, ?)
14:18:20,235 DEBUG BaseGeneralDataRegion:59 - Caching[foo.org.hibernate.cache.spi.UpdateTimestampsCache] : [Address] -> [5579090985922561]
14:18:20,235 DEBUG SQL:104 - 
    insert 
    into
        Student
        (name_first, name_middle, name_last, preferredCourseCode, studentId) 
    values
        (?, ?, ?, ?, ?)
14:18:20,235 DEBUG BaseGeneralDataRegion:59 - Caching[foo.org.hibernate.cache.spi.UpdateTimestampsCache] : [Student] -> [5579090985922562]
14:18:20,235 DEBUG SQL:104 - 
    insert 
    into
        Enrolment
        (semester, "year", studentId, courseCode) 
    values
        (?, ?, ?, ?)
14:18:20,236 DEBUG BaseGeneralDataRegion:59 - Caching[foo.org.hibernate.cache.spi.UpdateTimestampsCache] : [Enrolment] -> [5579090985926656]
14:18:20,236 DEBUG SQL:104 - 
    insert 
    into
        Enrolment
        (semester, "year", studentId, courseCode) 
    values
        (?, ?, ?, ?)
14:18:20,236 DEBUG BaseGeneralDataRegion:59 - Caching[foo.org.hibernate.cache.spi.UpdateTimestampsCache] : [Enrolment] -> [5579090985926657]
14:18:20,236 DEBUG BaseGeneralDataRegion:59 - Caching[foo.org.hibernate.cache.spi.UpdateTimestampsCache] : [CourseMeeting] -> [5579090985926658]
14:18:20,236 DEBUG BaseGeneralDataRegion:59 - Caching[foo.org.hibernate.cache.spi.UpdateTimestampsCache] : [Enrolment] -> [5579090985926659]
14:18:20,236 DEBUG SQL:104 - 
    update
        Address 
    set
        studentNumber=?,
        addressType=? 
    where
        id=?
14:18:20,257 DEBUG SQL:104 - 
    update
        Address 
    set
        studentNumber=?,
        addressType=? 
    where
        id=?
14:18:20,258 DEBUG BaseGeneralDataRegion:59 - Caching[foo.org.hibernate.cache.spi.UpdateTimestampsCache] : [Address] -> [5579090986016768]
14:18:20,258 DEBUG SQL:104 - 
    insert 
    into
        Student_secretCodes
        (studentNumber, i, secretCode) 
    values
        (?, ?, ?)
14:18:20,258 DEBUG BaseGeneralDataRegion:59 - Caching[foo.org.hibernate.cache.spi.UpdateTimestampsCache] : [Student_secretCodes] -> [5579090986016769]
14:18:20,259 DEBUG BaseGeneralDataRegion:59 - Caching[foo.org.hibernate.cache.spi.UpdateTimestampsCache] : [Enrolment] -> [5579090986020864]
14:18:20,259 DEBUG BaseGeneralDataRegion:59 - Caching[foo.org.hibernate.cache.spi.UpdateTimestampsCache] : [Address] -> [5579090986020865]
14:18:20,259 DEBUG SQL:104 - 
    insert 
    into
        Student_secretCodes
        (studentNumber, i, secretCode) 
    values
        (?, ?, ?)
14:18:20,259 DEBUG SQL:104 - 
    insert 
    into
        Student_secretCodes
        (studentNumber, i, secretCode) 
    values
        (?, ?, ?)
14:18:20,274 DEBUG BaseGeneralDataRegion:59 - Caching[foo.org.hibernate.cache.spi.UpdateTimestampsCache] : [Student_secretCodes] -> [5579090986082304]
14:18:20,275 DEBUG BaseGeneralDataRegion:59 - Caching[foo.org.hibernate.cache.spi.UpdateTimestampsCache] : [Student] -> [5579090740326400]
14:18:20,275 DEBUG BaseGeneralDataRegion:59 - Caching[foo.org.hibernate.cache.spi.UpdateTimestampsCache] : [Course] -> [5579090740326400]
14:18:20,275 DEBUG BaseGeneralDataRegion:59 - Caching[foo.org.hibernate.cache.spi.UpdateTimestampsCache] : [Enrolment] -> [5579090740326400]
14:18:20,275 DEBUG BaseGeneralDataRegion:59 - Caching[foo.org.hibernate.cache.spi.UpdateTimestampsCache] : [Student_secretCodes] -> [5579090740326400]
14:18:20,276 DEBUG BaseGeneralDataRegion:59 - Caching[foo.org.hibernate.cache.spi.UpdateTimestampsCache] : [Address] -> [5579090740326400]
14:18:20,276 DEBUG BaseGeneralDataRegion:59 - Caching[foo.org.hibernate.cache.spi.UpdateTimestampsCache] : [CourseMeeting] -> [5579090740326400]
14:18:20,276 DEBUG QueryTranslatorImpl:265 - parse() - HQL: select st.name as studentName from org.hibernate.test.querycache.Student st order by st.studentNumber
14:18:20,277 DEBUG QueryTranslatorImpl:283 - --- HQL AST ---
 \-[QUERY] Node: 'query'
    +-[SELECT_FROM] Node: 'SELECT_FROM'
    |  +-[FROM] Node: 'from'
    |  |  \-[RANGE] Node: 'RANGE'
    |  |     +-[DOT] Node: '.'
    |  |     |  +-[DOT] Node: '.'
    |  |     |  |  +-[DOT] Node: '.'
    |  |     |  |  |  +-[DOT] Node: '.'
    |  |     |  |  |  |  +-[IDENT] Node: 'org'
    |  |     |  |  |  |  \-[IDENT] Node: 'hibernate'
    |  |     |  |  |  \-[IDENT] Node: 'test'
    |  |     |  |  \-[IDENT] Node: 'querycache'
    |  |     |  \-[IDENT] Node: 'Student'
    |  |     \-[ALIAS] Node: 'st'
    |  \-[SELECT] Node: 'select'
    |     \-[AS] Node: 'as'
    |        +-[DOT] Node: '.'
    |        |  +-[IDENT] Node: 'st'
    |        |  \-[IDENT] Node: 'name'
    |        \-[IDENT] Node: 'studentName'
    \-[ORDER] Node: 'order'
       \-[DOT] Node: '.'
          +-[IDENT] Node: 'st'
          \-[IDENT] Node: 'studentNumber'

14:18:20,277 DEBUG ErrorCounter:82 - throwQueryException() : no errors
14:18:20,278 DEBUG FromElement:157 - FromClause{level=1} : org.hibernate.test.querycache.Student (st) -> student0_
14:18:20,278 DEBUG FromReferenceNode:74 - Resolved : st -> student0_.studentId
14:18:20,278 DEBUG DotNode:599 - getDataType() : name -> org.hibernate.type.ComponentType@68b68a66
14:18:20,278 DEBUG DotNode:588 - Terminal propertyPath = [name]
14:18:20,278 DEBUG FromReferenceNode:74 - Resolved : st.name -> student0_.name_first, student0_.name_middle, student0_.name_last
14:18:20,278 DEBUG FromReferenceNode:74 - Resolved : st -> student0_.studentId
14:18:20,279 DEBUG DotNode:599 - getDataType() : studentNumber -> org.hibernate.type.LongType@4bf3f9d
14:18:20,279 DEBUG FromReferenceNode:74 - Resolved : st.studentNumber -> student0_.studentId
14:18:20,279 DEBUG HqlSqlWalker:629 - processQuery() :  ( SELECT ( {select clause} ( student0_.name_first, student0_.name_middle, student0_.name_last student0_.studentId name ) ) ( FromClause{level=1} Student student0_ ) ( order ( student0_.studentId student0_.studentId studentNumber ) ) )
14:18:20,279 DEBUG JoinProcessor:175 - Using FROM fragment [Student student0_]
14:18:20,279 DEBUG QueryTranslatorImpl:252 - --- SQL AST ---
 \-[SELECT] QueryNode: 'SELECT'  querySpaces (Student)
    +-[SELECT_CLAUSE] SelectClause: '{select clause}'
    |  +-[DOT] DotNode: 'student0_.name_first' {propertyName=name,dereferenceType=2,propertyPath=name,path=st.name,tableAlias=student0_,className=org.hibernate.test.querycache.Student,classAlias=st}
    |  |  +-[ALIAS_REF] IdentNode: 'student0_.studentId' {alias=st, className=org.hibernate.test.querycache.Student, tableAlias=student0_}
    |  |  \-[IDENT] IdentNode: 'name' {originalText=name}
    |  +-[SELECT_COLUMNS] SqlNode: ' as col_0_0_'
    |  +-[SQL_TOKEN] SqlFragment: 'student0_.name_middle'
    |  +-[SELECT_COLUMNS] SqlNode: ' as col_0_1_'
    |  +-[SQL_TOKEN] SqlFragment: 'student0_.name_last'
    |  \-[SELECT_COLUMNS] SqlNode: ' as col_0_2_'
    +-[FROM] FromClause: 'from' FromClause{level=1, fromElementCounter=1, fromElements=1, fromElementByClassAlias=[st], fromElementByTableAlias=[student0_], fromElementsByPath=[], collectionJoinFromElementsByPath=[], impliedElements=[]}
    |  \-[FROM_FRAGMENT] FromElement: 'Student student0_' FromElement{explicit,not a collection join,not a fetch join,fetch non-lazy properties,classAlias=st,role=null,tableName=Student,tableAlias=student0_,origin=null,columns={,className=org.hibernate.test.querycache.Student}}
    \-[ORDER] OrderByClause: 'order'
       \-[DOT] DotNode: 'student0_.studentId' {propertyName=studentNumber,dereferenceType=ALL,propertyPath=studentNumber,path=st.studentNumber,tableAlias=student0_,className=org.hibernate.test.querycache.Student,classAlias=st}
          +-[ALIAS_REF] IdentNode: 'student0_.studentId' {alias=st, className=org.hibernate.test.querycache.Student, tableAlias=student0_}
          \-[IDENT] IdentNode: 'studentNumber' {originalText=studentNumber}

14:18:20,286 DEBUG ErrorCounter:82 - throwQueryException() : no errors
14:18:20,286 DEBUG QueryTranslatorImpl:235 - HQL: select st.name as studentName from org.hibernate.test.querycache.Student st order by st.studentNumber
14:18:20,287 DEBUG QueryTranslatorImpl:236 - SQL: select student0_.name_first as col_0_0_, student0_.name_middle as col_0_1_, student0_.name_last as col_0_2_ from Student student0_ order by student0_.studentId
14:18:20,287 DEBUG ErrorCounter:82 - throwQueryException() : no errors
14:18:20,287 DEBUG SQL:104 - 
    select
        student0_.name_first as col_0_0_,
        student0_.name_middle as col_0_1_,
        student0_.name_last as col_0_2_ 
    from
        Student student0_ 
    order by
        student0_.studentId
14:18:20,288 DEBUG SQL:104 - 
    select
        student0_.name_first as col_0_0_,
        student0_.name_middle as col_0_1_,
        student0_.name_last as col_0_2_ 
    from
        Student student0_ 
    order by
        student0_.studentId
14:18:20,288 DEBUG SQL:104 - 
    select
        student_.studentId,
        student_.name_first as name2_4_,
        student_.name_middle as name3_4_,
        student_.name_last as name4_4_,
        student_.preferredCourseCode as preferre5_4_ 
    from
        Student student_ 
    where
        student_.studentId=?
14:18:20,297 DEBUG SQL:104 - 
    select
        enrolment_.studentId,
        enrolment_.courseCode,
        enrolment_.semester as semester3_,
        enrolment_."year" as year4_3_ 
    from
        Enrolment enrolment_ 
    where
        enrolment_.studentId=? 
        and enrolment_.courseCode=?
14:18:20,297 DEBUG SQL:104 - 
    select
        course_.courseCode,
        course_.description as descript2_1_ 
    from
        Course course_ 
    where
        course_.courseCode=?
14:18:20,298 DEBUG SQL:104 - 
    select
        student_.studentId,
        student_.name_first as name2_4_,
        student_.name_middle as name3_4_,
        student_.name_last as name4_4_,
        student_.preferredCourseCode as preferre5_4_ 
    from
        Student student_ 
    where
        student_.studentId=?
14:18:20,298 DEBUG SQL:104 - 
    select
        enrolment_.studentId,
        enrolment_.courseCode,
        enrolment_.semester as semester3_,
        enrolment_."year" as year4_3_ 
    from
        Enrolment enrolment_ 
    where
        enrolment_.studentId=? 
        and enrolment_.courseCode=?
14:18:20,321 DEBUG SQL:104 - 
    select
        coursemeet_.courseCode,
        coursemeet_.day,
        coursemeet_.period,
        coursemeet_.location 
    from
        CourseMeeting coursemeet_ 
    where
        coursemeet_.courseCode=? 
        and coursemeet_.day=? 
        and coursemeet_.period=? 
        and coursemeet_.location=?
14:18:20,322 DEBUG SQL:104 - 
    select
        coursemeet_.courseCode,
        coursemeet_.day,
        coursemeet_.period,
        coursemeet_.location 
    from
        CourseMeeting coursemeet_ 
    where
        coursemeet_.courseCode=? 
        and coursemeet_.day=? 
        and coursemeet_.period=? 
        and coursemeet_.location=?
14:18:20,330 DEBUG BaseGeneralDataRegion:59 - Caching[foo.org.hibernate.cache.spi.UpdateTimestampsCache] : [Enrolment] -> [5579090986311680]
14:18:20,331 DEBUG SQL:104 - 
    update
        Address 
    set
        studentNumber=null,
        addressType=null 
    where
        studentNumber=?
14:18:20,331 DEBUG BaseGeneralDataRegion:59 - Caching[foo.org.hibernate.cache.spi.UpdateTimestampsCache] : [Address] -> [5579090986315776]
14:18:20,331 DEBUG SQL:104 - 
    delete 
    from
        Student_secretCodes 
    where
        studentNumber=?
14:18:20,331 DEBUG BaseGeneralDataRegion:59 - Caching[foo.org.hibernate.cache.spi.UpdateTimestampsCache] : [Student_secretCodes] -> [5579090986315777]
14:18:20,331 DEBUG BaseGeneralDataRegion:59 - Caching[foo.org.hibernate.cache.spi.UpdateTimestampsCache] : [Enrolment] -> [5579090986315778]
14:18:20,331 DEBUG BaseGeneralDataRegion:59 - Caching[foo.org.hibernate.cache.spi.UpdateTimestampsCache] : [Address] -> [5579090986315779]
14:18:20,331 DEBUG SQL:104 - 
    delete 
    from
        Student_secretCodes 
    where
        studentNumber=?
14:18:20,332 DEBUG BaseGeneralDataRegion:59 - Caching[foo.org.hibernate.cache.spi.UpdateTimestampsCache] : [Student_secretCodes] -> [5579090986319872]
14:18:20,332 DEBUG BaseGeneralDataRegion:59 - Caching[foo.org.hibernate.cache.spi.UpdateTimestampsCache] : [CourseMeeting] -> [5579090986319873]
14:18:20,332 DEBUG SQL:104 - 
    delete 
    from
        Enrolment 
    where
        studentId=? 
        and courseCode=?
14:18:20,341 DEBUG BaseGeneralDataRegion:59 - Caching[foo.org.hibernate.cache.spi.UpdateTimestampsCache] : [Enrolment] -> [5579090986356736]
14:18:20,341 DEBUG SQL:104 - 
    delete 
    from
        Address 
    where
        id=?
14:18:20,342 DEBUG BaseGeneralDataRegion:59 - Caching[foo.org.hibernate.cache.spi.UpdateTimestampsCache] : [Address] -> [5579090986360832]
14:18:20,342 DEBUG SQL:104 - 
    delete 
    from
        Address 
    where
        id=?
14:18:20,342 DEBUG BaseGeneralDataRegion:59 - Caching[foo.org.hibernate.cache.spi.UpdateTimestampsCache] : [Address] -> [5579090986360833]
14:18:20,343 DEBUG SQL:104 - 
    delete 
    from
        Student 
    where
        studentId=?
14:18:20,343 DEBUG BaseGeneralDataRegion:59 - Caching[foo.org.hibernate.cache.spi.UpdateTimestampsCache] : [Student] -> [5579090986364928]
14:18:20,343 DEBUG SQL:104 - 
    delete 
    from
        Enrolment 
    where
        studentId=? 
        and courseCode=?
14:18:20,352 DEBUG BaseGeneralDataRegion:59 - Caching[foo.org.hibernate.cache.spi.UpdateTimestampsCache] : [Enrolment] -> [5579090986401792]
14:18:20,352 DEBUG SQL:104 - 
    delete 
    from
        Student 
    where
        studentId=?
14:18:20,353 DEBUG BaseGeneralDataRegion:59 - Caching[foo.org.hibernate.cache.spi.UpdateTimestampsCache] : [Student] -> [5579090986405888]
14:18:20,353 DEBUG SQL:104 - 
    delete 
    from
        CourseMeeting 
    where
        courseCode=? 
        and day=? 
        and period=? 
        and location=?
14:18:20,353 DEBUG BaseGeneralDataRegion:59 - Caching[foo.org.hibernate.cache.spi.UpdateTimestampsCache] : [CourseMeeting] -> [5579090986405889]
14:18:20,354 DEBUG SQL:104 - 
    delete 
    from
        CourseMeeting 
    where
        courseCode=? 
        and day=? 
        and period=? 
        and location=?
14:18:20,370 DEBUG BaseGeneralDataRegion:59 - Caching[foo.org.hibernate.cache.spi.UpdateTimestampsCache] : [CourseMeeting] -> [5579090986475520]
14:18:20,371 DEBUG SQL:104 - 
    delete 
    from
        Course 
    where
        courseCode=?
14:18:20,371 DEBUG BaseGeneralDataRegion:59 - Caching[foo.org.hibernate.cache.spi.UpdateTimestampsCache] : [Course] -> [5579090986479616]
14:18:20,371 DEBUG BaseGeneralDataRegion:59 - Caching[foo.org.hibernate.cache.spi.UpdateTimestampsCache] : [Student] -> [5579090740719617]
14:18:20,371 DEBUG BaseGeneralDataRegion:59 - Caching[foo.org.hibernate.cache.spi.UpdateTimestampsCache] : [Course] -> [5579090740719617]
14:18:20,371 DEBUG BaseGeneralDataRegion:59 - Caching[foo.org.hibernate.cache.spi.UpdateTimestampsCache] : [Enrolment] -> [5579090740719617]
14:18:20,371 DEBUG BaseGeneralDataRegion:59 - Caching[foo.org.hibernate.cache.spi.UpdateTimestampsCache] : [Student_secretCodes] -> [5579090740719617]
14:18:20,371 DEBUG BaseGeneralDataRegion:59 - Caching[foo.org.hibernate.cache.spi.UpdateTimestampsCache] : [Address] -> [5579090740719617]
14:18:20,371 DEBUG BaseGeneralDataRegion:59 - Caching[foo.org.hibernate.cache.spi.UpdateTimestampsCache] : [CourseMeeting] -> [5579090740719617]
14:18:20,372  INFO CustomRunner:139 - Test: testAliasToBeanDtoWithNullAliasList
14:18:20,373 DEBUG SQL:104 - 
    select
        coursemeet_.courseCode,
        coursemeet_.day,
        coursemeet_.period,
        coursemeet_.location 
    from
        CourseMeeting coursemeet_ 
    where
        coursemeet_.courseCode=? 
        and coursemeet_.day=? 
        and coursemeet_.period=? 
        and coursemeet_.location=?
14:18:20,378 DEBUG SQL:104 - 
    select
        coursemeet_.courseCode,
        coursemeet_.day,
        coursemeet_.period,
        coursemeet_.location 
    from
        CourseMeeting coursemeet_ 
    where
        coursemeet_.courseCode=? 
        and coursemeet_.day=? 
        and coursemeet_.period=? 
        and coursemeet_.location=?
14:18:20,380 DEBUG SQL:104 - 
    insert 
    into
        Course
        (description, courseCode) 
    values
        (?, ?)
14:18:20,380 DEBUG BaseGeneralDataRegion:59 - Caching[foo.org.hibernate.cache.spi.UpdateTimestampsCache] : [Course] -> [5579090986516480]
14:18:20,381 DEBUG SQL:104 - 
    insert 
    into
        CourseMeeting
        (courseCode, day, period, location) 
    values
        (?, ?, ?, ?)
14:18:20,381 DEBUG BaseGeneralDataRegion:59 - Caching[foo.org.hibernate.cache.spi.UpdateTimestampsCache] : [CourseMeeting] -> [5579090986520576]
14:18:20,389 DEBUG SQL:104 - 
    insert 
    into
        CourseMeeting
        (courseCode, day, period, location) 
    values
        (?, ?, ?, ?)
14:18:20,389 DEBUG BaseGeneralDataRegion:59 - Caching[foo.org.hibernate.cache.spi.UpdateTimestampsCache] : [CourseMeeting] -> [5579090986553344]
14:18:20,390 DEBUG SQL:104 - 
    insert 
    into
        Student
        (name_first, name_middle, name_last, preferredCourseCode, studentId) 
    values
        (?, ?, ?, ?, ?)
14:18:20,390 DEBUG BaseGeneralDataRegion:59 - Caching[foo.org.hibernate.cache.spi.UpdateTimestampsCache] : [Student] -> [5579090986557440]
14:18:20,390 DEBUG SQL:104 - 
    insert 
    into
        Address
        (addressType, street, city, stateProvince, postalCode, country, studentNumber, id) 
    values
        (?, ?, ?, ?, ?, ?, ?, ?)
14:18:20,391 DEBUG BaseGeneralDataRegion:59 - Caching[foo.org.hibernate.cache.spi.UpdateTimestampsCache] : [Address] -> [5579090986561536]
14:18:20,391 DEBUG SQL:104 - 
    insert 
    into
        Address
        (addressType, street, city, stateProvince, postalCode, country, studentNumber, id) 
    values
        (?, ?, ?, ?, ?, ?, ?, ?)
14:18:20,400 DEBUG BaseGeneralDataRegion:59 - Caching[foo.org.hibernate.cache.spi.UpdateTimestampsCache] : [Address] -> [5579090986598400]
14:18:20,400 DEBUG SQL:104 - 
    insert 
    into
        Student
        (name_first, name_middle, name_last, preferredCourseCode, studentId) 
    values
        (?, ?, ?, ?, ?)
14:18:20,400 DEBUG BaseGeneralDataRegion:59 - Caching[foo.org.hibernate.cache.spi.UpdateTimestampsCache] : [Student] -> [5579090986598401]
14:18:20,401 DEBUG SQL:104 - 
    insert 
    into
        Enrolment
        (semester, "year", studentId, courseCode) 
    values
        (?, ?, ?, ?)
14:18:20,401 DEBUG BaseGeneralDataRegion:59 - Caching[foo.org.hibernate.cache.spi.UpdateTimestampsCache] : [Enrolment] -> [5579090986602496]
14:18:20,401 DEBUG SQL:104 - 
    insert 
    into
        Enrolment
        (semester, "year", studentId, courseCode) 
    values
        (?, ?, ?, ?)
14:18:20,402 DEBUG BaseGeneralDataRegion:59 - Caching[foo.org.hibernate.cache.spi.UpdateTimestampsCache] : [Enrolment] -> [5579090986606592]
14:18:20,402 DEBUG BaseGeneralDataRegion:59 - Caching[foo.org.hibernate.cache.spi.UpdateTimestampsCache] : [CourseMeeting] -> [5579090986606593]
14:18:20,402 DEBUG BaseGeneralDataRegion:59 - Caching[foo.org.hibernate.cache.spi.UpdateTimestampsCache] : [Enrolment] -> [5579090986606594]
14:18:20,402 DEBUG SQL:104 - 
    update
        Address 
    set
        studentNumber=?,
        addressType=? 
    where
        id=?
14:18:20,403 DEBUG SQL:104 - 
    update
        Address 
    set
        studentNumber=?,
        addressType=? 
    where
        id=?
14:18:20,404 DEBUG BaseGeneralDataRegion:59 - Caching[foo.org.hibernate.cache.spi.UpdateTimestampsCache] : [Address] -> [5579090986614784]
14:18:20,404 DEBUG SQL:104 - 
    insert 
    into
        Student_secretCodes
        (studentNumber, i, secretCode) 
    values
        (?, ?, ?)
14:18:20,404 DEBUG BaseGeneralDataRegion:59 - Caching[foo.org.hibernate.cache.spi.UpdateTimestampsCache] : [Student_secretCodes] -> [5579090986614785]
14:18:20,405 DEBUG BaseGeneralDataRegion:59 - Caching[foo.org.hibernate.cache.spi.UpdateTimestampsCache] : [Enrolment] -> [5579090986618880]
14:18:20,405 DEBUG BaseGeneralDataRegion:59 - Caching[foo.org.hibernate.cache.spi.UpdateTimestampsCache] : [Address] -> [5579090986618881]
14:18:20,405 DEBUG SQL:104 - 
    insert 
    into
        Student_secretCodes
        (studentNumber, i, secretCode) 
    values
        (?, ?, ?)
14:18:20,417 DEBUG SQL:104 - 
    insert 
    into
        Student_secretCodes
        (studentNumber, i, secretCode) 
    values
        (?, ?, ?)
14:18:20,418 DEBUG BaseGeneralDataRegion:59 - Caching[foo.org.hibernate.cache.spi.UpdateTimestampsCache] : [Student_secretCodes] -> [5579090986672128]
14:18:20,418 DEBUG BaseGeneralDataRegion:59 - Caching[foo.org.hibernate.cache.spi.UpdateTimestampsCache] : [Student] -> [5579090740912129]
14:18:20,418 DEBUG BaseGeneralDataRegion:59 - Caching[foo.org.hibernate.cache.spi.UpdateTimestampsCache] : [Course] -> [5579090740912129]
14:18:20,418 DEBUG BaseGeneralDataRegion:59 - Caching[foo.org.hibernate.cache.spi.UpdateTimestampsCache] : [Enrolment] -> [5579090740912129]
14:18:20,418 DEBUG BaseGeneralDataRegion:59 - Caching[foo.org.hibernate.cache.spi.UpdateTimestampsCache] : [Student_secretCodes] -> [5579090740912129]
14:18:20,418 DEBUG BaseGeneralDataRegion:59 - Caching[foo.org.hibernate.cache.spi.UpdateTimestampsCache] : [Address] -> [5579090740912129]
14:18:20,418 DEBUG BaseGeneralDataRegion:59 - Caching[foo.org.hibernate.cache.spi.UpdateTimestampsCache] : [CourseMeeting] -> [5579090740912129]
14:18:20,419 DEBUG SQL:104 - 
    select
        student1_.name_first as col_0_0_,
        student1_.name_middle as col_0_1_,
        student1_.name_last as col_0_2_,
        course2_.description as col_1_0_ 
    from
        Enrolment enrolment0_ 
    inner join
        Student student1_ 
            on enrolment0_.studentId=student1_.studentId 
    inner join
        Course course2_ 
            on enrolment0_.courseCode=course2_.courseCode 
    order by
        enrolment0_.studentId
14:18:20,430 DEBUG SQL:104 - 
    select
        student1_.name_first as col_0_0_,
        student1_.name_middle as col_0_1_,
        student1_.name_last as col_0_2_,
        course2_.description as col_1_0_ 
    from
        Enrolment enrolment0_ 
    inner join
        Student student1_ 
            on enrolment0_.studentId=student1_.studentId 
    inner join
        Course course2_ 
            on enrolment0_.courseCode=course2_.courseCode 
    order by
        enrolment0_.studentId
14:18:20,431 DEBUG SQL:104 - 
    select
        student_.studentId,
        student_.name_first as name2_4_,
        student_.name_middle as name3_4_,
        student_.name_last as name4_4_,
        student_.preferredCourseCode as preferre5_4_ 
    from
        Student student_ 
    where
        student_.studentId=?
14:18:20,432 DEBUG SQL:104 - 
    select
        enrolment_.studentId,
        enrolment_.courseCode,
        enrolment_.semester as semester3_,
        enrolment_."year" as year4_3_ 
    from
        Enrolment enrolment_ 
    where
        enrolment_.studentId=? 
        and enrolment_.courseCode=?
14:18:20,454 DEBUG SQL:104 - 
    select
        course_.courseCode,
        course_.description as descript2_1_ 
    from
        Course course_ 
    where
        course_.courseCode=?
14:18:20,455 DEBUG SQL:104 - 
    select
        student_.studentId,
        student_.name_first as name2_4_,
        student_.name_middle as name3_4_,
        student_.name_last as name4_4_,
        student_.preferredCourseCode as preferre5_4_ 
    from
        Student student_ 
    where
        student_.studentId=?
14:18:20,455 DEBUG SQL:104 - 
    select
        enrolment_.studentId,
        enrolment_.courseCode,
        enrolment_.semester as semester3_,
        enrolment_."year" as year4_3_ 
    from
        Enrolment enrolment_ 
    where
        enrolment_.studentId=? 
        and enrolment_.courseCode=?
14:18:20,466 DEBUG SQL:104 - 
    select
        coursemeet_.courseCode,
        coursemeet_.day,
        coursemeet_.period,
        coursemeet_.location 
    from
        CourseMeeting coursemeet_ 
    where
        coursemeet_.courseCode=? 
        and coursemeet_.day=? 
        and coursemeet_.period=? 
        and coursemeet_.location=?
14:18:20,467 DEBUG SQL:104 - 
    select
        coursemeet_.courseCode,
        coursemeet_.day,
        coursemeet_.period,
        coursemeet_.location 
    from
        CourseMeeting coursemeet_ 
    where
        coursemeet_.courseCode=? 
        and coursemeet_.day=? 
        and coursemeet_.period=? 
        and coursemeet_.location=?
14:18:20,467 DEBUG BaseGeneralDataRegion:59 - Caching[foo.org.hibernate.cache.spi.UpdateTimestampsCache] : [Enrolment] -> [5579090986872832]
14:18:20,467 DEBUG SQL:104 - 
    update
        Address 
    set
        studentNumber=null,
        addressType=null 
    where
        studentNumber=?
14:18:20,477 DEBUG BaseGeneralDataRegion:59 - Caching[foo.org.hibernate.cache.spi.UpdateTimestampsCache] : [Address] -> [5579090986913792]
14:18:20,477 DEBUG SQL:104 - 
    delete 
    from
        Student_secretCodes 
    where
        studentNumber=?
14:18:20,478 DEBUG BaseGeneralDataRegion:59 - Caching[foo.org.hibernate.cache.spi.UpdateTimestampsCache] : [Student_secretCodes] -> [5579090986917888]
14:18:20,478 DEBUG BaseGeneralDataRegion:59 - Caching[foo.org.hibernate.cache.spi.UpdateTimestampsCache] : [Enrolment] -> [5579090986917889]
14:18:20,478 DEBUG BaseGeneralDataRegion:59 - Caching[foo.org.hibernate.cache.spi.UpdateTimestampsCache] : [Address] -> [5579090986917890]
14:18:20,478 DEBUG SQL:104 - 
    delete 
    from
        Student_secretCodes 
    where
        studentNumber=?
14:18:20,478 DEBUG BaseGeneralDataRegion:59 - Caching[foo.org.hibernate.cache.spi.UpdateTimestampsCache] : [Student_secretCodes] -> [5579090986917891]
14:18:20,478 DEBUG BaseGeneralDataRegion:59 - Caching[foo.org.hibernate.cache.spi.UpdateTimestampsCache] : [CourseMeeting] -> [5579090986917892]
14:18:20,478 DEBUG SQL:104 - 
    delete 
    from
        Enrolment 
    where
        studentId=? 
        and courseCode=?
14:18:20,488 DEBUG BaseGeneralDataRegion:59 - Caching[foo.org.hibernate.cache.spi.UpdateTimestampsCache] : [Enrolment] -> [5579090986958848]
14:18:20,488 DEBUG SQL:104 - 
    delete 
    from
        Address 
    where
        id=?
14:18:20,489 DEBUG BaseGeneralDataRegion:59 - Caching[foo.org.hibernate.cache.spi.UpdateTimestampsCache] : [Address] -> [5579090986962944]
14:18:20,489 DEBUG SQL:104 - 
    delete 
    from
        Address 
    where
        id=?
14:18:20,489 DEBUG BaseGeneralDataRegion:59 - Caching[foo.org.hibernate.cache.spi.UpdateTimestampsCache] : [Address] -> [5579090986962945]
14:18:20,489 DEBUG SQL:104 - 
    delete 
    from
        Student 
    where
        studentId=?
14:18:20,489 DEBUG BaseGeneralDataRegion:59 - Caching[foo.org.hibernate.cache.spi.UpdateTimestampsCache] : [Student] -> [5579090986962946]
14:18:20,489 DEBUG SQL:104 - 
    delete 
    from
        Enrolment 
    where
        studentId=? 
        and courseCode=?
14:18:20,500 DEBUG BaseGeneralDataRegion:59 - Caching[foo.org.hibernate.cache.spi.UpdateTimestampsCache] : [Enrolment] -> [5579090987008000]
14:18:20,501 DEBUG SQL:104 - 
    delete 
    from
        Student 
    where
        studentId=?
14:18:20,501 DEBUG BaseGeneralDataRegion:59 - Caching[foo.org.hibernate.cache.spi.UpdateTimestampsCache] : [Student] -> [5579090987012096]
14:18:20,501 DEBUG SQL:104 - 
    delete 
    from
        CourseMeeting 
    where
        courseCode=? 
        and day=? 
        and period=? 
        and location=?
14:18:20,501 DEBUG BaseGeneralDataRegion:59 - Caching[foo.org.hibernate.cache.spi.UpdateTimestampsCache] : [CourseMeeting] -> [5579090987012097]
14:18:20,501 DEBUG SQL:104 - 
    delete 
    from
        CourseMeeting 
    where
        courseCode=? 
        and day=? 
        and period=? 
        and location=?
14:18:20,501 DEBUG BaseGeneralDataRegion:59 - Caching[foo.org.hibernate.cache.spi.UpdateTimestampsCache] : [CourseMeeting] -> [5579090987012098]
14:18:20,501 DEBUG SQL:104 - 
    delete 
    from
        Course 
    where
        courseCode=?
14:18:20,524 DEBUG BaseGeneralDataRegion:59 - Caching[foo.org.hibernate.cache.spi.UpdateTimestampsCache] : [Course] -> [5579090987106304]
14:18:20,525 DEBUG BaseGeneralDataRegion:59 - Caching[foo.org.hibernate.cache.spi.UpdateTimestampsCache] : [Student] -> [5579090741350400]
14:18:20,525 DEBUG BaseGeneralDataRegion:59 - Caching[foo.org.hibernate.cache.spi.UpdateTimestampsCache] : [Course] -> [5579090741350400]
14:18:20,525 DEBUG BaseGeneralDataRegion:59 - Caching[foo.org.hibernate.cache.spi.UpdateTimestampsCache] : [Enrolment] -> [5579090741350400]
14:18:20,525 DEBUG BaseGeneralDataRegion:59 - Caching[foo.org.hibernate.cache.spi.UpdateTimestampsCache] : [Student_secretCodes] -> [5579090741350400]
14:18:20,525 DEBUG BaseGeneralDataRegion:59 - Caching[foo.org.hibernate.cache.spi.UpdateTimestampsCache] : [Address] -> [5579090741350400]
14:18:20,525 DEBUG BaseGeneralDataRegion:59 - Caching[foo.org.hibernate.cache.spi.UpdateTimestampsCache] : [CourseMeeting] -> [5579090741350400]
14:18:20,526  INFO CustomRunner:139 - Test: testAliasToEntityMapMultiAggregatedPropProjectionSingleResult
14:18:20,527 DEBUG SQL:104 - 
    select
        coursemeet_.courseCode,
        coursemeet_.day,
        coursemeet_.period,
        coursemeet_.location 
    from
        CourseMeeting coursemeet_ 
    where
        coursemeet_.courseCode=? 
        and coursemeet_.day=? 
        and coursemeet_.period=? 
        and coursemeet_.location=?
14:18:20,527 DEBUG SQL:104 - 
    select
        coursemeet_.courseCode,
        coursemeet_.day,
        coursemeet_.period,
        coursemeet_.location 
    from
        CourseMeeting coursemeet_ 
    where
        coursemeet_.courseCode=? 
        and coursemeet_.day=? 
        and coursemeet_.period=? 
        and coursemeet_.location=?
14:18:20,544 DEBUG SQL:104 - 
    insert 
    into
        Course
        (description, courseCode) 
    values
        (?, ?)
14:18:20,545 DEBUG BaseGeneralDataRegion:59 - Caching[foo.org.hibernate.cache.spi.UpdateTimestampsCache] : [Course] -> [5579090987192320]
14:18:20,545 DEBUG SQL:104 - 
    insert 
    into
        CourseMeeting
        (courseCode, day, period, location) 
    values
        (?, ?, ?, ?)
14:18:20,545 DEBUG BaseGeneralDataRegion:59 - Caching[foo.org.hibernate.cache.spi.UpdateTimestampsCache] : [CourseMeeting] -> [5579090987192321]
14:18:20,545 DEBUG SQL:104 - 
    insert 
    into
        CourseMeeting
        (courseCode, day, period, location) 
    values
        (?, ?, ?, ?)
14:18:20,545 DEBUG BaseGeneralDataRegion:59 - Caching[foo.org.hibernate.cache.spi.UpdateTimestampsCache] : [CourseMeeting] -> [5579090987192322]
14:18:20,545 DEBUG SQL:104 - 
    insert 
    into
        Student
        (name_first, name_middle, name_last, preferredCourseCode, studentId) 
    values
        (?, ?, ?, ?, ?)
14:18:20,545 DEBUG BaseGeneralDataRegion:59 - Caching[foo.org.hibernate.cache.spi.UpdateTimestampsCache] : [Student] -> [5579090987192323]
14:18:20,546 DEBUG SQL:104 - 
    insert 
    into
        Address
        (addressType, street, city, stateProvince, postalCode, country, studentNumber, id) 
    values
        (?, ?, ?, ?, ?, ?, ?, ?)
14:18:20,546 DEBUG BaseGeneralDataRegion:59 - Caching[foo.org.hibernate.cache.spi.UpdateTimestampsCache] : [Address] -> [5579090987196416]
14:18:20,546 DEBUG SQL:104 - 
    insert 
    into
        Address
        (addressType, street, city, stateProvince, postalCode, country, studentNumber, id) 
    values
        (?, ?, ?, ?, ?, ?, ?, ?)
14:18:20,546 DEBUG BaseGeneralDataRegion:59 - Caching[foo.org.hibernate.cache.spi.UpdateTimestampsCache] : [Address] -> [5579090987196417]
14:18:20,546 DEBUG SQL:104 - 
    insert 
    into
        Student
        (name_first, name_middle, name_last, preferredCourseCode, studentId) 
    values
        (?, ?, ?, ?, ?)
14:18:20,560 DEBUG BaseGeneralDataRegion:59 - Caching[foo.org.hibernate.cache.spi.UpdateTimestampsCache] : [Student] -> [5579090987253760]
14:18:20,560 DEBUG SQL:104 - 
    insert 
    into
        Enrolment
        (semester, "year", studentId, courseCode) 
    values
        (?, ?, ?, ?)
14:18:20,560 DEBUG BaseGeneralDataRegion:59 - Caching[foo.org.hibernate.cache.spi.UpdateTimestampsCache] : [Enrolment] -> [5579090987253761]
14:18:20,560 DEBUG SQL:104 - 
    insert 
    into
        Enrolment
        (semester, "year", studentId, courseCode) 
    values
        (?, ?, ?, ?)
14:18:20,560 DEBUG BaseGeneralDataRegion:59 - Caching[foo.org.hibernate.cache.spi.UpdateTimestampsCache] : [Enrolment] -> [5579090987253762]
14:18:20,561 DEBUG BaseGeneralDataRegion:59 - Caching[foo.org.hibernate.cache.spi.UpdateTimestampsCache] : [CourseMeeting] -> [5579090987257856]
14:18:20,561 DEBUG BaseGeneralDataRegion:59 - Caching[foo.org.hibernate.cache.spi.UpdateTimestampsCache] : [Enrolment] -> [5579090987257857]
14:18:20,561 DEBUG SQL:104 - 
    update
        Address 
    set
        studentNumber=?,
        addressType=? 
    where
        id=?
14:18:20,570 DEBUG SQL:104 - 
    update
        Address 
    set
        studentNumber=?,
        addressType=? 
    where
        id=?
14:18:20,571 DEBUG BaseGeneralDataRegion:59 - Caching[foo.org.hibernate.cache.spi.UpdateTimestampsCache] : [Address] -> [5579090987298816]
14:18:20,571 DEBUG SQL:104 - 
    insert 
    into
        Student_secretCodes
        (studentNumber, i, secretCode) 
    values
        (?, ?, ?)
14:18:20,571 DEBUG BaseGeneralDataRegion:59 - Caching[foo.org.hibernate.cache.spi.UpdateTimestampsCache] : [Student_secretCodes] -> [5579090987298817]
14:18:20,571 DEBUG BaseGeneralDataRegion:59 - Caching[foo.org.hibernate.cache.spi.UpdateTimestampsCache] : [Enrolment] -> [5579090987298818]
14:18:20,571 DEBUG BaseGeneralDataRegion:59 - Caching[foo.org.hibernate.cache.spi.UpdateTimestampsCache] : [Address] -> [5579090987298819]
14:18:20,571 DEBUG SQL:104 - 
    insert 
    into
        Student_secretCodes
        (studentNumber, i, secretCode) 
    values
        (?, ?, ?)
14:18:20,572 DEBUG SQL:104 - 
    insert 
    into
        Student_secretCodes
        (studentNumber, i, secretCode) 
    values
        (?, ?, ?)
14:18:20,572 DEBUG BaseGeneralDataRegion:59 - Caching[foo.org.hibernate.cache.spi.UpdateTimestampsCache] : [Student_secretCodes] -> [5579090987302912]
14:18:20,572 DEBUG BaseGeneralDataRegion:59 - Caching[foo.org.hibernate.cache.spi.UpdateTimestampsCache] : [Student] -> [5579090741542913]
14:18:20,572 DEBUG BaseGeneralDataRegion:59 - Caching[foo.org.hibernate.cache.spi.UpdateTimestampsCache] : [Course] -> [5579090741542913]
14:18:20,572 DEBUG BaseGeneralDataRegion:59 - Caching[foo.org.hibernate.cache.spi.UpdateTimestampsCache] : [Enrolment] -> [5579090741542913]
14:18:20,572 DEBUG BaseGeneralDataRegion:59 - Caching[foo.org.hibernate.cache.spi.UpdateTimestampsCache] : [Student_secretCodes] -> [5579090741542913]
14:18:20,572 DEBUG BaseGeneralDataRegion:59 - Caching[foo.org.hibernate.cache.spi.UpdateTimestampsCache] : [Address] -> [5579090741542913]
14:18:20,572 DEBUG BaseGeneralDataRegion:59 - Caching[foo.org.hibernate.cache.spi.UpdateTimestampsCache] : [CourseMeeting] -> [5579090741542913]
14:18:20,573 DEBUG QueryTranslatorImpl:265 - parse() - HQL: select min( e.studentNumber ) as minStudentNumber, max( e.studentNumber ) as maxStudentNumber from org.hibernate.test.querycache.Enrolment e
14:18:20,574 DEBUG QueryTranslatorImpl:283 - --- HQL AST ---
 \-[QUERY] Node: 'query'
    \-[SELECT_FROM] Node: 'SELECT_FROM'
       +-[FROM] Node: 'from'
       |  \-[RANGE] Node: 'RANGE'
       |     +-[DOT] Node: '.'
       |     |  +-[DOT] Node: '.'
       |     |  |  +-[DOT] Node: '.'
       |     |  |  |  +-[DOT] Node: '.'
       |     |  |  |  |  +-[IDENT] Node: 'org'
       |     |  |  |  |  \-[IDENT] Node: 'hibernate'
       |     |  |  |  \-[IDENT] Node: 'test'
       |     |  |  \-[IDENT] Node: 'querycache'
       |     |  \-[IDENT] Node: 'Enrolment'
       |     \-[ALIAS] Node: 'e'
       \-[SELECT] Node: 'select'
          +-[AS] Node: 'as'
          |  +-[AGGREGATE] Node: 'min'
          |  |  \-[DOT] Node: '.'
          |  |     +-[IDENT] Node: 'e'
          |  |     \-[IDENT] Node: 'studentNumber'
          |  \-[IDENT] Node: 'minStudentNumber'
          \-[AS] Node: 'as'
             +-[AGGREGATE] Node: 'max'
             |  \-[DOT] Node: '.'
             |     +-[IDENT] Node: 'e'
             |     \-[IDENT] Node: 'studentNumber'
             \-[IDENT] Node: 'maxStudentNumber'

14:18:20,605 DEBUG ErrorCounter:82 - throwQueryException() : no errors
14:18:20,606 DEBUG FromElement:157 - FromClause{level=1} : org.hibernate.test.querycache.Enrolment (e) -> enrolment0_
14:18:20,610 DEBUG FromReferenceNode:74 - Resolved : e -> (enrolment0_.studentId, enrolment0_.courseCode)
14:18:20,610 DEBUG DotNode:599 - getDataType() : studentNumber -> org.hibernate.type.LongType@4bf3f9d
14:18:20,610 DEBUG FromReferenceNode:74 - Resolved : e.studentNumber -> enrolment0_.studentId
14:18:20,610 DEBUG FromReferenceNode:74 - Resolved : e -> (enrolment0_.studentId, enrolment0_.courseCode)
14:18:20,610 DEBUG DotNode:599 - getDataType() : studentNumber -> org.hibernate.type.LongType@4bf3f9d
14:18:20,610 DEBUG FromReferenceNode:74 - Resolved : e.studentNumber -> enrolment0_.studentId
14:18:20,610 DEBUG HqlSqlWalker:629 - processQuery() :  ( SELECT ( {select clause} ( min ( enrolment0_.studentId (enrolment0_.studentId, enrolment0_.courseCode) studentNumber ) ) ( max ( enrolment0_.studentId (enrolment0_.studentId, enrolment0_.courseCode) studentNumber ) ) ) ( FromClause{level=1} Enrolment enrolment0_ ) )
14:18:20,611 DEBUG JoinProcessor:175 - Using FROM fragment [Enrolment enrolment0_]
14:18:20,611 DEBUG QueryTranslatorImpl:252 - --- SQL AST ---
 \-[SELECT] QueryNode: 'SELECT'  querySpaces (Enrolment)
    +-[SELECT_CLAUSE] SelectClause: '{select clause}'
    |  +-[AGGREGATE] AggregateNode: 'min'
    |  |  \-[DOT] DotNode: 'enrolment0_.studentId' {propertyName=studentNumber,dereferenceType=ALL,propertyPath=studentNumber,path=e.studentNumber,tableAlias=enrolment0_,className=org.hibernate.test.querycache.Enrolment,classAlias=e}
    |  |     +-[ALIAS_REF] IdentNode: '(enrolment0_.studentId, enrolment0_.courseCode)' {alias=e, className=org.hibernate.test.querycache.Enrolment, tableAlias=enrolment0_}
    |  |     \-[IDENT] IdentNode: 'studentNumber' {originalText=studentNumber}
    |  +-[SELECT_COLUMNS] SqlNode: ' as col_0_0_'
    |  +-[AGGREGATE] AggregateNode: 'max'
    |  |  \-[DOT] DotNode: 'enrolment0_.studentId' {propertyName=studentNumber,dereferenceType=ALL,propertyPath=studentNumber,path=e.studentNumber,tableAlias=enrolment0_,className=org.hibernate.test.querycache.Enrolment,classAlias=e}
    |  |     +-[ALIAS_REF] IdentNode: '(enrolment0_.studentId, enrolment0_.courseCode)' {alias=e, className=org.hibernate.test.querycache.Enrolment, tableAlias=enrolment0_}
    |  |     \-[IDENT] IdentNode: 'studentNumber' {originalText=studentNumber}
    |  \-[SELECT_COLUMNS] SqlNode: ' as col_1_0_'
    \-[FROM] FromClause: 'from' FromClause{level=1, fromElementCounter=1, fromElements=1, fromElementByClassAlias=[e], fromElementByTableAlias=[enrolment0_], fromElementsByPath=[], collectionJoinFromElementsByPath=[], impliedElements=[]}
       \-[FROM_FRAGMENT] FromElement: 'Enrolment enrolment0_' FromElement{explicit,not a collection join,not a fetch join,fetch non-lazy properties,classAlias=e,role=null,tableName=Enrolment,tableAlias=enrolment0_,origin=null,columns={,className=org.hibernate.test.querycache.Enrolment}}

14:18:20,611 DEBUG ErrorCounter:82 - throwQueryException() : no errors
14:18:20,611 DEBUG QueryTranslatorImpl:235 - HQL: select min( e.studentNumber ) as minStudentNumber, max( e.studentNumber ) as maxStudentNumber from org.hibernate.test.querycache.Enrolment e
14:18:20,611 DEBUG QueryTranslatorImpl:236 - SQL: select min(enrolment0_.studentId) as col_0_0_, max(enrolment0_.studentId) as col_1_0_ from Enrolment enrolment0_
14:18:20,611 DEBUG ErrorCounter:82 - throwQueryException() : no errors
14:18:20,612 DEBUG SQL:104 - 
    select
        min(enrolment0_.studentId) as col_0_0_,
        max(enrolment0_.studentId) as col_1_0_ 
    from
        Enrolment enrolment0_
14:18:20,620 DEBUG SQL:104 - 
    select
        min(enrolment0_.studentId) as col_0_0_,
        max(enrolment0_.studentId) as col_1_0_ 
    from
        Enrolment enrolment0_
14:18:20,621 DEBUG SQL:104 - 
    select
        student_.studentId,
        student_.name_first as name2_4_,
        student_.name_middle as name3_4_,
        student_.name_last as name4_4_,
        student_.preferredCourseCode as preferre5_4_ 
    from
        Student student_ 
    where
        student_.studentId=?
14:18:20,621 DEBUG SQL:104 - 
    select
        enrolment_.studentId,
        enrolment_.courseCode,
        enrolment_.semester as semester3_,
        enrolment_."year" as year4_3_ 
    from
        Enrolment enrolment_ 
    where
        enrolment_.studentId=? 
        and enrolment_.courseCode=?
14:18:20,630 DEBUG SQL:104 - 
    select
        course_.courseCode,
        course_.description as descript2_1_ 
    from
        Course course_ 
    where
        course_.courseCode=?
14:18:20,630 DEBUG SQL:104 - 
    select
        student_.studentId,
        student_.name_first as name2_4_,
        student_.name_middle as name3_4_,
        student_.name_last as name4_4_,
        student_.preferredCourseCode as preferre5_4_ 
    from
        Student student_ 
    where
        student_.studentId=?
14:18:20,631 DEBUG SQL:104 - 
    select
        enrolment_.studentId,
        enrolment_.courseCode,
        enrolment_.semester as semester3_,
        enrolment_."year" as year4_3_ 
    from
        Enrolment enrolment_ 
    where
        enrolment_.studentId=? 
        and enrolment_.courseCode=?
14:18:20,640 DEBUG SQL:104 - 
    select
        coursemeet_.courseCode,
        coursemeet_.day,
        coursemeet_.period,
        coursemeet_.location 
    from
        CourseMeeting coursemeet_ 
    where
        coursemeet_.courseCode=? 
        and coursemeet_.day=? 
        and coursemeet_.period=? 
        and coursemeet_.location=?
14:18:20,640 DEBUG SQL:104 - 
    select
        coursemeet_.courseCode,
        coursemeet_.day,
        coursemeet_.period,
        coursemeet_.location 
    from
        CourseMeeting coursemeet_ 
    where
        coursemeet_.courseCode=? 
        and coursemeet_.day=? 
        and coursemeet_.period=? 
        and coursemeet_.location=?
14:18:20,641 DEBUG BaseGeneralDataRegion:59 - Caching[foo.org.hibernate.cache.spi.UpdateTimestampsCache] : [Enrolment] -> [5579090987585536]
14:18:20,649 DEBUG SQL:104 - 
    update
        Address 
    set
        studentNumber=null,
        addressType=null 
    where
        studentNumber=?
14:18:20,650 DEBUG BaseGeneralDataRegion:59 - Caching[foo.org.hibernate.cache.spi.UpdateTimestampsCache] : [Address] -> [5579090987622400]
14:18:20,650 DEBUG SQL:104 - 
    delete 
    from
        Student_secretCodes 
    where
        studentNumber=?
14:18:20,650 DEBUG BaseGeneralDataRegion:59 - Caching[foo.org.hibernate.cache.spi.UpdateTimestampsCache] : [Student_secretCodes] -> [5579090987622401]
14:18:20,650 DEBUG BaseGeneralDataRegion:59 - Caching[foo.org.hibernate.cache.spi.UpdateTimestampsCache] : [Enrolment] -> [5579090987622402]
14:18:20,650 DEBUG BaseGeneralDataRegion:59 - Caching[foo.org.hibernate.cache.spi.UpdateTimestampsCache] : [Address] -> [5579090987622403]
14:18:20,650 DEBUG SQL:104 - 
    delete 
    from
        Student_secretCodes 
    where
        studentNumber=?
14:18:20,651 DEBUG BaseGeneralDataRegion:59 - Caching[foo.org.hibernate.cache.spi.UpdateTimestampsCache] : [Student_secretCodes] -> [5579090987626496]
14:18:20,651 DEBUG BaseGeneralDataRegion:59 - Caching[foo.org.hibernate.cache.spi.UpdateTimestampsCache] : [CourseMeeting] -> [5579090987626497]
14:18:20,651 DEBUG SQL:104 - 
    delete 
    from
        Enrolment 
    where
        studentId=? 
        and courseCode=?
14:18:20,660 DEBUG BaseGeneralDataRegion:59 - Caching[foo.org.hibernate.cache.spi.UpdateTimestampsCache] : [Enrolment] -> [5579090987663360]
14:18:20,660 DEBUG SQL:104 - 
    delete 
    from
        Address 
    where
        id=?
14:18:20,660 DEBUG BaseGeneralDataRegion:59 - Caching[foo.org.hibernate.cache.spi.UpdateTimestampsCache] : [Address] -> [5579090987663361]
14:18:20,660 DEBUG SQL:104 - 
    delete 
    from
        Address 
    where
        id=?
14:18:20,660 DEBUG BaseGeneralDataRegion:59 - Caching[foo.org.hibernate.cache.spi.UpdateTimestampsCache] : [Address] -> [5579090987663362]
14:18:20,661 DEBUG SQL:104 - 
    delete 
    from
        Student 
    where
        studentId=?
14:18:20,661 DEBUG BaseGeneralDataRegion:59 - Caching[foo.org.hibernate.cache.spi.UpdateTimestampsCache] : [Student] -> [5579090987667456]
14:18:20,661 DEBUG SQL:104 - 
    delete 
    from
        Enrolment 
    where
        studentId=? 
        and courseCode=?
14:18:20,670 DEBUG BaseGeneralDataRegion:59 - Caching[foo.org.hibernate.cache.spi.UpdateTimestampsCache] : [Enrolment] -> [5579090987704320]
14:18:20,671 DEBUG SQL:104 - 
    delete 
    from
        Student 
    where
        studentId=?
14:18:20,671 DEBUG BaseGeneralDataRegion:59 - Caching[foo.org.hibernate.cache.spi.UpdateTimestampsCache] : [Student] -> [5579090987708416]
14:18:20,671 DEBUG SQL:104 - 
    delete 
    from
        CourseMeeting 
    where
        courseCode=? 
        and day=? 
        and period=? 
        and location=?
14:18:20,671 DEBUG BaseGeneralDataRegion:59 - Caching[foo.org.hibernate.cache.spi.UpdateTimestampsCache] : [CourseMeeting] -> [5579090987708417]
14:18:20,671 DEBUG SQL:104 - 
    delete 
    from
        CourseMeeting 
    where
        courseCode=? 
        and day=? 
        and period=? 
        and location=?
14:18:20,672 DEBUG BaseGeneralDataRegion:59 - Caching[foo.org.hibernate.cache.spi.UpdateTimestampsCache] : [CourseMeeting] -> [5579090987712512]
14:18:20,672 DEBUG SQL:104 - 
    delete 
    from
        Course 
    where
        courseCode=?
14:18:20,672 DEBUG BaseGeneralDataRegion:59 - Caching[foo.org.hibernate.cache.spi.UpdateTimestampsCache] : [Course] -> [5579090987712513]
14:18:20,672 DEBUG BaseGeneralDataRegion:59 - Caching[foo.org.hibernate.cache.spi.UpdateTimestampsCache] : [Student] -> [5579090741952514]
14:18:20,672 DEBUG BaseGeneralDataRegion:59 - Caching[foo.org.hibernate.cache.spi.UpdateTimestampsCache] : [Course] -> [5579090741952514]
14:18:20,672 DEBUG BaseGeneralDataRegion:59 - Caching[foo.org.hibernate.cache.spi.UpdateTimestampsCache] : [Enrolment] -> [5579090741952514]
14:18:20,672 DEBUG BaseGeneralDataRegion:59 - Caching[foo.org.hibernate.cache.spi.UpdateTimestampsCache] : [Student_secretCodes] -> [5579090741952514]
14:18:20,672 DEBUG BaseGeneralDataRegion:59 - Caching[foo.org.hibernate.cache.spi.UpdateTimestampsCache] : [Address] -> [5579090741952514]
14:18:20,672 DEBUG BaseGeneralDataRegion:59 - Caching[foo.org.hibernate.cache.spi.UpdateTimestampsCache] : [CourseMeeting] -> [5579090741952514]
14:18:20,673  INFO CustomRunner:139 - Test: testAliasToEntityMapMultiProjectionList
14:18:20,674 DEBUG SQL:104 - 
    select
        coursemeet_.courseCode,
        coursemeet_.day,
        coursemeet_.period,
        coursemeet_.location 
    from
        CourseMeeting coursemeet_ 
    where
        coursemeet_.courseCode=? 
        and coursemeet_.day=? 
        and coursemeet_.period=? 
        and coursemeet_.location=?
14:18:20,674 DEBUG SQL:104 - 
    select
        coursemeet_.courseCode,
        coursemeet_.day,
        coursemeet_.period,
        coursemeet_.location 
    from
        CourseMeeting coursemeet_ 
    where
        coursemeet_.courseCode=? 
        and coursemeet_.day=? 
        and coursemeet_.period=? 
        and coursemeet_.location=?
14:18:20,685 DEBUG SQL:104 - 
    insert 
    into
        Course
        (description, courseCode) 
    values
        (?, ?)
14:18:20,686 DEBUG BaseGeneralDataRegion:59 - Caching[foo.org.hibernate.cache.spi.UpdateTimestampsCache] : [Course] -> [5579090987769856]
14:18:20,686 DEBUG SQL:104 - 
    insert 
    into
        CourseMeeting
        (courseCode, day, period, location) 
    values
        (?, ?, ?, ?)
14:18:20,686 DEBUG BaseGeneralDataRegion:59 - Caching[foo.org.hibernate.cache.spi.UpdateTimestampsCache] : [CourseMeeting] -> [5579090987769857]
14:18:20,686 DEBUG SQL:104 - 
    insert 
    into
        CourseMeeting
        (courseCode, day, period, location) 
    values
        (?, ?, ?, ?)
14:18:20,695 DEBUG BaseGeneralDataRegion:59 - Caching[foo.org.hibernate.cache.spi.UpdateTimestampsCache] : [CourseMeeting] -> [5579090987806720]
14:18:20,695 DEBUG SQL:104 - 
    insert 
    into
        Student
        (name_first, name_middle, name_last, preferredCourseCode, studentId) 
    values
        (?, ?, ?, ?, ?)
14:18:20,695 DEBUG BaseGeneralDataRegion:59 - Caching[foo.org.hibernate.cache.spi.UpdateTimestampsCache] : [Student] -> [5579090987806721]
14:18:20,695 DEBUG SQL:104 - 
    insert 
    into
        Address
        (addressType, street, city, stateProvince, postalCode, country, studentNumber, id) 
    values
        (?, ?, ?, ?, ?, ?, ?, ?)
14:18:20,696 DEBUG BaseGeneralDataRegion:59 - Caching[foo.org.hibernate.cache.spi.UpdateTimestampsCache] : [Address] -> [5579090987810816]
14:18:20,696 DEBUG SQL:104 - 
    insert 
    into
        Address
        (addressType, street, city, stateProvince, postalCode, country, studentNumber, id) 
    values
        (?, ?, ?, ?, ?, ?, ?, ?)
14:18:20,696 DEBUG BaseGeneralDataRegion:59 - Caching[foo.org.hibernate.cache.spi.UpdateTimestampsCache] : [Address] -> [5579090987810817]
14:18:20,696 DEBUG SQL:104 - 
    insert 
    into
        Student
        (name_first, name_middle, name_last, preferredCourseCode, studentId) 
    values
        (?, ?, ?, ?, ?)
14:18:20,696 DEBUG BaseGeneralDataRegion:59 - Caching[foo.org.hibernate.cache.spi.UpdateTimestampsCache] : [Student] -> [5579090987810818]
14:18:20,696 DEBUG SQL:104 - 
    insert 
    into
        Enrolment
        (semester, "year", studentId, courseCode) 
    values
        (?, ?, ?, ?)
14:18:20,716 DEBUG BaseGeneralDataRegion:59 - Caching[foo.org.hibernate.cache.spi.UpdateTimestampsCache] : [Enrolment] -> [5579090987892736]
14:18:20,717 DEBUG SQL:104 - 
    insert 
    into
        Enrolment
        (semester, "year", studentId, courseCode) 
    values
        (?, ?, ?, ?)
14:18:20,717 DEBUG BaseGeneralDataRegion:59 - Caching[foo.org.hibernate.cache.spi.UpdateTimestampsCache] : [Enrolment] -> [5579090987896832]
14:18:20,717 DEBUG BaseGeneralDataRegion:59 - Caching[foo.org.hibernate.cache.spi.UpdateTimestampsCache] : [CourseMeeting] -> [5579090987896833]
14:18:20,717 DEBUG BaseGeneralDataRegion:59 - Caching[foo.org.hibernate.cache.spi.UpdateTimestampsCache] : [Enrolment] -> [5579090987896834]
14:18:20,717 DEBUG SQL:104 - 
    update
        Address 
    set
        studentNumber=?,
        addressType=? 
    where
        id=?
14:18:20,718 DEBUG SQL:104 - 
    update
        Address 
    set
        studentNumber=?,
        addressType=? 
    where
        id=?
14:18:20,718 DEBUG BaseGeneralDataRegion:59 - Caching[foo.org.hibernate.cache.spi.UpdateTimestampsCache] : [Address] -> [5579090987900928]
14:18:20,718 DEBUG SQL:104 - 
    insert 
    into
        Student_secretCodes
        (studentNumber, i, secretCode) 
    values
        (?, ?, ?)
14:18:20,727 DEBUG BaseGeneralDataRegion:59 - Caching[foo.org.hibernate.cache.spi.UpdateTimestampsCache] : [Student_secretCodes] -> [5579090987937792]
14:18:20,727 DEBUG BaseGeneralDataRegion:59 - Caching[foo.org.hibernate.cache.spi.UpdateTimestampsCache] : [Enrolment] -> [5579090987937793]
14:18:20,727 DEBUG BaseGeneralDataRegion:59 - Caching[foo.org.hibernate.cache.spi.UpdateTimestampsCache] : [Address] -> [5579090987937794]
14:18:20,727 DEBUG SQL:104 - 
    insert 
    into
        Student_secretCodes
        (studentNumber, i, secretCode) 
    values
        (?, ?, ?)
14:18:20,728 DEBUG SQL:104 - 
    insert 
    into
        Student_secretCodes
        (studentNumber, i, secretCode) 
    values
        (?, ?, ?)
14:18:20,728 DEBUG BaseGeneralDataRegion:59 - Caching[foo.org.hibernate.cache.spi.UpdateTimestampsCache] : [Student_secretCodes] -> [5579090987941888]
14:18:20,728 DEBUG BaseGeneralDataRegion:59 - Caching[foo.org.hibernate.cache.spi.UpdateTimestampsCache] : [Student] -> [5579090742181889]
14:18:20,728 DEBUG BaseGeneralDataRegion:59 - Caching[foo.org.hibernate.cache.spi.UpdateTimestampsCache] : [Course] -> [5579090742181889]
14:18:20,728 DEBUG BaseGeneralDataRegion:59 - Caching[foo.org.hibernate.cache.spi.UpdateTimestampsCache] : [Enrolment] -> [5579090742181889]
14:18:20,728 DEBUG BaseGeneralDataRegion:59 - Caching[foo.org.hibernate.cache.spi.UpdateTimestampsCache] : [Student_secretCodes] -> [5579090742181889]
14:18:20,728 DEBUG BaseGeneralDataRegion:59 - Caching[foo.org.hibernate.cache.spi.UpdateTimestampsCache] : [Address] -> [5579090742181889]
14:18:20,728 DEBUG BaseGeneralDataRegion:59 - Caching[foo.org.hibernate.cache.spi.UpdateTimestampsCache] : [CourseMeeting] -> [5579090742181889]
14:18:20,729 DEBUG QueryTranslatorImpl:265 - parse() - HQL: select e.student as student, e.semester as semester, e.year as year, e.course as course from org.hibernate.test.querycache.Enrolment e order by e.studentNumber
14:18:20,739 DEBUG QueryTranslatorImpl:283 - --- HQL AST ---
 \-[QUERY] Node: 'query'
    +-[SELECT_FROM] Node: 'SELECT_FROM'
    |  +-[FROM] Node: 'from'
    |  |  \-[RANGE] Node: 'RANGE'
    |  |     +-[DOT] Node: '.'
    |  |     |  +-[DOT] Node: '.'
    |  |     |  |  +-[DOT] Node: '.'
    |  |     |  |  |  +-[DOT] Node: '.'
    |  |     |  |  |  |  +-[IDENT] Node: 'org'
    |  |     |  |  |  |  \-[IDENT] Node: 'hibernate'
    |  |     |  |  |  \-[IDENT] Node: 'test'
    |  |     |  |  \-[IDENT] Node: 'querycache'
    |  |     |  \-[IDENT] Node: 'Enrolment'
    |  |     \-[ALIAS] Node: 'e'
    |  \-[SELECT] Node: 'select'
    |     +-[AS] Node: 'as'
    |     |  +-[DOT] Node: '.'
    |     |  |  +-[IDENT] Node: 'e'
    |     |  |  \-[IDENT] Node: 'student'
    |     |  \-[IDENT] Node: 'student'
    |     +-[AS] Node: 'as'
    |     |  +-[DOT] Node: '.'
    |     |  |  +-[IDENT] Node: 'e'
    |     |  |  \-[IDENT] Node: 'semester'
    |     |  \-[IDENT] Node: 'semester'
    |     +-[AS] Node: 'as'
    |     |  +-[DOT] Node: '.'
    |     |  |  +-[IDENT] Node: 'e'
    |     |  |  \-[IDENT] Node: 'year'
    |     |  \-[IDENT] Node: 'year'
    |     \-[AS] Node: 'as'
    |        +-[DOT] Node: '.'
    |        |  +-[IDENT] Node: 'e'
    |        |  \-[IDENT] Node: 'course'
    |        \-[IDENT] Node: 'course'
    \-[ORDER] Node: 'order'
       \-[DOT] Node: '.'
          +-[IDENT] Node: 'e'
          \-[IDENT] Node: 'studentNumber'

14:18:20,748 DEBUG ErrorCounter:82 - throwQueryException() : no errors
14:18:20,748 DEBUG FromElement:157 - FromClause{level=1} : org.hibernate.test.querycache.Enrolment (e) -> enrolment0_
14:18:20,749 DEBUG FromReferenceNode:74 - Resolved : e -> (enrolment0_.studentId, enrolment0_.courseCode)
14:18:20,749 DEBUG DotNode:599 - getDataType() : student -> org.hibernate.type.ManyToOneType(org.hibernate.test.querycache.Student)
14:18:20,749 DEBUG DotNode:389 - dereferenceEntityJoin() : generating join for student in org.hibernate.test.querycache.Enrolment (<no alias>) parent = [ {null} ]
14:18:20,749 DEBUG FromElement:157 - FromClause{level=1} : org.hibernate.test.querycache.Student (<no alias>) -> student1_
14:18:20,749 DEBUG FromClause:282 - addJoinByPathMap() : e.student -> FromElement{explicit,not a collection join,not a fetch join,fetch non-lazy properties,classAlias=null,role=null,tableName=Student,tableAlias=student1_,origin=Enrolment enrolment0_,columns={enrolment0_.studentId ,className=org.hibernate.test.querycache.Student}}
14:18:20,749 DEBUG FromReferenceNode:74 - Resolved : e.student -> enrolment0_.studentId
14:18:20,749 DEBUG FromReferenceNode:74 - Resolved : e -> (enrolment0_.studentId, enrolment0_.courseCode)
14:18:20,750 DEBUG DotNode:599 - getDataType() : semester -> org.hibernate.type.ShortType@491168d6
14:18:20,750 DEBUG FromReferenceNode:74 - Resolved : e.semester -> enrolment0_.semester
14:18:20,750 DEBUG FromReferenceNode:74 - Resolved : e -> (enrolment0_.studentId, enrolment0_.courseCode)
14:18:20,750 DEBUG DotNode:599 - getDataType() : year -> org.hibernate.type.ShortType@491168d6
14:18:20,750 DEBUG FromReferenceNode:74 - Resolved : e.year -> enrolment0_."year"
14:18:20,750 DEBUG FromReferenceNode:74 - Resolved : e -> (enrolment0_.studentId, enrolment0_.courseCode)
14:18:20,750 DEBUG DotNode:599 - getDataType() : course -> org.hibernate.type.ManyToOneType(org.hibernate.test.querycache.Course)
14:18:20,750 DEBUG DotNode:389 - dereferenceEntityJoin() : generating join for course in org.hibernate.test.querycache.Enrolment (<no alias>) parent = [ {null} ]
14:18:20,751 DEBUG FromElement:157 - FromClause{level=1} : org.hibernate.test.querycache.Course (<no alias>) -> course2_
14:18:20,751 DEBUG FromClause:282 - addJoinByPathMap() : e.course -> FromElement{explicit,not a collection join,not a fetch join,fetch non-lazy properties,classAlias=null,role=null,tableName=Course,tableAlias=course2_,origin=Enrolment enrolment0_,columns={enrolment0_.courseCode ,className=org.hibernate.test.querycache.Course}}
14:18:20,758 DEBUG FromReferenceNode:74 - Resolved : e.course -> enrolment0_.courseCode
14:18:20,760 DEBUG FromReferenceNode:74 - Resolved : e -> enrolment0_.studentId, enrolment0_.courseCode
14:18:20,760 DEBUG DotNode:599 - getDataType() : studentNumber -> org.hibernate.type.LongType@4bf3f9d
14:18:20,760 DEBUG FromReferenceNode:74 - Resolved : e.studentNumber -> enrolment0_.studentId
14:18:20,761 DEBUG HqlSqlWalker:629 - processQuery() :  ( SELECT ( {select clause} ( enrolment0_.studentId (enrolment0_.studentId, enrolment0_.courseCode) student ) ( enrolment0_.semester (enrolment0_.studentId, enrolment0_.courseCode) semester ) ( enrolment0_."year" (enrolment0_.studentId, enrolment0_.courseCode) year ) ( enrolment0_.courseCode (enrolment0_.studentId, enrolment0_.courseCode) course ) ) ( FromClause{level=1} ( Enrolment enrolment0_ Student student1_ Course course2_ ) ) ( order ( enrolment0_.studentId enrolment0_.studentId, enrolment0_.courseCode studentNumber ) ) )
14:18:20,761 DEBUG JoinProcessor:175 - Using FROM fragment [Enrolment enrolment0_]
14:18:20,761 DEBUG JoinProcessor:175 - Using FROM fragment [inner join Student student1_ on enrolment0_.studentId=student1_.studentId]
14:18:20,761 DEBUG JoinProcessor:175 - Using FROM fragment [inner join Course course2_ on enrolment0_.courseCode=course2_.courseCode]
14:18:20,762 DEBUG QueryTranslatorImpl:252 - --- SQL AST ---
 \-[SELECT] QueryNode: 'SELECT'  querySpaces (Student,Course,Enrolment)
    +-[SELECT_CLAUSE] SelectClause: '{select clause}'
    |  +-[DOT] DotNode: 'enrolment0_.studentId' {propertyName=student,dereferenceType=EOF,propertyPath=student,path=e.student,tableAlias=student1_,className=org.hibernate.test.querycache.Student,classAlias=null}
    |  |  +-[ALIAS_REF] IdentNode: '(enrolment0_.studentId, enrolment0_.courseCode)' {alias=e, className=org.hibernate.test.querycache.Enrolment, tableAlias=enrolment0_}
    |  |  \-[IDENT] IdentNode: 'student' {originalText=student}
    |  +-[SELECT_COLUMNS] SqlNode: ' as col_0_0_'
    |  +-[DOT] DotNode: 'enrolment0_.semester' {propertyName=semester,dereferenceType=ALL,propertyPath=semester,path=e.semester,tableAlias=enrolment0_,className=org.hibernate.test.querycache.Enrolment,classAlias=e}
    |  |  +-[ALIAS_REF] IdentNode: '(enrolment0_.studentId, enrolment0_.courseCode)' {alias=e, className=org.hibernate.test.querycache.Enrolment, tableAlias=enrolment0_}
    |  |  \-[IDENT] IdentNode: 'semester' {originalText=semester}
    |  +-[SELECT_COLUMNS] SqlNode: ' as col_1_0_'
    |  +-[DOT] DotNode: 'enrolment0_."year"' {propertyName=year,dereferenceType=ALL,propertyPath=year,path=e.year,tableAlias=enrolment0_,className=org.hibernate.test.querycache.Enrolment,classAlias=e}
    |  |  +-[ALIAS_REF] IdentNode: '(enrolment0_.studentId, enrolment0_.courseCode)' {alias=e, className=org.hibernate.test.querycache.Enrolment, tableAlias=enrolment0_}
    |  |  \-[IDENT] IdentNode: 'year' {originalText=year}
    |  +-[SELECT_COLUMNS] SqlNode: ' as col_2_0_'
    |  +-[DOT] DotNode: 'enrolment0_.courseCode' {propertyName=course,dereferenceType=EOF,propertyPath=course,path=e.course,tableAlias=course2_,className=org.hibernate.test.querycache.Course,classAlias=null}
    |  |  +-[ALIAS_REF] IdentNode: '(enrolment0_.studentId, enrolment0_.courseCode)' {alias=e, className=org.hibernate.test.querycache.Enrolment, tableAlias=enrolment0_}
    |  |  \-[IDENT] IdentNode: 'course' {originalText=course}
    |  +-[SELECT_COLUMNS] SqlNode: ' as col_3_0_'
    |  +-[SQL_TOKEN] SqlFragment: 'student1_.studentId as studentId4_0_'
    |  +-[SQL_TOKEN] SqlFragment: 'course2_.courseCode as courseCode1_1_'
    |  +-[SQL_TOKEN] SqlFragment: 'student1_.name_first as name2_4_0_, student1_.name_middle as name3_4_0_, student1_.name_last as name4_4_0_, student1_.preferredCourseCode as preferre5_4_0_'
    |  \-[SQL_TOKEN] SqlFragment: 'course2_.description as descript2_1_1_'
    +-[FROM] FromClause: 'from' FromClause{level=1, fromElementCounter=3, fromElements=3, fromElementByClassAlias=[e], fromElementByTableAlias=[student1_, enrolment0_, course2_], fromElementsByPath=[e.course, e.student], collectionJoinFromElementsByPath=[], impliedElements=[]}
    |  \-[FROM_FRAGMENT] FromElement: 'Enrolment enrolment0_' FromElement{explicit,not a collection join,not a fetch join,fetch non-lazy properties,classAlias=e,role=null,tableName=Enrolment,tableAlias=enrolment0_,origin=null,columns={,className=org.hibernate.test.querycache.Enrolment}}
    |     +-[JOIN_FRAGMENT] FromElement: 'inner join Student student1_ on enrolment0_.studentId=student1_.studentId' FromElement{explicit,not a collection join,not a fetch join,fetch non-lazy properties,classAlias=null,role=null,tableName=Student,tableAlias=student1_,origin=Enrolment enrolment0_,columns={enrolment0_.studentId ,className=org.hibernate.test.querycache.Student}}
    |     \-[JOIN_FRAGMENT] FromElement: 'inner join Course course2_ on enrolment0_.courseCode=course2_.courseCode' FromElement{explicit,not a collection join,not a fetch join,fetch non-lazy properties,classAlias=null,role=null,tableName=Course,tableAlias=course2_,origin=Enrolment enrolment0_,columns={enrolment0_.courseCode ,className=org.hibernate.test.querycache.Course}}
    \-[ORDER] OrderByClause: 'order'
       \-[DOT] DotNode: 'enrolment0_.studentId' {propertyName=studentNumber,dereferenceType=ALL,propertyPath=studentNumber,path=e.studentNumber,tableAlias=enrolment0_,className=org.hibernate.test.querycache.Enrolment,classAlias=e}
          +-[ALIAS_REF] IdentNode: 'enrolment0_.studentId, enrolment0_.courseCode' {alias=e, className=org.hibernate.test.querycache.Enrolment, tableAlias=enrolment0_}
          \-[IDENT] IdentNode: 'studentNumber' {originalText=studentNumber}

14:18:20,772 DEBUG ErrorCounter:82 - throwQueryException() : no errors
14:18:20,773 DEBUG QueryTranslatorImpl:235 - HQL: select e.student as student, e.semester as semester, e.year as year, e.course as course from org.hibernate.test.querycache.Enrolment e order by e.studentNumber
14:18:20,773 DEBUG QueryTranslatorImpl:236 - SQL: select enrolment0_.studentId as col_0_0_, enrolment0_.semester as col_1_0_, enrolment0_."year" as col_2_0_, enrolment0_.courseCode as col_3_0_, student1_.studentId as studentId4_0_, course2_.courseCode as courseCode1_1_, student1_.name_first as name2_4_0_, student1_.name_middle as name3_4_0_, student1_.name_last as name4_4_0_, student1_.preferredCourseCode as preferre5_4_0_, course2_.description as descript2_1_1_ from Enrolment enrolment0_ inner join Student student1_ on enrolment0_.studentId=student1_.studentId inner join Course course2_ on enrolment0_.courseCode=course2_.courseCode order by enrolment0_.studentId
14:18:20,773 DEBUG ErrorCounter:82 - throwQueryException() : no errors
14:18:20,773 DEBUG SQL:104 - 
    select
        enrolment0_.studentId as col_0_0_,
        enrolment0_.semester as col_1_0_,
        enrolment0_."year" as col_2_0_,
        enrolment0_.courseCode as col_3_0_,
        student1_.studentId as studentId4_0_,
        course2_.courseCode as courseCode1_1_,
        student1_.name_first as name2_4_0_,
        student1_.name_middle as name3_4_0_,
        student1_.name_last as name4_4_0_,
        student1_.preferredCourseCode as preferre5_4_0_,
        course2_.description as descript2_1_1_ 
    from
        Enrolment enrolment0_ 
    inner join
        Student student1_ 
            on enrolment0_.studentId=student1_.studentId 
    inner join
        Course course2_ 
            on enrolment0_.courseCode=course2_.courseCode 
    order by
        enrolment0_.studentId
14:18:20,774 DEBUG SQL:104 - 
    select
        secretcode0_.studentNumber as studentN1_4_0_,
        secretcode0_.secretCode as secretCode5_0_,
        secretcode0_.i as i0_ 
    from
        Student_secretCodes secretcode0_ 
    where
        secretcode0_.studentNumber=?
14:18:20,774 DEBUG SQL:104 - 
    select
        coursemeet0_.courseCode as courseCode1_1_,
        coursemeet0_.courseCode as courseCode2_1_,
        coursemeet0_.day as day2_1_,
        coursemeet0_.period as period2_1_,
        coursemeet0_.location as location2_1_,
        coursemeet0_.courseCode as courseCode2_0_,
        coursemeet0_.day as day2_0_,
        coursemeet0_.period as period2_0_,
        coursemeet0_.location as location2_0_ 
    from
        CourseMeeting coursemeet0_ 
    where
        coursemeet0_.courseCode=?
14:18:20,775 DEBUG SQL:104 - 
    select
        secretcode0_.studentNumber as studentN1_4_0_,
        secretcode0_.secretCode as secretCode5_0_,
        secretcode0_.i as i0_ 
    from
        Student_secretCodes secretcode0_ 
    where
        secretcode0_.studentNumber=?
14:18:20,776 DEBUG SQL:104 - 
    select
        enrolment0_.studentId as col_0_0_,
        enrolment0_.semester as col_1_0_,
        enrolment0_."year" as col_2_0_,
        enrolment0_.courseCode as col_3_0_,
        student1_.studentId as studentId4_0_,
        course2_.courseCode as courseCode1_1_,
        student1_.name_first as name2_4_0_,
        student1_.name_middle as name3_4_0_,
        student1_.name_last as name4_4_0_,
        student1_.preferredCourseCode as preferre5_4_0_,
        course2_.description as descript2_1_1_ 
    from
        Enrolment enrolment0_ 
    inner join
        Student student1_ 
            on enrolment0_.studentId=student1_.studentId 
    inner join
        Course course2_ 
            on enrolment0_.courseCode=course2_.courseCode 
    order by
        enrolment0_.studentId
14:18:20,795 DEBUG SQL:104 - 
    select
        secretcode0_.studentNumber as studentN1_4_0_,
        secretcode0_.secretCode as secretCode5_0_,
        secretcode0_.i as i0_ 
    from
        Student_secretCodes secretcode0_ 
    where
        secretcode0_.studentNumber=?
14:18:20,796 DEBUG SQL:104 - 
    select
        coursemeet0_.courseCode as courseCode1_1_,
        coursemeet0_.courseCode as courseCode2_1_,
        coursemeet0_.day as day2_1_,
        coursemeet0_.period as period2_1_,
        coursemeet0_.location as location2_1_,
        coursemeet0_.courseCode as courseCode2_0_,
        coursemeet0_.day as day2_0_,
        coursemeet0_.period as period2_0_,
        coursemeet0_.location as location2_0_ 
    from
        CourseMeeting coursemeet0_ 
    where
        coursemeet0_.courseCode=?
14:18:20,796 DEBUG SQL:104 - 
    select
        secretcode0_.studentNumber as studentN1_4_0_,
        secretcode0_.secretCode as secretCode5_0_,
        secretcode0_.i as i0_ 
    from
        Student_secretCodes secretcode0_ 
    where
        secretcode0_.studentNumber=?
14:18:20,797 DEBUG SQL:104 - 
    select
        student_.studentId,
        student_.name_first as name2_4_,
        student_.name_middle as name3_4_,
        student_.name_last as name4_4_,
        student_.preferredCourseCode as preferre5_4_ 
    from
        Student student_ 
    where
        student_.studentId=?
14:18:20,807 DEBUG SQL:104 - 
    select
        enrolment_.studentId,
        enrolment_.courseCode,
        enrolment_.semester as semester3_,
        enrolment_."year" as year4_3_ 
    from
        Enrolment enrolment_ 
    where
        enrolment_.studentId=? 
        and enrolment_.courseCode=?
14:18:20,808 DEBUG SQL:104 - 
    select
        course_.courseCode,
        course_.description as descript2_1_ 
    from
        Course course_ 
    where
        course_.courseCode=?
14:18:20,808 DEBUG SQL:104 - 
    select
        student_.studentId,
        student_.name_first as name2_4_,
        student_.name_middle as name3_4_,
        student_.name_last as name4_4_,
        student_.preferredCourseCode as preferre5_4_ 
    from
        Student student_ 
    where
        student_.studentId=?
14:18:20,821 DEBUG SQL:104 - 
    select
        enrolment_.studentId,
        enrolment_.courseCode,
        enrolment_.semester as semester3_,
        enrolment_."year" as year4_3_ 
    from
        Enrolment enrolment_ 
    where
        enrolment_.studentId=? 
        and enrolment_.courseCode=?
14:18:20,821 DEBUG SQL:104 - 
    select
        coursemeet_.courseCode,
        coursemeet_.day,
        coursemeet_.period,
        coursemeet_.location 
    from
        CourseMeeting coursemeet_ 
    where
        coursemeet_.courseCode=? 
        and coursemeet_.day=? 
        and coursemeet_.period=? 
        and coursemeet_.location=?
14:18:20,821 DEBUG SQL:104 - 
    select
        coursemeet_.courseCode,
        coursemeet_.day,
        coursemeet_.period,
        coursemeet_.location 
    from
        CourseMeeting coursemeet_ 
    where
        coursemeet_.courseCode=? 
        and coursemeet_.day=? 
        and coursemeet_.period=? 
        and coursemeet_.location=?
14:18:20,822 DEBUG BaseGeneralDataRegion:59 - Caching[foo.org.hibernate.cache.spi.UpdateTimestampsCache] : [Enrolment] -> [5579090988326912]
14:18:20,822 DEBUG SQL:104 - 
    update
        Address 
    set
        studentNumber=null,
        addressType=null 
    where
        studentNumber=?
14:18:20,843 DEBUG BaseGeneralDataRegion:59 - Caching[foo.org.hibernate.cache.spi.UpdateTimestampsCache] : [Address] -> [5579090988412928]
14:18:20,843 DEBUG SQL:104 - 
    delete 
    from
        Student_secretCodes 
    where
        studentNumber=?
14:18:20,843 DEBUG BaseGeneralDataRegion:59 - Caching[foo.org.hibernate.cache.spi.UpdateTimestampsCache] : [Student_secretCodes] -> [5579090988412929]
14:18:20,843 DEBUG BaseGeneralDataRegion:59 - Caching[foo.org.hibernate.cache.spi.UpdateTimestampsCache] : [Enrolment] -> [5579090988412930]
14:18:20,843 DEBUG BaseGeneralDataRegion:59 - Caching[foo.org.hibernate.cache.spi.UpdateTimestampsCache] : [Address] -> [5579090988412931]
14:18:20,843 DEBUG SQL:104 - 
    delete 
    from
        Student_secretCodes 
    where
        studentNumber=?
14:18:20,844 DEBUG BaseGeneralDataRegion:59 - Caching[foo.org.hibernate.cache.spi.UpdateTimestampsCache] : [Student_secretCodes] -> [5579090988417024]
14:18:20,844 DEBUG BaseGeneralDataRegion:59 - Caching[foo.org.hibernate.cache.spi.UpdateTimestampsCache] : [CourseMeeting] -> [5579090988417025]
14:18:20,844 DEBUG SQL:104 - 
    delete 
    from
        Enrolment 
    where
        studentId=? 
        and courseCode=?
14:18:20,844 DEBUG BaseGeneralDataRegion:59 - Caching[foo.org.hibernate.cache.spi.UpdateTimestampsCache] : [Enrolment] -> [5579090988417026]
14:18:20,852 DEBUG SQL:104 - 
    delete 
    from
        Address 
    where
        id=?
14:18:20,852 DEBUG BaseGeneralDataRegion:59 - Caching[foo.org.hibernate.cache.spi.UpdateTimestampsCache] : [Address] -> [5579090988449792]
14:18:20,852 DEBUG SQL:104 - 
    delete 
    from
        Address 
    where
        id=?
14:18:20,852 DEBUG BaseGeneralDataRegion:59 - Caching[foo.org.hibernate.cache.spi.UpdateTimestampsCache] : [Address] -> [5579090988449793]
14:18:20,852 DEBUG SQL:104 - 
    delete 
    from
        Student 
    where
        studentId=?
14:18:20,853 DEBUG BaseGeneralDataRegion:59 - Caching[foo.org.hibernate.cache.spi.UpdateTimestampsCache] : [Student] -> [5579090988453888]
14:18:20,853 DEBUG SQL:104 - 
    delete 
    from
        Enrolment 
    where
        studentId=? 
        and courseCode=?
14:18:20,853 DEBUG BaseGeneralDataRegion:59 - Caching[foo.org.hibernate.cache.spi.UpdateTimestampsCache] : [Enrolment] -> [5579090988453889]
14:18:20,853 DEBUG SQL:104 - 
    delete 
    from
        Student 
    where
        studentId=?
14:18:20,862 DEBUG BaseGeneralDataRegion:59 - Caching[foo.org.hibernate.cache.spi.UpdateTimestampsCache] : [Student] -> [5579090988490752]
14:18:20,863 DEBUG SQL:104 - 
    delete 
    from
        CourseMeeting 
    where
        courseCode=? 
        and day=? 
        and period=? 
        and location=?
14:18:20,863 DEBUG BaseGeneralDataRegion:59 - Caching[foo.org.hibernate.cache.spi.UpdateTimestampsCache] : [CourseMeeting] -> [5579090988494848]
14:18:20,863 DEBUG SQL:104 - 
    delete 
    from
        CourseMeeting 
    where
        courseCode=? 
        and day=? 
        and period=? 
        and location=?
14:18:20,863 DEBUG BaseGeneralDataRegion:59 - Caching[foo.org.hibernate.cache.spi.UpdateTimestampsCache] : [CourseMeeting] -> [5579090988494849]
14:18:20,863 DEBUG SQL:104 - 
    delete 
    from
        Course 
    where
        courseCode=?
14:18:20,874 DEBUG BaseGeneralDataRegion:59 - Caching[foo.org.hibernate.cache.spi.UpdateTimestampsCache] : [Course] -> [5579090988539904]
14:18:20,874 DEBUG BaseGeneralDataRegion:59 - Caching[foo.org.hibernate.cache.spi.UpdateTimestampsCache] : [Student] -> [5579090742779905]
14:18:20,874 DEBUG BaseGeneralDataRegion:59 - Caching[foo.org.hibernate.cache.spi.UpdateTimestampsCache] : [Course] -> [5579090742779905]
14:18:20,874 DEBUG BaseGeneralDataRegion:59 - Caching[foo.org.hibernate.cache.spi.UpdateTimestampsCache] : [Enrolment] -> [5579090742779905]
14:18:20,874 DEBUG BaseGeneralDataRegion:59 - Caching[foo.org.hibernate.cache.spi.UpdateTimestampsCache] : [Student_secretCodes] -> [5579090742779905]
14:18:20,874 DEBUG BaseGeneralDataRegion:59 - Caching[foo.org.hibernate.cache.spi.UpdateTimestampsCache] : [Address] -> [5579090742779905]
14:18:20,874 DEBUG BaseGeneralDataRegion:59 - Caching[foo.org.hibernate.cache.spi.UpdateTimestampsCache] : [CourseMeeting] -> [5579090742779905]
14:18:20,875  INFO CustomRunner:139 - Test: testAliasToEntityMapMultiProjectionWithNullAliasList
14:18:20,876 DEBUG SQL:104 - 
    select
        coursemeet_.courseCode,
        coursemeet_.day,
        coursemeet_.period,
        coursemeet_.location 
    from
        CourseMeeting coursemeet_ 
    where
        coursemeet_.courseCode=? 
        and coursemeet_.day=? 
        and coursemeet_.period=? 
        and coursemeet_.location=?
14:18:20,876 DEBUG SQL:104 - 
    select
        coursemeet_.courseCode,
        coursemeet_.day,
        coursemeet_.period,
        coursemeet_.location 
    from
        CourseMeeting coursemeet_ 
    where
        coursemeet_.courseCode=? 
        and coursemeet_.day=? 
        and coursemeet_.period=? 
        and coursemeet_.location=?
14:18:20,884 DEBUG SQL:104 - 
    insert 
    into
        Course
        (description, courseCode) 
    values
        (?, ?)
14:18:20,884 DEBUG BaseGeneralDataRegion:59 - Caching[foo.org.hibernate.cache.spi.UpdateTimestampsCache] : [Course] -> [5579090988580864]
14:18:20,884 DEBUG SQL:104 - 
    insert 
    into
        CourseMeeting
        (courseCode, day, period, location) 
    values
        (?, ?, ?, ?)
14:18:20,884 DEBUG BaseGeneralDataRegion:59 - Caching[foo.org.hibernate.cache.spi.UpdateTimestampsCache] : [CourseMeeting] -> [5579090988580865]
14:18:20,885 DEBUG SQL:104 - 
    insert 
    into
        CourseMeeting
        (courseCode, day, period, location) 
    values
        (?, ?, ?, ?)
14:18:20,895 DEBUG BaseGeneralDataRegion:59 - Caching[foo.org.hibernate.cache.spi.UpdateTimestampsCache] : [CourseMeeting] -> [5579090988625920]
14:18:20,895 DEBUG SQL:104 - 
    insert 
    into
        Student
        (name_first, name_middle, name_last, preferredCourseCode, studentId) 
    values
        (?, ?, ?, ?, ?)
14:18:20,895 DEBUG BaseGeneralDataRegion:59 - Caching[foo.org.hibernate.cache.spi.UpdateTimestampsCache] : [Student] -> [5579090988625921]
14:18:20,895 DEBUG SQL:104 - 
    insert 
    into
        Address
        (addressType, street, city, stateProvince, postalCode, country, studentNumber, id) 
    values
        (?, ?, ?, ?, ?, ?, ?, ?)
14:18:20,895 DEBUG BaseGeneralDataRegion:59 - Caching[foo.org.hibernate.cache.spi.UpdateTimestampsCache] : [Address] -> [5579090988625922]
14:18:20,896 DEBUG SQL:104 - 
    insert 
    into
        Address
        (addressType, street, city, stateProvince, postalCode, country, studentNumber, id) 
    values
        (?, ?, ?, ?, ?, ?, ?, ?)
14:18:20,896 DEBUG BaseGeneralDataRegion:59 - Caching[foo.org.hibernate.cache.spi.UpdateTimestampsCache] : [Address] -> [5579090988630016]
14:18:20,896 DEBUG SQL:104 - 
    insert 
    into
        Student
        (name_first, name_middle, name_last, preferredCourseCode, studentId) 
    values
        (?, ?, ?, ?, ?)
14:18:20,905 DEBUG BaseGeneralDataRegion:59 - Caching[foo.org.hibernate.cache.spi.UpdateTimestampsCache] : [Student] -> [5579090988666880]
14:18:20,905 DEBUG SQL:104 - 
    insert 
    into
        Enrolment
        (semester, "year", studentId, courseCode) 
    values
        (?, ?, ?, ?)
14:18:20,905 DEBUG BaseGeneralDataRegion:59 - Caching[foo.org.hibernate.cache.spi.UpdateTimestampsCache] : [Enrolment] -> [5579090988666881]
14:18:20,905 DEBUG SQL:104 - 
    insert 
    into
        Enrolment
        (semester, "year", studentId, courseCode) 
    values
        (?, ?, ?, ?)
14:18:20,905 DEBUG BaseGeneralDataRegion:59 - Caching[foo.org.hibernate.cache.spi.UpdateTimestampsCache] : [Enrolment] -> [5579090988666882]
14:18:20,906 DEBUG BaseGeneralDataRegion:59 - Caching[foo.org.hibernate.cache.spi.UpdateTimestampsCache] : [CourseMeeting] -> [5579090988666883]
14:18:20,906 DEBUG BaseGeneralDataRegion:59 - Caching[foo.org.hibernate.cache.spi.UpdateTimestampsCache] : [Enrolment] -> [5579090988670976]
14:18:20,906 DEBUG SQL:104 - 
    update
        Address 
    set
        studentNumber=?,
        addressType=? 
    where
        id=?
14:18:20,914 DEBUG SQL:104 - 
    update
        Address 
    set
        studentNumber=?,
        addressType=? 
    where
        id=?
14:18:20,914 DEBUG BaseGeneralDataRegion:59 - Caching[foo.org.hibernate.cache.spi.UpdateTimestampsCache] : [Address] -> [5579090988703744]
14:18:20,915 DEBUG SQL:104 - 
    insert 
    into
        Student_secretCodes
        (studentNumber, i, secretCode) 
    values
        (?, ?, ?)
14:18:20,915 DEBUG BaseGeneralDataRegion:59 - Caching[foo.org.hibernate.cache.spi.UpdateTimestampsCache] : [Student_secretCodes] -> [5579090988707840]
14:18:20,915 DEBUG BaseGeneralDataRegion:59 - Caching[foo.org.hibernate.cache.spi.UpdateTimestampsCache] : [Enrolment] -> [5579090988707841]
14:18:20,915 DEBUG BaseGeneralDataRegion:59 - Caching[foo.org.hibernate.cache.spi.UpdateTimestampsCache] : [Address] -> [5579090988707842]
14:18:20,915 DEBUG SQL:104 - 
    insert 
    into
        Student_secretCodes
        (studentNumber, i, secretCode) 
    values
        (?, ?, ?)
14:18:20,915 DEBUG SQL:104 - 
    insert 
    into
        Student_secretCodes
        (studentNumber, i, secretCode) 
    values
        (?, ?, ?)
14:18:20,954 DEBUG BaseGeneralDataRegion:59 - Caching[foo.org.hibernate.cache.spi.UpdateTimestampsCache] : [Student_secretCodes] -> [5579090988867584]
14:18:20,954 DEBUG BaseGeneralDataRegion:59 - Caching[foo.org.hibernate.cache.spi.UpdateTimestampsCache] : [Student] -> [5579090743107585]
14:18:20,955 DEBUG BaseGeneralDataRegion:59 - Caching[foo.org.hibernate.cache.spi.UpdateTimestampsCache] : [Course] -> [5579090743107585]
14:18:20,955 DEBUG BaseGeneralDataRegion:59 - Caching[foo.org.hibernate.cache.spi.UpdateTimestampsCache] : [Enrolment] -> [5579090743107585]
14:18:20,955 DEBUG BaseGeneralDataRegion:59 - Caching[foo.org.hibernate.cache.spi.UpdateTimestampsCache] : [Student_secretCodes] -> [5579090743107585]
14:18:20,955 DEBUG BaseGeneralDataRegion:59 - Caching[foo.org.hibernate.cache.spi.UpdateTimestampsCache] : [Address] -> [5579090743107585]
14:18:20,955 DEBUG BaseGeneralDataRegion:59 - Caching[foo.org.hibernate.cache.spi.UpdateTimestampsCache] : [CourseMeeting] -> [5579090743107585]
14:18:20,955 DEBUG QueryTranslatorImpl:265 - parse() - HQL: select e.student as student, e.semester, e.year, e.course as course from org.hibernate.test.querycache.Enrolment e order by e.studentNumber
14:18:20,957 DEBUG QueryTranslatorImpl:283 - --- HQL AST ---
 \-[QUERY] Node: 'query'
    +-[SELECT_FROM] Node: 'SELECT_FROM'
    |  +-[FROM] Node: 'from'
    |  |  \-[RANGE] Node: 'RANGE'
    |  |     +-[DOT] Node: '.'
    |  |     |  +-[DOT] Node: '.'
    |  |     |  |  +-[DOT] Node: '.'
    |  |     |  |  |  +-[DOT] Node: '.'
    |  |     |  |  |  |  +-[IDENT] Node: 'org'
    |  |     |  |  |  |  \-[IDENT] Node: 'hibernate'
    |  |     |  |  |  \-[IDENT] Node: 'test'
    |  |     |  |  \-[IDENT] Node: 'querycache'
    |  |     |  \-[IDENT] Node: 'Enrolment'
    |  |     \-[ALIAS] Node: 'e'
    |  \-[SELECT] Node: 'select'
    |     +-[AS] Node: 'as'
    |     |  +-[DOT] Node: '.'
    |     |  |  +-[IDENT] Node: 'e'
    |     |  |  \-[IDENT] Node: 'student'
    |     |  \-[IDENT] Node: 'student'
    |     +-[DOT] Node: '.'
    |     |  +-[IDENT] Node: 'e'
    |     |  \-[IDENT] Node: 'semester'
    |     +-[DOT] Node: '.'
    |     |  +-[IDENT] Node: 'e'
    |     |  \-[IDENT] Node: 'year'
    |     \-[AS] Node: 'as'
    |        +-[DOT] Node: '.'
    |        |  +-[IDENT] Node: 'e'
    |        |  \-[IDENT] Node: 'course'
    |        \-[IDENT] Node: 'course'
    \-[ORDER] Node: 'order'
       \-[DOT] Node: '.'
          +-[IDENT] Node: 'e'
          \-[IDENT] Node: 'studentNumber'

14:18:20,957 DEBUG ErrorCounter:82 - throwQueryException() : no errors
14:18:20,957 DEBUG FromElement:157 - FromClause{level=1} : org.hibernate.test.querycache.Enrolment (e) -> enrolment0_
14:18:20,958 DEBUG FromReferenceNode:74 - Resolved : e -> (enrolment0_.studentId, enrolment0_.courseCode)
14:18:20,958 DEBUG DotNode:599 - getDataType() : student -> org.hibernate.type.ManyToOneType(org.hibernate.test.querycache.Student)
14:18:20,958 DEBUG DotNode:389 - dereferenceEntityJoin() : generating join for student in org.hibernate.test.querycache.Enrolment (<no alias>) parent = [ {null} ]
14:18:20,958 DEBUG FromElement:157 - FromClause{level=1} : org.hibernate.test.querycache.Student (<no alias>) -> student1_
14:18:20,958 DEBUG FromClause:282 - addJoinByPathMap() : e.student -> FromElement{explicit,not a collection join,not a fetch join,fetch non-lazy properties,classAlias=null,role=null,tableName=Student,tableAlias=student1_,origin=Enrolment enrolment0_,columns={enrolment0_.studentId ,className=org.hibernate.test.querycache.Student}}
14:18:20,958 DEBUG FromReferenceNode:74 - Resolved : e.student -> enrolment0_.studentId
14:18:20,958 DEBUG FromReferenceNode:74 - Resolved : e -> (enrolment0_.studentId, enrolment0_.courseCode)
14:18:20,959 DEBUG DotNode:599 - getDataType() : semester -> org.hibernate.type.ShortType@491168d6
14:18:20,959 DEBUG FromReferenceNode:74 - Resolved : e.semester -> enrolment0_.semester
14:18:20,959 DEBUG FromReferenceNode:74 - Resolved : e -> (enrolment0_.studentId, enrolment0_.courseCode)
14:18:20,959 DEBUG DotNode:599 - getDataType() : year -> org.hibernate.type.ShortType@491168d6
14:18:20,959 DEBUG FromReferenceNode:74 - Resolved : e.year -> enrolment0_."year"
14:18:20,959 DEBUG FromReferenceNode:74 - Resolved : e -> (enrolment0_.studentId, enrolment0_.courseCode)
14:18:20,959 DEBUG DotNode:599 - getDataType() : course -> org.hibernate.type.ManyToOneType(org.hibernate.test.querycache.Course)
14:18:20,959 DEBUG DotNode:389 - dereferenceEntityJoin() : generating join for course in org.hibernate.test.querycache.Enrolment (<no alias>) parent = [ {null} ]
14:18:20,960 DEBUG FromElement:157 - FromClause{level=1} : org.hibernate.test.querycache.Course (<no alias>) -> course2_
14:18:20,960 DEBUG FromClause:282 - addJoinByPathMap() : e.course -> FromElement{explicit,not a collection join,not a fetch join,fetch non-lazy properties,classAlias=null,role=null,tableName=Course,tableAlias=course2_,origin=Enrolment enrolment0_,columns={enrolment0_.courseCode ,className=org.hibernate.test.querycache.Course}}
14:18:20,960 DEBUG FromReferenceNode:74 - Resolved : e.course -> enrolment0_.courseCode
14:18:20,960 DEBUG FromReferenceNode:74 - Resolved : e -> enrolment0_.studentId, enrolment0_.courseCode
14:18:20,960 DEBUG DotNode:599 - getDataType() : studentNumber -> org.hibernate.type.LongType@4bf3f9d
14:18:20,960 DEBUG FromReferenceNode:74 - Resolved : e.studentNumber -> enrolment0_.studentId
14:18:20,960 DEBUG HqlSqlWalker:629 - processQuery() :  ( SELECT ( {select clause} ( enrolment0_.studentId (enrolment0_.studentId, enrolment0_.courseCode) student ) ( enrolment0_.semester (enrolment0_.studentId, enrolment0_.courseCode) semester ) ( enrolment0_."year" (enrolment0_.studentId, enrolment0_.courseCode) year ) ( enrolment0_.courseCode (enrolment0_.studentId, enrolment0_.courseCode) course ) ) ( FromClause{level=1} ( Enrolment enrolment0_ Student student1_ Course course2_ ) ) ( order ( enrolment0_.studentId enrolment0_.studentId, enrolment0_.courseCode studentNumber ) ) )
14:18:20,961 DEBUG JoinProcessor:175 - Using FROM fragment [Enrolment enrolment0_]
14:18:20,961 DEBUG JoinProcessor:175 - Using FROM fragment [inner join Student student1_ on enrolment0_.studentId=student1_.studentId]
14:18:20,961 DEBUG JoinProcessor:175 - Using FROM fragment [inner join Course course2_ on enrolment0_.courseCode=course2_.courseCode]
14:18:20,961 DEBUG QueryTranslatorImpl:252 - --- SQL AST ---
 \-[SELECT] QueryNode: 'SELECT'  querySpaces (Student,Course,Enrolment)
    +-[SELECT_CLAUSE] SelectClause: '{select clause}'
    |  +-[DOT] DotNode: 'enrolment0_.studentId' {propertyName=student,dereferenceType=EOF,propertyPath=student,path=e.student,tableAlias=student1_,className=org.hibernate.test.querycache.Student,classAlias=null}
    |  |  +-[ALIAS_REF] IdentNode: '(enrolment0_.studentId, enrolment0_.courseCode)' {alias=e, className=org.hibernate.test.querycache.Enrolment, tableAlias=enrolment0_}
    |  |  \-[IDENT] IdentNode: 'student' {originalText=student}
    |  +-[SELECT_COLUMNS] SqlNode: ' as col_0_0_'
    |  +-[DOT] DotNode: 'enrolment0_.semester' {propertyName=semester,dereferenceType=ALL,propertyPath=semester,path=e.semester,tableAlias=enrolment0_,className=org.hibernate.test.querycache.Enrolment,classAlias=e}
    |  |  +-[ALIAS_REF] IdentNode: '(enrolment0_.studentId, enrolment0_.courseCode)' {alias=e, className=org.hibernate.test.querycache.Enrolment, tableAlias=enrolment0_}
    |  |  \-[IDENT] IdentNode: 'semester' {originalText=semester}
    |  +-[SELECT_COLUMNS] SqlNode: ' as col_1_0_'
    |  +-[DOT] DotNode: 'enrolment0_."year"' {propertyName=year,dereferenceType=ALL,propertyPath=year,path=e.year,tableAlias=enrolment0_,className=org.hibernate.test.querycache.Enrolment,classAlias=e}
    |  |  +-[ALIAS_REF] IdentNode: '(enrolment0_.studentId, enrolment0_.courseCode)' {alias=e, className=org.hibernate.test.querycache.Enrolment, tableAlias=enrolment0_}
    |  |  \-[IDENT] IdentNode: 'year' {originalText=year}
    |  +-[SELECT_COLUMNS] SqlNode: ' as col_2_0_'
    |  +-[DOT] DotNode: 'enrolment0_.courseCode' {propertyName=course,dereferenceType=EOF,propertyPath=course,path=e.course,tableAlias=course2_,className=org.hibernate.test.querycache.Course,classAlias=null}
    |  |  +-[ALIAS_REF] IdentNode: '(enrolment0_.studentId, enrolment0_.courseCode)' {alias=e, className=org.hibernate.test.querycache.Enrolment, tableAlias=enrolment0_}
    |  |  \-[IDENT] IdentNode: 'course' {originalText=course}
    |  +-[SELECT_COLUMNS] SqlNode: ' as col_3_0_'
    |  +-[SQL_TOKEN] SqlFragment: 'student1_.studentId as studentId4_0_'
    |  +-[SQL_TOKEN] SqlFragment: 'course2_.courseCode as courseCode1_1_'
    |  +-[SQL_TOKEN] SqlFragment: 'student1_.name_first as name2_4_0_, student1_.name_middle as name3_4_0_, student1_.name_last as name4_4_0_, student1_.preferredCourseCode as preferre5_4_0_'
    |  \-[SQL_TOKEN] SqlFragment: 'course2_.description as descript2_1_1_'
    +-[FROM] FromClause: 'from' FromClause{level=1, fromElementCounter=3, fromElements=3, fromElementByClassAlias=[e], fromElementByTableAlias=[student1_, enrolment0_, course2_], fromElementsByPath=[e.course, e.student], collectionJoinFromElementsByPath=[], impliedElements=[]}
    |  \-[FROM_FRAGMENT] FromElement: 'Enrolment enrolment0_' FromElement{explicit,not a collection join,not a fetch join,fetch non-lazy properties,classAlias=e,role=null,tableName=Enrolment,tableAlias=enrolment0_,origin=null,columns={,className=org.hibernate.test.querycache.Enrolment}}
    |     +-[JOIN_FRAGMENT] FromElement: 'inner join Student student1_ on enrolment0_.studentId=student1_.studentId' FromElement{explicit,not a collection join,not a fetch join,fetch non-lazy properties,classAlias=null,role=null,tableName=Student,tableAlias=student1_,origin=Enrolment enrolment0_,columns={enrolment0_.studentId ,className=org.hibernate.test.querycache.Student}}
    |     \-[JOIN_FRAGMENT] FromElement: 'inner join Course course2_ on enrolment0_.courseCode=course2_.courseCode' FromElement{explicit,not a collection join,not a fetch join,fetch non-lazy properties,classAlias=null,role=null,tableName=Course,tableAlias=course2_,origin=Enrolment enrolment0_,columns={enrolment0_.courseCode ,className=org.hibernate.test.querycache.Course}}
    \-[ORDER] OrderByClause: 'order'
       \-[DOT] DotNode: 'enrolment0_.studentId' {propertyName=studentNumber,dereferenceType=ALL,propertyPath=studentNumber,path=e.studentNumber,tableAlias=enrolment0_,className=org.hibernate.test.querycache.Enrolment,classAlias=e}
          +-[ALIAS_REF] IdentNode: 'enrolment0_.studentId, enrolment0_.courseCode' {alias=e, className=org.hibernate.test.querycache.Enrolment, tableAlias=enrolment0_}
          \-[IDENT] IdentNode: 'studentNumber' {originalText=studentNumber}

14:18:20,961 DEBUG ErrorCounter:82 - throwQueryException() : no errors
14:18:20,961 DEBUG QueryTranslatorImpl:235 - HQL: select e.student as student, e.semester, e.year, e.course as course from org.hibernate.test.querycache.Enrolment e order by e.studentNumber
14:18:20,961 DEBUG QueryTranslatorImpl:236 - SQL: select enrolment0_.studentId as col_0_0_, enrolment0_.semester as col_1_0_, enrolment0_."year" as col_2_0_, enrolment0_.courseCode as col_3_0_, student1_.studentId as studentId4_0_, course2_.courseCode as courseCode1_1_, student1_.name_first as name2_4_0_, student1_.name_middle as name3_4_0_, student1_.name_last as name4_4_0_, student1_.preferredCourseCode as preferre5_4_0_, course2_.description as descript2_1_1_ from Enrolment enrolment0_ inner join Student student1_ on enrolment0_.studentId=student1_.studentId inner join Course course2_ on enrolment0_.courseCode=course2_.courseCode order by enrolment0_.studentId
14:18:20,962 DEBUG ErrorCounter:82 - throwQueryException() : no errors
14:18:20,962 DEBUG SQL:104 - 
    select
        enrolment0_.studentId as col_0_0_,
        enrolment0_.semester as col_1_0_,
        enrolment0_."year" as col_2_0_,
        enrolment0_.courseCode as col_3_0_,
        student1_.studentId as studentId4_0_,
        course2_.courseCode as courseCode1_1_,
        student1_.name_first as name2_4_0_,
        student1_.name_middle as name3_4_0_,
        student1_.name_last as name4_4_0_,
        student1_.preferredCourseCode as preferre5_4_0_,
        course2_.description as descript2_1_1_ 
    from
        Enrolment enrolment0_ 
    inner join
        Student student1_ 
            on enrolment0_.studentId=student1_.studentId 
    inner join
        Course course2_ 
            on enrolment0_.courseCode=course2_.courseCode 
    order by
        enrolment0_.studentId
14:18:20,963 DEBUG SQL:104 - 
    select
        secretcode0_.studentNumber as studentN1_4_0_,
        secretcode0_.secretCode as secretCode5_0_,
        secretcode0_.i as i0_ 
    from
        Student_secretCodes secretcode0_ 
    where
        secretcode0_.studentNumber=?
14:18:20,963 DEBUG SQL:104 - 
    select
        coursemeet0_.courseCode as courseCode1_1_,
        coursemeet0_.courseCode as courseCode2_1_,
        coursemeet0_.day as day2_1_,
        coursemeet0_.period as period2_1_,
        coursemeet0_.location as location2_1_,
        coursemeet0_.courseCode as courseCode2_0_,
        coursemeet0_.day as day2_0_,
        coursemeet0_.period as period2_0_,
        coursemeet0_.location as location2_0_ 
    from
        CourseMeeting coursemeet0_ 
    where
        coursemeet0_.courseCode=?
14:18:20,985 DEBUG SQL:104 - 
    select
        secretcode0_.studentNumber as studentN1_4_0_,
        secretcode0_.secretCode as secretCode5_0_,
        secretcode0_.i as i0_ 
    from
        Student_secretCodes secretcode0_ 
    where
        secretcode0_.studentNumber=?
14:18:20,986 DEBUG SQL:104 - 
    select
        enrolment0_.studentId as col_0_0_,
        enrolment0_.semester as col_1_0_,
        enrolment0_."year" as col_2_0_,
        enrolment0_.courseCode as col_3_0_,
        student1_.studentId as studentId4_0_,
        course2_.courseCode as courseCode1_1_,
        student1_.name_first as name2_4_0_,
        student1_.name_middle as name3_4_0_,
        student1_.name_last as name4_4_0_,
        student1_.preferredCourseCode as preferre5_4_0_,
        course2_.description as descript2_1_1_ 
    from
        Enrolment enrolment0_ 
    inner join
        Student student1_ 
            on enrolment0_.studentId=student1_.studentId 
    inner join
        Course course2_ 
            on enrolment0_.courseCode=course2_.courseCode 
    order by
        enrolment0_.studentId
14:18:20,998 DEBUG SQL:104 - 
    select
        secretcode0_.studentNumber as studentN1_4_0_,
        secretcode0_.secretCode as secretCode5_0_,
        secretcode0_.i as i0_ 
    from
        Student_secretCodes secretcode0_ 
    where
        secretcode0_.studentNumber=?
14:18:20,998 DEBUG SQL:104 - 
    select
        coursemeet0_.courseCode as courseCode1_1_,
        coursemeet0_.courseCode as courseCode2_1_,
        coursemeet0_.day as day2_1_,
        coursemeet0_.period as period2_1_,
        coursemeet0_.location as location2_1_,
        coursemeet0_.courseCode as courseCode2_0_,
        coursemeet0_.day as day2_0_,
        coursemeet0_.period as period2_0_,
        coursemeet0_.location as location2_0_ 
    from
        CourseMeeting coursemeet0_ 
    where
        coursemeet0_.courseCode=?
14:18:21,010 DEBUG SQL:104 - 
    select
        secretcode0_.studentNumber as studentN1_4_0_,
        secretcode0_.secretCode as secretCode5_0_,
        secretcode0_.i as i0_ 
    from
        Student_secretCodes secretcode0_ 
    where
        secretcode0_.studentNumber=?
14:18:21,011 DEBUG SQL:104 - 
    select
        student_.studentId,
        student_.name_first as name2_4_,
        student_.name_middle as name3_4_,
        student_.name_last as name4_4_,
        student_.preferredCourseCode as preferre5_4_ 
    from
        Student student_ 
    where
        student_.studentId=?
14:18:21,011 DEBUG SQL:104 - 
    select
        enrolment_.studentId,
        enrolment_.courseCode,
        enrolment_.semester as semester3_,
        enrolment_."year" as year4_3_ 
    from
        Enrolment enrolment_ 
    where
        enrolment_.studentId=? 
        and enrolment_.courseCode=?
14:18:21,022 DEBUG SQL:104 - 
    select
        course_.courseCode,
        course_.description as descript2_1_ 
    from
        Course course_ 
    where
        course_.courseCode=?
14:18:21,022 DEBUG SQL:104 - 
    select
        student_.studentId,
        student_.name_first as name2_4_,
        student_.name_middle as name3_4_,
        student_.name_last as name4_4_,
        student_.preferredCourseCode as preferre5_4_ 
    from
        Student student_ 
    where
        student_.studentId=?
14:18:21,023 DEBUG SQL:104 - 
    select
        enrolment_.studentId,
        enrolment_.courseCode,
        enrolment_.semester as semester3_,
        enrolment_."year" as year4_3_ 
    from
        Enrolment enrolment_ 
    where
        enrolment_.studentId=? 
        and enrolment_.courseCode=?
14:18:21,038 DEBUG SQL:104 - 
    select
        coursemeet_.courseCode,
        coursemeet_.day,
        coursemeet_.period,
        coursemeet_.location 
    from
        CourseMeeting coursemeet_ 
    where
        coursemeet_.courseCode=? 
        and coursemeet_.day=? 
        and coursemeet_.period=? 
        and coursemeet_.location=?
14:18:21,039 DEBUG SQL:104 - 
    select
        coursemeet_.courseCode,
        coursemeet_.day,
        coursemeet_.period,
        coursemeet_.location 
    from
        CourseMeeting coursemeet_ 
    where
        coursemeet_.courseCode=? 
        and coursemeet_.day=? 
        and coursemeet_.period=? 
        and coursemeet_.location=?
14:18:21,049 DEBUG BaseGeneralDataRegion:59 - Caching[foo.org.hibernate.cache.spi.UpdateTimestampsCache] : [Enrolment] -> [5579090989256704]
14:18:21,049 DEBUG SQL:104 - 
    update
        Address 
    set
        studentNumber=null,
        addressType=null 
    where
        studentNumber=?
14:18:21,050 DEBUG BaseGeneralDataRegion:59 - Caching[foo.org.hibernate.cache.spi.UpdateTimestampsCache] : [Address] -> [5579090989256705]
14:18:21,050 DEBUG SQL:104 - 
    delete 
    from
        Student_secretCodes 
    where
        studentNumber=?
14:18:21,050 DEBUG BaseGeneralDataRegion:59 - Caching[foo.org.hibernate.cache.spi.UpdateTimestampsCache] : [Student_secretCodes] -> [5579090989260800]
14:18:21,050 DEBUG BaseGeneralDataRegion:59 - Caching[foo.org.hibernate.cache.spi.UpdateTimestampsCache] : [Enrolment] -> [5579090989260801]
14:18:21,050 DEBUG BaseGeneralDataRegion:59 - Caching[foo.org.hibernate.cache.spi.UpdateTimestampsCache] : [Address] -> [5579090989260802]
14:18:21,050 DEBUG SQL:104 - 
    delete 
    from
        Student_secretCodes 
    where
        studentNumber=?
14:18:21,050 DEBUG BaseGeneralDataRegion:59 - Caching[foo.org.hibernate.cache.spi.UpdateTimestampsCache] : [Student_secretCodes] -> [5579090989260803]
14:18:21,050 DEBUG BaseGeneralDataRegion:59 - Caching[foo.org.hibernate.cache.spi.UpdateTimestampsCache] : [CourseMeeting] -> [5579090989260804]
14:18:21,050 DEBUG SQL:104 - 
    delete 
    from
        Enrolment 
    where
        studentId=? 
        and courseCode=?
14:18:21,051 DEBUG BaseGeneralDataRegion:59 - Caching[foo.org.hibernate.cache.spi.UpdateTimestampsCache] : [Enrolment] -> [5579090989264896]
14:18:21,051 DEBUG SQL:104 - 
    delete 
    from
        Address 
    where
        id=?
14:18:21,051 DEBUG BaseGeneralDataRegion:59 - Caching[foo.org.hibernate.cache.spi.UpdateTimestampsCache] : [Address] -> [5579090989264897]
14:18:21,051 DEBUG SQL:104 - 
    delete 
    from
        Address 
    where
        id=?
14:18:21,051 DEBUG BaseGeneralDataRegion:59 - Caching[foo.org.hibernate.cache.spi.UpdateTimestampsCache] : [Address] -> [5579090989264898]
14:18:21,051 DEBUG SQL:104 - 
    delete 
    from
        Student 
    where
        studentId=?
14:18:21,063 DEBUG BaseGeneralDataRegion:59 - Caching[foo.org.hibernate.cache.spi.UpdateTimestampsCache] : [Student] -> [5579090989314048]
14:18:21,063 DEBUG SQL:104 - 
    delete 
    from
        Enrolment 
    where
        studentId=? 
        and courseCode=?
14:18:21,064 DEBUG BaseGeneralDataRegion:59 - Caching[foo.org.hibernate.cache.spi.UpdateTimestampsCache] : [Enrolment] -> [5579090989318144]
14:18:21,064 DEBUG SQL:104 - 
    delete 
    from
        Student 
    where
        studentId=?
14:18:21,064 DEBUG BaseGeneralDataRegion:59 - Caching[foo.org.hibernate.cache.spi.UpdateTimestampsCache] : [Student] -> [5579090989318145]
14:18:21,064 DEBUG SQL:104 - 
    delete 
    from
        CourseMeeting 
    where
        courseCode=? 
        and day=? 
        and period=? 
        and location=?
14:18:21,073 DEBUG BaseGeneralDataRegion:59 - Caching[foo.org.hibernate.cache.spi.UpdateTimestampsCache] : [CourseMeeting] -> [5579090989355008]
14:18:21,074 DEBUG SQL:104 - 
    delete 
    from
        CourseMeeting 
    where
        courseCode=? 
        and day=? 
        and period=? 
        and location=?
14:18:21,074 DEBUG BaseGeneralDataRegion:59 - Caching[foo.org.hibernate.cache.spi.UpdateTimestampsCache] : [CourseMeeting] -> [5579090989359104]
14:18:21,074 DEBUG SQL:104 - 
    delete 
    from
        Course 
    where
        courseCode=?
14:18:21,074 DEBUG BaseGeneralDataRegion:59 - Caching[foo.org.hibernate.cache.spi.UpdateTimestampsCache] : [Course] -> [5579090989359105]
14:18:21,075 DEBUG BaseGeneralDataRegion:59 - Caching[foo.org.hibernate.cache.spi.UpdateTimestampsCache] : [Student] -> [5579090743603200]
14:18:21,075 DEBUG BaseGeneralDataRegion:59 - Caching[foo.org.hibernate.cache.spi.UpdateTimestampsCache] : [Course] -> [5579090743603200]
14:18:21,075 DEBUG BaseGeneralDataRegion:59 - Caching[foo.org.hibernate.cache.spi.UpdateTimestampsCache] : [Enrolment] -> [5579090743603200]
14:18:21,075 DEBUG BaseGeneralDataRegion:59 - Caching[foo.org.hibernate.cache.spi.UpdateTimestampsCache] : [Student_secretCodes] -> [5579090743603200]
14:18:21,075 DEBUG BaseGeneralDataRegion:59 - Caching[foo.org.hibernate.cache.spi.UpdateTimestampsCache] : [Address] -> [5579090743603200]
14:18:21,076 DEBUG BaseGeneralDataRegion:59 - Caching[foo.org.hibernate.cache.spi.UpdateTimestampsCache] : [CourseMeeting] -> [5579090743603200]
14:18:21,076  INFO CustomRunner:139 - Test: testAliasToEntityMapNoProjectionList
14:18:21,103 DEBUG SQL:104 - 
    select
        coursemeet_.courseCode,
        coursemeet_.day,
        coursemeet_.period,
        coursemeet_.location 
    from
        CourseMeeting coursemeet_ 
    where
        coursemeet_.courseCode=? 
        and coursemeet_.day=? 
        and coursemeet_.period=? 
        and coursemeet_.location=?
14:18:21,104 DEBUG SQL:104 - 
    select
        coursemeet_.courseCode,
        coursemeet_.day,
        coursemeet_.period,
        coursemeet_.location 
    from
        CourseMeeting coursemeet_ 
    where
        coursemeet_.courseCode=? 
        and coursemeet_.day=? 
        and coursemeet_.period=? 
        and coursemeet_.location=?
14:18:21,105 DEBUG SQL:104 - 
    insert 
    into
        Course
        (description, courseCode) 
    values
        (?, ?)
14:18:21,105 DEBUG BaseGeneralDataRegion:59 - Caching[foo.org.hibernate.cache.spi.UpdateTimestampsCache] : [Course] -> [5579090989486080]
14:18:21,105 DEBUG SQL:104 - 
    insert 
    into
        CourseMeeting
        (courseCode, day, period, location) 
    values
        (?, ?, ?, ?)
14:18:21,105 DEBUG BaseGeneralDataRegion:59 - Caching[foo.org.hibernate.cache.spi.UpdateTimestampsCache] : [CourseMeeting] -> [5579090989486081]
14:18:21,106 DEBUG SQL:104 - 
    insert 
    into
        CourseMeeting
        (courseCode, day, period, location) 
    values
        (?, ?, ?, ?)
14:18:21,106 DEBUG BaseGeneralDataRegion:59 - Caching[foo.org.hibernate.cache.spi.UpdateTimestampsCache] : [CourseMeeting] -> [5579090989490176]
14:18:21,107 DEBUG SQL:104 - 
    insert 
    into
        Student
        (name_first, name_middle, name_last, preferredCourseCode, studentId) 
    values
        (?, ?, ?, ?, ?)
14:18:21,107 DEBUG BaseGeneralDataRegion:59 - Caching[foo.org.hibernate.cache.spi.UpdateTimestampsCache] : [Student] -> [5579090989494272]
14:18:21,107 DEBUG SQL:104 - 
    insert 
    into
        Address
        (addressType, street, city, stateProvince, postalCode, country, studentNumber, id) 
    values
        (?, ?, ?, ?, ?, ?, ?, ?)
14:18:21,109 DEBUG BaseGeneralDataRegion:59 - Caching[foo.org.hibernate.cache.spi.UpdateTimestampsCache] : [Address] -> [5579090989502464]
14:18:21,109 DEBUG SQL:104 - 
    insert 
    into
        Address
        (addressType, street, city, stateProvince, postalCode, country, studentNumber, id) 
    values
        (?, ?, ?, ?, ?, ?, ?, ?)
14:18:21,110 DEBUG BaseGeneralDataRegion:59 - Caching[foo.org.hibernate.cache.spi.UpdateTimestampsCache] : [Address] -> [5579090989506560]
14:18:21,110 DEBUG SQL:104 - 
    insert 
    into
        Student
        (name_first, name_middle, name_last, preferredCourseCode, studentId) 
    values
        (?, ?, ?, ?, ?)
14:18:21,118 DEBUG BaseGeneralDataRegion:59 - Caching[foo.org.hibernate.cache.spi.UpdateTimestampsCache] : [Student] -> [5579090989539328]
14:18:21,118 DEBUG SQL:104 - 
    insert 
    into
        Enrolment
        (semester, "year", studentId, courseCode) 
    values
        (?, ?, ?, ?)
14:18:21,119 DEBUG BaseGeneralDataRegion:59 - Caching[foo.org.hibernate.cache.spi.UpdateTimestampsCache] : [Enrolment] -> [5579090989543424]
14:18:21,119 DEBUG SQL:104 - 
    insert 
    into
        Enrolment
        (semester, "year", studentId, courseCode) 
    values
        (?, ?, ?, ?)
14:18:21,119 DEBUG BaseGeneralDataRegion:59 - Caching[foo.org.hibernate.cache.spi.UpdateTimestampsCache] : [Enrolment] -> [5579090989543425]
14:18:21,119 DEBUG BaseGeneralDataRegion:59 - Caching[foo.org.hibernate.cache.spi.UpdateTimestampsCache] : [CourseMeeting] -> [5579090989543426]
14:18:21,119 DEBUG BaseGeneralDataRegion:59 - Caching[foo.org.hibernate.cache.spi.UpdateTimestampsCache] : [Enrolment] -> [5579090989543427]
14:18:21,119 DEBUG SQL:104 - 
    update
        Address 
    set
        studentNumber=?,
        addressType=? 
    where
        id=?
14:18:21,129 DEBUG SQL:104 - 
    update
        Address 
    set
        studentNumber=?,
        addressType=? 
    where
        id=?
14:18:21,129 DEBUG BaseGeneralDataRegion:59 - Caching[foo.org.hibernate.cache.spi.UpdateTimestampsCache] : [Address] -> [5579090989584384]
14:18:21,129 DEBUG SQL:104 - 
    insert 
    into
        Student_secretCodes
        (studentNumber, i, secretCode) 
    values
        (?, ?, ?)
14:18:21,129 DEBUG BaseGeneralDataRegion:59 - Caching[foo.org.hibernate.cache.spi.UpdateTimestampsCache] : [Student_secretCodes] -> [5579090989584385]
14:18:21,129 DEBUG BaseGeneralDataRegion:59 - Caching[foo.org.hibernate.cache.spi.UpdateTimestampsCache] : [Enrolment] -> [5579090989584386]
14:18:21,130 DEBUG BaseGeneralDataRegion:59 - Caching[foo.org.hibernate.cache.spi.UpdateTimestampsCache] : [Address] -> [5579090989588480]
14:18:21,130 DEBUG SQL:104 - 
    insert 
    into
        Student_secretCodes
        (studentNumber, i, secretCode) 
    values
        (?, ?, ?)
14:18:21,130 DEBUG SQL:104 - 
    insert 
    into
        Student_secretCodes
        (studentNumber, i, secretCode) 
    values
        (?, ?, ?)
14:18:21,140 DEBUG BaseGeneralDataRegion:59 - Caching[foo.org.hibernate.cache.spi.UpdateTimestampsCache] : [Student_secretCodes] -> [5579090989625344]
14:18:21,140 DEBUG BaseGeneralDataRegion:59 - Caching[foo.org.hibernate.cache.spi.UpdateTimestampsCache] : [Student] -> [5579090743869440]
14:18:21,140 DEBUG BaseGeneralDataRegion:59 - Caching[foo.org.hibernate.cache.spi.UpdateTimestampsCache] : [Course] -> [5579090743869440]
14:18:21,140 DEBUG BaseGeneralDataRegion:59 - Caching[foo.org.hibernate.cache.spi.UpdateTimestampsCache] : [Enrolment] -> [5579090743869440]
14:18:21,140 DEBUG BaseGeneralDataRegion:59 - Caching[foo.org.hibernate.cache.spi.UpdateTimestampsCache] : [Student_secretCodes] -> [5579090743869440]
14:18:21,140 DEBUG BaseGeneralDataRegion:59 - Caching[foo.org.hibernate.cache.spi.UpdateTimestampsCache] : [Address] -> [5579090743869440]
14:18:21,140 DEBUG BaseGeneralDataRegion:59 - Caching[foo.org.hibernate.cache.spi.UpdateTimestampsCache] : [CourseMeeting] -> [5579090743869440]
14:18:21,141 DEBUG QueryTranslatorImpl:265 - parse() - HQL: from org.hibernate.test.querycache.Student s left join s.enrolments e left join e.course c order by s.studentNumber
14:18:21,142 DEBUG QueryTranslatorImpl:283 - --- HQL AST ---
 \-[QUERY] Node: 'query'
    +-[SELECT_FROM] Node: 'SELECT_FROM'
    |  \-[FROM] Node: 'from'
    |     +-[RANGE] Node: 'RANGE'
    |     |  +-[DOT] Node: '.'
    |     |  |  +-[DOT] Node: '.'
    |     |  |  |  +-[DOT] Node: '.'
    |     |  |  |  |  +-[DOT] Node: '.'
    |     |  |  |  |  |  +-[IDENT] Node: 'org'
    |     |  |  |  |  |  \-[IDENT] Node: 'hibernate'
    |     |  |  |  |  \-[IDENT] Node: 'test'
    |     |  |  |  \-[IDENT] Node: 'querycache'
    |     |  |  \-[IDENT] Node: 'Student'
    |     |  \-[ALIAS] Node: 's'
    |     +-[JOIN] Node: 'join'
    |     |  +-[LEFT] Node: 'left'
    |     |  +-[DOT] Node: '.'
    |     |  |  +-[IDENT] Node: 's'
    |     |  |  \-[IDENT] Node: 'enrolments'
    |     |  \-[ALIAS] Node: 'e'
    |     \-[JOIN] Node: 'join'
    |        +-[LEFT] Node: 'left'
    |        +-[DOT] Node: '.'
    |        |  +-[IDENT] Node: 'e'
    |        |  \-[IDENT] Node: 'course'
    |        \-[ALIAS] Node: 'c'
    \-[ORDER] Node: 'order'
       \-[DOT] Node: '.'
          +-[IDENT] Node: 's'
          \-[IDENT] Node: 'studentNumber'

14:18:21,151 DEBUG ErrorCounter:82 - throwQueryException() : no errors
14:18:21,151 DEBUG FromElement:157 - FromClause{level=1} : org.hibernate.test.querycache.Student (s) -> student0_
14:18:21,151 DEBUG FromReferenceNode:74 - Resolved : s -> student0_.studentId
14:18:21,151 DEBUG DotNode:599 - getDataType() : enrolments -> org.hibernate.type.SetType(org.hibernate.test.querycache.Student.enrolments)
14:18:21,151 DEBUG FromElementFactory:376 - createEntityAssociation() : One to many - path = s.enrolments role = org.hibernate.test.querycache.Student.enrolments associatedEntityName = org.hibernate.test.querycache.Enrolment
14:18:21,152 DEBUG FromElement:157 - FromClause{level=1} : org.hibernate.test.querycache.Enrolment (e) -> enrolments1_
14:18:21,152 DEBUG FromClause:282 - addJoinByPathMap() : s.enrolments -> FromElement{explicit,not a collection join,not a fetch join,fetch non-lazy properties,classAlias=e,role=null,tableName=Enrolment,tableAlias=enrolments1_,origin=Student student0_,columns={student0_.studentId ,className=org.hibernate.test.querycache.Enrolment}}
14:18:21,152 DEBUG DotNode:308 - dereferenceCollection() : Created new FROM element for s.enrolments : Enrolment enrolments1_
14:18:21,152 DEBUG FromReferenceNode:74 - Resolved : s.enrolments -> .
14:18:21,152 DEBUG HqlSqlWalker:403 - createFromJoinElement() : -- join tree --
 \-[JOIN_FRAGMENT] FromElement: 'Enrolment enrolments1_' FromElement{explicit,not a collection join,not a fetch join,fetch non-lazy properties,classAlias=e,role=org.hibernate.test.querycache.Student.enrolments,tableName=Enrolment,tableAlias=enrolments1_,origin=Student student0_,columns={student0_.studentId ,className=org.hibernate.test.querycache.Enrolment}}

14:18:21,152 DEBUG FromReferenceNode:74 - Resolved : e -> (enrolments1_.studentId, enrolments1_.courseCode)
14:18:21,152 DEBUG DotNode:599 - getDataType() : course -> org.hibernate.type.ManyToOneType(org.hibernate.test.querycache.Course)
14:18:21,153 DEBUG DotNode:389 - dereferenceEntityJoin() : generating join for course in org.hibernate.test.querycache.Enrolment (c) parent = [ {null} ]
14:18:21,153 DEBUG FromElement:157 - FromClause{level=1} : org.hibernate.test.querycache.Course (c) -> course2_
14:18:21,153 DEBUG FromClause:282 - addJoinByPathMap() : e.course -> FromElement{explicit,not a collection join,not a fetch join,fetch non-lazy properties,classAlias=c,role=null,tableName=Course,tableAlias=course2_,origin=Enrolment enrolments1_,columns={enrolments1_.courseCode ,className=org.hibernate.test.querycache.Course}}
14:18:21,161 DEBUG FromReferenceNode:74 - Resolved : e.course -> enrolments1_.courseCode
14:18:21,162 DEBUG HqlSqlWalker:403 - createFromJoinElement() : -- join tree --
 \-[JOIN_FRAGMENT] FromElement: 'Course course2_' FromElement{explicit,not a collection join,not a fetch join,fetch non-lazy properties,classAlias=c,role=null,tableName=Course,tableAlias=course2_,origin=Enrolment enrolments1_,columns={enrolments1_.courseCode ,className=org.hibernate.test.querycache.Course}}

14:18:21,162 DEBUG FromReferenceNode:74 - Resolved : s -> student0_.studentId
14:18:21,162 DEBUG DotNode:599 - getDataType() : studentNumber -> org.hibernate.type.LongType@4bf3f9d
14:18:21,162 DEBUG FromReferenceNode:74 - Resolved : s.studentNumber -> student0_.studentId
14:18:21,162 DEBUG HqlSqlWalker:629 - processQuery() :  ( SELECT ( FromClause{level=1} ( Student student0_ ( Enrolment enrolments1_ Course course2_ ) ) ) ( order ( student0_.studentId student0_.studentId studentNumber ) ) )
14:18:21,162 DEBUG HqlSqlWalker:869 - Derived SELECT clause created.
14:18:21,163 DEBUG JoinProcessor:175 - Using FROM fragment [Student student0_]
14:18:21,163 DEBUG JoinProcessor:175 - Using FROM fragment [left outer join Enrolment enrolments1_ on student0_.studentId=enrolments1_.studentId]
14:18:21,163 DEBUG JoinProcessor:175 - Using FROM fragment [left outer join Course course2_ on enrolments1_.courseCode=course2_.courseCode]
14:18:21,163 DEBUG QueryTranslatorImpl:252 - --- SQL AST ---
 \-[SELECT] QueryNode: 'SELECT'  querySpaces (Student,Course,Enrolment)
    +-[SELECT_CLAUSE] SelectClause: '{derived select clause}'
    |  +-[SELECT_EXPR] SelectExpressionImpl: 'student0_.studentId as studentId4_0_' {FromElement{explicit,not a collection join,not a fetch join,fetch non-lazy properties,classAlias=s,role=null,tableName=Student,tableAlias=student0_,origin=null,columns={,className=org.hibernate.test.querycache.Student}}}
    |  +-[SELECT_EXPR] SelectExpressionImpl: 'enrolments1_.studentId as studentId3_1_, enrolments1_.courseCode as courseCode3_1_' {FromElement{explicit,not a collection join,not a fetch join,fetch non-lazy properties,classAlias=e,role=org.hibernate.test.querycache.Student.enrolments,tableName=Enrolment,tableAlias=enrolments1_,origin=Student student0_,columns={student0_.studentId ,className=org.hibernate.test.querycache.Enrolment}}}
    |  +-[SELECT_EXPR] SelectExpressionImpl: 'course2_.courseCode as courseCode1_2_' {FromElement{explicit,not a collection join,not a fetch join,fetch non-lazy properties,classAlias=c,role=null,tableName=Course,tableAlias=course2_,origin=left outer join Enrolment enrolments1_ on student0_.studentId=enrolments1_.studentId,columns={enrolments1_.courseCode ,className=org.hibernate.test.querycache.Course}}}
    |  +-[SQL_TOKEN] SqlFragment: 'student0_.name_first as name2_4_0_, student0_.name_middle as name3_4_0_, student0_.name_last as name4_4_0_, student0_.preferredCourseCode as preferre5_4_0_'
    |  +-[SQL_TOKEN] SqlFragment: 'enrolments1_.semester as semester3_1_, enrolments1_."year" as year4_3_1_'
    |  \-[SQL_TOKEN] SqlFragment: 'course2_.description as descript2_1_2_'
    +-[FROM] FromClause: 'from' FromClause{level=1, fromElementCounter=3, fromElements=3, fromElementByClassAlias=[e, s, c], fromElementByTableAlias=[student0_, course2_, enrolments1_], fromElementsByPath=[e.course, s.enrolments], collectionJoinFromElementsByPath=[], impliedElements=[]}
    |  \-[FROM_FRAGMENT] FromElement: 'Student student0_' FromElement{explicit,not a collection join,not a fetch join,fetch non-lazy properties,classAlias=s,role=null,tableName=Student,tableAlias=student0_,origin=null,columns={,className=org.hibernate.test.querycache.Student}}
    |     \-[JOIN_FRAGMENT] FromElement: 'left outer join Enrolment enrolments1_ on student0_.studentId=enrolments1_.studentId' FromElement{explicit,not a collection join,not a fetch join,fetch non-lazy properties,classAlias=e,role=org.hibernate.test.querycache.Student.enrolments,tableName=Enrolment,tableAlias=enrolments1_,origin=Student student0_,columns={student0_.studentId ,className=org.hibernate.test.querycache.Enrolment}}
    |        \-[JOIN_FRAGMENT] FromElement: 'left outer join Course course2_ on enrolments1_.courseCode=course2_.courseCode' FromElement{explicit,not a collection join,not a fetch join,fetch non-lazy properties,classAlias=c,role=null,tableName=Course,tableAlias=course2_,origin=left outer join Enrolment enrolments1_ on student0_.studentId=enrolments1_.studentId,columns={enrolments1_.courseCode ,className=org.hibernate.test.querycache.Course}}
    \-[ORDER] OrderByClause: 'order'
       \-[DOT] DotNode: 'student0_.studentId' {propertyName=studentNumber,dereferenceType=ALL,propertyPath=studentNumber,path=s.studentNumber,tableAlias=student0_,className=org.hibernate.test.querycache.Student,classAlias=s}
          +-[ALIAS_REF] IdentNode: 'student0_.studentId' {alias=s, className=org.hibernate.test.querycache.Student, tableAlias=student0_}
          \-[IDENT] IdentNode: 'studentNumber' {originalText=studentNumber}

14:18:21,172 DEBUG ErrorCounter:82 - throwQueryException() : no errors
14:18:21,173 DEBUG QueryTranslatorImpl:235 - HQL: from org.hibernate.test.querycache.Student s left join s.enrolments e left join e.course c order by s.studentNumber
14:18:21,173 DEBUG QueryTranslatorImpl:236 - SQL: select student0_.studentId as studentId4_0_, enrolments1_.studentId as studentId3_1_, enrolments1_.courseCode as courseCode3_1_, course2_.courseCode as courseCode1_2_, student0_.name_first as name2_4_0_, student0_.name_middle as name3_4_0_, student0_.name_last as name4_4_0_, student0_.preferredCourseCode as preferre5_4_0_, enrolments1_.semester as semester3_1_, enrolments1_."year" as year4_3_1_, course2_.description as descript2_1_2_ from Student student0_ left outer join Enrolment enrolments1_ on student0_.studentId=enrolments1_.studentId left outer join Course course2_ on enrolments1_.courseCode=course2_.courseCode order by student0_.studentId
14:18:21,173 DEBUG ErrorCounter:82 - throwQueryException() : no errors
14:18:21,173 DEBUG SQL:104 - 
    select
        student0_.studentId as studentId4_0_,
        enrolments1_.studentId as studentId3_1_,
        enrolments1_.courseCode as courseCode3_1_,
        course2_.courseCode as courseCode1_2_,
        student0_.name_first as name2_4_0_,
        student0_.name_middle as name3_4_0_,
        student0_.name_last as name4_4_0_,
        student0_.preferredCourseCode as preferre5_4_0_,
        enrolments1_.semester as semester3_1_,
        enrolments1_."year" as year4_3_1_,
        course2_.description as descript2_1_2_ 
    from
        Student student0_ 
    left outer join
        Enrolment enrolments1_ 
            on student0_.studentId=enrolments1_.studentId 
    left outer join
        Course course2_ 
            on enrolments1_.courseCode=course2_.courseCode 
    order by
        student0_.studentId
14:18:21,174 DEBUG SQL:104 - 
    select
        secretcode0_.studentNumber as studentN1_4_0_,
        secretcode0_.secretCode as secretCode5_0_,
        secretcode0_.i as i0_ 
    from
        Student_secretCodes secretcode0_ 
    where
        secretcode0_.studentNumber=?
14:18:21,175 DEBUG SQL:104 - 
    select
        coursemeet0_.courseCode as courseCode1_1_,
        coursemeet0_.courseCode as courseCode2_1_,
        coursemeet0_.day as day2_1_,
        coursemeet0_.period as period2_1_,
        coursemeet0_.location as location2_1_,
        coursemeet0_.courseCode as courseCode2_0_,
        coursemeet0_.day as day2_0_,
        coursemeet0_.period as period2_0_,
        coursemeet0_.location as location2_0_ 
    from
        CourseMeeting coursemeet0_ 
    where
        coursemeet0_.courseCode=?
14:18:21,175 DEBUG SQL:104 - 
    select
        secretcode0_.studentNumber as studentN1_4_0_,
        secretcode0_.secretCode as secretCode5_0_,
        secretcode0_.i as i0_ 
    from
        Student_secretCodes secretcode0_ 
    where
        secretcode0_.studentNumber=?
14:18:21,188  INFO FailureExpectedHandler:73 - Ignoring expected failure [{}] : {}
14:18:21,189  INFO Configuration:706 - HHH000221: Reading mappings from resource: org/hibernate/test/querycache/Enrolment.hbm.xml
14:18:21,197  INFO DriverManagerConnectionProviderImpl:99 - HHH000402: Using Hibernate built-in connection pool (not for production use!)
14:18:21,197  INFO DriverManagerConnectionProviderImpl:135 - HHH000115: Hibernate connection pool size: 5
14:18:21,198  INFO DriverManagerConnectionProviderImpl:138 - HHH000006: Autocommit mode: false
14:18:21,198  INFO DriverManagerConnectionProviderImpl:153 - HHH000401: using driver [org.h2.Driver] at URL [jdbc:h2:mem:db1;DB_CLOSE_DELAY=-1;MVCC=TRUE]
14:18:21,198  INFO DriverManagerConnectionProviderImpl:158 - HHH000046: Connection properties: {user=sa}
14:18:21,199  INFO Dialect:103 - HHH000400: Using dialect: org.hibernate.dialect.H2Dialect
14:18:21,199  INFO LobCreatorBuilder:94 - HHH000423: Disabling contextual LOB creation as JDBC driver reported JDBC version [3] less than 4
14:18:21,200  INFO TransactionFactoryInitiator:66 - HHH000399: Using default transaction strategy (direct JDBC transactions)
14:18:21,200  INFO ASTQueryTranslatorFactory:48 - HHH000397: Using ASTQueryTranslatorFactory
14:18:21,200  WARN CachingRegionFactory:58 - CachingRegionFactory should be only used for testing.
14:18:21,201  INFO UpdateTimestampsCache:61 - HHH000250: Starting update timestamps cache at region: foo.org.hibernate.cache.spi.UpdateTimestampsCache
14:18:21,201  INFO StandardQueryCache:86 - HHH000248: Starting query cache at region: foo.org.hibernate.cache.internal.StandardQueryCache
14:18:21,209  INFO SchemaExport:343 - HHH000227: Running hbm2ddl schema export
14:18:21,210 DEBUG SchemaExport:353 - Import file not found: /import.sql
14:18:21,210 DEBUG SQL:104 - 
    alter table Address 
        drop constraint FK1ED033D47B5C59E1
14:18:21,210 DEBUG SQL:104 - 
    alter table CourseMeeting 
        drop constraint FKC97EED80AEBBC201
14:18:21,210 DEBUG SQL:104 - 
    alter table Enrolment 
        drop constraint FKEB4882C4EC5C133
14:18:21,211 DEBUG SQL:104 - 
    alter table Enrolment 
        drop constraint FKEB4882C4AEBBC201
14:18:21,211 DEBUG SQL:104 - 
    alter table Student 
        drop constraint FKF3371A1B5679E142
14:18:21,211 DEBUG SQL:104 - 
    alter table Student_secretCodes 
        drop constraint FKAF3CA7327B5C59E1
14:18:21,211 DEBUG SQL:104 - 
    drop table Address if exists
14:18:21,211 DEBUG SQL:104 - 
    drop table Course if exists
14:18:21,212 DEBUG SQL:104 - 
    drop table CourseMeeting if exists
14:18:21,212 DEBUG SQL:104 - 
    drop table Enrolment if exists
14:18:21,212 DEBUG SQL:104 - 
    drop table Student if exists
14:18:21,212 DEBUG SQL:104 - 
    drop table Student_secretCodes if exists
14:18:21,212 DEBUG SQL:104 - 
    create table Address (
        id bigint not null,
        addressType varchar(255),
        street varchar(255),
        city varchar(255),
        stateProvince varchar(255),
        postalCode varchar(255),
        country varchar(255),
        studentNumber bigint,
        primary key (id)
    )
14:18:21,213 DEBUG SQL:104 - 
    create table Course (
        courseCode varchar(255) not null,
        description varchar(255),
        primary key (courseCode)
    )
14:18:21,213 DEBUG SQL:104 - 
    create table CourseMeeting (
        courseCode varchar(255) not null,
        day varchar(255) not null,
        period integer not null,
        location varchar(255) not null,
        primary key (courseCode, day, period, location)
    )
14:18:21,213 DEBUG SQL:104 - 
    create table Enrolment (
        studentId bigint not null,
        courseCode varchar(255) not null,
        semester smallint not null,
        "year" smallint not null,
        primary key (studentId, courseCode)
    )
14:18:21,226 DEBUG SQL:104 - 
    create table Student (
        studentId bigint not null,
        name_first varchar(255) not null,
        name_middle varchar(255),
        name_last varchar(255) not null,
        preferredCourseCode varchar(255),
        primary key (studentId)
    )
14:18:21,227 DEBUG SQL:104 - 
    create table Student_secretCodes (
        studentNumber bigint not null,
        secretCode integer,
        i integer not null,
        primary key (studentNumber, i)
    )
14:18:21,227 DEBUG SQL:104 - 
    alter table Address 
        add constraint FK1ED033D47B5C59E1 
        foreign key (studentNumber) 
        references Student
14:18:21,228 DEBUG SQL:104 - 
    alter table CourseMeeting 
        add constraint FKC97EED80AEBBC201 
        foreign key (courseCode) 
        references Course
14:18:21,236 DEBUG SQL:104 - 
    alter table Enrolment 
        add constraint FKEB4882C4EC5C133 
        foreign key (studentId) 
        references Student
14:18:21,236 DEBUG SQL:104 - 
    alter table Enrolment 
        add constraint FKEB4882C4AEBBC201 
        foreign key (courseCode) 
        references Course
14:18:21,237 DEBUG SQL:104 - 
    alter table Student 
        add constraint FKF3371A1B5679E142 
        foreign key (preferredCourseCode) 
        references Course
14:18:21,237 DEBUG SQL:104 - 
    alter table Student_secretCodes 
        add constraint FKAF3CA7327B5C59E1 
        foreign key (studentNumber) 
        references Student
14:18:21,238  INFO SchemaExport:405 - HHH000230: Schema export complete
14:18:21,238  WARN SessionFactoryImpl:1554 - HHH000008: JTASessionContext being used with JDBCTransactionFactory; auto-flush will not operate correctly with getCurrentSession()
14:18:21,239  INFO CustomRunner:139 - Test: testAliasToEntityMapNoProjectionMultiAndNullList
14:18:21,240 DEBUG SQL:104 - 
    select
        coursemeet_.courseCode,
        coursemeet_.day,
        coursemeet_.period,
        coursemeet_.location 
    from
        CourseMeeting coursemeet_ 
    where
        coursemeet_.courseCode=? 
        and coursemeet_.day=? 
        and coursemeet_.period=? 
        and coursemeet_.location=?
14:18:21,244 DEBUG SQL:104 - 
    select
        coursemeet_.courseCode,
        coursemeet_.day,
        coursemeet_.period,
        coursemeet_.location 
    from
        CourseMeeting coursemeet_ 
    where
        coursemeet_.courseCode=? 
        and coursemeet_.day=? 
        and coursemeet_.period=? 
        and coursemeet_.location=?
14:18:21,244 DEBUG SQL:104 - 
    select
        max(id) 
    from
        Address
14:18:21,245 DEBUG SQL:104 - 
    insert 
    into
        Course
        (description, courseCode) 
    values
        (?, ?)
14:18:21,255 DEBUG BaseGeneralDataRegion:59 - Caching[foo.org.hibernate.cache.spi.UpdateTimestampsCache] : [Course] -> [5579090990100480]
14:18:21,255 DEBUG SQL:104 - 
    insert 
    into
        CourseMeeting
        (courseCode, day, period, location) 
    values
        (?, ?, ?, ?)
14:18:21,255 DEBUG BaseGeneralDataRegion:59 - Caching[foo.org.hibernate.cache.spi.UpdateTimestampsCache] : [CourseMeeting] -> [5579090990100481]
14:18:21,256 DEBUG SQL:104 - 
    insert 
    into
        CourseMeeting
        (courseCode, day, period, location) 
    values
        (?, ?, ?, ?)
14:18:21,256 DEBUG BaseGeneralDataRegion:59 - Caching[foo.org.hibernate.cache.spi.UpdateTimestampsCache] : [CourseMeeting] -> [5579090990104576]
14:18:21,256 DEBUG SQL:104 - 
    insert 
    into
        Student
        (name_first, name_middle, name_last, preferredCourseCode, studentId) 
    values
        (?, ?, ?, ?, ?)
14:18:21,267 DEBUG BaseGeneralDataRegion:59 - Caching[foo.org.hibernate.cache.spi.UpdateTimestampsCache] : [Student] -> [5579090990149632]
14:18:21,267 DEBUG SQL:104 - 
    insert 
    into
        Address
        (addressType, street, city, stateProvince, postalCode, country, studentNumber, id) 
    values
        (?, ?, ?, ?, ?, ?, ?, ?)
14:18:21,268 DEBUG BaseGeneralDataRegion:59 - Caching[foo.org.hibernate.cache.spi.UpdateTimestampsCache] : [Address] -> [5579090990153728]
14:18:21,268 DEBUG SQL:104 - 
    insert 
    into
        Address
        (addressType, street, city, stateProvince, postalCode, country, studentNumber, id) 
    values
        (?, ?, ?, ?, ?, ?, ?, ?)
14:18:21,268 DEBUG BaseGeneralDataRegion:59 - Caching[foo.org.hibernate.cache.spi.UpdateTimestampsCache] : [Address] -> [5579090990153729]
14:18:21,268 DEBUG SQL:104 - 
    insert 
    into
        Student
        (name_first, name_middle, name_last, preferredCourseCode, studentId) 
    values
        (?, ?, ?, ?, ?)
14:18:21,268 DEBUG BaseGeneralDataRegion:59 - Caching[foo.org.hibernate.cache.spi.UpdateTimestampsCache] : [Student] -> [5579090990153730]
14:18:21,277 DEBUG SQL:104 - 
    insert 
    into
        Enrolment
        (semester, "year", studentId, courseCode) 
    values
        (?, ?, ?, ?)
14:18:21,277 DEBUG BaseGeneralDataRegion:59 - Caching[foo.org.hibernate.cache.spi.UpdateTimestampsCache] : [Enrolment] -> [5579090990190592]
14:18:21,277 DEBUG SQL:104 - 
    insert 
    into
        Enrolment
        (semester, "year", studentId, courseCode) 
    values
        (?, ?, ?, ?)
14:18:21,277 DEBUG BaseGeneralDataRegion:59 - Caching[foo.org.hibernate.cache.spi.UpdateTimestampsCache] : [Enrolment] -> [5579090990190593]
14:18:21,277 DEBUG BaseGeneralDataRegion:59 - Caching[foo.org.hibernate.cache.spi.UpdateTimestampsCache] : [CourseMeeting] -> [5579090990190594]
14:18:21,278 DEBUG BaseGeneralDataRegion:59 - Caching[foo.org.hibernate.cache.spi.UpdateTimestampsCache] : [Enrolment] -> [5579090990194688]
14:18:21,278 DEBUG SQL:104 - 
    update
        Address 
    set
        studentNumber=?,
        addressType=? 
    where
        id=?
14:18:21,278 DEBUG SQL:104 - 
    update
        Address 
    set
        studentNumber=?,
        addressType=? 
    where
        id=?
14:18:21,286 DEBUG BaseGeneralDataRegion:59 - Caching[foo.org.hibernate.cache.spi.UpdateTimestampsCache] : [Address] -> [5579090990227456]
14:18:21,286 DEBUG SQL:104 - 
    insert 
    into
        Student_secretCodes
        (studentNumber, i, secretCode) 
    values
        (?, ?, ?)
14:18:21,286 DEBUG BaseGeneralDataRegion:59 - Caching[foo.org.hibernate.cache.spi.UpdateTimestampsCache] : [Student_secretCodes] -> [5579090990227457]
14:18:21,286 DEBUG BaseGeneralDataRegion:59 - Caching[foo.org.hibernate.cache.spi.UpdateTimestampsCache] : [Enrolment] -> [5579090990227458]
14:18:21,286 DEBUG BaseGeneralDataRegion:59 - Caching[foo.org.hibernate.cache.spi.UpdateTimestampsCache] : [Address] -> [5579090990227459]
14:18:21,287 DEBUG SQL:104 - 
    insert 
    into
        Student_secretCodes
        (studentNumber, i, secretCode) 
    values
        (?, ?, ?)
14:18:21,287 DEBUG SQL:104 - 
    insert 
    into
        Student_secretCodes
        (studentNumber, i, secretCode) 
    values
        (?, ?, ?)
14:18:21,287 DEBUG BaseGeneralDataRegion:59 - Caching[foo.org.hibernate.cache.spi.UpdateTimestampsCache] : [Student_secretCodes] -> [5579090990231552]
14:18:21,296 DEBUG BaseGeneralDataRegion:59 - Caching[foo.org.hibernate.cache.spi.UpdateTimestampsCache] : [Student] -> [5579090744508416]
14:18:21,296 DEBUG BaseGeneralDataRegion:59 - Caching[foo.org.hibernate.cache.spi.UpdateTimestampsCache] : [Course] -> [5579090744508416]
14:18:21,296 DEBUG BaseGeneralDataRegion:59 - Caching[foo.org.hibernate.cache.spi.UpdateTimestampsCache] : [Enrolment] -> [5579090744508416]
14:18:21,296 DEBUG BaseGeneralDataRegion:59 - Caching[foo.org.hibernate.cache.spi.UpdateTimestampsCache] : [Student_secretCodes] -> [5579090744508416]
14:18:21,296 DEBUG BaseGeneralDataRegion:59 - Caching[foo.org.hibernate.cache.spi.UpdateTimestampsCache] : [Address] -> [5579090744508416]
14:18:21,296 DEBUG BaseGeneralDataRegion:59 - Caching[foo.org.hibernate.cache.spi.UpdateTimestampsCache] : [CourseMeeting] -> [5579090744508416]
14:18:21,297 DEBUG QueryTranslatorImpl:265 - parse() - HQL: from org.hibernate.test.querycache.Student s left join s.preferredCourse p left join s.addresses a order by s.studentNumber
14:18:21,298 DEBUG QueryTranslatorImpl:283 - --- HQL AST ---
 \-[QUERY] Node: 'query'
    +-[SELECT_FROM] Node: 'SELECT_FROM'
    |  \-[FROM] Node: 'from'
    |     +-[RANGE] Node: 'RANGE'
    |     |  +-[DOT] Node: '.'
    |     |  |  +-[DOT] Node: '.'
    |     |  |  |  +-[DOT] Node: '.'
    |     |  |  |  |  +-[DOT] Node: '.'
    |     |  |  |  |  |  +-[IDENT] Node: 'org'
    |     |  |  |  |  |  \-[IDENT] Node: 'hibernate'
    |     |  |  |  |  \-[IDENT] Node: 'test'
    |     |  |  |  \-[IDENT] Node: 'querycache'
    |     |  |  \-[IDENT] Node: 'Student'
    |     |  \-[ALIAS] Node: 's'
    |     +-[JOIN] Node: 'join'
    |     |  +-[LEFT] Node: 'left'
    |     |  +-[DOT] Node: '.'
    |     |  |  +-[IDENT] Node: 's'
    |     |  |  \-[IDENT] Node: 'preferredCourse'
    |     |  \-[ALIAS] Node: 'p'
    |     \-[JOIN] Node: 'join'
    |        +-[LEFT] Node: 'left'
    |        +-[DOT] Node: '.'
    |        |  +-[IDENT] Node: 's'
    |        |  \-[IDENT] Node: 'addresses'
    |        \-[ALIAS] Node: 'a'
    \-[ORDER] Node: 'order'
       \-[DOT] Node: '.'
          +-[IDENT] Node: 's'
          \-[IDENT] Node: 'studentNumber'

14:18:21,305 DEBUG ErrorCounter:82 - throwQueryException() : no errors
14:18:21,305 DEBUG FromElement:157 - FromClause{level=1} : org.hibernate.test.querycache.Student (s) -> student0_
14:18:21,305 DEBUG FromReferenceNode:74 - Resolved : s -> student0_.studentId
14:18:21,306 DEBUG DotNode:599 - getDataType() : preferredCourse -> org.hibernate.type.ManyToOneType(org.hibernate.test.querycache.Course)
14:18:21,306 DEBUG DotNode:389 - dereferenceEntityJoin() : generating join for preferredCourse in org.hibernate.test.querycache.Student (p) parent = [ {null} ]
14:18:21,306 DEBUG FromElement:157 - FromClause{level=1} : org.hibernate.test.querycache.Course (p) -> course1_
14:18:21,306 DEBUG FromClause:282 - addJoinByPathMap() : s.preferredCourse -> FromElement{explicit,not a collection join,not a fetch join,fetch non-lazy properties,classAlias=p,role=null,tableName=Course,tableAlias=course1_,origin=Student student0_,columns={student0_.preferredCourseCode ,className=org.hibernate.test.querycache.Course}}
14:18:21,306 DEBUG FromReferenceNode:74 - Resolved : s.preferredCourse -> student0_.preferredCourseCode
14:18:21,306 DEBUG HqlSqlWalker:403 - createFromJoinElement() : -- join tree --
 \-[JOIN_FRAGMENT] FromElement: 'Course course1_' FromElement{explicit,not a collection join,not a fetch join,fetch non-lazy properties,classAlias=p,role=null,tableName=Course,tableAlias=course1_,origin=Student student0_,columns={student0_.preferredCourseCode ,className=org.hibernate.test.querycache.Course}}

14:18:21,307 DEBUG FromReferenceNode:74 - Resolved : s -> student0_.studentId
14:18:21,307 DEBUG DotNode:599 - getDataType() : addresses -> org.hibernate.type.MapType(org.hibernate.test.querycache.Student.addresses)
14:18:21,307 DEBUG FromElementFactory:376 - createEntityAssociation() : One to many - path = s.addresses role = org.hibernate.test.querycache.Student.addresses associatedEntityName = org.hibernate.test.querycache.Address
14:18:21,307 DEBUG FromElement:157 - FromClause{level=1} : org.hibernate.test.querycache.Address (a) -> addresses2_
14:18:21,307 DEBUG FromClause:282 - addJoinByPathMap() : s.addresses -> FromElement{explicit,not a collection join,not a fetch join,fetch non-lazy properties,classAlias=a,role=null,tableName=Address,tableAlias=addresses2_,origin=Student student0_,columns={student0_.studentId ,className=org.hibernate.test.querycache.Address}}
14:18:21,307 DEBUG DotNode:308 - dereferenceCollection() : Created new FROM element for s.addresses : Address addresses2_
14:18:21,307 DEBUG FromReferenceNode:74 - Resolved : s.addresses -> .
14:18:21,307 DEBUG HqlSqlWalker:403 - createFromJoinElement() : -- join tree --
 \-[JOIN_FRAGMENT] FromElement: 'Address addresses2_' FromElement{explicit,not a collection join,not a fetch join,fetch non-lazy properties,classAlias=a,role=org.hibernate.test.querycache.Student.addresses,tableName=Address,tableAlias=addresses2_,origin=Student student0_,columns={student0_.studentId ,className=org.hibernate.test.querycache.Address}}

14:18:21,308 DEBUG FromReferenceNode:74 - Resolved : s -> student0_.studentId
14:18:21,308 DEBUG DotNode:599 - getDataType() : studentNumber -> org.hibernate.type.LongType@4bf3f9d
14:18:21,308 DEBUG FromReferenceNode:74 - Resolved : s.studentNumber -> student0_.studentId
14:18:21,308 DEBUG HqlSqlWalker:629 - processQuery() :  ( SELECT ( FromClause{level=1} ( Student student0_ Course course1_ Address addresses2_ ) ) ( order ( student0_.studentId student0_.studentId studentNumber ) ) )
14:18:21,308 DEBUG HqlSqlWalker:869 - Derived SELECT clause created.
14:18:21,308 DEBUG JoinProcessor:175 - Using FROM fragment [Student student0_]
14:18:21,308 DEBUG JoinProcessor:175 - Using FROM fragment [left outer join Course course1_ on student0_.preferredCourseCode=course1_.courseCode]
14:18:21,309 DEBUG JoinProcessor:175 - Using FROM fragment [left outer join Address addresses2_ on student0_.studentId=addresses2_.studentNumber]
14:18:21,309 DEBUG QueryTranslatorImpl:252 - --- SQL AST ---
 \-[SELECT] QueryNode: 'SELECT'  querySpaces (Student,Course,Address)
    +-[SELECT_CLAUSE] SelectClause: '{derived select clause}'
    |  +-[SELECT_EXPR] SelectExpressionImpl: 'student0_.studentId as studentId4_0_' {FromElement{explicit,not a collection join,not a fetch join,fetch non-lazy properties,classAlias=s,role=null,tableName=Student,tableAlias=student0_,origin=null,columns={,className=org.hibernate.test.querycache.Student}}}
    |  +-[SELECT_EXPR] SelectExpressionImpl: 'course1_.courseCode as courseCode1_1_' {FromElement{explicit,not a collection join,not a fetch join,fetch non-lazy properties,classAlias=p,role=null,tableName=Course,tableAlias=course1_,origin=Student student0_,columns={student0_.preferredCourseCode ,className=org.hibernate.test.querycache.Course}}}
    |  +-[SELECT_EXPR] SelectExpressionImpl: 'addresses2_.id as id0_2_' {FromElement{explicit,not a collection join,not a fetch join,fetch non-lazy properties,classAlias=a,role=org.hibernate.test.querycache.Student.addresses,tableName=Address,tableAlias=addresses2_,origin=Student student0_,columns={student0_.studentId ,className=org.hibernate.test.querycache.Address}}}
    |  +-[SQL_TOKEN] SqlFragment: 'student0_.name_first as name2_4_0_, student0_.name_middle as name3_4_0_, student0_.name_last as name4_4_0_, student0_.preferredCourseCode as preferre5_4_0_'
    |  +-[SQL_TOKEN] SqlFragment: 'course1_.description as descript2_1_1_'
    |  \-[SQL_TOKEN] SqlFragment: 'addresses2_.addressType as addressT2_0_2_, addresses2_.street as street0_2_, addresses2_.city as city0_2_, addresses2_.stateProvince as statePro5_0_2_, addresses2_.postalCode as postalCode0_2_, addresses2_.country as country0_2_, addresses2_.studentNumber as studentN8_0_2_'
    +-[FROM] FromClause: 'from' FromClause{level=1, fromElementCounter=3, fromElements=3, fromElementByClassAlias=[s, a, p], fromElementByTableAlias=[student0_, course1_, addresses2_], fromElementsByPath=[s.addresses, s.preferredCourse], collectionJoinFromElementsByPath=[], impliedElements=[]}
    |  \-[FROM_FRAGMENT] FromElement: 'Student student0_' FromElement{explicit,not a collection join,not a fetch join,fetch non-lazy properties,classAlias=s,role=null,tableName=Student,tableAlias=student0_,origin=null,columns={,className=org.hibernate.test.querycache.Student}}
    |     +-[JOIN_FRAGMENT] FromElement: 'left outer join Course course1_ on student0_.preferredCourseCode=course1_.courseCode' FromElement{explicit,not a collection join,not a fetch join,fetch non-lazy properties,classAlias=p,role=null,tableName=Course,tableAlias=course1_,origin=Student student0_,columns={student0_.preferredCourseCode ,className=org.hibernate.test.querycache.Course}}
    |     \-[JOIN_FRAGMENT] FromElement: 'left outer join Address addresses2_ on student0_.studentId=addresses2_.studentNumber' FromElement{explicit,not a collection join,not a fetch join,fetch non-lazy properties,classAlias=a,role=org.hibernate.test.querycache.Student.addresses,tableName=Address,tableAlias=addresses2_,origin=Student student0_,columns={student0_.studentId ,className=org.hibernate.test.querycache.Address}}
    \-[ORDER] OrderByClause: 'order'
       \-[DOT] DotNode: 'student0_.studentId' {propertyName=studentNumber,dereferenceType=ALL,propertyPath=studentNumber,path=s.studentNumber,tableAlias=student0_,className=org.hibernate.test.querycache.Student,classAlias=s}
          +-[ALIAS_REF] IdentNode: 'student0_.studentId' {alias=s, className=org.hibernate.test.querycache.Student, tableAlias=student0_}
          \-[IDENT] IdentNode: 'studentNumber' {originalText=studentNumber}

14:18:21,309 DEBUG ErrorCounter:82 - throwQueryException() : no errors
14:18:21,309 DEBUG QueryTranslatorImpl:235 - HQL: from org.hibernate.test.querycache.Student s left join s.preferredCourse p left join s.addresses a order by s.studentNumber
14:18:21,309 DEBUG QueryTranslatorImpl:236 - SQL: select student0_.studentId as studentId4_0_, course1_.courseCode as courseCode1_1_, addresses2_.id as id0_2_, student0_.name_first as name2_4_0_, student0_.name_middle as name3_4_0_, student0_.name_last as name4_4_0_, student0_.preferredCourseCode as preferre5_4_0_, course1_.description as descript2_1_1_, addresses2_.addressType as addressT2_0_2_, addresses2_.street as street0_2_, addresses2_.city as city0_2_, addresses2_.stateProvince as statePro5_0_2_, addresses2_.postalCode as postalCode0_2_, addresses2_.country as country0_2_, addresses2_.studentNumber as studentN8_0_2_ from Student student0_ left outer join Course course1_ on student0_.preferredCourseCode=course1_.courseCode left outer join Address addresses2_ on student0_.studentId=addresses2_.studentNumber order by student0_.studentId
14:18:21,309 DEBUG ErrorCounter:82 - throwQueryException() : no errors
14:18:21,320 DEBUG SQL:104 - 
    select
        student0_.studentId as studentId4_0_,
        course1_.courseCode as courseCode1_1_,
        addresses2_.id as id0_2_,
        student0_.name_first as name2_4_0_,
        student0_.name_middle as name3_4_0_,
        student0_.name_last as name4_4_0_,
        student0_.preferredCourseCode as preferre5_4_0_,
        course1_.description as descript2_1_1_,
        addresses2_.addressType as addressT2_0_2_,
        addresses2_.street as street0_2_,
        addresses2_.city as city0_2_,
        addresses2_.stateProvince as statePro5_0_2_,
        addresses2_.postalCode as postalCode0_2_,
        addresses2_.country as country0_2_,
        addresses2_.studentNumber as studentN8_0_2_ 
    from
        Student student0_ 
    left outer join
        Course course1_ 
            on student0_.preferredCourseCode=course1_.courseCode 
    left outer join
        Address addresses2_ 
            on student0_.studentId=addresses2_.studentNumber 
    order by
        student0_.studentId
14:18:21,321 DEBUG SQL:104 - 
    select
        secretcode0_.studentNumber as studentN1_4_0_,
        secretcode0_.secretCode as secretCode5_0_,
        secretcode0_.i as i0_ 
    from
        Student_secretCodes secretcode0_ 
    where
        secretcode0_.studentNumber=?
14:18:21,367 DEBUG SQL:104 - 
    select
        coursemeet0_.courseCode as courseCode1_1_,
        coursemeet0_.courseCode as courseCode2_1_,
        coursemeet0_.day as day2_1_,
        coursemeet0_.period as period2_1_,
        coursemeet0_.location as location2_1_,
        coursemeet0_.courseCode as courseCode2_0_,
        coursemeet0_.day as day2_0_,
        coursemeet0_.period as period2_0_,
        coursemeet0_.location as location2_0_ 
    from
        CourseMeeting coursemeet0_ 
    where
        coursemeet0_.courseCode=?
14:18:21,368 DEBUG SQL:104 - 
    select
        secretcode0_.studentNumber as studentN1_4_0_,
        secretcode0_.secretCode as secretCode5_0_,
        secretcode0_.i as i0_ 
    from
        Student_secretCodes secretcode0_ 
    where
        secretcode0_.studentNumber=?
14:18:21,369  INFO FailureExpectedHandler:73 - Ignoring expected failure [{}] : {}
14:18:21,371  INFO Configuration:706 - HHH000221: Reading mappings from resource: org/hibernate/test/querycache/Enrolment.hbm.xml
14:18:21,379  INFO DriverManagerConnectionProviderImpl:99 - HHH000402: Using Hibernate built-in connection pool (not for production use!)
14:18:21,380  INFO DriverManagerConnectionProviderImpl:135 - HHH000115: Hibernate connection pool size: 5
14:18:21,380  INFO DriverManagerConnectionProviderImpl:138 - HHH000006: Autocommit mode: false
14:18:21,380  INFO DriverManagerConnectionProviderImpl:153 - HHH000401: using driver [org.h2.Driver] at URL [jdbc:h2:mem:db1;DB_CLOSE_DELAY=-1;MVCC=TRUE]
14:18:21,380  INFO DriverManagerConnectionProviderImpl:158 - HHH000046: Connection properties: {user=sa}
14:18:21,381  INFO Dialect:103 - HHH000400: Using dialect: org.hibernate.dialect.H2Dialect
14:18:21,382  INFO LobCreatorBuilder:94 - HHH000423: Disabling contextual LOB creation as JDBC driver reported JDBC version [3] less than 4
14:18:21,383  INFO TransactionFactoryInitiator:66 - HHH000399: Using default transaction strategy (direct JDBC transactions)
14:18:21,383  INFO ASTQueryTranslatorFactory:48 - HHH000397: Using ASTQueryTranslatorFactory
14:18:21,383  WARN CachingRegionFactory:58 - CachingRegionFactory should be only used for testing.
14:18:21,383  INFO UpdateTimestampsCache:61 - HHH000250: Starting update timestamps cache at region: foo.org.hibernate.cache.spi.UpdateTimestampsCache
14:18:21,384  INFO StandardQueryCache:86 - HHH000248: Starting query cache at region: foo.org.hibernate.cache.internal.StandardQueryCache
14:18:21,393  INFO SchemaExport:343 - HHH000227: Running hbm2ddl schema export
14:18:21,394 DEBUG SchemaExport:353 - Import file not found: /import.sql
14:18:21,394 DEBUG SQL:104 - 
    alter table Address 
        drop constraint FK1ED033D47B5C59E1
14:18:21,395 DEBUG SQL:104 - 
    alter table CourseMeeting 
        drop constraint FKC97EED80AEBBC201
14:18:21,395 DEBUG SQL:104 - 
    alter table Enrolment 
        drop constraint FKEB4882C4EC5C133
14:18:21,395 DEBUG SQL:104 - 
    alter table Enrolment 
        drop constraint FKEB4882C4AEBBC201
14:18:21,395 DEBUG SQL:104 - 
    alter table Student 
        drop constraint FKF3371A1B5679E142
14:18:21,395 DEBUG SQL:104 - 
    alter table Student_secretCodes 
        drop constraint FKAF3CA7327B5C59E1
14:18:21,396 DEBUG SQL:104 - 
    drop table Address if exists
14:18:21,396 DEBUG SQL:104 - 
    drop table Course if exists
14:18:21,397 DEBUG SQL:104 - 
    drop table CourseMeeting if exists
14:18:21,397 DEBUG SQL:104 - 
    drop table Enrolment if exists
14:18:21,397 DEBUG SQL:104 - 
    drop table Student if exists
14:18:21,397 DEBUG SQL:104 - 
    drop table Student_secretCodes if exists
14:18:21,398 DEBUG SQL:104 - 
    create table Address (
        id bigint not null,
        addressType varchar(255),
        street varchar(255),
        city varchar(255),
        stateProvince varchar(255),
        postalCode varchar(255),
        country varchar(255),
        studentNumber bigint,
        primary key (id)
    )
14:18:21,398 DEBUG SQL:104 - 
    create table Course (
        courseCode varchar(255) not null,
        description varchar(255),
        primary key (courseCode)
    )
14:18:21,398 DEBUG SQL:104 - 
    create table CourseMeeting (
        courseCode varchar(255) not null,
        day varchar(255) not null,
        period integer not null,
        location varchar(255) not null,
        primary key (courseCode, day, period, location)
    )
14:18:21,399 DEBUG SQL:104 - 
    create table Enrolment (
        studentId bigint not null,
        courseCode varchar(255) not null,
        semester smallint not null,
        "year" smallint not null,
        primary key (studentId, courseCode)
    )
14:18:21,399 DEBUG SQL:104 - 
    create table Student (
        studentId bigint not null,
        name_first varchar(255) not null,
        name_middle varchar(255),
        name_last varchar(255) not null,
        preferredCourseCode varchar(255),
        primary key (studentId)
    )
14:18:21,399 DEBUG SQL:104 - 
    create table Student_secretCodes (
        studentNumber bigint not null,
        secretCode integer,
        i integer not null,
        primary key (studentNumber, i)
    )
14:18:21,400 DEBUG SQL:104 - 
    alter table Address 
        add constraint FK1ED033D47B5C59E1 
        foreign key (studentNumber) 
        references Student
14:18:21,400 DEBUG SQL:104 - 
    alter table CourseMeeting 
        add constraint FKC97EED80AEBBC201 
        foreign key (courseCode) 
        references Course
14:18:21,401 DEBUG SQL:104 - 
    alter table Enrolment 
        add constraint FKEB4882C4EC5C133 
        foreign key (studentId) 
        references Student
14:18:21,401 DEBUG SQL:104 - 
    alter table Enrolment 
        add constraint FKEB4882C4AEBBC201 
        foreign key (courseCode) 
        references Course
14:18:21,401 DEBUG SQL:104 - 
    alter table Student 
        add constraint FKF3371A1B5679E142 
        foreign key (preferredCourseCode) 
        references Course
14:18:21,402 DEBUG SQL:104 - 
    alter table Student_secretCodes 
        add constraint FKAF3CA7327B5C59E1 
        foreign key (studentNumber) 
        references Student
14:18:21,402  INFO SchemaExport:405 - HHH000230: Schema export complete
14:18:21,403  WARN SessionFactoryImpl:1554 - HHH000008: JTASessionContext being used with JDBCTransactionFactory; auto-flush will not operate correctly with getCurrentSession()
14:18:21,403  INFO CustomRunner:139 - Test: testAliasToEntityMapNoProjectionNullAndNonNullAliasList
14:18:21,404 DEBUG SQL:104 - 
    select
        coursemeet_.courseCode,
        coursemeet_.day,
        coursemeet_.period,
        coursemeet_.location 
    from
        CourseMeeting coursemeet_ 
    where
        coursemeet_.courseCode=? 
        and coursemeet_.day=? 
        and coursemeet_.period=? 
        and coursemeet_.location=?
14:18:21,405 DEBUG SQL:104 - 
    select
        coursemeet_.courseCode,
        coursemeet_.day,
        coursemeet_.period,
        coursemeet_.location 
    from
        CourseMeeting coursemeet_ 
    where
        coursemeet_.courseCode=? 
        and coursemeet_.day=? 
        and coursemeet_.period=? 
        and coursemeet_.location=?
14:18:21,412 DEBUG SQL:104 - 
    select
        max(id) 
    from
        Address
14:18:21,414 DEBUG SQL:104 - 
    insert 
    into
        Course
        (description, courseCode) 
    values
        (?, ?)
14:18:21,414 DEBUG BaseGeneralDataRegion:59 - Caching[foo.org.hibernate.cache.spi.UpdateTimestampsCache] : [Course] -> [5579090990751744]
14:18:21,415 DEBUG SQL:104 - 
    insert 
    into
        CourseMeeting
        (courseCode, day, period, location) 
    values
        (?, ?, ?, ?)
14:18:21,415 DEBUG BaseGeneralDataRegion:59 - Caching[foo.org.hibernate.cache.spi.UpdateTimestampsCache] : [CourseMeeting] -> [5579090990755840]
14:18:21,415 DEBUG SQL:104 - 
    insert 
    into
        CourseMeeting
        (courseCode, day, period, location) 
    values
        (?, ?, ?, ?)
14:18:21,434 DEBUG BaseGeneralDataRegion:59 - Caching[foo.org.hibernate.cache.spi.UpdateTimestampsCache] : [CourseMeeting] -> [5579090990833664]
14:18:21,434 DEBUG SQL:104 - 
    insert 
    into
        Student
        (name_first, name_middle, name_last, preferredCourseCode, studentId) 
    values
        (?, ?, ?, ?, ?)
14:18:21,435 DEBUG BaseGeneralDataRegion:59 - Caching[foo.org.hibernate.cache.spi.UpdateTimestampsCache] : [Student] -> [5579090990837760]
14:18:21,435 DEBUG SQL:104 - 
    insert 
    into
        Address
        (addressType, street, city, stateProvince, postalCode, country, studentNumber, id) 
    values
        (?, ?, ?, ?, ?, ?, ?, ?)
14:18:21,435 DEBUG BaseGeneralDataRegion:59 - Caching[foo.org.hibernate.cache.spi.UpdateTimestampsCache] : [Address] -> [5579090990837761]
14:18:21,435 DEBUG SQL:104 - 
    insert 
    into
        Address
        (addressType, street, city, stateProvince, postalCode, country, studentNumber, id) 
    values
        (?, ?, ?, ?, ?, ?, ?, ?)
14:18:21,441 DEBUG BaseGeneralDataRegion:59 - Caching[foo.org.hibernate.cache.spi.UpdateTimestampsCache] : [Address] -> [5579090990862336]
14:18:21,441 DEBUG SQL:104 - 
    insert 
    into
        Student
        (name_first, name_middle, name_last, preferredCourseCode, studentId) 
    values
        (?, ?, ?, ?, ?)
14:18:21,441 DEBUG BaseGeneralDataRegion:59 - Caching[foo.org.hibernate.cache.spi.UpdateTimestampsCache] : [Student] -> [5579090990862337]
14:18:21,442 DEBUG SQL:104 - 
    insert 
    into
        Enrolment
        (semester, "year", studentId, courseCode) 
    values
        (?, ?, ?, ?)
14:18:21,442 DEBUG BaseGeneralDataRegion:59 - Caching[foo.org.hibernate.cache.spi.UpdateTimestampsCache] : [Enrolment] -> [5579090990866432]
14:18:21,442 DEBUG SQL:104 - 
    insert 
    into
        Enrolment
        (semester, "year", studentId, courseCode) 
    values
        (?, ?, ?, ?)
14:18:21,442 DEBUG BaseGeneralDataRegion:59 - Caching[foo.org.hibernate.cache.spi.UpdateTimestampsCache] : [Enrolment] -> [5579090990866433]
14:18:21,442 DEBUG BaseGeneralDataRegion:59 - Caching[foo.org.hibernate.cache.spi.UpdateTimestampsCache] : [CourseMeeting] -> [5579090990866434]
14:18:21,442 DEBUG BaseGeneralDataRegion:59 - Caching[foo.org.hibernate.cache.spi.UpdateTimestampsCache] : [Enrolment] -> [5579090990866435]
14:18:21,443 DEBUG SQL:104 - 
    update
        Address 
    set
        studentNumber=?,
        addressType=? 
    where
        id=?
14:18:21,443 DEBUG SQL:104 - 
    update
        Address 
    set
        studentNumber=?,
        addressType=? 
    where
        id=?
14:18:21,443 DEBUG BaseGeneralDataRegion:59 - Caching[foo.org.hibernate.cache.spi.UpdateTimestampsCache] : [Address] -> [5579090990870528]
14:18:21,443 DEBUG SQL:104 - 
    insert 
    into
        Student_secretCodes
        (studentNumber, i, secretCode) 
    values
        (?, ?, ?)
14:18:21,443 DEBUG BaseGeneralDataRegion:59 - Caching[foo.org.hibernate.cache.spi.UpdateTimestampsCache] : [Student_secretCodes] -> [5579090990870529]
14:18:21,443 DEBUG BaseGeneralDataRegion:59 - Caching[foo.org.hibernate.cache.spi.UpdateTimestampsCache] : [Enrolment] -> [5579090990870530]
14:18:21,443 DEBUG BaseGeneralDataRegion:59 - Caching[foo.org.hibernate.cache.spi.UpdateTimestampsCache] : [Address] -> [5579090990870531]
14:18:21,444 DEBUG SQL:104 - 
    insert 
    into
        Student_secretCodes
        (studentNumber, i, secretCode) 
    values
        (?, ?, ?)
14:18:21,458 DEBUG SQL:104 - 
    insert 
    into
        Student_secretCodes
        (studentNumber, i, secretCode) 
    values
        (?, ?, ?)
14:18:21,458 DEBUG BaseGeneralDataRegion:59 - Caching[foo.org.hibernate.cache.spi.UpdateTimestampsCache] : [Student_secretCodes] -> [5579090990931968]
14:18:21,459 DEBUG BaseGeneralDataRegion:59 - Caching[foo.org.hibernate.cache.spi.UpdateTimestampsCache] : [Student] -> [5579090745176064]
14:18:21,459 DEBUG BaseGeneralDataRegion:59 - Caching[foo.org.hibernate.cache.spi.UpdateTimestampsCache] : [Course] -> [5579090745176064]
14:18:21,459 DEBUG BaseGeneralDataRegion:59 - Caching[foo.org.hibernate.cache.spi.UpdateTimestampsCache] : [Enrolment] -> [5579090745176064]
14:18:21,459 DEBUG BaseGeneralDataRegion:59 - Caching[foo.org.hibernate.cache.spi.UpdateTimestampsCache] : [Student_secretCodes] -> [5579090745176064]
14:18:21,459 DEBUG BaseGeneralDataRegion:59 - Caching[foo.org.hibernate.cache.spi.UpdateTimestampsCache] : [Address] -> [5579090745176064]
14:18:21,459 DEBUG BaseGeneralDataRegion:59 - Caching[foo.org.hibernate.cache.spi.UpdateTimestampsCache] : [CourseMeeting] -> [5579090745176064]
14:18:21,460 DEBUG QueryTranslatorImpl:265 - parse() - HQL: from org.hibernate.test.querycache.Student s left join s.addresses a left join s.preferredCourse order by s.studentNumber
14:18:21,467 DEBUG QueryTranslatorImpl:283 - --- HQL AST ---
 \-[QUERY] Node: 'query'
    +-[SELECT_FROM] Node: 'SELECT_FROM'
    |  \-[FROM] Node: 'from'
    |     +-[RANGE] Node: 'RANGE'
    |     |  +-[DOT] Node: '.'
    |     |  |  +-[DOT] Node: '.'
    |     |  |  |  +-[DOT] Node: '.'
    |     |  |  |  |  +-[DOT] Node: '.'
    |     |  |  |  |  |  +-[IDENT] Node: 'org'
    |     |  |  |  |  |  \-[IDENT] Node: 'hibernate'
    |     |  |  |  |  \-[IDENT] Node: 'test'
    |     |  |  |  \-[IDENT] Node: 'querycache'
    |     |  |  \-[IDENT] Node: 'Student'
    |     |  \-[ALIAS] Node: 's'
    |     +-[JOIN] Node: 'join'
    |     |  +-[LEFT] Node: 'left'
    |     |  +-[DOT] Node: '.'
    |     |  |  +-[IDENT] Node: 's'
    |     |  |  \-[IDENT] Node: 'addresses'
    |     |  \-[ALIAS] Node: 'a'
    |     \-[JOIN] Node: 'join'
    |        +-[LEFT] Node: 'left'
    |        \-[DOT] Node: '.'
    |           +-[IDENT] Node: 's'
    |           \-[IDENT] Node: 'preferredCourse'
    \-[ORDER] Node: 'order'
       \-[DOT] Node: '.'
          +-[IDENT] Node: 's'
          \-[IDENT] Node: 'studentNumber'

14:18:21,479 DEBUG ErrorCounter:82 - throwQueryException() : no errors
14:18:21,480 DEBUG FromElement:157 - FromClause{level=1} : org.hibernate.test.querycache.Student (s) -> student0_
14:18:21,480 DEBUG FromReferenceNode:74 - Resolved : s -> student0_.studentId
14:18:21,480 DEBUG DotNode:599 - getDataType() : addresses -> org.hibernate.type.MapType(org.hibernate.test.querycache.Student.addresses)
14:18:21,480 DEBUG FromElementFactory:376 - createEntityAssociation() : One to many - path = s.addresses role = org.hibernate.test.querycache.Student.addresses associatedEntityName = org.hibernate.test.querycache.Address
14:18:21,480 DEBUG FromElement:157 - FromClause{level=1} : org.hibernate.test.querycache.Address (a) -> addresses1_
14:18:21,480 DEBUG FromClause:282 - addJoinByPathMap() : s.addresses -> FromElement{explicit,not a collection join,not a fetch join,fetch non-lazy properties,classAlias=a,role=null,tableName=Address,tableAlias=addresses1_,origin=Student student0_,columns={student0_.studentId ,className=org.hibernate.test.querycache.Address}}
14:18:21,480 DEBUG DotNode:308 - dereferenceCollection() : Created new FROM element for s.addresses : Address addresses1_
14:18:21,481 DEBUG FromReferenceNode:74 - Resolved : s.addresses -> .
14:18:21,481 DEBUG HqlSqlWalker:403 - createFromJoinElement() : -- join tree --
 \-[JOIN_FRAGMENT] FromElement: 'Address addresses1_' FromElement{explicit,not a collection join,not a fetch join,fetch non-lazy properties,classAlias=a,role=org.hibernate.test.querycache.Student.addresses,tableName=Address,tableAlias=addresses1_,origin=Student student0_,columns={student0_.studentId ,className=org.hibernate.test.querycache.Address}}

14:18:21,481 DEBUG FromReferenceNode:74 - Resolved : s -> student0_.studentId
14:18:21,481 DEBUG DotNode:599 - getDataType() : preferredCourse -> org.hibernate.type.ManyToOneType(org.hibernate.test.querycache.Course)
14:18:21,481 DEBUG DotNode:389 - dereferenceEntityJoin() : generating join for preferredCourse in org.hibernate.test.querycache.Student (<no alias>) parent = [ {null} ]
14:18:21,481 DEBUG FromElement:157 - FromClause{level=1} : org.hibernate.test.querycache.Course (<no alias>) -> course2_
14:18:21,481 DEBUG FromClause:282 - addJoinByPathMap() : s.preferredCourse -> FromElement{explicit,not a collection join,not a fetch join,fetch non-lazy properties,classAlias=null,role=null,tableName=Course,tableAlias=course2_,origin=Student student0_,columns={student0_.preferredCourseCode ,className=org.hibernate.test.querycache.Course}}
14:18:21,482 DEBUG FromReferenceNode:74 - Resolved : s.preferredCourse -> student0_.preferredCourseCode
14:18:21,482 DEBUG HqlSqlWalker:403 - createFromJoinElement() : -- join tree --
 \-[JOIN_FRAGMENT] FromElement: 'Course course2_' FromElement{explicit,not a collection join,not a fetch join,fetch non-lazy properties,classAlias=null,role=null,tableName=Course,tableAlias=course2_,origin=Student student0_,columns={student0_.preferredCourseCode ,className=org.hibernate.test.querycache.Course}}

14:18:21,506 DEBUG FromReferenceNode:74 - Resolved : s -> student0_.studentId
14:18:21,506 DEBUG DotNode:599 - getDataType() : studentNumber -> org.hibernate.type.LongType@4bf3f9d
14:18:21,506 DEBUG FromReferenceNode:74 - Resolved : s.studentNumber -> student0_.studentId
14:18:21,507 DEBUG HqlSqlWalker:629 - processQuery() :  ( SELECT ( FromClause{level=1} ( Student student0_ Address addresses1_ Course course2_ ) ) ( order ( student0_.studentId student0_.studentId studentNumber ) ) )
14:18:21,507 DEBUG HqlSqlWalker:869 - Derived SELECT clause created.
14:18:21,507 DEBUG JoinProcessor:175 - Using FROM fragment [Student student0_]
14:18:21,507 DEBUG JoinProcessor:175 - Using FROM fragment [left outer join Address addresses1_ on student0_.studentId=addresses1_.studentNumber]
14:18:21,507 DEBUG JoinProcessor:175 - Using FROM fragment [left outer join Course course2_ on student0_.preferredCourseCode=course2_.courseCode]
14:18:21,508 DEBUG QueryTranslatorImpl:252 - --- SQL AST ---
 \-[SELECT] QueryNode: 'SELECT'  querySpaces (Student,Course,Address)
    +-[SELECT_CLAUSE] SelectClause: '{derived select clause}'
    |  +-[SELECT_EXPR] SelectExpressionImpl: 'student0_.studentId as studentId4_0_' {FromElement{explicit,not a collection join,not a fetch join,fetch non-lazy properties,classAlias=s,role=null,tableName=Student,tableAlias=student0_,origin=null,columns={,className=org.hibernate.test.querycache.Student}}}
    |  +-[SELECT_EXPR] SelectExpressionImpl: 'addresses1_.id as id0_1_' {FromElement{explicit,not a collection join,not a fetch join,fetch non-lazy properties,classAlias=a,role=org.hibernate.test.querycache.Student.addresses,tableName=Address,tableAlias=addresses1_,origin=Student student0_,columns={student0_.studentId ,className=org.hibernate.test.querycache.Address}}}
    |  +-[SELECT_EXPR] SelectExpressionImpl: 'course2_.courseCode as courseCode1_2_' {FromElement{explicit,not a collection join,not a fetch join,fetch non-lazy properties,classAlias=null,role=null,tableName=Course,tableAlias=course2_,origin=Student student0_,columns={student0_.preferredCourseCode ,className=org.hibernate.test.querycache.Course}}}
    |  +-[SQL_TOKEN] SqlFragment: 'student0_.name_first as name2_4_0_, student0_.name_middle as name3_4_0_, student0_.name_last as name4_4_0_, student0_.preferredCourseCode as preferre5_4_0_'
    |  +-[SQL_TOKEN] SqlFragment: 'addresses1_.addressType as addressT2_0_1_, addresses1_.street as street0_1_, addresses1_.city as city0_1_, addresses1_.stateProvince as statePro5_0_1_, addresses1_.postalCode as postalCode0_1_, addresses1_.country as country0_1_, addresses1_.studentNumber as studentN8_0_1_'
    |  \-[SQL_TOKEN] SqlFragment: 'course2_.description as descript2_1_2_'
    +-[FROM] FromClause: 'from' FromClause{level=1, fromElementCounter=3, fromElements=3, fromElementByClassAlias=[s, a], fromElementByTableAlias=[student0_, course2_, addresses1_], fromElementsByPath=[s.addresses, s.preferredCourse], collectionJoinFromElementsByPath=[], impliedElements=[]}
    |  \-[FROM_FRAGMENT] FromElement: 'Student student0_' FromElement{explicit,not a collection join,not a fetch join,fetch non-lazy properties,classAlias=s,role=null,tableName=Student,tableAlias=student0_,origin=null,columns={,className=org.hibernate.test.querycache.Student}}
    |     +-[JOIN_FRAGMENT] FromElement: 'left outer join Address addresses1_ on student0_.studentId=addresses1_.studentNumber' FromElement{explicit,not a collection join,not a fetch join,fetch non-lazy properties,classAlias=a,role=org.hibernate.test.querycache.Student.addresses,tableName=Address,tableAlias=addresses1_,origin=Student student0_,columns={student0_.studentId ,className=org.hibernate.test.querycache.Address}}
    |     \-[JOIN_FRAGMENT] FromElement: 'left outer join Course course2_ on student0_.preferredCourseCode=course2_.courseCode' FromElement{explicit,not a collection join,not a fetch join,fetch non-lazy properties,classAlias=null,role=null,tableName=Course,tableAlias=course2_,origin=Student student0_,columns={student0_.preferredCourseCode ,className=org.hibernate.test.querycache.Course}}
    \-[ORDER] OrderByClause: 'order'
       \-[DOT] DotNode: 'student0_.studentId' {propertyName=studentNumber,dereferenceType=ALL,propertyPath=studentNumber,path=s.studentNumber,tableAlias=student0_,className=org.hibernate.test.querycache.Student,classAlias=s}
          +-[ALIAS_REF] IdentNode: 'student0_.studentId' {alias=s, className=org.hibernate.test.querycache.Student, tableAlias=student0_}
          \-[IDENT] IdentNode: 'studentNumber' {originalText=studentNumber}

14:18:21,508 DEBUG ErrorCounter:82 - throwQueryException() : no errors
14:18:21,508 DEBUG QueryTranslatorImpl:235 - HQL: from org.hibernate.test.querycache.Student s left join s.addresses a left join s.preferredCourse order by s.studentNumber
14:18:21,508 DEBUG QueryTranslatorImpl:236 - SQL: select student0_.studentId as studentId4_0_, addresses1_.id as id0_1_, course2_.courseCode as courseCode1_2_, student0_.name_first as name2_4_0_, student0_.name_middle as name3_4_0_, student0_.name_last as name4_4_0_, student0_.preferredCourseCode as preferre5_4_0_, addresses1_.addressType as addressT2_0_1_, addresses1_.street as street0_1_, addresses1_.city as city0_1_, addresses1_.stateProvince as statePro5_0_1_, addresses1_.postalCode as postalCode0_1_, addresses1_.country as country0_1_, addresses1_.studentNumber as studentN8_0_1_, course2_.description as descript2_1_2_ from Student student0_ left outer join Address addresses1_ on student0_.studentId=addresses1_.studentNumber left outer join Course course2_ on student0_.preferredCourseCode=course2_.courseCode order by student0_.studentId
14:18:21,508 DEBUG ErrorCounter:82 - throwQueryException() : no errors
14:18:21,516 DEBUG SQL:104 - 
    select
        student0_.studentId as studentId4_0_,
        addresses1_.id as id0_1_,
        course2_.courseCode as courseCode1_2_,
        student0_.name_first as name2_4_0_,
        student0_.name_middle as name3_4_0_,
        student0_.name_last as name4_4_0_,
        student0_.preferredCourseCode as preferre5_4_0_,
        addresses1_.addressType as addressT2_0_1_,
        addresses1_.street as street0_1_,
        addresses1_.city as city0_1_,
        addresses1_.stateProvince as statePro5_0_1_,
        addresses1_.postalCode as postalCode0_1_,
        addresses1_.country as country0_1_,
        addresses1_.studentNumber as studentN8_0_1_,
        course2_.description as descript2_1_2_ 
    from
        Student student0_ 
    left outer join
        Address addresses1_ 
            on student0_.studentId=addresses1_.studentNumber 
    left outer join
        Course course2_ 
            on student0_.preferredCourseCode=course2_.courseCode 
    order by
        student0_.studentId
14:18:21,517 DEBUG SQL:104 - 
    select
        secretcode0_.studentNumber as studentN1_4_0_,
        secretcode0_.secretCode as secretCode5_0_,
        secretcode0_.i as i0_ 
    from
        Student_secretCodes secretcode0_ 
    where
        secretcode0_.studentNumber=?
14:18:21,526 DEBUG SQL:104 - 
    select
        coursemeet0_.courseCode as courseCode1_1_,
        coursemeet0_.courseCode as courseCode2_1_,
        coursemeet0_.day as day2_1_,
        coursemeet0_.period as period2_1_,
        coursemeet0_.location as location2_1_,
        coursemeet0_.courseCode as courseCode2_0_,
        coursemeet0_.day as day2_0_,
        coursemeet0_.period as period2_0_,
        coursemeet0_.location as location2_0_ 
    from
        CourseMeeting coursemeet0_ 
    where
        coursemeet0_.courseCode=?
14:18:21,526 DEBUG SQL:104 - 
    select
        secretcode0_.studentNumber as studentN1_4_0_,
        secretcode0_.secretCode as secretCode5_0_,
        secretcode0_.i as i0_ 
    from
        Student_secretCodes secretcode0_ 
    where
        secretcode0_.studentNumber=?
14:18:21,536  INFO FailureExpectedHandler:73 - Ignoring expected failure [{}] : {}
14:18:21,538  INFO Configuration:706 - HHH000221: Reading mappings from resource: org/hibernate/test/querycache/Enrolment.hbm.xml
14:18:21,545  INFO DriverManagerConnectionProviderImpl:99 - HHH000402: Using Hibernate built-in connection pool (not for production use!)
14:18:21,546  INFO DriverManagerConnectionProviderImpl:135 - HHH000115: Hibernate connection pool size: 5
14:18:21,546  INFO DriverManagerConnectionProviderImpl:138 - HHH000006: Autocommit mode: false
14:18:21,546  INFO DriverManagerConnectionProviderImpl:153 - HHH000401: using driver [org.h2.Driver] at URL [jdbc:h2:mem:db1;DB_CLOSE_DELAY=-1;MVCC=TRUE]
14:18:21,546  INFO DriverManagerConnectionProviderImpl:158 - HHH000046: Connection properties: {user=sa}
14:18:21,547  INFO Dialect:103 - HHH000400: Using dialect: org.hibernate.dialect.H2Dialect
14:18:21,550  INFO LobCreatorBuilder:94 - HHH000423: Disabling contextual LOB creation as JDBC driver reported JDBC version [3] less than 4
14:18:21,550  INFO TransactionFactoryInitiator:66 - HHH000399: Using default transaction strategy (direct JDBC transactions)
14:18:21,551  INFO ASTQueryTranslatorFactory:48 - HHH000397: Using ASTQueryTranslatorFactory
14:18:21,551  WARN CachingRegionFactory:58 - CachingRegionFactory should be only used for testing.
14:18:21,551  INFO UpdateTimestampsCache:61 - HHH000250: Starting update timestamps cache at region: foo.org.hibernate.cache.spi.UpdateTimestampsCache
14:18:21,551  INFO StandardQueryCache:86 - HHH000248: Starting query cache at region: foo.org.hibernate.cache.internal.StandardQueryCache
14:18:21,559  INFO SchemaExport:343 - HHH000227: Running hbm2ddl schema export
14:18:21,560 DEBUG SchemaExport:353 - Import file not found: /import.sql
14:18:21,560 DEBUG SQL:104 - 
    alter table Address 
        drop constraint FK1ED033D47B5C59E1
14:18:21,561 DEBUG SQL:104 - 
    alter table CourseMeeting 
        drop constraint FKC97EED80AEBBC201
14:18:21,561 DEBUG SQL:104 - 
    alter table Enrolment 
        drop constraint FKEB4882C4EC5C133
14:18:21,561 DEBUG SQL:104 - 
    alter table Enrolment 
        drop constraint FKEB4882C4AEBBC201
14:18:21,561 DEBUG SQL:104 - 
    alter table Student 
        drop constraint FKF3371A1B5679E142
14:18:21,561 DEBUG SQL:104 - 
    alter table Student_secretCodes 
        drop constraint FKAF3CA7327B5C59E1
14:18:21,562 DEBUG SQL:104 - 
    drop table Address if exists
14:18:21,562 DEBUG SQL:104 - 
    drop table Course if exists
14:18:21,562 DEBUG SQL:104 - 
    drop table CourseMeeting if exists
14:18:21,562 DEBUG SQL:104 - 
    drop table Enrolment if exists
14:18:21,563 DEBUG SQL:104 - 
    drop table Student if exists
14:18:21,563 DEBUG SQL:104 - 
    drop table Student_secretCodes if exists
14:18:21,563 DEBUG SQL:104 - 
    create table Address (
        id bigint not null,
        addressType varchar(255),
        street varchar(255),
        city varchar(255),
        stateProvince varchar(255),
        postalCode varchar(255),
        country varchar(255),
        studentNumber bigint,
        primary key (id)
    )
14:18:21,563 DEBUG SQL:104 - 
    create table Course (
        courseCode varchar(255) not null,
        description varchar(255),
        primary key (courseCode)
    )
14:18:21,564 DEBUG SQL:104 - 
    create table CourseMeeting (
        courseCode varchar(255) not null,
        day varchar(255) not null,
        period integer not null,
        location varchar(255) not null,
        primary key (courseCode, day, period, location)
    )
14:18:21,564 DEBUG SQL:104 - 
    create table Enrolment (
        studentId bigint not null,
        courseCode varchar(255) not null,
        semester smallint not null,
        "year" smallint not null,
        primary key (studentId, courseCode)
    )
14:18:21,564 DEBUG SQL:104 - 
    create table Student (
        studentId bigint not null,
        name_first varchar(255) not null,
        name_middle varchar(255),
        name_last varchar(255) not null,
        preferredCourseCode varchar(255),
        primary key (studentId)
    )
14:18:21,569 DEBUG SQL:104 - 
    create table Student_secretCodes (
        studentNumber bigint not null,
        secretCode integer,
        i integer not null,
        primary key (studentNumber, i)
    )
14:18:21,569 DEBUG SQL:104 - 
    alter table Address 
        add constraint FK1ED033D47B5C59E1 
        foreign key (studentNumber) 
        references Student
14:18:21,570 DEBUG SQL:104 - 
    alter table CourseMeeting 
        add constraint FKC97EED80AEBBC201 
        foreign key (courseCode) 
        references Course
14:18:21,570 DEBUG SQL:104 - 
    alter table Enrolment 
        add constraint FKEB4882C4EC5C133 
        foreign key (studentId) 
        references Student
14:18:21,570 DEBUG SQL:104 - 
    alter table Enrolment 
        add constraint FKEB4882C4AEBBC201 
        foreign key (courseCode) 
        references Course
14:18:21,571 DEBUG SQL:104 - 
    alter table Student 
        add constraint FKF3371A1B5679E142 
        foreign key (preferredCourseCode) 
        references Course
14:18:21,571 DEBUG SQL:104 - 
    alter table Student_secretCodes 
        add constraint FKAF3CA7327B5C59E1 
        foreign key (studentNumber) 
        references Student
14:18:21,572  INFO SchemaExport:405 - HHH000230: Schema export complete
14:18:21,572  WARN SessionFactoryImpl:1554 - HHH000008: JTASessionContext being used with JDBCTransactionFactory; auto-flush will not operate correctly with getCurrentSession()
14:18:21,572  INFO CustomRunner:139 - Test: testAliasToEntityMapOneProjectionList
14:18:21,573 DEBUG SQL:104 - 
    select
        coursemeet_.courseCode,
        coursemeet_.day,
        coursemeet_.period,
        coursemeet_.location 
    from
        CourseMeeting coursemeet_ 
    where
        coursemeet_.courseCode=? 
        and coursemeet_.day=? 
        and coursemeet_.period=? 
        and coursemeet_.location=?
14:18:21,574 DEBUG SQL:104 - 
    select
        coursemeet_.courseCode,
        coursemeet_.day,
        coursemeet_.period,
        coursemeet_.location 
    from
        CourseMeeting coursemeet_ 
    where
        coursemeet_.courseCode=? 
        and coursemeet_.day=? 
        and coursemeet_.period=? 
        and coursemeet_.location=?
14:18:21,585 DEBUG SQL:104 - 
    select
        max(id) 
    from
        Address
14:18:21,586 DEBUG SQL:104 - 
    insert 
    into
        Course
        (description, courseCode) 
    values
        (?, ?)
14:18:21,587 DEBUG BaseGeneralDataRegion:59 - Caching[foo.org.hibernate.cache.spi.UpdateTimestampsCache] : [Course] -> [5579090991460352]
14:18:21,587 DEBUG SQL:104 - 
    insert 
    into
        CourseMeeting
        (courseCode, day, period, location) 
    values
        (?, ?, ?, ?)
14:18:21,587 DEBUG BaseGeneralDataRegion:59 - Caching[foo.org.hibernate.cache.spi.UpdateTimestampsCache] : [CourseMeeting] -> [5579090991460353]
14:18:21,587 DEBUG SQL:104 - 
    insert 
    into
        CourseMeeting
        (courseCode, day, period, location) 
    values
        (?, ?, ?, ?)
14:18:21,595 DEBUG BaseGeneralDataRegion:59 - Caching[foo.org.hibernate.cache.spi.UpdateTimestampsCache] : [CourseMeeting] -> [5579090991493120]
14:18:21,595 DEBUG SQL:104 - 
    insert 
    into
        Student
        (name_first, name_middle, name_last, preferredCourseCode, studentId) 
    values
        (?, ?, ?, ?, ?)
14:18:21,596 DEBUG BaseGeneralDataRegion:59 - Caching[foo.org.hibernate.cache.spi.UpdateTimestampsCache] : [Student] -> [5579090991497216]
14:18:21,596 DEBUG SQL:104 - 
    insert 
    into
        Address
        (addressType, street, city, stateProvince, postalCode, country, studentNumber, id) 
    values
        (?, ?, ?, ?, ?, ?, ?, ?)
14:18:21,596 DEBUG BaseGeneralDataRegion:59 - Caching[foo.org.hibernate.cache.spi.UpdateTimestampsCache] : [Address] -> [5579090991497217]
14:18:21,596 DEBUG SQL:104 - 
    insert 
    into
        Address
        (addressType, street, city, stateProvince, postalCode, country, studentNumber, id) 
    values
        (?, ?, ?, ?, ?, ?, ?, ?)
14:18:21,596 DEBUG BaseGeneralDataRegion:59 - Caching[foo.org.hibernate.cache.spi.UpdateTimestampsCache] : [Address] -> [5579090991497218]
14:18:21,596 DEBUG SQL:104 - 
    insert 
    into
        Student
        (name_first, name_middle, name_last, preferredCourseCode, studentId) 
    values
        (?, ?, ?, ?, ?)
14:18:21,597 DEBUG BaseGeneralDataRegion:59 - Caching[foo.org.hibernate.cache.spi.UpdateTimestampsCache] : [Student] -> [5579090991501312]
14:18:21,597 DEBUG SQL:104 - 
    insert 
    into
        Enrolment
        (semester, "year", studentId, courseCode) 
    values
        (?, ?, ?, ?)
14:18:21,618 DEBUG BaseGeneralDataRegion:59 - Caching[foo.org.hibernate.cache.spi.UpdateTimestampsCache] : [Enrolment] -> [5579090991587328]
14:18:21,619 DEBUG SQL:104 - 
    insert 
    into
        Enrolment
        (semester, "year", studentId, courseCode) 
    values
        (?, ?, ?, ?)
14:18:21,619 DEBUG BaseGeneralDataRegion:59 - Caching[foo.org.hibernate.cache.spi.UpdateTimestampsCache] : [Enrolment] -> [5579090991591424]
14:18:21,619 DEBUG BaseGeneralDataRegion:59 - Caching[foo.org.hibernate.cache.spi.UpdateTimestampsCache] : [CourseMeeting] -> [5579090991591425]
14:18:21,619 DEBUG BaseGeneralDataRegion:59 - Caching[foo.org.hibernate.cache.spi.UpdateTimestampsCache] : [Enrolment] -> [5579090991591426]
14:18:21,619 DEBUG SQL:104 - 
    update
        Address 
    set
        studentNumber=?,
        addressType=? 
    where
        id=?
14:18:21,619 DEBUG SQL:104 - 
    update
        Address 
    set
        studentNumber=?,
        addressType=? 
    where
        id=?
14:18:21,620 DEBUG BaseGeneralDataRegion:59 - Caching[foo.org.hibernate.cache.spi.UpdateTimestampsCache] : [Address] -> [5579090991595520]
14:18:21,620 DEBUG SQL:104 - 
    insert 
    into
        Student_secretCodes
        (studentNumber, i, secretCode) 
    values
        (?, ?, ?)
14:18:21,634 DEBUG BaseGeneralDataRegion:59 - Caching[foo.org.hibernate.cache.spi.UpdateTimestampsCache] : [Student_secretCodes] -> [5579090991652864]
14:18:21,634 DEBUG BaseGeneralDataRegion:59 - Caching[foo.org.hibernate.cache.spi.UpdateTimestampsCache] : [Enrolment] -> [5579090991652865]
14:18:21,634 DEBUG BaseGeneralDataRegion:59 - Caching[foo.org.hibernate.cache.spi.UpdateTimestampsCache] : [Address] -> [5579090991652866]
14:18:21,634 DEBUG SQL:104 - 
    insert 
    into
        Student_secretCodes
        (studentNumber, i, secretCode) 
    values
        (?, ?, ?)
14:18:21,634 DEBUG SQL:104 - 
    insert 
    into
        Student_secretCodes
        (studentNumber, i, secretCode) 
    values
        (?, ?, ?)
14:18:21,635 DEBUG BaseGeneralDataRegion:59 - Caching[foo.org.hibernate.cache.spi.UpdateTimestampsCache] : [Student_secretCodes] -> [5579090991656960]
14:18:21,635 DEBUG BaseGeneralDataRegion:59 - Caching[foo.org.hibernate.cache.spi.UpdateTimestampsCache] : [Student] -> [5579090745896961]
14:18:21,635 DEBUG BaseGeneralDataRegion:59 - Caching[foo.org.hibernate.cache.spi.UpdateTimestampsCache] : [Course] -> [5579090745896961]
14:18:21,635 DEBUG BaseGeneralDataRegion:59 - Caching[foo.org.hibernate.cache.spi.UpdateTimestampsCache] : [Enrolment] -> [5579090745896961]
14:18:21,635 DEBUG BaseGeneralDataRegion:59 - Caching[foo.org.hibernate.cache.spi.UpdateTimestampsCache] : [Student_secretCodes] -> [5579090745896961]
14:18:21,635 DEBUG BaseGeneralDataRegion:59 - Caching[foo.org.hibernate.cache.spi.UpdateTimestampsCache] : [Address] -> [5579090745896961]
14:18:21,640 DEBUG BaseGeneralDataRegion:59 - Caching[foo.org.hibernate.cache.spi.UpdateTimestampsCache] : [CourseMeeting] -> [5579090745896961]
14:18:21,641 DEBUG QueryTranslatorImpl:265 - parse() - HQL: select e.student as student from org.hibernate.test.querycache.Enrolment e order by e.studentNumber
14:18:21,642 DEBUG QueryTranslatorImpl:283 - --- HQL AST ---
 \-[QUERY] Node: 'query'
    +-[SELECT_FROM] Node: 'SELECT_FROM'
    |  +-[FROM] Node: 'from'
    |  |  \-[RANGE] Node: 'RANGE'
    |  |     +-[DOT] Node: '.'
    |  |     |  +-[DOT] Node: '.'
    |  |     |  |  +-[DOT] Node: '.'
    |  |     |  |  |  +-[DOT] Node: '.'
    |  |     |  |  |  |  +-[IDENT] Node: 'org'
    |  |     |  |  |  |  \-[IDENT] Node: 'hibernate'
    |  |     |  |  |  \-[IDENT] Node: 'test'
    |  |     |  |  \-[IDENT] Node: 'querycache'
    |  |     |  \-[IDENT] Node: 'Enrolment'
    |  |     \-[ALIAS] Node: 'e'
    |  \-[SELECT] Node: 'select'
    |     \-[AS] Node: 'as'
    |        +-[DOT] Node: '.'
    |        |  +-[IDENT] Node: 'e'
    |        |  \-[IDENT] Node: 'student'
    |        \-[IDENT] Node: 'student'
    \-[ORDER] Node: 'order'
       \-[DOT] Node: '.'
          +-[IDENT] Node: 'e'
          \-[IDENT] Node: 'studentNumber'

14:18:21,652 DEBUG ErrorCounter:82 - throwQueryException() : no errors
14:18:21,653 DEBUG FromElement:157 - FromClause{level=1} : org.hibernate.test.querycache.Enrolment (e) -> enrolment0_
14:18:21,653 DEBUG FromReferenceNode:74 - Resolved : e -> (enrolment0_.studentId, enrolment0_.courseCode)
14:18:21,653 DEBUG DotNode:599 - getDataType() : student -> org.hibernate.type.ManyToOneType(org.hibernate.test.querycache.Student)
14:18:21,654 DEBUG DotNode:389 - dereferenceEntityJoin() : generating join for student in org.hibernate.test.querycache.Enrolment (<no alias>) parent = [ {null} ]
14:18:21,654 DEBUG FromElement:157 - FromClause{level=1} : org.hibernate.test.querycache.Student (<no alias>) -> student1_
14:18:21,654 DEBUG FromClause:282 - addJoinByPathMap() : e.student -> FromElement{explicit,not a collection join,not a fetch join,fetch non-lazy properties,classAlias=null,role=null,tableName=Student,tableAlias=student1_,origin=Enrolment enrolment0_,columns={enrolment0_.studentId ,className=org.hibernate.test.querycache.Student}}
14:18:21,654 DEBUG FromReferenceNode:74 - Resolved : e.student -> enrolment0_.studentId
14:18:21,654 DEBUG FromReferenceNode:74 - Resolved : e -> enrolment0_.studentId, enrolment0_.courseCode
14:18:21,655 DEBUG DotNode:599 - getDataType() : studentNumber -> org.hibernate.type.LongType@4bf3f9d
14:18:21,655 DEBUG FromReferenceNode:74 - Resolved : e.studentNumber -> enrolment0_.studentId
14:18:21,661 DEBUG HqlSqlWalker:629 - processQuery() :  ( SELECT ( {select clause} ( enrolment0_.studentId (enrolment0_.studentId, enrolment0_.courseCode) student ) ) ( FromClause{level=1} ( Enrolment enrolment0_ Student student1_ ) ) ( order ( enrolment0_.studentId enrolment0_.studentId, enrolment0_.courseCode studentNumber ) ) )
14:18:21,661 DEBUG JoinProcessor:175 - Using FROM fragment [Enrolment enrolment0_]
14:18:21,661 DEBUG JoinProcessor:175 - Using FROM fragment [inner join Student student1_ on enrolment0_.studentId=student1_.studentId]
14:18:21,662 DEBUG QueryTranslatorImpl:252 - --- SQL AST ---
 \-[SELECT] QueryNode: 'SELECT'  querySpaces (Student,Enrolment)
    +-[SELECT_CLAUSE] SelectClause: '{select clause}'
    |  +-[DOT] DotNode: 'student1_.studentId as studentId4_' {propertyName=student,dereferenceType=EOF,propertyPath=student,path=e.student,tableAlias=student1_,className=org.hibernate.test.querycache.Student,classAlias=null}
    |  |  +-[ALIAS_REF] IdentNode: '(enrolment0_.studentId, enrolment0_.courseCode)' {alias=e, className=org.hibernate.test.querycache.Enrolment, tableAlias=enrolment0_}
    |  |  \-[IDENT] IdentNode: 'student' {originalText=student}
    |  \-[SQL_TOKEN] SqlFragment: 'student1_.name_first as name2_4_, student1_.name_middle as name3_4_, student1_.name_last as name4_4_, student1_.preferredCourseCode as preferre5_4_'
    +-[FROM] FromClause: 'from' FromClause{level=1, fromElementCounter=2, fromElements=2, fromElementByClassAlias=[e], fromElementByTableAlias=[student1_, enrolment0_], fromElementsByPath=[e.student], collectionJoinFromElementsByPath=[], impliedElements=[]}
    |  \-[FROM_FRAGMENT] FromElement: 'Enrolment enrolment0_' FromElement{explicit,not a collection join,not a fetch join,fetch non-lazy properties,classAlias=e,role=null,tableName=Enrolment,tableAlias=enrolment0_,origin=null,columns={,className=org.hibernate.test.querycache.Enrolment}}
    |     \-[JOIN_FRAGMENT] FromElement: 'inner join Student student1_ on enrolment0_.studentId=student1_.studentId' FromElement{explicit,not a collection join,not a fetch join,fetch non-lazy properties,classAlias=null,role=null,tableName=Student,tableAlias=student1_,origin=Enrolment enrolment0_,columns={enrolment0_.studentId ,className=org.hibernate.test.querycache.Student}}
    \-[ORDER] OrderByClause: 'order'
       \-[DOT] DotNode: 'enrolment0_.studentId' {propertyName=studentNumber,dereferenceType=ALL,propertyPath=studentNumber,path=e.studentNumber,tableAlias=enrolment0_,className=org.hibernate.test.querycache.Enrolment,classAlias=e}
          +-[ALIAS_REF] IdentNode: 'enrolment0_.studentId, enrolment0_.courseCode' {alias=e, className=org.hibernate.test.querycache.Enrolment, tableAlias=enrolment0_}
          \-[IDENT] IdentNode: 'studentNumber' {originalText=studentNumber}

14:18:21,663 DEBUG ErrorCounter:82 - throwQueryException() : no errors
14:18:21,664 DEBUG QueryTranslatorImpl:235 - HQL: select e.student as student from org.hibernate.test.querycache.Enrolment e order by e.studentNumber
14:18:21,664 DEBUG QueryTranslatorImpl:236 - SQL: select student1_.studentId as studentId4_, student1_.name_first as name2_4_, student1_.name_middle as name3_4_, student1_.name_last as name4_4_, student1_.preferredCourseCode as preferre5_4_ from Enrolment enrolment0_ inner join Student student1_ on enrolment0_.studentId=student1_.studentId order by enrolment0_.studentId
14:18:21,664 DEBUG ErrorCounter:82 - throwQueryException() : no errors
14:18:21,664 DEBUG SQL:104 - 
    select
        student1_.studentId as studentId4_,
        student1_.name_first as name2_4_,
        student1_.name_middle as name3_4_,
        student1_.name_last as name4_4_,
        student1_.preferredCourseCode as preferre5_4_ 
    from
        Enrolment enrolment0_ 
    inner join
        Student student1_ 
            on enrolment0_.studentId=student1_.studentId 
    order by
        enrolment0_.studentId
14:18:21,666 DEBUG SQL:104 - 
    select
        secretcode0_.studentNumber as studentN1_4_0_,
        secretcode0_.secretCode as secretCode5_0_,
        secretcode0_.i as i0_ 
    from
        Student_secretCodes secretcode0_ 
    where
        secretcode0_.studentNumber=?
14:18:21,667 DEBUG SQL:104 - 
    select
        secretcode0_.studentNumber as studentN1_4_0_,
        secretcode0_.secretCode as secretCode5_0_,
        secretcode0_.i as i0_ 
    from
        Student_secretCodes secretcode0_ 
    where
        secretcode0_.studentNumber=?
14:18:21,674 DEBUG SQL:104 - 
    select
        student1_.studentId as studentId4_,
        student1_.name_first as name2_4_,
        student1_.name_middle as name3_4_,
        student1_.name_last as name4_4_,
        student1_.preferredCourseCode as preferre5_4_ 
    from
        Enrolment enrolment0_ 
    inner join
        Student student1_ 
            on enrolment0_.studentId=student1_.studentId 
    order by
        enrolment0_.studentId
14:18:21,676 DEBUG SQL:104 - 
    select
        secretcode0_.studentNumber as studentN1_4_0_,
        secretcode0_.secretCode as secretCode5_0_,
        secretcode0_.i as i0_ 
    from
        Student_secretCodes secretcode0_ 
    where
        secretcode0_.studentNumber=?
14:18:21,683 DEBUG SQL:104 - 
    select
        secretcode0_.studentNumber as studentN1_4_0_,
        secretcode0_.secretCode as secretCode5_0_,
        secretcode0_.i as i0_ 
    from
        Student_secretCodes secretcode0_ 
    where
        secretcode0_.studentNumber=?
14:18:21,684 DEBUG SQL:104 - 
    select
        student_.studentId,
        student_.name_first as name2_4_,
        student_.name_middle as name3_4_,
        student_.name_last as name4_4_,
        student_.preferredCourseCode as preferre5_4_ 
    from
        Student student_ 
    where
        student_.studentId=?
14:18:21,685 DEBUG SQL:104 - 
    select
        enrolment_.studentId,
        enrolment_.courseCode,
        enrolment_.semester as semester3_,
        enrolment_."year" as year4_3_ 
    from
        Enrolment enrolment_ 
    where
        enrolment_.studentId=? 
        and enrolment_.courseCode=?
14:18:21,708 DEBUG SQL:104 - 
    select
        course_.courseCode,
        course_.description as descript2_1_ 
    from
        Course course_ 
    where
        course_.courseCode=?
14:18:21,708 DEBUG SQL:104 - 
    select
        student_.studentId,
        student_.name_first as name2_4_,
        student_.name_middle as name3_4_,
        student_.name_last as name4_4_,
        student_.preferredCourseCode as preferre5_4_ 
    from
        Student student_ 
    where
        student_.studentId=?
14:18:21,709 DEBUG SQL:104 - 
    select
        enrolment_.studentId,
        enrolment_.courseCode,
        enrolment_.semester as semester3_,
        enrolment_."year" as year4_3_ 
    from
        Enrolment enrolment_ 
    where
        enrolment_.studentId=? 
        and enrolment_.courseCode=?
14:18:21,709 DEBUG SQL:104 - 
    select
        coursemeet_.courseCode,
        coursemeet_.day,
        coursemeet_.period,
        coursemeet_.location 
    from
        CourseMeeting coursemeet_ 
    where
        coursemeet_.courseCode=? 
        and coursemeet_.day=? 
        and coursemeet_.period=? 
        and coursemeet_.location=?
14:18:21,709 DEBUG SQL:104 - 
    select
        coursemeet_.courseCode,
        coursemeet_.day,
        coursemeet_.period,
        coursemeet_.location 
    from
        CourseMeeting coursemeet_ 
    where
        coursemeet_.courseCode=? 
        and coursemeet_.day=? 
        and coursemeet_.period=? 
        and coursemeet_.location=?
14:18:21,710 DEBUG BaseGeneralDataRegion:59 - Caching[foo.org.hibernate.cache.spi.UpdateTimestampsCache] : [Enrolment] -> [5579090991964160]
14:18:21,723 DEBUG SQL:104 - 
    update
        Address 
    set
        studentNumber=null,
        addressType=null 
    where
        studentNumber=?
14:18:21,724 DEBUG BaseGeneralDataRegion:59 - Caching[foo.org.hibernate.cache.spi.UpdateTimestampsCache] : [Address] -> [5579090992021504]
14:18:21,724 DEBUG SQL:104 - 
    delete 
    from
        Student_secretCodes 
    where
        studentNumber=?
14:18:21,724 DEBUG BaseGeneralDataRegion:59 - Caching[foo.org.hibernate.cache.spi.UpdateTimestampsCache] : [Student_secretCodes] -> [5579090992021505]
14:18:21,724 DEBUG BaseGeneralDataRegion:59 - Caching[foo.org.hibernate.cache.spi.UpdateTimestampsCache] : [Enrolment] -> [5579090992021506]
14:18:21,724 DEBUG BaseGeneralDataRegion:59 - Caching[foo.org.hibernate.cache.spi.UpdateTimestampsCache] : [Address] -> [5579090992021507]
14:18:21,725 DEBUG SQL:104 - 
    delete 
    from
        Student_secretCodes 
    where
        studentNumber=?
14:18:21,725 DEBUG BaseGeneralDataRegion:59 - Caching[foo.org.hibernate.cache.spi.UpdateTimestampsCache] : [Student_secretCodes] -> [5579090992025600]
14:18:21,728 DEBUG BaseGeneralDataRegion:59 - Caching[foo.org.hibernate.cache.spi.UpdateTimestampsCache] : [CourseMeeting] -> [5579090992037888]
14:18:21,729 DEBUG SQL:104 - 
    delete 
    from
        Enrolment 
    where
        studentId=? 
        and courseCode=?
14:18:21,739 DEBUG BaseGeneralDataRegion:59 - Caching[foo.org.hibernate.cache.spi.UpdateTimestampsCache] : [Enrolment] -> [5579090992082944]
14:18:21,739 DEBUG SQL:104 - 
    delete 
    from
        Address 
    where
        id=?
14:18:21,740 DEBUG BaseGeneralDataRegion:59 - Caching[foo.org.hibernate.cache.spi.UpdateTimestampsCache] : [Address] -> [5579090992087040]
14:18:21,740 DEBUG SQL:104 - 
    delete 
    from
        Address 
    where
        id=?
14:18:21,740 DEBUG BaseGeneralDataRegion:59 - Caching[foo.org.hibernate.cache.spi.UpdateTimestampsCache] : [Address] -> [5579090992087041]
14:18:21,740 DEBUG SQL:104 - 
    delete 
    from
        Student 
    where
        studentId=?
14:18:21,740 DEBUG BaseGeneralDataRegion:59 - Caching[foo.org.hibernate.cache.spi.UpdateTimestampsCache] : [Student] -> [5579090992087042]
14:18:21,740 DEBUG SQL:104 - 
    delete 
    from
        Enrolment 
    where
        studentId=? 
        and courseCode=?
14:18:21,740 DEBUG BaseGeneralDataRegion:59 - Caching[foo.org.hibernate.cache.spi.UpdateTimestampsCache] : [Enrolment] -> [5579090992087043]
14:18:21,741 DEBUG SQL:104 - 
    delete 
    from
        Student 
    where
        studentId=?
14:18:21,741 DEBUG BaseGeneralDataRegion:59 - Caching[foo.org.hibernate.cache.spi.UpdateTimestampsCache] : [Student] -> [5579090992091136]
14:18:21,741 DEBUG SQL:104 - 
    delete 
    from
        CourseMeeting 
    where
        courseCode=? 
        and day=? 
        and period=? 
        and location=?
14:18:21,764 DEBUG BaseGeneralDataRegion:59 - Caching[foo.org.hibernate.cache.spi.UpdateTimestampsCache] : [CourseMeeting] -> [5579090992185344]
14:18:21,765 DEBUG SQL:104 - 
    delete 
    from
        CourseMeeting 
    where
        courseCode=? 
        and day=? 
        and period=? 
        and location=?
14:18:21,765 DEBUG BaseGeneralDataRegion:59 - Caching[foo.org.hibernate.cache.spi.UpdateTimestampsCache] : [CourseMeeting] -> [5579090992189440]
14:18:21,765 DEBUG SQL:104 - 
    delete 
    from
        Course 
    where
        courseCode=?
14:18:21,765 DEBUG BaseGeneralDataRegion:59 - Caching[foo.org.hibernate.cache.spi.UpdateTimestampsCache] : [Course] -> [5579090992189441]
14:18:21,766 DEBUG BaseGeneralDataRegion:59 - Caching[foo.org.hibernate.cache.spi.UpdateTimestampsCache] : [Student] -> [5579090746433536]
14:18:21,766 DEBUG BaseGeneralDataRegion:59 - Caching[foo.org.hibernate.cache.spi.UpdateTimestampsCache] : [Course] -> [5579090746433536]
14:18:21,766 DEBUG BaseGeneralDataRegion:59 - Caching[foo.org.hibernate.cache.spi.UpdateTimestampsCache] : [Enrolment] -> [5579090746433536]
14:18:21,766 DEBUG BaseGeneralDataRegion:59 - Caching[foo.org.hibernate.cache.spi.UpdateTimestampsCache] : [Student_secretCodes] -> [5579090746433536]
14:18:21,766 DEBUG BaseGeneralDataRegion:59 - Caching[foo.org.hibernate.cache.spi.UpdateTimestampsCache] : [Address] -> [5579090746433536]
14:18:21,766 DEBUG BaseGeneralDataRegion:59 - Caching[foo.org.hibernate.cache.spi.UpdateTimestampsCache] : [CourseMeeting] -> [5579090746433536]
14:18:21,766  INFO CustomRunner:139 - Test: testEntityWithAliasedJoinFetchedLazyOneToManySingleElementListHql
14:18:21,775 DEBUG SQL:104 - 
    select
        coursemeet_.courseCode,
        coursemeet_.day,
        coursemeet_.period,
        coursemeet_.location 
    from
        CourseMeeting coursemeet_ 
    where
        coursemeet_.courseCode=? 
        and coursemeet_.day=? 
        and coursemeet_.period=? 
        and coursemeet_.location=?
14:18:21,776 DEBUG SQL:104 - 
    select
        coursemeet_.courseCode,
        coursemeet_.day,
        coursemeet_.period,
        coursemeet_.location 
    from
        CourseMeeting coursemeet_ 
    where
        coursemeet_.courseCode=? 
        and coursemeet_.day=? 
        and coursemeet_.period=? 
        and coursemeet_.location=?
14:18:21,777 DEBUG SQL:104 - 
    insert 
    into
        Course
        (description, courseCode) 
    values
        (?, ?)
14:18:21,785 DEBUG BaseGeneralDataRegion:59 - Caching[foo.org.hibernate.cache.spi.UpdateTimestampsCache] : [Course] -> [5579090992271360]
14:18:21,786 DEBUG SQL:104 - 
    insert 
    into
        CourseMeeting
        (courseCode, day, period, location) 
    values
        (?, ?, ?, ?)
14:18:21,786 DEBUG BaseGeneralDataRegion:59 - Caching[foo.org.hibernate.cache.spi.UpdateTimestampsCache] : [CourseMeeting] -> [5579090992275456]
14:18:21,786 DEBUG SQL:104 - 
    insert 
    into
        CourseMeeting
        (courseCode, day, period, location) 
    values
        (?, ?, ?, ?)
14:18:21,786 DEBUG BaseGeneralDataRegion:59 - Caching[foo.org.hibernate.cache.spi.UpdateTimestampsCache] : [CourseMeeting] -> [5579090992275457]
14:18:21,787 DEBUG SQL:104 - 
    insert 
    into
        Student
        (name_first, name_middle, name_last, preferredCourseCode, studentId) 
    values
        (?, ?, ?, ?, ?)
14:18:21,787 DEBUG BaseGeneralDataRegion:59 - Caching[foo.org.hibernate.cache.spi.UpdateTimestampsCache] : [Student] -> [5579090992279552]
14:18:21,787 DEBUG SQL:104 - 
    insert 
    into
        Address
        (addressType, street, city, stateProvince, postalCode, country, studentNumber, id) 
    values
        (?, ?, ?, ?, ?, ?, ?, ?)
14:18:21,797 DEBUG BaseGeneralDataRegion:59 - Caching[foo.org.hibernate.cache.spi.UpdateTimestampsCache] : [Address] -> [5579090992320512]
14:18:21,797 DEBUG SQL:104 - 
    insert 
    into
        Address
        (addressType, street, city, stateProvince, postalCode, country, studentNumber, id) 
    values
        (?, ?, ?, ?, ?, ?, ?, ?)
14:18:21,798 DEBUG BaseGeneralDataRegion:59 - Caching[foo.org.hibernate.cache.spi.UpdateTimestampsCache] : [Address] -> [5579090992324608]
14:18:21,798 DEBUG SQL:104 - 
    insert 
    into
        Student
        (name_first, name_middle, name_last, preferredCourseCode, studentId) 
    values
        (?, ?, ?, ?, ?)
14:18:21,798 DEBUG BaseGeneralDataRegion:59 - Caching[foo.org.hibernate.cache.spi.UpdateTimestampsCache] : [Student] -> [5579090992324609]
14:18:21,798 DEBUG SQL:104 - 
    insert 
    into
        Enrolment
        (semester, "year", studentId, courseCode) 
    values
        (?, ?, ?, ?)
14:18:21,809 DEBUG BaseGeneralDataRegion:59 - Caching[foo.org.hibernate.cache.spi.UpdateTimestampsCache] : [Enrolment] -> [5579090992369664]
14:18:21,809 DEBUG SQL:104 - 
    insert 
    into
        Enrolment
        (semester, "year", studentId, courseCode) 
    values
        (?, ?, ?, ?)
14:18:21,809 DEBUG BaseGeneralDataRegion:59 - Caching[foo.org.hibernate.cache.spi.UpdateTimestampsCache] : [Enrolment] -> [5579090992369665]
14:18:21,810 DEBUG BaseGeneralDataRegion:59 - Caching[foo.org.hibernate.cache.spi.UpdateTimestampsCache] : [CourseMeeting] -> [5579090992373760]
14:18:21,810 DEBUG BaseGeneralDataRegion:59 - Caching[foo.org.hibernate.cache.spi.UpdateTimestampsCache] : [Enrolment] -> [5579090992373761]
14:18:21,810 DEBUG SQL:104 - 
    update
        Address 
    set
        studentNumber=?,
        addressType=? 
    where
        id=?
14:18:21,810 DEBUG SQL:104 - 
    update
        Address 
    set
        studentNumber=?,
        addressType=? 
    where
        id=?
14:18:21,810 DEBUG BaseGeneralDataRegion:59 - Caching[foo.org.hibernate.cache.spi.UpdateTimestampsCache] : [Address] -> [5579090992373762]
14:18:21,810 DEBUG SQL:104 - 
    insert 
    into
        Student_secretCodes
        (studentNumber, i, secretCode) 
    values
        (?, ?, ?)
14:18:21,819 DEBUG BaseGeneralDataRegion:59 - Caching[foo.org.hibernate.cache.spi.UpdateTimestampsCache] : [Student_secretCodes] -> [5579090992410624]
14:18:21,820 DEBUG BaseGeneralDataRegion:59 - Caching[foo.org.hibernate.cache.spi.UpdateTimestampsCache] : [Enrolment] -> [5579090992414720]
14:18:21,820 DEBUG BaseGeneralDataRegion:59 - Caching[foo.org.hibernate.cache.spi.UpdateTimestampsCache] : [Address] -> [5579090992414721]
14:18:21,820 DEBUG SQL:104 - 
    insert 
    into
        Student_secretCodes
        (studentNumber, i, secretCode) 
    values
        (?, ?, ?)
14:18:21,820 DEBUG SQL:104 - 
    insert 
    into
        Student_secretCodes
        (studentNumber, i, secretCode) 
    values
        (?, ?, ?)
14:18:21,820 DEBUG BaseGeneralDataRegion:59 - Caching[foo.org.hibernate.cache.spi.UpdateTimestampsCache] : [Student_secretCodes] -> [5579090992414722]
14:18:21,820 DEBUG BaseGeneralDataRegion:59 - Caching[foo.org.hibernate.cache.spi.UpdateTimestampsCache] : [Student] -> [5579090746654723]
14:18:21,821 DEBUG BaseGeneralDataRegion:59 - Caching[foo.org.hibernate.cache.spi.UpdateTimestampsCache] : [Course] -> [5579090746654723]
14:18:21,829 DEBUG BaseGeneralDataRegion:59 - Caching[foo.org.hibernate.cache.spi.UpdateTimestampsCache] : [Enrolment] -> [5579090746654723]
14:18:21,830 DEBUG BaseGeneralDataRegion:59 - Caching[foo.org.hibernate.cache.spi.UpdateTimestampsCache] : [Student_secretCodes] -> [5579090746654723]
14:18:21,830 DEBUG BaseGeneralDataRegion:59 - Caching[foo.org.hibernate.cache.spi.UpdateTimestampsCache] : [Address] -> [5579090746654723]
14:18:21,830 DEBUG BaseGeneralDataRegion:59 - Caching[foo.org.hibernate.cache.spi.UpdateTimestampsCache] : [CourseMeeting] -> [5579090746654723]
14:18:21,831 DEBUG QueryTranslatorImpl:265 - parse() - HQL: from org.hibernate.test.querycache.Student s left join fetch s.enrolments e order by s.studentNumber
14:18:21,832 DEBUG QueryTranslatorImpl:283 - --- HQL AST ---
 \-[QUERY] Node: 'query'
    +-[SELECT_FROM] Node: 'SELECT_FROM'
    |  \-[FROM] Node: 'from'
    |     +-[RANGE] Node: 'RANGE'
    |     |  +-[DOT] Node: '.'
    |     |  |  +-[DOT] Node: '.'
    |     |  |  |  +-[DOT] Node: '.'
    |     |  |  |  |  +-[DOT] Node: '.'
    |     |  |  |  |  |  +-[IDENT] Node: 'org'
    |     |  |  |  |  |  \-[IDENT] Node: 'hibernate'
    |     |  |  |  |  \-[IDENT] Node: 'test'
    |     |  |  |  \-[IDENT] Node: 'querycache'
    |     |  |  \-[IDENT] Node: 'Student'
    |     |  \-[ALIAS] Node: 's'
    |     \-[JOIN] Node: 'join'
    |        +-[LEFT] Node: 'left'
    |        +-[FETCH] Node: 'fetch'
    |        +-[DOT] Node: '.'
    |        |  +-[IDENT] Node: 's'
    |        |  \-[IDENT] Node: 'enrolments'
    |        \-[ALIAS] Node: 'e'
    \-[ORDER] Node: 'order'
       \-[DOT] Node: '.'
          +-[IDENT] Node: 's'
          \-[IDENT] Node: 'studentNumber'

14:18:21,840 DEBUG ErrorCounter:82 - throwQueryException() : no errors
14:18:21,841 DEBUG FromElement:157 - FromClause{level=1} : org.hibernate.test.querycache.Student (s) -> student0_
14:18:21,841 DEBUG FromReferenceNode:74 - Resolved : s -> student0_.studentId
14:18:21,841 DEBUG DotNode:599 - getDataType() : enrolments -> org.hibernate.type.SetType(org.hibernate.test.querycache.Student.enrolments)
14:18:21,841 DEBUG FromElementFactory:376 - createEntityAssociation() : One to many - path = s.enrolments role = org.hibernate.test.querycache.Student.enrolments associatedEntityName = org.hibernate.test.querycache.Enrolment
14:18:21,841 DEBUG FromElement:157 - FromClause{level=1} : org.hibernate.test.querycache.Enrolment (e) -> enrolments1_
14:18:21,842 DEBUG FromClause:282 - addJoinByPathMap() : s.enrolments -> FromElement{explicit,not a collection join,not a fetch join,fetch non-lazy properties,classAlias=e,role=null,tableName=Enrolment,tableAlias=enrolments1_,origin=Student student0_,columns={student0_.studentId ,className=org.hibernate.test.querycache.Enrolment}}
14:18:21,842 DEBUG DotNode:308 - dereferenceCollection() : Created new FROM element for s.enrolments : Enrolment enrolments1_
14:18:21,842 DEBUG FromReferenceNode:74 - Resolved : s.enrolments -> .
14:18:21,843 DEBUG HqlSqlWalker:403 - createFromJoinElement() : -- join tree --
 \-[JOIN_FRAGMENT] FromElement: 'Enrolment enrolments1_' FromElement{explicit,not a collection join,fetch join,fetch non-lazy properties,classAlias=e,role=org.hibernate.test.querycache.Student.enrolments,tableName=Enrolment,tableAlias=enrolments1_,origin=Student student0_,columns={student0_.studentId ,className=org.hibernate.test.querycache.Enrolment}}

14:18:21,843 DEBUG FromReferenceNode:74 - Resolved : s -> student0_.studentId
14:18:21,843 DEBUG DotNode:599 - getDataType() : studentNumber -> org.hibernate.type.LongType@4bf3f9d
14:18:21,843 DEBUG FromReferenceNode:74 - Resolved : s.studentNumber -> student0_.studentId
14:18:21,843 DEBUG HqlSqlWalker:629 - processQuery() :  ( SELECT ( FromClause{level=1} ( Student student0_ Enrolment enrolments1_ ) ) ( order ( student0_.studentId student0_.studentId studentNumber ) ) )
14:18:21,843 DEBUG HqlSqlWalker:869 - Derived SELECT clause created.
14:18:21,843 DEBUG JoinProcessor:175 - Using FROM fragment [Student student0_]
14:18:21,844 DEBUG JoinProcessor:175 - Using FROM fragment [left outer join Enrolment enrolments1_ on student0_.studentId=enrolments1_.studentId]
14:18:21,844 DEBUG QueryTranslatorImpl:252 - --- SQL AST ---
 \-[SELECT] QueryNode: 'SELECT'  querySpaces (Student,Enrolment)
    +-[SELECT_CLAUSE] SelectClause: '{derived select clause}'
    |  +-[SELECT_EXPR] SelectExpressionImpl: 'student0_.studentId as studentId4_0_' {FromElement{explicit,not a collection join,not a fetch join,fetch non-lazy properties,classAlias=s,role=null,tableName=Student,tableAlias=student0_,origin=null,columns={,className=org.hibernate.test.querycache.Student}}}
    |  +-[SELECT_EXPR] SelectExpressionImpl: 'enrolments1_.studentId as studentId3_1_, enrolments1_.courseCode as courseCode3_1_' {FromElement{explicit,not a collection join,fetch join,fetch non-lazy properties,classAlias=e,role=org.hibernate.test.querycache.Student.enrolments,tableName=Enrolment,tableAlias=enrolments1_,origin=Student student0_,columns={student0_.studentId ,className=org.hibernate.test.querycache.Enrolment}}}
    |  +-[SQL_TOKEN] SqlFragment: 'student0_.name_first as name2_4_0_, student0_.name_middle as name3_4_0_, student0_.name_last as name4_4_0_, student0_.preferredCourseCode as preferre5_4_0_'
    |  +-[SQL_TOKEN] SqlFragment: 'enrolments1_.semester as semester3_1_, enrolments1_."year" as year4_3_1_'
    |  \-[SQL_TOKEN] SqlFragment: 'enrolments1_.studentId as studentId4_0__, enrolments1_.studentId as studentId3_0__, enrolments1_.courseCode as courseCode3_0__'
    +-[FROM] FromClause: 'from' FromClause{level=1, fromElementCounter=2, fromElements=2, fromElementByClassAlias=[e, s], fromElementByTableAlias=[student0_, enrolments1_], fromElementsByPath=[s.enrolments], collectionJoinFromElementsByPath=[], impliedElements=[]}
    |  \-[FROM_FRAGMENT] FromElement: 'Student student0_' FromElement{explicit,not a collection join,not a fetch join,fetch non-lazy properties,classAlias=s,role=null,tableName=Student,tableAlias=student0_,origin=null,columns={,className=org.hibernate.test.querycache.Student}}
    |     \-[JOIN_FRAGMENT] FromElement: 'left outer join Enrolment enrolments1_ on student0_.studentId=enrolments1_.studentId' FromElement{explicit,not a collection join,fetch join,fetch non-lazy properties,classAlias=e,role=org.hibernate.test.querycache.Student.enrolments,tableName=Enrolment,tableAlias=enrolments1_,origin=Student student0_,columns={student0_.studentId ,className=org.hibernate.test.querycache.Enrolment}}
    \-[ORDER] OrderByClause: 'order'
       \-[DOT] DotNode: 'student0_.studentId' {propertyName=studentNumber,dereferenceType=ALL,propertyPath=studentNumber,path=s.studentNumber,tableAlias=student0_,className=org.hibernate.test.querycache.Student,classAlias=s}
          +-[ALIAS_REF] IdentNode: 'student0_.studentId' {alias=s, className=org.hibernate.test.querycache.Student, tableAlias=student0_}
          \-[IDENT] IdentNode: 'studentNumber' {originalText=studentNumber}

14:18:21,844 DEBUG ErrorCounter:82 - throwQueryException() : no errors
14:18:21,844 DEBUG QueryTranslatorImpl:235 - HQL: from org.hibernate.test.querycache.Student s left join fetch s.enrolments e order by s.studentNumber
14:18:21,844 DEBUG QueryTranslatorImpl:236 - SQL: select student0_.studentId as studentId4_0_, enrolments1_.studentId as studentId3_1_, enrolments1_.courseCode as courseCode3_1_, student0_.name_first as name2_4_0_, student0_.name_middle as name3_4_0_, student0_.name_last as name4_4_0_, student0_.preferredCourseCode as preferre5_4_0_, enrolments1_.semester as semester3_1_, enrolments1_."year" as year4_3_1_, enrolments1_.studentId as studentId4_0__, enrolments1_.studentId as studentId3_0__, enrolments1_.courseCode as courseCode3_0__ from Student student0_ left outer join Enrolment enrolments1_ on student0_.studentId=enrolments1_.studentId order by student0_.studentId
14:18:21,844 DEBUG ErrorCounter:82 - throwQueryException() : no errors
14:18:21,845 DEBUG SQL:104 - 
    select
        student0_.studentId as studentId4_0_,
        enrolments1_.studentId as studentId3_1_,
        enrolments1_.courseCode as courseCode3_1_,
        student0_.name_first as name2_4_0_,
        student0_.name_middle as name3_4_0_,
        student0_.name_last as name4_4_0_,
        student0_.preferredCourseCode as preferre5_4_0_,
        enrolments1_.semester as semester3_1_,
        enrolments1_."year" as year4_3_1_,
        enrolments1_.studentId as studentId4_0__,
        enrolments1_.studentId as studentId3_0__,
        enrolments1_.courseCode as courseCode3_0__ 
    from
        Student student0_ 
    left outer join
        Enrolment enrolments1_ 
            on student0_.studentId=enrolments1_.studentId 
    order by
        student0_.studentId
14:18:21,855 DEBUG SQL:104 - 
    select
        course0_.courseCode as courseCode1_0_,
        course0_.description as descript2_1_0_ 
    from
        Course course0_ 
    where
        course0_.courseCode=?
14:18:21,856 DEBUG SQL:104 - 
    select
        secretcode0_.studentNumber as studentN1_4_0_,
        secretcode0_.secretCode as secretCode5_0_,
        secretcode0_.i as i0_ 
    from
        Student_secretCodes secretcode0_ 
    where
        secretcode0_.studentNumber=?
14:18:21,857 DEBUG SQL:104 - 
    select
        coursemeet0_.courseCode as courseCode1_1_,
        coursemeet0_.courseCode as courseCode2_1_,
        coursemeet0_.day as day2_1_,
        coursemeet0_.period as period2_1_,
        coursemeet0_.location as location2_1_,
        coursemeet0_.courseCode as courseCode2_0_,
        coursemeet0_.day as day2_0_,
        coursemeet0_.period as period2_0_,
        coursemeet0_.location as location2_0_ 
    from
        CourseMeeting coursemeet0_ 
    where
        coursemeet0_.courseCode=?
14:18:21,865 DEBUG SQL:104 - 
    select
        secretcode0_.studentNumber as studentN1_4_0_,
        secretcode0_.secretCode as secretCode5_0_,
        secretcode0_.i as i0_ 
    from
        Student_secretCodes secretcode0_ 
    where
        secretcode0_.studentNumber=?
14:18:21,866 DEBUG SQL:104 - 
    select
        student0_.studentId as studentId4_0_,
        enrolments1_.studentId as studentId3_1_,
        enrolments1_.courseCode as courseCode3_1_,
        student0_.name_first as name2_4_0_,
        student0_.name_middle as name3_4_0_,
        student0_.name_last as name4_4_0_,
        student0_.preferredCourseCode as preferre5_4_0_,
        enrolments1_.semester as semester3_1_,
        enrolments1_."year" as year4_3_1_,
        enrolments1_.studentId as studentId4_0__,
        enrolments1_.studentId as studentId3_0__,
        enrolments1_.courseCode as courseCode3_0__ 
    from
        Student student0_ 
    left outer join
        Enrolment enrolments1_ 
            on student0_.studentId=enrolments1_.studentId 
    order by
        student0_.studentId
14:18:21,868 DEBUG SQL:104 - 
    select
        course0_.courseCode as courseCode1_0_,
        course0_.description as descript2_1_0_ 
    from
        Course course0_ 
    where
        course0_.courseCode=?
14:18:21,868 DEBUG SQL:104 - 
    select
        secretcode0_.studentNumber as studentN1_4_0_,
        secretcode0_.secretCode as secretCode5_0_,
        secretcode0_.i as i0_ 
    from
        Student_secretCodes secretcode0_ 
    where
        secretcode0_.studentNumber=?
14:18:21,888 DEBUG SQL:104 - 
    select
        coursemeet0_.courseCode as courseCode1_1_,
        coursemeet0_.courseCode as courseCode2_1_,
        coursemeet0_.day as day2_1_,
        coursemeet0_.period as period2_1_,
        coursemeet0_.location as location2_1_,
        coursemeet0_.courseCode as courseCode2_0_,
        coursemeet0_.day as day2_0_,
        coursemeet0_.period as period2_0_,
        coursemeet0_.location as location2_0_ 
    from
        CourseMeeting coursemeet0_ 
    where
        coursemeet0_.courseCode=?
14:18:21,890 DEBUG SQL:104 - 
    select
        secretcode0_.studentNumber as studentN1_4_0_,
        secretcode0_.secretCode as secretCode5_0_,
        secretcode0_.i as i0_ 
    from
        Student_secretCodes secretcode0_ 
    where
        secretcode0_.studentNumber=?
14:18:21,891 DEBUG SQL:104 - 
    select
        student_.studentId,
        student_.name_first as name2_4_,
        student_.name_middle as name3_4_,
        student_.name_last as name4_4_,
        student_.preferredCourseCode as preferre5_4_ 
    from
        Student student_ 
    where
        student_.studentId=?
14:18:21,891 DEBUG SQL:104 - 
    select
        enrolment_.studentId,
        enrolment_.courseCode,
        enrolment_.semester as semester3_,
        enrolment_."year" as year4_3_ 
    from
        Enrolment enrolment_ 
    where
        enrolment_.studentId=? 
        and enrolment_.courseCode=?
14:18:21,892 DEBUG SQL:104 - 
    select
        course_.courseCode,
        course_.description as descript2_1_ 
    from
        Course course_ 
    where
        course_.courseCode=?
14:18:21,892 DEBUG SQL:104 - 
    select
        student_.studentId,
        student_.name_first as name2_4_,
        student_.name_middle as name3_4_,
        student_.name_last as name4_4_,
        student_.preferredCourseCode as preferre5_4_ 
    from
        Student student_ 
    where
        student_.studentId=?
14:18:21,892 DEBUG SQL:104 - 
    select
        enrolment_.studentId,
        enrolment_.courseCode,
        enrolment_.semester as semester3_,
        enrolment_."year" as year4_3_ 
    from
        Enrolment enrolment_ 
    where
        enrolment_.studentId=? 
        and enrolment_.courseCode=?
14:18:21,911 DEBUG SQL:104 - 
    select
        coursemeet_.courseCode,
        coursemeet_.day,
        coursemeet_.period,
        coursemeet_.location 
    from
        CourseMeeting coursemeet_ 
    where
        coursemeet_.courseCode=? 
        and coursemeet_.day=? 
        and coursemeet_.period=? 
        and coursemeet_.location=?
14:18:21,912 DEBUG SQL:104 - 
    select
        coursemeet_.courseCode,
        coursemeet_.day,
        coursemeet_.period,
        coursemeet_.location 
    from
        CourseMeeting coursemeet_ 
    where
        coursemeet_.courseCode=? 
        and coursemeet_.day=? 
        and coursemeet_.period=? 
        and coursemeet_.location=?
14:18:21,922 DEBUG BaseGeneralDataRegion:59 - Caching[foo.org.hibernate.cache.spi.UpdateTimestampsCache] : [Enrolment] -> [5579090992832512]
14:18:21,922 DEBUG SQL:104 - 
    update
        Address 
    set
        studentNumber=null,
        addressType=null 
    where
        studentNumber=?
14:18:21,922 DEBUG BaseGeneralDataRegion:59 - Caching[foo.org.hibernate.cache.spi.UpdateTimestampsCache] : [Address] -> [5579090992832513]
14:18:21,922 DEBUG SQL:104 - 
    delete 
    from
        Student_secretCodes 
    where
        studentNumber=?
14:18:21,922 DEBUG BaseGeneralDataRegion:59 - Caching[foo.org.hibernate.cache.spi.UpdateTimestampsCache] : [Student_secretCodes] -> [5579090992832514]
14:18:21,923 DEBUG BaseGeneralDataRegion:59 - Caching[foo.org.hibernate.cache.spi.UpdateTimestampsCache] : [Enrolment] -> [5579090992836608]
14:18:21,923 DEBUG BaseGeneralDataRegion:59 - Caching[foo.org.hibernate.cache.spi.UpdateTimestampsCache] : [Address] -> [5579090992836609]
14:18:21,923 DEBUG SQL:104 - 
    delete 
    from
        Student_secretCodes 
    where
        studentNumber=?
14:18:21,932 DEBUG BaseGeneralDataRegion:59 - Caching[foo.org.hibernate.cache.spi.UpdateTimestampsCache] : [Student_secretCodes] -> [5579090992873472]
14:18:21,932 DEBUG BaseGeneralDataRegion:59 - Caching[foo.org.hibernate.cache.spi.UpdateTimestampsCache] : [CourseMeeting] -> [5579090992873473]
14:18:21,932 DEBUG SQL:104 - 
    delete 
    from
        Enrolment 
    where
        studentId=? 
        and courseCode=?
14:18:21,933 DEBUG BaseGeneralDataRegion:59 - Caching[foo.org.hibernate.cache.spi.UpdateTimestampsCache] : [Enrolment] -> [5579090992877568]
14:18:21,933 DEBUG SQL:104 - 
    delete 
    from
        Address 
    where
        id=?
14:18:21,933 DEBUG BaseGeneralDataRegion:59 - Caching[foo.org.hibernate.cache.spi.UpdateTimestampsCache] : [Address] -> [5579090992877569]
14:18:21,933 DEBUG SQL:104 - 
    delete 
    from
        Address 
    where
        id=?
14:18:21,934 DEBUG BaseGeneralDataRegion:59 - Caching[foo.org.hibernate.cache.spi.UpdateTimestampsCache] : [Address] -> [5579090992881664]
14:18:21,934 DEBUG SQL:104 - 
    delete 
    from
        Student 
    where
        studentId=?
14:18:21,943 DEBUG BaseGeneralDataRegion:59 - Caching[foo.org.hibernate.cache.spi.UpdateTimestampsCache] : [Student] -> [5579090992918528]
14:18:21,943 DEBUG SQL:104 - 
    delete 
    from
        Enrolment 
    where
        studentId=? 
        and courseCode=?
14:18:21,943 DEBUG BaseGeneralDataRegion:59 - Caching[foo.org.hibernate.cache.spi.UpdateTimestampsCache] : [Enrolment] -> [5579090992918529]
14:18:21,944 DEBUG SQL:104 - 
    delete 
    from
        Student 
    where
        studentId=?
14:18:21,944 DEBUG BaseGeneralDataRegion:59 - Caching[foo.org.hibernate.cache.spi.UpdateTimestampsCache] : [Student] -> [5579090992922624]
14:18:21,944 DEBUG SQL:104 - 
    delete 
    from
        CourseMeeting 
    where
        courseCode=? 
        and day=? 
        and period=? 
        and location=?
14:18:21,944 DEBUG BaseGeneralDataRegion:59 - Caching[foo.org.hibernate.cache.spi.UpdateTimestampsCache] : [CourseMeeting] -> [5579090992922625]
14:18:21,944 DEBUG SQL:104 - 
    delete 
    from
        CourseMeeting 
    where
        courseCode=? 
        and day=? 
        and period=? 
        and location=?
14:18:21,955 DEBUG BaseGeneralDataRegion:59 - Caching[foo.org.hibernate.cache.spi.UpdateTimestampsCache] : [CourseMeeting] -> [5579090992967680]
14:18:21,955 DEBUG SQL:104 - 
    delete 
    from
        Course 
    where
        courseCode=?
14:18:21,955 DEBUG BaseGeneralDataRegion:59 - Caching[foo.org.hibernate.cache.spi.UpdateTimestampsCache] : [Course] -> [5579090992967681]
14:18:21,956 DEBUG BaseGeneralDataRegion:59 - Caching[foo.org.hibernate.cache.spi.UpdateTimestampsCache] : [Student] -> [5579090747211776]
14:18:21,956 DEBUG BaseGeneralDataRegion:59 - Caching[foo.org.hibernate.cache.spi.UpdateTimestampsCache] : [Course] -> [5579090747211776]
14:18:21,956 DEBUG BaseGeneralDataRegion:59 - Caching[foo.org.hibernate.cache.spi.UpdateTimestampsCache] : [Enrolment] -> [5579090747211776]
14:18:21,956 DEBUG BaseGeneralDataRegion:59 - Caching[foo.org.hibernate.cache.spi.UpdateTimestampsCache] : [Student_secretCodes] -> [5579090747211776]
14:18:21,956 DEBUG BaseGeneralDataRegion:59 - Caching[foo.org.hibernate.cache.spi.UpdateTimestampsCache] : [Address] -> [5579090747211776]
14:18:21,956 DEBUG BaseGeneralDataRegion:59 - Caching[foo.org.hibernate.cache.spi.UpdateTimestampsCache] : [CourseMeeting] -> [5579090747211776]
14:18:21,957  INFO CustomRunner:139 - Test: testEntityWithJoinFetchedLazyManyToOneList
14:18:21,958 DEBUG SQL:104 - 
    select
        coursemeet_.courseCode,
        coursemeet_.day,
        coursemeet_.period,
        coursemeet_.location 
    from
        CourseMeeting coursemeet_ 
    where
        coursemeet_.courseCode=? 
        and coursemeet_.day=? 
        and coursemeet_.period=? 
        and coursemeet_.location=?
14:18:21,971 DEBUG SQL:104 - 
    select
        coursemeet_.courseCode,
        coursemeet_.day,
        coursemeet_.period,
        coursemeet_.location 
    from
        CourseMeeting coursemeet_ 
    where
        coursemeet_.courseCode=? 
        and coursemeet_.day=? 
        and coursemeet_.period=? 
        and coursemeet_.location=?
14:18:21,973 DEBUG SQL:104 - 
    insert 
    into
        Course
        (description, courseCode) 
    values
        (?, ?)
14:18:21,973 DEBUG BaseGeneralDataRegion:59 - Caching[foo.org.hibernate.cache.spi.UpdateTimestampsCache] : [Course] -> [5579090993041408]
14:18:21,974 DEBUG SQL:104 - 
    insert 
    into
        CourseMeeting
        (courseCode, day, period, location) 
    values
        (?, ?, ?, ?)
14:18:21,974 DEBUG BaseGeneralDataRegion:59 - Caching[foo.org.hibernate.cache.spi.UpdateTimestampsCache] : [CourseMeeting] -> [5579090993045504]
14:18:21,974 DEBUG SQL:104 - 
    insert 
    into
        CourseMeeting
        (courseCode, day, period, location) 
    values
        (?, ?, ?, ?)
14:18:21,975 DEBUG BaseGeneralDataRegion:59 - Caching[foo.org.hibernate.cache.spi.UpdateTimestampsCache] : [CourseMeeting] -> [5579090993049600]
14:18:21,975 DEBUG SQL:104 - 
    insert 
    into
        Student
        (name_first, name_middle, name_last, preferredCourseCode, studentId) 
    values
        (?, ?, ?, ?, ?)
14:18:21,975 DEBUG BaseGeneralDataRegion:59 - Caching[foo.org.hibernate.cache.spi.UpdateTimestampsCache] : [Student] -> [5579090993049601]
14:18:21,975 DEBUG SQL:104 - 
    insert 
    into
        Address
        (addressType, street, city, stateProvince, postalCode, country, studentNumber, id) 
    values
        (?, ?, ?, ?, ?, ?, ?, ?)
14:18:21,991 DEBUG BaseGeneralDataRegion:59 - Caching[foo.org.hibernate.cache.spi.UpdateTimestampsCache] : [Address] -> [5579090993115136]
14:18:21,991 DEBUG SQL:104 - 
    insert 
    into
        Address
        (addressType, street, city, stateProvince, postalCode, country, studentNumber, id) 
    values
        (?, ?, ?, ?, ?, ?, ?, ?)
14:18:21,992 DEBUG BaseGeneralDataRegion:59 - Caching[foo.org.hibernate.cache.spi.UpdateTimestampsCache] : [Address] -> [5579090993119232]
14:18:21,992 DEBUG SQL:104 - 
    insert 
    into
        Student
        (name_first, name_middle, name_last, preferredCourseCode, studentId) 
    values
        (?, ?, ?, ?, ?)
14:18:21,992 DEBUG BaseGeneralDataRegion:59 - Caching[foo.org.hibernate.cache.spi.UpdateTimestampsCache] : [Student] -> [5579090993119233]
14:18:21,992 DEBUG SQL:104 - 
    insert 
    into
        Enrolment
        (semester, "year", studentId, courseCode) 
    values
        (?, ?, ?, ?)
14:18:21,992 DEBUG BaseGeneralDataRegion:59 - Caching[foo.org.hibernate.cache.spi.UpdateTimestampsCache] : [Enrolment] -> [5579090993119234]
14:18:21,992 DEBUG SQL:104 - 
    insert 
    into
        Enrolment
        (semester, "year", studentId, courseCode) 
    values
        (?, ?, ?, ?)
14:18:22,001 DEBUG BaseGeneralDataRegion:59 - Caching[foo.org.hibernate.cache.spi.UpdateTimestampsCache] : [Enrolment] -> [5579090993156096]
14:18:22,001 DEBUG BaseGeneralDataRegion:59 - Caching[foo.org.hibernate.cache.spi.UpdateTimestampsCache] : [CourseMeeting] -> [5579090993156097]
14:18:22,002 DEBUG BaseGeneralDataRegion:59 - Caching[foo.org.hibernate.cache.spi.UpdateTimestampsCache] : [Enrolment] -> [5579090993160192]
14:18:22,002 DEBUG SQL:104 - 
    update
        Address 
    set
        studentNumber=?,
        addressType=? 
    where
        id=?
14:18:22,003 DEBUG SQL:104 - 
    update
        Address 
    set
        studentNumber=?,
        addressType=? 
    where
        id=?
14:18:22,003 DEBUG BaseGeneralDataRegion:59 - Caching[foo.org.hibernate.cache.spi.UpdateTimestampsCache] : [Address] -> [5579090993164288]
14:18:22,003 DEBUG SQL:104 - 
    insert 
    into
        Student_secretCodes
        (studentNumber, i, secretCode) 
    values
        (?, ?, ?)
14:18:22,003 DEBUG BaseGeneralDataRegion:59 - Caching[foo.org.hibernate.cache.spi.UpdateTimestampsCache] : [Student_secretCodes] -> [5579090993164289]
14:18:22,003 DEBUG BaseGeneralDataRegion:59 - Caching[foo.org.hibernate.cache.spi.UpdateTimestampsCache] : [Enrolment] -> [5579090993164290]
14:18:22,003 DEBUG BaseGeneralDataRegion:59 - Caching[foo.org.hibernate.cache.spi.UpdateTimestampsCache] : [Address] -> [5579090993164291]
14:18:22,003 DEBUG SQL:104 - 
    insert 
    into
        Student_secretCodes
        (studentNumber, i, secretCode) 
    values
        (?, ?, ?)
14:18:22,004 DEBUG SQL:104 - 
    insert 
    into
        Student_secretCodes
        (studentNumber, i, secretCode) 
    values
        (?, ?, ?)
14:18:22,021 DEBUG BaseGeneralDataRegion:59 - Caching[foo.org.hibernate.cache.spi.UpdateTimestampsCache] : [Student_secretCodes] -> [5579090993238016]
14:18:22,022 DEBUG BaseGeneralDataRegion:59 - Caching[foo.org.hibernate.cache.spi.UpdateTimestampsCache] : [Student] -> [5579090747482112]
14:18:22,022 DEBUG BaseGeneralDataRegion:59 - Caching[foo.org.hibernate.cache.spi.UpdateTimestampsCache] : [Course] -> [5579090747482112]
14:18:22,022 DEBUG BaseGeneralDataRegion:59 - Caching[foo.org.hibernate.cache.spi.UpdateTimestampsCache] : [Enrolment] -> [5579090747482112]
14:18:22,022 DEBUG BaseGeneralDataRegion:59 - Caching[foo.org.hibernate.cache.spi.UpdateTimestampsCache] : [Student_secretCodes] -> [5579090747482112]
14:18:22,022 DEBUG BaseGeneralDataRegion:59 - Caching[foo.org.hibernate.cache.spi.UpdateTimestampsCache] : [Address] -> [5579090747482112]
14:18:22,022 DEBUG BaseGeneralDataRegion:59 - Caching[foo.org.hibernate.cache.spi.UpdateTimestampsCache] : [CourseMeeting] -> [5579090747482112]
14:18:22,023 DEBUG QueryTranslatorImpl:265 - parse() - HQL: from org.hibernate.test.querycache.Student s left join fetch s.preferredCourse order by s.studentNumber
14:18:22,024 DEBUG QueryTranslatorImpl:283 - --- HQL AST ---
 \-[QUERY] Node: 'query'
    +-[SELECT_FROM] Node: 'SELECT_FROM'
    |  \-[FROM] Node: 'from'
    |     +-[RANGE] Node: 'RANGE'
    |     |  +-[DOT] Node: '.'
    |     |  |  +-[DOT] Node: '.'
    |     |  |  |  +-[DOT] Node: '.'
    |     |  |  |  |  +-[DOT] Node: '.'
    |     |  |  |  |  |  +-[IDENT] Node: 'org'
    |     |  |  |  |  |  \-[IDENT] Node: 'hibernate'
    |     |  |  |  |  \-[IDENT] Node: 'test'
    |     |  |  |  \-[IDENT] Node: 'querycache'
    |     |  |  \-[IDENT] Node: 'Student'
    |     |  \-[ALIAS] Node: 's'
    |     \-[JOIN] Node: 'join'
    |        +-[LEFT] Node: 'left'
    |        +-[FETCH] Node: 'fetch'
    |        \-[DOT] Node: '.'
    |           +-[IDENT] Node: 's'
    |           \-[IDENT] Node: 'preferredCourse'
    \-[ORDER] Node: 'order'
       \-[DOT] Node: '.'
          +-[IDENT] Node: 's'
          \-[IDENT] Node: 'studentNumber'

14:18:22,040 DEBUG ErrorCounter:82 - throwQueryException() : no errors
14:18:22,040 DEBUG FromElement:157 - FromClause{level=1} : org.hibernate.test.querycache.Student (s) -> student0_
14:18:22,040 DEBUG FromReferenceNode:74 - Resolved : s -> student0_.studentId
14:18:22,041 DEBUG DotNode:599 - getDataType() : preferredCourse -> org.hibernate.type.ManyToOneType(org.hibernate.test.querycache.Course)
14:18:22,041 DEBUG DotNode:389 - dereferenceEntityJoin() : generating join for preferredCourse in org.hibernate.test.querycache.Student (<no alias>) parent = [ {null} ]
14:18:22,041 DEBUG FromElement:157 - FromClause{level=1} : org.hibernate.test.querycache.Course (<no alias>) -> course1_
14:18:22,041 DEBUG FromClause:282 - addJoinByPathMap() : s.preferredCourse -> FromElement{explicit,not a collection join,not a fetch join,fetch non-lazy properties,classAlias=null,role=null,tableName=Course,tableAlias=course1_,origin=Student student0_,columns={student0_.preferredCourseCode ,className=org.hibernate.test.querycache.Course}}
14:18:22,041 DEBUG FromReferenceNode:74 - Resolved : s.preferredCourse -> student0_.preferredCourseCode
14:18:22,041 DEBUG HqlSqlWalker:403 - createFromJoinElement() : -- join tree --
 \-[JOIN_FRAGMENT] FromElement: 'Course course1_' FromElement{explicit,not a collection join,fetch join,fetch non-lazy properties,classAlias=null,role=null,tableName=Course,tableAlias=course1_,origin=Student student0_,columns={student0_.preferredCourseCode ,className=org.hibernate.test.querycache.Course}}

14:18:22,042 DEBUG FromReferenceNode:74 - Resolved : s -> student0_.studentId
14:18:22,042 DEBUG DotNode:599 - getDataType() : studentNumber -> org.hibernate.type.LongType@4bf3f9d
14:18:22,042 DEBUG FromReferenceNode:74 - Resolved : s.studentNumber -> student0_.studentId
14:18:22,042 DEBUG HqlSqlWalker:629 - processQuery() :  ( SELECT ( FromClause{level=1} ( Student student0_ Course course1_ ) ) ( order ( student0_.studentId student0_.studentId studentNumber ) ) )
14:18:22,042 DEBUG HqlSqlWalker:869 - Derived SELECT clause created.
14:18:22,042 DEBUG JoinProcessor:175 - Using FROM fragment [Student student0_]
14:18:22,043 DEBUG JoinProcessor:175 - Using FROM fragment [left outer join Course course1_ on student0_.preferredCourseCode=course1_.courseCode]
14:18:22,043 DEBUG QueryTranslatorImpl:252 - --- SQL AST ---
 \-[SELECT] QueryNode: 'SELECT'  querySpaces (Student,Course)
    +-[SELECT_CLAUSE] SelectClause: '{derived select clause}'
    |  +-[SELECT_EXPR] SelectExpressionImpl: 'student0_.studentId as studentId4_0_' {FromElement{explicit,not a collection join,not a fetch join,fetch non-lazy properties,classAlias=s,role=null,tableName=Student,tableAlias=student0_,origin=null,columns={,className=org.hibernate.test.querycache.Student}}}
    |  +-[SELECT_EXPR] SelectExpressionImpl: 'course1_.courseCode as courseCode1_1_' {FromElement{explicit,not a collection join,fetch join,fetch non-lazy properties,classAlias=null,role=null,tableName=Course,tableAlias=course1_,origin=Student student0_,columns={student0_.preferredCourseCode ,className=org.hibernate.test.querycache.Course}}}
    |  +-[SQL_TOKEN] SqlFragment: 'student0_.name_first as name2_4_0_, student0_.name_middle as name3_4_0_, student0_.name_last as name4_4_0_, student0_.preferredCourseCode as preferre5_4_0_'
    |  \-[SQL_TOKEN] SqlFragment: 'course1_.description as descript2_1_1_'
    +-[FROM] FromClause: 'from' FromClause{level=1, fromElementCounter=2, fromElements=2, fromElementByClassAlias=[s], fromElementByTableAlias=[student0_, course1_], fromElementsByPath=[s.preferredCourse], collectionJoinFromElementsByPath=[], impliedElements=[]}
    |  \-[FROM_FRAGMENT] FromElement: 'Student student0_' FromElement{explicit,not a collection join,not a fetch join,fetch non-lazy properties,classAlias=s,role=null,tableName=Student,tableAlias=student0_,origin=null,columns={,className=org.hibernate.test.querycache.Student}}
    |     \-[JOIN_FRAGMENT] FromElement: 'left outer join Course course1_ on student0_.preferredCourseCode=course1_.courseCode' FromElement{explicit,not a collection join,fetch join,fetch non-lazy properties,classAlias=null,role=null,tableName=Course,tableAlias=course1_,origin=Student student0_,columns={student0_.preferredCourseCode ,className=org.hibernate.test.querycache.Course}}
    \-[ORDER] OrderByClause: 'order'
       \-[DOT] DotNode: 'student0_.studentId' {propertyName=studentNumber,dereferenceType=ALL,propertyPath=studentNumber,path=s.studentNumber,tableAlias=student0_,className=org.hibernate.test.querycache.Student,classAlias=s}
          +-[ALIAS_REF] IdentNode: 'student0_.studentId' {alias=s, className=org.hibernate.test.querycache.Student, tableAlias=student0_}
          \-[IDENT] IdentNode: 'studentNumber' {originalText=studentNumber}

14:18:22,045 DEBUG ErrorCounter:82 - throwQueryException() : no errors
14:18:22,045 DEBUG QueryTranslatorImpl:235 - HQL: from org.hibernate.test.querycache.Student s left join fetch s.preferredCourse order by s.studentNumber
14:18:22,045 DEBUG QueryTranslatorImpl:236 - SQL: select student0_.studentId as studentId4_0_, course1_.courseCode as courseCode1_1_, student0_.name_first as name2_4_0_, student0_.name_middle as name3_4_0_, student0_.name_last as name4_4_0_, student0_.preferredCourseCode as preferre5_4_0_, course1_.description as descript2_1_1_ from Student student0_ left outer join Course course1_ on student0_.preferredCourseCode=course1_.courseCode order by student0_.studentId
14:18:22,045 DEBUG ErrorCounter:82 - throwQueryException() : no errors
14:18:22,046 DEBUG SQL:104 - 
    select
        student0_.studentId as studentId4_0_,
        course1_.courseCode as courseCode1_1_,
        student0_.name_first as name2_4_0_,
        student0_.name_middle as name3_4_0_,
        student0_.name_last as name4_4_0_,
        student0_.preferredCourseCode as preferre5_4_0_,
        course1_.description as descript2_1_1_ 
    from
        Student student0_ 
    left outer join
        Course course1_ 
            on student0_.preferredCourseCode=course1_.courseCode 
    order by
        student0_.studentId
14:18:22,046 DEBUG SQL:104 - 
    select
        secretcode0_.studentNumber as studentN1_4_0_,
        secretcode0_.secretCode as secretCode5_0_,
        secretcode0_.i as i0_ 
    from
        Student_secretCodes secretcode0_ 
    where
        secretcode0_.studentNumber=?
14:18:22,056 DEBUG SQL:104 - 
    select
        coursemeet0_.courseCode as courseCode1_1_,
        coursemeet0_.courseCode as courseCode2_1_,
        coursemeet0_.day as day2_1_,
        coursemeet0_.period as period2_1_,
        coursemeet0_.location as location2_1_,
        coursemeet0_.courseCode as courseCode2_0_,
        coursemeet0_.day as day2_0_,
        coursemeet0_.period as period2_0_,
        coursemeet0_.location as location2_0_ 
    from
        CourseMeeting coursemeet0_ 
    where
        coursemeet0_.courseCode=?
14:18:22,057 DEBUG SQL:104 - 
    select
        secretcode0_.studentNumber as studentN1_4_0_,
        secretcode0_.secretCode as secretCode5_0_,
        secretcode0_.i as i0_ 
    from
        Student_secretCodes secretcode0_ 
    where
        secretcode0_.studentNumber=?
14:18:22,067 DEBUG SQL:104 - 
    select
        student0_.studentId as studentId4_0_,
        course1_.courseCode as courseCode1_1_,
        student0_.name_first as name2_4_0_,
        student0_.name_middle as name3_4_0_,
        student0_.name_last as name4_4_0_,
        student0_.preferredCourseCode as preferre5_4_0_,
        course1_.description as descript2_1_1_ 
    from
        Student student0_ 
    left outer join
        Course course1_ 
            on student0_.preferredCourseCode=course1_.courseCode 
    order by
        student0_.studentId
14:18:22,068 DEBUG SQL:104 - 
    select
        secretcode0_.studentNumber as studentN1_4_0_,
        secretcode0_.secretCode as secretCode5_0_,
        secretcode0_.i as i0_ 
    from
        Student_secretCodes secretcode0_ 
    where
        secretcode0_.studentNumber=?
14:18:22,068 DEBUG SQL:104 - 
    select
        coursemeet0_.courseCode as courseCode1_1_,
        coursemeet0_.courseCode as courseCode2_1_,
        coursemeet0_.day as day2_1_,
        coursemeet0_.period as period2_1_,
        coursemeet0_.location as location2_1_,
        coursemeet0_.courseCode as courseCode2_0_,
        coursemeet0_.day as day2_0_,
        coursemeet0_.period as period2_0_,
        coursemeet0_.location as location2_0_ 
    from
        CourseMeeting coursemeet0_ 
    where
        coursemeet0_.courseCode=?
14:18:22,078 DEBUG SQL:104 - 
    select
        secretcode0_.studentNumber as studentN1_4_0_,
        secretcode0_.secretCode as secretCode5_0_,
        secretcode0_.i as i0_ 
    from
        Student_secretCodes secretcode0_ 
    where
        secretcode0_.studentNumber=?
14:18:22,079 DEBUG SQL:104 - 
    select
        student_.studentId,
        student_.name_first as name2_4_,
        student_.name_middle as name3_4_,
        student_.name_last as name4_4_,
        student_.preferredCourseCode as preferre5_4_ 
    from
        Student student_ 
    where
        student_.studentId=?
14:18:22,088 DEBUG SQL:104 - 
    select
        enrolment_.studentId,
        enrolment_.courseCode,
        enrolment_.semester as semester3_,
        enrolment_."year" as year4_3_ 
    from
        Enrolment enrolment_ 
    where
        enrolment_.studentId=? 
        and enrolment_.courseCode=?
14:18:22,088 DEBUG SQL:104 - 
    select
        course_.courseCode,
        course_.description as descript2_1_ 
    from
        Course course_ 
    where
        course_.courseCode=?
14:18:22,089 DEBUG SQL:104 - 
    select
        student_.studentId,
        student_.name_first as name2_4_,
        student_.name_middle as name3_4_,
        student_.name_last as name4_4_,
        student_.preferredCourseCode as preferre5_4_ 
    from
        Student student_ 
    where
        student_.studentId=?
14:18:22,099 DEBUG SQL:104 - 
    select
        enrolment_.studentId,
        enrolment_.courseCode,
        enrolment_.semester as semester3_,
        enrolment_."year" as year4_3_ 
    from
        Enrolment enrolment_ 
    where
        enrolment_.studentId=? 
        and enrolment_.courseCode=?
14:18:22,100 DEBUG SQL:104 - 
    select
        coursemeet_.courseCode,
        coursemeet_.day,
        coursemeet_.period,
        coursemeet_.location 
    from
        CourseMeeting coursemeet_ 
    where
        coursemeet_.courseCode=? 
        and coursemeet_.day=? 
        and coursemeet_.period=? 
        and coursemeet_.location=?
14:18:22,101 DEBUG SQL:104 - 
    select
        coursemeet_.courseCode,
        coursemeet_.day,
        coursemeet_.period,
        coursemeet_.location 
    from
        CourseMeeting coursemeet_ 
    where
        coursemeet_.courseCode=? 
        and coursemeet_.day=? 
        and coursemeet_.period=? 
        and coursemeet_.location=?
14:18:22,102 DEBUG BaseGeneralDataRegion:59 - Caching[foo.org.hibernate.cache.spi.UpdateTimestampsCache] : [Enrolment] -> [5579090993569792]
14:18:22,102 DEBUG SQL:104 - 
    update
        Address 
    set
        studentNumber=null,
        addressType=null 
    where
        studentNumber=?
14:18:22,103 DEBUG BaseGeneralDataRegion:59 - Caching[foo.org.hibernate.cache.spi.UpdateTimestampsCache] : [Address] -> [5579090993573888]
14:18:22,103 DEBUG SQL:104 - 
    delete 
    from
        Student_secretCodes 
    where
        studentNumber=?
14:18:22,103 DEBUG BaseGeneralDataRegion:59 - Caching[foo.org.hibernate.cache.spi.UpdateTimestampsCache] : [Student_secretCodes] -> [5579090993573889]
14:18:22,103 DEBUG BaseGeneralDataRegion:59 - Caching[foo.org.hibernate.cache.spi.UpdateTimestampsCache] : [Enrolment] -> [5579090993573890]
14:18:22,103 DEBUG BaseGeneralDataRegion:59 - Caching[foo.org.hibernate.cache.spi.UpdateTimestampsCache] : [Address] -> [5579090993573891]
14:18:22,103 DEBUG SQL:104 - 
    delete 
    from
        Student_secretCodes 
    where
        studentNumber=?
14:18:22,112 DEBUG BaseGeneralDataRegion:59 - Caching[foo.org.hibernate.cache.spi.UpdateTimestampsCache] : [Student_secretCodes] -> [5579090993610752]
14:18:22,112 DEBUG BaseGeneralDataRegion:59 - Caching[foo.org.hibernate.cache.spi.UpdateTimestampsCache] : [CourseMeeting] -> [5579090993610753]
14:18:22,112 DEBUG SQL:104 - 
    delete 
    from
        Enrolment 
    where
        studentId=? 
        and courseCode=?
14:18:22,113 DEBUG BaseGeneralDataRegion:59 - Caching[foo.org.hibernate.cache.spi.UpdateTimestampsCache] : [Enrolment] -> [5579090993614848]
14:18:22,113 DEBUG SQL:104 - 
    delete 
    from
        Address 
    where
        id=?
14:18:22,113 DEBUG BaseGeneralDataRegion:59 - Caching[foo.org.hibernate.cache.spi.UpdateTimestampsCache] : [Address] -> [5579090993614849]
14:18:22,113 DEBUG SQL:104 - 
    delete 
    from
        Address 
    where
        id=?
14:18:22,113 DEBUG BaseGeneralDataRegion:59 - Caching[foo.org.hibernate.cache.spi.UpdateTimestampsCache] : [Address] -> [5579090993614850]
14:18:22,113 DEBUG SQL:104 - 
    delete 
    from
        Student 
    where
        studentId=?
14:18:22,123 DEBUG BaseGeneralDataRegion:59 - Caching[foo.org.hibernate.cache.spi.UpdateTimestampsCache] : [Student] -> [5579090993655808]
14:18:22,123 DEBUG SQL:104 - 
    delete 
    from
        Enrolment 
    where
        studentId=? 
        and courseCode=?
14:18:22,124 DEBUG BaseGeneralDataRegion:59 - Caching[foo.org.hibernate.cache.spi.UpdateTimestampsCache] : [Enrolment] -> [5579090993659904]
14:18:22,124 DEBUG SQL:104 - 
    delete 
    from
        Student 
    where
        studentId=?
14:18:22,124 DEBUG BaseGeneralDataRegion:59 - Caching[foo.org.hibernate.cache.spi.UpdateTimestampsCache] : [Student] -> [5579090993659905]
14:18:22,124 DEBUG SQL:104 - 
    delete 
    from
        CourseMeeting 
    where
        courseCode=? 
        and day=? 
        and period=? 
        and location=?
14:18:22,124 DEBUG BaseGeneralDataRegion:59 - Caching[foo.org.hibernate.cache.spi.UpdateTimestampsCache] : [CourseMeeting] -> [5579090993659906]
14:18:22,124 DEBUG SQL:104 - 
    delete 
    from
        CourseMeeting 
    where
        courseCode=? 
        and day=? 
        and period=? 
        and location=?
14:18:22,124 DEBUG BaseGeneralDataRegion:59 - Caching[foo.org.hibernate.cache.spi.UpdateTimestampsCache] : [CourseMeeting] -> [5579090993659907]
14:18:22,125 DEBUG SQL:104 - 
    delete 
    from
        Course 
    where
        courseCode=?
14:18:22,143 DEBUG BaseGeneralDataRegion:59 - Caching[foo.org.hibernate.cache.spi.UpdateTimestampsCache] : [Course] -> [5579090993737728]
14:18:22,144 DEBUG BaseGeneralDataRegion:59 - Caching[foo.org.hibernate.cache.spi.UpdateTimestampsCache] : [Student] -> [5579090747981824]
14:18:22,144 DEBUG BaseGeneralDataRegion:59 - Caching[foo.org.hibernate.cache.spi.UpdateTimestampsCache] : [Course] -> [5579090747981824]
14:18:22,144 DEBUG BaseGeneralDataRegion:59 - Caching[foo.org.hibernate.cache.spi.UpdateTimestampsCache] : [Enrolment] -> [5579090747981824]
14:18:22,144 DEBUG BaseGeneralDataRegion:59 - Caching[foo.org.hibernate.cache.spi.UpdateTimestampsCache] : [Student_secretCodes] -> [5579090747981824]
14:18:22,144 DEBUG BaseGeneralDataRegion:59 - Caching[foo.org.hibernate.cache.spi.UpdateTimestampsCache] : [Address] -> [5579090747981824]
14:18:22,144 DEBUG BaseGeneralDataRegion:59 - Caching[foo.org.hibernate.cache.spi.UpdateTimestampsCache] : [CourseMeeting] -> [5579090747981824]
14:18:22,145 DEBUG SQL:104 - 
    select
        coursemeet_.courseCode,
        coursemeet_.day,
        coursemeet_.period,
        coursemeet_.location 
    from
        CourseMeeting coursemeet_ 
    where
        coursemeet_.courseCode=? 
        and coursemeet_.day=? 
        and coursemeet_.period=? 
        and coursemeet_.location=?
14:18:22,145 DEBUG SQL:104 - 
    select
        coursemeet_.courseCode,
        coursemeet_.day,
        coursemeet_.period,
        coursemeet_.location 
    from
        CourseMeeting coursemeet_ 
    where
        coursemeet_.courseCode=? 
        and coursemeet_.day=? 
        and coursemeet_.period=? 
        and coursemeet_.location=?
14:18:22,156 DEBUG SQL:104 - 
    insert 
    into
        Course
        (description, courseCode) 
    values
        (?, ?)
14:18:22,156 DEBUG BaseGeneralDataRegion:59 - Caching[foo.org.hibernate.cache.spi.UpdateTimestampsCache] : [Course] -> [5579090993790976]
14:18:22,156 DEBUG SQL:104 - 
    insert 
    into
        CourseMeeting
        (courseCode, day, period, location) 
    values
        (?, ?, ?, ?)
14:18:22,156 DEBUG BaseGeneralDataRegion:59 - Caching[foo.org.hibernate.cache.spi.UpdateTimestampsCache] : [CourseMeeting] -> [5579090993790977]
14:18:22,156 DEBUG SQL:104 - 
    insert 
    into
        CourseMeeting
        (courseCode, day, period, location) 
    values
        (?, ?, ?, ?)
14:18:22,166 DEBUG BaseGeneralDataRegion:59 - Caching[foo.org.hibernate.cache.spi.UpdateTimestampsCache] : [CourseMeeting] -> [5579090993831936]
14:18:22,166 DEBUG SQL:104 - 
    insert 
    into
        Student
        (name_first, name_middle, name_last, preferredCourseCode, studentId) 
    values
        (?, ?, ?, ?, ?)
14:18:22,167 DEBUG BaseGeneralDataRegion:59 - Caching[foo.org.hibernate.cache.spi.UpdateTimestampsCache] : [Student] -> [5579090993836032]
14:18:22,167 DEBUG SQL:104 - 
    insert 
    into
        Address
        (addressType, street, city, stateProvince, postalCode, country, studentNumber, id) 
    values
        (?, ?, ?, ?, ?, ?, ?, ?)
14:18:22,167 DEBUG BaseGeneralDataRegion:59 - Caching[foo.org.hibernate.cache.spi.UpdateTimestampsCache] : [Address] -> [5579090993836033]
14:18:22,167 DEBUG SQL:104 - 
    insert 
    into
        Address
        (addressType, street, city, stateProvince, postalCode, country, studentNumber, id) 
    values
        (?, ?, ?, ?, ?, ?, ?, ?)
14:18:22,167 DEBUG BaseGeneralDataRegion:59 - Caching[foo.org.hibernate.cache.spi.UpdateTimestampsCache] : [Address] -> [5579090993836034]
14:18:22,167 DEBUG SQL:104 - 
    insert 
    into
        Student
        (name_first, name_middle, name_last, preferredCourseCode, studentId) 
    values
        (?, ?, ?, ?, ?)
14:18:22,176 DEBUG BaseGeneralDataRegion:59 - Caching[foo.org.hibernate.cache.spi.UpdateTimestampsCache] : [Student] -> [5579090993872896]
14:18:22,177 DEBUG SQL:104 - 
    insert 
    into
        Enrolment
        (semester, "year", studentId, courseCode) 
    values
        (?, ?, ?, ?)
14:18:22,177 DEBUG BaseGeneralDataRegion:59 - Caching[foo.org.hibernate.cache.spi.UpdateTimestampsCache] : [Enrolment] -> [5579090993876992]
14:18:22,177 DEBUG SQL:104 - 
    insert 
    into
        Enrolment
        (semester, "year", studentId, courseCode) 
    values
        (?, ?, ?, ?)
14:18:22,177 DEBUG BaseGeneralDataRegion:59 - Caching[foo.org.hibernate.cache.spi.UpdateTimestampsCache] : [Enrolment] -> [5579090993876993]
14:18:22,177 DEBUG BaseGeneralDataRegion:59 - Caching[foo.org.hibernate.cache.spi.UpdateTimestampsCache] : [CourseMeeting] -> [5579090993876994]
14:18:22,177 DEBUG BaseGeneralDataRegion:59 - Caching[foo.org.hibernate.cache.spi.UpdateTimestampsCache] : [Enrolment] -> [5579090993876995]
14:18:22,177 DEBUG SQL:104 - 
    update
        Address 
    set
        studentNumber=?,
        addressType=? 
    where
        id=?
14:18:22,187 DEBUG SQL:104 - 
    update
        Address 
    set
        studentNumber=?,
        addressType=? 
    where
        id=?
14:18:22,188 DEBUG BaseGeneralDataRegion:59 - Caching[foo.org.hibernate.cache.spi.UpdateTimestampsCache] : [Address] -> [5579090993922048]
14:18:22,188 DEBUG SQL:104 - 
    insert 
    into
        Student_secretCodes
        (studentNumber, i, secretCode) 
    values
        (?, ?, ?)
14:18:22,188 DEBUG BaseGeneralDataRegion:59 - Caching[foo.org.hibernate.cache.spi.UpdateTimestampsCache] : [Student_secretCodes] -> [5579090993922049]
14:18:22,188 DEBUG BaseGeneralDataRegion:59 - Caching[foo.org.hibernate.cache.spi.UpdateTimestampsCache] : [Enrolment] -> [5579090993922050]
14:18:22,188 DEBUG BaseGeneralDataRegion:59 - Caching[foo.org.hibernate.cache.spi.UpdateTimestampsCache] : [Address] -> [5579090993922051]
14:18:22,188 DEBUG SQL:104 - 
    insert 
    into
        Student_secretCodes
        (studentNumber, i, secretCode) 
    values
        (?, ?, ?)
14:18:22,188 DEBUG SQL:104 - 
    insert 
    into
        Student_secretCodes
        (studentNumber, i, secretCode) 
    values
        (?, ?, ?)
14:18:22,200 DEBUG BaseGeneralDataRegion:59 - Caching[foo.org.hibernate.cache.spi.UpdateTimestampsCache] : [Student_secretCodes] -> [5579090993971200]
14:18:22,200 DEBUG BaseGeneralDataRegion:59 - Caching[foo.org.hibernate.cache.spi.UpdateTimestampsCache] : [Student] -> [5579090748211201]
14:18:22,200 DEBUG BaseGeneralDataRegion:59 - Caching[foo.org.hibernate.cache.spi.UpdateTimestampsCache] : [Course] -> [5579090748211201]
14:18:22,200 DEBUG BaseGeneralDataRegion:59 - Caching[foo.org.hibernate.cache.spi.UpdateTimestampsCache] : [Enrolment] -> [5579090748211201]
14:18:22,200 DEBUG BaseGeneralDataRegion:59 - Caching[foo.org.hibernate.cache.spi.UpdateTimestampsCache] : [Student_secretCodes] -> [5579090748211201]
14:18:22,200 DEBUG BaseGeneralDataRegion:59 - Caching[foo.org.hibernate.cache.spi.UpdateTimestampsCache] : [Address] -> [5579090748211201]
14:18:22,200 DEBUG BaseGeneralDataRegion:59 - Caching[foo.org.hibernate.cache.spi.UpdateTimestampsCache] : [CourseMeeting] -> [5579090748211201]
14:18:22,201 DEBUG QueryTranslatorImpl:265 - parse() - HQL: from org.hibernate.test.querycache.Student s left join fetch s.preferredCourse pCourse order by s.studentNumber
14:18:22,202 DEBUG QueryTranslatorImpl:283 - --- HQL AST ---
 \-[QUERY] Node: 'query'
    +-[SELECT_FROM] Node: 'SELECT_FROM'
    |  \-[FROM] Node: 'from'
    |     +-[RANGE] Node: 'RANGE'
    |     |  +-[DOT] Node: '.'
    |     |  |  +-[DOT] Node: '.'
    |     |  |  |  +-[DOT] Node: '.'
    |     |  |  |  |  +-[DOT] Node: '.'
    |     |  |  |  |  |  +-[IDENT] Node: 'org'
    |     |  |  |  |  |  \-[IDENT] Node: 'hibernate'
    |     |  |  |  |  \-[IDENT] Node: 'test'
    |     |  |  |  \-[IDENT] Node: 'querycache'
    |     |  |  \-[IDENT] Node: 'Student'
    |     |  \-[ALIAS] Node: 's'
    |     \-[JOIN] Node: 'join'
    |        +-[LEFT] Node: 'left'
    |        +-[FETCH] Node: 'fetch'
    |        +-[DOT] Node: '.'
    |        |  +-[IDENT] Node: 's'
    |        |  \-[IDENT] Node: 'preferredCourse'
    |        \-[ALIAS] Node: 'pCourse'
    \-[ORDER] Node: 'order'
       \-[DOT] Node: '.'
          +-[IDENT] Node: 's'
          \-[IDENT] Node: 'studentNumber'

14:18:22,217 DEBUG ErrorCounter:82 - throwQueryException() : no errors
14:18:22,218 DEBUG FromElement:157 - FromClause{level=1} : org.hibernate.test.querycache.Student (s) -> student0_
14:18:22,218 DEBUG FromReferenceNode:74 - Resolved : s -> student0_.studentId
14:18:22,218 DEBUG DotNode:599 - getDataType() : preferredCourse -> org.hibernate.type.ManyToOneType(org.hibernate.test.querycache.Course)
14:18:22,218 DEBUG DotNode:389 - dereferenceEntityJoin() : generating join for preferredCourse in org.hibernate.test.querycache.Student (pCourse) parent = [ {null} ]
14:18:22,218 DEBUG FromElement:157 - FromClause{level=1} : org.hibernate.test.querycache.Course (pCourse) -> course1_
14:18:22,218 DEBUG FromClause:282 - addJoinByPathMap() : s.preferredCourse -> FromElement{explicit,not a collection join,not a fetch join,fetch non-lazy properties,classAlias=pCourse,role=null,tableName=Course,tableAlias=course1_,origin=Student student0_,columns={student0_.preferredCourseCode ,className=org.hibernate.test.querycache.Course}}
14:18:22,219 DEBUG FromReferenceNode:74 - Resolved : s.preferredCourse -> student0_.preferredCourseCode
14:18:22,219 DEBUG HqlSqlWalker:403 - createFromJoinElement() : -- join tree --
 \-[JOIN_FRAGMENT] FromElement: 'Course course1_' FromElement{explicit,not a collection join,fetch join,fetch non-lazy properties,classAlias=pCourse,role=null,tableName=Course,tableAlias=course1_,origin=Student student0_,columns={student0_.preferredCourseCode ,className=org.hibernate.test.querycache.Course}}

14:18:22,219 DEBUG FromReferenceNode:74 - Resolved : s -> student0_.studentId
14:18:22,219 DEBUG DotNode:599 - getDataType() : studentNumber -> org.hibernate.type.LongType@4bf3f9d
14:18:22,219 DEBUG FromReferenceNode:74 - Resolved : s.studentNumber -> student0_.studentId
14:18:22,219 DEBUG HqlSqlWalker:629 - processQuery() :  ( SELECT ( FromClause{level=1} ( Student student0_ Course course1_ ) ) ( order ( student0_.studentId student0_.studentId studentNumber ) ) )
14:18:22,219 DEBUG HqlSqlWalker:869 - Derived SELECT clause created.
14:18:22,220 DEBUG JoinProcessor:175 - Using FROM fragment [Student student0_]
14:18:22,220 DEBUG JoinProcessor:175 - Using FROM fragment [left outer join Course course1_ on student0_.preferredCourseCode=course1_.courseCode]
14:18:22,220 DEBUG QueryTranslatorImpl:252 - --- SQL AST ---
 \-[SELECT] QueryNode: 'SELECT'  querySpaces (Student,Course)
    +-[SELECT_CLAUSE] SelectClause: '{derived select clause}'
    |  +-[SELECT_EXPR] SelectExpressionImpl: 'student0_.studentId as studentId4_0_' {FromElement{explicit,not a collection join,not a fetch join,fetch non-lazy properties,classAlias=s,role=null,tableName=Student,tableAlias=student0_,origin=null,columns={,className=org.hibernate.test.querycache.Student}}}
    |  +-[SELECT_EXPR] SelectExpressionImpl: 'course1_.courseCode as courseCode1_1_' {FromElement{explicit,not a collection join,fetch join,fetch non-lazy properties,classAlias=pCourse,role=null,tableName=Course,tableAlias=course1_,origin=Student student0_,columns={student0_.preferredCourseCode ,className=org.hibernate.test.querycache.Course}}}
    |  +-[SQL_TOKEN] SqlFragment: 'student0_.name_first as name2_4_0_, student0_.name_middle as name3_4_0_, student0_.name_last as name4_4_0_, student0_.preferredCourseCode as preferre5_4_0_'
    |  \-[SQL_TOKEN] SqlFragment: 'course1_.description as descript2_1_1_'
    +-[FROM] FromClause: 'from' FromClause{level=1, fromElementCounter=2, fromElements=2, fromElementByClassAlias=[s, pCourse], fromElementByTableAlias=[student0_, course1_], fromElementsByPath=[s.preferredCourse], collectionJoinFromElementsByPath=[], impliedElements=[]}
    |  \-[FROM_FRAGMENT] FromElement: 'Student student0_' FromElement{explicit,not a collection join,not a fetch join,fetch non-lazy properties,classAlias=s,role=null,tableName=Student,tableAlias=student0_,origin=null,columns={,className=org.hibernate.test.querycache.Student}}
    |     \-[JOIN_FRAGMENT] FromElement: 'left outer join Course course1_ on student0_.preferredCourseCode=course1_.courseCode' FromElement{explicit,not a collection join,fetch join,fetch non-lazy properties,classAlias=pCourse,role=null,tableName=Course,tableAlias=course1_,origin=Student student0_,columns={student0_.preferredCourseCode ,className=org.hibernate.test.querycache.Course}}
    \-[ORDER] OrderByClause: 'order'
       \-[DOT] DotNode: 'student0_.studentId' {propertyName=studentNumber,dereferenceType=ALL,propertyPath=studentNumber,path=s.studentNumber,tableAlias=student0_,className=org.hibernate.test.querycache.Student,classAlias=s}
          +-[ALIAS_REF] IdentNode: 'student0_.studentId' {alias=s, className=org.hibernate.test.querycache.Student, tableAlias=student0_}
          \-[IDENT] IdentNode: 'studentNumber' {originalText=studentNumber}

14:18:22,220 DEBUG ErrorCounter:82 - throwQueryException() : no errors
14:18:22,220 DEBUG QueryTranslatorImpl:235 - HQL: from org.hibernate.test.querycache.Student s left join fetch s.preferredCourse pCourse order by s.studentNumber
14:18:22,220 DEBUG QueryTranslatorImpl:236 - SQL: select student0_.studentId as studentId4_0_, course1_.courseCode as courseCode1_1_, student0_.name_first as name2_4_0_, student0_.name_middle as name3_4_0_, student0_.name_last as name4_4_0_, student0_.preferredCourseCode as preferre5_4_0_, course1_.description as descript2_1_1_ from Student student0_ left outer join Course course1_ on student0_.preferredCourseCode=course1_.courseCode order by student0_.studentId
14:18:22,220 DEBUG ErrorCounter:82 - throwQueryException() : no errors
14:18:22,221 DEBUG SQL:104 - 
    select
        student0_.studentId as studentId4_0_,
        course1_.courseCode as courseCode1_1_,
        student0_.name_first as name2_4_0_,
        student0_.name_middle as name3_4_0_,
        student0_.name_last as name4_4_0_,
        student0_.preferredCourseCode as preferre5_4_0_,
        course1_.description as descript2_1_1_ 
    from
        Student student0_ 
    left outer join
        Course course1_ 
            on student0_.preferredCourseCode=course1_.courseCode 
    order by
        student0_.studentId
14:18:22,239 DEBUG SQL:104 - 
    select
        secretcode0_.studentNumber as studentN1_4_0_,
        secretcode0_.secretCode as secretCode5_0_,
        secretcode0_.i as i0_ 
    from
        Student_secretCodes secretcode0_ 
    where
        secretcode0_.studentNumber=?
14:18:22,239 DEBUG SQL:104 - 
    select
        coursemeet0_.courseCode as courseCode1_1_,
        coursemeet0_.courseCode as courseCode2_1_,
        coursemeet0_.day as day2_1_,
        coursemeet0_.period as period2_1_,
        coursemeet0_.location as location2_1_,
        coursemeet0_.courseCode as courseCode2_0_,
        coursemeet0_.day as day2_0_,
        coursemeet0_.period as period2_0_,
        coursemeet0_.location as location2_0_ 
    from
        CourseMeeting coursemeet0_ 
    where
        coursemeet0_.courseCode=?
14:18:22,240 DEBUG SQL:104 - 
    select
        secretcode0_.studentNumber as studentN1_4_0_,
        secretcode0_.secretCode as secretCode5_0_,
        secretcode0_.i as i0_ 
    from
        Student_secretCodes secretcode0_ 
    where
        secretcode0_.studentNumber=?
14:18:22,243 DEBUG SQL:104 - 
    select
        student0_.studentId as studentId4_0_,
        course1_.courseCode as courseCode1_1_,
        student0_.name_first as name2_4_0_,
        student0_.name_middle as name3_4_0_,
        student0_.name_last as name4_4_0_,
        student0_.preferredCourseCode as preferre5_4_0_,
        course1_.description as descript2_1_1_ 
    from
        Student student0_ 
    left outer join
        Course course1_ 
            on student0_.preferredCourseCode=course1_.courseCode 
    order by
        student0_.studentId
14:18:22,244 DEBUG SQL:104 - 
    select
        secretcode0_.studentNumber as studentN1_4_0_,
        secretcode0_.secretCode as secretCode5_0_,
        secretcode0_.i as i0_ 
    from
        Student_secretCodes secretcode0_ 
    where
        secretcode0_.studentNumber=?
14:18:22,244 DEBUG SQL:104 - 
    select
        coursemeet0_.courseCode as courseCode1_1_,
        coursemeet0_.courseCode as courseCode2_1_,
        coursemeet0_.day as day2_1_,
        coursemeet0_.period as period2_1_,
        coursemeet0_.location as location2_1_,
        coursemeet0_.courseCode as courseCode2_0_,
        coursemeet0_.day as day2_0_,
        coursemeet0_.period as period2_0_,
        coursemeet0_.location as location2_0_ 
    from
        CourseMeeting coursemeet0_ 
    where
        coursemeet0_.courseCode=?
14:18:22,245 DEBUG SQL:104 - 
    select
        secretcode0_.studentNumber as studentN1_4_0_,
        secretcode0_.secretCode as secretCode5_0_,
        secretcode0_.i as i0_ 
    from
        Student_secretCodes secretcode0_ 
    where
        secretcode0_.studentNumber=?
14:18:22,268 DEBUG SQL:104 - 
    select
        student_.studentId,
        student_.name_first as name2_4_,
        student_.name_middle as name3_4_,
        student_.name_last as name4_4_,
        student_.preferredCourseCode as preferre5_4_ 
    from
        Student student_ 
    where
        student_.studentId=?
14:18:22,269 DEBUG SQL:104 - 
    select
        enrolment_.studentId,
        enrolment_.courseCode,
        enrolment_.semester as semester3_,
        enrolment_."year" as year4_3_ 
    from
        Enrolment enrolment_ 
    where
        enrolment_.studentId=? 
        and enrolment_.courseCode=?
14:18:22,278 DEBUG SQL:104 - 
    select
        course_.courseCode,
        course_.description as descript2_1_ 
    from
        Course course_ 
    where
        course_.courseCode=?
14:18:22,278 DEBUG SQL:104 - 
    select
        student_.studentId,
        student_.name_first as name2_4_,
        student_.name_middle as name3_4_,
        student_.name_last as name4_4_,
        student_.preferredCourseCode as preferre5_4_ 
    from
        Student student_ 
    where
        student_.studentId=?
14:18:22,279 DEBUG SQL:104 - 
    select
        enrolment_.studentId,
        enrolment_.courseCode,
        enrolment_.semester as semester3_,
        enrolment_."year" as year4_3_ 
    from
        Enrolment enrolment_ 
    where
        enrolment_.studentId=? 
        and enrolment_.courseCode=?
14:18:22,288 DEBUG SQL:104 - 
    select
        coursemeet_.courseCode,
        coursemeet_.day,
        coursemeet_.period,
        coursemeet_.location 
    from
        CourseMeeting coursemeet_ 
    where
        coursemeet_.courseCode=? 
        and coursemeet_.day=? 
        and coursemeet_.period=? 
        and coursemeet_.location=?
14:18:22,289 DEBUG SQL:104 - 
    select
        coursemeet_.courseCode,
        coursemeet_.day,
        coursemeet_.period,
        coursemeet_.location 
    from
        CourseMeeting coursemeet_ 
    where
        coursemeet_.courseCode=? 
        and coursemeet_.day=? 
        and coursemeet_.period=? 
        and coursemeet_.location=?
14:18:22,289 DEBUG BaseGeneralDataRegion:59 - Caching[foo.org.hibernate.cache.spi.UpdateTimestampsCache] : [Enrolment] -> [5579090994335744]
14:18:22,290 DEBUG SQL:104 - 
    update
        Address 
    set
        studentNumber=null,
        addressType=null 
    where
        studentNumber=?
14:18:22,299 DEBUG BaseGeneralDataRegion:59 - Caching[foo.org.hibernate.cache.spi.UpdateTimestampsCache] : [Address] -> [5579090994376704]
14:18:22,299 DEBUG SQL:104 - 
    delete 
    from
        Student_secretCodes 
    where
        studentNumber=?
14:18:22,300 DEBUG BaseGeneralDataRegion:59 - Caching[foo.org.hibernate.cache.spi.UpdateTimestampsCache] : [Student_secretCodes] -> [5579090994380800]
14:18:22,300 DEBUG BaseGeneralDataRegion:59 - Caching[foo.org.hibernate.cache.spi.UpdateTimestampsCache] : [Enrolment] -> [5579090994380801]
14:18:22,300 DEBUG BaseGeneralDataRegion:59 - Caching[foo.org.hibernate.cache.spi.UpdateTimestampsCache] : [Address] -> [5579090994380802]
14:18:22,300 DEBUG SQL:104 - 
    delete 
    from
        Student_secretCodes 
    where
        studentNumber=?
14:18:22,300 DEBUG BaseGeneralDataRegion:59 - Caching[foo.org.hibernate.cache.spi.UpdateTimestampsCache] : [Student_secretCodes] -> [5579090994380803]
14:18:22,300 DEBUG BaseGeneralDataRegion:59 - Caching[foo.org.hibernate.cache.spi.UpdateTimestampsCache] : [CourseMeeting] -> [5579090994380804]
14:18:22,300 DEBUG SQL:104 - 
    delete 
    from
        Enrolment 
    where
        studentId=? 
        and courseCode=?
14:18:22,310 DEBUG BaseGeneralDataRegion:59 - Caching[foo.org.hibernate.cache.spi.UpdateTimestampsCache] : [Enrolment] -> [5579090994421760]
14:18:22,310 DEBUG SQL:104 - 
    delete 
    from
        Address 
    where
        id=?
14:18:22,311 DEBUG BaseGeneralDataRegion:59 - Caching[foo.org.hibernate.cache.spi.UpdateTimestampsCache] : [Address] -> [5579090994425856]
14:18:22,311 DEBUG SQL:104 - 
    delete 
    from
        Address 
    where
        id=?
14:18:22,311 DEBUG BaseGeneralDataRegion:59 - Caching[foo.org.hibernate.cache.spi.UpdateTimestampsCache] : [Address] -> [5579090994425857]
14:18:22,311 DEBUG SQL:104 - 
    delete 
    from
        Student 
    where
        studentId=?
14:18:22,311 DEBUG BaseGeneralDataRegion:59 - Caching[foo.org.hibernate.cache.spi.UpdateTimestampsCache] : [Student] -> [5579090994425858]
14:18:22,311 DEBUG SQL:104 - 
    delete 
    from
        Enrolment 
    where
        studentId=? 
        and courseCode=?
14:18:22,312 DEBUG BaseGeneralDataRegion:59 - Caching[foo.org.hibernate.cache.spi.UpdateTimestampsCache] : [Enrolment] -> [5579090994429952]
14:18:22,321 DEBUG SQL:104 - 
    delete 
    from
        Student 
    where
        studentId=?
14:18:22,322 DEBUG BaseGeneralDataRegion:59 - Caching[foo.org.hibernate.cache.spi.UpdateTimestampsCache] : [Student] -> [5579090994470912]
14:18:22,322 DEBUG SQL:104 - 
    delete 
    from
        CourseMeeting 
    where
        courseCode=? 
        and day=? 
        and period=? 
        and location=?
14:18:22,322 DEBUG BaseGeneralDataRegion:59 - Caching[foo.org.hibernate.cache.spi.UpdateTimestampsCache] : [CourseMeeting] -> [5579090994470913]
14:18:22,323 DEBUG SQL:104 - 
    delete 
    from
        CourseMeeting 
    where
        courseCode=? 
        and day=? 
        and period=? 
        and location=?
14:18:22,323 DEBUG BaseGeneralDataRegion:59 - Caching[foo.org.hibernate.cache.spi.UpdateTimestampsCache] : [CourseMeeting] -> [5579090994475008]
14:18:22,323 DEBUG SQL:104 - 
    delete 
    from
        Course 
    where
        courseCode=?
14:18:22,323 DEBUG BaseGeneralDataRegion:59 - Caching[foo.org.hibernate.cache.spi.UpdateTimestampsCache] : [Course] -> [5579090994475009]
14:18:22,323 DEBUG BaseGeneralDataRegion:59 - Caching[foo.org.hibernate.cache.spi.UpdateTimestampsCache] : [Student] -> [5579090748715010]
14:18:22,323 DEBUG BaseGeneralDataRegion:59 - Caching[foo.org.hibernate.cache.spi.UpdateTimestampsCache] : [Course] -> [5579090748715010]
14:18:22,323 DEBUG BaseGeneralDataRegion:59 - Caching[foo.org.hibernate.cache.spi.UpdateTimestampsCache] : [Enrolment] -> [5579090748715010]
14:18:22,323 DEBUG BaseGeneralDataRegion:59 - Caching[foo.org.hibernate.cache.spi.UpdateTimestampsCache] : [Student_secretCodes] -> [5579090748715010]
14:18:22,324 DEBUG BaseGeneralDataRegion:59 - Caching[foo.org.hibernate.cache.spi.UpdateTimestampsCache] : [Address] -> [5579090748715010]
14:18:22,328 DEBUG BaseGeneralDataRegion:59 - Caching[foo.org.hibernate.cache.spi.UpdateTimestampsCache] : [CourseMeeting] -> [5579090748715010]
14:18:22,329 DEBUG SQL:104 - 
    select
        coursemeet_.courseCode,
        coursemeet_.day,
        coursemeet_.period,
        coursemeet_.location 
    from
        CourseMeeting coursemeet_ 
    where
        coursemeet_.courseCode=? 
        and coursemeet_.day=? 
        and coursemeet_.period=? 
        and coursemeet_.location=?
14:18:22,329 DEBUG SQL:104 - 
    select
        coursemeet_.courseCode,
        coursemeet_.day,
        coursemeet_.period,
        coursemeet_.location 
    from
        CourseMeeting coursemeet_ 
    where
        coursemeet_.courseCode=? 
        and coursemeet_.day=? 
        and coursemeet_.period=? 
        and coursemeet_.location=?
14:18:22,330 DEBUG SQL:104 - 
    insert 
    into
        Course
        (description, courseCode) 
    values
        (?, ?)
14:18:22,346 DEBUG BaseGeneralDataRegion:59 - Caching[foo.org.hibernate.cache.spi.UpdateTimestampsCache] : [Course] -> [5579090994569216]
14:18:22,347 DEBUG SQL:104 - 
    insert 
    into
        CourseMeeting
        (courseCode, day, period, location) 
    values
        (?, ?, ?, ?)
14:18:22,347 DEBUG BaseGeneralDataRegion:59 - Caching[foo.org.hibernate.cache.spi.UpdateTimestampsCache] : [CourseMeeting] -> [5579090994573312]
14:18:22,349 DEBUG SQL:104 - 
    insert 
    into
        CourseMeeting
        (courseCode, day, period, location) 
    values
        (?, ?, ?, ?)
14:18:22,350 DEBUG BaseGeneralDataRegion:59 - Caching[foo.org.hibernate.cache.spi.UpdateTimestampsCache] : [CourseMeeting] -> [5579090994585600]
14:18:22,350 DEBUG SQL:104 - 
    insert 
    into
        Student
        (name_first, name_middle, name_last, preferredCourseCode, studentId) 
    values
        (?, ?, ?, ?, ?)
14:18:22,350 DEBUG BaseGeneralDataRegion:59 - Caching[foo.org.hibernate.cache.spi.UpdateTimestampsCache] : [Student] -> [5579090994585601]
14:18:22,350 DEBUG SQL:104 - 
    insert 
    into
        Address
        (addressType, street, city, stateProvince, postalCode, country, studentNumber, id) 
    values
        (?, ?, ?, ?, ?, ?, ?, ?)
14:18:22,351 DEBUG BaseGeneralDataRegion:59 - Caching[foo.org.hibernate.cache.spi.UpdateTimestampsCache] : [Address] -> [5579090994589696]
14:18:22,351 DEBUG SQL:104 - 
    insert 
    into
        Address
        (addressType, street, city, stateProvince, postalCode, country, studentNumber, id) 
    values
        (?, ?, ?, ?, ?, ?, ?, ?)
14:18:22,351 DEBUG BaseGeneralDataRegion:59 - Caching[foo.org.hibernate.cache.spi.UpdateTimestampsCache] : [Address] -> [5579090994589697]
14:18:22,351 DEBUG SQL:104 - 
    insert 
    into
        Student
        (name_first, name_middle, name_last, preferredCourseCode, studentId) 
    values
        (?, ?, ?, ?, ?)
14:18:22,351 DEBUG BaseGeneralDataRegion:59 - Caching[foo.org.hibernate.cache.spi.UpdateTimestampsCache] : [Student] -> [5579090994589698]
14:18:22,351 DEBUG SQL:104 - 
    insert 
    into
        Enrolment
        (semester, "year", studentId, courseCode) 
    values
        (?, ?, ?, ?)
14:18:22,358 DEBUG BaseGeneralDataRegion:59 - Caching[foo.org.hibernate.cache.spi.UpdateTimestampsCache] : [Enrolment] -> [5579090994618368]
14:18:22,359 DEBUG SQL:104 - 
    insert 
    into
        Enrolment
        (semester, "year", studentId, courseCode) 
    values
        (?, ?, ?, ?)
14:18:22,359 DEBUG BaseGeneralDataRegion:59 - Caching[foo.org.hibernate.cache.spi.UpdateTimestampsCache] : [Enrolment] -> [5579090994622464]
14:18:22,359 DEBUG BaseGeneralDataRegion:59 - Caching[foo.org.hibernate.cache.spi.UpdateTimestampsCache] : [CourseMeeting] -> [5579090994622465]
14:18:22,359 DEBUG BaseGeneralDataRegion:59 - Caching[foo.org.hibernate.cache.spi.UpdateTimestampsCache] : [Enrolment] -> [5579090994622466]
14:18:22,359 DEBUG SQL:104 - 
    update
        Address 
    set
        studentNumber=?,
        addressType=? 
    where
        id=?
14:18:22,360 DEBUG SQL:104 - 
    update
        Address 
    set
        studentNumber=?,
        addressType=? 
    where
        id=?
14:18:22,360 DEBUG BaseGeneralDataRegion:59 - Caching[foo.org.hibernate.cache.spi.UpdateTimestampsCache] : [Address] -> [5579090994626560]
14:18:22,360 DEBUG SQL:104 - 
    insert 
    into
        Student_secretCodes
        (studentNumber, i, secretCode) 
    values
        (?, ?, ?)
14:18:22,370 DEBUG BaseGeneralDataRegion:59 - Caching[foo.org.hibernate.cache.spi.UpdateTimestampsCache] : [Student_secretCodes] -> [5579090994667520]
14:18:22,370 DEBUG BaseGeneralDataRegion:59 - Caching[foo.org.hibernate.cache.spi.UpdateTimestampsCache] : [Enrolment] -> [5579090994667521]
14:18:22,370 DEBUG BaseGeneralDataRegion:59 - Caching[foo.org.hibernate.cache.spi.UpdateTimestampsCache] : [Address] -> [5579090994667522]
14:18:22,371 DEBUG SQL:104 - 
    insert 
    into
        Student_secretCodes
        (studentNumber, i, secretCode) 
    values
        (?, ?, ?)
14:18:22,371 DEBUG SQL:104 - 
    insert 
    into
        Student_secretCodes
        (studentNumber, i, secretCode) 
    values
        (?, ?, ?)
14:18:22,371 DEBUG BaseGeneralDataRegion:59 - Caching[foo.org.hibernate.cache.spi.UpdateTimestampsCache] : [Student_secretCodes] -> [5579090994671616]
14:18:22,371 DEBUG BaseGeneralDataRegion:59 - Caching[foo.org.hibernate.cache.spi.UpdateTimestampsCache] : [Student] -> [5579090748911617]
14:18:22,371 DEBUG BaseGeneralDataRegion:59 - Caching[foo.org.hibernate.cache.spi.UpdateTimestampsCache] : [Course] -> [5579090748911617]
14:18:22,371 DEBUG BaseGeneralDataRegion:59 - Caching[foo.org.hibernate.cache.spi.UpdateTimestampsCache] : [Enrolment] -> [5579090748911617]
14:18:22,371 DEBUG BaseGeneralDataRegion:59 - Caching[foo.org.hibernate.cache.spi.UpdateTimestampsCache] : [Student_secretCodes] -> [5579090748911617]
14:18:22,371 DEBUG BaseGeneralDataRegion:59 - Caching[foo.org.hibernate.cache.spi.UpdateTimestampsCache] : [Address] -> [5579090748911617]
14:18:22,371 DEBUG BaseGeneralDataRegion:59 - Caching[foo.org.hibernate.cache.spi.UpdateTimestampsCache] : [CourseMeeting] -> [5579090748911617]
14:18:22,372 DEBUG SQL:104 - 
    select
        student_.studentId,
        student_.name_first as name2_4_,
        student_.name_middle as name3_4_,
        student_.name_last as name4_4_,
        student_.preferredCourseCode as preferre5_4_ 
    from
        Student student_ 
    where
        student_.studentId=?
14:18:22,372 DEBUG SQL:104 - 
    select
        enrolment_.studentId,
        enrolment_.courseCode,
        enrolment_.semester as semester3_,
        enrolment_."year" as year4_3_ 
    from
        Enrolment enrolment_ 
    where
        enrolment_.studentId=? 
        and enrolment_.courseCode=?
14:18:22,398 DEBUG SQL:104 - 
    select
        course_.courseCode,
        course_.description as descript2_1_ 
    from
        Course course_ 
    where
        course_.courseCode=?
14:18:22,399 DEBUG SQL:104 - 
    select
        student_.studentId,
        student_.name_first as name2_4_,
        student_.name_middle as name3_4_,
        student_.name_last as name4_4_,
        student_.preferredCourseCode as preferre5_4_ 
    from
        Student student_ 
    where
        student_.studentId=?
14:18:22,399 DEBUG SQL:104 - 
    select
        enrolment_.studentId,
        enrolment_.courseCode,
        enrolment_.semester as semester3_,
        enrolment_."year" as year4_3_ 
    from
        Enrolment enrolment_ 
    where
        enrolment_.studentId=? 
        and enrolment_.courseCode=?
14:18:22,409 DEBUG SQL:104 - 
    select
        coursemeet_.courseCode,
        coursemeet_.day,
        coursemeet_.period,
        coursemeet_.location 
    from
        CourseMeeting coursemeet_ 
    where
        coursemeet_.courseCode=? 
        and coursemeet_.day=? 
        and coursemeet_.period=? 
        and coursemeet_.location=?
14:18:22,410 DEBUG SQL:104 - 
    select
        coursemeet_.courseCode,
        coursemeet_.day,
        coursemeet_.period,
        coursemeet_.location 
    from
        CourseMeeting coursemeet_ 
    where
        coursemeet_.courseCode=? 
        and coursemeet_.day=? 
        and coursemeet_.period=? 
        and coursemeet_.location=?
14:18:22,418 DEBUG BaseGeneralDataRegion:59 - Caching[foo.org.hibernate.cache.spi.UpdateTimestampsCache] : [Enrolment] -> [5579090994864128]
14:18:22,418 DEBUG SQL:104 - 
    update
        Address 
    set
        studentNumber=null,
        addressType=null 
    where
        studentNumber=?
14:18:22,419 DEBUG BaseGeneralDataRegion:59 - Caching[foo.org.hibernate.cache.spi.UpdateTimestampsCache] : [Address] -> [5579090994868224]
14:18:22,419 DEBUG SQL:104 - 
    delete 
    from
        Student_secretCodes 
    where
        studentNumber=?
14:18:22,419 DEBUG BaseGeneralDataRegion:59 - Caching[foo.org.hibernate.cache.spi.UpdateTimestampsCache] : [Student_secretCodes] -> [5579090994868225]
14:18:22,419 DEBUG BaseGeneralDataRegion:59 - Caching[foo.org.hibernate.cache.spi.UpdateTimestampsCache] : [Enrolment] -> [5579090994868226]
14:18:22,419 DEBUG BaseGeneralDataRegion:59 - Caching[foo.org.hibernate.cache.spi.UpdateTimestampsCache] : [Address] -> [5579090994868227]
14:18:22,419 DEBUG SQL:104 - 
    delete 
    from
        Student_secretCodes 
    where
        studentNumber=?
14:18:22,419 DEBUG BaseGeneralDataRegion:59 - Caching[foo.org.hibernate.cache.spi.UpdateTimestampsCache] : [Student_secretCodes] -> [5579090994868228]
14:18:22,419 DEBUG BaseGeneralDataRegion:59 - Caching[foo.org.hibernate.cache.spi.UpdateTimestampsCache] : [CourseMeeting] -> [5579090994868229]
14:18:22,420 DEBUG SQL:104 - 
    delete 
    from
        Enrolment 
    where
        studentId=? 
        and courseCode=?
14:18:22,429 DEBUG BaseGeneralDataRegion:59 - Caching[foo.org.hibernate.cache.spi.UpdateTimestampsCache] : [Enrolment] -> [5579090994909184]
14:18:22,429 DEBUG SQL:104 - 
    delete 
    from
        Address 
    where
        id=?
14:18:22,429 DEBUG BaseGeneralDataRegion:59 - Caching[foo.org.hibernate.cache.spi.UpdateTimestampsCache] : [Address] -> [5579090994909185]
14:18:22,429 DEBUG SQL:104 - 
    delete 
    from
        Address 
    where
        id=?
14:18:22,430 DEBUG BaseGeneralDataRegion:59 - Caching[foo.org.hibernate.cache.spi.UpdateTimestampsCache] : [Address] -> [5579090994913280]
14:18:22,430 DEBUG SQL:104 - 
    delete 
    from
        Student 
    where
        studentId=?
14:18:22,430 DEBUG BaseGeneralDataRegion:59 - Caching[foo.org.hibernate.cache.spi.UpdateTimestampsCache] : [Student] -> [5579090994913281]
14:18:22,430 DEBUG SQL:104 - 
    delete 
    from
        Enrolment 
    where
        studentId=? 
        and courseCode=?
14:18:22,441 DEBUG BaseGeneralDataRegion:59 - Caching[foo.org.hibernate.cache.spi.UpdateTimestampsCache] : [Enrolment] -> [5579090994958336]
14:18:22,441 DEBUG SQL:104 - 
    delete 
    from
        Student 
    where
        studentId=?
14:18:22,441 DEBUG BaseGeneralDataRegion:59 - Caching[foo.org.hibernate.cache.spi.UpdateTimestampsCache] : [Student] -> [5579090994958337]
14:18:22,441 DEBUG SQL:104 - 
    delete 
    from
        CourseMeeting 
    where
        courseCode=? 
        and day=? 
        and period=? 
        and location=?
14:18:22,441 DEBUG BaseGeneralDataRegion:59 - Caching[foo.org.hibernate.cache.spi.UpdateTimestampsCache] : [CourseMeeting] -> [5579090994958338]
14:18:22,442 DEBUG SQL:104 - 
    delete 
    from
        CourseMeeting 
    where
        courseCode=? 
        and day=? 
        and period=? 
        and location=?
14:18:22,451 DEBUG BaseGeneralDataRegion:59 - Caching[foo.org.hibernate.cache.spi.UpdateTimestampsCache] : [CourseMeeting] -> [5579090994999296]
14:18:22,452 DEBUG SQL:104 - 
    delete 
    from
        Course 
    where
        courseCode=?
14:18:22,452 DEBUG BaseGeneralDataRegion:59 - Caching[foo.org.hibernate.cache.spi.UpdateTimestampsCache] : [Course] -> [5579090995003392]
14:18:22,452 DEBUG BaseGeneralDataRegion:59 - Caching[foo.org.hibernate.cache.spi.UpdateTimestampsCache] : [Student] -> [5579090749243393]
14:18:22,452 DEBUG BaseGeneralDataRegion:59 - Caching[foo.org.hibernate.cache.spi.UpdateTimestampsCache] : [Course] -> [5579090749243393]
14:18:22,452 DEBUG BaseGeneralDataRegion:59 - Caching[foo.org.hibernate.cache.spi.UpdateTimestampsCache] : [Enrolment] -> [5579090749243393]
14:18:22,452 DEBUG BaseGeneralDataRegion:59 - Caching[foo.org.hibernate.cache.spi.UpdateTimestampsCache] : [Student_secretCodes] -> [5579090749243393]
14:18:22,452 DEBUG BaseGeneralDataRegion:59 - Caching[foo.org.hibernate.cache.spi.UpdateTimestampsCache] : [Address] -> [5579090749243393]
14:18:22,452 DEBUG BaseGeneralDataRegion:59 - Caching[foo.org.hibernate.cache.spi.UpdateTimestampsCache] : [CourseMeeting] -> [5579090749243393]
14:18:22,453 DEBUG SQL:104 - 
    select
        coursemeet_.courseCode,
        coursemeet_.day,
        coursemeet_.period,
        coursemeet_.location 
    from
        CourseMeeting coursemeet_ 
    where
        coursemeet_.courseCode=? 
        and coursemeet_.day=? 
        and coursemeet_.period=? 
        and coursemeet_.location=?
14:18:22,453 DEBUG SQL:104 - 
    select
        coursemeet_.courseCode,
        coursemeet_.day,
        coursemeet_.period,
        coursemeet_.location 
    from
        CourseMeeting coursemeet_ 
    where
        coursemeet_.courseCode=? 
        and coursemeet_.day=? 
        and coursemeet_.period=? 
        and coursemeet_.location=?
14:18:22,463 DEBUG SQL:104 - 
    insert 
    into
        Course
        (description, courseCode) 
    values
        (?, ?)
14:18:22,464 DEBUG BaseGeneralDataRegion:59 - Caching[foo.org.hibernate.cache.spi.UpdateTimestampsCache] : [Course] -> [5579090995052544]
14:18:22,464 DEBUG SQL:104 - 
    insert 
    into
        CourseMeeting
        (courseCode, day, period, location) 
    values
        (?, ?, ?, ?)
14:18:22,464 DEBUG BaseGeneralDataRegion:59 - Caching[foo.org.hibernate.cache.spi.UpdateTimestampsCache] : [CourseMeeting] -> [5579090995052545]
14:18:22,464 DEBUG SQL:104 - 
    insert 
    into
        CourseMeeting
        (courseCode, day, period, location) 
    values
        (?, ?, ?, ?)
14:18:22,474 DEBUG BaseGeneralDataRegion:59 - Caching[foo.org.hibernate.cache.spi.UpdateTimestampsCache] : [CourseMeeting] -> [5579090995093504]
14:18:22,474 DEBUG SQL:104 - 
    insert 
    into
        Student
        (name_first, name_middle, name_last, preferredCourseCode, studentId) 
    values
        (?, ?, ?, ?, ?)
14:18:22,474 DEBUG BaseGeneralDataRegion:59 - Caching[foo.org.hibernate.cache.spi.UpdateTimestampsCache] : [Student] -> [5579090995093505]
14:18:22,475 DEBUG SQL:104 - 
    insert 
    into
        Address
        (addressType, street, city, stateProvince, postalCode, country, studentNumber, id) 
    values
        (?, ?, ?, ?, ?, ?, ?, ?)
14:18:22,475 DEBUG BaseGeneralDataRegion:59 - Caching[foo.org.hibernate.cache.spi.UpdateTimestampsCache] : [Address] -> [5579090995097600]
14:18:22,475 DEBUG SQL:104 - 
    insert 
    into
        Address
        (addressType, street, city, stateProvince, postalCode, country, studentNumber, id) 
    values
        (?, ?, ?, ?, ?, ?, ?, ?)
14:18:22,475 DEBUG BaseGeneralDataRegion:59 - Caching[foo.org.hibernate.cache.spi.UpdateTimestampsCache] : [Address] -> [5579090995097601]
14:18:22,475 DEBUG SQL:104 - 
    insert 
    into
        Student
        (name_first, name_middle, name_last, preferredCourseCode, studentId) 
    values
        (?, ?, ?, ?, ?)
14:18:22,475 DEBUG BaseGeneralDataRegion:59 - Caching[foo.org.hibernate.cache.spi.UpdateTimestampsCache] : [Student] -> [5579090995097602]
14:18:22,475 DEBUG SQL:104 - 
    insert 
    into
        Enrolment
        (semester, "year", studentId, courseCode) 
    values
        (?, ?, ?, ?)
14:18:22,476 DEBUG BaseGeneralDataRegion:59 - Caching[foo.org.hibernate.cache.spi.UpdateTimestampsCache] : [Enrolment] -> [5579090995101696]
14:18:22,476 DEBUG SQL:104 - 
    insert 
    into
        Enrolment
        (semester, "year", studentId, courseCode) 
    values
        (?, ?, ?, ?)
14:18:22,476 DEBUG BaseGeneralDataRegion:59 - Caching[foo.org.hibernate.cache.spi.UpdateTimestampsCache] : [Enrolment] -> [5579090995101697]
14:18:22,476 DEBUG BaseGeneralDataRegion:59 - Caching[foo.org.hibernate.cache.spi.UpdateTimestampsCache] : [CourseMeeting] -> [5579090995101698]
14:18:22,476 DEBUG BaseGeneralDataRegion:59 - Caching[foo.org.hibernate.cache.spi.UpdateTimestampsCache] : [Enrolment] -> [5579090995101699]
14:18:22,476 DEBUG SQL:104 - 
    update
        Address 
    set
        studentNumber=?,
        addressType=? 
    where
        id=?
14:18:22,486 DEBUG SQL:104 - 
    update
        Address 
    set
        studentNumber=?,
        addressType=? 
    where
        id=?
14:18:22,486 DEBUG BaseGeneralDataRegion:59 - Caching[foo.org.hibernate.cache.spi.UpdateTimestampsCache] : [Address] -> [5579090995142656]
14:18:22,487 DEBUG SQL:104 - 
    insert 
    into
        Student_secretCodes
        (studentNumber, i, secretCode) 
    values
        (?, ?, ?)
14:18:22,487 DEBUG BaseGeneralDataRegion:59 - Caching[foo.org.hibernate.cache.spi.UpdateTimestampsCache] : [Student_secretCodes] -> [5579090995146752]
14:18:22,487 DEBUG BaseGeneralDataRegion:59 - Caching[foo.org.hibernate.cache.spi.UpdateTimestampsCache] : [Enrolment] -> [5579090995146753]
14:18:22,487 DEBUG BaseGeneralDataRegion:59 - Caching[foo.org.hibernate.cache.spi.UpdateTimestampsCache] : [Address] -> [5579090995146754]
14:18:22,487 DEBUG SQL:104 - 
    insert 
    into
        Student_secretCodes
        (studentNumber, i, secretCode) 
    values
        (?, ?, ?)
14:18:22,496 DEBUG SQL:104 - 
    insert 
    into
        Student_secretCodes
        (studentNumber, i, secretCode) 
    values
        (?, ?, ?)
14:18:22,496 DEBUG BaseGeneralDataRegion:59 - Caching[foo.org.hibernate.cache.spi.UpdateTimestampsCache] : [Student_secretCodes] -> [5579090995183616]
14:18:22,496 DEBUG BaseGeneralDataRegion:59 - Caching[foo.org.hibernate.cache.spi.UpdateTimestampsCache] : [Student] -> [5579090749423617]
14:18:22,496 DEBUG BaseGeneralDataRegion:59 - Caching[foo.org.hibernate.cache.spi.UpdateTimestampsCache] : [Course] -> [5579090749423617]
14:18:22,496 DEBUG BaseGeneralDataRegion:59 - Caching[foo.org.hibernate.cache.spi.UpdateTimestampsCache] : [Enrolment] -> [5579090749423617]
14:18:22,497 DEBUG BaseGeneralDataRegion:59 - Caching[foo.org.hibernate.cache.spi.UpdateTimestampsCache] : [Student_secretCodes] -> [5579090749423617]
14:18:22,497 DEBUG BaseGeneralDataRegion:59 - Caching[foo.org.hibernate.cache.spi.UpdateTimestampsCache] : [Address] -> [5579090749423617]
14:18:22,497 DEBUG BaseGeneralDataRegion:59 - Caching[foo.org.hibernate.cache.spi.UpdateTimestampsCache] : [CourseMeeting] -> [5579090749423617]
14:18:22,497 DEBUG SQL:104 - 
    select
        student_.studentId,
        student_.name_first as name2_4_,
        student_.name_middle as name3_4_,
        student_.name_last as name4_4_,
        student_.preferredCourseCode as preferre5_4_ 
    from
        Student student_ 
    where
        student_.studentId=?
14:18:22,497 DEBUG SQL:104 - 
    select
        enrolment_.studentId,
        enrolment_.courseCode,
        enrolment_.semester as semester3_,
        enrolment_."year" as year4_3_ 
    from
        Enrolment enrolment_ 
    where
        enrolment_.studentId=? 
        and enrolment_.courseCode=?
14:18:22,498 DEBUG SQL:104 - 
    select
        course_.courseCode,
        course_.description as descript2_1_ 
    from
        Course course_ 
    where
        course_.courseCode=?
14:18:22,520 DEBUG SQL:104 - 
    select
        student_.studentId,
        student_.name_first as name2_4_,
        student_.name_middle as name3_4_,
        student_.name_last as name4_4_,
        student_.preferredCourseCode as preferre5_4_ 
    from
        Student student_ 
    where
        student_.studentId=?
14:18:22,521 DEBUG SQL:104 - 
    select
        enrolment_.studentId,
        enrolment_.courseCode,
        enrolment_.semester as semester3_,
        enrolment_."year" as year4_3_ 
    from
        Enrolment enrolment_ 
    where
        enrolment_.studentId=? 
        and enrolment_.courseCode=?
14:18:22,521 DEBUG SQL:104 - 
    select
        coursemeet_.courseCode,
        coursemeet_.day,
        coursemeet_.period,
        coursemeet_.location 
    from
        CourseMeeting coursemeet_ 
    where
        coursemeet_.courseCode=? 
        and coursemeet_.day=? 
        and coursemeet_.period=? 
        and coursemeet_.location=?
14:18:22,535 DEBUG SQL:104 - 
    select
        coursemeet_.courseCode,
        coursemeet_.day,
        coursemeet_.period,
        coursemeet_.location 
    from
        CourseMeeting coursemeet_ 
    where
        coursemeet_.courseCode=? 
        and coursemeet_.day=? 
        and coursemeet_.period=? 
        and coursemeet_.location=?
14:18:22,536 DEBUG BaseGeneralDataRegion:59 - Caching[foo.org.hibernate.cache.spi.UpdateTimestampsCache] : [Enrolment] -> [5579090995347456]
14:18:22,536 DEBUG SQL:104 - 
    update
        Address 
    set
        studentNumber=null,
        addressType=null 
    where
        studentNumber=?
14:18:22,536 DEBUG BaseGeneralDataRegion:59 - Caching[foo.org.hibernate.cache.spi.UpdateTimestampsCache] : [Address] -> [5579090995347457]
14:18:22,541 DEBUG SQL:104 - 
    delete 
    from
        Student_secretCodes 
    where
        studentNumber=?
14:18:22,541 DEBUG BaseGeneralDataRegion:59 - Caching[foo.org.hibernate.cache.spi.UpdateTimestampsCache] : [Student_secretCodes] -> [5579090995367936]
14:18:22,541 DEBUG BaseGeneralDataRegion:59 - Caching[foo.org.hibernate.cache.spi.UpdateTimestampsCache] : [Enrolment] -> [5579090995367937]
14:18:22,541 DEBUG BaseGeneralDataRegion:59 - Caching[foo.org.hibernate.cache.spi.UpdateTimestampsCache] : [Address] -> [5579090995367938]
14:18:22,542 DEBUG SQL:104 - 
    delete 
    from
        Student_secretCodes 
    where
        studentNumber=?
14:18:22,542 DEBUG BaseGeneralDataRegion:59 - Caching[foo.org.hibernate.cache.spi.UpdateTimestampsCache] : [Student_secretCodes] -> [5579090995372032]
14:18:22,542 DEBUG BaseGeneralDataRegion:59 - Caching[foo.org.hibernate.cache.spi.UpdateTimestampsCache] : [CourseMeeting] -> [5579090995372033]
14:18:22,542 DEBUG SQL:104 - 
    delete 
    from
        Enrolment 
    where
        studentId=? 
        and courseCode=?
14:18:22,542 DEBUG BaseGeneralDataRegion:59 - Caching[foo.org.hibernate.cache.spi.UpdateTimestampsCache] : [Enrolment] -> [5579090995372034]
14:18:22,543 DEBUG SQL:104 - 
    delete 
    from
        Address 
    where
        id=?
14:18:22,551 DEBUG BaseGeneralDataRegion:59 - Caching[foo.org.hibernate.cache.spi.UpdateTimestampsCache] : [Address] -> [5579090995408896]
14:18:22,551 DEBUG SQL:104 - 
    delete 
    from
        Address 
    where
        id=?
14:18:22,551 DEBUG BaseGeneralDataRegion:59 - Caching[foo.org.hibernate.cache.spi.UpdateTimestampsCache] : [Address] -> [5579090995408897]
14:18:22,551 DEBUG SQL:104 - 
    delete 
    from
        Student 
    where
        studentId=?
14:18:22,551 DEBUG BaseGeneralDataRegion:59 - Caching[foo.org.hibernate.cache.spi.UpdateTimestampsCache] : [Student] -> [5579090995408898]
14:18:22,552 DEBUG SQL:104 - 
    delete 
    from
        Enrolment 
    where
        studentId=? 
        and courseCode=?
14:18:22,552 DEBUG BaseGeneralDataRegion:59 - Caching[foo.org.hibernate.cache.spi.UpdateTimestampsCache] : [Enrolment] -> [5579090995412992]
14:18:22,552 DEBUG SQL:104 - 
    delete 
    from
        Student 
    where
        studentId=?
14:18:22,562 DEBUG BaseGeneralDataRegion:59 - Caching[foo.org.hibernate.cache.spi.UpdateTimestampsCache] : [Student] -> [5579090995453952]
14:18:22,562 DEBUG SQL:104 - 
    delete 
    from
        CourseMeeting 
    where
        courseCode=? 
        and day=? 
        and period=? 
        and location=?
14:18:22,563 DEBUG BaseGeneralDataRegion:59 - Caching[foo.org.hibernate.cache.spi.UpdateTimestampsCache] : [CourseMeeting] -> [5579090995458048]
14:18:22,563 DEBUG SQL:104 - 
    delete 
    from
        CourseMeeting 
    where
        courseCode=? 
        and day=? 
        and period=? 
        and location=?
14:18:22,563 DEBUG BaseGeneralDataRegion:59 - Caching[foo.org.hibernate.cache.spi.UpdateTimestampsCache] : [CourseMeeting] -> [5579090995458049]
14:18:22,564 DEBUG SQL:104 - 
    delete 
    from
        Course 
    where
        courseCode=?
14:18:22,564 DEBUG BaseGeneralDataRegion:59 - Caching[foo.org.hibernate.cache.spi.UpdateTimestampsCache] : [Course] -> [5579090995462144]
14:18:22,564 DEBUG BaseGeneralDataRegion:59 - Caching[foo.org.hibernate.cache.spi.UpdateTimestampsCache] : [Student] -> [5579090749702145]
14:18:22,564 DEBUG BaseGeneralDataRegion:59 - Caching[foo.org.hibernate.cache.spi.UpdateTimestampsCache] : [Course] -> [5579090749702145]
14:18:22,576 DEBUG BaseGeneralDataRegion:59 - Caching[foo.org.hibernate.cache.spi.UpdateTimestampsCache] : [Enrolment] -> [5579090749702145]
14:18:22,576 DEBUG BaseGeneralDataRegion:59 - Caching[foo.org.hibernate.cache.spi.UpdateTimestampsCache] : [Student_secretCodes] -> [5579090749702145]
14:18:22,576 DEBUG BaseGeneralDataRegion:59 - Caching[foo.org.hibernate.cache.spi.UpdateTimestampsCache] : [Address] -> [5579090749702145]
14:18:22,576 DEBUG BaseGeneralDataRegion:59 - Caching[foo.org.hibernate.cache.spi.UpdateTimestampsCache] : [CourseMeeting] -> [5579090749702145]
14:18:22,577 DEBUG SQL:104 - 
    select
        coursemeet_.courseCode,
        coursemeet_.day,
        coursemeet_.period,
        coursemeet_.location 
    from
        CourseMeeting coursemeet_ 
    where
        coursemeet_.courseCode=? 
        and coursemeet_.day=? 
        and coursemeet_.period=? 
        and coursemeet_.location=?
14:18:22,577 DEBUG SQL:104 - 
    select
        coursemeet_.courseCode,
        coursemeet_.day,
        coursemeet_.period,
        coursemeet_.location 
    from
        CourseMeeting coursemeet_ 
    where
        coursemeet_.courseCode=? 
        and coursemeet_.day=? 
        and coursemeet_.period=? 
        and coursemeet_.location=?
14:18:22,578 DEBUG SQL:104 - 
    insert 
    into
        Course
        (description, courseCode) 
    values
        (?, ?)
14:18:22,587 DEBUG BaseGeneralDataRegion:59 - Caching[foo.org.hibernate.cache.spi.UpdateTimestampsCache] : [Course] -> [5579090995556352]
14:18:22,587 DEBUG SQL:104 - 
    insert 
    into
        CourseMeeting
        (courseCode, day, period, location) 
    values
        (?, ?, ?, ?)
14:18:22,588 DEBUG BaseGeneralDataRegion:59 - Caching[foo.org.hibernate.cache.spi.UpdateTimestampsCache] : [CourseMeeting] -> [5579090995560448]
14:18:22,588 DEBUG SQL:104 - 
    insert 
    into
        CourseMeeting
        (courseCode, day, period, location) 
    values
        (?, ?, ?, ?)
14:18:22,588 DEBUG BaseGeneralDataRegion:59 - Caching[foo.org.hibernate.cache.spi.UpdateTimestampsCache] : [CourseMeeting] -> [5579090995560449]
14:18:22,588 DEBUG SQL:104 - 
    insert 
    into
        Student
        (name_first, name_middle, name_last, preferredCourseCode, studentId) 
    values
        (?, ?, ?, ?, ?)
14:18:22,598 DEBUG BaseGeneralDataRegion:59 - Caching[foo.org.hibernate.cache.spi.UpdateTimestampsCache] : [Student] -> [5579090995601408]
14:18:22,599 DEBUG SQL:104 - 
    insert 
    into
        Address
        (addressType, street, city, stateProvince, postalCode, country, studentNumber, id) 
    values
        (?, ?, ?, ?, ?, ?, ?, ?)
14:18:22,599 DEBUG BaseGeneralDataRegion:59 - Caching[foo.org.hibernate.cache.spi.UpdateTimestampsCache] : [Address] -> [5579090995605504]
14:18:22,599 DEBUG SQL:104 - 
    insert 
    into
        Address
        (addressType, street, city, stateProvince, postalCode, country, studentNumber, id) 
    values
        (?, ?, ?, ?, ?, ?, ?, ?)
14:18:22,599 DEBUG BaseGeneralDataRegion:59 - Caching[foo.org.hibernate.cache.spi.UpdateTimestampsCache] : [Address] -> [5579090995605505]
14:18:22,599 DEBUG SQL:104 - 
    insert 
    into
        Student
        (name_first, name_middle, name_last, preferredCourseCode, studentId) 
    values
        (?, ?, ?, ?, ?)
14:18:22,599 DEBUG BaseGeneralDataRegion:59 - Caching[foo.org.hibernate.cache.spi.UpdateTimestampsCache] : [Student] -> [5579090995605506]
14:18:22,600 DEBUG SQL:104 - 
    insert 
    into
        Enrolment
        (semester, "year", studentId, courseCode) 
    values
        (?, ?, ?, ?)
14:18:22,600 DEBUG BaseGeneralDataRegion:59 - Caching[foo.org.hibernate.cache.spi.UpdateTimestampsCache] : [Enrolment] -> [5579090995609600]
14:18:22,600 DEBUG SQL:104 - 
    insert 
    into
        Enrolment
        (semester, "year", studentId, courseCode) 
    values
        (?, ?, ?, ?)
14:18:22,600 DEBUG BaseGeneralDataRegion:59 - Caching[foo.org.hibernate.cache.spi.UpdateTimestampsCache] : [Enrolment] -> [5579090995609601]
14:18:22,600 DEBUG BaseGeneralDataRegion:59 - Caching[foo.org.hibernate.cache.spi.UpdateTimestampsCache] : [CourseMeeting] -> [5579090995609602]
14:18:22,600 DEBUG BaseGeneralDataRegion:59 - Caching[foo.org.hibernate.cache.spi.UpdateTimestampsCache] : [Enrolment] -> [5579090995609603]
14:18:22,600 DEBUG SQL:104 - 
    update
        Address 
    set
        studentNumber=?,
        addressType=? 
    where
        id=?
14:18:22,601 DEBUG SQL:104 - 
    update
        Address 
    set
        studentNumber=?,
        addressType=? 
    where
        id=?
14:18:22,601 DEBUG BaseGeneralDataRegion:59 - Caching[foo.org.hibernate.cache.spi.UpdateTimestampsCache] : [Address] -> [5579090995613696]
14:18:22,609 DEBUG SQL:104 - 
    insert 
    into
        Student_secretCodes
        (studentNumber, i, secretCode) 
    values
        (?, ?, ?)
14:18:22,610 DEBUG BaseGeneralDataRegion:59 - Caching[foo.org.hibernate.cache.spi.UpdateTimestampsCache] : [Student_secretCodes] -> [5579090995650560]
14:18:22,610 DEBUG BaseGeneralDataRegion:59 - Caching[foo.org.hibernate.cache.spi.UpdateTimestampsCache] : [Enrolment] -> [5579090995650561]
14:18:22,610 DEBUG BaseGeneralDataRegion:59 - Caching[foo.org.hibernate.cache.spi.UpdateTimestampsCache] : [Address] -> [5579090995650562]
14:18:22,610 DEBUG SQL:104 - 
    insert 
    into
        Student_secretCodes
        (studentNumber, i, secretCode) 
    values
        (?, ?, ?)
14:18:22,610 DEBUG SQL:104 - 
    insert 
    into
        Student_secretCodes
        (studentNumber, i, secretCode) 
    values
        (?, ?, ?)
14:18:22,611 DEBUG BaseGeneralDataRegion:59 - Caching[foo.org.hibernate.cache.spi.UpdateTimestampsCache] : [Student_secretCodes] -> [5579090995654656]
14:18:22,611 DEBUG BaseGeneralDataRegion:59 - Caching[foo.org.hibernate.cache.spi.UpdateTimestampsCache] : [Student] -> [5579090749894657]
14:18:22,611 DEBUG BaseGeneralDataRegion:59 - Caching[foo.org.hibernate.cache.spi.UpdateTimestampsCache] : [Course] -> [5579090749894657]
14:18:22,611 DEBUG BaseGeneralDataRegion:59 - Caching[foo.org.hibernate.cache.spi.UpdateTimestampsCache] : [Enrolment] -> [5579090749894657]
14:18:22,611 DEBUG BaseGeneralDataRegion:59 - Caching[foo.org.hibernate.cache.spi.UpdateTimestampsCache] : [Student_secretCodes] -> [5579090749894657]
14:18:22,620 DEBUG BaseGeneralDataRegion:59 - Caching[foo.org.hibernate.cache.spi.UpdateTimestampsCache] : [Address] -> [5579090749894657]
14:18:22,620 DEBUG BaseGeneralDataRegion:59 - Caching[foo.org.hibernate.cache.spi.UpdateTimestampsCache] : [CourseMeeting] -> [5579090749894657]
14:18:22,621 DEBUG SQL:104 - 
    select
        student_.studentId,
        student_.name_first as name2_4_,
        student_.name_middle as name3_4_,
        student_.name_last as name4_4_,
        student_.preferredCourseCode as preferre5_4_ 
    from
        Student student_ 
    where
        student_.studentId=?
14:18:22,621 DEBUG SQL:104 - 
    select
        enrolment_.studentId,
        enrolment_.courseCode,
        enrolment_.semester as semester3_,
        enrolment_."year" as year4_3_ 
    from
        Enrolment enrolment_ 
    where
        enrolment_.studentId=? 
        and enrolment_.courseCode=?
14:18:22,622 DEBUG SQL:104 - 
    select
        course_.courseCode,
        course_.description as descript2_1_ 
    from
        Course course_ 
    where
        course_.courseCode=?
14:18:22,622 DEBUG SQL:104 - 
    select
        student_.studentId,
        student_.name_first as name2_4_,
        student_.name_middle as name3_4_,
        student_.name_last as name4_4_,
        student_.preferredCourseCode as preferre5_4_ 
    from
        Student student_ 
    where
        student_.studentId=?
14:18:22,622 DEBUG SQL:104 - 
    select
        enrolment_.studentId,
        enrolment_.courseCode,
        enrolment_.semester as semester3_,
        enrolment_."year" as year4_3_ 
    from
        Enrolment enrolment_ 
    where
        enrolment_.studentId=? 
        and enrolment_.courseCode=?
14:18:22,643 DEBUG SQL:104 - 
    select
        coursemeet_.courseCode,
        coursemeet_.day,
        coursemeet_.period,
        coursemeet_.location 
    from
        CourseMeeting coursemeet_ 
    where
        coursemeet_.courseCode=? 
        and coursemeet_.day=? 
        and coursemeet_.period=? 
        and coursemeet_.location=?
14:18:22,644 DEBUG SQL:104 - 
    select
        coursemeet_.courseCode,
        coursemeet_.day,
        coursemeet_.period,
        coursemeet_.location 
    from
        CourseMeeting coursemeet_ 
    where
        coursemeet_.courseCode=? 
        and coursemeet_.day=? 
        and coursemeet_.period=? 
        and coursemeet_.location=?
14:18:22,654 DEBUG BaseGeneralDataRegion:59 - Caching[foo.org.hibernate.cache.spi.UpdateTimestampsCache] : [Enrolment] -> [5579090995830784]
14:18:22,655 DEBUG SQL:104 - 
    update
        Address 
    set
        studentNumber=null,
        addressType=null 
    where
        studentNumber=?
14:18:22,655 DEBUG BaseGeneralDataRegion:59 - Caching[foo.org.hibernate.cache.spi.UpdateTimestampsCache] : [Address] -> [5579090995834880]
14:18:22,655 DEBUG SQL:104 - 
    delete 
    from
        Student_secretCodes 
    where
        studentNumber=?
14:18:22,655 DEBUG BaseGeneralDataRegion:59 - Caching[foo.org.hibernate.cache.spi.UpdateTimestampsCache] : [Student_secretCodes] -> [5579090995834881]
14:18:22,655 DEBUG BaseGeneralDataRegion:59 - Caching[foo.org.hibernate.cache.spi.UpdateTimestampsCache] : [Enrolment] -> [5579090995834882]
14:18:22,655 DEBUG BaseGeneralDataRegion:59 - Caching[foo.org.hibernate.cache.spi.UpdateTimestampsCache] : [Address] -> [5579090995834883]
14:18:22,655 DEBUG SQL:104 - 
    delete 
    from
        Student_secretCodes 
    where
        studentNumber=?
14:18:22,655 DEBUG BaseGeneralDataRegion:59 - Caching[foo.org.hibernate.cache.spi.UpdateTimestampsCache] : [Student_secretCodes] -> [5579090995834884]
14:18:22,664 DEBUG BaseGeneralDataRegion:59 - Caching[foo.org.hibernate.cache.spi.UpdateTimestampsCache] : [CourseMeeting] -> [5579090995871744]
14:18:22,664 DEBUG SQL:104 - 
    delete 
    from
        Enrolment 
    where
        studentId=? 
        and courseCode=?
14:18:22,664 DEBUG BaseGeneralDataRegion:59 - Caching[foo.org.hibernate.cache.spi.UpdateTimestampsCache] : [Enrolment] -> [5579090995871745]
14:18:22,664 DEBUG SQL:104 - 
    delete 
    from
        Address 
    where
        id=?
14:18:22,665 DEBUG BaseGeneralDataRegion:59 - Caching[foo.org.hibernate.cache.spi.UpdateTimestampsCache] : [Address] -> [5579090995875840]
14:18:22,665 DEBUG SQL:104 - 
    delete 
    from
        Address 
    where
        id=?
14:18:22,665 DEBUG BaseGeneralDataRegion:59 - Caching[foo.org.hibernate.cache.spi.UpdateTimestampsCache] : [Address] -> [5579090995875841]
14:18:22,665 DEBUG SQL:104 - 
    delete 
    from
        Student 
    where
        studentId=?
14:18:22,665 DEBUG BaseGeneralDataRegion:59 - Caching[foo.org.hibernate.cache.spi.UpdateTimestampsCache] : [Student] -> [5579090995875842]
14:18:22,673 DEBUG SQL:104 - 
    delete 
    from
        Enrolment 
    where
        studentId=? 
        and courseCode=?
14:18:22,674 DEBUG BaseGeneralDataRegion:59 - Caching[foo.org.hibernate.cache.spi.UpdateTimestampsCache] : [Enrolment] -> [5579090995912704]
14:18:22,674 DEBUG SQL:104 - 
    delete 
    from
        Student 
    where
        studentId=?
14:18:22,674 DEBUG BaseGeneralDataRegion:59 - Caching[foo.org.hibernate.cache.spi.UpdateTimestampsCache] : [Student] -> [5579090995912705]
14:18:22,674 DEBUG SQL:104 - 
    delete 
    from
        CourseMeeting 
    where
        courseCode=? 
        and day=? 
        and period=? 
        and location=?
14:18:22,674 DEBUG BaseGeneralDataRegion:59 - Caching[foo.org.hibernate.cache.spi.UpdateTimestampsCache] : [CourseMeeting] -> [5579090995912706]
14:18:22,674 DEBUG SQL:104 - 
    delete 
    from
        CourseMeeting 
    where
        courseCode=? 
        and day=? 
        and period=? 
        and location=?
14:18:22,685 DEBUG BaseGeneralDataRegion:59 - Caching[foo.org.hibernate.cache.spi.UpdateTimestampsCache] : [CourseMeeting] -> [5579090995957760]
14:18:22,685 DEBUG SQL:104 - 
    delete 
    from
        Course 
    where
        courseCode=?
14:18:22,685 DEBUG BaseGeneralDataRegion:59 - Caching[foo.org.hibernate.cache.spi.UpdateTimestampsCache] : [Course] -> [5579090995957761]
14:18:22,685 DEBUG BaseGeneralDataRegion:59 - Caching[foo.org.hibernate.cache.spi.UpdateTimestampsCache] : [Student] -> [5579090750197762]
14:18:22,685 DEBUG BaseGeneralDataRegion:59 - Caching[foo.org.hibernate.cache.spi.UpdateTimestampsCache] : [Course] -> [5579090750197762]
14:18:22,685 DEBUG BaseGeneralDataRegion:59 - Caching[foo.org.hibernate.cache.spi.UpdateTimestampsCache] : [Enrolment] -> [5579090750197762]
14:18:22,686 DEBUG BaseGeneralDataRegion:59 - Caching[foo.org.hibernate.cache.spi.UpdateTimestampsCache] : [Student_secretCodes] -> [5579090750197762]
14:18:22,686 DEBUG BaseGeneralDataRegion:59 - Caching[foo.org.hibernate.cache.spi.UpdateTimestampsCache] : [Address] -> [5579090750197762]
14:18:22,686 DEBUG BaseGeneralDataRegion:59 - Caching[foo.org.hibernate.cache.spi.UpdateTimestampsCache] : [CourseMeeting] -> [5579090750197762]
14:18:22,686  INFO CustomRunner:139 - Test: testEntityWithJoinFetchedLazyManyToOneUsingProjectionList
14:18:22,687 DEBUG SQL:104 - 
    select
        coursemeet_.courseCode,
        coursemeet_.day,
        coursemeet_.period,
        coursemeet_.location 
    from
        CourseMeeting coursemeet_ 
    where
        coursemeet_.courseCode=? 
        and coursemeet_.day=? 
        and coursemeet_.period=? 
        and coursemeet_.location=?
14:18:22,694 DEBUG SQL:104 - 
    select
        coursemeet_.courseCode,
        coursemeet_.day,
        coursemeet_.period,
        coursemeet_.location 
    from
        CourseMeeting coursemeet_ 
    where
        coursemeet_.courseCode=? 
        and coursemeet_.day=? 
        and coursemeet_.period=? 
        and coursemeet_.location=?
14:18:22,696 DEBUG SQL:104 - 
    insert 
    into
        Course
        (description, courseCode) 
    values
        (?, ?)
14:18:22,696 DEBUG BaseGeneralDataRegion:59 - Caching[foo.org.hibernate.cache.spi.UpdateTimestampsCache] : [Course] -> [5579090996002816]
14:18:22,696 DEBUG SQL:104 - 
    insert 
    into
        CourseMeeting
        (courseCode, day, period, location) 
    values
        (?, ?, ?, ?)
14:18:22,704 DEBUG BaseGeneralDataRegion:59 - Caching[foo.org.hibernate.cache.spi.UpdateTimestampsCache] : [CourseMeeting] -> [5579090996035584]
14:18:22,704 DEBUG SQL:104 - 
    insert 
    into
        CourseMeeting
        (courseCode, day, period, location) 
    values
        (?, ?, ?, ?)
14:18:22,705 DEBUG BaseGeneralDataRegion:59 - Caching[foo.org.hibernate.cache.spi.UpdateTimestampsCache] : [CourseMeeting] -> [5579090996039680]
14:18:22,705 DEBUG SQL:104 - 
    insert 
    into
        Student
        (name_first, name_middle, name_last, preferredCourseCode, studentId) 
    values
        (?, ?, ?, ?, ?)
14:18:22,705 DEBUG BaseGeneralDataRegion:59 - Caching[foo.org.hibernate.cache.spi.UpdateTimestampsCache] : [Student] -> [5579090996039681]
14:18:22,705 DEBUG SQL:104 - 
    insert 
    into
        Address
        (addressType, street, city, stateProvince, postalCode, country, studentNumber, id) 
    values
        (?, ?, ?, ?, ?, ?, ?, ?)
14:18:22,705 DEBUG BaseGeneralDataRegion:59 - Caching[foo.org.hibernate.cache.spi.UpdateTimestampsCache] : [Address] -> [5579090996039682]
14:18:22,705 DEBUG SQL:104 - 
    insert 
    into
        Address
        (addressType, street, city, stateProvince, postalCode, country, studentNumber, id) 
    values
        (?, ?, ?, ?, ?, ?, ?, ?)
14:18:22,715 DEBUG BaseGeneralDataRegion:59 - Caching[foo.org.hibernate.cache.spi.UpdateTimestampsCache] : [Address] -> [5579090996080640]
14:18:22,715 DEBUG SQL:104 - 
    insert 
    into
        Student
        (name_first, name_middle, name_last, preferredCourseCode, studentId) 
    values
        (?, ?, ?, ?, ?)
14:18:22,715 DEBUG BaseGeneralDataRegion:59 - Caching[foo.org.hibernate.cache.spi.UpdateTimestampsCache] : [Student] -> [5579090996080641]
14:18:22,715 DEBUG SQL:104 - 
    insert 
    into
        Enrolment
        (semester, "year", studentId, courseCode) 
    values
        (?, ?, ?, ?)
14:18:22,715 DEBUG BaseGeneralDataRegion:59 - Caching[foo.org.hibernate.cache.spi.UpdateTimestampsCache] : [Enrolment] -> [5579090996080642]
14:18:22,716 DEBUG SQL:104 - 
    insert 
    into
        Enrolment
        (semester, "year", studentId, courseCode) 
    values
        (?, ?, ?, ?)
14:18:22,716 DEBUG BaseGeneralDataRegion:59 - Caching[foo.org.hibernate.cache.spi.UpdateTimestampsCache] : [Enrolment] -> [5579090996084736]
14:18:22,716 DEBUG BaseGeneralDataRegion:59 - Caching[foo.org.hibernate.cache.spi.UpdateTimestampsCache] : [CourseMeeting] -> [5579090996084737]
14:18:22,725 DEBUG BaseGeneralDataRegion:59 - Caching[foo.org.hibernate.cache.spi.UpdateTimestampsCache] : [Enrolment] -> [5579090996121600]
14:18:22,725 DEBUG SQL:104 - 
    update
        Address 
    set
        studentNumber=?,
        addressType=? 
    where
        id=?
14:18:22,726 DEBUG SQL:104 - 
    update
        Address 
    set
        studentNumber=?,
        addressType=? 
    where
        id=?
14:18:22,726 DEBUG BaseGeneralDataRegion:59 - Caching[foo.org.hibernate.cache.spi.UpdateTimestampsCache] : [Address] -> [5579090996125696]
14:18:22,726 DEBUG SQL:104 - 
    insert 
    into
        Student_secretCodes
        (studentNumber, i, secretCode) 
    values
        (?, ?, ?)
14:18:22,726 DEBUG BaseGeneralDataRegion:59 - Caching[foo.org.hibernate.cache.spi.UpdateTimestampsCache] : [Student_secretCodes] -> [5579090996125697]
14:18:22,726 DEBUG BaseGeneralDataRegion:59 - Caching[foo.org.hibernate.cache.spi.UpdateTimestampsCache] : [Enrolment] -> [5579090996125698]
14:18:22,726 DEBUG BaseGeneralDataRegion:59 - Caching[foo.org.hibernate.cache.spi.UpdateTimestampsCache] : [Address] -> [5579090996125699]
14:18:22,726 DEBUG SQL:104 - 
    insert 
    into
        Student_secretCodes
        (studentNumber, i, secretCode) 
    values
        (?, ?, ?)
14:18:22,727 DEBUG SQL:104 - 
    insert 
    into
        Student_secretCodes
        (studentNumber, i, secretCode) 
    values
        (?, ?, ?)
14:18:22,727 DEBUG BaseGeneralDataRegion:59 - Caching[foo.org.hibernate.cache.spi.UpdateTimestampsCache] : [Student_secretCodes] -> [5579090996129792]
14:18:22,727 DEBUG BaseGeneralDataRegion:59 - Caching[foo.org.hibernate.cache.spi.UpdateTimestampsCache] : [Student] -> [5579090750369793]
14:18:22,727 DEBUG BaseGeneralDataRegion:59 - Caching[foo.org.hibernate.cache.spi.UpdateTimestampsCache] : [Course] -> [5579090750369793]
14:18:22,727 DEBUG BaseGeneralDataRegion:59 - Caching[foo.org.hibernate.cache.spi.UpdateTimestampsCache] : [Enrolment] -> [5579090750369793]
14:18:22,727 DEBUG BaseGeneralDataRegion:59 - Caching[foo.org.hibernate.cache.spi.UpdateTimestampsCache] : [Student_secretCodes] -> [5579090750369793]
14:18:22,727 DEBUG BaseGeneralDataRegion:59 - Caching[foo.org.hibernate.cache.spi.UpdateTimestampsCache] : [Address] -> [5579090750369793]
14:18:22,727 DEBUG BaseGeneralDataRegion:59 - Caching[foo.org.hibernate.cache.spi.UpdateTimestampsCache] : [CourseMeeting] -> [5579090750369793]
14:18:22,728 DEBUG QueryTranslatorImpl:265 - parse() - HQL: select s.name, s from org.hibernate.test.querycache.Enrolment e left join e.student s left join fetch s.preferredCourse order by s.studentNumber
14:18:22,730 DEBUG QueryTranslatorImpl:283 - --- HQL AST ---
 \-[QUERY] Node: 'query'
    +-[SELECT_FROM] Node: 'SELECT_FROM'
    |  +-[FROM] Node: 'from'
    |  |  +-[RANGE] Node: 'RANGE'
    |  |  |  +-[DOT] Node: '.'
    |  |  |  |  +-[DOT] Node: '.'
    |  |  |  |  |  +-[DOT] Node: '.'
    |  |  |  |  |  |  +-[DOT] Node: '.'
    |  |  |  |  |  |  |  +-[IDENT] Node: 'org'
    |  |  |  |  |  |  |  \-[IDENT] Node: 'hibernate'
    |  |  |  |  |  |  \-[IDENT] Node: 'test'
    |  |  |  |  |  \-[IDENT] Node: 'querycache'
    |  |  |  |  \-[IDENT] Node: 'Enrolment'
    |  |  |  \-[ALIAS] Node: 'e'
    |  |  +-[JOIN] Node: 'join'
    |  |  |  +-[LEFT] Node: 'left'
    |  |  |  +-[DOT] Node: '.'
    |  |  |  |  +-[IDENT] Node: 'e'
    |  |  |  |  \-[IDENT] Node: 'student'
    |  |  |  \-[ALIAS] Node: 's'
    |  |  \-[JOIN] Node: 'join'
    |  |     +-[LEFT] Node: 'left'
    |  |     +-[FETCH] Node: 'fetch'
    |  |     \-[DOT] Node: '.'
    |  |        +-[IDENT] Node: 's'
    |  |        \-[IDENT] Node: 'preferredCourse'
    |  \-[SELECT] Node: 'select'
    |     +-[DOT] Node: '.'
    |     |  +-[IDENT] Node: 's'
    |     |  \-[IDENT] Node: 'name'
    |     \-[IDENT] Node: 's'
    \-[ORDER] Node: 'order'
       \-[DOT] Node: '.'
          +-[IDENT] Node: 's'
          \-[IDENT] Node: 'studentNumber'

14:18:22,739 DEBUG ErrorCounter:82 - throwQueryException() : no errors
14:18:22,740 DEBUG FromElement:157 - FromClause{level=1} : org.hibernate.test.querycache.Enrolment (e) -> enrolment0_
14:18:22,740 DEBUG FromReferenceNode:74 - Resolved : e -> (enrolment0_.studentId, enrolment0_.courseCode)
14:18:22,749 DEBUG DotNode:599 - getDataType() : student -> org.hibernate.type.ManyToOneType(org.hibernate.test.querycache.Student)
14:18:22,750 DEBUG DotNode:389 - dereferenceEntityJoin() : generating join for student in org.hibernate.test.querycache.Enrolment (s) parent = [ {null} ]
14:18:22,750 DEBUG FromElement:157 - FromClause{level=1} : org.hibernate.test.querycache.Student (s) -> student1_
14:18:22,750 DEBUG FromClause:282 - addJoinByPathMap() : e.student -> FromElement{explicit,not a collection join,not a fetch join,fetch non-lazy properties,classAlias=s,role=null,tableName=Student,tableAlias=student1_,origin=Enrolment enrolment0_,columns={enrolment0_.studentId ,className=org.hibernate.test.querycache.Student}}
14:18:22,750 DEBUG FromReferenceNode:74 - Resolved : e.student -> enrolment0_.studentId
14:18:22,750 DEBUG HqlSqlWalker:403 - createFromJoinElement() : -- join tree --
 \-[JOIN_FRAGMENT] FromElement: 'Student student1_' FromElement{explicit,not a collection join,not a fetch join,fetch non-lazy properties,classAlias=s,role=null,tableName=Student,tableAlias=student1_,origin=Enrolment enrolment0_,columns={enrolment0_.studentId ,className=org.hibernate.test.querycache.Student}}

14:18:22,751 DEBUG FromReferenceNode:74 - Resolved : s -> student1_.studentId
14:18:22,751 DEBUG DotNode:599 - getDataType() : preferredCourse -> org.hibernate.type.ManyToOneType(org.hibernate.test.querycache.Course)
14:18:22,751 DEBUG DotNode:389 - dereferenceEntityJoin() : generating join for preferredCourse in org.hibernate.test.querycache.Student (<no alias>) parent = [ {null} ]
14:18:22,751 DEBUG FromElement:157 - FromClause{level=1} : org.hibernate.test.querycache.Course (<no alias>) -> course2_
14:18:22,751 DEBUG FromClause:282 - addJoinByPathMap() : s.preferredCourse -> FromElement{explicit,not a collection join,not a fetch join,fetch non-lazy properties,classAlias=null,role=null,tableName=Course,tableAlias=course2_,origin=Student student1_,columns={student1_.preferredCourseCode ,className=org.hibernate.test.querycache.Course}}
14:18:22,751 DEBUG FromReferenceNode:74 - Resolved : s.preferredCourse -> student1_.preferredCourseCode
14:18:22,751 DEBUG HqlSqlWalker:403 - createFromJoinElement() : -- join tree --
 \-[JOIN_FRAGMENT] FromElement: 'Course course2_' FromElement{explicit,not a collection join,fetch join,fetch non-lazy properties,classAlias=null,role=null,tableName=Course,tableAlias=course2_,origin=Student student1_,columns={student1_.preferredCourseCode ,className=org.hibernate.test.querycache.Course}}

14:18:22,752 DEBUG FromReferenceNode:74 - Resolved : s -> student1_.studentId
14:18:22,752 DEBUG DotNode:599 - getDataType() : name -> org.hibernate.type.ComponentType@2b1b8f9d
14:18:22,752 DEBUG DotNode:588 - Terminal propertyPath = [name]
14:18:22,752 DEBUG FromReferenceNode:74 - Resolved : s.name -> student1_.name_first, student1_.name_middle, student1_.name_last
14:18:22,752 DEBUG FromReferenceNode:74 - Resolved : s -> student1_.studentId
14:18:22,752 DEBUG FromReferenceNode:74 - Resolved : s -> student1_.studentId
14:18:22,752 DEBUG DotNode:599 - getDataType() : studentNumber -> org.hibernate.type.LongType@4bf3f9d
14:18:22,753 DEBUG FromReferenceNode:74 - Resolved : s.studentNumber -> student1_.studentId
14:18:22,753 DEBUG HqlSqlWalker:629 - processQuery() :  ( SELECT ( {select clause} ( student1_.name_first, student1_.name_middle, student1_.name_last student1_.studentId name ) student1_.studentId ) ( FromClause{level=1} ( Enrolment enrolment0_ ( Student student1_ Course course2_ ) ) ) ( order ( student1_.studentId student1_.studentId studentNumber ) ) )
14:18:22,753 DEBUG JoinProcessor:175 - Using FROM fragment [Enrolment enrolment0_]
14:18:22,753 DEBUG JoinProcessor:175 - Using FROM fragment [left outer join Student student1_ on enrolment0_.studentId=student1_.studentId]
14:18:22,753 DEBUG JoinProcessor:175 - Using FROM fragment [left outer join Course course2_ on student1_.preferredCourseCode=course2_.courseCode]
14:18:22,754 DEBUG QueryTranslatorImpl:252 - --- SQL AST ---
 \-[SELECT] QueryNode: 'SELECT'  querySpaces (Student,Course,Enrolment)
    +-[SELECT_CLAUSE] SelectClause: '{select clause}'
    |  +-[DOT] DotNode: 'student1_.name_first' {propertyName=name,dereferenceType=2,propertyPath=name,path=s.name,tableAlias=student1_,className=org.hibernate.test.querycache.Student,classAlias=s}
    |  |  +-[ALIAS_REF] IdentNode: 'student1_.studentId' {alias=s, className=org.hibernate.test.querycache.Student, tableAlias=student1_}
    |  |  \-[IDENT] IdentNode: 'name' {originalText=name}
    |  +-[SELECT_COLUMNS] SqlNode: ' as col_0_0_'
    |  +-[SQL_TOKEN] SqlFragment: 'student1_.name_middle'
    |  +-[SELECT_COLUMNS] SqlNode: ' as col_0_1_'
    |  +-[SQL_TOKEN] SqlFragment: 'student1_.name_last'
    |  +-[SELECT_COLUMNS] SqlNode: ' as col_0_2_'
    |  +-[ALIAS_REF] IdentNode: 'student1_.studentId as col_1_0_' {alias=s, className=org.hibernate.test.querycache.Student, tableAlias=student1_}
    |  +-[SELECT_EXPR] SelectExpressionImpl: 'course2_.courseCode as courseCode1_2_' {FromElement{explicit,not a collection join,fetch join,fetch non-lazy properties,classAlias=null,role=null,tableName=Course,tableAlias=course2_,origin=left outer join Student student1_ on enrolment0_.studentId=student1_.studentId,columns={student1_.preferredCourseCode ,className=org.hibernate.test.querycache.Course}}}
    |  +-[SQL_TOKEN] SqlFragment: 'student1_.studentId as studentId4_0_'
    |  +-[SQL_TOKEN] SqlFragment: 'course2_.courseCode as courseCode1_1_'
    |  +-[SQL_TOKEN] SqlFragment: 'student1_.name_first as name2_4_0_, student1_.name_middle as name3_4_0_, student1_.name_last as name4_4_0_, student1_.preferredCourseCode as preferre5_4_0_'
    |  \-[SQL_TOKEN] SqlFragment: 'course2_.description as descript2_1_1_'
    +-[FROM] FromClause: 'from' FromClause{level=1, fromElementCounter=3, fromElements=3, fromElementByClassAlias=[e, s], fromElementByTableAlias=[student1_, enrolment0_, course2_], fromElementsByPath=[e.student, s.preferredCourse], collectionJoinFromElementsByPath=[], impliedElements=[]}
    |  \-[FROM_FRAGMENT] FromElement: 'Enrolment enrolment0_' FromElement{explicit,not a collection join,not a fetch join,fetch non-lazy properties,classAlias=e,role=null,tableName=Enrolment,tableAlias=enrolment0_,origin=null,columns={,className=org.hibernate.test.querycache.Enrolment}}
    |     \-[JOIN_FRAGMENT] FromElement: 'left outer join Student student1_ on enrolment0_.studentId=student1_.studentId' FromElement{explicit,not a collection join,not a fetch join,fetch non-lazy properties,classAlias=s,role=null,tableName=Student,tableAlias=student1_,origin=Enrolment enrolment0_,columns={enrolment0_.studentId ,className=org.hibernate.test.querycache.Student}}
    |        \-[JOIN_FRAGMENT] FromElement: 'left outer join Course course2_ on student1_.preferredCourseCode=course2_.courseCode' FromElement{explicit,not a collection join,fetch join,fetch non-lazy properties,classAlias=null,role=null,tableName=Course,tableAlias=course2_,origin=left outer join Student student1_ on enrolment0_.studentId=student1_.studentId,columns={student1_.preferredCourseCode ,className=org.hibernate.test.querycache.Course}}
    \-[ORDER] OrderByClause: 'order'
       \-[DOT] DotNode: 'student1_.studentId' {propertyName=studentNumber,dereferenceType=ALL,propertyPath=studentNumber,path=s.studentNumber,tableAlias=student1_,className=org.hibernate.test.querycache.Student,classAlias=s}
          +-[ALIAS_REF] IdentNode: 'student1_.studentId' {alias=s, className=org.hibernate.test.querycache.Student, tableAlias=student1_}
          \-[IDENT] IdentNode: 'studentNumber' {originalText=studentNumber}

14:18:22,772 DEBUG ErrorCounter:82 - throwQueryException() : no errors
14:18:22,773 DEBUG QueryTranslatorImpl:235 - HQL: select s.name, s from org.hibernate.test.querycache.Enrolment e left join e.student s left join fetch s.preferredCourse order by s.studentNumber
14:18:22,773 DEBUG QueryTranslatorImpl:236 - SQL: select student1_.name_first as col_0_0_, student1_.name_middle as col_0_1_, student1_.name_last as col_0_2_, student1_.studentId as col_1_0_, course2_.courseCode as courseCode1_2_, student1_.studentId as studentId4_0_, course2_.courseCode as courseCode1_1_, student1_.name_first as name2_4_0_, student1_.name_middle as name3_4_0_, student1_.name_last as name4_4_0_, student1_.preferredCourseCode as preferre5_4_0_, course2_.description as descript2_1_1_ from Enrolment enrolment0_ left outer join Student student1_ on enrolment0_.studentId=student1_.studentId left outer join Course course2_ on student1_.preferredCourseCode=course2_.courseCode order by student1_.studentId
14:18:22,773 DEBUG ErrorCounter:82 - throwQueryException() : no errors
14:18:22,773 DEBUG SQL:104 - 
    select
        student1_.name_first as col_0_0_,
        student1_.name_middle as col_0_1_,
        student1_.name_last as col_0_2_,
        student1_.studentId as col_1_0_,
        course2_.courseCode as courseCode1_2_,
        student1_.studentId as studentId4_0_,
        course2_.courseCode as courseCode1_1_,
        student1_.name_first as name2_4_0_,
        student1_.name_middle as name3_4_0_,
        student1_.name_last as name4_4_0_,
        student1_.preferredCourseCode as preferre5_4_0_,
        course2_.description as descript2_1_1_ 
    from
        Enrolment enrolment0_ 
    left outer join
        Student student1_ 
            on enrolment0_.studentId=student1_.studentId 
    left outer join
        Course course2_ 
            on student1_.preferredCourseCode=course2_.courseCode 
    order by
        student1_.studentId
14:18:22,783 DEBUG SQL:104 - 
    select
        secretcode0_.studentNumber as studentN1_4_0_,
        secretcode0_.secretCode as secretCode5_0_,
        secretcode0_.i as i0_ 
    from
        Student_secretCodes secretcode0_ 
    where
        secretcode0_.studentNumber=?
14:18:22,783 DEBUG SQL:104 - 
    select
        coursemeet0_.courseCode as courseCode1_1_,
        coursemeet0_.courseCode as courseCode2_1_,
        coursemeet0_.day as day2_1_,
        coursemeet0_.period as period2_1_,
        coursemeet0_.location as location2_1_,
        coursemeet0_.courseCode as courseCode2_0_,
        coursemeet0_.day as day2_0_,
        coursemeet0_.period as period2_0_,
        coursemeet0_.location as location2_0_ 
    from
        CourseMeeting coursemeet0_ 
    where
        coursemeet0_.courseCode=?
14:18:22,796 DEBUG SQL:104 - 
    select
        secretcode0_.studentNumber as studentN1_4_0_,
        secretcode0_.secretCode as secretCode5_0_,
        secretcode0_.i as i0_ 
    from
        Student_secretCodes secretcode0_ 
    where
        secretcode0_.studentNumber=?
14:18:22,797 DEBUG SQL:104 - 
    select
        student1_.name_first as col_0_0_,
        student1_.name_middle as col_0_1_,
        student1_.name_last as col_0_2_,
        student1_.studentId as col_1_0_,
        course2_.courseCode as courseCode1_2_,
        student1_.studentId as studentId4_0_,
        course2_.courseCode as courseCode1_1_,
        student1_.name_first as name2_4_0_,
        student1_.name_middle as name3_4_0_,
        student1_.name_last as name4_4_0_,
        student1_.preferredCourseCode as preferre5_4_0_,
        course2_.description as descript2_1_1_ 
    from
        Enrolment enrolment0_ 
    left outer join
        Student student1_ 
            on enrolment0_.studentId=student1_.studentId 
    left outer join
        Course course2_ 
            on student1_.preferredCourseCode=course2_.courseCode 
    order by
        student1_.studentId
14:18:22,805 DEBUG SQL:104 - 
    select
        secretcode0_.studentNumber as studentN1_4_0_,
        secretcode0_.secretCode as secretCode5_0_,
        secretcode0_.i as i0_ 
    from
        Student_secretCodes secretcode0_ 
    where
        secretcode0_.studentNumber=?
14:18:22,805 DEBUG SQL:104 - 
    select
        coursemeet0_.courseCode as courseCode1_1_,
        coursemeet0_.courseCode as courseCode2_1_,
        coursemeet0_.day as day2_1_,
        coursemeet0_.period as period2_1_,
        coursemeet0_.location as location2_1_,
        coursemeet0_.courseCode as courseCode2_0_,
        coursemeet0_.day as day2_0_,
        coursemeet0_.period as period2_0_,
        coursemeet0_.location as location2_0_ 
    from
        CourseMeeting coursemeet0_ 
    where
        coursemeet0_.courseCode=?
14:18:22,806 DEBUG SQL:104 - 
    select
        secretcode0_.studentNumber as studentN1_4_0_,
        secretcode0_.secretCode as secretCode5_0_,
        secretcode0_.i as i0_ 
    from
        Student_secretCodes secretcode0_ 
    where
        secretcode0_.studentNumber=?
14:18:22,806 DEBUG SQL:104 - 
    select
        student_.studentId,
        student_.name_first as name2_4_,
        student_.name_middle as name3_4_,
        student_.name_last as name4_4_,
        student_.preferredCourseCode as preferre5_4_ 
    from
        Student student_ 
    where
        student_.studentId=?
14:18:22,807 DEBUG SQL:104 - 
    select
        enrolment_.studentId,
        enrolment_.courseCode,
        enrolment_.semester as semester3_,
        enrolment_."year" as year4_3_ 
    from
        Enrolment enrolment_ 
    where
        enrolment_.studentId=? 
        and enrolment_.courseCode=?
14:18:22,807 DEBUG SQL:104 - 
    select
        course_.courseCode,
        course_.description as descript2_1_ 
    from
        Course course_ 
    where
        course_.courseCode=?
14:18:22,807 DEBUG SQL:104 - 
    select
        student_.studentId,
        student_.name_first as name2_4_,
        student_.name_middle as name3_4_,
        student_.name_last as name4_4_,
        student_.preferredCourseCode as preferre5_4_ 
    from
        Student student_ 
    where
        student_.studentId=?
14:18:22,830 DEBUG SQL:104 - 
    select
        enrolment_.studentId,
        enrolment_.courseCode,
        enrolment_.semester as semester3_,
        enrolment_."year" as year4_3_ 
    from
        Enrolment enrolment_ 
    where
        enrolment_.studentId=? 
        and enrolment_.courseCode=?
14:18:22,831 DEBUG SQL:104 - 
    select
        coursemeet_.courseCode,
        coursemeet_.day,
        coursemeet_.period,
        coursemeet_.location 
    from
        CourseMeeting coursemeet_ 
    where
        coursemeet_.courseCode=? 
        and coursemeet_.day=? 
        and coursemeet_.period=? 
        and coursemeet_.location=?
14:18:22,841 DEBUG SQL:104 - 
    select
        coursemeet_.courseCode,
        coursemeet_.day,
        coursemeet_.period,
        coursemeet_.location 
    from
        CourseMeeting coursemeet_ 
    where
        coursemeet_.courseCode=? 
        and coursemeet_.day=? 
        and coursemeet_.period=? 
        and coursemeet_.location=?
14:18:22,842 DEBUG BaseGeneralDataRegion:59 - Caching[foo.org.hibernate.cache.spi.UpdateTimestampsCache] : [Enrolment] -> [5579090996600832]
14:18:22,842 DEBUG SQL:104 - 
    update
        Address 
    set
        studentNumber=null,
        addressType=null 
    where
        studentNumber=?
14:18:22,842 DEBUG BaseGeneralDataRegion:59 - Caching[foo.org.hibernate.cache.spi.UpdateTimestampsCache] : [Address] -> [5579090996600833]
14:18:22,842 DEBUG SQL:104 - 
    delete 
    from
        Student_secretCodes 
    where
        studentNumber=?
14:18:22,842 DEBUG BaseGeneralDataRegion:59 - Caching[foo.org.hibernate.cache.spi.UpdateTimestampsCache] : [Student_secretCodes] -> [5579090996600834]
14:18:22,852 DEBUG BaseGeneralDataRegion:59 - Caching[foo.org.hibernate.cache.spi.UpdateTimestampsCache] : [Enrolment] -> [5579090996641792]
14:18:22,852 DEBUG BaseGeneralDataRegion:59 - Caching[foo.org.hibernate.cache.spi.UpdateTimestampsCache] : [Address] -> [5579090996641793]
14:18:22,852 DEBUG SQL:104 - 
    delete 
    from
        Student_secretCodes 
    where
        studentNumber=?
14:18:22,852 DEBUG BaseGeneralDataRegion:59 - Caching[foo.org.hibernate.cache.spi.UpdateTimestampsCache] : [Student_secretCodes] -> [5579090996641794]
14:18:22,853 DEBUG BaseGeneralDataRegion:59 - Caching[foo.org.hibernate.cache.spi.UpdateTimestampsCache] : [CourseMeeting] -> [5579090996645888]
14:18:22,853 DEBUG SQL:104 - 
    delete 
    from
        Enrolment 
    where
        studentId=? 
        and courseCode=?
14:18:22,853 DEBUG BaseGeneralDataRegion:59 - Caching[foo.org.hibernate.cache.spi.UpdateTimestampsCache] : [Enrolment] -> [5579090996645889]
14:18:22,853 DEBUG SQL:104 - 
    delete 
    from
        Address 
    where
        id=?
14:18:22,853 DEBUG BaseGeneralDataRegion:59 - Caching[foo.org.hibernate.cache.spi.UpdateTimestampsCache] : [Address] -> [5579090996645890]
14:18:22,853 DEBUG SQL:104 - 
    delete 
    from
        Address 
    where
        id=?
14:18:22,854 DEBUG BaseGeneralDataRegion:59 - Caching[foo.org.hibernate.cache.spi.UpdateTimestampsCache] : [Address] -> [5579090996649984]
14:18:22,854 DEBUG SQL:104 - 
    delete 
    from
        Student 
    where
        studentId=?
14:18:22,854 DEBUG BaseGeneralDataRegion:59 - Caching[foo.org.hibernate.cache.spi.UpdateTimestampsCache] : [Student] -> [5579090996649985]
14:18:22,854 DEBUG SQL:104 - 
    delete 
    from
        Enrolment 
    where
        studentId=? 
        and courseCode=?
14:18:22,854 DEBUG BaseGeneralDataRegion:59 - Caching[foo.org.hibernate.cache.spi.UpdateTimestampsCache] : [Enrolment] -> [5579090996649986]
14:18:22,854 DEBUG SQL:104 - 
    delete 
    from
        Student 
    where
        studentId=?
14:18:22,854 DEBUG BaseGeneralDataRegion:59 - Caching[foo.org.hibernate.cache.spi.UpdateTimestampsCache] : [Student] -> [5579090996649987]
14:18:22,854 DEBUG SQL:104 - 
    delete 
    from
        CourseMeeting 
    where
        courseCode=? 
        and day=? 
        and period=? 
        and location=?
14:18:22,867 DEBUG BaseGeneralDataRegion:59 - Caching[foo.org.hibernate.cache.spi.UpdateTimestampsCache] : [CourseMeeting] -> [5579090996703232]
14:18:22,867 DEBUG SQL:104 - 
    delete 
    from
        CourseMeeting 
    where
        courseCode=? 
        and day=? 
        and period=? 
        and location=?
14:18:22,867 DEBUG BaseGeneralDataRegion:59 - Caching[foo.org.hibernate.cache.spi.UpdateTimestampsCache] : [CourseMeeting] -> [5579090996703233]
14:18:22,867 DEBUG SQL:104 - 
    delete 
    from
        Course 
    where
        courseCode=?
14:18:22,868 DEBUG BaseGeneralDataRegion:59 - Caching[foo.org.hibernate.cache.spi.UpdateTimestampsCache] : [Course] -> [5579090996707328]
14:18:22,868 DEBUG BaseGeneralDataRegion:59 - Caching[foo.org.hibernate.cache.spi.UpdateTimestampsCache] : [Student] -> [5579090750947329]
14:18:22,868 DEBUG BaseGeneralDataRegion:59 - Caching[foo.org.hibernate.cache.spi.UpdateTimestampsCache] : [Course] -> [5579090750947329]
14:18:22,868 DEBUG BaseGeneralDataRegion:59 - Caching[foo.org.hibernate.cache.spi.UpdateTimestampsCache] : [Enrolment] -> [5579090750947329]
14:18:22,868 DEBUG BaseGeneralDataRegion:59 - Caching[foo.org.hibernate.cache.spi.UpdateTimestampsCache] : [Student_secretCodes] -> [5579090750947329]
14:18:22,868 DEBUG BaseGeneralDataRegion:59 - Caching[foo.org.hibernate.cache.spi.UpdateTimestampsCache] : [Address] -> [5579090750947329]
14:18:22,868 DEBUG BaseGeneralDataRegion:59 - Caching[foo.org.hibernate.cache.spi.UpdateTimestampsCache] : [CourseMeeting] -> [5579090750947329]
14:18:22,869  INFO CustomRunner:139 - Test: testEntityWithJoinFetchedLazyOneToManyMultiAndNullElementList
14:18:22,879 DEBUG SQL:104 - 
    select
        coursemeet_.courseCode,
        coursemeet_.day,
        coursemeet_.period,
        coursemeet_.location 
    from
        CourseMeeting coursemeet_ 
    where
        coursemeet_.courseCode=? 
        and coursemeet_.day=? 
        and coursemeet_.period=? 
        and coursemeet_.location=?
14:18:22,879 DEBUG SQL:104 - 
    select
        coursemeet_.courseCode,
        coursemeet_.day,
        coursemeet_.period,
        coursemeet_.location 
    from
        CourseMeeting coursemeet_ 
    where
        coursemeet_.courseCode=? 
        and coursemeet_.day=? 
        and coursemeet_.period=? 
        and coursemeet_.location=?
14:18:22,880 DEBUG SQL:104 - 
    insert 
    into
        Course
        (description, courseCode) 
    values
        (?, ?)
14:18:22,880 DEBUG BaseGeneralDataRegion:59 - Caching[foo.org.hibernate.cache.spi.UpdateTimestampsCache] : [Course] -> [5579090996756480]
14:18:22,880 DEBUG SQL:104 - 
    insert 
    into
        CourseMeeting
        (courseCode, day, period, location) 
    values
        (?, ?, ?, ?)
14:18:22,881 DEBUG BaseGeneralDataRegion:59 - Caching[foo.org.hibernate.cache.spi.UpdateTimestampsCache] : [CourseMeeting] -> [5579090996760576]
14:18:22,881 DEBUG SQL:104 - 
    insert 
    into
        CourseMeeting
        (courseCode, day, period, location) 
    values
        (?, ?, ?, ?)
14:18:22,901 DEBUG BaseGeneralDataRegion:59 - Caching[foo.org.hibernate.cache.spi.UpdateTimestampsCache] : [CourseMeeting] -> [5579090996842496]
14:18:22,902 DEBUG SQL:104 - 
    insert 
    into
        Student
        (name_first, name_middle, name_last, preferredCourseCode, studentId) 
    values
        (?, ?, ?, ?, ?)
14:18:22,902 DEBUG BaseGeneralDataRegion:59 - Caching[foo.org.hibernate.cache.spi.UpdateTimestampsCache] : [Student] -> [5579090996846592]
14:18:22,902 DEBUG SQL:104 - 
    insert 
    into
        Address
        (addressType, street, city, stateProvince, postalCode, country, studentNumber, id) 
    values
        (?, ?, ?, ?, ?, ?, ?, ?)
14:18:22,902 DEBUG BaseGeneralDataRegion:59 - Caching[foo.org.hibernate.cache.spi.UpdateTimestampsCache] : [Address] -> [5579090996846593]
14:18:22,902 DEBUG SQL:104 - 
    insert 
    into
        Address
        (addressType, street, city, stateProvince, postalCode, country, studentNumber, id) 
    values
        (?, ?, ?, ?, ?, ?, ?, ?)
14:18:22,902 DEBUG BaseGeneralDataRegion:59 - Caching[foo.org.hibernate.cache.spi.UpdateTimestampsCache] : [Address] -> [5579090996846594]
14:18:22,911 DEBUG SQL:104 - 
    insert 
    into
        Student
        (name_first, name_middle, name_last, preferredCourseCode, studentId) 
    values
        (?, ?, ?, ?, ?)
14:18:22,912 DEBUG BaseGeneralDataRegion:59 - Caching[foo.org.hibernate.cache.spi.UpdateTimestampsCache] : [Student] -> [5579090996887552]
14:18:22,912 DEBUG SQL:104 - 
    insert 
    into
        Enrolment
        (semester, "year", studentId, courseCode) 
    values
        (?, ?, ?, ?)
14:18:22,912 DEBUG BaseGeneralDataRegion:59 - Caching[foo.org.hibernate.cache.spi.UpdateTimestampsCache] : [Enrolment] -> [5579090996887553]
14:18:22,912 DEBUG SQL:104 - 
    insert 
    into
        Enrolment
        (semester, "year", studentId, courseCode) 
    values
        (?, ?, ?, ?)
14:18:22,912 DEBUG BaseGeneralDataRegion:59 - Caching[foo.org.hibernate.cache.spi.UpdateTimestampsCache] : [Enrolment] -> [5579090996887554]
14:18:22,912 DEBUG BaseGeneralDataRegion:59 - Caching[foo.org.hibernate.cache.spi.UpdateTimestampsCache] : [CourseMeeting] -> [5579090996887555]
14:18:22,913 DEBUG BaseGeneralDataRegion:59 - Caching[foo.org.hibernate.cache.spi.UpdateTimestampsCache] : [Enrolment] -> [5579090996891648]
14:18:22,913 DEBUG SQL:104 - 
    update
        Address 
    set
        studentNumber=?,
        addressType=? 
    where
        id=?
14:18:22,922 DEBUG SQL:104 - 
    update
        Address 
    set
        studentNumber=?,
        addressType=? 
    where
        id=?
14:18:22,922 DEBUG BaseGeneralDataRegion:59 - Caching[foo.org.hibernate.cache.spi.UpdateTimestampsCache] : [Address] -> [5579090996928512]
14:18:22,923 DEBUG SQL:104 - 
    insert 
    into
        Student_secretCodes
        (studentNumber, i, secretCode) 
    values
        (?, ?, ?)
14:18:22,923 DEBUG BaseGeneralDataRegion:59 - Caching[foo.org.hibernate.cache.spi.UpdateTimestampsCache] : [Student_secretCodes] -> [5579090996932608]
14:18:22,923 DEBUG BaseGeneralDataRegion:59 - Caching[foo.org.hibernate.cache.spi.UpdateTimestampsCache] : [Enrolment] -> [5579090996932609]
14:18:22,923 DEBUG BaseGeneralDataRegion:59 - Caching[foo.org.hibernate.cache.spi.UpdateTimestampsCache] : [Address] -> [5579090996932610]
14:18:22,923 DEBUG SQL:104 - 
    insert 
    into
        Student_secretCodes
        (studentNumber, i, secretCode) 
    values
        (?, ?, ?)
14:18:22,923 DEBUG SQL:104 - 
    insert 
    into
        Student_secretCodes
        (studentNumber, i, secretCode) 
    values
        (?, ?, ?)
14:18:22,934 DEBUG BaseGeneralDataRegion:59 - Caching[foo.org.hibernate.cache.spi.UpdateTimestampsCache] : [Student_secretCodes] -> [5579090996977664]
14:18:22,934 DEBUG BaseGeneralDataRegion:59 - Caching[foo.org.hibernate.cache.spi.UpdateTimestampsCache] : [Student] -> [5579090751217665]
14:18:22,934 DEBUG BaseGeneralDataRegion:59 - Caching[foo.org.hibernate.cache.spi.UpdateTimestampsCache] : [Course] -> [5579090751217665]
14:18:22,934 DEBUG BaseGeneralDataRegion:59 - Caching[foo.org.hibernate.cache.spi.UpdateTimestampsCache] : [Enrolment] -> [5579090751217665]
14:18:22,935 DEBUG BaseGeneralDataRegion:59 - Caching[foo.org.hibernate.cache.spi.UpdateTimestampsCache] : [Student_secretCodes] -> [5579090751217665]
14:18:22,935 DEBUG BaseGeneralDataRegion:59 - Caching[foo.org.hibernate.cache.spi.UpdateTimestampsCache] : [Address] -> [5579090751217665]
14:18:22,935 DEBUG BaseGeneralDataRegion:59 - Caching[foo.org.hibernate.cache.spi.UpdateTimestampsCache] : [CourseMeeting] -> [5579090751217665]
14:18:22,935 DEBUG QueryTranslatorImpl:265 - parse() - HQL: from org.hibernate.test.querycache.Student s left join fetch s.addresses order by s.studentNumber
14:18:22,936 DEBUG QueryTranslatorImpl:283 - --- HQL AST ---
 \-[QUERY] Node: 'query'
    +-[SELECT_FROM] Node: 'SELECT_FROM'
    |  \-[FROM] Node: 'from'
    |     +-[RANGE] Node: 'RANGE'
    |     |  +-[DOT] Node: '.'
    |     |  |  +-[DOT] Node: '.'
    |     |  |  |  +-[DOT] Node: '.'
    |     |  |  |  |  +-[DOT] Node: '.'
    |     |  |  |  |  |  +-[IDENT] Node: 'org'
    |     |  |  |  |  |  \-[IDENT] Node: 'hibernate'
    |     |  |  |  |  \-[IDENT] Node: 'test'
    |     |  |  |  \-[IDENT] Node: 'querycache'
    |     |  |  \-[IDENT] Node: 'Student'
    |     |  \-[ALIAS] Node: 's'
    |     \-[JOIN] Node: 'join'
    |        +-[LEFT] Node: 'left'
    |        +-[FETCH] Node: 'fetch'
    |        \-[DOT] Node: '.'
    |           +-[IDENT] Node: 's'
    |           \-[IDENT] Node: 'addresses'
    \-[ORDER] Node: 'order'
       \-[DOT] Node: '.'
          +-[IDENT] Node: 's'
          \-[IDENT] Node: 'studentNumber'

14:18:22,944 DEBUG ErrorCounter:82 - throwQueryException() : no errors
14:18:22,945 DEBUG FromElement:157 - FromClause{level=1} : org.hibernate.test.querycache.Student (s) -> student0_
14:18:22,945 DEBUG FromReferenceNode:74 - Resolved : s -> student0_.studentId
14:18:22,945 DEBUG DotNode:599 - getDataType() : addresses -> org.hibernate.type.MapType(org.hibernate.test.querycache.Student.addresses)
14:18:22,945 DEBUG FromElementFactory:376 - createEntityAssociation() : One to many - path = s.addresses role = org.hibernate.test.querycache.Student.addresses associatedEntityName = org.hibernate.test.querycache.Address
14:18:22,945 DEBUG FromElement:157 - FromClause{level=1} : org.hibernate.test.querycache.Address (<no alias>) -> addresses1_
14:18:22,946 DEBUG FromClause:282 - addJoinByPathMap() : s.addresses -> FromElement{explicit,not a collection join,not a fetch join,fetch non-lazy properties,classAlias=null,role=null,tableName=Address,tableAlias=addresses1_,origin=Student student0_,columns={student0_.studentId ,className=org.hibernate.test.querycache.Address}}
14:18:22,946 DEBUG DotNode:308 - dereferenceCollection() : Created new FROM element for s.addresses : Address addresses1_
14:18:22,946 DEBUG FromReferenceNode:74 - Resolved : s.addresses -> .
14:18:22,946 DEBUG HqlSqlWalker:403 - createFromJoinElement() : -- join tree --
 \-[JOIN_FRAGMENT] FromElement: 'Address addresses1_' FromElement{explicit,not a collection join,fetch join,fetch non-lazy properties,classAlias=null,role=org.hibernate.test.querycache.Student.addresses,tableName=Address,tableAlias=addresses1_,origin=Student student0_,columns={student0_.studentId ,className=org.hibernate.test.querycache.Address}}

14:18:22,946 DEBUG FromReferenceNode:74 - Resolved : s -> student0_.studentId
14:18:22,946 DEBUG DotNode:599 - getDataType() : studentNumber -> org.hibernate.type.LongType@4bf3f9d
14:18:22,946 DEBUG FromReferenceNode:74 - Resolved : s.studentNumber -> student0_.studentId
14:18:22,947 DEBUG HqlSqlWalker:629 - processQuery() :  ( SELECT ( FromClause{level=1} ( Student student0_ Address addresses1_ ) ) ( order ( student0_.studentId student0_.studentId studentNumber ) ) )
14:18:22,947 DEBUG HqlSqlWalker:869 - Derived SELECT clause created.
14:18:22,947 DEBUG JoinProcessor:175 - Using FROM fragment [Student student0_]
14:18:22,947 DEBUG JoinProcessor:175 - Using FROM fragment [left outer join Address addresses1_ on student0_.studentId=addresses1_.studentNumber]
14:18:22,947 DEBUG QueryTranslatorImpl:252 - --- SQL AST ---
 \-[SELECT] QueryNode: 'SELECT'  querySpaces (Student,Address)
    +-[SELECT_CLAUSE] SelectClause: '{derived select clause}'
    |  +-[SELECT_EXPR] SelectExpressionImpl: 'student0_.studentId as studentId4_0_' {FromElement{explicit,not a collection join,not a fetch join,fetch non-lazy properties,classAlias=s,role=null,tableName=Student,tableAlias=student0_,origin=null,columns={,className=org.hibernate.test.querycache.Student}}}
    |  +-[SELECT_EXPR] SelectExpressionImpl: 'addresses1_.id as id0_1_' {FromElement{explicit,not a collection join,fetch join,fetch non-lazy properties,classAlias=null,role=org.hibernate.test.querycache.Student.addresses,tableName=Address,tableAlias=addresses1_,origin=Student student0_,columns={student0_.studentId ,className=org.hibernate.test.querycache.Address}}}
    |  +-[SQL_TOKEN] SqlFragment: 'student0_.name_first as name2_4_0_, student0_.name_middle as name3_4_0_, student0_.name_last as name4_4_0_, student0_.preferredCourseCode as preferre5_4_0_'
    |  +-[SQL_TOKEN] SqlFragment: 'addresses1_.addressType as addressT2_0_1_, addresses1_.street as street0_1_, addresses1_.city as city0_1_, addresses1_.stateProvince as statePro5_0_1_, addresses1_.postalCode as postalCode0_1_, addresses1_.country as country0_1_, addresses1_.studentNumber as studentN8_0_1_'
    |  \-[SQL_TOKEN] SqlFragment: 'addresses1_.studentNumber as studentN8_4_0__, addresses1_.id as id0_0__, addresses1_.addressType as addressT2_0__'
    +-[FROM] FromClause: 'from' FromClause{level=1, fromElementCounter=2, fromElements=2, fromElementByClassAlias=[s], fromElementByTableAlias=[student0_, addresses1_], fromElementsByPath=[s.addresses], collectionJoinFromElementsByPath=[], impliedElements=[]}
    |  \-[FROM_FRAGMENT] FromElement: 'Student student0_' FromElement{explicit,not a collection join,not a fetch join,fetch non-lazy properties,classAlias=s,role=null,tableName=Student,tableAlias=student0_,origin=null,columns={,className=org.hibernate.test.querycache.Student}}
    |     \-[JOIN_FRAGMENT] FromElement: 'left outer join Address addresses1_ on student0_.studentId=addresses1_.studentNumber' FromElement{explicit,not a collection join,fetch join,fetch non-lazy properties,classAlias=null,role=org.hibernate.test.querycache.Student.addresses,tableName=Address,tableAlias=addresses1_,origin=Student student0_,columns={student0_.studentId ,className=org.hibernate.test.querycache.Address}}
    \-[ORDER] OrderByClause: 'order'
       \-[DOT] DotNode: 'student0_.studentId' {propertyName=studentNumber,dereferenceType=ALL,propertyPath=studentNumber,path=s.studentNumber,tableAlias=student0_,className=org.hibernate.test.querycache.Student,classAlias=s}
          +-[ALIAS_REF] IdentNode: 'student0_.studentId' {alias=s, className=org.hibernate.test.querycache.Student, tableAlias=student0_}
          \-[IDENT] IdentNode: 'studentNumber' {originalText=studentNumber}

14:18:22,954 DEBUG ErrorCounter:82 - throwQueryException() : no errors
14:18:22,955 DEBUG QueryTranslatorImpl:235 - HQL: from org.hibernate.test.querycache.Student s left join fetch s.addresses order by s.studentNumber
14:18:22,955 DEBUG QueryTranslatorImpl:236 - SQL: select student0_.studentId as studentId4_0_, addresses1_.id as id0_1_, student0_.name_first as name2_4_0_, student0_.name_middle as name3_4_0_, student0_.name_last as name4_4_0_, student0_.preferredCourseCode as preferre5_4_0_, addresses1_.addressType as addressT2_0_1_, addresses1_.street as street0_1_, addresses1_.city as city0_1_, addresses1_.stateProvince as statePro5_0_1_, addresses1_.postalCode as postalCode0_1_, addresses1_.country as country0_1_, addresses1_.studentNumber as studentN8_0_1_, addresses1_.studentNumber as studentN8_4_0__, addresses1_.id as id0_0__, addresses1_.addressType as addressT2_0__ from Student student0_ left outer join Address addresses1_ on student0_.studentId=addresses1_.studentNumber order by student0_.studentId
14:18:22,955 DEBUG ErrorCounter:82 - throwQueryException() : no errors
14:18:22,956 DEBUG SQL:104 - 
    select
        student0_.studentId as studentId4_0_,
        addresses1_.id as id0_1_,
        student0_.name_first as name2_4_0_,
        student0_.name_middle as name3_4_0_,
        student0_.name_last as name4_4_0_,
        student0_.preferredCourseCode as preferre5_4_0_,
        addresses1_.addressType as addressT2_0_1_,
        addresses1_.street as street0_1_,
        addresses1_.city as city0_1_,
        addresses1_.stateProvince as statePro5_0_1_,
        addresses1_.postalCode as postalCode0_1_,
        addresses1_.country as country0_1_,
        addresses1_.studentNumber as studentN8_0_1_,
        addresses1_.studentNumber as studentN8_4_0__,
        addresses1_.id as id0_0__,
        addresses1_.addressType as addressT2_0__ 
    from
        Student student0_ 
    left outer join
        Address addresses1_ 
            on student0_.studentId=addresses1_.studentNumber 
    order by
        student0_.studentId
14:18:22,966 DEBUG SQL:104 - 
    select
        secretcode0_.studentNumber as studentN1_4_0_,
        secretcode0_.secretCode as secretCode5_0_,
        secretcode0_.i as i0_ 
    from
        Student_secretCodes secretcode0_ 
    where
        secretcode0_.studentNumber=?
14:18:22,966 DEBUG SQL:104 - 
    select
        secretcode0_.studentNumber as studentN1_4_0_,
        secretcode0_.secretCode as secretCode5_0_,
        secretcode0_.i as i0_ 
    from
        Student_secretCodes secretcode0_ 
    where
        secretcode0_.studentNumber=?
14:18:22,976 DEBUG SQL:104 - 
    select
        student0_.studentId as studentId4_0_,
        addresses1_.id as id0_1_,
        student0_.name_first as name2_4_0_,
        student0_.name_middle as name3_4_0_,
        student0_.name_last as name4_4_0_,
        student0_.preferredCourseCode as preferre5_4_0_,
        addresses1_.addressType as addressT2_0_1_,
        addresses1_.street as street0_1_,
        addresses1_.city as city0_1_,
        addresses1_.stateProvince as statePro5_0_1_,
        addresses1_.postalCode as postalCode0_1_,
        addresses1_.country as country0_1_,
        addresses1_.studentNumber as studentN8_0_1_,
        addresses1_.studentNumber as studentN8_4_0__,
        addresses1_.id as id0_0__,
        addresses1_.addressType as addressT2_0__ 
    from
        Student student0_ 
    left outer join
        Address addresses1_ 
            on student0_.studentId=addresses1_.studentNumber 
    order by
        student0_.studentId
14:18:22,978 DEBUG SQL:104 - 
    select
        secretcode0_.studentNumber as studentN1_4_0_,
        secretcode0_.secretCode as secretCode5_0_,
        secretcode0_.i as i0_ 
    from
        Student_secretCodes secretcode0_ 
    where
        secretcode0_.studentNumber=?
14:18:22,986 DEBUG SQL:104 - 
    select
        secretcode0_.studentNumber as studentN1_4_0_,
        secretcode0_.secretCode as secretCode5_0_,
        secretcode0_.i as i0_ 
    from
        Student_secretCodes secretcode0_ 
    where
        secretcode0_.studentNumber=?
14:18:22,987 DEBUG SQL:104 - 
    select
        student_.studentId,
        student_.name_first as name2_4_,
        student_.name_middle as name3_4_,
        student_.name_last as name4_4_,
        student_.preferredCourseCode as preferre5_4_ 
    from
        Student student_ 
    where
        student_.studentId=?
14:18:22,987 DEBUG SQL:104 - 
    select
        enrolment_.studentId,
        enrolment_.courseCode,
        enrolment_.semester as semester3_,
        enrolment_."year" as year4_3_ 
    from
        Enrolment enrolment_ 
    where
        enrolment_.studentId=? 
        and enrolment_.courseCode=?
14:18:22,988 DEBUG SQL:104 - 
    select
        course_.courseCode,
        course_.description as descript2_1_ 
    from
        Course course_ 
    where
        course_.courseCode=?
14:18:22,988 DEBUG SQL:104 - 
    select
        student_.studentId,
        student_.name_first as name2_4_,
        student_.name_middle as name3_4_,
        student_.name_last as name4_4_,
        student_.preferredCourseCode as preferre5_4_ 
    from
        Student student_ 
    where
        student_.studentId=?
14:18:22,989 DEBUG SQL:104 - 
    select
        enrolment_.studentId,
        enrolment_.courseCode,
        enrolment_.semester as semester3_,
        enrolment_."year" as year4_3_ 
    from
        Enrolment enrolment_ 
    where
        enrolment_.studentId=? 
        and enrolment_.courseCode=?
14:18:23,003 DEBUG SQL:104 - 
    select
        coursemeet_.courseCode,
        coursemeet_.day,
        coursemeet_.period,
        coursemeet_.location 
    from
        CourseMeeting coursemeet_ 
    where
        coursemeet_.courseCode=? 
        and coursemeet_.day=? 
        and coursemeet_.period=? 
        and coursemeet_.location=?
14:18:23,003 DEBUG SQL:104 - 
    select
        coursemeet_.courseCode,
        coursemeet_.day,
        coursemeet_.period,
        coursemeet_.location 
    from
        CourseMeeting coursemeet_ 
    where
        coursemeet_.courseCode=? 
        and coursemeet_.day=? 
        and coursemeet_.period=? 
        and coursemeet_.location=?
14:18:23,027 DEBUG BaseGeneralDataRegion:59 - Caching[foo.org.hibernate.cache.spi.UpdateTimestampsCache] : [Enrolment] -> [5579090997358592]
14:18:23,028 DEBUG SQL:104 - 
    update
        Address 
    set
        studentNumber=null,
        addressType=null 
    where
        studentNumber=?
14:18:23,028 DEBUG BaseGeneralDataRegion:59 - Caching[foo.org.hibernate.cache.spi.UpdateTimestampsCache] : [Address] -> [5579090997362688]
14:18:23,028 DEBUG SQL:104 - 
    delete 
    from
        Student_secretCodes 
    where
        studentNumber=?
14:18:23,028 DEBUG BaseGeneralDataRegion:59 - Caching[foo.org.hibernate.cache.spi.UpdateTimestampsCache] : [Student_secretCodes] -> [5579090997362689]
14:18:23,028 DEBUG BaseGeneralDataRegion:59 - Caching[foo.org.hibernate.cache.spi.UpdateTimestampsCache] : [Enrolment] -> [5579090997362690]
14:18:23,028 DEBUG BaseGeneralDataRegion:59 - Caching[foo.org.hibernate.cache.spi.UpdateTimestampsCache] : [Address] -> [5579090997362691]
14:18:23,028 DEBUG SQL:104 - 
    delete 
    from
        Student_secretCodes 
    where
        studentNumber=?
14:18:23,029 DEBUG BaseGeneralDataRegion:59 - Caching[foo.org.hibernate.cache.spi.UpdateTimestampsCache] : [Student_secretCodes] -> [5579090997366784]
14:18:23,029 DEBUG BaseGeneralDataRegion:59 - Caching[foo.org.hibernate.cache.spi.UpdateTimestampsCache] : [CourseMeeting] -> [5579090997366785]
14:18:23,029 DEBUG SQL:104 - 
    delete 
    from
        Enrolment 
    where
        studentId=? 
        and courseCode=?
14:18:23,029 DEBUG BaseGeneralDataRegion:59 - Caching[foo.org.hibernate.cache.spi.UpdateTimestampsCache] : [Enrolment] -> [5579090997366786]
14:18:23,029 DEBUG SQL:104 - 
    delete 
    from
        Address 
    where
        id=?
14:18:23,050 DEBUG BaseGeneralDataRegion:59 - Caching[foo.org.hibernate.cache.spi.UpdateTimestampsCache] : [Address] -> [5579090997452800]
14:18:23,051 DEBUG SQL:104 - 
    delete 
    from
        Address 
    where
        id=?
14:18:23,051 DEBUG BaseGeneralDataRegion:59 - Caching[foo.org.hibernate.cache.spi.UpdateTimestampsCache] : [Address] -> [5579090997456896]
14:18:23,051 DEBUG SQL:104 - 
    delete 
    from
        Student 
    where
        studentId=?
14:18:23,051 DEBUG BaseGeneralDataRegion:59 - Caching[foo.org.hibernate.cache.spi.UpdateTimestampsCache] : [Student] -> [5579090997456897]
14:18:23,051 DEBUG SQL:104 - 
    delete 
    from
        Enrolment 
    where
        studentId=? 
        and courseCode=?
14:18:23,051 DEBUG BaseGeneralDataRegion:59 - Caching[foo.org.hibernate.cache.spi.UpdateTimestampsCache] : [Enrolment] -> [5579090997456898]
14:18:23,051 DEBUG SQL:104 - 
    delete 
    from
        Student 
    where
        studentId=?
14:18:23,052 DEBUG BaseGeneralDataRegion:59 - Caching[foo.org.hibernate.cache.spi.UpdateTimestampsCache] : [Student] -> [5579090997460992]
14:18:23,063 DEBUG SQL:104 - 
    delete 
    from
        CourseMeeting 
    where
        courseCode=? 
        and day=? 
        and period=? 
        and location=?
14:18:23,064 DEBUG BaseGeneralDataRegion:59 - Caching[foo.org.hibernate.cache.spi.UpdateTimestampsCache] : [CourseMeeting] -> [5579090997510144]
14:18:23,065 DEBUG SQL:104 - 
    delete 
    from
        CourseMeeting 
    where
        courseCode=? 
        and day=? 
        and period=? 
        and location=?
14:18:23,065 DEBUG BaseGeneralDataRegion:59 - Caching[foo.org.hibernate.cache.spi.UpdateTimestampsCache] : [CourseMeeting] -> [5579090997514240]
14:18:23,065 DEBUG SQL:104 - 
    delete 
    from
        Course 
    where
        courseCode=?
14:18:23,065 DEBUG BaseGeneralDataRegion:59 - Caching[foo.org.hibernate.cache.spi.UpdateTimestampsCache] : [Course] -> [5579090997514241]
14:18:23,095 DEBUG BaseGeneralDataRegion:59 - Caching[foo.org.hibernate.cache.spi.UpdateTimestampsCache] : [Student] -> [5579090751877120]
14:18:23,096 DEBUG BaseGeneralDataRegion:59 - Caching[foo.org.hibernate.cache.spi.UpdateTimestampsCache] : [Course] -> [5579090751877120]
14:18:23,096 DEBUG BaseGeneralDataRegion:59 - Caching[foo.org.hibernate.cache.spi.UpdateTimestampsCache] : [Enrolment] -> [5579090751877120]
14:18:23,096 DEBUG BaseGeneralDataRegion:59 - Caching[foo.org.hibernate.cache.spi.UpdateTimestampsCache] : [Student_secretCodes] -> [5579090751877120]
14:18:23,096 DEBUG BaseGeneralDataRegion:59 - Caching[foo.org.hibernate.cache.spi.UpdateTimestampsCache] : [Address] -> [5579090751877120]
14:18:23,096 DEBUG BaseGeneralDataRegion:59 - Caching[foo.org.hibernate.cache.spi.UpdateTimestampsCache] : [CourseMeeting] -> [5579090751877120]
14:18:23,097 DEBUG SQL:104 - 
    select
        coursemeet_.courseCode,
        coursemeet_.day,
        coursemeet_.period,
        coursemeet_.location 
    from
        CourseMeeting coursemeet_ 
    where
        coursemeet_.courseCode=? 
        and coursemeet_.day=? 
        and coursemeet_.period=? 
        and coursemeet_.location=?
14:18:23,100 DEBUG SQL:104 - 
    select
        coursemeet_.courseCode,
        coursemeet_.day,
        coursemeet_.period,
        coursemeet_.location 
    from
        CourseMeeting coursemeet_ 
    where
        coursemeet_.courseCode=? 
        and coursemeet_.day=? 
        and coursemeet_.period=? 
        and coursemeet_.location=?
14:18:23,101 DEBUG SQL:104 - 
    insert 
    into
        Course
        (description, courseCode) 
    values
        (?, ?)
14:18:23,101 DEBUG BaseGeneralDataRegion:59 - Caching[foo.org.hibernate.cache.spi.UpdateTimestampsCache] : [Course] -> [5579090997661696]
14:18:23,101 DEBUG SQL:104 - 
    insert 
    into
        CourseMeeting
        (courseCode, day, period, location) 
    values
        (?, ?, ?, ?)
14:18:23,102 DEBUG BaseGeneralDataRegion:59 - Caching[foo.org.hibernate.cache.spi.UpdateTimestampsCache] : [CourseMeeting] -> [5579090997665792]
14:18:23,102 DEBUG SQL:104 - 
    insert 
    into
        CourseMeeting
        (courseCode, day, period, location) 
    values
        (?, ?, ?, ?)
14:18:23,102 DEBUG BaseGeneralDataRegion:59 - Caching[foo.org.hibernate.cache.spi.UpdateTimestampsCache] : [CourseMeeting] -> [5579090997665793]
14:18:23,102 DEBUG SQL:104 - 
    insert 
    into
        Student
        (name_first, name_middle, name_last, preferredCourseCode, studentId) 
    values
        (?, ?, ?, ?, ?)
14:18:23,102 DEBUG BaseGeneralDataRegion:59 - Caching[foo.org.hibernate.cache.spi.UpdateTimestampsCache] : [Student] -> [5579090997665794]
14:18:23,102 DEBUG SQL:104 - 
    insert 
    into
        Address
        (addressType, street, city, stateProvince, postalCode, country, studentNumber, id) 
    values
        (?, ?, ?, ?, ?, ?, ?, ?)
14:18:23,102 DEBUG BaseGeneralDataRegion:59 - Caching[foo.org.hibernate.cache.spi.UpdateTimestampsCache] : [Address] -> [5579090997665795]
14:18:23,103 DEBUG SQL:104 - 
    insert 
    into
        Address
        (addressType, street, city, stateProvince, postalCode, country, studentNumber, id) 
    values
        (?, ?, ?, ?, ?, ?, ?, ?)
14:18:23,103 DEBUG BaseGeneralDataRegion:59 - Caching[foo.org.hibernate.cache.spi.UpdateTimestampsCache] : [Address] -> [5579090997669888]
14:18:23,103 DEBUG SQL:104 - 
    insert 
    into
        Student
        (name_first, name_middle, name_last, preferredCourseCode, studentId) 
    values
        (?, ?, ?, ?, ?)
14:18:23,103 DEBUG BaseGeneralDataRegion:59 - Caching[foo.org.hibernate.cache.spi.UpdateTimestampsCache] : [Student] -> [5579090997669889]
14:18:23,103 DEBUG SQL:104 - 
    insert 
    into
        Enrolment
        (semester, "year", studentId, courseCode) 
    values
        (?, ?, ?, ?)
14:18:23,103 DEBUG BaseGeneralDataRegion:59 - Caching[foo.org.hibernate.cache.spi.UpdateTimestampsCache] : [Enrolment] -> [5579090997669890]
14:18:23,103 DEBUG SQL:104 - 
    insert 
    into
        Enrolment
        (semester, "year", studentId, courseCode) 
    values
        (?, ?, ?, ?)
14:18:23,104 DEBUG BaseGeneralDataRegion:59 - Caching[foo.org.hibernate.cache.spi.UpdateTimestampsCache] : [Enrolment] -> [5579090997673984]
14:18:23,104 DEBUG BaseGeneralDataRegion:59 - Caching[foo.org.hibernate.cache.spi.UpdateTimestampsCache] : [CourseMeeting] -> [5579090997673985]
14:18:23,104 DEBUG BaseGeneralDataRegion:59 - Caching[foo.org.hibernate.cache.spi.UpdateTimestampsCache] : [Enrolment] -> [5579090997673986]
14:18:23,104 DEBUG SQL:104 - 
    update
        Address 
    set
        studentNumber=?,
        addressType=? 
    where
        id=?
14:18:23,104 DEBUG SQL:104 - 
    update
        Address 
    set
        studentNumber=?,
        addressType=? 
    where
        id=?
14:18:23,104 DEBUG BaseGeneralDataRegion:59 - Caching[foo.org.hibernate.cache.spi.UpdateTimestampsCache] : [Address] -> [5579090997673987]
14:18:23,104 DEBUG SQL:104 - 
    insert 
    into
        Student_secretCodes
        (studentNumber, i, secretCode) 
    values
        (?, ?, ?)
14:18:23,105 DEBUG BaseGeneralDataRegion:59 - Caching[foo.org.hibernate.cache.spi.UpdateTimestampsCache] : [Student_secretCodes] -> [5579090997678080]
14:18:23,105 DEBUG BaseGeneralDataRegion:59 - Caching[foo.org.hibernate.cache.spi.UpdateTimestampsCache] : [Enrolment] -> [5579090997678081]
14:18:23,105 DEBUG BaseGeneralDataRegion:59 - Caching[foo.org.hibernate.cache.spi.UpdateTimestampsCache] : [Address] -> [5579090997678082]
14:18:23,105 DEBUG SQL:104 - 
    insert 
    into
        Student_secretCodes
        (studentNumber, i, secretCode) 
    values
        (?, ?, ?)
14:18:23,105 DEBUG SQL:104 - 
    insert 
    into
        Student_secretCodes
        (studentNumber, i, secretCode) 
    values
        (?, ?, ?)
14:18:23,110 DEBUG BaseGeneralDataRegion:59 - Caching[foo.org.hibernate.cache.spi.UpdateTimestampsCache] : [Student_secretCodes] -> [5579090997698560]
14:18:23,111 DEBUG BaseGeneralDataRegion:59 - Caching[foo.org.hibernate.cache.spi.UpdateTimestampsCache] : [Student] -> [5579090751942656]
14:18:23,111 DEBUG BaseGeneralDataRegion:59 - Caching[foo.org.hibernate.cache.spi.UpdateTimestampsCache] : [Course] -> [5579090751942656]
14:18:23,111 DEBUG BaseGeneralDataRegion:59 - Caching[foo.org.hibernate.cache.spi.UpdateTimestampsCache] : [Enrolment] -> [5579090751942656]
14:18:23,111 DEBUG BaseGeneralDataRegion:59 - Caching[foo.org.hibernate.cache.spi.UpdateTimestampsCache] : [Student_secretCodes] -> [5579090751942656]
14:18:23,111 DEBUG BaseGeneralDataRegion:59 - Caching[foo.org.hibernate.cache.spi.UpdateTimestampsCache] : [Address] -> [5579090751942656]
14:18:23,111 DEBUG BaseGeneralDataRegion:59 - Caching[foo.org.hibernate.cache.spi.UpdateTimestampsCache] : [CourseMeeting] -> [5579090751942656]
14:18:23,111 DEBUG QueryTranslatorImpl:265 - parse() - HQL: from org.hibernate.test.querycache.Student s left join fetch s.addresses a order by s.studentNumber
14:18:23,113 DEBUG QueryTranslatorImpl:283 - --- HQL AST ---
 \-[QUERY] Node: 'query'
    +-[SELECT_FROM] Node: 'SELECT_FROM'
    |  \-[FROM] Node: 'from'
    |     +-[RANGE] Node: 'RANGE'
    |     |  +-[DOT] Node: '.'
    |     |  |  +-[DOT] Node: '.'
    |     |  |  |  +-[DOT] Node: '.'
    |     |  |  |  |  +-[DOT] Node: '.'
    |     |  |  |  |  |  +-[IDENT] Node: 'org'
    |     |  |  |  |  |  \-[IDENT] Node: 'hibernate'
    |     |  |  |  |  \-[IDENT] Node: 'test'
    |     |  |  |  \-[IDENT] Node: 'querycache'
    |     |  |  \-[IDENT] Node: 'Student'
    |     |  \-[ALIAS] Node: 's'
    |     \-[JOIN] Node: 'join'
    |        +-[LEFT] Node: 'left'
    |        +-[FETCH] Node: 'fetch'
    |        +-[DOT] Node: '.'
    |        |  +-[IDENT] Node: 's'
    |        |  \-[IDENT] Node: 'addresses'
    |        \-[ALIAS] Node: 'a'
    \-[ORDER] Node: 'order'
       \-[DOT] Node: '.'
          +-[IDENT] Node: 's'
          \-[IDENT] Node: 'studentNumber'

14:18:23,124 DEBUG ErrorCounter:82 - throwQueryException() : no errors
14:18:23,124 DEBUG FromElement:157 - FromClause{level=1} : org.hibernate.test.querycache.Student (s) -> student0_
14:18:23,124 DEBUG FromReferenceNode:74 - Resolved : s -> student0_.studentId
14:18:23,124 DEBUG DotNode:599 - getDataType() : addresses -> org.hibernate.type.MapType(org.hibernate.test.querycache.Student.addresses)
14:18:23,124 DEBUG FromElementFactory:376 - createEntityAssociation() : One to many - path = s.addresses role = org.hibernate.test.querycache.Student.addresses associatedEntityName = org.hibernate.test.querycache.Address
14:18:23,125 DEBUG FromElement:157 - FromClause{level=1} : org.hibernate.test.querycache.Address (a) -> addresses1_
14:18:23,125 DEBUG FromClause:282 - addJoinByPathMap() : s.addresses -> FromElement{explicit,not a collection join,not a fetch join,fetch non-lazy properties,classAlias=a,role=null,tableName=Address,tableAlias=addresses1_,origin=Student student0_,columns={student0_.studentId ,className=org.hibernate.test.querycache.Address}}
14:18:23,125 DEBUG DotNode:308 - dereferenceCollection() : Created new FROM element for s.addresses : Address addresses1_
14:18:23,125 DEBUG FromReferenceNode:74 - Resolved : s.addresses -> .
14:18:23,125 DEBUG HqlSqlWalker:403 - createFromJoinElement() : -- join tree --
 \-[JOIN_FRAGMENT] FromElement: 'Address addresses1_' FromElement{explicit,not a collection join,fetch join,fetch non-lazy properties,classAlias=a,role=org.hibernate.test.querycache.Student.addresses,tableName=Address,tableAlias=addresses1_,origin=Student student0_,columns={student0_.studentId ,className=org.hibernate.test.querycache.Address}}

14:18:23,125 DEBUG FromReferenceNode:74 - Resolved : s -> student0_.studentId
14:18:23,125 DEBUG DotNode:599 - getDataType() : studentNumber -> org.hibernate.type.LongType@4bf3f9d
14:18:23,126 DEBUG FromReferenceNode:74 - Resolved : s.studentNumber -> student0_.studentId
14:18:23,126 DEBUG HqlSqlWalker:629 - processQuery() :  ( SELECT ( FromClause{level=1} ( Student student0_ Address addresses1_ ) ) ( order ( student0_.studentId student0_.studentId studentNumber ) ) )
14:18:23,126 DEBUG HqlSqlWalker:869 - Derived SELECT clause created.
14:18:23,126 DEBUG JoinProcessor:175 - Using FROM fragment [Student student0_]
14:18:23,126 DEBUG JoinProcessor:175 - Using FROM fragment [left outer join Address addresses1_ on student0_.studentId=addresses1_.studentNumber]
14:18:23,126 DEBUG QueryTranslatorImpl:252 - --- SQL AST ---
 \-[SELECT] QueryNode: 'SELECT'  querySpaces (Student,Address)
    +-[SELECT_CLAUSE] SelectClause: '{derived select clause}'
    |  +-[SELECT_EXPR] SelectExpressionImpl: 'student0_.studentId as studentId4_0_' {FromElement{explicit,not a collection join,not a fetch join,fetch non-lazy properties,classAlias=s,role=null,tableName=Student,tableAlias=student0_,origin=null,columns={,className=org.hibernate.test.querycache.Student}}}
    |  +-[SELECT_EXPR] SelectExpressionImpl: 'addresses1_.id as id0_1_' {FromElement{explicit,not a collection join,fetch join,fetch non-lazy properties,classAlias=a,role=org.hibernate.test.querycache.Student.addresses,tableName=Address,tableAlias=addresses1_,origin=Student student0_,columns={student0_.studentId ,className=org.hibernate.test.querycache.Address}}}
    |  +-[SQL_TOKEN] SqlFragment: 'student0_.name_first as name2_4_0_, student0_.name_middle as name3_4_0_, student0_.name_last as name4_4_0_, student0_.preferredCourseCode as preferre5_4_0_'
    |  +-[SQL_TOKEN] SqlFragment: 'addresses1_.addressType as addressT2_0_1_, addresses1_.street as street0_1_, addresses1_.city as city0_1_, addresses1_.stateProvince as statePro5_0_1_, addresses1_.postalCode as postalCode0_1_, addresses1_.country as country0_1_, addresses1_.studentNumber as studentN8_0_1_'
    |  \-[SQL_TOKEN] SqlFragment: 'addresses1_.studentNumber as studentN8_4_0__, addresses1_.id as id0_0__, addresses1_.addressType as addressT2_0__'
    +-[FROM] FromClause: 'from' FromClause{level=1, fromElementCounter=2, fromElements=2, fromElementByClassAlias=[s, a], fromElementByTableAlias=[student0_, addresses1_], fromElementsByPath=[s.addresses], collectionJoinFromElementsByPath=[], impliedElements=[]}
    |  \-[FROM_FRAGMENT] FromElement: 'Student student0_' FromElement{explicit,not a collection join,not a fetch join,fetch non-lazy properties,classAlias=s,role=null,tableName=Student,tableAlias=student0_,origin=null,columns={,className=org.hibernate.test.querycache.Student}}
    |     \-[JOIN_FRAGMENT] FromElement: 'left outer join Address addresses1_ on student0_.studentId=addresses1_.studentNumber' FromElement{explicit,not a collection join,fetch join,fetch non-lazy properties,classAlias=a,role=org.hibernate.test.querycache.Student.addresses,tableName=Address,tableAlias=addresses1_,origin=Student student0_,columns={student0_.studentId ,className=org.hibernate.test.querycache.Address}}
    \-[ORDER] OrderByClause: 'order'
       \-[DOT] DotNode: 'student0_.studentId' {propertyName=studentNumber,dereferenceType=ALL,propertyPath=studentNumber,path=s.studentNumber,tableAlias=student0_,className=org.hibernate.test.querycache.Student,classAlias=s}
          +-[ALIAS_REF] IdentNode: 'student0_.studentId' {alias=s, className=org.hibernate.test.querycache.Student, tableAlias=student0_}
          \-[IDENT] IdentNode: 'studentNumber' {originalText=studentNumber}

14:18:23,134 DEBUG ErrorCounter:82 - throwQueryException() : no errors
14:18:23,135 DEBUG QueryTranslatorImpl:235 - HQL: from org.hibernate.test.querycache.Student s left join fetch s.addresses a order by s.studentNumber
14:18:23,135 DEBUG QueryTranslatorImpl:236 - SQL: select student0_.studentId as studentId4_0_, addresses1_.id as id0_1_, student0_.name_first as name2_4_0_, student0_.name_middle as name3_4_0_, student0_.name_last as name4_4_0_, student0_.preferredCourseCode as preferre5_4_0_, addresses1_.addressType as addressT2_0_1_, addresses1_.street as street0_1_, addresses1_.city as city0_1_, addresses1_.stateProvince as statePro5_0_1_, addresses1_.postalCode as postalCode0_1_, addresses1_.country as country0_1_, addresses1_.studentNumber as studentN8_0_1_, addresses1_.studentNumber as studentN8_4_0__, addresses1_.id as id0_0__, addresses1_.addressType as addressT2_0__ from Student student0_ left outer join Address addresses1_ on student0_.studentId=addresses1_.studentNumber order by student0_.studentId
14:18:23,135 DEBUG ErrorCounter:82 - throwQueryException() : no errors
14:18:23,135 DEBUG SQL:104 - 
    select
        student0_.studentId as studentId4_0_,
        addresses1_.id as id0_1_,
        student0_.name_first as name2_4_0_,
        student0_.name_middle as name3_4_0_,
        student0_.name_last as name4_4_0_,
        student0_.preferredCourseCode as preferre5_4_0_,
        addresses1_.addressType as addressT2_0_1_,
        addresses1_.street as street0_1_,
        addresses1_.city as city0_1_,
        addresses1_.stateProvince as statePro5_0_1_,
        addresses1_.postalCode as postalCode0_1_,
        addresses1_.country as country0_1_,
        addresses1_.studentNumber as studentN8_0_1_,
        addresses1_.studentNumber as studentN8_4_0__,
        addresses1_.id as id0_0__,
        addresses1_.addressType as addressT2_0__ 
    from
        Student student0_ 
    left outer join
        Address addresses1_ 
            on student0_.studentId=addresses1_.studentNumber 
    order by
        student0_.studentId
14:18:23,136 DEBUG SQL:104 - 
    select
        secretcode0_.studentNumber as studentN1_4_0_,
        secretcode0_.secretCode as secretCode5_0_,
        secretcode0_.i as i0_ 
    from
        Student_secretCodes secretcode0_ 
    where
        secretcode0_.studentNumber=?
14:18:23,156 DEBUG SQL:104 - 
    select
        secretcode0_.studentNumber as studentN1_4_0_,
        secretcode0_.secretCode as secretCode5_0_,
        secretcode0_.i as i0_ 
    from
        Student_secretCodes secretcode0_ 
    where
        secretcode0_.studentNumber=?
14:18:23,157 DEBUG SQL:104 - 
    select
        student0_.studentId as studentId4_0_,
        addresses1_.id as id0_1_,
        student0_.name_first as name2_4_0_,
        student0_.name_middle as name3_4_0_,
        student0_.name_last as name4_4_0_,
        student0_.preferredCourseCode as preferre5_4_0_,
        addresses1_.addressType as addressT2_0_1_,
        addresses1_.street as street0_1_,
        addresses1_.city as city0_1_,
        addresses1_.stateProvince as statePro5_0_1_,
        addresses1_.postalCode as postalCode0_1_,
        addresses1_.country as country0_1_,
        addresses1_.studentNumber as studentN8_0_1_,
        addresses1_.studentNumber as studentN8_4_0__,
        addresses1_.id as id0_0__,
        addresses1_.addressType as addressT2_0__ 
    from
        Student student0_ 
    left outer join
        Address addresses1_ 
            on student0_.studentId=addresses1_.studentNumber 
    order by
        student0_.studentId
14:18:23,167 DEBUG SQL:104 - 
    select
        secretcode0_.studentNumber as studentN1_4_0_,
        secretcode0_.secretCode as secretCode5_0_,
        secretcode0_.i as i0_ 
    from
        Student_secretCodes secretcode0_ 
    where
        secretcode0_.studentNumber=?
14:18:23,167 DEBUG SQL:104 - 
    select
        secretcode0_.studentNumber as studentN1_4_0_,
        secretcode0_.secretCode as secretCode5_0_,
        secretcode0_.i as i0_ 
    from
        Student_secretCodes secretcode0_ 
    where
        secretcode0_.studentNumber=?
14:18:23,168 DEBUG SQL:104 - 
    select
        student_.studentId,
        student_.name_first as name2_4_,
        student_.name_middle as name3_4_,
        student_.name_last as name4_4_,
        student_.preferredCourseCode as preferre5_4_ 
    from
        Student student_ 
    where
        student_.studentId=?
14:18:23,178 DEBUG SQL:104 - 
    select
        enrolment_.studentId,
        enrolment_.courseCode,
        enrolment_.semester as semester3_,
        enrolment_."year" as year4_3_ 
    from
        Enrolment enrolment_ 
    where
        enrolment_.studentId=? 
        and enrolment_.courseCode=?
14:18:23,178 DEBUG SQL:104 - 
    select
        course_.courseCode,
        course_.description as descript2_1_ 
    from
        Course course_ 
    where
        course_.courseCode=?
14:18:23,179 DEBUG SQL:104 - 
    select
        student_.studentId,
        student_.name_first as name2_4_,
        student_.name_middle as name3_4_,
        student_.name_last as name4_4_,
        student_.preferredCourseCode as preferre5_4_ 
    from
        Student student_ 
    where
        student_.studentId=?
14:18:23,187 DEBUG SQL:104 - 
    select
        enrolment_.studentId,
        enrolment_.courseCode,
        enrolment_.semester as semester3_,
        enrolment_."year" as year4_3_ 
    from
        Enrolment enrolment_ 
    where
        enrolment_.studentId=? 
        and enrolment_.courseCode=?
14:18:23,188 DEBUG SQL:104 - 
    select
        coursemeet_.courseCode,
        coursemeet_.day,
        coursemeet_.period,
        coursemeet_.location 
    from
        CourseMeeting coursemeet_ 
    where
        coursemeet_.courseCode=? 
        and coursemeet_.day=? 
        and coursemeet_.period=? 
        and coursemeet_.location=?
14:18:23,198 DEBUG SQL:104 - 
    select
        coursemeet_.courseCode,
        coursemeet_.day,
        coursemeet_.period,
        coursemeet_.location 
    from
        CourseMeeting coursemeet_ 
    where
        coursemeet_.courseCode=? 
        and coursemeet_.day=? 
        and coursemeet_.period=? 
        and coursemeet_.location=?
14:18:23,198 DEBUG BaseGeneralDataRegion:59 - Caching[foo.org.hibernate.cache.spi.UpdateTimestampsCache] : [Enrolment] -> [5579090998059008]
14:18:23,198 DEBUG SQL:104 - 
    update
        Address 
    set
        studentNumber=null,
        addressType=null 
    where
        studentNumber=?
14:18:23,199 DEBUG BaseGeneralDataRegion:59 - Caching[foo.org.hibernate.cache.spi.UpdateTimestampsCache] : [Address] -> [5579090998063104]
14:18:23,199 DEBUG SQL:104 - 
    delete 
    from
        Student_secretCodes 
    where
        studentNumber=?
14:18:23,207 DEBUG BaseGeneralDataRegion:59 - Caching[foo.org.hibernate.cache.spi.UpdateTimestampsCache] : [Student_secretCodes] -> [5579090998095872]
14:18:23,208 DEBUG BaseGeneralDataRegion:59 - Caching[foo.org.hibernate.cache.spi.UpdateTimestampsCache] : [Enrolment] -> [5579090998099968]
14:18:23,208 DEBUG BaseGeneralDataRegion:59 - Caching[foo.org.hibernate.cache.spi.UpdateTimestampsCache] : [Address] -> [5579090998099969]
14:18:23,208 DEBUG SQL:104 - 
    delete 
    from
        Student_secretCodes 
    where
        studentNumber=?
14:18:23,208 DEBUG BaseGeneralDataRegion:59 - Caching[foo.org.hibernate.cache.spi.UpdateTimestampsCache] : [Student_secretCodes] -> [5579090998099970]
14:18:23,208 DEBUG BaseGeneralDataRegion:59 - Caching[foo.org.hibernate.cache.spi.UpdateTimestampsCache] : [CourseMeeting] -> [5579090998099971]
14:18:23,208 DEBUG SQL:104 - 
    delete 
    from
        Enrolment 
    where
        studentId=? 
        and courseCode=?
14:18:23,208 DEBUG BaseGeneralDataRegion:59 - Caching[foo.org.hibernate.cache.spi.UpdateTimestampsCache] : [Enrolment] -> [5579090998099972]
14:18:23,209 DEBUG SQL:104 - 
    delete 
    from
        Address 
    where
        id=?
14:18:23,209 DEBUG BaseGeneralDataRegion:59 - Caching[foo.org.hibernate.cache.spi.UpdateTimestampsCache] : [Address] -> [5579090998104064]
14:18:23,209 DEBUG SQL:104 - 
    delete 
    from
        Address 
    where
        id=?
14:18:23,218 DEBUG BaseGeneralDataRegion:59 - Caching[foo.org.hibernate.cache.spi.UpdateTimestampsCache] : [Address] -> [5579090998140928]
14:18:23,218 DEBUG SQL:104 - 
    delete 
    from
        Student 
    where
        studentId=?
14:18:23,219 DEBUG BaseGeneralDataRegion:59 - Caching[foo.org.hibernate.cache.spi.UpdateTimestampsCache] : [Student] -> [5579090998145024]
14:18:23,219 DEBUG SQL:104 - 
    delete 
    from
        Enrolment 
    where
        studentId=? 
        and courseCode=?
14:18:23,219 DEBUG BaseGeneralDataRegion:59 - Caching[foo.org.hibernate.cache.spi.UpdateTimestampsCache] : [Enrolment] -> [5579090998145025]
14:18:23,219 DEBUG SQL:104 - 
    delete 
    from
        Student 
    where
        studentId=?
14:18:23,219 DEBUG BaseGeneralDataRegion:59 - Caching[foo.org.hibernate.cache.spi.UpdateTimestampsCache] : [Student] -> [5579090998145026]
14:18:23,219 DEBUG SQL:104 - 
    delete 
    from
        CourseMeeting 
    where
        courseCode=? 
        and day=? 
        and period=? 
        and location=?
14:18:23,258 DEBUG BaseGeneralDataRegion:59 - Caching[foo.org.hibernate.cache.spi.UpdateTimestampsCache] : [CourseMeeting] -> [5579090998304768]
14:18:23,258 DEBUG SQL:104 - 
    delete 
    from
        CourseMeeting 
    where
        courseCode=? 
        and day=? 
        and period=? 
        and location=?
14:18:23,259 DEBUG BaseGeneralDataRegion:59 - Caching[foo.org.hibernate.cache.spi.UpdateTimestampsCache] : [CourseMeeting] -> [5579090998308864]
14:18:23,259 DEBUG SQL:104 - 
    delete 
    from
        Course 
    where
        courseCode=?
14:18:23,259 DEBUG BaseGeneralDataRegion:59 - Caching[foo.org.hibernate.cache.spi.UpdateTimestampsCache] : [Course] -> [5579090998308865]
14:18:23,259 DEBUG BaseGeneralDataRegion:59 - Caching[foo.org.hibernate.cache.spi.UpdateTimestampsCache] : [Student] -> [5579090752548866]
14:18:23,259 DEBUG BaseGeneralDataRegion:59 - Caching[foo.org.hibernate.cache.spi.UpdateTimestampsCache] : [Course] -> [5579090752548866]
14:18:23,259 DEBUG BaseGeneralDataRegion:59 - Caching[foo.org.hibernate.cache.spi.UpdateTimestampsCache] : [Enrolment] -> [5579090752548866]
14:18:23,259 DEBUG BaseGeneralDataRegion:59 - Caching[foo.org.hibernate.cache.spi.UpdateTimestampsCache] : [Student_secretCodes] -> [5579090752548866]
14:18:23,260 DEBUG BaseGeneralDataRegion:59 - Caching[foo.org.hibernate.cache.spi.UpdateTimestampsCache] : [Address] -> [5579090752548866]
14:18:23,260 DEBUG BaseGeneralDataRegion:59 - Caching[foo.org.hibernate.cache.spi.UpdateTimestampsCache] : [CourseMeeting] -> [5579090752548866]
14:18:23,260 DEBUG SQL:104 - 
    select
        coursemeet_.courseCode,
        coursemeet_.day,
        coursemeet_.period,
        coursemeet_.location 
    from
        CourseMeeting coursemeet_ 
    where
        coursemeet_.courseCode=? 
        and coursemeet_.day=? 
        and coursemeet_.period=? 
        and coursemeet_.location=?
14:18:23,260 DEBUG SQL:104 - 
    select
        coursemeet_.courseCode,
        coursemeet_.day,
        coursemeet_.period,
        coursemeet_.location 
    from
        CourseMeeting coursemeet_ 
    where
        coursemeet_.courseCode=? 
        and coursemeet_.day=? 
        and coursemeet_.period=? 
        and coursemeet_.location=?
14:18:23,261 DEBUG SQL:104 - 
    insert 
    into
        Course
        (description, courseCode) 
    values
        (?, ?)
14:18:23,262 DEBUG BaseGeneralDataRegion:59 - Caching[foo.org.hibernate.cache.spi.UpdateTimestampsCache] : [Course] -> [5579090998321152]
14:18:23,262 DEBUG SQL:104 - 
    insert 
    into
        CourseMeeting
        (courseCode, day, period, location) 
    values
        (?, ?, ?, ?)
14:18:23,262 DEBUG BaseGeneralDataRegion:59 - Caching[foo.org.hibernate.cache.spi.UpdateTimestampsCache] : [CourseMeeting] -> [5579090998321153]
14:18:23,262 DEBUG SQL:104 - 
    insert 
    into
        CourseMeeting
        (courseCode, day, period, location) 
    values
        (?, ?, ?, ?)
14:18:23,262 DEBUG BaseGeneralDataRegion:59 - Caching[foo.org.hibernate.cache.spi.UpdateTimestampsCache] : [CourseMeeting] -> [5579090998321154]
14:18:23,262 DEBUG SQL:104 - 
    insert 
    into
        Student
        (name_first, name_middle, name_last, preferredCourseCode, studentId) 
    values
        (?, ?, ?, ?, ?)
14:18:23,263 DEBUG BaseGeneralDataRegion:59 - Caching[foo.org.hibernate.cache.spi.UpdateTimestampsCache] : [Student] -> [5579090998325248]
14:18:23,263 DEBUG SQL:104 - 
    insert 
    into
        Address
        (addressType, street, city, stateProvince, postalCode, country, studentNumber, id) 
    values
        (?, ?, ?, ?, ?, ?, ?, ?)
14:18:23,263 DEBUG BaseGeneralDataRegion:59 - Caching[foo.org.hibernate.cache.spi.UpdateTimestampsCache] : [Address] -> [5579090998325249]
14:18:23,263 DEBUG SQL:104 - 
    insert 
    into
        Address
        (addressType, street, city, stateProvince, postalCode, country, studentNumber, id) 
    values
        (?, ?, ?, ?, ?, ?, ?, ?)
14:18:23,263 DEBUG BaseGeneralDataRegion:59 - Caching[foo.org.hibernate.cache.spi.UpdateTimestampsCache] : [Address] -> [5579090998325250]
14:18:23,263 DEBUG SQL:104 - 
    insert 
    into
        Student
        (name_first, name_middle, name_last, preferredCourseCode, studentId) 
    values
        (?, ?, ?, ?, ?)
14:18:23,264 DEBUG BaseGeneralDataRegion:59 - Caching[foo.org.hibernate.cache.spi.UpdateTimestampsCache] : [Student] -> [5579090998329344]
14:18:23,264 DEBUG SQL:104 - 
    insert 
    into
        Enrolment
        (semester, "year", studentId, courseCode) 
    values
        (?, ?, ?, ?)
14:18:23,264 DEBUG BaseGeneralDataRegion:59 - Caching[foo.org.hibernate.cache.spi.UpdateTimestampsCache] : [Enrolment] -> [5579090998329345]
14:18:23,264 DEBUG SQL:104 - 
    insert 
    into
        Enrolment
        (semester, "year", studentId, courseCode) 
    values
        (?, ?, ?, ?)
14:18:23,264 DEBUG BaseGeneralDataRegion:59 - Caching[foo.org.hibernate.cache.spi.UpdateTimestampsCache] : [Enrolment] -> [5579090998329346]
14:18:23,264 DEBUG BaseGeneralDataRegion:59 - Caching[foo.org.hibernate.cache.spi.UpdateTimestampsCache] : [CourseMeeting] -> [5579090998329347]
14:18:23,264 DEBUG BaseGeneralDataRegion:59 - Caching[foo.org.hibernate.cache.spi.UpdateTimestampsCache] : [Enrolment] -> [5579090998329348]
14:18:23,265 DEBUG SQL:104 - 
    update
        Address 
    set
        studentNumber=?,
        addressType=? 
    where
        id=?
14:18:23,271 DEBUG SQL:104 - 
    update
        Address 
    set
        studentNumber=?,
        addressType=? 
    where
        id=?
14:18:23,271 DEBUG BaseGeneralDataRegion:59 - Caching[foo.org.hibernate.cache.spi.UpdateTimestampsCache] : [Address] -> [5579090998358016]
14:18:23,271 DEBUG SQL:104 - 
    insert 
    into
        Student_secretCodes
        (studentNumber, i, secretCode) 
    values
        (?, ?, ?)
14:18:23,271 DEBUG BaseGeneralDataRegion:59 - Caching[foo.org.hibernate.cache.spi.UpdateTimestampsCache] : [Student_secretCodes] -> [5579090998358017]
14:18:23,271 DEBUG BaseGeneralDataRegion:59 - Caching[foo.org.hibernate.cache.spi.UpdateTimestampsCache] : [Enrolment] -> [5579090998358018]
14:18:23,272 DEBUG BaseGeneralDataRegion:59 - Caching[foo.org.hibernate.cache.spi.UpdateTimestampsCache] : [Address] -> [5579090998362112]
14:18:23,272 DEBUG SQL:104 - 
    insert 
    into
        Student_secretCodes
        (studentNumber, i, secretCode) 
    values
        (?, ?, ?)
14:18:23,293 DEBUG SQL:104 - 
    insert 
    into
        Student_secretCodes
        (studentNumber, i, secretCode) 
    values
        (?, ?, ?)
14:18:23,293 DEBUG BaseGeneralDataRegion:59 - Caching[foo.org.hibernate.cache.spi.UpdateTimestampsCache] : [Student_secretCodes] -> [5579090998448128]
14:18:23,294 DEBUG BaseGeneralDataRegion:59 - Caching[foo.org.hibernate.cache.spi.UpdateTimestampsCache] : [Student] -> [5579090752692224]
14:18:23,294 DEBUG BaseGeneralDataRegion:59 - Caching[foo.org.hibernate.cache.spi.UpdateTimestampsCache] : [Course] -> [5579090752692224]
14:18:23,294 DEBUG BaseGeneralDataRegion:59 - Caching[foo.org.hibernate.cache.spi.UpdateTimestampsCache] : [Enrolment] -> [5579090752692224]
14:18:23,294 DEBUG BaseGeneralDataRegion:59 - Caching[foo.org.hibernate.cache.spi.UpdateTimestampsCache] : [Student_secretCodes] -> [5579090752692224]
14:18:23,294 DEBUG BaseGeneralDataRegion:59 - Caching[foo.org.hibernate.cache.spi.UpdateTimestampsCache] : [Address] -> [5579090752692224]
14:18:23,294 DEBUG BaseGeneralDataRegion:59 - Caching[foo.org.hibernate.cache.spi.UpdateTimestampsCache] : [CourseMeeting] -> [5579090752692224]
14:18:23,294 DEBUG SQL:104 - 
    select
        student_.studentId,
        student_.name_first as name2_4_,
        student_.name_middle as name3_4_,
        student_.name_last as name4_4_,
        student_.preferredCourseCode as preferre5_4_ 
    from
        Student student_ 
    where
        student_.studentId=?
14:18:23,295 DEBUG SQL:104 - 
    select
        enrolment_.studentId,
        enrolment_.courseCode,
        enrolment_.semester as semester3_,
        enrolment_."year" as year4_3_ 
    from
        Enrolment enrolment_ 
    where
        enrolment_.studentId=? 
        and enrolment_.courseCode=?
14:18:23,295 DEBUG SQL:104 - 
    select
        course_.courseCode,
        course_.description as descript2_1_ 
    from
        Course course_ 
    where
        course_.courseCode=?
14:18:23,296 DEBUG SQL:104 - 
    select
        student_.studentId,
        student_.name_first as name2_4_,
        student_.name_middle as name3_4_,
        student_.name_last as name4_4_,
        student_.preferredCourseCode as preferre5_4_ 
    from
        Student student_ 
    where
        student_.studentId=?
14:18:23,296 DEBUG SQL:104 - 
    select
        enrolment_.studentId,
        enrolment_.courseCode,
        enrolment_.semester as semester3_,
        enrolment_."year" as year4_3_ 
    from
        Enrolment enrolment_ 
    where
        enrolment_.studentId=? 
        and enrolment_.courseCode=?
14:18:23,296 DEBUG SQL:104 - 
    select
        coursemeet_.courseCode,
        coursemeet_.day,
        coursemeet_.period,
        coursemeet_.location 
    from
        CourseMeeting coursemeet_ 
    where
        coursemeet_.courseCode=? 
        and coursemeet_.day=? 
        and coursemeet_.period=? 
        and coursemeet_.location=?
14:18:23,314 DEBUG SQL:104 - 
    select
        coursemeet_.courseCode,
        coursemeet_.day,
        coursemeet_.period,
        coursemeet_.location 
    from
        CourseMeeting coursemeet_ 
    where
        coursemeet_.courseCode=? 
        and coursemeet_.day=? 
        and coursemeet_.period=? 
        and coursemeet_.location=?
14:18:23,315 DEBUG BaseGeneralDataRegion:59 - Caching[foo.org.hibernate.cache.spi.UpdateTimestampsCache] : [Enrolment] -> [5579090998538240]
14:18:23,315 DEBUG SQL:104 - 
    update
        Address 
    set
        studentNumber=null,
        addressType=null 
    where
        studentNumber=?
14:18:23,315 DEBUG BaseGeneralDataRegion:59 - Caching[foo.org.hibernate.cache.spi.UpdateTimestampsCache] : [Address] -> [5579090998538241]
14:18:23,316 DEBUG SQL:104 - 
    delete 
    from
        Student_secretCodes 
    where
        studentNumber=?
14:18:23,325 DEBUG BaseGeneralDataRegion:59 - Caching[foo.org.hibernate.cache.spi.UpdateTimestampsCache] : [Student_secretCodes] -> [5579090998579200]
14:18:23,325 DEBUG BaseGeneralDataRegion:59 - Caching[foo.org.hibernate.cache.spi.UpdateTimestampsCache] : [Enrolment] -> [5579090998579201]
14:18:23,325 DEBUG BaseGeneralDataRegion:59 - Caching[foo.org.hibernate.cache.spi.UpdateTimestampsCache] : [Address] -> [5579090998579202]
14:18:23,325 DEBUG SQL:104 - 
    delete 
    from
        Student_secretCodes 
    where
        studentNumber=?
14:18:23,325 DEBUG BaseGeneralDataRegion:59 - Caching[foo.org.hibernate.cache.spi.UpdateTimestampsCache] : [Student_secretCodes] -> [5579090998579203]
14:18:23,326 DEBUG BaseGeneralDataRegion:59 - Caching[foo.org.hibernate.cache.spi.UpdateTimestampsCache] : [CourseMeeting] -> [5579090998579204]
14:18:23,326 DEBUG SQL:104 - 
    delete 
    from
        Enrolment 
    where
        studentId=? 
        and courseCode=?
14:18:23,326 DEBUG BaseGeneralDataRegion:59 - Caching[foo.org.hibernate.cache.spi.UpdateTimestampsCache] : [Enrolment] -> [5579090998583296]
14:18:23,326 DEBUG SQL:104 - 
    delete 
    from
        Address 
    where
        id=?
14:18:23,336 DEBUG BaseGeneralDataRegion:59 - Caching[foo.org.hibernate.cache.spi.UpdateTimestampsCache] : [Address] -> [5579090998624256]
14:18:23,566 DEBUG SQL:104 - 
    delete 
    from
        Address 
    where
        id=?
14:18:23,566 DEBUG BaseGeneralDataRegion:59 - Caching[foo.org.hibernate.cache.spi.UpdateTimestampsCache] : [Address] -> [5579090999566336]
14:18:23,567 DEBUG SQL:104 - 
    delete 
    from
        Student 
    where
        studentId=?
14:18:23,567 DEBUG BaseGeneralDataRegion:59 - Caching[foo.org.hibernate.cache.spi.UpdateTimestampsCache] : [Student] -> [5579090999570432]
14:18:23,567 DEBUG SQL:104 - 
    delete 
    from
        Enrolment 
    where
        studentId=? 
        and courseCode=?
14:18:23,567 DEBUG BaseGeneralDataRegion:59 - Caching[foo.org.hibernate.cache.spi.UpdateTimestampsCache] : [Enrolment] -> [5579090999570433]
14:18:23,567 DEBUG SQL:104 - 
    delete 
    from
        Student 
    where
        studentId=?
14:18:23,567 DEBUG BaseGeneralDataRegion:59 - Caching[foo.org.hibernate.cache.spi.UpdateTimestampsCache] : [Student] -> [5579090999570434]
14:18:23,567 DEBUG SQL:104 - 
    delete 
    from
        CourseMeeting 
    where
        courseCode=? 
        and day=? 
        and period=? 
        and location=?
14:18:23,568 DEBUG BaseGeneralDataRegion:59 - Caching[foo.org.hibernate.cache.spi.UpdateTimestampsCache] : [CourseMeeting] -> [5579090999574528]
14:18:23,568 DEBUG SQL:104 - 
    delete 
    from
        CourseMeeting 
    where
        courseCode=? 
        and day=? 
        and period=? 
        and location=?
14:18:23,568 DEBUG BaseGeneralDataRegion:59 - Caching[foo.org.hibernate.cache.spi.UpdateTimestampsCache] : [CourseMeeting] -> [5579090999574529]
14:18:23,568 DEBUG SQL:104 - 
    delete 
    from
        Course 
    where
        courseCode=?
14:18:23,568 DEBUG BaseGeneralDataRegion:59 - Caching[foo.org.hibernate.cache.spi.UpdateTimestampsCache] : [Course] -> [5579090999574530]
14:18:23,568 DEBUG BaseGeneralDataRegion:59 - Caching[foo.org.hibernate.cache.spi.UpdateTimestampsCache] : [Student] -> [5579090753814531]
14:18:23,568 DEBUG BaseGeneralDataRegion:59 - Caching[foo.org.hibernate.cache.spi.UpdateTimestampsCache] : [Course] -> [5579090753814531]
14:18:23,569 DEBUG BaseGeneralDataRegion:59 - Caching[foo.org.hibernate.cache.spi.UpdateTimestampsCache] : [Enrolment] -> [5579090753814531]
14:18:23,569 DEBUG BaseGeneralDataRegion:59 - Caching[foo.org.hibernate.cache.spi.UpdateTimestampsCache] : [Student_secretCodes] -> [5579090753814531]
14:18:23,569 DEBUG BaseGeneralDataRegion:59 - Caching[foo.org.hibernate.cache.spi.UpdateTimestampsCache] : [Address] -> [5579090753814531]
14:18:23,569 DEBUG BaseGeneralDataRegion:59 - Caching[foo.org.hibernate.cache.spi.UpdateTimestampsCache] : [CourseMeeting] -> [5579090753814531]
14:18:23,569 DEBUG SQL:104 - 
    select
        coursemeet_.courseCode,
        coursemeet_.day,
        coursemeet_.period,
        coursemeet_.location 
    from
        CourseMeeting coursemeet_ 
    where
        coursemeet_.courseCode=? 
        and coursemeet_.day=? 
        and coursemeet_.period=? 
        and coursemeet_.location=?
14:18:23,570 DEBUG SQL:104 - 
    select
        coursemeet_.courseCode,
        coursemeet_.day,
        coursemeet_.period,
        coursemeet_.location 
    from
        CourseMeeting coursemeet_ 
    where
        coursemeet_.courseCode=? 
        and coursemeet_.day=? 
        and coursemeet_.period=? 
        and coursemeet_.location=?
14:18:23,570 DEBUG SQL:104 - 
    insert 
    into
        Course
        (description, courseCode) 
    values
        (?, ?)
14:18:23,571 DEBUG BaseGeneralDataRegion:59 - Caching[foo.org.hibernate.cache.spi.UpdateTimestampsCache] : [Course] -> [5579090999586816]
14:18:23,571 DEBUG SQL:104 - 
    insert 
    into
        CourseMeeting
        (courseCode, day, period, location) 
    values
        (?, ?, ?, ?)
14:18:23,571 DEBUG BaseGeneralDataRegion:59 - Caching[foo.org.hibernate.cache.spi.UpdateTimestampsCache] : [CourseMeeting] -> [5579090999586817]
14:18:23,571 DEBUG SQL:104 - 
    insert 
    into
        CourseMeeting
        (courseCode, day, period, location) 
    values
        (?, ?, ?, ?)
14:18:23,571 DEBUG BaseGeneralDataRegion:59 - Caching[foo.org.hibernate.cache.spi.UpdateTimestampsCache] : [CourseMeeting] -> [5579090999586818]
14:18:23,571 DEBUG SQL:104 - 
    insert 
    into
        Student
        (name_first, name_middle, name_last, preferredCourseCode, studentId) 
    values
        (?, ?, ?, ?, ?)
14:18:23,571 DEBUG BaseGeneralDataRegion:59 - Caching[foo.org.hibernate.cache.spi.UpdateTimestampsCache] : [Student] -> [5579090999586819]
14:18:23,572 DEBUG SQL:104 - 
    insert 
    into
        Address
        (addressType, street, city, stateProvince, postalCode, country, studentNumber, id) 
    values
        (?, ?, ?, ?, ?, ?, ?, ?)
14:18:23,572 DEBUG BaseGeneralDataRegion:59 - Caching[foo.org.hibernate.cache.spi.UpdateTimestampsCache] : [Address] -> [5579090999590912]
14:18:23,572 DEBUG SQL:104 - 
    insert 
    into
        Address
        (addressType, street, city, stateProvince, postalCode, country, studentNumber, id) 
    values
        (?, ?, ?, ?, ?, ?, ?, ?)
14:18:23,572 DEBUG BaseGeneralDataRegion:59 - Caching[foo.org.hibernate.cache.spi.UpdateTimestampsCache] : [Address] -> [5579090999590913]
14:18:23,572 DEBUG SQL:104 - 
    insert 
    into
        Student
        (name_first, name_middle, name_last, preferredCourseCode, studentId) 
    values
        (?, ?, ?, ?, ?)
14:18:23,572 DEBUG BaseGeneralDataRegion:59 - Caching[foo.org.hibernate.cache.spi.UpdateTimestampsCache] : [Student] -> [5579090999590914]
14:18:23,572 DEBUG SQL:104 - 
    insert 
    into
        Enrolment
        (semester, "year", studentId, courseCode) 
    values
        (?, ?, ?, ?)
14:18:23,573 DEBUG BaseGeneralDataRegion:59 - Caching[foo.org.hibernate.cache.spi.UpdateTimestampsCache] : [Enrolment] -> [5579090999595008]
14:18:23,573 DEBUG SQL:104 - 
    insert 
    into
        Enrolment
        (semester, "year", studentId, courseCode) 
    values
        (?, ?, ?, ?)
14:18:23,573 DEBUG BaseGeneralDataRegion:59 - Caching[foo.org.hibernate.cache.spi.UpdateTimestampsCache] : [Enrolment] -> [5579090999595009]
14:18:23,573 DEBUG BaseGeneralDataRegion:59 - Caching[foo.org.hibernate.cache.spi.UpdateTimestampsCache] : [CourseMeeting] -> [5579090999595010]
14:18:23,573 DEBUG BaseGeneralDataRegion:59 - Caching[foo.org.hibernate.cache.spi.UpdateTimestampsCache] : [Enrolment] -> [5579090999595011]
14:18:23,573 DEBUG SQL:104 - 
    update
        Address 
    set
        studentNumber=?,
        addressType=? 
    where
        id=?
14:18:23,573 DEBUG SQL:104 - 
    update
        Address 
    set
        studentNumber=?,
        addressType=? 
    where
        id=?
14:18:23,574 DEBUG BaseGeneralDataRegion:59 - Caching[foo.org.hibernate.cache.spi.UpdateTimestampsCache] : [Address] -> [5579090999599104]
14:18:23,574 DEBUG SQL:104 - 
    insert 
    into
        Student_secretCodes
        (studentNumber, i, secretCode) 
    values
        (?, ?, ?)
14:18:23,574 DEBUG BaseGeneralDataRegion:59 - Caching[foo.org.hibernate.cache.spi.UpdateTimestampsCache] : [Student_secretCodes] -> [5579090999599105]
14:18:23,574 DEBUG BaseGeneralDataRegion:59 - Caching[foo.org.hibernate.cache.spi.UpdateTimestampsCache] : [Enrolment] -> [5579090999599106]
14:18:23,574 DEBUG BaseGeneralDataRegion:59 - Caching[foo.org.hibernate.cache.spi.UpdateTimestampsCache] : [Address] -> [5579090999599107]
14:18:23,574 DEBUG SQL:104 - 
    insert 
    into
        Student_secretCodes
        (studentNumber, i, secretCode) 
    values
        (?, ?, ?)
14:18:23,574 DEBUG SQL:104 - 
    insert 
    into
        Student_secretCodes
        (studentNumber, i, secretCode) 
    values
        (?, ?, ?)
14:18:23,575 DEBUG BaseGeneralDataRegion:59 - Caching[foo.org.hibernate.cache.spi.UpdateTimestampsCache] : [Student_secretCodes] -> [5579090999603200]
14:18:23,575 DEBUG BaseGeneralDataRegion:59 - Caching[foo.org.hibernate.cache.spi.UpdateTimestampsCache] : [Student] -> [5579090753843201]
14:18:23,575 DEBUG BaseGeneralDataRegion:59 - Caching[foo.org.hibernate.cache.spi.UpdateTimestampsCache] : [Course] -> [5579090753843201]
14:18:23,575 DEBUG BaseGeneralDataRegion:59 - Caching[foo.org.hibernate.cache.spi.UpdateTimestampsCache] : [Enrolment] -> [5579090753843201]
14:18:23,575 DEBUG BaseGeneralDataRegion:59 - Caching[foo.org.hibernate.cache.spi.UpdateTimestampsCache] : [Student_secretCodes] -> [5579090753843201]
14:18:23,575 DEBUG BaseGeneralDataRegion:59 - Caching[foo.org.hibernate.cache.spi.UpdateTimestampsCache] : [Address] -> [5579090753843201]
14:18:23,575 DEBUG BaseGeneralDataRegion:59 - Caching[foo.org.hibernate.cache.spi.UpdateTimestampsCache] : [CourseMeeting] -> [5579090753843201]
14:18:23,576 DEBUG SQL:104 - 
    select
        student_.studentId,
        student_.name_first as name2_4_,
        student_.name_middle as name3_4_,
        student_.name_last as name4_4_,
        student_.preferredCourseCode as preferre5_4_ 
    from
        Student student_ 
    where
        student_.studentId=?
14:18:23,576 DEBUG SQL:104 - 
    select
        enrolment_.studentId,
        enrolment_.courseCode,
        enrolment_.semester as semester3_,
        enrolment_."year" as year4_3_ 
    from
        Enrolment enrolment_ 
    where
        enrolment_.studentId=? 
        and enrolment_.courseCode=?
14:18:23,576 DEBUG SQL:104 - 
    select
        course_.courseCode,
        course_.description as descript2_1_ 
    from
        Course course_ 
    where
        course_.courseCode=?
14:18:23,577 DEBUG SQL:104 - 
    select
        student_.studentId,
        student_.name_first as name2_4_,
        student_.name_middle as name3_4_,
        student_.name_last as name4_4_,
        student_.preferredCourseCode as preferre5_4_ 
    from
        Student student_ 
    where
        student_.studentId=?
14:18:23,577 DEBUG SQL:104 - 
    select
        enrolment_.studentId,
        enrolment_.courseCode,
        enrolment_.semester as semester3_,
        enrolment_."year" as year4_3_ 
    from
        Enrolment enrolment_ 
    where
        enrolment_.studentId=? 
        and enrolment_.courseCode=?
14:18:23,577 DEBUG SQL:104 - 
    select
        coursemeet_.courseCode,
        coursemeet_.day,
        coursemeet_.period,
        coursemeet_.location 
    from
        CourseMeeting coursemeet_ 
    where
        coursemeet_.courseCode=? 
        and coursemeet_.day=? 
        and coursemeet_.period=? 
        and coursemeet_.location=?
14:18:23,577 DEBUG SQL:104 - 
    select
        coursemeet_.courseCode,
        coursemeet_.day,
        coursemeet_.period,
        coursemeet_.location 
    from
        CourseMeeting coursemeet_ 
    where
        coursemeet_.courseCode=? 
        and coursemeet_.day=? 
        and coursemeet_.period=? 
        and coursemeet_.location=?
14:18:23,578 DEBUG BaseGeneralDataRegion:59 - Caching[foo.org.hibernate.cache.spi.UpdateTimestampsCache] : [Enrolment] -> [5579090999615488]
14:18:23,578 DEBUG SQL:104 - 
    update
        Address 
    set
        studentNumber=null,
        addressType=null 
    where
        studentNumber=?
14:18:23,578 DEBUG BaseGeneralDataRegion:59 - Caching[foo.org.hibernate.cache.spi.UpdateTimestampsCache] : [Address] -> [5579090999615489]
14:18:23,578 DEBUG SQL:104 - 
    delete 
    from
        Student_secretCodes 
    where
        studentNumber=?
14:18:23,578 DEBUG BaseGeneralDataRegion:59 - Caching[foo.org.hibernate.cache.spi.UpdateTimestampsCache] : [Student_secretCodes] -> [5579090999615490]
14:18:23,578 DEBUG BaseGeneralDataRegion:59 - Caching[foo.org.hibernate.cache.spi.UpdateTimestampsCache] : [Enrolment] -> [5579090999615491]
14:18:23,578 DEBUG BaseGeneralDataRegion:59 - Caching[foo.org.hibernate.cache.spi.UpdateTimestampsCache] : [Address] -> [5579090999615492]
14:18:23,579 DEBUG SQL:104 - 
    delete 
    from
        Student_secretCodes 
    where
        studentNumber=?
14:18:23,579 DEBUG BaseGeneralDataRegion:59 - Caching[foo.org.hibernate.cache.spi.UpdateTimestampsCache] : [Student_secretCodes] -> [5579090999619584]
14:18:23,579 DEBUG BaseGeneralDataRegion:59 - Caching[foo.org.hibernate.cache.spi.UpdateTimestampsCache] : [CourseMeeting] -> [5579090999619585]
14:18:23,579 DEBUG SQL:104 - 
    delete 
    from
        Enrolment 
    where
        studentId=? 
        and courseCode=?
14:18:23,579 DEBUG BaseGeneralDataRegion:59 - Caching[foo.org.hibernate.cache.spi.UpdateTimestampsCache] : [Enrolment] -> [5579090999619586]
14:18:23,579 DEBUG SQL:104 - 
    delete 
    from
        Address 
    where
        id=?
14:18:23,579 DEBUG BaseGeneralDataRegion:59 - Caching[foo.org.hibernate.cache.spi.UpdateTimestampsCache] : [Address] -> [5579090999619587]
14:18:23,580 DEBUG SQL:104 - 
    delete 
    from
        Address 
    where
        id=?
14:18:23,580 DEBUG BaseGeneralDataRegion:59 - Caching[foo.org.hibernate.cache.spi.UpdateTimestampsCache] : [Address] -> [5579090999623680]
14:18:23,580 DEBUG SQL:104 - 
    delete 
    from
        Student 
    where
        studentId=?
14:18:23,580 DEBUG BaseGeneralDataRegion:59 - Caching[foo.org.hibernate.cache.spi.UpdateTimestampsCache] : [Student] -> [5579090999623681]
14:18:23,580 DEBUG SQL:104 - 
    delete 
    from
        Enrolment 
    where
        studentId=? 
        and courseCode=?
14:18:23,580 DEBUG BaseGeneralDataRegion:59 - Caching[foo.org.hibernate.cache.spi.UpdateTimestampsCache] : [Enrolment] -> [5579090999623682]
14:18:23,580 DEBUG SQL:104 - 
    delete 
    from
        Student 
    where
        studentId=?
14:18:23,580 DEBUG BaseGeneralDataRegion:59 - Caching[foo.org.hibernate.cache.spi.UpdateTimestampsCache] : [Student] -> [5579090999623683]
14:18:23,581 DEBUG SQL:104 - 
    delete 
    from
        CourseMeeting 
    where
        courseCode=? 
        and day=? 
        and period=? 
        and location=?
14:18:23,581 DEBUG BaseGeneralDataRegion:59 - Caching[foo.org.hibernate.cache.spi.UpdateTimestampsCache] : [CourseMeeting] -> [5579090999627776]
14:18:23,581 DEBUG SQL:104 - 
    delete 
    from
        CourseMeeting 
    where
        courseCode=? 
        and day=? 
        and period=? 
        and location=?
14:18:23,581 DEBUG BaseGeneralDataRegion:59 - Caching[foo.org.hibernate.cache.spi.UpdateTimestampsCache] : [CourseMeeting] -> [5579090999627777]
14:18:23,581 DEBUG SQL:104 - 
    delete 
    from
        Course 
    where
        courseCode=?
14:18:23,581 DEBUG BaseGeneralDataRegion:59 - Caching[foo.org.hibernate.cache.spi.UpdateTimestampsCache] : [Course] -> [5579090999627778]
14:18:23,581 DEBUG BaseGeneralDataRegion:59 - Caching[foo.org.hibernate.cache.spi.UpdateTimestampsCache] : [Student] -> [5579090753867779]
14:18:23,582 DEBUG BaseGeneralDataRegion:59 - Caching[foo.org.hibernate.cache.spi.UpdateTimestampsCache] : [Course] -> [5579090753867779]
14:18:23,582 DEBUG BaseGeneralDataRegion:59 - Caching[foo.org.hibernate.cache.spi.UpdateTimestampsCache] : [Enrolment] -> [5579090753867779]
14:18:23,582 DEBUG BaseGeneralDataRegion:59 - Caching[foo.org.hibernate.cache.spi.UpdateTimestampsCache] : [Student_secretCodes] -> [5579090753867779]
14:18:23,582 DEBUG BaseGeneralDataRegion:59 - Caching[foo.org.hibernate.cache.spi.UpdateTimestampsCache] : [Address] -> [5579090753867779]
14:18:23,582 DEBUG BaseGeneralDataRegion:59 - Caching[foo.org.hibernate.cache.spi.UpdateTimestampsCache] : [CourseMeeting] -> [5579090753867779]
14:18:23,582 DEBUG SQL:104 - 
    select
        coursemeet_.courseCode,
        coursemeet_.day,
        coursemeet_.period,
        coursemeet_.location 
    from
        CourseMeeting coursemeet_ 
    where
        coursemeet_.courseCode=? 
        and coursemeet_.day=? 
        and coursemeet_.period=? 
        and coursemeet_.location=?
14:18:23,583 DEBUG SQL:104 - 
    select
        coursemeet_.courseCode,
        coursemeet_.day,
        coursemeet_.period,
        coursemeet_.location 
    from
        CourseMeeting coursemeet_ 
    where
        coursemeet_.courseCode=? 
        and coursemeet_.day=? 
        and coursemeet_.period=? 
        and coursemeet_.location=?
14:18:23,583 DEBUG SQL:104 - 
    insert 
    into
        Course
        (description, courseCode) 
    values
        (?, ?)
14:18:23,584 DEBUG BaseGeneralDataRegion:59 - Caching[foo.org.hibernate.cache.spi.UpdateTimestampsCache] : [Course] -> [5579090999640064]
14:18:23,584 DEBUG SQL:104 - 
    insert 
    into
        CourseMeeting
        (courseCode, day, period, location) 
    values
        (?, ?, ?, ?)
14:18:23,584 DEBUG BaseGeneralDataRegion:59 - Caching[foo.org.hibernate.cache.spi.UpdateTimestampsCache] : [CourseMeeting] -> [5579090999640065]
14:18:23,584 DEBUG SQL:104 - 
    insert 
    into
        CourseMeeting
        (courseCode, day, period, location) 
    values
        (?, ?, ?, ?)
14:18:23,584 DEBUG BaseGeneralDataRegion:59 - Caching[foo.org.hibernate.cache.spi.UpdateTimestampsCache] : [CourseMeeting] -> [5579090999640066]
14:18:23,584 DEBUG SQL:104 - 
    insert 
    into
        Student
        (name_first, name_middle, name_last, preferredCourseCode, studentId) 
    values
        (?, ?, ?, ?, ?)
14:18:23,585 DEBUG BaseGeneralDataRegion:59 - Caching[foo.org.hibernate.cache.spi.UpdateTimestampsCache] : [Student] -> [5579090999644160]
14:18:23,585 DEBUG SQL:104 - 
    insert 
    into
        Address
        (addressType, street, city, stateProvince, postalCode, country, studentNumber, id) 
    values
        (?, ?, ?, ?, ?, ?, ?, ?)
14:18:23,585 DEBUG BaseGeneralDataRegion:59 - Caching[foo.org.hibernate.cache.spi.UpdateTimestampsCache] : [Address] -> [5579090999644161]
14:18:23,585 DEBUG SQL:104 - 
    insert 
    into
        Address
        (addressType, street, city, stateProvince, postalCode, country, studentNumber, id) 
    values
        (?, ?, ?, ?, ?, ?, ?, ?)
14:18:23,585 DEBUG BaseGeneralDataRegion:59 - Caching[foo.org.hibernate.cache.spi.UpdateTimestampsCache] : [Address] -> [5579090999644162]
14:18:23,585 DEBUG SQL:104 - 
    insert 
    into
        Student
        (name_first, name_middle, name_last, preferredCourseCode, studentId) 
    values
        (?, ?, ?, ?, ?)
14:18:23,585 DEBUG BaseGeneralDataRegion:59 - Caching[foo.org.hibernate.cache.spi.UpdateTimestampsCache] : [Student] -> [5579090999644163]
14:18:23,586 DEBUG SQL:104 - 
    insert 
    into
        Enrolment
        (semester, "year", studentId, courseCode) 
    values
        (?, ?, ?, ?)
14:18:23,586 DEBUG BaseGeneralDataRegion:59 - Caching[foo.org.hibernate.cache.spi.UpdateTimestampsCache] : [Enrolment] -> [5579090999648256]
14:18:23,586 DEBUG SQL:104 - 
    insert 
    into
        Enrolment
        (semester, "year", studentId, courseCode) 
    values
        (?, ?, ?, ?)
14:18:23,586 DEBUG BaseGeneralDataRegion:59 - Caching[foo.org.hibernate.cache.spi.UpdateTimestampsCache] : [Enrolment] -> [5579090999648257]
14:18:23,586 DEBUG BaseGeneralDataRegion:59 - Caching[foo.org.hibernate.cache.spi.UpdateTimestampsCache] : [CourseMeeting] -> [5579090999648258]
14:18:23,586 DEBUG BaseGeneralDataRegion:59 - Caching[foo.org.hibernate.cache.spi.UpdateTimestampsCache] : [Enrolment] -> [5579090999648259]
14:18:23,586 DEBUG SQL:104 - 
    update
        Address 
    set
        studentNumber=?,
        addressType=? 
    where
        id=?
14:18:23,587 DEBUG SQL:104 - 
    update
        Address 
    set
        studentNumber=?,
        addressType=? 
    where
        id=?
14:18:23,587 DEBUG BaseGeneralDataRegion:59 - Caching[foo.org.hibernate.cache.spi.UpdateTimestampsCache] : [Address] -> [5579090999652352]
14:18:23,587 DEBUG SQL:104 - 
    insert 
    into
        Student_secretCodes
        (studentNumber, i, secretCode) 
    values
        (?, ?, ?)
14:18:23,587 DEBUG BaseGeneralDataRegion:59 - Caching[foo.org.hibernate.cache.spi.UpdateTimestampsCache] : [Student_secretCodes] -> [5579090999652353]
14:18:23,587 DEBUG BaseGeneralDataRegion:59 - Caching[foo.org.hibernate.cache.spi.UpdateTimestampsCache] : [Enrolment] -> [5579090999652354]
14:18:23,587 DEBUG BaseGeneralDataRegion:59 - Caching[foo.org.hibernate.cache.spi.UpdateTimestampsCache] : [Address] -> [5579090999652355]
14:18:23,587 DEBUG SQL:104 - 
    insert 
    into
        Student_secretCodes
        (studentNumber, i, secretCode) 
    values
        (?, ?, ?)
14:18:23,587 DEBUG SQL:104 - 
    insert 
    into
        Student_secretCodes
        (studentNumber, i, secretCode) 
    values
        (?, ?, ?)
14:18:23,588 DEBUG BaseGeneralDataRegion:59 - Caching[foo.org.hibernate.cache.spi.UpdateTimestampsCache] : [Student_secretCodes] -> [5579090999656448]
14:18:23,588 DEBUG BaseGeneralDataRegion:59 - Caching[foo.org.hibernate.cache.spi.UpdateTimestampsCache] : [Student] -> [5579090753896449]
14:18:23,588 DEBUG BaseGeneralDataRegion:59 - Caching[foo.org.hibernate.cache.spi.UpdateTimestampsCache] : [Course] -> [5579090753896449]
14:18:23,588 DEBUG BaseGeneralDataRegion:59 - Caching[foo.org.hibernate.cache.spi.UpdateTimestampsCache] : [Enrolment] -> [5579090753896449]
14:18:23,588 DEBUG BaseGeneralDataRegion:59 - Caching[foo.org.hibernate.cache.spi.UpdateTimestampsCache] : [Student_secretCodes] -> [5579090753896449]
14:18:23,588 DEBUG BaseGeneralDataRegion:59 - Caching[foo.org.hibernate.cache.spi.UpdateTimestampsCache] : [Address] -> [5579090753896449]
14:18:23,588 DEBUG BaseGeneralDataRegion:59 - Caching[foo.org.hibernate.cache.spi.UpdateTimestampsCache] : [CourseMeeting] -> [5579090753896449]
14:18:23,588 DEBUG SQL:104 - 
    select
        student_.studentId,
        student_.name_first as name2_4_,
        student_.name_middle as name3_4_,
        student_.name_last as name4_4_,
        student_.preferredCourseCode as preferre5_4_ 
    from
        Student student_ 
    where
        student_.studentId=?
14:18:23,589 DEBUG SQL:104 - 
    select
        enrolment_.studentId,
        enrolment_.courseCode,
        enrolment_.semester as semester3_,
        enrolment_."year" as year4_3_ 
    from
        Enrolment enrolment_ 
    where
        enrolment_.studentId=? 
        and enrolment_.courseCode=?
14:18:23,589 DEBUG SQL:104 - 
    select
        course_.courseCode,
        course_.description as descript2_1_ 
    from
        Course course_ 
    where
        course_.courseCode=?
14:18:23,589 DEBUG SQL:104 - 
    select
        student_.studentId,
        student_.name_first as name2_4_,
        student_.name_middle as name3_4_,
        student_.name_last as name4_4_,
        student_.preferredCourseCode as preferre5_4_ 
    from
        Student student_ 
    where
        student_.studentId=?
14:18:23,590 DEBUG SQL:104 - 
    select
        enrolment_.studentId,
        enrolment_.courseCode,
        enrolment_.semester as semester3_,
        enrolment_."year" as year4_3_ 
    from
        Enrolment enrolment_ 
    where
        enrolment_.studentId=? 
        and enrolment_.courseCode=?
14:18:23,590 DEBUG SQL:104 - 
    select
        coursemeet_.courseCode,
        coursemeet_.day,
        coursemeet_.period,
        coursemeet_.location 
    from
        CourseMeeting coursemeet_ 
    where
        coursemeet_.courseCode=? 
        and coursemeet_.day=? 
        and coursemeet_.period=? 
        and coursemeet_.location=?
14:18:23,590 DEBUG SQL:104 - 
    select
        coursemeet_.courseCode,
        coursemeet_.day,
        coursemeet_.period,
        coursemeet_.location 
    from
        CourseMeeting coursemeet_ 
    where
        coursemeet_.courseCode=? 
        and coursemeet_.day=? 
        and coursemeet_.period=? 
        and coursemeet_.location=?
14:18:23,591 DEBUG BaseGeneralDataRegion:59 - Caching[foo.org.hibernate.cache.spi.UpdateTimestampsCache] : [Enrolment] -> [5579090999664640]
14:18:23,591 DEBUG SQL:104 - 
    update
        Address 
    set
        studentNumber=null,
        addressType=null 
    where
        studentNumber=?
14:18:23,591 DEBUG BaseGeneralDataRegion:59 - Caching[foo.org.hibernate.cache.spi.UpdateTimestampsCache] : [Address] -> [5579090999668736]
14:18:23,591 DEBUG SQL:104 - 
    delete 
    from
        Student_secretCodes 
    where
        studentNumber=?
14:18:23,591 DEBUG BaseGeneralDataRegion:59 - Caching[foo.org.hibernate.cache.spi.UpdateTimestampsCache] : [Student_secretCodes] -> [5579090999668737]
14:18:23,591 DEBUG BaseGeneralDataRegion:59 - Caching[foo.org.hibernate.cache.spi.UpdateTimestampsCache] : [Enrolment] -> [5579090999668738]
14:18:23,591 DEBUG BaseGeneralDataRegion:59 - Caching[foo.org.hibernate.cache.spi.UpdateTimestampsCache] : [Address] -> [5579090999668739]
14:18:23,591 DEBUG SQL:104 - 
    delete 
    from
        Student_secretCodes 
    where
        studentNumber=?
14:18:23,592 DEBUG BaseGeneralDataRegion:59 - Caching[foo.org.hibernate.cache.spi.UpdateTimestampsCache] : [Student_secretCodes] -> [5579090999672832]
14:18:23,592 DEBUG BaseGeneralDataRegion:59 - Caching[foo.org.hibernate.cache.spi.UpdateTimestampsCache] : [CourseMeeting] -> [5579090999672833]
14:18:23,592 DEBUG SQL:104 - 
    delete 
    from
        Enrolment 
    where
        studentId=? 
        and courseCode=?
14:18:23,592 DEBUG BaseGeneralDataRegion:59 - Caching[foo.org.hibernate.cache.spi.UpdateTimestampsCache] : [Enrolment] -> [5579090999672834]
14:18:23,592 DEBUG SQL:104 - 
    delete 
    from
        Address 
    where
        id=?
14:18:23,592 DEBUG BaseGeneralDataRegion:59 - Caching[foo.org.hibernate.cache.spi.UpdateTimestampsCache] : [Address] -> [5579090999672835]
14:18:23,592 DEBUG SQL:104 - 
    delete 
    from
        Address 
    where
        id=?
14:18:23,592 DEBUG BaseGeneralDataRegion:59 - Caching[foo.org.hibernate.cache.spi.UpdateTimestampsCache] : [Address] -> [5579090999672836]
14:18:23,593 DEBUG SQL:104 - 
    delete 
    from
        Student 
    where
        studentId=?
14:18:23,593 DEBUG BaseGeneralDataRegion:59 - Caching[foo.org.hibernate.cache.spi.UpdateTimestampsCache] : [Student] -> [5579090999676928]
14:18:23,593 DEBUG SQL:104 - 
    delete 
    from
        Enrolment 
    where
        studentId=? 
        and courseCode=?
14:18:23,593 DEBUG BaseGeneralDataRegion:59 - Caching[foo.org.hibernate.cache.spi.UpdateTimestampsCache] : [Enrolment] -> [5579090999676929]
14:18:23,593 DEBUG SQL:104 - 
    delete 
    from
        Student 
    where
        studentId=?
14:18:23,593 DEBUG BaseGeneralDataRegion:59 - Caching[foo.org.hibernate.cache.spi.UpdateTimestampsCache] : [Student] -> [5579090999676930]
14:18:23,593 DEBUG SQL:104 - 
    delete 
    from
        CourseMeeting 
    where
        courseCode=? 
        and day=? 
        and period=? 
        and location=?
14:18:23,594 DEBUG BaseGeneralDataRegion:59 - Caching[foo.org.hibernate.cache.spi.UpdateTimestampsCache] : [CourseMeeting] -> [5579090999681024]
14:18:23,594 DEBUG SQL:104 - 
    delete 
    from
        CourseMeeting 
    where
        courseCode=? 
        and day=? 
        and period=? 
        and location=?
14:18:23,594 DEBUG BaseGeneralDataRegion:59 - Caching[foo.org.hibernate.cache.spi.UpdateTimestampsCache] : [CourseMeeting] -> [5579090999681025]
14:18:23,594 DEBUG SQL:104 - 
    delete 
    from
        Course 
    where
        courseCode=?
14:18:23,594 DEBUG BaseGeneralDataRegion:59 - Caching[foo.org.hibernate.cache.spi.UpdateTimestampsCache] : [Course] -> [5579090999681026]
14:18:23,594 DEBUG BaseGeneralDataRegion:59 - Caching[foo.org.hibernate.cache.spi.UpdateTimestampsCache] : [Student] -> [5579090753921027]
14:18:23,594 DEBUG BaseGeneralDataRegion:59 - Caching[foo.org.hibernate.cache.spi.UpdateTimestampsCache] : [Course] -> [5579090753921027]
14:18:23,594 DEBUG BaseGeneralDataRegion:59 - Caching[foo.org.hibernate.cache.spi.UpdateTimestampsCache] : [Enrolment] -> [5579090753921027]
14:18:23,594 DEBUG BaseGeneralDataRegion:59 - Caching[foo.org.hibernate.cache.spi.UpdateTimestampsCache] : [Student_secretCodes] -> [5579090753921027]
14:18:23,595 DEBUG BaseGeneralDataRegion:59 - Caching[foo.org.hibernate.cache.spi.UpdateTimestampsCache] : [Address] -> [5579090753921027]
14:18:23,595 DEBUG BaseGeneralDataRegion:59 - Caching[foo.org.hibernate.cache.spi.UpdateTimestampsCache] : [CourseMeeting] -> [5579090753921027]
14:18:23,595  INFO CustomRunner:139 - Test: testEntityWithJoinedLazyManyToOneListCriteria
14:18:23,596 DEBUG SQL:104 - 
    select
        coursemeet_.courseCode,
        coursemeet_.day,
        coursemeet_.period,
        coursemeet_.location 
    from
        CourseMeeting coursemeet_ 
    where
        coursemeet_.courseCode=? 
        and coursemeet_.day=? 
        and coursemeet_.period=? 
        and coursemeet_.location=?
14:18:23,596 DEBUG SQL:104 - 
    select
        coursemeet_.courseCode,
        coursemeet_.day,
        coursemeet_.period,
        coursemeet_.location 
    from
        CourseMeeting coursemeet_ 
    where
        coursemeet_.courseCode=? 
        and coursemeet_.day=? 
        and coursemeet_.period=? 
        and coursemeet_.location=?
14:18:23,597 DEBUG SQL:104 - 
    insert 
    into
        Course
        (description, courseCode) 
    values
        (?, ?)
14:18:23,598 DEBUG BaseGeneralDataRegion:59 - Caching[foo.org.hibernate.cache.spi.UpdateTimestampsCache] : [Course] -> [5579090999697408]
14:18:23,598 DEBUG SQL:104 - 
    insert 
    into
        CourseMeeting
        (courseCode, day, period, location) 
    values
        (?, ?, ?, ?)
14:18:23,599 DEBUG BaseGeneralDataRegion:59 - Caching[foo.org.hibernate.cache.spi.UpdateTimestampsCache] : [CourseMeeting] -> [5579090999701504]
14:18:23,599 DEBUG SQL:104 - 
    insert 
    into
        CourseMeeting
        (courseCode, day, period, location) 
    values
        (?, ?, ?, ?)
14:18:23,599 DEBUG BaseGeneralDataRegion:59 - Caching[foo.org.hibernate.cache.spi.UpdateTimestampsCache] : [CourseMeeting] -> [5579090999701505]
14:18:23,599 DEBUG SQL:104 - 
    insert 
    into
        Student
        (name_first, name_middle, name_last, preferredCourseCode, studentId) 
    values
        (?, ?, ?, ?, ?)
14:18:23,599 DEBUG BaseGeneralDataRegion:59 - Caching[foo.org.hibernate.cache.spi.UpdateTimestampsCache] : [Student] -> [5579090999701506]
14:18:23,599 DEBUG SQL:104 - 
    insert 
    into
        Address
        (addressType, street, city, stateProvince, postalCode, country, studentNumber, id) 
    values
        (?, ?, ?, ?, ?, ?, ?, ?)
14:18:23,608 DEBUG BaseGeneralDataRegion:59 - Caching[foo.org.hibernate.cache.spi.UpdateTimestampsCache] : [Address] -> [5579090999738368]
14:18:23,608 DEBUG SQL:104 - 
    insert 
    into
        Address
        (addressType, street, city, stateProvince, postalCode, country, studentNumber, id) 
    values
        (?, ?, ?, ?, ?, ?, ?, ?)
14:18:23,608 DEBUG BaseGeneralDataRegion:59 - Caching[foo.org.hibernate.cache.spi.UpdateTimestampsCache] : [Address] -> [5579090999738369]
14:18:23,608 DEBUG SQL:104 - 
    insert 
    into
        Student
        (name_first, name_middle, name_last, preferredCourseCode, studentId) 
    values
        (?, ?, ?, ?, ?)
14:18:23,608 DEBUG BaseGeneralDataRegion:59 - Caching[foo.org.hibernate.cache.spi.UpdateTimestampsCache] : [Student] -> [5579090999738370]
14:18:23,609 DEBUG SQL:104 - 
    insert 
    into
        Enrolment
        (semester, "year", studentId, courseCode) 
    values
        (?, ?, ?, ?)
14:18:23,609 DEBUG BaseGeneralDataRegion:59 - Caching[foo.org.hibernate.cache.spi.UpdateTimestampsCache] : [Enrolment] -> [5579090999742464]
14:18:23,609 DEBUG SQL:104 - 
    insert 
    into
        Enrolment
        (semester, "year", studentId, courseCode) 
    values
        (?, ?, ?, ?)
14:18:23,620 DEBUG BaseGeneralDataRegion:59 - Caching[foo.org.hibernate.cache.spi.UpdateTimestampsCache] : [Enrolment] -> [5579090999787520]
14:18:23,620 DEBUG BaseGeneralDataRegion:59 - Caching[foo.org.hibernate.cache.spi.UpdateTimestampsCache] : [CourseMeeting] -> [5579090999787521]
14:18:23,620 DEBUG BaseGeneralDataRegion:59 - Caching[foo.org.hibernate.cache.spi.UpdateTimestampsCache] : [Enrolment] -> [5579090999787522]
14:18:23,620 DEBUG SQL:104 - 
    update
        Address 
    set
        studentNumber=?,
        addressType=? 
    where
        id=?
14:18:23,620 DEBUG SQL:104 - 
    update
        Address 
    set
        studentNumber=?,
        addressType=? 
    where
        id=?
14:18:23,620 DEBUG BaseGeneralDataRegion:59 - Caching[foo.org.hibernate.cache.spi.UpdateTimestampsCache] : [Address] -> [5579090999787523]
14:18:23,621 DEBUG SQL:104 - 
    insert 
    into
        Student_secretCodes
        (studentNumber, i, secretCode) 
    values
        (?, ?, ?)
14:18:23,621 DEBUG BaseGeneralDataRegion:59 - Caching[foo.org.hibernate.cache.spi.UpdateTimestampsCache] : [Student_secretCodes] -> [5579090999791616]
14:18:23,621 DEBUG BaseGeneralDataRegion:59 - Caching[foo.org.hibernate.cache.spi.UpdateTimestampsCache] : [Enrolment] -> [5579090999791617]
14:18:23,621 DEBUG BaseGeneralDataRegion:59 - Caching[foo.org.hibernate.cache.spi.UpdateTimestampsCache] : [Address] -> [5579090999791618]
14:18:23,621 DEBUG SQL:104 - 
    insert 
    into
        Student_secretCodes
        (studentNumber, i, secretCode) 
    values
        (?, ?, ?)
14:18:23,621 DEBUG SQL:104 - 
    insert 
    into
        Student_secretCodes
        (studentNumber, i, secretCode) 
    values
        (?, ?, ?)
14:18:23,621 DEBUG BaseGeneralDataRegion:59 - Caching[foo.org.hibernate.cache.spi.UpdateTimestampsCache] : [Student_secretCodes] -> [5579090999791619]
14:18:23,621 DEBUG BaseGeneralDataRegion:59 - Caching[foo.org.hibernate.cache.spi.UpdateTimestampsCache] : [Student] -> [5579090754031620]
14:18:23,622 DEBUG BaseGeneralDataRegion:59 - Caching[foo.org.hibernate.cache.spi.UpdateTimestampsCache] : [Course] -> [5579090754031620]
14:18:23,622 DEBUG BaseGeneralDataRegion:59 - Caching[foo.org.hibernate.cache.spi.UpdateTimestampsCache] : [Enrolment] -> [5579090754031620]
14:18:23,622 DEBUG BaseGeneralDataRegion:59 - Caching[foo.org.hibernate.cache.spi.UpdateTimestampsCache] : [Student_secretCodes] -> [5579090754031620]
14:18:23,622 DEBUG BaseGeneralDataRegion:59 - Caching[foo.org.hibernate.cache.spi.UpdateTimestampsCache] : [Address] -> [5579090754031620]
14:18:23,622 DEBUG BaseGeneralDataRegion:59 - Caching[foo.org.hibernate.cache.spi.UpdateTimestampsCache] : [CourseMeeting] -> [5579090754031620]
14:18:23,622 DEBUG SQL:104 - 
    select
        student_.studentId,
        student_.name_first as name2_4_,
        student_.name_middle as name3_4_,
        student_.name_last as name4_4_,
        student_.preferredCourseCode as preferre5_4_ 
    from
        Student student_ 
    where
        student_.studentId=?
14:18:23,632 DEBUG SQL:104 - 
    select
        enrolment_.studentId,
        enrolment_.courseCode,
        enrolment_.semester as semester3_,
        enrolment_."year" as year4_3_ 
    from
        Enrolment enrolment_ 
    where
        enrolment_.studentId=? 
        and enrolment_.courseCode=?
14:18:23,632 DEBUG SQL:104 - 
    select
        course_.courseCode,
        course_.description as descript2_1_ 
    from
        Course course_ 
    where
        course_.courseCode=?
14:18:23,632 DEBUG SQL:104 - 
    select
        student_.studentId,
        student_.name_first as name2_4_,
        student_.name_middle as name3_4_,
        student_.name_last as name4_4_,
        student_.preferredCourseCode as preferre5_4_ 
    from
        Student student_ 
    where
        student_.studentId=?
14:18:23,644 DEBUG SQL:104 - 
    select
        enrolment_.studentId,
        enrolment_.courseCode,
        enrolment_.semester as semester3_,
        enrolment_."year" as year4_3_ 
    from
        Enrolment enrolment_ 
    where
        enrolment_.studentId=? 
        and enrolment_.courseCode=?
14:18:23,644 DEBUG SQL:104 - 
    select
        coursemeet_.courseCode,
        coursemeet_.day,
        coursemeet_.period,
        coursemeet_.location 
    from
        CourseMeeting coursemeet_ 
    where
        coursemeet_.courseCode=? 
        and coursemeet_.day=? 
        and coursemeet_.period=? 
        and coursemeet_.location=?
14:18:23,644 DEBUG SQL:104 - 
    select
        coursemeet_.courseCode,
        coursemeet_.day,
        coursemeet_.period,
        coursemeet_.location 
    from
        CourseMeeting coursemeet_ 
    where
        coursemeet_.courseCode=? 
        and coursemeet_.day=? 
        and coursemeet_.period=? 
        and coursemeet_.location=?
14:18:23,653 DEBUG BaseGeneralDataRegion:59 - Caching[foo.org.hibernate.cache.spi.UpdateTimestampsCache] : [Enrolment] -> [5579090999922688]
14:18:23,653 DEBUG SQL:104 - 
    update
        Address 
    set
        studentNumber=null,
        addressType=null 
    where
        studentNumber=?
14:18:23,663 DEBUG BaseGeneralDataRegion:59 - Caching[foo.org.hibernate.cache.spi.UpdateTimestampsCache] : [Address] -> [5579090999963648]
14:18:23,663 DEBUG SQL:104 - 
    delete 
    from
        Student_secretCodes 
    where
        studentNumber=?
14:18:23,663 DEBUG BaseGeneralDataRegion:59 - Caching[foo.org.hibernate.cache.spi.UpdateTimestampsCache] : [Student_secretCodes] -> [5579090999963649]
14:18:23,663 DEBUG BaseGeneralDataRegion:59 - Caching[foo.org.hibernate.cache.spi.UpdateTimestampsCache] : [Enrolment] -> [5579090999963650]
14:18:23,664 DEBUG BaseGeneralDataRegion:59 - Caching[foo.org.hibernate.cache.spi.UpdateTimestampsCache] : [Address] -> [5579090999967744]
14:18:23,664 DEBUG SQL:104 - 
    delete 
    from
        Student_secretCodes 
    where
        studentNumber=?
14:18:23,664 DEBUG BaseGeneralDataRegion:59 - Caching[foo.org.hibernate.cache.spi.UpdateTimestampsCache] : [Student_secretCodes] -> [5579090999967745]
14:18:23,664 DEBUG BaseGeneralDataRegion:59 - Caching[foo.org.hibernate.cache.spi.UpdateTimestampsCache] : [CourseMeeting] -> [5579090999967746]
14:18:23,664 DEBUG SQL:104 - 
    delete 
    from
        Enrolment 
    where
        studentId=? 
        and courseCode=?
14:18:23,673 DEBUG BaseGeneralDataRegion:59 - Caching[foo.org.hibernate.cache.spi.UpdateTimestampsCache] : [Enrolment] -> [5579091000004608]
14:18:23,673 DEBUG SQL:104 - 
    delete 
    from
        Address 
    where
        id=?
14:18:23,674 DEBUG BaseGeneralDataRegion:59 - Caching[foo.org.hibernate.cache.spi.UpdateTimestampsCache] : [Address] -> [5579091000008704]
14:18:23,674 DEBUG SQL:104 - 
    delete 
    from
        Address 
    where
        id=?
14:18:23,674 DEBUG BaseGeneralDataRegion:59 - Caching[foo.org.hibernate.cache.spi.UpdateTimestampsCache] : [Address] -> [5579091000008705]
14:18:23,674 DEBUG SQL:104 - 
    delete 
    from
        Student 
    where
        studentId=?
14:18:23,674 DEBUG BaseGeneralDataRegion:59 - Caching[foo.org.hibernate.cache.spi.UpdateTimestampsCache] : [Student] -> [5579091000008706]
14:18:23,674 DEBUG SQL:104 - 
    delete 
    from
        Enrolment 
    where
        studentId=? 
        and courseCode=?
14:18:23,682 DEBUG BaseGeneralDataRegion:59 - Caching[foo.org.hibernate.cache.spi.UpdateTimestampsCache] : [Enrolment] -> [5579091000041472]
14:18:23,683 DEBUG SQL:104 - 
    delete 
    from
        Student 
    where
        studentId=?
14:18:23,683 DEBUG BaseGeneralDataRegion:59 - Caching[foo.org.hibernate.cache.spi.UpdateTimestampsCache] : [Student] -> [5579091000045568]
14:18:23,683 DEBUG SQL:104 - 
    delete 
    from
        CourseMeeting 
    where
        courseCode=? 
        and day=? 
        and period=? 
        and location=?
14:18:23,683 DEBUG BaseGeneralDataRegion:59 - Caching[foo.org.hibernate.cache.spi.UpdateTimestampsCache] : [CourseMeeting] -> [5579091000045569]
14:18:23,683 DEBUG SQL:104 - 
    delete 
    from
        CourseMeeting 
    where
        courseCode=? 
        and day=? 
        and period=? 
        and location=?
14:18:23,683 DEBUG BaseGeneralDataRegion:59 - Caching[foo.org.hibernate.cache.spi.UpdateTimestampsCache] : [CourseMeeting] -> [5579091000045570]
14:18:23,684 DEBUG SQL:104 - 
    delete 
    from
        Course 
    where
        courseCode=?
14:18:23,693 DEBUG BaseGeneralDataRegion:59 - Caching[foo.org.hibernate.cache.spi.UpdateTimestampsCache] : [Course] -> [5579091000086528]
14:18:23,694 DEBUG BaseGeneralDataRegion:59 - Caching[foo.org.hibernate.cache.spi.UpdateTimestampsCache] : [Student] -> [5579090754330624]
14:18:23,694 DEBUG BaseGeneralDataRegion:59 - Caching[foo.org.hibernate.cache.spi.UpdateTimestampsCache] : [Course] -> [5579090754330624]
14:18:23,694 DEBUG BaseGeneralDataRegion:59 - Caching[foo.org.hibernate.cache.spi.UpdateTimestampsCache] : [Enrolment] -> [5579090754330624]
14:18:23,694 DEBUG BaseGeneralDataRegion:59 - Caching[foo.org.hibernate.cache.spi.UpdateTimestampsCache] : [Student_secretCodes] -> [5579090754330624]
14:18:23,694 DEBUG BaseGeneralDataRegion:59 - Caching[foo.org.hibernate.cache.spi.UpdateTimestampsCache] : [Address] -> [5579090754330624]
14:18:23,694 DEBUG BaseGeneralDataRegion:59 - Caching[foo.org.hibernate.cache.spi.UpdateTimestampsCache] : [CourseMeeting] -> [5579090754330624]
14:18:23,694 DEBUG SQL:104 - 
    select
        coursemeet_.courseCode,
        coursemeet_.day,
        coursemeet_.period,
        coursemeet_.location 
    from
        CourseMeeting coursemeet_ 
    where
        coursemeet_.courseCode=? 
        and coursemeet_.day=? 
        and coursemeet_.period=? 
        and coursemeet_.location=?
14:18:23,695 DEBUG SQL:104 - 
    select
        coursemeet_.courseCode,
        coursemeet_.day,
        coursemeet_.period,
        coursemeet_.location 
    from
        CourseMeeting coursemeet_ 
    where
        coursemeet_.courseCode=? 
        and coursemeet_.day=? 
        and coursemeet_.period=? 
        and coursemeet_.location=?
14:18:23,704 DEBUG SQL:104 - 
    insert 
    into
        Course
        (description, courseCode) 
    values
        (?, ?)
14:18:23,705 DEBUG BaseGeneralDataRegion:59 - Caching[foo.org.hibernate.cache.spi.UpdateTimestampsCache] : [Course] -> [5579091000135680]
14:18:23,705 DEBUG SQL:104 - 
    insert 
    into
        CourseMeeting
        (courseCode, day, period, location) 
    values
        (?, ?, ?, ?)
14:18:23,705 DEBUG BaseGeneralDataRegion:59 - Caching[foo.org.hibernate.cache.spi.UpdateTimestampsCache] : [CourseMeeting] -> [5579091000135681]
14:18:23,705 DEBUG SQL:104 - 
    insert 
    into
        CourseMeeting
        (courseCode, day, period, location) 
    values
        (?, ?, ?, ?)
14:18:23,705 DEBUG BaseGeneralDataRegion:59 - Caching[foo.org.hibernate.cache.spi.UpdateTimestampsCache] : [CourseMeeting] -> [5579091000135682]
14:18:23,714 DEBUG SQL:104 - 
    insert 
    into
        Student
        (name_first, name_middle, name_last, preferredCourseCode, studentId) 
    values
        (?, ?, ?, ?, ?)
14:18:23,714 DEBUG BaseGeneralDataRegion:59 - Caching[foo.org.hibernate.cache.spi.UpdateTimestampsCache] : [Student] -> [5579091000172544]
14:18:23,715 DEBUG SQL:104 - 
    insert 
    into
        Address
        (addressType, street, city, stateProvince, postalCode, country, studentNumber, id) 
    values
        (?, ?, ?, ?, ?, ?, ?, ?)
14:18:23,715 DEBUG BaseGeneralDataRegion:59 - Caching[foo.org.hibernate.cache.spi.UpdateTimestampsCache] : [Address] -> [5579091000176640]
14:18:23,715 DEBUG SQL:104 - 
    insert 
    into
        Address
        (addressType, street, city, stateProvince, postalCode, country, studentNumber, id) 
    values
        (?, ?, ?, ?, ?, ?, ?, ?)
14:18:23,715 DEBUG BaseGeneralDataRegion:59 - Caching[foo.org.hibernate.cache.spi.UpdateTimestampsCache] : [Address] -> [5579091000176641]
14:18:23,715 DEBUG SQL:104 - 
    insert 
    into
        Student
        (name_first, name_middle, name_last, preferredCourseCode, studentId) 
    values
        (?, ?, ?, ?, ?)
14:18:23,724 DEBUG BaseGeneralDataRegion:59 - Caching[foo.org.hibernate.cache.spi.UpdateTimestampsCache] : [Student] -> [5579091000213504]
14:18:23,725 DEBUG SQL:104 - 
    insert 
    into
        Enrolment
        (semester, "year", studentId, courseCode) 
    values
        (?, ?, ?, ?)
14:18:23,725 DEBUG BaseGeneralDataRegion:59 - Caching[foo.org.hibernate.cache.spi.UpdateTimestampsCache] : [Enrolment] -> [5579091000217600]
14:18:23,725 DEBUG SQL:104 - 
    insert 
    into
        Enrolment
        (semester, "year", studentId, courseCode) 
    values
        (?, ?, ?, ?)
14:18:23,725 DEBUG BaseGeneralDataRegion:59 - Caching[foo.org.hibernate.cache.spi.UpdateTimestampsCache] : [Enrolment] -> [5579091000217601]
14:18:23,725 DEBUG BaseGeneralDataRegion:59 - Caching[foo.org.hibernate.cache.spi.UpdateTimestampsCache] : [CourseMeeting] -> [5579091000217602]
14:18:23,725 DEBUG BaseGeneralDataRegion:59 - Caching[foo.org.hibernate.cache.spi.UpdateTimestampsCache] : [Enrolment] -> [5579091000217603]
14:18:23,726 DEBUG SQL:104 - 
    update
        Address 
    set
        studentNumber=?,
        addressType=? 
    where
        id=?
14:18:23,726 DEBUG SQL:104 - 
    update
        Address 
    set
        studentNumber=?,
        addressType=? 
    where
        id=?
14:18:23,735 DEBUG BaseGeneralDataRegion:59 - Caching[foo.org.hibernate.cache.spi.UpdateTimestampsCache] : [Address] -> [5579091000258560]
14:18:23,735 DEBUG SQL:104 - 
    insert 
    into
        Student_secretCodes
        (studentNumber, i, secretCode) 
    values
        (?, ?, ?)
14:18:23,735 DEBUG BaseGeneralDataRegion:59 - Caching[foo.org.hibernate.cache.spi.UpdateTimestampsCache] : [Student_secretCodes] -> [5579091000258561]
14:18:23,735 DEBUG BaseGeneralDataRegion:59 - Caching[foo.org.hibernate.cache.spi.UpdateTimestampsCache] : [Enrolment] -> [5579091000258562]
14:18:23,736 DEBUG BaseGeneralDataRegion:59 - Caching[foo.org.hibernate.cache.spi.UpdateTimestampsCache] : [Address] -> [5579091000262656]
14:18:23,736 DEBUG SQL:104 - 
    insert 
    into
        Student_secretCodes
        (studentNumber, i, secretCode) 
    values
        (?, ?, ?)
14:18:23,736 DEBUG SQL:104 - 
    insert 
    into
        Student_secretCodes
        (studentNumber, i, secretCode) 
    values
        (?, ?, ?)
14:18:23,745 DEBUG BaseGeneralDataRegion:59 - Caching[foo.org.hibernate.cache.spi.UpdateTimestampsCache] : [Student_secretCodes] -> [5579091000299520]
14:18:23,745 DEBUG BaseGeneralDataRegion:59 - Caching[foo.org.hibernate.cache.spi.UpdateTimestampsCache] : [Student] -> [5579090754539521]
14:18:23,745 DEBUG BaseGeneralDataRegion:59 - Caching[foo.org.hibernate.cache.spi.UpdateTimestampsCache] : [Course] -> [5579090754539521]
14:18:23,746 DEBUG BaseGeneralDataRegion:59 - Caching[foo.org.hibernate.cache.spi.UpdateTimestampsCache] : [Enrolment] -> [5579090754539521]
14:18:23,746 DEBUG BaseGeneralDataRegion:59 - Caching[foo.org.hibernate.cache.spi.UpdateTimestampsCache] : [Student_secretCodes] -> [5579090754539521]
14:18:23,746 DEBUG BaseGeneralDataRegion:59 - Caching[foo.org.hibernate.cache.spi.UpdateTimestampsCache] : [Address] -> [5579090754539521]
14:18:23,746 DEBUG BaseGeneralDataRegion:59 - Caching[foo.org.hibernate.cache.spi.UpdateTimestampsCache] : [CourseMeeting] -> [5579090754539521]
14:18:23,746 DEBUG SQL:104 - 
    select
        student_.studentId,
        student_.name_first as name2_4_,
        student_.name_middle as name3_4_,
        student_.name_last as name4_4_,
        student_.preferredCourseCode as preferre5_4_ 
    from
        Student student_ 
    where
        student_.studentId=?
14:18:23,747 DEBUG SQL:104 - 
    select
        enrolment_.studentId,
        enrolment_.courseCode,
        enrolment_.semester as semester3_,
        enrolment_."year" as year4_3_ 
    from
        Enrolment enrolment_ 
    where
        enrolment_.studentId=? 
        and enrolment_.courseCode=?
14:18:23,747 DEBUG SQL:104 - 
    select
        course_.courseCode,
        course_.description as descript2_1_ 
    from
        Course course_ 
    where
        course_.courseCode=?
14:18:23,747 DEBUG SQL:104 - 
    select
        student_.studentId,
        student_.name_first as name2_4_,
        student_.name_middle as name3_4_,
        student_.name_last as name4_4_,
        student_.preferredCourseCode as preferre5_4_ 
    from
        Student student_ 
    where
        student_.studentId=?
14:18:23,747 DEBUG SQL:104 - 
    select
        enrolment_.studentId,
        enrolment_.courseCode,
        enrolment_.semester as semester3_,
        enrolment_."year" as year4_3_ 
    from
        Enrolment enrolment_ 
    where
        enrolment_.studentId=? 
        and enrolment_.courseCode=?
14:18:23,769 DEBUG SQL:104 - 
    select
        coursemeet_.courseCode,
        coursemeet_.day,
        coursemeet_.period,
        coursemeet_.location 
    from
        CourseMeeting coursemeet_ 
    where
        coursemeet_.courseCode=? 
        and coursemeet_.day=? 
        and coursemeet_.period=? 
        and coursemeet_.location=?
14:18:24,072 DEBUG SQL:104 - 
    select
        coursemeet_.courseCode,
        coursemeet_.day,
        coursemeet_.period,
        coursemeet_.location 
    from
        CourseMeeting coursemeet_ 
    where
        coursemeet_.courseCode=? 
        and coursemeet_.day=? 
        and coursemeet_.period=? 
        and coursemeet_.location=?
14:18:24,073 DEBUG BaseGeneralDataRegion:59 - Caching[foo.org.hibernate.cache.spi.UpdateTimestampsCache] : [Enrolment] -> [5579091001643008]
14:18:24,073 DEBUG SQL:104 - 
    update
        Address 
    set
        studentNumber=null,
        addressType=null 
    where
        studentNumber=?
14:18:24,073 DEBUG BaseGeneralDataRegion:59 - Caching[foo.org.hibernate.cache.spi.UpdateTimestampsCache] : [Address] -> [5579091001643009]
14:18:24,073 DEBUG SQL:104 - 
    delete 
    from
        Student_secretCodes 
    where
        studentNumber=?
14:18:24,074 DEBUG BaseGeneralDataRegion:59 - Caching[foo.org.hibernate.cache.spi.UpdateTimestampsCache] : [Student_secretCodes] -> [5579091001647104]
14:18:24,074 DEBUG BaseGeneralDataRegion:59 - Caching[foo.org.hibernate.cache.spi.UpdateTimestampsCache] : [Enrolment] -> [5579091001647105]
14:18:24,074 DEBUG BaseGeneralDataRegion:59 - Caching[foo.org.hibernate.cache.spi.UpdateTimestampsCache] : [Address] -> [5579091001647106]
14:18:24,074 DEBUG SQL:104 - 
    delete 
    from
        Student_secretCodes 
    where
        studentNumber=?
14:18:24,074 DEBUG BaseGeneralDataRegion:59 - Caching[foo.org.hibernate.cache.spi.UpdateTimestampsCache] : [Student_secretCodes] -> [5579091001647107]
14:18:24,074 DEBUG BaseGeneralDataRegion:59 - Caching[foo.org.hibernate.cache.spi.UpdateTimestampsCache] : [CourseMeeting] -> [5579091001647108]
14:18:24,074 DEBUG SQL:104 - 
    delete 
    from
        Enrolment 
    where
        studentId=? 
        and courseCode=?
14:18:24,075 DEBUG BaseGeneralDataRegion:59 - Caching[foo.org.hibernate.cache.spi.UpdateTimestampsCache] : [Enrolment] -> [5579091001651200]
14:18:24,075 DEBUG SQL:104 - 
    delete 
    from
        Address 
    where
        id=?
14:18:24,075 DEBUG BaseGeneralDataRegion:59 - Caching[foo.org.hibernate.cache.spi.UpdateTimestampsCache] : [Address] -> [5579091001651201]
14:18:24,075 DEBUG SQL:104 - 
    delete 
    from
        Address 
    where
        id=?
14:18:24,075 DEBUG BaseGeneralDataRegion:59 - Caching[foo.org.hibernate.cache.spi.UpdateTimestampsCache] : [Address] -> [5579091001651202]
14:18:24,075 DEBUG SQL:104 - 
    delete 
    from
        Student 
    where
        studentId=?
14:18:24,076 DEBUG BaseGeneralDataRegion:59 - Caching[foo.org.hibernate.cache.spi.UpdateTimestampsCache] : [Student] -> [5579091001655296]
14:18:24,076 DEBUG SQL:104 - 
    delete 
    from
        Enrolment 
    where
        studentId=? 
        and courseCode=?
14:18:24,076 DEBUG BaseGeneralDataRegion:59 - Caching[foo.org.hibernate.cache.spi.UpdateTimestampsCache] : [Enrolment] -> [5579091001655297]
14:18:24,076 DEBUG SQL:104 - 
    delete 
    from
        Student 
    where
        studentId=?
14:18:24,076 DEBUG BaseGeneralDataRegion:59 - Caching[foo.org.hibernate.cache.spi.UpdateTimestampsCache] : [Student] -> [5579091001655298]
14:18:24,076 DEBUG SQL:104 - 
    delete 
    from
        CourseMeeting 
    where
        courseCode=? 
        and day=? 
        and period=? 
        and location=?
14:18:24,077 DEBUG BaseGeneralDataRegion:59 - Caching[foo.org.hibernate.cache.spi.UpdateTimestampsCache] : [CourseMeeting] -> [5579091001659392]
14:18:24,077 DEBUG SQL:104 - 
    delete 
    from
        CourseMeeting 
    where
        courseCode=? 
        and day=? 
        and period=? 
        and location=?
14:18:24,077 DEBUG BaseGeneralDataRegion:59 - Caching[foo.org.hibernate.cache.spi.UpdateTimestampsCache] : [CourseMeeting] -> [5579091001659393]
14:18:24,077 DEBUG SQL:104 - 
    delete 
    from
        Course 
    where
        courseCode=?
14:18:24,077 DEBUG BaseGeneralDataRegion:59 - Caching[foo.org.hibernate.cache.spi.UpdateTimestampsCache] : [Course] -> [5579091001659394]
14:18:24,077 DEBUG BaseGeneralDataRegion:59 - Caching[foo.org.hibernate.cache.spi.UpdateTimestampsCache] : [Student] -> [5579090755899395]
14:18:24,078 DEBUG BaseGeneralDataRegion:59 - Caching[foo.org.hibernate.cache.spi.UpdateTimestampsCache] : [Course] -> [5579090755899395]
14:18:24,078 DEBUG BaseGeneralDataRegion:59 - Caching[foo.org.hibernate.cache.spi.UpdateTimestampsCache] : [Enrolment] -> [5579090755899395]
14:18:24,078 DEBUG BaseGeneralDataRegion:59 - Caching[foo.org.hibernate.cache.spi.UpdateTimestampsCache] : [Student_secretCodes] -> [5579090755899395]
14:18:24,078 DEBUG BaseGeneralDataRegion:59 - Caching[foo.org.hibernate.cache.spi.UpdateTimestampsCache] : [Address] -> [5579090755899395]
14:18:24,078 DEBUG BaseGeneralDataRegion:59 - Caching[foo.org.hibernate.cache.spi.UpdateTimestampsCache] : [CourseMeeting] -> [5579090755899395]
14:18:24,078 DEBUG SQL:104 - 
    select
        coursemeet_.courseCode,
        coursemeet_.day,
        coursemeet_.period,
        coursemeet_.location 
    from
        CourseMeeting coursemeet_ 
    where
        coursemeet_.courseCode=? 
        and coursemeet_.day=? 
        and coursemeet_.period=? 
        and coursemeet_.location=?
14:18:24,079 DEBUG SQL:104 - 
    select
        coursemeet_.courseCode,
        coursemeet_.day,
        coursemeet_.period,
        coursemeet_.location 
    from
        CourseMeeting coursemeet_ 
    where
        coursemeet_.courseCode=? 
        and coursemeet_.day=? 
        and coursemeet_.period=? 
        and coursemeet_.location=?
14:18:24,080 DEBUG SQL:104 - 
    insert 
    into
        Course
        (description, courseCode) 
    values
        (?, ?)
14:18:24,080 DEBUG BaseGeneralDataRegion:59 - Caching[foo.org.hibernate.cache.spi.UpdateTimestampsCache] : [Course] -> [5579091001671680]
14:18:24,080 DEBUG SQL:104 - 
    insert 
    into
        CourseMeeting
        (courseCode, day, period, location) 
    values
        (?, ?, ?, ?)
14:18:24,080 DEBUG BaseGeneralDataRegion:59 - Caching[foo.org.hibernate.cache.spi.UpdateTimestampsCache] : [CourseMeeting] -> [5579091001671681]
14:18:24,080 DEBUG SQL:104 - 
    insert 
    into
        CourseMeeting
        (courseCode, day, period, location) 
    values
        (?, ?, ?, ?)
14:18:24,081 DEBUG BaseGeneralDataRegion:59 - Caching[foo.org.hibernate.cache.spi.UpdateTimestampsCache] : [CourseMeeting] -> [5579091001675776]
14:18:24,081 DEBUG SQL:104 - 
    insert 
    into
        Student
        (name_first, name_middle, name_last, preferredCourseCode, studentId) 
    values
        (?, ?, ?, ?, ?)
14:18:24,081 DEBUG BaseGeneralDataRegion:59 - Caching[foo.org.hibernate.cache.spi.UpdateTimestampsCache] : [Student] -> [5579091001675777]
14:18:24,081 DEBUG SQL:104 - 
    insert 
    into
        Address
        (addressType, street, city, stateProvince, postalCode, country, studentNumber, id) 
    values
        (?, ?, ?, ?, ?, ?, ?, ?)
14:18:24,081 DEBUG BaseGeneralDataRegion:59 - Caching[foo.org.hibernate.cache.spi.UpdateTimestampsCache] : [Address] -> [5579091001675778]
14:18:24,081 DEBUG SQL:104 - 
    insert 
    into
        Address
        (addressType, street, city, stateProvince, postalCode, country, studentNumber, id) 
    values
        (?, ?, ?, ?, ?, ?, ?, ?)
14:18:24,082 DEBUG BaseGeneralDataRegion:59 - Caching[foo.org.hibernate.cache.spi.UpdateTimestampsCache] : [Address] -> [5579091001679872]
14:18:24,082 DEBUG SQL:104 - 
    insert 
    into
        Student
        (name_first, name_middle, name_last, preferredCourseCode, studentId) 
    values
        (?, ?, ?, ?, ?)
14:18:24,082 DEBUG BaseGeneralDataRegion:59 - Caching[foo.org.hibernate.cache.spi.UpdateTimestampsCache] : [Student] -> [5579091001679873]
14:18:24,082 DEBUG SQL:104 - 
    insert 
    into
        Enrolment
        (semester, "year", studentId, courseCode) 
    values
        (?, ?, ?, ?)
14:18:24,082 DEBUG BaseGeneralDataRegion:59 - Caching[foo.org.hibernate.cache.spi.UpdateTimestampsCache] : [Enrolment] -> [5579091001679874]
14:18:24,082 DEBUG SQL:104 - 
    insert 
    into
        Enrolment
        (semester, "year", studentId, courseCode) 
    values
        (?, ?, ?, ?)
14:18:24,082 DEBUG BaseGeneralDataRegion:59 - Caching[foo.org.hibernate.cache.spi.UpdateTimestampsCache] : [Enrolment] -> [5579091001679875]
14:18:24,082 DEBUG BaseGeneralDataRegion:59 - Caching[foo.org.hibernate.cache.spi.UpdateTimestampsCache] : [CourseMeeting] -> [5579091001679876]
14:18:24,083 DEBUG BaseGeneralDataRegion:59 - Caching[foo.org.hibernate.cache.spi.UpdateTimestampsCache] : [Enrolment] -> [5579091001683968]
14:18:24,083 DEBUG SQL:104 - 
    update
        Address 
    set
        studentNumber=?,
        addressType=? 
    where
        id=?
14:18:24,083 DEBUG SQL:104 - 
    update
        Address 
    set
        studentNumber=?,
        addressType=? 
    where
        id=?
14:18:24,083 DEBUG BaseGeneralDataRegion:59 - Caching[foo.org.hibernate.cache.spi.UpdateTimestampsCache] : [Address] -> [5579091001683969]
14:18:24,083 DEBUG SQL:104 - 
    insert 
    into
        Student_secretCodes
        (studentNumber, i, secretCode) 
    values
        (?, ?, ?)
14:18:24,083 DEBUG BaseGeneralDataRegion:59 - Caching[foo.org.hibernate.cache.spi.UpdateTimestampsCache] : [Student_secretCodes] -> [5579091001683970]
14:18:24,083 DEBUG BaseGeneralDataRegion:59 - Caching[foo.org.hibernate.cache.spi.UpdateTimestampsCache] : [Enrolment] -> [5579091001683971]
14:18:24,084 DEBUG BaseGeneralDataRegion:59 - Caching[foo.org.hibernate.cache.spi.UpdateTimestampsCache] : [Address] -> [5579091001688064]
14:18:24,084 DEBUG SQL:104 - 
    insert 
    into
        Student_secretCodes
        (studentNumber, i, secretCode) 
    values
        (?, ?, ?)
14:18:24,084 DEBUG SQL:104 - 
    insert 
    into
        Student_secretCodes
        (studentNumber, i, secretCode) 
    values
        (?, ?, ?)
14:18:24,084 DEBUG BaseGeneralDataRegion:59 - Caching[foo.org.hibernate.cache.spi.UpdateTimestampsCache] : [Student_secretCodes] -> [5579091001688065]
14:18:24,084 DEBUG BaseGeneralDataRegion:59 - Caching[foo.org.hibernate.cache.spi.UpdateTimestampsCache] : [Student] -> [5579090755928066]
14:18:24,084 DEBUG BaseGeneralDataRegion:59 - Caching[foo.org.hibernate.cache.spi.UpdateTimestampsCache] : [Course] -> [5579090755928066]
14:18:24,084 DEBUG BaseGeneralDataRegion:59 - Caching[foo.org.hibernate.cache.spi.UpdateTimestampsCache] : [Enrolment] -> [5579090755928066]
14:18:24,084 DEBUG BaseGeneralDataRegion:59 - Caching[foo.org.hibernate.cache.spi.UpdateTimestampsCache] : [Student_secretCodes] -> [5579090755928066]
14:18:24,084 DEBUG BaseGeneralDataRegion:59 - Caching[foo.org.hibernate.cache.spi.UpdateTimestampsCache] : [Address] -> [5579090755928066]
14:18:24,085 DEBUG BaseGeneralDataRegion:59 - Caching[foo.org.hibernate.cache.spi.UpdateTimestampsCache] : [CourseMeeting] -> [5579090755928066]
14:18:24,085 DEBUG SQL:104 - 
    select
        student_.studentId,
        student_.name_first as name2_4_,
        student_.name_middle as name3_4_,
        student_.name_last as name4_4_,
        student_.preferredCourseCode as preferre5_4_ 
    from
        Student student_ 
    where
        student_.studentId=?
14:18:24,085 DEBUG SQL:104 - 
    select
        enrolment_.studentId,
        enrolment_.courseCode,
        enrolment_.semester as semester3_,
        enrolment_."year" as year4_3_ 
    from
        Enrolment enrolment_ 
    where
        enrolment_.studentId=? 
        and enrolment_.courseCode=?
14:18:24,085 DEBUG SQL:104 - 
    select
        course_.courseCode,
        course_.description as descript2_1_ 
    from
        Course course_ 
    where
        course_.courseCode=?
14:18:24,086 DEBUG SQL:104 - 
    select
        student_.studentId,
        student_.name_first as name2_4_,
        student_.name_middle as name3_4_,
        student_.name_last as name4_4_,
        student_.preferredCourseCode as preferre5_4_ 
    from
        Student student_ 
    where
        student_.studentId=?
14:18:24,086 DEBUG SQL:104 - 
    select
        enrolment_.studentId,
        enrolment_.courseCode,
        enrolment_.semester as semester3_,
        enrolment_."year" as year4_3_ 
    from
        Enrolment enrolment_ 
    where
        enrolment_.studentId=? 
        and enrolment_.courseCode=?
14:18:24,089 DEBUG SQL:104 - 
    select
        coursemeet_.courseCode,
        coursemeet_.day,
        coursemeet_.period,
        coursemeet_.location 
    from
        CourseMeeting coursemeet_ 
    where
        coursemeet_.courseCode=? 
        and coursemeet_.day=? 
        and coursemeet_.period=? 
        and coursemeet_.location=?
14:18:24,090 DEBUG SQL:104 - 
    select
        coursemeet_.courseCode,
        coursemeet_.day,
        coursemeet_.period,
        coursemeet_.location 
    from
        CourseMeeting coursemeet_ 
    where
        coursemeet_.courseCode=? 
        and coursemeet_.day=? 
        and coursemeet_.period=? 
        and coursemeet_.location=?
14:18:24,090 DEBUG BaseGeneralDataRegion:59 - Caching[foo.org.hibernate.cache.spi.UpdateTimestampsCache] : [Enrolment] -> [5579091001712640]
14:18:24,090 DEBUG SQL:104 - 
    update
        Address 
    set
        studentNumber=null,
        addressType=null 
    where
        studentNumber=?
14:18:24,091 DEBUG BaseGeneralDataRegion:59 - Caching[foo.org.hibernate.cache.spi.UpdateTimestampsCache] : [Address] -> [5579091001716736]
14:18:24,091 DEBUG SQL:104 - 
    delete 
    from
        Student_secretCodes 
    where
        studentNumber=?
14:18:24,091 DEBUG BaseGeneralDataRegion:59 - Caching[foo.org.hibernate.cache.spi.UpdateTimestampsCache] : [Student_secretCodes] -> [5579091001716737]
14:18:24,091 DEBUG BaseGeneralDataRegion:59 - Caching[foo.org.hibernate.cache.spi.UpdateTimestampsCache] : [Enrolment] -> [5579091001716738]
14:18:24,091 DEBUG BaseGeneralDataRegion:59 - Caching[foo.org.hibernate.cache.spi.UpdateTimestampsCache] : [Address] -> [5579091001716739]
14:18:24,091 DEBUG SQL:104 - 
    delete 
    from
        Student_secretCodes 
    where
        studentNumber=?
14:18:24,091 DEBUG BaseGeneralDataRegion:59 - Caching[foo.org.hibernate.cache.spi.UpdateTimestampsCache] : [Student_secretCodes] -> [5579091001716740]
14:18:24,091 DEBUG BaseGeneralDataRegion:59 - Caching[foo.org.hibernate.cache.spi.UpdateTimestampsCache] : [CourseMeeting] -> [5579091001716741]
14:18:24,092 DEBUG SQL:104 - 
    delete 
    from
        Enrolment 
    where
        studentId=? 
        and courseCode=?
14:18:24,092 DEBUG BaseGeneralDataRegion:59 - Caching[foo.org.hibernate.cache.spi.UpdateTimestampsCache] : [Enrolment] -> [5579091001720832]
14:18:24,092 DEBUG SQL:104 - 
    delete 
    from
        Address 
    where
        id=?
14:18:24,092 DEBUG BaseGeneralDataRegion:59 - Caching[foo.org.hibernate.cache.spi.UpdateTimestampsCache] : [Address] -> [5579091001720833]
14:18:24,092 DEBUG SQL:104 - 
    delete 
    from
        Address 
    where
        id=?
14:18:24,092 DEBUG BaseGeneralDataRegion:59 - Caching[foo.org.hibernate.cache.spi.UpdateTimestampsCache] : [Address] -> [5579091001720834]
14:18:24,092 DEBUG SQL:104 - 
    delete 
    from
        Student 
    where
        studentId=?
14:18:24,093 DEBUG BaseGeneralDataRegion:59 - Caching[foo.org.hibernate.cache.spi.UpdateTimestampsCache] : [Student] -> [5579091001724928]
14:18:24,093 DEBUG SQL:104 - 
    delete 
    from
        Enrolment 
    where
        studentId=? 
        and courseCode=?
14:18:24,093 DEBUG BaseGeneralDataRegion:59 - Caching[foo.org.hibernate.cache.spi.UpdateTimestampsCache] : [Enrolment] -> [5579091001724929]
14:18:24,093 DEBUG SQL:104 - 
    delete 
    from
        Student 
    where
        studentId=?
14:18:24,093 DEBUG BaseGeneralDataRegion:59 - Caching[foo.org.hibernate.cache.spi.UpdateTimestampsCache] : [Student] -> [5579091001724930]
14:18:24,093 DEBUG SQL:104 - 
    delete 
    from
        CourseMeeting 
    where
        courseCode=? 
        and day=? 
        and period=? 
        and location=?
14:18:24,093 DEBUG BaseGeneralDataRegion:59 - Caching[foo.org.hibernate.cache.spi.UpdateTimestampsCache] : [CourseMeeting] -> [5579091001724931]
14:18:24,094 DEBUG SQL:104 - 
    delete 
    from
        CourseMeeting 
    where
        courseCode=? 
        and day=? 
        and period=? 
        and location=?
14:18:24,094 DEBUG BaseGeneralDataRegion:59 - Caching[foo.org.hibernate.cache.spi.UpdateTimestampsCache] : [CourseMeeting] -> [5579091001729024]
14:18:24,094 DEBUG SQL:104 - 
    delete 
    from
        Course 
    where
        courseCode=?
14:18:24,094 DEBUG BaseGeneralDataRegion:59 - Caching[foo.org.hibernate.cache.spi.UpdateTimestampsCache] : [Course] -> [5579091001729025]
14:18:24,094 DEBUG BaseGeneralDataRegion:59 - Caching[foo.org.hibernate.cache.spi.UpdateTimestampsCache] : [Student] -> [5579090755969026]
14:18:24,094 DEBUG BaseGeneralDataRegion:59 - Caching[foo.org.hibernate.cache.spi.UpdateTimestampsCache] : [Course] -> [5579090755969026]
14:18:24,094 DEBUG BaseGeneralDataRegion:59 - Caching[foo.org.hibernate.cache.spi.UpdateTimestampsCache] : [Enrolment] -> [5579090755969026]
14:18:24,094 DEBUG BaseGeneralDataRegion:59 - Caching[foo.org.hibernate.cache.spi.UpdateTimestampsCache] : [Student_secretCodes] -> [5579090755969026]
14:18:24,094 DEBUG BaseGeneralDataRegion:59 - Caching[foo.org.hibernate.cache.spi.UpdateTimestampsCache] : [Address] -> [5579090755969026]
14:18:24,095 DEBUG BaseGeneralDataRegion:59 - Caching[foo.org.hibernate.cache.spi.UpdateTimestampsCache] : [CourseMeeting] -> [5579090755969026]
14:18:24,095  INFO CustomRunner:139 - Test: testEntityWithJoinedLazyManyToOneListHql
14:18:24,096 DEBUG SQL:104 - 
    select
        coursemeet_.courseCode,
        coursemeet_.day,
        coursemeet_.period,
        coursemeet_.location 
    from
        CourseMeeting coursemeet_ 
    where
        coursemeet_.courseCode=? 
        and coursemeet_.day=? 
        and coursemeet_.period=? 
        and coursemeet_.location=?
14:18:24,097 DEBUG SQL:104 - 
    select
        coursemeet_.courseCode,
        coursemeet_.day,
        coursemeet_.period,
        coursemeet_.location 
    from
        CourseMeeting coursemeet_ 
    where
        coursemeet_.courseCode=? 
        and coursemeet_.day=? 
        and coursemeet_.period=? 
        and coursemeet_.location=?
14:18:24,098 DEBUG SQL:104 - 
    insert 
    into
        Course
        (description, courseCode) 
    values
        (?, ?)
14:18:24,098 DEBUG BaseGeneralDataRegion:59 - Caching[foo.org.hibernate.cache.spi.UpdateTimestampsCache] : [Course] -> [5579091001745408]
14:18:24,098 DEBUG SQL:104 - 
    insert 
    into
        CourseMeeting
        (courseCode, day, period, location) 
    values
        (?, ?, ?, ?)
14:18:24,098 DEBUG BaseGeneralDataRegion:59 - Caching[foo.org.hibernate.cache.spi.UpdateTimestampsCache] : [CourseMeeting] -> [5579091001745409]
14:18:24,098 DEBUG SQL:104 - 
    insert 
    into
        CourseMeeting
        (courseCode, day, period, location) 
    values
        (?, ?, ?, ?)
14:18:24,114 DEBUG BaseGeneralDataRegion:59 - Caching[foo.org.hibernate.cache.spi.UpdateTimestampsCache] : [CourseMeeting] -> [5579091001810944]
14:18:24,114 DEBUG SQL:104 - 
    insert 
    into
        Student
        (name_first, name_middle, name_last, preferredCourseCode, studentId) 
    values
        (?, ?, ?, ?, ?)
14:18:24,114 DEBUG BaseGeneralDataRegion:59 - Caching[foo.org.hibernate.cache.spi.UpdateTimestampsCache] : [Student] -> [5579091001810945]
14:18:24,115 DEBUG SQL:104 - 
    insert 
    into
        Address
        (addressType, street, city, stateProvince, postalCode, country, studentNumber, id) 
    values
        (?, ?, ?, ?, ?, ?, ?, ?)
14:18:24,115 DEBUG BaseGeneralDataRegion:59 - Caching[foo.org.hibernate.cache.spi.UpdateTimestampsCache] : [Address] -> [5579091001815040]
14:18:24,115 DEBUG SQL:104 - 
    insert 
    into
        Address
        (addressType, street, city, stateProvince, postalCode, country, studentNumber, id) 
    values
        (?, ?, ?, ?, ?, ?, ?, ?)
14:18:24,115 DEBUG BaseGeneralDataRegion:59 - Caching[foo.org.hibernate.cache.spi.UpdateTimestampsCache] : [Address] -> [5579091001815041]
14:18:24,115 DEBUG SQL:104 - 
    insert 
    into
        Student
        (name_first, name_middle, name_last, preferredCourseCode, studentId) 
    values
        (?, ?, ?, ?, ?)
14:18:24,115 DEBUG BaseGeneralDataRegion:59 - Caching[foo.org.hibernate.cache.spi.UpdateTimestampsCache] : [Student] -> [5579091001815042]
14:18:24,115 DEBUG SQL:104 - 
    insert 
    into
        Enrolment
        (semester, "year", studentId, courseCode) 
    values
        (?, ?, ?, ?)
14:18:24,116 DEBUG BaseGeneralDataRegion:59 - Caching[foo.org.hibernate.cache.spi.UpdateTimestampsCache] : [Enrolment] -> [5579091001819136]
14:18:24,116 DEBUG SQL:104 - 
    insert 
    into
        Enrolment
        (semester, "year", studentId, courseCode) 
    values
        (?, ?, ?, ?)
14:18:24,116 DEBUG BaseGeneralDataRegion:59 - Caching[foo.org.hibernate.cache.spi.UpdateTimestampsCache] : [Enrolment] -> [5579091001819137]
14:18:24,116 DEBUG BaseGeneralDataRegion:59 - Caching[foo.org.hibernate.cache.spi.UpdateTimestampsCache] : [CourseMeeting] -> [5579091001819138]
14:18:24,116 DEBUG BaseGeneralDataRegion:59 - Caching[foo.org.hibernate.cache.spi.UpdateTimestampsCache] : [Enrolment] -> [5579091001819139]
14:18:24,116 DEBUG SQL:104 - 
    update
        Address 
    set
        studentNumber=?,
        addressType=? 
    where
        id=?
14:18:24,116 DEBUG SQL:104 - 
    update
        Address 
    set
        studentNumber=?,
        addressType=? 
    where
        id=?
14:18:24,117 DEBUG BaseGeneralDataRegion:59 - Caching[foo.org.hibernate.cache.spi.UpdateTimestampsCache] : [Address] -> [5579091001823232]
14:18:24,117 DEBUG SQL:104 - 
    insert 
    into
        Student_secretCodes
        (studentNumber, i, secretCode) 
    values
        (?, ?, ?)
14:18:24,135 DEBUG BaseGeneralDataRegion:59 - Caching[foo.org.hibernate.cache.spi.UpdateTimestampsCache] : [Student_secretCodes] -> [5579091001896960]
14:18:24,135 DEBUG BaseGeneralDataRegion:59 - Caching[foo.org.hibernate.cache.spi.UpdateTimestampsCache] : [Enrolment] -> [5579091001896961]
14:18:24,135 DEBUG BaseGeneralDataRegion:59 - Caching[foo.org.hibernate.cache.spi.UpdateTimestampsCache] : [Address] -> [5579091001896962]
14:18:24,135 DEBUG SQL:104 - 
    insert 
    into
        Student_secretCodes
        (studentNumber, i, secretCode) 
    values
        (?, ?, ?)
14:18:24,135 DEBUG SQL:104 - 
    insert 
    into
        Student_secretCodes
        (studentNumber, i, secretCode) 
    values
        (?, ?, ?)
14:18:24,135 DEBUG BaseGeneralDataRegion:59 - Caching[foo.org.hibernate.cache.spi.UpdateTimestampsCache] : [Student_secretCodes] -> [5579091001896963]
14:18:24,136 DEBUG BaseGeneralDataRegion:59 - Caching[foo.org.hibernate.cache.spi.UpdateTimestampsCache] : [Student] -> [5579090756141056]
14:18:24,136 DEBUG BaseGeneralDataRegion:59 - Caching[foo.org.hibernate.cache.spi.UpdateTimestampsCache] : [Course] -> [5579090756141056]
14:18:24,136 DEBUG BaseGeneralDataRegion:59 - Caching[foo.org.hibernate.cache.spi.UpdateTimestampsCache] : [Enrolment] -> [5579090756141056]
14:18:24,136 DEBUG BaseGeneralDataRegion:59 - Caching[foo.org.hibernate.cache.spi.UpdateTimestampsCache] : [Student_secretCodes] -> [5579090756141056]
14:18:24,136 DEBUG BaseGeneralDataRegion:59 - Caching[foo.org.hibernate.cache.spi.UpdateTimestampsCache] : [Address] -> [5579090756141056]
14:18:24,136 DEBUG BaseGeneralDataRegion:59 - Caching[foo.org.hibernate.cache.spi.UpdateTimestampsCache] : [CourseMeeting] -> [5579090756141056]
14:18:24,136 DEBUG QueryTranslatorImpl:265 - parse() - HQL: from org.hibernate.test.querycache.Student s left join s.preferredCourse order by s.studentNumber
14:18:24,138 DEBUG QueryTranslatorImpl:283 - --- HQL AST ---
 \-[QUERY] Node: 'query'
    +-[SELECT_FROM] Node: 'SELECT_FROM'
    |  \-[FROM] Node: 'from'
    |     +-[RANGE] Node: 'RANGE'
    |     |  +-[DOT] Node: '.'
    |     |  |  +-[DOT] Node: '.'
    |     |  |  |  +-[DOT] Node: '.'
    |     |  |  |  |  +-[DOT] Node: '.'
    |     |  |  |  |  |  +-[IDENT] Node: 'org'
    |     |  |  |  |  |  \-[IDENT] Node: 'hibernate'
    |     |  |  |  |  \-[IDENT] Node: 'test'
    |     |  |  |  \-[IDENT] Node: 'querycache'
    |     |  |  \-[IDENT] Node: 'Student'
    |     |  \-[ALIAS] Node: 's'
    |     \-[JOIN] Node: 'join'
    |        +-[LEFT] Node: 'left'
    |        \-[DOT] Node: '.'
    |           +-[IDENT] Node: 's'
    |           \-[IDENT] Node: 'preferredCourse'
    \-[ORDER] Node: 'order'
       \-[DOT] Node: '.'
          +-[IDENT] Node: 's'
          \-[IDENT] Node: 'studentNumber'

14:18:24,144 DEBUG ErrorCounter:82 - throwQueryException() : no errors
14:18:24,144 DEBUG FromElement:157 - FromClause{level=1} : org.hibernate.test.querycache.Student (s) -> student0_
14:18:24,144 DEBUG FromReferenceNode:74 - Resolved : s -> student0_.studentId
14:18:24,144 DEBUG DotNode:599 - getDataType() : preferredCourse -> org.hibernate.type.ManyToOneType(org.hibernate.test.querycache.Course)
14:18:24,144 DEBUG DotNode:389 - dereferenceEntityJoin() : generating join for preferredCourse in org.hibernate.test.querycache.Student (<no alias>) parent = [ {null} ]
14:18:24,144 DEBUG FromElement:157 - FromClause{level=1} : org.hibernate.test.querycache.Course (<no alias>) -> course1_
14:18:24,145 DEBUG FromClause:282 - addJoinByPathMap() : s.preferredCourse -> FromElement{explicit,not a collection join,not a fetch join,fetch non-lazy properties,classAlias=null,role=null,tableName=Course,tableAlias=course1_,origin=Student student0_,columns={student0_.preferredCourseCode ,className=org.hibernate.test.querycache.Course}}
14:18:24,145 DEBUG FromReferenceNode:74 - Resolved : s.preferredCourse -> student0_.preferredCourseCode
14:18:24,145 DEBUG HqlSqlWalker:403 - createFromJoinElement() : -- join tree --
 \-[JOIN_FRAGMENT] FromElement: 'Course course1_' FromElement{explicit,not a collection join,not a fetch join,fetch non-lazy properties,classAlias=null,role=null,tableName=Course,tableAlias=course1_,origin=Student student0_,columns={student0_.preferredCourseCode ,className=org.hibernate.test.querycache.Course}}

14:18:24,153 DEBUG FromReferenceNode:74 - Resolved : s -> student0_.studentId
14:18:24,153 DEBUG DotNode:599 - getDataType() : studentNumber -> org.hibernate.type.LongType@4bf3f9d
14:18:24,153 DEBUG FromReferenceNode:74 - Resolved : s.studentNumber -> student0_.studentId
14:18:24,153 DEBUG HqlSqlWalker:629 - processQuery() :  ( SELECT ( FromClause{level=1} ( Student student0_ Course course1_ ) ) ( order ( student0_.studentId student0_.studentId studentNumber ) ) )
14:18:24,153 DEBUG HqlSqlWalker:869 - Derived SELECT clause created.
14:18:24,153 DEBUG JoinProcessor:175 - Using FROM fragment [Student student0_]
14:18:24,154 DEBUG JoinProcessor:175 - Using FROM fragment [left outer join Course course1_ on student0_.preferredCourseCode=course1_.courseCode]
14:18:24,154 DEBUG QueryTranslatorImpl:252 - --- SQL AST ---
 \-[SELECT] QueryNode: 'SELECT'  querySpaces (Student,Course)
    +-[SELECT_CLAUSE] SelectClause: '{derived select clause}'
    |  +-[SELECT_EXPR] SelectExpressionImpl: 'student0_.studentId as studentId4_0_' {FromElement{explicit,not a collection join,not a fetch join,fetch non-lazy properties,classAlias=s,role=null,tableName=Student,tableAlias=student0_,origin=null,columns={,className=org.hibernate.test.querycache.Student}}}
    |  +-[SELECT_EXPR] SelectExpressionImpl: 'course1_.courseCode as courseCode1_1_' {FromElement{explicit,not a collection join,not a fetch join,fetch non-lazy properties,classAlias=null,role=null,tableName=Course,tableAlias=course1_,origin=Student student0_,columns={student0_.preferredCourseCode ,className=org.hibernate.test.querycache.Course}}}
    |  +-[SQL_TOKEN] SqlFragment: 'student0_.name_first as name2_4_0_, student0_.name_middle as name3_4_0_, student0_.name_last as name4_4_0_, student0_.preferredCourseCode as preferre5_4_0_'
    |  \-[SQL_TOKEN] SqlFragment: 'course1_.description as descript2_1_1_'
    +-[FROM] FromClause: 'from' FromClause{level=1, fromElementCounter=2, fromElements=2, fromElementByClassAlias=[s], fromElementByTableAlias=[student0_, course1_], fromElementsByPath=[s.preferredCourse], collectionJoinFromElementsByPath=[], impliedElements=[]}
    |  \-[FROM_FRAGMENT] FromElement: 'Student student0_' FromElement{explicit,not a collection join,not a fetch join,fetch non-lazy properties,classAlias=s,role=null,tableName=Student,tableAlias=student0_,origin=null,columns={,className=org.hibernate.test.querycache.Student}}
    |     \-[JOIN_FRAGMENT] FromElement: 'left outer join Course course1_ on student0_.preferredCourseCode=course1_.courseCode' FromElement{explicit,not a collection join,not a fetch join,fetch non-lazy properties,classAlias=null,role=null,tableName=Course,tableAlias=course1_,origin=Student student0_,columns={student0_.preferredCourseCode ,className=org.hibernate.test.querycache.Course}}
    \-[ORDER] OrderByClause: 'order'
       \-[DOT] DotNode: 'student0_.studentId' {propertyName=studentNumber,dereferenceType=ALL,propertyPath=studentNumber,path=s.studentNumber,tableAlias=student0_,className=org.hibernate.test.querycache.Student,classAlias=s}
          +-[ALIAS_REF] IdentNode: 'student0_.studentId' {alias=s, className=org.hibernate.test.querycache.Student, tableAlias=student0_}
          \-[IDENT] IdentNode: 'studentNumber' {originalText=studentNumber}

14:18:24,155 DEBUG ErrorCounter:82 - throwQueryException() : no errors
14:18:24,155 DEBUG QueryTranslatorImpl:235 - HQL: from org.hibernate.test.querycache.Student s left join s.preferredCourse order by s.studentNumber
14:18:24,156 DEBUG QueryTranslatorImpl:236 - SQL: select student0_.studentId as studentId4_0_, course1_.courseCode as courseCode1_1_, student0_.name_first as name2_4_0_, student0_.name_middle as name3_4_0_, student0_.name_last as name4_4_0_, student0_.preferredCourseCode as preferre5_4_0_, course1_.description as descript2_1_1_ from Student student0_ left outer join Course course1_ on student0_.preferredCourseCode=course1_.courseCode order by student0_.studentId
14:18:24,156 DEBUG ErrorCounter:82 - throwQueryException() : no errors
14:18:24,156 DEBUG SQL:104 - 
    select
        student0_.studentId as studentId4_0_,
        course1_.courseCode as courseCode1_1_,
        student0_.name_first as name2_4_0_,
        student0_.name_middle as name3_4_0_,
        student0_.name_last as name4_4_0_,
        student0_.preferredCourseCode as preferre5_4_0_,
        course1_.description as descript2_1_1_ 
    from
        Student student0_ 
    left outer join
        Course course1_ 
            on student0_.preferredCourseCode=course1_.courseCode 
    order by
        student0_.studentId
14:18:24,170 DEBUG SQL:104 - 
    select
        secretcode0_.studentNumber as studentN1_4_0_,
        secretcode0_.secretCode as secretCode5_0_,
        secretcode0_.i as i0_ 
    from
        Student_secretCodes secretcode0_ 
    where
        secretcode0_.studentNumber=?
14:18:24,172 DEBUG SQL:104 - 
    select
        coursemeet0_.courseCode as courseCode1_1_,
        coursemeet0_.courseCode as courseCode2_1_,
        coursemeet0_.day as day2_1_,
        coursemeet0_.period as period2_1_,
        coursemeet0_.location as location2_1_,
        coursemeet0_.courseCode as courseCode2_0_,
        coursemeet0_.day as day2_0_,
        coursemeet0_.period as period2_0_,
        coursemeet0_.location as location2_0_ 
    from
        CourseMeeting coursemeet0_ 
    where
        coursemeet0_.courseCode=?
14:18:24,173 DEBUG SQL:104 - 
    select
        secretcode0_.studentNumber as studentN1_4_0_,
        secretcode0_.secretCode as secretCode5_0_,
        secretcode0_.i as i0_ 
    from
        Student_secretCodes secretcode0_ 
    where
        secretcode0_.studentNumber=?
14:18:24,174 DEBUG SQL:104 - 
    select
        student0_.studentId as studentId4_0_,
        course1_.courseCode as courseCode1_1_,
        student0_.name_first as name2_4_0_,
        student0_.name_middle as name3_4_0_,
        student0_.name_last as name4_4_0_,
        student0_.preferredCourseCode as preferre5_4_0_,
        course1_.description as descript2_1_1_ 
    from
        Student student0_ 
    left outer join
        Course course1_ 
            on student0_.preferredCourseCode=course1_.courseCode 
    order by
        student0_.studentId
14:18:24,181 DEBUG SQL:104 - 
    select
        secretcode0_.studentNumber as studentN1_4_0_,
        secretcode0_.secretCode as secretCode5_0_,
        secretcode0_.i as i0_ 
    from
        Student_secretCodes secretcode0_ 
    where
        secretcode0_.studentNumber=?
14:18:24,181 DEBUG SQL:104 - 
    select
        coursemeet0_.courseCode as courseCode1_1_,
        coursemeet0_.courseCode as courseCode2_1_,
        coursemeet0_.day as day2_1_,
        coursemeet0_.period as period2_1_,
        coursemeet0_.location as location2_1_,
        coursemeet0_.courseCode as courseCode2_0_,
        coursemeet0_.day as day2_0_,
        coursemeet0_.period as period2_0_,
        coursemeet0_.location as location2_0_ 
    from
        CourseMeeting coursemeet0_ 
    where
        coursemeet0_.courseCode=?
14:18:24,182 DEBUG SQL:104 - 
    select
        secretcode0_.studentNumber as studentN1_4_0_,
        secretcode0_.secretCode as secretCode5_0_,
        secretcode0_.i as i0_ 
    from
        Student_secretCodes secretcode0_ 
    where
        secretcode0_.studentNumber=?
14:18:24,209 DEBUG SQL:104 - 
    select
        student_.studentId,
        student_.name_first as name2_4_,
        student_.name_middle as name3_4_,
        student_.name_last as name4_4_,
        student_.preferredCourseCode as preferre5_4_ 
    from
        Student student_ 
    where
        student_.studentId=?
14:18:24,210 DEBUG SQL:104 - 
    select
        enrolment_.studentId,
        enrolment_.courseCode,
        enrolment_.semester as semester3_,
        enrolment_."year" as year4_3_ 
    from
        Enrolment enrolment_ 
    where
        enrolment_.studentId=? 
        and enrolment_.courseCode=?
14:18:24,210 DEBUG SQL:104 - 
    select
        course_.courseCode,
        course_.description as descript2_1_ 
    from
        Course course_ 
    where
        course_.courseCode=?
14:18:24,211 DEBUG SQL:104 - 
    select
        student_.studentId,
        student_.name_first as name2_4_,
        student_.name_middle as name3_4_,
        student_.name_last as name4_4_,
        student_.preferredCourseCode as preferre5_4_ 
    from
        Student student_ 
    where
        student_.studentId=?
14:18:24,211 DEBUG SQL:104 - 
    select
        enrolment_.studentId,
        enrolment_.courseCode,
        enrolment_.semester as semester3_,
        enrolment_."year" as year4_3_ 
    from
        Enrolment enrolment_ 
    where
        enrolment_.studentId=? 
        and enrolment_.courseCode=?
14:18:24,211 DEBUG SQL:104 - 
    select
        coursemeet_.courseCode,
        coursemeet_.day,
        coursemeet_.period,
        coursemeet_.location 
    from
        CourseMeeting coursemeet_ 
    where
        coursemeet_.courseCode=? 
        and coursemeet_.day=? 
        and coursemeet_.period=? 
        and coursemeet_.location=?
14:18:24,211 DEBUG SQL:104 - 
    select
        coursemeet_.courseCode,
        coursemeet_.day,
        coursemeet_.period,
        coursemeet_.location 
    from
        CourseMeeting coursemeet_ 
    where
        coursemeet_.courseCode=? 
        and coursemeet_.day=? 
        and coursemeet_.period=? 
        and coursemeet_.location=?
14:18:24,212 DEBUG BaseGeneralDataRegion:59 - Caching[foo.org.hibernate.cache.spi.UpdateTimestampsCache] : [Enrolment] -> [5579091002212352]
14:18:24,212 DEBUG SQL:104 - 
    update
        Address 
    set
        studentNumber=null,
        addressType=null 
    where
        studentNumber=?
14:18:24,218 DEBUG BaseGeneralDataRegion:59 - Caching[foo.org.hibernate.cache.spi.UpdateTimestampsCache] : [Address] -> [5579091002236928]
14:18:24,218 DEBUG SQL:104 - 
    delete 
    from
        Student_secretCodes 
    where
        studentNumber=?
14:18:24,218 DEBUG BaseGeneralDataRegion:59 - Caching[foo.org.hibernate.cache.spi.UpdateTimestampsCache] : [Student_secretCodes] -> [5579091002236929]
14:18:24,218 DEBUG BaseGeneralDataRegion:59 - Caching[foo.org.hibernate.cache.spi.UpdateTimestampsCache] : [Enrolment] -> [5579091002236930]
14:18:24,218 DEBUG BaseGeneralDataRegion:59 - Caching[foo.org.hibernate.cache.spi.UpdateTimestampsCache] : [Address] -> [5579091002236931]
14:18:24,218 DEBUG SQL:104 - 
    delete 
    from
        Student_secretCodes 
    where
        studentNumber=?
14:18:24,218 DEBUG BaseGeneralDataRegion:59 - Caching[foo.org.hibernate.cache.spi.UpdateTimestampsCache] : [Student_secretCodes] -> [5579091002236932]
14:18:24,218 DEBUG BaseGeneralDataRegion:59 - Caching[foo.org.hibernate.cache.spi.UpdateTimestampsCache] : [CourseMeeting] -> [5579091002236933]
14:18:24,219 DEBUG SQL:104 - 
    delete 
    from
        Enrolment 
    where
        studentId=? 
        and courseCode=?
14:18:24,219 DEBUG BaseGeneralDataRegion:59 - Caching[foo.org.hibernate.cache.spi.UpdateTimestampsCache] : [Enrolment] -> [5579091002241024]
14:18:24,219 DEBUG SQL:104 - 
    delete 
    from
        Address 
    where
        id=?
14:18:24,219 DEBUG BaseGeneralDataRegion:59 - Caching[foo.org.hibernate.cache.spi.UpdateTimestampsCache] : [Address] -> [5579091002241025]
14:18:24,219 DEBUG SQL:104 - 
    delete 
    from
        Address 
    where
        id=?
14:18:24,219 DEBUG BaseGeneralDataRegion:59 - Caching[foo.org.hibernate.cache.spi.UpdateTimestampsCache] : [Address] -> [5579091002241026]
14:18:24,219 DEBUG SQL:104 - 
    delete 
    from
        Student 
    where
        studentId=?
14:18:24,238 DEBUG BaseGeneralDataRegion:59 - Caching[foo.org.hibernate.cache.spi.UpdateTimestampsCache] : [Student] -> [5579091002318848]
14:18:24,238 DEBUG SQL:104 - 
    delete 
    from
        Enrolment 
    where
        studentId=? 
        and courseCode=?
14:18:24,239 DEBUG BaseGeneralDataRegion:59 - Caching[foo.org.hibernate.cache.spi.UpdateTimestampsCache] : [Enrolment] -> [5579091002322944]
14:18:24,239 DEBUG SQL:104 - 
    delete 
    from
        Student 
    where
        studentId=?
14:18:24,239 DEBUG BaseGeneralDataRegion:59 - Caching[foo.org.hibernate.cache.spi.UpdateTimestampsCache] : [Student] -> [5579091002322945]
14:18:24,239 DEBUG SQL:104 - 
    delete 
    from
        CourseMeeting 
    where
        courseCode=? 
        and day=? 
        and period=? 
        and location=?
14:18:24,239 DEBUG BaseGeneralDataRegion:59 - Caching[foo.org.hibernate.cache.spi.UpdateTimestampsCache] : [CourseMeeting] -> [5579091002322946]
14:18:24,247 DEBUG SQL:104 - 
    delete 
    from
        CourseMeeting 
    where
        courseCode=? 
        and day=? 
        and period=? 
        and location=?
14:18:24,247 DEBUG BaseGeneralDataRegion:59 - Caching[foo.org.hibernate.cache.spi.UpdateTimestampsCache] : [CourseMeeting] -> [5579091002355712]
14:18:24,247 DEBUG SQL:104 - 
    delete 
    from
        Course 
    where
        courseCode=?
14:18:24,248 DEBUG BaseGeneralDataRegion:59 - Caching[foo.org.hibernate.cache.spi.UpdateTimestampsCache] : [Course] -> [5579091002359808]
14:18:24,248 DEBUG BaseGeneralDataRegion:59 - Caching[foo.org.hibernate.cache.spi.UpdateTimestampsCache] : [Student] -> [5579090756599809]
14:18:24,248 DEBUG BaseGeneralDataRegion:59 - Caching[foo.org.hibernate.cache.spi.UpdateTimestampsCache] : [Course] -> [5579090756599809]
14:18:24,248 DEBUG BaseGeneralDataRegion:59 - Caching[foo.org.hibernate.cache.spi.UpdateTimestampsCache] : [Enrolment] -> [5579090756599809]
14:18:24,248 DEBUG BaseGeneralDataRegion:59 - Caching[foo.org.hibernate.cache.spi.UpdateTimestampsCache] : [Student_secretCodes] -> [5579090756599809]
14:18:24,248 DEBUG BaseGeneralDataRegion:59 - Caching[foo.org.hibernate.cache.spi.UpdateTimestampsCache] : [Address] -> [5579090756599809]
14:18:24,248 DEBUG BaseGeneralDataRegion:59 - Caching[foo.org.hibernate.cache.spi.UpdateTimestampsCache] : [CourseMeeting] -> [5579090756599809]
14:18:24,249 DEBUG SQL:104 - 
    select
        coursemeet_.courseCode,
        coursemeet_.day,
        coursemeet_.period,
        coursemeet_.location 
    from
        CourseMeeting coursemeet_ 
    where
        coursemeet_.courseCode=? 
        and coursemeet_.day=? 
        and coursemeet_.period=? 
        and coursemeet_.location=?
14:18:24,256 DEBUG SQL:104 - 
    select
        coursemeet_.courseCode,
        coursemeet_.day,
        coursemeet_.period,
        coursemeet_.location 
    from
        CourseMeeting coursemeet_ 
    where
        coursemeet_.courseCode=? 
        and coursemeet_.day=? 
        and coursemeet_.period=? 
        and coursemeet_.location=?
14:18:24,257 DEBUG SQL:104 - 
    insert 
    into
        Course
        (description, courseCode) 
    values
        (?, ?)
14:18:24,258 DEBUG BaseGeneralDataRegion:59 - Caching[foo.org.hibernate.cache.spi.UpdateTimestampsCache] : [Course] -> [5579091002400768]
14:18:24,258 DEBUG SQL:104 - 
    insert 
    into
        CourseMeeting
        (courseCode, day, period, location) 
    values
        (?, ?, ?, ?)
14:18:24,275 DEBUG BaseGeneralDataRegion:59 - Caching[foo.org.hibernate.cache.spi.UpdateTimestampsCache] : [CourseMeeting] -> [5579091002470400]
14:18:24,275 DEBUG SQL:104 - 
    insert 
    into
        CourseMeeting
        (courseCode, day, period, location) 
    values
        (?, ?, ?, ?)
14:18:24,275 DEBUG BaseGeneralDataRegion:59 - Caching[foo.org.hibernate.cache.spi.UpdateTimestampsCache] : [CourseMeeting] -> [5579091002470401]
14:18:24,276 DEBUG SQL:104 - 
    insert 
    into
        Student
        (name_first, name_middle, name_last, preferredCourseCode, studentId) 
    values
        (?, ?, ?, ?, ?)
14:18:24,276 DEBUG BaseGeneralDataRegion:59 - Caching[foo.org.hibernate.cache.spi.UpdateTimestampsCache] : [Student] -> [5579091002474496]
14:18:24,276 DEBUG SQL:104 - 
    insert 
    into
        Address
        (addressType, street, city, stateProvince, postalCode, country, studentNumber, id) 
    values
        (?, ?, ?, ?, ?, ?, ?, ?)
14:18:24,276 DEBUG BaseGeneralDataRegion:59 - Caching[foo.org.hibernate.cache.spi.UpdateTimestampsCache] : [Address] -> [5579091002474497]
14:18:24,276 DEBUG SQL:104 - 
    insert 
    into
        Address
        (addressType, street, city, stateProvince, postalCode, country, studentNumber, id) 
    values
        (?, ?, ?, ?, ?, ?, ?, ?)
14:18:24,280 DEBUG BaseGeneralDataRegion:59 - Caching[foo.org.hibernate.cache.spi.UpdateTimestampsCache] : [Address] -> [5579091002490880]
14:18:24,280 DEBUG SQL:104 - 
    insert 
    into
        Student
        (name_first, name_middle, name_last, preferredCourseCode, studentId) 
    values
        (?, ?, ?, ?, ?)
14:18:24,281 DEBUG BaseGeneralDataRegion:59 - Caching[foo.org.hibernate.cache.spi.UpdateTimestampsCache] : [Student] -> [5579091002494976]
14:18:24,281 DEBUG SQL:104 - 
    insert 
    into
        Enrolment
        (semester, "year", studentId, courseCode) 
    values
        (?, ?, ?, ?)
14:18:24,281 DEBUG BaseGeneralDataRegion:59 - Caching[foo.org.hibernate.cache.spi.UpdateTimestampsCache] : [Enrolment] -> [5579091002494977]
14:18:24,281 DEBUG SQL:104 - 
    insert 
    into
        Enrolment
        (semester, "year", studentId, courseCode) 
    values
        (?, ?, ?, ?)
14:18:24,289 DEBUG BaseGeneralDataRegion:59 - Caching[foo.org.hibernate.cache.spi.UpdateTimestampsCache] : [Enrolment] -> [5579091002527744]
14:18:24,289 DEBUG BaseGeneralDataRegion:59 - Caching[foo.org.hibernate.cache.spi.UpdateTimestampsCache] : [CourseMeeting] -> [5579091002527745]
14:18:24,289 DEBUG BaseGeneralDataRegion:59 - Caching[foo.org.hibernate.cache.spi.UpdateTimestampsCache] : [Enrolment] -> [5579091002527746]
14:18:24,289 DEBUG SQL:104 - 
    update
        Address 
    set
        studentNumber=?,
        addressType=? 
    where
        id=?
14:18:24,290 DEBUG SQL:104 - 
    update
        Address 
    set
        studentNumber=?,
        addressType=? 
    where
        id=?
14:18:24,290 DEBUG BaseGeneralDataRegion:59 - Caching[foo.org.hibernate.cache.spi.UpdateTimestampsCache] : [Address] -> [5579091002531840]
14:18:24,290 DEBUG SQL:104 - 
    insert 
    into
        Student_secretCodes
        (studentNumber, i, secretCode) 
    values
        (?, ?, ?)
14:18:24,290 DEBUG BaseGeneralDataRegion:59 - Caching[foo.org.hibernate.cache.spi.UpdateTimestampsCache] : [Student_secretCodes] -> [5579091002531841]
14:18:24,290 DEBUG BaseGeneralDataRegion:59 - Caching[foo.org.hibernate.cache.spi.UpdateTimestampsCache] : [Enrolment] -> [5579091002531842]
14:18:24,290 DEBUG BaseGeneralDataRegion:59 - Caching[foo.org.hibernate.cache.spi.UpdateTimestampsCache] : [Address] -> [5579091002531843]
14:18:24,293 DEBUG SQL:104 - 
    insert 
    into
        Student_secretCodes
        (studentNumber, i, secretCode) 
    values
        (?, ?, ?)
14:18:24,294 DEBUG SQL:104 - 
    insert 
    into
        Student_secretCodes
        (studentNumber, i, secretCode) 
    values
        (?, ?, ?)
14:18:24,294 DEBUG BaseGeneralDataRegion:59 - Caching[foo.org.hibernate.cache.spi.UpdateTimestampsCache] : [Student_secretCodes] -> [5579091002548224]
14:18:24,294 DEBUG BaseGeneralDataRegion:59 - Caching[foo.org.hibernate.cache.spi.UpdateTimestampsCache] : [Student] -> [5579090756788225]
14:18:24,294 DEBUG BaseGeneralDataRegion:59 - Caching[foo.org.hibernate.cache.spi.UpdateTimestampsCache] : [Course] -> [5579090756788225]
14:18:24,294 DEBUG BaseGeneralDataRegion:59 - Caching[foo.org.hibernate.cache.spi.UpdateTimestampsCache] : [Enrolment] -> [5579090756788225]
14:18:24,294 DEBUG BaseGeneralDataRegion:59 - Caching[foo.org.hibernate.cache.spi.UpdateTimestampsCache] : [Student_secretCodes] -> [5579090756788225]
14:18:24,294 DEBUG BaseGeneralDataRegion:59 - Caching[foo.org.hibernate.cache.spi.UpdateTimestampsCache] : [Address] -> [5579090756788225]
14:18:24,294 DEBUG BaseGeneralDataRegion:59 - Caching[foo.org.hibernate.cache.spi.UpdateTimestampsCache] : [CourseMeeting] -> [5579090756788225]
14:18:24,295 DEBUG QueryTranslatorImpl:265 - parse() - HQL: from org.hibernate.test.querycache.Student s left join s.preferredCourse p order by s.studentNumber
14:18:24,296 DEBUG QueryTranslatorImpl:283 - --- HQL AST ---
 \-[QUERY] Node: 'query'
    +-[SELECT_FROM] Node: 'SELECT_FROM'
    |  \-[FROM] Node: 'from'
    |     +-[RANGE] Node: 'RANGE'
    |     |  +-[DOT] Node: '.'
    |     |  |  +-[DOT] Node: '.'
    |     |  |  |  +-[DOT] Node: '.'
    |     |  |  |  |  +-[DOT] Node: '.'
    |     |  |  |  |  |  +-[IDENT] Node: 'org'
    |     |  |  |  |  |  \-[IDENT] Node: 'hibernate'
    |     |  |  |  |  \-[IDENT] Node: 'test'
    |     |  |  |  \-[IDENT] Node: 'querycache'
    |     |  |  \-[IDENT] Node: 'Student'
    |     |  \-[ALIAS] Node: 's'
    |     \-[JOIN] Node: 'join'
    |        +-[LEFT] Node: 'left'
    |        +-[DOT] Node: '.'
    |        |  +-[IDENT] Node: 's'
    |        |  \-[IDENT] Node: 'preferredCourse'
    |        \-[ALIAS] Node: 'p'
    \-[ORDER] Node: 'order'
       \-[DOT] Node: '.'
          +-[IDENT] Node: 's'
          \-[IDENT] Node: 'studentNumber'

14:18:24,302 DEBUG ErrorCounter:82 - throwQueryException() : no errors
14:18:24,303 DEBUG FromElement:157 - FromClause{level=1} : org.hibernate.test.querycache.Student (s) -> student0_
14:18:24,303 DEBUG FromReferenceNode:74 - Resolved : s -> student0_.studentId
14:18:24,303 DEBUG DotNode:599 - getDataType() : preferredCourse -> org.hibernate.type.ManyToOneType(org.hibernate.test.querycache.Course)
14:18:24,303 DEBUG DotNode:389 - dereferenceEntityJoin() : generating join for preferredCourse in org.hibernate.test.querycache.Student (p) parent = [ {null} ]
14:18:24,303 DEBUG FromElement:157 - FromClause{level=1} : org.hibernate.test.querycache.Course (p) -> course1_
14:18:24,303 DEBUG FromClause:282 - addJoinByPathMap() : s.preferredCourse -> FromElement{explicit,not a collection join,not a fetch join,fetch non-lazy properties,classAlias=p,role=null,tableName=Course,tableAlias=course1_,origin=Student student0_,columns={student0_.preferredCourseCode ,className=org.hibernate.test.querycache.Course}}
14:18:24,304 DEBUG FromReferenceNode:74 - Resolved : s.preferredCourse -> student0_.preferredCourseCode
14:18:24,304 DEBUG HqlSqlWalker:403 - createFromJoinElement() : -- join tree --
 \-[JOIN_FRAGMENT] FromElement: 'Course course1_' FromElement{explicit,not a collection join,not a fetch join,fetch non-lazy properties,classAlias=p,role=null,tableName=Course,tableAlias=course1_,origin=Student student0_,columns={student0_.preferredCourseCode ,className=org.hibernate.test.querycache.Course}}

14:18:24,304 DEBUG FromReferenceNode:74 - Resolved : s -> student0_.studentId
14:18:24,312 DEBUG DotNode:599 - getDataType() : studentNumber -> org.hibernate.type.LongType@4bf3f9d
14:18:24,312 DEBUG FromReferenceNode:74 - Resolved : s.studentNumber -> student0_.studentId
14:18:24,313 DEBUG HqlSqlWalker:629 - processQuery() :  ( SELECT ( FromClause{level=1} ( Student student0_ Course course1_ ) ) ( order ( student0_.studentId student0_.studentId studentNumber ) ) )
14:18:24,313 DEBUG HqlSqlWalker:869 - Derived SELECT clause created.
14:18:24,313 DEBUG JoinProcessor:175 - Using FROM fragment [Student student0_]
14:18:24,313 DEBUG JoinProcessor:175 - Using FROM fragment [left outer join Course course1_ on student0_.preferredCourseCode=course1_.courseCode]
14:18:24,313 DEBUG QueryTranslatorImpl:252 - --- SQL AST ---
 \-[SELECT] QueryNode: 'SELECT'  querySpaces (Student,Course)
    +-[SELECT_CLAUSE] SelectClause: '{derived select clause}'
    |  +-[SELECT_EXPR] SelectExpressionImpl: 'student0_.studentId as studentId4_0_' {FromElement{explicit,not a collection join,not a fetch join,fetch non-lazy properties,classAlias=s,role=null,tableName=Student,tableAlias=student0_,origin=null,columns={,className=org.hibernate.test.querycache.Student}}}
    |  +-[SELECT_EXPR] SelectExpressionImpl: 'course1_.courseCode as courseCode1_1_' {FromElement{explicit,not a collection join,not a fetch join,fetch non-lazy properties,classAlias=p,role=null,tableName=Course,tableAlias=course1_,origin=Student student0_,columns={student0_.preferredCourseCode ,className=org.hibernate.test.querycache.Course}}}
    |  +-[SQL_TOKEN] SqlFragment: 'student0_.name_first as name2_4_0_, student0_.name_middle as name3_4_0_, student0_.name_last as name4_4_0_, student0_.preferredCourseCode as preferre5_4_0_'
    |  \-[SQL_TOKEN] SqlFragment: 'course1_.description as descript2_1_1_'
    +-[FROM] FromClause: 'from' FromClause{level=1, fromElementCounter=2, fromElements=2, fromElementByClassAlias=[s, p], fromElementByTableAlias=[student0_, course1_], fromElementsByPath=[s.preferredCourse], collectionJoinFromElementsByPath=[], impliedElements=[]}
    |  \-[FROM_FRAGMENT] FromElement: 'Student student0_' FromElement{explicit,not a collection join,not a fetch join,fetch non-lazy properties,classAlias=s,role=null,tableName=Student,tableAlias=student0_,origin=null,columns={,className=org.hibernate.test.querycache.Student}}
    |     \-[JOIN_FRAGMENT] FromElement: 'left outer join Course course1_ on student0_.preferredCourseCode=course1_.courseCode' FromElement{explicit,not a collection join,not a fetch join,fetch non-lazy properties,classAlias=p,role=null,tableName=Course,tableAlias=course1_,origin=Student student0_,columns={student0_.preferredCourseCode ,className=org.hibernate.test.querycache.Course}}
    \-[ORDER] OrderByClause: 'order'
       \-[DOT] DotNode: 'student0_.studentId' {propertyName=studentNumber,dereferenceType=ALL,propertyPath=studentNumber,path=s.studentNumber,tableAlias=student0_,className=org.hibernate.test.querycache.Student,classAlias=s}
          +-[ALIAS_REF] IdentNode: 'student0_.studentId' {alias=s, className=org.hibernate.test.querycache.Student, tableAlias=student0_}
          \-[IDENT] IdentNode: 'studentNumber' {originalText=studentNumber}

14:18:24,314 DEBUG ErrorCounter:82 - throwQueryException() : no errors
14:18:24,314 DEBUG QueryTranslatorImpl:235 - HQL: from org.hibernate.test.querycache.Student s left join s.preferredCourse p order by s.studentNumber
14:18:24,314 DEBUG QueryTranslatorImpl:236 - SQL: select student0_.studentId as studentId4_0_, course1_.courseCode as courseCode1_1_, student0_.name_first as name2_4_0_, student0_.name_middle as name3_4_0_, student0_.name_last as name4_4_0_, student0_.preferredCourseCode as preferre5_4_0_, course1_.description as descript2_1_1_ from Student student0_ left outer join Course course1_ on student0_.preferredCourseCode=course1_.courseCode order by student0_.studentId
14:18:24,314 DEBUG ErrorCounter:82 - throwQueryException() : no errors
14:18:24,314 DEBUG SQL:104 - 
    select
        student0_.studentId as studentId4_0_,
        course1_.courseCode as courseCode1_1_,
        student0_.name_first as name2_4_0_,
        student0_.name_middle as name3_4_0_,
        student0_.name_last as name4_4_0_,
        student0_.preferredCourseCode as preferre5_4_0_,
        course1_.description as descript2_1_1_ 
    from
        Student student0_ 
    left outer join
        Course course1_ 
            on student0_.preferredCourseCode=course1_.courseCode 
    order by
        student0_.studentId
14:18:24,315 DEBUG SQL:104 - 
    select
        secretcode0_.studentNumber as studentN1_4_0_,
        secretcode0_.secretCode as secretCode5_0_,
        secretcode0_.i as i0_ 
    from
        Student_secretCodes secretcode0_ 
    where
        secretcode0_.studentNumber=?
14:18:24,315 DEBUG SQL:104 - 
    select
        coursemeet0_.courseCode as courseCode1_1_,
        coursemeet0_.courseCode as courseCode2_1_,
        coursemeet0_.day as day2_1_,
        coursemeet0_.period as period2_1_,
        coursemeet0_.location as location2_1_,
        coursemeet0_.courseCode as courseCode2_0_,
        coursemeet0_.day as day2_0_,
        coursemeet0_.period as period2_0_,
        coursemeet0_.location as location2_0_ 
    from
        CourseMeeting coursemeet0_ 
    where
        coursemeet0_.courseCode=?
14:18:24,329 DEBUG SQL:104 - 
    select
        secretcode0_.studentNumber as studentN1_4_0_,
        secretcode0_.secretCode as secretCode5_0_,
        secretcode0_.i as i0_ 
    from
        Student_secretCodes secretcode0_ 
    where
        secretcode0_.studentNumber=?
14:18:24,330 DEBUG SQL:104 - 
    select
        student0_.studentId as studentId4_0_,
        course1_.courseCode as courseCode1_1_,
        student0_.name_first as name2_4_0_,
        student0_.name_middle as name3_4_0_,
        student0_.name_last as name4_4_0_,
        student0_.preferredCourseCode as preferre5_4_0_,
        course1_.description as descript2_1_1_ 
    from
        Student student0_ 
    left outer join
        Course course1_ 
            on student0_.preferredCourseCode=course1_.courseCode 
    order by
        student0_.studentId
14:18:24,331 DEBUG SQL:104 - 
    select
        secretcode0_.studentNumber as studentN1_4_0_,
        secretcode0_.secretCode as secretCode5_0_,
        secretcode0_.i as i0_ 
    from
        Student_secretCodes secretcode0_ 
    where
        secretcode0_.studentNumber=?
14:18:24,338 DEBUG SQL:104 - 
    select
        coursemeet0_.courseCode as courseCode1_1_,
        coursemeet0_.courseCode as courseCode2_1_,
        coursemeet0_.day as day2_1_,
        coursemeet0_.period as period2_1_,
        coursemeet0_.location as location2_1_,
        coursemeet0_.courseCode as courseCode2_0_,
        coursemeet0_.day as day2_0_,
        coursemeet0_.period as period2_0_,
        coursemeet0_.location as location2_0_ 
    from
        CourseMeeting coursemeet0_ 
    where
        coursemeet0_.courseCode=?
14:18:24,338 DEBUG SQL:104 - 
    select
        secretcode0_.studentNumber as studentN1_4_0_,
        secretcode0_.secretCode as secretCode5_0_,
        secretcode0_.i as i0_ 
    from
        Student_secretCodes secretcode0_ 
    where
        secretcode0_.studentNumber=?
14:18:24,339 DEBUG SQL:104 - 
    select
        student_.studentId,
        student_.name_first as name2_4_,
        student_.name_middle as name3_4_,
        student_.name_last as name4_4_,
        student_.preferredCourseCode as preferre5_4_ 
    from
        Student student_ 
    where
        student_.studentId=?
14:18:24,339 DEBUG SQL:104 - 
    select
        enrolment_.studentId,
        enrolment_.courseCode,
        enrolment_.semester as semester3_,
        enrolment_."year" as year4_3_ 
    from
        Enrolment enrolment_ 
    where
        enrolment_.studentId=? 
        and enrolment_.courseCode=?
14:18:24,358 DEBUG SQL:104 - 
    select
        course_.courseCode,
        course_.description as descript2_1_ 
    from
        Course course_ 
    where
        course_.courseCode=?
14:18:24,358 DEBUG SQL:104 - 
    select
        student_.studentId,
        student_.name_first as name2_4_,
        student_.name_middle as name3_4_,
        student_.name_last as name4_4_,
        student_.preferredCourseCode as preferre5_4_ 
    from
        Student student_ 
    where
        student_.studentId=?
14:18:24,358 DEBUG SQL:104 - 
    select
        enrolment_.studentId,
        enrolment_.courseCode,
        enrolment_.semester as semester3_,
        enrolment_."year" as year4_3_ 
    from
        Enrolment enrolment_ 
    where
        enrolment_.studentId=? 
        and enrolment_.courseCode=?
14:18:24,367 DEBUG SQL:104 - 
    select
        coursemeet_.courseCode,
        coursemeet_.day,
        coursemeet_.period,
        coursemeet_.location 
    from
        CourseMeeting coursemeet_ 
    where
        coursemeet_.courseCode=? 
        and coursemeet_.day=? 
        and coursemeet_.period=? 
        and coursemeet_.location=?
14:18:24,367 DEBUG SQL:104 - 
    select
        coursemeet_.courseCode,
        coursemeet_.day,
        coursemeet_.period,
        coursemeet_.location 
    from
        CourseMeeting coursemeet_ 
    where
        coursemeet_.courseCode=? 
        and coursemeet_.day=? 
        and coursemeet_.period=? 
        and coursemeet_.location=?
14:18:24,377 DEBUG BaseGeneralDataRegion:59 - Caching[foo.org.hibernate.cache.spi.UpdateTimestampsCache] : [Enrolment] -> [5579091002888192]
14:18:24,378 DEBUG SQL:104 - 
    update
        Address 
    set
        studentNumber=null,
        addressType=null 
    where
        studentNumber=?
14:18:24,378 DEBUG BaseGeneralDataRegion:59 - Caching[foo.org.hibernate.cache.spi.UpdateTimestampsCache] : [Address] -> [5579091002892288]
14:18:24,378 DEBUG SQL:104 - 
    delete 
    from
        Student_secretCodes 
    where
        studentNumber=?
14:18:24,379 DEBUG BaseGeneralDataRegion:59 - Caching[foo.org.hibernate.cache.spi.UpdateTimestampsCache] : [Student_secretCodes] -> [5579091002896384]
14:18:24,379 DEBUG BaseGeneralDataRegion:59 - Caching[foo.org.hibernate.cache.spi.UpdateTimestampsCache] : [Enrolment] -> [5579091002896385]
14:18:24,379 DEBUG BaseGeneralDataRegion:59 - Caching[foo.org.hibernate.cache.spi.UpdateTimestampsCache] : [Address] -> [5579091002896386]
14:18:24,379 DEBUG SQL:104 - 
    delete 
    from
        Student_secretCodes 
    where
        studentNumber=?
14:18:24,386 DEBUG BaseGeneralDataRegion:59 - Caching[foo.org.hibernate.cache.spi.UpdateTimestampsCache] : [Student_secretCodes] -> [5579091002925056]
14:18:24,387 DEBUG BaseGeneralDataRegion:59 - Caching[foo.org.hibernate.cache.spi.UpdateTimestampsCache] : [CourseMeeting] -> [5579091002929152]
14:18:24,387 DEBUG SQL:104 - 
    delete 
    from
        Enrolment 
    where
        studentId=? 
        and courseCode=?
14:18:24,387 DEBUG BaseGeneralDataRegion:59 - Caching[foo.org.hibernate.cache.spi.UpdateTimestampsCache] : [Enrolment] -> [5579091002929153]
14:18:24,387 DEBUG SQL:104 - 
    delete 
    from
        Address 
    where
        id=?
14:18:24,387 DEBUG BaseGeneralDataRegion:59 - Caching[foo.org.hibernate.cache.spi.UpdateTimestampsCache] : [Address] -> [5579091002929154]
14:18:24,387 DEBUG SQL:104 - 
    delete 
    from
        Address 
    where
        id=?
14:18:24,388 DEBUG BaseGeneralDataRegion:59 - Caching[foo.org.hibernate.cache.spi.UpdateTimestampsCache] : [Address] -> [5579091002933248]
14:18:24,388 DEBUG SQL:104 - 
    delete 
    from
        Student 
    where
        studentId=?
14:18:24,396 DEBUG BaseGeneralDataRegion:59 - Caching[foo.org.hibernate.cache.spi.UpdateTimestampsCache] : [Student] -> [5579091002966016]
14:18:24,396 DEBUG SQL:104 - 
    delete 
    from
        Enrolment 
    where
        studentId=? 
        and courseCode=?
14:18:24,396 DEBUG BaseGeneralDataRegion:59 - Caching[foo.org.hibernate.cache.spi.UpdateTimestampsCache] : [Enrolment] -> [5579091002966017]
14:18:24,396 DEBUG SQL:104 - 
    delete 
    from
        Student 
    where
        studentId=?
14:18:24,396 DEBUG BaseGeneralDataRegion:59 - Caching[foo.org.hibernate.cache.spi.UpdateTimestampsCache] : [Student] -> [5579091002966018]
14:18:24,396 DEBUG SQL:104 - 
    delete 
    from
        CourseMeeting 
    where
        courseCode=? 
        and day=? 
        and period=? 
        and location=?
14:18:24,397 DEBUG BaseGeneralDataRegion:59 - Caching[foo.org.hibernate.cache.spi.UpdateTimestampsCache] : [CourseMeeting] -> [5579091002970112]
14:18:24,397 DEBUG SQL:104 - 
    delete 
    from
        CourseMeeting 
    where
        courseCode=? 
        and day=? 
        and period=? 
        and location=?
14:18:24,405 DEBUG BaseGeneralDataRegion:59 - Caching[foo.org.hibernate.cache.spi.UpdateTimestampsCache] : [CourseMeeting] -> [5579091003002880]
14:18:24,413 DEBUG SQL:104 - 
    delete 
    from
        Course 
    where
        courseCode=?
14:18:24,413 DEBUG BaseGeneralDataRegion:59 - Caching[foo.org.hibernate.cache.spi.UpdateTimestampsCache] : [Course] -> [5579091003035648]
14:18:24,414 DEBUG BaseGeneralDataRegion:59 - Caching[foo.org.hibernate.cache.spi.UpdateTimestampsCache] : [Student] -> [5579090757279744]
14:18:24,414 DEBUG BaseGeneralDataRegion:59 - Caching[foo.org.hibernate.cache.spi.UpdateTimestampsCache] : [Course] -> [5579090757279744]
14:18:24,414 DEBUG BaseGeneralDataRegion:59 - Caching[foo.org.hibernate.cache.spi.UpdateTimestampsCache] : [Enrolment] -> [5579090757279744]
14:18:24,414 DEBUG BaseGeneralDataRegion:59 - Caching[foo.org.hibernate.cache.spi.UpdateTimestampsCache] : [Student_secretCodes] -> [5579090757279744]
14:18:24,414 DEBUG BaseGeneralDataRegion:59 - Caching[foo.org.hibernate.cache.spi.UpdateTimestampsCache] : [Address] -> [5579090757279744]
14:18:24,414 DEBUG BaseGeneralDataRegion:59 - Caching[foo.org.hibernate.cache.spi.UpdateTimestampsCache] : [CourseMeeting] -> [5579090757279744]
14:18:24,415  INFO CustomRunner:139 - Test: testEntityWithJoinedLazyOneToManyMultiAndNullListCriteria
14:18:24,415 DEBUG SQL:104 - 
    select
        coursemeet_.courseCode,
        coursemeet_.day,
        coursemeet_.period,
        coursemeet_.location 
    from
        CourseMeeting coursemeet_ 
    where
        coursemeet_.courseCode=? 
        and coursemeet_.day=? 
        and coursemeet_.period=? 
        and coursemeet_.location=?
14:18:24,416 DEBUG SQL:104 - 
    select
        coursemeet_.courseCode,
        coursemeet_.day,
        coursemeet_.period,
        coursemeet_.location 
    from
        CourseMeeting coursemeet_ 
    where
        coursemeet_.courseCode=? 
        and coursemeet_.day=? 
        and coursemeet_.period=? 
        and coursemeet_.location=?
14:18:24,417 DEBUG SQL:104 - 
    insert 
    into
        Course
        (description, courseCode) 
    values
        (?, ?)
14:18:24,434 DEBUG BaseGeneralDataRegion:59 - Caching[foo.org.hibernate.cache.spi.UpdateTimestampsCache] : [Course] -> [5579091003121664]
14:18:24,434 DEBUG SQL:104 - 
    insert 
    into
        CourseMeeting
        (courseCode, day, period, location) 
    values
        (?, ?, ?, ?)
14:18:24,435 DEBUG BaseGeneralDataRegion:59 - Caching[foo.org.hibernate.cache.spi.UpdateTimestampsCache] : [CourseMeeting] -> [5579091003125760]
14:18:24,436 DEBUG SQL:104 - 
    insert 
    into
        CourseMeeting
        (courseCode, day, period, location) 
    values
        (?, ?, ?, ?)
14:18:24,436 DEBUG BaseGeneralDataRegion:59 - Caching[foo.org.hibernate.cache.spi.UpdateTimestampsCache] : [CourseMeeting] -> [5579091003129856]
14:18:24,436 DEBUG SQL:104 - 
    insert 
    into
        Student
        (name_first, name_middle, name_last, preferredCourseCode, studentId) 
    values
        (?, ?, ?, ?, ?)
14:18:24,436 DEBUG BaseGeneralDataRegion:59 - Caching[foo.org.hibernate.cache.spi.UpdateTimestampsCache] : [Student] -> [5579091003129857]
14:18:24,436 DEBUG SQL:104 - 
    insert 
    into
        Address
        (addressType, street, city, stateProvince, postalCode, country, studentNumber, id) 
    values
        (?, ?, ?, ?, ?, ?, ?, ?)
14:18:24,439 DEBUG BaseGeneralDataRegion:59 - Caching[foo.org.hibernate.cache.spi.UpdateTimestampsCache] : [Address] -> [5579091003142144]
14:18:24,439 DEBUG SQL:104 - 
    insert 
    into
        Address
        (addressType, street, city, stateProvince, postalCode, country, studentNumber, id) 
    values
        (?, ?, ?, ?, ?, ?, ?, ?)
14:18:24,440 DEBUG BaseGeneralDataRegion:59 - Caching[foo.org.hibernate.cache.spi.UpdateTimestampsCache] : [Address] -> [5579091003146240]
14:18:24,440 DEBUG SQL:104 - 
    insert 
    into
        Student
        (name_first, name_middle, name_last, preferredCourseCode, studentId) 
    values
        (?, ?, ?, ?, ?)
14:18:24,440 DEBUG BaseGeneralDataRegion:59 - Caching[foo.org.hibernate.cache.spi.UpdateTimestampsCache] : [Student] -> [5579091003146241]
14:18:24,440 DEBUG SQL:104 - 
    insert 
    into
        Enrolment
        (semester, "year", studentId, courseCode) 
    values
        (?, ?, ?, ?)
14:18:24,440 DEBUG BaseGeneralDataRegion:59 - Caching[foo.org.hibernate.cache.spi.UpdateTimestampsCache] : [Enrolment] -> [5579091003146242]
14:18:24,440 DEBUG SQL:104 - 
    insert 
    into
        Enrolment
        (semester, "year", studentId, courseCode) 
    values
        (?, ?, ?, ?)
14:18:24,441 DEBUG BaseGeneralDataRegion:59 - Caching[foo.org.hibernate.cache.spi.UpdateTimestampsCache] : [Enrolment] -> [5579091003150336]
14:18:24,441 DEBUG BaseGeneralDataRegion:59 - Caching[foo.org.hibernate.cache.spi.UpdateTimestampsCache] : [CourseMeeting] -> [5579091003150337]
14:18:24,441 DEBUG BaseGeneralDataRegion:59 - Caching[foo.org.hibernate.cache.spi.UpdateTimestampsCache] : [Enrolment] -> [5579091003150338]
14:18:24,441 DEBUG SQL:104 - 
    update
        Address 
    set
        studentNumber=?,
        addressType=? 
    where
        id=?
14:18:24,441 DEBUG SQL:104 - 
    update
        Address 
    set
        studentNumber=?,
        addressType=? 
    where
        id=?
14:18:24,441 DEBUG BaseGeneralDataRegion:59 - Caching[foo.org.hibernate.cache.spi.UpdateTimestampsCache] : [Address] -> [5579091003150339]
14:18:24,441 DEBUG SQL:104 - 
    insert 
    into
        Student_secretCodes
        (studentNumber, i, secretCode) 
    values
        (?, ?, ?)
14:18:24,453 DEBUG BaseGeneralDataRegion:59 - Caching[foo.org.hibernate.cache.spi.UpdateTimestampsCache] : [Student_secretCodes] -> [5579091003199488]
14:18:24,453 DEBUG BaseGeneralDataRegion:59 - Caching[foo.org.hibernate.cache.spi.UpdateTimestampsCache] : [Enrolment] -> [5579091003199489]
14:18:24,453 DEBUG BaseGeneralDataRegion:59 - Caching[foo.org.hibernate.cache.spi.UpdateTimestampsCache] : [Address] -> [5579091003199490]
14:18:24,453 DEBUG SQL:104 - 
    insert 
    into
        Student_secretCodes
        (studentNumber, i, secretCode) 
    values
        (?, ?, ?)
14:18:24,454 DEBUG SQL:104 - 
    insert 
    into
        Student_secretCodes
        (studentNumber, i, secretCode) 
    values
        (?, ?, ?)
14:18:24,454 DEBUG BaseGeneralDataRegion:59 - Caching[foo.org.hibernate.cache.spi.UpdateTimestampsCache] : [Student_secretCodes] -> [5579091003203584]
14:18:24,454 DEBUG BaseGeneralDataRegion:59 - Caching[foo.org.hibernate.cache.spi.UpdateTimestampsCache] : [Student] -> [5579090757443585]
14:18:24,454 DEBUG BaseGeneralDataRegion:59 - Caching[foo.org.hibernate.cache.spi.UpdateTimestampsCache] : [Course] -> [5579090757443585]
14:18:24,454 DEBUG BaseGeneralDataRegion:59 - Caching[foo.org.hibernate.cache.spi.UpdateTimestampsCache] : [Enrolment] -> [5579090757443585]
14:18:24,454 DEBUG BaseGeneralDataRegion:59 - Caching[foo.org.hibernate.cache.spi.UpdateTimestampsCache] : [Student_secretCodes] -> [5579090757443585]
14:18:24,454 DEBUG BaseGeneralDataRegion:59 - Caching[foo.org.hibernate.cache.spi.UpdateTimestampsCache] : [Address] -> [5579090757443585]
14:18:24,454 DEBUG BaseGeneralDataRegion:59 - Caching[foo.org.hibernate.cache.spi.UpdateTimestampsCache] : [CourseMeeting] -> [5579090757443585]
14:18:24,455 DEBUG SQL:104 - 
    select
        student_.studentId,
        student_.name_first as name2_4_,
        student_.name_middle as name3_4_,
        student_.name_last as name4_4_,
        student_.preferredCourseCode as preferre5_4_ 
    from
        Student student_ 
    where
        student_.studentId=?
14:18:24,464 DEBUG SQL:104 - 
    select
        enrolment_.studentId,
        enrolment_.courseCode,
        enrolment_.semester as semester3_,
        enrolment_."year" as year4_3_ 
    from
        Enrolment enrolment_ 
    where
        enrolment_.studentId=? 
        and enrolment_.courseCode=?
14:18:24,465 DEBUG SQL:104 - 
    select
        course_.courseCode,
        course_.description as descript2_1_ 
    from
        Course course_ 
    where
        course_.courseCode=?
14:18:24,465 DEBUG SQL:104 - 
    select
        student_.studentId,
        student_.name_first as name2_4_,
        student_.name_middle as name3_4_,
        student_.name_last as name4_4_,
        student_.preferredCourseCode as preferre5_4_ 
    from
        Student student_ 
    where
        student_.studentId=?
14:18:24,465 DEBUG SQL:104 - 
    select
        enrolment_.studentId,
        enrolment_.courseCode,
        enrolment_.semester as semester3_,
        enrolment_."year" as year4_3_ 
    from
        Enrolment enrolment_ 
    where
        enrolment_.studentId=? 
        and enrolment_.courseCode=?
14:18:24,487 DEBUG SQL:104 - 
    select
        coursemeet_.courseCode,
        coursemeet_.day,
        coursemeet_.period,
        coursemeet_.location 
    from
        CourseMeeting coursemeet_ 
    where
        coursemeet_.courseCode=? 
        and coursemeet_.day=? 
        and coursemeet_.period=? 
        and coursemeet_.location=?
14:18:24,487 DEBUG SQL:104 - 
    select
        coursemeet_.courseCode,
        coursemeet_.day,
        coursemeet_.period,
        coursemeet_.location 
    from
        CourseMeeting coursemeet_ 
    where
        coursemeet_.courseCode=? 
        and coursemeet_.day=? 
        and coursemeet_.period=? 
        and coursemeet_.location=?
14:18:24,488 DEBUG BaseGeneralDataRegion:59 - Caching[foo.org.hibernate.cache.spi.UpdateTimestampsCache] : [Enrolment] -> [5579091003342848]
14:18:24,488 DEBUG SQL:104 - 
    update
        Address 
    set
        studentNumber=null,
        addressType=null 
    where
        studentNumber=?
14:18:24,498 DEBUG BaseGeneralDataRegion:59 - Caching[foo.org.hibernate.cache.spi.UpdateTimestampsCache] : [Address] -> [5579091003383808]
14:18:24,498 DEBUG SQL:104 - 
    delete 
    from
        Student_secretCodes 
    where
        studentNumber=?
14:18:24,499 DEBUG BaseGeneralDataRegion:59 - Caching[foo.org.hibernate.cache.spi.UpdateTimestampsCache] : [Student_secretCodes] -> [5579091003387904]
14:18:24,499 DEBUG BaseGeneralDataRegion:59 - Caching[foo.org.hibernate.cache.spi.UpdateTimestampsCache] : [Enrolment] -> [5579091003387905]
14:18:24,499 DEBUG BaseGeneralDataRegion:59 - Caching[foo.org.hibernate.cache.spi.UpdateTimestampsCache] : [Address] -> [5579091003387906]
14:18:24,499 DEBUG SQL:104 - 
    delete 
    from
        Student_secretCodes 
    where
        studentNumber=?
14:18:24,499 DEBUG BaseGeneralDataRegion:59 - Caching[foo.org.hibernate.cache.spi.UpdateTimestampsCache] : [Student_secretCodes] -> [5579091003387907]
14:18:24,500 DEBUG BaseGeneralDataRegion:59 - Caching[foo.org.hibernate.cache.spi.UpdateTimestampsCache] : [CourseMeeting] -> [5579091003392000]
14:18:24,500 DEBUG SQL:104 - 
    delete 
    from
        Enrolment 
    where
        studentId=? 
        and courseCode=?
14:18:24,508 DEBUG BaseGeneralDataRegion:59 - Caching[foo.org.hibernate.cache.spi.UpdateTimestampsCache] : [Enrolment] -> [5579091003424768]
14:18:24,509 DEBUG SQL:104 - 
    delete 
    from
        Address 
    where
        id=?
14:18:24,509 DEBUG BaseGeneralDataRegion:59 - Caching[foo.org.hibernate.cache.spi.UpdateTimestampsCache] : [Address] -> [5579091003428864]
14:18:24,509 DEBUG SQL:104 - 
    delete 
    from
        Address 
    where
        id=?
14:18:24,510 DEBUG BaseGeneralDataRegion:59 - Caching[foo.org.hibernate.cache.spi.UpdateTimestampsCache] : [Address] -> [5579091003432960]
14:18:24,510 DEBUG SQL:104 - 
    delete 
    from
        Student 
    where
        studentId=?
14:18:24,510 DEBUG BaseGeneralDataRegion:59 - Caching[foo.org.hibernate.cache.spi.UpdateTimestampsCache] : [Student] -> [5579091003432961]
14:18:24,510 DEBUG SQL:104 - 
    delete 
    from
        Enrolment 
    where
        studentId=? 
        and courseCode=?
14:18:24,519 DEBUG BaseGeneralDataRegion:59 - Caching[foo.org.hibernate.cache.spi.UpdateTimestampsCache] : [Enrolment] -> [5579091003469824]
14:18:24,519 DEBUG SQL:104 - 
    delete 
    from
        Student 
    where
        studentId=?
14:18:24,519 DEBUG BaseGeneralDataRegion:59 - Caching[foo.org.hibernate.cache.spi.UpdateTimestampsCache] : [Student] -> [5579091003469825]
14:18:24,519 DEBUG SQL:104 - 
    delete 
    from
        CourseMeeting 
    where
        courseCode=? 
        and day=? 
        and period=? 
        and location=?
14:18:24,520 DEBUG BaseGeneralDataRegion:59 - Caching[foo.org.hibernate.cache.spi.UpdateTimestampsCache] : [CourseMeeting] -> [5579091003473920]
14:18:24,520 DEBUG SQL:104 - 
    delete 
    from
        CourseMeeting 
    where
        courseCode=? 
        and day=? 
        and period=? 
        and location=?
14:18:24,520 DEBUG BaseGeneralDataRegion:59 - Caching[foo.org.hibernate.cache.spi.UpdateTimestampsCache] : [CourseMeeting] -> [5579091003473921]
14:18:24,520 DEBUG SQL:104 - 
    delete 
    from
        Course 
    where
        courseCode=?
14:18:24,520 DEBUG BaseGeneralDataRegion:59 - Caching[foo.org.hibernate.cache.spi.UpdateTimestampsCache] : [Course] -> [5579091003473922]
14:18:24,520 DEBUG BaseGeneralDataRegion:59 - Caching[foo.org.hibernate.cache.spi.UpdateTimestampsCache] : [Student] -> [5579090757713923]
14:18:24,521 DEBUG BaseGeneralDataRegion:59 - Caching[foo.org.hibernate.cache.spi.UpdateTimestampsCache] : [Course] -> [5579090757713923]
14:18:24,521 DEBUG BaseGeneralDataRegion:59 - Caching[foo.org.hibernate.cache.spi.UpdateTimestampsCache] : [Enrolment] -> [5579090757713923]
14:18:24,521 DEBUG BaseGeneralDataRegion:59 - Caching[foo.org.hibernate.cache.spi.UpdateTimestampsCache] : [Student_secretCodes] -> [5579090757713923]
14:18:24,521 DEBUG BaseGeneralDataRegion:59 - Caching[foo.org.hibernate.cache.spi.UpdateTimestampsCache] : [Address] -> [5579090757713923]
14:18:24,521 DEBUG BaseGeneralDataRegion:59 - Caching[foo.org.hibernate.cache.spi.UpdateTimestampsCache] : [CourseMeeting] -> [5579090757713923]
14:18:24,521 DEBUG SQL:104 - 
    select
        coursemeet_.courseCode,
        coursemeet_.day,
        coursemeet_.period,
        coursemeet_.location 
    from
        CourseMeeting coursemeet_ 
    where
        coursemeet_.courseCode=? 
        and coursemeet_.day=? 
        and coursemeet_.period=? 
        and coursemeet_.location=?
14:18:24,522 DEBUG SQL:104 - 
    select
        coursemeet_.courseCode,
        coursemeet_.day,
        coursemeet_.period,
        coursemeet_.location 
    from
        CourseMeeting coursemeet_ 
    where
        coursemeet_.courseCode=? 
        and coursemeet_.day=? 
        and coursemeet_.period=? 
        and coursemeet_.location=?
14:18:24,522 DEBUG SQL:104 - 
    insert 
    into
        Course
        (description, courseCode) 
    values
        (?, ?)
14:18:24,547 DEBUG BaseGeneralDataRegion:59 - Caching[foo.org.hibernate.cache.spi.UpdateTimestampsCache] : [Course] -> [5579091003584512]
14:18:24,547 DEBUG SQL:104 - 
    insert 
    into
        CourseMeeting
        (courseCode, day, period, location) 
    values
        (?, ?, ?, ?)
14:18:24,547 DEBUG BaseGeneralDataRegion:59 - Caching[foo.org.hibernate.cache.spi.UpdateTimestampsCache] : [CourseMeeting] -> [5579091003584513]
14:18:24,548 DEBUG SQL:104 - 
    insert 
    into
        CourseMeeting
        (courseCode, day, period, location) 
    values
        (?, ?, ?, ?)
14:18:24,548 DEBUG BaseGeneralDataRegion:59 - Caching[foo.org.hibernate.cache.spi.UpdateTimestampsCache] : [CourseMeeting] -> [5579091003588608]
14:18:24,548 DEBUG SQL:104 - 
    insert 
    into
        Student
        (name_first, name_middle, name_last, preferredCourseCode, studentId) 
    values
        (?, ?, ?, ?, ?)
14:18:24,548 DEBUG BaseGeneralDataRegion:59 - Caching[foo.org.hibernate.cache.spi.UpdateTimestampsCache] : [Student] -> [5579091003588609]
14:18:24,548 DEBUG SQL:104 - 
    insert 
    into
        Address
        (addressType, street, city, stateProvince, postalCode, country, studentNumber, id) 
    values
        (?, ?, ?, ?, ?, ?, ?, ?)
14:18:24,559 DEBUG BaseGeneralDataRegion:59 - Caching[foo.org.hibernate.cache.spi.UpdateTimestampsCache] : [Address] -> [5579091003633664]
14:18:24,559 DEBUG SQL:104 - 
    insert 
    into
        Address
        (addressType, street, city, stateProvince, postalCode, country, studentNumber, id) 
    values
        (?, ?, ?, ?, ?, ?, ?, ?)
14:18:24,559 DEBUG BaseGeneralDataRegion:59 - Caching[foo.org.hibernate.cache.spi.UpdateTimestampsCache] : [Address] -> [5579091003633665]
14:18:24,559 DEBUG SQL:104 - 
    insert 
    into
        Student
        (name_first, name_middle, name_last, preferredCourseCode, studentId) 
    values
        (?, ?, ?, ?, ?)
14:18:24,559 DEBUG BaseGeneralDataRegion:59 - Caching[foo.org.hibernate.cache.spi.UpdateTimestampsCache] : [Student] -> [5579091003633666]
14:18:24,560 DEBUG SQL:104 - 
    insert 
    into
        Enrolment
        (semester, "year", studentId, courseCode) 
    values
        (?, ?, ?, ?)
14:18:24,560 DEBUG BaseGeneralDataRegion:59 - Caching[foo.org.hibernate.cache.spi.UpdateTimestampsCache] : [Enrolment] -> [5579091003637760]
14:18:24,560 DEBUG SQL:104 - 
    insert 
    into
        Enrolment
        (semester, "year", studentId, courseCode) 
    values
        (?, ?, ?, ?)
14:18:24,570 DEBUG BaseGeneralDataRegion:59 - Caching[foo.org.hibernate.cache.spi.UpdateTimestampsCache] : [Enrolment] -> [5579091003678720]
14:18:24,570 DEBUG BaseGeneralDataRegion:59 - Caching[foo.org.hibernate.cache.spi.UpdateTimestampsCache] : [CourseMeeting] -> [5579091003678721]
14:18:24,570 DEBUG BaseGeneralDataRegion:59 - Caching[foo.org.hibernate.cache.spi.UpdateTimestampsCache] : [Enrolment] -> [5579091003678722]
14:18:24,571 DEBUG SQL:104 - 
    update
        Address 
    set
        studentNumber=?,
        addressType=? 
    where
        id=?
14:18:24,571 DEBUG SQL:104 - 
    update
        Address 
    set
        studentNumber=?,
        addressType=? 
    where
        id=?
14:18:24,572 DEBUG BaseGeneralDataRegion:59 - Caching[foo.org.hibernate.cache.spi.UpdateTimestampsCache] : [Address] -> [5579091003686912]
14:18:24,572 DEBUG SQL:104 - 
    insert 
    into
        Student_secretCodes
        (studentNumber, i, secretCode) 
    values
        (?, ?, ?)
14:18:24,572 DEBUG BaseGeneralDataRegion:59 - Caching[foo.org.hibernate.cache.spi.UpdateTimestampsCache] : [Student_secretCodes] -> [5579091003686913]
14:18:24,573 DEBUG BaseGeneralDataRegion:59 - Caching[foo.org.hibernate.cache.spi.UpdateTimestampsCache] : [Enrolment] -> [5579091003691008]
14:18:24,573 DEBUG BaseGeneralDataRegion:59 - Caching[foo.org.hibernate.cache.spi.UpdateTimestampsCache] : [Address] -> [5579091003691009]
14:18:24,573 DEBUG SQL:104 - 
    insert 
    into
        Student_secretCodes
        (studentNumber, i, secretCode) 
    values
        (?, ?, ?)
14:18:24,573 DEBUG SQL:104 - 
    insert 
    into
        Student_secretCodes
        (studentNumber, i, secretCode) 
    values
        (?, ?, ?)
14:18:24,574 DEBUG BaseGeneralDataRegion:59 - Caching[foo.org.hibernate.cache.spi.UpdateTimestampsCache] : [Student_secretCodes] -> [5579091003695104]
14:18:24,574 DEBUG BaseGeneralDataRegion:59 - Caching[foo.org.hibernate.cache.spi.UpdateTimestampsCache] : [Student] -> [5579090757935105]
14:18:24,574 DEBUG BaseGeneralDataRegion:59 - Caching[foo.org.hibernate.cache.spi.UpdateTimestampsCache] : [Course] -> [5579090757935105]
14:18:24,574 DEBUG BaseGeneralDataRegion:59 - Caching[foo.org.hibernate.cache.spi.UpdateTimestampsCache] : [Enrolment] -> [5579090757935105]
14:18:24,575 DEBUG BaseGeneralDataRegion:59 - Caching[foo.org.hibernate.cache.spi.UpdateTimestampsCache] : [Student_secretCodes] -> [5579090757935105]
14:18:24,575 DEBUG BaseGeneralDataRegion:59 - Caching[foo.org.hibernate.cache.spi.UpdateTimestampsCache] : [Address] -> [5579090757935105]
14:18:24,575 DEBUG BaseGeneralDataRegion:59 - Caching[foo.org.hibernate.cache.spi.UpdateTimestampsCache] : [CourseMeeting] -> [5579090757935105]
14:18:24,575 DEBUG SQL:104 - 
    select
        student_.studentId,
        student_.name_first as name2_4_,
        student_.name_middle as name3_4_,
        student_.name_last as name4_4_,
        student_.preferredCourseCode as preferre5_4_ 
    from
        Student student_ 
    where
        student_.studentId=?
14:18:24,584 DEBUG SQL:104 - 
    select
        enrolment_.studentId,
        enrolment_.courseCode,
        enrolment_.semester as semester3_,
        enrolment_."year" as year4_3_ 
    from
        Enrolment enrolment_ 
    where
        enrolment_.studentId=? 
        and enrolment_.courseCode=?
14:18:24,585 DEBUG SQL:104 - 
    select
        course_.courseCode,
        course_.description as descript2_1_ 
    from
        Course course_ 
    where
        course_.courseCode=?
14:18:24,585 DEBUG SQL:104 - 
    select
        student_.studentId,
        student_.name_first as name2_4_,
        student_.name_middle as name3_4_,
        student_.name_last as name4_4_,
        student_.preferredCourseCode as preferre5_4_ 
    from
        Student student_ 
    where
        student_.studentId=?
14:18:24,600 DEBUG SQL:104 - 
    select
        enrolment_.studentId,
        enrolment_.courseCode,
        enrolment_.semester as semester3_,
        enrolment_."year" as year4_3_ 
    from
        Enrolment enrolment_ 
    where
        enrolment_.studentId=? 
        and enrolment_.courseCode=?
14:18:24,601 DEBUG SQL:104 - 
    select
        coursemeet_.courseCode,
        coursemeet_.day,
        coursemeet_.period,
        coursemeet_.location 
    from
        CourseMeeting coursemeet_ 
    where
        coursemeet_.courseCode=? 
        and coursemeet_.day=? 
        and coursemeet_.period=? 
        and coursemeet_.location=?
14:18:24,601 DEBUG SQL:104 - 
    select
        coursemeet_.courseCode,
        coursemeet_.day,
        coursemeet_.period,
        coursemeet_.location 
    from
        CourseMeeting coursemeet_ 
    where
        coursemeet_.courseCode=? 
        and coursemeet_.day=? 
        and coursemeet_.period=? 
        and coursemeet_.location=?
14:18:24,629 DEBUG BaseGeneralDataRegion:59 - Caching[foo.org.hibernate.cache.spi.UpdateTimestampsCache] : [Enrolment] -> [5579091003920384]
14:18:24,630 DEBUG SQL:104 - 
    update
        Address 
    set
        studentNumber=null,
        addressType=null 
    where
        studentNumber=?
14:18:24,630 DEBUG BaseGeneralDataRegion:59 - Caching[foo.org.hibernate.cache.spi.UpdateTimestampsCache] : [Address] -> [5579091003924480]
14:18:24,630 DEBUG SQL:104 - 
    delete 
    from
        Student_secretCodes 
    where
        studentNumber=?
14:18:24,630 DEBUG BaseGeneralDataRegion:59 - Caching[foo.org.hibernate.cache.spi.UpdateTimestampsCache] : [Student_secretCodes] -> [5579091003924481]
14:18:24,630 DEBUG BaseGeneralDataRegion:59 - Caching[foo.org.hibernate.cache.spi.UpdateTimestampsCache] : [Enrolment] -> [5579091003924482]
14:18:24,631 DEBUG BaseGeneralDataRegion:59 - Caching[foo.org.hibernate.cache.spi.UpdateTimestampsCache] : [Address] -> [5579091003928576]
14:18:24,631 DEBUG SQL:104 - 
    delete 
    from
        Student_secretCodes 
    where
        studentNumber=?
14:18:24,631 DEBUG BaseGeneralDataRegion:59 - Caching[foo.org.hibernate.cache.spi.UpdateTimestampsCache] : [Student_secretCodes] -> [5579091003928577]
14:18:24,631 DEBUG BaseGeneralDataRegion:59 - Caching[foo.org.hibernate.cache.spi.UpdateTimestampsCache] : [CourseMeeting] -> [5579091003928578]
14:18:24,638 DEBUG SQL:104 - 
    delete 
    from
        Enrolment 
    where
        studentId=? 
        and courseCode=?
14:18:24,639 DEBUG BaseGeneralDataRegion:59 - Caching[foo.org.hibernate.cache.spi.UpdateTimestampsCache] : [Enrolment] -> [5579091003961344]
14:18:24,639 DEBUG SQL:104 - 
    delete 
    from
        Address 
    where
        id=?
14:18:24,639 DEBUG BaseGeneralDataRegion:59 - Caching[foo.org.hibernate.cache.spi.UpdateTimestampsCache] : [Address] -> [5579091003961345]
14:18:24,639 DEBUG SQL:104 - 
    delete 
    from
        Address 
    where
        id=?
14:18:24,639 DEBUG BaseGeneralDataRegion:59 - Caching[foo.org.hibernate.cache.spi.UpdateTimestampsCache] : [Address] -> [5579091003961346]
14:18:24,639 DEBUG SQL:104 - 
    delete 
    from
        Student 
    where
        studentId=?
14:18:24,640 DEBUG BaseGeneralDataRegion:59 - Caching[foo.org.hibernate.cache.spi.UpdateTimestampsCache] : [Student] -> [5579091003965440]
14:18:24,640 DEBUG SQL:104 - 
    delete 
    from
        Enrolment 
    where
        studentId=? 
        and courseCode=?
14:18:24,648 DEBUG BaseGeneralDataRegion:59 - Caching[foo.org.hibernate.cache.spi.UpdateTimestampsCache] : [Enrolment] -> [5579091003998208]
14:18:24,649 DEBUG SQL:104 - 
    delete 
    from
        Student 
    where
        studentId=?
14:18:24,649 DEBUG BaseGeneralDataRegion:59 - Caching[foo.org.hibernate.cache.spi.UpdateTimestampsCache] : [Student] -> [5579091004002304]
14:18:24,649 DEBUG SQL:104 - 
    delete 
    from
        CourseMeeting 
    where
        courseCode=? 
        and day=? 
        and period=? 
        and location=?
14:18:24,649 DEBUG BaseGeneralDataRegion:59 - Caching[foo.org.hibernate.cache.spi.UpdateTimestampsCache] : [CourseMeeting] -> [5579091004002305]
14:18:24,649 DEBUG SQL:104 - 
    delete 
    from
        CourseMeeting 
    where
        courseCode=? 
        and day=? 
        and period=? 
        and location=?
14:18:24,659 DEBUG BaseGeneralDataRegion:59 - Caching[foo.org.hibernate.cache.spi.UpdateTimestampsCache] : [CourseMeeting] -> [5579091004043264]
14:18:24,659 DEBUG SQL:104 - 
    delete 
    from
        Course 
    where
        courseCode=?
14:18:24,659 DEBUG BaseGeneralDataRegion:59 - Caching[foo.org.hibernate.cache.spi.UpdateTimestampsCache] : [Course] -> [5579091004043265]
14:18:24,659 DEBUG BaseGeneralDataRegion:59 - Caching[foo.org.hibernate.cache.spi.UpdateTimestampsCache] : [Student] -> [5579090758283266]
14:18:24,659 DEBUG BaseGeneralDataRegion:59 - Caching[foo.org.hibernate.cache.spi.UpdateTimestampsCache] : [Course] -> [5579090758283266]
14:18:24,660 DEBUG BaseGeneralDataRegion:59 - Caching[foo.org.hibernate.cache.spi.UpdateTimestampsCache] : [Enrolment] -> [5579090758283266]
14:18:24,660 DEBUG BaseGeneralDataRegion:59 - Caching[foo.org.hibernate.cache.spi.UpdateTimestampsCache] : [Student_secretCodes] -> [5579090758283266]
14:18:24,660 DEBUG BaseGeneralDataRegion:59 - Caching[foo.org.hibernate.cache.spi.UpdateTimestampsCache] : [Address] -> [5579090758283266]
14:18:24,660 DEBUG BaseGeneralDataRegion:59 - Caching[foo.org.hibernate.cache.spi.UpdateTimestampsCache] : [CourseMeeting] -> [5579090758283266]
14:18:24,660 DEBUG SQL:104 - 
    select
        coursemeet_.courseCode,
        coursemeet_.day,
        coursemeet_.period,
        coursemeet_.location 
    from
        CourseMeeting coursemeet_ 
    where
        coursemeet_.courseCode=? 
        and coursemeet_.day=? 
        and coursemeet_.period=? 
        and coursemeet_.location=?
14:18:24,661 DEBUG SQL:104 - 
    select
        coursemeet_.courseCode,
        coursemeet_.day,
        coursemeet_.period,
        coursemeet_.location 
    from
        CourseMeeting coursemeet_ 
    where
        coursemeet_.courseCode=? 
        and coursemeet_.day=? 
        and coursemeet_.period=? 
        and coursemeet_.location=?
14:18:24,670 DEBUG SQL:104 - 
    insert 
    into
        Course
        (description, courseCode) 
    values
        (?, ?)
14:18:24,671 DEBUG BaseGeneralDataRegion:59 - Caching[foo.org.hibernate.cache.spi.UpdateTimestampsCache] : [Course] -> [5579091004092416]
14:18:24,671 DEBUG SQL:104 - 
    insert 
    into
        CourseMeeting
        (courseCode, day, period, location) 
    values
        (?, ?, ?, ?)
14:18:24,671 DEBUG BaseGeneralDataRegion:59 - Caching[foo.org.hibernate.cache.spi.UpdateTimestampsCache] : [CourseMeeting] -> [5579091004092417]
14:18:24,671 DEBUG SQL:104 - 
    insert 
    into
        CourseMeeting
        (courseCode, day, period, location) 
    values
        (?, ?, ?, ?)
14:18:24,680 DEBUG BaseGeneralDataRegion:59 - Caching[foo.org.hibernate.cache.spi.UpdateTimestampsCache] : [CourseMeeting] -> [5579091004129280]
14:18:24,680 DEBUG SQL:104 - 
    insert 
    into
        Student
        (name_first, name_middle, name_last, preferredCourseCode, studentId) 
    values
        (?, ?, ?, ?, ?)
14:18:24,681 DEBUG BaseGeneralDataRegion:59 - Caching[foo.org.hibernate.cache.spi.UpdateTimestampsCache] : [Student] -> [5579091004133376]
14:18:24,681 DEBUG SQL:104 - 
    insert 
    into
        Address
        (addressType, street, city, stateProvince, postalCode, country, studentNumber, id) 
    values
        (?, ?, ?, ?, ?, ?, ?, ?)
14:18:24,681 DEBUG BaseGeneralDataRegion:59 - Caching[foo.org.hibernate.cache.spi.UpdateTimestampsCache] : [Address] -> [5579091004133377]
14:18:24,681 DEBUG SQL:104 - 
    insert 
    into
        Address
        (addressType, street, city, stateProvince, postalCode, country, studentNumber, id) 
    values
        (?, ?, ?, ?, ?, ?, ?, ?)
14:18:24,681 DEBUG BaseGeneralDataRegion:59 - Caching[foo.org.hibernate.cache.spi.UpdateTimestampsCache] : [Address] -> [5579091004133378]
14:18:24,691 DEBUG SQL:104 - 
    insert 
    into
        Student
        (name_first, name_middle, name_last, preferredCourseCode, studentId) 
    values
        (?, ?, ?, ?, ?)
14:18:24,692 DEBUG BaseGeneralDataRegion:59 - Caching[foo.org.hibernate.cache.spi.UpdateTimestampsCache] : [Student] -> [5579091004178432]
14:18:24,692 DEBUG SQL:104 - 
    insert 
    into
        Enrolment
        (semester, "year", studentId, courseCode) 
    values
        (?, ?, ?, ?)
14:18:24,692 DEBUG BaseGeneralDataRegion:59 - Caching[foo.org.hibernate.cache.spi.UpdateTimestampsCache] : [Enrolment] -> [5579091004178433]
14:18:24,692 DEBUG SQL:104 - 
    insert 
    into
        Enrolment
        (semester, "year", studentId, courseCode) 
    values
        (?, ?, ?, ?)
14:18:24,692 DEBUG BaseGeneralDataRegion:59 - Caching[foo.org.hibernate.cache.spi.UpdateTimestampsCache] : [Enrolment] -> [5579091004178434]
14:18:24,693 DEBUG BaseGeneralDataRegion:59 - Caching[foo.org.hibernate.cache.spi.UpdateTimestampsCache] : [CourseMeeting] -> [5579091004182528]
14:18:24,693 DEBUG BaseGeneralDataRegion:59 - Caching[foo.org.hibernate.cache.spi.UpdateTimestampsCache] : [Enrolment] -> [5579091004182529]
14:18:24,693 DEBUG SQL:104 - 
    update
        Address 
    set
        studentNumber=?,
        addressType=? 
    where
        id=?
14:18:24,693 DEBUG SQL:104 - 
    update
        Address 
    set
        studentNumber=?,
        addressType=? 
    where
        id=?
14:18:24,693 DEBUG BaseGeneralDataRegion:59 - Caching[foo.org.hibernate.cache.spi.UpdateTimestampsCache] : [Address] -> [5579091004182530]
14:18:24,694 DEBUG SQL:104 - 
    insert 
    into
        Student_secretCodes
        (studentNumber, i, secretCode) 
    values
        (?, ?, ?)
14:18:24,694 DEBUG BaseGeneralDataRegion:59 - Caching[foo.org.hibernate.cache.spi.UpdateTimestampsCache] : [Student_secretCodes] -> [5579091004186624]
14:18:24,694 DEBUG BaseGeneralDataRegion:59 - Caching[foo.org.hibernate.cache.spi.UpdateTimestampsCache] : [Enrolment] -> [5579091004186625]
14:18:24,694 DEBUG BaseGeneralDataRegion:59 - Caching[foo.org.hibernate.cache.spi.UpdateTimestampsCache] : [Address] -> [5579091004186626]
14:18:24,694 DEBUG SQL:104 - 
    insert 
    into
        Student_secretCodes
        (studentNumber, i, secretCode) 
    values
        (?, ?, ?)
14:18:24,706 DEBUG SQL:104 - 
    insert 
    into
        Student_secretCodes
        (studentNumber, i, secretCode) 
    values
        (?, ?, ?)
14:18:24,707 DEBUG BaseGeneralDataRegion:59 - Caching[foo.org.hibernate.cache.spi.UpdateTimestampsCache] : [Student_secretCodes] -> [5579091004239872]
14:18:24,707 DEBUG BaseGeneralDataRegion:59 - Caching[foo.org.hibernate.cache.spi.UpdateTimestampsCache] : [Student] -> [5579090758479873]
14:18:24,707 DEBUG BaseGeneralDataRegion:59 - Caching[foo.org.hibernate.cache.spi.UpdateTimestampsCache] : [Course] -> [5579090758479873]
14:18:24,707 DEBUG BaseGeneralDataRegion:59 - Caching[foo.org.hibernate.cache.spi.UpdateTimestampsCache] : [Enrolment] -> [5579090758479873]
14:18:24,707 DEBUG BaseGeneralDataRegion:59 - Caching[foo.org.hibernate.cache.spi.UpdateTimestampsCache] : [Student_secretCodes] -> [5579090758479873]
14:18:24,707 DEBUG BaseGeneralDataRegion:59 - Caching[foo.org.hibernate.cache.spi.UpdateTimestampsCache] : [Address] -> [5579090758479873]
14:18:24,707 DEBUG BaseGeneralDataRegion:59 - Caching[foo.org.hibernate.cache.spi.UpdateTimestampsCache] : [CourseMeeting] -> [5579090758479873]
14:18:24,708 DEBUG SQL:104 - 
    select
        student_.studentId,
        student_.name_first as name2_4_,
        student_.name_middle as name3_4_,
        student_.name_last as name4_4_,
        student_.preferredCourseCode as preferre5_4_ 
    from
        Student student_ 
    where
        student_.studentId=?
14:18:24,708 DEBUG SQL:104 - 
    select
        enrolment_.studentId,
        enrolment_.courseCode,
        enrolment_.semester as semester3_,
        enrolment_."year" as year4_3_ 
    from
        Enrolment enrolment_ 
    where
        enrolment_.studentId=? 
        and enrolment_.courseCode=?
14:18:24,718 DEBUG SQL:104 - 
    select
        course_.courseCode,
        course_.description as descript2_1_ 
    from
        Course course_ 
    where
        course_.courseCode=?
14:18:24,718 DEBUG SQL:104 - 
    select
        student_.studentId,
        student_.name_first as name2_4_,
        student_.name_middle as name3_4_,
        student_.name_last as name4_4_,
        student_.preferredCourseCode as preferre5_4_ 
    from
        Student student_ 
    where
        student_.studentId=?
14:18:24,719 DEBUG SQL:104 - 
    select
        enrolment_.studentId,
        enrolment_.courseCode,
        enrolment_.semester as semester3_,
        enrolment_."year" as year4_3_ 
    from
        Enrolment enrolment_ 
    where
        enrolment_.studentId=? 
        and enrolment_.courseCode=?
14:18:24,719 DEBUG SQL:104 - 
    select
        coursemeet_.courseCode,
        coursemeet_.day,
        coursemeet_.period,
        coursemeet_.location 
    from
        CourseMeeting coursemeet_ 
    where
        coursemeet_.courseCode=? 
        and coursemeet_.day=? 
        and coursemeet_.period=? 
        and coursemeet_.location=?
14:18:24,740 DEBUG SQL:104 - 
    select
        coursemeet_.courseCode,
        coursemeet_.day,
        coursemeet_.period,
        coursemeet_.location 
    from
        CourseMeeting coursemeet_ 
    where
        coursemeet_.courseCode=? 
        and coursemeet_.day=? 
        and coursemeet_.period=? 
        and coursemeet_.location=?
14:18:24,741 DEBUG BaseGeneralDataRegion:59 - Caching[foo.org.hibernate.cache.spi.UpdateTimestampsCache] : [Enrolment] -> [5579091004379136]
14:18:24,741 DEBUG SQL:104 - 
    update
        Address 
    set
        studentNumber=null,
        addressType=null 
    where
        studentNumber=?
14:18:24,741 DEBUG BaseGeneralDataRegion:59 - Caching[foo.org.hibernate.cache.spi.UpdateTimestampsCache] : [Address] -> [5579091004379137]
14:18:24,741 DEBUG SQL:104 - 
    delete 
    from
        Student_secretCodes 
    where
        studentNumber=?
14:18:24,752 DEBUG BaseGeneralDataRegion:59 - Caching[foo.org.hibernate.cache.spi.UpdateTimestampsCache] : [Student_secretCodes] -> [5579091004424192]
14:18:24,752 DEBUG BaseGeneralDataRegion:59 - Caching[foo.org.hibernate.cache.spi.UpdateTimestampsCache] : [Enrolment] -> [5579091004424193]
14:18:24,752 DEBUG BaseGeneralDataRegion:59 - Caching[foo.org.hibernate.cache.spi.UpdateTimestampsCache] : [Address] -> [5579091004424194]
14:18:24,752 DEBUG SQL:104 - 
    delete 
    from
        Student_secretCodes 
    where
        studentNumber=?
14:18:24,752 DEBUG BaseGeneralDataRegion:59 - Caching[foo.org.hibernate.cache.spi.UpdateTimestampsCache] : [Student_secretCodes] -> [5579091004424195]
14:18:24,753 DEBUG BaseGeneralDataRegion:59 - Caching[foo.org.hibernate.cache.spi.UpdateTimestampsCache] : [CourseMeeting] -> [5579091004428288]
14:18:24,753 DEBUG SQL:104 - 
    delete 
    from
        Enrolment 
    where
        studentId=? 
        and courseCode=?
14:18:24,753 DEBUG BaseGeneralDataRegion:59 - Caching[foo.org.hibernate.cache.spi.UpdateTimestampsCache] : [Enrolment] -> [5579091004428289]
14:18:24,753 DEBUG SQL:104 - 
    delete 
    from
        Address 
    where
        id=?
14:18:24,753 DEBUG BaseGeneralDataRegion:59 - Caching[foo.org.hibernate.cache.spi.UpdateTimestampsCache] : [Address] -> [5579091004428290]
14:18:24,753 DEBUG SQL:104 - 
    delete 
    from
        Address 
    where
        id=?
14:18:24,762 DEBUG BaseGeneralDataRegion:59 - Caching[foo.org.hibernate.cache.spi.UpdateTimestampsCache] : [Address] -> [5579091004465152]
14:18:24,762 DEBUG SQL:104 - 
    delete 
    from
        Student 
    where
        studentId=?
14:18:24,762 DEBUG BaseGeneralDataRegion:59 - Caching[foo.org.hibernate.cache.spi.UpdateTimestampsCache] : [Student] -> [5579091004465153]
14:18:24,762 DEBUG SQL:104 - 
    delete 
    from
        Enrolment 
    where
        studentId=? 
        and courseCode=?
14:18:24,762 DEBUG BaseGeneralDataRegion:59 - Caching[foo.org.hibernate.cache.spi.UpdateTimestampsCache] : [Enrolment] -> [5579091004465154]
14:18:24,762 DEBUG SQL:104 - 
    delete 
    from
        Student 
    where
        studentId=?
14:18:24,763 DEBUG BaseGeneralDataRegion:59 - Caching[foo.org.hibernate.cache.spi.UpdateTimestampsCache] : [Student] -> [5579091004469248]
14:18:24,763 DEBUG SQL:104 - 
    delete 
    from
        CourseMeeting 
    where
        courseCode=? 
        and day=? 
        and period=? 
        and location=?
14:18:24,783 DEBUG BaseGeneralDataRegion:59 - Caching[foo.org.hibernate.cache.spi.UpdateTimestampsCache] : [CourseMeeting] -> [5579091004551168]
14:18:24,783 DEBUG SQL:104 - 
    delete 
    from
        CourseMeeting 
    where
        courseCode=? 
        and day=? 
        and period=? 
        and location=?
14:18:24,783 DEBUG BaseGeneralDataRegion:59 - Caching[foo.org.hibernate.cache.spi.UpdateTimestampsCache] : [CourseMeeting] -> [5579091004551169]
14:18:24,783 DEBUG SQL:104 - 
    delete 
    from
        Course 
    where
        courseCode=?
14:18:24,783 DEBUG BaseGeneralDataRegion:59 - Caching[foo.org.hibernate.cache.spi.UpdateTimestampsCache] : [Course] -> [5579091004551170]
14:18:24,784 DEBUG BaseGeneralDataRegion:59 - Caching[foo.org.hibernate.cache.spi.UpdateTimestampsCache] : [Student] -> [5579090758795264]
14:18:24,784 DEBUG BaseGeneralDataRegion:59 - Caching[foo.org.hibernate.cache.spi.UpdateTimestampsCache] : [Course] -> [5579090758795264]
14:18:24,784 DEBUG BaseGeneralDataRegion:59 - Caching[foo.org.hibernate.cache.spi.UpdateTimestampsCache] : [Enrolment] -> [5579090758795264]
14:18:24,784 DEBUG BaseGeneralDataRegion:59 - Caching[foo.org.hibernate.cache.spi.UpdateTimestampsCache] : [Student_secretCodes] -> [5579090758795264]
14:18:24,784 DEBUG BaseGeneralDataRegion:59 - Caching[foo.org.hibernate.cache.spi.UpdateTimestampsCache] : [Address] -> [5579090758795264]
14:18:24,787 DEBUG BaseGeneralDataRegion:59 - Caching[foo.org.hibernate.cache.spi.UpdateTimestampsCache] : [CourseMeeting] -> [5579090758795264]
14:18:24,788  INFO CustomRunner:139 - Test: testEntityWithJoinedLazyOneToManyMultiAndNullListHql
14:18:24,789 DEBUG SQL:104 - 
    select
        coursemeet_.courseCode,
        coursemeet_.day,
        coursemeet_.period,
        coursemeet_.location 
    from
        CourseMeeting coursemeet_ 
    where
        coursemeet_.courseCode=? 
        and coursemeet_.day=? 
        and coursemeet_.period=? 
        and coursemeet_.location=?
14:18:24,789 DEBUG SQL:104 - 
    select
        coursemeet_.courseCode,
        coursemeet_.day,
        coursemeet_.period,
        coursemeet_.location 
    from
        CourseMeeting coursemeet_ 
    where
        coursemeet_.courseCode=? 
        and coursemeet_.day=? 
        and coursemeet_.period=? 
        and coursemeet_.location=?
14:18:24,800 DEBUG SQL:104 - 
    insert 
    into
        Course
        (description, courseCode) 
    values
        (?, ?)
14:18:24,800 DEBUG BaseGeneralDataRegion:59 - Caching[foo.org.hibernate.cache.spi.UpdateTimestampsCache] : [Course] -> [5579091004620800]
14:18:24,800 DEBUG SQL:104 - 
    insert 
    into
        CourseMeeting
        (courseCode, day, period, location) 
    values
        (?, ?, ?, ?)
14:18:24,800 DEBUG BaseGeneralDataRegion:59 - Caching[foo.org.hibernate.cache.spi.UpdateTimestampsCache] : [CourseMeeting] -> [5579091004620801]
14:18:24,800 DEBUG SQL:104 - 
    insert 
    into
        CourseMeeting
        (courseCode, day, period, location) 
    values
        (?, ?, ?, ?)
14:18:24,801 DEBUG BaseGeneralDataRegion:59 - Caching[foo.org.hibernate.cache.spi.UpdateTimestampsCache] : [CourseMeeting] -> [5579091004624896]
14:18:24,801 DEBUG SQL:104 - 
    insert 
    into
        Student
        (name_first, name_middle, name_last, preferredCourseCode, studentId) 
    values
        (?, ?, ?, ?, ?)
14:18:24,810 DEBUG BaseGeneralDataRegion:59 - Caching[foo.org.hibernate.cache.spi.UpdateTimestampsCache] : [Student] -> [5579091004661760]
14:18:24,810 DEBUG SQL:104 - 
    insert 
    into
        Address
        (addressType, street, city, stateProvince, postalCode, country, studentNumber, id) 
    values
        (?, ?, ?, ?, ?, ?, ?, ?)
14:18:24,811 DEBUG BaseGeneralDataRegion:59 - Caching[foo.org.hibernate.cache.spi.UpdateTimestampsCache] : [Address] -> [5579091004665856]
14:18:24,811 DEBUG SQL:104 - 
    insert 
    into
        Address
        (addressType, street, city, stateProvince, postalCode, country, studentNumber, id) 
    values
        (?, ?, ?, ?, ?, ?, ?, ?)
14:18:24,811 DEBUG BaseGeneralDataRegion:59 - Caching[foo.org.hibernate.cache.spi.UpdateTimestampsCache] : [Address] -> [5579091004665857]
14:18:24,811 DEBUG SQL:104 - 
    insert 
    into
        Student
        (name_first, name_middle, name_last, preferredCourseCode, studentId) 
    values
        (?, ?, ?, ?, ?)
14:18:24,811 DEBUG BaseGeneralDataRegion:59 - Caching[foo.org.hibernate.cache.spi.UpdateTimestampsCache] : [Student] -> [5579091004665858]
14:18:24,811 DEBUG SQL:104 - 
    insert 
    into
        Enrolment
        (semester, "year", studentId, courseCode) 
    values
        (?, ?, ?, ?)
14:18:24,822 DEBUG BaseGeneralDataRegion:59 - Caching[foo.org.hibernate.cache.spi.UpdateTimestampsCache] : [Enrolment] -> [5579091004710912]
14:18:24,823 DEBUG SQL:104 - 
    insert 
    into
        Enrolment
        (semester, "year", studentId, courseCode) 
    values
        (?, ?, ?, ?)
14:18:24,823 DEBUG BaseGeneralDataRegion:59 - Caching[foo.org.hibernate.cache.spi.UpdateTimestampsCache] : [Enrolment] -> [5579091004715008]
14:18:24,823 DEBUG BaseGeneralDataRegion:59 - Caching[foo.org.hibernate.cache.spi.UpdateTimestampsCache] : [CourseMeeting] -> [5579091004715009]
14:18:24,823 DEBUG BaseGeneralDataRegion:59 - Caching[foo.org.hibernate.cache.spi.UpdateTimestampsCache] : [Enrolment] -> [5579091004715010]
14:18:24,823 DEBUG SQL:104 - 
    update
        Address 
    set
        studentNumber=?,
        addressType=? 
    where
        id=?
14:18:24,823 DEBUG SQL:104 - 
    update
        Address 
    set
        studentNumber=?,
        addressType=? 
    where
        id=?
14:18:24,824 DEBUG BaseGeneralDataRegion:59 - Caching[foo.org.hibernate.cache.spi.UpdateTimestampsCache] : [Address] -> [5579091004719104]
14:18:24,824 DEBUG SQL:104 - 
    insert 
    into
        Student_secretCodes
        (studentNumber, i, secretCode) 
    values
        (?, ?, ?)
14:18:24,824 DEBUG BaseGeneralDataRegion:59 - Caching[foo.org.hibernate.cache.spi.UpdateTimestampsCache] : [Student_secretCodes] -> [5579091004719105]
14:18:24,824 DEBUG BaseGeneralDataRegion:59 - Caching[foo.org.hibernate.cache.spi.UpdateTimestampsCache] : [Enrolment] -> [5579091004719106]
14:18:24,824 DEBUG BaseGeneralDataRegion:59 - Caching[foo.org.hibernate.cache.spi.UpdateTimestampsCache] : [Address] -> [5579091004719107]
14:18:24,824 DEBUG SQL:104 - 
    insert 
    into
        Student_secretCodes
        (studentNumber, i, secretCode) 
    values
        (?, ?, ?)
14:18:24,824 DEBUG SQL:104 - 
    insert 
    into
        Student_secretCodes
        (studentNumber, i, secretCode) 
    values
        (?, ?, ?)
14:18:24,824 DEBUG BaseGeneralDataRegion:59 - Caching[foo.org.hibernate.cache.spi.UpdateTimestampsCache] : [Student_secretCodes] -> [5579091004719108]
14:18:24,825 DEBUG BaseGeneralDataRegion:59 - Caching[foo.org.hibernate.cache.spi.UpdateTimestampsCache] : [Student] -> [5579090758963200]
14:18:24,825 DEBUG BaseGeneralDataRegion:59 - Caching[foo.org.hibernate.cache.spi.UpdateTimestampsCache] : [Course] -> [5579090758963200]
14:18:24,825 DEBUG BaseGeneralDataRegion:59 - Caching[foo.org.hibernate.cache.spi.UpdateTimestampsCache] : [Enrolment] -> [5579090758963200]
14:18:24,825 DEBUG BaseGeneralDataRegion:59 - Caching[foo.org.hibernate.cache.spi.UpdateTimestampsCache] : [Student_secretCodes] -> [5579090758963200]
14:18:24,835 DEBUG BaseGeneralDataRegion:59 - Caching[foo.org.hibernate.cache.spi.UpdateTimestampsCache] : [Address] -> [5579090758963200]
14:18:24,835 DEBUG BaseGeneralDataRegion:59 - Caching[foo.org.hibernate.cache.spi.UpdateTimestampsCache] : [CourseMeeting] -> [5579090758963200]
14:18:24,835 DEBUG QueryTranslatorImpl:265 - parse() - HQL: from org.hibernate.test.querycache.Student s left join s.addresses order by s.studentNumber
14:18:24,836 DEBUG QueryTranslatorImpl:283 - --- HQL AST ---
 \-[QUERY] Node: 'query'
    +-[SELECT_FROM] Node: 'SELECT_FROM'
    |  \-[FROM] Node: 'from'
    |     +-[RANGE] Node: 'RANGE'
    |     |  +-[DOT] Node: '.'
    |     |  |  +-[DOT] Node: '.'
    |     |  |  |  +-[DOT] Node: '.'
    |     |  |  |  |  +-[DOT] Node: '.'
    |     |  |  |  |  |  +-[IDENT] Node: 'org'
    |     |  |  |  |  |  \-[IDENT] Node: 'hibernate'
    |     |  |  |  |  \-[IDENT] Node: 'test'
    |     |  |  |  \-[IDENT] Node: 'querycache'
    |     |  |  \-[IDENT] Node: 'Student'
    |     |  \-[ALIAS] Node: 's'
    |     \-[JOIN] Node: 'join'
    |        +-[LEFT] Node: 'left'
    |        \-[DOT] Node: '.'
    |           +-[IDENT] Node: 's'
    |           \-[IDENT] Node: 'addresses'
    \-[ORDER] Node: 'order'
       \-[DOT] Node: '.'
          +-[IDENT] Node: 's'
          \-[IDENT] Node: 'studentNumber'

14:18:24,837 DEBUG ErrorCounter:82 - throwQueryException() : no errors
14:18:24,837 DEBUG FromElement:157 - FromClause{level=1} : org.hibernate.test.querycache.Student (s) -> student0_
14:18:24,844 DEBUG FromReferenceNode:74 - Resolved : s -> student0_.studentId
14:18:24,844 DEBUG DotNode:599 - getDataType() : addresses -> org.hibernate.type.MapType(org.hibernate.test.querycache.Student.addresses)
14:18:24,844 DEBUG FromElementFactory:376 - createEntityAssociation() : One to many - path = s.addresses role = org.hibernate.test.querycache.Student.addresses associatedEntityName = org.hibernate.test.querycache.Address
14:18:24,844 DEBUG FromElement:157 - FromClause{level=1} : org.hibernate.test.querycache.Address (<no alias>) -> addresses1_
14:18:24,845 DEBUG FromClause:282 - addJoinByPathMap() : s.addresses -> FromElement{explicit,not a collection join,not a fetch join,fetch non-lazy properties,classAlias=null,role=null,tableName=Address,tableAlias=addresses1_,origin=Student student0_,columns={student0_.studentId ,className=org.hibernate.test.querycache.Address}}
14:18:24,845 DEBUG DotNode:308 - dereferenceCollection() : Created new FROM element for s.addresses : Address addresses1_
14:18:24,845 DEBUG FromReferenceNode:74 - Resolved : s.addresses -> .
14:18:24,845 DEBUG HqlSqlWalker:403 - createFromJoinElement() : -- join tree --
 \-[JOIN_FRAGMENT] FromElement: 'Address addresses1_' FromElement{explicit,not a collection join,not a fetch join,fetch non-lazy properties,classAlias=null,role=org.hibernate.test.querycache.Student.addresses,tableName=Address,tableAlias=addresses1_,origin=Student student0_,columns={student0_.studentId ,className=org.hibernate.test.querycache.Address}}

14:18:24,845 DEBUG FromReferenceNode:74 - Resolved : s -> student0_.studentId
14:18:24,845 DEBUG DotNode:599 - getDataType() : studentNumber -> org.hibernate.type.LongType@4bf3f9d
14:18:24,845 DEBUG FromReferenceNode:74 - Resolved : s.studentNumber -> student0_.studentId
14:18:24,846 DEBUG HqlSqlWalker:629 - processQuery() :  ( SELECT ( FromClause{level=1} ( Student student0_ Address addresses1_ ) ) ( order ( student0_.studentId student0_.studentId studentNumber ) ) )
14:18:24,846 DEBUG HqlSqlWalker:869 - Derived SELECT clause created.
14:18:24,846 DEBUG JoinProcessor:175 - Using FROM fragment [Student student0_]
14:18:24,846 DEBUG JoinProcessor:175 - Using FROM fragment [left outer join Address addresses1_ on student0_.studentId=addresses1_.studentNumber]
14:18:24,846 DEBUG QueryTranslatorImpl:252 - --- SQL AST ---
 \-[SELECT] QueryNode: 'SELECT'  querySpaces (Student,Address)
    +-[SELECT_CLAUSE] SelectClause: '{derived select clause}'
    |  +-[SELECT_EXPR] SelectExpressionImpl: 'student0_.studentId as studentId4_0_' {FromElement{explicit,not a collection join,not a fetch join,fetch non-lazy properties,classAlias=s,role=null,tableName=Student,tableAlias=student0_,origin=null,columns={,className=org.hibernate.test.querycache.Student}}}
    |  +-[SELECT_EXPR] SelectExpressionImpl: 'addresses1_.id as id0_1_' {FromElement{explicit,not a collection join,not a fetch join,fetch non-lazy properties,classAlias=null,role=org.hibernate.test.querycache.Student.addresses,tableName=Address,tableAlias=addresses1_,origin=Student student0_,columns={student0_.studentId ,className=org.hibernate.test.querycache.Address}}}
    |  +-[SQL_TOKEN] SqlFragment: 'student0_.name_first as name2_4_0_, student0_.name_middle as name3_4_0_, student0_.name_last as name4_4_0_, student0_.preferredCourseCode as preferre5_4_0_'
    |  \-[SQL_TOKEN] SqlFragment: 'addresses1_.addressType as addressT2_0_1_, addresses1_.street as street0_1_, addresses1_.city as city0_1_, addresses1_.stateProvince as statePro5_0_1_, addresses1_.postalCode as postalCode0_1_, addresses1_.country as country0_1_, addresses1_.studentNumber as studentN8_0_1_'
    +-[FROM] FromClause: 'from' FromClause{level=1, fromElementCounter=2, fromElements=2, fromElementByClassAlias=[s], fromElementByTableAlias=[student0_, addresses1_], fromElementsByPath=[s.addresses], collectionJoinFromElementsByPath=[], impliedElements=[]}
    |  \-[FROM_FRAGMENT] FromElement: 'Student student0_' FromElement{explicit,not a collection join,not a fetch join,fetch non-lazy properties,classAlias=s,role=null,tableName=Student,tableAlias=student0_,origin=null,columns={,className=org.hibernate.test.querycache.Student}}
    |     \-[JOIN_FRAGMENT] FromElement: 'left outer join Address addresses1_ on student0_.studentId=addresses1_.studentNumber' FromElement{explicit,not a collection join,not a fetch join,fetch non-lazy properties,classAlias=null,role=org.hibernate.test.querycache.Student.addresses,tableName=Address,tableAlias=addresses1_,origin=Student student0_,columns={student0_.studentId ,className=org.hibernate.test.querycache.Address}}
    \-[ORDER] OrderByClause: 'order'
       \-[DOT] DotNode: 'student0_.studentId' {propertyName=studentNumber,dereferenceType=ALL,propertyPath=studentNumber,path=s.studentNumber,tableAlias=student0_,className=org.hibernate.test.querycache.Student,classAlias=s}
          +-[ALIAS_REF] IdentNode: 'student0_.studentId' {alias=s, className=org.hibernate.test.querycache.Student, tableAlias=student0_}
          \-[IDENT] IdentNode: 'studentNumber' {originalText=studentNumber}

14:18:24,846 DEBUG ErrorCounter:82 - throwQueryException() : no errors
14:18:24,847 DEBUG QueryTranslatorImpl:235 - HQL: from org.hibernate.test.querycache.Student s left join s.addresses order by s.studentNumber
14:18:24,847 DEBUG QueryTranslatorImpl:236 - SQL: select student0_.studentId as studentId4_0_, addresses1_.id as id0_1_, student0_.name_first as name2_4_0_, student0_.name_middle as name3_4_0_, student0_.name_last as name4_4_0_, student0_.preferredCourseCode as preferre5_4_0_, addresses1_.addressType as addressT2_0_1_, addresses1_.street as street0_1_, addresses1_.city as city0_1_, addresses1_.stateProvince as statePro5_0_1_, addresses1_.postalCode as postalCode0_1_, addresses1_.country as country0_1_, addresses1_.studentNumber as studentN8_0_1_ from Student student0_ left outer join Address addresses1_ on student0_.studentId=addresses1_.studentNumber order by student0_.studentId
14:18:24,847 DEBUG ErrorCounter:82 - throwQueryException() : no errors
14:18:24,847 DEBUG SQL:104 - 
    select
        student0_.studentId as studentId4_0_,
        addresses1_.id as id0_1_,
        student0_.name_first as name2_4_0_,
        student0_.name_middle as name3_4_0_,
        student0_.name_last as name4_4_0_,
        student0_.preferredCourseCode as preferre5_4_0_,
        addresses1_.addressType as addressT2_0_1_,
        addresses1_.street as street0_1_,
        addresses1_.city as city0_1_,
        addresses1_.stateProvince as statePro5_0_1_,
        addresses1_.postalCode as postalCode0_1_,
        addresses1_.country as country0_1_,
        addresses1_.studentNumber as studentN8_0_1_ 
    from
        Student student0_ 
    left outer join
        Address addresses1_ 
            on student0_.studentId=addresses1_.studentNumber 
    order by
        student0_.studentId
14:18:24,868 DEBUG SQL:104 - 
    select
        secretcode0_.studentNumber as studentN1_4_0_,
        secretcode0_.secretCode as secretCode5_0_,
        secretcode0_.i as i0_ 
    from
        Student_secretCodes secretcode0_ 
    where
        secretcode0_.studentNumber=?
14:18:24,868 DEBUG SQL:104 - 
    select
        secretcode0_.studentNumber as studentN1_4_0_,
        secretcode0_.secretCode as secretCode5_0_,
        secretcode0_.i as i0_ 
    from
        Student_secretCodes secretcode0_ 
    where
        secretcode0_.studentNumber=?
14:18:24,878 DEBUG SQL:104 - 
    select
        student0_.studentId as studentId4_0_,
        addresses1_.id as id0_1_,
        student0_.name_first as name2_4_0_,
        student0_.name_middle as name3_4_0_,
        student0_.name_last as name4_4_0_,
        student0_.preferredCourseCode as preferre5_4_0_,
        addresses1_.addressType as addressT2_0_1_,
        addresses1_.street as street0_1_,
        addresses1_.city as city0_1_,
        addresses1_.stateProvince as statePro5_0_1_,
        addresses1_.postalCode as postalCode0_1_,
        addresses1_.country as country0_1_,
        addresses1_.studentNumber as studentN8_0_1_ 
    from
        Student student0_ 
    left outer join
        Address addresses1_ 
            on student0_.studentId=addresses1_.studentNumber 
    order by
        student0_.studentId
14:18:24,879 DEBUG SQL:104 - 
    select
        secretcode0_.studentNumber as studentN1_4_0_,
        secretcode0_.secretCode as secretCode5_0_,
        secretcode0_.i as i0_ 
    from
        Student_secretCodes secretcode0_ 
    where
        secretcode0_.studentNumber=?
14:18:24,887 DEBUG SQL:104 - 
    select
        secretcode0_.studentNumber as studentN1_4_0_,
        secretcode0_.secretCode as secretCode5_0_,
        secretcode0_.i as i0_ 
    from
        Student_secretCodes secretcode0_ 
    where
        secretcode0_.studentNumber=?
14:18:24,888 DEBUG SQL:104 - 
    select
        student_.studentId,
        student_.name_first as name2_4_,
        student_.name_middle as name3_4_,
        student_.name_last as name4_4_,
        student_.preferredCourseCode as preferre5_4_ 
    from
        Student student_ 
    where
        student_.studentId=?
14:18:24,888 DEBUG SQL:104 - 
    select
        enrolment_.studentId,
        enrolment_.courseCode,
        enrolment_.semester as semester3_,
        enrolment_."year" as year4_3_ 
    from
        Enrolment enrolment_ 
    where
        enrolment_.studentId=? 
        and enrolment_.courseCode=?
14:18:24,897 DEBUG SQL:104 - 
    select
        course_.courseCode,
        course_.description as descript2_1_ 
    from
        Course course_ 
    where
        course_.courseCode=?
14:18:24,898 DEBUG SQL:104 - 
    select
        student_.studentId,
        student_.name_first as name2_4_,
        student_.name_middle as name3_4_,
        student_.name_last as name4_4_,
        student_.preferredCourseCode as preferre5_4_ 
    from
        Student student_ 
    where
        student_.studentId=?
14:18:24,898 DEBUG SQL:104 - 
    select
        enrolment_.studentId,
        enrolment_.courseCode,
        enrolment_.semester as semester3_,
        enrolment_."year" as year4_3_ 
    from
        Enrolment enrolment_ 
    where
        enrolment_.studentId=? 
        and enrolment_.courseCode=?
14:18:24,907 DEBUG SQL:104 - 
    select
        coursemeet_.courseCode,
        coursemeet_.day,
        coursemeet_.period,
        coursemeet_.location 
    from
        CourseMeeting coursemeet_ 
    where
        coursemeet_.courseCode=? 
        and coursemeet_.day=? 
        and coursemeet_.period=? 
        and coursemeet_.location=?
14:18:24,908 DEBUG SQL:104 - 
    select
        coursemeet_.courseCode,
        coursemeet_.day,
        coursemeet_.period,
        coursemeet_.location 
    from
        CourseMeeting coursemeet_ 
    where
        coursemeet_.courseCode=? 
        and coursemeet_.day=? 
        and coursemeet_.period=? 
        and coursemeet_.location=?
14:18:24,908 DEBUG BaseGeneralDataRegion:59 - Caching[foo.org.hibernate.cache.spi.UpdateTimestampsCache] : [Enrolment] -> [5579091005063168]
14:18:24,916 DEBUG SQL:104 - 
    update
        Address 
    set
        studentNumber=null,
        addressType=null 
    where
        studentNumber=?
14:18:24,916 DEBUG BaseGeneralDataRegion:59 - Caching[foo.org.hibernate.cache.spi.UpdateTimestampsCache] : [Address] -> [5579091005095936]
14:18:24,916 DEBUG SQL:104 - 
    delete 
    from
        Student_secretCodes 
    where
        studentNumber=?
14:18:24,917 DEBUG BaseGeneralDataRegion:59 - Caching[foo.org.hibernate.cache.spi.UpdateTimestampsCache] : [Student_secretCodes] -> [5579091005100032]
14:18:24,917 DEBUG BaseGeneralDataRegion:59 - Caching[foo.org.hibernate.cache.spi.UpdateTimestampsCache] : [Enrolment] -> [5579091005100033]
14:18:24,917 DEBUG BaseGeneralDataRegion:59 - Caching[foo.org.hibernate.cache.spi.UpdateTimestampsCache] : [Address] -> [5579091005100034]
14:18:24,917 DEBUG SQL:104 - 
    delete 
    from
        Student_secretCodes 
    where
        studentNumber=?
14:18:24,917 DEBUG BaseGeneralDataRegion:59 - Caching[foo.org.hibernate.cache.spi.UpdateTimestampsCache] : [Student_secretCodes] -> [5579091005100035]
14:18:24,917 DEBUG BaseGeneralDataRegion:59 - Caching[foo.org.hibernate.cache.spi.UpdateTimestampsCache] : [CourseMeeting] -> [5579091005100036]
14:18:24,917 DEBUG SQL:104 - 
    delete 
    from
        Enrolment 
    where
        studentId=? 
        and courseCode=?
14:18:24,927 DEBUG BaseGeneralDataRegion:59 - Caching[foo.org.hibernate.cache.spi.UpdateTimestampsCache] : [Enrolment] -> [5579091005140992]
14:18:24,928 DEBUG SQL:104 - 
    delete 
    from
        Address 
    where
        id=?
14:18:24,928 DEBUG BaseGeneralDataRegion:59 - Caching[foo.org.hibernate.cache.spi.UpdateTimestampsCache] : [Address] -> [5579091005145088]
14:18:24,928 DEBUG SQL:104 - 
    delete 
    from
        Address 
    where
        id=?
14:18:24,928 DEBUG BaseGeneralDataRegion:59 - Caching[foo.org.hibernate.cache.spi.UpdateTimestampsCache] : [Address] -> [5579091005145089]
14:18:24,928 DEBUG SQL:104 - 
    delete 
    from
        Student 
    where
        studentId=?
14:18:24,928 DEBUG BaseGeneralDataRegion:59 - Caching[foo.org.hibernate.cache.spi.UpdateTimestampsCache] : [Student] -> [5579091005145090]
14:18:24,929 DEBUG SQL:104 - 
    delete 
    from
        Enrolment 
    where
        studentId=? 
        and courseCode=?
14:18:24,937 DEBUG BaseGeneralDataRegion:59 - Caching[foo.org.hibernate.cache.spi.UpdateTimestampsCache] : [Enrolment] -> [5579091005181952]
14:18:24,937 DEBUG SQL:104 - 
    delete 
    from
        Student 
    where
        studentId=?
14:18:24,938 DEBUG BaseGeneralDataRegion:59 - Caching[foo.org.hibernate.cache.spi.UpdateTimestampsCache] : [Student] -> [5579091005186048]
14:18:24,938 DEBUG SQL:104 - 
    delete 
    from
        CourseMeeting 
    where
        courseCode=? 
        and day=? 
        and period=? 
        and location=?
14:18:24,938 DEBUG BaseGeneralDataRegion:59 - Caching[foo.org.hibernate.cache.spi.UpdateTimestampsCache] : [CourseMeeting] -> [5579091005186049]
14:18:24,938 DEBUG SQL:104 - 
    delete 
    from
        CourseMeeting 
    where
        courseCode=? 
        and day=? 
        and period=? 
        and location=?
14:18:24,938 DEBUG BaseGeneralDataRegion:59 - Caching[foo.org.hibernate.cache.spi.UpdateTimestampsCache] : [CourseMeeting] -> [5579091005186050]
14:18:24,948 DEBUG SQL:104 - 
    delete 
    from
        Course 
    where
        courseCode=?
14:18:24,948 DEBUG BaseGeneralDataRegion:59 - Caching[foo.org.hibernate.cache.spi.UpdateTimestampsCache] : [Course] -> [5579091005227008]
14:18:24,948 DEBUG BaseGeneralDataRegion:59 - Caching[foo.org.hibernate.cache.spi.UpdateTimestampsCache] : [Student] -> [5579090759467009]
14:18:24,948 DEBUG BaseGeneralDataRegion:59 - Caching[foo.org.hibernate.cache.spi.UpdateTimestampsCache] : [Course] -> [5579090759467009]
14:18:24,948 DEBUG BaseGeneralDataRegion:59 - Caching[foo.org.hibernate.cache.spi.UpdateTimestampsCache] : [Enrolment] -> [5579090759467009]
14:18:24,948 DEBUG BaseGeneralDataRegion:59 - Caching[foo.org.hibernate.cache.spi.UpdateTimestampsCache] : [Student_secretCodes] -> [5579090759467009]
14:18:24,948 DEBUG BaseGeneralDataRegion:59 - Caching[foo.org.hibernate.cache.spi.UpdateTimestampsCache] : [Address] -> [5579090759467009]
14:18:24,949 DEBUG BaseGeneralDataRegion:59 - Caching[foo.org.hibernate.cache.spi.UpdateTimestampsCache] : [CourseMeeting] -> [5579090759467009]
14:18:24,949 DEBUG SQL:104 - 
    select
        coursemeet_.courseCode,
        coursemeet_.day,
        coursemeet_.period,
        coursemeet_.location 
    from
        CourseMeeting coursemeet_ 
    where
        coursemeet_.courseCode=? 
        and coursemeet_.day=? 
        and coursemeet_.period=? 
        and coursemeet_.location=?
14:18:24,949 DEBUG SQL:104 - 
    select
        coursemeet_.courseCode,
        coursemeet_.day,
        coursemeet_.period,
        coursemeet_.location 
    from
        CourseMeeting coursemeet_ 
    where
        coursemeet_.courseCode=? 
        and coursemeet_.day=? 
        and coursemeet_.period=? 
        and coursemeet_.location=?
14:18:24,950 DEBUG SQL:104 - 
    insert 
    into
        Course
        (description, courseCode) 
    values
        (?, ?)
14:18:24,951 DEBUG BaseGeneralDataRegion:59 - Caching[foo.org.hibernate.cache.spi.UpdateTimestampsCache] : [Course] -> [5579091005239296]
14:18:24,951 DEBUG SQL:104 - 
    insert 
    into
        CourseMeeting
        (courseCode, day, period, location) 
    values
        (?, ?, ?, ?)
14:18:24,951 DEBUG BaseGeneralDataRegion:59 - Caching[foo.org.hibernate.cache.spi.UpdateTimestampsCache] : [CourseMeeting] -> [5579091005239297]
14:18:24,951 DEBUG SQL:104 - 
    insert 
    into
        CourseMeeting
        (courseCode, day, period, location) 
    values
        (?, ?, ?, ?)
14:18:24,959 DEBUG BaseGeneralDataRegion:59 - Caching[foo.org.hibernate.cache.spi.UpdateTimestampsCache] : [CourseMeeting] -> [5579091005272064]
14:18:24,959 DEBUG SQL:104 - 
    insert 
    into
        Student
        (name_first, name_middle, name_last, preferredCourseCode, studentId) 
    values
        (?, ?, ?, ?, ?)
14:18:24,959 DEBUG BaseGeneralDataRegion:59 - Caching[foo.org.hibernate.cache.spi.UpdateTimestampsCache] : [Student] -> [5579091005272065]
14:18:24,960 DEBUG SQL:104 - 
    insert 
    into
        Address
        (addressType, street, city, stateProvince, postalCode, country, studentNumber, id) 
    values
        (?, ?, ?, ?, ?, ?, ?, ?)
14:18:24,960 DEBUG BaseGeneralDataRegion:59 - Caching[foo.org.hibernate.cache.spi.UpdateTimestampsCache] : [Address] -> [5579091005276160]
14:18:24,960 DEBUG SQL:104 - 
    insert 
    into
        Address
        (addressType, street, city, stateProvince, postalCode, country, studentNumber, id) 
    values
        (?, ?, ?, ?, ?, ?, ?, ?)
14:18:24,960 DEBUG BaseGeneralDataRegion:59 - Caching[foo.org.hibernate.cache.spi.UpdateTimestampsCache] : [Address] -> [5579091005276161]
14:18:24,960 DEBUG SQL:104 - 
    insert 
    into
        Student
        (name_first, name_middle, name_last, preferredCourseCode, studentId) 
    values
        (?, ?, ?, ?, ?)
14:18:24,969 DEBUG BaseGeneralDataRegion:59 - Caching[foo.org.hibernate.cache.spi.UpdateTimestampsCache] : [Student] -> [5579091005313024]
14:18:24,969 DEBUG SQL:104 - 
    insert 
    into
        Enrolment
        (semester, "year", studentId, courseCode) 
    values
        (?, ?, ?, ?)
14:18:24,969 DEBUG BaseGeneralDataRegion:59 - Caching[foo.org.hibernate.cache.spi.UpdateTimestampsCache] : [Enrolment] -> [5579091005313025]
14:18:24,970 DEBUG SQL:104 - 
    insert 
    into
        Enrolment
        (semester, "year", studentId, courseCode) 
    values
        (?, ?, ?, ?)
14:18:24,970 DEBUG BaseGeneralDataRegion:59 - Caching[foo.org.hibernate.cache.spi.UpdateTimestampsCache] : [Enrolment] -> [5579091005317120]
14:18:24,970 DEBUG BaseGeneralDataRegion:59 - Caching[foo.org.hibernate.cache.spi.UpdateTimestampsCache] : [CourseMeeting] -> [5579091005317121]
14:18:24,970 DEBUG BaseGeneralDataRegion:59 - Caching[foo.org.hibernate.cache.spi.UpdateTimestampsCache] : [Enrolment] -> [5579091005317122]
14:18:24,970 DEBUG SQL:104 - 
    update
        Address 
    set
        studentNumber=?,
        addressType=? 
    where
        id=?
14:18:24,970 DEBUG SQL:104 - 
    update
        Address 
    set
        studentNumber=?,
        addressType=? 
    where
        id=?
14:18:24,971 DEBUG BaseGeneralDataRegion:59 - Caching[foo.org.hibernate.cache.spi.UpdateTimestampsCache] : [Address] -> [5579091005321216]
14:18:24,971 DEBUG SQL:104 - 
    insert 
    into
        Student_secretCodes
        (studentNumber, i, secretCode) 
    values
        (?, ?, ?)
14:18:24,992 DEBUG BaseGeneralDataRegion:59 - Caching[foo.org.hibernate.cache.spi.UpdateTimestampsCache] : [Student_secretCodes] -> [5579091005407232]
14:18:24,993 DEBUG BaseGeneralDataRegion:59 - Caching[foo.org.hibernate.cache.spi.UpdateTimestampsCache] : [Enrolment] -> [5579091005411328]
14:18:24,993 DEBUG BaseGeneralDataRegion:59 - Caching[foo.org.hibernate.cache.spi.UpdateTimestampsCache] : [Address] -> [5579091005411329]
14:18:24,993 DEBUG SQL:104 - 
    insert 
    into
        Student_secretCodes
        (studentNumber, i, secretCode) 
    values
        (?, ?, ?)
14:18:24,993 DEBUG SQL:104 - 
    insert 
    into
        Student_secretCodes
        (studentNumber, i, secretCode) 
    values
        (?, ?, ?)
14:18:24,993 DEBUG BaseGeneralDataRegion:59 - Caching[foo.org.hibernate.cache.spi.UpdateTimestampsCache] : [Student_secretCodes] -> [5579091005411330]
14:18:24,993 DEBUG BaseGeneralDataRegion:59 - Caching[foo.org.hibernate.cache.spi.UpdateTimestampsCache] : [Student] -> [5579090759651331]
14:18:24,993 DEBUG BaseGeneralDataRegion:59 - Caching[foo.org.hibernate.cache.spi.UpdateTimestampsCache] : [Course] -> [5579090759651331]
14:18:24,994 DEBUG BaseGeneralDataRegion:59 - Caching[foo.org.hibernate.cache.spi.UpdateTimestampsCache] : [Enrolment] -> [5579090759651331]
14:18:24,994 DEBUG BaseGeneralDataRegion:59 - Caching[foo.org.hibernate.cache.spi.UpdateTimestampsCache] : [Student_secretCodes] -> [5579090759651331]
14:18:24,994 DEBUG BaseGeneralDataRegion:59 - Caching[foo.org.hibernate.cache.spi.UpdateTimestampsCache] : [Address] -> [5579090759651331]
14:18:24,994 DEBUG BaseGeneralDataRegion:59 - Caching[foo.org.hibernate.cache.spi.UpdateTimestampsCache] : [CourseMeeting] -> [5579090759651331]
14:18:24,994 DEBUG QueryTranslatorImpl:265 - parse() - HQL: from org.hibernate.test.querycache.Student s left join s.addresses a order by s.studentNumber
14:18:24,996 DEBUG QueryTranslatorImpl:283 - --- HQL AST ---
 \-[QUERY] Node: 'query'
    +-[SELECT_FROM] Node: 'SELECT_FROM'
    |  \-[FROM] Node: 'from'
    |     +-[RANGE] Node: 'RANGE'
    |     |  +-[DOT] Node: '.'
    |     |  |  +-[DOT] Node: '.'
    |     |  |  |  +-[DOT] Node: '.'
    |     |  |  |  |  +-[DOT] Node: '.'
    |     |  |  |  |  |  +-[IDENT] Node: 'org'
    |     |  |  |  |  |  \-[IDENT] Node: 'hibernate'
    |     |  |  |  |  \-[IDENT] Node: 'test'
    |     |  |  |  \-[IDENT] Node: 'querycache'
    |     |  |  \-[IDENT] Node: 'Student'
    |     |  \-[ALIAS] Node: 's'
    |     \-[JOIN] Node: 'join'
    |        +-[LEFT] Node: 'left'
    |        +-[DOT] Node: '.'
    |        |  +-[IDENT] Node: 's'
    |        |  \-[IDENT] Node: 'addresses'
    |        \-[ALIAS] Node: 'a'
    \-[ORDER] Node: 'order'
       \-[DOT] Node: '.'
          +-[IDENT] Node: 's'
          \-[IDENT] Node: 'studentNumber'

14:18:25,003 DEBUG ErrorCounter:82 - throwQueryException() : no errors
14:18:25,004 DEBUG FromElement:157 - FromClause{level=1} : org.hibernate.test.querycache.Student (s) -> student0_
14:18:25,004 DEBUG FromReferenceNode:74 - Resolved : s -> student0_.studentId
14:18:25,004 DEBUG DotNode:599 - getDataType() : addresses -> org.hibernate.type.MapType(org.hibernate.test.querycache.Student.addresses)
14:18:25,004 DEBUG FromElementFactory:376 - createEntityAssociation() : One to many - path = s.addresses role = org.hibernate.test.querycache.Student.addresses associatedEntityName = org.hibernate.test.querycache.Address
14:18:25,004 DEBUG FromElement:157 - FromClause{level=1} : org.hibernate.test.querycache.Address (a) -> addresses1_
14:18:25,004 DEBUG FromClause:282 - addJoinByPathMap() : s.addresses -> FromElement{explicit,not a collection join,not a fetch join,fetch non-lazy properties,classAlias=a,role=null,tableName=Address,tableAlias=addresses1_,origin=Student student0_,columns={student0_.studentId ,className=org.hibernate.test.querycache.Address}}
14:18:25,004 DEBUG DotNode:308 - dereferenceCollection() : Created new FROM element for s.addresses : Address addresses1_
14:18:25,005 DEBUG FromReferenceNode:74 - Resolved : s.addresses -> .
14:18:25,005 DEBUG HqlSqlWalker:403 - createFromJoinElement() : -- join tree --
 \-[JOIN_FRAGMENT] FromElement: 'Address addresses1_' FromElement{explicit,not a collection join,not a fetch join,fetch non-lazy properties,classAlias=a,role=org.hibernate.test.querycache.Student.addresses,tableName=Address,tableAlias=addresses1_,origin=Student student0_,columns={student0_.studentId ,className=org.hibernate.test.querycache.Address}}

14:18:25,005 DEBUG FromReferenceNode:74 - Resolved : s -> student0_.studentId
14:18:25,005 DEBUG DotNode:599 - getDataType() : studentNumber -> org.hibernate.type.LongType@4bf3f9d
14:18:25,005 DEBUG FromReferenceNode:74 - Resolved : s.studentNumber -> student0_.studentId
14:18:25,005 DEBUG HqlSqlWalker:629 - processQuery() :  ( SELECT ( FromClause{level=1} ( Student student0_ Address addresses1_ ) ) ( order ( student0_.studentId student0_.studentId studentNumber ) ) )
14:18:25,006 DEBUG HqlSqlWalker:869 - Derived SELECT clause created.
14:18:25,006 DEBUG JoinProcessor:175 - Using FROM fragment [Student student0_]
14:18:25,006 DEBUG JoinProcessor:175 - Using FROM fragment [left outer join Address addresses1_ on student0_.studentId=addresses1_.studentNumber]
14:18:25,006 DEBUG QueryTranslatorImpl:252 - --- SQL AST ---
 \-[SELECT] QueryNode: 'SELECT'  querySpaces (Student,Address)
    +-[SELECT_CLAUSE] SelectClause: '{derived select clause}'
    |  +-[SELECT_EXPR] SelectExpressionImpl: 'student0_.studentId as studentId4_0_' {FromElement{explicit,not a collection join,not a fetch join,fetch non-lazy properties,classAlias=s,role=null,tableName=Student,tableAlias=student0_,origin=null,columns={,className=org.hibernate.test.querycache.Student}}}
    |  +-[SELECT_EXPR] SelectExpressionImpl: 'addresses1_.id as id0_1_' {FromElement{explicit,not a collection join,not a fetch join,fetch non-lazy properties,classAlias=a,role=org.hibernate.test.querycache.Student.addresses,tableName=Address,tableAlias=addresses1_,origin=Student student0_,columns={student0_.studentId ,className=org.hibernate.test.querycache.Address}}}
    |  +-[SQL_TOKEN] SqlFragment: 'student0_.name_first as name2_4_0_, student0_.name_middle as name3_4_0_, student0_.name_last as name4_4_0_, student0_.preferredCourseCode as preferre5_4_0_'
    |  \-[SQL_TOKEN] SqlFragment: 'addresses1_.addressType as addressT2_0_1_, addresses1_.street as street0_1_, addresses1_.city as city0_1_, addresses1_.stateProvince as statePro5_0_1_, addresses1_.postalCode as postalCode0_1_, addresses1_.country as country0_1_, addresses1_.studentNumber as studentN8_0_1_'
    +-[FROM] FromClause: 'from' FromClause{level=1, fromElementCounter=2, fromElements=2, fromElementByClassAlias=[s, a], fromElementByTableAlias=[student0_, addresses1_], fromElementsByPath=[s.addresses], collectionJoinFromElementsByPath=[], impliedElements=[]}
    |  \-[FROM_FRAGMENT] FromElement: 'Student student0_' FromElement{explicit,not a collection join,not a fetch join,fetch non-lazy properties,classAlias=s,role=null,tableName=Student,tableAlias=student0_,origin=null,columns={,className=org.hibernate.test.querycache.Student}}
    |     \-[JOIN_FRAGMENT] FromElement: 'left outer join Address addresses1_ on student0_.studentId=addresses1_.studentNumber' FromElement{explicit,not a collection join,not a fetch join,fetch non-lazy properties,classAlias=a,role=org.hibernate.test.querycache.Student.addresses,tableName=Address,tableAlias=addresses1_,origin=Student student0_,columns={student0_.studentId ,className=org.hibernate.test.querycache.Address}}
    \-[ORDER] OrderByClause: 'order'
       \-[DOT] DotNode: 'student0_.studentId' {propertyName=studentNumber,dereferenceType=ALL,propertyPath=studentNumber,path=s.studentNumber,tableAlias=student0_,className=org.hibernate.test.querycache.Student,classAlias=s}
          +-[ALIAS_REF] IdentNode: 'student0_.studentId' {alias=s, className=org.hibernate.test.querycache.Student, tableAlias=student0_}
          \-[IDENT] IdentNode: 'studentNumber' {originalText=studentNumber}

14:18:25,006 DEBUG ErrorCounter:82 - throwQueryException() : no errors
14:18:25,006 DEBUG QueryTranslatorImpl:235 - HQL: from org.hibernate.test.querycache.Student s left join s.addresses a order by s.studentNumber
14:18:25,006 DEBUG QueryTranslatorImpl:236 - SQL: select student0_.studentId as studentId4_0_, addresses1_.id as id0_1_, student0_.name_first as name2_4_0_, student0_.name_middle as name3_4_0_, student0_.name_last as name4_4_0_, student0_.preferredCourseCode as preferre5_4_0_, addresses1_.addressType as addressT2_0_1_, addresses1_.street as street0_1_, addresses1_.city as city0_1_, addresses1_.stateProvince as statePro5_0_1_, addresses1_.postalCode as postalCode0_1_, addresses1_.country as country0_1_, addresses1_.studentNumber as studentN8_0_1_ from Student student0_ left outer join Address addresses1_ on student0_.studentId=addresses1_.studentNumber order by student0_.studentId
14:18:25,006 DEBUG ErrorCounter:82 - throwQueryException() : no errors
14:18:25,007 DEBUG SQL:104 - 
    select
        student0_.studentId as studentId4_0_,
        addresses1_.id as id0_1_,
        student0_.name_first as name2_4_0_,
        student0_.name_middle as name3_4_0_,
        student0_.name_last as name4_4_0_,
        student0_.preferredCourseCode as preferre5_4_0_,
        addresses1_.addressType as addressT2_0_1_,
        addresses1_.street as street0_1_,
        addresses1_.city as city0_1_,
        addresses1_.stateProvince as statePro5_0_1_,
        addresses1_.postalCode as postalCode0_1_,
        addresses1_.country as country0_1_,
        addresses1_.studentNumber as studentN8_0_1_ 
    from
        Student student0_ 
    left outer join
        Address addresses1_ 
            on student0_.studentId=addresses1_.studentNumber 
    order by
        student0_.studentId
14:18:25,024 DEBUG SQL:104 - 
    select
        secretcode0_.studentNumber as studentN1_4_0_,
        secretcode0_.secretCode as secretCode5_0_,
        secretcode0_.i as i0_ 
    from
        Student_secretCodes secretcode0_ 
    where
        secretcode0_.studentNumber=?
14:18:25,025 DEBUG SQL:104 - 
    select
        secretcode0_.studentNumber as studentN1_4_0_,
        secretcode0_.secretCode as secretCode5_0_,
        secretcode0_.i as i0_ 
    from
        Student_secretCodes secretcode0_ 
    where
        secretcode0_.studentNumber=?
14:18:25,026 DEBUG SQL:104 - 
    select
        student0_.studentId as studentId4_0_,
        addresses1_.id as id0_1_,
        student0_.name_first as name2_4_0_,
        student0_.name_middle as name3_4_0_,
        student0_.name_last as name4_4_0_,
        student0_.preferredCourseCode as preferre5_4_0_,
        addresses1_.addressType as addressT2_0_1_,
        addresses1_.street as street0_1_,
        addresses1_.city as city0_1_,
        addresses1_.stateProvince as statePro5_0_1_,
        addresses1_.postalCode as postalCode0_1_,
        addresses1_.country as country0_1_,
        addresses1_.studentNumber as studentN8_0_1_ 
    from
        Student student0_ 
    left outer join
        Address addresses1_ 
            on student0_.studentId=addresses1_.studentNumber 
    order by
        student0_.studentId
14:18:25,035 DEBUG SQL:104 - 
    select
        secretcode0_.studentNumber as studentN1_4_0_,
        secretcode0_.secretCode as secretCode5_0_,
        secretcode0_.i as i0_ 
    from
        Student_secretCodes secretcode0_ 
    where
        secretcode0_.studentNumber=?
14:18:25,035 DEBUG SQL:104 - 
    select
        secretcode0_.studentNumber as studentN1_4_0_,
        secretcode0_.secretCode as secretCode5_0_,
        secretcode0_.i as i0_ 
    from
        Student_secretCodes secretcode0_ 
    where
        secretcode0_.studentNumber=?
14:18:25,045 DEBUG SQL:104 - 
    select
        student_.studentId,
        student_.name_first as name2_4_,
        student_.name_middle as name3_4_,
        student_.name_last as name4_4_,
        student_.preferredCourseCode as preferre5_4_ 
    from
        Student student_ 
    where
        student_.studentId=?
14:18:25,046 DEBUG SQL:104 - 
    select
        enrolment_.studentId,
        enrolment_.courseCode,
        enrolment_.semester as semester3_,
        enrolment_."year" as year4_3_ 
    from
        Enrolment enrolment_ 
    where
        enrolment_.studentId=? 
        and enrolment_.courseCode=?
14:18:25,056 DEBUG SQL:104 - 
    select
        course_.courseCode,
        course_.description as descript2_1_ 
    from
        Course course_ 
    where
        course_.courseCode=?
14:18:25,056 DEBUG SQL:104 - 
    select
        student_.studentId,
        student_.name_first as name2_4_,
        student_.name_middle as name3_4_,
        student_.name_last as name4_4_,
        student_.preferredCourseCode as preferre5_4_ 
    from
        Student student_ 
    where
        student_.studentId=?
14:18:25,057 DEBUG SQL:104 - 
    select
        enrolment_.studentId,
        enrolment_.courseCode,
        enrolment_.semester as semester3_,
        enrolment_."year" as year4_3_ 
    from
        Enrolment enrolment_ 
    where
        enrolment_.studentId=? 
        and enrolment_.courseCode=?
14:18:25,065 DEBUG SQL:104 - 
    select
        coursemeet_.courseCode,
        coursemeet_.day,
        coursemeet_.period,
        coursemeet_.location 
    from
        CourseMeeting coursemeet_ 
    where
        coursemeet_.courseCode=? 
        and coursemeet_.day=? 
        and coursemeet_.period=? 
        and coursemeet_.location=?
14:18:25,066 DEBUG SQL:104 - 
    select
        coursemeet_.courseCode,
        coursemeet_.day,
        coursemeet_.period,
        coursemeet_.location 
    from
        CourseMeeting coursemeet_ 
    where
        coursemeet_.courseCode=? 
        and coursemeet_.day=? 
        and coursemeet_.period=? 
        and coursemeet_.location=?
14:18:25,066 DEBUG BaseGeneralDataRegion:59 - Caching[foo.org.hibernate.cache.spi.UpdateTimestampsCache] : [Enrolment] -> [5579091005710336]
14:18:25,067 DEBUG SQL:104 - 
    update
        Address 
    set
        studentNumber=null,
        addressType=null 
    where
        studentNumber=?
14:18:25,077 DEBUG BaseGeneralDataRegion:59 - Caching[foo.org.hibernate.cache.spi.UpdateTimestampsCache] : [Address] -> [5579091005755392]
14:18:25,077 DEBUG SQL:104 - 
    delete 
    from
        Student_secretCodes 
    where
        studentNumber=?
14:18:25,078 DEBUG BaseGeneralDataRegion:59 - Caching[foo.org.hibernate.cache.spi.UpdateTimestampsCache] : [Student_secretCodes] -> [5579091005759488]
14:18:25,078 DEBUG BaseGeneralDataRegion:59 - Caching[foo.org.hibernate.cache.spi.UpdateTimestampsCache] : [Enrolment] -> [5579091005759489]
14:18:25,078 DEBUG BaseGeneralDataRegion:59 - Caching[foo.org.hibernate.cache.spi.UpdateTimestampsCache] : [Address] -> [5579091005759490]
14:18:25,078 DEBUG SQL:104 - 
    delete 
    from
        Student_secretCodes 
    where
        studentNumber=?
14:18:25,078 DEBUG BaseGeneralDataRegion:59 - Caching[foo.org.hibernate.cache.spi.UpdateTimestampsCache] : [Student_secretCodes] -> [5579091005759491]
14:18:25,078 DEBUG BaseGeneralDataRegion:59 - Caching[foo.org.hibernate.cache.spi.UpdateTimestampsCache] : [CourseMeeting] -> [5579091005759492]
14:18:25,078 DEBUG SQL:104 - 
    delete 
    from
        Enrolment 
    where
        studentId=? 
        and courseCode=?
14:18:25,078 DEBUG BaseGeneralDataRegion:59 - Caching[foo.org.hibernate.cache.spi.UpdateTimestampsCache] : [Enrolment] -> [5579091005759493]
14:18:25,079 DEBUG SQL:104 - 
    delete 
    from
        Address 
    where
        id=?
14:18:25,079 DEBUG BaseGeneralDataRegion:59 - Caching[foo.org.hibernate.cache.spi.UpdateTimestampsCache] : [Address] -> [5579091005763584]
14:18:25,079 DEBUG SQL:104 - 
    delete 
    from
        Address 
    where
        id=?
14:18:25,079 DEBUG BaseGeneralDataRegion:59 - Caching[foo.org.hibernate.cache.spi.UpdateTimestampsCache] : [Address] -> [5579091005763585]
14:18:25,079 DEBUG SQL:104 - 
    delete 
    from
        Student 
    where
        studentId=?
14:18:25,079 DEBUG BaseGeneralDataRegion:59 - Caching[foo.org.hibernate.cache.spi.UpdateTimestampsCache] : [Student] -> [5579091005763586]
14:18:25,079 DEBUG SQL:104 - 
    delete 
    from
        Enrolment 
    where
        studentId=? 
        and courseCode=?
14:18:25,079 DEBUG BaseGeneralDataRegion:59 - Caching[foo.org.hibernate.cache.spi.UpdateTimestampsCache] : [Enrolment] -> [5579091005763587]
14:18:25,089 DEBUG SQL:104 - 
    delete 
    from
        Student 
    where
        studentId=?
14:18:25,090 DEBUG BaseGeneralDataRegion:59 - Caching[foo.org.hibernate.cache.spi.UpdateTimestampsCache] : [Student] -> [5579091005808640]
14:18:25,090 DEBUG SQL:104 - 
    delete 
    from
        CourseMeeting 
    where
        courseCode=? 
        and day=? 
        and period=? 
        and location=?
14:18:25,090 DEBUG BaseGeneralDataRegion:59 - Caching[foo.org.hibernate.cache.spi.UpdateTimestampsCache] : [CourseMeeting] -> [5579091005808641]
14:18:25,090 DEBUG SQL:104 - 
    delete 
    from
        CourseMeeting 
    where
        courseCode=? 
        and day=? 
        and period=? 
        and location=?
14:18:25,091 DEBUG BaseGeneralDataRegion:59 - Caching[foo.org.hibernate.cache.spi.UpdateTimestampsCache] : [CourseMeeting] -> [5579091005812736]
14:18:25,091 DEBUG SQL:104 - 
    delete 
    from
        Course 
    where
        courseCode=?
14:18:25,099 DEBUG BaseGeneralDataRegion:59 - Caching[foo.org.hibernate.cache.spi.UpdateTimestampsCache] : [Course] -> [5579091005845504]
14:18:25,100 DEBUG BaseGeneralDataRegion:59 - Caching[foo.org.hibernate.cache.spi.UpdateTimestampsCache] : [Student] -> [5579090760089600]
14:18:25,100 DEBUG BaseGeneralDataRegion:59 - Caching[foo.org.hibernate.cache.spi.UpdateTimestampsCache] : [Course] -> [5579090760089600]
14:18:25,100 DEBUG BaseGeneralDataRegion:59 - Caching[foo.org.hibernate.cache.spi.UpdateTimestampsCache] : [Enrolment] -> [5579090760089600]
14:18:25,100 DEBUG BaseGeneralDataRegion:59 - Caching[foo.org.hibernate.cache.spi.UpdateTimestampsCache] : [Student_secretCodes] -> [5579090760089600]
14:18:25,100 DEBUG BaseGeneralDataRegion:59 - Caching[foo.org.hibernate.cache.spi.UpdateTimestampsCache] : [Address] -> [5579090760089600]
14:18:25,101 DEBUG BaseGeneralDataRegion:59 - Caching[foo.org.hibernate.cache.spi.UpdateTimestampsCache] : [CourseMeeting] -> [5579090760089600]
14:18:25,101  INFO CustomRunner:139 - Test: testEntityWithJoinedLazyOneToManySingleElementListCriteria
14:18:25,102 DEBUG SQL:104 - 
    select
        coursemeet_.courseCode,
        coursemeet_.day,
        coursemeet_.period,
        coursemeet_.location 
    from
        CourseMeeting coursemeet_ 
    where
        coursemeet_.courseCode=? 
        and coursemeet_.day=? 
        and coursemeet_.period=? 
        and coursemeet_.location=?
14:18:25,102 DEBUG SQL:104 - 
    select
        coursemeet_.courseCode,
        coursemeet_.day,
        coursemeet_.period,
        coursemeet_.location 
    from
        CourseMeeting coursemeet_ 
    where
        coursemeet_.courseCode=? 
        and coursemeet_.day=? 
        and coursemeet_.period=? 
        and coursemeet_.location=?
14:18:25,104 DEBUG SQL:104 - 
    insert 
    into
        Course
        (description, courseCode) 
    values
        (?, ?)
14:18:25,136 DEBUG BaseGeneralDataRegion:59 - Caching[foo.org.hibernate.cache.spi.UpdateTimestampsCache] : [Course] -> [5579091005997056]
14:18:25,136 DEBUG SQL:104 - 
    insert 
    into
        CourseMeeting
        (courseCode, day, period, location) 
    values
        (?, ?, ?, ?)
14:18:25,137 DEBUG BaseGeneralDataRegion:59 - Caching[foo.org.hibernate.cache.spi.UpdateTimestampsCache] : [CourseMeeting] -> [5579091006001152]
14:18:25,137 DEBUG SQL:104 - 
    insert 
    into
        CourseMeeting
        (courseCode, day, period, location) 
    values
        (?, ?, ?, ?)
14:18:25,137 DEBUG BaseGeneralDataRegion:59 - Caching[foo.org.hibernate.cache.spi.UpdateTimestampsCache] : [CourseMeeting] -> [5579091006001153]
14:18:25,137 DEBUG SQL:104 - 
    insert 
    into
        Student
        (name_first, name_middle, name_last, preferredCourseCode, studentId) 
    values
        (?, ?, ?, ?, ?)
14:18:25,137 DEBUG BaseGeneralDataRegion:59 - Caching[foo.org.hibernate.cache.spi.UpdateTimestampsCache] : [Student] -> [5579091006001154]
14:18:25,143 DEBUG SQL:104 - 
    insert 
    into
        Address
        (addressType, street, city, stateProvince, postalCode, country, studentNumber, id) 
    values
        (?, ?, ?, ?, ?, ?, ?, ?)
14:18:25,144 DEBUG BaseGeneralDataRegion:59 - Caching[foo.org.hibernate.cache.spi.UpdateTimestampsCache] : [Address] -> [5579091006029824]
14:18:25,144 DEBUG SQL:104 - 
    insert 
    into
        Address
        (addressType, street, city, stateProvince, postalCode, country, studentNumber, id) 
    values
        (?, ?, ?, ?, ?, ?, ?, ?)
14:18:25,144 DEBUG BaseGeneralDataRegion:59 - Caching[foo.org.hibernate.cache.spi.UpdateTimestampsCache] : [Address] -> [5579091006029825]
14:18:25,144 DEBUG SQL:104 - 
    insert 
    into
        Student
        (name_first, name_middle, name_last, preferredCourseCode, studentId) 
    values
        (?, ?, ?, ?, ?)
14:18:25,144 DEBUG BaseGeneralDataRegion:59 - Caching[foo.org.hibernate.cache.spi.UpdateTimestampsCache] : [Student] -> [5579091006029826]
14:18:25,144 DEBUG SQL:104 - 
    insert 
    into
        Enrolment
        (semester, "year", studentId, courseCode) 
    values
        (?, ?, ?, ?)
14:18:25,171 DEBUG BaseGeneralDataRegion:59 - Caching[foo.org.hibernate.cache.spi.UpdateTimestampsCache] : [Enrolment] -> [5579091006140416]
14:18:25,171 DEBUG SQL:104 - 
    insert 
    into
        Enrolment
        (semester, "year", studentId, courseCode) 
    values
        (?, ?, ?, ?)
14:18:25,171 DEBUG BaseGeneralDataRegion:59 - Caching[foo.org.hibernate.cache.spi.UpdateTimestampsCache] : [Enrolment] -> [5579091006140417]
14:18:25,172 DEBUG BaseGeneralDataRegion:59 - Caching[foo.org.hibernate.cache.spi.UpdateTimestampsCache] : [CourseMeeting] -> [5579091006144512]
14:18:25,172 DEBUG BaseGeneralDataRegion:59 - Caching[foo.org.hibernate.cache.spi.UpdateTimestampsCache] : [Enrolment] -> [5579091006144513]
14:18:25,172 DEBUG SQL:104 - 
    update
        Address 
    set
        studentNumber=?,
        addressType=? 
    where
        id=?
14:18:25,172 DEBUG SQL:104 - 
    update
        Address 
    set
        studentNumber=?,
        addressType=? 
    where
        id=?
14:18:25,172 DEBUG BaseGeneralDataRegion:59 - Caching[foo.org.hibernate.cache.spi.UpdateTimestampsCache] : [Address] -> [5579091006144514]
14:18:25,187 DEBUG SQL:104 - 
    insert 
    into
        Student_secretCodes
        (studentNumber, i, secretCode) 
    values
        (?, ?, ?)
14:18:25,187 DEBUG BaseGeneralDataRegion:59 - Caching[foo.org.hibernate.cache.spi.UpdateTimestampsCache] : [Student_secretCodes] -> [5579091006205952]
14:18:25,187 DEBUG BaseGeneralDataRegion:59 - Caching[foo.org.hibernate.cache.spi.UpdateTimestampsCache] : [Enrolment] -> [5579091006205953]
14:18:25,187 DEBUG BaseGeneralDataRegion:59 - Caching[foo.org.hibernate.cache.spi.UpdateTimestampsCache] : [Address] -> [5579091006205954]
14:18:25,188 DEBUG SQL:104 - 
    insert 
    into
        Student_secretCodes
        (studentNumber, i, secretCode) 
    values
        (?, ?, ?)
14:18:25,188 DEBUG SQL:104 - 
    insert 
    into
        Student_secretCodes
        (studentNumber, i, secretCode) 
    values
        (?, ?, ?)
14:18:25,188 DEBUG BaseGeneralDataRegion:59 - Caching[foo.org.hibernate.cache.spi.UpdateTimestampsCache] : [Student_secretCodes] -> [5579091006210048]
14:18:25,188 DEBUG BaseGeneralDataRegion:59 - Caching[foo.org.hibernate.cache.spi.UpdateTimestampsCache] : [Student] -> [5579090760450049]
14:18:25,188 DEBUG BaseGeneralDataRegion:59 - Caching[foo.org.hibernate.cache.spi.UpdateTimestampsCache] : [Course] -> [5579090760450049]
14:18:25,188 DEBUG BaseGeneralDataRegion:59 - Caching[foo.org.hibernate.cache.spi.UpdateTimestampsCache] : [Enrolment] -> [5579090760450049]
14:18:25,188 DEBUG BaseGeneralDataRegion:59 - Caching[foo.org.hibernate.cache.spi.UpdateTimestampsCache] : [Student_secretCodes] -> [5579090760450049]
14:18:25,188 DEBUG BaseGeneralDataRegion:59 - Caching[foo.org.hibernate.cache.spi.UpdateTimestampsCache] : [Address] -> [5579090760450049]
14:18:25,212 DEBUG BaseGeneralDataRegion:59 - Caching[foo.org.hibernate.cache.spi.UpdateTimestampsCache] : [CourseMeeting] -> [5579090760450049]
14:18:25,213 DEBUG SQL:104 - 
    select
        student_.studentId,
        student_.name_first as name2_4_,
        student_.name_middle as name3_4_,
        student_.name_last as name4_4_,
        student_.preferredCourseCode as preferre5_4_ 
    from
        Student student_ 
    where
        student_.studentId=?
14:18:25,213 DEBUG SQL:104 - 
    select
        enrolment_.studentId,
        enrolment_.courseCode,
        enrolment_.semester as semester3_,
        enrolment_."year" as year4_3_ 
    from
        Enrolment enrolment_ 
    where
        enrolment_.studentId=? 
        and enrolment_.courseCode=?
14:18:25,214 DEBUG SQL:104 - 
    select
        course_.courseCode,
        course_.description as descript2_1_ 
    from
        Course course_ 
    where
        course_.courseCode=?
14:18:25,214 DEBUG SQL:104 - 
    select
        student_.studentId,
        student_.name_first as name2_4_,
        student_.name_middle as name3_4_,
        student_.name_last as name4_4_,
        student_.preferredCourseCode as preferre5_4_ 
    from
        Student student_ 
    where
        student_.studentId=?
14:18:25,214 DEBUG SQL:104 - 
    select
        enrolment_.studentId,
        enrolment_.courseCode,
        enrolment_.semester as semester3_,
        enrolment_."year" as year4_3_ 
    from
        Enrolment enrolment_ 
    where
        enrolment_.studentId=? 
        and enrolment_.courseCode=?
14:18:25,214 DEBUG SQL:104 - 
    select
        coursemeet_.courseCode,
        coursemeet_.day,
        coursemeet_.period,
        coursemeet_.location 
    from
        CourseMeeting coursemeet_ 
    where
        coursemeet_.courseCode=? 
        and coursemeet_.day=? 
        and coursemeet_.period=? 
        and coursemeet_.location=?
14:18:25,228 DEBUG SQL:104 - 
    select
        coursemeet_.courseCode,
        coursemeet_.day,
        coursemeet_.period,
        coursemeet_.location 
    from
        CourseMeeting coursemeet_ 
    where
        coursemeet_.courseCode=? 
        and coursemeet_.day=? 
        and coursemeet_.period=? 
        and coursemeet_.location=?
14:18:25,229 DEBUG BaseGeneralDataRegion:59 - Caching[foo.org.hibernate.cache.spi.UpdateTimestampsCache] : [Enrolment] -> [5579091006377984]
14:18:25,229 DEBUG SQL:104 - 
    update
        Address 
    set
        studentNumber=null,
        addressType=null 
    where
        studentNumber=?
14:18:25,229 DEBUG BaseGeneralDataRegion:59 - Caching[foo.org.hibernate.cache.spi.UpdateTimestampsCache] : [Address] -> [5579091006377985]
14:18:25,229 DEBUG SQL:104 - 
    delete 
    from
        Student_secretCodes 
    where
        studentNumber=?
14:18:25,240 DEBUG BaseGeneralDataRegion:59 - Caching[foo.org.hibernate.cache.spi.UpdateTimestampsCache] : [Student_secretCodes] -> [5579091006423040]
14:18:25,241 DEBUG BaseGeneralDataRegion:59 - Caching[foo.org.hibernate.cache.spi.UpdateTimestampsCache] : [Enrolment] -> [5579091006427136]
14:18:25,241 DEBUG BaseGeneralDataRegion:59 - Caching[foo.org.hibernate.cache.spi.UpdateTimestampsCache] : [Address] -> [5579091006427137]
14:18:25,241 DEBUG SQL:104 - 
    delete 
    from
        Student_secretCodes 
    where
        studentNumber=?
14:18:25,241 DEBUG BaseGeneralDataRegion:59 - Caching[foo.org.hibernate.cache.spi.UpdateTimestampsCache] : [Student_secretCodes] -> [5579091006427138]
14:18:25,241 DEBUG BaseGeneralDataRegion:59 - Caching[foo.org.hibernate.cache.spi.UpdateTimestampsCache] : [CourseMeeting] -> [5579091006427139]
14:18:25,241 DEBUG SQL:104 - 
    delete 
    from
        Enrolment 
    where
        studentId=? 
        and courseCode=?
14:18:25,241 DEBUG BaseGeneralDataRegion:59 - Caching[foo.org.hibernate.cache.spi.UpdateTimestampsCache] : [Enrolment] -> [5579091006427140]
14:18:25,241 DEBUG SQL:104 - 
    delete 
    from
        Address 
    where
        id=?
14:18:25,242 DEBUG BaseGeneralDataRegion:59 - Caching[foo.org.hibernate.cache.spi.UpdateTimestampsCache] : [Address] -> [5579091006431232]
14:18:25,242 DEBUG SQL:104 - 
    delete 
    from
        Address 
    where
        id=?
14:18:25,242 DEBUG BaseGeneralDataRegion:59 - Caching[foo.org.hibernate.cache.spi.UpdateTimestampsCache] : [Address] -> [5579091006431233]
14:18:25,242 DEBUG SQL:104 - 
    delete 
    from
        Student 
    where
        studentId=?
14:18:25,242 DEBUG BaseGeneralDataRegion:59 - Caching[foo.org.hibernate.cache.spi.UpdateTimestampsCache] : [Student] -> [5579091006431234]
14:18:25,242 DEBUG SQL:104 - 
    delete 
    from
        Enrolment 
    where
        studentId=? 
        and courseCode=?
14:18:25,272 DEBUG BaseGeneralDataRegion:59 - Caching[foo.org.hibernate.cache.spi.UpdateTimestampsCache] : [Enrolment] -> [5579091006554112]
14:18:25,272 DEBUG SQL:104 - 
    delete 
    from
        Student 
    where
        studentId=?
14:18:25,273 DEBUG BaseGeneralDataRegion:59 - Caching[foo.org.hibernate.cache.spi.UpdateTimestampsCache] : [Student] -> [5579091006558208]
14:18:25,273 DEBUG SQL:104 - 
    delete 
    from
        CourseMeeting 
    where
        courseCode=? 
        and day=? 
        and period=? 
        and location=?
14:18:25,273 DEBUG BaseGeneralDataRegion:59 - Caching[foo.org.hibernate.cache.spi.UpdateTimestampsCache] : [CourseMeeting] -> [5579091006558209]
14:18:25,273 DEBUG SQL:104 - 
    delete 
    from
        CourseMeeting 
    where
        courseCode=? 
        and day=? 
        and period=? 
        and location=?
14:18:25,285 DEBUG BaseGeneralDataRegion:59 - Caching[foo.org.hibernate.cache.spi.UpdateTimestampsCache] : [CourseMeeting] -> [5579091006607360]
14:18:25,286 DEBUG SQL:104 - 
    delete 
    from
        Course 
    where
        courseCode=?
14:18:25,286 DEBUG BaseGeneralDataRegion:59 - Caching[foo.org.hibernate.cache.spi.UpdateTimestampsCache] : [Course] -> [5579091006611456]
14:18:25,286 DEBUG BaseGeneralDataRegion:59 - Caching[foo.org.hibernate.cache.spi.UpdateTimestampsCache] : [Student] -> [5579090760851457]
14:18:25,286 DEBUG BaseGeneralDataRegion:59 - Caching[foo.org.hibernate.cache.spi.UpdateTimestampsCache] : [Course] -> [5579090760851457]
14:18:25,286 DEBUG BaseGeneralDataRegion:59 - Caching[foo.org.hibernate.cache.spi.UpdateTimestampsCache] : [Enrolment] -> [5579090760851457]
14:18:25,286 DEBUG BaseGeneralDataRegion:59 - Caching[foo.org.hibernate.cache.spi.UpdateTimestampsCache] : [Student_secretCodes] -> [5579090760851457]
14:18:25,286 DEBUG BaseGeneralDataRegion:59 - Caching[foo.org.hibernate.cache.spi.UpdateTimestampsCache] : [Address] -> [5579090760851457]
14:18:25,286 DEBUG BaseGeneralDataRegion:59 - Caching[foo.org.hibernate.cache.spi.UpdateTimestampsCache] : [CourseMeeting] -> [5579090760851457]
14:18:25,287 DEBUG SQL:104 - 
    select
        coursemeet_.courseCode,
        coursemeet_.day,
        coursemeet_.period,
        coursemeet_.location 
    from
        CourseMeeting coursemeet_ 
    where
        coursemeet_.courseCode=? 
        and coursemeet_.day=? 
        and coursemeet_.period=? 
        and coursemeet_.location=?
14:18:25,296 DEBUG SQL:104 - 
    select
        coursemeet_.courseCode,
        coursemeet_.day,
        coursemeet_.period,
        coursemeet_.location 
    from
        CourseMeeting coursemeet_ 
    where
        coursemeet_.courseCode=? 
        and coursemeet_.day=? 
        and coursemeet_.period=? 
        and coursemeet_.location=?
14:18:25,297 DEBUG SQL:104 - 
    insert 
    into
        Course
        (description, courseCode) 
    values
        (?, ?)
14:18:25,298 DEBUG BaseGeneralDataRegion:59 - Caching[foo.org.hibernate.cache.spi.UpdateTimestampsCache] : [Course] -> [5579091006660608]
14:18:25,298 DEBUG SQL:104 - 
    insert 
    into
        CourseMeeting
        (courseCode, day, period, location) 
    values
        (?, ?, ?, ?)
14:18:25,298 DEBUG BaseGeneralDataRegion:59 - Caching[foo.org.hibernate.cache.spi.UpdateTimestampsCache] : [CourseMeeting] -> [5579091006660609]
14:18:25,298 DEBUG SQL:104 - 
    insert 
    into
        CourseMeeting
        (courseCode, day, period, location) 
    values
        (?, ?, ?, ?)
14:18:25,304 DEBUG BaseGeneralDataRegion:59 - Caching[foo.org.hibernate.cache.spi.UpdateTimestampsCache] : [CourseMeeting] -> [5579091006685184]
14:18:25,305 DEBUG SQL:104 - 
    insert 
    into
        Student
        (name_first, name_middle, name_last, preferredCourseCode, studentId) 
    values
        (?, ?, ?, ?, ?)
14:18:25,305 DEBUG BaseGeneralDataRegion:59 - Caching[foo.org.hibernate.cache.spi.UpdateTimestampsCache] : [Student] -> [5579091006689280]
14:18:25,305 DEBUG SQL:104 - 
    insert 
    into
        Address
        (addressType, street, city, stateProvince, postalCode, country, studentNumber, id) 
    values
        (?, ?, ?, ?, ?, ?, ?, ?)
14:18:25,305 DEBUG BaseGeneralDataRegion:59 - Caching[foo.org.hibernate.cache.spi.UpdateTimestampsCache] : [Address] -> [5579091006689281]
14:18:25,305 DEBUG SQL:104 - 
    insert 
    into
        Address
        (addressType, street, city, stateProvince, postalCode, country, studentNumber, id) 
    values
        (?, ?, ?, ?, ?, ?, ?, ?)
14:18:25,317 DEBUG BaseGeneralDataRegion:59 - Caching[foo.org.hibernate.cache.spi.UpdateTimestampsCache] : [Address] -> [5579091006738432]
14:18:25,317 DEBUG SQL:104 - 
    insert 
    into
        Student
        (name_first, name_middle, name_last, preferredCourseCode, studentId) 
    values
        (?, ?, ?, ?, ?)
14:18:25,317 DEBUG BaseGeneralDataRegion:59 - Caching[foo.org.hibernate.cache.spi.UpdateTimestampsCache] : [Student] -> [5579091006738433]
14:18:25,317 DEBUG SQL:104 - 
    insert 
    into
        Enrolment
        (semester, "year", studentId, courseCode) 
    values
        (?, ?, ?, ?)
14:18:25,318 DEBUG BaseGeneralDataRegion:59 - Caching[foo.org.hibernate.cache.spi.UpdateTimestampsCache] : [Enrolment] -> [5579091006742528]
14:18:25,318 DEBUG SQL:104 - 
    insert 
    into
        Enrolment
        (semester, "year", studentId, courseCode) 
    values
        (?, ?, ?, ?)
14:18:25,318 DEBUG BaseGeneralDataRegion:59 - Caching[foo.org.hibernate.cache.spi.UpdateTimestampsCache] : [Enrolment] -> [5579091006742529]
14:18:25,318 DEBUG BaseGeneralDataRegion:59 - Caching[foo.org.hibernate.cache.spi.UpdateTimestampsCache] : [CourseMeeting] -> [5579091006742530]
14:18:25,318 DEBUG BaseGeneralDataRegion:59 - Caching[foo.org.hibernate.cache.spi.UpdateTimestampsCache] : [Enrolment] -> [5579091006742531]
14:18:25,318 DEBUG SQL:104 - 
    update
        Address 
    set
        studentNumber=?,
        addressType=? 
    where
        id=?
14:18:25,330 DEBUG SQL:104 - 
    update
        Address 
    set
        studentNumber=?,
        addressType=? 
    where
        id=?
14:18:25,331 DEBUG BaseGeneralDataRegion:59 - Caching[foo.org.hibernate.cache.spi.UpdateTimestampsCache] : [Address] -> [5579091006795776]
14:18:25,331 DEBUG SQL:104 - 
    insert 
    into
        Student_secretCodes
        (studentNumber, i, secretCode) 
    values
        (?, ?, ?)
14:18:25,331 DEBUG BaseGeneralDataRegion:59 - Caching[foo.org.hibernate.cache.spi.UpdateTimestampsCache] : [Student_secretCodes] -> [5579091006795777]
14:18:25,331 DEBUG BaseGeneralDataRegion:59 - Caching[foo.org.hibernate.cache.spi.UpdateTimestampsCache] : [Enrolment] -> [5579091006795778]
14:18:25,331 DEBUG BaseGeneralDataRegion:59 - Caching[foo.org.hibernate.cache.spi.UpdateTimestampsCache] : [Address] -> [5579091006795779]
14:18:25,331 DEBUG SQL:104 - 
    insert 
    into
        Student_secretCodes
        (studentNumber, i, secretCode) 
    values
        (?, ?, ?)
14:18:25,332 DEBUG SQL:104 - 
    insert 
    into
        Student_secretCodes
        (studentNumber, i, secretCode) 
    values
        (?, ?, ?)
14:18:25,332 DEBUG BaseGeneralDataRegion:59 - Caching[foo.org.hibernate.cache.spi.UpdateTimestampsCache] : [Student_secretCodes] -> [5579091006799872]
14:18:25,332 DEBUG BaseGeneralDataRegion:59 - Caching[foo.org.hibernate.cache.spi.UpdateTimestampsCache] : [Student] -> [5579090761039873]
14:18:25,332 DEBUG BaseGeneralDataRegion:59 - Caching[foo.org.hibernate.cache.spi.UpdateTimestampsCache] : [Course] -> [5579090761039873]
14:18:25,332 DEBUG BaseGeneralDataRegion:59 - Caching[foo.org.hibernate.cache.spi.UpdateTimestampsCache] : [Enrolment] -> [5579090761039873]
14:18:25,332 DEBUG BaseGeneralDataRegion:59 - Caching[foo.org.hibernate.cache.spi.UpdateTimestampsCache] : [Student_secretCodes] -> [5579090761039873]
14:18:25,332 DEBUG BaseGeneralDataRegion:59 - Caching[foo.org.hibernate.cache.spi.UpdateTimestampsCache] : [Address] -> [5579090761039873]
14:18:25,332 DEBUG BaseGeneralDataRegion:59 - Caching[foo.org.hibernate.cache.spi.UpdateTimestampsCache] : [CourseMeeting] -> [5579090761039873]
14:18:25,333 DEBUG SQL:104 - 
    select
        student_.studentId,
        student_.name_first as name2_4_,
        student_.name_middle as name3_4_,
        student_.name_last as name4_4_,
        student_.preferredCourseCode as preferre5_4_ 
    from
        Student student_ 
    where
        student_.studentId=?
14:18:25,333 DEBUG SQL:104 - 
    select
        enrolment_.studentId,
        enrolment_.courseCode,
        enrolment_.semester as semester3_,
        enrolment_."year" as year4_3_ 
    from
        Enrolment enrolment_ 
    where
        enrolment_.studentId=? 
        and enrolment_.courseCode=?
14:18:25,344 DEBUG SQL:104 - 
    select
        course_.courseCode,
        course_.description as descript2_1_ 
    from
        Course course_ 
    where
        course_.courseCode=?
14:18:25,345 DEBUG SQL:104 - 
    select
        student_.studentId,
        student_.name_first as name2_4_,
        student_.name_middle as name3_4_,
        student_.name_last as name4_4_,
        student_.preferredCourseCode as preferre5_4_ 
    from
        Student student_ 
    where
        student_.studentId=?
14:18:25,345 DEBUG SQL:104 - 
    select
        enrolment_.studentId,
        enrolment_.courseCode,
        enrolment_.semester as semester3_,
        enrolment_."year" as year4_3_ 
    from
        Enrolment enrolment_ 
    where
        enrolment_.studentId=? 
        and enrolment_.courseCode=?
14:18:25,353 DEBUG SQL:104 - 
    select
        coursemeet_.courseCode,
        coursemeet_.day,
        coursemeet_.period,
        coursemeet_.location 
    from
        CourseMeeting coursemeet_ 
    where
        coursemeet_.courseCode=? 
        and coursemeet_.day=? 
        and coursemeet_.period=? 
        and coursemeet_.location=?
14:18:25,353 DEBUG SQL:104 - 
    select
        coursemeet_.courseCode,
        coursemeet_.day,
        coursemeet_.period,
        coursemeet_.location 
    from
        CourseMeeting coursemeet_ 
    where
        coursemeet_.courseCode=? 
        and coursemeet_.day=? 
        and coursemeet_.period=? 
        and coursemeet_.location=?
14:18:25,354 DEBUG BaseGeneralDataRegion:59 - Caching[foo.org.hibernate.cache.spi.UpdateTimestampsCache] : [Enrolment] -> [5579091006889984]
14:18:25,354 DEBUG SQL:104 - 
    update
        Address 
    set
        studentNumber=null,
        addressType=null 
    where
        studentNumber=?
14:18:25,374 DEBUG BaseGeneralDataRegion:59 - Caching[foo.org.hibernate.cache.spi.UpdateTimestampsCache] : [Address] -> [5579091006971904]
14:18:25,374 DEBUG SQL:104 - 
    delete 
    from
        Student_secretCodes 
    where
        studentNumber=?
14:18:25,374 DEBUG BaseGeneralDataRegion:59 - Caching[foo.org.hibernate.cache.spi.UpdateTimestampsCache] : [Student_secretCodes] -> [5579091006971905]
14:18:25,375 DEBUG BaseGeneralDataRegion:59 - Caching[foo.org.hibernate.cache.spi.UpdateTimestampsCache] : [Enrolment] -> [5579091006976000]
14:18:25,375 DEBUG BaseGeneralDataRegion:59 - Caching[foo.org.hibernate.cache.spi.UpdateTimestampsCache] : [Address] -> [5579091006976001]
14:18:25,375 DEBUG SQL:104 - 
    delete 
    from
        Student_secretCodes 
    where
        studentNumber=?
14:18:25,375 DEBUG BaseGeneralDataRegion:59 - Caching[foo.org.hibernate.cache.spi.UpdateTimestampsCache] : [Student_secretCodes] -> [5579091006976002]
14:18:25,375 DEBUG BaseGeneralDataRegion:59 - Caching[foo.org.hibernate.cache.spi.UpdateTimestampsCache] : [CourseMeeting] -> [5579091006976003]
14:18:25,375 DEBUG SQL:104 - 
    delete 
    from
        Enrolment 
    where
        studentId=? 
        and courseCode=?
14:18:25,375 DEBUG BaseGeneralDataRegion:59 - Caching[foo.org.hibernate.cache.spi.UpdateTimestampsCache] : [Enrolment] -> [5579091006976004]
14:18:25,375 DEBUG SQL:104 - 
    delete 
    from
        Address 
    where
        id=?
14:18:25,384 DEBUG BaseGeneralDataRegion:59 - Caching[foo.org.hibernate.cache.spi.UpdateTimestampsCache] : [Address] -> [5579091007012864]
14:18:25,384 DEBUG SQL:104 - 
    delete 
    from
        Address 
    where
        id=?
14:18:25,384 DEBUG BaseGeneralDataRegion:59 - Caching[foo.org.hibernate.cache.spi.UpdateTimestampsCache] : [Address] -> [5579091007012865]
14:18:25,384 DEBUG SQL:104 - 
    delete 
    from
        Student 
    where
        studentId=?
14:18:25,385 DEBUG BaseGeneralDataRegion:59 - Caching[foo.org.hibernate.cache.spi.UpdateTimestampsCache] : [Student] -> [5579091007016960]
14:18:25,385 DEBUG SQL:104 - 
    delete 
    from
        Enrolment 
    where
        studentId=? 
        and courseCode=?
14:18:25,385 DEBUG BaseGeneralDataRegion:59 - Caching[foo.org.hibernate.cache.spi.UpdateTimestampsCache] : [Enrolment] -> [5579091007016961]
14:18:25,385 DEBUG SQL:104 - 
    delete 
    from
        Student 
    where
        studentId=?
14:18:25,393 DEBUG BaseGeneralDataRegion:59 - Caching[foo.org.hibernate.cache.spi.UpdateTimestampsCache] : [Student] -> [5579091007049728]
14:18:25,393 DEBUG SQL:104 - 
    delete 
    from
        CourseMeeting 
    where
        courseCode=? 
        and day=? 
        and period=? 
        and location=?
14:18:25,393 DEBUG BaseGeneralDataRegion:59 - Caching[foo.org.hibernate.cache.spi.UpdateTimestampsCache] : [CourseMeeting] -> [5579091007049729]
14:18:25,393 DEBUG SQL:104 - 
    delete 
    from
        CourseMeeting 
    where
        courseCode=? 
        and day=? 
        and period=? 
        and location=?
14:18:25,393 DEBUG BaseGeneralDataRegion:59 - Caching[foo.org.hibernate.cache.spi.UpdateTimestampsCache] : [CourseMeeting] -> [5579091007049730]
14:18:25,394 DEBUG SQL:104 - 
    delete 
    from
        Course 
    where
        courseCode=?
14:18:25,394 DEBUG BaseGeneralDataRegion:59 - Caching[foo.org.hibernate.cache.spi.UpdateTimestampsCache] : [Course] -> [5579091007053824]
14:18:25,403 DEBUG BaseGeneralDataRegion:59 - Caching[foo.org.hibernate.cache.spi.UpdateTimestampsCache] : [Student] -> [5579090761330688]
14:18:25,403 DEBUG BaseGeneralDataRegion:59 - Caching[foo.org.hibernate.cache.spi.UpdateTimestampsCache] : [Course] -> [5579090761330688]
14:18:25,403 DEBUG BaseGeneralDataRegion:59 - Caching[foo.org.hibernate.cache.spi.UpdateTimestampsCache] : [Enrolment] -> [5579090761330688]
14:18:25,403 DEBUG BaseGeneralDataRegion:59 - Caching[foo.org.hibernate.cache.spi.UpdateTimestampsCache] : [Student_secretCodes] -> [5579090761330688]
14:18:25,403 DEBUG BaseGeneralDataRegion:59 - Caching[foo.org.hibernate.cache.spi.UpdateTimestampsCache] : [Address] -> [5579090761330688]
14:18:25,403 DEBUG BaseGeneralDataRegion:59 - Caching[foo.org.hibernate.cache.spi.UpdateTimestampsCache] : [CourseMeeting] -> [5579090761330688]
14:18:25,404 DEBUG SQL:104 - 
    select
        coursemeet_.courseCode,
        coursemeet_.day,
        coursemeet_.period,
        coursemeet_.location 
    from
        CourseMeeting coursemeet_ 
    where
        coursemeet_.courseCode=? 
        and coursemeet_.day=? 
        and coursemeet_.period=? 
        and coursemeet_.location=?
14:18:25,404 DEBUG SQL:104 - 
    select
        coursemeet_.courseCode,
        coursemeet_.day,
        coursemeet_.period,
        coursemeet_.location 
    from
        CourseMeeting coursemeet_ 
    where
        coursemeet_.courseCode=? 
        and coursemeet_.day=? 
        and coursemeet_.period=? 
        and coursemeet_.location=?
14:18:25,413 DEBUG SQL:104 - 
    insert 
    into
        Course
        (description, courseCode) 
    values
        (?, ?)
14:18:25,414 DEBUG BaseGeneralDataRegion:59 - Caching[foo.org.hibernate.cache.spi.UpdateTimestampsCache] : [Course] -> [5579091007135744]
14:18:25,414 DEBUG SQL:104 - 
    insert 
    into
        CourseMeeting
        (courseCode, day, period, location) 
    values
        (?, ?, ?, ?)
14:18:25,414 DEBUG BaseGeneralDataRegion:59 - Caching[foo.org.hibernate.cache.spi.UpdateTimestampsCache] : [CourseMeeting] -> [5579091007135745]
14:18:25,414 DEBUG SQL:104 - 
    insert 
    into
        CourseMeeting
        (courseCode, day, period, location) 
    values
        (?, ?, ?, ?)
14:18:25,414 DEBUG BaseGeneralDataRegion:59 - Caching[foo.org.hibernate.cache.spi.UpdateTimestampsCache] : [CourseMeeting] -> [5579091007135746]
14:18:25,414 DEBUG SQL:104 - 
    insert 
    into
        Student
        (name_first, name_middle, name_last, preferredCourseCode, studentId) 
    values
        (?, ?, ?, ?, ?)
14:18:25,423 DEBUG BaseGeneralDataRegion:59 - Caching[foo.org.hibernate.cache.spi.UpdateTimestampsCache] : [Student] -> [5579091007172608]
14:18:25,423 DEBUG SQL:104 - 
    insert 
    into
        Address
        (addressType, street, city, stateProvince, postalCode, country, studentNumber, id) 
    values
        (?, ?, ?, ?, ?, ?, ?, ?)
14:18:25,423 DEBUG BaseGeneralDataRegion:59 - Caching[foo.org.hibernate.cache.spi.UpdateTimestampsCache] : [Address] -> [5579091007172609]
14:18:25,424 DEBUG SQL:104 - 
    insert 
    into
        Address
        (addressType, street, city, stateProvince, postalCode, country, studentNumber, id) 
    values
        (?, ?, ?, ?, ?, ?, ?, ?)
14:18:25,424 DEBUG BaseGeneralDataRegion:59 - Caching[foo.org.hibernate.cache.spi.UpdateTimestampsCache] : [Address] -> [5579091007176704]
14:18:25,424 DEBUG SQL:104 - 
    insert 
    into
        Student
        (name_first, name_middle, name_last, preferredCourseCode, studentId) 
    values
        (?, ?, ?, ?, ?)
14:18:25,424 DEBUG BaseGeneralDataRegion:59 - Caching[foo.org.hibernate.cache.spi.UpdateTimestampsCache] : [Student] -> [5579091007176705]
14:18:25,424 DEBUG SQL:104 - 
    insert 
    into
        Enrolment
        (semester, "year", studentId, courseCode) 
    values
        (?, ?, ?, ?)
14:18:25,434 DEBUG BaseGeneralDataRegion:59 - Caching[foo.org.hibernate.cache.spi.UpdateTimestampsCache] : [Enrolment] -> [5579091007217664]
14:18:25,435 DEBUG SQL:104 - 
    insert 
    into
        Enrolment
        (semester, "year", studentId, courseCode) 
    values
        (?, ?, ?, ?)
14:18:25,435 DEBUG BaseGeneralDataRegion:59 - Caching[foo.org.hibernate.cache.spi.UpdateTimestampsCache] : [Enrolment] -> [5579091007221760]
14:18:25,435 DEBUG BaseGeneralDataRegion:59 - Caching[foo.org.hibernate.cache.spi.UpdateTimestampsCache] : [CourseMeeting] -> [5579091007221761]
14:18:25,435 DEBUG BaseGeneralDataRegion:59 - Caching[foo.org.hibernate.cache.spi.UpdateTimestampsCache] : [Enrolment] -> [5579091007221762]
14:18:25,435 DEBUG SQL:104 - 
    update
        Address 
    set
        studentNumber=?,
        addressType=? 
    where
        id=?
14:18:25,435 DEBUG SQL:104 - 
    update
        Address 
    set
        studentNumber=?,
        addressType=? 
    where
        id=?
14:18:25,444 DEBUG BaseGeneralDataRegion:59 - Caching[foo.org.hibernate.cache.spi.UpdateTimestampsCache] : [Address] -> [5579091007258624]
14:18:25,444 DEBUG SQL:104 - 
    insert 
    into
        Student_secretCodes
        (studentNumber, i, secretCode) 
    values
        (?, ?, ?)
14:18:25,444 DEBUG BaseGeneralDataRegion:59 - Caching[foo.org.hibernate.cache.spi.UpdateTimestampsCache] : [Student_secretCodes] -> [5579091007258625]
14:18:25,444 DEBUG BaseGeneralDataRegion:59 - Caching[foo.org.hibernate.cache.spi.UpdateTimestampsCache] : [Enrolment] -> [5579091007258626]
14:18:25,444 DEBUG BaseGeneralDataRegion:59 - Caching[foo.org.hibernate.cache.spi.UpdateTimestampsCache] : [Address] -> [5579091007258627]
14:18:25,444 DEBUG SQL:104 - 
    insert 
    into
        Student_secretCodes
        (studentNumber, i, secretCode) 
    values
        (?, ?, ?)
14:18:25,444 DEBUG SQL:104 - 
    insert 
    into
        Student_secretCodes
        (studentNumber, i, secretCode) 
    values
        (?, ?, ?)
14:18:25,445 DEBUG BaseGeneralDataRegion:59 - Caching[foo.org.hibernate.cache.spi.UpdateTimestampsCache] : [Student_secretCodes] -> [5579091007262720]
14:18:25,445 DEBUG BaseGeneralDataRegion:59 - Caching[foo.org.hibernate.cache.spi.UpdateTimestampsCache] : [Student] -> [5579090761502721]
14:18:25,445 DEBUG BaseGeneralDataRegion:59 - Caching[foo.org.hibernate.cache.spi.UpdateTimestampsCache] : [Course] -> [5579090761502721]
14:18:25,454 DEBUG BaseGeneralDataRegion:59 - Caching[foo.org.hibernate.cache.spi.UpdateTimestampsCache] : [Enrolment] -> [5579090761502721]
14:18:25,454 DEBUG BaseGeneralDataRegion:59 - Caching[foo.org.hibernate.cache.spi.UpdateTimestampsCache] : [Student_secretCodes] -> [5579090761502721]
14:18:25,454 DEBUG BaseGeneralDataRegion:59 - Caching[foo.org.hibernate.cache.spi.UpdateTimestampsCache] : [Address] -> [5579090761502721]
14:18:25,454 DEBUG BaseGeneralDataRegion:59 - Caching[foo.org.hibernate.cache.spi.UpdateTimestampsCache] : [CourseMeeting] -> [5579090761502721]
14:18:25,455 DEBUG SQL:104 - 
    select
        student_.studentId,
        student_.name_first as name2_4_,
        student_.name_middle as name3_4_,
        student_.name_last as name4_4_,
        student_.preferredCourseCode as preferre5_4_ 
    from
        Student student_ 
    where
        student_.studentId=?
14:18:25,455 DEBUG SQL:104 - 
    select
        enrolment_.studentId,
        enrolment_.courseCode,
        enrolment_.semester as semester3_,
        enrolment_."year" as year4_3_ 
    from
        Enrolment enrolment_ 
    where
        enrolment_.studentId=? 
        and enrolment_.courseCode=?
14:18:25,456 DEBUG SQL:104 - 
    select
        course_.courseCode,
        course_.description as descript2_1_ 
    from
        Course course_ 
    where
        course_.courseCode=?
14:18:25,456 DEBUG SQL:104 - 
    select
        student_.studentId,
        student_.name_first as name2_4_,
        student_.name_middle as name3_4_,
        student_.name_last as name4_4_,
        student_.preferredCourseCode as preferre5_4_ 
    from
        Student student_ 
    where
        student_.studentId=?
14:18:25,456 DEBUG SQL:104 - 
    select
        enrolment_.studentId,
        enrolment_.courseCode,
        enrolment_.semester as semester3_,
        enrolment_."year" as year4_3_ 
    from
        Enrolment enrolment_ 
    where
        enrolment_.studentId=? 
        and enrolment_.courseCode=?
14:18:25,457 DEBUG SQL:104 - 
    select
        coursemeet_.courseCode,
        coursemeet_.day,
        coursemeet_.period,
        coursemeet_.location 
    from
        CourseMeeting coursemeet_ 
    where
        coursemeet_.courseCode=? 
        and coursemeet_.day=? 
        and coursemeet_.period=? 
        and coursemeet_.location=?
14:18:25,468 DEBUG SQL:104 - 
    select
        coursemeet_.courseCode,
        coursemeet_.day,
        coursemeet_.period,
        coursemeet_.location 
    from
        CourseMeeting coursemeet_ 
    where
        coursemeet_.courseCode=? 
        and coursemeet_.day=? 
        and coursemeet_.period=? 
        and coursemeet_.location=?
14:18:25,469 DEBUG BaseGeneralDataRegion:59 - Caching[foo.org.hibernate.cache.spi.UpdateTimestampsCache] : [Enrolment] -> [5579091007361024]
14:18:25,469 DEBUG SQL:104 - 
    update
        Address 
    set
        studentNumber=null,
        addressType=null 
    where
        studentNumber=?
14:18:25,477 DEBUG BaseGeneralDataRegion:59 - Caching[foo.org.hibernate.cache.spi.UpdateTimestampsCache] : [Address] -> [5579091007393792]
14:18:25,477 DEBUG SQL:104 - 
    delete 
    from
        Student_secretCodes 
    where
        studentNumber=?
14:18:25,477 DEBUG BaseGeneralDataRegion:59 - Caching[foo.org.hibernate.cache.spi.UpdateTimestampsCache] : [Student_secretCodes] -> [5579091007393793]
14:18:25,478 DEBUG BaseGeneralDataRegion:59 - Caching[foo.org.hibernate.cache.spi.UpdateTimestampsCache] : [Enrolment] -> [5579091007397888]
14:18:25,478 DEBUG BaseGeneralDataRegion:59 - Caching[foo.org.hibernate.cache.spi.UpdateTimestampsCache] : [Address] -> [5579091007397889]
14:18:25,478 DEBUG SQL:104 - 
    delete 
    from
        Student_secretCodes 
    where
        studentNumber=?
14:18:25,478 DEBUG BaseGeneralDataRegion:59 - Caching[foo.org.hibernate.cache.spi.UpdateTimestampsCache] : [Student_secretCodes] -> [5579091007397890]
14:18:25,478 DEBUG BaseGeneralDataRegion:59 - Caching[foo.org.hibernate.cache.spi.UpdateTimestampsCache] : [CourseMeeting] -> [5579091007397891]
14:18:25,478 DEBUG SQL:104 - 
    delete 
    from
        Enrolment 
    where
        studentId=? 
        and courseCode=?
14:18:25,478 DEBUG BaseGeneralDataRegion:59 - Caching[foo.org.hibernate.cache.spi.UpdateTimestampsCache] : [Enrolment] -> [5579091007397892]
14:18:25,479 DEBUG SQL:104 - 
    delete 
    from
        Address 
    where
        id=?
14:18:25,479 DEBUG BaseGeneralDataRegion:59 - Caching[foo.org.hibernate.cache.spi.UpdateTimestampsCache] : [Address] -> [5579091007401984]
14:18:25,479 DEBUG SQL:104 - 
    delete 
    from
        Address 
    where
        id=?
14:18:25,479 DEBUG BaseGeneralDataRegion:59 - Caching[foo.org.hibernate.cache.spi.UpdateTimestampsCache] : [Address] -> [5579091007401985]
14:18:25,479 DEBUG SQL:104 - 
    delete 
    from
        Student 
    where
        studentId=?
14:18:25,503 DEBUG BaseGeneralDataRegion:59 - Caching[foo.org.hibernate.cache.spi.UpdateTimestampsCache] : [Student] -> [5579091007500288]
14:18:25,503 DEBUG SQL:104 - 
    delete 
    from
        Enrolment 
    where
        studentId=? 
        and courseCode=?
14:18:25,503 DEBUG BaseGeneralDataRegion:59 - Caching[foo.org.hibernate.cache.spi.UpdateTimestampsCache] : [Enrolment] -> [5579091007500289]
14:18:25,503 DEBUG SQL:104 - 
    delete 
    from
        Student 
    where
        studentId=?
14:18:25,503 DEBUG BaseGeneralDataRegion:59 - Caching[foo.org.hibernate.cache.spi.UpdateTimestampsCache] : [Student] -> [5579091007500290]
14:18:25,504 DEBUG SQL:104 - 
    delete 
    from
        CourseMeeting 
    where
        courseCode=? 
        and day=? 
        and period=? 
        and location=?
14:18:25,504 DEBUG BaseGeneralDataRegion:59 - Caching[foo.org.hibernate.cache.spi.UpdateTimestampsCache] : [CourseMeeting] -> [5579091007504384]
14:18:25,504 DEBUG SQL:104 - 
    delete 
    from
        CourseMeeting 
    where
        courseCode=? 
        and day=? 
        and period=? 
        and location=?
14:18:25,514 DEBUG BaseGeneralDataRegion:59 - Caching[foo.org.hibernate.cache.spi.UpdateTimestampsCache] : [CourseMeeting] -> [5579091007545344]
14:18:25,514 DEBUG SQL:104 - 
    delete 
    from
        Course 
    where
        courseCode=?
14:18:25,514 DEBUG BaseGeneralDataRegion:59 - Caching[foo.org.hibernate.cache.spi.UpdateTimestampsCache] : [Course] -> [5579091007545345]
14:18:25,514 DEBUG BaseGeneralDataRegion:59 - Caching[foo.org.hibernate.cache.spi.UpdateTimestampsCache] : [Student] -> [5579090761785346]
14:18:25,514 DEBUG BaseGeneralDataRegion:59 - Caching[foo.org.hibernate.cache.spi.UpdateTimestampsCache] : [Course] -> [5579090761785346]
14:18:25,514 DEBUG BaseGeneralDataRegion:59 - Caching[foo.org.hibernate.cache.spi.UpdateTimestampsCache] : [Enrolment] -> [5579090761785346]
14:18:25,515 DEBUG BaseGeneralDataRegion:59 - Caching[foo.org.hibernate.cache.spi.UpdateTimestampsCache] : [Student_secretCodes] -> [5579090761785346]
14:18:25,515 DEBUG BaseGeneralDataRegion:59 - Caching[foo.org.hibernate.cache.spi.UpdateTimestampsCache] : [Address] -> [5579090761785346]
14:18:25,515 DEBUG BaseGeneralDataRegion:59 - Caching[foo.org.hibernate.cache.spi.UpdateTimestampsCache] : [CourseMeeting] -> [5579090761785346]
14:18:25,515  INFO CustomRunner:139 - Test: testEntityWithJoinedLazyOneToManySingleElementListHql
14:18:25,516 DEBUG SQL:104 - 
    select
        coursemeet_.courseCode,
        coursemeet_.day,
        coursemeet_.period,
        coursemeet_.location 
    from
        CourseMeeting coursemeet_ 
    where
        coursemeet_.courseCode=? 
        and coursemeet_.day=? 
        and coursemeet_.period=? 
        and coursemeet_.location=?
14:18:25,530 DEBUG SQL:104 - 
    select
        coursemeet_.courseCode,
        coursemeet_.day,
        coursemeet_.period,
        coursemeet_.location 
    from
        CourseMeeting coursemeet_ 
    where
        coursemeet_.courseCode=? 
        and coursemeet_.day=? 
        and coursemeet_.period=? 
        and coursemeet_.location=?
14:18:25,531 DEBUG SQL:104 - 
    insert 
    into
        Course
        (description, courseCode) 
    values
        (?, ?)
14:18:25,531 DEBUG BaseGeneralDataRegion:59 - Caching[foo.org.hibernate.cache.spi.UpdateTimestampsCache] : [Course] -> [5579091007614976]
14:18:25,531 DEBUG SQL:104 - 
    insert 
    into
        CourseMeeting
        (courseCode, day, period, location) 
    values
        (?, ?, ?, ?)
14:18:25,540 DEBUG BaseGeneralDataRegion:59 - Caching[foo.org.hibernate.cache.spi.UpdateTimestampsCache] : [CourseMeeting] -> [5579091007651840]
14:18:25,541 DEBUG SQL:104 - 
    insert 
    into
        CourseMeeting
        (courseCode, day, period, location) 
    values
        (?, ?, ?, ?)
14:18:25,541 DEBUG BaseGeneralDataRegion:59 - Caching[foo.org.hibernate.cache.spi.UpdateTimestampsCache] : [CourseMeeting] -> [5579091007655936]
14:18:25,541 DEBUG SQL:104 - 
    insert 
    into
        Student
        (name_first, name_middle, name_last, preferredCourseCode, studentId) 
    values
        (?, ?, ?, ?, ?)
14:18:25,541 DEBUG BaseGeneralDataRegion:59 - Caching[foo.org.hibernate.cache.spi.UpdateTimestampsCache] : [Student] -> [5579091007655937]
14:18:25,541 DEBUG SQL:104 - 
    insert 
    into
        Address
        (addressType, street, city, stateProvince, postalCode, country, studentNumber, id) 
    values
        (?, ?, ?, ?, ?, ?, ?, ?)
14:18:25,541 DEBUG BaseGeneralDataRegion:59 - Caching[foo.org.hibernate.cache.spi.UpdateTimestampsCache] : [Address] -> [5579091007655938]
14:18:25,549 DEBUG SQL:104 - 
    insert 
    into
        Address
        (addressType, street, city, stateProvince, postalCode, country, studentNumber, id) 
    values
        (?, ?, ?, ?, ?, ?, ?, ?)
14:18:25,550 DEBUG BaseGeneralDataRegion:59 - Caching[foo.org.hibernate.cache.spi.UpdateTimestampsCache] : [Address] -> [5579091007692800]
14:18:25,550 DEBUG SQL:104 - 
    insert 
    into
        Student
        (name_first, name_middle, name_last, preferredCourseCode, studentId) 
    values
        (?, ?, ?, ?, ?)
14:18:25,550 DEBUG BaseGeneralDataRegion:59 - Caching[foo.org.hibernate.cache.spi.UpdateTimestampsCache] : [Student] -> [5579091007692801]
14:18:25,550 DEBUG SQL:104 - 
    insert 
    into
        Enrolment
        (semester, "year", studentId, courseCode) 
    values
        (?, ?, ?, ?)
14:18:25,551 DEBUG BaseGeneralDataRegion:59 - Caching[foo.org.hibernate.cache.spi.UpdateTimestampsCache] : [Enrolment] -> [5579091007696896]
14:18:25,551 DEBUG SQL:104 - 
    insert 
    into
        Enrolment
        (semester, "year", studentId, courseCode) 
    values
        (?, ?, ?, ?)
14:18:25,560 DEBUG BaseGeneralDataRegion:59 - Caching[foo.org.hibernate.cache.spi.UpdateTimestampsCache] : [Enrolment] -> [5579091007733760]
14:18:25,560 DEBUG BaseGeneralDataRegion:59 - Caching[foo.org.hibernate.cache.spi.UpdateTimestampsCache] : [CourseMeeting] -> [5579091007733761]
14:18:25,561 DEBUG BaseGeneralDataRegion:59 - Caching[foo.org.hibernate.cache.spi.UpdateTimestampsCache] : [Enrolment] -> [5579091007737856]
14:18:25,561 DEBUG SQL:104 - 
    update
        Address 
    set
        studentNumber=?,
        addressType=? 
    where
        id=?
14:18:25,561 DEBUG SQL:104 - 
    update
        Address 
    set
        studentNumber=?,
        addressType=? 
    where
        id=?
14:18:25,561 DEBUG BaseGeneralDataRegion:59 - Caching[foo.org.hibernate.cache.spi.UpdateTimestampsCache] : [Address] -> [5579091007737857]
14:18:25,561 DEBUG SQL:104 - 
    insert 
    into
        Student_secretCodes
        (studentNumber, i, secretCode) 
    values
        (?, ?, ?)
14:18:25,561 DEBUG BaseGeneralDataRegion:59 - Caching[foo.org.hibernate.cache.spi.UpdateTimestampsCache] : [Student_secretCodes] -> [5579091007737858]
14:18:25,562 DEBUG BaseGeneralDataRegion:59 - Caching[foo.org.hibernate.cache.spi.UpdateTimestampsCache] : [Enrolment] -> [5579091007741952]
14:18:25,562 DEBUG BaseGeneralDataRegion:59 - Caching[foo.org.hibernate.cache.spi.UpdateTimestampsCache] : [Address] -> [5579091007741953]
14:18:25,562 DEBUG SQL:104 - 
    insert 
    into
        Student_secretCodes
        (studentNumber, i, secretCode) 
    values
        (?, ?, ?)
14:18:25,562 DEBUG SQL:104 - 
    insert 
    into
        Student_secretCodes
        (studentNumber, i, secretCode) 
    values
        (?, ?, ?)
14:18:25,562 DEBUG BaseGeneralDataRegion:59 - Caching[foo.org.hibernate.cache.spi.UpdateTimestampsCache] : [Student_secretCodes] -> [5579091007741954]
14:18:25,562 DEBUG BaseGeneralDataRegion:59 - Caching[foo.org.hibernate.cache.spi.UpdateTimestampsCache] : [Student] -> [5579090761981955]
14:18:25,562 DEBUG BaseGeneralDataRegion:59 - Caching[foo.org.hibernate.cache.spi.UpdateTimestampsCache] : [Course] -> [5579090761981955]
14:18:25,562 DEBUG BaseGeneralDataRegion:59 - Caching[foo.org.hibernate.cache.spi.UpdateTimestampsCache] : [Enrolment] -> [5579090761981955]
14:18:25,563 DEBUG BaseGeneralDataRegion:59 - Caching[foo.org.hibernate.cache.spi.UpdateTimestampsCache] : [Student_secretCodes] -> [5579090761981955]
14:18:25,563 DEBUG BaseGeneralDataRegion:59 - Caching[foo.org.hibernate.cache.spi.UpdateTimestampsCache] : [Address] -> [5579090761981955]
14:18:25,563 DEBUG BaseGeneralDataRegion:59 - Caching[foo.org.hibernate.cache.spi.UpdateTimestampsCache] : [CourseMeeting] -> [5579090761981955]
14:18:25,563 DEBUG QueryTranslatorImpl:265 - parse() - HQL: from org.hibernate.test.querycache.Student s left join s.enrolments order by s.studentNumber
14:18:25,565 DEBUG QueryTranslatorImpl:283 - --- HQL AST ---
 \-[QUERY] Node: 'query'
    +-[SELECT_FROM] Node: 'SELECT_FROM'
    |  \-[FROM] Node: 'from'
    |     +-[RANGE] Node: 'RANGE'
    |     |  +-[DOT] Node: '.'
    |     |  |  +-[DOT] Node: '.'
    |     |  |  |  +-[DOT] Node: '.'
    |     |  |  |  |  +-[DOT] Node: '.'
    |     |  |  |  |  |  +-[IDENT] Node: 'org'
    |     |  |  |  |  |  \-[IDENT] Node: 'hibernate'
    |     |  |  |  |  \-[IDENT] Node: 'test'
    |     |  |  |  \-[IDENT] Node: 'querycache'
    |     |  |  \-[IDENT] Node: 'Student'
    |     |  \-[ALIAS] Node: 's'
    |     \-[JOIN] Node: 'join'
    |        +-[LEFT] Node: 'left'
    |        \-[DOT] Node: '.'
    |           +-[IDENT] Node: 's'
    |           \-[IDENT] Node: 'enrolments'
    \-[ORDER] Node: 'order'
       \-[DOT] Node: '.'
          +-[IDENT] Node: 's'
          \-[IDENT] Node: 'studentNumber'

14:18:25,577 DEBUG ErrorCounter:82 - throwQueryException() : no errors
14:18:25,577 DEBUG FromElement:157 - FromClause{level=1} : org.hibernate.test.querycache.Student (s) -> student0_
14:18:25,577 DEBUG FromReferenceNode:74 - Resolved : s -> student0_.studentId
14:18:25,578 DEBUG DotNode:599 - getDataType() : enrolments -> org.hibernate.type.SetType(org.hibernate.test.querycache.Student.enrolments)
14:18:25,578 DEBUG FromElementFactory:376 - createEntityAssociation() : One to many - path = s.enrolments role = org.hibernate.test.querycache.Student.enrolments associatedEntityName = org.hibernate.test.querycache.Enrolment
14:18:25,578 DEBUG FromElement:157 - FromClause{level=1} : org.hibernate.test.querycache.Enrolment (<no alias>) -> enrolments1_
14:18:25,578 DEBUG FromClause:282 - addJoinByPathMap() : s.enrolments -> FromElement{explicit,not a collection join,not a fetch join,fetch non-lazy properties,classAlias=null,role=null,tableName=Enrolment,tableAlias=enrolments1_,origin=Student student0_,columns={student0_.studentId ,className=org.hibernate.test.querycache.Enrolment}}
14:18:25,578 DEBUG DotNode:308 - dereferenceCollection() : Created new FROM element for s.enrolments : Enrolment enrolments1_
14:18:25,578 DEBUG FromReferenceNode:74 - Resolved : s.enrolments -> .
14:18:25,578 DEBUG HqlSqlWalker:403 - createFromJoinElement() : -- join tree --
 \-[JOIN_FRAGMENT] FromElement: 'Enrolment enrolments1_' FromElement{explicit,not a collection join,not a fetch join,fetch non-lazy properties,classAlias=null,role=org.hibernate.test.querycache.Student.enrolments,tableName=Enrolment,tableAlias=enrolments1_,origin=Student student0_,columns={student0_.studentId ,className=org.hibernate.test.querycache.Enrolment}}

14:18:25,578 DEBUG FromReferenceNode:74 - Resolved : s -> student0_.studentId
14:18:25,579 DEBUG DotNode:599 - getDataType() : studentNumber -> org.hibernate.type.LongType@4bf3f9d
14:18:25,579 DEBUG FromReferenceNode:74 - Resolved : s.studentNumber -> student0_.studentId
14:18:25,579 DEBUG HqlSqlWalker:629 - processQuery() :  ( SELECT ( FromClause{level=1} ( Student student0_ Enrolment enrolments1_ ) ) ( order ( student0_.studentId student0_.studentId studentNumber ) ) )
14:18:25,579 DEBUG HqlSqlWalker:869 - Derived SELECT clause created.
14:18:25,579 DEBUG JoinProcessor:175 - Using FROM fragment [Student student0_]
14:18:25,580 DEBUG JoinProcessor:175 - Using FROM fragment [left outer join Enrolment enrolments1_ on student0_.studentId=enrolments1_.studentId]
14:18:25,580 DEBUG QueryTranslatorImpl:252 - --- SQL AST ---
 \-[SELECT] QueryNode: 'SELECT'  querySpaces (Student,Enrolment)
    +-[SELECT_CLAUSE] SelectClause: '{derived select clause}'
    |  +-[SELECT_EXPR] SelectExpressionImpl: 'student0_.studentId as studentId4_0_' {FromElement{explicit,not a collection join,not a fetch join,fetch non-lazy properties,classAlias=s,role=null,tableName=Student,tableAlias=student0_,origin=null,columns={,className=org.hibernate.test.querycache.Student}}}
    |  +-[SELECT_EXPR] SelectExpressionImpl: 'enrolments1_.studentId as studentId3_1_, enrolments1_.courseCode as courseCode3_1_' {FromElement{explicit,not a collection join,not a fetch join,fetch non-lazy properties,classAlias=null,role=org.hibernate.test.querycache.Student.enrolments,tableName=Enrolment,tableAlias=enrolments1_,origin=Student student0_,columns={student0_.studentId ,className=org.hibernate.test.querycache.Enrolment}}}
    |  +-[SQL_TOKEN] SqlFragment: 'student0_.name_first as name2_4_0_, student0_.name_middle as name3_4_0_, student0_.name_last as name4_4_0_, student0_.preferredCourseCode as preferre5_4_0_'
    |  \-[SQL_TOKEN] SqlFragment: 'enrolments1_.semester as semester3_1_, enrolments1_."year" as year4_3_1_'
    +-[FROM] FromClause: 'from' FromClause{level=1, fromElementCounter=2, fromElements=2, fromElementByClassAlias=[s], fromElementByTableAlias=[student0_, enrolments1_], fromElementsByPath=[s.enrolments], collectionJoinFromElementsByPath=[], impliedElements=[]}
    |  \-[FROM_FRAGMENT] FromElement: 'Student student0_' FromElement{explicit,not a collection join,not a fetch join,fetch non-lazy properties,classAlias=s,role=null,tableName=Student,tableAlias=student0_,origin=null,columns={,className=org.hibernate.test.querycache.Student}}
    |     \-[JOIN_FRAGMENT] FromElement: 'left outer join Enrolment enrolments1_ on student0_.studentId=enrolments1_.studentId' FromElement{explicit,not a collection join,not a fetch join,fetch non-lazy properties,classAlias=null,role=org.hibernate.test.querycache.Student.enrolments,tableName=Enrolment,tableAlias=enrolments1_,origin=Student student0_,columns={student0_.studentId ,className=org.hibernate.test.querycache.Enrolment}}
    \-[ORDER] OrderByClause: 'order'
       \-[DOT] DotNode: 'student0_.studentId' {propertyName=studentNumber,dereferenceType=ALL,propertyPath=studentNumber,path=s.studentNumber,tableAlias=student0_,className=org.hibernate.test.querycache.Student,classAlias=s}
          +-[ALIAS_REF] IdentNode: 'student0_.studentId' {alias=s, className=org.hibernate.test.querycache.Student, tableAlias=student0_}
          \-[IDENT] IdentNode: 'studentNumber' {originalText=studentNumber}

14:18:25,589 DEBUG ErrorCounter:82 - throwQueryException() : no errors
14:18:25,590 DEBUG QueryTranslatorImpl:235 - HQL: from org.hibernate.test.querycache.Student s left join s.enrolments order by s.studentNumber
14:18:25,590 DEBUG QueryTranslatorImpl:236 - SQL: select student0_.studentId as studentId4_0_, enrolments1_.studentId as studentId3_1_, enrolments1_.courseCode as courseCode3_1_, student0_.name_first as name2_4_0_, student0_.name_middle as name3_4_0_, student0_.name_last as name4_4_0_, student0_.preferredCourseCode as preferre5_4_0_, enrolments1_.semester as semester3_1_, enrolments1_."year" as year4_3_1_ from Student student0_ left outer join Enrolment enrolments1_ on student0_.studentId=enrolments1_.studentId order by student0_.studentId
14:18:25,590 DEBUG ErrorCounter:82 - throwQueryException() : no errors
14:18:25,590 DEBUG SQL:104 - 
    select
        student0_.studentId as studentId4_0_,
        enrolments1_.studentId as studentId3_1_,
        enrolments1_.courseCode as courseCode3_1_,
        student0_.name_first as name2_4_0_,
        student0_.name_middle as name3_4_0_,
        student0_.name_last as name4_4_0_,
        student0_.preferredCourseCode as preferre5_4_0_,
        enrolments1_.semester as semester3_1_,
        enrolments1_."year" as year4_3_1_ 
    from
        Student student0_ 
    left outer join
        Enrolment enrolments1_ 
            on student0_.studentId=enrolments1_.studentId 
    order by
        student0_.studentId
14:18:25,600 DEBUG SQL:104 - 
    select
        course0_.courseCode as courseCode1_0_,
        course0_.description as descript2_1_0_ 
    from
        Course course0_ 
    where
        course0_.courseCode=?
14:18:25,601 DEBUG SQL:104 - 
    select
        secretcode0_.studentNumber as studentN1_4_0_,
        secretcode0_.secretCode as secretCode5_0_,
        secretcode0_.i as i0_ 
    from
        Student_secretCodes secretcode0_ 
    where
        secretcode0_.studentNumber=?
14:18:25,602 DEBUG SQL:104 - 
    select
        coursemeet0_.courseCode as courseCode1_1_,
        coursemeet0_.courseCode as courseCode2_1_,
        coursemeet0_.day as day2_1_,
        coursemeet0_.period as period2_1_,
        coursemeet0_.location as location2_1_,
        coursemeet0_.courseCode as courseCode2_0_,
        coursemeet0_.day as day2_0_,
        coursemeet0_.period as period2_0_,
        coursemeet0_.location as location2_0_ 
    from
        CourseMeeting coursemeet0_ 
    where
        coursemeet0_.courseCode=?
14:18:25,602 DEBUG SQL:104 - 
    select
        secretcode0_.studentNumber as studentN1_4_0_,
        secretcode0_.secretCode as secretCode5_0_,
        secretcode0_.i as i0_ 
    from
        Student_secretCodes secretcode0_ 
    where
        secretcode0_.studentNumber=?
14:18:25,603 DEBUG SQL:104 - 
    select
        student0_.studentId as studentId4_0_,
        enrolments1_.studentId as studentId3_1_,
        enrolments1_.courseCode as courseCode3_1_,
        student0_.name_first as name2_4_0_,
        student0_.name_middle as name3_4_0_,
        student0_.name_last as name4_4_0_,
        student0_.preferredCourseCode as preferre5_4_0_,
        enrolments1_.semester as semester3_1_,
        enrolments1_."year" as year4_3_1_ 
    from
        Student student0_ 
    left outer join
        Enrolment enrolments1_ 
            on student0_.studentId=enrolments1_.studentId 
    order by
        student0_.studentId
14:18:25,624 DEBUG SQL:104 - 
    select
        course0_.courseCode as courseCode1_0_,
        course0_.description as descript2_1_0_ 
    from
        Course course0_ 
    where
        course0_.courseCode=?
14:18:25,625 DEBUG SQL:104 - 
    select
        secretcode0_.studentNumber as studentN1_4_0_,
        secretcode0_.secretCode as secretCode5_0_,
        secretcode0_.i as i0_ 
    from
        Student_secretCodes secretcode0_ 
    where
        secretcode0_.studentNumber=?
14:18:25,631 DEBUG SQL:104 - 
    select
        coursemeet0_.courseCode as courseCode1_1_,
        coursemeet0_.courseCode as courseCode2_1_,
        coursemeet0_.day as day2_1_,
        coursemeet0_.period as period2_1_,
        coursemeet0_.location as location2_1_,
        coursemeet0_.courseCode as courseCode2_0_,
        coursemeet0_.day as day2_0_,
        coursemeet0_.period as period2_0_,
        coursemeet0_.location as location2_0_ 
    from
        CourseMeeting coursemeet0_ 
    where
        coursemeet0_.courseCode=?
14:18:25,633 DEBUG SQL:104 - 
    select
        secretcode0_.studentNumber as studentN1_4_0_,
        secretcode0_.secretCode as secretCode5_0_,
        secretcode0_.i as i0_ 
    from
        Student_secretCodes secretcode0_ 
    where
        secretcode0_.studentNumber=?
14:18:25,634 DEBUG SQL:104 - 
    select
        student_.studentId,
        student_.name_first as name2_4_,
        student_.name_middle as name3_4_,
        student_.name_last as name4_4_,
        student_.preferredCourseCode as preferre5_4_ 
    from
        Student student_ 
    where
        student_.studentId=?
14:18:25,642 DEBUG SQL:104 - 
    select
        enrolment_.studentId,
        enrolment_.courseCode,
        enrolment_.semester as semester3_,
        enrolment_."year" as year4_3_ 
    from
        Enrolment enrolment_ 
    where
        enrolment_.studentId=? 
        and enrolment_.courseCode=?
14:18:25,642 DEBUG SQL:104 - 
    select
        course_.courseCode,
        course_.description as descript2_1_ 
    from
        Course course_ 
    where
        course_.courseCode=?
14:18:25,642 DEBUG SQL:104 - 
    select
        student_.studentId,
        student_.name_first as name2_4_,
        student_.name_middle as name3_4_,
        student_.name_last as name4_4_,
        student_.preferredCourseCode as preferre5_4_ 
    from
        Student student_ 
    where
        student_.studentId=?
14:18:25,653 DEBUG SQL:104 - 
    select
        enrolment_.studentId,
        enrolment_.courseCode,
        enrolment_.semester as semester3_,
        enrolment_."year" as year4_3_ 
    from
        Enrolment enrolment_ 
    where
        enrolment_.studentId=? 
        and enrolment_.courseCode=?
14:18:25,653 DEBUG SQL:104 - 
    select
        coursemeet_.courseCode,
        coursemeet_.day,
        coursemeet_.period,
        coursemeet_.location 
    from
        CourseMeeting coursemeet_ 
    where
        coursemeet_.courseCode=? 
        and coursemeet_.day=? 
        and coursemeet_.period=? 
        and coursemeet_.location=?
14:18:25,664 DEBUG SQL:104 - 
    select
        coursemeet_.courseCode,
        coursemeet_.day,
        coursemeet_.period,
        coursemeet_.location 
    from
        CourseMeeting coursemeet_ 
    where
        coursemeet_.courseCode=? 
        and coursemeet_.day=? 
        and coursemeet_.period=? 
        and coursemeet_.location=?
14:18:25,665 DEBUG BaseGeneralDataRegion:59 - Caching[foo.org.hibernate.cache.spi.UpdateTimestampsCache] : [Enrolment] -> [5579091008163840]
14:18:25,665 DEBUG SQL:104 - 
    update
        Address 
    set
        studentNumber=null,
        addressType=null 
    where
        studentNumber=?
14:18:25,665 DEBUG BaseGeneralDataRegion:59 - Caching[foo.org.hibernate.cache.spi.UpdateTimestampsCache] : [Address] -> [5579091008163841]
14:18:25,665 DEBUG SQL:104 - 
    delete 
    from
        Student_secretCodes 
    where
        studentNumber=?
14:18:25,665 DEBUG BaseGeneralDataRegion:59 - Caching[foo.org.hibernate.cache.spi.UpdateTimestampsCache] : [Student_secretCodes] -> [5579091008163842]
14:18:25,673 DEBUG BaseGeneralDataRegion:59 - Caching[foo.org.hibernate.cache.spi.UpdateTimestampsCache] : [Enrolment] -> [5579091008196608]
14:18:25,673 DEBUG BaseGeneralDataRegion:59 - Caching[foo.org.hibernate.cache.spi.UpdateTimestampsCache] : [Address] -> [5579091008196609]
14:18:25,673 DEBUG SQL:104 - 
    delete 
    from
        Student_secretCodes 
    where
        studentNumber=?
14:18:25,673 DEBUG BaseGeneralDataRegion:59 - Caching[foo.org.hibernate.cache.spi.UpdateTimestampsCache] : [Student_secretCodes] -> [5579091008196610]
14:18:25,674 DEBUG BaseGeneralDataRegion:59 - Caching[foo.org.hibernate.cache.spi.UpdateTimestampsCache] : [CourseMeeting] -> [5579091008200704]
14:18:25,674 DEBUG SQL:104 - 
    delete 
    from
        Enrolment 
    where
        studentId=? 
        and courseCode=?
14:18:25,674 DEBUG BaseGeneralDataRegion:59 - Caching[foo.org.hibernate.cache.spi.UpdateTimestampsCache] : [Enrolment] -> [5579091008200705]
14:18:25,674 DEBUG SQL:104 - 
    delete 
    from
        Address 
    where
        id=?
14:18:25,674 DEBUG BaseGeneralDataRegion:59 - Caching[foo.org.hibernate.cache.spi.UpdateTimestampsCache] : [Address] -> [5579091008200706]
14:18:25,674 DEBUG SQL:104 - 
    delete 
    from
        Address 
    where
        id=?
14:18:25,684 DEBUG BaseGeneralDataRegion:59 - Caching[foo.org.hibernate.cache.spi.UpdateTimestampsCache] : [Address] -> [5579091008241664]
14:18:25,684 DEBUG SQL:104 - 
    delete 
    from
        Student 
    where
        studentId=?
14:18:25,684 DEBUG BaseGeneralDataRegion:59 - Caching[foo.org.hibernate.cache.spi.UpdateTimestampsCache] : [Student] -> [5579091008241665]
14:18:25,684 DEBUG SQL:104 - 
    delete 
    from
        Enrolment 
    where
        studentId=? 
        and courseCode=?
14:18:25,685 DEBUG BaseGeneralDataRegion:59 - Caching[foo.org.hibernate.cache.spi.UpdateTimestampsCache] : [Enrolment] -> [5579091008245760]
14:18:25,685 DEBUG SQL:104 - 
    delete 
    from
        Student 
    where
        studentId=?
14:18:25,685 DEBUG BaseGeneralDataRegion:59 - Caching[foo.org.hibernate.cache.spi.UpdateTimestampsCache] : [Student] -> [5579091008245761]
14:18:25,685 DEBUG SQL:104 - 
    delete 
    from
        CourseMeeting 
    where
        courseCode=? 
        and day=? 
        and period=? 
        and location=?
14:18:25,693 DEBUG BaseGeneralDataRegion:59 - Caching[foo.org.hibernate.cache.spi.UpdateTimestampsCache] : [CourseMeeting] -> [5579091008278528]
14:18:25,694 DEBUG SQL:104 - 
    delete 
    from
        CourseMeeting 
    where
        courseCode=? 
        and day=? 
        and period=? 
        and location=?
14:18:25,694 DEBUG BaseGeneralDataRegion:59 - Caching[foo.org.hibernate.cache.spi.UpdateTimestampsCache] : [CourseMeeting] -> [5579091008282624]
14:18:25,694 DEBUG SQL:104 - 
    delete 
    from
        Course 
    where
        courseCode=?
14:18:25,694 DEBUG BaseGeneralDataRegion:59 - Caching[foo.org.hibernate.cache.spi.UpdateTimestampsCache] : [Course] -> [5579091008282625]
14:18:25,694 DEBUG BaseGeneralDataRegion:59 - Caching[foo.org.hibernate.cache.spi.UpdateTimestampsCache] : [Student] -> [5579090762522626]
14:18:25,694 DEBUG BaseGeneralDataRegion:59 - Caching[foo.org.hibernate.cache.spi.UpdateTimestampsCache] : [Course] -> [5579090762522626]
14:18:25,694 DEBUG BaseGeneralDataRegion:59 - Caching[foo.org.hibernate.cache.spi.UpdateTimestampsCache] : [Enrolment] -> [5579090762522626]
14:18:25,695 DEBUG BaseGeneralDataRegion:59 - Caching[foo.org.hibernate.cache.spi.UpdateTimestampsCache] : [Student_secretCodes] -> [5579090762522626]
14:18:25,695 DEBUG BaseGeneralDataRegion:59 - Caching[foo.org.hibernate.cache.spi.UpdateTimestampsCache] : [Address] -> [5579090762522626]
14:18:25,695 DEBUG BaseGeneralDataRegion:59 - Caching[foo.org.hibernate.cache.spi.UpdateTimestampsCache] : [CourseMeeting] -> [5579090762522626]
14:18:25,695 DEBUG SQL:104 - 
    select
        coursemeet_.courseCode,
        coursemeet_.day,
        coursemeet_.period,
        coursemeet_.location 
    from
        CourseMeeting coursemeet_ 
    where
        coursemeet_.courseCode=? 
        and coursemeet_.day=? 
        and coursemeet_.period=? 
        and coursemeet_.location=?
14:18:25,705 DEBUG SQL:104 - 
    select
        coursemeet_.courseCode,
        coursemeet_.day,
        coursemeet_.period,
        coursemeet_.location 
    from
        CourseMeeting coursemeet_ 
    where
        coursemeet_.courseCode=? 
        and coursemeet_.day=? 
        and coursemeet_.period=? 
        and coursemeet_.location=?
14:18:25,706 DEBUG SQL:104 - 
    insert 
    into
        Course
        (description, courseCode) 
    values
        (?, ?)
14:18:25,706 DEBUG BaseGeneralDataRegion:59 - Caching[foo.org.hibernate.cache.spi.UpdateTimestampsCache] : [Course] -> [5579091008331776]
14:18:25,706 DEBUG SQL:104 - 
    insert 
    into
        CourseMeeting
        (courseCode, day, period, location) 
    values
        (?, ?, ?, ?)
14:18:25,706 DEBUG BaseGeneralDataRegion:59 - Caching[foo.org.hibernate.cache.spi.UpdateTimestampsCache] : [CourseMeeting] -> [5579091008331777]
14:18:25,706 DEBUG SQL:104 - 
    insert 
    into
        CourseMeeting
        (courseCode, day, period, location) 
    values
        (?, ?, ?, ?)
14:18:25,706 DEBUG BaseGeneralDataRegion:59 - Caching[foo.org.hibernate.cache.spi.UpdateTimestampsCache] : [CourseMeeting] -> [5579091008331778]
14:18:25,707 DEBUG SQL:104 - 
    insert 
    into
        Student
        (name_first, name_middle, name_last, preferredCourseCode, studentId) 
    values
        (?, ?, ?, ?, ?)
14:18:25,707 DEBUG BaseGeneralDataRegion:59 - Caching[foo.org.hibernate.cache.spi.UpdateTimestampsCache] : [Student] -> [5579091008335872]
14:18:25,707 DEBUG SQL:104 - 
    insert 
    into
        Address
        (addressType, street, city, stateProvince, postalCode, country, studentNumber, id) 
    values
        (?, ?, ?, ?, ?, ?, ?, ?)
14:18:25,717 DEBUG BaseGeneralDataRegion:59 - Caching[foo.org.hibernate.cache.spi.UpdateTimestampsCache] : [Address] -> [5579091008376832]
14:18:25,717 DEBUG SQL:104 - 
    insert 
    into
        Address
        (addressType, street, city, stateProvince, postalCode, country, studentNumber, id) 
    values
        (?, ?, ?, ?, ?, ?, ?, ?)
14:18:25,717 DEBUG BaseGeneralDataRegion:59 - Caching[foo.org.hibernate.cache.spi.UpdateTimestampsCache] : [Address] -> [5579091008376833]
14:18:25,717 DEBUG SQL:104 - 
    insert 
    into
        Student
        (name_first, name_middle, name_last, preferredCourseCode, studentId) 
    values
        (?, ?, ?, ?, ?)
14:18:25,717 DEBUG BaseGeneralDataRegion:59 - Caching[foo.org.hibernate.cache.spi.UpdateTimestampsCache] : [Student] -> [5579091008376834]
14:18:25,717 DEBUG SQL:104 - 
    insert 
    into
        Enrolment
        (semester, "year", studentId, courseCode) 
    values
        (?, ?, ?, ?)
14:18:25,718 DEBUG BaseGeneralDataRegion:59 - Caching[foo.org.hibernate.cache.spi.UpdateTimestampsCache] : [Enrolment] -> [5579091008380928]
14:18:25,718 DEBUG SQL:104 - 
    insert 
    into
        Enrolment
        (semester, "year", studentId, courseCode) 
    values
        (?, ?, ?, ?)
14:18:25,728 DEBUG BaseGeneralDataRegion:59 - Caching[foo.org.hibernate.cache.spi.UpdateTimestampsCache] : [Enrolment] -> [5579091008421888]
14:18:25,728 DEBUG BaseGeneralDataRegion:59 - Caching[foo.org.hibernate.cache.spi.UpdateTimestampsCache] : [CourseMeeting] -> [5579091008421889]
14:18:25,728 DEBUG BaseGeneralDataRegion:59 - Caching[foo.org.hibernate.cache.spi.UpdateTimestampsCache] : [Enrolment] -> [5579091008421890]
14:18:25,728 DEBUG SQL:104 - 
    update
        Address 
    set
        studentNumber=?,
        addressType=? 
    where
        id=?
14:18:25,728 DEBUG SQL:104 - 
    update
        Address 
    set
        studentNumber=?,
        addressType=? 
    where
        id=?
14:18:25,729 DEBUG BaseGeneralDataRegion:59 - Caching[foo.org.hibernate.cache.spi.UpdateTimestampsCache] : [Address] -> [5579091008425984]
14:18:25,729 DEBUG SQL:104 - 
    insert 
    into
        Student_secretCodes
        (studentNumber, i, secretCode) 
    values
        (?, ?, ?)
14:18:25,729 DEBUG BaseGeneralDataRegion:59 - Caching[foo.org.hibernate.cache.spi.UpdateTimestampsCache] : [Student_secretCodes] -> [5579091008425985]
14:18:25,729 DEBUG BaseGeneralDataRegion:59 - Caching[foo.org.hibernate.cache.spi.UpdateTimestampsCache] : [Enrolment] -> [5579091008425986]
14:18:25,729 DEBUG BaseGeneralDataRegion:59 - Caching[foo.org.hibernate.cache.spi.UpdateTimestampsCache] : [Address] -> [5579091008425987]
14:18:25,729 DEBUG SQL:104 - 
    insert 
    into
        Student_secretCodes
        (studentNumber, i, secretCode) 
    values
        (?, ?, ?)
14:18:25,729 DEBUG SQL:104 - 
    insert 
    into
        Student_secretCodes
        (studentNumber, i, secretCode) 
    values
        (?, ?, ?)
14:18:25,751 DEBUG BaseGeneralDataRegion:59 - Caching[foo.org.hibernate.cache.spi.UpdateTimestampsCache] : [Student_secretCodes] -> [5579091008516096]
14:18:25,751 DEBUG BaseGeneralDataRegion:59 - Caching[foo.org.hibernate.cache.spi.UpdateTimestampsCache] : [Student] -> [5579090762756097]
14:18:25,751 DEBUG BaseGeneralDataRegion:59 - Caching[foo.org.hibernate.cache.spi.UpdateTimestampsCache] : [Course] -> [5579090762756097]
14:18:25,751 DEBUG BaseGeneralDataRegion:59 - Caching[foo.org.hibernate.cache.spi.UpdateTimestampsCache] : [Enrolment] -> [5579090762756097]
14:18:25,751 DEBUG BaseGeneralDataRegion:59 - Caching[foo.org.hibernate.cache.spi.UpdateTimestampsCache] : [Student_secretCodes] -> [5579090762756097]
14:18:25,751 DEBUG BaseGeneralDataRegion:59 - Caching[foo.org.hibernate.cache.spi.UpdateTimestampsCache] : [Address] -> [5579090762756097]
14:18:25,751 DEBUG BaseGeneralDataRegion:59 - Caching[foo.org.hibernate.cache.spi.UpdateTimestampsCache] : [CourseMeeting] -> [5579090762756097]
14:18:25,752 DEBUG QueryTranslatorImpl:265 - parse() - HQL: from org.hibernate.test.querycache.Student s left join s.enrolments e order by s.studentNumber
14:18:25,753 DEBUG QueryTranslatorImpl:283 - --- HQL AST ---
 \-[QUERY] Node: 'query'
    +-[SELECT_FROM] Node: 'SELECT_FROM'
    |  \-[FROM] Node: 'from'
    |     +-[RANGE] Node: 'RANGE'
    |     |  +-[DOT] Node: '.'
    |     |  |  +-[DOT] Node: '.'
    |     |  |  |  +-[DOT] Node: '.'
    |     |  |  |  |  +-[DOT] Node: '.'
    |     |  |  |  |  |  +-[IDENT] Node: 'org'
    |     |  |  |  |  |  \-[IDENT] Node: 'hibernate'
    |     |  |  |  |  \-[IDENT] Node: 'test'
    |     |  |  |  \-[IDENT] Node: 'querycache'
    |     |  |  \-[IDENT] Node: 'Student'
    |     |  \-[ALIAS] Node: 's'
    |     \-[JOIN] Node: 'join'
    |        +-[LEFT] Node: 'left'
    |        +-[DOT] Node: '.'
    |        |  +-[IDENT] Node: 's'
    |        |  \-[IDENT] Node: 'enrolments'
    |        \-[ALIAS] Node: 'e'
    \-[ORDER] Node: 'order'
       \-[DOT] Node: '.'
          +-[IDENT] Node: 's'
          \-[IDENT] Node: 'studentNumber'

14:18:25,760 DEBUG ErrorCounter:82 - throwQueryException() : no errors
14:18:25,761 DEBUG FromElement:157 - FromClause{level=1} : org.hibernate.test.querycache.Student (s) -> student0_
14:18:25,761 DEBUG FromReferenceNode:74 - Resolved : s -> student0_.studentId
14:18:25,761 DEBUG DotNode:599 - getDataType() : enrolments -> org.hibernate.type.SetType(org.hibernate.test.querycache.Student.enrolments)
14:18:25,761 DEBUG FromElementFactory:376 - createEntityAssociation() : One to many - path = s.enrolments role = org.hibernate.test.querycache.Student.enrolments associatedEntityName = org.hibernate.test.querycache.Enrolment
14:18:25,761 DEBUG FromElement:157 - FromClause{level=1} : org.hibernate.test.querycache.Enrolment (e) -> enrolments1_
14:18:25,761 DEBUG FromClause:282 - addJoinByPathMap() : s.enrolments -> FromElement{explicit,not a collection join,not a fetch join,fetch non-lazy properties,classAlias=e,role=null,tableName=Enrolment,tableAlias=enrolments1_,origin=Student student0_,columns={student0_.studentId ,className=org.hibernate.test.querycache.Enrolment}}
14:18:25,762 DEBUG DotNode:308 - dereferenceCollection() : Created new FROM element for s.enrolments : Enrolment enrolments1_
14:18:25,762 DEBUG FromReferenceNode:74 - Resolved : s.enrolments -> .
14:18:25,762 DEBUG HqlSqlWalker:403 - createFromJoinElement() : -- join tree --
 \-[JOIN_FRAGMENT] FromElement: 'Enrolment enrolments1_' FromElement{explicit,not a collection join,not a fetch join,fetch non-lazy properties,classAlias=e,role=org.hibernate.test.querycache.Student.enrolments,tableName=Enrolment,tableAlias=enrolments1_,origin=Student student0_,columns={student0_.studentId ,className=org.hibernate.test.querycache.Enrolment}}

14:18:25,762 DEBUG FromReferenceNode:74 - Resolved : s -> student0_.studentId
14:18:25,762 DEBUG DotNode:599 - getDataType() : studentNumber -> org.hibernate.type.LongType@4bf3f9d
14:18:25,762 DEBUG FromReferenceNode:74 - Resolved : s.studentNumber -> student0_.studentId
14:18:25,762 DEBUG HqlSqlWalker:629 - processQuery() :  ( SELECT ( FromClause{level=1} ( Student student0_ Enrolment enrolments1_ ) ) ( order ( student0_.studentId student0_.studentId studentNumber ) ) )
14:18:25,763 DEBUG HqlSqlWalker:869 - Derived SELECT clause created.
14:18:25,763 DEBUG JoinProcessor:175 - Using FROM fragment [Student student0_]
14:18:25,763 DEBUG JoinProcessor:175 - Using FROM fragment [left outer join Enrolment enrolments1_ on student0_.studentId=enrolments1_.studentId]
14:18:25,763 DEBUG QueryTranslatorImpl:252 - --- SQL AST ---
 \-[SELECT] QueryNode: 'SELECT'  querySpaces (Student,Enrolment)
    +-[SELECT_CLAUSE] SelectClause: '{derived select clause}'
    |  +-[SELECT_EXPR] SelectExpressionImpl: 'student0_.studentId as studentId4_0_' {FromElement{explicit,not a collection join,not a fetch join,fetch non-lazy properties,classAlias=s,role=null,tableName=Student,tableAlias=student0_,origin=null,columns={,className=org.hibernate.test.querycache.Student}}}
    |  +-[SELECT_EXPR] SelectExpressionImpl: 'enrolments1_.studentId as studentId3_1_, enrolments1_.courseCode as courseCode3_1_' {FromElement{explicit,not a collection join,not a fetch join,fetch non-lazy properties,classAlias=e,role=org.hibernate.test.querycache.Student.enrolments,tableName=Enrolment,tableAlias=enrolments1_,origin=Student student0_,columns={student0_.studentId ,className=org.hibernate.test.querycache.Enrolment}}}
    |  +-[SQL_TOKEN] SqlFragment: 'student0_.name_first as name2_4_0_, student0_.name_middle as name3_4_0_, student0_.name_last as name4_4_0_, student0_.preferredCourseCode as preferre5_4_0_'
    |  \-[SQL_TOKEN] SqlFragment: 'enrolments1_.semester as semester3_1_, enrolments1_."year" as year4_3_1_'
    +-[FROM] FromClause: 'from' FromClause{level=1, fromElementCounter=2, fromElements=2, fromElementByClassAlias=[e, s], fromElementByTableAlias=[student0_, enrolments1_], fromElementsByPath=[s.enrolments], collectionJoinFromElementsByPath=[], impliedElements=[]}
    |  \-[FROM_FRAGMENT] FromElement: 'Student student0_' FromElement{explicit,not a collection join,not a fetch join,fetch non-lazy properties,classAlias=s,role=null,tableName=Student,tableAlias=student0_,origin=null,columns={,className=org.hibernate.test.querycache.Student}}
    |     \-[JOIN_FRAGMENT] FromElement: 'left outer join Enrolment enrolments1_ on student0_.studentId=enrolments1_.studentId' FromElement{explicit,not a collection join,not a fetch join,fetch non-lazy properties,classAlias=e,role=org.hibernate.test.querycache.Student.enrolments,tableName=Enrolment,tableAlias=enrolments1_,origin=Student student0_,columns={student0_.studentId ,className=org.hibernate.test.querycache.Enrolment}}
    \-[ORDER] OrderByClause: 'order'
       \-[DOT] DotNode: 'student0_.studentId' {propertyName=studentNumber,dereferenceType=ALL,propertyPath=studentNumber,path=s.studentNumber,tableAlias=student0_,className=org.hibernate.test.querycache.Student,classAlias=s}
          +-[ALIAS_REF] IdentNode: 'student0_.studentId' {alias=s, className=org.hibernate.test.querycache.Student, tableAlias=student0_}
          \-[IDENT] IdentNode: 'studentNumber' {originalText=studentNumber}

14:18:25,770 DEBUG ErrorCounter:82 - throwQueryException() : no errors
14:18:25,771 DEBUG QueryTranslatorImpl:235 - HQL: from org.hibernate.test.querycache.Student s left join s.enrolments e order by s.studentNumber
14:18:25,771 DEBUG QueryTranslatorImpl:236 - SQL: select student0_.studentId as studentId4_0_, enrolments1_.studentId as studentId3_1_, enrolments1_.courseCode as courseCode3_1_, student0_.name_first as name2_4_0_, student0_.name_middle as name3_4_0_, student0_.name_last as name4_4_0_, student0_.preferredCourseCode as preferre5_4_0_, enrolments1_.semester as semester3_1_, enrolments1_."year" as year4_3_1_ from Student student0_ left outer join Enrolment enrolments1_ on student0_.studentId=enrolments1_.studentId order by student0_.studentId
14:18:25,771 DEBUG ErrorCounter:82 - throwQueryException() : no errors
14:18:25,771 DEBUG SQL:104 - 
    select
        student0_.studentId as studentId4_0_,
        enrolments1_.studentId as studentId3_1_,
        enrolments1_.courseCode as courseCode3_1_,
        student0_.name_first as name2_4_0_,
        student0_.name_middle as name3_4_0_,
        student0_.name_last as name4_4_0_,
        student0_.preferredCourseCode as preferre5_4_0_,
        enrolments1_.semester as semester3_1_,
        enrolments1_."year" as year4_3_1_ 
    from
        Student student0_ 
    left outer join
        Enrolment enrolments1_ 
            on student0_.studentId=enrolments1_.studentId 
    order by
        student0_.studentId
14:18:25,781 DEBUG SQL:104 - 
    select
        course0_.courseCode as courseCode1_0_,
        course0_.description as descript2_1_0_ 
    from
        Course course0_ 
    where
        course0_.courseCode=?
14:18:25,782 DEBUG SQL:104 - 
    select
        secretcode0_.studentNumber as studentN1_4_0_,
        secretcode0_.secretCode as secretCode5_0_,
        secretcode0_.i as i0_ 
    from
        Student_secretCodes secretcode0_ 
    where
        secretcode0_.studentNumber=?
14:18:25,782 DEBUG SQL:104 - 
    select
        coursemeet0_.courseCode as courseCode1_1_,
        coursemeet0_.courseCode as courseCode2_1_,
        coursemeet0_.day as day2_1_,
        coursemeet0_.period as period2_1_,
        coursemeet0_.location as location2_1_,
        coursemeet0_.courseCode as courseCode2_0_,
        coursemeet0_.day as day2_0_,
        coursemeet0_.period as period2_0_,
        coursemeet0_.location as location2_0_ 
    from
        CourseMeeting coursemeet0_ 
    where
        coursemeet0_.courseCode=?
14:18:25,793 DEBUG SQL:104 - 
    select
        secretcode0_.studentNumber as studentN1_4_0_,
        secretcode0_.secretCode as secretCode5_0_,
        secretcode0_.i as i0_ 
    from
        Student_secretCodes secretcode0_ 
    where
        secretcode0_.studentNumber=?
14:18:25,794 DEBUG SQL:104 - 
    select
        student0_.studentId as studentId4_0_,
        enrolments1_.studentId as studentId3_1_,
        enrolments1_.courseCode as courseCode3_1_,
        student0_.name_first as name2_4_0_,
        student0_.name_middle as name3_4_0_,
        student0_.name_last as name4_4_0_,
        student0_.preferredCourseCode as preferre5_4_0_,
        enrolments1_.semester as semester3_1_,
        enrolments1_."year" as year4_3_1_ 
    from
        Student student0_ 
    left outer join
        Enrolment enrolments1_ 
            on student0_.studentId=enrolments1_.studentId 
    order by
        student0_.studentId
14:18:25,803 DEBUG SQL:104 - 
    select
        course0_.courseCode as courseCode1_0_,
        course0_.description as descript2_1_0_ 
    from
        Course course0_ 
    where
        course0_.courseCode=?
14:18:25,804 DEBUG SQL:104 - 
    select
        secretcode0_.studentNumber as studentN1_4_0_,
        secretcode0_.secretCode as secretCode5_0_,
        secretcode0_.i as i0_ 
    from
        Student_secretCodes secretcode0_ 
    where
        secretcode0_.studentNumber=?
14:18:25,804 DEBUG SQL:104 - 
    select
        coursemeet0_.courseCode as courseCode1_1_,
        coursemeet0_.courseCode as courseCode2_1_,
        coursemeet0_.day as day2_1_,
        coursemeet0_.period as period2_1_,
        coursemeet0_.location as location2_1_,
        coursemeet0_.courseCode as courseCode2_0_,
        coursemeet0_.day as day2_0_,
        coursemeet0_.period as period2_0_,
        coursemeet0_.location as location2_0_ 
    from
        CourseMeeting coursemeet0_ 
    where
        coursemeet0_.courseCode=?
14:18:25,813 DEBUG SQL:104 - 
    select
        secretcode0_.studentNumber as studentN1_4_0_,
        secretcode0_.secretCode as secretCode5_0_,
        secretcode0_.i as i0_ 
    from
        Student_secretCodes secretcode0_ 
    where
        secretcode0_.studentNumber=?
14:18:25,814 DEBUG SQL:104 - 
    select
        student_.studentId,
        student_.name_first as name2_4_,
        student_.name_middle as name3_4_,
        student_.name_last as name4_4_,
        student_.preferredCourseCode as preferre5_4_ 
    from
        Student student_ 
    where
        student_.studentId=?
14:18:25,814 DEBUG SQL:104 - 
    select
        enrolment_.studentId,
        enrolment_.courseCode,
        enrolment_.semester as semester3_,
        enrolment_."year" as year4_3_ 
    from
        Enrolment enrolment_ 
    where
        enrolment_.studentId=? 
        and enrolment_.courseCode=?
14:18:25,823 DEBUG SQL:104 - 
    select
        course_.courseCode,
        course_.description as descript2_1_ 
    from
        Course course_ 
    where
        course_.courseCode=?
14:18:25,824 DEBUG SQL:104 - 
    select
        student_.studentId,
        student_.name_first as name2_4_,
        student_.name_middle as name3_4_,
        student_.name_last as name4_4_,
        student_.preferredCourseCode as preferre5_4_ 
    from
        Student student_ 
    where
        student_.studentId=?
14:18:25,824 DEBUG SQL:104 - 
    select
        enrolment_.studentId,
        enrolment_.courseCode,
        enrolment_.semester as semester3_,
        enrolment_."year" as year4_3_ 
    from
        Enrolment enrolment_ 
    where
        enrolment_.studentId=? 
        and enrolment_.courseCode=?
14:18:25,824 DEBUG SQL:104 - 
    select
        coursemeet_.courseCode,
        coursemeet_.day,
        coursemeet_.period,
        coursemeet_.location 
    from
        CourseMeeting coursemeet_ 
    where
        coursemeet_.courseCode=? 
        and coursemeet_.day=? 
        and coursemeet_.period=? 
        and coursemeet_.location=?
14:18:25,825 DEBUG SQL:104 - 
    select
        coursemeet_.courseCode,
        coursemeet_.day,
        coursemeet_.period,
        coursemeet_.location 
    from
        CourseMeeting coursemeet_ 
    where
        coursemeet_.courseCode=? 
        and coursemeet_.day=? 
        and coursemeet_.period=? 
        and coursemeet_.location=?
14:18:25,837 DEBUG BaseGeneralDataRegion:59 - Caching[foo.org.hibernate.cache.spi.UpdateTimestampsCache] : [Enrolment] -> [5579091008868352]
14:18:25,837 DEBUG SQL:104 - 
    update
        Address 
    set
        studentNumber=null,
        addressType=null 
    where
        studentNumber=?
14:18:25,837 DEBUG BaseGeneralDataRegion:59 - Caching[foo.org.hibernate.cache.spi.UpdateTimestampsCache] : [Address] -> [5579091008868353]
14:18:25,838 DEBUG SQL:104 - 
    delete 
    from
        Student_secretCodes 
    where
        studentNumber=?
14:18:25,838 DEBUG BaseGeneralDataRegion:59 - Caching[foo.org.hibernate.cache.spi.UpdateTimestampsCache] : [Student_secretCodes] -> [5579091008872448]
14:18:25,838 DEBUG BaseGeneralDataRegion:59 - Caching[foo.org.hibernate.cache.spi.UpdateTimestampsCache] : [Enrolment] -> [5579091008872449]
14:18:25,838 DEBUG BaseGeneralDataRegion:59 - Caching[foo.org.hibernate.cache.spi.UpdateTimestampsCache] : [Address] -> [5579091008872450]
14:18:25,838 DEBUG SQL:104 - 
    delete 
    from
        Student_secretCodes 
    where
        studentNumber=?
14:18:25,838 DEBUG BaseGeneralDataRegion:59 - Caching[foo.org.hibernate.cache.spi.UpdateTimestampsCache] : [Student_secretCodes] -> [5579091008872451]
14:18:25,838 DEBUG BaseGeneralDataRegion:59 - Caching[foo.org.hibernate.cache.spi.UpdateTimestampsCache] : [CourseMeeting] -> [5579091008872452]
14:18:25,838 DEBUG SQL:104 - 
    delete 
    from
        Enrolment 
    where
        studentId=? 
        and courseCode=?
14:18:25,847 DEBUG BaseGeneralDataRegion:59 - Caching[foo.org.hibernate.cache.spi.UpdateTimestampsCache] : [Enrolment] -> [5579091008909312]
14:18:25,848 DEBUG SQL:104 - 
    delete 
    from
        Address 
    where
        id=?
14:18:25,848 DEBUG BaseGeneralDataRegion:59 - Caching[foo.org.hibernate.cache.spi.UpdateTimestampsCache] : [Address] -> [5579091008913408]
14:18:25,848 DEBUG SQL:104 - 
    delete 
    from
        Address 
    where
        id=?
14:18:25,848 DEBUG BaseGeneralDataRegion:59 - Caching[foo.org.hibernate.cache.spi.UpdateTimestampsCache] : [Address] -> [5579091008913409]
14:18:25,848 DEBUG SQL:104 - 
    delete 
    from
        Student 
    where
        studentId=?
14:18:25,849 DEBUG BaseGeneralDataRegion:59 - Caching[foo.org.hibernate.cache.spi.UpdateTimestampsCache] : [Student] -> [5579091008917504]
14:18:25,849 DEBUG SQL:104 - 
    delete 
    from
        Enrolment 
    where
        studentId=? 
        and courseCode=?
14:18:25,849 DEBUG BaseGeneralDataRegion:59 - Caching[foo.org.hibernate.cache.spi.UpdateTimestampsCache] : [Enrolment] -> [5579091008917505]
14:18:25,849 DEBUG SQL:104 - 
    delete 
    from
        Student 
    where
        studentId=?
14:18:25,849 DEBUG BaseGeneralDataRegion:59 - Caching[foo.org.hibernate.cache.spi.UpdateTimestampsCache] : [Student] -> [5579091008917506]
14:18:25,849 DEBUG SQL:104 - 
    delete 
    from
        CourseMeeting 
    where
        courseCode=? 
        and day=? 
        and period=? 
        and location=?
14:18:25,870 DEBUG BaseGeneralDataRegion:59 - Caching[foo.org.hibernate.cache.spi.UpdateTimestampsCache] : [CourseMeeting] -> [5579091009003520]
14:18:25,870 DEBUG SQL:104 - 
    delete 
    from
        CourseMeeting 
    where
        courseCode=? 
        and day=? 
        and period=? 
        and location=?
14:18:25,871 DEBUG BaseGeneralDataRegion:59 - Caching[foo.org.hibernate.cache.spi.UpdateTimestampsCache] : [CourseMeeting] -> [5579091009007616]
14:18:25,871 DEBUG SQL:104 - 
    delete 
    from
        Course 
    where
        courseCode=?
14:18:25,871 DEBUG BaseGeneralDataRegion:59 - Caching[foo.org.hibernate.cache.spi.UpdateTimestampsCache] : [Course] -> [5579091009007617]
14:18:25,871 DEBUG BaseGeneralDataRegion:59 - Caching[foo.org.hibernate.cache.spi.UpdateTimestampsCache] : [Student] -> [5579090763247618]
14:18:25,880 DEBUG BaseGeneralDataRegion:59 - Caching[foo.org.hibernate.cache.spi.UpdateTimestampsCache] : [Course] -> [5579090763247618]
14:18:25,880 DEBUG BaseGeneralDataRegion:59 - Caching[foo.org.hibernate.cache.spi.UpdateTimestampsCache] : [Enrolment] -> [5579090763247618]
14:18:25,881 DEBUG BaseGeneralDataRegion:59 - Caching[foo.org.hibernate.cache.spi.UpdateTimestampsCache] : [Student_secretCodes] -> [5579090763247618]
14:18:25,881 DEBUG BaseGeneralDataRegion:59 - Caching[foo.org.hibernate.cache.spi.UpdateTimestampsCache] : [Address] -> [5579090763247618]
14:18:25,881 DEBUG BaseGeneralDataRegion:59 - Caching[foo.org.hibernate.cache.spi.UpdateTimestampsCache] : [CourseMeeting] -> [5579090763247618]
14:18:25,881  INFO CustomRunner:139 - Test: testEntityWithLazyAssnList
14:18:25,882 DEBUG SQL:104 - 
    select
        coursemeet_.courseCode,
        coursemeet_.day,
        coursemeet_.period,
        coursemeet_.location 
    from
        CourseMeeting coursemeet_ 
    where
        coursemeet_.courseCode=? 
        and coursemeet_.day=? 
        and coursemeet_.period=? 
        and coursemeet_.location=?
14:18:25,883 DEBUG SQL:104 - 
    select
        coursemeet_.courseCode,
        coursemeet_.day,
        coursemeet_.period,
        coursemeet_.location 
    from
        CourseMeeting coursemeet_ 
    where
        coursemeet_.courseCode=? 
        and coursemeet_.day=? 
        and coursemeet_.period=? 
        and coursemeet_.location=?
14:18:25,890 DEBUG SQL:104 - 
    insert 
    into
        Course
        (description, courseCode) 
    values
        (?, ?)
14:18:25,891 DEBUG BaseGeneralDataRegion:59 - Caching[foo.org.hibernate.cache.spi.UpdateTimestampsCache] : [Course] -> [5579091009089536]
14:18:25,891 DEBUG SQL:104 - 
    insert 
    into
        CourseMeeting
        (courseCode, day, period, location) 
    values
        (?, ?, ?, ?)
14:18:25,891 DEBUG BaseGeneralDataRegion:59 - Caching[foo.org.hibernate.cache.spi.UpdateTimestampsCache] : [CourseMeeting] -> [5579091009089537]
14:18:25,891 DEBUG SQL:104 - 
    insert 
    into
        CourseMeeting
        (courseCode, day, period, location) 
    values
        (?, ?, ?, ?)
14:18:25,891 DEBUG BaseGeneralDataRegion:59 - Caching[foo.org.hibernate.cache.spi.UpdateTimestampsCache] : [CourseMeeting] -> [5579091009089538]
14:18:25,891 DEBUG SQL:104 - 
    insert 
    into
        Student
        (name_first, name_middle, name_last, preferredCourseCode, studentId) 
    values
        (?, ?, ?, ?, ?)
14:18:25,902 DEBUG BaseGeneralDataRegion:59 - Caching[foo.org.hibernate.cache.spi.UpdateTimestampsCache] : [Student] -> [5579091009134592]
14:18:25,903 DEBUG SQL:104 - 
    insert 
    into
        Address
        (addressType, street, city, stateProvince, postalCode, country, studentNumber, id) 
    values
        (?, ?, ?, ?, ?, ?, ?, ?)
14:18:25,903 DEBUG BaseGeneralDataRegion:59 - Caching[foo.org.hibernate.cache.spi.UpdateTimestampsCache] : [Address] -> [5579091009138688]
14:18:25,903 DEBUG SQL:104 - 
    insert 
    into
        Address
        (addressType, street, city, stateProvince, postalCode, country, studentNumber, id) 
    values
        (?, ?, ?, ?, ?, ?, ?, ?)
14:18:25,903 DEBUG BaseGeneralDataRegion:59 - Caching[foo.org.hibernate.cache.spi.UpdateTimestampsCache] : [Address] -> [5579091009138689]
14:18:25,903 DEBUG SQL:104 - 
    insert 
    into
        Student
        (name_first, name_middle, name_last, preferredCourseCode, studentId) 
    values
        (?, ?, ?, ?, ?)
14:18:25,904 DEBUG BaseGeneralDataRegion:59 - Caching[foo.org.hibernate.cache.spi.UpdateTimestampsCache] : [Student] -> [5579091009142784]
14:18:25,912 DEBUG SQL:104 - 
    insert 
    into
        Enrolment
        (semester, "year", studentId, courseCode) 
    values
        (?, ?, ?, ?)
14:18:25,912 DEBUG BaseGeneralDataRegion:59 - Caching[foo.org.hibernate.cache.spi.UpdateTimestampsCache] : [Enrolment] -> [5579091009175552]
14:18:25,912 DEBUG SQL:104 - 
    insert 
    into
        Enrolment
        (semester, "year", studentId, courseCode) 
    values
        (?, ?, ?, ?)
14:18:25,913 DEBUG BaseGeneralDataRegion:59 - Caching[foo.org.hibernate.cache.spi.UpdateTimestampsCache] : [Enrolment] -> [5579091009179648]
14:18:25,913 DEBUG BaseGeneralDataRegion:59 - Caching[foo.org.hibernate.cache.spi.UpdateTimestampsCache] : [CourseMeeting] -> [5579091009179649]
14:18:25,913 DEBUG BaseGeneralDataRegion:59 - Caching[foo.org.hibernate.cache.spi.UpdateTimestampsCache] : [Enrolment] -> [5579091009179650]
14:18:25,913 DEBUG SQL:104 - 
    update
        Address 
    set
        studentNumber=?,
        addressType=? 
    where
        id=?
14:18:25,913 DEBUG SQL:104 - 
    update
        Address 
    set
        studentNumber=?,
        addressType=? 
    where
        id=?
14:18:25,922 DEBUG BaseGeneralDataRegion:59 - Caching[foo.org.hibernate.cache.spi.UpdateTimestampsCache] : [Address] -> [5579091009216512]
14:18:25,922 DEBUG SQL:104 - 
    insert 
    into
        Student_secretCodes
        (studentNumber, i, secretCode) 
    values
        (?, ?, ?)
14:18:25,923 DEBUG BaseGeneralDataRegion:59 - Caching[foo.org.hibernate.cache.spi.UpdateTimestampsCache] : [Student_secretCodes] -> [5579091009220608]
14:18:25,923 DEBUG BaseGeneralDataRegion:59 - Caching[foo.org.hibernate.cache.spi.UpdateTimestampsCache] : [Enrolment] -> [5579091009220609]
14:18:25,923 DEBUG BaseGeneralDataRegion:59 - Caching[foo.org.hibernate.cache.spi.UpdateTimestampsCache] : [Address] -> [5579091009220610]
14:18:25,923 DEBUG SQL:104 - 
    insert 
    into
        Student_secretCodes
        (studentNumber, i, secretCode) 
    values
        (?, ?, ?)
14:18:25,923 DEBUG SQL:104 - 
    insert 
    into
        Student_secretCodes
        (studentNumber, i, secretCode) 
    values
        (?, ?, ?)
14:18:25,923 DEBUG BaseGeneralDataRegion:59 - Caching[foo.org.hibernate.cache.spi.UpdateTimestampsCache] : [Student_secretCodes] -> [5579091009220611]
14:18:25,923 DEBUG BaseGeneralDataRegion:59 - Caching[foo.org.hibernate.cache.spi.UpdateTimestampsCache] : [Student] -> [5579090763460612]
14:18:25,931 DEBUG BaseGeneralDataRegion:59 - Caching[foo.org.hibernate.cache.spi.UpdateTimestampsCache] : [Course] -> [5579090763460612]
14:18:25,932 DEBUG BaseGeneralDataRegion:59 - Caching[foo.org.hibernate.cache.spi.UpdateTimestampsCache] : [Enrolment] -> [5579090763460612]
14:18:25,932 DEBUG BaseGeneralDataRegion:59 - Caching[foo.org.hibernate.cache.spi.UpdateTimestampsCache] : [Student_secretCodes] -> [5579090763460612]
14:18:25,932 DEBUG BaseGeneralDataRegion:59 - Caching[foo.org.hibernate.cache.spi.UpdateTimestampsCache] : [Address] -> [5579090763460612]
14:18:25,932 DEBUG BaseGeneralDataRegion:59 - Caching[foo.org.hibernate.cache.spi.UpdateTimestampsCache] : [CourseMeeting] -> [5579090763460612]
14:18:25,932 DEBUG QueryTranslatorImpl:265 - parse() - HQL: from org.hibernate.test.querycache.Student order by studentNumber
14:18:25,933 DEBUG QueryTranslatorImpl:283 - --- HQL AST ---
 \-[QUERY] Node: 'query'
    +-[SELECT_FROM] Node: 'SELECT_FROM'
    |  \-[FROM] Node: 'from'
    |     \-[RANGE] Node: 'RANGE'
    |        \-[DOT] Node: '.'
    |           +-[DOT] Node: '.'
    |           |  +-[DOT] Node: '.'
    |           |  |  +-[DOT] Node: '.'
    |           |  |  |  +-[IDENT] Node: 'org'
    |           |  |  |  \-[IDENT] Node: 'hibernate'
    |           |  |  \-[IDENT] Node: 'test'
    |           |  \-[IDENT] Node: 'querycache'
    |           \-[IDENT] Node: 'Student'
    \-[ORDER] Node: 'order'
       \-[IDENT] Node: 'studentNumber'

14:18:25,933 DEBUG ErrorCounter:82 - throwQueryException() : no errors
14:18:25,934 DEBUG FromElement:157 - FromClause{level=1} : org.hibernate.test.querycache.Student (<no alias>) -> student0_
14:18:25,934 DEBUG FromReferenceNode:74 - Resolved : {synthetic-alias} -> {synthetic-alias}
14:18:25,934 DEBUG DotNode:599 - getDataType() : studentNumber -> org.hibernate.type.LongType@4bf3f9d
14:18:25,934 DEBUG FromReferenceNode:74 - Resolved : {synthetic-alias}.studentNumber -> student0_.studentId
14:18:25,934 DEBUG HqlSqlWalker:629 - processQuery() :  ( SELECT ( FromClause{level=1} Student student0_ ) ( order ( student0_.studentId {synthetic-alias} studentNumber ) ) )
14:18:25,934 DEBUG HqlSqlWalker:869 - Derived SELECT clause created.
14:18:25,942 DEBUG JoinProcessor:175 - Using FROM fragment [Student student0_]
14:18:25,942 DEBUG QueryTranslatorImpl:252 - --- SQL AST ---
 \-[SELECT] QueryNode: 'SELECT'  querySpaces (Student)
    +-[SELECT_CLAUSE] SelectClause: '{derived select clause}'
    |  +-[SELECT_EXPR] SelectExpressionImpl: 'student0_.studentId as studentId4_' {FromElement{explicit,not a collection join,not a fetch join,fetch non-lazy properties,classAlias=null,role=null,tableName=Student,tableAlias=student0_,origin=null,columns={,className=org.hibernate.test.querycache.Student}}}
    |  \-[SQL_TOKEN] SqlFragment: 'student0_.name_first as name2_4_, student0_.name_middle as name3_4_, student0_.name_last as name4_4_, student0_.preferredCourseCode as preferre5_4_'
    +-[FROM] FromClause: 'from' FromClause{level=1, fromElementCounter=1, fromElements=1, fromElementByClassAlias=[], fromElementByTableAlias=[student0_], fromElementsByPath=[], collectionJoinFromElementsByPath=[], impliedElements=[]}
    |  \-[FROM_FRAGMENT] FromElement: 'Student student0_' FromElement{explicit,not a collection join,not a fetch join,fetch non-lazy properties,classAlias=null,role=null,tableName=Student,tableAlias=student0_,origin=null,columns={,className=org.hibernate.test.querycache.Student}}
    \-[ORDER] OrderByClause: 'order'
       \-[DOT] DotNode: 'student0_.studentId' {propertyName=studentNumber,dereferenceType=ALL,propertyPath=studentNumber,path={synthetic-alias}.studentNumber,tableAlias=student0_,className=org.hibernate.test.querycache.Student,classAlias=null}
          +-[IDENT] IdentNode: '{synthetic-alias}' {originalText={synthetic-alias}}
          \-[IDENT] IdentNode: 'studentNumber' {originalText=studentNumber}

14:18:25,942 DEBUG ErrorCounter:82 - throwQueryException() : no errors
14:18:25,943 DEBUG QueryTranslatorImpl:235 - HQL: from org.hibernate.test.querycache.Student order by studentNumber
14:18:25,943 DEBUG QueryTranslatorImpl:236 - SQL: select student0_.studentId as studentId4_, student0_.name_first as name2_4_, student0_.name_middle as name3_4_, student0_.name_last as name4_4_, student0_.preferredCourseCode as preferre5_4_ from Student student0_ order by student0_.studentId
14:18:25,943 DEBUG ErrorCounter:82 - throwQueryException() : no errors
14:18:25,943 DEBUG SQL:104 - 
    select
        student0_.studentId as studentId4_,
        student0_.name_first as name2_4_,
        student0_.name_middle as name3_4_,
        student0_.name_last as name4_4_,
        student0_.preferredCourseCode as preferre5_4_ 
    from
        Student student0_ 
    order by
        student0_.studentId
14:18:25,944 DEBUG SQL:104 - 
    select
        secretcode0_.studentNumber as studentN1_4_0_,
        secretcode0_.secretCode as secretCode5_0_,
        secretcode0_.i as i0_ 
    from
        Student_secretCodes secretcode0_ 
    where
        secretcode0_.studentNumber=?
14:18:25,954 DEBUG SQL:104 - 
    select
        secretcode0_.studentNumber as studentN1_4_0_,
        secretcode0_.secretCode as secretCode5_0_,
        secretcode0_.i as i0_ 
    from
        Student_secretCodes secretcode0_ 
    where
        secretcode0_.studentNumber=?
14:18:25,955 DEBUG SQL:104 - 
    select
        student0_.studentId as studentId4_,
        student0_.name_first as name2_4_,
        student0_.name_middle as name3_4_,
        student0_.name_last as name4_4_,
        student0_.preferredCourseCode as preferre5_4_ 
    from
        Student student0_ 
    order by
        student0_.studentId
14:18:25,955 DEBUG SQL:104 - 
    select
        secretcode0_.studentNumber as studentN1_4_0_,
        secretcode0_.secretCode as secretCode5_0_,
        secretcode0_.i as i0_ 
    from
        Student_secretCodes secretcode0_ 
    where
        secretcode0_.studentNumber=?
14:18:25,956 DEBUG SQL:104 - 
    select
        secretcode0_.studentNumber as studentN1_4_0_,
        secretcode0_.secretCode as secretCode5_0_,
        secretcode0_.i as i0_ 
    from
        Student_secretCodes secretcode0_ 
    where
        secretcode0_.studentNumber=?
14:18:25,956 DEBUG SQL:104 - 
    select
        student_.studentId,
        student_.name_first as name2_4_,
        student_.name_middle as name3_4_,
        student_.name_last as name4_4_,
        student_.preferredCourseCode as preferre5_4_ 
    from
        Student student_ 
    where
        student_.studentId=?
14:18:25,957 DEBUG SQL:104 - 
    select
        enrolment_.studentId,
        enrolment_.courseCode,
        enrolment_.semester as semester3_,
        enrolment_."year" as year4_3_ 
    from
        Enrolment enrolment_ 
    where
        enrolment_.studentId=? 
        and enrolment_.courseCode=?
14:18:25,967 DEBUG SQL:104 - 
    select
        course_.courseCode,
        course_.description as descript2_1_ 
    from
        Course course_ 
    where
        course_.courseCode=?
14:18:25,967 DEBUG SQL:104 - 
    select
        student_.studentId,
        student_.name_first as name2_4_,
        student_.name_middle as name3_4_,
        student_.name_last as name4_4_,
        student_.preferredCourseCode as preferre5_4_ 
    from
        Student student_ 
    where
        student_.studentId=?
14:18:25,967 DEBUG SQL:104 - 
    select
        enrolment_.studentId,
        enrolment_.courseCode,
        enrolment_.semester as semester3_,
        enrolment_."year" as year4_3_ 
    from
        Enrolment enrolment_ 
    where
        enrolment_.studentId=? 
        and enrolment_.courseCode=?
14:18:25,978 DEBUG SQL:104 - 
    select
        coursemeet_.courseCode,
        coursemeet_.day,
        coursemeet_.period,
        coursemeet_.location 
    from
        CourseMeeting coursemeet_ 
    where
        coursemeet_.courseCode=? 
        and coursemeet_.day=? 
        and coursemeet_.period=? 
        and coursemeet_.location=?
14:18:25,979 DEBUG SQL:104 - 
    select
        coursemeet_.courseCode,
        coursemeet_.day,
        coursemeet_.period,
        coursemeet_.location 
    from
        CourseMeeting coursemeet_ 
    where
        coursemeet_.courseCode=? 
        and coursemeet_.day=? 
        and coursemeet_.period=? 
        and coursemeet_.location=?
14:18:25,979 DEBUG BaseGeneralDataRegion:59 - Caching[foo.org.hibernate.cache.spi.UpdateTimestampsCache] : [Enrolment] -> [5579091009449984]
14:18:25,979 DEBUG SQL:104 - 
    update
        Address 
    set
        studentNumber=null,
        addressType=null 
    where
        studentNumber=?
14:18:25,979 DEBUG BaseGeneralDataRegion:59 - Caching[foo.org.hibernate.cache.spi.UpdateTimestampsCache] : [Address] -> [5579091009449985]
14:18:25,980 DEBUG SQL:104 - 
    delete 
    from
        Student_secretCodes 
    where
        studentNumber=?
14:18:26,000 DEBUG BaseGeneralDataRegion:59 - Caching[foo.org.hibernate.cache.spi.UpdateTimestampsCache] : [Student_secretCodes] -> [5579091009536000]
14:18:26,001 DEBUG BaseGeneralDataRegion:59 - Caching[foo.org.hibernate.cache.spi.UpdateTimestampsCache] : [Enrolment] -> [5579091009540096]
14:18:26,001 DEBUG BaseGeneralDataRegion:59 - Caching[foo.org.hibernate.cache.spi.UpdateTimestampsCache] : [Address] -> [5579091009540097]
14:18:26,001 DEBUG SQL:104 - 
    delete 
    from
        Student_secretCodes 
    where
        studentNumber=?
14:18:26,001 DEBUG BaseGeneralDataRegion:59 - Caching[foo.org.hibernate.cache.spi.UpdateTimestampsCache] : [Student_secretCodes] -> [5579091009540098]
14:18:26,001 DEBUG BaseGeneralDataRegion:59 - Caching[foo.org.hibernate.cache.spi.UpdateTimestampsCache] : [CourseMeeting] -> [5579091009540099]
14:18:26,002 DEBUG SQL:104 - 
    delete 
    from
        Enrolment 
    where
        studentId=? 
        and courseCode=?
14:18:26,002 DEBUG BaseGeneralDataRegion:59 - Caching[foo.org.hibernate.cache.spi.UpdateTimestampsCache] : [Enrolment] -> [5579091009544192]
14:18:26,002 DEBUG SQL:104 - 
    delete 
    from
        Address 
    where
        id=?
14:18:26,012 DEBUG BaseGeneralDataRegion:59 - Caching[foo.org.hibernate.cache.spi.UpdateTimestampsCache] : [Address] -> [5579091009585152]
14:18:26,013 DEBUG SQL:104 - 
    delete 
    from
        Address 
    where
        id=?
14:18:26,013 DEBUG BaseGeneralDataRegion:59 - Caching[foo.org.hibernate.cache.spi.UpdateTimestampsCache] : [Address] -> [5579091009589248]
14:18:26,013 DEBUG SQL:104 - 
    delete 
    from
        Student 
    where
        studentId=?
14:18:26,013 DEBUG BaseGeneralDataRegion:59 - Caching[foo.org.hibernate.cache.spi.UpdateTimestampsCache] : [Student] -> [5579091009589249]
14:18:26,013 DEBUG SQL:104 - 
    delete 
    from
        Enrolment 
    where
        studentId=? 
        and courseCode=?
14:18:26,014 DEBUG BaseGeneralDataRegion:59 - Caching[foo.org.hibernate.cache.spi.UpdateTimestampsCache] : [Enrolment] -> [5579091009593344]
14:18:26,014 DEBUG SQL:104 - 
    delete 
    from
        Student 
    where
        studentId=?
14:18:26,014 DEBUG BaseGeneralDataRegion:59 - Caching[foo.org.hibernate.cache.spi.UpdateTimestampsCache] : [Student] -> [5579091009593345]
14:18:26,014 DEBUG SQL:104 - 
    delete 
    from
        CourseMeeting 
    where
        courseCode=? 
        and day=? 
        and period=? 
        and location=?
14:18:26,026 DEBUG BaseGeneralDataRegion:59 - Caching[foo.org.hibernate.cache.spi.UpdateTimestampsCache] : [CourseMeeting] -> [5579091009642496]
14:18:26,026 DEBUG SQL:104 - 
    delete 
    from
        CourseMeeting 
    where
        courseCode=? 
        and day=? 
        and period=? 
        and location=?
14:18:26,027 DEBUG BaseGeneralDataRegion:59 - Caching[foo.org.hibernate.cache.spi.UpdateTimestampsCache] : [CourseMeeting] -> [5579091009646592]
14:18:26,027 DEBUG SQL:104 - 
    delete 
    from
        Course 
    where
        courseCode=?
14:18:26,027 DEBUG BaseGeneralDataRegion:59 - Caching[foo.org.hibernate.cache.spi.UpdateTimestampsCache] : [Course] -> [5579091009646593]
14:18:26,027 DEBUG BaseGeneralDataRegion:59 - Caching[foo.org.hibernate.cache.spi.UpdateTimestampsCache] : [Student] -> [5579090763886594]
14:18:26,027 DEBUG BaseGeneralDataRegion:59 - Caching[foo.org.hibernate.cache.spi.UpdateTimestampsCache] : [Course] -> [5579090763886594]
14:18:26,027 DEBUG BaseGeneralDataRegion:59 - Caching[foo.org.hibernate.cache.spi.UpdateTimestampsCache] : [Enrolment] -> [5579090763886594]
14:18:26,027 DEBUG BaseGeneralDataRegion:59 - Caching[foo.org.hibernate.cache.spi.UpdateTimestampsCache] : [Student_secretCodes] -> [5579090763886594]
14:18:26,036 DEBUG BaseGeneralDataRegion:59 - Caching[foo.org.hibernate.cache.spi.UpdateTimestampsCache] : [Address] -> [5579090763886594]
14:18:26,037 DEBUG BaseGeneralDataRegion:59 - Caching[foo.org.hibernate.cache.spi.UpdateTimestampsCache] : [CourseMeeting] -> [5579090763886594]
14:18:26,037  INFO CustomRunner:139 - Test: testEntityWithLazyAssnUnique
14:18:26,038 DEBUG SQL:104 - 
    select
        coursemeet_.courseCode,
        coursemeet_.day,
        coursemeet_.period,
        coursemeet_.location 
    from
        CourseMeeting coursemeet_ 
    where
        coursemeet_.courseCode=? 
        and coursemeet_.day=? 
        and coursemeet_.period=? 
        and coursemeet_.location=?
14:18:26,039 DEBUG SQL:104 - 
    select
        coursemeet_.courseCode,
        coursemeet_.day,
        coursemeet_.period,
        coursemeet_.location 
    from
        CourseMeeting coursemeet_ 
    where
        coursemeet_.courseCode=? 
        and coursemeet_.day=? 
        and coursemeet_.period=? 
        and coursemeet_.location=?
14:18:26,054 DEBUG SQL:104 - 
    insert 
    into
        Course
        (description, courseCode) 
    values
        (?, ?)
14:18:26,054 DEBUG BaseGeneralDataRegion:59 - Caching[foo.org.hibernate.cache.spi.UpdateTimestampsCache] : [Course] -> [5579091009757184]
14:18:26,055 DEBUG SQL:104 - 
    insert 
    into
        CourseMeeting
        (courseCode, day, period, location) 
    values
        (?, ?, ?, ?)
14:18:26,055 DEBUG BaseGeneralDataRegion:59 - Caching[foo.org.hibernate.cache.spi.UpdateTimestampsCache] : [CourseMeeting] -> [5579091009761280]
14:18:26,055 DEBUG SQL:104 - 
    insert 
    into
        CourseMeeting
        (courseCode, day, period, location) 
    values
        (?, ?, ?, ?)
14:18:26,055 DEBUG BaseGeneralDataRegion:59 - Caching[foo.org.hibernate.cache.spi.UpdateTimestampsCache] : [CourseMeeting] -> [5579091009761281]
14:18:26,055 DEBUG SQL:104 - 
    insert 
    into
        Student
        (name_first, name_middle, name_last, preferredCourseCode, studentId) 
    values
        (?, ?, ?, ?, ?)
14:18:26,055 DEBUG BaseGeneralDataRegion:59 - Caching[foo.org.hibernate.cache.spi.UpdateTimestampsCache] : [Student] -> [5579091009761282]
14:18:26,055 DEBUG SQL:104 - 
    insert 
    into
        Address
        (addressType, street, city, stateProvince, postalCode, country, studentNumber, id) 
    values
        (?, ?, ?, ?, ?, ?, ?, ?)
14:18:26,056 DEBUG BaseGeneralDataRegion:59 - Caching[foo.org.hibernate.cache.spi.UpdateTimestampsCache] : [Address] -> [5579091009765376]
14:18:26,056 DEBUG SQL:104 - 
    insert 
    into
        Address
        (addressType, street, city, stateProvince, postalCode, country, studentNumber, id) 
    values
        (?, ?, ?, ?, ?, ?, ?, ?)
14:18:26,056 DEBUG BaseGeneralDataRegion:59 - Caching[foo.org.hibernate.cache.spi.UpdateTimestampsCache] : [Address] -> [5579091009765377]
14:18:26,056 DEBUG SQL:104 - 
    insert 
    into
        Student
        (name_first, name_middle, name_last, preferredCourseCode, studentId) 
    values
        (?, ?, ?, ?, ?)
14:18:26,056 DEBUG BaseGeneralDataRegion:59 - Caching[foo.org.hibernate.cache.spi.UpdateTimestampsCache] : [Student] -> [5579091009765378]
14:18:26,056 DEBUG SQL:104 - 
    insert 
    into
        Enrolment
        (semester, "year", studentId, courseCode) 
    values
        (?, ?, ?, ?)
14:18:26,056 DEBUG BaseGeneralDataRegion:59 - Caching[foo.org.hibernate.cache.spi.UpdateTimestampsCache] : [Enrolment] -> [5579091009765379]
14:18:26,057 DEBUG SQL:104 - 
    insert 
    into
        Enrolment
        (semester, "year", studentId, courseCode) 
    values
        (?, ?, ?, ?)
14:18:26,075 DEBUG BaseGeneralDataRegion:59 - Caching[foo.org.hibernate.cache.spi.UpdateTimestampsCache] : [Enrolment] -> [5579091009843200]
14:18:26,076 DEBUG BaseGeneralDataRegion:59 - Caching[foo.org.hibernate.cache.spi.UpdateTimestampsCache] : [CourseMeeting] -> [5579091009847296]
14:18:26,076 DEBUG BaseGeneralDataRegion:59 - Caching[foo.org.hibernate.cache.spi.UpdateTimestampsCache] : [Enrolment] -> [5579091009847297]
14:18:26,076 DEBUG SQL:104 - 
    update
        Address 
    set
        studentNumber=?,
        addressType=? 
    where
        id=?
14:18:26,076 DEBUG SQL:104 - 
    update
        Address 
    set
        studentNumber=?,
        addressType=? 
    where
        id=?
14:18:26,077 DEBUG BaseGeneralDataRegion:59 - Caching[foo.org.hibernate.cache.spi.UpdateTimestampsCache] : [Address] -> [5579091009851392]
14:18:26,077 DEBUG SQL:104 - 
    insert 
    into
        Student_secretCodes
        (studentNumber, i, secretCode) 
    values
        (?, ?, ?)
14:18:26,077 DEBUG BaseGeneralDataRegion:59 - Caching[foo.org.hibernate.cache.spi.UpdateTimestampsCache] : [Student_secretCodes] -> [5579091009851393]
14:18:26,077 DEBUG BaseGeneralDataRegion:59 - Caching[foo.org.hibernate.cache.spi.UpdateTimestampsCache] : [Enrolment] -> [5579091009851394]
14:18:26,077 DEBUG BaseGeneralDataRegion:59 - Caching[foo.org.hibernate.cache.spi.UpdateTimestampsCache] : [Address] -> [5579091009851395]
14:18:26,077 DEBUG SQL:104 - 
    insert 
    into
        Student_secretCodes
        (studentNumber, i, secretCode) 
    values
        (?, ?, ?)
14:18:26,077 DEBUG SQL:104 - 
    insert 
    into
        Student_secretCodes
        (studentNumber, i, secretCode) 
    values
        (?, ?, ?)
14:18:26,078 DEBUG BaseGeneralDataRegion:59 - Caching[foo.org.hibernate.cache.spi.UpdateTimestampsCache] : [Student_secretCodes] -> [5579091009855488]
14:18:26,078 DEBUG BaseGeneralDataRegion:59 - Caching[foo.org.hibernate.cache.spi.UpdateTimestampsCache] : [Student] -> [5579090764095489]
14:18:26,078 DEBUG BaseGeneralDataRegion:59 - Caching[foo.org.hibernate.cache.spi.UpdateTimestampsCache] : [Course] -> [5579090764095489]
14:18:26,078 DEBUG BaseGeneralDataRegion:59 - Caching[foo.org.hibernate.cache.spi.UpdateTimestampsCache] : [Enrolment] -> [5579090764095489]
14:18:26,078 DEBUG BaseGeneralDataRegion:59 - Caching[foo.org.hibernate.cache.spi.UpdateTimestampsCache] : [Student_secretCodes] -> [5579090764095489]
14:18:26,078 DEBUG BaseGeneralDataRegion:59 - Caching[foo.org.hibernate.cache.spi.UpdateTimestampsCache] : [Address] -> [5579090764095489]
14:18:26,078 DEBUG BaseGeneralDataRegion:59 - Caching[foo.org.hibernate.cache.spi.UpdateTimestampsCache] : [CourseMeeting] -> [5579090764095489]
14:18:26,079 DEBUG QueryTranslatorImpl:265 - parse() - HQL: from org.hibernate.test.querycache.Student s where s.studentNumber = :studentNumber
14:18:26,080 DEBUG QueryTranslatorImpl:283 - --- HQL AST ---
 \-[QUERY] Node: 'query'
    +-[SELECT_FROM] Node: 'SELECT_FROM'
    |  \-[FROM] Node: 'from'
    |     \-[RANGE] Node: 'RANGE'
    |        +-[DOT] Node: '.'
    |        |  +-[DOT] Node: '.'
    |        |  |  +-[DOT] Node: '.'
    |        |  |  |  +-[DOT] Node: '.'
    |        |  |  |  |  +-[IDENT] Node: 'org'
    |        |  |  |  |  \-[IDENT] Node: 'hibernate'
    |        |  |  |  \-[IDENT] Node: 'test'
    |        |  |  \-[IDENT] Node: 'querycache'
    |        |  \-[IDENT] Node: 'Student'
    |        \-[ALIAS] Node: 's'
    \-[WHERE] Node: 'where'
       \-[EQ] Node: '='
          +-[DOT] Node: '.'
          |  +-[IDENT] Node: 's'
          |  \-[IDENT] Node: 'studentNumber'
          \-[COLON] Node: ':'
             \-[IDENT] Node: 'studentNumber'

14:18:26,090 DEBUG ErrorCounter:82 - throwQueryException() : no errors
14:18:26,090 DEBUG FromElement:157 - FromClause{level=1} : org.hibernate.test.querycache.Student (s) -> student0_
14:18:26,090 DEBUG FromReferenceNode:74 - Resolved : s -> student0_.studentId
14:18:26,090 DEBUG DotNode:599 - getDataType() : studentNumber -> org.hibernate.type.LongType@4bf3f9d
14:18:26,091 DEBUG FromReferenceNode:74 - Resolved : s.studentNumber -> student0_.studentId
14:18:26,091 DEBUG HqlSqlWalker:629 - processQuery() :  ( SELECT ( FromClause{level=1} Student student0_ ) ( where ( = ( student0_.studentId student0_.studentId studentNumber ) ? ) ) )
14:18:26,091 DEBUG HqlSqlWalker:869 - Derived SELECT clause created.
14:18:26,091 DEBUG JoinProcessor:175 - Using FROM fragment [Student student0_]
14:18:26,091 DEBUG QueryTranslatorImpl:252 - --- SQL AST ---
 \-[SELECT] QueryNode: 'SELECT'  querySpaces (Student)
    +-[SELECT_CLAUSE] SelectClause: '{derived select clause}'
    |  +-[SELECT_EXPR] SelectExpressionImpl: 'student0_.studentId as studentId4_' {FromElement{explicit,not a collection join,not a fetch join,fetch non-lazy properties,classAlias=s,role=null,tableName=Student,tableAlias=student0_,origin=null,columns={,className=org.hibernate.test.querycache.Student}}}
    |  \-[SQL_TOKEN] SqlFragment: 'student0_.name_first as name2_4_, student0_.name_middle as name3_4_, student0_.name_last as name4_4_, student0_.preferredCourseCode as preferre5_4_'
    +-[FROM] FromClause: 'from' FromClause{level=1, fromElementCounter=1, fromElements=1, fromElementByClassAlias=[s], fromElementByTableAlias=[student0_], fromElementsByPath=[], collectionJoinFromElementsByPath=[], impliedElements=[]}
    |  \-[FROM_FRAGMENT] FromElement: 'Student student0_' FromElement{explicit,not a collection join,not a fetch join,fetch non-lazy properties,classAlias=s,role=null,tableName=Student,tableAlias=student0_,origin=null,columns={,className=org.hibernate.test.querycache.Student}}
    \-[WHERE] SqlNode: 'where'
       \-[EQ] BinaryLogicOperatorNode: '='
          +-[DOT] DotNode: 'student0_.studentId' {propertyName=studentNumber,dereferenceType=ALL,propertyPath=studentNumber,path=s.studentNumber,tableAlias=student0_,className=org.hibernate.test.querycache.Student,classAlias=s}
          |  +-[ALIAS_REF] IdentNode: 'student0_.studentId' {alias=s, className=org.hibernate.test.querycache.Student, tableAlias=student0_}
          |  \-[IDENT] IdentNode: 'studentNumber' {originalText=studentNumber}
          \-[NAMED_PARAM] ParameterNode: '?' {name=studentNumber, expectedType=org.hibernate.type.LongType@4bf3f9d}

14:18:26,099 DEBUG ErrorCounter:82 - throwQueryException() : no errors
14:18:26,099 DEBUG QueryTranslatorImpl:235 - HQL: from org.hibernate.test.querycache.Student s where s.studentNumber = :studentNumber
14:18:26,099 DEBUG QueryTranslatorImpl:236 - SQL: select student0_.studentId as studentId4_, student0_.name_first as name2_4_, student0_.name_middle as name3_4_, student0_.name_last as name4_4_, student0_.preferredCourseCode as preferre5_4_ from Student student0_ where student0_.studentId=?
14:18:26,099 DEBUG ErrorCounter:82 - throwQueryException() : no errors
14:18:26,100 DEBUG SQL:104 - 
    select
        student0_.studentId as studentId4_,
        student0_.name_first as name2_4_,
        student0_.name_middle as name3_4_,
        student0_.name_last as name4_4_,
        student0_.preferredCourseCode as preferre5_4_ 
    from
        Student student0_ 
    where
        student0_.studentId=?
14:18:26,100 DEBUG SQL:104 - 
    select
        secretcode0_.studentNumber as studentN1_4_0_,
        secretcode0_.secretCode as secretCode5_0_,
        secretcode0_.i as i0_ 
    from
        Student_secretCodes secretcode0_ 
    where
        secretcode0_.studentNumber=?
14:18:26,101 DEBUG SQL:104 - 
    select
        student0_.studentId as studentId4_,
        student0_.name_first as name2_4_,
        student0_.name_middle as name3_4_,
        student0_.name_last as name4_4_,
        student0_.preferredCourseCode as preferre5_4_ 
    from
        Student student0_ 
    where
        student0_.studentId=?
14:18:26,101 DEBUG SQL:104 - 
    select
        secretcode0_.studentNumber as studentN1_4_0_,
        secretcode0_.secretCode as secretCode5_0_,
        secretcode0_.i as i0_ 
    from
        Student_secretCodes secretcode0_ 
    where
        secretcode0_.studentNumber=?
14:18:26,122 DEBUG SQL:104 - 
    select
        student_.studentId,
        student_.name_first as name2_4_,
        student_.name_middle as name3_4_,
        student_.name_last as name4_4_,
        student_.preferredCourseCode as preferre5_4_ 
    from
        Student student_ 
    where
        student_.studentId=?
14:18:26,122 DEBUG SQL:104 - 
    select
        enrolment_.studentId,
        enrolment_.courseCode,
        enrolment_.semester as semester3_,
        enrolment_."year" as year4_3_ 
    from
        Enrolment enrolment_ 
    where
        enrolment_.studentId=? 
        and enrolment_.courseCode=?
14:18:26,131 DEBUG SQL:104 - 
    select
        course_.courseCode,
        course_.description as descript2_1_ 
    from
        Course course_ 
    where
        course_.courseCode=?
14:18:26,132 DEBUG SQL:104 - 
    select
        student_.studentId,
        student_.name_first as name2_4_,
        student_.name_middle as name3_4_,
        student_.name_last as name4_4_,
        student_.preferredCourseCode as preferre5_4_ 
    from
        Student student_ 
    where
        student_.studentId=?
14:18:26,132 DEBUG SQL:104 - 
    select
        enrolment_.studentId,
        enrolment_.courseCode,
        enrolment_.semester as semester3_,
        enrolment_."year" as year4_3_ 
    from
        Enrolment enrolment_ 
    where
        enrolment_.studentId=? 
        and enrolment_.courseCode=?
14:18:26,142 DEBUG SQL:104 - 
    select
        coursemeet_.courseCode,
        coursemeet_.day,
        coursemeet_.period,
        coursemeet_.location 
    from
        CourseMeeting coursemeet_ 
    where
        coursemeet_.courseCode=? 
        and coursemeet_.day=? 
        and coursemeet_.period=? 
        and coursemeet_.location=?
14:18:26,142 DEBUG SQL:104 - 
    select
        coursemeet_.courseCode,
        coursemeet_.day,
        coursemeet_.period,
        coursemeet_.location 
    from
        CourseMeeting coursemeet_ 
    where
        coursemeet_.courseCode=? 
        and coursemeet_.day=? 
        and coursemeet_.period=? 
        and coursemeet_.location=?
14:18:26,143 DEBUG BaseGeneralDataRegion:59 - Caching[foo.org.hibernate.cache.spi.UpdateTimestampsCache] : [Enrolment] -> [5579091010121728]
14:18:26,143 DEBUG SQL:104 - 
    update
        Address 
    set
        studentNumber=null,
        addressType=null 
    where
        studentNumber=?
14:18:26,151 DEBUG BaseGeneralDataRegion:59 - Caching[foo.org.hibernate.cache.spi.UpdateTimestampsCache] : [Address] -> [5579091010154496]
14:18:26,151 DEBUG SQL:104 - 
    delete 
    from
        Student_secretCodes 
    where
        studentNumber=?
14:18:26,152 DEBUG BaseGeneralDataRegion:59 - Caching[foo.org.hibernate.cache.spi.UpdateTimestampsCache] : [Student_secretCodes] -> [5579091010158592]
14:18:26,152 DEBUG BaseGeneralDataRegion:59 - Caching[foo.org.hibernate.cache.spi.UpdateTimestampsCache] : [Enrolment] -> [5579091010158593]
14:18:26,152 DEBUG BaseGeneralDataRegion:59 - Caching[foo.org.hibernate.cache.spi.UpdateTimestampsCache] : [Address] -> [5579091010158594]
14:18:26,152 DEBUG SQL:104 - 
    delete 
    from
        Student_secretCodes 
    where
        studentNumber=?
14:18:26,152 DEBUG BaseGeneralDataRegion:59 - Caching[foo.org.hibernate.cache.spi.UpdateTimestampsCache] : [Student_secretCodes] -> [5579091010158595]
14:18:26,152 DEBUG BaseGeneralDataRegion:59 - Caching[foo.org.hibernate.cache.spi.UpdateTimestampsCache] : [CourseMeeting] -> [5579091010158596]
14:18:26,152 DEBUG SQL:104 - 
    delete 
    from
        Enrolment 
    where
        studentId=? 
        and courseCode=?
14:18:26,163 DEBUG BaseGeneralDataRegion:59 - Caching[foo.org.hibernate.cache.spi.UpdateTimestampsCache] : [Enrolment] -> [5579091010203648]
14:18:26,163 DEBUG SQL:104 - 
    delete 
    from
        Address 
    where
        id=?
14:18:26,163 DEBUG BaseGeneralDataRegion:59 - Caching[foo.org.hibernate.cache.spi.UpdateTimestampsCache] : [Address] -> [5579091010203649]
14:18:26,163 DEBUG SQL:104 - 
    delete 
    from
        Address 
    where
        id=?
14:18:26,163 DEBUG BaseGeneralDataRegion:59 - Caching[foo.org.hibernate.cache.spi.UpdateTimestampsCache] : [Address] -> [5579091010203650]
14:18:26,164 DEBUG SQL:104 - 
    delete 
    from
        Student 
    where
        studentId=?
14:18:26,164 DEBUG BaseGeneralDataRegion:59 - Caching[foo.org.hibernate.cache.spi.UpdateTimestampsCache] : [Student] -> [5579091010207744]
14:18:26,164 DEBUG SQL:104 - 
    delete 
    from
        Enrolment 
    where
        studentId=? 
        and courseCode=?
14:18:26,164 DEBUG BaseGeneralDataRegion:59 - Caching[foo.org.hibernate.cache.spi.UpdateTimestampsCache] : [Enrolment] -> [5579091010207745]
14:18:26,172 DEBUG SQL:104 - 
    delete 
    from
        Student 
    where
        studentId=?
14:18:26,173 DEBUG BaseGeneralDataRegion:59 - Caching[foo.org.hibernate.cache.spi.UpdateTimestampsCache] : [Student] -> [5579091010244608]
14:18:26,173 DEBUG SQL:104 - 
    delete 
    from
        CourseMeeting 
    where
        courseCode=? 
        and day=? 
        and period=? 
        and location=?
14:18:26,173 DEBUG BaseGeneralDataRegion:59 - Caching[foo.org.hibernate.cache.spi.UpdateTimestampsCache] : [CourseMeeting] -> [5579091010244609]
14:18:26,173 DEBUG SQL:104 - 
    delete 
    from
        CourseMeeting 
    where
        courseCode=? 
        and day=? 
        and period=? 
        and location=?
14:18:26,173 DEBUG BaseGeneralDataRegion:59 - Caching[foo.org.hibernate.cache.spi.UpdateTimestampsCache] : [CourseMeeting] -> [5579091010244610]
14:18:26,173 DEBUG SQL:104 - 
    delete 
    from
        Course 
    where
        courseCode=?
14:18:26,183 DEBUG BaseGeneralDataRegion:59 - Caching[foo.org.hibernate.cache.spi.UpdateTimestampsCache] : [Course] -> [5579091010285568]
14:18:26,184 DEBUG BaseGeneralDataRegion:59 - Caching[foo.org.hibernate.cache.spi.UpdateTimestampsCache] : [Student] -> [5579090764529664]
14:18:26,184 DEBUG BaseGeneralDataRegion:59 - Caching[foo.org.hibernate.cache.spi.UpdateTimestampsCache] : [Course] -> [5579090764529664]
14:18:26,184 DEBUG BaseGeneralDataRegion:59 - Caching[foo.org.hibernate.cache.spi.UpdateTimestampsCache] : [Enrolment] -> [5579090764529664]
14:18:26,184 DEBUG BaseGeneralDataRegion:59 - Caching[foo.org.hibernate.cache.spi.UpdateTimestampsCache] : [Student_secretCodes] -> [5579090764529664]
14:18:26,184 DEBUG BaseGeneralDataRegion:59 - Caching[foo.org.hibernate.cache.spi.UpdateTimestampsCache] : [Address] -> [5579090764529664]
14:18:26,184 DEBUG BaseGeneralDataRegion:59 - Caching[foo.org.hibernate.cache.spi.UpdateTimestampsCache] : [CourseMeeting] -> [5579090764529664]
14:18:26,185  INFO CustomRunner:139 - Test: testEntityWithNonLazyManyToOneList
14:18:26,186 DEBUG SQL:104 - 
    select
        coursemeet_.courseCode,
        coursemeet_.day,
        coursemeet_.period,
        coursemeet_.location 
    from
        CourseMeeting coursemeet_ 
    where
        coursemeet_.courseCode=? 
        and coursemeet_.day=? 
        and coursemeet_.period=? 
        and coursemeet_.location=?
14:18:26,186 DEBUG SQL:104 - 
    select
        coursemeet_.courseCode,
        coursemeet_.day,
        coursemeet_.period,
        coursemeet_.location 
    from
        CourseMeeting coursemeet_ 
    where
        coursemeet_.courseCode=? 
        and coursemeet_.day=? 
        and coursemeet_.period=? 
        and coursemeet_.location=?
14:18:26,196 DEBUG SQL:104 - 
    insert 
    into
        Course
        (description, courseCode) 
    values
        (?, ?)
14:18:26,196 DEBUG BaseGeneralDataRegion:59 - Caching[foo.org.hibernate.cache.spi.UpdateTimestampsCache] : [Course] -> [5579091010338816]
14:18:26,196 DEBUG SQL:104 - 
    insert 
    into
        CourseMeeting
        (courseCode, day, period, location) 
    values
        (?, ?, ?, ?)
14:18:26,196 DEBUG BaseGeneralDataRegion:59 - Caching[foo.org.hibernate.cache.spi.UpdateTimestampsCache] : [CourseMeeting] -> [5579091010338817]
14:18:26,196 DEBUG SQL:104 - 
    insert 
    into
        CourseMeeting
        (courseCode, day, period, location) 
    values
        (?, ?, ?, ?)
14:18:26,204 DEBUG BaseGeneralDataRegion:59 - Caching[foo.org.hibernate.cache.spi.UpdateTimestampsCache] : [CourseMeeting] -> [5579091010371584]
14:18:26,204 DEBUG SQL:104 - 
    insert 
    into
        Student
        (name_first, name_middle, name_last, preferredCourseCode, studentId) 
    values
        (?, ?, ?, ?, ?)
14:18:26,205 DEBUG BaseGeneralDataRegion:59 - Caching[foo.org.hibernate.cache.spi.UpdateTimestampsCache] : [Student] -> [5579091010375680]
14:18:26,205 DEBUG SQL:104 - 
    insert 
    into
        Address
        (addressType, street, city, stateProvince, postalCode, country, studentNumber, id) 
    values
        (?, ?, ?, ?, ?, ?, ?, ?)
14:18:26,205 DEBUG BaseGeneralDataRegion:59 - Caching[foo.org.hibernate.cache.spi.UpdateTimestampsCache] : [Address] -> [5579091010375681]
14:18:26,205 DEBUG SQL:104 - 
    insert 
    into
        Address
        (addressType, street, city, stateProvince, postalCode, country, studentNumber, id) 
    values
        (?, ?, ?, ?, ?, ?, ?, ?)
14:18:26,205 DEBUG BaseGeneralDataRegion:59 - Caching[foo.org.hibernate.cache.spi.UpdateTimestampsCache] : [Address] -> [5579091010375682]
14:18:26,205 DEBUG SQL:104 - 
    insert 
    into
        Student
        (name_first, name_middle, name_last, preferredCourseCode, studentId) 
    values
        (?, ?, ?, ?, ?)
14:18:26,205 DEBUG BaseGeneralDataRegion:59 - Caching[foo.org.hibernate.cache.spi.UpdateTimestampsCache] : [Student] -> [5579091010375683]
14:18:26,206 DEBUG SQL:104 - 
    insert 
    into
        Enrolment
        (semester, "year", studentId, courseCode) 
    values
        (?, ?, ?, ?)
14:18:26,206 DEBUG BaseGeneralDataRegion:59 - Caching[foo.org.hibernate.cache.spi.UpdateTimestampsCache] : [Enrolment] -> [5579091010379776]
14:18:26,206 DEBUG SQL:104 - 
    insert 
    into
        Enrolment
        (semester, "year", studentId, courseCode) 
    values
        (?, ?, ?, ?)
14:18:26,206 DEBUG BaseGeneralDataRegion:59 - Caching[foo.org.hibernate.cache.spi.UpdateTimestampsCache] : [Enrolment] -> [5579091010379777]
14:18:26,206 DEBUG BaseGeneralDataRegion:59 - Caching[foo.org.hibernate.cache.spi.UpdateTimestampsCache] : [CourseMeeting] -> [5579091010379778]
14:18:26,206 DEBUG BaseGeneralDataRegion:59 - Caching[foo.org.hibernate.cache.spi.UpdateTimestampsCache] : [Enrolment] -> [5579091010379779]
14:18:26,206 DEBUG SQL:104 - 
    update
        Address 
    set
        studentNumber=?,
        addressType=? 
    where
        id=?
14:18:26,219 DEBUG SQL:104 - 
    update
        Address 
    set
        studentNumber=?,
        addressType=? 
    where
        id=?
14:18:26,219 DEBUG BaseGeneralDataRegion:59 - Caching[foo.org.hibernate.cache.spi.UpdateTimestampsCache] : [Address] -> [5579091010433024]
14:18:26,219 DEBUG SQL:104 - 
    insert 
    into
        Student_secretCodes
        (studentNumber, i, secretCode) 
    values
        (?, ?, ?)
14:18:26,219 DEBUG BaseGeneralDataRegion:59 - Caching[foo.org.hibernate.cache.spi.UpdateTimestampsCache] : [Student_secretCodes] -> [5579091010433025]
14:18:26,219 DEBUG BaseGeneralDataRegion:59 - Caching[foo.org.hibernate.cache.spi.UpdateTimestampsCache] : [Enrolment] -> [5579091010433026]
14:18:26,219 DEBUG BaseGeneralDataRegion:59 - Caching[foo.org.hibernate.cache.spi.UpdateTimestampsCache] : [Address] -> [5579091010433027]
14:18:26,219 DEBUG SQL:104 - 
    insert 
    into
        Student_secretCodes
        (studentNumber, i, secretCode) 
    values
        (?, ?, ?)
14:18:26,230 DEBUG SQL:104 - 
    insert 
    into
        Student_secretCodes
        (studentNumber, i, secretCode) 
    values
        (?, ?, ?)
14:18:26,230 DEBUG BaseGeneralDataRegion:59 - Caching[foo.org.hibernate.cache.spi.UpdateTimestampsCache] : [Student_secretCodes] -> [5579091010478080]
14:18:26,230 DEBUG BaseGeneralDataRegion:59 - Caching[foo.org.hibernate.cache.spi.UpdateTimestampsCache] : [Student] -> [5579090764718081]
14:18:26,230 DEBUG BaseGeneralDataRegion:59 - Caching[foo.org.hibernate.cache.spi.UpdateTimestampsCache] : [Course] -> [5579090764718081]
14:18:26,230 DEBUG BaseGeneralDataRegion:59 - Caching[foo.org.hibernate.cache.spi.UpdateTimestampsCache] : [Enrolment] -> [5579090764718081]
14:18:26,230 DEBUG BaseGeneralDataRegion:59 - Caching[foo.org.hibernate.cache.spi.UpdateTimestampsCache] : [Student_secretCodes] -> [5579090764718081]
14:18:26,230 DEBUG BaseGeneralDataRegion:59 - Caching[foo.org.hibernate.cache.spi.UpdateTimestampsCache] : [Address] -> [5579090764718081]
14:18:26,231 DEBUG BaseGeneralDataRegion:59 - Caching[foo.org.hibernate.cache.spi.UpdateTimestampsCache] : [CourseMeeting] -> [5579090764718081]
14:18:26,231 DEBUG QueryTranslatorImpl:265 - parse() - HQL: from org.hibernate.test.querycache.CourseMeeting order by id.day
14:18:26,232 DEBUG QueryTranslatorImpl:283 - --- HQL AST ---
 \-[QUERY] Node: 'query'
    +-[SELECT_FROM] Node: 'SELECT_FROM'
    |  \-[FROM] Node: 'from'
    |     \-[RANGE] Node: 'RANGE'
    |        \-[DOT] Node: '.'
    |           +-[DOT] Node: '.'
    |           |  +-[DOT] Node: '.'
    |           |  |  +-[DOT] Node: '.'
    |           |  |  |  +-[IDENT] Node: 'org'
    |           |  |  |  \-[IDENT] Node: 'hibernate'
    |           |  |  \-[IDENT] Node: 'test'
    |           |  \-[IDENT] Node: 'querycache'
    |           \-[IDENT] Node: 'CourseMeeting'
    \-[ORDER] Node: 'order'
       \-[DOT] Node: '.'
          +-[IDENT] Node: 'id'
          \-[IDENT] Node: 'day'

14:18:26,232 DEBUG ErrorCounter:82 - throwQueryException() : no errors
14:18:26,232 DEBUG FromElement:157 - FromClause{level=1} : org.hibernate.test.querycache.CourseMeeting (<no alias>) -> coursemeet0_
14:18:26,233 DEBUG FromReferenceNode:74 - Resolved : {synthetic-alias} -> {synthetic-alias}
14:18:26,233 DEBUG DotNode:599 - getDataType() : id -> org.hibernate.type.ComponentType@2255eb49
14:18:26,233 DEBUG DotNode:585 - Unresolved property path is now 'id.day'
14:18:26,233 DEBUG FromReferenceNode:74 - Resolved : {synthetic-alias}.id -> coursemeet0_.day
14:18:26,233 DEBUG DotNode:599 - getDataType() : id.day -> org.hibernate.type.StringType@2dc8de40
14:18:26,233 DEBUG FromReferenceNode:74 - Resolved : {synthetic-alias}.id.day -> coursemeet0_.day
14:18:26,233 DEBUG HqlSqlWalker:629 - processQuery() :  ( SELECT ( FromClause{level=1} CourseMeeting coursemeet0_ ) ( order ( coursemeet0_.day ( coursemeet0_.day {synthetic-alias} id ) day ) ) )
14:18:26,233 DEBUG HqlSqlWalker:869 - Derived SELECT clause created.
14:18:26,234 DEBUG JoinProcessor:175 - Using FROM fragment [CourseMeeting coursemeet0_]
14:18:26,256 DEBUG QueryTranslatorImpl:252 - --- SQL AST ---
 \-[SELECT] QueryNode: 'SELECT'  querySpaces (CourseMeeting)
    +-[SELECT_CLAUSE] SelectClause: '{derived select clause}'
    |  \-[SELECT_EXPR] SelectExpressionImpl: 'coursemeet0_.courseCode as courseCode2_, coursemeet0_.day as day2_, coursemeet0_.period as period2_, coursemeet0_.location as location2_' {FromElement{explicit,not a collection join,not a fetch join,fetch non-lazy properties,classAlias=null,role=null,tableName=CourseMeeting,tableAlias=coursemeet0_,origin=null,columns={,className=org.hibernate.test.querycache.CourseMeeting}}}
    +-[FROM] FromClause: 'from' FromClause{level=1, fromElementCounter=1, fromElements=1, fromElementByClassAlias=[], fromElementByTableAlias=[coursemeet0_], fromElementsByPath=[], collectionJoinFromElementsByPath=[], impliedElements=[]}
    |  \-[FROM_FRAGMENT] FromElement: 'CourseMeeting coursemeet0_' FromElement{explicit,not a collection join,not a fetch join,fetch non-lazy properties,classAlias=null,role=null,tableName=CourseMeeting,tableAlias=coursemeet0_,origin=null,columns={,className=org.hibernate.test.querycache.CourseMeeting}}
    \-[ORDER] OrderByClause: 'order'
       \-[DOT] DotNode: 'coursemeet0_.day' {propertyName=day,dereferenceType=ALL,propertyPath=id.day,path={synthetic-alias}.id.day,tableAlias=coursemeet0_,className=org.hibernate.test.querycache.CourseMeeting,classAlias=null}
          +-[DOT] DotNode: 'coursemeet0_.day' {propertyName=day,dereferenceType=2,propertyPath=id.day,path={synthetic-alias}.id,tableAlias=coursemeet0_,className=org.hibernate.test.querycache.CourseMeeting,classAlias=null}
          |  +-[IDENT] IdentNode: '{synthetic-alias}' {originalText={synthetic-alias}}
          |  \-[IDENT] IdentNode: 'id' {originalText=id}
          \-[IDENT] IdentNode: 'day' {originalText=day}

14:18:26,256 DEBUG ErrorCounter:82 - throwQueryException() : no errors
14:18:26,256 DEBUG QueryTranslatorImpl:235 - HQL: from org.hibernate.test.querycache.CourseMeeting order by id.day
14:18:26,256 DEBUG QueryTranslatorImpl:236 - SQL: select coursemeet0_.courseCode as courseCode2_, coursemeet0_.day as day2_, coursemeet0_.period as period2_, coursemeet0_.location as location2_ from CourseMeeting coursemeet0_ order by coursemeet0_.day
14:18:26,256 DEBUG ErrorCounter:82 - throwQueryException() : no errors
14:18:26,256 DEBUG SQL:104 - 
    select
        coursemeet0_.courseCode as courseCode2_,
        coursemeet0_.day as day2_,
        coursemeet0_.period as period2_,
        coursemeet0_.location as location2_ 
    from
        CourseMeeting coursemeet0_ 
    order by
        coursemeet0_.day
14:18:26,257 DEBUG SQL:104 - 
    select
        course0_.courseCode as courseCode1_0_,
        course0_.description as descript2_1_0_ 
    from
        Course course0_ 
    where
        course0_.courseCode=?
14:18:26,268 DEBUG SQL:104 - 
    select
        coursemeet0_.courseCode as courseCode1_1_,
        coursemeet0_.courseCode as courseCode2_1_,
        coursemeet0_.day as day2_1_,
        coursemeet0_.period as period2_1_,
        coursemeet0_.location as location2_1_,
        coursemeet0_.courseCode as courseCode2_0_,
        coursemeet0_.day as day2_0_,
        coursemeet0_.period as period2_0_,
        coursemeet0_.location as location2_0_ 
    from
        CourseMeeting coursemeet0_ 
    where
        coursemeet0_.courseCode=?
14:18:26,269 DEBUG SQL:104 - 
    select
        coursemeet0_.courseCode as courseCode2_,
        coursemeet0_.day as day2_,
        coursemeet0_.period as period2_,
        coursemeet0_.location as location2_ 
    from
        CourseMeeting coursemeet0_ 
    order by
        coursemeet0_.day
14:18:26,269 DEBUG SQL:104 - 
    select
        course0_.courseCode as courseCode1_0_,
        course0_.description as descript2_1_0_ 
    from
        Course course0_ 
    where
        course0_.courseCode=?
14:18:26,291 DEBUG SQL:104 - 
    select
        coursemeet0_.courseCode as courseCode1_1_,
        coursemeet0_.courseCode as courseCode2_1_,
        coursemeet0_.day as day2_1_,
        coursemeet0_.period as period2_1_,
        coursemeet0_.location as location2_1_,
        coursemeet0_.courseCode as courseCode2_0_,
        coursemeet0_.day as day2_0_,
        coursemeet0_.period as period2_0_,
        coursemeet0_.location as location2_0_ 
    from
        CourseMeeting coursemeet0_ 
    where
        coursemeet0_.courseCode=?
14:18:26,293 DEBUG SQL:104 - 
    select
        student_.studentId,
        student_.name_first as name2_4_,
        student_.name_middle as name3_4_,
        student_.name_last as name4_4_,
        student_.preferredCourseCode as preferre5_4_ 
    from
        Student student_ 
    where
        student_.studentId=?
14:18:26,304 DEBUG SQL:104 - 
    select
        enrolment_.studentId,
        enrolment_.courseCode,
        enrolment_.semester as semester3_,
        enrolment_."year" as year4_3_ 
    from
        Enrolment enrolment_ 
    where
        enrolment_.studentId=? 
        and enrolment_.courseCode=?
14:18:26,305 DEBUG SQL:104 - 
    select
        course_.courseCode,
        course_.description as descript2_1_ 
    from
        Course course_ 
    where
        course_.courseCode=?
14:18:26,305 DEBUG SQL:104 - 
    select
        student_.studentId,
        student_.name_first as name2_4_,
        student_.name_middle as name3_4_,
        student_.name_last as name4_4_,
        student_.preferredCourseCode as preferre5_4_ 
    from
        Student student_ 
    where
        student_.studentId=?
14:18:26,306 DEBUG SQL:104 - 
    select
        enrolment_.studentId,
        enrolment_.courseCode,
        enrolment_.semester as semester3_,
        enrolment_."year" as year4_3_ 
    from
        Enrolment enrolment_ 
    where
        enrolment_.studentId=? 
        and enrolment_.courseCode=?
14:18:26,307 DEBUG SQL:104 - 
    select
        coursemeet_.courseCode,
        coursemeet_.day,
        coursemeet_.period,
        coursemeet_.location 
    from
        CourseMeeting coursemeet_ 
    where
        coursemeet_.courseCode=? 
        and coursemeet_.day=? 
        and coursemeet_.period=? 
        and coursemeet_.location=?
14:18:26,307 DEBUG SQL:104 - 
    select
        coursemeet_.courseCode,
        coursemeet_.day,
        coursemeet_.period,
        coursemeet_.location 
    from
        CourseMeeting coursemeet_ 
    where
        coursemeet_.courseCode=? 
        and coursemeet_.day=? 
        and coursemeet_.period=? 
        and coursemeet_.location=?
14:18:26,318 DEBUG BaseGeneralDataRegion:59 - Caching[foo.org.hibernate.cache.spi.UpdateTimestampsCache] : [Enrolment] -> [5579091010838528]
14:18:26,319 DEBUG SQL:104 - 
    update
        Address 
    set
        studentNumber=null,
        addressType=null 
    where
        studentNumber=?
14:18:26,319 DEBUG BaseGeneralDataRegion:59 - Caching[foo.org.hibernate.cache.spi.UpdateTimestampsCache] : [Address] -> [5579091010842624]
14:18:26,319 DEBUG SQL:104 - 
    delete 
    from
        Student_secretCodes 
    where
        studentNumber=?
14:18:26,319 DEBUG BaseGeneralDataRegion:59 - Caching[foo.org.hibernate.cache.spi.UpdateTimestampsCache] : [Student_secretCodes] -> [5579091010842625]
14:18:26,319 DEBUG BaseGeneralDataRegion:59 - Caching[foo.org.hibernate.cache.spi.UpdateTimestampsCache] : [Enrolment] -> [5579091010842626]
14:18:26,320 DEBUG BaseGeneralDataRegion:59 - Caching[foo.org.hibernate.cache.spi.UpdateTimestampsCache] : [Address] -> [5579091010846720]
14:18:26,320 DEBUG SQL:104 - 
    delete 
    from
        Student_secretCodes 
    where
        studentNumber=?
14:18:26,329 DEBUG BaseGeneralDataRegion:59 - Caching[foo.org.hibernate.cache.spi.UpdateTimestampsCache] : [Student_secretCodes] -> [5579091010883584]
14:18:26,330 DEBUG BaseGeneralDataRegion:59 - Caching[foo.org.hibernate.cache.spi.UpdateTimestampsCache] : [CourseMeeting] -> [5579091010887680]
14:18:26,330 DEBUG SQL:104 - 
    delete 
    from
        Enrolment 
    where
        studentId=? 
        and courseCode=?
14:18:26,330 DEBUG BaseGeneralDataRegion:59 - Caching[foo.org.hibernate.cache.spi.UpdateTimestampsCache] : [Enrolment] -> [5579091010887681]
14:18:26,330 DEBUG SQL:104 - 
    delete 
    from
        Address 
    where
        id=?
14:18:26,331 DEBUG BaseGeneralDataRegion:59 - Caching[foo.org.hibernate.cache.spi.UpdateTimestampsCache] : [Address] -> [5579091010891776]
14:18:26,331 DEBUG SQL:104 - 
    delete 
    from
        Address 
    where
        id=?
14:18:26,331 DEBUG BaseGeneralDataRegion:59 - Caching[foo.org.hibernate.cache.spi.UpdateTimestampsCache] : [Address] -> [5579091010891777]
14:18:26,331 DEBUG SQL:104 - 
    delete 
    from
        Student 
    where
        studentId=?
14:18:26,331 DEBUG BaseGeneralDataRegion:59 - Caching[foo.org.hibernate.cache.spi.UpdateTimestampsCache] : [Student] -> [5579091010891778]
14:18:26,331 DEBUG SQL:104 - 
    delete 
    from
        Enrolment 
    where
        studentId=? 
        and courseCode=?
14:18:26,331 DEBUG BaseGeneralDataRegion:59 - Caching[foo.org.hibernate.cache.spi.UpdateTimestampsCache] : [Enrolment] -> [5579091010891779]
14:18:26,332 DEBUG SQL:104 - 
    delete 
    from
        Student 
    where
        studentId=?
14:18:26,332 DEBUG BaseGeneralDataRegion:59 - Caching[foo.org.hibernate.cache.spi.UpdateTimestampsCache] : [Student] -> [5579091010895872]
14:18:26,423 DEBUG SQL:104 - 
    delete 
    from
        CourseMeeting 
    where
        courseCode=? 
        and day=? 
        and period=? 
        and location=?
14:18:26,424 DEBUG BaseGeneralDataRegion:59 - Caching[foo.org.hibernate.cache.spi.UpdateTimestampsCache] : [CourseMeeting] -> [5579091011272704]
14:18:26,424 DEBUG SQL:104 - 
    delete 
    from
        CourseMeeting 
    where
        courseCode=? 
        and day=? 
        and period=? 
        and location=?
14:18:26,424 DEBUG BaseGeneralDataRegion:59 - Caching[foo.org.hibernate.cache.spi.UpdateTimestampsCache] : [CourseMeeting] -> [5579091011272705]
14:18:26,425 DEBUG SQL:104 - 
    delete 
    from
        Course 
    where
        courseCode=?
14:18:26,425 DEBUG BaseGeneralDataRegion:59 - Caching[foo.org.hibernate.cache.spi.UpdateTimestampsCache] : [Course] -> [5579091011276800]
14:18:26,425 DEBUG BaseGeneralDataRegion:59 - Caching[foo.org.hibernate.cache.spi.UpdateTimestampsCache] : [Student] -> [5579090765516801]
14:18:26,425 DEBUG BaseGeneralDataRegion:59 - Caching[foo.org.hibernate.cache.spi.UpdateTimestampsCache] : [Course] -> [5579090765516801]
14:18:26,425 DEBUG BaseGeneralDataRegion:59 - Caching[foo.org.hibernate.cache.spi.UpdateTimestampsCache] : [Enrolment] -> [5579090765516801]
14:18:26,425 DEBUG BaseGeneralDataRegion:59 - Caching[foo.org.hibernate.cache.spi.UpdateTimestampsCache] : [Student_secretCodes] -> [5579090765516801]
14:18:26,425 DEBUG BaseGeneralDataRegion:59 - Caching[foo.org.hibernate.cache.spi.UpdateTimestampsCache] : [Address] -> [5579090765516801]
14:18:26,425 DEBUG BaseGeneralDataRegion:59 - Caching[foo.org.hibernate.cache.spi.UpdateTimestampsCache] : [CourseMeeting] -> [5579090765516801]
14:18:26,426  INFO CustomRunner:139 - Test: testEntityWithNonLazyOneToManyUnique
14:18:26,427 DEBUG SQL:104 - 
    select
        coursemeet_.courseCode,
        coursemeet_.day,
        coursemeet_.period,
        coursemeet_.location 
    from
        CourseMeeting coursemeet_ 
    where
        coursemeet_.courseCode=? 
        and coursemeet_.day=? 
        and coursemeet_.period=? 
        and coursemeet_.location=?
14:18:26,427 DEBUG SQL:104 - 
    select
        coursemeet_.courseCode,
        coursemeet_.day,
        coursemeet_.period,
        coursemeet_.location 
    from
        CourseMeeting coursemeet_ 
    where
        coursemeet_.courseCode=? 
        and coursemeet_.day=? 
        and coursemeet_.period=? 
        and coursemeet_.location=?
14:18:26,428 DEBUG SQL:104 - 
    insert 
    into
        Course
        (description, courseCode) 
    values
        (?, ?)
14:18:26,428 DEBUG BaseGeneralDataRegion:59 - Caching[foo.org.hibernate.cache.spi.UpdateTimestampsCache] : [Course] -> [5579091011289088]
14:18:26,429 DEBUG SQL:104 - 
    insert 
    into
        CourseMeeting
        (courseCode, day, period, location) 
    values
        (?, ?, ?, ?)
14:18:26,429 DEBUG BaseGeneralDataRegion:59 - Caching[foo.org.hibernate.cache.spi.UpdateTimestampsCache] : [CourseMeeting] -> [5579091011293184]
14:18:26,429 DEBUG SQL:104 - 
    insert 
    into
        CourseMeeting
        (courseCode, day, period, location) 
    values
        (?, ?, ?, ?)
14:18:26,429 DEBUG BaseGeneralDataRegion:59 - Caching[foo.org.hibernate.cache.spi.UpdateTimestampsCache] : [CourseMeeting] -> [5579091011293185]
14:18:26,429 DEBUG SQL:104 - 
    insert 
    into
        Student
        (name_first, name_middle, name_last, preferredCourseCode, studentId) 
    values
        (?, ?, ?, ?, ?)
14:18:26,429 DEBUG BaseGeneralDataRegion:59 - Caching[foo.org.hibernate.cache.spi.UpdateTimestampsCache] : [Student] -> [5579091011293186]
14:18:26,429 DEBUG SQL:104 - 
    insert 
    into
        Address
        (addressType, street, city, stateProvince, postalCode, country, studentNumber, id) 
    values
        (?, ?, ?, ?, ?, ?, ?, ?)
14:18:26,430 DEBUG BaseGeneralDataRegion:59 - Caching[foo.org.hibernate.cache.spi.UpdateTimestampsCache] : [Address] -> [5579091011297280]
14:18:26,430 DEBUG SQL:104 - 
    insert 
    into
        Address
        (addressType, street, city, stateProvince, postalCode, country, studentNumber, id) 
    values
        (?, ?, ?, ?, ?, ?, ?, ?)
14:18:26,430 DEBUG BaseGeneralDataRegion:59 - Caching[foo.org.hibernate.cache.spi.UpdateTimestampsCache] : [Address] -> [5579091011297281]
14:18:26,430 DEBUG SQL:104 - 
    insert 
    into
        Student
        (name_first, name_middle, name_last, preferredCourseCode, studentId) 
    values
        (?, ?, ?, ?, ?)
14:18:26,430 DEBUG BaseGeneralDataRegion:59 - Caching[foo.org.hibernate.cache.spi.UpdateTimestampsCache] : [Student] -> [5579091011297282]
14:18:26,430 DEBUG SQL:104 - 
    insert 
    into
        Enrolment
        (semester, "year", studentId, courseCode) 
    values
        (?, ?, ?, ?)
14:18:26,431 DEBUG BaseGeneralDataRegion:59 - Caching[foo.org.hibernate.cache.spi.UpdateTimestampsCache] : [Enrolment] -> [5579091011301376]
14:18:26,431 DEBUG SQL:104 - 
    insert 
    into
        Enrolment
        (semester, "year", studentId, courseCode) 
    values
        (?, ?, ?, ?)
14:18:26,431 DEBUG BaseGeneralDataRegion:59 - Caching[foo.org.hibernate.cache.spi.UpdateTimestampsCache] : [Enrolment] -> [5579091011301377]
14:18:26,431 DEBUG BaseGeneralDataRegion:59 - Caching[foo.org.hibernate.cache.spi.UpdateTimestampsCache] : [CourseMeeting] -> [5579091011301378]
14:18:26,431 DEBUG BaseGeneralDataRegion:59 - Caching[foo.org.hibernate.cache.spi.UpdateTimestampsCache] : [Enrolment] -> [5579091011301379]
14:18:26,431 DEBUG SQL:104 - 
    update
        Address 
    set
        studentNumber=?,
        addressType=? 
    where
        id=?
14:18:26,448 DEBUG SQL:104 - 
    update
        Address 
    set
        studentNumber=?,
        addressType=? 
    where
        id=?
14:18:26,448 DEBUG BaseGeneralDataRegion:59 - Caching[foo.org.hibernate.cache.spi.UpdateTimestampsCache] : [Address] -> [5579091011371008]
14:18:26,448 DEBUG SQL:104 - 
    insert 
    into
        Student_secretCodes
        (studentNumber, i, secretCode) 
    values
        (?, ?, ?)
14:18:26,448 DEBUG BaseGeneralDataRegion:59 - Caching[foo.org.hibernate.cache.spi.UpdateTimestampsCache] : [Student_secretCodes] -> [5579091011371009]
14:18:26,448 DEBUG BaseGeneralDataRegion:59 - Caching[foo.org.hibernate.cache.spi.UpdateTimestampsCache] : [Enrolment] -> [5579091011371010]
14:18:26,449 DEBUG BaseGeneralDataRegion:59 - Caching[foo.org.hibernate.cache.spi.UpdateTimestampsCache] : [Address] -> [5579091011375104]
14:18:26,449 DEBUG SQL:104 - 
    insert 
    into
        Student_secretCodes
        (studentNumber, i, secretCode) 
    values
        (?, ?, ?)
14:18:26,449 DEBUG SQL:104 - 
    insert 
    into
        Student_secretCodes
        (studentNumber, i, secretCode) 
    values
        (?, ?, ?)
14:18:26,449 DEBUG BaseGeneralDataRegion:59 - Caching[foo.org.hibernate.cache.spi.UpdateTimestampsCache] : [Student_secretCodes] -> [5579091011375105]
14:18:26,449 DEBUG BaseGeneralDataRegion:59 - Caching[foo.org.hibernate.cache.spi.UpdateTimestampsCache] : [Student] -> [5579090765615106]
14:18:26,449 DEBUG BaseGeneralDataRegion:59 - Caching[foo.org.hibernate.cache.spi.UpdateTimestampsCache] : [Course] -> [5579090765615106]
14:18:26,449 DEBUG BaseGeneralDataRegion:59 - Caching[foo.org.hibernate.cache.spi.UpdateTimestampsCache] : [Enrolment] -> [5579090765615106]
14:18:26,449 DEBUG BaseGeneralDataRegion:59 - Caching[foo.org.hibernate.cache.spi.UpdateTimestampsCache] : [Student_secretCodes] -> [5579090765615106]
14:18:26,449 DEBUG BaseGeneralDataRegion:59 - Caching[foo.org.hibernate.cache.spi.UpdateTimestampsCache] : [Address] -> [5579090765615106]
14:18:26,450 DEBUG BaseGeneralDataRegion:59 - Caching[foo.org.hibernate.cache.spi.UpdateTimestampsCache] : [CourseMeeting] -> [5579090765615106]
14:18:26,450 DEBUG QueryTranslatorImpl:265 - parse() - HQL: from org.hibernate.test.querycache.Course
14:18:26,451 DEBUG QueryTranslatorImpl:283 - --- HQL AST ---
 \-[QUERY] Node: 'query'
    \-[SELECT_FROM] Node: 'SELECT_FROM'
       \-[FROM] Node: 'from'
          \-[RANGE] Node: 'RANGE'
             \-[DOT] Node: '.'
                +-[DOT] Node: '.'
                |  +-[DOT] Node: '.'
                |  |  +-[DOT] Node: '.'
                |  |  |  +-[IDENT] Node: 'org'
                |  |  |  \-[IDENT] Node: 'hibernate'
                |  |  \-[IDENT] Node: 'test'
                |  \-[IDENT] Node: 'querycache'
                \-[IDENT] Node: 'Course'

14:18:26,451 DEBUG ErrorCounter:82 - throwQueryException() : no errors
14:18:26,451 DEBUG FromElement:157 - FromClause{level=1} : org.hibernate.test.querycache.Course (<no alias>) -> course0_
14:18:26,451 DEBUG HqlSqlWalker:629 - processQuery() :  ( SELECT ( FromClause{level=1} Course course0_ ) )
14:18:26,451 DEBUG HqlSqlWalker:869 - Derived SELECT clause created.
14:18:26,452 DEBUG JoinProcessor:175 - Using FROM fragment [Course course0_]
14:18:26,452 DEBUG QueryTranslatorImpl:252 - --- SQL AST ---
 \-[SELECT] QueryNode: 'SELECT'  querySpaces (Course)
    +-[SELECT_CLAUSE] SelectClause: '{derived select clause}'
    |  +-[SELECT_EXPR] SelectExpressionImpl: 'course0_.courseCode as courseCode1_' {FromElement{explicit,not a collection join,not a fetch join,fetch non-lazy properties,classAlias=null,role=null,tableName=Course,tableAlias=course0_,origin=null,columns={,className=org.hibernate.test.querycache.Course}}}
    |  \-[SQL_TOKEN] SqlFragment: 'course0_.description as descript2_1_'
    \-[FROM] FromClause: 'from' FromClause{level=1, fromElementCounter=1, fromElements=1, fromElementByClassAlias=[], fromElementByTableAlias=[course0_], fromElementsByPath=[], collectionJoinFromElementsByPath=[], impliedElements=[]}
       \-[FROM_FRAGMENT] FromElement: 'Course course0_' FromElement{explicit,not a collection join,not a fetch join,fetch non-lazy properties,classAlias=null,role=null,tableName=Course,tableAlias=course0_,origin=null,columns={,className=org.hibernate.test.querycache.Course}}

14:18:26,452 DEBUG ErrorCounter:82 - throwQueryException() : no errors
14:18:26,460 DEBUG QueryTranslatorImpl:235 - HQL: from org.hibernate.test.querycache.Course
14:18:26,461 DEBUG QueryTranslatorImpl:236 - SQL: select course0_.courseCode as courseCode1_, course0_.description as descript2_1_ from Course course0_
14:18:26,461 DEBUG ErrorCounter:82 - throwQueryException() : no errors
14:18:26,461 DEBUG SQL:104 - 
    select
        course0_.courseCode as courseCode1_,
        course0_.description as descript2_1_ 
    from
        Course course0_
14:18:26,461 DEBUG SQL:104 - 
    select
        coursemeet0_.courseCode as courseCode1_1_,
        coursemeet0_.courseCode as courseCode2_1_,
        coursemeet0_.day as day2_1_,
        coursemeet0_.period as period2_1_,
        coursemeet0_.location as location2_1_,
        coursemeet0_.courseCode as courseCode2_0_,
        coursemeet0_.day as day2_0_,
        coursemeet0_.period as period2_0_,
        coursemeet0_.location as location2_0_ 
    from
        CourseMeeting coursemeet0_ 
    where
        coursemeet0_.courseCode=?
14:18:26,462 DEBUG SQL:104 - 
    select
        course0_.courseCode as courseCode1_,
        course0_.description as descript2_1_ 
    from
        Course course0_
14:18:26,472 DEBUG SQL:104 - 
    select
        coursemeet0_.courseCode as courseCode1_1_,
        coursemeet0_.courseCode as courseCode2_1_,
        coursemeet0_.day as day2_1_,
        coursemeet0_.period as period2_1_,
        coursemeet0_.location as location2_1_,
        coursemeet0_.courseCode as courseCode2_0_,
        coursemeet0_.day as day2_0_,
        coursemeet0_.period as period2_0_,
        coursemeet0_.location as location2_0_ 
    from
        CourseMeeting coursemeet0_ 
    where
        coursemeet0_.courseCode=?
14:18:26,473 DEBUG SQL:104 - 
    select
        student_.studentId,
        student_.name_first as name2_4_,
        student_.name_middle as name3_4_,
        student_.name_last as name4_4_,
        student_.preferredCourseCode as preferre5_4_ 
    from
        Student student_ 
    where
        student_.studentId=?
14:18:26,473 DEBUG SQL:104 - 
    select
        enrolment_.studentId,
        enrolment_.courseCode,
        enrolment_.semester as semester3_,
        enrolment_."year" as year4_3_ 
    from
        Enrolment enrolment_ 
    where
        enrolment_.studentId=? 
        and enrolment_.courseCode=?
14:18:26,482 DEBUG SQL:104 - 
    select
        course_.courseCode,
        course_.description as descript2_1_ 
    from
        Course course_ 
    where
        course_.courseCode=?
14:18:26,526 DEBUG SQL:104 - 
    select
        student_.studentId,
        student_.name_first as name2_4_,
        student_.name_middle as name3_4_,
        student_.name_last as name4_4_,
        student_.preferredCourseCode as preferre5_4_ 
    from
        Student student_ 
    where
        student_.studentId=?
14:18:26,530 DEBUG SQL:104 - 
    select
        enrolment_.studentId,
        enrolment_.courseCode,
        enrolment_.semester as semester3_,
        enrolment_."year" as year4_3_ 
    from
        Enrolment enrolment_ 
    where
        enrolment_.studentId=? 
        and enrolment_.courseCode=?
14:18:26,539 DEBUG SQL:104 - 
    select
        coursemeet_.courseCode,
        coursemeet_.day,
        coursemeet_.period,
        coursemeet_.location 
    from
        CourseMeeting coursemeet_ 
    where
        coursemeet_.courseCode=? 
        and coursemeet_.day=? 
        and coursemeet_.period=? 
        and coursemeet_.location=?
14:18:26,540 DEBUG SQL:104 - 
    select
        coursemeet_.courseCode,
        coursemeet_.day,
        coursemeet_.period,
        coursemeet_.location 
    from
        CourseMeeting coursemeet_ 
    where
        coursemeet_.courseCode=? 
        and coursemeet_.day=? 
        and coursemeet_.period=? 
        and coursemeet_.location=?
14:18:26,541 DEBUG BaseGeneralDataRegion:59 - Caching[foo.org.hibernate.cache.spi.UpdateTimestampsCache] : [Enrolment] -> [5579091011751936]
14:18:26,541 DEBUG SQL:104 - 
    update
        Address 
    set
        studentNumber=null,
        addressType=null 
    where
        studentNumber=?
14:18:26,542 DEBUG BaseGeneralDataRegion:59 - Caching[foo.org.hibernate.cache.spi.UpdateTimestampsCache] : [Address] -> [5579091011751937]
14:18:26,542 DEBUG SQL:104 - 
    delete 
    from
        Student_secretCodes 
    where
        studentNumber=?
14:18:26,542 DEBUG BaseGeneralDataRegion:59 - Caching[foo.org.hibernate.cache.spi.UpdateTimestampsCache] : [Student_secretCodes] -> [5579091011756032]
14:18:26,542 DEBUG BaseGeneralDataRegion:59 - Caching[foo.org.hibernate.cache.spi.UpdateTimestampsCache] : [Enrolment] -> [5579091011756033]
14:18:26,542 DEBUG BaseGeneralDataRegion:59 - Caching[foo.org.hibernate.cache.spi.UpdateTimestampsCache] : [Address] -> [5579091011756034]
14:18:26,542 DEBUG SQL:104 - 
    delete 
    from
        Student_secretCodes 
    where
        studentNumber=?
14:18:26,543 DEBUG BaseGeneralDataRegion:59 - Caching[foo.org.hibernate.cache.spi.UpdateTimestampsCache] : [Student_secretCodes] -> [5579091011760128]
14:18:26,543 DEBUG BaseGeneralDataRegion:59 - Caching[foo.org.hibernate.cache.spi.UpdateTimestampsCache] : [CourseMeeting] -> [5579091011760129]
14:18:26,543 DEBUG SQL:104 - 
    delete 
    from
        Enrolment 
    where
        studentId=? 
        and courseCode=?
14:18:26,543 DEBUG BaseGeneralDataRegion:59 - Caching[foo.org.hibernate.cache.spi.UpdateTimestampsCache] : [Enrolment] -> [5579091011760130]
14:18:26,543 DEBUG SQL:104 - 
    delete 
    from
        Address 
    where
        id=?
14:18:26,543 DEBUG BaseGeneralDataRegion:59 - Caching[foo.org.hibernate.cache.spi.UpdateTimestampsCache] : [Address] -> [5579091011760131]
14:18:26,544 DEBUG SQL:104 - 
    delete 
    from
        Address 
    where
        id=?
14:18:26,544 DEBUG BaseGeneralDataRegion:59 - Caching[foo.org.hibernate.cache.spi.UpdateTimestampsCache] : [Address] -> [5579091011764224]
14:18:26,544 DEBUG SQL:104 - 
    delete 
    from
        Student 
    where
        studentId=?
14:18:26,544 DEBUG BaseGeneralDataRegion:59 - Caching[foo.org.hibernate.cache.spi.UpdateTimestampsCache] : [Student] -> [5579091011764225]
14:18:26,544 DEBUG SQL:104 - 
    delete 
    from
        Enrolment 
    where
        studentId=? 
        and courseCode=?
14:18:26,544 DEBUG BaseGeneralDataRegion:59 - Caching[foo.org.hibernate.cache.spi.UpdateTimestampsCache] : [Enrolment] -> [5579091011764226]
14:18:26,544 DEBUG SQL:104 - 
    delete 
    from
        Student 
    where
        studentId=?
14:18:26,545 DEBUG BaseGeneralDataRegion:59 - Caching[foo.org.hibernate.cache.spi.UpdateTimestampsCache] : [Student] -> [5579091011768320]
14:18:26,545 DEBUG SQL:104 - 
    delete 
    from
        CourseMeeting 
    where
        courseCode=? 
        and day=? 
        and period=? 
        and location=?
14:18:26,556 DEBUG BaseGeneralDataRegion:59 - Caching[foo.org.hibernate.cache.spi.UpdateTimestampsCache] : [CourseMeeting] -> [5579091011809280]
14:18:26,556 DEBUG SQL:104 - 
    delete 
    from
        CourseMeeting 
    where
        courseCode=? 
        and day=? 
        and period=? 
        and location=?
14:18:26,556 DEBUG BaseGeneralDataRegion:59 - Caching[foo.org.hibernate.cache.spi.UpdateTimestampsCache] : [CourseMeeting] -> [5579091011813376]
14:18:26,557 DEBUG SQL:104 - 
    delete 
    from
        Course 
    where
        courseCode=?
14:18:26,557 DEBUG BaseGeneralDataRegion:59 - Caching[foo.org.hibernate.cache.spi.UpdateTimestampsCache] : [Course] -> [5579091011817472]
14:18:26,557 DEBUG BaseGeneralDataRegion:59 - Caching[foo.org.hibernate.cache.spi.UpdateTimestampsCache] : [Student] -> [5579090766057473]
14:18:26,565 DEBUG BaseGeneralDataRegion:59 - Caching[foo.org.hibernate.cache.spi.UpdateTimestampsCache] : [Course] -> [5579090766057473]
14:18:26,565 DEBUG BaseGeneralDataRegion:59 - Caching[foo.org.hibernate.cache.spi.UpdateTimestampsCache] : [Enrolment] -> [5579090766057473]
14:18:26,565 DEBUG BaseGeneralDataRegion:59 - Caching[foo.org.hibernate.cache.spi.UpdateTimestampsCache] : [Student_secretCodes] -> [5579090766057473]
14:18:26,566 DEBUG BaseGeneralDataRegion:59 - Caching[foo.org.hibernate.cache.spi.UpdateTimestampsCache] : [Address] -> [5579090766057473]
14:18:26,566 DEBUG BaseGeneralDataRegion:59 - Caching[foo.org.hibernate.cache.spi.UpdateTimestampsCache] : [CourseMeeting] -> [5579090766057473]
14:18:26,566  INFO CustomRunner:139 - Test: testEntityWithSelectFetchedLazyOneToManySingleElementListCriteria
14:18:26,575 DEBUG SQL:104 - 
    select
        coursemeet_.courseCode,
        coursemeet_.day,
        coursemeet_.period,
        coursemeet_.location 
    from
        CourseMeeting coursemeet_ 
    where
        coursemeet_.courseCode=? 
        and coursemeet_.day=? 
        and coursemeet_.period=? 
        and coursemeet_.location=?
14:18:26,648 DEBUG SQL:104 - 
    select
        coursemeet_.courseCode,
        coursemeet_.day,
        coursemeet_.period,
        coursemeet_.location 
    from
        CourseMeeting coursemeet_ 
    where
        coursemeet_.courseCode=? 
        and coursemeet_.day=? 
        and coursemeet_.period=? 
        and coursemeet_.location=?
14:18:26,649 DEBUG SQL:104 - 
    insert 
    into
        Course
        (description, courseCode) 
    values
        (?, ?)
14:18:26,652 DEBUG BaseGeneralDataRegion:59 - Caching[foo.org.hibernate.cache.spi.UpdateTimestampsCache] : [Course] -> [5579091012206592]
14:18:26,652 DEBUG SQL:104 - 
    insert 
    into
        CourseMeeting
        (courseCode, day, period, location) 
    values
        (?, ?, ?, ?)
14:18:26,652 DEBUG BaseGeneralDataRegion:59 - Caching[foo.org.hibernate.cache.spi.UpdateTimestampsCache] : [CourseMeeting] -> [5579091012206593]
14:18:26,652 DEBUG SQL:104 - 
    insert 
    into
        CourseMeeting
        (courseCode, day, period, location) 
    values
        (?, ?, ?, ?)
14:18:26,652 DEBUG BaseGeneralDataRegion:59 - Caching[foo.org.hibernate.cache.spi.UpdateTimestampsCache] : [CourseMeeting] -> [5579091012206594]
14:18:26,653 DEBUG SQL:104 - 
    insert 
    into
        Student
        (name_first, name_middle, name_last, preferredCourseCode, studentId) 
    values
        (?, ?, ?, ?, ?)
14:18:26,653 DEBUG BaseGeneralDataRegion:59 - Caching[foo.org.hibernate.cache.spi.UpdateTimestampsCache] : [Student] -> [5579091012210688]
14:18:26,653 DEBUG SQL:104 - 
    insert 
    into
        Address
        (addressType, street, city, stateProvince, postalCode, country, studentNumber, id) 
    values
        (?, ?, ?, ?, ?, ?, ?, ?)
14:18:26,653 DEBUG BaseGeneralDataRegion:59 - Caching[foo.org.hibernate.cache.spi.UpdateTimestampsCache] : [Address] -> [5579091012210689]
14:18:26,653 DEBUG SQL:104 - 
    insert 
    into
        Address
        (addressType, street, city, stateProvince, postalCode, country, studentNumber, id) 
    values
        (?, ?, ?, ?, ?, ?, ?, ?)
14:18:26,653 DEBUG BaseGeneralDataRegion:59 - Caching[foo.org.hibernate.cache.spi.UpdateTimestampsCache] : [Address] -> [5579091012210690]
14:18:26,653 DEBUG SQL:104 - 
    insert 
    into
        Student
        (name_first, name_middle, name_last, preferredCourseCode, studentId) 
    values
        (?, ?, ?, ?, ?)
14:18:26,654 DEBUG BaseGeneralDataRegion:59 - Caching[foo.org.hibernate.cache.spi.UpdateTimestampsCache] : [Student] -> [5579091012214784]
14:18:26,654 DEBUG SQL:104 - 
    insert 
    into
        Enrolment
        (semester, "year", studentId, courseCode) 
    values
        (?, ?, ?, ?)
14:18:26,654 DEBUG BaseGeneralDataRegion:59 - Caching[foo.org.hibernate.cache.spi.UpdateTimestampsCache] : [Enrolment] -> [5579091012214785]
14:18:26,654 DEBUG SQL:104 - 
    insert 
    into
        Enrolment
        (semester, "year", studentId, courseCode) 
    values
        (?, ?, ?, ?)
14:18:26,654 DEBUG BaseGeneralDataRegion:59 - Caching[foo.org.hibernate.cache.spi.UpdateTimestampsCache] : [Enrolment] -> [5579091012214786]
14:18:26,654 DEBUG BaseGeneralDataRegion:59 - Caching[foo.org.hibernate.cache.spi.UpdateTimestampsCache] : [CourseMeeting] -> [5579091012214787]
14:18:26,654 DEBUG BaseGeneralDataRegion:59 - Caching[foo.org.hibernate.cache.spi.UpdateTimestampsCache] : [Enrolment] -> [5579091012214788]
14:18:26,654 DEBUG SQL:104 - 
    update
        Address 
    set
        studentNumber=?,
        addressType=? 
    where
        id=?
14:18:26,655 DEBUG SQL:104 - 
    update
        Address 
    set
        studentNumber=?,
        addressType=? 
    where
        id=?
14:18:26,655 DEBUG BaseGeneralDataRegion:59 - Caching[foo.org.hibernate.cache.spi.UpdateTimestampsCache] : [Address] -> [5579091012218880]
14:18:26,655 DEBUG SQL:104 - 
    insert 
    into
        Student_secretCodes
        (studentNumber, i, secretCode) 
    values
        (?, ?, ?)
14:18:26,655 DEBUG BaseGeneralDataRegion:59 - Caching[foo.org.hibernate.cache.spi.UpdateTimestampsCache] : [Student_secretCodes] -> [5579091012218881]
14:18:26,655 DEBUG BaseGeneralDataRegion:59 - Caching[foo.org.hibernate.cache.spi.UpdateTimestampsCache] : [Enrolment] -> [5579091012218882]
14:18:26,655 DEBUG BaseGeneralDataRegion:59 - Caching[foo.org.hibernate.cache.spi.UpdateTimestampsCache] : [Address] -> [5579091012218883]
14:18:26,655 DEBUG SQL:104 - 
    insert 
    into
        Student_secretCodes
        (studentNumber, i, secretCode) 
    values
        (?, ?, ?)
14:18:26,656 DEBUG SQL:104 - 
    insert 
    into
        Student_secretCodes
        (studentNumber, i, secretCode) 
    values
        (?, ?, ?)
14:18:26,656 DEBUG BaseGeneralDataRegion:59 - Caching[foo.org.hibernate.cache.spi.UpdateTimestampsCache] : [Student_secretCodes] -> [5579091012222976]
14:18:26,656 DEBUG BaseGeneralDataRegion:59 - Caching[foo.org.hibernate.cache.spi.UpdateTimestampsCache] : [Student] -> [5579090766462977]
14:18:26,656 DEBUG BaseGeneralDataRegion:59 - Caching[foo.org.hibernate.cache.spi.UpdateTimestampsCache] : [Course] -> [5579090766462977]
14:18:26,656 DEBUG BaseGeneralDataRegion:59 - Caching[foo.org.hibernate.cache.spi.UpdateTimestampsCache] : [Enrolment] -> [5579090766462977]
14:18:26,656 DEBUG BaseGeneralDataRegion:59 - Caching[foo.org.hibernate.cache.spi.UpdateTimestampsCache] : [Student_secretCodes] -> [5579090766462977]
14:18:26,656 DEBUG BaseGeneralDataRegion:59 - Caching[foo.org.hibernate.cache.spi.UpdateTimestampsCache] : [Address] -> [5579090766462977]
14:18:26,656 DEBUG BaseGeneralDataRegion:59 - Caching[foo.org.hibernate.cache.spi.UpdateTimestampsCache] : [CourseMeeting] -> [5579090766462977]
14:18:26,657 DEBUG SQL:104 - 
    select
        student_.studentId,
        student_.name_first as name2_4_,
        student_.name_middle as name3_4_,
        student_.name_last as name4_4_,
        student_.preferredCourseCode as preferre5_4_ 
    from
        Student student_ 
    where
        student_.studentId=?
14:18:26,657 DEBUG SQL:104 - 
    select
        enrolment_.studentId,
        enrolment_.courseCode,
        enrolment_.semester as semester3_,
        enrolment_."year" as year4_3_ 
    from
        Enrolment enrolment_ 
    where
        enrolment_.studentId=? 
        and enrolment_.courseCode=?
14:18:26,657 DEBUG SQL:104 - 
    select
        course_.courseCode,
        course_.description as descript2_1_ 
    from
        Course course_ 
    where
        course_.courseCode=?
14:18:26,658 DEBUG SQL:104 - 
    select
        student_.studentId,
        student_.name_first as name2_4_,
        student_.name_middle as name3_4_,
        student_.name_last as name4_4_,
        student_.preferredCourseCode as preferre5_4_ 
    from
        Student student_ 
    where
        student_.studentId=?
14:18:26,663 DEBUG SQL:104 - 
    select
        enrolment_.studentId,
        enrolment_.courseCode,
        enrolment_.semester as semester3_,
        enrolment_."year" as year4_3_ 
    from
        Enrolment enrolment_ 
    where
        enrolment_.studentId=? 
        and enrolment_.courseCode=?
14:18:26,663 DEBUG SQL:104 - 
    select
        coursemeet_.courseCode,
        coursemeet_.day,
        coursemeet_.period,
        coursemeet_.location 
    from
        CourseMeeting coursemeet_ 
    where
        coursemeet_.courseCode=? 
        and coursemeet_.day=? 
        and coursemeet_.period=? 
        and coursemeet_.location=?
14:18:26,687 DEBUG SQL:104 - 
    select
        coursemeet_.courseCode,
        coursemeet_.day,
        coursemeet_.period,
        coursemeet_.location 
    from
        CourseMeeting coursemeet_ 
    where
        coursemeet_.courseCode=? 
        and coursemeet_.day=? 
        and coursemeet_.period=? 
        and coursemeet_.location=?
14:18:26,687 DEBUG BaseGeneralDataRegion:59 - Caching[foo.org.hibernate.cache.spi.UpdateTimestampsCache] : [Enrolment] -> [5579091012349952]
14:18:26,688 DEBUG SQL:104 - 
    update
        Address 
    set
        studentNumber=null,
        addressType=null 
    where
        studentNumber=?
14:18:26,688 DEBUG BaseGeneralDataRegion:59 - Caching[foo.org.hibernate.cache.spi.UpdateTimestampsCache] : [Address] -> [5579091012354048]
14:18:26,688 DEBUG SQL:104 - 
    delete 
    from
        Student_secretCodes 
    where
        studentNumber=?
14:18:26,688 DEBUG BaseGeneralDataRegion:59 - Caching[foo.org.hibernate.cache.spi.UpdateTimestampsCache] : [Student_secretCodes] -> [5579091012354049]
14:18:26,688 DEBUG BaseGeneralDataRegion:59 - Caching[foo.org.hibernate.cache.spi.UpdateTimestampsCache] : [Enrolment] -> [5579091012354050]
14:18:26,688 DEBUG BaseGeneralDataRegion:59 - Caching[foo.org.hibernate.cache.spi.UpdateTimestampsCache] : [Address] -> [5579091012354051]
14:18:26,688 DEBUG SQL:104 - 
    delete 
    from
        Student_secretCodes 
    where
        studentNumber=?
14:18:26,688 DEBUG BaseGeneralDataRegion:59 - Caching[foo.org.hibernate.cache.spi.UpdateTimestampsCache] : [Student_secretCodes] -> [5579091012354052]
14:18:26,689 DEBUG BaseGeneralDataRegion:59 - Caching[foo.org.hibernate.cache.spi.UpdateTimestampsCache] : [CourseMeeting] -> [5579091012358144]
14:18:26,689 DEBUG SQL:104 - 
    delete 
    from
        Enrolment 
    where
        studentId=? 
        and courseCode=?
14:18:26,689 DEBUG BaseGeneralDataRegion:59 - Caching[foo.org.hibernate.cache.spi.UpdateTimestampsCache] : [Enrolment] -> [5579091012358145]
14:18:26,689 DEBUG SQL:104 - 
    delete 
    from
        Address 
    where
        id=?
14:18:26,689 DEBUG BaseGeneralDataRegion:59 - Caching[foo.org.hibernate.cache.spi.UpdateTimestampsCache] : [Address] -> [5579091012358146]
14:18:26,689 DEBUG SQL:104 - 
    delete 
    from
        Address 
    where
        id=?
14:18:26,689 DEBUG BaseGeneralDataRegion:59 - Caching[foo.org.hibernate.cache.spi.UpdateTimestampsCache] : [Address] -> [5579091012358147]
14:18:26,690 DEBUG SQL:104 - 
    delete 
    from
        Student 
    where
        studentId=?
14:18:26,690 DEBUG BaseGeneralDataRegion:59 - Caching[foo.org.hibernate.cache.spi.UpdateTimestampsCache] : [Student] -> [5579091012362240]
14:18:26,690 DEBUG SQL:104 - 
    delete 
    from
        Enrolment 
    where
        studentId=? 
        and courseCode=?
14:18:26,699 DEBUG BaseGeneralDataRegion:59 - Caching[foo.org.hibernate.cache.spi.UpdateTimestampsCache] : [Enrolment] -> [5579091012399104]
14:18:26,699 DEBUG SQL:104 - 
    delete 
    from
        Student 
    where
        studentId=?
14:18:26,699 DEBUG BaseGeneralDataRegion:59 - Caching[foo.org.hibernate.cache.spi.UpdateTimestampsCache] : [Student] -> [5579091012399105]
14:18:26,700 DEBUG SQL:104 - 
    delete 
    from
        CourseMeeting 
    where
        courseCode=? 
        and day=? 
        and period=? 
        and location=?
14:18:26,700 DEBUG BaseGeneralDataRegion:59 - Caching[foo.org.hibernate.cache.spi.UpdateTimestampsCache] : [CourseMeeting] -> [5579091012403200]
14:18:26,700 DEBUG SQL:104 - 
    delete 
    from
        CourseMeeting 
    where
        courseCode=? 
        and day=? 
        and period=? 
        and location=?
14:18:26,711 DEBUG BaseGeneralDataRegion:59 - Caching[foo.org.hibernate.cache.spi.UpdateTimestampsCache] : [CourseMeeting] -> [5579091012448256]
14:18:26,712 DEBUG SQL:104 - 
    delete 
    from
        Course 
    where
        courseCode=?
14:18:26,712 DEBUG BaseGeneralDataRegion:59 - Caching[foo.org.hibernate.cache.spi.UpdateTimestampsCache] : [Course] -> [5579091012452352]
14:18:26,712 DEBUG BaseGeneralDataRegion:59 - Caching[foo.org.hibernate.cache.spi.UpdateTimestampsCache] : [Student] -> [5579090766692353]
14:18:26,712 DEBUG BaseGeneralDataRegion:59 - Caching[foo.org.hibernate.cache.spi.UpdateTimestampsCache] : [Course] -> [5579090766692353]
14:18:26,712 DEBUG BaseGeneralDataRegion:59 - Caching[foo.org.hibernate.cache.spi.UpdateTimestampsCache] : [Enrolment] -> [5579090766692353]
14:18:26,712 DEBUG BaseGeneralDataRegion:59 - Caching[foo.org.hibernate.cache.spi.UpdateTimestampsCache] : [Student_secretCodes] -> [5579090766692353]
14:18:26,712 DEBUG BaseGeneralDataRegion:59 - Caching[foo.org.hibernate.cache.spi.UpdateTimestampsCache] : [Address] -> [5579090766692353]
14:18:26,713 DEBUG BaseGeneralDataRegion:59 - Caching[foo.org.hibernate.cache.spi.UpdateTimestampsCache] : [CourseMeeting] -> [5579090766692353]
14:18:26,713  INFO CustomRunner:139 - Test: testEntityWithUnaliasedJoinFetchedLazyOneToManySingleElementList
14:18:26,714 DEBUG SQL:104 - 
    select
        coursemeet_.courseCode,
        coursemeet_.day,
        coursemeet_.period,
        coursemeet_.location 
    from
        CourseMeeting coursemeet_ 
    where
        coursemeet_.courseCode=? 
        and coursemeet_.day=? 
        and coursemeet_.period=? 
        and coursemeet_.location=?
14:18:26,722 DEBUG SQL:104 - 
    select
        coursemeet_.courseCode,
        coursemeet_.day,
        coursemeet_.period,
        coursemeet_.location 
    from
        CourseMeeting coursemeet_ 
    where
        coursemeet_.courseCode=? 
        and coursemeet_.day=? 
        and coursemeet_.period=? 
        and coursemeet_.location=?
14:18:26,723 DEBUG SQL:104 - 
    insert 
    into
        Course
        (description, courseCode) 
    values
        (?, ?)
14:18:26,734 DEBUG BaseGeneralDataRegion:59 - Caching[foo.org.hibernate.cache.spi.UpdateTimestampsCache] : [Course] -> [5579091012542464]
14:18:26,734 DEBUG SQL:104 - 
    insert 
    into
        CourseMeeting
        (courseCode, day, period, location) 
    values
        (?, ?, ?, ?)
14:18:26,734 DEBUG BaseGeneralDataRegion:59 - Caching[foo.org.hibernate.cache.spi.UpdateTimestampsCache] : [CourseMeeting] -> [5579091012542465]
14:18:26,734 DEBUG SQL:104 - 
    insert 
    into
        CourseMeeting
        (courseCode, day, period, location) 
    values
        (?, ?, ?, ?)
14:18:26,734 DEBUG BaseGeneralDataRegion:59 - Caching[foo.org.hibernate.cache.spi.UpdateTimestampsCache] : [CourseMeeting] -> [5579091012542466]
14:18:26,735 DEBUG SQL:104 - 
    insert 
    into
        Student
        (name_first, name_middle, name_last, preferredCourseCode, studentId) 
    values
        (?, ?, ?, ?, ?)
14:18:26,745 DEBUG BaseGeneralDataRegion:59 - Caching[foo.org.hibernate.cache.spi.UpdateTimestampsCache] : [Student] -> [5579091012587520]
14:18:26,745 DEBUG SQL:104 - 
    insert 
    into
        Address
        (addressType, street, city, stateProvince, postalCode, country, studentNumber, id) 
    values
        (?, ?, ?, ?, ?, ?, ?, ?)
14:18:26,746 DEBUG BaseGeneralDataRegion:59 - Caching[foo.org.hibernate.cache.spi.UpdateTimestampsCache] : [Address] -> [5579091012591616]
14:18:26,746 DEBUG SQL:104 - 
    insert 
    into
        Address
        (addressType, street, city, stateProvince, postalCode, country, studentNumber, id) 
    values
        (?, ?, ?, ?, ?, ?, ?, ?)
14:18:26,746 DEBUG BaseGeneralDataRegion:59 - Caching[foo.org.hibernate.cache.spi.UpdateTimestampsCache] : [Address] -> [5579091012591617]
14:18:26,746 DEBUG SQL:104 - 
    insert 
    into
        Student
        (name_first, name_middle, name_last, preferredCourseCode, studentId) 
    values
        (?, ?, ?, ?, ?)
14:18:26,746 DEBUG BaseGeneralDataRegion:59 - Caching[foo.org.hibernate.cache.spi.UpdateTimestampsCache] : [Student] -> [5579091012591618]
14:18:26,746 DEBUG SQL:104 - 
    insert 
    into
        Enrolment
        (semester, "year", studentId, courseCode) 
    values
        (?, ?, ?, ?)
14:18:26,756 DEBUG BaseGeneralDataRegion:59 - Caching[foo.org.hibernate.cache.spi.UpdateTimestampsCache] : [Enrolment] -> [5579091012632576]
14:18:26,756 DEBUG SQL:104 - 
    insert 
    into
        Enrolment
        (semester, "year", studentId, courseCode) 
    values
        (?, ?, ?, ?)
14:18:26,756 DEBUG BaseGeneralDataRegion:59 - Caching[foo.org.hibernate.cache.spi.UpdateTimestampsCache] : [Enrolment] -> [5579091012632577]
14:18:26,756 DEBUG BaseGeneralDataRegion:59 - Caching[foo.org.hibernate.cache.spi.UpdateTimestampsCache] : [CourseMeeting] -> [5579091012632578]
14:18:26,757 DEBUG BaseGeneralDataRegion:59 - Caching[foo.org.hibernate.cache.spi.UpdateTimestampsCache] : [Enrolment] -> [5579091012636672]
14:18:26,757 DEBUG SQL:104 - 
    update
        Address 
    set
        studentNumber=?,
        addressType=? 
    where
        id=?
14:18:26,757 DEBUG SQL:104 - 
    update
        Address 
    set
        studentNumber=?,
        addressType=? 
    where
        id=?
14:18:26,757 DEBUG BaseGeneralDataRegion:59 - Caching[foo.org.hibernate.cache.spi.UpdateTimestampsCache] : [Address] -> [5579091012636673]
14:18:26,767 DEBUG SQL:104 - 
    insert 
    into
        Student_secretCodes
        (studentNumber, i, secretCode) 
    values
        (?, ?, ?)
14:18:26,767 DEBUG BaseGeneralDataRegion:59 - Caching[foo.org.hibernate.cache.spi.UpdateTimestampsCache] : [Student_secretCodes] -> [5579091012677632]
14:18:26,767 DEBUG BaseGeneralDataRegion:59 - Caching[foo.org.hibernate.cache.spi.UpdateTimestampsCache] : [Enrolment] -> [5579091012677633]
14:18:26,768 DEBUG BaseGeneralDataRegion:59 - Caching[foo.org.hibernate.cache.spi.UpdateTimestampsCache] : [Address] -> [5579091012681728]
14:18:26,768 DEBUG SQL:104 - 
    insert 
    into
        Student_secretCodes
        (studentNumber, i, secretCode) 
    values
        (?, ?, ?)
14:18:26,768 DEBUG SQL:104 - 
    insert 
    into
        Student_secretCodes
        (studentNumber, i, secretCode) 
    values
        (?, ?, ?)
14:18:26,768 DEBUG BaseGeneralDataRegion:59 - Caching[foo.org.hibernate.cache.spi.UpdateTimestampsCache] : [Student_secretCodes] -> [5579091012681729]
14:18:26,768 DEBUG BaseGeneralDataRegion:59 - Caching[foo.org.hibernate.cache.spi.UpdateTimestampsCache] : [Student] -> [5579090766921730]
14:18:26,768 DEBUG BaseGeneralDataRegion:59 - Caching[foo.org.hibernate.cache.spi.UpdateTimestampsCache] : [Course] -> [5579090766921730]
14:18:26,768 DEBUG BaseGeneralDataRegion:59 - Caching[foo.org.hibernate.cache.spi.UpdateTimestampsCache] : [Enrolment] -> [5579090766921730]
14:18:26,768 DEBUG BaseGeneralDataRegion:59 - Caching[foo.org.hibernate.cache.spi.UpdateTimestampsCache] : [Student_secretCodes] -> [5579090766921730]
14:18:26,769 DEBUG BaseGeneralDataRegion:59 - Caching[foo.org.hibernate.cache.spi.UpdateTimestampsCache] : [Address] -> [5579090766921730]
14:18:26,779 DEBUG BaseGeneralDataRegion:59 - Caching[foo.org.hibernate.cache.spi.UpdateTimestampsCache] : [CourseMeeting] -> [5579090766921730]
14:18:26,785 DEBUG QueryTranslatorImpl:265 - parse() - HQL: from org.hibernate.test.querycache.Student s left join fetch s.enrolments order by s.studentNumber
14:18:26,786 DEBUG QueryTranslatorImpl:283 - --- HQL AST ---
 \-[QUERY] Node: 'query'
    +-[SELECT_FROM] Node: 'SELECT_FROM'
    |  \-[FROM] Node: 'from'
    |     +-[RANGE] Node: 'RANGE'
    |     |  +-[DOT] Node: '.'
    |     |  |  +-[DOT] Node: '.'
    |     |  |  |  +-[DOT] Node: '.'
    |     |  |  |  |  +-[DOT] Node: '.'
    |     |  |  |  |  |  +-[IDENT] Node: 'org'
    |     |  |  |  |  |  \-[IDENT] Node: 'hibernate'
    |     |  |  |  |  \-[IDENT] Node: 'test'
    |     |  |  |  \-[IDENT] Node: 'querycache'
    |     |  |  \-[IDENT] Node: 'Student'
    |     |  \-[ALIAS] Node: 's'
    |     \-[JOIN] Node: 'join'
    |        +-[LEFT] Node: 'left'
    |        +-[FETCH] Node: 'fetch'
    |        \-[DOT] Node: '.'
    |           +-[IDENT] Node: 's'
    |           \-[IDENT] Node: 'enrolments'
    \-[ORDER] Node: 'order'
       \-[DOT] Node: '.'
          +-[IDENT] Node: 's'
          \-[IDENT] Node: 'studentNumber'

14:18:26,786 DEBUG ErrorCounter:82 - throwQueryException() : no errors
14:18:26,786 DEBUG FromElement:157 - FromClause{level=1} : org.hibernate.test.querycache.Student (s) -> student0_
14:18:26,790 DEBUG FromReferenceNode:74 - Resolved : s -> student0_.studentId
14:18:26,791 DEBUG DotNode:599 - getDataType() : enrolments -> org.hibernate.type.SetType(org.hibernate.test.querycache.Student.enrolments)
14:18:26,791 DEBUG FromElementFactory:376 - createEntityAssociation() : One to many - path = s.enrolments role = org.hibernate.test.querycache.Student.enrolments associatedEntityName = org.hibernate.test.querycache.Enrolment
14:18:26,791 DEBUG FromElement:157 - FromClause{level=1} : org.hibernate.test.querycache.Enrolment (<no alias>) -> enrolments1_
14:18:26,791 DEBUG FromClause:282 - addJoinByPathMap() : s.enrolments -> FromElement{explicit,not a collection join,not a fetch join,fetch non-lazy properties,classAlias=null,role=null,tableName=Enrolment,tableAlias=enrolments1_,origin=Student student0_,columns={student0_.studentId ,className=org.hibernate.test.querycache.Enrolment}}
14:18:26,791 DEBUG DotNode:308 - dereferenceCollection() : Created new FROM element for s.enrolments : Enrolment enrolments1_
14:18:26,791 DEBUG FromReferenceNode:74 - Resolved : s.enrolments -> .
14:18:26,792 DEBUG HqlSqlWalker:403 - createFromJoinElement() : -- join tree --
 \-[JOIN_FRAGMENT] FromElement: 'Enrolment enrolments1_' FromElement{explicit,not a collection join,fetch join,fetch non-lazy properties,classAlias=null,role=org.hibernate.test.querycache.Student.enrolments,tableName=Enrolment,tableAlias=enrolments1_,origin=Student student0_,columns={student0_.studentId ,className=org.hibernate.test.querycache.Enrolment}}

14:18:26,792 DEBUG FromReferenceNode:74 - Resolved : s -> student0_.studentId
14:18:26,792 DEBUG DotNode:599 - getDataType() : studentNumber -> org.hibernate.type.LongType@4bf3f9d
14:18:26,793 DEBUG FromReferenceNode:74 - Resolved : s.studentNumber -> student0_.studentId
14:18:26,793 DEBUG HqlSqlWalker:629 - processQuery() :  ( SELECT ( FromClause{level=1} ( Student student0_ Enrolment enrolments1_ ) ) ( order ( student0_.studentId student0_.studentId studentNumber ) ) )
14:18:26,793 DEBUG HqlSqlWalker:869 - Derived SELECT clause created.
14:18:26,793 DEBUG JoinProcessor:175 - Using FROM fragment [Student student0_]
14:18:26,794 DEBUG JoinProcessor:175 - Using FROM fragment [left outer join Enrolment enrolments1_ on student0_.studentId=enrolments1_.studentId]
14:18:26,795 DEBUG QueryTranslatorImpl:252 - --- SQL AST ---
 \-[SELECT] QueryNode: 'SELECT'  querySpaces (Student,Enrolment)
    +-[SELECT_CLAUSE] SelectClause: '{derived select clause}'
    |  +-[SELECT_EXPR] SelectExpressionImpl: 'student0_.studentId as studentId4_0_' {FromElement{explicit,not a collection join,not a fetch join,fetch non-lazy properties,classAlias=s,role=null,tableName=Student,tableAlias=student0_,origin=null,columns={,className=org.hibernate.test.querycache.Student}}}
    |  +-[SELECT_EXPR] SelectExpressionImpl: 'enrolments1_.studentId as studentId3_1_, enrolments1_.courseCode as courseCode3_1_' {FromElement{explicit,not a collection join,fetch join,fetch non-lazy properties,classAlias=null,role=org.hibernate.test.querycache.Student.enrolments,tableName=Enrolment,tableAlias=enrolments1_,origin=Student student0_,columns={student0_.studentId ,className=org.hibernate.test.querycache.Enrolment}}}
    |  +-[SQL_TOKEN] SqlFragment: 'student0_.name_first as name2_4_0_, student0_.name_middle as name3_4_0_, student0_.name_last as name4_4_0_, student0_.preferredCourseCode as preferre5_4_0_'
    |  +-[SQL_TOKEN] SqlFragment: 'enrolments1_.semester as semester3_1_, enrolments1_."year" as year4_3_1_'
    |  \-[SQL_TOKEN] SqlFragment: 'enrolments1_.studentId as studentId4_0__, enrolments1_.studentId as studentId3_0__, enrolments1_.courseCode as courseCode3_0__'
    +-[FROM] FromClause: 'from' FromClause{level=1, fromElementCounter=2, fromElements=2, fromElementByClassAlias=[s], fromElementByTableAlias=[student0_, enrolments1_], fromElementsByPath=[s.enrolments], collectionJoinFromElementsByPath=[], impliedElements=[]}
    |  \-[FROM_FRAGMENT] FromElement: 'Student student0_' FromElement{explicit,not a collection join,not a fetch join,fetch non-lazy properties,classAlias=s,role=null,tableName=Student,tableAlias=student0_,origin=null,columns={,className=org.hibernate.test.querycache.Student}}
    |     \-[JOIN_FRAGMENT] FromElement: 'left outer join Enrolment enrolments1_ on student0_.studentId=enrolments1_.studentId' FromElement{explicit,not a collection join,fetch join,fetch non-lazy properties,classAlias=null,role=org.hibernate.test.querycache.Student.enrolments,tableName=Enrolment,tableAlias=enrolments1_,origin=Student student0_,columns={student0_.studentId ,className=org.hibernate.test.querycache.Enrolment}}
    \-[ORDER] OrderByClause: 'order'
       \-[DOT] DotNode: 'student0_.studentId' {propertyName=studentNumber,dereferenceType=ALL,propertyPath=studentNumber,path=s.studentNumber,tableAlias=student0_,className=org.hibernate.test.querycache.Student,classAlias=s}
          +-[ALIAS_REF] IdentNode: 'student0_.studentId' {alias=s, className=org.hibernate.test.querycache.Student, tableAlias=student0_}
          \-[IDENT] IdentNode: 'studentNumber' {originalText=studentNumber}

14:18:26,803 DEBUG ErrorCounter:82 - throwQueryException() : no errors
14:18:26,804 DEBUG QueryTranslatorImpl:235 - HQL: from org.hibernate.test.querycache.Student s left join fetch s.enrolments order by s.studentNumber
14:18:26,804 DEBUG QueryTranslatorImpl:236 - SQL: select student0_.studentId as studentId4_0_, enrolments1_.studentId as studentId3_1_, enrolments1_.courseCode as courseCode3_1_, student0_.name_first as name2_4_0_, student0_.name_middle as name3_4_0_, student0_.name_last as name4_4_0_, student0_.preferredCourseCode as preferre5_4_0_, enrolments1_.semester as semester3_1_, enrolments1_."year" as year4_3_1_, enrolments1_.studentId as studentId4_0__, enrolments1_.studentId as studentId3_0__, enrolments1_.courseCode as courseCode3_0__ from Student student0_ left outer join Enrolment enrolments1_ on student0_.studentId=enrolments1_.studentId order by student0_.studentId
14:18:26,804 DEBUG ErrorCounter:82 - throwQueryException() : no errors
14:18:26,804 DEBUG SQL:104 - 
    select
        student0_.studentId as studentId4_0_,
        enrolments1_.studentId as studentId3_1_,
        enrolments1_.courseCode as courseCode3_1_,
        student0_.name_first as name2_4_0_,
        student0_.name_middle as name3_4_0_,
        student0_.name_last as name4_4_0_,
        student0_.preferredCourseCode as preferre5_4_0_,
        enrolments1_.semester as semester3_1_,
        enrolments1_."year" as year4_3_1_,
        enrolments1_.studentId as studentId4_0__,
        enrolments1_.studentId as studentId3_0__,
        enrolments1_.courseCode as courseCode3_0__ 
    from
        Student student0_ 
    left outer join
        Enrolment enrolments1_ 
            on student0_.studentId=enrolments1_.studentId 
    order by
        student0_.studentId
14:18:26,806 DEBUG SQL:104 - 
    select
        course0_.courseCode as courseCode1_0_,
        course0_.description as descript2_1_0_ 
    from
        Course course0_ 
    where
        course0_.courseCode=?
14:18:26,815 DEBUG SQL:104 - 
    select
        secretcode0_.studentNumber as studentN1_4_0_,
        secretcode0_.secretCode as secretCode5_0_,
        secretcode0_.i as i0_ 
    from
        Student_secretCodes secretcode0_ 
    where
        secretcode0_.studentNumber=?
14:18:26,816 DEBUG SQL:104 - 
    select
        coursemeet0_.courseCode as courseCode1_1_,
        coursemeet0_.courseCode as courseCode2_1_,
        coursemeet0_.day as day2_1_,
        coursemeet0_.period as period2_1_,
        coursemeet0_.location as location2_1_,
        coursemeet0_.courseCode as courseCode2_0_,
        coursemeet0_.day as day2_0_,
        coursemeet0_.period as period2_0_,
        coursemeet0_.location as location2_0_ 
    from
        CourseMeeting coursemeet0_ 
    where
        coursemeet0_.courseCode=?
14:18:26,817 DEBUG SQL:104 - 
    select
        secretcode0_.studentNumber as studentN1_4_0_,
        secretcode0_.secretCode as secretCode5_0_,
        secretcode0_.i as i0_ 
    from
        Student_secretCodes secretcode0_ 
    where
        secretcode0_.studentNumber=?
14:18:26,818 DEBUG SQL:104 - 
    select
        student0_.studentId as studentId4_0_,
        enrolments1_.studentId as studentId3_1_,
        enrolments1_.courseCode as courseCode3_1_,
        student0_.name_first as name2_4_0_,
        student0_.name_middle as name3_4_0_,
        student0_.name_last as name4_4_0_,
        student0_.preferredCourseCode as preferre5_4_0_,
        enrolments1_.semester as semester3_1_,
        enrolments1_."year" as year4_3_1_,
        enrolments1_.studentId as studentId4_0__,
        enrolments1_.studentId as studentId3_0__,
        enrolments1_.courseCode as courseCode3_0__ 
    from
        Student student0_ 
    left outer join
        Enrolment enrolments1_ 
            on student0_.studentId=enrolments1_.studentId 
    order by
        student0_.studentId
14:18:26,830 DEBUG SQL:104 - 
    select
        course0_.courseCode as courseCode1_0_,
        course0_.description as descript2_1_0_ 
    from
        Course course0_ 
    where
        course0_.courseCode=?
14:18:26,832 DEBUG SQL:104 - 
    select
        secretcode0_.studentNumber as studentN1_4_0_,
        secretcode0_.secretCode as secretCode5_0_,
        secretcode0_.i as i0_ 
    from
        Student_secretCodes secretcode0_ 
    where
        secretcode0_.studentNumber=?
14:18:26,832 DEBUG SQL:104 - 
    select
        coursemeet0_.courseCode as courseCode1_1_,
        coursemeet0_.courseCode as courseCode2_1_,
        coursemeet0_.day as day2_1_,
        coursemeet0_.period as period2_1_,
        coursemeet0_.location as location2_1_,
        coursemeet0_.courseCode as courseCode2_0_,
        coursemeet0_.day as day2_0_,
        coursemeet0_.period as period2_0_,
        coursemeet0_.location as location2_0_ 
    from
        CourseMeeting coursemeet0_ 
    where
        coursemeet0_.courseCode=?
14:18:26,850 DEBUG SQL:104 - 
    select
        secretcode0_.studentNumber as studentN1_4_0_,
        secretcode0_.secretCode as secretCode5_0_,
        secretcode0_.i as i0_ 
    from
        Student_secretCodes secretcode0_ 
    where
        secretcode0_.studentNumber=?
14:18:26,851 DEBUG SQL:104 - 
    select
        student_.studentId,
        student_.name_first as name2_4_,
        student_.name_middle as name3_4_,
        student_.name_last as name4_4_,
        student_.preferredCourseCode as preferre5_4_ 
    from
        Student student_ 
    where
        student_.studentId=?
14:18:26,851 DEBUG SQL:104 - 
    select
        enrolment_.studentId,
        enrolment_.courseCode,
        enrolment_.semester as semester3_,
        enrolment_."year" as year4_3_ 
    from
        Enrolment enrolment_ 
    where
        enrolment_.studentId=? 
        and enrolment_.courseCode=?
14:18:26,856 DEBUG SQL:104 - 
    select
        course_.courseCode,
        course_.description as descript2_1_ 
    from
        Course course_ 
    where
        course_.courseCode=?
14:18:26,857 DEBUG SQL:104 - 
    select
        student_.studentId,
        student_.name_first as name2_4_,
        student_.name_middle as name3_4_,
        student_.name_last as name4_4_,
        student_.preferredCourseCode as preferre5_4_ 
    from
        Student student_ 
    where
        student_.studentId=?
14:18:26,867 DEBUG SQL:104 - 
    select
        enrolment_.studentId,
        enrolment_.courseCode,
        enrolment_.semester as semester3_,
        enrolment_."year" as year4_3_ 
    from
        Enrolment enrolment_ 
    where
        enrolment_.studentId=? 
        and enrolment_.courseCode=?
14:18:26,868 DEBUG SQL:104 - 
    select
        coursemeet_.courseCode,
        coursemeet_.day,
        coursemeet_.period,
        coursemeet_.location 
    from
        CourseMeeting coursemeet_ 
    where
        coursemeet_.courseCode=? 
        and coursemeet_.day=? 
        and coursemeet_.period=? 
        and coursemeet_.location=?
14:18:26,878 DEBUG SQL:104 - 
    select
        coursemeet_.courseCode,
        coursemeet_.day,
        coursemeet_.period,
        coursemeet_.location 
    from
        CourseMeeting coursemeet_ 
    where
        coursemeet_.courseCode=? 
        and coursemeet_.day=? 
        and coursemeet_.period=? 
        and coursemeet_.location=?
14:18:26,879 DEBUG BaseGeneralDataRegion:59 - Caching[foo.org.hibernate.cache.spi.UpdateTimestampsCache] : [Enrolment] -> [5579091013136384]
14:18:26,879 DEBUG SQL:104 - 
    update
        Address 
    set
        studentNumber=null,
        addressType=null 
    where
        studentNumber=?
14:18:26,879 DEBUG BaseGeneralDataRegion:59 - Caching[foo.org.hibernate.cache.spi.UpdateTimestampsCache] : [Address] -> [5579091013136385]
14:18:26,879 DEBUG SQL:104 - 
    delete 
    from
        Student_secretCodes 
    where
        studentNumber=?
14:18:26,887 DEBUG BaseGeneralDataRegion:59 - Caching[foo.org.hibernate.cache.spi.UpdateTimestampsCache] : [Student_secretCodes] -> [5579091013169152]
14:18:26,888 DEBUG BaseGeneralDataRegion:59 - Caching[foo.org.hibernate.cache.spi.UpdateTimestampsCache] : [Enrolment] -> [5579091013173248]
14:18:26,888 DEBUG BaseGeneralDataRegion:59 - Caching[foo.org.hibernate.cache.spi.UpdateTimestampsCache] : [Address] -> [5579091013173249]
14:18:26,888 DEBUG SQL:104 - 
    delete 
    from
        Student_secretCodes 
    where
        studentNumber=?
14:18:26,888 DEBUG BaseGeneralDataRegion:59 - Caching[foo.org.hibernate.cache.spi.UpdateTimestampsCache] : [Student_secretCodes] -> [5579091013173250]
14:18:26,888 DEBUG BaseGeneralDataRegion:59 - Caching[foo.org.hibernate.cache.spi.UpdateTimestampsCache] : [CourseMeeting] -> [5579091013173251]
14:18:26,888 DEBUG SQL:104 - 
    delete 
    from
        Enrolment 
    where
        studentId=? 
        and courseCode=?
14:18:26,889 DEBUG BaseGeneralDataRegion:59 - Caching[foo.org.hibernate.cache.spi.UpdateTimestampsCache] : [Enrolment] -> [5579091013177344]
14:18:26,889 DEBUG SQL:104 - 
    delete 
    from
        Address 
    where
        id=?
14:18:26,889 DEBUG BaseGeneralDataRegion:59 - Caching[foo.org.hibernate.cache.spi.UpdateTimestampsCache] : [Address] -> [5579091013177345]
14:18:26,889 DEBUG SQL:104 - 
    delete 
    from
        Address 
    where
        id=?
14:18:26,899 DEBUG BaseGeneralDataRegion:59 - Caching[foo.org.hibernate.cache.spi.UpdateTimestampsCache] : [Address] -> [5579091013218304]
14:18:26,899 DEBUG SQL:104 - 
    delete 
    from
        Student 
    where
        studentId=?
14:18:26,899 DEBUG BaseGeneralDataRegion:59 - Caching[foo.org.hibernate.cache.spi.UpdateTimestampsCache] : [Student] -> [5579091013218305]
14:18:26,900 DEBUG SQL:104 - 
    delete 
    from
        Enrolment 
    where
        studentId=? 
        and courseCode=?
14:18:26,900 DEBUG BaseGeneralDataRegion:59 - Caching[foo.org.hibernate.cache.spi.UpdateTimestampsCache] : [Enrolment] -> [5579091013222400]
14:18:26,900 DEBUG SQL:104 - 
    delete 
    from
        Student 
    where
        studentId=?
14:18:26,900 DEBUG BaseGeneralDataRegion:59 - Caching[foo.org.hibernate.cache.spi.UpdateTimestampsCache] : [Student] -> [5579091013222401]
14:18:26,900 DEBUG SQL:104 - 
    delete 
    from
        CourseMeeting 
    where
        courseCode=? 
        and day=? 
        and period=? 
        and location=?
14:18:26,911 DEBUG BaseGeneralDataRegion:59 - Caching[foo.org.hibernate.cache.spi.UpdateTimestampsCache] : [CourseMeeting] -> [5579091013263360]
14:18:26,911 DEBUG SQL:104 - 
    delete 
    from
        CourseMeeting 
    where
        courseCode=? 
        and day=? 
        and period=? 
        and location=?
14:18:26,911 DEBUG BaseGeneralDataRegion:59 - Caching[foo.org.hibernate.cache.spi.UpdateTimestampsCache] : [CourseMeeting] -> [5579091013267456]
14:18:26,911 DEBUG SQL:104 - 
    delete 
    from
        Course 
    where
        courseCode=?
14:18:26,911 DEBUG BaseGeneralDataRegion:59 - Caching[foo.org.hibernate.cache.spi.UpdateTimestampsCache] : [Course] -> [5579091013267457]
14:18:26,912 DEBUG BaseGeneralDataRegion:59 - Caching[foo.org.hibernate.cache.spi.UpdateTimestampsCache] : [Student] -> [5579090767511552]
14:18:26,912 DEBUG BaseGeneralDataRegion:59 - Caching[foo.org.hibernate.cache.spi.UpdateTimestampsCache] : [Course] -> [5579090767511552]
14:18:26,912 DEBUG BaseGeneralDataRegion:59 - Caching[foo.org.hibernate.cache.spi.UpdateTimestampsCache] : [Enrolment] -> [5579090767511552]
14:18:26,912 DEBUG BaseGeneralDataRegion:59 - Caching[foo.org.hibernate.cache.spi.UpdateTimestampsCache] : [Student_secretCodes] -> [5579090767511552]
14:18:26,912 DEBUG BaseGeneralDataRegion:59 - Caching[foo.org.hibernate.cache.spi.UpdateTimestampsCache] : [Address] -> [5579090767511552]
14:18:26,912 DEBUG BaseGeneralDataRegion:59 - Caching[foo.org.hibernate.cache.spi.UpdateTimestampsCache] : [CourseMeeting] -> [5579090767511552]
14:18:26,922  INFO CustomRunner:139 - Test: testJoinWithFetchJoinListCriteria
14:18:26,923 DEBUG SQL:104 - 
    select
        coursemeet_.courseCode,
        coursemeet_.day,
        coursemeet_.period,
        coursemeet_.location 
    from
        CourseMeeting coursemeet_ 
    where
        coursemeet_.courseCode=? 
        and coursemeet_.day=? 
        and coursemeet_.period=? 
        and coursemeet_.location=?
14:18:26,924 DEBUG SQL:104 - 
    select
        coursemeet_.courseCode,
        coursemeet_.day,
        coursemeet_.period,
        coursemeet_.location 
    from
        CourseMeeting coursemeet_ 
    where
        coursemeet_.courseCode=? 
        and coursemeet_.day=? 
        and coursemeet_.period=? 
        and coursemeet_.location=?
14:18:26,925 DEBUG SQL:104 - 
    insert 
    into
        Course
        (description, courseCode) 
    values
        (?, ?)
14:18:26,934 DEBUG BaseGeneralDataRegion:59 - Caching[foo.org.hibernate.cache.spi.UpdateTimestampsCache] : [Course] -> [5579091013361664]
14:18:26,934 DEBUG SQL:104 - 
    insert 
    into
        CourseMeeting
        (courseCode, day, period, location) 
    values
        (?, ?, ?, ?)
14:18:26,935 DEBUG BaseGeneralDataRegion:59 - Caching[foo.org.hibernate.cache.spi.UpdateTimestampsCache] : [CourseMeeting] -> [5579091013365760]
14:18:26,935 DEBUG SQL:104 - 
    insert 
    into
        CourseMeeting
        (courseCode, day, period, location) 
    values
        (?, ?, ?, ?)
14:18:26,936 DEBUG BaseGeneralDataRegion:59 - Caching[foo.org.hibernate.cache.spi.UpdateTimestampsCache] : [CourseMeeting] -> [5579091013369856]
14:18:26,936 DEBUG SQL:104 - 
    insert 
    into
        Student
        (name_first, name_middle, name_last, preferredCourseCode, studentId) 
    values
        (?, ?, ?, ?, ?)
14:18:26,936 DEBUG BaseGeneralDataRegion:59 - Caching[foo.org.hibernate.cache.spi.UpdateTimestampsCache] : [Student] -> [5579091013369857]
14:18:26,946 DEBUG SQL:104 - 
    insert 
    into
        Address
        (addressType, street, city, stateProvince, postalCode, country, studentNumber, id) 
    values
        (?, ?, ?, ?, ?, ?, ?, ?)
14:18:26,947 DEBUG BaseGeneralDataRegion:59 - Caching[foo.org.hibernate.cache.spi.UpdateTimestampsCache] : [Address] -> [5579091013414912]
14:18:26,947 DEBUG SQL:104 - 
    insert 
    into
        Address
        (addressType, street, city, stateProvince, postalCode, country, studentNumber, id) 
    values
        (?, ?, ?, ?, ?, ?, ?, ?)
14:18:26,948 DEBUG BaseGeneralDataRegion:59 - Caching[foo.org.hibernate.cache.spi.UpdateTimestampsCache] : [Address] -> [5579091013419008]
14:18:26,948 DEBUG SQL:104 - 
    insert 
    into
        Student
        (name_first, name_middle, name_last, preferredCourseCode, studentId) 
    values
        (?, ?, ?, ?, ?)
14:18:26,949 DEBUG BaseGeneralDataRegion:59 - Caching[foo.org.hibernate.cache.spi.UpdateTimestampsCache] : [Student] -> [5579091013423104]
14:18:26,949 DEBUG SQL:104 - 
    insert 
    into
        Enrolment
        (semester, "year", studentId, courseCode) 
    values
        (?, ?, ?, ?)
14:18:26,949 DEBUG BaseGeneralDataRegion:59 - Caching[foo.org.hibernate.cache.spi.UpdateTimestampsCache] : [Enrolment] -> [5579091013423105]
14:18:26,949 DEBUG SQL:104 - 
    insert 
    into
        Enrolment
        (semester, "year", studentId, courseCode) 
    values
        (?, ?, ?, ?)
14:18:26,949 DEBUG BaseGeneralDataRegion:59 - Caching[foo.org.hibernate.cache.spi.UpdateTimestampsCache] : [Enrolment] -> [5579091013423106]
14:18:26,949 DEBUG BaseGeneralDataRegion:59 - Caching[foo.org.hibernate.cache.spi.UpdateTimestampsCache] : [CourseMeeting] -> [5579091013423107]
14:18:26,949 DEBUG BaseGeneralDataRegion:59 - Caching[foo.org.hibernate.cache.spi.UpdateTimestampsCache] : [Enrolment] -> [5579091013423108]
14:18:26,950 DEBUG SQL:104 - 
    update
        Address 
    set
        studentNumber=?,
        addressType=? 
    where
        id=?
14:18:26,950 DEBUG SQL:104 - 
    update
        Address 
    set
        studentNumber=?,
        addressType=? 
    where
        id=?
14:18:26,950 DEBUG BaseGeneralDataRegion:59 - Caching[foo.org.hibernate.cache.spi.UpdateTimestampsCache] : [Address] -> [5579091013427200]
14:18:26,950 DEBUG SQL:104 - 
    insert 
    into
        Student_secretCodes
        (studentNumber, i, secretCode) 
    values
        (?, ?, ?)
14:18:26,960 DEBUG BaseGeneralDataRegion:59 - Caching[foo.org.hibernate.cache.spi.UpdateTimestampsCache] : [Student_secretCodes] -> [5579091013468160]
14:18:26,960 DEBUG BaseGeneralDataRegion:59 - Caching[foo.org.hibernate.cache.spi.UpdateTimestampsCache] : [Enrolment] -> [5579091013468161]
14:18:26,960 DEBUG BaseGeneralDataRegion:59 - Caching[foo.org.hibernate.cache.spi.UpdateTimestampsCache] : [Address] -> [5579091013468162]
14:18:26,960 DEBUG SQL:104 - 
    insert 
    into
        Student_secretCodes
        (studentNumber, i, secretCode) 
    values
        (?, ?, ?)
14:18:26,961 DEBUG SQL:104 - 
    insert 
    into
        Student_secretCodes
        (studentNumber, i, secretCode) 
    values
        (?, ?, ?)
14:18:26,962 DEBUG BaseGeneralDataRegion:59 - Caching[foo.org.hibernate.cache.spi.UpdateTimestampsCache] : [Student_secretCodes] -> [5579091013476352]
14:18:26,962 DEBUG BaseGeneralDataRegion:59 - Caching[foo.org.hibernate.cache.spi.UpdateTimestampsCache] : [Student] -> [5579090767716353]
14:18:26,962 DEBUG BaseGeneralDataRegion:59 - Caching[foo.org.hibernate.cache.spi.UpdateTimestampsCache] : [Course] -> [5579090767716353]
14:18:26,962 DEBUG BaseGeneralDataRegion:59 - Caching[foo.org.hibernate.cache.spi.UpdateTimestampsCache] : [Enrolment] -> [5579090767716353]
14:18:26,962 DEBUG BaseGeneralDataRegion:59 - Caching[foo.org.hibernate.cache.spi.UpdateTimestampsCache] : [Student_secretCodes] -> [5579090767716353]
14:18:26,963 DEBUG BaseGeneralDataRegion:59 - Caching[foo.org.hibernate.cache.spi.UpdateTimestampsCache] : [Address] -> [5579090767716353]
14:18:26,963 DEBUG BaseGeneralDataRegion:59 - Caching[foo.org.hibernate.cache.spi.UpdateTimestampsCache] : [CourseMeeting] -> [5579090767716353]
14:18:26,976 DEBUG SQL:104 - 
    select
        student_.studentId,
        student_.name_first as name2_4_,
        student_.name_middle as name3_4_,
        student_.name_last as name4_4_,
        student_.preferredCourseCode as preferre5_4_ 
    from
        Student student_ 
    where
        student_.studentId=?
14:18:26,978 DEBUG SQL:104 - 
    select
        enrolment_.studentId,
        enrolment_.courseCode,
        enrolment_.semester as semester3_,
        enrolment_."year" as year4_3_ 
    from
        Enrolment enrolment_ 
    where
        enrolment_.studentId=? 
        and enrolment_.courseCode=?
14:18:26,979 DEBUG SQL:104 - 
    select
        course_.courseCode,
        course_.description as descript2_1_ 
    from
        Course course_ 
    where
        course_.courseCode=?
14:18:26,988 DEBUG SQL:104 - 
    select
        student_.studentId,
        student_.name_first as name2_4_,
        student_.name_middle as name3_4_,
        student_.name_last as name4_4_,
        student_.preferredCourseCode as preferre5_4_ 
    from
        Student student_ 
    where
        student_.studentId=?
14:18:26,989 DEBUG SQL:104 - 
    select
        enrolment_.studentId,
        enrolment_.courseCode,
        enrolment_.semester as semester3_,
        enrolment_."year" as year4_3_ 
    from
        Enrolment enrolment_ 
    where
        enrolment_.studentId=? 
        and enrolment_.courseCode=?
14:18:26,999 DEBUG SQL:104 - 
    select
        coursemeet_.courseCode,
        coursemeet_.day,
        coursemeet_.period,
        coursemeet_.location 
    from
        CourseMeeting coursemeet_ 
    where
        coursemeet_.courseCode=? 
        and coursemeet_.day=? 
        and coursemeet_.period=? 
        and coursemeet_.location=?
14:18:26,999 DEBUG SQL:104 - 
    select
        coursemeet_.courseCode,
        coursemeet_.day,
        coursemeet_.period,
        coursemeet_.location 
    from
        CourseMeeting coursemeet_ 
    where
        coursemeet_.courseCode=? 
        and coursemeet_.day=? 
        and coursemeet_.period=? 
        and coursemeet_.location=?
14:18:27,009 DEBUG BaseGeneralDataRegion:59 - Caching[foo.org.hibernate.cache.spi.UpdateTimestampsCache] : [Enrolment] -> [5579091013668864]
14:18:27,010 DEBUG SQL:104 - 
    update
        Address 
    set
        studentNumber=null,
        addressType=null 
    where
        studentNumber=?
14:18:27,010 DEBUG BaseGeneralDataRegion:59 - Caching[foo.org.hibernate.cache.spi.UpdateTimestampsCache] : [Address] -> [5579091013672960]
14:18:27,010 DEBUG SQL:104 - 
    delete 
    from
        Student_secretCodes 
    where
        studentNumber=?
14:18:27,010 DEBUG BaseGeneralDataRegion:59 - Caching[foo.org.hibernate.cache.spi.UpdateTimestampsCache] : [Student_secretCodes] -> [5579091013672961]
14:18:27,010 DEBUG BaseGeneralDataRegion:59 - Caching[foo.org.hibernate.cache.spi.UpdateTimestampsCache] : [Enrolment] -> [5579091013672962]
14:18:27,010 DEBUG BaseGeneralDataRegion:59 - Caching[foo.org.hibernate.cache.spi.UpdateTimestampsCache] : [Address] -> [5579091013672963]
14:18:27,011 DEBUG SQL:104 - 
    delete 
    from
        Student_secretCodes 
    where
        studentNumber=?
14:18:27,011 DEBUG BaseGeneralDataRegion:59 - Caching[foo.org.hibernate.cache.spi.UpdateTimestampsCache] : [Student_secretCodes] -> [5579091013677056]
14:18:27,011 DEBUG BaseGeneralDataRegion:59 - Caching[foo.org.hibernate.cache.spi.UpdateTimestampsCache] : [CourseMeeting] -> [5579091013677057]
14:18:27,019 DEBUG SQL:104 - 
    delete 
    from
        Enrolment 
    where
        studentId=? 
        and courseCode=?
14:18:27,020 DEBUG BaseGeneralDataRegion:59 - Caching[foo.org.hibernate.cache.spi.UpdateTimestampsCache] : [Enrolment] -> [5579091013713920]
14:18:27,020 DEBUG SQL:104 - 
    delete 
    from
        Address 
    where
        id=?
14:18:27,020 DEBUG BaseGeneralDataRegion:59 - Caching[foo.org.hibernate.cache.spi.UpdateTimestampsCache] : [Address] -> [5579091013713921]
14:18:27,020 DEBUG SQL:104 - 
    delete 
    from
        Address 
    where
        id=?
14:18:27,020 DEBUG BaseGeneralDataRegion:59 - Caching[foo.org.hibernate.cache.spi.UpdateTimestampsCache] : [Address] -> [5579091013713922]
14:18:27,020 DEBUG SQL:104 - 
    delete 
    from
        Student 
    where
        studentId=?
14:18:27,020 DEBUG BaseGeneralDataRegion:59 - Caching[foo.org.hibernate.cache.spi.UpdateTimestampsCache] : [Student] -> [5579091013713923]
14:18:27,020 DEBUG SQL:104 - 
    delete 
    from
        Enrolment 
    where
        studentId=? 
        and courseCode=?
14:18:27,127 DEBUG BaseGeneralDataRegion:59 - Caching[foo.org.hibernate.cache.spi.UpdateTimestampsCache] : [Enrolment] -> [5579091014152192]
14:18:27,128 DEBUG SQL:104 - 
    delete 
    from
        Student 
    where
        studentId=?
14:18:27,128 DEBUG BaseGeneralDataRegion:59 - Caching[foo.org.hibernate.cache.spi.UpdateTimestampsCache] : [Student] -> [5579091014156288]
14:18:27,128 DEBUG SQL:104 - 
    delete 
    from
        CourseMeeting 
    where
        courseCode=? 
        and day=? 
        and period=? 
        and location=?
14:18:27,128 DEBUG BaseGeneralDataRegion:59 - Caching[foo.org.hibernate.cache.spi.UpdateTimestampsCache] : [CourseMeeting] -> [5579091014156289]
14:18:27,128 DEBUG SQL:104 - 
    delete 
    from
        CourseMeeting 
    where
        courseCode=? 
        and day=? 
        and period=? 
        and location=?
14:18:27,129 DEBUG BaseGeneralDataRegion:59 - Caching[foo.org.hibernate.cache.spi.UpdateTimestampsCache] : [CourseMeeting] -> [5579091014156290]
14:18:27,129 DEBUG SQL:104 - 
    delete 
    from
        Course 
    where
        courseCode=?
14:18:27,129 DEBUG BaseGeneralDataRegion:59 - Caching[foo.org.hibernate.cache.spi.UpdateTimestampsCache] : [Course] -> [5579091014160384]
14:18:27,129 DEBUG BaseGeneralDataRegion:59 - Caching[foo.org.hibernate.cache.spi.UpdateTimestampsCache] : [Student] -> [5579090768400385]
14:18:27,129 DEBUG BaseGeneralDataRegion:59 - Caching[foo.org.hibernate.cache.spi.UpdateTimestampsCache] : [Course] -> [5579090768400385]
14:18:27,129 DEBUG BaseGeneralDataRegion:59 - Caching[foo.org.hibernate.cache.spi.UpdateTimestampsCache] : [Enrolment] -> [5579090768400385]
14:18:27,129 DEBUG BaseGeneralDataRegion:59 - Caching[foo.org.hibernate.cache.spi.UpdateTimestampsCache] : [Student_secretCodes] -> [5579090768400385]
14:18:27,129 DEBUG BaseGeneralDataRegion:59 - Caching[foo.org.hibernate.cache.spi.UpdateTimestampsCache] : [Address] -> [5579090768400385]
14:18:27,129 DEBUG BaseGeneralDataRegion:59 - Caching[foo.org.hibernate.cache.spi.UpdateTimestampsCache] : [CourseMeeting] -> [5579090768400385]
14:18:27,130  INFO CustomRunner:139 - Test: testJoinWithFetchJoinListHql
14:18:27,131 DEBUG SQL:104 - 
    select
        coursemeet_.courseCode,
        coursemeet_.day,
        coursemeet_.period,
        coursemeet_.location 
    from
        CourseMeeting coursemeet_ 
    where
        coursemeet_.courseCode=? 
        and coursemeet_.day=? 
        and coursemeet_.period=? 
        and coursemeet_.location=?
14:18:27,132 DEBUG SQL:104 - 
    select
        coursemeet_.courseCode,
        coursemeet_.day,
        coursemeet_.period,
        coursemeet_.location 
    from
        CourseMeeting coursemeet_ 
    where
        coursemeet_.courseCode=? 
        and coursemeet_.day=? 
        and coursemeet_.period=? 
        and coursemeet_.location=?
14:18:27,132 DEBUG SQL:104 - 
    insert 
    into
        Course
        (description, courseCode) 
    values
        (?, ?)
14:18:27,133 DEBUG BaseGeneralDataRegion:59 - Caching[foo.org.hibernate.cache.spi.UpdateTimestampsCache] : [Course] -> [5579091014176768]
14:18:27,133 DEBUG SQL:104 - 
    insert 
    into
        CourseMeeting
        (courseCode, day, period, location) 
    values
        (?, ?, ?, ?)
14:18:27,133 DEBUG BaseGeneralDataRegion:59 - Caching[foo.org.hibernate.cache.spi.UpdateTimestampsCache] : [CourseMeeting] -> [5579091014176769]
14:18:27,133 DEBUG SQL:104 - 
    insert 
    into
        CourseMeeting
        (courseCode, day, period, location) 
    values
        (?, ?, ?, ?)
14:18:27,133 DEBUG BaseGeneralDataRegion:59 - Caching[foo.org.hibernate.cache.spi.UpdateTimestampsCache] : [CourseMeeting] -> [5579091014176770]
14:18:27,133 DEBUG SQL:104 - 
    insert 
    into
        Student
        (name_first, name_middle, name_last, preferredCourseCode, studentId) 
    values
        (?, ?, ?, ?, ?)
14:18:27,133 DEBUG BaseGeneralDataRegion:59 - Caching[foo.org.hibernate.cache.spi.UpdateTimestampsCache] : [Student] -> [5579091014176771]
14:18:27,134 DEBUG SQL:104 - 
    insert 
    into
        Address
        (addressType, street, city, stateProvince, postalCode, country, studentNumber, id) 
    values
        (?, ?, ?, ?, ?, ?, ?, ?)
14:18:27,134 DEBUG BaseGeneralDataRegion:59 - Caching[foo.org.hibernate.cache.spi.UpdateTimestampsCache] : [Address] -> [5579091014180864]
14:18:27,134 DEBUG SQL:104 - 
    insert 
    into
        Address
        (addressType, street, city, stateProvince, postalCode, country, studentNumber, id) 
    values
        (?, ?, ?, ?, ?, ?, ?, ?)
14:18:27,134 DEBUG BaseGeneralDataRegion:59 - Caching[foo.org.hibernate.cache.spi.UpdateTimestampsCache] : [Address] -> [5579091014180865]
14:18:27,134 DEBUG SQL:104 - 
    insert 
    into
        Student
        (name_first, name_middle, name_last, preferredCourseCode, studentId) 
    values
        (?, ?, ?, ?, ?)
14:18:27,134 DEBUG BaseGeneralDataRegion:59 - Caching[foo.org.hibernate.cache.spi.UpdateTimestampsCache] : [Student] -> [5579091014180866]
14:18:27,134 DEBUG SQL:104 - 
    insert 
    into
        Enrolment
        (semester, "year", studentId, courseCode) 
    values
        (?, ?, ?, ?)
14:18:27,135 DEBUG BaseGeneralDataRegion:59 - Caching[foo.org.hibernate.cache.spi.UpdateTimestampsCache] : [Enrolment] -> [5579091014184960]
14:18:27,135 DEBUG SQL:104 - 
    insert 
    into
        Enrolment
        (semester, "year", studentId, courseCode) 
    values
        (?, ?, ?, ?)
14:18:27,135 DEBUG BaseGeneralDataRegion:59 - Caching[foo.org.hibernate.cache.spi.UpdateTimestampsCache] : [Enrolment] -> [5579091014184961]
14:18:27,135 DEBUG BaseGeneralDataRegion:59 - Caching[foo.org.hibernate.cache.spi.UpdateTimestampsCache] : [CourseMeeting] -> [5579091014184962]
14:18:27,135 DEBUG BaseGeneralDataRegion:59 - Caching[foo.org.hibernate.cache.spi.UpdateTimestampsCache] : [Enrolment] -> [5579091014184963]
14:18:27,135 DEBUG SQL:104 - 
    update
        Address 
    set
        studentNumber=?,
        addressType=? 
    where
        id=?
14:18:27,135 DEBUG SQL:104 - 
    update
        Address 
    set
        studentNumber=?,
        addressType=? 
    where
        id=?
14:18:27,135 DEBUG BaseGeneralDataRegion:59 - Caching[foo.org.hibernate.cache.spi.UpdateTimestampsCache] : [Address] -> [5579091014184964]
14:18:27,136 DEBUG SQL:104 - 
    insert 
    into
        Student_secretCodes
        (studentNumber, i, secretCode) 
    values
        (?, ?, ?)
14:18:27,136 DEBUG BaseGeneralDataRegion:59 - Caching[foo.org.hibernate.cache.spi.UpdateTimestampsCache] : [Student_secretCodes] -> [5579091014189056]
14:18:27,136 DEBUG BaseGeneralDataRegion:59 - Caching[foo.org.hibernate.cache.spi.UpdateTimestampsCache] : [Enrolment] -> [5579091014189057]
14:18:27,136 DEBUG BaseGeneralDataRegion:59 - Caching[foo.org.hibernate.cache.spi.UpdateTimestampsCache] : [Address] -> [5579091014189058]
14:18:27,136 DEBUG SQL:104 - 
    insert 
    into
        Student_secretCodes
        (studentNumber, i, secretCode) 
    values
        (?, ?, ?)
14:18:27,136 DEBUG SQL:104 - 
    insert 
    into
        Student_secretCodes
        (studentNumber, i, secretCode) 
    values
        (?, ?, ?)
14:18:27,136 DEBUG BaseGeneralDataRegion:59 - Caching[foo.org.hibernate.cache.spi.UpdateTimestampsCache] : [Student_secretCodes] -> [5579091014189059]
14:18:27,137 DEBUG BaseGeneralDataRegion:59 - Caching[foo.org.hibernate.cache.spi.UpdateTimestampsCache] : [Student] -> [5579090768433152]
14:18:27,137 DEBUG BaseGeneralDataRegion:59 - Caching[foo.org.hibernate.cache.spi.UpdateTimestampsCache] : [Course] -> [5579090768433152]
14:18:27,137 DEBUG BaseGeneralDataRegion:59 - Caching[foo.org.hibernate.cache.spi.UpdateTimestampsCache] : [Enrolment] -> [5579090768433152]
14:18:27,137 DEBUG BaseGeneralDataRegion:59 - Caching[foo.org.hibernate.cache.spi.UpdateTimestampsCache] : [Student_secretCodes] -> [5579090768433152]
14:18:27,137 DEBUG BaseGeneralDataRegion:59 - Caching[foo.org.hibernate.cache.spi.UpdateTimestampsCache] : [Address] -> [5579090768433152]
14:18:27,137 DEBUG BaseGeneralDataRegion:59 - Caching[foo.org.hibernate.cache.spi.UpdateTimestampsCache] : [CourseMeeting] -> [5579090768433152]
14:18:27,137 DEBUG QueryTranslatorImpl:265 - parse() - HQL: from org.hibernate.test.querycache.Student s left join fetch s.enrolments left join s.preferredCourse order by s.studentNumber
14:18:27,139 DEBUG QueryTranslatorImpl:283 - --- HQL AST ---
 \-[QUERY] Node: 'query'
    +-[SELECT_FROM] Node: 'SELECT_FROM'
    |  \-[FROM] Node: 'from'
    |     +-[RANGE] Node: 'RANGE'
    |     |  +-[DOT] Node: '.'
    |     |  |  +-[DOT] Node: '.'
    |     |  |  |  +-[DOT] Node: '.'
    |     |  |  |  |  +-[DOT] Node: '.'
    |     |  |  |  |  |  +-[IDENT] Node: 'org'
    |     |  |  |  |  |  \-[IDENT] Node: 'hibernate'
    |     |  |  |  |  \-[IDENT] Node: 'test'
    |     |  |  |  \-[IDENT] Node: 'querycache'
    |     |  |  \-[IDENT] Node: 'Student'
    |     |  \-[ALIAS] Node: 's'
    |     +-[JOIN] Node: 'join'
    |     |  +-[LEFT] Node: 'left'
    |     |  +-[FETCH] Node: 'fetch'
    |     |  \-[DOT] Node: '.'
    |     |     +-[IDENT] Node: 's'
    |     |     \-[IDENT] Node: 'enrolments'
    |     \-[JOIN] Node: 'join'
    |        +-[LEFT] Node: 'left'
    |        \-[DOT] Node: '.'
    |           +-[IDENT] Node: 's'
    |           \-[IDENT] Node: 'preferredCourse'
    \-[ORDER] Node: 'order'
       \-[DOT] Node: '.'
          +-[IDENT] Node: 's'
          \-[IDENT] Node: 'studentNumber'

14:18:27,139 DEBUG ErrorCounter:82 - throwQueryException() : no errors
14:18:27,139 DEBUG FromElement:157 - FromClause{level=1} : org.hibernate.test.querycache.Student (s) -> student0_
14:18:27,139 DEBUG FromReferenceNode:74 - Resolved : s -> student0_.studentId
14:18:27,139 DEBUG DotNode:599 - getDataType() : enrolments -> org.hibernate.type.SetType(org.hibernate.test.querycache.Student.enrolments)
14:18:27,140 DEBUG FromElementFactory:376 - createEntityAssociation() : One to many - path = s.enrolments role = org.hibernate.test.querycache.Student.enrolments associatedEntityName = org.hibernate.test.querycache.Enrolment
14:18:27,140 DEBUG FromElement:157 - FromClause{level=1} : org.hibernate.test.querycache.Enrolment (<no alias>) -> enrolments1_
14:18:27,140 DEBUG FromClause:282 - addJoinByPathMap() : s.enrolments -> FromElement{explicit,not a collection join,not a fetch join,fetch non-lazy properties,classAlias=null,role=null,tableName=Enrolment,tableAlias=enrolments1_,origin=Student student0_,columns={student0_.studentId ,className=org.hibernate.test.querycache.Enrolment}}
14:18:27,140 DEBUG DotNode:308 - dereferenceCollection() : Created new FROM element for s.enrolments : Enrolment enrolments1_
14:18:27,140 DEBUG FromReferenceNode:74 - Resolved : s.enrolments -> .
14:18:27,140 DEBUG HqlSqlWalker:403 - createFromJoinElement() : -- join tree --
 \-[JOIN_FRAGMENT] FromElement: 'Enrolment enrolments1_' FromElement{explicit,not a collection join,fetch join,fetch non-lazy properties,classAlias=null,role=org.hibernate.test.querycache.Student.enrolments,tableName=Enrolment,tableAlias=enrolments1_,origin=Student student0_,columns={student0_.studentId ,className=org.hibernate.test.querycache.Enrolment}}

14:18:27,140 DEBUG FromReferenceNode:74 - Resolved : s -> student0_.studentId
14:18:27,140 DEBUG DotNode:599 - getDataType() : preferredCourse -> org.hibernate.type.ManyToOneType(org.hibernate.test.querycache.Course)
14:18:27,141 DEBUG DotNode:389 - dereferenceEntityJoin() : generating join for preferredCourse in org.hibernate.test.querycache.Student (<no alias>) parent = [ {null} ]
14:18:27,141 DEBUG FromElement:157 - FromClause{level=1} : org.hibernate.test.querycache.Course (<no alias>) -> course2_
14:18:27,141 DEBUG FromClause:282 - addJoinByPathMap() : s.preferredCourse -> FromElement{explicit,not a collection join,not a fetch join,fetch non-lazy properties,classAlias=null,role=null,tableName=Course,tableAlias=course2_,origin=Student student0_,columns={student0_.preferredCourseCode ,className=org.hibernate.test.querycache.Course}}
14:18:27,141 DEBUG FromReferenceNode:74 - Resolved : s.preferredCourse -> student0_.preferredCourseCode
14:18:27,142 DEBUG HqlSqlWalker:403 - createFromJoinElement() : -- join tree --
 \-[JOIN_FRAGMENT] FromElement: 'Course course2_' FromElement{explicit,not a collection join,not a fetch join,fetch non-lazy properties,classAlias=null,role=null,tableName=Course,tableAlias=course2_,origin=Student student0_,columns={student0_.preferredCourseCode ,className=org.hibernate.test.querycache.Course}}

14:18:27,142 DEBUG FromReferenceNode:74 - Resolved : s -> student0_.studentId
14:18:27,142 DEBUG DotNode:599 - getDataType() : studentNumber -> org.hibernate.type.LongType@4bf3f9d
14:18:27,142 DEBUG FromReferenceNode:74 - Resolved : s.studentNumber -> student0_.studentId
14:18:27,142 DEBUG HqlSqlWalker:629 - processQuery() :  ( SELECT ( FromClause{level=1} ( Student student0_ Enrolment enrolments1_ Course course2_ ) ) ( order ( student0_.studentId student0_.studentId studentNumber ) ) )
14:18:27,143 DEBUG HqlSqlWalker:869 - Derived SELECT clause created.
14:18:27,144 DEBUG JoinProcessor:175 - Using FROM fragment [Student student0_]
14:18:27,144 DEBUG JoinProcessor:175 - Using FROM fragment [left outer join Enrolment enrolments1_ on student0_.studentId=enrolments1_.studentId]
14:18:27,144 DEBUG JoinProcessor:175 - Using FROM fragment [left outer join Course course2_ on student0_.preferredCourseCode=course2_.courseCode]
14:18:27,146 DEBUG QueryTranslatorImpl:252 - --- SQL AST ---
 \-[SELECT] QueryNode: 'SELECT'  querySpaces (Student,Course,Enrolment)
    +-[SELECT_CLAUSE] SelectClause: '{derived select clause}'
    |  +-[SELECT_EXPR] SelectExpressionImpl: 'student0_.studentId as studentId4_0_' {FromElement{explicit,not a collection join,not a fetch join,fetch non-lazy properties,classAlias=s,role=null,tableName=Student,tableAlias=student0_,origin=null,columns={,className=org.hibernate.test.querycache.Student}}}
    |  +-[SELECT_EXPR] SelectExpressionImpl: 'enrolments1_.studentId as studentId3_1_, enrolments1_.courseCode as courseCode3_1_' {FromElement{explicit,not a collection join,fetch join,fetch non-lazy properties,classAlias=null,role=org.hibernate.test.querycache.Student.enrolments,tableName=Enrolment,tableAlias=enrolments1_,origin=Student student0_,columns={student0_.studentId ,className=org.hibernate.test.querycache.Enrolment}}}
    |  +-[SELECT_EXPR] SelectExpressionImpl: 'course2_.courseCode as courseCode1_2_' {FromElement{explicit,not a collection join,not a fetch join,fetch non-lazy properties,classAlias=null,role=null,tableName=Course,tableAlias=course2_,origin=Student student0_,columns={student0_.preferredCourseCode ,className=org.hibernate.test.querycache.Course}}}
    |  +-[SQL_TOKEN] SqlFragment: 'student0_.name_first as name2_4_0_, student0_.name_middle as name3_4_0_, student0_.name_last as name4_4_0_, student0_.preferredCourseCode as preferre5_4_0_'
    |  +-[SQL_TOKEN] SqlFragment: 'enrolments1_.semester as semester3_1_, enrolments1_."year" as year4_3_1_'
    |  +-[SQL_TOKEN] SqlFragment: 'enrolments1_.studentId as studentId4_0__, enrolments1_.studentId as studentId3_0__, enrolments1_.courseCode as courseCode3_0__'
    |  \-[SQL_TOKEN] SqlFragment: 'course2_.description as descript2_1_2_'
    +-[FROM] FromClause: 'from' FromClause{level=1, fromElementCounter=3, fromElements=3, fromElementByClassAlias=[s], fromElementByTableAlias=[student0_, course2_, enrolments1_], fromElementsByPath=[s.enrolments, s.preferredCourse], collectionJoinFromElementsByPath=[], impliedElements=[]}
    |  \-[FROM_FRAGMENT] FromElement: 'Student student0_' FromElement{explicit,not a collection join,not a fetch join,fetch non-lazy properties,classAlias=s,role=null,tableName=Student,tableAlias=student0_,origin=null,columns={,className=org.hibernate.test.querycache.Student}}
    |     +-[JOIN_FRAGMENT] FromElement: 'left outer join Enrolment enrolments1_ on student0_.studentId=enrolments1_.studentId' FromElement{explicit,not a collection join,fetch join,fetch non-lazy properties,classAlias=null,role=org.hibernate.test.querycache.Student.enrolments,tableName=Enrolment,tableAlias=enrolments1_,origin=Student student0_,columns={student0_.studentId ,className=org.hibernate.test.querycache.Enrolment}}
    |     \-[JOIN_FRAGMENT] FromElement: 'left outer join Course course2_ on student0_.preferredCourseCode=course2_.courseCode' FromElement{explicit,not a collection join,not a fetch join,fetch non-lazy properties,classAlias=null,role=null,tableName=Course,tableAlias=course2_,origin=Student student0_,columns={student0_.preferredCourseCode ,className=org.hibernate.test.querycache.Course}}
    \-[ORDER] OrderByClause: 'order'
       \-[DOT] DotNode: 'student0_.studentId' {propertyName=studentNumber,dereferenceType=ALL,propertyPath=studentNumber,path=s.studentNumber,tableAlias=student0_,className=org.hibernate.test.querycache.Student,classAlias=s}
          +-[ALIAS_REF] IdentNode: 'student0_.studentId' {alias=s, className=org.hibernate.test.querycache.Student, tableAlias=student0_}
          \-[IDENT] IdentNode: 'studentNumber' {originalText=studentNumber}

14:18:27,147 DEBUG ErrorCounter:82 - throwQueryException() : no errors
14:18:27,147 DEBUG QueryTranslatorImpl:235 - HQL: from org.hibernate.test.querycache.Student s left join fetch s.enrolments left join s.preferredCourse order by s.studentNumber
14:18:27,147 DEBUG QueryTranslatorImpl:236 - SQL: select student0_.studentId as studentId4_0_, enrolments1_.studentId as studentId3_1_, enrolments1_.courseCode as courseCode3_1_, course2_.courseCode as courseCode1_2_, student0_.name_first as name2_4_0_, student0_.name_middle as name3_4_0_, student0_.name_last as name4_4_0_, student0_.preferredCourseCode as preferre5_4_0_, enrolments1_.semester as semester3_1_, enrolments1_."year" as year4_3_1_, enrolments1_.studentId as studentId4_0__, enrolments1_.studentId as studentId3_0__, enrolments1_.courseCode as courseCode3_0__, course2_.description as descript2_1_2_ from Student student0_ left outer join Enrolment enrolments1_ on student0_.studentId=enrolments1_.studentId left outer join Course course2_ on student0_.preferredCourseCode=course2_.courseCode order by student0_.studentId
14:18:27,147 DEBUG ErrorCounter:82 - throwQueryException() : no errors
14:18:27,147 DEBUG SQL:104 - 
    select
        student0_.studentId as studentId4_0_,
        enrolments1_.studentId as studentId3_1_,
        enrolments1_.courseCode as courseCode3_1_,
        course2_.courseCode as courseCode1_2_,
        student0_.name_first as name2_4_0_,
        student0_.name_middle as name3_4_0_,
        student0_.name_last as name4_4_0_,
        student0_.preferredCourseCode as preferre5_4_0_,
        enrolments1_.semester as semester3_1_,
        enrolments1_."year" as year4_3_1_,
        enrolments1_.studentId as studentId4_0__,
        enrolments1_.studentId as studentId3_0__,
        enrolments1_.courseCode as courseCode3_0__,
        course2_.description as descript2_1_2_ 
    from
        Student student0_ 
    left outer join
        Enrolment enrolments1_ 
            on student0_.studentId=enrolments1_.studentId 
    left outer join
        Course course2_ 
            on student0_.preferredCourseCode=course2_.courseCode 
    order by
        student0_.studentId
14:18:27,148 DEBUG SQL:104 - 
    select
        secretcode0_.studentNumber as studentN1_4_0_,
        secretcode0_.secretCode as secretCode5_0_,
        secretcode0_.i as i0_ 
    from
        Student_secretCodes secretcode0_ 
    where
        secretcode0_.studentNumber=?
14:18:27,149 DEBUG SQL:104 - 
    select
        coursemeet0_.courseCode as courseCode1_1_,
        coursemeet0_.courseCode as courseCode2_1_,
        coursemeet0_.day as day2_1_,
        coursemeet0_.period as period2_1_,
        coursemeet0_.location as location2_1_,
        coursemeet0_.courseCode as courseCode2_0_,
        coursemeet0_.day as day2_0_,
        coursemeet0_.period as period2_0_,
        coursemeet0_.location as location2_0_ 
    from
        CourseMeeting coursemeet0_ 
    where
        coursemeet0_.courseCode=?
14:18:27,149 DEBUG SQL:104 - 
    select
        secretcode0_.studentNumber as studentN1_4_0_,
        secretcode0_.secretCode as secretCode5_0_,
        secretcode0_.i as i0_ 
    from
        Student_secretCodes secretcode0_ 
    where
        secretcode0_.studentNumber=?
14:18:27,150 DEBUG SQL:104 - 
    select
        student0_.studentId as studentId4_0_,
        enrolments1_.studentId as studentId3_1_,
        enrolments1_.courseCode as courseCode3_1_,
        course2_.courseCode as courseCode1_2_,
        student0_.name_first as name2_4_0_,
        student0_.name_middle as name3_4_0_,
        student0_.name_last as name4_4_0_,
        student0_.preferredCourseCode as preferre5_4_0_,
        enrolments1_.semester as semester3_1_,
        enrolments1_."year" as year4_3_1_,
        enrolments1_.studentId as studentId4_0__,
        enrolments1_.studentId as studentId3_0__,
        enrolments1_.courseCode as courseCode3_0__,
        course2_.description as descript2_1_2_ 
    from
        Student student0_ 
    left outer join
        Enrolment enrolments1_ 
            on student0_.studentId=enrolments1_.studentId 
    left outer join
        Course course2_ 
            on student0_.preferredCourseCode=course2_.courseCode 
    order by
        student0_.studentId
14:18:27,169 DEBUG SQL:104 - 
    select
        secretcode0_.studentNumber as studentN1_4_0_,
        secretcode0_.secretCode as secretCode5_0_,
        secretcode0_.i as i0_ 
    from
        Student_secretCodes secretcode0_ 
    where
        secretcode0_.studentNumber=?
14:18:27,170 DEBUG SQL:104 - 
    select
        coursemeet0_.courseCode as courseCode1_1_,
        coursemeet0_.courseCode as courseCode2_1_,
        coursemeet0_.day as day2_1_,
        coursemeet0_.period as period2_1_,
        coursemeet0_.location as location2_1_,
        coursemeet0_.courseCode as courseCode2_0_,
        coursemeet0_.day as day2_0_,
        coursemeet0_.period as period2_0_,
        coursemeet0_.location as location2_0_ 
    from
        CourseMeeting coursemeet0_ 
    where
        coursemeet0_.courseCode=?
14:18:27,180 DEBUG SQL:104 - 
    select
        secretcode0_.studentNumber as studentN1_4_0_,
        secretcode0_.secretCode as secretCode5_0_,
        secretcode0_.i as i0_ 
    from
        Student_secretCodes secretcode0_ 
    where
        secretcode0_.studentNumber=?
14:18:27,181 DEBUG SQL:104 - 
    select
        student_.studentId,
        student_.name_first as name2_4_,
        student_.name_middle as name3_4_,
        student_.name_last as name4_4_,
        student_.preferredCourseCode as preferre5_4_ 
    from
        Student student_ 
    where
        student_.studentId=?
14:18:27,191 DEBUG SQL:104 - 
    select
        enrolment_.studentId,
        enrolment_.courseCode,
        enrolment_.semester as semester3_,
        enrolment_."year" as year4_3_ 
    from
        Enrolment enrolment_ 
    where
        enrolment_.studentId=? 
        and enrolment_.courseCode=?
14:18:27,192 DEBUG SQL:104 - 
    select
        course_.courseCode,
        course_.description as descript2_1_ 
    from
        Course course_ 
    where
        course_.courseCode=?
14:18:27,192 DEBUG SQL:104 - 
    select
        student_.studentId,
        student_.name_first as name2_4_,
        student_.name_middle as name3_4_,
        student_.name_last as name4_4_,
        student_.preferredCourseCode as preferre5_4_ 
    from
        Student student_ 
    where
        student_.studentId=?
14:18:27,192 DEBUG SQL:104 - 
    select
        enrolment_.studentId,
        enrolment_.courseCode,
        enrolment_.semester as semester3_,
        enrolment_."year" as year4_3_ 
    from
        Enrolment enrolment_ 
    where
        enrolment_.studentId=? 
        and enrolment_.courseCode=?
14:18:27,193 DEBUG SQL:104 - 
    select
        coursemeet_.courseCode,
        coursemeet_.day,
        coursemeet_.period,
        coursemeet_.location 
    from
        CourseMeeting coursemeet_ 
    where
        coursemeet_.courseCode=? 
        and coursemeet_.day=? 
        and coursemeet_.period=? 
        and coursemeet_.location=?
14:18:27,193 DEBUG SQL:104 - 
    select
        coursemeet_.courseCode,
        coursemeet_.day,
        coursemeet_.period,
        coursemeet_.location 
    from
        CourseMeeting coursemeet_ 
    where
        coursemeet_.courseCode=? 
        and coursemeet_.day=? 
        and coursemeet_.period=? 
        and coursemeet_.location=?
14:18:27,205 DEBUG BaseGeneralDataRegion:59 - Caching[foo.org.hibernate.cache.spi.UpdateTimestampsCache] : [Enrolment] -> [5579091014471680]
14:18:27,206 DEBUG SQL:104 - 
    update
        Address 
    set
        studentNumber=null,
        addressType=null 
    where
        studentNumber=?
14:18:27,206 DEBUG BaseGeneralDataRegion:59 - Caching[foo.org.hibernate.cache.spi.UpdateTimestampsCache] : [Address] -> [5579091014475776]
14:18:27,206 DEBUG SQL:104 - 
    delete 
    from
        Student_secretCodes 
    where
        studentNumber=?
14:18:27,206 DEBUG BaseGeneralDataRegion:59 - Caching[foo.org.hibernate.cache.spi.UpdateTimestampsCache] : [Student_secretCodes] -> [5579091014475777]
14:18:27,206 DEBUG BaseGeneralDataRegion:59 - Caching[foo.org.hibernate.cache.spi.UpdateTimestampsCache] : [Enrolment] -> [5579091014475778]
14:18:27,206 DEBUG BaseGeneralDataRegion:59 - Caching[foo.org.hibernate.cache.spi.UpdateTimestampsCache] : [Address] -> [5579091014475779]
14:18:27,206 DEBUG SQL:104 - 
    delete 
    from
        Student_secretCodes 
    where
        studentNumber=?
14:18:27,219 DEBUG BaseGeneralDataRegion:59 - Caching[foo.org.hibernate.cache.spi.UpdateTimestampsCache] : [Student_secretCodes] -> [5579091014529024]
14:18:27,219 DEBUG BaseGeneralDataRegion:59 - Caching[foo.org.hibernate.cache.spi.UpdateTimestampsCache] : [CourseMeeting] -> [5579091014529025]
14:18:27,219 DEBUG SQL:104 - 
    delete 
    from
        Enrolment 
    where
        studentId=? 
        and courseCode=?
14:18:27,220 DEBUG BaseGeneralDataRegion:59 - Caching[foo.org.hibernate.cache.spi.UpdateTimestampsCache] : [Enrolment] -> [5579091014533120]
14:18:27,220 DEBUG SQL:104 - 
    delete 
    from
        Address 
    where
        id=?
14:18:27,220 DEBUG BaseGeneralDataRegion:59 - Caching[foo.org.hibernate.cache.spi.UpdateTimestampsCache] : [Address] -> [5579091014533121]
14:18:27,220 DEBUG SQL:104 - 
    delete 
    from
        Address 
    where
        id=?
14:18:27,220 DEBUG BaseGeneralDataRegion:59 - Caching[foo.org.hibernate.cache.spi.UpdateTimestampsCache] : [Address] -> [5579091014533122]
14:18:27,220 DEBUG SQL:104 - 
    delete 
    from
        Student 
    where
        studentId=?
14:18:27,220 DEBUG BaseGeneralDataRegion:59 - Caching[foo.org.hibernate.cache.spi.UpdateTimestampsCache] : [Student] -> [5579091014533123]
14:18:27,221 DEBUG SQL:104 - 
    delete 
    from
        Enrolment 
    where
        studentId=? 
        and courseCode=?
14:18:27,221 DEBUG BaseGeneralDataRegion:59 - Caching[foo.org.hibernate.cache.spi.UpdateTimestampsCache] : [Enrolment] -> [5579091014537216]
14:18:27,221 DEBUG SQL:104 - 
    delete 
    from
        Student 
    where
        studentId=?
14:18:27,243 DEBUG BaseGeneralDataRegion:59 - Caching[foo.org.hibernate.cache.spi.UpdateTimestampsCache] : [Student] -> [5579091014627328]
14:18:27,243 DEBUG SQL:104 - 
    delete 
    from
        CourseMeeting 
    where
        courseCode=? 
        and day=? 
        and period=? 
        and location=?
14:18:27,244 DEBUG BaseGeneralDataRegion:59 - Caching[foo.org.hibernate.cache.spi.UpdateTimestampsCache] : [CourseMeeting] -> [5579091014631424]
14:18:27,244 DEBUG SQL:104 - 
    delete 
    from
        CourseMeeting 
    where
        courseCode=? 
        and day=? 
        and period=? 
        and location=?
14:18:27,244 DEBUG BaseGeneralDataRegion:59 - Caching[foo.org.hibernate.cache.spi.UpdateTimestampsCache] : [CourseMeeting] -> [5579091014631425]
14:18:27,244 DEBUG SQL:104 - 
    delete 
    from
        Course 
    where
        courseCode=?
14:18:27,252 DEBUG BaseGeneralDataRegion:59 - Caching[foo.org.hibernate.cache.spi.UpdateTimestampsCache] : [Course] -> [5579091014664192]
14:18:27,252 DEBUG BaseGeneralDataRegion:59 - Caching[foo.org.hibernate.cache.spi.UpdateTimestampsCache] : [Student] -> [5579090768904193]
14:18:27,252 DEBUG BaseGeneralDataRegion:59 - Caching[foo.org.hibernate.cache.spi.UpdateTimestampsCache] : [Course] -> [5579090768904193]
14:18:27,252 DEBUG BaseGeneralDataRegion:59 - Caching[foo.org.hibernate.cache.spi.UpdateTimestampsCache] : [Enrolment] -> [5579090768904193]
14:18:27,252 DEBUG BaseGeneralDataRegion:59 - Caching[foo.org.hibernate.cache.spi.UpdateTimestampsCache] : [Student_secretCodes] -> [5579090768904193]
14:18:27,253 DEBUG BaseGeneralDataRegion:59 - Caching[foo.org.hibernate.cache.spi.UpdateTimestampsCache] : [Address] -> [5579090768904193]
14:18:27,253 DEBUG BaseGeneralDataRegion:59 - Caching[foo.org.hibernate.cache.spi.UpdateTimestampsCache] : [CourseMeeting] -> [5579090768904193]
14:18:27,253  INFO CustomRunner:139 - Test: testJoinWithFetchJoinWithAliasedJoinedAndOwnerProjectedListHql
14:18:27,254 DEBUG SQL:104 - 
    select
        coursemeet_.courseCode,
        coursemeet_.day,
        coursemeet_.period,
        coursemeet_.location 
    from
        CourseMeeting coursemeet_ 
    where
        coursemeet_.courseCode=? 
        and coursemeet_.day=? 
        and coursemeet_.period=? 
        and coursemeet_.location=?
14:18:27,254 DEBUG SQL:104 - 
    select
        coursemeet_.courseCode,
        coursemeet_.day,
        coursemeet_.period,
        coursemeet_.location 
    from
        CourseMeeting coursemeet_ 
    where
        coursemeet_.courseCode=? 
        and coursemeet_.day=? 
        and coursemeet_.period=? 
        and coursemeet_.location=?
14:18:27,260 DEBUG SQL:104 - 
    insert 
    into
        Course
        (description, courseCode) 
    values
        (?, ?)
14:18:27,261 DEBUG BaseGeneralDataRegion:59 - Caching[foo.org.hibernate.cache.spi.UpdateTimestampsCache] : [Course] -> [5579091014701056]
14:18:27,261 DEBUG SQL:104 - 
    insert 
    into
        CourseMeeting
        (courseCode, day, period, location) 
    values
        (?, ?, ?, ?)
14:18:27,261 DEBUG BaseGeneralDataRegion:59 - Caching[foo.org.hibernate.cache.spi.UpdateTimestampsCache] : [CourseMeeting] -> [5579091014701057]
14:18:27,261 DEBUG SQL:104 - 
    insert 
    into
        CourseMeeting
        (courseCode, day, period, location) 
    values
        (?, ?, ?, ?)
14:18:27,271 DEBUG BaseGeneralDataRegion:59 - Caching[foo.org.hibernate.cache.spi.UpdateTimestampsCache] : [CourseMeeting] -> [5579091014742016]
14:18:27,272 DEBUG SQL:104 - 
    insert 
    into
        Student
        (name_first, name_middle, name_last, preferredCourseCode, studentId) 
    values
        (?, ?, ?, ?, ?)
14:18:27,272 DEBUG BaseGeneralDataRegion:59 - Caching[foo.org.hibernate.cache.spi.UpdateTimestampsCache] : [Student] -> [5579091014746112]
14:18:27,272 DEBUG SQL:104 - 
    insert 
    into
        Address
        (addressType, street, city, stateProvince, postalCode, country, studentNumber, id) 
    values
        (?, ?, ?, ?, ?, ?, ?, ?)
14:18:27,272 DEBUG BaseGeneralDataRegion:59 - Caching[foo.org.hibernate.cache.spi.UpdateTimestampsCache] : [Address] -> [5579091014746113]
14:18:27,272 DEBUG SQL:104 - 
    insert 
    into
        Address
        (addressType, street, city, stateProvince, postalCode, country, studentNumber, id) 
    values
        (?, ?, ?, ?, ?, ?, ?, ?)
14:18:27,272 DEBUG BaseGeneralDataRegion:59 - Caching[foo.org.hibernate.cache.spi.UpdateTimestampsCache] : [Address] -> [5579091014746114]
14:18:27,273 DEBUG SQL:104 - 
    insert 
    into
        Student
        (name_first, name_middle, name_last, preferredCourseCode, studentId) 
    values
        (?, ?, ?, ?, ?)
14:18:27,283 DEBUG BaseGeneralDataRegion:59 - Caching[foo.org.hibernate.cache.spi.UpdateTimestampsCache] : [Student] -> [5579091014791168]
14:18:27,283 DEBUG SQL:104 - 
    insert 
    into
        Enrolment
        (semester, "year", studentId, courseCode) 
    values
        (?, ?, ?, ?)
14:18:27,284 DEBUG BaseGeneralDataRegion:59 - Caching[foo.org.hibernate.cache.spi.UpdateTimestampsCache] : [Enrolment] -> [5579091014795264]
14:18:27,284 DEBUG SQL:104 - 
    insert 
    into
        Enrolment
        (semester, "year", studentId, courseCode) 
    values
        (?, ?, ?, ?)
14:18:27,284 DEBUG BaseGeneralDataRegion:59 - Caching[foo.org.hibernate.cache.spi.UpdateTimestampsCache] : [Enrolment] -> [5579091014795265]
14:18:27,284 DEBUG BaseGeneralDataRegion:59 - Caching[foo.org.hibernate.cache.spi.UpdateTimestampsCache] : [CourseMeeting] -> [5579091014795266]
14:18:27,284 DEBUG BaseGeneralDataRegion:59 - Caching[foo.org.hibernate.cache.spi.UpdateTimestampsCache] : [Enrolment] -> [5579091014795267]
14:18:27,285 DEBUG SQL:104 - 
    update
        Address 
    set
        studentNumber=?,
        addressType=? 
    where
        id=?
14:18:27,295 DEBUG SQL:104 - 
    update
        Address 
    set
        studentNumber=?,
        addressType=? 
    where
        id=?
14:18:27,295 DEBUG BaseGeneralDataRegion:59 - Caching[foo.org.hibernate.cache.spi.UpdateTimestampsCache] : [Address] -> [5579091014840320]
14:18:27,295 DEBUG SQL:104 - 
    insert 
    into
        Student_secretCodes
        (studentNumber, i, secretCode) 
    values
        (?, ?, ?)
14:18:27,296 DEBUG BaseGeneralDataRegion:59 - Caching[foo.org.hibernate.cache.spi.UpdateTimestampsCache] : [Student_secretCodes] -> [5579091014844416]
14:18:27,296 DEBUG BaseGeneralDataRegion:59 - Caching[foo.org.hibernate.cache.spi.UpdateTimestampsCache] : [Enrolment] -> [5579091014844417]
14:18:27,296 DEBUG BaseGeneralDataRegion:59 - Caching[foo.org.hibernate.cache.spi.UpdateTimestampsCache] : [Address] -> [5579091014844418]
14:18:27,296 DEBUG SQL:104 - 
    insert 
    into
        Student_secretCodes
        (studentNumber, i, secretCode) 
    values
        (?, ?, ?)
14:18:27,296 DEBUG SQL:104 - 
    insert 
    into
        Student_secretCodes
        (studentNumber, i, secretCode) 
    values
        (?, ?, ?)
14:18:27,306 DEBUG BaseGeneralDataRegion:59 - Caching[foo.org.hibernate.cache.spi.UpdateTimestampsCache] : [Student_secretCodes] -> [5579091014885376]
14:18:27,307 DEBUG BaseGeneralDataRegion:59 - Caching[foo.org.hibernate.cache.spi.UpdateTimestampsCache] : [Student] -> [5579090769129472]
14:18:27,307 DEBUG BaseGeneralDataRegion:59 - Caching[foo.org.hibernate.cache.spi.UpdateTimestampsCache] : [Course] -> [5579090769129472]
14:18:27,307 DEBUG BaseGeneralDataRegion:59 - Caching[foo.org.hibernate.cache.spi.UpdateTimestampsCache] : [Enrolment] -> [5579090769129472]
14:18:27,307 DEBUG BaseGeneralDataRegion:59 - Caching[foo.org.hibernate.cache.spi.UpdateTimestampsCache] : [Student_secretCodes] -> [5579090769129472]
14:18:27,307 DEBUG BaseGeneralDataRegion:59 - Caching[foo.org.hibernate.cache.spi.UpdateTimestampsCache] : [Address] -> [5579090769129472]
14:18:27,307 DEBUG BaseGeneralDataRegion:59 - Caching[foo.org.hibernate.cache.spi.UpdateTimestampsCache] : [CourseMeeting] -> [5579090769129472]
14:18:27,307 DEBUG QueryTranslatorImpl:265 - parse() - HQL: select pc, s from org.hibernate.test.querycache.Student s left join fetch s.enrolments left join s.preferredCourse pc order by s.studentNumber
14:18:27,309 DEBUG QueryTranslatorImpl:283 - --- HQL AST ---
 \-[QUERY] Node: 'query'
    +-[SELECT_FROM] Node: 'SELECT_FROM'
    |  +-[FROM] Node: 'from'
    |  |  +-[RANGE] Node: 'RANGE'
    |  |  |  +-[DOT] Node: '.'
    |  |  |  |  +-[DOT] Node: '.'
    |  |  |  |  |  +-[DOT] Node: '.'
    |  |  |  |  |  |  +-[DOT] Node: '.'
    |  |  |  |  |  |  |  +-[IDENT] Node: 'org'
    |  |  |  |  |  |  |  \-[IDENT] Node: 'hibernate'
    |  |  |  |  |  |  \-[IDENT] Node: 'test'
    |  |  |  |  |  \-[IDENT] Node: 'querycache'
    |  |  |  |  \-[IDENT] Node: 'Student'
    |  |  |  \-[ALIAS] Node: 's'
    |  |  +-[JOIN] Node: 'join'
    |  |  |  +-[LEFT] Node: 'left'
    |  |  |  +-[FETCH] Node: 'fetch'
    |  |  |  \-[DOT] Node: '.'
    |  |  |     +-[IDENT] Node: 's'
    |  |  |     \-[IDENT] Node: 'enrolments'
    |  |  \-[JOIN] Node: 'join'
    |  |     +-[LEFT] Node: 'left'
    |  |     +-[DOT] Node: '.'
    |  |     |  +-[IDENT] Node: 's'
    |  |     |  \-[IDENT] Node: 'preferredCourse'
    |  |     \-[ALIAS] Node: 'pc'
    |  \-[SELECT] Node: 'select'
    |     +-[IDENT] Node: 'pc'
    |     \-[IDENT] Node: 's'
    \-[ORDER] Node: 'order'
       \-[DOT] Node: '.'
          +-[IDENT] Node: 's'
          \-[IDENT] Node: 'studentNumber'

14:18:27,318 DEBUG ErrorCounter:82 - throwQueryException() : no errors
14:18:27,318 DEBUG FromElement:157 - FromClause{level=1} : org.hibernate.test.querycache.Student (s) -> student0_
14:18:27,319 DEBUG FromReferenceNode:74 - Resolved : s -> student0_.studentId
14:18:27,319 DEBUG DotNode:599 - getDataType() : enrolments -> org.hibernate.type.SetType(org.hibernate.test.querycache.Student.enrolments)
14:18:27,319 DEBUG FromElementFactory:376 - createEntityAssociation() : One to many - path = s.enrolments role = org.hibernate.test.querycache.Student.enrolments associatedEntityName = org.hibernate.test.querycache.Enrolment
14:18:27,319 DEBUG FromElement:157 - FromClause{level=1} : org.hibernate.test.querycache.Enrolment (<no alias>) -> enrolments1_
14:18:27,319 DEBUG FromClause:282 - addJoinByPathMap() : s.enrolments -> FromElement{explicit,not a collection join,not a fetch join,fetch non-lazy properties,classAlias=null,role=null,tableName=Enrolment,tableAlias=enrolments1_,origin=Student student0_,columns={student0_.studentId ,className=org.hibernate.test.querycache.Enrolment}}
14:18:27,319 DEBUG DotNode:308 - dereferenceCollection() : Created new FROM element for s.enrolments : Enrolment enrolments1_
14:18:27,319 DEBUG FromReferenceNode:74 - Resolved : s.enrolments -> .
14:18:27,320 DEBUG HqlSqlWalker:403 - createFromJoinElement() : -- join tree --
 \-[JOIN_FRAGMENT] FromElement: 'Enrolment enrolments1_' FromElement{explicit,not a collection join,fetch join,fetch non-lazy properties,classAlias=null,role=org.hibernate.test.querycache.Student.enrolments,tableName=Enrolment,tableAlias=enrolments1_,origin=Student student0_,columns={student0_.studentId ,className=org.hibernate.test.querycache.Enrolment}}

14:18:27,320 DEBUG FromReferenceNode:74 - Resolved : s -> student0_.studentId
14:18:27,320 DEBUG DotNode:599 - getDataType() : preferredCourse -> org.hibernate.type.ManyToOneType(org.hibernate.test.querycache.Course)
14:18:27,320 DEBUG DotNode:389 - dereferenceEntityJoin() : generating join for preferredCourse in org.hibernate.test.querycache.Student (pc) parent = [ {null} ]
14:18:27,320 DEBUG FromElement:157 - FromClause{level=1} : org.hibernate.test.querycache.Course (pc) -> course2_
14:18:27,320 DEBUG FromClause:282 - addJoinByPathMap() : s.preferredCourse -> FromElement{explicit,not a collection join,not a fetch join,fetch non-lazy properties,classAlias=pc,role=null,tableName=Course,tableAlias=course2_,origin=Student student0_,columns={student0_.preferredCourseCode ,className=org.hibernate.test.querycache.Course}}
14:18:27,320 DEBUG FromReferenceNode:74 - Resolved : s.preferredCourse -> student0_.preferredCourseCode
14:18:27,321 DEBUG HqlSqlWalker:403 - createFromJoinElement() : -- join tree --
 \-[JOIN_FRAGMENT] FromElement: 'Course course2_' FromElement{explicit,not a collection join,not a fetch join,fetch non-lazy properties,classAlias=pc,role=null,tableName=Course,tableAlias=course2_,origin=Student student0_,columns={student0_.preferredCourseCode ,className=org.hibernate.test.querycache.Course}}

14:18:27,321 DEBUG FromReferenceNode:74 - Resolved : pc -> course2_.courseCode
14:18:27,321 DEBUG FromReferenceNode:74 - Resolved : s -> student0_.studentId
14:18:27,321 DEBUG FromReferenceNode:74 - Resolved : s -> student0_.studentId
14:18:27,321 DEBUG DotNode:599 - getDataType() : studentNumber -> org.hibernate.type.LongType@4bf3f9d
14:18:27,321 DEBUG FromReferenceNode:74 - Resolved : s.studentNumber -> student0_.studentId
14:18:27,321 DEBUG HqlSqlWalker:629 - processQuery() :  ( SELECT ( {select clause} course2_.courseCode student0_.studentId ) ( FromClause{level=1} ( Student student0_ Enrolment enrolments1_ Course course2_ ) ) ( order ( student0_.studentId student0_.studentId studentNumber ) ) )
14:18:27,322 DEBUG JoinProcessor:175 - Using FROM fragment [Student student0_]
14:18:27,322 DEBUG JoinProcessor:175 - Using FROM fragment [left outer join Enrolment enrolments1_ on student0_.studentId=enrolments1_.studentId]
14:18:27,322 DEBUG JoinProcessor:175 - Using FROM fragment [left outer join Course course2_ on student0_.preferredCourseCode=course2_.courseCode]
14:18:27,322 DEBUG QueryTranslatorImpl:252 - --- SQL AST ---
 \-[SELECT] QueryNode: 'SELECT'  querySpaces (Student,Course,Enrolment)
    +-[SELECT_CLAUSE] SelectClause: '{select clause}'
    |  +-[ALIAS_REF] IdentNode: 'course2_.courseCode as courseCode1_0_' {alias=pc, className=org.hibernate.test.querycache.Course, tableAlias=course2_}
    |  +-[ALIAS_REF] IdentNode: 'student0_.studentId as studentId4_1_' {alias=s, className=org.hibernate.test.querycache.Student, tableAlias=student0_}
    |  +-[SELECT_EXPR] SelectExpressionImpl: 'enrolments1_.studentId as studentId3_2_, enrolments1_.courseCode as courseCode3_2_' {FromElement{explicit,not a collection join,fetch join,fetch non-lazy properties,classAlias=null,role=org.hibernate.test.querycache.Student.enrolments,tableName=Enrolment,tableAlias=enrolments1_,origin=Student student0_,columns={student0_.studentId ,className=org.hibernate.test.querycache.Enrolment}}}
    |  +-[SQL_TOKEN] SqlFragment: 'course2_.description as descript2_1_0_'
    |  +-[SQL_TOKEN] SqlFragment: 'student0_.name_first as name2_4_1_, student0_.name_middle as name3_4_1_, student0_.name_last as name4_4_1_, student0_.preferredCourseCode as preferre5_4_1_'
    |  +-[SQL_TOKEN] SqlFragment: 'enrolments1_.semester as semester3_2_, enrolments1_."year" as year4_3_2_'
    |  \-[SQL_TOKEN] SqlFragment: 'enrolments1_.studentId as studentId4_0__, enrolments1_.studentId as studentId3_0__, enrolments1_.courseCode as courseCode3_0__'
    +-[FROM] FromClause: 'from' FromClause{level=1, fromElementCounter=3, fromElements=3, fromElementByClassAlias=[s, pc], fromElementByTableAlias=[student0_, course2_, enrolments1_], fromElementsByPath=[s.enrolments, s.preferredCourse], collectionJoinFromElementsByPath=[], impliedElements=[]}
    |  \-[FROM_FRAGMENT] FromElement: 'Student student0_' FromElement{explicit,not a collection join,not a fetch join,fetch non-lazy properties,classAlias=s,role=null,tableName=Student,tableAlias=student0_,origin=null,columns={,className=org.hibernate.test.querycache.Student}}
    |     +-[JOIN_FRAGMENT] FromElement: 'left outer join Enrolment enrolments1_ on student0_.studentId=enrolments1_.studentId' FromElement{explicit,not a collection join,fetch join,fetch non-lazy properties,classAlias=null,role=org.hibernate.test.querycache.Student.enrolments,tableName=Enrolment,tableAlias=enrolments1_,origin=Student student0_,columns={student0_.studentId ,className=org.hibernate.test.querycache.Enrolment}}
    |     \-[JOIN_FRAGMENT] FromElement: 'left outer join Course course2_ on student0_.preferredCourseCode=course2_.courseCode' FromElement{explicit,not a collection join,not a fetch join,fetch non-lazy properties,classAlias=pc,role=null,tableName=Course,tableAlias=course2_,origin=Student student0_,columns={student0_.preferredCourseCode ,className=org.hibernate.test.querycache.Course}}
    \-[ORDER] OrderByClause: 'order'
       \-[DOT] DotNode: 'student0_.studentId' {propertyName=studentNumber,dereferenceType=ALL,propertyPath=studentNumber,path=s.studentNumber,tableAlias=student0_,className=org.hibernate.test.querycache.Student,classAlias=s}
          +-[ALIAS_REF] IdentNode: 'student0_.studentId' {alias=s, className=org.hibernate.test.querycache.Student, tableAlias=student0_}
          \-[IDENT] IdentNode: 'studentNumber' {originalText=studentNumber}

14:18:27,331 DEBUG ErrorCounter:82 - throwQueryException() : no errors
14:18:27,331 DEBUG QueryTranslatorImpl:235 - HQL: select pc, s from org.hibernate.test.querycache.Student s left join fetch s.enrolments left join s.preferredCourse pc order by s.studentNumber
14:18:27,331 DEBUG QueryTranslatorImpl:236 - SQL: select course2_.courseCode as courseCode1_0_, student0_.studentId as studentId4_1_, enrolments1_.studentId as studentId3_2_, enrolments1_.courseCode as courseCode3_2_, course2_.description as descript2_1_0_, student0_.name_first as name2_4_1_, student0_.name_middle as name3_4_1_, student0_.name_last as name4_4_1_, student0_.preferredCourseCode as preferre5_4_1_, enrolments1_.semester as semester3_2_, enrolments1_."year" as year4_3_2_, enrolments1_.studentId as studentId4_0__, enrolments1_.studentId as studentId3_0__, enrolments1_.courseCode as courseCode3_0__ from Student student0_ left outer join Enrolment enrolments1_ on student0_.studentId=enrolments1_.studentId left outer join Course course2_ on student0_.preferredCourseCode=course2_.courseCode order by student0_.studentId
14:18:27,331 DEBUG ErrorCounter:82 - throwQueryException() : no errors
14:18:27,332 DEBUG SQL:104 - 
    select
        course2_.courseCode as courseCode1_0_,
        student0_.studentId as studentId4_1_,
        enrolments1_.studentId as studentId3_2_,
        enrolments1_.courseCode as courseCode3_2_,
        course2_.description as descript2_1_0_,
        student0_.name_first as name2_4_1_,
        student0_.name_middle as name3_4_1_,
        student0_.name_last as name4_4_1_,
        student0_.preferredCourseCode as preferre5_4_1_,
        enrolments1_.semester as semester3_2_,
        enrolments1_."year" as year4_3_2_,
        enrolments1_.studentId as studentId4_0__,
        enrolments1_.studentId as studentId3_0__,
        enrolments1_.courseCode as courseCode3_0__ 
    from
        Student student0_ 
    left outer join
        Enrolment enrolments1_ 
            on student0_.studentId=enrolments1_.studentId 
    left outer join
        Course course2_ 
            on student0_.preferredCourseCode=course2_.courseCode 
    order by
        student0_.studentId
14:18:27,343 DEBUG SQL:104 - 
    select
        secretcode0_.studentNumber as studentN1_4_0_,
        secretcode0_.secretCode as secretCode5_0_,
        secretcode0_.i as i0_ 
    from
        Student_secretCodes secretcode0_ 
    where
        secretcode0_.studentNumber=?
14:18:27,343 DEBUG SQL:104 - 
    select
        secretcode0_.studentNumber as studentN1_4_0_,
        secretcode0_.secretCode as secretCode5_0_,
        secretcode0_.i as i0_ 
    from
        Student_secretCodes secretcode0_ 
    where
        secretcode0_.studentNumber=?
14:18:27,343 DEBUG SQL:104 - 
    select
        coursemeet0_.courseCode as courseCode1_1_,
        coursemeet0_.courseCode as courseCode2_1_,
        coursemeet0_.day as day2_1_,
        coursemeet0_.period as period2_1_,
        coursemeet0_.location as location2_1_,
        coursemeet0_.courseCode as courseCode2_0_,
        coursemeet0_.day as day2_0_,
        coursemeet0_.period as period2_0_,
        coursemeet0_.location as location2_0_ 
    from
        CourseMeeting coursemeet0_ 
    where
        coursemeet0_.courseCode=?
14:18:27,344 DEBUG SQL:104 - 
    select
        course2_.courseCode as courseCode1_0_,
        student0_.studentId as studentId4_1_,
        enrolments1_.studentId as studentId3_2_,
        enrolments1_.courseCode as courseCode3_2_,
        course2_.description as descript2_1_0_,
        student0_.name_first as name2_4_1_,
        student0_.name_middle as name3_4_1_,
        student0_.name_last as name4_4_1_,
        student0_.preferredCourseCode as preferre5_4_1_,
        enrolments1_.semester as semester3_2_,
        enrolments1_."year" as year4_3_2_,
        enrolments1_.studentId as studentId4_0__,
        enrolments1_.studentId as studentId3_0__,
        enrolments1_.courseCode as courseCode3_0__ 
    from
        Student student0_ 
    left outer join
        Enrolment enrolments1_ 
            on student0_.studentId=enrolments1_.studentId 
    left outer join
        Course course2_ 
            on student0_.preferredCourseCode=course2_.courseCode 
    order by
        student0_.studentId
14:18:27,367 DEBUG SQL:104 - 
    select
        secretcode0_.studentNumber as studentN1_4_0_,
        secretcode0_.secretCode as secretCode5_0_,
        secretcode0_.i as i0_ 
    from
        Student_secretCodes secretcode0_ 
    where
        secretcode0_.studentNumber=?
14:18:27,368 DEBUG SQL:104 - 
    select
        secretcode0_.studentNumber as studentN1_4_0_,
        secretcode0_.secretCode as secretCode5_0_,
        secretcode0_.i as i0_ 
    from
        Student_secretCodes secretcode0_ 
    where
        secretcode0_.studentNumber=?
14:18:27,378 DEBUG SQL:104 - 
    select
        coursemeet0_.courseCode as courseCode1_1_,
        coursemeet0_.courseCode as courseCode2_1_,
        coursemeet0_.day as day2_1_,
        coursemeet0_.period as period2_1_,
        coursemeet0_.location as location2_1_,
        coursemeet0_.courseCode as courseCode2_0_,
        coursemeet0_.day as day2_0_,
        coursemeet0_.period as period2_0_,
        coursemeet0_.location as location2_0_ 
    from
        CourseMeeting coursemeet0_ 
    where
        coursemeet0_.courseCode=?
14:18:27,380 DEBUG SQL:104 - 
    select
        student_.studentId,
        student_.name_first as name2_4_,
        student_.name_middle as name3_4_,
        student_.name_last as name4_4_,
        student_.preferredCourseCode as preferre5_4_ 
    from
        Student student_ 
    where
        student_.studentId=?
14:18:27,387 DEBUG SQL:104 - 
    select
        enrolment_.studentId,
        enrolment_.courseCode,
        enrolment_.semester as semester3_,
        enrolment_."year" as year4_3_ 
    from
        Enrolment enrolment_ 
    where
        enrolment_.studentId=? 
        and enrolment_.courseCode=?
14:18:27,388 DEBUG SQL:104 - 
    select
        course_.courseCode,
        course_.description as descript2_1_ 
    from
        Course course_ 
    where
        course_.courseCode=?
14:18:27,388 DEBUG SQL:104 - 
    select
        student_.studentId,
        student_.name_first as name2_4_,
        student_.name_middle as name3_4_,
        student_.name_last as name4_4_,
        student_.preferredCourseCode as preferre5_4_ 
    from
        Student student_ 
    where
        student_.studentId=?
14:18:27,397 DEBUG SQL:104 - 
    select
        enrolment_.studentId,
        enrolment_.courseCode,
        enrolment_.semester as semester3_,
        enrolment_."year" as year4_3_ 
    from
        Enrolment enrolment_ 
    where
        enrolment_.studentId=? 
        and enrolment_.courseCode=?
14:18:27,397 DEBUG SQL:104 - 
    select
        coursemeet_.courseCode,
        coursemeet_.day,
        coursemeet_.period,
        coursemeet_.location 
    from
        CourseMeeting coursemeet_ 
    where
        coursemeet_.courseCode=? 
        and coursemeet_.day=? 
        and coursemeet_.period=? 
        and coursemeet_.location=?
14:18:27,398 DEBUG SQL:104 - 
    select
        coursemeet_.courseCode,
        coursemeet_.day,
        coursemeet_.period,
        coursemeet_.location 
    from
        CourseMeeting coursemeet_ 
    where
        coursemeet_.courseCode=? 
        and coursemeet_.day=? 
        and coursemeet_.period=? 
        and coursemeet_.location=?
14:18:27,407 DEBUG BaseGeneralDataRegion:59 - Caching[foo.org.hibernate.cache.spi.UpdateTimestampsCache] : [Enrolment] -> [5579091015299072]
14:18:27,408 DEBUG SQL:104 - 
    update
        Address 
    set
        studentNumber=null,
        addressType=null 
    where
        studentNumber=?
14:18:27,408 DEBUG BaseGeneralDataRegion:59 - Caching[foo.org.hibernate.cache.spi.UpdateTimestampsCache] : [Address] -> [5579091015303168]
14:18:27,408 DEBUG SQL:104 - 
    delete 
    from
        Student_secretCodes 
    where
        studentNumber=?
14:18:27,408 DEBUG BaseGeneralDataRegion:59 - Caching[foo.org.hibernate.cache.spi.UpdateTimestampsCache] : [Student_secretCodes] -> [5579091015303169]
14:18:27,408 DEBUG BaseGeneralDataRegion:59 - Caching[foo.org.hibernate.cache.spi.UpdateTimestampsCache] : [Enrolment] -> [5579091015303170]
14:18:27,408 DEBUG BaseGeneralDataRegion:59 - Caching[foo.org.hibernate.cache.spi.UpdateTimestampsCache] : [Address] -> [5579091015303171]
14:18:27,409 DEBUG SQL:104 - 
    delete 
    from
        Student_secretCodes 
    where
        studentNumber=?
14:18:27,416 DEBUG BaseGeneralDataRegion:59 - Caching[foo.org.hibernate.cache.spi.UpdateTimestampsCache] : [Student_secretCodes] -> [5579091015335936]
14:18:27,417 DEBUG BaseGeneralDataRegion:59 - Caching[foo.org.hibernate.cache.spi.UpdateTimestampsCache] : [CourseMeeting] -> [5579091015340032]
14:18:27,417 DEBUG SQL:104 - 
    delete 
    from
        Enrolment 
    where
        studentId=? 
        and courseCode=?
14:18:27,417 DEBUG BaseGeneralDataRegion:59 - Caching[foo.org.hibernate.cache.spi.UpdateTimestampsCache] : [Enrolment] -> [5579091015340033]
14:18:27,417 DEBUG SQL:104 - 
    delete 
    from
        Address 
    where
        id=?
14:18:27,418 DEBUG BaseGeneralDataRegion:59 - Caching[foo.org.hibernate.cache.spi.UpdateTimestampsCache] : [Address] -> [5579091015344128]
14:18:27,418 DEBUG SQL:104 - 
    delete 
    from
        Address 
    where
        id=?
14:18:27,427 DEBUG BaseGeneralDataRegion:59 - Caching[foo.org.hibernate.cache.spi.UpdateTimestampsCache] : [Address] -> [5579091015380992]
14:18:27,427 DEBUG SQL:104 - 
    delete 
    from
        Student 
    where
        studentId=?
14:18:27,428 DEBUG BaseGeneralDataRegion:59 - Caching[foo.org.hibernate.cache.spi.UpdateTimestampsCache] : [Student] -> [5579091015385088]
14:18:27,428 DEBUG SQL:104 - 
    delete 
    from
        Enrolment 
    where
        studentId=? 
        and courseCode=?
14:18:27,428 DEBUG BaseGeneralDataRegion:59 - Caching[foo.org.hibernate.cache.spi.UpdateTimestampsCache] : [Enrolment] -> [5579091015385089]
14:18:27,428 DEBUG SQL:104 - 
    delete 
    from
        Student 
    where
        studentId=?
14:18:27,428 DEBUG BaseGeneralDataRegion:59 - Caching[foo.org.hibernate.cache.spi.UpdateTimestampsCache] : [Student] -> [5579091015385090]
14:18:27,428 DEBUG SQL:104 - 
    delete 
    from
        CourseMeeting 
    where
        courseCode=? 
        and day=? 
        and period=? 
        and location=?
14:18:27,438 DEBUG BaseGeneralDataRegion:59 - Caching[foo.org.hibernate.cache.spi.UpdateTimestampsCache] : [CourseMeeting] -> [5579091015426048]
14:18:27,438 DEBUG SQL:104 - 
    delete 
    from
        CourseMeeting 
    where
        courseCode=? 
        and day=? 
        and period=? 
        and location=?
14:18:27,438 DEBUG BaseGeneralDataRegion:59 - Caching[foo.org.hibernate.cache.spi.UpdateTimestampsCache] : [CourseMeeting] -> [5579091015426049]
14:18:27,439 DEBUG SQL:104 - 
    delete 
    from
        Course 
    where
        courseCode=?
14:18:27,439 DEBUG BaseGeneralDataRegion:59 - Caching[foo.org.hibernate.cache.spi.UpdateTimestampsCache] : [Course] -> [5579091015430144]
14:18:27,439 DEBUG BaseGeneralDataRegion:59 - Caching[foo.org.hibernate.cache.spi.UpdateTimestampsCache] : [Student] -> [5579090769670145]
14:18:27,439 DEBUG BaseGeneralDataRegion:59 - Caching[foo.org.hibernate.cache.spi.UpdateTimestampsCache] : [Course] -> [5579090769670145]
14:18:27,439 DEBUG BaseGeneralDataRegion:59 - Caching[foo.org.hibernate.cache.spi.UpdateTimestampsCache] : [Enrolment] -> [5579090769670145]
14:18:27,439 DEBUG BaseGeneralDataRegion:59 - Caching[foo.org.hibernate.cache.spi.UpdateTimestampsCache] : [Student_secretCodes] -> [5579090769670145]
14:18:27,439 DEBUG BaseGeneralDataRegion:59 - Caching[foo.org.hibernate.cache.spi.UpdateTimestampsCache] : [Address] -> [5579090769670145]
14:18:27,440 DEBUG BaseGeneralDataRegion:59 - Caching[foo.org.hibernate.cache.spi.UpdateTimestampsCache] : [CourseMeeting] -> [5579090769670145]
14:18:27,440  INFO CustomRunner:139 - Test: testJoinWithFetchJoinWithOwnerAndAliasedJoinedProjectedListHql
14:18:27,441 DEBUG SQL:104 - 
    select
        coursemeet_.courseCode,
        coursemeet_.day,
        coursemeet_.period,
        coursemeet_.location 
    from
        CourseMeeting coursemeet_ 
    where
        coursemeet_.courseCode=? 
        and coursemeet_.day=? 
        and coursemeet_.period=? 
        and coursemeet_.location=?
14:18:27,441 DEBUG SQL:104 - 
    select
        coursemeet_.courseCode,
        coursemeet_.day,
        coursemeet_.period,
        coursemeet_.location 
    from
        CourseMeeting coursemeet_ 
    where
        coursemeet_.courseCode=? 
        and coursemeet_.day=? 
        and coursemeet_.period=? 
        and coursemeet_.location=?
14:18:27,442 DEBUG SQL:104 - 
    insert 
    into
        Course
        (description, courseCode) 
    values
        (?, ?)
14:18:27,452 DEBUG BaseGeneralDataRegion:59 - Caching[foo.org.hibernate.cache.spi.UpdateTimestampsCache] : [Course] -> [5579091015483392]
14:18:27,452 DEBUG SQL:104 - 
    insert 
    into
        CourseMeeting
        (courseCode, day, period, location) 
    values
        (?, ?, ?, ?)
14:18:27,452 DEBUG BaseGeneralDataRegion:59 - Caching[foo.org.hibernate.cache.spi.UpdateTimestampsCache] : [CourseMeeting] -> [5579091015483393]
14:18:27,453 DEBUG SQL:104 - 
    insert 
    into
        CourseMeeting
        (courseCode, day, period, location) 
    values
        (?, ?, ?, ?)
14:18:27,453 DEBUG BaseGeneralDataRegion:59 - Caching[foo.org.hibernate.cache.spi.UpdateTimestampsCache] : [CourseMeeting] -> [5579091015487488]
14:18:27,453 DEBUG SQL:104 - 
    insert 
    into
        Student
        (name_first, name_middle, name_last, preferredCourseCode, studentId) 
    values
        (?, ?, ?, ?, ?)
14:18:27,463 DEBUG BaseGeneralDataRegion:59 - Caching[foo.org.hibernate.cache.spi.UpdateTimestampsCache] : [Student] -> [5579091015528448]
14:18:27,463 DEBUG SQL:104 - 
    insert 
    into
        Address
        (addressType, street, city, stateProvince, postalCode, country, studentNumber, id) 
    values
        (?, ?, ?, ?, ?, ?, ?, ?)
14:18:27,464 DEBUG BaseGeneralDataRegion:59 - Caching[foo.org.hibernate.cache.spi.UpdateTimestampsCache] : [Address] -> [5579091015532544]
14:18:27,464 DEBUG SQL:104 - 
    insert 
    into
        Address
        (addressType, street, city, stateProvince, postalCode, country, studentNumber, id) 
    values
        (?, ?, ?, ?, ?, ?, ?, ?)
14:18:27,465 DEBUG BaseGeneralDataRegion:59 - Caching[foo.org.hibernate.cache.spi.UpdateTimestampsCache] : [Address] -> [5579091015536640]
14:18:27,465 DEBUG SQL:104 - 
    insert 
    into
        Student
        (name_first, name_middle, name_last, preferredCourseCode, studentId) 
    values
        (?, ?, ?, ?, ?)
14:18:27,466 DEBUG BaseGeneralDataRegion:59 - Caching[foo.org.hibernate.cache.spi.UpdateTimestampsCache] : [Student] -> [5579091015540736]
14:18:27,466 DEBUG SQL:104 - 
    insert 
    into
        Enrolment
        (semester, "year", studentId, courseCode) 
    values
        (?, ?, ?, ?)
14:18:27,467 DEBUG BaseGeneralDataRegion:59 - Caching[foo.org.hibernate.cache.spi.UpdateTimestampsCache] : [Enrolment] -> [5579091015544832]
14:18:27,467 DEBUG SQL:104 - 
    insert 
    into
        Enrolment
        (semester, "year", studentId, courseCode) 
    values
        (?, ?, ?, ?)
14:18:27,467 DEBUG BaseGeneralDataRegion:59 - Caching[foo.org.hibernate.cache.spi.UpdateTimestampsCache] : [Enrolment] -> [5579091015544833]
14:18:27,467 DEBUG BaseGeneralDataRegion:59 - Caching[foo.org.hibernate.cache.spi.UpdateTimestampsCache] : [CourseMeeting] -> [5579091015544834]
14:18:27,467 DEBUG BaseGeneralDataRegion:59 - Caching[foo.org.hibernate.cache.spi.UpdateTimestampsCache] : [Enrolment] -> [5579091015544835]
14:18:27,467 DEBUG SQL:104 - 
    update
        Address 
    set
        studentNumber=?,
        addressType=? 
    where
        id=?
14:18:27,488 DEBUG SQL:104 - 
    update
        Address 
    set
        studentNumber=?,
        addressType=? 
    where
        id=?
14:18:27,488 DEBUG BaseGeneralDataRegion:59 - Caching[foo.org.hibernate.cache.spi.UpdateTimestampsCache] : [Address] -> [5579091015630848]
14:18:27,488 DEBUG SQL:104 - 
    insert 
    into
        Student_secretCodes
        (studentNumber, i, secretCode) 
    values
        (?, ?, ?)
14:18:27,489 DEBUG BaseGeneralDataRegion:59 - Caching[foo.org.hibernate.cache.spi.UpdateTimestampsCache] : [Student_secretCodes] -> [5579091015634944]
14:18:27,489 DEBUG BaseGeneralDataRegion:59 - Caching[foo.org.hibernate.cache.spi.UpdateTimestampsCache] : [Enrolment] -> [5579091015634945]
14:18:27,489 DEBUG BaseGeneralDataRegion:59 - Caching[foo.org.hibernate.cache.spi.UpdateTimestampsCache] : [Address] -> [5579091015634946]
14:18:27,489 DEBUG SQL:104 - 
    insert 
    into
        Student_secretCodes
        (studentNumber, i, secretCode) 
    values
        (?, ?, ?)
14:18:27,499 DEBUG SQL:104 - 
    insert 
    into
        Student_secretCodes
        (studentNumber, i, secretCode) 
    values
        (?, ?, ?)
14:18:27,499 DEBUG BaseGeneralDataRegion:59 - Caching[foo.org.hibernate.cache.spi.UpdateTimestampsCache] : [Student_secretCodes] -> [5579091015675904]
14:18:27,499 DEBUG BaseGeneralDataRegion:59 - Caching[foo.org.hibernate.cache.spi.UpdateTimestampsCache] : [Student] -> [5579090769915905]
14:18:27,500 DEBUG BaseGeneralDataRegion:59 - Caching[foo.org.hibernate.cache.spi.UpdateTimestampsCache] : [Course] -> [5579090769915905]
14:18:27,500 DEBUG BaseGeneralDataRegion:59 - Caching[foo.org.hibernate.cache.spi.UpdateTimestampsCache] : [Enrolment] -> [5579090769915905]
14:18:27,500 DEBUG BaseGeneralDataRegion:59 - Caching[foo.org.hibernate.cache.spi.UpdateTimestampsCache] : [Student_secretCodes] -> [5579090769915905]
14:18:27,500 DEBUG BaseGeneralDataRegion:59 - Caching[foo.org.hibernate.cache.spi.UpdateTimestampsCache] : [Address] -> [5579090769915905]
14:18:27,500 DEBUG BaseGeneralDataRegion:59 - Caching[foo.org.hibernate.cache.spi.UpdateTimestampsCache] : [CourseMeeting] -> [5579090769915905]
14:18:27,500 DEBUG QueryTranslatorImpl:265 - parse() - HQL: select s, pc from org.hibernate.test.querycache.Student s left join fetch s.enrolments left join s.preferredCourse pc order by s.studentNumber
14:18:27,502 DEBUG QueryTranslatorImpl:283 - --- HQL AST ---
 \-[QUERY] Node: 'query'
    +-[SELECT_FROM] Node: 'SELECT_FROM'
    |  +-[FROM] Node: 'from'
    |  |  +-[RANGE] Node: 'RANGE'
    |  |  |  +-[DOT] Node: '.'
    |  |  |  |  +-[DOT] Node: '.'
    |  |  |  |  |  +-[DOT] Node: '.'
    |  |  |  |  |  |  +-[DOT] Node: '.'
    |  |  |  |  |  |  |  +-[IDENT] Node: 'org'
    |  |  |  |  |  |  |  \-[IDENT] Node: 'hibernate'
    |  |  |  |  |  |  \-[IDENT] Node: 'test'
    |  |  |  |  |  \-[IDENT] Node: 'querycache'
    |  |  |  |  \-[IDENT] Node: 'Student'
    |  |  |  \-[ALIAS] Node: 's'
    |  |  +-[JOIN] Node: 'join'
    |  |  |  +-[LEFT] Node: 'left'
    |  |  |  +-[FETCH] Node: 'fetch'
    |  |  |  \-[DOT] Node: '.'
    |  |  |     +-[IDENT] Node: 's'
    |  |  |     \-[IDENT] Node: 'enrolments'
    |  |  \-[JOIN] Node: 'join'
    |  |     +-[LEFT] Node: 'left'
    |  |     +-[DOT] Node: '.'
    |  |     |  +-[IDENT] Node: 's'
    |  |     |  \-[IDENT] Node: 'preferredCourse'
    |  |     \-[ALIAS] Node: 'pc'
    |  \-[SELECT] Node: 'select'
    |     +-[IDENT] Node: 's'
    |     \-[IDENT] Node: 'pc'
    \-[ORDER] Node: 'order'
       \-[DOT] Node: '.'
          +-[IDENT] Node: 's'
          \-[IDENT] Node: 'studentNumber'

14:18:27,509 DEBUG ErrorCounter:82 - throwQueryException() : no errors
14:18:27,509 DEBUG FromElement:157 - FromClause{level=1} : org.hibernate.test.querycache.Student (s) -> student0_
14:18:27,509 DEBUG FromReferenceNode:74 - Resolved : s -> student0_.studentId
14:18:27,510 DEBUG DotNode:599 - getDataType() : enrolments -> org.hibernate.type.SetType(org.hibernate.test.querycache.Student.enrolments)
14:18:27,510 DEBUG FromElementFactory:376 - createEntityAssociation() : One to many - path = s.enrolments role = org.hibernate.test.querycache.Student.enrolments associatedEntityName = org.hibernate.test.querycache.Enrolment
14:18:27,510 DEBUG FromElement:157 - FromClause{level=1} : org.hibernate.test.querycache.Enrolment (<no alias>) -> enrolments1_
14:18:27,510 DEBUG FromClause:282 - addJoinByPathMap() : s.enrolments -> FromElement{explicit,not a collection join,not a fetch join,fetch non-lazy properties,classAlias=null,role=null,tableName=Enrolment,tableAlias=enrolments1_,origin=Student student0_,columns={student0_.studentId ,className=org.hibernate.test.querycache.Enrolment}}
14:18:27,510 DEBUG DotNode:308 - dereferenceCollection() : Created new FROM element for s.enrolments : Enrolment enrolments1_
14:18:27,518 DEBUG FromReferenceNode:74 - Resolved : s.enrolments -> .
14:18:27,519 DEBUG HqlSqlWalker:403 - createFromJoinElement() : -- join tree --
 \-[JOIN_FRAGMENT] FromElement: 'Enrolment enrolments1_' FromElement{explicit,not a collection join,fetch join,fetch non-lazy properties,classAlias=null,role=org.hibernate.test.querycache.Student.enrolments,tableName=Enrolment,tableAlias=enrolments1_,origin=Student student0_,columns={student0_.studentId ,className=org.hibernate.test.querycache.Enrolment}}

14:18:27,519 DEBUG FromReferenceNode:74 - Resolved : s -> student0_.studentId
14:18:27,519 DEBUG DotNode:599 - getDataType() : preferredCourse -> org.hibernate.type.ManyToOneType(org.hibernate.test.querycache.Course)
14:18:27,519 DEBUG DotNode:389 - dereferenceEntityJoin() : generating join for preferredCourse in org.hibernate.test.querycache.Student (pc) parent = [ {null} ]
14:18:27,519 DEBUG FromElement:157 - FromClause{level=1} : org.hibernate.test.querycache.Course (pc) -> course2_
14:18:27,520 DEBUG FromClause:282 - addJoinByPathMap() : s.preferredCourse -> FromElement{explicit,not a collection join,not a fetch join,fetch non-lazy properties,classAlias=pc,role=null,tableName=Course,tableAlias=course2_,origin=Student student0_,columns={student0_.preferredCourseCode ,className=org.hibernate.test.querycache.Course}}
14:18:27,520 DEBUG FromReferenceNode:74 - Resolved : s.preferredCourse -> student0_.preferredCourseCode
14:18:27,520 DEBUG HqlSqlWalker:403 - createFromJoinElement() : -- join tree --
 \-[JOIN_FRAGMENT] FromElement: 'Course course2_' FromElement{explicit,not a collection join,not a fetch join,fetch non-lazy properties,classAlias=pc,role=null,tableName=Course,tableAlias=course2_,origin=Student student0_,columns={student0_.preferredCourseCode ,className=org.hibernate.test.querycache.Course}}

14:18:27,520 DEBUG FromReferenceNode:74 - Resolved : s -> student0_.studentId
14:18:27,520 DEBUG FromReferenceNode:74 - Resolved : pc -> course2_.courseCode
14:18:27,520 DEBUG FromReferenceNode:74 - Resolved : s -> student0_.studentId
14:18:27,520 DEBUG DotNode:599 - getDataType() : studentNumber -> org.hibernate.type.LongType@4bf3f9d
14:18:27,520 DEBUG FromReferenceNode:74 - Resolved : s.studentNumber -> student0_.studentId
14:18:27,521 DEBUG HqlSqlWalker:629 - processQuery() :  ( SELECT ( {select clause} student0_.studentId course2_.courseCode ) ( FromClause{level=1} ( Student student0_ Enrolment enrolments1_ Course course2_ ) ) ( order ( student0_.studentId student0_.studentId studentNumber ) ) )
14:18:27,521 DEBUG JoinProcessor:175 - Using FROM fragment [Student student0_]
14:18:27,521 DEBUG JoinProcessor:175 - Using FROM fragment [left outer join Enrolment enrolments1_ on student0_.studentId=enrolments1_.studentId]
14:18:27,521 DEBUG JoinProcessor:175 - Using FROM fragment [left outer join Course course2_ on student0_.preferredCourseCode=course2_.courseCode]
14:18:27,521 DEBUG QueryTranslatorImpl:252 - --- SQL AST ---
 \-[SELECT] QueryNode: 'SELECT'  querySpaces (Student,Course,Enrolment)
    +-[SELECT_CLAUSE] SelectClause: '{select clause}'
    |  +-[ALIAS_REF] IdentNode: 'student0_.studentId as studentId4_0_' {alias=s, className=org.hibernate.test.querycache.Student, tableAlias=student0_}
    |  +-[ALIAS_REF] IdentNode: 'course2_.courseCode as courseCode1_1_' {alias=pc, className=org.hibernate.test.querycache.Course, tableAlias=course2_}
    |  +-[SELECT_EXPR] SelectExpressionImpl: 'enrolments1_.studentId as studentId3_2_, enrolments1_.courseCode as courseCode3_2_' {FromElement{explicit,not a collection join,fetch join,fetch non-lazy properties,classAlias=null,role=org.hibernate.test.querycache.Student.enrolments,tableName=Enrolment,tableAlias=enrolments1_,origin=Student student0_,columns={student0_.studentId ,className=org.hibernate.test.querycache.Enrolment}}}
    |  +-[SQL_TOKEN] SqlFragment: 'student0_.name_first as name2_4_0_, student0_.name_middle as name3_4_0_, student0_.name_last as name4_4_0_, student0_.preferredCourseCode as preferre5_4_0_'
    |  +-[SQL_TOKEN] SqlFragment: 'course2_.description as descript2_1_1_'
    |  +-[SQL_TOKEN] SqlFragment: 'enrolments1_.semester as semester3_2_, enrolments1_."year" as year4_3_2_'
    |  \-[SQL_TOKEN] SqlFragment: 'enrolments1_.studentId as studentId4_0__, enrolments1_.studentId as studentId3_0__, enrolments1_.courseCode as courseCode3_0__'
    +-[FROM] FromClause: 'from' FromClause{level=1, fromElementCounter=3, fromElements=3, fromElementByClassAlias=[s, pc], fromElementByTableAlias=[student0_, course2_, enrolments1_], fromElementsByPath=[s.enrolments, s.preferredCourse], collectionJoinFromElementsByPath=[], impliedElements=[]}
    |  \-[FROM_FRAGMENT] FromElement: 'Student student0_' FromElement{explicit,not a collection join,not a fetch join,fetch non-lazy properties,classAlias=s,role=null,tableName=Student,tableAlias=student0_,origin=null,columns={,className=org.hibernate.test.querycache.Student}}
    |     +-[JOIN_FRAGMENT] FromElement: 'left outer join Enrolment enrolments1_ on student0_.studentId=enrolments1_.studentId' FromElement{explicit,not a collection join,fetch join,fetch non-lazy properties,classAlias=null,role=org.hibernate.test.querycache.Student.enrolments,tableName=Enrolment,tableAlias=enrolments1_,origin=Student student0_,columns={student0_.studentId ,className=org.hibernate.test.querycache.Enrolment}}
    |     \-[JOIN_FRAGMENT] FromElement: 'left outer join Course course2_ on student0_.preferredCourseCode=course2_.courseCode' FromElement{explicit,not a collection join,not a fetch join,fetch non-lazy properties,classAlias=pc,role=null,tableName=Course,tableAlias=course2_,origin=Student student0_,columns={student0_.preferredCourseCode ,className=org.hibernate.test.querycache.Course}}
    \-[ORDER] OrderByClause: 'order'
       \-[DOT] DotNode: 'student0_.studentId' {propertyName=studentNumber,dereferenceType=ALL,propertyPath=studentNumber,path=s.studentNumber,tableAlias=student0_,className=org.hibernate.test.querycache.Student,classAlias=s}
          +-[ALIAS_REF] IdentNode: 'student0_.studentId' {alias=s, className=org.hibernate.test.querycache.Student, tableAlias=student0_}
          \-[IDENT] IdentNode: 'studentNumber' {originalText=studentNumber}

14:18:27,529 DEBUG ErrorCounter:82 - throwQueryException() : no errors
14:18:27,529 DEBUG QueryTranslatorImpl:235 - HQL: select s, pc from org.hibernate.test.querycache.Student s left join fetch s.enrolments left join s.preferredCourse pc order by s.studentNumber
14:18:27,529 DEBUG QueryTranslatorImpl:236 - SQL: select student0_.studentId as studentId4_0_, course2_.courseCode as courseCode1_1_, enrolments1_.studentId as studentId3_2_, enrolments1_.courseCode as courseCode3_2_, student0_.name_first as name2_4_0_, student0_.name_middle as name3_4_0_, student0_.name_last as name4_4_0_, student0_.preferredCourseCode as preferre5_4_0_, course2_.description as descript2_1_1_, enrolments1_.semester as semester3_2_, enrolments1_."year" as year4_3_2_, enrolments1_.studentId as studentId4_0__, enrolments1_.studentId as studentId3_0__, enrolments1_.courseCode as courseCode3_0__ from Student student0_ left outer join Enrolment enrolments1_ on student0_.studentId=enrolments1_.studentId left outer join Course course2_ on student0_.preferredCourseCode=course2_.courseCode order by student0_.studentId
14:18:27,529 DEBUG ErrorCounter:82 - throwQueryException() : no errors
14:18:27,530 DEBUG SQL:104 - 
    select
        student0_.studentId as studentId4_0_,
        course2_.courseCode as courseCode1_1_,
        enrolments1_.studentId as studentId3_2_,
        enrolments1_.courseCode as courseCode3_2_,
        student0_.name_first as name2_4_0_,
        student0_.name_middle as name3_4_0_,
        student0_.name_last as name4_4_0_,
        student0_.preferredCourseCode as preferre5_4_0_,
        course2_.description as descript2_1_1_,
        enrolments1_.semester as semester3_2_,
        enrolments1_."year" as year4_3_2_,
        enrolments1_.studentId as studentId4_0__,
        enrolments1_.studentId as studentId3_0__,
        enrolments1_.courseCode as courseCode3_0__ 
    from
        Student student0_ 
    left outer join
        Enrolment enrolments1_ 
            on student0_.studentId=enrolments1_.studentId 
    left outer join
        Course course2_ 
            on student0_.preferredCourseCode=course2_.courseCode 
    order by
        student0_.studentId
14:18:27,539 DEBUG SQL:104 - 
    select
        secretcode0_.studentNumber as studentN1_4_0_,
        secretcode0_.secretCode as secretCode5_0_,
        secretcode0_.i as i0_ 
    from
        Student_secretCodes secretcode0_ 
    where
        secretcode0_.studentNumber=?
14:18:27,540 DEBUG SQL:104 - 
    select
        coursemeet0_.courseCode as courseCode1_1_,
        coursemeet0_.courseCode as courseCode2_1_,
        coursemeet0_.day as day2_1_,
        coursemeet0_.period as period2_1_,
        coursemeet0_.location as location2_1_,
        coursemeet0_.courseCode as courseCode2_0_,
        coursemeet0_.day as day2_0_,
        coursemeet0_.period as period2_0_,
        coursemeet0_.location as location2_0_ 
    from
        CourseMeeting coursemeet0_ 
    where
        coursemeet0_.courseCode=?
14:18:27,550 DEBUG SQL:104 - 
    select
        secretcode0_.studentNumber as studentN1_4_0_,
        secretcode0_.secretCode as secretCode5_0_,
        secretcode0_.i as i0_ 
    from
        Student_secretCodes secretcode0_ 
    where
        secretcode0_.studentNumber=?
14:18:27,551 DEBUG SQL:104 - 
    select
        student0_.studentId as studentId4_0_,
        course2_.courseCode as courseCode1_1_,
        enrolments1_.studentId as studentId3_2_,
        enrolments1_.courseCode as courseCode3_2_,
        student0_.name_first as name2_4_0_,
        student0_.name_middle as name3_4_0_,
        student0_.name_last as name4_4_0_,
        student0_.preferredCourseCode as preferre5_4_0_,
        course2_.description as descript2_1_1_,
        enrolments1_.semester as semester3_2_,
        enrolments1_."year" as year4_3_2_,
        enrolments1_.studentId as studentId4_0__,
        enrolments1_.studentId as studentId3_0__,
        enrolments1_.courseCode as courseCode3_0__ 
    from
        Student student0_ 
    left outer join
        Enrolment enrolments1_ 
            on student0_.studentId=enrolments1_.studentId 
    left outer join
        Course course2_ 
            on student0_.preferredCourseCode=course2_.courseCode 
    order by
        student0_.studentId
14:18:27,562 DEBUG SQL:104 - 
    select
        secretcode0_.studentNumber as studentN1_4_0_,
        secretcode0_.secretCode as secretCode5_0_,
        secretcode0_.i as i0_ 
    from
        Student_secretCodes secretcode0_ 
    where
        secretcode0_.studentNumber=?
14:18:27,563 DEBUG SQL:104 - 
    select
        coursemeet0_.courseCode as courseCode1_1_,
        coursemeet0_.courseCode as courseCode2_1_,
        coursemeet0_.day as day2_1_,
        coursemeet0_.period as period2_1_,
        coursemeet0_.location as location2_1_,
        coursemeet0_.courseCode as courseCode2_0_,
        coursemeet0_.day as day2_0_,
        coursemeet0_.period as period2_0_,
        coursemeet0_.location as location2_0_ 
    from
        CourseMeeting coursemeet0_ 
    where
        coursemeet0_.courseCode=?
14:18:27,563 DEBUG SQL:104 - 
    select
        secretcode0_.studentNumber as studentN1_4_0_,
        secretcode0_.secretCode as secretCode5_0_,
        secretcode0_.i as i0_ 
    from
        Student_secretCodes secretcode0_ 
    where
        secretcode0_.studentNumber=?
14:18:27,564 DEBUG SQL:104 - 
    select
        student_.studentId,
        student_.name_first as name2_4_,
        student_.name_middle as name3_4_,
        student_.name_last as name4_4_,
        student_.preferredCourseCode as preferre5_4_ 
    from
        Student student_ 
    where
        student_.studentId=?
14:18:27,564 DEBUG SQL:104 - 
    select
        enrolment_.studentId,
        enrolment_.courseCode,
        enrolment_.semester as semester3_,
        enrolment_."year" as year4_3_ 
    from
        Enrolment enrolment_ 
    where
        enrolment_.studentId=? 
        and enrolment_.courseCode=?
14:18:27,574 DEBUG SQL:104 - 
    select
        course_.courseCode,
        course_.description as descript2_1_ 
    from
        Course course_ 
    where
        course_.courseCode=?
14:18:27,574 DEBUG SQL:104 - 
    select
        student_.studentId,
        student_.name_first as name2_4_,
        student_.name_middle as name3_4_,
        student_.name_last as name4_4_,
        student_.preferredCourseCode as preferre5_4_ 
    from
        Student student_ 
    where
        student_.studentId=?
14:18:27,575 DEBUG SQL:104 - 
    select
        enrolment_.studentId,
        enrolment_.courseCode,
        enrolment_.semester as semester3_,
        enrolment_."year" as year4_3_ 
    from
        Enrolment enrolment_ 
    where
        enrolment_.studentId=? 
        and enrolment_.courseCode=?
14:18:27,584 DEBUG SQL:104 - 
    select
        coursemeet_.courseCode,
        coursemeet_.day,
        coursemeet_.period,
        coursemeet_.location 
    from
        CourseMeeting coursemeet_ 
    where
        coursemeet_.courseCode=? 
        and coursemeet_.day=? 
        and coursemeet_.period=? 
        and coursemeet_.location=?
14:18:27,585 DEBUG SQL:104 - 
    select
        coursemeet_.courseCode,
        coursemeet_.day,
        coursemeet_.period,
        coursemeet_.location 
    from
        CourseMeeting coursemeet_ 
    where
        coursemeet_.courseCode=? 
        and coursemeet_.day=? 
        and coursemeet_.period=? 
        and coursemeet_.location=?
14:18:27,585 DEBUG BaseGeneralDataRegion:59 - Caching[foo.org.hibernate.cache.spi.UpdateTimestampsCache] : [Enrolment] -> [5579091016028160]
14:18:27,585 DEBUG SQL:104 - 
    update
        Address 
    set
        studentNumber=null,
        addressType=null 
    where
        studentNumber=?
14:18:27,586 DEBUG BaseGeneralDataRegion:59 - Caching[foo.org.hibernate.cache.spi.UpdateTimestampsCache] : [Address] -> [5579091016032256]
14:18:27,586 DEBUG SQL:104 - 
    delete 
    from
        Student_secretCodes 
    where
        studentNumber=?
14:18:27,607 DEBUG BaseGeneralDataRegion:59 - Caching[foo.org.hibernate.cache.spi.UpdateTimestampsCache] : [Student_secretCodes] -> [5579091016118272]
14:18:27,607 DEBUG BaseGeneralDataRegion:59 - Caching[foo.org.hibernate.cache.spi.UpdateTimestampsCache] : [Enrolment] -> [5579091016118273]
14:18:27,607 DEBUG BaseGeneralDataRegion:59 - Caching[foo.org.hibernate.cache.spi.UpdateTimestampsCache] : [Address] -> [5579091016118274]
14:18:27,608 DEBUG SQL:104 - 
    delete 
    from
        Student_secretCodes 
    where
        studentNumber=?
14:18:27,608 DEBUG BaseGeneralDataRegion:59 - Caching[foo.org.hibernate.cache.spi.UpdateTimestampsCache] : [Student_secretCodes] -> [5579091016122368]
14:18:27,608 DEBUG BaseGeneralDataRegion:59 - Caching[foo.org.hibernate.cache.spi.UpdateTimestampsCache] : [CourseMeeting] -> [5579091016122369]
14:18:27,608 DEBUG SQL:104 - 
    delete 
    from
        Enrolment 
    where
        studentId=? 
        and courseCode=?
14:18:27,608 DEBUG BaseGeneralDataRegion:59 - Caching[foo.org.hibernate.cache.spi.UpdateTimestampsCache] : [Enrolment] -> [5579091016122370]
14:18:27,608 DEBUG SQL:104 - 
    delete 
    from
        Address 
    where
        id=?
14:18:27,619 DEBUG BaseGeneralDataRegion:59 - Caching[foo.org.hibernate.cache.spi.UpdateTimestampsCache] : [Address] -> [5579091016167424]
14:18:27,619 DEBUG SQL:104 - 
    delete 
    from
        Address 
    where
        id=?
14:18:27,620 DEBUG BaseGeneralDataRegion:59 - Caching[foo.org.hibernate.cache.spi.UpdateTimestampsCache] : [Address] -> [5579091016171520]
14:18:27,620 DEBUG SQL:104 - 
    delete 
    from
        Student 
    where
        studentId=?
14:18:27,620 DEBUG BaseGeneralDataRegion:59 - Caching[foo.org.hibernate.cache.spi.UpdateTimestampsCache] : [Student] -> [5579091016171521]
14:18:27,620 DEBUG SQL:104 - 
    delete 
    from
        Enrolment 
    where
        studentId=? 
        and courseCode=?
14:18:27,620 DEBUG BaseGeneralDataRegion:59 - Caching[foo.org.hibernate.cache.spi.UpdateTimestampsCache] : [Enrolment] -> [5579091016171522]
14:18:27,620 DEBUG SQL:104 - 
    delete 
    from
        Student 
    where
        studentId=?
14:18:27,621 DEBUG BaseGeneralDataRegion:59 - Caching[foo.org.hibernate.cache.spi.UpdateTimestampsCache] : [Student] -> [5579091016175616]
14:18:27,621 DEBUG SQL:104 - 
    delete 
    from
        CourseMeeting 
    where
        courseCode=? 
        and day=? 
        and period=? 
        and location=?
14:18:27,621 DEBUG BaseGeneralDataRegion:59 - Caching[foo.org.hibernate.cache.spi.UpdateTimestampsCache] : [CourseMeeting] -> [5579091016175617]
14:18:27,621 DEBUG SQL:104 - 
    delete 
    from
        CourseMeeting 
    where
        courseCode=? 
        and day=? 
        and period=? 
        and location=?
14:18:27,621 DEBUG BaseGeneralDataRegion:59 - Caching[foo.org.hibernate.cache.spi.UpdateTimestampsCache] : [CourseMeeting] -> [5579091016175618]
14:18:27,621 DEBUG SQL:104 - 
    delete 
    from
        Course 
    where
        courseCode=?
14:18:27,621 DEBUG BaseGeneralDataRegion:59 - Caching[foo.org.hibernate.cache.spi.UpdateTimestampsCache] : [Course] -> [5579091016175619]
14:18:27,622 DEBUG BaseGeneralDataRegion:59 - Caching[foo.org.hibernate.cache.spi.UpdateTimestampsCache] : [Student] -> [5579090770419712]
14:18:27,622 DEBUG BaseGeneralDataRegion:59 - Caching[foo.org.hibernate.cache.spi.UpdateTimestampsCache] : [Course] -> [5579090770419712]
14:18:27,622 DEBUG BaseGeneralDataRegion:59 - Caching[foo.org.hibernate.cache.spi.UpdateTimestampsCache] : [Enrolment] -> [5579090770419712]
14:18:27,622 DEBUG BaseGeneralDataRegion:59 - Caching[foo.org.hibernate.cache.spi.UpdateTimestampsCache] : [Student_secretCodes] -> [5579090770419712]
14:18:27,622 DEBUG BaseGeneralDataRegion:59 - Caching[foo.org.hibernate.cache.spi.UpdateTimestampsCache] : [Address] -> [5579090770419712]
14:18:27,622 DEBUG BaseGeneralDataRegion:59 - Caching[foo.org.hibernate.cache.spi.UpdateTimestampsCache] : [CourseMeeting] -> [5579090770419712]
14:18:27,622  INFO CustomRunner:139 - Test: testJoinWithFetchJoinWithOwnerAndPropProjectedList
14:18:27,623 DEBUG SQL:104 - 
    select
        coursemeet_.courseCode,
        coursemeet_.day,
        coursemeet_.period,
        coursemeet_.location 
    from
        CourseMeeting coursemeet_ 
    where
        coursemeet_.courseCode=? 
        and coursemeet_.day=? 
        and coursemeet_.period=? 
        and coursemeet_.location=?
14:18:27,643 DEBUG SQL:104 - 
    select
        coursemeet_.courseCode,
        coursemeet_.day,
        coursemeet_.period,
        coursemeet_.location 
    from
        CourseMeeting coursemeet_ 
    where
        coursemeet_.courseCode=? 
        and coursemeet_.day=? 
        and coursemeet_.period=? 
        and coursemeet_.location=?
14:18:27,644 DEBUG SQL:104 - 
    insert 
    into
        Course
        (description, courseCode) 
    values
        (?, ?)
14:18:27,644 DEBUG BaseGeneralDataRegion:59 - Caching[foo.org.hibernate.cache.spi.UpdateTimestampsCache] : [Course] -> [5579091016269824]
14:18:27,651 DEBUG SQL:104 - 
    insert 
    into
        CourseMeeting
        (courseCode, day, period, location) 
    values
        (?, ?, ?, ?)
14:18:27,652 DEBUG BaseGeneralDataRegion:59 - Caching[foo.org.hibernate.cache.spi.UpdateTimestampsCache] : [CourseMeeting] -> [5579091016302592]
14:18:27,652 DEBUG SQL:104 - 
    insert 
    into
        CourseMeeting
        (courseCode, day, period, location) 
    values
        (?, ?, ?, ?)
14:18:27,652 DEBUG BaseGeneralDataRegion:59 - Caching[foo.org.hibernate.cache.spi.UpdateTimestampsCache] : [CourseMeeting] -> [5579091016302593]
14:18:27,652 DEBUG SQL:104 - 
    insert 
    into
        Student
        (name_first, name_middle, name_last, preferredCourseCode, studentId) 
    values
        (?, ?, ?, ?, ?)
14:18:27,652 DEBUG BaseGeneralDataRegion:59 - Caching[foo.org.hibernate.cache.spi.UpdateTimestampsCache] : [Student] -> [5579091016302594]
14:18:27,653 DEBUG SQL:104 - 
    insert 
    into
        Address
        (addressType, street, city, stateProvince, postalCode, country, studentNumber, id) 
    values
        (?, ?, ?, ?, ?, ?, ?, ?)
14:18:27,662 DEBUG BaseGeneralDataRegion:59 - Caching[foo.org.hibernate.cache.spi.UpdateTimestampsCache] : [Address] -> [5579091016343552]
14:18:27,662 DEBUG SQL:104 - 
    insert 
    into
        Address
        (addressType, street, city, stateProvince, postalCode, country, studentNumber, id) 
    values
        (?, ?, ?, ?, ?, ?, ?, ?)
14:18:27,662 DEBUG BaseGeneralDataRegion:59 - Caching[foo.org.hibernate.cache.spi.UpdateTimestampsCache] : [Address] -> [5579091016343553]
14:18:27,662 DEBUG SQL:104 - 
    insert 
    into
        Student
        (name_first, name_middle, name_last, preferredCourseCode, studentId) 
    values
        (?, ?, ?, ?, ?)
14:18:27,663 DEBUG BaseGeneralDataRegion:59 - Caching[foo.org.hibernate.cache.spi.UpdateTimestampsCache] : [Student] -> [5579091016347648]
14:18:27,663 DEBUG SQL:104 - 
    insert 
    into
        Enrolment
        (semester, "year", studentId, courseCode) 
    values
        (?, ?, ?, ?)
14:18:27,663 DEBUG BaseGeneralDataRegion:59 - Caching[foo.org.hibernate.cache.spi.UpdateTimestampsCache] : [Enrolment] -> [5579091016347649]
14:18:27,663 DEBUG SQL:104 - 
    insert 
    into
        Enrolment
        (semester, "year", studentId, courseCode) 
    values
        (?, ?, ?, ?)
14:18:27,672 DEBUG BaseGeneralDataRegion:59 - Caching[foo.org.hibernate.cache.spi.UpdateTimestampsCache] : [Enrolment] -> [5579091016384512]
14:18:27,673 DEBUG BaseGeneralDataRegion:59 - Caching[foo.org.hibernate.cache.spi.UpdateTimestampsCache] : [CourseMeeting] -> [5579091016388608]
14:18:27,673 DEBUG BaseGeneralDataRegion:59 - Caching[foo.org.hibernate.cache.spi.UpdateTimestampsCache] : [Enrolment] -> [5579091016388609]
14:18:27,673 DEBUG SQL:104 - 
    update
        Address 
    set
        studentNumber=?,
        addressType=? 
    where
        id=?
14:18:27,673 DEBUG SQL:104 - 
    update
        Address 
    set
        studentNumber=?,
        addressType=? 
    where
        id=?
14:18:27,673 DEBUG BaseGeneralDataRegion:59 - Caching[foo.org.hibernate.cache.spi.UpdateTimestampsCache] : [Address] -> [5579091016388610]
14:18:27,673 DEBUG SQL:104 - 
    insert 
    into
        Student_secretCodes
        (studentNumber, i, secretCode) 
    values
        (?, ?, ?)
14:18:27,674 DEBUG BaseGeneralDataRegion:59 - Caching[foo.org.hibernate.cache.spi.UpdateTimestampsCache] : [Student_secretCodes] -> [5579091016392704]
14:18:27,682 DEBUG BaseGeneralDataRegion:59 - Caching[foo.org.hibernate.cache.spi.UpdateTimestampsCache] : [Enrolment] -> [5579091016425472]
14:18:27,683 DEBUG BaseGeneralDataRegion:59 - Caching[foo.org.hibernate.cache.spi.UpdateTimestampsCache] : [Address] -> [5579091016429568]
14:18:27,683 DEBUG SQL:104 - 
    insert 
    into
        Student_secretCodes
        (studentNumber, i, secretCode) 
    values
        (?, ?, ?)
14:18:27,683 DEBUG SQL:104 - 
    insert 
    into
        Student_secretCodes
        (studentNumber, i, secretCode) 
    values
        (?, ?, ?)
14:18:27,683 DEBUG BaseGeneralDataRegion:59 - Caching[foo.org.hibernate.cache.spi.UpdateTimestampsCache] : [Student_secretCodes] -> [5579091016429569]
14:18:27,683 DEBUG BaseGeneralDataRegion:59 - Caching[foo.org.hibernate.cache.spi.UpdateTimestampsCache] : [Student] -> [5579090770669570]
14:18:27,683 DEBUG BaseGeneralDataRegion:59 - Caching[foo.org.hibernate.cache.spi.UpdateTimestampsCache] : [Course] -> [5579090770669570]
14:18:27,683 DEBUG BaseGeneralDataRegion:59 - Caching[foo.org.hibernate.cache.spi.UpdateTimestampsCache] : [Enrolment] -> [5579090770669570]
14:18:27,684 DEBUG BaseGeneralDataRegion:59 - Caching[foo.org.hibernate.cache.spi.UpdateTimestampsCache] : [Student_secretCodes] -> [5579090770669570]
14:18:27,684 DEBUG BaseGeneralDataRegion:59 - Caching[foo.org.hibernate.cache.spi.UpdateTimestampsCache] : [Address] -> [5579090770669570]
14:18:27,684 DEBUG BaseGeneralDataRegion:59 - Caching[foo.org.hibernate.cache.spi.UpdateTimestampsCache] : [CourseMeeting] -> [5579090770669570]
14:18:27,684 DEBUG QueryTranslatorImpl:265 - parse() - HQL: select s, s.name from org.hibernate.test.querycache.Student s left join fetch s.enrolments left join s.preferredCourse order by s.studentNumber
14:18:27,686 DEBUG QueryTranslatorImpl:283 - --- HQL AST ---
 \-[QUERY] Node: 'query'
    +-[SELECT_FROM] Node: 'SELECT_FROM'
    |  +-[FROM] Node: 'from'
    |  |  +-[RANGE] Node: 'RANGE'
    |  |  |  +-[DOT] Node: '.'
    |  |  |  |  +-[DOT] Node: '.'
    |  |  |  |  |  +-[DOT] Node: '.'
    |  |  |  |  |  |  +-[DOT] Node: '.'
    |  |  |  |  |  |  |  +-[IDENT] Node: 'org'
    |  |  |  |  |  |  |  \-[IDENT] Node: 'hibernate'
    |  |  |  |  |  |  \-[IDENT] Node: 'test'
    |  |  |  |  |  \-[IDENT] Node: 'querycache'
    |  |  |  |  \-[IDENT] Node: 'Student'
    |  |  |  \-[ALIAS] Node: 's'
    |  |  +-[JOIN] Node: 'join'
    |  |  |  +-[LEFT] Node: 'left'
    |  |  |  +-[FETCH] Node: 'fetch'
    |  |  |  \-[DOT] Node: '.'
    |  |  |     +-[IDENT] Node: 's'
    |  |  |     \-[IDENT] Node: 'enrolments'
    |  |  \-[JOIN] Node: 'join'
    |  |     +-[LEFT] Node: 'left'
    |  |     \-[DOT] Node: '.'
    |  |        +-[IDENT] Node: 's'
    |  |        \-[IDENT] Node: 'preferredCourse'
    |  \-[SELECT] Node: 'select'
    |     +-[IDENT] Node: 's'
    |     \-[DOT] Node: '.'
    |        +-[IDENT] Node: 's'
    |        \-[IDENT] Node: 'name'
    \-[ORDER] Node: 'order'
       \-[DOT] Node: '.'
          +-[IDENT] Node: 's'
          \-[IDENT] Node: 'studentNumber'

14:18:27,693 DEBUG ErrorCounter:82 - throwQueryException() : no errors
14:18:27,693 DEBUG FromElement:157 - FromClause{level=1} : org.hibernate.test.querycache.Student (s) -> student0_
14:18:27,693 DEBUG FromReferenceNode:74 - Resolved : s -> student0_.studentId
14:18:27,693 DEBUG DotNode:599 - getDataType() : enrolments -> org.hibernate.type.SetType(org.hibernate.test.querycache.Student.enrolments)
14:18:27,694 DEBUG FromElementFactory:376 - createEntityAssociation() : One to many - path = s.enrolments role = org.hibernate.test.querycache.Student.enrolments associatedEntityName = org.hibernate.test.querycache.Enrolment
14:18:27,694 DEBUG FromElement:157 - FromClause{level=1} : org.hibernate.test.querycache.Enrolment (<no alias>) -> enrolments1_
14:18:27,694 DEBUG FromClause:282 - addJoinByPathMap() : s.enrolments -> FromElement{explicit,not a collection join,not a fetch join,fetch non-lazy properties,classAlias=null,role=null,tableName=Enrolment,tableAlias=enrolments1_,origin=Student student0_,columns={student0_.studentId ,className=org.hibernate.test.querycache.Enrolment}}
14:18:27,694 DEBUG DotNode:308 - dereferenceCollection() : Created new FROM element for s.enrolments : Enrolment enrolments1_
14:18:27,694 DEBUG FromReferenceNode:74 - Resolved : s.enrolments -> .
14:18:27,695 DEBUG HqlSqlWalker:403 - createFromJoinElement() : -- join tree --
 \-[JOIN_FRAGMENT] FromElement: 'Enrolment enrolments1_' FromElement{explicit,not a collection join,fetch join,fetch non-lazy properties,classAlias=null,role=org.hibernate.test.querycache.Student.enrolments,tableName=Enrolment,tableAlias=enrolments1_,origin=Student student0_,columns={student0_.studentId ,className=org.hibernate.test.querycache.Enrolment}}

14:18:27,695 DEBUG FromReferenceNode:74 - Resolved : s -> student0_.studentId
14:18:27,695 DEBUG DotNode:599 - getDataType() : preferredCourse -> org.hibernate.type.ManyToOneType(org.hibernate.test.querycache.Course)
14:18:27,695 DEBUG DotNode:389 - dereferenceEntityJoin() : generating join for preferredCourse in org.hibernate.test.querycache.Student (<no alias>) parent = [ {null} ]
14:18:27,695 DEBUG FromElement:157 - FromClause{level=1} : org.hibernate.test.querycache.Course (<no alias>) -> course2_
14:18:27,695 DEBUG FromClause:282 - addJoinByPathMap() : s.preferredCourse -> FromElement{explicit,not a collection join,not a fetch join,fetch non-lazy properties,classAlias=null,role=null,tableName=Course,tableAlias=course2_,origin=Student student0_,columns={student0_.preferredCourseCode ,className=org.hibernate.test.querycache.Course}}
14:18:27,696 DEBUG FromReferenceNode:74 - Resolved : s.preferredCourse -> student0_.preferredCourseCode
14:18:27,696 DEBUG HqlSqlWalker:403 - createFromJoinElement() : -- join tree --
 \-[JOIN_FRAGMENT] FromElement: 'Course course2_' FromElement{explicit,not a collection join,not a fetch join,fetch non-lazy properties,classAlias=null,role=null,tableName=Course,tableAlias=course2_,origin=Student student0_,columns={student0_.preferredCourseCode ,className=org.hibernate.test.querycache.Course}}

14:18:27,696 DEBUG FromReferenceNode:74 - Resolved : s -> student0_.studentId
14:18:27,696 DEBUG FromReferenceNode:74 - Resolved : s -> student0_.studentId
14:18:27,696 DEBUG DotNode:599 - getDataType() : name -> org.hibernate.type.ComponentType@2b1b8f9d
14:18:27,696 DEBUG DotNode:588 - Terminal propertyPath = [name]
14:18:27,696 DEBUG FromReferenceNode:74 - Resolved : s.name -> student0_.name_first, student0_.name_middle, student0_.name_last
14:18:27,696 DEBUG FromReferenceNode:74 - Resolved : s -> student0_.studentId
14:18:27,697 DEBUG DotNode:599 - getDataType() : studentNumber -> org.hibernate.type.LongType@4bf3f9d
14:18:27,697 DEBUG FromReferenceNode:74 - Resolved : s.studentNumber -> student0_.studentId
14:18:27,697 DEBUG HqlSqlWalker:629 - processQuery() :  ( SELECT ( {select clause} student0_.studentId ( student0_.name_first, student0_.name_middle, student0_.name_last student0_.studentId name ) ) ( FromClause{level=1} ( Student student0_ Enrolment enrolments1_ Course course2_ ) ) ( order ( student0_.studentId student0_.studentId studentNumber ) ) )
14:18:27,706 DEBUG JoinProcessor:175 - Using FROM fragment [Student student0_]
14:18:27,707 DEBUG JoinProcessor:175 - Using FROM fragment [left outer join Enrolment enrolments1_ on student0_.studentId=enrolments1_.studentId]
14:18:27,707 DEBUG JoinProcessor:175 - Using FROM fragment [left outer join Course course2_ on student0_.preferredCourseCode=course2_.courseCode]
14:18:27,707 DEBUG QueryTranslatorImpl:252 - --- SQL AST ---
 \-[SELECT] QueryNode: 'SELECT'  querySpaces (Student,Course,Enrolment)
    +-[SELECT_CLAUSE] SelectClause: '{select clause}'
    |  +-[ALIAS_REF] IdentNode: 'student0_.studentId as col_0_0_' {alias=s, className=org.hibernate.test.querycache.Student, tableAlias=student0_}
    |  +-[DOT] DotNode: 'student0_.name_first' {propertyName=name,dereferenceType=2,propertyPath=name,path=s.name,tableAlias=student0_,className=org.hibernate.test.querycache.Student,classAlias=s}
    |  |  +-[ALIAS_REF] IdentNode: 'student0_.studentId' {alias=s, className=org.hibernate.test.querycache.Student, tableAlias=student0_}
    |  |  \-[IDENT] IdentNode: 'name' {originalText=name}
    |  +-[SELECT_COLUMNS] SqlNode: ' as col_1_0_'
    |  +-[SQL_TOKEN] SqlFragment: 'student0_.name_middle'
    |  +-[SELECT_COLUMNS] SqlNode: ' as col_1_1_'
    |  +-[SQL_TOKEN] SqlFragment: 'student0_.name_last'
    |  +-[SELECT_COLUMNS] SqlNode: ' as col_1_2_'
    |  +-[SELECT_EXPR] SelectExpressionImpl: 'enrolments1_.studentId as studentId3_1_, enrolments1_.courseCode as courseCode3_1_' {FromElement{explicit,not a collection join,fetch join,fetch non-lazy properties,classAlias=null,role=org.hibernate.test.querycache.Student.enrolments,tableName=Enrolment,tableAlias=enrolments1_,origin=Student student0_,columns={student0_.studentId ,className=org.hibernate.test.querycache.Enrolment}}}
    |  +-[SQL_TOKEN] SqlFragment: 'student0_.studentId as studentId4_0_'
    |  +-[SQL_TOKEN] SqlFragment: 'enrolments1_.studentId as studentId3_1_, enrolments1_.courseCode as courseCode3_1_'
    |  +-[SQL_TOKEN] SqlFragment: 'student0_.name_first as name2_4_0_, student0_.name_middle as name3_4_0_, student0_.name_last as name4_4_0_, student0_.preferredCourseCode as preferre5_4_0_'
    |  +-[SQL_TOKEN] SqlFragment: 'enrolments1_.semester as semester3_1_, enrolments1_."year" as year4_3_1_'
    |  \-[SQL_TOKEN] SqlFragment: 'enrolments1_.studentId as studentId4_0__, enrolments1_.studentId as studentId3_0__, enrolments1_.courseCode as courseCode3_0__'
    +-[FROM] FromClause: 'from' FromClause{level=1, fromElementCounter=3, fromElements=3, fromElementByClassAlias=[s], fromElementByTableAlias=[student0_, course2_, enrolments1_], fromElementsByPath=[s.enrolments, s.preferredCourse], collectionJoinFromElementsByPath=[], impliedElements=[]}
    |  \-[FROM_FRAGMENT] FromElement: 'Student student0_' FromElement{explicit,not a collection join,not a fetch join,fetch non-lazy properties,classAlias=s,role=null,tableName=Student,tableAlias=student0_,origin=null,columns={,className=org.hibernate.test.querycache.Student}}
    |     +-[JOIN_FRAGMENT] FromElement: 'left outer join Enrolment enrolments1_ on student0_.studentId=enrolments1_.studentId' FromElement{explicit,not a collection join,fetch join,fetch non-lazy properties,classAlias=null,role=org.hibernate.test.querycache.Student.enrolments,tableName=Enrolment,tableAlias=enrolments1_,origin=Student student0_,columns={student0_.studentId ,className=org.hibernate.test.querycache.Enrolment}}
    |     \-[JOIN_FRAGMENT] FromElement: 'left outer join Course course2_ on student0_.preferredCourseCode=course2_.courseCode' FromElement{explicit,not a collection join,not a fetch join,fetch non-lazy properties,classAlias=null,role=null,tableName=Course,tableAlias=course2_,origin=Student student0_,columns={student0_.preferredCourseCode ,className=org.hibernate.test.querycache.Course}}
    \-[ORDER] OrderByClause: 'order'
       \-[DOT] DotNode: 'student0_.studentId' {propertyName=studentNumber,dereferenceType=ALL,propertyPath=studentNumber,path=s.studentNumber,tableAlias=student0_,className=org.hibernate.test.querycache.Student,classAlias=s}
          +-[ALIAS_REF] IdentNode: 'student0_.studentId' {alias=s, className=org.hibernate.test.querycache.Student, tableAlias=student0_}
          \-[IDENT] IdentNode: 'studentNumber' {originalText=studentNumber}

14:18:27,717 DEBUG ErrorCounter:82 - throwQueryException() : no errors
14:18:27,717 DEBUG QueryTranslatorImpl:235 - HQL: select s, s.name from org.hibernate.test.querycache.Student s left join fetch s.enrolments left join s.preferredCourse order by s.studentNumber
14:18:27,717 DEBUG QueryTranslatorImpl:236 - SQL: select student0_.studentId as col_0_0_, student0_.name_first as col_1_0_, student0_.name_middle as col_1_1_, student0_.name_last as col_1_2_, enrolments1_.studentId as studentId3_1_, enrolments1_.courseCode as courseCode3_1_, student0_.studentId as studentId4_0_, enrolments1_.studentId as studentId3_1_, enrolments1_.courseCode as courseCode3_1_, student0_.name_first as name2_4_0_, student0_.name_middle as name3_4_0_, student0_.name_last as name4_4_0_, student0_.preferredCourseCode as preferre5_4_0_, enrolments1_.semester as semester3_1_, enrolments1_."year" as year4_3_1_, enrolments1_.studentId as studentId4_0__, enrolments1_.studentId as studentId3_0__, enrolments1_.courseCode as courseCode3_0__ from Student student0_ left outer join Enrolment enrolments1_ on student0_.studentId=enrolments1_.studentId left outer join Course course2_ on student0_.preferredCourseCode=course2_.courseCode order by student0_.studentId
14:18:27,717 DEBUG ErrorCounter:82 - throwQueryException() : no errors
14:18:27,717 DEBUG SQL:104 - 
    select
        student0_.studentId as col_0_0_,
        student0_.name_first as col_1_0_,
        student0_.name_middle as col_1_1_,
        student0_.name_last as col_1_2_,
        enrolments1_.studentId as studentId3_1_,
        enrolments1_.courseCode as courseCode3_1_,
        student0_.studentId as studentId4_0_,
        enrolments1_.studentId as studentId3_1_,
        enrolments1_.courseCode as courseCode3_1_,
        student0_.name_first as name2_4_0_,
        student0_.name_middle as name3_4_0_,
        student0_.name_last as name4_4_0_,
        student0_.preferredCourseCode as preferre5_4_0_,
        enrolments1_.semester as semester3_1_,
        enrolments1_."year" as year4_3_1_,
        enrolments1_.studentId as studentId4_0__,
        enrolments1_.studentId as studentId3_0__,
        enrolments1_.courseCode as courseCode3_0__ 
    from
        Student student0_ 
    left outer join
        Enrolment enrolments1_ 
            on student0_.studentId=enrolments1_.studentId 
    left outer join
        Course course2_ 
            on student0_.preferredCourseCode=course2_.courseCode 
    order by
        student0_.studentId
14:18:27,718 DEBUG SQL:104 - 
    select
        course0_.courseCode as courseCode1_0_,
        course0_.description as descript2_1_0_ 
    from
        Course course0_ 
    where
        course0_.courseCode=?
14:18:27,719 DEBUG SQL:104 - 
    select
        secretcode0_.studentNumber as studentN1_4_0_,
        secretcode0_.secretCode as secretCode5_0_,
        secretcode0_.i as i0_ 
    from
        Student_secretCodes secretcode0_ 
    where
        secretcode0_.studentNumber=?
14:18:27,739 DEBUG SQL:104 - 
    select
        coursemeet0_.courseCode as courseCode1_1_,
        coursemeet0_.courseCode as courseCode2_1_,
        coursemeet0_.day as day2_1_,
        coursemeet0_.period as period2_1_,
        coursemeet0_.location as location2_1_,
        coursemeet0_.courseCode as courseCode2_0_,
        coursemeet0_.day as day2_0_,
        coursemeet0_.period as period2_0_,
        coursemeet0_.location as location2_0_ 
    from
        CourseMeeting coursemeet0_ 
    where
        coursemeet0_.courseCode=?
14:18:27,740 DEBUG SQL:104 - 
    select
        secretcode0_.studentNumber as studentN1_4_0_,
        secretcode0_.secretCode as secretCode5_0_,
        secretcode0_.i as i0_ 
    from
        Student_secretCodes secretcode0_ 
    where
        secretcode0_.studentNumber=?
14:18:27,751 DEBUG SQL:104 - 
    select
        student0_.studentId as col_0_0_,
        student0_.name_first as col_1_0_,
        student0_.name_middle as col_1_1_,
        student0_.name_last as col_1_2_,
        enrolments1_.studentId as studentId3_1_,
        enrolments1_.courseCode as courseCode3_1_,
        student0_.studentId as studentId4_0_,
        enrolments1_.studentId as studentId3_1_,
        enrolments1_.courseCode as courseCode3_1_,
        student0_.name_first as name2_4_0_,
        student0_.name_middle as name3_4_0_,
        student0_.name_last as name4_4_0_,
        student0_.preferredCourseCode as preferre5_4_0_,
        enrolments1_.semester as semester3_1_,
        enrolments1_."year" as year4_3_1_,
        enrolments1_.studentId as studentId4_0__,
        enrolments1_.studentId as studentId3_0__,
        enrolments1_.courseCode as courseCode3_0__ 
    from
        Student student0_ 
    left outer join
        Enrolment enrolments1_ 
            on student0_.studentId=enrolments1_.studentId 
    left outer join
        Course course2_ 
            on student0_.preferredCourseCode=course2_.courseCode 
    order by
        student0_.studentId
14:18:27,761 DEBUG SQL:104 - 
    select
        course0_.courseCode as courseCode1_0_,
        course0_.description as descript2_1_0_ 
    from
        Course course0_ 
    where
        course0_.courseCode=?
14:18:27,762 DEBUG SQL:104 - 
    select
        secretcode0_.studentNumber as studentN1_4_0_,
        secretcode0_.secretCode as secretCode5_0_,
        secretcode0_.i as i0_ 
    from
        Student_secretCodes secretcode0_ 
    where
        secretcode0_.studentNumber=?
14:18:27,762 DEBUG SQL:104 - 
    select
        coursemeet0_.courseCode as courseCode1_1_,
        coursemeet0_.courseCode as courseCode2_1_,
        coursemeet0_.day as day2_1_,
        coursemeet0_.period as period2_1_,
        coursemeet0_.location as location2_1_,
        coursemeet0_.courseCode as courseCode2_0_,
        coursemeet0_.day as day2_0_,
        coursemeet0_.period as period2_0_,
        coursemeet0_.location as location2_0_ 
    from
        CourseMeeting coursemeet0_ 
    where
        coursemeet0_.courseCode=?
14:18:27,771 DEBUG SQL:104 - 
    select
        secretcode0_.studentNumber as studentN1_4_0_,
        secretcode0_.secretCode as secretCode5_0_,
        secretcode0_.i as i0_ 
    from
        Student_secretCodes secretcode0_ 
    where
        secretcode0_.studentNumber=?
14:18:27,771 DEBUG SQL:104 - 
    select
        student_.studentId,
        student_.name_first as name2_4_,
        student_.name_middle as name3_4_,
        student_.name_last as name4_4_,
        student_.preferredCourseCode as preferre5_4_ 
    from
        Student student_ 
    where
        student_.studentId=?
14:18:27,772 DEBUG SQL:104 - 
    select
        enrolment_.studentId,
        enrolment_.courseCode,
        enrolment_.semester as semester3_,
        enrolment_."year" as year4_3_ 
    from
        Enrolment enrolment_ 
    where
        enrolment_.studentId=? 
        and enrolment_.courseCode=?
14:18:27,781 DEBUG SQL:104 - 
    select
        course_.courseCode,
        course_.description as descript2_1_ 
    from
        Course course_ 
    where
        course_.courseCode=?
14:18:27,782 DEBUG SQL:104 - 
    select
        student_.studentId,
        student_.name_first as name2_4_,
        student_.name_middle as name3_4_,
        student_.name_last as name4_4_,
        student_.preferredCourseCode as preferre5_4_ 
    from
        Student student_ 
    where
        student_.studentId=?
14:18:27,782 DEBUG SQL:104 - 
    select
        enrolment_.studentId,
        enrolment_.courseCode,
        enrolment_.semester as semester3_,
        enrolment_."year" as year4_3_ 
    from
        Enrolment enrolment_ 
    where
        enrolment_.studentId=? 
        and enrolment_.courseCode=?
14:18:27,794 DEBUG SQL:104 - 
    select
        coursemeet_.courseCode,
        coursemeet_.day,
        coursemeet_.period,
        coursemeet_.location 
    from
        CourseMeeting coursemeet_ 
    where
        coursemeet_.courseCode=? 
        and coursemeet_.day=? 
        and coursemeet_.period=? 
        and coursemeet_.location=?
14:18:27,795 DEBUG SQL:104 - 
    select
        coursemeet_.courseCode,
        coursemeet_.day,
        coursemeet_.period,
        coursemeet_.location 
    from
        CourseMeeting coursemeet_ 
    where
        coursemeet_.courseCode=? 
        and coursemeet_.day=? 
        and coursemeet_.period=? 
        and coursemeet_.location=?
14:18:27,808 DEBUG BaseGeneralDataRegion:59 - Caching[foo.org.hibernate.cache.spi.UpdateTimestampsCache] : [Enrolment] -> [5579091016941568]
14:18:27,808 DEBUG SQL:104 - 
    update
        Address 
    set
        studentNumber=null,
        addressType=null 
    where
        studentNumber=?
14:18:27,808 DEBUG BaseGeneralDataRegion:59 - Caching[foo.org.hibernate.cache.spi.UpdateTimestampsCache] : [Address] -> [5579091016941569]
14:18:27,809 DEBUG SQL:104 - 
    delete 
    from
        Student_secretCodes 
    where
        studentNumber=?
14:18:27,809 DEBUG BaseGeneralDataRegion:59 - Caching[foo.org.hibernate.cache.spi.UpdateTimestampsCache] : [Student_secretCodes] -> [5579091016945664]
14:18:27,809 DEBUG BaseGeneralDataRegion:59 - Caching[foo.org.hibernate.cache.spi.UpdateTimestampsCache] : [Enrolment] -> [5579091016945665]
14:18:27,809 DEBUG BaseGeneralDataRegion:59 - Caching[foo.org.hibernate.cache.spi.UpdateTimestampsCache] : [Address] -> [5579091016945666]
14:18:27,809 DEBUG SQL:104 - 
    delete 
    from
        Student_secretCodes 
    where
        studentNumber=?
14:18:27,816 DEBUG BaseGeneralDataRegion:59 - Caching[foo.org.hibernate.cache.spi.UpdateTimestampsCache] : [Student_secretCodes] -> [5579091016974336]
14:18:27,816 DEBUG BaseGeneralDataRegion:59 - Caching[foo.org.hibernate.cache.spi.UpdateTimestampsCache] : [CourseMeeting] -> [5579091016974337]
14:18:27,816 DEBUG SQL:104 - 
    delete 
    from
        Enrolment 
    where
        studentId=? 
        and courseCode=?
14:18:27,816 DEBUG BaseGeneralDataRegion:59 - Caching[foo.org.hibernate.cache.spi.UpdateTimestampsCache] : [Enrolment] -> [5579091016974338]
14:18:27,816 DEBUG SQL:104 - 
    delete 
    from
        Address 
    where
        id=?
14:18:27,817 DEBUG BaseGeneralDataRegion:59 - Caching[foo.org.hibernate.cache.spi.UpdateTimestampsCache] : [Address] -> [5579091016978432]
14:18:27,817 DEBUG SQL:104 - 
    delete 
    from
        Address 
    where
        id=?
14:18:27,817 DEBUG BaseGeneralDataRegion:59 - Caching[foo.org.hibernate.cache.spi.UpdateTimestampsCache] : [Address] -> [5579091016978433]
14:18:27,817 DEBUG SQL:104 - 
    delete 
    from
        Student 
    where
        studentId=?
14:18:27,817 DEBUG BaseGeneralDataRegion:59 - Caching[foo.org.hibernate.cache.spi.UpdateTimestampsCache] : [Student] -> [5579091016978434]
14:18:27,817 DEBUG SQL:104 - 
    delete 
    from
        Enrolment 
    where
        studentId=? 
        and courseCode=?
14:18:27,818 DEBUG BaseGeneralDataRegion:59 - Caching[foo.org.hibernate.cache.spi.UpdateTimestampsCache] : [Enrolment] -> [5579091016982528]
14:18:27,818 DEBUG SQL:104 - 
    delete 
    from
        Student 
    where
        studentId=?
14:18:27,818 DEBUG BaseGeneralDataRegion:59 - Caching[foo.org.hibernate.cache.spi.UpdateTimestampsCache] : [Student] -> [5579091016982529]
14:18:27,818 DEBUG SQL:104 - 
    delete 
    from
        CourseMeeting 
    where
        courseCode=? 
        and day=? 
        and period=? 
        and location=?
14:18:27,818 DEBUG BaseGeneralDataRegion:59 - Caching[foo.org.hibernate.cache.spi.UpdateTimestampsCache] : [CourseMeeting] -> [5579091016982530]
14:18:27,818 DEBUG SQL:104 - 
    delete 
    from
        CourseMeeting 
    where
        courseCode=? 
        and day=? 
        and period=? 
        and location=?
14:18:27,830 DEBUG BaseGeneralDataRegion:59 - Caching[foo.org.hibernate.cache.spi.UpdateTimestampsCache] : [CourseMeeting] -> [5579091017031680]
14:18:27,830 DEBUG SQL:104 - 
    delete 
    from
        Course 
    where
        courseCode=?
14:18:27,831 DEBUG BaseGeneralDataRegion:59 - Caching[foo.org.hibernate.cache.spi.UpdateTimestampsCache] : [Course] -> [5579091017035776]
14:18:27,831 DEBUG BaseGeneralDataRegion:59 - Caching[foo.org.hibernate.cache.spi.UpdateTimestampsCache] : [Student] -> [5579090771275777]
14:18:27,831 DEBUG BaseGeneralDataRegion:59 - Caching[foo.org.hibernate.cache.spi.UpdateTimestampsCache] : [Course] -> [5579090771275777]
14:18:27,831 DEBUG BaseGeneralDataRegion:59 - Caching[foo.org.hibernate.cache.spi.UpdateTimestampsCache] : [Enrolment] -> [5579090771275777]
14:18:27,831 DEBUG BaseGeneralDataRegion:59 - Caching[foo.org.hibernate.cache.spi.UpdateTimestampsCache] : [Student_secretCodes] -> [5579090771275777]
14:18:27,831 DEBUG BaseGeneralDataRegion:59 - Caching[foo.org.hibernate.cache.spi.UpdateTimestampsCache] : [Address] -> [5579090771275777]
14:18:27,831 DEBUG BaseGeneralDataRegion:59 - Caching[foo.org.hibernate.cache.spi.UpdateTimestampsCache] : [CourseMeeting] -> [5579090771275777]
14:18:27,832  INFO CustomRunner:139 - Test: testJoinWithFetchJoinWithPropAndOwnerProjectedList
14:18:27,833 DEBUG SQL:104 - 
    select
        coursemeet_.courseCode,
        coursemeet_.day,
        coursemeet_.period,
        coursemeet_.location 
    from
        CourseMeeting coursemeet_ 
    where
        coursemeet_.courseCode=? 
        and coursemeet_.day=? 
        and coursemeet_.period=? 
        and coursemeet_.location=?
14:18:27,841 DEBUG SQL:104 - 
    select
        coursemeet_.courseCode,
        coursemeet_.day,
        coursemeet_.period,
        coursemeet_.location 
    from
        CourseMeeting coursemeet_ 
    where
        coursemeet_.courseCode=? 
        and coursemeet_.day=? 
        and coursemeet_.period=? 
        and coursemeet_.location=?
14:18:27,842 DEBUG SQL:104 - 
    insert 
    into
        Course
        (description, courseCode) 
    values
        (?, ?)
14:18:27,842 DEBUG BaseGeneralDataRegion:59 - Caching[foo.org.hibernate.cache.spi.UpdateTimestampsCache] : [Course] -> [5579091017080832]
14:18:27,842 DEBUG SQL:104 - 
    insert 
    into
        CourseMeeting
        (courseCode, day, period, location) 
    values
        (?, ?, ?, ?)
14:18:27,842 DEBUG BaseGeneralDataRegion:59 - Caching[foo.org.hibernate.cache.spi.UpdateTimestampsCache] : [CourseMeeting] -> [5579091017080833]
14:18:27,842 DEBUG SQL:104 - 
    insert 
    into
        CourseMeeting
        (courseCode, day, period, location) 
    values
        (?, ?, ?, ?)
14:18:27,843 DEBUG BaseGeneralDataRegion:59 - Caching[foo.org.hibernate.cache.spi.UpdateTimestampsCache] : [CourseMeeting] -> [5579091017084928]
14:18:27,843 DEBUG SQL:104 - 
    insert 
    into
        Student
        (name_first, name_middle, name_last, preferredCourseCode, studentId) 
    values
        (?, ?, ?, ?, ?)
14:18:27,862 DEBUG BaseGeneralDataRegion:59 - Caching[foo.org.hibernate.cache.spi.UpdateTimestampsCache] : [Student] -> [5579091017162752]
14:18:27,862 DEBUG SQL:104 - 
    insert 
    into
        Address
        (addressType, street, city, stateProvince, postalCode, country, studentNumber, id) 
    values
        (?, ?, ?, ?, ?, ?, ?, ?)
14:18:27,862 DEBUG BaseGeneralDataRegion:59 - Caching[foo.org.hibernate.cache.spi.UpdateTimestampsCache] : [Address] -> [5579091017162753]
14:18:27,862 DEBUG SQL:104 - 
    insert 
    into
        Address
        (addressType, street, city, stateProvince, postalCode, country, studentNumber, id) 
    values
        (?, ?, ?, ?, ?, ?, ?, ?)
14:18:27,862 DEBUG BaseGeneralDataRegion:59 - Caching[foo.org.hibernate.cache.spi.UpdateTimestampsCache] : [Address] -> [5579091017162754]
14:18:27,863 DEBUG SQL:104 - 
    insert 
    into
        Student
        (name_first, name_middle, name_last, preferredCourseCode, studentId) 
    values
        (?, ?, ?, ?, ?)
14:18:27,863 DEBUG BaseGeneralDataRegion:59 - Caching[foo.org.hibernate.cache.spi.UpdateTimestampsCache] : [Student] -> [5579091017166848]
14:18:27,863 DEBUG SQL:104 - 
    insert 
    into
        Enrolment
        (semester, "year", studentId, courseCode) 
    values
        (?, ?, ?, ?)
14:18:27,873 DEBUG BaseGeneralDataRegion:59 - Caching[foo.org.hibernate.cache.spi.UpdateTimestampsCache] : [Enrolment] -> [5579091017207808]
14:18:27,873 DEBUG SQL:104 - 
    insert 
    into
        Enrolment
        (semester, "year", studentId, courseCode) 
    values
        (?, ?, ?, ?)
14:18:27,874 DEBUG BaseGeneralDataRegion:59 - Caching[foo.org.hibernate.cache.spi.UpdateTimestampsCache] : [Enrolment] -> [5579091017211904]
14:18:27,874 DEBUG BaseGeneralDataRegion:59 - Caching[foo.org.hibernate.cache.spi.UpdateTimestampsCache] : [CourseMeeting] -> [5579091017211905]
14:18:27,874 DEBUG BaseGeneralDataRegion:59 - Caching[foo.org.hibernate.cache.spi.UpdateTimestampsCache] : [Enrolment] -> [5579091017211906]
14:18:27,874 DEBUG SQL:104 - 
    update
        Address 
    set
        studentNumber=?,
        addressType=? 
    where
        id=?
14:18:27,874 DEBUG SQL:104 - 
    update
        Address 
    set
        studentNumber=?,
        addressType=? 
    where
        id=?
14:18:27,884 DEBUG BaseGeneralDataRegion:59 - Caching[foo.org.hibernate.cache.spi.UpdateTimestampsCache] : [Address] -> [5579091017252864]
14:18:27,884 DEBUG SQL:104 - 
    insert 
    into
        Student_secretCodes
        (studentNumber, i, secretCode) 
    values
        (?, ?, ?)
14:18:27,885 DEBUG BaseGeneralDataRegion:59 - Caching[foo.org.hibernate.cache.spi.UpdateTimestampsCache] : [Student_secretCodes] -> [5579091017256960]
14:18:27,885 DEBUG BaseGeneralDataRegion:59 - Caching[foo.org.hibernate.cache.spi.UpdateTimestampsCache] : [Enrolment] -> [5579091017256961]
14:18:27,885 DEBUG BaseGeneralDataRegion:59 - Caching[foo.org.hibernate.cache.spi.UpdateTimestampsCache] : [Address] -> [5579091017256962]
14:18:27,885 DEBUG SQL:104 - 
    insert 
    into
        Student_secretCodes
        (studentNumber, i, secretCode) 
    values
        (?, ?, ?)
14:18:27,885 DEBUG SQL:104 - 
    insert 
    into
        Student_secretCodes
        (studentNumber, i, secretCode) 
    values
        (?, ?, ?)
14:18:27,885 DEBUG BaseGeneralDataRegion:59 - Caching[foo.org.hibernate.cache.spi.UpdateTimestampsCache] : [Student_secretCodes] -> [5579091017256963]
14:18:27,885 DEBUG BaseGeneralDataRegion:59 - Caching[foo.org.hibernate.cache.spi.UpdateTimestampsCache] : [Student] -> [5579090771496964]
14:18:27,895 DEBUG BaseGeneralDataRegion:59 - Caching[foo.org.hibernate.cache.spi.UpdateTimestampsCache] : [Course] -> [5579090771496964]
14:18:27,895 DEBUG BaseGeneralDataRegion:59 - Caching[foo.org.hibernate.cache.spi.UpdateTimestampsCache] : [Enrolment] -> [5579090771496964]
14:18:27,895 DEBUG BaseGeneralDataRegion:59 - Caching[foo.org.hibernate.cache.spi.UpdateTimestampsCache] : [Student_secretCodes] -> [5579090771496964]
14:18:27,895 DEBUG BaseGeneralDataRegion:59 - Caching[foo.org.hibernate.cache.spi.UpdateTimestampsCache] : [Address] -> [5579090771496964]
14:18:27,895 DEBUG BaseGeneralDataRegion:59 - Caching[foo.org.hibernate.cache.spi.UpdateTimestampsCache] : [CourseMeeting] -> [5579090771496964]
14:18:27,895 DEBUG QueryTranslatorImpl:265 - parse() - HQL: select s.name, s from org.hibernate.test.querycache.Student s left join fetch s.enrolments left join s.preferredCourse order by s.studentNumber
14:18:27,897 DEBUG QueryTranslatorImpl:283 - --- HQL AST ---
 \-[QUERY] Node: 'query'
    +-[SELECT_FROM] Node: 'SELECT_FROM'
    |  +-[FROM] Node: 'from'
    |  |  +-[RANGE] Node: 'RANGE'
    |  |  |  +-[DOT] Node: '.'
    |  |  |  |  +-[DOT] Node: '.'
    |  |  |  |  |  +-[DOT] Node: '.'
    |  |  |  |  |  |  +-[DOT] Node: '.'
    |  |  |  |  |  |  |  +-[IDENT] Node: 'org'
    |  |  |  |  |  |  |  \-[IDENT] Node: 'hibernate'
    |  |  |  |  |  |  \-[IDENT] Node: 'test'
    |  |  |  |  |  \-[IDENT] Node: 'querycache'
    |  |  |  |  \-[IDENT] Node: 'Student'
    |  |  |  \-[ALIAS] Node: 's'
    |  |  +-[JOIN] Node: 'join'
    |  |  |  +-[LEFT] Node: 'left'
    |  |  |  +-[FETCH] Node: 'fetch'
    |  |  |  \-[DOT] Node: '.'
    |  |  |     +-[IDENT] Node: 's'
    |  |  |     \-[IDENT] Node: 'enrolments'
    |  |  \-[JOIN] Node: 'join'
    |  |     +-[LEFT] Node: 'left'
    |  |     \-[DOT] Node: '.'
    |  |        +-[IDENT] Node: 's'
    |  |        \-[IDENT] Node: 'preferredCourse'
    |  \-[SELECT] Node: 'select'
    |     +-[DOT] Node: '.'
    |     |  +-[IDENT] Node: 's'
    |     |  \-[IDENT] Node: 'name'
    |     \-[IDENT] Node: 's'
    \-[ORDER] Node: 'order'
       \-[DOT] Node: '.'
          +-[IDENT] Node: 's'
          \-[IDENT] Node: 'studentNumber'

14:18:27,906 DEBUG ErrorCounter:82 - throwQueryException() : no errors
14:18:27,906 DEBUG FromElement:157 - FromClause{level=1} : org.hibernate.test.querycache.Student (s) -> student0_
14:18:27,906 DEBUG FromReferenceNode:74 - Resolved : s -> student0_.studentId
14:18:27,906 DEBUG DotNode:599 - getDataType() : enrolments -> org.hibernate.type.SetType(org.hibernate.test.querycache.Student.enrolments)
14:18:27,907 DEBUG FromElementFactory:376 - createEntityAssociation() : One to many - path = s.enrolments role = org.hibernate.test.querycache.Student.enrolments associatedEntityName = org.hibernate.test.querycache.Enrolment
14:18:27,907 DEBUG FromElement:157 - FromClause{level=1} : org.hibernate.test.querycache.Enrolment (<no alias>) -> enrolments1_
14:18:27,907 DEBUG FromClause:282 - addJoinByPathMap() : s.enrolments -> FromElement{explicit,not a collection join,not a fetch join,fetch non-lazy properties,classAlias=null,role=null,tableName=Enrolment,tableAlias=enrolments1_,origin=Student student0_,columns={student0_.studentId ,className=org.hibernate.test.querycache.Enrolment}}
14:18:27,907 DEBUG DotNode:308 - dereferenceCollection() : Created new FROM element for s.enrolments : Enrolment enrolments1_
14:18:27,907 DEBUG FromReferenceNode:74 - Resolved : s.enrolments -> .
14:18:27,907 DEBUG HqlSqlWalker:403 - createFromJoinElement() : -- join tree --
 \-[JOIN_FRAGMENT] FromElement: 'Enrolment enrolments1_' FromElement{explicit,not a collection join,fetch join,fetch non-lazy properties,classAlias=null,role=org.hibernate.test.querycache.Student.enrolments,tableName=Enrolment,tableAlias=enrolments1_,origin=Student student0_,columns={student0_.studentId ,className=org.hibernate.test.querycache.Enrolment}}

14:18:27,907 DEBUG FromReferenceNode:74 - Resolved : s -> student0_.studentId
14:18:27,907 DEBUG DotNode:599 - getDataType() : preferredCourse -> org.hibernate.type.ManyToOneType(org.hibernate.test.querycache.Course)
14:18:27,908 DEBUG DotNode:389 - dereferenceEntityJoin() : generating join for preferredCourse in org.hibernate.test.querycache.Student (<no alias>) parent = [ {null} ]
14:18:27,908 DEBUG FromElement:157 - FromClause{level=1} : org.hibernate.test.querycache.Course (<no alias>) -> course2_
14:18:27,908 DEBUG FromClause:282 - addJoinByPathMap() : s.preferredCourse -> FromElement{explicit,not a collection join,not a fetch join,fetch non-lazy properties,classAlias=null,role=null,tableName=Course,tableAlias=course2_,origin=Student student0_,columns={student0_.preferredCourseCode ,className=org.hibernate.test.querycache.Course}}
14:18:27,908 DEBUG FromReferenceNode:74 - Resolved : s.preferredCourse -> student0_.preferredCourseCode
14:18:27,916 DEBUG HqlSqlWalker:403 - createFromJoinElement() : -- join tree --
 \-[JOIN_FRAGMENT] FromElement: 'Course course2_' FromElement{explicit,not a collection join,not a fetch join,fetch non-lazy properties,classAlias=null,role=null,tableName=Course,tableAlias=course2_,origin=Student student0_,columns={student0_.preferredCourseCode ,className=org.hibernate.test.querycache.Course}}

14:18:27,916 DEBUG FromReferenceNode:74 - Resolved : s -> student0_.studentId
14:18:27,916 DEBUG DotNode:599 - getDataType() : name -> org.hibernate.type.ComponentType@2b1b8f9d
14:18:27,916 DEBUG DotNode:588 - Terminal propertyPath = [name]
14:18:27,916 DEBUG FromReferenceNode:74 - Resolved : s.name -> student0_.name_first, student0_.name_middle, student0_.name_last
14:18:27,916 DEBUG FromReferenceNode:74 - Resolved : s -> student0_.studentId
14:18:27,916 DEBUG FromReferenceNode:74 - Resolved : s -> student0_.studentId
14:18:27,917 DEBUG DotNode:599 - getDataType() : studentNumber -> org.hibernate.type.LongType@4bf3f9d
14:18:27,917 DEBUG FromReferenceNode:74 - Resolved : s.studentNumber -> student0_.studentId
14:18:27,917 DEBUG HqlSqlWalker:629 - processQuery() :  ( SELECT ( {select clause} ( student0_.name_first, student0_.name_middle, student0_.name_last student0_.studentId name ) student0_.studentId ) ( FromClause{level=1} ( Student student0_ Enrolment enrolments1_ Course course2_ ) ) ( order ( student0_.studentId student0_.studentId studentNumber ) ) )
14:18:27,917 DEBUG JoinProcessor:175 - Using FROM fragment [Student student0_]
14:18:27,917 DEBUG JoinProcessor:175 - Using FROM fragment [left outer join Enrolment enrolments1_ on student0_.studentId=enrolments1_.studentId]
14:18:27,917 DEBUG JoinProcessor:175 - Using FROM fragment [left outer join Course course2_ on student0_.preferredCourseCode=course2_.courseCode]
14:18:27,918 DEBUG QueryTranslatorImpl:252 - --- SQL AST ---
 \-[SELECT] QueryNode: 'SELECT'  querySpaces (Student,Course,Enrolment)
    +-[SELECT_CLAUSE] SelectClause: '{select clause}'
    |  +-[DOT] DotNode: 'student0_.name_first' {propertyName=name,dereferenceType=2,propertyPath=name,path=s.name,tableAlias=student0_,className=org.hibernate.test.querycache.Student,classAlias=s}
    |  |  +-[ALIAS_REF] IdentNode: 'student0_.studentId' {alias=s, className=org.hibernate.test.querycache.Student, tableAlias=student0_}
    |  |  \-[IDENT] IdentNode: 'name' {originalText=name}
    |  +-[SELECT_COLUMNS] SqlNode: ' as col_0_0_'
    |  +-[SQL_TOKEN] SqlFragment: 'student0_.name_middle'
    |  +-[SELECT_COLUMNS] SqlNode: ' as col_0_1_'
    |  +-[SQL_TOKEN] SqlFragment: 'student0_.name_last'
    |  +-[SELECT_COLUMNS] SqlNode: ' as col_0_2_'
    |  +-[ALIAS_REF] IdentNode: 'student0_.studentId as col_1_0_' {alias=s, className=org.hibernate.test.querycache.Student, tableAlias=student0_}
    |  +-[SELECT_EXPR] SelectExpressionImpl: 'enrolments1_.studentId as studentId3_1_, enrolments1_.courseCode as courseCode3_1_' {FromElement{explicit,not a collection join,fetch join,fetch non-lazy properties,classAlias=null,role=org.hibernate.test.querycache.Student.enrolments,tableName=Enrolment,tableAlias=enrolments1_,origin=Student student0_,columns={student0_.studentId ,className=org.hibernate.test.querycache.Enrolment}}}
    |  +-[SQL_TOKEN] SqlFragment: 'student0_.studentId as studentId4_0_'
    |  +-[SQL_TOKEN] SqlFragment: 'enrolments1_.studentId as studentId3_1_, enrolments1_.courseCode as courseCode3_1_'
    |  +-[SQL_TOKEN] SqlFragment: 'student0_.name_first as name2_4_0_, student0_.name_middle as name3_4_0_, student0_.name_last as name4_4_0_, student0_.preferredCourseCode as preferre5_4_0_'
    |  +-[SQL_TOKEN] SqlFragment: 'enrolments1_.semester as semester3_1_, enrolments1_."year" as year4_3_1_'
    |  \-[SQL_TOKEN] SqlFragment: 'enrolments1_.studentId as studentId4_0__, enrolments1_.studentId as studentId3_0__, enrolments1_.courseCode as courseCode3_0__'
    +-[FROM] FromClause: 'from' FromClause{level=1, fromElementCounter=3, fromElements=3, fromElementByClassAlias=[s], fromElementByTableAlias=[student0_, course2_, enrolments1_], fromElementsByPath=[s.enrolments, s.preferredCourse], collectionJoinFromElementsByPath=[], impliedElements=[]}
    |  \-[FROM_FRAGMENT] FromElement: 'Student student0_' FromElement{explicit,not a collection join,not a fetch join,fetch non-lazy properties,classAlias=s,role=null,tableName=Student,tableAlias=student0_,origin=null,columns={,className=org.hibernate.test.querycache.Student}}
    |     +-[JOIN_FRAGMENT] FromElement: 'left outer join Enrolment enrolments1_ on student0_.studentId=enrolments1_.studentId' FromElement{explicit,not a collection join,fetch join,fetch non-lazy properties,classAlias=null,role=org.hibernate.test.querycache.Student.enrolments,tableName=Enrolment,tableAlias=enrolments1_,origin=Student student0_,columns={student0_.studentId ,className=org.hibernate.test.querycache.Enrolment}}
    |     \-[JOIN_FRAGMENT] FromElement: 'left outer join Course course2_ on student0_.preferredCourseCode=course2_.courseCode' FromElement{explicit,not a collection join,not a fetch join,fetch non-lazy properties,classAlias=null,role=null,tableName=Course,tableAlias=course2_,origin=Student student0_,columns={student0_.preferredCourseCode ,className=org.hibernate.test.querycache.Course}}
    \-[ORDER] OrderByClause: 'order'
       \-[DOT] DotNode: 'student0_.studentId' {propertyName=studentNumber,dereferenceType=ALL,propertyPath=studentNumber,path=s.studentNumber,tableAlias=student0_,className=org.hibernate.test.querycache.Student,classAlias=s}
          +-[ALIAS_REF] IdentNode: 'student0_.studentId' {alias=s, className=org.hibernate.test.querycache.Student, tableAlias=student0_}
          \-[IDENT] IdentNode: 'studentNumber' {originalText=studentNumber}

14:18:27,928 DEBUG ErrorCounter:82 - throwQueryException() : no errors
14:18:27,928 DEBUG QueryTranslatorImpl:235 - HQL: select s.name, s from org.hibernate.test.querycache.Student s left join fetch s.enrolments left join s.preferredCourse order by s.studentNumber
14:18:27,929 DEBUG QueryTranslatorImpl:236 - SQL: select student0_.name_first as col_0_0_, student0_.name_middle as col_0_1_, student0_.name_last as col_0_2_, student0_.studentId as col_1_0_, enrolments1_.studentId as studentId3_1_, enrolments1_.courseCode as courseCode3_1_, student0_.studentId as studentId4_0_, enrolments1_.studentId as studentId3_1_, enrolments1_.courseCode as courseCode3_1_, student0_.name_first as name2_4_0_, student0_.name_middle as name3_4_0_, student0_.name_last as name4_4_0_, student0_.preferredCourseCode as preferre5_4_0_, enrolments1_.semester as semester3_1_, enrolments1_."year" as year4_3_1_, enrolments1_.studentId as studentId4_0__, enrolments1_.studentId as studentId3_0__, enrolments1_.courseCode as courseCode3_0__ from Student student0_ left outer join Enrolment enrolments1_ on student0_.studentId=enrolments1_.studentId left outer join Course course2_ on student0_.preferredCourseCode=course2_.courseCode order by student0_.studentId
14:18:27,929 DEBUG ErrorCounter:82 - throwQueryException() : no errors
14:18:27,929 DEBUG SQL:104 - 
    select
        student0_.name_first as col_0_0_,
        student0_.name_middle as col_0_1_,
        student0_.name_last as col_0_2_,
        student0_.studentId as col_1_0_,
        enrolments1_.studentId as studentId3_1_,
        enrolments1_.courseCode as courseCode3_1_,
        student0_.studentId as studentId4_0_,
        enrolments1_.studentId as studentId3_1_,
        enrolments1_.courseCode as courseCode3_1_,
        student0_.name_first as name2_4_0_,
        student0_.name_middle as name3_4_0_,
        student0_.name_last as name4_4_0_,
        student0_.preferredCourseCode as preferre5_4_0_,
        enrolments1_.semester as semester3_1_,
        enrolments1_."year" as year4_3_1_,
        enrolments1_.studentId as studentId4_0__,
        enrolments1_.studentId as studentId3_0__,
        enrolments1_.courseCode as courseCode3_0__ 
    from
        Student student0_ 
    left outer join
        Enrolment enrolments1_ 
            on student0_.studentId=enrolments1_.studentId 
    left outer join
        Course course2_ 
            on student0_.preferredCourseCode=course2_.courseCode 
    order by
        student0_.studentId
14:18:27,939 DEBUG SQL:104 - 
    select
        course0_.courseCode as courseCode1_0_,
        course0_.description as descript2_1_0_ 
    from
        Course course0_ 
    where
        course0_.courseCode=?
14:18:27,940 DEBUG SQL:104 - 
    select
        secretcode0_.studentNumber as studentN1_4_0_,
        secretcode0_.secretCode as secretCode5_0_,
        secretcode0_.i as i0_ 
    from
        Student_secretCodes secretcode0_ 
    where
        secretcode0_.studentNumber=?
14:18:27,949 DEBUG SQL:104 - 
    select
        coursemeet0_.courseCode as courseCode1_1_,
        coursemeet0_.courseCode as courseCode2_1_,
        coursemeet0_.day as day2_1_,
        coursemeet0_.period as period2_1_,
        coursemeet0_.location as location2_1_,
        coursemeet0_.courseCode as courseCode2_0_,
        coursemeet0_.day as day2_0_,
        coursemeet0_.period as period2_0_,
        coursemeet0_.location as location2_0_ 
    from
        CourseMeeting coursemeet0_ 
    where
        coursemeet0_.courseCode=?
14:18:27,950 DEBUG SQL:104 - 
    select
        secretcode0_.studentNumber as studentN1_4_0_,
        secretcode0_.secretCode as secretCode5_0_,
        secretcode0_.i as i0_ 
    from
        Student_secretCodes secretcode0_ 
    where
        secretcode0_.studentNumber=?
14:18:27,951 DEBUG SQL:104 - 
    select
        student0_.name_first as col_0_0_,
        student0_.name_middle as col_0_1_,
        student0_.name_last as col_0_2_,
        student0_.studentId as col_1_0_,
        enrolments1_.studentId as studentId3_1_,
        enrolments1_.courseCode as courseCode3_1_,
        student0_.studentId as studentId4_0_,
        enrolments1_.studentId as studentId3_1_,
        enrolments1_.courseCode as courseCode3_1_,
        student0_.name_first as name2_4_0_,
        student0_.name_middle as name3_4_0_,
        student0_.name_last as name4_4_0_,
        student0_.preferredCourseCode as preferre5_4_0_,
        enrolments1_.semester as semester3_1_,
        enrolments1_."year" as year4_3_1_,
        enrolments1_.studentId as studentId4_0__,
        enrolments1_.studentId as studentId3_0__,
        enrolments1_.courseCode as courseCode3_0__ 
    from
        Student student0_ 
    left outer join
        Enrolment enrolments1_ 
            on student0_.studentId=enrolments1_.studentId 
    left outer join
        Course course2_ 
            on student0_.preferredCourseCode=course2_.courseCode 
    order by
        student0_.studentId
14:18:27,952 DEBUG SQL:104 - 
    select
        course0_.courseCode as courseCode1_0_,
        course0_.description as descript2_1_0_ 
    from
        Course course0_ 
    where
        course0_.courseCode=?
14:18:27,972 DEBUG SQL:104 - 
    select
        secretcode0_.studentNumber as studentN1_4_0_,
        secretcode0_.secretCode as secretCode5_0_,
        secretcode0_.i as i0_ 
    from
        Student_secretCodes secretcode0_ 
    where
        secretcode0_.studentNumber=?
14:18:27,972 DEBUG SQL:104 - 
    select
        coursemeet0_.courseCode as courseCode1_1_,
        coursemeet0_.courseCode as courseCode2_1_,
        coursemeet0_.day as day2_1_,
        coursemeet0_.period as period2_1_,
        coursemeet0_.location as location2_1_,
        coursemeet0_.courseCode as courseCode2_0_,
        coursemeet0_.day as day2_0_,
        coursemeet0_.period as period2_0_,
        coursemeet0_.location as location2_0_ 
    from
        CourseMeeting coursemeet0_ 
    where
        coursemeet0_.courseCode=?
14:18:27,978 DEBUG SQL:104 - 
    select
        secretcode0_.studentNumber as studentN1_4_0_,
        secretcode0_.secretCode as secretCode5_0_,
        secretcode0_.i as i0_ 
    from
        Student_secretCodes secretcode0_ 
    where
        secretcode0_.studentNumber=?
14:18:27,979 DEBUG SQL:104 - 
    select
        student_.studentId,
        student_.name_first as name2_4_,
        student_.name_middle as name3_4_,
        student_.name_last as name4_4_,
        student_.preferredCourseCode as preferre5_4_ 
    from
        Student student_ 
    where
        student_.studentId=?
14:18:27,980 DEBUG SQL:104 - 
    select
        enrolment_.studentId,
        enrolment_.courseCode,
        enrolment_.semester as semester3_,
        enrolment_."year" as year4_3_ 
    from
        Enrolment enrolment_ 
    where
        enrolment_.studentId=? 
        and enrolment_.courseCode=?
14:18:27,980 DEBUG SQL:104 - 
    select
        course_.courseCode,
        course_.description as descript2_1_ 
    from
        Course course_ 
    where
        course_.courseCode=?
14:18:27,981 DEBUG SQL:104 - 
    select
        student_.studentId,
        student_.name_first as name2_4_,
        student_.name_middle as name3_4_,
        student_.name_last as name4_4_,
        student_.preferredCourseCode as preferre5_4_ 
    from
        Student student_ 
    where
        student_.studentId=?
14:18:28,003 DEBUG SQL:104 - 
    select
        enrolment_.studentId,
        enrolment_.courseCode,
        enrolment_.semester as semester3_,
        enrolment_."year" as year4_3_ 
    from
        Enrolment enrolment_ 
    where
        enrolment_.studentId=? 
        and enrolment_.courseCode=?
14:18:28,003 DEBUG SQL:104 - 
    select
        coursemeet_.courseCode,
        coursemeet_.day,
        coursemeet_.period,
        coursemeet_.location 
    from
        CourseMeeting coursemeet_ 
    where
        coursemeet_.courseCode=? 
        and coursemeet_.day=? 
        and coursemeet_.period=? 
        and coursemeet_.location=?
14:18:28,013 DEBUG SQL:104 - 
    select
        coursemeet_.courseCode,
        coursemeet_.day,
        coursemeet_.period,
        coursemeet_.location 
    from
        CourseMeeting coursemeet_ 
    where
        coursemeet_.courseCode=? 
        and coursemeet_.day=? 
        and coursemeet_.period=? 
        and coursemeet_.location=?
14:18:28,013 DEBUG BaseGeneralDataRegion:59 - Caching[foo.org.hibernate.cache.spi.UpdateTimestampsCache] : [Enrolment] -> [5579091017781248]
14:18:28,014 DEBUG SQL:104 - 
    update
        Address 
    set
        studentNumber=null,
        addressType=null 
    where
        studentNumber=?
14:18:28,014 DEBUG BaseGeneralDataRegion:59 - Caching[foo.org.hibernate.cache.spi.UpdateTimestampsCache] : [Address] -> [5579091017785344]
14:18:28,014 DEBUG SQL:104 - 
    delete 
    from
        Student_secretCodes 
    where
        studentNumber=?
14:18:28,094 DEBUG BaseGeneralDataRegion:59 - Caching[foo.org.hibernate.cache.spi.UpdateTimestampsCache] : [Student_secretCodes] -> [5579091018113024]
14:18:28,095 DEBUG BaseGeneralDataRegion:59 - Caching[foo.org.hibernate.cache.spi.UpdateTimestampsCache] : [Enrolment] -> [5579091018117120]
14:18:28,095 DEBUG BaseGeneralDataRegion:59 - Caching[foo.org.hibernate.cache.spi.UpdateTimestampsCache] : [Address] -> [5579091018117121]
14:18:28,095 DEBUG SQL:104 - 
    delete 
    from
        Student_secretCodes 
    where
        studentNumber=?
14:18:28,095 DEBUG BaseGeneralDataRegion:59 - Caching[foo.org.hibernate.cache.spi.UpdateTimestampsCache] : [Student_secretCodes] -> [5579091018117122]
14:18:28,095 DEBUG BaseGeneralDataRegion:59 - Caching[foo.org.hibernate.cache.spi.UpdateTimestampsCache] : [CourseMeeting] -> [5579091018117123]
14:18:28,095 DEBUG SQL:104 - 
    delete 
    from
        Enrolment 
    where
        studentId=? 
        and courseCode=?
14:18:28,096 DEBUG BaseGeneralDataRegion:59 - Caching[foo.org.hibernate.cache.spi.UpdateTimestampsCache] : [Enrolment] -> [5579091018121216]
14:18:28,096 DEBUG SQL:104 - 
    delete 
    from
        Address 
    where
        id=?
14:18:28,096 DEBUG BaseGeneralDataRegion:59 - Caching[foo.org.hibernate.cache.spi.UpdateTimestampsCache] : [Address] -> [5579091018121217]
14:18:28,096 DEBUG SQL:104 - 
    delete 
    from
        Address 
    where
        id=?
14:18:28,096 DEBUG BaseGeneralDataRegion:59 - Caching[foo.org.hibernate.cache.spi.UpdateTimestampsCache] : [Address] -> [5579091018121218]
14:18:28,096 DEBUG SQL:104 - 
    delete 
    from
        Student 
    where
        studentId=?
14:18:28,096 DEBUG BaseGeneralDataRegion:59 - Caching[foo.org.hibernate.cache.spi.UpdateTimestampsCache] : [Student] -> [5579091018121219]
14:18:28,096 DEBUG SQL:104 - 
    delete 
    from
        Enrolment 
    where
        studentId=? 
        and courseCode=?
14:18:28,097 DEBUG BaseGeneralDataRegion:59 - Caching[foo.org.hibernate.cache.spi.UpdateTimestampsCache] : [Enrolment] -> [5579091018125312]
14:18:28,097 DEBUG SQL:104 - 
    delete 
    from
        Student 
    where
        studentId=?
14:18:28,097 DEBUG BaseGeneralDataRegion:59 - Caching[foo.org.hibernate.cache.spi.UpdateTimestampsCache] : [Student] -> [5579091018125313]
14:18:28,097 DEBUG SQL:104 - 
    delete 
    from
        CourseMeeting 
    where
        courseCode=? 
        and day=? 
        and period=? 
        and location=?
14:18:28,097 DEBUG BaseGeneralDataRegion:59 - Caching[foo.org.hibernate.cache.spi.UpdateTimestampsCache] : [CourseMeeting] -> [5579091018125314]
14:18:28,097 DEBUG SQL:104 - 
    delete 
    from
        CourseMeeting 
    where
        courseCode=? 
        and day=? 
        and period=? 
        and location=?
14:18:28,097 DEBUG BaseGeneralDataRegion:59 - Caching[foo.org.hibernate.cache.spi.UpdateTimestampsCache] : [CourseMeeting] -> [5579091018125315]
14:18:28,098 DEBUG SQL:104 - 
    delete 
    from
        Course 
    where
        courseCode=?
14:18:28,098 DEBUG BaseGeneralDataRegion:59 - Caching[foo.org.hibernate.cache.spi.UpdateTimestampsCache] : [Course] -> [5579091018129408]
14:18:28,098 DEBUG BaseGeneralDataRegion:59 - Caching[foo.org.hibernate.cache.spi.UpdateTimestampsCache] : [Student] -> [5579090772369409]
14:18:28,098 DEBUG BaseGeneralDataRegion:59 - Caching[foo.org.hibernate.cache.spi.UpdateTimestampsCache] : [Course] -> [5579090772369409]
14:18:28,098 DEBUG BaseGeneralDataRegion:59 - Caching[foo.org.hibernate.cache.spi.UpdateTimestampsCache] : [Enrolment] -> [5579090772369409]
14:18:28,098 DEBUG BaseGeneralDataRegion:59 - Caching[foo.org.hibernate.cache.spi.UpdateTimestampsCache] : [Student_secretCodes] -> [5579090772369409]
14:18:28,098 DEBUG BaseGeneralDataRegion:59 - Caching[foo.org.hibernate.cache.spi.UpdateTimestampsCache] : [Address] -> [5579090772369409]
14:18:28,098 DEBUG BaseGeneralDataRegion:59 - Caching[foo.org.hibernate.cache.spi.UpdateTimestampsCache] : [CourseMeeting] -> [5579090772369409]
14:18:28,099  INFO CustomRunner:139 - Test: testListElementsProjectionList
14:18:28,100 DEBUG SQL:104 - 
    select
        coursemeet_.courseCode,
        coursemeet_.day,
        coursemeet_.period,
        coursemeet_.location 
    from
        CourseMeeting coursemeet_ 
    where
        coursemeet_.courseCode=? 
        and coursemeet_.day=? 
        and coursemeet_.period=? 
        and coursemeet_.location=?
14:18:28,100 DEBUG SQL:104 - 
    select
        coursemeet_.courseCode,
        coursemeet_.day,
        coursemeet_.period,
        coursemeet_.location 
    from
        CourseMeeting coursemeet_ 
    where
        coursemeet_.courseCode=? 
        and coursemeet_.day=? 
        and coursemeet_.period=? 
        and coursemeet_.location=?
14:18:28,101 DEBUG SQL:104 - 
    insert 
    into
        Course
        (description, courseCode) 
    values
        (?, ?)
14:18:28,101 DEBUG BaseGeneralDataRegion:59 - Caching[foo.org.hibernate.cache.spi.UpdateTimestampsCache] : [Course] -> [5579091018141696]
14:18:28,101 DEBUG SQL:104 - 
    insert 
    into
        CourseMeeting
        (courseCode, day, period, location) 
    values
        (?, ?, ?, ?)
14:18:28,101 DEBUG BaseGeneralDataRegion:59 - Caching[foo.org.hibernate.cache.spi.UpdateTimestampsCache] : [CourseMeeting] -> [5579091018141697]
14:18:28,102 DEBUG SQL:104 - 
    insert 
    into
        CourseMeeting
        (courseCode, day, period, location) 
    values
        (?, ?, ?, ?)
14:18:28,102 DEBUG BaseGeneralDataRegion:59 - Caching[foo.org.hibernate.cache.spi.UpdateTimestampsCache] : [CourseMeeting] -> [5579091018145792]
14:18:28,102 DEBUG SQL:104 - 
    insert 
    into
        Student
        (name_first, name_middle, name_last, preferredCourseCode, studentId) 
    values
        (?, ?, ?, ?, ?)
14:18:28,102 DEBUG BaseGeneralDataRegion:59 - Caching[foo.org.hibernate.cache.spi.UpdateTimestampsCache] : [Student] -> [5579091018145793]
14:18:28,102 DEBUG SQL:104 - 
    insert 
    into
        Address
        (addressType, street, city, stateProvince, postalCode, country, studentNumber, id) 
    values
        (?, ?, ?, ?, ?, ?, ?, ?)
14:18:28,102 DEBUG BaseGeneralDataRegion:59 - Caching[foo.org.hibernate.cache.spi.UpdateTimestampsCache] : [Address] -> [5579091018145794]
14:18:28,102 DEBUG SQL:104 - 
    insert 
    into
        Address
        (addressType, street, city, stateProvince, postalCode, country, studentNumber, id) 
    values
        (?, ?, ?, ?, ?, ?, ?, ?)
14:18:28,103 DEBUG BaseGeneralDataRegion:59 - Caching[foo.org.hibernate.cache.spi.UpdateTimestampsCache] : [Address] -> [5579091018149888]
14:18:28,103 DEBUG SQL:104 - 
    insert 
    into
        Student
        (name_first, name_middle, name_last, preferredCourseCode, studentId) 
    values
        (?, ?, ?, ?, ?)
14:18:28,103 DEBUG BaseGeneralDataRegion:59 - Caching[foo.org.hibernate.cache.spi.UpdateTimestampsCache] : [Student] -> [5579091018149889]
14:18:28,103 DEBUG SQL:104 - 
    insert 
    into
        Enrolment
        (semester, "year", studentId, courseCode) 
    values
        (?, ?, ?, ?)
14:18:28,103 DEBUG BaseGeneralDataRegion:59 - Caching[foo.org.hibernate.cache.spi.UpdateTimestampsCache] : [Enrolment] -> [5579091018149890]
14:18:28,103 DEBUG SQL:104 - 
    insert 
    into
        Enrolment
        (semester, "year", studentId, courseCode) 
    values
        (?, ?, ?, ?)
14:18:28,103 DEBUG BaseGeneralDataRegion:59 - Caching[foo.org.hibernate.cache.spi.UpdateTimestampsCache] : [Enrolment] -> [5579091018149891]
14:18:28,104 DEBUG BaseGeneralDataRegion:59 - Caching[foo.org.hibernate.cache.spi.UpdateTimestampsCache] : [CourseMeeting] -> [5579091018153984]
14:18:28,104 DEBUG BaseGeneralDataRegion:59 - Caching[foo.org.hibernate.cache.spi.UpdateTimestampsCache] : [Enrolment] -> [5579091018153985]
14:18:28,104 DEBUG SQL:104 - 
    update
        Address 
    set
        studentNumber=?,
        addressType=? 
    where
        id=?
14:18:28,104 DEBUG SQL:104 - 
    update
        Address 
    set
        studentNumber=?,
        addressType=? 
    where
        id=?
14:18:28,104 DEBUG BaseGeneralDataRegion:59 - Caching[foo.org.hibernate.cache.spi.UpdateTimestampsCache] : [Address] -> [5579091018153986]
14:18:28,104 DEBUG SQL:104 - 
    insert 
    into
        Student_secretCodes
        (studentNumber, i, secretCode) 
    values
        (?, ?, ?)
14:18:28,104 DEBUG BaseGeneralDataRegion:59 - Caching[foo.org.hibernate.cache.spi.UpdateTimestampsCache] : [Student_secretCodes] -> [5579091018153987]
14:18:28,105 DEBUG BaseGeneralDataRegion:59 - Caching[foo.org.hibernate.cache.spi.UpdateTimestampsCache] : [Enrolment] -> [5579091018153988]
14:18:28,105 DEBUG BaseGeneralDataRegion:59 - Caching[foo.org.hibernate.cache.spi.UpdateTimestampsCache] : [Address] -> [5579091018158080]
14:18:28,105 DEBUG SQL:104 - 
    insert 
    into
        Student_secretCodes
        (studentNumber, i, secretCode) 
    values
        (?, ?, ?)
14:18:28,105 DEBUG SQL:104 - 
    insert 
    into
        Student_secretCodes
        (studentNumber, i, secretCode) 
    values
        (?, ?, ?)
14:18:28,105 DEBUG BaseGeneralDataRegion:59 - Caching[foo.org.hibernate.cache.spi.UpdateTimestampsCache] : [Student_secretCodes] -> [5579091018158081]
14:18:28,105 DEBUG BaseGeneralDataRegion:59 - Caching[foo.org.hibernate.cache.spi.UpdateTimestampsCache] : [Student] -> [5579090772398082]
14:18:28,105 DEBUG BaseGeneralDataRegion:59 - Caching[foo.org.hibernate.cache.spi.UpdateTimestampsCache] : [Course] -> [5579090772398082]
14:18:28,105 DEBUG BaseGeneralDataRegion:59 - Caching[foo.org.hibernate.cache.spi.UpdateTimestampsCache] : [Enrolment] -> [5579090772398082]
14:18:28,106 DEBUG BaseGeneralDataRegion:59 - Caching[foo.org.hibernate.cache.spi.UpdateTimestampsCache] : [Student_secretCodes] -> [5579090772398082]
14:18:28,106 DEBUG BaseGeneralDataRegion:59 - Caching[foo.org.hibernate.cache.spi.UpdateTimestampsCache] : [Address] -> [5579090772398082]
14:18:28,106 DEBUG BaseGeneralDataRegion:59 - Caching[foo.org.hibernate.cache.spi.UpdateTimestampsCache] : [CourseMeeting] -> [5579090772398082]
14:18:28,106 DEBUG QueryTranslatorImpl:265 - parse() - HQL: select elements(s.secretCodes) from org.hibernate.test.querycache.Student s
14:18:28,107 DEBUG QueryTranslatorImpl:283 - --- HQL AST ---
 \-[QUERY] Node: 'query'
    \-[SELECT_FROM] Node: 'SELECT_FROM'
       +-[FROM] Node: 'from'
       |  \-[RANGE] Node: 'RANGE'
       |     +-[DOT] Node: '.'
       |     |  +-[DOT] Node: '.'
       |     |  |  +-[DOT] Node: '.'
       |     |  |  |  +-[DOT] Node: '.'
       |     |  |  |  |  +-[IDENT] Node: 'org'
       |     |  |  |  |  \-[IDENT] Node: 'hibernate'
       |     |  |  |  \-[IDENT] Node: 'test'
       |     |  |  \-[IDENT] Node: 'querycache'
       |     |  \-[IDENT] Node: 'Student'
       |     \-[ALIAS] Node: 's'
       \-[SELECT] Node: 'select'
          \-[ELEMENTS] Node: 'elements'
             \-[DOT] Node: '.'
                +-[IDENT] Node: 's'
                \-[IDENT] Node: 'secretCodes'

14:18:28,107 DEBUG ErrorCounter:82 - throwQueryException() : no errors
14:18:28,107 DEBUG FromElement:157 - FromClause{level=1} : org.hibernate.test.querycache.Student (s) -> student0_
14:18:28,108 DEBUG FromReferenceNode:74 - Resolved : s -> student0_.studentId
14:18:28,108 DEBUG DotNode:599 - getDataType() : secretCodes -> org.hibernate.type.ListType(org.hibernate.test.querycache.Student.secretCodes)
14:18:28,108 DEBUG FromElement:157 - FromClause{level=1} : null (<no alias>) -> secretcode1_
14:18:28,108 DEBUG FromClause:369 - addCollectionJoinFromElementByPath() : s.secretCodes -> Student_secretCodes
14:18:28,108 DEBUG DotNode:308 - dereferenceCollection() : Created new FROM element for s.secretCodes : Student_secretCodes secretcode1_
14:18:28,108 DEBUG MethodNode:207 - Creating elements for s.secretCodes[].elements
14:18:28,108 DEBUG HqlSqlWalker:629 - processQuery() :  ( SELECT ( {select clause} ( secretcode1_.secretCode ( . student0_.studentId secretCodes ) ) ) ( FromClause{level=1} (  Student_secretCodes secretcode1_ ) ) )
14:18:28,109 DEBUG JoinProcessor:175 - Using FROM fragment [Student student0_]
14:18:28,109 DEBUG SyntheticAndFactory:92 - Using unprocessed WHERE-fragment [student0_.studentId=secretcode1_.studentNumber]
14:18:28,109 DEBUG SyntheticAndFactory:124 - Using processed WHERE-fragment [student0_.studentId=secretcode1_.studentNumber]
14:18:28,109 DEBUG QueryNode:73 - getWhereClause() : Creating a new WHERE clause...
14:18:28,109 DEBUG QueryTranslatorImpl:252 - --- SQL AST ---
 \-[SELECT] QueryNode: 'SELECT'  querySpaces (Student,Student_secretCodes)
    +-[SELECT_CLAUSE] SelectClause: '{select clause}'
    |  +-[SQL_TOKEN] CollectionFunction: 'secretcode1_.secretCode' {method=elements,selectColumns=[secretcode1_.secretCode],fromElement=secretcode1_}
    |  |  \-[DOT] DotNode: '.' {propertyName=secretCodes,dereferenceType=NULL_TREE_LOOKAHEAD,propertyPath=secretCodes,path=s.secretCodes,tableAlias=secretcode1_,className=null,classAlias=null}
    |  |     +-[ALIAS_REF] IdentNode: 'student0_.studentId' {alias=s, className=org.hibernate.test.querycache.Student, tableAlias=student0_}
    |  |     \-[IDENT] IdentNode: 'secretCodes' {originalText=secretCodes}
    |  \-[SELECT_COLUMNS] SqlNode: ' as col_0_0_'
    +-[FROM] FromClause: 'from' FromClause{level=1, fromElementCounter=1, fromElements=2, fromElementByClassAlias=[s], fromElementByTableAlias=[student0_, secretcode1_], fromElementsByPath=[], collectionJoinFromElementsByPath=[s.secretCodes], impliedElements=[]}
    |  \-[FROM_FRAGMENT] FromElement: 'Student student0_' FromElement{explicit,collection join,not a fetch join,fetch non-lazy properties,classAlias=s,role=null,tableName=Student,tableAlias=student0_,origin=null,columns={,className=org.hibernate.test.querycache.Student}}
    |     \-[FROM_FRAGMENT] ImpliedFromElement: 'Student_secretCodes secretcode1_' ImpliedFromElement{implied,collection join,not a fetch join,fetch non-lazy properties,classAlias=null,role=org.hibernate.test.querycache.Student.secretCodes,tableName={none},tableAlias=secretcode1_,origin=Student student0_,columns={,className=null}}
    \-[WHERE] SqlNode: 'WHERE'
       \-[THETA_JOINS] SqlNode: '{theta joins}'
          \-[SQL_TOKEN] SqlFragment: 'student0_.studentId=secretcode1_.studentNumber'

14:18:28,109 DEBUG ErrorCounter:82 - throwQueryException() : no errors
14:18:28,109 DEBUG QueryTranslatorImpl:235 - HQL: select elements(s.secretCodes) from org.hibernate.test.querycache.Student s
14:18:28,110 DEBUG QueryTranslatorImpl:236 - SQL: select secretcode1_.secretCode as col_0_0_ from Student student0_, Student_secretCodes secretcode1_ where student0_.studentId=secretcode1_.studentNumber
14:18:28,110 DEBUG ErrorCounter:82 - throwQueryException() : no errors
14:18:28,110 DEBUG SQL:104 - 
    select
        secretcode1_.secretCode as col_0_0_ 
    from
        Student student0_,
        Student_secretCodes secretcode1_ 
    where
        student0_.studentId=secretcode1_.studentNumber
14:18:28,130 DEBUG SQL:104 - 
    select
        secretcode1_.secretCode as col_0_0_ 
    from
        Student student0_,
        Student_secretCodes secretcode1_ 
    where
        student0_.studentId=secretcode1_.studentNumber
14:18:28,130 DEBUG SQL:104 - 
    select
        student_.studentId,
        student_.name_first as name2_4_,
        student_.name_middle as name3_4_,
        student_.name_last as name4_4_,
        student_.preferredCourseCode as preferre5_4_ 
    from
        Student student_ 
    where
        student_.studentId=?
14:18:28,131 DEBUG SQL:104 - 
    select
        enrolment_.studentId,
        enrolment_.courseCode,
        enrolment_.semester as semester3_,
        enrolment_."year" as year4_3_ 
    from
        Enrolment enrolment_ 
    where
        enrolment_.studentId=? 
        and enrolment_.courseCode=?
14:18:28,140 DEBUG SQL:104 - 
    select
        course_.courseCode,
        course_.description as descript2_1_ 
    from
        Course course_ 
    where
        course_.courseCode=?
14:18:28,140 DEBUG SQL:104 - 
    select
        student_.studentId,
        student_.name_first as name2_4_,
        student_.name_middle as name3_4_,
        student_.name_last as name4_4_,
        student_.preferredCourseCode as preferre5_4_ 
    from
        Student student_ 
    where
        student_.studentId=?
14:18:28,140 DEBUG SQL:104 - 
    select
        enrolment_.studentId,
        enrolment_.courseCode,
        enrolment_.semester as semester3_,
        enrolment_."year" as year4_3_ 
    from
        Enrolment enrolment_ 
    where
        enrolment_.studentId=? 
        and enrolment_.courseCode=?
14:18:28,151 DEBUG SQL:104 - 
    select
        coursemeet_.courseCode,
        coursemeet_.day,
        coursemeet_.period,
        coursemeet_.location 
    from
        CourseMeeting coursemeet_ 
    where
        coursemeet_.courseCode=? 
        and coursemeet_.day=? 
        and coursemeet_.period=? 
        and coursemeet_.location=?
14:18:28,151 DEBUG SQL:104 - 
    select
        coursemeet_.courseCode,
        coursemeet_.day,
        coursemeet_.period,
        coursemeet_.location 
    from
        CourseMeeting coursemeet_ 
    where
        coursemeet_.courseCode=? 
        and coursemeet_.day=? 
        and coursemeet_.period=? 
        and coursemeet_.location=?
14:18:28,160 DEBUG BaseGeneralDataRegion:59 - Caching[foo.org.hibernate.cache.spi.UpdateTimestampsCache] : [Enrolment] -> [5579091018383360]
14:18:28,161 DEBUG SQL:104 - 
    update
        Address 
    set
        studentNumber=null,
        addressType=null 
    where
        studentNumber=?
14:18:28,161 DEBUG BaseGeneralDataRegion:59 - Caching[foo.org.hibernate.cache.spi.UpdateTimestampsCache] : [Address] -> [5579091018387456]
14:18:28,161 DEBUG SQL:104 - 
    delete 
    from
        Student_secretCodes 
    where
        studentNumber=?
14:18:28,161 DEBUG BaseGeneralDataRegion:59 - Caching[foo.org.hibernate.cache.spi.UpdateTimestampsCache] : [Student_secretCodes] -> [5579091018387457]
14:18:28,161 DEBUG BaseGeneralDataRegion:59 - Caching[foo.org.hibernate.cache.spi.UpdateTimestampsCache] : [Enrolment] -> [5579091018387458]
14:18:28,161 DEBUG BaseGeneralDataRegion:59 - Caching[foo.org.hibernate.cache.spi.UpdateTimestampsCache] : [Address] -> [5579091018387459]
14:18:28,161 DEBUG SQL:104 - 
    delete 
    from
        Student_secretCodes 
    where
        studentNumber=?
14:18:28,162 DEBUG BaseGeneralDataRegion:59 - Caching[foo.org.hibernate.cache.spi.UpdateTimestampsCache] : [Student_secretCodes] -> [5579091018391552]
14:18:28,162 DEBUG BaseGeneralDataRegion:59 - Caching[foo.org.hibernate.cache.spi.UpdateTimestampsCache] : [CourseMeeting] -> [5579091018391553]
14:18:28,162 DEBUG SQL:104 - 
    delete 
    from
        Enrolment 
    where
        studentId=? 
        and courseCode=?
14:18:28,171 DEBUG BaseGeneralDataRegion:59 - Caching[foo.org.hibernate.cache.spi.UpdateTimestampsCache] : [Enrolment] -> [5579091018428416]
14:18:28,172 DEBUG SQL:104 - 
    delete 
    from
        Address 
    where
        id=?
14:18:28,172 DEBUG BaseGeneralDataRegion:59 - Caching[foo.org.hibernate.cache.spi.UpdateTimestampsCache] : [Address] -> [5579091018432512]
14:18:28,172 DEBUG SQL:104 - 
    delete 
    from
        Address 
    where
        id=?
14:18:28,172 DEBUG BaseGeneralDataRegion:59 - Caching[foo.org.hibernate.cache.spi.UpdateTimestampsCache] : [Address] -> [5579091018432513]
14:18:28,172 DEBUG SQL:104 - 
    delete 
    from
        Student 
    where
        studentId=?
14:18:28,172 DEBUG BaseGeneralDataRegion:59 - Caching[foo.org.hibernate.cache.spi.UpdateTimestampsCache] : [Student] -> [5579091018432514]
14:18:28,173 DEBUG SQL:104 - 
    delete 
    from
        Enrolment 
    where
        studentId=? 
        and courseCode=?
14:18:28,182 DEBUG BaseGeneralDataRegion:59 - Caching[foo.org.hibernate.cache.spi.UpdateTimestampsCache] : [Enrolment] -> [5579091018473472]
14:18:28,182 DEBUG SQL:104 - 
    delete 
    from
        Student 
    where
        studentId=?
14:18:28,182 DEBUG BaseGeneralDataRegion:59 - Caching[foo.org.hibernate.cache.spi.UpdateTimestampsCache] : [Student] -> [5579091018473473]
14:18:28,183 DEBUG SQL:104 - 
    delete 
    from
        CourseMeeting 
    where
        courseCode=? 
        and day=? 
        and period=? 
        and location=?
14:18:28,183 DEBUG BaseGeneralDataRegion:59 - Caching[foo.org.hibernate.cache.spi.UpdateTimestampsCache] : [CourseMeeting] -> [5579091018477568]
14:18:28,183 DEBUG SQL:104 - 
    delete 
    from
        CourseMeeting 
    where
        courseCode=? 
        and day=? 
        and period=? 
        and location=?
14:18:28,192 DEBUG BaseGeneralDataRegion:59 - Caching[foo.org.hibernate.cache.spi.UpdateTimestampsCache] : [CourseMeeting] -> [5579091018514432]
14:18:28,193 DEBUG SQL:104 - 
    delete 
    from
        Course 
    where
        courseCode=?
14:18:28,193 DEBUG BaseGeneralDataRegion:59 - Caching[foo.org.hibernate.cache.spi.UpdateTimestampsCache] : [Course] -> [5579091018518528]
14:18:28,193 DEBUG BaseGeneralDataRegion:59 - Caching[foo.org.hibernate.cache.spi.UpdateTimestampsCache] : [Student] -> [5579090772758529]
14:18:28,193 DEBUG BaseGeneralDataRegion:59 - Caching[foo.org.hibernate.cache.spi.UpdateTimestampsCache] : [Course] -> [5579090772758529]
14:18:28,193 DEBUG BaseGeneralDataRegion:59 - Caching[foo.org.hibernate.cache.spi.UpdateTimestampsCache] : [Enrolment] -> [5579090772758529]
14:18:28,193 DEBUG BaseGeneralDataRegion:59 - Caching[foo.org.hibernate.cache.spi.UpdateTimestampsCache] : [Student_secretCodes] -> [5579090772758529]
14:18:28,193 DEBUG BaseGeneralDataRegion:59 - Caching[foo.org.hibernate.cache.spi.UpdateTimestampsCache] : [Address] -> [5579090772758529]
14:18:28,194 DEBUG BaseGeneralDataRegion:59 - Caching[foo.org.hibernate.cache.spi.UpdateTimestampsCache] : [CourseMeeting] -> [5579090772758529]
14:18:28,194  INFO CustomRunner:139 - Test: testMapElementsList
14:18:28,195 DEBUG SQL:104 - 
    select
        coursemeet_.courseCode,
        coursemeet_.day,
        coursemeet_.period,
        coursemeet_.location 
    from
        CourseMeeting coursemeet_ 
    where
        coursemeet_.courseCode=? 
        and coursemeet_.day=? 
        and coursemeet_.period=? 
        and coursemeet_.location=?
14:18:28,203 DEBUG SQL:104 - 
    select
        coursemeet_.courseCode,
        coursemeet_.day,
        coursemeet_.period,
        coursemeet_.location 
    from
        CourseMeeting coursemeet_ 
    where
        coursemeet_.courseCode=? 
        and coursemeet_.day=? 
        and coursemeet_.period=? 
        and coursemeet_.location=?
14:18:28,205 DEBUG SQL:104 - 
    insert 
    into
        Course
        (description, courseCode) 
    values
        (?, ?)
14:18:28,205 DEBUG BaseGeneralDataRegion:59 - Caching[foo.org.hibernate.cache.spi.UpdateTimestampsCache] : [Course] -> [5579091018567680]
14:18:28,205 DEBUG SQL:104 - 
    insert 
    into
        CourseMeeting
        (courseCode, day, period, location) 
    values
        (?, ?, ?, ?)
14:18:28,206 DEBUG BaseGeneralDataRegion:59 - Caching[foo.org.hibernate.cache.spi.UpdateTimestampsCache] : [CourseMeeting] -> [5579091018571776]
14:18:28,206 DEBUG SQL:104 - 
    insert 
    into
        CourseMeeting
        (courseCode, day, period, location) 
    values
        (?, ?, ?, ?)
14:18:28,206 DEBUG BaseGeneralDataRegion:59 - Caching[foo.org.hibernate.cache.spi.UpdateTimestampsCache] : [CourseMeeting] -> [5579091018571777]
14:18:28,206 DEBUG SQL:104 - 
    insert 
    into
        Student
        (name_first, name_middle, name_last, preferredCourseCode, studentId) 
    values
        (?, ?, ?, ?, ?)
14:18:28,206 DEBUG BaseGeneralDataRegion:59 - Caching[foo.org.hibernate.cache.spi.UpdateTimestampsCache] : [Student] -> [5579091018571778]
14:18:28,206 DEBUG SQL:104 - 
    insert 
    into
        Address
        (addressType, street, city, stateProvince, postalCode, country, studentNumber, id) 
    values
        (?, ?, ?, ?, ?, ?, ?, ?)
14:18:28,218 DEBUG BaseGeneralDataRegion:59 - Caching[foo.org.hibernate.cache.spi.UpdateTimestampsCache] : [Address] -> [5579091018620928]
14:18:28,219 DEBUG SQL:104 - 
    insert 
    into
        Address
        (addressType, street, city, stateProvince, postalCode, country, studentNumber, id) 
    values
        (?, ?, ?, ?, ?, ?, ?, ?)
14:18:28,219 DEBUG BaseGeneralDataRegion:59 - Caching[foo.org.hibernate.cache.spi.UpdateTimestampsCache] : [Address] -> [5579091018625024]
14:18:28,219 DEBUG SQL:104 - 
    insert 
    into
        Student
        (name_first, name_middle, name_last, preferredCourseCode, studentId) 
    values
        (?, ?, ?, ?, ?)
14:18:28,219 DEBUG BaseGeneralDataRegion:59 - Caching[foo.org.hibernate.cache.spi.UpdateTimestampsCache] : [Student] -> [5579091018625025]
14:18:28,219 DEBUG SQL:104 - 
    insert 
    into
        Enrolment
        (semester, "year", studentId, courseCode) 
    values
        (?, ?, ?, ?)
14:18:28,220 DEBUG BaseGeneralDataRegion:59 - Caching[foo.org.hibernate.cache.spi.UpdateTimestampsCache] : [Enrolment] -> [5579091018629120]
14:18:28,220 DEBUG SQL:104 - 
    insert 
    into
        Enrolment
        (semester, "year", studentId, courseCode) 
    values
        (?, ?, ?, ?)
14:18:28,229 DEBUG BaseGeneralDataRegion:59 - Caching[foo.org.hibernate.cache.spi.UpdateTimestampsCache] : [Enrolment] -> [5579091018665984]
14:18:28,230 DEBUG BaseGeneralDataRegion:59 - Caching[foo.org.hibernate.cache.spi.UpdateTimestampsCache] : [CourseMeeting] -> [5579091018670080]
14:18:28,230 DEBUG BaseGeneralDataRegion:59 - Caching[foo.org.hibernate.cache.spi.UpdateTimestampsCache] : [Enrolment] -> [5579091018670081]
14:18:28,230 DEBUG SQL:104 - 
    update
        Address 
    set
        studentNumber=?,
        addressType=? 
    where
        id=?
14:18:28,230 DEBUG SQL:104 - 
    update
        Address 
    set
        studentNumber=?,
        addressType=? 
    where
        id=?
14:18:28,230 DEBUG BaseGeneralDataRegion:59 - Caching[foo.org.hibernate.cache.spi.UpdateTimestampsCache] : [Address] -> [5579091018670082]
14:18:28,230 DEBUG SQL:104 - 
    insert 
    into
        Student_secretCodes
        (studentNumber, i, secretCode) 
    values
        (?, ?, ?)
14:18:28,230 DEBUG BaseGeneralDataRegion:59 - Caching[foo.org.hibernate.cache.spi.UpdateTimestampsCache] : [Student_secretCodes] -> [5579091018670083]
14:18:28,231 DEBUG BaseGeneralDataRegion:59 - Caching[foo.org.hibernate.cache.spi.UpdateTimestampsCache] : [Enrolment] -> [5579091018674176]
14:18:28,231 DEBUG BaseGeneralDataRegion:59 - Caching[foo.org.hibernate.cache.spi.UpdateTimestampsCache] : [Address] -> [5579091018674177]
14:18:28,231 DEBUG SQL:104 - 
    insert 
    into
        Student_secretCodes
        (studentNumber, i, secretCode) 
    values
        (?, ?, ?)
14:18:28,231 DEBUG SQL:104 - 
    insert 
    into
        Student_secretCodes
        (studentNumber, i, secretCode) 
    values
        (?, ?, ?)
14:18:28,250 DEBUG BaseGeneralDataRegion:59 - Caching[foo.org.hibernate.cache.spi.UpdateTimestampsCache] : [Student_secretCodes] -> [5579091018752000]
14:18:28,251 DEBUG BaseGeneralDataRegion:59 - Caching[foo.org.hibernate.cache.spi.UpdateTimestampsCache] : [Student] -> [5579090772996096]
14:18:28,251 DEBUG BaseGeneralDataRegion:59 - Caching[foo.org.hibernate.cache.spi.UpdateTimestampsCache] : [Course] -> [5579090772996096]
14:18:28,251 DEBUG BaseGeneralDataRegion:59 - Caching[foo.org.hibernate.cache.spi.UpdateTimestampsCache] : [Enrolment] -> [5579090772996096]
14:18:28,251 DEBUG BaseGeneralDataRegion:59 - Caching[foo.org.hibernate.cache.spi.UpdateTimestampsCache] : [Student_secretCodes] -> [5579090772996096]
14:18:28,251 DEBUG BaseGeneralDataRegion:59 - Caching[foo.org.hibernate.cache.spi.UpdateTimestampsCache] : [Address] -> [5579090772996096]
14:18:28,251 DEBUG BaseGeneralDataRegion:59 - Caching[foo.org.hibernate.cache.spi.UpdateTimestampsCache] : [CourseMeeting] -> [5579090772996096]
14:18:28,252 DEBUG QueryTranslatorImpl:265 - parse() - HQL: select elements(a) from org.hibernate.test.querycache.Student s inner join s.addresses a
14:18:28,253 DEBUG QueryTranslatorImpl:283 - --- HQL AST ---
 \-[QUERY] Node: 'query'
    \-[SELECT_FROM] Node: 'SELECT_FROM'
       +-[FROM] Node: 'from'
       |  +-[RANGE] Node: 'RANGE'
       |  |  +-[DOT] Node: '.'
       |  |  |  +-[DOT] Node: '.'
       |  |  |  |  +-[DOT] Node: '.'
       |  |  |  |  |  +-[DOT] Node: '.'
       |  |  |  |  |  |  +-[IDENT] Node: 'org'
       |  |  |  |  |  |  \-[IDENT] Node: 'hibernate'
       |  |  |  |  |  \-[IDENT] Node: 'test'
       |  |  |  |  \-[IDENT] Node: 'querycache'
       |  |  |  \-[IDENT] Node: 'Student'
       |  |  \-[ALIAS] Node: 's'
       |  \-[JOIN] Node: 'join'
       |     +-[INNER] Node: 'inner'
       |     +-[DOT] Node: '.'
       |     |  +-[IDENT] Node: 's'
       |     |  \-[IDENT] Node: 'addresses'
       |     \-[ALIAS] Node: 'a'
       \-[SELECT] Node: 'select'
          \-[ELEMENTS] Node: 'elements'
             \-[IDENT] Node: 'a'

14:18:28,263 DEBUG ErrorCounter:82 - throwQueryException() : no errors
14:18:28,263 DEBUG FromElement:157 - FromClause{level=1} : org.hibernate.test.querycache.Student (s) -> student0_
14:18:28,263 DEBUG FromReferenceNode:74 - Resolved : s -> student0_.studentId
14:18:28,263 DEBUG DotNode:599 - getDataType() : addresses -> org.hibernate.type.MapType(org.hibernate.test.querycache.Student.addresses)
14:18:28,264 DEBUG FromElementFactory:376 - createEntityAssociation() : One to many - path = s.addresses role = org.hibernate.test.querycache.Student.addresses associatedEntityName = org.hibernate.test.querycache.Address
14:18:28,264 DEBUG FromElement:157 - FromClause{level=1} : org.hibernate.test.querycache.Address (a) -> addresses1_
14:18:28,264 DEBUG FromClause:282 - addJoinByPathMap() : s.addresses -> FromElement{explicit,not a collection join,not a fetch join,fetch non-lazy properties,classAlias=a,role=null,tableName=Address,tableAlias=addresses1_,origin=Student student0_,columns={student0_.studentId ,className=org.hibernate.test.querycache.Address}}
14:18:28,264 DEBUG DotNode:308 - dereferenceCollection() : Created new FROM element for s.addresses : Address addresses1_
14:18:28,264 DEBUG FromReferenceNode:74 - Resolved : s.addresses -> .
14:18:28,264 DEBUG HqlSqlWalker:403 - createFromJoinElement() : -- join tree --
 \-[JOIN_FRAGMENT] FromElement: 'Address addresses1_' FromElement{explicit,not a collection join,not a fetch join,fetch non-lazy properties,classAlias=a,role=org.hibernate.test.querycache.Student.addresses,tableName=Address,tableAlias=addresses1_,origin=Student student0_,columns={student0_.studentId ,className=org.hibernate.test.querycache.Address}}

14:18:28,264 DEBUG FromReferenceNode:74 - Resolved : a -> addresses1_.id
14:18:28,265 DEBUG MethodNode:207 - Creating elements for a[].elements
14:18:28,265 DEBUG HqlSqlWalker:629 - processQuery() :  ( SELECT ( {select clause} ( addresses1_.id addresses1_.id ) ) ( FromClause{level=1} ( Student student0_ Address addresses1_ ) ) )
14:18:28,265 DEBUG JoinProcessor:175 - Using FROM fragment [Student student0_]
14:18:28,265 DEBUG JoinProcessor:175 - Using FROM fragment [inner join Address addresses1_ on student0_.studentId=addresses1_.studentNumber]
14:18:28,265 DEBUG QueryTranslatorImpl:252 - --- SQL AST ---
 \-[SELECT] QueryNode: 'SELECT'  querySpaces (Student,Address)
    +-[SELECT_CLAUSE] SelectClause: '{select clause}'
    |  +-[SQL_TOKEN] CollectionFunction: 'addresses1_.id' {method=elements,selectColumns=[addresses1_.id],fromElement=addresses1_}
    |  |  \-[ALIAS_REF] IdentNode: 'addresses1_.id' {alias=a, className=org.hibernate.test.querycache.Address, tableAlias=addresses1_}
    |  \-[SELECT_COLUMNS] SqlNode: ' as col_0_0_'
    \-[FROM] FromClause: 'from' FromClause{level=1, fromElementCounter=2, fromElements=2, fromElementByClassAlias=[s, a], fromElementByTableAlias=[student0_, addresses1_], fromElementsByPath=[s.addresses], collectionJoinFromElementsByPath=[], impliedElements=[]}
       \-[FROM_FRAGMENT] FromElement: 'Student student0_' FromElement{explicit,not a collection join,not a fetch join,fetch non-lazy properties,classAlias=s,role=null,tableName=Student,tableAlias=student0_,origin=null,columns={,className=org.hibernate.test.querycache.Student}}
          \-[JOIN_FRAGMENT] FromElement: 'inner join Address addresses1_ on student0_.studentId=addresses1_.studentNumber' FromElement{explicit,not a collection join,not a fetch join,fetch non-lazy properties,classAlias=a,role=org.hibernate.test.querycache.Student.addresses,tableName=Address,tableAlias=addresses1_,origin=Student student0_,columns={student0_.studentId ,className=org.hibernate.test.querycache.Address}}

14:18:28,277 DEBUG ErrorCounter:82 - throwQueryException() : no errors
14:18:28,278 DEBUG QueryTranslatorImpl:235 - HQL: select elements(a) from org.hibernate.test.querycache.Student s inner join s.addresses a
14:18:28,278 DEBUG QueryTranslatorImpl:236 - SQL: select addresses1_.id as col_0_0_ from Student student0_ inner join Address addresses1_ on student0_.studentId=addresses1_.studentNumber
14:18:28,278 DEBUG ErrorCounter:82 - throwQueryException() : no errors
14:18:28,278 DEBUG SQL:104 - 
    select
        addresses1_.id as col_0_0_ 
    from
        Student student0_ 
    inner join
        Address addresses1_ 
            on student0_.studentId=addresses1_.studentNumber
14:18:28,279 DEBUG SQL:104 - 
    select
        address0_.id as id0_0_,
        address0_.addressType as addressT2_0_0_,
        address0_.street as street0_0_,
        address0_.city as city0_0_,
        address0_.stateProvince as statePro5_0_0_,
        address0_.postalCode as postalCode0_0_,
        address0_.country as country0_0_,
        address0_.studentNumber as studentN8_0_0_ 
    from
        Address address0_ 
    where
        address0_.id=?
14:18:28,279 DEBUG SQL:104 - 
    select
        address0_.id as id0_0_,
        address0_.addressType as addressT2_0_0_,
        address0_.street as street0_0_,
        address0_.city as city0_0_,
        address0_.stateProvince as statePro5_0_0_,
        address0_.postalCode as postalCode0_0_,
        address0_.country as country0_0_,
        address0_.studentNumber as studentN8_0_0_ 
    from
        Address address0_ 
    where
        address0_.id=?
14:18:28,291 DEBUG SQL:104 - 
    select
        addresses1_.id as col_0_0_ 
    from
        Student student0_ 
    inner join
        Address addresses1_ 
            on student0_.studentId=addresses1_.studentNumber
14:18:28,292 DEBUG SQL:104 - 
    select
        address0_.id as id0_0_,
        address0_.addressType as addressT2_0_0_,
        address0_.street as street0_0_,
        address0_.city as city0_0_,
        address0_.stateProvince as statePro5_0_0_,
        address0_.postalCode as postalCode0_0_,
        address0_.country as country0_0_,
        address0_.studentNumber as studentN8_0_0_ 
    from
        Address address0_ 
    where
        address0_.id=?
14:18:28,303 DEBUG SQL:104 - 
    select
        address0_.id as id0_0_,
        address0_.addressType as addressT2_0_0_,
        address0_.street as street0_0_,
        address0_.city as city0_0_,
        address0_.stateProvince as statePro5_0_0_,
        address0_.postalCode as postalCode0_0_,
        address0_.country as country0_0_,
        address0_.studentNumber as studentN8_0_0_ 
    from
        Address address0_ 
    where
        address0_.id=?
14:18:28,304 DEBUG SQL:104 - 
    select
        student_.studentId,
        student_.name_first as name2_4_,
        student_.name_middle as name3_4_,
        student_.name_last as name4_4_,
        student_.preferredCourseCode as preferre5_4_ 
    from
        Student student_ 
    where
        student_.studentId=?
14:18:28,304 DEBUG SQL:104 - 
    select
        enrolment_.studentId,
        enrolment_.courseCode,
        enrolment_.semester as semester3_,
        enrolment_."year" as year4_3_ 
    from
        Enrolment enrolment_ 
    where
        enrolment_.studentId=? 
        and enrolment_.courseCode=?
14:18:28,316 DEBUG SQL:104 - 
    select
        course_.courseCode,
        course_.description as descript2_1_ 
    from
        Course course_ 
    where
        course_.courseCode=?
14:18:28,316 DEBUG SQL:104 - 
    select
        student_.studentId,
        student_.name_first as name2_4_,
        student_.name_middle as name3_4_,
        student_.name_last as name4_4_,
        student_.preferredCourseCode as preferre5_4_ 
    from
        Student student_ 
    where
        student_.studentId=?
14:18:28,317 DEBUG SQL:104 - 
    select
        enrolment_.studentId,
        enrolment_.courseCode,
        enrolment_.semester as semester3_,
        enrolment_."year" as year4_3_ 
    from
        Enrolment enrolment_ 
    where
        enrolment_.studentId=? 
        and enrolment_.courseCode=?
14:18:28,328 DEBUG SQL:104 - 
    select
        coursemeet_.courseCode,
        coursemeet_.day,
        coursemeet_.period,
        coursemeet_.location 
    from
        CourseMeeting coursemeet_ 
    where
        coursemeet_.courseCode=? 
        and coursemeet_.day=? 
        and coursemeet_.period=? 
        and coursemeet_.location=?
14:18:28,329 DEBUG SQL:104 - 
    select
        coursemeet_.courseCode,
        coursemeet_.day,
        coursemeet_.period,
        coursemeet_.location 
    from
        CourseMeeting coursemeet_ 
    where
        coursemeet_.courseCode=? 
        and coursemeet_.day=? 
        and coursemeet_.period=? 
        and coursemeet_.location=?
14:18:28,341 DEBUG BaseGeneralDataRegion:59 - Caching[foo.org.hibernate.cache.spi.UpdateTimestampsCache] : [Enrolment] -> [5579091019124736]
14:18:28,341 DEBUG SQL:104 - 
    update
        Address 
    set
        studentNumber=null,
        addressType=null 
    where
        studentNumber=?
14:18:28,342 DEBUG BaseGeneralDataRegion:59 - Caching[foo.org.hibernate.cache.spi.UpdateTimestampsCache] : [Address] -> [5579091019128832]
14:18:28,342 DEBUG SQL:104 - 
    delete 
    from
        Student_secretCodes 
    where
        studentNumber=?
14:18:28,342 DEBUG BaseGeneralDataRegion:59 - Caching[foo.org.hibernate.cache.spi.UpdateTimestampsCache] : [Student_secretCodes] -> [5579091019128833]
14:18:28,342 DEBUG BaseGeneralDataRegion:59 - Caching[foo.org.hibernate.cache.spi.UpdateTimestampsCache] : [Enrolment] -> [5579091019128834]
14:18:28,342 DEBUG BaseGeneralDataRegion:59 - Caching[foo.org.hibernate.cache.spi.UpdateTimestampsCache] : [Address] -> [5579091019128835]
14:18:28,342 DEBUG SQL:104 - 
    delete 
    from
        Student_secretCodes 
    where
        studentNumber=?
14:18:28,342 DEBUG BaseGeneralDataRegion:59 - Caching[foo.org.hibernate.cache.spi.UpdateTimestampsCache] : [Student_secretCodes] -> [5579091019128836]
14:18:28,342 DEBUG BaseGeneralDataRegion:59 - Caching[foo.org.hibernate.cache.spi.UpdateTimestampsCache] : [CourseMeeting] -> [5579091019128837]
14:18:28,342 DEBUG SQL:104 - 
    delete 
    from
        Enrolment 
    where
        studentId=? 
        and courseCode=?
14:18:28,343 DEBUG BaseGeneralDataRegion:59 - Caching[foo.org.hibernate.cache.spi.UpdateTimestampsCache] : [Enrolment] -> [5579091019132928]
14:18:28,343 DEBUG SQL:104 - 
    delete 
    from
        Address 
    where
        id=?
14:18:28,343 DEBUG BaseGeneralDataRegion:59 - Caching[foo.org.hibernate.cache.spi.UpdateTimestampsCache] : [Address] -> [5579091019132929]
14:18:28,343 DEBUG SQL:104 - 
    delete 
    from
        Address 
    where
        id=?
14:18:28,343 DEBUG BaseGeneralDataRegion:59 - Caching[foo.org.hibernate.cache.spi.UpdateTimestampsCache] : [Address] -> [5579091019132930]
14:18:28,343 DEBUG SQL:104 - 
    delete 
    from
        Student 
    where
        studentId=?
14:18:28,358 DEBUG BaseGeneralDataRegion:59 - Caching[foo.org.hibernate.cache.spi.UpdateTimestampsCache] : [Student] -> [5579091019194368]
14:18:28,358 DEBUG SQL:104 - 
    delete 
    from
        Enrolment 
    where
        studentId=? 
        and courseCode=?
14:18:28,358 DEBUG BaseGeneralDataRegion:59 - Caching[foo.org.hibernate.cache.spi.UpdateTimestampsCache] : [Enrolment] -> [5579091019194369]
14:18:28,358 DEBUG SQL:104 - 
    delete 
    from
        Student 
    where
        studentId=?
14:18:28,358 DEBUG BaseGeneralDataRegion:59 - Caching[foo.org.hibernate.cache.spi.UpdateTimestampsCache] : [Student] -> [5579091019194370]
14:18:28,358 DEBUG SQL:104 - 
    delete 
    from
        CourseMeeting 
    where
        courseCode=? 
        and day=? 
        and period=? 
        and location=?
14:18:28,359 DEBUG BaseGeneralDataRegion:59 - Caching[foo.org.hibernate.cache.spi.UpdateTimestampsCache] : [CourseMeeting] -> [5579091019198464]
14:18:28,359 DEBUG SQL:104 - 
    delete 
    from
        CourseMeeting 
    where
        courseCode=? 
        and day=? 
        and period=? 
        and location=?
14:18:28,374 DEBUG BaseGeneralDataRegion:59 - Caching[foo.org.hibernate.cache.spi.UpdateTimestampsCache] : [CourseMeeting] -> [5579091019259904]
14:18:28,375 DEBUG SQL:104 - 
    delete 
    from
        Course 
    where
        courseCode=?
14:18:28,375 DEBUG BaseGeneralDataRegion:59 - Caching[foo.org.hibernate.cache.spi.UpdateTimestampsCache] : [Course] -> [5579091019264000]
14:18:28,375 DEBUG BaseGeneralDataRegion:59 - Caching[foo.org.hibernate.cache.spi.UpdateTimestampsCache] : [Student] -> [5579090773504001]
14:18:28,375 DEBUG BaseGeneralDataRegion:59 - Caching[foo.org.hibernate.cache.spi.UpdateTimestampsCache] : [Course] -> [5579090773504001]
14:18:28,375 DEBUG BaseGeneralDataRegion:59 - Caching[foo.org.hibernate.cache.spi.UpdateTimestampsCache] : [Enrolment] -> [5579090773504001]
14:18:28,375 DEBUG BaseGeneralDataRegion:59 - Caching[foo.org.hibernate.cache.spi.UpdateTimestampsCache] : [Student_secretCodes] -> [5579090773504001]
14:18:28,375 DEBUG BaseGeneralDataRegion:59 - Caching[foo.org.hibernate.cache.spi.UpdateTimestampsCache] : [Address] -> [5579090773504001]
14:18:28,375 DEBUG BaseGeneralDataRegion:59 - Caching[foo.org.hibernate.cache.spi.UpdateTimestampsCache] : [CourseMeeting] -> [5579090773504001]
14:18:28,376  INFO CustomRunner:139 - Test: testMapEntryList
14:18:28,377 DEBUG SQL:104 - 
    select
        coursemeet_.courseCode,
        coursemeet_.day,
        coursemeet_.period,
        coursemeet_.location 
    from
        CourseMeeting coursemeet_ 
    where
        coursemeet_.courseCode=? 
        and coursemeet_.day=? 
        and coursemeet_.period=? 
        and coursemeet_.location=?
14:18:28,377 DEBUG SQL:104 - 
    select
        coursemeet_.courseCode,
        coursemeet_.day,
        coursemeet_.period,
        coursemeet_.location 
    from
        CourseMeeting coursemeet_ 
    where
        coursemeet_.courseCode=? 
        and coursemeet_.day=? 
        and coursemeet_.period=? 
        and coursemeet_.location=?
14:18:28,400 DEBUG SQL:104 - 
    insert 
    into
        Course
        (description, courseCode) 
    values
        (?, ?)
14:18:28,400 DEBUG BaseGeneralDataRegion:59 - Caching[foo.org.hibernate.cache.spi.UpdateTimestampsCache] : [Course] -> [5579091019366400]
14:18:28,400 DEBUG SQL:104 - 
    insert 
    into
        CourseMeeting
        (courseCode, day, period, location) 
    values
        (?, ?, ?, ?)
14:18:28,400 DEBUG BaseGeneralDataRegion:59 - Caching[foo.org.hibernate.cache.spi.UpdateTimestampsCache] : [CourseMeeting] -> [5579091019366401]
14:18:28,400 DEBUG SQL:104 - 
    insert 
    into
        CourseMeeting
        (courseCode, day, period, location) 
    values
        (?, ?, ?, ?)
14:18:28,401 DEBUG BaseGeneralDataRegion:59 - Caching[foo.org.hibernate.cache.spi.UpdateTimestampsCache] : [CourseMeeting] -> [5579091019370496]
14:18:28,401 DEBUG SQL:104 - 
    insert 
    into
        Student
        (name_first, name_middle, name_last, preferredCourseCode, studentId) 
    values
        (?, ?, ?, ?, ?)
14:18:28,411 DEBUG BaseGeneralDataRegion:59 - Caching[foo.org.hibernate.cache.spi.UpdateTimestampsCache] : [Student] -> [5579091019411456]
14:18:28,411 DEBUG SQL:104 - 
    insert 
    into
        Address
        (addressType, street, city, stateProvince, postalCode, country, studentNumber, id) 
    values
        (?, ?, ?, ?, ?, ?, ?, ?)
14:18:28,412 DEBUG BaseGeneralDataRegion:59 - Caching[foo.org.hibernate.cache.spi.UpdateTimestampsCache] : [Address] -> [5579091019415552]
14:18:28,412 DEBUG SQL:104 - 
    insert 
    into
        Address
        (addressType, street, city, stateProvince, postalCode, country, studentNumber, id) 
    values
        (?, ?, ?, ?, ?, ?, ?, ?)
14:18:28,412 DEBUG BaseGeneralDataRegion:59 - Caching[foo.org.hibernate.cache.spi.UpdateTimestampsCache] : [Address] -> [5579091019415553]
14:18:28,412 DEBUG SQL:104 - 
    insert 
    into
        Student
        (name_first, name_middle, name_last, preferredCourseCode, studentId) 
    values
        (?, ?, ?, ?, ?)
14:18:28,412 DEBUG BaseGeneralDataRegion:59 - Caching[foo.org.hibernate.cache.spi.UpdateTimestampsCache] : [Student] -> [5579091019415554]
14:18:28,421 DEBUG SQL:104 - 
    insert 
    into
        Enrolment
        (semester, "year", studentId, courseCode) 
    values
        (?, ?, ?, ?)
14:18:28,421 DEBUG BaseGeneralDataRegion:59 - Caching[foo.org.hibernate.cache.spi.UpdateTimestampsCache] : [Enrolment] -> [5579091019452416]
14:18:28,421 DEBUG SQL:104 - 
    insert 
    into
        Enrolment
        (semester, "year", studentId, courseCode) 
    values
        (?, ?, ?, ?)
14:18:28,421 DEBUG BaseGeneralDataRegion:59 - Caching[foo.org.hibernate.cache.spi.UpdateTimestampsCache] : [Enrolment] -> [5579091019452417]
14:18:28,422 DEBUG BaseGeneralDataRegion:59 - Caching[foo.org.hibernate.cache.spi.UpdateTimestampsCache] : [CourseMeeting] -> [5579091019456512]
14:18:28,422 DEBUG BaseGeneralDataRegion:59 - Caching[foo.org.hibernate.cache.spi.UpdateTimestampsCache] : [Enrolment] -> [5579091019456513]
14:18:28,422 DEBUG SQL:104 - 
    update
        Address 
    set
        studentNumber=?,
        addressType=? 
    where
        id=?
14:18:28,422 DEBUG SQL:104 - 
    update
        Address 
    set
        studentNumber=?,
        addressType=? 
    where
        id=?
14:18:28,432 DEBUG BaseGeneralDataRegion:59 - Caching[foo.org.hibernate.cache.spi.UpdateTimestampsCache] : [Address] -> [5579091019497472]
14:18:28,432 DEBUG SQL:104 - 
    insert 
    into
        Student_secretCodes
        (studentNumber, i, secretCode) 
    values
        (?, ?, ?)
14:18:28,433 DEBUG BaseGeneralDataRegion:59 - Caching[foo.org.hibernate.cache.spi.UpdateTimestampsCache] : [Student_secretCodes] -> [5579091019501568]
14:18:28,433 DEBUG BaseGeneralDataRegion:59 - Caching[foo.org.hibernate.cache.spi.UpdateTimestampsCache] : [Enrolment] -> [5579091019501569]
14:18:28,433 DEBUG BaseGeneralDataRegion:59 - Caching[foo.org.hibernate.cache.spi.UpdateTimestampsCache] : [Address] -> [5579091019501570]
14:18:28,433 DEBUG SQL:104 - 
    insert 
    into
        Student_secretCodes
        (studentNumber, i, secretCode) 
    values
        (?, ?, ?)
14:18:28,433 DEBUG SQL:104 - 
    insert 
    into
        Student_secretCodes
        (studentNumber, i, secretCode) 
    values
        (?, ?, ?)
14:18:28,443 DEBUG BaseGeneralDataRegion:59 - Caching[foo.org.hibernate.cache.spi.UpdateTimestampsCache] : [Student_secretCodes] -> [5579091019542528]
14:18:28,443 DEBUG BaseGeneralDataRegion:59 - Caching[foo.org.hibernate.cache.spi.UpdateTimestampsCache] : [Student] -> [5579090773782529]
14:18:28,443 DEBUG BaseGeneralDataRegion:59 - Caching[foo.org.hibernate.cache.spi.UpdateTimestampsCache] : [Course] -> [5579090773782529]
14:18:28,443 DEBUG BaseGeneralDataRegion:59 - Caching[foo.org.hibernate.cache.spi.UpdateTimestampsCache] : [Enrolment] -> [5579090773782529]
14:18:28,443 DEBUG BaseGeneralDataRegion:59 - Caching[foo.org.hibernate.cache.spi.UpdateTimestampsCache] : [Student_secretCodes] -> [5579090773782529]
14:18:28,444 DEBUG BaseGeneralDataRegion:59 - Caching[foo.org.hibernate.cache.spi.UpdateTimestampsCache] : [Address] -> [5579090773782529]
14:18:28,445 DEBUG BaseGeneralDataRegion:59 - Caching[foo.org.hibernate.cache.spi.UpdateTimestampsCache] : [CourseMeeting] -> [5579090773782529]
14:18:28,445 DEBUG QueryTranslatorImpl:265 - parse() - HQL: select entry(s.addresses) from org.hibernate.test.querycache.Student s
14:18:28,446 DEBUG QueryTranslatorImpl:283 - --- HQL AST ---
 \-[QUERY] Node: 'query'
    \-[SELECT_FROM] Node: 'SELECT_FROM'
       +-[FROM] Node: 'from'
       |  \-[RANGE] Node: 'RANGE'
       |     +-[DOT] Node: '.'
       |     |  +-[DOT] Node: '.'
       |     |  |  +-[DOT] Node: '.'
       |     |  |  |  +-[DOT] Node: '.'
       |     |  |  |  |  +-[IDENT] Node: 'org'
       |     |  |  |  |  \-[IDENT] Node: 'hibernate'
       |     |  |  |  \-[IDENT] Node: 'test'
       |     |  |  \-[IDENT] Node: 'querycache'
       |     |  \-[IDENT] Node: 'Student'
       |     \-[ALIAS] Node: 's'
       \-[SELECT] Node: 'select'
          \-[ENTRY] Node: ''
             \-[DOT] Node: '.'
                +-[IDENT] Node: 's'
                \-[IDENT] Node: 'addresses'

14:18:28,453 DEBUG ErrorCounter:82 - throwQueryException() : no errors
14:18:28,453 DEBUG FromElement:157 - FromClause{level=1} : org.hibernate.test.querycache.Student (s) -> student0_
14:18:28,453 DEBUG FromReferenceNode:74 - Resolved : s -> student0_.studentId
14:18:28,454 DEBUG DotNode:599 - getDataType() : addresses -> org.hibernate.type.MapType(org.hibernate.test.querycache.Student.addresses)
14:18:28,454 DEBUG FromElementFactory:376 - createEntityAssociation() : One to many - path = s.addresses role = org.hibernate.test.querycache.Student.addresses associatedEntityName = org.hibernate.test.querycache.Address
14:18:28,454 DEBUG FromElement:157 - FromClause{level=1} : org.hibernate.test.querycache.Address (<no alias>) -> addresses1_
14:18:28,454 DEBUG FromClause:282 - addJoinByPathMap() : s.addresses -> ImpliedFromElement{implied,not a collection join,not a fetch join,fetch non-lazy properties,classAlias=null,role=null,tableName=Address,tableAlias=addresses1_,origin=Student student0_,columns={student0_.studentId ,className=org.hibernate.test.querycache.Address}}
14:18:28,454 DEBUG DotNode:308 - dereferenceCollection() : Created new FROM element for s.addresses : Address addresses1_
14:18:28,454 DEBUG FromReferenceNode:74 - Resolved : s.addresses -> .
14:18:28,454 DEBUG FromReferenceNode:74 - Resolved : addresses1_.addressType as col_0_0_, addresses1_.id as col_1_0_, addresses1_.addressType as col_1_1_, addresses1_.street as col_1_2_, addresses1_.city as col_1_3_, addresses1_.stateProvince as col_1_4_, addresses1_.postalCode as col_1_5_, addresses1_.country as col_1_6_, addresses1_.studentNumber as col_1_7_ -> addresses1_.addressType as col_0_0_, addresses1_.id as col_1_0_, addresses1_.addressType as col_1_1_, addresses1_.street as col_1_2_, addresses1_.city as col_1_3_, addresses1_.stateProvince as col_1_4_, addresses1_.postalCode as col_1_5_, addresses1_.country as col_1_6_, addresses1_.studentNumber as col_1_7_
14:18:28,455 DEBUG HqlSqlWalker:629 - processQuery() :  ( SELECT ( {select clause} addresses1_.addressType as col_0_0_, addresses1_.id as col_1_0_, addresses1_.addressType as col_1_1_, addresses1_.street as col_1_2_, addresses1_.city as col_1_3_, addresses1_.stateProvince as col_1_4_, addresses1_.postalCode as col_1_5_, addresses1_.country as col_1_6_, addresses1_.studentNumber as col_1_7_ ) ( FromClause{level=1} ( Student student0_ Address addresses1_ ) ) )
14:18:28,455 DEBUG JoinProcessor:175 - Using FROM fragment [Student student0_]
14:18:28,455 DEBUG SyntheticAndFactory:92 - Using unprocessed WHERE-fragment [student0_.studentId=addresses1_.studentNumber]
14:18:28,455 DEBUG SyntheticAndFactory:124 - Using processed WHERE-fragment [student0_.studentId=addresses1_.studentNumber]
14:18:28,455 DEBUG QueryNode:73 - getWhereClause() : Creating a new WHERE clause...
14:18:28,455 DEBUG QueryTranslatorImpl:252 - --- SQL AST ---
 \-[SELECT] QueryNode: 'SELECT'  querySpaces (Student,Address)
    +-[SELECT_CLAUSE] SelectClause: '{select clause}'
    |  \-[ENTRY] MapEntryNode: 'addresses1_.addressType as col_0_0_, addresses1_.id as col_1_0_, addresses1_.addressType as col_1_1_, addresses1_.street as col_1_2_, addresses1_.city as col_1_3_, addresses1_.stateProvince as col_1_4_, addresses1_.postalCode as col_1_5_, addresses1_.country as col_1_6_, addresses1_.studentNumber as col_1_7_' {ImpliedFromElement{implied,not a collection join,not a fetch join,fetch non-lazy properties,classAlias=null,role=org.hibernate.test.querycache.Student.addresses,tableName=Address,tableAlias=addresses1_,origin=Student student0_,columns={student0_.studentId ,className=org.hibernate.test.querycache.Address}}}
    +-[FROM] FromClause: 'from' FromClause{level=1, fromElementCounter=2, fromElements=2, fromElementByClassAlias=[s], fromElementByTableAlias=[student0_, addresses1_], fromElementsByPath=[s.addresses], collectionJoinFromElementsByPath=[], impliedElements=[]}
    |  \-[FROM_FRAGMENT] FromElement: 'Student student0_' FromElement{explicit,not a collection join,not a fetch join,fetch non-lazy properties,classAlias=s,role=null,tableName=Student,tableAlias=student0_,origin=null,columns={,className=org.hibernate.test.querycache.Student}}
    |     \-[FROM_FRAGMENT] ImpliedFromElement: 'Address addresses1_' ImpliedFromElement{implied,not a collection join,not a fetch join,fetch non-lazy properties,classAlias=null,role=org.hibernate.test.querycache.Student.addresses,tableName=Address,tableAlias=addresses1_,origin=Student student0_,columns={student0_.studentId ,className=org.hibernate.test.querycache.Address}}
    \-[WHERE] SqlNode: 'WHERE'
       \-[THETA_JOINS] SqlNode: '{theta joins}'
          \-[SQL_TOKEN] SqlFragment: 'student0_.studentId=addresses1_.studentNumber'

14:18:28,456 DEBUG ErrorCounter:82 - throwQueryException() : no errors
14:18:28,456 DEBUG QueryTranslatorImpl:235 - HQL: select entry(s.addresses) from org.hibernate.test.querycache.Student s
14:18:28,456 DEBUG QueryTranslatorImpl:236 - SQL: select addresses1_.addressType as col_0_0_, addresses1_.id as col_1_0_, addresses1_.addressType as col_1_1_, addresses1_.street as col_1_2_, addresses1_.city as col_1_3_, addresses1_.stateProvince as col_1_4_, addresses1_.postalCode as col_1_5_, addresses1_.country as col_1_6_, addresses1_.studentNumber as col_1_7_ from Student student0_, Address addresses1_ where student0_.studentId=addresses1_.studentNumber
14:18:28,456 DEBUG ErrorCounter:82 - throwQueryException() : no errors
14:18:28,464 DEBUG SQL:104 - 
    select
        addresses1_.addressType as col_0_0_,
        addresses1_.id as col_1_0_,
        addresses1_.addressType as col_1_1_,
        addresses1_.street as col_1_2_,
        addresses1_.city as col_1_3_,
        addresses1_.stateProvince as col_1_4_,
        addresses1_.postalCode as col_1_5_,
        addresses1_.country as col_1_6_,
        addresses1_.studentNumber as col_1_7_ 
    from
        Student student0_,
        Address addresses1_ 
    where
        student0_.studentId=addresses1_.studentNumber
14:18:28,465 DEBUG SQL:104 - 
    select
        address0_.id as id0_0_,
        address0_.addressType as addressT2_0_0_,
        address0_.street as street0_0_,
        address0_.city as city0_0_,
        address0_.stateProvince as statePro5_0_0_,
        address0_.postalCode as postalCode0_0_,
        address0_.country as country0_0_,
        address0_.studentNumber as studentN8_0_0_ 
    from
        Address address0_ 
    where
        address0_.id=?
14:18:28,476 DEBUG SQL:104 - 
    select
        address0_.id as id0_0_,
        address0_.addressType as addressT2_0_0_,
        address0_.street as street0_0_,
        address0_.city as city0_0_,
        address0_.stateProvince as statePro5_0_0_,
        address0_.postalCode as postalCode0_0_,
        address0_.country as country0_0_,
        address0_.studentNumber as studentN8_0_0_ 
    from
        Address address0_ 
    where
        address0_.id=?
14:18:28,477 DEBUG SQL:104 - 
    select
        addresses1_.addressType as col_0_0_,
        addresses1_.id as col_1_0_,
        addresses1_.addressType as col_1_1_,
        addresses1_.street as col_1_2_,
        addresses1_.city as col_1_3_,
        addresses1_.stateProvince as col_1_4_,
        addresses1_.postalCode as col_1_5_,
        addresses1_.country as col_1_6_,
        addresses1_.studentNumber as col_1_7_ 
    from
        Student student0_,
        Address addresses1_ 
    where
        student0_.studentId=addresses1_.studentNumber
14:18:28,480 DEBUG SQL:104 - 
    select
        address0_.id as id0_0_,
        address0_.addressType as addressT2_0_0_,
        address0_.street as street0_0_,
        address0_.city as city0_0_,
        address0_.stateProvince as statePro5_0_0_,
        address0_.postalCode as postalCode0_0_,
        address0_.country as country0_0_,
        address0_.studentNumber as studentN8_0_0_ 
    from
        Address address0_ 
    where
        address0_.id=?
14:18:28,480 DEBUG SQL:104 - 
    select
        address0_.id as id0_0_,
        address0_.addressType as addressT2_0_0_,
        address0_.street as street0_0_,
        address0_.city as city0_0_,
        address0_.stateProvince as statePro5_0_0_,
        address0_.postalCode as postalCode0_0_,
        address0_.country as country0_0_,
        address0_.studentNumber as studentN8_0_0_ 
    from
        Address address0_ 
    where
        address0_.id=?
14:18:28,481 DEBUG SQL:104 - 
    select
        student_.studentId,
        student_.name_first as name2_4_,
        student_.name_middle as name3_4_,
        student_.name_last as name4_4_,
        student_.preferredCourseCode as preferre5_4_ 
    from
        Student student_ 
    where
        student_.studentId=?
14:18:28,491 DEBUG SQL:104 - 
    select
        enrolment_.studentId,
        enrolment_.courseCode,
        enrolment_.semester as semester3_,
        enrolment_."year" as year4_3_ 
    from
        Enrolment enrolment_ 
    where
        enrolment_.studentId=? 
        and enrolment_.courseCode=?
14:18:28,491 DEBUG SQL:104 - 
    select
        course_.courseCode,
        course_.description as descript2_1_ 
    from
        Course course_ 
    where
        course_.courseCode=?
14:18:28,491 DEBUG SQL:104 - 
    select
        student_.studentId,
        student_.name_first as name2_4_,
        student_.name_middle as name3_4_,
        student_.name_last as name4_4_,
        student_.preferredCourseCode as preferre5_4_ 
    from
        Student student_ 
    where
        student_.studentId=?
14:18:28,501 DEBUG SQL:104 - 
    select
        enrolment_.studentId,
        enrolment_.courseCode,
        enrolment_.semester as semester3_,
        enrolment_."year" as year4_3_ 
    from
        Enrolment enrolment_ 
    where
        enrolment_.studentId=? 
        and enrolment_.courseCode=?
14:18:28,502 DEBUG SQL:104 - 
    select
        coursemeet_.courseCode,
        coursemeet_.day,
        coursemeet_.period,
        coursemeet_.location 
    from
        CourseMeeting coursemeet_ 
    where
        coursemeet_.courseCode=? 
        and coursemeet_.day=? 
        and coursemeet_.period=? 
        and coursemeet_.location=?
14:18:28,502 DEBUG SQL:104 - 
    select
        coursemeet_.courseCode,
        coursemeet_.day,
        coursemeet_.period,
        coursemeet_.location 
    from
        CourseMeeting coursemeet_ 
    where
        coursemeet_.courseCode=? 
        and coursemeet_.day=? 
        and coursemeet_.period=? 
        and coursemeet_.location=?
14:18:28,524 DEBUG BaseGeneralDataRegion:59 - Caching[foo.org.hibernate.cache.spi.UpdateTimestampsCache] : [Enrolment] -> [5579091019874304]
14:18:28,524 DEBUG SQL:104 - 
    update
        Address 
    set
        studentNumber=null,
        addressType=null 
    where
        studentNumber=?
14:18:28,524 DEBUG BaseGeneralDataRegion:59 - Caching[foo.org.hibernate.cache.spi.UpdateTimestampsCache] : [Address] -> [5579091019874305]
14:18:28,524 DEBUG SQL:104 - 
    delete 
    from
        Student_secretCodes 
    where
        studentNumber=?
14:18:28,524 DEBUG BaseGeneralDataRegion:59 - Caching[foo.org.hibernate.cache.spi.UpdateTimestampsCache] : [Student_secretCodes] -> [5579091019874306]
14:18:28,525 DEBUG BaseGeneralDataRegion:59 - Caching[foo.org.hibernate.cache.spi.UpdateTimestampsCache] : [Enrolment] -> [5579091019878400]
14:18:28,525 DEBUG BaseGeneralDataRegion:59 - Caching[foo.org.hibernate.cache.spi.UpdateTimestampsCache] : [Address] -> [5579091019878401]
14:18:28,525 DEBUG SQL:104 - 
    delete 
    from
        Student_secretCodes 
    where
        studentNumber=?
14:18:28,525 DEBUG BaseGeneralDataRegion:59 - Caching[foo.org.hibernate.cache.spi.UpdateTimestampsCache] : [Student_secretCodes] -> [5579091019878402]
14:18:28,525 DEBUG BaseGeneralDataRegion:59 - Caching[foo.org.hibernate.cache.spi.UpdateTimestampsCache] : [CourseMeeting] -> [5579091019878403]
14:18:28,525 DEBUG SQL:104 - 
    delete 
    from
        Enrolment 
    where
        studentId=? 
        and courseCode=?
14:18:28,539 DEBUG BaseGeneralDataRegion:59 - Caching[foo.org.hibernate.cache.spi.UpdateTimestampsCache] : [Enrolment] -> [5579091019935744]
14:18:28,539 DEBUG SQL:104 - 
    delete 
    from
        Address 
    where
        id=?
14:18:28,539 DEBUG BaseGeneralDataRegion:59 - Caching[foo.org.hibernate.cache.spi.UpdateTimestampsCache] : [Address] -> [5579091019935745]
14:18:28,539 DEBUG SQL:104 - 
    delete 
    from
        Address 
    where
        id=?
14:18:28,540 DEBUG BaseGeneralDataRegion:59 - Caching[foo.org.hibernate.cache.spi.UpdateTimestampsCache] : [Address] -> [5579091019935746]
14:18:28,540 DEBUG SQL:104 - 
    delete 
    from
        Student 
    where
        studentId=?
14:18:28,540 DEBUG BaseGeneralDataRegion:59 - Caching[foo.org.hibernate.cache.spi.UpdateTimestampsCache] : [Student] -> [5579091019939840]
14:18:28,540 DEBUG SQL:104 - 
    delete 
    from
        Enrolment 
    where
        studentId=? 
        and courseCode=?
14:18:28,540 DEBUG BaseGeneralDataRegion:59 - Caching[foo.org.hibernate.cache.spi.UpdateTimestampsCache] : [Enrolment] -> [5579091019939841]
14:18:28,540 DEBUG SQL:104 - 
    delete 
    from
        Student 
    where
        studentId=?
14:18:28,540 DEBUG BaseGeneralDataRegion:59 - Caching[foo.org.hibernate.cache.spi.UpdateTimestampsCache] : [Student] -> [5579091019939842]
14:18:28,540 DEBUG SQL:104 - 
    delete 
    from
        CourseMeeting 
    where
        courseCode=? 
        and day=? 
        and period=? 
        and location=?
14:18:28,541 DEBUG BaseGeneralDataRegion:59 - Caching[foo.org.hibernate.cache.spi.UpdateTimestampsCache] : [CourseMeeting] -> [5579091019943936]
14:18:28,541 DEBUG SQL:104 - 
    delete 
    from
        CourseMeeting 
    where
        courseCode=? 
        and day=? 
        and period=? 
        and location=?
14:18:28,541 DEBUG BaseGeneralDataRegion:59 - Caching[foo.org.hibernate.cache.spi.UpdateTimestampsCache] : [CourseMeeting] -> [5579091019943937]
14:18:28,541 DEBUG SQL:104 - 
    delete 
    from
        Course 
    where
        courseCode=?
14:18:28,541 DEBUG BaseGeneralDataRegion:59 - Caching[foo.org.hibernate.cache.spi.UpdateTimestampsCache] : [Course] -> [5579091019943938]
14:18:28,541 DEBUG BaseGeneralDataRegion:59 - Caching[foo.org.hibernate.cache.spi.UpdateTimestampsCache] : [Student] -> [5579090774183939]
14:18:28,541 DEBUG BaseGeneralDataRegion:59 - Caching[foo.org.hibernate.cache.spi.UpdateTimestampsCache] : [Course] -> [5579090774183939]
14:18:28,541 DEBUG BaseGeneralDataRegion:59 - Caching[foo.org.hibernate.cache.spi.UpdateTimestampsCache] : [Enrolment] -> [5579090774183939]
14:18:28,542 DEBUG BaseGeneralDataRegion:59 - Caching[foo.org.hibernate.cache.spi.UpdateTimestampsCache] : [Student_secretCodes] -> [5579090774183939]
14:18:28,542 DEBUG BaseGeneralDataRegion:59 - Caching[foo.org.hibernate.cache.spi.UpdateTimestampsCache] : [Address] -> [5579090774183939]
14:18:28,563 DEBUG BaseGeneralDataRegion:59 - Caching[foo.org.hibernate.cache.spi.UpdateTimestampsCache] : [CourseMeeting] -> [5579090774183939]
14:18:28,564  INFO CustomRunner:139 - Test: testMapKeyList
14:18:28,565 DEBUG SQL:104 - 
    select
        coursemeet_.courseCode,
        coursemeet_.day,
        coursemeet_.period,
        coursemeet_.location 
    from
        CourseMeeting coursemeet_ 
    where
        coursemeet_.courseCode=? 
        and coursemeet_.day=? 
        and coursemeet_.period=? 
        and coursemeet_.location=?
14:18:28,566 DEBUG SQL:104 - 
    select
        coursemeet_.courseCode,
        coursemeet_.day,
        coursemeet_.period,
        coursemeet_.location 
    from
        CourseMeeting coursemeet_ 
    where
        coursemeet_.courseCode=? 
        and coursemeet_.day=? 
        and coursemeet_.period=? 
        and coursemeet_.location=?
14:18:28,575 DEBUG SQL:104 - 
    insert 
    into
        Course
        (description, courseCode) 
    values
        (?, ?)
14:18:28,576 DEBUG BaseGeneralDataRegion:59 - Caching[foo.org.hibernate.cache.spi.UpdateTimestampsCache] : [Course] -> [5579091020087296]
14:18:28,576 DEBUG SQL:104 - 
    insert 
    into
        CourseMeeting
        (courseCode, day, period, location) 
    values
        (?, ?, ?, ?)
14:18:28,576 DEBUG BaseGeneralDataRegion:59 - Caching[foo.org.hibernate.cache.spi.UpdateTimestampsCache] : [CourseMeeting] -> [5579091020087297]
14:18:28,576 DEBUG SQL:104 - 
    insert 
    into
        CourseMeeting
        (courseCode, day, period, location) 
    values
        (?, ?, ?, ?)
14:18:28,576 DEBUG BaseGeneralDataRegion:59 - Caching[foo.org.hibernate.cache.spi.UpdateTimestampsCache] : [CourseMeeting] -> [5579091020087298]
14:18:28,577 DEBUG SQL:104 - 
    insert 
    into
        Student
        (name_first, name_middle, name_last, preferredCourseCode, studentId) 
    values
        (?, ?, ?, ?, ?)
14:18:28,589 DEBUG BaseGeneralDataRegion:59 - Caching[foo.org.hibernate.cache.spi.UpdateTimestampsCache] : [Student] -> [5579091020140544]
14:18:28,589 DEBUG SQL:104 - 
    insert 
    into
        Address
        (addressType, street, city, stateProvince, postalCode, country, studentNumber, id) 
    values
        (?, ?, ?, ?, ?, ?, ?, ?)
14:18:28,590 DEBUG BaseGeneralDataRegion:59 - Caching[foo.org.hibernate.cache.spi.UpdateTimestampsCache] : [Address] -> [5579091020144640]
14:18:28,590 DEBUG SQL:104 - 
    insert 
    into
        Address
        (addressType, street, city, stateProvince, postalCode, country, studentNumber, id) 
    values
        (?, ?, ?, ?, ?, ?, ?, ?)
14:18:28,590 DEBUG BaseGeneralDataRegion:59 - Caching[foo.org.hibernate.cache.spi.UpdateTimestampsCache] : [Address] -> [5579091020144641]
14:18:28,590 DEBUG SQL:104 - 
    insert 
    into
        Student
        (name_first, name_middle, name_last, preferredCourseCode, studentId) 
    values
        (?, ?, ?, ?, ?)
14:18:28,590 DEBUG BaseGeneralDataRegion:59 - Caching[foo.org.hibernate.cache.spi.UpdateTimestampsCache] : [Student] -> [5579091020144642]
14:18:28,604 DEBUG SQL:104 - 
    insert 
    into
        Enrolment
        (semester, "year", studentId, courseCode) 
    values
        (?, ?, ?, ?)
14:18:28,605 DEBUG BaseGeneralDataRegion:59 - Caching[foo.org.hibernate.cache.spi.UpdateTimestampsCache] : [Enrolment] -> [5579091020206080]
14:18:28,605 DEBUG SQL:104 - 
    insert 
    into
        Enrolment
        (semester, "year", studentId, courseCode) 
    values
        (?, ?, ?, ?)
14:18:28,606 DEBUG BaseGeneralDataRegion:59 - Caching[foo.org.hibernate.cache.spi.UpdateTimestampsCache] : [Enrolment] -> [5579091020210176]
14:18:28,606 DEBUG BaseGeneralDataRegion:59 - Caching[foo.org.hibernate.cache.spi.UpdateTimestampsCache] : [CourseMeeting] -> [5579091020210177]
14:18:28,606 DEBUG BaseGeneralDataRegion:59 - Caching[foo.org.hibernate.cache.spi.UpdateTimestampsCache] : [Enrolment] -> [5579091020210178]
14:18:28,606 DEBUG SQL:104 - 
    update
        Address 
    set
        studentNumber=?,
        addressType=? 
    where
        id=?
14:18:28,606 DEBUG SQL:104 - 
    update
        Address 
    set
        studentNumber=?,
        addressType=? 
    where
        id=?
14:18:28,606 DEBUG BaseGeneralDataRegion:59 - Caching[foo.org.hibernate.cache.spi.UpdateTimestampsCache] : [Address] -> [5579091020210179]
14:18:28,606 DEBUG SQL:104 - 
    insert 
    into
        Student_secretCodes
        (studentNumber, i, secretCode) 
    values
        (?, ?, ?)
14:18:28,607 DEBUG BaseGeneralDataRegion:59 - Caching[foo.org.hibernate.cache.spi.UpdateTimestampsCache] : [Student_secretCodes] -> [5579091020214272]
14:18:28,607 DEBUG BaseGeneralDataRegion:59 - Caching[foo.org.hibernate.cache.spi.UpdateTimestampsCache] : [Enrolment] -> [5579091020214273]
14:18:28,607 DEBUG BaseGeneralDataRegion:59 - Caching[foo.org.hibernate.cache.spi.UpdateTimestampsCache] : [Address] -> [5579091020214274]
14:18:28,607 DEBUG SQL:104 - 
    insert 
    into
        Student_secretCodes
        (studentNumber, i, secretCode) 
    values
        (?, ?, ?)
14:18:28,607 DEBUG SQL:104 - 
    insert 
    into
        Student_secretCodes
        (studentNumber, i, secretCode) 
    values
        (?, ?, ?)
14:18:28,607 DEBUG BaseGeneralDataRegion:59 - Caching[foo.org.hibernate.cache.spi.UpdateTimestampsCache] : [Student_secretCodes] -> [5579091020214275]
14:18:28,607 DEBUG BaseGeneralDataRegion:59 - Caching[foo.org.hibernate.cache.spi.UpdateTimestampsCache] : [Student] -> [5579090774454276]
14:18:28,621 DEBUG BaseGeneralDataRegion:59 - Caching[foo.org.hibernate.cache.spi.UpdateTimestampsCache] : [Course] -> [5579090774454276]
14:18:28,622 DEBUG BaseGeneralDataRegion:59 - Caching[foo.org.hibernate.cache.spi.UpdateTimestampsCache] : [Enrolment] -> [5579090774454276]
14:18:28,622 DEBUG BaseGeneralDataRegion:59 - Caching[foo.org.hibernate.cache.spi.UpdateTimestampsCache] : [Student_secretCodes] -> [5579090774454276]
14:18:28,622 DEBUG BaseGeneralDataRegion:59 - Caching[foo.org.hibernate.cache.spi.UpdateTimestampsCache] : [Address] -> [5579090774454276]
14:18:28,622 DEBUG BaseGeneralDataRegion:59 - Caching[foo.org.hibernate.cache.spi.UpdateTimestampsCache] : [CourseMeeting] -> [5579090774454276]
14:18:28,622 DEBUG QueryTranslatorImpl:265 - parse() - HQL: select key(s.addresses) from org.hibernate.test.querycache.Student s
14:18:28,624 DEBUG QueryTranslatorImpl:283 - --- HQL AST ---
 \-[QUERY] Node: 'query'
    \-[SELECT_FROM] Node: 'SELECT_FROM'
       +-[FROM] Node: 'from'
       |  \-[RANGE] Node: 'RANGE'
       |     +-[DOT] Node: '.'
       |     |  +-[DOT] Node: '.'
       |     |  |  +-[DOT] Node: '.'
       |     |  |  |  +-[DOT] Node: '.'
       |     |  |  |  |  +-[IDENT] Node: 'org'
       |     |  |  |  |  \-[IDENT] Node: 'hibernate'
       |     |  |  |  \-[IDENT] Node: 'test'
       |     |  |  \-[IDENT] Node: 'querycache'
       |     |  \-[IDENT] Node: 'Student'
       |     \-[ALIAS] Node: 's'
       \-[SELECT] Node: 'select'
          \-[KEY] Node: ''
             \-[DOT] Node: '.'
                +-[IDENT] Node: 's'
                \-[IDENT] Node: 'addresses'

14:18:28,624 DEBUG ErrorCounter:82 - throwQueryException() : no errors
14:18:28,624 DEBUG FromElement:157 - FromClause{level=1} : org.hibernate.test.querycache.Student (s) -> student0_
14:18:28,624 DEBUG FromReferenceNode:74 - Resolved : s -> student0_.studentId
14:18:28,638 DEBUG DotNode:599 - getDataType() : addresses -> org.hibernate.type.MapType(org.hibernate.test.querycache.Student.addresses)
14:18:28,639 DEBUG FromElementFactory:376 - createEntityAssociation() : One to many - path = s.addresses role = org.hibernate.test.querycache.Student.addresses associatedEntityName = org.hibernate.test.querycache.Address
14:18:28,639 DEBUG FromElement:157 - FromClause{level=1} : org.hibernate.test.querycache.Address (<no alias>) -> addresses1_
14:18:28,639 DEBUG FromClause:282 - addJoinByPathMap() : s.addresses -> ImpliedFromElement{implied,not a collection join,not a fetch join,fetch non-lazy properties,classAlias=null,role=null,tableName=Address,tableAlias=addresses1_,origin=Student student0_,columns={student0_.studentId ,className=org.hibernate.test.querycache.Address}}
14:18:28,639 DEBUG DotNode:308 - dereferenceCollection() : Created new FROM element for s.addresses : Address addresses1_
14:18:28,639 DEBUG FromReferenceNode:74 - Resolved : s.addresses -> .
14:18:28,639 DEBUG HqlSqlWalker:629 - processQuery() :  ( SELECT ( {select clause} addresses1_.addressType ) ( FromClause{level=1} ( Student student0_ Address addresses1_ ) ) )
14:18:28,640 DEBUG JoinProcessor:175 - Using FROM fragment [Student student0_]
14:18:28,640 DEBUG SyntheticAndFactory:92 - Using unprocessed WHERE-fragment [student0_.studentId=addresses1_.studentNumber]
14:18:28,640 DEBUG SyntheticAndFactory:124 - Using processed WHERE-fragment [student0_.studentId=addresses1_.studentNumber]
14:18:28,640 DEBUG QueryNode:73 - getWhereClause() : Creating a new WHERE clause...
14:18:28,640 DEBUG QueryTranslatorImpl:252 - --- SQL AST ---
 \-[SELECT] QueryNode: 'SELECT'  querySpaces (Student,Address)
    +-[SELECT_CLAUSE] SelectClause: '{select clause}'
    |  +-[KEY] MapKeyNode: 'addresses1_.addressType' {ImpliedFromElement{implied,not a collection join,not a fetch join,fetch non-lazy properties,classAlias=null,role=org.hibernate.test.querycache.Student.addresses,tableName=Address,tableAlias=addresses1_,origin=Student student0_,columns={student0_.studentId ,className=org.hibernate.test.querycache.Address}}}
    |  \-[SELECT_COLUMNS] SqlNode: ' as col_0_0_'
    +-[FROM] FromClause: 'from' FromClause{level=1, fromElementCounter=2, fromElements=2, fromElementByClassAlias=[s], fromElementByTableAlias=[student0_, addresses1_], fromElementsByPath=[s.addresses], collectionJoinFromElementsByPath=[], impliedElements=[]}
    |  \-[FROM_FRAGMENT] FromElement: 'Student student0_' FromElement{explicit,not a collection join,not a fetch join,fetch non-lazy properties,classAlias=s,role=null,tableName=Student,tableAlias=student0_,origin=null,columns={,className=org.hibernate.test.querycache.Student}}
    |     \-[FROM_FRAGMENT] ImpliedFromElement: 'Address addresses1_' ImpliedFromElement{implied,not a collection join,not a fetch join,fetch non-lazy properties,classAlias=null,role=org.hibernate.test.querycache.Student.addresses,tableName=Address,tableAlias=addresses1_,origin=Student student0_,columns={student0_.studentId ,className=org.hibernate.test.querycache.Address}}
    \-[WHERE] SqlNode: 'WHERE'
       \-[THETA_JOINS] SqlNode: '{theta joins}'
          \-[SQL_TOKEN] SqlFragment: 'student0_.studentId=addresses1_.studentNumber'

14:18:28,640 DEBUG ErrorCounter:82 - throwQueryException() : no errors
14:18:28,640 DEBUG QueryTranslatorImpl:235 - HQL: select key(s.addresses) from org.hibernate.test.querycache.Student s
14:18:28,641 DEBUG QueryTranslatorImpl:236 - SQL: select addresses1_.addressType as col_0_0_ from Student student0_, Address addresses1_ where student0_.studentId=addresses1_.studentNumber
14:18:28,641 DEBUG ErrorCounter:82 - throwQueryException() : no errors
14:18:28,641 DEBUG SQL:104 - 
    select
        addresses1_.addressType as col_0_0_ 
    from
        Student student0_,
        Address addresses1_ 
    where
        student0_.studentId=addresses1_.studentNumber
14:18:28,642 DEBUG SQL:104 - 
    select
        addresses1_.addressType as col_0_0_ 
    from
        Student student0_,
        Address addresses1_ 
    where
        student0_.studentId=addresses1_.studentNumber
14:18:28,642 DEBUG SQL:104 - 
    select
        student_.studentId,
        student_.name_first as name2_4_,
        student_.name_middle as name3_4_,
        student_.name_last as name4_4_,
        student_.preferredCourseCode as preferre5_4_ 
    from
        Student student_ 
    where
        student_.studentId=?
14:18:28,665 DEBUG SQL:104 - 
    select
        enrolment_.studentId,
        enrolment_.courseCode,
        enrolment_.semester as semester3_,
        enrolment_."year" as year4_3_ 
    from
        Enrolment enrolment_ 
    where
        enrolment_.studentId=? 
        and enrolment_.courseCode=?
14:18:28,666 DEBUG SQL:104 - 
    select
        course_.courseCode,
        course_.description as descript2_1_ 
    from
        Course course_ 
    where
        course_.courseCode=?
14:18:28,666 DEBUG SQL:104 - 
    select
        student_.studentId,
        student_.name_first as name2_4_,
        student_.name_middle as name3_4_,
        student_.name_last as name4_4_,
        student_.preferredCourseCode as preferre5_4_ 
    from
        Student student_ 
    where
        student_.studentId=?
14:18:28,677 DEBUG SQL:104 - 
    select
        enrolment_.studentId,
        enrolment_.courseCode,
        enrolment_.semester as semester3_,
        enrolment_."year" as year4_3_ 
    from
        Enrolment enrolment_ 
    where
        enrolment_.studentId=? 
        and enrolment_.courseCode=?
14:18:28,678 DEBUG SQL:104 - 
    select
        coursemeet_.courseCode,
        coursemeet_.day,
        coursemeet_.period,
        coursemeet_.location 
    from
        CourseMeeting coursemeet_ 
    where
        coursemeet_.courseCode=? 
        and coursemeet_.day=? 
        and coursemeet_.period=? 
        and coursemeet_.location=?
14:18:28,690 DEBUG SQL:104 - 
    select
        coursemeet_.courseCode,
        coursemeet_.day,
        coursemeet_.period,
        coursemeet_.location 
    from
        CourseMeeting coursemeet_ 
    where
        coursemeet_.courseCode=? 
        and coursemeet_.day=? 
        and coursemeet_.period=? 
        and coursemeet_.location=?
14:18:28,691 DEBUG BaseGeneralDataRegion:59 - Caching[foo.org.hibernate.cache.spi.UpdateTimestampsCache] : [Enrolment] -> [5579091020558336]
14:18:28,691 DEBUG SQL:104 - 
    update
        Address 
    set
        studentNumber=null,
        addressType=null 
    where
        studentNumber=?
14:18:28,692 DEBUG BaseGeneralDataRegion:59 - Caching[foo.org.hibernate.cache.spi.UpdateTimestampsCache] : [Address] -> [5579091020562432]
14:18:28,692 DEBUG SQL:104 - 
    delete 
    from
        Student_secretCodes 
    where
        studentNumber=?
14:18:28,700 DEBUG BaseGeneralDataRegion:59 - Caching[foo.org.hibernate.cache.spi.UpdateTimestampsCache] : [Student_secretCodes] -> [5579091020595200]
14:18:28,700 DEBUG BaseGeneralDataRegion:59 - Caching[foo.org.hibernate.cache.spi.UpdateTimestampsCache] : [Enrolment] -> [5579091020595201]
14:18:28,700 DEBUG BaseGeneralDataRegion:59 - Caching[foo.org.hibernate.cache.spi.UpdateTimestampsCache] : [Address] -> [5579091020595202]
14:18:28,700 DEBUG SQL:104 - 
    delete 
    from
        Student_secretCodes 
    where
        studentNumber=?
14:18:28,701 DEBUG BaseGeneralDataRegion:59 - Caching[foo.org.hibernate.cache.spi.UpdateTimestampsCache] : [Student_secretCodes] -> [5579091020599296]
14:18:28,701 DEBUG BaseGeneralDataRegion:59 - Caching[foo.org.hibernate.cache.spi.UpdateTimestampsCache] : [CourseMeeting] -> [5579091020599297]
14:18:28,701 DEBUG SQL:104 - 
    delete 
    from
        Enrolment 
    where
        studentId=? 
        and courseCode=?
14:18:28,701 DEBUG BaseGeneralDataRegion:59 - Caching[foo.org.hibernate.cache.spi.UpdateTimestampsCache] : [Enrolment] -> [5579091020599298]
14:18:28,701 DEBUG SQL:104 - 
    delete 
    from
        Address 
    where
        id=?
14:18:28,701 DEBUG BaseGeneralDataRegion:59 - Caching[foo.org.hibernate.cache.spi.UpdateTimestampsCache] : [Address] -> [5579091020599299]
14:18:28,701 DEBUG SQL:104 - 
    delete 
    from
        Address 
    where
        id=?
14:18:28,710 DEBUG BaseGeneralDataRegion:59 - Caching[foo.org.hibernate.cache.spi.UpdateTimestampsCache] : [Address] -> [5579091020636160]
14:18:28,710 DEBUG SQL:104 - 
    delete 
    from
        Student 
    where
        studentId=?
14:18:28,710 DEBUG BaseGeneralDataRegion:59 - Caching[foo.org.hibernate.cache.spi.UpdateTimestampsCache] : [Student] -> [5579091020636161]
14:18:28,710 DEBUG SQL:104 - 
    delete 
    from
        Enrolment 
    where
        studentId=? 
        and courseCode=?
14:18:28,711 DEBUG BaseGeneralDataRegion:59 - Caching[foo.org.hibernate.cache.spi.UpdateTimestampsCache] : [Enrolment] -> [5579091020640256]
14:18:28,711 DEBUG SQL:104 - 
    delete 
    from
        Student 
    where
        studentId=?
14:18:28,711 DEBUG BaseGeneralDataRegion:59 - Caching[foo.org.hibernate.cache.spi.UpdateTimestampsCache] : [Student] -> [5579091020640257]
14:18:28,711 DEBUG SQL:104 - 
    delete 
    from
        CourseMeeting 
    where
        courseCode=? 
        and day=? 
        and period=? 
        and location=?
14:18:28,721 DEBUG BaseGeneralDataRegion:59 - Caching[foo.org.hibernate.cache.spi.UpdateTimestampsCache] : [CourseMeeting] -> [5579091020681216]
14:18:28,721 DEBUG SQL:104 - 
    delete 
    from
        CourseMeeting 
    where
        courseCode=? 
        and day=? 
        and period=? 
        and location=?
14:18:28,722 DEBUG BaseGeneralDataRegion:59 - Caching[foo.org.hibernate.cache.spi.UpdateTimestampsCache] : [CourseMeeting] -> [5579091020685312]
14:18:28,722 DEBUG SQL:104 - 
    delete 
    from
        Course 
    where
        courseCode=?
14:18:28,722 DEBUG BaseGeneralDataRegion:59 - Caching[foo.org.hibernate.cache.spi.UpdateTimestampsCache] : [Course] -> [5579091020685313]
14:18:28,722 DEBUG BaseGeneralDataRegion:59 - Caching[foo.org.hibernate.cache.spi.UpdateTimestampsCache] : [Student] -> [5579090774925314]
14:18:28,722 DEBUG BaseGeneralDataRegion:59 - Caching[foo.org.hibernate.cache.spi.UpdateTimestampsCache] : [Course] -> [5579090774925314]
14:18:28,722 DEBUG BaseGeneralDataRegion:59 - Caching[foo.org.hibernate.cache.spi.UpdateTimestampsCache] : [Enrolment] -> [5579090774925314]
14:18:28,722 DEBUG BaseGeneralDataRegion:59 - Caching[foo.org.hibernate.cache.spi.UpdateTimestampsCache] : [Student_secretCodes] -> [5579090774925314]
14:18:28,722 DEBUG BaseGeneralDataRegion:59 - Caching[foo.org.hibernate.cache.spi.UpdateTimestampsCache] : [Address] -> [5579090774925314]
14:18:28,722 DEBUG BaseGeneralDataRegion:59 - Caching[foo.org.hibernate.cache.spi.UpdateTimestampsCache] : [CourseMeeting] -> [5579090774925314]
14:18:28,723  INFO CustomRunner:139 - Test: testMapValueList
14:18:28,724 DEBUG SQL:104 - 
    select
        coursemeet_.courseCode,
        coursemeet_.day,
        coursemeet_.period,
        coursemeet_.location 
    from
        CourseMeeting coursemeet_ 
    where
        coursemeet_.courseCode=? 
        and coursemeet_.day=? 
        and coursemeet_.period=? 
        and coursemeet_.location=?
14:18:28,724 DEBUG SQL:104 - 
    select
        coursemeet_.courseCode,
        coursemeet_.day,
        coursemeet_.period,
        coursemeet_.location 
    from
        CourseMeeting coursemeet_ 
    where
        coursemeet_.courseCode=? 
        and coursemeet_.day=? 
        and coursemeet_.period=? 
        and coursemeet_.location=?
14:18:28,725 DEBUG SQL:104 - 
    insert 
    into
        Course
        (description, courseCode) 
    values
        (?, ?)
14:18:28,735 DEBUG BaseGeneralDataRegion:59 - Caching[foo.org.hibernate.cache.spi.UpdateTimestampsCache] : [Course] -> [5579091020738560]
14:18:28,735 DEBUG SQL:104 - 
    insert 
    into
        CourseMeeting
        (courseCode, day, period, location) 
    values
        (?, ?, ?, ?)
14:18:28,736 DEBUG BaseGeneralDataRegion:59 - Caching[foo.org.hibernate.cache.spi.UpdateTimestampsCache] : [CourseMeeting] -> [5579091020742656]
14:18:28,736 DEBUG SQL:104 - 
    insert 
    into
        CourseMeeting
        (courseCode, day, period, location) 
    values
        (?, ?, ?, ?)
14:18:28,736 DEBUG BaseGeneralDataRegion:59 - Caching[foo.org.hibernate.cache.spi.UpdateTimestampsCache] : [CourseMeeting] -> [5579091020742657]
14:18:28,736 DEBUG SQL:104 - 
    insert 
    into
        Student
        (name_first, name_middle, name_last, preferredCourseCode, studentId) 
    values
        (?, ?, ?, ?, ?)
14:18:28,746 DEBUG BaseGeneralDataRegion:59 - Caching[foo.org.hibernate.cache.spi.UpdateTimestampsCache] : [Student] -> [5579091020783616]
14:18:28,747 DEBUG SQL:104 - 
    insert 
    into
        Address
        (addressType, street, city, stateProvince, postalCode, country, studentNumber, id) 
    values
        (?, ?, ?, ?, ?, ?, ?, ?)
14:18:28,747 DEBUG BaseGeneralDataRegion:59 - Caching[foo.org.hibernate.cache.spi.UpdateTimestampsCache] : [Address] -> [5579091020787712]
14:18:28,747 DEBUG SQL:104 - 
    insert 
    into
        Address
        (addressType, street, city, stateProvince, postalCode, country, studentNumber, id) 
    values
        (?, ?, ?, ?, ?, ?, ?, ?)
14:18:28,747 DEBUG BaseGeneralDataRegion:59 - Caching[foo.org.hibernate.cache.spi.UpdateTimestampsCache] : [Address] -> [5579091020787713]
14:18:28,747 DEBUG SQL:104 - 
    insert 
    into
        Student
        (name_first, name_middle, name_last, preferredCourseCode, studentId) 
    values
        (?, ?, ?, ?, ?)
14:18:28,747 DEBUG BaseGeneralDataRegion:59 - Caching[foo.org.hibernate.cache.spi.UpdateTimestampsCache] : [Student] -> [5579091020787714]
14:18:28,747 DEBUG SQL:104 - 
    insert 
    into
        Enrolment
        (semester, "year", studentId, courseCode) 
    values
        (?, ?, ?, ?)
14:18:28,748 DEBUG BaseGeneralDataRegion:59 - Caching[foo.org.hibernate.cache.spi.UpdateTimestampsCache] : [Enrolment] -> [5579091020791808]
14:18:28,748 DEBUG SQL:104 - 
    insert 
    into
        Enrolment
        (semester, "year", studentId, courseCode) 
    values
        (?, ?, ?, ?)
14:18:28,748 DEBUG BaseGeneralDataRegion:59 - Caching[foo.org.hibernate.cache.spi.UpdateTimestampsCache] : [Enrolment] -> [5579091020791809]
14:18:28,748 DEBUG BaseGeneralDataRegion:59 - Caching[foo.org.hibernate.cache.spi.UpdateTimestampsCache] : [CourseMeeting] -> [5579091020791810]
14:18:28,748 DEBUG BaseGeneralDataRegion:59 - Caching[foo.org.hibernate.cache.spi.UpdateTimestampsCache] : [Enrolment] -> [5579091020791811]
14:18:28,748 DEBUG SQL:104 - 
    update
        Address 
    set
        studentNumber=?,
        addressType=? 
    where
        id=?
14:18:28,769 DEBUG SQL:104 - 
    update
        Address 
    set
        studentNumber=?,
        addressType=? 
    where
        id=?
14:18:28,769 DEBUG BaseGeneralDataRegion:59 - Caching[foo.org.hibernate.cache.spi.UpdateTimestampsCache] : [Address] -> [5579091020877824]
14:18:28,770 DEBUG SQL:104 - 
    insert 
    into
        Student_secretCodes
        (studentNumber, i, secretCode) 
    values
        (?, ?, ?)
14:18:28,770 DEBUG BaseGeneralDataRegion:59 - Caching[foo.org.hibernate.cache.spi.UpdateTimestampsCache] : [Student_secretCodes] -> [5579091020881920]
14:18:28,770 DEBUG BaseGeneralDataRegion:59 - Caching[foo.org.hibernate.cache.spi.UpdateTimestampsCache] : [Enrolment] -> [5579091020881921]
14:18:28,770 DEBUG BaseGeneralDataRegion:59 - Caching[foo.org.hibernate.cache.spi.UpdateTimestampsCache] : [Address] -> [5579091020881922]
14:18:28,770 DEBUG SQL:104 - 
    insert 
    into
        Student_secretCodes
        (studentNumber, i, secretCode) 
    values
        (?, ?, ?)
14:18:28,779 DEBUG SQL:104 - 
    insert 
    into
        Student_secretCodes
        (studentNumber, i, secretCode) 
    values
        (?, ?, ?)
14:18:28,780 DEBUG BaseGeneralDataRegion:59 - Caching[foo.org.hibernate.cache.spi.UpdateTimestampsCache] : [Student_secretCodes] -> [5579091020922880]
14:18:28,780 DEBUG BaseGeneralDataRegion:59 - Caching[foo.org.hibernate.cache.spi.UpdateTimestampsCache] : [Student] -> [5579090775162881]
14:18:28,780 DEBUG BaseGeneralDataRegion:59 - Caching[foo.org.hibernate.cache.spi.UpdateTimestampsCache] : [Course] -> [5579090775162881]
14:18:28,780 DEBUG BaseGeneralDataRegion:59 - Caching[foo.org.hibernate.cache.spi.UpdateTimestampsCache] : [Enrolment] -> [5579090775162881]
14:18:28,780 DEBUG BaseGeneralDataRegion:59 - Caching[foo.org.hibernate.cache.spi.UpdateTimestampsCache] : [Student_secretCodes] -> [5579090775162881]
14:18:28,780 DEBUG BaseGeneralDataRegion:59 - Caching[foo.org.hibernate.cache.spi.UpdateTimestampsCache] : [Address] -> [5579090775162881]
14:18:28,780 DEBUG BaseGeneralDataRegion:59 - Caching[foo.org.hibernate.cache.spi.UpdateTimestampsCache] : [CourseMeeting] -> [5579090775162881]
14:18:28,781 DEBUG QueryTranslatorImpl:265 - parse() - HQL: select value(s.addresses) from org.hibernate.test.querycache.Student s
14:18:28,783 DEBUG QueryTranslatorImpl:283 - --- HQL AST ---
 \-[QUERY] Node: 'query'
    \-[SELECT_FROM] Node: 'SELECT_FROM'
       +-[FROM] Node: 'from'
       |  \-[RANGE] Node: 'RANGE'
       |     +-[DOT] Node: '.'
       |     |  +-[DOT] Node: '.'
       |     |  |  +-[DOT] Node: '.'
       |     |  |  |  +-[DOT] Node: '.'
       |     |  |  |  |  +-[IDENT] Node: 'org'
       |     |  |  |  |  \-[IDENT] Node: 'hibernate'
       |     |  |  |  \-[IDENT] Node: 'test'
       |     |  |  \-[IDENT] Node: 'querycache'
       |     |  \-[IDENT] Node: 'Student'
       |     \-[ALIAS] Node: 's'
       \-[SELECT] Node: 'select'
          \-[VALUE] Node: ''
             \-[DOT] Node: '.'
                +-[IDENT] Node: 's'
                \-[IDENT] Node: 'addresses'

14:18:28,791 DEBUG ErrorCounter:82 - throwQueryException() : no errors
14:18:28,792 DEBUG FromElement:157 - FromClause{level=1} : org.hibernate.test.querycache.Student (s) -> student0_
14:18:28,792 DEBUG FromReferenceNode:74 - Resolved : s -> student0_.studentId
14:18:28,792 DEBUG DotNode:599 - getDataType() : addresses -> org.hibernate.type.MapType(org.hibernate.test.querycache.Student.addresses)
14:18:28,792 DEBUG FromElementFactory:376 - createEntityAssociation() : One to many - path = s.addresses role = org.hibernate.test.querycache.Student.addresses associatedEntityName = org.hibernate.test.querycache.Address
14:18:28,792 DEBUG FromElement:157 - FromClause{level=1} : org.hibernate.test.querycache.Address (<no alias>) -> addresses1_
14:18:28,792 DEBUG FromClause:282 - addJoinByPathMap() : s.addresses -> ImpliedFromElement{implied,not a collection join,not a fetch join,fetch non-lazy properties,classAlias=null,role=null,tableName=Address,tableAlias=addresses1_,origin=Student student0_,columns={student0_.studentId ,className=org.hibernate.test.querycache.Address}}
14:18:28,793 DEBUG DotNode:308 - dereferenceCollection() : Created new FROM element for s.addresses : Address addresses1_
14:18:28,793 DEBUG FromReferenceNode:74 - Resolved : s.addresses -> .
14:18:28,793 DEBUG HqlSqlWalker:629 - processQuery() :  ( SELECT ( {select clause} addresses1_.id ) ( FromClause{level=1} ( Student student0_ Address addresses1_ ) ) )
14:18:28,793 DEBUG JoinProcessor:175 - Using FROM fragment [Student student0_]
14:18:28,793 DEBUG SyntheticAndFactory:92 - Using unprocessed WHERE-fragment [student0_.studentId=addresses1_.studentNumber]
14:18:28,793 DEBUG SyntheticAndFactory:124 - Using processed WHERE-fragment [student0_.studentId=addresses1_.studentNumber]
14:18:28,793 DEBUG QueryNode:73 - getWhereClause() : Creating a new WHERE clause...
14:18:28,794 DEBUG QueryTranslatorImpl:252 - --- SQL AST ---
 \-[SELECT] QueryNode: 'SELECT'  querySpaces (Student,Address)
    +-[SELECT_CLAUSE] SelectClause: '{select clause}'
    |  +-[VALUE] MapValueNode: 'addresses1_.id as id0_' {ImpliedFromElement{implied,not a collection join,not a fetch join,fetch non-lazy properties,classAlias=null,role=org.hibernate.test.querycache.Student.addresses,tableName=Address,tableAlias=addresses1_,origin=Student student0_,columns={student0_.studentId ,className=org.hibernate.test.querycache.Address}}}
    |  \-[SQL_TOKEN] SqlFragment: 'addresses1_.addressType as addressT2_0_, addresses1_.street as street0_, addresses1_.city as city0_, addresses1_.stateProvince as statePro5_0_, addresses1_.postalCode as postalCode0_, addresses1_.country as country0_, addresses1_.studentNumber as studentN8_0_'
    +-[FROM] FromClause: 'from' FromClause{level=1, fromElementCounter=2, fromElements=2, fromElementByClassAlias=[s], fromElementByTableAlias=[student0_, addresses1_], fromElementsByPath=[s.addresses], collectionJoinFromElementsByPath=[], impliedElements=[]}
    |  \-[FROM_FRAGMENT] FromElement: 'Student student0_' FromElement{explicit,not a collection join,not a fetch join,fetch non-lazy properties,classAlias=s,role=null,tableName=Student,tableAlias=student0_,origin=null,columns={,className=org.hibernate.test.querycache.Student}}
    |     \-[FROM_FRAGMENT] ImpliedFromElement: 'Address addresses1_' ImpliedFromElement{implied,not a collection join,not a fetch join,fetch non-lazy properties,classAlias=null,role=org.hibernate.test.querycache.Student.addresses,tableName=Address,tableAlias=addresses1_,origin=Student student0_,columns={student0_.studentId ,className=org.hibernate.test.querycache.Address}}
    \-[WHERE] SqlNode: 'WHERE'
       \-[THETA_JOINS] SqlNode: '{theta joins}'
          \-[SQL_TOKEN] SqlFragment: 'student0_.studentId=addresses1_.studentNumber'

14:18:28,804 DEBUG ErrorCounter:82 - throwQueryException() : no errors
14:18:28,804 DEBUG QueryTranslatorImpl:235 - HQL: select value(s.addresses) from org.hibernate.test.querycache.Student s
14:18:28,804 DEBUG QueryTranslatorImpl:236 - SQL: select addresses1_.id as id0_, addresses1_.addressType as addressT2_0_, addresses1_.street as street0_, addresses1_.city as city0_, addresses1_.stateProvince as statePro5_0_, addresses1_.postalCode as postalCode0_, addresses1_.country as country0_, addresses1_.studentNumber as studentN8_0_ from Student student0_, Address addresses1_ where student0_.studentId=addresses1_.studentNumber
14:18:28,804 DEBUG ErrorCounter:82 - throwQueryException() : no errors
14:18:28,805 DEBUG SQL:104 - 
    select
        addresses1_.id as id0_,
        addresses1_.addressType as addressT2_0_,
        addresses1_.street as street0_,
        addresses1_.city as city0_,
        addresses1_.stateProvince as statePro5_0_,
        addresses1_.postalCode as postalCode0_,
        addresses1_.country as country0_,
        addresses1_.studentNumber as studentN8_0_ 
    from
        Student student0_,
        Address addresses1_ 
    where
        student0_.studentId=addresses1_.studentNumber
14:18:28,806 DEBUG SQL:104 - 
    select
        addresses1_.id as id0_,
        addresses1_.addressType as addressT2_0_,
        addresses1_.street as street0_,
        addresses1_.city as city0_,
        addresses1_.stateProvince as statePro5_0_,
        addresses1_.postalCode as postalCode0_,
        addresses1_.country as country0_,
        addresses1_.studentNumber as studentN8_0_ 
    from
        Student student0_,
        Address addresses1_ 
    where
        student0_.studentId=addresses1_.studentNumber
14:18:28,815 DEBUG SQL:104 - 
    select
        student_.studentId,
        student_.name_first as name2_4_,
        student_.name_middle as name3_4_,
        student_.name_last as name4_4_,
        student_.preferredCourseCode as preferre5_4_ 
    from
        Student student_ 
    where
        student_.studentId=?
14:18:28,815 DEBUG SQL:104 - 
    select
        enrolment_.studentId,
        enrolment_.courseCode,
        enrolment_.semester as semester3_,
        enrolment_."year" as year4_3_ 
    from
        Enrolment enrolment_ 
    where
        enrolment_.studentId=? 
        and enrolment_.courseCode=?
14:18:28,824 DEBUG SQL:104 - 
    select
        course_.courseCode,
        course_.description as descript2_1_ 
    from
        Course course_ 
    where
        course_.courseCode=?
14:18:28,825 DEBUG SQL:104 - 
    select
        student_.studentId,
        student_.name_first as name2_4_,
        student_.name_middle as name3_4_,
        student_.name_last as name4_4_,
        student_.preferredCourseCode as preferre5_4_ 
    from
        Student student_ 
    where
        student_.studentId=?
14:18:28,825 DEBUG SQL:104 - 
    select
        enrolment_.studentId,
        enrolment_.courseCode,
        enrolment_.semester as semester3_,
        enrolment_."year" as year4_3_ 
    from
        Enrolment enrolment_ 
    where
        enrolment_.studentId=? 
        and enrolment_.courseCode=?
14:18:28,834 DEBUG SQL:104 - 
    select
        coursemeet_.courseCode,
        coursemeet_.day,
        coursemeet_.period,
        coursemeet_.location 
    from
        CourseMeeting coursemeet_ 
    where
        coursemeet_.courseCode=? 
        and coursemeet_.day=? 
        and coursemeet_.period=? 
        and coursemeet_.location=?
14:18:28,835 DEBUG SQL:104 - 
    select
        coursemeet_.courseCode,
        coursemeet_.day,
        coursemeet_.period,
        coursemeet_.location 
    from
        CourseMeeting coursemeet_ 
    where
        coursemeet_.courseCode=? 
        and coursemeet_.day=? 
        and coursemeet_.period=? 
        and coursemeet_.location=?
14:18:28,836 DEBUG BaseGeneralDataRegion:59 - Caching[foo.org.hibernate.cache.spi.UpdateTimestampsCache] : [Enrolment] -> [5579091021152256]
14:18:28,845 DEBUG SQL:104 - 
    update
        Address 
    set
        studentNumber=null,
        addressType=null 
    where
        studentNumber=?
14:18:28,846 DEBUG BaseGeneralDataRegion:59 - Caching[foo.org.hibernate.cache.spi.UpdateTimestampsCache] : [Address] -> [5579091021193216]
14:18:28,846 DEBUG SQL:104 - 
    delete 
    from
        Student_secretCodes 
    where
        studentNumber=?
14:18:28,846 DEBUG BaseGeneralDataRegion:59 - Caching[foo.org.hibernate.cache.spi.UpdateTimestampsCache] : [Student_secretCodes] -> [5579091021193217]
14:18:28,846 DEBUG BaseGeneralDataRegion:59 - Caching[foo.org.hibernate.cache.spi.UpdateTimestampsCache] : [Enrolment] -> [5579091021193218]
14:18:28,846 DEBUG BaseGeneralDataRegion:59 - Caching[foo.org.hibernate.cache.spi.UpdateTimestampsCache] : [Address] -> [5579091021193219]
14:18:28,847 DEBUG SQL:104 - 
    delete 
    from
        Student_secretCodes 
    where
        studentNumber=?
14:18:28,847 DEBUG BaseGeneralDataRegion:59 - Caching[foo.org.hibernate.cache.spi.UpdateTimestampsCache] : [Student_secretCodes] -> [5579091021197312]
14:18:28,847 DEBUG BaseGeneralDataRegion:59 - Caching[foo.org.hibernate.cache.spi.UpdateTimestampsCache] : [CourseMeeting] -> [5579091021197313]
14:18:28,847 DEBUG SQL:104 - 
    delete 
    from
        Enrolment 
    where
        studentId=? 
        and courseCode=?
14:18:28,847 DEBUG BaseGeneralDataRegion:59 - Caching[foo.org.hibernate.cache.spi.UpdateTimestampsCache] : [Enrolment] -> [5579091021197314]
14:18:28,847 DEBUG SQL:104 - 
    delete 
    from
        Address 
    where
        id=?
14:18:28,847 DEBUG BaseGeneralDataRegion:59 - Caching[foo.org.hibernate.cache.spi.UpdateTimestampsCache] : [Address] -> [5579091021197315]
14:18:28,848 DEBUG SQL:104 - 
    delete 
    from
        Address 
    where
        id=?
14:18:28,848 DEBUG BaseGeneralDataRegion:59 - Caching[foo.org.hibernate.cache.spi.UpdateTimestampsCache] : [Address] -> [5579091021201408]
14:18:28,848 DEBUG SQL:104 - 
    delete 
    from
        Student 
    where
        studentId=?
14:18:28,848 DEBUG BaseGeneralDataRegion:59 - Caching[foo.org.hibernate.cache.spi.UpdateTimestampsCache] : [Student] -> [5579091021201409]
14:18:28,848 DEBUG SQL:104 - 
    delete 
    from
        Enrolment 
    where
        studentId=? 
        and courseCode=?
14:18:28,859 DEBUG BaseGeneralDataRegion:59 - Caching[foo.org.hibernate.cache.spi.UpdateTimestampsCache] : [Enrolment] -> [5579091021246464]
14:18:28,859 DEBUG SQL:104 - 
    delete 
    from
        Student 
    where
        studentId=?
14:18:28,859 DEBUG BaseGeneralDataRegion:59 - Caching[foo.org.hibernate.cache.spi.UpdateTimestampsCache] : [Student] -> [5579091021246465]
14:18:28,859 DEBUG SQL:104 - 
    delete 
    from
        CourseMeeting 
    where
        courseCode=? 
        and day=? 
        and period=? 
        and location=?
14:18:28,859 DEBUG BaseGeneralDataRegion:59 - Caching[foo.org.hibernate.cache.spi.UpdateTimestampsCache] : [CourseMeeting] -> [5579091021246466]
14:18:28,860 DEBUG SQL:104 - 
    delete 
    from
        CourseMeeting 
    where
        courseCode=? 
        and day=? 
        and period=? 
        and location=?
14:18:28,860 DEBUG BaseGeneralDataRegion:59 - Caching[foo.org.hibernate.cache.spi.UpdateTimestampsCache] : [CourseMeeting] -> [5579091021250560]
14:18:28,869 DEBUG SQL:104 - 
    delete 
    from
        Course 
    where
        courseCode=?
14:18:28,869 DEBUG BaseGeneralDataRegion:59 - Caching[foo.org.hibernate.cache.spi.UpdateTimestampsCache] : [Course] -> [5579091021287424]
14:18:28,870 DEBUG BaseGeneralDataRegion:59 - Caching[foo.org.hibernate.cache.spi.UpdateTimestampsCache] : [Student] -> [5579090775531520]
14:18:28,870 DEBUG BaseGeneralDataRegion:59 - Caching[foo.org.hibernate.cache.spi.UpdateTimestampsCache] : [Course] -> [5579090775531520]
14:18:28,870 DEBUG BaseGeneralDataRegion:59 - Caching[foo.org.hibernate.cache.spi.UpdateTimestampsCache] : [Enrolment] -> [5579090775531520]
14:18:28,870 DEBUG BaseGeneralDataRegion:59 - Caching[foo.org.hibernate.cache.spi.UpdateTimestampsCache] : [Student_secretCodes] -> [5579090775531520]
14:18:28,870 DEBUG BaseGeneralDataRegion:59 - Caching[foo.org.hibernate.cache.spi.UpdateTimestampsCache] : [Address] -> [5579090775531520]
14:18:28,870 DEBUG BaseGeneralDataRegion:59 - Caching[foo.org.hibernate.cache.spi.UpdateTimestampsCache] : [CourseMeeting] -> [5579090775531520]
14:18:28,870  INFO CustomRunner:139 - Test: testMultiAggregatedPropProjectionSingleResult
14:18:28,871 DEBUG SQL:104 - 
    select
        coursemeet_.courseCode,
        coursemeet_.day,
        coursemeet_.period,
        coursemeet_.location 
    from
        CourseMeeting coursemeet_ 
    where
        coursemeet_.courseCode=? 
        and coursemeet_.day=? 
        and coursemeet_.period=? 
        and coursemeet_.location=?
14:18:28,872 DEBUG SQL:104 - 
    select
        coursemeet_.courseCode,
        coursemeet_.day,
        coursemeet_.period,
        coursemeet_.location 
    from
        CourseMeeting coursemeet_ 
    where
        coursemeet_.courseCode=? 
        and coursemeet_.day=? 
        and coursemeet_.period=? 
        and coursemeet_.location=?
14:18:28,873 DEBUG SQL:104 - 
    insert 
    into
        Course
        (description, courseCode) 
    values
        (?, ?)
14:18:28,892 DEBUG BaseGeneralDataRegion:59 - Caching[foo.org.hibernate.cache.spi.UpdateTimestampsCache] : [Course] -> [5579091021381632]
14:18:28,892 DEBUG SQL:104 - 
    insert 
    into
        CourseMeeting
        (courseCode, day, period, location) 
    values
        (?, ?, ?, ?)
14:18:28,893 DEBUG BaseGeneralDataRegion:59 - Caching[foo.org.hibernate.cache.spi.UpdateTimestampsCache] : [CourseMeeting] -> [5579091021385728]
14:18:28,893 DEBUG SQL:104 - 
    insert 
    into
        CourseMeeting
        (courseCode, day, period, location) 
    values
        (?, ?, ?, ?)
14:18:28,893 DEBUG BaseGeneralDataRegion:59 - Caching[foo.org.hibernate.cache.spi.UpdateTimestampsCache] : [CourseMeeting] -> [5579091021385729]
14:18:28,893 DEBUG SQL:104 - 
    insert 
    into
        Student
        (name_first, name_middle, name_last, preferredCourseCode, studentId) 
    values
        (?, ?, ?, ?, ?)
14:18:28,893 DEBUG BaseGeneralDataRegion:59 - Caching[foo.org.hibernate.cache.spi.UpdateTimestampsCache] : [Student] -> [5579091021385730]
14:18:28,893 DEBUG SQL:104 - 
    insert 
    into
        Address
        (addressType, street, city, stateProvince, postalCode, country, studentNumber, id) 
    values
        (?, ?, ?, ?, ?, ?, ?, ?)
14:18:28,903 DEBUG BaseGeneralDataRegion:59 - Caching[foo.org.hibernate.cache.spi.UpdateTimestampsCache] : [Address] -> [5579091021426688]
14:18:28,903 DEBUG SQL:104 - 
    insert 
    into
        Address
        (addressType, street, city, stateProvince, postalCode, country, studentNumber, id) 
    values
        (?, ?, ?, ?, ?, ?, ?, ?)
14:18:28,903 DEBUG BaseGeneralDataRegion:59 - Caching[foo.org.hibernate.cache.spi.UpdateTimestampsCache] : [Address] -> [5579091021426689]
14:18:28,903 DEBUG SQL:104 - 
    insert 
    into
        Student
        (name_first, name_middle, name_last, preferredCourseCode, studentId) 
    values
        (?, ?, ?, ?, ?)
14:18:28,903 DEBUG BaseGeneralDataRegion:59 - Caching[foo.org.hibernate.cache.spi.UpdateTimestampsCache] : [Student] -> [5579091021426690]
14:18:28,904 DEBUG SQL:104 - 
    insert 
    into
        Enrolment
        (semester, "year", studentId, courseCode) 
    values
        (?, ?, ?, ?)
14:18:28,913 DEBUG BaseGeneralDataRegion:59 - Caching[foo.org.hibernate.cache.spi.UpdateTimestampsCache] : [Enrolment] -> [5579091021467648]
14:18:28,913 DEBUG SQL:104 - 
    insert 
    into
        Enrolment
        (semester, "year", studentId, courseCode) 
    values
        (?, ?, ?, ?)
14:18:28,914 DEBUG BaseGeneralDataRegion:59 - Caching[foo.org.hibernate.cache.spi.UpdateTimestampsCache] : [Enrolment] -> [5579091021471744]
14:18:28,914 DEBUG BaseGeneralDataRegion:59 - Caching[foo.org.hibernate.cache.spi.UpdateTimestampsCache] : [CourseMeeting] -> [5579091021471745]
14:18:28,914 DEBUG BaseGeneralDataRegion:59 - Caching[foo.org.hibernate.cache.spi.UpdateTimestampsCache] : [Enrolment] -> [5579091021471746]
14:18:28,914 DEBUG SQL:104 - 
    update
        Address 
    set
        studentNumber=?,
        addressType=? 
    where
        id=?
14:18:28,914 DEBUG SQL:104 - 
    update
        Address 
    set
        studentNumber=?,
        addressType=? 
    where
        id=?
14:18:28,914 DEBUG BaseGeneralDataRegion:59 - Caching[foo.org.hibernate.cache.spi.UpdateTimestampsCache] : [Address] -> [5579091021471747]
14:18:28,914 DEBUG SQL:104 - 
    insert 
    into
        Student_secretCodes
        (studentNumber, i, secretCode) 
    values
        (?, ?, ?)
14:18:28,923 DEBUG BaseGeneralDataRegion:59 - Caching[foo.org.hibernate.cache.spi.UpdateTimestampsCache] : [Student_secretCodes] -> [5579091021508608]
14:18:28,923 DEBUG BaseGeneralDataRegion:59 - Caching[foo.org.hibernate.cache.spi.UpdateTimestampsCache] : [Enrolment] -> [5579091021508609]
14:18:28,923 DEBUG BaseGeneralDataRegion:59 - Caching[foo.org.hibernate.cache.spi.UpdateTimestampsCache] : [Address] -> [5579091021508610]
14:18:28,923 DEBUG SQL:104 - 
    insert 
    into
        Student_secretCodes
        (studentNumber, i, secretCode) 
    values
        (?, ?, ?)
14:18:28,924 DEBUG SQL:104 - 
    insert 
    into
        Student_secretCodes
        (studentNumber, i, secretCode) 
    values
        (?, ?, ?)
14:18:28,924 DEBUG BaseGeneralDataRegion:59 - Caching[foo.org.hibernate.cache.spi.UpdateTimestampsCache] : [Student_secretCodes] -> [5579091021512704]
14:18:28,924 DEBUG BaseGeneralDataRegion:59 - Caching[foo.org.hibernate.cache.spi.UpdateTimestampsCache] : [Student] -> [5579090775752705]
14:18:28,924 DEBUG BaseGeneralDataRegion:59 - Caching[foo.org.hibernate.cache.spi.UpdateTimestampsCache] : [Course] -> [5579090775752705]
14:18:28,924 DEBUG BaseGeneralDataRegion:59 - Caching[foo.org.hibernate.cache.spi.UpdateTimestampsCache] : [Enrolment] -> [5579090775752705]
14:18:28,924 DEBUG BaseGeneralDataRegion:59 - Caching[foo.org.hibernate.cache.spi.UpdateTimestampsCache] : [Student_secretCodes] -> [5579090775752705]
14:18:28,924 DEBUG BaseGeneralDataRegion:59 - Caching[foo.org.hibernate.cache.spi.UpdateTimestampsCache] : [Address] -> [5579090775752705]
14:18:28,924 DEBUG BaseGeneralDataRegion:59 - Caching[foo.org.hibernate.cache.spi.UpdateTimestampsCache] : [CourseMeeting] -> [5579090775752705]
14:18:28,933 DEBUG QueryTranslatorImpl:265 - parse() - HQL: select min( e.studentNumber ) as minStudentNumber, max( e.studentNumber ) as maxStudentNumber from org.hibernate.test.querycache.Enrolment e
14:18:28,934 DEBUG QueryTranslatorImpl:283 - --- HQL AST ---
 \-[QUERY] Node: 'query'
    \-[SELECT_FROM] Node: 'SELECT_FROM'
       +-[FROM] Node: 'from'
       |  \-[RANGE] Node: 'RANGE'
       |     +-[DOT] Node: '.'
       |     |  +-[DOT] Node: '.'
       |     |  |  +-[DOT] Node: '.'
       |     |  |  |  +-[DOT] Node: '.'
       |     |  |  |  |  +-[IDENT] Node: 'org'
       |     |  |  |  |  \-[IDENT] Node: 'hibernate'
       |     |  |  |  \-[IDENT] Node: 'test'
       |     |  |  \-[IDENT] Node: 'querycache'
       |     |  \-[IDENT] Node: 'Enrolment'
       |     \-[ALIAS] Node: 'e'
       \-[SELECT] Node: 'select'
          +-[AS] Node: 'as'
          |  +-[AGGREGATE] Node: 'min'
          |  |  \-[DOT] Node: '.'
          |  |     +-[IDENT] Node: 'e'
          |  |     \-[IDENT] Node: 'studentNumber'
          |  \-[IDENT] Node: 'minStudentNumber'
          \-[AS] Node: 'as'
             +-[AGGREGATE] Node: 'max'
             |  \-[DOT] Node: '.'
             |     +-[IDENT] Node: 'e'
             |     \-[IDENT] Node: 'studentNumber'
             \-[IDENT] Node: 'maxStudentNumber'

14:18:28,944 DEBUG ErrorCounter:82 - throwQueryException() : no errors
14:18:28,944 DEBUG FromElement:157 - FromClause{level=1} : org.hibernate.test.querycache.Enrolment (e) -> enrolment0_
14:18:28,944 DEBUG FromReferenceNode:74 - Resolved : e -> (enrolment0_.studentId, enrolment0_.courseCode)
14:18:28,944 DEBUG DotNode:599 - getDataType() : studentNumber -> org.hibernate.type.LongType@4bf3f9d
14:18:28,945 DEBUG FromReferenceNode:74 - Resolved : e.studentNumber -> enrolment0_.studentId
14:18:28,945 DEBUG FromReferenceNode:74 - Resolved : e -> (enrolment0_.studentId, enrolment0_.courseCode)
14:18:28,945 DEBUG DotNode:599 - getDataType() : studentNumber -> org.hibernate.type.LongType@4bf3f9d
14:18:28,945 DEBUG FromReferenceNode:74 - Resolved : e.studentNumber -> enrolment0_.studentId
14:18:28,945 DEBUG HqlSqlWalker:629 - processQuery() :  ( SELECT ( {select clause} ( min ( enrolment0_.studentId (enrolment0_.studentId, enrolment0_.courseCode) studentNumber ) ) ( max ( enrolment0_.studentId (enrolment0_.studentId, enrolment0_.courseCode) studentNumber ) ) ) ( FromClause{level=1} Enrolment enrolment0_ ) )
14:18:28,945 DEBUG JoinProcessor:175 - Using FROM fragment [Enrolment enrolment0_]
14:18:28,946 DEBUG QueryTranslatorImpl:252 - --- SQL AST ---
 \-[SELECT] QueryNode: 'SELECT'  querySpaces (Enrolment)
    +-[SELECT_CLAUSE] SelectClause: '{select clause}'
    |  +-[AGGREGATE] AggregateNode: 'min'
    |  |  \-[DOT] DotNode: 'enrolment0_.studentId' {propertyName=studentNumber,dereferenceType=ALL,propertyPath=studentNumber,path=e.studentNumber,tableAlias=enrolment0_,className=org.hibernate.test.querycache.Enrolment,classAlias=e}
    |  |     +-[ALIAS_REF] IdentNode: '(enrolment0_.studentId, enrolment0_.courseCode)' {alias=e, className=org.hibernate.test.querycache.Enrolment, tableAlias=enrolment0_}
    |  |     \-[IDENT] IdentNode: 'studentNumber' {originalText=studentNumber}
    |  +-[SELECT_COLUMNS] SqlNode: ' as col_0_0_'
    |  +-[AGGREGATE] AggregateNode: 'max'
    |  |  \-[DOT] DotNode: 'enrolment0_.studentId' {propertyName=studentNumber,dereferenceType=ALL,propertyPath=studentNumber,path=e.studentNumber,tableAlias=enrolment0_,className=org.hibernate.test.querycache.Enrolment,classAlias=e}
    |  |     +-[ALIAS_REF] IdentNode: '(enrolment0_.studentId, enrolment0_.courseCode)' {alias=e, className=org.hibernate.test.querycache.Enrolment, tableAlias=enrolment0_}
    |  |     \-[IDENT] IdentNode: 'studentNumber' {originalText=studentNumber}
    |  \-[SELECT_COLUMNS] SqlNode: ' as col_1_0_'
    \-[FROM] FromClause: 'from' FromClause{level=1, fromElementCounter=1, fromElements=1, fromElementByClassAlias=[e], fromElementByTableAlias=[enrolment0_], fromElementsByPath=[], collectionJoinFromElementsByPath=[], impliedElements=[]}
       \-[FROM_FRAGMENT] FromElement: 'Enrolment enrolment0_' FromElement{explicit,not a collection join,not a fetch join,fetch non-lazy properties,classAlias=e,role=null,tableName=Enrolment,tableAlias=enrolment0_,origin=null,columns={,className=org.hibernate.test.querycache.Enrolment}}

14:18:28,946 DEBUG ErrorCounter:82 - throwQueryException() : no errors
14:18:28,946 DEBUG QueryTranslatorImpl:235 - HQL: select min( e.studentNumber ) as minStudentNumber, max( e.studentNumber ) as maxStudentNumber from org.hibernate.test.querycache.Enrolment e
14:18:28,956 DEBUG QueryTranslatorImpl:236 - SQL: select min(enrolment0_.studentId) as col_0_0_, max(enrolment0_.studentId) as col_1_0_ from Enrolment enrolment0_
14:18:28,956 DEBUG ErrorCounter:82 - throwQueryException() : no errors
14:18:28,956 DEBUG SQL:104 - 
    select
        min(enrolment0_.studentId) as col_0_0_,
        max(enrolment0_.studentId) as col_1_0_ 
    from
        Enrolment enrolment0_
14:18:28,957 DEBUG SQL:104 - 
    select
        min(enrolment0_.studentId) as col_0_0_,
        max(enrolment0_.studentId) as col_1_0_ 
    from
        Enrolment enrolment0_
14:18:28,957 DEBUG SQL:104 - 
    select
        student_.studentId,
        student_.name_first as name2_4_,
        student_.name_middle as name3_4_,
        student_.name_last as name4_4_,
        student_.preferredCourseCode as preferre5_4_ 
    from
        Student student_ 
    where
        student_.studentId=?
14:18:28,958 DEBUG SQL:104 - 
    select
        enrolment_.studentId,
        enrolment_.courseCode,
        enrolment_.semester as semester3_,
        enrolment_."year" as year4_3_ 
    from
        Enrolment enrolment_ 
    where
        enrolment_.studentId=? 
        and enrolment_.courseCode=?
14:18:28,966 DEBUG SQL:104 - 
    select
        course_.courseCode,
        course_.description as descript2_1_ 
    from
        Course course_ 
    where
        course_.courseCode=?
14:18:28,966 DEBUG SQL:104 - 
    select
        student_.studentId,
        student_.name_first as name2_4_,
        student_.name_middle as name3_4_,
        student_.name_last as name4_4_,
        student_.preferredCourseCode as preferre5_4_ 
    from
        Student student_ 
    where
        student_.studentId=?
14:18:28,966 DEBUG SQL:104 - 
    select
        enrolment_.studentId,
        enrolment_.courseCode,
        enrolment_.semester as semester3_,
        enrolment_."year" as year4_3_ 
    from
        Enrolment enrolment_ 
    where
        enrolment_.studentId=? 
        and enrolment_.courseCode=?
14:18:28,975 DEBUG SQL:104 - 
    select
        coursemeet_.courseCode,
        coursemeet_.day,
        coursemeet_.period,
        coursemeet_.location 
    from
        CourseMeeting coursemeet_ 
    where
        coursemeet_.courseCode=? 
        and coursemeet_.day=? 
        and coursemeet_.period=? 
        and coursemeet_.location=?
14:18:28,975 DEBUG SQL:104 - 
    select
        coursemeet_.courseCode,
        coursemeet_.day,
        coursemeet_.period,
        coursemeet_.location 
    from
        CourseMeeting coursemeet_ 
    where
        coursemeet_.courseCode=? 
        and coursemeet_.day=? 
        and coursemeet_.period=? 
        and coursemeet_.location=?
14:18:28,976 DEBUG BaseGeneralDataRegion:59 - Caching[foo.org.hibernate.cache.spi.UpdateTimestampsCache] : [Enrolment] -> [5579091021725696]
14:18:28,976 DEBUG SQL:104 - 
    update
        Address 
    set
        studentNumber=null,
        addressType=null 
    where
        studentNumber=?
14:18:28,976 DEBUG BaseGeneralDataRegion:59 - Caching[foo.org.hibernate.cache.spi.UpdateTimestampsCache] : [Address] -> [5579091021725697]
14:18:28,976 DEBUG SQL:104 - 
    delete 
    from
        Student_secretCodes 
    where
        studentNumber=?
14:18:28,977 DEBUG BaseGeneralDataRegion:59 - Caching[foo.org.hibernate.cache.spi.UpdateTimestampsCache] : [Student_secretCodes] -> [5579091021729792]
14:18:28,977 DEBUG BaseGeneralDataRegion:59 - Caching[foo.org.hibernate.cache.spi.UpdateTimestampsCache] : [Enrolment] -> [5579091021729793]
14:18:28,977 DEBUG BaseGeneralDataRegion:59 - Caching[foo.org.hibernate.cache.spi.UpdateTimestampsCache] : [Address] -> [5579091021729794]
14:18:28,977 DEBUG SQL:104 - 
    delete 
    from
        Student_secretCodes 
    where
        studentNumber=?
14:18:28,977 DEBUG BaseGeneralDataRegion:59 - Caching[foo.org.hibernate.cache.spi.UpdateTimestampsCache] : [Student_secretCodes] -> [5579091021729795]
14:18:28,977 DEBUG BaseGeneralDataRegion:59 - Caching[foo.org.hibernate.cache.spi.UpdateTimestampsCache] : [CourseMeeting] -> [5579091021729796]
14:18:28,977 DEBUG SQL:104 - 
    delete 
    from
        Enrolment 
    where
        studentId=? 
        and courseCode=?
14:18:28,989 DEBUG BaseGeneralDataRegion:59 - Caching[foo.org.hibernate.cache.spi.UpdateTimestampsCache] : [Enrolment] -> [5579091021778944]
14:18:28,989 DEBUG SQL:104 - 
    delete 
    from
        Address 
    where
        id=?
14:18:28,990 DEBUG BaseGeneralDataRegion:59 - Caching[foo.org.hibernate.cache.spi.UpdateTimestampsCache] : [Address] -> [5579091021783040]
14:18:28,990 DEBUG SQL:104 - 
    delete 
    from
        Address 
    where
        id=?
14:18:28,990 DEBUG BaseGeneralDataRegion:59 - Caching[foo.org.hibernate.cache.spi.UpdateTimestampsCache] : [Address] -> [5579091021783041]
14:18:28,990 DEBUG SQL:104 - 
    delete 
    from
        Student 
    where
        studentId=?
14:18:28,990 DEBUG BaseGeneralDataRegion:59 - Caching[foo.org.hibernate.cache.spi.UpdateTimestampsCache] : [Student] -> [5579091021783042]
14:18:28,990 DEBUG SQL:104 - 
    delete 
    from
        Enrolment 
    where
        studentId=? 
        and courseCode=?
14:18:28,999 DEBUG BaseGeneralDataRegion:59 - Caching[foo.org.hibernate.cache.spi.UpdateTimestampsCache] : [Enrolment] -> [5579091021819904]
14:18:28,999 DEBUG SQL:104 - 
    delete 
    from
        Student 
    where
        studentId=?
14:18:28,999 DEBUG BaseGeneralDataRegion:59 - Caching[foo.org.hibernate.cache.spi.UpdateTimestampsCache] : [Student] -> [5579091021819905]
14:18:28,999 DEBUG SQL:104 - 
    delete 
    from
        CourseMeeting 
    where
        courseCode=? 
        and day=? 
        and period=? 
        and location=?
14:18:28,999 DEBUG BaseGeneralDataRegion:59 - Caching[foo.org.hibernate.cache.spi.UpdateTimestampsCache] : [CourseMeeting] -> [5579091021819906]
14:18:28,999 DEBUG SQL:104 - 
    delete 
    from
        CourseMeeting 
    where
        courseCode=? 
        and day=? 
        and period=? 
        and location=?
14:18:29,000 DEBUG BaseGeneralDataRegion:59 - Caching[foo.org.hibernate.cache.spi.UpdateTimestampsCache] : [CourseMeeting] -> [5579091021824000]
14:18:29,000 DEBUG SQL:104 - 
    delete 
    from
        Course 
    where
        courseCode=?
14:18:29,000 DEBUG BaseGeneralDataRegion:59 - Caching[foo.org.hibernate.cache.spi.UpdateTimestampsCache] : [Course] -> [5579091021824001]
14:18:29,000 DEBUG BaseGeneralDataRegion:59 - Caching[foo.org.hibernate.cache.spi.UpdateTimestampsCache] : [Student] -> [5579090776064002]
14:18:29,000 DEBUG BaseGeneralDataRegion:59 - Caching[foo.org.hibernate.cache.spi.UpdateTimestampsCache] : [Course] -> [5579090776064002]
14:18:29,000 DEBUG BaseGeneralDataRegion:59 - Caching[foo.org.hibernate.cache.spi.UpdateTimestampsCache] : [Enrolment] -> [5579090776064002]
14:18:29,000 DEBUG BaseGeneralDataRegion:59 - Caching[foo.org.hibernate.cache.spi.UpdateTimestampsCache] : [Student_secretCodes] -> [5579090776064002]
14:18:29,000 DEBUG BaseGeneralDataRegion:59 - Caching[foo.org.hibernate.cache.spi.UpdateTimestampsCache] : [Address] -> [5579090776064002]
14:18:29,021 DEBUG BaseGeneralDataRegion:59 - Caching[foo.org.hibernate.cache.spi.UpdateTimestampsCache] : [CourseMeeting] -> [5579090776064002]
14:18:29,022  INFO CustomRunner:139 - Test: testMultiEntityProjectionAliasedList
14:18:29,023 DEBUG SQL:104 - 
    select
        coursemeet_.courseCode,
        coursemeet_.day,
        coursemeet_.period,
        coursemeet_.location 
    from
        CourseMeeting coursemeet_ 
    where
        coursemeet_.courseCode=? 
        and coursemeet_.day=? 
        and coursemeet_.period=? 
        and coursemeet_.location=?
14:18:29,023 DEBUG SQL:104 - 
    select
        coursemeet_.courseCode,
        coursemeet_.day,
        coursemeet_.period,
        coursemeet_.location 
    from
        CourseMeeting coursemeet_ 
    where
        coursemeet_.courseCode=? 
        and coursemeet_.day=? 
        and coursemeet_.period=? 
        and coursemeet_.location=?
14:18:29,032 DEBUG SQL:104 - 
    insert 
    into
        Course
        (description, courseCode) 
    values
        (?, ?)
14:18:29,032 DEBUG BaseGeneralDataRegion:59 - Caching[foo.org.hibernate.cache.spi.UpdateTimestampsCache] : [Course] -> [5579091021955072]
14:18:29,032 DEBUG SQL:104 - 
    insert 
    into
        CourseMeeting
        (courseCode, day, period, location) 
    values
        (?, ?, ?, ?)
14:18:29,032 DEBUG BaseGeneralDataRegion:59 - Caching[foo.org.hibernate.cache.spi.UpdateTimestampsCache] : [CourseMeeting] -> [5579091021955073]
14:18:29,032 DEBUG SQL:104 - 
    insert 
    into
        CourseMeeting
        (courseCode, day, period, location) 
    values
        (?, ?, ?, ?)
14:18:29,033 DEBUG BaseGeneralDataRegion:59 - Caching[foo.org.hibernate.cache.spi.UpdateTimestampsCache] : [CourseMeeting] -> [5579091021959168]
14:18:29,033 DEBUG SQL:104 - 
    insert 
    into
        Student
        (name_first, name_middle, name_last, preferredCourseCode, studentId) 
    values
        (?, ?, ?, ?, ?)
14:18:29,033 DEBUG BaseGeneralDataRegion:59 - Caching[foo.org.hibernate.cache.spi.UpdateTimestampsCache] : [Student] -> [5579091021959169]
14:18:29,033 DEBUG SQL:104 - 
    insert 
    into
        Address
        (addressType, street, city, stateProvince, postalCode, country, studentNumber, id) 
    values
        (?, ?, ?, ?, ?, ?, ?, ?)
14:18:29,033 DEBUG BaseGeneralDataRegion:59 - Caching[foo.org.hibernate.cache.spi.UpdateTimestampsCache] : [Address] -> [5579091021959170]
14:18:29,033 DEBUG SQL:104 - 
    insert 
    into
        Address
        (addressType, street, city, stateProvince, postalCode, country, studentNumber, id) 
    values
        (?, ?, ?, ?, ?, ?, ?, ?)
14:18:29,033 DEBUG BaseGeneralDataRegion:59 - Caching[foo.org.hibernate.cache.spi.UpdateTimestampsCache] : [Address] -> [5579091021959171]
14:18:29,034 DEBUG SQL:104 - 
    insert 
    into
        Student
        (name_first, name_middle, name_last, preferredCourseCode, studentId) 
    values
        (?, ?, ?, ?, ?)
14:18:29,034 DEBUG BaseGeneralDataRegion:59 - Caching[foo.org.hibernate.cache.spi.UpdateTimestampsCache] : [Student] -> [5579091021963264]
14:18:29,034 DEBUG SQL:104 - 
    insert 
    into
        Enrolment
        (semester, "year", studentId, courseCode) 
    values
        (?, ?, ?, ?)
14:18:29,034 DEBUG BaseGeneralDataRegion:59 - Caching[foo.org.hibernate.cache.spi.UpdateTimestampsCache] : [Enrolment] -> [5579091021963265]
14:18:29,034 DEBUG SQL:104 - 
    insert 
    into
        Enrolment
        (semester, "year", studentId, courseCode) 
    values
        (?, ?, ?, ?)
14:18:29,034 DEBUG BaseGeneralDataRegion:59 - Caching[foo.org.hibernate.cache.spi.UpdateTimestampsCache] : [Enrolment] -> [5579091021963266]
14:18:29,035 DEBUG BaseGeneralDataRegion:59 - Caching[foo.org.hibernate.cache.spi.UpdateTimestampsCache] : [CourseMeeting] -> [5579091021963267]
14:18:29,035 DEBUG BaseGeneralDataRegion:59 - Caching[foo.org.hibernate.cache.spi.UpdateTimestampsCache] : [Enrolment] -> [5579091021967360]
14:18:29,055 DEBUG SQL:104 - 
    update
        Address 
    set
        studentNumber=?,
        addressType=? 
    where
        id=?
14:18:29,055 DEBUG SQL:104 - 
    update
        Address 
    set
        studentNumber=?,
        addressType=? 
    where
        id=?
14:18:29,056 DEBUG BaseGeneralDataRegion:59 - Caching[foo.org.hibernate.cache.spi.UpdateTimestampsCache] : [Address] -> [5579091022053376]
14:18:29,056 DEBUG SQL:104 - 
    insert 
    into
        Student_secretCodes
        (studentNumber, i, secretCode) 
    values
        (?, ?, ?)
14:18:29,056 DEBUG BaseGeneralDataRegion:59 - Caching[foo.org.hibernate.cache.spi.UpdateTimestampsCache] : [Student_secretCodes] -> [5579091022053377]
14:18:29,056 DEBUG BaseGeneralDataRegion:59 - Caching[foo.org.hibernate.cache.spi.UpdateTimestampsCache] : [Enrolment] -> [5579091022053378]
14:18:29,056 DEBUG BaseGeneralDataRegion:59 - Caching[foo.org.hibernate.cache.spi.UpdateTimestampsCache] : [Address] -> [5579091022053379]
14:18:29,056 DEBUG SQL:104 - 
    insert 
    into
        Student_secretCodes
        (studentNumber, i, secretCode) 
    values
        (?, ?, ?)
14:18:29,066 DEBUG SQL:104 - 
    insert 
    into
        Student_secretCodes
        (studentNumber, i, secretCode) 
    values
        (?, ?, ?)
14:18:29,066 DEBUG BaseGeneralDataRegion:59 - Caching[foo.org.hibernate.cache.spi.UpdateTimestampsCache] : [Student_secretCodes] -> [5579091022094336]
14:18:29,066 DEBUG BaseGeneralDataRegion:59 - Caching[foo.org.hibernate.cache.spi.UpdateTimestampsCache] : [Student] -> [5579090776334337]
14:18:29,066 DEBUG BaseGeneralDataRegion:59 - Caching[foo.org.hibernate.cache.spi.UpdateTimestampsCache] : [Course] -> [5579090776334337]
14:18:29,066 DEBUG BaseGeneralDataRegion:59 - Caching[foo.org.hibernate.cache.spi.UpdateTimestampsCache] : [Enrolment] -> [5579090776334337]
14:18:29,066 DEBUG BaseGeneralDataRegion:59 - Caching[foo.org.hibernate.cache.spi.UpdateTimestampsCache] : [Student_secretCodes] -> [5579090776334337]
14:18:29,066 DEBUG BaseGeneralDataRegion:59 - Caching[foo.org.hibernate.cache.spi.UpdateTimestampsCache] : [Address] -> [5579090776334337]
14:18:29,066 DEBUG BaseGeneralDataRegion:59 - Caching[foo.org.hibernate.cache.spi.UpdateTimestampsCache] : [CourseMeeting] -> [5579090776334337]
14:18:29,067 DEBUG QueryTranslatorImpl:265 - parse() - HQL: select e.student as st, e.semester as sem, e.year as yr, e.course as c from org.hibernate.test.querycache.Enrolment e order by e.studentNumber
14:18:29,069 DEBUG QueryTranslatorImpl:283 - --- HQL AST ---
 \-[QUERY] Node: 'query'
    +-[SELECT_FROM] Node: 'SELECT_FROM'
    |  +-[FROM] Node: 'from'
    |  |  \-[RANGE] Node: 'RANGE'
    |  |     +-[DOT] Node: '.'
    |  |     |  +-[DOT] Node: '.'
    |  |     |  |  +-[DOT] Node: '.'
    |  |     |  |  |  +-[DOT] Node: '.'
    |  |     |  |  |  |  +-[IDENT] Node: 'org'
    |  |     |  |  |  |  \-[IDENT] Node: 'hibernate'
    |  |     |  |  |  \-[IDENT] Node: 'test'
    |  |     |  |  \-[IDENT] Node: 'querycache'
    |  |     |  \-[IDENT] Node: 'Enrolment'
    |  |     \-[ALIAS] Node: 'e'
    |  \-[SELECT] Node: 'select'
    |     +-[AS] Node: 'as'
    |     |  +-[DOT] Node: '.'
    |     |  |  +-[IDENT] Node: 'e'
    |     |  |  \-[IDENT] Node: 'student'
    |     |  \-[IDENT] Node: 'st'
    |     +-[AS] Node: 'as'
    |     |  +-[DOT] Node: '.'
    |     |  |  +-[IDENT] Node: 'e'
    |     |  |  \-[IDENT] Node: 'semester'
    |     |  \-[IDENT] Node: 'sem'
    |     +-[AS] Node: 'as'
    |     |  +-[DOT] Node: '.'
    |     |  |  +-[IDENT] Node: 'e'
    |     |  |  \-[IDENT] Node: 'year'
    |     |  \-[IDENT] Node: 'yr'
    |     \-[AS] Node: 'as'
    |        +-[DOT] Node: '.'
    |        |  +-[IDENT] Node: 'e'
    |        |  \-[IDENT] Node: 'course'
    |        \-[IDENT] Node: 'c'
    \-[ORDER] Node: 'order'
       \-[DOT] Node: '.'
          +-[IDENT] Node: 'e'
          \-[IDENT] Node: 'studentNumber'

14:18:29,086 DEBUG ErrorCounter:82 - throwQueryException() : no errors
14:18:29,087 DEBUG FromElement:157 - FromClause{level=1} : org.hibernate.test.querycache.Enrolment (e) -> enrolment0_
14:18:29,087 DEBUG FromReferenceNode:74 - Resolved : e -> (enrolment0_.studentId, enrolment0_.courseCode)
14:18:29,087 DEBUG DotNode:599 - getDataType() : student -> org.hibernate.type.ManyToOneType(org.hibernate.test.querycache.Student)
14:18:29,087 DEBUG DotNode:389 - dereferenceEntityJoin() : generating join for student in org.hibernate.test.querycache.Enrolment (<no alias>) parent = [ {null} ]
14:18:29,087 DEBUG FromElement:157 - FromClause{level=1} : org.hibernate.test.querycache.Student (<no alias>) -> student1_
14:18:29,087 DEBUG FromClause:282 - addJoinByPathMap() : e.student -> FromElement{explicit,not a collection join,not a fetch join,fetch non-lazy properties,classAlias=null,role=null,tableName=Student,tableAlias=student1_,origin=Enrolment enrolment0_,columns={enrolment0_.studentId ,className=org.hibernate.test.querycache.Student}}
14:18:29,088 DEBUG FromReferenceNode:74 - Resolved : e.student -> enrolment0_.studentId
14:18:29,088 DEBUG FromReferenceNode:74 - Resolved : e -> (enrolment0_.studentId, enrolment0_.courseCode)
14:18:29,088 DEBUG DotNode:599 - getDataType() : semester -> org.hibernate.type.ShortType@491168d6
14:18:29,088 DEBUG FromReferenceNode:74 - Resolved : e.semester -> enrolment0_.semester
14:18:29,088 DEBUG FromReferenceNode:74 - Resolved : e -> (enrolment0_.studentId, enrolment0_.courseCode)
14:18:29,088 DEBUG DotNode:599 - getDataType() : year -> org.hibernate.type.ShortType@491168d6
14:18:29,088 DEBUG FromReferenceNode:74 - Resolved : e.year -> enrolment0_."year"
14:18:29,088 DEBUG FromReferenceNode:74 - Resolved : e -> (enrolment0_.studentId, enrolment0_.courseCode)
14:18:29,089 DEBUG DotNode:599 - getDataType() : course -> org.hibernate.type.ManyToOneType(org.hibernate.test.querycache.Course)
14:18:29,089 DEBUG DotNode:389 - dereferenceEntityJoin() : generating join for course in org.hibernate.test.querycache.Enrolment (<no alias>) parent = [ {null} ]
14:18:29,089 DEBUG FromElement:157 - FromClause{level=1} : org.hibernate.test.querycache.Course (<no alias>) -> course2_
14:18:29,089 DEBUG FromClause:282 - addJoinByPathMap() : e.course -> FromElement{explicit,not a collection join,not a fetch join,fetch non-lazy properties,classAlias=null,role=null,tableName=Course,tableAlias=course2_,origin=Enrolment enrolment0_,columns={enrolment0_.courseCode ,className=org.hibernate.test.querycache.Course}}
14:18:29,089 DEBUG FromReferenceNode:74 - Resolved : e.course -> enrolment0_.courseCode
14:18:29,089 DEBUG FromReferenceNode:74 - Resolved : e -> enrolment0_.studentId, enrolment0_.courseCode
14:18:29,089 DEBUG DotNode:599 - getDataType() : studentNumber -> org.hibernate.type.LongType@4bf3f9d
14:18:29,089 DEBUG FromReferenceNode:74 - Resolved : e.studentNumber -> enrolment0_.studentId
14:18:29,090 DEBUG HqlSqlWalker:629 - processQuery() :  ( SELECT ( {select clause} ( enrolment0_.studentId (enrolment0_.studentId, enrolment0_.courseCode) student ) ( enrolment0_.semester (enrolment0_.studentId, enrolment0_.courseCode) semester ) ( enrolment0_."year" (enrolment0_.studentId, enrolment0_.courseCode) year ) ( enrolment0_.courseCode (enrolment0_.studentId, enrolment0_.courseCode) course ) ) ( FromClause{level=1} ( Enrolment enrolment0_ Student student1_ Course course2_ ) ) ( order ( enrolment0_.studentId enrolment0_.studentId, enrolment0_.courseCode studentNumber ) ) )
14:18:29,090 DEBUG JoinProcessor:175 - Using FROM fragment [Enrolment enrolment0_]
14:18:29,090 DEBUG JoinProcessor:175 - Using FROM fragment [inner join Student student1_ on enrolment0_.studentId=student1_.studentId]
14:18:29,096 DEBUG JoinProcessor:175 - Using FROM fragment [inner join Course course2_ on enrolment0_.courseCode=course2_.courseCode]
14:18:29,097 DEBUG QueryTranslatorImpl:252 - --- SQL AST ---
 \-[SELECT] QueryNode: 'SELECT'  querySpaces (Student,Course,Enrolment)
    +-[SELECT_CLAUSE] SelectClause: '{select clause}'
    |  +-[DOT] DotNode: 'enrolment0_.studentId' {propertyName=student,dereferenceType=EOF,propertyPath=student,path=e.student,tableAlias=student1_,className=org.hibernate.test.querycache.Student,classAlias=null}
    |  |  +-[ALIAS_REF] IdentNode: '(enrolment0_.studentId, enrolment0_.courseCode)' {alias=e, className=org.hibernate.test.querycache.Enrolment, tableAlias=enrolment0_}
    |  |  \-[IDENT] IdentNode: 'student' {originalText=student}
    |  +-[SELECT_COLUMNS] SqlNode: ' as col_0_0_'
    |  +-[DOT] DotNode: 'enrolment0_.semester' {propertyName=semester,dereferenceType=ALL,propertyPath=semester,path=e.semester,tableAlias=enrolment0_,className=org.hibernate.test.querycache.Enrolment,classAlias=e}
    |  |  +-[ALIAS_REF] IdentNode: '(enrolment0_.studentId, enrolment0_.courseCode)' {alias=e, className=org.hibernate.test.querycache.Enrolment, tableAlias=enrolment0_}
    |  |  \-[IDENT] IdentNode: 'semester' {originalText=semester}
    |  +-[SELECT_COLUMNS] SqlNode: ' as col_1_0_'
    |  +-[DOT] DotNode: 'enrolment0_."year"' {propertyName=year,dereferenceType=ALL,propertyPath=year,path=e.year,tableAlias=enrolment0_,className=org.hibernate.test.querycache.Enrolment,classAlias=e}
    |  |  +-[ALIAS_REF] IdentNode: '(enrolment0_.studentId, enrolment0_.courseCode)' {alias=e, className=org.hibernate.test.querycache.Enrolment, tableAlias=enrolment0_}
    |  |  \-[IDENT] IdentNode: 'year' {originalText=year}
    |  +-[SELECT_COLUMNS] SqlNode: ' as col_2_0_'
    |  +-[DOT] DotNode: 'enrolment0_.courseCode' {propertyName=course,dereferenceType=EOF,propertyPath=course,path=e.course,tableAlias=course2_,className=org.hibernate.test.querycache.Course,classAlias=null}
    |  |  +-[ALIAS_REF] IdentNode: '(enrolment0_.studentId, enrolment0_.courseCode)' {alias=e, className=org.hibernate.test.querycache.Enrolment, tableAlias=enrolment0_}
    |  |  \-[IDENT] IdentNode: 'course' {originalText=course}
    |  +-[SELECT_COLUMNS] SqlNode: ' as col_3_0_'
    |  +-[SQL_TOKEN] SqlFragment: 'student1_.studentId as studentId4_0_'
    |  +-[SQL_TOKEN] SqlFragment: 'course2_.courseCode as courseCode1_1_'
    |  +-[SQL_TOKEN] SqlFragment: 'student1_.name_first as name2_4_0_, student1_.name_middle as name3_4_0_, student1_.name_last as name4_4_0_, student1_.preferredCourseCode as preferre5_4_0_'
    |  \-[SQL_TOKEN] SqlFragment: 'course2_.description as descript2_1_1_'
    +-[FROM] FromClause: 'from' FromClause{level=1, fromElementCounter=3, fromElements=3, fromElementByClassAlias=[e], fromElementByTableAlias=[student1_, enrolment0_, course2_], fromElementsByPath=[e.course, e.student], collectionJoinFromElementsByPath=[], impliedElements=[]}
    |  \-[FROM_FRAGMENT] FromElement: 'Enrolment enrolment0_' FromElement{explicit,not a collection join,not a fetch join,fetch non-lazy properties,classAlias=e,role=null,tableName=Enrolment,tableAlias=enrolment0_,origin=null,columns={,className=org.hibernate.test.querycache.Enrolment}}
    |     +-[JOIN_FRAGMENT] FromElement: 'inner join Student student1_ on enrolment0_.studentId=student1_.studentId' FromElement{explicit,not a collection join,not a fetch join,fetch non-lazy properties,classAlias=null,role=null,tableName=Student,tableAlias=student1_,origin=Enrolment enrolment0_,columns={enrolment0_.studentId ,className=org.hibernate.test.querycache.Student}}
    |     \-[JOIN_FRAGMENT] FromElement: 'inner join Course course2_ on enrolment0_.courseCode=course2_.courseCode' FromElement{explicit,not a collection join,not a fetch join,fetch non-lazy properties,classAlias=null,role=null,tableName=Course,tableAlias=course2_,origin=Enrolment enrolment0_,columns={enrolment0_.courseCode ,className=org.hibernate.test.querycache.Course}}
    \-[ORDER] OrderByClause: 'order'
       \-[DOT] DotNode: 'enrolment0_.studentId' {propertyName=studentNumber,dereferenceType=ALL,propertyPath=studentNumber,path=e.studentNumber,tableAlias=enrolment0_,className=org.hibernate.test.querycache.Enrolment,classAlias=e}
          +-[ALIAS_REF] IdentNode: 'enrolment0_.studentId, enrolment0_.courseCode' {alias=e, className=org.hibernate.test.querycache.Enrolment, tableAlias=enrolment0_}
          \-[IDENT] IdentNode: 'studentNumber' {originalText=studentNumber}

14:18:29,106 DEBUG ErrorCounter:82 - throwQueryException() : no errors
14:18:29,107 DEBUG QueryTranslatorImpl:235 - HQL: select e.student as st, e.semester as sem, e.year as yr, e.course as c from org.hibernate.test.querycache.Enrolment e order by e.studentNumber
14:18:29,107 DEBUG QueryTranslatorImpl:236 - SQL: select enrolment0_.studentId as col_0_0_, enrolment0_.semester as col_1_0_, enrolment0_."year" as col_2_0_, enrolment0_.courseCode as col_3_0_, student1_.studentId as studentId4_0_, course2_.courseCode as courseCode1_1_, student1_.name_first as name2_4_0_, student1_.name_middle as name3_4_0_, student1_.name_last as name4_4_0_, student1_.preferredCourseCode as preferre5_4_0_, course2_.description as descript2_1_1_ from Enrolment enrolment0_ inner join Student student1_ on enrolment0_.studentId=student1_.studentId inner join Course course2_ on enrolment0_.courseCode=course2_.courseCode order by enrolment0_.studentId
14:18:29,107 DEBUG ErrorCounter:82 - throwQueryException() : no errors
14:18:29,107 DEBUG SQL:104 - 
    select
        enrolment0_.studentId as col_0_0_,
        enrolment0_.semester as col_1_0_,
        enrolment0_."year" as col_2_0_,
        enrolment0_.courseCode as col_3_0_,
        student1_.studentId as studentId4_0_,
        course2_.courseCode as courseCode1_1_,
        student1_.name_first as name2_4_0_,
        student1_.name_middle as name3_4_0_,
        student1_.name_last as name4_4_0_,
        student1_.preferredCourseCode as preferre5_4_0_,
        course2_.description as descript2_1_1_ 
    from
        Enrolment enrolment0_ 
    inner join
        Student student1_ 
            on enrolment0_.studentId=student1_.studentId 
    inner join
        Course course2_ 
            on enrolment0_.courseCode=course2_.courseCode 
    order by
        enrolment0_.studentId
14:18:29,108 DEBUG SQL:104 - 
    select
        secretcode0_.studentNumber as studentN1_4_0_,
        secretcode0_.secretCode as secretCode5_0_,
        secretcode0_.i as i0_ 
    from
        Student_secretCodes secretcode0_ 
    where
        secretcode0_.studentNumber=?
14:18:29,109 DEBUG SQL:104 - 
    select
        coursemeet0_.courseCode as courseCode1_1_,
        coursemeet0_.courseCode as courseCode2_1_,
        coursemeet0_.day as day2_1_,
        coursemeet0_.period as period2_1_,
        coursemeet0_.location as location2_1_,
        coursemeet0_.courseCode as courseCode2_0_,
        coursemeet0_.day as day2_0_,
        coursemeet0_.period as period2_0_,
        coursemeet0_.location as location2_0_ 
    from
        CourseMeeting coursemeet0_ 
    where
        coursemeet0_.courseCode=?
14:18:29,109 DEBUG SQL:104 - 
    select
        secretcode0_.studentNumber as studentN1_4_0_,
        secretcode0_.secretCode as secretCode5_0_,
        secretcode0_.i as i0_ 
    from
        Student_secretCodes secretcode0_ 
    where
        secretcode0_.studentNumber=?
14:18:29,118 DEBUG SQL:104 - 
    select
        enrolment0_.studentId as col_0_0_,
        enrolment0_.semester as col_1_0_,
        enrolment0_."year" as col_2_0_,
        enrolment0_.courseCode as col_3_0_,
        student1_.studentId as studentId4_0_,
        course2_.courseCode as courseCode1_1_,
        student1_.name_first as name2_4_0_,
        student1_.name_middle as name3_4_0_,
        student1_.name_last as name4_4_0_,
        student1_.preferredCourseCode as preferre5_4_0_,
        course2_.description as descript2_1_1_ 
    from
        Enrolment enrolment0_ 
    inner join
        Student student1_ 
            on enrolment0_.studentId=student1_.studentId 
    inner join
        Course course2_ 
            on enrolment0_.courseCode=course2_.courseCode 
    order by
        enrolment0_.studentId
14:18:29,119 DEBUG SQL:104 - 
    select
        secretcode0_.studentNumber as studentN1_4_0_,
        secretcode0_.secretCode as secretCode5_0_,
        secretcode0_.i as i0_ 
    from
        Student_secretCodes secretcode0_ 
    where
        secretcode0_.studentNumber=?
14:18:29,129 DEBUG SQL:104 - 
    select
        coursemeet0_.courseCode as courseCode1_1_,
        coursemeet0_.courseCode as courseCode2_1_,
        coursemeet0_.day as day2_1_,
        coursemeet0_.period as period2_1_,
        coursemeet0_.location as location2_1_,
        coursemeet0_.courseCode as courseCode2_0_,
        coursemeet0_.day as day2_0_,
        coursemeet0_.period as period2_0_,
        coursemeet0_.location as location2_0_ 
    from
        CourseMeeting coursemeet0_ 
    where
        coursemeet0_.courseCode=?
14:18:29,129 DEBUG SQL:104 - 
    select
        secretcode0_.studentNumber as studentN1_4_0_,
        secretcode0_.secretCode as secretCode5_0_,
        secretcode0_.i as i0_ 
    from
        Student_secretCodes secretcode0_ 
    where
        secretcode0_.studentNumber=?
14:18:29,130 DEBUG SQL:104 - 
    select
        student_.studentId,
        student_.name_first as name2_4_,
        student_.name_middle as name3_4_,
        student_.name_last as name4_4_,
        student_.preferredCourseCode as preferre5_4_ 
    from
        Student student_ 
    where
        student_.studentId=?
14:18:29,130 DEBUG SQL:104 - 
    select
        enrolment_.studentId,
        enrolment_.courseCode,
        enrolment_.semester as semester3_,
        enrolment_."year" as year4_3_ 
    from
        Enrolment enrolment_ 
    where
        enrolment_.studentId=? 
        and enrolment_.courseCode=?
14:18:29,151 DEBUG SQL:104 - 
    select
        course_.courseCode,
        course_.description as descript2_1_ 
    from
        Course course_ 
    where
        course_.courseCode=?
14:18:29,152 DEBUG SQL:104 - 
    select
        student_.studentId,
        student_.name_first as name2_4_,
        student_.name_middle as name3_4_,
        student_.name_last as name4_4_,
        student_.preferredCourseCode as preferre5_4_ 
    from
        Student student_ 
    where
        student_.studentId=?
14:18:29,152 DEBUG SQL:104 - 
    select
        enrolment_.studentId,
        enrolment_.courseCode,
        enrolment_.semester as semester3_,
        enrolment_."year" as year4_3_ 
    from
        Enrolment enrolment_ 
    where
        enrolment_.studentId=? 
        and enrolment_.courseCode=?
14:18:29,161 DEBUG SQL:104 - 
    select
        coursemeet_.courseCode,
        coursemeet_.day,
        coursemeet_.period,
        coursemeet_.location 
    from
        CourseMeeting coursemeet_ 
    where
        coursemeet_.courseCode=? 
        and coursemeet_.day=? 
        and coursemeet_.period=? 
        and coursemeet_.location=?
14:18:29,162 DEBUG SQL:104 - 
    select
        coursemeet_.courseCode,
        coursemeet_.day,
        coursemeet_.period,
        coursemeet_.location 
    from
        CourseMeeting coursemeet_ 
    where
        coursemeet_.courseCode=? 
        and coursemeet_.day=? 
        and coursemeet_.period=? 
        and coursemeet_.location=?
14:18:29,172 DEBUG BaseGeneralDataRegion:59 - Caching[foo.org.hibernate.cache.spi.UpdateTimestampsCache] : [Enrolment] -> [5579091022528512]
14:18:29,173 DEBUG SQL:104 - 
    update
        Address 
    set
        studentNumber=null,
        addressType=null 
    where
        studentNumber=?
14:18:29,173 DEBUG BaseGeneralDataRegion:59 - Caching[foo.org.hibernate.cache.spi.UpdateTimestampsCache] : [Address] -> [5579091022532608]
14:18:29,173 DEBUG SQL:104 - 
    delete 
    from
        Student_secretCodes 
    where
        studentNumber=?
14:18:29,173 DEBUG BaseGeneralDataRegion:59 - Caching[foo.org.hibernate.cache.spi.UpdateTimestampsCache] : [Student_secretCodes] -> [5579091022532609]
14:18:29,174 DEBUG BaseGeneralDataRegion:59 - Caching[foo.org.hibernate.cache.spi.UpdateTimestampsCache] : [Enrolment] -> [5579091022536704]
14:18:29,174 DEBUG BaseGeneralDataRegion:59 - Caching[foo.org.hibernate.cache.spi.UpdateTimestampsCache] : [Address] -> [5579091022536705]
14:18:29,174 DEBUG SQL:104 - 
    delete 
    from
        Student_secretCodes 
    where
        studentNumber=?
14:18:29,174 DEBUG BaseGeneralDataRegion:59 - Caching[foo.org.hibernate.cache.spi.UpdateTimestampsCache] : [Student_secretCodes] -> [5579091022536706]
14:18:29,174 DEBUG BaseGeneralDataRegion:59 - Caching[foo.org.hibernate.cache.spi.UpdateTimestampsCache] : [CourseMeeting] -> [5579091022536707]
14:18:29,174 DEBUG SQL:104 - 
    delete 
    from
        Enrolment 
    where
        studentId=? 
        and courseCode=?
14:18:29,184 DEBUG BaseGeneralDataRegion:59 - Caching[foo.org.hibernate.cache.spi.UpdateTimestampsCache] : [Enrolment] -> [5579091022577664]
14:18:29,184 DEBUG SQL:104 - 
    delete 
    from
        Address 
    where
        id=?
14:18:29,184 DEBUG BaseGeneralDataRegion:59 - Caching[foo.org.hibernate.cache.spi.UpdateTimestampsCache] : [Address] -> [5579091022577665]
14:18:29,184 DEBUG SQL:104 - 
    delete 
    from
        Address 
    where
        id=?
14:18:29,184 DEBUG BaseGeneralDataRegion:59 - Caching[foo.org.hibernate.cache.spi.UpdateTimestampsCache] : [Address] -> [5579091022577666]
14:18:29,184 DEBUG SQL:104 - 
    delete 
    from
        Student 
    where
        studentId=?
14:18:29,185 DEBUG BaseGeneralDataRegion:59 - Caching[foo.org.hibernate.cache.spi.UpdateTimestampsCache] : [Student] -> [5579091022581760]
14:18:29,185 DEBUG SQL:104 - 
    delete 
    from
        Enrolment 
    where
        studentId=? 
        and courseCode=?
14:18:29,194 DEBUG BaseGeneralDataRegion:59 - Caching[foo.org.hibernate.cache.spi.UpdateTimestampsCache] : [Enrolment] -> [5579091022618624]
14:18:29,194 DEBUG SQL:104 - 
    delete 
    from
        Student 
    where
        studentId=?
14:18:29,194 DEBUG BaseGeneralDataRegion:59 - Caching[foo.org.hibernate.cache.spi.UpdateTimestampsCache] : [Student] -> [5579091022618625]
14:18:29,194 DEBUG SQL:104 - 
    delete 
    from
        CourseMeeting 
    where
        courseCode=? 
        and day=? 
        and period=? 
        and location=?
14:18:29,195 DEBUG BaseGeneralDataRegion:59 - Caching[foo.org.hibernate.cache.spi.UpdateTimestampsCache] : [CourseMeeting] -> [5579091022622720]
14:18:29,195 DEBUG SQL:104 - 
    delete 
    from
        CourseMeeting 
    where
        courseCode=? 
        and day=? 
        and period=? 
        and location=?
14:18:29,206 DEBUG BaseGeneralDataRegion:59 - Caching[foo.org.hibernate.cache.spi.UpdateTimestampsCache] : [CourseMeeting] -> [5579091022667776]
14:18:29,206 DEBUG SQL:104 - 
    delete 
    from
        Course 
    where
        courseCode=?
14:18:29,206 DEBUG BaseGeneralDataRegion:59 - Caching[foo.org.hibernate.cache.spi.UpdateTimestampsCache] : [Course] -> [5579091022667777]
14:18:29,207 DEBUG BaseGeneralDataRegion:59 - Caching[foo.org.hibernate.cache.spi.UpdateTimestampsCache] : [Student] -> [5579090776911872]
14:18:29,207 DEBUG BaseGeneralDataRegion:59 - Caching[foo.org.hibernate.cache.spi.UpdateTimestampsCache] : [Course] -> [5579090776911872]
14:18:29,207 DEBUG BaseGeneralDataRegion:59 - Caching[foo.org.hibernate.cache.spi.UpdateTimestampsCache] : [Enrolment] -> [5579090776911872]
14:18:29,207 DEBUG BaseGeneralDataRegion:59 - Caching[foo.org.hibernate.cache.spi.UpdateTimestampsCache] : [Student_secretCodes] -> [5579090776911872]
14:18:29,207 DEBUG BaseGeneralDataRegion:59 - Caching[foo.org.hibernate.cache.spi.UpdateTimestampsCache] : [Address] -> [5579090776911872]
14:18:29,207 DEBUG BaseGeneralDataRegion:59 - Caching[foo.org.hibernate.cache.spi.UpdateTimestampsCache] : [CourseMeeting] -> [5579090776911872]
14:18:29,207  INFO CustomRunner:139 - Test: testMultiEntityProjectionList
14:18:29,208 DEBUG SQL:104 - 
    select
        coursemeet_.courseCode,
        coursemeet_.day,
        coursemeet_.period,
        coursemeet_.location 
    from
        CourseMeeting coursemeet_ 
    where
        coursemeet_.courseCode=? 
        and coursemeet_.day=? 
        and coursemeet_.period=? 
        and coursemeet_.location=?
14:18:29,217 DEBUG SQL:104 - 
    select
        coursemeet_.courseCode,
        coursemeet_.day,
        coursemeet_.period,
        coursemeet_.location 
    from
        CourseMeeting coursemeet_ 
    where
        coursemeet_.courseCode=? 
        and coursemeet_.day=? 
        and coursemeet_.period=? 
        and coursemeet_.location=?
14:18:29,218 DEBUG SQL:104 - 
    insert 
    into
        Course
        (description, courseCode) 
    values
        (?, ?)
14:18:29,218 DEBUG BaseGeneralDataRegion:59 - Caching[foo.org.hibernate.cache.spi.UpdateTimestampsCache] : [Course] -> [5579091022716928]
14:18:29,218 DEBUG SQL:104 - 
    insert 
    into
        CourseMeeting
        (courseCode, day, period, location) 
    values
        (?, ?, ?, ?)
14:18:29,227 DEBUG BaseGeneralDataRegion:59 - Caching[foo.org.hibernate.cache.spi.UpdateTimestampsCache] : [CourseMeeting] -> [5579091022753792]
14:18:29,228 DEBUG SQL:104 - 
    insert 
    into
        CourseMeeting
        (courseCode, day, period, location) 
    values
        (?, ?, ?, ?)
14:18:29,228 DEBUG BaseGeneralDataRegion:59 - Caching[foo.org.hibernate.cache.spi.UpdateTimestampsCache] : [CourseMeeting] -> [5579091022757888]
14:18:29,228 DEBUG SQL:104 - 
    insert 
    into
        Student
        (name_first, name_middle, name_last, preferredCourseCode, studentId) 
    values
        (?, ?, ?, ?, ?)
14:18:29,228 DEBUG BaseGeneralDataRegion:59 - Caching[foo.org.hibernate.cache.spi.UpdateTimestampsCache] : [Student] -> [5579091022757889]
14:18:29,228 DEBUG SQL:104 - 
    insert 
    into
        Address
        (addressType, street, city, stateProvince, postalCode, country, studentNumber, id) 
    values
        (?, ?, ?, ?, ?, ?, ?, ?)
14:18:29,228 DEBUG BaseGeneralDataRegion:59 - Caching[foo.org.hibernate.cache.spi.UpdateTimestampsCache] : [Address] -> [5579091022757890]
14:18:29,229 DEBUG SQL:104 - 
    insert 
    into
        Address
        (addressType, street, city, stateProvince, postalCode, country, studentNumber, id) 
    values
        (?, ?, ?, ?, ?, ?, ?, ?)
14:18:29,237 DEBUG BaseGeneralDataRegion:59 - Caching[foo.org.hibernate.cache.spi.UpdateTimestampsCache] : [Address] -> [5579091022794752]
14:18:29,237 DEBUG SQL:104 - 
    insert 
    into
        Student
        (name_first, name_middle, name_last, preferredCourseCode, studentId) 
    values
        (?, ?, ?, ?, ?)
14:18:29,237 DEBUG BaseGeneralDataRegion:59 - Caching[foo.org.hibernate.cache.spi.UpdateTimestampsCache] : [Student] -> [5579091022794753]
14:18:29,238 DEBUG SQL:104 - 
    insert 
    into
        Enrolment
        (semester, "year", studentId, courseCode) 
    values
        (?, ?, ?, ?)
14:18:29,238 DEBUG BaseGeneralDataRegion:59 - Caching[foo.org.hibernate.cache.spi.UpdateTimestampsCache] : [Enrolment] -> [5579091022798848]
14:18:29,238 DEBUG SQL:104 - 
    insert 
    into
        Enrolment
        (semester, "year", studentId, courseCode) 
    values
        (?, ?, ?, ?)
14:18:29,238 DEBUG BaseGeneralDataRegion:59 - Caching[foo.org.hibernate.cache.spi.UpdateTimestampsCache] : [Enrolment] -> [5579091022798849]
14:18:29,238 DEBUG BaseGeneralDataRegion:59 - Caching[foo.org.hibernate.cache.spi.UpdateTimestampsCache] : [CourseMeeting] -> [5579091022798850]
14:18:29,238 DEBUG BaseGeneralDataRegion:59 - Caching[foo.org.hibernate.cache.spi.UpdateTimestampsCache] : [Enrolment] -> [5579091022798851]
14:18:29,238 DEBUG SQL:104 - 
    update
        Address 
    set
        studentNumber=?,
        addressType=? 
    where
        id=?
14:18:29,239 DEBUG SQL:104 - 
    update
        Address 
    set
        studentNumber=?,
        addressType=? 
    where
        id=?
14:18:29,239 DEBUG BaseGeneralDataRegion:59 - Caching[foo.org.hibernate.cache.spi.UpdateTimestampsCache] : [Address] -> [5579091022802944]
14:18:29,239 DEBUG SQL:104 - 
    insert 
    into
        Student_secretCodes
        (studentNumber, i, secretCode) 
    values
        (?, ?, ?)
14:18:29,239 DEBUG BaseGeneralDataRegion:59 - Caching[foo.org.hibernate.cache.spi.UpdateTimestampsCache] : [Student_secretCodes] -> [5579091022802945]
14:18:29,239 DEBUG BaseGeneralDataRegion:59 - Caching[foo.org.hibernate.cache.spi.UpdateTimestampsCache] : [Enrolment] -> [5579091022802946]
14:18:29,239 DEBUG BaseGeneralDataRegion:59 - Caching[foo.org.hibernate.cache.spi.UpdateTimestampsCache] : [Address] -> [5579091022802947]
14:18:29,239 DEBUG SQL:104 - 
    insert 
    into
        Student_secretCodes
        (studentNumber, i, secretCode) 
    values
        (?, ?, ?)
14:18:29,250 DEBUG SQL:104 - 
    insert 
    into
        Student_secretCodes
        (studentNumber, i, secretCode) 
    values
        (?, ?, ?)
14:18:29,250 DEBUG BaseGeneralDataRegion:59 - Caching[foo.org.hibernate.cache.spi.UpdateTimestampsCache] : [Student_secretCodes] -> [5579091022848000]
14:18:29,250 DEBUG BaseGeneralDataRegion:59 - Caching[foo.org.hibernate.cache.spi.UpdateTimestampsCache] : [Student] -> [5579090777088001]
14:18:29,250 DEBUG BaseGeneralDataRegion:59 - Caching[foo.org.hibernate.cache.spi.UpdateTimestampsCache] : [Course] -> [5579090777088001]
14:18:29,250 DEBUG BaseGeneralDataRegion:59 - Caching[foo.org.hibernate.cache.spi.UpdateTimestampsCache] : [Enrolment] -> [5579090777088001]
14:18:29,250 DEBUG BaseGeneralDataRegion:59 - Caching[foo.org.hibernate.cache.spi.UpdateTimestampsCache] : [Student_secretCodes] -> [5579090777088001]
14:18:29,250 DEBUG BaseGeneralDataRegion:59 - Caching[foo.org.hibernate.cache.spi.UpdateTimestampsCache] : [Address] -> [5579090777088001]
14:18:29,251 DEBUG BaseGeneralDataRegion:59 - Caching[foo.org.hibernate.cache.spi.UpdateTimestampsCache] : [CourseMeeting] -> [5579090777088001]
14:18:29,251 DEBUG QueryTranslatorImpl:265 - parse() - HQL: select e.student, e.semester, e.year, e.course from org.hibernate.test.querycache.Enrolment e order by e.studentNumber
14:18:29,253 DEBUG QueryTranslatorImpl:283 - --- HQL AST ---
 \-[QUERY] Node: 'query'
    +-[SELECT_FROM] Node: 'SELECT_FROM'
    |  +-[FROM] Node: 'from'
    |  |  \-[RANGE] Node: 'RANGE'
    |  |     +-[DOT] Node: '.'
    |  |     |  +-[DOT] Node: '.'
    |  |     |  |  +-[DOT] Node: '.'
    |  |     |  |  |  +-[DOT] Node: '.'
    |  |     |  |  |  |  +-[IDENT] Node: 'org'
    |  |     |  |  |  |  \-[IDENT] Node: 'hibernate'
    |  |     |  |  |  \-[IDENT] Node: 'test'
    |  |     |  |  \-[IDENT] Node: 'querycache'
    |  |     |  \-[IDENT] Node: 'Enrolment'
    |  |     \-[ALIAS] Node: 'e'
    |  \-[SELECT] Node: 'select'
    |     +-[DOT] Node: '.'
    |     |  +-[IDENT] Node: 'e'
    |     |  \-[IDENT] Node: 'student'
    |     +-[DOT] Node: '.'
    |     |  +-[IDENT] Node: 'e'
    |     |  \-[IDENT] Node: 'semester'
    |     +-[DOT] Node: '.'
    |     |  +-[IDENT] Node: 'e'
    |     |  \-[IDENT] Node: 'year'
    |     \-[DOT] Node: '.'
    |        +-[IDENT] Node: 'e'
    |        \-[IDENT] Node: 'course'
    \-[ORDER] Node: 'order'
       \-[DOT] Node: '.'
          +-[IDENT] Node: 'e'
          \-[IDENT] Node: 'studentNumber'

14:18:29,259 DEBUG ErrorCounter:82 - throwQueryException() : no errors
14:18:29,259 DEBUG FromElement:157 - FromClause{level=1} : org.hibernate.test.querycache.Enrolment (e) -> enrolment0_
14:18:29,260 DEBUG FromReferenceNode:74 - Resolved : e -> (enrolment0_.studentId, enrolment0_.courseCode)
14:18:29,260 DEBUG DotNode:599 - getDataType() : student -> org.hibernate.type.ManyToOneType(org.hibernate.test.querycache.Student)
14:18:29,260 DEBUG DotNode:389 - dereferenceEntityJoin() : generating join for student in org.hibernate.test.querycache.Enrolment (<no alias>) parent = [ {null} ]
14:18:29,260 DEBUG FromElement:157 - FromClause{level=1} : org.hibernate.test.querycache.Student (<no alias>) -> student1_
14:18:29,260 DEBUG FromClause:282 - addJoinByPathMap() : e.student -> FromElement{explicit,not a collection join,not a fetch join,fetch non-lazy properties,classAlias=null,role=null,tableName=Student,tableAlias=student1_,origin=Enrolment enrolment0_,columns={enrolment0_.studentId ,className=org.hibernate.test.querycache.Student}}
14:18:29,260 DEBUG FromReferenceNode:74 - Resolved : e.student -> enrolment0_.studentId
14:18:29,261 DEBUG FromReferenceNode:74 - Resolved : e -> (enrolment0_.studentId, enrolment0_.courseCode)
14:18:29,261 DEBUG DotNode:599 - getDataType() : semester -> org.hibernate.type.ShortType@491168d6
14:18:29,261 DEBUG FromReferenceNode:74 - Resolved : e.semester -> enrolment0_.semester
14:18:29,261 DEBUG FromReferenceNode:74 - Resolved : e -> (enrolment0_.studentId, enrolment0_.courseCode)
14:18:29,261 DEBUG DotNode:599 - getDataType() : year -> org.hibernate.type.ShortType@491168d6
14:18:29,261 DEBUG FromReferenceNode:74 - Resolved : e.year -> enrolment0_."year"
14:18:29,261 DEBUG FromReferenceNode:74 - Resolved : e -> (enrolment0_.studentId, enrolment0_.courseCode)
14:18:29,261 DEBUG DotNode:599 - getDataType() : course -> org.hibernate.type.ManyToOneType(org.hibernate.test.querycache.Course)
14:18:29,261 DEBUG DotNode:389 - dereferenceEntityJoin() : generating join for course in org.hibernate.test.querycache.Enrolment (<no alias>) parent = [ {null} ]
14:18:29,262 DEBUG FromElement:157 - FromClause{level=1} : org.hibernate.test.querycache.Course (<no alias>) -> course2_
14:18:29,262 DEBUG FromClause:282 - addJoinByPathMap() : e.course -> FromElement{explicit,not a collection join,not a fetch join,fetch non-lazy properties,classAlias=null,role=null,tableName=Course,tableAlias=course2_,origin=Enrolment enrolment0_,columns={enrolment0_.courseCode ,className=org.hibernate.test.querycache.Course}}
14:18:29,262 DEBUG FromReferenceNode:74 - Resolved : e.course -> enrolment0_.courseCode
14:18:29,262 DEBUG FromReferenceNode:74 - Resolved : e -> enrolment0_.studentId, enrolment0_.courseCode
14:18:29,262 DEBUG DotNode:599 - getDataType() : studentNumber -> org.hibernate.type.LongType@4bf3f9d
14:18:29,281 DEBUG FromReferenceNode:74 - Resolved : e.studentNumber -> enrolment0_.studentId
14:18:29,282 DEBUG HqlSqlWalker:629 - processQuery() :  ( SELECT ( {select clause} ( enrolment0_.studentId (enrolment0_.studentId, enrolment0_.courseCode) student ) ( enrolment0_.semester (enrolment0_.studentId, enrolment0_.courseCode) semester ) ( enrolment0_."year" (enrolment0_.studentId, enrolment0_.courseCode) year ) ( enrolment0_.courseCode (enrolment0_.studentId, enrolment0_.courseCode) course ) ) ( FromClause{level=1} ( Enrolment enrolment0_ Student student1_ Course course2_ ) ) ( order ( enrolment0_.studentId enrolment0_.studentId, enrolment0_.courseCode studentNumber ) ) )
14:18:29,282 DEBUG JoinProcessor:175 - Using FROM fragment [Enrolment enrolment0_]
14:18:29,282 DEBUG JoinProcessor:175 - Using FROM fragment [inner join Student student1_ on enrolment0_.studentId=student1_.studentId]
14:18:29,282 DEBUG JoinProcessor:175 - Using FROM fragment [inner join Course course2_ on enrolment0_.courseCode=course2_.courseCode]
14:18:29,283 DEBUG QueryTranslatorImpl:252 - --- SQL AST ---
 \-[SELECT] QueryNode: 'SELECT'  querySpaces (Student,Course,Enrolment)
    +-[SELECT_CLAUSE] SelectClause: '{select clause}'
    |  +-[DOT] DotNode: 'enrolment0_.studentId' {propertyName=student,dereferenceType=EOF,propertyPath=student,path=e.student,tableAlias=student1_,className=org.hibernate.test.querycache.Student,classAlias=null}
    |  |  +-[ALIAS_REF] IdentNode: '(enrolment0_.studentId, enrolment0_.courseCode)' {alias=e, className=org.hibernate.test.querycache.Enrolment, tableAlias=enrolment0_}
    |  |  \-[IDENT] IdentNode: 'student' {originalText=student}
    |  +-[SELECT_COLUMNS] SqlNode: ' as col_0_0_'
    |  +-[DOT] DotNode: 'enrolment0_.semester' {propertyName=semester,dereferenceType=ALL,propertyPath=semester,path=e.semester,tableAlias=enrolment0_,className=org.hibernate.test.querycache.Enrolment,classAlias=e}
    |  |  +-[ALIAS_REF] IdentNode: '(enrolment0_.studentId, enrolment0_.courseCode)' {alias=e, className=org.hibernate.test.querycache.Enrolment, tableAlias=enrolment0_}
    |  |  \-[IDENT] IdentNode: 'semester' {originalText=semester}
    |  +-[SELECT_COLUMNS] SqlNode: ' as col_1_0_'
    |  +-[DOT] DotNode: 'enrolment0_."year"' {propertyName=year,dereferenceType=ALL,propertyPath=year,path=e.year,tableAlias=enrolment0_,className=org.hibernate.test.querycache.Enrolment,classAlias=e}
    |  |  +-[ALIAS_REF] IdentNode: '(enrolment0_.studentId, enrolment0_.courseCode)' {alias=e, className=org.hibernate.test.querycache.Enrolment, tableAlias=enrolment0_}
    |  |  \-[IDENT] IdentNode: 'year' {originalText=year}
    |  +-[SELECT_COLUMNS] SqlNode: ' as col_2_0_'
    |  +-[DOT] DotNode: 'enrolment0_.courseCode' {propertyName=course,dereferenceType=EOF,propertyPath=course,path=e.course,tableAlias=course2_,className=org.hibernate.test.querycache.Course,classAlias=null}
    |  |  +-[ALIAS_REF] IdentNode: '(enrolment0_.studentId, enrolment0_.courseCode)' {alias=e, className=org.hibernate.test.querycache.Enrolment, tableAlias=enrolment0_}
    |  |  \-[IDENT] IdentNode: 'course' {originalText=course}
    |  +-[SELECT_COLUMNS] SqlNode: ' as col_3_0_'
    |  +-[SQL_TOKEN] SqlFragment: 'student1_.studentId as studentId4_0_'
    |  +-[SQL_TOKEN] SqlFragment: 'course2_.courseCode as courseCode1_1_'
    |  +-[SQL_TOKEN] SqlFragment: 'student1_.name_first as name2_4_0_, student1_.name_middle as name3_4_0_, student1_.name_last as name4_4_0_, student1_.preferredCourseCode as preferre5_4_0_'
    |  \-[SQL_TOKEN] SqlFragment: 'course2_.description as descript2_1_1_'
    +-[FROM] FromClause: 'from' FromClause{level=1, fromElementCounter=3, fromElements=3, fromElementByClassAlias=[e], fromElementByTableAlias=[student1_, enrolment0_, course2_], fromElementsByPath=[e.course, e.student], collectionJoinFromElementsByPath=[], impliedElements=[]}
    |  \-[FROM_FRAGMENT] FromElement: 'Enrolment enrolment0_' FromElement{explicit,not a collection join,not a fetch join,fetch non-lazy properties,classAlias=e,role=null,tableName=Enrolment,tableAlias=enrolment0_,origin=null,columns={,className=org.hibernate.test.querycache.Enrolment}}
    |     +-[JOIN_FRAGMENT] FromElement: 'inner join Student student1_ on enrolment0_.studentId=student1_.studentId' FromElement{explicit,not a collection join,not a fetch join,fetch non-lazy properties,classAlias=null,role=null,tableName=Student,tableAlias=student1_,origin=Enrolment enrolment0_,columns={enrolment0_.studentId ,className=org.hibernate.test.querycache.Student}}
    |     \-[JOIN_FRAGMENT] FromElement: 'inner join Course course2_ on enrolment0_.courseCode=course2_.courseCode' FromElement{explicit,not a collection join,not a fetch join,fetch non-lazy properties,classAlias=null,role=null,tableName=Course,tableAlias=course2_,origin=Enrolment enrolment0_,columns={enrolment0_.courseCode ,className=org.hibernate.test.querycache.Course}}
    \-[ORDER] OrderByClause: 'order'
       \-[DOT] DotNode: 'enrolment0_.studentId' {propertyName=studentNumber,dereferenceType=ALL,propertyPath=studentNumber,path=e.studentNumber,tableAlias=enrolment0_,className=org.hibernate.test.querycache.Enrolment,classAlias=e}
          +-[ALIAS_REF] IdentNode: 'enrolment0_.studentId, enrolment0_.courseCode' {alias=e, className=org.hibernate.test.querycache.Enrolment, tableAlias=enrolment0_}
          \-[IDENT] IdentNode: 'studentNumber' {originalText=studentNumber}

14:18:29,292 DEBUG ErrorCounter:82 - throwQueryException() : no errors
14:18:29,292 DEBUG QueryTranslatorImpl:235 - HQL: select e.student, e.semester, e.year, e.course from org.hibernate.test.querycache.Enrolment e order by e.studentNumber
14:18:29,292 DEBUG QueryTranslatorImpl:236 - SQL: select enrolment0_.studentId as col_0_0_, enrolment0_.semester as col_1_0_, enrolment0_."year" as col_2_0_, enrolment0_.courseCode as col_3_0_, student1_.studentId as studentId4_0_, course2_.courseCode as courseCode1_1_, student1_.name_first as name2_4_0_, student1_.name_middle as name3_4_0_, student1_.name_last as name4_4_0_, student1_.preferredCourseCode as preferre5_4_0_, course2_.description as descript2_1_1_ from Enrolment enrolment0_ inner join Student student1_ on enrolment0_.studentId=student1_.studentId inner join Course course2_ on enrolment0_.courseCode=course2_.courseCode order by enrolment0_.studentId
14:18:29,293 DEBUG ErrorCounter:82 - throwQueryException() : no errors
14:18:29,293 DEBUG SQL:104 - 
    select
        enrolment0_.studentId as col_0_0_,
        enrolment0_.semester as col_1_0_,
        enrolment0_."year" as col_2_0_,
        enrolment0_.courseCode as col_3_0_,
        student1_.studentId as studentId4_0_,
        course2_.courseCode as courseCode1_1_,
        student1_.name_first as name2_4_0_,
        student1_.name_middle as name3_4_0_,
        student1_.name_last as name4_4_0_,
        student1_.preferredCourseCode as preferre5_4_0_,
        course2_.description as descript2_1_1_ 
    from
        Enrolment enrolment0_ 
    inner join
        Student student1_ 
            on enrolment0_.studentId=student1_.studentId 
    inner join
        Course course2_ 
            on enrolment0_.courseCode=course2_.courseCode 
    order by
        enrolment0_.studentId
14:18:29,304 DEBUG SQL:104 - 
    select
        secretcode0_.studentNumber as studentN1_4_0_,
        secretcode0_.secretCode as secretCode5_0_,
        secretcode0_.i as i0_ 
    from
        Student_secretCodes secretcode0_ 
    where
        secretcode0_.studentNumber=?
14:18:29,304 DEBUG SQL:104 - 
    select
        coursemeet0_.courseCode as courseCode1_1_,
        coursemeet0_.courseCode as courseCode2_1_,
        coursemeet0_.day as day2_1_,
        coursemeet0_.period as period2_1_,
        coursemeet0_.location as location2_1_,
        coursemeet0_.courseCode as courseCode2_0_,
        coursemeet0_.day as day2_0_,
        coursemeet0_.period as period2_0_,
        coursemeet0_.location as location2_0_ 
    from
        CourseMeeting coursemeet0_ 
    where
        coursemeet0_.courseCode=?
14:18:29,305 DEBUG SQL:104 - 
    select
        secretcode0_.studentNumber as studentN1_4_0_,
        secretcode0_.secretCode as secretCode5_0_,
        secretcode0_.i as i0_ 
    from
        Student_secretCodes secretcode0_ 
    where
        secretcode0_.studentNumber=?
14:18:29,313 DEBUG SQL:104 - 
    select
        enrolment0_.studentId as col_0_0_,
        enrolment0_.semester as col_1_0_,
        enrolment0_."year" as col_2_0_,
        enrolment0_.courseCode as col_3_0_,
        student1_.studentId as studentId4_0_,
        course2_.courseCode as courseCode1_1_,
        student1_.name_first as name2_4_0_,
        student1_.name_middle as name3_4_0_,
        student1_.name_last as name4_4_0_,
        student1_.preferredCourseCode as preferre5_4_0_,
        course2_.description as descript2_1_1_ 
    from
        Enrolment enrolment0_ 
    inner join
        Student student1_ 
            on enrolment0_.studentId=student1_.studentId 
    inner join
        Course course2_ 
            on enrolment0_.courseCode=course2_.courseCode 
    order by
        enrolment0_.studentId
14:18:29,325 DEBUG SQL:104 - 
    select
        secretcode0_.studentNumber as studentN1_4_0_,
        secretcode0_.secretCode as secretCode5_0_,
        secretcode0_.i as i0_ 
    from
        Student_secretCodes secretcode0_ 
    where
        secretcode0_.studentNumber=?
14:18:29,325 DEBUG SQL:104 - 
    select
        coursemeet0_.courseCode as courseCode1_1_,
        coursemeet0_.courseCode as courseCode2_1_,
        coursemeet0_.day as day2_1_,
        coursemeet0_.period as period2_1_,
        coursemeet0_.location as location2_1_,
        coursemeet0_.courseCode as courseCode2_0_,
        coursemeet0_.day as day2_0_,
        coursemeet0_.period as period2_0_,
        coursemeet0_.location as location2_0_ 
    from
        CourseMeeting coursemeet0_ 
    where
        coursemeet0_.courseCode=?
14:18:29,326 DEBUG SQL:104 - 
    select
        secretcode0_.studentNumber as studentN1_4_0_,
        secretcode0_.secretCode as secretCode5_0_,
        secretcode0_.i as i0_ 
    from
        Student_secretCodes secretcode0_ 
    where
        secretcode0_.studentNumber=?
14:18:29,335 DEBUG SQL:104 - 
    select
        student_.studentId,
        student_.name_first as name2_4_,
        student_.name_middle as name3_4_,
        student_.name_last as name4_4_,
        student_.preferredCourseCode as preferre5_4_ 
    from
        Student student_ 
    where
        student_.studentId=?
14:18:29,335 DEBUG SQL:104 - 
    select
        enrolment_.studentId,
        enrolment_.courseCode,
        enrolment_.semester as semester3_,
        enrolment_."year" as year4_3_ 
    from
        Enrolment enrolment_ 
    where
        enrolment_.studentId=? 
        and enrolment_.courseCode=?
14:18:29,335 DEBUG SQL:104 - 
    select
        course_.courseCode,
        course_.description as descript2_1_ 
    from
        Course course_ 
    where
        course_.courseCode=?
14:18:29,346 DEBUG SQL:104 - 
    select
        student_.studentId,
        student_.name_first as name2_4_,
        student_.name_middle as name3_4_,
        student_.name_last as name4_4_,
        student_.preferredCourseCode as preferre5_4_ 
    from
        Student student_ 
    where
        student_.studentId=?
14:18:29,346 DEBUG SQL:104 - 
    select
        enrolment_.studentId,
        enrolment_.courseCode,
        enrolment_.semester as semester3_,
        enrolment_."year" as year4_3_ 
    from
        Enrolment enrolment_ 
    where
        enrolment_.studentId=? 
        and enrolment_.courseCode=?
14:18:29,346 DEBUG SQL:104 - 
    select
        coursemeet_.courseCode,
        coursemeet_.day,
        coursemeet_.period,
        coursemeet_.location 
    from
        CourseMeeting coursemeet_ 
    where
        coursemeet_.courseCode=? 
        and coursemeet_.day=? 
        and coursemeet_.period=? 
        and coursemeet_.location=?
14:18:29,356 DEBUG SQL:104 - 
    select
        coursemeet_.courseCode,
        coursemeet_.day,
        coursemeet_.period,
        coursemeet_.location 
    from
        CourseMeeting coursemeet_ 
    where
        coursemeet_.courseCode=? 
        and coursemeet_.day=? 
        and coursemeet_.period=? 
        and coursemeet_.location=?
14:18:29,357 DEBUG BaseGeneralDataRegion:59 - Caching[foo.org.hibernate.cache.spi.UpdateTimestampsCache] : [Enrolment] -> [5579091023286272]
14:18:29,357 DEBUG SQL:104 - 
    update
        Address 
    set
        studentNumber=null,
        addressType=null 
    where
        studentNumber=?
14:18:29,367 DEBUG BaseGeneralDataRegion:59 - Caching[foo.org.hibernate.cache.spi.UpdateTimestampsCache] : [Address] -> [5579091023327232]
14:18:29,368 DEBUG SQL:104 - 
    delete 
    from
        Student_secretCodes 
    where
        studentNumber=?
14:18:29,368 DEBUG BaseGeneralDataRegion:59 - Caching[foo.org.hibernate.cache.spi.UpdateTimestampsCache] : [Student_secretCodes] -> [5579091023331328]
14:18:29,368 DEBUG BaseGeneralDataRegion:59 - Caching[foo.org.hibernate.cache.spi.UpdateTimestampsCache] : [Enrolment] -> [5579091023331329]
14:18:29,368 DEBUG BaseGeneralDataRegion:59 - Caching[foo.org.hibernate.cache.spi.UpdateTimestampsCache] : [Address] -> [5579091023331330]
14:18:29,369 DEBUG SQL:104 - 
    delete 
    from
        Student_secretCodes 
    where
        studentNumber=?
14:18:29,369 DEBUG BaseGeneralDataRegion:59 - Caching[foo.org.hibernate.cache.spi.UpdateTimestampsCache] : [Student_secretCodes] -> [5579091023335424]
14:18:29,369 DEBUG BaseGeneralDataRegion:59 - Caching[foo.org.hibernate.cache.spi.UpdateTimestampsCache] : [CourseMeeting] -> [5579091023335425]
14:18:29,369 DEBUG SQL:104 - 
    delete 
    from
        Enrolment 
    where
        studentId=? 
        and courseCode=?
14:18:29,369 DEBUG BaseGeneralDataRegion:59 - Caching[foo.org.hibernate.cache.spi.UpdateTimestampsCache] : [Enrolment] -> [5579091023335426]
14:18:29,369 DEBUG SQL:104 - 
    delete 
    from
        Address 
    where
        id=?
14:18:29,370 DEBUG BaseGeneralDataRegion:59 - Caching[foo.org.hibernate.cache.spi.UpdateTimestampsCache] : [Address] -> [5579091023339520]
14:18:29,370 DEBUG SQL:104 - 
    delete 
    from
        Address 
    where
        id=?
14:18:29,370 DEBUG BaseGeneralDataRegion:59 - Caching[foo.org.hibernate.cache.spi.UpdateTimestampsCache] : [Address] -> [5579091023339521]
14:18:29,370 DEBUG SQL:104 - 
    delete 
    from
        Student 
    where
        studentId=?
14:18:29,370 DEBUG BaseGeneralDataRegion:59 - Caching[foo.org.hibernate.cache.spi.UpdateTimestampsCache] : [Student] -> [5579091023339522]
14:18:29,370 DEBUG SQL:104 - 
    delete 
    from
        Enrolment 
    where
        studentId=? 
        and courseCode=?
14:18:29,370 DEBUG BaseGeneralDataRegion:59 - Caching[foo.org.hibernate.cache.spi.UpdateTimestampsCache] : [Enrolment] -> [5579091023339523]
14:18:29,381 DEBUG SQL:104 - 
    delete 
    from
        Student 
    where
        studentId=?
14:18:29,382 DEBUG BaseGeneralDataRegion:59 - Caching[foo.org.hibernate.cache.spi.UpdateTimestampsCache] : [Student] -> [5579091023388672]
14:18:29,382 DEBUG SQL:104 - 
    delete 
    from
        CourseMeeting 
    where
        courseCode=? 
        and day=? 
        and period=? 
        and location=?
14:18:29,382 DEBUG BaseGeneralDataRegion:59 - Caching[foo.org.hibernate.cache.spi.UpdateTimestampsCache] : [CourseMeeting] -> [5579091023388673]
14:18:29,382 DEBUG SQL:104 - 
    delete 
    from
        CourseMeeting 
    where
        courseCode=? 
        and day=? 
        and period=? 
        and location=?
14:18:29,383 DEBUG BaseGeneralDataRegion:59 - Caching[foo.org.hibernate.cache.spi.UpdateTimestampsCache] : [CourseMeeting] -> [5579091023392768]
14:18:29,383 DEBUG SQL:104 - 
    delete 
    from
        Course 
    where
        courseCode=?
14:18:29,391 DEBUG BaseGeneralDataRegion:59 - Caching[foo.org.hibernate.cache.spi.UpdateTimestampsCache] : [Course] -> [5579091023425536]
14:18:29,392 DEBUG BaseGeneralDataRegion:59 - Caching[foo.org.hibernate.cache.spi.UpdateTimestampsCache] : [Student] -> [5579090777669632]
14:18:29,392 DEBUG BaseGeneralDataRegion:59 - Caching[foo.org.hibernate.cache.spi.UpdateTimestampsCache] : [Course] -> [5579090777669632]
14:18:29,392 DEBUG BaseGeneralDataRegion:59 - Caching[foo.org.hibernate.cache.spi.UpdateTimestampsCache] : [Enrolment] -> [5579090777669632]
14:18:29,392 DEBUG BaseGeneralDataRegion:59 - Caching[foo.org.hibernate.cache.spi.UpdateTimestampsCache] : [Student_secretCodes] -> [5579090777669632]
14:18:29,392 DEBUG BaseGeneralDataRegion:59 - Caching[foo.org.hibernate.cache.spi.UpdateTimestampsCache] : [Address] -> [5579090777669632]
14:18:29,392 DEBUG BaseGeneralDataRegion:59 - Caching[foo.org.hibernate.cache.spi.UpdateTimestampsCache] : [CourseMeeting] -> [5579090777669632]
14:18:29,393  INFO CustomRunner:139 - Test: testMultiEntityProjectionUnique
14:18:29,394 DEBUG SQL:104 - 
    select
        coursemeet_.courseCode,
        coursemeet_.day,
        coursemeet_.period,
        coursemeet_.location 
    from
        CourseMeeting coursemeet_ 
    where
        coursemeet_.courseCode=? 
        and coursemeet_.day=? 
        and coursemeet_.period=? 
        and coursemeet_.location=?
14:18:29,395 DEBUG SQL:104 - 
    select
        coursemeet_.courseCode,
        coursemeet_.day,
        coursemeet_.period,
        coursemeet_.location 
    from
        CourseMeeting coursemeet_ 
    where
        coursemeet_.courseCode=? 
        and coursemeet_.day=? 
        and coursemeet_.period=? 
        and coursemeet_.location=?
14:18:29,396 DEBUG SQL:104 - 
    insert 
    into
        Course
        (description, courseCode) 
    values
        (?, ?)
14:18:29,415 DEBUG BaseGeneralDataRegion:59 - Caching[foo.org.hibernate.cache.spi.UpdateTimestampsCache] : [Course] -> [5579091023523840]
14:18:29,416 DEBUG SQL:104 - 
    insert 
    into
        CourseMeeting
        (courseCode, day, period, location) 
    values
        (?, ?, ?, ?)
14:18:29,416 DEBUG BaseGeneralDataRegion:59 - Caching[foo.org.hibernate.cache.spi.UpdateTimestampsCache] : [CourseMeeting] -> [5579091023527936]
14:18:29,416 DEBUG SQL:104 - 
    insert 
    into
        CourseMeeting
        (courseCode, day, period, location) 
    values
        (?, ?, ?, ?)
14:18:29,416 DEBUG BaseGeneralDataRegion:59 - Caching[foo.org.hibernate.cache.spi.UpdateTimestampsCache] : [CourseMeeting] -> [5579091023527937]
14:18:29,416 DEBUG SQL:104 - 
    insert 
    into
        Student
        (name_first, name_middle, name_last, preferredCourseCode, studentId) 
    values
        (?, ?, ?, ?, ?)
14:18:29,416 DEBUG BaseGeneralDataRegion:59 - Caching[foo.org.hibernate.cache.spi.UpdateTimestampsCache] : [Student] -> [5579091023527938]
14:18:29,417 DEBUG SQL:104 - 
    insert 
    into
        Address
        (addressType, street, city, stateProvince, postalCode, country, studentNumber, id) 
    values
        (?, ?, ?, ?, ?, ?, ?, ?)
14:18:29,430 DEBUG BaseGeneralDataRegion:59 - Caching[foo.org.hibernate.cache.spi.UpdateTimestampsCache] : [Address] -> [5579091023585280]
14:18:29,430 DEBUG SQL:104 - 
    insert 
    into
        Address
        (addressType, street, city, stateProvince, postalCode, country, studentNumber, id) 
    values
        (?, ?, ?, ?, ?, ?, ?, ?)
14:18:29,430 DEBUG BaseGeneralDataRegion:59 - Caching[foo.org.hibernate.cache.spi.UpdateTimestampsCache] : [Address] -> [5579091023585281]
14:18:29,430 DEBUG SQL:104 - 
    insert 
    into
        Student
        (name_first, name_middle, name_last, preferredCourseCode, studentId) 
    values
        (?, ?, ?, ?, ?)
14:18:29,431 DEBUG BaseGeneralDataRegion:59 - Caching[foo.org.hibernate.cache.spi.UpdateTimestampsCache] : [Student] -> [5579091023589376]
14:18:29,431 DEBUG SQL:104 - 
    insert 
    into
        Enrolment
        (semester, "year", studentId, courseCode) 
    values
        (?, ?, ?, ?)
14:18:29,431 DEBUG BaseGeneralDataRegion:59 - Caching[foo.org.hibernate.cache.spi.UpdateTimestampsCache] : [Enrolment] -> [5579091023589377]
14:18:29,431 DEBUG SQL:104 - 
    insert 
    into
        Enrolment
        (semester, "year", studentId, courseCode) 
    values
        (?, ?, ?, ?)
14:18:29,441 DEBUG BaseGeneralDataRegion:59 - Caching[foo.org.hibernate.cache.spi.UpdateTimestampsCache] : [Enrolment] -> [5579091023630336]
14:18:29,442 DEBUG BaseGeneralDataRegion:59 - Caching[foo.org.hibernate.cache.spi.UpdateTimestampsCache] : [CourseMeeting] -> [5579091023634432]
14:18:29,442 DEBUG BaseGeneralDataRegion:59 - Caching[foo.org.hibernate.cache.spi.UpdateTimestampsCache] : [Enrolment] -> [5579091023634433]
14:18:29,442 DEBUG SQL:104 - 
    update
        Address 
    set
        studentNumber=?,
        addressType=? 
    where
        id=?
14:18:29,442 DEBUG SQL:104 - 
    update
        Address 
    set
        studentNumber=?,
        addressType=? 
    where
        id=?
14:18:29,442 DEBUG BaseGeneralDataRegion:59 - Caching[foo.org.hibernate.cache.spi.UpdateTimestampsCache] : [Address] -> [5579091023634434]
14:18:29,442 DEBUG SQL:104 - 
    insert 
    into
        Student_secretCodes
        (studentNumber, i, secretCode) 
    values
        (?, ?, ?)
14:18:29,454 DEBUG BaseGeneralDataRegion:59 - Caching[foo.org.hibernate.cache.spi.UpdateTimestampsCache] : [Student_secretCodes] -> [5579091023683584]
14:18:29,454 DEBUG BaseGeneralDataRegion:59 - Caching[foo.org.hibernate.cache.spi.UpdateTimestampsCache] : [Enrolment] -> [5579091023683585]
14:18:29,454 DEBUG BaseGeneralDataRegion:59 - Caching[foo.org.hibernate.cache.spi.UpdateTimestampsCache] : [Address] -> [5579091023683586]
14:18:29,455 DEBUG SQL:104 - 
    insert 
    into
        Student_secretCodes
        (studentNumber, i, secretCode) 
    values
        (?, ?, ?)
14:18:29,455 DEBUG SQL:104 - 
    insert 
    into
        Student_secretCodes
        (studentNumber, i, secretCode) 
    values
        (?, ?, ?)
14:18:29,456 DEBUG BaseGeneralDataRegion:59 - Caching[foo.org.hibernate.cache.spi.UpdateTimestampsCache] : [Student_secretCodes] -> [5579091023691776]
14:18:29,456 DEBUG BaseGeneralDataRegion:59 - Caching[foo.org.hibernate.cache.spi.UpdateTimestampsCache] : [Student] -> [5579090777931777]
14:18:29,456 DEBUG BaseGeneralDataRegion:59 - Caching[foo.org.hibernate.cache.spi.UpdateTimestampsCache] : [Course] -> [5579090777931777]
14:18:29,456 DEBUG BaseGeneralDataRegion:59 - Caching[foo.org.hibernate.cache.spi.UpdateTimestampsCache] : [Enrolment] -> [5579090777931777]
14:18:29,456 DEBUG BaseGeneralDataRegion:59 - Caching[foo.org.hibernate.cache.spi.UpdateTimestampsCache] : [Student_secretCodes] -> [5579090777931777]
14:18:29,456 DEBUG BaseGeneralDataRegion:59 - Caching[foo.org.hibernate.cache.spi.UpdateTimestampsCache] : [Address] -> [5579090777931777]
14:18:29,456 DEBUG BaseGeneralDataRegion:59 - Caching[foo.org.hibernate.cache.spi.UpdateTimestampsCache] : [CourseMeeting] -> [5579090777931777]
14:18:29,457 DEBUG QueryTranslatorImpl:265 - parse() - HQL: select e.student, e.semester, e.year, e.course from org.hibernate.test.querycache.Enrolment e  where e.studentNumber = :studentNumber
14:18:29,459 DEBUG QueryTranslatorImpl:283 - --- HQL AST ---
 \-[QUERY] Node: 'query'
    +-[SELECT_FROM] Node: 'SELECT_FROM'
    |  +-[FROM] Node: 'from'
    |  |  \-[RANGE] Node: 'RANGE'
    |  |     +-[DOT] Node: '.'
    |  |     |  +-[DOT] Node: '.'
    |  |     |  |  +-[DOT] Node: '.'
    |  |     |  |  |  +-[DOT] Node: '.'
    |  |     |  |  |  |  +-[IDENT] Node: 'org'
    |  |     |  |  |  |  \-[IDENT] Node: 'hibernate'
    |  |     |  |  |  \-[IDENT] Node: 'test'
    |  |     |  |  \-[IDENT] Node: 'querycache'
    |  |     |  \-[IDENT] Node: 'Enrolment'
    |  |     \-[ALIAS] Node: 'e'
    |  \-[SELECT] Node: 'select'
    |     +-[DOT] Node: '.'
    |     |  +-[IDENT] Node: 'e'
    |     |  \-[IDENT] Node: 'student'
    |     +-[DOT] Node: '.'
    |     |  +-[IDENT] Node: 'e'
    |     |  \-[IDENT] Node: 'semester'
    |     +-[DOT] Node: '.'
    |     |  +-[IDENT] Node: 'e'
    |     |  \-[IDENT] Node: 'year'
    |     \-[DOT] Node: '.'
    |        +-[IDENT] Node: 'e'
    |        \-[IDENT] Node: 'course'
    \-[WHERE] Node: 'where'
       \-[EQ] Node: '='
          +-[DOT] Node: '.'
          |  +-[IDENT] Node: 'e'
          |  \-[IDENT] Node: 'studentNumber'
          \-[COLON] Node: ':'
             \-[IDENT] Node: 'studentNumber'

14:18:29,476 DEBUG ErrorCounter:82 - throwQueryException() : no errors
14:18:29,476 DEBUG FromElement:157 - FromClause{level=1} : org.hibernate.test.querycache.Enrolment (e) -> enrolment0_
14:18:29,476 DEBUG FromReferenceNode:74 - Resolved : e -> (enrolment0_.studentId, enrolment0_.courseCode)
14:18:29,477 DEBUG DotNode:599 - getDataType() : student -> org.hibernate.type.ManyToOneType(org.hibernate.test.querycache.Student)
14:18:29,477 DEBUG DotNode:389 - dereferenceEntityJoin() : generating join for student in org.hibernate.test.querycache.Enrolment (<no alias>) parent = [ {null} ]
14:18:29,477 DEBUG FromElement:157 - FromClause{level=1} : org.hibernate.test.querycache.Student (<no alias>) -> student1_
14:18:29,477 DEBUG FromClause:282 - addJoinByPathMap() : e.student -> FromElement{explicit,not a collection join,not a fetch join,fetch non-lazy properties,classAlias=null,role=null,tableName=Student,tableAlias=student1_,origin=Enrolment enrolment0_,columns={enrolment0_.studentId ,className=org.hibernate.test.querycache.Student}}
14:18:29,478 DEBUG FromReferenceNode:74 - Resolved : e.student -> enrolment0_.studentId
14:18:29,478 DEBUG FromReferenceNode:74 - Resolved : e -> (enrolment0_.studentId, enrolment0_.courseCode)
14:18:29,478 DEBUG DotNode:599 - getDataType() : semester -> org.hibernate.type.ShortType@491168d6
14:18:29,478 DEBUG FromReferenceNode:74 - Resolved : e.semester -> enrolment0_.semester
14:18:29,478 DEBUG FromReferenceNode:74 - Resolved : e -> (enrolment0_.studentId, enrolment0_.courseCode)
14:18:29,478 DEBUG DotNode:599 - getDataType() : year -> org.hibernate.type.ShortType@491168d6
14:18:29,478 DEBUG FromReferenceNode:74 - Resolved : e.year -> enrolment0_."year"
14:18:29,478 DEBUG FromReferenceNode:74 - Resolved : e -> (enrolment0_.studentId, enrolment0_.courseCode)
14:18:29,479 DEBUG DotNode:599 - getDataType() : course -> org.hibernate.type.ManyToOneType(org.hibernate.test.querycache.Course)
14:18:29,479 DEBUG DotNode:389 - dereferenceEntityJoin() : generating join for course in org.hibernate.test.querycache.Enrolment (<no alias>) parent = [ {null} ]
14:18:29,479 DEBUG FromElement:157 - FromClause{level=1} : org.hibernate.test.querycache.Course (<no alias>) -> course2_
14:18:29,479 DEBUG FromClause:282 - addJoinByPathMap() : e.course -> FromElement{explicit,not a collection join,not a fetch join,fetch non-lazy properties,classAlias=null,role=null,tableName=Course,tableAlias=course2_,origin=Enrolment enrolment0_,columns={enrolment0_.courseCode ,className=org.hibernate.test.querycache.Course}}
14:18:29,479 DEBUG FromReferenceNode:74 - Resolved : e.course -> enrolment0_.courseCode
14:18:29,479 DEBUG FromReferenceNode:74 - Resolved : e -> (enrolment0_.studentId, enrolment0_.courseCode)
14:18:29,479 DEBUG DotNode:599 - getDataType() : studentNumber -> org.hibernate.type.LongType@4bf3f9d
14:18:29,479 DEBUG FromReferenceNode:74 - Resolved : e.studentNumber -> enrolment0_.studentId
14:18:29,480 DEBUG HqlSqlWalker:629 - processQuery() :  ( SELECT ( {select clause} ( enrolment0_.studentId (enrolment0_.studentId, enrolment0_.courseCode) student ) ( enrolment0_.semester (enrolment0_.studentId, enrolment0_.courseCode) semester ) ( enrolment0_."year" (enrolment0_.studentId, enrolment0_.courseCode) year ) ( enrolment0_.courseCode (enrolment0_.studentId, enrolment0_.courseCode) course ) ) ( FromClause{level=1} ( Enrolment enrolment0_ Student student1_ Course course2_ ) ) ( where ( = ( enrolment0_.studentId (enrolment0_.studentId, enrolment0_.courseCode) studentNumber ) ? ) ) )
14:18:29,480 DEBUG JoinProcessor:175 - Using FROM fragment [Enrolment enrolment0_]
14:18:29,480 DEBUG JoinProcessor:175 - Using FROM fragment [inner join Student student1_ on enrolment0_.studentId=student1_.studentId]
14:18:29,487 DEBUG JoinProcessor:175 - Using FROM fragment [inner join Course course2_ on enrolment0_.courseCode=course2_.courseCode]
14:18:29,488 DEBUG QueryTranslatorImpl:252 - --- SQL AST ---
 \-[SELECT] QueryNode: 'SELECT'  querySpaces (Student,Course,Enrolment)
    +-[SELECT_CLAUSE] SelectClause: '{select clause}'
    |  +-[DOT] DotNode: 'enrolment0_.studentId' {propertyName=student,dereferenceType=EOF,propertyPath=student,path=e.student,tableAlias=student1_,className=org.hibernate.test.querycache.Student,classAlias=null}
    |  |  +-[ALIAS_REF] IdentNode: '(enrolment0_.studentId, enrolment0_.courseCode)' {alias=e, className=org.hibernate.test.querycache.Enrolment, tableAlias=enrolment0_}
    |  |  \-[IDENT] IdentNode: 'student' {originalText=student}
    |  +-[SELECT_COLUMNS] SqlNode: ' as col_0_0_'
    |  +-[DOT] DotNode: 'enrolment0_.semester' {propertyName=semester,dereferenceType=ALL,propertyPath=semester,path=e.semester,tableAlias=enrolment0_,className=org.hibernate.test.querycache.Enrolment,classAlias=e}
    |  |  +-[ALIAS_REF] IdentNode: '(enrolment0_.studentId, enrolment0_.courseCode)' {alias=e, className=org.hibernate.test.querycache.Enrolment, tableAlias=enrolment0_}
    |  |  \-[IDENT] IdentNode: 'semester' {originalText=semester}
    |  +-[SELECT_COLUMNS] SqlNode: ' as col_1_0_'
    |  +-[DOT] DotNode: 'enrolment0_."year"' {propertyName=year,dereferenceType=ALL,propertyPath=year,path=e.year,tableAlias=enrolment0_,className=org.hibernate.test.querycache.Enrolment,classAlias=e}
    |  |  +-[ALIAS_REF] IdentNode: '(enrolment0_.studentId, enrolment0_.courseCode)' {alias=e, className=org.hibernate.test.querycache.Enrolment, tableAlias=enrolment0_}
    |  |  \-[IDENT] IdentNode: 'year' {originalText=year}
    |  +-[SELECT_COLUMNS] SqlNode: ' as col_2_0_'
    |  +-[DOT] DotNode: 'enrolment0_.courseCode' {propertyName=course,dereferenceType=EOF,propertyPath=course,path=e.course,tableAlias=course2_,className=org.hibernate.test.querycache.Course,classAlias=null}
    |  |  +-[ALIAS_REF] IdentNode: '(enrolment0_.studentId, enrolment0_.courseCode)' {alias=e, className=org.hibernate.test.querycache.Enrolment, tableAlias=enrolment0_}
    |  |  \-[IDENT] IdentNode: 'course' {originalText=course}
    |  +-[SELECT_COLUMNS] SqlNode: ' as col_3_0_'
    |  +-[SQL_TOKEN] SqlFragment: 'student1_.studentId as studentId4_0_'
    |  +-[SQL_TOKEN] SqlFragment: 'course2_.courseCode as courseCode1_1_'
    |  +-[SQL_TOKEN] SqlFragment: 'student1_.name_first as name2_4_0_, student1_.name_middle as name3_4_0_, student1_.name_last as name4_4_0_, student1_.preferredCourseCode as preferre5_4_0_'
    |  \-[SQL_TOKEN] SqlFragment: 'course2_.description as descript2_1_1_'
    +-[FROM] FromClause: 'from' FromClause{level=1, fromElementCounter=3, fromElements=3, fromElementByClassAlias=[e], fromElementByTableAlias=[student1_, enrolment0_, course2_], fromElementsByPath=[e.course, e.student], collectionJoinFromElementsByPath=[], impliedElements=[]}
    |  \-[FROM_FRAGMENT] FromElement: 'Enrolment enrolment0_' FromElement{explicit,not a collection join,not a fetch join,fetch non-lazy properties,classAlias=e,role=null,tableName=Enrolment,tableAlias=enrolment0_,origin=null,columns={,className=org.hibernate.test.querycache.Enrolment}}
    |     +-[JOIN_FRAGMENT] FromElement: 'inner join Student student1_ on enrolment0_.studentId=student1_.studentId' FromElement{explicit,not a collection join,not a fetch join,fetch non-lazy properties,classAlias=null,role=null,tableName=Student,tableAlias=student1_,origin=Enrolment enrolment0_,columns={enrolment0_.studentId ,className=org.hibernate.test.querycache.Student}}
    |     \-[JOIN_FRAGMENT] FromElement: 'inner join Course course2_ on enrolment0_.courseCode=course2_.courseCode' FromElement{explicit,not a collection join,not a fetch join,fetch non-lazy properties,classAlias=null,role=null,tableName=Course,tableAlias=course2_,origin=Enrolment enrolment0_,columns={enrolment0_.courseCode ,className=org.hibernate.test.querycache.Course}}
    \-[WHERE] SqlNode: 'where'
       \-[EQ] BinaryLogicOperatorNode: '='
          +-[DOT] DotNode: 'enrolment0_.studentId' {propertyName=studentNumber,dereferenceType=ALL,propertyPath=studentNumber,path=e.studentNumber,tableAlias=enrolment0_,className=org.hibernate.test.querycache.Enrolment,classAlias=e}
          |  +-[ALIAS_REF] IdentNode: '(enrolment0_.studentId, enrolment0_.courseCode)' {alias=e, className=org.hibernate.test.querycache.Enrolment, tableAlias=enrolment0_}
          |  \-[IDENT] IdentNode: 'studentNumber' {originalText=studentNumber}
          \-[NAMED_PARAM] ParameterNode: '?' {name=studentNumber, expectedType=org.hibernate.type.LongType@4bf3f9d}

14:18:29,489 DEBUG ErrorCounter:82 - throwQueryException() : no errors
14:18:29,489 DEBUG QueryTranslatorImpl:235 - HQL: select e.student, e.semester, e.year, e.course from org.hibernate.test.querycache.Enrolment e  where e.studentNumber = :studentNumber
14:18:29,489 DEBUG QueryTranslatorImpl:236 - SQL: select enrolment0_.studentId as col_0_0_, enrolment0_.semester as col_1_0_, enrolment0_."year" as col_2_0_, enrolment0_.courseCode as col_3_0_, student1_.studentId as studentId4_0_, course2_.courseCode as courseCode1_1_, student1_.name_first as name2_4_0_, student1_.name_middle as name3_4_0_, student1_.name_last as name4_4_0_, student1_.preferredCourseCode as preferre5_4_0_, course2_.description as descript2_1_1_ from Enrolment enrolment0_ inner join Student student1_ on enrolment0_.studentId=student1_.studentId inner join Course course2_ on enrolment0_.courseCode=course2_.courseCode where enrolment0_.studentId=?
14:18:29,489 DEBUG ErrorCounter:82 - throwQueryException() : no errors
14:18:29,490 DEBUG SQL:104 - 
    select
        enrolment0_.studentId as col_0_0_,
        enrolment0_.semester as col_1_0_,
        enrolment0_."year" as col_2_0_,
        enrolment0_.courseCode as col_3_0_,
        student1_.studentId as studentId4_0_,
        course2_.courseCode as courseCode1_1_,
        student1_.name_first as name2_4_0_,
        student1_.name_middle as name3_4_0_,
        student1_.name_last as name4_4_0_,
        student1_.preferredCourseCode as preferre5_4_0_,
        course2_.description as descript2_1_1_ 
    from
        Enrolment enrolment0_ 
    inner join
        Student student1_ 
            on enrolment0_.studentId=student1_.studentId 
    inner join
        Course course2_ 
            on enrolment0_.courseCode=course2_.courseCode 
    where
        enrolment0_.studentId=?
14:18:29,490 DEBUG SQL:104 - 
    select
        coursemeet0_.courseCode as courseCode1_1_,
        coursemeet0_.courseCode as courseCode2_1_,
        coursemeet0_.day as day2_1_,
        coursemeet0_.period as period2_1_,
        coursemeet0_.location as location2_1_,
        coursemeet0_.courseCode as courseCode2_0_,
        coursemeet0_.day as day2_0_,
        coursemeet0_.period as period2_0_,
        coursemeet0_.location as location2_0_ 
    from
        CourseMeeting coursemeet0_ 
    where
        coursemeet0_.courseCode=?
14:18:29,504 DEBUG SQL:104 - 
    select
        secretcode0_.studentNumber as studentN1_4_0_,
        secretcode0_.secretCode as secretCode5_0_,
        secretcode0_.i as i0_ 
    from
        Student_secretCodes secretcode0_ 
    where
        secretcode0_.studentNumber=?
14:18:29,505 DEBUG SQL:104 - 
    select
        enrolment0_.studentId as col_0_0_,
        enrolment0_.semester as col_1_0_,
        enrolment0_."year" as col_2_0_,
        enrolment0_.courseCode as col_3_0_,
        student1_.studentId as studentId4_0_,
        course2_.courseCode as courseCode1_1_,
        student1_.name_first as name2_4_0_,
        student1_.name_middle as name3_4_0_,
        student1_.name_last as name4_4_0_,
        student1_.preferredCourseCode as preferre5_4_0_,
        course2_.description as descript2_1_1_ 
    from
        Enrolment enrolment0_ 
    inner join
        Student student1_ 
            on enrolment0_.studentId=student1_.studentId 
    inner join
        Course course2_ 
            on enrolment0_.courseCode=course2_.courseCode 
    where
        enrolment0_.studentId=?
14:18:29,520 DEBUG SQL:104 - 
    select
        coursemeet0_.courseCode as courseCode1_1_,
        coursemeet0_.courseCode as courseCode2_1_,
        coursemeet0_.day as day2_1_,
        coursemeet0_.period as period2_1_,
        coursemeet0_.location as location2_1_,
        coursemeet0_.courseCode as courseCode2_0_,
        coursemeet0_.day as day2_0_,
        coursemeet0_.period as period2_0_,
        coursemeet0_.location as location2_0_ 
    from
        CourseMeeting coursemeet0_ 
    where
        coursemeet0_.courseCode=?
14:18:29,521 DEBUG SQL:104 - 
    select
        secretcode0_.studentNumber as studentN1_4_0_,
        secretcode0_.secretCode as secretCode5_0_,
        secretcode0_.i as i0_ 
    from
        Student_secretCodes secretcode0_ 
    where
        secretcode0_.studentNumber=?
14:18:29,521 DEBUG SQL:104 - 
    select
        student_.studentId,
        student_.name_first as name2_4_,
        student_.name_middle as name3_4_,
        student_.name_last as name4_4_,
        student_.preferredCourseCode as preferre5_4_ 
    from
        Student student_ 
    where
        student_.studentId=?
14:18:29,530 DEBUG SQL:104 - 
    select
        enrolment_.studentId,
        enrolment_.courseCode,
        enrolment_.semester as semester3_,
        enrolment_."year" as year4_3_ 
    from
        Enrolment enrolment_ 
    where
        enrolment_.studentId=? 
        and enrolment_.courseCode=?
14:18:29,530 DEBUG SQL:104 - 
    select
        course_.courseCode,
        course_.description as descript2_1_ 
    from
        Course course_ 
    where
        course_.courseCode=?
14:18:29,530 DEBUG SQL:104 - 
    select
        student_.studentId,
        student_.name_first as name2_4_,
        student_.name_middle as name3_4_,
        student_.name_last as name4_4_,
        student_.preferredCourseCode as preferre5_4_ 
    from
        Student student_ 
    where
        student_.studentId=?
14:18:29,531 DEBUG SQL:104 - 
    select
        enrolment_.studentId,
        enrolment_.courseCode,
        enrolment_.semester as semester3_,
        enrolment_."year" as year4_3_ 
    from
        Enrolment enrolment_ 
    where
        enrolment_.studentId=? 
        and enrolment_.courseCode=?
14:18:29,552 DEBUG SQL:104 - 
    select
        coursemeet_.courseCode,
        coursemeet_.day,
        coursemeet_.period,
        coursemeet_.location 
    from
        CourseMeeting coursemeet_ 
    where
        coursemeet_.courseCode=? 
        and coursemeet_.day=? 
        and coursemeet_.period=? 
        and coursemeet_.location=?
14:18:29,552 DEBUG SQL:104 - 
    select
        coursemeet_.courseCode,
        coursemeet_.day,
        coursemeet_.period,
        coursemeet_.location 
    from
        CourseMeeting coursemeet_ 
    where
        coursemeet_.courseCode=? 
        and coursemeet_.day=? 
        and coursemeet_.period=? 
        and coursemeet_.location=?
14:18:29,562 DEBUG BaseGeneralDataRegion:59 - Caching[foo.org.hibernate.cache.spi.UpdateTimestampsCache] : [Enrolment] -> [5579091024125952]
14:18:29,562 DEBUG SQL:104 - 
    update
        Address 
    set
        studentNumber=null,
        addressType=null 
    where
        studentNumber=?
14:18:29,562 DEBUG BaseGeneralDataRegion:59 - Caching[foo.org.hibernate.cache.spi.UpdateTimestampsCache] : [Address] -> [5579091024125953]
14:18:29,562 DEBUG SQL:104 - 
    delete 
    from
        Student_secretCodes 
    where
        studentNumber=?
14:18:29,562 DEBUG BaseGeneralDataRegion:59 - Caching[foo.org.hibernate.cache.spi.UpdateTimestampsCache] : [Student_secretCodes] -> [5579091024125954]
14:18:29,563 DEBUG BaseGeneralDataRegion:59 - Caching[foo.org.hibernate.cache.spi.UpdateTimestampsCache] : [Enrolment] -> [5579091024130048]
14:18:29,563 DEBUG BaseGeneralDataRegion:59 - Caching[foo.org.hibernate.cache.spi.UpdateTimestampsCache] : [Address] -> [5579091024130049]
14:18:29,563 DEBUG SQL:104 - 
    delete 
    from
        Student_secretCodes 
    where
        studentNumber=?
14:18:29,563 DEBUG BaseGeneralDataRegion:59 - Caching[foo.org.hibernate.cache.spi.UpdateTimestampsCache] : [Student_secretCodes] -> [5579091024130050]
14:18:29,563 DEBUG BaseGeneralDataRegion:59 - Caching[foo.org.hibernate.cache.spi.UpdateTimestampsCache] : [CourseMeeting] -> [5579091024130051]
14:18:29,574 DEBUG SQL:104 - 
    delete 
    from
        Enrolment 
    where
        studentId=? 
        and courseCode=?
14:18:29,612 DEBUG BaseGeneralDataRegion:59 - Caching[foo.org.hibernate.cache.spi.UpdateTimestampsCache] : [Enrolment] -> [5579091024330752]
14:18:29,613 DEBUG SQL:104 - 
    delete 
    from
        Address 
    where
        id=?
14:18:29,613 DEBUG BaseGeneralDataRegion:59 - Caching[foo.org.hibernate.cache.spi.UpdateTimestampsCache] : [Address] -> [5579091024334848]
14:18:29,613 DEBUG SQL:104 - 
    delete 
    from
        Address 
    where
        id=?
14:18:29,613 DEBUG BaseGeneralDataRegion:59 - Caching[foo.org.hibernate.cache.spi.UpdateTimestampsCache] : [Address] -> [5579091024334849]
14:18:29,613 DEBUG SQL:104 - 
    delete 
    from
        Student 
    where
        studentId=?
14:18:29,613 DEBUG BaseGeneralDataRegion:59 - Caching[foo.org.hibernate.cache.spi.UpdateTimestampsCache] : [Student] -> [5579091024334850]
14:18:29,614 DEBUG SQL:104 - 
    delete 
    from
        Enrolment 
    where
        studentId=? 
        and courseCode=?
14:18:29,614 DEBUG BaseGeneralDataRegion:59 - Caching[foo.org.hibernate.cache.spi.UpdateTimestampsCache] : [Enrolment] -> [5579091024338944]
14:18:29,614 DEBUG SQL:104 - 
    delete 
    from
        Student 
    where
        studentId=?
14:18:29,614 DEBUG BaseGeneralDataRegion:59 - Caching[foo.org.hibernate.cache.spi.UpdateTimestampsCache] : [Student] -> [5579091024338945]
14:18:29,614 DEBUG SQL:104 - 
    delete 
    from
        CourseMeeting 
    where
        courseCode=? 
        and day=? 
        and period=? 
        and location=?
14:18:29,614 DEBUG BaseGeneralDataRegion:59 - Caching[foo.org.hibernate.cache.spi.UpdateTimestampsCache] : [CourseMeeting] -> [5579091024338946]
14:18:29,614 DEBUG SQL:104 - 
    delete 
    from
        CourseMeeting 
    where
        courseCode=? 
        and day=? 
        and period=? 
        and location=?
14:18:29,615 DEBUG BaseGeneralDataRegion:59 - Caching[foo.org.hibernate.cache.spi.UpdateTimestampsCache] : [CourseMeeting] -> [5579091024343040]
14:18:29,615 DEBUG SQL:104 - 
    delete 
    from
        Course 
    where
        courseCode=?
14:18:29,615 DEBUG BaseGeneralDataRegion:59 - Caching[foo.org.hibernate.cache.spi.UpdateTimestampsCache] : [Course] -> [5579091024343041]
14:18:29,615 DEBUG BaseGeneralDataRegion:59 - Caching[foo.org.hibernate.cache.spi.UpdateTimestampsCache] : [Student] -> [5579090778583042]
14:18:29,615 DEBUG BaseGeneralDataRegion:59 - Caching[foo.org.hibernate.cache.spi.UpdateTimestampsCache] : [Course] -> [5579090778583042]
14:18:29,615 DEBUG BaseGeneralDataRegion:59 - Caching[foo.org.hibernate.cache.spi.UpdateTimestampsCache] : [Enrolment] -> [5579090778583042]
14:18:29,616 DEBUG BaseGeneralDataRegion:59 - Caching[foo.org.hibernate.cache.spi.UpdateTimestampsCache] : [Student_secretCodes] -> [5579090778583042]
14:18:29,616 DEBUG BaseGeneralDataRegion:59 - Caching[foo.org.hibernate.cache.spi.UpdateTimestampsCache] : [Address] -> [5579090778583042]
14:18:29,616 DEBUG BaseGeneralDataRegion:59 - Caching[foo.org.hibernate.cache.spi.UpdateTimestampsCache] : [CourseMeeting] -> [5579090778583042]
14:18:29,616  INFO CustomRunner:139 - Test: testMultiProjectionListThenApplyAliasToBean
14:18:29,617 DEBUG SQL:104 - 
    select
        coursemeet_.courseCode,
        coursemeet_.day,
        coursemeet_.period,
        coursemeet_.location 
    from
        CourseMeeting coursemeet_ 
    where
        coursemeet_.courseCode=? 
        and coursemeet_.day=? 
        and coursemeet_.period=? 
        and coursemeet_.location=?
14:18:29,618 DEBUG SQL:104 - 
    select
        coursemeet_.courseCode,
        coursemeet_.day,
        coursemeet_.period,
        coursemeet_.location 
    from
        CourseMeeting coursemeet_ 
    where
        coursemeet_.courseCode=? 
        and coursemeet_.day=? 
        and coursemeet_.period=? 
        and coursemeet_.location=?
14:18:29,618 DEBUG SQL:104 - 
    insert 
    into
        Course
        (description, courseCode) 
    values
        (?, ?)
14:18:29,619 DEBUG BaseGeneralDataRegion:59 - Caching[foo.org.hibernate.cache.spi.UpdateTimestampsCache] : [Course] -> [5579091024359424]
14:18:29,619 DEBUG SQL:104 - 
    insert 
    into
        CourseMeeting
        (courseCode, day, period, location) 
    values
        (?, ?, ?, ?)
14:18:29,619 DEBUG BaseGeneralDataRegion:59 - Caching[foo.org.hibernate.cache.spi.UpdateTimestampsCache] : [CourseMeeting] -> [5579091024359425]
14:18:29,619 DEBUG SQL:104 - 
    insert 
    into
        CourseMeeting
        (courseCode, day, period, location) 
    values
        (?, ?, ?, ?)
14:18:29,619 DEBUG BaseGeneralDataRegion:59 - Caching[foo.org.hibernate.cache.spi.UpdateTimestampsCache] : [CourseMeeting] -> [5579091024359426]
14:18:29,619 DEBUG SQL:104 - 
    insert 
    into
        Student
        (name_first, name_middle, name_last, preferredCourseCode, studentId) 
    values
        (?, ?, ?, ?, ?)
14:18:29,619 DEBUG BaseGeneralDataRegion:59 - Caching[foo.org.hibernate.cache.spi.UpdateTimestampsCache] : [Student] -> [5579091024359427]
14:18:29,620 DEBUG SQL:104 - 
    insert 
    into
        Address
        (addressType, street, city, stateProvince, postalCode, country, studentNumber, id) 
    values
        (?, ?, ?, ?, ?, ?, ?, ?)
14:18:29,626 DEBUG BaseGeneralDataRegion:59 - Caching[foo.org.hibernate.cache.spi.UpdateTimestampsCache] : [Address] -> [5579091024388096]
14:18:29,626 DEBUG SQL:104 - 
    insert 
    into
        Address
        (addressType, street, city, stateProvince, postalCode, country, studentNumber, id) 
    values
        (?, ?, ?, ?, ?, ?, ?, ?)
14:18:29,626 DEBUG BaseGeneralDataRegion:59 - Caching[foo.org.hibernate.cache.spi.UpdateTimestampsCache] : [Address] -> [5579091024388097]
14:18:29,626 DEBUG SQL:104 - 
    insert 
    into
        Student
        (name_first, name_middle, name_last, preferredCourseCode, studentId) 
    values
        (?, ?, ?, ?, ?)
14:18:29,626 DEBUG BaseGeneralDataRegion:59 - Caching[foo.org.hibernate.cache.spi.UpdateTimestampsCache] : [Student] -> [5579091024388098]
14:18:29,627 DEBUG SQL:104 - 
    insert 
    into
        Enrolment
        (semester, "year", studentId, courseCode) 
    values
        (?, ?, ?, ?)
14:18:29,627 DEBUG BaseGeneralDataRegion:59 - Caching[foo.org.hibernate.cache.spi.UpdateTimestampsCache] : [Enrolment] -> [5579091024392192]
14:18:29,627 DEBUG SQL:104 - 
    insert 
    into
        Enrolment
        (semester, "year", studentId, courseCode) 
    values
        (?, ?, ?, ?)
14:18:29,627 DEBUG BaseGeneralDataRegion:59 - Caching[foo.org.hibernate.cache.spi.UpdateTimestampsCache] : [Enrolment] -> [5579091024392193]
14:18:29,627 DEBUG BaseGeneralDataRegion:59 - Caching[foo.org.hibernate.cache.spi.UpdateTimestampsCache] : [CourseMeeting] -> [5579091024392194]
14:18:29,627 DEBUG BaseGeneralDataRegion:59 - Caching[foo.org.hibernate.cache.spi.UpdateTimestampsCache] : [Enrolment] -> [5579091024392195]
14:18:29,627 DEBUG SQL:104 - 
    update
        Address 
    set
        studentNumber=?,
        addressType=? 
    where
        id=?
14:18:29,628 DEBUG SQL:104 - 
    update
        Address 
    set
        studentNumber=?,
        addressType=? 
    where
        id=?
14:18:29,628 DEBUG BaseGeneralDataRegion:59 - Caching[foo.org.hibernate.cache.spi.UpdateTimestampsCache] : [Address] -> [5579091024396288]
14:18:29,628 DEBUG SQL:104 - 
    insert 
    into
        Student_secretCodes
        (studentNumber, i, secretCode) 
    values
        (?, ?, ?)
14:18:29,638 DEBUG BaseGeneralDataRegion:59 - Caching[foo.org.hibernate.cache.spi.UpdateTimestampsCache] : [Student_secretCodes] -> [5579091024437248]
14:18:29,638 DEBUG BaseGeneralDataRegion:59 - Caching[foo.org.hibernate.cache.spi.UpdateTimestampsCache] : [Enrolment] -> [5579091024437249]
14:18:29,638 DEBUG BaseGeneralDataRegion:59 - Caching[foo.org.hibernate.cache.spi.UpdateTimestampsCache] : [Address] -> [5579091024437250]
14:18:29,639 DEBUG SQL:104 - 
    insert 
    into
        Student_secretCodes
        (studentNumber, i, secretCode) 
    values
        (?, ?, ?)
14:18:29,639 DEBUG SQL:104 - 
    insert 
    into
        Student_secretCodes
        (studentNumber, i, secretCode) 
    values
        (?, ?, ?)
14:18:29,639 DEBUG BaseGeneralDataRegion:59 - Caching[foo.org.hibernate.cache.spi.UpdateTimestampsCache] : [Student_secretCodes] -> [5579091024441344]
14:18:29,639 DEBUG BaseGeneralDataRegion:59 - Caching[foo.org.hibernate.cache.spi.UpdateTimestampsCache] : [Student] -> [5579090778681345]
14:18:29,639 DEBUG BaseGeneralDataRegion:59 - Caching[foo.org.hibernate.cache.spi.UpdateTimestampsCache] : [Course] -> [5579090778681345]
14:18:29,639 DEBUG BaseGeneralDataRegion:59 - Caching[foo.org.hibernate.cache.spi.UpdateTimestampsCache] : [Enrolment] -> [5579090778681345]
14:18:29,639 DEBUG BaseGeneralDataRegion:59 - Caching[foo.org.hibernate.cache.spi.UpdateTimestampsCache] : [Student_secretCodes] -> [5579090778681345]
14:18:29,639 DEBUG BaseGeneralDataRegion:59 - Caching[foo.org.hibernate.cache.spi.UpdateTimestampsCache] : [Address] -> [5579090778681345]
14:18:29,640 DEBUG BaseGeneralDataRegion:59 - Caching[foo.org.hibernate.cache.spi.UpdateTimestampsCache] : [CourseMeeting] -> [5579090778681345]
14:18:29,640 DEBUG QueryTranslatorImpl:265 - parse() - HQL: select st.name as studentName, co.description as courseDescription from org.hibernate.test.querycache.Enrolment e join e.student st join e.course co order by e.studentNumber
14:18:29,642 DEBUG QueryTranslatorImpl:283 - --- HQL AST ---
 \-[QUERY] Node: 'query'
    +-[SELECT_FROM] Node: 'SELECT_FROM'
    |  +-[FROM] Node: 'from'
    |  |  +-[RANGE] Node: 'RANGE'
    |  |  |  +-[DOT] Node: '.'
    |  |  |  |  +-[DOT] Node: '.'
    |  |  |  |  |  +-[DOT] Node: '.'
    |  |  |  |  |  |  +-[DOT] Node: '.'
    |  |  |  |  |  |  |  +-[IDENT] Node: 'org'
    |  |  |  |  |  |  |  \-[IDENT] Node: 'hibernate'
    |  |  |  |  |  |  \-[IDENT] Node: 'test'
    |  |  |  |  |  \-[IDENT] Node: 'querycache'
    |  |  |  |  \-[IDENT] Node: 'Enrolment'
    |  |  |  \-[ALIAS] Node: 'e'
    |  |  +-[JOIN] Node: 'join'
    |  |  |  +-[DOT] Node: '.'
    |  |  |  |  +-[IDENT] Node: 'e'
    |  |  |  |  \-[IDENT] Node: 'student'
    |  |  |  \-[ALIAS] Node: 'st'
    |  |  \-[JOIN] Node: 'join'
    |  |     +-[DOT] Node: '.'
    |  |     |  +-[IDENT] Node: 'e'
    |  |     |  \-[IDENT] Node: 'course'
    |  |     \-[ALIAS] Node: 'co'
    |  \-[SELECT] Node: 'select'
    |     +-[AS] Node: 'as'
    |     |  +-[DOT] Node: '.'
    |     |  |  +-[IDENT] Node: 'st'
    |     |  |  \-[IDENT] Node: 'name'
    |     |  \-[IDENT] Node: 'studentName'
    |     \-[AS] Node: 'as'
    |        +-[DOT] Node: '.'
    |        |  +-[IDENT] Node: 'co'
    |        |  \-[IDENT] Node: 'description'
    |        \-[IDENT] Node: 'courseDescription'
    \-[ORDER] Node: 'order'
       \-[DOT] Node: '.'
          +-[IDENT] Node: 'e'
          \-[IDENT] Node: 'studentNumber'

14:18:29,649 DEBUG ErrorCounter:82 - throwQueryException() : no errors
14:18:29,649 DEBUG FromElement:157 - FromClause{level=1} : org.hibernate.test.querycache.Enrolment (e) -> enrolment0_
14:18:29,649 DEBUG FromReferenceNode:74 - Resolved : e -> (enrolment0_.studentId, enrolment0_.courseCode)
14:18:29,649 DEBUG DotNode:599 - getDataType() : student -> org.hibernate.type.ManyToOneType(org.hibernate.test.querycache.Student)
14:18:29,650 DEBUG DotNode:389 - dereferenceEntityJoin() : generating join for student in org.hibernate.test.querycache.Enrolment (st) parent = [ {null} ]
14:18:29,650 DEBUG FromElement:157 - FromClause{level=1} : org.hibernate.test.querycache.Student (st) -> student1_
14:18:29,650 DEBUG FromClause:282 - addJoinByPathMap() : e.student -> FromElement{explicit,not a collection join,not a fetch join,fetch non-lazy properties,classAlias=st,role=null,tableName=Student,tableAlias=student1_,origin=Enrolment enrolment0_,columns={enrolment0_.studentId ,className=org.hibernate.test.querycache.Student}}
14:18:29,650 DEBUG FromReferenceNode:74 - Resolved : e.student -> enrolment0_.studentId
14:18:29,650 DEBUG HqlSqlWalker:403 - createFromJoinElement() : -- join tree --
 \-[JOIN_FRAGMENT] FromElement: 'Student student1_' FromElement{explicit,not a collection join,not a fetch join,fetch non-lazy properties,classAlias=st,role=null,tableName=Student,tableAlias=student1_,origin=Enrolment enrolment0_,columns={enrolment0_.studentId ,className=org.hibernate.test.querycache.Student}}

14:18:29,670 DEBUG FromReferenceNode:74 - Resolved : e -> (enrolment0_.studentId, enrolment0_.courseCode)
14:18:29,671 DEBUG DotNode:599 - getDataType() : course -> org.hibernate.type.ManyToOneType(org.hibernate.test.querycache.Course)
14:18:29,671 DEBUG DotNode:389 - dereferenceEntityJoin() : generating join for course in org.hibernate.test.querycache.Enrolment (co) parent = [ {null} ]
14:18:29,671 DEBUG FromElement:157 - FromClause{level=1} : org.hibernate.test.querycache.Course (co) -> course2_
14:18:29,671 DEBUG FromClause:282 - addJoinByPathMap() : e.course -> FromElement{explicit,not a collection join,not a fetch join,fetch non-lazy properties,classAlias=co,role=null,tableName=Course,tableAlias=course2_,origin=Enrolment enrolment0_,columns={enrolment0_.courseCode ,className=org.hibernate.test.querycache.Course}}
14:18:29,671 DEBUG FromReferenceNode:74 - Resolved : e.course -> enrolment0_.courseCode
14:18:29,671 DEBUG HqlSqlWalker:403 - createFromJoinElement() : -- join tree --
 \-[JOIN_FRAGMENT] FromElement: 'Course course2_' FromElement{explicit,not a collection join,not a fetch join,fetch non-lazy properties,classAlias=co,role=null,tableName=Course,tableAlias=course2_,origin=Enrolment enrolment0_,columns={enrolment0_.courseCode ,className=org.hibernate.test.querycache.Course}}

14:18:29,672 DEBUG FromReferenceNode:74 - Resolved : st -> student1_.studentId
14:18:29,672 DEBUG DotNode:599 - getDataType() : name -> org.hibernate.type.ComponentType@2b1b8f9d
14:18:29,672 DEBUG DotNode:588 - Terminal propertyPath = [name]
14:18:29,672 DEBUG FromReferenceNode:74 - Resolved : st.name -> student1_.name_first, student1_.name_middle, student1_.name_last
14:18:29,672 DEBUG FromReferenceNode:74 - Resolved : co -> course2_.courseCode
14:18:29,672 DEBUG DotNode:599 - getDataType() : description -> org.hibernate.type.StringType@2dc8de40
14:18:29,672 DEBUG FromReferenceNode:74 - Resolved : co.description -> course2_.description
14:18:29,672 DEBUG FromReferenceNode:74 - Resolved : e -> enrolment0_.studentId, enrolment0_.courseCode
14:18:29,673 DEBUG DotNode:599 - getDataType() : studentNumber -> org.hibernate.type.LongType@4bf3f9d
14:18:29,673 DEBUG FromReferenceNode:74 - Resolved : e.studentNumber -> enrolment0_.studentId
14:18:29,673 DEBUG HqlSqlWalker:629 - processQuery() :  ( SELECT ( {select clause} ( student1_.name_first, student1_.name_middle, student1_.name_last student1_.studentId name ) ( course2_.description course2_.courseCode description ) ) ( FromClause{level=1} ( Enrolment enrolment0_ Student student1_ Course course2_ ) ) ( order ( enrolment0_.studentId enrolment0_.studentId, enrolment0_.courseCode studentNumber ) ) )
14:18:29,673 DEBUG JoinProcessor:175 - Using FROM fragment [Enrolment enrolment0_]
14:18:29,673 DEBUG JoinProcessor:175 - Using FROM fragment [inner join Student student1_ on enrolment0_.studentId=student1_.studentId]
14:18:29,673 DEBUG JoinProcessor:175 - Using FROM fragment [inner join Course course2_ on enrolment0_.courseCode=course2_.courseCode]
14:18:29,674 DEBUG QueryTranslatorImpl:252 - --- SQL AST ---
 \-[SELECT] QueryNode: 'SELECT'  querySpaces (Student,Course,Enrolment)
    +-[SELECT_CLAUSE] SelectClause: '{select clause}'
    |  +-[DOT] DotNode: 'student1_.name_first' {propertyName=name,dereferenceType=2,propertyPath=name,path=st.name,tableAlias=student1_,className=org.hibernate.test.querycache.Student,classAlias=st}
    |  |  +-[ALIAS_REF] IdentNode: 'student1_.studentId' {alias=st, className=org.hibernate.test.querycache.Student, tableAlias=student1_}
    |  |  \-[IDENT] IdentNode: 'name' {originalText=name}
    |  +-[SELECT_COLUMNS] SqlNode: ' as col_0_0_'
    |  +-[SQL_TOKEN] SqlFragment: 'student1_.name_middle'
    |  +-[SELECT_COLUMNS] SqlNode: ' as col_0_1_'
    |  +-[SQL_TOKEN] SqlFragment: 'student1_.name_last'
    |  +-[SELECT_COLUMNS] SqlNode: ' as col_0_2_'
    |  +-[DOT] DotNode: 'course2_.description' {propertyName=description,dereferenceType=ALL,propertyPath=description,path=co.description,tableAlias=course2_,className=org.hibernate.test.querycache.Course,classAlias=co}
    |  |  +-[ALIAS_REF] IdentNode: 'course2_.courseCode' {alias=co, className=org.hibernate.test.querycache.Course, tableAlias=course2_}
    |  |  \-[IDENT] IdentNode: 'description' {originalText=description}
    |  \-[SELECT_COLUMNS] SqlNode: ' as col_1_0_'
    +-[FROM] FromClause: 'from' FromClause{level=1, fromElementCounter=3, fromElements=3, fromElementByClassAlias=[co, e, st], fromElementByTableAlias=[student1_, enrolment0_, course2_], fromElementsByPath=[e.course, e.student], collectionJoinFromElementsByPath=[], impliedElements=[]}
    |  \-[FROM_FRAGMENT] FromElement: 'Enrolment enrolment0_' FromElement{explicit,not a collection join,not a fetch join,fetch non-lazy properties,classAlias=e,role=null,tableName=Enrolment,tableAlias=enrolment0_,origin=null,columns={,className=org.hibernate.test.querycache.Enrolment}}
    |     +-[JOIN_FRAGMENT] FromElement: 'inner join Student student1_ on enrolment0_.studentId=student1_.studentId' FromElement{explicit,not a collection join,not a fetch join,fetch non-lazy properties,classAlias=st,role=null,tableName=Student,tableAlias=student1_,origin=Enrolment enrolment0_,columns={enrolment0_.studentId ,className=org.hibernate.test.querycache.Student}}
    |     \-[JOIN_FRAGMENT] FromElement: 'inner join Course course2_ on enrolment0_.courseCode=course2_.courseCode' FromElement{explicit,not a collection join,not a fetch join,fetch non-lazy properties,classAlias=co,role=null,tableName=Course,tableAlias=course2_,origin=Enrolment enrolment0_,columns={enrolment0_.courseCode ,className=org.hibernate.test.querycache.Course}}
    \-[ORDER] OrderByClause: 'order'
       \-[DOT] DotNode: 'enrolment0_.studentId' {propertyName=studentNumber,dereferenceType=ALL,propertyPath=studentNumber,path=e.studentNumber,tableAlias=enrolment0_,className=org.hibernate.test.querycache.Enrolment,classAlias=e}
          +-[ALIAS_REF] IdentNode: 'enrolment0_.studentId, enrolment0_.courseCode' {alias=e, className=org.hibernate.test.querycache.Enrolment, tableAlias=enrolment0_}
          \-[IDENT] IdentNode: 'studentNumber' {originalText=studentNumber}

14:18:29,681 DEBUG ErrorCounter:82 - throwQueryException() : no errors
14:18:29,682 DEBUG QueryTranslatorImpl:235 - HQL: select st.name as studentName, co.description as courseDescription from org.hibernate.test.querycache.Enrolment e join e.student st join e.course co order by e.studentNumber
14:18:29,682 DEBUG QueryTranslatorImpl:236 - SQL: select student1_.name_first as col_0_0_, student1_.name_middle as col_0_1_, student1_.name_last as col_0_2_, course2_.description as col_1_0_ from Enrolment enrolment0_ inner join Student student1_ on enrolment0_.studentId=student1_.studentId inner join Course course2_ on enrolment0_.courseCode=course2_.courseCode order by enrolment0_.studentId
14:18:29,682 DEBUG ErrorCounter:82 - throwQueryException() : no errors
14:18:29,682 DEBUG SQL:104 - 
    select
        student1_.name_first as col_0_0_,
        student1_.name_middle as col_0_1_,
        student1_.name_last as col_0_2_,
        course2_.description as col_1_0_ 
    from
        Enrolment enrolment0_ 
    inner join
        Student student1_ 
            on enrolment0_.studentId=student1_.studentId 
    inner join
        Course course2_ 
            on enrolment0_.courseCode=course2_.courseCode 
    order by
        enrolment0_.studentId
14:18:29,693 DEBUG SQL:104 - 
    select
        student1_.name_first as col_0_0_,
        student1_.name_middle as col_0_1_,
        student1_.name_last as col_0_2_,
        course2_.description as col_1_0_ 
    from
        Enrolment enrolment0_ 
    inner join
        Student student1_ 
            on enrolment0_.studentId=student1_.studentId 
    inner join
        Course course2_ 
            on enrolment0_.courseCode=course2_.courseCode 
    order by
        enrolment0_.studentId
14:18:29,693 DEBUG SQL:104 - 
    select
        student_.studentId,
        student_.name_first as name2_4_,
        student_.name_middle as name3_4_,
        student_.name_last as name4_4_,
        student_.preferredCourseCode as preferre5_4_ 
    from
        Student student_ 
    where
        student_.studentId=?
14:18:29,703 DEBUG SQL:104 - 
    select
        enrolment_.studentId,
        enrolment_.courseCode,
        enrolment_.semester as semester3_,
        enrolment_."year" as year4_3_ 
    from
        Enrolment enrolment_ 
    where
        enrolment_.studentId=? 
        and enrolment_.courseCode=?
14:18:29,703 DEBUG SQL:104 - 
    select
        course_.courseCode,
        course_.description as descript2_1_ 
    from
        Course course_ 
    where
        course_.courseCode=?
14:18:29,704 DEBUG SQL:104 - 
    select
        student_.studentId,
        student_.name_first as name2_4_,
        student_.name_middle as name3_4_,
        student_.name_last as name4_4_,
        student_.preferredCourseCode as preferre5_4_ 
    from
        Student student_ 
    where
        student_.studentId=?
14:18:29,713 DEBUG SQL:104 - 
    select
        enrolment_.studentId,
        enrolment_.courseCode,
        enrolment_.semester as semester3_,
        enrolment_."year" as year4_3_ 
    from
        Enrolment enrolment_ 
    where
        enrolment_.studentId=? 
        and enrolment_.courseCode=?
14:18:29,713 DEBUG SQL:104 - 
    select
        coursemeet_.courseCode,
        coursemeet_.day,
        coursemeet_.period,
        coursemeet_.location 
    from
        CourseMeeting coursemeet_ 
    where
        coursemeet_.courseCode=? 
        and coursemeet_.day=? 
        and coursemeet_.period=? 
        and coursemeet_.location=?
14:18:29,714 DEBUG SQL:104 - 
    select
        coursemeet_.courseCode,
        coursemeet_.day,
        coursemeet_.period,
        coursemeet_.location 
    from
        CourseMeeting coursemeet_ 
    where
        coursemeet_.courseCode=? 
        and coursemeet_.day=? 
        and coursemeet_.period=? 
        and coursemeet_.location=?
14:18:29,724 DEBUG BaseGeneralDataRegion:59 - Caching[foo.org.hibernate.cache.spi.UpdateTimestampsCache] : [Enrolment] -> [5579091024789504]
14:18:29,724 DEBUG SQL:104 - 
    update
        Address 
    set
        studentNumber=null,
        addressType=null 
    where
        studentNumber=?
14:18:29,724 DEBUG BaseGeneralDataRegion:59 - Caching[foo.org.hibernate.cache.spi.UpdateTimestampsCache] : [Address] -> [5579091024789505]
14:18:29,724 DEBUG SQL:104 - 
    delete 
    from
        Student_secretCodes 
    where
        studentNumber=?
14:18:29,725 DEBUG BaseGeneralDataRegion:59 - Caching[foo.org.hibernate.cache.spi.UpdateTimestampsCache] : [Student_secretCodes] -> [5579091024793600]
14:18:29,734 DEBUG BaseGeneralDataRegion:59 - Caching[foo.org.hibernate.cache.spi.UpdateTimestampsCache] : [Enrolment] -> [5579091024830464]
14:18:29,734 DEBUG BaseGeneralDataRegion:59 - Caching[foo.org.hibernate.cache.spi.UpdateTimestampsCache] : [Address] -> [5579091024830465]
14:18:29,734 DEBUG SQL:104 - 
    delete 
    from
        Student_secretCodes 
    where
        studentNumber=?
14:18:29,735 DEBUG BaseGeneralDataRegion:59 - Caching[foo.org.hibernate.cache.spi.UpdateTimestampsCache] : [Student_secretCodes] -> [5579091024834560]
14:18:29,735 DEBUG BaseGeneralDataRegion:59 - Caching[foo.org.hibernate.cache.spi.UpdateTimestampsCache] : [CourseMeeting] -> [5579091024834561]
14:18:29,735 DEBUG SQL:104 - 
    delete 
    from
        Enrolment 
    where
        studentId=? 
        and courseCode=?
14:18:29,735 DEBUG BaseGeneralDataRegion:59 - Caching[foo.org.hibernate.cache.spi.UpdateTimestampsCache] : [Enrolment] -> [5579091024834562]
14:18:29,735 DEBUG SQL:104 - 
    delete 
    from
        Address 
    where
        id=?
14:18:29,736 DEBUG BaseGeneralDataRegion:59 - Caching[foo.org.hibernate.cache.spi.UpdateTimestampsCache] : [Address] -> [5579091024838656]
14:18:29,736 DEBUG SQL:104 - 
    delete 
    from
        Address 
    where
        id=?
14:18:29,749 DEBUG BaseGeneralDataRegion:59 - Caching[foo.org.hibernate.cache.spi.UpdateTimestampsCache] : [Address] -> [5579091024891904]
14:18:29,749 DEBUG SQL:104 - 
    delete 
    from
        Student 
    where
        studentId=?
14:18:29,749 DEBUG BaseGeneralDataRegion:59 - Caching[foo.org.hibernate.cache.spi.UpdateTimestampsCache] : [Student] -> [5579091024891905]
14:18:29,749 DEBUG SQL:104 - 
    delete 
    from
        Enrolment 
    where
        studentId=? 
        and courseCode=?
14:18:29,750 DEBUG BaseGeneralDataRegion:59 - Caching[foo.org.hibernate.cache.spi.UpdateTimestampsCache] : [Enrolment] -> [5579091024896000]
14:18:29,750 DEBUG SQL:104 - 
    delete 
    from
        Student 
    where
        studentId=?
14:18:29,750 DEBUG BaseGeneralDataRegion:59 - Caching[foo.org.hibernate.cache.spi.UpdateTimestampsCache] : [Student] -> [5579091024896001]
14:18:29,750 DEBUG SQL:104 - 
    delete 
    from
        CourseMeeting 
    where
        courseCode=? 
        and day=? 
        and period=? 
        and location=?
14:18:29,757 DEBUG BaseGeneralDataRegion:59 - Caching[foo.org.hibernate.cache.spi.UpdateTimestampsCache] : [CourseMeeting] -> [5579091024924672]
14:18:29,758 DEBUG SQL:104 - 
    delete 
    from
        CourseMeeting 
    where
        courseCode=? 
        and day=? 
        and period=? 
        and location=?
14:18:29,758 DEBUG BaseGeneralDataRegion:59 - Caching[foo.org.hibernate.cache.spi.UpdateTimestampsCache] : [CourseMeeting] -> [5579091024928768]
14:18:29,758 DEBUG SQL:104 - 
    delete 
    from
        Course 
    where
        courseCode=?
14:18:29,758 DEBUG BaseGeneralDataRegion:59 - Caching[foo.org.hibernate.cache.spi.UpdateTimestampsCache] : [Course] -> [5579091024928769]
14:18:29,759 DEBUG BaseGeneralDataRegion:59 - Caching[foo.org.hibernate.cache.spi.UpdateTimestampsCache] : [Student] -> [5579090779172864]
14:18:29,759 DEBUG BaseGeneralDataRegion:59 - Caching[foo.org.hibernate.cache.spi.UpdateTimestampsCache] : [Course] -> [5579090779172864]
14:18:29,759 DEBUG BaseGeneralDataRegion:59 - Caching[foo.org.hibernate.cache.spi.UpdateTimestampsCache] : [Enrolment] -> [5579090779172864]
14:18:29,759 DEBUG BaseGeneralDataRegion:59 - Caching[foo.org.hibernate.cache.spi.UpdateTimestampsCache] : [Student_secretCodes] -> [5579090779172864]
14:18:29,760 DEBUG BaseGeneralDataRegion:59 - Caching[foo.org.hibernate.cache.spi.UpdateTimestampsCache] : [Address] -> [5579090779172864]
14:18:29,760 DEBUG BaseGeneralDataRegion:59 - Caching[foo.org.hibernate.cache.spi.UpdateTimestampsCache] : [CourseMeeting] -> [5579090779172864]
14:18:29,761  INFO CustomRunner:139 - Test: testMultiSelectAliasToEntityMapUsingAliasesWithFetchJoinList
14:18:29,762 DEBUG SQL:104 - 
    select
        coursemeet_.courseCode,
        coursemeet_.day,
        coursemeet_.period,
        coursemeet_.location 
    from
        CourseMeeting coursemeet_ 
    where
        coursemeet_.courseCode=? 
        and coursemeet_.day=? 
        and coursemeet_.period=? 
        and coursemeet_.location=?
14:18:29,762 DEBUG SQL:104 - 
    select
        coursemeet_.courseCode,
        coursemeet_.day,
        coursemeet_.period,
        coursemeet_.location 
    from
        CourseMeeting coursemeet_ 
    where
        coursemeet_.courseCode=? 
        and coursemeet_.day=? 
        and coursemeet_.period=? 
        and coursemeet_.location=?
14:18:29,763 DEBUG SQL:104 - 
    insert 
    into
        Course
        (description, courseCode) 
    values
        (?, ?)
14:18:29,773 DEBUG BaseGeneralDataRegion:59 - Caching[foo.org.hibernate.cache.spi.UpdateTimestampsCache] : [Course] -> [5579091024990208]
14:18:29,773 DEBUG SQL:104 - 
    insert 
    into
        CourseMeeting
        (courseCode, day, period, location) 
    values
        (?, ?, ?, ?)
14:18:29,773 DEBUG BaseGeneralDataRegion:59 - Caching[foo.org.hibernate.cache.spi.UpdateTimestampsCache] : [CourseMeeting] -> [5579091024990209]
14:18:29,773 DEBUG SQL:104 - 
    insert 
    into
        CourseMeeting
        (courseCode, day, period, location) 
    values
        (?, ?, ?, ?)
14:18:29,773 DEBUG BaseGeneralDataRegion:59 - Caching[foo.org.hibernate.cache.spi.UpdateTimestampsCache] : [CourseMeeting] -> [5579091024990210]
14:18:29,774 DEBUG SQL:104 - 
    insert 
    into
        Student
        (name_first, name_middle, name_last, preferredCourseCode, studentId) 
    values
        (?, ?, ?, ?, ?)
14:18:29,783 DEBUG BaseGeneralDataRegion:59 - Caching[foo.org.hibernate.cache.spi.UpdateTimestampsCache] : [Student] -> [5579091025031168]
14:18:29,783 DEBUG SQL:104 - 
    insert 
    into
        Address
        (addressType, street, city, stateProvince, postalCode, country, studentNumber, id) 
    values
        (?, ?, ?, ?, ?, ?, ?, ?)
14:18:29,783 DEBUG BaseGeneralDataRegion:59 - Caching[foo.org.hibernate.cache.spi.UpdateTimestampsCache] : [Address] -> [5579091025031169]
14:18:29,783 DEBUG SQL:104 - 
    insert 
    into
        Address
        (addressType, street, city, stateProvince, postalCode, country, studentNumber, id) 
    values
        (?, ?, ?, ?, ?, ?, ?, ?)
14:18:29,784 DEBUG BaseGeneralDataRegion:59 - Caching[foo.org.hibernate.cache.spi.UpdateTimestampsCache] : [Address] -> [5579091025035264]
14:18:29,784 DEBUG SQL:104 - 
    insert 
    into
        Student
        (name_first, name_middle, name_last, preferredCourseCode, studentId) 
    values
        (?, ?, ?, ?, ?)
14:18:29,784 DEBUG BaseGeneralDataRegion:59 - Caching[foo.org.hibernate.cache.spi.UpdateTimestampsCache] : [Student] -> [5579091025035265]
14:18:29,784 DEBUG SQL:104 - 
    insert 
    into
        Enrolment
        (semester, "year", studentId, courseCode) 
    values
        (?, ?, ?, ?)
14:18:29,784 DEBUG BaseGeneralDataRegion:59 - Caching[foo.org.hibernate.cache.spi.UpdateTimestampsCache] : [Enrolment] -> [5579091025035266]
14:18:29,784 DEBUG SQL:104 - 
    insert 
    into
        Enrolment
        (semester, "year", studentId, courseCode) 
    values
        (?, ?, ?, ?)
14:18:29,785 DEBUG BaseGeneralDataRegion:59 - Caching[foo.org.hibernate.cache.spi.UpdateTimestampsCache] : [Enrolment] -> [5579091025039360]
14:18:29,785 DEBUG BaseGeneralDataRegion:59 - Caching[foo.org.hibernate.cache.spi.UpdateTimestampsCache] : [CourseMeeting] -> [5579091025039361]
14:18:29,806 DEBUG BaseGeneralDataRegion:59 - Caching[foo.org.hibernate.cache.spi.UpdateTimestampsCache] : [Enrolment] -> [5579091025125376]
14:18:29,806 DEBUG SQL:104 - 
    update
        Address 
    set
        studentNumber=?,
        addressType=? 
    where
        id=?
14:18:29,807 DEBUG SQL:104 - 
    update
        Address 
    set
        studentNumber=?,
        addressType=? 
    where
        id=?
14:18:29,807 DEBUG BaseGeneralDataRegion:59 - Caching[foo.org.hibernate.cache.spi.UpdateTimestampsCache] : [Address] -> [5579091025129472]
14:18:29,807 DEBUG SQL:104 - 
    insert 
    into
        Student_secretCodes
        (studentNumber, i, secretCode) 
    values
        (?, ?, ?)
14:18:29,807 DEBUG BaseGeneralDataRegion:59 - Caching[foo.org.hibernate.cache.spi.UpdateTimestampsCache] : [Student_secretCodes] -> [5579091025129473]
14:18:29,807 DEBUG BaseGeneralDataRegion:59 - Caching[foo.org.hibernate.cache.spi.UpdateTimestampsCache] : [Enrolment] -> [5579091025129474]
14:18:29,807 DEBUG BaseGeneralDataRegion:59 - Caching[foo.org.hibernate.cache.spi.UpdateTimestampsCache] : [Address] -> [5579091025129475]
14:18:29,808 DEBUG SQL:104 - 
    insert 
    into
        Student_secretCodes
        (studentNumber, i, secretCode) 
    values
        (?, ?, ?)
14:18:29,817 DEBUG SQL:104 - 
    insert 
    into
        Student_secretCodes
        (studentNumber, i, secretCode) 
    values
        (?, ?, ?)
14:18:29,817 DEBUG BaseGeneralDataRegion:59 - Caching[foo.org.hibernate.cache.spi.UpdateTimestampsCache] : [Student_secretCodes] -> [5579091025170432]
14:18:29,818 DEBUG BaseGeneralDataRegion:59 - Caching[foo.org.hibernate.cache.spi.UpdateTimestampsCache] : [Student] -> [5579090779414528]
14:18:29,818 DEBUG BaseGeneralDataRegion:59 - Caching[foo.org.hibernate.cache.spi.UpdateTimestampsCache] : [Course] -> [5579090779414528]
14:18:29,818 DEBUG BaseGeneralDataRegion:59 - Caching[foo.org.hibernate.cache.spi.UpdateTimestampsCache] : [Enrolment] -> [5579090779414528]
14:18:29,818 DEBUG BaseGeneralDataRegion:59 - Caching[foo.org.hibernate.cache.spi.UpdateTimestampsCache] : [Student_secretCodes] -> [5579090779414528]
14:18:29,818 DEBUG BaseGeneralDataRegion:59 - Caching[foo.org.hibernate.cache.spi.UpdateTimestampsCache] : [Address] -> [5579090779414528]
14:18:29,818 DEBUG BaseGeneralDataRegion:59 - Caching[foo.org.hibernate.cache.spi.UpdateTimestampsCache] : [CourseMeeting] -> [5579090779414528]
14:18:29,819 DEBUG QueryTranslatorImpl:265 - parse() - HQL: select s as s, pc as pc from org.hibernate.test.querycache.Student s left join s.preferredCourse pc left join fetch s.enrolments order by s.studentNumber
14:18:29,821 DEBUG QueryTranslatorImpl:283 - --- HQL AST ---
 \-[QUERY] Node: 'query'
    +-[SELECT_FROM] Node: 'SELECT_FROM'
    |  +-[FROM] Node: 'from'
    |  |  +-[RANGE] Node: 'RANGE'
    |  |  |  +-[DOT] Node: '.'
    |  |  |  |  +-[DOT] Node: '.'
    |  |  |  |  |  +-[DOT] Node: '.'
    |  |  |  |  |  |  +-[DOT] Node: '.'
    |  |  |  |  |  |  |  +-[IDENT] Node: 'org'
    |  |  |  |  |  |  |  \-[IDENT] Node: 'hibernate'
    |  |  |  |  |  |  \-[IDENT] Node: 'test'
    |  |  |  |  |  \-[IDENT] Node: 'querycache'
    |  |  |  |  \-[IDENT] Node: 'Student'
    |  |  |  \-[ALIAS] Node: 's'
    |  |  +-[JOIN] Node: 'join'
    |  |  |  +-[LEFT] Node: 'left'
    |  |  |  +-[DOT] Node: '.'
    |  |  |  |  +-[IDENT] Node: 's'
    |  |  |  |  \-[IDENT] Node: 'preferredCourse'
    |  |  |  \-[ALIAS] Node: 'pc'
    |  |  \-[JOIN] Node: 'join'
    |  |     +-[LEFT] Node: 'left'
    |  |     +-[FETCH] Node: 'fetch'
    |  |     \-[DOT] Node: '.'
    |  |        +-[IDENT] Node: 's'
    |  |        \-[IDENT] Node: 'enrolments'
    |  \-[SELECT] Node: 'select'
    |     +-[AS] Node: 'as'
    |     |  +-[IDENT] Node: 's'
    |     |  \-[IDENT] Node: 's'
    |     \-[AS] Node: 'as'
    |        +-[IDENT] Node: 'pc'
    |        \-[IDENT] Node: 'pc'
    \-[ORDER] Node: 'order'
       \-[DOT] Node: '.'
          +-[IDENT] Node: 's'
          \-[IDENT] Node: 'studentNumber'

14:18:29,828 DEBUG ErrorCounter:82 - throwQueryException() : no errors
14:18:29,838 DEBUG FromElement:157 - FromClause{level=1} : org.hibernate.test.querycache.Student (s) -> student0_
14:18:29,838 DEBUG FromReferenceNode:74 - Resolved : s -> student0_.studentId
14:18:29,838 DEBUG DotNode:599 - getDataType() : preferredCourse -> org.hibernate.type.ManyToOneType(org.hibernate.test.querycache.Course)
14:18:29,838 DEBUG DotNode:389 - dereferenceEntityJoin() : generating join for preferredCourse in org.hibernate.test.querycache.Student (pc) parent = [ {null} ]
14:18:29,838 DEBUG FromElement:157 - FromClause{level=1} : org.hibernate.test.querycache.Course (pc) -> course1_
14:18:29,839 DEBUG FromClause:282 - addJoinByPathMap() : s.preferredCourse -> FromElement{explicit,not a collection join,not a fetch join,fetch non-lazy properties,classAlias=pc,role=null,tableName=Course,tableAlias=course1_,origin=Student student0_,columns={student0_.preferredCourseCode ,className=org.hibernate.test.querycache.Course}}
14:18:29,839 DEBUG FromReferenceNode:74 - Resolved : s.preferredCourse -> student0_.preferredCourseCode
14:18:29,839 DEBUG HqlSqlWalker:403 - createFromJoinElement() : -- join tree --
 \-[JOIN_FRAGMENT] FromElement: 'Course course1_' FromElement{explicit,not a collection join,not a fetch join,fetch non-lazy properties,classAlias=pc,role=null,tableName=Course,tableAlias=course1_,origin=Student student0_,columns={student0_.preferredCourseCode ,className=org.hibernate.test.querycache.Course}}

14:18:29,839 DEBUG FromReferenceNode:74 - Resolved : s -> student0_.studentId
14:18:29,839 DEBUG DotNode:599 - getDataType() : enrolments -> org.hibernate.type.SetType(org.hibernate.test.querycache.Student.enrolments)
14:18:29,839 DEBUG FromElementFactory:376 - createEntityAssociation() : One to many - path = s.enrolments role = org.hibernate.test.querycache.Student.enrolments associatedEntityName = org.hibernate.test.querycache.Enrolment
14:18:29,839 DEBUG FromElement:157 - FromClause{level=1} : org.hibernate.test.querycache.Enrolment (<no alias>) -> enrolments2_
14:18:29,840 DEBUG FromClause:282 - addJoinByPathMap() : s.enrolments -> FromElement{explicit,not a collection join,not a fetch join,fetch non-lazy properties,classAlias=null,role=null,tableName=Enrolment,tableAlias=enrolments2_,origin=Student student0_,columns={student0_.studentId ,className=org.hibernate.test.querycache.Enrolment}}
14:18:29,840 DEBUG DotNode:308 - dereferenceCollection() : Created new FROM element for s.enrolments : Enrolment enrolments2_
14:18:29,840 DEBUG FromReferenceNode:74 - Resolved : s.enrolments -> .
14:18:29,840 DEBUG HqlSqlWalker:403 - createFromJoinElement() : -- join tree --
 \-[JOIN_FRAGMENT] FromElement: 'Enrolment enrolments2_' FromElement{explicit,not a collection join,fetch join,fetch non-lazy properties,classAlias=null,role=org.hibernate.test.querycache.Student.enrolments,tableName=Enrolment,tableAlias=enrolments2_,origin=Student student0_,columns={student0_.studentId ,className=org.hibernate.test.querycache.Enrolment}}

14:18:29,840 DEBUG FromReferenceNode:74 - Resolved : s -> student0_.studentId
14:18:29,840 DEBUG FromReferenceNode:74 - Resolved : pc -> course1_.courseCode
14:18:29,840 DEBUG FromReferenceNode:74 - Resolved : s -> student0_.studentId
14:18:29,840 DEBUG DotNode:599 - getDataType() : studentNumber -> org.hibernate.type.LongType@4bf3f9d
14:18:29,841 DEBUG FromReferenceNode:74 - Resolved : s.studentNumber -> student0_.studentId
14:18:29,841 DEBUG HqlSqlWalker:629 - processQuery() :  ( SELECT ( {select clause} student0_.studentId course1_.courseCode ) ( FromClause{level=1} ( Student student0_ Course course1_ Enrolment enrolments2_ ) ) ( order ( student0_.studentId student0_.studentId studentNumber ) ) )
14:18:29,841 DEBUG JoinProcessor:175 - Using FROM fragment [Student student0_]
14:18:29,841 DEBUG JoinProcessor:175 - Using FROM fragment [left outer join Course course1_ on student0_.preferredCourseCode=course1_.courseCode]
14:18:29,841 DEBUG JoinProcessor:175 - Using FROM fragment [left outer join Enrolment enrolments2_ on student0_.studentId=enrolments2_.studentId]
14:18:29,841 DEBUG QueryTranslatorImpl:252 - --- SQL AST ---
 \-[SELECT] QueryNode: 'SELECT'  querySpaces (Student,Course,Enrolment)
    +-[SELECT_CLAUSE] SelectClause: '{select clause}'
    |  +-[ALIAS_REF] IdentNode: 'student0_.studentId as studentId4_0_' {alias=s, className=org.hibernate.test.querycache.Student, tableAlias=student0_}
    |  +-[ALIAS_REF] IdentNode: 'course1_.courseCode as courseCode1_1_' {alias=pc, className=org.hibernate.test.querycache.Course, tableAlias=course1_}
    |  +-[SELECT_EXPR] SelectExpressionImpl: 'enrolments2_.studentId as studentId3_2_, enrolments2_.courseCode as courseCode3_2_' {FromElement{explicit,not a collection join,fetch join,fetch non-lazy properties,classAlias=null,role=org.hibernate.test.querycache.Student.enrolments,tableName=Enrolment,tableAlias=enrolments2_,origin=Student student0_,columns={student0_.studentId ,className=org.hibernate.test.querycache.Enrolment}}}
    |  +-[SQL_TOKEN] SqlFragment: 'student0_.name_first as name2_4_0_, student0_.name_middle as name3_4_0_, student0_.name_last as name4_4_0_, student0_.preferredCourseCode as preferre5_4_0_'
    |  +-[SQL_TOKEN] SqlFragment: 'course1_.description as descript2_1_1_'
    |  +-[SQL_TOKEN] SqlFragment: 'enrolments2_.semester as semester3_2_, enrolments2_."year" as year4_3_2_'
    |  \-[SQL_TOKEN] SqlFragment: 'enrolments2_.studentId as studentId4_0__, enrolments2_.studentId as studentId3_0__, enrolments2_.courseCode as courseCode3_0__'
    +-[FROM] FromClause: 'from' FromClause{level=1, fromElementCounter=3, fromElements=3, fromElementByClassAlias=[s, pc], fromElementByTableAlias=[student0_, enrolments2_, course1_], fromElementsByPath=[s.enrolments, s.preferredCourse], collectionJoinFromElementsByPath=[], impliedElements=[]}
    |  \-[FROM_FRAGMENT] FromElement: 'Student student0_' FromElement{explicit,not a collection join,not a fetch join,fetch non-lazy properties,classAlias=s,role=null,tableName=Student,tableAlias=student0_,origin=null,columns={,className=org.hibernate.test.querycache.Student}}
    |     +-[JOIN_FRAGMENT] FromElement: 'left outer join Course course1_ on student0_.preferredCourseCode=course1_.courseCode' FromElement{explicit,not a collection join,not a fetch join,fetch non-lazy properties,classAlias=pc,role=null,tableName=Course,tableAlias=course1_,origin=Student student0_,columns={student0_.preferredCourseCode ,className=org.hibernate.test.querycache.Course}}
    |     \-[JOIN_FRAGMENT] FromElement: 'left outer join Enrolment enrolments2_ on student0_.studentId=enrolments2_.studentId' FromElement{explicit,not a collection join,fetch join,fetch non-lazy properties,classAlias=null,role=org.hibernate.test.querycache.Student.enrolments,tableName=Enrolment,tableAlias=enrolments2_,origin=Student student0_,columns={student0_.studentId ,className=org.hibernate.test.querycache.Enrolment}}
    \-[ORDER] OrderByClause: 'order'
       \-[DOT] DotNode: 'student0_.studentId' {propertyName=studentNumber,dereferenceType=ALL,propertyPath=studentNumber,path=s.studentNumber,tableAlias=student0_,className=org.hibernate.test.querycache.Student,classAlias=s}
          +-[ALIAS_REF] IdentNode: 'student0_.studentId' {alias=s, className=org.hibernate.test.querycache.Student, tableAlias=student0_}
          \-[IDENT] IdentNode: 'studentNumber' {originalText=studentNumber}

14:18:29,850 DEBUG ErrorCounter:82 - throwQueryException() : no errors
14:18:29,850 DEBUG QueryTranslatorImpl:235 - HQL: select s as s, pc as pc from org.hibernate.test.querycache.Student s left join s.preferredCourse pc left join fetch s.enrolments order by s.studentNumber
14:18:29,850 DEBUG QueryTranslatorImpl:236 - SQL: select student0_.studentId as studentId4_0_, course1_.courseCode as courseCode1_1_, enrolments2_.studentId as studentId3_2_, enrolments2_.courseCode as courseCode3_2_, student0_.name_first as name2_4_0_, student0_.name_middle as name3_4_0_, student0_.name_last as name4_4_0_, student0_.preferredCourseCode as preferre5_4_0_, course1_.description as descript2_1_1_, enrolments2_.semester as semester3_2_, enrolments2_."year" as year4_3_2_, enrolments2_.studentId as studentId4_0__, enrolments2_.studentId as studentId3_0__, enrolments2_.courseCode as courseCode3_0__ from Student student0_ left outer join Course course1_ on student0_.preferredCourseCode=course1_.courseCode left outer join Enrolment enrolments2_ on student0_.studentId=enrolments2_.studentId order by student0_.studentId
14:18:29,850 DEBUG ErrorCounter:82 - throwQueryException() : no errors
14:18:29,851 DEBUG SQL:104 - 
    select
        student0_.studentId as studentId4_0_,
        course1_.courseCode as courseCode1_1_,
        enrolments2_.studentId as studentId3_2_,
        enrolments2_.courseCode as courseCode3_2_,
        student0_.name_first as name2_4_0_,
        student0_.name_middle as name3_4_0_,
        student0_.name_last as name4_4_0_,
        student0_.preferredCourseCode as preferre5_4_0_,
        course1_.description as descript2_1_1_,
        enrolments2_.semester as semester3_2_,
        enrolments2_."year" as year4_3_2_,
        enrolments2_.studentId as studentId4_0__,
        enrolments2_.studentId as studentId3_0__,
        enrolments2_.courseCode as courseCode3_0__ 
    from
        Student student0_ 
    left outer join
        Course course1_ 
            on student0_.preferredCourseCode=course1_.courseCode 
    left outer join
        Enrolment enrolments2_ 
            on student0_.studentId=enrolments2_.studentId 
    order by
        student0_.studentId
14:18:29,861 DEBUG SQL:104 - 
    select
        secretcode0_.studentNumber as studentN1_4_0_,
        secretcode0_.secretCode as secretCode5_0_,
        secretcode0_.i as i0_ 
    from
        Student_secretCodes secretcode0_ 
    where
        secretcode0_.studentNumber=?
14:18:29,862 DEBUG SQL:104 - 
    select
        coursemeet0_.courseCode as courseCode1_1_,
        coursemeet0_.courseCode as courseCode2_1_,
        coursemeet0_.day as day2_1_,
        coursemeet0_.period as period2_1_,
        coursemeet0_.location as location2_1_,
        coursemeet0_.courseCode as courseCode2_0_,
        coursemeet0_.day as day2_0_,
        coursemeet0_.period as period2_0_,
        coursemeet0_.location as location2_0_ 
    from
        CourseMeeting coursemeet0_ 
    where
        coursemeet0_.courseCode=?
14:18:29,871 DEBUG SQL:104 - 
    select
        secretcode0_.studentNumber as studentN1_4_0_,
        secretcode0_.secretCode as secretCode5_0_,
        secretcode0_.i as i0_ 
    from
        Student_secretCodes secretcode0_ 
    where
        secretcode0_.studentNumber=?
14:18:29,872 DEBUG SQL:104 - 
    select
        student0_.studentId as studentId4_0_,
        course1_.courseCode as courseCode1_1_,
        enrolments2_.studentId as studentId3_2_,
        enrolments2_.courseCode as courseCode3_2_,
        student0_.name_first as name2_4_0_,
        student0_.name_middle as name3_4_0_,
        student0_.name_last as name4_4_0_,
        student0_.preferredCourseCode as preferre5_4_0_,
        course1_.description as descript2_1_1_,
        enrolments2_.semester as semester3_2_,
        enrolments2_."year" as year4_3_2_,
        enrolments2_.studentId as studentId4_0__,
        enrolments2_.studentId as studentId3_0__,
        enrolments2_.courseCode as courseCode3_0__ 
    from
        Student student0_ 
    left outer join
        Course course1_ 
            on student0_.preferredCourseCode=course1_.courseCode 
    left outer join
        Enrolment enrolments2_ 
            on student0_.studentId=enrolments2_.studentId 
    order by
        student0_.studentId
14:18:29,882 DEBUG SQL:104 - 
    select
        secretcode0_.studentNumber as studentN1_4_0_,
        secretcode0_.secretCode as secretCode5_0_,
        secretcode0_.i as i0_ 
    from
        Student_secretCodes secretcode0_ 
    where
        secretcode0_.studentNumber=?
14:18:29,883 DEBUG SQL:104 - 
    select
        coursemeet0_.courseCode as courseCode1_1_,
        coursemeet0_.courseCode as courseCode2_1_,
        coursemeet0_.day as day2_1_,
        coursemeet0_.period as period2_1_,
        coursemeet0_.location as location2_1_,
        coursemeet0_.courseCode as courseCode2_0_,
        coursemeet0_.day as day2_0_,
        coursemeet0_.period as period2_0_,
        coursemeet0_.location as location2_0_ 
    from
        CourseMeeting coursemeet0_ 
    where
        coursemeet0_.courseCode=?
14:18:29,883 DEBUG SQL:104 - 
    select
        secretcode0_.studentNumber as studentN1_4_0_,
        secretcode0_.secretCode as secretCode5_0_,
        secretcode0_.i as i0_ 
    from
        Student_secretCodes secretcode0_ 
    where
        secretcode0_.studentNumber=?
14:18:29,884 DEBUG SQL:104 - 
    select
        student_.studentId,
        student_.name_first as name2_4_,
        student_.name_middle as name3_4_,
        student_.name_last as name4_4_,
        student_.preferredCourseCode as preferre5_4_ 
    from
        Student student_ 
    where
        student_.studentId=?
14:18:29,894 DEBUG SQL:104 - 
    select
        enrolment_.studentId,
        enrolment_.courseCode,
        enrolment_.semester as semester3_,
        enrolment_."year" as year4_3_ 
    from
        Enrolment enrolment_ 
    where
        enrolment_.studentId=? 
        and enrolment_.courseCode=?
14:18:29,894 DEBUG SQL:104 - 
    select
        course_.courseCode,
        course_.description as descript2_1_ 
    from
        Course course_ 
    where
        course_.courseCode=?
14:18:29,895 DEBUG SQL:104 - 
    select
        student_.studentId,
        student_.name_first as name2_4_,
        student_.name_middle as name3_4_,
        student_.name_last as name4_4_,
        student_.preferredCourseCode as preferre5_4_ 
    from
        Student student_ 
    where
        student_.studentId=?
14:18:29,904 DEBUG SQL:104 - 
    select
        enrolment_.studentId,
        enrolment_.courseCode,
        enrolment_.semester as semester3_,
        enrolment_."year" as year4_3_ 
    from
        Enrolment enrolment_ 
    where
        enrolment_.studentId=? 
        and enrolment_.courseCode=?
14:18:29,904 DEBUG SQL:104 - 
    select
        coursemeet_.courseCode,
        coursemeet_.day,
        coursemeet_.period,
        coursemeet_.location 
    from
        CourseMeeting coursemeet_ 
    where
        coursemeet_.courseCode=? 
        and coursemeet_.day=? 
        and coursemeet_.period=? 
        and coursemeet_.location=?
14:18:29,904 DEBUG SQL:104 - 
    select
        coursemeet_.courseCode,
        coursemeet_.day,
        coursemeet_.period,
        coursemeet_.location 
    from
        CourseMeeting coursemeet_ 
    where
        coursemeet_.courseCode=? 
        and coursemeet_.day=? 
        and coursemeet_.period=? 
        and coursemeet_.location=?
14:18:29,905 DEBUG BaseGeneralDataRegion:59 - Caching[foo.org.hibernate.cache.spi.UpdateTimestampsCache] : [Enrolment] -> [5579091025530880]
14:18:29,905 DEBUG SQL:104 - 
    update
        Address 
    set
        studentNumber=null,
        addressType=null 
    where
        studentNumber=?
14:18:29,924 DEBUG BaseGeneralDataRegion:59 - Caching[foo.org.hibernate.cache.spi.UpdateTimestampsCache] : [Address] -> [5579091025608704]
14:18:29,924 DEBUG SQL:104 - 
    delete 
    from
        Student_secretCodes 
    where
        studentNumber=?
14:18:29,924 DEBUG BaseGeneralDataRegion:59 - Caching[foo.org.hibernate.cache.spi.UpdateTimestampsCache] : [Student_secretCodes] -> [5579091025608705]
14:18:29,925 DEBUG BaseGeneralDataRegion:59 - Caching[foo.org.hibernate.cache.spi.UpdateTimestampsCache] : [Enrolment] -> [5579091025612800]
14:18:29,925 DEBUG BaseGeneralDataRegion:59 - Caching[foo.org.hibernate.cache.spi.UpdateTimestampsCache] : [Address] -> [5579091025612801]
14:18:29,925 DEBUG SQL:104 - 
    delete 
    from
        Student_secretCodes 
    where
        studentNumber=?
14:18:29,925 DEBUG BaseGeneralDataRegion:59 - Caching[foo.org.hibernate.cache.spi.UpdateTimestampsCache] : [Student_secretCodes] -> [5579091025612802]
14:18:29,925 DEBUG BaseGeneralDataRegion:59 - Caching[foo.org.hibernate.cache.spi.UpdateTimestampsCache] : [CourseMeeting] -> [5579091025612803]
14:18:29,925 DEBUG SQL:104 - 
    delete 
    from
        Enrolment 
    where
        studentId=? 
        and courseCode=?
14:18:29,925 DEBUG BaseGeneralDataRegion:59 - Caching[foo.org.hibernate.cache.spi.UpdateTimestampsCache] : [Enrolment] -> [5579091025612804]
14:18:29,925 DEBUG SQL:104 - 
    delete 
    from
        Address 
    where
        id=?
14:18:29,935 DEBUG BaseGeneralDataRegion:59 - Caching[foo.org.hibernate.cache.spi.UpdateTimestampsCache] : [Address] -> [5579091025653760]
14:18:29,935 DEBUG SQL:104 - 
    delete 
    from
        Address 
    where
        id=?
14:18:29,936 DEBUG BaseGeneralDataRegion:59 - Caching[foo.org.hibernate.cache.spi.UpdateTimestampsCache] : [Address] -> [5579091025657856]
14:18:29,936 DEBUG SQL:104 - 
    delete 
    from
        Student 
    where
        studentId=?
14:18:29,936 DEBUG BaseGeneralDataRegion:59 - Caching[foo.org.hibernate.cache.spi.UpdateTimestampsCache] : [Student] -> [5579091025657857]
14:18:29,936 DEBUG SQL:104 - 
    delete 
    from
        Enrolment 
    where
        studentId=? 
        and courseCode=?
14:18:29,936 DEBUG BaseGeneralDataRegion:59 - Caching[foo.org.hibernate.cache.spi.UpdateTimestampsCache] : [Enrolment] -> [5579091025657858]
14:18:29,936 DEBUG SQL:104 - 
    delete 
    from
        Student 
    where
        studentId=?
14:18:29,945 DEBUG BaseGeneralDataRegion:59 - Caching[foo.org.hibernate.cache.spi.UpdateTimestampsCache] : [Student] -> [5579091025694720]
14:18:29,945 DEBUG SQL:104 - 
    delete 
    from
        CourseMeeting 
    where
        courseCode=? 
        and day=? 
        and period=? 
        and location=?
14:18:29,945 DEBUG BaseGeneralDataRegion:59 - Caching[foo.org.hibernate.cache.spi.UpdateTimestampsCache] : [CourseMeeting] -> [5579091025694721]
14:18:29,945 DEBUG SQL:104 - 
    delete 
    from
        CourseMeeting 
    where
        courseCode=? 
        and day=? 
        and period=? 
        and location=?
14:18:29,946 DEBUG BaseGeneralDataRegion:59 - Caching[foo.org.hibernate.cache.spi.UpdateTimestampsCache] : [CourseMeeting] -> [5579091025698816]
14:18:29,946 DEBUG SQL:104 - 
    delete 
    from
        Course 
    where
        courseCode=?
14:18:29,956 DEBUG BaseGeneralDataRegion:59 - Caching[foo.org.hibernate.cache.spi.UpdateTimestampsCache] : [Course] -> [5579091025739776]
14:18:29,956 DEBUG BaseGeneralDataRegion:59 - Caching[foo.org.hibernate.cache.spi.UpdateTimestampsCache] : [Student] -> [5579090779979777]
14:18:29,957 DEBUG BaseGeneralDataRegion:59 - Caching[foo.org.hibernate.cache.spi.UpdateTimestampsCache] : [Course] -> [5579090779979777]
14:18:29,957 DEBUG BaseGeneralDataRegion:59 - Caching[foo.org.hibernate.cache.spi.UpdateTimestampsCache] : [Enrolment] -> [5579090779979777]
14:18:29,957 DEBUG BaseGeneralDataRegion:59 - Caching[foo.org.hibernate.cache.spi.UpdateTimestampsCache] : [Student_secretCodes] -> [5579090779979777]
14:18:29,957 DEBUG BaseGeneralDataRegion:59 - Caching[foo.org.hibernate.cache.spi.UpdateTimestampsCache] : [Address] -> [5579090779979777]
14:18:29,957 DEBUG BaseGeneralDataRegion:59 - Caching[foo.org.hibernate.cache.spi.UpdateTimestampsCache] : [CourseMeeting] -> [5579090779979777]
14:18:29,957  INFO CustomRunner:139 - Test: testMultiSelectNewList
14:18:29,958 DEBUG SQL:104 - 
    select
        coursemeet_.courseCode,
        coursemeet_.day,
        coursemeet_.period,
        coursemeet_.location 
    from
        CourseMeeting coursemeet_ 
    where
        coursemeet_.courseCode=? 
        and coursemeet_.day=? 
        and coursemeet_.period=? 
        and coursemeet_.location=?
14:18:29,959 DEBUG SQL:104 - 
    select
        coursemeet_.courseCode,
        coursemeet_.day,
        coursemeet_.period,
        coursemeet_.location 
    from
        CourseMeeting coursemeet_ 
    where
        coursemeet_.courseCode=? 
        and coursemeet_.day=? 
        and coursemeet_.period=? 
        and coursemeet_.location=?
14:18:29,967 DEBUG SQL:104 - 
    insert 
    into
        Course
        (description, courseCode) 
    values
        (?, ?)
14:18:29,967 DEBUG BaseGeneralDataRegion:59 - Caching[foo.org.hibernate.cache.spi.UpdateTimestampsCache] : [Course] -> [5579091025784832]
14:18:29,967 DEBUG SQL:104 - 
    insert 
    into
        CourseMeeting
        (courseCode, day, period, location) 
    values
        (?, ?, ?, ?)
14:18:29,967 DEBUG BaseGeneralDataRegion:59 - Caching[foo.org.hibernate.cache.spi.UpdateTimestampsCache] : [CourseMeeting] -> [5579091025784833]
14:18:29,967 DEBUG SQL:104 - 
    insert 
    into
        CourseMeeting
        (courseCode, day, period, location) 
    values
        (?, ?, ?, ?)
14:18:29,993 DEBUG BaseGeneralDataRegion:59 - Caching[foo.org.hibernate.cache.spi.UpdateTimestampsCache] : [CourseMeeting] -> [5579091025891328]
14:18:29,993 DEBUG SQL:104 - 
    insert 
    into
        Student
        (name_first, name_middle, name_last, preferredCourseCode, studentId) 
    values
        (?, ?, ?, ?, ?)
14:18:29,994 DEBUG BaseGeneralDataRegion:59 - Caching[foo.org.hibernate.cache.spi.UpdateTimestampsCache] : [Student] -> [5579091025895424]
14:18:29,994 DEBUG SQL:104 - 
    insert 
    into
        Address
        (addressType, street, city, stateProvince, postalCode, country, studentNumber, id) 
    values
        (?, ?, ?, ?, ?, ?, ?, ?)
14:18:29,995 DEBUG BaseGeneralDataRegion:59 - Caching[foo.org.hibernate.cache.spi.UpdateTimestampsCache] : [Address] -> [5579091025899520]
14:18:29,995 DEBUG SQL:104 - 
    insert 
    into
        Address
        (addressType, street, city, stateProvince, postalCode, country, studentNumber, id) 
    values
        (?, ?, ?, ?, ?, ?, ?, ?)
14:18:29,996 DEBUG BaseGeneralDataRegion:59 - Caching[foo.org.hibernate.cache.spi.UpdateTimestampsCache] : [Address] -> [5579091025903616]
14:18:29,996 DEBUG SQL:104 - 
    insert 
    into
        Student
        (name_first, name_middle, name_last, preferredCourseCode, studentId) 
    values
        (?, ?, ?, ?, ?)
14:18:29,997 DEBUG BaseGeneralDataRegion:59 - Caching[foo.org.hibernate.cache.spi.UpdateTimestampsCache] : [Student] -> [5579091025907712]
14:18:29,997 DEBUG SQL:104 - 
    insert 
    into
        Enrolment
        (semester, "year", studentId, courseCode) 
    values
        (?, ?, ?, ?)
14:18:29,998 DEBUG BaseGeneralDataRegion:59 - Caching[foo.org.hibernate.cache.spi.UpdateTimestampsCache] : [Enrolment] -> [5579091025911808]
14:18:29,998 DEBUG SQL:104 - 
    insert 
    into
        Enrolment
        (semester, "year", studentId, courseCode) 
    values
        (?, ?, ?, ?)
14:18:29,999 DEBUG BaseGeneralDataRegion:59 - Caching[foo.org.hibernate.cache.spi.UpdateTimestampsCache] : [Enrolment] -> [5579091025915904]
14:18:29,999 DEBUG BaseGeneralDataRegion:59 - Caching[foo.org.hibernate.cache.spi.UpdateTimestampsCache] : [CourseMeeting] -> [5579091025915905]
14:18:29,999 DEBUG BaseGeneralDataRegion:59 - Caching[foo.org.hibernate.cache.spi.UpdateTimestampsCache] : [Enrolment] -> [5579091025915906]
14:18:29,999 DEBUG SQL:104 - 
    update
        Address 
    set
        studentNumber=?,
        addressType=? 
    where
        id=?
14:18:30,000 DEBUG SQL:104 - 
    update
        Address 
    set
        studentNumber=?,
        addressType=? 
    where
        id=?
14:18:30,001 DEBUG BaseGeneralDataRegion:59 - Caching[foo.org.hibernate.cache.spi.UpdateTimestampsCache] : [Address] -> [5579091025924096]
14:18:30,001 DEBUG SQL:104 - 
    insert 
    into
        Student_secretCodes
        (studentNumber, i, secretCode) 
    values
        (?, ?, ?)
14:18:30,001 DEBUG BaseGeneralDataRegion:59 - Caching[foo.org.hibernate.cache.spi.UpdateTimestampsCache] : [Student_secretCodes] -> [5579091025924097]
14:18:30,001 DEBUG BaseGeneralDataRegion:59 - Caching[foo.org.hibernate.cache.spi.UpdateTimestampsCache] : [Enrolment] -> [5579091025924098]
14:18:30,002 DEBUG BaseGeneralDataRegion:59 - Caching[foo.org.hibernate.cache.spi.UpdateTimestampsCache] : [Address] -> [5579091025928192]
14:18:30,002 DEBUG SQL:104 - 
    insert 
    into
        Student_secretCodes
        (studentNumber, i, secretCode) 
    values
        (?, ?, ?)
14:18:30,002 DEBUG SQL:104 - 
    insert 
    into
        Student_secretCodes
        (studentNumber, i, secretCode) 
    values
        (?, ?, ?)
14:18:30,003 DEBUG BaseGeneralDataRegion:59 - Caching[foo.org.hibernate.cache.spi.UpdateTimestampsCache] : [Student_secretCodes] -> [5579091025932288]
14:18:30,003 DEBUG BaseGeneralDataRegion:59 - Caching[foo.org.hibernate.cache.spi.UpdateTimestampsCache] : [Student] -> [5579090780172289]
14:18:30,003 DEBUG BaseGeneralDataRegion:59 - Caching[foo.org.hibernate.cache.spi.UpdateTimestampsCache] : [Course] -> [5579090780172289]
14:18:30,003 DEBUG BaseGeneralDataRegion:59 - Caching[foo.org.hibernate.cache.spi.UpdateTimestampsCache] : [Enrolment] -> [5579090780172289]
14:18:30,004 DEBUG BaseGeneralDataRegion:59 - Caching[foo.org.hibernate.cache.spi.UpdateTimestampsCache] : [Student_secretCodes] -> [5579090780172289]
14:18:30,004 DEBUG BaseGeneralDataRegion:59 - Caching[foo.org.hibernate.cache.spi.UpdateTimestampsCache] : [Address] -> [5579090780172289]
14:18:30,004 DEBUG BaseGeneralDataRegion:59 - Caching[foo.org.hibernate.cache.spi.UpdateTimestampsCache] : [CourseMeeting] -> [5579090780172289]
14:18:30,004 DEBUG QueryTranslatorImpl:265 - parse() - HQL: select new Student(s.studentNumber, s.name) from org.hibernate.test.querycache.Student s order by s.studentNumber
14:18:30,006 DEBUG QueryTranslatorImpl:283 - --- HQL AST ---
 \-[QUERY] Node: 'query'
    +-[SELECT_FROM] Node: 'SELECT_FROM'
    |  +-[FROM] Node: 'from'
    |  |  \-[RANGE] Node: 'RANGE'
    |  |     +-[DOT] Node: '.'
    |  |     |  +-[DOT] Node: '.'
    |  |     |  |  +-[DOT] Node: '.'
    |  |     |  |  |  +-[DOT] Node: '.'
    |  |     |  |  |  |  +-[IDENT] Node: 'org'
    |  |     |  |  |  |  \-[IDENT] Node: 'hibernate'
    |  |     |  |  |  \-[IDENT] Node: 'test'
    |  |     |  |  \-[IDENT] Node: 'querycache'
    |  |     |  \-[IDENT] Node: 'Student'
    |  |     \-[ALIAS] Node: 's'
    |  \-[SELECT] Node: 'select'
    |     \-[CONSTRUCTOR] Node: '('
    |        +-[IDENT] Node: 'Student'
    |        +-[DOT] Node: '.'
    |        |  +-[IDENT] Node: 's'
    |        |  \-[IDENT] Node: 'studentNumber'
    |        \-[DOT] Node: '.'
    |           +-[IDENT] Node: 's'
    |           \-[IDENT] Node: 'name'
    \-[ORDER] Node: 'order'
       \-[DOT] Node: '.'
          +-[IDENT] Node: 's'
          \-[IDENT] Node: 'studentNumber'

14:18:30,020 DEBUG ErrorCounter:82 - throwQueryException() : no errors
14:18:30,021 DEBUG FromElement:157 - FromClause{level=1} : org.hibernate.test.querycache.Student (s) -> student0_
14:18:30,021 DEBUG FromReferenceNode:74 - Resolved : s -> student0_.studentId
14:18:30,021 DEBUG DotNode:599 - getDataType() : studentNumber -> org.hibernate.type.LongType@4bf3f9d
14:18:30,021 DEBUG FromReferenceNode:74 - Resolved : s.studentNumber -> student0_.studentId
14:18:30,021 DEBUG FromReferenceNode:74 - Resolved : s -> student0_.studentId
14:18:30,022 DEBUG DotNode:599 - getDataType() : name -> org.hibernate.type.ComponentType@2b1b8f9d
14:18:30,022 DEBUG DotNode:588 - Terminal propertyPath = [name]
14:18:30,022 DEBUG FromReferenceNode:74 - Resolved : s.name -> student0_.name_first, student0_.name_middle, student0_.name_last
14:18:30,022 DEBUG FromReferenceNode:74 - Resolved : s -> student0_.studentId
14:18:30,022 DEBUG DotNode:599 - getDataType() : studentNumber -> org.hibernate.type.LongType@4bf3f9d
14:18:30,022 DEBUG FromReferenceNode:74 - Resolved : s.studentNumber -> student0_.studentId
14:18:30,022 DEBUG HqlSqlWalker:629 - processQuery() :  ( SELECT ( {select clause} ( ( Student ( student0_.studentId student0_.studentId studentNumber ) ( student0_.name_first, student0_.name_middle, student0_.name_last student0_.studentId name ) ) ) ( FromClause{level=1} Student student0_ ) ( order ( student0_.studentId student0_.studentId studentNumber ) ) )
14:18:30,022 DEBUG JoinProcessor:175 - Using FROM fragment [Student student0_]
14:18:30,023 DEBUG QueryTranslatorImpl:252 - --- SQL AST ---
 \-[SELECT] QueryNode: 'SELECT'  querySpaces (Student)
    +-[SELECT_CLAUSE] SelectClause: '{select clause}'
    |  \-[CONSTRUCTOR] ConstructorNode: '('
    |     +-[IDENT] IdentNode: 'Student' {originalText=Student}
    |     +-[DOT] DotNode: 'student0_.studentId' {propertyName=studentNumber,dereferenceType=ALL,propertyPath=studentNumber,path=s.studentNumber,tableAlias=student0_,className=org.hibernate.test.querycache.Student,classAlias=s}
    |     |  +-[ALIAS_REF] IdentNode: 'student0_.studentId' {alias=s, className=org.hibernate.test.querycache.Student, tableAlias=student0_}
    |     |  \-[IDENT] IdentNode: 'studentNumber' {originalText=studentNumber}
    |     +-[SELECT_COLUMNS] SqlNode: ' as col_0_0_'
    |     +-[DOT] DotNode: 'student0_.name_first' {propertyName=name,dereferenceType=2,propertyPath=name,path=s.name,tableAlias=student0_,className=org.hibernate.test.querycache.Student,classAlias=s}
    |     |  +-[ALIAS_REF] IdentNode: 'student0_.studentId' {alias=s, className=org.hibernate.test.querycache.Student, tableAlias=student0_}
    |     |  \-[IDENT] IdentNode: 'name' {originalText=name}
    |     +-[SELECT_COLUMNS] SqlNode: ' as col_1_0_'
    |     +-[SQL_TOKEN] SqlFragment: 'student0_.name_middle'
    |     +-[SELECT_COLUMNS] SqlNode: ' as col_1_1_'
    |     +-[SQL_TOKEN] SqlFragment: 'student0_.name_last'
    |     \-[SELECT_COLUMNS] SqlNode: ' as col_1_2_'
    +-[FROM] FromClause: 'from' FromClause{level=1, fromElementCounter=1, fromElements=1, fromElementByClassAlias=[s], fromElementByTableAlias=[student0_], fromElementsByPath=[], collectionJoinFromElementsByPath=[], impliedElements=[]}
    |  \-[FROM_FRAGMENT] FromElement: 'Student student0_' FromElement{explicit,not a collection join,not a fetch join,fetch non-lazy properties,classAlias=s,role=null,tableName=Student,tableAlias=student0_,origin=null,columns={,className=org.hibernate.test.querycache.Student}}
    \-[ORDER] OrderByClause: 'order'
       \-[DOT] DotNode: 'student0_.studentId' {propertyName=studentNumber,dereferenceType=ALL,propertyPath=studentNumber,path=s.studentNumber,tableAlias=student0_,className=org.hibernate.test.querycache.Student,classAlias=s}
          +-[ALIAS_REF] IdentNode: 'student0_.studentId' {alias=s, className=org.hibernate.test.querycache.Student, tableAlias=student0_}
          \-[IDENT] IdentNode: 'studentNumber' {originalText=studentNumber}

14:18:30,033 DEBUG ErrorCounter:82 - throwQueryException() : no errors
14:18:30,033 DEBUG QueryTranslatorImpl:235 - HQL: select new Student(s.studentNumber, s.name) from org.hibernate.test.querycache.Student s order by s.studentNumber
14:18:30,033 DEBUG QueryTranslatorImpl:236 - SQL: select student0_.studentId as col_0_0_, student0_.name_first as col_1_0_, student0_.name_middle as col_1_1_, student0_.name_last as col_1_2_ from Student student0_ order by student0_.studentId
14:18:30,033 DEBUG ErrorCounter:82 - throwQueryException() : no errors
14:18:30,033 DEBUG SQL:104 - 
    select
        student0_.studentId as col_0_0_,
        student0_.name_first as col_1_0_,
        student0_.name_middle as col_1_1_,
        student0_.name_last as col_1_2_ 
    from
        Student student0_ 
    order by
        student0_.studentId
14:18:30,034 DEBUG SQL:104 - 
    select
        student0_.studentId as col_0_0_,
        student0_.name_first as col_1_0_,
        student0_.name_middle as col_1_1_,
        student0_.name_last as col_1_2_ 
    from
        Student student0_ 
    order by
        student0_.studentId
14:18:30,043 DEBUG SQL:104 - 
    select
        student_.studentId,
        student_.name_first as name2_4_,
        student_.name_middle as name3_4_,
        student_.name_last as name4_4_,
        student_.preferredCourseCode as preferre5_4_ 
    from
        Student student_ 
    where
        student_.studentId=?
14:18:30,044 DEBUG SQL:104 - 
    select
        enrolment_.studentId,
        enrolment_.courseCode,
        enrolment_.semester as semester3_,
        enrolment_."year" as year4_3_ 
    from
        Enrolment enrolment_ 
    where
        enrolment_.studentId=? 
        and enrolment_.courseCode=?
14:18:30,045 DEBUG SQL:104 - 
    select
        course_.courseCode,
        course_.description as descript2_1_ 
    from
        Course course_ 
    where
        course_.courseCode=?
14:18:30,045 DEBUG SQL:104 - 
    select
        student_.studentId,
        student_.name_first as name2_4_,
        student_.name_middle as name3_4_,
        student_.name_last as name4_4_,
        student_.preferredCourseCode as preferre5_4_ 
    from
        Student student_ 
    where
        student_.studentId=?
14:18:30,067 DEBUG SQL:104 - 
    select
        enrolment_.studentId,
        enrolment_.courseCode,
        enrolment_.semester as semester3_,
        enrolment_."year" as year4_3_ 
    from
        Enrolment enrolment_ 
    where
        enrolment_.studentId=? 
        and enrolment_.courseCode=?
14:18:30,068 DEBUG SQL:104 - 
    select
        coursemeet_.courseCode,
        coursemeet_.day,
        coursemeet_.period,
        coursemeet_.location 
    from
        CourseMeeting coursemeet_ 
    where
        coursemeet_.courseCode=? 
        and coursemeet_.day=? 
        and coursemeet_.period=? 
        and coursemeet_.location=?
14:18:30,069 DEBUG SQL:104 - 
    select
        coursemeet_.courseCode,
        coursemeet_.day,
        coursemeet_.period,
        coursemeet_.location 
    from
        CourseMeeting coursemeet_ 
    where
        coursemeet_.courseCode=? 
        and coursemeet_.day=? 
        and coursemeet_.period=? 
        and coursemeet_.location=?
14:18:30,078 DEBUG BaseGeneralDataRegion:59 - Caching[foo.org.hibernate.cache.spi.UpdateTimestampsCache] : [Enrolment] -> [5579091026239488]
14:18:30,078 DEBUG SQL:104 - 
    update
        Address 
    set
        studentNumber=null,
        addressType=null 
    where
        studentNumber=?
14:18:30,079 DEBUG BaseGeneralDataRegion:59 - Caching[foo.org.hibernate.cache.spi.UpdateTimestampsCache] : [Address] -> [5579091026243584]
14:18:30,079 DEBUG SQL:104 - 
    delete 
    from
        Student_secretCodes 
    where
        studentNumber=?
14:18:30,080 DEBUG BaseGeneralDataRegion:59 - Caching[foo.org.hibernate.cache.spi.UpdateTimestampsCache] : [Student_secretCodes] -> [5579091026243585]
14:18:30,080 DEBUG BaseGeneralDataRegion:59 - Caching[foo.org.hibernate.cache.spi.UpdateTimestampsCache] : [Enrolment] -> [5579091026247680]
14:18:30,080 DEBUG BaseGeneralDataRegion:59 - Caching[foo.org.hibernate.cache.spi.UpdateTimestampsCache] : [Address] -> [5579091026247681]
14:18:30,080 DEBUG SQL:104 - 
    delete 
    from
        Student_secretCodes 
    where
        studentNumber=?
14:18:30,088 DEBUG BaseGeneralDataRegion:59 - Caching[foo.org.hibernate.cache.spi.UpdateTimestampsCache] : [Student_secretCodes] -> [5579091026280448]
14:18:30,088 DEBUG BaseGeneralDataRegion:59 - Caching[foo.org.hibernate.cache.spi.UpdateTimestampsCache] : [CourseMeeting] -> [5579091026280449]
14:18:30,089 DEBUG SQL:104 - 
    delete 
    from
        Enrolment 
    where
        studentId=? 
        and courseCode=?
14:18:30,089 DEBUG BaseGeneralDataRegion:59 - Caching[foo.org.hibernate.cache.spi.UpdateTimestampsCache] : [Enrolment] -> [5579091026284544]
14:18:30,090 DEBUG SQL:104 - 
    delete 
    from
        Address 
    where
        id=?
14:18:30,090 DEBUG BaseGeneralDataRegion:59 - Caching[foo.org.hibernate.cache.spi.UpdateTimestampsCache] : [Address] -> [5579091026288640]
14:18:30,090 DEBUG SQL:104 - 
    delete 
    from
        Address 
    where
        id=?
14:18:30,091 DEBUG BaseGeneralDataRegion:59 - Caching[foo.org.hibernate.cache.spi.UpdateTimestampsCache] : [Address] -> [5579091026292736]
14:18:30,091 DEBUG SQL:104 - 
    delete 
    from
        Student 
    where
        studentId=?
14:18:30,099 DEBUG BaseGeneralDataRegion:59 - Caching[foo.org.hibernate.cache.spi.UpdateTimestampsCache] : [Student] -> [5579091026325504]
14:18:30,099 DEBUG SQL:104 - 
    delete 
    from
        Enrolment 
    where
        studentId=? 
        and courseCode=?
14:18:30,100 DEBUG BaseGeneralDataRegion:59 - Caching[foo.org.hibernate.cache.spi.UpdateTimestampsCache] : [Enrolment] -> [5579091026329600]
14:18:30,100 DEBUG SQL:104 - 
    delete 
    from
        Student 
    where
        studentId=?
14:18:30,100 DEBUG BaseGeneralDataRegion:59 - Caching[foo.org.hibernate.cache.spi.UpdateTimestampsCache] : [Student] -> [5579091026329601]
14:18:30,101 DEBUG SQL:104 - 
    delete 
    from
        CourseMeeting 
    where
        courseCode=? 
        and day=? 
        and period=? 
        and location=?
14:18:30,101 DEBUG BaseGeneralDataRegion:59 - Caching[foo.org.hibernate.cache.spi.UpdateTimestampsCache] : [CourseMeeting] -> [5579091026333696]
14:18:30,101 DEBUG SQL:104 - 
    delete 
    from
        CourseMeeting 
    where
        courseCode=? 
        and day=? 
        and period=? 
        and location=?
14:18:30,110 DEBUG BaseGeneralDataRegion:59 - Caching[foo.org.hibernate.cache.spi.UpdateTimestampsCache] : [CourseMeeting] -> [5579091026370560]
14:18:30,111 DEBUG SQL:104 - 
    delete 
    from
        Course 
    where
        courseCode=?
14:18:30,111 DEBUG BaseGeneralDataRegion:59 - Caching[foo.org.hibernate.cache.spi.UpdateTimestampsCache] : [Course] -> [5579091026374656]
14:18:30,111 DEBUG BaseGeneralDataRegion:59 - Caching[foo.org.hibernate.cache.spi.UpdateTimestampsCache] : [Student] -> [5579090780614657]
14:18:30,111 DEBUG BaseGeneralDataRegion:59 - Caching[foo.org.hibernate.cache.spi.UpdateTimestampsCache] : [Course] -> [5579090780614657]
14:18:30,111 DEBUG BaseGeneralDataRegion:59 - Caching[foo.org.hibernate.cache.spi.UpdateTimestampsCache] : [Enrolment] -> [5579090780614657]
14:18:30,112 DEBUG BaseGeneralDataRegion:59 - Caching[foo.org.hibernate.cache.spi.UpdateTimestampsCache] : [Student_secretCodes] -> [5579090780614657]
14:18:30,112 DEBUG BaseGeneralDataRegion:59 - Caching[foo.org.hibernate.cache.spi.UpdateTimestampsCache] : [Address] -> [5579090780614657]
14:18:30,112 DEBUG BaseGeneralDataRegion:59 - Caching[foo.org.hibernate.cache.spi.UpdateTimestampsCache] : [CourseMeeting] -> [5579090780614657]
14:18:30,113  INFO CustomRunner:139 - Test: testMultiSelectNewListList
14:18:30,114 DEBUG SQL:104 - 
    select
        coursemeet_.courseCode,
        coursemeet_.day,
        coursemeet_.period,
        coursemeet_.location 
    from
        CourseMeeting coursemeet_ 
    where
        coursemeet_.courseCode=? 
        and coursemeet_.day=? 
        and coursemeet_.period=? 
        and coursemeet_.location=?
14:18:30,121 DEBUG SQL:104 - 
    select
        coursemeet_.courseCode,
        coursemeet_.day,
        coursemeet_.period,
        coursemeet_.location 
    from
        CourseMeeting coursemeet_ 
    where
        coursemeet_.courseCode=? 
        and coursemeet_.day=? 
        and coursemeet_.period=? 
        and coursemeet_.location=?
14:18:30,122 DEBUG SQL:104 - 
    insert 
    into
        Course
        (description, courseCode) 
    values
        (?, ?)
14:18:30,132 DEBUG BaseGeneralDataRegion:59 - Caching[foo.org.hibernate.cache.spi.UpdateTimestampsCache] : [Course] -> [5579091026460672]
14:18:30,132 DEBUG SQL:104 - 
    insert 
    into
        CourseMeeting
        (courseCode, day, period, location) 
    values
        (?, ?, ?, ?)
14:18:30,132 DEBUG BaseGeneralDataRegion:59 - Caching[foo.org.hibernate.cache.spi.UpdateTimestampsCache] : [CourseMeeting] -> [5579091026460673]
14:18:30,133 DEBUG SQL:104 - 
    insert 
    into
        CourseMeeting
        (courseCode, day, period, location) 
    values
        (?, ?, ?, ?)
14:18:30,133 DEBUG BaseGeneralDataRegion:59 - Caching[foo.org.hibernate.cache.spi.UpdateTimestampsCache] : [CourseMeeting] -> [5579091026464768]
14:18:30,133 DEBUG SQL:104 - 
    insert 
    into
        Student
        (name_first, name_middle, name_last, preferredCourseCode, studentId) 
    values
        (?, ?, ?, ?, ?)
14:18:30,133 DEBUG BaseGeneralDataRegion:59 - Caching[foo.org.hibernate.cache.spi.UpdateTimestampsCache] : [Student] -> [5579091026464769]
14:18:30,133 DEBUG SQL:104 - 
    insert 
    into
        Address
        (addressType, street, city, stateProvince, postalCode, country, studentNumber, id) 
    values
        (?, ?, ?, ?, ?, ?, ?, ?)
14:18:30,133 DEBUG BaseGeneralDataRegion:59 - Caching[foo.org.hibernate.cache.spi.UpdateTimestampsCache] : [Address] -> [5579091026464770]
14:18:30,133 DEBUG SQL:104 - 
    insert 
    into
        Address
        (addressType, street, city, stateProvince, postalCode, country, studentNumber, id) 
    values
        (?, ?, ?, ?, ?, ?, ?, ?)
14:18:30,134 DEBUG BaseGeneralDataRegion:59 - Caching[foo.org.hibernate.cache.spi.UpdateTimestampsCache] : [Address] -> [5579091026468864]
14:18:30,134 DEBUG SQL:104 - 
    insert 
    into
        Student
        (name_first, name_middle, name_last, preferredCourseCode, studentId) 
    values
        (?, ?, ?, ?, ?)
14:18:30,134 DEBUG BaseGeneralDataRegion:59 - Caching[foo.org.hibernate.cache.spi.UpdateTimestampsCache] : [Student] -> [5579091026468865]
14:18:30,134 DEBUG SQL:104 - 
    insert 
    into
        Enrolment
        (semester, "year", studentId, courseCode) 
    values
        (?, ?, ?, ?)
14:18:30,143 DEBUG BaseGeneralDataRegion:59 - Caching[foo.org.hibernate.cache.spi.UpdateTimestampsCache] : [Enrolment] -> [5579091026505728]
14:18:30,143 DEBUG SQL:104 - 
    insert 
    into
        Enrolment
        (semester, "year", studentId, courseCode) 
    values
        (?, ?, ?, ?)
14:18:30,144 DEBUG BaseGeneralDataRegion:59 - Caching[foo.org.hibernate.cache.spi.UpdateTimestampsCache] : [Enrolment] -> [5579091026509824]
14:18:30,144 DEBUG BaseGeneralDataRegion:59 - Caching[foo.org.hibernate.cache.spi.UpdateTimestampsCache] : [CourseMeeting] -> [5579091026509825]
14:18:30,144 DEBUG BaseGeneralDataRegion:59 - Caching[foo.org.hibernate.cache.spi.UpdateTimestampsCache] : [Enrolment] -> [5579091026509826]
14:18:30,144 DEBUG SQL:104 - 
    update
        Address 
    set
        studentNumber=?,
        addressType=? 
    where
        id=?
14:18:30,144 DEBUG SQL:104 - 
    update
        Address 
    set
        studentNumber=?,
        addressType=? 
    where
        id=?
14:18:30,144 DEBUG BaseGeneralDataRegion:59 - Caching[foo.org.hibernate.cache.spi.UpdateTimestampsCache] : [Address] -> [5579091026509827]
14:18:30,144 DEBUG SQL:104 - 
    insert 
    into
        Student_secretCodes
        (studentNumber, i, secretCode) 
    values
        (?, ?, ?)
14:18:30,153 DEBUG BaseGeneralDataRegion:59 - Caching[foo.org.hibernate.cache.spi.UpdateTimestampsCache] : [Student_secretCodes] -> [5579091026546688]
14:18:30,153 DEBUG BaseGeneralDataRegion:59 - Caching[foo.org.hibernate.cache.spi.UpdateTimestampsCache] : [Enrolment] -> [5579091026546689]
14:18:30,154 DEBUG BaseGeneralDataRegion:59 - Caching[foo.org.hibernate.cache.spi.UpdateTimestampsCache] : [Address] -> [5579091026550784]
14:18:30,154 DEBUG SQL:104 - 
    insert 
    into
        Student_secretCodes
        (studentNumber, i, secretCode) 
    values
        (?, ?, ?)
14:18:30,154 DEBUG SQL:104 - 
    insert 
    into
        Student_secretCodes
        (studentNumber, i, secretCode) 
    values
        (?, ?, ?)
14:18:30,154 DEBUG BaseGeneralDataRegion:59 - Caching[foo.org.hibernate.cache.spi.UpdateTimestampsCache] : [Student_secretCodes] -> [5579091026550785]
14:18:30,154 DEBUG BaseGeneralDataRegion:59 - Caching[foo.org.hibernate.cache.spi.UpdateTimestampsCache] : [Student] -> [5579090780790786]
14:18:30,154 DEBUG BaseGeneralDataRegion:59 - Caching[foo.org.hibernate.cache.spi.UpdateTimestampsCache] : [Course] -> [5579090780790786]
14:18:30,154 DEBUG BaseGeneralDataRegion:59 - Caching[foo.org.hibernate.cache.spi.UpdateTimestampsCache] : [Enrolment] -> [5579090780790786]
14:18:30,154 DEBUG BaseGeneralDataRegion:59 - Caching[foo.org.hibernate.cache.spi.UpdateTimestampsCache] : [Student_secretCodes] -> [5579090780790786]
14:18:30,155 DEBUG BaseGeneralDataRegion:59 - Caching[foo.org.hibernate.cache.spi.UpdateTimestampsCache] : [Address] -> [5579090780790786]
14:18:30,155 DEBUG BaseGeneralDataRegion:59 - Caching[foo.org.hibernate.cache.spi.UpdateTimestampsCache] : [CourseMeeting] -> [5579090780790786]
14:18:30,155 DEBUG QueryTranslatorImpl:265 - parse() - HQL: select new list(s.studentNumber, s.name) from org.hibernate.test.querycache.Student s order by s.studentNumber
14:18:30,157 DEBUG QueryTranslatorImpl:283 - --- HQL AST ---
 \-[QUERY] Node: 'query'
    +-[SELECT_FROM] Node: 'SELECT_FROM'
    |  +-[FROM] Node: 'from'
    |  |  \-[RANGE] Node: 'RANGE'
    |  |     +-[DOT] Node: '.'
    |  |     |  +-[DOT] Node: '.'
    |  |     |  |  +-[DOT] Node: '.'
    |  |     |  |  |  +-[DOT] Node: '.'
    |  |     |  |  |  |  +-[IDENT] Node: 'org'
    |  |     |  |  |  |  \-[IDENT] Node: 'hibernate'
    |  |     |  |  |  \-[IDENT] Node: 'test'
    |  |     |  |  \-[IDENT] Node: 'querycache'
    |  |     |  \-[IDENT] Node: 'Student'
    |  |     \-[ALIAS] Node: 's'
    |  \-[SELECT] Node: 'select'
    |     \-[CONSTRUCTOR] Node: '('
    |        +-[IDENT] Node: 'list'
    |        +-[DOT] Node: '.'
    |        |  +-[IDENT] Node: 's'
    |        |  \-[IDENT] Node: 'studentNumber'
    |        \-[DOT] Node: '.'
    |           +-[IDENT] Node: 's'
    |           \-[IDENT] Node: 'name'
    \-[ORDER] Node: 'order'
       \-[DOT] Node: '.'
          +-[IDENT] Node: 's'
          \-[IDENT] Node: 'studentNumber'

14:18:30,175 DEBUG ErrorCounter:82 - throwQueryException() : no errors
14:18:30,175 DEBUG FromElement:157 - FromClause{level=1} : org.hibernate.test.querycache.Student (s) -> student0_
14:18:30,175 DEBUG FromReferenceNode:74 - Resolved : s -> student0_.studentId
14:18:30,175 DEBUG DotNode:599 - getDataType() : studentNumber -> org.hibernate.type.LongType@4bf3f9d
14:18:30,176 DEBUG FromReferenceNode:74 - Resolved : s.studentNumber -> student0_.studentId
14:18:30,176 DEBUG FromReferenceNode:74 - Resolved : s -> student0_.studentId
14:18:30,176 DEBUG DotNode:599 - getDataType() : name -> org.hibernate.type.ComponentType@2b1b8f9d
14:18:30,176 DEBUG DotNode:588 - Terminal propertyPath = [name]
14:18:30,176 DEBUG FromReferenceNode:74 - Resolved : s.name -> student0_.name_first, student0_.name_middle, student0_.name_last
14:18:30,176 DEBUG FromReferenceNode:74 - Resolved : s -> student0_.studentId
14:18:30,176 DEBUG DotNode:599 - getDataType() : studentNumber -> org.hibernate.type.LongType@4bf3f9d
14:18:30,176 DEBUG FromReferenceNode:74 - Resolved : s.studentNumber -> student0_.studentId
14:18:30,177 DEBUG HqlSqlWalker:629 - processQuery() :  ( SELECT ( {select clause} ( ( list ( student0_.studentId student0_.studentId studentNumber ) ( student0_.name_first, student0_.name_middle, student0_.name_last student0_.studentId name ) ) ) ( FromClause{level=1} Student student0_ ) ( order ( student0_.studentId student0_.studentId studentNumber ) ) )
14:18:30,177 DEBUG JoinProcessor:175 - Using FROM fragment [Student student0_]
14:18:30,177 DEBUG QueryTranslatorImpl:252 - --- SQL AST ---
 \-[SELECT] QueryNode: 'SELECT'  querySpaces (Student)
    +-[SELECT_CLAUSE] SelectClause: '{select clause}'
    |  \-[CONSTRUCTOR] ConstructorNode: '('
    |     +-[IDENT] IdentNode: 'list' {originalText=list}
    |     +-[DOT] DotNode: 'student0_.studentId' {propertyName=studentNumber,dereferenceType=ALL,propertyPath=studentNumber,path=s.studentNumber,tableAlias=student0_,className=org.hibernate.test.querycache.Student,classAlias=s}
    |     |  +-[ALIAS_REF] IdentNode: 'student0_.studentId' {alias=s, className=org.hibernate.test.querycache.Student, tableAlias=student0_}
    |     |  \-[IDENT] IdentNode: 'studentNumber' {originalText=studentNumber}
    |     +-[SELECT_COLUMNS] SqlNode: ' as col_0_0_'
    |     +-[DOT] DotNode: 'student0_.name_first' {propertyName=name,dereferenceType=2,propertyPath=name,path=s.name,tableAlias=student0_,className=org.hibernate.test.querycache.Student,classAlias=s}
    |     |  +-[ALIAS_REF] IdentNode: 'student0_.studentId' {alias=s, className=org.hibernate.test.querycache.Student, tableAlias=student0_}
    |     |  \-[IDENT] IdentNode: 'name' {originalText=name}
    |     +-[SELECT_COLUMNS] SqlNode: ' as col_1_0_'
    |     +-[SQL_TOKEN] SqlFragment: 'student0_.name_middle'
    |     +-[SELECT_COLUMNS] SqlNode: ' as col_1_1_'
    |     +-[SQL_TOKEN] SqlFragment: 'student0_.name_last'
    |     \-[SELECT_COLUMNS] SqlNode: ' as col_1_2_'
    +-[FROM] FromClause: 'from' FromClause{level=1, fromElementCounter=1, fromElements=1, fromElementByClassAlias=[s], fromElementByTableAlias=[student0_], fromElementsByPath=[], collectionJoinFromElementsByPath=[], impliedElements=[]}
    |  \-[FROM_FRAGMENT] FromElement: 'Student student0_' FromElement{explicit,not a collection join,not a fetch join,fetch non-lazy properties,classAlias=s,role=null,tableName=Student,tableAlias=student0_,origin=null,columns={,className=org.hibernate.test.querycache.Student}}
    \-[ORDER] OrderByClause: 'order'
       \-[DOT] DotNode: 'student0_.studentId' {propertyName=studentNumber,dereferenceType=ALL,propertyPath=studentNumber,path=s.studentNumber,tableAlias=student0_,className=org.hibernate.test.querycache.Student,classAlias=s}
          +-[ALIAS_REF] IdentNode: 'student0_.studentId' {alias=s, className=org.hibernate.test.querycache.Student, tableAlias=student0_}
          \-[IDENT] IdentNode: 'studentNumber' {originalText=studentNumber}

14:18:30,186 DEBUG ErrorCounter:82 - throwQueryException() : no errors
14:18:30,186 DEBUG QueryTranslatorImpl:235 - HQL: select new list(s.studentNumber, s.name) from org.hibernate.test.querycache.Student s order by s.studentNumber
14:18:30,186 DEBUG QueryTranslatorImpl:236 - SQL: select student0_.studentId as col_0_0_, student0_.name_first as col_1_0_, student0_.name_middle as col_1_1_, student0_.name_last as col_1_2_ from Student student0_ order by student0_.studentId
14:18:30,186 DEBUG ErrorCounter:82 - throwQueryException() : no errors
14:18:30,186 DEBUG SQL:104 - 
    select
        student0_.studentId as col_0_0_,
        student0_.name_first as col_1_0_,
        student0_.name_middle as col_1_1_,
        student0_.name_last as col_1_2_ 
    from
        Student student0_ 
    order by
        student0_.studentId
14:18:30,196 DEBUG SQL:104 - 
    select
        student0_.studentId as col_0_0_,
        student0_.name_first as col_1_0_,
        student0_.name_middle as col_1_1_,
        student0_.name_last as col_1_2_ 
    from
        Student student0_ 
    order by
        student0_.studentId
14:18:30,196 DEBUG SQL:104 - 
    select
        student_.studentId,
        student_.name_first as name2_4_,
        student_.name_middle as name3_4_,
        student_.name_last as name4_4_,
        student_.preferredCourseCode as preferre5_4_ 
    from
        Student student_ 
    where
        student_.studentId=?
14:18:30,196 DEBUG SQL:104 - 
    select
        enrolment_.studentId,
        enrolment_.courseCode,
        enrolment_.semester as semester3_,
        enrolment_."year" as year4_3_ 
    from
        Enrolment enrolment_ 
    where
        enrolment_.studentId=? 
        and enrolment_.courseCode=?
14:18:30,207 DEBUG SQL:104 - 
    select
        course_.courseCode,
        course_.description as descript2_1_ 
    from
        Course course_ 
    where
        course_.courseCode=?
14:18:30,207 DEBUG SQL:104 - 
    select
        student_.studentId,
        student_.name_first as name2_4_,
        student_.name_middle as name3_4_,
        student_.name_last as name4_4_,
        student_.preferredCourseCode as preferre5_4_ 
    from
        Student student_ 
    where
        student_.studentId=?
14:18:30,207 DEBUG SQL:104 - 
    select
        enrolment_.studentId,
        enrolment_.courseCode,
        enrolment_.semester as semester3_,
        enrolment_."year" as year4_3_ 
    from
        Enrolment enrolment_ 
    where
        enrolment_.studentId=? 
        and enrolment_.courseCode=?
14:18:30,219 DEBUG SQL:104 - 
    select
        coursemeet_.courseCode,
        coursemeet_.day,
        coursemeet_.period,
        coursemeet_.location 
    from
        CourseMeeting coursemeet_ 
    where
        coursemeet_.courseCode=? 
        and coursemeet_.day=? 
        and coursemeet_.period=? 
        and coursemeet_.location=?
14:18:30,219 DEBUG SQL:104 - 
    select
        coursemeet_.courseCode,
        coursemeet_.day,
        coursemeet_.period,
        coursemeet_.location 
    from
        CourseMeeting coursemeet_ 
    where
        coursemeet_.courseCode=? 
        and coursemeet_.day=? 
        and coursemeet_.period=? 
        and coursemeet_.location=?
14:18:30,229 DEBUG BaseGeneralDataRegion:59 - Caching[foo.org.hibernate.cache.spi.UpdateTimestampsCache] : [Enrolment] -> [5579091026857984]
14:18:30,229 DEBUG SQL:104 - 
    update
        Address 
    set
        studentNumber=null,
        addressType=null 
    where
        studentNumber=?
14:18:30,229 DEBUG BaseGeneralDataRegion:59 - Caching[foo.org.hibernate.cache.spi.UpdateTimestampsCache] : [Address] -> [5579091026857985]
14:18:30,229 DEBUG SQL:104 - 
    delete 
    from
        Student_secretCodes 
    where
        studentNumber=?
14:18:30,229 DEBUG BaseGeneralDataRegion:59 - Caching[foo.org.hibernate.cache.spi.UpdateTimestampsCache] : [Student_secretCodes] -> [5579091026857986]
14:18:30,230 DEBUG BaseGeneralDataRegion:59 - Caching[foo.org.hibernate.cache.spi.UpdateTimestampsCache] : [Enrolment] -> [5579091026862080]
14:18:30,230 DEBUG BaseGeneralDataRegion:59 - Caching[foo.org.hibernate.cache.spi.UpdateTimestampsCache] : [Address] -> [5579091026862081]
14:18:30,230 DEBUG SQL:104 - 
    delete 
    from
        Student_secretCodes 
    where
        studentNumber=?
14:18:30,230 DEBUG BaseGeneralDataRegion:59 - Caching[foo.org.hibernate.cache.spi.UpdateTimestampsCache] : [Student_secretCodes] -> [5579091026862082]
14:18:30,239 DEBUG BaseGeneralDataRegion:59 - Caching[foo.org.hibernate.cache.spi.UpdateTimestampsCache] : [CourseMeeting] -> [5579091026898944]
14:18:30,239 DEBUG SQL:104 - 
    delete 
    from
        Enrolment 
    where
        studentId=? 
        and courseCode=?
14:18:30,240 DEBUG BaseGeneralDataRegion:59 - Caching[foo.org.hibernate.cache.spi.UpdateTimestampsCache] : [Enrolment] -> [5579091026903040]
14:18:30,240 DEBUG SQL:104 - 
    delete 
    from
        Address 
    where
        id=?
14:18:30,240 DEBUG BaseGeneralDataRegion:59 - Caching[foo.org.hibernate.cache.spi.UpdateTimestampsCache] : [Address] -> [5579091026903041]
14:18:30,240 DEBUG SQL:104 - 
    delete 
    from
        Address 
    where
        id=?
14:18:30,240 DEBUG BaseGeneralDataRegion:59 - Caching[foo.org.hibernate.cache.spi.UpdateTimestampsCache] : [Address] -> [5579091026903042]
14:18:30,240 DEBUG SQL:104 - 
    delete 
    from
        Student 
    where
        studentId=?
14:18:30,240 DEBUG BaseGeneralDataRegion:59 - Caching[foo.org.hibernate.cache.spi.UpdateTimestampsCache] : [Student] -> [5579091026903043]
14:18:30,250 DEBUG SQL:104 - 
    delete 
    from
        Enrolment 
    where
        studentId=? 
        and courseCode=?
14:18:30,250 DEBUG BaseGeneralDataRegion:59 - Caching[foo.org.hibernate.cache.spi.UpdateTimestampsCache] : [Enrolment] -> [5579091026944000]
14:18:30,250 DEBUG SQL:104 - 
    delete 
    from
        Student 
    where
        studentId=?
14:18:30,251 DEBUG BaseGeneralDataRegion:59 - Caching[foo.org.hibernate.cache.spi.UpdateTimestampsCache] : [Student] -> [5579091026948096]
14:18:30,251 DEBUG SQL:104 - 
    delete 
    from
        CourseMeeting 
    where
        courseCode=? 
        and day=? 
        and period=? 
        and location=?
14:18:30,251 DEBUG BaseGeneralDataRegion:59 - Caching[foo.org.hibernate.cache.spi.UpdateTimestampsCache] : [CourseMeeting] -> [5579091026948097]
14:18:30,251 DEBUG SQL:104 - 
    delete 
    from
        CourseMeeting 
    where
        courseCode=? 
        and day=? 
        and period=? 
        and location=?
14:18:30,260 DEBUG BaseGeneralDataRegion:59 - Caching[foo.org.hibernate.cache.spi.UpdateTimestampsCache] : [CourseMeeting] -> [5579091026984960]
14:18:30,261 DEBUG SQL:104 - 
    delete 
    from
        Course 
    where
        courseCode=?
14:18:30,261 DEBUG BaseGeneralDataRegion:59 - Caching[foo.org.hibernate.cache.spi.UpdateTimestampsCache] : [Course] -> [5579091026989056]
14:18:30,261 DEBUG BaseGeneralDataRegion:59 - Caching[foo.org.hibernate.cache.spi.UpdateTimestampsCache] : [Student] -> [5579090781229057]
14:18:30,261 DEBUG BaseGeneralDataRegion:59 - Caching[foo.org.hibernate.cache.spi.UpdateTimestampsCache] : [Course] -> [5579090781229057]
14:18:30,261 DEBUG BaseGeneralDataRegion:59 - Caching[foo.org.hibernate.cache.spi.UpdateTimestampsCache] : [Enrolment] -> [5579090781229057]
14:18:30,261 DEBUG BaseGeneralDataRegion:59 - Caching[foo.org.hibernate.cache.spi.UpdateTimestampsCache] : [Student_secretCodes] -> [5579090781229057]
14:18:30,261 DEBUG BaseGeneralDataRegion:59 - Caching[foo.org.hibernate.cache.spi.UpdateTimestampsCache] : [Address] -> [5579090781229057]
14:18:30,261 DEBUG BaseGeneralDataRegion:59 - Caching[foo.org.hibernate.cache.spi.UpdateTimestampsCache] : [CourseMeeting] -> [5579090781229057]
14:18:30,262  INFO CustomRunner:139 - Test: testMultiSelectNewMapUsingAliasesList
14:18:30,263 DEBUG SQL:104 - 
    select
        coursemeet_.courseCode,
        coursemeet_.day,
        coursemeet_.period,
        coursemeet_.location 
    from
        CourseMeeting coursemeet_ 
    where
        coursemeet_.courseCode=? 
        and coursemeet_.day=? 
        and coursemeet_.period=? 
        and coursemeet_.location=?
14:18:30,263 DEBUG SQL:104 - 
    select
        coursemeet_.courseCode,
        coursemeet_.day,
        coursemeet_.period,
        coursemeet_.location 
    from
        CourseMeeting coursemeet_ 
    where
        coursemeet_.courseCode=? 
        and coursemeet_.day=? 
        and coursemeet_.period=? 
        and coursemeet_.location=?
14:18:30,264 DEBUG SQL:104 - 
    insert 
    into
        Course
        (description, courseCode) 
    values
        (?, ?)
14:18:30,264 DEBUG BaseGeneralDataRegion:59 - Caching[foo.org.hibernate.cache.spi.UpdateTimestampsCache] : [Course] -> [5579091027001344]
14:18:30,264 DEBUG SQL:104 - 
    insert 
    into
        CourseMeeting
        (courseCode, day, period, location) 
    values
        (?, ?, ?, ?)
14:18:30,273 DEBUG BaseGeneralDataRegion:59 - Caching[foo.org.hibernate.cache.spi.UpdateTimestampsCache] : [CourseMeeting] -> [5579091027038208]
14:18:30,273 DEBUG SQL:104 - 
    insert 
    into
        CourseMeeting
        (courseCode, day, period, location) 
    values
        (?, ?, ?, ?)
14:18:30,273 DEBUG BaseGeneralDataRegion:59 - Caching[foo.org.hibernate.cache.spi.UpdateTimestampsCache] : [CourseMeeting] -> [5579091027038209]
14:18:30,273 DEBUG SQL:104 - 
    insert 
    into
        Student
        (name_first, name_middle, name_last, preferredCourseCode, studentId) 
    values
        (?, ?, ?, ?, ?)
14:18:30,273 DEBUG BaseGeneralDataRegion:59 - Caching[foo.org.hibernate.cache.spi.UpdateTimestampsCache] : [Student] -> [5579091027038210]
14:18:30,274 DEBUG SQL:104 - 
    insert 
    into
        Address
        (addressType, street, city, stateProvince, postalCode, country, studentNumber, id) 
    values
        (?, ?, ?, ?, ?, ?, ?, ?)
14:18:30,274 DEBUG BaseGeneralDataRegion:59 - Caching[foo.org.hibernate.cache.spi.UpdateTimestampsCache] : [Address] -> [5579091027042304]
14:18:30,274 DEBUG SQL:104 - 
    insert 
    into
        Address
        (addressType, street, city, stateProvince, postalCode, country, studentNumber, id) 
    values
        (?, ?, ?, ?, ?, ?, ?, ?)
14:18:30,284 DEBUG BaseGeneralDataRegion:59 - Caching[foo.org.hibernate.cache.spi.UpdateTimestampsCache] : [Address] -> [5579091027083264]
14:18:30,284 DEBUG SQL:104 - 
    insert 
    into
        Student
        (name_first, name_middle, name_last, preferredCourseCode, studentId) 
    values
        (?, ?, ?, ?, ?)
14:18:30,284 DEBUG BaseGeneralDataRegion:59 - Caching[foo.org.hibernate.cache.spi.UpdateTimestampsCache] : [Student] -> [5579091027083265]
14:18:30,285 DEBUG SQL:104 - 
    insert 
    into
        Enrolment
        (semester, "year", studentId, courseCode) 
    values
        (?, ?, ?, ?)
14:18:30,285 DEBUG BaseGeneralDataRegion:59 - Caching[foo.org.hibernate.cache.spi.UpdateTimestampsCache] : [Enrolment] -> [5579091027087360]
14:18:30,285 DEBUG SQL:104 - 
    insert 
    into
        Enrolment
        (semester, "year", studentId, courseCode) 
    values
        (?, ?, ?, ?)
14:18:30,285 DEBUG BaseGeneralDataRegion:59 - Caching[foo.org.hibernate.cache.spi.UpdateTimestampsCache] : [Enrolment] -> [5579091027087361]
14:18:30,285 DEBUG BaseGeneralDataRegion:59 - Caching[foo.org.hibernate.cache.spi.UpdateTimestampsCache] : [CourseMeeting] -> [5579091027087362]
14:18:30,285 DEBUG BaseGeneralDataRegion:59 - Caching[foo.org.hibernate.cache.spi.UpdateTimestampsCache] : [Enrolment] -> [5579091027087363]
14:18:30,285 DEBUG SQL:104 - 
    update
        Address 
    set
        studentNumber=?,
        addressType=? 
    where
        id=?
14:18:30,286 DEBUG SQL:104 - 
    update
        Address 
    set
        studentNumber=?,
        addressType=? 
    where
        id=?
14:18:30,305 DEBUG BaseGeneralDataRegion:59 - Caching[foo.org.hibernate.cache.spi.UpdateTimestampsCache] : [Address] -> [5579091027169280]
14:18:30,306 DEBUG SQL:104 - 
    insert 
    into
        Student_secretCodes
        (studentNumber, i, secretCode) 
    values
        (?, ?, ?)
14:18:30,306 DEBUG BaseGeneralDataRegion:59 - Caching[foo.org.hibernate.cache.spi.UpdateTimestampsCache] : [Student_secretCodes] -> [5579091027173376]
14:18:30,306 DEBUG BaseGeneralDataRegion:59 - Caching[foo.org.hibernate.cache.spi.UpdateTimestampsCache] : [Enrolment] -> [5579091027173377]
14:18:30,306 DEBUG BaseGeneralDataRegion:59 - Caching[foo.org.hibernate.cache.spi.UpdateTimestampsCache] : [Address] -> [5579091027173378]
14:18:30,306 DEBUG SQL:104 - 
    insert 
    into
        Student_secretCodes
        (studentNumber, i, secretCode) 
    values
        (?, ?, ?)
14:18:30,307 DEBUG SQL:104 - 
    insert 
    into
        Student_secretCodes
        (studentNumber, i, secretCode) 
    values
        (?, ?, ?)
14:18:30,307 DEBUG BaseGeneralDataRegion:59 - Caching[foo.org.hibernate.cache.spi.UpdateTimestampsCache] : [Student_secretCodes] -> [5579091027177472]
14:18:30,307 DEBUG BaseGeneralDataRegion:59 - Caching[foo.org.hibernate.cache.spi.UpdateTimestampsCache] : [Student] -> [5579090781417473]
14:18:30,318 DEBUG BaseGeneralDataRegion:59 - Caching[foo.org.hibernate.cache.spi.UpdateTimestampsCache] : [Course] -> [5579090781417473]
14:18:30,318 DEBUG BaseGeneralDataRegion:59 - Caching[foo.org.hibernate.cache.spi.UpdateTimestampsCache] : [Enrolment] -> [5579090781417473]
14:18:30,318 DEBUG BaseGeneralDataRegion:59 - Caching[foo.org.hibernate.cache.spi.UpdateTimestampsCache] : [Student_secretCodes] -> [5579090781417473]
14:18:30,318 DEBUG BaseGeneralDataRegion:59 - Caching[foo.org.hibernate.cache.spi.UpdateTimestampsCache] : [Address] -> [5579090781417473]
14:18:30,318 DEBUG BaseGeneralDataRegion:59 - Caching[foo.org.hibernate.cache.spi.UpdateTimestampsCache] : [CourseMeeting] -> [5579090781417473]
14:18:30,319 DEBUG QueryTranslatorImpl:265 - parse() - HQL: select new map(s.studentNumber as sNumber, s.name as sName) from org.hibernate.test.querycache.Student s order by s.studentNumber
14:18:30,321 DEBUG QueryTranslatorImpl:283 - --- HQL AST ---
 \-[QUERY] Node: 'query'
    +-[SELECT_FROM] Node: 'SELECT_FROM'
    |  +-[FROM] Node: 'from'
    |  |  \-[RANGE] Node: 'RANGE'
    |  |     +-[DOT] Node: '.'
    |  |     |  +-[DOT] Node: '.'
    |  |     |  |  +-[DOT] Node: '.'
    |  |     |  |  |  +-[DOT] Node: '.'
    |  |     |  |  |  |  +-[IDENT] Node: 'org'
    |  |     |  |  |  |  \-[IDENT] Node: 'hibernate'
    |  |     |  |  |  \-[IDENT] Node: 'test'
    |  |     |  |  \-[IDENT] Node: 'querycache'
    |  |     |  \-[IDENT] Node: 'Student'
    |  |     \-[ALIAS] Node: 's'
    |  \-[SELECT] Node: 'select'
    |     \-[CONSTRUCTOR] Node: '('
    |        +-[IDENT] Node: 'map'
    |        +-[AS] Node: 'as'
    |        |  +-[DOT] Node: '.'
    |        |  |  +-[IDENT] Node: 's'
    |        |  |  \-[IDENT] Node: 'studentNumber'
    |        |  \-[IDENT] Node: 'sNumber'
    |        \-[AS] Node: 'as'
    |           +-[DOT] Node: '.'
    |           |  +-[IDENT] Node: 's'
    |           |  \-[IDENT] Node: 'name'
    |           \-[IDENT] Node: 'sName'
    \-[ORDER] Node: 'order'
       \-[DOT] Node: '.'
          +-[IDENT] Node: 's'
          \-[IDENT] Node: 'studentNumber'

14:18:30,333 DEBUG ErrorCounter:82 - throwQueryException() : no errors
14:18:30,334 DEBUG FromElement:157 - FromClause{level=1} : org.hibernate.test.querycache.Student (s) -> student0_
14:18:30,334 DEBUG FromReferenceNode:74 - Resolved : s -> student0_.studentId
14:18:30,334 DEBUG DotNode:599 - getDataType() : studentNumber -> org.hibernate.type.LongType@4bf3f9d
14:18:30,334 DEBUG FromReferenceNode:74 - Resolved : s.studentNumber -> student0_.studentId
14:18:30,334 DEBUG FromReferenceNode:74 - Resolved : s -> student0_.studentId
14:18:30,334 DEBUG DotNode:599 - getDataType() : name -> org.hibernate.type.ComponentType@2b1b8f9d
14:18:30,334 DEBUG DotNode:588 - Terminal propertyPath = [name]
14:18:30,335 DEBUG FromReferenceNode:74 - Resolved : s.name -> student0_.name_first, student0_.name_middle, student0_.name_last
14:18:30,335 DEBUG FromReferenceNode:74 - Resolved : s -> student0_.studentId
14:18:30,335 DEBUG DotNode:599 - getDataType() : studentNumber -> org.hibernate.type.LongType@4bf3f9d
14:18:30,335 DEBUG FromReferenceNode:74 - Resolved : s.studentNumber -> student0_.studentId
14:18:30,335 DEBUG HqlSqlWalker:629 - processQuery() :  ( SELECT ( {select clause} ( ( map ( student0_.studentId student0_.studentId studentNumber ) ( student0_.name_first, student0_.name_middle, student0_.name_last student0_.studentId name ) ) ) ( FromClause{level=1} Student student0_ ) ( order ( student0_.studentId student0_.studentId studentNumber ) ) )
14:18:30,335 DEBUG JoinProcessor:175 - Using FROM fragment [Student student0_]
14:18:30,336 DEBUG QueryTranslatorImpl:252 - --- SQL AST ---
 \-[SELECT] QueryNode: 'SELECT'  querySpaces (Student)
    +-[SELECT_CLAUSE] SelectClause: '{select clause}'
    |  \-[CONSTRUCTOR] ConstructorNode: '('
    |     +-[IDENT] IdentNode: 'map' {originalText=map}
    |     +-[DOT] DotNode: 'student0_.studentId' {propertyName=studentNumber,dereferenceType=ALL,propertyPath=studentNumber,path=s.studentNumber,tableAlias=student0_,className=org.hibernate.test.querycache.Student,classAlias=s}
    |     |  +-[ALIAS_REF] IdentNode: 'student0_.studentId' {alias=s, className=org.hibernate.test.querycache.Student, tableAlias=student0_}
    |     |  \-[IDENT] IdentNode: 'studentNumber' {originalText=studentNumber}
    |     +-[SELECT_COLUMNS] SqlNode: ' as col_0_0_'
    |     +-[DOT] DotNode: 'student0_.name_first' {propertyName=name,dereferenceType=2,propertyPath=name,path=s.name,tableAlias=student0_,className=org.hibernate.test.querycache.Student,classAlias=s}
    |     |  +-[ALIAS_REF] IdentNode: 'student0_.studentId' {alias=s, className=org.hibernate.test.querycache.Student, tableAlias=student0_}
    |     |  \-[IDENT] IdentNode: 'name' {originalText=name}
    |     +-[SELECT_COLUMNS] SqlNode: ' as col_1_0_'
    |     +-[SQL_TOKEN] SqlFragment: 'student0_.name_middle'
    |     +-[SELECT_COLUMNS] SqlNode: ' as col_1_1_'
    |     +-[SQL_TOKEN] SqlFragment: 'student0_.name_last'
    |     \-[SELECT_COLUMNS] SqlNode: ' as col_1_2_'
    +-[FROM] FromClause: 'from' FromClause{level=1, fromElementCounter=1, fromElements=1, fromElementByClassAlias=[s], fromElementByTableAlias=[student0_], fromElementsByPath=[], collectionJoinFromElementsByPath=[], impliedElements=[]}
    |  \-[FROM_FRAGMENT] FromElement: 'Student student0_' FromElement{explicit,not a collection join,not a fetch join,fetch non-lazy properties,classAlias=s,role=null,tableName=Student,tableAlias=student0_,origin=null,columns={,className=org.hibernate.test.querycache.Student}}
    \-[ORDER] OrderByClause: 'order'
       \-[DOT] DotNode: 'student0_.studentId' {propertyName=studentNumber,dereferenceType=ALL,propertyPath=studentNumber,path=s.studentNumber,tableAlias=student0_,className=org.hibernate.test.querycache.Student,classAlias=s}
          +-[ALIAS_REF] IdentNode: 'student0_.studentId' {alias=s, className=org.hibernate.test.querycache.Student, tableAlias=student0_}
          \-[IDENT] IdentNode: 'studentNumber' {originalText=studentNumber}

14:18:30,343 DEBUG ErrorCounter:82 - throwQueryException() : no errors
14:18:30,343 DEBUG QueryTranslatorImpl:235 - HQL: select new map(s.studentNumber as sNumber, s.name as sName) from org.hibernate.test.querycache.Student s order by s.studentNumber
14:18:30,344 DEBUG QueryTranslatorImpl:236 - SQL: select student0_.studentId as col_0_0_, student0_.name_first as col_1_0_, student0_.name_middle as col_1_1_, student0_.name_last as col_1_2_ from Student student0_ order by student0_.studentId
14:18:30,344 DEBUG ErrorCounter:82 - throwQueryException() : no errors
14:18:30,344 DEBUG SQL:104 - 
    select
        student0_.studentId as col_0_0_,
        student0_.name_first as col_1_0_,
        student0_.name_middle as col_1_1_,
        student0_.name_last as col_1_2_ 
    from
        Student student0_ 
    order by
        student0_.studentId
14:18:30,354 DEBUG SQL:104 - 
    select
        student0_.studentId as col_0_0_,
        student0_.name_first as col_1_0_,
        student0_.name_middle as col_1_1_,
        student0_.name_last as col_1_2_ 
    from
        Student student0_ 
    order by
        student0_.studentId
14:18:30,355 DEBUG SQL:104 - 
    select
        student_.studentId,
        student_.name_first as name2_4_,
        student_.name_middle as name3_4_,
        student_.name_last as name4_4_,
        student_.preferredCourseCode as preferre5_4_ 
    from
        Student student_ 
    where
        student_.studentId=?
14:18:30,355 DEBUG SQL:104 - 
    select
        enrolment_.studentId,
        enrolment_.courseCode,
        enrolment_.semester as semester3_,
        enrolment_."year" as year4_3_ 
    from
        Enrolment enrolment_ 
    where
        enrolment_.studentId=? 
        and enrolment_.courseCode=?
14:18:30,363 DEBUG SQL:104 - 
    select
        course_.courseCode,
        course_.description as descript2_1_ 
    from
        Course course_ 
    where
        course_.courseCode=?
14:18:30,364 DEBUG SQL:104 - 
    select
        student_.studentId,
        student_.name_first as name2_4_,
        student_.name_middle as name3_4_,
        student_.name_last as name4_4_,
        student_.preferredCourseCode as preferre5_4_ 
    from
        Student student_ 
    where
        student_.studentId=?
14:18:30,364 DEBUG SQL:104 - 
    select
        enrolment_.studentId,
        enrolment_.courseCode,
        enrolment_.semester as semester3_,
        enrolment_."year" as year4_3_ 
    from
        Enrolment enrolment_ 
    where
        enrolment_.studentId=? 
        and enrolment_.courseCode=?
14:18:30,373 DEBUG SQL:104 - 
    select
        coursemeet_.courseCode,
        coursemeet_.day,
        coursemeet_.period,
        coursemeet_.location 
    from
        CourseMeeting coursemeet_ 
    where
        coursemeet_.courseCode=? 
        and coursemeet_.day=? 
        and coursemeet_.period=? 
        and coursemeet_.location=?
14:18:30,374 DEBUG SQL:104 - 
    select
        coursemeet_.courseCode,
        coursemeet_.day,
        coursemeet_.period,
        coursemeet_.location 
    from
        CourseMeeting coursemeet_ 
    where
        coursemeet_.courseCode=? 
        and coursemeet_.day=? 
        and coursemeet_.period=? 
        and coursemeet_.location=?
14:18:30,385 DEBUG BaseGeneralDataRegion:59 - Caching[foo.org.hibernate.cache.spi.UpdateTimestampsCache] : [Enrolment] -> [5579091027496960]
14:18:30,385 DEBUG SQL:104 - 
    update
        Address 
    set
        studentNumber=null,
        addressType=null 
    where
        studentNumber=?
14:18:30,385 DEBUG BaseGeneralDataRegion:59 - Caching[foo.org.hibernate.cache.spi.UpdateTimestampsCache] : [Address] -> [5579091027496961]
14:18:30,386 DEBUG SQL:104 - 
    delete 
    from
        Student_secretCodes 
    where
        studentNumber=?
14:18:30,386 DEBUG BaseGeneralDataRegion:59 - Caching[foo.org.hibernate.cache.spi.UpdateTimestampsCache] : [Student_secretCodes] -> [5579091027501056]
14:18:30,386 DEBUG BaseGeneralDataRegion:59 - Caching[foo.org.hibernate.cache.spi.UpdateTimestampsCache] : [Enrolment] -> [5579091027501057]
14:18:30,386 DEBUG BaseGeneralDataRegion:59 - Caching[foo.org.hibernate.cache.spi.UpdateTimestampsCache] : [Address] -> [5579091027501058]
14:18:30,386 DEBUG SQL:104 - 
    delete 
    from
        Student_secretCodes 
    where
        studentNumber=?
14:18:30,386 DEBUG BaseGeneralDataRegion:59 - Caching[foo.org.hibernate.cache.spi.UpdateTimestampsCache] : [Student_secretCodes] -> [5579091027501059]
14:18:30,386 DEBUG BaseGeneralDataRegion:59 - Caching[foo.org.hibernate.cache.spi.UpdateTimestampsCache] : [CourseMeeting] -> [5579091027501060]
14:18:30,386 DEBUG SQL:104 - 
    delete 
    from
        Enrolment 
    where
        studentId=? 
        and courseCode=?
14:18:30,387 DEBUG BaseGeneralDataRegion:59 - Caching[foo.org.hibernate.cache.spi.UpdateTimestampsCache] : [Enrolment] -> [5579091027505152]
14:18:30,387 DEBUG SQL:104 - 
    delete 
    from
        Address 
    where
        id=?
14:18:30,387 DEBUG BaseGeneralDataRegion:59 - Caching[foo.org.hibernate.cache.spi.UpdateTimestampsCache] : [Address] -> [5579091027505153]
14:18:30,387 DEBUG SQL:104 - 
    delete 
    from
        Address 
    where
        id=?
14:18:30,387 DEBUG BaseGeneralDataRegion:59 - Caching[foo.org.hibernate.cache.spi.UpdateTimestampsCache] : [Address] -> [5579091027505154]
14:18:30,387 DEBUG SQL:104 - 
    delete 
    from
        Student 
    where
        studentId=?
14:18:30,387 DEBUG BaseGeneralDataRegion:59 - Caching[foo.org.hibernate.cache.spi.UpdateTimestampsCache] : [Student] -> [5579091027505155]
14:18:30,387 DEBUG SQL:104 - 
    delete 
    from
        Enrolment 
    where
        studentId=? 
        and courseCode=?
14:18:30,400 DEBUG BaseGeneralDataRegion:59 - Caching[foo.org.hibernate.cache.spi.UpdateTimestampsCache] : [Enrolment] -> [5579091027558400]
14:18:30,400 DEBUG SQL:104 - 
    delete 
    from
        Student 
    where
        studentId=?
14:18:30,400 DEBUG BaseGeneralDataRegion:59 - Caching[foo.org.hibernate.cache.spi.UpdateTimestampsCache] : [Student] -> [5579091027558401]
14:18:30,400 DEBUG SQL:104 - 
    delete 
    from
        CourseMeeting 
    where
        courseCode=? 
        and day=? 
        and period=? 
        and location=?
14:18:30,401 DEBUG BaseGeneralDataRegion:59 - Caching[foo.org.hibernate.cache.spi.UpdateTimestampsCache] : [CourseMeeting] -> [5579091027562496]
14:18:30,401 DEBUG SQL:104 - 
    delete 
    from
        CourseMeeting 
    where
        courseCode=? 
        and day=? 
        and period=? 
        and location=?
14:18:30,411 DEBUG BaseGeneralDataRegion:59 - Caching[foo.org.hibernate.cache.spi.UpdateTimestampsCache] : [CourseMeeting] -> [5579091027603456]
14:18:30,411 DEBUG SQL:104 - 
    delete 
    from
        Course 
    where
        courseCode=?
14:18:30,411 DEBUG BaseGeneralDataRegion:59 - Caching[foo.org.hibernate.cache.spi.UpdateTimestampsCache] : [Course] -> [5579091027603457]
14:18:30,411 DEBUG BaseGeneralDataRegion:59 - Caching[foo.org.hibernate.cache.spi.UpdateTimestampsCache] : [Student] -> [5579090781843458]
14:18:30,411 DEBUG BaseGeneralDataRegion:59 - Caching[foo.org.hibernate.cache.spi.UpdateTimestampsCache] : [Course] -> [5579090781843458]
14:18:30,412 DEBUG BaseGeneralDataRegion:59 - Caching[foo.org.hibernate.cache.spi.UpdateTimestampsCache] : [Enrolment] -> [5579090781843458]
14:18:30,412 DEBUG BaseGeneralDataRegion:59 - Caching[foo.org.hibernate.cache.spi.UpdateTimestampsCache] : [Student_secretCodes] -> [5579090781843458]
14:18:30,412 DEBUG BaseGeneralDataRegion:59 - Caching[foo.org.hibernate.cache.spi.UpdateTimestampsCache] : [Address] -> [5579090781843458]
14:18:30,412 DEBUG BaseGeneralDataRegion:59 - Caching[foo.org.hibernate.cache.spi.UpdateTimestampsCache] : [CourseMeeting] -> [5579090781843458]
14:18:30,454  INFO CustomRunner:139 - Test: testMultiSelectNewMapUsingAliasesWithFetchJoinList
14:18:30,456 DEBUG SQL:104 - 
    select
        coursemeet_.courseCode,
        coursemeet_.day,
        coursemeet_.period,
        coursemeet_.location 
    from
        CourseMeeting coursemeet_ 
    where
        coursemeet_.courseCode=? 
        and coursemeet_.day=? 
        and coursemeet_.period=? 
        and coursemeet_.location=?
14:18:30,456 DEBUG SQL:104 - 
    select
        coursemeet_.courseCode,
        coursemeet_.day,
        coursemeet_.period,
        coursemeet_.location 
    from
        CourseMeeting coursemeet_ 
    where
        coursemeet_.courseCode=? 
        and coursemeet_.day=? 
        and coursemeet_.period=? 
        and coursemeet_.location=?
14:18:30,457 DEBUG SQL:104 - 
    insert 
    into
        Course
        (description, courseCode) 
    values
        (?, ?)
14:18:30,457 DEBUG BaseGeneralDataRegion:59 - Caching[foo.org.hibernate.cache.spi.UpdateTimestampsCache] : [Course] -> [5579091027791872]
14:18:30,458 DEBUG SQL:104 - 
    insert 
    into
        CourseMeeting
        (courseCode, day, period, location) 
    values
        (?, ?, ?, ?)
14:18:30,458 DEBUG BaseGeneralDataRegion:59 - Caching[foo.org.hibernate.cache.spi.UpdateTimestampsCache] : [CourseMeeting] -> [5579091027795968]
14:18:30,458 DEBUG SQL:104 - 
    insert 
    into
        CourseMeeting
        (courseCode, day, period, location) 
    values
        (?, ?, ?, ?)
14:18:30,458 DEBUG BaseGeneralDataRegion:59 - Caching[foo.org.hibernate.cache.spi.UpdateTimestampsCache] : [CourseMeeting] -> [5579091027795969]
14:18:30,458 DEBUG SQL:104 - 
    insert 
    into
        Student
        (name_first, name_middle, name_last, preferredCourseCode, studentId) 
    values
        (?, ?, ?, ?, ?)
14:18:30,458 DEBUG BaseGeneralDataRegion:59 - Caching[foo.org.hibernate.cache.spi.UpdateTimestampsCache] : [Student] -> [5579091027795970]
14:18:30,458 DEBUG SQL:104 - 
    insert 
    into
        Address
        (addressType, street, city, stateProvince, postalCode, country, studentNumber, id) 
    values
        (?, ?, ?, ?, ?, ?, ?, ?)
14:18:30,459 DEBUG BaseGeneralDataRegion:59 - Caching[foo.org.hibernate.cache.spi.UpdateTimestampsCache] : [Address] -> [5579091027800064]
14:18:30,459 DEBUG SQL:104 - 
    insert 
    into
        Address
        (addressType, street, city, stateProvince, postalCode, country, studentNumber, id) 
    values
        (?, ?, ?, ?, ?, ?, ?, ?)
14:18:30,459 DEBUG BaseGeneralDataRegion:59 - Caching[foo.org.hibernate.cache.spi.UpdateTimestampsCache] : [Address] -> [5579091027800065]
14:18:30,459 DEBUG SQL:104 - 
    insert 
    into
        Student
        (name_first, name_middle, name_last, preferredCourseCode, studentId) 
    values
        (?, ?, ?, ?, ?)
14:18:30,459 DEBUG BaseGeneralDataRegion:59 - Caching[foo.org.hibernate.cache.spi.UpdateTimestampsCache] : [Student] -> [5579091027800066]
14:18:30,459 DEBUG SQL:104 - 
    insert 
    into
        Enrolment
        (semester, "year", studentId, courseCode) 
    values
        (?, ?, ?, ?)
14:18:30,460 DEBUG BaseGeneralDataRegion:59 - Caching[foo.org.hibernate.cache.spi.UpdateTimestampsCache] : [Enrolment] -> [5579091027804160]
14:18:30,460 DEBUG SQL:104 - 
    insert 
    into
        Enrolment
        (semester, "year", studentId, courseCode) 
    values
        (?, ?, ?, ?)
14:18:30,460 DEBUG BaseGeneralDataRegion:59 - Caching[foo.org.hibernate.cache.spi.UpdateTimestampsCache] : [Enrolment] -> [5579091027804161]
14:18:30,460 DEBUG BaseGeneralDataRegion:59 - Caching[foo.org.hibernate.cache.spi.UpdateTimestampsCache] : [CourseMeeting] -> [5579091027804162]
14:18:30,460 DEBUG BaseGeneralDataRegion:59 - Caching[foo.org.hibernate.cache.spi.UpdateTimestampsCache] : [Enrolment] -> [5579091027804163]
14:18:30,460 DEBUG SQL:104 - 
    update
        Address 
    set
        studentNumber=?,
        addressType=? 
    where
        id=?
14:18:30,460 DEBUG SQL:104 - 
    update
        Address 
    set
        studentNumber=?,
        addressType=? 
    where
        id=?
14:18:30,461 DEBUG BaseGeneralDataRegion:59 - Caching[foo.org.hibernate.cache.spi.UpdateTimestampsCache] : [Address] -> [5579091027808256]
14:18:30,461 DEBUG SQL:104 - 
    insert 
    into
        Student_secretCodes
        (studentNumber, i, secretCode) 
    values
        (?, ?, ?)
14:18:30,461 DEBUG BaseGeneralDataRegion:59 - Caching[foo.org.hibernate.cache.spi.UpdateTimestampsCache] : [Student_secretCodes] -> [5579091027808257]
14:18:30,461 DEBUG BaseGeneralDataRegion:59 - Caching[foo.org.hibernate.cache.spi.UpdateTimestampsCache] : [Enrolment] -> [5579091027808258]
14:18:30,461 DEBUG BaseGeneralDataRegion:59 - Caching[foo.org.hibernate.cache.spi.UpdateTimestampsCache] : [Address] -> [5579091027808259]
14:18:30,461 DEBUG SQL:104 - 
    insert 
    into
        Student_secretCodes
        (studentNumber, i, secretCode) 
    values
        (?, ?, ?)
14:18:30,474 DEBUG SQL:104 - 
    insert 
    into
        Student_secretCodes
        (studentNumber, i, secretCode) 
    values
        (?, ?, ?)
14:18:30,475 DEBUG BaseGeneralDataRegion:59 - Caching[foo.org.hibernate.cache.spi.UpdateTimestampsCache] : [Student_secretCodes] -> [5579091027865600]
14:18:30,475 DEBUG BaseGeneralDataRegion:59 - Caching[foo.org.hibernate.cache.spi.UpdateTimestampsCache] : [Student] -> [5579090782105601]
14:18:30,475 DEBUG BaseGeneralDataRegion:59 - Caching[foo.org.hibernate.cache.spi.UpdateTimestampsCache] : [Course] -> [5579090782105601]
14:18:30,475 DEBUG BaseGeneralDataRegion:59 - Caching[foo.org.hibernate.cache.spi.UpdateTimestampsCache] : [Enrolment] -> [5579090782105601]
14:18:30,475 DEBUG BaseGeneralDataRegion:59 - Caching[foo.org.hibernate.cache.spi.UpdateTimestampsCache] : [Student_secretCodes] -> [5579090782105601]
14:18:30,475 DEBUG BaseGeneralDataRegion:59 - Caching[foo.org.hibernate.cache.spi.UpdateTimestampsCache] : [Address] -> [5579090782105601]
14:18:30,475 DEBUG BaseGeneralDataRegion:59 - Caching[foo.org.hibernate.cache.spi.UpdateTimestampsCache] : [CourseMeeting] -> [5579090782105601]
14:18:30,476 DEBUG QueryTranslatorImpl:265 - parse() - HQL: select new map(s as s, pc as pc) from org.hibernate.test.querycache.Student s left join s.preferredCourse pc left join fetch s.enrolments order by s.studentNumber
14:18:30,477 DEBUG QueryTranslatorImpl:283 - --- HQL AST ---
 \-[QUERY] Node: 'query'
    +-[SELECT_FROM] Node: 'SELECT_FROM'
    |  +-[FROM] Node: 'from'
    |  |  +-[RANGE] Node: 'RANGE'
    |  |  |  +-[DOT] Node: '.'
    |  |  |  |  +-[DOT] Node: '.'
    |  |  |  |  |  +-[DOT] Node: '.'
    |  |  |  |  |  |  +-[DOT] Node: '.'
    |  |  |  |  |  |  |  +-[IDENT] Node: 'org'
    |  |  |  |  |  |  |  \-[IDENT] Node: 'hibernate'
    |  |  |  |  |  |  \-[IDENT] Node: 'test'
    |  |  |  |  |  \-[IDENT] Node: 'querycache'
    |  |  |  |  \-[IDENT] Node: 'Student'
    |  |  |  \-[ALIAS] Node: 's'
    |  |  +-[JOIN] Node: 'join'
    |  |  |  +-[LEFT] Node: 'left'
    |  |  |  +-[DOT] Node: '.'
    |  |  |  |  +-[IDENT] Node: 's'
    |  |  |  |  \-[IDENT] Node: 'preferredCourse'
    |  |  |  \-[ALIAS] Node: 'pc'
    |  |  \-[JOIN] Node: 'join'
    |  |     +-[LEFT] Node: 'left'
    |  |     +-[FETCH] Node: 'fetch'
    |  |     \-[DOT] Node: '.'
    |  |        +-[IDENT] Node: 's'
    |  |        \-[IDENT] Node: 'enrolments'
    |  \-[SELECT] Node: 'select'
    |     \-[CONSTRUCTOR] Node: '('
    |        +-[IDENT] Node: 'map'
    |        +-[AS] Node: 'as'
    |        |  +-[IDENT] Node: 's'
    |        |  \-[IDENT] Node: 's'
    |        \-[AS] Node: 'as'
    |           +-[IDENT] Node: 'pc'
    |           \-[IDENT] Node: 'pc'
    \-[ORDER] Node: 'order'
       \-[DOT] Node: '.'
          +-[IDENT] Node: 's'
          \-[IDENT] Node: 'studentNumber'

14:18:30,496 DEBUG ErrorCounter:82 - throwQueryException() : no errors
14:18:30,499 DEBUG FromElement:157 - FromClause{level=1} : org.hibernate.test.querycache.Student (s) -> student0_
14:18:30,500 DEBUG FromReferenceNode:74 - Resolved : s -> student0_.studentId
14:18:30,500 DEBUG DotNode:599 - getDataType() : preferredCourse -> org.hibernate.type.ManyToOneType(org.hibernate.test.querycache.Course)
14:18:30,500 DEBUG DotNode:389 - dereferenceEntityJoin() : generating join for preferredCourse in org.hibernate.test.querycache.Student (pc) parent = [ {null} ]
14:18:30,500 DEBUG FromElement:157 - FromClause{level=1} : org.hibernate.test.querycache.Course (pc) -> course1_
14:18:30,500 DEBUG FromClause:282 - addJoinByPathMap() : s.preferredCourse -> FromElement{explicit,not a collection join,not a fetch join,fetch non-lazy properties,classAlias=pc,role=null,tableName=Course,tableAlias=course1_,origin=Student student0_,columns={student0_.preferredCourseCode ,className=org.hibernate.test.querycache.Course}}
14:18:30,500 DEBUG FromReferenceNode:74 - Resolved : s.preferredCourse -> student0_.preferredCourseCode
14:18:30,501 DEBUG HqlSqlWalker:403 - createFromJoinElement() : -- join tree --
 \-[JOIN_FRAGMENT] FromElement: 'Course course1_' FromElement{explicit,not a collection join,not a fetch join,fetch non-lazy properties,classAlias=pc,role=null,tableName=Course,tableAlias=course1_,origin=Student student0_,columns={student0_.preferredCourseCode ,className=org.hibernate.test.querycache.Course}}

14:18:30,501 DEBUG FromReferenceNode:74 - Resolved : s -> student0_.studentId
14:18:30,501 DEBUG DotNode:599 - getDataType() : enrolments -> org.hibernate.type.SetType(org.hibernate.test.querycache.Student.enrolments)
14:18:30,501 DEBUG FromElementFactory:376 - createEntityAssociation() : One to many - path = s.enrolments role = org.hibernate.test.querycache.Student.enrolments associatedEntityName = org.hibernate.test.querycache.Enrolment
14:18:30,501 DEBUG FromElement:157 - FromClause{level=1} : org.hibernate.test.querycache.Enrolment (<no alias>) -> enrolments2_
14:18:30,501 DEBUG FromClause:282 - addJoinByPathMap() : s.enrolments -> FromElement{explicit,not a collection join,not a fetch join,fetch non-lazy properties,classAlias=null,role=null,tableName=Enrolment,tableAlias=enrolments2_,origin=Student student0_,columns={student0_.studentId ,className=org.hibernate.test.querycache.Enrolment}}
14:18:30,501 DEBUG DotNode:308 - dereferenceCollection() : Created new FROM element for s.enrolments : Enrolment enrolments2_
14:18:30,502 DEBUG FromReferenceNode:74 - Resolved : s.enrolments -> .
14:18:30,502 DEBUG HqlSqlWalker:403 - createFromJoinElement() : -- join tree --
 \-[JOIN_FRAGMENT] FromElement: 'Enrolment enrolments2_' FromElement{explicit,not a collection join,fetch join,fetch non-lazy properties,classAlias=null,role=org.hibernate.test.querycache.Student.enrolments,tableName=Enrolment,tableAlias=enrolments2_,origin=Student student0_,columns={student0_.studentId ,className=org.hibernate.test.querycache.Enrolment}}

14:18:30,502 DEBUG FromReferenceNode:74 - Resolved : s -> student0_.studentId
14:18:30,502 DEBUG FromReferenceNode:74 - Resolved : pc -> course1_.courseCode
14:18:30,502 DEBUG FromReferenceNode:74 - Resolved : s -> student0_.studentId
14:18:30,502 DEBUG DotNode:599 - getDataType() : studentNumber -> org.hibernate.type.LongType@4bf3f9d
14:18:30,502 DEBUG FromReferenceNode:74 - Resolved : s.studentNumber -> student0_.studentId
14:18:30,502 DEBUG HqlSqlWalker:629 - processQuery() :  ( SELECT ( {select clause} ( ( map student0_.studentId course1_.courseCode ) ) ( FromClause{level=1} ( Student student0_ Course course1_ Enrolment enrolments2_ ) ) ( order ( student0_.studentId student0_.studentId studentNumber ) ) )
14:18:30,503  INFO FailureExpectedHandler:73 - Ignoring expected failure [{}] : {}
14:18:30,508  INFO Configuration:706 - HHH000221: Reading mappings from resource: org/hibernate/test/querycache/Enrolment.hbm.xml
14:18:30,516  INFO DriverManagerConnectionProviderImpl:99 - HHH000402: Using Hibernate built-in connection pool (not for production use!)
14:18:30,516  INFO DriverManagerConnectionProviderImpl:135 - HHH000115: Hibernate connection pool size: 5
14:18:30,516  INFO DriverManagerConnectionProviderImpl:138 - HHH000006: Autocommit mode: false
14:18:30,516  INFO DriverManagerConnectionProviderImpl:153 - HHH000401: using driver [org.h2.Driver] at URL [jdbc:h2:mem:db1;DB_CLOSE_DELAY=-1;MVCC=TRUE]
14:18:30,517  INFO DriverManagerConnectionProviderImpl:158 - HHH000046: Connection properties: {user=sa}
14:18:30,517  INFO Dialect:103 - HHH000400: Using dialect: org.hibernate.dialect.H2Dialect
14:18:30,518  INFO LobCreatorBuilder:94 - HHH000423: Disabling contextual LOB creation as JDBC driver reported JDBC version [3] less than 4
14:18:30,519  INFO TransactionFactoryInitiator:66 - HHH000399: Using default transaction strategy (direct JDBC transactions)
14:18:30,519  INFO ASTQueryTranslatorFactory:48 - HHH000397: Using ASTQueryTranslatorFactory
14:18:30,519  WARN CachingRegionFactory:58 - CachingRegionFactory should be only used for testing.
14:18:30,520  INFO UpdateTimestampsCache:61 - HHH000250: Starting update timestamps cache at region: foo.org.hibernate.cache.spi.UpdateTimestampsCache
14:18:30,520  INFO StandardQueryCache:86 - HHH000248: Starting query cache at region: foo.org.hibernate.cache.internal.StandardQueryCache
14:18:30,528  INFO SchemaExport:343 - HHH000227: Running hbm2ddl schema export
14:18:30,529 DEBUG SchemaExport:353 - Import file not found: /import.sql
14:18:30,529 DEBUG SQL:104 - 
    alter table Address 
        drop constraint FK1ED033D47B5C59E1
14:18:30,529 DEBUG SQL:104 - 
    alter table CourseMeeting 
        drop constraint FKC97EED80AEBBC201
14:18:30,530 DEBUG SQL:104 - 
    alter table Enrolment 
        drop constraint FKEB4882C4EC5C133
14:18:30,530 DEBUG SQL:104 - 
    alter table Enrolment 
        drop constraint FKEB4882C4AEBBC201
14:18:30,530 DEBUG SQL:104 - 
    alter table Student 
        drop constraint FKF3371A1B5679E142
14:18:30,530 DEBUG SQL:104 - 
    alter table Student_secretCodes 
        drop constraint FKAF3CA7327B5C59E1
14:18:30,530 DEBUG SQL:104 - 
    drop table Address if exists
14:18:30,531 DEBUG SQL:104 - 
    drop table Course if exists
14:18:30,531 DEBUG SQL:104 - 
    drop table CourseMeeting if exists
14:18:30,531 DEBUG SQL:104 - 
    drop table Enrolment if exists
14:18:30,531 DEBUG SQL:104 - 
    drop table Student if exists
14:18:30,531 DEBUG SQL:104 - 
    drop table Student_secretCodes if exists
14:18:30,532 DEBUG SQL:104 - 
    create table Address (
        id bigint not null,
        addressType varchar(255),
        street varchar(255),
        city varchar(255),
        stateProvince varchar(255),
        postalCode varchar(255),
        country varchar(255),
        studentNumber bigint,
        primary key (id)
    )
14:18:30,532 DEBUG SQL:104 - 
    create table Course (
        courseCode varchar(255) not null,
        description varchar(255),
        primary key (courseCode)
    )
14:18:30,544 DEBUG SQL:104 - 
    create table CourseMeeting (
        courseCode varchar(255) not null,
        day varchar(255) not null,
        period integer not null,
        location varchar(255) not null,
        primary key (courseCode, day, period, location)
    )
14:18:30,544 DEBUG SQL:104 - 
    create table Enrolment (
        studentId bigint not null,
        courseCode varchar(255) not null,
        semester smallint not null,
        "year" smallint not null,
        primary key (studentId, courseCode)
    )
14:18:30,545 DEBUG SQL:104 - 
    create table Student (
        studentId bigint not null,
        name_first varchar(255) not null,
        name_middle varchar(255),
        name_last varchar(255) not null,
        preferredCourseCode varchar(255),
        primary key (studentId)
    )
14:18:30,545 DEBUG SQL:104 - 
    create table Student_secretCodes (
        studentNumber bigint not null,
        secretCode integer,
        i integer not null,
        primary key (studentNumber, i)
    )
14:18:30,555 DEBUG SQL:104 - 
    alter table Address 
        add constraint FK1ED033D47B5C59E1 
        foreign key (studentNumber) 
        references Student
14:18:30,556 DEBUG SQL:104 - 
    alter table CourseMeeting 
        add constraint FKC97EED80AEBBC201 
        foreign key (courseCode) 
        references Course
14:18:30,557 DEBUG SQL:104 - 
    alter table Enrolment 
        add constraint FKEB4882C4EC5C133 
        foreign key (studentId) 
        references Student
14:18:30,557 DEBUG SQL:104 - 
    alter table Enrolment 
        add constraint FKEB4882C4AEBBC201 
        foreign key (courseCode) 
        references Course
14:18:30,558 DEBUG SQL:104 - 
    alter table Student 
        add constraint FKF3371A1B5679E142 
        foreign key (preferredCourseCode) 
        references Course
14:18:30,558 DEBUG SQL:104 - 
    alter table Student_secretCodes 
        add constraint FKAF3CA7327B5C59E1 
        foreign key (studentNumber) 
        references Student
14:18:30,558  INFO SchemaExport:405 - HHH000230: Schema export complete
14:18:30,559  WARN SessionFactoryImpl:1554 - HHH000008: JTASessionContext being used with JDBCTransactionFactory; auto-flush will not operate correctly with getCurrentSession()
14:18:30,559  INFO CustomRunner:139 - Test: testMultiSelectNewWithLiteralList
14:18:30,560 DEBUG SQL:104 - 
    select
        coursemeet_.courseCode,
        coursemeet_.day,
        coursemeet_.period,
        coursemeet_.location 
    from
        CourseMeeting coursemeet_ 
    where
        coursemeet_.courseCode=? 
        and coursemeet_.day=? 
        and coursemeet_.period=? 
        and coursemeet_.location=?
14:18:30,581 DEBUG SQL:104 - 
    select
        coursemeet_.courseCode,
        coursemeet_.day,
        coursemeet_.period,
        coursemeet_.location 
    from
        CourseMeeting coursemeet_ 
    where
        coursemeet_.courseCode=? 
        and coursemeet_.day=? 
        and coursemeet_.period=? 
        and coursemeet_.location=?
14:18:30,582 DEBUG SQL:104 - 
    select
        max(id) 
    from
        Address
14:18:30,583 DEBUG SQL:104 - 
    insert 
    into
        Course
        (description, courseCode) 
    values
        (?, ?)
14:18:30,591 DEBUG BaseGeneralDataRegion:59 - Caching[foo.org.hibernate.cache.spi.UpdateTimestampsCache] : [Course] -> [5579091028340736]
14:18:30,591 DEBUG SQL:104 - 
    insert 
    into
        CourseMeeting
        (courseCode, day, period, location) 
    values
        (?, ?, ?, ?)
14:18:30,592 DEBUG BaseGeneralDataRegion:59 - Caching[foo.org.hibernate.cache.spi.UpdateTimestampsCache] : [CourseMeeting] -> [5579091028344832]
14:18:30,592 DEBUG SQL:104 - 
    insert 
    into
        CourseMeeting
        (courseCode, day, period, location) 
    values
        (?, ?, ?, ?)
14:18:30,592 DEBUG BaseGeneralDataRegion:59 - Caching[foo.org.hibernate.cache.spi.UpdateTimestampsCache] : [CourseMeeting] -> [5579091028344833]
14:18:30,593 DEBUG SQL:104 - 
    insert 
    into
        Student
        (name_first, name_middle, name_last, preferredCourseCode, studentId) 
    values
        (?, ?, ?, ?, ?)
14:18:30,593 DEBUG BaseGeneralDataRegion:59 - Caching[foo.org.hibernate.cache.spi.UpdateTimestampsCache] : [Student] -> [5579091028348928]
14:18:30,593 DEBUG SQL:104 - 
    insert 
    into
        Address
        (addressType, street, city, stateProvince, postalCode, country, studentNumber, id) 
    values
        (?, ?, ?, ?, ?, ?, ?, ?)
14:18:30,602 DEBUG BaseGeneralDataRegion:59 - Caching[foo.org.hibernate.cache.spi.UpdateTimestampsCache] : [Address] -> [5579091028385792]
14:18:30,602 DEBUG SQL:104 - 
    insert 
    into
        Address
        (addressType, street, city, stateProvince, postalCode, country, studentNumber, id) 
    values
        (?, ?, ?, ?, ?, ?, ?, ?)
14:18:30,602 DEBUG BaseGeneralDataRegion:59 - Caching[foo.org.hibernate.cache.spi.UpdateTimestampsCache] : [Address] -> [5579091028385793]
14:18:30,603 DEBUG SQL:104 - 
    insert 
    into
        Student
        (name_first, name_middle, name_last, preferredCourseCode, studentId) 
    values
        (?, ?, ?, ?, ?)
14:18:30,603 DEBUG BaseGeneralDataRegion:59 - Caching[foo.org.hibernate.cache.spi.UpdateTimestampsCache] : [Student] -> [5579091028389888]
14:18:30,603 DEBUG SQL:104 - 
    insert 
    into
        Enrolment
        (semester, "year", studentId, courseCode) 
    values
        (?, ?, ?, ?)
14:18:30,604 DEBUG BaseGeneralDataRegion:59 - Caching[foo.org.hibernate.cache.spi.UpdateTimestampsCache] : [Enrolment] -> [5579091028393984]
14:18:30,612 DEBUG SQL:104 - 
    insert 
    into
        Enrolment
        (semester, "year", studentId, courseCode) 
    values
        (?, ?, ?, ?)
14:18:30,612 DEBUG BaseGeneralDataRegion:59 - Caching[foo.org.hibernate.cache.spi.UpdateTimestampsCache] : [Enrolment] -> [5579091028426752]
14:18:30,613 DEBUG BaseGeneralDataRegion:59 - Caching[foo.org.hibernate.cache.spi.UpdateTimestampsCache] : [CourseMeeting] -> [5579091028430848]
14:18:30,613 DEBUG BaseGeneralDataRegion:59 - Caching[foo.org.hibernate.cache.spi.UpdateTimestampsCache] : [Enrolment] -> [5579091028430849]
14:18:30,613 DEBUG SQL:104 - 
    update
        Address 
    set
        studentNumber=?,
        addressType=? 
    where
        id=?
14:18:30,613 DEBUG SQL:104 - 
    update
        Address 
    set
        studentNumber=?,
        addressType=? 
    where
        id=?
14:18:30,614 DEBUG BaseGeneralDataRegion:59 - Caching[foo.org.hibernate.cache.spi.UpdateTimestampsCache] : [Address] -> [5579091028434944]
14:18:30,614 DEBUG SQL:104 - 
    insert 
    into
        Student_secretCodes
        (studentNumber, i, secretCode) 
    values
        (?, ?, ?)
14:18:30,623 DEBUG BaseGeneralDataRegion:59 - Caching[foo.org.hibernate.cache.spi.UpdateTimestampsCache] : [Student_secretCodes] -> [5579091028471808]
14:18:30,624 DEBUG BaseGeneralDataRegion:59 - Caching[foo.org.hibernate.cache.spi.UpdateTimestampsCache] : [Enrolment] -> [5579091028475904]
14:18:30,624 DEBUG BaseGeneralDataRegion:59 - Caching[foo.org.hibernate.cache.spi.UpdateTimestampsCache] : [Address] -> [5579091028475905]
14:18:30,624 DEBUG SQL:104 - 
    insert 
    into
        Student_secretCodes
        (studentNumber, i, secretCode) 
    values
        (?, ?, ?)
14:18:30,624 DEBUG SQL:104 - 
    insert 
    into
        Student_secretCodes
        (studentNumber, i, secretCode) 
    values
        (?, ?, ?)
14:18:30,624 DEBUG BaseGeneralDataRegion:59 - Caching[foo.org.hibernate.cache.spi.UpdateTimestampsCache] : [Student_secretCodes] -> [5579091028475906]
14:18:30,624 DEBUG BaseGeneralDataRegion:59 - Caching[foo.org.hibernate.cache.spi.UpdateTimestampsCache] : [Student] -> [5579090782715907]
14:18:30,624 DEBUG BaseGeneralDataRegion:59 - Caching[foo.org.hibernate.cache.spi.UpdateTimestampsCache] : [Course] -> [5579090782715907]
14:18:30,625 DEBUG BaseGeneralDataRegion:59 - Caching[foo.org.hibernate.cache.spi.UpdateTimestampsCache] : [Enrolment] -> [5579090782715907]
14:18:30,625 DEBUG BaseGeneralDataRegion:59 - Caching[foo.org.hibernate.cache.spi.UpdateTimestampsCache] : [Student_secretCodes] -> [5579090782715907]
14:18:30,625 DEBUG BaseGeneralDataRegion:59 - Caching[foo.org.hibernate.cache.spi.UpdateTimestampsCache] : [Address] -> [5579090782715907]
14:18:30,625 DEBUG BaseGeneralDataRegion:59 - Caching[foo.org.hibernate.cache.spi.UpdateTimestampsCache] : [CourseMeeting] -> [5579090782715907]
14:18:30,625 DEBUG QueryTranslatorImpl:265 - parse() - HQL: select new Student(555L, s.name) from org.hibernate.test.querycache.Student s order by s.studentNumber
14:18:30,626 DEBUG QueryTranslatorImpl:283 - --- HQL AST ---
 \-[QUERY] Node: 'query'
    +-[SELECT_FROM] Node: 'SELECT_FROM'
    |  +-[FROM] Node: 'from'
    |  |  \-[RANGE] Node: 'RANGE'
    |  |     +-[DOT] Node: '.'
    |  |     |  +-[DOT] Node: '.'
    |  |     |  |  +-[DOT] Node: '.'
    |  |     |  |  |  +-[DOT] Node: '.'
    |  |     |  |  |  |  +-[IDENT] Node: 'org'
    |  |     |  |  |  |  \-[IDENT] Node: 'hibernate'
    |  |     |  |  |  \-[IDENT] Node: 'test'
    |  |     |  |  \-[IDENT] Node: 'querycache'
    |  |     |  \-[IDENT] Node: 'Student'
    |  |     \-[ALIAS] Node: 's'
    |  \-[SELECT] Node: 'select'
    |     \-[CONSTRUCTOR] Node: '('
    |        +-[IDENT] Node: 'Student'
    |        +-[NUM_LONG] Node: '555L'
    |        \-[DOT] Node: '.'
    |           +-[IDENT] Node: 's'
    |           \-[IDENT] Node: 'name'
    \-[ORDER] Node: 'order'
       \-[DOT] Node: '.'
          +-[IDENT] Node: 's'
          \-[IDENT] Node: 'studentNumber'

14:18:30,634 DEBUG ErrorCounter:82 - throwQueryException() : no errors
14:18:30,634 DEBUG FromElement:157 - FromClause{level=1} : org.hibernate.test.querycache.Student (s) -> student0_
14:18:30,634 DEBUG FromReferenceNode:74 - Resolved : s -> student0_.studentId
14:18:30,634 DEBUG DotNode:599 - getDataType() : name -> org.hibernate.type.ComponentType@339cc2da
14:18:30,634 DEBUG DotNode:588 - Terminal propertyPath = [name]
14:18:30,635 DEBUG FromReferenceNode:74 - Resolved : s.name -> student0_.name_first, student0_.name_middle, student0_.name_last
14:18:30,635 DEBUG FromReferenceNode:74 - Resolved : s -> student0_.studentId
14:18:30,635 DEBUG DotNode:599 - getDataType() : studentNumber -> org.hibernate.type.LongType@4bf3f9d
14:18:30,635 DEBUG FromReferenceNode:74 - Resolved : s.studentNumber -> student0_.studentId
14:18:30,635 DEBUG HqlSqlWalker:629 - processQuery() :  ( SELECT ( {select clause} ( ( Student 555 ( student0_.name_first, student0_.name_middle, student0_.name_last student0_.studentId name ) ) ) ( FromClause{level=1} Student student0_ ) ( order ( student0_.studentId student0_.studentId studentNumber ) ) )
14:18:30,636 DEBUG JoinProcessor:175 - Using FROM fragment [Student student0_]
14:18:30,636 DEBUG QueryTranslatorImpl:252 - --- SQL AST ---
 \-[SELECT] QueryNode: 'SELECT'  querySpaces (Student)
    +-[SELECT_CLAUSE] SelectClause: '{select clause}'
    |  \-[CONSTRUCTOR] ConstructorNode: '('
    |     +-[IDENT] IdentNode: 'Student' {originalText=Student}
    |     +-[NUM_LONG] LiteralNode: '555'
    |     +-[SELECT_COLUMNS] SqlNode: ' as col_0_0_'
    |     +-[DOT] DotNode: 'student0_.name_first' {propertyName=name,dereferenceType=2,propertyPath=name,path=s.name,tableAlias=student0_,className=org.hibernate.test.querycache.Student,classAlias=s}
    |     |  +-[ALIAS_REF] IdentNode: 'student0_.studentId' {alias=s, className=org.hibernate.test.querycache.Student, tableAlias=student0_}
    |     |  \-[IDENT] IdentNode: 'name' {originalText=name}
    |     +-[SELECT_COLUMNS] SqlNode: ' as col_1_0_'
    |     +-[SQL_TOKEN] SqlFragment: 'student0_.name_middle'
    |     +-[SELECT_COLUMNS] SqlNode: ' as col_1_1_'
    |     +-[SQL_TOKEN] SqlFragment: 'student0_.name_last'
    |     \-[SELECT_COLUMNS] SqlNode: ' as col_1_2_'
    +-[FROM] FromClause: 'from' FromClause{level=1, fromElementCounter=1, fromElements=1, fromElementByClassAlias=[s], fromElementByTableAlias=[student0_], fromElementsByPath=[], collectionJoinFromElementsByPath=[], impliedElements=[]}
    |  \-[FROM_FRAGMENT] FromElement: 'Student student0_' FromElement{explicit,not a collection join,not a fetch join,fetch non-lazy properties,classAlias=s,role=null,tableName=Student,tableAlias=student0_,origin=null,columns={,className=org.hibernate.test.querycache.Student}}
    \-[ORDER] OrderByClause: 'order'
       \-[DOT] DotNode: 'student0_.studentId' {propertyName=studentNumber,dereferenceType=ALL,propertyPath=studentNumber,path=s.studentNumber,tableAlias=student0_,className=org.hibernate.test.querycache.Student,classAlias=s}
          +-[ALIAS_REF] IdentNode: 'student0_.studentId' {alias=s, className=org.hibernate.test.querycache.Student, tableAlias=student0_}
          \-[IDENT] IdentNode: 'studentNumber' {originalText=studentNumber}

14:18:30,646 DEBUG ErrorCounter:82 - throwQueryException() : no errors
14:18:30,646 DEBUG QueryTranslatorImpl:235 - HQL: select new Student(555L, s.name) from org.hibernate.test.querycache.Student s order by s.studentNumber
14:18:30,646 DEBUG QueryTranslatorImpl:236 - SQL: select 555 as col_0_0_, student0_.name_first as col_1_0_, student0_.name_middle as col_1_1_, student0_.name_last as col_1_2_ from Student student0_ order by student0_.studentId
14:18:30,646 DEBUG ErrorCounter:82 - throwQueryException() : no errors
14:18:30,647 DEBUG SQL:104 - 
    select
        555 as col_0_0_,
        student0_.name_first as col_1_0_,
        student0_.name_middle as col_1_1_,
        student0_.name_last as col_1_2_ 
    from
        Student student0_ 
    order by
        student0_.studentId
14:18:30,647 DEBUG SQL:104 - 
    select
        555 as col_0_0_,
        student0_.name_first as col_1_0_,
        student0_.name_middle as col_1_1_,
        student0_.name_last as col_1_2_ 
    from
        Student student0_ 
    order by
        student0_.studentId
14:18:30,648 DEBUG SQL:104 - 
    select
        student_.studentId,
        student_.name_first as name2_4_,
        student_.name_middle as name3_4_,
        student_.name_last as name4_4_,
        student_.preferredCourseCode as preferre5_4_ 
    from
        Student student_ 
    where
        student_.studentId=?
14:18:30,657 DEBUG SQL:104 - 
    select
        enrolment_.studentId,
        enrolment_.courseCode,
        enrolment_.semester as semester3_,
        enrolment_."year" as year4_3_ 
    from
        Enrolment enrolment_ 
    where
        enrolment_.studentId=? 
        and enrolment_.courseCode=?
14:18:30,657 DEBUG SQL:104 - 
    select
        course_.courseCode,
        course_.description as descript2_1_ 
    from
        Course course_ 
    where
        course_.courseCode=?
14:18:30,658 DEBUG SQL:104 - 
    select
        student_.studentId,
        student_.name_first as name2_4_,
        student_.name_middle as name3_4_,
        student_.name_last as name4_4_,
        student_.preferredCourseCode as preferre5_4_ 
    from
        Student student_ 
    where
        student_.studentId=?
14:18:30,658 DEBUG SQL:104 - 
    select
        enrolment_.studentId,
        enrolment_.courseCode,
        enrolment_.semester as semester3_,
        enrolment_."year" as year4_3_ 
    from
        Enrolment enrolment_ 
    where
        enrolment_.studentId=? 
        and enrolment_.courseCode=?
14:18:30,679 DEBUG SQL:104 - 
    select
        coursemeet_.courseCode,
        coursemeet_.day,
        coursemeet_.period,
        coursemeet_.location 
    from
        CourseMeeting coursemeet_ 
    where
        coursemeet_.courseCode=? 
        and coursemeet_.day=? 
        and coursemeet_.period=? 
        and coursemeet_.location=?
14:18:30,679 DEBUG SQL:104 - 
    select
        coursemeet_.courseCode,
        coursemeet_.day,
        coursemeet_.period,
        coursemeet_.location 
    from
        CourseMeeting coursemeet_ 
    where
        coursemeet_.courseCode=? 
        and coursemeet_.day=? 
        and coursemeet_.period=? 
        and coursemeet_.location=?
14:18:30,680 DEBUG BaseGeneralDataRegion:59 - Caching[foo.org.hibernate.cache.spi.UpdateTimestampsCache] : [Enrolment] -> [5579091028701184]
14:18:30,688 DEBUG SQL:104 - 
    update
        Address 
    set
        studentNumber=null,
        addressType=null 
    where
        studentNumber=?
14:18:30,689 DEBUG BaseGeneralDataRegion:59 - Caching[foo.org.hibernate.cache.spi.UpdateTimestampsCache] : [Address] -> [5579091028742144]
14:18:30,689 DEBUG SQL:104 - 
    delete 
    from
        Student_secretCodes 
    where
        studentNumber=?
14:18:30,689 DEBUG BaseGeneralDataRegion:59 - Caching[foo.org.hibernate.cache.spi.UpdateTimestampsCache] : [Student_secretCodes] -> [5579091028742145]
14:18:30,689 DEBUG BaseGeneralDataRegion:59 - Caching[foo.org.hibernate.cache.spi.UpdateTimestampsCache] : [Enrolment] -> [5579091028742146]
14:18:30,689 DEBUG BaseGeneralDataRegion:59 - Caching[foo.org.hibernate.cache.spi.UpdateTimestampsCache] : [Address] -> [5579091028742147]
14:18:30,690 DEBUG SQL:104 - 
    delete 
    from
        Student_secretCodes 
    where
        studentNumber=?
14:18:30,690 DEBUG BaseGeneralDataRegion:59 - Caching[foo.org.hibernate.cache.spi.UpdateTimestampsCache] : [Student_secretCodes] -> [5579091028746240]
14:18:30,690 DEBUG BaseGeneralDataRegion:59 - Caching[foo.org.hibernate.cache.spi.UpdateTimestampsCache] : [CourseMeeting] -> [5579091028746241]
14:18:30,690 DEBUG SQL:104 - 
    delete 
    from
        Enrolment 
    where
        studentId=? 
        and courseCode=?
14:18:30,698 DEBUG BaseGeneralDataRegion:59 - Caching[foo.org.hibernate.cache.spi.UpdateTimestampsCache] : [Enrolment] -> [5579091028779008]
14:18:30,698 DEBUG SQL:104 - 
    delete 
    from
        Address 
    where
        id=?
14:18:30,698 DEBUG BaseGeneralDataRegion:59 - Caching[foo.org.hibernate.cache.spi.UpdateTimestampsCache] : [Address] -> [5579091028779009]
14:18:30,699 DEBUG SQL:104 - 
    delete 
    from
        Address 
    where
        id=?
14:18:30,699 DEBUG BaseGeneralDataRegion:59 - Caching[foo.org.hibernate.cache.spi.UpdateTimestampsCache] : [Address] -> [5579091028783104]
14:18:30,699 DEBUG SQL:104 - 
    delete 
    from
        Student 
    where
        studentId=?
14:18:30,699 DEBUG BaseGeneralDataRegion:59 - Caching[foo.org.hibernate.cache.spi.UpdateTimestampsCache] : [Student] -> [5579091028783105]
14:18:30,699 DEBUG SQL:104 - 
    delete 
    from
        Enrolment 
    where
        studentId=? 
        and courseCode=?
14:18:30,708 DEBUG BaseGeneralDataRegion:59 - Caching[foo.org.hibernate.cache.spi.UpdateTimestampsCache] : [Enrolment] -> [5579091028819968]
14:18:30,709 DEBUG SQL:104 - 
    delete 
    from
        Student 
    where
        studentId=?
14:18:30,709 DEBUG BaseGeneralDataRegion:59 - Caching[foo.org.hibernate.cache.spi.UpdateTimestampsCache] : [Student] -> [5579091028824064]
14:18:30,709 DEBUG SQL:104 - 
    delete 
    from
        CourseMeeting 
    where
        courseCode=? 
        and day=? 
        and period=? 
        and location=?
14:18:30,709 DEBUG BaseGeneralDataRegion:59 - Caching[foo.org.hibernate.cache.spi.UpdateTimestampsCache] : [CourseMeeting] -> [5579091028824065]
14:18:30,709 DEBUG SQL:104 - 
    delete 
    from
        CourseMeeting 
    where
        courseCode=? 
        and day=? 
        and period=? 
        and location=?
14:18:30,710 DEBUG BaseGeneralDataRegion:59 - Caching[foo.org.hibernate.cache.spi.UpdateTimestampsCache] : [CourseMeeting] -> [5579091028828160]
14:18:30,710 DEBUG SQL:104 - 
    delete 
    from
        Course 
    where
        courseCode=?
14:18:30,719 DEBUG BaseGeneralDataRegion:59 - Caching[foo.org.hibernate.cache.spi.UpdateTimestampsCache] : [Course] -> [5579091028865024]
14:18:30,720 DEBUG BaseGeneralDataRegion:59 - Caching[foo.org.hibernate.cache.spi.UpdateTimestampsCache] : [Student] -> [5579090783109120]
14:18:30,720 DEBUG BaseGeneralDataRegion:59 - Caching[foo.org.hibernate.cache.spi.UpdateTimestampsCache] : [Course] -> [5579090783109120]
14:18:30,720 DEBUG BaseGeneralDataRegion:59 - Caching[foo.org.hibernate.cache.spi.UpdateTimestampsCache] : [Enrolment] -> [5579090783109120]
14:18:30,720 DEBUG BaseGeneralDataRegion:59 - Caching[foo.org.hibernate.cache.spi.UpdateTimestampsCache] : [Student_secretCodes] -> [5579090783109120]
14:18:30,720 DEBUG BaseGeneralDataRegion:59 - Caching[foo.org.hibernate.cache.spi.UpdateTimestampsCache] : [Address] -> [5579090783109120]
14:18:30,720 DEBUG BaseGeneralDataRegion:59 - Caching[foo.org.hibernate.cache.spi.UpdateTimestampsCache] : [CourseMeeting] -> [5579090783109120]
14:18:30,720  INFO CustomRunner:139 - Test: testMultiSelectUsingImplicitJoinWithFetchJoinListHql
14:18:30,721 DEBUG SQL:104 - 
    select
        coursemeet_.courseCode,
        coursemeet_.day,
        coursemeet_.period,
        coursemeet_.location 
    from
        CourseMeeting coursemeet_ 
    where
        coursemeet_.courseCode=? 
        and coursemeet_.day=? 
        and coursemeet_.period=? 
        and coursemeet_.location=?
14:18:30,722 DEBUG SQL:104 - 
    select
        coursemeet_.courseCode,
        coursemeet_.day,
        coursemeet_.period,
        coursemeet_.location 
    from
        CourseMeeting coursemeet_ 
    where
        coursemeet_.courseCode=? 
        and coursemeet_.day=? 
        and coursemeet_.period=? 
        and coursemeet_.location=?
14:18:30,732 DEBUG SQL:104 - 
    insert 
    into
        Course
        (description, courseCode) 
    values
        (?, ?)
14:18:30,732 DEBUG BaseGeneralDataRegion:59 - Caching[foo.org.hibernate.cache.spi.UpdateTimestampsCache] : [Course] -> [5579091028918272]
14:18:30,732 DEBUG SQL:104 - 
    insert 
    into
        CourseMeeting
        (courseCode, day, period, location) 
    values
        (?, ?, ?, ?)
14:18:30,733 DEBUG BaseGeneralDataRegion:59 - Caching[foo.org.hibernate.cache.spi.UpdateTimestampsCache] : [CourseMeeting] -> [5579091028922368]
14:18:30,733 DEBUG SQL:104 - 
    insert 
    into
        CourseMeeting
        (courseCode, day, period, location) 
    values
        (?, ?, ?, ?)
14:18:30,740 DEBUG BaseGeneralDataRegion:59 - Caching[foo.org.hibernate.cache.spi.UpdateTimestampsCache] : [CourseMeeting] -> [5579091028951040]
14:18:30,740 DEBUG SQL:104 - 
    insert 
    into
        Student
        (name_first, name_middle, name_last, preferredCourseCode, studentId) 
    values
        (?, ?, ?, ?, ?)
14:18:30,741 DEBUG BaseGeneralDataRegion:59 - Caching[foo.org.hibernate.cache.spi.UpdateTimestampsCache] : [Student] -> [5579091028955136]
14:18:30,741 DEBUG SQL:104 - 
    insert 
    into
        Address
        (addressType, street, city, stateProvince, postalCode, country, studentNumber, id) 
    values
        (?, ?, ?, ?, ?, ?, ?, ?)
14:18:30,741 DEBUG BaseGeneralDataRegion:59 - Caching[foo.org.hibernate.cache.spi.UpdateTimestampsCache] : [Address] -> [5579091028955137]
14:18:30,741 DEBUG SQL:104 - 
    insert 
    into
        Address
        (addressType, street, city, stateProvince, postalCode, country, studentNumber, id) 
    values
        (?, ?, ?, ?, ?, ?, ?, ?)
14:18:30,741 DEBUG BaseGeneralDataRegion:59 - Caching[foo.org.hibernate.cache.spi.UpdateTimestampsCache] : [Address] -> [5579091028955138]
14:18:30,741 DEBUG SQL:104 - 
    insert 
    into
        Student
        (name_first, name_middle, name_last, preferredCourseCode, studentId) 
    values
        (?, ?, ?, ?, ?)
14:18:30,750 DEBUG BaseGeneralDataRegion:59 - Caching[foo.org.hibernate.cache.spi.UpdateTimestampsCache] : [Student] -> [5579091028992000]
14:18:30,750 DEBUG SQL:104 - 
    insert 
    into
        Enrolment
        (semester, "year", studentId, courseCode) 
    values
        (?, ?, ?, ?)
14:18:30,750 DEBUG BaseGeneralDataRegion:59 - Caching[foo.org.hibernate.cache.spi.UpdateTimestampsCache] : [Enrolment] -> [5579091028992001]
14:18:30,750 DEBUG SQL:104 - 
    insert 
    into
        Enrolment
        (semester, "year", studentId, courseCode) 
    values
        (?, ?, ?, ?)
14:18:30,750 DEBUG BaseGeneralDataRegion:59 - Caching[foo.org.hibernate.cache.spi.UpdateTimestampsCache] : [Enrolment] -> [5579091028992002]
14:18:30,750 DEBUG BaseGeneralDataRegion:59 - Caching[foo.org.hibernate.cache.spi.UpdateTimestampsCache] : [CourseMeeting] -> [5579091028992003]
14:18:30,751 DEBUG BaseGeneralDataRegion:59 - Caching[foo.org.hibernate.cache.spi.UpdateTimestampsCache] : [Enrolment] -> [5579091028996096]
14:18:30,751 DEBUG SQL:104 - 
    update
        Address 
    set
        studentNumber=?,
        addressType=? 
    where
        id=?
14:18:30,760 DEBUG SQL:104 - 
    update
        Address 
    set
        studentNumber=?,
        addressType=? 
    where
        id=?
14:18:30,760 DEBUG BaseGeneralDataRegion:59 - Caching[foo.org.hibernate.cache.spi.UpdateTimestampsCache] : [Address] -> [5579091029032960]
14:18:30,760 DEBUG SQL:104 - 
    insert 
    into
        Student_secretCodes
        (studentNumber, i, secretCode) 
    values
        (?, ?, ?)
14:18:30,761 DEBUG BaseGeneralDataRegion:59 - Caching[foo.org.hibernate.cache.spi.UpdateTimestampsCache] : [Student_secretCodes] -> [5579091029037056]
14:18:30,761 DEBUG BaseGeneralDataRegion:59 - Caching[foo.org.hibernate.cache.spi.UpdateTimestampsCache] : [Enrolment] -> [5579091029037057]
14:18:30,761 DEBUG BaseGeneralDataRegion:59 - Caching[foo.org.hibernate.cache.spi.UpdateTimestampsCache] : [Address] -> [5579091029037058]
14:18:30,761 DEBUG SQL:104 - 
    insert 
    into
        Student_secretCodes
        (studentNumber, i, secretCode) 
    values
        (?, ?, ?)
14:18:30,761 DEBUG SQL:104 - 
    insert 
    into
        Student_secretCodes
        (studentNumber, i, secretCode) 
    values
        (?, ?, ?)
14:18:30,761 DEBUG BaseGeneralDataRegion:59 - Caching[foo.org.hibernate.cache.spi.UpdateTimestampsCache] : [Student_secretCodes] -> [5579091029037059]
14:18:30,761 DEBUG BaseGeneralDataRegion:59 - Caching[foo.org.hibernate.cache.spi.UpdateTimestampsCache] : [Student] -> [5579090783277060]
14:18:30,762 DEBUG BaseGeneralDataRegion:59 - Caching[foo.org.hibernate.cache.spi.UpdateTimestampsCache] : [Course] -> [5579090783277060]
14:18:30,762 DEBUG BaseGeneralDataRegion:59 - Caching[foo.org.hibernate.cache.spi.UpdateTimestampsCache] : [Enrolment] -> [5579090783277060]
14:18:30,762 DEBUG BaseGeneralDataRegion:59 - Caching[foo.org.hibernate.cache.spi.UpdateTimestampsCache] : [Student_secretCodes] -> [5579090783277060]
14:18:30,762 DEBUG BaseGeneralDataRegion:59 - Caching[foo.org.hibernate.cache.spi.UpdateTimestampsCache] : [Address] -> [5579090783277060]
14:18:30,762 DEBUG BaseGeneralDataRegion:59 - Caching[foo.org.hibernate.cache.spi.UpdateTimestampsCache] : [CourseMeeting] -> [5579090783277060]
14:18:30,762 DEBUG QueryTranslatorImpl:265 - parse() - HQL: select s as s, s.preferredCourse as pc from org.hibernate.test.querycache.Student s left join fetch s.enrolments
14:18:30,764 DEBUG QueryTranslatorImpl:283 - --- HQL AST ---
 \-[QUERY] Node: 'query'
    \-[SELECT_FROM] Node: 'SELECT_FROM'
       +-[FROM] Node: 'from'
       |  +-[RANGE] Node: 'RANGE'
       |  |  +-[DOT] Node: '.'
       |  |  |  +-[DOT] Node: '.'
       |  |  |  |  +-[DOT] Node: '.'
       |  |  |  |  |  +-[DOT] Node: '.'
       |  |  |  |  |  |  +-[IDENT] Node: 'org'
       |  |  |  |  |  |  \-[IDENT] Node: 'hibernate'
       |  |  |  |  |  \-[IDENT] Node: 'test'
       |  |  |  |  \-[IDENT] Node: 'querycache'
       |  |  |  \-[IDENT] Node: 'Student'
       |  |  \-[ALIAS] Node: 's'
       |  \-[JOIN] Node: 'join'
       |     +-[LEFT] Node: 'left'
       |     +-[FETCH] Node: 'fetch'
       |     \-[DOT] Node: '.'
       |        +-[IDENT] Node: 's'
       |        \-[IDENT] Node: 'enrolments'
       \-[SELECT] Node: 'select'
          +-[AS] Node: 'as'
          |  +-[IDENT] Node: 's'
          |  \-[IDENT] Node: 's'
          \-[AS] Node: 'as'
             +-[DOT] Node: '.'
             |  +-[IDENT] Node: 's'
             |  \-[IDENT] Node: 'preferredCourse'
             \-[IDENT] Node: 'pc'

14:18:30,771 DEBUG ErrorCounter:82 - throwQueryException() : no errors
14:18:30,771 DEBUG FromElement:157 - FromClause{level=1} : org.hibernate.test.querycache.Student (s) -> student0_
14:18:30,772 DEBUG FromReferenceNode:74 - Resolved : s -> student0_.studentId
14:18:30,772 DEBUG DotNode:599 - getDataType() : enrolments -> org.hibernate.type.SetType(org.hibernate.test.querycache.Student.enrolments)
14:18:30,772 DEBUG FromElementFactory:376 - createEntityAssociation() : One to many - path = s.enrolments role = org.hibernate.test.querycache.Student.enrolments associatedEntityName = org.hibernate.test.querycache.Enrolment
14:18:30,772 DEBUG FromElement:157 - FromClause{level=1} : org.hibernate.test.querycache.Enrolment (<no alias>) -> enrolments1_
14:18:30,772 DEBUG FromClause:282 - addJoinByPathMap() : s.enrolments -> FromElement{explicit,not a collection join,not a fetch join,fetch non-lazy properties,classAlias=null,role=null,tableName=Enrolment,tableAlias=enrolments1_,origin=Student student0_,columns={student0_.studentId ,className=org.hibernate.test.querycache.Enrolment}}
14:18:30,772 DEBUG DotNode:308 - dereferenceCollection() : Created new FROM element for s.enrolments : Enrolment enrolments1_
14:18:30,772 DEBUG FromReferenceNode:74 - Resolved : s.enrolments -> .
14:18:30,772 DEBUG HqlSqlWalker:403 - createFromJoinElement() : -- join tree --
 \-[JOIN_FRAGMENT] FromElement: 'Enrolment enrolments1_' FromElement{explicit,not a collection join,fetch join,fetch non-lazy properties,classAlias=null,role=org.hibernate.test.querycache.Student.enrolments,tableName=Enrolment,tableAlias=enrolments1_,origin=Student student0_,columns={student0_.studentId ,className=org.hibernate.test.querycache.Enrolment}}

14:18:30,773 DEBUG FromReferenceNode:74 - Resolved : s -> student0_.studentId
14:18:30,773 DEBUG FromReferenceNode:74 - Resolved : s -> student0_.studentId
14:18:30,781 DEBUG DotNode:599 - getDataType() : preferredCourse -> org.hibernate.type.ManyToOneType(org.hibernate.test.querycache.Course)
14:18:30,781 DEBUG DotNode:389 - dereferenceEntityJoin() : generating join for preferredCourse in org.hibernate.test.querycache.Student (<no alias>) parent = [ {null} ]
14:18:30,782 DEBUG FromElement:157 - FromClause{level=1} : org.hibernate.test.querycache.Course (<no alias>) -> course2_
14:18:30,782 DEBUG FromClause:282 - addJoinByPathMap() : s.preferredCourse -> FromElement{explicit,not a collection join,not a fetch join,fetch non-lazy properties,classAlias=null,role=null,tableName=Course,tableAlias=course2_,origin=Student student0_,columns={student0_.preferredCourseCode ,className=org.hibernate.test.querycache.Course}}
14:18:30,782 DEBUG FromReferenceNode:74 - Resolved : s.preferredCourse -> student0_.preferredCourseCode
14:18:30,782 DEBUG HqlSqlWalker:629 - processQuery() :  ( SELECT ( {select clause} student0_.studentId ( student0_.preferredCourseCode student0_.studentId preferredCourse ) ) ( FromClause{level=1} ( Student student0_ Enrolment enrolments1_ Course course2_ ) ) )
14:18:30,782 DEBUG JoinProcessor:175 - Using FROM fragment [Student student0_]
14:18:30,782 DEBUG JoinProcessor:175 - Using FROM fragment [left outer join Enrolment enrolments1_ on student0_.studentId=enrolments1_.studentId]
14:18:30,782 DEBUG JoinProcessor:175 - Using FROM fragment [inner join Course course2_ on student0_.preferredCourseCode=course2_.courseCode]
14:18:30,783 DEBUG QueryTranslatorImpl:252 - --- SQL AST ---
 \-[SELECT] QueryNode: 'SELECT'  querySpaces (Student,Course,Enrolment)
    +-[SELECT_CLAUSE] SelectClause: '{select clause}'
    |  +-[ALIAS_REF] IdentNode: 'student0_.studentId as studentId4_0_' {alias=s, className=org.hibernate.test.querycache.Student, tableAlias=student0_}
    |  +-[DOT] DotNode: 'course2_.courseCode as courseCode1_1_' {propertyName=preferredCourse,dereferenceType=EOF,propertyPath=preferredCourse,path=s.preferredCourse,tableAlias=course2_,className=org.hibernate.test.querycache.Course,classAlias=null}
    |  |  +-[ALIAS_REF] IdentNode: 'student0_.studentId' {alias=s, className=org.hibernate.test.querycache.Student, tableAlias=student0_}
    |  |  \-[IDENT] IdentNode: 'preferredCourse' {originalText=preferredCourse}
    |  +-[SELECT_EXPR] SelectExpressionImpl: 'enrolments1_.studentId as studentId3_2_, enrolments1_.courseCode as courseCode3_2_' {FromElement{explicit,not a collection join,fetch join,fetch non-lazy properties,classAlias=null,role=org.hibernate.test.querycache.Student.enrolments,tableName=Enrolment,tableAlias=enrolments1_,origin=Student student0_,columns={student0_.studentId ,className=org.hibernate.test.querycache.Enrolment}}}
    |  +-[SQL_TOKEN] SqlFragment: 'student0_.name_first as name2_4_0_, student0_.name_middle as name3_4_0_, student0_.name_last as name4_4_0_, student0_.preferredCourseCode as preferre5_4_0_'
    |  +-[SQL_TOKEN] SqlFragment: 'course2_.description as descript2_1_1_'
    |  +-[SQL_TOKEN] SqlFragment: 'enrolments1_.semester as semester3_2_, enrolments1_."year" as year4_3_2_'
    |  \-[SQL_TOKEN] SqlFragment: 'enrolments1_.studentId as studentId4_0__, enrolments1_.studentId as studentId3_0__, enrolments1_.courseCode as courseCode3_0__'
    \-[FROM] FromClause: 'from' FromClause{level=1, fromElementCounter=3, fromElements=3, fromElementByClassAlias=[s], fromElementByTableAlias=[student0_, course2_, enrolments1_], fromElementsByPath=[s.enrolments, s.preferredCourse], collectionJoinFromElementsByPath=[], impliedElements=[]}
       \-[FROM_FRAGMENT] FromElement: 'Student student0_' FromElement{explicit,not a collection join,not a fetch join,fetch non-lazy properties,classAlias=s,role=null,tableName=Student,tableAlias=student0_,origin=null,columns={,className=org.hibernate.test.querycache.Student}}
          +-[JOIN_FRAGMENT] FromElement: 'left outer join Enrolment enrolments1_ on student0_.studentId=enrolments1_.studentId' FromElement{explicit,not a collection join,fetch join,fetch non-lazy properties,classAlias=null,role=org.hibernate.test.querycache.Student.enrolments,tableName=Enrolment,tableAlias=enrolments1_,origin=Student student0_,columns={student0_.studentId ,className=org.hibernate.test.querycache.Enrolment}}
          \-[JOIN_FRAGMENT] FromElement: 'inner join Course course2_ on student0_.preferredCourseCode=course2_.courseCode' FromElement{explicit,not a collection join,not a fetch join,fetch non-lazy properties,classAlias=null,role=null,tableName=Course,tableAlias=course2_,origin=Student student0_,columns={student0_.preferredCourseCode ,className=org.hibernate.test.querycache.Course}}

14:18:30,783 DEBUG ErrorCounter:82 - throwQueryException() : no errors
14:18:30,784 DEBUG QueryTranslatorImpl:235 - HQL: select s as s, s.preferredCourse as pc from org.hibernate.test.querycache.Student s left join fetch s.enrolments
14:18:30,784 DEBUG QueryTranslatorImpl:236 - SQL: select student0_.studentId as studentId4_0_, course2_.courseCode as courseCode1_1_, enrolments1_.studentId as studentId3_2_, enrolments1_.courseCode as courseCode3_2_, student0_.name_first as name2_4_0_, student0_.name_middle as name3_4_0_, student0_.name_last as name4_4_0_, student0_.preferredCourseCode as preferre5_4_0_, course2_.description as descript2_1_1_, enrolments1_.semester as semester3_2_, enrolments1_."year" as year4_3_2_, enrolments1_.studentId as studentId4_0__, enrolments1_.studentId as studentId3_0__, enrolments1_.courseCode as courseCode3_0__ from Student student0_ left outer join Enrolment enrolments1_ on student0_.studentId=enrolments1_.studentId inner join Course course2_ on student0_.preferredCourseCode=course2_.courseCode
14:18:30,784 DEBUG ErrorCounter:82 - throwQueryException() : no errors
14:18:30,784 DEBUG SQL:104 - 
    select
        student0_.studentId as studentId4_0_,
        course2_.courseCode as courseCode1_1_,
        enrolments1_.studentId as studentId3_2_,
        enrolments1_.courseCode as courseCode3_2_,
        student0_.name_first as name2_4_0_,
        student0_.name_middle as name3_4_0_,
        student0_.name_last as name4_4_0_,
        student0_.preferredCourseCode as preferre5_4_0_,
        course2_.description as descript2_1_1_,
        enrolments1_.semester as semester3_2_,
        enrolments1_."year" as year4_3_2_,
        enrolments1_.studentId as studentId4_0__,
        enrolments1_.studentId as studentId3_0__,
        enrolments1_.courseCode as courseCode3_0__ 
    from
        Student student0_ 
    left outer join
        Enrolment enrolments1_ 
            on student0_.studentId=enrolments1_.studentId 
    inner join
        Course course2_ 
            on student0_.preferredCourseCode=course2_.courseCode
14:18:30,833 DEBUG SQL:104 - 
    select
        coursemeet0_.courseCode as courseCode1_1_,
        coursemeet0_.courseCode as courseCode2_1_,
        coursemeet0_.day as day2_1_,
        coursemeet0_.period as period2_1_,
        coursemeet0_.location as location2_1_,
        coursemeet0_.courseCode as courseCode2_0_,
        coursemeet0_.day as day2_0_,
        coursemeet0_.period as period2_0_,
        coursemeet0_.location as location2_0_ 
    from
        CourseMeeting coursemeet0_ 
    where
        coursemeet0_.courseCode=?
14:18:30,834 DEBUG SQL:104 - 
    select
        secretcode0_.studentNumber as studentN1_4_0_,
        secretcode0_.secretCode as secretCode5_0_,
        secretcode0_.i as i0_ 
    from
        Student_secretCodes secretcode0_ 
    where
        secretcode0_.studentNumber=?
14:18:30,834 DEBUG SQL:104 - 
    select
        student0_.studentId as studentId4_0_,
        course2_.courseCode as courseCode1_1_,
        enrolments1_.studentId as studentId3_2_,
        enrolments1_.courseCode as courseCode3_2_,
        student0_.name_first as name2_4_0_,
        student0_.name_middle as name3_4_0_,
        student0_.name_last as name4_4_0_,
        student0_.preferredCourseCode as preferre5_4_0_,
        course2_.description as descript2_1_1_,
        enrolments1_.semester as semester3_2_,
        enrolments1_."year" as year4_3_2_,
        enrolments1_.studentId as studentId4_0__,
        enrolments1_.studentId as studentId3_0__,
        enrolments1_.courseCode as courseCode3_0__ 
    from
        Student student0_ 
    left outer join
        Enrolment enrolments1_ 
            on student0_.studentId=enrolments1_.studentId 
    inner join
        Course course2_ 
            on student0_.preferredCourseCode=course2_.courseCode
14:18:30,835 DEBUG SQL:104 - 
    select
        coursemeet0_.courseCode as courseCode1_1_,
        coursemeet0_.courseCode as courseCode2_1_,
        coursemeet0_.day as day2_1_,
        coursemeet0_.period as period2_1_,
        coursemeet0_.location as location2_1_,
        coursemeet0_.courseCode as courseCode2_0_,
        coursemeet0_.day as day2_0_,
        coursemeet0_.period as period2_0_,
        coursemeet0_.location as location2_0_ 
    from
        CourseMeeting coursemeet0_ 
    where
        coursemeet0_.courseCode=?
14:18:30,835 DEBUG SQL:104 - 
    select
        secretcode0_.studentNumber as studentN1_4_0_,
        secretcode0_.secretCode as secretCode5_0_,
        secretcode0_.i as i0_ 
    from
        Student_secretCodes secretcode0_ 
    where
        secretcode0_.studentNumber=?
14:18:30,836 DEBUG SQL:104 - 
    select
        student_.studentId,
        student_.name_first as name2_4_,
        student_.name_middle as name3_4_,
        student_.name_last as name4_4_,
        student_.preferredCourseCode as preferre5_4_ 
    from
        Student student_ 
    where
        student_.studentId=?
14:18:30,836 DEBUG SQL:104 - 
    select
        enrolment_.studentId,
        enrolment_.courseCode,
        enrolment_.semester as semester3_,
        enrolment_."year" as year4_3_ 
    from
        Enrolment enrolment_ 
    where
        enrolment_.studentId=? 
        and enrolment_.courseCode=?
14:18:30,836 DEBUG SQL:104 - 
    select
        course_.courseCode,
        course_.description as descript2_1_ 
    from
        Course course_ 
    where
        course_.courseCode=?
14:18:30,837 DEBUG SQL:104 - 
    select
        student_.studentId,
        student_.name_first as name2_4_,
        student_.name_middle as name3_4_,
        student_.name_last as name4_4_,
        student_.preferredCourseCode as preferre5_4_ 
    from
        Student student_ 
    where
        student_.studentId=?
14:18:30,837 DEBUG SQL:104 - 
    select
        enrolment_.studentId,
        enrolment_.courseCode,
        enrolment_.semester as semester3_,
        enrolment_."year" as year4_3_ 
    from
        Enrolment enrolment_ 
    where
        enrolment_.studentId=? 
        and enrolment_.courseCode=?
14:18:30,837 DEBUG SQL:104 - 
    select
        coursemeet_.courseCode,
        coursemeet_.day,
        coursemeet_.period,
        coursemeet_.location 
    from
        CourseMeeting coursemeet_ 
    where
        coursemeet_.courseCode=? 
        and coursemeet_.day=? 
        and coursemeet_.period=? 
        and coursemeet_.location=?
14:18:30,856 DEBUG SQL:104 - 
    select
        coursemeet_.courseCode,
        coursemeet_.day,
        coursemeet_.period,
        coursemeet_.location 
    from
        CourseMeeting coursemeet_ 
    where
        coursemeet_.courseCode=? 
        and coursemeet_.day=? 
        and coursemeet_.period=? 
        and coursemeet_.location=?
14:18:30,857 DEBUG BaseGeneralDataRegion:59 - Caching[foo.org.hibernate.cache.spi.UpdateTimestampsCache] : [Enrolment] -> [5579091029430272]
14:18:30,857 DEBUG SQL:104 - 
    update
        Address 
    set
        studentNumber=null,
        addressType=null 
    where
        studentNumber=?
14:18:30,857 DEBUG BaseGeneralDataRegion:59 - Caching[foo.org.hibernate.cache.spi.UpdateTimestampsCache] : [Address] -> [5579091029430273]
14:18:30,858 DEBUG SQL:104 - 
    delete 
    from
        Student_secretCodes 
    where
        studentNumber=?
14:18:30,866 DEBUG BaseGeneralDataRegion:59 - Caching[foo.org.hibernate.cache.spi.UpdateTimestampsCache] : [Student_secretCodes] -> [5579091029467136]
14:18:30,866 DEBUG BaseGeneralDataRegion:59 - Caching[foo.org.hibernate.cache.spi.UpdateTimestampsCache] : [Enrolment] -> [5579091029467137]
14:18:30,867 DEBUG BaseGeneralDataRegion:59 - Caching[foo.org.hibernate.cache.spi.UpdateTimestampsCache] : [Address] -> [5579091029471232]
14:18:30,867 DEBUG SQL:104 - 
    delete 
    from
        Student_secretCodes 
    where
        studentNumber=?
14:18:30,867 DEBUG BaseGeneralDataRegion:59 - Caching[foo.org.hibernate.cache.spi.UpdateTimestampsCache] : [Student_secretCodes] -> [5579091029471233]
14:18:30,867 DEBUG BaseGeneralDataRegion:59 - Caching[foo.org.hibernate.cache.spi.UpdateTimestampsCache] : [CourseMeeting] -> [5579091029471234]
14:18:30,867 DEBUG SQL:104 - 
    delete 
    from
        Enrolment 
    where
        studentId=? 
        and courseCode=?
14:18:30,867 DEBUG BaseGeneralDataRegion:59 - Caching[foo.org.hibernate.cache.spi.UpdateTimestampsCache] : [Enrolment] -> [5579091029471235]
14:18:30,868 DEBUG SQL:104 - 
    delete 
    from
        Address 
    where
        id=?
14:18:30,868 DEBUG BaseGeneralDataRegion:59 - Caching[foo.org.hibernate.cache.spi.UpdateTimestampsCache] : [Address] -> [5579091029475328]
14:18:30,868 DEBUG SQL:104 - 
    delete 
    from
        Address 
    where
        id=?
14:18:30,881 DEBUG BaseGeneralDataRegion:59 - Caching[foo.org.hibernate.cache.spi.UpdateTimestampsCache] : [Address] -> [5579091029528576]
14:18:30,881 DEBUG SQL:104 - 
    delete 
    from
        Student 
    where
        studentId=?
14:18:30,881 DEBUG BaseGeneralDataRegion:59 - Caching[foo.org.hibernate.cache.spi.UpdateTimestampsCache] : [Student] -> [5579091029528577]
14:18:30,881 DEBUG SQL:104 - 
    delete 
    from
        Enrolment 
    where
        studentId=? 
        and courseCode=?
14:18:30,881 DEBUG BaseGeneralDataRegion:59 - Caching[foo.org.hibernate.cache.spi.UpdateTimestampsCache] : [Enrolment] -> [5579091029528578]
14:18:30,882 DEBUG SQL:104 - 
    delete 
    from
        Student 
    where
        studentId=?
14:18:30,882 DEBUG BaseGeneralDataRegion:59 - Caching[foo.org.hibernate.cache.spi.UpdateTimestampsCache] : [Student] -> [5579091029532672]
14:18:30,882 DEBUG SQL:104 - 
    delete 
    from
        CourseMeeting 
    where
        courseCode=? 
        and day=? 
        and period=? 
        and location=?
14:18:30,882 DEBUG BaseGeneralDataRegion:59 - Caching[foo.org.hibernate.cache.spi.UpdateTimestampsCache] : [CourseMeeting] -> [5579091029532673]
14:18:30,882 DEBUG SQL:104 - 
    delete 
    from
        CourseMeeting 
    where
        courseCode=? 
        and day=? 
        and period=? 
        and location=?
14:18:30,882 DEBUG BaseGeneralDataRegion:59 - Caching[foo.org.hibernate.cache.spi.UpdateTimestampsCache] : [CourseMeeting] -> [5579091029532674]
14:18:30,883 DEBUG SQL:104 - 
    delete 
    from
        Course 
    where
        courseCode=?
14:18:30,883 DEBUG BaseGeneralDataRegion:59 - Caching[foo.org.hibernate.cache.spi.UpdateTimestampsCache] : [Course] -> [5579091029536768]
14:18:30,883 DEBUG BaseGeneralDataRegion:59 - Caching[foo.org.hibernate.cache.spi.UpdateTimestampsCache] : [Student] -> [5579090783776769]
14:18:30,883 DEBUG BaseGeneralDataRegion:59 - Caching[foo.org.hibernate.cache.spi.UpdateTimestampsCache] : [Course] -> [5579090783776769]
14:18:30,883 DEBUG BaseGeneralDataRegion:59 - Caching[foo.org.hibernate.cache.spi.UpdateTimestampsCache] : [Enrolment] -> [5579090783776769]
14:18:30,883 DEBUG BaseGeneralDataRegion:59 - Caching[foo.org.hibernate.cache.spi.UpdateTimestampsCache] : [Student_secretCodes] -> [5579090783776769]
14:18:30,883 DEBUG BaseGeneralDataRegion:59 - Caching[foo.org.hibernate.cache.spi.UpdateTimestampsCache] : [Address] -> [5579090783776769]
14:18:30,883 DEBUG BaseGeneralDataRegion:59 - Caching[foo.org.hibernate.cache.spi.UpdateTimestampsCache] : [CourseMeeting] -> [5579090783776769]
14:18:30,884  INFO CustomRunner:139 - Test: testOneEntityProjectionList
14:18:30,895 DEBUG SQL:104 - 
    select
        coursemeet_.courseCode,
        coursemeet_.day,
        coursemeet_.period,
        coursemeet_.location 
    from
        CourseMeeting coursemeet_ 
    where
        coursemeet_.courseCode=? 
        and coursemeet_.day=? 
        and coursemeet_.period=? 
        and coursemeet_.location=?
14:18:30,895 DEBUG SQL:104 - 
    select
        coursemeet_.courseCode,
        coursemeet_.day,
        coursemeet_.period,
        coursemeet_.location 
    from
        CourseMeeting coursemeet_ 
    where
        coursemeet_.courseCode=? 
        and coursemeet_.day=? 
        and coursemeet_.period=? 
        and coursemeet_.location=?
14:18:30,896 DEBUG SQL:104 - 
    insert 
    into
        Course
        (description, courseCode) 
    values
        (?, ?)
14:18:30,904 DEBUG BaseGeneralDataRegion:59 - Caching[foo.org.hibernate.cache.spi.UpdateTimestampsCache] : [Course] -> [5579091029622784]
14:18:30,905 DEBUG SQL:104 - 
    insert 
    into
        CourseMeeting
        (courseCode, day, period, location) 
    values
        (?, ?, ?, ?)
14:18:30,906 DEBUG BaseGeneralDataRegion:59 - Caching[foo.org.hibernate.cache.spi.UpdateTimestampsCache] : [CourseMeeting] -> [5579091029630976]
14:18:30,906 DEBUG SQL:104 - 
    insert 
    into
        CourseMeeting
        (courseCode, day, period, location) 
    values
        (?, ?, ?, ?)
14:18:30,907 DEBUG BaseGeneralDataRegion:59 - Caching[foo.org.hibernate.cache.spi.UpdateTimestampsCache] : [CourseMeeting] -> [5579091029630977]
14:18:30,907 DEBUG SQL:104 - 
    insert 
    into
        Student
        (name_first, name_middle, name_last, preferredCourseCode, studentId) 
    values
        (?, ?, ?, ?, ?)
14:18:30,907 DEBUG BaseGeneralDataRegion:59 - Caching[foo.org.hibernate.cache.spi.UpdateTimestampsCache] : [Student] -> [5579091029635072]
14:18:30,908 DEBUG SQL:104 - 
    insert 
    into
        Address
        (addressType, street, city, stateProvince, postalCode, country, studentNumber, id) 
    values
        (?, ?, ?, ?, ?, ?, ?, ?)
14:18:30,908 DEBUG BaseGeneralDataRegion:59 - Caching[foo.org.hibernate.cache.spi.UpdateTimestampsCache] : [Address] -> [5579091029639168]
14:18:30,908 DEBUG SQL:104 - 
    insert 
    into
        Address
        (addressType, street, city, stateProvince, postalCode, country, studentNumber, id) 
    values
        (?, ?, ?, ?, ?, ?, ?, ?)
14:18:30,925 DEBUG BaseGeneralDataRegion:59 - Caching[foo.org.hibernate.cache.spi.UpdateTimestampsCache] : [Address] -> [5579091029708800]
14:18:30,926 DEBUG SQL:104 - 
    insert 
    into
        Student
        (name_first, name_middle, name_last, preferredCourseCode, studentId) 
    values
        (?, ?, ?, ?, ?)
14:18:30,926 DEBUG BaseGeneralDataRegion:59 - Caching[foo.org.hibernate.cache.spi.UpdateTimestampsCache] : [Student] -> [5579091029712896]
14:18:30,926 DEBUG SQL:104 - 
    insert 
    into
        Enrolment
        (semester, "year", studentId, courseCode) 
    values
        (?, ?, ?, ?)
14:18:30,926 DEBUG BaseGeneralDataRegion:59 - Caching[foo.org.hibernate.cache.spi.UpdateTimestampsCache] : [Enrolment] -> [5579091029712897]
14:18:30,927 DEBUG SQL:104 - 
    insert 
    into
        Enrolment
        (semester, "year", studentId, courseCode) 
    values
        (?, ?, ?, ?)
14:18:30,928 DEBUG BaseGeneralDataRegion:59 - Caching[foo.org.hibernate.cache.spi.UpdateTimestampsCache] : [Enrolment] -> [5579091029721088]
14:18:30,929 DEBUG BaseGeneralDataRegion:59 - Caching[foo.org.hibernate.cache.spi.UpdateTimestampsCache] : [CourseMeeting] -> [5579091029725184]
14:18:30,929 DEBUG BaseGeneralDataRegion:59 - Caching[foo.org.hibernate.cache.spi.UpdateTimestampsCache] : [Enrolment] -> [5579091029725185]
14:18:30,929 DEBUG SQL:104 - 
    update
        Address 
    set
        studentNumber=?,
        addressType=? 
    where
        id=?
14:18:30,937 DEBUG SQL:104 - 
    update
        Address 
    set
        studentNumber=?,
        addressType=? 
    where
        id=?
14:18:30,937 DEBUG BaseGeneralDataRegion:59 - Caching[foo.org.hibernate.cache.spi.UpdateTimestampsCache] : [Address] -> [5579091029757952]
14:18:30,937 DEBUG SQL:104 - 
    insert 
    into
        Student_secretCodes
        (studentNumber, i, secretCode) 
    values
        (?, ?, ?)
14:18:30,937 DEBUG BaseGeneralDataRegion:59 - Caching[foo.org.hibernate.cache.spi.UpdateTimestampsCache] : [Student_secretCodes] -> [5579091029757953]
14:18:30,938 DEBUG BaseGeneralDataRegion:59 - Caching[foo.org.hibernate.cache.spi.UpdateTimestampsCache] : [Enrolment] -> [5579091029762048]
14:18:30,938 DEBUG BaseGeneralDataRegion:59 - Caching[foo.org.hibernate.cache.spi.UpdateTimestampsCache] : [Address] -> [5579091029762049]
14:18:30,938 DEBUG SQL:104 - 
    insert 
    into
        Student_secretCodes
        (studentNumber, i, secretCode) 
    values
        (?, ?, ?)
14:18:30,947 DEBUG SQL:104 - 
    insert 
    into
        Student_secretCodes
        (studentNumber, i, secretCode) 
    values
        (?, ?, ?)
14:18:30,948 DEBUG BaseGeneralDataRegion:59 - Caching[foo.org.hibernate.cache.spi.UpdateTimestampsCache] : [Student_secretCodes] -> [5579091029803008]
14:18:30,948 DEBUG BaseGeneralDataRegion:59 - Caching[foo.org.hibernate.cache.spi.UpdateTimestampsCache] : [Student] -> [5579090784043009]
14:18:30,948 DEBUG BaseGeneralDataRegion:59 - Caching[foo.org.hibernate.cache.spi.UpdateTimestampsCache] : [Course] -> [5579090784043009]
14:18:30,948 DEBUG BaseGeneralDataRegion:59 - Caching[foo.org.hibernate.cache.spi.UpdateTimestampsCache] : [Enrolment] -> [5579090784043009]
14:18:30,948 DEBUG BaseGeneralDataRegion:59 - Caching[foo.org.hibernate.cache.spi.UpdateTimestampsCache] : [Student_secretCodes] -> [5579090784043009]
14:18:30,948 DEBUG BaseGeneralDataRegion:59 - Caching[foo.org.hibernate.cache.spi.UpdateTimestampsCache] : [Address] -> [5579090784043009]
14:18:30,948 DEBUG BaseGeneralDataRegion:59 - Caching[foo.org.hibernate.cache.spi.UpdateTimestampsCache] : [CourseMeeting] -> [5579090784043009]
14:18:30,949 DEBUG QueryTranslatorImpl:265 - parse() - HQL: select e.student from org.hibernate.test.querycache.Enrolment e order by e.studentNumber
14:18:30,950 DEBUG QueryTranslatorImpl:283 - --- HQL AST ---
 \-[QUERY] Node: 'query'
    +-[SELECT_FROM] Node: 'SELECT_FROM'
    |  +-[FROM] Node: 'from'
    |  |  \-[RANGE] Node: 'RANGE'
    |  |     +-[DOT] Node: '.'
    |  |     |  +-[DOT] Node: '.'
    |  |     |  |  +-[DOT] Node: '.'
    |  |     |  |  |  +-[DOT] Node: '.'
    |  |     |  |  |  |  +-[IDENT] Node: 'org'
    |  |     |  |  |  |  \-[IDENT] Node: 'hibernate'
    |  |     |  |  |  \-[IDENT] Node: 'test'
    |  |     |  |  \-[IDENT] Node: 'querycache'
    |  |     |  \-[IDENT] Node: 'Enrolment'
    |  |     \-[ALIAS] Node: 'e'
    |  \-[SELECT] Node: 'select'
    |     \-[DOT] Node: '.'
    |        +-[IDENT] Node: 'e'
    |        \-[IDENT] Node: 'student'
    \-[ORDER] Node: 'order'
       \-[DOT] Node: '.'
          +-[IDENT] Node: 'e'
          \-[IDENT] Node: 'studentNumber'

14:18:30,962 DEBUG ErrorCounter:82 - throwQueryException() : no errors
14:18:30,962 DEBUG FromElement:157 - FromClause{level=1} : org.hibernate.test.querycache.Enrolment (e) -> enrolment0_
14:18:30,962 DEBUG FromReferenceNode:74 - Resolved : e -> (enrolment0_.studentId, enrolment0_.courseCode)
14:18:30,963 DEBUG DotNode:599 - getDataType() : student -> org.hibernate.type.ManyToOneType(org.hibernate.test.querycache.Student)
14:18:30,963 DEBUG DotNode:389 - dereferenceEntityJoin() : generating join for student in org.hibernate.test.querycache.Enrolment (<no alias>) parent = [ {null} ]
14:18:30,963 DEBUG FromElement:157 - FromClause{level=1} : org.hibernate.test.querycache.Student (<no alias>) -> student1_
14:18:30,963 DEBUG FromClause:282 - addJoinByPathMap() : e.student -> FromElement{explicit,not a collection join,not a fetch join,fetch non-lazy properties,classAlias=null,role=null,tableName=Student,tableAlias=student1_,origin=Enrolment enrolment0_,columns={enrolment0_.studentId ,className=org.hibernate.test.querycache.Student}}
14:18:30,963 DEBUG FromReferenceNode:74 - Resolved : e.student -> enrolment0_.studentId
14:18:30,964 DEBUG FromReferenceNode:74 - Resolved : e -> enrolment0_.studentId, enrolment0_.courseCode
14:18:30,964 DEBUG DotNode:599 - getDataType() : studentNumber -> org.hibernate.type.LongType@4bf3f9d
14:18:30,964 DEBUG FromReferenceNode:74 - Resolved : e.studentNumber -> enrolment0_.studentId
14:18:30,964 DEBUG HqlSqlWalker:629 - processQuery() :  ( SELECT ( {select clause} ( enrolment0_.studentId (enrolment0_.studentId, enrolment0_.courseCode) student ) ) ( FromClause{level=1} ( Enrolment enrolment0_ Student student1_ ) ) ( order ( enrolment0_.studentId enrolment0_.studentId, enrolment0_.courseCode studentNumber ) ) )
14:18:30,964 DEBUG JoinProcessor:175 - Using FROM fragment [Enrolment enrolment0_]
14:18:30,965 DEBUG JoinProcessor:175 - Using FROM fragment [inner join Student student1_ on enrolment0_.studentId=student1_.studentId]
14:18:30,965 DEBUG QueryTranslatorImpl:252 - --- SQL AST ---
 \-[SELECT] QueryNode: 'SELECT'  querySpaces (Student,Enrolment)
    +-[SELECT_CLAUSE] SelectClause: '{select clause}'
    |  +-[DOT] DotNode: 'student1_.studentId as studentId4_' {propertyName=student,dereferenceType=EOF,propertyPath=student,path=e.student,tableAlias=student1_,className=org.hibernate.test.querycache.Student,classAlias=null}
    |  |  +-[ALIAS_REF] IdentNode: '(enrolment0_.studentId, enrolment0_.courseCode)' {alias=e, className=org.hibernate.test.querycache.Enrolment, tableAlias=enrolment0_}
    |  |  \-[IDENT] IdentNode: 'student' {originalText=student}
    |  \-[SQL_TOKEN] SqlFragment: 'student1_.name_first as name2_4_, student1_.name_middle as name3_4_, student1_.name_last as name4_4_, student1_.preferredCourseCode as preferre5_4_'
    +-[FROM] FromClause: 'from' FromClause{level=1, fromElementCounter=2, fromElements=2, fromElementByClassAlias=[e], fromElementByTableAlias=[student1_, enrolment0_], fromElementsByPath=[e.student], collectionJoinFromElementsByPath=[], impliedElements=[]}
    |  \-[FROM_FRAGMENT] FromElement: 'Enrolment enrolment0_' FromElement{explicit,not a collection join,not a fetch join,fetch non-lazy properties,classAlias=e,role=null,tableName=Enrolment,tableAlias=enrolment0_,origin=null,columns={,className=org.hibernate.test.querycache.Enrolment}}
    |     \-[JOIN_FRAGMENT] FromElement: 'inner join Student student1_ on enrolment0_.studentId=student1_.studentId' FromElement{explicit,not a collection join,not a fetch join,fetch non-lazy properties,classAlias=null,role=null,tableName=Student,tableAlias=student1_,origin=Enrolment enrolment0_,columns={enrolment0_.studentId ,className=org.hibernate.test.querycache.Student}}
    \-[ORDER] OrderByClause: 'order'
       \-[DOT] DotNode: 'enrolment0_.studentId' {propertyName=studentNumber,dereferenceType=ALL,propertyPath=studentNumber,path=e.studentNumber,tableAlias=enrolment0_,className=org.hibernate.test.querycache.Enrolment,classAlias=e}
          +-[ALIAS_REF] IdentNode: 'enrolment0_.studentId, enrolment0_.courseCode' {alias=e, className=org.hibernate.test.querycache.Enrolment, tableAlias=enrolment0_}
          \-[IDENT] IdentNode: 'studentNumber' {originalText=studentNumber}

14:18:30,969 DEBUG ErrorCounter:82 - throwQueryException() : no errors
14:18:30,969 DEBUG QueryTranslatorImpl:235 - HQL: select e.student from org.hibernate.test.querycache.Enrolment e order by e.studentNumber
14:18:30,969 DEBUG QueryTranslatorImpl:236 - SQL: select student1_.studentId as studentId4_, student1_.name_first as name2_4_, student1_.name_middle as name3_4_, student1_.name_last as name4_4_, student1_.preferredCourseCode as preferre5_4_ from Enrolment enrolment0_ inner join Student student1_ on enrolment0_.studentId=student1_.studentId order by enrolment0_.studentId
14:18:30,969 DEBUG ErrorCounter:82 - throwQueryException() : no errors
14:18:30,970 DEBUG SQL:104 - 
    select
        student1_.studentId as studentId4_,
        student1_.name_first as name2_4_,
        student1_.name_middle as name3_4_,
        student1_.name_last as name4_4_,
        student1_.preferredCourseCode as preferre5_4_ 
    from
        Enrolment enrolment0_ 
    inner join
        Student student1_ 
            on enrolment0_.studentId=student1_.studentId 
    order by
        enrolment0_.studentId
14:18:30,971 DEBUG SQL:104 - 
    select
        secretcode0_.studentNumber as studentN1_4_0_,
        secretcode0_.secretCode as secretCode5_0_,
        secretcode0_.i as i0_ 
    from
        Student_secretCodes secretcode0_ 
    where
        secretcode0_.studentNumber=?
14:18:30,981 DEBUG SQL:104 - 
    select
        secretcode0_.studentNumber as studentN1_4_0_,
        secretcode0_.secretCode as secretCode5_0_,
        secretcode0_.i as i0_ 
    from
        Student_secretCodes secretcode0_ 
    where
        secretcode0_.studentNumber=?
14:18:30,982 DEBUG SQL:104 - 
    select
        student1_.studentId as studentId4_,
        student1_.name_first as name2_4_,
        student1_.name_middle as name3_4_,
        student1_.name_last as name4_4_,
        student1_.preferredCourseCode as preferre5_4_ 
    from
        Enrolment enrolment0_ 
    inner join
        Student student1_ 
            on enrolment0_.studentId=student1_.studentId 
    order by
        enrolment0_.studentId
14:18:30,990 DEBUG SQL:104 - 
    select
        secretcode0_.studentNumber as studentN1_4_0_,
        secretcode0_.secretCode as secretCode5_0_,
        secretcode0_.i as i0_ 
    from
        Student_secretCodes secretcode0_ 
    where
        secretcode0_.studentNumber=?
14:18:30,991 DEBUG SQL:104 - 
    select
        secretcode0_.studentNumber as studentN1_4_0_,
        secretcode0_.secretCode as secretCode5_0_,
        secretcode0_.i as i0_ 
    from
        Student_secretCodes secretcode0_ 
    where
        secretcode0_.studentNumber=?
14:18:30,991 DEBUG SQL:104 - 
    select
        student_.studentId,
        student_.name_first as name2_4_,
        student_.name_middle as name3_4_,
        student_.name_last as name4_4_,
        student_.preferredCourseCode as preferre5_4_ 
    from
        Student student_ 
    where
        student_.studentId=?
14:18:30,991 DEBUG SQL:104 - 
    select
        enrolment_.studentId,
        enrolment_.courseCode,
        enrolment_.semester as semester3_,
        enrolment_."year" as year4_3_ 
    from
        Enrolment enrolment_ 
    where
        enrolment_.studentId=? 
        and enrolment_.courseCode=?
14:18:31,001 DEBUG SQL:104 - 
    select
        course_.courseCode,
        course_.description as descript2_1_ 
    from
        Course course_ 
    where
        course_.courseCode=?
14:18:31,002 DEBUG SQL:104 - 
    select
        student_.studentId,
        student_.name_first as name2_4_,
        student_.name_middle as name3_4_,
        student_.name_last as name4_4_,
        student_.preferredCourseCode as preferre5_4_ 
    from
        Student student_ 
    where
        student_.studentId=?
14:18:31,002 DEBUG SQL:104 - 
    select
        enrolment_.studentId,
        enrolment_.courseCode,
        enrolment_.semester as semester3_,
        enrolment_."year" as year4_3_ 
    from
        Enrolment enrolment_ 
    where
        enrolment_.studentId=? 
        and enrolment_.courseCode=?
14:18:31,003 DEBUG SQL:104 - 
    select
        coursemeet_.courseCode,
        coursemeet_.day,
        coursemeet_.period,
        coursemeet_.location 
    from
        CourseMeeting coursemeet_ 
    where
        coursemeet_.courseCode=? 
        and coursemeet_.day=? 
        and coursemeet_.period=? 
        and coursemeet_.location=?
14:18:31,003 DEBUG SQL:104 - 
    select
        coursemeet_.courseCode,
        coursemeet_.day,
        coursemeet_.period,
        coursemeet_.location 
    from
        CourseMeeting coursemeet_ 
    where
        coursemeet_.courseCode=? 
        and coursemeet_.day=? 
        and coursemeet_.period=? 
        and coursemeet_.location=?
14:18:31,015 DEBUG BaseGeneralDataRegion:59 - Caching[foo.org.hibernate.cache.spi.UpdateTimestampsCache] : [Enrolment] -> [5579091030077440]
14:18:31,015 DEBUG SQL:104 - 
    update
        Address 
    set
        studentNumber=null,
        addressType=null 
    where
        studentNumber=?
14:18:31,016 DEBUG BaseGeneralDataRegion:59 - Caching[foo.org.hibernate.cache.spi.UpdateTimestampsCache] : [Address] -> [5579091030081536]
14:18:31,016 DEBUG SQL:104 - 
    delete 
    from
        Student_secretCodes 
    where
        studentNumber=?
14:18:31,016 DEBUG BaseGeneralDataRegion:59 - Caching[foo.org.hibernate.cache.spi.UpdateTimestampsCache] : [Student_secretCodes] -> [5579091030081537]
14:18:31,016 DEBUG BaseGeneralDataRegion:59 - Caching[foo.org.hibernate.cache.spi.UpdateTimestampsCache] : [Enrolment] -> [5579091030081538]
14:18:31,016 DEBUG BaseGeneralDataRegion:59 - Caching[foo.org.hibernate.cache.spi.UpdateTimestampsCache] : [Address] -> [5579091030081539]
14:18:31,016 DEBUG SQL:104 - 
    delete 
    from
        Student_secretCodes 
    where
        studentNumber=?
14:18:31,025 DEBUG BaseGeneralDataRegion:59 - Caching[foo.org.hibernate.cache.spi.UpdateTimestampsCache] : [Student_secretCodes] -> [5579091030118400]
14:18:31,026 DEBUG BaseGeneralDataRegion:59 - Caching[foo.org.hibernate.cache.spi.UpdateTimestampsCache] : [CourseMeeting] -> [5579091030122496]
14:18:31,026 DEBUG SQL:104 - 
    delete 
    from
        Enrolment 
    where
        studentId=? 
        and courseCode=?
14:18:31,026 DEBUG BaseGeneralDataRegion:59 - Caching[foo.org.hibernate.cache.spi.UpdateTimestampsCache] : [Enrolment] -> [5579091030122497]
14:18:31,026 DEBUG SQL:104 - 
    delete 
    from
        Address 
    where
        id=?
14:18:31,026 DEBUG BaseGeneralDataRegion:59 - Caching[foo.org.hibernate.cache.spi.UpdateTimestampsCache] : [Address] -> [5579091030122498]
14:18:31,026 DEBUG SQL:104 - 
    delete 
    from
        Address 
    where
        id=?
14:18:31,027 DEBUG BaseGeneralDataRegion:59 - Caching[foo.org.hibernate.cache.spi.UpdateTimestampsCache] : [Address] -> [5579091030126592]
14:18:31,027 DEBUG SQL:104 - 
    delete 
    from
        Student 
    where
        studentId=?
14:18:31,027 DEBUG BaseGeneralDataRegion:59 - Caching[foo.org.hibernate.cache.spi.UpdateTimestampsCache] : [Student] -> [5579091030126593]
14:18:31,027 DEBUG SQL:104 - 
    delete 
    from
        Enrolment 
    where
        studentId=? 
        and courseCode=?
14:18:31,027 DEBUG BaseGeneralDataRegion:59 - Caching[foo.org.hibernate.cache.spi.UpdateTimestampsCache] : [Enrolment] -> [5579091030126594]
14:18:31,027 DEBUG SQL:104 - 
    delete 
    from
        Student 
    where
        studentId=?
14:18:31,048 DEBUG BaseGeneralDataRegion:59 - Caching[foo.org.hibernate.cache.spi.UpdateTimestampsCache] : [Student] -> [5579091030212608]
14:18:31,049 DEBUG SQL:104 - 
    delete 
    from
        CourseMeeting 
    where
        courseCode=? 
        and day=? 
        and period=? 
        and location=?
14:18:31,049 DEBUG BaseGeneralDataRegion:59 - Caching[foo.org.hibernate.cache.spi.UpdateTimestampsCache] : [CourseMeeting] -> [5579091030216704]
14:18:31,049 DEBUG SQL:104 - 
    delete 
    from
        CourseMeeting 
    where
        courseCode=? 
        and day=? 
        and period=? 
        and location=?
14:18:31,049 DEBUG BaseGeneralDataRegion:59 - Caching[foo.org.hibernate.cache.spi.UpdateTimestampsCache] : [CourseMeeting] -> [5579091030216705]
14:18:31,049 DEBUG SQL:104 - 
    delete 
    from
        Course 
    where
        courseCode=?
14:18:31,050 DEBUG BaseGeneralDataRegion:59 - Caching[foo.org.hibernate.cache.spi.UpdateTimestampsCache] : [Course] -> [5579091030220800]
14:18:31,050 DEBUG BaseGeneralDataRegion:59 - Caching[foo.org.hibernate.cache.spi.UpdateTimestampsCache] : [Student] -> [5579090784460801]
14:18:31,059 DEBUG BaseGeneralDataRegion:59 - Caching[foo.org.hibernate.cache.spi.UpdateTimestampsCache] : [Course] -> [5579090784460801]
14:18:31,059 DEBUG BaseGeneralDataRegion:59 - Caching[foo.org.hibernate.cache.spi.UpdateTimestampsCache] : [Enrolment] -> [5579090784460801]
14:18:31,059 DEBUG BaseGeneralDataRegion:59 - Caching[foo.org.hibernate.cache.spi.UpdateTimestampsCache] : [Student_secretCodes] -> [5579090784460801]
14:18:31,059 DEBUG BaseGeneralDataRegion:59 - Caching[foo.org.hibernate.cache.spi.UpdateTimestampsCache] : [Address] -> [5579090784460801]
14:18:31,060 DEBUG BaseGeneralDataRegion:59 - Caching[foo.org.hibernate.cache.spi.UpdateTimestampsCache] : [CourseMeeting] -> [5579090784460801]
14:18:31,060  INFO CustomRunner:139 - Test: testOneEntityProjectionUnique
14:18:31,061 DEBUG SQL:104 - 
    select
        coursemeet_.courseCode,
        coursemeet_.day,
        coursemeet_.period,
        coursemeet_.location 
    from
        CourseMeeting coursemeet_ 
    where
        coursemeet_.courseCode=? 
        and coursemeet_.day=? 
        and coursemeet_.period=? 
        and coursemeet_.location=?
14:18:31,062 DEBUG SQL:104 - 
    select
        coursemeet_.courseCode,
        coursemeet_.day,
        coursemeet_.period,
        coursemeet_.location 
    from
        CourseMeeting coursemeet_ 
    where
        coursemeet_.courseCode=? 
        and coursemeet_.day=? 
        and coursemeet_.period=? 
        and coursemeet_.location=?
14:18:31,072 DEBUG SQL:104 - 
    insert 
    into
        Course
        (description, courseCode) 
    values
        (?, ?)
14:18:31,073 DEBUG BaseGeneralDataRegion:59 - Caching[foo.org.hibernate.cache.spi.UpdateTimestampsCache] : [Course] -> [5579091030315008]
14:18:31,073 DEBUG SQL:104 - 
    insert 
    into
        CourseMeeting
        (courseCode, day, period, location) 
    values
        (?, ?, ?, ?)
14:18:31,073 DEBUG BaseGeneralDataRegion:59 - Caching[foo.org.hibernate.cache.spi.UpdateTimestampsCache] : [CourseMeeting] -> [5579091030315009]
14:18:31,073 DEBUG SQL:104 - 
    insert 
    into
        CourseMeeting
        (courseCode, day, period, location) 
    values
        (?, ?, ?, ?)
14:18:31,082 DEBUG BaseGeneralDataRegion:59 - Caching[foo.org.hibernate.cache.spi.UpdateTimestampsCache] : [CourseMeeting] -> [5579091030351872]
14:18:31,083 DEBUG SQL:104 - 
    insert 
    into
        Student
        (name_first, name_middle, name_last, preferredCourseCode, studentId) 
    values
        (?, ?, ?, ?, ?)
14:18:31,083 DEBUG BaseGeneralDataRegion:59 - Caching[foo.org.hibernate.cache.spi.UpdateTimestampsCache] : [Student] -> [5579091030355968]
14:18:31,083 DEBUG SQL:104 - 
    insert 
    into
        Address
        (addressType, street, city, stateProvince, postalCode, country, studentNumber, id) 
    values
        (?, ?, ?, ?, ?, ?, ?, ?)
14:18:31,083 DEBUG BaseGeneralDataRegion:59 - Caching[foo.org.hibernate.cache.spi.UpdateTimestampsCache] : [Address] -> [5579091030355969]
14:18:31,083 DEBUG SQL:104 - 
    insert 
    into
        Address
        (addressType, street, city, stateProvince, postalCode, country, studentNumber, id) 
    values
        (?, ?, ?, ?, ?, ?, ?, ?)
14:18:31,083 DEBUG BaseGeneralDataRegion:59 - Caching[foo.org.hibernate.cache.spi.UpdateTimestampsCache] : [Address] -> [5579091030355970]
14:18:31,084 DEBUG SQL:104 - 
    insert 
    into
        Student
        (name_first, name_middle, name_last, preferredCourseCode, studentId) 
    values
        (?, ?, ?, ?, ?)
14:18:31,093 DEBUG BaseGeneralDataRegion:59 - Caching[foo.org.hibernate.cache.spi.UpdateTimestampsCache] : [Student] -> [5579091030396928]
14:18:31,093 DEBUG SQL:104 - 
    insert 
    into
        Enrolment
        (semester, "year", studentId, courseCode) 
    values
        (?, ?, ?, ?)
14:18:31,093 DEBUG BaseGeneralDataRegion:59 - Caching[foo.org.hibernate.cache.spi.UpdateTimestampsCache] : [Enrolment] -> [5579091030396929]
14:18:31,093 DEBUG SQL:104 - 
    insert 
    into
        Enrolment
        (semester, "year", studentId, courseCode) 
    values
        (?, ?, ?, ?)
14:18:31,093 DEBUG BaseGeneralDataRegion:59 - Caching[foo.org.hibernate.cache.spi.UpdateTimestampsCache] : [Enrolment] -> [5579091030396930]
14:18:31,094 DEBUG BaseGeneralDataRegion:59 - Caching[foo.org.hibernate.cache.spi.UpdateTimestampsCache] : [CourseMeeting] -> [5579091030401024]
14:18:31,094 DEBUG BaseGeneralDataRegion:59 - Caching[foo.org.hibernate.cache.spi.UpdateTimestampsCache] : [Enrolment] -> [5579091030401025]
14:18:31,094 DEBUG SQL:104 - 
    update
        Address 
    set
        studentNumber=?,
        addressType=? 
    where
        id=?
14:18:31,102 DEBUG SQL:104 - 
    update
        Address 
    set
        studentNumber=?,
        addressType=? 
    where
        id=?
14:18:31,103 DEBUG BaseGeneralDataRegion:59 - Caching[foo.org.hibernate.cache.spi.UpdateTimestampsCache] : [Address] -> [5579091030437888]
14:18:31,103 DEBUG SQL:104 - 
    insert 
    into
        Student_secretCodes
        (studentNumber, i, secretCode) 
    values
        (?, ?, ?)
14:18:31,103 DEBUG BaseGeneralDataRegion:59 - Caching[foo.org.hibernate.cache.spi.UpdateTimestampsCache] : [Student_secretCodes] -> [5579091030437889]
14:18:31,103 DEBUG BaseGeneralDataRegion:59 - Caching[foo.org.hibernate.cache.spi.UpdateTimestampsCache] : [Enrolment] -> [5579091030437890]
14:18:31,103 DEBUG BaseGeneralDataRegion:59 - Caching[foo.org.hibernate.cache.spi.UpdateTimestampsCache] : [Address] -> [5579091030437891]
14:18:31,103 DEBUG SQL:104 - 
    insert 
    into
        Student_secretCodes
        (studentNumber, i, secretCode) 
    values
        (?, ?, ?)
14:18:31,104 DEBUG SQL:104 - 
    insert 
    into
        Student_secretCodes
        (studentNumber, i, secretCode) 
    values
        (?, ?, ?)
14:18:31,112 DEBUG BaseGeneralDataRegion:59 - Caching[foo.org.hibernate.cache.spi.UpdateTimestampsCache] : [Student_secretCodes] -> [5579091030474752]
14:18:31,113 DEBUG BaseGeneralDataRegion:59 - Caching[foo.org.hibernate.cache.spi.UpdateTimestampsCache] : [Student] -> [5579090784718848]
14:18:31,113 DEBUG BaseGeneralDataRegion:59 - Caching[foo.org.hibernate.cache.spi.UpdateTimestampsCache] : [Course] -> [5579090784718848]
14:18:31,113 DEBUG BaseGeneralDataRegion:59 - Caching[foo.org.hibernate.cache.spi.UpdateTimestampsCache] : [Enrolment] -> [5579090784718848]
14:18:31,113 DEBUG BaseGeneralDataRegion:59 - Caching[foo.org.hibernate.cache.spi.UpdateTimestampsCache] : [Student_secretCodes] -> [5579090784718848]
14:18:31,113 DEBUG BaseGeneralDataRegion:59 - Caching[foo.org.hibernate.cache.spi.UpdateTimestampsCache] : [Address] -> [5579090784718848]
14:18:31,113 DEBUG BaseGeneralDataRegion:59 - Caching[foo.org.hibernate.cache.spi.UpdateTimestampsCache] : [CourseMeeting] -> [5579090784718848]
14:18:31,114 DEBUG QueryTranslatorImpl:265 - parse() - HQL: select e.student from org.hibernate.test.querycache.Enrolment e where e.studentNumber = :studentNumber
14:18:31,115 DEBUG QueryTranslatorImpl:283 - --- HQL AST ---
 \-[QUERY] Node: 'query'
    +-[SELECT_FROM] Node: 'SELECT_FROM'
    |  +-[FROM] Node: 'from'
    |  |  \-[RANGE] Node: 'RANGE'
    |  |     +-[DOT] Node: '.'
    |  |     |  +-[DOT] Node: '.'
    |  |     |  |  +-[DOT] Node: '.'
    |  |     |  |  |  +-[DOT] Node: '.'
    |  |     |  |  |  |  +-[IDENT] Node: 'org'
    |  |     |  |  |  |  \-[IDENT] Node: 'hibernate'
    |  |     |  |  |  \-[IDENT] Node: 'test'
    |  |     |  |  \-[IDENT] Node: 'querycache'
    |  |     |  \-[IDENT] Node: 'Enrolment'
    |  |     \-[ALIAS] Node: 'e'
    |  \-[SELECT] Node: 'select'
    |     \-[DOT] Node: '.'
    |        +-[IDENT] Node: 'e'
    |        \-[IDENT] Node: 'student'
    \-[WHERE] Node: 'where'
       \-[EQ] Node: '='
          +-[DOT] Node: '.'
          |  +-[IDENT] Node: 'e'
          |  \-[IDENT] Node: 'studentNumber'
          \-[COLON] Node: ':'
             \-[IDENT] Node: 'studentNumber'

14:18:31,122 DEBUG ErrorCounter:82 - throwQueryException() : no errors
14:18:31,122 DEBUG FromElement:157 - FromClause{level=1} : org.hibernate.test.querycache.Enrolment (e) -> enrolment0_
14:18:31,123 DEBUG FromReferenceNode:74 - Resolved : e -> (enrolment0_.studentId, enrolment0_.courseCode)
14:18:31,123 DEBUG DotNode:599 - getDataType() : student -> org.hibernate.type.ManyToOneType(org.hibernate.test.querycache.Student)
14:18:31,123 DEBUG DotNode:389 - dereferenceEntityJoin() : generating join for student in org.hibernate.test.querycache.Enrolment (<no alias>) parent = [ {null} ]
14:18:31,123 DEBUG FromElement:157 - FromClause{level=1} : org.hibernate.test.querycache.Student (<no alias>) -> student1_
14:18:31,123 DEBUG FromClause:282 - addJoinByPathMap() : e.student -> FromElement{explicit,not a collection join,not a fetch join,fetch non-lazy properties,classAlias=null,role=null,tableName=Student,tableAlias=student1_,origin=Enrolment enrolment0_,columns={enrolment0_.studentId ,className=org.hibernate.test.querycache.Student}}
14:18:31,123 DEBUG FromReferenceNode:74 - Resolved : e.student -> enrolment0_.studentId
14:18:31,123 DEBUG FromReferenceNode:74 - Resolved : e -> (enrolment0_.studentId, enrolment0_.courseCode)
14:18:31,124 DEBUG DotNode:599 - getDataType() : studentNumber -> org.hibernate.type.LongType@4bf3f9d
14:18:31,124 DEBUG FromReferenceNode:74 - Resolved : e.studentNumber -> enrolment0_.studentId
14:18:31,124 DEBUG HqlSqlWalker:629 - processQuery() :  ( SELECT ( {select clause} ( enrolment0_.studentId (enrolment0_.studentId, enrolment0_.courseCode) student ) ) ( FromClause{level=1} ( Enrolment enrolment0_ Student student1_ ) ) ( where ( = ( enrolment0_.studentId (enrolment0_.studentId, enrolment0_.courseCode) studentNumber ) ? ) ) )
14:18:31,124 DEBUG JoinProcessor:175 - Using FROM fragment [Enrolment enrolment0_]
14:18:31,124 DEBUG JoinProcessor:175 - Using FROM fragment [inner join Student student1_ on enrolment0_.studentId=student1_.studentId]
14:18:31,125 DEBUG QueryTranslatorImpl:252 - --- SQL AST ---
 \-[SELECT] QueryNode: 'SELECT'  querySpaces (Student,Enrolment)
    +-[SELECT_CLAUSE] SelectClause: '{select clause}'
    |  +-[DOT] DotNode: 'student1_.studentId as studentId4_' {propertyName=student,dereferenceType=EOF,propertyPath=student,path=e.student,tableAlias=student1_,className=org.hibernate.test.querycache.Student,classAlias=null}
    |  |  +-[ALIAS_REF] IdentNode: '(enrolment0_.studentId, enrolment0_.courseCode)' {alias=e, className=org.hibernate.test.querycache.Enrolment, tableAlias=enrolment0_}
    |  |  \-[IDENT] IdentNode: 'student' {originalText=student}
    |  \-[SQL_TOKEN] SqlFragment: 'student1_.name_first as name2_4_, student1_.name_middle as name3_4_, student1_.name_last as name4_4_, student1_.preferredCourseCode as preferre5_4_'
    +-[FROM] FromClause: 'from' FromClause{level=1, fromElementCounter=2, fromElements=2, fromElementByClassAlias=[e], fromElementByTableAlias=[student1_, enrolment0_], fromElementsByPath=[e.student], collectionJoinFromElementsByPath=[], impliedElements=[]}
    |  \-[FROM_FRAGMENT] FromElement: 'Enrolment enrolment0_' FromElement{explicit,not a collection join,not a fetch join,fetch non-lazy properties,classAlias=e,role=null,tableName=Enrolment,tableAlias=enrolment0_,origin=null,columns={,className=org.hibernate.test.querycache.Enrolment}}
    |     \-[JOIN_FRAGMENT] FromElement: 'inner join Student student1_ on enrolment0_.studentId=student1_.studentId' FromElement{explicit,not a collection join,not a fetch join,fetch non-lazy properties,classAlias=null,role=null,tableName=Student,tableAlias=student1_,origin=Enrolment enrolment0_,columns={enrolment0_.studentId ,className=org.hibernate.test.querycache.Student}}
    \-[WHERE] SqlNode: 'where'
       \-[EQ] BinaryLogicOperatorNode: '='
          +-[DOT] DotNode: 'enrolment0_.studentId' {propertyName=studentNumber,dereferenceType=ALL,propertyPath=studentNumber,path=e.studentNumber,tableAlias=enrolment0_,className=org.hibernate.test.querycache.Enrolment,classAlias=e}
          |  +-[ALIAS_REF] IdentNode: '(enrolment0_.studentId, enrolment0_.courseCode)' {alias=e, className=org.hibernate.test.querycache.Enrolment, tableAlias=enrolment0_}
          |  \-[IDENT] IdentNode: 'studentNumber' {originalText=studentNumber}
          \-[NAMED_PARAM] ParameterNode: '?' {name=studentNumber, expectedType=org.hibernate.type.LongType@4bf3f9d}

14:18:31,132 DEBUG ErrorCounter:82 - throwQueryException() : no errors
14:18:31,133 DEBUG QueryTranslatorImpl:235 - HQL: select e.student from org.hibernate.test.querycache.Enrolment e where e.studentNumber = :studentNumber
14:18:31,133 DEBUG QueryTranslatorImpl:236 - SQL: select student1_.studentId as studentId4_, student1_.name_first as name2_4_, student1_.name_middle as name3_4_, student1_.name_last as name4_4_, student1_.preferredCourseCode as preferre5_4_ from Enrolment enrolment0_ inner join Student student1_ on enrolment0_.studentId=student1_.studentId where enrolment0_.studentId=?
14:18:31,133 DEBUG ErrorCounter:82 - throwQueryException() : no errors
14:18:31,133 DEBUG SQL:104 - 
    select
        student1_.studentId as studentId4_,
        student1_.name_first as name2_4_,
        student1_.name_middle as name3_4_,
        student1_.name_last as name4_4_,
        student1_.preferredCourseCode as preferre5_4_ 
    from
        Enrolment enrolment0_ 
    inner join
        Student student1_ 
            on enrolment0_.studentId=student1_.studentId 
    where
        enrolment0_.studentId=?
14:18:31,134 DEBUG SQL:104 - 
    select
        secretcode0_.studentNumber as studentN1_4_0_,
        secretcode0_.secretCode as secretCode5_0_,
        secretcode0_.i as i0_ 
    from
        Student_secretCodes secretcode0_ 
    where
        secretcode0_.studentNumber=?
14:18:31,135 DEBUG SQL:104 - 
    select
        student1_.studentId as studentId4_,
        student1_.name_first as name2_4_,
        student1_.name_middle as name3_4_,
        student1_.name_last as name4_4_,
        student1_.preferredCourseCode as preferre5_4_ 
    from
        Enrolment enrolment0_ 
    inner join
        Student student1_ 
            on enrolment0_.studentId=student1_.studentId 
    where
        enrolment0_.studentId=?
14:18:31,135 DEBUG SQL:104 - 
    select
        secretcode0_.studentNumber as studentN1_4_0_,
        secretcode0_.secretCode as secretCode5_0_,
        secretcode0_.i as i0_ 
    from
        Student_secretCodes secretcode0_ 
    where
        secretcode0_.studentNumber=?
14:18:31,146 DEBUG SQL:104 - 
    select
        student_.studentId,
        student_.name_first as name2_4_,
        student_.name_middle as name3_4_,
        student_.name_last as name4_4_,
        student_.preferredCourseCode as preferre5_4_ 
    from
        Student student_ 
    where
        student_.studentId=?
14:18:31,147 DEBUG SQL:104 - 
    select
        enrolment_.studentId,
        enrolment_.courseCode,
        enrolment_.semester as semester3_,
        enrolment_."year" as year4_3_ 
    from
        Enrolment enrolment_ 
    where
        enrolment_.studentId=? 
        and enrolment_.courseCode=?
14:18:31,147 DEBUG SQL:104 - 
    select
        course_.courseCode,
        course_.description as descript2_1_ 
    from
        Course course_ 
    where
        course_.courseCode=?
14:18:31,157 DEBUG SQL:104 - 
    select
        student_.studentId,
        student_.name_first as name2_4_,
        student_.name_middle as name3_4_,
        student_.name_last as name4_4_,
        student_.preferredCourseCode as preferre5_4_ 
    from
        Student student_ 
    where
        student_.studentId=?
14:18:31,158 DEBUG SQL:104 - 
    select
        enrolment_.studentId,
        enrolment_.courseCode,
        enrolment_.semester as semester3_,
        enrolment_."year" as year4_3_ 
    from
        Enrolment enrolment_ 
    where
        enrolment_.studentId=? 
        and enrolment_.courseCode=?
14:18:31,158 DEBUG SQL:104 - 
    select
        coursemeet_.courseCode,
        coursemeet_.day,
        coursemeet_.period,
        coursemeet_.location 
    from
        CourseMeeting coursemeet_ 
    where
        coursemeet_.courseCode=? 
        and coursemeet_.day=? 
        and coursemeet_.period=? 
        and coursemeet_.location=?
14:18:31,158 DEBUG SQL:104 - 
    select
        coursemeet_.courseCode,
        coursemeet_.day,
        coursemeet_.period,
        coursemeet_.location 
    from
        CourseMeeting coursemeet_ 
    where
        coursemeet_.courseCode=? 
        and coursemeet_.day=? 
        and coursemeet_.period=? 
        and coursemeet_.location=?
14:18:31,185 DEBUG BaseGeneralDataRegion:59 - Caching[foo.org.hibernate.cache.spi.UpdateTimestampsCache] : [Enrolment] -> [5579091030773760]
14:18:31,185 DEBUG SQL:104 - 
    update
        Address 
    set
        studentNumber=null,
        addressType=null 
    where
        studentNumber=?
14:18:31,185 DEBUG BaseGeneralDataRegion:59 - Caching[foo.org.hibernate.cache.spi.UpdateTimestampsCache] : [Address] -> [5579091030773761]
14:18:31,185 DEBUG SQL:104 - 
    delete 
    from
        Student_secretCodes 
    where
        studentNumber=?
14:18:31,185 DEBUG BaseGeneralDataRegion:59 - Caching[foo.org.hibernate.cache.spi.UpdateTimestampsCache] : [Student_secretCodes] -> [5579091030773762]
14:18:31,186 DEBUG BaseGeneralDataRegion:59 - Caching[foo.org.hibernate.cache.spi.UpdateTimestampsCache] : [Enrolment] -> [5579091030777856]
14:18:31,186 DEBUG BaseGeneralDataRegion:59 - Caching[foo.org.hibernate.cache.spi.UpdateTimestampsCache] : [Address] -> [5579091030777857]
14:18:31,186 DEBUG SQL:104 - 
    delete 
    from
        Student_secretCodes 
    where
        studentNumber=?
14:18:31,186 DEBUG BaseGeneralDataRegion:59 - Caching[foo.org.hibernate.cache.spi.UpdateTimestampsCache] : [Student_secretCodes] -> [5579091030777858]
14:18:31,186 DEBUG BaseGeneralDataRegion:59 - Caching[foo.org.hibernate.cache.spi.UpdateTimestampsCache] : [CourseMeeting] -> [5579091030777859]
14:18:31,194 DEBUG SQL:104 - 
    delete 
    from
        Enrolment 
    where
        studentId=? 
        and courseCode=?
14:18:31,194 DEBUG BaseGeneralDataRegion:59 - Caching[foo.org.hibernate.cache.spi.UpdateTimestampsCache] : [Enrolment] -> [5579091030810624]
14:18:31,194 DEBUG SQL:104 - 
    delete 
    from
        Address 
    where
        id=?
14:18:31,195 DEBUG BaseGeneralDataRegion:59 - Caching[foo.org.hibernate.cache.spi.UpdateTimestampsCache] : [Address] -> [5579091030814720]
14:18:31,195 DEBUG SQL:104 - 
    delete 
    from
        Address 
    where
        id=?
14:18:31,195 DEBUG BaseGeneralDataRegion:59 - Caching[foo.org.hibernate.cache.spi.UpdateTimestampsCache] : [Address] -> [5579091030814721]
14:18:31,195 DEBUG SQL:104 - 
    delete 
    from
        Student 
    where
        studentId=?
14:18:31,195 DEBUG BaseGeneralDataRegion:59 - Caching[foo.org.hibernate.cache.spi.UpdateTimestampsCache] : [Student] -> [5579091030814722]
14:18:31,195 DEBUG SQL:104 - 
    delete 
    from
        Enrolment 
    where
        studentId=? 
        and courseCode=?
14:18:31,206 DEBUG BaseGeneralDataRegion:59 - Caching[foo.org.hibernate.cache.spi.UpdateTimestampsCache] : [Enrolment] -> [5579091030859776]
14:18:31,206 DEBUG SQL:104 - 
    delete 
    from
        Student 
    where
        studentId=?
14:18:31,207 DEBUG BaseGeneralDataRegion:59 - Caching[foo.org.hibernate.cache.spi.UpdateTimestampsCache] : [Student] -> [5579091030863872]
14:18:31,207 DEBUG SQL:104 - 
    delete 
    from
        CourseMeeting 
    where
        courseCode=? 
        and day=? 
        and period=? 
        and location=?
14:18:31,207 DEBUG BaseGeneralDataRegion:59 - Caching[foo.org.hibernate.cache.spi.UpdateTimestampsCache] : [CourseMeeting] -> [5579091030863873]
14:18:31,207 DEBUG SQL:104 - 
    delete 
    from
        CourseMeeting 
    where
        courseCode=? 
        and day=? 
        and period=? 
        and location=?
14:18:31,218 DEBUG BaseGeneralDataRegion:59 - Caching[foo.org.hibernate.cache.spi.UpdateTimestampsCache] : [CourseMeeting] -> [5579091030908928]
14:18:31,218 DEBUG SQL:104 - 
    delete 
    from
        Course 
    where
        courseCode=?
14:18:31,218 DEBUG BaseGeneralDataRegion:59 - Caching[foo.org.hibernate.cache.spi.UpdateTimestampsCache] : [Course] -> [5579091030908929]
14:18:31,218 DEBUG BaseGeneralDataRegion:59 - Caching[foo.org.hibernate.cache.spi.UpdateTimestampsCache] : [Student] -> [5579090785148930]
14:18:31,218 DEBUG BaseGeneralDataRegion:59 - Caching[foo.org.hibernate.cache.spi.UpdateTimestampsCache] : [Course] -> [5579090785148930]
14:18:31,219 DEBUG BaseGeneralDataRegion:59 - Caching[foo.org.hibernate.cache.spi.UpdateTimestampsCache] : [Enrolment] -> [5579090785148930]
14:18:31,219 DEBUG BaseGeneralDataRegion:59 - Caching[foo.org.hibernate.cache.spi.UpdateTimestampsCache] : [Student_secretCodes] -> [5579090785148930]
14:18:31,219 DEBUG BaseGeneralDataRegion:59 - Caching[foo.org.hibernate.cache.spi.UpdateTimestampsCache] : [Address] -> [5579090785148930]
14:18:31,219 DEBUG BaseGeneralDataRegion:59 - Caching[foo.org.hibernate.cache.spi.UpdateTimestampsCache] : [CourseMeeting] -> [5579090785148930]
14:18:31,219  INFO CustomRunner:139 - Test: testOneNonEntityProjectionList
14:18:31,220 DEBUG SQL:104 - 
    select
        coursemeet_.courseCode,
        coursemeet_.day,
        coursemeet_.period,
        coursemeet_.location 
    from
        CourseMeeting coursemeet_ 
    where
        coursemeet_.courseCode=? 
        and coursemeet_.day=? 
        and coursemeet_.period=? 
        and coursemeet_.location=?
14:18:31,232 DEBUG SQL:104 - 
    select
        coursemeet_.courseCode,
        coursemeet_.day,
        coursemeet_.period,
        coursemeet_.location 
    from
        CourseMeeting coursemeet_ 
    where
        coursemeet_.courseCode=? 
        and coursemeet_.day=? 
        and coursemeet_.period=? 
        and coursemeet_.location=?
14:18:31,232 DEBUG SQL:104 - 
    insert 
    into
        Course
        (description, courseCode) 
    values
        (?, ?)
14:18:31,233 DEBUG BaseGeneralDataRegion:59 - Caching[foo.org.hibernate.cache.spi.UpdateTimestampsCache] : [Course] -> [5579091030970368]
14:18:31,233 DEBUG SQL:104 - 
    insert 
    into
        CourseMeeting
        (courseCode, day, period, location) 
    values
        (?, ?, ?, ?)
14:18:31,243 DEBUG BaseGeneralDataRegion:59 - Caching[foo.org.hibernate.cache.spi.UpdateTimestampsCache] : [CourseMeeting] -> [5579091031011328]
14:18:31,243 DEBUG SQL:104 - 
    insert 
    into
        CourseMeeting
        (courseCode, day, period, location) 
    values
        (?, ?, ?, ?)
14:18:31,244 DEBUG BaseGeneralDataRegion:59 - Caching[foo.org.hibernate.cache.spi.UpdateTimestampsCache] : [CourseMeeting] -> [5579091031015424]
14:18:31,244 DEBUG SQL:104 - 
    insert 
    into
        Student
        (name_first, name_middle, name_last, preferredCourseCode, studentId) 
    values
        (?, ?, ?, ?, ?)
14:18:31,245 DEBUG BaseGeneralDataRegion:59 - Caching[foo.org.hibernate.cache.spi.UpdateTimestampsCache] : [Student] -> [5579091031019520]
14:18:31,245 DEBUG SQL:104 - 
    insert 
    into
        Address
        (addressType, street, city, stateProvince, postalCode, country, studentNumber, id) 
    values
        (?, ?, ?, ?, ?, ?, ?, ?)
14:18:31,245 DEBUG BaseGeneralDataRegion:59 - Caching[foo.org.hibernate.cache.spi.UpdateTimestampsCache] : [Address] -> [5579091031019521]
14:18:31,246 DEBUG SQL:104 - 
    insert 
    into
        Address
        (addressType, street, city, stateProvince, postalCode, country, studentNumber, id) 
    values
        (?, ?, ?, ?, ?, ?, ?, ?)
14:18:31,256 DEBUG BaseGeneralDataRegion:59 - Caching[foo.org.hibernate.cache.spi.UpdateTimestampsCache] : [Address] -> [5579091031064576]
14:18:31,256 DEBUG SQL:104 - 
    insert 
    into
        Student
        (name_first, name_middle, name_last, preferredCourseCode, studentId) 
    values
        (?, ?, ?, ?, ?)
14:18:31,257 DEBUG BaseGeneralDataRegion:59 - Caching[foo.org.hibernate.cache.spi.UpdateTimestampsCache] : [Student] -> [5579091031068672]
14:18:31,257 DEBUG SQL:104 - 
    insert 
    into
        Enrolment
        (semester, "year", studentId, courseCode) 
    values
        (?, ?, ?, ?)
14:18:31,258 DEBUG BaseGeneralDataRegion:59 - Caching[foo.org.hibernate.cache.spi.UpdateTimestampsCache] : [Enrolment] -> [5579091031072768]
14:18:31,258 DEBUG SQL:104 - 
    insert 
    into
        Enrolment
        (semester, "year", studentId, courseCode) 
    values
        (?, ?, ?, ?)
14:18:31,258 DEBUG BaseGeneralDataRegion:59 - Caching[foo.org.hibernate.cache.spi.UpdateTimestampsCache] : [Enrolment] -> [5579091031072769]
14:18:31,259 DEBUG BaseGeneralDataRegion:59 - Caching[foo.org.hibernate.cache.spi.UpdateTimestampsCache] : [CourseMeeting] -> [5579091031076864]
14:18:31,259 DEBUG BaseGeneralDataRegion:59 - Caching[foo.org.hibernate.cache.spi.UpdateTimestampsCache] : [Enrolment] -> [5579091031076865]
14:18:31,259 DEBUG SQL:104 - 
    update
        Address 
    set
        studentNumber=?,
        addressType=? 
    where
        id=?
14:18:31,259 DEBUG SQL:104 - 
    update
        Address 
    set
        studentNumber=?,
        addressType=? 
    where
        id=?
14:18:31,260 DEBUG BaseGeneralDataRegion:59 - Caching[foo.org.hibernate.cache.spi.UpdateTimestampsCache] : [Address] -> [5579091031080960]
14:18:31,260 DEBUG SQL:104 - 
    insert 
    into
        Student_secretCodes
        (studentNumber, i, secretCode) 
    values
        (?, ?, ?)
14:18:31,261 DEBUG BaseGeneralDataRegion:59 - Caching[foo.org.hibernate.cache.spi.UpdateTimestampsCache] : [Student_secretCodes] -> [5579091031085056]
14:18:31,261 DEBUG BaseGeneralDataRegion:59 - Caching[foo.org.hibernate.cache.spi.UpdateTimestampsCache] : [Enrolment] -> [5579091031085057]
14:18:31,261 DEBUG BaseGeneralDataRegion:59 - Caching[foo.org.hibernate.cache.spi.UpdateTimestampsCache] : [Address] -> [5579091031085058]
14:18:31,261 DEBUG SQL:104 - 
    insert 
    into
        Student_secretCodes
        (studentNumber, i, secretCode) 
    values
        (?, ?, ?)
14:18:31,262 DEBUG SQL:104 - 
    insert 
    into
        Student_secretCodes
        (studentNumber, i, secretCode) 
    values
        (?, ?, ?)
14:18:31,276 DEBUG BaseGeneralDataRegion:59 - Caching[foo.org.hibernate.cache.spi.UpdateTimestampsCache] : [Student_secretCodes] -> [5579091031146496]
14:18:31,276 DEBUG BaseGeneralDataRegion:59 - Caching[foo.org.hibernate.cache.spi.UpdateTimestampsCache] : [Student] -> [5579090785386497]
14:18:31,276 DEBUG BaseGeneralDataRegion:59 - Caching[foo.org.hibernate.cache.spi.UpdateTimestampsCache] : [Course] -> [5579090785386497]
14:18:31,276 DEBUG BaseGeneralDataRegion:59 - Caching[foo.org.hibernate.cache.spi.UpdateTimestampsCache] : [Enrolment] -> [5579090785386497]
14:18:31,278 DEBUG BaseGeneralDataRegion:59 - Caching[foo.org.hibernate.cache.spi.UpdateTimestampsCache] : [Student_secretCodes] -> [5579090785386497]
14:18:31,278 DEBUG BaseGeneralDataRegion:59 - Caching[foo.org.hibernate.cache.spi.UpdateTimestampsCache] : [Address] -> [5579090785386497]
14:18:31,278 DEBUG BaseGeneralDataRegion:59 - Caching[foo.org.hibernate.cache.spi.UpdateTimestampsCache] : [CourseMeeting] -> [5579090785386497]
14:18:31,278 DEBUG QueryTranslatorImpl:265 - parse() - HQL: select e.semester from org.hibernate.test.querycache.Enrolment e order by e.studentNumber
14:18:31,279 DEBUG QueryTranslatorImpl:283 - --- HQL AST ---
 \-[QUERY] Node: 'query'
    +-[SELECT_FROM] Node: 'SELECT_FROM'
    |  +-[FROM] Node: 'from'
    |  |  \-[RANGE] Node: 'RANGE'
    |  |     +-[DOT] Node: '.'
    |  |     |  +-[DOT] Node: '.'
    |  |     |  |  +-[DOT] Node: '.'
    |  |     |  |  |  +-[DOT] Node: '.'
    |  |     |  |  |  |  +-[IDENT] Node: 'org'
    |  |     |  |  |  |  \-[IDENT] Node: 'hibernate'
    |  |     |  |  |  \-[IDENT] Node: 'test'
    |  |     |  |  \-[IDENT] Node: 'querycache'
    |  |     |  \-[IDENT] Node: 'Enrolment'
    |  |     \-[ALIAS] Node: 'e'
    |  \-[SELECT] Node: 'select'
    |     \-[DOT] Node: '.'
    |        +-[IDENT] Node: 'e'
    |        \-[IDENT] Node: 'semester'
    \-[ORDER] Node: 'order'
       \-[DOT] Node: '.'
          +-[IDENT] Node: 'e'
          \-[IDENT] Node: 'studentNumber'

14:18:31,292 DEBUG ErrorCounter:82 - throwQueryException() : no errors
14:18:31,293 DEBUG FromElement:157 - FromClause{level=1} : org.hibernate.test.querycache.Enrolment (e) -> enrolment0_
14:18:31,293 DEBUG FromReferenceNode:74 - Resolved : e -> (enrolment0_.studentId, enrolment0_.courseCode)
14:18:31,293 DEBUG DotNode:599 - getDataType() : semester -> org.hibernate.type.ShortType@491168d6
14:18:31,293 DEBUG FromReferenceNode:74 - Resolved : e.semester -> enrolment0_.semester
14:18:31,293 DEBUG FromReferenceNode:74 - Resolved : e -> enrolment0_.studentId, enrolment0_.courseCode
14:18:31,294 DEBUG DotNode:599 - getDataType() : studentNumber -> org.hibernate.type.LongType@4bf3f9d
14:18:31,294 DEBUG FromReferenceNode:74 - Resolved : e.studentNumber -> enrolment0_.studentId
14:18:31,294 DEBUG HqlSqlWalker:629 - processQuery() :  ( SELECT ( {select clause} ( enrolment0_.semester (enrolment0_.studentId, enrolment0_.courseCode) semester ) ) ( FromClause{level=1} Enrolment enrolment0_ ) ( order ( enrolment0_.studentId enrolment0_.studentId, enrolment0_.courseCode studentNumber ) ) )
14:18:31,294 DEBUG JoinProcessor:175 - Using FROM fragment [Enrolment enrolment0_]
14:18:31,294 DEBUG QueryTranslatorImpl:252 - --- SQL AST ---
 \-[SELECT] QueryNode: 'SELECT'  querySpaces (Enrolment)
    +-[SELECT_CLAUSE] SelectClause: '{select clause}'
    |  +-[DOT] DotNode: 'enrolment0_.semester' {propertyName=semester,dereferenceType=ALL,propertyPath=semester,path=e.semester,tableAlias=enrolment0_,className=org.hibernate.test.querycache.Enrolment,classAlias=e}
    |  |  +-[ALIAS_REF] IdentNode: '(enrolment0_.studentId, enrolment0_.courseCode)' {alias=e, className=org.hibernate.test.querycache.Enrolment, tableAlias=enrolment0_}
    |  |  \-[IDENT] IdentNode: 'semester' {originalText=semester}
    |  \-[SELECT_COLUMNS] SqlNode: ' as col_0_0_'
    +-[FROM] FromClause: 'from' FromClause{level=1, fromElementCounter=1, fromElements=1, fromElementByClassAlias=[e], fromElementByTableAlias=[enrolment0_], fromElementsByPath=[], collectionJoinFromElementsByPath=[], impliedElements=[]}
    |  \-[FROM_FRAGMENT] FromElement: 'Enrolment enrolment0_' FromElement{explicit,not a collection join,not a fetch join,fetch non-lazy properties,classAlias=e,role=null,tableName=Enrolment,tableAlias=enrolment0_,origin=null,columns={,className=org.hibernate.test.querycache.Enrolment}}
    \-[ORDER] OrderByClause: 'order'
       \-[DOT] DotNode: 'enrolment0_.studentId' {propertyName=studentNumber,dereferenceType=ALL,propertyPath=studentNumber,path=e.studentNumber,tableAlias=enrolment0_,className=org.hibernate.test.querycache.Enrolment,classAlias=e}
          +-[ALIAS_REF] IdentNode: 'enrolment0_.studentId, enrolment0_.courseCode' {alias=e, className=org.hibernate.test.querycache.Enrolment, tableAlias=enrolment0_}
          \-[IDENT] IdentNode: 'studentNumber' {originalText=studentNumber}

14:18:31,294 DEBUG ErrorCounter:82 - throwQueryException() : no errors
14:18:31,295 DEBUG QueryTranslatorImpl:235 - HQL: select e.semester from org.hibernate.test.querycache.Enrolment e order by e.studentNumber
14:18:31,295 DEBUG QueryTranslatorImpl:236 - SQL: select enrolment0_.semester as col_0_0_ from Enrolment enrolment0_ order by enrolment0_.studentId
14:18:31,303 DEBUG ErrorCounter:82 - throwQueryException() : no errors
14:18:31,303 DEBUG SQL:104 - 
    select
        enrolment0_.semester as col_0_0_ 
    from
        Enrolment enrolment0_ 
    order by
        enrolment0_.studentId
14:18:31,304 DEBUG SQL:104 - 
    select
        enrolment0_.semester as col_0_0_ 
    from
        Enrolment enrolment0_ 
    order by
        enrolment0_.studentId
14:18:31,313 DEBUG SQL:104 - 
    select
        student_.studentId,
        student_.name_first as name2_4_,
        student_.name_middle as name3_4_,
        student_.name_last as name4_4_,
        student_.preferredCourseCode as preferre5_4_ 
    from
        Student student_ 
    where
        student_.studentId=?
14:18:31,314 DEBUG SQL:104 - 
    select
        enrolment_.studentId,
        enrolment_.courseCode,
        enrolment_.semester as semester3_,
        enrolment_."year" as year4_3_ 
    from
        Enrolment enrolment_ 
    where
        enrolment_.studentId=? 
        and enrolment_.courseCode=?
14:18:31,315 DEBUG SQL:104 - 
    select
        course_.courseCode,
        course_.description as descript2_1_ 
    from
        Course course_ 
    where
        course_.courseCode=?
14:18:31,324 DEBUG SQL:104 - 
    select
        student_.studentId,
        student_.name_first as name2_4_,
        student_.name_middle as name3_4_,
        student_.name_last as name4_4_,
        student_.preferredCourseCode as preferre5_4_ 
    from
        Student student_ 
    where
        student_.studentId=?
14:18:31,325 DEBUG SQL:104 - 
    select
        enrolment_.studentId,
        enrolment_.courseCode,
        enrolment_.semester as semester3_,
        enrolment_."year" as year4_3_ 
    from
        Enrolment enrolment_ 
    where
        enrolment_.studentId=? 
        and enrolment_.courseCode=?
14:18:31,327 DEBUG SQL:104 - 
    select
        coursemeet_.courseCode,
        coursemeet_.day,
        coursemeet_.period,
        coursemeet_.location 
    from
        CourseMeeting coursemeet_ 
    where
        coursemeet_.courseCode=? 
        and coursemeet_.day=? 
        and coursemeet_.period=? 
        and coursemeet_.location=?
14:18:31,335 DEBUG SQL:104 - 
    select
        coursemeet_.courseCode,
        coursemeet_.day,
        coursemeet_.period,
        coursemeet_.location 
    from
        CourseMeeting coursemeet_ 
    where
        coursemeet_.courseCode=? 
        and coursemeet_.day=? 
        and coursemeet_.period=? 
        and coursemeet_.location=?
14:18:31,336 DEBUG BaseGeneralDataRegion:59 - Caching[foo.org.hibernate.cache.spi.UpdateTimestampsCache] : [Enrolment] -> [5579091031392256]
14:18:31,336 DEBUG SQL:104 - 
    update
        Address 
    set
        studentNumber=null,
        addressType=null 
    where
        studentNumber=?
14:18:31,336 DEBUG BaseGeneralDataRegion:59 - Caching[foo.org.hibernate.cache.spi.UpdateTimestampsCache] : [Address] -> [5579091031392257]
14:18:31,336 DEBUG SQL:104 - 
    delete 
    from
        Student_secretCodes 
    where
        studentNumber=?
14:18:31,345 DEBUG BaseGeneralDataRegion:59 - Caching[foo.org.hibernate.cache.spi.UpdateTimestampsCache] : [Student_secretCodes] -> [5579091031429120]
14:18:31,345 DEBUG BaseGeneralDataRegion:59 - Caching[foo.org.hibernate.cache.spi.UpdateTimestampsCache] : [Enrolment] -> [5579091031429121]
14:18:31,346 DEBUG BaseGeneralDataRegion:59 - Caching[foo.org.hibernate.cache.spi.UpdateTimestampsCache] : [Address] -> [5579091031433216]
14:18:31,346 DEBUG SQL:104 - 
    delete 
    from
        Student_secretCodes 
    where
        studentNumber=?
14:18:31,346 DEBUG BaseGeneralDataRegion:59 - Caching[foo.org.hibernate.cache.spi.UpdateTimestampsCache] : [Student_secretCodes] -> [5579091031433217]
14:18:31,346 DEBUG BaseGeneralDataRegion:59 - Caching[foo.org.hibernate.cache.spi.UpdateTimestampsCache] : [CourseMeeting] -> [5579091031433218]
14:18:31,346 DEBUG SQL:104 - 
    delete 
    from
        Enrolment 
    where
        studentId=? 
        and courseCode=?
14:18:31,346 DEBUG BaseGeneralDataRegion:59 - Caching[foo.org.hibernate.cache.spi.UpdateTimestampsCache] : [Enrolment] -> [5579091031433219]
14:18:31,346 DEBUG SQL:104 - 
    delete 
    from
        Address 
    where
        id=?
14:18:31,347 DEBUG BaseGeneralDataRegion:59 - Caching[foo.org.hibernate.cache.spi.UpdateTimestampsCache] : [Address] -> [5579091031437312]
14:18:31,347 DEBUG SQL:104 - 
    delete 
    from
        Address 
    where
        id=?
14:18:31,356 DEBUG BaseGeneralDataRegion:59 - Caching[foo.org.hibernate.cache.spi.UpdateTimestampsCache] : [Address] -> [5579091031474176]
14:18:31,356 DEBUG SQL:104 - 
    delete 
    from
        Student 
    where
        studentId=?
14:18:31,357 DEBUG BaseGeneralDataRegion:59 - Caching[foo.org.hibernate.cache.spi.UpdateTimestampsCache] : [Student] -> [5579091031478272]
14:18:31,357 DEBUG SQL:104 - 
    delete 
    from
        Enrolment 
    where
        studentId=? 
        and courseCode=?
14:18:31,357 DEBUG BaseGeneralDataRegion:59 - Caching[foo.org.hibernate.cache.spi.UpdateTimestampsCache] : [Enrolment] -> [5579091031478273]
14:18:31,358 DEBUG SQL:104 - 
    delete 
    from
        Student 
    where
        studentId=?
14:18:31,358 DEBUG BaseGeneralDataRegion:59 - Caching[foo.org.hibernate.cache.spi.UpdateTimestampsCache] : [Student] -> [5579091031482368]
14:18:31,358 DEBUG SQL:104 - 
    delete 
    from
        CourseMeeting 
    where
        courseCode=? 
        and day=? 
        and period=? 
        and location=?
14:18:31,366 DEBUG BaseGeneralDataRegion:59 - Caching[foo.org.hibernate.cache.spi.UpdateTimestampsCache] : [CourseMeeting] -> [5579091031515136]
14:18:31,366 DEBUG SQL:104 - 
    delete 
    from
        CourseMeeting 
    where
        courseCode=? 
        and day=? 
        and period=? 
        and location=?
14:18:31,367 DEBUG BaseGeneralDataRegion:59 - Caching[foo.org.hibernate.cache.spi.UpdateTimestampsCache] : [CourseMeeting] -> [5579091031519232]
14:18:31,367 DEBUG SQL:104 - 
    delete 
    from
        Course 
    where
        courseCode=?
14:18:31,367 DEBUG BaseGeneralDataRegion:59 - Caching[foo.org.hibernate.cache.spi.UpdateTimestampsCache] : [Course] -> [5579091031519233]
14:18:31,367 DEBUG BaseGeneralDataRegion:59 - Caching[foo.org.hibernate.cache.spi.UpdateTimestampsCache] : [Student] -> [5579090785759234]
14:18:31,367 DEBUG BaseGeneralDataRegion:59 - Caching[foo.org.hibernate.cache.spi.UpdateTimestampsCache] : [Course] -> [5579090785759234]
14:18:31,367 DEBUG BaseGeneralDataRegion:59 - Caching[foo.org.hibernate.cache.spi.UpdateTimestampsCache] : [Enrolment] -> [5579090785759234]
14:18:31,367 DEBUG BaseGeneralDataRegion:59 - Caching[foo.org.hibernate.cache.spi.UpdateTimestampsCache] : [Student_secretCodes] -> [5579090785759234]
14:18:31,376 DEBUG BaseGeneralDataRegion:59 - Caching[foo.org.hibernate.cache.spi.UpdateTimestampsCache] : [Address] -> [5579090785759234]
14:18:31,377 DEBUG BaseGeneralDataRegion:59 - Caching[foo.org.hibernate.cache.spi.UpdateTimestampsCache] : [CourseMeeting] -> [5579090785759234]
14:18:31,377  INFO CustomRunner:139 - Test: testOneNonEntityProjectionUnique
14:18:31,378 DEBUG SQL:104 - 
    select
        coursemeet_.courseCode,
        coursemeet_.day,
        coursemeet_.period,
        coursemeet_.location 
    from
        CourseMeeting coursemeet_ 
    where
        coursemeet_.courseCode=? 
        and coursemeet_.day=? 
        and coursemeet_.period=? 
        and coursemeet_.location=?
14:18:31,379 DEBUG SQL:104 - 
    select
        coursemeet_.courseCode,
        coursemeet_.day,
        coursemeet_.period,
        coursemeet_.location 
    from
        CourseMeeting coursemeet_ 
    where
        coursemeet_.courseCode=? 
        and coursemeet_.day=? 
        and coursemeet_.period=? 
        and coursemeet_.location=?
14:18:31,388 DEBUG SQL:104 - 
    insert 
    into
        Course
        (description, courseCode) 
    values
        (?, ?)
14:18:31,389 DEBUG BaseGeneralDataRegion:59 - Caching[foo.org.hibernate.cache.spi.UpdateTimestampsCache] : [Course] -> [5579091031609344]
14:18:31,389 DEBUG SQL:104 - 
    insert 
    into
        CourseMeeting
        (courseCode, day, period, location) 
    values
        (?, ?, ?, ?)
14:18:31,389 DEBUG BaseGeneralDataRegion:59 - Caching[foo.org.hibernate.cache.spi.UpdateTimestampsCache] : [CourseMeeting] -> [5579091031609345]
14:18:31,389 DEBUG SQL:104 - 
    insert 
    into
        CourseMeeting
        (courseCode, day, period, location) 
    values
        (?, ?, ?, ?)
14:18:31,389 DEBUG BaseGeneralDataRegion:59 - Caching[foo.org.hibernate.cache.spi.UpdateTimestampsCache] : [CourseMeeting] -> [5579091031609346]
14:18:31,389 DEBUG SQL:104 - 
    insert 
    into
        Student
        (name_first, name_middle, name_last, preferredCourseCode, studentId) 
    values
        (?, ?, ?, ?, ?)
14:18:31,390 DEBUG BaseGeneralDataRegion:59 - Caching[foo.org.hibernate.cache.spi.UpdateTimestampsCache] : [Student] -> [5579091031613440]
14:18:31,390 DEBUG SQL:104 - 
    insert 
    into
        Address
        (addressType, street, city, stateProvince, postalCode, country, studentNumber, id) 
    values
        (?, ?, ?, ?, ?, ?, ?, ?)
14:18:31,390 DEBUG BaseGeneralDataRegion:59 - Caching[foo.org.hibernate.cache.spi.UpdateTimestampsCache] : [Address] -> [5579091031613441]
14:18:31,390 DEBUG SQL:104 - 
    insert 
    into
        Address
        (addressType, street, city, stateProvince, postalCode, country, studentNumber, id) 
    values
        (?, ?, ?, ?, ?, ?, ?, ?)
14:18:31,390 DEBUG BaseGeneralDataRegion:59 - Caching[foo.org.hibernate.cache.spi.UpdateTimestampsCache] : [Address] -> [5579091031613442]
14:18:31,390 DEBUG SQL:104 - 
    insert 
    into
        Student
        (name_first, name_middle, name_last, preferredCourseCode, studentId) 
    values
        (?, ?, ?, ?, ?)
14:18:31,390 DEBUG BaseGeneralDataRegion:59 - Caching[foo.org.hibernate.cache.spi.UpdateTimestampsCache] : [Student] -> [5579091031613443]
14:18:31,391 DEBUG SQL:104 - 
    insert 
    into
        Enrolment
        (semester, "year", studentId, courseCode) 
    values
        (?, ?, ?, ?)
14:18:31,404 DEBUG BaseGeneralDataRegion:59 - Caching[foo.org.hibernate.cache.spi.UpdateTimestampsCache] : [Enrolment] -> [5579091031670784]
14:18:31,404 DEBUG SQL:104 - 
    insert 
    into
        Enrolment
        (semester, "year", studentId, courseCode) 
    values
        (?, ?, ?, ?)
14:18:31,404 DEBUG BaseGeneralDataRegion:59 - Caching[foo.org.hibernate.cache.spi.UpdateTimestampsCache] : [Enrolment] -> [5579091031670785]
14:18:31,405 DEBUG BaseGeneralDataRegion:59 - Caching[foo.org.hibernate.cache.spi.UpdateTimestampsCache] : [CourseMeeting] -> [5579091031674880]
14:18:31,405 DEBUG BaseGeneralDataRegion:59 - Caching[foo.org.hibernate.cache.spi.UpdateTimestampsCache] : [Enrolment] -> [5579091031674881]
14:18:31,405 DEBUG SQL:104 - 
    update
        Address 
    set
        studentNumber=?,
        addressType=? 
    where
        id=?
14:18:31,405 DEBUG SQL:104 - 
    update
        Address 
    set
        studentNumber=?,
        addressType=? 
    where
        id=?
14:18:31,417 DEBUG BaseGeneralDataRegion:59 - Caching[foo.org.hibernate.cache.spi.UpdateTimestampsCache] : [Address] -> [5579091031724032]
14:18:31,417 DEBUG SQL:104 - 
    insert 
    into
        Student_secretCodes
        (studentNumber, i, secretCode) 
    values
        (?, ?, ?)
14:18:31,417 DEBUG BaseGeneralDataRegion:59 - Caching[foo.org.hibernate.cache.spi.UpdateTimestampsCache] : [Student_secretCodes] -> [5579091031724033]
14:18:31,417 DEBUG BaseGeneralDataRegion:59 - Caching[foo.org.hibernate.cache.spi.UpdateTimestampsCache] : [Enrolment] -> [5579091031724034]
14:18:31,417 DEBUG BaseGeneralDataRegion:59 - Caching[foo.org.hibernate.cache.spi.UpdateTimestampsCache] : [Address] -> [5579091031724035]
14:18:31,417 DEBUG SQL:104 - 
    insert 
    into
        Student_secretCodes
        (studentNumber, i, secretCode) 
    values
        (?, ?, ?)
14:18:31,418 DEBUG SQL:104 - 
    insert 
    into
        Student_secretCodes
        (studentNumber, i, secretCode) 
    values
        (?, ?, ?)
14:18:31,418 DEBUG BaseGeneralDataRegion:59 - Caching[foo.org.hibernate.cache.spi.UpdateTimestampsCache] : [Student_secretCodes] -> [5579091031728128]
14:18:31,418 DEBUG BaseGeneralDataRegion:59 - Caching[foo.org.hibernate.cache.spi.UpdateTimestampsCache] : [Student] -> [5579090785968129]
14:18:31,418 DEBUG BaseGeneralDataRegion:59 - Caching[foo.org.hibernate.cache.spi.UpdateTimestampsCache] : [Course] -> [5579090785968129]
14:18:31,428 DEBUG BaseGeneralDataRegion:59 - Caching[foo.org.hibernate.cache.spi.UpdateTimestampsCache] : [Enrolment] -> [5579090785968129]
14:18:31,428 DEBUG BaseGeneralDataRegion:59 - Caching[foo.org.hibernate.cache.spi.UpdateTimestampsCache] : [Student_secretCodes] -> [5579090785968129]
14:18:31,428 DEBUG BaseGeneralDataRegion:59 - Caching[foo.org.hibernate.cache.spi.UpdateTimestampsCache] : [Address] -> [5579090785968129]
14:18:31,429 DEBUG BaseGeneralDataRegion:59 - Caching[foo.org.hibernate.cache.spi.UpdateTimestampsCache] : [CourseMeeting] -> [5579090785968129]
14:18:31,429 DEBUG QueryTranslatorImpl:265 - parse() - HQL: select e.semester from org.hibernate.test.querycache.Enrolment e where e.studentNumber = :studentNumber
14:18:31,430 DEBUG QueryTranslatorImpl:283 - --- HQL AST ---
 \-[QUERY] Node: 'query'
    +-[SELECT_FROM] Node: 'SELECT_FROM'
    |  +-[FROM] Node: 'from'
    |  |  \-[RANGE] Node: 'RANGE'
    |  |     +-[DOT] Node: '.'
    |  |     |  +-[DOT] Node: '.'
    |  |     |  |  +-[DOT] Node: '.'
    |  |     |  |  |  +-[DOT] Node: '.'
    |  |     |  |  |  |  +-[IDENT] Node: 'org'
    |  |     |  |  |  |  \-[IDENT] Node: 'hibernate'
    |  |     |  |  |  \-[IDENT] Node: 'test'
    |  |     |  |  \-[IDENT] Node: 'querycache'
    |  |     |  \-[IDENT] Node: 'Enrolment'
    |  |     \-[ALIAS] Node: 'e'
    |  \-[SELECT] Node: 'select'
    |     \-[DOT] Node: '.'
    |        +-[IDENT] Node: 'e'
    |        \-[IDENT] Node: 'semester'
    \-[WHERE] Node: 'where'
       \-[EQ] Node: '='
          +-[DOT] Node: '.'
          |  +-[IDENT] Node: 'e'
          |  \-[IDENT] Node: 'studentNumber'
          \-[COLON] Node: ':'
             \-[IDENT] Node: 'studentNumber'

14:18:31,440 DEBUG ErrorCounter:82 - throwQueryException() : no errors
14:18:31,440 DEBUG FromElement:157 - FromClause{level=1} : org.hibernate.test.querycache.Enrolment (e) -> enrolment0_
14:18:31,440 DEBUG FromReferenceNode:74 - Resolved : e -> (enrolment0_.studentId, enrolment0_.courseCode)
14:18:31,441 DEBUG DotNode:599 - getDataType() : semester -> org.hibernate.type.ShortType@491168d6
14:18:31,441 DEBUG FromReferenceNode:74 - Resolved : e.semester -> enrolment0_.semester
14:18:31,441 DEBUG FromReferenceNode:74 - Resolved : e -> (enrolment0_.studentId, enrolment0_.courseCode)
14:18:31,441 DEBUG DotNode:599 - getDataType() : studentNumber -> org.hibernate.type.LongType@4bf3f9d
14:18:31,441 DEBUG FromReferenceNode:74 - Resolved : e.studentNumber -> enrolment0_.studentId
14:18:31,441 DEBUG HqlSqlWalker:629 - processQuery() :  ( SELECT ( {select clause} ( enrolment0_.semester (enrolment0_.studentId, enrolment0_.courseCode) semester ) ) ( FromClause{level=1} Enrolment enrolment0_ ) ( where ( = ( enrolment0_.studentId (enrolment0_.studentId, enrolment0_.courseCode) studentNumber ) ? ) ) )
14:18:31,441 DEBUG JoinProcessor:175 - Using FROM fragment [Enrolment enrolment0_]
14:18:31,450 DEBUG QueryTranslatorImpl:252 - --- SQL AST ---
 \-[SELECT] QueryNode: 'SELECT'  querySpaces (Enrolment)
    +-[SELECT_CLAUSE] SelectClause: '{select clause}'
    |  +-[DOT] DotNode: 'enrolment0_.semester' {propertyName=semester,dereferenceType=ALL,propertyPath=semester,path=e.semester,tableAlias=enrolment0_,className=org.hibernate.test.querycache.Enrolment,classAlias=e}
    |  |  +-[ALIAS_REF] IdentNode: '(enrolment0_.studentId, enrolment0_.courseCode)' {alias=e, className=org.hibernate.test.querycache.Enrolment, tableAlias=enrolment0_}
    |  |  \-[IDENT] IdentNode: 'semester' {originalText=semester}
    |  \-[SELECT_COLUMNS] SqlNode: ' as col_0_0_'
    +-[FROM] FromClause: 'from' FromClause{level=1, fromElementCounter=1, fromElements=1, fromElementByClassAlias=[e], fromElementByTableAlias=[enrolment0_], fromElementsByPath=[], collectionJoinFromElementsByPath=[], impliedElements=[]}
    |  \-[FROM_FRAGMENT] FromElement: 'Enrolment enrolment0_' FromElement{explicit,not a collection join,not a fetch join,fetch non-lazy properties,classAlias=e,role=null,tableName=Enrolment,tableAlias=enrolment0_,origin=null,columns={,className=org.hibernate.test.querycache.Enrolment}}
    \-[WHERE] SqlNode: 'where'
       \-[EQ] BinaryLogicOperatorNode: '='
          +-[DOT] DotNode: 'enrolment0_.studentId' {propertyName=studentNumber,dereferenceType=ALL,propertyPath=studentNumber,path=e.studentNumber,tableAlias=enrolment0_,className=org.hibernate.test.querycache.Enrolment,classAlias=e}
          |  +-[ALIAS_REF] IdentNode: '(enrolment0_.studentId, enrolment0_.courseCode)' {alias=e, className=org.hibernate.test.querycache.Enrolment, tableAlias=enrolment0_}
          |  \-[IDENT] IdentNode: 'studentNumber' {originalText=studentNumber}
          \-[NAMED_PARAM] ParameterNode: '?' {name=studentNumber, expectedType=org.hibernate.type.LongType@4bf3f9d}

14:18:31,451 DEBUG ErrorCounter:82 - throwQueryException() : no errors
14:18:31,451 DEBUG QueryTranslatorImpl:235 - HQL: select e.semester from org.hibernate.test.querycache.Enrolment e where e.studentNumber = :studentNumber
14:18:31,451 DEBUG QueryTranslatorImpl:236 - SQL: select enrolment0_.semester as col_0_0_ from Enrolment enrolment0_ where enrolment0_.studentId=?
14:18:31,451 DEBUG ErrorCounter:82 - throwQueryException() : no errors
14:18:31,452 DEBUG SQL:104 - 
    select
        enrolment0_.semester as col_0_0_ 
    from
        Enrolment enrolment0_ 
    where
        enrolment0_.studentId=?
14:18:31,452 DEBUG SQL:104 - 
    select
        enrolment0_.semester as col_0_0_ 
    from
        Enrolment enrolment0_ 
    where
        enrolment0_.studentId=?
14:18:31,461 DEBUG SQL:104 - 
    select
        student_.studentId,
        student_.name_first as name2_4_,
        student_.name_middle as name3_4_,
        student_.name_last as name4_4_,
        student_.preferredCourseCode as preferre5_4_ 
    from
        Student student_ 
    where
        student_.studentId=?
14:18:31,462 DEBUG SQL:104 - 
    select
        enrolment_.studentId,
        enrolment_.courseCode,
        enrolment_.semester as semester3_,
        enrolment_."year" as year4_3_ 
    from
        Enrolment enrolment_ 
    where
        enrolment_.studentId=? 
        and enrolment_.courseCode=?
14:18:31,462 DEBUG SQL:104 - 
    select
        course_.courseCode,
        course_.description as descript2_1_ 
    from
        Course course_ 
    where
        course_.courseCode=?
14:18:31,472 DEBUG SQL:104 - 
    select
        student_.studentId,
        student_.name_first as name2_4_,
        student_.name_middle as name3_4_,
        student_.name_last as name4_4_,
        student_.preferredCourseCode as preferre5_4_ 
    from
        Student student_ 
    where
        student_.studentId=?
14:18:31,473 DEBUG SQL:104 - 
    select
        enrolment_.studentId,
        enrolment_.courseCode,
        enrolment_.semester as semester3_,
        enrolment_."year" as year4_3_ 
    from
        Enrolment enrolment_ 
    where
        enrolment_.studentId=? 
        and enrolment_.courseCode=?
14:18:31,473 DEBUG SQL:104 - 
    select
        coursemeet_.courseCode,
        coursemeet_.day,
        coursemeet_.period,
        coursemeet_.location 
    from
        CourseMeeting coursemeet_ 
    where
        coursemeet_.courseCode=? 
        and coursemeet_.day=? 
        and coursemeet_.period=? 
        and coursemeet_.location=?
14:18:31,482 DEBUG SQL:104 - 
    select
        coursemeet_.courseCode,
        coursemeet_.day,
        coursemeet_.period,
        coursemeet_.location 
    from
        CourseMeeting coursemeet_ 
    where
        coursemeet_.courseCode=? 
        and coursemeet_.day=? 
        and coursemeet_.period=? 
        and coursemeet_.location=?
14:18:31,483 DEBUG BaseGeneralDataRegion:59 - Caching[foo.org.hibernate.cache.spi.UpdateTimestampsCache] : [Enrolment] -> [5579091031994368]
14:18:31,483 DEBUG SQL:104 - 
    update
        Address 
    set
        studentNumber=null,
        addressType=null 
    where
        studentNumber=?
14:18:31,492 DEBUG BaseGeneralDataRegion:59 - Caching[foo.org.hibernate.cache.spi.UpdateTimestampsCache] : [Address] -> [5579091032031232]
14:18:31,492 DEBUG SQL:104 - 
    delete 
    from
        Student_secretCodes 
    where
        studentNumber=?
14:18:31,492 DEBUG BaseGeneralDataRegion:59 - Caching[foo.org.hibernate.cache.spi.UpdateTimestampsCache] : [Student_secretCodes] -> [5579091032031233]
14:18:31,493 DEBUG BaseGeneralDataRegion:59 - Caching[foo.org.hibernate.cache.spi.UpdateTimestampsCache] : [Enrolment] -> [5579091032035328]
14:18:31,493 DEBUG BaseGeneralDataRegion:59 - Caching[foo.org.hibernate.cache.spi.UpdateTimestampsCache] : [Address] -> [5579091032035329]
14:18:31,493 DEBUG SQL:104 - 
    delete 
    from
        Student_secretCodes 
    where
        studentNumber=?
14:18:31,493 DEBUG BaseGeneralDataRegion:59 - Caching[foo.org.hibernate.cache.spi.UpdateTimestampsCache] : [Student_secretCodes] -> [5579091032035330]
14:18:31,493 DEBUG BaseGeneralDataRegion:59 - Caching[foo.org.hibernate.cache.spi.UpdateTimestampsCache] : [CourseMeeting] -> [5579091032035331]
14:18:31,493 DEBUG SQL:104 - 
    delete 
    from
        Enrolment 
    where
        studentId=? 
        and courseCode=?
14:18:31,493 DEBUG BaseGeneralDataRegion:59 - Caching[foo.org.hibernate.cache.spi.UpdateTimestampsCache] : [Enrolment] -> [5579091032035332]
14:18:31,493 DEBUG SQL:104 - 
    delete 
    from
        Address 
    where
        id=?
14:18:31,504 DEBUG BaseGeneralDataRegion:59 - Caching[foo.org.hibernate.cache.spi.UpdateTimestampsCache] : [Address] -> [5579091032080384]
14:18:31,504 DEBUG SQL:104 - 
    delete 
    from
        Address 
    where
        id=?
14:18:31,504 DEBUG BaseGeneralDataRegion:59 - Caching[foo.org.hibernate.cache.spi.UpdateTimestampsCache] : [Address] -> [5579091032080385]
14:18:31,505 DEBUG SQL:104 - 
    delete 
    from
        Student 
    where
        studentId=?
14:18:31,505 DEBUG BaseGeneralDataRegion:59 - Caching[foo.org.hibernate.cache.spi.UpdateTimestampsCache] : [Student] -> [5579091032084480]
14:18:31,505 DEBUG SQL:104 - 
    delete 
    from
        Enrolment 
    where
        studentId=? 
        and courseCode=?
14:18:31,505 DEBUG BaseGeneralDataRegion:59 - Caching[foo.org.hibernate.cache.spi.UpdateTimestampsCache] : [Enrolment] -> [5579091032084481]
14:18:31,505 DEBUG SQL:104 - 
    delete 
    from
        Student 
    where
        studentId=?
14:18:31,515 DEBUG BaseGeneralDataRegion:59 - Caching[foo.org.hibernate.cache.spi.UpdateTimestampsCache] : [Student] -> [5579091032125440]
14:18:31,515 DEBUG SQL:104 - 
    delete 
    from
        CourseMeeting 
    where
        courseCode=? 
        and day=? 
        and period=? 
        and location=?
14:18:31,517 DEBUG BaseGeneralDataRegion:59 - Caching[foo.org.hibernate.cache.spi.UpdateTimestampsCache] : [CourseMeeting] -> [5579091032133632]
14:18:31,518 DEBUG SQL:104 - 
    delete 
    from
        CourseMeeting 
    where
        courseCode=? 
        and day=? 
        and period=? 
        and location=?
14:18:31,518 DEBUG BaseGeneralDataRegion:59 - Caching[foo.org.hibernate.cache.spi.UpdateTimestampsCache] : [CourseMeeting] -> [5579091032137728]
14:18:31,518 DEBUG SQL:104 - 
    delete 
    from
        Course 
    where
        courseCode=?
14:18:31,518 DEBUG BaseGeneralDataRegion:59 - Caching[foo.org.hibernate.cache.spi.UpdateTimestampsCache] : [Course] -> [5579091032137729]
14:18:31,518 DEBUG BaseGeneralDataRegion:59 - Caching[foo.org.hibernate.cache.spi.UpdateTimestampsCache] : [Student] -> [5579090786377730]
14:18:31,518 DEBUG BaseGeneralDataRegion:59 - Caching[foo.org.hibernate.cache.spi.UpdateTimestampsCache] : [Course] -> [5579090786377730]
14:18:31,518 DEBUG BaseGeneralDataRegion:59 - Caching[foo.org.hibernate.cache.spi.UpdateTimestampsCache] : [Enrolment] -> [5579090786377730]
14:18:31,519 DEBUG BaseGeneralDataRegion:59 - Caching[foo.org.hibernate.cache.spi.UpdateTimestampsCache] : [Student_secretCodes] -> [5579090786377730]
14:18:31,519 DEBUG BaseGeneralDataRegion:59 - Caching[foo.org.hibernate.cache.spi.UpdateTimestampsCache] : [Address] -> [5579090786377730]
14:18:31,519 DEBUG BaseGeneralDataRegion:59 - Caching[foo.org.hibernate.cache.spi.UpdateTimestampsCache] : [CourseMeeting] -> [5579090786377730]
14:18:31,519  INFO CustomRunner:139 - Test: testOneSelectNewAliasesList
14:18:31,520 DEBUG SQL:104 - 
    select
        coursemeet_.courseCode,
        coursemeet_.day,
        coursemeet_.period,
        coursemeet_.location 
    from
        CourseMeeting coursemeet_ 
    where
        coursemeet_.courseCode=? 
        and coursemeet_.day=? 
        and coursemeet_.period=? 
        and coursemeet_.location=?
14:18:31,521 DEBUG SQL:104 - 
    select
        coursemeet_.courseCode,
        coursemeet_.day,
        coursemeet_.period,
        coursemeet_.location 
    from
        CourseMeeting coursemeet_ 
    where
        coursemeet_.courseCode=? 
        and coursemeet_.day=? 
        and coursemeet_.period=? 
        and coursemeet_.location=?
14:18:31,529 DEBUG SQL:104 - 
    insert 
    into
        Course
        (description, courseCode) 
    values
        (?, ?)
14:18:31,530 DEBUG BaseGeneralDataRegion:59 - Caching[foo.org.hibernate.cache.spi.UpdateTimestampsCache] : [Course] -> [5579091032182784]
14:18:31,530 DEBUG SQL:104 - 
    insert 
    into
        CourseMeeting
        (courseCode, day, period, location) 
    values
        (?, ?, ?, ?)
14:18:31,530 DEBUG BaseGeneralDataRegion:59 - Caching[foo.org.hibernate.cache.spi.UpdateTimestampsCache] : [CourseMeeting] -> [5579091032186880]
14:18:31,531 DEBUG SQL:104 - 
    insert 
    into
        CourseMeeting
        (courseCode, day, period, location) 
    values
        (?, ?, ?, ?)
14:18:31,531 DEBUG BaseGeneralDataRegion:59 - Caching[foo.org.hibernate.cache.spi.UpdateTimestampsCache] : [CourseMeeting] -> [5579091032190976]
14:18:31,531 DEBUG SQL:104 - 
    insert 
    into
        Student
        (name_first, name_middle, name_last, preferredCourseCode, studentId) 
    values
        (?, ?, ?, ?, ?)
14:18:31,540 DEBUG BaseGeneralDataRegion:59 - Caching[foo.org.hibernate.cache.spi.UpdateTimestampsCache] : [Student] -> [5579091032227840]
14:18:31,541 DEBUG SQL:104 - 
    insert 
    into
        Address
        (addressType, street, city, stateProvince, postalCode, country, studentNumber, id) 
    values
        (?, ?, ?, ?, ?, ?, ?, ?)
14:18:31,541 DEBUG BaseGeneralDataRegion:59 - Caching[foo.org.hibernate.cache.spi.UpdateTimestampsCache] : [Address] -> [5579091032231936]
14:18:31,541 DEBUG SQL:104 - 
    insert 
    into
        Address
        (addressType, street, city, stateProvince, postalCode, country, studentNumber, id) 
    values
        (?, ?, ?, ?, ?, ?, ?, ?)
14:18:31,541 DEBUG BaseGeneralDataRegion:59 - Caching[foo.org.hibernate.cache.spi.UpdateTimestampsCache] : [Address] -> [5579091032231937]
14:18:31,541 DEBUG SQL:104 - 
    insert 
    into
        Student
        (name_first, name_middle, name_last, preferredCourseCode, studentId) 
    values
        (?, ?, ?, ?, ?)
14:18:31,541 DEBUG BaseGeneralDataRegion:59 - Caching[foo.org.hibernate.cache.spi.UpdateTimestampsCache] : [Student] -> [5579091032231938]
14:18:31,552 DEBUG SQL:104 - 
    insert 
    into
        Enrolment
        (semester, "year", studentId, courseCode) 
    values
        (?, ?, ?, ?)
14:18:31,552 DEBUG BaseGeneralDataRegion:59 - Caching[foo.org.hibernate.cache.spi.UpdateTimestampsCache] : [Enrolment] -> [5579091032276992]
14:18:31,552 DEBUG SQL:104 - 
    insert 
    into
        Enrolment
        (semester, "year", studentId, courseCode) 
    values
        (?, ?, ?, ?)
14:18:31,562 DEBUG BaseGeneralDataRegion:59 - Caching[foo.org.hibernate.cache.spi.UpdateTimestampsCache] : [Enrolment] -> [5579091032317952]
14:18:31,562 DEBUG BaseGeneralDataRegion:59 - Caching[foo.org.hibernate.cache.spi.UpdateTimestampsCache] : [CourseMeeting] -> [5579091032317953]
14:18:31,562 DEBUG BaseGeneralDataRegion:59 - Caching[foo.org.hibernate.cache.spi.UpdateTimestampsCache] : [Enrolment] -> [5579091032317954]
14:18:31,562 DEBUG SQL:104 - 
    update
        Address 
    set
        studentNumber=?,
        addressType=? 
    where
        id=?
14:18:31,563 DEBUG SQL:104 - 
    update
        Address 
    set
        studentNumber=?,
        addressType=? 
    where
        id=?
14:18:31,563 DEBUG BaseGeneralDataRegion:59 - Caching[foo.org.hibernate.cache.spi.UpdateTimestampsCache] : [Address] -> [5579091032322048]
14:18:31,563 DEBUG SQL:104 - 
    insert 
    into
        Student_secretCodes
        (studentNumber, i, secretCode) 
    values
        (?, ?, ?)
14:18:31,563 DEBUG BaseGeneralDataRegion:59 - Caching[foo.org.hibernate.cache.spi.UpdateTimestampsCache] : [Student_secretCodes] -> [5579091032322049]
14:18:31,563 DEBUG BaseGeneralDataRegion:59 - Caching[foo.org.hibernate.cache.spi.UpdateTimestampsCache] : [Enrolment] -> [5579091032322050]
14:18:31,563 DEBUG BaseGeneralDataRegion:59 - Caching[foo.org.hibernate.cache.spi.UpdateTimestampsCache] : [Address] -> [5579091032322051]
14:18:31,572 DEBUG SQL:104 - 
    insert 
    into
        Student_secretCodes
        (studentNumber, i, secretCode) 
    values
        (?, ?, ?)
14:18:31,573 DEBUG SQL:104 - 
    insert 
    into
        Student_secretCodes
        (studentNumber, i, secretCode) 
    values
        (?, ?, ?)
14:18:31,573 DEBUG BaseGeneralDataRegion:59 - Caching[foo.org.hibernate.cache.spi.UpdateTimestampsCache] : [Student_secretCodes] -> [5579091032363008]
14:18:31,573 DEBUG BaseGeneralDataRegion:59 - Caching[foo.org.hibernate.cache.spi.UpdateTimestampsCache] : [Student] -> [5579090786603009]
14:18:31,573 DEBUG BaseGeneralDataRegion:59 - Caching[foo.org.hibernate.cache.spi.UpdateTimestampsCache] : [Course] -> [5579090786603009]
14:18:31,573 DEBUG BaseGeneralDataRegion:59 - Caching[foo.org.hibernate.cache.spi.UpdateTimestampsCache] : [Enrolment] -> [5579090786603009]
14:18:31,573 DEBUG BaseGeneralDataRegion:59 - Caching[foo.org.hibernate.cache.spi.UpdateTimestampsCache] : [Student_secretCodes] -> [5579090786603009]
14:18:31,573 DEBUG BaseGeneralDataRegion:59 - Caching[foo.org.hibernate.cache.spi.UpdateTimestampsCache] : [Address] -> [5579090786603009]
14:18:31,574 DEBUG BaseGeneralDataRegion:59 - Caching[foo.org.hibernate.cache.spi.UpdateTimestampsCache] : [CourseMeeting] -> [5579090786603009]
14:18:31,574 DEBUG QueryTranslatorImpl:265 - parse() - HQL: select new org.hibernate.test.querycache.StudentDTO(s.name) from org.hibernate.test.querycache.Student s order by s.studentNumber
14:18:31,576 DEBUG QueryTranslatorImpl:283 - --- HQL AST ---
 \-[QUERY] Node: 'query'
    +-[SELECT_FROM] Node: 'SELECT_FROM'
    |  +-[FROM] Node: 'from'
    |  |  \-[RANGE] Node: 'RANGE'
    |  |     +-[DOT] Node: '.'
    |  |     |  +-[DOT] Node: '.'
    |  |     |  |  +-[DOT] Node: '.'
    |  |     |  |  |  +-[DOT] Node: '.'
    |  |     |  |  |  |  +-[IDENT] Node: 'org'
    |  |     |  |  |  |  \-[IDENT] Node: 'hibernate'
    |  |     |  |  |  \-[IDENT] Node: 'test'
    |  |     |  |  \-[IDENT] Node: 'querycache'
    |  |     |  \-[IDENT] Node: 'Student'
    |  |     \-[ALIAS] Node: 's'
    |  \-[SELECT] Node: 'select'
    |     \-[CONSTRUCTOR] Node: '('
    |        +-[DOT] Node: '.'
    |        |  +-[DOT] Node: '.'
    |        |  |  +-[DOT] Node: '.'
    |        |  |  |  +-[DOT] Node: '.'
    |        |  |  |  |  +-[IDENT] Node: 'org'
    |        |  |  |  |  \-[IDENT] Node: 'hibernate'
    |        |  |  |  \-[IDENT] Node: 'test'
    |        |  |  \-[IDENT] Node: 'querycache'
    |        |  \-[IDENT] Node: 'StudentDTO'
    |        \-[DOT] Node: '.'
    |           +-[IDENT] Node: 's'
    |           \-[IDENT] Node: 'name'
    \-[ORDER] Node: 'order'
       \-[DOT] Node: '.'
          +-[IDENT] Node: 's'
          \-[IDENT] Node: 'studentNumber'

14:18:31,584 DEBUG ErrorCounter:82 - throwQueryException() : no errors
14:18:31,585 DEBUG FromElement:157 - FromClause{level=1} : org.hibernate.test.querycache.Student (s) -> student0_
14:18:31,585 DEBUG FromReferenceNode:74 - Resolved : s -> student0_.studentId
14:18:31,595 DEBUG DotNode:599 - getDataType() : name -> org.hibernate.type.ComponentType@339cc2da
14:18:31,595 DEBUG DotNode:588 - Terminal propertyPath = [name]
14:18:31,595 DEBUG FromReferenceNode:74 - Resolved : s.name -> student0_.name_first, student0_.name_middle, student0_.name_last
14:18:31,595 DEBUG FromReferenceNode:74 - Resolved : s -> student0_.studentId
14:18:31,595 DEBUG DotNode:599 - getDataType() : studentNumber -> org.hibernate.type.LongType@4bf3f9d
14:18:31,596 DEBUG FromReferenceNode:74 - Resolved : s.studentNumber -> student0_.studentId
14:18:31,596 DEBUG HqlSqlWalker:629 - processQuery() :  ( SELECT ( {select clause} ( ( ( . ( . ( . ( . org hibernate ) test ) querycache ) StudentDTO ) ( student0_.name_first, student0_.name_middle, student0_.name_last student0_.studentId name ) ) ) ( FromClause{level=1} Student student0_ ) ( order ( student0_.studentId student0_.studentId studentNumber ) ) )
14:18:31,596 DEBUG JoinProcessor:175 - Using FROM fragment [Student student0_]
14:18:31,596 DEBUG QueryTranslatorImpl:252 - --- SQL AST ---
 \-[SELECT] QueryNode: 'SELECT'  querySpaces (Student)
    +-[SELECT_CLAUSE] SelectClause: '{select clause}'
    |  \-[CONSTRUCTOR] ConstructorNode: '('
    |     +-[DOT] DotNode: '.' {propertyName=null,dereferenceType=0,propertyPath=null,path=org.hibernate.test.querycache.StudentDTO,no from element}
    |     |  +-[DOT] DotNode: '.' {propertyName=null,dereferenceType=0,propertyPath=null,path=org.hibernate.test.querycache,no from element}
    |     |  |  +-[DOT] DotNode: '.' {propertyName=null,dereferenceType=0,propertyPath=null,path=org.hibernate.test,no from element}
    |     |  |  |  +-[DOT] DotNode: '.' {propertyName=null,dereferenceType=0,propertyPath=null,path=org.hibernate,no from element}
    |     |  |  |  |  +-[IDENT] IdentNode: 'org' {originalText=org}
    |     |  |  |  |  \-[IDENT] IdentNode: 'hibernate' {originalText=hibernate}
    |     |  |  |  \-[IDENT] IdentNode: 'test' {originalText=test}
    |     |  |  \-[IDENT] IdentNode: 'querycache' {originalText=querycache}
    |     |  \-[IDENT] IdentNode: 'StudentDTO' {originalText=StudentDTO}
    |     +-[DOT] DotNode: 'student0_.name_first' {propertyName=name,dereferenceType=2,propertyPath=name,path=s.name,tableAlias=student0_,className=org.hibernate.test.querycache.Student,classAlias=s}
    |     |  +-[ALIAS_REF] IdentNode: 'student0_.studentId' {alias=s, className=org.hibernate.test.querycache.Student, tableAlias=student0_}
    |     |  \-[IDENT] IdentNode: 'name' {originalText=name}
    |     +-[SELECT_COLUMNS] SqlNode: ' as col_0_0_'
    |     +-[SQL_TOKEN] SqlFragment: 'student0_.name_middle'
    |     +-[SELECT_COLUMNS] SqlNode: ' as col_0_1_'
    |     +-[SQL_TOKEN] SqlFragment: 'student0_.name_last'
    |     \-[SELECT_COLUMNS] SqlNode: ' as col_0_2_'
    +-[FROM] FromClause: 'from' FromClause{level=1, fromElementCounter=1, fromElements=1, fromElementByClassAlias=[s], fromElementByTableAlias=[student0_], fromElementsByPath=[], collectionJoinFromElementsByPath=[], impliedElements=[]}
    |  \-[FROM_FRAGMENT] FromElement: 'Student student0_' FromElement{explicit,not a collection join,not a fetch join,fetch non-lazy properties,classAlias=s,role=null,tableName=Student,tableAlias=student0_,origin=null,columns={,className=org.hibernate.test.querycache.Student}}
    \-[ORDER] OrderByClause: 'order'
       \-[DOT] DotNode: 'student0_.studentId' {propertyName=studentNumber,dereferenceType=ALL,propertyPath=studentNumber,path=s.studentNumber,tableAlias=student0_,className=org.hibernate.test.querycache.Student,classAlias=s}
          +-[ALIAS_REF] IdentNode: 'student0_.studentId' {alias=s, className=org.hibernate.test.querycache.Student, tableAlias=student0_}
          \-[IDENT] IdentNode: 'studentNumber' {originalText=studentNumber}

14:18:31,618 DEBUG ErrorCounter:82 - throwQueryException() : no errors
14:18:31,618 DEBUG QueryTranslatorImpl:235 - HQL: select new org.hibernate.test.querycache.StudentDTO(s.name) from org.hibernate.test.querycache.Student s order by s.studentNumber
14:18:31,619 DEBUG QueryTranslatorImpl:236 - SQL: select student0_.name_first as col_0_0_, student0_.name_middle as col_0_1_, student0_.name_last as col_0_2_ from Student student0_ order by student0_.studentId
14:18:31,619 DEBUG ErrorCounter:82 - throwQueryException() : no errors
14:18:31,619 DEBUG SQL:104 - 
    select
        student0_.name_first as col_0_0_,
        student0_.name_middle as col_0_1_,
        student0_.name_last as col_0_2_ 
    from
        Student student0_ 
    order by
        student0_.studentId
14:18:31,620 DEBUG SQL:104 - 
    select
        student0_.name_first as col_0_0_,
        student0_.name_middle as col_0_1_,
        student0_.name_last as col_0_2_ 
    from
        Student student0_ 
    order by
        student0_.studentId
14:18:31,621 DEBUG SQL:104 - 
    select
        student_.studentId,
        student_.name_first as name2_4_,
        student_.name_middle as name3_4_,
        student_.name_last as name4_4_,
        student_.preferredCourseCode as preferre5_4_ 
    from
        Student student_ 
    where
        student_.studentId=?
14:18:31,622 DEBUG SQL:104 - 
    select
        enrolment_.studentId,
        enrolment_.courseCode,
        enrolment_.semester as semester3_,
        enrolment_."year" as year4_3_ 
    from
        Enrolment enrolment_ 
    where
        enrolment_.studentId=? 
        and enrolment_.courseCode=?
14:18:31,623 DEBUG SQL:104 - 
    select
        course_.courseCode,
        course_.description as descript2_1_ 
    from
        Course course_ 
    where
        course_.courseCode=?
14:18:31,624 DEBUG SQL:104 - 
    select
        student_.studentId,
        student_.name_first as name2_4_,
        student_.name_middle as name3_4_,
        student_.name_last as name4_4_,
        student_.preferredCourseCode as preferre5_4_ 
    from
        Student student_ 
    where
        student_.studentId=?
14:18:31,625 DEBUG SQL:104 - 
    select
        enrolment_.studentId,
        enrolment_.courseCode,
        enrolment_.semester as semester3_,
        enrolment_."year" as year4_3_ 
    from
        Enrolment enrolment_ 
    where
        enrolment_.studentId=? 
        and enrolment_.courseCode=?
14:18:31,627 DEBUG SQL:104 - 
    select
        coursemeet_.courseCode,
        coursemeet_.day,
        coursemeet_.period,
        coursemeet_.location 
    from
        CourseMeeting coursemeet_ 
    where
        coursemeet_.courseCode=? 
        and coursemeet_.day=? 
        and coursemeet_.period=? 
        and coursemeet_.location=?
14:18:31,628 DEBUG SQL:104 - 
    select
        coursemeet_.courseCode,
        coursemeet_.day,
        coursemeet_.period,
        coursemeet_.location 
    from
        CourseMeeting coursemeet_ 
    where
        coursemeet_.courseCode=? 
        and coursemeet_.day=? 
        and coursemeet_.period=? 
        and coursemeet_.location=?
14:18:31,641 DEBUG BaseGeneralDataRegion:59 - Caching[foo.org.hibernate.cache.spi.UpdateTimestampsCache] : [Enrolment] -> [5579091032641536]
14:18:31,641 DEBUG SQL:104 - 
    update
        Address 
    set
        studentNumber=null,
        addressType=null 
    where
        studentNumber=?
14:18:31,641 DEBUG BaseGeneralDataRegion:59 - Caching[foo.org.hibernate.cache.spi.UpdateTimestampsCache] : [Address] -> [5579091032641537]
14:18:31,641 DEBUG SQL:104 - 
    delete 
    from
        Student_secretCodes 
    where
        studentNumber=?
14:18:31,642 DEBUG BaseGeneralDataRegion:59 - Caching[foo.org.hibernate.cache.spi.UpdateTimestampsCache] : [Student_secretCodes] -> [5579091032645632]
14:18:31,642 DEBUG BaseGeneralDataRegion:59 - Caching[foo.org.hibernate.cache.spi.UpdateTimestampsCache] : [Enrolment] -> [5579091032645633]
14:18:31,642 DEBUG BaseGeneralDataRegion:59 - Caching[foo.org.hibernate.cache.spi.UpdateTimestampsCache] : [Address] -> [5579091032645634]
14:18:31,642 DEBUG SQL:104 - 
    delete 
    from
        Student_secretCodes 
    where
        studentNumber=?
14:18:31,653 DEBUG BaseGeneralDataRegion:59 - Caching[foo.org.hibernate.cache.spi.UpdateTimestampsCache] : [Student_secretCodes] -> [5579091032690688]
14:18:31,654 DEBUG BaseGeneralDataRegion:59 - Caching[foo.org.hibernate.cache.spi.UpdateTimestampsCache] : [CourseMeeting] -> [5579091032694784]
14:18:31,654 DEBUG SQL:104 - 
    delete 
    from
        Enrolment 
    where
        studentId=? 
        and courseCode=?
14:18:31,654 DEBUG BaseGeneralDataRegion:59 - Caching[foo.org.hibernate.cache.spi.UpdateTimestampsCache] : [Enrolment] -> [5579091032694785]
14:18:31,654 DEBUG SQL:104 - 
    delete 
    from
        Address 
    where
        id=?
14:18:31,654 DEBUG BaseGeneralDataRegion:59 - Caching[foo.org.hibernate.cache.spi.UpdateTimestampsCache] : [Address] -> [5579091032694786]
14:18:31,654 DEBUG SQL:104 - 
    delete 
    from
        Address 
    where
        id=?
14:18:31,655 DEBUG BaseGeneralDataRegion:59 - Caching[foo.org.hibernate.cache.spi.UpdateTimestampsCache] : [Address] -> [5579091032698880]
14:18:31,655 DEBUG SQL:104 - 
    delete 
    from
        Student 
    where
        studentId=?
14:18:31,663 DEBUG BaseGeneralDataRegion:59 - Caching[foo.org.hibernate.cache.spi.UpdateTimestampsCache] : [Student] -> [5579091032731648]
14:18:31,664 DEBUG SQL:104 - 
    delete 
    from
        Enrolment 
    where
        studentId=? 
        and courseCode=?
14:18:31,665 DEBUG BaseGeneralDataRegion:59 - Caching[foo.org.hibernate.cache.spi.UpdateTimestampsCache] : [Enrolment] -> [5579091032739840]
14:18:31,665 DEBUG SQL:104 - 
    delete 
    from
        Student 
    where
        studentId=?
14:18:31,665 DEBUG BaseGeneralDataRegion:59 - Caching[foo.org.hibernate.cache.spi.UpdateTimestampsCache] : [Student] -> [5579091032739841]
14:18:31,665 DEBUG SQL:104 - 
    delete 
    from
        CourseMeeting 
    where
        courseCode=? 
        and day=? 
        and period=? 
        and location=?
14:18:31,666 DEBUG BaseGeneralDataRegion:59 - Caching[foo.org.hibernate.cache.spi.UpdateTimestampsCache] : [CourseMeeting] -> [5579091032743936]
14:18:31,667 DEBUG SQL:104 - 
    delete 
    from
        CourseMeeting 
    where
        courseCode=? 
        and day=? 
        and period=? 
        and location=?
14:18:31,667 DEBUG BaseGeneralDataRegion:59 - Caching[foo.org.hibernate.cache.spi.UpdateTimestampsCache] : [CourseMeeting] -> [5579091032748032]
14:18:31,667 DEBUG SQL:104 - 
    delete 
    from
        Course 
    where
        courseCode=?
14:18:31,667 DEBUG BaseGeneralDataRegion:59 - Caching[foo.org.hibernate.cache.spi.UpdateTimestampsCache] : [Course] -> [5579091032748033]
14:18:31,668 DEBUG BaseGeneralDataRegion:59 - Caching[foo.org.hibernate.cache.spi.UpdateTimestampsCache] : [Student] -> [5579090786992128]
14:18:31,668 DEBUG BaseGeneralDataRegion:59 - Caching[foo.org.hibernate.cache.spi.UpdateTimestampsCache] : [Course] -> [5579090786992128]
14:18:31,686 DEBUG BaseGeneralDataRegion:59 - Caching[foo.org.hibernate.cache.spi.UpdateTimestampsCache] : [Enrolment] -> [5579090786992128]
14:18:31,686 DEBUG BaseGeneralDataRegion:59 - Caching[foo.org.hibernate.cache.spi.UpdateTimestampsCache] : [Student_secretCodes] -> [5579090786992128]
14:18:31,686 DEBUG BaseGeneralDataRegion:59 - Caching[foo.org.hibernate.cache.spi.UpdateTimestampsCache] : [Address] -> [5579090786992128]
14:18:31,686 DEBUG BaseGeneralDataRegion:59 - Caching[foo.org.hibernate.cache.spi.UpdateTimestampsCache] : [CourseMeeting] -> [5579090786992128]
14:18:31,687  INFO CustomRunner:139 - Test: testOneSelectNewNoAliasesList
14:18:31,688 DEBUG SQL:104 - 
    select
        coursemeet_.courseCode,
        coursemeet_.day,
        coursemeet_.period,
        coursemeet_.location 
    from
        CourseMeeting coursemeet_ 
    where
        coursemeet_.courseCode=? 
        and coursemeet_.day=? 
        and coursemeet_.period=? 
        and coursemeet_.location=?
14:18:31,688 DEBUG SQL:104 - 
    select
        coursemeet_.courseCode,
        coursemeet_.day,
        coursemeet_.period,
        coursemeet_.location 
    from
        CourseMeeting coursemeet_ 
    where
        coursemeet_.courseCode=? 
        and coursemeet_.day=? 
        and coursemeet_.period=? 
        and coursemeet_.location=?
14:18:31,698 DEBUG SQL:104 - 
    insert 
    into
        Course
        (description, courseCode) 
    values
        (?, ?)
14:18:31,699 DEBUG BaseGeneralDataRegion:59 - Caching[foo.org.hibernate.cache.spi.UpdateTimestampsCache] : [Course] -> [5579091032879104]
14:18:31,699 DEBUG SQL:104 - 
    insert 
    into
        CourseMeeting
        (courseCode, day, period, location) 
    values
        (?, ?, ?, ?)
14:18:31,699 DEBUG BaseGeneralDataRegion:59 - Caching[foo.org.hibernate.cache.spi.UpdateTimestampsCache] : [CourseMeeting] -> [5579091032879105]
14:18:31,699 DEBUG SQL:104 - 
    insert 
    into
        CourseMeeting
        (courseCode, day, period, location) 
    values
        (?, ?, ?, ?)
14:18:31,699 DEBUG BaseGeneralDataRegion:59 - Caching[foo.org.hibernate.cache.spi.UpdateTimestampsCache] : [CourseMeeting] -> [5579091032879106]
14:18:31,699 DEBUG SQL:104 - 
    insert 
    into
        Student
        (name_first, name_middle, name_last, preferredCourseCode, studentId) 
    values
        (?, ?, ?, ?, ?)
14:18:31,708 DEBUG BaseGeneralDataRegion:59 - Caching[foo.org.hibernate.cache.spi.UpdateTimestampsCache] : [Student] -> [5579091032915968]
14:18:31,709 DEBUG SQL:104 - 
    insert 
    into
        Address
        (addressType, street, city, stateProvince, postalCode, country, studentNumber, id) 
    values
        (?, ?, ?, ?, ?, ?, ?, ?)
14:18:31,709 DEBUG BaseGeneralDataRegion:59 - Caching[foo.org.hibernate.cache.spi.UpdateTimestampsCache] : [Address] -> [5579091032920064]
14:18:31,709 DEBUG SQL:104 - 
    insert 
    into
        Address
        (addressType, street, city, stateProvince, postalCode, country, studentNumber, id) 
    values
        (?, ?, ?, ?, ?, ?, ?, ?)
14:18:31,709 DEBUG BaseGeneralDataRegion:59 - Caching[foo.org.hibernate.cache.spi.UpdateTimestampsCache] : [Address] -> [5579091032920065]
14:18:31,709 DEBUG SQL:104 - 
    insert 
    into
        Student
        (name_first, name_middle, name_last, preferredCourseCode, studentId) 
    values
        (?, ?, ?, ?, ?)
14:18:31,709 DEBUG BaseGeneralDataRegion:59 - Caching[foo.org.hibernate.cache.spi.UpdateTimestampsCache] : [Student] -> [5579091032920066]
14:18:31,710 DEBUG SQL:104 - 
    insert 
    into
        Enrolment
        (semester, "year", studentId, courseCode) 
    values
        (?, ?, ?, ?)
14:18:31,719 DEBUG BaseGeneralDataRegion:59 - Caching[foo.org.hibernate.cache.spi.UpdateTimestampsCache] : [Enrolment] -> [5579091032961024]
14:18:31,720 DEBUG SQL:104 - 
    insert 
    into
        Enrolment
        (semester, "year", studentId, courseCode) 
    values
        (?, ?, ?, ?)
14:18:31,720 DEBUG BaseGeneralDataRegion:59 - Caching[foo.org.hibernate.cache.spi.UpdateTimestampsCache] : [Enrolment] -> [5579091032965120]
14:18:31,720 DEBUG BaseGeneralDataRegion:59 - Caching[foo.org.hibernate.cache.spi.UpdateTimestampsCache] : [CourseMeeting] -> [5579091032965121]
14:18:31,721 DEBUG BaseGeneralDataRegion:59 - Caching[foo.org.hibernate.cache.spi.UpdateTimestampsCache] : [Enrolment] -> [5579091032969216]
14:18:31,721 DEBUG SQL:104 - 
    update
        Address 
    set
        studentNumber=?,
        addressType=? 
    where
        id=?
14:18:31,721 DEBUG SQL:104 - 
    update
        Address 
    set
        studentNumber=?,
        addressType=? 
    where
        id=?
14:18:31,730 DEBUG BaseGeneralDataRegion:59 - Caching[foo.org.hibernate.cache.spi.UpdateTimestampsCache] : [Address] -> [5579091033006080]
14:18:31,730 DEBUG SQL:104 - 
    insert 
    into
        Student_secretCodes
        (studentNumber, i, secretCode) 
    values
        (?, ?, ?)
14:18:31,731 DEBUG BaseGeneralDataRegion:59 - Caching[foo.org.hibernate.cache.spi.UpdateTimestampsCache] : [Student_secretCodes] -> [5579091033010176]
14:18:31,731 DEBUG BaseGeneralDataRegion:59 - Caching[foo.org.hibernate.cache.spi.UpdateTimestampsCache] : [Enrolment] -> [5579091033010177]
14:18:31,731 DEBUG BaseGeneralDataRegion:59 - Caching[foo.org.hibernate.cache.spi.UpdateTimestampsCache] : [Address] -> [5579091033010178]
14:18:31,731 DEBUG SQL:104 - 
    insert 
    into
        Student_secretCodes
        (studentNumber, i, secretCode) 
    values
        (?, ?, ?)
14:18:31,731 DEBUG SQL:104 - 
    insert 
    into
        Student_secretCodes
        (studentNumber, i, secretCode) 
    values
        (?, ?, ?)
14:18:31,731 DEBUG BaseGeneralDataRegion:59 - Caching[foo.org.hibernate.cache.spi.UpdateTimestampsCache] : [Student_secretCodes] -> [5579091033010179]
14:18:31,745 DEBUG BaseGeneralDataRegion:59 - Caching[foo.org.hibernate.cache.spi.UpdateTimestampsCache] : [Student] -> [5579090787307520]
14:18:31,746 DEBUG BaseGeneralDataRegion:59 - Caching[foo.org.hibernate.cache.spi.UpdateTimestampsCache] : [Course] -> [5579090787307520]
14:18:31,746 DEBUG BaseGeneralDataRegion:59 - Caching[foo.org.hibernate.cache.spi.UpdateTimestampsCache] : [Enrolment] -> [5579090787307520]
14:18:31,746 DEBUG BaseGeneralDataRegion:59 - Caching[foo.org.hibernate.cache.spi.UpdateTimestampsCache] : [Student_secretCodes] -> [5579090787307520]
14:18:31,746 DEBUG BaseGeneralDataRegion:59 - Caching[foo.org.hibernate.cache.spi.UpdateTimestampsCache] : [Address] -> [5579090787307520]
14:18:31,746 DEBUG BaseGeneralDataRegion:59 - Caching[foo.org.hibernate.cache.spi.UpdateTimestampsCache] : [CourseMeeting] -> [5579090787307520]
14:18:31,747 DEBUG SQL:104 - 
    select
        student0_.name_first as col_0_0_,
        student0_.name_middle as col_0_1_,
        student0_.name_last as col_0_2_ 
    from
        Student student0_ 
    order by
        student0_.studentId
14:18:31,747 DEBUG SQL:104 - 
    select
        student0_.name_first as col_0_0_,
        student0_.name_middle as col_0_1_,
        student0_.name_last as col_0_2_ 
    from
        Student student0_ 
    order by
        student0_.studentId
14:18:31,748 DEBUG SQL:104 - 
    select
        student_.studentId,
        student_.name_first as name2_4_,
        student_.name_middle as name3_4_,
        student_.name_last as name4_4_,
        student_.preferredCourseCode as preferre5_4_ 
    from
        Student student_ 
    where
        student_.studentId=?
14:18:31,764 DEBUG SQL:104 - 
    select
        enrolment_.studentId,
        enrolment_.courseCode,
        enrolment_.semester as semester3_,
        enrolment_."year" as year4_3_ 
    from
        Enrolment enrolment_ 
    where
        enrolment_.studentId=? 
        and enrolment_.courseCode=?
14:18:31,764 DEBUG SQL:104 - 
    select
        course_.courseCode,
        course_.description as descript2_1_ 
    from
        Course course_ 
    where
        course_.courseCode=?
14:18:31,765 DEBUG SQL:104 - 
    select
        student_.studentId,
        student_.name_first as name2_4_,
        student_.name_middle as name3_4_,
        student_.name_last as name4_4_,
        student_.preferredCourseCode as preferre5_4_ 
    from
        Student student_ 
    where
        student_.studentId=?
14:18:31,774 DEBUG SQL:104 - 
    select
        enrolment_.studentId,
        enrolment_.courseCode,
        enrolment_.semester as semester3_,
        enrolment_."year" as year4_3_ 
    from
        Enrolment enrolment_ 
    where
        enrolment_.studentId=? 
        and enrolment_.courseCode=?
14:18:31,775 DEBUG SQL:104 - 
    select
        coursemeet_.courseCode,
        coursemeet_.day,
        coursemeet_.period,
        coursemeet_.location 
    from
        CourseMeeting coursemeet_ 
    where
        coursemeet_.courseCode=? 
        and coursemeet_.day=? 
        and coursemeet_.period=? 
        and coursemeet_.location=?
14:18:31,775 DEBUG SQL:104 - 
    select
        coursemeet_.courseCode,
        coursemeet_.day,
        coursemeet_.period,
        coursemeet_.location 
    from
        CourseMeeting coursemeet_ 
    where
        coursemeet_.courseCode=? 
        and coursemeet_.day=? 
        and coursemeet_.period=? 
        and coursemeet_.location=?
14:18:31,776 DEBUG BaseGeneralDataRegion:59 - Caching[foo.org.hibernate.cache.spi.UpdateTimestampsCache] : [Enrolment] -> [5579091033194496]
14:18:31,776 DEBUG SQL:104 - 
    update
        Address 
    set
        studentNumber=null,
        addressType=null 
    where
        studentNumber=?
14:18:31,777 DEBUG BaseGeneralDataRegion:59 - Caching[foo.org.hibernate.cache.spi.UpdateTimestampsCache] : [Address] -> [5579091033198592]
14:18:31,777 DEBUG SQL:104 - 
    delete 
    from
        Student_secretCodes 
    where
        studentNumber=?
14:18:31,777 DEBUG BaseGeneralDataRegion:59 - Caching[foo.org.hibernate.cache.spi.UpdateTimestampsCache] : [Student_secretCodes] -> [5579091033198593]
14:18:31,785 DEBUG BaseGeneralDataRegion:59 - Caching[foo.org.hibernate.cache.spi.UpdateTimestampsCache] : [Enrolment] -> [5579091033231360]
14:18:31,785 DEBUG BaseGeneralDataRegion:59 - Caching[foo.org.hibernate.cache.spi.UpdateTimestampsCache] : [Address] -> [5579091033231361]
14:18:31,785 DEBUG SQL:104 - 
    delete 
    from
        Student_secretCodes 
    where
        studentNumber=?
14:18:31,785 DEBUG BaseGeneralDataRegion:59 - Caching[foo.org.hibernate.cache.spi.UpdateTimestampsCache] : [Student_secretCodes] -> [5579091033231362]
14:18:31,785 DEBUG BaseGeneralDataRegion:59 - Caching[foo.org.hibernate.cache.spi.UpdateTimestampsCache] : [CourseMeeting] -> [5579091033231363]
14:18:31,786 DEBUG SQL:104 - 
    delete 
    from
        Enrolment 
    where
        studentId=? 
        and courseCode=?
14:18:31,786 DEBUG BaseGeneralDataRegion:59 - Caching[foo.org.hibernate.cache.spi.UpdateTimestampsCache] : [Enrolment] -> [5579091033235456]
14:18:31,786 DEBUG SQL:104 - 
    delete 
    from
        Address 
    where
        id=?
14:18:31,786 DEBUG BaseGeneralDataRegion:59 - Caching[foo.org.hibernate.cache.spi.UpdateTimestampsCache] : [Address] -> [5579091033235457]
14:18:31,786 DEBUG SQL:104 - 
    delete 
    from
        Address 
    where
        id=?
14:18:31,795 DEBUG BaseGeneralDataRegion:59 - Caching[foo.org.hibernate.cache.spi.UpdateTimestampsCache] : [Address] -> [5579091033272320]
14:18:31,795 DEBUG SQL:104 - 
    delete 
    from
        Student 
    where
        studentId=?
14:18:31,796 DEBUG BaseGeneralDataRegion:59 - Caching[foo.org.hibernate.cache.spi.UpdateTimestampsCache] : [Student] -> [5579091033276416]
14:18:31,796 DEBUG SQL:104 - 
    delete 
    from
        Enrolment 
    where
        studentId=? 
        and courseCode=?
14:18:31,796 DEBUG BaseGeneralDataRegion:59 - Caching[foo.org.hibernate.cache.spi.UpdateTimestampsCache] : [Enrolment] -> [5579091033276417]
14:18:31,796 DEBUG SQL:104 - 
    delete 
    from
        Student 
    where
        studentId=?
14:18:31,796 DEBUG BaseGeneralDataRegion:59 - Caching[foo.org.hibernate.cache.spi.UpdateTimestampsCache] : [Student] -> [5579091033276418]
14:18:31,796 DEBUG SQL:104 - 
    delete 
    from
        CourseMeeting 
    where
        courseCode=? 
        and day=? 
        and period=? 
        and location=?
14:18:31,796 DEBUG BaseGeneralDataRegion:59 - Caching[foo.org.hibernate.cache.spi.UpdateTimestampsCache] : [CourseMeeting] -> [5579091033276419]
14:18:31,797 DEBUG SQL:104 - 
    delete 
    from
        CourseMeeting 
    where
        courseCode=? 
        and day=? 
        and period=? 
        and location=?
14:18:31,797 DEBUG BaseGeneralDataRegion:59 - Caching[foo.org.hibernate.cache.spi.UpdateTimestampsCache] : [CourseMeeting] -> [5579091033280512]
14:18:31,797 DEBUG SQL:104 - 
    delete 
    from
        Course 
    where
        courseCode=?
14:18:31,814 DEBUG BaseGeneralDataRegion:59 - Caching[foo.org.hibernate.cache.spi.UpdateTimestampsCache] : [Course] -> [5579091033350144]
14:18:31,814 DEBUG BaseGeneralDataRegion:59 - Caching[foo.org.hibernate.cache.spi.UpdateTimestampsCache] : [Student] -> [5579090787590145]
14:18:31,815 DEBUG BaseGeneralDataRegion:59 - Caching[foo.org.hibernate.cache.spi.UpdateTimestampsCache] : [Course] -> [5579090787590145]
14:18:31,815 DEBUG BaseGeneralDataRegion:59 - Caching[foo.org.hibernate.cache.spi.UpdateTimestampsCache] : [Enrolment] -> [5579090787590145]
14:18:31,815 DEBUG BaseGeneralDataRegion:59 - Caching[foo.org.hibernate.cache.spi.UpdateTimestampsCache] : [Student_secretCodes] -> [5579090787590145]
14:18:31,815 DEBUG BaseGeneralDataRegion:59 - Caching[foo.org.hibernate.cache.spi.UpdateTimestampsCache] : [Address] -> [5579090787590145]
14:18:31,815 DEBUG BaseGeneralDataRegion:59 - Caching[foo.org.hibernate.cache.spi.UpdateTimestampsCache] : [CourseMeeting] -> [5579090787590145]
14:18:31,816  INFO CustomRunner:139 - Test: testSelectNewEntityConstructorList
14:18:31,817 DEBUG SQL:104 - 
    select
        coursemeet_.courseCode,
        coursemeet_.day,
        coursemeet_.period,
        coursemeet_.location 
    from
        CourseMeeting coursemeet_ 
    where
        coursemeet_.courseCode=? 
        and coursemeet_.day=? 
        and coursemeet_.period=? 
        and coursemeet_.location=?
14:18:31,817 DEBUG SQL:104 - 
    select
        coursemeet_.courseCode,
        coursemeet_.day,
        coursemeet_.period,
        coursemeet_.location 
    from
        CourseMeeting coursemeet_ 
    where
        coursemeet_.courseCode=? 
        and coursemeet_.day=? 
        and coursemeet_.period=? 
        and coursemeet_.location=?
14:18:31,825 DEBUG SQL:104 - 
    insert 
    into
        Course
        (description, courseCode) 
    values
        (?, ?)
14:18:31,826 DEBUG BaseGeneralDataRegion:59 - Caching[foo.org.hibernate.cache.spi.UpdateTimestampsCache] : [Course] -> [5579091033399296]
14:18:31,826 DEBUG SQL:104 - 
    insert 
    into
        CourseMeeting
        (courseCode, day, period, location) 
    values
        (?, ?, ?, ?)
14:18:31,827 DEBUG BaseGeneralDataRegion:59 - Caching[foo.org.hibernate.cache.spi.UpdateTimestampsCache] : [CourseMeeting] -> [5579091033403392]
14:18:31,827 DEBUG SQL:104 - 
    insert 
    into
        CourseMeeting
        (courseCode, day, period, location) 
    values
        (?, ?, ?, ?)
14:18:31,839 DEBUG BaseGeneralDataRegion:59 - Caching[foo.org.hibernate.cache.spi.UpdateTimestampsCache] : [CourseMeeting] -> [5579091033452544]
14:18:31,839 DEBUG SQL:104 - 
    insert 
    into
        Student
        (name_first, name_middle, name_last, preferredCourseCode, studentId) 
    values
        (?, ?, ?, ?, ?)
14:18:31,840 DEBUG BaseGeneralDataRegion:59 - Caching[foo.org.hibernate.cache.spi.UpdateTimestampsCache] : [Student] -> [5579091033456640]
14:18:31,840 DEBUG SQL:104 - 
    insert 
    into
        Address
        (addressType, street, city, stateProvince, postalCode, country, studentNumber, id) 
    values
        (?, ?, ?, ?, ?, ?, ?, ?)
14:18:31,841 DEBUG BaseGeneralDataRegion:59 - Caching[foo.org.hibernate.cache.spi.UpdateTimestampsCache] : [Address] -> [5579091033460736]
14:18:31,841 DEBUG SQL:104 - 
    insert 
    into
        Address
        (addressType, street, city, stateProvince, postalCode, country, studentNumber, id) 
    values
        (?, ?, ?, ?, ?, ?, ?, ?)
14:18:31,841 DEBUG BaseGeneralDataRegion:59 - Caching[foo.org.hibernate.cache.spi.UpdateTimestampsCache] : [Address] -> [5579091033460737]
14:18:31,841 DEBUG SQL:104 - 
    insert 
    into
        Student
        (name_first, name_middle, name_last, preferredCourseCode, studentId) 
    values
        (?, ?, ?, ?, ?)
14:18:31,845 DEBUG BaseGeneralDataRegion:59 - Caching[foo.org.hibernate.cache.spi.UpdateTimestampsCache] : [Student] -> [5579091033477120]
14:18:31,845 DEBUG SQL:104 - 
    insert 
    into
        Enrolment
        (semester, "year", studentId, courseCode) 
    values
        (?, ?, ?, ?)
14:18:31,845 DEBUG BaseGeneralDataRegion:59 - Caching[foo.org.hibernate.cache.spi.UpdateTimestampsCache] : [Enrolment] -> [5579091033477121]
14:18:31,846 DEBUG SQL:104 - 
    insert 
    into
        Enrolment
        (semester, "year", studentId, courseCode) 
    values
        (?, ?, ?, ?)
14:18:31,846 DEBUG BaseGeneralDataRegion:59 - Caching[foo.org.hibernate.cache.spi.UpdateTimestampsCache] : [Enrolment] -> [5579091033481216]
14:18:31,846 DEBUG BaseGeneralDataRegion:59 - Caching[foo.org.hibernate.cache.spi.UpdateTimestampsCache] : [CourseMeeting] -> [5579091033481217]
14:18:31,846 DEBUG BaseGeneralDataRegion:59 - Caching[foo.org.hibernate.cache.spi.UpdateTimestampsCache] : [Enrolment] -> [5579091033481218]
14:18:31,846 DEBUG SQL:104 - 
    update
        Address 
    set
        studentNumber=?,
        addressType=? 
    where
        id=?
14:18:31,863 DEBUG SQL:104 - 
    update
        Address 
    set
        studentNumber=?,
        addressType=? 
    where
        id=?
14:18:31,864 DEBUG BaseGeneralDataRegion:59 - Caching[foo.org.hibernate.cache.spi.UpdateTimestampsCache] : [Address] -> [5579091033554944]
14:18:31,864 DEBUG SQL:104 - 
    insert 
    into
        Student_secretCodes
        (studentNumber, i, secretCode) 
    values
        (?, ?, ?)
14:18:31,864 DEBUG BaseGeneralDataRegion:59 - Caching[foo.org.hibernate.cache.spi.UpdateTimestampsCache] : [Student_secretCodes] -> [5579091033554945]
14:18:31,864 DEBUG BaseGeneralDataRegion:59 - Caching[foo.org.hibernate.cache.spi.UpdateTimestampsCache] : [Enrolment] -> [5579091033554946]
14:18:31,865 DEBUG BaseGeneralDataRegion:59 - Caching[foo.org.hibernate.cache.spi.UpdateTimestampsCache] : [Address] -> [5579091033559040]
14:18:31,865 DEBUG SQL:104 - 
    insert 
    into
        Student_secretCodes
        (studentNumber, i, secretCode) 
    values
        (?, ?, ?)
14:18:31,865 DEBUG SQL:104 - 
    insert 
    into
        Student_secretCodes
        (studentNumber, i, secretCode) 
    values
        (?, ?, ?)
14:18:31,868 DEBUG BaseGeneralDataRegion:59 - Caching[foo.org.hibernate.cache.spi.UpdateTimestampsCache] : [Student_secretCodes] -> [5579091033571328]
14:18:31,868 DEBUG BaseGeneralDataRegion:59 - Caching[foo.org.hibernate.cache.spi.UpdateTimestampsCache] : [Student] -> [5579090787811329]
14:18:31,869 DEBUG BaseGeneralDataRegion:59 - Caching[foo.org.hibernate.cache.spi.UpdateTimestampsCache] : [Course] -> [5579090787811329]
14:18:31,869 DEBUG BaseGeneralDataRegion:59 - Caching[foo.org.hibernate.cache.spi.UpdateTimestampsCache] : [Enrolment] -> [5579090787811329]
14:18:31,869 DEBUG BaseGeneralDataRegion:59 - Caching[foo.org.hibernate.cache.spi.UpdateTimestampsCache] : [Student_secretCodes] -> [5579090787811329]
14:18:31,869 DEBUG BaseGeneralDataRegion:59 - Caching[foo.org.hibernate.cache.spi.UpdateTimestampsCache] : [Address] -> [5579090787811329]
14:18:31,869 DEBUG BaseGeneralDataRegion:59 - Caching[foo.org.hibernate.cache.spi.UpdateTimestampsCache] : [CourseMeeting] -> [5579090787811329]
14:18:31,883 DEBUG QueryTranslatorImpl:265 - parse() - HQL: select new Student(s.studentNumber, s.name) from org.hibernate.test.querycache.Student s order by s.studentNumber
14:18:31,885 DEBUG QueryTranslatorImpl:283 - --- HQL AST ---
 \-[QUERY] Node: 'query'
    +-[SELECT_FROM] Node: 'SELECT_FROM'
    |  +-[FROM] Node: 'from'
    |  |  \-[RANGE] Node: 'RANGE'
    |  |     +-[DOT] Node: '.'
    |  |     |  +-[DOT] Node: '.'
    |  |     |  |  +-[DOT] Node: '.'
    |  |     |  |  |  +-[DOT] Node: '.'
    |  |     |  |  |  |  +-[IDENT] Node: 'org'
    |  |     |  |  |  |  \-[IDENT] Node: 'hibernate'
    |  |     |  |  |  \-[IDENT] Node: 'test'
    |  |     |  |  \-[IDENT] Node: 'querycache'
    |  |     |  \-[IDENT] Node: 'Student'
    |  |     \-[ALIAS] Node: 's'
    |  \-[SELECT] Node: 'select'
    |     \-[CONSTRUCTOR] Node: '('
    |        +-[IDENT] Node: 'Student'
    |        +-[DOT] Node: '.'
    |        |  +-[IDENT] Node: 's'
    |        |  \-[IDENT] Node: 'studentNumber'
    |        \-[DOT] Node: '.'
    |           +-[IDENT] Node: 's'
    |           \-[IDENT] Node: 'name'
    \-[ORDER] Node: 'order'
       \-[DOT] Node: '.'
          +-[IDENT] Node: 's'
          \-[IDENT] Node: 'studentNumber'

14:18:31,885 DEBUG ErrorCounter:82 - throwQueryException() : no errors
14:18:31,886 DEBUG FromElement:157 - FromClause{level=1} : org.hibernate.test.querycache.Student (s) -> student0_
14:18:31,886 DEBUG FromReferenceNode:74 - Resolved : s -> student0_.studentId
14:18:31,886 DEBUG DotNode:599 - getDataType() : studentNumber -> org.hibernate.type.LongType@4bf3f9d
14:18:31,886 DEBUG FromReferenceNode:74 - Resolved : s.studentNumber -> student0_.studentId
14:18:31,886 DEBUG FromReferenceNode:74 - Resolved : s -> student0_.studentId
14:18:31,887 DEBUG DotNode:599 - getDataType() : name -> org.hibernate.type.ComponentType@339cc2da
14:18:31,887 DEBUG DotNode:588 - Terminal propertyPath = [name]
14:18:31,887 DEBUG FromReferenceNode:74 - Resolved : s.name -> student0_.name_first, student0_.name_middle, student0_.name_last
14:18:31,887 DEBUG FromReferenceNode:74 - Resolved : s -> student0_.studentId
14:18:31,887 DEBUG DotNode:599 - getDataType() : studentNumber -> org.hibernate.type.LongType@4bf3f9d
14:18:31,887 DEBUG FromReferenceNode:74 - Resolved : s.studentNumber -> student0_.studentId
14:18:31,888 DEBUG HqlSqlWalker:629 - processQuery() :  ( SELECT ( {select clause} ( ( Student ( student0_.studentId student0_.studentId studentNumber ) ( student0_.name_first, student0_.name_middle, student0_.name_last student0_.studentId name ) ) ) ( FromClause{level=1} Student student0_ ) ( order ( student0_.studentId student0_.studentId studentNumber ) ) )
14:18:31,888 DEBUG JoinProcessor:175 - Using FROM fragment [Student student0_]
14:18:31,888 DEBUG QueryTranslatorImpl:252 - --- SQL AST ---
 \-[SELECT] QueryNode: 'SELECT'  querySpaces (Student)
    +-[SELECT_CLAUSE] SelectClause: '{select clause}'
    |  \-[CONSTRUCTOR] ConstructorNode: '('
    |     +-[IDENT] IdentNode: 'Student' {originalText=Student}
    |     +-[DOT] DotNode: 'student0_.studentId' {propertyName=studentNumber,dereferenceType=ALL,propertyPath=studentNumber,path=s.studentNumber,tableAlias=student0_,className=org.hibernate.test.querycache.Student,classAlias=s}
    |     |  +-[ALIAS_REF] IdentNode: 'student0_.studentId' {alias=s, className=org.hibernate.test.querycache.Student, tableAlias=student0_}
    |     |  \-[IDENT] IdentNode: 'studentNumber' {originalText=studentNumber}
    |     +-[SELECT_COLUMNS] SqlNode: ' as col_0_0_'
    |     +-[DOT] DotNode: 'student0_.name_first' {propertyName=name,dereferenceType=2,propertyPath=name,path=s.name,tableAlias=student0_,className=org.hibernate.test.querycache.Student,classAlias=s}
    |     |  +-[ALIAS_REF] IdentNode: 'student0_.studentId' {alias=s, className=org.hibernate.test.querycache.Student, tableAlias=student0_}
    |     |  \-[IDENT] IdentNode: 'name' {originalText=name}
    |     +-[SELECT_COLUMNS] SqlNode: ' as col_1_0_'
    |     +-[SQL_TOKEN] SqlFragment: 'student0_.name_middle'
    |     +-[SELECT_COLUMNS] SqlNode: ' as col_1_1_'
    |     +-[SQL_TOKEN] SqlFragment: 'student0_.name_last'
    |     \-[SELECT_COLUMNS] SqlNode: ' as col_1_2_'
    +-[FROM] FromClause: 'from' FromClause{level=1, fromElementCounter=1, fromElements=1, fromElementByClassAlias=[s], fromElementByTableAlias=[student0_], fromElementsByPath=[], collectionJoinFromElementsByPath=[], impliedElements=[]}
    |  \-[FROM_FRAGMENT] FromElement: 'Student student0_' FromElement{explicit,not a collection join,not a fetch join,fetch non-lazy properties,classAlias=s,role=null,tableName=Student,tableAlias=student0_,origin=null,columns={,className=org.hibernate.test.querycache.Student}}
    \-[ORDER] OrderByClause: 'order'
       \-[DOT] DotNode: 'student0_.studentId' {propertyName=studentNumber,dereferenceType=ALL,propertyPath=studentNumber,path=s.studentNumber,tableAlias=student0_,className=org.hibernate.test.querycache.Student,classAlias=s}
          +-[ALIAS_REF] IdentNode: 'student0_.studentId' {alias=s, className=org.hibernate.test.querycache.Student, tableAlias=student0_}
          \-[IDENT] IdentNode: 'studentNumber' {originalText=studentNumber}

14:18:31,888 DEBUG ErrorCounter:82 - throwQueryException() : no errors
14:18:31,888 DEBUG QueryTranslatorImpl:235 - HQL: select new Student(s.studentNumber, s.name) from org.hibernate.test.querycache.Student s order by s.studentNumber
14:18:31,888 DEBUG QueryTranslatorImpl:236 - SQL: select student0_.studentId as col_0_0_, student0_.name_first as col_1_0_, student0_.name_middle as col_1_1_, student0_.name_last as col_1_2_ from Student student0_ order by student0_.studentId
14:18:31,888 DEBUG ErrorCounter:82 - throwQueryException() : no errors
14:18:31,889 DEBUG SQL:104 - 
    select
        student0_.studentId as col_0_0_,
        student0_.name_first as col_1_0_,
        student0_.name_middle as col_1_1_,
        student0_.name_last as col_1_2_ 
    from
        Student student0_ 
    order by
        student0_.studentId
14:18:31,889 DEBUG SQL:104 - 
    select
        student0_.studentId as col_0_0_,
        student0_.name_first as col_1_0_,
        student0_.name_middle as col_1_1_,
        student0_.name_last as col_1_2_ 
    from
        Student student0_ 
    order by
        student0_.studentId
14:18:31,905 DEBUG SQL:104 - 
    select
        student_.studentId,
        student_.name_first as name2_4_,
        student_.name_middle as name3_4_,
        student_.name_last as name4_4_,
        student_.preferredCourseCode as preferre5_4_ 
    from
        Student student_ 
    where
        student_.studentId=?
14:18:31,905 DEBUG SQL:104 - 
    select
        enrolment_.studentId,
        enrolment_.courseCode,
        enrolment_.semester as semester3_,
        enrolment_."year" as year4_3_ 
    from
        Enrolment enrolment_ 
    where
        enrolment_.studentId=? 
        and enrolment_.courseCode=?
14:18:31,906 DEBUG SQL:104 - 
    select
        course_.courseCode,
        course_.description as descript2_1_ 
    from
        Course course_ 
    where
        course_.courseCode=?
14:18:31,918 DEBUG SQL:104 - 
    select
        student_.studentId,
        student_.name_first as name2_4_,
        student_.name_middle as name3_4_,
        student_.name_last as name4_4_,
        student_.preferredCourseCode as preferre5_4_ 
    from
        Student student_ 
    where
        student_.studentId=?
14:18:31,919 DEBUG SQL:104 - 
    select
        enrolment_.studentId,
        enrolment_.courseCode,
        enrolment_.semester as semester3_,
        enrolment_."year" as year4_3_ 
    from
        Enrolment enrolment_ 
    where
        enrolment_.studentId=? 
        and enrolment_.courseCode=?
14:18:31,919 DEBUG SQL:104 - 
    select
        coursemeet_.courseCode,
        coursemeet_.day,
        coursemeet_.period,
        coursemeet_.location 
    from
        CourseMeeting coursemeet_ 
    where
        coursemeet_.courseCode=? 
        and coursemeet_.day=? 
        and coursemeet_.period=? 
        and coursemeet_.location=?
14:18:31,926 DEBUG SQL:104 - 
    select
        coursemeet_.courseCode,
        coursemeet_.day,
        coursemeet_.period,
        coursemeet_.location 
    from
        CourseMeeting coursemeet_ 
    where
        coursemeet_.courseCode=? 
        and coursemeet_.day=? 
        and coursemeet_.period=? 
        and coursemeet_.location=?
14:18:31,927 DEBUG BaseGeneralDataRegion:59 - Caching[foo.org.hibernate.cache.spi.UpdateTimestampsCache] : [Enrolment] -> [5579091033812992]
14:18:31,928 DEBUG SQL:104 - 
    update
        Address 
    set
        studentNumber=null,
        addressType=null 
    where
        studentNumber=?
14:18:31,928 DEBUG BaseGeneralDataRegion:59 - Caching[foo.org.hibernate.cache.spi.UpdateTimestampsCache] : [Address] -> [5579091033817088]
14:18:31,929 DEBUG SQL:104 - 
    delete 
    from
        Student_secretCodes 
    where
        studentNumber=?
14:18:31,929 DEBUG BaseGeneralDataRegion:59 - Caching[foo.org.hibernate.cache.spi.UpdateTimestampsCache] : [Student_secretCodes] -> [5579091033821184]
14:18:31,929 DEBUG BaseGeneralDataRegion:59 - Caching[foo.org.hibernate.cache.spi.UpdateTimestampsCache] : [Enrolment] -> [5579091033821185]
14:18:31,930 DEBUG BaseGeneralDataRegion:59 - Caching[foo.org.hibernate.cache.spi.UpdateTimestampsCache] : [Address] -> [5579091033825280]
14:18:31,930 DEBUG SQL:104 - 
    delete 
    from
        Student_secretCodes 
    where
        studentNumber=?
14:18:31,946 DEBUG BaseGeneralDataRegion:59 - Caching[foo.org.hibernate.cache.spi.UpdateTimestampsCache] : [Student_secretCodes] -> [5579091033890816]
14:18:31,946 DEBUG BaseGeneralDataRegion:59 - Caching[foo.org.hibernate.cache.spi.UpdateTimestampsCache] : [CourseMeeting] -> [5579091033890817]
14:18:31,946 DEBUG SQL:104 - 
    delete 
    from
        Enrolment 
    where
        studentId=? 
        and courseCode=?
14:18:31,947 DEBUG BaseGeneralDataRegion:59 - Caching[foo.org.hibernate.cache.spi.UpdateTimestampsCache] : [Enrolment] -> [5579091033894912]
14:18:31,947 DEBUG SQL:104 - 
    delete 
    from
        Address 
    where
        id=?
14:18:31,947 DEBUG BaseGeneralDataRegion:59 - Caching[foo.org.hibernate.cache.spi.UpdateTimestampsCache] : [Address] -> [5579091033894913]
14:18:31,947 DEBUG SQL:104 - 
    delete 
    from
        Address 
    where
        id=?
14:18:31,947 DEBUG BaseGeneralDataRegion:59 - Caching[foo.org.hibernate.cache.spi.UpdateTimestampsCache] : [Address] -> [5579091033894914]
14:18:31,947 DEBUG SQL:104 - 
    delete 
    from
        Student 
    where
        studentId=?
14:18:31,956 DEBUG BaseGeneralDataRegion:59 - Caching[foo.org.hibernate.cache.spi.UpdateTimestampsCache] : [Student] -> [5579091033931776]
14:18:31,956 DEBUG SQL:104 - 
    delete 
    from
        Enrolment 
    where
        studentId=? 
        and courseCode=?
14:18:31,957 DEBUG BaseGeneralDataRegion:59 - Caching[foo.org.hibernate.cache.spi.UpdateTimestampsCache] : [Enrolment] -> [5579091033935872]
14:18:31,957 DEBUG SQL:104 - 
    delete 
    from
        Student 
    where
        studentId=?
14:18:31,957 DEBUG BaseGeneralDataRegion:59 - Caching[foo.org.hibernate.cache.spi.UpdateTimestampsCache] : [Student] -> [5579091033935873]
14:18:31,957 DEBUG SQL:104 - 
    delete 
    from
        CourseMeeting 
    where
        courseCode=? 
        and day=? 
        and period=? 
        and location=?
14:18:31,957 DEBUG BaseGeneralDataRegion:59 - Caching[foo.org.hibernate.cache.spi.UpdateTimestampsCache] : [CourseMeeting] -> [5579091033935874]
14:18:31,957 DEBUG SQL:104 - 
    delete 
    from
        CourseMeeting 
    where
        courseCode=? 
        and day=? 
        and period=? 
        and location=?
14:18:31,973 DEBUG BaseGeneralDataRegion:59 - Caching[foo.org.hibernate.cache.spi.UpdateTimestampsCache] : [CourseMeeting] -> [5579091034001408]
14:18:31,973 DEBUG SQL:104 - 
    delete 
    from
        Course 
    where
        courseCode=?
14:18:31,973 DEBUG BaseGeneralDataRegion:59 - Caching[foo.org.hibernate.cache.spi.UpdateTimestampsCache] : [Course] -> [5579091034001409]
14:18:31,974 DEBUG BaseGeneralDataRegion:59 - Caching[foo.org.hibernate.cache.spi.UpdateTimestampsCache] : [Student] -> [5579090788245504]
14:18:31,974 DEBUG BaseGeneralDataRegion:59 - Caching[foo.org.hibernate.cache.spi.UpdateTimestampsCache] : [Course] -> [5579090788245504]
14:18:31,974 DEBUG BaseGeneralDataRegion:59 - Caching[foo.org.hibernate.cache.spi.UpdateTimestampsCache] : [Enrolment] -> [5579090788245504]
14:18:31,974 DEBUG BaseGeneralDataRegion:59 - Caching[foo.org.hibernate.cache.spi.UpdateTimestampsCache] : [Student_secretCodes] -> [5579090788245504]
14:18:31,974 DEBUG BaseGeneralDataRegion:59 - Caching[foo.org.hibernate.cache.spi.UpdateTimestampsCache] : [Address] -> [5579090788245504]
14:18:31,974 DEBUG BaseGeneralDataRegion:59 - Caching[foo.org.hibernate.cache.spi.UpdateTimestampsCache] : [CourseMeeting] -> [5579090788245504]
14:18:31,974  INFO CustomRunner:139 - Test: testSelectNewMapUsingAliasesList
14:18:31,975 DEBUG SQL:104 - 
    select
        coursemeet_.courseCode,
        coursemeet_.day,
        coursemeet_.period,
        coursemeet_.location 
    from
        CourseMeeting coursemeet_ 
    where
        coursemeet_.courseCode=? 
        and coursemeet_.day=? 
        and coursemeet_.period=? 
        and coursemeet_.location=?
14:18:31,978 DEBUG SQL:104 - 
    select
        coursemeet_.courseCode,
        coursemeet_.day,
        coursemeet_.period,
        coursemeet_.location 
    from
        CourseMeeting coursemeet_ 
    where
        coursemeet_.courseCode=? 
        and coursemeet_.day=? 
        and coursemeet_.period=? 
        and coursemeet_.location=?
14:18:31,980 DEBUG SQL:104 - 
    insert 
    into
        Course
        (description, courseCode) 
    values
        (?, ?)
14:18:31,981 DEBUG BaseGeneralDataRegion:59 - Caching[foo.org.hibernate.cache.spi.UpdateTimestampsCache] : [Course] -> [5579091034034176]
14:18:31,988 DEBUG SQL:104 - 
    insert 
    into
        CourseMeeting
        (courseCode, day, period, location) 
    values
        (?, ?, ?, ?)
14:18:31,989 DEBUG BaseGeneralDataRegion:59 - Caching[foo.org.hibernate.cache.spi.UpdateTimestampsCache] : [CourseMeeting] -> [5579091034066944]
14:18:31,990 DEBUG SQL:104 - 
    insert 
    into
        CourseMeeting
        (courseCode, day, period, location) 
    values
        (?, ?, ?, ?)
14:18:31,990 DEBUG BaseGeneralDataRegion:59 - Caching[foo.org.hibernate.cache.spi.UpdateTimestampsCache] : [CourseMeeting] -> [5579091034071040]
14:18:31,990 DEBUG SQL:104 - 
    insert 
    into
        Student
        (name_first, name_middle, name_last, preferredCourseCode, studentId) 
    values
        (?, ?, ?, ?, ?)
14:18:31,990 DEBUG BaseGeneralDataRegion:59 - Caching[foo.org.hibernate.cache.spi.UpdateTimestampsCache] : [Student] -> [5579091034071041]
14:18:31,990 DEBUG SQL:104 - 
    insert 
    into
        Address
        (addressType, street, city, stateProvince, postalCode, country, studentNumber, id) 
    values
        (?, ?, ?, ?, ?, ?, ?, ?)
14:18:31,990 DEBUG BaseGeneralDataRegion:59 - Caching[foo.org.hibernate.cache.spi.UpdateTimestampsCache] : [Address] -> [5579091034071042]
14:18:31,999 DEBUG SQL:104 - 
    insert 
    into
        Address
        (addressType, street, city, stateProvince, postalCode, country, studentNumber, id) 
    values
        (?, ?, ?, ?, ?, ?, ?, ?)
14:18:32,000 DEBUG BaseGeneralDataRegion:59 - Caching[foo.org.hibernate.cache.spi.UpdateTimestampsCache] : [Address] -> [5579091034112000]
14:18:32,000 DEBUG SQL:104 - 
    insert 
    into
        Student
        (name_first, name_middle, name_last, preferredCourseCode, studentId) 
    values
        (?, ?, ?, ?, ?)
14:18:32,000 DEBUG BaseGeneralDataRegion:59 - Caching[foo.org.hibernate.cache.spi.UpdateTimestampsCache] : [Student] -> [5579091034112001]
14:18:32,000 DEBUG SQL:104 - 
    insert 
    into
        Enrolment
        (semester, "year", studentId, courseCode) 
    values
        (?, ?, ?, ?)
14:18:32,001 DEBUG BaseGeneralDataRegion:59 - Caching[foo.org.hibernate.cache.spi.UpdateTimestampsCache] : [Enrolment] -> [5579091034116096]
14:18:32,001 DEBUG SQL:104 - 
    insert 
    into
        Enrolment
        (semester, "year", studentId, courseCode) 
    values
        (?, ?, ?, ?)
14:18:32,010 DEBUG BaseGeneralDataRegion:59 - Caching[foo.org.hibernate.cache.spi.UpdateTimestampsCache] : [Enrolment] -> [5579091034152960]
14:18:32,011 DEBUG BaseGeneralDataRegion:59 - Caching[foo.org.hibernate.cache.spi.UpdateTimestampsCache] : [CourseMeeting] -> [5579091034157056]
14:18:32,011 DEBUG BaseGeneralDataRegion:59 - Caching[foo.org.hibernate.cache.spi.UpdateTimestampsCache] : [Enrolment] -> [5579091034157057]
14:18:32,011 DEBUG SQL:104 - 
    update
        Address 
    set
        studentNumber=?,
        addressType=? 
    where
        id=?
14:18:32,011 DEBUG SQL:104 - 
    update
        Address 
    set
        studentNumber=?,
        addressType=? 
    where
        id=?
14:18:32,011 DEBUG BaseGeneralDataRegion:59 - Caching[foo.org.hibernate.cache.spi.UpdateTimestampsCache] : [Address] -> [5579091034157058]
14:18:32,011 DEBUG SQL:104 - 
    insert 
    into
        Student_secretCodes
        (studentNumber, i, secretCode) 
    values
        (?, ?, ?)
14:18:32,012 DEBUG BaseGeneralDataRegion:59 - Caching[foo.org.hibernate.cache.spi.UpdateTimestampsCache] : [Student_secretCodes] -> [5579091034161152]
14:18:32,012 DEBUG BaseGeneralDataRegion:59 - Caching[foo.org.hibernate.cache.spi.UpdateTimestampsCache] : [Enrolment] -> [5579091034161153]
14:18:32,012 DEBUG BaseGeneralDataRegion:59 - Caching[foo.org.hibernate.cache.spi.UpdateTimestampsCache] : [Address] -> [5579091034161154]
14:18:32,012 DEBUG SQL:104 - 
    insert 
    into
        Student_secretCodes
        (studentNumber, i, secretCode) 
    values
        (?, ?, ?)
14:18:32,012 DEBUG SQL:104 - 
    insert 
    into
        Student_secretCodes
        (studentNumber, i, secretCode) 
    values
        (?, ?, ?)
14:18:32,012 DEBUG BaseGeneralDataRegion:59 - Caching[foo.org.hibernate.cache.spi.UpdateTimestampsCache] : [Student_secretCodes] -> [5579091034161155]
14:18:32,012 DEBUG BaseGeneralDataRegion:59 - Caching[foo.org.hibernate.cache.spi.UpdateTimestampsCache] : [Student] -> [5579090788401156]
14:18:32,013 DEBUG BaseGeneralDataRegion:59 - Caching[foo.org.hibernate.cache.spi.UpdateTimestampsCache] : [Course] -> [5579090788401156]
14:18:32,013 DEBUG BaseGeneralDataRegion:59 - Caching[foo.org.hibernate.cache.spi.UpdateTimestampsCache] : [Enrolment] -> [5579090788401156]
14:18:32,013 DEBUG BaseGeneralDataRegion:59 - Caching[foo.org.hibernate.cache.spi.UpdateTimestampsCache] : [Student_secretCodes] -> [5579090788401156]
14:18:32,013 DEBUG BaseGeneralDataRegion:59 - Caching[foo.org.hibernate.cache.spi.UpdateTimestampsCache] : [Address] -> [5579090788401156]
14:18:32,013 DEBUG BaseGeneralDataRegion:59 - Caching[foo.org.hibernate.cache.spi.UpdateTimestampsCache] : [CourseMeeting] -> [5579090788401156]
14:18:32,013 DEBUG QueryTranslatorImpl:265 - parse() - HQL: select new map(s.studentNumber as sNumber, s.name as sName) from org.hibernate.test.querycache.Student s order by s.studentNumber
14:18:32,015 DEBUG QueryTranslatorImpl:283 - --- HQL AST ---
 \-[QUERY] Node: 'query'
    +-[SELECT_FROM] Node: 'SELECT_FROM'
    |  +-[FROM] Node: 'from'
    |  |  \-[RANGE] Node: 'RANGE'
    |  |     +-[DOT] Node: '.'
    |  |     |  +-[DOT] Node: '.'
    |  |     |  |  +-[DOT] Node: '.'
    |  |     |  |  |  +-[DOT] Node: '.'
    |  |     |  |  |  |  +-[IDENT] Node: 'org'
    |  |     |  |  |  |  \-[IDENT] Node: 'hibernate'
    |  |     |  |  |  \-[IDENT] Node: 'test'
    |  |     |  |  \-[IDENT] Node: 'querycache'
    |  |     |  \-[IDENT] Node: 'Student'
    |  |     \-[ALIAS] Node: 's'
    |  \-[SELECT] Node: 'select'
    |     \-[CONSTRUCTOR] Node: '('
    |        +-[IDENT] Node: 'map'
    |        +-[AS] Node: 'as'
    |        |  +-[DOT] Node: '.'
    |        |  |  +-[IDENT] Node: 's'
    |        |  |  \-[IDENT] Node: 'studentNumber'
    |        |  \-[IDENT] Node: 'sNumber'
    |        \-[AS] Node: 'as'
    |           +-[DOT] Node: '.'
    |           |  +-[IDENT] Node: 's'
    |           |  \-[IDENT] Node: 'name'
    |           \-[IDENT] Node: 'sName'
    \-[ORDER] Node: 'order'
       \-[DOT] Node: '.'
          +-[IDENT] Node: 's'
          \-[IDENT] Node: 'studentNumber'

14:18:32,034 DEBUG ErrorCounter:82 - throwQueryException() : no errors
14:18:32,035 DEBUG FromElement:157 - FromClause{level=1} : org.hibernate.test.querycache.Student (s) -> student0_
14:18:32,035 DEBUG FromReferenceNode:74 - Resolved : s -> student0_.studentId
14:18:32,048 DEBUG DotNode:599 - getDataType() : studentNumber -> org.hibernate.type.LongType@4bf3f9d
14:18:32,048 DEBUG FromReferenceNode:74 - Resolved : s.studentNumber -> student0_.studentId
14:18:32,048 DEBUG FromReferenceNode:74 - Resolved : s -> student0_.studentId
14:18:32,048 DEBUG DotNode:599 - getDataType() : name -> org.hibernate.type.ComponentType@339cc2da
14:18:32,049 DEBUG DotNode:588 - Terminal propertyPath = [name]
14:18:32,049 DEBUG FromReferenceNode:74 - Resolved : s.name -> student0_.name_first, student0_.name_middle, student0_.name_last
14:18:32,049 DEBUG FromReferenceNode:74 - Resolved : s -> student0_.studentId
14:18:32,049 DEBUG DotNode:599 - getDataType() : studentNumber -> org.hibernate.type.LongType@4bf3f9d
14:18:32,049 DEBUG FromReferenceNode:74 - Resolved : s.studentNumber -> student0_.studentId
14:18:32,049 DEBUG HqlSqlWalker:629 - processQuery() :  ( SELECT ( {select clause} ( ( map ( student0_.studentId student0_.studentId studentNumber ) ( student0_.name_first, student0_.name_middle, student0_.name_last student0_.studentId name ) ) ) ( FromClause{level=1} Student student0_ ) ( order ( student0_.studentId student0_.studentId studentNumber ) ) )
14:18:32,049 DEBUG JoinProcessor:175 - Using FROM fragment [Student student0_]
14:18:32,050 DEBUG QueryTranslatorImpl:252 - --- SQL AST ---
 \-[SELECT] QueryNode: 'SELECT'  querySpaces (Student)
    +-[SELECT_CLAUSE] SelectClause: '{select clause}'
    |  \-[CONSTRUCTOR] ConstructorNode: '('
    |     +-[IDENT] IdentNode: 'map' {originalText=map}
    |     +-[DOT] DotNode: 'student0_.studentId' {propertyName=studentNumber,dereferenceType=ALL,propertyPath=studentNumber,path=s.studentNumber,tableAlias=student0_,className=org.hibernate.test.querycache.Student,classAlias=s}
    |     |  +-[ALIAS_REF] IdentNode: 'student0_.studentId' {alias=s, className=org.hibernate.test.querycache.Student, tableAlias=student0_}
    |     |  \-[IDENT] IdentNode: 'studentNumber' {originalText=studentNumber}
    |     +-[SELECT_COLUMNS] SqlNode: ' as col_0_0_'
    |     +-[DOT] DotNode: 'student0_.name_first' {propertyName=name,dereferenceType=2,propertyPath=name,path=s.name,tableAlias=student0_,className=org.hibernate.test.querycache.Student,classAlias=s}
    |     |  +-[ALIAS_REF] IdentNode: 'student0_.studentId' {alias=s, className=org.hibernate.test.querycache.Student, tableAlias=student0_}
    |     |  \-[IDENT] IdentNode: 'name' {originalText=name}
    |     +-[SELECT_COLUMNS] SqlNode: ' as col_1_0_'
    |     +-[SQL_TOKEN] SqlFragment: 'student0_.name_middle'
    |     +-[SELECT_COLUMNS] SqlNode: ' as col_1_1_'
    |     +-[SQL_TOKEN] SqlFragment: 'student0_.name_last'
    |     \-[SELECT_COLUMNS] SqlNode: ' as col_1_2_'
    +-[FROM] FromClause: 'from' FromClause{level=1, fromElementCounter=1, fromElements=1, fromElementByClassAlias=[s], fromElementByTableAlias=[student0_], fromElementsByPath=[], collectionJoinFromElementsByPath=[], impliedElements=[]}
    |  \-[FROM_FRAGMENT] FromElement: 'Student student0_' FromElement{explicit,not a collection join,not a fetch join,fetch non-lazy properties,classAlias=s,role=null,tableName=Student,tableAlias=student0_,origin=null,columns={,className=org.hibernate.test.querycache.Student}}
    \-[ORDER] OrderByClause: 'order'
       \-[DOT] DotNode: 'student0_.studentId' {propertyName=studentNumber,dereferenceType=ALL,propertyPath=studentNumber,path=s.studentNumber,tableAlias=student0_,className=org.hibernate.test.querycache.Student,classAlias=s}
          +-[ALIAS_REF] IdentNode: 'student0_.studentId' {alias=s, className=org.hibernate.test.querycache.Student, tableAlias=student0_}
          \-[IDENT] IdentNode: 'studentNumber' {originalText=studentNumber}

14:18:32,050 DEBUG ErrorCounter:82 - throwQueryException() : no errors
14:18:32,050 DEBUG QueryTranslatorImpl:235 - HQL: select new map(s.studentNumber as sNumber, s.name as sName) from org.hibernate.test.querycache.Student s order by s.studentNumber
14:18:32,050 DEBUG QueryTranslatorImpl:236 - SQL: select student0_.studentId as col_0_0_, student0_.name_first as col_1_0_, student0_.name_middle as col_1_1_, student0_.name_last as col_1_2_ from Student student0_ order by student0_.studentId
14:18:32,050 DEBUG ErrorCounter:82 - throwQueryException() : no errors
14:18:32,050 DEBUG SQL:104 - 
    select
        student0_.studentId as col_0_0_,
        student0_.name_first as col_1_0_,
        student0_.name_middle as col_1_1_,
        student0_.name_last as col_1_2_ 
    from
        Student student0_ 
    order by
        student0_.studentId
14:18:32,072 DEBUG SQL:104 - 
    select
        student0_.studentId as col_0_0_,
        student0_.name_first as col_1_0_,
        student0_.name_middle as col_1_1_,
        student0_.name_last as col_1_2_ 
    from
        Student student0_ 
    order by
        student0_.studentId
14:18:32,073 DEBUG SQL:104 - 
    select
        student_.studentId,
        student_.name_first as name2_4_,
        student_.name_middle as name3_4_,
        student_.name_last as name4_4_,
        student_.preferredCourseCode as preferre5_4_ 
    from
        Student student_ 
    where
        student_.studentId=?
14:18:32,073 DEBUG SQL:104 - 
    select
        enrolment_.studentId,
        enrolment_.courseCode,
        enrolment_.semester as semester3_,
        enrolment_."year" as year4_3_ 
    from
        Enrolment enrolment_ 
    where
        enrolment_.studentId=? 
        and enrolment_.courseCode=?
14:18:32,083 DEBUG SQL:104 - 
    select
        course_.courseCode,
        course_.description as descript2_1_ 
    from
        Course course_ 
    where
        course_.courseCode=?
14:18:32,084 DEBUG SQL:104 - 
    select
        student_.studentId,
        student_.name_first as name2_4_,
        student_.name_middle as name3_4_,
        student_.name_last as name4_4_,
        student_.preferredCourseCode as preferre5_4_ 
    from
        Student student_ 
    where
        student_.studentId=?
14:18:32,084 DEBUG SQL:104 - 
    select
        enrolment_.studentId,
        enrolment_.courseCode,
        enrolment_.semester as semester3_,
        enrolment_."year" as year4_3_ 
    from
        Enrolment enrolment_ 
    where
        enrolment_.studentId=? 
        and enrolment_.courseCode=?
14:18:32,093 DEBUG SQL:104 - 
    select
        coursemeet_.courseCode,
        coursemeet_.day,
        coursemeet_.period,
        coursemeet_.location 
    from
        CourseMeeting coursemeet_ 
    where
        coursemeet_.courseCode=? 
        and coursemeet_.day=? 
        and coursemeet_.period=? 
        and coursemeet_.location=?
14:18:32,094 DEBUG SQL:104 - 
    select
        coursemeet_.courseCode,
        coursemeet_.day,
        coursemeet_.period,
        coursemeet_.location 
    from
        CourseMeeting coursemeet_ 
    where
        coursemeet_.courseCode=? 
        and coursemeet_.day=? 
        and coursemeet_.period=? 
        and coursemeet_.location=?
14:18:32,104 DEBUG BaseGeneralDataRegion:59 - Caching[foo.org.hibernate.cache.spi.UpdateTimestampsCache] : [Enrolment] -> [5579091034533888]
14:18:32,104 DEBUG SQL:104 - 
    update
        Address 
    set
        studentNumber=null,
        addressType=null 
    where
        studentNumber=?
14:18:32,104 DEBUG BaseGeneralDataRegion:59 - Caching[foo.org.hibernate.cache.spi.UpdateTimestampsCache] : [Address] -> [5579091034537984]
14:18:32,104 DEBUG SQL:104 - 
    delete 
    from
        Student_secretCodes 
    where
        studentNumber=?
14:18:32,104 DEBUG BaseGeneralDataRegion:59 - Caching[foo.org.hibernate.cache.spi.UpdateTimestampsCache] : [Student_secretCodes] -> [5579091034537985]
14:18:32,104 DEBUG BaseGeneralDataRegion:59 - Caching[foo.org.hibernate.cache.spi.UpdateTimestampsCache] : [Enrolment] -> [5579091034537986]
14:18:32,105 DEBUG BaseGeneralDataRegion:59 - Caching[foo.org.hibernate.cache.spi.UpdateTimestampsCache] : [Address] -> [5579091034537987]
14:18:32,105 DEBUG SQL:104 - 
    delete 
    from
        Student_secretCodes 
    where
        studentNumber=?
14:18:32,105 DEBUG BaseGeneralDataRegion:59 - Caching[foo.org.hibernate.cache.spi.UpdateTimestampsCache] : [Student_secretCodes] -> [5579091034542080]
14:18:32,105 DEBUG BaseGeneralDataRegion:59 - Caching[foo.org.hibernate.cache.spi.UpdateTimestampsCache] : [CourseMeeting] -> [5579091034542081]
14:18:32,105 DEBUG SQL:104 - 
    delete 
    from
        Enrolment 
    where
        studentId=? 
        and courseCode=?
14:18:32,115 DEBUG BaseGeneralDataRegion:59 - Caching[foo.org.hibernate.cache.spi.UpdateTimestampsCache] : [Enrolment] -> [5579091034583040]
14:18:32,115 DEBUG SQL:104 - 
    delete 
    from
        Address 
    where
        id=?
14:18:32,115 DEBUG BaseGeneralDataRegion:59 - Caching[foo.org.hibernate.cache.spi.UpdateTimestampsCache] : [Address] -> [5579091034583041]
14:18:32,115 DEBUG SQL:104 - 
    delete 
    from
        Address 
    where
        id=?
14:18:32,115 DEBUG BaseGeneralDataRegion:59 - Caching[foo.org.hibernate.cache.spi.UpdateTimestampsCache] : [Address] -> [5579091034583042]
14:18:32,116 DEBUG SQL:104 - 
    delete 
    from
        Student 
    where
        studentId=?
14:18:32,116 DEBUG BaseGeneralDataRegion:59 - Caching[foo.org.hibernate.cache.spi.UpdateTimestampsCache] : [Student] -> [5579091034587136]
14:18:32,116 DEBUG SQL:104 - 
    delete 
    from
        Enrolment 
    where
        studentId=? 
        and courseCode=?
14:18:32,126 DEBUG BaseGeneralDataRegion:59 - Caching[foo.org.hibernate.cache.spi.UpdateTimestampsCache] : [Enrolment] -> [5579091034628096]
14:18:32,126 DEBUG SQL:104 - 
    delete 
    from
        Student 
    where
        studentId=?
14:18:32,126 DEBUG BaseGeneralDataRegion:59 - Caching[foo.org.hibernate.cache.spi.UpdateTimestampsCache] : [Student] -> [5579091034628097]
14:18:32,126 DEBUG SQL:104 - 
    delete 
    from
        CourseMeeting 
    where
        courseCode=? 
        and day=? 
        and period=? 
        and location=?
14:18:32,126 DEBUG BaseGeneralDataRegion:59 - Caching[foo.org.hibernate.cache.spi.UpdateTimestampsCache] : [CourseMeeting] -> [5579091034628098]
14:18:32,126 DEBUG SQL:104 - 
    delete 
    from
        CourseMeeting 
    where
        courseCode=? 
        and day=? 
        and period=? 
        and location=?
14:18:32,136 DEBUG BaseGeneralDataRegion:59 - Caching[foo.org.hibernate.cache.spi.UpdateTimestampsCache] : [CourseMeeting] -> [5579091034669056]
14:18:32,136 DEBUG SQL:104 - 
    delete 
    from
        Course 
    where
        courseCode=?
14:18:32,136 DEBUG BaseGeneralDataRegion:59 - Caching[foo.org.hibernate.cache.spi.UpdateTimestampsCache] : [Course] -> [5579091034669057]
14:18:32,136 DEBUG BaseGeneralDataRegion:59 - Caching[foo.org.hibernate.cache.spi.UpdateTimestampsCache] : [Student] -> [5579090788909058]
14:18:32,136 DEBUG BaseGeneralDataRegion:59 - Caching[foo.org.hibernate.cache.spi.UpdateTimestampsCache] : [Course] -> [5579090788909058]
14:18:32,137 DEBUG BaseGeneralDataRegion:59 - Caching[foo.org.hibernate.cache.spi.UpdateTimestampsCache] : [Enrolment] -> [5579090788909058]
14:18:32,137 DEBUG BaseGeneralDataRegion:59 - Caching[foo.org.hibernate.cache.spi.UpdateTimestampsCache] : [Student_secretCodes] -> [5579090788909058]
14:18:32,137 DEBUG BaseGeneralDataRegion:59 - Caching[foo.org.hibernate.cache.spi.UpdateTimestampsCache] : [Address] -> [5579090788909058]
14:18:32,137 DEBUG BaseGeneralDataRegion:59 - Caching[foo.org.hibernate.cache.spi.UpdateTimestampsCache] : [CourseMeeting] -> [5579090788909058]
14:18:32,137  INFO CustomRunner:139 - Test: testSingleAggregatedPropProjectionSingleResult
14:18:32,138 DEBUG SQL:104 - 
    select
        coursemeet_.courseCode,
        coursemeet_.day,
        coursemeet_.period,
        coursemeet_.location 
    from
        CourseMeeting coursemeet_ 
    where
        coursemeet_.courseCode=? 
        and coursemeet_.day=? 
        and coursemeet_.period=? 
        and coursemeet_.location=?
14:18:32,139 DEBUG SQL:104 - 
    select
        coursemeet_.courseCode,
        coursemeet_.day,
        coursemeet_.period,
        coursemeet_.location 
    from
        CourseMeeting coursemeet_ 
    where
        coursemeet_.courseCode=? 
        and coursemeet_.day=? 
        and coursemeet_.period=? 
        and coursemeet_.location=?
14:18:32,139 DEBUG SQL:104 - 
    insert 
    into
        Course
        (description, courseCode) 
    values
        (?, ?)
14:18:32,140 DEBUG BaseGeneralDataRegion:59 - Caching[foo.org.hibernate.cache.spi.UpdateTimestampsCache] : [Course] -> [5579091034685440]
14:18:32,140 DEBUG SQL:104 - 
    insert 
    into
        CourseMeeting
        (courseCode, day, period, location) 
    values
        (?, ?, ?, ?)
14:18:32,140 DEBUG BaseGeneralDataRegion:59 - Caching[foo.org.hibernate.cache.spi.UpdateTimestampsCache] : [CourseMeeting] -> [5579091034685441]
14:18:32,149 DEBUG SQL:104 - 
    insert 
    into
        CourseMeeting
        (courseCode, day, period, location) 
    values
        (?, ?, ?, ?)
14:18:32,149 DEBUG BaseGeneralDataRegion:59 - Caching[foo.org.hibernate.cache.spi.UpdateTimestampsCache] : [CourseMeeting] -> [5579091034722304]
14:18:32,149 DEBUG SQL:104 - 
    insert 
    into
        Student
        (name_first, name_middle, name_last, preferredCourseCode, studentId) 
    values
        (?, ?, ?, ?, ?)
14:18:32,150 DEBUG BaseGeneralDataRegion:59 - Caching[foo.org.hibernate.cache.spi.UpdateTimestampsCache] : [Student] -> [5579091034726400]
14:18:32,150 DEBUG SQL:104 - 
    insert 
    into
        Address
        (addressType, street, city, stateProvince, postalCode, country, studentNumber, id) 
    values
        (?, ?, ?, ?, ?, ?, ?, ?)
14:18:32,150 DEBUG BaseGeneralDataRegion:59 - Caching[foo.org.hibernate.cache.spi.UpdateTimestampsCache] : [Address] -> [5579091034726401]
14:18:32,150 DEBUG SQL:104 - 
    insert 
    into
        Address
        (addressType, street, city, stateProvince, postalCode, country, studentNumber, id) 
    values
        (?, ?, ?, ?, ?, ?, ?, ?)
14:18:32,159 DEBUG BaseGeneralDataRegion:59 - Caching[foo.org.hibernate.cache.spi.UpdateTimestampsCache] : [Address] -> [5579091034763264]
14:18:32,160 DEBUG SQL:104 - 
    insert 
    into
        Student
        (name_first, name_middle, name_last, preferredCourseCode, studentId) 
    values
        (?, ?, ?, ?, ?)
14:18:32,160 DEBUG BaseGeneralDataRegion:59 - Caching[foo.org.hibernate.cache.spi.UpdateTimestampsCache] : [Student] -> [5579091034767360]
14:18:32,160 DEBUG SQL:104 - 
    insert 
    into
        Enrolment
        (semester, "year", studentId, courseCode) 
    values
        (?, ?, ?, ?)
14:18:32,160 DEBUG BaseGeneralDataRegion:59 - Caching[foo.org.hibernate.cache.spi.UpdateTimestampsCache] : [Enrolment] -> [5579091034767361]
14:18:32,160 DEBUG SQL:104 - 
    insert 
    into
        Enrolment
        (semester, "year", studentId, courseCode) 
    values
        (?, ?, ?, ?)
14:18:32,160 DEBUG BaseGeneralDataRegion:59 - Caching[foo.org.hibernate.cache.spi.UpdateTimestampsCache] : [Enrolment] -> [5579091034767362]
14:18:32,161 DEBUG BaseGeneralDataRegion:59 - Caching[foo.org.hibernate.cache.spi.UpdateTimestampsCache] : [CourseMeeting] -> [5579091034771456]
14:18:32,161 DEBUG BaseGeneralDataRegion:59 - Caching[foo.org.hibernate.cache.spi.UpdateTimestampsCache] : [Enrolment] -> [5579091034771457]
14:18:32,161 DEBUG SQL:104 - 
    update
        Address 
    set
        studentNumber=?,
        addressType=? 
    where
        id=?
14:18:32,161 DEBUG SQL:104 - 
    update
        Address 
    set
        studentNumber=?,
        addressType=? 
    where
        id=?
14:18:32,182 DEBUG BaseGeneralDataRegion:59 - Caching[foo.org.hibernate.cache.spi.UpdateTimestampsCache] : [Address] -> [5579091034857472]
14:18:32,182 DEBUG SQL:104 - 
    insert 
    into
        Student_secretCodes
        (studentNumber, i, secretCode) 
    values
        (?, ?, ?)
14:18:32,183 DEBUG BaseGeneralDataRegion:59 - Caching[foo.org.hibernate.cache.spi.UpdateTimestampsCache] : [Student_secretCodes] -> [5579091034861568]
14:18:32,183 DEBUG BaseGeneralDataRegion:59 - Caching[foo.org.hibernate.cache.spi.UpdateTimestampsCache] : [Enrolment] -> [5579091034861569]
14:18:32,183 DEBUG BaseGeneralDataRegion:59 - Caching[foo.org.hibernate.cache.spi.UpdateTimestampsCache] : [Address] -> [5579091034861570]
14:18:32,183 DEBUG SQL:104 - 
    insert 
    into
        Student_secretCodes
        (studentNumber, i, secretCode) 
    values
        (?, ?, ?)
14:18:32,183 DEBUG SQL:104 - 
    insert 
    into
        Student_secretCodes
        (studentNumber, i, secretCode) 
    values
        (?, ?, ?)
14:18:32,183 DEBUG BaseGeneralDataRegion:59 - Caching[foo.org.hibernate.cache.spi.UpdateTimestampsCache] : [Student_secretCodes] -> [5579091034861571]
14:18:32,183 DEBUG BaseGeneralDataRegion:59 - Caching[foo.org.hibernate.cache.spi.UpdateTimestampsCache] : [Student] -> [5579090789101572]
14:18:32,183 DEBUG BaseGeneralDataRegion:59 - Caching[foo.org.hibernate.cache.spi.UpdateTimestampsCache] : [Course] -> [5579090789101572]
14:18:32,184 DEBUG BaseGeneralDataRegion:59 - Caching[foo.org.hibernate.cache.spi.UpdateTimestampsCache] : [Enrolment] -> [5579090789101572]
14:18:32,192 DEBUG BaseGeneralDataRegion:59 - Caching[foo.org.hibernate.cache.spi.UpdateTimestampsCache] : [Student_secretCodes] -> [5579090789101572]
14:18:32,192 DEBUG BaseGeneralDataRegion:59 - Caching[foo.org.hibernate.cache.spi.UpdateTimestampsCache] : [Address] -> [5579090789101572]
14:18:32,192 DEBUG BaseGeneralDataRegion:59 - Caching[foo.org.hibernate.cache.spi.UpdateTimestampsCache] : [CourseMeeting] -> [5579090789101572]
14:18:32,192 DEBUG QueryTranslatorImpl:265 - parse() - HQL: select min( e.studentNumber ) from org.hibernate.test.querycache.Enrolment e
14:18:32,193 DEBUG QueryTranslatorImpl:283 - --- HQL AST ---
 \-[QUERY] Node: 'query'
    \-[SELECT_FROM] Node: 'SELECT_FROM'
       +-[FROM] Node: 'from'
       |  \-[RANGE] Node: 'RANGE'
       |     +-[DOT] Node: '.'
       |     |  +-[DOT] Node: '.'
       |     |  |  +-[DOT] Node: '.'
       |     |  |  |  +-[DOT] Node: '.'
       |     |  |  |  |  +-[IDENT] Node: 'org'
       |     |  |  |  |  \-[IDENT] Node: 'hibernate'
       |     |  |  |  \-[IDENT] Node: 'test'
       |     |  |  \-[IDENT] Node: 'querycache'
       |     |  \-[IDENT] Node: 'Enrolment'
       |     \-[ALIAS] Node: 'e'
       \-[SELECT] Node: 'select'
          \-[AGGREGATE] Node: 'min'
             \-[DOT] Node: '.'
                +-[IDENT] Node: 'e'
                \-[IDENT] Node: 'studentNumber'

14:18:32,194 DEBUG ErrorCounter:82 - throwQueryException() : no errors
14:18:32,194 DEBUG FromElement:157 - FromClause{level=1} : org.hibernate.test.querycache.Enrolment (e) -> enrolment0_
14:18:32,194 DEBUG FromReferenceNode:74 - Resolved : e -> (enrolment0_.studentId, enrolment0_.courseCode)
14:18:32,194 DEBUG DotNode:599 - getDataType() : studentNumber -> org.hibernate.type.LongType@4bf3f9d
14:18:32,202 DEBUG FromReferenceNode:74 - Resolved : e.studentNumber -> enrolment0_.studentId
14:18:32,203 DEBUG HqlSqlWalker:629 - processQuery() :  ( SELECT ( {select clause} ( min ( enrolment0_.studentId (enrolment0_.studentId, enrolment0_.courseCode) studentNumber ) ) ) ( FromClause{level=1} Enrolment enrolment0_ ) )
14:18:32,203 DEBUG JoinProcessor:175 - Using FROM fragment [Enrolment enrolment0_]
14:18:32,203 DEBUG QueryTranslatorImpl:252 - --- SQL AST ---
 \-[SELECT] QueryNode: 'SELECT'  querySpaces (Enrolment)
    +-[SELECT_CLAUSE] SelectClause: '{select clause}'
    |  +-[AGGREGATE] AggregateNode: 'min'
    |  |  \-[DOT] DotNode: 'enrolment0_.studentId' {propertyName=studentNumber,dereferenceType=ALL,propertyPath=studentNumber,path=e.studentNumber,tableAlias=enrolment0_,className=org.hibernate.test.querycache.Enrolment,classAlias=e}
    |  |     +-[ALIAS_REF] IdentNode: '(enrolment0_.studentId, enrolment0_.courseCode)' {alias=e, className=org.hibernate.test.querycache.Enrolment, tableAlias=enrolment0_}
    |  |     \-[IDENT] IdentNode: 'studentNumber' {originalText=studentNumber}
    |  \-[SELECT_COLUMNS] SqlNode: ' as col_0_0_'
    \-[FROM] FromClause: 'from' FromClause{level=1, fromElementCounter=1, fromElements=1, fromElementByClassAlias=[e], fromElementByTableAlias=[enrolment0_], fromElementsByPath=[], collectionJoinFromElementsByPath=[], impliedElements=[]}
       \-[FROM_FRAGMENT] FromElement: 'Enrolment enrolment0_' FromElement{explicit,not a collection join,not a fetch join,fetch non-lazy properties,classAlias=e,role=null,tableName=Enrolment,tableAlias=enrolment0_,origin=null,columns={,className=org.hibernate.test.querycache.Enrolment}}

14:18:32,203 DEBUG ErrorCounter:82 - throwQueryException() : no errors
14:18:32,203 DEBUG QueryTranslatorImpl:235 - HQL: select min( e.studentNumber ) from org.hibernate.test.querycache.Enrolment e
14:18:32,204 DEBUG QueryTranslatorImpl:236 - SQL: select min(enrolment0_.studentId) as col_0_0_ from Enrolment enrolment0_
14:18:32,204 DEBUG ErrorCounter:82 - throwQueryException() : no errors
14:18:32,204 DEBUG SQL:104 - 
    select
        min(enrolment0_.studentId) as col_0_0_ 
    from
        Enrolment enrolment0_
14:18:32,205 DEBUG SQL:104 - 
    select
        min(enrolment0_.studentId) as col_0_0_ 
    from
        Enrolment enrolment0_
14:18:32,205 DEBUG SQL:104 - 
    select
        student_.studentId,
        student_.name_first as name2_4_,
        student_.name_middle as name3_4_,
        student_.name_last as name4_4_,
        student_.preferredCourseCode as preferre5_4_ 
    from
        Student student_ 
    where
        student_.studentId=?
14:18:32,214 DEBUG SQL:104 - 
    select
        enrolment_.studentId,
        enrolment_.courseCode,
        enrolment_.semester as semester3_,
        enrolment_."year" as year4_3_ 
    from
        Enrolment enrolment_ 
    where
        enrolment_.studentId=? 
        and enrolment_.courseCode=?
14:18:32,214 DEBUG SQL:104 - 
    select
        course_.courseCode,
        course_.description as descript2_1_ 
    from
        Course course_ 
    where
        course_.courseCode=?
14:18:32,214 DEBUG SQL:104 - 
    select
        student_.studentId,
        student_.name_first as name2_4_,
        student_.name_middle as name3_4_,
        student_.name_last as name4_4_,
        student_.preferredCourseCode as preferre5_4_ 
    from
        Student student_ 
    where
        student_.studentId=?
14:18:32,224 DEBUG SQL:104 - 
    select
        enrolment_.studentId,
        enrolment_.courseCode,
        enrolment_.semester as semester3_,
        enrolment_."year" as year4_3_ 
    from
        Enrolment enrolment_ 
    where
        enrolment_.studentId=? 
        and enrolment_.courseCode=?
14:18:32,225 DEBUG SQL:104 - 
    select
        coursemeet_.courseCode,
        coursemeet_.day,
        coursemeet_.period,
        coursemeet_.location 
    from
        CourseMeeting coursemeet_ 
    where
        coursemeet_.courseCode=? 
        and coursemeet_.day=? 
        and coursemeet_.period=? 
        and coursemeet_.location=?
14:18:32,259 DEBUG SQL:104 - 
    select
        coursemeet_.courseCode,
        coursemeet_.day,
        coursemeet_.period,
        coursemeet_.location 
    from
        CourseMeeting coursemeet_ 
    where
        coursemeet_.courseCode=? 
        and coursemeet_.day=? 
        and coursemeet_.period=? 
        and coursemeet_.location=?
14:18:32,260 DEBUG BaseGeneralDataRegion:59 - Caching[foo.org.hibernate.cache.spi.UpdateTimestampsCache] : [Enrolment] -> [5579091035176960]
14:18:32,260 DEBUG SQL:104 - 
    update
        Address 
    set
        studentNumber=null,
        addressType=null 
    where
        studentNumber=?
14:18:32,260 DEBUG BaseGeneralDataRegion:59 - Caching[foo.org.hibernate.cache.spi.UpdateTimestampsCache] : [Address] -> [5579091035176961]
14:18:32,260 DEBUG SQL:104 - 
    delete 
    from
        Student_secretCodes 
    where
        studentNumber=?
14:18:32,261 DEBUG BaseGeneralDataRegion:59 - Caching[foo.org.hibernate.cache.spi.UpdateTimestampsCache] : [Student_secretCodes] -> [5579091035181056]
14:18:32,261 DEBUG BaseGeneralDataRegion:59 - Caching[foo.org.hibernate.cache.spi.UpdateTimestampsCache] : [Enrolment] -> [5579091035181057]
14:18:32,261 DEBUG BaseGeneralDataRegion:59 - Caching[foo.org.hibernate.cache.spi.UpdateTimestampsCache] : [Address] -> [5579091035181058]
14:18:32,261 DEBUG SQL:104 - 
    delete 
    from
        Student_secretCodes 
    where
        studentNumber=?
14:18:32,261 DEBUG BaseGeneralDataRegion:59 - Caching[foo.org.hibernate.cache.spi.UpdateTimestampsCache] : [Student_secretCodes] -> [5579091035181059]
14:18:32,261 DEBUG BaseGeneralDataRegion:59 - Caching[foo.org.hibernate.cache.spi.UpdateTimestampsCache] : [CourseMeeting] -> [5579091035181060]
14:18:32,261 DEBUG SQL:104 - 
    delete 
    from
        Enrolment 
    where
        studentId=? 
        and courseCode=?
14:18:32,261 DEBUG BaseGeneralDataRegion:59 - Caching[foo.org.hibernate.cache.spi.UpdateTimestampsCache] : [Enrolment] -> [5579091035181061]
14:18:32,262 DEBUG SQL:104 - 
    delete 
    from
        Address 
    where
        id=?
14:18:32,262 DEBUG BaseGeneralDataRegion:59 - Caching[foo.org.hibernate.cache.spi.UpdateTimestampsCache] : [Address] -> [5579091035185152]
14:18:32,262 DEBUG SQL:104 - 
    delete 
    from
        Address 
    where
        id=?
14:18:32,262 DEBUG BaseGeneralDataRegion:59 - Caching[foo.org.hibernate.cache.spi.UpdateTimestampsCache] : [Address] -> [5579091035185153]
14:18:32,262 DEBUG SQL:104 - 
    delete 
    from
        Student 
    where
        studentId=?
14:18:32,262 DEBUG BaseGeneralDataRegion:59 - Caching[foo.org.hibernate.cache.spi.UpdateTimestampsCache] : [Student] -> [5579091035185154]
14:18:32,262 DEBUG SQL:104 - 
    delete 
    from
        Enrolment 
    where
        studentId=? 
        and courseCode=?
14:18:32,262 DEBUG BaseGeneralDataRegion:59 - Caching[foo.org.hibernate.cache.spi.UpdateTimestampsCache] : [Enrolment] -> [5579091035185155]
14:18:32,263 DEBUG SQL:104 - 
    delete 
    from
        Student 
    where
        studentId=?
14:18:32,263 DEBUG BaseGeneralDataRegion:59 - Caching[foo.org.hibernate.cache.spi.UpdateTimestampsCache] : [Student] -> [5579091035189248]
14:18:32,263 DEBUG SQL:104 - 
    delete 
    from
        CourseMeeting 
    where
        courseCode=? 
        and day=? 
        and period=? 
        and location=?
14:18:32,263 DEBUG BaseGeneralDataRegion:59 - Caching[foo.org.hibernate.cache.spi.UpdateTimestampsCache] : [CourseMeeting] -> [5579091035189249]
14:18:32,263 DEBUG SQL:104 - 
    delete 
    from
        CourseMeeting 
    where
        courseCode=? 
        and day=? 
        and period=? 
        and location=?
14:18:32,263 DEBUG BaseGeneralDataRegion:59 - Caching[foo.org.hibernate.cache.spi.UpdateTimestampsCache] : [CourseMeeting] -> [5579091035189250]
14:18:32,263 DEBUG SQL:104 - 
    delete 
    from
        Course 
    where
        courseCode=?
14:18:32,264 DEBUG BaseGeneralDataRegion:59 - Caching[foo.org.hibernate.cache.spi.UpdateTimestampsCache] : [Course] -> [5579091035193344]
14:18:32,264 DEBUG BaseGeneralDataRegion:59 - Caching[foo.org.hibernate.cache.spi.UpdateTimestampsCache] : [Student] -> [5579090789433345]
14:18:32,264 DEBUG BaseGeneralDataRegion:59 - Caching[foo.org.hibernate.cache.spi.UpdateTimestampsCache] : [Course] -> [5579090789433345]
14:18:32,264 DEBUG BaseGeneralDataRegion:59 - Caching[foo.org.hibernate.cache.spi.UpdateTimestampsCache] : [Enrolment] -> [5579090789433345]
14:18:32,278 DEBUG BaseGeneralDataRegion:59 - Caching[foo.org.hibernate.cache.spi.UpdateTimestampsCache] : [Student_secretCodes] -> [5579090789433345]
14:18:32,278 DEBUG BaseGeneralDataRegion:59 - Caching[foo.org.hibernate.cache.spi.UpdateTimestampsCache] : [Address] -> [5579090789433345]
14:18:32,278 DEBUG BaseGeneralDataRegion:59 - Caching[foo.org.hibernate.cache.spi.UpdateTimestampsCache] : [CourseMeeting] -> [5579090789433345]
14:18:32,279  INFO SchemaExport:343 - HHH000227: Running hbm2ddl schema export
14:18:32,280 DEBUG SchemaExport:353 - Import file not found: /import.sql
14:18:32,280 DEBUG SQL:104 - 
    alter table Address 
        drop constraint FK1ED033D47B5C59E1
14:18:32,280 DEBUG SQL:104 - 
    alter table CourseMeeting 
        drop constraint FKC97EED80AEBBC201
14:18:32,280 DEBUG SQL:104 - 
    alter table Enrolment 
        drop constraint FKEB4882C4EC5C133
14:18:32,280 DEBUG SQL:104 - 
    alter table Enrolment 
        drop constraint FKEB4882C4AEBBC201
14:18:32,281 DEBUG SQL:104 - 
    alter table Student 
        drop constraint FKF3371A1B5679E142
14:18:32,281 DEBUG SQL:104 - 
    alter table Student_secretCodes 
        drop constraint FKAF3CA7327B5C59E1
14:18:32,281 DEBUG SQL:104 - 
    drop table Address if exists
14:18:32,281 DEBUG SQL:104 - 
    drop table Course if exists
14:18:32,281 DEBUG SQL:104 - 
    drop table CourseMeeting if exists
14:18:32,282 DEBUG SQL:104 - 
    drop table Enrolment if exists
14:18:32,289 DEBUG SQL:104 - 
    drop table Student if exists
14:18:32,289 DEBUG SQL:104 - 
    drop table Student_secretCodes if exists
14:18:32,289  INFO SchemaExport:405 - HHH000230: Schema export complete
14:18:32,290  INFO DriverManagerConnectionProviderImpl:162 - HHH000030: Cleaning up connection pool [jdbc:h2:mem:db1;DB_CLOSE_DELAY=-1;MVCC=TRUE]
]]></system-out>
  <system-err><![CDATA[]]></system-err>
</testsuite>
