<?xml version="1.0" encoding="UTF-8"?>
<testsuite errors="0" failures="0" hostname="dhcp-10.15.208.168.stl.redhat.com" name="org.hibernate.test.annotations.enumerated.EnumeratedTypeTest" tests="3" time="0.699" timestamp="2013-02-28T20:10:24">
  <properties />
  <testcase classname="org.hibernate.test.annotations.enumerated.EnumeratedTypeTest" name="testTypeCriteria" time="0.083" />
  <testcase classname="org.hibernate.test.annotations.enumerated.EnumeratedTypeTest" name="testTypeDefinition" time="0.001" />
  <testcase classname="org.hibernate.test.annotations.enumerated.EnumeratedTypeTest" name="testTypeQuery" time="0.582" />
  <system-out><![CDATA[14:10:24,698  INFO CustomRunner:132 - BeforeClass: org.hibernate.test.annotations.enumerated.EnumeratedTypeTest
14:10:24,704  INFO DriverManagerConnectionProviderImpl:99 - HHH000402: Using Hibernate built-in connection pool (not for production use!)
14:10:24,705  INFO DriverManagerConnectionProviderImpl:135 - HHH000115: Hibernate connection pool size: 5
14:10:24,705  INFO DriverManagerConnectionProviderImpl:138 - HHH000006: Autocommit mode: false
14:10:24,705  INFO DriverManagerConnectionProviderImpl:153 - HHH000401: using driver [org.h2.Driver] at URL [jdbc:h2:mem:db1;DB_CLOSE_DELAY=-1;MVCC=TRUE]
14:10:24,705  INFO DriverManagerConnectionProviderImpl:158 - HHH000046: Connection properties: {user=sa}
14:10:24,706  INFO Dialect:103 - HHH000400: Using dialect: org.hibernate.dialect.H2Dialect
14:10:24,706  INFO LobCreatorBuilder:94 - HHH000423: Disabling contextual LOB creation as JDBC driver reported JDBC version [3] less than 4
14:10:24,707  INFO TransactionFactoryInitiator:66 - HHH000399: Using default transaction strategy (direct JDBC transactions)
14:10:24,707  INFO ASTQueryTranslatorFactory:48 - HHH000397: Using ASTQueryTranslatorFactory
14:10:24,707  WARN CachingRegionFactory:58 - CachingRegionFactory should be only used for testing.
14:10:24,716  INFO SchemaExport:343 - HHH000227: Running hbm2ddl schema export
14:10:24,717 DEBUG SchemaExport:353 - Import file not found: /import.sql
14:10:24,717 DEBUG SQL:104 - 
    drop table EntityEnum if exists
14:10:24,717 DEBUG SQL:104 - 
    drop sequence hibernate_sequence
14:10:24,718 ERROR SchemaExport:425 - HHH000389: Unsuccessful: drop sequence hibernate_sequence
14:10:24,718 ERROR SchemaExport:426 - Sequence "HIBERNATE_SEQUENCE" not found; SQL statement:

    drop sequence hibernate_sequence [90036-145]
14:10:24,718 DEBUG SQL:104 - 
    create table EntityEnum (
        id bigint not null,
        explicitOverridingImplicit varchar(255),
        firstLetter varchar(255),
        lastNumber varchar(255),
        ordinal integer,
        string varchar(255),
        primary key (id)
    )
14:10:24,718 DEBUG SQL:104 - 
    create sequence hibernate_sequence start with 1 increment by 1
14:10:24,719  INFO SchemaExport:405 - HHH000230: Schema export complete
14:10:24,720  WARN SessionFactoryImpl:1554 - HHH000008: JTASessionContext being used with JDBCTransactionFactory; auto-flush will not operate correctly with getCurrentSession()
14:10:24,720  INFO CustomRunner:139 - Test: testTypeCriteria
14:10:24,721 DEBUG SQL:104 - 
    call next value for hibernate_sequence
14:10:24,722 DEBUG SQL:104 - 
    insert 
    into
        EntityEnum
        (explicitOverridingImplicit, firstLetter, lastNumber, ordinal, string, id) 
    values
        (?, ?, ?, ?, ?, ?)
14:10:24,724 DEBUG SQL:104 - 
    select
        this_.id as id0_0_,
        this_.explicitOverridingImplicit as explicit2_0_0_,
        this_.firstLetter as firstLet3_0_0_,
        this_.lastNumber as lastNumber0_0_,
        this_.ordinal as ordinal0_0_,
        this_.string as string0_0_ 
    from
        EntityEnum this_ 
    where
        this_.ordinal=?
14:10:24,725 DEBUG SQL:104 - 
    DELETE 
    FROM
        EntityEnum 
    where
        ordinal=0
14:10:24,746 DEBUG SQL:104 - 
    call next value for hibernate_sequence
14:10:24,746 DEBUG SQL:104 - 
    insert 
    into
        EntityEnum
        (explicitOverridingImplicit, firstLetter, lastNumber, ordinal, string, id) 
    values
        (?, ?, ?, ?, ?, ?)
14:10:24,747 DEBUG SQL:104 - 
    select
        this_.id as id0_0_,
        this_.explicitOverridingImplicit as explicit2_0_0_,
        this_.firstLetter as firstLet3_0_0_,
        this_.lastNumber as lastNumber0_0_,
        this_.ordinal as ordinal0_0_,
        this_.string as string0_0_ 
    from
        EntityEnum this_ 
    where
        this_.string=?
14:10:24,748 DEBUG SQL:104 - 
    DELETE 
    FROM
        EntityEnum 
    where
        string='B2'
14:10:24,748 DEBUG SQL:104 - 
    call next value for hibernate_sequence
14:10:24,767 DEBUG SQL:104 - 
    insert 
    into
        EntityEnum
        (explicitOverridingImplicit, firstLetter, lastNumber, ordinal, string, id) 
    values
        (?, ?, ?, ?, ?, ?)
14:10:24,768 DEBUG SQL:104 - 
    select
        this_.id as id0_0_,
        this_.explicitOverridingImplicit as explicit2_0_0_,
        this_.firstLetter as firstLet3_0_0_,
        this_.lastNumber as lastNumber0_0_,
        this_.ordinal as ordinal0_0_,
        this_.string as string0_0_ 
    from
        EntityEnum this_ 
    where
        this_.firstLetter=?
14:10:24,769 DEBUG SQL:104 - 
    DELETE 
    FROM
        EntityEnum 
    where
        firstLetter='A'
14:10:24,770 DEBUG SQL:104 - 
    call next value for hibernate_sequence
14:10:24,770 DEBUG SQL:104 - 
    insert 
    into
        EntityEnum
        (explicitOverridingImplicit, firstLetter, lastNumber, ordinal, string, id) 
    values
        (?, ?, ?, ?, ?, ?)
14:10:24,771 DEBUG SQL:104 - 
    select
        this_.id as id0_0_,
        this_.explicitOverridingImplicit as explicit2_0_0_,
        this_.firstLetter as firstLet3_0_0_,
        this_.lastNumber as lastNumber0_0_,
        this_.ordinal as ordinal0_0_,
        this_.string as string0_0_ 
    from
        EntityEnum this_ 
    where
        this_.lastNumber=?
14:10:24,790 DEBUG SQL:104 - 
    DELETE 
    FROM
        EntityEnum 
    where
        lastNumber='3'
14:10:24,791 DEBUG SQL:104 - 
    call next value for hibernate_sequence
14:10:24,792 DEBUG SQL:104 - 
    insert 
    into
        EntityEnum
        (explicitOverridingImplicit, firstLetter, lastNumber, ordinal, string, id) 
    values
        (?, ?, ?, ?, ?, ?)
14:10:24,793 DEBUG SQL:104 - 
    select
        this_.id as id0_0_,
        this_.explicitOverridingImplicit as explicit2_0_0_,
        this_.firstLetter as firstLet3_0_0_,
        this_.lastNumber as lastNumber0_0_,
        this_.ordinal as ordinal0_0_,
        this_.string as string0_0_ 
    from
        EntityEnum this_ 
    where
        this_.explicitOverridingImplicit=?
14:10:24,802 DEBUG SQL:104 - 
    DELETE 
    FROM
        EntityEnum 
    where
        explicitOverridingImplicit='NUMBER_2'
14:10:24,803  INFO CustomRunner:139 - Test: testTypeDefinition
14:10:24,805  INFO CustomRunner:139 - Test: testTypeQuery
14:10:24,805 DEBUG SQL:104 - 
    call next value for hibernate_sequence
14:10:24,806 DEBUG SQL:104 - 
    insert 
    into
        EntityEnum
        (explicitOverridingImplicit, firstLetter, lastNumber, ordinal, string, id) 
    values
        (?, ?, ?, ?, ?, ?)
14:10:24,807 DEBUG QueryTranslatorImpl:265 - parse() - HQL: from org.hibernate.test.annotations.enumerated.EntityEnum ee where ee.ordinal=1
14:10:24,808 DEBUG QueryTranslatorImpl:283 - --- HQL AST ---
 \-[QUERY] Node: 'query'
    +-[SELECT_FROM] Node: 'SELECT_FROM'
    |  \-[FROM] Node: 'from'
    |     \-[RANGE] Node: 'RANGE'
    |        +-[DOT] Node: '.'
    |        |  +-[DOT] Node: '.'
    |        |  |  +-[DOT] Node: '.'
    |        |  |  |  +-[DOT] Node: '.'
    |        |  |  |  |  +-[DOT] Node: '.'
    |        |  |  |  |  |  +-[IDENT] Node: 'org'
    |        |  |  |  |  |  \-[IDENT] Node: 'hibernate'
    |        |  |  |  |  \-[IDENT] Node: 'test'
    |        |  |  |  \-[IDENT] Node: 'annotations'
    |        |  |  \-[IDENT] Node: 'enumerated'
    |        |  \-[IDENT] Node: 'EntityEnum'
    |        \-[ALIAS] Node: 'ee'
    \-[WHERE] Node: 'where'
       \-[EQ] Node: '='
          +-[DOT] Node: '.'
          |  +-[IDENT] Node: 'ee'
          |  \-[IDENT] Node: 'ordinal'
          \-[NUM_INT] Node: '1'

14:10:24,811 DEBUG ErrorCounter:82 - throwQueryException() : no errors
14:10:24,812 DEBUG FromElement:157 - FromClause{level=1} : org.hibernate.test.annotations.enumerated.EntityEnum (ee) -> entityenum0_
14:10:24,812 DEBUG FromReferenceNode:74 - Resolved : ee -> entityenum0_.id
14:10:24,812 DEBUG DotNode:599 - getDataType() : ordinal -> org.hibernate.type.CustomType@406b15ad
14:10:24,812 DEBUG FromReferenceNode:74 - Resolved : ee.ordinal -> entityenum0_.ordinal
14:10:24,813 DEBUG HqlSqlWalker:629 - processQuery() :  ( SELECT ( FromClause{level=1} EntityEnum entityenum0_ ) ( where ( = ( entityenum0_.ordinal entityenum0_.id ordinal ) 1 ) ) )
14:10:24,813 DEBUG HqlSqlWalker:869 - Derived SELECT clause created.
14:10:24,813 DEBUG JoinProcessor:175 - Using FROM fragment [EntityEnum entityenum0_]
14:10:24,813 DEBUG QueryTranslatorImpl:252 - --- SQL AST ---
 \-[SELECT] QueryNode: 'SELECT'  querySpaces (EntityEnum)
    +-[SELECT_CLAUSE] SelectClause: '{derived select clause}'
    |  +-[SELECT_EXPR] SelectExpressionImpl: 'entityenum0_.id as id0_' {FromElement{explicit,not a collection join,not a fetch join,fetch non-lazy properties,classAlias=ee,role=null,tableName=EntityEnum,tableAlias=entityenum0_,origin=null,columns={,className=org.hibernate.test.annotations.enumerated.EntityEnum}}}
    |  \-[SQL_TOKEN] SqlFragment: 'entityenum0_.explicitOverridingImplicit as explicit2_0_, entityenum0_.firstLetter as firstLet3_0_, entityenum0_.lastNumber as lastNumber0_, entityenum0_.ordinal as ordinal0_, entityenum0_.string as string0_'
    +-[FROM] FromClause: 'from' FromClause{level=1, fromElementCounter=1, fromElements=1, fromElementByClassAlias=[ee], fromElementByTableAlias=[entityenum0_], fromElementsByPath=[], collectionJoinFromElementsByPath=[], impliedElements=[]}
    |  \-[FROM_FRAGMENT] FromElement: 'EntityEnum entityenum0_' FromElement{explicit,not a collection join,not a fetch join,fetch non-lazy properties,classAlias=ee,role=null,tableName=EntityEnum,tableAlias=entityenum0_,origin=null,columns={,className=org.hibernate.test.annotations.enumerated.EntityEnum}}
    \-[WHERE] SqlNode: 'where'
       \-[EQ] BinaryLogicOperatorNode: '='
          +-[DOT] DotNode: 'entityenum0_.ordinal' {propertyName=ordinal,dereferenceType=ALL,propertyPath=ordinal,path=ee.ordinal,tableAlias=entityenum0_,className=org.hibernate.test.annotations.enumerated.EntityEnum,classAlias=ee}
          |  +-[ALIAS_REF] IdentNode: 'entityenum0_.id' {alias=ee, className=org.hibernate.test.annotations.enumerated.EntityEnum, tableAlias=entityenum0_}
          |  \-[IDENT] IdentNode: 'ordinal' {originalText=ordinal}
          \-[NUM_INT] LiteralNode: '1'

14:10:24,833 DEBUG ErrorCounter:82 - throwQueryException() : no errors
14:10:24,833 DEBUG QueryTranslatorImpl:235 - HQL: from org.hibernate.test.annotations.enumerated.EntityEnum ee where ee.ordinal=1
14:10:24,833 DEBUG QueryTranslatorImpl:236 - SQL: select entityenum0_.id as id0_, entityenum0_.explicitOverridingImplicit as explicit2_0_, entityenum0_.firstLetter as firstLet3_0_, entityenum0_.lastNumber as lastNumber0_, entityenum0_.ordinal as ordinal0_, entityenum0_.string as string0_ from EntityEnum entityenum0_ where entityenum0_.ordinal=1
14:10:24,834 DEBUG ErrorCounter:82 - throwQueryException() : no errors
14:10:24,834 DEBUG SQL:104 - 
    select
        entityenum0_.id as id0_,
        entityenum0_.explicitOverridingImplicit as explicit2_0_,
        entityenum0_.firstLetter as firstLet3_0_,
        entityenum0_.lastNumber as lastNumber0_,
        entityenum0_.ordinal as ordinal0_,
        entityenum0_.string as string0_ 
    from
        EntityEnum entityenum0_ 
    where
        entityenum0_.ordinal=1
14:10:24,835 DEBUG QueryTranslatorImpl:265 - parse() - HQL: from org.hibernate.test.annotations.enumerated.EntityEnum ee where ee.ordinal=:ordinal
14:10:24,836 DEBUG QueryTranslatorImpl:283 - --- HQL AST ---
 \-[QUERY] Node: 'query'
    +-[SELECT_FROM] Node: 'SELECT_FROM'
    |  \-[FROM] Node: 'from'
    |     \-[RANGE] Node: 'RANGE'
    |        +-[DOT] Node: '.'
    |        |  +-[DOT] Node: '.'
    |        |  |  +-[DOT] Node: '.'
    |        |  |  |  +-[DOT] Node: '.'
    |        |  |  |  |  +-[DOT] Node: '.'
    |        |  |  |  |  |  +-[IDENT] Node: 'org'
    |        |  |  |  |  |  \-[IDENT] Node: 'hibernate'
    |        |  |  |  |  \-[IDENT] Node: 'test'
    |        |  |  |  \-[IDENT] Node: 'annotations'
    |        |  |  \-[IDENT] Node: 'enumerated'
    |        |  \-[IDENT] Node: 'EntityEnum'
    |        \-[ALIAS] Node: 'ee'
    \-[WHERE] Node: 'where'
       \-[EQ] Node: '='
          +-[DOT] Node: '.'
          |  +-[IDENT] Node: 'ee'
          |  \-[IDENT] Node: 'ordinal'
          \-[COLON] Node: ':'
             \-[IDENT] Node: 'ordinal'

14:10:24,836 DEBUG ErrorCounter:82 - throwQueryException() : no errors
14:10:24,837 DEBUG FromElement:157 - FromClause{level=1} : org.hibernate.test.annotations.enumerated.EntityEnum (ee) -> entityenum0_
14:10:24,837 DEBUG FromReferenceNode:74 - Resolved : ee -> entityenum0_.id
14:10:24,837 DEBUG DotNode:599 - getDataType() : ordinal -> org.hibernate.type.CustomType@406b15ad
14:10:24,837 DEBUG FromReferenceNode:74 - Resolved : ee.ordinal -> entityenum0_.ordinal
14:10:24,838 DEBUG HqlSqlWalker:629 - processQuery() :  ( SELECT ( FromClause{level=1} EntityEnum entityenum0_ ) ( where ( = ( entityenum0_.ordinal entityenum0_.id ordinal ) ? ) ) )
14:10:24,838 DEBUG HqlSqlWalker:869 - Derived SELECT clause created.
14:10:24,838 DEBUG JoinProcessor:175 - Using FROM fragment [EntityEnum entityenum0_]
14:10:24,840 DEBUG QueryTranslatorImpl:252 - --- SQL AST ---
 \-[SELECT] QueryNode: 'SELECT'  querySpaces (EntityEnum)
    +-[SELECT_CLAUSE] SelectClause: '{derived select clause}'
    |  +-[SELECT_EXPR] SelectExpressionImpl: 'entityenum0_.id as id0_' {FromElement{explicit,not a collection join,not a fetch join,fetch non-lazy properties,classAlias=ee,role=null,tableName=EntityEnum,tableAlias=entityenum0_,origin=null,columns={,className=org.hibernate.test.annotations.enumerated.EntityEnum}}}
    |  \-[SQL_TOKEN] SqlFragment: 'entityenum0_.explicitOverridingImplicit as explicit2_0_, entityenum0_.firstLetter as firstLet3_0_, entityenum0_.lastNumber as lastNumber0_, entityenum0_.ordinal as ordinal0_, entityenum0_.string as string0_'
    +-[FROM] FromClause: 'from' FromClause{level=1, fromElementCounter=1, fromElements=1, fromElementByClassAlias=[ee], fromElementByTableAlias=[entityenum0_], fromElementsByPath=[], collectionJoinFromElementsByPath=[], impliedElements=[]}
    |  \-[FROM_FRAGMENT] FromElement: 'EntityEnum entityenum0_' FromElement{explicit,not a collection join,not a fetch join,fetch non-lazy properties,classAlias=ee,role=null,tableName=EntityEnum,tableAlias=entityenum0_,origin=null,columns={,className=org.hibernate.test.annotations.enumerated.EntityEnum}}
    \-[WHERE] SqlNode: 'where'
       \-[EQ] BinaryLogicOperatorNode: '='
          +-[DOT] DotNode: 'entityenum0_.ordinal' {propertyName=ordinal,dereferenceType=ALL,propertyPath=ordinal,path=ee.ordinal,tableAlias=entityenum0_,className=org.hibernate.test.annotations.enumerated.EntityEnum,classAlias=ee}
          |  +-[ALIAS_REF] IdentNode: 'entityenum0_.id' {alias=ee, className=org.hibernate.test.annotations.enumerated.EntityEnum, tableAlias=entityenum0_}
          |  \-[IDENT] IdentNode: 'ordinal' {originalText=ordinal}
          \-[NAMED_PARAM] ParameterNode: '?' {name=ordinal, expectedType=org.hibernate.type.CustomType@406b15ad}

14:10:24,840 DEBUG ErrorCounter:82 - throwQueryException() : no errors
14:10:24,840 DEBUG QueryTranslatorImpl:235 - HQL: from org.hibernate.test.annotations.enumerated.EntityEnum ee where ee.ordinal=:ordinal
14:10:24,840 DEBUG QueryTranslatorImpl:236 - SQL: select entityenum0_.id as id0_, entityenum0_.explicitOverridingImplicit as explicit2_0_, entityenum0_.firstLetter as firstLet3_0_, entityenum0_.lastNumber as lastNumber0_, entityenum0_.ordinal as ordinal0_, entityenum0_.string as string0_ from EntityEnum entityenum0_ where entityenum0_.ordinal=?
14:10:24,840 DEBUG ErrorCounter:82 - throwQueryException() : no errors
14:10:24,840 DEBUG SQL:104 - 
    select
        entityenum0_.id as id0_,
        entityenum0_.explicitOverridingImplicit as explicit2_0_,
        entityenum0_.firstLetter as firstLet3_0_,
        entityenum0_.lastNumber as lastNumber0_,
        entityenum0_.ordinal as ordinal0_,
        entityenum0_.string as string0_ 
    from
        EntityEnum entityenum0_ 
    where
        entityenum0_.ordinal=?
14:10:24,851 DEBUG SQL:104 - 
    DELETE 
    FROM
        EntityEnum 
    where
        ordinal=1
14:10:24,852 DEBUG SQL:104 - 
    call next value for hibernate_sequence
14:10:24,852 DEBUG SQL:104 - 
    insert 
    into
        EntityEnum
        (explicitOverridingImplicit, firstLetter, lastNumber, ordinal, string, id) 
    values
        (?, ?, ?, ?, ?, ?)
14:10:24,853 DEBUG QueryTranslatorImpl:265 - parse() - HQL: from org.hibernate.test.annotations.enumerated.EntityEnum ee where ee.string='B1'
14:10:24,927 DEBUG QueryTranslatorImpl:283 - --- HQL AST ---
 \-[QUERY] Node: 'query'
    +-[SELECT_FROM] Node: 'SELECT_FROM'
    |  \-[FROM] Node: 'from'
    |     \-[RANGE] Node: 'RANGE'
    |        +-[DOT] Node: '.'
    |        |  +-[DOT] Node: '.'
    |        |  |  +-[DOT] Node: '.'
    |        |  |  |  +-[DOT] Node: '.'
    |        |  |  |  |  +-[DOT] Node: '.'
    |        |  |  |  |  |  +-[IDENT] Node: 'org'
    |        |  |  |  |  |  \-[IDENT] Node: 'hibernate'
    |        |  |  |  |  \-[IDENT] Node: 'test'
    |        |  |  |  \-[IDENT] Node: 'annotations'
    |        |  |  \-[IDENT] Node: 'enumerated'
    |        |  \-[IDENT] Node: 'EntityEnum'
    |        \-[ALIAS] Node: 'ee'
    \-[WHERE] Node: 'where'
       \-[EQ] Node: '='
          +-[DOT] Node: '.'
          |  +-[IDENT] Node: 'ee'
          |  \-[IDENT] Node: 'string'
          \-[QUOTED_STRING] Node: ''B1''

14:10:24,927 DEBUG ErrorCounter:82 - throwQueryException() : no errors
14:10:24,927 DEBUG FromElement:157 - FromClause{level=1} : org.hibernate.test.annotations.enumerated.EntityEnum (ee) -> entityenum0_
14:10:24,927 DEBUG FromReferenceNode:74 - Resolved : ee -> entityenum0_.id
14:10:24,938 DEBUG DotNode:599 - getDataType() : string -> org.hibernate.type.CustomType@42f63e06
14:10:24,938 DEBUG FromReferenceNode:74 - Resolved : ee.string -> entityenum0_.string
14:10:24,938 DEBUG HqlSqlWalker:629 - processQuery() :  ( SELECT ( FromClause{level=1} EntityEnum entityenum0_ ) ( where ( = ( entityenum0_.string entityenum0_.id string ) 'B1' ) ) )
14:10:24,938 DEBUG HqlSqlWalker:869 - Derived SELECT clause created.
14:10:24,939 DEBUG JoinProcessor:175 - Using FROM fragment [EntityEnum entityenum0_]
14:10:24,939 DEBUG QueryTranslatorImpl:252 - --- SQL AST ---
 \-[SELECT] QueryNode: 'SELECT'  querySpaces (EntityEnum)
    +-[SELECT_CLAUSE] SelectClause: '{derived select clause}'
    |  +-[SELECT_EXPR] SelectExpressionImpl: 'entityenum0_.id as id0_' {FromElement{explicit,not a collection join,not a fetch join,fetch non-lazy properties,classAlias=ee,role=null,tableName=EntityEnum,tableAlias=entityenum0_,origin=null,columns={,className=org.hibernate.test.annotations.enumerated.EntityEnum}}}
    |  \-[SQL_TOKEN] SqlFragment: 'entityenum0_.explicitOverridingImplicit as explicit2_0_, entityenum0_.firstLetter as firstLet3_0_, entityenum0_.lastNumber as lastNumber0_, entityenum0_.ordinal as ordinal0_, entityenum0_.string as string0_'
    +-[FROM] FromClause: 'from' FromClause{level=1, fromElementCounter=1, fromElements=1, fromElementByClassAlias=[ee], fromElementByTableAlias=[entityenum0_], fromElementsByPath=[], collectionJoinFromElementsByPath=[], impliedElements=[]}
    |  \-[FROM_FRAGMENT] FromElement: 'EntityEnum entityenum0_' FromElement{explicit,not a collection join,not a fetch join,fetch non-lazy properties,classAlias=ee,role=null,tableName=EntityEnum,tableAlias=entityenum0_,origin=null,columns={,className=org.hibernate.test.annotations.enumerated.EntityEnum}}
    \-[WHERE] SqlNode: 'where'
       \-[EQ] BinaryLogicOperatorNode: '='
          +-[DOT] DotNode: 'entityenum0_.string' {propertyName=string,dereferenceType=ALL,propertyPath=string,path=ee.string,tableAlias=entityenum0_,className=org.hibernate.test.annotations.enumerated.EntityEnum,classAlias=ee}
          |  +-[ALIAS_REF] IdentNode: 'entityenum0_.id' {alias=ee, className=org.hibernate.test.annotations.enumerated.EntityEnum, tableAlias=entityenum0_}
          |  \-[IDENT] IdentNode: 'string' {originalText=string}
          \-[QUOTED_STRING] LiteralNode: ''B1''

14:10:24,939 DEBUG ErrorCounter:82 - throwQueryException() : no errors
14:10:24,939 DEBUG QueryTranslatorImpl:235 - HQL: from org.hibernate.test.annotations.enumerated.EntityEnum ee where ee.string='B1'
14:10:24,939 DEBUG QueryTranslatorImpl:236 - SQL: select entityenum0_.id as id0_, entityenum0_.explicitOverridingImplicit as explicit2_0_, entityenum0_.firstLetter as firstLet3_0_, entityenum0_.lastNumber as lastNumber0_, entityenum0_.ordinal as ordinal0_, entityenum0_.string as string0_ from EntityEnum entityenum0_ where entityenum0_.string='B1'
14:10:24,939 DEBUG ErrorCounter:82 - throwQueryException() : no errors
14:10:24,940 DEBUG SQL:104 - 
    select
        entityenum0_.id as id0_,
        entityenum0_.explicitOverridingImplicit as explicit2_0_,
        entityenum0_.firstLetter as firstLet3_0_,
        entityenum0_.lastNumber as lastNumber0_,
        entityenum0_.ordinal as ordinal0_,
        entityenum0_.string as string0_ 
    from
        EntityEnum entityenum0_ 
    where
        entityenum0_.string='B1'
14:10:24,952 DEBUG QueryTranslatorImpl:265 - parse() - HQL: from org.hibernate.test.annotations.enumerated.EntityEnum ee where ee.string=:string
14:10:24,953 DEBUG QueryTranslatorImpl:283 - --- HQL AST ---
 \-[QUERY] Node: 'query'
    +-[SELECT_FROM] Node: 'SELECT_FROM'
    |  \-[FROM] Node: 'from'
    |     \-[RANGE] Node: 'RANGE'
    |        +-[DOT] Node: '.'
    |        |  +-[DOT] Node: '.'
    |        |  |  +-[DOT] Node: '.'
    |        |  |  |  +-[DOT] Node: '.'
    |        |  |  |  |  +-[DOT] Node: '.'
    |        |  |  |  |  |  +-[IDENT] Node: 'org'
    |        |  |  |  |  |  \-[IDENT] Node: 'hibernate'
    |        |  |  |  |  \-[IDENT] Node: 'test'
    |        |  |  |  \-[IDENT] Node: 'annotations'
    |        |  |  \-[IDENT] Node: 'enumerated'
    |        |  \-[IDENT] Node: 'EntityEnum'
    |        \-[ALIAS] Node: 'ee'
    \-[WHERE] Node: 'where'
       \-[EQ] Node: '='
          +-[DOT] Node: '.'
          |  +-[IDENT] Node: 'ee'
          |  \-[IDENT] Node: 'string'
          \-[COLON] Node: ':'
             \-[IDENT] Node: 'string'

14:10:24,953 DEBUG ErrorCounter:82 - throwQueryException() : no errors
14:10:24,953 DEBUG FromElement:157 - FromClause{level=1} : org.hibernate.test.annotations.enumerated.EntityEnum (ee) -> entityenum0_
14:10:24,954 DEBUG FromReferenceNode:74 - Resolved : ee -> entityenum0_.id
14:10:24,954 DEBUG DotNode:599 - getDataType() : string -> org.hibernate.type.CustomType@42f63e06
14:10:24,954 DEBUG FromReferenceNode:74 - Resolved : ee.string -> entityenum0_.string
14:10:24,954 DEBUG HqlSqlWalker:629 - processQuery() :  ( SELECT ( FromClause{level=1} EntityEnum entityenum0_ ) ( where ( = ( entityenum0_.string entityenum0_.id string ) ? ) ) )
14:10:24,954 DEBUG HqlSqlWalker:869 - Derived SELECT clause created.
14:10:24,954 DEBUG JoinProcessor:175 - Using FROM fragment [EntityEnum entityenum0_]
14:10:24,955 DEBUG QueryTranslatorImpl:252 - --- SQL AST ---
 \-[SELECT] QueryNode: 'SELECT'  querySpaces (EntityEnum)
    +-[SELECT_CLAUSE] SelectClause: '{derived select clause}'
    |  +-[SELECT_EXPR] SelectExpressionImpl: 'entityenum0_.id as id0_' {FromElement{explicit,not a collection join,not a fetch join,fetch non-lazy properties,classAlias=ee,role=null,tableName=EntityEnum,tableAlias=entityenum0_,origin=null,columns={,className=org.hibernate.test.annotations.enumerated.EntityEnum}}}
    |  \-[SQL_TOKEN] SqlFragment: 'entityenum0_.explicitOverridingImplicit as explicit2_0_, entityenum0_.firstLetter as firstLet3_0_, entityenum0_.lastNumber as lastNumber0_, entityenum0_.ordinal as ordinal0_, entityenum0_.string as string0_'
    +-[FROM] FromClause: 'from' FromClause{level=1, fromElementCounter=1, fromElements=1, fromElementByClassAlias=[ee], fromElementByTableAlias=[entityenum0_], fromElementsByPath=[], collectionJoinFromElementsByPath=[], impliedElements=[]}
    |  \-[FROM_FRAGMENT] FromElement: 'EntityEnum entityenum0_' FromElement{explicit,not a collection join,not a fetch join,fetch non-lazy properties,classAlias=ee,role=null,tableName=EntityEnum,tableAlias=entityenum0_,origin=null,columns={,className=org.hibernate.test.annotations.enumerated.EntityEnum}}
    \-[WHERE] SqlNode: 'where'
       \-[EQ] BinaryLogicOperatorNode: '='
          +-[DOT] DotNode: 'entityenum0_.string' {propertyName=string,dereferenceType=ALL,propertyPath=string,path=ee.string,tableAlias=entityenum0_,className=org.hibernate.test.annotations.enumerated.EntityEnum,classAlias=ee}
          |  +-[ALIAS_REF] IdentNode: 'entityenum0_.id' {alias=ee, className=org.hibernate.test.annotations.enumerated.EntityEnum, tableAlias=entityenum0_}
          |  \-[IDENT] IdentNode: 'string' {originalText=string}
          \-[NAMED_PARAM] ParameterNode: '?' {name=string, expectedType=org.hibernate.type.CustomType@42f63e06}

14:10:24,955 DEBUG ErrorCounter:82 - throwQueryException() : no errors
14:10:24,955 DEBUG QueryTranslatorImpl:235 - HQL: from org.hibernate.test.annotations.enumerated.EntityEnum ee where ee.string=:string
14:10:24,955 DEBUG QueryTranslatorImpl:236 - SQL: select entityenum0_.id as id0_, entityenum0_.explicitOverridingImplicit as explicit2_0_, entityenum0_.firstLetter as firstLet3_0_, entityenum0_.lastNumber as lastNumber0_, entityenum0_.ordinal as ordinal0_, entityenum0_.string as string0_ from EntityEnum entityenum0_ where entityenum0_.string=?
14:10:24,955 DEBUG ErrorCounter:82 - throwQueryException() : no errors
14:10:24,969 DEBUG SQL:104 - 
    select
        entityenum0_.id as id0_,
        entityenum0_.explicitOverridingImplicit as explicit2_0_,
        entityenum0_.firstLetter as firstLet3_0_,
        entityenum0_.lastNumber as lastNumber0_,
        entityenum0_.ordinal as ordinal0_,
        entityenum0_.string as string0_ 
    from
        EntityEnum entityenum0_ 
    where
        entityenum0_.string=?
14:10:24,970 DEBUG SQL:104 - 
    DELETE 
    FROM
        EntityEnum 
    where
        string='B1'
14:10:24,970 DEBUG SQL:104 - 
    call next value for hibernate_sequence
14:10:24,971 DEBUG SQL:104 - 
    insert 
    into
        EntityEnum
        (explicitOverridingImplicit, firstLetter, lastNumber, ordinal, string, id) 
    values
        (?, ?, ?, ?, ?, ?)
14:10:24,971 DEBUG QueryTranslatorImpl:265 - parse() - HQL: from org.hibernate.test.annotations.enumerated.EntityEnum ee where ee.firstLetter='C'
14:10:24,973 DEBUG QueryTranslatorImpl:283 - --- HQL AST ---
 \-[QUERY] Node: 'query'
    +-[SELECT_FROM] Node: 'SELECT_FROM'
    |  \-[FROM] Node: 'from'
    |     \-[RANGE] Node: 'RANGE'
    |        +-[DOT] Node: '.'
    |        |  +-[DOT] Node: '.'
    |        |  |  +-[DOT] Node: '.'
    |        |  |  |  +-[DOT] Node: '.'
    |        |  |  |  |  +-[DOT] Node: '.'
    |        |  |  |  |  |  +-[IDENT] Node: 'org'
    |        |  |  |  |  |  \-[IDENT] Node: 'hibernate'
    |        |  |  |  |  \-[IDENT] Node: 'test'
    |        |  |  |  \-[IDENT] Node: 'annotations'
    |        |  |  \-[IDENT] Node: 'enumerated'
    |        |  \-[IDENT] Node: 'EntityEnum'
    |        \-[ALIAS] Node: 'ee'
    \-[WHERE] Node: 'where'
       \-[EQ] Node: '='
          +-[DOT] Node: '.'
          |  +-[IDENT] Node: 'ee'
          |  \-[IDENT] Node: 'firstLetter'
          \-[QUOTED_STRING] Node: ''C''

14:10:24,985 DEBUG ErrorCounter:82 - throwQueryException() : no errors
14:10:24,986 DEBUG FromElement:157 - FromClause{level=1} : org.hibernate.test.annotations.enumerated.EntityEnum (ee) -> entityenum0_
14:10:24,986 DEBUG FromReferenceNode:74 - Resolved : ee -> entityenum0_.id
14:10:24,986 DEBUG DotNode:599 - getDataType() : firstLetter -> org.hibernate.type.CustomType@7a870db2
14:10:24,986 DEBUG FromReferenceNode:74 - Resolved : ee.firstLetter -> entityenum0_.firstLetter
14:10:24,986 DEBUG HqlSqlWalker:629 - processQuery() :  ( SELECT ( FromClause{level=1} EntityEnum entityenum0_ ) ( where ( = ( entityenum0_.firstLetter entityenum0_.id firstLetter ) 'C' ) ) )
14:10:24,987 DEBUG HqlSqlWalker:869 - Derived SELECT clause created.
14:10:24,987 DEBUG JoinProcessor:175 - Using FROM fragment [EntityEnum entityenum0_]
14:10:24,987 DEBUG QueryTranslatorImpl:252 - --- SQL AST ---
 \-[SELECT] QueryNode: 'SELECT'  querySpaces (EntityEnum)
    +-[SELECT_CLAUSE] SelectClause: '{derived select clause}'
    |  +-[SELECT_EXPR] SelectExpressionImpl: 'entityenum0_.id as id0_' {FromElement{explicit,not a collection join,not a fetch join,fetch non-lazy properties,classAlias=ee,role=null,tableName=EntityEnum,tableAlias=entityenum0_,origin=null,columns={,className=org.hibernate.test.annotations.enumerated.EntityEnum}}}
    |  \-[SQL_TOKEN] SqlFragment: 'entityenum0_.explicitOverridingImplicit as explicit2_0_, entityenum0_.firstLetter as firstLet3_0_, entityenum0_.lastNumber as lastNumber0_, entityenum0_.ordinal as ordinal0_, entityenum0_.string as string0_'
    +-[FROM] FromClause: 'from' FromClause{level=1, fromElementCounter=1, fromElements=1, fromElementByClassAlias=[ee], fromElementByTableAlias=[entityenum0_], fromElementsByPath=[], collectionJoinFromElementsByPath=[], impliedElements=[]}
    |  \-[FROM_FRAGMENT] FromElement: 'EntityEnum entityenum0_' FromElement{explicit,not a collection join,not a fetch join,fetch non-lazy properties,classAlias=ee,role=null,tableName=EntityEnum,tableAlias=entityenum0_,origin=null,columns={,className=org.hibernate.test.annotations.enumerated.EntityEnum}}
    \-[WHERE] SqlNode: 'where'
       \-[EQ] BinaryLogicOperatorNode: '='
          +-[DOT] DotNode: 'entityenum0_.firstLetter' {propertyName=firstLetter,dereferenceType=ALL,propertyPath=firstLetter,path=ee.firstLetter,tableAlias=entityenum0_,className=org.hibernate.test.annotations.enumerated.EntityEnum,classAlias=ee}
          |  +-[ALIAS_REF] IdentNode: 'entityenum0_.id' {alias=ee, className=org.hibernate.test.annotations.enumerated.EntityEnum, tableAlias=entityenum0_}
          |  \-[IDENT] IdentNode: 'firstLetter' {originalText=firstLetter}
          \-[QUOTED_STRING] LiteralNode: ''C''

14:10:24,987 DEBUG ErrorCounter:82 - throwQueryException() : no errors
14:10:25,009 DEBUG QueryTranslatorImpl:235 - HQL: from org.hibernate.test.annotations.enumerated.EntityEnum ee where ee.firstLetter='C'
14:10:25,009 DEBUG QueryTranslatorImpl:236 - SQL: select entityenum0_.id as id0_, entityenum0_.explicitOverridingImplicit as explicit2_0_, entityenum0_.firstLetter as firstLet3_0_, entityenum0_.lastNumber as lastNumber0_, entityenum0_.ordinal as ordinal0_, entityenum0_.string as string0_ from EntityEnum entityenum0_ where entityenum0_.firstLetter='C'
14:10:25,009 DEBUG ErrorCounter:82 - throwQueryException() : no errors
14:10:25,010 DEBUG SQL:104 - 
    select
        entityenum0_.id as id0_,
        entityenum0_.explicitOverridingImplicit as explicit2_0_,
        entityenum0_.firstLetter as firstLet3_0_,
        entityenum0_.lastNumber as lastNumber0_,
        entityenum0_.ordinal as ordinal0_,
        entityenum0_.string as string0_ 
    from
        EntityEnum entityenum0_ 
    where
        entityenum0_.firstLetter='C'
14:10:25,010 DEBUG QueryTranslatorImpl:265 - parse() - HQL: from org.hibernate.test.annotations.enumerated.EntityEnum ee where ee.firstLetter=:firstLetter
14:10:25,012 DEBUG QueryTranslatorImpl:283 - --- HQL AST ---
 \-[QUERY] Node: 'query'
    +-[SELECT_FROM] Node: 'SELECT_FROM'
    |  \-[FROM] Node: 'from'
    |     \-[RANGE] Node: 'RANGE'
    |        +-[DOT] Node: '.'
    |        |  +-[DOT] Node: '.'
    |        |  |  +-[DOT] Node: '.'
    |        |  |  |  +-[DOT] Node: '.'
    |        |  |  |  |  +-[DOT] Node: '.'
    |        |  |  |  |  |  +-[IDENT] Node: 'org'
    |        |  |  |  |  |  \-[IDENT] Node: 'hibernate'
    |        |  |  |  |  \-[IDENT] Node: 'test'
    |        |  |  |  \-[IDENT] Node: 'annotations'
    |        |  |  \-[IDENT] Node: 'enumerated'
    |        |  \-[IDENT] Node: 'EntityEnum'
    |        \-[ALIAS] Node: 'ee'
    \-[WHERE] Node: 'where'
       \-[EQ] Node: '='
          +-[DOT] Node: '.'
          |  +-[IDENT] Node: 'ee'
          |  \-[IDENT] Node: 'firstLetter'
          \-[COLON] Node: ':'
             \-[IDENT] Node: 'firstLetter'

14:10:25,028 DEBUG ErrorCounter:82 - throwQueryException() : no errors
14:10:25,028 DEBUG FromElement:157 - FromClause{level=1} : org.hibernate.test.annotations.enumerated.EntityEnum (ee) -> entityenum0_
14:10:25,028 DEBUG FromReferenceNode:74 - Resolved : ee -> entityenum0_.id
14:10:25,028 DEBUG DotNode:599 - getDataType() : firstLetter -> org.hibernate.type.CustomType@7a870db2
14:10:25,029 DEBUG FromReferenceNode:74 - Resolved : ee.firstLetter -> entityenum0_.firstLetter
14:10:25,029 DEBUG HqlSqlWalker:629 - processQuery() :  ( SELECT ( FromClause{level=1} EntityEnum entityenum0_ ) ( where ( = ( entityenum0_.firstLetter entityenum0_.id firstLetter ) ? ) ) )
14:10:25,029 DEBUG HqlSqlWalker:869 - Derived SELECT clause created.
14:10:25,029 DEBUG JoinProcessor:175 - Using FROM fragment [EntityEnum entityenum0_]
14:10:25,029 DEBUG QueryTranslatorImpl:252 - --- SQL AST ---
 \-[SELECT] QueryNode: 'SELECT'  querySpaces (EntityEnum)
    +-[SELECT_CLAUSE] SelectClause: '{derived select clause}'
    |  +-[SELECT_EXPR] SelectExpressionImpl: 'entityenum0_.id as id0_' {FromElement{explicit,not a collection join,not a fetch join,fetch non-lazy properties,classAlias=ee,role=null,tableName=EntityEnum,tableAlias=entityenum0_,origin=null,columns={,className=org.hibernate.test.annotations.enumerated.EntityEnum}}}
    |  \-[SQL_TOKEN] SqlFragment: 'entityenum0_.explicitOverridingImplicit as explicit2_0_, entityenum0_.firstLetter as firstLet3_0_, entityenum0_.lastNumber as lastNumber0_, entityenum0_.ordinal as ordinal0_, entityenum0_.string as string0_'
    +-[FROM] FromClause: 'from' FromClause{level=1, fromElementCounter=1, fromElements=1, fromElementByClassAlias=[ee], fromElementByTableAlias=[entityenum0_], fromElementsByPath=[], collectionJoinFromElementsByPath=[], impliedElements=[]}
    |  \-[FROM_FRAGMENT] FromElement: 'EntityEnum entityenum0_' FromElement{explicit,not a collection join,not a fetch join,fetch non-lazy properties,classAlias=ee,role=null,tableName=EntityEnum,tableAlias=entityenum0_,origin=null,columns={,className=org.hibernate.test.annotations.enumerated.EntityEnum}}
    \-[WHERE] SqlNode: 'where'
       \-[EQ] BinaryLogicOperatorNode: '='
          +-[DOT] DotNode: 'entityenum0_.firstLetter' {propertyName=firstLetter,dereferenceType=ALL,propertyPath=firstLetter,path=ee.firstLetter,tableAlias=entityenum0_,className=org.hibernate.test.annotations.enumerated.EntityEnum,classAlias=ee}
          |  +-[ALIAS_REF] IdentNode: 'entityenum0_.id' {alias=ee, className=org.hibernate.test.annotations.enumerated.EntityEnum, tableAlias=entityenum0_}
          |  \-[IDENT] IdentNode: 'firstLetter' {originalText=firstLetter}
          \-[NAMED_PARAM] ParameterNode: '?' {name=firstLetter, expectedType=org.hibernate.type.CustomType@7a870db2}

14:10:25,055 DEBUG ErrorCounter:82 - throwQueryException() : no errors
14:10:25,055 DEBUG QueryTranslatorImpl:235 - HQL: from org.hibernate.test.annotations.enumerated.EntityEnum ee where ee.firstLetter=:firstLetter
14:10:25,055 DEBUG QueryTranslatorImpl:236 - SQL: select entityenum0_.id as id0_, entityenum0_.explicitOverridingImplicit as explicit2_0_, entityenum0_.firstLetter as firstLet3_0_, entityenum0_.lastNumber as lastNumber0_, entityenum0_.ordinal as ordinal0_, entityenum0_.string as string0_ from EntityEnum entityenum0_ where entityenum0_.firstLetter=?
14:10:25,055 DEBUG ErrorCounter:82 - throwQueryException() : no errors
14:10:25,056 DEBUG SQL:104 - 
    select
        entityenum0_.id as id0_,
        entityenum0_.explicitOverridingImplicit as explicit2_0_,
        entityenum0_.firstLetter as firstLet3_0_,
        entityenum0_.lastNumber as lastNumber0_,
        entityenum0_.ordinal as ordinal0_,
        entityenum0_.string as string0_ 
    from
        EntityEnum entityenum0_ 
    where
        entityenum0_.firstLetter=?
14:10:25,057 DEBUG SQL:104 - 
    DELETE 
    FROM
        EntityEnum 
    where
        firstLetter='C'
14:10:25,071 DEBUG SQL:104 - 
    call next value for hibernate_sequence
14:10:25,072 DEBUG SQL:104 - 
    insert 
    into
        EntityEnum
        (explicitOverridingImplicit, firstLetter, lastNumber, ordinal, string, id) 
    values
        (?, ?, ?, ?, ?, ?)
14:10:25,099 DEBUG QueryTranslatorImpl:265 - parse() - HQL: from org.hibernate.test.annotations.enumerated.EntityEnum ee where ee.lastNumber='1'
14:10:25,100 DEBUG QueryTranslatorImpl:283 - --- HQL AST ---
 \-[QUERY] Node: 'query'
    +-[SELECT_FROM] Node: 'SELECT_FROM'
    |  \-[FROM] Node: 'from'
    |     \-[RANGE] Node: 'RANGE'
    |        +-[DOT] Node: '.'
    |        |  +-[DOT] Node: '.'
    |        |  |  +-[DOT] Node: '.'
    |        |  |  |  +-[DOT] Node: '.'
    |        |  |  |  |  +-[DOT] Node: '.'
    |        |  |  |  |  |  +-[IDENT] Node: 'org'
    |        |  |  |  |  |  \-[IDENT] Node: 'hibernate'
    |        |  |  |  |  \-[IDENT] Node: 'test'
    |        |  |  |  \-[IDENT] Node: 'annotations'
    |        |  |  \-[IDENT] Node: 'enumerated'
    |        |  \-[IDENT] Node: 'EntityEnum'
    |        \-[ALIAS] Node: 'ee'
    \-[WHERE] Node: 'where'
       \-[EQ] Node: '='
          +-[DOT] Node: '.'
          |  +-[IDENT] Node: 'ee'
          |  \-[IDENT] Node: 'lastNumber'
          \-[QUOTED_STRING] Node: ''1''

14:10:25,100 DEBUG ErrorCounter:82 - throwQueryException() : no errors
14:10:25,101 DEBUG FromElement:157 - FromClause{level=1} : org.hibernate.test.annotations.enumerated.EntityEnum (ee) -> entityenum0_
14:10:25,101 DEBUG FromReferenceNode:74 - Resolved : ee -> entityenum0_.id
14:10:25,101 DEBUG DotNode:599 - getDataType() : lastNumber -> org.hibernate.type.CustomType@4bb72f93
14:10:25,101 DEBUG FromReferenceNode:74 - Resolved : ee.lastNumber -> entityenum0_.lastNumber
14:10:25,101 DEBUG HqlSqlWalker:629 - processQuery() :  ( SELECT ( FromClause{level=1} EntityEnum entityenum0_ ) ( where ( = ( entityenum0_.lastNumber entityenum0_.id lastNumber ) '1' ) ) )
14:10:25,101 DEBUG HqlSqlWalker:869 - Derived SELECT clause created.
14:10:25,101 DEBUG JoinProcessor:175 - Using FROM fragment [EntityEnum entityenum0_]
14:10:25,102 DEBUG QueryTranslatorImpl:252 - --- SQL AST ---
 \-[SELECT] QueryNode: 'SELECT'  querySpaces (EntityEnum)
    +-[SELECT_CLAUSE] SelectClause: '{derived select clause}'
    |  +-[SELECT_EXPR] SelectExpressionImpl: 'entityenum0_.id as id0_' {FromElement{explicit,not a collection join,not a fetch join,fetch non-lazy properties,classAlias=ee,role=null,tableName=EntityEnum,tableAlias=entityenum0_,origin=null,columns={,className=org.hibernate.test.annotations.enumerated.EntityEnum}}}
    |  \-[SQL_TOKEN] SqlFragment: 'entityenum0_.explicitOverridingImplicit as explicit2_0_, entityenum0_.firstLetter as firstLet3_0_, entityenum0_.lastNumber as lastNumber0_, entityenum0_.ordinal as ordinal0_, entityenum0_.string as string0_'
    +-[FROM] FromClause: 'from' FromClause{level=1, fromElementCounter=1, fromElements=1, fromElementByClassAlias=[ee], fromElementByTableAlias=[entityenum0_], fromElementsByPath=[], collectionJoinFromElementsByPath=[], impliedElements=[]}
    |  \-[FROM_FRAGMENT] FromElement: 'EntityEnum entityenum0_' FromElement{explicit,not a collection join,not a fetch join,fetch non-lazy properties,classAlias=ee,role=null,tableName=EntityEnum,tableAlias=entityenum0_,origin=null,columns={,className=org.hibernate.test.annotations.enumerated.EntityEnum}}
    \-[WHERE] SqlNode: 'where'
       \-[EQ] BinaryLogicOperatorNode: '='
          +-[DOT] DotNode: 'entityenum0_.lastNumber' {propertyName=lastNumber,dereferenceType=ALL,propertyPath=lastNumber,path=ee.lastNumber,tableAlias=entityenum0_,className=org.hibernate.test.annotations.enumerated.EntityEnum,classAlias=ee}
          |  +-[ALIAS_REF] IdentNode: 'entityenum0_.id' {alias=ee, className=org.hibernate.test.annotations.enumerated.EntityEnum, tableAlias=entityenum0_}
          |  \-[IDENT] IdentNode: 'lastNumber' {originalText=lastNumber}
          \-[QUOTED_STRING] LiteralNode: ''1''

14:10:25,102 DEBUG ErrorCounter:82 - throwQueryException() : no errors
14:10:25,102 DEBUG QueryTranslatorImpl:235 - HQL: from org.hibernate.test.annotations.enumerated.EntityEnum ee where ee.lastNumber='1'
14:10:25,102 DEBUG QueryTranslatorImpl:236 - SQL: select entityenum0_.id as id0_, entityenum0_.explicitOverridingImplicit as explicit2_0_, entityenum0_.firstLetter as firstLet3_0_, entityenum0_.lastNumber as lastNumber0_, entityenum0_.ordinal as ordinal0_, entityenum0_.string as string0_ from EntityEnum entityenum0_ where entityenum0_.lastNumber='1'
14:10:25,102 DEBUG ErrorCounter:82 - throwQueryException() : no errors
14:10:25,102 DEBUG SQL:104 - 
    select
        entityenum0_.id as id0_,
        entityenum0_.explicitOverridingImplicit as explicit2_0_,
        entityenum0_.firstLetter as firstLet3_0_,
        entityenum0_.lastNumber as lastNumber0_,
        entityenum0_.ordinal as ordinal0_,
        entityenum0_.string as string0_ 
    from
        EntityEnum entityenum0_ 
    where
        entityenum0_.lastNumber='1'
14:10:25,120 DEBUG QueryTranslatorImpl:265 - parse() - HQL: from org.hibernate.test.annotations.enumerated.EntityEnum ee where ee.lastNumber=:lastNumber
14:10:25,121 DEBUG QueryTranslatorImpl:283 - --- HQL AST ---
 \-[QUERY] Node: 'query'
    +-[SELECT_FROM] Node: 'SELECT_FROM'
    |  \-[FROM] Node: 'from'
    |     \-[RANGE] Node: 'RANGE'
    |        +-[DOT] Node: '.'
    |        |  +-[DOT] Node: '.'
    |        |  |  +-[DOT] Node: '.'
    |        |  |  |  +-[DOT] Node: '.'
    |        |  |  |  |  +-[DOT] Node: '.'
    |        |  |  |  |  |  +-[IDENT] Node: 'org'
    |        |  |  |  |  |  \-[IDENT] Node: 'hibernate'
    |        |  |  |  |  \-[IDENT] Node: 'test'
    |        |  |  |  \-[IDENT] Node: 'annotations'
    |        |  |  \-[IDENT] Node: 'enumerated'
    |        |  \-[IDENT] Node: 'EntityEnum'
    |        \-[ALIAS] Node: 'ee'
    \-[WHERE] Node: 'where'
       \-[EQ] Node: '='
          +-[DOT] Node: '.'
          |  +-[IDENT] Node: 'ee'
          |  \-[IDENT] Node: 'lastNumber'
          \-[COLON] Node: ':'
             \-[IDENT] Node: 'lastNumber'

14:10:25,134 DEBUG ErrorCounter:82 - throwQueryException() : no errors
14:10:25,134 DEBUG FromElement:157 - FromClause{level=1} : org.hibernate.test.annotations.enumerated.EntityEnum (ee) -> entityenum0_
14:10:25,184 DEBUG FromReferenceNode:74 - Resolved : ee -> entityenum0_.id
14:10:25,185 DEBUG DotNode:599 - getDataType() : lastNumber -> org.hibernate.type.CustomType@4bb72f93
14:10:25,185 DEBUG FromReferenceNode:74 - Resolved : ee.lastNumber -> entityenum0_.lastNumber
14:10:25,185 DEBUG HqlSqlWalker:629 - processQuery() :  ( SELECT ( FromClause{level=1} EntityEnum entityenum0_ ) ( where ( = ( entityenum0_.lastNumber entityenum0_.id lastNumber ) ? ) ) )
14:10:25,185 DEBUG HqlSqlWalker:869 - Derived SELECT clause created.
14:10:25,186 DEBUG JoinProcessor:175 - Using FROM fragment [EntityEnum entityenum0_]
14:10:25,198 DEBUG QueryTranslatorImpl:252 - --- SQL AST ---
 \-[SELECT] QueryNode: 'SELECT'  querySpaces (EntityEnum)
    +-[SELECT_CLAUSE] SelectClause: '{derived select clause}'
    |  +-[SELECT_EXPR] SelectExpressionImpl: 'entityenum0_.id as id0_' {FromElement{explicit,not a collection join,not a fetch join,fetch non-lazy properties,classAlias=ee,role=null,tableName=EntityEnum,tableAlias=entityenum0_,origin=null,columns={,className=org.hibernate.test.annotations.enumerated.EntityEnum}}}
    |  \-[SQL_TOKEN] SqlFragment: 'entityenum0_.explicitOverridingImplicit as explicit2_0_, entityenum0_.firstLetter as firstLet3_0_, entityenum0_.lastNumber as lastNumber0_, entityenum0_.ordinal as ordinal0_, entityenum0_.string as string0_'
    +-[FROM] FromClause: 'from' FromClause{level=1, fromElementCounter=1, fromElements=1, fromElementByClassAlias=[ee], fromElementByTableAlias=[entityenum0_], fromElementsByPath=[], collectionJoinFromElementsByPath=[], impliedElements=[]}
    |  \-[FROM_FRAGMENT] FromElement: 'EntityEnum entityenum0_' FromElement{explicit,not a collection join,not a fetch join,fetch non-lazy properties,classAlias=ee,role=null,tableName=EntityEnum,tableAlias=entityenum0_,origin=null,columns={,className=org.hibernate.test.annotations.enumerated.EntityEnum}}
    \-[WHERE] SqlNode: 'where'
       \-[EQ] BinaryLogicOperatorNode: '='
          +-[DOT] DotNode: 'entityenum0_.lastNumber' {propertyName=lastNumber,dereferenceType=ALL,propertyPath=lastNumber,path=ee.lastNumber,tableAlias=entityenum0_,className=org.hibernate.test.annotations.enumerated.EntityEnum,classAlias=ee}
          |  +-[ALIAS_REF] IdentNode: 'entityenum0_.id' {alias=ee, className=org.hibernate.test.annotations.enumerated.EntityEnum, tableAlias=entityenum0_}
          |  \-[IDENT] IdentNode: 'lastNumber' {originalText=lastNumber}
          \-[NAMED_PARAM] ParameterNode: '?' {name=lastNumber, expectedType=org.hibernate.type.CustomType@4bb72f93}

14:10:25,199 DEBUG ErrorCounter:82 - throwQueryException() : no errors
14:10:25,199 DEBUG QueryTranslatorImpl:235 - HQL: from org.hibernate.test.annotations.enumerated.EntityEnum ee where ee.lastNumber=:lastNumber
14:10:25,200 DEBUG QueryTranslatorImpl:236 - SQL: select entityenum0_.id as id0_, entityenum0_.explicitOverridingImplicit as explicit2_0_, entityenum0_.firstLetter as firstLet3_0_, entityenum0_.lastNumber as lastNumber0_, entityenum0_.ordinal as ordinal0_, entityenum0_.string as string0_ from EntityEnum entityenum0_ where entityenum0_.lastNumber=?
14:10:25,200 DEBUG ErrorCounter:82 - throwQueryException() : no errors
14:10:25,200 DEBUG SQL:104 - 
    select
        entityenum0_.id as id0_,
        entityenum0_.explicitOverridingImplicit as explicit2_0_,
        entityenum0_.firstLetter as firstLet3_0_,
        entityenum0_.lastNumber as lastNumber0_,
        entityenum0_.ordinal as ordinal0_,
        entityenum0_.string as string0_ 
    from
        EntityEnum entityenum0_ 
    where
        entityenum0_.lastNumber=?
14:10:25,201 DEBUG SQL:104 - 
    DELETE 
    FROM
        EntityEnum 
    where
        lastNumber='1'
14:10:25,285 DEBUG SQL:104 - 
    call next value for hibernate_sequence
14:10:25,286 DEBUG SQL:104 - 
    insert 
    into
        EntityEnum
        (explicitOverridingImplicit, firstLetter, lastNumber, ordinal, string, id) 
    values
        (?, ?, ?, ?, ?, ?)
14:10:25,287 DEBUG QueryTranslatorImpl:265 - parse() - HQL: from org.hibernate.test.annotations.enumerated.EntityEnum ee where ee.explicitOverridingImplicit='NUMBER_2'
14:10:25,288 DEBUG QueryTranslatorImpl:283 - --- HQL AST ---
 \-[QUERY] Node: 'query'
    +-[SELECT_FROM] Node: 'SELECT_FROM'
    |  \-[FROM] Node: 'from'
    |     \-[RANGE] Node: 'RANGE'
    |        +-[DOT] Node: '.'
    |        |  +-[DOT] Node: '.'
    |        |  |  +-[DOT] Node: '.'
    |        |  |  |  +-[DOT] Node: '.'
    |        |  |  |  |  +-[DOT] Node: '.'
    |        |  |  |  |  |  +-[IDENT] Node: 'org'
    |        |  |  |  |  |  \-[IDENT] Node: 'hibernate'
    |        |  |  |  |  \-[IDENT] Node: 'test'
    |        |  |  |  \-[IDENT] Node: 'annotations'
    |        |  |  \-[IDENT] Node: 'enumerated'
    |        |  \-[IDENT] Node: 'EntityEnum'
    |        \-[ALIAS] Node: 'ee'
    \-[WHERE] Node: 'where'
       \-[EQ] Node: '='
          +-[DOT] Node: '.'
          |  +-[IDENT] Node: 'ee'
          |  \-[IDENT] Node: 'explicitOverridingImplicit'
          \-[QUOTED_STRING] Node: ''NUMBER_2''

14:10:25,316 DEBUG ErrorCounter:82 - throwQueryException() : no errors
14:10:25,317 DEBUG FromElement:157 - FromClause{level=1} : org.hibernate.test.annotations.enumerated.EntityEnum (ee) -> entityenum0_
14:10:25,317 DEBUG FromReferenceNode:74 - Resolved : ee -> entityenum0_.id
14:10:25,317 DEBUG DotNode:599 - getDataType() : explicitOverridingImplicit -> org.hibernate.type.CustomType@21c32450
14:10:25,317 DEBUG FromReferenceNode:74 - Resolved : ee.explicitOverridingImplicit -> entityenum0_.explicitOverridingImplicit
14:10:25,317 DEBUG HqlSqlWalker:629 - processQuery() :  ( SELECT ( FromClause{level=1} EntityEnum entityenum0_ ) ( where ( = ( entityenum0_.explicitOverridingImplicit entityenum0_.id explicitOverridingImplicit ) 'NUMBER_2' ) ) )
14:10:25,317 DEBUG HqlSqlWalker:869 - Derived SELECT clause created.
14:10:25,318 DEBUG JoinProcessor:175 - Using FROM fragment [EntityEnum entityenum0_]
14:10:25,318 DEBUG QueryTranslatorImpl:252 - --- SQL AST ---
 \-[SELECT] QueryNode: 'SELECT'  querySpaces (EntityEnum)
    +-[SELECT_CLAUSE] SelectClause: '{derived select clause}'
    |  +-[SELECT_EXPR] SelectExpressionImpl: 'entityenum0_.id as id0_' {FromElement{explicit,not a collection join,not a fetch join,fetch non-lazy properties,classAlias=ee,role=null,tableName=EntityEnum,tableAlias=entityenum0_,origin=null,columns={,className=org.hibernate.test.annotations.enumerated.EntityEnum}}}
    |  \-[SQL_TOKEN] SqlFragment: 'entityenum0_.explicitOverridingImplicit as explicit2_0_, entityenum0_.firstLetter as firstLet3_0_, entityenum0_.lastNumber as lastNumber0_, entityenum0_.ordinal as ordinal0_, entityenum0_.string as string0_'
    +-[FROM] FromClause: 'from' FromClause{level=1, fromElementCounter=1, fromElements=1, fromElementByClassAlias=[ee], fromElementByTableAlias=[entityenum0_], fromElementsByPath=[], collectionJoinFromElementsByPath=[], impliedElements=[]}
    |  \-[FROM_FRAGMENT] FromElement: 'EntityEnum entityenum0_' FromElement{explicit,not a collection join,not a fetch join,fetch non-lazy properties,classAlias=ee,role=null,tableName=EntityEnum,tableAlias=entityenum0_,origin=null,columns={,className=org.hibernate.test.annotations.enumerated.EntityEnum}}
    \-[WHERE] SqlNode: 'where'
       \-[EQ] BinaryLogicOperatorNode: '='
          +-[DOT] DotNode: 'entityenum0_.explicitOverridingImplicit' {propertyName=explicitOverridingImplicit,dereferenceType=ALL,propertyPath=explicitOverridingImplicit,path=ee.explicitOverridingImplicit,tableAlias=entityenum0_,className=org.hibernate.test.annotations.enumerated.EntityEnum,classAlias=ee}
          |  +-[ALIAS_REF] IdentNode: 'entityenum0_.id' {alias=ee, className=org.hibernate.test.annotations.enumerated.EntityEnum, tableAlias=entityenum0_}
          |  \-[IDENT] IdentNode: 'explicitOverridingImplicit' {originalText=explicitOverridingImplicit}
          \-[QUOTED_STRING] LiteralNode: ''NUMBER_2''

14:10:25,318 DEBUG ErrorCounter:82 - throwQueryException() : no errors
14:10:25,318 DEBUG QueryTranslatorImpl:235 - HQL: from org.hibernate.test.annotations.enumerated.EntityEnum ee where ee.explicitOverridingImplicit='NUMBER_2'
14:10:25,334 DEBUG QueryTranslatorImpl:236 - SQL: select entityenum0_.id as id0_, entityenum0_.explicitOverridingImplicit as explicit2_0_, entityenum0_.firstLetter as firstLet3_0_, entityenum0_.lastNumber as lastNumber0_, entityenum0_.ordinal as ordinal0_, entityenum0_.string as string0_ from EntityEnum entityenum0_ where entityenum0_.explicitOverridingImplicit='NUMBER_2'
14:10:25,334 DEBUG ErrorCounter:82 - throwQueryException() : no errors
14:10:25,335 DEBUG SQL:104 - 
    select
        entityenum0_.id as id0_,
        entityenum0_.explicitOverridingImplicit as explicit2_0_,
        entityenum0_.firstLetter as firstLet3_0_,
        entityenum0_.lastNumber as lastNumber0_,
        entityenum0_.ordinal as ordinal0_,
        entityenum0_.string as string0_ 
    from
        EntityEnum entityenum0_ 
    where
        entityenum0_.explicitOverridingImplicit='NUMBER_2'
14:10:25,336 DEBUG QueryTranslatorImpl:265 - parse() - HQL: from org.hibernate.test.annotations.enumerated.EntityEnum ee where ee.explicitOverridingImplicit=:override
14:10:25,337 DEBUG QueryTranslatorImpl:283 - --- HQL AST ---
 \-[QUERY] Node: 'query'
    +-[SELECT_FROM] Node: 'SELECT_FROM'
    |  \-[FROM] Node: 'from'
    |     \-[RANGE] Node: 'RANGE'
    |        +-[DOT] Node: '.'
    |        |  +-[DOT] Node: '.'
    |        |  |  +-[DOT] Node: '.'
    |        |  |  |  +-[DOT] Node: '.'
    |        |  |  |  |  +-[DOT] Node: '.'
    |        |  |  |  |  |  +-[IDENT] Node: 'org'
    |        |  |  |  |  |  \-[IDENT] Node: 'hibernate'
    |        |  |  |  |  \-[IDENT] Node: 'test'
    |        |  |  |  \-[IDENT] Node: 'annotations'
    |        |  |  \-[IDENT] Node: 'enumerated'
    |        |  \-[IDENT] Node: 'EntityEnum'
    |        \-[ALIAS] Node: 'ee'
    \-[WHERE] Node: 'where'
       \-[EQ] Node: '='
          +-[DOT] Node: '.'
          |  +-[IDENT] Node: 'ee'
          |  \-[IDENT] Node: 'explicitOverridingImplicit'
          \-[COLON] Node: ':'
             \-[IDENT] Node: 'override'

14:10:25,337 DEBUG ErrorCounter:82 - throwQueryException() : no errors
14:10:25,337 DEBUG FromElement:157 - FromClause{level=1} : org.hibernate.test.annotations.enumerated.EntityEnum (ee) -> entityenum0_
14:10:25,338 DEBUG FromReferenceNode:74 - Resolved : ee -> entityenum0_.id
14:10:25,338 DEBUG DotNode:599 - getDataType() : explicitOverridingImplicit -> org.hibernate.type.CustomType@21c32450
14:10:25,374 DEBUG FromReferenceNode:74 - Resolved : ee.explicitOverridingImplicit -> entityenum0_.explicitOverridingImplicit
14:10:25,374 DEBUG HqlSqlWalker:629 - processQuery() :  ( SELECT ( FromClause{level=1} EntityEnum entityenum0_ ) ( where ( = ( entityenum0_.explicitOverridingImplicit entityenum0_.id explicitOverridingImplicit ) ? ) ) )
14:10:25,374 DEBUG HqlSqlWalker:869 - Derived SELECT clause created.
14:10:25,375 DEBUG JoinProcessor:175 - Using FROM fragment [EntityEnum entityenum0_]
14:10:25,375 DEBUG QueryTranslatorImpl:252 - --- SQL AST ---
 \-[SELECT] QueryNode: 'SELECT'  querySpaces (EntityEnum)
    +-[SELECT_CLAUSE] SelectClause: '{derived select clause}'
    |  +-[SELECT_EXPR] SelectExpressionImpl: 'entityenum0_.id as id0_' {FromElement{explicit,not a collection join,not a fetch join,fetch non-lazy properties,classAlias=ee,role=null,tableName=EntityEnum,tableAlias=entityenum0_,origin=null,columns={,className=org.hibernate.test.annotations.enumerated.EntityEnum}}}
    |  \-[SQL_TOKEN] SqlFragment: 'entityenum0_.explicitOverridingImplicit as explicit2_0_, entityenum0_.firstLetter as firstLet3_0_, entityenum0_.lastNumber as lastNumber0_, entityenum0_.ordinal as ordinal0_, entityenum0_.string as string0_'
    +-[FROM] FromClause: 'from' FromClause{level=1, fromElementCounter=1, fromElements=1, fromElementByClassAlias=[ee], fromElementByTableAlias=[entityenum0_], fromElementsByPath=[], collectionJoinFromElementsByPath=[], impliedElements=[]}
    |  \-[FROM_FRAGMENT] FromElement: 'EntityEnum entityenum0_' FromElement{explicit,not a collection join,not a fetch join,fetch non-lazy properties,classAlias=ee,role=null,tableName=EntityEnum,tableAlias=entityenum0_,origin=null,columns={,className=org.hibernate.test.annotations.enumerated.EntityEnum}}
    \-[WHERE] SqlNode: 'where'
       \-[EQ] BinaryLogicOperatorNode: '='
          +-[DOT] DotNode: 'entityenum0_.explicitOverridingImplicit' {propertyName=explicitOverridingImplicit,dereferenceType=ALL,propertyPath=explicitOverridingImplicit,path=ee.explicitOverridingImplicit,tableAlias=entityenum0_,className=org.hibernate.test.annotations.enumerated.EntityEnum,classAlias=ee}
          |  +-[ALIAS_REF] IdentNode: 'entityenum0_.id' {alias=ee, className=org.hibernate.test.annotations.enumerated.EntityEnum, tableAlias=entityenum0_}
          |  \-[IDENT] IdentNode: 'explicitOverridingImplicit' {originalText=explicitOverridingImplicit}
          \-[NAMED_PARAM] ParameterNode: '?' {name=override, expectedType=org.hibernate.type.CustomType@21c32450}

14:10:25,375 DEBUG ErrorCounter:82 - throwQueryException() : no errors
14:10:25,375 DEBUG QueryTranslatorImpl:235 - HQL: from org.hibernate.test.annotations.enumerated.EntityEnum ee where ee.explicitOverridingImplicit=:override
14:10:25,375 DEBUG QueryTranslatorImpl:236 - SQL: select entityenum0_.id as id0_, entityenum0_.explicitOverridingImplicit as explicit2_0_, entityenum0_.firstLetter as firstLet3_0_, entityenum0_.lastNumber as lastNumber0_, entityenum0_.ordinal as ordinal0_, entityenum0_.string as string0_ from EntityEnum entityenum0_ where entityenum0_.explicitOverridingImplicit=?
14:10:25,375 DEBUG ErrorCounter:82 - throwQueryException() : no errors
14:10:25,376 DEBUG SQL:104 - 
    select
        entityenum0_.id as id0_,
        entityenum0_.explicitOverridingImplicit as explicit2_0_,
        entityenum0_.firstLetter as firstLet3_0_,
        entityenum0_.lastNumber as lastNumber0_,
        entityenum0_.ordinal as ordinal0_,
        entityenum0_.string as string0_ 
    from
        EntityEnum entityenum0_ 
    where
        entityenum0_.explicitOverridingImplicit=?
14:10:25,387 DEBUG SQL:104 - 
    DELETE 
    FROM
        EntityEnum 
    where
        explicitOverridingImplicit='NUMBER_2'
14:10:25,388  INFO SchemaExport:343 - HHH000227: Running hbm2ddl schema export
14:10:25,388 DEBUG SchemaExport:353 - Import file not found: /import.sql
14:10:25,388 DEBUG SQL:104 - 
    drop table EntityEnum if exists
14:10:25,389 DEBUG SQL:104 - 
    drop sequence hibernate_sequence
14:10:25,389  INFO SchemaExport:405 - HHH000230: Schema export complete
14:10:25,389  INFO DriverManagerConnectionProviderImpl:162 - HHH000030: Cleaning up connection pool [jdbc:h2:mem:db1;DB_CLOSE_DELAY=-1;MVCC=TRUE]
]]></system-out>
  <system-err><![CDATA[]]></system-err>
</testsuite>
