<?xml version="1.0" encoding="UTF-8"?>
<testsuite errors="0" failures="0" hostname="dhcp-10.15.208.168.stl.redhat.com" name="org.hibernate.test.annotations.idclass.xml.IdClassXmlTest" tests="1" time="0.073" timestamp="2013-02-28T20:10:29">
  <properties />
  <testcase classname="org.hibernate.test.annotations.idclass.xml.IdClassXmlTest" name="testEntityMappingPropertiesAreNotIgnored" time="0.035" />
  <system-out><![CDATA[14:10:29,850  INFO CustomRunner:132 - BeforeClass: org.hibernate.test.annotations.idclass.xml.IdClassXmlTest
14:10:29,874  INFO DriverManagerConnectionProviderImpl:99 - HHH000402: Using Hibernate built-in connection pool (not for production use!)
14:10:29,874  INFO DriverManagerConnectionProviderImpl:135 - HHH000115: Hibernate connection pool size: 5
14:10:29,874  INFO DriverManagerConnectionProviderImpl:138 - HHH000006: Autocommit mode: false
14:10:29,874  INFO DriverManagerConnectionProviderImpl:153 - HHH000401: using driver [org.h2.Driver] at URL [jdbc:h2:mem:db1;DB_CLOSE_DELAY=-1;MVCC=TRUE]
14:10:29,874  INFO DriverManagerConnectionProviderImpl:158 - HHH000046: Connection properties: {user=sa}
14:10:29,876  INFO Dialect:103 - HHH000400: Using dialect: org.hibernate.dialect.H2Dialect
14:10:29,877  INFO LobCreatorBuilder:94 - HHH000423: Disabling contextual LOB creation as JDBC driver reported JDBC version [3] less than 4
14:10:29,877  INFO TransactionFactoryInitiator:66 - HHH000399: Using default transaction strategy (direct JDBC transactions)
14:10:29,878  INFO ASTQueryTranslatorFactory:48 - HHH000397: Using ASTQueryTranslatorFactory
14:10:29,878  WARN CachingRegionFactory:58 - CachingRegionFactory should be only used for testing.
14:10:29,884  INFO SchemaExport:343 - HHH000227: Running hbm2ddl schema export
14:10:29,885 DEBUG SchemaExport:353 - Import file not found: /import.sql
14:10:29,885 DEBUG SQL:104 - 
    drop table HABITAT_SPECIES_LINK if exists
14:10:29,885 DEBUG SQL:104 - 
    create table HABITAT_SPECIES_LINK (
        HABITAT_LINK bigint not null,
        SPECIES_LINK bigint not null,
        primary key (HABITAT_LINK, SPECIES_LINK)
    )
14:10:29,885  INFO SchemaExport:405 - HHH000230: Schema export complete
14:10:29,886  WARN SessionFactoryImpl:1554 - HHH000008: JTASessionContext being used with JDBCTransactionFactory; auto-flush will not operate correctly with getCurrentSession()
14:10:29,886  INFO CustomRunner:139 - Test: testEntityMappingPropertiesAreNotIgnored
14:10:29,887  INFO FailureExpectedHandler:73 - Ignoring expected failure [{}] : {}
14:10:29,909  INFO DriverManagerConnectionProviderImpl:99 - HHH000402: Using Hibernate built-in connection pool (not for production use!)
14:10:29,909  INFO DriverManagerConnectionProviderImpl:135 - HHH000115: Hibernate connection pool size: 5
14:10:29,909  INFO DriverManagerConnectionProviderImpl:138 - HHH000006: Autocommit mode: false
14:10:29,910  INFO DriverManagerConnectionProviderImpl:153 - HHH000401: using driver [org.h2.Driver] at URL [jdbc:h2:mem:db1;DB_CLOSE_DELAY=-1;MVCC=TRUE]
14:10:29,910  INFO DriverManagerConnectionProviderImpl:158 - HHH000046: Connection properties: {user=sa}
14:10:29,911  INFO Dialect:103 - HHH000400: Using dialect: org.hibernate.dialect.H2Dialect
14:10:29,911  INFO LobCreatorBuilder:94 - HHH000423: Disabling contextual LOB creation as JDBC driver reported JDBC version [3] less than 4
14:10:29,912  INFO TransactionFactoryInitiator:66 - HHH000399: Using default transaction strategy (direct JDBC transactions)
14:10:29,912  INFO ASTQueryTranslatorFactory:48 - HHH000397: Using ASTQueryTranslatorFactory
14:10:29,912  WARN CachingRegionFactory:58 - CachingRegionFactory should be only used for testing.
14:10:29,918  INFO SchemaExport:343 - HHH000227: Running hbm2ddl schema export
14:10:29,919 DEBUG SchemaExport:353 - Import file not found: /import.sql
14:10:29,919 DEBUG SQL:104 - 
    drop table HABITAT_SPECIES_LINK if exists
14:10:29,920 DEBUG SQL:104 - 
    create table HABITAT_SPECIES_LINK (
        HABITAT_LINK bigint not null,
        SPECIES_LINK bigint not null,
        primary key (HABITAT_LINK, SPECIES_LINK)
    )
14:10:29,920  INFO SchemaExport:405 - HHH000230: Schema export complete
14:10:29,920  WARN SessionFactoryImpl:1554 - HHH000008: JTASessionContext being used with JDBCTransactionFactory; auto-flush will not operate correctly with getCurrentSession()
14:10:29,921  INFO SchemaExport:343 - HHH000227: Running hbm2ddl schema export
14:10:29,921 DEBUG SchemaExport:353 - Import file not found: /import.sql
14:10:29,922 DEBUG SQL:104 - 
    drop table HABITAT_SPECIES_LINK if exists
14:10:29,922  INFO SchemaExport:405 - HHH000230: Schema export complete
14:10:29,922  INFO DriverManagerConnectionProviderImpl:162 - HHH000030: Cleaning up connection pool [jdbc:h2:mem:db1;DB_CLOSE_DELAY=-1;MVCC=TRUE]
]]></system-out>
  <system-err><![CDATA[]]></system-err>
</testsuite>
