<?xml version="1.0" encoding="UTF-8"?>
<testsuite errors="0" failures="0" hostname="dhcp-10.15.208.168.stl.redhat.com" name="org.hibernate.test.annotations.cascade.NonNullableCircularDependencyCascadeTest" tests="1" time="0.075" timestamp="2013-02-28T20:10:10">
  <properties />
  <testcase classname="org.hibernate.test.annotations.cascade.NonNullableCircularDependencyCascadeTest" name="testIdClassInSuperclass" time="0.009" />
  <system-out><![CDATA[14:10:10,983  INFO CustomRunner:132 - BeforeClass: org.hibernate.test.annotations.cascade.NonNullableCircularDependencyCascadeTest
14:10:10,990  INFO DriverManagerConnectionProviderImpl:99 - HHH000402: Using Hibernate built-in connection pool (not for production use!)
14:10:10,990  INFO DriverManagerConnectionProviderImpl:135 - HHH000115: Hibernate connection pool size: 5
14:10:10,990  INFO DriverManagerConnectionProviderImpl:138 - HHH000006: Autocommit mode: false
14:10:10,990  INFO DriverManagerConnectionProviderImpl:153 - HHH000401: using driver [org.h2.Driver] at URL [jdbc:h2:mem:db1;DB_CLOSE_DELAY=-1;MVCC=TRUE]
14:10:10,991  INFO DriverManagerConnectionProviderImpl:158 - HHH000046: Connection properties: {user=sa}
14:10:10,992  INFO Dialect:103 - HHH000400: Using dialect: org.hibernate.dialect.H2Dialect
14:10:11,012  INFO LobCreatorBuilder:94 - HHH000423: Disabling contextual LOB creation as JDBC driver reported JDBC version [3] less than 4
14:10:11,012  INFO TransactionFactoryInitiator:66 - HHH000399: Using default transaction strategy (direct JDBC transactions)
14:10:11,013  INFO ASTQueryTranslatorFactory:48 - HHH000397: Using ASTQueryTranslatorFactory
14:10:11,013  WARN CachingRegionFactory:58 - CachingRegionFactory should be only used for testing.
14:10:11,032  INFO SchemaExport:343 - HHH000227: Running hbm2ddl schema export
14:10:11,032 DEBUG SchemaExport:353 - Import file not found: /import.sql
14:10:11,033 DEBUG SQL:104 - 
    alter table Child 
        drop constraint FK3E104FCBE8F7F49
14:10:11,033 ERROR SchemaExport:425 - HHH000389: Unsuccessful: alter table Child drop constraint FK3E104FCBE8F7F49
14:10:11,033 ERROR SchemaExport:426 - Table "CHILD" not found; SQL statement:

    alter table Child 
        drop constraint FK3E104FCBE8F7F49 [42102-145]
14:10:11,033 DEBUG SQL:104 - 
    alter table Parent 
        drop constraint FK8E0FF4CAD88B3858
14:10:11,034 ERROR SchemaExport:425 - HHH000389: Unsuccessful: alter table Parent drop constraint FK8E0FF4CAD88B3858
14:10:11,034 ERROR SchemaExport:426 - Table "PARENT" not found; SQL statement:

    alter table Parent 
        drop constraint FK8E0FF4CAD88B3858 [42102-145]
14:10:11,034 DEBUG SQL:104 - 
    drop table Child if exists
14:10:11,034 DEBUG SQL:104 - 
    drop table Parent if exists
14:10:11,034 DEBUG SQL:104 - 
    drop sequence hibernate_sequence
14:10:11,034 ERROR SchemaExport:425 - HHH000389: Unsuccessful: drop sequence hibernate_sequence
14:10:11,035 ERROR SchemaExport:426 - Sequence "HIBERNATE_SEQUENCE" not found; SQL statement:

    drop sequence hibernate_sequence [90036-145]
14:10:11,035 DEBUG SQL:104 - 
    create table Child (
        id bigint not null,
        parentId bigint not null,
        primary key (id)
    )
14:10:11,035 DEBUG SQL:104 - 
    create table Parent (
        id bigint not null,
        defaultChildId bigint not null,
        primary key (id)
    )
14:10:11,036 DEBUG SQL:104 - 
    alter table Child 
        add constraint FK3E104FCBE8F7F49 
        foreign key (parentId) 
        references Parent
14:10:11,038 DEBUG SQL:104 - 
    alter table Parent 
        add constraint FK8E0FF4CAD88B3858 
        foreign key (defaultChildId) 
        references Child
14:10:11,039 DEBUG SQL:104 - 
    create sequence hibernate_sequence start with 1 increment by 1
14:10:11,039  INFO SchemaExport:405 - HHH000230: Schema export complete
14:10:11,040  WARN SessionFactoryImpl:1554 - HHH000008: JTASessionContext being used with JDBCTransactionFactory; auto-flush will not operate correctly with getCurrentSession()
14:10:11,040  INFO CustomRunner:139 - Test: testIdClassInSuperclass
14:10:11,046 DEBUG SQL:104 - 
    call next value for hibernate_sequence
14:10:11,047 DEBUG SQL:104 - 
    call next value for hibernate_sequence
14:10:11,048  WARN UnresolvedEntityInsertActions:163 - HHH000437: Attempting to save one or more entities that have a non-nullable association with an unsaved transient entity. The unsaved transient entity must be saved in an operation prior to saving these dependent entities.
	Unsaved transient entity: ([org.hibernate.test.annotations.cascade.Child#2])
	Dependent entities: ([[org.hibernate.test.annotations.cascade.Parent#1]])
	Non-nullable association(s): ([org.hibernate.test.annotations.cascade.Parent.defaultChild])
14:10:11,049  WARN UnresolvedEntityInsertActions:163 - HHH000437: Attempting to save one or more entities that have a non-nullable association with an unsaved transient entity. The unsaved transient entity must be saved in an operation prior to saving these dependent entities.
	Unsaved transient entity: ([org.hibernate.test.annotations.cascade.Parent#1])
	Dependent entities: ([[org.hibernate.test.annotations.cascade.Child#2]])
	Non-nullable association(s): ([org.hibernate.test.annotations.cascade.Child.parent])
14:10:11,049  INFO SchemaExport:343 - HHH000227: Running hbm2ddl schema export
14:10:11,050 DEBUG SchemaExport:353 - Import file not found: /import.sql
14:10:11,050 DEBUG SQL:104 - 
    alter table Child 
        drop constraint FK3E104FCBE8F7F49
14:10:11,051 DEBUG SQL:104 - 
    alter table Parent 
        drop constraint FK8E0FF4CAD88B3858
14:10:11,051 DEBUG SQL:104 - 
    drop table Child if exists
14:10:11,051 DEBUG SQL:104 - 
    drop table Parent if exists
14:10:11,052 DEBUG SQL:104 - 
    drop sequence hibernate_sequence
14:10:11,052  INFO SchemaExport:405 - HHH000230: Schema export complete
14:10:11,053  INFO DriverManagerConnectionProviderImpl:162 - HHH000030: Cleaning up connection pool [jdbc:h2:mem:db1;DB_CLOSE_DELAY=-1;MVCC=TRUE]
]]></system-out>
  <system-err><![CDATA[]]></system-err>
</testsuite>
